TRXV5
3
4
4
9
string Extension=J
integer IsArchMeasurement=1
integer IsSpherical=1
string Generator=SPM
string GeneratorVersion=1.3.1 Dev
double ArchRadius=0.449999988079071
integer FrequencyAxisIndex=0
integer AzimuthAxisIndex=1
integer ElevationAxisIndex=2
Frequency
5 201 800000000 900000000 LIN
Azimuth
7 8 0 2.74889357189107 LIN
Elevation
7 15 -2.74889357189107 2.74889357189107 LIN
Polar H Real Part
13
Polar H Imaginary Part
14
Polar V Real Part
13
Polar V Imaginary Part
14
Polar H Magnitude (dB)
12 0xC0000002 0 1
Polar H Phase
7 0xC0000003 0 1
Polar V Magnitude (dB)
12 0xC0000002 2 3
Polar V Phase
7 0xC0000003 2 3
0.00169103708668654 -0.00626735309338203 -0.137775345090891 0.160966297237211
0.0107770275654698 -0.0046509204222837 -0.052456419907464 -0.145126958186341
0.0183459904061288 0.0154483867832989 0.288458466148238 -0.251937372914456
-0.0204745382767163 0.00289231969906158 0.480009257754174 0.202395617599282
-0.0419829056380034 -0.0431353613265166 0.0218723881713812 0.789550254506312
0.0151351513430339 -0.109530921115227 -0.796236798295082 0.533280275415785
0.0663110347598775 -0.039137055733775 -0.700764040746039 -0.201703543485338
0.0642340632374815 0.000212516381868706 -0.111315733694792 0.0244754057462372
0.0123326335998763 0.00163311083776993 0.6542436480754 0.196262882290572
0.0301196178570512 -0.00489214655126166 0.716144439193626 -0.563125086601834
0.0231774213385748 -0.0112029246533989 -0.138598246994471 -0.858147349805303
0.0161017086020761 -0.0209127623531407 -0.59959648097591 -0.180217574852241
0.0062654837539613 -0.0361217132005722 -0.292077010455086 0.263003175127847
0.00810234003276027 -0.00968186276999059 0.0781462704544668 0.144996593561781
0.0126947597313136 0.0144361468013565 0.160156256590829 -0.158549858493419
-0.00113687730874054 -0.000581625605653016 -0.134707424086263 0.157805584140483
0.00563502287020311 0.00562081413929426 -0.0383553632234034 -0.146749284506799
0.00823507696719597 0.0259695573512974 0.30774958495824 -0.235324455991536
-0.0276459344095282 0.0041015875254638 0.473279048234326 0.233492998601342
-0.0378880239930008 -0.0498521928756088 -0.0415682538485499 0.804222125342457
0.0302992610838288 -0.110095040886795 -0.841121348261661 0.476355384745738
0.0688555609988786 -0.0329600163017851 -0.675659195833666 -0.23193717437652
0.0602863116312793 0.00138693607227133 -0.0792607074741619 0.0436378370817519
0.0149320246106777 0.00277053801469976 0.679405343279061 0.16176941728744
0.0367544780066171 -0.00662845916418402 0.673831964671105 -0.615631270768447
0.0251754497132606 -0.0149400959038749 -0.193216137214911 -0.842528160186194
0.0115465416471779 -0.0180830874797969 -0.597807150197349 -0.141825397770095
-0.00016091228770827 -0.0249194396607743 -0.266515245058951 0.274461201981905
0.00478640482088722 0.000537885215389079 0.0926657554849791 0.140919232331248
0.0109863652361875 0.0210923927106492 0.15959470158797 -0.161608115681777
-0.00735539006644865 0.0038510711857171 -0.135935191441668 0.153268515402356
-0.000101678054380753 0.0146917403533914 -0.026253348948644 -0.151282016677274
-0.00135221519423733 0.0352955641479858 0.328304815131579 -0.223271974877372
-0.03266128843193 0.00877497257852626 0.474007735777397 0.262297241630122
-0.0336575151841689 -0.0478318017065289 -0.0816421340176809 0.804796871312414
0.035345564216964 -0.102333566573514 -0.862469731768261 0.427981792825206
0.0581342627121432 -0.0313869949992677 -0.649905793408865 -0.249832241908307
0.0459991978736542 -0.00237083940806945 -0.0512201791702506 0.0614550806424185
0.00600861022923595 0.00559483231391318 0.701036473792346 0.136892676945588
0.0384182359805193 -0.00178584774862947 0.645078997040315 -0.651373663097049
0.0287329153185873 -0.0105027202369915 -0.228614843408617 -0.826839653906893
0.00883317693078437 -0.010712542963156 -0.589388993751955 -0.11139575742016
-0.00479821799674256 -0.0154967231624288 -0.243110484977234 0.283602231864208
0.000339337020850686 0.00929438478504279 0.10515222156991 0.135195788130287
0.00566030666294994 0.0251910535795813 0.157824514234495 -0.165750834793556
-0.0161306523432898 0.00513202813341425 -0.139923980272705 0.148200262374981
-0.00755660847957843 0.0211202415632223 -0.0195873015169647 -0.154750266939086
-0.00818352932879192 0.0425787432692544 0.343524851988664 -0.215482160506881
-0.035097769692763 0.0168753680731917 0.477648895896959 0.278365821384252
-0.0319740591873541 -0.0370558731648029 -0.096531280491369 0.806298642338966
0.0283346068693035 -0.0905377385198174 -0.86873005216898 0.404046662765818
0.038172936832321 -0.0349827532926022 -0.633032844497852 -0.256188190947505
0.0223854925579081 -0.0122976158710598 -0.0315057011006118 0.0763538106276926
-0.0114988178363389 0.00825795887060442 0.718293882248258 0.128351183021363
0.0363635982572932 0.0116474442391855 0.637933076806295 -0.670697101951494
0.0324141908481539 1.95555056927092E-05 -0.23999968951842 -0.819434016736708
0.00803438392143301 -0.00302098152988202 -0.579181608537323 -0.094718808466978
-0.0100092673450101 -0.007129165870058 -0.227248302041107 0.287330531387668
-0.00613844858859998 0.0149530690972796 0.110645276121775 0.131046431930286
-0.00303283575135822 0.0270516625395257 0.153185920655081 -0.170640774814274
-0.0270108314530048 0.00350022380504617 -0.142204752634433 0.143838544416025
-0.0138021552488669 0.0240588218670778 -0.0198623822639124 -0.157727415168049
-0.0108112541236198 0.0470858441792917 0.348030168129065 -0.216267187200419
-0.0335521527092143 0.0270940088246828 0.490081084498288 0.278300462295842
-0.0339093615078921 -0.0186450520433111 -0.0838505231600683 0.810175820811987
0.0124783513505746 -0.0760631783525285 -0.854802778164521 0.406705305092828
0.010748147273655 -0.0421865618243452 -0.622541448969564 -0.24949265978082
-0.0091696065887261 -0.0254960081420822 -0.0228746457948739 0.085590576075759
-0.0371092317489581 0.0108050867131759 0.730072891685163 0.133701586103925
0.0266507005830905 0.0307371645315571 0.64985854887424 -0.668967701638184
0.0351335216664747 0.0161685611717294 -0.227072966619286 -0.819983219452032
0.010775647474932 0.00404076208858263 -0.570134623929352 -0.0940848497645879
-0.0139491067960081 -0.0038429689400715 -0.220721627467096 0.28729959816942
-0.0128790076605004 0.0174131808351833 0.111720832664966 0.127562752513811
-0.0142039095957114 0.0258430484042035 0.148421123315929 -0.176201556421607
-0.0379836534914166 -0.00077502854325838 -0.14692354268778 0.139406620810806
-0.0180837513192449 0.0234041608357273 -0.026102646582895 -0.159595203195672
-0.00925398998444013 0.0476851455876998 0.346724387510413 -0.224762600944897
-0.0286566357938248 0.0395694928848531 0.505259113523047 0.263468331325168
-0.0373513357351933 0.00386009447407135 -0.0452322620755621 0.808127043338914
-0.0117235065405226 -0.0587432811591982 -0.823182440624902 0.43472112538349
-0.0215013369962957 -0.04963018458218 -0.624415553609356 -0.227669772691669
-0.0398442281390448 -0.0420930244450066 -0.026793937188619 0.0871745687367003
-0.0668003584582105 0.0108077779659149 0.730212397191336 0.156728953415165
0.0130231431635567 0.0525896368555772 0.684795778976392 -0.644119560477994
0.0370856054026546 0.0353274773365027 -0.190544183156481 -0.828634242800728
0.0141371601185786 0.00999744312914879 -0.563586231833682 -0.107842607723702
-0.0168067472040983 -0.00555563070128873 -0.228015927731599 0.281788747552936
-0.0199618382392461 0.0149037299188054 0.105519298666826 0.127824890598219
-0.0244347960464254 0.020897489047172 0.143862885085332 -0.18011073900281
-0.0472050973700369 -0.00788561912269839 -0.150897900370943 0.138677284918568
-0.0213501019094582 0.0177509936548184 -0.0387808534452244 -0.159196237381273
-0.00352617968187495 0.0429027849560121 0.331100543747581 -0.239808163620786
-0.0210370121822753 0.0493045165693443 0.520948189745622 0.232612396755078
-0.0395847398898894 0.026686129693754 0.012355231584487 0.805646797563532
-0.035916791195105 -0.0398734775549631 -0.780396816263764 0.483097249947998
-0.0525695746218861 -0.0554579813648594 -0.634121503614102 -0.197962261100107
-0.0681736039497656 -0.0577050711753023 -0.0440324228719312 0.0814373591155158
-0.0979701892424783 0.00664124541884731 0.72463179846697 0.189919533207323
-0.00710732076874677 0.0722094171912575 0.731290156534712 -0.602210485045863
0.0372959328753947 0.0561650493179268 -0.134186775651076 -0.840365155644138
0.0205298473998446 0.0152933046329797 -0.557955116546826 -0.140194154756159
-0.0143480298668636 -0.0111840036587234 -0.244319328148251 0.272875346738116
-0.0233780756668648 0.00830564337114305 0.09425824307758 0.129277017568613
-0.0342132709368775 0.0140200523620957 0.138686721751147 -0.182587616890641
-0.0539733956190227 -0.0153369482666327 -0.153223477334249 0.140119839712013
-0.0229045366199843 0.00916633132303647 -0.0563507771500421 -0.156408851956891
0.00328242587993606 0.0331305668732198 0.307840930468958 -0.255790799299443
-0.0123401411788095 0.0531084973005823 0.530187040110587 0.192690332024458
-0.0410143865191142 0.0472634194888948 0.0852669134447178 0.796409168254048
-0.0558796469677586 -0.0224220076071924 -0.728276550761005 0.543402619054535
-0.0773131682519711 -0.0580830694024818 -0.6519057480659 -0.15964204782222
-0.0886221288105037 -0.0710322070574647 -0.0717988540843059 0.0686413252261282
-0.123474503677282 -0.0020138886953476 0.70398953903969 0.232753657175742
-0.0281648506193955 0.0854102650072782 0.782658412112595 -0.545515142426504
0.0325902633697569 0.0754399378574844 -0.0643144985101144 -0.855532475814265
0.0293848214711172 0.0185321669678945 -0.55564944562443 -0.18095976207245
-0.0100505541962881 -0.0203318561973014 -0.26858856223803 0.260611996834531
-0.0259629382016436 0.000127787817915915 0.0777182498255436 0.131710306587087
-0.0418343818674713 0.00440882888858124 0.135893927311451 -0.182851742796119
0.00125876911597398 -0.00564020239291428 -0.137003598239643 0.162531994328874
0.00961700967025381 -0.00417474206255478 -0.0546797884516217 -0.145962750526387
0.0179091124521205 0.0145926143194574 0.286114048768359 -0.256240545351295
-0.0198840811367592 0.00272765030016229 0.485647680613132 0.196731022276091
-0.042205658717834 -0.0422875582811871 0.0314960665212899 0.793797575008735
0.014117012527703 -0.110172589899779 -0.794304961452188 0.544067310752097
0.0662322079980238 -0.0390520427299462 -0.706127952776514 -0.19546665463843
0.0647261309994236 -0.00101516571713885 -0.111833009996265 0.0262119445573368
0.0131859276086785 0.00119750817243802 0.661260929124023 0.190891231290419
0.0304003261738986 -0.00508820654445311 0.711944565567234 -0.576062531358312
0.0227666178485111 -0.0108239506562269 -0.151788603775067 -0.857692486316617
0.0165771329008824 -0.0218454304162734 -0.605812121624831 -0.173534892483
0.00513038903201389 -0.0371282577624984 -0.289674144552855 0.268460377770424
0.0069831925303641 -0.00996249736668271 0.0805755925139262 0.144189542436836
0.0125446928695928 0.0142725519195629 0.159305068445698 -0.160077538467069
-0.000422225151457217 -2.5713542495618E-05 -0.133757099010882 0.159047079294431
0.00526173789780747 0.00517518804103081 -0.0404893155312451 -0.148053122254863
0.00828509666426726 0.0253711149033629 0.306539889020944 -0.240278196663594
-0.0275849285369365 0.00376287500704859 0.478584068277813 0.228629111842218
-0.0380061016743718 -0.0498365655966418 -0.0323454025917194 0.80853692018831
0.0294052844449502 -0.110317991393564 -0.839542339915513 0.486495892859277
0.0686466251635995 -0.0331247632561614 -0.680371946667774 -0.226093465553444
0.0610448351793312 0.00120551533939919 -0.0790681698235256 0.0453305266823725
0.0142196694587889 0.00342323040245109 0.68421734316554 0.156428306546077
0.0369757152607892 -0.00754329139994353 0.66847480204153 -0.62704438737212
0.0256278720273139 -0.014783449674222 -0.206674577092743 -0.845720597381
0.0117117758503151 -0.0172411409394971 -0.60412551689881 -0.134752607713671
0.000519480085393141 -0.0260723929696147 -0.265603860535106 0.27967152568126
0.00402057551381027 0.000256668863606029 0.0958972708284602 0.140193667621816
0.0108377232056045 0.0207670263316329 0.159554734248003 -0.163907379577037
-0.0066588395654491 0.0042769409199025 -0.135953856023921 0.155294027393818
-0.000830026652545082 0.0153372593402571 -0.028632581447672 -0.152491961778695
-0.00158500038773002 0.0350886500694987 0.327542458967493 -0.228271425484379
-0.0327502379517364 0.00873342346244414 0.480085237799846 0.258114249624021
-0.033486834937653 -0.0482563802150296 -0.0718963632004853 0.811128168155576
0.0341894058199343 -0.103382435786909 -0.862350226367782 0.439815612084261
0.059292625128962 -0.0315600082156608 -0.656164592729975 -0.246497036401713
0.0465159627598009 -0.00304254667822004 -0.0515978234814872 0.0633625571386128
0.00672153735594852 0.00486877696637522 0.705767667618796 0.131832021683225
0.0392273708840613 -0.00168621683023319 0.64140718068414 -0.662672856208824
0.0284429218078417 -0.0110719709475436 -0.241956047784062 -0.829614215658934
0.00874184880644427 -0.010977375507956 -0.595366113593669 -0.10309200638238
-0.0056601393675974 -0.0146391921765516 -0.240679938723657 0.289098337097952
-8.76676119152108E-05 0.00864390198142504 0.107618921174248 0.13496126265351
0.00568986047362791 0.02625324247141 0.156916301907791 -0.168416274590496
-0.0153556917682774 0.00541301333002317 -0.139107536684814 0.149770256223704
-0.00694068793848031 0.0220418735245341 -0.021821349640036 -0.155745525519077
-0.00845929163411273 0.0430631153697582 0.342593930698915 -0.220279602007939
-0.0350548818176837 0.016612888547037 0.484606030742426 0.275031017249576
-0.0322261447408798 -0.0365842315260966 -0.0873471728598594 0.811460049488811
0.0274853557951904 -0.0908710596402307 -0.865974602121956 0.415667783119635
0.0376635330075183 -0.0346906289946832 -0.638922858609666 -0.252274201779096
0.0213586305050143 -0.0119269631182857 -0.0311160656957087 0.0774240706172254
-0.0115351222805457 0.00818183689832194 0.723466022060521 0.121310339878351
0.036058920863183 0.0111964428197725 0.634429695871109 -0.679810530681743
0.0331924479454147 -0.00011316603470137 -0.252648856252993 -0.823084943815661
0.00881321231791858 -0.00306383714614511 -0.584776942783604 -0.0855416735192382
-0.00995018591639493 -0.00724434397699169 -0.225063535386717 0.291944343423101
-0.00607632716848258 0.0152486153137567 0.113213150243485 0.130197456551624
-0.00330320771845284 0.0277370206802387 0.152548348108259 -0.173642653990013
-0.0258593780293393 0.00514614969415568 -0.142803414245735 0.144835754463509
-0.0138488090752163 0.0252880402013628 -0.0217981044813813 -0.159108873466133
-0.0107729965505634 0.0476455102624853 0.348824256963712 -0.220820132475925
-0.0333059236715716 0.0286234794046113 0.497712370704613 0.275195031001285
-0.0343530443174024 -0.0185207840976054 -0.076390952652003 0.814713540989851
0.0108218428522914 -0.0763879131641421 -0.855459946373818 0.41884461096892
0.00953395565184534 -0.0417492663371795 -0.628908207620028 -0.243076994372571
-0.00905732597584208 -0.0254925478845792 -0.0218809783062869 0.0871749394990472
-0.0377052356573305 0.0110600790154059 0.734487283453776 0.126519086861829
0.0275482245593043 0.0303194355311215 0.645748753409521 -0.680226373004526
0.0362813716947627 0.0157656395445091 -0.240185601136968 -0.82124183072324
0.0106608206707297 0.00392884519042163 -0.576925652352096 -0.0840773084571788
-0.0139778294479667 -0.00396295372394256 -0.218757378813527 0.292130841382872
-0.0136507283497062 0.0175313965917529 0.113422621871895 0.12678428440618
-0.013590802475989 0.0259511615248579 0.147911479360441 -0.178055104906209
-0.036977326096435 -2.52455038903671E-05 -0.147403623666065 0.142019719671347
-0.0178449922231227 0.0243288636597003 -0.0281399243498889 -0.159960018010976
-0.00907042550137013 0.0478405147086228 0.344784315743042 -0.230567936680547
-0.028509749825328 0.0392008750147461 0.511024083248945 0.258380317318295
-0.0377161407288338 0.00431138729377096 -0.0359370058165307 0.814421613810641
-0.0111868230413368 -0.0585880753850142 -0.822721906435637 0.444859255545765
-0.0223948553146173 -0.0502573298392706 -0.630928923710573 -0.223995384898154
-0.041022922644071 -0.0414538242633618 -0.0266408566489781 0.0889525105472769
-0.0674581762544409 0.0121729926794349 0.737255580537333 0.150495443448458
0.0130375944789956 0.0519700634459763 0.680538469028475 -0.656499896013796
0.0381261239622632 0.0356068491426444 -0.203044131999459 -0.830546471528786
0.015309699642375 0.0101731956269234 -0.56957489085634 -0.100299392405299
-0.015988264362166 -0.00577632588608535 -0.226455549331501 0.287303892659876
-0.0196942893607395 0.0155161526506153 0.10762446462482 0.126583598084687
-0.0240853114585369 0.0205104052353227 0.142244529031868 -0.182247723730479
-0.0463649651301057 -0.00633930543021168 -0.150813377736795 0.140113438036778
-0.020547071006444 0.0188094038026137 -0.0420622198028864 -0.159843105437645
-0.00320502783866624 0.043022422176402 0.331438744560029 -0.245352135577127
-0.0203278810152267 0.0486860468059788 0.527849202880945 0.227740717038585
-0.0399041128621296 0.0282868597320856 0.0234170575592375 0.810133286857167
-0.0358391052714521 -0.039468249020675 -0.779101460482157 0.49410833293844
-0.0536825352938373 -0.0554343404201347 -0.64073686693482 -0.19133621352412
-0.0698655279619187 -0.057490593859243 -0.0434232818009628 0.0840091025081412
-0.0992444408101175 0.00765597391782637 0.729849381880779 0.185020166071105
-0.00663340328996284 0.0715544489486131 0.727498106221724 -0.614635211673373
0.0371624061402867 0.0567453611914877 -0.147313332345805 -0.844934975666503
0.0224704426908143 0.0145277590579274 -0.564960579936298 -0.133451499624073
-0.014919850783384 -0.0113142429173309 -0.243803513525417 0.278250871189628
-0.0247682049674589 0.00926884433177838 0.0954538188585632 0.128377286997109
-0.0345088871961541 0.0148168487404189 0.138087486870026 -0.183862869609701
-0.0539109997594702 -0.0144221468965601 -0.152693484700419 0.140825290739656
-0.0232982992646183 0.01013818255042 -0.0586076370956771 -0.156530608691496
0.00315479584062032 0.0329816688285924 0.305622071388397 -0.262045614222526
-0.0115537353919334 0.0539843611511373 0.538502416441252 0.186441546738918
-0.0407306476841237 0.0481319662525663 0.0943043224138748 0.7992045465996
-0.0565653490661382 -0.0219286286727436 -0.725460255267659 0.553983993472032
-0.0784502256582977 -0.0567708755123681 -0.656999980259229 -0.153661238255261
-0.0898386273730166 -0.0713900831443218 -0.0711970695275791 0.0701437282404581
-0.123931569500281 -0.00095408885662996 0.710652660986026 0.226311652523618
-0.0270497559844411 0.0857871537137588 0.779366184885931 -0.556834276575467
0.0335366534906286 0.0751100304399909 -0.0772298002028085 -0.86042179108187
0.0300837191797654 0.0186733478292407 -0.560574790283505 -0.173307469743368
-0.0107252735335924 -0.020424830491332 -0.26809639291729 0.266401427933729
-0.0263337301431026 0.000373911162058998 0.080375274538363 0.131717946002258
-0.0415099448372145 0.00607459908644857 0.134766146403164 -0.184632828626349
0.00463921228730146 -0.00692090402368799 -0.137071801836403 0.163700286646606
0.00967729981629716 -0.00322181866143884 -0.0578673958422827 -0.146431853444859
0.0178723548460235 0.0145352669329734 0.284260114399391 -0.261416483870906
-0.021559198440052 0.00337977079106155 0.490926165331431 0.191812850843119
-0.0426313199276792 -0.0412062986204687 0.0421225812819721 0.796860715190807
0.0145253076338483 -0.109559753354729 -0.791021863167003 0.556073139154814
0.0656375008750078 -0.0398397361368613 -0.71145291029745 -0.187281869172012
0.0643099853449776 -0.00111873832799261 -0.112373865738673 0.0291976159038097
0.0134350128388377 0.00204777995010268 0.665644438833099 0.182744691795197
0.0298531206255726 -0.00495285279408656 0.707921423233822 -0.585679943227993
0.0227594250908799 -0.0114144773143407 -0.162944057274841 -0.862057144624052
0.0174081270349884 -0.0217786222128594 -0.613819811916051 -0.165335895992968
0.00530072196893364 -0.0371930391432342 -0.288309478315183 0.274878086194081
0.0069021300539329 -0.0109822803745562 0.0824800710592157 0.145083553719998
0.0122854726231561 0.0140364616373225 0.159167861770021 -0.16193027642613
-0.00114930710282071 0.00147282248460719 -0.133079533056638 0.161052480780318
0.00537896530002202 0.00644960702886618 -0.0419750075351521 -0.14849940504257
0.00783029819878995 0.0253058862613868 0.30500553051001 -0.246578576383909
-0.0276835865858227 0.00510925233314186 0.48506323459858 0.222888292871274
-0.0383724755393152 -0.0493934661297694 -0.0236473600977898 0.81295925026492
0.0278579266689692 -0.111306631854188 -0.836393240031652 0.497932224809848
0.0679254744969315 -0.0344615281463452 -0.687760397084404 -0.219830790739281
0.0612572422864426 0.000693744992359482 -0.0793523559574675 0.0466785847227265
0.0144965394900848 0.00247040299675096 0.688987529089011 0.149289745579046
0.0369143857134983 -0.0074914190955306 0.665178487056106 -0.638742250917247
0.0257365143617779 -0.0151966276011347 -0.219202419490966 -0.846485594522288
0.0117755471129451 -0.0174093730289327 -0.610835034479067 -0.125933217562463
-0.000402486134213634 -0.0265401289339414 -0.2635659254363 0.285720732739124
0.00452204189823372 0.000150536145625601 0.0987617654520815 0.140582276405663
0.0106122375746421 0.0214046601485315 0.159119304092635 -0.165451270251449
-0.00706909196159126 0.00510275630761037 -0.13518494779894 0.155975136410521
-0.000608272808362235 0.0159427394746123 -0.0310642056888458 -0.153968843511783
-0.00144135023157612 0.0359625845605439 0.32705768887096 -0.234711591275759
-0.0336897088976664 0.00903194646849599 0.4861969933533 0.253411856291715
-0.0344686169741089 -0.0472782816837852 -0.0627205863615572 0.817294592955569
0.0329592991074969 -0.103419997551631 -0.861772933664579 0.451121778719064
0.0593840803862686 -0.0318571354861778 -0.662802750591685 -0.240483691355345
0.0464081371124485 -0.00291265132535663 -0.0506974569366752 0.0643731164296398
0.00590345343823596 0.00534435096199395 0.71040427527343 0.12465867776792
0.0391831899970023 -0.00248219544285934 0.63539142013663 -0.673833193842932
0.0287602075489184 -0.011070403914432 -0.255417415628856 -0.829857787493851
0.009249745049307 -0.0109563185237728 -0.600914162933244 -0.0947972568169598
-0.00522281494250712 -0.0147040802784329 -0.239379140900828 0.293318179222841
-0.000604835779031731 0.00842920406890954 0.109815894379539 0.134628376965722
0.00565968238996759 0.0263427970513233 0.15642918379703 -0.170272120736174
-0.0160015908711822 0.00703048136062001 -0.137414330329364 0.151448519058949
-0.00733884472582996 0.0234314075104592 -0.023664003458034 -0.15696635838071
-0.00814306407962461 0.0433574699776995 0.340708984916238 -0.226331017427339
-0.0353841625974587 0.0181691646061218 0.492020662193319 0.269466591391516
-0.0323405559913653 -0.0356680618799998 -0.0785197772791342 0.81796472679791
0.0268381850173219 -0.0920232924167411 -0.866686651119952 0.428444936344934
0.0379118426149714 -0.0342218828849568 -0.645137345508567 -0.246622612338717
0.0218845558351631 -0.0121989701942689 -0.030796833094395 0.078763290175721
-0.0122297577653362 0.00886358725437797 0.728673730863727 0.115148118503058
0.036427623070746 0.0109027171773416 0.627595623081651 -0.691879275694393
0.0330937116930008 -0.000415584040154038 -0.265473734862391 -0.823598880069404
0.0090749438797627 -0.00298715893677311 -0.589081630782143 -0.0772567930447962
-0.0104250370263915 -0.00734770918292023 -0.22237113290063 0.297699686393544
-0.00623533257251346 0.0155726733093672 0.116008305903902 0.129456403259621
-0.00265363890730732 0.0279872608647057 0.152149494568902 -0.175829351646422
-0.0260502503823135 0.00581455249538619 -0.141573661852913 0.146487780643851
-0.0126659345957384 0.0263554901767997 -0.0243622045034301 -0.160337675461999
-0.00942888856772033 0.0478517807153307 0.346960095812936 -0.227816571491541
-0.033476870903071 0.0290142818883661 0.503438112222798 0.268720463198307
-0.0341919037643376 -0.0177005309753478 -0.0660846892394716 0.818884519812329
0.0104062147601697 -0.0761286398312665 -0.852357059857481 0.428140661813554
0.00933113342387478 -0.0417598255836665 -0.636771917060589 -0.238094492124984
-0.00884357536787677 -0.0257413644841412 -0.021423098073348 0.0882973722355718
-0.0377055096032177 0.0120354314056768 0.740234157888803 0.119599758189439
0.0282960125555581 0.0306673926634432 0.639072921311782 -0.690942613168058
0.0369722750395514 0.0153121439393208 -0.254454505036306 -0.822928707037594
0.0111430238736496 0.00327130617379124 -0.579972201106326 -0.0761448949109812
-0.0134699406160029 -0.00412506093286373 -0.217091282218815 0.296774273134337
-0.0137734259161748 0.0170162655086456 0.116175044376646 0.127429720822254
-0.0128352669411421 0.0272798055129548 0.147046640629214 -0.180685028056886
-0.0367090019273124 0.00132951762049766 -0.146633011139535 0.142713329163208
-0.0178007543621954 0.0248016981930303 -0.0310696036389183 -0.162141711951418
-0.00772374881335723 0.0475044602968875 0.342122504962825 -0.235678613659795
-0.0285709254850535 0.0403323134060018 0.518402325990917 0.252376495908884
-0.0361532039031077 0.00437669070023442 -0.0262733458383408 0.819157418232415
-0.0126381354239253 -0.0582932282541129 -0.82134458769899 0.456359888259916
-0.0227775795273708 -0.0494332621762229 -0.635488595161089 -0.216138143104712
-0.0411155952820524 -0.0409211666926515 -0.0260355174644546 0.0907713656319387
-0.0681311255277574 0.0127122057494996 0.74384194744399 0.142250867067081
0.0145170716906115 0.0515803521205437 0.673013301055192 -0.669295451670451
0.0390220417879702 0.0346749483467439 -0.216659182238478 -0.833662282969415
0.0155401270338031 0.0102254196236455 -0.573796780535687 -0.0923307437343387
-0.0164081836334452 -0.00593484856574048 -0.222219833262187 0.292783193285115
-0.0202616309317005 0.0157709713047742 0.109109763790905 0.125368621262789
-0.0242521608907604 0.0218946202176981 0.142574173560796 -0.184308852529061
-0.0465329975558059 -0.00506481502069151 -0.149776773639954 0.141114965968497
-0.0205409014727136 0.0197281408989751 -0.0444439588117167 -0.16093331806721
-0.00256809636059264 0.0427676460930172 0.327935941511031 -0.25040586531089
-0.019882969633517 0.0492206048261075 0.532121665170533 0.221208566534379
-0.0382468415904216 0.0284077889694382 0.0346880210373613 0.812052902496213
-0.0372658451712906 -0.0396703636467095 -0.77790856689506 0.507257756375891
-0.054689609872006 -0.054448524628028 -0.646494743290315 -0.185581567702475
-0.0700946713065156 -0.057132143671359 -0.0433740288734536 0.0847701962551448
-0.100266439446548 0.00901100361572356 0.736769224213425 0.178024262102459
-0.00602920654135012 0.0725621740456591 0.721818280081762 -0.626377036195188
0.0386455120712902 0.0564302776638783 -0.160072020225053 -0.848715800337651
0.0223515253949395 0.0141310519931546 -0.569330890510382 -0.123604908693615
-0.0161864734692661 -0.0118363595146221 -0.240698425278425 0.283417790957084
-0.0244148353611752 0.00930564056626294 0.0979090558967472 0.12821367853722
-0.03472690580733 0.0144006960043317 0.137778006751236 -0.186637494668184
-0.0536919550468556 -0.012987575764587 -0.152522701190497 0.14322717093502
-0.0234986323033922 0.0108615943836168 -0.0616181056516553 -0.157406755644547
0.00353451061409114 0.0332698485761863 0.303298980699422 -0.265734612737149
-0.010850030440541 0.0539243605306563 0.542890160020357 0.179394485108247
-0.0400429803146214 0.0486691913696273 0.105045334138789 0.801872808454214
-0.0571204756255553 -0.0209827540902674 -0.723061406572394 0.563620635387307
-0.0788207567585654 -0.0553620454663753 -0.662626686837122 -0.147880233528519
-0.0904050167338284 -0.0696454804195065 -0.0715698546501832 0.0720521972292777
-0.124989417354287 0.000464962530486755 0.716556483915967 0.220854928945513
-0.0263288841319493 0.0863813212280428 0.775709999059325 -0.568482679809004
0.0347474017466327 0.0749865871827547 -0.0912544360755157 -0.864377133182362
0.0310924582739344 0.0181670462068614 -0.567153593412092 -0.166224907977644
-0.0110915508814488 -0.0215183021684579 -0.266488156043405 0.271534058864927
-0.0276070769766871 0.000207605324408982 0.0822113481178215 0.132097701923272
-0.0415472444795205 0.00675008776812467 0.134176017006646 -0.186696944427695
0.000937500776263247 -0.004399578713671 -0.134481222366126 0.166316569886494
0.00972881113614293 -0.00307389421788717 -0.0602327943481425 -0.147005222647924
0.016918463563385 0.0145547910656958 0.281361027950063 -0.266443979674447
-0.0213521739723221 0.00344071521647181 0.495543854635156 0.18671061518295
-0.0431505339099701 -0.0407739764676103 0.0526015530665734 0.798928163225689
0.011916032097041 -0.110682279900378 -0.78631338693468 0.566527986191655
0.0655810101609716 -0.0400111774409332 -0.714527678790235 -0.181686666884803
0.0659530678200329 -0.00130663144892535 -0.112264858136347 0.0305800102540806
0.0137088853384439 0.00237194438376089 0.670316610037632 0.176440355701587
0.0302636768987095 -0.00605099612962545 0.70424379705958 -0.598515171353805
0.0234645934609664 -0.0107345865638108 -0.177712984039208 -0.862654868004877
0.0174298084941635 -0.021681832830093 -0.61740713245803 -0.156701170009306
0.00492839641068715 -0.0374088634333671 -0.285969456224803 0.280415551902218
0.00630331804779725 -0.0119541403312408 0.0847200979945478 0.144670673826121
0.0125339071081907 0.0140173833166495 0.157949755382686 -0.163624366553939
-0.000713507436276321 0.00199607958575225 -0.131608903276878 0.162881148235663
0.0053512524331475 0.00667611594439763 -0.0456088970969932 -0.148912518302518
0.00744096070279788 0.0255664489349314 0.301759940726975 -0.249612643043679
-0.0287600661586218 0.00506492571338821 0.49116793721636 0.216413576674823
-0.0386588972318094 -0.0487583372068673 -0.0125205170635249 0.815873954512942
0.0272714820210744 -0.111336915450049 -0.832639883948364 0.509769776942078
0.0678488110297161 -0.0350489796768958 -0.692679896085699 -0.212302369852619
0.0616057572439315 -6.69387243041608E-05 -0.0793073532885839 0.0489414539708445
0.0145290868884568 0.00409552451674243 0.694062369448217 0.142789423051517
0.0365456442026702 -0.00878142282198924 0.657857154207831 -0.648051404395456
0.026071127851159 -0.0151671368645429 -0.235218410710283 -0.847101972323454
0.0119829425107725 -0.0182960235909563 -0.614447762262822 -0.115706002007582
-0.00132971986315541 -0.0268578824235063 -0.259261861960154 0.290884583549565
0.00365891940843785 -7.73098443105386E-05 0.100357549978513 0.140228974593526
0.0120467679137045 0.0214295970430907 0.157394986443709 -0.168054273126668
-0.00640233880245226 0.00592427410125073 -0.13398559030289 0.157810164354573
-0.000998416186762769 0.0165673373186789 -0.0330043587644756 -0.154400923706463
-0.000820985237831414 0.0360903842890434 0.324041534275232 -0.239726373601683
-0.0334640023280921 0.00961988482375735 0.492179028258475 0.245838238262642
-0.0339368794864032 -0.0466069293773261 -0.0516436131090885 0.819728553844146
0.0321258728809146 -0.104170288538302 -0.85671270716815 0.463521064787946
0.0590329666385174 -0.032915931787637 -0.668828253008458 -0.234118343882988
0.0463445675293677 -0.00382079965616294 -0.0501327155234772 0.0665243639207604
0.00592712637867954 0.00525118133078048 0.715447843490883 0.117464467719289
0.0396819230786903 -0.00347351280695237 0.626694669131772 -0.685153223947036
0.0289022455564901 -0.011080473073295 -0.270838840009079 -0.828918070994465
0.00962311903480319 -0.0106895487171301 -0.605808157069063 -0.0843104290454016
-0.00546570107627709 -0.0159150056027907 -0.235574401152955 0.299051593815514
-0.000397454045369295 0.00930263384674578 0.111984623577048 0.133754868602963
0.00600038855443307 0.0258975692546597 0.156234706551351 -0.172787432369149
-0.0146535183370062 0.00833584951144673 -0.136473987991162 0.152617943388951
-0.00756620638371765 0.0242189712670057 -0.0263326273118156 -0.157736420628517
-0.00716066653893773 0.0441305081730093 0.33834800599681 -0.232722571382004
-0.0353441526861435 0.0187275144483281 0.497352613365034 0.262857798619161
-0.0325516408458034 -0.0359407192887142 -0.0668030841115899 0.821432636797114
0.0254850511425918 -0.0911352529777543 -0.86152094457429 0.439441135265716
0.0373867637785083 -0.0350336902673054 -0.649804628654758 -0.240097271598524
0.0216672651930555 -0.0119746420791292 -0.0303049365568171 0.0796778583651798
-0.01245290017053 0.00918510151355049 0.73383172398866 0.106828960395355
0.037011188737705 0.0101891062171916 0.620852778609168 -0.704580406524503
0.0322703027466576 -0.000743710384271 -0.281209782123229 -0.82134210714462
0.00926226827334594 -0.00319846928785196 -0.593679399981244 -0.0673353514125726
-0.0106412306219192 -0.00761780518507631 -0.219098216637255 0.301474414824059
-0.00675136323169844 0.0145790001050487 0.118331973468257 0.128040134910693
-0.002083194397957 0.0280714224263764 0.150802336647058 -0.177666699670379
-0.0251246790168479 0.00665047376878073 -0.140710203459875 0.147928659218578
-0.013191166188238 0.0264878251930776 -0.0275716352474762 -0.160278732055108
-0.00968654260441365 0.0480581506094214 0.344517325138952 -0.231910944462233
-0.0341990570948006 0.0284249749789426 0.508510224683442 0.263756041396529
-0.0331607940283754 -0.0173647286948705 -0.0551103534610208 0.821513968722197
0.0090661166642434 -0.0767501677550063 -0.850285277523974 0.44237853705069
0.00939874220978855 -0.0410290334658112 -0.640654380334736 -0.231554415661896
-0.00937328216437982 -0.0249576295826147 -0.0213050160835492 0.0900047810978828
-0.037202540740369 0.0130778266461868 0.743469424858822 0.109685708332807
0.028760434512933 0.0299263612581416 0.63132506300099 -0.702004540171783
0.0368299900816678 0.0150138054429109 -0.266700575325069 -0.822386898955244
0.0110075506670091 0.00287094141669529 -0.58457897559355 -0.066563314946956
-0.014398189247068 -0.00478571954500016 -0.213950239149286 0.302154721206659
-0.0136755346877914 0.0172253703089652 0.117493775035518 0.125384218172586
-0.0128969728756933 0.0265552117940049 0.146265084044787 -0.182017184641764
-0.0358753114742644 0.00318772334096313 -0.144160156377054 0.143951141420693
-0.0168561439666898 0.0259114086991644 -0.0333590264582562 -0.162247940135922
-0.00755788800856057 0.0476453230525342 0.340255673085875 -0.240008302921221
-0.0284896657760016 0.041556416265823 0.522546232391088 0.24520000824511
-0.0361020581303211 0.00552314465633604 -0.0160503722928588 0.820818886094006
-0.0138045181575511 -0.0575837968113964 -0.817234470654433 0.468261907408701
-0.0236563016707191 -0.0483980491381769 -0.640793811028212 -0.209916734870135
-0.0408643721543217 -0.0401667008728775 -0.0250885666157287 0.0913601679338483
-0.0691916908964119 0.0138431281853524 0.747405525336236 0.13582506494891
0.0151332131445548 0.052223159766605 0.667193353037229 -0.679166047683247
0.0403165166537143 0.0341326370446428 -0.230395777052615 -0.831710224028961
0.0168000296516456 0.00920736068260646 -0.579243995319458 -0.0826694528423512
-0.0164907792700751 -0.00584102288439682 -0.220628434368817 0.296710264250809
-0.0200684436269505 0.0151803593124751 0.111906687281118 0.125324971715407
-0.0236747245455007 0.0232641543031843 0.140175576254277 -0.185863331749128
-0.0459682288636056 -0.00396557074667803 -0.148569955263283 0.143203505485412
-0.0205376907149777 0.0216640284355212 -0.0470264020085134 -0.160863529463427
-0.00285966090887023 0.0433091064655845 0.32543415777782 -0.255216690235698
-0.0200200740985138 0.0495835493687424 0.538174953629294 0.214113225163764
-0.0385577565251416 0.0288773986144953 0.0464635228882775 0.815128888975407
-0.037365400914081 -0.0378770169930938 -0.768597754419403 0.51842918011473
-0.0549679983778587 -0.0532870605474802 -0.650754898694401 -0.177860510723942
-0.0716434898067254 -0.0560237894910056 -0.0430620198232414 0.0864321107672704
-0.0996475401394074 0.0110328234793702 0.74115996035855 0.168379579368398
-0.00391988822064648 0.0730160493697476 0.71622450061725 -0.637896752356858
0.0402572587819794 0.0552378565454755 -0.173275741758051 -0.84725233782914
0.0232287843527818 0.0138262008913713 -0.574073314538844 -0.116239559445762
-0.0150288951196123 -0.0117043261485813 -0.237726612709939 0.28806955127253
-0.0255885791612773 0.00996858746792249 0.100064228826821 0.128028637053739
-0.034155618895712 0.0155615028706372 0.136314322922334 -0.188073089633803
-0.0534495268374834 -0.0119319499857216 -0.151553471040599 0.144311130027858
-0.0218804772236184 0.0112098424855251 -0.0652968227383748 -0.157638620543758
0.00383934158981677 0.033727366675114 0.302335438652274 -0.271899033024042
-0.00954776432515422 0.054011771061506 0.54595983181862 0.171542228242773
-0.0375364059198357 0.0497845518516348 0.115174269531411 0.803164490164486
-0.0580717022423739 -0.0203368989486756 -0.716443747104382 0.57532354937381
-0.0812663528527885 -0.0528305552559173 -0.666382826384448 -0.140815621774038
-0.0933188780535324 -0.0690497960528098 -0.0714158361651985 0.074163050884925
-0.125447920132011 0.0015120492739678 0.72080172562073 0.212032966660883
-0.0260006540681069 0.0869246898535389 0.770113108868785 -0.580786384687588
0.0364986840134883 0.0745518945674893 -0.105775695005111 -0.866021253660697
0.0315551315379033 0.0183460093990986 -0.571956184052815 -0.156883992312857
-0.011588460137166 -0.0210515415060062 -0.263694229043186 0.277861062367261
-0.0270406056148862 0.000291298706545629 0.0836459588261414 0.131050602678135
-0.0411787511146152 0.00801407055170402 0.132548493762173 -0.188527235073567
0.000837421889359065 -0.0030775653793367 -0.132469383449765 0.166216637669893
0.0087861576110614 -0.00238378460205298 -0.0617070944002743 -0.146146693937083
0.0168149438601286 0.0152860962910492 0.277294386684665 -0.270000645357499
-0.0220253272161605 0.00386787010746598 0.499249859394983 0.178532628663648
-0.0435029598779076 -0.0403768986972106 0.0656451550194167 0.801530503494901
0.0102505343790885 -0.109887338236027 -0.778120105513164 0.578615823014452
0.0648335324596108 -0.0407296193377102 -0.720279022239325 -0.17307952718143
0.06557615568693 -0.00288042857010587 -0.111340225527425 0.0329257650050368
0.0134896403768837 0.00183074801412425 0.674177640489435 0.16681036347519
0.0301613456880239 -0.00641472719821041 0.692437844623825 -0.609353841343468
0.0231282177133265 -0.011507100532664 -0.191337674078611 -0.860891138183866
0.0174928968031331 -0.0225095680183997 -0.623291554322027 -0.146342333414611
0.00326215874794351 -0.0383768109424172 -0.282382027974268 0.287082101914796
0.00562227834237464 -0.010844214415387 0.0871899499512783 0.143409635402602
0.0118187630371933 0.0142361186723612 0.157005491976531 -0.165776101776426
-0.00028012582401552 0.00217956462334611 -0.130174820555816 0.16399429030269
0.00475747723372994 0.00762466527402729 -0.0472322478259854 -0.149314500172197
0.00810578581805495 0.0251475046455566 0.29783622559602 -0.255533821206896
-0.0287660151866314 0.00587632301580581 0.493788139593291 0.21119436220287
-0.0392247855261833 -0.0479423191841978 -0.000799762751656299 0.815421131551398
0.0258830987185153 -0.11091877303646 -0.825213092571001 0.520463760136084
0.0675080215467605 -0.0350382207680355 -0.696813214841204 -0.204970223967922
0.0617761865074412 -0.00114105954780635 -0.0797835661643065 0.0503782782839966
0.0150250123224965 0.00235912517116634 0.697244628542776 0.134071508409713
0.0366854838928058 -0.00921916392516256 0.649331880206526 -0.657600992978522
0.0258581833063294 -0.0152036726475428 -0.247472463291566 -0.845198360178998
0.0115965346405031 -0.0175715590978379 -0.618111524923996 -0.105602442548362
-0.00153219202338473 -0.0266281380139764 -0.256309868946423 0.29562802236374
0.00336248925612844 -0.000461525736841704 0.102137372320991 0.138944675208022
0.0114620430841637 0.021560451529677 0.157105396308139 -0.169642273287876
-0.00559338180356922 0.00663817241425 -0.132389136280779 0.159214287070514
8.28285340474764E-05 0.0177700277422015 -0.0359866254476693 -0.15477325455731
-0.000947626046907216 0.036491164855551 0.32148545448827 -0.243656832171743
-0.0340005569876189 0.0104517195252419 0.496223535348662 0.239983611311159
-0.0343172084586788 -0.0455529768305714 -0.0412823256034407 0.820066872247674
0.0308864777590485 -0.103838409389025 -0.849588924135626 0.473870771313924
0.0583548487239405 -0.0317635692072628 -0.67277835820154 -0.225990065608087
0.0466532468283675 -0.00431736242758908 -0.0494767636012321 0.0673121052661748
0.005814282983944 0.00600988534666528 0.718419307216495 0.108977301904107
0.0391852759658887 -0.00417807508767772 0.618767405393193 -0.692978416418657
0.0289143498804567 -0.0114608296907431 -0.283086818502378 -0.826933483665261
0.00968110701053101 -0.0110971071622763 -0.608570947684892 -0.0746897182339991
-0.00652806045106734 -0.0159096214628453 -0.231160425977619 0.304462137467613
-0.00101367156214248 0.00823395039551462 0.114133588988719 0.131367387582201
0.00610319341812748 0.0263581433999012 0.154778838988036 -0.174078220468821
-0.0140242984620356 0.00935446127457452 -0.134704202873585 0.153550606848404
-0.00701133147755568 0.0246173016051082 -0.0294684502877508 -0.157651096054754
-0.00723319563428326 0.0437986117008806 0.335196065559782 -0.235387102241668
-0.0355290661459482 0.0190897906742801 0.502985308181692 0.255271135685929
-0.0329061085295164 -0.0355480655441709 -0.0556189553200083 0.823595966313407
0.0239070822212651 -0.0916472490618218 -0.858218426088471 0.451462806168461
0.0372395226658867 -0.0345849330137435 -0.654925647665013 -0.231470205777073
0.0221323389250792 -0.0126986627110579 -0.0293172462086639 0.0820710856166735
-0.011910487438271 0.00880443629687337 0.735153914249371 0.0965260775793248
0.0363524753279735 0.00996722544665159 0.611122327552557 -0.712207827135898
0.0329461929049269 -0.00148934916845418 -0.293334904138125 -0.817647525032123
0.00943983955076303 -0.00409627526556263 -0.596917978713798 -0.056764826533369
-0.0108412323713139 -0.0076605991983868 -0.215089530782275 0.30722077290635
-0.00806833042673064 0.0154233178623941 0.119821642730589 0.126746717068427
-0.00161771132348523 0.0283128535054261 0.149798955108324 -0.179566760407566
-0.0249835995645996 0.0080515814882321 -0.138856587098617 0.14928547083718
-0.0127099841289751 0.0280537823569624 -0.0295620315734427 -0.161328638254695
-0.00956603441170733 0.0481420669874064 0.342031370822122 -0.237273501913204
-0.0333004368898418 0.0294901321649075 0.512824683836069 0.256116880054631
-0.0331861530557674 -0.0169445081216274 -0.043414830805746 0.824732630053001
0.0084504912266749 -0.0763604976999326 -0.845035604172251 0.452754687531161
0.00862919381612976 -0.0405881481505979 -0.644303285346283 -0.223789343186111
-0.00956238006164776 -0.0248989013009884 -0.0201023532477802 0.090199210266636
-0.0375510242540128 0.0128531668437673 0.747320329630069 0.101567601775593
0.0294312566652642 0.0288776520591824 0.621719154246588 -0.712300771398599
0.0371747618894445 0.0145153269295104 -0.281042056180085 -0.818814183434379
0.0119660695014131 0.00350682946549333 -0.586537617780914 -0.058320282443639
-0.0145246107135226 -0.00471446372499842 -0.208983513250147 0.30498456216652
-0.0142422396567084 0.0176115823303825 0.120062233230766 0.123725660001399
-0.0124132437575248 0.0281424097541888 0.144613239799728 -0.183382265005654
-0.0354207824888188 0.00396364957416123 -0.144019090848744 0.145384303566923
-0.0178557188716273 0.0266860526963742 -0.0372745338086341 -0.162080627062188
-0.0073238980238173 0.0479556705492858 0.337290196492053 -0.246773405204767
-0.028458125652197 0.040677312233439 0.527388395307054 0.238248718262444
-0.0350325187526209 0.00571449037745515 -0.00302358728967002 0.822160426136162
-0.0143849535519425 -0.0583811899784479 -0.812415225144621 0.480009385807376
-0.024431369277049 -0.0473904347261511 -0.645008052754872 -0.203660529126916
-0.0424189143855714 -0.0403533622827823 -0.0249029844881932 0.0922878307285716
-0.0687827076483382 0.0136705381986878 0.75046057719677 0.12437951545783
0.0154933511766874 0.0521895896386604 0.657760042711858 -0.68923172459329
0.0401652125374673 0.03405279148137 -0.242787117795984 -0.828352353425291
0.0165368235208391 0.00906218290162173 -0.58288981983493 -0.0745341398907419
-0.0168935617742027 -0.00615518415831841 -0.215577920176434 0.301947161018166
-0.0201178646771707 0.0154422612044293 0.113002770281891 0.123416891140881
-0.0233977136922817 0.0229377803497307 0.138675712327361 -0.187088815222301
-0.0459573634707439 -0.00168767726459049 -0.147259001714946 0.144194283347971
-0.0199139744917347 0.0213295724651933 -0.0511875916250271 -0.161905648646904
-0.00158570655858246 0.0437967061435771 0.32142476003363 -0.261162964679578
-0.01909314922563 0.050559695294063 0.541582378996295 0.207232600907324
-0.0363869790140085 0.02980346151037 0.0570178047701374 0.814188873973957
-0.0378982490880864 -0.0374924836312736 -0.765469523232843 0.526297571416105
-0.0558570490943626 -0.0522964364163772 -0.654215198273181 -0.171898994989296
-0.0721034108079481 -0.054839625527848 -0.0421504108629791 0.0879145274264654
-0.0997990643302066 0.0116097717470718 0.744705113329026 0.160713667661631
-0.00307083109931152 0.0728663297059464 0.706950257740827 -0.648971596921887
0.0408375744351991 0.0545151849062347 -0.188188089608927 -0.847860938108062
0.0245525826072358 0.0131718047279224 -0.578199343401006 -0.105435382247207
-0.0164852136621674 -0.0116549193071636 -0.233553831866366 0.293184628635685
-0.0262951990548112 0.00987919979758666 0.101644893198548 0.126730607071699
-0.034328543551402 0.0165189568350944 0.133378911122726 -0.188748235970228
-0.0531429490248266 -0.0099286053676936 -0.150201014770616 0.145995035923049
-0.02219524517838 0.0135811518543917 -0.0678168839831248 -0.157525569396799
0.00490385457295021 0.033366966773567 0.297022863098689 -0.277684783884715
-0.00877359760276679 0.0542773182996452 0.549790975786323 0.164896152173692
-0.0367198821541627 0.0500422075822871 0.127559699925948 0.802259882617732
-0.0580172679304325 -0.0188616979631098 -0.708187132742182 0.585448836579513
-0.0810182570291152 -0.0518275387322654 -0.668885472934673 -0.132368253560215
-0.093398880522367 -0.0675138471235518 -0.0705587189233234 0.0754911047871629
-0.125936454043802 0.00372338407055021 0.725233033186421 0.202183398387055
-0.02522596428401 0.0876169377502006 0.761928043260627 -0.591231258895566
0.0381314818627203 0.0738924569395752 -0.116507708269918 -0.864670884560751
0.0322357849523526 0.0169980327272489 -0.576585224643754 -0.148425281325342
-0.0118581824581964 -0.0206031646374032 -0.260011590911285 0.282062039333211
-0.0277637797973746 0.000536090964767058 0.0863506451813496 0.130662079127842
-0.0414628819573656 0.00821904717495763 0.131711730873927 -0.189347759811531
0.00126423767736915 -0.00237023619862313 -0.130626463011104 0.168163516195563
0.00836034192946679 -0.00204679484697169 -0.0647921419720599 -0.146401827625286
0.0167205733531473 0.0157834299787312 0.273587031579565 -0.274964250758752
-0.0224502358388295 0.00483206020392855 0.501870699393871 0.170870759971664
-0.0432897431213787 -0.040036898141302 0.0745873643879458 0.798081427635847
0.00905777136672348 -0.110397858822986 -0.769045481144888 0.586116770148081
0.0643107315109306 -0.0403150348954921 -0.720974616997925 -0.163217212865683
0.0659112706937021 -0.00304791896994935 -0.111911616700239 0.03427493528054
0.0135150037213288 0.00227830287656286 0.677902444630056 0.160100733435095
0.0304436674378249 -0.00742233770593509 0.684520609807236 -0.617448943860484
0.022969914306373 -0.0123740340587272 -0.206049094416683 -0.858912937911863
0.0172924957312787 -0.0223585910783292 -0.627150989189814 -0.137255915016952
0.00324084172143767 -0.0375869728888147 -0.278066326725657 0.290811614885883
0.00487739147807419 -0.0115708980519082 0.0888675380450187 0.143127282263658
0.0126467896679083 0.0142379425886287 0.155199489554124 -0.167519464961552
0.000447276877896769 0.00229947039109075 -0.128420638687138 0.164412188432519
0.00488587106908416 0.00823106096664507 -0.0496941366339696 -0.149938493497656
0.00783422108104859 0.0260338992074597 0.294467022132576 -0.25900828527302
-0.0287151365243057 0.00611015566906625 0.497599481849954 0.202716286629513
-0.0384128853551912 -0.0479858961609295 0.00874237919698509 0.816902997953547
0.0243407470855098 -0.110740463182534 -0.816738152613462 0.530252047188285
0.067730474732546 -0.0348679487311525 -0.698493032463195 -0.196119969529156
0.0611023728328323 -0.00142033039831721 -0.0784504975254735 0.0522256591241068
0.014354453209468 0.00321948060268868 0.699373614023922 0.125140805969255
0.0363641001046439 -0.0100540036287806 0.640817939639647 -0.667971061240407
0.0256532907017332 -0.0157899348521731 -0.260656925236249 -0.842743784529359
0.0122703146499449 -0.0186317225003938 -0.621227310548563 -0.0969954761190706
-0.00185016836762506 -0.0266594349176559 -0.25361260123482 0.301754294139115
0.00253033412522098 -0.000850634507696463 0.103798635948454 0.137556918320443
0.0120063963175005 0.0211019474436397 0.154911300354173 -0.17121912945772
-0.00560858756796255 0.0074773752141294 -0.130406534743475 0.160203321990331
-0.000769346396738558 0.0177978132672656 -0.0392638281625049 -0.153903481734043
-0.000766561822886973 0.0358336144552579 0.317895348683143 -0.248247736085265
-0.0342314891790077 0.0115601098808387 0.500757805832179 0.23304141423036
-0.0336788478831703 -0.046019382663897 -0.0293520298160263 0.821877517045955
0.0296268283682245 -0.10337794847588 -0.842391461639728 0.484189717627277
0.0577177699661396 -0.0326439744997093 -0.673652845857082 -0.217365448138696
0.0470970705327531 -0.00452657351176017 -0.0488373586323949 0.0681372056857253
0.00666137080050396 0.00498463478504328 0.719477890477043 0.0981985846036196
0.0385420464051232 -0.00465434372987908 0.60859979768563 -0.701776515786284
0.0293476548620082 -0.0123422041829236 -0.296315610526485 -0.822119575099288
0.0100500596546998 -0.0113969968375672 -0.611091246591188 -0.0638708663531738
-0.00706545297401808 -0.0161578895283279 -0.226730588358937 0.309159770138448
-0.00148706778498285 0.00873167905209163 0.115526300865335 0.131195584797696
0.00729234034749446 0.0269123548262386 0.153100052588829 -0.175504057007182
-0.0139817725335354 0.00961298092348095 -0.133834651861713 0.15454910083425
-0.00639063261816973 0.0252267086525867 -0.0316994358308749 -0.159117844875941
-0.00593679946654605 0.0443969376110955 0.331794854015207 -0.241258410526632
-0.0356660845700574 0.0189632470067767 0.50577441059005 0.24883385544733
-0.0319950199250463 -0.0348380686098661 -0.0439762174399858 0.822272715145564
0.023086819411347 -0.0918737346072543 -0.851035702524521 0.462303581443738
0.0371199539359885 -0.0347623958118528 -0.658527405132114 -0.224959935169562
0.0217841438603693 -0.0125798178432164 -0.0283541120587519 0.0826739963264691
-0.0118672547145918 0.00982680318352155 0.737691236491405 0.0886648601135866
0.0369302070088025 0.00913189654005125 0.599900251295691 -0.720341565273554
0.0332404526687643 -0.00197277640107654 -0.306981623508473 -0.815382741332929
0.00965067410790491 -0.00449466324096152 -0.599208877430463 -0.048620267524526
-0.0111613662320276 -0.00760091472028922 -0.210494448452852 0.310654180180652
-0.0067358705601985 0.0145795571651711 0.122064222544085 0.125774523562274
-0.0012822824996781 0.0290574611736152 0.147501800566942 -0.180078894752116
-0.0240124818846665 0.00847466888986075 -0.137225699077322 0.150097084488461
-0.0114868907788485 0.0283572888726167 -0.0330719276114949 -0.161472484526839
-0.00874818472800417 0.0483740629293876 0.338421207087172 -0.243008271298065
-0.0337515460687241 0.0301502283305226 0.517848152276834 0.248713645107489
-0.0328821196164812 -0.0164666007417057 -0.0324589896036524 0.825145447689719
0.00796046711930921 -0.0758916821220432 -0.838623579507043 0.462644925351518
0.00739935328567987 -0.0401667259241625 -0.647873144608861 -0.215054555489401
-0.00954397025995921 -0.0244051570612189 -0.0188961583726962 0.0910199663863789
-0.0376012614878827 0.0135090565329392 0.748084840490311 0.0920544700988682
0.0293625431930762 0.0293034965245283 0.612237390427309 -0.720350287122522
0.0380957962434032 0.0138276530184619 -0.293682059583195 -0.81609067075097
0.0122477813832137 0.00346320227711833 -0.589749248764144 -0.0489095869732076
-0.0148965813502022 -0.00448424280516123 -0.205043812991276 0.310704652800565
-0.0138463029625614 0.0171863806333549 0.121505499291184 0.122596461354928
-0.0116688198109498 0.0274310766053619 0.142751887081585 -0.184616540747831
-0.0348094036356071 0.00481830014915591 -0.14248573173277 0.146388159290119
-0.0161810307379285 0.0281486203174276 -0.0392063060853972 -0.162548444704219
-0.00646665524790449 0.0488184921050699 0.332891754316947 -0.250824846215798
-0.0271718076835414 0.0412689363108867 0.530772198744998 0.230861750618955
-0.0340452315983779 0.00582465750439946 0.00731049025710676 0.823171785834061
-0.0141053721263537 -0.0571589001594314 -0.805159065191694 0.489899747773541
-0.0253971345809583 -0.0463067476847356 -0.648832087830807 -0.194798537759097
-0.0421881495887271 -0.0391771794421075 -0.0236761799794759 0.0940458913269432
-0.0684898170379489 0.0152011403319204 0.751619781031339 0.115875179250788
0.0160385690672325 0.0519357766900437 0.649502250429619 -0.698242575178707
0.041759513812681 0.0326854513620341 -0.256804022994612 -0.826924688104377
0.0169830857406289 0.00878614037654103 -0.583226947824117 -0.0652519014416494
-0.016652863159628 -0.00615497790015533 -0.212746124918279 0.305932903221164
-0.0204473955206102 0.0156167415228909 0.114861668691893 0.122532105758416
-0.0228171322296041 0.0240117670880425 0.13709334220631 -0.188485636198529
-0.0447948570398391 -0.000695388305836143 -0.145836483269796 0.145326808639906
-0.0189073019335324 0.021997216360173 -0.053273746326217 -0.161797604573027
-0.00144596159816296 0.0430424799091711 0.317174596001648 -0.264611854437212
-0.0191690517248745 0.0504575301515613 0.543841895852352 0.198925155345806
-0.0356365027120552 0.029744734258772 0.0664195538350465 0.815685773624091
-0.0383301663067028 -0.0369586856788357 -0.758677880147934 0.538288724471001
-0.0567532423049595 -0.0502421827930575 -0.656150416741628 -0.163480324398296
-0.0728233307089252 -0.0528832839661776 -0.0411612496631715 0.0895447220541407
-0.0999513606019409 0.0126033702927082 0.746120466506975 0.150760624393657
-0.00240201009077161 0.0722639326437306 0.697594900398914 -0.655832556952676
0.0422591870787497 0.0542907715880636 -0.199123121355733 -0.845582041725964
0.0242217429427882 0.0126478713697297 -0.580903497780975 -0.0961027223991265
-0.0166334089794608 -0.0121604698818195 -0.229685344316005 0.298667990466437
-0.0259752031300713 0.0092940081638922 0.102465289569559 0.125908125508118
-0.0333244877473021 0.0165972338978509 0.13244113977896 -0.18997480319721
-0.0528733245573268 -0.00902708789681892 -0.148306425288957 0.146631156125165
-0.0218902311690894 0.0140707510764988 -0.0702712170026349 -0.157883600275439
0.00450425574731974 0.0328188222606016 0.2916710958858 -0.280811682106672
-0.00788682938813537 0.0537107672795519 0.551259534656311 0.156089546019755
-0.0351691873908303 0.0500277046126236 0.137884715760614 0.801051152818366
-0.0586828722288513 -0.0180475660986206 -0.700780544715436 0.593805517084476
-0.0815741200762459 -0.0509015188528427 -0.673104475675028 -0.123416133946446
-0.0936886706524752 -0.0659514467850255 -0.0698470641928327 0.0774563434910196
-0.1255828435569 0.00537600758377702 0.728596189289412 0.191923435783106
-0.0234940309335239 0.0863778207795652 0.753252167514196 -0.602756293145154
0.0394122139622867 0.0736970130020649 -0.131610908717552 -0.86434004622091
0.0325177680371364 0.0161457359780936 -0.580248644294506 -0.138322336559739
-0.0123115723950059 -0.0210731979853331 -0.256516590428349 0.287814119911605
-0.0276499463588889 0.00125374673957631 0.0868230531571528 0.12973392507509
-0.0404646651415367 0.00919385016917364 0.128669456123699 -0.190328289475956
0.00156947470437763 -0.00226502557624124 -0.129526438674111 0.167121318314528
0.00818500418783687 -0.00115524632290061 -0.0668786637498831 -0.146012018985334
0.0174797829325108 0.0143709303112406 0.26892570336978 -0.27786829352952
-0.0215994917767002 0.00523240736678376 0.504381762245083 0.163093563254225
-0.0432346630199021 -0.0393301293534215 0.0851509447946524 0.797576278165533
0.00803333071905976 -0.10983737201986 -0.759480930311367 0.596296100327184
0.0643971992398134 -0.0411437745360104 -0.722346510914908 -0.156006058381283
0.0655064476924876 -0.00407851467623366 -0.111148150648264 0.0362029236526769
0.012922030577954 0.00204191182223826 0.677776550946811 0.15211090098365
0.029676199916883 -0.00817224654913007 0.675229535269544 -0.625587707683965
0.0228767123715421 -0.0116925438853677 -0.218053746888001 -0.855277489009614
0.0170166015928585 -0.0224766968515842 -0.629573657378386 -0.127276701346705
0.00233731139523584 -0.0382806702179888 -0.274145534499458 0.295592904102698
0.00471135785347134 -0.0122962200021965 0.0901809252468078 0.141742205480236
0.0119985530059133 0.0143828783919192 0.154133474290116 -0.169129669381604
0.00049408408772918 0.00299895985837235 -0.126026301672386 0.165241821900798
0.00467929551529806 0.00952904261346556 -0.0522155467148711 -0.149398957232437
0.00834635770141264 0.025990203832879 0.290743157957279 -0.263770951683032
-0.0292671431634319 0.00680331285002059 0.500216134953332 0.1959465866936
-0.0379067900087711 -0.046577553687059 0.0195410245648903 0.814492199438495
0.0231626305072553 -0.110274525052621 -0.810381214276812 0.540874045209622
0.066996378597454 -0.0353881965317436 -0.700892176405182 -0.18785320564
0.0614911642667951 -0.00150084466650317 -0.0775495810918594 0.0537404037369369
0.014671791277143 0.00263999487528822 0.699487125402083 0.11502106726683
0.0361640021165766 -0.00993830522773743 0.629106933012065 -0.675801511040599
0.026394686230848 -0.016322728357976 -0.273425747527762 -0.836982434374823
0.0114248083858127 -0.0186169038530727 -0.622993893179436 -0.0848675687506829
-0.00263489617538686 -0.0267296040658625 -0.247769673040136 0.305848416909932
0.00169615047079127 -0.00123707845489469 0.106076654701368 0.135317823970914
0.0118535917135297 0.0213218477408182 0.153555096458407 -0.172778760116574
-0.00459507578414728 0.0085382416776629 -0.128994521026583 0.160253040751278
-1.013986757749E-05 0.0183621979782595 -0.0407873120113035 -0.154436141964951
-0.000436968735079913 0.0373875283783714 0.313682594772003 -0.251066122853875
-0.0340182803671 0.0121766062070018 0.502289018610043 0.226119272351308
-0.0345138384308444 -0.0452461256541486 -0.0195618844587123 0.821658997729232
0.0276110016644894 -0.104434917568185 -0.835444324249844 0.494240419936115
0.0572197001129901 -0.0325662231971595 -0.677105721061993 -0.209721792052017
0.0461177738438899 -0.00460654170096901 -0.0481461472443851 0.0692244576749319
0.00600002365822282 0.005798571917792 0.720846197789815 0.0901674659547578
0.0388682575877293 -0.00478772428911551 0.597719552930305 -0.709014733261925
0.0291961984560167 -0.0126033161492033 -0.308631891978122 -0.817831017054576
0.0101925379675469 -0.0115494379627123 -0.612408939000517 -0.055235908369857
-0.00724562651888411 -0.0162561610831289 -0.22331142084431 0.31246417828917
-0.00234204077768158 0.00852678354991296 0.117850430906947 0.130356156805888
0.00658421807514224 0.0267890476963478 0.151444810781061 -0.176537997038321
-0.0130412466249287 0.0108327538457127 -0.130894699316626 0.154700552621523
-0.00596996769334607 0.0263835310477855 -0.0347842069766144 -0.157944090252054
-0.00668966540614219 0.044787584709955 0.327386215120183 -0.244813668590081
-0.0351623763602548 0.0197251347098345 0.508858659804657 0.240972856457987
-0.0324779857109208 -0.0351286037683329 -0.0342289430506225 0.824968404889595
0.0226927687141586 -0.0913418649633139 -0.843215499335316 0.472253877859177
0.0361645339401687 -0.0337579092898113 -0.65999763833149 -0.216149208321881
0.0213189284522137 -0.0128090088789059 -0.0268148551121218 0.0827080329669762
-0.0115307072966308 0.00975383778827397 0.737198187511463 0.0772214975923864
0.0364859091273793 0.008425613234972 0.589950011833706 -0.727401893499341
0.0339262217674768 -0.00239781168729741 -0.319659893979169 -0.808880041970493
0.00945102146979079 -0.00353507994098145 -0.598232670800118 -0.0386137426967149
-0.0115391674479694 -0.00815673708390212 -0.206581092266712 0.315849698346921
-0.0072518013308796 0.0155346167571808 0.124095410838959 0.124071727873359
-0.00110782572197164 0.0289682491934291 0.14606130751499 -0.181222038446392
-0.0238287841640261 0.0102031673520185 -0.135428918312999 0.151170439428789
-0.0120891299542608 0.0293671128396444 -0.0357225938832878 -0.161393374801686
-0.00750407976276753 0.0488830118410072 0.335446264227444 -0.246677650935466
-0.0338071106558416 0.0306921866279135 0.519298071363068 0.242218275111229
-0.0318018218131164 -0.0169441453378917 -0.023146423664275 0.824363595391953
0.00727999054614871 -0.0757236698996346 -0.832516237487743 0.472121237456582
0.00687575866963 -0.0398152952278493 -0.649896960451576 -0.208219111172046
-0.00994712005624357 -0.024298871051076 -0.0175780857307465 0.0919253294221668
-0.037838519670793 0.0138831243599182 0.74952912499967 0.0836644334781209
0.029896896105509 0.0280480031787518 0.600867024164921 -0.726605043102018
0.0388220314459276 0.0140558589775587 -0.30643363715618 -0.809792451012322
0.0123468958673356 0.00234910355807608 -0.591745442461086 -0.0384976099919577
-0.0152479859539445 -0.00465824406684128 -0.201482874002419 0.31488032721178
-0.0144337167186741 0.0180396885682002 0.123516927397177 0.121207564098651
-0.0116034028210806 0.0285947619574606 0.141521100117796 -0.185692025389023
-0.0345370578828192 0.00547102178839227 -0.141149606510771 0.147817765736676
-0.0154120089872297 0.0289128123258266 -0.0422325174444296 -0.162855846850888
-0.00573435807277957 0.0489322465156542 0.329911763260634 -0.256248679891946
-0.0275699131488042 0.0417196311496881 0.532285802512611 0.223064833979581
-0.033479819667298 0.0065994461214675 0.0196072801441734 0.822206049490171
-0.0154687861196911 -0.0570384183633163 -0.799526569040626 0.499776114281416
-0.0264312119603913 -0.0452783673394799 -0.649596876002382 -0.187414806859213
-0.0428752314602431 -0.0392279750520196 -0.0221814783901153 0.0949434707826773
-0.0685465366665362 0.0165196860675794 0.753069077399309 0.105576270058718
0.016168821697635 0.0508468104487763 0.638385744832834 -0.704752799305405
0.0418786768795902 0.0319891760257429 -0.268503698923393 -0.822863701110334
0.0181785646990794 0.00821181829506111 -0.584139689082327 -0.0555820531557568
-0.0176505885956348 -0.00616991016667346 -0.207175007622038 0.309662296281854
-0.0214130940451075 0.015636779287656 0.116522272366473 0.121278379431525
-0.0230146559254698 0.0241789445372302 0.135280197336786 -0.189108103471813
-0.0438838777099304 -0.000378989145052057 -0.145530163689935 0.146507726714626
-0.01887977178557 0.0233066955252994 -0.0564445670960029 -0.160211979662189
-0.00054999636183586 0.0436527625440628 0.313557867004867 -0.269936721673037
-0.0186986296560717 0.0503224082337566 0.546517219657893 0.191718530918989
-0.0344720295153368 0.0308782584760767 0.0786027797557486 0.812692475645709
-0.0389700901895863 -0.0358606450491553 -0.74934581151098 0.54517576587907
-0.0575994801811639 -0.0490480857708047 -0.65965154499207 -0.155535142564354
-0.0735667639539749 -0.0522996056780786 -0.040184024826295 0.089630749692319
-0.100287821290503 0.01460714894279 0.748129447290513 0.140354063029439
-0.000781951441724025 0.0721229479885584 0.686564438497136 -0.665988064703383
0.0430570555578037 0.0529183661907979 -0.214204465447449 -0.840167047491569
0.0249812494146181 0.0117996224373146 -0.582489194976338 -0.0875847529299852
-0.0172106360025409 -0.0121355440720474 -0.227088815437975 0.301240379472498
-0.0262660762180535 0.010761247390053 0.104038081411669 0.123876457869815
-0.032698857031865 0.0174910794495099 0.13059674441733 -0.191332188535469
-0.0518130617434398 -0.00848413440547461 -0.147941664158683 0.147773171686904
-0.0209440794754621 0.0142032476920741 -0.0736278946919822 -0.157493631256152
0.00537794844194581 0.0331898345537696 0.287963649905051 -0.284717399254671
-0.0085695648559722 0.0541670571489226 0.555604256743574 0.148480341887399
-0.0336424385177106 0.0498434838150509 0.146968602387506 0.798846618676757
-0.0586140041513149 -0.0164923508773052 -0.693291483590201 0.601209874820866
-0.0824423000426423 -0.0497844066299438 -0.67313902155882 -0.117441646618221
-0.0951185179830654 -0.0648087689618606 -0.0684710664222725 0.078296595002439
-0.126247944203342 0.00730879578704352 0.731801040560954 0.185156081305249
-0.0224199939389372 0.0878888032532771 0.744648413328025 -0.612247561536857
0.0410057450593726 0.0722980925454292 -0.144808768053298 -0.861211799743562
0.0331401599937513 0.0151475452069801 -0.581951175010234 -0.130188145036324
-0.0128990083153085 -0.0216616568631997 -0.2516286182576 0.29017322471411
-0.0285074950094025 0.00164326282144408 0.0891275854175709 0.128295780202625
-0.0405584643464159 0.00969322431215683 0.127310153116155 -0.191207682872487
0.00218171923011035 -0.00166869687771142 -0.127333113632331 0.167858280854391
0.00889570100184608 -0.000889304194837767 -0.069725601921174 -0.145827070347892
0.0176072065660846 0.014384595664828 0.265085820161919 -0.280380782609249
-0.0220758727966687 0.005064823845246 0.50476834130164 0.156467101896095
-0.0421363562963141 -0.0384079720497926 0.0949950624964942 0.792146451602186
0.00743963266598897 -0.109408378212414 -0.751805841000358 0.601518378093715
0.0635864434451744 -0.0408167499395021 -0.722799640294976 -0.147260383319932
0.065587843327482 -0.00413237449748301 -0.110262877022228 0.0380336546557696
0.0131244767851793 0.0018557667095494 0.677861298711187 0.142621237756674
0.0297412422228399 -0.00832851500779452 0.666956130881319 -0.631770465693426
0.0235658953172768 -0.0118857606585592 -0.227996712083463 -0.850853527447747
0.0168868063964169 -0.0227964969274398 -0.629535760301006 -0.115578700749431
0.0018900612158058 -0.0390302295204986 -0.270480790510563 0.299816766249024
0.00265146793901649 -0.0119232515692708 0.0923999298618996 0.140758150483599
0.012267144992332 0.0146696743509252 0.15192509392751 -0.169868918864645
0.00124487436491348 0.00335204359147123 -0.124943501743942 0.164862632300279
0.00524282763138193 0.00959024988504819 -0.0557559468280887 -0.148738246774714
0.00843325022091029 0.0261302181962481 0.287454350075235 -0.265910127898769
-0.0297308419020682 0.00738791135880988 0.501885443766566 0.189596127861034
-0.0379446776563364 -0.0458431384375482 0.0298376684249987 0.812167557965556
0.0220276750718544 -0.110265203048751 -0.801266858785401 0.547691272141497
0.0661606076893706 -0.0349482430223849 -0.700675410229738 -0.180210697076115
0.061285155051564 -0.00250618564668832 -0.0771552608843067 0.0553693265217522
0.0142765428430329 0.00256935813587614 0.698658499066102 0.108483369555145
0.0360868869724911 -0.0107547542934618 0.620616962977056 -0.680924397679086
0.025533097674713 -0.0169246801558705 -0.283731349814161 -0.830651443120629
0.0118536728819374 -0.0186892321738959 -0.624086923030855 -0.077046103866914
-0.00355598941337477 -0.0273845223362128 -0.244611677208739 0.309744621618032
0.00147571394075245 -0.00101338922010969 0.107156232544903 0.134821878447072
0.0112709059031818 0.021327187101052 0.15162486318318 -0.172939834882413
-0.00407997917098642 0.0079268477901124 -0.127880228666172 0.160758288900998
-0.000122011738128291 0.0196290771504771 -0.0436576140140484 -0.15378568261461
-6.47708951589249E-06 0.0368392571873736 0.309621140313648 -0.255233772007028
-0.0348796366413864 0.012621356428409 0.505266727790206 0.220007314155068
-0.0343914528127304 -0.0446095767833742 -0.0105315583447968 0.818540237854778
0.0275949423385535 -0.104164243416924 -0.82857815338867 0.502341956900803
0.0567885457136122 -0.0321499334651209 -0.678023345612725 -0.203042249543431
0.0461882275459441 -0.00487944800491852 -0.0471443664346905 0.0697921806325647
0.00586170785053979 0.00495694500108222 0.720104924779619 0.0813000580521926
0.0386338013839451 -0.00534107272972863 0.587577849609359 -0.713838893597551
0.0290045701983741 -0.0129854835394372 -0.32021106378347 -0.810823158386073
0.00967942517414445 -0.0117470324834609 -0.611963646449279 -0.0463887245619011
-0.00739759572866408 -0.0165406234734916 -0.218416867316418 0.315073533203773
-0.00185548851571216 0.00883055779816982 0.118516627234625 0.128116538539728
0.00686149969760811 0.0273753564286232 0.149406601317227 -0.177757391346578
-0.0122837932414205 0.0106021835157065 -0.130730991647957 0.155003814776265
-0.00537213592830469 0.0265059620067594 -0.0371343661566053 -0.158207514879925
-0.00612370437023418 0.0449234098224387 0.323917802639001 -0.248898141478389
-0.0356305125526281 0.0203772422861611 0.511006320202421 0.234245004159276
-0.0309024687983809 -0.0342981384132838 -0.0224862965277956 0.822078695908116
0.0221665378405007 -0.0921962789413917 -0.836482737526719 0.480054292406026
0.0351333691765492 -0.0339583729703474 -0.659833659757246 -0.207176497382851
0.0213766409183018 -0.0124212497280712 -0.026339984872734 0.0838074553182214
-0.0118122960376126 0.00960133529449375 0.73829590747982 0.0704127428551293
0.0364801138563087 0.00827117789717767 0.578802782017846 -0.731909812936437
0.0336573513174687 -0.00223710286992434 -0.3299856139086 -0.801310632426026
0.010524393086041 -0.00423454379417374 -0.599260572182985 -0.031037964237644
-0.0124980074434671 -0.00849061319774072 -0.201887645475037 0.317614635085192
-0.00732311395771109 0.0150162101638657 0.124409052967193 0.122631239551614
-0.000762002744742062 0.0289128725254681 0.144487795424146 -0.18191482211501
-0.0226434387691926 0.00992723267379995 -0.134590433389792 0.15181724130451
-0.0113140166563726 0.029925088052772 -0.0372130374108872 -0.160587511203921
-0.00791333442420823 0.049068922780265 0.329463729932188 -0.250523444234433
-0.033154751566683 0.0307213199743548 0.521746467476523 0.235006548434599
-0.0316188534351701 -0.015415133899761 -0.0129242304085875 0.822325968691858
0.0061071423632944 -0.0752134774578496 -0.824723719605214 0.480718330295486
0.00655187725500712 -0.0394197880491301 -0.652004329790347 -0.201005749787589
-0.0108763747607722 -0.0243298509368834 -0.017137859890817 0.0918773665827191
-0.0382201579428536 0.0145720765576999 0.748220611939614 0.0749026887356629
0.0297141564014003 0.0275612600285282 0.590919307711631 -0.731203814278041
0.0384158348638906 0.0132461165516012 -0.316461161858993 -0.803325515736025
0.0119676509354775 0.00273140533917861 -0.590966473163147 -0.0287518156599325
-0.0153387207742151 -0.00499691896464931 -0.196395093853544 0.315955449119632
-0.0147377466868793 0.0175329427902941 0.124337402710847 0.11960810801706
-0.0114122320392131 0.0280208717757444 0.138102953356139 -0.186464988222477
-0.0325419220305768 0.00668107057265089 -0.13959563799537 0.147744892687452
-0.0155794133381561 0.0289015289079575 -0.0452835166930264 -0.160919748287404
-0.00537320147075171 0.0492861726485809 0.324779205154575 -0.258594610648297
-0.0278106095160804 0.0431585136001323 0.536708680880631 0.216253015676871
-0.0328691830660007 0.00628378781602093 0.0276961130183578 0.819683389038957
-0.0164210930734796 -0.0560985121341955 -0.79034317218189 0.504958607715282
-0.0261867485639075 -0.0439549662559849 -0.650737993823022 -0.180486177530557
-0.04324603548659 -0.0379201688653946 -0.0212783064839596 0.095615473797517
-0.0682175064200161 0.0167117865358633 0.752567060620743 0.0974404773530905
0.0174841594905339 0.0504038583206229 0.626845279303182 -0.711556710842217
0.0426958814156468 0.0319482336924058 -0.278582705115815 -0.814882501444694
0.0171086846892198 0.00714750987368846 -0.584539987610568 -0.0461125799101088
-0.0182437545520559 -0.0063887706225477 -0.202836688669742 0.312425732833207
-0.0212327557703766 0.0161826910270627 0.117523064538463 0.120218283037885
-0.0215175219244205 0.024167184861561 0.133086151740202 -0.189997496921904
-0.0435602389766374 0.000766297640398993 -0.143339367112182 0.147174010901295
-0.0183411228412454 0.0241050388753901 -0.0588291916720983 -0.160080116669734
-0.000407437227613383 0.0433755413199935 0.308925108232306 -0.271109758087101
-0.0188221660309991 0.0505879374963508 0.548026139231132 0.184081956783529
-0.0325679111775205 0.02973283649724 0.0870060993495111 0.808902424537934
-0.0388311982073639 -0.0352075526525765 -0.740937468802107 0.552220142319823
-0.0579029069520583 -0.0476345082067078 -0.658492615760026 -0.146922669953522
-0.0739290719874747 -0.0513545164116517 -0.039567069857501 0.0910874042028385
-0.0996382301580064 0.0158401652625361 0.748558168363837 0.132225974690483
-0.0015704924333896 0.071895781743668 0.677556752986623 -0.67115710509744
0.0434872322691678 0.052289642589432 -0.224502073975118 -0.834865185404477
0.0250727377173178 0.0116271592543589 -0.582704967622147 -0.0787519682585841
-0.0170509112169422 -0.0125632641504471 -0.222665611055718 0.304208654797522
-0.0263882404772626 0.0103804154724425 0.105342454739966 0.12294506738177
-0.0327923840774283 0.0184102019355831 0.129073696490807 -0.191357661891481
-0.0515634514276786 -0.00650799274481793 -0.146521983973017 0.148147215876716
-0.0209545140839767 0.0160223788328291 -0.0763891728124715 -0.155495449832224
0.00609025154287266 0.0329087518264046 0.28173145105043 -0.287453601679138
-0.00760529799319987 0.0539556177645117 0.554728498387471 0.141457729670515
-0.0323024331336191 0.0497032722177205 0.157594177451859 0.793837259446103
-0.0578704037065863 -0.0159682873727973 -0.682815254523746 0.608122773840198
-0.0825892229654524 -0.0469927348051779 -0.672204410072568 -0.109241799875219
-0.0949397922297038 -0.0632520997769181 -0.0674520860880814 0.0800180095739598
-0.125790783904245 0.00805858311692666 0.730167969817411 0.174381762082978
-0.0217370340969072 0.0870060424337621 0.734280895697548 -0.617177471840839
0.0423602095848232 0.0717740759029112 -0.156292417728496 -0.856789205408132
0.0340279465588785 0.014650671729103 -0.583000427168604 -0.120780564366454
-0.0128915774416723 -0.0211807890291105 -0.248533581290555 0.29334778836939
-0.0279091300721787 0.00141832929965491 0.0903453204695037 0.12746911080574
-0.0400521765158207 0.0105744424907177 0.124959347665784 -0.191833807878127
0.002225963929261 -0.000792631023981475 -0.125724579411004 0.167750423006566
0.00836156394388574 0.000370996586993325 -0.071257670775278 -0.14480677788389
0.0172761832145101 0.0145503696360733 0.26055620896654 -0.282159216837552
-0.0216519434933487 0.00605076605721299 0.504803595640732 0.151305070509366
-0.0419836558013474 -0.0377367313405352 0.104264174342897 0.78918361521642
0.00527522161809278 -0.108748500984852 -0.74241936614098 0.6076686766008
0.0631409737355071 -0.0401035768465915 -0.722679388489515 -0.140085075256496
0.065068482209389 -0.00483333728420295 -0.10937093698697 0.0396529966772796
0.0131957560704268 0.00220207040899881 0.677082688602347 0.135885997843404
0.0298370398298196 -0.0085889011893149 0.655841275433891 -0.636840298309129
0.0231485038242804 -0.0130681950815407 -0.238037478139723 -0.845314366735181
0.0165742285374439 -0.0228027254008262 -0.628770777330729 -0.106524576213334
0.000459204701840197 -0.0391775398179919 -0.266085707111235 0.303303798807784
0.00269254824578912 -0.0115042269351698 0.0929917811309391 0.139900804902493
0.0120214857506024 0.0147580539550147 0.150754276139571 -0.170876004187824
0.0014474159880065 0.00401674881036192 -0.123345122926763 0.164707500787145
0.00522849193319483 0.0107137700952763 -0.0571248809743704 -0.148280143580772
0.00836539686195739 0.0262241771491176 0.281528201091912 -0.268335970588905
-0.0296955395697526 0.00799913330978691 0.502382655800447 0.182394532612463
-0.0371783758341291 -0.0463578615059188 0.0380200141298911 0.80934853949807
0.0210392569098733 -0.109926535066057 -0.792210039779647 0.55339793309449
0.0658371895574263 -0.0346216648366161 -0.6986150728217 -0.172756229289744
0.0612536848163978 -0.00250202860398238 -0.0750365843567148 0.0554402704807515
0.0142230879759113 0.0027931524408514 0.698575154307691 0.102532249828851
0.0357395136388117 -0.0115242922011757 0.609477565728816 -0.683148466595725
0.0252129946565679 -0.0165302506367434 -0.294536469270874 -0.824855597473851
0.0121076048489507 -0.0185348334018541 -0.621918279070534 -0.0659719578432018
-0.00418972674819081 -0.0278702848392981 -0.238982516901206 0.311930821495771
0.00127728154002679 -0.000375664581539601 0.108221745542656 0.133384269476507
0.0120253947246042 0.0218245464512106 0.150733963996616 -0.173990051043428
-0.00391848698831545 0.00872680996268268 -0.125496061560597 0.160687650816261
0.000303791576555685 0.0200163595021957 -0.045698463539506 -0.153468063152611
-0.000139233746074257 0.0363829076489721 0.304440493150114 -0.257446903307689
-0.0343270605688982 0.0129272635221111 0.50575593283148 0.212417147633092
-0.0338751617886296 -0.0443993013011423 -0.00186862669318092 0.815562488549156
0.0269946977307087 -0.103402652914284 -0.819985040896355 0.508450902730787
0.0553180012985614 -0.0320370576602358 -0.678004205847445 -0.193462740098593
0.0461890194058405 -0.00510054560869263 -0.0465633302304055 0.0705034653669652
0.00601142419663004 0.00516319535949493 0.718318763271473 0.073905739838549
0.0380150683205693 -0.00608360225973469 0.57885224036081 -0.717059821779704
0.0290988276396083 -0.0129299655090967 -0.329494814131519 -0.804447158091761
0.00998763271396236 -0.0114057152208553 -0.610682440781829 -0.0384668494626894
-0.0080751705050712 -0.0169520103927113 -0.213653935632227 0.318163359579204
-0.00215955415636564 0.00822958657441083 0.119707697613402 0.126787123824687
0.00708955146032362 0.0265579829922995 0.147441633775532 -0.178023968513234
-0.0115676676066435 0.0116949823069225 -0.128338895871343 0.154975789240323
-0.00476748325767087 0.0275995532013656 -0.0395300457264208 -0.157947154122673
-0.00587874964995699 0.0455295208249764 0.321475073609542 -0.250622437866324
-0.0361308140800305 0.0208689727038418 0.512139601531732 0.227970833609802
-0.0314987579654611 -0.0340417762807973 -0.0152806750916229 0.819878129659663
0.0206549859004624 -0.091181922336792 -0.826540041610516 0.489164488142835
0.0349308551995039 -0.033868217039179 -0.6600392119577 -0.202051723995017
0.0211380020835918 -0.0125240133925045 -0.0254348966091086 0.0839413245068703
-0.0114274323837677 0.0103539441470932 0.734264559212019 0.0626642789735275
0.036369587845861 0.00725879031769211 0.567433701047866 -0.735702499573416
0.0336490335156622 -0.00305029944697499 -0.338541296894721 -0.795473359536224
0.00977267143622218 -0.00462116595867462 -0.598896646591318 -0.0223342003166342
-0.0116641962978915 -0.00848855962818045 -0.197905324203617 0.318676589204763
-0.00711805791932499 0.0149070167016338 0.124968389097315 0.121627091782188
-0.000218925317022823 0.0296009856273394 0.143152715168047 -0.182516929757196
-0.0215512957059018 0.0102933401858633 -0.133615069292404 0.151386911666358
-0.010140853514097 0.0308303171739635 -0.0391507840024467 -0.160765459704749
-0.00717832550150143 0.0500050517862149 0.327852718284715 -0.252061401158281
-0.0338497927983983 0.0318554279332728 0.524283100678204 0.229177841522222
-0.0305527177634936 -0.0162529761504139 -0.00340506422619463 0.820702296214417
0.00517293404913803 -0.0753308916599169 -0.814235694118816 0.486876382991665
0.00594528698248896 -0.0381343199316835 -0.651397490663268 -0.19483514767779
-0.0101711742325421 -0.0237376749952689 -0.0160684317011362 0.0928853553315683
-0.0380942887285502 0.0147751648634834 0.747039061835197 0.068188479116485
0.0303263621314915 0.0273879019340964 0.580059551131437 -0.735621169535258
0.0383267620981177 0.0121403925153525 -0.325979800532053 -0.795911211446576
0.0129871977818795 0.00196704623922505 -0.589385843307232 -0.0212326070452404
-0.0159199713908406 -0.00506986501512757 -0.192520724596882 0.318456876665814
-0.0149659505415644 0.0179103781752213 0.124895010727761 0.118674065236858
-0.0102314409738961 0.0288288963387305 0.137282264365363 -0.186455706517319
-0.0325044481291234 0.00723140144126636 -0.137646846376917 0.148647376015433
-0.0140550268028913 0.0301166325865857 -0.0467798650312349 -0.160898473297298
-0.00468185901428293 0.0490910770615262 0.321146861296959 -0.260652596359546
-0.0264295648537379 0.042743461826511 0.536532898594264 0.209642046796069
-0.0323960392477559 0.00573834611229856 0.0364970484070224 0.817454009573535
-0.0152688123613328 -0.0558162827027162 -0.781025720350454 0.512720900649003
-0.0270005468767832 -0.0436148959032892 -0.650640176903629 -0.17363756910715
-0.043752971542119 -0.0370616099262249 -0.0211519450189498 0.0956944998036529
-0.0680948506639916 0.0180470921289437 0.75111811924798 0.0905376732505782
0.017757637624498 0.0490440646251237 0.617800498452493 -0.714854390198969
0.0432716756784122 0.0308914643337926 -0.290259929907669 -0.810012801224532
0.0177102235841044 0.00709165607404232 -0.583253862718972 -0.0381613075438788
-0.0179700847431217 -0.00699763412865428 -0.199172235593774 0.313811922091521
-0.0209099410986092 0.0164211777600503 0.11807794114708 0.1186077148632
-0.0218755505516819 0.0249522916573023 0.131801442226017 -0.190181254243173
-0.0432288602559284 0.00084044931494065 -0.141221466331999 0.147230041886943
-0.0178788902009472 0.0249752252335018 -0.0610093730711924 -0.159800037041826
0.000887488290198836 0.0432695318058737 0.305134611538356 -0.276236985113656
-0.0168800291415126 0.0499551372108998 0.547650442359873 0.176517646317054
-0.0316554407653851 0.0298724179203763 0.0971542630990692 0.807311884590543
-0.0382098368621838 -0.0343154344283742 -0.730617147408467 0.558505190509308
-0.0579964209488119 -0.0462348455081504 -0.658970783307512 -0.142125621247475
-0.0740038947048392 -0.0503895460406742 -0.038261840998673 0.0916063851449586
-0.0984663750270891 0.0167430708748045 0.747662494103832 0.124957682926984
-0.000712508048738864 0.0711514270092925 0.667823384500556 -0.674399624156883
0.0440205057400342 0.0514502327542825 -0.236625700216697 -0.830107938243375
0.0254608053546826 0.0109878782612283 -0.58190990919309 -0.0711561640667416
-0.0167934807041438 -0.0124851655041372 -0.218762060687363 0.305806494587305
-0.025864761771652 0.0103140423690315 0.105994242481561 0.121575280003196
-0.0317427206177352 0.0190971550770798 0.126786896136528 -0.191385073215246
-0.0504154096596946 -0.0068669558628956 -0.14417013775578 0.148944140306877
-0.0199076605190964 0.0165093650030272 -0.0781712308580305 -0.155185845266659
0.00502765057949908 0.0329512484251723 0.27808006083112 -0.288723768300884
-0.00614211783848072 0.0543528447871447 0.554262282548137 0.133197735305151
-0.0314192531542065 0.0494940124378591 0.165870669913468 0.789106158795301
-0.0577751964335856 -0.0147900004130928 -0.673495167994241 0.611950593036864
-0.082877149001881 -0.0462143304366027 -0.673507156942442 -0.102382380630064
-0.0947403778742961 -0.0621308459699476 -0.0675307504277867 0.0806624629104853
-0.124292549337909 0.0105670941944742 0.731482546226819 0.167341958366543
-0.0212612771524226 0.0871783687084173 0.725221690931733 -0.623644970947148
0.0423086416819275 0.0705216299290188 -0.165545720364505 -0.851968229437602
0.0337602131910595 0.0140505081258246 -0.582799426926292 -0.112332180433272
-0.0132991667085984 -0.0215023139836482 -0.245228785447947 0.296698420141426
-0.029053959902523 0.00188889887399779 0.0901398293725624 0.126633688452424
-0.0396625327655448 0.0110905684277955 0.12330222881131 -0.192000620287068
0.00206878089715144 -0.00120819809425169 -0.124661847643323 0.167529888499597
0.0084631597930667 0.00102650667799999 -0.0730574966003806 -0.143564037126737
0.0170604233269372 0.0150757637376017 0.257446471457755 -0.28416450287889
-0.0227234523764464 0.00605135601389049 0.506263858178914 0.147182779010149
-0.0416406460654404 -0.0372130190998733 0.111126938447835 0.786567326194266
0.00495034556462507 -0.108161592554242 -0.733094246341898 0.612157827251096
0.0623096943011341 -0.0400048560234525 -0.720966718678061 -0.133902569879722
0.0651808426681099 -0.00499564458471655 -0.108762364074651 0.0402422698446345
0.0125102141607635 0.00226194425068351 0.677029152407641 0.130588834680378
0.0288685177764479 -0.00833343635298166 0.647071542413575 -0.640499798040198
0.0233941815983106 -0.012439710303221 -0.248614785975158 -0.839343027431983
0.0166155552586418 -0.0229785141719882 -0.629011698562458 -0.100077742025492
-2.54138418674266E-05 -0.0382627871484939 -0.262068707537228 0.30496243965328
0.00213114107292153 -0.0115531100443337 0.0944819765290488 0.139232420384666
0.0121029489092379 0.0152058181754262 0.149339155677354 -0.170995828282022
0.00176733391666172 0.00481012385660838 -0.121340921592385 0.163772506162097
0.00507026635731083 0.0112590914554932 -0.059203935160431 -0.147758933477976
0.00893171898465458 0.0269395929424525 0.279638032793077 -0.27050741017661
-0.0297586981683797 0.00866759720070828 0.503069181478549 0.177965446055662
-0.037920352658728 -0.0453182949903327 0.0457903207306636 0.80831939327656
0.0205283083066563 -0.109560047326234 -0.783498066550344 0.557481779685286
0.0647448324128045 -0.0346187177151763 -0.698939720647783 -0.164971554071667
0.0607931468994412 -0.00294801721386246 -0.0748863800621819 0.056404868762265
0.0144118710719595 0.00244302099912905 0.698031194278488 0.093492610621879
0.0346414948953966 -0.0118337167178021 0.599232991316146 -0.688366597096387
0.0258368539687203 -0.0168981629270997 -0.303027352544367 -0.81693912128712
0.0119766781650305 -0.0185642526508068 -0.620849369441233 -0.0591550960471507
-0.00435864806499889 -0.0276793150867391 -0.235475813737029 0.313759613522715
0.000274161365634172 -6.38426458019264E-05 0.109149801281541 0.132649095473797
0.0113634113546175 0.0220450686749602 0.148732369637848 -0.174300525718359
-0.00314456150520449 0.00858220971196415 -0.124419196552241 0.159778058327688
0.00111933950450269 0.021077912457054 -0.0482586456596694 -0.153993760146762
0.000778873366054662 0.0370013946167866 0.302234485932673 -0.260523488546283
-0.0347363765049159 0.0135693525246819 0.506078002928663 0.207897088997014
-0.0332349187911231 -0.0439927851413102 0.00749151657619091 0.815112622532075
0.026369870695179 -0.102566464327621 -0.811832213059338 0.513850386695625
0.0555128140693547 -0.0317423901801001 -0.678377489100406 -0.187641155298151
0.0458554382783461 -0.00563032185795615 -0.0457328227868142 0.0716745974530842
0.00640759503706736 0.00618805509188363 0.71763307890527 0.068957606198588
0.0377561778001296 -0.00770724244436877 0.568603377061251 -0.719490972992955
0.0283494232501143 -0.0132498800248401 -0.336848169930945 -0.796743037454653
0.00936153848434716 -0.0110840937320149 -0.609665759794767 -0.0296043471455303
-0.00820236150863226 -0.0169411413897911 -0.209481633139891 0.320575800748709
-0.00260123552071818 0.00844140136022987 0.120559152090259 0.125450730439171
0.00714635898263481 0.026861836906092 0.146543524983807 -0.178626209681183
-0.0108399327361966 0.0115746584643877 -0.127164225127328 0.155010671518419
-0.00431231901953313 0.0272958585042378 -0.0418160988749811 -0.156422291929965
-0.00514457909682632 0.045130989564995 0.31804185672496 -0.253368178430847
-0.0365225785669052 0.0206300338082585 0.513584880041198 0.222595703410458
-0.0314575794098474 -0.0344221729028582 -0.00842886249327839 0.81924063542789
0.0206304158125071 -0.090724548072029 -0.820789198228924 0.492879420450501
0.0348127691604806 -0.0332007019672086 -0.660426659564294 -0.195462639562434
0.0205603240550673 -0.0124667546748128 -0.0245848033820307 0.0846250679854757
-0.0117298231181854 0.0103592498232828 0.733511877758964 0.0562842402182753
0.0358211327154992 0.00705037392963499 0.56057314504962 -0.736839417464456
0.0339680546259198 -0.00326674330995213 -0.347250793797865 -0.788586705737532
0.00987365042016997 -0.0043685549539812 -0.596226756262639 -0.0144394768383875
-0.0121310693738326 -0.00893958155889612 -0.194881482515116 0.322166304557892
-0.00725454103169923 0.0153417099637012 0.126022997290213 0.120069739153052
-1.00496891897233E-05 0.0288951335943798 0.141243997029992 -0.182217501768708
-0.0207720007829855 0.0104331306073253 -0.132781387538018 0.151538340083136
-0.00946468980660213 0.0309921548264443 -0.041855478597886 -0.159654417908991
-0.00685157980425278 0.0489010248828203 0.322593381309768 -0.255184702978096
-0.0337958117918054 0.0317097464182005 0.525379169442041 0.222242766471266
-0.0303050394574849 -0.0171032524354256 0.00365845291440594 0.819403911223742
0.00507664729896834 -0.0749925105918826 -0.808264907263604 0.492266387791693
0.00534516260205816 -0.0371699652980074 -0.652160809336162 -0.187556544624015
-0.0104532439704633 -0.0231276649197327 -0.0152762432580399 0.0945803176399631
-0.0375007089732649 0.0148278081872233 0.745538000520031 0.0616742126449405
0.0298380127018762 0.0273755196145857 0.570949086767615 -0.73841137975817
0.0389302448520572 0.0114900300766569 -0.335919911324835 -0.790178834085717
0.0132741086261457 0.00152912870200204 -0.587762644587082 -0.0153394263109168
-0.0164634899609133 -0.00559744045545102 -0.188089354301677 0.320856208419925
-0.0144485673706397 0.0178812581074039 0.124287530157855 0.117703758212311
-0.0100878078064655 0.02901692797794 0.135400306839751 -0.186864467082197
-0.0314746665788979 0.0073334159270132 -0.137639684347827 0.148987122909138
-0.0137615179889294 0.0301719436827676 -0.0500314160999554 -0.160510676726114
-0.00423096017631429 0.0489886554007798 0.318226962881524 -0.263333601608762
-0.0270462538048988 0.0423707199467007 0.538295392785132 0.203623286455679
-0.0304663735122838 0.00494865563966746 0.0433019426129729 0.813585248238182
-0.01598790140152 -0.0554214166644625 -0.775652921676379 0.516337109786012
-0.0264622720783675 -0.0424412563795347 -0.651915128290119 -0.166685918252003
-0.0442266912968419 -0.0365844209273962 -0.0192547252875567 0.09639830551712
-0.0674332033251089 0.0189149592325268 0.749218273658785 0.0832772649225272
0.017913663594023 0.0490301297311348 0.607480056130542 -0.719470216267648
0.0433875424288638 0.030475692414762 -0.296624448804013 -0.803687050184032
0.0184737075447133 0.00626529488853707 -0.583453816215655 -0.0311601997597622
-0.0185831862930147 -0.00565096151178846 -0.196288528264222 0.316959524605167
-0.0209891801928623 0.0166249975674206 0.11803707329536 0.117384318794864
-0.0206858503162346 0.0252428156199237 0.130542479167045 -0.190171222046314
-0.0410886919261408 0.00209173131946181 -0.140872719994365 0.147579915377339
-0.0164774070395882 0.0250551410777295 -0.0631530168738215 -0.159013252733093
0.000240659568669664 0.0434467573791129 0.300994659665779 -0.276152286152329
-0.0171448943508806 0.050399355474074 0.548846263134284 0.170998017192532
-0.0311040516732857 0.0288485637697716 0.102164130992192 0.804089272078026
-0.0386085366686404 -0.0334944074284589 -0.724586613097313 0.563265053215889
-0.0580562231673323 -0.0454948569239297 -0.657877549898295 -0.135905685436055
-0.0740132197109006 -0.0496324350652886 -0.0378857972997294 0.0923036934343174
-0.0989151653035173 0.017822903374638 0.745977306612289 0.117752264929076
0.000302629407870642 0.070577101528051 0.658664456564123 -0.680297164601386
0.0447995497146129 0.0512359239379397 -0.24392452726786 -0.823409896804304
0.0255661839504094 0.0106399516342825 -0.580985428981642 -0.0631412844985367
-0.0173461246400583 -0.011815314439857 -0.214535718930515 0.308517788917389
-0.026452992259782 0.0107603749489842 0.106262558352159 0.120396442069962
-0.0316710699199766 0.0188392711980571 0.124833094577862 -0.190934413012943
-0.0492660993342282 -0.00569145949895628 -0.143655935434074 0.148381059014952
-0.0194360386256084 0.0169436017342909 -0.0805248424111498 -0.153732841903481
0.00642899821856559 0.0326055764734238 0.273965450667509 -0.29155778483486
-0.00706152427652399 0.0544518677386511 0.554569826998242 0.12667413293669
-0.02930382223121 0.0488631375096242 0.171840157092442 0.787795726922121
-0.0575207324548896 -0.0139594556484536 -0.665007554454235 0.615087459999425
-0.0823145398697327 -0.0442843626575677 -0.671513103550467 -0.0962029501356078
-0.0959305487500772 -0.0609251626754175 -0.065800115463166 0.082828744434164
-0.125225413230367 0.0116498061519651 0.730375858043158 0.160620207748052
-0.0203740222114147 0.086776575567046 0.715686338516539 -0.627750417327689
0.043374451858181 0.0699409368995819 -0.176423088116442 -0.847102401692739
0.0337088053932886 0.0133669470005787 -0.582089281763226 -0.104836496056041
-0.014450148642616 -0.0214712902578736 -0.240976170921768 0.298222422704542
-0.02883694839688 0.00209523556989197 0.0914068380141603 0.125975599695694
-0.0394091913805853 0.0117010625098639 0.121551841119423 -0.19089714874911
0.00272604499555399 0.000176604198477355 -0.0670678090689347 0.197071261824685
0.00704931492791899 -0.00198957915852436 -0.116306427235114 -0.115114159558934
0.0203053334126835 0.00666811240952195 0.156136122177532 -0.350454928557406
-0.0167970748058067 0.0138555495216506 0.529359130709068 -0.0183512935376575
-0.0474181077240912 -0.015923613472647 0.346483561085473 0.712463456171657
-0.0372042831258541 -0.0959431450320122 -0.498184580099012 0.811997441820531
0.0421394878912701 -0.0582968864883267 -0.72633850587462 0.107911309556341
0.058509430106433 -0.0232015868632207 -0.0895227546301422 0.0745776172513636
0.0136780076769847 -0.0022840967216305 0.67863588920977 -0.0838411356253091
0.0215056016253795 -0.0179845099871352 0.418695176312953 -0.799222777905008
0.0200588860595661 -0.0201367797369208 -0.492078646226496 -0.706298813869329
0.0100696585942169 -0.0272626589112183 -0.622078193638125 0.0964969786065196
-0.0113435584406765 -0.0360179951875274 -0.154286634485417 0.370000512259366
-0.00246587808359913 -0.0126639974852559 0.12992148606879 0.103870197965009
0.0158124719171683 0.0124635038279681 0.0917054177521008 -0.202540198947494
0.00458063318381432 0.00586291794374973 -0.0659348195727475 0.192867558710497
0.00744594357519117 0.00902481832173185 -0.102895345442435 -0.122722079766729
0.0154569798649421 0.0193425630176713 0.18141845174411 -0.341834749903887
-0.0221628070260152 0.0185462697836336 0.53546910416439 0.0129044404562038
-0.0465300140523322 -0.0230912404277105 0.292883589537547 0.751613668914917
-0.0250028073772943 -0.101535714611248 -0.561199023509112 0.779007837913641
0.0466380090730975 -0.0544900331672435 -0.717422572466755 0.0709300699178831
0.0557074799249578 -0.0199706256110496 -0.0522331158294723 0.0787412461884896
0.014874652856978 -0.000910224377680388 0.686726343696509 -0.124410468602683
0.0251786911478097 -0.0222210499348311 0.358491418362464 -0.828550745308419
0.0209264819557424 -0.0247163106972653 -0.536349967135498 -0.669801917337043
0.00723220643769274 -0.0211069345361144 -0.603208466655705 0.131128140381573
-0.0120451322090178 -0.0247429851402251 -0.126291864120678 0.370439906600032
-0.000821158782595104 -0.00171916297358935 0.142787557085241 0.0934320536205094
0.0182559484157063 0.0186768694766739 0.0907378969628658 -0.206064984023887
0.00185057113667383 0.0115143091796084 -0.0702878866276511 0.189371772646147
0.00687476949591461 0.0190250739689276 -0.0952729749179824 -0.131796239239719
0.0119697535468199 0.0319019543511435 0.204625080008165 -0.340229405771535
-0.0249029486841948 0.0246747481412488 0.548528171187748 0.0388654451549244
-0.0428163659607358 -0.0232711978030156 0.25747462163901 0.77051428314046
-0.0178403002923464 -0.0986656209515531 -0.602153355565148 0.746916352858032
0.0385227271306562 -0.0488876468260129 -0.703561289674239 0.0443324368568858
0.0411532362351462 -0.018529755307513 -0.0199345041361479 0.0838380611895914
0.00778414996416254 0.00435079388771412 0.696499143098211 -0.15609521815362
0.0298222909634426 -0.0180178015670825 0.318950384463441 -0.850007095179048
0.0250112461545401 -0.0225988633141621 -0.562753776181326 -0.639296540156892
0.00684626888253825 -0.0151443542382122 -0.583223758538274 0.156727281424671
-0.0129468387351878 -0.0125457219762414 -0.100021425083327 0.367480119786243
-0.00179492377368073 0.0077124261516526 0.152547434181009 0.0842732970538396
0.0149751550850756 0.0245278091573723 0.0870431024499072 -0.208879590137458
-0.00511902737929787 0.0165570415110879 -0.0749143330532379 0.185849527126995
0.00436286951052186 0.0270076185434517 -0.0902587888440179 -0.137954944652285
0.00940400375684967 0.0419492747041314 0.222227803822736 -0.340287260230035
-0.0235703150960249 0.0330715923243138 0.558703830254878 0.0507177952698075
-0.0375100788688719 -0.014829782115729 0.245293155234986 0.779795473000923
-0.0196839183961577 -0.0861015624240525 -0.617809001292257 0.726703106759023
0.0181984838978323 -0.0432653469253622 -0.688627195088888 0.0315678221584171
0.0156830488630269 -0.0178115512278709 0.00390596159824358 0.0889602446649621
-0.00732499674360561 0.0135737580183668 0.708518114590385 -0.172446346741537
0.0320735578867132 -0.00465545566411205 0.304988828285333 -0.863735409818317
0.0319405425563557 -0.0145658067246107 -0.568732811441365 -0.629550691975882
0.00923808374756079 -0.00804590303665984 -0.565923250982309 0.167882384376687
-0.0144666162747105 -0.00409977180491315 -0.0858528307248935 0.365391063806574
-0.00391235693542892 0.015583440529101 0.155036093514343 0.0762042563800808
0.00856998514373081 0.0299435676281603 0.0821741365119829 -0.21151770382242
-0.0149742636186246 0.0196276761037688 -0.079358858415092 0.183579366394509
0.000373021663984802 0.0320514146940567 -0.0914464067473485 -0.140244749928978
0.00971650273774684 0.0460271071017422 0.226074106295514 -0.34326346334635
-0.0173867045498279 0.0414359453359899 0.5697252964224 0.0471706105211503
-0.0317686016995494 0.00236367414537362 0.257183971443732 0.776391298340025
-0.0286352417814348 -0.0653390437449058 -0.605310215881429 0.721010383523825
-0.0113131826135397 -0.0383745970040739 -0.67795003468207 0.0356665239758412
-0.0155234350515343 -0.0177804833717323 0.0170155508479869 0.0925919704139908
-0.0297183889939679 0.0266981472407125 0.721617348552311 -0.171013766492825
0.0320143409857995 0.0157430937204536 0.315179212663795 -0.867553468890618
0.0420974792851539 -0.00316488089320717 -0.559602932932098 -0.633753326388835
0.0139354871693965 -0.00265513754135753 -0.557019431804538 0.163127203070768
-0.0162789236984055 0.00017264368434769 -0.0795228921774549 0.361329098909298
-0.00933108398519127 0.0207129471584799 0.153951671755146 0.0740480862017846
-0.00171096733094637 0.0320161299315394 0.075629964261398 -0.214144077443966
-0.0264076153043734 0.0194165076931328 -0.0841586971107626 0.181441404736527
-0.0031973970182712 0.0333118917628299 -0.0973593981200426 -0.139408160146877
0.0112445368336379 0.0451652754196401 0.218371368404302 -0.349881790889218
-0.00665441466131381 0.0487466732527412 0.574080538547625 0.0271335837642294
-0.024587493077625 0.0231248895537153 0.292879533899534 0.75708129247014
-0.0413405552895633 -0.0404113707884375 -0.56690329268757 0.734496282474311
-0.0442666324290777 -0.0321930346391676 -0.668434886488579 0.054082207111118
-0.0520816134067279 -0.019971946450897 0.0135159166438183 0.0965354162606869
-0.0568725335362892 0.039190434973681 0.731639582989834 -0.151544259727877
0.0281752526952992 0.040625236294936 0.356403713838775 -0.861204283077172
0.0519768608604105 0.0127826275857141 -0.531126298420426 -0.660012687208545
0.019434434418489 -2.0199348523979E-05 -0.559057477829963 0.147705064777978
-0.0189371055638238 -0.000764798813958637 -0.0879803549215257 0.359623389163832
-0.0162075667961215 0.0217230476575405 0.146958098774164 0.0766645592727271
-0.0131613808740749 0.0319643631151191 0.0695776400977221 -0.214453611127958
-0.0379758132109725 0.0160909854413505 -0.0887203959802294 0.182330446380932
-0.00814814516141068 0.0299576213311889 -0.111161294677211 -0.133641831449769
0.0141917859240444 0.0373595264137867 0.19793452730693 -0.357355237568992
0.00435369798786964 0.0531473968362572 0.574371297318817 -0.00871041874833158
-0.0166819662398899 0.0448637225763377 0.34370933083091 0.729059132883636
-0.0560246613109666 -0.0130225676052314 -0.505170907082403 0.759400818271281
-0.0753219670069965 -0.0242804742528499 -0.664319183476077 0.0859327378894305
-0.0841081168480569 -0.0236713238383767 -0.00429629529944757 0.0987315942050315
-0.086631172533018 0.0478153988016786 0.739006571068366 -0.118329116814757
0.0188710887406458 0.0667281659296927 0.416191288081279 -0.84049661051483
0.058780619820745 0.0323689936584873 -0.48465603104828 -0.694302685992221
0.0290421224883608 0.000971560762735774 -0.567737096023491 0.116101269233105
-0.0201894826563834 -0.00548845233990643 -0.108540105533767 0.357682343374979
-0.0219578236478257 0.0176106740438375 0.137282944990167 0.0834115693912169
-0.0253786748883254 0.0296647189082239 0.0644858618530434 -0.213529928905225
-0.0484431211309472 0.0129215809485346 -0.0897527540243285 0.183995912380171
-0.0144940366217002 0.0230176375944787 -0.125772951840041 -0.122453358568742
0.0159271842933212 0.0263415881419933 0.168747396721406 -0.363242492036013
0.0159684419453627 0.0532943585939724 0.566310681023435 -0.0519769374888959
-0.00843131446284613 0.0621762930553681 0.402248127239299 0.691378580720871
-0.066776046396145 0.0118375577789371 -0.433930847657107 0.792142230653616
-0.0984059620090118 -0.0164037606096831 -0.664399754640318 0.128114264124739
-0.107358991965307 -0.0275855339602917 -0.0336834988397714 0.0968621871290655
-0.112285100263579 0.050246562411875 0.739835892810343 -0.0751333137677036
0.00437171168416912 0.0873997072086621 0.486241335331128 -0.811343195082721
0.0642954543689693 0.0515067744682217 -0.428637133549043 -0.73796608665883
0.0378268769036011 0.00150948483597134 -0.582115333424082 0.075250351901632
-0.0194939597402393 -0.0159339751727168 -0.136300235193009 0.357891155692565
-0.027838935162262 0.00981347117199127 0.123812445704972 0.0934597653472568
-0.0342340946054974 0.0245667327993326 0.061070925391383 -0.213399553076835
0.00394628810153251 0.000521367537861821 -0.0654209403390959 0.196643922938948
0.00744452833599586 -0.00153063095129176 -0.11729893037015 -0.114310198130374
0.019578034734108 0.00618110560971499 0.151590677887481 -0.348440761680588
-0.015566657677534 0.0149738974536118 0.526673667219131 -0.0231337544777578
-0.0468669150846207 -0.0146238055424363 0.351425500807325 0.708378423037864
-0.0380396569467121 -0.0944431804810106 -0.488084482158593 0.811085921022962
0.0412688820949014 -0.0580308513914682 -0.72320273851328 0.113847883874197
0.059007839658476 -0.0235578317093521 -0.0885185498973123 0.0752993909850909
0.0135287343525035 -0.00163859065914351 0.67494607015266 -0.0893245404032351
0.0206085647782652 -0.0179343836168679 0.409787120820693 -0.798967661733527
0.0199841101626145 -0.0207390974328578 -0.496389066695636 -0.6989710050249
0.010722976401338 -0.0276058530441868 -0.619372427991749 0.10274610585268
-0.0118966855759396 -0.035820692525504 -0.15058856025634 0.370200477106478
-0.00365277925549857 -0.0123426978154824 0.130034540340368 0.103051650100223
0.0159080347155422 0.0123344165959865 0.0911479314724735 -0.202455472699305
0.00495166221771755 0.00530284946261994 -0.0654696472341679 0.192477212861859
0.00855849459285904 0.00869517797335556 -0.105780722366852 -0.121674079828118
0.0161638514933469 0.0197810222968952 0.176532684804896 -0.342912585135861
-0.0221605331826761 0.0192481645592823 0.534516245467319 0.00785199588805607
-0.0470350860783113 -0.0232722245090529 0.296530170063758 0.747910099037394
-0.0249599977937427 -0.101655969949064 -0.553915578674204 0.777742525845809
0.0465539065716492 -0.0527837438919205 -0.714802811931197 0.0755261468695548
0.0556647818499409 -0.0202718555376811 -0.051449632780428 0.0789732273776263
0.0146903930794506 -0.000688051720337035 0.682312377948493 -0.127656223409793
0.0254456924179966 -0.0226323635547125 0.349043170856227 -0.828003377834757
0.0203007273348471 -0.024757218961952 -0.53981225065737 -0.662881182204422
0.00732501683872021 -0.0217657040883584 -0.601052534946813 0.136426189649589
-0.0131831614278204 -0.0237620035419277 -0.122888152664446 0.370706364004058
-0.00117484852718034 -0.00166486791719333 0.142978174930402 0.0926355558781665
0.0172699606773497 0.0186438736494606 0.0894965797969614 -0.205940693052489
0.00162238671332311 0.0115556192170463 -0.0687860480272267 0.189471275404884
0.00775765277991715 0.019391059010579 -0.0964763257731546 -0.131349206136426
0.0122185400232622 0.0326016336765997 0.202504930405705 -0.340232346157873
-0.0249964957126855 0.0249016979495436 0.547333865259309 0.0347450181936886
-0.0423924139768037 -0.0235367143748692 0.262753935809694 0.765190808870621
-0.0181108465144295 -0.0987591456192526 -0.593946378545903 0.74648188250065
0.037935594590416 -0.0481684731625189 -0.703560666010897 0.047439727905229
0.0409833017067545 -0.0185924968842288 -0.0195933718006787 0.0840375008499902
0.00817332384653955 0.00386904601138344 0.692681628676363 -0.15979320764065
0.0293071303152906 -0.0184021701419228 0.311478974624736 -0.848835907490204
0.0250550779586329 -0.0230920770166514 -0.567280673815666 -0.633491386491803
0.00681592201199971 -0.0152887499508322 -0.580187174627479 0.161788460131819
-0.0128875811199883 -0.0121332971838098 -0.0965903882218414 0.368569911751644
-0.00179343113017524 0.00881830996227743 0.151839690913147 0.0828918854194129
0.0155845228430291 0.0253716240445186 0.0855911901727754 -0.20881685941344
-0.00435325736261934 0.0160748647292404 -0.0735347066377771 0.185069869819737
0.00524725023787281 0.0270820626202002 -0.0919187936911072 -0.136627646301082
0.00989126378329962 0.0416449345916944 0.217537817088308 -0.340326639185543
-0.023835909260363 0.0332238571144632 0.558357763983734 0.0474135603449609
-0.0372083872216946 -0.01426451671142 0.250189852966445 0.775632629860377
-0.0195044268643584 -0.0850066135445016 -0.610128468671983 0.725782074554114
0.0180898511588054 -0.0427750428206152 -0.68768153023193 0.0345428867084131
0.0163240965818689 -0.0169704943369391 0.00467908923729795 0.0885132181683564
-0.00689141184590615 0.0141106461165026 0.703430402489614 -0.176691718692947
0.0315792311700847 -0.00554351356877681 0.295835359274078 -0.861390981123169
0.0323119876939258 -0.0153938790871258 -0.57330511686222 -0.622237761374681
0.00891437667617965 -0.00815865409551491 -0.562714193341991 0.17207026234475
-0.0154255930301769 -0.00395805053846839 -0.0802949995153924 0.364698946655172
-0.00414336261664494 0.0166991764961886 0.155126641303454 0.0750235211663154
0.00872954782314083 0.0294835799178205 0.080505140515292 -0.211111323872987
-0.0142124706131533 0.0196201808541906 -0.078693550577419 0.182343629461651
0.00172562030767671 0.0333024351642651 -0.0929693950768894 -0.13986764908423
0.00954857471400803 0.0461657678040903 0.222516181588422 -0.343615654401895
-0.0172202136149829 0.0415819128328187 0.566596532872321 0.0438569517759475
-0.0314192633651401 0.000897050681666869 0.259658764981887 0.770674556572645
-0.0282724707047505 -0.0651737905300319 -0.59626425904194 0.72266701206704
-0.0116693040307195 -0.0381849797046978 -0.675126944229245 0.039841328251579
-0.0163232078077716 -0.0171965136152418 0.0172762253026816 0.0930442617016735
-0.0294871338999458 0.026911040033976 0.716829154786482 -0.175975388732992
0.0317073120926699 0.0153770507189761 0.308153521059397 -0.866118921799523
0.0417775716831917 -0.00332611700076902 -0.563322606422363 -0.626302739841667
0.0135590274478585 -0.00342812157503637 -0.554553743937612 0.169059267403314
-0.0170785847977735 -0.00057262847518506 -0.07706075773003 0.362480837947212
-0.00975662126180562 0.0211639056291629 0.154035075839103 0.0728787955460842
-0.000177842527196936 0.0318079484603084 0.0739610289843804 -0.213932826708029
-0.0257013928484082 0.0196082583408322 -0.0843595347222156 0.181032996268131
-0.00298508225369531 0.0325231459404786 -0.100777585380922 -0.137447218985914
0.0122606997773841 0.0451321269122325 0.21560339905731 -0.350769821053654
-0.00693717624676319 0.049379253281474 0.573560476530978 0.0210635274171697
-0.0241853516693975 0.0220572414353391 0.29621118224559 0.755672004057958
-0.0410636688506432 -0.0399305339938963 -0.558829350695872 0.733433515151996
-0.0442018953262748 -0.0317422993511507 -0.665828556160459 0.0597885864803354
-0.0514972169490527 -0.0193660383417301 0.0143980260343903 0.0966523075444278
-0.057127637733031 0.039290723259626 0.730495002055901 -0.158054894358943
0.0282599855678621 0.0406450205530344 0.348089111798706 -0.861117202461262
0.0509199030935623 0.0129445012121098 -0.533160197227082 -0.64859774717102
0.0201213336653228 -0.000148323212892879 -0.554468588790861 0.151471457059919
-0.019025589589294 -0.000417168599916463 -0.0851748546650738 0.359498758159249
-0.0156235035207491 0.0215312574337193 0.147232015192611 0.0752857259546992
-0.0124737392047541 0.0314308828748401 0.0676546060535272 -0.214466768954154
-0.0369005456612155 0.0171618672756396 -0.0877106277960143 0.180639215568266
-0.00792644216019792 0.0295236076267522 -0.112371927803506 -0.131514000330297
0.014305333734027 0.0376258999356992 0.194027980462095 -0.355961207844551
0.00471291653453749 0.0534141219074207 0.573412752158733 -0.0136378772758474
-0.0158618404234242 0.0430698960702185 0.34746140216072 0.727132197508708
-0.0559676478667608 -0.0125957013313301 -0.498496550130914 0.760789113823361
-0.07498609390832 -0.0235686624042303 -0.662943166236679 0.0904034564067139
-0.0837236891357445 -0.0227079033147762 -0.00315049819530187 0.0985291695085788
-0.0861220172894255 0.048011921484005 0.735919913177286 -0.123160547227121
0.0182518376312231 0.0662389730566009 0.407901730586106 -0.840384392203601
0.0602587124040314 0.0315542115061665 -0.490826331584211 -0.687703509351208
0.0290832552354788 0.000832202417829997 -0.564093498106413 0.120620130346856
-0.020959705991471 -0.00641665100911702 -0.104924959037571 0.358280854889611
-0.0224049325800338 0.0182365158049927 0.136638818682104 0.0827651192752234
-0.0238845266223831 0.0298927949663296 0.0635893079380318 -0.213693482887501
-0.0479008720538427 0.0133090076582924 -0.0891720405513884 0.183854484311783
-0.013227528070267 0.0221512441950898 -0.126976159436678 -0.121842651574951
0.0162981832770082 0.0264859645327702 0.165847453201426 -0.361891169130951
0.0153742973408322 0.0534391136713412 0.563999703637705 -0.0562221122212202
-0.00790623207377322 0.0613718310218796 0.406127614411159 0.687410593433635
-0.0665633661519892 0.0128377171605733 -0.425714406029359 0.790240466035159
-0.0972803005285395 -0.0146723837991542 -0.660780687332278 0.130899320399978
-0.106853379132392 -0.0263213036107937 -0.0328185042187526 0.0978438400693029
-0.11238509014831 0.0505751357491499 0.734326895349991 -0.0785794323914872
0.00483780004640561 0.0864857305036255 0.478111598818718 -0.810714903944726
0.0641436132375668 0.050612889876837 -0.433721504700155 -0.731123883737253
0.037694907750717 0.000545765418690156 -0.57920076885125 0.0803083871973002
-0.019574826839854 -0.0157451415160111 -0.133279245667329 0.358359268119223
-0.0277498296765388 0.010429235657602 0.123790572974383 0.0928278001306628
-0.0333446747999952 0.0241614409019384 0.0603528392810048 -0.21243720279667
0.00450356333435871 0.000151589170158097 -0.0658362172746421 0.195882801551773
0.00817590885746821 -0.000787568988036103 -0.118909674949145 -0.112553877270817
0.0190773680215641 0.00641133322384709 0.150212444103957 -0.349078689853348
-0.0163399459829715 0.0148000480493661 0.525026633491568 -0.0275946320352333
-0.0465193642096404 -0.0151862019751159 0.355446637651547 0.702712092009907
-0.0371780733534835 -0.0945729087104159 -0.485060544869695 0.809035976015945
0.0415867844213005 -0.057386223826233 -0.719083728222785 0.117860866661545
0.0584636532913084 -0.023424331565371 -0.087733649093844 0.0748602926918452
0.0142458480446038 -0.00161128137450801 0.671382060702378 -0.0925332295605862
0.0202853764136484 -0.0190217571637184 0.402990871545812 -0.797596017523656
0.0194629611548385 -0.0205063258148253 -0.499978956782338 -0.692691725955349
0.0100959063785321 -0.0272800409839495 -0.617111054611497 0.107464365937402
-0.0127032962918507 -0.0356857785157561 -0.146655433351291 0.372156688927135
-0.00374329492928172 -0.0123938295047616 0.129952536561588 0.102629604215094
0.0157207829506484 0.0123393001363189 0.0901706677820108 -0.202833429609382
0.00545377620087318 0.00528719485636429 -0.0647144262716817 0.192124611251296
0.00876881965143711 0.00883194661476334 -0.107201711683109 -0.120839533284417
0.0162047293587577 0.0202702431431014 0.175586749215547 -0.342523286166765
-0.0218156454725176 0.0195781796173647 0.533626614970473 0.0037239850081169
-0.0463011711240253 -0.0236897058040679 0.299777128802919 0.743529590959687
-0.0254160385793029 -0.101309037678308 -0.548291157540596 0.777209832607136
0.0462518018019249 -0.0527703986204673 -0.710451471567664 0.0773312929388672
0.0556461774469595 -0.0205098488176556 -0.0509678231727182 0.0790213709614527
0.0145516253177461 -0.000596883724458659 0.678437301030091 -0.131757658504086
0.0249234519928737 -0.0229827453167327 0.344495090723744 -0.827654848840328
0.0207332857954637 -0.0254469787575216 -0.545201622978248 -0.655732089587506
0.00726735089608013 -0.021347420084106 -0.597166208085277 0.141694316313108
-0.0131991063524682 -0.0236978546260732 -0.119591010080033 0.37087322736293
-0.0012671961699465 -0.00128062347936596 0.142542304890175 0.0917686897790151
0.0175075953994364 0.0190999513808421 0.0887857709676827 -0.205214371085331
0.00209837938996982 0.0114441569139019 -0.0690051963922543 0.188124014114704
0.00780901120835222 0.019403272547437 -0.0979455882115991 -0.129619881991168
0.0122333376513529 0.0326562625285979 0.199790967529625 -0.340802742271461
-0.0248692953353684 0.0263265434155444 0.547072036506103 0.0309441458074171
-0.0424789531829231 -0.0240068469819695 0.266452591364493 0.763026551452582
-0.0177170000207951 -0.0976522931205805 -0.587593564333448 0.745603082038776
0.0379529369865058 -0.0471877193737526 -0.699736248699062 0.0512989542866894
0.0413211235217628 -0.0186888501591835 -0.0187890089110866 0.0836201746120075
0.00821950203584105 0.00464199891526088 0.690326919798043 -0.163796957688417
0.0292937040041712 -0.018268180352491 0.304071335129273 -0.847824891187565
0.0242026297676836 -0.0231637230118751 -0.568888735339915 -0.624775810120942
0.00676327698151012 -0.0153262946613592 -0.576992055131014 0.167271155316033
-0.0140334479806223 -0.0126798771577156 -0.0926275695047913 0.369226123623921
-0.0016322155228394 0.00910289003847365 0.15239929630702 0.081663595067661
0.0156088209656353 0.0251178350727523 0.0853478505616482 -0.207826843195274
-0.00452954427976804 0.0156079706552899 -0.0730830220543263 0.1849173734292
0.00597533592762407 0.0270867517061397 -0.0936859163233381 -0.135384956860768
0.00957823057538486 0.040965488581807 0.215900806121301 -0.339927397805757
-0.0233192328272742 0.0342570186448026 0.556828156178559 0.0423815677307833
-0.037565791511302 -0.0148942483482193 0.25476381333232 0.773264474584108
-0.0194573464581539 -0.0853467212233382 -0.603160738668876 0.728188217702873
0.0176473728990925 -0.042217231136566 -0.685211718113723 0.0397769054123391
0.0153597304248006 -0.0169337951673577 0.00531457823958812 0.0882590036249312
-0.00720035019150786 0.0139905667873678 0.702466802814878 -0.179333285671986
0.0315713758078555 -0.00486576860397458 0.290227811731345 -0.860777899828325
0.0328164977831424 -0.0161504733845272 -0.576910424558638 -0.614568200059546
0.00945055473363124 -0.0082172808260945 -0.559947542724505 0.177121457305196
-0.0159100645368774 -0.00425181709034072 -0.078516618683376 0.365294698666216
-0.00419806542158587 0.0160441751847 0.155008244135541 0.0745627714571413
0.00914672528882782 0.0286519557370208 0.0798108944435423 -0.210826509291926
-0.0139373739426856 0.0185562428884895 -0.0785036348956554 0.181939072766612
0.00243809236865947 0.0325278020253285 -0.0952662753438359 -0.138508779066755
0.0104831554210013 0.045476387972969 0.219842849511952 -0.342730961831098
-0.0167237276337944 0.0424283381479192 0.566180565890493 0.0393272126252925
-0.0306370359154297 0.000365925601901705 0.263112193462579 0.768119916049907
-0.028477063855182 -0.065051912224449 -0.592199030535203 0.724797077749813
-0.0111184849870523 -0.0364425095277058 -0.674262577690307 0.0425251473602902
-0.0165343610854255 -0.0172544853915835 0.0176106901583084 0.0932661709560896
-0.0291130978655485 0.0272623798837564 0.714420832456014 -0.179527915316556
0.0318212676514689 0.015427546372315 0.300899068572653 -0.865367646509252
0.0411085336460457 -0.00330159563868263 -0.565178150222603 -0.617972580143042
0.0132891349125501 -0.00394924375184712 -0.550688554929576 0.173382229310418
-0.0176520997253707 -0.000256591371212877 -0.0729886681330192 0.361624351145896
-0.00909707587549827 0.0214430266515418 0.153758873987446 0.0726604178217349
-0.00023968995408801 0.0318870580218065 0.072637667532256 -0.212819668032127
-0.0250975071882303 0.0197417406126089 -0.0836179047907505 0.180634092319947
-0.00177418029675245 0.033526487918619 -0.102163195736341 -0.136340445080538
0.0124119860143132 0.0449989655692823 0.212286693101846 -0.350475348477809
-0.00707411170201052 0.0497232763951538 0.571894080018328 0.018625183525751
-0.0231603210330755 0.0220982001331385 0.298252512010714 0.749782339801475
-0.0414067653451272 -0.0396345714663877 -0.553344763369984 0.734698390240826
-0.0443699632178738 -0.0301569414005445 -0.662901286960725 0.062199458784151
-0.0515452947898559 -0.0187824461257619 0.0148965027324669 0.0966140094033496
-0.0561220340438683 0.0401745792179839 0.725658520319568 -0.160665657755854
0.0272412180761634 0.039816346326648 0.34100980514719 -0.856176862033649
0.0520318890651471 0.0126951495754011 -0.536058057838229 -0.644399213967103
0.020142107129123 -0.000459833503738807 -0.551762099506832 0.155620711191689
-0.019046272306732 -2.78977246670996E-05 -0.0816971868442391 0.360132767783326
-0.015912260788725 0.0216787264487811 0.14735098461455 0.0751581073776425
-0.0115522222954857 0.0319483772250335 0.0676668716655351 -0.213891500105431
-0.0366439515053635 0.0174542086451769 -0.0875653464497397 0.180939706640043
-0.00681002875448461 0.0298101893913738 -0.114232604289213 -0.130427056505573
0.0146645537944701 0.03828247327743 0.191819184820635 -0.356680688422233
0.00536812182794985 0.053749569084345 0.571285356035039 -0.0179509882824233
-0.0161189479632746 0.0428616368646894 0.3512726080287 0.72190035182388
-0.0554756734132763 -0.0123482263753683 -0.492485378341662 0.758665071092454
-0.0747504320397964 -0.022756861449753 -0.659074727231549 0.0951588456686461
-0.0829360676756288 -0.0220110798594482 -0.00269318007924826 0.0984102933167109
-0.0860269966717227 0.0487637582780498 0.732915368477951 -0.126711255909386
0.0185895614383687 0.0642049060375745 0.400590095205702 -0.838723479013087
0.0605066619228452 0.0304654481331872 -0.492649188124675 -0.680521073289884
0.0284710642749113 0.000355394978593736 -0.561131168879688 0.124923686846392
-0.0210825452443675 -0.0062458370967988 -0.10268917719903 0.358667814512244
-0.0224188056536944 0.0176466805300633 0.137132132233271 0.0818050636299014
-0.0227784613157962 0.0293323872142125 0.0616527667381326 -0.21252403501392
-0.0457724490868808 0.0130186752183489 -0.0882795264925193 0.182264342402529
-0.0119306260784465 0.0230786016595878 -0.127565401732768 -0.119408607136842
0.0168605598751873 0.0266617281816721 0.16272019375953 -0.360737672456419
0.0152814790232706 0.0525539703945762 0.562187264414849 -0.059276822924865
-0.0073853151296925 0.0602754228611209 0.407502325390583 0.684760307152497
-0.0657815910065206 0.0127892407441741 -0.41958761359278 0.789804606127717
-0.0973273968033889 -0.0136590149084851 -0.657468929155657 0.134777386553689
-0.106581982399804 -0.0258854668378847 -0.0321744899538662 0.0984681405450658
-0.111354820581895 0.0507355313081599 0.732738420158511 -0.083064864664749
0.00502890457740986 0.0856876976275368 0.469804667358559 -0.810585687197435
0.0649753430909127 0.0489266264268116 -0.439015901917146 -0.72465925395692
0.0370150283305013 0.00106762972245932 -0.575612281918136 0.0865379231015781
-0.0199992808599833 -0.015438797203596 -0.130148181937767 0.359489671446848
-0.0280095468745512 0.0111701439145937 0.123503967823994 0.0916740633159795
-0.0330241662327016 0.0250770893946381 0.0588302691314477 -0.211522837857624
0.00417083960981887 -0.00065035075544851 -0.06557866801995 0.19539103660308
0.00882196907343931 -0.000832636622527748 -0.120267543545731 -0.111548317497452
0.0199443426497812 0.00711406422628881 0.14683182530677 -0.347583258765767
-0.0162059476218397 0.0153804154367346 0.524778706360371 -0.0299043619071865
-0.0463195308818041 -0.0155358980265396 0.359531877513654 0.700362053311507
-0.0375437662841339 -0.0935633317546747 -0.477182290780863 0.809412751908044
0.0407900137667107 -0.057015575169481 -0.718154655575535 0.120295214665093
0.0580357570481834 -0.0233080542291451 -0.0865582105178394 0.075847586676547
0.0136704483733171 -0.000802637917701382 0.670437021287627 -0.0951793656811689
0.0201417318242865 -0.0187266180908545 0.398187189366802 -0.796496117864037
0.019513956896901 -0.0210392267628931 -0.503973737988515 -0.685418797084406
0.0105011930897134 -0.0268727277966206 -0.613779612754001 0.110823092301601
-0.0129387624975689 -0.0357054600020536 -0.143923131347336 0.373549556329037
-0.00436369639521665 -0.0115419258806196 0.130905954442653 0.102952171537066
0.0158577776012436 0.0121952822225139 0.0894574311258309 -0.201777302190058
0.00597589215062458 0.00546853207691136 -0.0638746514000017 0.191055304432112
0.00946427321251565 0.00939320426144855 -0.10831565581079 -0.12033094279136
0.0162480179647839 0.0201868267431597 0.171904718639502 -0.341379951995745
-0.0224548693838712 0.0206531152930325 0.533371768955557 0.00105549598341892
-0.0461531513722319 -0.0237479562200712 0.30411605000979 0.740828391855785
-0.0253134433465272 -0.100827680401138 -0.541336367725146 0.77801072197736
0.0456306332374723 -0.0521304776255273 -0.7095181605117 0.081105473565859
0.0558168180784229 -0.0202652471732379 -0.0498662117011978 0.0791384144133656
0.0151210376154243 -0.000889247516704994 0.675940671794828 -0.135142581787253
0.0246454650709448 -0.0234138781350442 0.338555728193571 -0.825431031262748
0.020248715112618 -0.0252923360523494 -0.547747470991069 -0.64934205270316
0.00664023020930432 -0.0221325605738994 -0.595480141995814 0.146742143941969
-0.0133739945117488 -0.0235644403656289 -0.116844858113927 0.371395393416831
-0.00221188988647755 -0.00103274983576772 0.142977397127142 0.0914765525715747
0.0178610250279841 0.0190939291150921 0.0884754419181527 -0.205418575662953
0.00269548138251675 0.0113704075605915 -0.0683017421090546 0.188037632197217
0.00860965228693697 0.0191769191470868 -0.0989617161952575 -0.129048369854831
0.0126121848168004 0.0325328141844518 0.196911348047016 -0.33934332505511
-0.024512754033542 0.0266725252526889 0.545610878477029 0.0273697212361642
-0.0422351198511158 -0.0244323420707626 0.270062365451121 0.760326442869027
-0.0187180742288681 -0.0974798513699274 -0.582977216762672 0.746744046369267
0.0376391835971857 -0.0469115768733648 -0.695822404614188 0.0551871699206011
0.0408238276007583 -0.0177741190237787 -0.01812814330911 0.0838620227307253
0.00801239597331768 0.0044802505847296 0.686832622756824 -0.164353185098571
0.0283593489515141 -0.0192072686951233 0.298110689983826 -0.845214474447537
0.0242274508838142 -0.0232902619805707 -0.57149249054746 -0.618093939469852
0.00686315751837385 -0.014759036181576 -0.572368441729611 0.169698882882002
-0.014673918589849 -0.0125047079248038 -0.0904536932697438 0.367664342742778
-0.0017169664327231 0.00855339650222467 0.151988256894742 0.0810292344615533
0.0158195093839503 0.0246323914154666 0.0849346978536318 -0.207777103213913
-0.00421264007155493 0.0163379429196775 -0.0729316620660327 0.184686830694043
0.00669304704405723 0.0281446482460102 -0.0950801370894249 -0.134539378321068
0.0104171254019077 0.0413298007726031 0.212863862487759 -0.340575208930431
-0.0234508659888279 0.034623584796991 0.557500431495239 0.039382314560493
-0.0376495357257638 -0.0159031993365453 0.259019208735885 0.769778899551892
-0.0201128485290628 -0.084759198373182 -0.598131587326095 0.728805395335145
0.0182415503873602 -0.0407268887356201 -0.682920835431013 0.0419022501330426
0.0157936742483557 -0.0166813095841725 0.0054726610054309 0.0883884718687342
-0.00725489419506324 0.0145752432430466 0.69847343263242 -0.181186053561798
0.0315079506000131 -0.00551281150513211 0.284534815398464 -0.858043885308101
0.0315679598868764 -0.0158719508597145 -0.578944445192076 -0.607759968621892
0.00923344963385933 -0.00890519146299596 -0.556645239114332 0.181733105743122
-0.0155118572365435 -0.00377483175581506 -0.0747915831548247 0.36550111506884
-0.00403103027597422 0.0163601022262153 0.155254352551872 0.0741995086675053
0.00889645770616656 0.0291663678676657 0.0790178794996795 -0.210537469750243
-0.0128862293019444 0.018521010836756 -0.0786923050129869 0.182422834774312
0.00304624634702549 0.0326175028175515 -0.0965094049041532 -0.137850925613587
0.0112632162759504 0.0459735666699534 0.218474468622954 -0.343788757291055
-0.0169229914274393 0.042965969706427 0.565987587348686 0.0358697592833875
-0.030426582521029 0.00110999044059488 0.268112426337461 0.765356836120184
-0.0279005532697497 -0.0650516990392281 -0.588456143601971 0.724566113011286
-0.0107108892493444 -0.0363249929228098 -0.670631764012464 0.0469264722359846
-0.0161765507063544 -0.0170884361758852 0.0178028444466502 0.0938748117730271
-0.0287114716807925 0.0278700291699546 0.711027201757266 -0.182882043986572
0.0315082002981056 0.0150140206063954 0.296201715096404 -0.863942724400819
0.0417136140166595 -0.00370439672833837 -0.567628347434365 -0.612502054351253
0.013830263261441 -0.00407570644536316 -0.547441600337562 0.177417080787491
-0.0176954782493775 -6.59089364187793E-05 -0.0704658582024751 0.362441410897848
-0.00932587417761563 0.0219958011045001 0.153659453973641 0.0713721890102691
-0.000199812512483045 0.0317397272121693 0.0717899166433841 -0.212192608081937
-0.0242294161059574 0.0189762850547718 -0.0831314787001649 0.180280776804484
-0.000643950881470574 0.0329268798799709 -0.103051706788112 -0.136166455973459
0.0123067644051667 0.0439344705424999 0.208684384823071 -0.349018849267934
-0.00658012419934941 0.0492395675774938 0.569764298841135 0.0142868590675678
-0.0235445520601571 0.0208182747327322 0.301833228904629 0.748466034091867
-0.0418961385997608 -0.0401517757007035 -0.547162252528404 0.735671012499442
-0.0432272515886029 -0.0301723111468879 -0.662500074054575 0.0647742934134665
-0.05163255018854 -0.0185884442283545 0.0149640615464576 0.0969590468969295
-0.0559336546224556 0.0405639996802959 0.723467108319587 -0.163188414621071
0.0280132118712121 0.0394983132679184 0.335316685278602 -0.857578164833696
0.0512488822683873 0.0118938552683564 -0.539580534657565 -0.637130018262763
0.0195480227389041 -0.00124099731801598 -0.549977655941255 0.161039500341525
-0.0201916064705195 -9.07916371106279E-05 -0.079719357299221 0.360434367057317
-0.0167914216100394 0.0218227366131131 0.147350714146797 0.0755723441142867
-0.011291036444184 0.0316540624305792 0.0664707784086275 -0.213182456069848
-0.0358634918183963 0.0163283120849659 -0.0868344555159182 0.179983868107284
-0.00556384772309202 0.0296750141526515 -0.115648144158125 -0.128953170936148
0.0148599124112321 0.0374830356139873 0.189988966659075 -0.355624876990516
0.00517345812124803 0.0545342949049679 0.57072640409686 -0.0214714960990078
-0.0152732011060289 0.0421607324939231 0.354537321681445 0.71804065324157
-0.0549528781120044 -0.0124059402331498 -0.487668548826351 0.757946545874277
-0.074552282729277 -0.0208716331016597 -0.657370952853502 0.0983532205778051
-0.0827027675718932 -0.0211043064180542 -0.00200613312681002 0.0989198862684092
-0.0854466161296929 0.049511723489296 0.732401775854464 -0.130338908280286
0.0187551952219103 0.0648838634620107 0.395492802195475 -0.836612361131402
0.0596757396433258 0.0300573307367727 -0.49558374336497 -0.675313920614741
0.0281595836752289 -0.000649095755575955 -0.558694929533841 0.129821016604674
-0.0209978842090344 -0.00564882280873777 -0.0992624046744852 0.358871318535687
-0.0223454028734152 0.0178458093957918 0.137117509894136 0.0819262857746477
-0.0226109693304766 0.02955521059403 0.0611216470682311 -0.212123331414936
-0.0455867721743805 0.0126062389006166 -0.0885387729801694 0.182659019443166
-0.0115367920947936 0.0235140140400232 -0.129650443975409 -0.118795993908078
0.0172992864491059 0.0263027655113586 0.16000620804238 -0.361317194446944
0.0148294462875724 0.0536868442145821 0.560512134943266 -0.0626824811235036
-0.00692720326061548 0.0598587809702053 0.41202491615378 0.679010936369449
-0.0654796976051813 0.0134002189450407 -0.41324778300276 0.788226903270525
-0.0966251602295342 -0.0129626440474216 -0.656729294341924 0.138062677585295
-0.105977049190219 -0.0249092980925306 -0.0307725229869109 0.0983732028806822
-0.110856997323904 0.051298870124098 0.729044964455938 -0.0879215664758379
0.0053407795794145 0.0856475661541619 0.464647103011877 -0.808522603099953
0.0646399617374099 0.0486186824960366 -0.44187589405795 -0.718901082641905
0.0366446482681689 -9.35279357921932E-05 -0.573314081731496 0.0901502162905664
-0.0203253491935387 -0.0147174178446733 -0.127310189256202 0.358359292418553
-0.0284642290453162 0.0108349896149148 0.123987814324442 0.0922445517141158
-0.0318646580415158 0.0240295991177839 0.0571975591341855 -0.21080751410797
0.00465620043278972 0.000387412494140961 -0.065850650488376 0.194254384962476
0.00886506150454781 -0.000130525496588058 -0.121933324778411 -0.110965695240587
0.020349839456496 0.00736281691351309 0.145539026159298 -0.347244121350168
-0.0165632189690233 0.0158786317259898 0.523214464099057 -0.0321474582730865
-0.0463079459506841 -0.016094921077507 0.362227738312494 0.69698978123181
-0.0378623855970565 -0.0932488036160564 -0.473594405314198 0.807892413135232
0.0410853906813861 -0.0564395613012091 -0.717113213482178 0.12100934563514
0.057889772817159 -0.023310725074562 -0.0859618118377714 0.0760726262606927
0.0135827834895327 -0.000538974565017766 0.667906474519963 -0.0982616239918639
0.0201721188165289 -0.0182386270538425 0.391781477929595 -0.796427258162927
0.0191059536085548 -0.0211212470690537 -0.50746862591128 -0.681259576456229
0.00968652865030602 -0.0269014155331146 -0.609654530142931 0.116251975526515
-0.0139751691035458 -0.0354808817239454 -0.140605460650154 0.373627230972874
-0.00423234789182982 -0.011031642618613 0.131599539236258 0.102218312728525
0.0159269840972423 0.0126898667297117 0.0892090805329411 -0.201354521565464
0.00630109500209181 0.00492517223441364 -0.0641484249057836 0.190524078268022
0.00942946772625235 0.00960284705980301 -0.109562775809208 -0.118406643215567
0.0161300057569751 0.0208423979034397 0.170829459087628 -0.340853467220176
-0.0223286407130775 0.0206517325417013 0.532420851071234 -0.00248342920672593
-0.0461286607328518 -0.0245223675713731 0.307188915576903 0.739019218192516
-0.0252959666930014 -0.100410910379534 -0.536514817785036 0.778520774932529
0.0462061465185644 -0.0513093850302727 -0.708058749304865 0.0835092830134259
0.0554203759925567 -0.0204249858142042 -0.0501136093027197 0.0801235146523891
0.0153636149741328 -0.000254573349470474 0.675685039332524 -0.136896141331326
0.023971213450159 -0.0229197227980605 0.333430092590022 -0.825044192168195
0.0203437415713477 -0.02558932261184 -0.550816328262449 -0.644483485550561
0.00662047217957663 -0.0223451063614853 -0.593490967510342 0.149709356177905
-0.0141534757807523 -0.0229929589899324 -0.112937166919239 0.372611790454531
-0.00269317137206917 -0.000454607272411608 0.143718399274332 0.0917430694089845
0.018101571262725 0.0187857715259307 0.0874367007903184 -0.205268164144968
0.00266105867662817 0.010832844683678 -0.0691151150800939 0.187556422270628
0.00956748235323169 0.0197568054328681 -0.100771308799856 -0.127366221252913
0.0127136375309205 0.0329092129690874 0.195692963681291 -0.340060883418758
-0.0249015709720174 0.0277075278491169 0.544938249279196 0.0250234943010059
-0.0425150831864027 -0.0245156020718283 0.273512814093742 0.75873676310372
-0.0189514103003653 -0.0972613268490824 -0.57850541313661 0.747622342652658
0.0384147951009853 -0.0461664173329397 -0.695340155261655 0.0566881774036919
0.0409855203703933 -0.017918985971637 -0.0183252637111873 0.0835340304775349
0.00758178967460202 0.00421120402131023 0.68587163388021 -0.166674789492981
0.027983169966093 -0.0189468309496164 0.293721009749673 -0.844486208978594
0.0243683857953421 -0.0237282788504443 -0.575050030238874 -0.615718098162721
0.00655739381106125 -0.0150860231691159 -0.570058066496433 0.17568773276419
-0.0153344251366986 -0.0125919959997453 -0.0884738408400462 0.369167356345645
-0.00272809879490048 0.00874005944671799 0.151876083841227 0.0803321946887295
0.0160695645190061 0.0246472521492949 0.0842656807835446 -0.207737345206841
-0.00268542871098394 0.0151885188352144 -0.072456572576369 0.183782130697741
0.00717587194479025 0.0277650034044131 -0.0963350469219909 -0.133465301042805
0.00990220191737718 0.0416991665112959 0.210597439059567 -0.340056432325997
-0.0229303170923259 0.0353940065769916 0.555880410627141 0.0357133012253125
-0.037179469457399 -0.0159793587881826 0.262213446248417 0.768486647003395
-0.019834808221175 -0.0845293439068667 -0.594957725628112 0.727463066261128
0.0178439668704935 -0.0400767189547141 -0.681049782345395 0.044783431423384
0.0158067411280876 -0.0167649490528235 0.00611961432337235 0.0885288492807602
-0.00706246606600109 0.0143715353659176 0.697860846239241 -0.183713792816017
0.0305384173997937 -0.00582116191061851 0.280439894122875 -0.856768677937075
0.0317561650608137 -0.0164264373050779 -0.581946219146641 -0.601714803581376
0.00912803939108068 -0.00894801314667395 -0.554996276890467 0.185312362957448
-0.0157079880620447 -0.00417575034789731 -0.0729090893380703 0.365466655217519
-0.00485058011022221 0.0171068096691261 0.155566692528273 0.0747246626582423
0.00990856118861985 0.0286917797236647 0.0780551927089119 -0.210192546750986
-0.0118988601605932 0.0187022315128729 -0.0783154362499574 0.181961705673071
0.00413057021561036 0.032217433957498 -0.0977865369874622 -0.135709742552841
0.0104146544331479 0.0457723085643871 0.216758190559398 -0.344483954192201
-0.0158251148415998 0.042643130115577 0.565621270122889 0.0321122162169648
-0.0303910875406367 -0.000272582241424322 0.272153614710028 0.762634092833719
-0.0281619102450956 -0.0641689350737625 -0.582274304111097 0.723730913608295
-0.0107659325695939 -0.0349917517959399 -0.670388129249599 0.048125015249923
-0.0167686946563319 -0.0168999875293539 0.0183918095050511 0.0928697423703682
-0.0288633735851258 0.0275266024056013 0.709178112765879 -0.18419040778136
0.0317941111027456 0.0145271213441896 0.290291480221022 -0.862245664343375
0.0410502753977441 -0.00468078680168302 -0.570846337042304 -0.607969660824999
0.0131235052020375 -0.00457609189662626 -0.545364013131136 0.181929642467041
-0.0184111143619027 0.000463791396773289 -0.0672487209388932 0.36267461066211
-0.009594902977065 0.0212910934122924 0.15346569406521 0.071656226412223
0.000595853466881203 0.0310626922463987 0.0723353508544995 -0.211780139378355
-0.0233669762972148 0.0187220094526253 -0.0825994639567494 0.179926376835956
0.000141269312297732 0.0326880505276993 -0.104639573491006 -0.134906655489882
0.0124650108927136 0.0446891843707245 0.208290732365425 -0.349118921196633
-0.00658673987769569 0.0504267265815836 0.570370248584065 0.0119930220897222
-0.0232828520310473 0.0202677329949186 0.306105490698572 0.745444126685968
-0.0422126720850731 -0.0393927970408381 -0.54260513379203 0.73520228740895
-0.0430988352909851 -0.0286112889563097 -0.660686045524182 0.0681062857279023
-0.0506588345042963 -0.0182624171900601 0.0156559275003676 0.0963663294318584
-0.0556116574944647 0.0407727020246022 0.721378516636036 -0.166140076011529
0.0270462996176163 0.0390906066707874 0.328972668268566 -0.854445894932629
0.0511167578247783 0.0114445015834168 -0.540599039126384 -0.633774757578545
0.0201976677682079 -0.00204117731635004 -0.547102712749849 0.163621224632063
-0.020727654321915 0.000304124316593421 -0.0768200183192355 0.361133446687094
-0.0152379601753076 0.0218951921991043 0.147310358778221 0.074356221043728
-0.0114384249779027 0.0313262244466646 0.0662501232773864 -0.21218013536418
-0.035483657571114 0.0169460663446253 -0.0869253754164441 0.18014903808642
-0.00516879268013674 0.0300523010293566 -0.116861503146311 -0.127624572472916
0.0151399872379172 0.0380450575305553 0.187710922749231 -0.356884113685676
0.00495968305358622 0.0538253768904111 0.570200917085576 -0.0225536597248878
-0.0152533176275581 0.0415232562639365 0.358418937410088 0.717156185875233
-0.0551891284933712 -0.0126453414533699 -0.48325699977873 0.760005557894186
-0.0730544773609692 -0.0209264707319421 -0.656591714944307 0.0998942553194333
-0.0826815297091616 -0.0210381596840935 -0.00148923294671919 0.0996169287336875
-0.0851975734810625 0.0494082113824283 0.728376119405189 -0.132718438577854
0.0186761900026915 0.0647624183434596 0.391598965242186 -0.83759067590875
0.0603770917852998 0.0292619825569175 -0.49849640653936 -0.669371700477954
0.0278835238313046 -0.000892019531980218 -0.555765734434216 0.132329143656453
-0.0212750025254898 -0.00513540984587005 -0.0965621399639633 0.359280435115801
-0.0228997240185736 0.0181845761048363 0.137129576094685 0.0816053145402316
-0.0224997910338596 0.0295575277746559 0.0602602518633078 -0.212460007257701
-0.0446166126017794 0.0136466303243496 -0.0874502093471626 0.182731060987804
-0.00982507005211401 0.0228336849384207 -0.130878635461277 -0.118317517418496
0.0169702085461945 0.0271332170008535 0.158094445685289 -0.362465778571235
0.0159835539521146 0.053408213479374 0.55933502247027 -0.0659674320157166
-0.00731577543207554 0.0587887150901806 0.414506464558093 0.676511814682954
-0.0646147931624141 0.0130793228785321 -0.411314895794724 0.787494414315121
-0.0957297511595996 -0.0116241940450061 -0.652961296169055 0.139547749882051
-0.106283740585799 -0.0241693324973816 -0.0304862253032736 0.0991326502257963
-0.110961817372405 0.0523504551810416 0.728154204741868 -0.0878158191669175
0.0058802599886911 0.0851460122901316 0.460837179123858 -0.808267040019304
0.0642103329314228 0.0479121171197475 -0.442721275794167 -0.714657898215883
0.0372543583675604 -0.000698064754355115 -0.571316879721744 0.093034866515155
-0.0215099613601171 -0.0155774259136149 -0.125516634351471 0.360513309343865
-0.0279284116903308 0.0113538301384772 0.124416278064244 0.0918373281193235
-0.0318954114866828 0.0248759247487178 0.0579739847528148 -0.209437643177113
0.00529483260587636 -0.00112211809038461 -0.0658095937106417 0.194562758244185
0.00918072914605176 -2.32010981051044E-05 -0.122787457609623 -0.110103997867436
0.019725319275021 0.00685134267059231 0.144502602830548 -0.347154533497893
-0.0168720650619753 0.016765034190203 0.524273683786443 -0.0352262044186713
-0.0458167456476587 -0.0165488249320059 0.363155513239616 0.695923163409209
-0.037328162913683 -0.0925843569553853 -0.470017378395713 0.807423383488104
0.0411979558295823 -0.0554427751278444 -0.716861423230216 0.123205636846739
0.0582653536201526 -0.0229811422221724 -0.0854905813432652 0.0762838123792473
0.0137998182227831 0.000434870125559476 0.666068954116017 -0.0997834696345603
0.0199410936858991 -0.0180531280068107 0.389416274703832 -0.79810836947235
0.019023500548549 -0.0209663296282173 -0.509768867551978 -0.678178711821908
0.00934631221756792 -0.0281457196781828 -0.611243149405474 0.118650831423903
-0.014438047679096 -0.0354800879218166 -0.139861498368205 0.375054027813899
-0.00497401042780972 -0.0115907988313913 0.130993066936786 0.102187102770179
0.0166327576020385 0.0125979938815704 0.089146226799895 -0.201475219882816
0.00578180743799777 0.00428890358608358 -0.0639050526610496 0.190563208926053
0.0105666388618808 0.00992192011841536 -0.110379018071351 -0.117692689437535
0.0158015782700344 0.0206661564046079 0.169219270400821 -0.341595855384118
-0.0224220422160491 0.0209613782385981 0.530617756431635 -0.00377392871453814
-0.0454716093595403 -0.024339924471624 0.311131576527568 0.738393592423837
-0.0248490246216315 -0.100055838114467 -0.534379629548906 0.778659138165053
0.0456322261074614 -0.0517748551230304 -0.70710061475716 0.0853718775823386
0.0561946872208134 -0.0206037273573769 -0.0500896346584681 0.0794960593157411
0.0157555484034109 5.80602341972991E-05 0.674357529068528 -0.138666577452835
0.023406782693784 -0.0230853706257062 0.329668103637902 -0.82324986616135
0.0197670268057029 -0.0252653442858728 -0.552228978552538 -0.640174472334721
0.0071572725455653 -0.0213329642046035 -0.590574738158753 0.153761096084321
-0.0147992100088271 -0.0234889203760253 -0.111042188078303 0.373114650604431
-0.00192491232548031 -0.000153572405429887 0.143816664626789 0.0916485473853119
0.0186014892977245 0.0188555836686547 0.087638294760613 -0.204585418003834
0.00390041769932305 0.0108680827320549 -0.0680456350323981 0.187861112942924
0.00929411134967818 0.0196140093964094 -0.102594901767039 -0.126992428395154
0.0129895374431712 0.0329135488784058 0.194250668331124 -0.341342557044215
-0.0250932227517253 0.0281872464080949 0.544918777773949 0.0223366299485633
-0.0425529052464053 -0.0249632194431806 0.275469100423819 0.758289939645573
-0.0184844231507505 -0.0963960087265079 -0.5754575496712 0.746442763444642
0.0378521727198186 -0.0449183743079006 -0.694099722524581 0.0574645680218579
0.0407749117481967 -0.0175583069475527 -0.0172491631269913 0.0835950565933256
0.00776924102631433 0.00455030031090648 0.684123728886932 -0.167989875619522
0.0279807514269645 -0.0179567694732521 0.291389049198033 -0.843633463674923
0.0244460876239049 -0.024067600955118 -0.577354509486471 -0.609867752631594
0.00735959291634171 -0.0149063857907282 -0.568953874029387 0.176952114010307
-0.015874805987698 -0.0128279454346746 -0.0851585778904676 0.369986787225168
-0.00289038579612445 0.00886278605327771 0.15266881405555 0.0811593374538941
0.0162136766373848 0.0252165633220169 0.0837221158789222 -0.207879968936046
-0.00210297451176694 0.0152759544930836 -0.0727869997432314 0.18342874597468
0.0078236727668135 0.02746808904609 -0.0975126208711466 -0.133036612099678
0.0104085977319877 0.0416928867121728 0.2097701220903 -0.340214980003717
-0.0237358078756764 0.0354489239130254 0.556678732034859 0.0342598941967831
-0.0370486764273198 -0.0169902449832873 0.263742363717499 0.766407986188669
-0.0196578983072107 -0.0840983296138107 -0.590733550087605 0.72969641013379
0.0175088604148002 -0.0391807455996394 -0.680108843794731 0.0462451150461009
0.0160214925918928 -0.0172684820048208 0.00580213390772264 0.0890242515077973
-0.00722306268887397 0.0153773738575825 0.695752811805129 -0.187250606231376
0.0304167201110062 -0.00573078109054871 0.27610837611614 -0.856399116646401
0.032192738096266 -0.0171925064028325 -0.584307486165993 -0.598061587963167
0.0092069049179775 -0.00882465896351483 -0.554039837648187 0.187695419500913
-0.0168660520377273 -0.00372437073655514 -0.0700052620150859 0.366072312778965
-0.004886679742644 0.0169961211216274 0.155119866632171 0.0737237566248243
0.0100959821944013 0.0290380503522534 0.0779188000835919 -0.209695913373903
-0.0114913172116581 0.0173124657894675 -0.0792133812331877 0.181617436835933
0.00456695502996704 0.0324226435753937 -0.0990884198848641 -0.134991251397287
0.011144711507618 0.046100381857674 0.215694974614691 -0.342940257837763
-0.0172628716714408 0.0435055288385336 0.566096481076362 0.0308765136492558
-0.0307624189884372 -0.00109353787865602 0.273362879077777 0.761364823696663
-0.0278347721671457 -0.0652041242103319 -0.580929234656523 0.725249804379332
-0.01034495316886 -0.0338559094502352 -0.667818537880432 0.0510364724285744
-0.0159638971219819 -0.016685916847113 0.0183360284341447 0.0936698042824607
-0.0291520736191869 0.0278567294077943 0.708588174027832 -0.187117515058961
0.0311523098080341 0.0152592125652076 0.287194855039677 -0.861063872426264
0.0415729081404512 -0.00475463255115518 -0.573133070858998 -0.603727584176502
0.0137361484444785 -0.00494511933670243 -0.54339959474868 0.184914406919635
-0.0186466168339221 0.000796390188339983 -0.0652392562049597 0.362041322347952
-0.00991030860823265 0.021974809458142 0.154245349277999 0.0718187783200652
0.000567596745525195 0.0313911661611501 0.0714477802446793 -0.21076336057409
-0.0232353278293954 0.0190252923748387 -0.0838068834769843 0.179229086197841
-0.000378674821030781 0.0326451927475326 -0.105843503756402 -0.133273526930311
0.0124868880785192 0.0445547967096096 0.206836879437722 -0.349631947299161
-0.00553141434663579 0.0504715161299849 0.569681345892356 0.00879551792879856
-0.0236897451605669 0.0194523660884633 0.308760334473684 0.745467238860532
-0.0414242882374319 -0.0392012459757301 -0.541056396920426 0.734114518714268
-0.0425596390562251 -0.0279458959185781 -0.66109747870338 0.0686518829652149
-0.0515080535952451 -0.0174709546447301 0.0154070828394743 0.0973169586392727
-0.0554387811184761 0.0411115698616169 0.720223545918269 -0.168261276934803
0.0273355328026371 0.0389959366439395 0.327338333597036 -0.856224934658436
0.0513667825993856 0.0101836353309052 -0.543491414020395 -0.627054662862591
0.0197194613614272 -0.00158582134746842 -0.544918633598522 0.16473066948861
-0.0211313551822476 -0.000492835454535136 -0.0743934914552263 0.361673289667754
-0.0160672704892058 0.0224118074184646 0.147001943691481 0.0742436772066819
-0.0108255499397493 0.0325814038612184 0.0662063175774908 -0.212531838954849
-0.0340815003297785 0.0164279564733548 -0.0878478348061012 0.180253649979279
-0.00404744949843708 0.0295913093113728 -0.117069967776471 -0.127381707138997
0.0156826791928857 0.0378679365937419 0.186729326456866 -0.355956471593553
0.00535546074079735 0.054284665057432 0.568361682695492 -0.0259393299911862
-0.0156167174854804 0.0401713929190546 0.360170759432713 0.71597720673711
-0.0547661275519172 -0.011811110218445 -0.480503086994292 0.757894100550033
-0.0729166474045188 -0.0206732829297793 -0.655740019600309 0.10136466951728
-0.0823031469902287 -0.0205175090957088 -0.000972240850021183 0.0989760393830742
-0.0843978980747077 0.0502873669019479 0.727182601150659 -0.134538481434747
0.01884707174625 0.0644455853334974 0.386613060538279 -0.835705464922193
0.0594249302716861 0.0289065764093682 -0.501892160104856 -0.6665416932583
0.0281597794666572 -0.00158911245416904 -0.555149007825694 0.135030142523626
-0.0223543444566812 -0.00519962549744757 -0.0944604911340946 0.359018425609538
-0.0225844319437616 0.0191806787745181 0.138111487129648 0.0817762505985118
-0.0221764886764521 0.0287158852049562 0.0609489127752452 -0.211513007215908
-0.044250963230155 0.0134014242445636 -0.0889395832680686 0.181601965893665
-0.00902350350363129 0.0230449223585566 -0.132348381308492 -0.117138331772139
0.0174967823653205 0.0263098925738917 0.156846752059924 -0.361777842464031
0.0154306489878712 0.0532277596245896 0.559343257965846 -0.0681199466575851
-0.00657379196941164 0.057818257080484 0.417473516703298 0.676343365106336
-0.0645177704555917 0.0130444516989822 -0.408959250869743 0.787256457297571
-0.0962305734350771 -0.0109914819674455 -0.654111666153249 0.140618679194949
-0.105999516141422 -0.0231378645700592 -0.0301167853340276 0.098979580036085
-0.110013316796139 0.0524933362156123 0.726646139899743 -0.0894380399129307
0.00492811852006865 0.0855323147922889 0.456986127294832 -0.809011458702211
0.0644807549211272 0.0467294101950423 -0.447383796871006 -0.710894989528439
0.0375441354536789 -0.00111973006979634 -0.570987803111456 0.0957376582757816
-0.0219995520741121 -0.0155388711759297 -0.122510069717181 0.360445179985564
-0.027766390771927 0.0111074505819263 0.124946439936064 0.0920753267904775
-0.0322569107725451 0.0255574307868607 0.0581583370630767 -0.209701769060176
0.00556901952018036 -0.00177857708763444 -0.0670979972949008 0.194872214457319
0.0101779438938783 0.000231412083039294 -0.124128656463921 -0.109693062613058
0.0200280427149351 0.00787079492633942 0.143243167078779 -0.346575693391599
-0.0166813102634624 0.0177058374694633 0.523753261751061 -0.0370149255361464
-0.0453886628364094 -0.0165001559414889 0.366060315399406 0.695220222923889
-0.0370334331729789 -0.0920276217886252 -0.466855163230646 0.80802531287271
0.0414457561381008 -0.0549486959178542 -0.713651247520288 0.124726068757695
0.058553591223495 -0.0232710220358815 -0.0847354499920566 0.0768587028563614
0.0138476495578978 -2.40539594475175E-05 0.666883861921503 -0.100256876195582
0.0195070531232073 -0.0182366936274048 0.386814763731372 -0.794555689122562
0.0192707778535601 -0.0217951878158199 -0.512789435671003 -0.674735257280539
0.00929125009716799 -0.0274462527799071 -0.607987854415371 0.123692586872874
-0.0147765102397958 -0.034911804443464 -0.136238129194487 0.375629890960044
-0.00506306905785674 -0.0106948932821441 0.132205877376163 0.10287380797225
0.0160499962170894 0.0123475158290888 0.0891128195526215 -0.201917484419426
0.00675305851537773 0.00424234763284121 -0.0644970693756754 0.190598461215902
0.0112793286019558 0.0100045451654 -0.111212813740726 -0.116209985579827
0.0163420490167346 0.020388062908663 0.168635559292937 -0.341830604698575
-0.0221283667999113 0.0219438144190145 0.533456195721292 -0.00508732395641579
-0.045953658778852 -0.0259262378826153 0.311364454818469 0.736965954326583
-0.0248842558749025 -0.100619082168935 -0.531832300530504 0.777865456418148
0.0461521775927564 -0.0501761023546917 -0.705550156932451 0.0867856710863749
0.055813011051826 -0.0199035699485566 -0.0489328508842455 0.0808194424881441
0.0151310173256895 -0.000427870529281407 0.673269634363734 -0.140713551915849
0.024484728309168 -0.0233799637993636 0.327535169019292 -0.824607551414808
0.0197172828035158 -0.0265662195088341 -0.554808481304335 -0.637153342999441
0.00612264969224101 -0.0219222065753249 -0.588790184198229 0.156210509809126
-0.015378736002463 -0.0226784987414195 -0.108937002137108 0.374024095847853
-0.00298174277410913 -0.000117953683809365 0.143999400220948 0.0916724279452815
0.0189344613886077 0.0187405933986782 0.0867511833858456 -0.205583077137472
0.00317960345372951 0.00996043570209969 -0.0691488599465988 0.187941225428504
0.0102252624423748 0.0199498257848034 -0.102981861251159 -0.125829953624287
0.0135337064800089 0.0328049833653255 0.193235762500395 -0.340516706035874
-0.0243177932967389 0.0283082590454733 0.545465936010299 0.0203073427105091
-0.0419186788766844 -0.0258276685482909 0.279199054428715 0.756599726772613
-0.0182234711725683 -0.0969397363991618 -0.572119811160606 0.74712466349678
0.0380987998520775 -0.0449844580022233 -0.695095842039901 0.0584566594879172
0.0410239631553323 -0.0174974242471069 -0.0170003498980038 0.0850260991602154
0.00789005602574099 0.00558679304675808 0.684373612908074 -0.170518090019703
0.0274812502063381 -0.0188232841747032 0.287263924892069 -0.843518516005026
0.0243067198306234 -0.0238331372372181 -0.578505909674994 -0.606401061376951
0.00623203421391438 -0.0159411894541323 -0.568526238466568 0.18077504591667
-0.0161935702664444 -0.0126455974622999 -0.0847391925051892 0.370747691208813
-0.00254434828656621 0.00927738595142015 0.15267854274752 0.0806687799116999
0.0158086969844716 0.0245469561331492 0.0839558838629394 -0.207479039755615
-0.0017827633817284 0.014747662132544 -0.0730225786568516 0.18327296642892
0.0081862971880638 0.027212665473896 -0.0984276923552633 -0.131875005740476
0.0114105637697072 0.041683908551665 0.209071427594864 -0.340571021171495
-0.0231957662241281 0.0362337558856535 0.557450197772761 0.0307035244801164
-0.0370083818648065 -0.0173286257128624 0.266831885554516 0.765597819700237
-0.0199230311763958 -0.0843001598928733 -0.588596873563224 0.730052061605992
0.0187750848479021 -0.0383235210863645 -0.679817975053529 0.0480265586276119
0.0161382189326359 -0.0160631761060661 0.00660000533928929 0.0891737955235842
-0.00704539710592639 0.0161211869390824 0.695499635212952 -0.187491597721815
0.0298859765524097 -0.00555150689832738 0.273310971723832 -0.855914479851621
0.0316652917136975 -0.0165035897058011 -0.585327309754371 -0.595302369507006
0.00874449275239711 -0.00906880135297258 -0.552840262568757 0.190247397522811
-0.017257416377893 -0.00418772422564867 -0.0679693272093364 0.366743228281093
-0.00495113387736762 0.0181823565618983 0.156266335963991 0.0740122188849579
0.0104075550354484 0.0289487303830495 0.0779634789724337 -0.210354528625955
-0.0122649165542187 0.0177726731858394 -0.0784340655015581 0.181715356764364
0.00536968048819889 0.0326750333883139 -0.100209246637566 -0.134351519419879
0.0114619362939039 0.0459353131598081 0.21456411513961 -0.34540443263529
-0.0167763290249384 0.0437564277780416 0.566030455671068 0.0292454651344046
-0.0305445274926593 -0.00176012840522727 0.27683717162653 0.761703860455892
-0.0280388651240179 -0.0643971085035332 -0.577357368279581 0.725014575924809
-0.00954621141027218 -0.0335298495536642 -0.668909414933126 0.0498245113411983
-0.0156405362048939 -0.0165457878475345 0.0193105548726102 0.0943508576408346
-0.0288431663407511 0.0278287798477518 0.707101118906172 -0.187976217153318
0.0305392330228298 0.0145845855515756 0.28436925602675 -0.861043335663757
0.0416747349313004 -0.00471410844919605 -0.574844578727116 -0.600300949266174
0.0135692162710255 -0.00453608426232772 -0.541929646402354 0.186549686077996
-0.0198533672174409 0.000357318590531293 -0.0640274838980119 0.364701710841713
-0.0100898149036885 0.0218880331404041 0.155370843392017 0.0712086522838123
0.000996624067871528 0.0317273274826669 0.0713254811005032 -0.211193010337528
-0.0231314399821825 0.0174099354851129 -0.0838857662777005 0.180857139065766
0.00137129995752893 0.0322939098011013 -0.10706181165231 -0.132615735168186
0.014053308335421 0.04382179382867 0.205500110645919 -0.350816835339664
-0.00550506766638959 0.0506209880047793 0.570805114644591 0.00628191224393706
-0.0237615934602606 0.018790052216084 0.31306872277172 0.744994962752299
-0.0411438780722821 -0.039584836374508 -0.539474460937287 0.736720785619275
-0.0424411040342896 -0.0281903877005812 -0.66079791086808 0.0710348899705664
-0.050792451675509 -0.0179777567274552 0.015944073530765 0.0976182703414193
-0.0557409036301754 0.0412822856712591 0.719451461739054 -0.169861057109357
0.0270322924574986 0.0386083652375294 0.323407383338973 -0.853604326867232
0.0512452414154943 0.0102844663209551 -0.546088135094515 -0.624723783992104
0.019745400140532 -0.0022598429232731 -0.545553986308119 0.16861832608579
-0.0218414444838677 6.81220247646212E-05 -0.0722002254071731 0.363013751392373
-0.0163201550779887 0.0233800078164239 0.148707589302695 0.0739196835742338
-0.0105618771485522 0.0318276455116915 0.0653874844679583 -0.211566514898754
-0.0343721575013999 0.0158249081548629 -0.0871515876877829 0.18113858882707
-0.00342528916028925 0.0295310814340323 -0.118600652230996 -0.125907478782647
0.0158954439101976 0.036990772725978 0.184330805844919 -0.357732388270903
0.00523609785020568 0.0551025936925713 0.569863389581222 -0.0293431558732074
-0.0158577573526446 0.0396241030050106 0.362065409847072 0.714240541198157
-0.0540612619116426 -0.0125503202884875 -0.479443180991795 0.760003406825033
-0.0724618155978237 -0.0194567261859272 -0.654878433809549 0.103582539034443
-0.0826873122080973 -0.0209123883122798 -0.00112865101630425 0.100450745335292
-0.0837881338342994 0.0503745477023921 0.725786992137112 -0.136372476409706
0.018196634259641 0.0645622481727355 0.383710716051867 -0.837129527082932
0.0599941745653935 0.0284944810344733 -0.503277117620252 -0.663200486467672
0.0273333507490448 -0.00039792120988049 -0.554096143246026 0.138549438375097
-0.0236439199093909 -0.0057474597532645 -0.0929551559273065 0.361835050337877
-0.0226231175751709 0.0183967540615177 0.13730034060459 0.0817953174371196
-0.0214837603784858 0.029365937593561 0.0608963475708355 -0.211280689957056
-0.0440119696889732 0.0126458014917747 -0.0891675723931004 0.183043389932595
-0.00901898042220552 0.022969561126361 -0.133303348224066 -0.11571213851533
0.0172929244021972 0.0266019954603975 0.154720893638324 -0.360777702523548
0.016658077560345 0.053194116776818 0.559156376422069 -0.0695050266179089
-0.00646406139025314 0.0569287664292975 0.420451214644354 0.675269672286008
-0.0641531219610608 0.0128236867641106 -0.40766924360101 0.789066045974513
-0.0956270365440176 -0.0105843810148185 -0.652233454664834 0.14298093449938
-0.105321550568153 -0.0244071318288087 -0.030664418561004 0.0999085471127293
-0.10910221617276 0.0528478750736782 0.725196571891551 -0.0933015537086785
0.0044672186104194 0.084841041983777 0.454627219690111 -0.807449201951559
0.0653180372374277 0.0468378931557473 -0.450040866456135 -0.707105003900154
0.037129394042526 -0.00152659469166129 -0.570923868515172 0.099418557943612
-0.0224904385584606 -0.0153496975089471 -0.120654096302214 0.362103061514571
-0.0278366665002689 0.0108665899300225 0.124564503889962 0.0924272880287667
-0.031155243334958 0.0244825855371466 0.0571332328733761 -0.209804601392667
0.00559599519842428 -0.00104577927298888 -0.0662494269483812 0.193864952228069
0.0104979625188508 0.000279831786035915 -0.12495845898715 -0.108189250960013
0.0199572524921227 0.00751182720674083 0.142925037456418 -0.347508842172673
-0.0159986032559797 0.0175697691052518 0.524651477557279 -0.0386802694598663
-0.0466932490966536 -0.0177707532761583 0.369097455506639 0.695689346101136
-0.0377623070217702 -0.0932605544801517 -0.465931321827165 0.811428232810338
0.0414680789216931 -0.0538327381135871 -0.715021530621907 0.126040321892055
0.0580031485933334 -0.0234230390222828 -0.0849492235194848 0.077298729501917
0.012973573406201 0.00018415056027421 0.667692291483085 -0.100962773064015
0.0190237173487576 -0.0187655443613102 0.384067212095633 -0.79607029838615
0.0194494179722295 -0.0220155613682545 -0.514275376319342 -0.673025446784646
0.00950481281347005 -0.027604709583975 -0.609826659804863 0.125412105172477
-0.0156815182269537 -0.0350595765204034 -0.135080261802074 0.377709537546035
-0.00477185446617348 -0.0103910707495082 0.132896422832002 0.102452294317674
0.0166324224856204 0.0130943602957715 0.0878182906619344 -0.201797192476791
0.00664040025026441 0.00332599014628395 -0.0649328193361036 0.190750038685744
0.0123205823275472 0.00920176723728631 -0.113732522676574 -0.116797918975845
0.0170641141773569 0.0215025014337822 0.167833872573952 -0.342470985138114
-0.0231288727583688 0.0222157488219476 0.53427617046914 -0.0078615108767046
-0.0464327333637142 -0.0252596519157781 0.316355953460958 0.739016854169653
-0.0256081427134409 -0.100038696312894 -0.531219191358114 0.780355760209888
0.0462700731086686 -0.0491143984676173 -0.707106393828558 0.0889720428254201
0.056256005633165 -0.0198240794764111 -0.0488905378993466 0.0802877206281048
0.0149072145753979 0.00124296394499684 0.67388143229624 -0.142592006693969
0.0232615339818773 -0.0229866560382035 0.324700609831966 -0.824277895356715
0.0199840253308436 -0.0266997412373291 -0.559396821910302 -0.634386457586368
0.00704396683488093 -0.0218480050540836 -0.588940737040459 0.159136307021963
-0.0160273219944332 -0.0234196101292495 -0.106794707504114 0.375938274588878
-0.00345583453973424 0.000287893968403128 0.144897004690836 0.0921984121125295
0.0183539607595312 0.019050507549774 0.0871193767958868 -0.204790976849073
0.00440463608500251 0.00950160967195685 -0.0693571955116441 0.187389213800228
0.0110860147480497 0.019247978791571 -0.104582575963102 -0.12623207965651
0.0138797531792698 0.0333106349969185 0.192235860974626 -0.342520846802234
-0.0253256878034416 0.0293607535147797 0.54638143848401 0.0183805352265467
-0.0427308988310681 -0.0267691858603699 0.282028207147696 0.758950020412435
-0.0184910881342935 -0.0973862178816843 -0.573255334152873 0.749421619591244
0.0379705168227359 -0.0448615402130598 -0.696536966614763 0.0625862162945791
0.0414943766280001 -0.0174759863041883 -0.0167542398592188 0.0848376257295711
0.00828230202679327 0.0066284914776437 0.683387725955856 -0.172843859680316
0.0271879758295517 -0.0185012350121976 0.284712323731945 -0.845073174071505
0.0240736304542815 -0.0245968410679825 -0.582314650361832 -0.604105477403103
0.0066124426637242 -0.0151821193364522 -0.567170669773564 0.18224485705058
-0.0165507158659227 -0.0113128153525433 -0.0808919006870941 0.372205652602502
-0.00261139622165462 0.00955061328726379 0.153493555920894 0.0811277491147715
0.016772719767331 0.0238813446036535 0.0832331184112369 -0.207976403004448
-0.00244883369738669 0.0141583907383136 -0.0736661561399 0.184500571258946
0.00905721841268994 0.0273340422044307 -0.100221318810055 -0.131626990650228
0.0114489691317501 0.0413329413107825 0.208739437466745 -0.341796640294572
-0.0233539287401521 0.0368810523254936 0.558247118418047 0.0308684667974993
-0.0369708754028695 -0.01805413080072 0.270893286745285 0.767132382491157
-0.0197339479376074 -0.0849034430548439 -0.587703426704755 0.732659308134487
0.018009835838845 -0.0387670434235138 -0.681004300966693 0.0501656799340744
0.0165162228486984 -0.0161427067663638 0.00701150802386756 0.0906931369812794
-0.00746425387780124 0.0153170846178896 0.695213378093222 -0.189775599837414
0.0299634641141453 -0.0053935695244128 0.270431619551964 -0.856579158179404
0.0314833814873532 -0.0170743621376397 -0.589365131245556 -0.591657719659853
0.00903241416286118 -0.00999531901424055 -0.552301694120785 0.194401605381943
-0.0189276510650183 -0.00421733620517586 -0.0666238223186597 0.368270133175492
-0.005263943875948 0.0176334405004284 0.156599514687364 0.0737149023700933
0.0114013161400736 0.0287264898696347 0.0773525560634821 -0.209640851194341
-0.010777615049654 0.0174747815605501 -0.0794416214187559 0.182164146384397
0.00586515979524203 0.0323528343815948 -0.101526370718524 -0.13416934164588
0.0123594743482586 0.0455681344397481 0.21331871831556 -0.345417931519102
-0.0166865046669962 0.044919279414943 0.569099962895279 0.0267950428701958
-0.0312594035720659 -0.00246989199282088 0.280234168587045 0.762412256596182
-0.0283143796768685 -0.0650731683967288 -0.575841696574717 0.726822972555457
-0.0102732063268781 -0.0330147687466322 -0.669458204096184 0.0541868786403983
-0.0162175778291462 -0.0159743825714485 0.0193279380193247 0.0940479039101909
-0.0285399535617028 0.0291443435548087 0.706721080901769 -0.189987732174354
0.0309431546382282 0.014146518257796 0.281268203267599 -0.860884192724799
0.0409847224270969 -0.00580129593429717 -0.57910195103927 -0.597109714788854
0.0131891549182427 -0.00450321125411746 -0.541262840814263 0.189151539415932
-0.0202837358831526 0.000647990585987905 -0.0617204930652473 0.365791578966987
-0.00990894033948955 0.0217791129678563 0.155074383796491 0.0719949195928649
0.00109393843704144 0.031331313885915 0.0719189090072204 -0.211328476481183
-0.0222967568323268 0.0174972847337054 -0.0842002482122072 0.180080331648548
0.00149094511944364 0.0334190562865919 -0.106771663256653 -0.13120934863447
0.0145901867004728 0.0448398242530534 0.205232603610649 -0.351475801897341
-0.0059318122622331 0.050812755458225 0.570324366165779 0.00397996235260327
-0.0244415081632037 0.0174738622859077 0.315336403439596 0.744833639434438
-0.0414082405031512 -0.0392260634175377 -0.53654471339442 0.737645333137965
-0.042210486573272 -0.0260602625252401 -0.6603953741735 0.0718074382364187
-0.0499817083186278 -0.0176986660004827 0.0166660873278167 0.0986982676396493
-0.0548227371486444 0.0420214830496559 0.719624530277904 -0.171733808235537
0.0274826065314765 0.0393492628296219 0.32160454787138 -0.855874305321888
0.0514613793894297 0.0100080656511056 -0.549540123159473 -0.622271505033706
0.0192674853488584 -0.0033004808893788 -0.544035829318953 0.173383820144124
-0.0222230980847077 0.00015837621312698 -0.0708945107865457 0.364239609388889
-0.0161231843561511 0.0220855565303136 0.148773298863755 0.0742674368051429
-0.00993720881088482 0.0310714583189623 0.0654337559842801 -0.211775434454082
-0.0336846164194338 0.0151128288695792 -0.0871792247887427 0.181671581717891
-0.00379719307266635 0.0291858580137615 -0.120586365822959 -0.125093078624751
0.016214070138162 0.0367161932020022 0.183621641832195 -0.357725950294668
0.00603233938085837 0.0549606047983223 0.569073276647059 -0.0313343317024348
-0.0157126443232297 0.039148123321018 0.366758107583318 0.712852959326175
-0.0543074069440799 -0.0118163730035444 -0.477819387988422 0.761798207385794
-0.0725371998720441 -0.0188661838827142 -0.655003197414921 0.104483441926268
-0.0818908060817718 -0.0201561848128087 -0.000530955183636065 0.101511852109589
-0.0839186352588243 0.0504930401639131 0.726147651715148 -0.137753330822661
0.0183962092293048 0.0647634885461501 0.381117182727561 -0.837439591861005
0.0599410163711469 0.0270608218838392 -0.507266866690091 -0.660914795708685
0.0279970569694843 -0.00182398132310207 -0.555046589403948 0.140995032830106
-0.0231463154493025 -0.00521516594066803 -0.0923084076788108 0.363169800274299
-0.0230120043981197 0.0194454158129052 0.138580560642555 0.0817542646988613
-0.0211611801670405 0.0294881540767331 0.0599828138906048 -0.210833683194017
-0.0431854358708068 0.0114838842227175 -0.0905130130949738 0.183033971190501
-0.00838096357912048 0.0235941023338949 -0.134319106680623 -0.114693293079968
0.0176052827431773 0.026413270142978 0.153514805291707 -0.362534069606743
0.0168995253263581 0.0534783237894765 0.559476578247513 -0.0741781566048417
-0.00702774418068843 0.0561253533579255 0.42481675235912 0.675587739024519
-0.063930231052616 0.0123465146808097 -0.405241272834748 0.789620225423249
-0.0955578694244503 -0.0100819864144081 -0.654385154302476 0.145736188258323
-0.104849895273464 -0.0237514544616824 -0.029541855613507 0.100627683296694
-0.1089262638761 0.0543067388917613 0.726198103382872 -0.0965141040413594
0.00477836315750518 0.0848507626435091 0.450031459499398 -0.810376782480462
0.0657074635061674 0.0455145431975801 -0.453403412339157 -0.705129881957275
0.0370821859006025 -0.00216756077456617 -0.570768136947686 0.101297337858352
-0.0226689092186493 -0.0144916897617003 -0.118331600540047 0.36307276241531
-0.027952777825122 0.0115962764783944 0.125692530229846 0.0923328306825603
-0.0298096190299961 0.0248587645688354 0.0577674139629312 -0.210072244915202
0.0051552062167409 -0.00190995144120497 -0.0669778034261105 0.194637074620676
0.0112781842498348 -3.39230488117948E-05 -0.12700451414357 -0.107932752366233
0.0210055827678717 0.00729299399400936 0.141667654506521 -0.349092111870505
-0.0168009956578408 0.0188524224838788 0.526988632875663 -0.0417485612231867
-0.0448514400871415 -0.0182472207294764 0.373507553707865 0.696013479672361
-0.0368771707304409 -0.0925753506263984 -0.464615508558502 0.813681276262881
0.0420985896835101 -0.053249447540497 -0.715659249800621 0.127411587034314
0.0590860316296233 -0.0233382813750984 -0.0851183902724332 0.0780008703784251
0.0136802668161163 0.000243909154208348 0.668368675242101 -0.103346572595891
0.0187031082855488 -0.0189242456764991 0.382407804631065 -0.798870323656895
0.0191046407538507 -0.0220318421397525 -0.519587894387119 -0.669978358882483
0.0101602479216189 -0.0278621956969247 -0.610238175260841 0.129831921229877
-0.0162117971050358 -0.0345321628620987 -0.132643064918598 0.380647811601439
-0.00544361756322263 -0.00997376125819781 0.133907100161007 0.103247431498215
0.0164262299953065 0.0126370254427823 0.0883983452043644 -0.202988310736596
0.00659393247230402 0.00380879604128505 -0.0658046350721618 0.19159649257994
0.012316385401081 0.0105460801562041 -0.115539391563418 -0.115829811761554
0.0167080028217128 0.0216303410251725 0.167148872707146 -0.344340101766109
-0.0222557783624498 0.0233975832846228 0.536552694637714 -0.0112578853498826
-0.0461979768829359 -0.0265223714681634 0.319558213459761 0.737966595740511
-0.0249867455856047 -0.100916681199081 -0.528990087134823 0.78254063070478
0.0464123706483153 -0.049624018416114 -0.708131015747445 0.0903554809130152
0.0563713766494401 -0.0202250159351506 -0.0487077559227887 0.080720898873917
0.0147122146518891 0.000264446256939478 0.67647720298101 -0.143676084919767
0.0235182023659661 -0.0233211652253077 0.323333436470736 -0.827068406951043
0.0193061110834957 -0.0267238358583661 -0.562155904298865 -0.632688210596347
0.0068496230712632 -0.0218697346211819 -0.589597777970348 0.16294639062826
-0.0172198327449058 -0.0233001496302731 -0.10585341219328 0.378844485856972
-0.00400309377838072 -0.000273192757579406 0.146268131716442 0.0922390790760404
0.0187781249644512 0.0185696889324321 0.0871246550100697 -0.205533507347365
0.00418603255872557 0.00980409947863959 -0.0693873414860676 0.188346764536137
0.0122742208783234 0.0195437212774994 -0.106733240339001 -0.124306565627256
0.0141713391887175 0.0337027010531524 0.192969086600069 -0.343830482239874
-0.0248667909445904 0.0294181605929284 0.5488317316105 0.0164458888856716
-0.0430683364907145 -0.0271848579521458 0.287107663679851 0.758003823372389
-0.0185527378490405 -0.0975301441761324 -0.571158601221365 0.753158983285377
0.0384198195090345 -0.043828777539529 -0.696623243483326 0.0642906876209736
0.0419498201311236 -0.0176918031405455 -0.0167699600342085 0.0854329182987691
0.00776942228891691 0.00593421345195677 0.685905199874548 -0.174042409489108
0.0262506673606299 -0.0192647684677091 0.283440466754107 -0.845314200005464
0.0230828790056367 -0.0248662011387096 -0.586274052694842 -0.601154125743194
0.00690962826108085 -0.0154239369487731 -0.567724314446037 0.186780788121462
-0.0176590212251734 -0.012324207743345 -0.0787709341850634 0.374221309361244
-0.0031832699371234 0.0101648048881153 0.154385953481866 0.0807527195013144
0.0170604351207618 0.0243626054419551 0.083945138112489 -0.208775393630522
-0.00206256709656915 0.0138526588810836 -0.0735699041454456 0.185236786053081
0.00968971568054454 0.0280821377147399 -0.102234219946407 -0.130271275783665
0.011644873060871 0.0422589246815378 0.208856187543024 -0.343765587598326
-0.0232418867534655 0.0372633976525544 0.560095959386641 0.0269439066257144
-0.0379720489322251 -0.018878347274959 0.273882115489196 0.767023860385917
-0.01946347557967 -0.0851878333867872 -0.587540740907657 0.734308422943324
0.02004258643645 -0.0375165800816755 -0.68337363821263 0.0526708211700294
0.0166552007674351 -0.0164397645596495 0.00793617461139969 0.0904448434055428
-0.00676798089811211 0.0161795266997825 0.696338957129961 -0.191929913865461
0.0298546253279615 -0.00566665972955971 0.269892101118448 -0.858818495211005
0.0308577067925923 -0.0180630854590903 -0.592186241305045 -0.589060009178793
0.00884560994381329 -0.00942983509964269 -0.550707488263941 0.197135985258408
-0.0187086181338471 -0.00346692322123483 -0.0653229000106607 0.370090478024628
-0.00610740136162588 0.0177743958449957 0.157497045408618 0.0739249613443015
0.0108156817225711 0.0285954581205949 0.0782867732508753 -0.210335216513803
-0.0109016087709495 0.0173156132200969 -0.0793770376314146 0.182481195914921
0.00612557174673096 0.0318147685687488 -0.102559557910592 -0.132916073358387
0.0124038931436174 0.0459765142334104 0.213346274057075 -0.347213563732184
-0.0163702332798253 0.0451812785723077 0.570346896997441 0.0232977548535321
-0.0313143688461873 -0.00268167812259574 0.286479458774139 0.763168310184916
-0.0276317712257101 -0.0649684466863256 -0.575291182660679 0.73110123449415
-0.00949879153714812 -0.0320682289530528 -0.671415928402105 0.0554031056036639
-0.0163397274707997 -0.015648969394172 0.0197895740359566 0.0948999839650378
-0.027816913586845 0.0299504479581689 0.708267709136524 -0.192103657585207
0.030361389729591 0.0144088205203866 0.279831076295233 -0.86332585717901
0.0407436376864165 -0.00605673376585972 -0.581446562580248 -0.596069828514451
0.0136994948664743 -0.00502972186240833 -0.542603322131006 0.192565777740343
-0.0207966495140234 0.000775860945214191 -0.0611950171346898 0.366904282253234
-0.00982286959237056 0.0224086870392228 0.155982581021639 0.0717870240059136
0.00148422332874457 0.030779519042103 0.0715941298151969 -0.211793941921343
-0.0220924094556445 0.0178292032822342 -0.0837998662502972 0.181470692864312
0.00252920635019388 0.0320207104257576 -0.109922782610603 -0.131142930028289
0.0139016285952114 0.0435736367817343 0.205037742043584 -0.352843584546828
-0.00541833713848908 0.0516872144281245 0.573826639402676 0.00280114798257526
-0.0237676252076379 0.0178461463563517 0.31954987449715 0.745410233058434
-0.0409047944933883 -0.0398517479913106 -0.536612219981344 0.740261817957933
-0.0415364575018072 -0.0263401162450394 -0.661658963881874 0.0744886060778703
-0.0507728004758453 -0.0172962102011171 0.0172889570839707 0.099000196609702
-0.0548609011133921 0.0415146248819086 0.721807873317238 -0.173493051196287
0.0270743144546729 0.0389314512880388 0.318120334417417 -0.856345823329712
0.05201321118949 0.00937996683776219 -0.553171352696026 -0.620166802156185
0.0198692647022965 -0.00267255932013443 -0.544435233858896 0.175343794785875
-0.0229961890779467 0.000830341360606175 -0.067475868962669 0.365765242393926
-0.0156474323224831 0.0232306584881253 0.150115924910739 0.0744842209904787
-0.009832450964883 0.0309561547617636 0.0655306391768835 -0.211838380445532
-0.0338734846707417 0.015559525238691 -0.087557266825338 0.181706327812048
-0.00239517001651179 0.0288949034151506 -0.121983477311972 -0.124290061994465
0.0174855213246095 0.0376395725531211 0.184643596301098 -0.360487237695238
0.00593866401746241 0.0557593735390031 0.57233179748583 -0.0332378944163018
-0.015852251035004 0.0380027761187819 0.369801748849368 0.714654733696434
-0.0542585822635493 -0.0123801678960662 -0.475681241967871 0.765230730331506
-0.0712400673994852 -0.0178121923506254 -0.657617739881371 0.106773772322636
-0.0825928960964507 -0.0196312205708118 -0.000601732862532241 0.101299873918689
-0.0850496419517963 0.0517607996025597 0.728182966845916 -0.141117812593913
0.0193158112516929 0.0640721632632115 0.377238331541644 -0.840837956922711
0.0600117164813778 0.0268761850785672 -0.510123022148265 -0.658740013114172
0.0280026519125478 -0.00141598285159319 -0.554333700243158 0.143525912073923
-0.0232939466289321 -0.0048481276396468 -0.0891877727372742 0.363825937561601
-0.022998767779646 0.0193505250800112 0.138788335591213 0.0830912708532859
-0.0207877472234563 0.0296124401045922 0.0604877812296442 -0.210691764241257
-0.0433812073047994 0.0107907814151771 -0.089658485138349 0.183178671464137
-0.00768118701706388 0.0228871704830348 -0.136183147852796 -0.113882191614217
0.018445007128716 0.0262451169548978 0.154185527416756 -0.364691866385979
0.0169175095000005 0.0543250508184774 0.562134689057312 -0.0756174912586773
-0.00697976913322251 0.054897458056825 0.427162391421978 0.67388703169879
-0.0646207780702063 0.0126924870413022 -0.404728104609101 0.792757701898957
-0.094846216988039 -0.00855486524062549 -0.65514649561521 0.147092467264139
-0.106015548879061 -0.0239139871589728 -0.0302223484726862 0.101379266415307
-0.109542187514278 0.0542376858517756 0.728942219964834 -0.0952450677609574
0.00564177019174677 0.0847302348830943 0.448422912400252 -0.812111192528777
0.0648164620371183 0.0450574479815601 -0.45705921416838 -0.703104967505939
0.0376600840252975 -0.00132983870177718 -0.569344414850313 0.103614414668681
-0.0232165845273013 -0.0144167019790956 -0.117400357189658 0.365439897319214
-0.0281151400728811 0.0118341771383433 0.126553910749503 0.0925819855901069
-0.0310095386104904 0.0245879041055017 0.0573996322879667 -0.209107135298207
0.0058236925909037 -0.00110370925769556 -0.0666909677010335 0.195913662169924
0.0113162776778881 0.000544986794203813 -0.128046197001013 -0.107206191348706
0.0196598812877165 0.00826350946875985 0.141143018402812 -0.350874758622047
-0.0164899532375517 0.0194271244221417 0.527867634537376 -0.0440982410772214
-0.046113002989241 -0.0184484297001464 0.378496110480148 0.697868959371183
-0.037668332527914 -0.0935693439656993 -0.462577400939189 0.81736975031863
0.0429659757025809 -0.0530840188139769 -0.718500362681049 0.130276278261691
0.059581571358308 -0.023912239678402 -0.0849401732427613 0.0783642160583931
0.0145464591625001 -8.9598319734506E-05 0.670325104035638 -0.10746834768558
0.0193401384127257 -0.0185542507960738 0.378720717365778 -0.802206791461236
0.0187837120553262 -0.0224021375452087 -0.522695520984047 -0.667091820039778
0.0103345301278363 -0.0276968987328088 -0.610224594601239 0.133774199396456
-0.0175694198129585 -0.0344911518429029 -0.130998591600976 0.383247315157601
-0.00586053568331981 -0.0100441967170263 0.134352374156394 0.104061300146994
0.0169086586915487 0.0122287387713053 0.0881654622314917 -0.203314821549391
0.00696065088655023 0.00342773928425151 -0.0654475183116416 0.192475521852301
0.0122599946886555 0.0102793922348771 -0.116513957917721 -0.114579870781841
0.0178408706422434 0.021268893353037 0.167283223177931 -0.345749529317279
-0.0216733914301485 0.0237485798492536 0.53713719036695 -0.0139791040418768
-0.0469183524154614 -0.0272284790968492 0.324249584149611 0.739466775379207
-0.0250762363076793 -0.101942341250537 -0.530156274362741 0.784664531233253
0.0475048622091067 -0.0489714381518521 -0.711076592430467 0.092831473185558
0.0563676812059693 -0.0203822825649085 -0.0485124786822784 0.0815871959186221
0.0154965059555632 9.45402472228782E-05 0.67821558864669 -0.145702132317554
0.0234371286479031 -0.0233585578563062 0.320163545847882 -0.829308569190816
0.0191171509386079 -0.0268588341438294 -0.567307658358411 -0.631638275961502
0.00725323846267212 -0.0218663252296036 -0.591144775705577 0.167318508347898
-0.0183119828160971 -0.0229250935410202 -0.103399498774481 0.380821641776068
-0.0034442865805608 0.000486625604707028 0.146770996620723 0.091834048291971
0.0190554742567173 0.0185475178903187 0.0871457640894017 -0.20602805774563
0.00395905704891039 0.00955699688173125 -0.0691162468342431 0.189211585598452
0.0124430649013991 0.0197464748174848 -0.108186270335119 -0.123103083735072
0.0143070723179409 0.0329037695682969 0.191817764434688 -0.344872060276117
-0.0242472564346497 0.0301478850585309 0.55143100526221 0.012841030040409
-0.0429921449632812 -0.0273072458723797 0.291174415943009 0.761474312090947
-0.0183171781777301 -0.0982146695299526 -0.570031780302819 0.75683274253718
0.0393110829544475 -0.0421918805252462 -0.697609393002493 0.0663152972942172
0.0416153288222068 -0.0181537392115576 -0.015969640693867 0.0859251274118689
0.00824218963163499 0.00621050192256864 0.686755118819781 -0.178895735938565
0.0265905217548214 -0.0187268988661533 0.280589319735552 -0.847701259766534
0.0233486897401834 -0.0245650927185599 -0.590746971057552 -0.598969200170629
0.00668843040615244 -0.0151516655405974 -0.569262500393912 0.190009915188933
-0.0182963077140822 -0.0119388914036421 -0.0774958548738836 0.376465316644079
-0.00329979702378097 0.0105106732461102 0.15547321718243 0.0813150798311432
0.0166784882675683 0.0244578836783541 0.0834811315357481 -0.209182433209322
-0.00218766675505633 0.0141494292663794 -0.0736393596633643 0.185893155563472
0.0098365799889913 0.0278642794241707 -0.102947101278573 -0.130412668749479
0.0131015024577676 0.0416998902569155 0.206569124282019 -0.345281338443342
-0.0220724043643424 0.0381245647921286 0.56306001978787 0.0245686379836917
-0.0380813387257211 -0.0184027787115735 0.278772418149071 0.769198873317516
-0.0199130720161663 -0.0850250219882867 -0.584479532955904 0.739742838693124
0.0193106282052129 -0.0372695990507877 -0.683741154807396 0.0555218080975367
0.0162749318362112 -0.0158648123433193 0.0083651668267906 0.0908134181324973
-0.00636837313392034 0.0167282792472626 0.698857482886323 -0.195379835747921
0.0295065795600109 -0.00588730662910113 0.266245403752265 -0.860573882535735
0.0310276792922631 -0.018189229184843 -0.597012160655643 -0.587256174209953
0.00913957392092097 -0.00923814692608962 -0.552924877954397 0.200774064776314
-0.0181558210872336 -0.00253270964144401 -0.0628621186697255 0.371989392675117
-0.0054688734591379 0.0176544685428835 0.158550174931962 0.0740719687948435
0.0108883879359744 0.0288343544565433 0.0777802866902471 -0.211411492466591
-0.0105222094739988 0.0166016378719905 -0.079187522475566 0.183624261022886
0.00699151643851912 0.0309487570267919 -0.104772852058475 -0.132521429867638
0.0131472635796984 0.0462767910101437 0.211954180544088 -0.349097519140856
-0.01557886292868 0.0465834574428852 0.572174076764525 0.0201186329005825
-0.0322025676132367 -0.00316637517443154 0.291114674416929 0.766530213465017
-0.0282434052759261 -0.0656239915141694 -0.575716710457911 0.73660488889651
-0.00889305441836801 -0.0317366388011023 -0.672648889515319 0.0606074303910267
-0.0151481774165352 -0.0155440941518207 0.0201270446304949 0.0957456406572908
-0.0278982243830857 0.029461365470039 0.709477160241189 -0.195416068582082
0.0302185891407061 0.014319525667622 0.276514196262991 -0.867360565791868
0.041433219684244 -0.00651149379922181 -0.585315803649635 -0.592450807637372
0.0132441834023762 -0.00557590972004082 -0.543946315081421 0.196370296168217
-0.0207668750759199 0.00110287738285327 -0.0586728288431369 0.3688665854577
-0.00981507776919433 0.0221858892646251 0.157166584993308 0.0723421763487971
0.00252246205765693 0.0310640970630834 0.0713209918517581 -0.212074568917634
-0.0226427870184223 0.0167179298607548 -0.0843280763977152 0.182999663881593
0.00371209341910158 0.0317753299288711 -0.111164016767923 -0.13056041009996
0.0140807896344895 0.044002786496791 0.203871017920477 -0.355262213612971
-0.00520898632493629 0.053005232072918 0.577049061518367 -0.00206372922262998
-0.0245215054619213 0.0168672919046054 0.325555639806626 0.745547042619616
-0.0412850438172479 -0.0398344039457552 -0.535205174480183 0.746387009813345
-0.0410964874921185 -0.0253350213210161 -0.664590170622188 0.0778596406142731
-0.050016445913116 -0.0172221370662042 0.0171637127554832 0.0997808969144017
-0.05491672479091 0.0431637645560782 0.72232926213392 -0.176345185323733
0.026924307084403 0.0393381645083413 0.317046093984476 -0.860647289322343
0.0507501242642428 0.0091469649199396 -0.558224379235998 -0.618882242662894
0.0202095242083415 -0.00243191024984195 -0.544486155650878 0.178685168906861
-0.0228607058298577 0.000786175487625732 -0.0666254678151964 0.367069649131822
-0.0163181875554006 0.0228344712970171 0.150343989771505 0.0753664975698352
-0.00960582742334912 0.0307580248652631 0.0652819487205823 -0.212577428154328
-0.0338809389655648 0.0155992442013138 -0.0878144732248962 0.182629743730482
-0.00135514398855281 0.028570522478562 -0.123724938118816 -0.124142179811198
0.0166320061086496 0.0376255407763365 0.182277164154784 -0.360805286951251
0.00572379869837415 0.0565299341657057 0.574357942047137 -0.0348041137806139
-0.0161916409076614 0.0383032606788433 0.376921511631615 0.718370893538519
-0.0541421647441123 -0.0122338292401919 -0.47493126153424 0.76831159064605
-0.0721238009987638 -0.0173714176165822 -0.658975953611168 0.10927143278943
-0.0821879928816615 -0.0194341664169053 -9.12477708041938E-05 0.102232813280467
-0.0836480590393286 0.05198732358443 0.729660890363379 -0.144323663320796
0.0190577978852279 0.0644038043671136 0.376094375534888 -0.843526606881128
0.0602384877332783 0.0270051593068034 -0.514261346119008 -0.658520928623889
0.0279852865808258 -0.00202542791453355 -0.555355242303188 0.14749446760028
-0.0240466392997367 -0.00469555467132668 -0.0870743289784264 0.366945109954984
-0.0226173804009906 0.0196082496878297 0.139706990415674 0.0826360942424052
-0.0214381840955372 0.0284410043803285 0.059880702115619 -0.211394334439313
-0.0439282844579329 0.0116869120299678 -0.0889057592748249 0.184738007915401
-0.00636079193335548 0.0224139882288606 -0.137757620406384 -0.113124086739758
0.0189610403710139 0.0253264155633909 0.152097867127953 -0.366738801068228
0.0183698707126833 0.0552842114899822 0.562828070405042 -0.0790479671853456
-0.00679131629172515 0.0549774976978572 0.431244022471871 0.675638442035723
-0.0642868772758048 0.012751476356459 -0.402036615129419 0.796921904113648
-0.0941555469237145 -0.00868289186192946 -0.656015619315069 0.151073045109798
-0.106092817377798 -0.0232110713798945 -0.0289738821507803 0.101357277326094
-0.109591377651509 0.0551489846831043 0.731179013656181 -0.10019806032253
0.00509901889818676 0.0860273547518224 0.447867057896343 -0.814730766947817
0.0647562091345084 0.0451315897351837 -0.460710084858118 -0.702967053111812
0.0374505904003582 -0.0028977463807515 -0.571532397835927 0.109632069346213
-0.0241233061724631 -0.0141745693169024 -0.116157433495952 0.366649043022946
-0.0281494107212184 0.0116494782051184 0.127645897458986 0.0940405510704311
-0.0307047847559465 0.0251580208737488 0.0568887675668846 -0.210005516883982
0.00524615615965707 -0.00222906921208195 -0.067201169998828 0.196570009180709
0.0121790178552502 0.000242154563990024 -0.13037635020779 -0.105643339860455
0.0203388791475433 0.00849844701273401 0.140292112020323 -0.352326066451045
-0.0163739771933288 0.0208343097224193 0.533075780373146 -0.0487580011421859
-0.0462972722980378 -0.0189577971832443 0.383875504538681 0.69928116749172
-0.0383432636653673 -0.0941728063466037 -0.462794114689036 0.823179223001908
0.0422894330770791 -0.052661206370393 -0.721552941873186 0.135355079891064
0.0598302352824248 -0.0235226343258926 -0.084581011506216 0.07868466655271
0.0149948972114686 0.000762558175947337 0.673970951151608 -0.111131466589059
0.0193051851247573 -0.0185347647019764 0.377068566230924 -0.807302211498297
0.0192876001080374 -0.022992264173472 -0.531038254652739 -0.666771118320623
0.0103903939675549 -0.0281302505432567 -0.612276862560273 0.137782989318754
-0.0173385153810267 -0.0344182534310603 -0.129496229369609 0.385749034512111
-0.0062449413030017 -0.0103767827972755 0.135819969534474 0.10440218104034
0.0164992677235892 0.0119264927960369 0.0878327725046554 -0.20390395037164
0.00624723369055699 0.00312621556189499 -0.0647874107980589 0.193815172923419
0.0128662485597859 0.0108238086928754 -0.118597509879049 -0.113686096255894
0.0179898653925898 0.0206977167119517 0.166129146956455 -0.347827310535394
-0.0217444752203515 0.024897353526381 0.541008657686237 -0.0162992026128117
-0.0468062959385645 -0.0280880560026274 0.329190822178239 0.742584176717281
-0.0254234319160552 -0.101812094405491 -0.526809193406814 0.79279937915636
0.0482556560667397 -0.0489476473449113 -0.712615940607828 0.0967803560203972
0.056448247958945 -0.0202156719577652 -0.048889947815264 0.0832449365538463
0.0157685842803141 0.000683139940695451 0.679492287108016 -0.150549748336082
0.0229431641821103 -0.0236276584010514 0.316087744802531 -0.833055352931395
0.0192498690709094 -0.0278255529677051 -0.572159987196769 -0.629631034256144
0.00731281589711557 -0.0229082138796443 -0.591663685402136 0.171261243198209
-0.0184157752777443 -0.0223614244837396 -0.101235197444185 0.383203961713713
-0.00333412185628815 0.000946924657407379 0.147920624205302 0.0921791116289658
0.0188365907223247 0.018554691979708 0.0876751816191052 -0.206774164573862
0.00424954508882745 0.00897513735052572 -0.0694478102785838 0.190281934744189
0.0131617274378877 0.0202497682443543 -0.109252776100154 -0.123664815281566
0.0148185738197671 0.0338703447325597 0.192986519775512 -0.347576816631031
-0.0242430454261069 0.0314668758912122 0.554749085718917 0.0095827992021497
-0.0443592386827829 -0.0275891623728766 0.297990950687187 0.763399417947278
-0.0189224093677386 -0.0986315400705942 -0.569754801931785 0.762259100055541
0.0396808440160723 -0.0430072726559772 -0.700828957258025 0.0683635524772223
0.0422061444907733 -0.017857373939357 -0.0156434636100373 0.0865624411277929
0.00888771630941981 0.00689350267617538 0.690369244540166 -0.182015089393485
0.0262426608565621 -0.0187970081460147 0.277489154916449 -0.852155888207999
0.0229114898224135 -0.0252155466650143 -0.596448777141182 -0.597753670525072
0.00606803012311847 -0.0158233967215386 -0.571001492537583 0.196379706396349
-0.0193609934250726 -0.0106781661144191 -0.0747786480073369 0.379104968134231
-0.00332303633112961 0.0107716585960974 0.156868343427274 0.0815682098137051
0.0172750940818026 0.0233395915371842 0.0830172400298358 -0.210300531322683
-0.00193203591013251 0.0124864126669529 -0.0737694909080779 0.18719502564237
0.0107698740783086 0.0272722189587348 -0.104408975284689 -0.130283108997118
0.0128654572675248 0.0418484494254446 0.207126780482063 -0.348824752124314
-0.0220119367956009 0.0390102804089487 0.56492942536243 0.0219957121833476
-0.0385210337391664 -0.0202401928331327 0.286685085201901 0.772227181510458
-0.020250891536179 -0.0860486908842953 -0.585102027347884 0.746255748600179
0.019823663551351 -0.0365036028631423 -0.688321899812245 0.0577498649869039
0.0167961524532332 -0.0160353630567659 0.00828001674611468 0.0922715961768215
-0.00609538494633412 0.0169319344271465 0.700294928657882 -0.199594880195265
0.0291573358975941 -0.00595964510816967 0.262864016549331 -0.86548239578952
0.031266079755623 -0.0191482760448118 -0.602267857908639 -0.585052405902538
0.0092321640603853 -0.00949169521134444 -0.553235218655125 0.206183323865642
-0.0192454360372973 -0.00240029826438125 -0.0591811995816189 0.374734478643203
-0.00516501286420351 0.0183958336035671 0.160088978417863 0.074598569107596
0.011446574044214 0.0287215445713265 0.0774171616780345 -0.211558059586666
-0.0114116388176557 0.0165173707606739 -0.0788303725973342 0.18448084655036
0.00778876386223021 0.0322276915709786 -0.106098665843049 -0.131525741525015
0.0133815223062594 0.0457914380689937 0.211916268336278 -0.351583060623736
-0.0153784215692068 0.0474912581044014 0.576321782441783 0.0167843066961394
-0.0323287806577291 -0.00450762819908516 0.296784251371929 0.768476175413867
-0.028315372306793 -0.0661514827592411 -0.573702283908976 0.740336078375666
-0.00908189555107548 -0.0309462295431578 -0.674421865430366 0.0617889848865104
-0.0158874967429911 -0.015491121249463 0.0203697629118458 0.0970384688428086
-0.028642977970384 0.0301737892026244 0.711555417513933 -0.200003682795256
0.0299466141606869 0.0152981612082145 0.273200604156389 -0.869554847038057
0.0411069762609088 -0.00672321391362954 -0.591624183053604 -0.591232397484436
0.0137814054450117 -0.00475750585381866 -0.543377107163304 0.200821160085861
-0.0223719127588599 0.00137884068488054 -0.055177987040454 0.371372350485712
-0.00959451514793035 0.0228168134066001 0.158130390757381 0.0722961278030232
0.00203809124346739 0.0305187099673538 0.0710234962328763 -0.21376409785798
-0.0229234048349644 0.017723833611919 -0.0833603407123152 0.184165507747627
0.00403740669152665 0.0322013825430975 -0.112783755784073 -0.12937259401602
0.0151142609332314 0.0442505762701976 0.203997560244942 -0.358246677495482
-0.00476670156083929 0.0537644456204157 0.579109020580985 -0.00529798947590611
-0.0251438258831178 0.015806938817592 0.330848209847002 0.75152864856475
-0.0419486558035946 -0.0399979388518197 -0.533834790245523 0.749779769757488
-0.0411326096288506 -0.0252960262062709 -0.668529396812865 0.0805778065564662
-0.0505697970703279 -0.0175266725987196 0.0182421421860287 0.101259876147668
-0.0547029093759314 0.0438423147607994 0.725467672031608 -0.181146660061573
0.0269736834573268 0.0396447832476017 0.313632269873357 -0.865946066800543
0.0508041757566089 0.00863506194094397 -0.562316166627283 -0.616594064688733
0.0206763020190015 -0.00273362344810271 -0.547440375125805 0.183697798839057
-0.0235554372617723 0.0013668937575343 -0.0647893666138284 0.370010848498836
-0.0158867738848211 0.0236664986005369 0.152119278279797 0.0757413298264822
-0.00922902803615406 0.0310905630854084 0.0653035343319918 -0.213121983274279
-0.0336161193585415 0.0147688155747007 -0.0882006042505085 0.184311620781237
-0.000835037080593029 0.0290558140230884 -0.125147065207001 -0.123374954878985
0.017414832119003 0.0369701292765223 0.182426582169033 -0.364379388416528
0.00750903351521029 0.0564652158402238 0.577282254874532 -0.041123454137715
-0.0164693806306612 0.0379364468277991 0.382515063706567 0.718085856306794
-0.0546262566523482 -0.0130309202910916 -0.473737697254131 0.774646568018993
-0.0714545609904519 -0.0162731197146486 -0.660809908227109 0.115186543935354
-0.0825091065249323 -0.0196456689564535 0.000341605297681313 0.103216499906473
-0.083965136275373 0.0532900538211405 0.73209289164092 -0.148986508238033
0.0181910393520792 0.0656645168527075 0.373205421496953 -0.846171469034869
0.0603769730311411 0.0268423708294863 -0.518816341150564 -0.657146226814654
0.0276094307697025 -0.00284468683315366 -0.557130541715776 0.151788759168858
-0.025380455376102 -0.00471759545895765 -0.0854025137200834 0.369456100324668
-0.0224999661222078 0.0195072028233498 0.141658593855508 0.0833176002704033
-0.0211548696577766 0.0286107814745317 0.06002461343244 -0.212056328717498
-0.0440315154751907 0.0113740373700914 -0.0897065564575047 0.185868942918224
-0.00660991628431738 0.0226400941388738 -0.139645700171104 -0.111803328487941
0.01957839022281 0.0251019341760398 0.151786004948395 -0.367356758722397
0.0180543952454759 0.0561578729609114 0.565450385323672 -0.0836476588525806
-0.00771732380402568 0.0548094981055045 0.438773447218994 0.678495637397575
-0.0649456891633343 0.0130328605920358 -0.401164920312168 0.800289138162587
-0.0932230370123176 -0.00794458293980498 -0.661450806336305 0.154458518508646
-0.106188645457163 -0.0231302213647518 -0.0292858281067642 0.103434831325222
-0.109975298495303 0.0558364522213836 0.733140114568073 -0.102762103422394
0.00510070570101205 0.0858717237092405 0.44572662942443 -0.818810105583062
0.0650004005471242 0.0444689252405959 -0.466195652285768 -0.702408744092987
0.0373668788096103 -0.00243563279621385 -0.574112718141747 0.113286003349881
-0.0241983163194509 -0.0140899599328112 -0.113267449225958 0.368576534805861
-0.0282697141453748 0.0121752338460997 0.128472717203942 0.0938363790694749
-0.0303917517564968 0.0248487266233783 0.0573484358177225 -0.210641613941756
0.00439587442057358 -0.0020177239055894 -0.066394388868837 0.198286620772915
0.0122156293110613 0.000235716390616578 -0.132920615839786 -0.104896621408054
0.0214878916175745 0.00779173906535862 0.138942727737202 -0.355259487684822
-0.0163437103396513 0.021595136509107 0.534887015334707 -0.0516995085102163
-0.0470266473741826 -0.0188947612917005 0.389196740658088 0.699090121003564
-0.0378200400689649 -0.0944280985434877 -0.459984137587094 0.827275605835401
0.0434294071110235 -0.0524663957038886 -0.72432286312909 0.139399939030965
0.0602538004836355 -0.0245813306104987 -0.0850874101433422 0.0809538237030309
0.0146917500580677 0.00122383870962756 0.675170101327438 -0.115060321324671
0.0185513716920278 -0.0189992827628362 0.373577866295329 -0.810469555334791
0.0191596346064152 -0.0229285976113079 -0.536317646297747 -0.664900109999567
0.0107348143129366 -0.0284555847377307 -0.615323881619644 0.142988164280579
-0.0186738110034569 -0.0346384234622586 -0.127565767724853 0.387296675516365
-0.00699482717909565 -0.00958179107971091 0.13777700616121 0.10427740680132
0.0165027515445019 0.0115574373952717 0.087118306237057 -0.204596915290806
0.00628473673645399 0.00310051278431282 -0.0655133671459125 0.193893168834828
0.0139494185693131 0.00990153176899385 -0.119999237953318 -0.11231044472503
0.0186520323053966 0.0220064692919266 0.165794900217141 -0.35148135216514
-0.021282722969989 0.02616416159971 0.544072422806937 -0.0208806780214113
-0.0474594839489151 -0.0278649476410807 0.337514130421707 0.745947702392779
-0.026102001710139 -0.102085959249513 -0.524860496446632 0.798083929072553
0.0485147984120911 -0.0482876115953666 -0.717352162314448 0.101283173951876
0.0574355228671338 -0.0208671987025117 -0.0475069340722295 0.0837476566002137
0.0159716247440542 0.0015624867829703 0.681687332295168 -0.15518614643361
0.0227428321861576 -0.0237523540989454 0.315607764840779 -0.838233204836629
0.0193832727090493 -0.0276012994538625 -0.57995991749519 -0.625038498611275
0.00716745022728974 -0.0226521515509448 -0.595593933744988 0.176517234076028
-0.019853073074311 -0.0217726241969505 -0.0985373610605394 0.386609594613301
-0.00413589227269527 0.00124477521888225 0.15023292903622 0.0924099151497048
0.0195726801871738 0.0170747437718836 0.0861886817818905 -0.20736924296769
0.00418314342491929 0.0085070269849205 -0.0688340545247823 0.191564605921571
0.0136504321519535 0.0192062871505028 -0.111317596477702 -0.122620014262899
0.0141947294221189 0.0336582559589524 0.191762824874788 -0.349554843144266
-0.0233803326492727 0.0320363342298377 0.557066905094839 0.00418875116545589
-0.0453878352270335 -0.0291931637106485 0.304630322636914 0.764709937281441
-0.0189115433547659 -0.099261092144758 -0.568100361938561 0.768881344282178
0.0408756946063662 -0.0434490221216085 -0.704530082785612 0.0739579958420264
0.0421109088146023 -0.0177858121887396 -0.0152035114158588 0.087563442466684
0.00890636708158109 0.00634516532039272 0.691819420522638 -0.185701414044667
0.0269442850906747 -0.0190488757272089 0.274195297652492 -0.857818932810127
0.0229420537705964 -0.0256672031677949 -0.602739184494567 -0.595340951485883
0.00630375351136765 -0.0163101720214275 -0.571618773342504 0.201129422580436
-0.0194636436160614 -0.0107286625360631 -0.071839816974614 0.382146214794997
-0.0037990031639901 0.0106733865168309 0.158101190132483 0.081704160923788
0.0175580177007666 0.0234521997444967 0.0829729266100642 -0.211643489384681
-0.00197931891807782 0.0133618332631437 -0.0731521016080655 0.187542373485638
0.0114464902959344 0.0275280450347871 -0.106522966237829 -0.128707077790397
0.0129031693794114 0.0421647934195302 0.207003279876616 -0.35060587831282
-0.0224148851544272 0.0405335234758663 0.569313285979858 0.016254519974541
-0.039446197320815 -0.0203560150632174 0.291921830041059 0.774217911703586
-0.0210297536987932 -0.0868912121245731 -0.584153637960647 0.751100004633561
0.0208939674504426 -0.0361070771857925 -0.691876058500655 0.0602895832439625
0.0165612943022006 -0.0163904163086412 0.00875202116713745 0.0934241543034007
-0.0062416875888327 0.0165060624157141 0.701654716729029 -0.20396730154835
0.0295381187335716 -0.00648966416455268 0.257599648079562 -0.870096984003796
0.0312303195597126 -0.0191802305843518 -0.608937489232707 -0.582827862026613
0.00853169287517625 -0.00931248504019902 -0.553647682833088 0.210049195054596
-0.0203597141423601 -0.0025385350608495 -0.0571997088546755 0.376292757735329
-0.00535218952711385 0.0182044261274779 0.161654087328366 0.0742516597433878
0.0119448731642502 0.0277815135800379 0.0767225281057078 -0.213223218075177
-0.0111043824844265 0.0158648802162425 -0.0784960939746183 0.186776009357251
0.00851560334236202 0.0318174628318429 -0.108072268739744 -0.131093766937068
0.0137445914940639 0.0463718448760408 0.211182112315169 -0.354667154780167
-0.0148567228359372 0.0478162804601053 0.578933246762023 0.0124081884985459
-0.0331909972289667 -0.00453615477995221 0.301609280896508 0.770323799806005
-0.0293898221572224 -0.0668317651366772 -0.57343665173896 0.746428772343697
-0.00882397973317649 -0.0307137693467516 -0.677103951153389 0.0663212189274838
-0.0154368528252814 -0.0156771611927631 0.0211227751091954 0.0978792493061728
-0.0282264142150953 0.0303575560088317 0.714160579628502 -0.203865459559508
0.0301192217133041 0.0144568862282392 0.269061290714963 -0.875513074722514
0.0408068868354534 -0.00753029239550152 -0.597857022603279 -0.589117777598595
0.0138931418577302 -0.00462317481415032 -0.546683531010675 0.20632375172331
-0.0223042012195975 0.0011143930058634 -0.0522002413287608 0.374454623822905
-0.00956627639414045 0.0223357583215423 0.160147535695916 0.0719364079812119
0.00215567240779595 0.030535132011548 0.0705959434720336 -0.213913668818289
-0.0217040928184668 0.0165701051558727 -0.0838444752677399 0.185214898340168
0.00538789874240504 0.0323139464222693 -0.114790378965752 -0.128671315489102
0.0152661824147397 0.0441133178429817 0.202835904780313 -0.36202628224175
-0.00481139478998395 0.0543632165834184 0.582917280225371 -0.0094373558746149
-0.0251207952761967 0.0161461158133726 0.336928108663824 0.75103642981667
-0.041590449550096 -0.0413454998328616 -0.534964416645481 0.757743237726665
-0.0408854202237647 -0.0247772878277648 -0.670209600392205 0.0853661625216697
-0.0504298635553281 -0.01762926001577 0.0187980688039238 0.102235824875743
-0.0546208565956883 0.0438784690723864 0.727048727605353 -0.185624773644956
0.0278062076976067 0.0398648485072934 0.309485705580794 -0.870500210795508
0.051709735971174 0.00786193260090166 -0.569845705097644 -0.61489091139798
0.0208448634580365 -0.00350920517514673 -0.547856354291833 0.187639441439705
-0.0239509487531419 0.00107760935882537 -0.0620476324856724 0.373020664639653
-0.0159288828902862 0.0243524327942974 0.15369739247684 0.0753306770173127
-0.00866877784833856 0.0315992330863246 0.0645368978765088 -0.215333171044139
-0.0334633756113997 0.0152417959339443 -0.0870313019810751 0.185375516103086
-0.000640133373853404 0.0289675714158735 -0.126413102178878 -0.122201078367601
0.0185171152904193 0.0378635577482036 0.18179357456799 -0.367887769823256
0.00765969844630101 0.0576778150418846 0.579579425085451 -0.044342478885665
-0.0164005487491056 0.0364484588207393 0.389677865371086 0.719084603971759
-0.0547605581177481 -0.0128757703538716 -0.472381075360022 0.779802498336474
-0.0716599665797993 -0.0159212846093227 -0.66454082283742 0.116291069958803
-0.0823688328686017 -0.0191058201886093 0.00141836518110949 0.104133671858301
-0.0834979443322255 0.0532634100960587 0.737178877490389 -0.152874348857044
0.01913901048418 0.0648515777728161 0.370405275923372 -0.852015207985791
0.0621564847982648 0.0250008399361451 -0.528298115377971 -0.654430251492367
0.0288704288151537 -0.0029701110444554 -0.557134276305786 0.156496280330319
-0.0252705030245921 -0.00435002103772376 -0.0824081724065171 0.37040580323106
-0.0224638554616039 0.0194222337263241 0.141954146543055 0.0834275232431014
-0.0205511187128845 0.0282602152778871 0.0595396703741539 -0.212706030643143
-0.0452506933155478 0.0105422154496818 -0.0895521791034669 0.188476926501338
-0.00561541891562103 0.0215217157123739 -0.14164942501024 -0.110853557006409
0.0197944489332537 0.0251438796810027 0.150151913356122 -0.372267163125348
0.018140887465094 0.0553139833534186 0.567704558891344 -0.0862975456363452
-0.00723702332290484 0.0541874355295109 0.445338531625534 0.67750601298243
-0.0651033618705776 0.0135682536625076 -0.397905522260903 0.80717960919182
-0.094046982717234 -0.00686222718513823 -0.662268855339265 0.158623086204999
-0.10709950816874 -0.0224166218711032 -0.0282055458588574 0.104657633668257
-0.108539130604915 0.0561734464937533 0.735240755462768 -0.108850690735899
0.00524713601445465 0.0862101320823296 0.441589807753712 -0.825033136571281
0.0655676562677494 0.0440870216603372 -0.471671033673611 -0.701106835539787
0.0380948871445478 -0.00367446997201024 -0.575664489270834 0.117673782250082
-0.0253335262446626 -0.013978529819563 -0.111322167119318 0.373351547345723
-0.0284708521427084 0.0123217166600914 0.130039897976342 0.0933718299838436
-0.0303265469392012 0.0246573236158744 0.0565583863543336 -0.211554486663128
0.00480740247045113 -0.00253154780055089 -0.0665791577150097 0.199953130475414
0.0134701620578831 -9.82181616401862E-05 -0.134374621673394 -0.103576565948766
0.0217215754466907 0.00843656253071492 0.138354575336994 -0.358625609503674
-0.0149012723378998 0.0216195397374846 0.537440891220311 -0.0578840588697984
-0.0470980374741948 -0.0199763702884252 0.399803636395964 0.700893645018049
-0.0389056539413057 -0.0946074494555014 -0.456888539328918 0.834415143027304
0.0444352571300521 -0.0528705786806486 -0.727061082037998 0.144467373029108
0.0600296747414386 -0.0242432989572163 -0.0849034965140625 0.0816812614347228
0.0153219706333374 0.000201882890812383 0.677848248104006 -0.120187637758044
0.0167949700233262 -0.0192804128047962 0.370447355629419 -0.815914335497106
0.0184550022425573 -0.0239058305903553 -0.543868266766294 -0.665272288319901
0.0103643430408286 -0.0285002428823872 -0.616920345972385 0.148225835176939
-0.01965667165632 -0.0338840937938633 -0.123532158338177 0.391739919564686
-0.00717862421725043 -0.0089963133879497 0.139813230683965 0.104379922454889
0.0164869112182905 0.0114406929935918 0.0871337663519844 -0.206141296593806
0.00632244448987286 0.00231090924236983 -0.0642427805806853 0.196053529430129
0.014676314707276 0.0103703910276631 -0.121552243182915 -0.112551814857212
0.0182523693938391 0.0209956722491256 0.164198092989958 -0.353989860809588
-0.0210696667867211 0.0268429249266082 0.546501337670042 -0.0243592733290295
-0.0489408300426616 -0.0281534781925674 0.347136374280279 0.746455439888597
-0.026461736841247 -0.102743403132507 -0.522848072300349 0.806870947802897
0.0492807433569286 -0.0486393089810519 -0.720079982737789 0.105864143049451
0.0567684057078579 -0.0208083696665886 -0.0481338093457033 0.085184583084545
0.0163406262905119 0.00180169013652264 0.684830408178446 -0.160116583439362
0.0227908562634172 -0.0231069686148162 0.309707915709715 -0.844061407054484
0.0186440474669386 -0.0277717425723743 -0.586678592783972 -0.624393945392405
0.00674394016180283 -0.022887433787042 -0.595926244445957 0.182641159543596
-0.0204293690818115 -0.0221738787684198 -0.0959987815310601 0.389321846769736
-0.0040832217033645 0.00131982136530429 0.1511939932514 0.0923213522918283
0.0190768198487169 0.0177160943269161 0.0859147777355619 -0.209076087776996
0.00394448191648841 0.00862289891347761 -0.0688411330966394 0.192397981607435
0.0144565792879788 0.0198796759307827 -0.113151902835626 -0.122364043280688
0.0152143549482951 0.0333561082044124 0.191598287847656 -0.353566195997934
-0.0238087130700733 0.0330058296031209 0.56176314065456 1.56531771823793E-05
-0.0462833018806859 -0.0291644110834334 0.312352684394886 0.769406976022551
-0.0200167704098182 -0.10039435673791 -0.566802763654577 0.776290633558345
0.0413669069526909 -0.0427026052087261 -0.707202373649076 0.0776386402542967
0.0420770075452527 -0.0178353702245334 -0.0147032232251569 0.0889738157431467
0.00962967114772386 0.00708243483614242 0.694377474075622 -0.19181860783407
0.0266103850454447 -0.0192260533361995 0.268731807253342 -0.861197576579239
0.0225729655827123 -0.0264708032465109 -0.610766670947484 -0.593657559349833
0.00627230492804125 -0.0158332154242621 -0.571215206760532 0.205630734170168
-0.0197783231364483 -0.0114298273516938 -0.0690976515784398 0.384456343532395
-0.00317237003632265 0.0112416813335489 0.159868340549865 0.0810555170089433
0.0176280291975414 0.0224778180037728 0.0822441349328698 -0.212096168932172
-0.00190463393893632 0.0135987873203421 -0.0729342806800817 0.190278447225017
0.0125888027002829 0.0271766868110297 -0.107783600370228 -0.127953458026346
0.0136291311182304 0.0412108129599279 0.205591030297309 -0.354518584638493
-0.0214795969009679 0.0401461568476846 0.573551291764983 0.0122715165220162
-0.0400378071037649 -0.0215051839269091 0.301146436001107 0.777202895309617
-0.0214176522316209 -0.0875913560988579 -0.581892023005043 0.758052493389001
0.0213971175882175 -0.035886251803981 -0.693969805525514 0.0656949490052006
0.0177983185606227 -0.0160252288274039 0.0096887426094782 0.0938385248956867
-0.00585099200809095 0.0175251947317521 0.70571020025416 -0.208584574056642
0.0291492024595403 -0.00564049993124115 0.253077071408351 -0.875073217742558
0.0303123773144136 -0.0188651492158885 -0.614719340162278 -0.581621264056728
0.00883662729659121 -0.0104616451385038 -0.554814299185799 0.216508188900758
-0.0214680763560883 -0.00247513752872609 -0.053414211347468 0.379410620420746
-0.0056077059202929 0.0184355862793918 0.16397009656615 0.0737970059922952
0.0120450108374868 0.0271398599964105 0.0760082011652924 -0.214260438475959
-0.0119421859740183 0.0169661769537679 -0.0784380379482715 0.187861903205801
0.0101635091261893 0.0319708890080667 -0.10951867127065 -0.130636852246426
0.0131998821316997 0.0459227970721413 0.211639465218503 -0.358247720368095
-0.0145976503616619 0.0488366075231715 0.583450374688148 0.00844216570716314
-0.0333832031711883 -0.0049202791548362 0.313124682713568 0.772499047535757
-0.0298874967167796 -0.0670721778712132 -0.57055467188448 0.75404871330912
-0.00808825003055202 -0.0307044396969412 -0.682573957675973 0.0710851239072589
-0.0155990786938436 -0.0153952643314093 0.0220654167813609 0.098513221105148
-0.0281731714880472 0.030696515738443 0.717277483847586 -0.209675484547233
0.0303498015424881 0.0153621884033765 0.26494202582529 -0.880324823891812
0.0404660555441815 -0.00799099537728622 -0.603946126797195 -0.585548957659999
0.013141759242047 -0.00626242931851915 -0.546385621056685 0.211709339229635
-0.0233264181758388 0.00265169520020712 -0.0496180335317657 0.375732243389261
-0.0103890267324789 0.0235154070497636 0.162343611727694 0.0718085852888761
0.00290187965297895 0.0308893226387284 0.0698154114245442 -0.215798442335266
-0.0225072517263997 0.0169270464804094 -0.0836900333802967 0.186978437792475
0.00478264624410407 0.0318453644015953 -0.116388490295723 -0.127762674301604
0.0157340104062902 0.0442779850500861 0.201963452588078 -0.36411166246119
-0.00388452384386831 0.055557567273283 0.586797549133609 -0.0160879468756737
-0.025936242252526 0.0155040792020743 0.346892976681328 0.753288121536942
-0.0425011916210217 -0.0413144136678337 -0.53200725825491 0.76433110341251
-0.0397143973276069 -0.0236534019649242 -0.671767985432008 0.0888634199166453
-0.0513983006737433 -0.0167074745097863 0.0197453074880275 0.103427566154189
-0.0552151239971852 0.0456104353422688 0.72964496724498 -0.191941738447418
0.026851442136134 0.0396455142348677 0.306056277073971 -0.875527912212835
0.0514168697127986 0.00751912778684123 -0.577373509365258 -0.613217954775326
0.0198631045455794 -0.00325853170128532 -0.548587179507405 0.192590617475437
-0.0249522210722098 0.00284232492676451 -0.0586257367741845 0.374754183671685
-0.0169629679284021 0.0245189101269936 0.155006469807242 0.0750707776339517
-0.00916670239191815 0.0302392221656203 0.0633707480394253 -0.21516747121259
-0.0341194903984137 0.0155381979650783 -0.0870728538089027 0.18660785443193
0.000981604885989933 0.0277945202149152 -0.129037757788108 -0.121211734535788
0.0179883625174864 0.0363878841208453 0.178436831037569 -0.370879556890946
0.00819601283975174 0.0583145824491071 0.582791554269864 -0.050324768300623
-0.0162864446808444 0.0365510566756108 0.396867000174716 0.720772064501972
-0.055302841616768 -0.0129812744006213 -0.469896185273986 0.787311622877563
-0.0713707575417411 -0.0160135195028314 -0.667113229403282 0.123284216505305
-0.0838293336892336 -0.0180000564357777 0.00241687767324532 0.10580351009035
-0.0840946875809688 0.0542650473736272 0.739299341446547 -0.157656112301369
0.0197695553018585 0.0651230117935802 0.366379334458197 -0.858752754847066
0.0601357233936066 0.0246975206527633 -0.536488845444412 -0.654178034227757
0.0291194370217428 -0.00396512958344442 -0.560790802900498 0.161875454011513
-0.0268128758786074 -0.00377855701724236 -0.0810912917740216 0.375527121278652
-0.0225729175724881 0.0203095889565399 0.144327663934695 0.0831681769314076
-0.0200210100714431 0.0295863257616571 0.0589121943901135 -0.213261570744732
-0.0444113010777144 0.0117021122833903 -0.0888604899575884 0.189177562815147
-0.00491565489178583 0.0222505406815644 -0.143673123365007 -0.109764454823662
0.0202626334249851 0.0251445509912017 0.14886312429875 -0.373943681953879
0.0196204124784315 0.0561893139057865 0.570829156076353 -0.0924955454340602
-0.00765210876090226 0.054114729175818 0.454800430287049 0.679167485564149
-0.0647951128604702 0.0134748481276515 -0.395649613543718 0.81416402984239
-0.0936380102965059 -0.00592256092197088 -0.666129968930746 0.162084398220268
-0.107142898202799 -0.0223955403311771 -0.0279956117450588 0.106598191530942
-0.11028606661838 0.058515741143064 0.739040314397721 -0.113536915187339
0.005742300658134 0.0863269110096563 0.439020211753282 -0.831812475158537
0.0661132594046231 0.0435674966732628 -0.479977686384964 -0.701938836983132
0.0384305831187019 -0.00358929762203178 -0.578260160241258 0.12237406809959
-0.0260308427350995 -0.0134941016114158 -0.108476246172232 0.375921799301511
-0.0278279434144951 0.0125672550841098 0.130970064180066 0.0952991390459463
-0.0303852549263834 0.024752693449219 0.0562706498314334 -0.212633152665059
0.00357519658375137 -0.00234144562204055 -0.0653915605273564 0.202085458379339
0.0142306790784267 0.000198765189971691 -0.136998564060107 -0.102794715885354
0.0218920256581988 0.00789649028634724 0.1357124204215 -0.362218154006733
-0.0146780281841802 0.0228377421113331 0.539802664389119 -0.0634229111591982
-0.0487478971873504 -0.0203181154687069 0.408427125720154 0.70304030689269
-0.039230378907629 -0.0955237712358774 -0.451897520663896 0.843695282582214
0.0442293867193145 -0.0520772150524943 -0.728414220383161 0.151385189917601
0.0612295657400661 -0.0245411101187365 -0.084465186488073 0.0826346515932592
0.0152517353000676 0.000882028357002067 0.680873617249078 -0.126911650580059
0.0175009383559316 -0.0191727612923636 0.365840830537617 -0.823977171623116
0.0177794058978238 -0.0234539038583685 -0.552988026466006 -0.662286563328756
0.0104052239585622 -0.029083324229356 -0.619646631454235 0.154989160995606
-0.0204796066179437 -0.0332870382721079 -0.120827615733915 0.39555356637781
-0.00751568710385732 -0.0086502511613287 0.141192508312545 0.104042808426365
0.0170223745493757 0.0112737277362534 0.0862325847876772 -0.207683091041561
0.00591500596227983 0.00318132903720572 -0.063006285824357 0.198116155886953
0.0155262704187952 0.00989983207659379 -0.123250556749784 -0.111264563169182
0.0187323238306171 0.0212936542894463 0.162036761330106 -0.357330650005878
-0.0214287485597256 0.0280812814070619 0.551912986767922 -0.0318164163985439
-0.0505473890489651 -0.0284518563205734 0.356232725639834 0.749403048756797
-0.0273677110696963 -0.104322655962695 -0.521288065351821 0.81254643208156
0.0494235952569739 -0.0485692717608464 -0.721842793965387 0.112595232775622
0.0578665723504328 -0.0210478561542792 -0.0480629492939927 0.0852781437358673
0.0172691944408318 0.00187600070216519 0.686383609694523 -0.167833760170107
0.0222151586431309 -0.0243285319707603 0.304134779136317 -0.849763656504821
0.0186616787810309 -0.0283352213918499 -0.59515403694763 -0.621544492828835
0.00725608992902452 -0.022418437274815 -0.597287035835237 0.188961968845022
-0.0205879913469996 -0.021518206016852 -0.0925565434086483 0.393144574878466
-0.00481381734522316 0.000706801157554067 0.153144413259444 0.0932090589889019
0.0194988399674308 0.0170010664008893 0.0851570024580467 -0.21138125576244
0.00343803305943065 0.00812604408475847 -0.0675249754760778 0.194807877246163
0.0144798201774404 0.0194457881824801 -0.113846088684581 -0.120477560192365
0.0163742851952162 0.0333042315351519 0.188616557660496 -0.35740562927856
-0.0236158555384408 0.0342394712503928 0.565292457558862 -0.00441653974270847
-0.0468233670473579 -0.0292013565160873 0.322777134108764 0.770554054010252
-0.0211125961373317 -0.101000394861355 -0.56384116154155 0.785405413098419
0.041947011148613 -0.0423051315352856 -0.709798471615626 0.0845480387616019
0.0428008073752868 -0.0186756402420947 -0.0144275162899588 0.0898466896218418
0.00983639036862662 0.0068364193069523 0.69599902938688 -0.198020825496058
0.0265105544178565 -0.019877857570953 0.26390603138099 -0.868687079498458
0.0228538073803177 -0.0274584074299021 -0.61811143120009 -0.589128694105652
0.00737713381561806 -0.0164381733207796 -0.575078033872636 0.21382324216613
-0.0220331504243139 -0.00999025147777215 -0.0659238705040711 0.38879975117262
-0.00398393200976485 0.0111090944826458 0.161839443783264 0.0808030468940695
0.0181288729710997 0.0223815256844115 0.0809884021382581 -0.213979465750879
-0.00172125768748468 0.0130672623138996 -0.0723726208052589 0.19186164365785
0.0125760467790332 0.0268265707742159 -0.110401149218262 -0.126546916933769
0.0146018844385863 0.0416662771548358 0.205226686445439 -0.359161718569607
-0.0215426894400478 0.0415606661732945 0.578106177968079 0.00641805710521964
-0.0412145405046484 -0.0210841216390846 0.308444846959707 0.780253351445142
-0.0217059576818632 -0.0871694850603366 -0.579103848627989 0.767010958458849
0.0220905461315058 -0.0358679045813124 -0.697139911913422 0.0725324138561175
0.0169422148429427 -0.0161733122196166 0.0100735600429864 0.0945552451518874
-0.00559495438485058 0.0176102852702282 0.707164964598057 -0.215897571157899
0.0287134107170476 -0.00647925898132212 0.248529852494979 -0.880215638865425
0.0306060060217808 -0.0197203843655254 -0.623347290205248 -0.578010421384061
0.00934529641419252 -0.00986167590320217 -0.557170408480271 0.223015368543132
-0.0220132758866709 -0.00178871014906421 -0.0493258430691544 0.382810017008722
-0.00487075351601409 0.0186323419004034 0.164698678617612 0.0730402048152407
0.0123966954433355 0.0277310419835788 0.0757528039092204 -0.21565464773195
-0.0108573289892152 0.0166710221967339 -0.0771847899346993 0.189272569041152
0.0100332604722457 0.0315406459331308 -0.111597460666519 -0.129387793767951
0.015230030019935 0.0455227500565705 0.20821688297238 -0.362571278045294
-0.0135722381684916 0.0503405160475398 0.587134567465829 0.00192135269182166
-0.0350509569732538 -0.00561484676903307 0.321136085714353 0.775200400841983
-0.0299751805882878 -0.0677871577252051 -0.568506607822279 0.761297523270955
-0.00743187969873604 -0.0299323299234299 -0.683997054767055 0.07682703474569
-0.0159863661258521 -0.0151697945819635 0.0237370621138475 0.10013282928939
-0.0272672088812853 0.0317468196936269 0.720738234766757 -0.217809183104624
0.029779594868922 0.014366382339776 0.259161507236687 -0.88660822689002
0.0406039390714708 -0.00915194923500055 -0.613027874941502 -0.582890142667329
0.0136863983068818 -0.0060204665274771 -0.548310262445451 0.218060537796729
-0.0233607723783495 0.00266584358363811 -0.04634477940718 0.379473963313957
-0.00962418930661329 0.0227832416777235 0.163826223123586 0.0714198587628821
0.00250833291967446 0.030152946810075 0.0690544906328852 -0.216788114943648
-0.0230320045656377 0.0173255675351768 -0.0826338401000113 0.188901715147537
0.00595754539112666 0.0317655933595803 -0.118283576260494 -0.127203587222952
0.0174165094726771 0.044728526676549 0.200609109949594 -0.369766588415905
-0.0027743383264652 0.056091303606005 0.589837611169372 -0.0200788156865557
-0.0265638534595625 0.0152418638409574 0.356562895737372 0.75589730181786
-0.0433734906383179 -0.0408948962619281 -0.527314311227613 0.773438678807248
-0.040305790686867 -0.0231424182221298 -0.676134668227321 0.0946836586268452
-0.0518657938731307 -0.0158691161980055 0.0206486115164404 0.104527498162496
-0.055035219978995 0.0453273185338217 0.732421050325913 -0.197601369167069
0.0275285999783285 0.0399445725639258 0.300911495183027 -0.881016912166227
0.0507815445053027 0.00677988854521063 -0.584298237967295 -0.60909404455884
0.0209293827481271 -0.00414750551533554 -0.550442109726408 0.199759903170976
-0.0258650915912606 0.00255843157877978 -0.0565681665452286 0.378362543673384
-0.0159659390743411 0.0240289093906672 0.156895528601024 0.0744988449840422
-0.00843666067208628 0.0305639216140808 0.0627801931508672 -0.216273364061932
-0.0343659087304514 0.0162248391455671 -0.0863391504936618 0.189639058829053
0.00142581138132732 0.0282517085167234 -0.129569214717859 -0.120288066288167
0.0190074496570812 0.0364058599438539 0.17734794279235 -0.374286742727622
0.00957100857846847 0.0589938055930266 0.58544064129503 -0.0568071064737033
-0.0176380572335277 0.0369292753447432 0.407112064602486 0.722457350869911
-0.0561725012694861 -0.0130139571148303 -0.466239822216923 0.793090592933667
-0.0712599378811802 -0.0138954266869451 -0.669234654134334 0.130418802619822
-0.0842898872011401 -0.0182170520476004 0.00364365060308002 0.106644881896339
-0.0843855088283906 0.0555948712328301 0.740754781135825 -0.162930869994156
0.0191760399446857 0.0651877711964561 0.360664649214548 -0.86513442598552
0.0604231282997622 0.0249236598018642 -0.543015916391461 -0.651338333295943
0.0290508906338595 -0.00376375396271442 -0.562341456352552 0.169474908594395
-0.026857247609123 -0.00273642924584978 -0.0766767876961704 0.378018767500167
-0.0225530749613374 0.0207119950312612 0.146007131622098 0.0826695901919167
-0.020367309961531 0.0294420324837185 0.057634948843184 -0.215239552838114
-0.0450563966934826 0.0122402824944293 -0.0879325081970203 0.191351583361944
-0.00341353802919037 0.0210289351216778 -0.144713344258444 -0.108631165807026
0.0207306682306017 0.0258454008415122 0.146435431083404 -0.377868003085359
0.0198510296108717 0.0571482741124442 0.574038245880765 -0.0984876687901744
-0.00789658224224198 0.0538818799938602 0.463524188502266 0.679889264477576
-0.0646163048894678 0.0139214008642664 -0.390812465710413 0.820592600528163
-0.0944841111184177 -0.00487417114320593 -0.666782417345537 0.170132947949608
-0.107972632369203 -0.0211993622880943 -0.0277104776666113 0.107335608244623
-0.109699075408828 0.0592226763475925 0.740736471523624 -0.120107313959224
0.00633050892264708 0.0862912317212817 0.433226421316999 -0.838069248282648
0.0658484848234464 0.0436193243469663 -0.490295009094119 -0.699466179142758
0.0390054029508824 -0.00398022664656995 -0.58143339968206 0.127520549400602
-0.0264827892528327 -0.0133603393957366 -0.105814633044565 0.378584297970591
-0.0291484970950854 0.0137869235687658 0.133478082618119 0.094689166390105
-0.0299718509935015 0.0254057638140263 0.054807784765583 -0.213006101135459
0.00381322981788716 -0.00264756676750328 -0.0640198520266003 0.20295085979245
0.0145548005186342 0.000540271060017111 -0.13852505272422 -0.100467636982838
0.0215638716902763 0.0085608866368575 0.133849626793544 -0.365134461093907
-0.0143018352196994 0.0236934242650401 0.543750256072042 -0.0691136877357178
-0.0500677842431592 -0.020024729515613 0.418057843307112 0.702193428329708
-0.0407055139012813 -0.0959591445556213 -0.447706017514368 0.852004865435291
0.045694221510515 -0.0532587810843721 -0.733541933387103 0.156960465421593
0.061339243486362 -0.0247411999433054 -0.0837719369420091 0.0837272067489151
0.0165566187515063 0.00119323495813532 0.682627690070659 -0.134355201211408
0.0175161295658586 -0.018916606122746 0.358553626152461 -0.831162629977298
0.0169972764247292 -0.023792001649461 -0.560960840754641 -0.658047345104953
0.00980436126588587 -0.0289253855060224 -0.619748709748967 0.163021627944102
-0.0210431467643114 -0.0326081211767404 -0.115618720197427 0.3993307649049
-0.00735613158035737 -0.00869760074396492 0.143226666090012 0.104160594947392
0.0170352723553976 0.0105198038450507 0.0841708922856172 -0.208763268630185
0.00517362605039849 0.00265947348096458 -0.0625376858598231 0.199576871514576
0.0162687246230119 0.00926927318246312 -0.125726710857606 -0.110275003249237
0.0194410812877068 0.0207356424527059 0.159243365886294 -0.361445003740965
-0.0200876487671551 0.0289134276123968 0.553167091653202 -0.0388112545662872
-0.0514882715871088 -0.0285255326984427 0.364631236354722 0.749862667630653
-0.0277816550896685 -0.104627408661719 -0.515395707953713 0.823120917235708
0.0500183317826071 -0.0483061085244419 -0.724561595668974 0.120793793107061
0.0582200720006733 -0.0217893667898051 -0.0468555362389761 0.0871357617434909
0.0170270785897689 0.00104623686622105 0.686526726488361 -0.174839629315086
0.0219737497456718 -0.0239593427774973 0.298223749863451 -0.857267090257264
0.0183380998531882 -0.0283730167825551 -0.603192634041163 -0.617110883218451
0.00587759742362468 -0.0228013100525964 -0.597761063877834 0.197297473230786
-0.021538842247414 -0.020556547990805 -0.0867517476357881 0.395996385889379
-0.00435974291019269 0.000869982548193888 0.155677788284984 0.0926599048444184
0.0193752149666764 0.0167877166962089 0.0835520142197634 -0.212959656973633
0.00337779416819013 0.00861188533989287 -0.0663449279212796 0.197044389670417
0.0159934384728092 0.0196331500279739 -0.11646834185376 -0.119795926231706
0.0162826304823136 0.0339560591180521 0.185593589185823 -0.362818584467445
-0.022872233159647 0.0354953246275045 0.568120127070823 -0.0108372734240694
-0.0468918912664296 -0.0295545588243437 0.331875111625608 0.771035853436939
-0.0210328324297337 -0.101809861397052 -0.560497416398073 0.793209261193524
0.0417988886571064 -0.0420009040491344 -0.713277650368462 0.0909673502831405
0.0437980462420805 -0.0182223148200715 -0.0134468284530864 0.0908478420833931
0.00943932359756041 0.00705851364559212 0.697619403742745 -0.20624878257232
0.025866564260536 -0.0196427745020007 0.257023431380046 -0.874711290235411
0.0219581995840127 -0.027085022010076 -0.627070443465657 -0.583859724712407
0.00660216811957172 -0.0163527652692528 -0.573370442379308 0.219873895141803
-0.0211859859653633 -0.00964998568346074 -0.061178266574666 0.391331282837968
-0.00394831102103087 0.0116194628914373 0.163966166493362 0.0803369087279178
0.0175524271347773 0.0220817154780738 0.0801267656087761 -0.214641907041798
-0.00259028049600365 0.013503524965546 -0.070413235981048 0.193041984809457
0.014413178665517 0.0271420731998384 -0.111721907348301 -0.12619652235578
0.0148755547601703 0.0425389671032844 0.203575994164276 -0.361440450155039
-0.0201753721480729 0.0418698378712332 0.579015577544302 -0.000445681951093242
-0.0423886464861583 -0.0209985134403335 0.319525713097613 0.780658867474329
-0.0232340931641105 -0.0885939420213038 -0.574408029695886 0.777764654274826
0.0220816767263614 -0.0354735015774287 -0.698798254633924 0.0801427728463544
0.0168697175680483 -0.0160908295873131 0.0122555907330813 0.0951402985289085
-0.00610960329828177 0.0177053319357458 0.710453969943461 -0.223608971068386
0.0295364582498691 -0.00636627015130514 0.242141827205692 -0.886801873257624
0.0304022503719361 -0.0202788455426385 -0.633853785231404 -0.572932895500493
0.00916265087938364 -0.0111489080171865 -0.556237245577324 0.229615491029849
-0.0227104374758149 -0.000527379659053681 -0.0447934698660023 0.38587401717232
-0.00482665050839213 0.0186879016428033 0.166524324781435 0.0715179445016387
0.0113955784503117 0.026946916920918 0.0738578080111059 -0.215724463759746
-0.0114973783518532 0.0164105705713893 -0.0771709511470771 0.191312900172223
0.0102130290990215 0.0310789436332114 -0.113825506473613 -0.128269047665661
0.0151864886582129 0.0457405014307046 0.206763536357994 -0.366941069388846
-0.0126216657772427 0.0510578752111307 0.58886884994392 -0.0058897312739953
-0.0351719104672113 -0.00533827405090671 0.331456842577876 0.774407254642538
-0.0312026930721652 -0.0678902105206562 -0.564520942726174 0.769748249144884
-0.00701770137885123 -0.0297034895911635 -0.685361641053184 0.0835206564167309
-0.0159415945408678 -0.0154915676570269 0.024528771565497 0.100410993367098
-0.0274263031729141 0.032324333254241 0.720644429851654 -0.224464938816928
0.0305115406057635 0.0148308334028737 0.252852535539601 -0.89224562316186
0.0410177069906555 -0.00883344223910982 -0.621092799748913 -0.578078991566039
0.013973037013821 -0.00633443736442445 -0.548929233129191 0.225211719989079
-0.0238794140863475 0.00424286309189951 -0.0426130471932936 0.381483569935063
-0.0096784215242489 0.0235133954211585 0.16530489947409 0.0705682994285083
0.00292300821528687 0.0303173845492764 0.068103386830122 -0.217555241227812
-0.0222515139576855 0.0174356510912098 -0.0812637035291799 0.190083905438532
0.00692154994403209 0.0322268369610337 -0.119606003224662 -0.126289667487015
0.017789497797808 0.0440695669698983 0.197618511536682 -0.373036969386062
-0.0027460213846763 0.0569903078141415 0.591761005991037 -0.0262145860005752
-0.0266808416209509 0.0163119444643288 0.365149682714594 0.755694154682049
-0.0441080837983667 -0.040943619771018 -0.522955356375685 0.781047209041375
-0.0393931015599183 -0.0222865591987237 -0.678123155468309 0.102766852111632
-0.0510969734560049 -0.0156139706247489 0.0227157947626766 0.104794248869528
-0.0541068206095223 0.0459035028357767 0.733498564997718 -0.205682717723872
0.0275874471685814 0.0398772646200985 0.291680548891996 -0.887080022702603
0.0522426497104137 0.00661723016991373 -0.59385773365898 -0.606427671589628
0.0203951995979158 -0.00522805697723314 -0.553260424270743 0.206999493300353
-0.0263829497341702 0.00318701328540547 -0.0523460539369083 0.381139683977788
-0.0163681178772492 0.0244928567174634 0.159239192898374 0.0739206926328172
-0.00855489074427253 0.0303437322569548 0.0614195742787443 -0.216460344610865
-0.0338661996493888 0.0167593007536448 -0.0844943691928884 0.190758992416852
0.00290501167619117 0.027995691096946 -0.132188268784939 -0.119072275367919
0.0201242461688148 0.0364915486222517 0.175893312727475 -0.37785930714692
0.0110563867626779 0.0590254501496499 0.587363913911254 -0.0633790204260196
-0.017200489686382 0.0374037203074933 0.41863056216873 0.722063959053494
-0.0562785767289063 -0.01242402695723 -0.459712769836034 0.803191409681437
-0.0696057794465544 -0.0140611466171368 -0.67213952987189 0.135347568698681
-0.0845551598289803 -0.0177260812086774 0.00435631886295275 0.107838874174381
-0.0833678263500404 0.0570884167120658 0.74198412412588 -0.173067560461926
0.020318272451952 0.0655983276876543 0.354962116731505 -0.871352042191945
0.061391898303884 0.0238257100683002 -0.550892678043998 -0.648056093474991
0.0292219490415402 -0.00382805175732323 -0.562946471932139 0.173846786611443
-0.0277531002656131 -0.00187479633960312 -0.0731172329288463 0.381059080115941
-0.0225803731074102 0.0206705596966917 0.14738369950553 0.0827690296542899
-0.0200483631216403 0.0291041337650583 0.0556926958431778 -0.216548115062481
-0.0453691150430252 0.0125210865488034 -0.0869016226717032 0.193712801821145
-0.00300150617761081 0.0224027301821061 -0.147365268304139 -0.106363606990678
0.0206443306412599 0.0258007563894053 0.144259655080297 -0.381694518375053
0.0211355871271097 0.0564359485025293 0.575031345095237 -0.105796410776937
-0.00856346371794187 0.0545702081690023 0.473978179938768 0.678599763628431
-0.0660073480385692 0.0141604293983544 -0.385318673081736 0.829473538592896
-0.0931569123497873 -0.00348794481830267 -0.668352768612003 0.176270161089728
-0.108042300821587 -0.0208022758970361 -0.0255662522012412 0.108548642135662
-0.109166172821799 0.06120746356515 0.743206917778448 -0.127552178028131
0.00753717435375079 0.0867956883542451 0.427263102354245 -0.845406739252042
0.0671102934689134 0.0420289633944834 -0.497719471394869 -0.696021868111218
0.0392787980595533 -0.00538589644543711 -0.582117224999645 0.134183187665932
-0.0269782311599896 -0.0119681816361388 -0.102506077816542 0.383565537293423
-0.0292420737802084 0.0142030248595391 0.135419802343426 0.0949977539978618
-0.0303188030465117 0.0251727232920248 0.0536935807253307 -0.213901947722407
0.00313201059756407 -0.00247307033888175 -0.0619580068443156 0.205116477364282
0.014994825746006 -0.00010058697138278 -0.140354660571781 -0.0987362650079586
0.0222995932641901 0.00743322882361738 0.130287803155533 -0.367739720058717
-0.013452906138384 0.0240497457606336 0.544252450080546 -0.0766954734245347
-0.0512115514540823 -0.0210320693381482 0.429411813284061 0.701295660125901
-0.0413796117324822 -0.0965330274533844 -0.44121732060791 0.858618284703458
0.0460509087672418 -0.0521139308666936 -0.733119617539976 0.166019316210722
0.0613464586575082 -0.0264552317608809 -0.0832903163680446 0.0852226779845384
0.0168801757376631 0.00189004457683365 0.685080204250729 -0.142941638429224
0.0170858418414953 -0.0197694334997096 0.351794005554641 -0.836415571110487
0.0174984456585378 -0.0240423579852268 -0.569896421875231 -0.655060773192637
0.0095873226556012 -0.0287855259398639 -0.621307430853626 0.17150214895288
-0.0221729667943145 -0.0326529675423721 -0.112266937610249 0.401351442459716
-0.00826515800225532 -0.0091211141466352 0.144798391245531 0.104040917851
0.0170376659956737 0.0112637216281973 0.0834627638751587 -0.210545783573836
0.00532354787489677 0.00278631224667832 -0.0612648468082855 0.200760066883942
0.0162389364645159 0.00949724453769538 -0.127362751271097 -0.10768439599281
0.020008528303894 0.0211734278767413 0.156975964458335 -0.364209978280438
-0.0191894885971969 0.029316647326735 0.555461546091391 -0.0452326506034232
-0.0516209659067586 -0.029426562569318 0.375687347677874 0.748224921170097
-0.0288207651869785 -0.104978070975084 -0.509698158732118 0.831821592968154
0.0507474520610839 -0.0481797220862965 -0.725774997265328 0.126777643677619
0.0581758942551699 -0.0217093002057232 -0.0458306796823606 0.087457814005739
0.0176206970936416 0.00162554531045525 0.689457132925713 -0.183232496449489
0.021607434584351 -0.0244153905523489 0.288716354039027 -0.86126071708118
0.0176180355787458 -0.0287646376742328 -0.611896005592919 -0.612190742323819
0.00666457634626562 -0.0239709173117839 -0.597469672421119 0.205021467636952
-0.0223757246483812 -0.0202806081331315 -0.0843488920694128 0.399669510503794
-0.00533886442756655 0.00171687326740595 0.157659470371589 0.0912786882136962
0.0194941985279205 0.0161304019399147 0.0827773977887483 -0.213523983029873
0.00342996485979642 0.00832711575329411 -0.0645085921544877 0.197630985950675
0.0167253097282773 0.0187500481614356 -0.119188369870099 -0.118054313116833
0.0157360473556237 0.0328859925481216 0.182874256259194 -0.365344189486862
-0.022382643973161 0.0354192244033613 0.569936323585546 -0.0197719057916367
-0.0478262150729002 -0.0296238159815547 0.342496056427379 0.771035146676228
-0.0231303434229629 -0.101769320622696 -0.552807896173219 0.801190351522035
0.0432498829229243 -0.0419215017262303 -0.715042418591868 0.0997116316623911
0.0442331496258365 -0.0193707199154496 -0.0122113736782157 0.0915013815598743
0.00963460976379225 0.00731614959563522 0.698176809467521 -0.213903906519892
0.0253645075217822 -0.0199193829763502 0.248246108030861 -0.879212858411589
0.0214506659995053 -0.0271778839259964 -0.636377852365786 -0.579916051762751
0.00635723747474187 -0.0170489426428575 -0.574349366898559 0.228953970743202
-0.0219268214383197 -0.00876006275890171 -0.0570562848627976 0.392923003923316
-0.00387988375028015 0.0112368779170052 0.166144866201489 0.0799953101863552
0.0180116162065503 0.0217969014790994 0.0778886287233317 -0.216687630554978
-0.00217654408442854 0.0136665783894576 -0.0689890196597738 0.195453976417662
0.014107210761417 0.026256386202794 -0.113539128215417 -0.124492705873719
0.0156735600475892 0.0422625522723399 0.19993869005837 -0.366821184369509
-0.0196419734942139 0.0433682977242069 0.582201141755716 -0.0067477459258516
-0.0431682895891221 -0.0211635419196829 0.331578133976002 0.780622052810899
-0.024165139901371 -0.0887660108063498 -0.569011924050311 0.786801176475864
0.0228327025396414 -0.0352499623479495 -0.700460655855734 0.0869164974737257
0.0171982348772213 -0.0165953018767315 0.0122540738879177 0.0961929576853403
-0.00493202166656063 0.0184270919043131 0.709520114394442 -0.232727257650224
0.0292342973007648 -0.00636441702079049 0.232426980715241 -0.892167410812308
0.0294588287435561 -0.0208714946172355 -0.640787729593628 -0.565466367062952
0.00877660226669604 -0.0105866619770675 -0.556149855266882 0.238287065608773
-0.0223881829393212 -7.18656027666464E-07 -0.0412439212855696 0.387257928186237
-0.00569631844458741 0.019277571924939 0.168123802687322 0.0720268626594402
0.0120390588954485 0.0263948182446112 0.0721459125099096 -0.218030985432083
-0.0115631278189001 0.0161817699519871 -0.0746264193379515 0.193020518678572
0.0119279222171759 0.0310798569629637 -0.115054579652657 -0.12752341721611
0.0158177240840137 0.0458625085072013 0.204332205134486 -0.37223449884256
-0.0123141321081522 0.0506214903339711 0.592437545376846 -0.0123651186157703
-0.0367852266683784 -0.00563208881015656 0.342483705581623 0.77599086651942
-0.0317654302741592 -0.0686276865060823 -0.559761096985661 0.781384240844021
-0.00574348167755315 -0.0289573980766442 -0.688765105843623 0.0906157049154292
-0.0157271613000157 -0.014576849708271 0.0258196505271748 0.101078748919049
-0.0278989801301471 0.0328748326243947 0.720497987357576 -0.233249243312595
0.0310721310941523 0.0140110287765392 0.242849628601729 -0.898045499209611
0.04048347470412 -0.0095726743171152 -0.629577968742814 -0.57334493215759
0.0138673601084891 -0.00551658223274148 -0.548279296791945 0.233672124934534
-0.024559832452273 0.00418004377938929 -0.0371377618727004 0.385239154665677
-0.00961510650336399 0.0245497076186157 0.166319680984294 0.069728314219049
0.00320218359775916 0.0290835027462588 0.0653435065411583 -0.218849303234013
-0.0216720352337073 0.0175438812669285 -0.0803264728628012 0.19166747792876
0.00817143253336499 0.0314874137219688 -0.122030689734167 -0.124286360172348
0.0185666414049943 0.0441185599603346 0.193670489537652 -0.377194624108516
-0.0012848154340647 0.0569400417795414 0.594775457516875 -0.0339740051924169
-0.0279534371872164 0.0150387231756069 0.376581794113729 0.756795284211137
-0.0439641708522328 -0.0419357526103986 -0.519242991570744 0.788500006572743
-0.0398008765978047 -0.0209025516341863 -0.679170359464156 0.110667246425819
-0.0515277552788597 -0.0142041775683853 0.0237492380969786 0.105680466083296
-0.0535086709177239 0.0470286730487397 0.735148299727312 -0.214085226780151
0.0283917766772808 0.0399239560262527 0.284834795775237 -0.89379109688525
0.0511161011253237 0.00616784928324365 -0.604600603604812 -0.600884678209212
0.0198930271231628 -0.0045299814942416 -0.551931132748409 0.213854042996456
-0.0267845044624842 0.0039462561762799 -0.0470984560843692 0.383948531478001
-0.0161911271063045 0.024160284860181 0.160182460494431 0.0726354703028268
-0.00825307392990662 0.030285763222856 0.0601145050256115 -0.218962751752176
-0.034367420039008 0.0172936681955828 -0.0837420991343056 0.19242865754399
0.00325427868180441 0.0276410074326326 -0.134513442845871 -0.11763514520006
0.0200794524403244 0.0364622774571086 0.171289648738709 -0.382593744561352
0.0109719632364579 0.0588572528129272 0.589573343421849 -0.0707932563653433
-0.0176553815539694 0.0365515450625497 0.428473609249777 0.721481180375469
-0.0564739400649594 -0.0125617088006426 -0.455371335791528 0.8107076224491
-0.0701972820890837 -0.0117825797805095 -0.672443680059543 0.143315995547848
-0.0847747753104341 -0.0167440150703382 0.00555509300542856 0.109379512864332
-0.0827516872842029 0.0575561599590453 0.742694414466101 -0.181837344715606
0.0208618263629371 0.0666518039013873 0.346383288456121 -0.878642011562005
0.0617557922050933 0.0233934993688896 -0.560119460402593 -0.642981645874343
0.029123513530794 -0.00434310214174729 -0.562191951486927 0.182992712836842
-0.0271845062169657 -0.00240138580305125 -0.0687472799081632 0.382778057404968
-0.0223885871719006 0.0211587131006446 0.149606866381037 0.0814692553660133
-0.0202252457594198 0.0289537183311998 0.0553414976996147 -0.216907971844302
-0.0450335430854 0.0132054252511576 -0.0863873573078364 0.195309027428037
-0.00179040182536746 0.0217238215138744 -0.148854245688391 -0.104875073472535
0.0205280572719116 0.0247919960138698 0.140645750880617 -0.384421774849078
0.0234773468265395 0.0565310547660966 0.576735677762047 -0.114110281713246
-0.00828057745775332 0.0538859251128934 0.485225398307842 0.676393169339513
-0.066332859325885 0.0140473379901962 -0.379550480339585 0.836518043543857
-0.0923899245516218 -0.00196380284631648 -0.66886189137181 0.185060035283732
-0.109269264017411 -0.0190675938931954 -0.024908200126088 0.110705743024491
-0.108738664733454 0.0617259877666973 0.745158462494022 -0.13748329103147
0.00843992446484973 0.0874739420029907 0.420919548845902 -0.852710551851271
0.0674605021826834 0.0413975697117807 -0.507950375586825 -0.692419287587719
0.0394975720920979 -0.00650026526434886 -0.582922050336462 0.142070089970537
-0.0265653498092297 -0.0112224860700789 -0.0985973683637151 0.386274167558637
-0.0288518952555683 0.013328764784998 0.136443300683308 0.0943697168208647
-0.0306004331250909 0.0255478553282946 0.052108539541639 -0.21469408837231
0.00307345486779808 -0.00235341737758344 -0.0599952181879014 0.206346480426097
0.0150682661407325 -0.000262505839457604 -0.142300726619655 -0.0960174320021959
0.022255965763148 0.00748485143906611 0.126031944932912 -0.371281776364344
-0.0128999602376129 0.0250786065217082 0.544391103999209 -0.0833217051318326
-0.0512283716084611 -0.0202665953172654 0.439710490423025 0.697888209230558
-0.0423838935045074 -0.0977793691284476 -0.433153521458385 0.867722173588381
0.0458809801251835 -0.0531440002310109 -0.732340378252626 0.174550474621412
0.0620253489566086 -0.0263082919786345 -0.0832869726881385 0.0869438555715152
0.0172774366272786 0.000475185023645054 0.683724907308842 -0.151424764170067
0.017243138778302 -0.0197902059899676 0.344176853376116 -0.843414673326645
0.0166346210298515 -0.0239030646142888 -0.579426202363117 -0.64755520432925
0.00982719900513071 -0.0294261630166195 -0.621553291118249 0.179253806971006
-0.0230200134603284 -0.0319769380339881 -0.106581339480048 0.405294228730395
-0.00843912326221105 -0.00852332390395472 0.147123919638989 0.102168955462781
0.0166744297901542 0.0102777801390602 0.0824400658779362 -0.211154048613582
0.00489707026937584 0.00274881773972263 -0.0587326596501736 0.201948288302056
0.0179965605650533 0.00883511652092061 -0.130168371359208 -0.105871089795368
0.0197103442453951 0.0209487579620622 0.153350178139957 -0.36825262742544
-0.0192450587363408 0.0308238008672674 0.556387643088679 -0.0518012255768702
-0.0526990701329758 -0.0284041492325475 0.389291009612842 0.745775504574764
-0.030880567348377 -0.10469189296617 -0.501898213242429 0.840663319556005
0.0517704609209403 -0.0488247589303079 -0.727629343005765 0.135324150159221
0.0587704821170496 -0.023124550602809 -0.0455077730826707 0.0890374413091071
0.0178598142465618 0.00108416964495104 0.688450477750554 -0.193984652926446
0.0214093763991177 -0.0245474346806617 0.281820955350951 -0.867708067305907
0.017407339996414 -0.0293263935053015 -0.621690830344108 -0.603744635020352
0.00731367276774387 -0.0237511743694545 -0.597218383028105 0.213309540853065
-0.0226184419876947 -0.0197358478091397 -0.0779317024539519 0.402202446484775
-0.00531796280543461 0.00183225903620051 0.159703429402941 0.0898876878991626
0.0196163779276718 0.0152873986784603 0.0800905747194885 -0.21461130742834
0.00310915178383199 0.00793084193474953 -0.0630904099983779 0.19949317072525
0.0179695031561647 0.0185031035719365 -0.120776537560507 -0.116297268079909
0.0168629874170877 0.0326769439335077 0.179734986595974 -0.369290818243138
-0.0210211639794607 0.0357511261110307 0.572475685384065 -0.0261160279197327
-0.050098819071971 -0.0302685822638572 0.353939792389334 0.769156448378313
-0.0240083054159782 -0.102198701258013 -0.545320724786919 0.811688727015714
0.0441292627138147 -0.0420849832884467 -0.715053251760723 0.107169817012984
0.0433697172550247 -0.0195883849102496 -0.010863426453428 0.0924042567272128
0.0100929964130768 0.00806396955656031 0.697904848832466 -0.22426852860351
0.0257536996943396 -0.0192094070990659 0.238768169374887 -0.883701206807386
0.021279758126189 -0.0282913221592896 -0.645874909425923 -0.572246503321752
0.00686352407275106 -0.0162744262611292 -0.572753815916155 0.23640551977478
-0.0228468046267222 -0.00836135055416179 -0.050969169421793 0.396509753282551
-0.00384942510634985 0.0116261713284192 0.167825017142487 0.0777640064574791
0.0176221839387865 0.0216611074654276 0.0772761761300502 -0.217394305353882
-0.00166827972998355 0.0131270425302337 -0.0674439921116355 0.19581578720948
0.0148182944859359 0.0260074467687856 -0.116366890502399 -0.122792789141237
0.0160292267108019 0.0419647409375676 0.195021279560364 -0.371244219634193
-0.0189831062544862 0.0443038185361281 0.58312958796454 -0.014740930539504
-0.04443319040036 -0.0215577399674621 0.343053423473536 0.779894712214
-0.0254853166560934 -0.0900197526643262 -0.562337966729585 0.796593434267541
0.0236739426657598 -0.0359374408312973 -0.702819851083607 0.0951163679617427
0.0171853294278715 -0.0161849775910257 0.0148174981640577 0.0970036755290366
-0.00467793019443123 0.0184742660646367 0.707419375764178 -0.241274562981054
0.0292220170998726 -0.00711036409285835 0.222240035594106 -0.897933113086002
0.0293790952266293 -0.0212552711772068 -0.650358180400497 -0.558183065346092
0.00883754981141966 -0.0112443243168712 -0.556031372425354 0.247219258373558
-0.0229540075686461 0.000908270121488738 -0.0367657815906547 0.389913908415986
-0.00539626441369848 0.0191941946328272 0.17103415588717 0.0706593433568325
0.0125370637909225 0.0255836304726458 0.0697508513483459 -0.218506656257562
-0.0108787793764042 0.0171376893924868 -0.073512520928311 0.193935607329503
0.0121108323987616 0.0301840269279398 -0.117795336693905 -0.126196568171674
0.0162311511009695 0.0452167339277039 0.199627454390481 -0.374092913923242
-0.0117906932081653 0.0513984992797333 0.595803594837431 -0.0196031591528185
-0.0367731719084436 -0.00597918113582408 0.351942035724817 0.774587971623203
-0.0335966018083219 -0.0688673541976528 -0.551480160729658 0.790865296925943
-0.00601442551422132 -0.0288277765926978 -0.689406727401433 0.0976540598665092
-0.0159318427502074 -0.0142114438861617 0.0269954380337388 0.102574774840849
-0.0266000614410571 0.0336433764847028 0.722397113536204 -0.242679321815477
0.0301759082956139 0.0144202847992211 0.234542887896492 -0.902540955054053
0.0401026987941907 -0.00956976731929663 -0.6397904300682 -0.564416952644198
0.0132323466675469 -0.00715221782875524 -0.547950408868108 0.242378273481355
-0.0240414650755224 0.00503826434108077 -0.0320295923647147 0.385636255305624
-0.00924927171817015 0.0242907368772744 0.168691909995801 0.067746089570839
0.00255631959884639 0.0294472283517669 0.0632263055357861 -0.219091761545198
-0.0221963367156321 0.0179235105359837 -0.0782834280217671 0.193991653329903
0.00817399627401474 0.0306315775664081 -0.124531678364851 -0.121819281883051
0.0177571264068646 0.0435264157802035 0.19057639309847 -0.380113888731975
0.000116020474556569 0.0573755836578758 0.595453763716084 -0.0416485679728907
-0.0286830323796603 0.0146107122020488 0.388321009945682 0.754282745791109
-0.0454958308817994 -0.041668136593076 -0.510186025521725 0.799069721035735
-0.0382631283624885 -0.0211269433743915 -0.68038983263511 0.118288811376384
-0.0520216378841302 -0.0144522285897008 0.0247818026448623 0.106921870030409
-0.0529194267902511 0.0479349785950205 0.733264411481524 -0.224618567576484
0.028862117097311 0.0400404895965968 0.27505285077817 -0.900249081796147
0.0520172843154043 0.00484404038808853 -0.612021430457323 -0.59391744356631
0.0208757913774239 -0.00450236693446495 -0.550891685194825 0.223064956770094
-0.0266482303680183 0.00457948078321865 -0.0422320864029897 0.385336470366124
-0.0153694684092668 0.025014567266642 0.162022649288064 0.0722945566209838
-0.00820526676030583 0.030514511405307 0.0589929750276481 -0.219589176459384
-0.0349345660017505 0.0169378196992884 -0.0817250635598148 0.193803923641829
0.00353931635538121 0.0268960116854343 -0.137100564015732 -0.115102431395651
0.0198489153051232 0.036027112746704 0.168402784880267 -0.384954442150265
0.0128146707796008 0.0594787531354366 0.5903045274152 -0.0780127104449556
-0.018813070055558 0.0361261513363315 0.43923210113132 0.717846330701528
-0.0578301130789069 -0.0123431644055636 -0.446828195230293 0.820018818406049
-0.0690647598436964 -0.0119427837109855 -0.674770245037983 0.150787899888165
-0.085248605520218 -0.0151531570891539 0.00722956198160754 0.110166481743284
-0.082657597927311 0.0593514363370446 0.743928365803259 -0.189474777791067
0.0216779874160635 0.0659717332203247 0.337170673503344 -0.884264934407217
0.0627504485456137 0.0223623588909443 -0.569831716435356 -0.63820616143202
0.0298729721038401 -0.00467048354458455 -0.562993664439996 0.189760607616701
-0.0275782905556343 -0.00171962795680061 -0.0646200565766725 0.386975229019118
-0.0226345523377796 0.0212856599213321 0.151022214374056 0.0814322012154593
-0.02054050015565 0.0291872259430531 0.053191248298457 -0.217600086315887
-0.0453840501888927 0.014478999963224 -0.084186719285918 0.196185202999659
-0.00166252945611989 0.0202046799214144 -0.152188487114531 -0.103027262546312
0.0213875898642107 0.0251363532023218 0.135897510684193 -0.388893068099862
0.0242899517314441 0.0577427172588667 0.577126093024145 -0.121875135883654
-0.00820484194546572 0.0532935045014087 0.495212651971022 0.673495248912242
-0.0661936648886515 0.0139407096439881 -0.370554210562198 0.845678356898135
-0.0916605588091688 -1.18655865256334E-05 -0.669205011849869 0.193760728961161
-0.109344113555232 -0.0175939659573612 -0.0229544277980132 0.111510133330509
-0.108844274504654 0.0639412111354132 0.747337462277595 -0.145933538455955
0.00846257074491104 0.0877458537836605 0.412055314494297 -0.85811520377815
0.0685130918755926 0.0415941712113813 -0.516216843572617 -0.68976573217246
0.0393388453347402 -0.00610252607931978 -0.584124052223819 0.150147815474703
-0.0273102704338211 -0.0110495312616756 -0.0934078228838011 0.388944671413729
-0.0289130598521659 0.014366293335428 0.139240201841599 0.0929045106129042
-0.0310641705875044 0.0257583845298856 0.0504790536069547 -0.215357699677395
0.00291001945490089 -0.0018852837392269 -0.0581603633242086 0.207277999152379
0.0153134000765971 -0.000953746955482206 -0.14379855151374 -0.0942729770182785
0.0227101287261947 0.00689300678706298 0.122675830691287 -0.37430598278712
-0.0120468874693977 0.025306906137551 0.545838780919398 -0.0919176358775721
-0.0526255689443975 -0.0201438546026026 0.451202466675916 0.695021066037999
-0.0446118336366952 -0.0975337279853931 -0.423061991821022 0.874583478440696
0.0468474879090646 -0.0527367470227531 -0.73224377970148 0.18240120701534
0.0619088839085934 -0.0274200269516723 -0.0820151535379131 0.0890273286804227
0.0169290620563839 0.00068310738258915 0.684830252837408 -0.160179455609588
0.0168709925727217 -0.019635793729577 0.333634008912301 -0.846326515056926
0.0168358322853459 -0.0253914160433956 -0.589472015804553 -0.641524766906792
0.00961512954215342 -0.0301555129695321 -0.618835644655127 0.18936049893273
-0.0235093574853647 -0.0308081509541024 -0.101279924555735 0.408148364730478
-0.00892171328855376 -0.00788970146514751 0.149593804133941 0.101541814390647
0.0163777752132424 0.00930751908353174 0.0799677984033332 -0.212381615015519
0.00500257113662588 0.00263379308316467 -0.0575893579867375 0.203392959396088
0.0179897522199583 0.00964303374407441 -0.131679298881945 -0.104289220975076
0.0194961443804718 0.0201054549853196 0.149872074547138 -0.371260221518485
-0.0179253619257276 0.0306767517748045 0.557839933719969 -0.0613893460345205
-0.05390867247055 -0.0284142549550521 0.399725422206892 0.743976181447353
-0.0324131789396888 -0.106341274868325 -0.492648731604302 0.849833965360498
0.0522463166661299 -0.0497828962892451 -0.727759109572931 0.144184158384219
0.0589589239289725 -0.0232836600309327 -0.0434257716918119 0.0902218918377018
0.0175403505830972 0.00187633139885327 0.687647151892611 -0.201991636141398
0.0209415915599098 -0.0244562384863676 0.270344260110619 -0.87180518866398
0.0162162438637799 -0.0296712083667999 -0.631795120152348 -0.59844501571394
0.00660738532208483 -0.0231869377340823 -0.594678564386121 0.22186044710531
-0.023528510772623 -0.0184697202710419 -0.0724993121618777 0.404109588795523
-0.00455367234596242 0.00164860630597013 0.161005339677259 0.0891093710554446
0.0194042968690787 0.0150515609370995 0.0789704027235704 -0.216000605245366
0.00381391612038163 0.00830625404637612 -0.06064367431166 0.200797264936782
0.0180844792769017 0.0184446290559193 -0.122815711762016 -0.114401574978938
0.0178853063062831 0.0326338689818563 0.175159327836799 -0.372231217301161
-0.0203505165788908 0.0364122633670423 0.572859840917048 -0.0348839961335985
-0.050640057366375 -0.0293045367934568 0.366926169280618 0.76640202162634
-0.0263623749473675 -0.102857232144136 -0.537901201417008 0.819881998232396
0.0447204934915654 -0.0426974531269439 -0.716033568376821 0.116511844354537
0.0445869541539361 -0.0205797360219824 -0.00999438097781648 0.0933429481155017
0.0113789241245714 0.00738754801396267 0.696516871838708 -0.232397559516221
0.0246665470461762 -0.020533536084843 0.227143345976996 -0.887319068092182
0.0215933648195693 -0.0293039192866162 -0.653775309415395 -0.563150052486826
0.00688589756623342 -0.0165756843882534 -0.570026497659904 0.245144021316576
-0.0229650194152713 -0.00714104908541052 -0.0462400823258698 0.397892544513618
-0.00398502521738178 0.011708246811626 0.168773653308738 0.0767187117645478
0.0181987860278619 0.021373443462297 0.0746979250915601 -0.217831587306114
-0.00263782569136452 0.0143615374125044 -0.0656315969074782 0.197645642256482
0.0157524155873991 0.0255911948420168 -0.118254947589364 -0.120803417477829
0.0162596974744209 0.0417091153659176 0.193190590587917 -0.37484108523689
-0.0175073526106434 0.0438649089424404 0.58516147635067 -0.023069160757912
-0.0449036916715403 -0.0213500316011642 0.355785066631928 0.77749440494599
-0.0267282504576829 -0.0895364575786601 -0.553752575667068 0.80254057143467
0.0246906761506952 -0.0360031733962458 -0.703762985541571 0.104835558132739
0.0172771358048312 -0.0165203175573896 0.0155990210535585 0.0975575245260291
-0.00439513805944458 0.0185862444940196 0.707372120518808 -0.250973612977472
0.0290054453673953 -0.00736241918815106 0.211164676536127 -0.90225792068999
0.029765325520046 -0.0223273076976152 -0.65800627438248 -0.550807706095352
0.0087839399111951 -0.0104780406283251 -0.553530643448924 0.255881393130867
-0.0233775403398248 0.00136974195921254 -0.0303942646566432 0.391695850730107
-0.00480792852825548 0.019303411405789 0.172446621655162 0.0683800390137713
0.0124953593809011 0.0259159259724682 0.06923680216888 -0.219898426590896
-0.0111299915476197 0.0174686689032735 -0.0709704301424602 0.195902811026387
0.0135798676534358 0.0299042879895985 -0.119283990934553 -0.123463463191178
0.0171551689014898 0.0448544404625337 0.196795847532664 -0.3794550251355
-0.00971855762008082 0.0529812173510114 0.59435199659834 -0.0297094913457583
-0.0377791838178746 -0.0048012054325266 0.364937051093204 0.771080148835135
-0.0350248016794551 -0.0691460359799969 -0.543957876441639 0.797492927498176
-0.00489183041174733 -0.0285788562758014 -0.68957840160987 0.107099932489194
-0.0156967557843984 -0.014216063151093 0.0293240746857412 0.102874941193051
-0.0262275236303963 0.0338996604176309 0.718771282293671 -0.253199423188783
0.0309681840048445 0.0140991384382133 0.223399932767232 -0.907045182607033
0.0396833398714464 -0.0103902627971862 -0.646807900156897 -0.557147507422826
0.0138538425444732 -0.00738194925694352 -0.547178117919265 0.248549720394349
-0.0243022934581219 0.00523843417212004 -0.0276126082020715 0.388643573802817
-0.00900150521662925 0.0244010644066128 0.169959809406666 0.0656697472855936
0.00314902904195447 0.0292389538636712 0.0617403759722173 -0.220891321011425
-0.0232441206262617 0.0189040390946916 -0.076952123308721 0.194846279983332
0.00971017007617062 0.0295730217217306 -0.12617681247398 -0.121608466114455
0.0193201647064527 0.0430477549403247 0.186301254991316 -0.383895704819875
0.00100607268769713 0.0580538464947349 0.596119816114977 -0.05084879781865
-0.0290459307906327 0.0149053083946548 0.398397130906896 0.751465672209206
-0.0460791394909186 -0.0412061709340807 -0.501705217823868 0.806753879314881
-0.0377692736416459 -0.0204962407824502 -0.679342398473185 0.128107063845716
-0.0515973732949429 -0.0136640250170428 0.0271741176359159 0.107532567856396
-0.0525738446809951 0.0491804137230385 0.732841892821812 -0.233235149888744
0.0291607217760694 0.0395995117712155 0.264080214229567 -0.902591968217637
0.0515262676046523 0.0044391771214983 -0.620610983548845 -0.584924580083299
0.0204974941166611 -0.00500633896307715 -0.549989026152796 0.230545029348086
-0.0263499651074532 0.00490177497385321 -0.0371291814582426 0.387844066619759
-0.015766786920721 0.0250693689892649 0.163205431324564 0.0708295285737146
-0.00875685316879237 0.0301322664932286 0.0561075585651668 -0.220257126739593
-0.0346833082063514 0.0175672605765804 -0.0802150511593112 0.196225525020959
0.00415735592637414 0.0274606997034337 -0.137933585239866 -0.112783847184072
0.0210425896916963 0.0354149228954987 0.163226614366119 -0.387953395687668
0.013588085522877 0.0594915129386704 0.592720167843174 -0.0863756027292234
-0.0187745998387976 0.0358992404173129 0.448642419056694 0.713877078338688
-0.0577106376083466 -0.0118253099610737 -0.438131811550677 0.826156975221508
-0.0681065026824765 -0.0103321167389326 -0.673726745871128 0.1602025747426
-0.0847796427374206 -0.0138353752272707 0.00893324009037474 0.110461414618532
-0.0818947300795949 0.059499300465723 0.742467678078131 -0.20082185921299
0.0217662372600499 0.0658064792836371 0.326773844003502 -0.889935440752428
0.0617644729500504 0.0223573953671303 -0.578296482758865 -0.629817217390387
0.0290731069597002 -0.00609876150625045 -0.562300580456784 0.198561304665657
-0.0276568362163768 -0.000287032550012833 -0.0599913833955602 0.388632338088946
-0.0221129329285192 0.0221290659993161 0.153385225497078 0.0788090468623569
-0.0211337528917627 0.0289059278400279 0.0512368559575255 -0.217606218206552
-0.0446210244968058 0.0151717971347483 -0.0820574921597266 0.197855286433
-0.000572536173835346 0.0211043268741658 -0.153232112110445 -0.100662628008988
0.0223419921749581 0.0248339251729396 0.131350584217326 -0.390850978274861
0.0243509791260043 0.0563474607208411 0.57619250725362 -0.129725478740101
-0.00820739990766062 0.0531982593609901 0.505451882384637 0.66708220744153
-0.0657521372643285 0.0153741652522643 -0.360321025665496 0.8500320966749
-0.090990047309412 0.000230896535617246 -0.670538993665408 0.202498229525156
-0.109642681602921 -0.0170089923875929 -0.0216533091268962 0.112601407454013
-0.10799899713298 0.065286048619488 0.745515572752204 -0.156287405402012
0.00940432843252727 0.0878320584631204 0.403052043598735 -0.86565159439877
0.0682616559473236 0.0398769125823296 -0.527612049272848 -0.681542086252095
0.0392400685052445 -0.00711039264926962 -0.582995944087767 0.15820216901881
-0.0279571117873681 -0.0101161624410361 -0.0886174539103136 0.390158012641054
-0.0286257299581407 0.0156096914279531 0.140043860779774 0.0923452973199079
-0.0303069055522206 0.0262207294652987 0.0483708983670153 -0.216145579486269
0.00213000823472458 -0.00235754563639964 -0.055460838272224 0.208472166765734
0.0166237703875113 4.75215281689322E-05 -0.145605090091629 -0.092212620356569
0.0224773751489398 0.00708478239859851 0.117940832796752 -0.375955524371492
-0.0116552782854617 0.0262246140715726 0.545030053964663 -0.100793726977083
-0.0527616780553619 -0.0183660713797619 0.460008121095513 0.68917887798185
-0.0452814132266971 -0.0976018735857307 -0.414515954518164 0.882543729753746
0.0475060777701365 -0.0536289199134642 -0.731578241991905 0.192904118495981
0.0625832943869147 -0.0277901671862702 -0.0805177855927898 0.0905719436713216
0.0175718160200298 0.00116899024003787 0.682803916236023 -0.168732210673292
0.0162130533605765 -0.02010449363504 0.32309940096845 -0.849760330677576
0.0157924362428307 -0.0247034654757714 -0.597085202172592 -0.633523190925372
0.0104181886838353 -0.0299168617911323 -0.618080162952894 0.198341715947051
-0.0245778577898167 -0.0294182434589475 -0.0955472135129159 0.410470595143011
-0.0092492220227531 -0.0076114383355483 0.151851559598424 0.100759792965354
0.0158041484690729 0.00969064402964417 0.0772412032753525 -0.213283518184593
0.00615038410567943 0.00303258789006714 -0.0540196919710315 0.20468142357638
0.0184948457757394 0.00818457540237322 -0.133763318136618 -0.101380234068117
0.0196404911743504 0.0211000213826041 0.145291735667907 -0.37416421900279
-0.0175299234805597 0.0313980230331077 0.557463036926606 -0.0679479335533741
-0.054604306583118 -0.028930204179062 0.410689701841607 0.739937668545157
-0.0340111593185171 -0.105752004029928 -0.483137680269692 0.854039554864572
0.0519146342806188 -0.0490696979650408 -0.724847703807944 0.153611496493626
0.0590090253888769 -0.0235817555911178 -0.0423198744091488 0.0910298305133668
0.0176338397817282 0.00231081002650236 0.687747034483943 -0.211453669349044
0.0202913713280484 -0.024354485567871 0.259406146681681 -0.875993420731919
0.0159080745839737 -0.0296537065473081 -0.638435214352342 -0.587765297885944
0.00650851572097929 -0.0244709769150502 -0.593172815048738 0.231318927743567
-0.024344732865014 -0.0183197372967422 -0.0662865166325083 0.407276957341837
-0.00534569374773526 0.00222619963722484 0.162005763462812 0.0876121442483916
0.0188544608125585 0.0153092022204416 0.0765944925734895 -0.216613627903806
0.00344124777703179 0.00880996863527024 -0.0577645251747738 0.201326736602227
0.0195294028028287 0.0170051840908471 -0.124635721556015 -0.112585702423328
0.0185583067349011 0.0323257156602901 0.172253042434059 -0.375901778345925
-0.0192048560002629 0.0378556795597778 0.57421342015882 -0.0433858600302077
-0.0517401278516185 -0.0291883728585255 0.378403133946996 0.7622770248438
-0.0264859628306718 -0.103395916656872 -0.527482863126527 0.827872536289671
0.0445356657187826 -0.0431095308009347 -0.714841632694287 0.124928763897857
0.0444105716424795 -0.0209385675645683 -0.00861259162957766 0.093839426708603
0.0112937402076664 0.00751817876200267 0.695074013476319 -0.242232420557125
0.0246045117306099 -0.0202714713148741 0.217369963731127 -0.892068085289706
0.0199158090663937 -0.0279842529437328 -0.660930925444322 -0.55533554942992
0.00782414641955013 -0.0165242618049923 -0.569691424495031 0.252342113447586
-0.0228552240879125 -0.00698879821191017 -0.0402583738329988 0.399789385094778
-0.00389732449794007 0.0115962319631938 0.170812670329986 0.0733930499268611
0.0181164345070664 0.0203524519064272 0.0726029651308031 -0.219574861559532
-0.00251684535393925 0.0132043081727586 -0.0630675462695007 0.199263315071688
0.0169445143061399 0.0255490484457064 -0.119276687372719 -0.120153530575583
0.0169672141817592 0.0417389980258396 0.188247924489108 -0.378398969803618
-0.0165660185532733 0.0453424655269595 0.58585339571598 -0.0314585888185861
-0.0456871067348921 -0.0208275523525646 0.365909047756728 0.771729989591638
-0.0274709973520743 -0.09037865474735 -0.54547279333074 0.812848741861387
0.024509894737792 -0.0354055814391209 -0.702485945797819 0.113101222354016
0.0181256577523032 -0.0162551538110112 0.017131361661484 0.0986423421615381
-0.00467850271002978 0.019367578752452 0.704040555817048 -0.259649934334417
0.0294654752607285 -0.00725689147186382 0.20034546356888 -0.904549681318384
0.0282316670590452 -0.0217094682290085 -0.666704259068416 -0.54153162232667
0.00856767871433717 -0.0118897772231258 -0.550943136647082 0.26236382404378
-0.0239045583348115 0.00257244727407747 -0.0239322885512207 0.392931498537181
-0.00495701428413649 0.0199705215364695 0.172965785723666 0.0669262085857073
0.0122921878491316 0.0260782985470944 0.0674221009393165 -0.219736582575378
-0.0106006399056672 0.0177038781164793 -0.0690981297416951 0.196598180511748
0.0141944458407142 0.0297807332085645 -0.12126415577994 -0.122199202355018
0.0172668444358695 0.045910151668577 0.191661222120664 -0.381934488902186
-0.00929786346963691 0.052171389231533 0.594762287540827 -0.0375864807223391
-0.0383485696646697 -0.00497671641543357 0.377939156967483 0.769727364538862
-0.0350291423298414 -0.0692104875185144 -0.534805299385091 0.807345412883853
-0.00378846563708282 -0.0287276936413506 -0.689544422280484 0.116522214950225
-0.0158176715371723 -0.0145227160842783 0.0309449287371869 0.102927702069054
-0.0255943452268 0.0340650709557048 0.716286782392563 -0.263205563891982
0.0306141388770058 0.0133920745330162 0.212610404595124 -0.909577456320942
0.0394910067069007 -0.011598725528385 -0.653765936786041 -0.549234731665191
0.013608187673722 -0.00770518128067792 -0.543110909377159 0.257479135428487
-0.0255159295034501 0.00671712214713368 -0.0213273415770523 0.390351966031806
-0.00892551877987202 0.0246108649180935 0.17190010108373 0.0651916756034093
0.00270628966835137 0.0278508940569033 0.0594727770297961 -0.221361838902315
-0.0222489893992829 0.0188987885552957 -0.0741598791253247 0.195947661709837
0.00979225614572479 0.0300816024062737 -0.12736182987261 -0.118082480772605
0.0186818042580081 0.0436511324823816 0.182909431426974 -0.386825691270792
0.00287207985157425 0.057956288069807 0.595956007992773 -0.0586117184060624
-0.0300889890040614 0.015280904334791 0.411396139523606 0.747319065175498
-0.0465671766481867 -0.0408722535481255 -0.493285134999162 0.812458436925329
-0.0370464879553365 -0.0199654272179798 -0.678582868497743 0.135821620157537
-0.0522009009339399 -0.013175164902065 0.0283072754349449 0.10816169385857
-0.0525066003352566 0.0496722041036525 0.731782818182172 -0.243149228565614
0.0301857935074391 0.0390039787802086 0.253398215188359 -0.90801820828462
0.0515091990625792 0.00274439293154652 -0.629140054683978 -0.578690819530708
0.0208241407692416 -0.00646829502036887 -0.547391344533124 0.239515340396876
-0.0259622891534153 0.00622992919491436 -0.0323222883291631 0.387940563309833
-0.0161379757063336 0.0246185011744645 0.164089986117271 0.0694132692293251
-0.00849356022933055 0.0304643367145535 0.0545342107397724 -0.219722963572338
-0.0342055166288351 0.0195639868842365 -0.0776129570838365 0.196236570157623
0.00524301805170592 0.0257456268243101 -0.140379579714987 -0.110730019950753
0.0217727815980643 0.0357694786197226 0.15822213859469 -0.391406579059933
0.0149466818013984 0.0597038779769263 0.591041451874397 -0.0962598892635465
-0.0192670318901661 0.0362931483827328 0.461831534377781 0.70857775907168
-0.0585149001754967 -0.0122345604908771 -0.430041494706914 0.83342960224993
-0.0684105492716671 -0.00906126037066752 -0.670886895735888 0.169486515013319
-0.0846245966760291 -0.0133487220097294 0.010796572995273 0.111434863869228
-0.0806479250578923 0.0613324857368035 0.74184394404624 -0.210691756768551
0.0236790110788073 0.0657144512373295 0.316579076637983 -0.894135787768513
0.0619814561273579 0.0213629279841487 -0.586078448367024 -0.621763672354635
0.0296842159636372 -0.00638695134991722 -0.559918981994737 0.207220873613011
-0.0282825945600143 0.000799604216627243 -0.0530662016894322 0.390055112377373
-0.0226792385332177 0.0209402325850946 0.15461126261652 0.0778887286377876
-0.0193303040508866 0.0291741865709466 0.0491793897447609 -0.218962808300356
-0.0446793379052665 0.0159608235467132 -0.0790061465426894 0.198687300586328
-0.00037911907759617 0.0214061619599437 -0.15394410296231 -0.0981607808605564
0.0224488940036967 0.0235704122872428 0.126748601556109 -0.39321944383767
0.0265702586629709 0.0567134629847335 0.575643363840726 -0.138410928017861
-0.0079424293414212 0.0535883909962154 0.515393226264098 0.660825364942169
-0.0663823170721601 0.015437828009605 -0.351682184953208 0.857094597184783
-0.0905887089980023 0.00151136115159541 -0.666497347508487 0.211202656646632
-0.109298901824124 -0.0153861526149846 -0.0197156295652728 0.113455390153057
-0.106096859204796 0.066909040263928 0.743591675750646 -0.165647190335165
0.0107311939680185 0.0877806086786852 0.394403429688481 -0.870940184710956
0.0688416092618952 0.0387682782150642 -0.53701698374075 -0.674850955919885
0.0387293932940666 -0.00803696696994308 -0.582884028310639 0.167384997644799
-0.0278762346631491 -0.00918448114592632 -0.0821365094317768 0.394029936469287
-0.0286756920393939 0.0156073541879161 0.141974668636467 0.091879269336396
-0.0302898976389021 0.0264886886420452 0.0463679847562089 -0.21730081333071
0.00162591828185629 -0.00108197646746654 -0.0526085072218269 0.209032821627289
0.0171821162335898 -0.00104866828735143 -0.146084142746763 -0.0889077389059078
0.0214772714488703 0.00720830367095756 0.113063355646815 -0.377758677087492
-0.0105664374770468 0.0262456683998244 0.544915588119325 -0.10868569212041
-0.0537103643812877 -0.0187206480859998 0.47066365472846 0.681599621555493
-0.0468036476709973 -0.0966230413030697 -0.401630892640278 0.886474725493442
0.0477312817172589 -0.0534647172636576 -0.728720163367214 0.201849532784325
0.0621023521434334 -0.0282376520968332 -0.0795277150314401 0.0912477124928343
0.0171642586998088 0.00056089445254643 0.680349717835886 -0.177652496621568
0.0175360065368064 -0.0200059670682124 0.313587252826536 -0.856372914885444
0.0155906939133651 -0.0253148667090628 -0.605998943385521 -0.623512654973147
0.0090290898904097 -0.0297577980119734 -0.614888724351375 0.208831228451592
-0.024801502814955 -0.029273699946364 -0.0900905806588329 0.412889502463923
-0.00875228130382428 -0.00681571029508399 0.153678952842046 0.0989826074753783
0.0160012193355039 0.00848347964917686 0.0746886539874731 -0.213993227933001
0.00540714370913149 0.0032167984184112 -0.0517741672773077 0.203986571244082
0.019300685707901 0.00800976147667387 -0.134362356815295 -0.0990336753754205
0.0200837615541599 0.0209169895669864 0.140685081713418 -0.376121166142218
-0.0154074403525956 0.0312121477324085 0.556290807315814 -0.0775660152189109
-0.0554380878083431 -0.0275054315860408 0.422513182285289 0.732675803125943
-0.0353368869022714 -0.106292123177767 -0.472436717051836 0.862173032100126
0.0526424538954497 -0.0497638179412714 -0.72357086875854 0.163355643878808
0.0590081363560952 -0.0246175401906828 -0.041318736713962 0.0914604127527281
0.0186286865903563 0.00123449448133858 0.682815541683226 -0.218444156784877
0.0202604133426627 -0.0252477548360445 0.248741808722541 -0.877991595486759
0.0151258615331825 -0.0295636130900463 -0.646562994472593 -0.576620339398077
0.00691647112268863 -0.0243577132049152 -0.591765132861416 0.240340335066734
-0.0241852602304003 -0.0170916569644399 -0.0590559831272016 0.408159836099551
-0.00505116823862471 0.00245011464285679 0.164809778093669 0.0853440087972657
0.0187726773787051 0.0148567206730791 0.0736236335339622 -0.21740088606355
0.00378144275751646 0.00903061891731148 -0.0560363574646509 0.202901314713452
0.0196488444240994 0.0164683085713344 -0.12518474508501 -0.10943812900055
0.0179022216737898 0.0319738565030679 0.166061703051123 -0.377924911603455
-0.018080232438247 0.0378312855265939 0.57310604058263 -0.0512694029662831
-0.0522277567895084 -0.0280651003717101 0.390682090619095 0.758012060365357
-0.0281143059463131 -0.102653084858099 -0.515907423080931 0.83624403696712
0.0453184225074835 -0.0439776118653858 -0.71381118258384 0.134079015893465
0.0438367397656856 -0.0205623086502643 -0.00693523719387987 0.094673235592266
0.0113649115704612 0.00715668902926107 0.689429620245926 -0.251549764743691
0.0241068493144505 -0.0204679519250087 0.205230822097414 -0.892231954769998
0.0202040651895948 -0.0289557868761623 -0.667855713887901 -0.544405825041975
0.00645538250304548 -0.017548138809614 -0.564796532964609 0.261426761661033
-0.0233844942300722 -0.0051411867615499 -0.0328876516554895 0.399269908101583
-0.00353013180169582 0.0114038456807444 0.172199216209881 0.0732263047147371
0.0174591309333096 0.0205143906784865 0.0701871052421064 -0.219351866882425
-0.00157852494106029 0.0144169819120538 -0.0611089309809316 0.19951619575775
0.0181161504838816 0.0249407612053407 -0.121431401949129 -0.116731077054278
0.0164175860391068 0.0405628394411117 0.181603578607874 -0.380429435905634
-0.0156729144191613 0.0458974940330273 0.585480408811845 -0.0395675562236157
-0.0467961314481161 -0.0209866399463114 0.377927927884891 0.768535058905587
-0.0296724332884053 -0.0902792872727254 -0.534777792075187 0.818990940171002
0.0254347977547794 -0.0363730025865507 -0.699318638775917 0.121380765263448
0.0178153470797413 -0.0169933280360787 0.018940681796494 0.0977989436225184
-0.0033649488866267 0.0191536329478316 0.700090316451957 -0.269416587374716
0.0285973706333301 -0.00714208779942388 0.1908103683036 -0.905864187669292
0.028040346522315 -0.021976227679272 -0.672516697718282 -0.532117948675066
0.00880004865307113 -0.0114553167677469 -0.545907089383734 0.27084840317656
-0.0237952653867644 0.00262439389268456 -0.0188912981983067 0.393410665376371
-0.00448465055879274 0.0198768678939387 0.17468600294362 0.0653337612469298
0.0120928780164384 0.0253558648943535 0.0647705925422162 -0.220121811492681
-0.0108226485774246 0.0174891529798192 -0.066979869968665 0.197693646162136
0.0146392453147645 0.0290016324223374 -0.122210411118436 -0.119164161048119
0.0179152372558835 0.0451154144062228 0.187922086096578 -0.384872072242352
-0.00729046074227791 0.0528170703261399 0.59434719442561 -0.045117000488375
-0.0398083290125758 -0.00451524639339072 0.388044968336371 0.764217173209812
-0.0370956224171778 -0.0682575476620687 -0.524174032147297 0.813847673062219
-0.00378922216976179 -0.0282170248080867 -0.686586875939953 0.126442123505976
-0.0158658986236326 -0.0135299736583693 0.0323947729895611 0.102667141400214
-0.0247590356926378 0.0347833976871631 0.712989702945077 -0.272292523018221
0.0304953880129624 0.013681298040768 0.200433239188015 -0.911728384289449
0.0391869724265595 -0.0119156126158096 -0.660983305166728 -0.538384132600128
0.0137120946310223 -0.00729871131642892 -0.53965047811279 0.265037978990592
-0.0250883635815881 0.00753843796097549 -0.0150016231657698 0.390246291368349
-0.00797988697090373 0.0245934717140846 0.173081689100967 0.0630418329164088
0.00268043831414313 0.0293150888561466 0.0574515897394065 -0.220763989476291
-0.0221547734936834 0.019375564562259 -0.0719567397705445 0.196863530658652
0.0114829727594241 0.0298313428256125 -0.130254793778698 -0.116530278401289
0.0200628400147649 0.0435090057852385 0.176816299824769 -0.391182680992045
0.00366082073384589 0.0578864662395502 0.595062259594659 -0.0681403705413551
-0.0308478156771942 0.0155002843429124 0.422894224716511 0.739185146726913
-0.0475128123616799 -0.0410001331824763 -0.483212503817728 0.819723037565312
-0.0363182923960449 -0.0187320533538229 -0.676944905757615 0.145645660886643
-0.0518536293466521 -0.0119568182446174 0.0304172065481347 0.107487869880889
-0.0513073382450524 0.0505399639370984 0.727347224587411 -0.251564896732525
0.0305691024877941 0.0389897315911279 0.241292750139036 -0.910190569996642
0.0508293914036063 0.00285090745538838 -0.63588205426901 -0.568363810329358
0.0202185754968606 -0.00621138132854731 -0.543022595921757 0.246116955937552
-0.0267549909260967 0.00736285228224689 -0.0256170769954523 0.388329077996192
-0.0146967083307576 0.0242880545062874 0.166118152117861 0.066358793145378
-0.00810184061752065 0.0301382254322774 0.052284733489924 -0.220398257503698
-0.0334463823007815 0.0189547214422153 -0.0758223520056944 0.197971927564437
0.00675578101462613 0.0258116086310198 -0.141475901780767 -0.108153388193474
0.0226611813845575 0.0355136137654884 0.153319541560336 -0.395609653015447
0.0162431548808779 0.0592310617306264 0.588343605996337 -0.104089021820111
-0.0199249933048208 0.0361563283607092 0.472805002502352 0.703491865765902
-0.0585389975521529 -0.0117753266880139 -0.417788558953663 0.839328010732725
-0.0667317504395117 -0.00959215364663206 -0.66984931479552 0.177872975761397
-0.084788589386934 -0.011955431808476 0.0128187757667003 0.11221969822685
-0.0803475889071482 0.0622514655280766 0.737998209509227 -0.219480353253552
0.0238437348475421 0.0649993377200085 0.305425894787614 -0.897931767734489
0.0626007173407024 0.0195793536402389 -0.595319894867091 -0.614614608999888
0.0293733574190163 -0.00638393185216714 -0.557436536696955 0.215816974701013
-0.028835288351963 0.00152368486610893 -0.0476151732251738 0.391186658574352
-0.021854335072939 0.0219655622782393 0.156506276891924 0.0770761122001945
-0.0210149868816519 0.0287220410381829 0.0462364546319745 -0.218915262735586
-0.0439456262514864 0.0165409481113774 -0.0765379519562716 0.200109954490918
0.000465504043681148 0.0200157391077958 -0.155918426796216 -0.0950398000538854
0.0233253861611165 0.023525428187962 0.121865870796162 -0.394047657020317
0.0271856377316612 0.0560274764405418 0.573502222623141 -0.147812296531931
-0.00760618497728117 0.0531104948596162 0.525273917801163 0.653882302332096
-0.06556750224773 0.0162789744826557 -0.339626281906285 0.859864813811931
-0.0888393962419584 0.0025705429375029 -0.665383746996746 0.219166189731879
-0.109467528270061 -0.0142741498825249 -0.0169253501483605 0.114285317518651
-0.106523579109287 0.0683353786367339 0.741259864546517 -0.175964638155118
0.0119703603245582 0.0874815674599571 0.382476063581372 -0.875393472618869
0.0698569490484439 0.0381310628610933 -0.545394025034586 -0.666662119211024
0.0392574109565106 -0.00912414072375982 -0.580618760156423 0.175181667484047
-0.0283362473770927 -0.00893996320044492 -0.0772520665257848 0.395113741053905
-0.0280672560117741 0.0145796859888082 0.143016688372731 0.0893510282744291
-0.029981861782983 0.0272818364306411 0.0436219059208768 -0.216597624421622
0.00389944824189322 0.00238792418669511 -0.0278166362120303 0.211154079937575
0.0133705503618335 -0.00383713136302132 -0.155602277444417 -0.0688547121199591
0.0207747320246829 -0.00245974479240608 0.0653237987983981 -0.386666069666834
0.0026877629466197 0.0220764810332287 0.522049564703172 -0.174071693436746
-0.0392320096458783 -0.00155519694796873 0.551648544418378 0.617889703185683
-0.0558548696553441 -0.0636841547393862 -0.285882794837767 0.915798632683069
0.0343878726494812 -0.0503337112091809 -0.697629891050501 0.286279493586134
0.0596783959476611 -0.0329400234620752 -0.0679498049631366 0.0992602753240161
0.0211155956066184 -0.00906184875906981 0.659964164719324 -0.241638811678284
0.00157945355634612 -0.0260319702452849 0.236417704836534 -0.88167402201543
0.00415239675319816 -0.020194094243615 -0.657971706288767 -0.560786026309989
0.0117479194134882 -0.0237428393540884 -0.595558945549181 0.260437298122206
-0.021739099062188 -0.0265043217663459 -0.0494032985766416 0.419232871310981
-0.0106744318032474 -0.00890102691719873 0.161980970815629 0.0856726177651429
0.0136616327654581 0.00714568609493744 0.0570140511107834 -0.217959597017198
0.00576599443079472 0.00755994042882057 -0.0271842417087881 0.206876528251909
0.0161510276634163 0.00527065652066896 -0.144954708910522 -0.0809070410138008
0.0208960072281787 0.0108882911217671 0.0922797147077074 -0.386612094293205
-0.00134811123284434 0.0276049863350036 0.540590306158513 -0.144826404142642
-0.0429972772357721 -0.0090292679523588 0.509360983509225 0.676104633126369
-0.0474655508913878 -0.0738647025583265 -0.358862569706819 0.901609046241658
0.0404557898296381 -0.0480121245315679 -0.695970552525587 0.246382434587094
0.056031355123066 -0.029172316311061 -0.0295435288613345 0.0968732074268463
0.02162326556367 -0.0101342094433488 0.657875460543784 -0.283602042650701
0.00569662104690025 -0.030603594929296 0.17004136260001 -0.898940895497075
0.00395500202721157 -0.0243838502840994 -0.693941082556755 -0.513207372908719
0.00903164596808686 -0.0177118063238167 -0.567564469150403 0.292019694644968
-0.0197040131040821 -0.0158872936926413 -0.0220083680425996 0.413527509703533
-0.00633600440009206 0.000230157438215855 0.172927577299309 0.0704941426248757
0.0175648082415076 0.0128104138473447 0.0559839456495285 -0.221316745083023
0.00591892845631968 0.0137056529207578 -0.0322431363630303 0.204969634497906
0.0184674738729461 0.0131574419754239 -0.138235120619137 -0.0924936129426883
0.0211407799411736 0.0219368052601505 0.11674490875484 -0.393140515612312
-0.00133759147949951 0.0351685173381925 0.558294331146188 -0.121859139886366
-0.0410554900157193 -0.00842828379205159 0.479841387718069 0.704188792038206
-0.0420752549923845 -0.072747961676951 -0.405310904154048 0.880552919709576
0.0334606422620752 -0.0407190222685013 -0.690792730234577 0.218443282349985
0.0428224150335934 -0.0234830568183753 0.0046701050762298 0.0944922903494163
0.0146611385154403 -0.00347688075660935 0.661029077732632 -0.315419462410332
0.0105562058476975 -0.0250097109594263 0.125265412194103 -0.908284241323392
0.00898316647260463 -0.0242443342768105 -0.713936956367148 -0.476902021872546
0.0105960244512347 -0.011764328175004 -0.540389878985275 0.311179526842834
-0.0177745456340089 -0.00434482757857492 0.005473939805786 0.40163330381429
-0.00302596978563747 0.00957791142648234 0.179547162677698 0.0567866868885889
0.0166380798879032 0.0176099648657463 0.0518190399742424 -0.223424698583572
0.00102288614835219 0.0183370948048616 -0.0357124192118952 0.202301284440331
0.0181079091707407 0.0195412133333066 -0.134951761787462 -0.100139445090775
0.0218714133079785 0.0308840076219172 0.133396358141241 -0.397558287649685
0.00246641872341012 0.0421300917630405 0.571885330319923 -0.113226289638418
-0.0341382825490238 -0.00104455843738369 0.468959757209155 0.715544154261721
-0.0425583399298569 -0.059077931847262 -0.423812788452669 0.864598646418488
0.0138656811389242 -0.0307013738028791 -0.678617183751702 0.203567610873381
0.0175341559190334 -0.0177388756729179 0.0299222630153809 0.0951066098507899
0.000554074849447994 0.0109555983317121 0.671771625687768 -0.335503019658868
0.0159997713734168 -0.0134879909150723 0.106534875079058 -0.921780461948805
0.0179222278312706 -0.0181392720408849 -0.716071715590425 -0.46443398079035
0.0136864101810146 -0.00617456972052922 -0.520829390563438 0.318147748474755
-0.0181488576661077 0.00349862131169128 0.0181177080561964 0.394986146377556
-0.0034135952888728 0.0176782549247826 0.182361406644161 0.0491246226319579
0.011611977640547 0.024092830265053 0.0466122670321575 -0.223751895337706
-0.00662948491837064 0.0236908071339694 -0.0430033574624394 0.200986006435792
0.0159630251853224 0.0247269876657939 -0.137402384226266 -0.101897877474522
0.0227416280303606 0.0335852063400787 0.1347453960921 -0.401723767235626
0.0111718549724054 0.0478250994486304 0.580230175676029 -0.119759248766128
-0.0245697520222965 0.0137581579327727 0.477783400425821 0.711596748423495
-0.0457851204414375 -0.0374670410240145 -0.417446130539137 0.857373800085254
-0.0142275321859282 -0.0201525449129754 -0.665467391085247 0.20483632639468
-0.0154456093381949 -0.011045190574957 0.0430299496884255 0.0972678063890184
-0.0172394452622205 0.0280764266405477 0.683352160712609 -0.336849685673506
0.0208792352335855 0.00631647700745863 0.116380780677403 -0.929190850110347
0.0307174537832707 -0.00904939163793995 -0.707470529915252 -0.472440805379921
0.0196932348754486 -0.00363054269409621 -0.513982971885003 0.311514025323331
-0.0186049210918437 0.00856163318570144 0.0217291817669631 0.3891067726859
-0.00715886970113701 0.0238427726504347 0.180198810978802 0.0474383718092391
0.00403988986847749 0.0285617739844979 0.0408728718153012 -0.22324327960564
-0.017746750875899 0.0269141701868026 -0.0474549455715946 0.199980610442064
0.0116942753267319 0.0258194398053231 -0.143402593336274 -0.099108466769707
0.0246819887101539 0.0310196110309524 0.124008514859133 -0.407499344197554
0.0239133237264834 0.0504948179270404 0.576296455503618 -0.140949263370347
-0.0123675292453768 0.031067419737511 0.507659875242193 0.682114721949555
-0.0528000175532805 -0.00985598383189134 -0.374750708119949 0.860303315302226
-0.0452306213793459 -0.00539471322116201 -0.651223577287284 0.222672930911301
-0.0512195688217999 -0.00590849197378781 0.0425906973542232 0.10228552916949
-0.0420865807570399 0.0471196269218726 0.698724346477402 -0.320021031801532
0.0234213481927618 0.0322159756454739 0.16023510542729 -0.931439554528447
0.0436506789224598 0.00311412379167561 -0.682960541192658 -0.503735709402227
0.0263320386372209 -0.00202566420974011 -0.521498644342797 0.293452875327097
-0.0197081059151469 0.00763584789985956 0.0102637346002435 0.3910486582259
-0.0132574800156844 0.0245374976481905 0.173839030268404 0.0523115989984565
-0.00868715569070389 0.0316937063597886 0.034794762135178 -0.221528605494983
-0.0297658955991031 0.0285951543422876 -0.0514759733769462 0.200810851063427
0.00628044882537162 0.0236783034317893 -0.153831466016711 -0.0896972899204716
0.0248067822985618 0.0242812062037575 0.102567821908261 -0.407262858082056
0.0355728896119924 0.0500553386571945 0.565156298119923 -0.174432802974423
0.00144564896182495 0.0491465577515906 0.552414171493271 0.638700730074399
-0.0595306595328026 0.0190450032314653 -0.311105045129513 0.869835686710785
-0.074266222274039 0.00856340303091326 -0.637092442171719 0.25327385300354
-0.0831107238678647 -0.00205473111728624 0.0258099257916405 0.107973416944052
-0.068740014739184 0.0625872676477673 0.71159002142199 -0.287651247959329
0.020110704824318 0.0578428892469076 0.224043969948827 -0.923862006015266
0.0561361450364939 0.0181559450989931 -0.648141953959904 -0.554128438888552
0.0348462450695582 -0.00451194175558855 -0.538544444962718 0.26547551364489
-0.0220535670968523 0.00256424333578047 -0.0103994819040503 0.395524208862999
-0.0208527602183628 0.0219788902203717 0.16417199731722 0.063183554800738
-0.0197853976764777 0.0323844259459294 0.0305821978263161 -0.220270845974308
-0.0415025480423674 0.0271076859028903 -0.0519647368840318 0.203353104445854
-1.82177280170981E-05 0.019339861405477 -0.167035203886901 -0.0746734104252021
0.024108514984169 0.0122280885437538 0.0704433001590786 -0.404458321365293
0.0450746650221329 0.0444939232277667 0.544574729122123 -0.214594535354081
0.015385485101862 0.0612867975642291 0.598966472761143 0.583866799387591
-0.060622900563685 0.0481347285768465 -0.23327060328992 0.882084030692693
-0.0948065369162668 0.0232809534030129 -0.628913284944531 0.292761912623793
-0.108336676478349 -0.00144582591533152 -0.00355433833573441 0.112908764993633
-0.0932285764316802 0.0716549327596426 0.720367018956201 -0.244422287559669
0.010821336155762 0.0807445005025601 0.301707010213601 -0.908725006845178
0.0650259862160454 0.0345476486394745 -0.602906296773225 -0.611123397750641
0.0434512280806926 -0.00645856216999017 -0.563840505606211 0.224242797125789
-0.022990657296022 -0.00626306800455741 -0.0404465020674698 0.400783256773814
-0.0267209847435907 0.0160030417150382 0.152456352455958 0.0778056628012438
-0.0302340822427438 0.0302164797886566 0.0281678885492083 -0.216558662919421
0.0032475311757315 0.00319367329956853 -0.0245952500534549 0.210578844956998
0.0133773668699734 -0.00439116397807604 -0.155682022081483 -0.0661335355735215
0.0204550215197702 -0.00252235307378497 0.0602893513667126 -0.38570533166772
0.00403612106222522 0.0220904488558808 0.519271340726872 -0.181928400806617
-0.0403806631846951 -0.000969832189072033 0.559187075787482 0.60899239393644
-0.0569216671144579 -0.0631223630210405 -0.274955225595998 0.916528156948257
0.0353536138928361 -0.0508882366739857 -0.691529381591319 0.293987857059757
0.0582711940711397 -0.0331129874429171 -0.0653731447841066 0.100351855776632
0.0223227879835953 -0.0100567283012996 0.653631938655161 -0.249299644858102
0.0025397395448646 -0.0262817272094107 0.223857381619365 -0.881906615829718
0.00401769760079222 -0.0205048709642519 -0.663063302182722 -0.550146322622141
0.0112604420555342 -0.0236056234372246 -0.589639232134352 0.26729930654062
-0.0218335177804666 -0.0258376602879126 -0.0436254393597365 0.419639094228208
-0.0104344860946918 -0.00827311759200703 0.16328335947295 0.0836193933971499
0.0125786393975005 0.00722376248936431 0.0550789287465898 -0.217625508094535
0.00693411829637973 0.00779686415853384 -0.0252278078752237 0.206959959773564
0.0169444003334869 0.00394340323861299 -0.144819345907767 -0.0780782544754837
0.02147453385888 0.0103582593490915 0.0867274844736996 -0.388113965421195
-0.000293487826496184 0.02867050469802 0.535807849660684 -0.151937184383008
-0.0435426665791347 -0.00829752034074622 0.517369381706928 0.667409890194756
-0.0490185963537079 -0.07318481756827 -0.34579410585424 0.902786657815273
0.0407436407976368 -0.0479166425156719 -0.691539792488225 0.255814720899657
0.0566476123705948 -0.0292344746349547 -0.0272835133472401 0.0962527279993467
0.0216498434860863 -0.00950761542427039 0.651602550007858 -0.290975479231839
0.00536936031698391 -0.0301355971608943 0.157170900733797 -0.896306549284998
0.00439586667218104 -0.0246041667847499 -0.697198641979953 -0.501246347884521
0.00899966254055776 -0.0181856339740575 -0.56075297292678 0.298752031233781
-0.0203930871890176 -0.0146275460764168 -0.016100816306305 0.41228203957758
-0.00456900118872955 0.00165019073877794 0.174630075679938 0.0680440280567318
0.0176303034116938 0.0127786370667979 0.0538036763070578 -0.220587178200369
0.00577458632587941 0.0131519864479036 -0.0292609440202395 0.204505169712699
0.0189064056920433 0.0129438993520742 -0.13895510808144 -0.0908113427754026
0.0216353337825194 0.0222012874259184 0.112479405820645 -0.394485500583506
-0.000882329640679387 0.0351698704203807 0.554026602107499 -0.13005924294063
-0.0403602446108606 -0.00804747247134158 0.487548726150003 0.69488827102001
-0.0432178331591981 -0.0714763469799462 -0.394406159789897 0.880418626387828
0.0332646537878794 -0.0419390852527207 -0.685829280002181 0.224965954367453
0.0426509809402807 -0.0242010320932736 0.00597643127867186 0.0941943652362561
0.0148139398960099 -0.00255661142997156 0.654919494251719 -0.323543900644102
0.00927252102531083 -0.0265157021405994 0.113337851985914 -0.906444749314231
0.00889946511925172 -0.0236009191589658 -0.716864962033863 -0.46447587920144
0.0105374488591133 -0.0118514904346493 -0.534955262426521 0.320212804519876
-0.0186640250895601 -0.00389000532931627 0.00943323199711223 0.40005750055897
-0.00293620261948519 0.0106016850856746 0.181293886086814 0.0548953963168005
0.0165322764395635 0.0181131979247414 0.0501525143409036 -0.222595107637729
0.00186502154219307 0.0181648865196279 -0.0338736690103185 0.201841411477644
0.0178012532545896 0.0203152224416046 -0.136699310717348 -0.0971197615828987
0.0214474984827141 0.0302640524807848 0.127220439507509 -0.399769885984846
0.00307731211351849 0.0422225159874833 0.5678752416737 -0.119958613956937
-0.0345070437296786 -0.000688140244045746 0.476964648028085 0.70683744136192
-0.0427101863073787 -0.0590292146923723 -0.413814306421188 0.868331696227566
0.0152408465685115 -0.031269470274253 -0.672374384905017 0.20998085823747
0.0171670551233085 -0.0173977181552938 0.0320807821051167 0.0953921748345297
0.00138335030081969 0.0107594155352815 0.663448482366936 -0.342137849747179
0.0154937472484439 -0.0135981334166988 0.096771738833349 -0.921126761619453
0.0178727111021885 -0.0189058291503323 -0.719771517006993 -0.451485992055564
0.0138343637250182 -0.00575161835573181 -0.516438796277221 0.327879316697068
-0.0169317870794296 0.00471427743984475 0.0237871104728199 0.392897498607113
-0.00289140842126901 0.0176147725588769 0.182406056657366 0.0462058546276138
0.0115969729632011 0.0235508958424689 0.0443691717244341 -0.223156795887795
-0.00682105504648725 0.0237664653222839 -0.0400479960417286 0.200370027067514
0.0171845641896646 0.024664932079495 -0.137443354706445 -0.101591377434255
0.0227326077505747 0.0343941435477277 0.129506494208713 -0.403489222465164
0.0123674260945015 0.0466896927561109 0.574708534467416 -0.127021473323264
-0.0245240725827208 0.012841993217629 0.487648709776391 0.701209534304463
-0.0479535966455704 -0.0371997161570187 -0.403477682780428 0.86194664442219
-0.0130832110783529 -0.0195473746923464 -0.657993057375969 0.212038092995479
-0.01474024038501 -0.0103823617876552 0.0447026122908694 0.0973203893958051
-0.0167057246824518 0.0281090688646383 0.673655346735814 -0.344985570678507
0.0207725918543676 0.0069344172641837 0.104967735818173 -0.926641701371014
0.0299395942845639 -0.00963445613752023 -0.709764342057013 -0.461204176253113
0.0200619052770741 -0.0036539475790581 -0.507367815713786 0.319539790386243
-0.017907791851857 0.00955425285659723 0.0259909442936755 0.388615503483155
-0.0065935090167021 0.0223619564315778 0.180685250854703 0.0450942844474665
0.00249611405904083 0.0283928719242535 0.0380933652770182 -0.223254744199394
-0.0170681899045673 0.0274435346807536 -0.0456510338049479 0.199963569640296
0.01236270955949 0.0243696645912449 -0.144798687709379 -0.0966348134083607
0.0252592748367711 0.0315401782768964 0.118729087193681 -0.407837788726568
0.0238239631319121 0.0506679122764796 0.574154026433309 -0.147310116009771
-0.012903212627901 0.0305157575862836 0.51526482382681 0.674229046176818
-0.0531211594068348 -0.00928760302486027 -0.364740688982104 0.861733209802825
-0.0444110803944438 -0.0057694511202543 -0.645107448749123 0.228929668898815
-0.0494752726133038 -0.00471130610958033 0.0443267431897992 0.101114042260045
-0.0410848275584058 0.0473534380229414 0.692486073350568 -0.328599191588121
0.0229863324679038 0.0312656035406142 0.147212830495542 -0.927549192259299
0.0440065044037577 0.0028584006996211 -0.686579607423489 -0.494258422339415
0.0266048828191104 -0.00351386619388013 -0.514381059340292 0.300080339829008
-0.0202490666463547 0.00868503022277504 0.0165398893949123 0.390047427022814
-0.012348167911337 0.0246325832417034 0.173784702002978 0.0505087685309515
-0.00874256637274008 0.0311987042941801 0.0325775477090718 -0.221883968498463
-0.0292354441256567 0.0282197440271009 -0.0482271096948068 0.200217429646439
0.00652873107595688 0.0222711921054943 -0.155206101605209 -0.0861317643730628
0.0251545561253147 0.024204713590458 0.0954905672550676 -0.407533725436562
0.0365642809102413 0.0494339553046851 0.560506765476424 -0.182085745196616
0.00215134757956372 0.0490338419222848 0.560666700663165 0.629251893100326
-0.0591597888302182 0.0209522837934705 -0.298447667889229 0.869272722461123
-0.0726379894410744 0.0100338231780651 -0.631943941074484 0.260653275045016
-0.082754898614025 -0.000712084504517022 0.028518750895822 0.106655783378978
-0.0676324045438617 0.0629363752186579 0.705449462789849 -0.296500348345635
0.0209023997311329 0.0581060773825285 0.211212463081411 -0.92431414388236
0.0552736701954601 0.0181726699775268 -0.652189569051326 -0.542535890002707
0.0340065530796965 -0.00521305044339523 -0.532942431420002 0.26988573096111
-0.0221465268342004 0.0038735981999665 -0.0044365642391 0.394250245085687
-0.0200491443857364 0.022556519286368 0.16445944607486 0.0607240240894978
-0.0193963632098516 0.0318352010502957 0.0285878446868369 -0.21934189078288
-0.0400016634087456 0.0271780230038687 -0.0499994188722558 0.202468422519262
0.000667613408094939 0.0187346189455383 -0.166307270343564 -0.0725434465752355
0.0242866819325879 0.0124462032013619 0.0648442600159899 -0.404358163779056
0.0460874106443976 0.044531865577094 0.540384538225012 -0.220822488391652
0.0160706131896247 0.0616775660349268 0.607521276599766 0.574318765597667
-0.0606672642109335 0.0488958578797094 -0.221248165558337 0.88305753903638
-0.0937716394749712 0.0245905441218416 -0.623483470147096 0.300340983692714
-0.107375138466146 -0.000236666350253282 -0.00071044973735212 0.112292403767643
-0.0926243967890928 0.0728079044424815 0.714884487829352 -0.253710360428097
0.0120851102694578 0.0807812044019691 0.29031835029124 -0.909245721134264
0.0639131650642169 0.0336352988498518 -0.609649280062807 -0.599938405168353
0.0438938849365305 -0.0074568160522492 -0.559567282981252 0.233732310757012
-0.0224820118134753 -0.00577088722649969 -0.0331877152152346 0.400278638364392
-0.0258439918558014 0.0151996725062996 0.154359293502088 0.0755472918235307
-0.0305961596946393 0.0300857712850843 0.026176817163879 -0.215845741389295
0.00376024195391835 0.00393781337776855 -0.0227408216210727 0.209169005064066
0.0140146730028276 -0.00486077922237571 -0.15582966037097 -0.062781491242395
0.020830275954416 -0.00258637860675784 0.0556487049414944 -0.385319551985719
0.00391686488134427 0.0216899988327743 0.513392847250613 -0.186489830057106
-0.0388750453291574 -0.000108342295258683 0.564967818627058 0.59922215626582
-0.0576057193863989 -0.0625947947609961 -0.264470993384324 0.91616522960949
0.0360277239605045 -0.0513087006260339 -0.684373647618263 0.300142628444256
0.057462023730465 -0.0333727869160632 -0.0636163026485392 0.100566709076264
0.0216081621763986 -0.00966702289749771 0.644915049500832 -0.254209451487777
0.0018152284353206 -0.0259673251012875 0.212114526230194 -0.878914498021423
0.00396666302062159 -0.0197512023804353 -0.667459830892156 -0.5373807821909
0.011393911792571 -0.0238891645361252 -0.583745037635278 0.275671985746515
-0.0222301024613756 -0.0256319793970554 -0.0381286703768537 0.419714404593581
-0.0111265234340653 -0.00767988371861692 0.164153912231863 0.0820989308018343
0.0122747210970759 0.00715262972772782 0.0528921729620274 -0.216220191160378
0.00728044500159639 0.00771323009908785 -0.0221127683495422 0.205608783704748
0.0181767477513235 0.00306740418139077 -0.145580140309014 -0.0763033294141401
0.0206279785749557 0.0102482214633709 0.0816189703688591 -0.386672944153855
5.61879173713309E-06 0.0287007067663973 0.529777710178054 -0.158682595166769
-0.0429140036462614 -0.00697852751299979 0.523388924040962 0.656968140440914
-0.0495289897951912 -0.0730724299487053 -0.335426594909928 0.901371054984208
0.0408473847438251 -0.0484732082225948 -0.685620410789506 0.260600026017266
0.0568962711812343 -0.0296221163492985 -0.0261565671042903 0.0960952524223845
0.0213697737746506 -0.00981652732415145 0.64374799230705 -0.295467909126891
0.00607388599399002 -0.0302792864535858 0.145752892325615 -0.894511889159694
0.00389592604550457 -0.0243477443560411 -0.699578908706877 -0.489403578944072
0.00961353839432952 -0.0183818059693956 -0.555775396720014 0.306556922007291
-0.020571470284685 -0.0140951844760193 -0.00947441845430972 0.411567642723452
-0.00601687330646302 0.00142600939951529 0.174011889748161 0.0663917741223242
0.016835589245425 0.0118941388544235 0.0513790233388708 -0.220485986476717
0.00650748299415774 0.0138440042128614 -0.0266780254732869 0.203950508597691
0.0193423593383451 0.0109270967483673 -0.139357815985797 -0.0870163412084673
0.0219450187960848 0.021561789850776 0.105567043434672 -0.393965564337456
2.22974010131473E-05 0.0352470943396902 0.548860087598341 -0.135265295538019
-0.0410060018267881 -0.00718077199086524 0.496856535662677 0.684632571779517
-0.0438941529730538 -0.0713086852534514 -0.381138170634624 0.881646787579663
0.0341756164769709 -0.0415104837242087 -0.678352275265629 0.233032746106839
0.0418271656768919 -0.024032913854519 0.0071613907141304 0.0941249679396584
0.0159560292538215 -0.00369755673331018 0.648515040086897 -0.329773442198889
0.00965602855291939 -0.0261955652919054 0.101555763614541 -0.903683849817986
0.00835605645537068 -0.0236728410860136 -0.716958380295414 -0.453628328141363
0.0112479963050474 -0.0117979169854896 -0.527422804668842 0.32328358370366
-0.0180732443476326 -0.00272171198222147 0.015394286453588 0.398436137597788
-0.00238952959791325 0.00990144430198307 0.180781079300343 0.0526794777187698
0.015596336313117 0.0182928832131328 0.0479208529258739 -0.221619117077261
0.0022366190543992 0.018816179338641 -0.0313797926438777 0.200900976844364
0.019356083294693 0.0192029743469883 -0.136373979122233 -0.0956009380188843
0.0224414071091051 0.0302825338674984 0.121585905029665 -0.399500606162031
0.00439590856048829 0.0413548470322992 0.562821077720622 -0.126233013863907
-0.0340351567963849 -0.00084088797340659 0.484159936092428 0.697222150738904
-0.0434742066864011 -0.0584129126235938 -0.402130638455153 0.868146894177326
0.0152524652672885 -0.0313445227787162 -0.667069200761791 0.218007070589087
0.0175096845222759 -0.0178373742678998 0.032687090019071 0.0944744258511735
0.00260368968885229 0.0103083945401068 0.657188131401334 -0.347703125323627
0.0155413932482848 -0.0127732481373215 0.0839007550726692 -0.915243067706985
0.017999616134689 -0.0184697881330953 -0.721423357158486 -0.439328745039739
0.0140675132324609 -0.00666126868084463 -0.507730632055628 0.330574008644177
-0.0170378038131495 0.00443702208839745 0.028986972854364 0.390881028014084
-0.00368722782903601 0.0179103514770318 0.182327128163046 0.0447987833174386
0.0116910970682413 0.0243442760830722 0.0413294155936223 -0.22243523324927
-0.00592685875863879 0.0234015192644351 -0.0376242227662334 0.200116377503205
0.0165774232144281 0.0232658341395406 -0.138346222996614 -0.0975442374046939
0.0234248787756783 0.0338021422326764 0.123779678589308 -0.403747658089312
0.0130444301838054 0.0466099432567045 0.569471384930404 -0.134280964488286
-0.0251525344100735 0.0133338702808794 0.494029496605369 0.690311573234568
-0.0478048430991948 -0.0368137915755892 -0.39316679510034 0.860363931908685
-0.0129074170551241 -0.0203367841012373 -0.653702354738002 0.219936696463432
-0.0150541196456434 -0.0109858846451407 0.0472819845485897 0.0960806737442781
-0.0167346873590231 0.0289725658054709 0.666759616610659 -0.352238054968134
0.0209221469849996 0.00658157407081446 0.0934392716347149 -0.922443700766221
0.0299098395324277 -0.00965710065782143 -0.711118887583742 -0.448279364420239
0.0194595916418635 -0.00461293777567894 -0.502420647209913 0.325234030943875
-0.0172633251045498 0.00966939036986822 0.0321602205779719 0.38735606912962
-0.00660262412889898 0.0233035480451398 0.179959531971607 0.0428013668452787
0.00330638034772127 0.028194109366729 0.036041558034765 -0.222184268113817
-0.0165120831406172 0.0269399679536329 -0.043086850592928 0.199911636957816
0.0127855152494038 0.024359606954028 -0.14457342196258 -0.0941967024323356
0.0247016295935064 0.0312021278045071 0.114215051231347 -0.406917544643697
0.0241970682188062 0.0493846772943483 0.569454643542424 -0.152273535991783
-0.0125814026454613 0.0308884257905279 0.522775998927508 0.66304183027219
-0.0536144590041736 -0.00860995937292167 -0.351889146717457 0.862580288375028
-0.0433891949107625 -0.00588413056433624 -0.638430400400791 0.235541346151432
-0.0494856377994165 -0.0037521359800159 0.0456453242989449 0.10109706370285
-0.0402016206045266 0.0488987701397222 0.684420319753198 -0.335370526639823
0.023206668399636 0.0307801627845271 0.134228848947691 -0.924464165080415
0.0440575627786998 0.00260166849408606 -0.689548230341449 -0.480408285500367
0.0252946774412054 -0.0038000272677034 -0.508768558587499 0.307635677776116
-0.0197503353773116 0.00876805306110466 0.0212501792967748 0.388188276390729
-0.0120727782392862 0.024379528412482 0.174088188331376 0.0486493395379259
-0.00775783775756384 0.0321367144226012 0.0301035311423442 -0.221052740413585
-0.0283297120767071 0.0290078379820507 -0.0463742710028964 0.199944556473281
0.00718388781147183 0.0228076225889393 -0.154706587149314 -0.0840176891718933
0.0259978496481222 0.0234616375050932 0.090645478795656 -0.408517691615151
0.0369525693880557 0.0478135595730962 0.55561676212872 -0.188228248861626
0.0015954474124036 0.0482325984247828 0.566651698068324 0.618927946251277
-0.0588297758125103 0.0206125816151691 -0.2869828790755 0.870196852412371
-0.0724265209830206 0.0100425532300936 -0.625178962891374 0.268446701170058
-0.0820115792446278 -0.000465293469472539 0.0297084713757363 0.106797224547949
-0.0659391997073254 0.0643704253514343 0.698000965194356 -0.303642629237
0.0214647983143051 0.0573303085064905 0.199956063695152 -0.920635022506974
0.0558942166208918 0.0170597506739724 -0.65610987647488 -0.530799441565388
0.0335902814816589 -0.00569093768336778 -0.52717867678459 0.276506520621619
-0.021520774535013 0.00381233362068863 0.000909788755632478 0.392381866682867
-0.0191340787082462 0.0222878756429797 0.165794652656277 0.059119751890356
-0.0192305438368063 0.0321954140671261 0.0253961719179171 -0.217531712825568
-0.0393292313188407 0.0285188395361245 -0.0466809500839702 0.202630554327505
0.00121472472451815 0.0168750634184557 -0.167199059048741 -0.068999868369712
0.0238233046639285 0.0126023469123101 0.0600153194084756 -0.402385204092875
0.0467228756698434 0.0429630109677357 0.534535299296775 -0.227298809661861
0.0160051349371689 0.0606237651402971 0.610365918827745 0.563516205804378
-0.0601096191691933 0.0478935343176173 -0.211585803974155 0.880369680521505
-0.0912493823165257 0.0250335348785702 -0.615153216813475 0.305935734465359
-0.106424658325166 0.00117045455359834 0.000509594377430001 0.113146127120722
-0.0899475982876603 0.073399179539874 0.707102049777593 -0.260111367912697
0.0127282872198746 0.0794801199377215 0.276123183707096 -0.907693859315635
0.0646343602496929 0.0326281364473498 -0.610552943937753 -0.588121768666743
0.0433942209358229 -0.00841126438821868 -0.554453089423326 0.240748641282359
-0.0221501417798603 -0.005266409300184 -0.0285085724280711 0.399717013875487
-0.0262725264505237 0.0156110166972938 0.154515162726291 0.0740246895239988
-0.0298719208677814 0.031172552578047 0.0235810110057822 -0.214768820560722
0.00367056898930011 0.00469134982878592 -0.0202344889869678 0.20859411216708
0.0145008218363072 -0.00620529654107505 -0.155735623037075 -0.0610389862680857
0.0213122634366114 -0.00289626401736481 0.0503807951006638 -0.384296173433993
0.00605036282515048 0.0217521300185633 0.506699669307213 -0.191848924015082
-0.0399648169815879 6.09491196051637E-05 0.570943871811661 0.588863680854191
-0.0570500585137708 -0.061776121257209 -0.250714184245629 0.912036308112208
0.0354158590743596 -0.0512777961363566 -0.675751169897593 0.305433630192119
0.0582139235273409 -0.0338307801347475 -0.0628092030202849 0.100471423881965
0.0214584761819695 -0.00990932680849254 0.639460256501059 -0.261058223511489
0.00153220139101897 -0.0251858089735476 0.201850838304082 -0.873027265366889
0.00359040771782788 -0.019874626893687 -0.665842462163024 -0.526516436533332
0.0115138925077507 -0.0240647071214539 -0.577646425106947 0.280413191737776
-0.0223022980177842 -0.0244592070681938 -0.0324652024887846 0.4164014599779
-0.0107480622539398 -0.00797836878908513 0.164743528965284 0.0795797176870194
0.0121897137472419 0.00760064165418207 0.0503636059737932 -0.215109168752869
0.00704946408547892 0.00779519304919413 -0.0211273991548443 0.204325421065211
0.0183827936286078 0.00261086458425583 -0.145387704526263 -0.0726847187612773
0.0211996310920618 0.01078541625559 0.0768223213501482 -0.385671465356709
0.00174064183622148 0.0285941416836872 0.524405616701323 -0.164813480368504
-0.0443366972843809 -0.00702085397308597 0.5291104852187 0.645860671902548
-0.0499703487026474 -0.0721244013432129 -0.322362745420557 0.901250777712957
0.0406615670002105 -0.0497268585558526 -0.679261941454727 0.266411963539084
0.0562579894216078 -0.0306193818045847 -0.025589000229539 0.0960188709116146
0.0227510817364791 -0.00937402437325059 0.636816061902465 -0.302804702715316
0.00525363732905427 -0.0294089464836915 0.136318957551299 -0.888317034270177
0.00342823766324571 -0.0243147146007524 -0.699885965519432 -0.476261713143182
0.00901781910032689 -0.0184603447163079 -0.547645807980416 0.312196951290108
-0.0205893270526373 -0.0134116853661431 -0.00554556926849599 0.408892458320704
-0.00601410424810024 0.00122422692954859 0.173493211188303 0.0645456060495384
0.0166177804165269 0.0121293129333585 0.049555781434051 -0.219196646450999
0.00678395956318446 0.0135785683164296 -0.0245336680641353 0.202282050932902
0.0195690220552794 0.0110975983996517 -0.138863583951092 -0.0829749565109865
0.0210519719114654 0.0218360571790291 0.100944927206638 -0.39352201940005
0.00111343682940674 0.0344739881359346 0.544070197359869 -0.140905610986011
-0.0414791327880377 -0.00713943876543547 0.500075773777683 0.676122946299466
-0.0452975049732398 -0.0705794936807401 -0.370080967389171 0.881584317655057
0.0348136900352724 -0.043031611376008 -0.672346753707101 0.237320708106765
0.0419539957755681 -0.0246170379642076 0.00822335237779047 0.0936120671940353
0.015955805122919 -0.00276098922768481 0.640087634687247 -0.334420520012437
0.00938614997282256 -0.0259636170808195 0.0915649428370082 -0.898175522544327
0.00795424050039862 -0.0238827157111277 -0.717575258759125 -0.441485675361466
0.00991280119383063 -0.0125478727058549 -0.521405734158046 0.328726618160564
-0.0181900730968128 -0.00250376847598741 0.0193754093912509 0.397967300242138
-0.00296935289861154 0.00979893225131982 0.179992314726565 0.0509713035248374
0.0162005031633089 0.0181273346939748 0.0450246283441359 -0.220920456909323
0.00154842092509429 0.0188107564543167 -0.0296089549877867 0.200303363345464
0.019628061590766 0.0181785774552828 -0.136302182839399 -0.0922220935046888
0.0227206158306287 0.0301763838445649 0.116887111322183 -0.397331422354741
0.00541810364705 0.0412096457055334 0.557866954873758 -0.132318929894289
-0.0352901739340918 -7.52434632138935E-05 0.490291983478118 0.686874297609728
-0.0446824615737354 -0.0580028035465421 -0.38952510045844 0.868889950699894
0.0153391637247656 -0.0326600745792264 -0.661122276036672 0.22462449635844
0.0178934307582074 -0.0180514525269137 0.0344331125799405 0.0932849055744091
0.00248531308168446 0.0106518777963025 0.6459860996233 -0.35188049368114
0.0148103235135875 -0.0134226009372126 0.0732471174158015 -0.908037985031612
0.0167047365363169 -0.018687257452915 -0.721449175618261 -0.428913345716795
0.0147412980597696 -0.00652701873866884 -0.502185550308868 0.33426772142676
-0.0166922471142077 0.00525872993203734 0.033379116505937 0.388633018856414
-0.0028415130617123 0.017083487860078 0.181030157922634 0.0432018748663415
0.0115020009892751 0.0233964725093392 0.0395350310198438 -0.221011989971507
-0.00526524369480895 0.0243990767304566 -0.0350281451363765 0.19946046084693
0.0172100852831383 0.0219520598791999 -0.138438058020314 -0.0957657001158756
0.0242707499275071 0.0330716140985239 0.119120703934346 -0.402928445599081
0.0143639792784922 0.0466430500403819 0.564400647190605 -0.138836865501825
-0.0248447883426164 0.0138759364285656 0.500570810967757 0.679736523911124
-0.047885479737091 -0.0361895633280693 -0.380247905293142 0.860339227284298
-0.0123883503489794 -0.0197306046629741 -0.646935624057564 0.223986909042452
-0.0141688323104245 -0.0105825376299995 0.0483425735054262 0.095390487128805
-0.0155704100675359 0.029342675156944 0.658375319626756 -0.357026524723806
0.0212245084668776 0.00611574664092351 0.0834210802413333 -0.915672251743937
0.0294496364721086 -0.0110446455264672 -0.711135415163947 -0.436922360871411
0.0187490837032783 -0.00448508497398381 -0.494788517728989 0.32786018141974
-0.017757561922715 0.00958883193903933 0.0366578478006236 0.384585723541814
-0.00619569407127119 0.0227358556391551 0.179548069464052 0.0413943267689294
0.00252067126914369 0.0281330879751318 0.0329351721670986 -0.220452430683863
-0.0151992622407666 0.0274797947962775 -0.0413797508744039 0.198501518379068
0.0129770434417827 0.0239154257579098 -0.144095108574463 -0.0916284386651775
0.0255964334916558 0.0308036967249204 0.107802853583856 -0.406460937073954
0.0266200078726706 0.049905983151604 0.561755165354456 -0.160574137877036
-0.0121942003699868 0.0308697361263447 0.527674277725516 0.652278838143991
-0.0537015568936781 -0.00811846609201123 -0.339613773396922 0.859634723003711
-0.0427727537697562 -0.00618698550934169 -0.632583089153827 0.241766850269566
-0.0488076844309549 -0.00445335880606605 0.0462261453771372 0.100293012956464
-0.0390562420660526 0.04753535153119 0.677143950366533 -0.338890200646325
0.0242284546272545 0.0306289639493589 0.124151293520547 -0.920978486636826
0.0422415706004915 0.00164871430181288 -0.689469628799287 -0.469071032571469
0.0263260649662902 -0.00424748591051924 -0.503779916933422 0.31022096304027
-0.0184874940597946 0.010287493672474 0.0266888449993873 0.385187698896699
-0.0122123896027873 0.0245856467277188 0.174043462385821 0.0458190268878547
-0.00777134701547028 0.0320526228742469 0.0284897916662413 -0.218584433192796
-0.0272896003435414 0.0287571048911164 -0.044158660911666 0.200133881033148
0.00772535481794823 0.020529135134266 -0.154140199821638 -0.0807754647670621
0.0256471580402787 0.0236203954885552 0.0872559834102675 -0.406116043935413
0.0375616848791213 0.0470219097236099 0.549096003311752 -0.193733144924407
0.00244089216482825 0.0475199882859671 0.570116207598124 0.607524430651557
-0.0583135329029614 0.0222550471983889 -0.276179907072283 0.867957905015899
-0.0702576957259838 0.00957775062976488 -0.61909346191793 0.273099296818833
-0.0810478539347139 0.00065165106193754 0.0304047140974199 0.106316709075437
-0.0647431259965568 0.0649146507064296 0.68920622323753 -0.308788437265429
0.0221696540759228 0.0569322373875121 0.189289212214793 -0.91689749499932
0.0552769597713314 0.0154805220354316 -0.656269619114208 -0.519276072510628
0.0335570642293417 -0.00641647799022613 -0.521595577764122 0.280901151729146
-0.0212281511760909 0.00443623643358619 0.00598591483344408 0.389781127552507
-0.0197100113500688 0.022382636015158 0.165527488762284 0.0573977544144506
-0.0188002627686979 0.0328380582941783 0.0241076793574911 -0.216382242375909
-0.0384345576699148 0.0287073815496022 -0.0448974579097784 0.201898643858547
0.00179753951784066 0.0159654623557742 -0.166536011918707 -0.0662527148506324
0.0237097876283024 0.0118877682071546 0.0551485804637619 -0.401635399884086
0.0479194722715871 0.0426549337838758 0.52670612461967 -0.231436798923412
0.0156356041160353 0.0605390663747224 0.615636225427425 0.552443777985353
-0.0592900516157739 0.0488020439032583 -0.19718343283967 0.877594096677713
-0.0908158137847645 0.0249471543262241 -0.606986523193586 0.31115126155064
-0.105769094665413 0.0030333789987199 0.0019763002143455 0.111874590463585
-0.0883485559721368 0.0737180318584644 0.699061792486332 -0.26631578079188
0.0131211030690962 0.0784553212881517 0.266617672879998 -0.903973744781112
0.0649299371975488 0.0318275141815481 -0.614400270453377 -0.578342982981165
0.0431849743251559 -0.00865532301561542 -0.549014349664004 0.246414028968822
-0.0217053919099669 -0.00536844018676301 -0.0242098494287439 0.397699718153485
-0.0258073195497239 0.0164065083454681 0.153911500867408 0.0718880537925941
-0.0293811365624224 0.0311432315361496 0.021576783426078 -0.213723670287968
0.00385189157115367 0.00434374880098575 -0.0187193728362037 0.207183767156557
0.0145619031394494 -0.00626557389366936 -0.154868576573674 -0.0589195492916122
0.021248505684004 -0.00245579001699719 0.0468256954627701 -0.38210387540123
0.00670004318882632 0.0214896540698928 0.501912671235159 -0.196554549319949
-0.0403291749895608 -0.00016244400640418 0.570722441132372 0.578972698562136
-0.0584056426222655 -0.0613302948210189 -0.23997493127593 0.909924715884164
0.0356954918002575 -0.0524261182526897 -0.668711246410703 0.308625558564548
0.057195238909443 -0.0340139998395033 -0.0604645871484013 0.101482926066066
0.0224565021274356 -0.0103948552268431 0.630460127557073 -0.26417678545219
0.00163970650204622 -0.0246930326843325 0.193095962151886 -0.869309466982651
0.00389730980474316 -0.0194612643693962 -0.664671173303656 -0.51661402891219
0.011576335222644 -0.0242994439473932 -0.571125700239889 0.284882017160586
-0.0228676165099247 -0.0233453543760847 -0.0275658634055155 0.414172913860777
-0.0110405439609914 -0.00792446754906803 0.164579433872136 0.0784550076290495
0.0112798143825233 0.00704268950335181 0.0483215223185206 -0.213764791452034
0.00814304811539092 0.0077813553710944 -0.0177248751223423 0.202637908845828
0.0180505192750156 0.0013955224784492 -0.144193657630833 -0.070779305726925
0.0216637310277835 0.00999557031002989 0.0722518693850793 -0.384978033247322
0.00235790266496667 0.0273325447500162 0.519232141949008 -0.167654312945448
-0.043725814243344 -0.00630207076785227 0.532500365302685 0.636107685414043
-0.051150899717861 -0.0710962966895916 -0.31182212735174 0.89806814061066
0.041645785183058 -0.0494000902372824 -0.670475049102739 0.269306006186566
0.0552503176669409 -0.0312350046203626 -0.0238925312250363 0.0957626199505735
0.0229612697166822 -0.0099259400726999 0.627464637533553 -0.304038647284596
0.00450861998209291 -0.0295239201340734 0.127435693804052 -0.883675330347923
0.00346170851156119 -0.0242080796349094 -0.699034900970387 -0.467577092171876
0.00849720540421343 -0.0183171972642732 -0.540880299998566 0.314346486790427
-0.0201525240909173 -0.012127798708473 0.000615667679066803 0.406130531897113
-0.00675672104794211 0.00147122113256061 0.173568866739041 0.0628707222339033
0.015391626079761 0.0117476951409566 0.0469492767628095 -0.217260690064829
0.00682246953837931 0.012806752164733 -0.022727722837078 0.201173993143704
0.0199130532013477 0.0101221933990632 -0.138761013802144 -0.082905676880832
0.0223503681381312 0.0218562382755541 0.0974585152815695 -0.392491125872833
0.00228561102299312 0.0348156265835057 0.538968275657731 -0.146621356852366
-0.041962851586796 -0.00647690880060398 0.505175046365476 0.665357863747475
-0.0452994455165743 -0.0693740499046827 -0.358906650503243 0.878242768946211
0.0347633047791216 -0.0418986917607639 -0.66595658370029 0.241217170981488
0.0427066824556286 -0.0250270667652525 0.00926126732557001 0.0934925614687158
0.0155194992421383 -0.00289385965267098 0.632533626847003 -0.336960282127522
0.00919171212566627 -0.0250946060543447 0.0831522520858442 -0.893247707337695
0.00767650837824958 -0.0234259022887261 -0.714220635328862 -0.430836557725195
0.0109754439968556 -0.0126168877499557 -0.515221762758521 0.333000633369407
-0.0178870495335526 -0.00166662050791334 0.023895566648971 0.394895799288994
-0.00300963455607679 0.0097451169809439 0.179661952086153 0.0494744447320569
0.0144220662586774 0.0183447375861859 0.0447344059521698 -0.21815748187425
0.002802536326563 0.0189367671109945 -0.0278640470432315 0.198402292411021
0.0200086103531054 0.0167321539208977 -0.135661716378532 -0.0901484283506819
0.0230092995545686 0.0302624535784887 0.111713607958837 -0.397382748850996
0.00628274837378649 0.0412191451072583 0.551987314335485 -0.136894102802285
-0.0345608136130937 -0.000214986520363794 0.495789071563141 0.676856499512733
-0.0444286382687276 -0.0575038629241414 -0.380169534969648 0.865331959036302
0.0159677381544923 -0.0323788835947545 -0.653638360453633 0.22756290721649
0.0179266207592982 -0.0181454593444295 0.0352360906448402 0.0923107150893945
0.00291088405840207 0.0100782627922303 0.638261098268043 -0.356605790429596
0.015478108049474 -0.0140332372371643 0.0651961191262574 -0.901107806074632
0.0171855896040318 -0.0181451477268192 -0.717517898353682 -0.419588647599596
0.0142310461742818 -0.00675923142421574 -0.495918949800805 0.338397518732156
-0.016428435932881 0.00637400506495723 0.0361602132565303 0.384815414920479
-0.00217637180200522 0.016989173191468 0.181383993944153 0.0408226713189212
0.0108051945788029 0.0229041950893939 0.0379968705187341 -0.21942585516364
-0.00461547980854627 0.0243338209274491 -0.0339257239829156 0.197387790478842
0.0184772753917761 0.0212200402890072 -0.138563883032127 -0.0933259740981511
0.0247158579516704 0.0324382348253423 0.114061852243328 -0.401022543401268
0.0148505755053402 0.0462943303455219 0.560546688129043 -0.14209839913572
-0.025321203569806 0.013390467134013 0.501950238017742 0.669403716072523
-0.0478866801870197 -0.0352169585956948 -0.369897642124495 0.857573636621324
-0.0116220930819659 -0.0205494196938832 -0.641835834238462 0.228537008947596
-0.0143357216383571 -0.010563146373853 0.0493676707085942 0.0948062595300057
-0.0153905751768113 0.0284729206984603 0.650418374726147 -0.35853413365184
0.0213656792620877 0.0059549344927341 0.0753732784315519 -0.909838789374378
0.0288053712346365 -0.0104355759670894 -0.709738181282339 -0.427092163225794
0.0190188475727055 -0.00572471173339126 -0.488821917140406 0.33258756432712
-0.0169254743338936 0.0100881329145931 0.040240649448479 0.382404194799417
-0.00547818866765639 0.0225783334162302 0.179149059214417 0.0386473535548553
0.00231181545707439 0.0287454797930474 0.0328264694466034 -0.219568942278374
-0.0155571532539086 0.0272212864667897 -0.037282105445657 0.198197477506845
0.0126187737069682 0.0222118063386816 -0.14379941977856 -0.088266446066966
0.0261812331600392 0.0296886401586262 0.104459058683036 -0.40537689184366
0.0267397302908891 0.0475694380238633 0.556240789063673 -0.164090501710372
-0.0128843163172056 0.0312008980530694 0.531608438671293 0.642133727813304
-0.0538793035396895 -0.00854390884599594 -0.330544427317048 0.858910523731259
-0.0420576064328565 -0.00512114305806203 -0.62526002255926 0.244954215207573
-0.0485073724692873 -0.00362018406763755 0.0474917833601924 0.0995025422908621
-0.0385382400349685 0.0489041573090446 0.665679558666878 -0.342989090767808
0.0240872064661568 0.0307101233422353 0.117755595895252 -0.913852856043227
0.0424349008772829 0.00191513968251042 -0.68850359368243 -0.459402987068976
0.026846441705021 -0.00518089329596806 -0.496581631872541 0.314043837826942
-0.0187814758927467 0.0107462462339084 0.0297570684539797 0.382350547369427
-0.0119429270956499 0.0236695312651218 0.173378847162312 0.0452113724175296
-0.00682884265402419 0.0326190100854155 0.0269302299857926 -0.217528160798666
-0.0267763234169452 0.0294968343959822 -0.0415233170084666 0.198589600441242
0.0082318510591011 0.0197558030402049 -0.154539741166041 -0.0792872151048283
0.0263782824580658 0.0226896760233664 0.0804481099813697 -0.405915707380771
0.0389206409773866 0.0467479018109838 0.543781762793029 -0.198158502836704
0.00204292656348297 0.0478764164234199 0.573668594160269 0.599712966832573
-0.0579978350445887 0.0213005136628872 -0.265298337412197 0.86626122730339
-0.0695113776657979 0.0101265607550311 -0.613908548808294 0.275341344031984
-0.0802837905709837 0.000895004142940706 0.0309352635758273 0.105204182231492
-0.0630043251972111 0.064094824657995 0.67991307614926 -0.3135249183504
0.0217726320731014 0.0560497401642328 0.180583099010128 -0.910311909101438
0.0552319274863068 0.0156999300126172 -0.656643245963925 -0.510692797937512
0.0332704838261135 -0.00663487932633162 -0.514781337546858 0.286558746650657
-0.0208596558911998 0.00481951908637278 0.00937267103765201 0.387888611978315
-0.01968941341478 0.0224934499045844 0.165055019325511 0.0560466300974259
-0.0192664540513244 0.0328929539108927 0.022614491788682 -0.215179002016353
-0.0365915937305033 0.0288008928080962 -0.0426875588177566 0.200474268683987
0.00165628385351612 0.0157398096578894 -0.165352598770922 -0.0640470860430488
0.0236735433840063 0.0115366778052275 0.0491464975725233 -0.399222483968512
0.0482689240879873 0.0409554212930129 0.521194411196034 -0.235225596519901
0.0158479076622128 0.0601600623403379 0.617747013664382 0.543017657970934
-0.0584858099318185 0.0483000947182286 -0.189025659830228 0.873956504026054
-0.0882231357065769 0.024595622637116 -0.600894022235316 0.314060485477364
-0.103818871615126 0.00337189275766534 0.0035470734165815 0.111417534202442
-0.0872057988488157 0.0739146099136269 0.690920414325158 -0.271180698985006
0.0146585273239489 0.0788844358695723 0.256417825177871 -0.899571142488434
0.0637810661383377 0.0308588440728601 -0.615274656542941 -0.56708226881223
0.0423871818209274 -0.00994983187106628 -0.541595789182268 0.249216276087676
-0.0219046706456202 -0.00368578349093443 -0.0186788172857188 0.395778343473912
-0.0250771431982447 0.0163706160667074 0.154491986440758 0.0707537359943738
-0.0292767482312324 0.0313829152581659 0.02060340728706 -0.212302847601126
0.00424337197037177 0.00431644043290322 -0.0173015619245403 0.204494619255539
0.0150556231038608 -0.00670914386049686 -0.153585596104441 -0.0570876410355946
0.0207109268145293 -0.00284648356637025 0.0442522171200942 -0.380167574464671
0.00690229619220067 0.0206882778430917 0.497254751378532 -0.198460727799362
-0.0394541003630738 0.000149080672665565 0.572842711600778 0.568074870552404
-0.0590784533876659 -0.0614293155758285 -0.234938828581179 0.905467448772765
0.0358667699207699 -0.0520189088804235 -0.663261759275324 0.31149047787636
0.0574395190705139 -0.0340633617785508 -0.0598420345216401 0.101101540217459
0.0219807076092287 -0.0099088490859859 0.624131722325719 -0.266758611088161
0.00278189326809246 -0.0252070136337419 0.186502968587026 -0.864193472294171
0.00320103005408068 -0.0193037307951777 -0.663756869151994 -0.505721558760732
0.0113958033292946 -0.0243238204148279 -0.563312353834722 0.288658563841955
-0.0218922163281195 -0.0227269469880542 -0.0251381445021942 0.411598721368891
-0.0116881580797413 -0.00784237768138423 0.164182555970295 0.0774484220607712
0.011087086113735 0.00773739313717041 0.0475536397880279 -0.212148786620716
0.0072116887641769 0.00789536071437426 -0.0173829370601775 0.20129094601696
0.0185975405501112 0.000851371024784121 -0.144258591893271 -0.0685907309915795
0.0224943880371538 0.0104348371392203 0.0704701058301711 -0.384261067762615
0.00320664695585106 0.0282555898570627 0.515120954403953 -0.170675128447497
-0.0439721200990728 -0.00649923474711493 0.53439632970888 0.626626629352201
-0.0508422308658154 -0.0698374409630842 -0.304130235726388 0.89154840451199
0.0407387147031625 -0.0494932819195846 -0.664857239822239 0.271912049405767
0.0556188859744728 -0.0315111472131525 -0.0234251909050965 0.0953330378225468
0.0222525664948864 -0.0102021939285039 0.620550337886237 -0.30658335601091
0.00515049703756032 -0.0300503910243873 0.119438804335264 -0.878029040102312
0.00230182948250002 -0.0238948825352373 -0.697901163299716 -0.458892774065555
0.00947227312473403 -0.0179580806618121 -0.535861276624836 0.315711168407695
-0.019618343348206 -0.0122263238503439 0.00178656089566522 0.401168821706386
-0.00603278425943606 0.000439621050701331 0.173373171955857 0.0620223865750838
0.0144653283244021 0.012775248580121 0.046588881278765 -0.216443711211016
0.00683501921443668 0.0132491089515098 -0.0210427805296614 0.200260665643001
0.0199499036904493 0.00870575629084508 -0.138938243094294 -0.0806969206865607
0.0222558156502083 0.0220345093941431 0.0948908192605075 -0.39057930724729
0.00270650229937494 0.0341659750325858 0.533737834526374 -0.149411811106512
-0.0412356279503257 -0.00685135586943444 0.507155986724775 0.657573647128124
-0.0463083630722061 -0.0690056362293194 -0.350426937568493 0.874776494793964
0.0345070496253677 -0.0437211273382398 -0.660012657687762 0.243862638460609
0.0419299612372995 -0.0255305910943395 0.0103224608627394 0.0926048533694529
0.0161466677788202 -0.00328217921705953 0.624818208293504 -0.337703769073724
0.00955861829648235 -0.0256994594281201 0.0752235963651901 -0.887111628087565
0.00684363119962393 -0.0229682301837725 -0.712058909153754 -0.422874106858751
0.0106859071382822 -0.0122434993335592 -0.509223549146256 0.334211383684163
-0.0177826379442247 -0.00131726518946541 0.025809672345167 0.390825763943996
-0.00318397198008409 0.00981457788789556 0.179992017477588 0.0478975124483512
0.0146125749018473 0.0181452471762479 0.0423398829772133 -0.21785447319888
0.00227148597526078 0.0193787983530134 -0.0256072764562551 0.197396950307903
0.0201406915590789 0.0156702223800798 -0.134983403065464 -0.0879451231531038
0.0230599173721728 0.02961202781458 0.108991257482135 -0.394446824411875
0.00696882629431538 0.0407595491367672 0.546979726048288 -0.140481223015725
-0.0353120925242813 0.000825691982664467 0.496486800356993 0.668750972651151
-0.0449874050880454 -0.0562104888701556 -0.370418567825404 0.861568820203642
0.0165105460059255 -0.0321906480908236 -0.647008955674544 0.230315328376337
0.0177161987057236 -0.0183461221300947 0.0358852949449026 0.0915881303295965
0.00324385541299678 0.0104796096573474 0.631250337033001 -0.358712598695304
0.0147216916564554 -0.0132240397230233 0.0590504790217404 -0.896370983520837
0.0162201138788821 -0.0183153220066817 -0.717774973372728 -0.410087036993404
0.0139013052006804 -0.00768471212188028 -0.489452384933638 0.34079940196152
-0.016465663118845 0.00659703547378706 0.0392442022714579 0.382583016118925
-0.00251582996788383 0.0168432608903158 0.180962135420212 0.0390141841921183
0.00989221049421004 0.0239797415054811 0.0368661059549996 -0.217742887627381
-0.00426870966807471 0.0246906703593056 -0.0323852843412536 0.196644501344177
0.0180758931091376 0.0202277775632361 -0.137951299417565 -0.0915914912904488
0.0244666584016063 0.0321472661569292 0.110809776980831 -0.400033661076735
0.0168805761966331 0.0446558267984259 0.554366394245793 -0.147960046482451
-0.026142646413796 0.0143711822626911 0.504268069246898 0.66165712262883
-0.0485096550539307 -0.0347147603029637 -0.36099368956252 0.853992575849412
-0.0109608007919157 -0.0204174446326232 -0.632972652896372 0.2306859895154
-0.0131567969396247 -0.0104679125490459 0.0500339103458715 0.0936054481054793
-0.0139304130301875 0.0283603576080338 0.643474860571107 -0.362330785976133
0.0210410324772338 0.00584600955241048 0.068120001969826 -0.903497555142964
0.0281498934301374 -0.00992790217694539 -0.707899134534688 -0.418606387163088
0.0199185142203448 -0.00481316042227722 -0.484160370314787 0.333315645976622
-0.0170131377855363 0.0105867186020382 0.0429892037252911 0.379822433140298
-0.00610763097582125 0.0222614783747359 0.178671345667169 0.0379517290946909
0.00293409073977317 0.0288480009947745 0.031449539310338 -0.217491006866566
-0.014365337374744 0.0283119731712737 -0.0357869295458313 0.196390414102944
0.0142657813169146 0.0213705044532165 -0.143165212230212 -0.0867281794384886
0.0269123603120418 0.0301293154636902 0.100827245141608 -0.404182401462985
0.027568556256517 0.0479148230675696 0.551026173592852 -0.166650949423492
-0.0123111452718995 0.0309419947018396 0.531046384610631 0.633748316852656
-0.0537662822940987 -0.00716640051982815 -0.320493609015845 0.854224621531749
-0.0408039175851272 -0.00561561714521529 -0.620552576526339 0.24664374868504
-0.0473133252003042 -0.003587742695524 0.0491995747263642 0.0981053439727288
-0.0371512054006183 0.0473891006375535 0.659651173126369 -0.344532097538031
0.0242663459585612 0.0297701634281111 0.109919323716337 -0.907565405898999
0.0426573285740962 0.00170277577312432 -0.68682214955177 -0.450029326417538
0.0257741343010613 -0.0055741653572526 -0.491127026733829 0.317314135526168
-0.0187798987865996 0.00994781700146652 0.0327983046572015 0.380478713066054
-0.0120505396890695 0.0239286240337841 0.173265107762115 0.0435580909088386
-0.00785193645756425 0.0321631562441318 0.0263167741586101 -0.215394834810424
-0.0256053362942594 0.0297644986459928 -0.040300319661011 0.196925895710458
0.00906803318426285 0.0193632411537933 -0.153203243129927 -0.0773073846448606
0.0265186394908996 0.0219307240100056 0.0777101472532626 -0.40349757861003
0.0400304162995466 0.0458639149393399 0.538606984097451 -0.199435527717658
0.00187962201987501 0.0469120396842963 0.571750993131244 0.587992385914807
-0.0576229018869075 0.0223365499118866 -0.259114589903552 0.860895396001977
-0.067684862970273 0.00945388058988735 -0.607785719632292 0.278137400480189
-0.0797973705133353 0.00145021819811382 0.0334433004234756 0.104303932405238
-0.0622853486308742 0.0641578520087502 0.674017324940644 -0.315259668138768
0.0223648401446745 0.0557410291080618 0.173288241446653 -0.905163578748809
0.0552651183593538 0.015182880711508 -0.655345575006132 -0.501264252163245
0.0332772635595434 -0.00672496020858691 -0.507613494828819 0.288219479083715
-0.0200091977378525 0.00511004622378039 0.0120305993517954 0.385024578112753
-0.0189931712650991 0.0216907651172603 0.164552310925593 0.0551915039604412
-0.0195014582890644 0.0336391138182604 0.0206290798095053 -0.21265965872856
-0.0362820592022936 0.0288950697046606 -0.0409924492796393 0.198571475178301
0.00201866386366894 0.0141790613270591 -0.164668231221223 -0.0622662599327466
0.0238966115342812 0.010770858421961 0.0451102858787684 -0.398643875920914
0.0488243346813909 0.0404468401577184 0.515736454482436 -0.238609684830197
0.0159039551317192 0.0590449905220726 0.617103980328814 0.532891424282589
-0.0581127323063485 0.0477128287464218 -0.181018118546449 0.868531681776155
-0.0879597186950284 0.0243174190992659 -0.595566401963703 0.317228775554472
-0.103558743106089 0.00331839916943294 0.00456772057140977 0.110792713604311
-0.0850700446691907 0.0742216663961451 0.683380364349391 -0.273597438720697
0.0144928392142561 0.0778086422429586 0.24752774256143 -0.894076164092787
0.0632091024449815 0.0308522022185035 -0.614019984348245 -0.559133212775274
0.04276977495153 -0.0105043695868965 -0.537668071129453 0.251979979455547
-0.0215000825810264 -0.00387415215594363 -0.0158811734057682 0.392686056095662
-0.0259870494007399 0.0162481496168053 0.154539704550531 0.0681769215411815
-0.0292838185621922 0.0320054842166715 0.019514458276503 -0.210211236588724
0.00383778462518313 0.00500676766619077 -0.0159149077317241 0.203274102573657
0.0153069537616586 -0.00765252643498374 -0.153434332559948 -0.0544920723779451
0.0211600497292577 -0.00225727847861735 0.0415968120097609 -0.377688448340657
0.00759368230904584 0.0216425916244959 0.491375510967967 -0.198909902122611
-0.0409020714269855 4.64168468566062E-05 0.572131954582214 0.561909096893728
-0.0589740073766402 -0.0604583676106142 -0.227409294589774 0.899089648831428
0.0360086852721758 -0.0526511939124077 -0.655824238172719 0.311414366625022
0.0567141595483579 -0.03517526931873 -0.058439477239257 0.100318525164097
0.0226492497677502 -0.00910737148455921 0.616795939985136 -0.267965393207949
0.00161293422445625 -0.0246450219976796 0.180002420098387 -0.857511140486548
0.00342523236214274 -0.019781830099773 -0.66256942379482 -0.498254804851619
0.0115517225416372 -0.0246837468382476 -0.559697964550292 0.290912060272542
-0.0217744180732729 -0.0225191648372484 -0.0216272249867641 0.409405242957827
-0.0115375838545729 -0.00697831146605422 0.164326470345333 0.0751662135642164
0.0100046001651513 0.00790012624835954 0.045521900645132 -0.210178625725054
0.00744439441521322 0.00841645681418492 -0.0156423355208064 0.199769879808151
0.0187767307102014 0.000190993875173554 -0.143118615176054 -0.0667209268630736
0.0225913461578354 0.00991374517888321 0.0670955888782595 -0.382678300095694
0.0044014859845963 0.0274050606681422 0.509398384964537 -0.172819003525894
-0.0439805232331044 -0.00615799669262593 0.535097330944018 0.618923813955926
-0.0506356466769884 -0.0698246547020807 -0.296777472990546 0.888038868331558
0.0418729357400705 -0.0503268639759619 -0.658634781273296 0.274357643856351
0.0555683257874827 -0.0314400874303151 -0.0217715999138593 0.0951329338932804
0.0224754494655835 -0.00897905301347293 0.61400169225718 -0.307878096157979
0.00450794254647696 -0.0291793772921201 0.115744774317792 -0.870612153536057
0.0029719634932713 -0.0232794717301809 -0.694060935524841 -0.451266895095315
0.0090097421251529 -0.0182417835618457 -0.53011596349214 0.319285808748271
-0.0197302975739471 -0.0111580664010164 0.0054254160577259 0.400482556979196
-0.0059067345384346 0.0012988600332882 0.172593305404369 0.0599660132398114
0.0151481627719601 0.0125974880347006 0.044842670563719 -0.214144113547891
0.00741345696568861 0.0135887345338734 -0.01998064247399 0.198216422754896
0.0203099464402778 0.00794940175899384 -0.138052779290905 -0.0788463991515307
0.0230533214501535 0.021312137035921 0.0918748185470124 -0.388508541927271
0.00378094695712563 0.0339523966323872 0.52715208188164 -0.151141192783097
-0.0416589343410185 -0.00618273044720236 0.508299117566436 0.648418082944454
-0.0460070833247215 -0.068572661280505 -0.343738458097592 0.869493831698559
0.0346704391115024 -0.0423342105134909 -0.652718186319559 0.244999871689157
0.0415361794319736 -0.0257727931492032 0.0106451434611425 0.0915050124476701
0.0163114797440198 -0.00265500071440294 0.617964878964083 -0.339927701830666
0.00903716850281572 -0.0251586828522497 0.0710678565169391 -0.879053872787471
0.00763150583628305 -0.0223378135819722 -0.709651539872887 -0.416375590192711
0.0105343377206514 -0.0127587960423229 -0.501413143507967 0.335798693101779
-0.0167042304635294 -0.000994112005486734 0.0287650492005043 0.389031860919534
-0.0031079958031357 0.00979840485708281 0.17860429846436 0.0469578885743013
0.0143638713766037 0.0179051299563045 0.0408160412624265 -0.216623862533314
0.00412894617313527 0.0188057060959577 -0.0246112737469517 0.195367076563472
0.0198509964312868 0.0143642004924513 -0.135127557984624 -0.0868258285586717
0.0233711335457256 0.0292379151068938 0.1058391771971 -0.394334306284777
0.00782283572778262 0.0398324504589141 0.543814865697491 -0.142878864229174
-0.0354282034447223 -7.18353639051345E-05 0.498363105539114 0.659626454347199
-0.0453237295257729 -0.0564536914945198 -0.363202457396929 0.857974489735651
0.0164844362350948 -0.0333623304108052 -0.643133223539529 0.232949723064679
0.0179357875606085 -0.0187761644363313 0.0361000215171836 0.091112492021381
0.00350163091757317 0.0105184193241865 0.624902675795307 -0.357735518856599
0.0149776799892966 -0.0130757841170841 0.0535872250112371 -0.890187660272295
0.0163350284760443 -0.0183560258407505 -0.712685257766911 -0.403366807218596
0.0142870204218948 -0.00786461532324629 -0.482925301847712 0.341683099238612
-0.015583951559949 0.00678502959844628 0.0419403400284648 0.381264311804905
-0.00369681398191982 0.0168347292662722 0.179796727054475 0.0389612171683785
0.0101764444685755 0.0239844601049293 0.0354458342066484 -0.216805925775802
-0.00370546470908555 0.0246793991339101 -0.0301431117851779 0.195608084347557
0.0176866000529422 0.0188715566006167 -0.137167157724402 -0.0895914785042455
0.0251090832468591 0.031861487026872 0.108349307210649 -0.3980936737864
0.0168971724272627 0.0455632566717339 0.54960359914739 -0.148543425124747
-0.0259587196301537 0.013522580041733 0.506753072720161 0.653581764266837
-0.0485750773029755 -0.0351026422205634 -0.353495425200244 0.850917993733237
-0.0101024979326727 -0.0211566716547532 -0.628680259935595 0.232096385351248
-0.0132803645042926 -0.0106623957164353 0.0503989001079813 0.0930452008932958
-0.0144230839748058 0.0286476826168304 0.635748523055004 -0.361173548861991
0.021128185217241 0.00581592723047154 0.0638229542354336 -0.896865397319988
0.028075383080555 -0.0104471177651013 -0.706320006370704 -0.41209281493119
0.0199749631994805 -0.00622758870493882 -0.479163411263426 0.334134636908231
-0.0163157787687144 0.0118079343967536 0.0456929514248373 0.375742150029264
-0.00622261987289785 0.0220493293447951 0.178565863135966 0.0365400162626247
0.00204958465224477 0.028979482903912 0.0306818105575533 -0.21585887854226
-0.0135824977352077 0.0273601713577821 -0.0359417391052443 0.19487040604002
0.0143307159285645 0.0205749481939739 -0.143436101686281 -0.0855248977734058
0.0268226772964274 0.0289689186165669 0.096695026327018 -0.402044694738919
0.0280631499060123 0.0470768062916559 0.546615679424315 -0.168623853019906
-0.0132003195305925 0.0300802992845238 0.533134440826585 0.625154538613123
-0.0533816520244451 -0.00718913815404498 -0.313502493687329 0.849216977833346
-0.0391504060648156 -0.00646013334479935 -0.614996678227269 0.250485772687331
-0.0467305581936444 -0.00344694142858601 0.0497865622908773 0.0973245290168249
-0.0367086216493423 0.0479841950224546 0.651749517463379 -0.346449935373535
0.0238926597299038 0.0297958904064432 0.103491904788558 -0.900901109105245
0.0418722442755362 0.000296673527800361 -0.685540016006115 -0.443999146456061
0.0259233713581206 -0.00573034015462297 -0.48600499657458 0.316599320157114
-0.0182198303442714 0.010872746291454 0.0353589672021651 0.376679657552582
-0.0118839173431944 0.0241074978633286 0.172097436196311 0.0421338706665894
-0.00841333685830106 0.0322207616361183 0.0255470544111058 -0.21378157196017
-0.0248911796645806 0.0297766501735969 -0.0384050715667725 0.195527720649575
0.00881761704416595 0.0176282880941194 -0.152301226139978 -0.0754454589800423
0.027122121671866 0.0224500830880431 0.0737116560623945 -0.402419834876052
0.0403036092467617 0.0455759154363805 0.533386054787743 -0.202806871916846
0.00195918489831767 0.0472751130441143 0.57404179650338 0.581600735425545
-0.0574716661164148 0.0219642012226059 -0.251207240689881 0.857315516053131
-0.0668590391738921 0.00929901771577363 -0.600271715017855 0.27941863640008
-0.0793698458869789 0.00166521020603829 0.0345975581435131 0.104215664157467
-0.0612828275591891 0.0640023756607326 0.666875425163497 -0.316082895310054
0.0229542897811219 0.0558256152391015 0.165441662928235 -0.897838067808098
0.0550038131622222 0.0149841053051002 -0.652867850658968 -0.493726908159233
0.033906538580345 -0.00824692356861593 -0.505150054299638 0.288627198775253
-0.0201674938023402 0.00592234695541093 0.0141328512416394 0.382783324664708
-0.0186018197805121 0.0220541085662338 0.16420516008945 0.0532780420121088
-0.0186319084440549 0.0338811585044878 0.0211807259735223 -0.211316655418419
-0.0359866346239887 0.028889468640931 -0.0392994332091656 0.198224822142816
0.00238241308040699 0.0128276093887873 -0.163087142463263 -0.0608603434914304
0.0240704808673714 0.0105240036452009 0.0441480667943911 -0.396042814905744
0.0485803836287404 0.0382812117543296 0.510060209082659 -0.238661038208176
0.0156596470224165 0.0587619561034635 0.614845882805611 0.526353376043297
-0.0581710782289117 0.0485959264541215 -0.174901348672315 0.862888849920518
-0.0872812924236565 0.0241361888910031 -0.587854246404678 0.31811400791242
-0.102613256736525 0.00416965262146985 0.0061683436803794 0.110703329483191
-0.08435992440694 0.0732840205165056 0.675946224593711 -0.27372752174543
0.0151172280259796 0.0761872961578101 0.241429939677042 -0.887448594041976
0.0635329350260642 0.029988184248923 -0.611799168779812 -0.549606920907539
0.0433027893704639 -0.0107790459179072 -0.533225587921053 0.253116683327065
-0.0216552095629793 -0.00346839173712551 -0.0134633233961043 0.390912675447366
-0.0256949370496209 0.0168949124274427 0.154296053786534 0.068138797629126
-0.0287396589354676 0.0320280591861714 0.0183160494159021 -0.208082208315558
0.00465897813482348 0.00493572148346069 -0.0151794147598302 0.20251837687265
0.0158191534645577 -0.0085197969948151 -0.152582857000215 -0.0530300108234881
0.0219474590188517 -0.00175068473644368 0.0385841752759183 -0.376462686851544
0.00845114493721741 0.0204596435799476 0.486537912311084 -0.200215005685857
-0.0400139786978852 0.000326035365283854 0.570810072165834 0.554086566248643
-0.0584354739281965 -0.0592910856595985 -0.22165056986448 0.895144483145598
0.0369122215985785 -0.0519228444418209 -0.651022867911372 0.31184367460448
0.0566437282116762 -0.0344938816725896 -0.0568935853966736 0.0998741524563469
0.0229494376551808 -0.00934967230843314 0.611088055792818 -0.268916000660957
0.00182121858224261 -0.0238934623056483 0.174314872771517 -0.851610232863473
0.00246976165770767 -0.018882941894911 -0.6586291003943 -0.491933843808753
0.012066283138718 -0.0242241520960905 -0.553610321105884 0.291678325852569
-0.0214971398647623 -0.0213683251918324 -0.0194486457249776 0.408341170923583
-0.0120663500339512 -0.00712231057778135 0.163830153558485 0.0749317139770959
0.00985284407610927 0.00871516879002655 0.0461418671312072 -0.209703950326481
0.00751638743632706 0.00812901027940392 -0.0151423318780604 0.198171273822236
0.0193880028858508 -0.000488267779487468 -0.142444664441903 -0.0654554748289502
0.0232429523927512 0.0107128478084262 0.0648797830590179 -0.380103925592505
0.00480661859518355 0.0278807780426899 0.504583990342056 -0.173679348548396
-0.043572975509093 -0.00584600697003781 0.534426514820794 0.611740298109304
-0.051108053982107 -0.0697104171702424 -0.290730178865355 0.884445034467872
0.0419637365308039 -0.0499385190070288 -0.652397232824842 0.273884733207682
0.0551686705275009 -0.0322699945100509 -0.0208845129563582 0.0946567121456318
0.0230929158009336 -0.0101957627711974 0.606930678274664 -0.308030252332949
0.00444661281774268 -0.0286453264820473 0.110576389400459 -0.863337983844105
0.00225605257737922 -0.0232859133814984 -0.691945491300101 -0.44378875005931
0.00925557454027204 -0.0191460226101985 -0.525541333684127 0.318460034444361
-0.0193367741277892 -0.0106273475759282 0.008563771545831 0.397835631888395
-0.00696429943998327 0.00119172458931518 0.173571444429692 0.0593373883802971
0.0135870235614849 0.0133791316132477 0.0443621864847632 -0.213180171421151
0.00761139952724321 0.0138147974772265 -0.0200764627440997 0.196937381816574
0.0205448724863812 0.00715932872644468 -0.136574770623681 -0.0786655989219933
0.0230728113086177 0.0213080173490257 0.0888927392180857 -0.386631372569738
0.00479194646113598 0.0331657093378804 0.523517412508984 -0.15244982477833
-0.0414387032441257 -0.00657694438115129 0.507377032406302 0.641643817724162
-0.0457467596255628 -0.0684624497075593 -0.339492023197585 0.865105050509311
0.0352794007716547 -0.0438559998785548 -0.647272000022556 0.246355290585649
0.0406473680369307 -0.0258645706540815 0.0117106919346678 0.0913066360249712
0.0170959757841846 -0.00354299815940833 0.61079312239779 -0.340149585458853
0.00920659535376051 -0.0246509831539891 0.069253882519692 -0.871569876981758
0.00691339354235921 -0.0222961077321698 -0.706011943461394 -0.409380991413226
0.0109209148839296 -0.0132205510716768 -0.498159629491092 0.336536027983881
-0.0163858607724274 0.000333695490593474 0.0309143944341562 0.385749796643981
-0.00355305469127143 0.00999379549294762 0.178089053255507 0.0459001846753007
0.0138567216779267 0.0189067403209141 0.0407791928000954 -0.214845328230862
0.00368850234335469 0.0188854751100792 -0.0235337812663465 0.194559137410699
0.0200036871901154 0.0134068966534975 -0.13498059971864 -0.0851678278068255
0.0238840795580448 0.0285805405529689 0.10270901720619 -0.392380931703446
0.00846500201453767 0.0396167761579262 0.539173117245968 -0.143269039490767
-0.0363436499848396 0.000440006233293523 0.497618383155079 0.654090648922337
-0.0453407630786896 -0.0557262048241294 -0.355173073256406 0.853823588213001
0.016207629736503 -0.0331987485871446 -0.635580146581509 0.232821545441421
0.018410491065194 -0.0186428875344991 0.0361972475010144 0.0907736177502111
0.00426952775748981 0.0109540722625947 0.617425080648164 -0.357478834293811
0.0150009374713066 -0.0131387416641738 0.0499836140058964 -0.883011360376577
0.0156476110442745 -0.017892862858518 -0.70858002724166 -0.396105684033958
0.014644700643085 -0.0088048071557121 -0.479330424959237 0.342828211587502
-0.0157778135409891 0.00730146022147099 0.0450928125654742 0.377441039886045
-0.00357347877467427 0.0166907340735322 0.179227883436178 0.0372620090323012
0.0100426208657484 0.0239369122599574 0.0351441489494016 -0.214831381852155
-0.00346649263556749 0.0229691063296113 -0.0296365150052755 0.193622266673206
0.0177814079445092 0.0179414607723865 -0.1372148334468 -0.0879591110508653
0.025479921337336 0.0318312709885798 0.106014171149824 -0.395964728748993
0.0163882682672397 0.0437743548066297 0.545073527957047 -0.151321249356683
-0.0252895672326413 0.0131368067127588 0.506565299859264 0.645757486943286
-0.0487112119369999 -0.034591682981276 -0.348327923333088 0.845210157750412
-0.0101548931582676 -0.0202679360257936 -0.622363030551107 0.23382821912759
-0.0122524368136572 -0.0101108695745992 0.0501627125293505 0.0923011667152261
-0.013282660313048 0.0284280330406773 0.62897385347535 -0.361099581036359
0.0213621476297601 0.00596965560250226 0.059838636791481 -0.890856382037698
0.0283933459029807 -0.0103280655449011 -0.701124038494621 -0.403732152627469
0.019614463345663 -0.00670981553766271 -0.473015897743797 0.335233926374145
-0.0161969762193904 0.0114243838879059 0.0466747236979109 0.37274630571185
-0.00587179778533686 0.0216200580607581 0.176759009649732 0.0360143495418
0.00221881328735514 0.0289428135057459 0.0301291699904707 -0.214018312986941
-0.0133737634109048 0.0272364393119506 -0.03467865882952 0.193445255006437
0.013998612032137 0.0188336301590328 -0.14249761273583 -0.0843375492697548
0.0272039266533264 0.0290615351920239 0.0941087217268477 -0.401189594286707
0.0291745151203871 0.0461734199601159 0.541217256142417 -0.16943949477647
-0.0127998942474065 0.0303973686693335 0.532891087483117 0.618054681134677
-0.0537163342202595 -0.00674961572666862 -0.308200588533131 0.845536437244891
-0.0392945289507254 -0.00678381251125795 -0.609572762948369 0.251108685907468
-0.046165104775553 -0.00403605840675998 0.049906087997786 0.096716431525638
-0.0353632788815919 0.0471714805251979 0.645551621866399 -0.345899163740183
0.0247364020588409 0.0295237958582222 0.0982658203227285 -0.894431188379971
0.0408738799242129 0.00060291527288275 -0.680196491289919 -0.436497584885539
0.0258099620587336 -0.00676667723892294 -0.482288553240011 0.317376525533255
-0.017486785101272 0.0114350834739405 0.0368835979593483 0.373665748817043
-0.0115834727436406 0.0236926709199821 0.171117354142558 0.0409748990989636
-0.00780247425282767 0.0321770326802771 0.0243150003732222 -0.212552085083024
-0.0248594113943194 0.0291996840276096 -0.0375724202244508 0.193753216639707
0.00856382269907173 0.0162567133833464 -0.151783679093885 -0.074305333880027
0.0272316157977487 0.0214897858689834 0.0718228580695038 -0.399046589776793
0.0400232109928941 0.0434819490267676 0.528544816620769 -0.202546546320178
0.00118331215085202 0.0463885705446858 0.572233090895777 0.57262370156392
-0.0568578238808468 0.0222964184301831 -0.245921915145457 0.852392208575553
-0.0667707483616933 0.00957400879799724 -0.595762555982302 0.280940507698965
-0.077739985904277 0.0016782215312224 0.0342787713767334 0.103072876757188
-0.0610778891364172 0.0642241533157463 0.660334311659293 -0.315323320643003
0.0225489942862997 0.0539053732179062 0.161151767574859 -0.89241964392352
0.0545434202858169 0.0142632042103725 -0.651060253930591 -0.486022693150853
0.0323899085367874 -0.00815155510365316 -0.498959423293395 0.291382516455301
-0.0188255016890483 0.00654935871857762 0.0168667353331313 0.380833380257502
-0.0192874255372821 0.0223752218302169 0.163456340587821 0.0529003550236107
-0.0181408910385595 0.0342333020102921 0.020479543131049 -0.209976642254872
-0.0350733123428651 0.0287050909883769 -0.0390029345351606 0.195305940106522
0.00231202439339351 0.0121335646960914 -0.163421282313367 -0.0585572530478104
0.0246620655256421 0.010520585690355 0.0424771515676194 -0.394452046066747
0.0498698022296584 0.0379811719873106 0.504983493647374 -0.240114739645645
0.0151814545423887 0.057723566855012 0.614979251733377 0.519572395907992
-0.0581324537231561 0.0482340260513915 -0.170157450155204 0.858708170107019
-0.0856241435395265 0.0237769944194949 -0.583034751267749 0.317722751260755
-0.101500226638504 0.00455242974912728 0.00711607056319213 0.11008474323655
-0.0830449394574188 0.0730560609088441 0.67012278281166 -0.274434928263509
0.016628043201207 0.0766422946848764 0.237554603989707 -0.883157455959668
0.0635539439846113 0.0297188880483801 -0.610707784407275 -0.543659643187701
0.0424467065241858 -0.0114178798199186 -0.526608366253514 0.256332558245307
-0.0207357867649156 -0.00297988780965242 -0.0118655624524426 0.389522957795322
-0.0254761662069917 0.0160199073523904 0.153771286537677 0.0677538224138606
-0.0286795785793439 0.0323817997560556 0.0185235149866387 -0.207072114258345
0.00479304089668306 0.00571373985704286 -0.0146250589117475 0.200262938697912
0.0153306281404566 -0.00950713434992331 -0.15087887720322 -0.0515813910392421
0.0215850061449219 -0.00100760811092088 0.0374776228023896 -0.374893633487843
0.00909695015155057 0.0205691773724548 0.482029506309594 -0.199991347033139
-0.040010714572296 -2.51444677742962E-06 0.569430242290579 0.548901660492399
-0.0587188777177544 -0.0593083969708841 -0.219180249024542 0.888952874265208
0.0367427891363636 -0.0528097248968311 -0.645146463917068 0.312028592167819
0.0565475311687017 -0.0352649913886439 -0.0566513166160568 0.0991443011924886
0.0232954034022972 -0.0102932574230019 0.605893929310512 -0.268208700381227
0.00242094429258513 -0.0244191051268532 0.172888564867908 -0.84476503883024
0.00323342779975341 -0.0186873902683993 -0.65470232073216 -0.487269795639041
0.0112111817689587 -0.0250618143573694 -0.550384552836788 0.292851512759704
-0.021170051041108 -0.0209139753275493 -0.0170042566136578 0.405537970399454
-0.012231646033776 -0.00694862584078347 0.16314260637429 0.0740561991530766
0.00942612094432914 0.00952621799549517 0.0458393885259886 -0.208018885870075
0.00806492345866188 0.00941341570127787 -0.0140319083267436 0.196026596035322
0.0195874240482543 -0.00186465254047948 -0.142123699154243 -0.0650663695955906
0.0230743297058839 0.0108244822287816 0.0633287516385829 -0.378091714005505
0.00582737454870684 0.0260462959531592 0.500815103925417 -0.174021669978133
-0.044002383327128 -0.00596922160207104 0.532825362852318 0.605019171416856
-0.0516176292172559 -0.0688264545081205 -0.284891845722437 0.878941547777805
0.0422058371437486 -0.0505218650470837 -0.648312803353915 0.27300547394315
0.0558505622510078 -0.0314154442486253 -0.0213709858582523 0.0935580156984564
0.0233377219583499 -0.00970707599399036 0.603985646692086 -0.306852540877285
0.00434645443317773 -0.0286609004455254 0.108534092916613 -0.8571141704677
0.00248938194069545 -0.0229741806853676 -0.686659996587994 -0.440636344996752
0.0105292870183005 -0.0182563132907192 -0.52026105906628 0.319167632383745
-0.0185579125096133 -0.00982425992268233 0.00912668375818556 0.396474459565485
-0.00699123716633521 0.00214365128293292 0.172303162311551 0.0590983510593155
0.0138680828253927 0.0136987071383122 0.0446033537865192 -0.211450874416071
0.00795940379790787 0.0134509298562942 -0.0185517238522075 0.195627914768002
0.020616391011491 0.00561741404548297 -0.135770197404444 -0.0774840171692724
0.0232128474714086 0.0218293362426046 0.0876775591474141 -0.385201175626354
0.00526686982187931 0.0326030965735677 0.51992803967994 -0.153422651965779
-0.041739085850515 -0.00605373646504712 0.506595145103357 0.634960038844486
-0.046304902988526 -0.0675209893559494 -0.333609193605948 0.8608953145387
0.0354146830155614 -0.044114395604703 -0.642306410582763 0.246269163369153
0.0419359515528856 -0.0258250999560295 0.0113760649408644 0.0905985422474363
0.0175717284325604 -0.00315739054556267 0.604939234149062 -0.338465373363612
0.00992871010974345 -0.0250053311733617 0.0655645861883427 -0.86745427741238
0.00681515519451115 -0.0220133680059318 -0.701465262937705 -0.403760119299993
0.0113755070469185 -0.0128709776185849 -0.494668972869305 0.336817846150451
-0.0162215235204632 0.000335044105607848 0.0319918293930216 0.38423675557345
-0.00361942125651683 0.00983388983525408 0.178174869320442 0.0448947015987758
0.0139768797323188 0.0188000101651294 0.0401022963656375 -0.213500722002522
0.00402768275317299 0.0187435828911653 -0.0239328905812518 0.192538221013875
0.0200739822967862 0.0124369507591345 -0.134323559944483 -0.0844418411155136
0.0242806633686404 0.0283235438930216 0.100776780689847 -0.390851773808617
0.00922823392688577 0.0381056776548635 0.533631857937546 -0.14345542788762
-0.0361657592456851 0.000566624461847284 0.498001667768243 0.647088167246744
-0.0454569499442431 -0.0548522711896123 -0.351864047219543 0.848770885803032
0.0174277055235499 -0.0331516723400343 -0.630786158934508 0.233397266147092
0.018362968564448 -0.0189718330934204 0.0369092238821996 0.0895751031339205
0.00509994322025961 0.00986790541802877 0.612212081533732 -0.357504736349915
0.0156899391685454 -0.0130091286002739 0.0470789957542008 -0.876719165236118
0.0157578784139677 -0.0177219390379747 -0.704860272096766 -0.393066453072372
0.0144959815581465 -0.00935437777377117 -0.474518903354346 0.341221583446871
-0.0148364701731103 0.00784683947654308 0.0459104047152377 0.376319716956765
-0.00379588439042219 0.0170609599681273 0.178349723895203 0.0361712162487435
0.00972317304251567 0.0245793537630374 0.0348472851541747 -0.212384126141306
-0.00272045513203435 0.0230770744621711 -0.0295859404665163 0.192203086739998
0.0175775495919586 0.0164868330629768 -0.136044552365012 -0.0864057066294463
0.026167905904104 0.0314547442478281 0.102250202689599 -0.394521203051851
0.0181914027035808 0.043774388546191 0.540913158771118 -0.150104877419483
-0.0263619410054402 0.0134597768878863 0.50444734702656 0.639185207899008
-0.0486294189394758 -0.0335379195994112 -0.343568192960144 0.841417610295621
-0.00901617174226322 -0.0202942103033788 -0.617164548003199 0.233882877604326
-0.0118530403274709 -0.0108561821625825 0.050514147567379 0.0918023660748903
-0.012445033883705 0.027860055525378 0.623668036355723 -0.359892181473308
0.0216715990028812 0.00557879549704123 0.0564169396298058 -0.883268284825715
0.0280862744285697 -0.0101739505196578 -0.696442224635888 -0.399456396054302
0.019737249669003 -0.00633268048560342 -0.469467615276624 0.335387927628394
-0.0159945394767203 0.0111897430384012 0.0477347087106918 0.371266970053118
-0.00601864627506196 0.0213945393888376 0.176564838506203 0.0350094226936007
0.00191306437326381 0.0292181087713032 0.0299198272716225 -0.213113972611913
-0.011840072786539 0.0269458119068098 -0.0342149729168552 0.192493768343905
0.014613400110437 0.0179970644227069 -0.14209612869901 -0.0832963416285441
0.0272955179564847 0.0284250259048054 0.0919490752947835 -0.398502119321725
0.029164728047405 0.0456848022824902 0.537675808713909 -0.170630773401737
-0.0131640716452534 0.0300118391884903 0.532732246492461 0.613069512227726
-0.0538388666227545 -0.00744384375386019 -0.304452439430882 0.839579376754648
-0.0389463334562973 -0.00714813363140826 -0.606317912337895 0.249087135596383
-0.04603616767305 -0.00388589510027192 0.0500533062161647 0.0960686489477624
-0.035451210256396 0.0469107426604896 0.640612573046535 -0.345509755794052
0.0243955902492785 0.0289493084722235 0.0977703111942667 -0.888136606424893
0.0411777798161764 0.00115958452094623 -0.676235975517662 -0.430727421048899
0.0264607996539085 -0.00669388408059936 -0.47686041121205 0.317264015972738
-0.0174266940333286 0.0114729197145906 0.0379766718149365 0.372611023326975
-0.0120952250606424 0.0237326543142273 0.171063823932089 0.0396087138921265
-0.00770289190639675 0.0332865634470617 0.0248253387446916 -0.211238708411933
-0.0234060831450232 0.0290639881465313 -0.0372146655504468 0.192922130264035
0.00845853854444642 0.0155268957695402 -0.151405147243998 -0.0728185787488393
0.0275671198257115 0.0217048293243726 0.0698519756040316 -0.398222902665409
0.0411111957973555 0.0433745208872175 0.523150785462706 -0.203398184355024
0.000329432381342865 0.0455264179085084 0.570495525894489 0.568441601419118
-0.0573616863291886 0.0223985782458763 -0.243216014679886 0.846067484809053
-0.0648299872535033 0.00862835494787267 -0.590450252040771 0.280412665393748
-0.0776599497622486 0.00199005876581959 0.0353650871745247 0.102185557021401
-0.0585839718885335 0.0634354909571109 0.653725233565585 -0.315278580442944
0.0228818797045434 0.05401807579028 0.158613584520372 -0.886308758272257
0.0535627174831381 0.0146099846584187 -0.64633145626568 -0.480917947794142
0.0333571936844474 -0.00830206071523661 -0.495451175081788 0.289949586102299
-0.0181984242349794 0.00592566977821644 0.0177509045978498 0.377893286105955
-0.0196009036091178 0.0220767769385863 0.162686292324915 0.0525307816147942
-0.0183950574371222 0.0340689067588965 0.0202893558610888 -0.208190529613939
-0.0338187550004594 0.0295461095392008 -0.0372640234661435 0.194605875895879
0.00230290279413583 0.0123225219695726 -0.161856786220051 -0.0577223305209794
0.0241211157514238 0.00991427381848729 0.0398939957217758 -0.39097245117029
0.0497891731534024 0.0377140487720017 0.501096942614972 -0.239173711654355
0.0144757057079216 0.0580892461994699 0.612820681041356 0.512651081068201
-0.0581333849672058 0.0486192275586416 -0.168172418947737 0.852728713337367
-0.0846990473035485 0.0237369142068379 -0.579928990032094 0.317036387732945
-0.101599022946109 0.00392566613730548 0.00787521809645745 0.109832335828774
-0.0823769349544779 0.0724966866398935 0.663746891853958 -0.27335274553504
0.0164065363306648 0.0755044302896656 0.234122905060762 -0.876265166997958
0.0634610289517175 0.0287339366825196 -0.607709005203593 -0.53990173330212
0.0414642090646619 -0.0113357525720352 -0.523568386561677 0.255440507638502
-0.0204572076994647 -0.00242171013429737 -0.00993017583060993 0.386634866640967
-0.0259337625276951 0.0160810246619686 0.153274590742268 0.0673438494523924
-0.0281219613701139 0.0334328438600644 0.0179724678422024 -0.205292619867749
0.00480884054049366 0.0051118507331476 -0.0147232838966799 0.199653870596643
0.0158709490994773 -0.0103008266000307 -0.150150317411413 -0.0508378083265283
0.0225167520246106 -0.00188161999167456 0.0370142624763965 -0.372850269273726
0.00935056786117334 0.0200252092828651 0.479834708864609 -0.198847078668933
-0.0407835567876764 0.000818872299232741 0.568587735389827 0.54545401678154
-0.0584150392818078 -0.0591742656171944 -0.21741146568952 0.884494211049816
0.0369171281938896 -0.0533067535629741 -0.642386414621049 0.310495507373676
0.0568559361457263 -0.034884657542048 -0.0556666941442042 0.0984243628103202
0.0234024774117033 -0.00917511490492117 0.60113121705594 -0.268089845129133
0.00210676772414714 -0.0237875934421416 0.170497976298656 -0.841564937018158
0.00242468403255988 -0.0186375257141995 -0.650807376814923 -0.482882243304563
0.0116798085724681 -0.0250355691985791 -0.547542319671026 0.29167469863411
-0.0209121885210442 -0.0201000554764198 -0.01752124945321 0.40414306429091
-0.012253348252469 -0.00687246515730478 0.163684686831918 0.0737418049440357
0.00878645002814829 0.00981744433846587 0.0461230125020241 -0.207362172542974
0.00839615509432531 0.0085486432152219 -0.014597034327306 0.194706343418622
0.0189080725189776 -0.00272703829638788 -0.141716585715729 -0.0638186695106736
0.0239396437738613 0.010260842131427 0.0619088533659473 -0.376586099245524
0.00593934598781281 0.0270705731943949 0.498574459811926 -0.17318716088518
-0.0440310571589151 -0.00587171945646628 0.531448990210804 0.601399557802884
-0.0516542302648755 -0.0691987544637069 -0.283440007750315 0.874208498823876
0.042799854684796 -0.0502658741211658 -0.643666173120032 0.271076296031433
0.0547285286389851 -0.0325682301615477 -0.0202380654653491 0.0935481712515174
0.0235621678089839 -0.0102777614542324 0.597888807349738 -0.30658486394525
0.00457726350859708 -0.0282331238619738 0.108065772792271 -0.850384368214393
0.00189303797701873 -0.0223233361804404 -0.682239036867756 -0.435219895910359
0.0105191810300165 -0.0191373565856228 -0.517100742289443 0.318931743956963
-0.0186505262008163 -0.00970035461574878 0.00938861413765304 0.394378897487756
-0.00737484480395652 0.0021803177891174 0.172054800513765 0.058197067424547
0.0135866409805647 0.0142888933696258 0.0442612656398618 -0.210111276750357
0.0088231240382492 0.0141585452608521 -0.0179727184803752 0.193043289578154
0.0195864492127218 0.00498696263627637 -0.135270300234246 -0.075814448958464
0.0240104562834674 0.0207692081937182 0.0857189416863233 -0.384573086307923
0.00599549079756153 0.0322039561777139 0.517194591125293 -0.152814184407714
-0.0429103546163928 -0.00612265841306912 0.505092964043991 0.630072349083188
-0.0461694915578542 -0.0679155159057312 -0.330307525315197 0.858051034059284
0.0362695627774755 -0.0431671388782517 -0.638903029049153 0.244141100806921
0.0418652290464954 -0.0262069070657022 0.0120107158667472 0.0894712341348678
0.0173574798737379 -0.00350723879734258 0.601908703924024 -0.335927962177601
0.00982584085855995 -0.0251639676809782 0.0633279035381366 -0.86137984349489
0.00670497317099134 -0.0219196064729225 -0.698101940063792 -0.401508891026586
0.010769980582533 -0.0130035070694141 -0.491973942373969 0.334810108743929
-0.0159864685739784 -3.07372225853766E-05 0.0329609312807406 0.382503599610459
-0.0035686568792743 0.00989422491642178 0.177075477481361 0.0453061186155797
0.0131476023295924 0.0202931212179774 0.0399160035037986 -0.211674516036347
0.00444093406711876 0.0185848387898077 -0.0234841158124064 0.191451708051212
0.020394845641768 0.0115664266146265 -0.133081641317568 -0.0829262787497415
0.0252135507026186 0.0289962205363589 0.100371952831928 -0.389326587002037
0.00955204588943956 0.038481793950777 0.530791578135657 -0.14328618489706
-0.0357773429687026 0.000694790419642301 0.495881185335899 0.642007122130966
-0.0452121841866548 -0.0551363904418274 -0.349110895612853 0.843047788042221
0.0167972743602668 -0.0326896731004553 -0.62732925735791 0.230635219821392
0.0181225873120673 -0.0191839280342202 0.0364191797720008 0.0893990731855984
0.00523637442489832 0.0100917854090617 0.608147438490383 -0.354641854017404
0.0157073130140335 -0.0133653955008908 0.047383293739771 -0.869247376631206
0.0155756870931625 -0.0173828186532436 -0.701623417406939 -0.38736323977129
0.0150884888339019 -0.00892721840357499 -0.472189915982576 0.340582285007267
-0.0153883140908555 0.00832890605817459 0.0453502579488373 0.374177290830851
-0.00413759485519492 0.0168220354714838 0.178374338064792 0.0368351165389469
0.00897122105425815 0.0250828356493523 0.0349767034810476 -0.211583670118271
-0.00248788747953617 0.0235121704137271 -0.0287652043171988 0.189881747819984
0.0171758873343388 0.0158441181137383 -0.134410809566327 -0.0865350516110141
0.0263230655160895 0.0318047264753738 0.10186995652345 -0.393355102608985
0.0188082146881516 0.0425875123903547 0.536888463544227 -0.150129899986551
-0.0268940100914325 0.0130877868895593 0.504345937012905 0.634479848024404
-0.0481399741802691 -0.0340219044707379 -0.340657109893733 0.836983620121703
-0.00849761656213438 -0.0219584950578729 -0.613805282128034 0.233634811177726
-0.0125326828019881 -0.0110938838397017 0.0514651827927669 0.0915713381214514
-0.0118344660519396 0.0275554324997294 0.618033595920803 -0.357294919386855
0.0219405806923757 0.00573184569880406 0.056357371463565 -0.879251685392495
0.0279668667510557 -0.0103107471110773 -0.693043934049161 -0.396051474457598
0.0193278237985084 -0.00631803791456707 -0.465918209847696 0.335333671244894
-0.015591125330377 0.0123093963063561 0.0477027878509624 0.369726963809617
-0.00671681698916315 0.0223262413853257 0.175241277496514 0.0352007289885633
0.00231414194079896 0.0298975362570727 0.0292243257431935 -0.211586059254044
-0.0112261244816153 0.0263766646657038 -0.0342413205193313 0.190551295357853
0.0133315934237824 0.0163318588669675 -0.140909934909689 -0.0815601816311609
0.028269607760607 0.0276730642018243 0.090673469511422 -0.396698856990596
0.0291769763859752 0.0444325390673411 0.534545640871513 -0.171851298122795
-0.0144037550159448 0.0299678735650525 0.531570993114071 0.608601608165701
-0.05314003709528 -0.00682743944758876 -0.302384511984452 0.836650405459245
-0.0376899351511299 -0.00714498530671047 -0.600157073314546 0.247491428562397
-0.044982500616239 -0.00382900808594268 0.0498489766931263 0.0959050607888245
-0.0340917708216387 0.046917045605338 0.635050533596403 -0.344587848201886
0.0244027242589101 0.0289586057772337 0.0968303599327062 -0.883445852115521
0.0409684042626727 0.000562681944373668 -0.673878328243413 -0.428342618903601
0.0257845106685046 -0.00694614649527087 -0.474182502820308 0.317635107606483
-0.0164815180357272 0.0117514997008766 0.037729158690339 0.371449743033969
-0.0133319686168947 0.0234780676196467 0.169604332211787 0.0402739730713133
-0.00730512478473439 0.0334685911019767 0.0251285251702719 -0.209906836665651
-0.0226140336013328 0.0288312816762729 -0.0373778506350603 0.191395123793773
0.00821404734787257 0.0148523518773259 -0.150531506939721 -0.0715780959035699
0.027608870642979 0.0210404599252195 0.06916802086661 -0.396313274102251
0.0413871595531898 0.0421475746142411 0.521668228381032 -0.202017394178476
-5.29811758636575E-05 0.0457954012793296 0.570357878532046 0.563605317554714
-0.0563271914531093 0.0212610780071516 -0.240614840647689 0.842595658924393
-0.0643454445860338 0.0081471864614623 -0.586173380053067 0.277825457720996
-0.0763032866393172 0.0014299179690326 0.0355175641794764 0.101770367850669
-0.0584286975600104 0.0622565892637528 0.651001383196808 -0.313655784417745
0.0235101249720329 0.0531413358940846 0.158609802214072 -0.879095397067193
0.0531759502128335 0.0138309278554005 -0.6428387550421 -0.477641336070729
0.0337033055519183 -0.00864156267643005 -0.493153539340854 0.290555074076234
-0.0187131899769064 0.00643156678166881 0.0185520727748526 0.37559369189212
-0.0194380761240525 0.0212666578686311 0.161366857842664 0.0519842041039402
-0.0187863730411942 0.0340991619747976 0.0205226087343773 -0.205770633640013
-0.0336939874117776 0.0294089138908042 -0.0373068073677214 0.193449590465379
0.00256786719405333 0.0105338834015349 -0.160801079551156 -0.0574917443159562
0.0252777532630584 0.00943938225834908 0.0380943853367207 -0.389257369269146
0.0499211571217024 0.036377770815226 0.497880795325446 -0.238357060722924
0.0140267555502634 0.0575144148923827 0.611723694202974 0.509015659133327
-0.0578437345406058 0.0479026749474525 -0.165974552838039 0.848965346278573
-0.0830550984754422 0.0228193434272512 -0.575093572271171 0.315372506878797
-0.0998518084413719 0.00350192025645142 0.00835818892336235 0.108804921196448
-0.081127011702889 0.0722899522856153 0.659816621171863 -0.273515419709883
0.016448571080192 0.0749187793064209 0.231182885691237 -0.870528015012126
0.0624987375743926 0.0288485283445459 -0.605511130811275 -0.534518678371315
0.0411504682130382 -0.0128540770934171 -0.520022186042314 0.255418333906422
-0.019790218341219 -0.00209595338137684 -0.00959911421029305 0.384483181634199
-0.0263821237717616 0.016185757413895 0.15210797857553 0.0674243966778812
-0.0285696916470324 0.0331012119586998 0.0182538339270098 -0.203781983244844
0.00474267564771261 0.00556425395142199 -0.0137472870544337 0.197478888355253
0.0148543379753919 -0.0112361222807234 -0.150062573532558 -0.0503505249733165
0.0226210698279756 -0.00141199582647256 0.0364292575351194 -0.371265401149363
0.0108635385098605 0.0196428971677734 0.476796302242748 -0.199266052392872
-0.0404765283745998 0.000495678965543832 0.56640672283174 0.541873213737864
-0.0587491045132807 -0.0588491825157224 -0.214711421421058 0.880183325703978
0.0379698681423357 -0.0531676715401506 -0.638009932025934 0.308456017706497
0.0564908009004761 -0.0350796885955901 -0.0549435197702755 0.0990648036793781
0.0237788576711586 -0.00991924499841205 0.597657026129205 -0.2654754957453
0.00247164403054203 -0.0241417086970075 0.16971542187947 -0.83609754723691
0.00286941931091322 -0.0186667421967847 -0.648169328508484 -0.480393640278962
0.0122431226613438 -0.0247577205878778 -0.544070932811206 0.290928204818447
-0.0196552335682838 -0.0193716731092704 -0.015627508333341 0.402165748261054
-0.0127074312516883 -0.00606174192348118 0.162592644495957 0.0734878401000506
0.0081884702626507 0.0105504613336097 0.0462222339899622 -0.205053046052423
0.00853413646602564 0.00882512436106106 -0.014173523225214 0.193785116688837
0.0186996031599152 -0.00347356094369119 -0.140958156711043 -0.0624449070951893
0.0239507199862207 0.0102563265902849 0.0624502030046065 -0.375730040478252
0.00663050064215862 0.0265224378654276 0.49549365670031 -0.172100429094078
-0.0440624657000089 -0.00627955116330745 0.530879476126324 0.599308754664749
-0.0513677302337789 -0.0680707367519718 -0.282664573622326 0.870582871240416
0.0433003337202046 -0.0515366378596538 -0.640070206071673 0.271703261404392
0.0548975743096125 -0.0319728994667223 -0.0200248697718956 0.0938060846211285
0.0240877166973376 -0.0100005305595633 0.596149242495517 -0.30407939814075
0.00449295247409145 -0.0283942044914724 0.10697255672083 -0.847114957323106
0.00327573750824819 -0.0217851430161772 -0.680074409140231 -0.433328241063151
0.00986975897189041 -0.0191309610219022 -0.516168715271463 0.319344845083797
-0.0183891264517464 -0.00901085746632085 0.0101948883777615 0.392712485376957
-0.00731799813961995 0.00207913440550599 0.172109365684724 0.0588000200325959
0.0131814540480437 0.0149340535890514 0.0453004330310012 -0.20939060818413
0.00767450887935216 0.0138030021777537 -0.0188746629097579 0.193298677283099
0.0200108802131892 0.00403129201853454 -0.135064435935363 -0.0745551921498748
0.0241907717477254 0.0212209121858562 0.0860218279500353 -0.382631060743769
0.0062895232388456 0.0317281488952772 0.51560673367371 -0.152028393897029
-0.0431650890188817 -0.00551879248526639 0.503754301570369 0.627694240287366
-0.0464913108694246 -0.0672292048107771 -0.328444023957663 0.85253510518466
0.036075179951257 -0.0434642764876319 -0.635410499191039 0.243016656380066
0.0417466832104064 -0.0257317273242832 0.0123621160331486 0.0900135172366391
0.0182456206157353 -0.00366482647789503 0.597456956339493 -0.334425371625744
0.00993429087793788 -0.0245963303278617 0.0646575384816497 -0.857274143171215
0.00719396110012379 -0.0217088379827564 -0.697141043797821 -0.397968337440944
0.0111754561490181 -0.0136345857843049 -0.488537726780814 0.335323021333394
-0.0156928780522677 0.000941140993218834 0.0324461348450959 0.38152622260382
-0.00403361149563334 0.010467891374686 0.176510252957603 0.0448979754667875
0.0124247019036394 0.0201757661065567 0.040888279341476 -0.21014868711692
0.00515328073517447 0.0189307885043527 -0.0236326928360426 0.190090146077295
0.0202442487195379 0.0108937981365161 -0.132721632463007 -0.082949665030499
0.0249386961522068 0.0278105261766906 0.0994633521741122 -0.387829934359903
0.010775692919551 0.0382863559765407 0.528831605864894 -0.14330380212671
-0.0363586217987832 0.000479285607129017 0.494829808363064 0.639485182351008
-0.0459402273633574 -0.0545539993563864 -0.34618878319229 0.842122902101722
0.017893851671868 -0.0335319183878958 -0.62424115247815 0.229227830028691
0.0182653771577333 -0.0187384796417576 0.0375126672056935 0.0888554506098349
0.004890245505889 0.00958898522231664 0.604200219535015 -0.352054807897328
0.0157937727579724 -0.0131179889296519 0.046763567242124 -0.868439432349301
0.0159262881402785 -0.0176091884165721 -0.697914765528261 -0.386637905283132
0.0147521691219044 -0.00903932389553507 -0.469339316506736 0.33927415890709
-0.014501448498268 0.00839372708490197 0.0458424953694858 0.371953068597292
-0.0033500376319433 0.0171976406496454 0.177697156981829 0.0367865711305901
0.00903035322463457 0.0255181468772438 0.035972881553114 -0.210584560756996
-0.00180073118862503 0.0231803109531955 -0.0296948770954441 0.189019950624208
0.0181688186594983 0.0154202293646716 -0.135054571663003 -0.0862902061217938
0.0267102612513032 0.0303871740197383 0.101903692925673 -0.393038930627348
0.0183704193622461 0.0419934607506039 0.534260788074209 -0.149323622587886
-0.0271776288658473 0.0136096901081302 0.503097471140407 0.632102309173619
-0.0487525564955235 -0.0335936365281331 -0.338462600150985 0.833385784361795
-0.00862685517296534 -0.0215983118432377 -0.610775332033375 0.231390844416182
-0.0126062927620896 -0.0116496790731232 0.0516011995730349 0.0897132368456129
-0.0120799674465183 0.0274277557383764 0.615868701004246 -0.356861545453361
0.0217623614344759 0.00545437466086049 0.0556897666647087 -0.87363671752916
0.0273724125014057 -0.00941413137547889 -0.688130909054443 -0.394245344333322
0.0188484507800689 -0.00667379348542175 -0.464934824087929 0.334917227833261
-0.0142844087012337 0.0116137851798091 0.0478477360242886 0.368982027036696
-0.00715464423080489 0.022005076165029 0.175203680150378 0.0350061816122845
0.00210792337582444 0.0299669215946052 0.0293250541648705 -0.210311228629344
-0.0116329590608247 0.0266078738273069 -0.0341661999127393 0.189212273134988
0.0138097095098957 0.0164870441070055 -0.140277725919707 -0.0821085591933479
0.028177554393114 0.0274751027558035 0.0904258359189563 -0.395645830452156
0.0297831470947294 0.0437910166758106 0.530964652987371 -0.170229191712132
-0.0144186009037436 0.0297313871298773 0.52968135026657 0.603333410078203
-0.0529494349025234 -0.00649348388019504 -0.299064902746916 0.830999996152834
-0.037272538359935 -0.0078495753432968 -0.596819435225206 0.24725202660728
-0.0452889956457638 -0.00455895231331643 0.0497741968331906 0.0958093377677116
-0.0339418872269731 0.0465220587918271 0.632332564997964 -0.340530402298781
0.0241882835146079 0.0285278925532105 0.0970968274868149 -0.877137714456095
0.040431377887403 0.000852531128688315 -0.669978607913519 -0.427440398623738
0.0265672804753321 -0.0075948176959106 -0.47212042625716 0.317489873329502
-0.0158876238226808 0.0113412977688125 0.0380136725833179 0.369371544575383
-0.012264359766308 0.0238287837960284 0.170231237955894 0.0405798808517825
-0.00711040789928168 0.0334949131127163 0.0251752523650593 -0.208802865766395
-0.0220822166745357 0.0294226071426316 -0.0368149695020184 0.189732228124218
0.00879448465204466 0.0142608585401821 -0.149447736458793 -0.0716678424374695
0.028187498325008 0.0201559527057028 0.0674821316433294 -0.394524714694767
0.0417369312910111 0.0415603718318618 0.519057074972858 -0.199683693797538
-0.00111354813313709 0.0453420531013647 0.56984073086039 0.559877588129525
-0.0570126336908481 0.0218329604451817 -0.239269745446783 0.838452464281776
-0.0637629785345053 0.00764078867134903 -0.583480984116439 0.275930751046631
-0.0764974040642909 0.000937604359035987 0.0354627824829526 0.101159829122815
-0.0578246028278042 0.0626185634715228 0.647475871872549 -0.31264585776093
0.0225736472446552 0.0533789842978111 0.155824895228293 -0.874328926151678
0.0534969422789013 0.0144841226549476 -0.640380629163341 -0.474484820033184
0.0335098126632712 -0.00991006578559191 -0.49007645198901 0.289663350901663
-0.0176207904719436 0.00715426434637273 0.0192278352752946 0.374917628452901
-0.0189376145997441 0.021902001741485 0.161935448874697 0.051752798379403
-0.0177426105648523 0.0354419712647039 0.0214876410996125 -0.205577894190649
-0.032716544939819 0.0294925997282408 -0.0379045746997868 0.191890456281965
0.00258407530533928 0.010023080704442 -0.159988354519238 -0.0572259395789693
0.0252570877211809 0.0101383771870634 0.0388207592338982 -0.387872928579452
0.0508311847163871 0.0365518454095541 0.495939936105534 -0.236783854920669
0.0133875564027303 0.0575459669657597 0.608913559882516 0.50590768681225
-0.0568126900747122 0.0473480030687807 -0.164052802609316 0.845178232834649
-0.082463174008822 0.0222803690483265 -0.57348599443555 0.315704491835644
-0.0994643664898103 0.00369085621641488 0.00808604879832819 0.108986618913337
-0.0804556954129289 0.0716337249652189 0.655490762303036 -0.271717821582367
0.0163262424302269 0.0739529306206139 0.231013497809623 -0.866632403885975
0.0622133649587434 0.0286683463737181 -0.601852670477089 -0.529604839231167
0.0418167265992786 -0.0116936688784345 -0.518544291515329 0.255413264312113
-0.0196878742633133 -0.00247545410362847 -0.00862633743078829 0.383576951700507
-0.0261461869072589 0.0160887218491797 0.152609617717116 0.0671095117820279
-0.02777373399416 0.0339650008623849 0.0190584967313165 -0.202755161516445
0.00582273846767299 0.00668404868056418 -0.0141406096981142 0.196301076745173
0.0151671650816702 -0.0115076686648813 -0.149378973916854 -0.0503099537007476
0.0237104705543066 -0.00222722820973255 0.0371233194721429 -0.371107049073225
0.0110934414979915 0.0190598632183303 0.476131635348196 -0.19788071868829
-0.0412212709522184 0.000240318687876773 0.565460245469662 0.541478014961336
-0.0588450608671631 -0.0587207271328659 -0.214287771723972 0.879189723676552
0.0379931311742346 -0.0530863663849162 -0.635797942229064 0.306010326183413
0.0563125015091076 -0.0349748971787199 -0.0549678558696732 0.0984100054006128
0.0242945347509083 -0.010003265108507 0.596145562195444 -0.263387273492406
0.00259606021259085 -0.0234115121801148 0.170922570329122 -0.8336027930561
0.00349494099216543 -0.01813592381662 -0.647613797926261 -0.480035590622275
0.0121888366768729 -0.0246798603234686 -0.542820985068015 0.289949104381548
-0.0194244831838115 -0.0190918719791734 -0.0150401501174053 0.401354549104251
-0.0125064314794335 -0.00551258974508296 0.162802240155138 0.0736069408395666
0.00876044000857029 0.0114923104933435 0.0466781312979315 -0.205365238550865
0.00907686386230478 0.00909222865387413 -0.0153072633381794 0.192337929956237
0.0190303266283272 -0.00338558885884283 -0.140676267480711 -0.0629425235315462
0.0232510156268953 0.0101177540483827 0.0625620082207753 -0.374703557005562
0.00659222025406659 0.0251160840407811 0.494002751417545 -0.170549196187777
-0.045255975370695 -0.00684338496527328 0.528297970808596 0.596699293167847
-0.0519290170408479 -0.0681966946115317 -0.282494279517556 0.866949702857194
0.04334415469965 -0.0513219606851766 -0.63884480588962 0.268686264117305
0.054829374537064 -0.0312862639186918 -0.0190170968349274 0.092118696986742
0.0244880511722863 -0.00937078296649796 0.592215764651473 -0.302286086696222
0.00506135454610877 -0.027688668897093 0.108688305482643 -0.844216313121387
0.00245928650758292 -0.0227892018260464 -0.676700466494044 -0.432675391174668
0.010089505295487 -0.0191486429032988 -0.514539855445301 0.31760301245857
-0.0177832473572365 -0.00819271929919968 0.0106726065053833 0.391452372073115
-0.00827864497892701 0.00207965210978186 0.171949578238394 0.058793700454246
0.0126542754293733 0.0151510879068515 0.0453513012800223 -0.207999486558703
0.00846076668794111 0.0135691844761846 -0.020049592827903 0.191577390984649
0.0195879315124979 0.00382480974963993 -0.134519844105751 -0.07523668243191
0.0254398377468514 0.0202240952170756 0.0837425249193267 -0.381362455176956
0.0067963854203336 0.0314003839326361 0.512556168502789 -0.151101579562053
-0.0425856265005117 -0.00708018025367028 0.502384234079254 0.625620191800287
-0.0468104270518972 -0.0668110170475145 -0.327756084148951 0.850928009847137
0.0364332266151058 -0.0440660439607796 -0.633400454468631 0.241220798007506
0.0419100320732381 -0.0261468933374565 0.012202221877637 0.0893833518054278
0.0176679454761737 -0.00358595648612831 0.597407469662165 -0.331829521175687
0.0100976829111031 -0.0243169990242687 0.065827558914125 -0.853738147171765
0.00754994369673765 -0.0216973463712524 -0.692139093628825 -0.399132715540477
0.0120306688161239 -0.0134451519670555 -0.486386881197941 0.334285772958794
-0.0147558071244981 0.00176080967026699 0.0333195194941058 0.379306102580382
-0.00495351981000825 0.0104576980420603 0.176756756016936 0.045173385257974
0.0132186911213093 0.020750362422106 0.0420978414241795 -0.209757416484134
0.00492906984260681 0.0188968598824685 -0.0240080355641101 0.189759467672942
0.019424118013469 0.01024387478463 -0.132648495838993 -0.0825523828829704
0.0255206079038813 0.0272005453130586 0.0992496425267762 -0.387196997419431
0.0112077734830358 0.0368617617656029 0.527353137850941 -0.142903609032562
-0.0371603324572348 0.000317843992893418 0.494956114526503 0.636544321945328
-0.0456468416820224 -0.0539068268951139 -0.346680431970147 0.836905668736089
0.0182348483723079 -0.0339945852811614 -0.622759282939773 0.227270519585507
0.0192192799439798 -0.0189098842963099 0.0367999234795119 0.0880504553957722
0.00553335274540279 0.0101652339008621 0.601996068766533 -0.351814784132963
0.0168769708420352 -0.0135400879333356 0.0461947749402293 -0.862461620369945
0.016122298415427 -0.0169500938172709 -0.694398444281297 -0.385952228754262
0.0143321558822252 -0.00984727163941848 -0.468297992087574 0.340300559297776
-0.0140710144704194 0.00858451602115057 0.0464915657522548 0.372372516300057
-0.00476850778443817 0.0169770226036569 0.177432325908678 0.0367576360997747
0.00888724274496484 0.0256842283929581 0.0358221567623128 -0.209322227305601
-0.00246980190911652 0.0234865618464718 -0.0289841094255754 0.188452102418914
0.0177490421768747 0.0137753511160208 -0.134794410451291 -0.0854769200796991
0.0261820350266899 0.0300933706060652 0.100966286398176 -0.393067071136431
0.0191198473228315 0.0422265451545552 0.534113006759556 -0.148160976537702
-0.0268996479431298 0.0133118713423787 0.502680088998062 0.62963354109775
-0.0493249152232664 -0.0338297614157691 -0.33863877214521 0.828990045032459
-0.00856363057859129 -0.0219391554597905 -0.610134765872974 0.230112724025286
-0.0113660261078314 -0.0111908951235613 0.0510906848649422 0.0898694536486765
-0.0115749759200064 0.027480222364587 0.612898396894315 -0.354103633767013
0.0215918068807145 0.00521363582472207 0.057701357547163 -0.87017986787548
0.0281888463589658 -0.00963935232096614 -0.686470442453021 -0.392803649809259
0.0198443275844843 -0.00712670507563221 -0.462755853937351 0.333002596700132
-0.0133662012351737 0.0123646739956619 0.0476103050380181 0.367803642993842
-0.0073447373318535 0.0220639177504607 0.175447172219015 0.034666558421399
0.00241897530814426 0.0306417583829604 0.0303491865271577 -0.209777374973741
-0.0114102524162973 0.0272052995895434 -0.033939853112767 0.189131319492165
0.0131850374866674 0.014371144991533 -0.140558999773028 -0.0810521121559148
0.0281658376514689 0.0270612961693385 0.0905054000345478 -0.394966561549758
0.0304839667911465 0.0439458815414617 0.530373293289594 -0.170252766375862
-0.0150459419697449 0.0289055609916651 0.527258974404975 0.601573176529009
-0.0539946494365445 -0.00671811809258502 -0.299275468076575 0.830122312209315
-0.0370137324117268 -0.00828471901848098 -0.596251287322028 0.245908309654897
-0.044903810861498 -0.00476096588418371 0.0500773238605262 0.0943880101162807
-0.0328372222283435 0.0460723312449317 0.629180159477755 -0.338896727752499
0.0242771636521099 0.0281606049735945 0.0981298080829503 -0.874395210507451
0.0405189261375611 0.000557401983847617 -0.669048061594771 -0.42506726758788
0.0252355434031125 -0.00803343690733246 -0.47105365887871 0.3164140322013
-0.015581493209171 0.0123636481271566 0.0393309173409195 0.36997468822619
-0.0124321023949737 0.0235942372044145 0.169773893860171 0.0406026923118424
-0.0075852624829798 0.033493809197355 0.0254475691190851 -0.207704854211126
-0.0220165483297119 0.0277698342095526 -0.0374163924917301 0.189125753556594
0.0078083289233069 0.0133140629730977 -0.149163926205601 -0.0704975136861684
0.0278430599675043 0.0197632249694252 0.068841379059127 -0.393064758240218
0.0413279703603216 0.0419919129971945 0.517429144899351 -0.200320830027382
-0.00133113318095361 0.0449140445823721 0.568986556136258 0.559362380892977
-0.0567111452824906 0.0217228675288488 -0.237589008828976 0.83570057370883
-0.0629874005255984 0.00715659073099992 -0.582626013656586 0.275599162246779
-0.0762763905023067 0.000931868944200665 0.0356262528853042 0.101498410523306
-0.0571156980568118 0.0626324120296446 0.643738973074816 -0.311466752537808
0.0224227366376196 0.0524875777270805 0.157487379146382 -0.871706107694202
0.0527059252225461 0.0143696475401652 -0.640001089749021 -0.471796301759782
0.0333235223438325 -0.010301117235139 -0.490468050507461 0.289993321636658
-0.0171888006653276 0.00676337946974074 0.0184967126988507 0.374725116057219
-0.0193732638820845 0.0218643500898242 0.16128668578829 0.0516364888663182
-0.01782214637485 0.0348728643543439 0.0220089215626359 -0.205322419540808
-0.031352799363271 0.0286445367053073 -0.0383601010987643 0.191042586495555
0.0020729656419237 0.00886799336990016 -0.16003127420677 -0.0565016435469619
0.0259024604567319 0.00880959452884049 0.0390192474728519 -0.388766781590168
0.0502634804665348 0.0347332261560257 0.494135817956149 -0.236646079359481
0.0120235152389631 0.0565149241552377 0.608732970529031 0.50375287351133
-0.0579065431916935 0.0471658456904862 -0.164264484436718 0.841284891921947
-0.082435797981471 0.0215639232351167 -0.570677461355353 0.312587726906002
-0.0996033200992568 0.00352097394653111 0.00860488803658667 0.107789657669827
-0.079747389146367 0.0701704521116643 0.652575563369399 -0.268463550446324
0.0163999593277341 0.0741606457105665 0.231726190864658 -0.864955738185135
0.0620848324214846 0.0287655515938669 -0.599779790045565 -0.5299276294212
0.0416447066678352 -0.0136002241277439 -0.516204922946528 0.256544909513969
-0.0181794837520608 -0.00250734231327259 -0.0098767390067884 0.383140495203325
-0.0263202105371046 0.0168125870075463 0.151455586294865 0.0669414561081509
-0.0274046777329558 0.0346633007675457 0.0197602704862926 -0.202480218252586
0.00583353338939649 0.00655169473637615 -0.0148979037957806 0.1950303566509
0.0154423509893988 -0.0123006310838574 -0.149133549298033 -0.0499223456039769
0.0237117275821326 -0.0019098085126417 0.0374685301250985 -0.371082136677749
0.0112185268985317 0.0188329962692917 0.475792523346073 -0.196652118013507
-0.0409173919367351 -0.00102494260474701 0.564705529222472 0.539816003740074
-0.0589643705764597 -0.0589187402061281 -0.216848690116833 0.876314804656212
0.0394479318452929 -0.0536537019072513 -0.636267450955679 0.303774826452284
0.0566821795698828 -0.0354300107145126 -0.0546677776981879 0.0980343105198743
0.0250231836368237 -0.0109989627215589 0.593937533790309 -0.261475238989515
0.00303492794322541 -0.0234301123428149 0.175034022374784 -0.831195248165637
0.00295987889350849 -0.0180392159113047 -0.64438200050518 -0.480370640174707
0.0125107251538673 -0.0256046520300578 -0.541959111662512 0.290120983235729
-0.019029134136563 -0.0187264250972143 -0.0159885760978039 0.401677296213234
-0.0129394058624599 -0.00594647197013219 0.162631689436115 0.073984523454358
0.00864066689859369 0.0119973441743353 0.0468545065359769 -0.203995311156183
0.00918735577706552 0.00988891492914885 -0.0153758557059204 0.191550057553764
0.0181572609093481 -0.00422769363708516 -0.139308276409616 -0.0623226809919742
0.0250074895394061 0.00964578939999585 0.0620544852896409 -0.374531855945545
0.00817137898438942 0.0251768249450453 0.494471834098072 -0.170673731819698
-0.0457281293495521 -0.0057808674199017 0.529525462226787 0.595151920176193
-0.0514598742231639 -0.0681286096543955 -0.284539684435839 0.867105751890857
0.0436166180527825 -0.0510548366523219 -0.638145861500476 0.267665107207829
0.0552551226445074 -0.0326411236601572 -0.0193119441716315 0.0923466167339423
0.0254033989764363 -0.00982761419955045 0.591990849579432 -0.300082701105
0.00570800963993469 -0.028302696550187 0.110501349814697 -0.844075342230335
0.00330731001168147 -0.0215544952868198 -0.675611136183476 -0.431381509493376
0.0106175533872396 -0.0196383831031891 -0.515362467298852 0.318241147894189
-0.017036446464014 -0.00809744258630405 0.0101774572682763 0.391957553815376
-0.00844677820342682 0.0023126165490813 0.170708111282712 0.0590428954714829
0.0127624798575055 0.0158220772063205 0.0458092163147926 -0.207958594136553
0.0088980091620481 0.0138290442332754 -0.0187859503194061 0.189913739956949
0.0200101169354239 0.00280140716032187 -0.134398127280671 -0.0745586386486721
0.0251897580459034 0.0203101476476306 0.0858820133646506 -0.381719297756551
0.00742052043947988 0.0310357256838847 0.512385580298703 -0.149776250388024
-0.0433241014843391 -0.00648571230427579 0.502160681974554 0.623919392001335
-0.0463483284884863 -0.0674195175954913 -0.327910903468342 0.847904780746149
0.036966156887864 -0.044703551676747 -0.634016881121749 0.240234660485006
0.0418527434797476 -0.0259091878232482 0.0130598098925585 0.0897154921335043
0.017644387488983 -0.00354959447791418 0.595195323466532 -0.330173652167141
0.0102952779065563 -0.0245789176359056 0.0666556194346152 -0.852447225692588
0.00677216557431433 -0.0211259240759119 -0.692228232884815 -0.397720078884071
0.0118206012360364 -0.0140772530224703 -0.487475943385198 0.3336913064906
-0.0149105812717254 0.00167216730620404 0.0332576529881249 0.381126961175603
-0.00550429136785309 0.0112671329605307 0.176301879479394 0.0453225601056085
0.0128093738590218 0.0209986143416968 0.0419243941241821 -0.209883985614452
0.00539137982854715 0.0191057799880484 -0.0237531838862282 0.188913881215334
0.0197885715527275 0.00948856204321645 -0.131692578264255 -0.0825223298488592
0.0251246306187488 0.0274920399611254 0.0999047140146188 -0.38832752492865
0.0106627124443576 0.036186133028769 0.526347125851659 -0.141405841345242
-0.0376386365085453 0.000607335004543692 0.493030423968153 0.637112072568577
-0.0461148509222985 -0.0545471468926036 -0.347602832916368 0.834849626416887
0.0192943072405287 -0.0343521324245135 -0.622516338329991 0.227030963117318
0.0185198201544264 -0.0189251794475889 0.0380079072164651 0.088290775554039
0.00615225383311367 0.0102089491490163 0.602123372632744 -0.349031924170005
0.0167660482900246 -0.013117558979003 0.0501249065259102 -0.862086844536874
0.0161569496427341 -0.0166862910621785 -0.693990099698238 -0.387134954083788
0.0150525333685921 -0.00997257890399377 -0.470139281752994 0.339790826232001
-0.0128991124991152 0.00915712591422256 0.0452575956708286 0.371000625714406
-0.00430779088214296 0.017133733424154 0.177257703766958 0.0378357665404717
0.00946957389470918 0.0261132943331516 0.0378034831594595 -0.209807179332001
-0.00219230566272174 0.0234544118789953 -0.029605279216583 0.187367908556113
0.0174520165020016 0.0127192499803388 -0.133921404195869 -0.0850125812342111
0.0266672384804643 0.0297159619715604 0.1028872421679 -0.391012875329074
0.0194056267596015 0.0412709322496181 0.532546489963238 -0.147934047312889
-0.0279428566458985 0.0133957504859964 0.501380700844944 0.62889343645683
-0.0492255962344242 -0.0337606058490394 -0.339361198625372 0.828890882287669
-0.00790994968040437 -0.0220673471216583 -0.609309646818448 0.228949984155682
-0.0123141498951786 -0.0108863435286548 0.051729970418253 0.090624902252322
-0.0118720199288177 0.0274604336734909 0.612324838230313 -0.352400351317352
0.0218954897577097 0.00500121991139022 0.0582908665872666 -0.868806570042965
0.0272540204285887 -0.00986368515501397 -0.684973464752971 -0.392848261204238
0.0199293685160782 -0.00763497162222924 -0.463130209444256 0.332455400741718
-0.0133212368840687 0.0119350287097731 0.0488209075892453 0.368773700929164
-0.00779633362761875 0.0224506671456521 0.175553129668339 0.0352870053416576
0.00189982513663583 0.0319724579699123 0.0315546163863616 -0.208114157651269
-0.0105580827410287 0.0263690182291907 -0.0347781759719649 0.187459757542766
0.0125615830987307 0.0141699062312939 -0.14032691026526 -0.080889776452839
0.0274190383403706 0.026257678027834 0.0907588435013621 -0.395249609536654
0.0297939461786451 0.0426416005220217 0.530426729424246 -0.167282817761175
-0.0153444373197925 0.0297167397359161 0.528163373722652 0.602855996026164
-0.0536925709594704 -0.00673182724105067 -0.30107812128311 0.827816415313941
-0.0368811932806604 -0.00904304094793711 -0.595442286998656 0.244109727740777
-0.0445964844784065 -0.00457027642006919 0.0509924254470869 0.0946786947965832
-0.0328176043882896 0.0452922946485904 0.629159947524506 -0.336378627824282
0.0246607953326702 0.0278236199151935 0.0981217394053888 -0.872371446608032
0.0417016592755658 0.00110151718162829 -0.667365021664647 -0.425594892803463
0.0259597340691053 -0.00782158416537911 -0.471438700003682 0.316660374643025
-0.0150593366181381 0.0123185610201872 0.038440707133641 0.369022267358914
-0.0138871528640108 0.0235944075375155 0.169302179954875 0.0407738704981278
-0.00705243936579963 0.034564948501346 0.0260351496108601 -0.208049944955985
-0.0217355454332355 0.028595116278492 -0.0376966899241316 0.188515504115121
0.00767646880552544 0.0128111032476028 -0.14997466693781 -0.0721348740129782
0.0280518816269013 0.0194944924979045 0.0689365313485206 -0.393857954116111
0.0417069166034605 0.0411589618948019 0.516777029003731 -0.197608421601153
-0.00163012367480499 0.046294660059283 0.566315981174352 0.559093756766934
-0.0574718150342259 0.0217745984185696 -0.238437655593741 0.834764203612329
-0.0630590748862189 0.00652315146758941 -0.582335722321037 0.272768579391845
-0.0762693999239663 0.000882115989679781 0.0359826127309821 0.100955240587388
-0.0573905374412641 0.0618236119691453 0.64444452128574 -0.307919628878086
0.0229039126893668 0.0529236423608768 0.160547242478556 -0.870529553074724
0.0528493902516374 0.0146677724686975 -0.636636851757046 -0.473026802886513
0.0333114989593161 -0.00987982310843811 -0.490857399185565 0.289177494508949
-0.0174159854629353 0.00660173213882036 0.0178591419365879 0.37511590406629
-0.0201020869053876 0.0222158391784055 0.161731201701648 0.0524012388504607
-0.0175282524709048 0.035397731282802 0.0217642131970536 -0.204815528159496
-0.0316115755998157 0.0299744500178533 -0.0398264637692337 0.189972549635249
0.00197443745893267 0.00779137762892934 -0.159723111290701 -0.0551920946912086
0.0274982561123105 0.00855211051138847 0.038032920057619 -0.388718442647768
0.0507131504946619 0.0349497082466981 0.495340161198006 -0.235554768313466
0.0122757978238424 0.0567716654148856 0.606200405109857 0.504627947256576
-0.0583472726144232 0.0469095513088818 -0.167142665916129 0.84034750622678
-0.0811375860769637 0.0207014397501805 -0.571820747484765 0.310417588722906
-0.0992796941698065 0.00310562490185559 0.00912712107473581 0.10744753801807
-0.0802665418017227 0.07083583029584 0.651826942148457 -0.267621004068202
0.0165420971628574 0.073634867613571 0.233318133217558 -0.862169867930571
0.0622516147308393 0.0291131145036027 -0.597298286485557 -0.533629246933928
0.042193410325454 -0.0133308200732626 -0.517279282388163 0.254861837150459
-0.0174823248261897 -0.00285044786252865 -0.00965642291855541 0.383568603268259
-0.0265153954411455 0.016648164058251 0.152498685367418 0.0670345968465865
-0.027201642795748 0.0348245852793328 0.0199477433321402 -0.201889100868304
0.00593184246205345 0.00608099871798794 -0.0165032218953958 0.195039553890976
0.0150973449662591 -0.0121334122859601 -0.148831842913737 -0.049818423607447
0.0241399967809383 -0.00119364407421485 0.0378245341743442 -0.371484520285627
0.0120659045410228 0.018438557074466 0.476305298094714 -0.195072839145344
-0.0421817374559161 -0.000744507944605156 0.565832626794255 0.541480593886582
-0.0591651808117767 -0.0588590845499066 -0.21728305607776 0.874885647633499
0.0394361822593018 -0.0537692867448247 -0.637810318702942 0.302394398533002
0.0566357106785447 -0.035556707886583 -0.0548246027286935 0.0972450122224826
0.0257190240270841 -0.0102661958876784 0.595312252530022 -0.260298514926857
0.00317220060050865 -0.0241691427740107 0.174096367615517 -0.829358891355061
0.00377836936366829 -0.0179738571907908 -0.644083432584852 -0.480274198034505
0.0124058513809396 -0.0250413604051798 -0.544073643369378 0.291047737372582
-0.0187786723463742 -0.0182767889249562 -0.0166444006479637 0.402951431730454
-0.0132568121413829 -0.00585969294329412 0.16305089017179 0.0750620932085727
0.00857134918827924 0.0129012204095338 0.0484660906102257 -0.204332867403543
0.00921278731058418 0.00906840774813125 -0.0159808578484766 0.191995530860241
0.0183118752611165 -0.00543686267210639 -0.139002752291102 -0.0623561915289089
0.0252547560589089 0.00983138520568035 0.0624685292214694 -0.375690934396644
0.00816495254906662 0.0251700392568298 0.49424859416835 -0.169534314456541
-0.0454877585703364 -0.00610317076506852 0.528698559477906 0.597034934574959
-0.051513065136186 -0.0681931991193029 -0.285815621459646 0.86606164340443
0.0439207456799534 -0.0512468102526089 -0.639278847067113 0.26574880943374
0.0556962066085844 -0.0322046029679741 -0.0189978614686605 0.0923586141385932
0.0252640317001333 -0.0101043307328959 0.592863368857435 -0.299318870381295
0.00571694247392873 -0.0279712008888861 0.11238595005049 -0.842467532894354
0.00315907519093706 -0.0211574669949593 -0.674187016433994 -0.43374895177617
0.0112897820091778 -0.0196211575961189 -0.515699574373517 0.317266435064634
-0.0162125703259038 -0.00792578116663868 0.00965011721336152 0.392604746384939
-0.00910625872111187 0.0031886784577504 0.170893126204147 0.0597700056986052
0.0125519269362317 0.0172517055772884 0.0466773916939206 -0.207924781435963
0.00916993851081075 0.0137069962769082 -0.0193956189052893 0.189707191529988
0.0186990797854788 0.00182643041975908 -0.133606042028922 -0.0746228133198621
0.0259920923927248 0.0204995723534237 0.0861110308729347 -0.382439318473787
0.00731586961342461 0.0311512078003817 0.51388645361778 -0.149565299476817
-0.0443952740485693 -0.00629166721798353 0.503872589281694 0.627860757230268
-0.0462712739240468 -0.0668675354924348 -0.329711557922867 0.84652102285564
0.03725825709867 -0.0439688870193088 -0.633339953675304 0.238265705454776
0.0419895444762791 -0.0264277321378676 0.0121116364658466 0.0890889544765244
0.0189045211898179 -0.00358715288874258 0.594999627478659 -0.327756879018619
0.0110542880456902 -0.0246794584251977 0.069801251714041 -0.851922100610324
0.00675994229575374 -0.0207908303108633 -0.689518289781624 -0.398188793435819
0.0129494232263186 -0.0146904291618735 -0.487834461450389 0.334880543930539
-0.0145466341526133 0.00226796934839196 0.0326576956673178 0.380756150595038
-0.00542122941872431 0.0108702042471185 0.175772465686182 0.0460110443128005
0.0129828801686338 0.0219127168463606 0.0425042755022513 -0.20958315153457
0.0059399441868874 0.0186538690728328 -0.0248138423192925 0.188298124568121
0.0191241980592688 0.00890260695597905 -0.131995546595385 -0.0821355802202417
0.0263812878640734 0.0272461358328621 0.0994457609736085 -0.388604971913529
0.0117964356054078 0.0373064269381469 0.527835785469369 -0.140798547104946
-0.0377834500374806 0.000368628511091491 0.493178498030067 0.637178844924515
-0.0458037037654576 -0.0541440052722064 -0.349598652724134 0.835776357082754
0.0198707076388375 -0.034489854157331 -0.622326867589267 0.224825446092949
0.0196200292374983 -0.0191152427006322 0.0374010754848683 0.0891678845866832
0.00623856953860278 0.00984347844758224 0.601930376183706 -0.346835386517345
0.0164814518942036 -0.0130074483983574 0.0514806865780068 -0.861268721849486
0.0156890795747371 -0.0165577012993969 -0.692386769722078 -0.385843757357853
0.0151641313675599 -0.0102993749641527 -0.469272383437167 0.339240551193874
-0.0128305937804089 0.00869072449493649 0.0450438574254718 0.372353150012567
-0.00594076024795953 0.0177957659386065 0.1775568581051 0.0384019258633292
0.00928713046078873 0.027713242855374 0.0384630309509961 -0.209210113936337
-0.00115378943237525 0.0228635387218526 -0.0304169084824037 0.187374987975565
0.0172069020190612 0.0123670922778814 -0.13391153087994 -0.0850049731546689
0.0267443488793191 0.0300951287124426 0.102422285678314 -0.393070538523657
0.0207194666776199 0.040873842451639 0.535144224187275 -0.146910977718938
-0.0286495789948406 0.0133487472308755 0.50238538857912 0.629235849777072
-0.0490901213260027 -0.0338091718139607 -0.34114303597315 0.828109701361829
-0.00717220057022306 -0.0223541513128532 -0.608116010908851 0.226434508155454
-0.0112110938323117 -0.0120060233197091 0.0515107796524279 0.0910385103894893
-0.011063224023098 0.0273709197480327 0.613359057411619 -0.351388325389394
0.0218101755618642 0.00487370857051015 0.0617030349258624 -0.866942196054005
0.0279928545626762 -0.00923194123790194 -0.684420090344443 -0.395862314936063
0.0194836437077413 -0.00766870027205645 -0.464133772757263 0.333831556776226
-0.0135310795041244 0.0129169140833089 0.0499766654145318 0.368399788330707
-0.00832090224142402 0.0228960131116929 0.175212339523133 0.0355714685804253
0.00234428618871773 0.0324580242019486 0.0323543429139183 -0.209053855940517
-0.00992307470948306 0.0266387302635373 -0.0351174728986028 0.187202292419594
0.0128262763501079 0.0131309255066625 -0.140464013331957 -0.0808654265800678
0.0288565346515029 0.0277267716317244 0.0925522276664383 -0.395503487845214
0.0311576087015964 0.043006829468624 0.531086720934473 -0.167458884368314
-0.0161429940615794 0.0300885500794314 0.527793247471286 0.602959997218998
-0.0544339129832497 -0.0075383517620601 -0.301217226290515 0.828143051728699
-0.0367604429565909 -0.00887405104569255 -0.59583004720346 0.243459907654156
-0.0452555417138077 -0.00485468713157183 0.050481198499653 0.0949769850350835
-0.0335098261524095 0.0452400980227009 0.629974073701251 -0.334791864125485
0.0262810624873193 0.0270949722607568 0.100667007902571 -0.873771970657571
0.0408229536250624 0.0014205249826317 -0.664987170578241 -0.42610930160848
0.0257776919916466 -0.00830874844193098 -0.47200520587983 0.318326184815732
-0.0142594253337788 0.0118593604024447 0.0374021161752637 0.369275624632203
-0.0132783819029891 0.0246087726941012 0.169786230856793 0.0413774239634055
-0.00628901340487335 0.0348774759510582 0.026951311760825 -0.206843499679588
-0.020759965328655 0.0279776423296198 -0.0379164930233549 0.1882779254324
0.00723604059985651 0.0119150996138035 -0.148225924330145 -0.071650682403535
0.0289279781782973 0.0185566760953561 0.0695385966269612 -0.3936611449988
0.0421262128896604 0.0405373546505248 0.517953248059451 -0.198411643329277
-0.00283267424058749 0.0448046522045702 0.567069885987789 0.559957721866411
-0.0576613124769378 0.0217799841607678 -0.241244283280271 0.834400915639828
-0.0630035696584298 0.00678969923943478 -0.582470330182691 0.273714916460648
-0.0755466973781471 0.000300356011927811 0.0361003520495036 0.101393905449777
-0.0570125122388429 0.0614236044649016 0.644216803656065 -0.307431401158193
0.0239685175530156 0.0524709117224829 0.160139492803564 -0.868446282600713
0.05353176572035 0.0148286782560905 -0.635485846238511 -0.475346783000916
0.0338299053006364 -0.0109135269094363 -0.49024506227444 0.289290419201092
-0.0166697187521952 0.0069977838517851 0.0183478777927072 0.374714972125776
-0.0204754965730627 0.021631727243144 0.161115314799003 0.0530985815680828
-0.0177520204671422 0.0362563637342919 0.0228270431890063 -0.203833127119508
-0.0307930531207786 0.0296451093897716 -0.0392577340480963 0.190054942756774
0.000686199637354602 0.00792443973169221 -0.159495447102299 -0.0554536424585455
0.0262412898498846 0.00798602465537398 0.0399775827788363 -0.386585707808132
0.0513819682352682 0.0344386581610234 0.496275066646562 -0.234950754773909
0.0114307282472675 0.0581472321660928 0.607038597676025 0.504918720671669
-0.0578909221409483 0.0466947973310533 -0.167672468214386 0.841744032156108
-0.0816397472506563 0.0192524531652587 -0.571610809706631 0.310680080681532
-0.0994077604598246 0.00211064665642813 0.00918185681700119 0.108462806245547
-0.0796202968362482 0.0703005167377743 0.653457172819288 -0.265669083528168
0.0170006572751591 0.0735224787701036 0.23450164151391 -0.860072113849338
0.0624348459330576 0.0289017928170365 -0.597546210381442 -0.531160970714263
0.0417358736132322 -0.0137573410505722 -0.517454584013129 0.256396188515438
-0.0174293493678519 -0.00249148614300264 -0.0087362578066613 0.384366934070411
-0.0267399534006488 0.0171121871937339 0.15247699250812 0.0671403108606052
-0.0261754912546937 0.0357374833441724 0.0216171047824004 -0.20191821007936
0.00644559712231414 0.0070426075037884 -0.0165131718140465 0.195538861605423
0.0151500281578166 -0.0131879771709115 -0.149804663761048 -0.0496597454797608
0.0249859019504977 -0.00177887577795562 0.0390883323959847 -0.372505456983262
0.0128019057487111 0.0184112261012268 0.477595240637559 -0.194480857454507
-0.042957608100688 -0.000855335679564917 0.565603357441455 0.54333259275931
-0.0590382923261645 -0.0584226009255421 -0.218906916881719 0.87676620468201
0.0399429844487108 -0.0545817020268338 -0.638190493452023 0.301352920666497
0.057886608960122 -0.0352771746519676 -0.0543528624624072 0.0969835642358826
0.0255332218095067 -0.0102963891006137 0.595739956754878 -0.259843648167614
0.00408678160448298 -0.0243752859442823 0.179212140921188 -0.831377052148747
0.0041155538504842 -0.0180964328308145 -0.643061222852146 -0.483637527041642
0.012250620735145 -0.0260902380969656 -0.544539701121003 0.291096910576717
-0.0189808052317348 -0.019571246220385 -0.0162761799802651 0.404775334149857
-0.0134400729375547 -0.00428790944854582 0.163919681918722 0.0744650439572942
0.00834697791225661 0.0132221057649945 0.0494359776117874 -0.203994511611731
0.0097760765491812 0.00924695483508033 -0.0164162644180126 0.191891538251492
0.018485546716858 -0.00592325767218267 -0.139512348895135 -0.0632673293772805
0.0253280000362512 0.00929190321720403 0.0630290782173153 -0.37689967504482
0.0082994311029864 0.025279977933308 0.496881094444848 -0.168263536543871
-0.0468125654482564 -0.00667042080087078 0.530514747562873 0.598719857453816
-0.0520575588395435 -0.0687356850903372 -0.286942451551952 0.865940327307823
0.0442955010293481 -0.051257452507463 -0.639601688970186 0.264396062737322
0.0556878747916448 -0.0322467205182844 -0.0187581793215845 0.0924388811531445
0.0256463610516244 -0.0104799411323799 0.592839843533047 -0.297666160009498
0.00608630340481731 -0.0278616653072871 0.114464259284188 -0.842404944207325
0.00349032396219546 -0.0216251177157023 -0.675906570397234 -0.434829425070394
0.0115269149626891 -0.019760723403827 -0.51615404864781 0.317697340385259
-0.0160482104225228 -0.00860364727118706 0.00864524154256883 0.394669033737275
-0.00855247647611366 0.00391686477876732 0.172279331292542 0.0603555013573188
0.0122472141431153 0.017920400065793 0.0480737915373104 -0.207566087525882
0.00979313417202698 0.014258104938395 -0.0198488387518019 0.189670645071354
0.0194304148997581 0.0017847977422003 -0.135074232303572 -0.0750357321404494
0.0251619858541211 0.0208291082161328 0.0878333978806497 -0.384831097625966
0.00826079009997373 0.0308834964765453 0.515787127657516 -0.148194905056134
-0.0442733401595679 -0.00610469656848452 0.502830373856359 0.626946884837224
-0.0468219058221861 -0.067378521651409 -0.333422725225628 0.847972962495223
0.0376634895533103 -0.0455742999541333 -0.63565433604095 0.235861808528808
0.0429832334995184 -0.026855396702464 0.0132643238359403 0.089485433049285
0.0191235232507525 -0.00299330565684874 0.597332914041321 -0.327552323828071
0.0109258391358609 -0.0245280513460676 0.0738129515524072 -0.852288383356483
0.00751530573372818 -0.0213883985108383 -0.690602994682375 -0.400812233771062
0.0125299322863174 -0.0145865843039337 -0.489217895761009 0.334740956321991
-0.0138798809546236 0.00256331008071516 0.0332285147699671 0.381759936557797
-0.00558959715183468 0.0115719858375002 0.177282103448879 0.0456641642633831
0.0133883130413319 0.0226403984859397 0.0433158497727493 -0.210061935316727
0.00628017045699552 0.0187968321703042 -0.0252424703104114 0.188188985129976
0.0187014843040521 0.00880949312074533 -0.131872821125741 -0.0823489681560006
0.0262649466412498 0.0269589889369449 0.101357689085226 -0.388872219296653
0.0126108598016666 0.0361779220135806 0.530415090313508 -0.139966114376896
-0.0392224838419109 0.000307784753620123 0.493695075921495 0.638421851597798
-0.0465962179140388 -0.0545051821979343 -0.350918752369795 0.837343819293491
0.0194381884961694 -0.0340370943663982 -0.623706228604684 0.223502512348761
0.0188134240816881 -0.0192288450933604 0.0377391044393144 0.0879991262789931
0.00590890617719071 0.00918981866420479 0.603990880154428 -0.347234986913717
0.0172699192750689 -0.0137884158642458 0.0527673665164257 -0.861192348210922
0.0162318761517573 -0.0169461233811968 -0.694255943291664 -0.388093151780203
0.015929080757361 -0.0103374154948437 -0.471180473402646 0.34134912294248
-0.0122642355813921 0.00897916246717055 0.045320699634627 0.374183792025935
-0.00562257881439584 0.0183604669954056 0.177602860999966 0.0383983451757805
0.00980909159365971 0.0281394230667039 0.0386995302383352 -0.209424379757286
-0.00101327360399963 0.0233265017193239 -0.0312348243461176 0.186953437026291
0.0167008449247557 0.012374242072953 -0.133805410293285 -0.0852712642864573
0.0277834259402508 0.0299142079310302 0.104197288288857 -0.394035023352423
0.0201509184338475 0.0401011662931131 0.536791169960147 -0.145945413720911
-0.0282023973663845 0.0139360109579646 0.503469773482861 0.63023985962556
-0.0499515672634788 -0.0334316564168275 -0.342292923730176 0.828505127993641
-0.00714823174474765 -0.0231222600035533 -0.61084179528948 0.225360758554586
-0.0117552815980976 -0.0116763280230088 0.0517069810569574 0.0907384489472401
-0.0110477619791738 0.027197828493966 0.615824026886001 -0.349977881844585
0.0221263811130717 0.00573770362423245 0.0636229532220967 -0.869691663336063
0.0283746234483167 -0.00952204615914534 -0.686192202244062 -0.396686791453748
0.0194141788657422 -0.00764482953817365 -0.466604280512298 0.333226430011711
-0.0124024911182257 0.0125758875180061 0.0471094541960676 0.369810086200123
-0.00792117000175953 0.0233088713321131 0.175635681697413 0.0364283267009427
0.00305618780031855 0.032341059127322 0.0328316636592585 -0.20878611286639
-0.010238084082239 0.0265487518987491 -0.0357370662785912 0.187266738174178
0.0127699750466412 0.013831827155602 -0.139563063495235 -0.081378441819591
0.0282367402655977 0.0259324838211441 0.0916008618845644 -0.397019825475855
0.030952177263821 0.0422364543450909 0.532893033101569 -0.165803862328052
-0.0167229973051339 0.0303887410820475 0.530041510021959 0.604291960305579
-0.0543126026977014 -0.00708496531175537 -0.304690339323133 0.827743960933944
-0.035679518833056 -0.0092848452039922 -0.597748844314244 0.241417507181745
-0.0453834460636465 -0.00506378322924061 0.0510537682481353 0.095215070624584
-0.0335374846004392 0.0460603031589306 0.630904196544761 -0.333680854713224
0.0253543685340881 0.0276223381378018 0.103346795054381 -0.873415410707491
0.0411098679567723 0.00124618334812611 -0.665279434702261 -0.427625590662634
0.0266491454015893 -0.00949400610391146 -0.473811010091176 0.317110411521257
-0.0143285032821482 0.0121218450953309 0.0368369428448179 0.371115283261882
-0.0140007512025892 0.0245388414726087 0.170086265497503 0.0418290575360262
-0.0070390909086797 0.0357968737829771 0.028432192662474 -0.206997184091958
-0.0206190461008157 0.0286254405631173 -0.0385106483427913 0.187646786088544
0.00670389095680864 0.0108263932357415 -0.14948200554915 -0.070965606618921
0.0287665301948673 0.0187788932049364 0.0710611595736081 -0.393853864399809
0.0424641091481147 0.0399964177365699 0.520453077976935 -0.197737949815502
-0.00282623287932813 0.0456919243744977 0.568041237402743 0.561293486885663
-0.0586829769360464 0.0213460036225024 -0.24289819474355 0.834968761746117
-0.0624079739581321 0.00522162256866964 -0.58416434739709 0.273576403552505
-0.0759355992375294 0.000146417936984038 0.0374929994025686 0.100367633868396
-0.0575783817694178 0.0611548027314887 0.645862768951071 -0.305410620398552
0.0241471202106328 0.0521223819051589 0.163010490985575 -0.871251495287911
0.0525058564458169 0.01475739799249 -0.635883011556058 -0.476514260783261
0.0341068675515042 -0.0108784698310449 -0.493352619625413 0.288570764492891
-0.0160618271286674 0.00661772028926481 0.0173737455086346 0.376494592375971
-0.0210374797948612 0.022564874024605 0.163002810229211 0.0533152044523222
-0.0169480147834841 0.037251057722279 0.0243549554598115 -0.204689431616359
-0.030634356753227 0.0288579272495371 -0.0400982036842076 0.190011656190875
0.000744164422831269 0.00694722589075496 -0.159963776930123 -0.056515170840433
0.0271904360624251 0.00845776339308056 0.0404928974483457 -0.390460592648001
0.0519110139387283 0.0342842199289311 0.497238832450668 -0.233747669746326
0.0104776127790739 0.0575154419866628 0.61078787192746 0.505506914829982
-0.0586556474153069 0.0473347180441896 -0.168875834620776 0.843153098316848
-0.0810142427941268 0.0190193920323525 -0.573527485817948 0.310229959529077
-0.0990691461054633 0.00185976735691734 0.0100080236098955 0.10796571384581
-0.0793724331129656 0.0701104631843803 0.653161448303083 -0.264657660297937
0.0174712376704099 0.0742696590702884 0.237713897263956 -0.86106146227995
0.0620690324625585 0.0290718569300011 -0.595463479150279 -0.533971800985318
0.0421679149517669 -0.0144072714772601 -0.519266575879407 0.256131071212562
-0.0169950186373475 -0.0026044011101535 -0.0110433317720936 0.385674294954372
-0.0269973852905839 0.01756692214748 0.152455418807231 0.068639496296669
-0.0260854395507955 0.0353338346598617 0.0221750903727612 -0.202359403861306
0.00653058787701889 0.00679108173012559 -0.0167647572425507 0.195554669438665
0.0146238349218644 -0.0137192557444569 -0.148100596075225 -0.0501854793642961
0.0239570468600647 -0.00248504802328191 0.0386294382673623 -0.373443502311293
0.0128654827964779 0.0185509641264887 0.480320592574238 -0.195225639916079
-0.0426279641000482 0.000489247516192108 0.570235239039738 0.545551955560087
-0.0596895098612431 -0.05949298206362 -0.222087131905829 0.879344453108669
0.0409204880954421 -0.053864596514866 -0.641415942150563 0.300920339376511
0.058155242372364 -0.0350461329390668 -0.0550069578786473 0.0972370233517466
0.0257128971864129 -0.0102581281832463 0.598266991166132 -0.25866985975483
0.00376549396389227 -0.0237515717499943 0.18074476077347 -0.833430509672005
0.00446171307646865 -0.0181650030563323 -0.643486032767728 -0.483788861419205
0.0129612403710937 -0.0265808047542426 -0.546987565513905 0.292089583373419
-0.0175025268109073 -0.0179353309461324 -0.0165716614127957 0.405545094556634
-0.0143272272396918 -0.00387384325855066 0.164544146722761 0.0762361128557166
0.00951242705366854 0.0144161208709852 0.0501672255916634 -0.204991995908864
0.0110041975698234 0.0104264968647211 -0.0168008936657934 0.191189767689672
0.0168710640479097 -0.00626903073051711 -0.140359543272191 -0.0633650402899095
0.0257371380320406 0.00962827526387966 0.0643670557775246 -0.378339347403664
0.00896137374472933 0.0248753398382056 0.498701935564349 -0.167757227603909
-0.046108916818123 -0.00625703874844634 0.532131734879933 0.600259223229497
-0.0523337681847911 -0.06877821263531 -0.289232357253538 0.869998648290014
0.0458288559421706 -0.0525974027793557 -0.644350211870126 0.263241670127176
0.0562354890413495 -0.0325574027426624 -0.0199093280162772 0.0928357905230167
0.0260385233756255 -0.010424769416451 0.595501641968134 -0.297330712716221
0.00729908203785909 -0.028564954161559 0.115158992880836 -0.845782873883866
0.00403350533377444 -0.0212839303676808 -0.676177174211397 -0.43701321792998
0.0116382472999356 -0.0209044204111169 -0.520027933582756 0.319100578239183
-0.0155742234290181 -0.0075267015173188 0.00885315350189393 0.396572886338121
-0.00889665722836159 0.00443329353775378 0.172343779172919 0.0605498488898703
0.0131724897161293 0.0181299378520694 0.0480375045566471 -0.208001144690759
0.00938698210617845 0.0138018811670387 -0.021710468782597 0.190409977562471
0.0193421071174915 0.00115478590845948 -0.134734041476239 -0.074711323566535
0.0263281696392247 0.0197438894525131 0.0886347951113906 -0.384672182999543
0.00926240545953437 0.0300164658296438 0.517705008929185 -0.148754284446428
-0.0459506412176122 -0.00586655498593846 0.506804089367441 0.628835337014088
-0.0471774710044762 -0.0670000194064833 -0.335576645605529 0.850728671376539
0.0384266371957054 -0.0448154268724632 -0.637184845214803 0.235485188545514
0.0421885285072273 -0.026416890059033 0.0130854310098921 0.089872213547493
0.0197817486882913 -0.00425565234625099 0.599300315421985 -0.327430146536703
0.0119618394334525 -0.0253741558245822 0.0731637979043871 -0.855098224942191
0.00820717483297766 -0.0209165588144621 -0.692157946754988 -0.402505938086168
0.0129273337580727 -0.014150139668703 -0.492311183494721 0.336433128537055
-0.0131087470579702 0.00216367465422825 0.0319985919678459 0.384111177157332
-0.00527795190069423 0.012017559168761 0.177602534431222 0.0464052502932078
0.013170119995794 0.0237741549343876 0.0451660826998698 -0.209836906197855
0.0060278101247257 0.0185566162322618 -0.0260150303053736 0.188320606012505
0.0188353092392184 0.0077590038015151 -0.132124064980554 -0.0838999652442247
0.0266069996546127 0.0268311137146273 0.101585071269388 -0.391250414051304
0.0119182161527859 0.0357672159308041 0.531441740190483 -0.138301218635867
-0.0385833491541825 0.000152986025678405 0.497230428130378 0.639328385528211
-0.0466856999280169 -0.0548641123830922 -0.353569453749159 0.837504232251112
0.0205471386403949 -0.0348701627904958 -0.626201420707365 0.223442514836299
0.0193289662926649 -0.0192509897800542 0.0384766006985444 0.0892374242134561
0.00701287308081375 0.00892276002805699 0.606145378133705 -0.344726219204971
0.0172642247010765 -0.0138520514731245 0.0564692966042625 -0.86461102011919
0.0163272814488005 -0.0166830015815221 -0.694058127137591 -0.390640265032975
0.0161941241611022 -0.0109140821172071 -0.473431746515754 0.341193524238667
-0.0116575062197417 0.00941454500583387 0.0456482943214745 0.376210979835003
-0.00610562430114925 0.0187252888706333 0.179240809742593 0.0384540858495603
0.00963386684159238 0.0280455261742885 0.0397880491464844 -0.210253659770953
-0.00150118209914035 0.0235344076479627 -0.0315160473127188 0.187612100296137
0.0162830337087394 0.011648724707429 -0.134685057866693 -0.0859495445013341
0.0281594978729344 0.0285893910155691 0.103442385528409 -0.396001446165879
0.020643384063295 0.040875344137517 0.540499878249362 -0.146189048827599
-0.0291026267538913 0.0140352296749463 0.505096550415986 0.63192949108354
-0.0504175801390994 -0.0333476609601715 -0.342744594934565 0.830531685356128
-0.00704194028231599 -0.022185691047853 -0.610938355321344 0.224566910855599
-0.0110851336180605 -0.0120506751946118 0.05264063746616 0.0916148646749892
-0.0107519470051419 0.0270771956719291 0.616272662171164 -0.349524523005826
0.022522396006425 0.0043811718764874 0.0660539582198393 -0.871979135811329
0.0276731686167179 -0.00887174314301738 -0.687387455456801 -0.398623297244936
0.0204215323643543 -0.00858342779304626 -0.467904814098664 0.335574186580478
-0.0122906224526716 0.0130801467788344 0.0471705205778555 0.37205326806392
-0.00833532983461363 0.0235518116826919 0.176460168987586 0.0365437953617682
0.00264628923843665 0.0336045064048414 0.0338550832084065 -0.209270339895009
-0.0101431086581332 0.0260625410351199 -0.0362625150710348 0.188059230440155
0.0119495498548426 0.0128406800237943 -0.140602991390443 -0.0821247408397684
0.0284949992611817 0.025914262597087 0.0939693455787279 -0.399053398607677
0.0314089687265841 0.0417301993943535 0.535138926950317 -0.166314750703117
-0.0176611346139913 0.0306396525542794 0.531198815691442 0.607964786354247
-0.0551816042599248 -0.00637431139557439 -0.308395217239035 0.829762492935239
-0.0365118590053551 -0.00989854497843256 -0.599383994440026 0.242342684809944
-0.0451321224226494 -0.00527715753044078 0.0528022012602491 0.0952499887111755
-0.0330170683022912 0.0455785588926471 0.632818464737118 -0.333179540176287
0.0259278664218568 0.0278563834908718 0.106087342767687 -0.874831869764185
0.0409976184804951 0.000809432981051251 -0.668367685146249 -0.429809182874703
0.0267000406042728 -0.00943294282118625 -0.475035871472127 0.318634363929858
-0.0137445930365112 0.0120166854006314 0.0373386604050073 0.373234355691223
-0.013260628970592 0.025583325252786 0.170787179205008 0.0426307579315061
-0.00694173445224358 0.0356100333208234 0.0289670824312286 -0.207450457931027
-0.0200621493565397 0.0288037400517569 -0.0395553531909201 0.188670889453788
0.00653937667148361 0.0108131080160558 -0.149379557526883 -0.0706587853618571
0.028726060102811 0.0183753614577995 0.0711477009004919 -0.396731086868653
0.0427847123934265 0.0393708330101557 0.523131523943794 -0.19761165914092
-0.00355631477150611 0.0464557092782807 0.570557738484969 0.561436581380144
-0.0581302124519751 0.0226840715489154 -0.243539625805799 0.837327927585951
-0.0629249318920327 0.00580984288902175 -0.585025655649308 0.27180354383344
-0.0763749981593369 -0.000727832221826389 0.0366846003308277 0.101755163063019
-0.0567226498935461 0.0611679341401436 0.647854538826611 -0.304481103362226
0.0238644111343134 0.0515037014693235 0.166611709352583 -0.871925212527893
0.0532840249697052 0.0147393822541224 -0.636875766011742 -0.480398849394549
0.0338901501632886 -0.0119421762269934 -0.49533123487657 0.291723176236814
-0.0156010913277882 0.00628044259339244 0.0171499376455265 0.378387949941614
-0.0219980420057368 0.0230241064407522 0.162412813508422 0.0550665869563386
-0.017244239868476 0.0372405398931771 0.0249518781959607 -0.204975531321861
-0.0298394731732489 0.0288570578849416 -0.0405292053474853 0.189681541402626
0.00025251538162771 0.00691494058402208 -0.159923748447963 -0.056831044385509
0.0267900713003827 0.0075973704507884 0.0407258712056758 -0.390736928144944
0.0517852114705145 0.0334138303684623 0.499351968315862 -0.234373681357301
0.00927055132582851 0.0579025762332775 0.612600441011055 0.507112760019478
-0.0596590489430394 0.0469867925843722 -0.168722807667526 0.844441367307408
-0.0815765350065597 0.0194655449967391 -0.57479507720632 0.309574003550275
-0.100008819060238 0.00141596737017582 0.0102828516600746 0.10779330079831
-0.0804187482047987 0.0707125585449025 0.655141809199805 -0.264376167593356
0.0162010197299312 0.0737923823900223 0.241173895720041 -0.863952213550862
0.0631701767301707 0.0292462587693046 -0.598379255912943 -0.536207314583782
0.0425538105296727 -0.015355243197994 -0.521487653787212 0.257075145165117
-0.017557529080853 -0.00205995656344728 -0.00952814043826039 0.386098591499674
-0.0268307395943838 0.0179542187753639 0.153819328408573 0.0687001389906804
-0.0261018764440746 0.0359467899769067 0.0230887577701801 -0.202315807750968
0.00783503523357383 0.00703121075264033 -0.0182953974056783 0.196365863259453
0.0143305748792077 -0.014623549064752 -0.149560479388904 -0.0504245934432613
0.0258513864249969 -0.00261321773099244 0.0395121561335089 -0.376662871842426
0.0136178597577221 0.0179868797502861 0.483512074342153 -0.196259040303346
-0.0438792061956145 -0.00029849927313081 0.572915245708697 0.54696356881907
-0.0606342504424303 -0.0597482235853797 -0.223445349371842 0.88409899611892
0.0415381373825545 -0.0552649567593338 -0.646622437910528 0.30130028294636
0.058309406152608 -0.0366614757796306 -0.0553735696289255 0.0980228125560432
0.0271511210255096 -0.0107789112198819 0.598918420031901 -0.25952166923489
0.00546474459918266 -0.0248819019768622 0.181266968579901 -0.838425469658734
0.00466182543239676 -0.0175550321037057 -0.647529008136286 -0.487932566102393
0.0140655473850432 -0.0271586458767349 -0.551124869788696 0.294469482598311
-0.0174932512209565 -0.0180794707487081 -0.0160782961751645 0.409193319503345
-0.0144174782091451 -0.00325314867559473 0.166734151373571 0.0763869026602721
0.00932427305581274 0.0151484585206203 0.0507786353817033 -0.205398503905737
0.0102066737591014 0.0108476966324707 -0.0165469274407457 0.192486938592206
0.0172311863321413 -0.00694424002475694 -0.140813330339603 -0.0633075151228066
0.0256943139179015 0.00857077317410174 0.06494702556821 -0.379924670218014
0.00916128860030479 0.0242539577022107 0.502196352840686 -0.16967887699833
-0.0477656096324621 -0.00587156828756875 0.537221612628595 0.603231763195621
-0.0531244231346938 -0.0690569810274345 -0.29067366179511 0.872234348710911
0.0465507302210818 -0.0526815133081973 -0.647739539544049 0.263472484344899
0.0571531817285256 -0.0322656254031978 -0.0187168504473037 0.0922446378205028
0.0269703120035155 -0.00990508743076399 0.598428816206925 -0.298652057066101
0.00709801300080669 -0.0292695550323529 0.117310524479042 -0.849516221347565
0.0041146806235881 -0.0215619511384085 -0.680975826165959 -0.439263340087166
0.0113676027128297 -0.0205524254044741 -0.522618648600466 0.321762250485455
-0.0151814372918191 -0.008442976130797 0.00966795558243307 0.398534699241931
-0.00920976400151344 0.00480493994009945 0.174061122934889 0.0604445061546569
0.0137860515694781 0.0191297393615763 0.0490642849618571 -0.209292938929566
0.0098083254327064 0.0143321438090166 -0.0222890768227815 0.190550341988769
0.0187225838222499 0.0010165580603797 -0.13611807442131 -0.0754807861203966
0.0253903824573215 0.0202183174694586 0.0897400551109327 -0.387237575266678
0.0085078807297235 0.0304706046189968 0.520910405322269 -0.148666342301215
-0.0463492406385803 -0.00645112510008238 0.509099739844267 0.631919401733085
-0.0476014669785088 -0.0670164020016454 -0.336031155741485 0.855065925381574
0.0393112508836558 -0.0451508019531543 -0.640517798400977 0.236189624021984
0.0434466859325843 -0.0269076193603934 0.0133168024894973 0.0893645134157102
0.0195715952316724 -0.00332307621647746 0.601776469437254 -0.328225071310207
0.0119603322266514 -0.0248881597448884 0.0761296397281906 -0.857614489767168
0.00840259595957898 -0.0214365377158297 -0.696605583134019 -0.405754323493653
0.012838527245326 -0.0154788436351125 -0.496149362357627 0.338095513243118
-0.0126691591397567 0.00214963035895481 0.0327826088003548 0.386438070454849
-0.00548595441491704 0.0130215113056779 0.17897146964792 0.0458505177935549
0.014000621155629 0.0245469915203366 0.0464091242383493 -0.210992870653057
0.0062355667061136 0.0191911706697972 -0.027034316744508 0.18974664531724
0.0175355090830985 0.0075683526070863 -0.13359726932263 -0.0829329054383915
0.0265634842137737 0.0262823330398274 0.102601702070389 -0.394197948666129
0.0124897217713199 0.0353137606990623 0.536023659264176 -0.139493823114692
-0.0407251237951215 0.00140280397211084 0.499394357114295 0.643388166557312
-0.0472437133939407 -0.0544426661944236 -0.355495857891516 0.842269843247466
0.0210694238921847 -0.0355347426571091 -0.628289457396393 0.222741274309612
0.0195458391598764 -0.0203086833610225 0.0381669662055185 0.0895356496089778
0.0071789280726903 0.00984149345715872 0.609912491814335 -0.346404407188727
0.0174312779941356 -0.0138725295871888 0.056312161444527 -0.868262611276329
0.0161130915389187 -0.0166612868312425 -0.698663568606559 -0.392651235014859
0.0161758246434917 -0.0106243065575608 -0.478338620603485 0.344343449162206
-0.0117176874739254 0.00980005417628436 0.0455715890419806 0.379012846579924
-0.00626881908454051 0.0196902897594728 0.179859008044925 0.0395521837244256
0.0104351698387655 0.0291316117494991 0.0398106901327852 -0.211258799678414
0.000276270248066129 0.0231391638151341 -0.0327250852954636 0.188204862022478
0.0160736747576154 0.011233559908897 -0.134415950201873 -0.0859147780768703
0.0280935009244118 0.0285351500242539 0.104003527951601 -0.399461520457288
0.0202643785741197 0.0405736227160609 0.543030642712739 -0.145675356252417
-0.030305543322662 0.0147703929842624 0.509272346534807 0.63702169020532
-0.0503259923980149 -0.0336957679191186 -0.348542273268808 0.833750219031324
-0.00667485243463344 -0.023160666751603 -0.61615156317076 0.225114330553059
-0.0112832391529464 -0.0124550908227197 0.052544636156235 0.0909676655461446
-0.0109536587430866 0.0267888531057831 0.620339308288572 -0.349234209443316
0.0220582462924521 0.00432332911472947 0.0669439353044462 -0.875569453655335
0.0284340998550541 -0.00885562841325315 -0.690895171540809 -0.400997842551847
0.0206269488109906 -0.00882856804798533 -0.47061855706 0.338568122901932
-0.0120887379398305 0.0124671204666728 0.0475991514906364 0.374246150187573
-0.00848566686156418 0.024043800174686 0.176655073086745 0.0366002942742957
0.00347005206513602 0.0339034160016398 0.034982397777616 -0.20996275142987
-0.00926970548081937 0.0264827677908577 -0.0368219924906092 0.187449830099188
0.0117396136866206 0.0119692058898661 -0.14133176562724 -0.0820439479738703
0.0292450786300997 0.0260445083761234 0.0934788919072685 -0.402122684153116
0.0326053605840342 0.0410829619617075 0.538111189589104 -0.166667600103038
-0.0177049079419858 0.030906448843352 0.534214321682788 0.608610874996407
-0.0549823298553203 -0.00736980106807351 -0.309381224649235 0.834056003711702
-0.0357427070617048 -0.00972614148193644 -0.602724579468726 0.24220158346189
-0.0455014502923885 -0.00538445073764824 0.0518401738286012 0.0952720318604125
-0.0330367256484858 0.0459774969588225 0.636797707062579 -0.334822686467945
0.0254610750443563 0.0280479662475093 0.105717250116913 -0.881200599971964
0.041554678278166 0.00144026148373773 -0.670919626300136 -0.43240556845457
0.0272425996061838 -0.00990100445849279 -0.479026089335522 0.322327540696747
-0.0138265481157562 0.0119419564439246 0.0381919924846245 0.375857865884539
-0.0144436402817087 0.0259106097561051 0.172565258002168 0.0427957152268053
-0.00623691777973013 0.0365332299998465 0.0293610269778126 -0.208200686858538
-0.0206481058438056 0.0285071502186848 -0.0405278442812449 0.188934557198601
0.00652892394682584 0.0102419771866138 -0.150484492577918 -0.0717471447524604
0.0297710323124791 0.017700592980864 0.0709335696488785 -0.401035963378563
0.0435417739651161 0.0400117013280823 0.526382195780508 -0.198318337632926
-0.00439851696654151 0.0465861024891562 0.573867361980495 0.563687723446113
-0.0597739962248313 0.0226802772462454 -0.245923875719396 0.841506714082917
-0.0624971483437613 0.00441160361313182 -0.588112712189258 0.273157194745086
-0.0766733041604279 -0.000690314640000722 0.037570980701265 0.101870507531526
-0.0572036871238442 0.0616971769600133 0.650213940677634 -0.30541196792568
0.02402646409902 0.0521143848813576 0.167154513339984 -0.877620311195711
0.0533891836326549 0.0147229864007288 -0.642260311501865 -0.481876707934698
0.0342016519546546 -0.0128834327705922 -0.497226576220125 0.293899699850717
-0.0155022804929008 0.00662162610248188 0.0192422506517121 0.37988873008629
-0.0211305709934214 0.0239283875859094 0.16330148543042 0.0549529586849115
-0.015790229364791 0.0372891529595099 0.0259753622717995 -0.206121120705877
-0.0303143141805877 0.028764928248326 -0.0413135536743336 0.190966994365835
-0.000167460916772975 0.00616635786395538 -0.160541042975967 -0.0560023406747977
0.0267786179600393 0.00677235869623963 0.040821049029749 -0.392658557723622
0.0527811619545202 0.0336499585058602 0.502744661334349 -0.234281260769232
0.00915096090773074 0.0586860337881116 0.616817918897366 0.509578164367137
-0.0593607747755943 0.0477916521311009 -0.171539054945281 0.848599305851233
-0.0814522381944926 0.0187678299009147 -0.579219948631566 0.310206745939599
-0.100817390266829 0.00117080127307374 0.00994042179329696 0.109090719792914
-0.0799932232918436 0.0703892572082306 0.657384223789031 -0.264598487301093
0.0169398150590992 0.0734777153124343 0.241160949536323 -0.867105180808341
0.0627788496207559 0.0298148198903671 -0.600584482303653 -0.540067147710823
0.0434273264636993 -0.0160255190331866 -0.52592876838915 0.259178701400499
-0.0172769328260708 -0.00277998882265041 -0.0101030697817515 0.39012289007658
-0.0274865073158108 0.0187685665498212 0.154648951492954 0.0690535758816127
-0.0255783367371295 0.0372441358023777 0.0235659901236386 -0.203052370974847
0.00720703408897161 0.00799536698103718 -0.0183386297316311 0.195813610618003
0.0143905507532851 -0.0152841485668046 -0.15106861287099 -0.050090493262359
0.0265411415231385 -0.00208006422098479 0.0393086236383006 -0.380276944554843
0.0136156328646902 0.0180107091606559 0.488073556341256 -0.197647377479918
-0.0450501863891328 0.000695041089053008 0.579465689365354 0.548855262108227
-0.0614633792383916 -0.0596955383961387 -0.221649158688085 0.890258123536483
0.0422474424448062 -0.0562043382018612 -0.649498022517146 0.302663829676299
0.0594353465009322 -0.0359606620993373 -0.055064271027939 0.0986807780262404
0.0264615865508492 -0.0107329953922386 0.603051877778826 -0.261001303420444
0.00391331081207107 -0.0245547740057532 0.183872704242882 -0.841613892289313
0.00385623619807935 -0.0184218577544188 -0.651404555870629 -0.490941025379931
0.0138595855657678 -0.027102857467879 -0.554441711687392 0.297785483014042
-0.0173825091825737 -0.0187706869952046 -0.0161469119554466 0.412202672537538
-0.0155762385386649 -0.00305326325775022 0.167277818538686 0.0769933457968779
0.00898564799998379 0.0159630757393226 0.0520354285849751 -0.206873959048744
0.0111604713449591 0.0103424478225985 -0.0188349498024338 0.193347847891002
0.0175114975393436 -0.0076168206579589 -0.141416244275548 -0.0636378344613423
0.026642540847425 0.00933128566707629 0.065790423601382 -0.38390458974118
0.0106829711411476 0.0238116750357789 0.505683578336933 -0.170670940098498
-0.0484672049666003 -0.00560280121554028 0.542195288880959 0.605196783327784
-0.0531142235905635 -0.0687078774554328 -0.292752837791374 0.878391176926108
0.0461919183722362 -0.0527875279616238 -0.651059124542433 0.266437123654209
0.0563865452621619 -0.0330857182138994 -0.0190819086033227 0.0926419777843812
0.0271618948879505 -0.0105569082879822 0.601088773543449 -0.299957619694282
0.00770371454654557 -0.02991382944718 0.119728725910746 -0.854742592189545
0.00361323742941549 -0.0214627296675603 -0.683505555595599 -0.44316521557711
0.012947967441815 -0.0210351289782578 -0.526685966208621 0.323882594200423
-0.015693957255488 -0.00732347603005971 0.0103774450548592 0.401708502871362
-0.00979185079361452 0.00562000629533685 0.176087439160306 0.0614506740723125
0.0142557621818736 0.0199912859760965 0.0501856436050186 -0.21108596017447
0.0111690246454602 0.0148656825865508 -0.0224162365002763 0.191648716951462
0.0187405445116044 0.00022171111089392 -0.136710845903526 -0.0764774143076971
0.0267331262031876 0.0194364359343504 0.0888296195715294 -0.391907087761638
0.00889583432578389 0.0299396024919412 0.524522813134693 -0.148915658500556
-0.0470460442032693 -0.00586474711384998 0.515075043657486 0.63468632196235
-0.0477472620878627 -0.0674804240660674 -0.338708405701381 0.858385109492679
0.039529795207062 -0.0459114044247547 -0.644902380356367 0.238487092512572
0.0431440666727615 -0.027014062903722 0.0140661902793471 0.0893691504446025
0.0201598756974436 -0.00376160461364191 0.605566944670646 -0.329562395137767
0.0120226247608643 -0.0259719877815532 0.0759083279370366 -0.864573342894776
0.00816146590270591 -0.0207251239617436 -0.699772864539208 -0.407332905136128
0.0136744105222926 -0.0156722674248163 -0.499301021134872 0.342088593897441
-0.0125928896253806 0.00188479788544885 0.0338364023670931 0.389437082697151
-0.00612052386789043 0.0135891652930381 0.181217439076285 0.0471815046363816
0.0145835598108025 0.0256925337551368 0.0457832501727576 -0.212580540928851
0.00633095368050372 0.0197332899036111 -0.0267797311782252 0.190735484113816
0.0179989986012176 0.00754776358904626 -0.134198465554583 -0.08288181459775
0.0278509002726534 0.0267187950561485 0.102969741633905 -0.396230829403134
0.0131974530072779 0.0350655477047336 0.538579789929614 -0.141190093634625
-0.0415049933426914 0.000143997337705516 0.5029937323028 0.646922969482477
-0.0466911612298668 -0.0546452784060808 -0.357812744054341 0.846902957543138
0.0212307430897872 -0.0357218779469286 -0.63245637348076 0.225044799790594
0.0189828636079064 -0.0204109256991488 0.0393852910593761 0.0893983503590235
0.00715209894120663 0.00935265567853663 0.612762598823185 -0.347346142753852
0.01711310970588 -0.0135854936531628 0.0585985968135938 -0.873334622041796
0.016721156891777 -0.0167767972106557 -0.704453549797911 -0.395360187833328
0.0164588550235391 -0.0111512443478258 -0.480562255663742 0.348970531953207
-0.0111713910281511 0.00885532797848455 0.0469973274937257 0.380708197202348
-0.00657833101463103 0.0207466819462692 0.181014547513212 0.0394805995968458
0.0112562382284271 0.0298945946922535 0.0412085422646863 -0.212753380528617
0.00081973254666971 0.0231690150562937 -0.0326216717425157 0.189732317799342
0.0149864552313643 0.0110697613580786 -0.136331815521795 -0.0860553994759162
0.0282584000667303 0.0285116085038899 0.10561534646614 -0.403683973805735
0.0212138490971245 0.0397694828769792 0.546085234271646 -0.148355242089932
-0.0301737176873731 0.014709621381472 0.513199922652841 0.639010192631972
-0.0501014390239868 -0.0331745328710334 -0.349413892331986 0.839212525443062
-0.00575958386979632 -0.0250535839597406 -0.620641265045412 0.227455473506216
-0.0114442813670796 -0.0126044334421182 0.0531661985010789 0.0921856288783249
-0.0101590539509309 0.0274316846776633 0.622924017844302 -0.353091271729361
0.0236268639141251 0.00435621170337353 0.0671915620573491 -0.882209836125219
0.0280370584457865 -0.00930014105461572 -0.696276823369952 -0.403281161802574
0.0202219892515337 -0.00968469789047472 -0.473837473193866 0.341201991394546
-0.011656477796947 0.0128437496960317 0.0499394336474387 0.377321059916154
-0.00866038281349485 0.0248787962533875 0.178783384477628 0.0370646531746652
0.00425240030510441 0.035147204202421 0.0350846096285368 -0.211586042838366
-0.00941882004304179 0.0265418982801064 -0.0375452657515715 0.188803364797505
0.0114286527071273 0.0119686084117567 -0.141868277793568 -0.0833532825215237
0.0301509739959288 0.0255854154032928 0.094014961203418 -0.406543322028398
0.0319051739188626 0.0410761164988465 0.542770027169883 -0.167678617484326
-0.0190051652923808 0.032360303469882 0.540817601262675 0.612341185857785
-0.055629324261495 -0.00681523237985866 -0.30929827002439 0.840581431975639
-0.0358559194330728 -0.0100199355728278 -0.605642537746477 0.243579777431372
-0.0454332334640689 -0.00572816106131433 0.0537438878598529 0.0965341329715392
-0.0327022324415567 0.0464488666894979 0.639844026717977 -0.337978228580022
0.0256892625316501 0.0275526246102926 0.107781698445685 -0.885942798202651
0.0415275985533317 0.00194327301280669 -0.675116571454214 -0.435228132626895
0.0268318772748863 -0.0102109428764865 -0.482504875825934 0.32461854415114
-0.0130881674773764 0.0114965180407865 0.0396375057063204 0.378876620011133
-0.0139452908752075 0.0264744847242465 0.173269027132744 0.0433421260164691
-0.00479180852778796 0.0379318857567629 0.0309188427595205 -0.210211678593716
-0.0194816527355326 0.028924647468383 -0.040426916081987 0.189048428583177
0.00631813667919104 0.00998451020714787 -0.151738273660799 -0.0716841898044417
0.0298039327950865 0.0173691657618136 0.0714528657343759 -0.403455791186643
0.0436495762329372 0.0385153576165462 0.529171625747877 -0.201442537131261
-0.00432100073022863 0.0479054956459139 0.580724837865651 0.566474043157604
-0.0591373643607167 0.0219951465421957 -0.248657211788701 0.847046320749724
-0.0628668506705876 0.00490986454672873 -0.592448033307966 0.273881262834763
-0.0768261044018553 -0.00161949844535121 0.0379766058414386 0.102377653109964
-0.0576237164543407 0.0621213499212597 0.652523788405035 -0.306820405472888
0.0243250927418046 0.0523073989794856 0.168991851479217 -0.88282819582238
0.0538193936600487 0.0151997600954572 -0.643665651682697 -0.483412725855966
0.0345581387373365 -0.0123260862639917 -0.502510412919132 0.295009146902102
-0.0152248974889085 0.00616987412317579 0.0172713747601516 0.384406226312084
-0.0211355394499662 0.0255191101451184 0.165636077045825 0.0546831400677927
-0.016096533336192 0.038156016770963 0.0258692653231806 -0.207484441386189
-0.029939533730267 0.0291764547658506 -0.041623727012164 0.191578445742204
-0.000588586819261733 0.00654796939242947 -0.162452861363709 -0.0564039453447095
0.0273682013077528 0.00679013226231737 0.0411558592670341 -0.396682328409916
0.0526672799478918 0.0331144385291606 0.507161765718378 -0.237343252807177
0.00847610907506496 0.0595320699932215 0.622080057521859 0.511341010672148
-0.0599895558740957 0.0489471920305666 -0.173030216283064 0.853141185163304
-0.082618192928601 0.0187121707965937 -0.581160496347024 0.314970901735755
-0.100722576098609 0.00101961996216141 0.0111516132634837 0.109034820069785
-0.0813467287629108 0.0716533621649129 0.662292967160808 -0.265305091157242
0.0174706644600287 0.074369578852893 0.244406330433501 -0.871747495545428
0.0637203393648467 0.029423897849828 -0.604845221715786 -0.543823345519391
0.0427442286558582 -0.0156994049486757 -0.529515021606434 0.26195257916252
-0.0159123493879135 -0.00309067279220793 -0.00858580641978136 0.392338553655833
-0.0276528665766598 0.0188281170727925 0.155822135290321 0.0695237391852725
-0.0254597380380126 0.0376042056498221 0.0238963080702161 -0.20408568389586
0.00773385704602478 0.00729549550630274 -0.0184510625442806 0.198193362906102
0.0132319124032806 -0.0153430974644633 -0.151740782770853 -0.0503542400981972
0.0269175665763918 -0.00259935557054749 0.0392803726510353 -0.383868018761322
0.0140338846777304 0.017781676184114 0.491837068247269 -0.201029248117926
-0.0454849190997637 0.0011336061692119 0.586058204004113 0.551727585884376
-0.061257134279307 -0.0591711674576105 -0.222194382105155 0.896246920059917
0.0424897223915357 -0.0567027176294885 -0.654914961217928 0.305917735534544
0.0592148654040887 -0.0369896405554863 -0.0556202041316861 0.0984147796396605
0.0281850902396918 -0.0112776349641759 0.60701277255955 -0.262057542122548
0.00402070519903976 -0.024110823138893 0.183528992757257 -0.847902820692983
0.00497091659624448 -0.0172720085903611 -0.658372476698835 -0.493687022596402
0.0142665443001177 -0.0287346527716123 -0.558710490297831 0.302183390059221
-0.0164242903699366 -0.0185833018046765 -0.015736152313843 0.416492586287715
-0.0152210234698828 -0.00191877153091049 0.169798034830558 0.0775450513093263
0.0104070377690466 0.0170019307946994 0.0514921630366766 -0.209125608952452
0.0112889627525189 0.0101808496842879 -0.0184713001419361 0.1946897130935
0.0166573914232939 -0.00760975828398569 -0.143218026096569 -0.0626791483526881
0.0274524134724783 0.00905931510409669 0.0650290883062713 -0.388278318435459
0.0102728326820465 0.0236796325399478 0.510413171162255 -0.172790640482827
-0.0495423744736685 -0.00480106620277764 0.548054341694802 0.607655533679482
-0.0541564845917854 -0.0693464706010704 -0.293134139236692 0.885189905709213
0.0471915367695802 -0.0533459671391167 -0.655646277611797 0.268421167305404
0.057221161001731 -0.0332091340534244 -0.0191944030144152 0.0931942001435169
0.0278084153437593 -0.0105806018194269 0.6064537232434 -0.303663364083019
0.00804116343073408 -0.030110342971046 0.118432997258745 -0.862186773900737
0.00398008581958877 -0.0210155899081659 -0.690640251670846 -0.445299033620915
0.0123017202340381 -0.0222319213745661 -0.530750985313343 0.330184111080351
-0.0143396107806315 -0.00748070537417095 0.0117697669897349 0.406092402235542
-0.010293065697564 0.00612538325281974 0.177936592151829 0.062287684910589
0.0142321495386402 0.0207687116848363 0.0505595563310493 -0.212192304818648
0.0107481283004847 0.0149922372701079 -0.0223135236254306 0.193111711649014
0.0180237270070909 -0.000130266415488554 -0.13690840625498 -0.075899707351122
0.0269353498620511 0.0191020617624647 0.089567912674758 -0.395468420486064
0.0103122268318543 0.0294624158863089 0.529497075300731 -0.154072115861998
-0.04833213775 -0.00475120905759979 0.521562629003197 0.638795500144155
-0.048670529133138 -0.0676446295627043 -0.340321761215186 0.866535387338508
0.0404693269096868 -0.0459863616852875 -0.649304480874826 0.239927806874907
0.044429383816154 -0.0275279845872664 0.0143274944293487 0.0899677914605041
0.0200863973830463 -0.00357012523651535 0.60944136550098 -0.334943873674804
0.0125776832723815 -0.0261918407668443 0.0760434145339983 -0.870855978838031
0.00800307703992627 -0.0206388523249789 -0.707212390806924 -0.408047029493005
0.0130797202992393 -0.0162187966536286 -0.502649590949034 0.345450741383177
-0.0121563722964606 0.00225207234408803 0.0350522900048286 0.394158225240596
-0.0067741967345697 0.0145598162520194 0.182379108231726 0.0475029191132445
0.01395841532361 0.0258964344166064 0.0467365992781297 -0.214427612327815
0.00829239826776376 0.0191794809311854 -0.027727100005372 0.191039198738026
0.0178275092407318 0.00662272349824097 -0.134901388026309 -0.0849426824011986
0.0272488125052869 0.0264563904940918 0.103539542349995 -0.401083775882281
0.014093241862776 0.0353751700318584 0.545183529652466 -0.143381518551189
-0.0423731515753528 0.00129023350180026 0.510907812539854 0.651739468663098
-0.0483719768213252 -0.0552241922505304 -0.359801898029288 0.85573017816741
0.0213335865888295 -0.0362099808399876 -0.637977826798042 0.226043076168807
0.0197976413368167 -0.0198585687024278 0.0404188398885431 0.0904132268843543
0.00725428679576354 0.0102263396214704 0.615484504296725 -0.352001578665016
0.0175005637106008 -0.0141258682012382 0.0570780731118057 -0.882252243300507
0.0166197900181223 -0.0170560165004342 -0.709452882573635 -0.395765778674802
0.0158211487933605 -0.0128482963194658 -0.483599377610242 0.353436477133807
-0.0112058927716197 0.00905277154640295 0.0486111887079206 0.38494521471172
-0.00678063548109877 0.0212520957194503 0.182305143524537 0.0386585767707116
0.0115452871640273 0.0306590809754116 0.0413004936981217 -0.214082713322353
0.001228340267755 0.0240762403708323 -0.0331932360323753 0.18966082505618
0.0149340441034313 0.010156673079328 -0.137105538725631 -0.0863244669090571
0.0287147257409031 0.028311924600954 0.103857700731681 -0.406000242488305
0.0219128265641994 0.0398751268560475 0.551782244487335 -0.15155721764674
-0.0319360383781606 0.0152346165704512 0.519533857416383 0.642506265344133
-0.050849239850118 -0.0331760689689693 -0.350645908488656 0.84680508527217
-0.0058627020779543 -0.0238879095307369 -0.623355384398897 0.229045243992254
-0.0111969340859992 -0.0127395890589759 0.0540055169002926 0.0923513714667116
-0.0107237516943942 0.0269482929110259 0.627703200663643 -0.355595059054592
0.0235351638396799 0.00374987810040575 0.0661611290129626 -0.88736995325261
0.0290868467952234 -0.00896169981912299 -0.702435881191918 -0.405510272858938
0.021330070735109 -0.00942762027808635 -0.477683436935287 0.346090304062709
-0.0113434076614247 0.0133238648804092 0.0512507249634735 0.379573048960542
-0.00896488997987473 0.0253817491203538 0.180307584647444 0.0377678096716179
0.00464687703545378 0.0345650461275017 0.0351141061405614 -0.213800527774979
-0.00897993740479045 0.0267968895219056 -0.0383207015741266 0.190134453424884
0.0116060312143132 0.0113113042264514 -0.143833193721462 -0.0832317809363254
0.0304229421173119 0.0253557209584313 0.0934770803656897 -0.409682451333159
0.0333485762248708 0.0413554117995826 0.548273061717879 -0.171301617501903
-0.0196695709812834 0.0320201531918873 0.54614257478874 0.615256910036124
-0.0569581239651087 -0.00563468835707376 -0.311288479461879 0.846006690055673
-0.0364353657087019 -0.0104929747097177 -0.611781637025675 0.247606680626611
-0.045975571160392 -0.00600865143325962 0.0538569860822709 0.0959754920515615
-0.0330218537361301 0.0466947679744253 0.642576390765968 -0.340420685967668
0.0254226699928506 0.0276892063946187 0.106549599905329 -0.893316379800246
0.042305782807439 0.00168546839580237 -0.681511995238829 -0.43571402506641
0.0271115827313634 -0.0107464830085674 -0.485394047027011 0.330159816795421
-0.0126456434318712 0.0114533566028342 0.040032865977739 0.38132900363418
-0.0140686378625372 0.0274968584171423 0.17443216890979 0.0429509836696839
-0.00462615297270384 0.0384108909399107 0.0307545768090315 -0.211655661726804
-0.0187425645107466 0.0290161993376017 -0.0420186297039447 0.190405378475044
0.00633048792573252 0.0096765855878441 -0.152658453284967 -0.0717485375192718
0.0294765726357076 0.0167818786980997 0.0712389483172031 -0.407027643599231
0.0447932283285165 0.0391054277397879 0.534890660196156 -0.204055137602952
-0.00493813406355035 0.0481237586411194 0.586741988057165 0.570568017006512
-0.0597780958283918 0.023625815570401 -0.248827161750074 0.853387075499101
-0.0635077587127557 0.00463573650877842 -0.596372514171373 0.278034421003471
-0.078000225965944 -0.000713763108080301 0.0385582487549524 0.103578858867951
-0.0581206177908379 0.0618860451647637 0.657679228917492 -0.310108810040876
0.0245279260637035 0.0514025772782062 0.170057366858088 -0.889396189231035
0.0546809370681446 0.0154306003897778 -0.652726277187076 -0.486864723320922
0.0347236376492508 -0.0134311457451252 -0.505621592401946 0.300935447950349
-0.0145046676109462 0.00549381114544292 0.0196311977260671 0.386946429271571
-0.0210982244425715 0.0256336410511433 0.166943813284231 0.0546316265246124
-0.0149361511166071 0.0394177435934042 0.0273012324899349 -0.209419213312178
-0.0293694888581608 0.0290952489618359 -0.0422101330673202 0.193418090939804
0.000320702402878359 0.00578120684079106 -0.163147297562394 -0.0566509955555437
0.027483252731551 0.00624306280181511 0.0412984511239262 -0.401000752165811
0.0546257150400802 0.0328393635726449 0.512193226744217 -0.241315795214816
0.00957989245394685 0.0603765749565755 0.628816098610001 0.5133442171528
-0.0607349742439427 0.0494573356897875 -0.173396430864686 0.860460237004088
-0.0832051213021736 0.0188664197768501 -0.585404019746826 0.316877149752014
-0.101505292532499 0.0014215824739476 0.0119797949012483 0.109078723512419
-0.0813632384994848 0.0714741928177032 0.667005488687304 -0.268216563808468
0.016489818506288 0.0742484626329998 0.245309097299375 -0.879071601039441
0.0640072901399004 0.0294843428824049 -0.611627623619275 -0.545910944165625
0.0431193062924814 -0.0170114350692193 -0.532530364294457 0.265113993219197
-0.015791208976453 -0.00279132812547044 -0.00907842663527614 0.396374654231753
-0.0271460148246783 0.0208161242783413 0.157309557477021 0.0694232868900589
-0.0247461519608094 0.0377794202630708 0.0241412336524828 -0.206069169985288
0.00871122401048761 0.00733992923312015 -0.0186469659238648 0.19911334722362
0.014414173358661 -0.0156013449116077 -0.153062098067751 -0.050016690442351
0.0274347309714084 -0.00321239162279207 0.0389170681800077 -0.38724702161288
0.0143398316482433 0.0172479203161357 0.496620679258905 -0.203430483408699
-0.0471403229777166 0.00124830886847396 0.595133224009976 0.553161285963112
-0.0621836900705233 -0.0604458782373193 -0.222521942633537 0.90368687288295
0.0426301753314075 -0.0568200653161877 -0.659275294387689 0.310051803089759
0.0594190136262351 -0.0370792335069949 -0.0556420308186055 0.0997764067945378
0.0279381201156635 -0.0110975271827015 0.612057208844752 -0.267709672109213
0.0051067869902429 -0.0263218270298596 0.181872826752234 -0.857075629785273
0.004610040575801 -0.0179976741685851 -0.665768811807073 -0.495809993584307
0.0150616810867646 -0.0285829835450433 -0.564360066207157 0.30822393843325
-0.0166980659203067 -0.0180791425668264 -0.0118494738475155 0.419865359531141
-0.0154602856620415 -0.00082790795587725 0.171416808353839 0.0778329716022376
0.0100940164213281 0.017520232899711 0.0520361611381219 -0.210582783493341
0.0125162676101145 0.0110968839322891 -0.017869087839833 0.194899064265418
0.0166960294506765 -0.00814871420520544 -0.144619545989335 -0.0629042301465723
0.0278788085861077 0.00914568893661333 0.0649508696225089 -0.392247530458894
0.0102221303977383 0.0236772092895953 0.51612874003162 -0.176178003032058
-0.0507284766163914 -0.00478367555834764 0.555767694730099 0.610858410782099
-0.054465840999615 -0.0693790670277912 -0.292595978801614 0.893816061262713
0.0478210176382672 -0.0542920282124081 -0.659705644596083 0.272617658234303
0.0581489553508673 -0.0336311730273544 -0.0173376098548831 0.0934114344628809
0.0286423689464699 -0.0110106999519086 0.610549553855361 -0.305840079127787
0.00816812213881877 -0.0302784376922605 0.118477949587571 -0.870143497359882
0.00362790706096513 -0.0222361256200939 -0.698294454587262 -0.444569134183091
0.0125992017599001 -0.0231568517507976 -0.532766845729722 0.33592080713562
-0.0146370483063668 -0.00738032981767142 0.0137657547401036 0.41024332531009
-0.00946128317493875 0.00736411134275363 0.179051502323225 0.0614037318118402
0.0146323087455008 0.0213201878649582 0.0507314526984283 -0.214635013414036
0.011767404128472 0.0154805862615947 -0.0221638794428108 0.194194331384892
0.0176704482895502 -0.000392414634169067 -0.139797930657787 -0.0756998702031494
0.0276500467255224 0.0191163769876429 0.0872177505117973 -0.399440112842351
0.01039801222201 0.0291495381886251 0.535388797594454 -0.155456995001094
-0.0495358502027616 -0.00482284980448734 0.528891221210233 0.643352553747788
-0.0493825975221543 -0.0679844064988308 -0.339473548801785 0.875881339697505
0.0405210075870492 -0.0468325995604942 -0.65368807720867 0.244314320932297
0.0444965898403518 -0.0278406010572105 0.0144410646209093 0.090931540812479
0.0212717439012326 -0.0036245501271383 0.611903440894557 -0.338778444046177
0.0126832061734697 -0.0264539018644362 0.0734648842524878 -0.879549898798154
0.00865029310585875 -0.0204447219957294 -0.71432830394048 -0.409901615279916
0.0127787786798372 -0.0170063823488051 -0.505340944163528 0.3527195403752
-0.0127175761994556 0.00193966396402218 0.0369269942310702 0.397201746222963
-0.00611637839329938 0.0144636291771605 0.184216878887223 0.0468881607185933
0.0153590857606856 0.0268048257480955 0.0469877994327899 -0.21600575385554
0.00866643892137614 0.0190696618206731 -0.0268986362939173 0.192789961862406
0.0168234306754866 0.00669285456908457 -0.136369020530669 -0.0838483121635208
0.0282036156369657 0.0256525089646471 0.102111298495301 -0.406962817436615
0.0145911737429777 0.0355829481503595 0.549537138710339 -0.146966931180185
-0.0430129941654385 0.00177873775173415 0.51948871806637 0.654411694874716
-0.0488061066413096 -0.0547346267819906 -0.359217627225032 0.863429061113758
0.0209137468296809 -0.0362438555732573 -0.642092866745767 0.23098993506842
0.0195505246686965 -0.0196173423703424 0.0408437375006469 0.089565865916157
0.00808227540796466 0.0102727614839388 0.620697236578624 -0.357279801958325
0.0178647183631905 -0.014904042759616 0.0576857595241735 -0.889725681607158
0.0170992731510041 -0.0177400559642613 -0.716977036142165 -0.396667116534097
0.0170533198072256 -0.0123056254394908 -0.486978507444829 0.358977045502935
-0.010681688110796 0.00914870571083833 0.0516582292663264 0.387900631274098
-0.00605523623776188 0.0218605395094245 0.184779456518269 0.038988687959035
0.0120397607008677 0.0318844357890238 0.0421377043086364 -0.215714128301589
0.00134486785027033 0.0243455965895296 -0.0334356610492393 0.192054666420738
0.0146140875865351 0.010205479613296 -0.138017670079893 -0.0871956084729564
0.0289957813053901 0.0280198392858772 0.104641657284079 -0.411272786920021
0.0222840469409241 0.0396276084548069 0.555780218602134 -0.154818440528319
-0.0323994372378458 0.0162734442879685 0.527757692847956 0.646944660038943
-0.0523484677329929 -0.0336032983254516 -0.35118974061289 0.856101486788822
-0.00591348343751656 -0.025077064729493 -0.628610191976544 0.233828148742655
-0.0119519086464822 -0.0124822433871527 0.0552579735020578 0.091784801453493
-0.0110339881459161 0.0281738731620137 0.631880725177786 -0.359211917477422
0.0233373677713619 0.00362247116063943 0.064735410500144 -0.895892494654915
0.0288507991293353 -0.00971646420215522 -0.710365325325127 -0.405191032181024
0.0204278368123938 -0.0103790506835645 -0.482044351951067 0.354465285404085
-0.0113714947101797 0.0131815257991487 0.0521793091635556 0.385158383388508
-0.00918429398268237 0.0271456647799079 0.182436046091717 0.038013040854757
0.00476478798778806 0.0359580405660447 0.0363942830802786 -0.215560636369153
-0.00805045761626766 0.0273664736290157 -0.0385534980507826 0.191730812532889
0.0110430619008805 0.0115628573580245 -0.144892855371316 -0.0834064863031353
0.0302047544079121 0.0249386737978265 0.092329287314276 -0.41464030163196
0.0344977742768736 0.0414210282658211 0.552978905848359 -0.173715856130529
-0.0202081180698036 0.032698170123206 0.554706352096187 0.618870428153132
-0.0563949182444664 -0.00565629524533966 -0.310434543319928 0.855165322884831
-0.0365398636718724 -0.0104662935167468 -0.614002646582997 0.250824828095635
-0.0469384579898728 -0.00656200172984645 0.0551732401841075 0.0968929312331004
-0.0332297834725377 0.046254373487593 0.646463255693752 -0.344478925950495
0.027034168507093 0.0273128482321207 0.10631503061493 -0.900790956856739
0.042878473452881 0.00175599191823729 -0.688572534631992 -0.43791154281226
0.0274214494282742 -0.0120781665491433 -0.489431841222988 0.334129675388912
-0.0134129463803424 0.011161618889156 0.0416411080781319 0.385336898456341
-0.0152211670784727 0.028311497098452 0.177063764562107 0.0436046428782338
-0.00330558658891033 0.0387741263249825 0.0307790401294052 -0.213696475474581
-0.0190579353374869 0.0296054532504131 -0.0415592206815549 0.192498499366266
0.00500994810722425 0.00933177295662448 -0.154728962861315 -0.0719764206488125
0.0301786486412059 0.0168166992952649 0.069396672032181 -0.411212646949083
0.044792580781905 0.038075111189461 0.538786860855594 -0.208804540061764
-0.00559308473127137 0.0497505347356485 0.595274437481259 0.571860903985009
-0.0606167265941576 0.0238919750482112 -0.246148486382156 0.860686748739646
-0.0635452698874681 0.0041749271658869 -0.600892926891554 0.28110643174361
-0.0784836446872731 -0.0017060575599073 0.0398448351608182 0.103169288421936
-0.0577896926763652 0.0636774992097086 0.662601776629043 -0.315260428036542
0.0250235424105758 0.0518300763168279 0.167678425181604 -0.895648959473033
0.054926005797192 0.0147086126149482 -0.657993435574935 -0.490067752346531
0.0341043133702805 -0.0142609772532874 -0.508213512553705 0.306354127626655
-0.0149781442954987 0.00600024305938008 0.0207153462883965 0.391684393113812
-0.0214305238272775 0.0268857759800941 0.168598632840849 0.0553639299672372
-0.0149943990763676 0.0403061295223472 0.0270237148984955 -0.210513949311599
-0.0285558405842052 0.0297494965734352 -0.0428011769578918 0.194265201612758
-0.000112120850484398 0.00622152690839109 -0.164542901170524 -0.0557604667967437
0.0274558434776328 0.00615523284095378 0.039606254675417 -0.405416040055871
0.0552487758934088 0.0329003774085276 0.515594349628003 -0.245008064478467
0.00827184566815085 0.0612592652296095 0.637034732789703 0.514491605843266
-0.0606666859695863 0.0503987593517356 -0.171540594447996 0.868662210530011
-0.0836693206907412 0.0184153322039963 -0.589759655511046 0.322116957092112
-0.102711432087546 0.00102157475717354 0.0114228634663032 0.11059612928607
-0.0813653878714817 0.0723153622333778 0.671885746303217 -0.27326665488198
0.018110615867976 0.073909639831123 0.244884671632537 -0.887652789890136
0.0647028800840748 0.029118412184923 -0.616117807138389 -0.548431556321576
0.0432583406853096 -0.0173135770197635 -0.536586346969078 0.269771535547529
-0.0155320193621525 -0.00275697431117461 -0.00640741563232528 0.399129466370594
-0.0283245286468755 0.0208938151898492 0.159155804876922 0.0706849362019416
-0.0245107548690409 0.038206948813073 0.024190565695855 -0.208267451203662
0.0128389332206578 0.00896609598422198 -0.011850549697599 0.200473739190758
0.00943525829587455 -0.0147097855246741 -0.15515780780839 -0.0410722381877271
0.0224596311548449 -0.00955697426064389 0.0167991825765924 -0.388517863091419
0.0214509333829863 0.00730275389592424 0.483609412603642 -0.229593666479985
-0.0318876972346898 0.00600937019613094 0.629700389669797 0.516070448551346
-0.0554869782864636 -0.0427871480140637 -0.169331426502555 0.91515218013881
0.0346338363325624 -0.0573120793590292 -0.640088981177927 0.357971629498429
0.0569217992299988 -0.0393080257808488 -0.0481157195922352 0.104270485262186
0.027795072845308 -0.0126786816235106 0.608966402195048 -0.310168407791337
0.00931157099667228 -0.0212563128528338 0.140702016734102 -0.894008137860909
0.0127233723711592 -0.0241030446485654 -0.71581427353609 -0.471196302326852
0.0117076311280992 -0.041379691508276 -0.563518268741432 0.352193521215795
-0.024641656985659 -0.0196327448301294 0.01144179996656 0.436490859026926
-0.0184040165289874 0.00247907465341152 0.183224462785908 0.0715063928678896
0.0152532902497588 0.0194148336118476 0.0447586576718617 -0.219694347097407
0.0154690755985603 0.0107249968078263 -0.0124149203811898 0.196812163306092
0.0127278386599306 -0.00851276525444724 -0.147268329542684 -0.0548395483225483
0.0242659111794975 0.00225365238042366 0.0409706103181523 -0.394756936630866
0.0178098651413502 0.0141116846415877 0.504535696792401 -0.20299034069493
-0.0366238663487833 0.0015975103792042 0.596518643311247 0.576265309932974
-0.0498541696799523 -0.052326588806963 -0.240735418179359 0.907883735963348
0.0398320124586914 -0.0542617370291794 -0.645233691701798 0.320219145658075
0.055903719714184 -0.0360750246723503 -0.0114034488822859 0.096199857125502
0.0276496379884043 -0.0126360904035668 0.60598426082895 -0.350371082034361
0.0115144194912221 -0.0263221253289269 0.0730762241763871 -0.904107441117004
0.01092586784255 -0.0285361896070689 -0.744715325134061 -0.418139826147775
0.00879452232405482 -0.035895754125953 -0.533242109530694 0.381341257693517
-0.0216213442695508 -0.00865622896965997 0.0394751238243996 0.422423569262727
-0.0122140235114007 0.0116078440211434 0.190037988715072 0.0536387649137618
0.0193547895316502 0.023190489575162 0.0435455506613269 -0.222999450300911
0.0161257559443327 0.0143377162372537 -0.0160492747006298 0.196233185248947
0.0149915954683717 -0.000441820714872211 -0.142714177335557 -0.068555227696304
0.0262104731706575 0.012225726412129 0.0645282593186616 -0.404995397409049
0.0189805012512771 0.0205898710604877 0.525119127807273 -0.184789991864031
-0.0340096306764677 0.0015742553767871 0.569667164581435 0.609039740607363
-0.0458379723373594 -0.0502068345157669 -0.290381158641428 0.893102633040473
0.0335029681927606 -0.0471208994985297 -0.641821753971319 0.291423334125096
0.0426306947594533 -0.0299317495496185 0.0213479227177057 0.0905954695684105
0.0217985239056297 -0.00472161785506624 0.607230005282018 -0.383139493191329
0.0171423904987341 -0.0231401129605211 0.0257745520254065 -0.910934590630117
0.0140997921354067 -0.0291055583363242 -0.758600868669443 -0.378513747083422
0.00956283041328736 -0.0301139338274962 -0.501318269630998 0.397359473952124
-0.0183076961934719 0.00142182083657433 0.0634511370754265 0.408334550489795
-0.00789117611395518 0.0196621237875532 0.194771603793205 0.0377495613217004
0.0203965122375521 0.0280754241424815 0.0400540181091827 -0.225439977676787
0.0123492271072844 0.0198205059473109 -0.0216610027485492 0.194385978403291
0.0148404727710966 0.00604689777482239 -0.141441391865128 -0.0764586874651632
0.0260879742523667 0.0186107932664376 0.0769752772873285 -0.4106096795044
0.0239396935007756 0.0252643620527287 0.538266960465397 -0.176737248608762
-0.0270390913935303 0.00808598730086216 0.560919362376699 0.622860560589507
-0.0440325049920458 -0.0377734633843294 -0.310763493587598 0.879639085496525
0.0156972211171511 -0.0339907272206734 -0.629559398107727 0.274767810689655
0.0191100502402664 -0.0211491703054173 0.046934519152037 0.0880961254774733
0.00968071089511758 0.00895823848784359 0.61300973915597 -0.402507123083256
0.0240208815378283 -0.0119958659417733 0.00679375243698876 -0.919650858722921
0.0231238065077924 -0.0254398612739801 -0.762932903575089 -0.366554143457633
0.0136479837750355 -0.0249782401565869 -0.482752454296885 0.402011154601613
-0.0166013632937613 0.00924865532122486 0.0758557989740957 0.398390211642683
-0.00733054611710143 0.0266105607500612 0.195781125842041 0.0289900405668592
0.0174830613560634 0.0326684738826184 0.0342140233761927 -0.22476931864162
0.00667674507339903 0.0251032944478062 -0.0281840343727234 0.193493938739057
0.0126257013899993 0.0110129957363501 -0.144153469543688 -0.079715618456316
0.0265673292607475 0.0218226535641599 0.0787930656940161 -0.415923495540187
0.031779385446937 0.02838867593583 0.544426217335555 -0.183118308750209
-0.0166321032815789 0.0210694337414649 0.567455727377192 0.614360657071928
-0.0457180800680784 -0.0152810488767555 -0.301949100449336 0.872529942981753
-0.0118504003005266 -0.0198202714560585 -0.613691565008998 0.273997338594847
-0.011568613394049 -0.0113505100122373 0.061537676130743 0.0878364323886695
-0.00596611675240905 0.0294242889401639 0.624197693231605 -0.406491266315764
0.0303595805422091 0.00540612351121545 0.015397080905432 -0.927742569085609
0.0356508085831795 -0.0188417301212874 -0.753177814756421 -0.375711903620641
0.0184450416805597 -0.0239651140657212 -0.476910201107042 0.395735377366362
-0.0168672187678501 0.0122987755805159 0.0774142410498826 0.392717642758003
-0.00895497736360134 0.031271711855731 0.192095330406906 0.0267205992946699
0.0116217597821921 0.0374541426634233 0.0293414462743272 -0.224162240540387
-0.00185215484458739 0.0288669725684578 -0.0339067566050209 0.192922091219009
0.00884251580157484 0.0122174485674184 -0.150162277301928 -0.0757569162335864
0.0280442126395842 0.0180117712310232 0.0662860719578909 -0.418230049902536
0.0431790705281765 0.0282720662514106 0.540846661335929 -0.203438912761906
-0.00222273161007269 0.0356378347274327 0.591826262662617 0.584808528008577
-0.0482332656438181 0.0115956810011715 -0.264977132812359 0.869749330909753
-0.0399008695685677 -0.00329089933259011 -0.597878545516042 0.289220685369004
-0.0463549566061008 -0.00305599562328191 0.0615950636517109 0.0931015950662101
-0.0280219420807583 0.0498052440704844 0.64350547364699 -0.39129466066467
0.0358813030877739 0.0296854080722049 0.0577003661539719 -0.93576442344877
0.0501568499452195 -0.00933810979937501 -0.737281069160816 -0.409328797066871
0.0239701787522254 -0.025001134350665 -0.487330608011972 0.377101680206366
-0.0189588272087564 0.011320491997143 0.0661170190473822 0.394109886121762
-0.0154533364140918 0.0347783164927401 0.188121776078981 0.0336891624718878
0.00123138466987757 0.0416843661673823 0.0252700371924417 -0.222652798524923
-0.012750035552072 0.03153707128979 -0.0359132328265956 0.192896911012633
0.00362671910255461 0.0104220793647244 -0.158945252796461 -0.0646741477926857
0.0275427760628537 0.0097144753182352 0.0447706925643219 -0.415024300417604
0.0542612201100534 0.0251634119218505 0.525780986849221 -0.23440192167937
0.0136508811984 0.0502235621952533 0.629163553753473 0.538331071385494
-0.0496676759829109 0.0400947872118042 -0.202126791329734 0.872786612762113
-0.0665284056291206 0.0148513648669199 -0.580206444659463 0.317824956398201
-0.0775500420449959 0.0047451616210097 0.0465231079594726 0.0994607808334149
-0.0522529526250122 0.0685292594872053 0.659823632968102 -0.361725229645616
0.0347000281867237 0.0554768590260834 0.122732434067502 -0.937094536190539
0.0649519956963488 0.00385581041920636 -0.709791708379255 -0.46496729909321
0.0323692545116289 -0.0284891127697865 -0.508994691848764 0.348083568230463
-0.0204492906060295 0.00536453850865893 0.0446687956435245 0.402854757206753
-0.0222176068008904 0.0313162140903684 0.180154836274992 0.0464891559406248
-0.0090942033219015 0.0431592050970478 0.0213632103753612 -0.21898380612478
-0.0225980048605193 0.0338403505534031 -0.036741754412258 0.193680609912041
-0.0024067740585743 0.00728487033756108 -0.16827330019886 -0.0487260466602616
0.0237951615345232 -0.00031753917427952 0.0159687435627938 -0.405573057936049
0.061748639137088 0.0178551775465305 0.500055574430772 -0.26993143071147
0.027887665383912 0.0600696424483121 0.666968406700921 0.479885298799531
-0.0472222742762016 0.0661214596097242 -0.125215998339351 0.874360995728427
-0.0842603432524485 0.0312589767394388 -0.566687070058802 0.35477893300632
-0.101110684569247 0.00780750345383489 0.0186325639062728 0.108311122762836
-0.0738402894459589 0.0799868640407156 0.670932931026745 -0.318856279033363
0.0291504344915287 0.078755776876727 0.20230945652734 -0.931194243824124
0.075798936761793 0.0185801554996449 -0.67142208963543 -0.528684650058824
0.0411866886213766 -0.0329396646416484 -0.541647495743358 0.313288281978882
-0.0220226739053824 -0.00443470222197745 0.0162034858544272 0.413356881092541
-0.0292249341215807 0.026891510734916 0.170749117229155 0.0643365785853385
-0.0195675592285434 0.0430713299801994 0.02003259560366 -0.215042303558026
0.01317617004468 0.00895470859379002 -0.0115234823036653 0.202025297799006
0.0092468925256285 -0.0148913239038488 -0.156434957748408 -0.0404078658418491
0.0224676619030048 -0.00920563911571629 0.0141687675874822 -0.393293968304208
0.0221319060095001 0.00679501816911493 0.488252053926183 -0.236114587352247
-0.0326548870673527 0.00624290149952885 0.640939680743967 0.516632981442325
-0.0567637172786092 -0.0421903010534415 -0.164202115118311 0.924087876981816
0.0348201226715141 -0.0575677380046578 -0.643803766377578 0.36654337316693
0.058508307890232 -0.0404745591689735 -0.0480404304988811 0.103957134341885
0.0286742984598788 -0.0131947292976831 0.613129739800771 -0.317963454767265
0.00947620328347214 -0.0216603787268793 0.135144493770823 -0.904488238885972
0.0124427511651266 -0.024464917781836 -0.725443498623159 -0.469157946564117
0.0106655079403198 -0.0427095091869104 -0.566099142166141 0.363398275275945
-0.0247747049729293 -0.0198510143680655 0.0161435032748717 0.438848888079415
-0.018705112404358 0.00409333591200916 0.18627132633271 0.0704413545748656
0.0152835006039704 0.0200661569809935 0.0444337481318062 -0.222258163037963
0.0162687183401504 0.0110815633072343 -0.0117621578044256 0.198890505231923
0.0126006432433915 -0.00828502325111814 -0.149210006010659 -0.0543459013028784
0.0251195697675169 0.00230791473512933 0.0398330667703465 -0.399320689043107
0.0182706193605519 0.0143839439652579 0.509124650436811 -0.210962140722985
-0.0367629673925261 0.00186275401342955 0.6067481832411 0.577372343243846
-0.0510683302678813 -0.0515918866099684 -0.235455685433131 0.91820809053828
0.0405623705854076 -0.0558476033411924 -0.648347727430105 0.326772465966087
0.0568796207352449 -0.0371407901262511 -0.0101494346711967 0.0966707055971543
0.0282294019011718 -0.0119669546736516 0.608315831438817 -0.357865303540647
0.0119722650840912 -0.0263545796192918 0.0675594317004869 -0.912729732227121
0.010773552236132 -0.0288100794788765 -0.754968483092789 -0.415646500745606
0.00835268345748364 -0.0370654566229944 -0.534869939610559 0.390853148507708
-0.0218092617855548 -0.00844213890444886 0.0446529310633441 0.427780695992781
-0.0125076772655533 0.0124852622504435 0.193052460743366 0.052445111265086
0.0201194477124016 0.0230423348806802 0.0429561171896641 -0.225593371020422
0.0164405908957037 0.015367247125814 -0.0157615498158907 0.197044744261713
0.0141862097074548 -0.000415966681145069 -0.144504800401222 -0.0676765039784184
0.0258570271429361 0.0122605611447935 0.0616975873323489 -0.409125556063795
0.0182528522853505 0.020073598326106 0.530057467282631 -0.190598476697248
-0.0345461839689958 0.00177762696098841 0.580541248865519 0.610321641580388
-0.0462815958046676 -0.0502053043259584 -0.285077527010492 0.902469852418889
0.0330792371626469 -0.0468655616033964 -0.645127058610345 0.298147776692852
0.0427648518890592 -0.0296654018111494 0.0232139553543315 0.091234512468473
0.022438142542482 -0.00495122645060183 0.609537473571719 -0.391057942568838
0.0179091166709783 -0.0242340519418713 0.0201634302069451 -0.921255039302158
0.0149291966514228 -0.02945645496963 -0.770087171639422 -0.37650278173622
0.00999300838546755 -0.0301814284569358 -0.503344406903879 0.40443358394469
-0.018425942795327 0.00190049349432945 0.0668635324734658 0.412633289257056
-0.00781482821961829 0.0206228135710872 0.197464152366324 0.0363255067549037
0.0210720418156059 0.0286496315136806 0.0389410867437084 -0.227225525951439
0.0132373384196667 0.020060195686104 -0.0209990762788414 0.196799245944978
0.0146085888418728 0.00639539620057532 -0.14288305892877 -0.0764749383951535
0.0269310299775294 0.0187012665943838 0.0750848652175936 -0.417118458831004
0.0241895606360004 0.0247602032225771 0.543510723319498 -0.182680408751616
-0.0282424233170037 0.00993836100271123 0.571537873732234 0.623133656642454
-0.0451147000696352 -0.0371694634277166 -0.306637867696446 0.891480690827579
0.0154702937620932 -0.0348899785281014 -0.633919366315084 0.281179052864041
0.0185026377227803 -0.0215864139972359 0.048546732066279 0.0878175087603601
0.0107462167727612 0.010035019705861 0.6168532401499 -0.411307221553267
0.0238031934916706 -0.0123047172329793 -9.36833993953125E-05 -0.929333993211885
0.0238855315543067 -0.0259369699074738 -0.77262869728453 -0.363319624098335
0.0132100033516081 -0.0263944360812468 -0.48400244706965 0.411139495985962
-0.0167320100513355 0.00929650627722039 0.0801445677436137 0.400578700164292
-0.00663673752387715 0.0280506889471802 0.198159175307869 0.0274607317162572
0.0184533346032667 0.0331713603065741 0.0339676121574968 -0.227082126500005
0.00786591549510757 0.0258673248411966 -0.0266270914019488 0.195420258135487
0.0135473929281464 0.0102049867152214 -0.146886990425152 -0.0789811340457421
0.027768592416627 0.020603613174755 0.0770669577371829 -0.421417155178275
0.0325894194454396 0.0286580099740471 0.549196608663624 -0.190277183748323
-0.0165390261225792 0.0218722639772432 0.579312607256201 0.616858438192391
-0.0463335139473545 -0.0145947151721623 -0.299399978280368 0.882670036120393
-0.0114360021549211 -0.0198536865027222 -0.617790865148682 0.280384809713662
-0.0118645075775846 -0.0117952602620262 0.06300832380561 0.0892798863696037
-0.00638138836159512 0.02957577985363 0.628825744828111 -0.414931816788668
0.0314491178993596 0.00622105059722482 0.0114355395673779 -0.939593692269743
0.0363877488118615 -0.0187085585030375 -0.764653118466074 -0.373348922118489
0.0170603286196813 -0.0245877430204934 -0.478857176570212 0.40370897585562
-0.0162482611356806 0.0121856755201735 0.0826900823731495 0.396680504503149
-0.00885767378591313 0.033123746772132 0.194553438861571 0.0266869095122568
0.0111159982513834 0.0374428117287031 0.0282661281148795 -0.226198945650987
-0.00140669267438271 0.0291093924288753 -0.0328024684060884 0.194426484218773
0.00872543226691152 0.0108886527139615 -0.152149465693975 -0.0749023348687382
0.0284084135203776 0.0165006266582293 0.0649101920788977 -0.422329059285646
0.0437520147751132 0.028004105781574 0.544952363224377 -0.209126148802958
-0.00363281250411654 0.0374875279112199 0.602573787025607 0.584363390096063
-0.0487386991497373 0.0124727105142075 -0.263012274311073 0.878795156994844
-0.0411096109322944 -0.00259451060192211 -0.600036890196806 0.296420177670959
-0.0466193396940253 -0.00248421387502351 0.0626419054859169 0.0923803772705966
-0.028618834662045 0.0505798006989954 0.645723264025057 -0.399234913056863
0.0356112900260019 0.0292400631721324 0.0519042555272196 -0.943943595249714
0.0506386410306634 -0.00951192407622185 -0.747651990789621 -0.408216907438708
0.0238145996400157 -0.0253421312877577 -0.488229264901712 0.385535377924396
-0.0186681656238842 0.0120911808140122 0.0721385131403652 0.398618894688196
-0.0151048961626577 0.0344086709932115 0.189864592337301 0.0320935854315273
0.00289293874679832 0.0414697490002269 0.0238575862056882 -0.224181759817823
-0.0117035742042359 0.032127353625908 -0.0369972195004753 0.194740092023871
0.00305531865267633 0.0105373596343986 -0.161115641879282 -0.0636453787984764
0.0267645635511609 0.00944621716764902 0.0418240837080966 -0.419523842975549
0.055008109811448 0.0248705324028677 0.530115843766985 -0.24116810382306
0.0134225230257794 0.0502822552176305 0.638966059810081 0.537825147093116
-0.0496524430650465 0.0418645236778937 -0.19741820941038 0.881447407702808
-0.0680975407014723 0.0156807542814866 -0.584400299512354 0.32452306130508
-0.0771219990716311 0.00429221851478267 0.0474526800738952 0.100382281673801
-0.0514808439818874 0.0690284044411184 0.662539564831113 -0.368944707472987
0.0362336962414737 0.0558578290406068 0.118258155799903 -0.947571468360949
0.0654846785781367 0.0037935884005828 -0.717664371047343 -0.462190685923419
0.0317269525819528 -0.0283412597928506 -0.510886402527845 0.356383995314872
-0.0202279669151509 0.00579251755170711 0.0497712994328897 0.406028103104394
-0.0218086126940818 0.0327435146206473 0.182968005960808 0.0464571868680131
-0.00803444641901717 0.0431279500949337 0.0200872407747908 -0.220646535407312
-0.0218728284896606 0.0338285423862842 -0.0374888833674902 0.195490201009823
-0.00318228388755084 0.00711365064365152 -0.170684068876308 -0.0482857086192861
0.0231050305008981 -0.000936553940399949 0.0129122837648363 -0.408717445495607
0.0631892703377124 0.0171546773122024 0.502281113520252 -0.275787938353881
0.0277245609884705 0.0599130419345746 0.677707464778991 0.476444403032747
-0.0476141015258625 0.0670147600714553 -0.122161813390331 0.883909178540964
-0.0858002180703468 0.0320341340781815 -0.569275761533454 0.361028467251126
-0.101235367255631 0.00788641038570059 0.0188748746137303 0.108496166164468
-0.0737745857629175 0.0805480523631918 0.674972097404972 -0.326410024989995
0.0302291871579561 0.0791225825415783 0.198073886767548 -0.940444291294037
0.0770407398124753 0.0177681619840133 -0.683081336039585 -0.527591443180442
0.0414860608789644 -0.0334012564665186 -0.543622323311679 0.322354272736965
-0.0222661810667388 -0.00475731203986335 0.0208209396631997 0.418079299110206
-0.0292210913386848 0.0269180255272342 0.172949941628598 0.0635314644250878
-0.0189705620982052 0.0427521103011499 0.0189153641152753 -0.217013498885855
0.0137975200274341 0.00971190805611044 -0.00950688509173829 0.203211081577726
0.00966748067267606 -0.0147356588671782 -0.156673147515122 -0.0398926379591072
0.0230977683273457 -0.0104294930672291 0.0106065453770285 -0.39777032403221
0.0228184397995904 0.0068794751820806 0.491715663785786 -0.24306214940754
-0.032683191430888 0.00669194913277874 0.653034917376905 0.512019366127483
-0.0576086495635178 -0.0410814635302992 -0.158667984652093 0.933528422774116
0.0357194896368088 -0.0582638539699689 -0.646571416373025 0.374144257913475
0.0581212782800643 -0.0416983853502301 -0.0474527235870158 0.106496501376891
0.0287199934887576 -0.013751260916011 0.614080408887911 -0.324266116489929
0.00935575758075604 -0.0229644309109755 0.129721734935344 -0.91316997385679
0.0124427699093065 -0.0252051172558171 -0.734327459915578 -0.46721888508224
0.010781964038479 -0.0436165042090614 -0.567818490844782 0.372407002949519
-0.0248317876595241 -0.0199161582694963 0.0211403900431231 0.445248557961288
-0.0180934257017788 0.00475412686278393 0.188053789795431 0.0704378822917514
0.0161234546042699 0.0198367078311628 0.0432367489727517 -0.223927340115514
0.0178421730623531 0.0112552143738921 -0.0100977118121522 0.200670165177262
0.0128322544169915 -0.00788754400897528 -0.149575088561857 -0.0542952636583965
0.0251073832345947 0.0016627015892409 0.0351905556099876 -0.405376618449224
0.0194095578040486 0.0135671545457365 0.511468356432092 -0.217371944044467
-0.0380853058782628 0.00213838234519159 0.618444316815352 0.576457315328534
-0.0522935880958307 -0.0513560021066929 -0.231309639328793 0.927165154309546
0.0401475328041134 -0.0563741795528825 -0.649915820299311 0.335369869892262
0.0564752048573971 -0.0373355342071728 -0.0106977293442269 0.0979878668639259
0.0288905521117334 -0.0139648140371058 0.609555641451306 -0.368071106630828
0.0114743315180003 -0.0275463411981313 0.0598425016580538 -0.921994852025068
0.0106822456358557 -0.0294098898940995 -0.765882176567572 -0.412171200366356
0.00843196277785101 -0.0363260469111088 -0.536690325958852 0.399448791016286
-0.0216881126878074 -0.00885657728921366 0.0490866683070358 0.431681139588351
-0.0121696919353493 0.0131887579812472 0.195611100928111 0.0519109328966103
0.0209547008020911 0.0245961790675263 0.0418875900856917 -0.228241315794514
0.0177585501832222 0.0155474634024598 -0.0137273051368275 0.199448250388432
0.01374973768056 -0.000123107426017035 -0.146370019229146 -0.0668355282102479
0.0255015007899218 0.0121859573832042 0.0581606115784964 -0.414221819232899
0.0197313632213194 0.0197422935650498 0.533334355019484 -0.197181332625711
-0.0358842442660781 0.00366041245960571 0.592686920427937 0.608171346201421
-0.0463766584914997 -0.0498804876934475 -0.280416426263478 0.913864019471448
0.0344786350153297 -0.0482192488048329 -0.646822978555076 0.304188771920922
0.042936432985525 -0.0312860077695967 0.02466836390062 0.0915722675369228
0.0231304898384279 -0.00571720774689249 0.609846309046098 -0.39822927164267
0.0168916026415361 -0.0240108865652823 0.0129575951809989 -0.927150490499605
0.0151664999221082 -0.0296326083038928 -0.779500735248793 -0.372478381604109
0.00890705749273647 -0.0309131310293504 -0.503712778628221 0.415026402809757
-0.0178217983276911 0.00228832499702489 0.0729464894399569 0.414647508293304
-0.00791201841323801 0.0223081276073127 0.199874882527438 0.0354235532586782
0.0226065386679417 0.0287594026845753 0.0379817746505795 -0.229979544013268
0.014315351404984 0.0203297011739185 -0.0202301206606313 0.196544587543648
0.0145067754429964 0.00615118713517819 -0.144455776446448 -0.0755305533333847
0.0274881267226374 0.0178300685505543 0.0718763384654393 -0.421504727331995
0.0242675077938697 0.0241111288266025 0.547989425086962 -0.188556641276335
-0.028990226786154 0.00977370758962363 0.582813278203115 0.622674275261612
-0.0455144897148446 -0.0366081181097295 -0.301614245079891 0.90001546655019
0.0152517732759381 -0.035481317352627 -0.636603634842915 0.288885602992392
0.0196085243843553 -0.0216200829561712 0.0499037611384432 0.0885576449878269
0.0110634258883054 0.0094386555077976 0.617723585062277 -0.42140472687306
0.0244174847329652 -0.0129179221088818 -0.00714998383144642 -0.937654506278828
0.0235078019100319 -0.0260303885447385 -0.781696262096966 -0.357676929495663
0.0119045305710941 -0.0267845225049459 -0.485147361328051 0.420050093967044
-0.0161667521026821 0.00942889547469112 0.0855837994216683 0.403668551728263
-0.0060785010204451 0.0278474756241859 0.198944736578133 0.0260358148397363
0.0187398419217323 0.0337891793587164 0.0321097763036516 -0.229107286862106
0.00876306385434355 0.025044866200817 -0.0264434739308859 0.196414485424656
0.0113469912134223 0.0100180688268093 -0.147724658681569 -0.0777936456613154
0.0281778674289955 0.0209038068537034 0.0730148007260952 -0.427778039299994
0.0335862730895964 0.027579665086797 0.55365603342517 -0.198150408087556
-0.0177897007000712 0.0222176445332574 0.590235730157916 0.615330577776824
-0.0460478563859482 -0.0139232445901064 -0.294592837169063 0.891058948365675
-0.0116002014114368 -0.0204359927833738 -0.620298654352824 0.288849840903194
-0.0128779720852515 -0.0114186805668527 0.0647085309981839 0.0875277417305381
-0.00578080243412465 0.0297433576967462 0.62961542678005 -0.42344935107095
0.0313355859975156 0.00538349820267432 0.00310596659356043 -0.944852966649544
0.0364635892375145 -0.0202030441838955 -0.774702363403634 -0.368321879531106
0.0172497853194041 -0.0251648525590711 -0.478256196905803 0.412322102993491
-0.0154365717730669 0.0128349539241289 0.0856839981276643 0.399625991049285
-0.00855501371746495 0.0337671503827945 0.196931876444646 0.0235966860758055
0.0120189334875362 0.0382738865119521 0.026765780675586 -0.228699381487471
1.00401413694641E-05 0.0294872911671199 -0.0316531024640047 0.197040368894001
0.00885145676514238 0.0126806739098034 -0.15364681638547 -0.0741095503250236
0.0293945196530309 0.0176693729026393 0.0611208881198365 -0.428371453896062
0.0453492386767421 0.0275456225729255 0.547647671456892 -0.215528825599428
-0.00258416999380471 0.0375645749643202 0.615150420288045 0.584721641775618
-0.0491727240874619 0.0130256353238836 -0.255764124161544 0.889644562664997
-0.0411178712654968 -0.00258326094061121 -0.604459458789057 0.302639167551967
-0.046817919221849 -0.00201629088890281 0.0644395102539459 0.0928247056478844
-0.0273879654720479 0.0514653643720698 0.648357445456748 -0.409137666437148
0.0351374275058752 0.0288819783198346 0.0435093408881063 -0.953800628811969
0.0514485756179375 -0.0109057037925069 -0.757312250613559 -0.403190773190467
0.0241286311790344 -0.0268115908111185 -0.488441803350366 0.393815284653859
-0.0181715209164614 0.0117173183279762 0.0756240534089161 0.400993427420788
-0.0146045642286029 0.0353792940713239 0.191200030818178 0.0317301274318905
0.00277753546812103 0.0417433736098728 0.0228201068962783 -0.226823691523572
-0.010326290213576 0.0321035524018485 -0.0351893876070824 0.196361071336733
0.00332136173840523 0.0103337822434452 -0.16304802074231 -0.0623241104820361
0.027484523413009 0.00895777794400846 0.0387075946706757 -0.424352783826105
0.0555021450913829 0.0234216228213783 0.532360896219867 -0.247373167598804
0.013602915136066 0.0521583521231413 0.65261258771594 0.534354019380114
-0.0497984204970347 0.0423603110753116 -0.190223788172707 0.891751851530503
-0.0678378225324513 0.0158480889273813 -0.586484676763 0.331379115237862
-0.0787670947235143 0.00464008462297825 0.0493196341103757 0.100743878193696
-0.0508571950130676 0.0699187082290729 0.665199041222714 -0.377514274638753
0.0369780164261466 0.0551509277502225 0.109692489437155 -0.957776605141904
0.0660832519303679 0.00287985651952316 -0.729959592459213 -0.459995422298909
0.0314955690445664 -0.0296627040001472 -0.512278573693676 0.365442543875426
-0.0199951928955435 0.00580514766651454 0.0539809155561478 0.408795341522742
-0.0217115588658047 0.033359404532665 0.184155928273291 0.0445761031433244
-0.00724364404886727 0.0443814810757881 0.0189623240211118 -0.222896427761763
-0.0219053064561714 0.0343164762445801 -0.0358423325323327 0.198351661003359
-0.0024701346813703 0.0078880441475767 -0.171931102169736 -0.0468981080341616
0.0227350520394269 -0.00211720045693795 0.00872157585706401 -0.41407303320066
0.064541929763366 0.0155517780370976 0.505241770162859 -0.283128811060448
0.0288229594575108 0.0615790805541947 0.689690220845832 0.473993026651115
-0.0462217543877949 0.0693445691533453 -0.113506111237066 0.891216088996627
-0.0858094125035212 0.0330196676095595 -0.571127608499656 0.369162309300085
-0.101818662265782 0.00914087737843772 0.0206909168632822 0.108708630235563
-0.0733275082881072 0.0816405307407868 0.676206834575151 -0.335037939794638
0.0298846150280135 0.0792042983892169 0.189959494040164 -0.951684976107315
0.0777147189508428 0.0176170480358746 -0.694455984949917 -0.525672126216542
0.039960121687366 -0.0357077719006637 -0.544869893026787 0.332163958207053
-0.0221071743009875 -0.00438806645026676 0.0254950768046418 0.422582968715346
-0.0292839359364674 0.0280285364037765 0.176704361189794 0.0625910829623992
-0.0177205513436881 0.0440534586870275 0.0173493954342167 -0.219639345900163
0.0148552715031434 0.00897440137648948 -0.00809236974833292 0.205096086044639
0.00857374361269815 -0.0157793792564219 -0.159530814569687 -0.0382997239553752
0.0234548766396328 -0.0104114943885807 0.0052678470021747 -0.40069965241545
0.0228742187445053 0.0059345411699994 0.493891469814969 -0.251978409422879
-0.0338543270299245 0.00788340677578924 0.663430608899145 0.508376788038671
-0.0583038875167349 -0.0419317663023533 -0.150640376040379 0.943379278010309
0.0341589441171676 -0.0602351781579014 -0.648280478498967 0.384435984884878
0.058170731265927 -0.0425695656610398 -0.0458571185334984 0.107701314146498
0.0291949256912383 -0.0135953218922353 0.615081904226909 -0.332998484466239
0.00825839232473036 -0.0229847689024901 0.122144363225594 -0.92130183345601
0.0129310937464788 -0.0253821126375363 -0.74823719962612 -0.462423685987167
0.00967430772141805 -0.0447355435285477 -0.570007830766628 0.381664783739306
-0.0252788007686249 -0.0205748105570479 0.026615649028133 0.449225570273536
-0.0185772392611876 0.00547513554457813 0.190999283471765 0.0680256731180126
0.0174233359100613 0.0211336296555337 0.0422333150062275 -0.225828118875996
0.0184666414379644 0.0105959650505319 -0.008341604095786 0.202869536622542
0.012499806506746 -0.0080722578863988 -0.152209308484173 -0.0518118760392979
0.024810209548435 0.00153196186789709 0.0317488711547657 -0.408723148089453
0.0197632027237029 0.012962359087079 0.513803476233087 -0.225354488992897
-0.0386488803330702 0.00325590983780554 0.630815003233479 0.572127044802825
-0.0531903738434839 -0.0509486125770769 -0.222180456533652 0.937931021451585
0.0408239157660903 -0.0569112204414202 -0.652745866417802 0.3440412397417
0.0564147046874669 -0.0392255140152994 -0.00895262592935088 0.0977159267049919
0.0295220586641156 -0.013975589840545 0.610058161862911 -0.375655192030582
0.0116550181588554 -0.0279820452828492 0.0516003834799588 -0.929488065106134
0.0102801261935248 -0.0300207120768139 -0.777115613059302 -0.406315617564964
0.00836573326114672 -0.0376009079565035 -0.535396072878704 0.40912405238426
-0.0213364885749084 -0.00872785477951567 0.0544040319696711 0.43434587843085
-0.0120933292887032 0.0143629750151856 0.198697721208576 0.0497198098269644
0.0223906276015836 0.0244623417817331 0.0404932200328345 -0.230420923685601
0.019641894569378 0.0151604538101824 -0.01224618051842 0.200684214391942
0.0144545137003755 -0.000426541948490062 -0.14880505087371 -0.0661113599772576
0.0257089130213633 0.0109550051692082 0.0549856758351049 -0.419955342943628
0.0197633735137889 0.019135154305043 0.535108509468549 -0.20691276701202
-0.0356207668630708 0.00342081137949203 0.604160712731553 0.605763645581313
-0.04735887355204 -0.0493195450394064 -0.272978013812235 0.922413049543549
0.0326981524750481 -0.0495336795834463 -0.649925693478926 0.31439282580312
0.043216688190759 -0.0320580690625573 0.0244856612002098 0.0915097077693915
0.0229334178096486 -0.00561317630018881 0.611677020984578 -0.408328796388699
0.0168561035157564 -0.0254642350115825 0.00445080813714023 -0.93506053664277
0.0144827760260414 -0.0297268547657217 -0.78992353367334 -0.366516029036584
0.00895491503356147 -0.0323534434259468 -0.504984467031245 0.426169610461509
-0.0174054647487842 0.00254519707198971 0.0784702372574983 0.419270124337327
-0.0069712815965667 0.0227879390250875 0.201570625684291 0.03376957378371
0.0228926283974283 0.0301831288983666 0.0363285465239806 -0.231908078006931
0.0158401465332101 0.0202986544780938 -0.0185057587498687 0.199365703094388
0.0134694748064846 0.00668286842988967 -0.146438451030205 -0.074649026941148
0.0269982656338412 0.0186469130874103 0.0666615490427163 -0.426864360152238
0.0249848051468663 0.0237079296497005 0.552147309606149 -0.198850831655394
-0.0293763069060348 0.0111096563382424 0.595622595621405 0.619579710627849
-0.0459387416683399 -0.037014921418847 -0.293665899834927 0.912700828240582
0.0149077958031539 -0.0359882257480681 -0.637793396822676 0.297594518061396
0.0191695829148568 -0.0225792449570648 0.0510416938153933 0.0877886627787936
0.0116942692289532 0.00984565494061428 0.616807913793294 -0.429333360330774
0.0243435680911364 -0.0137488796770129 -0.0165993877862637 -0.945259500620694
0.0238723724179382 -0.0272397726704681 -0.793564522660889 -0.352953419021825
0.0118719357310418 -0.0270936022211025 -0.484763198117451 0.430514524966945
-0.0161758701362131 0.0103534192913494 0.0925977573104006 0.407808264749224
-0.0059395240104607 0.0294146192046877 0.201539547423731 0.0245342929511359
0.0204707313355961 0.0345196446078732 0.0305024036170544 -0.232892240144056
0.00965195321175244 0.0245057950177713 -0.0245597229839333 0.19845930655487
0.0128125803697012 0.0105402903375652 -0.149692109761106 -0.0771463833785682
0.0285702499806489 0.0202384818195788 0.0683754003585131 -0.432128112689
0.0348679009495069 0.0272088603428484 0.555765834471414 -0.206074528775551
-0.0178831071595916 0.024038853064139 0.603511907949946 0.610403861639862
-0.0468978811983749 -0.0135604041531393 -0.285545202771673 0.902297485121517
-0.0110157302695761 -0.0200562874794821 -0.622045374279513 0.296830981444949
-0.0123415501048839 -0.0112842243588619 0.0657278679594865 0.0885564199735207
-0.0051371316224303 0.0294576619015556 0.629768605826365 -0.434522108368317
0.0318244006671502 0.00444257856916026 -0.00774382677429993 -0.953988105482872
0.0369412661649512 -0.0211603178418274 -0.784393763400907 -0.362952892341827
0.0158065406962039 -0.0250749482897896 -0.478111592368092 0.424769328004055
-0.0158818922054798 0.0129761347247761 0.0930372073634645 0.402266614759433
-0.00826791593676138 0.0343418924091922 0.198851035066674 0.0224077361659788
0.0139854108161957 0.0388283226212612 0.024973092946257 -0.230405833978786
-1.14968983896332E-05 0.0291495267301061 -0.0292444070724321 0.197254832719535
0.00848541710104497 0.01233531076923 -0.156391913528891 -0.0730754963062471
0.0288191588541363 0.0166139710208174 0.0564806363802634 -0.432522270252253
0.0449250811952274 0.0270057395560994 0.551577731877377 -0.226030582113645
-0.00291806745839258 0.0385671607384651 0.626308022579754 0.580301489423028
-0.0486710956251368 0.0144397821670328 -0.247457569761552 0.89893748135163
-0.0416581456136024 -0.00231518502524899 -0.604916562103172 0.312786669628985
-0.0465250617864008 -0.00105000537695927 0.0655134852460318 0.0929423760018974
-0.0264626457557324 0.0516826277496251 0.648177148869781 -0.417737123309793
0.0368929770586457 0.0286193877587811 0.0334637373152541 -0.962670356810809
0.0520247300063706 -0.0104099147017615 -0.767596871310484 -0.399911045728909
0.0241141625659809 -0.0272173602830738 -0.489518733120009 0.405740919205343
-0.0177458264236374 0.0113391322703191 0.0811819114840664 0.404764778708116
-0.0140588985313931 0.036588018535346 0.194512443690391 0.0294484775800681
0.00414708687327053 0.0430209375590294 0.0213414137731993 -0.227775699822652
-0.0101064252848676 0.0327811833559601 -0.0330561749940828 0.198515441661988
0.00326667492476408 0.0106719160817394 -0.165545374539107 -0.0612221583997413
0.0282273751442993 0.00790228860149875 0.0326739891584588 -0.429401336244945
0.0559382201346944 0.0228106542957777 0.534719467960806 -0.257868896742591
0.0133120430081953 0.0530032086297651 0.66308629832184 0.529801757863143
-0.0493684632382051 0.0436397294473844 -0.182592482338787 0.900592919132729
-0.0678759708714995 0.0164528556874887 -0.587050493902684 0.339505608543035
-0.0795476520933789 0.00585859741867528 0.0508961674950091 0.100484955214763
-0.0500746656398388 0.0716766074388737 0.664900904411711 -0.387574411343238
0.0367759051735897 0.0547065503661437 0.102169914212638 -0.964661186573269
0.0672386457622281 0.00173939688341319 -0.740658789818032 -0.455950714124498
0.0305336128224581 -0.0308496994603705 -0.512691072280528 0.377321086020257
-0.0206024929042475 0.00527270980273168 0.0595358403322197 0.413649787590771
-0.0201904870822752 0.0347890776167208 0.186942748198569 0.0433340084530555
-0.00683273514413235 0.0447706609800626 0.0169806163834252 -0.224756058135265
-0.0206508934603406 0.0345012987648649 -0.0340635907376643 0.200331350217702
-0.00412893247585166 0.00721156212888264 -0.173731051964124 -0.0451585722060377
0.0239020961943681 -0.00190223335762801 0.00234024930988827 -0.419754190013646
0.064226460842526 0.0147166758059133 0.507023178972385 -0.293547449183324
0.0294018423804379 0.0620725986870738 0.69992876459169 0.466821594034538
-0.0469432144185422 0.0702518477697528 -0.104786782635657 0.902044225293442
-0.0865132604918887 0.0333257127020395 -0.572265427683288 0.37779632940093
-0.103115829172943 0.0105595010129556 0.0216849642061235 0.109580479790173
-0.0727408949578524 0.0833507682065611 0.677061577721629 -0.344774027903719
0.0322152754265678 0.0795793364813583 0.183356442508045 -0.961559051039875
0.0786890308841801 0.0167718976081178 -0.703405022296653 -0.523841768843182
0.041125646019265 -0.0365272177279522 -0.546647080762087 0.342098881333927
-0.0223077704185332 -0.00387330003970205 0.0300167836404522 0.42448831978094
-0.0289187864590696 0.028811000018712 0.177905685404264 0.0611496678186257
-0.0168107443661437 0.0445539253568794 0.0158064599983451 -0.221231979641468
0.0152054863912489 0.00967439805038133 -0.00599104428233987 0.20643917287109
0.00828650302544443 -0.0165350899150205 -0.160784071901066 -0.0359347297870965
0.0233740537683785 -0.0111692993550355 0.00026661839886481 -0.405850873056156
0.0237571081090126 0.00565854586979117 0.493576148779378 -0.260892273187972
-0.0349796414226628 0.00917694089586008 0.678059066308501 0.500962976157292
-0.0599358354041565 -0.0406919785153796 -0.139092688351703 0.951765341983239
0.0345538748861228 -0.0606937285382711 -0.648650092142606 0.39445343337517
0.0585691177132386 -0.0436423461097828 -0.0453169580002838 0.107791672000505
0.0296347214398756 -0.013936289288395 0.615998950001372 -0.345703205570713
0.00831182187912545 -0.0228338463944887 0.112468208037023 -0.930165190434572
0.0125621694271748 -0.0263871264637569 -0.757251401161049 -0.457338085260471
0.0100502466396726 -0.0456126979311009 -0.569732965161553 0.394518742191355
-0.0258150944525257 -0.0196544225739409 0.0331811639016667 0.451300563681759
-0.0172898324099707 0.00713770519747949 0.193575662874786 0.0660761147034665
0.0185905975319134 0.0207890037452208 0.0390027690006703 -0.228688019407777
0.019200738844631 0.0107211555788329 -0.00588112677951416 0.204480796279627
0.011979893051339 -0.0084878208841328 -0.153433923274162 -0.0502272862553045
0.0256204141433753 -4.05445483677609E-05 0.0264203381642506 -0.413286068194323
0.0203771580470976 0.0128863674601177 0.516435063058252 -0.234582091900205
-0.0385389246798767 0.00503355059059126 0.644664392552629 0.566679203925171
-0.0537400645784915 -0.0497884850648444 -0.209973625837054 0.945870477165715
0.0409813058811278 -0.0581383154775271 -0.654003167917162 0.352455434542468
0.05700385840213 -0.0398058128560868 -0.0088222449262095 0.0981477179834992
0.0306426047541451 -0.0152324602596382 0.608540325174844 -0.387344347460388
0.0118824326522033 -0.0287984516920431 0.0416965544439947 -0.938018960334835
0.0104614736486211 -0.0300844550640507 -0.786208117969755 -0.398207163585043
0.00677716030577646 -0.0386739692802226 -0.534667994006465 0.421388684873492
-0.0211764829949322 -0.00844650437586313 0.0620740360076743 0.437195687186297
-0.0112121297615382 0.0153485049696398 0.200994416200824 0.047844795018313
0.0232397940899638 0.024461666102413 0.0373682300854021 -0.233013975798967
0.0191858774013552 0.0152332802397505 -0.010278180455999 0.202078898429724
0.0138997658239071 -0.000597955211115197 -0.149813283714089 -0.0644160846837334
0.0269185592122144 0.0116065185725174 0.0479385198660989 -0.424363364559524
0.0204141350124101 0.0181509586168719 0.538561475610234 -0.213743980139652
-0.037255461888709 0.00480788025325942 0.618472459926794 0.60003092337776
-0.0480485895958006 -0.0486410194240619 -0.262519464791583 0.931652726544254
0.0340297808775922 -0.0499802800862375 -0.649254441439797 0.322838238949304
0.0429598955747095 -0.0329860811747264 0.0263800080430148 0.091795789057953
0.0230510862057269 -0.00568835305994309 0.611701181575469 -0.419083306009295
0.0165124573053297 -0.0259988995468698 -0.00710335563883673 -0.942525473021515
0.0146465000406146 -0.0304133193098384 -0.801567760151688 -0.359551835686368
0.00849967083723593 -0.0321213981051783 -0.501472214651255 0.436403406605949
-0.0173171246236505 0.00191424163650424 0.0851322412072299 0.421075466807859
-0.00680174558834173 0.023520863702184 0.203610701533606 0.0315756038676798
0.0242204811459289 0.0301281451181989 0.0333295125060916 -0.23492627566918
0.017392531071659 0.019875894023479 -0.0161402995238953 0.20020996995836
0.0141669963732326 0.00558920216698703 -0.149053657317993 -0.0735556281537178
0.0278913472160108 0.0176514169078602 0.0618850437705598 -0.431902808219921
0.0253715278789214 0.0240849824487458 0.555155503629244 -0.206544229040813
-0.0298482521791693 0.0120090040595358 0.609510940505055 0.613975479110573
-0.0462617583318079 -0.03499438543455 -0.285067013903208 0.922389154540453
0.0150446478242006 -0.0365816598489772 -0.638826695405099 0.307498790607408
0.0193420511630919 -0.0223516856690806 0.0518821665242722 0.0875058450433404
0.0117868452623781 0.00960492269311297 0.615938541989622 -0.441140708139921
0.0241964542612697 -0.0133242325964436 -0.0282232511162478 -0.952562605356679
0.0235716106141917 -0.0273412318850865 -0.803200879323554 -0.344996725965232
0.0117668424411461 -0.0280934771473771 -0.480959054238486 0.439887399036125
-0.0156002119426911 0.00906389756382524 0.0978251007342071 0.409219898314342
-0.00543977880352347 0.030293150657078 0.20310820658166 0.022555601718166
0.0212158371340888 0.0341387975290839 0.028632863330193 -0.233214956331358
0.0105100966897643 0.0244750303249431 -0.0220004807088388 0.200291226598973
0.0123694034449114 0.0104107617701781 -0.151273266389837 -0.0765538721639795
0.0290162395837631 0.0193995352262763 0.0641054454096136 -0.437032242324161
0.0345843832225337 0.0254406047456821 0.558535354797205 -0.215541549696492
-0.0180448366640276 0.0248552815813812 0.615746751869025 0.606925314431985
-0.0472039799342285 -0.0127664161216523 -0.278089438515644 0.911247575740309
-0.0115251081294548 -0.0202627729921426 -0.622526439431026 0.306315780831421
-0.0126907344150002 -0.011000889164261 0.0670648114263361 0.0880825257492938
-0.00433380342535826 0.0302254694596864 0.627997201545539 -0.445904788184937
0.0320047176146899 0.00414666918584175 -0.0195270397328089 -0.95912337378223
0.0369499068723681 -0.0211913711894709 -0.796563263806783 -0.35453779606415
0.0161005724542748 -0.0270232568735642 -0.475221646059322 0.433054590568497
-0.0156855873700552 0.0136205701963047 0.0989594313367136 0.404273241652985
-0.00749718797278373 0.0356993368951397 0.200531262334903 0.0203817129875858
0.0152991340818929 0.0393355101150794 0.0233895720814634 -0.232367449993142
0.00177495182599635 0.0295592263355699 -0.0281447182370811 0.19905748638341
0.0084262127359557 0.0121421021406869 -0.157286744342417 -0.071219806557718
0.0297069601573543 0.0160219892811942 0.0512586909715908 -0.438298565286739
0.0463338472810942 0.0263453893668411 0.551954235208734 -0.234328490254242
-0.00314990720528251 0.0401214923078375 0.638908223725769 0.576422047294531
-0.0485684262401734 0.0153120080707898 -0.239055043955951 0.90775668856429
-0.041652101663355 -0.00193378015861754 -0.605505485270768 0.321366779756543
-0.0470888458022962 -0.00154002590205425 0.0669342931848898 0.0919359241415704
-0.0247175295049243 0.0528711455190227 0.646707035868762 -0.427704024628396
0.0373948060830159 0.029052196506869 0.0238617389827175 -0.970719256298987
0.0519310306347649 -0.0114472616710559 -0.778574804347621 -0.392339150393833
0.0231537696393985 -0.0282791386136489 -0.487108759007494 0.415204387510201
-0.0178862174449243 0.0119665524442324 0.087553627249857 0.407166636777478
-0.0134132691327763 0.0369294586262662 0.194727226136111 0.0277056810394039
0.0048804087976099 0.0435808208309672 0.0185143707034864 -0.230198476744238
-0.00903041208193352 0.0327280449197276 -0.0306372423996104 0.20095683302093
0.00248816403468396 0.010482881221025 -0.166938647251675 -0.0593494464691471
0.0274592721764305 0.00767635723356559 0.0271791774709894 -0.433994934071464
0.0569737680292231 0.0226785092026623 0.537447500948282 -0.267367095422459
0.0139259735670018 0.0540953073795071 0.676563894357516 0.524788980556962
-0.0481439961312655 0.0458534304758652 -0.173188908468927 0.910017206112944
-0.0681931905013208 0.0167253279719156 -0.587477228480233 0.350780500896839
-0.0801078843166408 0.00751439444465801 0.0519520419964756 0.100433708818623
-0.0489982878153616 0.0725054652450192 0.665350132588052 -0.398289814587604
0.0384322158967369 0.0550463574243026 0.0898366131749811 -0.973446017616525
0.0674948650738995 0.00086282644294448 -0.751824003017227 -0.448906003748242
0.0307556249773171 -0.0330556016289789 -0.512020233007062 0.387392917570887
-0.0198356721667363 0.00603404300258164 0.0652712416900725 0.415144157546316
-0.0201451878255377 0.0348588048465984 0.188754802864618 0.0413384328159196
-0.00578768003907958 0.046477967403972 0.0155859508080879 -0.226950520746654
-0.0196938666179747 0.0350247565284131 -0.0320351643627808 0.201415188019215
-0.00386025584229141 0.00759790258579265 -0.176056049175732 -0.0421340191682029
0.0242552414047563 -0.00209588170211624 -0.00207443256783491 -0.421918254690011
0.0651051798234483 0.0141360922726639 0.507493587279748 -0.302252069620252
0.0301536255095103 0.0627540838826861 0.712853320775315 0.460709217118047
-0.0461750315386073 0.0714159436292822 -0.0948767368595363 0.907996337413182
-0.0861947845809168 0.0348978078757817 -0.571590794008021 0.387906677735468
-0.103687398205665 0.0117657886588703 0.0233563358144128 0.110487850212029
-0.0716815609267172 0.0840377191557504 0.678184325166879 -0.354767218562253
0.0325115813550728 0.0784084044049806 0.173371477693651 -0.971099551913053
0.0795440914544932 0.0161156142045279 -0.714507962689791 -0.516660540134567
0.0402827982473121 -0.036715670299457 -0.547194430841983 0.351092998522004
-0.0223391093982846 -0.00397192522218147 0.037041225251275 0.428662805480819
-0.0279015461809154 0.0303797053103881 0.180545118036821 0.0597414584970206
-0.0153853525686468 0.0460028496637899 0.0131765498579828 -0.223325957667954
0.0168424066461926 0.0087940556308504 -0.00455274884735896 0.207146838852926
0.00775870712303817 -0.0165414974823144 -0.162122696628506 -0.0341861585945591
0.0231865771806209 -0.0117484984794336 -0.00487873486562094 -0.408469591827475
0.02402336823425 0.00496883892248181 0.49483426704904 -0.269398961613425
-0.03514168019065 0.0100681299491908 0.690356481244239 0.494531543768059
-0.0604533246822528 -0.0394390121226309 -0.126949196633009 0.958736156569623
0.0339475822247655 -0.0612913964817388 -0.647391850442089 0.405042451181718
0.057922075680361 -0.0444489974509478 -0.0445208666226534 0.108083009270238
0.0303837103487785 -0.0150805501173047 0.614496704271986 -0.354331492427964
0.00778907537179134 -0.0239629741883923 0.100296351880229 -0.936791699264192
0.0124627559146981 -0.0262510130352758 -0.768245072768831 -0.448319682614623
0.00862406687868427 -0.0458311966520125 -0.566792422582148 0.40544203267068
-0.0256045346302645 -0.0199946813130994 0.0407542301006248 0.455710234193506
-0.0177663663840434 0.00832676278940885 0.196716645584181 0.0645280664634333
0.0191486529256481 0.0215111699896425 0.0378070267981333 -0.230740511720737
0.020253533724695 0.0111168383823442 -0.00346621359396935 0.204685937424377
0.0112689139281052 -0.00920749932272671 -0.155388221378083 -0.0490727894669858
0.0254804197182546 -0.000687145364498856 0.0195081881991675 -0.417929284761334
0.020701267144375 0.0123404687178842 0.516644610180066 -0.244180673655168
-0.0394269851859419 0.00577817491761892 0.655552499205945 0.560398341994965
-0.0543761180001234 -0.0497042199877869 -0.200213370137122 0.955923278913956
0.0398613747617502 -0.0595031496875067 -0.653164468091382 0.364238619706044
0.0568215669342741 -0.0403423974363424 -0.0070604442826638 0.0975781419625189
0.0307014175033214 -0.0145462663001718 0.607480172542694 -0.396573228549238
0.0111448997394963 -0.0289115189217994 0.0291103499093078 -0.943964339893139
0.0105647791967999 -0.0309172719314716 -0.79618506692539 -0.391997385481236
0.00629276179397564 -0.0386681277878998 -0.532253563849317 0.430932880894933
-0.0217349272428536 -0.00776897363616615 0.0693426729230684 0.440280257382622
-0.011716495424272 0.0164762957227531 0.20316412361627 0.0460327802364119
0.0239296354872288 0.0248965131762424 0.0350781251758311 -0.23479746776056
0.02051657339283 0.0153941810277879 -0.00810626225259417 0.203745534747104
0.0132509640349474 -0.00142676956636777 -0.151727864501063 -0.06375425240945
0.0270013133347514 0.0102880542352539 0.0428407096877058 -0.428607612285073
0.0207004068286967 0.0190772150609725 0.540128359926478 -0.224132958781122
-0.0371809389241799 0.0064249784926247 0.6312555583839 0.594336770849997
-0.049087835542906 -0.047954472149544 -0.251584475100587 0.93989203003369
0.0337176751986047 -0.0508278590431932 -0.649724107770237 0.333756896575124
0.0433012963985551 -0.0325070310001477 0.0278029885219598 0.0915430867746025
0.02490374697365 -0.00658513758243063 0.609865600087789 -0.430491852949568
0.0154632340241592 -0.0257906855975299 -0.0201134642303847 -0.947071295830201
0.0136020947612101 -0.031082996761825 -0.810668934917565 -0.350044876327115
0.00866530037194379 -0.0334062166961211 -0.499258483890561 0.447314506273186
-0.017852165346311 0.00228913525671913 0.0911942305020238 0.422912596574621
-0.00622777242882493 0.0244823478340937 0.20617346530114 0.0289900215500941
0.0248590522922476 0.0301451436994416 0.0312350531262411 -0.235736343214632
0.0178875866854731 0.0205420334996459 -0.0141736264041781 0.202254188485006
0.0138395051188881 0.00483581367403931 -0.151356852212373 -0.0713799222195887
0.0286398149453338 0.0174067117905947 0.0566599887832677 -0.436431003820946
0.0253741626924554 0.0231904474603238 0.554956974838928 -0.216532354504087
-0.0303293473551576 0.0125492233688367 0.621554623333255 0.608481350052075
-0.0463716315960623 -0.0345582536493457 -0.27520586111009 0.929560084585585
0.0152411065190038 -0.036550413009701 -0.637883182128943 0.317149500285392
0.0185784977016649 -0.0230240610651554 0.0535979779176288 0.0875256293936907
0.0124768697494229 0.00893552486519149 0.615325364403718 -0.450687177797832
0.0235950901715163 -0.0152660858908743 -0.0402396747510129 -0.957254029916463
0.0234897862711252 -0.0275950397271572 -0.81173332090881 -0.337451202535665
0.0115988257488965 -0.0286446696864803 -0.477866461842309 0.449581084897684
-0.0156961927607129 0.00985386076996966 0.105160472364119 0.411930778458067
-0.00466275382811541 0.0323195368900753 0.205682384882756 0.019519496907236
0.0223359026015999 0.035108132530748 0.0262374286469674 -0.235745425016052
0.0114277374651099 0.0246972367562716 -0.0205885730628535 0.200418793000823
0.0122132592426102 0.011009496469562 -0.154277387874643 -0.0743895357011144
0.0290493650016266 0.0199807115610444 0.0579250644949494 -0.441372945860101
0.0350379854058323 0.0262337919194348 0.561142006006029 -0.223372785857923
-0.0175409638569663 0.0256808415476322 0.626557948911731 0.600255010484682
-0.0480028287101526 -0.0125630963312883 -0.268141763881953 0.922027280564781
-0.0116116055920143 -0.0202990939406066 -0.622689557613904 0.316835799093045
-0.0119715373213046 -0.0111916328560041 0.0691867518500489 0.0867342072514328
-0.00330117735668996 0.0304192328352551 0.625801861045344 -0.456447954087381
0.0326655918529982 0.00368734915012281 -0.0315747296128934 -0.965863144336533
0.0365111999962493 -0.0218274056327245 -0.805067269742359 -0.345171305314987
0.0161026759839549 -0.0267413165151914 -0.472779472888287 0.444180302536993
-0.0160258714234196 0.0130590942264482 0.105809253436519 0.406186658223067
-0.0063177015154182 0.0364553444345257 0.202755993066907 0.0177190408988732
0.0158446398226364 0.0399020440000191 0.020171028175103 -0.233865007203342
0.00168809025137374 0.0297956141733269 -0.0252523309129656 0.201647909298197
0.00849485394854792 0.0113068679287412 -0.160017545132868 -0.0701080942051324
0.0294546730459904 0.0158959260453821 0.044864316049576 -0.442814267721676
0.0461399125346521 0.0254264915227413 0.553655921611542 -0.245238819058141
-0.00228117796715301 0.040611851993483 0.651748259214994 0.567930693070534
-0.0486502601991987 0.016205662509918 -0.227862645043224 0.916989389748806
-0.0416309536470436 -0.000839057361118917 -0.603405123071868 0.330528183993068
-0.0474401620072729 -9.48493024415698E-05 0.0691157802213087 0.0910437521838053
-0.0244285998818768 0.0536964041159025 0.643544994520847 -0.440248515706588
0.0372353675219405 0.0281089479375003 0.0112022206165129 -0.977260745808513
0.0525682380550821 -0.0122308780013861 -0.790072764974514 -0.383726101650094
0.0223656863591843 -0.029050921069554 -0.483715359657659 0.42697480555435
-0.0176411304978044 0.012186121597399 0.0949376604552848 0.408926700508231
-0.0117693860246476 0.0382830214463076 0.197546659826733 0.0248057319887853
0.00668860408285093 0.0443401495036811 0.0160054787274381 -0.232492074075319
-0.00754728596523309 0.0335303442718676 -0.0286605516492097 0.201452929784242
0.00223807275294289 0.010541450594152 -0.169075000044921 -0.0585816870851177
0.0280600586086331 0.00756931941846845 0.0218244249615287 -0.437991637979589
0.0569657204513778 0.0205052922515231 0.535303685591078 -0.276907074776771
0.0156822154538209 0.0545739859537676 0.688408946141759 0.517120791547445
-0.0491032251252255 0.0458862221217143 -0.161921044939867 0.915905552292709
-0.0678996156394242 0.0186474543923153 -0.585069669462905 0.359877472093848
-0.0806790832088617 0.00823595639404568 0.0532801098410337 0.0993820419413386
-0.0478636761793653 0.0735957830769118 0.663322252558653 -0.410141499300977
0.0389173015474948 0.054842213695227 0.0785197275121845 -0.980849644023226
0.0669900173576142 2.37576353700787E-05 -0.762394772035699 -0.442556951944507
0.0309421278154665 -0.0326394990445865 -0.509269825130161 0.397408022711308
-0.0199548057641624 0.00565173091115444 0.0717230749102144 0.418019584559097
-0.0202116979739099 0.0365601170070128 0.190813095022607 0.0393975680260815
-0.00429962520592555 0.0463544417116633 0.0134687629154712 -0.228316627320704
-0.0183099722943782 0.0346436224507716 -0.0304472956404009 0.203180157622278
-0.00369874078068555 0.00676362274731025 -0.1767434080183 -0.0409304943921104
0.0238913505104509 -0.00362568528080124 -0.0079777590342818 -0.426783308929483
0.0661598274834389 0.0124500632531138 0.50763376034544 -0.312326519011679
0.0308874182378888 0.0640721204326365 0.725857827371403 0.453703433237553
-0.0450757683544484 0.0729299516894734 -0.0833878196995433 0.914809370656008
-0.0861363889880814 0.0363639097115488 -0.568030294658056 0.398056042304425
-0.104666404926982 0.0135210463259495 0.0248349989915361 0.109336814209505
-0.0712406644189757 0.0861730580492076 0.677249676195163 -0.36543145523021
0.0340388940710186 0.0777048100887872 0.161439519106139 -0.977026628941081
0.0804865649928473 0.0151200691904823 -0.725431514123266 -0.511169088653543
0.0400316295273225 -0.0388657057736904 -0.546426533736852 0.362675855224607
-0.0223037037523202 -0.00513709136187197 0.0441500240781332 0.432231694446435
-0.0274375233480926 0.0311007287582058 0.182167487764895 0.057234737988899
-0.014608895508595 0.0457416812004845 0.0107850267083061 -0.224394241052084
0.0175317236598414 0.00884223091611749 -0.00162854695193501 0.207319012480666
0.00716053437051122 -0.0167588169122192 -0.162410938504166 -0.0319939227777803
0.0232510866121922 -0.0123107982819101 -0.0122819628572324 -0.411653511605211
0.0237904077158947 0.00476252306758527 0.492651912034544 -0.279536686143068
-0.0348918255570105 0.0104017054480272 0.6997602266426 0.482841662383498
-0.0604854970945981 -0.0379834937992708 -0.112763935661171 0.962590751177694
0.0328543657490495 -0.0621098393711715 -0.643407016913091 0.415201386532214
0.0575303596769488 -0.0447102061042381 -0.0426844285512872 0.108923019224696
0.0304216082510249 -0.0159143541535284 0.609311186037678 -0.365151340259345
0.0083528857595947 -0.0248516467669431 0.0863274188890291 -0.941241468956733
0.0122746000410702 -0.0269193512305539 -0.779805783229807 -0.439060093821154
0.008330088875769 -0.0456085140040769 -0.562169589604665 0.416495756884215
-0.0254407783889741 -0.0195617102686862 0.0496834974923452 0.456927659356363
-0.0170943436852399 0.00925980507124294 0.199406751256706 0.0609376231823206
0.0195023591221285 0.0213592912557573 0.0348298725200034 -0.231648370870315
0.0211942652578253 0.01072905283626 -0.000630874186155137 0.204697535982622
0.0104544110491922 -0.00868617919013437 -0.155277613683775 -0.0474531084920323
0.025833194499893 -0.000966979919182845 0.0134844498414279 -0.420261909547769
0.0203572532091944 0.0117859671639156 0.515726319296269 -0.254090734767983
-0.0395801792824438 0.00683116886086239 0.668231426699193 0.549966150673313
-0.0546898771619441 -0.0486810216095686 -0.186653100240578 0.960453640041382
0.0401606244003195 -0.0596106039175611 -0.648799591490251 0.376062187876516
0.0559820128633464 -0.0414379006707032 -0.00568662321973703 0.0983452268901787
0.0304608560197747 -0.0149881238988752 0.603649624502749 -0.406508390593231
0.011066587763099 -0.0297865708693022 0.0135157767342256 -0.947204639759696
0.0105862011587303 -0.0303272357235232 -0.805109224924934 -0.38187889145414
0.00550633639346555 -0.0387922935407812 -0.526904931317765 0.442196757350299
-0.0220414427672281 -0.00756305459638676 0.0762019872111771 0.440763309966075
-0.0105269823149773 0.0171120791974284 0.204514131412455 0.0430089717800552
0.0247362857200353 0.0250258880676942 0.0327391240108384 -0.236173017807484
0.0220756673701361 0.0148451738761522 -0.00662485397172945 0.204680991413204
0.0141134904342899 -0.00178657947613545 -0.15352599982179 -0.0613277106046355
0.027718969092218 0.0103537653977634 0.035566850954131 -0.432852049695385
0.0214659322892469 0.0178545263979932 0.539659195855116 -0.234613301062936
-0.0379997195440064 0.00693424073635844 0.644606303676484 0.585075454419565
-0.0491828486375302 -0.0465578086673949 -0.237744262952121 0.94898725785357
0.033915803180226 -0.0511858719894317 -0.647220185398692 0.344845287701167
0.0427375084037608 -0.0345382548295575 0.028538000707404 0.0905866700014193
0.024121691376453 -0.00689034125759357 0.604204498929086 -0.439727767632721
0.0156344005724387 -0.0281659164108353 -0.0355618987362203 -0.953120906243188
0.0137955336286083 -0.0315126855370306 -0.81961600127588 -0.338907625411901
0.00704529782939243 -0.0322288991698691 -0.492509357156314 0.458210630854505
-0.0180813210855647 0.00278929610475393 0.101127837709375 0.4236451528531
-0.00498313047978623 0.0240097612930577 0.207184156592587 0.0261656269749311
0.0249170580765397 0.0290860117515075 0.0284225929250496 -0.237783711564779
0.0187467353797988 0.0197183210661136 -0.0118393317604267 0.201871859502891
0.0129436363501392 0.00501821205408473 -0.152805469052681 -0.0697746128131812
0.0289570637639317 0.0168460705988565 0.0489268404909321 -0.44011028291854
0.0263996565259359 0.0224990184531782 0.554421028165991 -0.227570403163055
-0.0301249635540244 0.0141743509891047 0.635112625546309 0.60026886530893
-0.0480092216403897 -0.0341447903137998 -0.262093957171861 0.938416556676753
0.014394358244919 -0.0370218122049709 -0.635375544251629 0.328153809285566
0.0184257259042645 -0.0232406775025239 0.0557553583821341 0.0858636476304005
0.0132225436763554 0.00962319384274721 0.608907326867889 -0.461868661876506
0.0230211111266884 -0.0161077611240662 -0.0558765628196882 -0.959188763580733
0.023299652660704 -0.0286126165386177 -0.820138067614497 -0.324536602123369
0.0107113531964946 -0.0279590739389627 -0.471743709391881 0.462317725741705
-0.0155046711231356 0.010034380312983 0.113186434803831 0.412162797973188
-0.00400765707753904 0.0321731323166461 0.207069524738806 0.0165437177361216
0.0237251703616197 0.0353368976342291 0.023208989943154 -0.237762164469181
0.0125148103475036 0.0247800716104407 -0.0175063108732055 0.201775888336914
0.0120280329864916 0.0100601769367115 -0.155240417700539 -0.0720026778518979
0.0303434813374532 0.0191814099498969 0.0501685116026388 -0.445357901967429
0.0359868345032546 0.024314487985288 0.559581338154014 -0.233787635505738
-0.0176200912438484 0.0266157151952657 0.6404002155563 0.590647546174242
-0.0472840919230143 -0.0116852106974888 -0.255832911224823 0.92699945360935
-0.0124232347241815 -0.0200994315489398 -0.619378892391628 0.325765882758504
-0.0127858281896836 -0.0110310017834269 0.0712423554638021 0.0868226679616378
-0.00263567009020613 0.0309830350515721 0.621959464410001 -0.466585668344745
0.0320873669203096 0.00273571962181604 -0.0463668009214272 -0.97069887176206
0.0367042164700315 -0.0229737158383498 -0.81420197449868 -0.335793465341584
0.0152590666552613 -0.0273815990912054 -0.466676449570867 0.454189931377104
-0.014748032141601 0.013557498658424 0.113326801296668 0.406456700799516
-0.00589439487586773 0.0373640074996588 0.204516162578764 0.0153894469594947
0.0172422123190972 0.0398070875633103 0.0175129797339456 -0.235397727980282
0.00290773318669451 0.0287673518457763 -0.0229772510880548 0.202341767773943
0.00783476025640353 0.0110223285838821 -0.16166741253767 -0.0678583375415938
0.0304234640211933 0.0149116254935086 0.0386470012377182 -0.446450381794017
0.0469655037592162 0.0235580392448318 0.553212494695487 -0.256180201553102
-0.00132067829652709 0.0414432812705816 0.664081850481728 0.559763172555591
-0.0481774328066332 0.0163816757219649 -0.216525100611226 0.923835714284174
-0.0419654950335357 -0.00133607301210356 -0.601837149565692 0.34081244089829
-0.0476264144585814 0.000143780108317091 0.0712093729341513 0.0902259070784132
-0.0232043956890565 0.0545732981198431 0.639417397455162 -0.451403512820197
0.0384980530163973 0.0275144788070111 -0.00352890029373926 -0.98219679465953
0.0522781310420856 -0.0142291911791257 -0.798342693011099 -0.372672945755562
0.0217265923214276 -0.0302405841895402 -0.480484574760877 0.435047559807736
-0.017083708374629 0.0122932718818594 0.102851858448667 0.40950476616091
-0.0114931109059238 0.0390205676141759 0.199038958340283 0.0220343817033503
0.00863801713056671 0.0443004803412584 0.0131130683018991 -0.233734024764524
-0.0071691702830204 0.0325280372667409 -0.0260748889199491 0.203599666292914
0.00260953882716418 0.0107766746935268 -0.170249249236063 -0.0548202738966252
0.0286011731000403 0.00713810634352607 0.0146688295397534 -0.440980993834095
0.0592493756755046 0.0198530247248305 0.53488350751925 -0.287212141081773
0.0165953771909955 0.055348726236868 0.69926198125866 0.504163086036692
-0.0469681285723396 0.0480319676839521 -0.148085986076612 0.920499388965795
-0.0679211755358832 0.0193886343141523 -0.581935922911014 0.368947934402765
-0.0804124368048707 0.00996023908579891 0.0556286296598963 0.0985535956528969
-0.0475499093604655 0.0741132246237871 0.660531174329982 -0.422478102058911
0.0390390982969567 0.0543329235505853 0.0647971057434663 -0.985960719755868
0.0671715857770958 -0.000838501333793436 -0.771807591666869 -0.43189287841516
0.0291501920080725 -0.0336974025789376 -0.504335019864504 0.408930487956832
-0.0197334888034116 0.00680666926175581 0.079400416230573 0.418837487888395
-0.018948448463355 0.0380459076373312 0.192709705958825 0.0367271384721959
-0.00360722485568208 0.0459783699234537 0.00923387653276321 -0.230722736602022
-0.0154990844847792 0.0353367321718593 -0.0279902385462069 0.204114817377179
-0.00349036645639104 0.00689520958845424 -0.17899952451981 -0.037468424736185
0.0239751267031401 -0.00371870614940796 -0.0165498603434935 -0.430219287976779
0.0661938625877485 0.0110473539139061 0.505023780804791 -0.320917118209194
0.0321627190203622 0.0637093511285438 0.733571731925989 0.443010750442696
-0.0436234816070414 0.0736174069835357 -0.0713462440121093 0.918962099777479
-0.0868223638168164 0.0378278632759596 -0.56405870159879 0.408749665352264
-0.104113274830927 0.0152440001328923 0.0270276303504709 0.108221050052877
-0.0690567527338855 0.0879035608519722 0.673443483006186 -0.376805134577303
0.0347757113117692 0.0775593061605376 0.147338371643993 -0.986446104571499
0.081060775756225 0.013773811621731 -0.738062141809589 -0.500276662316898
0.0386714758430029 -0.0398325561777634 -0.540232797631703 0.373776149768055
-0.0223844943017069 -0.00514102099684167 0.0511726867656428 0.433491881568106
-0.0260576399185697 0.0322785157753477 0.185257662664118 0.0549909953081777
-0.0134049004972451 0.0462431395931431 0.00888572627534815 -0.225903756770861
0.0191511616919956 0.00834968282113906 0.00132493536335691 0.207640820355379
0.00746723709458203 -0.0174708027315167 -0.163112237473334 -0.0297136582465946
0.0248299009998881 -0.011806897521767 -0.018436046345442 -0.413598478185778
0.0245521527245751 0.00426801239325942 0.490332354890087 -0.288485697165471
-0.0360987426120555 0.012836877268639 0.708773035913355 0.471559009451168
-0.0607123555811042 -0.0375291747503079 -0.097090692266671 0.967623106636627
0.0331556182211916 -0.0627427862511086 -0.63723966254082 0.425873269990197
0.0563208437003693 -0.0458556508744929 -0.04184754420761 0.109575718927289
0.031576710649502 -0.0169089282226423 0.60515998363284 -0.373319861280313
0.0070850949582312 -0.0246313639909367 0.0715975079436637 -0.947135626109914
0.011972464307492 -0.0272286200740467 -0.788677186829064 -0.426291670369799
0.00684860866549192 -0.0467778126442229 -0.556932260745789 0.426859950219209
-0.0256919502012672 -0.0193784275678508 0.0567758252534231 0.457925133463251
-0.0170645163499624 0.0101293121236789 0.200952311556768 0.0585388104980459
0.0211891614530327 0.022122056303524 0.0308810611142813 -0.234076700812019
0.0223031811566256 0.0105549201817013 0.00187186441653163 0.204361182502894
0.0112171775292024 -0.0099741653390048 -0.157018585778434 -0.0444277402254098
0.0259828365743933 -0.000840625338260955 0.00678436318002957 -0.424034578279008
0.0213431103908593 0.0116884398293085 0.512535887771579 -0.263015791892986
-0.0405366262886209 0.00823501566018964 0.678455076253033 0.537948351527598
-0.0556468362312324 -0.047499787855482 -0.171829823281601 0.967746703504589
0.0388363715379619 -0.0605660903683581 -0.645817042054863 0.386537736689624
0.0555204000637399 -0.0420206210138505 -0.00394370362695525 0.09952887826023
0.0309491098367119 -0.0165590228192103 0.595929461853461 -0.417165564071827
0.0100448516823311 -0.0306583131363616 0.00166747762192455 -0.949595629532353
0.00986279922023519 -0.0308646053119811 -0.81377939366069 -0.367985137332345
0.0051973746031252 -0.0402789321104393 -0.520489972152827 0.454327464595056
-0.021870239340678 -0.00739453744432576 0.0854915734019786 0.441063191615566
-0.00940760315559121 0.0188153788118643 0.207024975745812 0.0391423234101625
0.0259385685100066 0.0249046330761803 0.0294891799548608 -0.237895047259101
0.022539092651401 0.0143315946699208 -0.00376536707950212 0.205188248558413
0.0130460963261357 -0.00209750976665767 -0.153916502031179 -0.0582220911372547
0.0273751873702865 0.00938587532413346 0.0285019991849694 -0.43501872868923
0.0214662637110883 0.0165794215097953 0.536833637765494 -0.243478553950428
-0.0383433533888813 0.00880297050710814 0.655368634017226 0.575397652569812
-0.0503647687356654 -0.0457549271283562 -0.224008547454433 0.951218065689903
0.033584607863617 -0.0520111167945 -0.64282576728131 0.35525720224126
0.0421508518768971 -0.0338495866047488 0.0305346103845124 0.0900173760925261
0.0253234032142001 -0.0071197600918902 0.597042522382305 -0.449414680018116
0.0154018311207438 -0.027471174819132 -0.0486001499676529 -0.953791247101015
0.0129694318408476 -0.031451191359476 -0.826540606687871 -0.328426108481803
0.00670714952503584 -0.0333879045947361 -0.486917148597232 0.469270087723056
-0.0180947952702041 0.00310352170291994 0.107659629434763 0.423401884800128
-0.00445612806933262 0.0261646546833767 0.208993164049585 0.0234774148010052
0.0272146411675938 0.0301976408743297 0.0249463712011248 -0.238739433060896
0.019621878871142 0.0187870596720386 -0.00868816740754428 0.202924533389649
0.0137177625881247 0.00568400027437581 -0.153103191660253 -0.0680988023695387
0.0287994905152213 0.0159560885142833 0.0427894711271301 -0.443181458874085
0.025800554352407 0.0215914994637757 0.553988081239942 -0.235962319321044
-0.0300112324428692 0.0152640369908237 0.64389190851308 0.590080072005303
-0.0477469274730564 -0.0332732173354181 -0.248682231908183 0.943415443039186
0.0150368099450487 -0.0372568719378849 -0.631511392641011 0.33659303437394
0.0178700293474751 -0.0229234069970886 0.0566295015107303 0.0857538521498439
0.0135723790501281 0.00833067044423583 0.601738986605011 -0.471619712282852
0.0239389694520512 -0.0169227118167987 -0.0701973803693483 -0.963351258105209
0.0226839603499362 -0.0289916773078288 -0.828052940355771 -0.313005960669645
0.0091862375025637 -0.0292251856694187 -0.466178299224594 0.471982983599274
-0.0144730247674415 0.00996628799915029 0.119190706472834 0.411303916383839
-0.00223865502276213 0.033156858071796 0.207744180533866 0.0128750652880443
0.0245153658720725 0.0351323715707353 0.0203047808902799 -0.238393654223848
0.0135124604227686 0.0244813020574909 -0.015751895985385 0.202786080486531
0.0121640936154387 0.00976409434564088 -0.156678039381085 -0.0701351993798847
0.0299175040143296 0.0185012024453315 0.0426158793802132 -0.448273306215884
0.0363842721296527 0.0235565933323447 0.557928591284588 -0.244649758062834
-0.0174269643094165 0.0276234467887222 0.652922236528308 0.580385034125559
-0.0475493712315258 -0.0108528283739165 -0.241417701798248 0.934890878072973
-0.0111728206989453 -0.0193390244594775 -0.615806869881225 0.335798267417359
-0.0129014246900936 -0.010963952393356 0.0716080126659499 0.085476003777896
-0.00206310080748379 0.0309761098739504 0.614262000668213 -0.476321650574543
0.0314961043408292 0.00160885041697299 -0.0604344505974572 -0.972716101534125
0.0368049154781093 -0.0228526839248586 -0.819212696274167 -0.322378137514867
0.0141172333408359 -0.0277838231215606 -0.459425780964759 0.461895564935264
-0.0151001267095801 0.0136807735180419 0.121106206858193 0.406144135349609
-0.00502903067380992 0.037647954341689 0.20568039082834 0.0113104461189509
0.0184178149068108 0.039982907664731 0.0137126109659421 -0.236845872879537
0.00513314414815755 0.0284318043365123 -0.02146994760422 0.201909081358765
0.00788688391175108 0.0114491784977059 -0.162777120284018 -0.0653082137008817
0.0302291514776666 0.0149151511052292 0.031248466706475 -0.448007817063183
0.0471673587333325 0.0234070153398364 0.552066691367437 -0.265909843493617
-0.00145528869984108 0.0420319151888919 0.673998296052595 0.548274921126316
-0.0481504605279807 0.0183101359586447 -0.201855406710988 0.928542928326868
-0.0414048086356113 0.00069074235623931 -0.597764482167499 0.351503910788355
-0.04736108012366 0.00170317250452779 0.0717998183259269 0.0883754942872881
-0.0219771306741591 0.0535647292061677 0.634863517607423 -0.461798708769846
0.0383076328476131 0.0260065115333741 -0.0177282542776256 -0.983304814048614
0.0526468811147758 -0.0145655710404052 -0.807202766187637 -0.36034919049532
0.0201825549005795 -0.0301238031024565 -0.473079529013097 0.446030410887554
-0.0175368264825997 0.0118558670918489 0.109572485211559 0.410161280106194
-0.00966674488125583 0.0403191815929858 0.200602272177231 0.019294724850759
0.00899484434530401 0.0435922491801678 0.00966944043325199 -0.234321117300254
-0.00500389777207812 0.0325797338023161 -0.0252644413332707 0.203662156130128
0.00264224241802301 0.0104262761197952 -0.172134176671698 -0.0532795244360321
0.0283920296861734 0.00634903323013037 0.00686731832734594 -0.44355820084777
0.0586098619319705 0.0173325012441742 0.531348883992623 -0.297516242591329
0.0166031579705141 0.0557486421782994 0.708325817767472 0.494484114877594
-0.046514732723643 0.0485843250454999 -0.13612144953833 0.92447015342022
-0.0677855956826739 0.0197719395932965 -0.577641037939639 0.379654734589886
-0.0805782617902505 0.0116648148497428 0.0572820990427724 0.0976763197641881
-0.0452579710470885 0.0754794818100884 0.653409247587206 -0.432489211032346
0.0398199892714407 0.0530304895979059 0.0472027125395333 -0.988437116655417
0.0681560118752979 -0.00162446658001351 -0.779699911610222 -0.41991169898221
0.0284970409241029 -0.0340086753087785 -0.498646318296865 0.418021840548816
-0.0192591815930735 0.00605373173082702 0.0879542856716832 0.419077405160367
-0.0169718200212653 0.0383133100013142 0.193022199557597 0.0332409251773985
-0.00156823679801877 0.046482352857748 0.00655115247848369 -0.230565581415761
-0.0156558335418226 0.0347291634112133 -0.025413881751263 0.204705900351639
-0.00444977455633617 0.00635002160106628 -0.179470101636744 -0.0353715567460598
0.023881925086995 -0.00420687626467308 -0.0210590188439994 -0.431316998829628
0.066095059613812 0.00951955857671867 0.502489185325625 -0.33277166590616
0.0325637128213897 0.0644726102182838 0.742672373397265 0.429500570349089
-0.0421913056339201 0.0752395676122603 -0.0570643197361148 0.922511097520394
-0.08543539914336 0.0390561535422956 -0.559656861774986 0.417962796874441
-0.103929300512037 0.0160731201420369 0.0285556253528147 0.109333688201647
-0.0683407749411764 0.0887216479963893 0.66888714778495 -0.388897030390008
0.0360154572255623 0.0772064909686961 0.134629002349569 -0.98851185116708
0.0808304476398208 0.0125538624867822 -0.747864624278762 -0.488781177245332
0.0375399794854463 -0.0401939669313427 -0.536624039945469 0.385006676538822
-0.0222871052310189 -0.00484979148086089 0.0581729969461579 0.432389615382821
-0.0252660370164457 0.0327984836424397 0.186399707333167 0.0524043961365265
-0.0117747937789515 0.0468413143873427 0.00469913479189407 -0.227265099469999
0.0190981148204122 0.00743412574952281 0.00453651168431493 0.207759352337966
0.00622873750370726 -0.0165194054555817 -0.163459900609474 -0.0272063631543577
0.0230022222545468 -0.0127266531223441 -0.0259454858710313 -0.413984561170248
0.0248919889647064 0.00289078238378372 0.486047046210491 -0.296593531314843
-0.0352632309563659 0.0145040806477769 0.716657181022107 0.459025313062037
-0.0617821952019969 -0.0355490233165762 -0.0822597656982272 0.96762370992547
0.0324690635443251 -0.063194087025065 -0.633355658941052 0.43610925646451
0.0557309677448913 -0.047704835911496 -0.0407526283660534 0.110212488076113
0.0310891435329043 -0.0172943663837746 0.598525544259387 -0.383464752801884
0.00753993202177732 -0.0244310249861759 0.0579679204332039 -0.947347669420644
0.0110940835186721 -0.0275247047367347 -0.794997684377438 -0.411918536059155
0.00608840082349366 -0.0469811638003328 -0.548579860400887 0.43837676903676
-0.0258852515720008 -0.0182778998317949 0.0661614559436743 0.457616075799266
-0.0163373072011187 0.0108585325878211 0.201200846432453 0.0562905561748723
0.0211133560352588 0.0213522123092909 0.027511722919454 -0.234718624217191
0.0231814042375847 0.00971620007369585 0.00342871659826066 0.203618533493274
0.0104544857125666 -0.00921793728820103 -0.157276307808066 -0.042434038579134
0.0262473832564551 -0.00169172803918063 -0.00107095684316484 -0.422953494336011
0.021784698474586 0.0103151811605453 0.510305115719906 -0.273533223101981
-0.040213015944223 0.0097061710837777 0.688156419954706 0.526324444102754
-0.0556463410347704 -0.0460294475856059 -0.156151219077437 0.968042799345539
0.0386606689719272 -0.0614566949484876 -0.638911225527134 0.39562032888299
0.0557488126798874 -0.0431902925742339 -0.00300698048270786 0.099036288294792
0.031120893223105 -0.0172706645489547 0.590461067798432 -0.424482194121296
0.00994553847631265 -0.0306997922981252 -0.0141574538299603 -0.951387697195377
0.0093510187064262 -0.032160816974965 -0.82112626848961 -0.35513346125499
0.00450085213125971 -0.0402279708545548 -0.513048662706286 0.464046648194397
-0.0218811687020326 -0.00725510881687686 0.092667337001901 0.439202794749829
-0.00895312270945119 0.0188860030103059 0.207814586168076 0.0364825848248306
0.0266262028979208 0.0251891900515911 0.0256781360919337 -0.237517297378251
0.0236336665167245 0.0134731075448052 -0.000530622506072896 0.203571004588684
0.0126018596373196 -0.00127903067795756 -0.15458926302131 -0.0560001422095031
0.0280344485814915 0.00836759457975473 0.0213214234846339 -0.436532464625119
0.0223318502477564 0.0164647732756854 0.533622935044381 -0.252691104252917
-0.0388986584583005 0.00978453685813165 0.665431137078472 0.561321968390258
-0.0508766171722903 -0.045614758131761 -0.209746239427511 0.956579487346583
0.032465493809485 -0.0517571552427592 -0.637694520695543 0.365507231087092
0.0418510210719249 -0.0352208302491859 0.0313294540853452 0.0898301517931029
0.0256070044845991 -0.00870709744061352 0.589687098379531 -0.459802453801152
0.0152257418980685 -0.0278575346270667 -0.0639898356020777 -0.952504585986412
0.0125923615489528 -0.0321965014525956 -0.831951503514919 -0.312882415379416
0.00543962215766628 -0.0339924617345893 -0.478908978925003 0.477071061867269
-0.0177613224519673 0.00260191465295452 0.114324707804498 0.422158675679347
-0.00300836481881504 0.0268574144505688 0.209853461626055 0.0188916152898289
0.0284918037244552 0.0305671398676255 0.0222138600847255 -0.239439203776286
0.0203492450831954 0.0173608470674313 -0.00643825379856424 0.20264091350512
0.0130166616891259 0.00483658094054024 -0.154106267741104 -0.0645407662052212
0.0293500969014184 0.0151012318655225 0.0327353614055774 -0.444592157735482
0.0276240256823194 0.0209089038304243 0.55009728873268 -0.245630673231534
-0.0302873175237419 0.0169134206277814 0.65346721217682 0.577812070886778
-0.0477713468320754 -0.0325029221924245 -0.232466265655171 0.945829723423649
0.0144411864739347 -0.0376630500289345 -0.628251465162526 0.348317267919465
0.0177633104415033 -0.0236603749628094 0.0579203148695146 0.0844320135994406
0.0149283537315485 0.00825887158571448 0.595305925372731 -0.482014057550752
0.0233052700958953 -0.0172606654689158 -0.0839406734045462 -0.961255780059009
0.022450891191013 -0.0293941008835083 -0.833966662226722 -0.297847115182543
0.00835345209669429 -0.0297365939066893 -0.457547953880004 0.480738369126479
-0.0148773564202056 0.0101322176118086 0.126904327862691 0.409168332709341
-0.00197913265707676 0.0335113957503981 0.209178449467068 0.00948761541438006
0.0255086030584466 0.0349077687017869 0.0162778812938529 -0.239223915806123
0.0145820533258925 0.0235637478060158 -0.0120588156371095 0.202991988853886
0.0118023944636594 0.00957494931117947 -0.157658606703192 -0.0678293545829286
0.030846080900078 0.0179757581927364 0.0353248319492152 -0.450433516527665
0.0362306759537712 0.0235655754817466 0.555708472798979 -0.256674480693258
-0.0176028076678365 0.0287429440290235 0.660351779725407 0.569467680983408
-0.0472693409509433 -0.00956348486143141 -0.226461777400169 0.936614470676281
-0.0112871526336316 -0.0195903386950908 -0.610681852604215 0.344515137004968
-0.0132520508400453 -0.010931097683322 0.0732486923593871 0.0835646719858014
-0.00134339704542507 0.0309752727153868 0.607181463437668 -0.485923259306668
0.0317923299963958 0.000825408771117262 -0.0769611489936923 -0.970712357337425
0.0364242274147534 -0.0237810715696592 -0.826823320778456 -0.308986592681916
0.0138689511546982 -0.028086747627874 -0.451808945231155 0.471960520263159
-0.0152799551170134 0.0140983142989388 0.128431052982154 0.404964197427509
-0.00331935538933418 0.0386237316635726 0.205793157905827 0.00891573603935678
0.0194978519410121 0.0394419128656957 0.0109055789888269 -0.237074983657642
0.005796630349939 0.0276014677166457 -0.0172389669498207 0.202702200335826
0.0080301645409277 0.0115283828827446 -0.163818601102958 -0.0628064787391091
0.0307659920070883 0.0139764576921462 0.022571397852357 -0.450528253777531
0.0485316010838646 0.0222188231685132 0.548119974735907 -0.276170227960386
-0.0014584434655996 0.043281206492599 0.6845363978258 0.536672040610279
-0.0468389359714322 0.0208581726706348 -0.186386161691163 0.930561606194589
-0.0404008589331376 0.000694079837095195 -0.592072707198168 0.358304010368252
-0.0475772418531361 0.00249136999473312 0.0731564628812782 0.0874513703746209
-0.0205912131476574 0.0544623439761992 0.626624639315563 -0.471615726844982
0.039074968503252 0.0249140620297442 -0.0349810508239532 -0.984165811496376
0.0522363033121345 -0.0151567037020825 -0.810903458822303 -0.348430180825466
0.0193270008686312 -0.0309629936792136 -0.46485790635104 0.454352407111907
-0.0173056430809276 0.0124389837992708 0.117009243198035 0.407725670123188
-0.00921045504517142 0.0412172517166782 0.200947775482585 0.0167687544189428
0.0103773061359576 0.043845419945488 0.00547853112942843 -0.234956977593795
-0.00381945520696209 0.0314119237949265 -0.0203997437065507 0.205164165906556
0.00168952149564184 0.0104151923617151 -0.172308032957004 -0.050070165058882
0.0285774257110922 0.00543911086173181 -0.000922369958780907 -0.444479532112916
0.0588844486710095 0.0166842953039457 0.527128485618644 -0.307077941784703
0.0165616125811391 0.0553176547224282 0.716021276155601 0.482706792074788
-0.0448081345658882 0.0498997391801956 -0.121521866799137 0.927128339548423
-0.066729224043631 0.0218658106519935 -0.570513992227627 0.387671802134156
-0.0796405873188842 0.0126218758992297 0.0579177864538587 0.0966506523782197
-0.0442857562153609 0.0757432084648345 0.644448727625056 -0.441430451055597
0.0404211942931549 0.0514632872896261 0.032703049978023 -0.987404167220653
0.0678058666815551 -0.00324087495766801 -0.78650700723843 -0.407079657938802
0.0275633475803936 -0.0352999087964069 -0.491960264902491 0.425674338780735
-0.0192083948390144 0.0058722440324154 0.0949415204568732 0.41833944116344
-0.0168999873509328 0.0393797222510603 0.19534703207892 0.0310290740729998
-0.000361513123997868 0.0468502092917632 0.00267497334547406 -0.231260836039115
-0.0143608727568663 0.0342230571752867 -0.0219141439884312 0.20526061101837
-0.0049963882781091 0.0068151674581263 -0.180068057620208 -0.031947738122934
0.0243798344897326 -0.00484275120627055 -0.0307466930122457 -0.431131374046454
0.0659640072499258 0.00754432861169432 0.49636016758173 -0.34148540288912
0.0335850815238488 0.0645124297024665 0.751028589585126 0.413985259346153
-0.0404755838402485 0.0754977384898981 -0.0429234419387744 0.921028375093329
-0.0853604659895116 0.0406102803975168 -0.552377399594363 0.425305421191672
-0.105328141653766 0.0189449920774556 0.0312270056401437 0.108647153124344
-0.0659800496203184 0.0896803916836599 0.661426287672404 -0.397576849332956
0.0363924165728366 0.0762966077266902 0.11767450199711 -0.991189562071087
0.0812524523613937 0.0101082998414683 -0.754702696957859 -0.478765948085274
0.0366185222306562 -0.0416400928500094 -0.529273802385996 0.394144970932118
-0.0226987692103517 -0.00457137456313325 0.0669686147389716 0.432719829339814
-0.0241234877781013 0.0335010887191795 0.187352822635654 0.0502011825098411
-0.0106276560083404 0.0462010597732619 0.00107016205247173 -0.226967633971614
0.0205395523776191 0.0070012901025403 0.00806588363725287 0.206958704385495
0.00502265876812839 -0.0174116012731291 -0.163661096457086 -0.024389859208136
0.0233609249516967 -0.0136343353581456 -0.032880980829001 -0.413750925794866
0.0255205974964002 0.0015301055563841 0.480792141357826 -0.306070378271626
-0.0352204898565397 0.0154041171530683 0.721890512207033 0.444445130772308
-0.0619723231355439 -0.0343464753173648 -0.0668054225624971 0.967690937700684
0.0321144713326611 -0.062597616458751 -0.623734267206282 0.443167086195568
0.0552633541649588 -0.0469060541790934 -0.0384910641380413 0.110413325456911
0.0309578172000126 -0.0177037114770464 0.591810075609752 -0.391099316997623
0.00641511623643594 -0.0256341758586327 0.0443581321502721 -0.945426753434316
0.0107971665904414 -0.0274827963382002 -0.799754217523257 -0.39956400236952
0.00545246961865637 -0.0476188193318016 -0.540846113477024 0.445247557376142
-0.0257842108559231 -0.0177299520294665 0.0735084101827057 0.454847637774407
-0.0150228851191804 0.011019351624612 0.201506261279342 0.0527399819976004
0.0229629935171136 0.0223419466691183 0.0246301897341754 -0.233946937436201
0.0229437041996038 0.00873066121069205 0.00719915658454362 0.204282983358025
0.00989437672749421 -0.00971785938641923 -0.15759347749315 -0.0390916505962694
0.0251766596009442 -0.00208446901913671 -0.00831713935234893 -0.42438740973812
0.0217836757260914 0.00945066471021658 0.506448994866349 -0.280397729558564
-0.0407976023078201 0.010638563639411 0.69689357657463 0.512360296128293
-0.0560869023956236 -0.0451633636317906 -0.141798117331175 0.967484958469631
0.0383997161056941 -0.0617133414263055 -0.632015389484418 0.404367911205867
0.054310865420985 -0.0427409225124312 -0.00143757492482098 0.0981937977293512
0.0313088271547169 -0.0171611293690722 0.581001688444736 -0.432792122904093
0.00944270562307225 -0.0315301624497315 -0.0290563741039846 -0.946863513362718
0.00888577506171834 -0.0316483897584991 -0.825090204527162 -0.340646651814326
0.00350792353351336 -0.0411727164669424 -0.506073966642316 0.473606838269684
-0.0221001914811836 -0.00809745759309287 0.101176163902468 0.43890175582687
-0.00806738782814049 0.0193960598665837 0.207500034964536 0.0327021738417433
0.0285523681469121 0.0247687266059852 0.0224064299747774 -0.237945054025322
0.0242925166232164 0.0123541358507978 0.00278943534515013 0.203739017519958
0.0125657781199942 -0.00211848076578591 -0.155059853231272 -0.0539631112710207
0.0280961868089612 0.00892123627396042 0.015056783225509 -0.437088708199506
0.0224231805879221 0.0160366181292543 0.530119033878423 -0.260552838167046
-0.0386562210242926 0.011112040619587 0.672818003207424 0.55047067596068
-0.0505081926407798 -0.0440650254296079 -0.194496064512832 0.957147713648642
0.0317823074053124 -0.051654913426561 -0.630676918411826 0.373096040431677
0.0406477401682398 -0.0345980447800202 0.0319503815083481 0.0885242289874425
0.0249284622791277 -0.0084320455830708 0.58185203317586 -0.468927229753756
0.0143705069884005 -0.0281915018570243 -0.0775141848541658 -0.94968057211867
0.0123844083205453 -0.0309455435623224 -0.833862939312682 -0.29940314846787
0.00474375964285807 -0.0338308438912504 -0.469440724757811 0.485542187534508
-0.0170604803411937 0.00344114614820469 0.123934916303695 0.420302676506186
-0.00283272958541237 0.0271544022110547 0.209323870386732 0.0160633055811869
0.0289351768941564 0.0294665821007559 0.0189367074867455 -0.238473486182727
0.0225126639324437 0.0164926070573871 -0.00371737446778982 0.202895826473689
0.0130628635523926 0.00520607323907478 -0.15545579300672 -0.0619903097338546
0.02944422565785 0.0147127170446344 0.0258111893940117 -0.445327495552419
0.0272613574439771 0.0201822629936191 0.544203626497255 -0.256470551013316
-0.029987808401172 0.0182649326467657 0.663347339055108 0.565381248197318
-0.0475500788958171 -0.0309776119479777 -0.219345414010478 0.948231222000818
0.0140359030998537 -0.0381390569290815 -0.620326804214514 0.354917004024582
0.0170484520451319 -0.0238999144969294 0.0583456600830078 0.0823478919468531
0.014006640419482 0.00854332077335428 0.584895487721012 -0.489954294504823
0.0221030438849273 -0.0174312310180744 -0.0982092400145703 -0.95779401088493
0.0223693830491593 -0.0299499395215485 -0.836519729304261 -0.285686810780885
0.00752420966543074 -0.0306283815126586 -0.449290090782392 0.488602823119567
-0.0143827993513607 0.0109207456764855 0.135056947153342 0.407036975602233
-0.00108987684790509 0.0341370775222614 0.209193345974699 0.006874212103022
0.02680678827397 0.0343729881747975 0.0127414356086782 -0.238689953570852
0.0151244836310363 0.022759062894057 -0.00906545981314398 0.202803580744678
0.0114781768531242 0.00947469962906854 -0.158896432217286 -0.065258850792897
0.0317199515707942 0.0171602407118331 0.0277170554626126 -0.450863687228296
0.0370475810288529 0.0228506674329305 0.550997220817362 -0.264131320688457
-0.0172792145125852 0.0297057127162983 0.670333525654826 0.556373710982565
-0.046935610603454 -0.00836664075768613 -0.212590628425704 0.938087818920828
-0.0114305528845605 -0.0188567863344674 -0.60381896342253 0.353496836134334
-0.01358406005917 -0.0102166912362671 0.0739948270255293 0.082357292778616
-0.000853765999987119 0.0301830830309572 0.597795391823141 -0.49534412310052
0.0314833085728806 0.000452020349926044 -0.0898772795372818 -0.966456733720101
0.03566867956544 -0.0239850072500301 -0.829375211142672 -0.294541386024288
0.0124696881542908 -0.0282237956321013 -0.44308707642958 0.479272582433186
-0.0147020212983165 0.0135771262680334 0.135401499135981 0.401801575415592
-0.00235138668755796 0.0389193124949931 0.205533921230449 0.00529896540498408
0.0209392021576365 0.0398611359819927 0.00760138430689863 -0.236859747752745
0.00778421540376037 0.0271394396177908 -0.0149842692417052 0.202709376545463
0.00860076748893131 0.00996508101864264 -0.165145323191896 -0.0608177768063051
0.0310505045632793 0.0132075068855323 0.015028897503538 -0.451134401322171
0.0477632065127049 0.0209963149223246 0.544238333918459 -0.283469839383979
-0.000602856774529325 0.0433567321861117 0.691138574449984 0.521104771363413
-0.0465311323993257 0.0201206159367853 -0.172387403132925 0.930907504494314
-0.0411708257721557 0.00202524964690468 -0.585277482884284 0.36688749490639
-0.0480437397502202 0.00298320530517835 0.0740027698978457 0.0867626430647275
-0.0197437073238747 0.0537159030159295 0.617463758737659 -0.479768459691235
0.0387250428987071 0.0250437957303304 -0.0471174568544702 -0.979287163372402
0.0517439101382334 -0.015449144618721 -0.8148227502509 -0.333459097429095
0.0187516895603718 -0.0311665278594271 -0.455973090739066 0.460754948284658
-0.0167298238085851 0.0130654705395994 0.123842046827045 0.405187759463584
-0.00777296355306164 0.0403324077708497 0.200688209973258 0.0127729085607252
0.0107285051069458 0.0437871885223129 0.00263399891873073 -0.233462416471525
-0.00296778958876346 0.0312303930626125 -0.017877652769179 0.203834670597552
0.00212217506709003 0.0103997667441043 -0.171770826692822 -0.0471829956584525
0.028023948980576 0.00512125987919097 -0.0084196128161314 -0.444286857778519
0.0589245980712197 0.0157284932153243 0.521298329654455 -0.315669780753576
0.0180974672651253 0.0569837085985347 0.723015730508813 0.468140159002743
-0.0444512647909119 0.0503105152971507 -0.107057146796251 0.925947118869364
-0.0661664270541445 0.0220826752735547 -0.563402346856453 0.39519297745733
-0.0795513344229265 0.0136994683542965 0.0598991022107676 0.0953275315679367
-0.0423829651897479 0.0756085958678302 0.636771246740748 -0.450731877633075
0.0413895248979288 0.0507923982493189 0.0179215550595852 -0.986078670992852
0.0681088886990157 -0.00470734772021566 -0.792337180090498 -0.394756378368022
0.025697857625962 -0.0358170071603457 -0.484443760286248 0.433927046732079
-0.0189214307918854 0.00663691047268678 0.102702422073426 0.416080959023426
-0.0149127152174446 0.0396027158750135 0.194504186027011 0.0276143742320864
0.00120632587711053 0.0465815740184102 -4.37188358720374E-06 -0.230197438563719
-0.0133310897832845 0.0341322849353463 -0.0191810927509158 0.205798246893004
-0.00424675803599699 0.00709587512790137 -0.180995544401015 -0.0295415609530429
0.0244820940354098 -0.00533217110106399 -0.037366190455121 -0.430867656048808
0.0671167398649647 0.00674429738915987 0.492028932809164 -0.348228384788342
0.0343984862308401 0.0649948306048364 0.75594310267385 0.400813003128795
-0.0389620488112204 0.07626791412512 -0.0281849819505168 0.92152399022489
-0.0826354660704205 0.0409423543390873 -0.544448520282766 0.432562113281535
-0.103954637024048 0.0198323071465002 0.0315958630136302 0.107751629155456
-0.0645452128927095 0.0898158427260883 0.654100359598709 -0.404614126192553
0.0376503647440559 0.0751193307946681 0.10239841704714 -0.990894031116155
0.0810023735130991 0.00935569871356268 -0.760056938661538 -0.464736496654545
0.0349475277881041 -0.0427030826897362 -0.523502191620429 0.402710532981605
-0.0223328495965377 -0.00381866737492553 0.0731542353937195 0.431240927623233
-0.0235580052018756 0.033957795905496 0.188575979868808 0.0473191804108864
-0.00983593453510031 0.0471617412174127 -0.00198632355515698 -0.227173261327426
0.0208720394251715 0.00630739518399352 0.00970915122005835 0.206167218901882
0.004484633616083 -0.0162214341572557 -0.163162568106568 -0.0219960872106393
0.0232612831769875 -0.0145577531171629 -0.0396233116466589 -0.412821302690423
0.023919683211398 0.00169751743038051 0.477037424672455 -0.311115707055837
-0.0350881634977537 0.0161465139093018 0.727170172661405 0.429690828541379
-0.0622847003034474 -0.0339370426296986 -0.0534034510269731 0.963347439328848
0.0311986709826739 -0.0638784734077219 -0.615745420975999 0.452110823063991
0.0546512340964607 -0.0478850610534611 -0.0376352520909353 0.110727435862098
0.0317953036769621 -0.0177231578836155 0.582402750623804 -0.398554894848635
0.00601257763565707 -0.0263650453406632 0.0313131587879881 -0.941897651445811
0.0109729659335279 -0.0273455163722826 -0.80175409611681 -0.387161953167405
0.00368595544222705 -0.0482338829952106 -0.533072010167541 0.456368939673969
-0.0264013101747401 -0.0182580284205517 0.0809168451313298 0.452318882367567
-0.0141133239535936 0.0124885114157903 0.20326697980359 0.04862818922709
0.0227482956853105 0.022111267493728 0.0204896114384936 -0.234357698855582
0.0242508526245047 0.00806435808483856 0.00992304565520658 0.203217788294747
0.00957177432217318 -0.00950592255411401 -0.158116046442077 -0.0378356674828877
0.0259783560025703 -0.00298608514929584 -0.0152329396126484 -0.423783307382531
0.0217783673912957 0.00905190906108751 0.501443571909429 -0.288941236485453
-0.0413068485715011 0.0123467153781002 0.70058080382485 0.497495617549903
-0.0564352913504857 -0.0445477404906 -0.127616127289883 0.964792981083207
0.0374310173556666 -0.0619217626343172 -0.624408258968657 0.41108220717519
0.0535308935048275 -0.0436924539905924 -0.000156004308536413 0.0977019669637343
0.0313034779696747 -0.0183704462590827 0.571510982777185 -0.440789161001655
0.00853996885654248 -0.0309776024441676 -0.0417085344466716 -0.944928375559317
0.0080653509061472 -0.0310781607932508 -0.825079621716902 -0.327678134073182
0.00210651511120247 -0.0403309142929645 -0.494685860728261 0.477872399710985
-0.021751143800171 -0.00661330327306935 0.108081418716086 0.437300606216276
-0.00694169392845813 0.0203127994617492 0.209082143628064 0.0295065106604056
0.0281787821007436 0.0255210675305624 0.0199153401261629 -0.237501082175205
0.0252798692161991 0.0118280209989889 0.00488410512743553 0.202260661367611
0.0123250176074054 -0.00192662078279641 -0.155803699229744 -0.0515307821212903
0.0281023720250646 0.00748147553615318 0.00725779793442988 -0.436089252121812
0.0220900968217589 0.0153950432956301 0.524588448466704 -0.27071714470533
-0.0383586426964404 0.0127382614531864 0.679009706222398 0.534912135594006
-0.0513418424323009 -0.042948522478248 -0.180593413472248 0.956543830992583
0.0321809295882486 -0.0525710976631799 -0.623175476320432 0.379249525228678
0.040664205348449 -0.0353707644532779 0.033548810176689 0.0879691546956494
0.0262926698304029 -0.00980718150687281 0.571050375245131 -0.473587347560508
0.0135962806747729 -0.0289555298848572 -0.091093910018771 -0.945314957817552
0.0114974964434687 -0.0313266831158 -0.835969119767653 -0.285706257258689
0.00374320445707492 -0.034220377372214 -0.459789014042211 0.49190288776447
-0.0174098380274866 0.00321219521112263 0.129390594758789 0.417732410501921
-0.00190828142259766 0.0278379291966636 0.209287114658074 0.013218374829181
0.0293971160699385 0.0294081125088037 0.0147216490021694 -0.238954423495586
0.0224965097414378 0.0166439958813398 -0.000777684324748112 0.202338431007831
0.012509531214404 0.00463040884747214 -0.155742971197451 -0.060361025849363
0.0293492190157172 0.0141133399008768 0.018543025781589 -0.443830026081803
0.0273327658791633 0.0188613879226797 0.539330656747284 -0.264321587683835
-0.0301206339877238 0.0188661089249403 0.668982916217247 0.552120137649283
-0.0475451858821987 -0.0300340319635873 -0.203341099653159 0.947129028777648
0.0143038231068539 -0.0374910270225735 -0.612318756849962 0.362267618791027
0.0170134270993354 -0.023397318887952 0.0603027900597111 0.081325170710508
0.0154972635720921 0.00734789224035918 0.576465375303019 -0.494905515266064
0.0219164414346737 -0.0178552537887923 -0.111497857872814 -0.952234179770967
0.0212578738762339 -0.0294865794791042 -0.836896498905993 -0.271686245580256
0.00728226471413789 -0.0302212773829649 -0.439700790743643 0.493120727679029
-0.0144442702972081 0.0103367208219414 0.141180286883612 0.404106096542686
0.000177854507028213 0.0347664407529483 0.208078944206082 0.00336356655384585
0.0279373369563343 0.0329906938717892 0.0100814197021279 -0.23853455123863
0.0162283877130434 0.0215604308085811 -0.00690493443657356 0.202304143684894
0.0110167093133664 0.0095694822374953 -0.158828971226263 -0.0629147501329826
0.0307351590844167 0.0159171092075537 0.0187742099749675 -0.450602113245787
0.0367421796497151 0.0213424510067359 0.546177104067348 -0.272263283659538
-0.0172652514896555 0.0308202793207947 0.676578683385372 0.541438510747582
-0.046191895217148 -0.00844952377870739 -0.199062653253426 0.937383889185086
-0.0113766501635718 -0.0202934267086014 -0.595089986152891 0.359526941065451
-0.013158071891656 -0.00972460928457637 0.0754938393221356 0.080726448377683
0.000433747333366451 0.0299373078401829 0.586939716622385 -0.499930799588787
0.0316355192090845 0.000616867598401107 -0.103124286512044 -0.961137868039451
0.0349962830101353 -0.0251754346550293 -0.8316542561436 -0.281859137651731
0.0119762094110221 -0.0296514194616349 -0.437762712903454 0.484640749686542
-0.0142019107302538 0.0135111051509784 0.140569532019802 0.398696363188894
-0.00133097381241101 0.0387602102130026 0.205105590533487 0.00226656017807176
0.0210285420640557 0.0386355647551562 0.00430077939000587 -0.236319546235027
0.00684352065131952 0.026696870155031 -0.0123215340174659 0.203055104676133
0.00765662039805298 0.0108790937335275 -0.165312379491825 -0.0576344720115101
0.030393068095744 0.012471369744108 0.00678438851257759 -0.448591418108545
0.0480495585061968 0.0196303724644442 0.538392924593671 -0.292757418823858
7.97224883793586E-05 0.0443988500441126 0.696879366834525 0.509752024503171
-0.0452872279376522 0.0209739470022475 -0.158924781764446 0.929366962717932
-0.040545900433926 0.00176717240359535 -0.575970550348549 0.37396285619812
-0.0472651737095105 0.00447016384053198 0.0761808458753876 0.0843525209838496
-0.0183913470062979 0.0545451272741024 0.606460991800975 -0.48630831221782
0.0388456373046425 0.0232124679563209 -0.06234462065747 -0.974394215892873
0.051679850191487 -0.0164130826520561 -0.816732424716781 -0.320313001925522
0.0186957827989715 -0.0318684163804851 -0.446362417285521 0.468310090480827
-0.0158542644323799 0.0125694875789591 0.130761240049873 0.402363258461887
-0.00587991666536728 0.0416918033017248 0.201078704586443 0.0100626849337674
0.013614428579874 0.0430102645885536 -0.00062354595895149 -0.233268617179018
-0.00190059271079952 0.0298896909657572 -0.0160740210072649 0.203680576705691
0.00277430613593815 0.0104164478412324 -0.173970937299572 -0.0445163407382919
0.0280207824230441 0.00462636698291925 -0.0153146584959746 -0.443125706971796
0.0591531243960045 0.0148432575426995 0.516608124165593 -0.322372715692874
0.0185333081568693 0.057080843930199 0.727625799988626 0.455082691812426
-0.0425378774459309 0.0507360416648096 -0.0943418499639831 0.924591458694819
-0.0656136726699031 0.0224075312664596 -0.555272731685024 0.401488271030886
-0.0791432680467322 0.0151014327491311 0.0605391354489189 0.0938468617842141
-0.0414820431376565 0.075710492325968 0.627411141337477 -0.457321621852029
0.0422148572914138 0.0498703707053414 0.00429484957878787 -0.986304189266108
0.0678082613697231 -0.00571486908082648 -0.79683970182247 -0.382204316327554
0.0253063427181047 -0.0362740825266939 -0.475473415185728 0.44266823306027
-0.0192348291139063 0.00606358773901499 0.108622870132173 0.412527522541456
-0.0142045193444639 0.0397838201940354 0.194886226611172 0.0246155916980813
0.0022799660829164 0.0459401087674124 -0.00349207607604569 -0.229647864937106
-0.0121862503794022 0.0328286058152164 -0.017509757226647 0.204527553260043
-0.00446504999301751 0.00709199430029654 -0.180501681020397 -0.0268200270918996
0.0236281229358099 -0.00620228228152315 -0.0464129771476095 -0.430283067948155
0.0661636965981066 0.00543325404745257 0.484003435694143 -0.355518777511201
0.0357471498655379 0.064570491656438 0.75917779167534 0.387834878936065
-0.0364933817684795 0.0761023278639688 -0.0150172826683222 0.917859302258024
-0.0812554622233985 0.0422322620988258 -0.534215156214725 0.437574297841941
-0.10312809921742 0.0214618271393946 0.0327797970746804 0.105497514381962
-0.063468876260569 0.0899582714111776 0.643065593007206 -0.413520966006249
0.0379566439018154 0.0742884579295111 0.0879568975580459 -0.988830705150469
0.0802789213997641 0.00748015141239483 -0.76452010221499 -0.451829148185043
0.034541825960942 -0.0425550780608788 -0.513190643848095 0.410284696636516
-0.0218868800532066 -0.00346477458883376 0.0797304652953006 0.429207516086319
-0.0216485230354437 0.0344684004936795 0.188287817435906 0.0445078861218982
-0.00767530480587165 0.0469678397028704 -0.00578899679539367 -0.225528975452828
0.0215073448645593 0.00592942942533428 0.0121088576142948 0.205117886166734
0.00459803313606 -0.0164010479739967 -0.162070206295049 -0.0188776082438719
0.0226732727856737 -0.0141804723105788 -0.043466617065169 -0.410239526658275
0.0232892578620278 0.000814740090186821 0.47052642418618 -0.317858837299741
-0.0344993894605046 0.0170881335002501 0.72843839544805 0.415966179428161
-0.0612588826125162 -0.0325861062651332 -0.0416392293709809 0.958467868088367
0.0308699715652223 -0.0644879694999534 -0.607058975388908 0.457214164444451
0.0535719832959156 -0.0478042293597179 -0.036087286819753 0.110523460421446
0.031561307533338 -0.0198700289581559 0.572537521337817 -0.40280913218883
0.00590809276823691 -0.0260087691996425 0.0190947752668869 -0.939050818158812
0.010172752758909 -0.0277820885532313 -0.80238844768565 -0.374401238228693
0.00328575844942013 -0.0462055029347583 -0.522586852183345 0.459490041166826
-0.0263919011741347 -0.0176018468892154 0.087394293291629 0.449696457632368
-0.0139204469637452 0.0129920527635892 0.202781360729554 0.0462417763577757
0.024024004838868 0.0220815177129185 0.0176526114713889 -0.233130248242524
0.0255888302713452 0.00720866185178784 0.0116696019767919 0.201308934737832
0.00803027361571874 -0.00972675052741357 -0.156644788235792 -0.0341911604972578
0.0263091478751801 -0.00335137066054949 -0.0208182537362796 -0.42134662315211
0.0219005977811293 0.008639699471162 0.494464612215095 -0.293728432777362
-0.0408727120921836 0.0132443099519673 0.70310182168285 0.485409744691076
-0.0561998823212072 -0.0435953315076624 -0.114771205988521 0.96184614699984
0.0373857990244607 -0.0612616742737556 -0.6152500175399 0.415500643666156
0.0528136920170493 -0.0440226114452467 0.000434985319614547 0.0967004724630762
0.0305562376123807 -0.0182859986433071 0.563202114038858 -0.444007237047579
0.00855967499684493 -0.030940745327555 -0.0523278143280584 -0.938100392877544
0.00760213864746082 -0.0318157532651944 -0.825230977367539 -0.314998572728622
0.00169574425911725 -0.0399682111020194 -0.48560676033438 0.484555174021511
-0.0215971459826573 -0.00654865680286206 0.112895691491119 0.432010899734396
-0.00699424589422092 0.0203327662528846 0.20724951873369 0.0273234093326835
0.0290996419891507 0.0237654384833026 0.01584460556239 -0.236877631755998
0.0250542739055169 0.0105525438626829 0.00623552258756073 0.201261554016342
0.0120748451642936 -0.0025106031961019 -0.155278426412322 -0.0491116209459701
0.028307341515645 0.00736665602053216 0.00134220486417697 -0.434597757735513
0.0220636770622639 0.0144858734882739 0.518973395284868 -0.275741657035849
-0.0379908403162244 0.0138704667640817 0.682060733774923 0.522604198273498
-0.0509632482777278 -0.0426443073660448 -0.168124384152083 0.952492529360884
0.0313005079607532 -0.0524018628452819 -0.614840522678369 0.384310139585238
0.0400137486835466 -0.0353829268924012 0.0338489005243519 0.0869870342119802
0.0257857115705987 -0.00974387636653754 0.561201094714155 -0.477818010328007
0.0131569134798493 -0.0282829609347204 -0.100318606055479 -0.93834965307355
0.0119203906415974 -0.0324332723548107 -0.834100130120206 -0.274921807884307
0.00253377292917095 -0.0341643951420493 -0.452438888092636 0.496131688304747
-0.0170481992645023 0.00315141822464366 0.13551723117252 0.41319648681416
-0.00155022003709404 0.0283904685446458 0.210015163149579 0.0106955793370412
0.0310886881474193 0.0289407012753272 0.0123218541240319 -0.238512359193794
0.0229506521377365 0.0156654112909854 0.00173824471140521 0.20018009762091
0.0117122941415497 0.00364100515639751 -0.15565404608703 -0.0575244262620136
0.0299262314443967 0.0133751142346503 0.0119458007702371 -0.443447541827041
0.027912701290545 0.0193474359591818 0.535565994809364 -0.270396874087376
-0.0299929121701521 0.0209965935291259 0.673714286838411 0.538065722813876
-0.0470886801277674 -0.0298782076928492 -0.191189459294907 0.94300048093494
0.0140115275824076 -0.0381116159096267 -0.604112981849452 0.367077464749653
0.0171148850972407 -0.0227443813598364 0.0603213902927776 0.0805850060854849
0.0155891658890511 0.00689475598724986 0.566117363285322 -0.498990703559169
0.0212812795728319 -0.0180501948513045 -0.121529000690859 -0.945759204652747
0.0212845561990403 -0.0303991991736384 -0.835271623159557 -0.257668170418636
0.0061612040703037 -0.0310713993093368 -0.43056464128665 0.499490655482299
-0.0143180468215245 0.0104332321663603 0.145516608107698 0.400168994585553
0.00113769971268685 0.0340442323533421 0.20832522596963 0.00189596694690895
0.0292117003892922 0.0343651887193427 0.00727342910786868 -0.237271321746795
0.0169701830369735 0.0204197466355922 -0.00438839418966295 0.201557728814656
0.0120686355220111 0.00900773824828813 -0.15893848208874 -0.0609042344634449
0.0303590365113344 0.0153913908107143 0.0124997252088971 -0.45000296789965
0.0361417138816511 0.0204839853951881 0.53978588221237 -0.279535999118525
-0.0163168844122791 0.0320168766023811 0.68040955689389 0.529248883118688
-0.0461674673122375 -0.00761597556982572 -0.186285759676728 0.93325331293024
-0.0104115808040456 -0.0187594906689408 -0.589513471024848 0.364412215361087
-0.0139977495418006 -0.00907160682482167 0.0754101892158069 0.0789292933226202
0.000758879279955102 0.0297206556197328 0.577115040708982 -0.503496953962943
0.0313675934937092 -0.000450882035478488 -0.114394373464305 -0.956159295209077
0.0354884446608862 -0.0245559481965163 -0.830177691183948 -0.269529236168554
0.0112691215079619 -0.0289535858161587 -0.426716484108469 0.488434006180705
-0.0130826822832745 0.0139293701017121 0.145938825322556 0.394904619358268
0.000360867189243781 0.0392367087706281 0.204292297161969 -0.000300512698656518
0.0233149671536073 0.0385915738253426 0.000839226161820698 -0.235267168047228
0.00865300761890738 0.0252138007000545 -0.00989430418601149 0.201763403319696
0.00830652684382583 0.00950851658293576 -0.165127272933599 -0.0540965867057845
0.0314028305061976 0.0115170997136362 -0.000825797450858055 -0.450125290991658
0.0480303684939269 0.0178992309371148 0.531589577056938 -0.299151636146523
-0.000133207135737952 0.0453397071809963 0.699123810123982 0.495673382086569
-0.0446380478958151 0.0206559904025075 -0.146141753676853 0.926053685051013
-0.0399136856699153 0.00219941801549189 -0.567959242646339 0.378187119703382
-0.046957063565357 0.00530297675026152 0.0756295596377292 0.0837543702822003
-0.0170493637536063 0.0532290074604554 0.597571876941243 -0.490477022348309
0.0388747395812467 0.0232511258599697 -0.0722610234219539 -0.969605494654439
0.0516144815986256 -0.0168158254264278 -0.81650568605993 -0.308551396273099
0.016879309823057 -0.0306341258741805 -0.438511840610596 0.472594958005587
-0.0163038076091579 0.0128675973601551 0.134814303426135 0.398143128761373
-0.00566473448615199 0.0411200401210309 0.20024986739841 0.00779468367612047
0.0143529664321506 0.0425626620204432 -0.00290955193292102 -0.233178490716507
-0.0014453750873162 0.0301362328921925 -0.0132176256488428 0.202141781107186
0.00253612237218547 0.0100725288625772 -0.172658759462486 -0.0425385995074974
0.0276978142216296 0.00388697695354612 -0.0215694867314274 -0.440597844658063
0.0581746231261955 0.0127772550922573 0.510329679631012 -0.329459871672451
0.0188429958813348 0.05690685928042 0.729635785446339 0.43970502110156
-0.0411247236815585 0.050062505436246 -0.0824694347538593 0.920421148044439
-0.0647166674255243 0.0239237875533734 -0.547935022405159 0.406568366760716
-0.0787946142605233 0.0159935743610625 0.0610005736994625 0.0922626476040508
-0.0392250482850004 0.0754801052807674 0.617110105042677 -0.461812630135685
0.0421266551324713 0.0498545554932827 -0.00747095579768411 -0.978307237948458
0.0671990508360879 -0.00623229559231599 -0.796865272865394 -0.370343707696979
0.0243272786510124 -0.0362935197516708 -0.467579080515013 0.447176366361433
-0.0195135096617788 0.00630201257101382 0.113969114507043 0.411216325465044
-0.0121372269770978 0.0403898003122054 0.19433313468742 0.021399849808949
0.00314689059586937 0.0464116464345551 -0.00556863855574794 -0.228413515968078
-0.0114288571604985 0.0312225111013689 -0.0150539007006115 0.204406658949243
-0.00487964551215108 0.00687108167614926 -0.179307539858268 -0.024455704800912
0.0231463542143755 -0.0060273683924164 -0.0514940640536817 -0.427640030480786
0.0673124660522898 0.00396207333512925 0.477021220797063 -0.361542149542864
0.0357283585877637 0.0642906747165033 0.758816622046232 0.373238611781214
-0.036147256683902 0.0772746721703625 -0.00418857359973797 0.912965812018191
-0.0817220148193121 0.0436570748794055 -0.527734574162799 0.44189005105803
-0.102188233158299 0.0228588860599438 0.0348865010409665 0.105291149447154
-0.0609896991984398 0.0899930197060762 0.6345423176924 -0.419035520614754
0.0390432331767431 0.0731708700096462 0.0762343233500721 -0.983260428996601
0.0808013830594251 0.00706355341080498 -0.765674028085862 -0.441302306300832
0.0322652468188897 -0.0421821322516705 -0.506233949442441 0.415284685836135
-0.0233614389125814 -0.00443080645663047 0.0846754321198887 0.426731651215985
-0.0211560645146096 0.0346787743459615 0.188730337139153 0.0410821311946604
-0.00702670296700808 0.0471092090040354 -0.00735325875090642 -0.224881636507625
0.0219696219854766 0.00483358564839037 0.0135513471456758 0.203864426442983
0.00448618892790713 -0.0172436089736713 -0.162070850490701 -0.0172529834826006
0.023002386117724 -0.0150242947750086 -0.0508491637449873 -0.409717946277933
0.0233196123757603 0.00151321976323298 0.463628745147022 -0.32184401265887
-0.0351900083096171 0.0189072383423822 0.728722695381919 0.404459913841363
-0.060609422644746 -0.0318212733113504 -0.0294776390839547 0.952080682760745
0.0307214576097438 -0.0635765396689782 -0.596767602114868 0.460480427091751
0.0526921608076076 -0.0480576638917976 -0.0342153413346201 0.109333520157288
0.0311323383075846 -0.0195672345382225 0.564594716225321 -0.404983830587916
0.00493132854034341 -0.0262949650003019 0.00884718376859429 -0.934458860616157
0.00968597065507185 -0.0274997126946784 -0.802688370097 -0.361337931222098
0.00203907223664116 -0.0478200040443491 -0.513810781445483 0.465149757444872
-0.026388067464586 -0.0168552414374293 0.0935769017460709 0.44570619437487
-0.0120929980463313 0.0134188254417482 0.203505652468094 0.0435571463973174
0.0239786495596433 0.0218497096128391 0.015250955624207 -0.231863183478714
0.0253395476608389 0.00624013354549809 0.0139077922027211 0.200589979868496
0.00960512809820093 -0.0106518662137441 -0.156953207975114 -0.0331360756064633
0.0260851179800987 -0.00367562081907277 -0.0258860162410304 -0.419660190962002
0.0216815448773104 0.00776628149968928 0.488996113985294 -0.299394795967824
-0.0401859142938924 0.0140048550647531 0.704825160221098 0.471718017992827
-0.0555748901301602 -0.0422772778508285 -0.10460568015488 0.956869759698611
0.0364608509820046 -0.0618330796027499 -0.605856633856788 0.419328557211737
0.0517300378961872 -0.0445220301375417 0.00144009039021809 0.0964214141837176
0.0315736291627168 -0.0191310022290936 0.554125150740774 -0.447706296185377
0.00618117112388767 -0.0317517209082343 -0.0623779950910108 -0.929704723788628
0.00708712230989875 -0.0310766708487196 -0.822328227157777 -0.304648497918907
0.000457253902512409 -0.0405367158524441 -0.47591422543796 0.488194341252822
-0.0212533882173953 -0.00686779652711961 0.118441722670176 0.427394008965783
-0.00562762892124166 0.0216377559574577 0.207508785764053 0.0241084654764801
0.0302094371587346 0.024656371131963 0.0138518369042129 -0.236007027525179
0.0258713577522423 0.00982756805276362 0.00872926206804772 0.200443059192618
0.0108212244003119 -0.00242536760406728 -0.154826503969899 -0.0473165456844439
0.0279930884451772 0.00581544409903617 -0.00422614154729348 -0.43279980254734
0.0225117109537463 0.0142347845894602 0.513321686357399 -0.281551645307309
-0.0379529885538341 0.0152894175054795 0.683661843882256 0.509225514057396
-0.0505718485152329 -0.0417945039295021 -0.157350609793661 0.948813262960312
0.0311970293834313 -0.0523025261076523 -0.607399137765631 0.388798102151701
0.0401873981507939 -0.0353810201092638 0.0351350278093822 0.0855502297347012
0.0258418966198933 -0.0103026891294608 0.550850450099096 -0.47961697209965
0.0122981000309344 -0.028968956838032 -0.109390251200201 -0.930405481114796
0.0114731595976294 -0.0319889892080504 -0.832646709681601 -0.261290235009314
0.00233567800155451 -0.0336328085330228 -0.441079402655235 0.49910148964829
-0.0170484306969965 0.0032223846047554 0.138735082227939 0.410500757909552
0.00076875682165526 0.0284464402465749 0.207850614233586 0.00736488875136056
0.0316659541074816 0.0289586129602418 0.0105381707648663 -0.236620082275613
0.0228249101864173 0.0139519943608505 0.00316337218136273 0.199551895233897
0.0119617002455136 0.00353225451979145 -0.155036086361845 -0.0553848248520055
0.0294143761795658 0.0131955291251328 0.00529751532481895 -0.442662148682533
0.0269243527326111 0.0179841074641878 0.530152771419597 -0.276133935701277
-0.0310277567094365 0.0221003148138827 0.676187192370517 0.525609322542836
-0.0480339946143484 -0.0291155224551404 -0.180589837920435 0.939787747686401
0.0138250416841753 -0.0366567378930624 -0.596512767196013 0.371553909439565
0.017441100895003 -0.0230799051112593 0.0607422904973677 0.0785750179875951
0.0156664941412839 0.00549620866416507 0.555107662542003 -0.501886310446747
0.0207254680844462 -0.0191047217242438 -0.132783126168908 -0.937764715081058
0.0211682277566186 -0.0298628818066474 -0.833643100751672 -0.248261779986025
0.00585385569255459 -0.0308732560862221 -0.422002612205258 0.500731546991765
-0.0139993486438807 0.0101830830368916 0.149718557856854 0.396513557777614
0.00236155170799745 0.0351943745565911 0.205992261556915 -0.00129340809571424
0.0287245788642198 0.0326631039625432 0.00452935293980986 -0.234386928205836
0.0172025489581179 0.0194688546243877 -0.00213940383528458 0.199551764295477
0.0113012614104979 0.0087825937192803 -0.159119909808021 -0.0575425138714157
0.0309857634141728 0.0147363272462439 0.00667772852737143 -0.447841763282281
0.0362581435765669 0.0194546323471057 0.533604800517721 -0.285330177611287
-0.0166116514930129 0.0326860299138675 0.680401442544248 0.515530462770553
-0.0454210371798338 -0.00691834535348232 -0.17368572495578 0.930632953968959
-0.0108779039290027 -0.0183459307971361 -0.579595809158865 0.368941186295407
-0.012345323717117 -0.00846866813934697 0.0754548063485779 0.0781900139501477
0.00197102483830722 0.029974855123532 0.567251661609338 -0.505540899658614
0.0306281031192881 -0.00175477297122621 -0.124723081959908 -0.949130870290548
0.0337811003593345 -0.0254257089693745 -0.826752108291265 -0.256307732314963
0.0103091356392512 -0.029237425401165 -0.416941465277971 0.491730818801257
-0.0136279235226672 0.0137977469240163 0.150059891072408 0.391497293421579
0.000860826141883108 0.0388985408459039 0.203989389087698 -0.0028595181511258
0.0236604879473746 0.0381032986332633 -0.000785999715689037 -0.233158392644923
0.0084272695732216 0.0240081858718813 -0.00752030399691387 0.200519574330795
0.00824061574224454 0.0101827784413152 -0.164133029419864 -0.0529381060097041
0.0298575193918825 0.0114922958751948 -0.00506931985761913 -0.445773604741164
0.0480690174749918 0.0180220863174229 0.524661271527452 -0.304430902403807
0.000788765712134806 0.0452415599016701 0.700040080459002 0.482896861271208
-0.043653883025995 0.0212899771196413 -0.136815683127338 0.922111881815418
-0.0385117180728165 0.00227127717640151 -0.561582532997499 0.382788552210088
-0.0462013515632969 0.00564724442953196 0.0760282767898393 0.0822118254042618
-0.0170543981955158 0.0534983785375376 0.586138411076663 -0.494040284424511
0.0384010453305965 0.0217930917607853 -0.0837161878205252 -0.962862395588972
0.0501914151871925 -0.0177158047672272 -0.813677367251093 -0.297787209971023
0.0161535653773936 -0.0318804894064816 -0.429427228902322 0.476078576025396
-0.0156426443610341 0.0122284567566726 0.139796467621784 0.395435058626506
-0.00376121926247137 0.0417295771164174 0.199379984663494 0.00442192511425421
0.0144510984800967 0.0421948121002519 -0.0043895273930238 -0.229514113719143
6.00388690946488E-05 0.0282503741429989 -0.0110020093879136 0.200917060635807
0.00242364422740371 0.0106602409341463 -0.171826376726348 -0.0399464054681045
0.0285884122985863 0.00353804461492206 -0.0273169733062982 -0.439418565516486
0.0577811497583117 0.0121679098877456 0.504768899829965 -0.333737979916643
0.0198830495898552 0.0572326660743292 0.728707690843134 0.427579733905042
-0.0406973499316936 0.0506342898782164 -0.0717352456787039 0.916148762359592
-0.0630947434351905 0.0246338142647705 -0.53811029505597 0.408140628307127
-0.0776336202979364 0.0170101638593777 0.0620846559926487 0.0910564183489146
-0.0386547160438045 0.075640126869388 0.605984321152926 -0.464788041404548
0.0423417582186729 0.0480971285495734 -0.0188632526379381 -0.973059786631833
0.0670352973240636 -0.00689325797127243 -0.794979186947521 -0.357200260360772
0.0246670555288743 -0.0365312745360176 -0.459370679939704 0.449651066150888
-0.0185196349079082 0.00630363709725191 0.118806079806166 0.405669316715807
-0.0113385852587005 0.0397690315064916 0.194071953819386 0.0200196258424057
0.00442149854898588 0.0455402351122297 -0.00925766430082992 -0.226154295908989
-0.0101618053562898 0.0314378349781764 -0.0121693354744842 0.202754677736952
-0.0049126762876274 0.00682479000263991 -0.178736396801257 -0.0213618536197113
0.0229085888837675 -0.00745551624075318 -0.0572633803497816 -0.425931908431715
0.0660379109134454 0.00319212915949158 0.471548438053183 -0.36653655160469
0.0361886794973326 0.0652564325181129 0.758752088151686 0.359757735342401
-0.0339373682669705 0.0767624886797862 0.00724118949363443 0.905522202256895
-0.0793028203489289 0.0442510627103948 -0.516999132927601 0.444060111677712
-0.101773389106067 0.0240510891867814 0.0351720623155396 0.103549149686316
-0.0586377688993686 0.0896924784478859 0.624154997551709 -0.421163385551238
0.0385997298446271 0.0724950891640266 0.0653288825075366 -0.97933397584214
0.08039793005082 0.00660612810907162 -0.767474315008553 -0.428690022499372
0.0326904327831275 -0.0432455444270465 -0.496925584248334 0.420642613292099
-0.0219750131127564 -0.00392423004884737 0.0894499872908307 0.422515733791142
-0.0193778927174013 0.0353124898212696 0.187876963441235 0.0395705173079126
-0.00566692569329782 0.0456025766257697 -0.00963189095070537 -0.223031918404606
0.0222892087652479 0.00324773473039922 0.0150123310441122 0.202434786527864
0.00297174148087806 -0.0170259020388522 -0.159057364131379 -0.0160376806450081
0.0216469021238556 -0.0153704999992121 -0.0530970738680759 -0.406383663870635
0.023000690587538 0.000986176326620104 0.458864981443139 -0.325885588254563
-0.0346672899843981 0.0203979709009719 0.727209852298701 0.391962946442432
-0.0601986285174058 -0.0302721164476012 -0.0218420605462175 0.945855292033618
0.0303226868619755 -0.0640814858936965 -0.589693514476187 0.459625675080833
0.0516111070857191 -0.0482717457166833 -0.0332100628280044 0.109440409591229
0.0317997446450386 -0.0197284343165849 0.556793141463002 -0.407311476617418
0.00509201001444983 -0.0251375138638291 0.000860767978565128 -0.927861081221663
0.00947394853838853 -0.0275684676581584 -0.798451130011155 -0.352673672275324
0.00169607140557773 -0.0471612275219413 -0.504802973690539 0.468815889952582
-0.0261763083052807 -0.0174068917596885 0.0994474293865809 0.441930745693841
-0.0122070407650122 0.0144951036752959 0.203633244816484 0.0413608562980514
0.0261144464065878 0.0209453922091436 0.0133657092978616 -0.230491435546167
0.0253994644647419 0.00497221415084566 0.0145600785195499 0.199076321993533
0.00803326172178172 -0.0101796893040139 -0.154461756965292 -0.0314319151066999
0.025656398291587 -0.00435477862471448 -0.0305886992966402 -0.418037624914518
0.0215701140427511 0.00672715914580597 0.48249262016218 -0.302175113593021
-0.0393942593520544 0.0155363156308624 0.702424885775409 0.459653960128866
-0.055592114176648 -0.041011890741213 -0.094984795810471 0.949307557992415
0.0370746185456473 -0.0619319431305564 -0.598751054134608 0.42112445810638
0.0510201544051462 -0.0443241377753735 0.00168912153898994 0.0947982206552316
0.0307008395019838 -0.0196982904860282 0.54549022726465 -0.448778981586805
0.00719210093940116 -0.030925783565968 -0.0715917087512243 -0.924263239308246
0.00664238493456288 -0.0314243588695832 -0.819872858284762 -0.291725772965479
7.5519292236462E-05 -0.0394539304788271 -0.468236737107344 0.489609163397358
-0.0210616547948048 -0.00640450951631647 0.123076034488657 0.424636841231129
-0.00406228005371942 0.020835431675766 0.205296914456264 0.0214752206589855
0.0302964932384329 0.024029652622538 0.0116036784647562 -0.233726907019657
0.0263080993950549 0.00932909610932238 0.0103121089314214 0.198903015122733
0.0101268664712369 -0.00256021500939943 -0.15344377044526 -0.0460473316246227
0.0277823379039186 0.00517389872979001 -0.00931930679069244 -0.430502335813169
0.0230532633649544 0.0136385975610762 0.507258358334883 -0.28661353881397
-0.0375269111923691 0.0155253329644377 0.684040298846218 0.498183830567568
-0.0505186405857727 -0.0409840040361621 -0.147691094818233 0.942636894562115
0.0306580478808583 -0.0521169439838377 -0.597440556320437 0.391487490252422
0.0386472243068575 -0.0359328094853656 0.0350331466013572 0.0848835174338287
0.0261388873049894 -0.0118378351678144 0.54070929607339 -0.481209170094202
0.0118301342238772 -0.0282911023694162 -0.1191553694203 -0.923715065950746
0.0114451600682329 -0.0316547092095716 -0.829418940916148 -0.251470812883928
0.00166749334992932 -0.0336706667575196 -0.432973982275819 0.50136550208567
-0.0168697793004553 0.00424027481273511 0.144388480062002 0.405199080039341
0.00150574303904289 0.028880330177708 0.206687357974975 0.00521100642241911
0.0326011984253112 0.0281204457910131 0.00766201416978856 -0.235748405499109
0.0238427056572148 0.0130988042197463 0.00480129586271411 0.197770829407159
0.0115841638141188 0.00382695525726475 -0.154923015166062 -0.0533983022012649
0.0296435129133758 0.0129540653625307 0.0021972943461482 -0.440739381629801
0.0268678994031272 0.0187922456083539 0.523608051190095 -0.280618428845963
-0.0289902590412225 0.0226022432658033 0.674527930855522 0.513533217979129
-0.0465978626302399 -0.028940836337463 -0.171006184453621 0.933505593227371
0.0151713780740392 -0.0381147967900663 -0.588451777514004 0.373956250454232
0.0160593020264458 -0.0234668353860077 0.0614687638911198 0.0773466658886959
0.0151999865579643 0.00555902868025213 0.547402090567367 -0.503053295809753
0.0202469373948242 -0.0184371852187496 -0.140933670832713 -0.931086974096249
0.0207184651483835 -0.0301384598361129 -0.830000246003374 -0.237414672462159
0.00462991252555502 -0.0300494585706795 -0.413212750962338 0.50268437624201
-0.0138378446183852 0.0100737552083494 0.154138075313733 0.391139458972247
0.00292862652640778 0.0347130374097585 0.205883349087398 -0.00374792654618574
0.0300738576258326 0.0324045235221924 0.00344334709766483 -0.233947435627727
0.0184423905185209 0.0180987234324474 -0.00127954402998321 0.198181015921062
0.0111850791289482 0.00842680849721736 -0.158347444378702 -0.0569137562317394
0.0313972195546262 0.014835628474661 0.00100442367366284 -0.445531689017179
0.0368637985467569 0.0190083071268515 0.526046170301536 -0.28889901987322
-0.0155009671306681 0.033017865713533 0.681888665559294 0.504447642794922
-0.0451004327530778 -0.00670008001401656 -0.16517377611157 0.925601987703837
-0.00998647310517178 -0.0176382697740914 -0.571962209206851 0.371311837508839
-0.0126748796308199 -0.0072314963520208 0.0756244132738832 0.0769142989625965
0.00229451493492749 0.0286810634423378 0.557561285059918 -0.507422921204151
0.0296471231057376 -0.00163666701041218 -0.132940580854006 -0.942528653084299
0.0338817936982918 -0.0250287437207776 -0.823869423312884 -0.247193315970408
0.00972737687043328 -0.0290290941028423 -0.409993477039719 0.492490330217197
-0.0139281462545784 0.0136146887787553 0.154180180670542 0.386302143269448
0.0015894117013267 0.0394595098079144 0.202359196861726 -0.00566642280887056
0.0247259625480794 0.0372477212267366 -0.0039646325383523 -0.231851490823628
0.00947056785313813 0.0230623083600541 -0.00617968488388223 0.198974490671827
0.00690864194580014 0.01067782525604 -0.164159413214613 -0.050504609927108
0.0299618577064109 0.0101223176692586 -0.0109294031878123 -0.444707265131152
0.047389826542529 0.0167178447183709 0.518453113740225 -0.30922387591703
0.000184136695693539 0.045695749320749 0.699694908464463 0.470670425344814
-0.0424594439993765 0.0213794795868425 -0.128824424361067 0.915982413038615
-0.0376460210674632 0.00299519098463331 -0.55287026487828 0.385526526005768
-0.0465688618735139 0.00594830301393409 0.0776076046680804 0.0805221165795298
-0.0149169937747167 0.0530239635658641 0.578031447883698 -0.494790179730888
0.0378383210198176 0.022041688346114 -0.0927527554834216 -0.954525830973788
0.0500953629655187 -0.0180064817645284 -0.810973488286489 -0.288781675145234
0.0151843476755637 -0.0312872740996807 -0.421622242831766 0.478239638568722
-0.0157916727668968 0.0127171944693541 0.143377711028427 0.390162362800841
-0.00302425675779036 0.0412689801152548 0.197907814616304 0.00304670572364313
0.0162809787976383 0.0420111757982566 -0.00702514449251581 -0.228768656553931
5.49725025874269E-05 0.0274367901800314 -0.00892287997637637 0.20037348613358
0.00213748908311307 0.00943026007452176 -0.171106642042522 -0.0378304070043439
0.0270611155584876 0.00261799499915218 -0.0323998815288028 -0.436893132018835
0.0587990046161261 0.0120120565546233 0.497161349583736 -0.338585732596769
0.0207092425185634 0.0577688697948212 0.729032005005747 0.416268050161315
-0.0397213065781071 0.0513639229843395 -0.0644414449545845 0.909653696848078
-0.0614354329604007 0.0259380390868035 -0.531079752862666 0.410140970188899
-0.0768740783546767 0.01795016789313 0.0631498488075174 0.0891504807778124
-0.0372055302330624 0.0744513886981845 0.598909211491444 -0.466722133575908
0.041436447607135 0.0466614613330747 -0.0257735366568728 -0.965799540845961
0.0659361603508809 -0.00796944621851158 -0.792911589314546 -0.347291336428676
0.0223914400331732 -0.0361285910274529 -0.450421957815416 0.453638569292882
-0.0190049079851357 0.0058059636501811 0.122037952605106 0.402897941320296
-0.0104611975211562 0.040308634948135 0.192260393152538 0.0177128949513402
0.0057225378767113 0.0449670651675631 -0.00964797103549841 -0.224920830820079
-0.0089968276612811 0.0294865835971559 -0.010118235435227 0.201449620349038
-0.00531089835176859 0.00670073958797686 -0.177109451307306 -0.0196757649204451
0.0225867973573735 -0.007513632298453 -0.0611976321797796 -0.421905186594286
0.0648005452212369 0.00184189154561301 0.463912943624104 -0.368619779510838
0.0365045697372057 0.0645429555447851 0.758525602132025 0.348960280192975
-0.0335496888287465 0.0760285935243373 0.0140085376856751 0.89840227278527
-0.0778443132288844 0.0435665434576007 -0.510192692109921 0.446490936404611
-0.100856091135774 0.0252006413545431 0.0362948525679935 0.10290185203283
-0.0584903913605493 0.0885986600594364 0.613822112773506 -0.42432024980347
0.0390175532592671 0.0712917519747745 0.0543921933587031 -0.971078363944461
0.0796244207317947 0.00452973538783003 -0.766301015310965 -0.417416662472539
0.0313954806315803 -0.0419826365102484 -0.489160445066936 0.423901009603254
-0.0220851150241638 -0.00412900298263288 0.0953826690335837 0.419545599105244
-0.0191935402669089 0.0354599711661832 0.185980304829766 0.0375462798212517
-0.00442818682594712 0.0458774190522885 -0.0111070540032589 -0.221117579799426
0.0220929271580485 0.00320833226552791 0.0159321752567524 0.200052412431045
0.00347308309994858 -0.016310642956182 -0.159448314361947 -0.0157746813535568
0.0221016759518013 -0.016430365032134 -0.0580560959166402 -0.403511572669345
0.0235983100039816 0.00041436630030189 0.45489049498695 -0.32807197385388
-0.0340960861980886 0.0200528478745311 0.725200086667927 0.382509047938695
-0.0598573803845797 -0.0298927412943311 -0.0134410308553243 0.937843132873498
0.030578711033093 -0.0625398132828645 -0.580568696131793 0.461284745319206
0.0517838880990311 -0.0473543651042797 -0.0323801935257464 0.108003779316065
0.0315848767411496 -0.0214191341558723 0.546196977849802 -0.407074532204201
0.00330585971750428 -0.025603887359385 -0.00632986432345603 -0.921119070332951
0.00912918896411794 -0.0272231222261399 -0.795915908972472 -0.341021997275302
0.000894971032767272 -0.0469390385683825 -0.495971242761632 0.469651599869772
-0.0258285244468619 -0.0161486238111365 0.102317893817888 0.43693281961999
-0.0110896449440743 0.0149938453457059 0.20220343393343 0.0394295863169912
0.0258488001452666 0.0210266391763693 0.0114151877890492 -0.229604483320728
0.0258384160340346 0.00420779853415836 0.0164195701933337 0.197991040628565
0.00737282655072568 -0.0101530721940844 -0.154010150607602 -0.0304439129841168
0.0244368518952306 -0.00433648040554257 -0.0349110042764313 -0.415147612167382
0.0215944832223373 0.00857388836935333 0.478263601049011 -0.306531027982762
-0.0389592741911393 0.0166622443541803 0.702097880290066 0.446990511085883
-0.0552320541115609 -0.0408804191449378 -0.0868167408737688 0.942354014613135
0.0370820263058667 -0.0613583042507954 -0.591741711213504 0.423065013287094
0.0499813604136685 -0.0442803999826156 0.00279906596674207 0.0943063222435063
0.030325035738075 -0.0201575580689134 0.53622602887392 -0.448125180348707
0.00613915094782239 -0.0317666301432648 -0.077549138155788 -0.917239341385002
0.00724599281861764 -0.0315157941228261 -0.816690678308466 -0.281599730775855
-0.000835813576616889 -0.0392037710863987 -0.459620020164757 0.491841453085455
-0.0214633617155453 -0.00564447689448696 0.127759116725207 0.419550714844368
-0.00377029956678056 0.0219301659872052 0.206027093396332 0.0210892327181409
0.0305011614726773 0.0239949186941053 0.0101035992253735 -0.232212378070359
0.0267757560435825 0.00810528482995306 0.0121418966143056 0.196513761437759
0.0107108428369403 -0.00347382071682448 -0.153683660589862 -0.0440482907716505
0.0283913121839134 0.00511697280186313 -0.0134450725582493 -0.427756133338839
0.0217482199663816 0.0133551503185824 0.503194029107365 -0.289063306810185
-0.0376217182539232 0.0162881515948896 0.683986694638789 0.487900727140438
-0.0506124945183178 -0.0398706157942212 -0.139556644978442 0.935634958235239
0.031103672933947 -0.0521968044243489 -0.590201242419577 0.392058722377638
0.0385894185887648 -0.0351731155055352 0.0362122548122148 0.0836374276503269
0.0255360000635573 -0.0116758833144962 0.533564538229756 -0.481861380247221
0.011145316091396 -0.0283192317638151 -0.123928183282244 -0.915755164286882
0.0105571059450976 -0.0318296777535606 -0.825325479872934 -0.243019969237209
0.00116399230534557 -0.0334783002361791 -0.424929428474881 0.503685171876901
-0.0164850888525358 0.00394993999624646 0.146903861688544 0.401494679267932
0.00185162722913539 0.0295041700053544 0.205975680079434 0.00369284638485229
0.0330357648587393 0.0278993536196614 0.00525689459598218 -0.232526795963783
0.023561171063966 0.0125861238954811 0.00739794635990552 0.195339766126012
0.0116730654492442 0.00416079344371121 -0.153134775064786 -0.0520754894234087
0.0292183709178887 0.0116927780211489 -0.00375475481577558 -0.437283308763437
0.0277006713851454 0.0169107416034306 0.518382699067695 -0.283925416174944
-0.0294129249168237 0.0225794699637712 0.674837664212847 0.503017523702243
-0.0459967056565192 -0.0279925554030576 -0.162721190854885 0.9263912903024
0.0140890813465649 -0.0377346191484123 -0.581608897111166 0.376002284819388
0.0157218291509136 -0.0226870391119032 0.0616261768570468 0.0776535664048953
0.0161690910868288 0.00510422042077276 0.537583748637096 -0.503436266952094
0.0191217319155289 -0.019356060426898 -0.146985268460701 -0.922209966730812
0.0201922987957174 -0.0296368396354009 -0.824971933178573 -0.229318291016702
0.00468463154261531 -0.0304030164826537 -0.404597444566591 0.501407185466868
-0.0144618446866804 0.0106645890781498 0.157646897807431 0.387942469969853
0.00413071471828452 0.0355615012183896 0.204860838596282 -0.00528733325359484
0.0306736859462641 0.0323686955721774 0.00117744160719773 -0.232804691238746
0.0182907141453742 0.0174197915702343 0.000737521605223382 0.197063589050773
0.0101758304885484 0.00788841068189303 -0.156630429432362 -0.0551566715317728
0.0299753092902579 0.0133670715029653 -0.00332839115980261 -0.443346994309647
0.0365209150404166 0.0179645991624694 0.522190301077677 -0.293584748764528
-0.0155150574219051 0.0335855150723598 0.679825934416434 0.49469964334825
-0.0439876770586381 -0.00646191116353394 -0.157900130510976 0.917736264025518
-0.00991051453044601 -0.0181248758555451 -0.564440029386018 0.373085403821951
-0.0120358726273419 -0.00832976006265536 0.0755564020706227 0.0755967042304915
0.00277445975319265 0.0278982389227564 0.54821089369207 -0.508644733069173
0.029118486181715 -0.00223719976773352 -0.140160112026958 -0.932163372020982
0.0334046209835492 -0.0256794387516415 -0.819347721656417 -0.238683870114748
0.00935537005801711 -0.02881784722926 -0.400808726228006 0.495402979348572
-0.0132461687196946 0.0144974192544422 0.157787276042557 0.381822585875515
0.002881468036894 0.0397688096699471 0.201390854155226 -0.00587650487311465
0.0255870164437106 0.0376650944579993 -0.004462351922811 -0.230892005558258
0.0101493932254599 0.02181970686119 -0.00415479347809165 0.198008675638576
0.00719341703433105 0.0100681307100023 -0.162980500750495 -0.0493256999855338
0.0301617802160286 0.0100788916343618 -0.0140985651466753 -0.441895306440345
0.0477485341082645 0.0167517887409623 0.513215024813929 -0.312611592974532
0.00123107059058655 0.0464063237403979 0.697069097062634 0.461176968516965
-0.0419508327591968 0.0213009180361292 -0.120216658822221 0.911385908965155
-0.0375482592933906 0.00328221669252058 -0.545107186865629 0.383983987343455
-0.0459707478644486 0.00617124055696406 0.0768907023824164 0.0798392386770794
-0.0148767407284167 0.0524495478387754 0.568427383646482 -0.495478178453895
0.0380517242454711 0.0211621707703035 -0.0993813794968717 -0.947001199451288
0.0496397909907249 -0.0185776033088984 -0.807745936016061 -0.276836366156982
0.0143879701285919 -0.0308272411012818 -0.413990911437949 0.478948719355608
-0.0160203450631928 0.0130782873979743 0.145231443913412 0.387704727395443
-0.00183694818673649 0.0421188200765813 0.198126396424132 0.00131540420719793
0.0164539050375448 0.0408532034392391 -0.00881553492502429 -0.227325705454378
-7.25253788419235E-05 0.0263054621694707 -0.00810806579313213 0.197978924077195
0.000958510884521671 0.00850224208342324 -0.170373693252309 -0.0369721148188985
0.0276425871393671 0.00213899272242288 -0.0384866325119521 -0.434377942735038
0.057921262930912 0.00979633798790489 0.49092863376062 -0.340133058857996
0.0205458258058949 0.058132309347965 0.727870898021838 0.404244429548185
-0.0385454657964052 0.0510497359504342 -0.0559830681433912 0.903730580106842
-0.0609176819347297 0.0252596719644245 -0.523994184735182 0.411131744039721
-0.0759643646843798 0.0187686483262036 0.0624162330772938 0.0887234362378648
-0.0357025826532022 0.0740060535817242 0.59000636496242 -0.466979335605742
0.0411063244660818 0.0467744980322745 -0.0314691211964154 -0.957787288573111
0.0661833247064759 -0.00831406964528904 -0.790511867935561 -0.337976400790914
0.0217704038610797 -0.0357376187207484 -0.442308657643223 0.453008495350925
-0.0196054644020323 0.0063208436603614 0.125962478751427 0.397662630198733
-0.0086215326998216 0.0398814970044597 0.191563475711795 0.0159935022823571
0.00622446695309608 0.0443901588690645 -0.0116402888253051 -0.223730658820328
-0.00907986352338217 0.0295673330629016 -0.00899082715706185 0.19957041914624
-0.00507959351240364 0.00636650651347613 -0.176242252967407 -0.018528448436811
0.0216991349029451 -0.00793135103776622 -0.0651592204182695 -0.41988372183652
0.0638542808786867 0.00115956263428343 0.459129064903729 -0.37117583216644
0.0372252872100144 0.0646398729839809 0.753417015594814 0.337407935740555
-0.0325617291587814 0.0757384251373454 0.0204110189961594 0.893002290336997
-0.0764090555578049 0.0445715952081544 -0.501169430936929 0.447713842280246
-0.0995330830876895 0.0256620888472068 0.0370594494641303 0.102115906816155
-0.0555245616381473 0.088548635346304 0.606847815427175 -0.4248174290065
0.0394115040855549 0.0708148710903007 0.0482010439078254 -0.966110079750891
0.0788768666625835 0.00458497328400892 -0.762475722415552 -0.409144696962081
0.0293199411186041 -0.0427085260578339 -0.481900291358471 0.423653989712953
-0.0221790087576386 -0.00430837808301602 0.0969423010017043 0.415996648140078
-0.0179399464057154 0.0354947791004122 0.187197012970887 0.0356063130610929
-0.00360995953463772 0.0456695725279045 -0.0128377127079107 -0.219259965353833
0.0229608450613764 0.00263577459293964 0.0170450899311102 0.198781319361252
0.00312685848470976 -0.0169416987899129 -0.157970301515229 -0.0145246353287987
0.0222625796471739 -0.0156733891476364 -0.0603734134293767 -0.401276629875303
0.0229643054177963 -0.000237395328229598 0.449044791717562 -0.3299923441454
-0.0331232811930738 0.0217722831048543 0.721649946131006 0.37341941613575
-0.0595971141312138 -0.0295333039696331 -0.00752931526289046 0.933040204555046
0.0298701294895105 -0.0634512811219694 -0.573561625161037 0.461631450621252
0.0512051259642396 -0.0473445462317982 -0.0317340390597232 0.107579198691635
0.0307518473746938 -0.0208592237474744 0.539795578680212 -0.407830231587245
0.00301808879972657 -0.0257856155330464 -0.0122509233540262 -0.912481201845003
0.00918312502686847 -0.0275019027449783 -0.792385482001884 -0.33479352132949
-9.90125566436694E-05 -0.0477033024814191 -0.489893584171783 0.471577566673051
-0.0266327651816032 -0.0158968090594577 0.10455213517825 0.433916426362217
-0.00983582688491123 0.0146652471261701 0.200342565977369 0.0374069297231859
0.0272995891174264 0.0208192498425032 0.01045550068902 -0.22830091660521
0.0259153670215213 0.00399739837184333 0.0171883697813909 0.195405689240721
0.00679934263522218 -0.00982314713396599 -0.154042866001836 -0.0291342977365906
0.025172126477943 -0.00467454937180807 -0.0381407251094591 -0.412063340522885
0.0204455230970653 0.00665694403108981 0.473908511729236 -0.306415605982384
-0.0388684855259745 0.017930808664083 0.699351054570803 0.439363525494581
-0.0538965963427469 -0.040647723368994 -0.0808237266991043 0.936042523337728
0.0355148178152635 -0.0613374851210147 -0.581525079300033 0.423408721744066
0.0498575350439879 -0.0437689005894515 0.00347202084526607 0.0944251594630202
0.0307575778387639 -0.0204684217309085 0.529545994252212 -0.448542683508467
0.00582798242551518 -0.0312494665252534 -0.0815930191013639 -0.911261965462518
0.00740475347631664 -0.0311637714441211 -0.813054576389147 -0.274652732051309
-0.00182103944871304 -0.0387473324287933 -0.451340153166997 0.490702744991784
-0.0207203326474495 -0.00590116469472142 0.129342814534344 0.41607435593851
-0.00296788120523013 0.0225606625101581 0.205166245149717 0.0181671386897009
0.0314536630377287 0.023713876164455 0.00783449239308863 -0.231122815715
0.0261541613411209 0.00672353091301506 0.0125736886583595 0.194727300031623
0.0100727802959093 -0.00297125135129328 -0.152723605739366 -0.042775686970007
0.0271608718902838 0.00453778374370175 -0.0177815688897686 -0.425686397412517
0.0219601536866705 0.0139286317918499 0.497648612001428 -0.291371946491204
-0.0367000447665519 0.018737208589058 0.681353805107067 0.477379026357446
-0.0494223861652013 -0.0387937785405545 -0.131223872394368 0.931070469340395
0.0309657165170683 -0.0527944836794847 -0.584635238397335 0.393219584716618
0.0376928785214706 -0.0348682737889651 0.0354035951727398 0.0831327712914027
0.0253860196021923 -0.0118254530298838 0.526208365360451 -0.480264690731108
0.0102017014439413 -0.0289567838860958 -0.130252044109753 -0.910285615453934
0.0105911237960752 -0.0312179416964323 -0.820134409244685 -0.235421876549223
0.000631300292804136 -0.0329486342820634 -0.418713785199346 0.502037812652863
-0.0166862566654928 0.0038890131813053 0.150181089915101 0.397134734682408
0.00258370394370353 0.0295762241232891 0.205305928446051 0.00258768323052788
0.0328723433100053 0.0268272412619081 0.0044212977073969 -0.231833595791952
0.0239123269137962 0.0108317734298818 0.00815395767474845 0.194360583694334
0.0109466655918953 0.0035849890293199 -0.152885073662006 -0.0511894358056283
0.0291775818698686 0.0112299208263378 -0.00639098302026256 -0.435231216784559
0.0265364224918981 0.0164950165848061 0.512883399921524 -0.285834457891648
-0.0288016942383447 0.0249442446017659 0.674191305647882 0.492192960206332
-0.0460613065832717 -0.0267877547009535 -0.155762026071509 0.922814210101258
0.0149156473036933 -0.0372609488252271 -0.574632876803866 0.375690758083714
0.0166325742202634 -0.0225256835825309 0.0614540570274299 0.0764904905657203
0.0162193076959823 0.00488618813953731 0.530102328417767 -0.502467444966
0.0192852827014563 -0.0188691939535029 -0.15001420269394 -0.914625262845494
0.0198254365905799 -0.0301255950235564 -0.821442825921632 -0.220088775033535
0.00399278270082121 -0.0294527799410633 -0.398394450983616 0.503974802596608
-0.0143013301930229 0.0105349018836098 0.159057371451353 0.384340531338025
0.00478768093910898 0.0352434749763577 0.203124295865728 -0.0062929792616278
0.0310599707557141 0.0317448655092923 0.000287425379391189 -0.231942934944501
0.0185172011009168 0.0152881056879025 0.00114499531849939 0.195075128176859
0.00896577080109598 0.00823552840212197 -0.156466666231948 -0.0532905568455612
0.0299404090336398 0.0131495506503749 -0.00610522403157306 -0.44070337400815
0.0363377564438842 0.0174742697043809 0.517319071165494 -0.294824523353372
-0.0163799607402726 0.0348515503465113 0.677202934282593 0.483993485993238
-0.0437670651627309 -0.0063014997704736 -0.150255486765476 0.914653954823092
-0.00979933960934662 -0.0178416137614789 -0.559600218503333 0.373083581890017
-0.0132685614519088 -0.0080978893742689 0.0758697916171477 0.0740125278001781
0.00328204414882801 0.0278732265752144 0.541840756056976 -0.5054496197858
0.0293671452189925 -0.00269097858146768 -0.142912280520873 -0.926590606024135
0.0328492561715838 -0.0259788905537382 -0.816332962617818 -0.23241428358914
0.00817396610811675 -0.0279942620746961 -0.3925217881668 0.495947028542186
-0.0135279735125408 0.014526418488985 0.159981612881542 0.377652731949622
0.00414865085988705 0.0393049711153365 0.200790458535036 -0.00764779410494349
0.0265475276632858 0.0365362898514588 -0.00551324356710069 -0.229394821780986
0.00960615836035947 0.0207334313424304 -0.00391366700381995 0.196112499186669
0.00746054543973689 0.0102648213958742 -0.162107307166074 -0.0469333605767487
0.0302914373735702 0.00984341943736053 -0.0171318379180685 -0.439222137375935
0.0468792162953967 0.0157129526392215 0.508420200190224 -0.313616403530153
0.00187379497423846 0.0464002800081865 0.69751634073446 0.450943861902235
-0.0410300754782432 0.021815321812974 -0.114485370930053 0.904418779346754
-0.0365849569707081 0.00277269980663633 -0.539821310566186 0.384633060025707
-0.0455065498545896 0.00602364979170288 0.0762064590743091 0.078667254312847
-0.0149163411868777 0.0526767892529642 0.561466192526153 -0.494750618963567
0.0374196038686605 0.0204591334327078 -0.10497376315896 -0.939059870783524
0.0490527681235405 -0.0178979808724669 -0.804724541171827 -0.270378027329478
0.0132504474635459 -0.0303305591155271 -0.407355188169065 0.479850305175881
-0.0148910150967403 0.0126571454174118 0.147956111254125 0.384028753004304
-0.00208805460095565 0.0416118897479087 0.196059746326347 -0.000334551887739382
0.0176110455432864 0.0404330335771713 -0.00960629219436293 -0.225062778788379
0.000566054420562182 0.0254438175855349 -0.00585044117308955 0.196799937339311
0.00138914659342849 0.00880878265208998 -0.169345606295188 -0.0341512030544865
0.0271749378140222 0.00240548803415348 -0.0404116670293487 -0.431739428425334
0.0575219655707095 0.00967976943162956 0.486259201173575 -0.344408713027756
0.0213242298228973 0.0586936445179228 0.721698374765721 0.396777365458071
-0.0372541805053831 0.0501080689166781 -0.0507463944750125 0.896300289006396
-0.0596227807456968 0.0253141081833517 -0.517892991348803 0.411097982355415
-0.0758244403057643 0.0188207716664743 0.0629984410234276 0.088486850615243
-0.0351229991349281 0.0722176998735089 0.581221716742689 -0.464705340153578
0.0408350843157296 0.0455491478626953 -0.0387064748185392 -0.949732234448002
0.0659199847202963 -0.0080949314232623 -0.786384066982766 -0.330255904159782
0.0206901721543374 -0.0359554205782942 -0.435344061426647 0.454733775042148
-0.0188630873916559 0.00650881399262382 0.127574458502481 0.395472145534324
-0.0082416990022574 0.0393251651296908 0.190942147357194 0.0155476483401544
0.0074303687777782 0.0439583419044804 -0.0117986869257528 -0.222236469038978
-0.00799679100480082 0.0289392923973572 -0.00766879855363809 0.198239270656101
-0.00525951704286535 0.0065361935739791 -0.175643076561685 -0.017702021213137
0.0212029170724339 -0.00856033140752981 -0.0671557684787608 -0.416970980265655
0.0635122127375781 0.000339087619728909 0.451952410286419 -0.373919205874523
0.0374097861659021 0.0650926258212745 0.748992737315401 0.330154576433511
-0.0305641203073213 0.0752602490746703 0.0259510086267763 0.887379483300952
-0.0755679241942075 0.044715242104208 -0.495350059910253 0.446867688349809
-0.0986151175552989 0.0260072071650536 0.0368257425938855 0.10033628936325
-0.0560194627744311 0.0874958809105486 0.599676424251998 -0.42619884131486
0.0384763150618988 0.0693717069175236 0.0424348270093838 -0.960380669737354
0.0786818880083401 0.00327697459841525 -0.760290587793531 -0.400888288193875
0.0286960103091328 -0.0425713539413708 -0.474181561755701 0.425891661071914
-0.0220757463138134 -0.00295614237836324 0.102053811220363 0.412248963499154
-0.0168554772505241 0.035229979966536 0.186254822103795 0.0341141469698909
-0.00284671584979512 0.0446947284269547 -0.0144265175146313 -0.218565427926523
0.0225466970097201 0.00126914233707418 0.017889948963589 0.196894772453375
0.00178832627395357 -0.0161333700036429 -0.156994686101345 -0.0120527112746107
0.023239862768995 -0.0160360651033416 -0.0630720862047645 -0.399100625683922
0.0221190530027886 -0.00028643632593859 0.445189757178046 -0.330702301185961
-0.0340465956423424 0.0221540988672213 0.71854172839326 0.365158860526074
-0.0579532239817658 -0.029132368027537 -0.00344246759405901 0.926023579452647
0.031102525606743 -0.0631240109257156 -0.568029809992883 0.460977990213327
0.0508734504099101 -0.0475250037465429 -0.0312533364970143 0.106806315595804
0.0309995247378033 -0.0213697884692065 0.534697571124423 -0.405659269152147
0.00319459019866745 -0.0262631649321299 -0.0162808526902499 -0.906538848676403
0.00936341263860864 -0.0269093782659431 -0.787788110636253 -0.32800809011538
-0.00101715148296287 -0.0461784731161265 -0.482180719222569 0.47181742240017
-0.0260330910350583 -0.0168049558728748 0.106736732703136 0.431533152527841
-0.00923425869638753 0.0149768642429643 0.200435006872719 0.0356999551930591
0.027008782025993 0.0209604084805888 0.0098893420228552 -0.22683818157732
0.0265554370842129 0.00202958842789982 0.0171377911772139 0.194398008501061
0.00667263740221708 -0.0093401644020043 -0.152698211117025 -0.027285486940201
0.0257806944329975 -0.00534485468054657 -0.0402829945164359 -0.410490160387964
0.0207327426110157 0.00632739940498327 0.469802558804667 -0.309668373601221
-0.038199178064428 0.0193361396875103 0.698562971669899 0.432186227414649
-0.0547293851980914 -0.0397854765823531 -0.0762877076250749 0.929537697167954
0.0355855227137335 -0.0619052919781395 -0.578366771936207 0.422489669771172
0.0498383733798138 -0.0437971868260825 0.004244151094573 0.0929204055003735
0.030296429215197 -0.0209988839046092 0.523253242536161 -0.445897524724595
0.00540681137433261 -0.0308016109583758 -0.0848628777358932 -0.904419569084457
0.00646514357108212 -0.0308622990772221 -0.809099792220356 -0.269728727981695
-0.00145886892899239 -0.0390310219070528 -0.446355883006368 0.491359650121905
-0.020865590863762 -0.00504295976013728 0.131275233051974 0.413034512607484
-0.00165106312317867 0.022444404949088 0.203721918137669 0.0176623572933669
0.0326855339795453 0.0233670974894361 0.0084107250624956 -0.229649317745305
0.0263648428828967 0.00621242367869485 0.0135323809352016 0.193310496292659
0.00945841587686077 -0.00263698885881871 -0.151114335382321 -0.0419058099726009
0.0271592049666321 0.00466252614031243 -0.0196008744776454 -0.424080718930421
0.0212640180823539 0.0125086195658937 0.494374019316245 -0.293506234031309
-0.0362963347886582 0.0194109594230493 0.677587780000706 0.469552071127462
-0.0490831530519512 -0.0398160639542744 -0.12841448716385 0.924208699279521
0.0309349317986668 -0.0523878759982103 -0.578029531930336 0.392120066544708
0.0376168863276403 -0.0345567127655718 0.0362000029847434 0.0826140966364813
0.0257700200750383 -0.0126404463952719 0.520519468440635 -0.479874421984739
0.0102929266038373 -0.029530961478266 -0.133044632266884 -0.903108157837387
0.0103595005792193 -0.0312707127792745 -0.814481334927572 -0.227496671328955
-0.000503739180845786 -0.0333417045647005 -0.412874797578033 0.503620922453574
-0.0157955856396851 0.00406742037661776 0.150687817819256 0.393377964587932
0.00322837846426232 0.0290226821924092 0.2038781516431 0.00110418842769189
0.034477401894957 0.0262790146536219 0.00324161710443429 -0.230770242221158
0.0236595935296901 0.0109023862966803 0.00802859757801348 0.193387991064227
0.0109967315014304 0.00239470432990946 -0.152359041006519 -0.0512598478004194
0.029327733936342 0.0100356319628495 -0.0109328579379099 -0.433949134454868
0.0271765623131521 0.0159190795373568 0.509712625145878 -0.288950544494939
-0.0285655920261384 0.0249045896362214 0.670430504519215 0.486094501249223
-0.0454423787216732 -0.0272323533136831 -0.153668274525929 0.916746259815819
0.015214506356881 -0.0368324084080104 -0.568617206103237 0.375116912766669
0.0160851899199344 -0.0221399309991618 0.0615549392740413 0.0751189200923482
0.0166565178359151 0.00408999218307988 0.524344612070764 -0.499536978512633
0.0190447753135507 -0.0198933085998761 -0.154252801587644 -0.908115676794003
0.0188471214733023 -0.0296761108232404 -0.816732526955021 -0.215473824727359
0.00363051438304701 -0.0291233990904801 -0.39153507969277 0.502388018475929
-0.0133695312941281 0.0107686628721938 0.161591841038706 0.380917380420002
0.00606562692090544 0.0360379042362852 0.203517743587722 -0.00727267935250378
0.0317074703413838 0.0312121365911319 -0.00153381133943797 -0.229834565145953
0.0180677675045414 0.0150278808411884 0.00292745244476653 0.193906932128424
0.00955337681646901 0.00698643896628821 -0.156258674520789 -0.0518265164997811
0.0298025799584273 0.0126859036344948 -0.0102723255207434 -0.439068546016833
0.035396834901479 0.017150581516886 0.513099046860018 -0.297088699104418
-0.0146996907468022 0.0351587884017497 0.675757215652298 0.475353003297986
-0.0428497115211149 -0.00641375840280797 -0.147110029376049 0.908042108763223
-0.00943777817366248 -0.0179462658926756 -0.553803794912308 0.371001005231889
-0.0126269665209062 -0.00719393384398913 0.0759301362366889 0.0733618824017677
0.0033228438815414 0.0264052003051425 0.534479859636456 -0.504808597562991
0.0284434526918258 -0.00239149081992309 -0.146623675340956 -0.919113400592075
0.0335488651795867 -0.0255895244562895 -0.80891353041134 -0.226712648294204
0.00761259527814077 -0.0276910894657968 -0.388870213409621 0.494387731768423
-0.0134248521827746 0.0143466206894905 0.160534670285304 0.376259340782918
0.00503994439600785 0.0396825406099919 0.198827976696323 -0.00858358888364494
0.0270249425505321 0.0362283497504708 -0.006369910485625 -0.22729957437961
0.0101991564270296 0.0201063843848584 -0.00270683435276904 0.194570870654947
0.0058033076693003 0.00928988016296047 -0.161828767155549 -0.0461120553338404
0.0294037515138243 0.00934593939654979 -0.0210391289747018 -0.437102622953804
0.0452669506044336 0.0150069427986144 0.503353885902265 -0.315767089982462
0.00161148230784387 0.0479556247751438 0.693170855696565 0.443948708738996
-0.0409150302261579 0.0209388058938293 -0.110940784653015 0.899773430143476
-0.0354490152875973 0.00348488022663708 -0.534629948025245 0.385905966184925
-0.0442835954694923 0.00714752591875242 0.0764896003705958 0.0775900974252661
-0.0136834837803031 0.0504009334860307 0.55560779124071 -0.493313155972162
0.0364389207913043 0.0202562493336948 -0.104493825541958 -0.932675835501944
0.0482597461468094 -0.0177812057169217 -0.801166749406827 -0.265512072068458
0.0134517919562106 -0.0304451175470744 -0.400430423429219 0.477701286064412
-0.0148897310725555 0.0118468645682613 0.150328316277552 0.380746430957469
-0.000181158781816024 0.041232161621208 0.194425413469971 -0.000536315178183494
0.0176023584253566 0.0400202564646402 -0.0104867737191862 -0.224656054926192
0.0010915428191079 0.0246024470553148 -0.00592574245349047 0.195982847062474
0.000642797935172823 0.00840762771034219 -0.168085802440076 -0.0335998373197781
0.0271256640884401 0.0016399677068457 -0.043083376331214 -0.42873312326627
0.0565369856911135 0.00872721721804015 0.482150780801807 -0.344350460761309
0.0213695525385685 0.0581596931345035 0.720453552992563 0.389077431711109
-0.0355627294740019 0.0504711993594342 -0.0465581140084735 0.890280008503448
-0.0597565270645407 0.0256700377747667 -0.510116726114343 0.410552798699372
-0.0745823572812057 0.0192398824994706 0.0632411072657008 0.0863637835311147
-0.0342950375288795 0.0729942184562455 0.574500365152269 -0.466500955403283
0.0404966507982674 0.045570251566173 -0.0443346538756234 -0.943255456067186
0.0648162589121045 -0.00904790171831911 -0.780238026977641 -0.323777073048033
0.0213431068953431 -0.0355674460766558 -0.431431105235721 0.453772159286491
-0.0187797012140832 0.00688986388904822 0.130259032673249 0.391499183166413
-0.00792991295998534 0.0398123261603844 0.190850079577798 0.0140107008812903
0.00809924192237587 0.0437432273785984 -0.0134195412911444 -0.220503362368844
-0.0086726161917308 0.0271851316872889 -0.00680593723756801 0.196858625955643
-0.00576086143468226 0.00583761897531319 -0.174750472113921 -0.0165045846366906
0.0203566779656471 -0.00722528510900622 -0.0703688273747308 -0.41512637780163
0.0642003514572781 -0.00123919623403905 0.447944887804913 -0.374015066345073
0.037683875318385 0.0651310500793634 0.748294586460724 0.321759792857469
-0.0301085980587554 0.0753988697947319 0.0305867709811608 0.880010365517463
-0.0755166011847163 0.0442797472652562 -0.489679407081375 0.444482712391727
-0.0974629578693169 0.0273501104074102 0.0372661591738995 0.099995236567417
-0.0535546106306514 0.0866550812248245 0.593061008310937 -0.424800458456383
0.0392827457510413 0.0693396301803374 0.037597673465864 -0.952915000401399
0.0780264458006608 0.00299112957307326 -0.758100032733751 -0.395603675000338
0.0284471942657376 -0.042478330015052 -0.46966158244728 0.424485834283345
-0.0228355847373638 -0.00317089513199892 0.102936170040119 0.408459984624915
-0.0155097722607811 0.0354139842122749 0.184819012920086 0.0328756905773486
-0.00143179280275099 0.0443095931621368 -0.0142270760968295 -0.216827581595743
0.0230858460524846 0.0010913247632775 0.0180337086327961 0.196015420589063
0.00173769072002431 -0.0163390533128783 -0.155946652609074 -0.0127777818225729
0.0220410534744111 -0.0160515544010546 -0.0648198682529394 -0.397757829321223
0.0230316672306228 -0.000761614918538423 0.441370468837024 -0.333161914392626
-0.0329145506637967 0.0229343653905537 0.714460710113933 0.358434624482963
-0.0578304173918089 -0.0294590787428763 -0.00238553757080564 0.918318405904546
0.0301268146453557 -0.0628494578649723 -0.564126221988494 0.459787236442656
0.0505427386055388 -0.0478031923970798 -0.0303464763615314 0.107063440793936
0.0314772194729626 -0.0212061130812208 0.528836358970467 -0.405468067199314
0.00262006227586429 -0.025600517312253 -0.0179238697723974 -0.901400722445173
0.0090559556477382 -0.0272983978602962 -0.784504502528895 -0.323241890729901
-0.00169310197672507 -0.0456971739169705 -0.47851119717159 0.470080630305898
-0.0260505479895999 -0.0164287196614633 0.109084596426309 0.430431198727826
-0.00973181132382016 0.0159339335621358 0.199788835565915 0.0356848591046987
0.0271516489026242 0.0210170599710309 0.00892278204891258 -0.22530048243083
0.0259245820201133 0.00180032550751331 0.017470005821953 0.193332784308573
0.00624591394338626 -0.0100085081383723 -0.151994419721209 -0.0270459418695475
0.0247685422616036 -0.00550098539114782 -0.0412873937964593 -0.40839468271661
0.0192453295428086 0.00595358196220228 0.4664760076257 -0.309551676799542
-0.0380438710752918 0.0203092543568348 0.695849367199433 0.425570067708433
-0.0541267204816964 -0.0398086723358661 -0.0746217086641873 0.924347527968268
0.0359443949364595 -0.061043887456696 -0.571970611041691 0.421928249610767
0.0494490458872568 -0.0425668297633778 0.00372715878443426 0.092960915237779
0.0302939376665398 -0.0218147720261947 0.516866600317089 -0.445613650953601
0.00471217346105271 -0.0306837934667924 -0.0874091649039902 -0.898377516594314
0.00579580261339198 -0.0302781261611088 -0.803353232301434 -0.266445367551355
-0.00252124891594871 -0.0393801526879202 -0.441337001086074 0.492418898733706
-0.0214696721712726 -0.00497315508759211 0.134209979104293 0.409983178599419
-0.0012084684260793 0.0220831427016494 0.203133608679096 0.0162417984464572
0.032723431039986 0.0233744112815234 0.00634829190618396 -0.2288262447887
0.0264960332205076 0.00453024091693807 0.0136947601221504 0.192841409036104
0.00933659581019006 -0.00236388856626157 -0.150818176864326 -0.0413960120376275
0.0274799604332757 0.00414701570391499 -0.0210676239742438 -0.422709065756958
0.0219086789541587 0.0121310409532749 0.491323458503527 -0.296391420413379
-0.036316826650838 0.0203942011301715 0.676939294140622 0.464418025706032
-0.0488111243761024 -0.039195810738685 -0.123891733968711 0.918479315842286
0.0301806693883933 -0.0521009558517662 -0.574028485183445 0.390859228336544
0.0381169659026891 -0.0336661966877333 0.0357022576086006 0.0812575255035939
0.0257611501702624 -0.0129805362952332 0.514577313920076 -0.475365350460454
0.00944885353084778 -0.028826692459314 -0.135057889742229 -0.896870913911361
0.0097157978902789 -0.0310677707379764 -0.812051815689793 -0.226421251932397
-6.51140366525575E-05 -0.0326479830339492 -0.40686249767523 0.501696303985853
-0.016683028731421 0.00443108425328551 0.151616760263519 0.391672079741847
0.00409666034882852 0.0287363576406316 0.204081863418606 0.00100293085280629
0.0339957983935691 0.026651748128585 0.00313745160891886 -0.229321683112504
0.0227331779743947 0.00876255621717117 0.00874076140791674 0.192547762287969
0.0104221661951987 0.0037752632530481 -0.151259199636604 -0.049075010798848
0.0288606157591791 0.0101608597661211 -0.0123055402827444 -0.430912632119961
0.0273082640634178 0.0160589713279858 0.506020443569091 -0.291256114312119
-0.0280131049029615 0.0260405597676135 0.667539314492012 0.478040474217719
-0.0444326118087402 -0.0275685745958173 -0.148862236674389 0.912111147988936
0.0143988981635686 -0.0369315659738707 -0.564182564741262 0.373696013096416
0.0161013118460729 -0.0212759047384589 0.0605209758769668 0.074971500827159
0.0163198614041654 0.00327068214582867 0.519363313050682 -0.497259988629861
0.0179920135654293 -0.0195365985226924 -0.156512948052031 -0.903682464065581
0.01992704456269 -0.029475770600922 -0.81393669163148 -0.212433692828943
0.00235787549925444 -0.0290989539338714 -0.38607703427167 0.502096552759551
-0.0142129653525286 0.0103139418844216 0.163504262730317 0.378319660471409
0.00675989910336802 0.0348019808361357 0.200947216481359 -0.00870447820399018
0.0328979250151178 0.0308264310966418 -0.00174822329606734 -0.228039498103605
0.0179975952803977 0.0142894782800731 0.00282098037432376 0.192462177138171
0.00947090117795059 0.00777826477304446 -0.155482662200478 -0.0511017974348599
0.0299702154605331 0.0128429889579887 -0.0117106798320594 -0.436582613892604
0.0354940778151966 0.0169372831357984 0.509708948801666 -0.299191909217118
-0.0137068887817966 0.0360259337533725 0.672420046895746 0.469272807464694
-0.0427712158780722 -0.00616696927606107 -0.142412741548361 0.903476771455969
-0.00859888516323294 -0.018543118828844 -0.549591285092445 0.37079656330754
-0.0121668704503262 -0.006766200044747 0.0759224650042864 0.0731511491837363
0.00321469607572005 0.0257110564429033 0.529591185986402 -0.503657998813309
0.0275079881000734 -0.00262094168569383 -0.147694137999849 -0.913961623971333
0.0321788341905092 -0.0256473919105255 -0.806223911537536 -0.220272366104833
0.00752352688592389 -0.0271623542397209 -0.383012179742657 0.49356844613705
-0.0132092626328927 0.0137535680201416 0.163819776945576 0.373049229752543
0.00497103767501713 0.0396906521692307 0.197786765860169 -0.00898437250286302
0.0272530550894818 0.0354334621988503 -0.00690922871365153 -0.227001741399998
0.00978200246004845 0.0189040311481283 -0.00152657500596253 0.193926079287055
0.00604850363463251 0.0089259415400689 -0.1612692125182 -0.045746323179204
0.0305827550080378 0.00923693002444329 -0.0231020880842899 -0.435946108017437
0.0460464019925763 0.0139706838278442 0.499732403602724 -0.316862531725375
0.0032424954449832 0.0483607257161621 0.691108756182573 0.437223279207075
-0.0403711439769775 0.0212054899088344 -0.106966220283535 0.893295142199317
-0.03526951260827 0.00298650137662987 -0.529767571546686 0.382589606503586
-0.0441323471500876 0.00774541490922912 0.0764134599892297 0.0772588596525426
-0.0132923579108813 0.0508170694113691 0.549393383750786 -0.490692075566564
0.0367462771738479 0.020282738389592 -0.108311759486759 -0.928792531336987
0.0486934625583662 -0.0185740228362539 -0.79630304019211 -0.260448102893719
0.0126085382967864 -0.0303024476123662 -0.395743119254551 0.478453683181496
-0.0155735060179363 0.0126752931259029 0.151045150677117 0.377647900311139
-0.000486154532808071 0.0404377371725542 0.193127057695121 -0.00184608469484616
0.018822908238934 0.0394419423114923 -0.0111833603099019 -0.223460044610649
0.00110276075303961 0.0222189338216944 -0.00484874035728307 0.193536610421557
0.000171548067569467 0.00899928273176175 -0.167067355446801 -0.0321325210571662
0.0253923209309323 0.000823551474966929 -0.0440883222120887 -0.427024266787698
0.0559353219725973 0.00781606016306694 0.478071835252501 -0.346871243412074
0.0209806934644082 0.0591312639315004 0.717709029227745 0.381125867409639
-0.0359882564292294 0.0498608401581631 -0.0433261115907869 0.885536531594718
-0.0588322533187709 0.0242684971198787 -0.506978311710309 0.408162994621796
-0.0741056762637367 0.0201628672825973 0.0632910062759485 0.086131530665445
-0.0343367710288 0.0714448579769433 0.569327384822454 -0.464756843401509
0.0403394821740272 0.0450241382597125 -0.0448543941880314 -0.939751896375791
0.0637342373222904 -0.00896885760156932 -0.779102942775487 -0.318793514177268
0.0197627132179143 -0.0349077947667727 -0.424877650126489 0.454194906272899
-0.0187381340865479 0.0071744449354337 0.13014102675859 0.38959427196507
-0.00734704377978772 0.039469556143173 0.189384518253644 0.0128415040399848
0.00844297375087428 0.0420708478019006 -0.014203608438746 -0.220170021818738
-0.00808754254523795 0.0260375091019866 -0.00664619929453639 0.196550394431166
-0.00719331291003561 0.00594989307634343 -0.173547648094411 -0.014986102670569
0.0206941527189978 -0.0081553962290624 -0.0719208468056601 -0.412294062096783
0.0631746448012339 -0.00182950932105769 0.443676181428366 -0.37652039452278
0.0369415753051533 0.0655664827832189 0.743455444085842 0.315854781609923
-0.0289864485938085 0.0740397422644804 0.0318532410647433 0.87495414192727
-0.0736090925206147 0.0426388930901172 -0.486108040132998 0.444616643729633
-0.096536602263339 0.0281219721713857 0.0382623565050892 0.0985799671431938
-0.0531837928985924 0.0859020657853844 0.587032203590756 -0.422203569460405
0.0382250507921461 0.0683966322367766 0.034071748019371 -0.946463050454833
0.0783141900207094 0.00310987771436781 -0.753075758187002 -0.38931024741854
0.0274599137218728 -0.0422098377241963 -0.464099565996743 0.426935433053198
-0.0225782953752074 -0.00319228902319824 0.103042765266813 0.406119864231715
-0.0150185269290441 0.0349779675550131 0.184845254865623 0.0311341686905133
-0.000563241348407659 0.0438869263630525 -0.0145827409430725 -0.215935244038974
0.0233159150332822 -0.000748309726898742 0.0176427284765622 0.195610510689208
0.00125774253089824 -0.0158403993877874 -0.156246595876716 -0.0122191467206454
0.0217961234594894 -0.0172371305307594 -0.0663715634804086 -0.395868508166485
0.0222757078342697 -0.000462066881880299 0.439186399421552 -0.333546792788637
-0.0326565441757084 0.0243000396949817 0.712222198053668 0.354699339239923
-0.0577401275088558 -0.0302715473811527 -0.00182120120369457 0.916630338760263
0.0310189614829493 -0.0627641400752735 -0.560570210960933 0.457101735511152
0.0505902392968437 -0.0464859073777589 -0.0307790471169135 0.106412477702665
0.0309818325799093 -0.0225062219441759 0.524796747909839 -0.403685834728693
0.002140554203935 -0.0255425765987677 -0.0181590667230783 -0.89696962590293
0.00885298310711635 -0.027133367029071 -0.781411047887333 -0.321250419904202
-0.00164604246734244 -0.0456656575324231 -0.474547481530294 0.471181737854452
-0.0256543020551181 -0.0153600204154309 0.110479471990614 0.427434280626269
-0.00799594992568032 0.0155135478421795 0.199343520194676 0.0344487812671937
0.0280295018136011 0.0204887669343142 0.00867548333060328 -0.224094171111179
0.0251970873363038 0.000394204900525276 0.0185814144838182 0.192493642800496
0.00618831468020752 -0.00951039530240061 -0.151268711586022 -0.0269558822156556
0.0254775962237385 -0.00615639590163485 -0.0424208024401685 -0.406828866931194
0.020238259764535 0.00595570729516841 0.462617723231024 -0.310238330735699
-0.0385738034683034 0.0204479253771123 0.69269158217493 0.421905940941138
-0.0538498004042027 -0.0400127805581926 -0.0736719326914553 0.921532902935682
0.0361471787312363 -0.0612023335285451 -0.5706178817631 0.421265928046669
0.0494347763759934 -0.0421756709485656 0.00444876685754634 0.0920796945322987
0.0301931033121962 -0.0218407921316864 0.514524639173283 -0.442874209754934
0.00355553012319657 -0.0313850716906618 -0.0881529003128856 -0.894706532062704
0.00581491095258866 -0.0307079070927397 -0.802291117149192 -0.26364938663283
-0.00254801397145019 -0.0380572616777469 -0.437167982126831 0.491202006260378
-0.0218218283046321 -0.00465351982692515 0.135186216983186 0.408672987184475
-0.00154108493007676 0.0219957045407256 0.202187883494521 0.0164648996009958
0.0326309365981921 0.0227033956397538 0.00696971291931132 -0.227621607149866
0.0260362916790137 0.00348268518469519 0.0145100270304947 0.192420371794531
0.00969510062344635 -0.00333314523254138 -0.149770963189894 -0.0405930789821741
0.0271551045269879 0.00386397755532105 -0.0229887518264146 -0.421349305806414
0.021521371532812 0.0114459608443694 0.488446804337471 -0.296208141659253
-0.0356007890393322 0.0207283025851371 0.674073177325623 0.457444929429238
-0.048555163139912 -0.0392812246126332 -0.123625694476416 0.915852031731596
0.030901206532439 -0.052452573009085 -0.57149572134568 0.389721427865785
0.0374009112689693 -0.033278075279212 0.0351024366857024 0.0811751274929999
0.0255543001473417 -0.01311777845727 0.512161103566774 -0.474188019744546
0.00941435993423161 -0.0292379236747287 -0.133697194913594 -0.893050509841832
0.00984239859944427 -0.0306878462055393 -0.809014063834605 -0.223387645581225
-0.000945800878335281 -0.0321008671689072 -0.403469401199633 0.502462513435524
-0.0167166685904033 0.00494892446922016 0.15437425297672 0.389908785717946
0.00535676432335906 0.0296633276740703 0.201993748519116 0.000372276492364992
0.0349255598968177 0.0262605933497576 0.00258559210068133 -0.228801026815971
0.0228359989433109 0.00867079538003416 0.00948434129201022 0.191283716191759
0.0105590107649291 0.00377264802565515 -0.151476132348093 -0.0486011457161711
0.028390053933108 0.0102895810932201 -0.0142366702675986 -0.431490111506228
0.0265521696738074 0.0159822944362565 0.501707984833923 -0.291182207497191
-0.0282249416587377 0.0272000326719063 0.665537687594833 0.473738646224712
-0.044943632771142 -0.0281912687692268 -0.146863539423682 0.908261375676342
0.0157250295822017 -0.0373800017975615 -0.561145148800004 0.372668424281594
0.0159831922226706 -0.0211315617104466 0.06120481276828 0.0745221271577959
0.0164100327075191 0.00333813160699862 0.515876927352537 -0.494757733995401
0.0177748190079076 -0.0189852881654538 -0.157369457050839 -0.899615631221587
0.0187463234677191 -0.0296685510691716 -0.810675338650972 -0.209691687989719
0.00247516598670743 -0.0289416582426735 -0.384226085734668 0.501842191759656
-0.0137016593125301 0.0109276118946725 0.16302958758988 0.377323137433973
0.00730893245936379 0.0346487802339542 0.200903314099451 -0.00837937328472963
0.0330510418543649 0.0303908364635552 -0.00185544063031418 -0.227692085866268
0.017586372203217 0.0127541259517355 0.0033910609201684 0.192280430219663
0.00851583639547084 0.00769263365682637 -0.154863639882586 -0.0503889217605696
0.0291072740671817 0.0117087090276875 -0.0130620259560186 -0.435288409870549
0.0353330754326365 0.0156484492577469 0.507265300279533 -0.299663715640185
-0.013579874142925 0.0370576698279575 0.670881200032688 0.466992166601764
-0.0417543652456533 -0.00627606630165629 -0.142172602319809 0.899899275158194
-0.00795562147452329 -0.0193474523649696 -0.547028444627611 0.368619657347665
-0.0120126720564932 -0.00646636320928546 0.0748715084259586 0.0724928113527294
0.00310944918123318 0.0255228202651019 0.524358325052979 -0.50044341193802
0.0268655033913707 -0.00264497774221719 -0.148750605999482 -0.908475365935065
0.0326793405595921 -0.0258190749437703 -0.80393187333098 -0.21876476557608
0.00736858759483722 -0.0272356192428221 -0.379819442794313 0.492832837940962
-0.0136230421197252 0.0145025792211857 0.164445708449979 0.370899048495551
0.00618015879456076 0.0395449511452654 0.198124863755776 -0.00978801655766377
0.026721485839258 0.0344219326173728 -0.00760374907875212 -0.225622101412215
0.0096313372806145 0.0174987193567213 -0.00104477974662673 0.192815224733953
0.00563033780819788 0.0100344613646369 -0.159625532914812 -0.0447326383776571
0.0290122582318022 0.0086055024558785 -0.0246606395563049 -0.433286376388818
0.0455275373066166 0.0137142956647353 0.496614402558836 -0.319057830066119
0.00326975707899831 0.0486822329465658 0.688465592378308 0.431197908343379
-0.0407963854091825 0.0207814395461929 -0.104415339772556 0.891829100036728
-0.0347565731568693 0.00279020942811638 -0.526409637776581 0.382122514740102
-0.0437796479761793 0.0078578787065451 0.0769474086947618 0.0763254971890859
-0.0133417010007169 0.0499041347651679 0.546080324094888 -0.487986025994152
0.0357844953964173 0.0197351701827639 -0.109892006792798 -0.924376758067139
0.047753876621815 -0.0181616303211937 -0.793293177206821 -0.257281431154477
0.0111840603173473 -0.0299411207744997 -0.39224609359533 0.478807404768963
-0.0152959814671796 0.0126251166552051 0.151098297242046 0.374659610869214
-5.47764664415168E-05 0.0401715356990085 0.193143070446609 -0.000888694119268872
0.019693691079474 0.0392227676266679 -0.010828800731448 -0.222123228513819
0.000692668352331205 0.0224680649194017 -0.00517581600185516 0.194274661974156
2.38199394954879E-05 0.0087508508623108 -0.166204650413072 -0.0324758775965277
0.0262851664527933 0.000382663205977855 -0.0472020720942646 -0.426189752935642
0.0561117685182585 0.0074097415911474 0.475759203346384 -0.346993377385956
0.0221356885135167 0.059321174711424 0.715477989178941 0.376933990108595
-0.0363821372670066 0.0493435497492094 -0.0423494870091188 0.881613142539461
-0.0581344366133747 0.0248033753891971 -0.504181346968367 0.406643777485518
-0.0728810508686408 0.0194606296773181 0.0628412971541164 0.0860621639885645
-0.0330720456392982 0.0708650314882048 0.565996129021329 -0.462631470889679
0.0394427732870329 0.0448280332765043 -0.0461443247792984 -0.933943106360196
0.0640062162927976 -0.0091730630887983 -0.776598443949961 -0.315786538978504
0.0184870708861391 -0.0353061866535656 -0.42279863942678 0.451540557857397
-0.0185639161750277 0.00700073669837606 0.132400190102312 0.388402750847252
-0.00565792997391019 0.0389593319800243 0.188482258537448 0.0127972017764937
0.00907183768485701 0.0419132262130622 -0.0136360214314153 -0.218784566103883
-0.00788242030989973 0.0259067273237453 -0.00537543315085239 0.195371380842292
-0.00644126580900582 0.00683165315791701 -0.172215187484437 -0.0151512562379954
0.0203773753335931 -0.00834981169921174 -0.0735203447852691 -0.411549674375535
0.0623854888811551 -0.00149566736242265 0.441429209040201 -0.377886460323389
0.0378849025705481 0.0657478142431304 0.740755842604813 0.312497775578898
-0.0301347996784971 0.0730258218046881 0.0307726110397774 0.870383910221058
-0.0726977882106297 0.0430369193604807 -0.483506604469439 0.441687498459802
-0.0958894313249527 0.0274999938667792 0.0372302482039374 0.098735690375916
-0.0529173573624356 0.0851260606156968 0.583659341757749 -0.421109170161476
0.0372655256584638 0.067782847157284 0.0323422771769785 -0.942155968770797
0.0775589695548166 0.00249140939927481 -0.751764168055682 -0.386799806360965
0.0266364014834063 -0.0421847561239203 -0.460426707792105 0.425387961480166
-0.0217391833771299 -0.00362445402313704 0.10520689581975 0.405039281603042
-0.0143419159607211 0.0346321989001146 0.183329494833225 0.0312735901518681
-0.000785818274575452 0.0431929740242759 -0.0143941744723962 -0.214750093203671
0.0231477574550305 -0.00121987941186754 0.0178556498460147 0.195196231320115
4.34207309787413E-05 -0.01576206488839 -0.154472793810112 -0.0117579564767874
0.0214299699741948 -0.0168392636845548 -0.0672234133088006 -0.39590743165216
0.0232795502177773 -0.000911047570956423 0.438451161797166 -0.333341854369128
-0.0320042507595647 0.0246934833804369 0.709813481671602 0.351170644667784
-0.0573100594870336 -0.0299304044205175 -0.00203342774293432 0.910395829217342
0.0315287505986378 -0.0638043572293863 -0.558538842291204 0.456816675563802
0.049931123326103 -0.0463839492540062 -0.0302570833370749 0.105473266748093
0.0303605109493594 -0.0222833093562153 0.523626358203145 -0.402130721784199
0.00244042947577587 -0.025384230869722 -0.0204353647941117 -0.895393781306099
0.00864040385819111 -0.0268445058378241 -0.778501992020745 -0.319016829629641
-0.00216078416745353 -0.0450998588156102 -0.471284263773125 0.469907431384409
-0.025727024687812 -0.0157567313799159 0.112092149622071 0.424716277289081
-0.0074431709116705 0.0161386154781345 0.199137558328288 0.0340229856097909
0.0282108408163436 0.0200253148514234 0.00802599622891532 -0.223151626164275
0.0259115012922894 -8.16328645173248E-05 0.017852922919522 0.191801873506778
0.00527110547179743 -0.00918439289197528 -0.150778026137031 -0.0273268267419443
0.0249138023884849 -0.00570672736294337 -0.0434719643931064 -0.406727700174688
0.0208161527129713 0.00553081510666779 0.463552468433382 -0.313078419693106
-0.0374515951435892 0.0214723695615228 0.68858414517526 0.416781289856438
-0.0540513005100629 -0.0399300806711515 -0.0713671715828208 0.918223617653873
0.0368832807722449 -0.0614653413005469 -0.567323394329362 0.419247866425763
0.0495439514776903 -0.0426267520357812 0.00405466338011831 0.0912642052525798
0.0306248408221935 -0.0216797696574748 0.512454294363712 -0.440117441602626
0.00374418205987643 -0.0311507154311722 -0.0892628161544193 -0.892357789821844
0.0066215822369641 -0.0306494646576911 -0.799077635568094 -0.261293284247955
-0.00283136077894482 -0.0380772145957533 -0.435141597624675 0.491820679854193
-0.0218791632346337 -0.00483718747801871 0.135426350518528 0.406689269984049
-0.000538748868110032 0.0235740254558418 0.202466416302746 0.0149162281717415
0.0337235993958892 0.0230783615165066 0.0068106238003884 -0.227437510297451
0.0254853474212907 0.00367272162880533 0.0147410368608346 0.191014942574342
0.00809370522914672 -0.00259093786630617 -0.149022024001432 -0.0402539511101573
0.0265579272036061 0.00395260625542182 -0.0255154033663506 -0.420743133332638
0.021220879767605 0.0115446702877769 0.486166706382517 -0.295891700998572
-0.0354995449563148 0.022086299198073 0.670954689054886 0.455131068159236
-0.0481027666372779 -0.0391856370241792 -0.124856888705047 0.912687988990043
0.0319701772636138 -0.0521158339381731 -0.569056450859024 0.389091808174419
0.0378453477861637 -0.0334857356748722 0.0361671846003795 0.08084556033068
0.0257053693549128 -0.013547917848487 0.509194995405414 -0.472667634765491
0.00896721579417951 -0.0283907732032767 -0.134478655139268 -0.889864363182231
0.0101753707595429 -0.0310575059661467 -0.805396036476835 -0.221587111571108
-0.00165627585846492 -0.0324918341585859 -0.401894997989837 0.501991741808618
-0.0161074200960329 0.00491979273989702 0.154793990707857 0.387275898480485
0.00507844393050111 0.0297752656589853 0.202913562914281 -0.000176303015581973
0.0356703377138413 0.0263189665989498 0.00280960352608982 -0.22772370520707
0.022843549050853 0.00772866615283994 0.00889480352051698 0.191019776270759
0.00952701181963853 0.00453053521855301 -0.151196398022993 -0.0483974360237383
0.0282506392561631 0.0106700316959687 -0.0146559903049842 -0.429407307876278
0.0263710363774802 0.0159289135254398 0.502873080020581 -0.293379266394098
-0.0273357293207724 0.0280278577971774 0.662750800725137 0.471332606871719
-0.0443843776253783 -0.0275115126644933 -0.145545277735782 0.906840361521883
0.0160650198377155 -0.0378222608700651 -0.560415535018466 0.370888028669581
0.016614301553787 -0.0213154606286801 0.0605493474239337 0.0748231301372333
0.0157947690410212 0.00327163069335641 0.51267053229862 -0.492936802808987
0.0177454268600977 -0.0191186930612158 -0.155728912301334 -0.895539333793523
0.0190526302149351 -0.0293619775157592 -0.807108396583071 -0.207050927031902
0.00172236315070754 -0.0289084657210164 -0.380782743928882 0.502164978127665
-0.0134923563141203 0.0116594285543662 0.1639366492131 0.37574643631719
0.00818330224112991 0.0357673266595083 0.200081989282342 -0.0086247771297693
0.0340402239426788 0.0303381376111156 -0.00152903158354208 -0.227275616189176
0.0176402258405423 0.012059997052084 0.00447011234207393 0.190978744490424
0.00858910468857093 0.0078160448172953 -0.154375248344471 -0.0498805484506377
0.0291764200456857 0.0117935652551462 -0.013912201951127 -0.433511259844591
0.0342863612369939 0.0168308098400827 0.505988944721155 -0.3003079626249
-0.0141076342320969 0.0379709846970164 0.670029026665483 0.462145259620029
-0.0419658903153973 -0.00702282436575209 -0.140904673744601 0.896632714884571
-0.00819464853760116 -0.0192884680441054 -0.544935508880336 0.368859724155806
-0.0120461048236241 -0.00599084622568751 0.0753141032435371 0.0719531257156122
0.00313992437601905 0.0255049721404664 0.522991434979451 -0.49951227292983
0.0269649459383875 -0.0025449432520907 -0.147522767881182 -0.906760337302798
0.031330568690328 -0.0252632252364024 -0.800065887241281 -0.216369745643438
0.00718141750291014 -0.027251700239302 -0.377809110537284 0.493347266924195
-0.013476099921081 0.0135340000907866 0.165695222634168 0.369944389951543
0.00651847439868286 0.0394592287165381 0.197447693320195 -0.0101196739016077
0.0276875798292303 0.0350436909257761 -0.00663214123410068 -0.22486973364534
0.00936853558703912 0.0171875550681506 -0.000731569065975182 0.193249976356936
0.00578736003212096 0.00950505885807952 -0.159638263951305 -0.0446132952091211
0.0282651592389924 0.00773053007149868 -0.0265559677378154 -0.432994362601198
0.0451634045331655 0.0136578355170287 0.496824776166368 -0.320330399776007
0.00424385585790718 0.0505914675336928 0.686431157225453 0.429572665043436
-0.0394607186884964 0.0203625253750593 -0.104036802258121 0.886918002103909
-0.0337419695811874 0.00229070393217041 -0.524230790247703 0.381107133357563
-0.0427974420142752 0.00808617214308483 0.0762635851218444 0.0758507802311456
-0.0132619949337869 0.049374650331613 0.541872973706838 -0.486579825063699
0.0346204263619858 0.0192827638636857 -0.110057767461115 -0.919672760954082
0.0482799568296359 -0.0195778549591106 -0.792086738036049 -0.254341641091851
0.0123581448578016 -0.0305530290852039 -0.39116916818981 0.476748600382704
-0.0149085098384578 0.0121991463435393 0.152996456508371 0.374490831265888
0.00138607690624916 0.0409750347851566 0.193090694785134 -0.00226119619548107
0.0192360736962105 0.038735935628409 -0.0106637601567641 -0.221509377428123
0.000323356976863065 0.0216142497077611 -0.00414919983543868 0.19330018737444
0.000165079451662293 0.00952449301681235 -0.166340159948685 -0.0317635386884222
0.0255922773515913 0.00055112911557432 -0.0476876000805289 -0.42554130904424
0.0550033269417232 0.00661073768497321 0.472893356313502 -0.347279003501367
0.0225899734011054 0.0603239031621379 0.711590758129237 0.372758528841503
-0.0360955270456902 0.0493828456373688 -0.0425316208667494 0.877929907905047
-0.0570319250697115 0.0241436785123153 -0.501525278602636 0.40529185397706
-0.0724640735636888 0.0197368738810977 0.0633821916161779 0.0848944700004881
-0.0332075797999395 0.0705754215673433 0.562676054229574 -0.45957891744244
0.0385546081815468 0.0439210073261725 -0.0466077976564468 -0.93233407754812
0.0642437188504433 -0.00899835625090144 -0.773617134111808 -0.313837658155063
0.0186701322985703 -0.0351067710529747 -0.419206247553479 0.453779257138457
-0.0187477154211381 0.00680353054543612 0.132718119285835 0.385720400232964
-0.0062087756754619 0.0398118298615852 0.188487002612366 0.0127850658987809
0.00989427532476068 0.0414414157832568 -0.0141878110713703 -0.218184138873325
-0.00825592949127009 0.0240837006808149 -0.00574410796041664 0.194404100106911
-0.00725687727301315 0.00582250325930058 -0.172578176331284 -0.0140370520733468
0.0198020836384509 -0.00938522578351327 -0.075024478714803 -0.410205679827233
0.0622929733972529 -0.00233118236718885 0.440083401707914 -0.376301444002816
0.0392143214192964 0.0670886915963147 0.735046465852813 0.307900277069008
-0.0293970079052635 0.0723526105130966 0.0313449381525691 0.869403321688866
-0.0727821211043103 0.0431051796065755 -0.480883917098082 0.438997624282841
-0.0952865965793277 0.0277976698555425 0.0376792390858246 0.0981244663456551
-0.0535058068641767 0.0850913334850506 0.580668896582154 -0.4194322358571
0.0373753634444648 0.0678433925004911 0.032582662370949 -0.940838749586133
0.0771127592406618 0.00277504479467504 -0.747970663724012 -0.383999319152403
0.0263685723874542 -0.0412024411979331 -0.459048339683648 0.42708806360619
-0.0221684706413326 -0.00352547111222443 0.106033285440454 0.402731206674708
-0.0143805406147995 0.0351215683778623 0.184161001266156 0.0313265163696957
0.000417149189494939 0.0426635027434991 -0.0151781870315743 -0.214303159110416
0.0211826675051276 -0.00473040508108968 0.0569286804821997 0.195419710059537
-0.00253187978042593 -0.0135413947153383 -0.158240062917766 0.0160236337649947
0.013333539279813 -0.0223013640158274 -0.13972907170988 -0.383423085930082
0.0214582663314131 -0.0138444766237077 0.380444471358981 -0.416675439850905
-0.0163339913429185 0.0254986526544789 0.772923620513984 0.214108386262302
-0.0492709186031225 -0.0161160394623561 0.163434170628209 0.904630618850204
0.0173485618026771 -0.0611780348755748 -0.464252366474683 0.548892575582191
0.0412380974954745 -0.05278905498626 -0.0094573496565887 0.110865398500477
0.0293849941627461 -0.031353935500469 0.446516642592995 -0.500560527348202
-0.00043835888947448 -0.0345432767438059 -0.196966316434721 -0.8989927665617
-0.00447508973650968 -0.0333261985103044 -0.845515279348103 -0.162879167112117
-0.0220918864773991 -0.0423899720854043 -0.375896171446005 0.568039851397283
-0.0299515000623452 -0.00462078091040942 0.199914467556048 0.404306398063839
-0.00249220150154688 0.0201893429912846 0.208127770806057 -0.00882230472942322
0.0345489090285053 0.0115203056823565 -0.0365962997303503 -0.227025400788015
0.0236623859504487 -0.00425466990768697 0.0577282189648875 0.192554145794478
0.00237012043818228 -0.00836846066656388 -0.156695787582522 0.000937367769545407
0.0184363606621071 -0.0124189719436983 -0.120092254349736 -0.397245072506558
0.0211466570506475 -0.00615438906745888 0.407140966056496 -0.396812502201011
-0.0203004881106255 0.0237070702507422 0.765436331381227 0.283273924197009
-0.0466008779861202 -0.0270759927527387 0.0942019506063002 0.924361276849621
0.0219073809478387 -0.0602058463377845 -0.481169582536696 0.515549098512502
0.0419699982624312 -0.0481297342652616 0.0227728684604313 0.0904507883931234
0.0297321375607958 -0.0302684887292248 0.428919923927777 -0.537062473105965
-0.000250160502700505 -0.0390828335440217 -0.265187925204667 -0.881181826059973
-0.00815858446864544 -0.0357931040264157 -0.852662884432326 -0.102780754176246
-0.0214385900059852 -0.0350308930869185 -0.335694195481425 0.582902567425659
-0.0233151143899557 0.00467617919315417 0.221571631987997 0.381872809394368
0.00707244619602368 0.0247734189322849 0.206685234308247 -0.0280881612204553
0.0391839502042268 0.0124727045661904 -0.0394906665918114 -0.230065952679158
0.0244868064104959 -0.00207950454617312 0.0527278680616793 0.193416097586768
0.0069811643129549 -0.00207272043240713 -0.1586063466674 -0.0115012922359122
0.0232352586959322 -0.0036736158360932 -0.103971418898651 -0.414221097593256
0.0240843994855466 -0.0014031471725572 0.433997865075494 -0.388202401452317
-0.0180565354790902 0.0233411060052935 0.754578455601341 0.32412496521468
-0.0420228266981554 -0.0260222637783703 0.0435091242500494 0.930109186906948
0.0185984492534564 -0.0518841092985408 -0.488333266424007 0.484542901274228
0.0317720171016499 -0.0383061370071552 0.0509796000383739 0.0737794926647121
0.025401979268217 -0.0218128094672867 0.419273416478085 -0.569410287939529
0.0051514200177467 -0.038418381613443 -0.312609122462847 -0.871340424999255
-0.00522935845330914 -0.0369031228428679 -0.851888864648449 -0.0610493527855942
-0.0183310489055882 -0.028295491506427 -0.299256270015462 0.585935940589447
-0.0166492399499142 0.0122589609536452 0.234617206356419 0.358438644985353
0.0132254273147793 0.0304260642826124 0.203460347957213 -0.0443656762625017
0.0421062312702147 0.0156261956707165 -0.0431748625370862 -0.229093009106813
0.0227281338985247 0.00244576955176187 0.0468436837368556 0.194377899301439
0.00866539527692452 0.00356307433687704 -0.161449000518066 -0.0207077218460418
0.0251603784870611 0.00202979848110122 -0.0963312930961816 -0.427275230521791
0.0290012713021034 0.00139023689688381 0.449179385290223 -0.385829253545605
-0.00863369735205733 0.0276448232379089 0.750383732124175 0.341675659936549
-0.0373727303111741 -0.0153532438355462 0.0166431402665585 0.926025079684627
0.00630989540730136 -0.0343320725878975 -0.483683238158095 0.4646465290868
0.0131319344671573 -0.0229501150884732 0.0727374416120859 0.0621833204497704
0.0201089695410758 -0.00502683567355378 0.418365881167547 -0.589846472005807
0.0143690574466229 -0.0308630077084154 -0.334401700680083 -0.872629794310717
0.00359356117829287 -0.0369331764485738 -0.850239206056808 -0.0461635460899231
-0.0138145554338911 -0.0253769368722892 -0.278857427140461 0.580379095740584
-0.0129076627913082 0.0190744912078101 0.242356748669504 0.343533395475162
0.0164806502868427 0.0348252271573805 0.199426308282782 -0.0519532798012888
0.0407216150595844 0.0203308915289432 -0.0469734488556581 -0.228050650327922
0.0185954305221293 0.00853838790606356 0.0417672662962475 0.195815389958881
0.00787498363710141 0.00866511536177413 -0.1662153169959 -0.0208774583902043
0.0271817820929119 0.00281783420197899 -0.0962145975733989 -0.431013212568061
0.0383871460982558 5.92259589166401E-05 0.451805580277821 -0.394818305146003
0.00533432300038161 0.0344720227649126 0.752589539963056 0.335221310205526
-0.0307999716555795 0.0047048202253667 0.0227736787927652 0.917751304762639
-0.012197818666101 -0.0113638666575748 -0.471652323769901 0.45899919353562
-0.0119400186837859 -0.00461364962913664 0.0884385899283383 0.0571141171607605
0.0118933027316208 0.0178798099981557 0.429242964256807 -0.599489011747794
0.0270588621414093 -0.0164607686251241 -0.330464217107942 -0.884892947224202
0.0178682024344395 -0.0360877376954822 -0.846835467462159 -0.0578995133312628
-0.00949577921530602 -0.0255224704555172 -0.276998691605005 0.571787379647002
-0.0117725460953007 0.0205268372782007 0.240156198073955 0.340253266729364
0.0174575885151641 0.0394426970798982 0.195046269871287 -0.0547064761089431
0.0362981873156559 0.0249272008033617 -0.0515457962864374 -0.225088041386868
0.0111887470717576 0.0145125750575796 0.0356201488038915 0.197563741175198
0.00515412246135311 0.0110591273704045 -0.170356250819333 -0.0140424995897942
0.0240681602334076 0.00130977580409531 -0.107108243640831 -0.426818712142515
0.047638094799993 -0.00476735488969239 0.438843521239148 -0.409584660344452
0.0246285085566402 0.0419444662368963 0.766521793662866 0.298100589012629
-0.0236006231074364 0.0296282626889772 0.0543721140402353 0.904443152548823
-0.0326886457076462 0.0137693429031761 -0.450855749618201 0.463973909442432
-0.0390340839296404 0.0159674429916897 0.0908425800708935 0.060546625379458
0.000225618269433079 0.0445239379142676 0.450781932438125 -0.590669335452947
0.0390023063786921 0.00346721647288301 -0.2932443251317 -0.90651055367059
0.0330402588219107 -0.0316071358437687 -0.844274239990593 -0.0971784113760421
-0.00523475043323973 -0.0304228774408312 -0.293421747267234 0.560356052024494
-0.014373462855589 0.0193839381890523 0.22965458299106 0.346557361336206
0.0119646445197827 0.0412723963112172 0.193698056854752 -0.0448764640360204
0.0280618124304945 0.0308241397251821 -0.0558727126971824 -0.222258397532123
0.00403568534078491 0.0208847766158141 0.0319229291395738 0.199095302213853
0.00101486349448039 0.0098617284114341 -0.174500677292633 -0.000726611228037981
0.0215246939179469 -0.00536438910841702 -0.126788559068421 -0.414402685505303
0.054928182795822 -0.0132588156156362 0.411141295517761 -0.432846429016372
0.0428556307709019 0.0481341439484324 0.7798986522345 0.24044902727419
-0.015501489489383 0.0547316107603777 0.115347750669701 0.885849789993777
-0.0498803809749162 0.0401455419276169 -0.426771513533087 0.484485653109246
-0.0660158471451035 0.0317610286444955 0.0776773706465023 0.0724196764693942
-0.0163650845948274 0.0685710128286459 0.478189488624842 -0.568006764221852
0.0474542516699321 0.0264683916657795 -0.232777457889155 -0.932136632409103
0.0506505635202936 -0.027086296850446 -0.83852181708288 -0.159350491985967
0.00143913624109184 -0.0358060142121712 -0.327658232692537 0.5421447790176
-0.0187179250812284 0.0146883586326708 0.21384492366541 0.362105038225002
0.00469624906446937 0.0417433325041451 0.192085400301193 -0.0290589892533593
0.0196529598456081 0.0359421400547436 -0.056634989154932 -0.218055455220584
-0.00452442862110784 0.0242957321593889 0.0303932723101081 0.199974925469549
-0.00608295282410261 0.00906933996346847 -0.17754190599888 0.0186550860264603
0.0143112384025607 -0.0133348783945372 -0.149799108895788 -0.395665677815602
0.0581222864736558 -0.0237574805837597 0.375432934386316 -0.455265523099866
0.0595805605175638 0.0493977959099917 0.792119295763308 0.172875250305412
-0.00330462838650779 0.0761010491851083 0.185409808553516 0.861706424121107
-0.0600438253845896 0.0612290218148669 -0.402435647408236 0.512375685916536
-0.0864672673072457 0.0438143465737161 0.0548349572872106 0.0890298609639735
-0.0308188805684081 0.0856355721672143 0.502371328139646 -0.529668022974159
0.0507505740821716 0.0496242695226029 -0.154690728481429 -0.956585729764994
0.0656434013475223 -0.0184949361231909 -0.829095247113608 -0.234920514190667
0.00744715670801909 -0.0430234977525808 -0.373011137874887 0.521223669218453
-0.0243934103419356 0.00533480941131528 0.189163426334106 0.384253193383921
-0.00387905198452948 0.0386813133446084 0.191319804790192 -0.00867166940584357
0.0102261054337033 0.0382747985587313 -0.0569965481216539 -0.213970385948597
0.0203281313836237 -0.00572831940135809 0.0567835873560694 0.19558505887499
-0.00317005403118528 -0.012846206362048 -0.15813466668116 0.0164359525077445
0.0139510242239797 -0.0225757274074463 -0.141029164826999 -0.384408773185886
0.0218804270556786 -0.01429362200163 0.380865832628738 -0.416553933417639
-0.0160706506602326 0.0250755197709176 0.770921818092372 0.213649802224416
-0.0490859212224357 -0.0167258444083401 0.162738745935745 0.906222383286843
0.0171328913477012 -0.0607369614831446 -0.464197074116013 0.550016767225723
0.0414879625718681 -0.0520705364158782 -0.00952654985700121 0.110043194231973
0.0295731463070946 -0.0316390177421945 0.446209762383998 -0.498348486597433
-0.000757548976993171 -0.0337487413261566 -0.1957715070555 -0.898941089461476
-0.0041256942848922 -0.0341105583894629 -0.844078391100189 -0.162718407651126
-0.0216440423899602 -0.0421731377029939 -0.374320175292481 0.570521141240147
-0.0302170279839436 -0.00454356764126059 0.200464687533737 0.404968510660031
-0.00155369287950043 0.019935865436489 0.208525910933734 -0.00946138075896963
0.0345386614735749 0.0110091741839903 -0.0356622466459547 -0.226067744171562
0.0238420569487467 -0.00485686429105707 0.0561576981063434 0.192382302177242
0.00254848694002931 -0.00782636307515603 -0.157121306903772 0.00116435993093562
0.0189736395889103 -0.0122564528773036 -0.120073023467883 -0.398256883521968
0.0217161458596358 -0.00698034178116016 0.4064304361988 -0.399844338554515
-0.0204334828102441 0.0239222192527735 0.76420150734824 0.281619534309011
-0.0469590537719521 -0.0273412560438325 0.0943018598688239 0.925023563007987
0.0227023345740717 -0.0614171476234768 -0.482628124466279 0.515249534558271
0.041263173806844 -0.0486207567077372 0.0214130059181123 0.0899905614947152
0.0290743193630277 -0.0315410702708925 0.429337981423102 -0.535633511476931
-0.000235189602904584 -0.0393677871232675 -0.265184246662968 -0.881905368454664
-0.00832985343154746 -0.0367127509143235 -0.853521365006599 -0.102077054728918
-0.0213450869699904 -0.0343775476332206 -0.332212285175047 0.58242692962828
-0.0234348499554678 0.00549185037628645 0.221599866294013 0.381535542629064
0.00762658625100433 0.0251136365153279 0.206401202300408 -0.0285045115119637
0.0396509534917701 0.0125845537298294 -0.0391021721615025 -0.229209143918399
0.0238788594283306 -0.00206115289622595 0.0533940269297402 0.19242798625404
0.00583096473424939 -0.00175793863188894 -0.158858046624847 -0.0120575786810944
0.0224680227671661 -0.00429141066953297 -0.104916584086107 -0.414577157493474
0.0240320924664406 -0.000921695161065751 0.433422206043475 -0.389221331312126
-0.0183364273506052 0.0247261937103184 0.753606525776137 0.324864829198649
-0.0416007466671226 -0.0262539037759577 0.0428466135666692 0.928783399577658
0.0188903770552167 -0.0518005233425485 -0.487434110363454 0.485957547612118
0.0322850496039604 -0.0390279173873699 0.0507184537192906 0.072942672011228
0.0257589987246698 -0.0220496850314392 0.419930264912518 -0.567809867989839
0.00451210270032151 -0.0379094775661952 -0.312484913387215 -0.872126946510682
-0.00489024620315971 -0.0374204889575541 -0.85426466518958 -0.0599025233148294
-0.0182979970911503 -0.0283498736933325 -0.297230425561113 0.585323865916186
-0.0161192791470733 0.0131812792527302 0.236486563890974 0.358322402448515
0.014264739668752 0.0300347672495941 0.202866389836287 -0.0443839248325895
0.0426345510442774 0.0148722174973561 -0.0434645700702204 -0.230560209997124
0.0227727279456518 0.00173063967333239 0.0472730014958742 0.194013383449314
0.00875274336551649 0.00353609641697581 -0.161688236713432 -0.0205163312295882
0.026306582125288 0.00156397068923087 -0.0960617243972099 -0.425257955490275
0.0291959815916152 0.00132840895929513 0.449943497449517 -0.387143437642013
-0.00903219595639275 0.0288163482260124 0.749385320397297 0.340747396637038
-0.0368809567636572 -0.0149264358444354 0.0179221530546305 0.926917166322175
0.00683969104967137 -0.0339730008374026 -0.483728316204941 0.464446035653842
0.013638245499008 -0.0227916928945413 0.074130643010703 0.0618381435065965
0.0198880184035512 -0.00473595232210728 0.419501490748881 -0.58907709391522
0.0138823681904248 -0.030347732170507 -0.334966458062966 -0.872399608254983
0.00445325051246881 -0.0371837040346944 -0.851295889275035 -0.0456463713791978
-0.0143246414134114 -0.0252579919339182 -0.279152135020855 0.58179886186343
-0.0120418082940577 0.0191922669323683 0.241917610303311 0.342653872754322
0.0169960303232582 0.0347648784511358 0.199301587208183 -0.0528013086475903
0.0413512249218649 0.0199336460840434 -0.0471000548405402 -0.228440711883061
0.0186428775978909 0.00831110659806058 0.0415420923974123 0.195356586197576
0.00791361038826313 0.00776230276256867 -0.166578756363227 -0.0215622143857388
0.0265003725845885 0.00326104376036907 -0.097917408309895 -0.431244260561951
0.0370427944589284 0.000392229296538813 0.452176116379509 -0.395089568438115
0.00650111644411588 0.0353670577967646 0.753448310435094 0.333005396299458
-0.0301460863375604 0.00397749494403476 0.0201419804815783 0.918342003093595
-0.0124187748371009 -0.0117177909581405 -0.470619571099838 0.458419246311606
-0.0113975319457882 -0.00345856988072055 0.08880354755231 0.0569805643783979
0.0112774611388086 0.0182315085996658 0.429860260642224 -0.596256547404497
0.0264639153200426 -0.0159354258419096 -0.330466403999711 -0.884778971111894
0.0174145970655716 -0.0346400058660088 -0.846775752508904 -0.0575672379207302
-0.00913348086038282 -0.0254634524367971 -0.276102440956603 0.571117063191273
-0.0114994557681647 0.0207466947582397 0.24138633951834 0.338884881545048
0.0175746378782766 0.0389101899797177 0.195174277659167 -0.0540057411843384
0.0367543499473301 0.0248303194681979 -0.0518432522333397 -0.224987286587337
0.010706733758889 0.0141861573094857 0.0358661934891511 0.196137377546608
0.00558709749516702 0.00981654090724091 -0.170365190396386 -0.0146990532631951
0.025012114946038 -0.000226843423673247 -0.108983539949261 -0.426902798153888
0.0462109956110606 -0.00531296781410662 0.438499573787934 -0.412405098478391
0.0239976200412503 0.0425966868897972 0.765345679217799 0.297752310724981
-0.023599276642203 0.0293230166956517 0.0554477662657957 0.902741406284055
-0.0317873624017276 0.0135473425035484 -0.451829051771783 0.463923274976773
-0.039646608608882 0.0152005664720829 0.0891763694540678 0.0603814708338241
-0.000145930349940464 0.0437512895869444 0.451250150922962 -0.588468566993506
0.0384277854122952 0.004253560066242 -0.292772214359325 -0.90660442037713
0.0334773466119265 -0.0320154100084407 -0.845968486888187 -0.0977567074316114
-0.00471265295552032 -0.0290257576326797 -0.292037100654977 0.559334889867669
-0.0137043477073304 0.0201920644810103 0.229524306703517 0.345240472156043
0.0121699490465317 0.0410624096585849 0.193116924202088 -0.0449764534895049
0.0285208494671279 0.0302758439404652 -0.0549523260425322 -0.222047175871336
0.00323756343375245 0.0195843537226759 0.0329002372528631 0.198465029221903
0.000815701402479173 0.0106907823145862 -0.175171545944144 -0.000491768410917758
0.0212933710391051 -0.0053822771406877 -0.128863028194792 -0.416860649050754
0.0538763812965153 -0.0132049004665691 0.412493531584348 -0.435433733508374
0.0436742632070063 0.0479686982025012 0.778961988953176 0.240361122416825
-0.0145147574512986 0.0548403233894471 0.112914804396984 0.886159882574891
-0.0498719672190925 0.0390912040354976 -0.426464119161245 0.483689905742818
-0.0659919490919718 0.0320383214283928 0.0781567807018098 0.0705466851784878
-0.0155851332327808 0.0676250757370667 0.47726748322326 -0.565482646620221
0.0479891470464237 0.0266844378085562 -0.232925516359415 -0.930760419334962
0.0507190264211711 -0.0263085278215979 -0.83791459058001 -0.159572186329051
0.000789907506956254 -0.0348655270904951 -0.326273809718183 0.541293504129795
-0.0181157725094212 0.0149853549921645 0.212506166691864 0.36132181901866
0.00529969280178444 0.040716015451778 0.191725924615426 -0.0293403325544609
0.0196262759863131 0.0356656472531373 -0.0565766314357823 -0.217396032936713
-0.00497290379833029 0.0237838528238242 0.031451541944591 0.199564367837574
-0.00633398912788023 0.00950005017139445 -0.176970158292577 0.0191096839534322
0.0132601832851726 -0.0139147889354921 -0.150944702901375 -0.396874873035313
0.0579526734148593 -0.0230796380119017 0.373585782184332 -0.458937401768602
0.0596520549166433 0.0503662353501926 0.793472768680011 0.168869495236997
-0.00389277588576819 0.0767702219565258 0.184258635764211 0.863090410297511
-0.060381728491333 0.060170939811951 -0.400585608348866 0.512523238095227
-0.0866266274530969 0.043309591763804 0.0559003133502648 0.088001748844981
-0.0310052343337835 0.0860627635157345 0.501326345573043 -0.530054331736475
0.0498783943431787 0.0503462370135161 -0.155190597493016 -0.955276802817735
0.0661099029885462 -0.0183876153185782 -0.828153742337472 -0.234841295552246
0.0068475828236667 -0.0439140038751635 -0.371780067283395 0.521342476074804
-0.0238762906760113 0.00619094965757546 0.189930848222732 0.384611949752671
-0.00418016193177164 0.0385522819228637 0.191662856877224 -0.00912836369279863
0.0110188516069214 0.0384771054369804 -0.0571964663066419 -0.213996017188287
0.0200248560351134 -0.00601491125482939 0.0568659792499951 0.197476068660399
-0.00268782956010989 -0.0124784641132019 -0.158284420583554 0.0163996055308233
0.0138336907006573 -0.0221877612721278 -0.142799049902612 -0.384679070934777
0.0219052647149212 -0.0141990039837181 0.3796918291483 -0.421483719935649
-0.0153732460814746 0.025945040253766 0.771896285681119 0.212728909142759
-0.0481241342507974 -0.0170490772135361 0.163071229824594 0.908263722460923
0.0177259708372722 -0.0624702076263009 -0.465272607066361 0.549679303520355
0.0421589009932245 -0.0528076751735039 -0.00877344068404513 0.109458892525332
0.0299148597781601 -0.0316352396237509 0.446651266125119 -0.498997196173808
-0.00018412030132417 -0.0335636369536313 -0.198432044847587 -0.901024732517033
-0.00486704850692406 -0.0340531801751499 -0.845468991552389 -0.160454664166572
-0.0220613088460093 -0.0425547459473669 -0.373150063023242 0.57132201022175
-0.029713577467649 -0.00410253798359372 0.203371845393538 0.405981993273885
-0.00069634558202232 0.0198339848426369 0.209318581645758 -0.00960478397822858
0.0352389116056223 0.0108343346056261 -0.0361475284401687 -0.226490337579985
0.023449437200301 -0.00593595541343814 0.0571449252613951 0.192796589156425
0.00120399576724764 -0.0077355367238493 -0.156594257289696 0.000856224123688668
0.0189404234141981 -0.0130473085227411 -0.122741568466645 -0.399227541908237
0.0206500251165034 -0.00693284540292878 0.408531227701179 -0.40251504730616
-0.0200809596276089 0.0251224796962356 0.765105899714224 0.281973563140949
-0.0470475112248349 -0.0274671051733672 0.0934941482358273 0.926425556806921
0.0226564225087922 -0.0610583310176169 -0.481984453599432 0.514378718448237
0.0424332283733868 -0.0477460940752342 0.0225777026190356 0.0911369121388764
0.0287897533122752 -0.0318422273896049 0.42851816946614 -0.53646063633305
-0.000991014620605302 -0.0389999287700106 -0.265352113931451 -0.883856336936605
-0.00785013936548684 -0.0357204494945547 -0.853810066926286 -0.10149926671533
-0.0213172370885781 -0.0338396780477212 -0.331240473613321 0.582483380883737
-0.0231305420337965 0.00477510446987347 0.222713002426122 0.382577978513062
0.00843273123448131 0.0251434854315581 0.207548478816026 -0.0293201591199814
0.0406410620898818 0.0115222949908194 -0.0392508545096674 -0.2299884042267
0.0241219494154578 -0.00237049571216016 0.0528527295735258 0.192334329031091
0.00589328469876912 -0.001050306637334 -0.158724313883115 -0.011858849005967
0.0227806480051641 -0.00392383557078233 -0.105401180711633 -0.415560183523941
0.0234919987146076 -0.00135668004853123 0.434586881658844 -0.392468667459233
-0.0172680466360694 0.0247643107013782 0.75471379295707 0.323311498645699
-0.0422418878121461 -0.0269616217341825 0.0426619760221076 0.930328590586686
0.0196801204431511 -0.0520279111349307 -0.488154940295359 0.485558421424013
0.0329426271067611 -0.0385009881966487 0.0511446361390453 0.0728002622073248
0.0260029598054745 -0.0223554114561344 0.419610925281291 -0.567622300519369
0.0045728900546111 -0.0380645737892151 -0.314077259875633 -0.873911674041302
-0.00489467918587606 -0.0371315781400228 -0.851265427799925 -0.0595399786068025
-0.0188614473284307 -0.028162847461888 -0.297293207740018 0.587306007997595
-0.0168061005779235 0.0127876582436733 0.23740538266432 0.359998432636115
0.0148685889228651 0.0300429526159462 0.20279295566578 -0.0456020211885236
0.042893734209166 0.0147426867151407 -0.0426974290834104 -0.230098749623596
0.0215435907374428 0.00223814194758437 0.0480192421619111 0.194296515102399
0.00808418205200392 0.00424351965560059 -0.161779229187568 -0.0199884696847333
0.0250588831624934 0.00192562961288758 -0.0981090808217354 -0.427431890553927
0.0286833200785712 0.00126612586276936 0.44975704568846 -0.389236351247751
-0.00809757663991491 0.029351408955979 0.74992948115161 0.339544613373731
-0.0368865192387089 -0.0159523311611068 0.0177306342274381 0.928667297595592
0.00786393270367762 -0.0348081302075147 -0.484372673559486 0.465892514078713
0.0140957068715436 -0.0215737049641437 0.0750725304458554 0.0610705822981693
0.019942783324683 -0.0052230067526442 0.418954252833546 -0.591382927976727
0.0140067248926674 -0.0305530837606716 -0.33691252521028 -0.875130705055774
0.00378741965963979 -0.0376180481170153 -0.851712535146998 -0.0453221719805066
-0.0142649976813364 -0.0253754397534065 -0.27600146817619 0.583358285036331
-0.012420061314406 0.0189010516731316 0.244398928318209 0.343110807181665
0.0187501650601718 0.034734289207692 0.199041708871412 -0.0530322337950642
0.0417572712490695 0.0192788522118174 -0.0474907318671845 -0.228536981329106
0.0179616282437706 0.00794846034545695 0.0409813099198566 0.195404358651067
0.00856197285168053 0.00855291033159193 -0.165639184371876 -0.0212306919296557
0.0266678282262314 0.00338172633331742 -0.0975708471186894 -0.431370553463182
0.0374934412942115 -0.000705499879624575 0.452159946070881 -0.398645978024327
0.00754909438326412 0.0356506479003105 0.754194894593064 0.332210835727057
-0.0310480134214478 0.00475186948188039 0.0201670181802766 0.92148338147922
-0.0116855100329617 -0.0120604880837614 -0.470847020886939 0.457854598388781
-0.0109653065186801 -0.00384618376430453 0.0884500257022218 0.0574919089606073
0.0110505447106985 0.0176782407583201 0.427722246348612 -0.596689419825793
0.0259129695439319 -0.016117746126624 -0.330944728264047 -0.886276315217478
0.0166997146451042 -0.0355053182516622 -0.847068001412495 -0.0568274832629541
-0.00980253575855164 -0.0248247252907786 -0.275385582037839 0.573819833092766
-0.0111710116776522 0.0219716343077414 0.242773145248192 0.338742442551409
0.0181949697536232 0.0386628032567178 0.196164784204761 -0.0534999885155336
0.0366127299635947 0.0249714839286276 -0.0518748283310145 -0.226084867108436
0.0105563227496301 0.0136537871208698 0.0367167759193077 0.197155642040044
0.00552344719869541 0.0105467939095959 -0.169470578898609 -0.0131250960861462
0.0253172404678638 0.000214228859440009 -0.109992592418728 -0.428691443988517
0.0462839676442812 -0.00519388358215898 0.439176319314897 -0.413808165000413
0.0248618300465447 0.0435777102008092 0.765409057554987 0.29802834092785
-0.0242807892988157 0.0295557128210588 0.0553802356983052 0.906845894178293
-0.0322844514618821 0.0132602981988981 -0.452612414893828 0.464361978502934
-0.0391104497448066 0.0160610318956515 0.0901954688370872 0.059981705688263
-0.000546072729770482 0.0434981788742576 0.450849639897853 -0.589701088211079
0.0380382029062725 0.0037631344167506 -0.294863324756501 -0.908564638027122
0.0337913968468143 -0.0326162409579077 -0.845602766900267 -0.0969257836395073
-0.00456199652686513 -0.0291302529567215 -0.29062084240997 0.560918159811515
-0.0135917507477308 0.0204176790155778 0.231453721834917 0.344868481470377
0.0131962140830657 0.0416544021479325 0.193812976107421 -0.0455381216375829
0.0300527549452475 0.0307201459704871 -0.0553917384703383 -0.222457822410324
0.00253705081068184 0.0188714694641291 0.0327066924604735 0.198627621543019
0.000514913650602061 0.0111358164040485 -0.17442796258095 -0.000317511913289925
0.0195834753980876 -0.00662178872634267 -0.129762858175248 -0.417694240199552
0.0540151492797877 -0.0134365260499865 0.412125563029933 -0.437671717236735
0.0446962562422392 0.0494566090099321 0.780790473071755 0.237935984338891
-0.0149802255593329 0.0552571705625527 0.113210554379845 0.886386032147092
-0.0496841505309604 0.0385766731077828 -0.428495029539993 0.484319805149363
-0.0651749485531409 0.0327268505969531 0.0786751606250882 0.0704833796437879
-0.0155626713438665 0.0683848728138157 0.47557975315201 -0.565429817114273
0.0474842394811918 0.0269181496136933 -0.233644480609006 -0.933208803611205
0.0510298616520463 -0.0267330703536588 -0.841403047989815 -0.159092738642592
0.000269582618465467 -0.0349787443190959 -0.326199282872245 0.543100674570207
-0.0185595284292543 0.0159243273013774 0.214465673796296 0.363007589675026
0.00634645894741863 0.0408082852017229 0.192818028227123 -0.0293097613664113
0.0191353995615647 0.0347752224004029 -0.0576190942237642 -0.218436152686663
-0.00493424721650161 0.0235869140990931 0.0306717338180804 0.200367111225427
-0.00667607971858667 0.00969831173026448 -0.17708851413283 0.0187338456363207
0.0131926562998166 -0.0146165447179228 -0.153556545274727 -0.397366382009421
0.0576276704638369 -0.0242083043371466 0.373631813564348 -0.461253677258441
0.060960107825012 0.0512456545667057 0.793154890804128 0.168820877914723
-0.00291980429395943 0.076476918335787 0.184477443545523 0.863574873379592
-0.0599801035730455 0.0597178760037554 -0.402207377130479 0.5133588107297
-0.086330139248246 0.0430478042471145 0.0563122696828387 0.089079516601132
-0.0313442743314036 0.0853829423391717 0.502345548946041 -0.530283138305731
0.0504725853720081 0.0500022996283523 -0.155702654581316 -0.957975539044803
0.065878106285656 -0.0188845250125963 -0.831752090300272 -0.234739519449009
0.00590986684188339 -0.0443188214130105 -0.370709144843976 0.524287073403674
-0.0241950137119326 0.00539848188325045 0.191079264173161 0.384029537453775
-0.00330747881565968 0.0383581671525707 0.191942822595476 -0.00904876406701165
0.0114173912189523 0.0376640315308136 -0.0570529022481558 -0.215050728474991
0.0201491806018205 -0.00625704434740353 0.0578443709400424 0.197128951335661
-0.00400957677669232 -0.0125000129351717 -0.158450804117236 0.0166868135053011
0.0123314721721052 -0.0228894012951631 -0.144324657067392 -0.385860268686366
0.0219100477101316 -0.0137888426078641 0.380665785504681 -0.424700393454352
-0.0146920360127358 0.0268685110556406 0.773123886718714 0.210400021710234
-0.0492839881393238 -0.0177314370981266 0.16328210087788 0.912427396810408
0.0183309096523975 -0.0629504199305903 -0.466874788332468 0.550984124986075
0.0419765794523682 -0.0525129168249105 -0.00880948614886681 0.109871191821701
0.0297519749060515 -0.0327568298076784 0.445996897531217 -0.499862879994758
-0.000401990341377972 -0.034178166488012 -0.199058063583401 -0.90333033983524
-0.00602797813326446 -0.0338236555229259 -0.84931163829754 -0.16307934482112
-0.022998357413022 -0.0422320439816739 -0.372612292788975 0.573706909358967
-0.0294559647017837 -0.00399511530049167 0.205123910580533 0.405480825946986
0.000828559839143855 0.0202221877891791 0.209969604992616 -0.0098720520811474
0.0356019255883041 0.0110977885662801 -0.0361878945488288 -0.228009937051777
0.0233278769752765 -0.00609058096613955 0.0588028014684984 0.193808472724006
0.00168284278109777 -0.00668742019422221 -0.157329211231414 0.00111949633960054
0.0181631913671664 -0.0125141780277432 -0.124653518324569 -0.400594753082662
0.0213393628535416 -0.0065036130214791 0.408629830437256 -0.406503612611342
-0.0196072187291364 0.0258660557104505 0.767897125332455 0.280103914211251
-0.047150342399166 -0.0276260921658481 0.0959399340002226 0.93073905312303
0.0235944859435968 -0.0630906202938462 -0.481847276334387 0.516535796069666
0.0427882265769453 -0.0484916259657313 0.0221536631122827 0.0896605390950425
0.0293916591210233 -0.0319590007780894 0.428237506047975 -0.536971602831287
-0.000753744395753542 -0.0401728873855348 -0.267888547158578 -0.886838741597575
-0.00855066736817825 -0.0366173428611479 -0.857120667824722 -0.101753219869753
-0.0212370794505683 -0.0335101608268379 -0.331280995116532 0.586035447923536
-0.0229870681024872 0.00541030487636072 0.225818967178501 0.382753355142976
0.00859720010442208 0.0245589873714701 0.209172995337293 -0.0295135116121862
0.0420355408440417 0.0126266594500852 -0.0386031319611505 -0.230722338253245
0.0227188431418332 -0.00332249569133661 0.0528590384967125 0.194762692010827
0.00563274807156559 -0.000987667262450367 -0.158870229584523 -0.0118459877173226
0.0220164523727431 -0.00389774430609263 -0.106561910739533 -0.418472689363334
0.0229072643640961 -0.00146030269884069 0.435088686175152 -0.395482129272971
-0.0156672369421419 0.0262907807523136 0.75722265940717 0.322187264965453
-0.0421912906001387 -0.0275453039182366 0.0421996568935872 0.934274909926052
0.0204088004824416 -0.0528651437025617 -0.489096354057399 0.487299046180312
0.0326581495922831 -0.0384820361350259 0.0520839940777313 0.0736768837426714
0.0261251504300905 -0.0235738304016342 0.420851848376519 -0.568959131106916
0.0041665556702267 -0.0387510826606127 -0.315419416243945 -0.875869934172786
-0.0053168816566605 -0.037412529413139 -0.856640761133311 -0.0578052784058634
-0.018552125272865 -0.0276551827043962 -0.295031236626136 0.590116705382211
-0.01629024357481 0.0134858871331234 0.239255161367322 0.359739525419535
0.0162138792530361 0.0297970617989493 0.20468050029883 -0.0448696825241495
0.0432533466426837 0.0147451187238954 -0.0433826109880579 -0.230854564218158
0.021342863766982 0.00166961017972846 0.0487495037228468 0.194552634883816
0.00826177950668777 0.00496386494247762 -0.161259717907337 -0.0192530230092784
0.0249706328927168 0.00129423536182581 -0.099169864111994 -0.429436073943085
0.028074426964135 0.000729342332612825 0.450918523872724 -0.394265185065381
-0.00702460366475808 0.0298799681489654 0.751699282761061 0.338320437432381
-0.0371922672393123 -0.0157604607846248 0.0176082463987703 0.931686183861643
0.00749098469136846 -0.0349345468634181 -0.485557558541662 0.466775064795935
0.0151086693784377 -0.0222613966818388 0.0750551739109522 0.0616229191677923
0.0204946024965153 -0.00568154669218918 0.420100065835679 -0.592303677313212
0.0132999570881795 -0.0299576658221085 -0.337524039709656 -0.877140100086562
0.00353041224316104 -0.0371032934756626 -0.855357601625912 -0.0433020304754735
-0.0139928153050856 -0.0245615454679919 -0.275804026309158 0.585233039844463
-0.0126620661108298 0.019088616622915 0.246619818575231 0.344227035416492
0.0190639528323071 0.0350161682292423 0.200553290859572 -0.0542784865441737
0.0414906645085111 0.0187370333804641 -0.0483124600882553 -0.229393837234192
0.017113029812504 0.0064611714209306 0.0423270888453179 0.196144927287509
0.007762574367409 0.0087634699895017 -0.166299577230206 -0.0210821281431801
0.0259767785016849 0.0024997005517083 -0.101827899311438 -0.432934737060664
0.0375298662327576 -0.000196510845822666 0.452790898538566 -0.402894948840874
0.00761420847424602 0.0373896690949476 0.755448601501698 0.330196283572949
-0.0316387259625785 0.00332404331729479 0.0211684054725827 0.923937908002613
-0.0112372663614772 -0.0127153421768298 -0.47078060505376 0.458690013627465
-0.0106672282991245 -0.00296780192974431 0.0897058218005032 0.056438365737699
0.0111130480412169 0.0170569133550216 0.429574312813526 -0.599870354438082
0.0258669651596813 -0.0158339060638065 -0.332812080789611 -0.88770093939973
0.0167435280898415 -0.0358678070436353 -0.850716617084234 -0.0544308768688123
-0.0102931682006104 -0.0240460501659948 -0.273711358884672 0.57677622266713
-0.0115939332615707 0.0218854819389163 0.24481389296766 0.339667348887891
0.0187603093401797 0.038945165106226 0.1967755952335 -0.0534903965958977
0.0373901312583729 0.0239353952302329 -0.0520828180282716 -0.226796382534167
0.0101358770454597 0.012712104469421 0.0369510964302469 0.197075536590701
0.00500627526516648 0.0104079698280812 -0.170482684153364 -0.0131938144010179
0.0244939442830043 -0.000170803782153112 -0.111912124459229 -0.430062760710509
0.0457712493955663 -0.00526599973631987 0.438848221090519 -0.41758814712711
0.026495336746762 0.0449770736102289 0.767480749259167 0.295139204553176
-0.0243639600161456 0.0287852840117873 0.0560527766945094 0.909238332684242
-0.0317488099613192 0.0127699796480699 -0.454112641392362 0.467708126600088
-0.0382218442191841 0.0156744323006328 0.0901188104455908 0.0600175777951655
-0.000341768181173737 0.0439033332480709 0.45173036099509 -0.59085523167223
0.0381820049906144 0.00399872842945643 -0.295526349083125 -0.910760284899059
0.0333409600708414 -0.032869379658995 -0.849071926333473 -0.0954433286902818
-0.00470502399160423 -0.0285669362733176 -0.290821279849682 0.563767938739667
-0.0130160137932113 0.0202047089734013 0.23414499384357 0.346055114740941
0.0144066753207126 0.0409484823605154 0.193784051092035 -0.045164339199639
0.030084665060759 0.029783282412519 -0.0556792470676151 -0.223057562760005
0.00219243478964164 0.0191805784178726 0.0336321572201481 0.199500917101156
-0.000483965979810795 0.0109389474412185 -0.174961337961 -6.23876704204313E-06
0.0206198469282752 -0.00676105756236497 -0.13098199291842 -0.416524996044315
0.0533993640718914 -0.012605661125175 0.411828063421211 -0.442043169292983
0.0458717706555338 0.0497844362123456 0.780961588586624 0.239567051663789
-0.0147651001591135 0.054739050194647 0.117199200447122 0.890227703343673
-0.0497903208955897 0.0387771507323957 -0.428510803276803 0.485002322578763
-0.0653623221325066 0.0319782992035435 0.0794124752606529 0.0720578369470662
-0.0158776491436463 0.0690354981304228 0.478420975435174 -0.568402926324021
0.0476228212221769 0.0266807833293764 -0.234817078374351 -0.936367317728472
0.0506606485433863 -0.0265089091744361 -0.843295875970924 -0.158319004121787
-0.000742509496975775 -0.0349848141252369 -0.324470764176131 0.545593727177029
-0.018526013016164 0.0159672722435634 0.21693798886637 0.362212134346707
0.00590779604941743 0.0407515912347962 0.19315644077332 -0.0297966059382901
0.0207576667444423 0.035113217154248 -0.0576095698680812 -0.220047589149319
-0.00524562717671192 0.0226803133841184 0.0313899486131551 0.201100929705398
-0.0065635113756797 0.0098648942342369 -0.178171046497228 0.0206993694758868
0.0122323065044763 -0.0151513855056827 -0.156546124750011 -0.399672535120793
0.0585885677154423 -0.0235060671770208 0.373655059457833 -0.463903772667551
0.0620760151268656 0.0514178733936534 0.792629391731128 0.167987675022746
-0.00443048826246132 0.0758431855289939 0.186493427797045 0.868343734129653
-0.0601172419029406 0.0596271279618206 -0.402786348483427 0.514804367904585
-0.0862176593758907 0.0431040075646354 0.0574797728454728 0.0886188931416809
-0.0316618204196422 0.085617076460157 0.503840550393704 -0.530916239453326
0.0493664837318118 0.0503569644931397 -0.155746785728013 -0.960872865071219
0.0658394054994183 -0.0190017936304203 -0.832661469496546 -0.234979330954821
0.00657319829516714 -0.0434123061411467 -0.370982451049398 0.525268729274734
-0.0239949323142348 0.00570868583935476 0.193156642965509 0.386359403409621
-0.0024981040591619 0.0383212926114008 0.193559966979162 -0.00990742749302501
0.0121653454939378 0.0372881533276349 -0.0574497458943133 -0.216825913962837
0.0204578045155595 -0.00748046429979971 0.0585231577402679 0.19766122856217
-0.00379854030690797 -0.0123047273395876 -0.158929698470197 0.0169326107512847
0.0124130898934199 -0.0237619458329276 -0.146611040954795 -0.38810543233764
0.0214577176363747 -0.0146263549775691 0.38130198884656 -0.428196307248693
-0.013540610138491 0.0278076814715714 0.776938358041403 0.208829268676789
-0.0498839962521162 -0.0178199762865132 0.16586387517868 0.916433177493589
0.0178280580778548 -0.0647633332904983 -0.466929528040185 0.555813466429696
0.0431668497671067 -0.0528343196150776 -0.00859200862957996 0.111059470061882
0.0293494692845554 -0.0334960763530359 0.44936594996819 -0.501820756677893
-0.000880001675272427 -0.0337158549239013 -0.20096353236371 -0.907472279675603
-0.00509385061099983 -0.0340737988743298 -0.852195176718512 -0.161906652560555
-0.022147502533588 -0.0408094233325597 -0.370858760732981 0.577009957905796
-0.0299731494267628 -0.0037907337839705 0.206536055574748 0.408538382037124
0.00100355499151506 0.0204964389309842 0.210947308425634 -0.0101563866851648
0.0368234136509099 0.010504568132913 -0.0372437846995068 -0.229037450855795
0.0224546157267056 -0.00696572922466153 0.058179753015725 0.195037076701614
0.00070116904852147 -0.00682274107440359 -0.157444386616804 0.00180245558115825
0.0177103376892611 -0.0133460551227744 -0.12630208898654 -0.403245311759958
0.0204419484878448 -0.00662229519741531 0.408711538371426 -0.410382729969378
-0.0176585934018893 0.0265279203223942 0.770749491176899 0.279520541654081
-0.0477723548178359 -0.0280971842411949 0.0963535218876637 0.935168094846392
0.0242716137665804 -0.0637049114950809 -0.484418566484575 0.520799781971972
0.0427927697036069 -0.0487926093647614 0.0224473197483997 0.0902064631507721
0.0290776582195084 -0.0321803956134062 0.431921385577816 -0.539619195030785
-0.000921088600008509 -0.0396452109909789 -0.271670332476429 -0.890117355139838
-0.00828418150107908 -0.036300204971834 -0.86252127301718 -0.0993438206325106
-0.0224519943415709 -0.0335149582884731 -0.329884097609134 0.590592541104147
-0.0227305284483387 0.00568912597529064 0.227862559477573 0.385643446569533
0.00925933215012447 0.0254860692170824 0.21033342714716 -0.0302599931424348
0.0423494009974929 0.011504597323375 -0.0397637106659565 -0.232951898561034
0.0233241568357058 -0.00424086590287838 0.0544925935763464 0.19488111982263
0.00623409458399118 -0.00111664219936655 -0.159436219762955 -0.0118350031381436
0.0222759669697186 -0.00430471273365902 -0.110348875976172 -0.420155789402269
0.0236096172610569 -0.00236973631626341 0.436758230490786 -0.399795880128098
-0.0157505001102985 0.0269696950065308 0.760390316284729 0.321863855563989
-0.0426716893124298 -0.0276628806964526 0.0430528242844989 0.940210806538777
0.0198979779382834 -0.0539957434614656 -0.491589561873165 0.488403766158969
0.0330418291737957 -0.0385369253272735 0.0523161369509528 0.0730381434129349
0.0254624922703573 -0.0230889058316261 0.421590488871212 -0.571033521618893
0.00338340604225674 -0.0388607428597632 -0.317584515720255 -0.878722423472804
-0.00551728183950283 -0.0376052520633716 -0.860750694617597 -0.0554325927700515
-0.0191057319097101 -0.0273225801029831 -0.2942726714285 0.593627542101504
-0.0168589581524818 0.0135833116680889 0.242789141769462 0.361045245143266
0.016357427764294 0.029619696146551 0.205246271797279 -0.046279754541206
0.0442542951096638 0.0145728465978492 -0.0444701351118321 -0.23256076033519
0.0211835709609649 0.000765424965165291 0.0491192552784988 0.195067595801781
0.00671279908837872 0.0053677452863256 -0.162562990937234 -0.0199397104280633
0.0247789612064345 0.000978334258783558 -0.100216099374301 -0.430518787456927
0.0295710138332069 2.4166804121659E-05 0.452919538929579 -0.39789580046344
-0.00658547166103238 0.0307553132252729 0.755257964966873 0.33713503079584
-0.0375529429638582 -0.0166683848077915 0.0191653716635967 0.937535450516711
0.00733843623917729 -0.0364813986144682 -0.487294149072855 0.46942852318882
0.0151586051816481 -0.0220199261396437 0.0755482296380306 0.0616992843963625
0.0199806197891476 -0.00660647954584149 0.422118411075314 -0.594253904424731
0.0130899320065388 -0.0304031791526044 -0.3423140558934 -0.879693233136613
0.00403319245979394 -0.0367009310622371 -0.856949764293268 -0.0420135736942759
-0.0148033782848516 -0.0245443960554588 -0.274737152308053 0.589725889754162
-0.0124467050729236 0.0197221444337442 0.247657539492381 0.345248167753393
0.0201953055332394 0.0347357697341812 0.202142825636285 -0.0545021382194964
0.042624513388529 0.0186367478802758 -0.0484900531736476 -0.230401094616843
0.0164560946727546 0.00637403364630328 0.043837725663559 0.196801054191115
0.00734531853115574 0.00922497459419329 -0.16721337112999 -0.0206451650358701
0.0257613806045901 0.0032255884234614 -0.103108903989795 -0.435927291335821
0.0374061665104613 -0.00045963389625912 0.453892835655387 -0.40691186709189
0.0086703690331384 0.0386990575592392 0.7598364722268 0.330353760353076
-0.0317528455534479 0.00370838071148648 0.0236275441262623 0.930044177961604
-0.0111144147892423 -0.0131214324418514 -0.474712287324336 0.461824761562999
-0.0101410867058616 -0.00399085996785879 0.0893397776548967 0.0567397056599635
0.0114509188522202 0.0173241350951303 0.431909815263727 -0.601007275365229
0.0254844523014727 -0.0160294012230911 -0.334553837981968 -0.892021129791699
0.0170772730576986 -0.0357819362609196 -0.855644308588086 -0.0552128133914635
-0.0102584356396465 -0.0242794144924345 -0.272215247121717 0.579472610029512
-0.0115784176161587 0.0220093408692947 0.24793159426318 0.339626080953207
0.0199288976947294 0.0382404003388911 0.197179024550527 -0.0548248453521252
0.0380104520226209 0.0238347564148832 -0.0529726932726439 -0.228128649007052
0.0100766014111955 0.0122500427268647 0.0374433938296281 0.198726136719494
0.00500393698385548 0.011707102511741 -0.170872659302269 -0.0136503034814576
0.0249399869825575 0.000432790999885864 -0.11408139679142 -0.434117320867877
0.0459908043764019 -0.00540192040035343 0.439492125041468 -0.423167377650026
0.0277274819030587 0.0461435024569031 0.770356203989286 0.295960104583521
-0.02376000007518 0.0291273573549055 0.057465649683161 0.913273385635608
-0.032541175112936 0.0124580296503566 -0.453443535962196 0.468670211626786
-0.037913507432697 0.0165259855367933 0.0914168924550729 0.0599490673685007
-0.000371147495547867 0.0432659985017241 0.45317563561377 -0.593609170165661
0.037447557198827 0.00343357610974396 -0.29926278417151 -0.915482580638677
0.0333296115365745 -0.0328481834705462 -0.855404260490815 -0.0937621846548356
-0.00492542241009287 -0.0274725756477879 -0.288809264463962 0.566607808541057
-0.0137649959005 0.0209959748664562 0.237189322644847 0.347980290780746
0.0140928421880296 0.0407404337926183 0.194534350787867 -0.0467671057607736
0.0307005191933277 0.0297364574883574 -0.0564454094630676 -0.224237985360363
0.00107068691900596 0.0179935782349961 0.0342336733722885 0.200992509279058
8.61233576032218E-06 0.0112619248991414 -0.175238422589382 0.00127812609419395
0.0194868424896105 -0.00639248631720731 -0.134189953077699 -0.420544851524993
0.0539910849431827 -0.0133382541933891 0.412295571939553 -0.447739550066834
0.046625817486206 0.0514403418187279 0.785827635185207 0.237280253862927
-0.0145355388931212 0.055380780336511 0.117496529502542 0.894966235999905
-0.050336248185214 0.0387215030845607 -0.429765516630937 0.488742454154375
-0.065911762591359 0.0328470450528133 0.0802243933256339 0.0707894384651675
-0.0157306317703482 0.0679991271010464 0.479117161345625 -0.570400776428018
0.0464458425356359 0.0276782231854838 -0.237747898225331 -0.939601158007005
0.0511804897470725 -0.0272288075643309 -0.849381508242868 -0.158594457417441
0.000297100187779519 -0.0350405731541977 -0.324702482869579 0.549553643137096
-0.0177033129491101 0.0150244766852089 0.218232432312237 0.364006580108524
0.00681912367050494 0.0403739001352406 0.194772290109534 -0.0308245896902793
0.0210150589301863 0.0338921267804578 -0.0584769380630984 -0.220093801599939
-0.00599297022500693 0.0227299314476065 0.0320405605090439 0.201537034622746
-0.00688866013394063 0.0104633254745001 -0.178958334080132 0.0205078772479499
0.0128580792588013 -0.0150420153945104 -0.157799525519176 -0.40008275250847
0.057747934379072 -0.0243340709031555 0.373856846744208 -0.469901710985963
0.063038159800546 0.0527383465247306 0.798279108445077 0.166597717686209
-0.00423969830157973 0.0754098469525114 0.189851722390685 0.871836250608531
-0.0598730845541852 0.0593709215846287 -0.404170408461715 0.517807305205205
-0.0871053908687982 0.0434525688647994 0.0569089409913597 0.088934055999936
-0.0318557246467357 0.0852832954237972 0.503099159166627 -0.534160309365075
0.0508821504358281 0.0503460659430126 -0.160117819645912 -0.96368968018203
0.066074131055009 -0.0193355899483617 -0.838201125906319 -0.234772526377067
0.00616115888698644 -0.042946519771471 -0.370902144394099 0.529049266536397
-0.0233148765914165 0.00590800550709575 0.194428108514093 0.387076167633038
-0.0019926680256159 0.0376500695162053 0.194164275214434 -0.0111962062898168
0.0119451152911565 0.0370529656473491 -0.0584469862726737 -0.21675274805115
0.0207688662426245 -0.0077277398738139 0.0600645477109522 0.198542681844797
-0.00437078338722727 -0.0120264097292049 -0.159698509518519 0.0173248714284968
0.0131535594404679 -0.0243250710723008 -0.148999393596567 -0.390727231719152
0.0220272663363493 -0.0148445711970407 0.381062331159459 -0.43396105947215
-0.0130736790408568 0.0292218289650198 0.781740420777638 0.207290601919849
-0.050468809186675 -0.0182651628821452 0.170251564090088 0.921037792710378
0.018155864403423 -0.0647507124560115 -0.46864954164642 0.557748115063713
0.0429809116388034 -0.0532283662685627 -0.00754821779407582 0.111352713595992
0.0298257168043167 -0.0337109458786668 0.448440600673063 -0.506069857175758
-0.00227898881738982 -0.0338361120740459 -0.207041293160645 -0.912517476378475
-0.0053657697948002 -0.0339966854716988 -0.857854019608858 -0.159196232453249
-0.0229745872356908 -0.0415145140877233 -0.371256600109382 0.583438861430236
-0.0299454321117275 -0.00387563196998249 0.210993283600156 0.409066994275449
0.00130690020562282 0.019989461487246 0.213038581985588 -0.0114797562281505
0.0367908150164166 0.00972923872986301 -0.0378899920636272 -0.230226643875397
0.0225037814802632 -0.00729144002480994 0.0600245337221508 0.195253415080127
0.00165191946344574 -0.00626460932351644 -0.15824327899174 0.00203760582761736
0.0177686956078062 -0.0138126789136524 -0.129428253239437 -0.40502036547407
0.0210656824213302 -0.00734902456985569 0.409073955845653 -0.417361392519308
-0.0176553605028538 0.0276182070662224 0.776795692415587 0.276623233540475
-0.0483146060199379 -0.0285795349552868 0.100733653517924 0.93991067588633
0.0235542697613411 -0.065310287050557 -0.486060406721692 0.523124998746781
0.0434535580611582 -0.0493185984414816 0.0235780371016496 0.0906151486611825
0.028576605672983 -0.0325373297502661 0.430988991398031 -0.543700205895335
-0.00152675726966437 -0.0398121627237548 -0.275873855542684 -0.892579438853844
-0.00834430482104599 -0.036574278382383 -0.865950209056786 -0.096908507500119
-0.0225546375747181 -0.0330560209229573 -0.326903543811698 0.595091513853319
-0.0227135015169295 0.00562408452857262 0.231634875953071 0.385456030458969
0.0103119438963424 0.0249655338211074 0.211842750701375 -0.0311239517463954
0.0426744787118445 0.0110236365629222 -0.0402237045070413 -0.2344253073086
0.0231167502209259 -0.00459116184807741 0.0555046273587061 0.195945238999571
0.00501928519042236 -0.000576643630888682 -0.160215756545725 -0.0107779900873855
0.0209285709567417 -0.0049975840003924 -0.114437337941773 -0.423325696957166
0.0233870699729023 -0.00232649459764857 0.435207722762549 -0.405416410695241
-0.0155271331747769 0.0285903284037122 0.765339670280221 0.319481985795682
-0.0432784625859869 -0.0276183385779077 0.0481161140873499 0.946018793693097
0.0205908672114484 -0.0548045383431844 -0.492485562274123 0.492802159176455
0.0341064448057528 -0.0388491291870558 0.053008737948173 0.0734982752216162
0.0258308354554132 -0.0240656879979728 0.422248646580029 -0.57598995595624
0.0038213553798334 -0.0388218642945753 -0.324025055137487 -0.882603483770181
-0.00561139042999817 -0.0369292874494418 -0.865231564582021 -0.0550617333876135
-0.0194968570976292 -0.0279503780427153 -0.292902433904632 0.599400225293109
-0.0166348603772583 0.014387049363324 0.247902376313627 0.361327645330732
0.0172466339110568 0.0296327627999682 0.207174723342986 -0.0468479347868221
0.0451092314136918 0.0144444862833894 -0.0446021866625816 -0.23290762618633
0.0210199546286015 -4.71588403991741E-06 0.05040742387679 0.195846203049709
0.00748115706457652 0.00482576900940359 -0.163189050226758 -0.0186499653597859
0.0245260094724868 0.000640606633990477 -0.10621531564802 -0.434370256187148
0.0293073690052344 0.000225915416490344 0.452800401185669 -0.403433807964397
-0.00601032397940758 0.0316601393612096 0.760204683716279 0.336861647590099
-0.0377713727042616 -0.016870781576155 0.0210140975841287 0.944238221194384
0.00792262851913352 -0.0366346033260259 -0.48939715431071 0.472757681404455
0.0154398251838802 -0.0231580334071944 0.0762228253777199 0.0612642554304519
0.0200512904194074 -0.00584204724914879 0.42048061486199 -0.598352347123021
0.0126413946015841 -0.0310072384762967 -0.345652438842235 -0.885129466925431
0.00288918436973342 -0.0371073278905342 -0.863395955381123 -0.0375318466175643
-0.0149514109220883 -0.023813651875623 -0.273147490716901 0.593137793546047
-0.0115509039083571 0.0201815615863667 0.252932084380887 0.345509528262758
0.0206116041391373 0.0344823017909279 0.20234440471273 -0.0567687625965667
0.0435928745835711 0.0182355550404204 -0.0487995357801992 -0.23236071387924
0.0155013159782432 0.00660425414189573 0.0446268472843173 0.196754970674404
0.00795344800520389 0.00932113410856058 -0.168416485464365 -0.0197873970090576
0.0257721571583879 0.00232720057896701 -0.106636139828519 -0.438118119278729
0.0371941289084125 -0.000779270572192594 0.455446008671144 -0.413197346038098
0.0102541781705584 0.0382230890800413 0.763805829560138 0.329722127793342
-0.0321150139440892 0.0026987917931271 0.0250096896220727 0.934721329178923
-0.0105766893831822 -0.0139334935921448 -0.475429473154772 0.464797715305951
-0.0102293301222791 -0.00372889428690732 0.0906800838401108 0.0560201975034128
0.0111253033037272 0.0173312544216403 0.431801775149535 -0.605076899972081
0.0252599460138652 -0.0159541940984114 -0.340808011885828 -0.897144140851342
0.0173914900182108 -0.0360963584878806 -0.86005766889387 -0.051696414039267
-0.0100577231909866 -0.024037609800648 -0.272078066992345 0.585129611211618
-0.0109194215914789 0.0234677928892317 0.25104128178589 0.340631452681647
0.0198647020482167 0.0383250005961997 0.198544706156909 -0.0558427338686096
0.0385460851023032 0.0233080264199658 -0.0532441691346057 -0.227787568148815
0.00954495945585615 0.0119652540919045 0.0397947938930503 0.19899134446978
0.00487978374748618 0.0115710130919006 -0.172447434782829 -0.0130141557872396
0.0237963601470306 8.83288068757558E-05 -0.118222333984884 -0.43550508323774
0.0462150574205241 -0.00601780595672883 0.440832407321855 -0.42964160426905
0.0287599638960045 0.04638131432577 0.775361045378057 0.29336232037678
-0.0246033483744581 0.0284920965348208 0.0609774461614774 0.920322969542701
-0.0319885985277971 0.0117000712424537 -0.455697889675408 0.472723400275996
-0.0381590677406035 0.0156889113012435 0.0925081784929656 0.0598596433586436
-0.000341661714990622 0.043559482634388 0.45472800491327 -0.596778787412016
0.0373615162549489 0.00358690195834394 -0.303583815290281 -0.919274306407462
0.0337693437202447 -0.0336087630331215 -0.858048356897346 -0.0910398636450867
-0.00597631772374425 -0.0283116692209265 -0.288844879319038 0.571861658309826
-0.0141352884138917 0.0204766816151033 0.238146424370862 0.348427979033047
0.0156571692564721 0.0402087733524003 0.196621116657623 -0.0474390664589846
0.0308315516541254 0.0290254753670017 -0.0579641157373092 -0.225319050018885
0.000976158028928616 0.0172830005843437 0.0348375649730594 0.20089420432228
-0.000555435721250781 0.011464440636334 -0.176965391212645 0.00151294192226012
0.0193413835136792 -0.00628235415385985 -0.137569316241916 -0.423277573363026
0.054549758878819 -0.0148438025509062 0.411774833318629 -0.452303851556668
0.0490230809692461 0.0518770998626234 0.791759655073163 0.232136409460195
-0.015170962782405 0.0549623773409559 0.119904626200799 0.90060169330416
-0.0506513587865354 0.0380225579624077 -0.430530536443208 0.491977560508047
-0.0656494708523874 0.032925188371346 0.0810645405646953 0.0713585586883605
-0.0156454573461491 0.0678044381417032 0.480412275032375 -0.572636343897775
0.0473429772300707 0.0267521312778663 -0.242851740814817 -0.945259553138953
0.0509578630198408 -0.0278915555475525 -0.853974781856614 -0.156343811405739
6.17006698352546E-05 -0.0354429041517026 -0.324343001971994 0.553322401329161
-0.0187442750694201 0.0153084503712323 0.221567128233901 0.365835498111216
0.00773181113301573 0.040737493332468 0.194702070005804 -0.0322337962363209
0.0209939704128369 0.0335854121555146 -0.0591978054285758 -0.221575511550152
-0.00619486789200312 0.0225793669942053 0.0326524589306996 0.203045963775541
-0.00712777850527433 0.00997359386847816 -0.178806406820844 0.0209131881114264
0.0122208187101222 -0.0149030992530903 -0.162620060355971 -0.402437820810658
0.0570769198160985 -0.0243718727295778 0.374543923984927 -0.474531139700463
0.0651072500633049 0.0525721939049886 0.803709663485483 0.164120532447934
-0.00391919930836151 0.0760532058606655 0.19272615346195 0.876817327506761
-0.0599777530461681 0.0593568134522176 -0.405518868885164 0.521578635188709
-0.0863592170640406 0.0449375465788254 0.0582154170891189 0.088777889929944
-0.0330603226719323 0.0860432991189719 0.506789034005782 -0.537361998340659
0.0497045645333611 0.0506036926384091 -0.164237048247362 -0.970494796986658
0.0667662130844486 -0.0198648993841759 -0.843439724835824 -0.231765171614655
0.00655567593655912 -0.0431924893802759 -0.369353367932107 0.533603383284223
-0.0231699124247349 0.00565449811989101 0.198018808600797 0.388687706291507
-0.00170559294635052 0.0383018473033996 0.19513652225763 -0.010998240909613
0.0128714908141253 0.0368344966402573 -0.0582794890322163 -0.217567990488355
0.0192301866566556 -0.008591754188454 0.0614732686357864 0.199478361715598
-0.00527717270521256 -0.0112769060231635 -0.160290188708872 0.0193863245614705
0.0121410342835311 -0.0243481495915921 -0.154024139049816 -0.392721213324241
0.0216350499155402 -0.0155491729482767 0.38012455290732 -0.441746803741647
-0.0117578577649891 0.0300867653469366 0.786639058674278 0.203409866730958
-0.0504656995204946 -0.0188029143988384 0.175028388047324 0.926852924900753
0.0185571082126025 -0.0666684105592876 -0.468415909537642 0.563576481129477
0.0437609902578729 -0.053311250797209 -0.0074916127239707 0.112260102855178
0.0291129375213028 -0.0338480959031083 0.448708148380286 -0.511646870859008
-0.00209999766908584 -0.0341244790662916 -0.213559225159021 -0.916232789828746
-0.00541008209657638 -0.0346080125446431 -0.865632648125271 -0.155544080269751
-0.0236171925394644 -0.0405876151915734 -0.369682119262261 0.588999954784804
-0.0299681893424396 -0.00314499750915806 0.216207948896876 0.411265356976139
0.00249154901153428 0.0198511567909045 0.214296750597476 -0.0128497070728526
0.0373080043181512 0.010127711329535 -0.0391759121232982 -0.231788122823828
0.0225441415035812 -0.00802868326643057 0.0619005125343665 0.195995607206432
0.00104205448476632 -0.00576218092536564 -0.158454251903024 0.00428617671624728
0.0172699939903571 -0.0146139393776684 -0.134483128448525 -0.406887717750463
0.021052182582286 -0.00716909918285015 0.409836076588145 -0.423278872745932
-0.0165661586189186 0.0279068449391471 0.782172751254841 0.273975836349121
-0.0494374881401332 -0.0287446670655588 0.105821767962096 0.94666384996626
0.0235316655646519 -0.0661072317276404 -0.485520464378076 0.530125267769671
0.0434933196272594 -0.0493335386110423 0.0241323702780743 0.0907264736701501
0.0292190960314542 -0.0337102531602446 0.430238912156895 -0.547671584550219
-0.0021983940639218 -0.0396526015770073 -0.283443091834358 -0.8987783899348
-0.00780155457165457 -0.0373031902849012 -0.873365169612104 -0.0921363210808031
-0.0222723987761793 -0.0335476452031311 -0.327105250521463 0.601799206111407
-0.0227854694489199 0.00610757357570485 0.23615612453513 0.386437462675218
0.0108244913478907 0.0250648391009526 0.212771357757351 -0.0318392205959441
0.0435688005637176 0.0107687306696264 -0.042043185601365 -0.234792731717195
0.0220180736872313 -0.00458803291109889 0.0574255398182466 0.196020897851827
0.00474549912555946 0.000302664608346439 -0.161816326133285 -0.0103409484964536
0.0213164523149577 -0.00545991555731417 -0.117302571173735 -0.424473972542885
0.0243240931130025 -0.00251432055408134 0.437164418001984 -0.412698583218063
-0.0143045576327967 0.0288176425034247 0.771717093887348 0.316357129677325
-0.0441895119093423 -0.0290963795087156 0.0521765952055859 0.953432290441924
0.0197937274761229 -0.0560205634633979 -0.494941391556002 0.497951785327043
0.0335424091782173 -0.0390126491146623 0.053371668647508 0.0742523046116668
0.0256705804983676 -0.0244301928344077 0.421662514270184 -0.580926991773284
0.00260463478328923 -0.0383355680772396 -0.33073317730113 -0.887590423762398
-0.00572368199547818 -0.0381940225937753 -0.870332687222504 -0.0470457962059036
-0.0194058370131586 -0.0267779074788515 -0.290913710004895 0.604267896002899
-0.0162775190928528 0.0149256509495849 0.252024061656753 0.361982636268056
0.0178999916286395 0.0289365099023038 0.207999834365008 -0.0485405352525514
0.0457956685215617 0.0134501925057889 -0.0462786890188956 -0.235261662220195
0.0203109356154884 0.000220783823935377 0.0531532200040314 0.197216106122579
0.00758514383328481 0.00598198347527622 -0.163501975059308 -0.0176653692525744
0.0250810926392094 0.000909063645818744 -0.109576303801674 -0.436580192793181
0.0289219175133895 0.000254718201968486 0.451969309182396 -0.410851478778513
-0.00416848840303693 0.0320159075762967 0.766750298826847 0.33207228188815
-0.0388869852531925 -0.0169410636095024 0.0283057437429351 0.950543075157828
0.00819553926640216 -0.0374035072689481 -0.488927584690132 0.47891987383306
0.0155959102566185 -0.0226859409929563 0.0777097948503845 0.0616446699174268
0.0199330843190794 -0.00690236985970367 0.421136564127369 -0.604304460402154
0.0126158531314472 -0.0301549067482503 -0.353331017775631 -0.889313259527598
0.00293941875097948 -0.0375951325358921 -0.869606613483619 -0.0346248508276368
-0.0155532308006028 -0.0243078714236394 -0.270515012657515 0.600101573946787
-0.0120166749970594 0.020496978859525 0.255946888801333 0.347342830518929
0.0217528117224973 0.0345044275583506 0.203899194442328 -0.0573797822582069
0.0444882259336163 0.0175455871278746 -0.0505715823213237 -0.23384028124658
0.0159612203638176 0.00521143608984276 0.0463828076066166 0.198825493227886
0.00713989678656917 0.0103367069929464 -0.168121018253353 -0.0182977939953244
0.0253793561974786 0.00240487029956045 -0.110091712924789 -0.441810271283153
0.0386041780962283 -0.00150443471231426 0.455139345546409 -0.419848131854963
0.0101821066130506 0.0391349775218191 0.770379662286836 0.326339697774263
-0.0331287396690867 0.00288293658476655 0.0319453521235816 0.942516897337027
-0.0105813374127126 -0.0145204733206153 -0.477124953232186 0.471725480307068
-0.00982064746365318 -0.00333344574263565 0.0919294303704063 0.0552277013652737
0.0111890318076018 0.0170525844654712 0.431019980042891 -0.611880417937196
0.0253562426329917 -0.0164898789229372 -0.346915126690472 -0.900465326195352
0.0170456186821563 -0.0368108543869827 -0.866380608387282 -0.0459924513577887
-0.0105064562182265 -0.0237908670931406 -0.269024623688196 0.589434358138645
-0.0101230499297552 0.0233094199817803 0.255618424968182 0.340740983020763
0.0214191389389927 0.0382818185029082 0.199839020022016 -0.0580409275575016
0.0403250348011659 0.0223355299047925 -0.0561200676371978 -0.230728406451708
0.00919386006305927 0.0120154419370531 0.041026972461097 0.200438962037504
0.00490229021363838 0.0118181564750944 -0.172859434156839 -0.0120042555571674
0.0245859321738826 -0.0011169194712948 -0.12131031339464 -0.438587521550943
0.0468937650967813 -0.00684822761992079 0.439959270884053 -0.435207389158202
0.0304307409104103 0.0465256068818548 0.78153848788296 0.288838508369769
-0.0245513673265302 0.029187875576118 0.0669428927263997 0.927287567230843
-0.0324309885762936 0.0122131908470272 -0.456800314144757 0.476921031225305
-0.0385110757590965 0.0172379311223303 0.0941230508559636 0.0583405540677608
-0.000676424403214287 0.0441185907194205 0.454311308107445 -0.603265893023985
0.0376934867848147 0.00351763146677595 -0.311576653220046 -0.92456468413691
0.0333053948303275 -0.033816164963382 -0.864836965724213 -0.088137953160536
-0.00539086333855351 -0.0272983338678608 -0.285727871422106 0.575691219686419
-0.0131925646930303 0.0217770156562957 0.244300570334525 0.34935599383544
0.0160586596374967 0.0406313539807155 0.196976428004455 -0.0490194770931937
0.0312790795594833 0.0284522304583335 -0.0585300053844486 -0.226713070758556
0.000564256490246152 0.0175577494870478 0.036499601092938 0.201153373535134
-0.00042666791674802 0.0130683376550206 -0.17735590626938 0.0025195094802601
0.0195844325844293 -0.00662325505026421 -0.140867389279379 -0.425462105417649
0.0540494672004496 -0.0144167124147545 0.41187126680702 -0.459697186143371
0.0502469290035226 0.0514532481672208 0.795739153188753 0.229229195450413
-0.0156074362603728 0.0551502297959161 0.126834319083433 0.906805403674149
-0.0493966443109614 0.0376093202779334 -0.430940895078128 0.497333469194381
-0.0652998606726636 0.0340599492529387 0.0819891428956332 0.0707075884854338
-0.0154651159125079 0.0681583001059148 0.47905845516774 -0.579057145482849
0.0467798668656579 0.02815889930435 -0.248239850939699 -0.94974190323741
0.0513747735887223 -0.0279396934008462 -0.86065613388217 -0.152143062188913
-0.000308537399863362 -0.0352158863283997 -0.32290888167295 0.560613871967221
-0.0172794089569356 0.0159866038327856 0.225560218753493 0.366258778715537
0.00827445640172142 0.0405780543010136 0.195956876311067 -0.0329803241614738
0.0216116641847995 0.0332222827490354 -0.060794651907787 -0.222435910466284
-0.00723244838743718 0.022252718619847 0.0348739028046534 0.203212203132935
-0.00734083313374339 0.00999734822277835 -0.179425828704964 0.0230502544990557
0.0121688562958872 -0.0147468153062565 -0.165738661354315 -0.405152438888957
0.0570327072815335 -0.0256310569247514 0.373294451440134 -0.481667492654674
0.0667587042515704 0.0526723929897738 0.807706536337806 0.160801609626833
-0.00293892544704594 0.0763114512265196 0.198190317370568 0.882732851126062
-0.0607170597580231 0.0592035470028006 -0.404920638391347 0.526861132796613
-0.0868012802376788 0.0444990012758667 0.058849651919508 0.0885446285141231
-0.0322909015631125 0.0859574167202363 0.50699918378194 -0.54131432765434
0.0503871458192744 0.0505747183668616 -0.169333068488697 -0.975700755286432
0.0663543617521586 -0.0201481617248009 -0.851931766224323 -0.228868830796031
0.00714269104838189 -0.0428349874271079 -0.367768824348942 0.539913534753247
-0.0238715997428922 0.00614853346410946 0.202719462156163 0.389537535775277
-0.00131308035731283 0.0382436963776488 0.196702092600322 -0.012736825464535
0.012944234731335 0.0356926782518257 -0.0619869274995074 -0.218968028402352
0.0185687800952033 -0.00897487584133371 0.0641387670790149 0.200467756942272
-0.00464035541237347 -0.0108319105308869 -0.160786995394244 0.020285745722926
0.0112113123783857 -0.0247970014482959 -0.159219082320659 -0.395659149204672
0.0219697982678791 -0.0152442238918932 0.380230902297911 -0.448620934027314
-0.0110096133612211 0.0305672363094361 0.792553348875974 0.199215372173533
-0.0517599548085754 -0.0188504958192093 0.181874563511645 0.934260671013984
0.017196865875355 -0.0670189822810381 -0.465863555620746 0.571775411677062
0.0434089867862525 -0.0536934717460708 -0.0066512107489925 0.112655538356085
0.0292338598483932 -0.0352551501717502 0.449564539815135 -0.515739027320819
-0.00244978474657265 -0.0345788532848767 -0.220054394874899 -0.921744275941612
-0.00570713858770754 -0.0348222786154028 -0.872786937302573 -0.151003811053299
-0.0237661453491779 -0.0408709030117019 -0.367130481509902 0.599040024168417
-0.0302560748768232 -0.0027355519260134 0.221639115058107 0.411895283073386
0.00257337093384858 0.0201595443692883 0.215829592865781 -0.014268787822632
0.0384881399774304 0.00930930730284 -0.040987504920611 -0.233591992198378
0.0217786611914265 -0.00817930882939964 0.0634338537463635 0.197084315221633
0.000817042713991392 -0.00531602649632995 -0.159696726639996 0.00443446810411375
0.0168878057430268 -0.0145490461866608 -0.139223068321441 -0.409709025097178
0.0214771023209112 -0.00859244294597184 0.407735862858348 -0.430488285291054
-0.0155665459591713 0.0289416804247111 0.787820022402091 0.268068754622334
-0.049380999652046 -0.0285876795761381 0.111996524222745 0.95243022175346
0.0237985572914849 -0.0666292810366218 -0.485145999808142 0.536842363584578
0.0441173774284323 -0.0498143026262768 0.0259364795527439 0.0913776108916197
0.0283832920281478 -0.0346889902206346 0.429083275499168 -0.553808377600913
-0.0026031057411996 -0.0395340861599341 -0.289988987843919 -0.903419299218539
-0.00930605456108502 -0.0368826809089993 -0.878736829879741 -0.0876789527405229
-0.0233435333038199 -0.0321090539796423 -0.324387516184905 0.608068564530223
-0.0228803503818321 0.00696339287608708 0.242118528569048 0.387408002336591
0.0121762815030803 0.0250324118471301 0.213982532045781 -0.0341919434119072
0.0440390631707212 0.0105123273429867 -0.0446397295917777 -0.236169495109334
0.022272977810286 -0.00586517513312242 0.0604853644507167 0.197467508151118
0.00497443975525446 -5.05794981713655E-06 -0.162316023106714 -0.0087701709600767
0.0212394805348047 -0.0052604020983026 -0.122022868392842 -0.428903796326615
0.0233080091220272 -0.00224050944020001 0.437102789868557 -0.420464555498313
-0.0128791010007095 0.0299559216954318 0.778922482830172 0.31074477642504
-0.0453512800788763 -0.0287280704412495 0.0586739322271789 0.961032796449932
0.020020550246296 -0.0570864354297956 -0.494640293477528 0.503532819304368
0.0345936351731198 -0.0393069028192686 0.0555189565078158 0.0729844674481121
0.0254452635237582 -0.025530096054438 0.419293500827684 -0.586441330094913
0.00280966371592509 -0.0385363984868956 -0.339043185349688 -0.892391999026059
-0.00573925566192319 -0.0381324481389106 -0.877016592924372 -0.042164862493602
-0.0208399787425264 -0.0269487096283647 -0.286622979409577 0.610944563280067
-0.0159462762127872 0.0146704653045838 0.256232038294054 0.363665113863444
0.0191593342384873 0.0290824766424714 0.209918488077966 -0.0508838219801776
0.0466290391524451 0.0131268623046684 -0.0483296067671995 -0.236473596966445
0.0197320593949086 -0.000559102370842941 0.0549219880301264 0.197335445965743
0.0073938974504433 0.00597742308520422 -0.165112451667457 -0.0172662796075518
0.0239359139128081 0.000746394779841422 -0.113167765027383 -0.438927548823826
0.0293294688010282 -0.000282921462369209 0.452332181504423 -0.418975035078662
-0.00297249021640462 0.0329603542871683 0.773809128644947 0.330490479334122
-0.0391304204785441 -0.0174182254521222 0.0341328023426309 0.956834115193662
0.00733319230007047 -0.0397150337881859 -0.489388177213065 0.484484109759517
0.0156202335672321 -0.0236604529617103 0.0790532757365461 0.0613246591704597
0.0197250419312112 -0.00711672862256775 0.419099503061201 -0.610234741862066
0.0122912249881899 -0.0308875414839066 -0.36326501194056 -0.892272561630462
0.00305142095408094 -0.0383813861298596 -0.876087982478824 -0.0287343059287352
-0.0148697934036771 -0.024058074031768 -0.26804763790327 0.605412526227932
-0.011661714229991 0.0204780020169153 0.26120890855719 0.348269925209389
0.0227842103129303 0.0337796719900729 0.204521540107147 -0.0594851078709537
0.0451630263269111 0.0164099295241724 -0.0524433195705663 -0.234372667573815
0.015426035762056 0.0050061670270208 0.0482557534009643 0.198716299229165
0.00696710408554208 0.0100966703959016 -0.169180371068125 -0.0184482635975344
0.0255019881746632 0.00208990042289816 -0.114569407605292 -0.444213663142687
0.0380119832052522 -0.00109281714240569 0.454042508720818 -0.42720867924604
0.0129462133798438 0.0400136833050685 0.777472486513519 0.322150110524969
-0.0336312034394514 0.00280322970129608 0.0377897900803197 0.94876451889045
-0.0114582060036234 -0.0147682315546059 -0.475189982692725 0.475279488242531
-0.00965116077537545 -0.00340186632356643 0.0926535886960436 0.0549782068625475
0.0117868647406269 0.0172205763285118 0.429863065835237 -0.616924124456287
0.0250749853388638 -0.0163904213349717 -0.35674371604214 -0.90390604289861
0.0168544100457743 -0.0371354391996951 -0.872814652911518 -0.0404788215694163
-0.0107431776807552 -0.0240991301042756 -0.266236727125525 0.595604755328412
-0.00987828048018426 0.0231420656747472 0.259777921326959 0.343338135344776
0.0221565729420003 0.0389401970545018 0.20152706503426 -0.0600495687110395
0.0399538651421831 0.0224973603097916 -0.0576806582282724 -0.231954628618011
0.00859060558344778 0.0121639112572483 0.0431218801666932 0.20074018746857
0.00514792136795701 0.0125706097675837 -0.174170200685048 -0.0102292290704977
0.0244091123220582 -0.00106734991404301 -0.126954699660586 -0.441095528697639
0.0471582328803617 -0.00649580485701009 0.439177633062628 -0.44436932226651
0.0318856664811778 0.0473071679423036 0.78919494351918 0.284750248977352
-0.0257512282878524 0.0289925667563195 0.0721767424263652 0.93391278128814
-0.0334735332476844 0.0113117404054461 -0.45726171556601 0.482615058522841
-0.038138650217437 0.0169498653362884 0.0942381706113637 0.0582482920604321
-0.000132844397956189 0.0442116153680597 0.450927235158811 -0.609761592738099
0.0377193314524032 0.00397278316359908 -0.320113280825262 -0.926643948072837
0.0338628546986337 -0.0343990649016704 -0.871580614181476 -0.0826633406407573
-0.00544813518870904 -0.027730715285341 -0.283507968259101 0.584087161621364
-0.0124712126210794 0.0222805728786348 0.249047065110441 0.34974385060755
0.0166177020062186 0.0407308898867175 0.198534201226105 -0.0516245237577252
0.0321843084184729 0.0284449830869814 -0.0607916485340409 -0.228433168567575
0.00101162706940743 0.0172042020251841 0.0385098187687044 0.202942331238105
-0.000903581114408871 0.0128412442726796 -0.178287355328021 0.00438464750901078
0.0189213786516875 -0.00722607028228924 -0.147460728672608 -0.427499222027733
0.0544118913155 -0.0160074158885068 0.410906388969386 -0.46764885490095
0.0517890308936028 0.0522155813830471 0.803497007717021 0.225557407929831
-0.0150306158239686 0.0558868863317055 0.131983615893665 0.913431519803537
-0.0513606279946992 0.0389226809881286 -0.429779360761284 0.503562813816356
-0.0653853269717413 0.0342913678224903 0.0836309893013061 0.0693969956847702
-0.0156077830703087 0.0683703499085952 0.478829606179107 -0.585926328895531
0.0473945581579826 0.0274830826227074 -0.258757268709154 -0.954757712262741
0.0514594815707608 -0.0283078847407143 -0.867333715702111 -0.145814558449984
0.000373820987714744 -0.0350945680138395 -0.320276052615954 0.566703782105952
-0.0177789077560664 0.0169720788433163 0.230657640577111 0.366950345877014
0.00855126321198595 0.0404381669540249 0.19828230787913 -0.0335066614518069
0.023262033459086 0.0323104749031042 -0.0627652572985166 -0.22347320716656
-0.00732130106540464 0.0219414103607464 0.0372061085459958 0.204416706351419
-0.00696109338585935 0.0109383527553433 -0.18075011540267 0.0239980866457385
0.0113364333229278 -0.0160112811932846 -0.170829341354745 -0.407718024291932
0.0572449637746759 -0.0266486519523375 0.372365253660303 -0.489444001925025
0.0687756704595403 0.0529570832979228 0.814196370422311 0.152193392209644
-0.00408008890906496 0.07761203159361 0.2076924417139 0.888412802535494
-0.0611005609148748 0.0594545062912086 -0.40355518458756 0.533056735252263
-0.0867325530415886 0.0455084506560107 0.0604937346764768 0.0888746122365977
-0.0315261883769965 0.0871734846574711 0.50565482383641 -0.548695731076948
0.0509634884084384 0.0506879894667505 -0.176865485824482 -0.980311043869225
0.0670029464862833 -0.0202235592271389 -0.858454771868895 -0.224745913718354
0.00654338076977894 -0.043761203215219 -0.365853975991685 0.546491551835862
-0.0240178642847585 0.00669474543730846 0.20759994592572 0.391500046360625
-0.00144539133903903 0.038191555889985 0.198601630316025 -0.0137798361749909
0.0139458839530263 0.0361400287273337 -0.0631556233855883 -0.220023737288391
0.0184231517114916 -0.00946418430857528 0.0656280362460213 0.201575653070115
-0.00519910898227503 -0.0110596259271655 -0.161628724963615 0.0223813661164701
0.0109190816869356 -0.0253571624001389 -0.164163807147546 -0.395685084006675
0.0219695074085074 -0.015842636933469 0.377432009210253 -0.458415383735436
-0.0089523906243915 0.0316226014813293 0.79958759132419 0.190796752690858
-0.0522465797868247 -0.0178696617874804 0.193582385112722 0.939439684693056
0.0179302157740772 -0.0686966765285032 -0.464967860882337 0.579129269872624
0.0440062641781077 -0.0550104949762234 -0.00504946085019568 0.112610926389921
0.0290853164242182 -0.0355819570495856 0.447324091637603 -0.522683892917919
-0.00358271583988604 -0.0349662402063821 -0.22949037558369 -0.926855949045104
-0.00665257010349158 -0.0344056805712968 -0.881080717127268 -0.142375533122328
-0.0250672464343091 -0.0403752358629004 -0.362163321580856 0.60506466137846
-0.0298419861163034 -0.00253537191767746 0.228547476225169 0.411835131654619
0.00336973982132928 0.0200664189680225 0.218099422632157 -0.018258861509971
0.0387800204617223 0.00868650214796549 -0.0428627767606673 -0.233470760923762
0.0212247311430413 -0.00962810803247938 0.066508641371062 0.196685537936926
-7.54949204905715E-05 -0.00532673118160664 -0.160420188534552 0.0060009487490246
0.0165498877811792 -0.014894787720988 -0.143423400460461 -0.411623065413277
0.0212582817097875 -0.00826374114638969 0.40710094679957 -0.440807919224527
-0.014222431709794 0.0303687827985245 0.795227989454054 0.262587610204712
-0.0507960110087263 -0.029211867521632 0.122477041950751 0.958105571442234
0.0237007484087637 -0.0678965750663339 -0.48466481726514 0.544970666985917
0.0446503249144973 -0.0504564552238146 0.0266486130730415 0.0910147640296971
0.0286103761327011 -0.0347759001799198 0.4267721892733 -0.561751040114362
-0.00292226742382009 -0.0402508380889929 -0.3007672256922 -0.90689025188162
-0.00961323102442528 -0.0374833745519529 -0.885911207181547 -0.0797865710462695
-0.0240781799250548 -0.0317828296494808 -0.318226304449686 0.616500545732202
-0.0222830293281448 0.00706580569636523 0.247734711343426 0.389221507567744
0.0132757380999469 0.025196681609516 0.214900003262376 -0.0367024638862677
0.045411996592093 0.00872755608536394 -0.0466419845506734 -0.237940245971032
0.0220915385315576 -0.00629160572420554 0.0616014519809318 0.197666863561463
0.0051172986141955 8.13503289784495E-05 -0.16341854775598 -0.00806006903209667
0.0201742188432749 -0.00595605382643248 -0.127728607485597 -0.429240262810675
0.0235256617001617 -0.00299344418557309 0.435330614256113 -0.42997970912584
-0.0102784348250379 0.0300946506704522 0.78528265381372 0.305329358125018
-0.0456797775052968 -0.0294247266818825 0.0689982174720272 0.966707725238882
0.0205272291210192 -0.0574476332867265 -0.492420045560862 0.513090549873363
0.0350941357928772 -0.039753644081803 0.0565074278620407 0.0730008793225976
0.0252960160509072 -0.0260040426539722 0.417385881093055 -0.592863409331203
0.00176327189107745 -0.0389749593293247 -0.348108957784291 -0.893977454194136
-0.00664655777665743 -0.0379665528869447 -0.884737801304872 -0.032987323714128
-0.0205597120504557 -0.0258485797276813 -0.281542004820531 0.61910361185252
-0.015882006602446 0.0155915251034762 0.262854082410583 0.363200573289083
0.0197268947292728 0.0283688343986044 0.210603490196148 -0.0533885388206492
0.0467669056082477 0.0120034679653587 -0.0510772151547171 -0.237880842977333
0.0199950957974001 -0.00128926747192611 0.0571249632466599 0.198056203101748
0.00703910920560615 0.0069157829023857 -0.165943237955334 -0.0153417631178466
0.0233561272115535 0.000296036772409355 -0.119843324672292 -0.442213150058413
0.029272026619061 -0.00095424023728503 0.451331113138667 -0.427826885282519
-0.00204530278630519 0.034658957236444 0.782716484299555 0.325528168735891
-0.0401844755093202 -0.0179331764988087 0.0433437548089337 0.965167853062534
0.00734088255297371 -0.0393980354688003 -0.487860505300338 0.491754035809843
0.0157904018285045 -0.023461386631456 0.0797605929638613 0.059821124840367
0.0199650450027718 -0.00738982526000639 0.416747996634385 -0.616466886754809
0.0116634483772564 -0.0308064584115231 -0.373038945234851 -0.895861806199446
0.00318651879017636 -0.0382286379782677 -0.881836231988457 -0.0196263458494947
-0.0158066049451381 -0.0232340878536219 -0.262398633241703 0.613277136905855
-0.011684716896549 0.0204628746894225 0.267416332157938 0.347072952856323
0.0235328446636674 0.0341041668868291 0.205290899647029 -0.0619210797246841
0.0454787474819644 0.0164913170680158 -0.0554524875140603 -0.235484617177604
0.0156005273537116 0.00514550005409424 0.0508635899273493 0.199245467008212
0.00786070815360219 0.0106464456866391 -0.170478265290735 -0.0159507904608019
0.0250424508782053 0.00217487243365383 -0.120579304001349 -0.446171314149663
0.0376120923031087 -0.00219466952035655 0.451228712416174 -0.436030361800242
0.0141916227938719 0.041336615358612 0.784653667640451 0.315916458863693
-0.0333619338929512 0.00317751724653073 0.0448973890046873 0.956388616527432
-0.0119084859112862 -0.0153107597106176 -0.475195655123742 0.483820972451113
-0.00931893480435411 -0.00322323691175812 0.0947507983352958 0.054441905973269
0.011289895796122 0.016245217094772 0.425230112541211 -0.626155760258701
0.0246173086031791 -0.01653998080778 -0.369708388950229 -0.908652308372762
0.0161732983350706 -0.0375989320619684 -0.878866066336373 -0.0327960028604798
-0.0107797928116171 -0.0232571427654894 -0.260742006284832 0.603609832275591
-0.0101784209220606 0.0232854175799859 0.26593565934024 0.3428867769501
0.0236765520200418 0.0383830114388097 0.201269291208786 -0.0620634808997102
0.0404335454833132 0.0216628409298219 -0.0589224404078497 -0.233422213740594
0.0082704393334365 0.0111144569293986 0.0457730245330723 0.20150223358339
0.00495438879113447 0.0128627930755657 -0.175804890576083 -0.00839956501679936
0.0237480734214361 -0.000857958970505598 -0.133174185521853 -0.44272374355732
0.0472656215329318 -0.00827783922364739 0.437358097775516 -0.451464895998583
0.0335755236238921 0.047582213833455 0.794685525753007 0.277323039426708
-0.0259183285899008 0.0291151275244781 0.0819554769658186 0.93970950194565
-0.0329805734186745 0.0113334721208705 -0.454145149595041 0.490372597782488
-0.0376826553082171 0.0174189390497637 0.0962284687668704 0.0578847042405167
-0.000478516543977164 0.0435178696122906 0.448037132152292 -0.617352692350703
0.0375598862723195 0.00337325041607729 -0.331695300304508 -0.931396368630542
0.0334809984427729 -0.03537022257637 -0.87824278628747 -0.0743780830391267
-0.00674521658166284 -0.0270489418721314 -0.280420644561873 0.590183060983194
-0.0129873263195025 0.0219902172347473 0.257274938985453 0.350942388332773
0.0172094110989216 0.0401338935754873 0.199503496291104 -0.0526193925627333
0.0329337232166193 0.0282163031998342 -0.0628091453734567 -0.228969200715883
-0.000324556142358394 0.0164136735374925 0.04101259235375 0.203842569798104
-0.000647370125778847 0.0127753295833259 -0.178790724469604 0.00709901395585546
0.0182345459246494 -0.00725620894805399 -0.153360728141533 -0.429661322742215
0.0550366564827041 -0.0161566717647647 0.407263686858958 -0.476494081211978
0.0540949419669533 0.0528444265251779 0.810359946125894 0.216618172018869
-0.0159202527606228 0.0554716722136449 0.144181446967831 0.919713446703459
-0.0508627963099354 0.0378425262438616 -0.430241589471451 0.50945453226642
-0.065117763406422 0.0344978004940477 0.0847615447080085 0.0698638551989576
-0.0153710609906769 0.0692763357202449 0.478600427910993 -0.593726137909407
0.0481819432542451 0.0270570358276856 -0.269375445215482 -0.959319560766957
0.0507639547649555 -0.0297773971021691 -0.874213988771654 -0.13697150670581
-0.00107299687645868 -0.0351732905186652 -0.31696388174527 0.573285314567319
-0.0174560435279674 0.0163764198848397 0.236310762749179 0.367010362465332
0.00977233768502436 0.0408218213259612 0.198971849503467 -0.0362885840499905
0.0235370968231741 0.032168408013281 -0.0655590120418709 -0.224311857800141
-0.00851677630724118 0.0220764038155988 0.0398168062621608 0.204961595383297
-0.00731325810968262 0.0115748748924634 -0.18045484707805 0.0257209227498143
0.0105860115946222 -0.0146904194065702 -0.177356659286592 -0.407694391788067
0.0572511290731627 -0.0276138543655389 0.366774395474225 -0.497676032695743
0.0698853251882638 0.0531453968350816 0.819678345887823 0.146214152058645
-0.0031555511476095 0.0770792577216212 0.216691196252124 0.893176336453205
-0.0610417743422364 0.0606950820068125 -0.402992128059607 0.538290386038299
-0.0868962887162631 0.0474051292775674 0.0616196227013965 0.0878837310042205
-0.0319243241851153 0.0875870157761138 0.503586919963557 -0.557087236159047
0.0511313488265338 0.0510120828062307 -0.187008075122416 -0.985233956654221
0.0671346604646086 -0.0212033010705295 -0.866488599316571 -0.218175676067633
0.004981754529189 -0.0435462859487471 -0.363885644204294 0.55371997236832
-0.0242425248736405 0.00586259659114161 0.214050580175363 0.393089526646337
-0.000296024917508136 0.0376865062609051 0.199218627546249 -0.0159595222419078
0.0146615891641222 0.0353287771884303 -0.0652289120868737 -0.220662933554866
0.0182007332328407 -0.01071366598455 0.0690273141395762 0.200736151621236
-0.00596453319359027 -0.0105638681547751 -0.162421008941574 0.0246799520495644
0.0101472363604973 -0.0258357479978075 -0.170765120591226 -0.397467808601385
0.0219513795929599 -0.0170791567851024 0.372714626102618 -0.467356326557627
-0.00887074980691742 0.0326490909566559 0.806705857990353 0.183987753853977
-0.0533691649514851 -0.0178229410606074 0.205629963411121 0.943207612453915
0.0168013392275365 -0.0701652685795385 -0.461355907665141 0.588086842667749
0.0443018412140652 -0.0558230030675802 -0.00386283143148453 0.113153100323968
0.0280176796364103 -0.0366689980259619 0.444536726270661 -0.528091815326962
-0.00353036002377721 -0.0346127842891962 -0.241794370013059 -0.930259582932558
-0.00750135533067774 -0.034486953085726 -0.886406234510114 -0.13486080822737
-0.0246920316220898 -0.0403367015353899 -0.356794872362187 0.612365372492534
-0.029934784334169 -0.00223605116403919 0.234722809923205 0.412871836917246
0.0045627917556818 0.0206196746122152 0.219341011885221 -0.0196846478010458
0.0400903425275503 0.00815333077516199 -0.046807399078028 -0.234582378095518
0.0210037468421896 -0.00958898442796334 0.0694987975696233 0.197627726979053
0.000539861387347467 -0.00497258188799962 -0.161694281033262 0.00754045902085062
0.0160535559071486 -0.0153529987351345 -0.150377745999739 -0.413369757804033
0.0215350925141893 -0.00852163078452208 0.404015765950815 -0.448432124764362
-0.0134991761271619 0.030845666139511 0.802469527193893 0.254721354207653
-0.052212591263886 -0.0289651038006348 0.131855125628866 0.965079904646043
0.0217874095764885 -0.0694786141228011 -0.481141058470502 0.551862233085775
0.0444268735968796 -0.0515441088101189 0.0281708047856565 0.0909592002676828
0.0278682814958003 -0.0354281114456836 0.424507358778154 -0.569669284907842
-0.00349548746841694 -0.0401535570661151 -0.312669160450839 -0.908538434367673
-0.0101474836041824 -0.0371051910530266 -0.892690285736453 -0.0682513527550624
-0.0243400961592238 -0.0327240749579783 -0.313564537060863 0.624901327221429
-0.0229166088813145 0.00767563226826409 0.257015998761206 0.386881847147892
0.0140763447833446 0.0240704923475867 0.215866471226092 -0.0406049491163867
0.0453213532607795 0.00806603928192607 -0.0493730576619721 -0.238402374851238
0.0217192278013727 -0.00695546974277377 0.0655024614671102 0.198106753963953
0.00482604509987369 0.00151268696333491 -0.163460944645542 -0.00629584537346903
0.0207964687905162 -0.00584558788109681 -0.134667863747696 -0.432044778895883
0.0241328211335755 -0.00278277727907887 0.432314475168602 -0.440131562313264
-0.0105999551640193 0.03020682657601 0.792411021691746 0.297821349644401
-0.046756342401884 -0.0286458621631163 0.0801268392866373 0.972703784027289
0.0202894537278162 -0.0591148697763955 -0.488883607439005 0.521206838569719
0.0342871003287937 -0.0406961592967013 0.0573749498849887 0.0723187035775657
0.0245370564283646 -0.0266177418013894 0.413864949130763 -0.600673458633142
0.00121863736412987 -0.0394205489258165 -0.36062959513523 -0.89733287055732
-0.00758007538082497 -0.038729674634415 -0.891211143981006 -0.0239244443749184
-0.0209826655992642 -0.026761347448272 -0.27505628202039 0.624855196316664
-0.0145998567562864 0.015907930770183 0.268812039164408 0.362526163261161
0.0205646394088585 0.0294278400218336 0.211805571932968 -0.0564926841069701
0.047994682517129 0.0108913008243322 -0.0540705160122155 -0.23804109059733
0.019148846616137 -0.00160377032784213 0.0595792800876557 0.19715852705492
0.00782410027219863 0.00683602953443503 -0.167055927441986 -0.0142665870642059
0.0236353813455262 0.000239827883062042 -0.126848940327586 -0.443972229053562
0.0296327008077536 -0.00128765512587892 0.448270843298603 -0.436577970202858
-0.000927221580691535 0.0346614747638624 0.78841694280887 0.315983313794473
-0.0411080018537916 -0.0176493283878345 0.0524513623322263 0.971552990103706
0.0068352497190152 -0.0402321810117276 -0.486202280716458 0.500799073360238
0.0159044097254271 -0.0242957840548506 0.0811946511484258 0.059300875979637
0.0190527431459362 -0.00773102543654935 0.411580761623697 -0.623009685285796
0.0105702309588755 -0.0315800406901155 -0.384295666996518 -0.897148353791969
0.00196480068980336 -0.0384646410215348 -0.886827461350322 -0.00945876290417709
-0.016346492782139 -0.0225362535536291 -0.254956477806353 0.619869002665828
-0.0108867634194713 0.0211342013529575 0.274106730611856 0.3453883208204
0.0247011482768179 0.0333071429876598 0.20605418067702 -0.0645301267646783
0.0464664285776025 0.0152658656153951 -0.0579155881974364 -0.236419200468678
0.0147748001234859 0.00382875124423221 0.0537293510037367 0.20005455045282
0.0075691390116658 0.011076798959276 -0.171895382034426 -0.0135062579864068
0.0251414861809342 0.00145960432706667 -0.127934953943442 -0.447755993025612
0.0380692437755855 -0.00282667732942911 0.449356123283284 -0.446443975832462
0.0153021348483976 0.0410588290909695 0.792552593224949 0.30800512580529
-0.0348311919879546 0.00317526579769455 0.0554105333200487 0.963314102250861
-0.012350839678378 -0.0163584128502282 -0.473416258551527 0.492473263992953
-0.0088986283921701 -0.00356556906252051 0.095630014654755 0.0532512352467723
0.0109509320962169 0.0167027598019342 0.421904367419847 -0.632656626390178
0.0247213324327681 -0.0177045132226177 -0.380181444305713 -0.909159180688459
0.0161120470735816 -0.0383712088733759 -0.885411089902325 -0.0230967889712337
-0.0109577362437157 -0.0236591070245898 -0.256271116587556 0.610621505882275
-0.00948107626864598 0.0239239128282695 0.272491197409552 0.340316375402302
0.0239080034088771 0.03734028711765 0.201985096858597 -0.064502335939448
0.0412730327249178 0.0205930098274996 -0.0621022167389505 -0.233161509396317
0.00741960847958407 0.0106899660914252 0.0482062466434865 0.20153919658207
0.00520445740866975 0.0136196770107817 -0.175490833552982 -0.00753570589953834
0.0233924898528936 -0.0010338547087324 -0.139647279299459 -0.443693683479328
0.0465165131031472 -0.00835170342254481 0.433637182997171 -0.462024101956075
0.0355158096709319 0.0476534384172751 0.803692759510394 0.270763974149607
-0.0257990938487415 0.0301570063789215 0.0935162090579542 0.947698894170808
-0.034484243908733 0.0117787487807371 -0.451302230606971 0.499948428515202
-0.0371506408815086 0.017631009824398 0.0969744413032685 0.0557531437860301
-0.000365441784158239 0.044072898835417 0.445091481090471 -0.624411170359081
0.038259512237863 0.00335655983547136 -0.343566079637091 -0.931729264028371
0.0328550846286831 -0.036224841461459 -0.88543752052776 -0.0643058981669147
-0.00656705483560041 -0.0277785924281458 -0.272764867505112 0.597597938409247
-0.0126680865550136 0.0223932596318292 0.261713860496307 0.348885936040262
0.0185311395684998 0.0398069262228486 0.200151824333479 -0.0556331379362227
0.0338172887957365 0.0256848004285468 -0.0668071189486974 -0.229070333365498
-0.000613140747108658 0.0162509606653285 0.0434637037173114 0.203049951160418
8.30950217527125E-05 0.0134681161784358 -0.179407241455158 0.00774419878942329
0.0189823844152347 -0.00726046512383926 -0.160508565894991 -0.430763421844487
0.0544723200264985 -0.0175634479898086 0.404026614865754 -0.485481109059716
0.0557790655727509 0.0528316226734376 0.815848071805213 0.2099302270211
-0.0150495028656247 0.0558883470597161 0.152745644487901 0.925039438794181
-0.0503135384415865 0.0386750183305827 -0.427172331019215 0.516323218293957
-0.0653849556952217 0.0359822774039827 0.0858879909010905 0.0685179508250574
-0.0138221723236285 0.069755792031236 0.473504390842591 -0.601791282812437
0.0477710220502981 0.0268984106614767 -0.281646580094172 -0.961276671479585
0.0504186783967866 -0.0305778907465337 -0.88129967791073 -0.13151063362829
-0.00100663806371439 -0.0348670652432314 -0.310346066800852 0.581161138966773
-0.0182758304055916 0.0163817462719737 0.243908850537802 0.366413057780538
0.0110613065437118 0.0396848119391639 0.199587842771454 -0.0399705864544309
0.0243271459933588 0.0311499933143807 -0.0684923193100257 -0.225155058639064
-0.00734163301404008 0.02179183476931 0.0420601008471139 0.205596961291576
-0.00823749295156767 0.0127746793489921 -0.181448751078008 0.0284614151001565
0.0102967700040429 -0.0157256372265023 -0.183114539805846 -0.410381356362661
0.0574611412286179 -0.0282495383967386 0.362583618759762 -0.508563300337761
0.0728616835417462 0.0532414668943519 0.826592664373847 0.136044112474285
-0.00334906755100057 0.0778820952806391 0.228368012504942 0.89599848166362
-0.0607100122778504 0.0601693152898482 -0.399113349537366 0.546418031427199
-0.0859215187477345 0.0486509692038661 0.0634413632045067 0.0870187453021989
-0.0306473086568188 0.08841476316687 0.501138191467671 -0.563441469040798
0.0518371395976419 0.0512485869147524 -0.197863102390417 -0.988546270322866
0.0669158537214782 -0.0224370203303095 -0.874893036359517 -0.209312626188943
0.00503437215066551 -0.0437364146561111 -0.357916637244401 0.561630401431217
-0.02298765767004 0.00724537658948878 0.218162760061635 0.391381832211803
0.000800156461391813 0.0374999850632043 0.201020377477469 -0.0181034615381405
0.0144930768866262 0.0347334118145935 -0.0680922413707228 -0.220935916248067
0.0173424052367467 -0.0112553749432526 0.0732212010544886 0.201050516600338
-0.00561632612656143 -0.00974237276964155 -0.161858390998265 0.0271085238347329
0.00904607890253037 -0.0257396661021089 -0.177747690768443 -0.396269559559885
0.0220780941575813 -0.0178140516415489 0.367469633047146 -0.476083928255225
-0.00712895614162534 0.032554128587148 0.811019701715623 0.172111660498601
-0.054047912945926 -0.0183100861098142 0.217147408335887 0.946699379332671
0.0163194845099575 -0.0706794756911069 -0.457746987261656 0.595175249617583
0.0436821217394368 -0.056540070181437 -0.00242067966802871 0.113369519719209
0.0276558053931753 -0.0375238994783546 0.439321075927391 -0.537115231066509
-0.00461535573992871 -0.0350482010283851 -0.256982604153271 -0.931279537493355
-0.00806850305386268 -0.0352615455748569 -0.893185161136426 -0.123478966883844
-0.0250391753834147 -0.0399828519976118 -0.349658853936092 0.621211689075457
-0.0298462990666691 -0.00184478990036669 0.243232029722123 0.410820699241225
0.00558786877624798 0.0193554882231624 0.219979800025776 -0.022996128626394
0.0411320778797896 0.00747227582612552 -0.0500925926896989 -0.23524309930691
0.0202056019862926 -0.0103207208839143 0.0725555793868097 0.197257775821912
-0.000157999052900077 -0.005107028389092 -0.161854981807133 0.01050021687917
0.0155676973234958 -0.0149269828981234 -0.157426494994414 -0.41382181787718
0.0212282802289166 -0.00953797211712149 0.399271288927313 -0.457242084043208
-0.0115925007497223 0.0311925930667933 0.809641631734818 0.244233457375132
-0.0524570257284816 -0.0282528068342604 0.14615632885511 0.968846905749657
0.0217020463382448 -0.0705267545165934 -0.478924762795993 0.560977202887247
0.0434975005488513 -0.0530112115298645 0.0299018436933901 0.0908659077866148
0.027573402107045 -0.036790510805994 0.417704323866061 -0.576349641528045
-0.00485561272988937 -0.0402922647447194 -0.325756919182496 -0.908136081095289
-0.0107347173363795 -0.0372154099639285 -0.896085322082819 -0.0562015903407114
-0.0253595573033215 -0.0325316077567192 -0.306170957357931 0.632630381457864
-0.0224682689100428 0.00835285931413545 0.263398452171645 0.384585760398394
0.0145789840378013 0.0242754986623829 0.216545146640878 -0.0426588566008191
0.0463771462106966 0.00754864318136579 -0.0525251803648063 -0.238529321320186
0.021117420611129 -0.00724251720357147 0.0691559656879826 0.196833604595574
0.00455591680272236 0.00127312803705656 -0.164705483437922 -0.00370614191022491
0.0204356778534451 -0.00595300966250287 -0.141865195442669 -0.43272206753834
0.0237495351887936 -0.00419518001485341 0.428790291803485 -0.448049987511671
-0.00939240057360389 0.0314863081854529 0.800030311001763 0.288968006969609
-0.0477085203861993 -0.0284002307867849 0.0930224300088355 0.9786217182906
0.0184268520200094 -0.0597839662256159 -0.485916024135575 0.529045676476572
0.0348735073359413 -0.0418914207299047 0.0586343241820713 0.0715856540064346
0.0242266053957644 -0.0271284601147986 0.407028779990708 -0.608737165319165
0.000367324913500007 -0.0396922644824424 -0.375054464357486 -0.894386309379425
-0.00794801889576325 -0.0386576922580754 -0.896411157894352 -0.0118295737577139
-0.0210381705704615 -0.0252513190305321 -0.268134689854104 0.632103439448601
-0.0146375124447841 0.0156934146096529 0.275115683984252 0.359984170804086
0.0216368758299193 0.0289438657515969 0.212278718739212 -0.0591056554185914
0.0486964559194623 0.00982274960176242 -0.0570878645732252 -0.239150086074686
0.0183636818341323 -0.00206880739928653 0.0635292364400939 0.198201491115388
0.00814445358989837 0.00762240978579837 -0.168228394591165 -0.0124207071178327
0.0235594364434666 -0.000208603204619559 -0.133841868712107 -0.444648904545009
0.029211418483864 -0.00164758504223532 0.442936190946384 -0.44708655153947
0.00186565670363413 0.0345419462053055 0.798216692987093 0.306714487588294
-0.0420340652026669 -0.016866980496384 0.0674758170151807 0.976470255009173
0.00571550259063832 -0.0418459950873284 -0.482811309229583 0.508900008630602
0.0156787688876622 -0.0245565590040393 0.0824985951342165 0.0576452116460604
0.019038013926789 -0.00859670794191583 0.405590838966995 -0.632171322283009
0.0111545990909101 -0.0313885087661038 -0.397975874412705 -0.895942573651089
0.00205582438990463 -0.03900052379326 -0.892201247256034 0.00221603832525517
-0.0164792313982799 -0.0222620597082276 -0.248416682183129 0.626981822259106
-0.0102717760337379 0.0214738649469921 0.282324272245102 0.34478141617507
0.0252230330267442 0.0331687499399006 0.207101677025893 -0.0678851255277212
0.0471642605634436 0.0137298853630848 -0.0621790821011856 -0.23679567540011
0.0137713752989136 0.00388670691674424 0.0575964277718971 0.199659965362099
0.0080631342974574 0.0117245562426371 -0.171771259597169 -0.012468637054608
0.0241872640196935 0.00211972547124014 -0.135322411937855 -0.447767832906292
0.0379325562354741 -0.0039152748670463 0.444324781285694 -0.456283852556665
0.0175644070608902 0.0408070114670663 0.800577271259109 0.297975655660006
-0.034485347592765 0.00381797132847628 0.0698614702538902 0.968228537513224
-0.01321108722016 -0.0156558790910291 -0.468939484693623 0.498464877286397
-0.00864624696663926 -0.00351292966222014 0.0965239831402102 0.0519112995520273
0.0117092592256067 0.0166644013533558 0.416363088293373 -0.639457784580953
0.0247672017191917 -0.0178028643620103 -0.395292820883925 -0.907641051464512
0.0151191458785852 -0.0384302644486721 -0.889281493747045 -0.010462822970415
-0.0119499080606432 -0.0230171024529795 -0.246993464075793 0.616834147499774
-0.00889339755896138 0.0237884076239351 0.277848984261092 0.339570135956506
0.0252955716762604 0.0367143526628009 0.202622950203589 -0.0668796657319599
0.0427252936074962 0.0192680728876175 -0.0669311155771911 -0.233541258887443
0.00728128812744206 0.0105096723670393 0.0515068893804045 0.201701672088976
0.00529589413537329 0.0127639525892942 -0.176630311889623 -0.00474405078210547
0.022695541668629 -0.0007012877421653 -0.148213602766749 -0.444660492865337
0.0460914412160082 -0.00975994569381507 0.428627771065198 -0.472588182037686
0.0381300483063358 0.0471859518397623 0.810984015289067 0.260108261617669
-0.0256551089505668 0.0295032478544463 0.105370461393025 0.950834450448523
-0.0339718246986469 0.0112681620191217 -0.447423435002046 0.506182683267578
-0.0370672123375258 0.0176559713884625 0.0997512011674313 0.0545292026005085
0.000215604728077114 0.0441170328126465 0.438431257026358 -0.635113281800545
0.0383898793797603 0.00258632282789982 -0.35662000339112 -0.933359157682083
0.0327275672838234 -0.0363555575801701 -0.890690326137708 -0.0528950313377997
-0.00670046257541034 -0.0276212656730185 -0.264956176919741 0.604818708549235
-0.0115693460451378 0.0223138010659587 0.268747527729709 0.346726772811255
0.0195013570959726 0.0391031605232841 0.200297957131257 -0.0579296657853498
0.0348783623250249 0.0255269519934904 -0.0697677728438205 -0.229894393659131
-0.00124682039973918 0.0158793389262078 0.0471776872003857 0.203216081946092
-7.29047451671029E-05 0.0139395190717787 -0.180028316998837 0.0115483631797582
0.0177053741797638 -0.0076741278227933 -0.1683037737209 -0.429816464748974
0.0542061050544298 -0.0180051639551503 0.398296503229529 -0.494258880974401
0.0569033412133306 0.0520387934974101 0.823307697131039 0.199052954202656
-0.0151322816410445 0.0566747064805375 0.166225057576147 0.928028717027632
-0.0508765330983261 0.0390788519952638 -0.421912216004896 0.524371190517666
-0.0651274412388314 0.0369319323882473 0.0871085085293689 0.0663166522274542
-0.0144568745145576 0.0694222008847042 0.469968472242959 -0.610398623796786
0.0486548887711612 0.0270500679337229 -0.294705966349174 -0.962683857500785
0.0512020994188824 -0.0309459862982241 -0.888549511325581 -0.119345238438445
-0.00130869194068607 -0.0343692672576659 -0.304086180805166 0.589434398538132
-0.0171525326938339 0.0169808119342488 0.249779317052459 0.365131835451725
0.011267682606201 0.0397956251693269 0.200853952467486 -0.0421040536948288
0.0249050854383312 0.0309647177700608 -0.0713522720750693 -0.226057228211454
-0.00916978913777771 0.0214419653473734 0.0457319358500948 0.206091505010914
-0.00752773415234438 0.013808823415214 -0.18089224952817 0.0310824374787359
0.0107632341138193 -0.015527920125859 -0.191051808372146 -0.408343394674051
0.0570608594574259 -0.0298629722632942 0.358131385883452 -0.515992721105864
0.0747143846394253 0.0524260547985696 0.832344776662495 0.126809704761614
-0.00310095819354381 0.0782224500315508 0.241462750694104 0.900336088824606
-0.0612295891103848 0.0614945349870045 -0.39313885575099 0.55385157541295
-0.0856206138254668 0.0493867083370832 0.0645565466499969 0.0865733672612113
-0.0299794099682622 0.0884131408003637 0.497891240993933 -0.572462531015678
0.0531085913451479 0.0510778774458385 -0.212461178134235 -0.992755824205626
0.0665571170625468 -0.023944114715973 -0.88234400271784 -0.19806356663665
0.0055268681136667 -0.0439937467823576 -0.353773460271281 0.568091897305845
-0.0235253329009165 0.00714170303460022 0.227844551976202 0.391928496991918
0.00235484473725703 0.0380765777738197 0.201777218176433 -0.0214097352730423
0.0154918399849016 0.0342441296133982 -0.0725559534555918 -0.221275970124312
0.0172358120163743 -0.0112886308314452 0.0755057914790251 0.199900390779112
-0.00566669454845737 -0.00867067249826888 -0.162151106943627 0.0288385564713558
0.00896141534940065 -0.0256892363973746 -0.186850739858031 -0.396338191099209
0.0208577491270982 -0.0184376868624991 0.361888765999443 -0.485885054876546
-0.00454001711168458 0.0326457857881119 0.815876070968002 0.160127478958764
-0.0547990052873349 -0.0174106355069346 0.233421945180495 0.948627012744706
0.0153161390523574 -0.0721201940576608 -0.450799490704905 0.603818978154065
0.0439517529823268 -0.0572281865232552 2.99691671523774E-05 0.113651906982189
0.0276535899732606 -0.0370972086905951 0.432093228907188 -0.543764084821105
-0.0052877043621277 -0.0349600294916354 -0.27204976945795 -0.929357452573778
-0.00849736917525188 -0.0354184189272976 -0.896345813376036 -0.110796306012839
-0.0252253434208915 -0.0391189851924185 -0.341982792216842 0.627279291887512
-0.0299967574127013 -0.00103433156568776 0.25178165707968 0.409645973506475
0.00610300322356137 0.0197305789926503 0.220826281284011 -0.0261112597190478
0.0411448074179316 0.00667695438847498 -0.0537731347310911 -0.236193228827446
0.0189648411429663 -0.0110687084338052 0.0762938910747701 0.196530778750442
0.000395569965351558 -0.00397501389997985 -0.161504025288882 0.012021828884166
0.0143338213277088 -0.016015408199077 -0.165678634792059 -0.413305108985614
0.0216933165876427 -0.0101625070757041 0.392893065941674 -0.46821811334615
-0.00944206111693123 0.0319325267675145 0.815255747498142 0.234359110774802
-0.0537651576817125 -0.0287691537440944 0.160730822931673 0.971433405222528
0.0209333571768658 -0.0720161268671442 -0.471016632836975 0.5693383655789
0.0432631309540861 -0.0530861504663788 0.0309829065288649 0.0905598464362522
0.0270926846506834 -0.0370692072888181 0.412383870716053 -0.584150365559961
-0.00576670467331749 -0.0403753633732019 -0.341930201746631 -0.907787879162991
-0.0124687514621908 -0.0376932944409867 -0.901949237960906 -0.0442893024495517
-0.0257336397765319 -0.0314841953939618 -0.298061375606346 0.63935936301258
-0.0217822529911145 0.00855991508592867 0.270893504843178 0.382053882791679
0.0153918984124781 0.0231053605404798 0.217358703021681 -0.0467359855562036
0.0462653889489116 0.00548446321206625 -0.0570624827472068 -0.238624807694672
0.0210934281321985 -0.00749001132923049 0.0722808255721537 0.196665750372643
0.0050240210150025 0.0016416017722385 -0.164335305017191 -0.00235207537378638
0.0202069828760951 -0.00579565926241131 -0.148906916252463 -0.432993218298097
0.0236053227557039 -0.00523071234235015 0.423029101203154 -0.457983900060896
-0.00700293100583552 0.0315787274504422 0.806463004243362 0.277364773445049
-0.0492186991256352 -0.0280078479246629 0.108116510861718 0.981667315199848
0.0181283936587372 -0.061779267413542 -0.481126256706074 0.539150818538974
0.03474403372617 -0.0419282265307994 0.0607875468950466 0.0704757619969518
0.0242223466164326 -0.0281082924143891 0.399718741130918 -0.615801373364497
5.77662145630903E-06 -0.0385037919819936 -0.389097822703752 -0.894471676938553
-0.0085787605483809 -0.0383743251138755 -0.898166202699345 0.000669258202212906
-0.0212016481975481 -0.0249896422595234 -0.260090634915223 0.640845210908721
-0.0139676277424342 0.0166187916801918 0.283169073882912 0.357169187396718
0.0223212602879439 0.0286671359130177 0.211576360512866 -0.0631706262031929
0.0494202763692982 0.00894594214964583 -0.0606586898132222 -0.239077520860292
0.0182662125595032 -0.00198382952979569 0.0668140119360212 0.197198293273798
0.00793493210064523 0.00756062234052431 -0.167967030829755 -0.0093842890043424
0.02318120968277 -0.000336008376299719 -0.141754632653088 -0.444727067982448
0.0295594931683788 -0.00316457262086517 0.438089300039037 -0.457133245568546
0.00262983842271873 0.0347954030776627 0.803745752397526 0.295089268076497
-0.0427700841655841 -0.0161991252629982 0.0824122003541779 0.980277085506422
0.00418511382714674 -0.0423243466297063 -0.476815824754025 0.515839321710973
0.0158701232567365 -0.0241685448663068 0.084171313919277 0.0569425307899266
0.0192065206758966 -0.0088397868326074 0.398636098007607 -0.640453872602981
0.0105469665550244 -0.0310189652943773 -0.41519987600335 -0.893451773873388
0.0011244385165435 -0.0393736029925736 -0.895789174231504 0.0163578902867317
-0.0169276187269103 -0.0221963465792648 -0.239978220191626 0.633393763264837
-0.00938053295152729 0.0216935466408426 0.289611505260196 0.340604683223554
0.0261508422780142 0.0320809059961049 0.206791591342107 -0.0713741254808749
0.0476431990540953 0.0129765261070159 -0.06567020551884 -0.236435891278779
0.0135506379098699 0.0037027638908723 0.060786159178683 0.198957262151472
0.00844411596827459 0.0121747101789533 -0.173599047714629 -0.00973358481281945
0.02502890855438 0.00190143598574416 -0.144738536055792 -0.449404640327823
0.0373572136244955 -0.00422435231758918 0.439189647497775 -0.464885991444284
0.0188682823978997 0.0404747624552358 0.807913026244975 0.287392865663725
-0.0357558978962342 0.0043857078530403 0.085508962998759 0.969809361917516
-0.013441986623867 -0.0159221907493946 -0.464278594511335 0.509237012044947
-0.0091064492051204 -0.00338487600812705 0.0983756596959046 0.0498443358918003
0.011533058698572 0.0154325456113709 0.408393932713218 -0.649054281515052
0.0243651506626387 -0.0178472879812895 -0.409943782909318 -0.906478545553559
0.0147031076837077 -0.0389016833613923 -0.892042120903462 0.0023932820504809
-0.0118010239106501 -0.0225926473176734 -0.238062058349008 0.62384788455605
-0.00822000512759859 0.0244452849631632 0.286865175967458 0.335499328550782
0.0257341811524887 0.0369005595727609 0.202949325591035 -0.0714584098828082
0.0430949753624649 0.0185017122456171 -0.0695837819595819 -0.232827621822936
0.00642380519322119 0.0102701855791538 0.056027834728985 0.201545603435432
0.0049767641025703 0.0138489876102438 -0.17648270640545 -0.00251990488110897
0.0232400922738728 -0.00158365143447119 -0.157386745236424 -0.445886280576018
0.0464212235437357 -0.00989947884766793 0.421690839102723 -0.481908534132428
0.0387226936382538 0.0467929348013767 0.815463305064813 0.248119348459053
-0.0261632149432278 0.0304984262832894 0.120752541817256 0.953987119890827
-0.0340823693930933 0.0110546695098109 -0.443105660176933 0.514820863076032
-0.0362230324552348 0.0188335212364597 0.100435950684776 0.0532085469883485
0.000520171963135044 0.0434845814791051 0.431912524855041 -0.63951026059168
0.0385430952783416 0.0024996742932131 -0.371580909529353 -0.931356551372957
0.0316058948256229 -0.036782478326307 -0.893649415485547 -0.0392127961782831
-0.00713455976731416 -0.0271319616636101 -0.257403790073378 0.609344986815184
-0.0114343645984174 0.0230485071942783 0.276221480638076 0.345518372921054
0.0212700744119834 0.0388018130896492 0.199915548656158 -0.0608599693013591
0.0352824165328677 0.0242200853843524 -0.0739866981626223 -0.229671663411083
-0.00157743450380781 0.0167207288434675 0.0507138143351243 0.203062426778081
0.000708447834559094 0.0136566925053718 -0.180062868696716 0.0130681135490463
0.0179741112920558 -0.00827790581358622 -0.177741851153789 -0.431133093675305
0.0529276230735078 -0.0209356369883117 0.390756148421626 -0.50184932035905
0.0601331326292339 0.050383050396054 0.826440687071761 0.185284445389356
-0.0149029838514704 0.0569847047774318 0.180720848384289 0.929524923976392
-0.0500498891908465 0.0391170156337495 -0.416789760578764 0.532764583593887
-0.0632339007741592 0.0373211981048815 0.0896222949198287 0.0653044820100978
-0.0127539006651887 0.0707316349849828 0.460657152321637 -0.619634718503112
0.0491747287140397 0.0264803788468614 -0.309912324697334 -0.962786188663545
0.0502044427331301 -0.0323494283523866 -0.89210737987059 -0.106090102356059
-0.00236776660408004 -0.0343565107420356 -0.296019876723719 0.594515833001509
-0.0167600484159559 0.0176993044291877 0.257087101869455 0.36307102943397
0.0125638223471591 0.0395532911709609 0.200518541844392 -0.0451304446469516
0.0257212502257049 0.0301188586164953 -0.0754283874446271 -0.225011775789761
-0.00881691858969352 0.0216615208922835 0.0496359199356524 0.205851727538708
-0.00668702028941576 0.0132270400022446 -0.181676247587848 0.0333545560535083
0.00958043754804086 -0.0154269590193014 -0.200524808814803 -0.407730573988201
0.0566801607354728 -0.0313278292664121 0.349117160358824 -0.523194977480842
0.0774547565336182 0.0511685240223022 0.836035418937594 0.113056748972212
-0.00158685650458872 0.0788300149925256 0.255142994206297 0.898946155054285
-0.0610160837432621 0.0619664241151045 -0.387728763806681 0.56116033803626
-0.0849331461701926 0.0506783962171975 0.0663765937966879 0.0854983666630494
-0.0296458152157526 0.089187065628214 0.491659244765864 -0.580720407236189
0.0531812056085195 0.0504091518828452 -0.226124118637751 -0.993184265473849
0.0670530858404135 -0.023944117696931 -0.889241447177206 -0.186031012110681
0.00489593075539713 -0.0448232936247801 -0.344094493048018 0.577787237879513
-0.023409633825545 0.00743470926216372 0.234509333155669 0.389920981084683
0.00302209637405558 0.0374141950686764 0.203011008902445 -0.0238645831801144
0.0158034243810439 0.0333790764033369 -0.0755569119241984 -0.219917931574438
0.0156242208815033 -0.0116041660890003 0.0812945982517001 0.198290734340041
-0.00606359303988068 -0.00817873536413519 -0.160988621736273 0.0312193109672641
0.00767977802747033 -0.026557707366596 -0.193699433204079 -0.394250948593693
0.021578736568578 -0.0180715416676919 0.354209533503332 -0.493532051962989
-0.00313851279284968 0.0326368342986146 0.820312755557725 0.148331556624474
-0.0553830537176605 -0.0167017827922108 0.247259546244279 0.946009079772559
0.0141838041038988 -0.0727420176697734 -0.442797203363205 0.611936386907842
0.0429549136165466 -0.0585463872000232 0.00161879523513838 0.113291165878566
0.0265671800171403 -0.0386537038638546 0.425235537018675 -0.550838036635181
-0.00568807480535437 -0.0351489498767148 -0.286377202442576 -0.92883989100294
-0.00869702130605724 -0.0355069545010102 -0.89957355376116 -0.0966267246709304
-0.0259409100741219 -0.0388746185659414 -0.331326492809911 0.635614964116946
-0.0299234212267289 -0.000796730850367097 0.259132330643747 0.404525548438619
0.00659118931116377 0.0194002196332522 0.220707564669308 -0.0299080676469853
0.0417192463816415 0.00481268420986624 -0.0579901779878005 -0.235579102753134
0.019049647273701 -0.0116185807632574 0.07992817296633 0.194571501156702
0.000406148544548717 -0.00200120100558829 -0.161947824158726 0.0146918435723548
0.0139779091596872 -0.0158616578069998 -0.173843236298182 -0.412318100045852
0.0213410895342537 -0.0108890575571744 0.385908878383723 -0.476940430419005
-0.00823037383550891 0.0313229341932538 0.818548782538192 0.220927642343736
-0.0546478264601384 -0.0273049490443999 0.178152415163184 0.973446513181605
0.0194170979250654 -0.0725488240607176 -0.46230536094605 0.578333381541478
0.0435364039433834 -0.0543173312653708 0.0321847761167056 0.0890278253028026
0.0260694745836477 -0.038304370351425 0.401715871440343 -0.589988746195185
-0.00638198333792986 -0.0400066290374506 -0.355385895250272 -0.90319556242726
-0.0124556592409931 -0.0374448818543373 -0.905144805485098 -0.0292011948866296
-0.0252262399078968 -0.0308621931457168 -0.286134880891454 0.644580178683131
-0.0216521722348596 0.00880917398203306 0.278567780059421 0.379785731689962
0.0162043323125997 0.0226889220545074 0.217802666582174 -0.0498317787091648
0.0473406288542693 0.00541189342750354 -0.0606419208441 -0.238546372085266
0.0194738895533642 -0.00743145152462699 0.076133338217703 0.195292321301732
0.00484886788263711 0.00219783929260499 -0.164418054899936 0.00041810921006631
0.0194334065604228 -0.00620404599435689 -0.157666719009082 -0.431410079755504
0.0232943289239074 -0.00521859136259141 0.413766088859712 -0.467211111580452
-0.00584145621583629 0.0315653726271927 0.81177392610603 0.263618893684972
-0.0489018568364709 -0.0274933043539208 0.122702392466605 0.98157118094277
0.016859734238809 -0.061501426598842 -0.473361682035977 0.546590913627227
0.0339350401129591 -0.0420909959290715 0.0616966110669413 0.0693174193491984
0.0236097667887238 -0.0276495805234081 0.390668874424387 -0.623241681167909
-0.00176805774525306 -0.0388509758072616 -0.404255008496038 -0.888416193279254
-0.00901975910593551 -0.0381674149214132 -0.901924206791334 0.0145423221214785
-0.0222660407903332 -0.0244425458665491 -0.248977089288757 0.646136285447389
-0.014037948400422 0.0167454450135568 0.290650673245743 0.352596609291808
0.0238471522349881 0.0269832262837175 0.211727794710371 -0.0666491250818507
0.0500384362131159 0.00732018984077731 -0.0646961911387795 -0.238650961141853
0.0173837769120342 -0.00256596862736082 0.0708372502876186 0.196002147123951
0.00921827945925342 0.00748081725667321 -0.16773027036514 -0.00810267753512837
0.0230050237842219 -0.000690714067481519 -0.150137704893822 -0.444069600917692
0.0289271285277145 -0.00354661387234348 0.430627070331282 -0.466817649879176
0.00456436610965781 0.0338422128303938 0.808587809254779 0.284176966373957
-0.043346064552388 -0.0156198889529911 0.0964782364247081 0.982411237942945
0.00450985656518379 -0.0408616905423227 -0.469124089479229 0.524532208477224
0.0162193702549106 -0.0255341437044748 0.0845232408895384 0.0553492819755873
0.0187671405025956 -0.00980631264449601 0.389461819382203 -0.646483352503023
0.0097637435869824 -0.0320420103686483 -0.429589561334696 -0.888443255304516
0.00024078875687048 -0.0390328206294335 -0.89748169750837 0.0297852750694966
-0.0165949385008384 -0.0220120291432908 -0.230324565157623 0.638002020815003
-0.00930041316265691 0.0218781238791552 0.295851533142257 0.33672698434579
0.0274759260062129 0.0314213447522897 0.205511196430259 -0.0744053391017239
0.0485874440911904 0.011185530906277 -0.0693222154910731 -0.236440643394259
0.0133630970750993 0.00284873013426527 0.0642107969477195 0.19782201156702
0.00903552219027615 0.0117166907274255 -0.172473283271617 -0.00802715879653624
0.024514319068052 0.0014517070117107 -0.153119733009861 -0.44869229701288
0.03669615664165 -0.00462259497978869 0.431366762925687 -0.47439790715024
0.0205668546101814 0.0404971234959133 0.813278160877132 0.274740145742053
-0.0358424228264651 0.00465703934736439 0.100471163375511 0.973642833723229
-0.0135404399716904 -0.016905053789537 -0.457383160055827 0.515634724919617
-0.00851733790269845 -0.00333778876094593 0.0987538693143008 0.0486920187833727
0.0118346263694275 0.0157356412065626 0.398906292034784 -0.654066638506265
0.0240099437400366 -0.0177747329498864 -0.422936080496613 -0.899958533798615
0.0139645177334201 -0.0393249004211082 -0.895176101950836 0.0177233422327005
-0.0126513768748948 -0.0221206187658535 -0.22748452561674 0.629366693505836
-0.00741135414532312 0.0242298532919277 0.293691183657845 0.331103710767991
0.0268183366897137 0.0356601001593688 0.201893463117306 -0.0745299587489054
0.0438123040673346 0.0167354522889407 -0.0749268049513843 -0.232124603354299
0.00596210753573399 0.00977027252400399 0.0589914941219351 0.199270487240131
0.00503243549650677 0.0143411655975981 -0.176612500980307 0.000660531142363787
0.0224672623442631 -0.00152372760774885 -0.165495120758184 -0.443344491536005
0.0460272730336856 -0.0113288184657076 0.41372040040386 -0.490637907240455
0.0407666057883242 0.0455324557734677 0.819967619621197 0.23557957991975
-0.0256992875197278 0.0302081476869446 0.136310539575141 0.954563325735244
-0.0327767606407099 0.0120490587609786 -0.436096297344776 0.521946953654985
-0.0366556301453296 0.0191794369308034 0.100287359948215 0.0508954936930686
0.001475000876034 0.043984341549779 0.423341929868977 -0.648950916948788
0.0381334971286083 0.00121831041323206 -0.388061146686638 -0.926875879229821
0.0319178342070297 -0.0374435940754475 -0.895975067781925 -0.0252744985864615
-0.00723026194615408 -0.0270028969097479 -0.248959502313127 0.617577020392286
-0.0104169631366988 0.0234751371101929 0.282321803654379 0.340927224062394
0.021515675557775 0.038274449685035 0.200267054635994 -0.064907208612173
0.0355058340355577 0.0232740491017108 -0.0768092406899448 -0.228617238594691
-0.00120860636911431 0.0164645008016884 0.0551549546592425 0.201918364295472
0.000186053159709863 0.0139186604671746 -0.179438763947923 0.0152971523976842
0.0171847975965976 -0.00726605302922608 -0.184473021548064 -0.428413797374373
0.0533111942352874 -0.0205916062092598 0.384237244781619 -0.511543356545014
0.0614870229065455 0.0490794581110966 0.829941309750189 0.17301876137856
-0.0138046011995942 0.0577537688473081 0.198212109112561 0.93055495413364
-0.050662753097738 0.0403547179138411 -0.408292818314321 0.539415164442494
-0.0629868721194795 0.0384346531049642 0.0893609688964714 0.0632888441544221
-0.0122401845171098 0.0699496819512791 0.452454215259294 -0.627247385444111
0.0490610853605538 0.0256297668464189 -0.324556844559179 -0.957573341344046
0.049423077457628 -0.0330871679592552 -0.896326187405364 -0.0905522533167133
-0.00212023890092976 -0.0351014778322428 -0.28715595645769 0.601315168458961
-0.0160156511189303 0.017724185465975 0.26544656237111 0.360103318085652
0.0136932900601414 0.0388140139682185 0.20151230383021 -0.0473844096649055
0.0260863697867243 0.0278398932429051 -0.0794578474807651 -0.224481868038407
-0.009155916792342 0.0219923599805721 0.0531765233086171 0.203914253828155
-0.0073071013006546 0.0139481621244857 -0.180982991218587 0.03718273014023
0.00966791790635047 -0.0154257050261148 -0.208425881196325 -0.405825804151412
0.0555442944587829 -0.032428955379247 0.339910918220712 -0.533440170419258
0.0791475606957146 0.0496496156695814 0.836363754798264 0.0998123687983156
-0.00134864143952476 0.0789789266871779 0.270860375324062 0.899079051864608
-0.0595773279890748 0.0624545005467644 -0.379853986407053 0.566689214987278
-0.0844210839379047 0.0528163107059995 0.0680775454823794 0.0829890198906214
-0.0285211322884599 0.0902834585578149 0.48326905740729 -0.588488397080337
0.0543683135219584 0.04898485587227 -0.244790451223769 -0.990023963964617
0.0663885137108656 -0.0252259837895083 -0.893071925043208 -0.172737108429392
0.00401483797738376 -0.0442724118860031 -0.335746830499949 0.584991625805305
-0.0233195210005631 0.00810110875109993 0.242821503035584 0.386807564281105
0.00348644432653024 0.0364138241081773 0.202085611958234 -0.0267364075300602
0.0170588794590439 0.03275626979461 -0.0791531144690455 -0.220183247426361
0.0156902778612964 -0.0127571718626745 0.0839897608848229 0.196525836734206
-0.00597716043642926 -0.00833045527683351 -0.160621427209879 0.034225223926778
0.00703408943240416 -0.0263577560062907 -0.201060763925696 -0.391000480600786
0.021036091556464 -0.0192173743570349 0.344047847307616 -0.500257122894752
-0.00203302114842547 0.0326634386280786 0.821318230588135 0.13290073255257
-0.0563267592277844 -0.0157287792432332 0.264322561784693 0.9403300404429
0.0125164742127603 -0.0736545383632038 -0.431507702708483 0.618692311566403
0.0425688478624559 -0.0587130810953115 0.00338390264049418 0.112524914688962
0.0257846521959469 -0.039650170474463 0.413899355624424 -0.556692908169395
-0.00647332725428312 -0.0347294889737683 -0.300722707831394 -0.920884096378688
-0.00986936423831774 -0.0346969833509397 -0.901020205245303 -0.0818530499714701
-0.0269749928600173 -0.0394409508823115 -0.320542295340816 0.639136590102182
-0.0296722595167351 -0.000833653908795335 0.266543187426384 0.401075882423817
0.00777103332637921 0.0186136403951133 0.220975671899134 -0.0330969116183278
0.0419234529437796 0.00388850116839861 -0.0617764644807198 -0.23359964840749
0.0182939215499517 -0.0110689868781244 0.0844727662824947 0.193017407267623
0.000473163779010934 -0.00373184130777336 -0.160697401201626 0.017532009579323
0.0128120577404513 -0.0168738838650046 -0.181008324776456 -0.408973862922348
0.0198821562491232 -0.0102090861368311 0.375830311812868 -0.4844772755568
-0.0071849145529065 0.0311619001405033 0.821962839282355 0.204831601080246
-0.0557025716335477 -0.0263966844019155 0.194958830462357 0.969527828524302
0.0176335184524336 -0.074368090212693 -0.453466367330624 0.584602258295772
0.0426112302186939 -0.0549811127669215 0.034095575760552 0.0890820182035156
0.0250710109216435 -0.0390359955614641 0.392116060180309 -0.594845904920716
-0.00746211119940633 -0.0402696688894352 -0.37180392183859 -0.895157391461787
-0.0136756160379836 -0.0373383780171441 -0.903881534941641 -0.0149047319057768
-0.0258092071071521 -0.0303674308831964 -0.274572095532133 0.649564348349785
-0.0214709378313373 0.00882301282783369 0.287055025572679 0.373029883728873
0.0176522998489684 0.0225119301870441 0.216279405780058 -0.0543693229337703
0.0481543537396892 0.00340367973402131 -0.0653659850137435 -0.236407575949692
0.0191643315213096 -0.00812502038337355 0.0790924549471071 0.193518307135846
0.00527213924889799 0.00288877036295756 -0.164092240702679 0.00380634672267295
0.0188669206730847 -0.00659920472736994 -0.16492598420485 -0.428729434676995
0.0222060071269363 -0.00598942498171821 0.404049440613064 -0.475098149271326
-0.00389896833694413 0.0314850538433124 0.813738619981695 0.249507810803851
-0.050524443426084 -0.0262571503045594 0.141130898248245 0.978594624667106
0.0156559229048794 -0.0622917814807908 -0.463392971371899 0.552687621432348
0.0343107872483811 -0.0443176913868 0.0621138531015753 0.0681813326597781
0.0229203169199773 -0.0287768281206863 0.38031431367096 -0.62795462591594
-0.00165199268599031 -0.0392923812951457 -0.417976229319595 -0.880437534500808
-0.00996598343453972 -0.0383082383013167 -0.897352305781356 0.0318393880771401
-0.0218646138253192 -0.0246980564197826 -0.237642116703192 0.648081101041537
-0.0133201101117687 0.0159965503761424 0.297433149655953 0.346852535846678
0.0242743395949846 0.0267397496743931 0.209970288385266 -0.0689541553913955
0.049766935132516 0.00592120174455824 -0.0683896658116524 -0.236651760737384
0.0166660313825736 -0.00320914781583814 0.074537038159281 0.192431999879576
0.00818588586137666 0.00797319179271342 -0.168161356668415 -0.00411445666461809
0.0222039005833174 -0.000876520498740763 -0.160705239008314 -0.440859621912647
0.0285413525571816 -0.00480139605037961 0.419815084383245 -0.473551978044419
0.00605288936885115 0.0339667765532742 0.811861862461731 0.269564638992938
-0.044647476390352 -0.0148483310176693 0.115996599836511 0.980696817922235
0.00322234153059164 -0.0422300187908512 -0.460509515317988 0.530975406333572
0.0156182379022459 -0.025802247215346 0.0855636829399492 0.0529431649732924
0.0181943306252634 -0.0103082888612378 0.37817912526451 -0.650363631486679
0.00847889190255911 -0.0322884303526023 -0.442897338181944 -0.879118358349942
-0.00105065221866411 -0.0389962741543041 -0.894125187898001 0.044311095709482
-0.0170922065059135 -0.0211814535466123 -0.216344031757452 0.642513555156202
-0.00849400163695783 0.0212159896607661 0.302487146125492 0.331242946295066
0.0281098749517212 0.0306868731541402 0.205048157012797 -0.0784986019311456
0.0488436827351221 0.0101088122030582 -0.0737823501341177 -0.235165387847735
0.0120889391773966 0.00265844375208728 0.0695492927083085 0.195561638446524
0.00803488567712023 0.0113050116952268 -0.173054389605013 -0.00430650074828692
0.0231258600355914 0.00158481162610194 -0.161416006957987 -0.445337616229025
0.0367040828065704 -0.00560353311826108 0.421327448856928 -0.483159770011468
0.0216241630894021 0.0388772822452294 0.813564295263848 0.259752315123762
-0.0358301566739176 0.00585162229369348 0.119110542533024 0.970900433843277
-0.01347290997516 -0.0166671090618189 -0.447276220009686 0.522326034848244
-0.00814576815677988 -0.00331921510655881 0.0997851311706953 0.0465557676351182
0.0110771386179196 0.0149811205332169 0.389327362036817 -0.658406153709783
0.0224435796376946 -0.0187377848963224 -0.439984675143509 -0.891624514488011
0.0134491571910083 -0.0386220326694964 -0.893182862898336 0.0327956547749753
-0.0122625282432923 -0.0224444373539291 -0.215912122836428 0.632936093821906
-0.00676081298800688 0.0240198968418095 0.300073236845193 0.325863458811793
0.0272780868891371 0.0346753565529444 0.199927569852692 -0.0767448102438108
0.0442740254694214 0.0159933132148596 -0.0776610241827877 -0.231300568117975
0.00592932511302387 0.009562499907054 0.0627771183064842 0.197452879447623
0.00634920918127668 0.0140323972186589 -0.176062635930413 0.00281528437068857
0.0223558622556607 -0.00204469985444433 -0.174364490177487 -0.439994643869905
0.0461371546277785 -0.0124986145752262 0.403349841104208 -0.499308942833964
0.0429395232524753 0.0442238311692501 0.82386179638581 0.220483886963195
-0.025830226682184 0.031369758098476 0.151854523907525 0.953809943047336
-0.0336480835123238 0.0122979384689528 -0.425924036830296 0.528109376403636
-0.0358564929371832 0.0191281443182174 0.101014811496404 0.0494070759613103
0.00179870738739642 0.0437950705029156 0.411175741743843 -0.654164466099676
0.037076654120617 0.000262085286188912 -0.401920639585928 -0.91879995385264
0.0315506897296411 -0.0374617016425239 -0.895466883479407 -0.0117168909280099
-0.00827152134886798 -0.0267061522905047 -0.236810385949205 0.622278019173753
-0.0107943217433934 0.0233994267037918 0.290872640894174 0.334037638677996
0.022610802167628 0.0369859074243708 0.198621659743415 -0.0684179168731553
0.0365398830237097 0.0221544966156271 -0.0809948666011069 -0.227911303029332
-0.00274179827756854 0.0163827757431123 0.0579169602181597 0.199775022435569
0.000257286250596534 0.0146994304359541 -0.18005108271389 0.018191610571656
0.0172125861405986 -0.00801850450673845 -0.192026716758576 -0.425395473037554
0.0517231906488091 -0.0218034357225723 0.371851074180575 -0.51860766986513
0.0630552980296927 0.0483734106972038 0.832294149387146 0.159727202939884
-0.0136001802337228 0.0575379296268213 0.21171736676028 0.926535850174699
-0.0498165231770375 0.0408955648583532 -0.397205657075218 0.545742165683043
-0.0624615592411231 0.039749890176351 0.0914840787369052 0.0614396661036228
-0.0111261266977813 0.0706777857430495 0.442811315155191 -0.631502656809791
0.0483365154872832 0.0252881417828226 -0.339291938885003 -0.951941682875639
0.0486221788617501 -0.0340271862462632 -0.897064022327903 -0.0764750723460231
-0.00269548979421646 -0.0347031178825254 -0.276563490899881 0.606016722240375
-0.0158830947538764 0.0176583980015514 0.271973833903663 0.354793215019587
0.0140290617936065 0.0374593614101338 0.199843295094919 -0.0515812644858381
0.0266458387956482 0.0274842994351539 -0.0831350667280949 -0.22223398324609
-0.00960282806114513 0.0215710370316856 0.056785537032999 0.202611285534943
-0.00663659513833624 0.0144715686016744 -0.17837999554629 0.038644625692597
0.00819631555544098 -0.016242690484328 -0.217317557742802 -0.402284978024977
0.054789171679391 -0.0338288915097031 0.328773451669553 -0.538650327654975
0.0808998942509837 0.04764450877117 0.837768167626678 0.0839108582089067
-0.000160134155592108 0.0783784833549312 0.285140870436292 0.89402004889487
-0.058994776351307 0.0641713866575052 -0.369923631464496 0.572839436462816
-0.0832546018876802 0.053132522670118 0.0697447347620114 0.0821973482845186
-0.0274124488033741 0.0905477400118127 0.472949725710484 -0.595426143944862
0.0539008519586153 0.0489405334310262 -0.259685160225544 -0.985441051943689
0.0653608354395116 -0.0269071689314558 -0.896097807095096 -0.158282711885418
0.00328991316629637 -0.0445677076430439 -0.325430511954379 0.58960136238803
-0.0229183293347632 0.00782912508315743 0.249387576065304 0.383447757007223
0.00385195267311254 0.0360257123875412 0.200472264899455 -0.0294676136276426
0.0171062448670417 0.031729444828119 -0.0828311680614044 -0.21773292730573
0.0146355871165592 -0.0124373280264876 0.0875492856761418 0.19363498936879
-0.00596473838487354 -0.00832795948764408 -0.158465143696069 0.0363340650337055
0.0050760358194512 -0.0265846415571434 -0.207304189474316 -0.386228782293312
0.0196069122069511 -0.0195276560806506 0.332826744239183 -0.504369589202594
7.42371717282059E-05 0.032245146029109 0.81974461039825 0.12001678588596
-0.0566947996821863 -0.0145361531833621 0.28090913579566 0.934280322043241
0.0105838563593751 -0.0728479738231506 -0.42021822492817 0.622304765826212
0.0409408149544942 -0.0590724053953617 0.00473120770194682 0.111757761748766
0.024147082005386 -0.0400617451309644 0.403967582249019 -0.560023770357619
-0.00776873499994302 -0.0342277292862058 -0.314097450356927 -0.911975277139697
-0.0107014442065811 -0.0354452532722941 -0.898528667575666 -0.0647737911462206
-0.0278444531851899 -0.0369037706762501 -0.306045857252365 0.643884192682137
-0.0299617109872584 -0.000305042230467232 0.274320248038523 0.393814976989159
0.00809227507043814 0.0179436989924156 0.21986047310534 -0.0358670944363047
0.0421333895760148 0.00179930730240873 -0.065567198978513 -0.230439249218586
0.0171719430520494 -0.0125201968225763 0.0865475420756624 0.190643330116305
-8.89344801779735E-05 -0.00293585709961431 -0.15858667078169 0.0191893675171489
0.0120007767623133 -0.0154325125445072 -0.188317700763491 -0.404976314440429
0.0201638524867941 -0.0118491206367931 0.364634661730196 -0.489936669045164
-0.00571637404832416 0.032066018091236 0.821613073155573 0.192029176091989
-0.0562865049887066 -0.0255832964666703 0.210076876909439 0.962635173453215
0.0158004556036995 -0.0736604583394702 -0.440850034309689 0.589055984595683
0.0423957189289337 -0.0557984737000663 0.0353372908527334 0.0875834831960185
0.0243600223138269 -0.0388633458562893 0.380874043433576 -0.598317369841112
-0.00879524956883726 -0.0396418543624607 -0.383378120162587 -0.887409063076141
-0.0134234650966576 -0.0368242310642949 -0.898813590394714 0.000423436120333828
-0.0257906240860715 -0.0295815848805788 -0.261062074591857 0.653122502121764
-0.0209857102531068 0.00937844102692632 0.29274439799627 0.368248665519614
0.0182517207121126 0.0212856070465464 0.214778361069104 -0.0577317812878346
0.0481988497736713 0.0014843036330999 -0.0686036619034323 -0.234452454321771
0.0179180064269566 -0.00886120978430125 0.0823908660404256 0.190232863515159
0.00510298311583718 0.00313625330095279 -0.16219582028058 0.00587725800757554
0.0174490382884551 -0.00607799860943582 -0.175072381209071 -0.42603613581931
0.0225538681975443 -0.00591760721872596 0.394523450728985 -0.481248352318679
-0.00247956084988046 0.0305970296121816 0.815138597840181 0.235504688205423
-0.0512921992475094 -0.0251358499557597 0.156117430653736 0.973696158181009
0.0139485721634983 -0.0633881220623091 -0.452911329897361 0.559365880978496
0.0324554692372966 -0.0447074385352001 0.0630583715873492 0.0663369322538442
0.0224358179012104 -0.028865874106757 0.369161995559607 -0.629494552451245
-0.00249995906545059 -0.038497168442003 -0.431773306688313 -0.87092385702171
-0.0108821981242058 -0.0380433470680654 -0.895160011751464 0.044740772396972
-0.0213077666184977 -0.0240182988681318 -0.224706777398488 0.649896521880334
-0.0121756979875715 0.0170399494954869 0.303751293535843 0.340670186861374
0.0253957250485998 0.0244723292662819 0.207851082596098 -0.0725862489706177
0.0505472573023909 0.00479622535596102 -0.0728266426260874 -0.235168759588198
0.0159520964733703 -0.00316615683154283 0.0775597994535792 0.191098681794521
0.00842681604490733 0.0082712038858278 -0.167165109883762 -0.00316331224996082
0.0212983952825482 -0.00075549248337238 -0.166891481880814 -0.437241021047091
0.028124324671697 -0.00499826542792733 0.41065456262007 -0.481359090157576
0.00763820736560115 0.0334482153006442 0.812877757920402 0.25581855659563
-0.0446105465971634 -0.0141224072838061 0.130169873126359 0.973957401463275
0.00240398487620002 -0.043119998706667 -0.451457216853011 0.537373748416931
0.0158230770146641 -0.0261811873018603 0.0868777165369825 0.0508899587385616
0.0177005337064918 -0.0100698612127453 0.36616358719075 -0.653821346697621
0.00822772572534096 -0.0315024756388265 -0.454878455318761 -0.86898535697113
-0.00170519326025589 -0.0379314058156787 -0.889733740381048 0.0585471276092424
-0.0168580680150043 -0.0206147327499506 -0.204177163064983 0.642253844622363
-0.00813290865396942 0.0217413289860811 0.30666760966093 0.324484329504937
0.0292769033233927 0.0295502456298595 0.202804516113929 -0.0802884437697142
0.0488396560255724 0.00872858562241325 -0.0774212489596064 -0.232933553143336
0.0124227577938367 0.00257414217805282 0.0716414908631145 0.193550661784715
0.00950498058810724 0.0118261182424911 -0.172377425448815 -0.00314826023473651
0.0228068660691587 0.00110518797632862 -0.169617607584905 -0.441659653481729
0.035387300447647 -0.00697139210213804 0.409986301238826 -0.48943848678153
0.0239535785246328 0.0384784645323953 0.817202971830499 0.244642682105379
-0.0362747294507865 0.00543009555248096 0.135429620342553 0.967963498741505
-0.0146949774736397 -0.0161641892661975 -0.438426980437244 0.528121504923073
-0.00766117447372473 -0.00297510726334235 0.0999615882640147 0.0437426444278618
0.0118154810286877 0.0148159374559882 0.376334789458322 -0.662606350461359
0.0219975278831124 -0.0185809853382777 -0.454435335763753 -0.880798198808434
0.0124042829878476 -0.0396513529501174 -0.889594111370483 0.0482168918115581
-0.0127613101934412 -0.020670804181801 -0.203714693413857 0.633582105903387
-0.00750373331570827 0.024427891965792 0.30596673883001 0.319332271269706
0.0285171645835449 0.0336282807382381 0.197982405188209 -0.0808159809865805
0.0443515128424109 0.0142797324820763 -0.0817387744830708 -0.227866635517045
0.00436751167539122 0.0101212317328571 0.0660042705773961 0.195694060321891
0.00665385003395594 0.0141295374263885 -0.175625650731124 0.00554945111625103
0.0216345001526431 -0.00178604073194317 -0.180497619356607 -0.435595559807972
0.044480478374982 -0.0136676075540221 0.391624609610732 -0.506408934012683
0.0445015110087234 0.0441393295970899 0.823884058959685 0.205114721060011
-0.0258144803175104 0.0326575412094909 0.167241040144322 0.947267746607466
-0.033096317076229 0.0128163795425489 -0.416541630756038 0.53290898627525
-0.0355777629922873 0.0200026635403202 0.10227096022742 0.0466684548146965
0.00286024592205687 0.0439558621560167 0.399339506608493 -0.657482690194497
0.0371569332986219 0.00066375919187207 -0.416336888512518 -0.909075335694783
0.0300087811100994 -0.0381641626363989 -0.894468077000257 0.00528760388196695
-0.00781341813031437 -0.0264361632923615 -0.223933135023321 0.623620753427023
-0.0091509479999601 0.0226131192523389 0.295257725884682 0.329808319522341
0.0232236024900379 0.0364752203591829 0.196750735285616 -0.0717215972368301
0.0365875519764103 0.0207925697190856 -0.0842277348788661 -0.223987650912001
-0.00217289323173105 0.0166892127164392 0.0624432069576481 0.197302639223834
0.000902514489619211 0.014827052815925 -0.177802841843372 0.0207434311478164
0.0159187357554697 -0.00785703395382622 -0.200986783304043 -0.421522078075173
0.0514220206186495 -0.0234469831540138 0.360877875715244 -0.524425085746981
0.0652276925801688 0.0465779561150431 0.832398473538965 0.143216736549841
-0.0128103940335532 0.0578350725838852 0.228098454385087 0.922436385092318
-0.0492846723633052 0.0410726417061577 -0.390273499497174 0.550849053915509
-0.0618603386311736 0.0398519471302144 0.0920197016678004 0.0591783450780252
-0.0107799767174293 0.0698998101480223 0.429324668726427 -0.63635720013489
0.0489240505297628 0.0246316137040018 -0.354033326286538 -0.94269767982088
0.0487387151945849 -0.0349489240157201 -0.895722572272208 -0.0613747884449504
-0.00283868410867785 -0.0341576288844959 -0.264978302351782 0.608891726515479
-0.0155952145126587 0.0175796839149757 0.278204169313905 0.347573080094814
0.0154775006802787 0.0370033869819935 0.197889373761783 -0.0544450278383506
0.0273768974954808 0.026681131558381 -0.085967248137696 -0.219695867585853
-0.0107886622834005 0.0217052918834925 0.0606706457756873 0.199812546689648
-0.00655338338401018 0.0136560566905089 -0.17767297093633 0.0417632263907675
0.00752997496043279 -0.0150014267531069 -0.22170637116329 -0.397675253499697
0.0539279547977667 -0.0346240575019977 0.318030459400644 -0.542031185763637
0.0823274427204448 0.0459609321381166 0.835443601880473 0.0694093034211335
0.000812144937696331 0.0779476042226416 0.298671698229117 0.886964833677828
-0.0585936902384209 0.0649217833582694 -0.35828597199265 0.576475636465742
-0.0815992251809134 0.0542358912165154 0.0699143741850685 0.0798869476749381
-0.0259531131607621 0.089999437485424 0.4605212583061 -0.598918553317479
0.0549179950675465 0.048069171085749 -0.275804849271336 -0.978101013399757
0.0650423232260553 -0.0281314154904318 -0.894742167064171 -0.14259096268272
0.00236339350702549 -0.043632561151806 -0.3139592473961 0.591890088913827
-0.0229693996741134 0.00781452159004827 0.255630223755567 0.376746012307737
0.00458998803008797 0.0355482344285402 0.201288139987899 -0.033791516717105
0.0173882973182586 0.0303801368808904 -0.085469165765832 -0.216093780337848
0.0135443973451915 -0.0133872900131345 0.0903030351777275 0.19068117743094
-0.00603928986146267 -0.00783251101944696 -0.156260116616074 0.038229800438204
0.00462100150735393 -0.0261405629050948 -0.213943939450136 -0.381352588915934
0.0194183418703103 -0.020251892272104 0.319817082344348 -0.510248476570549
0.0016956581741684 0.0321762587459917 0.817225226865846 0.104185337179974
-0.0576018551359718 -0.0134855470861433 0.293562101907496 0.925810405939624
0.0098956795422998 -0.0744816179966456 -0.406718950139361 0.626698963877677
0.0403904269801016 -0.0604999907728556 0.00702620609816267 0.110621829518411
0.0238191395053381 -0.0400442333847853 0.394181320951232 -0.563048753922126
-0.00814167798616179 -0.0343728934317116 -0.329130255462481 -0.901832714813697
-0.0111283142773064 -0.0338833378601664 -0.894460767787745 -0.0514473609538137
-0.027616206855766 -0.0370076010284849 -0.292552794009808 0.64534296752297
-0.0292117792729747 0.000703073283414644 0.280609195847102 0.387175595903056
0.00857215314484615 0.0177586263587926 0.217826311483683 -0.0407252429513739
0.0418302230032226 0.00107620657138853 -0.0685160168295087 -0.228390853882597
0.0161540780379365 -0.0123437787144122 0.0898299897382515 0.186584992788144
0.0001594258837132 -0.00231385772912316 -0.157299054797376 0.0214771104094429
0.0123497507541715 -0.0162479479923904 -0.196317565818325 -0.398550868153742
0.0184482516762785 -0.0122236996302434 0.353325239349419 -0.495863074610856
-0.00434482879032412 0.0307299438803463 0.819263681741149 0.176188360968049
-0.0578485288268054 -0.0242532596068707 0.22611336853595 0.955512526465343
0.0148601374483808 -0.0741137969982799 -0.429938747244463 0.592896147076781
0.0404705680415276 -0.0563180730494934 0.0354965280034443 0.0851556711705888
0.0241236901898648 -0.0393028990042096 0.368706807134354 -0.598681786402027
-0.00917752270773475 -0.0395422842502256 -0.396085409011164 -0.876089121916026
-0.0141110306150592 -0.0361677843194216 -0.894380504957707 0.0163538067949387
-0.0258519169894351 -0.0288109813433733 -0.248050259897789 0.652933700787245
-0.0201610528827023 0.00963825281359944 0.297453978793005 0.358721905075628
0.0187208323124289 0.0213856871756413 0.21355207984661 -0.0617316328918752
0.0476326122728954 0.00125346463553517 -0.0713277147051594 -0.231362241494098
0.0174015967168162 -0.0086001055317395 0.0862201149511983 0.186780292091301
0.00536318261278336 0.00318586081153578 -0.162047703612276 0.00733801051918002
0.0173838992336352 -0.00764921823651052 -0.182367739642471 -0.420710698028016
0.0226557916537428 -0.0071244544529443 0.381733590646699 -0.488728873001502
-0.00107852050889508 0.0302440902595884 0.812264059271588 0.220592510498425
-0.0526164688344467 -0.024799557797905 0.171425585684697 0.966758549790443
0.0132495385141123 -0.0634460523338794 -0.441898802589038 0.561982586730776
0.0328196538832714 -0.0453624776542245 0.0643619782770496 0.0644801318283043
0.0215800965718361 -0.0292581330115046 0.355938487887571 -0.632709917058823
-0.00361408772615705 -0.0388371491113269 -0.443983682204844 -0.857764685124253
-0.0116159646643509 -0.0369709839575313 -0.887335661905229 0.0597539182341047
-0.0228446394587245 -0.0232031072867855 -0.211278391082345 0.650929902259001
-0.0119544300027735 0.0161844954863498 0.309483133253394 0.334275108987281
0.0264644842058787 0.024949128112173 0.206626916392635 -0.0764345432092761
0.0502588799575521 0.00272408265382209 -0.0764801688980583 -0.231665558572304
0.0161578644631083 -0.00321771775642444 0.0808116553136722 0.186872786031832
0.00809681839263414 0.0075192041124389 -0.165896061080908 -0.000241041995694067
0.0213196750314292 -0.00116445745116916 -0.174423311714872 -0.431919119432829
0.0270703973318984 -0.00560559515458011 0.398992412520936 -0.486517846745013
0.00924683788642034 0.0328730136742045 0.811434136437186 0.238331810440415
-0.0454830620143855 -0.013446504984825 0.146550755884422 0.969570596588802
0.00250193046094661 -0.0428249102868878 -0.439991119863447 0.540508920067505
0.0147574708079381 -0.0258840465999454 0.0866922901455522 0.0487947345901916
0.0178683210589589 -0.0106086523402393 0.353236504236239 -0.654608237052799
0.0070533323977114 -0.0318700974896271 -0.465753788471155 -0.856511242043171
-0.00214679434176569 -0.0386321058576767 -0.884615161968754 0.0730675469050474
-0.0178471330599739 -0.0197788548072378 -0.191642715693145 0.642983284003764
-0.00681651008300663 0.0213548543069136 0.310594132424253 0.317639000304636
0.0301268553935812 0.0288468701664236 0.200457976911955 -0.083515846971943
0.0488683677379125 0.00706071224050961 -0.0808920102231737 -0.228950420678966
0.0108657406526315 0.00297499917356862 0.0751534256339762 0.189599266996317
0.00977458484972785 0.0118991262474753 -0.170485314499687 0.000154820452603271
0.0226157900649734 0.0015198729188442 -0.17767160353326 -0.435874518358361
0.0356202423075882 -0.00757402936789316 0.398081137175071 -0.494755028334699
0.0257305382224089 0.0375164217890108 0.813698732088999 0.230117313838478
-0.0366798681928635 0.00612543006738963 0.149130126400204 0.958903116305951
-0.0154102509096749 -0.0165562888711122 -0.425553068973239 0.530725319068715
-0.00770900114809657 -0.00349197035126332 0.0987720743115275 0.0412645153938399
0.0119207376697897 0.0148659045186975 0.363112256127757 -0.665578318418115
0.021395595718305 -0.0182626662230695 -0.463558106679129 -0.868666038826374
0.0115590958850398 -0.0389437353453524 -0.882776279527803 0.0638584207516873
-0.0129731580981765 -0.0212170864258216 -0.192234729706508 0.633476166352825
-0.00580045876771515 0.0241141184474409 0.309869412826873 0.312749213717757
0.0291076752602484 0.0329016481105245 0.196210425973772 -0.0829636123892104
0.043551921269203 0.0123116146599153 -0.0845094337500856 -0.224943121752115
0.00492223357772886 0.00917973658610549 0.0687874263472854 0.192789033086864
0.00689189588686957 0.0140050956857831 -0.173737468174742 0.00763553878196699
0.0211932604184624 -0.00202920770517783 -0.188532952101612 -0.430912647709898
0.0432566890805365 -0.0141392283534058 0.382530706455095 -0.509481123103222
0.0457835998375387 0.0431999549066528 0.821223222380575 0.189891426844026
-0.0252246946243149 0.0323351864677555 0.183441848166404 0.939715262967813
-0.0332703235043642 0.012383477915278 -0.407135303179377 0.537171895321925
-0.033762522014248 0.0195576874129155 0.10158681062221 0.0450290202842182
0.00221200597543356 0.0425701920711181 0.385815761822303 -0.660865874520145
0.0372451479722227 0.000237100559207153 -0.429002838529126 -0.896310647538932
0.0291788455872128 -0.0386170384578788 -0.888322386145799 0.0206409590285862
-0.00799418673651041 -0.0269757303809252 -0.21249161007801 0.622748409952655
-0.0103990957596542 0.0232758076588179 0.298971071897346 0.322555995576949
0.024724918759536 0.035615182173573 0.194829777911198 -0.074155316051227
0.0363547257619576 0.0188121215342021 -0.0877132434990604 -0.221401705141578
-0.00291012203367658 0.0171385946926845 0.0650780864558738 0.194174964352249
0.0013518441928894 0.0145933059235971 -0.175692924989402 0.0237829546307314
0.0156888313015524 -0.00756673779521967 -0.208724929161242 -0.414846731371952
0.0506391748538129 -0.0247691406962598 0.348170385233242 -0.529311052005751
0.066435078806992 0.0445414618455069 0.829800582162062 0.128810417963979
-0.0127066201972023 0.0578345347154546 0.243716090582242 0.910840268219679
-0.0486993421922221 0.0417438809595431 -0.378634695548412 0.55151034954108
-0.0604031393695092 0.0413073008080406 0.0917240932341168 0.0568595214900825
-0.0088491713711467 0.0701170058008518 0.415271015704402 -0.638303912535941
0.049204960774191 0.0232401894834497 -0.368529485020694 -0.93222579267366
0.0469763253209414 -0.0350086029465126 -0.891091557642749 -0.0467963441971732
-0.00352399527020695 -0.0342087691884909 -0.253066318624431 0.608895718907391
-0.0152830519306919 0.0177595906264017 0.284254724390982 0.342160019214456
0.0162723524212938 0.0360175161743995 0.196255483389081 -0.0576406877890192
0.0280851780270844 0.0252986367281582 -0.0883352427787096 -0.216890383274714
-0.0101591937744971 0.0219094950194973 0.0628390482748974 0.196433404923804
-0.00525207973609568 0.014877319479264 -0.176028713857888 0.0445721134947198
0.00697357484191681 -0.0157493646879205 -0.229616998181037 -0.391597373440673
0.0523910321209401 -0.0357604146496208 0.30434124571845 -0.54792749658465
0.0836590314590537 0.0441369883415715 0.830971547654542 0.0541069629514731
0.00161816881552246 0.0784463975252342 0.3144967593762 0.87820364794556
-0.056219497775129 0.0642639387732352 -0.346365679980567 0.577942504580945
-0.0808970201143275 0.0545309626434237 0.0703938136689613 0.0774796880480555
-0.0250498027586533 0.0893760832263784 0.447719673213613 -0.601842799488396
0.0548942377714303 0.0464727883982148 -0.291517797516318 -0.969111554879634
0.0635342152791442 -0.0281544210153626 -0.891692200283483 -0.125477183049557
0.00238186168517754 -0.0444368830826694 -0.301999096030825 0.593404244294198
-0.0222181578101462 0.00774974226451818 0.262067051752953 0.36951529370309
0.00566779854167305 0.0343493019355912 0.199785388772988 -0.0356036161397677
0.0176184303919908 0.0298944470025641 -0.0881915699493692 -0.212739025215299
0.0136172815074243 -0.0136653590329801 0.0930254924914926 0.186487461940937
-0.00578066433635188 -0.00683792779976703 -0.153910501707328 0.040255799086273
0.00340320549640921 -0.025605810039422 -0.219449894594567 -0.374904353985572
0.0186955608872505 -0.0207067667509013 0.31040444492517 -0.511472120191726
0.00236399211574457 0.0316356632141247 0.809469950857854 0.0897227659336806
-0.0581590064286738 -0.0118463737323522 0.305342422909361 0.914671137643362
0.00755288174879754 -0.0740022756895169 -0.39516402383026 0.626345761806018
0.0395430673271925 -0.060602464089186 0.00822093622405175 0.109410002920695
0.0231725654439656 -0.0395302904578459 0.380809000909738 -0.563790578144953
-0.00878307007430971 -0.0337442964839852 -0.338149234303314 -0.88850586318492
-0.0121419404255582 -0.0330518935883902 -0.88862973578694 -0.0348533800483171
-0.0284734960067021 -0.035516713372912 -0.280150668688765 0.644023199112353
-0.029034659933261 0.000773536094891419 0.285451674694316 0.379783949237295
0.00921551630502955 0.0173763917768624 0.2151526063774 -0.0443838704288824
0.042106713475841 -0.000441860797723777 -0.0708535620655233 -0.226031612781019
0.015052422751231 -0.0120702506936841 0.0922969016149239 0.183398196583706
0.000345788107185024 -0.00188747591985337 -0.155218941463391 0.0238720642928824
0.0107704138933701 -0.0150412913488081 -0.201675549659622 -0.394092337343651
0.0186685352474946 -0.0123373229165242 0.340670766009384 -0.496514121924268
-0.00292375405848432 0.030427208612319 0.814962940204731 0.161224901043712
-0.0575709907150232 -0.0230312785727027 0.239228467219687 0.945596440752882
0.0129861779708597 -0.0744115413792615 -0.418980660218609 0.593391970119689
0.0396889447714985 -0.0575820184783648 0.0371519438390536 0.0838444824497104
0.0228410447303092 -0.0398089118905484 0.357180634675801 -0.599893720602669
-0.00941831045669694 -0.0395688998268276 -0.406947061194698 -0.861302314314346
-0.0154254256426677 -0.0356469806615138 -0.887388162842666 0.028239086490066
-0.0259446352565812 -0.0282365030718131 -0.237035363118104 0.649259201762386
-0.0196245506775835 0.00940653805364214 0.302503929165962 0.352482617974083
0.0185805411602589 0.0202349261477137 0.210400551229896 -0.0635266608163903
0.0478207034358996 -0.000810964569130285 -0.0747798997818231 -0.228245738040158
0.0157340517515592 -0.00913065387289155 0.0890808482989938 0.183879362724786
0.00544346123412403 0.00285909136414381 -0.160785490309626 0.00975729403034028
0.0171329579854884 -0.00663807092342136 -0.188306775275325 -0.413329959156823
0.0206504100292892 -0.00749477168236313 0.369945965264756 -0.490626768705801
-0.000445943572173878 0.0295712050375256 0.810101609596506 0.20426819449593
-0.0530313663774637 -0.0235079707534877 0.186163902786522 0.957459092382617
0.0110666855481096 -0.0633342660988268 -0.429559202101653 0.563396305038405
0.0320239383154577 -0.0444074793659913 0.0643661314948656 0.0630812444004673
0.0213022556949225 -0.0295536241572698 0.342662895737172 -0.631391595878132
-0.00475493601095647 -0.0384409510702761 -0.454071208346919 -0.844156299325721
-0.0122156941536997 -0.0376402378087039 -0.880299242995623 0.0738899434620701
-0.0227073790595052 -0.0225492226090682 -0.199675781589949 0.649691771011618
-0.011963623830799 0.0159493039539222 0.313210339800374 0.326421117912797
0.0262996589682893 0.0237145481265996 0.203782746692808 -0.0787685085169693
0.0495708275391172 0.00173804835526164 -0.079563284721076 -0.228334861934299
0.0148553502450755 -0.00413030402127709 0.083057050888609 0.183794413976923
0.00870916264144416 0.00888812334324995 -0.163343672834884 0.00152640237700481
0.0205665961543756 -0.000751131742922795 -0.181441396808633 -0.426597949714523
0.0268307582971084 -0.0058946327300743 0.388701915661634 -0.488876347911439
0.00995795530631481 0.0317580581231395 0.808438821405245 0.223844061737164
-0.045619820417137 -0.012283355782297 0.161298671348264 0.958338222133932
0.000239624290007651 -0.0427609138499181 -0.427615273467038 0.543632456706124
0.0147366915101446 -0.0267199501270404 0.0863652906912172 0.0469230232381508
0.0173192917245021 -0.0109249080226122 0.34064027758613 -0.654929681611715
0.00654935769201437 -0.031549524373221 -0.476806771813873 -0.841364427954271
-0.00386420033147983 -0.037973227064209 -0.875781523942334 0.0882907390897519
-0.0168909533827678 -0.0200839672438706 -0.178882701153655 0.640018147742672
-0.00641319476934681 0.0218354595793982 0.315765970834854 0.309735937103499
0.0296600882581913 0.0273235421735251 0.197635736865647 -0.0863826038265986
0.0477286518183672 0.00546356365082347 -0.0832468364084794 -0.225958933843011
0.0102663672635626 0.00277945732014991 0.0769468057360034 0.185761289411336
0.00971598977545223 0.0120964727833268 -0.168185778787631 0.00194843555343573
0.0225161789136096 0.000542751289856116 -0.184186496177921 -0.430781511380986
0.034005693636843 -0.00908205006417684 0.386936581797606 -0.498047871027473
0.0275742159682309 0.0360905716144221 0.809455019972518 0.215091305788045
-0.0362306167950965 0.00682015426902776 0.164281447679257 0.95041500890896
-0.0154120788416711 -0.0154756961542707 -0.415667574853345 0.534202700585877
-0.00787447019773099 -0.0030655824982794 0.0998467305474278 0.0388609924758927
0.0112266205541419 0.0143679689382554 0.34946387951442 -0.66301758266182
0.0213273716333854 -0.0185400002211795 -0.473951486789919 -0.854864907066148
0.0111030312159314 -0.0392023267017491 -0.87649687477478 0.0752527965944161
-0.0132075261777256 -0.0211327832523034 -0.182060025364631 0.632859543373446
-0.0051340230655065 0.0229317267667947 0.31261045045543 0.304634265074204
0.0297834655167905 0.0321046546343345 0.194205369377824 -0.0851543052941127
0.0437232370415514 0.0114376651726131 -0.0877042256936009 -0.222707208329862
0.00397236538546536 0.00961293505081859 0.0710834775427088 0.188474534795115
0.00654638778774031 0.0144653826837853 -0.171289490373907 0.0103134042460239
0.0201626162730104 -0.00227906807167077 -0.194379056982462 -0.426071741361237
0.0427893722166337 -0.0145975496149887 0.368142187005802 -0.513660768727035
0.0475803994968845 0.0405542259419275 0.817695578255814 0.175044339806747
-0.0251680370750652 0.0320119758871428 0.198339373386916 0.931014200201904
-0.0333541663295136 0.0124470865648908 -0.393537389925488 0.538181197812218
-0.033330262322785 0.0200485748990203 0.100874113721125 0.0422803317577272
0.00320169353838267 0.0427186839754553 0.373721546187434 -0.660532886966373
0.0368822021002167 -4.89308406859922E-05 -0.439643681562333 -0.882890436948285
0.0276192805579394 -0.0391892664088709 -0.880795104272513 0.0343567189225967
-0.00849509218530547 -0.0261063609043684 -0.200915815156055 0.621657273071571
-0.00830803081371939 0.0221096486477052 0.302424402853686 0.314246663752614
0.0245083982616277 0.0344295603127684 0.192612205582874 -0.0768738493440655
0.0370330993443909 0.0181574772042368 -0.089993902135587 -0.218789348444734
-0.00338214814299798 0.0165191881551019 0.0663427417479903 0.191142717715174
0.00183850731704541 0.0154296946486745 -0.174334314140812 0.0253057384632828
0.0149048034676365 -0.00662729829257658 -0.213853017057879 -0.408890735504114
0.0482430673419365 -0.025277835773532 0.336961556198804 -0.531065549464956
0.067163515251213 0.0427775244791292 0.823132371076648 0.114486325754409
-0.0118906751290001 0.0576874106061435 0.255623617987894 0.9012440071525
-0.0475032824090415 0.0413612572725816 -0.366155412324267 0.552942844266974
-0.0589538535147957 0.0411756948023751 0.0911971084322704 0.0545019178414479
-0.00900631848070822 0.0690251306563566 0.403168349007758 -0.639829656385717
0.048535052352265 0.0220640260470487 -0.379957739393593 -0.914551763075627
0.0459556650636362 -0.0348916177575718 -0.884029140162346 -0.0327842095510834
-0.00371124581818476 -0.0339953069875142 -0.240677688634156 0.60899714854036
-0.0148573285610202 0.0174208389993994 0.287622165838071 0.334860070771656
0.0163471217309876 0.0352018909992321 0.194221878491963 -0.0599680068588621
0.0273185402615333 0.0237047656071407 -0.0919904212935494 -0.21276227137209
-0.010637016772791 0.0217714356150216 0.0656855345744698 0.193566126170004
-0.00515902670934007 0.0136200778760151 -0.173628264196636 0.0456006266337876
0.00708026370812653 -0.0149838157582682 -0.234809371912296 -0.383278161797041
0.0505061170752538 -0.0361999651686699 0.292953166142467 -0.5478435364384
0.0841904853415016 0.04210641248702 0.823519837461384 0.0416685993647596
0.00238021692484375 0.0784852937911185 0.323995868244107 0.866133773497263
-0.0556625681283087 0.0647004058941128 -0.337492352958941 0.578827904743918
-0.0782652169195772 0.0564780012378545 0.0718442696935387 0.0748586765444124
-0.0228350975031503 0.0891265684314445 0.435386643616716 -0.603432784984119
0.0552687989279216 0.0462655459984297 -0.302866644612607 -0.952382000459421
0.0630612655353937 -0.0290861563545827 -0.886994610358725 -0.111442534864284
0.00121530434816062 -0.043958187931131 -0.289797184670716 0.596553624587655
-0.0228014957722901 0.00800132798301075 0.265460616421612 0.362260095977614
0.00650850434479835 0.0337934778318441 0.197158233853302 -0.039114821024867
0.0187802675127509 0.0284377948162707 -0.0910498345650562 -0.209814300330623
0.0121953157469499 -0.0132390224887167 0.0949091082095697 0.182211106679329
-0.00503041484819846 -0.00636903699100723 -0.151415867217349 0.0408101334671086
0.00252270728488203 -0.024811702811696 -0.22288216750956 -0.368954786090245
0.0173034802686052 -0.0208636340953749 0.299179699780036 -0.51251753794284
0.00342961704494731 0.0293046070063703 0.801083767718879 0.0764529705902796
-0.057469109524923 -0.0114906769341512 0.315500641222897 0.899461587714197
0.00618642845194183 -0.074068661226898 -0.382007996032497 0.625607859851831
0.0382002323464912 -0.0603491919016796 0.0106979688542151 0.107308912509815
0.0216909063070111 -0.0399385843991162 0.369800302279673 -0.561838771031057
-0.00944502949999945 -0.0331995843127337 -0.347685860338778 -0.876060146365911
-0.0125457471965955 -0.0329210514014426 -0.880401846884052 -0.0241805159715671
-0.0280902867967891 -0.0355050567378901 -0.267427745210129 0.641770794943307
-0.0275998251945688 0.00157934541955504 0.289375294925379 0.370804421269081
0.00985919782402014 0.0161108355753248 0.212796206310436 -0.0470675857170313
0.0412960014055693 -0.00141560982192438 -0.0743171080793649 -0.221662899222064
0.0149754785015927 -0.0129764766011454 0.0940771981572221 0.178492138508483
0.000423001466473037 -0.00226243105380751 -0.153672118581522 0.0255987427309703
0.0104421433089207 -0.0155054992534479 -0.205931364859413 -0.387554952829858
0.0183760859980672 -0.0126556232928901 0.329573567755961 -0.498781605730345
-0.00156208766496104 0.02916795255238 0.806719096441577 0.149922695548255
-0.057543015774134 -0.0212937905179307 0.251045983016013 0.931387244197077
0.0124168664889032 -0.073811510163672 -0.404538146729607 0.593536615309135
0.0387754835140679 -0.0563076686452499 0.0373836970569124 0.0814351150235969
0.0223488124736484 -0.0389581348818359 0.345155303313564 -0.597756493094434
-0.00984947898866391 -0.0385554091314478 -0.413217772912589 -0.847379712277273
-0.0149137959176109 -0.0358420152719377 -0.878441688845979 0.0405142071645584
-0.0261110336491833 -0.0276295159811565 -0.223953313952183 0.646324169740314
-0.0198056621587563 0.00961158073386543 0.305411615978761 0.344276592861725
0.0192317024883302 0.0196226681477751 0.207717778358878 -0.0660395748543057
0.0465997722662364 -0.00216727662484953 -0.0770511145038825 -0.225397769665625
0.0152888491688721 -0.00930709166824889 0.0893848722667819 0.180343974250336
0.0061663445999977 0.00292272921323356 -0.15768554101218 0.0115047307768419
0.0159583013440054 -0.00671181234631171 -0.191368819674201 -0.406513783881764
0.0204801984337793 -0.00729081517297977 0.360268181632871 -0.492347627631463
0.00145639891701804 0.029871549479129 0.804235498585051 0.1911532551543
-0.0537604086203787 -0.0224340679636404 0.198616025692026 0.945428713235658
0.0100613188717761 -0.0632067015171133 -0.41685030230099 0.562349483055693
0.0306165780851064 -0.0457257853745724 0.0635973312261142 0.0601514722843554
0.0194778838898532 -0.0295214924909474 0.331054352475693 -0.628119093448404
-0.00503510090287271 -0.0374616689642671 -0.459009588361616 -0.828436656539458
-0.0125772396349538 -0.0365293640506647 -0.869328016809028 0.0866198026030981
-0.0228454097912821 -0.0223748511407145 -0.187904834583124 0.644565931386201
-0.0112834742784194 0.0167525865836039 0.315370248541351 0.317915296644009
0.0268230520226894 0.0224746160571091 0.200795918541035 -0.0799982602677392
0.0496020642875418 -0.000236732393676622 -0.0812593098554086 -0.225023927495965
0.0132943365851437 -0.00412318930860938 0.0846174309237359 0.180976406177308
0.00914014801362917 0.0078125810136856 -0.161761320697237 0.00386976064236553
0.0201726769692751 -0.000523091816868684 -0.187881668796971 -0.419091321628558
0.0261593555352369 -0.00752353862176038 0.373972028802066 -0.491255821627354
0.0115673834586117 0.0309932947237943 0.802122944961465 0.209130852502057
-0.0457648789317868 -0.0114653774067163 0.17367699687744 0.948776160298183
0.000429167875441262 -0.0429690794309185 -0.41632951467562 0.542927438820588
0.0143540751288017 -0.0267418794013665 0.0855948047631823 0.0450187391594882
0.0174396383982918 -0.0107549853401726 0.327017995576675 -0.651153069449792
0.00539993226568677 -0.0306747230866834 -0.481588840139733 -0.826796116145595
-0.00316572446881272 -0.0373326913380794 -0.86606096337641 0.0977638976463354
-0.017144760813679 -0.0198023659785588 -0.168000276790123 0.637151739282356
-0.00553365912765783 0.0212497642605618 0.316708946614984 0.301740114743292
0.0302619822862186 0.0269010425466384 0.195025845193867 -0.0883555158447686
0.0480783773361801 0.00397683240123332 -0.0855323870520531 -0.222221562284617
0.00891522614719853 0.00240569104222253 0.0785038598201621 0.182880583558436
0.00951647064725339 0.0126041365191826 -0.166596348133212 0.00433559306529561
0.0221779887683966 0.000776593121889848 -0.18865142558268 -0.424024423187532
0.0338673445582424 -0.00951062709530819 0.3747396106758 -0.499423322067789
0.0272210342301097 0.0350673854360724 0.802684643459047 0.200975992347977
-0.0354668230999133 0.00755365380885189 0.174350375156457 0.937574301494047
-0.0149471227051976 -0.0171819626540149 -0.405519838688572 0.532109703036635
-0.0079638230509328 -0.00396207687366249 0.0988455206781804 0.037229110777595
0.0123803109064939 0.0133093579183343 0.335485226238031 -0.66165019187192
0.0201304468793625 -0.0184950967103578 -0.478291990094221 -0.839530377865861
0.010349361429574 -0.0384121941606112 -0.865289149770297 0.0874374977254743
-0.0128750755426032 -0.0201595187780911 -0.168863164489583 0.626841392840782
-0.00533943918698441 0.0236170109109491 0.315294203964648 0.296470951812371
0.0301561336642906 0.029727639820302 0.190429242095024 -0.0867127533670027
0.0436827468546832 0.00882618416434463 -0.0897701112276432 -0.219181573523004
0.00371108547557799 0.0088604986228151 0.0730370776779275 0.184793124567734
0.00650619831431315 0.0136894926747227 -0.170521853887153 0.011493639164824
0.0209366890297025 -0.00196860175324412 -0.200082487522449 -0.417495329066611
0.0420622309312703 -0.0154671267987517 0.355207090221673 -0.513396919524728
0.0472553393011231 0.0382696691040449 0.80925500311447 0.161945016730892
-0.0244796977322197 0.032753120980378 0.208140764587377 0.91754780814759
-0.0336570983011477 0.0133904653198909 -0.383447950911999 0.538067188980441
-0.033457510921023 0.0204312045623271 0.100969040473819 0.0398717513584451
0.00400722638433159 0.0423869310596291 0.358330356725395 -0.656742556036871
0.0354962891694404 0.000148074149658152 -0.445396662863018 -0.866768900879289
0.0265435190199443 -0.0385894312057771 -0.870240748781448 0.0457289077222132
-0.00778027508281201 -0.0255569101395698 -0.190251031799963 0.617958467464788
-0.00809384004558055 0.0223754482938522 0.306163180584445 0.306682510956562
0.0245518861768996 0.0332815149255152 0.189775798932308 -0.0781097516037374
0.0361674505408353 0.0156315704057875 -0.0922394675439213 -0.214498765861129
-0.00325935652131597 0.0166843750563338 0.0691758900267011 0.18660004683637
0.00209652048101543 0.0144788441888216 -0.170792704264367 0.0287521071292352
0.0144161436026443 -0.0071827272600584 -0.21882292044046 -0.402298449410024
0.0472272806568745 -0.0256407057129485 0.323777702756251 -0.530837319033778
0.0678241535584736 0.0403302938919436 0.814669634683585 0.0998463928044639
-0.0114748625618146 0.0573654913826046 0.266781681279245 0.889600316558815
-0.0461231197254448 0.0420575130533603 -0.356352530190405 0.551683513057292
-0.0570979551264224 0.0407009561501472 0.0902613986843539 0.0515084853615153
-0.00784034027097022 0.0685407656269797 0.38931516364191 -0.634644627046018
0.0487191891593467 0.0222599676906508 -0.387110773766586 -0.902831361439163
0.0444749262902255 -0.0357004679439284 -0.877191804549472 -0.0196292508117369
-0.00420321432133209 -0.0337042830614279 -0.230053786097783 0.605860460702484
-0.0146641882097049 0.01656006659652 0.288811848665013 0.326131342129389
0.0166009781734304 0.0339974445878386 0.1911315821892 -0.0621689303913031
0.0271620387330095 0.0224882479944611 -0.0946084687866312 -0.209995950903346
-0.0105123994512758 0.0218068603081186 0.0663747238777192 0.189798785671542
-0.00538836652463038 0.0141603011475111 -0.170473745634916 0.0479449973828641
0.00547561458355715 -0.0136828066886362 -0.238558244194502 -0.376224557276628
0.0494317913125722 -0.0369310566746383 0.28056366743358 -0.548136550913367
0.0841864185152282 0.039306357730188 0.814486866256278 0.0285270179734898
0.00378715733589284 0.0772744795343864 0.332721216036211 0.852917635162569
-0.0538703439655818 0.0647847947541134 -0.324526729968633 0.57630703087085
-0.077529823313326 0.0562770062585532 0.0714845422726518 0.0731007594192395
-0.0211863693020691 0.0884102301369924 0.422846676876104 -0.602142469584645
0.0549257866334395 0.0452777023400129 -0.311561201345513 -0.940283035514633
0.0612497420984902 -0.0297288924291828 -0.877741248075004 -0.0960561905676195
0.00162899615261036 -0.0437155539215208 -0.279097943396439 0.59339483925265
-0.0223020578039842 0.0081407522548093 0.269491005913886 0.35535549991321
0.00711645032842106 0.0329809412176632 0.194867588408161 -0.0410260680837393
0.0181722070843645 0.0272574504342468 -0.0933495494793625 -0.205619435954911
0.0108811377663847 -0.013196862768821 0.0947313761349925 0.17897827137534
-0.0059948985098123 -0.00544498261609147 -0.149103374553243 0.0414837191560311
0.00199888888383433 -0.0243867421117471 -0.225986200846835 -0.362752952464542
0.0164074684259567 -0.0216389903360862 0.287291369882791 -0.511622385796271
0.00457776364919295 0.029075305423121 0.791899632766471 0.0673787790592815
-0.0575233845847055 -0.0102596260239868 0.321434614133411 0.885918081843774
0.00562290977884022 -0.0724959105570092 -0.370081282610359 0.622003727577343
0.0370867147072756 -0.0600423589794857 0.0106300667673573 0.10523902404498
0.0214130299364687 -0.0400985362447584 0.358365903509028 -0.557595743262941
-0.00986257094025203 -0.0317138446001844 -0.353462645441336 -0.861947358548072
-0.0123310496666269 -0.0327890901347603 -0.869895293916685 -0.0127978936728079
-0.0279986756472111 -0.0342517708573282 -0.255966058672539 0.637166350619736
-0.0281522054317363 0.000526317131363876 0.29033171245981 0.364068799554045
0.0102274393496797 0.0158012923720663 0.210211037242689 -0.0477430315039017
0.0406631727834912 -0.00198490588695718 -0.0752321970072623 -0.21833452445897
0.013578552792566 -0.0126173349617374 0.0947357364089037 0.175093683142799
5.58328847297552E-06 -0.00191601120310947 -0.151412923776424 0.0256889133087163
0.0091849967414512 -0.0147279479874227 -0.208814330026718 -0.380582342504839
0.0172505131872712 -0.013516694732096 0.318403003573314 -0.498092899230736
-3.9461993959166E-05 0.0282135928538203 0.797827238377651 0.137035791523613
-0.0576619649305885 -0.020884355410739 0.25921421196065 0.919862359490826
0.0109909417596529 -0.0728422633888444 -0.393910646981691 0.590710103545121
0.0378926324358763 -0.0565206472506919 0.0381549507220936 0.080290636770235
0.0204873392073451 -0.0395565037726855 0.334753886263028 -0.5929104166287
-0.00971771516070047 -0.0381521569122229 -0.416923994421751 -0.832361492021417
-0.0159084813898385 -0.0348693900347048 -0.866741995255772 0.0503007490776416
-0.0260750675924048 -0.0272294111517736 -0.21349181991126 0.643337085961093
-0.0192971278155623 0.00887776426825694 0.307816605770885 0.334689770951543
0.0199017409634456 0.0183702089730521 0.204971441479648 -0.0667297914968028
0.0467339375169665 -0.0033654778829359 -0.0788001183473818 -0.221648710335135
0.0144675710452542 -0.00919142252038983 0.0909108433289105 0.175818059275646
0.00642877953355183 0.00405944265030802 -0.155702481147907 0.0128237095109178
0.0158447422042514 -0.00635328372721073 -0.196405095961458 -0.400100035594892
0.0203035857143093 -0.00827643287669856 0.347678628816274 -0.490858539969592
0.00223961906899085 0.0286256038851792 0.795912500460281 0.180612521959367
-0.0528775986800332 -0.0203384845784748 0.207810659282614 0.930988803441593
0.0090611529054682 -0.0627582522808695 -0.407645775151748 0.559846043055439
0.0311106577936864 -0.0451835870619832 0.0638209523565199 0.0588697077386381
0.0188047477127204 -0.0287939110131839 0.320452471618146 -0.625138842230719
-0.00553922584778514 -0.036939579476558 -0.462858195214143 -0.814289662828203
-0.0129243715449456 -0.0361409807358027 -0.858652328731227 0.092796920993472
-0.0225747359328296 -0.0214446440579075 -0.177283599995349 0.639625680798885
-0.011232891200404 0.0160983511952812 0.316501293216705 0.3095778280961
0.0272546819050878 0.022146579308842 0.197906430751389 -0.0824343103883393
0.0485908182860174 -0.00181174244134416 -0.0827850957334427 -0.221263071684049
0.0126417316126664 -0.00409995154465524 0.0861537414025087 0.176813573281492
0.0091041952509941 0.00805313623834055 -0.159927657754009 0.00463815524611903
0.0194742704052377 -0.000651514772004307 -0.190206654170947 -0.411396515107081
0.0250144258054029 -0.00695397455847159 0.362794688470163 -0.491343712326013
0.0118431334284428 0.029267610088989 0.794308341899037 0.196986133955321
-0.0454540069976447 -0.0104120529484487 0.181428032855356 0.935982864765201
-0.000485156113587258 -0.0427769407576519 -0.406070290530752 0.541252707112087
0.0149086800371978 -0.0268971753571452 0.0845637766976682 0.0421715333647466
0.0164189122863 -0.0109616492068795 0.316644145925966 -0.645732820532275
0.00547989757245282 -0.0314670713292093 -0.486918203734584 -0.810437957778765
-0.00414546209999166 -0.0376656557535833 -0.854687820759266 0.106724585674081
-0.0171925113961477 -0.0192197398672174 -0.158815842373885 0.63093053307199
-0.00649317023558101 0.0208925903513854 0.317781467701792 0.292951327015252
0.0310678584100122 0.025705407888296 0.191055437721442 -0.0892819661931692
0.0481075908538064 0.00259516870907073 -0.0865897040422508 -0.217965297328574
0.00872114234425723 0.00210421850172167 0.0796320565017706 0.178872354140223
0.0100094656780739 0.0119508778956129 -0.164904452431769 0.00599190440731662
0.0209794817928669 0.00119634626997641 -0.19519838930741 -0.416969137379427
0.0328937763986772 -0.00965097108267584 0.363042310683483 -0.499688733096181
0.0281971072017491 0.0333517947063848 0.797307496013568 0.188253769170198
-0.0362587369755747 0.00781780300522608 0.184981350188135 0.927274733372298
-0.015349677040154 -0.0162478071113689 -0.393722704068746 0.529481209095148
-0.0082017341283379 -0.00338702996817658 0.0980170338523612 0.0348910492207175
0.0116380966933792 0.0127901253141664 0.326198590879879 -0.655912477799186
0.0189345552117193 -0.0182222048038917 -0.48304035456249 -0.822842738177838
0.00986364251795657 -0.037707009733062 -0.852187796101669 0.0955241460101545
-0.0117249539644863 -0.0203387723848163 -0.15851131883423 0.623065464143424
-0.00461288933153076 0.0231660120186729 0.316863880878389 0.288413182040155
0.0308161657953465 0.0282994141648525 0.187589232952945 -0.0885649047345105
0.0423047415323591 0.00854152762241906 -0.0913350903480608 -0.214057582124283
0.00317638069521642 0.0102233604024497 0.0747338869552131 0.180561952194008
0.00673869372026158 0.0137332300904258 -0.167905617827164 0.0135410249827469
0.0195461922945372 -0.00103852285452702 -0.20553666322496 -0.410272224203793
0.0401193277852885 -0.0160168614223787 0.343772788345369 -0.512193554321372
0.0478996632376098 0.0378465658624719 0.802019083291933 0.149717587443247
-0.0247024949473795 0.0332108883066666 0.218070918331522 0.905536106988236
-0.0326693295093825 0.0133849298588829 -0.371279489709891 0.534754445824987
-0.0323841502191026 0.0205936056843401 0.0993151110987254 0.0378074651324
0.00467396678592715 0.0410712224611198 0.34846485411065 -0.651991677074513
0.0357629588781636 -0.000207407564616006 -0.45166026715292 -0.853265355368283
0.0262623157553436 -0.0380048708592257 -0.859777265381022 0.0545657383007376
-0.00866022634869926 -0.0247089309263273 -0.181195342737512 0.612281434001705
-0.00774261079887282 0.0220962661065754 0.305898417662547 0.29915904250742
0.0251123240461603 0.0319482515117098 0.186866244387255 -0.0801917918055563
0.0358933385124437 0.0149157794299823 -0.0943556493984444 -0.210922045058061
-0.00443483203219874 0.0162159987946069 0.0708147527307346 0.183866442202219
0.00217622273967982 0.0150818824024324 -0.168847985021852 0.0294317476547074
0.0140213988235521 -0.00718858508396985 -0.22174929448554 -0.394230246018607
0.0461309225623299 -0.0261790573737708 0.311817161948183 -0.530885150820621
0.067400437532988 0.0394162392642768 0.805159113672477 0.0906372889670666
-0.011030574299927 0.0575818774508835 0.274544272696323 0.876623400839158
-0.0462296095653706 0.0415069237365148 -0.344830181155113 0.550075997059004
-0.0564000163806343 0.0413403598588654 0.0903036684338575 0.0511272747231476
-0.00670805365277009 0.0678573227404263 0.379282997263829 -0.633688892446886
0.0484799416377522 0.0206057690452286 -0.39382613646187 -0.887464805531532
0.0441847669763494 -0.0354154116418595 -0.866334089268837 -0.0101801851139112
-0.00459189327713271 -0.0330006906462636 -0.219170115390444 0.601300089485019
-0.01429192717117 0.0169869134706799 0.290596063364793 0.318285944712276
0.0172901188315594 0.0332109659392497 0.188593090823748 -0.0628838487813383
0.0264833034738614 0.0207788977241322 -0.0955996990531328 -0.205809455650138
-0.0105805489957896 0.0219791717477125 0.0678147185803335 0.185178557311441
-0.0049673267960914 0.0149393550525247 -0.167749658397697 0.0489411457866226
0.00473697437171368 -0.0144258549290095 -0.241960164088663 -0.370142002587625
0.0468215453691028 -0.0377418044789441 0.268999844937704 -0.544538966314772
0.0840722207678276 0.0375390797377948 0.804041528534743 0.0178503554266807
0.00346851241668342 0.0767073474158965 0.341757266672402 0.84145567686928
-0.0531265497422723 0.0642678164172349 -0.315051922832215 0.573297160443116
-0.0756265580283215 0.0562108246549969 0.0714142370201322 0.0710640999190491
-0.0206451923095058 0.0871832965504024 0.410312253689904 -0.599057177922954
0.0547641089707136 0.0443000056274877 -0.318841709395805 -0.926144844074917
0.0602333865431726 -0.0302020394894425 -0.870225588520756 -0.085934650494342
0.000977648244237423 -0.0440269949785542 -0.270569777059198 0.590806838551459
-0.0221256094618143 0.00811770647289702 0.271698578538925 0.347891570140477
0.0073043379875101 0.0318615295679674 0.192709636924093 -0.0429725275755379
0.0184685885770855 0.0253901256723814 -0.0946329360205281 -0.201823144172507
0.00998879101180598 -0.0124006174560276 0.0959945328404656 0.174547575279164
-0.00575774800683566 -0.00537548569040009 -0.146450669897143 0.0424320288386804
0.00157401463564682 -0.0239108541109313 -0.227577027615936 -0.354922260163507
0.0159444999884857 -0.0217313324608707 0.278512392373833 -0.507372541052718
0.00546891637750408 0.0283185938225174 0.781914833529257 0.0581761035070733
-0.0575580191643341 -0.00977433611452791 0.327812777665823 0.874037942748949
0.00430008044211654 -0.0724887459893481 -0.359601093009403 0.615871910338924
0.0358208218487296 -0.0602826378063327 0.0107738868039765 0.10477654781876
0.0205145276976634 -0.0399976957006436 0.349328483421131 -0.553101904543412
-0.0101317424479475 -0.0319077864017848 -0.354612968254941 -0.845690249071106
-0.012020176052452 -0.0320128110813955 -0.858958104873982 -0.0052521159480448
-0.0276705996909189 -0.0337016869465293 -0.246336266907227 0.631234759297676
-0.0278751968829883 0.000772257104676788 0.292712382496526 0.353836132974708
0.0100348085555291 0.0152932969939728 0.207659341541964 -0.0493299812013405
0.0405376910677475 -0.00341957899472919 -0.0765604165502936 -0.214247901879568
0.0127508746774581 -0.0123926921252893 0.0953619866736284 0.172036377444248
0.00153321453355937 -0.00160337835535082 -0.148860183198951 0.0259634667439815
0.00980135365522423 -0.0136005785736958 -0.210460240016118 -0.374334021614491
0.0161607600326525 -0.0141098103209323 0.308919533106853 -0.494218792900838
1.71488567732182E-05 0.0275704707832257 0.788281970893135 0.127920594620831
-0.0578223961675 -0.0205728491764346 0.263416519382722 0.905388397129108
0.0104437400043084 -0.072271621955301 -0.383764239691881 0.586361527294558
0.0372833964659205 -0.0562650482437328 0.0379791586529154 0.0786657767172689
0.0201459386344645 -0.0396011027121951 0.324777950963785 -0.587391516903837
-0.010753970045523 -0.0370655318563948 -0.420099640228965 -0.817273567729161
-0.0171729674982294 -0.0339973300275573 -0.855390010110522 0.057431508096674
-0.0265380508830904 -0.0271292863811148 -0.203338422681486 0.636341509305959
-0.0191505340681803 0.00901993680723921 0.307185643358414 0.327035158124816
0.0193435097228038 0.0183008402426214 0.201795396098792 -0.068518973184887
0.0459143895486573 -0.0042876764579285 -0.0791100311084525 -0.217624493468109
0.0132812222694943 -0.00881403907422638 0.0908834373277322 0.172097960497434
0.00555745100409775 0.00350604808040323 -0.154121472309214 0.0134642541072707
0.0152099159407363 -0.0064971976023026 -0.199014370972097 -0.393038364377266
0.0188070829995892 -0.00904799765652381 0.337621705925471 -0.488183924472845
0.00288121084020072 0.0267618968148386 0.787735471420909 0.170090828064757
-0.0527032083686935 -0.0197301947938449 0.21290262585461 0.920184379529316
0.00870380469868714 -0.0621005773352089 -0.397433054462377 0.558174137284519
0.0292803149468816 -0.0446819595580182 0.0635161805222852 0.0563134978519766
0.019225496798013 -0.029942865602123 0.309269331419311 -0.617254577435253
-0.00575346694106734 -0.0366732100624085 -0.462820140625769 -0.796788101709745
-0.0136325419048078 -0.0347238442276975 -0.845481070502389 0.101882292019267
-0.0214979631011096 -0.0216181087469603 -0.169552732637442 0.632739649859749
-0.0115006010198855 0.0153259549191299 0.316256780977032 0.30391772693915
0.0275255207352392 0.0208408584622551 0.19427355572077 -0.0824128039538797
0.0474368701550883 -0.00172690396740564 -0.083005146216486 -0.216948098013026
0.0122133095974259 -0.00366378516731122 0.0855244187885434 0.171530988897218
0.00854748020388003 0.00802765221646048 -0.157985446158957 0.00704152732931787
0.0186366246069656 -0.000555644359839097 -0.193119498228794 -0.405117354084224
0.0236513795820177 -0.00670627250853479 0.352697493247575 -0.488243936170674
0.0130539479508807 0.0284201400573719 0.7846067956472 0.188095861972338
-0.0453803949973822 -0.00984240984965289 0.188899216310367 0.923810236182308
-0.00137474631663827 -0.0421908902908642 -0.39567358147104 0.536829051092872
0.0141908689630509 -0.0264545376653741 0.0837549990174693 0.0408656530611077
0.015303418068977 -0.0111839549730515 0.307668740498205 -0.638833016978717
0.00426848540488492 -0.0299947003252198 -0.485331302750675 -0.794784867404606
-0.0044554417426164 -0.0365493275932345 -0.842527502173314 0.112412544092151
-0.0180945107349522 -0.0186757112974435 -0.14999134392205 0.6268901909063
-0.00598562414269525 0.0198520193971672 0.316201334419412 0.286279876668252
0.0311700309062713 0.0242040571996115 0.188127446905262 -0.0896193794217954
0.0466875577429074 0.00178328700798095 -0.0870859437124221 -0.214870489503318
0.00821383713274966 0.00251755704519284 0.0798032497312887 0.174943237813462
0.0096014065964064 0.0116054625348256 -0.162582582152674 0.00706563619883013
0.0203882614776656 0.00122631653004276 -0.196472708495003 -0.408895294765392
0.0318335447148968 -0.0100272837891466 0.351387780427201 -0.497290573442172
0.0281896282234319 0.0320220413194063 0.78786405360721 0.178935924004198
-0.0361588388148161 0.00930059343245443 0.190867190703353 0.913762451660974
-0.0154948904026725 -0.0156060408098201 -0.384611543293532 0.526352557042062
-0.00706989680363926 -0.00450384578278598 0.0961648311368021 0.0336680429110192
0.0117059654387953 0.0125047690808655 0.314850496510067 -0.649616129088561
0.0184835221710628 -0.0182039097512531 -0.483112787689967 -0.806038923664011
0.00921535507948646 -0.0386355900873143 -0.840585561769534 0.101926684325917
-0.0132524010840712 -0.0204534686126786 -0.150957811749323 0.616797383234988
-0.00481551042983338 0.0231285403922321 0.316417271569592 0.282325021218803
0.0302520081927837 0.0279343373061854 0.184509334855406 -0.0883143025821173
0.0421106876107091 0.00722317451923484 -0.091741271200816 -0.210253594666557
0.00283065208586172 0.00948447725927914 0.0749256967097174 0.176581010677999
0.00810438705783359 0.0140668087268875 -0.165351356010511 0.014106304106032
0.0189997319086504 -0.00122675888783235 -0.206519232807082 -0.401946780127418
0.0393752554023185 -0.0161686874086656 0.334003543156291 -0.510208603837349
0.048755523942858 0.0355771215976879 0.792494782342226 0.140531462269102
-0.0247318312292396 0.0330121130881534 0.222665409255333 0.893024588658479
-0.0316024398337266 0.0137841931158892 -0.363499565886488 0.530186510879926
-0.0314247206990541 0.020051318884979 0.0986867342926364 0.0354167313552837
0.00421514114875203 0.0406676015139885 0.337972621584223 -0.643760708001467
0.0338458594383456 -0.000176701242959602 -0.450136038973892 -0.836065745792588
0.0252382691176259 -0.0377355448096566 -0.846503004843744 0.0622457353088002
-0.00892058985929365 -0.0251479821591277 -0.171818561620118 0.606726572293103
-0.00777328920204998 0.0214464158194182 0.306139199016028 0.291139562700234
0.0260960198319526 0.0304108641880776 0.183788112182487 -0.0798306638594078
0.0353896496429884 0.01395496693203 -0.0943023888143129 -0.206436621554749
-0.00404733317390658 0.0160428964525386 0.0705453707680203 0.179350284202199
0.00250507266375672 0.0147178672926715 -0.167289223724626 0.0291671955981489
0.0138366397300484 -0.006923053128687 -0.225323937206501 -0.387579428914689
0.0447951596475933 -0.0261266580940812 0.301797323187022 -0.526651031611729
0.067455233332298 0.0369690217983476 0.794758350827669 0.0814893622056632
-0.0109345309896378 0.0573045610963703 0.278934436243772 0.863474187000941
-0.0452801360416745 0.0415449089855397 -0.33669324954316 0.546017760614089
-0.0547152649251803 0.0416844055572196 0.0907153319808091 0.0482168215784617
-0.00677974188635952 0.0663096698639701 0.368486252434288 -0.625551944600856
0.0468757158822883 0.0213684356350003 -0.393666939319267 -0.872145634750735
0.0429698426690604 -0.0354243280842134 -0.856187256651753 -0.00159091660965879
-0.0044316118745314 -0.0327945078658584 -0.211000340297886 0.594359522570397
-0.013010368317059 0.0171955707264093 0.29137710518497 0.31156847206894
0.0177190719033683 0.0318520603084129 0.185196745545043 -0.0645440113738602
0.0269390281772597 0.0201661107232381 -0.0954129008398039 -0.201642421982565
-0.0109654387356976 0.0223339243672031 0.0692698292282142 0.181553947524326
-0.00487304612524662 0.0151033488630771 -0.165110690793888 0.0499063763214591
0.00461616536673082 -0.012708792995196 -0.243377088587553 -0.362507295736592
0.0461103135050628 -0.037686337131043 0.259621581471493 -0.541552210770456
0.0843125169968869 0.0351354396588665 0.79399210621286 0.0114700484761875
0.00403662838052238 0.0760816793380927 0.345363941818376 0.828219109120728
-0.0524274195417871 0.0641590721799884 -0.307066190770752 0.568340012556727
-0.0742716110675637 0.055735229389099 0.0704019067143817 0.0683619810716559
-0.0199062758295773 0.0868147441602401 0.401132257066023 -0.594214631466978
0.0536043736976213 0.0426263448967711 -0.323583389135411 -0.9109910460171
0.0594503239832835 -0.0303045483403674 -0.858026246406645 -0.0768767265366584
0.000426473187077066 -0.0429293799739091 -0.259951393766105 0.584638948951627
-0.0207101312131779 0.00843989365138845 0.271572246012944 0.338798652903906
0.00807890479406487 0.0308405460781911 0.189766738125414 -0.043989108400956
0.0185008690056059 0.0246198864016056 -0.0943599760550753 -0.197764030394083
0.0117730957042973 -0.0114271449160847 0.121796077907901 0.152764428130116
-0.00627013361315191 -0.00128111665872326 -0.137707622405354 0.0642279187419175
-0.00975497602607274 -0.0213415432125262 -0.277318537331202 -0.31579604038231
0.00291795149547798 -0.0321627844337276 0.199626627188893 -0.545250119466777
0.0152934990917376 0.0098493471016021 0.779514410887859 -0.0579966590978662
-0.0454982827764005 -0.00690638933568107 0.445562980959022 0.820239782669307
0.000231248973222315 -0.0664528412150848 -0.278093962017087 0.660034207729673
0.0294431750975973 -0.0624599248984349 0.025154937061285 0.100448852328395
0.0112404313549649 -0.0458683110644801 0.267348237465717 -0.59818640800012
-0.0200147798929897 -0.0342436215241804 -0.482122224748621 -0.783120016113607
-0.0225661594501254 -0.0256705664273532 -0.847508390634484 0.125653045879763
-0.0358504323704935 -0.0232710850493146 -0.146345159958895 0.656171419413159
-0.0253433449981821 0.00826160492156645 0.34024652915621 0.302839158500651
0.0150654828091471 0.0128997828910891 0.19401810430838 -0.0806306767005307
0.0372963695576815 -0.010998894025171 -0.102406975731802 -0.198228077086283
0.0139700179780225 -0.0115205509061791 0.119900414459005 0.150151406388492
0.000360490876854246 0.00186351413760586 -0.142527571557498 0.0492946772590927
-0.0019092283447702 -0.0136224309895477 -0.263973119384767 -0.337435762919744
0.00429006452048192 -0.0252154223065353 0.233128877802913 -0.535037085786162
0.0116547737634758 0.00997932896720461 0.797594920525409 0.010065054217078
-0.0466736427644189 -0.0153922466932209 0.387531579328372 0.859497434057243
0.00543138851242703 -0.0672326159324386 -0.306265579154212 0.634521527828075
0.0310852318544658 -0.0597446514546508 0.0487045405811767 0.0719348475397849
0.0117207162260735 -0.04482111305328 0.236880933491149 -0.629206528189921
-0.0224074055071486 -0.0382934379176074 -0.538896024037036 -0.74470580875668
-0.0260454633220904 -0.0258477272697397 -0.832434577969343 0.187656208724741
-0.0329423248854484 -0.0148463084886989 -0.103490627391683 0.655319376898885
-0.0156609680378575 0.0146885346446305 0.352849873162905 0.272365629681551
0.0246770777668405 0.0142777844743761 0.185363937159288 -0.0972574461256947
0.042535386990953 -0.0126056201589034 -0.105582796533499 -0.200531801850826
0.0148914290893856 -0.00867927870683149 0.115748685700241 0.151417778175594
0.00567393732649597 0.00573708554154595 -0.148817204289685 0.0374674915304518
0.00681348839286484 -0.00665008276132415 -0.254217813168166 -0.356737434621918
0.00884026741690927 -0.0214876711795262 0.261490709723831 -0.532681417618946
0.0147260743973622 0.00920990660384126 0.800883670306736 0.0528567271810377
-0.0413814647532508 -0.0152568796191461 0.340006150855019 0.882558741611404
0.00544617009248546 -0.0570116960757069 -0.321787312241405 0.606452133857098
0.0248559733001087 -0.0473310712183196 0.0701728483292373 0.0474646074237821
0.00997308187488426 -0.0351506643538353 0.220005820722027 -0.657726093701292
-0.0172069045837822 -0.0379352865283374 -0.580754223802686 -0.71763941137462
-0.0223007397642804 -0.0278126971550631 -0.81783103873218 0.2292725554937
-0.027016700778609 -0.0106775834173771 -0.0698662336244893 0.645771028517016
-0.00688300160266517 0.0199574513631296 0.356541672260778 0.247120785079611
0.0320110564644973 0.0159400880890212 0.175647538061707 -0.109689159179492
0.044163418726702 -0.0102384273919838 -0.11012824833709 -0.200382335267375
0.0142628331122549 -0.00353723609146143 0.111209185956063 0.1520603132656
0.00911541958695192 0.00958115526760673 -0.155169411138505 0.0312680678521955
0.00898404167532602 -0.0027737371015356 -0.250222422793956 -0.368739834469976
0.0143810046558518 -0.0208368834463311 0.278218780045579 -0.535065542435366
0.0244211747038693 0.0102244970270977 0.802583156645443 0.0688611774330303
-0.0332531455276495 -0.00615107382194379 0.316985629564879 0.889104806719495
-0.00127978959352724 -0.0359733458915352 -0.32452833737107 0.587801792037531
0.0120244948140919 -0.0273193334386481 0.0883778845593059 0.0290027735234466
0.00966518565745985 -0.0170086944373618 0.21213740174603 -0.677552048566058
-0.00558510469061766 -0.0330402449334398 -0.603312343365039 -0.711484506371051
-0.0141425031409807 -0.0305492512922629 -0.811816151270481 0.240843117141915
-0.02255980561105 -0.00885285249376587 -0.0529731788560388 0.635804941727593
-0.00117346113840205 0.0229355922508362 0.355811405089264 0.231224544987717
0.035815070665153 0.0189051060077095 0.168521780346551 -0.115657030048208
0.0434779264708377 -0.00662654625213352 -0.113133440423891 -0.197270953741159
0.01074430286595 0.00351080274424176 0.105995301744088 0.156707563383242
0.0102979312215642 0.0130586564724151 -0.15888352796338 0.0322610683246624
0.0111323790175634 -0.0008422992856487 -0.253393900151905 -0.37166785989262
0.0207889290846549 -0.0247091710575638 0.276354568373252 -0.541775026468945
0.0393975105525943 0.0112495618235231 0.80200912133075 0.0612897287638291
-0.0223719364883748 0.0104291231126403 0.319065637327263 0.878445471527022
-0.0128543292450454 -0.00941077808573239 -0.315227670765731 0.576892319377545
-0.00703783440362801 -0.00346045875545074 0.100093624641507 0.0193565823426345
0.00851617848278578 0.00760341551276845 0.218573286850768 -0.689546387925951
0.00950646194727978 -0.023050835377807 -0.603308702133139 -0.724330293426076
-0.00156085559260811 -0.0327593941736155 -0.814099770073879 0.230225892678237
-0.0185824846736705 -0.0108837511372854 -0.0548617800638534 0.628705823230955
0.000107898434739115 0.0249173291265739 0.353127481323442 0.22777295155822
0.035939129806383 0.0224609873654378 0.165179876734508 -0.114159317584805
0.0393107144807803 -0.000615968216858463 -0.117785722362746 -0.192826010174811
0.00567203432609539 0.0109413613467641 0.100177170218136 0.16045312147574
0.00890785557332142 0.0155349508467243 -0.160431715695896 0.0392512691793824
0.00940467262586981 -0.0024731435914177 -0.263360119256995 -0.364145983604016
0.0261391700920178 -0.0316339961557786 0.258445112623071 -0.55305458742339
0.0581005365654609 0.0125372753761923 0.802730826768671 0.0239048937809815
-0.00816119452216283 0.0325982935897025 0.347689396664384 0.856935157475244
-0.0247898881134892 0.0208963967148376 -0.295666931442588 0.579583147509423
-0.0279382359849899 0.0224130707981944 0.101364569150454 0.0214343450279708
0.00394877983589684 0.0351167608218264 0.242223742243969 -0.691130050869136
0.0271430767659696 -0.00900291062647309 -0.57679330674571 -0.756147686778196
0.0142767728617359 -0.0347050924245515 -0.82382829038383 0.190495270366707
-0.01414476492132 -0.0156185265436869 -0.0765719165130666 0.621089809211757
-0.00309661364480999 0.024225174337012 0.344737571012804 0.239373298162582
0.0314680346029851 0.0256364761276265 0.165886479753479 -0.106214009833278
0.0338754907709067 0.00696054367050875 -0.118391540887016 -0.189125011369726
0.000580303783937235 0.0193125576492608 0.0968739547249067 0.162832481180721
0.00393383123289813 0.0173481701390689 -0.160069870019784 0.0555302513038858
0.00412742230618094 -0.00688148531572233 -0.279102313644678 -0.347003835409553
0.0293614941466162 -0.0412901414606784 0.22432654080308 -0.565055780931137
0.0759471675830165 0.0110209351707125 0.800303140962558 -0.0353634742192659
0.00749337197329685 0.0539672241724946 0.398550284318239 0.819825939199606
-0.0335777292345093 0.0490397587178579 -0.268549400800879 0.590502553749222
-0.0485562532849689 0.0456797002832154 0.0933227392256714 0.0338882321311241
-0.00257823631761364 0.0613698157870449 0.272440628753649 -0.676230731169079
0.0427532212066458 0.0111844937324795 -0.524753004048713 -0.802401834201579
0.0314017249460422 -0.0349955478622748 -0.843146451244111 0.130129910949054
-0.012857277823087 -0.0253525638385466 -0.11681376754321 0.617048476586314
-0.00937908763122445 0.0206152543644549 0.333543767400454 0.260725351272998
0.0244691165702043 0.0283076677566466 0.170468149412746 -0.0921715116626097
0.0255930265241963 0.0136582660454261 -0.120279847502563 -0.184674400073895
-0.00534076095473028 0.0242844323284484 0.0956229997144185 0.166623482667887
-0.00209908102065649 0.0170227997887356 -0.155259515588954 0.0753770507743823
-0.0049900282598992 -0.0118166595018458 -0.294246614609234 -0.320259917009565
0.0283152921819922 -0.0517082416993879 0.180738442973193 -0.574088398281179
0.0899639929993896 0.00546403717717579 0.790223622492305 -0.105611801500579
0.0237481953656792 0.0691164723898825 0.460078673915424 0.77456476986787
-0.0383234276338174 0.0715486020136642 -0.23549629457908 0.611535297948751
-0.0652514355082342 0.062068467661842 0.0761424831215907 0.0569057104205447
-0.0128796911471605 0.0831859544252469 0.311202570644502 -0.648080112512586
0.0516262881068422 0.0314143110081538 -0.461105470029774 -0.851972513663653
0.0471521949654778 -0.0313382523892579 -0.858367316863478 0.0559608036808128
-0.0101507834688946 -0.0358933452435306 -0.166821760163044 0.61387550079033
-0.0185979124155692 0.013356251511739 0.3197859557497 0.291807931846923
0.0146411539890967 0.0293138203420423 0.177143990318735 -0.0724973725994136
0.0187639280927457 0.0191327964175205 -0.118473020162438 -0.18015630321155
0.0105273746849426 -0.011708141560809 0.119968370494165 0.149760947517018
-0.00562898933864867 -0.000625025646317491 -0.135030946072076 0.0631104045630741
-0.0101417459278401 -0.0204251586117374 -0.275877664379821 -0.310343626453735
0.00233791280643839 -0.0324841634281826 0.195853050742557 -0.537029120015581
0.014853923974898 0.00875753105774962 0.769434975109851 -0.0596308784095294
-0.0458090808541503 -0.00622767886925156 0.443717567290795 0.806796439327515
3.94922562107249E-05 -0.0657603804699888 -0.270463492370245 0.652305553373436
0.0283937787943231 -0.0615523660408607 0.0248716696505757 0.098454205086916
0.0108978544413589 -0.0445188807571613 0.261740854341011 -0.58957407464488
-0.020397218008415 -0.032487451764788 -0.475944968900137 -0.768853942725175
-0.0224784622399724 -0.0253894785705066 -0.835002791923597 0.127328401071028
-0.0347802717606644 -0.0221465949154886 -0.140941422864376 0.64841385957764
-0.0239134523330491 0.00836863796266063 0.338919733962844 0.295278252532448
0.0158381692697708 0.0127550205108731 0.190709418852257 -0.0808512758540032
0.0366438826969373 -0.0116106776163371 -0.101027018151391 -0.195252142674242
0.0138156672497091 -0.0111026675779955 0.118452260363203 0.146550668374155
0.000374653300029195 0.00238432037653525 -0.140878245626034 0.0480961418190908
-0.00144353404015749 -0.0132445431131701 -0.262274050830178 -0.329684372790373
0.00415861755875922 -0.0254773198835269 0.226522162768109 -0.529507888209419
0.0117330618848205 0.00965221162427752 0.786776245882292 0.00779170901856982
-0.0456369563710416 -0.0150076957037759 0.387461855380354 0.849846483405073
0.00336391469556261 -0.0666446178667715 -0.298856003848134 0.625687764131771
0.0305210066076927 -0.0586019217118464 0.0481542665163172 0.0704303664299563
0.0109430358275736 -0.0444405322169197 0.232175431604239 -0.621397158225756
-0.0215558079136836 -0.0372408517626652 -0.535386802716914 -0.731551297721787
-0.0247092297285735 -0.0261444126981252 -0.821757533004111 0.189430024012839
-0.0319409037169255 -0.0149634768915096 -0.0976349120728146 0.646474645999679
-0.0140685319139354 0.014254834574908 0.347917563113128 0.266000705950812
0.025294208731447 0.0140476527012361 0.182911068798452 -0.0973587132669225
0.0415800873547658 -0.0134690461616764 -0.10571778625291 -0.197386918527754
0.0148333015507065 -0.00841163049793166 0.114707342119678 0.14842619465562
0.00582512437703215 0.00634414453777777 -0.147141461402593 0.0374989837949183
0.00447225620395797 -0.00652250854160969 -0.253743233913267 -0.349477568893992
0.00735801555981989 -0.0216110801062992 0.254581402326662 -0.526277693947184
0.0143550962417313 0.00831359519792491 0.790900537276482 0.048281381184995
-0.0419575796834848 -0.0144989745714228 0.336908628241061 0.867461984176261
0.00567479044357549 -0.0560150989436035 -0.313619852856338 0.600029055729731
0.0236262157870589 -0.0476183987757053 0.0686276582551075 0.0463907553894913
0.00992606295017457 -0.0346694970345945 0.215306903251383 -0.647716037197263
-0.0168937960298055 -0.0373836455810448 -0.575074199256045 -0.705294892708077
-0.0222347478191539 -0.0275909739979294 -0.806224857468758 0.229312948217971
-0.026605356069378 -0.0102521686916488 -0.0676310852677176 0.638217230110035
-0.00643135922228116 0.019589795217159 0.352904449407764 0.242965074601772
0.0317141949673409 0.0155092551479395 0.173167797522418 -0.109713673235158
0.0433996180786766 -0.0112189576104873 -0.109188022625152 -0.195701556130189
0.0138478876498283 -0.00358714999124204 0.109764097509686 0.150188041921241
0.00916283656719596 0.0099020816420649 -0.152712117328472 0.0310375679653456
0.00932712678877464 -0.00155411230756101 -0.24849137685807 -0.362406369388731
0.0133069915612086 -0.0202845691465347 0.269529717743132 -0.528494175933224
0.0248151506817474 0.00944328180211262 0.791641262069705 0.0656923415381391
-0.033180325945499 -0.00588629894200201 0.316801007123282 0.87677505112659
-0.00202269578886008 -0.0357042315101851 -0.318398425350389 0.580306883247239
0.0110961745184631 -0.0275809228040935 0.0868269204501596 0.0274214956122259
0.00946023116625731 -0.0169844787566289 0.206702661627733 -0.668938204192393
-0.00630714315529525 -0.0321225631651807 -0.595581039381462 -0.698874688135979
-0.0140212055772293 -0.0299066067446716 -0.799295258715031 0.239542873728993
-0.0219793344198903 -0.00859459038662017 -0.0471741848211991 0.628063906003579
-0.001163830681438 0.0231554631682972 0.352979230235704 0.226501765278023
0.0358255094061815 0.0180297026968726 0.165491925108125 -0.116225433985883
0.0426768135798365 -0.00801990264020398 -0.11286807885765 -0.193585726977173
0.0104421463099654 0.00323265908680878 0.105826990212166 0.152653618721454
0.0105808868730416 0.0130485602555476 -0.157143159807504 0.0309612529529854
0.0109871897586612 -0.000282817967421724 -0.251851590217449 -0.365065161117027
0.0190667786577447 -0.0241851333278117 0.269229023378433 -0.536015443481675
0.0392003949186116 0.0104179915251715 0.793551620045499 0.0566678599461109
-0.0219216552212782 0.0112593197125315 0.318090598873552 0.86827738920734
-0.0134874222428465 -0.00942307970203772 -0.309946174259128 0.570675994301134
-0.00676127918350752 -0.00323700631369805 0.0983360474866554 0.0185276942294777
0.00868027456299314 0.00690526159093364 0.212648474484738 -0.680673205219948
0.00903183076953385 -0.0224672624319773 -0.596515417165486 -0.710692457724123
-0.00235455587646572 -0.0328800875536306 -0.801965102554212 0.230556249284705
-0.0181745428733571 -0.0110315850646505 -0.0514682631036353 0.619012463122718
8.87023052950145E-05 0.0255498142328282 0.350493239644882 0.223274925471333
0.0360670821425678 0.0214574361866968 0.162380475155458 -0.113454908360609
0.0383241758732583 -0.00108492501588751 -0.115520893080026 -0.189587847920465
0.00554694353148577 0.0111402733691206 0.0998812370362258 0.156969042290407
0.00889793048886754 0.0152867739013232 -0.158521868753055 0.0400547787289955
0.00956245078083954 -0.00256082787913932 -0.26237898813987 -0.357528635222552
0.0251485868210237 -0.0305387263126492 0.250449387457434 -0.546111449115067
0.0574748585633739 0.0102869411366228 0.79196751562954 0.0199293313058848
-0.00754072497984794 0.0320754019516206 0.346269950594723 0.844655664702622
-0.024429387282806 0.0208308852014859 -0.289482648747313 0.571790821554695
-0.0274435061188583 0.0219463670706908 0.0995465948429455 0.0209469406498857
0.00490074034325527 0.0349891595408299 0.235700980902425 -0.681652906010202
0.0267131125053799 -0.00822646616686771 -0.570732471661884 -0.744977429051442
0.0136805185574904 -0.0342355541155458 -0.812921584317047 0.190804163447422
-0.0151660090265446 -0.0155691071120424 -0.0718332761108402 0.614943951376745
-0.00306883389826614 0.0247076559376196 0.341261080198636 0.232940893164663
0.0317726195404732 0.0250409984372514 0.163915993024307 -0.104305222681844
0.0331051164034737 0.00563585282700232 -0.117648697108197 -0.185880531483463
0.000219614999203789 0.0191590698624342 0.0958790782378396 0.160098366379694
0.00356261151792581 0.0168455397986345 -0.1575736382086 0.0553705323939768
0.00346124070289566 -0.00676180666447268 -0.277218124884638 -0.339784783899146
0.0283157314492991 -0.0411497719425895 0.217668892316341 -0.558832349489172
0.0752004246573516 0.00962369415853045 0.787422586255179 -0.0372449099449203
0.00742308703563125 0.053431751371166 0.397345259570872 0.807917594849041
-0.034152044816486 0.0483003640897073 -0.261821037379384 0.582028712405266
-0.0481976558010966 0.0443071766834463 0.0917105866334244 0.0328910122290092
-0.00281425038389892 0.0610177125337573 0.267573147227706 -0.667673856943707
0.0416033164098844 0.0100189620447031 -0.522808595326503 -0.788052016133577
0.030527263777438 -0.0342466513808525 -0.82945010227991 0.131613919958122
-0.0133285935074235 -0.0247928674060148 -0.113255488330315 0.610725383423779
-0.00978032150910789 0.0199672217553546 0.330162052921266 0.255481559386811
0.0236293349876508 0.0269178752373862 0.166872640809138 -0.091056054304376
0.0246617705549405 0.0130347361599682 -0.118106432015102 -0.180176904107731
-0.00614373768536064 0.0245796282547004 0.0940261152239944 0.162443776294565
-0.00219581446788228 0.0170672614567542 -0.152519460040505 0.0733092922950769
-0.00466837288592075 -0.0111410815230506 -0.292849479994454 -0.313913238418564
0.0279021049944808 -0.0510728680223896 0.174499057162329 -0.566858067960807
0.0897099921457466 0.00535699239456913 0.777425199207208 -0.108051875506462
0.0237420471223185 0.0689749508099441 0.456101768723472 0.764454946157661
-0.0372699450903159 0.070797935732707 -0.229964334130716 0.602895263571182
-0.0644302377169631 0.0613448654664565 0.0765293427307457 0.0559925542207318
-0.0123683377857082 0.0808583350607781 0.304200185008804 -0.639036710908202
0.0518453881394581 0.0303478619482247 -0.457660107211849 -0.83707380302898
0.0466635082832291 -0.0307767973218841 -0.845900544398477 0.0581952260975858
-0.0096719361880873 -0.0346373985182156 -0.161929767108622 0.606865312663287
-0.0186298132788626 0.0131457521183087 0.315120447626115 0.285889860714107
0.0142322053257371 0.0280722227501095 0.175176476033925 -0.0713165015195162
0.0178468332157793 0.0189862082368 -0.116894455237434 -0.176249226456277
0.0104694457802725 -0.0108198440295981 0.118592522149941 0.147161394251468
-0.00541630651796088 -0.00103421533582941 -0.134146005263573 0.0624729711350636
-0.0101895550567619 -0.019493269456767 -0.273685922187362 -0.304976219651092
0.00241162429260023 -0.0318407863456123 0.189494326419794 -0.530940554591968
0.0153295336875955 0.0074030865885559 0.758709080481248 -0.060099280529221
-0.0446506912446735 -0.00551565454561752 0.441323231037712 0.796718831978351
-5.80303652769065E-05 -0.0651445674808893 -0.268541531872555 0.643597338408493
0.0288010226065894 -0.0619065586407591 0.0243207306740914 0.09705382623414
0.0101486615543045 -0.0448779136706724 0.257640281425724 -0.58070928677021
-0.019706740058502 -0.0331616571086344 -0.471586714326558 -0.758426953328279
-0.0220075431536491 -0.0244087174147976 -0.822996241580817 0.127461796201903
-0.0347158874878776 -0.0219070524169519 -0.138256351964395 0.639752829534761
-0.024374715652939 0.00744430182076205 0.334412334625334 0.290512573122757
0.0154264160622123 0.0131245379951221 0.189293274602137 -0.0793700963543103
0.036369151825018 -0.0119437892777309 -0.100197350226891 -0.192446071826185
0.0129565386422394 -0.0104949635709519 0.117512222865169 0.143624062862241
0.000688626017583526 0.00244350497673097 -0.138499276430511 0.0480215853553468
-0.00187391016852804 -0.0125444788771655 -0.261230230208766 -0.324544822782041
0.00385765796190068 -0.0252175588220481 0.221856088551607 -0.523413876798913
0.0116980325267068 0.00810769187678231 0.775382723763633 0.00556611340095761
-0.0462109831645459 -0.0145372073388223 0.382574543248312 0.837136978736755
0.00471838157996794 -0.0661678743853246 -0.295276860804061 0.617417403448894
0.0301116448495432 -0.0579705643905492 0.0472991719018418 0.0691616305607685
0.00977586165690984 -0.0439941051670357 0.230174655179685 -0.611303764965131
-0.0219679292292907 -0.0365408577000643 -0.528585404976645 -0.720050714014024
-0.0251581938578298 -0.0248744157815845 -0.80921602009906 0.185592569488804
-0.0319556325105555 -0.0147352415674017 -0.0957504936930146 0.637739094628433
-0.0151694884715126 0.0143172915667972 0.346357126318918 0.26231015268849
0.0246069200329809 0.0134760474103736 0.180536104526417 -0.0953080259423454
0.0405046891454394 -0.0126316517498885 -0.103659855741468 -0.194322289996408
0.0140211573577931 -0.00744450482869441 0.114059850300856 0.145135328824908
0.005810821446627 0.00571580095099661 -0.144644260504652 0.0360705551701305
0.00379902804462922 -0.0056232513591255 -0.252830955359477 -0.345792970089228
0.00751574037339144 -0.0206272830745681 0.249054734105628 -0.520485981916021
0.0147482564295333 0.00769888420244799 0.779548880877348 0.0460354830118432
-0.0413698156981165 -0.0144842022083686 0.336390668654198 0.857376835233927
0.00493326676625092 -0.0551610779894426 -0.309741258891031 0.591550470545331
0.0238724562500942 -0.0467870916548864 0.0675821254061503 0.0450324466366039
0.00973906948483794 -0.0344920135105479 0.210541439508038 -0.63868119294765
-0.0172257485804122 -0.036950253251256 -0.567651394475397 -0.697595322113265
-0.0220903569882214 -0.0271444062475359 -0.794923032273933 0.227047302879472
-0.0259964725177824 -0.00994449749063775 -0.0644441003524149 0.629475146251802
-0.0067470948553129 0.0188606517247172 0.350551380683478 0.237553860743945
0.0319303451381631 0.0148591366008599 0.170515380673192 -0.107782708276075
0.0421574744227455 -0.0117155063797182 -0.107090366813981 -0.193799674813067
0.0129878384365737 -0.00301538845524239 0.108524059143178 0.146529708199759
0.00961948173743501 0.0095898049273988 -0.15023790323819 0.0297150267935741
0.00903554113407749 -0.000832793510030176 -0.248290276786466 -0.35614081481353
0.0121493431204963 -0.0214732277748803 0.264648680311406 -0.521659653435807
0.0243601038586664 0.00901816151150731 0.780718808300949 0.0648560521814499
-0.0328988574949253 -0.00530049464771745 0.313470326261716 0.86429827237687
-0.00230860847362406 -0.0359099051762817 -0.314008534210783 0.57166139692338
0.0110980941777014 -0.027077327676926 0.0853928423174233 0.0269199978821712
0.00913292241918268 -0.017040717223931 0.20325905833752 -0.658431421182733
-0.00610915965829535 -0.0317971668897431 -0.590060738503991 -0.689333571133504
-0.0137957497110976 -0.0293164063371644 -0.789900532286156 0.238336663924648
-0.0217048400763809 -0.00834777777912051 -0.0467027943932636 0.618750622764448
-0.000866414671040986 0.0223117646381044 0.348360368851477 0.220752725450808
0.0356638436568818 0.017612568589469 0.164285465740715 -0.113959554613519
0.041497732231686 -0.00812691627464267 -0.111047982219089 -0.190785034446323
0.01020971571821 0.00398442191020979 0.1024945479836 0.149690294616897
0.010665499647784 0.0125498322822292 -0.154369875062921 0.0310572137169164
0.0103503194005903 -0.000712467379188012 -0.252004230575605 -0.360691328225647
0.0183971750784339 -0.0240237014811018 0.263225235136599 -0.529679254012254
0.0391340599863206 0.0100781999847137 0.781929187593702 0.0558176986102592
-0.0217112510173785 0.011261723912278 0.316884185033198 0.854025888996839
-0.0133903993847172 -0.00787315069411256 -0.305570393601288 0.56193350811387
-0.00703457871702968 -0.00374504003147553 0.0962813610248455 0.0179543126906963
0.00806407684146608 0.00696843986050737 0.208882070120674 -0.670302789896632
0.00897585066348658 -0.0218088692420525 -0.58711313475874 -0.701295369797779
-0.00183269713705979 -0.031223712138482 -0.790164207922061 0.227809911612922
-0.0179130281170515 -0.0103210422220491 -0.0510954538550001 0.611510907970594
0.000308007363593914 0.0243170104640811 0.345757753143828 0.21903866300702
0.0355649091329488 0.0211089832805642 0.160585410070194 -0.11213677340831
0.0379990581118146 -0.00147190998801128 -0.11421689851776 -0.187244807276557
0.00508318336013867 0.01221289772795 0.0977125250971568 0.153400976731471
0.00861054197317761 0.015340948242236 -0.156479543851824 0.0389416923452649
0.00839699416961211 -0.00204375208649426 -0.260212881028702 -0.352639959664263
0.0247317199292176 -0.0300374527043898 0.244920481414094 -0.540781370063567
0.0576847041970221 0.0102789304350694 0.781656719930446 0.0179451571712747
-0.00812630745857885 0.0326108309767983 0.343931525335342 0.832056991666603
-0.023694665081281 0.0197549180164493 -0.285617499292125 0.564625882860524
-0.026768826622651 0.0209718033947304 0.0974555776179035 0.019467469827707
0.00370868180036056 0.0340708153147043 0.233775307105413 -0.672574584927023
0.0263979613403058 -0.00814122749788392 -0.562745250563311 -0.733990950682963
0.013407638354398 -0.0346094693175352 -0.803283209731626 0.191648891097714
-0.0150193773027753 -0.0156418320110999 -0.071307224911952 0.605855665310124
-0.00280083570889442 0.0238290109917284 0.337132775125754 0.229192875191562
0.0313386063749184 0.0236176418122581 0.16150187804833 -0.10369855282308
0.0317871098094435 0.00532423698465359 -0.116636423436491 -0.182372149682289
-0.000128755683081192 0.0185095783321164 0.0942403409009906 0.157492667794844
0.00378852168953697 0.0173632757764419 -0.1556330752345 0.0547560013357606
0.00368226464950748 -0.00599632022267219 -0.275882131070018 -0.335021293456018
0.0270303274454465 -0.0401936728368512 0.212648532629566 -0.550371317799549
0.0743762785297135 0.00889607562062971 0.778268126973675 -0.0385993464140973
0.00757796624286052 0.0529756911177668 0.394065656060547 0.796664424422149
-0.033383544206238 0.0480823932814809 -0.258850009061822 0.574606280802432
-0.047467111926592 0.0437619993497773 0.0909062489829956 0.0324432721324142
-0.00263899346526937 0.0608720546133445 0.264139992257186 -0.657329518594299
0.0405603024301669 0.0107530600631596 -0.514110917926754 -0.777583751527975
0.0297442426658889 -0.0333117661443233 -0.819609161979514 0.130533097739141
-0.0120979026714385 -0.0238932056929898 -0.11059899214109 0.602024070683489
-0.0103104554247794 0.0200255784634854 0.32758557917161 0.250610210919881
0.0235598672398582 0.0262643048135421 0.165517259901584 -0.0892282769298369
0.0245892272773965 0.0125340533563941 -0.116619136417728 -0.178509705240402
-0.00594716262589066 0.0251464097999813 0.0930236434653998 0.159379721900417
-0.00203938734139934 0.0175089758654651 -0.151477082435239 0.0722458823479709
-0.0059447737186373 -0.0101422531210205 -0.29044343211837 -0.30845337166259
0.0262649215039794 -0.0497231923141387 0.170538543238857 -0.560344508720265
0.088191658517922 0.00441983270913874 0.766412203355136 -0.105563937168638
0.0230481017829023 0.068796124869446 0.4527593251279 0.753773033977862
-0.0372393867303452 0.0701722173641963 -0.226801104462404 0.593762093709479
-0.0631786371347862 0.0604193398104973 0.075334213459421 0.0545322334491218
-0.0122305599888553 0.0805912108227421 0.300679651470489 -0.63041074023445
0.050257561104306 0.0309989536610444 -0.450905895121497 -0.826169639550409
0.0448933736636981 -0.030076044114816 -0.835494409249123 0.0577645941137882
-0.00958599694906422 -0.035306579058436 -0.157867270460341 0.599212632282928
-0.0185112714341434 0.01278713642153 0.313335482922528 0.280934909027336
0.0134538133933367 0.0271016151068175 0.172606385769769 -0.0710983168488843
0.0167380773101252 0.0177870558194518 -0.115819090426905 -0.173905392976617
0.0097427544819453 -0.0105966445975341 0.116235159142498 0.144276640880724
-0.00490779652496248 -0.00136396429045836 -0.132137069971508 0.060919430587925
-0.0100623444232058 -0.0180164145628986 -0.270416991354915 -0.30230328734649
0.00180305024738776 -0.0318418448403916 0.187363602760268 -0.525714224610507
0.0155741082417847 0.00753722999731743 0.748293166716241 -0.0582378421355753
-0.0447211456791844 -0.00546104320233752 0.433898221988198 0.787831479542814
-0.000894358882967811 -0.064904127424365 -0.265126835525519 0.635848182888406
0.0286049265337685 -0.0603684659938304 0.0237552722682561 0.0959671756513532
0.0107667412183798 -0.0435764563409559 0.255412157452407 -0.572633817035854
-0.0199362072095558 -0.0319219039201314 -0.461850425525845 -0.749440470838485
-0.0219865982122587 -0.0237683029675963 -0.812014474638139 0.123393364022886
-0.034810513915365 -0.022634753346097 -0.137186132954689 0.63250104883907
-0.0247278094470175 0.00780657839765034 0.332316942474874 0.285904293202701
0.0154421442595183 0.0120442553090742 0.186372873137592 -0.0780455931254987
0.0351546602919466 -0.0115168673398658 -0.0984601295333844 -0.189670548385711
0.0118680363303527 -0.0100135930430144 0.115708488890531 0.141276951046458
0.00104880831390679 0.0025255109179884 -0.136853264396314 0.0465260001331824
-0.00219608140581875 -0.0110911355058509 -0.258586550034959 -0.321378597024492
0.00307121505666406 -0.0243533483709626 0.218140813543668 -0.517222504395145
0.0119689599818093 0.00690030702326051 0.764874751516183 0.00651762994823455
-0.0457144343150545 -0.0141011799068861 0.377367958523317 0.826371537325344
0.00421712850831203 -0.0659634696378115 -0.292036065031554 0.60981110011561
0.0300110532220383 -0.057433980110592 0.0455042829283987 0.068651179470685
0.00981780773651241 -0.0432383171153125 0.229207185687372 -0.602354037598907
-0.0221549920542677 -0.0363370385357241 -0.520344315359506 -0.712513342722448
-0.0254060434731461 -0.0251360773518894 -0.799515702129832 0.184276129693532
-0.0317658700022189 -0.0144451358083732 -0.0956590396635994 0.631333261068036
-0.0148186491677052 0.0137194694649839 0.343150608373183 0.259457026928658
0.0242639994962483 0.0132797172418609 0.178773252459167 -0.0938413758467158
0.0401371060554077 -0.0133699612816933 -0.102424676282973 -0.192438736722948
0.0127107153016031 -0.00627805518628673 0.111611355336779 0.143326233992119
0.00625544356570788 0.0061440423983098 -0.143579898055231 0.0352705951204015
0.0048407063252609 -0.0049811009999323 -0.249679045865495 -0.340767034628359
0.00684831883931823 -0.0209193983953704 0.245148822182525 -0.513968242256242
0.0147634992084083 0.0073960824602687 0.769395178959146 0.0471188040860962
-0.0402129627826347 -0.0139652042974936 0.332851689149021 0.846229220985458
0.00395121980036803 -0.0553079611335263 -0.308843742461223 0.584585666772628
0.0239134826799692 -0.0460715347119756 0.0671749935634155 0.0447650857554258
0.00996850620741436 -0.034246792079244 0.210284521584133 -0.631138298425987
-0.0169946522275558 -0.0366121422778083 -0.559732553572691 -0.68829085709706
-0.0222155744511917 -0.0267406765909577 -0.785326490186756 0.22113376263682
-0.0265566096740467 -0.0107065781890061 -0.0640917905703906 0.622003271929773
-0.00636733801162925 0.018824929842188 0.345580680103442 0.235013756107958
0.031939740218388 0.0143694954904616 0.169186427456888 -0.106829663246462
0.0416648593443501 -0.0121660097198214 -0.106545338738235 -0.191914847795432
0.0129361569886818 -0.00166563862876682 0.106542030230804 0.144918899222311
0.00971138594198884 0.0103287059069393 -0.149032220191028 0.0295218588801199
0.00891723232171793 -0.00108734011242878 -0.245679824199285 -0.352675590805265
0.0116040742604085 -0.0203785887610801 0.258627455629481 -0.517385298499217
0.0238644872064046 0.00752644847665633 0.77064755131453 0.0646044621212493
-0.0326269223576819 -0.00500924895871413 0.309678909318462 0.854642605212918
-0.00248531480349532 -0.0359294175890701 -0.311831936463617 0.564882558008413
0.0113114938972726 -0.0273340879380728 0.0830179051991477 0.0266649759493203
0.00891286956939442 -0.0173512297942092 0.202359019631566 -0.649103357140496
-0.00704518916844234 -0.0323258232731292 -0.581057788992654 -0.680795678064575
-0.0139863405263547 -0.0284666463904219 -0.779466593826543 0.234349310238967
-0.0217628421700255 -0.00902367200438585 -0.0460595162408267 0.610840571048102
-0.000887141961678668 0.0224596119135594 0.345192754827301 0.219033982540962
0.0349759647103568 0.016819695701333 0.16203973941456 -0.112307924660683
0.0406912074721605 -0.00855049288417631 -0.109231941853717 -0.187746497422535
0.00956175339243137 0.00438829435517718 0.100298749868119 0.147598360523087
0.0105386763358754 0.0130695783571385 -0.152459751976017 0.031043361569003
0.0108169259640143 0.000172940887848264 -0.249019292249555 -0.354687450656794
0.0183710374464287 -0.0227673049201717 0.260085284796034 -0.523481186005426
0.0387159165140223 0.00912752247635918 0.771729170234935 0.0573319993397849
-0.0209845311105615 0.0116048037174241 0.311475366242458 0.845857804436298
-0.0135034430444821 -0.00878690898014731 -0.303175276394077 0.554663457543221
-0.00647116820738761 -0.00403313161265504 0.0940343231061484 0.0176157575689565
0.00655313689915209 0.00672274378438074 0.21010383653431 -0.658744773827799
0.00817662236587653 -0.0222265912648691 -0.58198125219656 -0.692326438661996
-0.00134594925295452 -0.0311301366780495 -0.779399043338259 0.225090118135719
-0.0180028618421433 -0.01038159675782 -0.0480431890396403 0.604343740757532
-0.000585756975312587 0.0244547495058165 0.341440594189434 0.215149075804807
0.0349922679577473 0.020322940793718 0.158261461766942 -0.110077310044979
0.0367734230955038 -0.00223190090546032 -0.112948996730571 -0.185080449473593
0.0047870740128543 0.0121229018012173 0.0957030967510382 0.150901632509488
0.00924909719467921 0.0153996077623685 -0.154908862246993 0.0385428159320857
0.00876072722411281 -0.0011779809297967 -0.258344043434491 -0.347777950978584
0.0235218234761329 -0.0298576298864153 0.241677234306082 -0.532938716092431
0.0565345022688895 0.00931867347083787 0.771068649488661 0.0191370850553424
-0.00919353730536474 0.0319936184738733 0.339619895751092 0.821983683185138
-0.0242137682255559 0.0195164155705434 -0.283514700407673 0.557118002603174
-0.0264050725378524 0.0206711802966387 0.0956411262046438 0.0192563743046516
0.00332652691438107 0.0337206898365281 0.231353910350222 -0.661223202568512
0.0255727857257906 -0.0076181232962725 -0.554385448090928 -0.727272980753204
0.0129037845487689 -0.0337256810131886 -0.792485385425029 0.187529421172424
-0.0148863033818297 -0.0153948410588254 -0.0695482260669306 0.598355340551303
-0.00392809991579603 0.0236272435962208 0.334388042362964 0.225671772945633
0.0310719763801347 0.0236779266812904 0.159808282055713 -0.101295806979661
0.0308146832494797 0.00445828104930365 -0.114410486507343 -0.179953079916112
-0.000379916604972988 0.0192009713524128 0.0925956007267949 0.154271496563352
0.00402072697207312 0.0162067508418639 -0.153469843863345 0.0536205887306643
0.00283456439275522 -0.00525927836366875 -0.272236635904879 -0.330288603216001
0.0271397159578901 -0.0393772355650267 0.209012029036078 -0.545347891386749
0.0734293818709383 0.0075367650812115 0.767563405323902 -0.0365848565583937
0.00685979071379309 0.0525014759113647 0.389439464180966 0.788234633009001
-0.0332728535912655 0.0477348234545286 -0.256197797328719 0.566166385559754
-0.0470126956219013 0.0434910507234932 0.0890880282214408 0.0324610962562633
-0.00258720972050775 0.0591130450253334 0.262395823525017 -0.648942975675131
0.0402845971968832 0.0113653394028006 -0.505479152564021 -0.768763915729165
0.0297889595894882 -0.0325195523053389 -0.809663305988777 0.126852965761553
-0.0123660052822426 -0.0239313542988151 -0.109458691022945 0.593852559651406
-0.00940270627596477 0.0199030218316526 0.322531379828326 0.247320640122148
0.0229339011719733 0.0260954372797672 0.164132404501688 -0.0876513661113337
0.0241512670075105 0.0118985383116733 -0.11468154621635 -0.175501017055364
-0.0069247512041301 0.0251340969956127 0.0908339151892181 0.156872182814551
-0.00214802149753395 0.0181110141942389 -0.149711769324458 0.0706096743788068
-0.00592006919376427 -0.00980133155577629 -0.286388863863411 -0.304412845909612
0.0249799397730378 -0.0489165383092566 0.167046860491868 -0.553307935668527
0.0866500196654011 0.00392166857857795 0.757267073636223 -0.104504468671511
0.0224372080937754 0.0679362336304916 0.447371587583076 0.745338130278586
-0.0371277866594991 0.0688738603527031 -0.225458643198521 0.586918776160208
-0.0628088219442806 0.0599061390422923 0.073545404832591 0.0535417674860886
-0.013247741648034 0.0789321669866263 0.297691668177821 -0.62117069039674
0.0498013329718054 0.0306219522467316 -0.444165648506082 -0.816407950670668
0.0451679898435424 -0.0299016655842549 -0.824670189613004 0.0555623875163407
-0.00973648587191067 -0.0346792346934625 -0.158303580132684 0.591321702550059
-0.0180118229322612 0.0126177125257322 0.309434653685725 0.276818092846983
0.0138651604569267 0.026143546918713 0.170841497454565 -0.0698645902943792
0.0168384357218529 0.0172678231222336 -0.113898105498053 -0.172609336813815
0.00885595312035031 -0.0108644953046946 0.114449113547194 0.142753392477264
-0.00400618177067338 -0.000453497732930228 -0.131054872619311 0.0595816565897139
-0.0105960383371025 -0.0171636085249293 -0.26870967090506 -0.299664517227165
0.000274411331767446 -0.0315692689490044 0.184835263517816 -0.519321514484051
0.0150971809058074 0.00712982009944814 0.742288630141149 -0.0543357750004624
-0.0441805665708267 -0.0051547837240518 0.426858730164346 0.781442291645573
-0.000790956646500442 -0.063956078339106 -0.267261763304906 0.628347445547908
0.0286227897382284 -0.0595488377837374 0.0225660659350137 0.0940321329686831
0.0103930381940134 -0.0435258466910586 0.255102793568879 -0.564060883852569
-0.0198674891040823 -0.0318766200086261 -0.452934912040805 -0.743788401684515
-0.0216307659069089 -0.023716080970815 -0.806195824816834 0.118049935485562
-0.0335109336202395 -0.0220196065509072 -0.137739576652882 0.626066612469545
-0.0237367122537428 0.00739576121857997 0.3279131882149 0.283838166099338
0.0150146852879386 0.0114623120789076 0.185605354579177 -0.0775424195148745
0.0338721645463308 -0.0115626798387118 -0.0959780125020213 -0.187579737808686
0.0117626994112096 -0.00973460564880878 0.113104474440267 0.139023958232279
0.00139816055041633 0.00274008546220947 -0.135162702865328 0.044827757528276
-0.00171093682204525 -0.00995288952769244 -0.254487285348326 -0.318732590318654
0.00273763075917529 -0.0245934605796701 0.216125501666436 -0.509953385357206
0.0113077797014389 0.00696710257209635 0.757135656533853 0.0102647489673853
-0.0448909923716973 -0.0132459409017528 0.371113993156247 0.820721964817371
0.00474109175454582 -0.0653007130031916 -0.29187624642851 0.601706463891796
0.0297448122628476 -0.0577526954344 0.0440163583196299 0.0671167587849111
0.010120828918328 -0.042524458590097 0.228913682286245 -0.59467247147329
-0.0218366129743573 -0.0362387735027549 -0.509802256237343 -0.706853199112781
-0.0245867334543052 -0.0241917681873147 -0.791630352631945 0.177070734750813
-0.0311988205060487 -0.0149708514311024 -0.0965652758405006 0.624813063369967
-0.01484515029815 0.0137397410835957 0.338194018283986 0.256676157538876
0.0240533327781609 0.0125498357723329 0.177368528952112 -0.0923227379719581
0.0402183197225182 -0.0135178297636942 -0.10060784984474 -0.190931067971305
0.0120088586210545 -0.00681383110138872 0.109375323627105 0.140934523311981
0.00634930167915523 0.00563272814425188 -0.141976792341893 0.0337250599602339
0.00399620714554755 -0.00489292248911048 -0.246586510573024 -0.337074399657427
0.00559800125812875 -0.0204898951019839 0.243069530618336 -0.508161628754343
0.0144159771252637 0.00579747380135088 0.760148460350108 0.049184920186661
-0.040170194058234 -0.0140149846880872 0.325316502786498 0.83919054162392
0.00412659025826633 -0.0546290168888159 -0.306509375207958 0.577624509466209
0.024354450528431 -0.0452295805560916 0.0654686271152813 0.0434544609770675
0.00934220514717521 -0.0337415076613253 0.209944262269697 -0.620138728816781
-0.0168041196040962 -0.0359369198743936 -0.54892873975803 -0.682273175843244
-0.0217399982863392 -0.0263002411230811 -0.778955600313442 0.217259284926179
-0.0267534359786189 -0.0100647389766243 -0.0642248148786241 0.616851298296667
-0.00650485570453167 0.0189505875326126 0.341273363564395 0.231767325687886
0.0312075610244006 0.0143611447837935 0.168556584410829 -0.105209250671097
0.0408886869809922 -0.0125227798663016 -0.103639927641947 -0.189091971523759
0.0117766830490525 -0.00112386950291359 0.104221217198828 0.143015281424519
0.0094599489003938 0.00933018248937229 -0.147569209498355 0.0283934558375043
0.00917573472386703 0.000134589134358501 -0.243525868714425 -0.348695485773199
0.0110953294185014 -0.0194001702675257 0.257152932340812 -0.508859002416702
0.0236193488345107 0.00723399666773729 0.761871022720444 0.0679750069688751
-0.0332454121916524 -0.00460520895289448 0.303757021578407 0.846602051840755
-0.00244717295130253 -0.0351358760623151 -0.310510094062183 0.556905644679978
0.0110891551681223 -0.0269360897083229 0.0816541040539812 0.026526613108325
0.00864054674363019 -0.0169475317610695 0.203035495240881 -0.641126875959761
-0.00707797272107406 -0.0305319743767339 -0.570765940171946 -0.676075238795484
-0.0141460865825416 -0.0292246190535266 -0.773801445199138 0.230832038658796
-0.0218842895436775 -0.00797683425698338 -0.0486102475129987 0.603923320754638
-0.0016764938757289 0.0225311132778999 0.341324243489249 0.216840805446616
0.0349712588198555 0.0161243256921647 0.16120618083349 -0.110418319235881
0.0402775930388392 -0.00843911534046313 -0.106825575686297 -0.186371782084633
0.0091762243990812 0.00533976824447309 0.0992026734507644 0.144925000978587
0.0106526174497723 0.0133689844878504 -0.152090356151875 0.0291322675434708
0.0104682212563622 0.00137290391842603 -0.247164202518637 -0.351227676381687
0.0165427561503236 -0.0230368831010868 0.256691000230995 -0.517973744765261
0.0386637570002608 0.00787412656761591 0.762353827176266 0.0582155677652947
-0.0216850667853509 0.0110129987951251 0.304904440535221 0.839685904297348
-0.0130450553155768 -0.00882265061980181 -0.303485028868122 0.548409494151959
-0.00616025624023399 -0.00408477643091623 0.0930005396035004 0.0172701566788243
0.00695824771885301 0.00714205634022153 0.211098629554483 -0.652442616862401
0.00854921612839422 -0.0207552709733645 -0.569494092358159 -0.689949912657184
-0.00192207610019435 -0.0312534508105461 -0.772826848683613 0.219052984502151
-0.0184254662007193 -0.0101296345742392 -0.0501464616784651 0.597610171006866
0.00024418509618418 0.0240592379966141 0.337254697988907 0.214145328686322
0.034807906584729 0.0195547155471284 0.157129280343143 -0.108238143061762
0.0360666589705218 -0.00279617556603889 -0.110299863076259 -0.182535474968433
0.00398990916627015 0.0124308953737992 0.0940769971303949 0.14897466477568
0.00874763699985275 0.0147593639645158 -0.153005047591762 0.0371689601540221
0.00885580993205868 -0.000178702939685544 -0.254606768146289 -0.344920357254159
0.0228189420577206 -0.0291918768404774 0.23761621794254 -0.52598934662852
0.0553263375694846 0.00906609881263907 0.762249618455004 0.0234309053952878
-0.00876008492066736 0.0322633809847608 0.333091759143896 0.814939932256111
-0.0250200457428247 0.0196437817538632 -0.283247433058885 0.550095815630561
-0.0262631148734992 0.0200942724196539 0.0948828256335045 0.0187899601289992
0.00305801320394866 0.032885991273524 0.232828534116027 -0.650635493262629
0.0250418084588689 -0.0068073365580937 -0.546035358922488 -0.719619357823762
0.0133164930738187 -0.0329048971803961 -0.785366267010465 0.182619555746667
-0.014547820810043 -0.0155183885713281 -0.0716532565732999 0.592816661832424
-0.00348044136119162 0.0225394383919762 0.330548596353079 0.22501922425581
0.0305605294232551 0.0221815178716912 0.157813344617388 -0.100694069743552
0.029945639613248 0.00443504801667336 -0.112309322182652 -0.178514954290782
-0.000984444046651815 0.0194260803694586 0.0898733485925329 0.152419708369785
0.00396473526736197 0.0161814213523737 -0.152090467778729 0.0510302746890658
0.00367260017577155 -0.00487009341535132 -0.270307737284789 -0.327972646649776
0.0262121717491101 -0.0387302608532245 0.206527976231815 -0.537690243788459
0.073478766045786 0.00690267093737175 0.758757846886773 -0.0309756093963787
0.00646669426610987 0.0518708343355828 0.383173177584287 0.781740066651935
-0.0337206481518541 0.0465886483026375 -0.256301953520613 0.560220701946518
-0.046236391179029 0.0424884175896868 0.087500334711715 0.031565130787378
-0.00375185241047961 0.058911158646414 0.262106006281845 -0.639146937276606
0.0392628966482403 0.0112561759502181 -0.497652706580076 -0.762469117333538
0.0292032091161318 -0.032825052814326 -0.803358133695082 0.122142619267789
-0.0122090974755509 -0.0233191199764538 -0.108798470064604 0.587987296602739
-0.0096292811071109 0.0187786465853257 0.318849174214752 0.246487526087832
0.0231272357360155 0.0254557831792569 0.162402243347858 -0.0859697383937151
0.0223536026627234 0.01211498665258 -0.113687964026798 -0.173713387544988
-0.00607124904355828 0.0257011150851571 0.0882763855674575 0.155633754066598
-0.0027380152003486 0.0168552225949985 -0.148075680506195 0.0697748028756814
-0.00515120738765327 -0.00811724251011757 -0.281754023054079 -0.30217713864895
0.0243079323534865 -0.0482411590587618 0.166148507257058 -0.548300167081054
0.0859296811398295 0.00408394432567658 0.748410246196373 -0.0982369668105666
0.0219625609703004 0.0677368627707826 0.440137777565509 0.739301006419805
-0.0373830751176108 0.0681342419904661 -0.224635641691098 0.580155061462549
-0.0619852293498243 0.058449389421257 0.0713057873736943 0.0537395111581542
-0.0133249343480303 0.0776108122196229 0.296531281374681 -0.613835143352095
0.048880181229497 0.030997209619372 -0.434154316325097 -0.810818738638626
0.0437221680206196 -0.0296040456420909 -0.816621672290669 0.0532787184056177
-0.00940496097190308 -0.0339228368068974 -0.157967629500864 0.585334398248267
-0.0180038665685872 0.0133253320190571 0.305908133381853 0.274683286133974
0.0137110754251767 0.0261581992539449 0.168909109666288 -0.0688407730677861
0.0156727803002952 0.0161080652093954 -0.112188629542475 -0.170395226511764
0.00888480367441743 -0.00993058179934048 0.11213557442853 0.140675225418121
-0.00498679535296819 -0.00039327501964238 -0.130060178178903 0.0583803875035737
-0.0103960476414779 -0.0172306561847599 -0.265011464239124 -0.298089359580356
0.000485249911961357 -0.0303582065424838 0.185357599704363 -0.514201653878989
0.014615520490324 0.00624744809394823 0.735309357874006 -0.0489696565974103
-0.0439051620949592 -0.00482882609971069 0.419163847528737 0.778034675009114
-0.000211054210196716 -0.0633614181215678 -0.267108663019858 0.620667070176329
0.0289372947634523 -0.0590932536617422 0.0212878937437207 0.0934243412882296
0.0110237865721406 -0.0435759641489319 0.255962315859395 -0.555522370375081
-0.0196346372900486 -0.0313471623838932 -0.445636209854537 -0.737837847902264
-0.0215873506507875 -0.0232677443128211 -0.797510434711794 0.113898072826607
-0.0337743609755453 -0.0218453015769865 -0.140798523067613 0.620035098455238
-0.0241313229768596 0.00667740406056109 0.324898005837953 0.282024230093423
0.0157942719976664 0.0115715041714192 0.184814603129137 -0.0758331896737768
0.0345703199888448 -0.0126688283916737 -0.0943335198653063 -0.186297298658854
0.011184063629572 -0.00888270406715903 0.11046530962521 0.138278144749136
0.00145307391237234 0.00281760559911187 -0.13456850956396 0.0434897637124261
-0.0021485613618022 -0.0101707185045761 -0.251965168587813 -0.316460132842096
0.00302463022713184 -0.0234608639906658 0.216054481984146 -0.505384152993585
0.0117123112546085 0.00648504716170194 0.748849520830601 0.0146702500670104
-0.0443995195006309 -0.0140480715614649 0.363981275641089 0.815768140232983
0.00428576414193568 -0.0648774260957628 -0.293228634564059 0.593788121781208
0.0297960201917217 -0.0557863344087992 0.0426603166704779 0.0677672826169684
0.0102083916956152 -0.0426298218898317 0.230400255060862 -0.586940550416707
-0.0216345155065518 -0.0356949786380032 -0.502240949001654 -0.704723019044127
-0.0243223291028421 -0.024345993468865 -0.785879453506684 0.171104479659678
-0.0306861348295601 -0.014898428676367 -0.100274263148571 0.61864042770347
-0.0156175861193816 0.0134668849998387 0.33449649078481 0.255569030618663
0.0244552657372206 0.0112829116960382 0.17621611542125 -0.0911806472635295
0.0390380080243887 -0.0132464999796607 -0.0978561057893766 -0.188503325947586
0.0124839618013792 -0.00623637236050498 0.106765160260627 0.139615605659275
0.00629250012738581 0.00609482294734963 -0.140224679872144 0.0321192151966294
0.00391290977040163 -0.00373325502610943 -0.243336033173098 -0.335531439524016
0.00508654723082866 -0.0197043640171807 0.243243155694561 -0.504546535846966
0.0144861534430351 0.00606449987655736 0.753640369323621 0.0551440329802873
-0.0401168723412437 -0.0135404920306806 0.319455073064142 0.834703660172565
0.00377652904663864 -0.0546434068426249 -0.30803975633789 0.570084743156153
0.0238648093981195 -0.0450979665799492 0.0641495535671288 0.0441040864357034
0.00939988672779529 -0.0333988121230811 0.212297491661234 -0.613481370173811
-0.0165022251378913 -0.0360613705660124 -0.542152326620313 -0.680336305265978
-0.0214036622148366 -0.0256568639920255 -0.771369806864357 0.210999716810609
-0.0255355615650971 -0.0104183605622354 -0.066646621089978 0.609801201945848
-0.00668847729526943 0.0182483649776975 0.338450352834872 0.229857003240836
0.0309897823754637 0.0130773882677106 0.167599478267734 -0.102434120647646
0.0407449173949289 -0.0119555590311479 -0.102430065382665 -0.188820976459625
0.0112354194262696 -0.000669176523002535 0.101948195458511 0.140843391908958
0.00970447710097771 0.00971347275865362 -0.145655436053476 0.0272263367103165
0.00841688047142648 0.000741700652021785 -0.239408224876803 -0.347271570836496
0.010519660698213 -0.0189944657373628 0.256657607136734 -0.502498258249312
0.0233450037209503 0.00653103103410558 0.754457609719783 0.070822053182497
-0.0321691314866716 -0.00462016597724079 0.298331273569605 0.843322128189507
-0.00243271771296868 -0.0347846822203527 -0.31058134728281 0.551195746945232
0.0109724418637798 -0.0263678867793571 0.0816556773463141 0.0272845542237078
0.00903156410483368 -0.0165869885909642 0.207006295468562 -0.633421898765896
-0.0063117770928019 -0.0305913468980045 -0.560718820161494 -0.673976130539061
-0.0134970399763542 -0.0280493689867694 -0.766879319204674 0.223486934805888
-0.0217602071436009 -0.00860150341791771 -0.0510941105579554 0.600275348396961
-0.00130766160309406 0.022016421918708 0.337909104462997 0.215803146394788
0.0339176007273747 0.0164234284853619 0.160441831951945 -0.107764588103614
0.0388329246887142 -0.00830818149335291 -0.105371023081201 -0.185057630346554
0.00866763597066981 0.00542747055162238 0.0967845555029517 0.143738007433797
0.0104081994771304 0.01270576782921 -0.15040950435097 0.0277005602610688
0.0110347634260819 0.00156209577968507 -0.244661702587931 -0.349187264644599
0.016518707077535 -0.0217559310820858 0.255831323441062 -0.511458511974892
0.0376166743463442 0.00779748796092503 0.755768507307103 0.0628627635868489
-0.0219624940700592 0.0115275306896711 0.29925891645121 0.833446857447881
-0.0132706937200322 -0.00902605893742925 -0.302496684698396 0.540700991628229
-0.0061546265772427 -0.00394951620336847 0.0913468403307939 0.0173082072197529
0.00676153378428978 0.00678375588668816 0.21241423697143 -0.643820253701207
0.00794221639511275 -0.0207475341926875 -0.561777962848057 -0.685193336714031
-0.00254709035921111 -0.0312580574044779 -0.767709573266068 0.212217890423274
-0.0174405646314773 -0.010295583047276 -0.0539980514534057 0.592895288308826
-0.000316844947001144 0.0227060356366242 0.333164669911111 0.213648405647102
0.0337504818965996 0.0189215869762071 0.156931415630202 -0.106218827528455
0.0351737817370872 -0.00260903523811341 -0.108535489355295 -0.181016006121708
0.00413795458588291 0.0121303066615593 0.0918892105382624 0.14772404387719
0.00806732088404039 0.014749440346781 -0.151797624256056 0.0355570648859345
0.00833415889216207 0.000462220133858802 -0.251782587826487 -0.342949105693514
0.0217613411888225 -0.0283967600322029 0.238521487149068 -0.521944605665691
0.0552516780681674 0.00862667566671477 0.7563210041604 0.025045775655839
-0.00859981271892778 0.0318502531589576 0.327463666671445 0.810972153427856
-0.0244613117545785 0.0193571462675067 -0.28356340461031 0.54233822463497
-0.0262183269189049 0.02033455929267 0.0931597064505612 0.0194339956162014
0.00269494177242074 0.0328837663429395 0.233963203911416 -0.645159052352952
0.0241102912811781 -0.00686716698320191 -0.534967631923792 -0.716593274829097
0.0132043321585563 -0.0324065663663994 -0.77764584735951 0.177087644655346
-0.014675259241126 -0.0157365213798575 -0.0741422546843447 0.587855869780272
-0.00464765016133548 0.0240813942955188 0.325729243083207 0.223665115027975
0.0301750907710101 0.0228264022763738 0.158366244286043 -0.0982088587232368
0.0296396121829616 0.0045310552571841 -0.110002690259234 -0.176723132806948
-0.00238622980172954 0.0197025248901304 0.0891767834494604 0.150814424340764
0.00485934104381952 0.0158138383675992 -0.150596331551007 0.0503339679776103
0.00312686762521975 -0.00393610549365084 -0.265913848216247 -0.325477560476666
0.0242556330600499 -0.0385896440533844 0.205961671702842 -0.531440376713727
0.0720574416101166 0.0069441811845096 0.75153956464468 -0.0275802761264152
0.00618862173615153 0.0526089922589017 0.375467787164116 0.776468691595959
-0.0339965672662107 0.0460930275413333 -0.257872159435108 0.554732985247231
-0.0456701968074809 0.0421869927735383 0.085405993682245 0.031162798726324
-0.00451452658707525 0.0581452210492508 0.264702988707377 -0.63142326093384
0.038176198909208 0.0114081348438197 -0.488858716230192 -0.758520684515283
0.0293128892560939 -0.0320185697922971 -0.796597435231802 0.117552218730464
-0.0116395901851356 -0.0232230019975109 -0.112631521995145 0.581270402663259
-0.0100175876848447 0.019575305137224 0.316577191483894 0.243532407747601
0.0226633525459507 0.0249380995554028 0.16156804515186 -0.0840966803250399
0.022660462626986 0.0111618191149595 -0.110833690762496 -0.172476786829026
-0.0068802122149172 0.025656010573804 0.0869197793243452 0.153601094880344
-0.00221385351463682 0.017646676990688 -0.146726513252218 0.0682907934185478
-0.00552885906641289 -0.00859530217875311 -0.280770997293045 -0.300212628546314
0.0237264081792709 -0.0468376404595612 0.164978932645707 -0.540269970916759
0.0848965921898309 0.00309163364953994 0.741100945063901 -0.0941253149170267
0.0208991762016447 0.0682807618307738 0.431576770509351 0.73607659358369
-0.0375327130312347 0.0676443941356562 -0.226214029211499 0.572720120272066
-0.0617970329189196 0.0567065772416486 0.0708386360146358 0.0534062416034636
-0.0146796262717967 0.0768777475482205 0.300139854813959 -0.605057608476426
0.0471084203289708 0.0311143217403838 -0.424835437637168 -0.803922170798563
0.0439995563760752 -0.0289376847586083 -0.810013538424176 0.0472389088353423
-0.00965018293015431 -0.0334558647382229 -0.159827467625095 0.580004990636003
-0.0182946806248577 0.0120865388988655 0.301470833084619 0.274171249366171
0.0138368198328048 0.0247159464883162 0.168409809564367 -0.0669651295493157
0.0150215981014688 0.0161068059473586 -0.10965102270538 -0.168837808954278
0.00811071736366649 -0.00924916957445476 0.109693509557104 0.140192358585025
-0.00406955211225404 -0.000232264029359643 -0.129410172496881 0.0564298108461372
-0.00958581950972224 -0.0161676074983015 -0.262887338139926 -0.297702426598266
1.12788528545092E-05 -0.0303057026418592 0.185951542870592 -0.509040783496984
0.0149412509343923 0.00548820071131299 0.728232150136231 -0.0438227146092337
-0.0437451300632709 -0.00478999355170775 0.411589204007036 0.776947624416099
-9.26699533879798E-05 -0.0629677015210218 -0.270052202379266 0.613722096014889
0.0299802621966598 -0.0590853049855855 0.0199399287532178 0.0927450697297544
0.0110800952176978 -0.0426264737318722 0.259327835618178 -0.550883378126275
-0.0193243194450805 -0.0316707944432033 -0.436914143587919 -0.738121823197466
-0.0210110775327347 -0.0230507890418222 -0.793742661822181 0.105983540907547
-0.0333052676968607 -0.0217527259061124 -0.142204279234245 0.615825606831158
-0.0237957703329446 0.00614371373897457 0.320881342740858 0.282690378046763
0.0150321965758481 0.0105548598092852 0.184485322236844 -0.0733036442508032
0.0336625769759937 -0.0119999950580548 -0.0923842777855627 -0.18562951071225
0.0110578801464622 -0.00908701295542809 0.108757911527664 0.136873533546
0.0019589870872914 0.00312401401407332 -0.133773207035479 0.0422972464984726
-0.0027672501466587 -0.0093097346714427 -0.249905474493707 -0.315612359384966
0.00184513536864446 -0.0234489827057426 0.215829261549253 -0.500013588982485
0.0110872948167589 0.00559950966003645 0.744501491465406 0.0197769856346128
-0.0446590282304375 -0.0141598579388276 0.356078978189284 0.812339503078083
0.00451614117006267 -0.0640336893812745 -0.295992451265679 0.587937643527759
0.0307051125642268 -0.055458077710684 0.0418037857525347 0.0670285878273958
0.00990192640284137 -0.0421723985255245 0.232886395587163 -0.57872724536696
-0.0205635524696775 -0.0346803401123097 -0.49196626872179 -0.703959903248612
-0.024340678021189 -0.0245464557900193 -0.783476918673699 0.165393705916532
-0.0306713647614279 -0.0146629729073591 -0.101675863060323 0.613322813277116
-0.0149585315308931 0.0129953923554585 0.330548440944588 0.255126498086419
0.0241150098396067 0.0117905197777454 0.176195028335125 -0.0889850564845266
0.0387698948143466 -0.0139121864330028 -0.0961391077044977 -0.188660957508992
0.0113558471603054 -0.00544940175642363 0.104718153876814 0.13846968629062
0.0065865502926592 0.00637069287361902 -0.140431364020677 0.0314274971272595
0.00385187542942897 -0.00349849034071928 -0.240259205313351 -0.33350945543428
0.00537546413425448 -0.0193199795394908 0.243882033784119 -0.497159381014152
0.0139821105467019 0.00536469799224914 0.746697547600406 0.0575430496556226
-0.040299893092973 -0.0135661577292265 0.312675254443285 0.832409718127674
0.00338947310493698 -0.0540161526586974 -0.311266190067523 0.563503576638979
0.0239490160413159 -0.0450657894990023 0.0623550797974869 0.0437338279833601
0.00945956381876565 -0.0321832905323097 0.216264741520041 -0.60634342498932
-0.017243796792979 -0.035411840548106 -0.531766180711609 -0.679304361145843
-0.0214121983543958 -0.025760680047567 -0.769714982145546 0.205645400674887
-0.0262621955699287 -0.0101654366676408 -0.0695263673207351 0.606099724663484
-0.00675269869881234 0.0173269057168357 0.334502931705166 0.230220721640157
0.0304737615799568 0.0134861041060658 0.167366272560819 -0.101504635103042
0.039841397244227 -0.0122018964251787 -0.0992254582597163 -0.18679814903105
0.0107892080256645 -0.000596524005998016 0.0997030706746575 0.140581240120945
0.0098548497940383 0.0101898087302404 -0.145705446687122 0.0256310992811484
0.00861855693128058 0.000672510865045745 -0.237263491942235 -0.34679370082406
0.0096136131173134 -0.0183020948006899 0.257191942728773 -0.499290663010099
0.0234230802524706 0.00563534032598978 0.748184790764902 0.076372664229223
-0.0325185904419504 -0.00483144581212672 0.290579203609166 0.838653029273957
-0.00234288460569182 -0.0351363525354062 -0.314355678503233 0.54446456096947
0.0111946045273201 -0.0267150653563338 0.0796593584396304 0.0276153150249481
0.0079594522524251 -0.0156698830269119 0.210330302978865 -0.626668911678792
-0.00641597627497895 -0.0305809524796643 -0.553284811906214 -0.673194935129174
-0.0134709087171776 -0.0280088967500044 -0.763356044446182 0.215409574440931
-0.0212365439705984 -0.0083418031678679 -0.0531224991561279 0.596820884617356
-0.00210445486892168 0.0222052048108054 0.33379978083495 0.216385655618392
0.0340421854713024 0.0156442854599843 0.160438751171965 -0.106740383064035
0.0386898942094654 -0.00820122366941757 -0.102691336150486 -0.184487076500477
0.00838943787846152 0.00606207961509806 0.0941793658088432 0.143582379816829
0.0107496869653875 0.0129880347626341 -0.150070326288031 0.0262885654608268
0.0104685968552306 0.00263389561982634 -0.240465972691007 -0.347420859975812
0.0153707267849109 -0.0217474567633715 0.255823552419237 -0.50644980389134
0.0378806351291038 0.00796852456839249 0.749786859924198 0.0671902540709394
-0.0220700243031457 0.0119459447299434 0.291532353102978 0.82877282650495
-0.0140015729026612 -0.00914705527483709 -0.30510669649063 0.535811034788071
-0.00630071648194293 -0.00387711219138287 0.0903260994051389 0.0182325702845689
0.00600588526626997 0.00637806495037885 0.217059603623725 -0.637627121159037
0.00757708877416879 -0.0207625455581226 -0.55166039123257 -0.684990508264466
-0.00131187446554969 -0.0298195700566851 -0.76384854827734 0.20589583973847
-0.0173892388379914 -0.0101947360681801 -0.0573150769253755 0.589033901622328
-0.000809476882586521 0.0227616994993944 0.3312822750893 0.213667354511294
0.0341781736695433 0.018850030418627 0.157271888630455 -0.105318468445246
0.0349480200549805 -0.00252551199685366 -0.106143442158055 -0.181047289352189
0.00330314787476213 0.0135186009516625 0.0892719706200896 0.14634847906942
0.00900769029693607 0.0146474263524948 -0.151876979235219 0.0336133626697753
0.00868900458603847 0.000741019408468102 -0.247575144856433 -0.342163631612786
0.0225203166727908 -0.0281703474140491 0.239181653469896 -0.515465160328052
0.0549675136960216 0.00782888259198463 0.749702615230571 0.0323290725978855
-0.00931280604632408 0.0322220657671008 0.321027031611523 0.808634600611091
-0.0253551366986949 0.0190319691702168 -0.285599439903908 0.537192381150079
-0.0254986770021316 0.0201113428996706 0.0914297422651576 0.0199622156266939
0.00315745374231062 0.0323810144900802 0.237383587797119 -0.636690372398403
0.0236482441427894 -0.00653202000991832 -0.526153805614009 -0.714624211456371
0.0129571302897318 -0.0318741301223576 -0.775178437117014 0.169026603405111
-0.0143528214206375 -0.0157236978498781 -0.0757396863157591 0.585562893948127
-0.00339388033950652 0.0227111720794753 0.322811778046365 0.223679686885062
0.0298962828156875 0.0223144276889906 0.157163826852476 -0.0964683535105979
0.0291975146158954 0.0044398356040784 -0.106937518024763 -0.176102751670254
-0.00136843099591915 0.0199954649326184 0.0851182901530888 0.14929577133286
0.00387624556401038 0.016792837475855 -0.150200183091682 0.0480277840298387
0.00361118670804895 -0.00364504241457623 -0.263460642598281 -0.324844234702387
0.0238194909097565 -0.0365966205868453 0.207923744618661 -0.52666870893599
0.0712475655889098 0.00716673140573399 0.747607379170386 -0.0231487804332725
0.00583845310889508 0.0519484527067958 0.369993666606601 0.775461315709957
-0.0337301540811022 0.045819131807826 -0.260052016020492 0.548109265301323
-0.0455505852734519 0.0408848338575035 0.0846988009550556 0.0332162193778492
-0.00459416339371378 0.0574420584603058 0.266842800445369 -0.625371461244944
0.0379665937416116 0.0121133740964863 -0.478753715218752 -0.75570499200054
0.029343876596111 -0.0314851595192997 -0.791451811769568 0.111944489030711
-0.0114307285615256 -0.0237430681818383 -0.114883048375951 0.579363989630256
-0.0103181644307262 0.0191470012416122 0.312694065241278 0.245740217544157
0.022589083276194 0.023618367100637 0.161823051042836 -0.0823838567129351
0.0220989741945616 0.0105237599709231 -0.108739745604817 -0.172050042438854
-0.00722976957542252 0.0253033455010976 0.0846382406286074 0.153257938290507
-0.00117366553444541 0.0167948578490968 -0.146406410080268 0.0666986492024856
-0.00541926730943679 -0.00779512004440578 -0.278703363873007 -0.299810503540932
0.0232923140161434 -0.0472023887108258 0.167673100130592 -0.535869750450901
0.0842110224303697 0.003153421384596 0.736448650357103 -0.0895316536178453
0.0206882425924755 0.0673451024811112 0.427603013515991 0.732992858848368
-0.0379436354475004 0.0663465031301653 -0.229687097740022 0.566837373043167
-0.0615223975129549 0.0565182122412448 0.0686783872210479 0.0531215270357654
-0.0149069119083665 0.0763770807187841 0.302492341889525 -0.597510069050897
0.0474725192194408 0.0312079856184559 -0.415514298016663 -0.803193612635197
0.044490058211215 -0.0288370106353725 -0.806132231690628 0.0412023339408332
-0.00857808314965309 -0.0339960873305427 -0.161787614871558 0.57449818238053
-0.0185502568251458 0.0123330989124035 0.297723134290288 0.273122107877172
0.013054388413192 0.025173722662237 0.16827910942982 -0.0657348225878562
0.0137287413603847 0.0156831969754679 -0.107549735992095 -0.167572193195784
0.00813476734203949 -0.00833643214269545 0.106998497686662 0.139517242606949
-0.0039497139746973 0.000192626361907373 -0.128804405316955 0.0537881777154536
-0.00983741482424411 -0.0165026519501649 -0.260196929109997 -0.297449520870349
-0.000281924931714517 -0.0304264153329958 0.186624901291382 -0.507179624813986
0.0134385321345522 0.00448171832092662 0.725459450332865 -0.0365767035666899
-0.0436926395447979 -0.00475274460702623 0.404872435297192 0.776696053219929
9.51212510437623E-05 -0.063051056980124 -0.273923245509359 0.608103428577373
0.0295307474427687 -0.058007696782104 0.0191498322534365 0.0934048561821654
0.010465979615946 -0.0418422334528753 0.26351298429897 -0.544612692094259
-0.0196624888801585 -0.030675776898319 -0.427561269542728 -0.737251068420726
-0.0211817662030773 -0.0234921970738202 -0.791388076619639 0.099805356995984
-0.0327525599123004 -0.022746939687544 -0.145626229749587 0.610918638090294
-0.0241492023670182 0.00703213015309511 0.31767336761469 0.282279650257065
0.0158079606969165 0.0111618872809316 0.184121975821258 -0.0716856832820194
0.0339699836092553 -0.012827957548294 -0.0899727528293129 -0.185802217486796
0.0106417386016261 -0.00781787995685857 0.106994011942636 0.136704524224633
0.00223206638752925 0.00281491525617599 -0.133851618424168 0.0406702850030223
-0.00256570511590264 -0.00947100933910547 -0.247767624974018 -0.316091272947731
0.0022061227629625 -0.0231404536655586 0.21813142586799 -0.497540657380416
0.0111911891280925 0.00538016673642419 0.738887515035151 0.025436618147031
-0.0443590582749059 -0.0136434653342123 0.349959865183084 0.81282303352098
0.00479659511207012 -0.0635681315502602 -0.300096305955307 0.58228976252634
0.0308187385260876 -0.0549635069699929 0.0408040304216535 0.0673083099899541
0.00987984772890617 -0.0427849269137674 0.236716325036184 -0.573774084383537
-0.0212061834897149 -0.0351916186806235 -0.482196233158337 -0.70293470120595
-0.023870446398139 -0.0249888265218682 -0.780264790371841 0.158556463645851
-0.0296335153720556 -0.0149673902264018 -0.106807263224419 0.609945750308494
-0.0142992632358216 0.0125674841623514 0.327687240481904 0.255555261135641
0.0244445603102495 0.0118745526442685 0.176414728810281 -0.087427221569426
0.0380769598921377 -0.0138507078199626 -0.0929820186640582 -0.187726392126618
0.0111781506420336 -0.00489349481839779 0.10257277009475 0.137600963315391
0.00722194392004898 0.00664640719191244 -0.139908979510967 0.0295644313382956
0.00487529373500622 -0.00248234499740761 -0.238834450986796 -0.332799630737531
0.00473607664547745 -0.0197300885950812 0.244021251012484 -0.49378806705688
0.0141165504494935 0.00512556955201017 0.743292413807632 0.0642285281790116
-0.0405160306979503 -0.0135544035206004 0.30392750680798 0.832420783627459
0.00408888347652383 -0.053565838209768 -0.314275929966094 0.559056523630755
0.0245522281573679 -0.0440564477769767 0.061889695367738 0.0443267691388402
0.00890069108302004 -0.0329812786027277 0.220891251065186 -0.601330338725121
-0.0170446600537328 -0.0355492680275243 -0.522239428297605 -0.679923432182378
-0.0210460647517212 -0.0257852190462012 -0.766457994137566 0.197805635521956
-0.0255128539316278 -0.0107966511499405 -0.0754900832500351 0.603722903050678
-0.00706593018703703 0.0181739855927189 0.33199251996098 0.231048931688627
0.0305120468341943 0.0128593935832946 0.167458734041439 -0.0994072231383462
0.0398856416266169 -0.0123021639745893 -0.0964383086715747 -0.187115362472055
0.0105698642569509 -0.000457982830220295 0.0974557981409936 0.139931442512232
0.0102488982172863 0.0105216752850012 -0.145668909813609 0.0234454789949389
0.00898805561636455 0.00143415514700517 -0.234446694766751 -0.343865220606867
0.0100706267962146 -0.0182017436735079 0.258573723325802 -0.494230247117798
0.0225947066314949 0.00487749378974727 0.743151781504 0.0821672563316278
-0.0320967274839835 -0.00437721423938769 0.283269767457107 0.837466519779878
-0.0023883042466409 -0.0345938822384327 -0.317484050759175 0.540256875781998
0.0121714152387266 -0.0264117446319587 0.0784759423696832 0.0266493465414252
0.00814256955215713 -0.0164637983613048 0.21286941958465 -0.620165409932821
-0.00621836987473359 -0.0304892505823873 -0.544242086483865 -0.674672694185159
-0.0128189350858982 -0.0282897557460692 -0.761920026900812 0.20882842265478
-0.0212960803886292 -0.00886319253493109 -0.0567412554835236 0.592649457528071
-0.00217620422186955 0.0217234981984577 0.332690204789184 0.21783213779886
0.0339348353703087 0.0150392813337683 0.16009472120198 -0.104257137878921
0.0382403611709457 -0.00848079270387325 -0.0999233838797307 -0.184555154696171
0.00791076945502609 0.00565406390545076 0.0922059752309918 0.143236073129726
0.011242158074619 0.0132211183079107 -0.148878909227269 0.0245907851858945
0.0103123378605285 0.00293118045644442 -0.238087307718714 -0.347140982365927
0.0151263414914778 -0.0203864413065035 0.258056719192959 -0.502501781259946
0.0367945709219769 0.00715371951973009 0.744257238743588 0.0740660718264867
-0.0218244799609984 0.0118071287328162 0.284981183316684 0.828081683326487
-0.013313609843916 -0.00968203064258965 -0.308640547184839 0.530713324152378
-0.00530645401443411 -0.00454718762077434 0.088856332747584 0.0188840451125612
0.0066305427121084 0.0068444430229523 0.220875708315666 -0.631361589078236
0.00815622188677886 -0.020340146895317 -0.542770183409218 -0.685526709978596
-0.00133645515686607 -0.0296810382839528 -0.763367172987067 0.19975554034037
-0.0174513273329115 -0.0109092391932636 -0.0599734498502688 0.586122705219127
-0.000771853284621454 0.0234999041720556 0.327897422887531 0.213891331924794
0.0334118462649569 0.0186780611161058 0.157437831345016 -0.102870472060339
0.0345515316896759 -0.00269943499238491 -0.103736314697957 -0.180903263527752
0.00375691483549535 0.0137277065986593 0.0876696927851254 0.146673974542023
0.00856982679703365 0.0155076464326827 -0.151119467934209 0.033114463985416
0.00837195566106271 0.000697534116842521 -0.246466349644756 -0.341638888214046
0.020604642461771 -0.027368627406986 0.24087149653627 -0.511336332641789
0.0537387161823768 0.00848529843580148 0.74668181086078 0.0380695438188869
-0.00933322820224495 0.0323560599024264 0.313586568367315 0.8087519856806
-0.0250183717615128 0.0183011621668258 -0.288816645944705 0.531280765519327
-0.02596744613382 0.0189296235743214 0.0914284405082015 0.0208655338830295
0.00231016538491821 0.0322348969672803 0.241943804061079 -0.631828971240889
0.0235847563862858 -0.00599850698687555 -0.518053213578439 -0.716266807812648
0.0129612934725505 -0.0317527324119097 -0.772653901719145 0.162830871958373
-0.0144002793068273 -0.0157142232514661 -0.0808316991071967 0.58016512433643
-0.00331009854645514 0.0223721067840911 0.320681516816646 0.225016170639569
0.0290153430258531 0.0207608760893816 0.15743019165783 -0.0944432655858109
0.0278838827808818 0.00440306834127381 -0.10500428887795 -0.176158230397876
-0.00147091937034295 0.0199647541387075 0.0837010831318488 0.149511259561628
0.00440791606820561 0.0162142297613022 -0.14952352713388 0.0464276048514248
0.00365497976401247 -0.00301061610454694 -0.260292480757005 -0.323818598329872
0.0241794747491989 -0.0364508163033165 0.208800616533948 -0.523101800533845
0.0711595725056065 0.00681234314205489 0.743009363742819 -0.0158459458467616
0.00547439052765177 0.0521444477219633 0.360886473062795 0.774349962104199
-0.0342768194247008 0.0445487746545522 -0.262066045760348 0.542672085994589
-0.0459567548744989 0.0406886534413561 0.0833327096391688 0.032540020315657
-0.00561519931607311 0.0578104815890374 0.272886970197692 -0.618481063457537
0.0380410207635613 0.0122638786227251 -0.46961681847731 -0.755094581961244
0.0289970007919908 -0.031449751198541 -0.789044291915937 0.103576516258579
-0.0124706668063793 -0.0243911791508163 -0.119386984035791 0.575843222225068
-0.0103615941826274 0.0192058452204247 0.309916964356894 0.245616382542473
0.0219072968387534 0.0236654625062768 0.161876781882631 -0.0803481549256581
0.0209998583941026 0.0102973768606382 -0.106049290428733 -0.171430955473922
-0.00781919151619467 0.0255822208643484 0.0816678476578512 0.152297723015318
-0.00217600697711253 0.0169557941762868 -0.146024674416214 0.0650235933265043
-0.00398960231450164 -0.00756303592729033 -0.275015851893488 -0.30043033064755
0.0227795508688652 -0.0460581816621941 0.169499453289163 -0.530640611727546
0.0833931218264211 0.00341366572740053 0.733441792924076 -0.0819427481542594
0.0198777216275111 0.0678032691953216 0.419811111787553 0.733574077949244
-0.0388838717582536 0.0663374857633757 -0.23394365410065 0.561653339982261
-0.0617999932700642 0.0553390440141517 0.0672169892231142 0.0529843656507975
-0.0156267839858856 0.0762376775294186 0.307201249063849 -0.591108662222848
0.0456166871957372 0.0311837494924339 -0.406894474292175 -0.801950945664574
0.0437594560994123 -0.0274392451647823 -0.801026011673691 0.0341436308574403
-0.00963112663454096 -0.0340533283013598 -0.165794170185703 0.572144687502488
-0.0182828670829082 0.0121375261705739 0.295342032773967 0.273691057191606
0.0134210395820534 0.0240514329915438 0.168014752685222 -0.0632930911082611
0.0141020848599538 0.0151869316409757 -0.10487072518986 -0.167935488992999
0.00775939074856703 -0.00769895386839186 0.105796792268157 0.14077259965585
-0.00355535014540876 -5.79925873519247E-05 -0.128845901601005 0.0526612116606795
-0.00997281349874844 -0.0162349355378657 -0.257893194138512 -0.299045424015001
-0.000471026609593816 -0.0295278978408825 0.189101003911572 -0.50376123922808
0.014600760828928 0.00476212403842002 0.726193398803005 -0.0313450634314161
-0.0433569673271793 -0.00439425321842696 0.398727172417418 0.778474757083412
0.000102434741574849 -0.0631608057614633 -0.278895367253201 0.605404669245879
0.0304437767003738 -0.0579310914452209 0.0174370469186912 0.0926396231089406
0.010804755358678 -0.0431842128903138 0.269119590941005 -0.538460501167193
-0.0193373057800137 -0.032233466878095 -0.418788404833639 -0.738689053708672
-0.0201969413655465 -0.0231178163918647 -0.791697898201434 0.0926541687812212
-0.0324791403552767 -0.0227229963562442 -0.150344559379556 0.607416126211416
-0.0242085111678717 0.00690331252078843 0.315500065323462 0.282034060886179
0.0156897182764164 0.0106450047597207 0.184429477028241 -0.0699656030119457
0.0333967592053426 -0.0125469774574425 -0.0876365500791614 -0.184970559643471
0.0101642832741175 -0.00723756532910286 0.104654907553265 0.136871145791409
0.00267113411846162 0.00270736370523138 -0.134327843072479 0.0386216353431043
-0.00211332179868949 -0.00901765792522532 -0.245225032452865 -0.316341981066937
0.00131654746986189 -0.0224417800209395 0.219762707693908 -0.495010765070646
0.010494766709868 0.0040195213314135 0.737856385433597 0.0304842237114022
-0.0452477940320179 -0.0124579723359018 0.343252269913634 0.812156196249602
0.00551004933913032 -0.0634190277751662 -0.304751990041026 0.579482751698111
0.0316853732673174 -0.0550622695658658 0.0395574390618061 0.0670162115320456
0.01012292878239 -0.0418915454721168 0.243858541289629 -0.569580508782861
-0.0211107558014594 -0.0352188588034737 -0.475498343809834 -0.705862989242938
-0.0240669645208376 -0.0244746286392723 -0.779348631205656 0.150510812600383
-0.0299444354096061 -0.0156855936520008 -0.110251374309218 0.607958216636784
-0.0148930240425317 0.0135159674398492 0.324860743594424 0.256115571632685
0.0246820824735137 0.0115066222431898 0.177586164719869 -0.085181985151672
0.0381155987665401 -0.0142429272084403 -0.0922384876966254 -0.187782799413074
0.0117228608595742 -0.00489196656115763 0.100490231350059 0.137664762951033
0.00700933300222324 0.00679371900725336 -0.139805078439634 0.0283478484545878
0.00483574681110982 -0.00217265618512008 -0.236061997884179 -0.335175304938536
0.00485732800073537 -0.0181756224348514 0.247546701575805 -0.491488394571308
0.0138224461210303 0.00357995375925713 0.741854998674119 0.0723199983149698
-0.0407743156529183 -0.0135225710442774 0.298279049581426 0.83125859651673
0.00571663212031646 -0.0539222962879404 -0.31918496707321 0.553437819373312
0.0247985368682477 -0.0443745546648049 0.0604626853238424 0.0444678474805101
0.00968244309638063 -0.0316791247112194 0.226492253853718 -0.596917107436947
-0.0164306531269176 -0.0351485415774706 -0.514985942239637 -0.683609408320011
-0.0210941574868156 -0.0254539360912854 -0.766257797508281 0.189518801999723
-0.026036146308547 -0.0106535107679746 -0.0783246252681544 0.601406811529052
-0.00726655495166356 0.0174826487386176 0.329497761396167 0.233294776152441
0.0305610436049818 0.013403979380323 0.168961143033472 -0.0969985928748221
0.0395137287576528 -0.0125503304454313 -0.0949921464464848 -0.187185973281555
0.0111479161972442 0.000521226393040457 0.0958839825572789 0.139637552971727
0.00998245177068762 0.0103708258904394 -0.144723044325582 0.0221114443840168
0.00846889824963444 0.00195687046287588 -0.232485145689413 -0.345759957802533
0.0095556013003095 -0.0169497045541585 0.261918065390775 -0.490864967530065
0.0222856081803877 0.00525814439165406 0.741796586230031 0.0884655154793101
-0.0326086150854789 -0.00436402479636695 0.2771648229724 0.840659361960558
-0.00186520952456662 -0.0344357824226342 -0.322534176552799 0.536196148982829
0.0120910201490495 -0.0268592323153194 0.0781439167595191 0.0279997557472138
0.00781340687283235 -0.0156078237193843 0.220484908563194 -0.616422896199822
-0.00639296457064741 -0.0293447195872831 -0.53587071316442 -0.680401549748029
-0.0130152829035347 -0.0279014754516676 -0.759726362291669 0.202502504086255
-0.0211404332129964 -0.00954388053376574 -0.0636238395201041 0.592478487003919
-0.00237833786743894 0.0212915939680259 0.328834025553902 0.219070798732014
0.0336445753738734 0.0159999004374607 0.162336040607593 -0.103147753645314
0.0379617137915525 -0.00798545763837294 -0.0974187986557249 -0.184791440494297
0.00706274022821752 0.00694267037930097 0.0897193094044843 0.142250709987261
0.0115688517739257 0.0130178404003228 -0.148947766736425 0.0229259133906168
0.0108739012434365 0.00342561903543653 -0.234151716864655 -0.348607726595886
0.0153668611983705 -0.0203533530249262 0.258894266277533 -0.498843413231758
0.0362963689347678 0.00723828380653692 0.742721813992941 0.0798824257305861
-0.0218655124858452 0.012562769765376 0.278531603643756 0.829970233779072
-0.0138616001297694 -0.00988540012595144 -0.31366260201085 0.52643798892383
-0.00511617945847815 -0.00431651723830624 0.0876112874247637 0.0188831832343913
0.00619458322664374 0.00607619093573667 0.227267138560024 -0.627482406071816
0.00721872549663171 -0.0201275572743941 -0.536251934228318 -0.688280971531319
-0.00119597512409643 -0.0292979725463298 -0.763278824291091 0.191339212797755
-0.017577124666193 -0.0115623586448516 -0.0654851514693964 0.584544113510312
-0.00113764775399568 0.0236192023984056 0.324954029970612 0.215711183009165
0.0334351344407011 0.0181201278099646 0.158653943285017 -0.102464725937345
0.0332707578219269 -0.00265931958229484 -0.100798538925598 -0.181257088413447
0.00353797940161778 0.0141420003193344 0.0859965195974991 0.146672890648195
0.00866862997986582 0.0157286845492067 -0.151115538929606 0.0305729258797885
0.00930339400368641 0.00227467355491112 -0.243780364089487 -0.341802756389237
0.0205730435308595 -0.0269277807147475 0.244061463572407 -0.507778377552945
0.0544369848104693 0.00728893744326272 0.743209166300916 0.044596849339663
-0.0099580786894958 0.0336452744401126 0.30780696419039 0.807469734472056
-0.0256646319579501 0.0179970260488277 -0.29522246622793 0.528402797556362
-0.0255554206484697 0.0194328591415642 0.0901616288477231 0.0220624428788959
0.00139369156785952 0.0316335086343907 0.248827992889142 -0.625736628785239
0.0231246896334022 -0.00551419578295495 -0.509068444632792 -0.719759846443586
0.0138316346870167 -0.0321090152848284 -0.773757239556265 0.155423535133433
-0.0145384968171992 -0.0151427100579722 -0.085773961005383 0.578830694595696
-0.0044925262549265 0.0227905929138967 0.317306135691358 0.226965019220294
0.0296755715102023 0.0214334026633915 0.15887907831611 -0.0929827309025002
0.027475922893518 0.00287320930299222 -0.103715225900802 -0.176796143249621
-0.00245866362980526 0.0211166745944313 0.0811580063113869 0.148987960610742
0.00526052726806238 0.0160890507165976 -0.150673860316317 0.0451357502969188
0.00480823248600729 -0.00237075529473288 -0.258252253400318 -0.32459366598679
0.0240327569503571 -0.0348896441082625 0.210920151394463 -0.520116024903739
0.0703186511360784 0.0065755093552509 0.742829881145377 -0.0115570031172279
0.00497842761025 0.0525602935892997 0.356801052733408 0.77608064445921
-0.0354202525711819 0.0448016010973563 -0.268615584076991 0.539568713559739
-0.046427632186809 0.0396046889624781 0.0823453763903051 0.0344119988358779
-0.00606182308843358 0.05661558065398 0.276306401579614 -0.613545511161912
0.0368429477088746 0.0122888201040224 -0.462285456887867 -0.759184924410342
0.0288779618933082 -0.0306892433793986 -0.789572262501101 0.0970905695810032
-0.0109454980473163 -0.0234443514755311 -0.124232469841156 0.572107471710923
-0.0109966144037972 0.0190515051095626 0.306387314944564 0.246857745307207
0.0219384199507516 0.0233136186691533 0.163012930292395 -0.0795514522813309
0.0199205281568724 0.00983909153781543 -0.103902515960721 -0.17245392340017
-0.0073307807915801 0.0267757624357455 0.0800894254306796 0.151664981693864
-0.00191914871127489 0.0163140142526761 -0.145972815428981 0.0623767386393394
-0.00410167523674608 -0.00718252229656538 -0.273856552213066 -0.301252062169994
0.0231595487319757 -0.0452780241618385 0.170235279382161 -0.528139476497423
0.0829819941118496 0.00286340724296595 0.733783539899863 -0.0764251294750638
0.0194707280795498 0.0679674253614522 0.412524254555755 0.736257200470734
-0.0389141881850908 0.0661530765505544 -0.238328317960061 0.559186173354485
-0.0627889644793123 0.0544399467620181 0.065679948095294 0.0545253819015625
-0.016581855159579 0.0751497631607703 0.311411287232116 -0.58494914288634
0.0454114567746372 0.0332368782085553 -0.398265356614256 -0.804786336097135
0.0438413224276165 -0.0273607694980432 -0.800253978038422 0.0271242498050048
-0.00938788335128459 -0.0338599927400299 -0.170583823402553 0.570515758003448
-0.0184147174375756 0.0118345810642168 0.292258839273631 0.27574347851304
0.0119537091774834 0.0232801771918801 0.169482523599487 -0.0610913222096148
0.0134416505775844 0.0147173955849247 -0.102559067715315 -0.169384481529309
0.00789213848219565 -0.00756116412207588 0.1037473486987 0.139800260824148
-0.00302194342914763 -0.000349758237684822 -0.130490140903206 0.0520901823837487
-0.00954355530292339 -0.0149661158833682 -0.25636231600787 -0.300027344294627
-0.00102853877683866 -0.0289289300029707 0.193657998589388 -0.50132830379403
0.0138274261048259 0.00478165294246218 0.726560464859401 -0.0246190734421009
-0.0442316805611445 -0.0052478370896609 0.392595546494961 0.782583707428092
0.000582325509617242 -0.0634960875006504 -0.286446194824665 0.602500974616318
0.0310321125581988 -0.057712312146775 0.0163770723852286 0.0931185117139709
0.0111035015628143 -0.0426019201245505 0.273600480261494 -0.536763436680359
-0.0197164702773442 -0.0310991785054138 -0.413696421230976 -0.74367888857019
-0.0208112452490445 -0.0229399086336446 -0.793673198866107 0.0851368088653779
-0.0329550609931492 -0.0228448493614741 -0.155665926820275 0.606649016914493
-0.0232815864170415 0.00699946714909695 0.313457662962086 0.284684533383777
0.0150116917503942 0.0100907496204639 0.185700535494837 -0.0681459844924905
0.0327556180190215 -0.0126858425986454 -0.0865191048842924 -0.185443861676464
0.0103344923092707 -0.00858055351539222 0.102466417119891 0.137905459184725
0.00189403206701876 0.0027931927256974 -0.134093298652555 0.0371545471621534
-0.00142100400279558 -0.00807381554687989 -0.243204250074906 -0.319012674290071
0.000437495906043771 -0.0221977288243448 0.224468955863111 -0.4931175215002
0.00990710147850522 0.00398053270874655 0.737610170683291 0.0392051262764965
-0.0439944936448317 -0.0134103781685689 0.335952110249519 0.816907886765065
0.00514946760920522 -0.063698899980957 -0.310907103644172 0.575768999574975
0.0318151845449211 -0.054388990544048 0.0385143107442706 0.0674621082225173
0.0104037407568546 -0.0423568019931924 0.248876626020156 -0.565761147912587
-0.0207419846390858 -0.0357864760355974 -0.469056943779941 -0.712475661848171
-0.0234587986637527 -0.024535214636078 -0.78104873933775 0.144560504111635
-0.0298021360575689 -0.0152294912256696 -0.115470795371794 0.607991251139411
-0.014837107583233 0.0131471556381315 0.32376696610128 0.258127608694617
0.0246965567957452 0.0120698066849073 0.178519342443213 -0.0838475211428281
0.0387203455013971 -0.0139776646264237 -0.0894302824101085 -0.189150299618036
0.0114905999323848 -0.00398288667847617 0.0984093603056524 0.138358193592504
0.00758401629572191 0.00626621823911234 -0.140310053146945 0.0260613582107948
0.00492618297896629 -0.00136685127589271 -0.232420708639147 -0.338314362484215
0.0037817966865823 -0.0172874082899674 0.249670475721408 -0.488801093632862
0.013500340362389 0.00392509058868582 0.739282342946236 0.0782823018388548
-0.040376033370984 -0.0139198604749309 0.291314112191444 0.833931320173671
0.0050155187080362 -0.0533401461579605 -0.324752960673029 0.550887656999265
0.0248152478397257 -0.043791031040643 0.0596445328883917 0.0452238384070769
0.00901161926587809 -0.0328631653546062 0.232051708013968 -0.593557598576201
-0.0170462234874884 -0.0348112183209007 -0.50735932768701 -0.68794028739197
-0.0202431487256183 -0.0256784485204038 -0.769299317075205 0.182889381661507
-0.0258990511944001 -0.0111317593343406 -0.0843665481741594 0.602245529745081
-0.00750889408294931 0.0178279921388879 0.328272020064051 0.235493904175605
0.0308536881435077 0.0128477208869696 0.169523804354619 -0.0960444025789141
0.0392048651873417 -0.0125891238740115 -0.0932935696133863 -0.188013749649267
0.0110700844356842 0.00079854114086816 0.0937515890773721 0.140040902831959
0.010251207956349 0.00991526419221888 -0.14557400360571 0.0213970135664795
0.00917358458552164 0.00280203858897706 -0.230984937792971 -0.348168354037146
0.00944744334532546 -0.0171031794477945 0.264895841260282 -0.491749870282233
0.0223254443543301 0.00570845360755218 0.741425185943284 0.0961769993012628
-0.0326546948802309 -0.00441196438437137 0.270710798249718 0.842320398113268
-0.00222729498855155 -0.0348854333751478 -0.326769386330805 0.532282182941604
0.0128133417764517 -0.0265230135670488 0.0768171249142167 0.0292519894675753
0.00728118207859303 -0.0168889876787849 0.226431425689898 -0.612395673272788
-0.00650625643927716 -0.0290855090844136 -0.529191274922818 -0.682762016755375
-0.0125763504905833 -0.0281122936080305 -0.764367676703039 0.19618355169322
-0.0213787423062475 -0.00962144923514965 -0.0666082080142189 0.592785010660861
-0.00229903154947054 0.0216277398415063 0.32782150063363 0.220755147364838
0.0343553374706771 0.0147455123922363 0.162721113407078 -0.100801754813778
0.0375767802430874 -0.00868437432417792 -0.096123906739835 -0.184865511815221
0.0074027700542109 0.00713471271649379 0.0885076089330592 0.142825771675029
0.0111890143848724 0.0136783519050616 -0.150790731859347 0.0213663397508993
0.0109994958918969 0.00385634687601539 -0.233399694361812 -0.34964230875236
0.0151532882837254 -0.0192172617445461 0.264652671031954 -0.497158276321058
0.0362011186679995 0.00670412218681826 0.743258169134156 0.0869388723070732
-0.0212798758990533 0.0117851217669888 0.272760967384813 0.833635164558455
-0.0135100861413853 -0.00994039107009174 -0.318307624168005 0.523289941913482
-0.00551305770792839 -0.00451406798787803 0.0875765741337961 0.020381058280201
0.00477227816579851 0.00615823831500512 0.23272114107102 -0.623973744241225
0.00833930926781216 -0.0197488217952023 -0.529808555039921 -0.694994731913543
-0.00134515084273375 -0.0304398189114512 -0.765370285503817 0.185712388195334
-0.0175394953340145 -0.0108515117162955 -0.0685806420378339 0.586439236827165
-0.00159131442702406 0.0236773015382494 0.322940407152799 0.218673384141017
0.0332382402532789 0.0180947783011023 0.159464123326666 -0.100061980236562
0.0334714679164092 -0.0028748817472618 -0.100284174770662 -0.181834529564613
0.00287494952267478 0.0138331630633157 0.0831457996730029 0.146127879937585
0.0077763243738973 0.0156671219311864 -0.151693900914701 0.0286470866921717
0.00887353017947787 0.0016452121973485 -0.241221560647269 -0.343333030701703
0.020539211384603 -0.0258844091217019 0.246569386954471 -0.505564740152986
0.0538145129309169 0.00769743774256153 0.743784233946272 0.0516692556828446
-0.00995779625226845 0.0326540485629691 0.301980728451415 0.812585013276505
-0.0260956738961824 0.0173955806417639 -0.299232658687915 0.526423925213986
-0.0262719531769888 0.0180653883439722 0.0891314824748379 0.0230332954781511
0.000812616114845196 0.0314163806644255 0.255632637806886 -0.623772879703831
0.0229704014258972 -0.00521689420827103 -0.503085586897132 -0.724881913888949
0.0137267433707938 -0.0313533528750466 -0.775342779206223 0.149756368997829
-0.0144742279820186 -0.0159331628083192 -0.089008930654894 0.579144187694265
-0.00443833651765545 0.0220988159982193 0.3143325511482 0.229858660849961
0.0289554888756764 0.0213343814011374 0.159902575259523 -0.0909560145164419
0.027786790407644 0.00384362417512345 -0.101806692882019 -0.177490540858869
-0.00266488981633293 0.0208017557564252 0.0791012771618005 0.149325338453756
0.00458234842963778 0.0162421046799711 -0.150768633387576 0.0437164541509262
0.00431618857852183 -0.00160354983332112 -0.257098735414005 -0.327513708293541
0.0235933205088796 -0.0349866529666057 0.216043750585865 -0.518440688706376
0.069811308939805 0.00770612003956983 0.741652104313472 -0.00392359217365877
0.00493875260185058 0.0529541175393606 0.352158597076824 0.779765002971312
-0.0352415159041503 0.0445315251476077 -0.273523055239574 0.537415323308312
-0.0463689802347603 0.0394738290038118 0.0802866407889456 0.0346895081209911
-0.0075836528740655 0.0562757465765499 0.283841276065677 -0.609834074723409
0.0364789117331449 0.0136977754593382 -0.455284724262471 -0.764280771941344
0.0289907564462708 -0.0303306354426134 -0.789776704117749 0.0901155384361169
-0.0115528699730365 -0.0231895673155128 -0.128692090405611 0.574298129644738
-0.0110027761468575 0.0183312663579601 0.305284687385766 0.2503382897392
0.0218581505037369 0.0224221623747898 0.163682688180529 -0.077017290011018
0.0199898451788837 0.010137641882254 -0.102665562007862 -0.173284531186857
-0.00869083850896663 0.0262716720986615 0.0776655890439749 0.152858371063518
-0.00179260631424752 0.0169190093112353 -0.14771476298221 0.0618206222066571
-0.00426773641513506 -0.00627360866550643 -0.271163104143952 -0.302272557938664
0.0220068368449529 -0.0442323151221168 0.174681894786843 -0.528104097907241
0.0833480622651802 0.00391368638740947 0.733420212543871 -0.0692352116299419
0.0187449390858342 0.0685459975045825 0.409056144943682 0.740665035805703
-0.0404379622396241 0.0648093728766415 -0.245842801500889 0.558246829180817
-0.0624412583005378 0.0543863708072757 0.0652607712697403 0.0550362473181079
-0.017724691765442 0.0750944844447187 0.317791302354822 -0.583929531144957
0.0443853139397789 0.0327977216757845 -0.391594039940358 -0.806538206276831
0.0450076721878954 -0.0262480821822831 -0.802130330620478 0.0199576810105344
-0.0088969321119518 -0.0342676762914039 -0.175218911439407 0.569272262499848
-0.0187902904700286 0.0117739618196218 0.290853343683836 0.27692101198704
0.0127503375331942 0.0234669338863748 0.169063337642809 -0.0591384321034517
0.0130043074423126 0.0153246433449706 -0.101475160783354 -0.16931980786467
0.00744100295609218 -0.00761309372577855 0.102438620916322 0.141461754873863
-0.00343752518605754 5.97912880601409E-05 -0.131564697210662 0.04946556039118
-0.0081623836523069 -0.0147534197226121 -0.254820899376365 -0.302927120164648
-0.00103540120923979 -0.0294187117165276 0.197442714902286 -0.502567230769753
0.0135354060217464 0.00428573852693731 0.727389380615356 -0.0188861742284088
-0.0439030533792646 -0.00523134566453493 0.387119870626542 0.788323122554089
0.000985088013961175 -0.0631059680204607 -0.293798499433562 0.600802201537693
0.0318149087804004 -0.0577910957524738 0.0145769689595333 0.0928680716421464
0.0109549583759262 -0.0429530143802943 0.280231989697092 -0.53453942135895
-0.0194236321798823 -0.0323534603426463 -0.406454916594591 -0.749062303317434
-0.0205233846383271 -0.0229223244649488 -0.795867217929055 0.0795194657726562
-0.0316958405418086 -0.0237034808788312 -0.162102278935132 0.609106912485904
-0.0240445152414444 0.00651763257725663 0.312335345645296 0.286941462538938
0.0169123915571516 0.0102944328232645 0.186812289261472 -0.0671825371681739
0.0332490642337086 -0.0129493679993763 -0.0843261856779543 -0.187588223566087
0.0105346439758322 -0.0065896036874629 0.101637588110114 0.137706677825843
0.00267109608940947 0.00269903574332437 -0.134940183737772 0.0348545869383399
-0.00175178743892075 -0.00744953725199402 -0.242244541562088 -0.320418096818218
0.00050788833723673 -0.0221855274943149 0.226670443769376 -0.492079089796903
0.00994229811693862 0.00406925316512221 0.740503920989759 0.0457430290053523
-0.0449039371907016 -0.013818580697715 0.330810117721547 0.822988725701781
0.00541330836702553 -0.0635802545584113 -0.315492253522835 0.574438623616566
0.0325690558818534 -0.0548761318525541 0.0373861919861295 0.0680782579135627
0.010040174886216 -0.0422053567459965 0.256005573475314 -0.564203732718051
-0.0205598714741249 -0.0360058520107873 -0.462836562335597 -0.717737843754732
-0.0236479009836345 -0.0250634626168227 -0.786591914841479 0.136751752760738
-0.0303452374834297 -0.0161350884715371 -0.121145555624791 0.610351963128015
-0.015575559207866 0.0128734754615113 0.322282638518316 0.261920725713279
0.0239904931455905 0.011131134183754 0.179231792346821 -0.0820906605962616
0.0374934458361407 -0.0133930108712484 -0.0874014609425087 -0.189592426954093
0.0112162053579043 -0.00367479727921548 0.0976779824417523 0.138163935909722
0.00760995725858671 0.00723745468958184 -0.14201488737009 0.0249352923048752
0.00477539357780623 -0.000709872061492905 -0.232429288461283 -0.339317807225942
0.00402230477029789 -0.0179553671046701 0.254469511707721 -0.488684066296517
0.0127464179370449 0.00382333427257886 0.743310007228428 0.0845662689639649
-0.0395670421880092 -0.0139023088230369 0.28604004119698 0.840288686034504
0.00490183455115724 -0.0539959090768929 -0.330131158458852 0.54907833444169
0.0258345512659294 -0.0445503263640112 0.0585158922762754 0.0464427403516911
0.00949530884049273 -0.0334227608687822 0.239028055480344 -0.59325073080719
-0.0160591213541615 -0.0351838654673774 -0.503678870216387 -0.695769505980386
-0.0202190023044288 -0.0262189379857531 -0.774411063433027 0.175775840323437
-0.026593549044046 -0.0113966188799782 -0.0875621648641983 0.604644290544054
-0.00713591831294241 0.017675356462432 0.327460517445351 0.237562692951239
0.0305939020694532 0.0136099602738576 0.171945706814503 -0.0946027445158907
0.038649508306998 -0.0124081417766239 -0.0913311824721215 -0.188947756563943
0.0101090494172152 0.000902119457825415 0.092433861658188 0.139875553916669
0.0105810571870735 0.0104505074730481 -0.147011741806389 0.019682682356963
0.00977488077247251 0.00352753237928632 -0.228505427434202 -0.351236062397134
0.00892827651564963 -0.0159179331177504 0.268323207041023 -0.489324450186542
0.0220082845405843 0.00485947837732299 0.742734096433008 0.101558284863145
-0.0316271330194346 -0.0046044790773909 0.264928452711796 0.844681542855093
-0.00159359145995467 -0.0349833370635971 -0.331811636255561 0.531807903363492
0.0130613033190313 -0.0266727077036007 0.0761905985990978 0.0298492698784329
0.00743667664637929 -0.0167896308501442 0.23336494128448 -0.613075781299535
-0.00692688944524742 -0.0296743726855241 -0.52368976791013 -0.691169643388991
-0.0126632601901271 -0.0284891915894558 -0.768590453972974 0.190000439399717
-0.0210589615605001 -0.00911450161404397 -0.0726035316811318 0.596399382006094
-0.00254093904497596 0.0218668814903876 0.327249568262815 0.222768909418337
0.0338279315761601 0.0151212330662879 0.165027260983439 -0.100082776422533
0.037067892416209 -0.00876308782659261 -0.094376664506361 -0.186452905837599
0.00736462035831491 0.00744006741845215 0.087521521761574 0.14419711594486
0.0104524702514357 0.0126475432298105 -0.150755284897565 0.0195214423567456
0.0116524538196427 0.00424762164176355 -0.230455805884748 -0.35380484973839
0.0147138240582501 -0.0190349462316069 0.266826461168678 -0.496396425777104
0.0365568903703189 0.00679042889984705 0.744082297773119 0.0937020005713498
-0.0229390924503144 0.0119842814576447 0.266824229746449 0.838901395998495
-0.0140753160844631 -0.0101368911027549 -0.323282046039899 0.522935406610659
-0.0053665299010072 -0.00498518498458776 0.0869590080489989 0.021573992490518
0.00539536167754072 0.00604966138195979 0.240420992528314 -0.622556767867794
0.00781358403319956 -0.0199687604191797 -0.52425366445984 -0.702296543935124
-0.000803556022912564 -0.0307879629816352 -0.770214109292493 0.180309358647125
-0.0175133332073344 -0.0107342896367193 -0.0745908308732364 0.587371166466283
-0.00176970264869276 0.0238810747253237 0.322807136587891 0.220437834245415
0.0341031115396601 0.0178275591766386 0.16073267586482 -0.0993968429322424
0.033473030333449 -0.0033542620166506 -0.0975580184881179 -0.182970196668404
0.00281577612042225 0.0140917498196015 0.081088347378979 0.146623534913296
0.00864705162831144 0.0151255377433243 -0.153022106152301 0.027414883557879
0.0103140083745912 0.00197078587284406 -0.240362018969637 -0.345519415124149
0.0201753594809195 -0.0253848467393495 0.249970371307172 -0.505672677009536
0.0537641777461451 0.00765104377229211 0.746460972532235 0.0577938555614568
-0.0100662121046229 0.0332352801198689 0.296355706646458 0.81731550456285
-0.0263242414998443 0.0179026892286184 -0.303321036237189 0.52444213313548
-0.0262478505153474 0.0178765531700515 0.0894078707460661 0.0236569586068431
4.07868071936063E-05 0.0319724042056729 0.262088012316967 -0.621329976034606
0.0229562303153434 -0.00367258890672675 -0.497796749740488 -0.73299488968433
0.014080931202145 -0.0318411385336416 -0.778436172665086 0.143176987230876
-0.0143925919149665 -0.0156716249557508 -0.0956514295890469 0.581426877227404
-0.00447536140038681 0.0227865208936918 0.315487907130617 0.231413148245311
0.0289491684614615 0.0211776961288586 0.162253410237752 -0.089587210966342
0.0273080280366796 0.00438807244591296 -0.0997573327698115 -0.179042821571409
-0.00296145868156608 0.0206638041057212 0.0775624539747155 0.150992185187343
0.00450481192333449 0.0164098159303609 -0.152021283598298 0.041772297267564
0.00513856907604393 -0.00154913364359069 -0.254776825662943 -0.329725056247146
0.0234734238158168 -0.0347305968796507 0.21884686408796 -0.517484811353402
0.0699603402348362 0.00748296167539324 0.746723681890153 0.00260577339922355
0.00380002480774359 0.0536114859029835 0.347438262351725 0.784781183735508
-0.0367124367410471 0.044255862368856 -0.279210740703493 0.537149222437872
-0.0472011565957942 0.038549746048564 0.0811701215845083 0.0356543644260973
-0.00713326356747225 0.056679958267824 0.291655694779561 -0.607280116026128
0.0373240670442679 0.0142075149884418 -0.448866627978655 -0.770604038952569
0.0293147026600526 -0.0300323170621811 -0.791555085594577 0.0835599224618864
-0.0114280210814485 -0.024699241977506 -0.133953158429933 0.575180179516988
-0.0111900950420763 0.0179490982371862 0.304533276768042 0.251185323923355
0.0214885185309421 0.022332652574189 0.164647757724377 -0.0752893517457304
0.0199027914034446 0.00985161096464604 -0.100958064734879 -0.175130823342623
-0.00953744571069218 0.0271374531642564 0.0762251771987449 0.152787656215192
-0.0021220638886997 0.0166187662695514 -0.147805515359694 0.0606854768206514
-0.00391244222221954 -0.00657600035948137 -0.271099391930684 -0.305290486871559
0.0237615525894095 -0.044301210014188 0.17977324429027 -0.526857246128792
0.082969372144049 0.00497010488714709 0.738038585846095 -0.0637961522196387
0.0178746141950719 0.0693695690860627 0.404295760567893 0.744699974850176
-0.0410598052181638 0.0652615198940597 -0.250615873150336 0.55715836420353
-0.0632947515939043 0.0537788357033272 0.064061219791068 0.0552215421975657
-0.0192675610290224 0.0757455026736429 0.323290883241953 -0.580878756666597
0.0446312859676365 0.0332536209396257 -0.384118339911973 -0.814373108656851
0.0440417116066054 -0.026648465803215 -0.80458445872845 0.0129948304110075
-0.00843483697698838 -0.0344433149417336 -0.181082446319043 0.570589089239055
-0.0189409529595468 0.0110581529863148 0.288866677306349 0.280519351863906
0.0117623404260993 0.0229244051865644 0.172078821483167 -0.0576380308889287
0.0122459675174432 0.0143586287232293 -0.100014436804582 -0.170441134723314
0.0074461890476287 -0.00695715779795911 0.1015509944715 0.142608458619763
-0.00288779666043704 -0.000194279272015603 -0.132710914146414 0.0497224850611913
-0.00878076676777136 -0.0141090750429751 -0.256435850466716 -0.306390223390122
-0.00109595753234878 -0.0288704930344667 0.202002352125735 -0.501429167198983
0.0139703334655089 0.00374555746115005 0.733564614800886 -0.0129882940379022
-0.0448251415641572 -0.00525242069071134 0.38369936280729 0.797367272138289
0.000812173150392663 -0.063541152585499 -0.299543560936841 0.603446781154944
0.0323314500430719 -0.0581634525160197 0.0130512645432125 0.0939064753616393
0.0117076820495745 -0.0434751794351365 0.286453008629769 -0.532755151298799
-0.0195514256321683 -0.0326684682659138 -0.401153623852673 -0.759249856641742
-0.0202623625467124 -0.0238961055920927 -0.802098674575929 0.0718351222761375
-0.0334432645707787 -0.0247285576949951 -0.166810408172383 0.612811906946547
-0.0245216550698917 0.00608559805281478 0.311936396366174 0.292911019589449
0.0159933541288088 0.00931189819415939 0.189496090412165 -0.0653207539004019
0.0333864962878281 -0.0131234883481654 -0.0830696564127608 -0.188859541880749
0.010659061482833 -0.00608901082531708 0.0998601711527336 0.139243749823157
0.00371762807000385 0.0023103447930992 -0.136552413184591 0.0345301761347062
-0.000740875686066897 -0.00706156065429298 -0.242431911601828 -0.323897952987954
0.000326525516704236 -0.0217422878238332 0.230886124476304 -0.49236443561209
0.0102280607319036 0.00338450877564631 0.744183233859532 0.0519769853870534
-0.044186272204333 -0.0140185163844362 0.326399015606368 0.8312306273279
0.00603837098538551 -0.0633577759704629 -0.323177131198184 0.574341898478114
0.0330254121503358 -0.0551056507385463 0.037417689067766 0.0689472226580832
0.0111191686682926 -0.0427734194837183 0.262005638215984 -0.565503119766523
-0.0207497142195934 -0.0357970403605476 -0.460846190465063 -0.724356909006313
-0.0231052073981497 -0.0248991583738396 -0.792279836827973 0.131275603265752
-0.0307333994456096 -0.0170028491593205 -0.12685243979268 0.612927434020106
-0.0155747014301368 0.0131888500109356 0.323367266100903 0.264473012094344
0.0247707765486031 0.01092716270583 0.182350432778781 -0.0817991533182641
0.0372699798429892 -0.013363647558417 -0.0861813408643935 -0.191813746930797
0.0119185495600128 -0.00380136630455274 0.0960047833464518 0.13979198676237
0.00816972570336731 0.00736610478338917 -0.143277398445687 0.0235615126125557
0.00575065214585571 5.13359137110751E-05 -0.23227257687984 -0.34255645872284
0.0034292456194561 -0.0170755810955162 0.257271004469349 -0.488621128770797
0.0127604001526079 0.00344630665610346 0.744563435692093 0.0919684549225959
-0.0396317381227256 -0.0136786718166631 0.282311503591577 0.848471199838231
0.00455616727875378 -0.0547858474040864 -0.33813426254828 0.550057103168797
0.0265063487629388 -0.0438837796138161 0.0589157264145884 0.0466816082447032
0.00973868684747095 -0.0332006545257229 0.246033175372314 -0.593141635910971
-0.0160343134364557 -0.0355539027789022 -0.500830374359252 -0.704486372518303
-0.0208504566408417 -0.0263323148307249 -0.778879542719008 0.169729190835435
-0.0260986530805053 -0.0110673422384142 -0.0930909923224072 0.607150095582642
-0.00761295302830443 0.017957733932744 0.327666238921814 0.24158321600226
0.0308089419639475 0.0121803024120555 0.173400544795017 -0.0935652224734062
0.0388799437284842 -0.0127191862229719 -0.0890726789507104 -0.190716426214127
0.0105975207650394 0.00160947038438508 0.0913876669943165 0.142023406863768
0.0107029070019999 0.0110355104300253 -0.147484171638145 0.0176708306759798
0.00961687961949575 0.00430563417774734 -0.228255974030121 -0.352996971047269
0.00882483095844234 -0.0157428871742059 0.273386601190851 -0.489994424646933
0.0210303716804173 0.00465365572763657 0.746713670866215 0.108566810298092
-0.0327772526594986 -0.00522959062309489 0.259235624837163 0.855220608367239
-0.00162020881903045 -0.0349818149801262 -0.339427664595576 0.531176901526006
0.0126854390573066 -0.0271479784696551 0.0764485267251158 0.0312920211557526
0.00783869784606807 -0.0162372672452668 0.239763898097901 -0.613496186273354
-0.00707562479693267 -0.0301247822430075 -0.520927384207947 -0.698436391138887
-0.0128385398120544 -0.0287524181566124 -0.774941617240182 0.183556940575522
-0.020926585476471 -0.00940505945030377 -0.0778053733351005 0.598143947079446
-0.00269067086607588 0.0211162732342981 0.3255600995278 0.227543382618256
0.034245162197426 0.0153201067909464 0.166653425121993 -0.0989770307916398
0.0373564547715398 -0.00850823008631453 -0.0932302805323754 -0.188149965838508
0.00748827609385409 0.00802044645361655 0.0855263125749144 0.145242705679446
0.0118015489365204 0.0126913657299617 -0.152690189118543 0.0187092432234455
0.0120828728684962 0.00460896628303633 -0.232443442615077 -0.356063794590781
0.0155032185417555 -0.018526798019308 0.271713568161954 -0.496045966041864
0.0359972475080215 0.00617071009854663 0.748140064647173 0.100572383944808
-0.0227096806963448 0.0123139421912505 0.263809078638985 0.846000338360095
-0.0134233997083068 -0.0102706135852193 -0.331244237039262 0.52162323753391
-0.00622349135917659 -0.00519789635065179 0.0870568302967507 0.0227719158843601
0.00527402874000455 0.00639080618732861 0.247057204760323 -0.62500116989528
0.00777192295305977 -0.01911247738077 -0.521384342865755 -0.710625844093433
1.10982873379935E-05 -0.0301272006247147 -0.775301527922018 0.172937770555901
-0.0175435134563339 -0.0110093746802264 -0.0778374424123415 0.591031798062755
-0.0013581990805491 0.023121549621922 0.323793598673031 0.224695504913959
0.0328159770865457 0.0172189612514289 0.162462263581769 -0.09807564372684
0.0333450479773793 -0.00357815497179273 -0.0964226551447664 -0.184592840030902
0.00238297815377003 0.0147215740193301 0.0801894246322017 0.147908149888877
0.00897854398385319 0.0150554362178895 -0.153519614349825 0.0262490132927868
0.011035845025836 0.00322468981228938 -0.240363710422546 -0.348976208911478
0.0205455035818203 -0.0247754060369241 0.254353297143413 -0.507825880894358
0.0534978923618833 0.00818429747969362 0.749648734457033 0.0648609478520834
-0.0109146029069839 0.0338069320986092 0.292389109528488 0.823929164460504
-0.0277628579155838 0.0175157079624451 -0.312770586624737 0.525846883969335
-0.0265891610517672 0.0175815355682451 0.0883126508015673 0.0243644528565646
-0.000868593756803576 0.0320812036743235 0.268981820552753 -0.623083574987892
0.0228947641841802 -0.00417242519745877 -0.493184169862465 -0.740285492945121
0.0135713077364206 -0.0309313136171785 -0.784583395021663 0.137118205723247
-0.014890046809801 -0.0162923857518662 -0.0999470229789207 0.583503985635077
-0.00541237783303821 0.0224399791488543 0.315697550984836 0.235245601710988
0.0291157463690802 0.0212953811203578 0.163821283342695 -0.0888695807066758
0.0271520647432951 0.0042732624314855 -0.0982996407198192 -0.180670166369161
-0.00320735282596922 0.0220999499396197 0.0767899807024889 0.15147190602762
0.003658775566449 0.0162018454368536 -0.153236245809104 0.0413143017181115
0.00553253067893878 -0.00144624929981932 -0.256292920839977 -0.331199461878476
0.0238657456659647 -0.0344595167252408 0.223039924731448 -0.518580754924889
0.0700617809860606 0.0076489542664282 0.748315628759213 0.00906851323746993
0.00303211497957239 0.0539959869956975 0.342818188950105 0.794532503965817
-0.0367797797796069 0.0434340058768226 -0.286545139056756 0.537299027729845
-0.0472453597548672 0.0386423032868346 0.0803951414587628 0.0363388415396113
-0.00936184706120692 0.0565778096923567 0.298935528999194 -0.607543923097147
0.0358392451136507 0.0143673680245504 -0.444244215629275 -0.779008434192609
0.0302289211451109 -0.0294796638098601 -0.798698853601102 0.0770126926071235
-0.0117689640677681 -0.0251184003219669 -0.137654665834237 0.57952916460235
-0.0110715542147104 0.0191415016222018 0.302894570432651 0.256041208325196
0.0214616257997938 0.0220779389255754 0.167169368518554 -0.0746551598598046
0.0193340204443259 0.00986321519347171 -0.0985967018168992 -0.176175583306773
-0.00909729107213914 0.0267533112304211 0.0746379418776366 0.153821483679755
-0.00204778046843903 0.0168264007421194 -0.149907232094652 0.0598440400032858
-0.00313426447056398 -0.00595428260460096 -0.270921166645207 -0.309730479895028
0.0223903259710038 -0.0437639445553053 0.182613281706397 -0.528858341297323
0.0825784094167406 0.00432595391775291 0.742279192763139 -0.0565808493828298
0.0176453988695092 0.0698131104084574 0.401676824356739 0.755096975757886
-0.0422487491335939 0.0651193800718412 -0.257695067265456 0.556680787024517
-0.0644627964112317 0.0538363271333589 0.0643005159656078 0.0558173695167188
-0.0202440334717967 0.0756876471916993 0.331619199556356 -0.57999251379697
0.0441654377039258 0.0342478987236584 -0.379494868958058 -0.822418198872383
0.044797016116239 -0.0252404132141523 -0.810054183039071 0.00450075130405078
-0.00927943851419694 -0.0348990760785634 -0.185973743597859 0.572482294629527
-0.0192313792564723 0.0115998950399902 0.289040413785382 0.284231280847374
0.0123835549378843 0.0224572753705296 0.172982371913199 -0.0561188976592149
0.0115602385712427 0.0140133505170639 -0.098336588314397 -0.17206905256181
0.00796758809978701 -0.00644850928185407 0.0996487074117595 0.144861801753596
-0.00300077422549472 0.000307729284728833 -0.133916988313076 0.0481242660988333
-0.00896227186277113 -0.0134972367388607 -0.25711921702309 -0.310317042721324
-0.00163672942691934 -0.0293854664813328 0.204474964224027 -0.506308799130972
0.0136049450044348 0.0033704725007488 0.739210486662154 -0.00822095660072761
-0.0440856966749446 -0.00545406922775122 0.391698299867087 0.802943556971937
0.00140508559165797 -0.0635090037149538 -0.308175171596288 0.60525845134286
0.0327798277296526 -0.0585293073725453 0.0122783720809087 0.0960080673524494
0.0112551455489801 -0.0438494927744674 0.293924463427331 -0.53599689521259
-0.0191628690255424 -0.0321445031080448 -0.398507253200844 -0.768305246436807
-0.0205310402322418 -0.0239093340868503 -0.808705462203715 0.0680091189583988
-0.0335475997167382 -0.0249302833727528 -0.171749490269255 0.617703100047197
-0.0244761285313924 0.00601310159906679 0.313737896683579 0.293319183876473
0.0159765780077964 0.0094516873807429 0.191080179325954 -0.0642115974459532
0.0335785519780966 -0.0132788380056071 -0.0820345080188583 -0.190603565492214
0.0105324527625865 -0.0060785134111331 0.0995496589492704 0.14087404632858
0.00369055725373383 0.00349712550350043 -0.138170715642389 0.0336398228005521
-0.000851453583387547 -0.0061465777876267 -0.243322362237706 -0.328150619121271
0.000353274811991367 -0.0215028553452793 0.236037973971799 -0.494784297529662
0.00864239967868873 0.00306641206737429 0.749334244721742 0.0593135624373433
-0.044543038805816 -0.0141496611614185 0.324883908406996 0.840503942887071
0.00630935062939316 -0.0646202744262406 -0.331613818332219 0.579012549447239
0.0338047876199907 -0.0560012614687636 0.0359228929812001 0.0702627947770059
0.0109748968010197 -0.0423324195366922 0.269124736433132 -0.567106149140071
-0.0208116856154362 -0.0360448275269883 -0.457227205512552 -0.736596213173886
-0.0237373668981211 -0.0252253465622263 -0.800939178637638 0.12616602252443
-0.0298419631959933 -0.0187659724012706 -0.131421518496297 0.618494048862801
-0.0159641979359271 0.0130859161237853 0.324355647415096 0.267398223741438
0.0257108484414889 0.0105394995700392 0.183871591391362 -0.08075546638438
0.0378770045229914 -0.0135277254393503 -0.0852956340393434 -0.193499246983676
0.0115977378141212 -0.00266232012201753 0.0947973231386246 0.14159859573484
0.00795413158374843 0.00667431707989199 -0.144698309436865 0.0230372704180109
0.00556158925573445 0.00031732623887297 -0.231581336191411 -0.346269962729367
0.00376971929075469 -0.017058438044483 0.260895177817461 -0.490652499000963
0.0125398674055397 0.00365668350196113 0.750363266770484 0.0972033138570946
-0.0399977470891403 -0.0135738480026558 0.279113235514176 0.858398859063082
0.00551377437828823 -0.0543446250699524 -0.34369265702674 0.553253192052806
0.0272962126843999 -0.044973217482791 0.0582991410222634 0.0484544008437935
0.0100168637387858 -0.0331232964859783 0.254261189890758 -0.595018014630506
-0.0167664736171338 -0.0363924651150138 -0.499693659957985 -0.713818300930912
-0.0201046245521932 -0.0273496535039703 -0.788077224055444 0.164962006273538
-0.0263028942703775 -0.0118972982892255 -0.0986276982772721 0.612533850079492
-0.00722519221898714 0.01820003866151 0.328057175693864 0.244248055493841
0.0309895042388426 0.0128326638164627 0.176233273234157 -0.0937476530076407
0.0390514980656403 -0.0125053298390756 -0.0894794186334557 -0.193104803645108
0.0108400486167403 0.00208946236325378 0.0909652241150782 0.143309105508888
0.0107690119407435 0.010482074558943 -0.149839886051684 0.0168395812014723
0.0100964250362618 0.00374376626295569 -0.228935389585492 -0.358032534060044
0.0082680902672493 -0.0153693079262143 0.278423261468787 -0.491073804418278
0.0220334520235602 0.00433907859743645 0.751833211031116 0.115684488536976
-0.0325940638900743 -0.00488253457560387 0.257550446290347 0.863269662262474
-0.0020890961743941 -0.0352368293870896 -0.345978165621304 0.534356679410944
0.0139062412019406 -0.0268397501413547 0.0759088443878328 0.0322615578594227
0.00813229909297526 -0.0164586379706248 0.244848016365883 -0.615185819711473
-0.00682296742942112 -0.0303367953885379 -0.519743206025351 -0.70776236953158
-0.011798493740653 -0.0288677675681965 -0.783331998241782 0.179786863441207
-0.0216009869407354 -0.00960884249684773 -0.0820097824438698 0.603208873417534
-0.00334999401962405 0.0227588240356715 0.327992115224275 0.230776833705503
0.0337248853435585 0.0142630640524733 0.169321020509723 -0.0982168383752405
0.0376499900633133 -0.00928588890307237 -0.0925782643317185 -0.189527607631242
0.00750615257493052 0.00810097730931923 0.0849725566011149 0.146326712797344
0.0121039807599456 0.0135305426677327 -0.154322215952987 0.0173025125033781
0.0122629723463065 0.00492437150336693 -0.23141736351743 -0.359199941366309
0.0147853252465211 -0.0185713323334097 0.27715313197564 -0.497054458536711
0.0361284638652732 0.00640348433399929 0.753730932684981 0.106547360093902
-0.0221850753217816 0.0110989866215974 0.261575905131102 0.855157808941388
-0.0147451932887029 -0.00986045947107223 -0.337093455087062 0.523789293476819
-0.00545822653615419 -0.00469079928275757 0.0864654359370712 0.0242745111372331
0.00413768485107536 0.00634236006736393 0.254866301088006 -0.624335732513897
0.00754577159841999 -0.0191161816022239 -0.519913456140516 -0.718455753039501
-0.000449463094618676 -0.0305189680705685 -0.783755774020294 0.16957260565565
-0.0179189511728593 -0.0113355409527401 -0.0833485351886987 0.596246799294805
-0.00218740247893142 0.0239145435713161 0.325287479447011 0.227558111760619
0.0334332317111013 0.0173594356868103 0.165457259476463 -0.096873740250018
0.033036731392778 -0.00367993426191331 -0.095229522808493 -0.187053046672994
0.00182217209548943 0.0148074715615886 0.0792387077034181 0.149990135022235
0.00947440036161392 0.0150839465154141 -0.156040572201511 0.0254839937874031
0.0104732894361745 0.00314583554605041 -0.240392930628288 -0.351708757983622
0.0205823817069328 -0.0250213159160107 0.260232128821443 -0.508564054985167
0.0530226674920896 0.00812234571699598 0.754803838705504 0.0707927314264919
-0.0109677518853601 0.0338788121783495 0.29019801717673 0.834251739894047
-0.0271343488168432 0.0179276944848213 -0.317872310230136 0.526821702726756
-0.0274349003396494 0.0176655904722394 0.0887336020317513 0.0253937198131402
-0.000428608663277505 0.0327609176813942 0.278104878470921 -0.624851516085446
0.0230275249585242 -0.00411846891123791 -0.491458311607808 -0.750510842691127
0.0141650248681687 -0.0314610625611799 -0.790767550614094 0.133291395756671
-0.0148354866471823 -0.0164020522354637 -0.103275364745574 0.5895864495693
-0.00587576725640789 0.0229493053054165 0.317502356198602 0.238716460002476
0.0288657930837291 0.0205196235021686 0.165725037053526 -0.0883364668349577
0.0265985096662847 0.0036419540322868 -0.0972423570903363 -0.182832020545931
-0.00361751929237516 0.0220573918629616 0.0760246290782853 0.152909365370674
0.00456328752309748 0.0159961426170557 -0.155000259504337 0.0394896760669696
0.00478414117976554 9.97518457271501E-05 -0.256230319324801 -0.335854719270053
0.0235141850113125 -0.0348934812900244 0.228281857651043 -0.520953502943736
0.0701906569893964 0.00866707839806458 0.75603595294437 0.0147925322166433
0.0038186242067055 0.0543405938902536 0.340618805580771 0.800603090110804
-0.0370581801457564 0.0434016445819721 -0.291193260758442 0.539125927646726
-0.048320423775364 0.0384569652930549 0.0806896479661321 0.0373244372969305
-0.00973255671412145 0.057518408952053 0.306487084584243 -0.609982637598367
0.035932309159192 0.0148638968033262 -0.440968301911225 -0.78901709715728
0.030577520790157 -0.030506952294683 -0.806399310788475 0.0732904169026826
-0.0123185792733612 -0.0242502344722848 -0.141087986338196 0.583806635665538
-0.0116473481387759 0.0187496594173491 0.3052141694781 0.259785809309883
0.021435566187242 0.0214290587923988 0.169317383161064 -0.0740030884248528
0.0192387759377035 0.00910552589368481 -0.0991299689464269 -0.177426316662985
-0.00865629035631551 0.0277773893494937 0.0737669053572011 0.156429898113136
-0.00142497759547479 0.0168926860985148 -0.150885112617833 0.0581708597495601
-0.00357641248172386 -0.00583692765004792 -0.273107407137834 -0.312137597671546
0.0227062175928795 -0.0433020783693736 0.188351162478276 -0.531994184678309
0.0837578006822636 0.00507093112509741 0.748595821084555 -0.0527198107073735
0.0180101395805334 0.0710644437078919 0.400466859797001 0.763295431657008
-0.0428068432508794 0.0652333463377383 -0.262848353436048 0.560660210886679
-0.0644694602516659 0.0534749405090417 0.0638109306987943 0.0577249834746596
-0.0204411934907246 0.0757642629120097 0.337395418857693 -0.583067706095071
0.0436961306298781 0.0352227830184743 -0.37699918633761 -0.831791578687574
0.0458820000434163 -0.0258384903806031 -0.816610257590651 0.000163827284145191
-0.00930235338156688 -0.0338871888109634 -0.190373331123267 0.576025088547719
-0.0199397163294116 0.0113441222567613 0.289983164698588 0.288281663643311
0.0118839001607915 0.0218555963711473 0.174590837043737 -0.0553231049669936
0.0119487859748224 0.0147111593424609 -0.0974133178582078 -0.173698368312075
0.0082620244536604 -0.00663945374438844 0.100100974157572 0.14579228441596
-0.00266174589796533 -6.33046619209392E-05 -0.135783986347495 0.0477247465655029
-0.00833793947258707 -0.0133681326273458 -0.25826150436539 -0.31475420702752
-0.00204136991819005 -0.0283385851134218 0.209744087283887 -0.508726856173375
0.0131654238130739 0.00334045296088823 0.744848252739584 -0.00305177928553853
-0.0447437596743282 -0.00519037057112401 0.383337949537582 0.816617240788228
0.000835472686469455 -0.0652440849987234 -0.313296273364263 0.609094818488654
0.0343107595305368 -0.0594576491411588 0.0116698589348762 0.0956939385980651
0.0119167989483371 -0.043978587177345 0.301850899694547 -0.537799987141095
-0.0205605784341926 -0.0322019144591612 -0.397762231757211 -0.778225003675901
-0.0208612591980045 -0.0242245348410725 -0.817686164272306 0.061923237771175
-0.0330505385674334 -0.024220538281197 -0.176941674804123 0.621667539595264
-0.0249223246569804 0.00639821262915445 0.314279067840584 0.298506464095795
0.0163772350843317 0.0088026658836858 0.193761257329875 -0.0636398251356319
0.0343861174001721 -0.0129454589049641 -0.0812380333718901 -0.192844927823296
0.0105994650570674 -0.00527730672724993 0.098661640777269 0.141742620916228
0.0035175790980617 0.00330553962907914 -0.14106214003118 0.0335793036451223
-0.000749611350142525 -0.0060288164710468 -0.245080371611459 -0.331995731335563
0.00035091596306407 -0.0208773351952202 0.238431557316091 -0.498002583028646
0.00976257256882002 0.00335535508758874 0.75720746632208 0.0622175286379096
-0.0454414582323388 -0.0140133338033274 0.325214532864986 0.851793720606219
0.00589634544614594 -0.0649917220672842 -0.337053328182651 0.58053849295235
0.0347556062767397 -0.0558066755579568 0.0349970141643549 0.0713894533749802
0.0114596821779479 -0.043300641093008 0.275301392561112 -0.569512213210578
-0.0214873584425417 -0.0367204157536453 -0.458065600767452 -0.745573301116561
-0.0233628549137365 -0.0259759845817347 -0.80897407502999 0.122853204262958
-0.030437857491397 -0.0176139371666061 -0.136898147722311 0.625376539124016
-0.0158941136361223 0.0129859974125802 0.326385863261957 0.27100261718484
0.0261090835891804 0.010105089152821 0.18597438957507 -0.0811620474951059
0.0381476287540012 -0.014011652655659 -0.0846426890444979 -0.194828154541905
0.0113685799290436 -0.00224208870728047 0.0950849354661259 0.143565241881643
0.00822125880083741 0.00667029199295404 -0.146753545799524 0.0221818749000705
0.00559411183299444 0.000343354552024455 -0.233349012187282 -0.349702997555947
0.00342829409059303 -0.0165900409856944 0.26545150187904 -0.494037005428347
0.0128096951409735 0.00269728937140131 0.75850507101374 0.101899658517506
-0.0409789879793423 -0.014119121569025 0.279518107758518 0.869416884850142
0.00495653117541213 -0.0546085020563264 -0.350538370293176 0.555793350162556
0.0276027215592266 -0.0451931541915837 0.0576744780428173 0.0493975992143869
0.00995265737021499 -0.0338747708621651 0.258490543718842 -0.597639999182956
-0.016889383937622 -0.0356907819479314 -0.499072350317817 -0.723893050465541
-0.0206371931798775 -0.0268990057528164 -0.797717106248301 0.166198893465787
-0.0263974105146406 -0.012168649246781 -0.101595696949794 0.619102801020573
-0.00766591688396545 0.0189118560774915 0.331429839610369 0.247423159536895
0.0315631702035545 0.0121255727252463 0.178594884837442 -0.093140525294209
0.0398067305027184 -0.0129352443240193 -0.0890106072859914 -0.194475591058894
0.010683544609791 0.00138057791250408 0.0899801345702168 0.14443913316994
0.0110871574333376 0.0108968903865573 -0.151198883709743 0.0157815000747623
0.0102461482016708 0.00406735071059712 -0.230294174307978 -0.36056544034441
0.00825148865284412 -0.0151926417267876 0.281776737546026 -0.49361599849949
0.0218591418456539 0.00449212248447995 0.759036735459735 0.119858811033063
-0.0334747765217923 -0.00454618807655361 0.256617396202135 0.873234707743708
-0.0020509270278285 -0.0355507352588352 -0.352304136961983 0.53810009227669
0.0140345576807989 -0.0273361170891229 0.0759085538254969 0.0332346994820101
0.00738645252414608 -0.016801117079028 0.251969837392056 -0.620897269828188
-0.00664324964001798 -0.0302436044002168 -0.520985478419225 -0.720345892637991
-0.0120919654849988 -0.0296406819144023 -0.790186241248011 0.179109299006494
-0.0221068304485124 -0.0101499645727013 -0.0847145495627217 0.611108555395879
-0.00270031354949298 0.0218705537006929 0.330378867007427 0.235116172074574
0.0348135760626625 0.0149560605620213 0.171828353258695 -0.0982122611637779
0.0379268207012735 -0.00799104978162868 -0.0912985783749607 -0.191859239942606
0.0075762804025173 0.00803693057236043 0.0836668554686719 0.147910782186245
0.0119024409802329 0.0133101434148944 -0.155987597444377 0.0169445553436598
0.0124543999539411 0.00560364969507411 -0.233731676174349 -0.362984344505542
0.0159071580575877 -0.017849041838984 0.280184454066815 -0.500614106150637
0.0360092215129693 0.00665548808138057 0.760236747337874 0.111710192253205
-0.0230753602645867 0.0126274455673441 0.26127585748263 0.865698980437616
-0.0141956289391497 -0.00976717555289222 -0.343417805124432 0.527797441796293
-0.00480398941863652 -0.00502098194842301 0.08725039584386 0.0239148649646554
0.00419648056789938 0.00678362172940357 0.260355907249564 -0.630422867529739
0.00682019639015653 -0.0192433452128035 -0.519906712532314 -0.730720370872766
-0.000217661290073547 -0.0304479497510328 -0.793329344269728 0.168088409067491
-0.0180497126105127 -0.0109854359757035 -0.0858413218029191 0.601379624830597
-0.00240526044802317 0.0236842690419483 0.327419076103156 0.231800885737319
0.0339379867732267 0.0173497121928409 0.167596858243495 -0.0970322267034526
0.0330932801375899 -0.00297862664766395 -0.0950115214103992 -0.189066156230403
0.00265650634530246 0.0152790017206238 0.0782476021615565 0.150670061538683
0.0097883145648967 0.0153342595700317 -0.157126138730986 0.0247238165501734
0.0118543593040064 0.0038414796642 -0.242556460125645 -0.356894062926082
0.0205875150437449 -0.02326164390967 0.264495852329966 -0.511839870337189
0.0530373569879523 0.00805397335877475 0.761674848469991 0.0760037812967616
-0.0109831819802691 0.033884978071495 0.289292806938412 0.844089231755329
-0.0280829647148732 0.0182940814030919 -0.324680208572534 0.529991668640739
-0.0271693490528456 0.0180514885408834 0.088979317727159 0.0270791905043622
-0.00101472026321541 0.0325399113332879 0.28148552800341 -0.62900318720907
0.0236834515603608 -0.00399197626825046 -0.492061393310721 -0.761848333528429
0.014469945425888 -0.0313754784541302 -0.800788595359973 0.129265399743645
-0.0142986683323646 -0.0161705033439232 -0.107621988858752 0.593799018591649
-0.00556388091736375 0.0229952822359494 0.318422479355173 0.243478770708998
0.0294001942430934 0.0210026403708692 0.168327416645761 -0.0880553344721308
0.0259839449655668 0.00269528750068185 -0.0973877553214237 -0.183881490534892
-0.00342662501230541 0.0223216329071876 0.0744576057964959 0.153735988101357
0.00442987759042773 0.0163345901229818 -0.157510827244019 0.039704963613303
0.00510807241888875 -0.000850206177269799 -0.257663340427074 -0.33951868884302
0.0242527138761093 -0.0333973759685878 0.231595550268354 -0.52562532790228
0.0703597429469747 0.00756928314661101 0.762417206490805 0.0194100012571655
0.00365332768472979 0.0564741899163064 0.34188188214964 0.812000741751418
-0.0393457738290573 0.0451476000445993 -0.299813397119527 0.54284240172082
-0.0490564561850983 0.0385949748704662 0.0803786032090203 0.0384939417240414
-0.011483841756839 0.057269682967159 0.313323144409744 -0.613994067788435
0.0366794321938445 0.0158940391778994 -0.441155046933075 -0.800463120984094
0.0309654502774639 -0.0298822893268534 -0.815996568603061 0.0693454011106164
-0.0123034429968786 -0.0249898295846538 -0.146864057322108 0.589665524334182
-0.0124401041200884 0.0188597338914941 0.3065622041802 0.263084076952514
0.0214215340961524 0.0210444111991435 0.171789503610971 -0.0734576034238344
0.0194343860579536 0.00952262301543946 -0.0991898508214087 -0.179390829979496
-0.00981624017926194 0.0287204450226564 0.0727825221392185 0.15787715637495
-0.00142528020504285 0.0169290387717863 -0.1540552903248 0.0573959419450957
-0.00303909209047835 -0.00529125773841317 -0.272945820375356 -0.315427132003333
0.0237570660647992 -0.0435040350801149 0.192892728365489 -0.536591525480907
0.0839139894466351 0.00555886786820696 0.754511778920181 -0.0492824334299031
0.0177937908793509 0.0727218702599597 0.403955879548166 0.774703436478115
-0.0438367098004893 0.0660650697344955 -0.26853947689279 0.565175432983753
-0.0658643129846463 0.053183864855018 0.0647988513306468 0.0586651501045931
-0.021454850974621 0.0762987627089727 0.347051893037356 -0.584902868974003
0.0441629617962731 0.0362054200965992 -0.374482774480243 -0.841949000834993
0.0464037694661098 -0.0263563577403199 -0.8245946314425 -0.00288919561956635
-0.00894553352776352 -0.0350077424842989 -0.196101959863247 0.583235820882499
-0.0195847832004214 0.0115828849848029 0.291208379323559 0.293544411267542
0.012194327867392 0.021340936696394 0.177565948338586 -0.0554819887717152
0.0111198438675794 0.0151905813053704 -0.0976074520327611 -0.175635733132647
0.0079384711043544 -0.00689678483649722 0.100879278593594 0.14670786836671
-0.0020906806879846 -0.000175073450350607 -0.138525135666376 0.0478809479078655
-0.00770534186773919 -0.013383865570078 -0.262546318218245 -0.317325575892894
-0.00180198017991784 -0.0290001743325176 0.212577425922322 -0.515250349979987
0.012749799416866 0.00313960167225512 0.754723476457041 -0.000654239564673888
-0.0456286679015057 -0.005212997370376 0.386634034400979 0.829870460840028
0.00186960683812724 -0.0651362992898269 -0.321455918309553 0.615266940223761
0.0352370461328069 -0.0599112921105891 0.0103481399099869 0.0975085409579138
0.011930040909025 -0.0447977480225148 0.307419527420146 -0.54250847802908
-0.0202296734640676 -0.0327604769975072 -0.399265696611274 -0.790229899283804
-0.0212780351517715 -0.0249356006454307 -0.826687770721224 0.0592386224490606
-0.0345126319565274 -0.0255380992011797 -0.180846072567608 0.63178865512593
-0.0255841321890992 0.00693072214004105 0.318708519454513 0.302876212440002
0.0167000661631497 0.00929582603342032 0.197336310110609 -0.064497753083007
0.0339057223686121 -0.0135612595378184 -0.0809299764383916 -0.195064624692751
0.0102723221938836 -0.00551110789364459 0.0996846252056296 0.1434900977982
0.00393207392179992 0.00336410185668049 -0.142443535806524 0.0329993874636878
0.000726999357529389 -0.00585563053049234 -0.248232142776448 -0.33608885284261
-0.000702207242959729 -0.0215884750757858 0.243263702514665 -0.503363290471681
0.00906656059561215 0.00303741433265284 0.766358003365036 0.0660465371380865
-0.0461591466045718 -0.0140015435285907 0.327847976108344 0.862989713933904
0.00632754685630208 -0.0661810966226728 -0.343009146818713 0.587432941106252
0.0357844383607087 -0.0561818219297057 0.0354720689710065 0.0722708514173208
0.0107863593752383 -0.0434588391970144 0.282279441645565 -0.574889274615128
-0.0222913475665715 -0.037392354036121 -0.460029353734276 -0.755660069864249
-0.0236140844552454 -0.0263715239242161 -0.81850369641139 0.120495173062684
-0.0314384334030143 -0.0177002768634571 -0.139503576602362 0.631802283602094
-0.015661658199078 0.0134409286556739 0.330235828508272 0.275421231708782
0.0261427205086692 0.0102958909101778 0.18945895853429 -0.0808171953924986
0.0382640139328348 -0.0143351610805905 -0.0856625904360085 -0.198590919610414
0.0112042424002804 -0.00229788849260841 0.0953791905833831 0.144711244050046
0.00856035679589965 0.00681113628954276 -0.149342754677333 0.0208604007135249
0.00679235993048079 0.000540988672978318 -0.237747887288155 -0.355031728328486
0.00295553931763283 -0.0157160482924905 0.271420922936413 -0.49879672177414
0.0117445546213766 0.00199081863335738 0.767334569992765 0.107056672681714
-0.0409427786485162 -0.0149535999771709 0.278996724650416 0.880408753166916
0.00635033753740495 -0.0546929458566875 -0.356869140796847 0.561044800616516
0.0285164030855264 -0.0452565765929469 0.0577319604540992 0.0505975379310626
0.00942561624434607 -0.0349121395568699 0.265010534809553 -0.603275522111577
-0.0176366251315161 -0.0366403620009681 -0.501948454048428 -0.735058951656134
-0.0208469860373509 -0.0270604801444157 -0.80757820413306 0.162226600706442
-0.0275825302235051 -0.0127664431911756 -0.104001913387661 0.626684415279027
-0.00817498987456906 0.0180793438340198 0.333839107447095 0.252275832260583
0.0323020189486842 0.0111166113055155 0.180839207175477 -0.0939831505335758
0.0394059728604178 -0.0135311195965407 -0.0882393241302418 -0.197126077946521
0.0107701156435595 0.0031524922460071 0.0898601351262373 0.145737386814313
0.0116486304646619 0.0109170991033953 -0.153911130214129 0.0147754634408302
0.0122512481779679 0.00531864846733986 -0.232903909488684 -0.365644269430806
0.00830005735807998 -0.0146089920279464 0.285949600361153 -0.498655376584666
0.0218912543531862 0.00420317923429615 0.768607304667857 0.124640703608774
-0.0329850406642774 -0.00476949570247583 0.258028044303403 0.886374871427938
-0.00122098324651206 -0.0355661012341452 -0.358629304120218 0.542064245408269
0.0142499139700964 -0.028671999761776 0.0760303439602413 0.0338161069417708
0.00721113912648923 -0.0172473058601562 0.25966464257683 -0.623768744786805
-0.00703305312950368 -0.0302043612804055 -0.52381069745186 -0.732371142146508
-0.012335219013017 -0.0299179599676412 -0.801118382546251 0.17778578679478
-0.0220553630930991 -0.00952906641791927 -0.0868113897019051 0.617621314101738
-0.0029688183921794 0.0228680080347539 0.334119202954967 0.237008557242803
0.03477345139797 0.0141906848302965 0.173943646568897 -0.0989548803957327
0.0382112483874032 -0.009101018569647 -0.0926272165636589 -0.194562776083056
0.00718547881959884 0.00961448432543879 0.0833164388979759 0.148582174512627
0.0118296928930295 0.0133248089857381 -0.15676974918258 0.0159616117674167
0.0130654155876438 0.00644591055969507 -0.234590959486545 -0.368087699145645
0.0147604971999548 -0.017720006545101 0.28456093313114 -0.506003387968708
0.0356672831830884 0.00654421029663306 0.769962464190432 0.115871381212496
-0.0229922057952294 0.0125720797440586 0.260359666926194 0.876771564060823
-0.0142694367976322 -0.00993215280734667 -0.349124449326556 0.533084313211889
-0.00477949438235765 -0.00594962494491027 0.0872555553397074 0.0260769649622014
0.00378628533331664 0.00691666558033131 0.267606876646603 -0.633892448156316
0.00698434730069068 -0.019624180345921 -0.523807210038069 -0.739719097657561
8.2553963129663E-05 -0.0313850046385983 -0.803449428109738 0.166521427131126
-0.0184114584842921 -0.0122886949721113 -0.0893251818363376 0.610795097752765
-0.00167083393621131 0.0240788844679382 0.331364272010171 0.235284670700501
0.034627521161904 0.0167517636183543 0.170102339962444 -0.0978743198143512
0.0341533094396804 -0.00377443194748175 -0.0961370796730111 -0.191572378600774
0.00237430501839771 0.0168660568971528 0.0789579238987274 0.151744525506086
0.0104953859721554 0.0149789023687177 -0.160276435617699 0.0249277625705361
0.0124375961980056 0.00417254871449586 -0.244997919088068 -0.361065379209619
0.0206516012182456 -0.023906217721794 0.267656751455971 -0.517262953984606
0.0537598628293136 0.00799700107731448 0.77222430156788 0.0798813716516227
-0.0108506234054252 0.0340228360779922 0.292353782201903 0.854380214579259
-0.0279622132195813 0.0171102323119686 -0.330347637177124 0.534438381221033
-0.0284226802449227 0.0184869804562676 0.0884999652969091 0.027377155554109
-0.00201290157689717 0.0338368839056992 0.289607408631371 -0.634573960772717
0.0232307554881138 -0.00246712714388421 -0.495006596405214 -0.772838259112131
0.0148514396006888 -0.0327682064399002 -0.811669723742559 0.127547351901591
-0.0152626107378771 -0.0163728906055318 -0.110081308392685 0.602081526404538
-0.00556898451371678 0.0229738484975871 0.322041634748385 0.245648020123314
0.029939739475403 0.0198633100920115 0.170453021467973 -0.0881327840532062
0.0274644516226956 0.003193826284941 -0.0972639183255287 -0.186851892157017
-0.00323434979567296 0.0228313150938484 0.07436587347272 0.155669661850424
0.00432265902907843 0.0159889748587404 -0.160060190754639 0.0394319267421041
0.00581804482535481 -0.000251239072272185 -0.260308675913262 -0.344144474299592
0.0242050638073428 -0.0332267015615136 0.236142127779351 -0.530430326028895
0.0711087770309243 0.00853047220114578 0.770441390416314 0.0205127355039283
0.00299203817483994 0.0566258291126642 0.344600733868839 0.822771897289436
-0.0400049496021921 0.0453936795385693 -0.303735294695539 0.547840139633249
-0.0491245723549808 0.0388041239417044 0.0808757437820761 0.0393889421941005
-0.0109832978635033 0.0583925567746815 0.320994190954286 -0.618792959353678
0.0358221697444037 0.0161445433992997 -0.443970056962709 -0.811155127792532
0.0315476621011822 -0.0308117235928087 -0.82524656435662 0.0668008873281735
-0.0119506944042014 -0.0258129702675938 -0.151283345090202 0.596043485311492
-0.012217673266874 0.0185048421522485 0.308333872141834 0.266552495256394
0.0213892095262598 0.0215147530300165 0.175156386960939 -0.0739647840882038
0.0187945359771173 0.00941729652712319 -0.0986134084520907 -0.180984819116323
-0.00980179756941392 0.028293846541359 0.0729868184515281 0.159342647766409
-0.00167696788462902 0.0160265825442747 -0.155843977190038 0.0576840368881727
-0.00184328369291356 -0.00539438756479062 -0.277573491361135 -0.318254409895892
0.0225686601520788 -0.0431794921464256 0.195449564151518 -0.542411269088594
0.084510264478834 0.00450730972146282 0.765788044331573 -0.0459011963112119
0.0180196713336108 0.0737324542053361 0.406503003281053 0.785547440441406
-0.045185096779227 0.0671607412400943 -0.273114635521036 0.570138529099894
-0.0673029001964971 0.0532723287466142 0.0640127229175071 0.0600321170025196
-0.0236634514104398 0.0773687646940983 0.353054724479051 -0.589892918505023
0.0440233058290396 0.0374916912017609 -0.373164768952907 -0.856231011417239
0.0466386609250352 -0.0264281749390863 -0.835464840818723 -0.00669927684777604
-0.00950999193432596 -0.035987037518216 -0.198643155914862 0.589664006255861
-0.0196907853919258 0.0116373853502309 0.294887575436524 0.296338981786942
0.0132468382088935 0.0216513689139596 0.180397825833626 -0.0559934897451767
0.0111820894210486 0.015004360946633 -0.0971459928953566 -0.178347125246509
0.00690000031204208 -0.0060095029164053 0.101110494451276 0.148461551863933
-0.00176880739125975 -0.000507475706352023 -0.140652058779031 0.0467230961420656
-0.00732311229734616 -0.0129836543557838 -0.266683459560457 -0.320976570363149
-0.00227948267992633 -0.0292625379057437 0.214747961437054 -0.520424389574377
0.0129729108964244 0.00254951438871804 0.765758092204272 -7.95123076306689E-05
-0.045850147451584 -0.00454404502815208 0.393547881168001 0.84143852274022
0.000879479827929259 -0.0658894047658773 -0.325015332805459 0.623037979938284
0.0356735805685491 -0.0608468322768083 0.0102055171859645 0.0992934078233658
0.0112615154456608 -0.0454289869812779 0.313196766509613 -0.548438782404209
-0.0213194092879468 -0.0329149758320934 -0.402740168714386 -0.800155308115084
-0.0214371519116221 -0.0253226818456551 -0.839500430144334 0.05964163834746
-0.0341051418769193 -0.0260163551163299 -0.182538590653788 0.638995308180775
-0.0254686305870092 0.00570816726263186 0.322696936552569 0.306409086039333
0.0174015054280368 0.00825577468556983 0.19936340837907 -0.0646427313948024
0.0340260344563589 -0.0140846265583053 -0.0818407390156839 -0.197461911325628
0.0103747264966388 -0.00557954578353885 0.0993375800630469 0.144771716750735
0.00431621068017641 0.00301753017763799 -0.145238347436168 0.0335706159259814
0.000652019617229489 -0.00537632612234257 -0.252421966159183 -0.338117131801301
-5.17469083861806E-05 -0.0214565670778938 0.245815722790967 -0.510009496602951
0.00936935596918057 0.00229623985374709 0.77718259539061 0.0664349268216816
-0.0461863051357635 -0.0138399004521397 0.332954341464526 0.876308782757223
0.00683545385057021 -0.0660594706465797 -0.349895845159406 0.595608423616273
0.0357118558616877 -0.0578207660504986 0.035436039954702 0.0742633743602051
0.0113164242555406 -0.0448227961342936 0.28658802296947 -0.582537180535468
-0.0229101240023055 -0.0372838614330573 -0.465899119392669 -0.767602868832113
-0.0238883034820416 -0.0265068004071861 -0.831894975401882 0.121445846344715
-0.0325948279140093 -0.0183851548277566 -0.140646222098949 0.641259730687222
-0.0155076755016384 0.0139176985821004 0.334504742606621 0.279489196927415
0.0259961091493532 0.00948919871657537 0.192468779206762 -0.081940092201759
0.0383755609881794 -0.0153537147059199 -0.0847557288847228 -0.200265518644309
0.0112121748753948 -0.00198602925091573 0.0961223015034088 0.146335225817913
0.0094210777298774 0.00651464487449318 -0.15126905659129 0.0217945141688734
0.00692101227696518 0.000604814039414446 -0.240849272474692 -0.359421093928597
0.00255718023150658 -0.0161951827552251 0.272900549754557 -0.506218010890817
0.0122398338503702 0.00269064884305344 0.77786913073032 0.109447627239475
-0.0414781640597017 -0.0134235814622579 0.285781292184716 0.891552527509286
0.00556010227031939 -0.0556604899405827 -0.364314174279599 0.56863390332282
0.0286430536487808 -0.0470045286968629 0.058861085719275 0.0519194424903033
0.00831718284559455 -0.0352153808337861 0.270017637200587 -0.609694926489446
-0.0169890026714047 -0.0373850121241756 -0.509012872412016 -0.746660038316326
-0.020756006489649 -0.0288579047497861 -0.820153969275094 0.165160047313445
-0.0270152781039844 -0.0126949037658891 -0.105430347243953 0.635702014668339
-0.00792124550558293 0.0182111263566798 0.339120987730759 0.254295131782175
0.0327563969752711 0.0120327702792043 0.184269487525096 -0.0954838450008074
0.0405784759472354 -0.0136423833296359 -0.0904798353171464 -0.200126895302822
0.0107026447109457 0.00280412945104503 0.0898647331250697 0.148108053793609
0.0122790208986747 0.0107010093965961 -0.156219121477367 0.0155882302872703
0.0113897805518509 0.0048615671507024 -0.236147441962025 -0.371146822132627
0.00845602584377559 -0.0144781091914557 0.28999327638371 -0.50525275815824
0.0215316516576756 0.00365856350069721 0.779521286310735 0.126157390465348
-0.0338014461804343 -0.0038623901373147 0.262523097448653 0.896995550136216
-0.000989771288194066 -0.0359034490949013 -0.364678427339336 0.549509983492961
0.0145469221424522 -0.0293967927151965 0.0771242907914642 0.0356031979318953
0.0060104649011913 -0.0173202746278036 0.264118805456919 -0.63221935943389
-0.00676710610986143 -0.0304084165165055 -0.531231385283334 -0.741354073533249
-0.0123525998454869 -0.0295566276746748 -0.814483585009379 0.179089378171854
-0.0219861785806402 -0.0105396093249392 -0.0884129035030057 0.62673046920757
-0.00246837370489537 0.0228923547462769 0.339211816395443 0.241409494503336
0.0355017376235485 0.0145398402096297 0.177591109331456 -0.100885144885286
0.0378653098096608 -0.0100944465076626 -0.0927414415031613 -0.197001247905074
0.00723164505693477 0.00948352506123708 0.0842349824259546 0.150504431074356
0.0126081156010251 0.0139672117388473 -0.160439955077233 0.016352846905206
0.0136606567192868 0.00565289423433597 -0.238907470718011 -0.372562162105491
0.0134192963827081 -0.0167293201165356 0.288463508782661 -0.512346884893029
0.0360587517191847 0.00634654872046656 0.779527878890936 0.11861475756129
-0.0234865252195623 0.0137877756350416 0.265872320512568 0.888749647816416
-0.0147945911951719 -0.0100428393735064 -0.354481337611864 0.539422602983463
-0.00506376797607236 -0.00575404786844253 0.0889611486673427 0.0260038778078083
0.00413627968842061 0.006900192243235 0.271880508799222 -0.644376587468435
0.00782789261578567 -0.0186542530802797 -0.52984846288764 -0.753648347087764
-0.00048193419010109 -0.0315017303315265 -0.814909346108554 0.168447441414929
-0.0187047798642596 -0.0111862878734711 -0.0902236811724981 0.61793572629222
-0.00204055929793297 0.0246427722934857 0.334422314903273 0.237815976196414
0.0349952961638697 0.0163691767788386 0.173369267131314 -0.0995979592743288
0.0338451400511266 -0.00349360709710139 -0.096084280648098 -0.193364810052095
0.00206035479550055 0.0180331304441958 0.077780186012969 0.154299837459303
0.00940837499041901 0.0147802521630574 -0.162366235204539 0.0240581996354442
0.0113954474877421 0.00460716784484402 -0.248651656890872 -0.364761171658127
0.0207998987278816 -0.0239519427873346 0.272457937170696 -0.521838501329782
0.0547180852005088 0.00810368420090153 0.782394833271 0.0802901997731104
-0.0110841718073435 0.0356807617243154 0.29577291418825 0.865112810791413
-0.028934370220943 0.0185806660558355 -0.334497642011438 0.542729663517324
-0.0287565034598895 0.0175810214803634 0.0898142894524948 0.0288402690259765
-0.00327339693811042 0.0325469311520932 0.295764550970164 -0.641633339915702
0.0231115279315118 -0.00314829688643633 -0.501446274988306 -0.785573868690045
0.0157284413924665 -0.0318129014862902 -0.82451172870806 0.128198163500452
-0.0157450510183804 -0.0170332236659974 -0.110824314578963 0.612433554758538
-0.00616821901880067 0.0232007893232377 0.326531887407847 0.249128368091114
0.0297569254823829 0.018726990229888 0.173695531027625 -0.0895095762697595
0.0269403687465844 0.00276102340988066 -0.0988717277704125 -0.188550792967058
-0.00333032407022279 0.0238112642137474 0.074728176973391 0.158127281064377
0.00436472280005158 0.0167540108627349 -0.162354880512141 0.039093216531412
0.00712821231981753 0.00101306437027594 -0.265890887538674 -0.346072635669816
0.0235969263927866 -0.0331327850597581 0.237679078622093 -0.536576798394548
0.0721878181297979 0.00742053015489866 0.782968026205506 0.0218694239649233
0.00379493365443195 0.057604076386598 0.349646690898005 0.834843134522983
-0.0396615811852209 0.0457084072843772 -0.307769978109732 0.556586601247829
-0.050012452525062 0.0392463836368611 0.0808235859460014 0.0406175291310663
-0.0113077538910208 0.0591998830874412 0.325241669747334 -0.624951681909558
0.0373648613383152 0.0172031501701925 -0.447879695993209 -0.824007701100101
0.0323834329834334 -0.0309970426738156 -0.835910840005887 0.0677851310042196
-0.0126784303475198 -0.0266048087104968 -0.152241654553824 0.606113441523802
-0.0126030319031625 0.0195936628446142 0.313523105277821 0.269630257145098
0.0213038438251282 0.0214550337410796 0.177885598148503 -0.0745172798190836
0.0185694752681086 0.0099258244889934 -0.0996788397428037 -0.183630456189354
-0.0101022183088311 0.0293799996937447 0.0735712284601538 0.160716068319377
-0.00126072607722809 0.0162694584105477 -0.157691617876733 0.0583134609224419
-0.00132883981335575 -0.00526357314172106 -0.280586266052757 -0.323621280779191
0.0228025556569262 -0.043526429311001 0.196615872444245 -0.548451728524875
0.0852517808120543 0.0049845057091907 0.775093415064283 -0.0477616180809863
0.0177181560219432 0.075759053904755 0.413140355632646 0.795265192351735
-0.0458856004195489 0.0682441566568043 -0.27839872197767 0.576103328566348
-0.0675193581303422 0.0531473529279152 0.0642729508980832 0.0612608103125351
-0.0230898268761387 0.0788149140395515 0.359273139890682 -0.596156428340616
0.0441912693054326 0.0387159144682746 -0.377279447462774 -0.866036171749199
0.046965106341006 -0.0264696865714083 -0.847833653330685 -0.00824602243886128
-0.00976845209709158 -0.0359705227466306 -0.202006956534871 0.600709991096734
-0.0203398351755961 0.0119289678814162 0.298133388458755 0.300323235913712
0.0121564620491402 0.020761837941277 0.183426622432498 -0.0560091195574679
0.010191545347219 0.0136245784742978 -0.0993724051264416 -0.17977614188551
0.00812105840577434 -0.00547434822244279 0.102652150771227 0.14990680524821
-0.00119786418726824 -0.000901330568949837 -0.142540596587736 0.0488306870526827
-0.0072913309319713 -0.0131851102695474 -0.27191612515126 -0.325043875789601
-0.00306812557337504 -0.0289588980847562 0.215025419407258 -0.530158904484604
0.0122780962569492 0.00177059894483241 0.777093844829883 -0.00200660777220813
-0.0465050605787005 -0.00450334107340338 0.402712013767519 0.854050905015197
0.000897351835832731 -0.0672208568504368 -0.331272752345702 0.63422865679275
0.0359421879381285 -0.0622351196017662 0.010400493703525 0.100837316839378
0.0114879911796924 -0.0464051967723232 0.31699433794586 -0.556547370500217
-0.0212378718984546 -0.0333970456079571 -0.411107628824759 -0.812334817323634
-0.0214291272938365 -0.0255567345677417 -0.853047113064658 0.063324957207428
-0.0358513260685897 -0.0258302907119917 -0.184106688120538 0.65218681483684
-0.025640900556569 0.00671822295065451 0.327803876641653 0.309433042162917
0.0182160235591546 0.00803533675901098 0.203540691899411 -0.0667961885088763
0.0353611253684214 -0.0142074815539567 -0.0828995526687346 -0.201469465004031
0.0104486729387949 -0.00518940563769794 0.101212167378496 0.146665017806697
0.00459657533910208 0.00306971358667549 -0.147479977494573 0.0343013353780331
0.000958430691570231 -0.00518061139697816 -0.256259169916574 -0.344002378391341
9.82027318914558E-06 -0.0209103423460276 0.247512475187433 -0.517614361043084
0.00972249331011502 0.0025294117602564 0.788421209589302 0.0664501731843243
-0.0464950910220682 -0.0145521211623553 0.339906398705827 0.887620701631707
0.00621840639074089 -0.0670065092406905 -0.353025250352933 0.605236653254527
0.0366837835073942 -0.0587697386717504 0.035651475196434 0.0752478790806261
0.0121385508702892 -0.0456275708972419 0.291430351006282 -0.588193156172413
-0.0225283934112724 -0.0383631945624175 -0.472209769424399 -0.7780888832986
-0.0243877675403597 -0.0264476564202372 -0.844131967455845 0.12601296940261
-0.0324032304626507 -0.0177761698850601 -0.140205968585056 0.652929471187082
-0.0162650147362468 0.0133082698207005 0.339395781938867 0.282142325091441
0.0276103887056158 0.00950578412046273 0.195931742899947 -0.0839612210834594
0.039135636703944 -0.0153001930037994 -0.0859131154028726 -0.20352321157565
0.0109560799839931 -0.00175616007959281 0.0963556150838251 0.147965452126855
0.0103058597080482 0.0077498626438947 -0.153270098812541 0.0213402600814061
0.00740958144578681 0.00130690590128461 -0.246031006695343 -0.363033750877609
0.00294156364813006 -0.0152892527154315 0.274599251126332 -0.513132552248711
0.0121637386634824 0.00171190160809087 0.789515737475589 0.108710349224011
-0.0418789963707534 -0.0146091316886459 0.291473353540952 0.903184703342634
0.00534104904081833 -0.0561503939729289 -0.3677053294925 0.577269374964508
0.0302838857675925 -0.047369792606263 0.058718681072701 0.0524203516625746
0.00887409718549934 -0.0359190610478541 0.27399157259188 -0.618555698813834
-0.0190318133917057 -0.0376269455233604 -0.517112629375942 -0.755722085771196
-0.0211706713294175 -0.0282933013855272 -0.830207976089907 0.167768936267552
-0.0279874109035906 -0.0132654369863915 -0.10587057512099 0.646433007670528
-0.00773641137009203 0.0189709891069521 0.344678360956743 0.257763106700979
0.03379496980707 0.0107876792884958 0.186421406092921 -0.0963838390985034
0.0403439824308207 -0.0143317704246329 -0.089918542054644 -0.202599375960313
0.0103122004649821 0.00312064535221795 0.091454497722059 0.149913527864871
0.0116273911004974 0.0109249482784749 -0.159232419735888 0.0155544184745169
0.0125105667377038 0.00562664305465283 -0.241545309597728 -0.373367616905275
0.00780270627811348 -0.0142556505268473 0.291731362294538 -0.512933153544725
0.0218778528053735 0.00454529866057329 0.789281486448062 0.126520228555786
-0.0335776902814524 -0.00445431044281637 0.267311138107086 0.911406042597381
-0.00168509700176631 -0.0371061849718809 -0.368938107964448 0.558521976963432
0.015003314768619 -0.0296439836563138 0.0773106083564837 0.0354769592585094
0.00663648949844603 -0.0174462021223713 0.270400825316515 -0.641746382354498
-0.00711935931851119 -0.0310811053709387 -0.540039608446573 -0.750981778533074
-0.0127513038300315 -0.0309173854641467 -0.826670440983955 0.183966064039726
-0.02332783062213 -0.0106987652717843 -0.0862809740804605 0.636819491278789
-0.00310909684319259 0.022645915408714 0.344798989361593 0.243208409536138
0.0365262036065698 0.0128710463916173 0.179220599705833 -0.101907146215061
0.0382440401874599 -0.00994527135834681 -0.0940986186364162 -0.20027979319839
0.00702823495310899 0.00989803437071998 0.0853845159964551 0.152339023347153
0.0127611163644582 0.0132863474247521 -0.163200754912991 0.0161675231574029
0.0146359146408843 0.00740900880106916 -0.243077428490224 -0.377326740014807
0.0144277146624128 -0.0166026988150146 0.290401139103805 -0.518896219436946
0.0370139385223888 0.00560055297150228 0.791633388533245 0.119355383232741
-0.0242063545712676 0.013669169033389 0.272452307437649 0.899811888701679
-0.0148077176199133 -0.0101286066761337 -0.35950909132769 0.548735752670437
-0.00521851231475844 -0.00647101218550528 0.0898017013262548 0.0274595111387212
0.00326011406124301 0.00616910507338564 0.274405018095773 -0.651375738311682
0.00666374332978948 -0.0202556552686171 -0.53786717218726 -0.762369779161942
-0.000697689067444788 -0.0323362716986893 -0.827105512293013 0.172408092218501
-0.0188638873622289 -0.011785570174894 -0.0901761771277247 0.629626769130289
-0.00192460866689761 0.0245408283509871 0.339993622391363 0.240264842110272
0.035224331390121 0.0162870838720277 0.176493384540977 -0.0999567229096157
0.0340439129765916 -0.00455772250476437 -0.09800003034203 -0.196022345407147
0.00259200388828787 0.016938866814175 0.079276328589797 0.156041267552307
0.0103518352774091 0.0148419416145013 -0.164801715501927 0.0253798294576583
0.0132846142832896 0.00484836938973092 -0.253701815563994 -0.369306805394663
0.020943503502692 -0.0239509565099828 0.273750235706053 -0.530948953751608
0.0552332966789664 0.0079118000394026 0.792606266302955 0.0821871510725994
-0.0107701999959599 0.0364807043614176 0.303030568913942 0.877932943644154
-0.0296953730662221 0.0181713500083938 -0.340031712095103 0.551990329100626
-0.0280428534808448 0.0179083359217352 0.0900333036713847 0.0282880110302517
-0.00272189719384633 0.0338807749279661 0.298744099340199 -0.650949461910721
0.022952667885934 -0.00338393100389963 -0.508871201423851 -0.796316475398937
0.0145526601944722 -0.0337988062486318 -0.83535255709177 0.132137305838737
-0.0165199195569678 -0.0179902836418444 -0.111559294993631 0.621496456885783
-0.00580537092045223 0.0236183644178983 0.330699766654565 0.251614836047016
0.0309044623949325 0.0190961936888239 0.176795503260409 -0.0913211516223576
0.0263987666314896 0.00214182317716681 -0.0992818216251486 -0.191967303267138
-0.00459101484963903 0.0248437504857805 0.0750270142077182 0.159677399024105
0.00503978843672234 0.0158496221314475 -0.16423867327437 0.0393168060080099
0.0073435092854344 -0.000121331360823065 -0.269846263005822 -0.352294664714
0.0247315594023709 -0.0330127198022408 0.240557399833256 -0.544080005509979
0.0729036683042577 0.00754964279616123 0.794171893669432 0.020531483180076
0.00420760878198153 0.0585259917572272 0.357656320491934 0.845805923898851
-0.0408883201492873 0.0472582535058722 -0.311754089914536 0.564591605548877
-0.050566822204806 0.0392106611320055 0.0826479341577754 0.0412969269632819
-0.01257063112907 0.0596300325472725 0.328499529345764 -0.634904375164646
0.0368416496297378 0.0170731490204878 -0.454050884618925 -0.836693664471591
0.0324697662014321 -0.0311987828677557 -0.849878719515133 0.0686536627188843
-0.0122671084978952 -0.0257231828002277 -0.151845183781429 0.614410740181687
-0.0125537433300797 0.0200706945579714 0.319355529394533 0.274112788227389
0.022396910851767 0.0205871357872205 0.180580396832561 -0.0748965650394337
0.0187487031528267 0.00929419048772727 -0.100683438397625 -0.186911530421632
-0.0103949346351884 0.0303349572723005 0.0729136618612207 0.163906636444267
-0.00155263195843104 0.0167550649239584 -0.159713273266343 0.0595125250431626
-0.00112566564434525 -0.00525790034891367 -0.287378474236125 -0.325524915288088
0.0230428459297219 -0.0440032333576314 0.198087451534128 -0.556291221209279
0.0872651259790728 0.00459789778562493 0.78869436607249 -0.0496122924105384
0.0189139823118028 0.0756948622710584 0.42106646680275 0.806146932801768
-0.0462943984262731 0.0692113196755336 -0.28124770196644 0.586174903210187
-0.0682238334851944 0.0539417727725024 0.0649107668825654 0.0613885093218631
-0.0246790945816789 0.079077551366706 0.364553439811666 -0.604884628429051
0.0449480554352381 0.0383044218767062 -0.385871241140437 -0.881063945798683
0.0481518307435071 -0.026948200744486 -0.859934994928701 -0.00572996880748419
-0.00986217385384354 -0.0370418212746224 -0.201886678789694 0.609771595667987
-0.0208797268595389 0.0116907871136012 0.303199317433715 0.304773261980932
0.0125813398544156 0.0199138584727987 0.185782428624819 -0.0565091172114827
0.0101601710362363 0.0140514018922961 -0.0994743187520522 -0.182523774711181
0.00788156750357815 -0.00608864097643548 0.10345212932949 0.151163074652913
-0.00150320380246245 1.03030724642912E-05 -0.145212077739492 0.0491294475946994
-0.00710736461587956 -0.0120492269904229 -0.277465811149555 -0.327046745005621
-0.00219733674046821 -0.0292267001246513 0.215482562206744 -0.538171837469552
0.0120367260671239 0.00279050461306879 0.789569867490643 -0.0047629462665773
-0.0472953186634731 -0.00469747223558683 0.411543468435588 0.863105575022014
0.0012524858226045 -0.0685440315033296 -0.332864636482605 0.645347171960097
0.036071648978436 -0.0632011855556102 0.0108255836233286 0.102706625067102
0.0105994293379242 -0.047725063046628 0.320752811576212 -0.565615967435675
-0.0224445609125745 -0.0335133888156555 -0.419427070839186 -0.82373059902321
-0.0218180601800467 -0.0252336056335766 -0.866299759041078 0.0672189520036005
-0.0361980811333307 -0.0268314965154577 -0.184465503417073 0.66269219538894
-0.026095719008917 0.00614331945390199 0.33477418463779 0.312307800844884
0.0190109021174245 0.0077794014237428 0.206861346229186 -0.0683960890207281
0.0344366020805093 -0.0157360646479206 -0.0844230652358647 -0.202038894330868
0.0109577744400731 -0.00553994405038149 0.102356078419351 0.148004490180786
0.00532396551735498 0.00267272344533768 -0.150002164433116 0.0337552207291436
0.000932799818369467 -0.00541882312425683 -0.262856632938842 -0.347184840294809
-0.000715562546205653 -0.0205816122469806 0.248820065675315 -0.527138915875915
0.00898959870181171 0.00291792202154885 0.802342710575894 0.0639757154728798
-0.0473662488696163 -0.0136372850779783 0.349958868430849 0.899157815326744
0.00607040526536954 -0.0680372996601682 -0.358041010041783 0.615898564577004
0.0373378113526563 -0.0600600265919591 0.0360616686620591 0.0767961778800851
0.0100354332592369 -0.0455773428500455 0.293913336508705 -0.599590164714383
-0.0235325031424682 -0.0382292964489385 -0.482852196493759 -0.790463630731551
-0.0249831091685855 -0.0272835519617611 -0.856925637224211 0.130004154225623
-0.0335458640506524 -0.0181137517462093 -0.140197765993149 0.664288222356637
-0.0160260678960811 0.0135303047672834 0.344439800985844 0.284773544754597
0.0280950432693493 0.00930664518803219 0.198762010460663 -0.0857823242752806
0.0394055762930809 -0.0169802722866942 -0.0885252707284862 -0.206129651993893
0.0119686903208026 -0.00201089495551858 0.0978727882810432 0.148704482263272
0.00901111018530762 0.00641302562631139 -0.155659790726398 0.0234633349705722
0.00773136285979205 0.00214738998171863 -0.251772725114297 -0.366157849827631
0.00314332364950654 -0.0152680481934856 0.277488203998337 -0.521710206024604
0.0120261845399213 0.00177228263655725 0.803007560139296 0.107151494197324
-0.0419269287650438 -0.0137789735634181 0.301044075171663 0.915233368901828
0.00642084716065457 -0.0574086865556989 -0.371485454503519 0.588293430648812
0.0294589038324092 -0.048164635540174 0.0596985200279438 0.0540163817105957
0.00829952094872159 -0.0365496868182081 0.27681586903493 -0.628350480577278
-0.0197961505692692 -0.0376195741548562 -0.526929744166627 -0.766949924173598
-0.0215193220549935 -0.028803956862664 -0.844038464637807 0.175118835960256
-0.0286295864400915 -0.0122580123331305 -0.103821562591235 0.656096366353208
-0.00792218797150831 0.0202323488880456 0.351024601635551 0.258660539431105
0.0341613352932532 0.0104884241817997 0.18931192724409 -0.0984873931912594
0.040470099361656 -0.0155313586085656 -0.092832990179352 -0.204687865646183
0.0108566485461903 0.00359399962087073 0.0927055205484514 0.151096918545002
0.0125951436688531 0.0103788724061607 -0.162142846111466 0.0162572673174345
0.012613728709763 0.00657173927975742 -0.247111583581946 -0.378254181101253
0.00798809677728088 -0.0137208064284341 0.294066070112335 -0.521894741502167
0.0216009433827231 0.00302952438953925 0.804170203949634 0.127280406864138
-0.034422342122275 -0.00447903605220305 0.277390186032878 0.921956587088095
-0.00230234640703013 -0.0365804243466406 -0.373544127796704 0.568300626985695
0.0156366934053047 -0.02973556205597 0.0785478205497093 0.0368999933861168
0.00595875803531133 -0.0177082426675674 0.272305300107665 -0.651136209198963
-0.00838251591920334 -0.0313340906623599 -0.550921031249892 -0.76072178558613
-0.0126542600654353 -0.0309240143175874 -0.836276684212647 0.189204173456789
-0.0231387052823879 -0.0111369020628011 -0.0870078717045512 0.647051480679884
-0.00265951341429231 0.0236923284458716 0.3501616427149 0.244994248309411
0.0374144456121345 0.0123579073115667 0.182846640152837 -0.104422747421019
0.0389698759828027 -0.0113699946732486 -0.0966963849799686 -0.202745074070713
0.00716236517114204 0.0103904714081747 0.0861004116797621 0.154454946851072
0.0129989039430289 0.0136761613559881 -0.166492820402211 0.0177806038942624
0.0149892918401878 0.00678382301569779 -0.250098605295862 -0.37991892947216
0.0147276211574831 -0.0161053106501546 0.291530206009027 -0.528109029089059
0.0373087770674456 0.00606722098709384 0.803311315147702 0.117685557609317
-0.0238791482732374 0.0143479599445327 0.282092342371943 0.913208015357153
-0.0147738470211835 -0.0106797619882329 -0.362622602902548 0.558296394842114
-0.0052981877167528 -0.00639697240921315 0.0914574306806885 0.0277628747962547
0.00316450568473425 0.00726693398364421 0.27894412843422 -0.66169186052036
0.00770414576743482 -0.0200627219419877 -0.54929126949421 -0.774558348146819
-0.000142740009857697 -0.0327442127604824 -0.839567812889437 0.177776595875611
-0.0196151762231857 -0.0121941587234112 -0.0876600786389434 0.63929234121856
-0.00197399418436578 0.0247612570262169 0.346650393901208 0.242394027417566
0.0358430551594662 0.0149989190504469 0.178295422743843 -0.102441412824984
0.0333663699100145 -0.00511475269947117 -0.0988945355586256 -0.198725934853161
0.00229609318746168 0.0172966421773869 0.0798932305924328 0.158311909734675
0.010564770541493 0.0153313857948613 -0.167816004564578 0.0261994770626552
0.0131658895704407 0.00514149053180867 -0.259873161382307 -0.371313404638624
0.0213644444393595 -0.0227802312421044 0.274682455297392 -0.541107583434173
0.0560490257992094 0.00780909724188068 0.807160448116746 0.0788101244566161
-0.0114891248761139 0.0371695626177579 0.312988909727278 0.890424156264365
-0.02976652242146 0.019731301453498 -0.341773778949108 0.561114097608381
-0.0282455469384744 0.0178935695144832 0.0914220444660036 0.0292426940252688
-0.00289419814858613 0.0346019851293561 0.302700386275611 -0.661901854209953
0.0230352925820943 -0.00302325081049379 -0.517768189024249 -0.80699495845163
0.014781209533513 -0.0336652087138672 -0.84923243440616 0.137184382315285
-0.0160774146184259 -0.0182287438140341 -0.110573836604841 0.631950280048939
-0.00554113310268236 0.0234018759760006 0.337203634646314 0.255330179118407
0.0308604499971822 0.0179252447403945 0.178756479392009 -0.0927474254609814
0.0266544758507171 0.00224218182825812 -0.101641692746675 -0.193967367741393
-0.00387899534205546 0.0247880836194329 0.0763803261277516 0.161797841895628
0.00490428098272047 0.0159786846790397 -0.167038923666602 0.0409932327128513
0.0080390906126554 -0.00021247200019359 -0.274958244967708 -0.353629817435074
0.024248322371816 -0.0330664052128936 0.240636163708949 -0.55343947119092
0.0737794400166006 0.00717733401159389 0.806291031823158 0.0185676375613075
0.00447950549715885 0.0591343036721894 0.36743109524467 0.854196108195055
-0.0409288178591717 0.047696757353998 -0.316085791526004 0.574408627527088
-0.0507973408992495 0.0402020633296005 0.0828884542752186 0.0407340346863116
-0.0128819300998924 0.0606799941330686 0.335321786089376 -0.644748808082751
0.0376841118040156 0.0174713342119187 -0.464822383455425 -0.847012644951514
0.0324197496131144 -0.0325634924352467 -0.863298035060069 0.0745417300439488
-0.0127747821624192 -0.0266304701808023 -0.150924276547626 0.62496037819164
-0.0120551264582793 0.0188435368428724 0.324786357931844 0.277908579336801
0.021774392248728 0.0196943840018461 0.18298851444777 -0.076447797199723
0.0186301831788818 0.00962022116331074 -0.103004050368556 -0.188100488700274
-0.010689849605699 0.031187463735339 0.0738301020569411 0.165628542810521
-0.00119132194571631 0.0167968877794468 -0.163079590609613 0.0614714931866787
-0.000402720464678731 -0.00539997769968121 -0.293727300110978 -0.328644218658489
0.0235990952952162 -0.0440574879645556 0.198305025986029 -0.565850305763506
0.0876402825806611 0.00421773786572361 0.801121133021689 -0.0529272819313928
0.0198183108866813 0.076492755394355 0.432513592538967 0.816030956156113
-0.0469959841867596 0.0704339285333469 -0.283342552877585 0.59574877768045
-0.0692171145687965 0.054779961855262 0.0658099433111684 0.0631577638246634
-0.0249954517250534 0.0805050301120625 0.36805180279841 -0.614342438034828
0.0459490278235656 0.0388081784046159 -0.393615610443067 -0.891356206628779
0.0483624993253764 -0.027129215899184 -0.874215224979912 -0.00400339759996903
-0.0103891563186642 -0.0381916969342005 -0.202913511552024 0.619091638166182
-0.0210587587529467 0.0119785534387535 0.310656564512852 0.307288040171331
0.0120816179506721 0.0197320621778952 0.189446321443189 -0.0576919199490767
0.0100492923902867 0.0146489229498729 -0.102382442241266 -0.184385259774106
0.00728064033010976 -0.00635799548626567 0.104830210373565 0.152531038355548
-0.00119835520836563 -0.000453943387491139 -0.146824265363704 0.0517218200749926
-0.00618810465718069 -0.0126086455816133 -0.284833441102555 -0.329703204093733
-0.00372724163312815 -0.0279831614705074 0.21468223584704 -0.548782138496223
0.0127713232151536 0.00182551271875802 0.800669566583745 -0.00957539573574641
-0.0478762990493552 -0.00425260206921175 0.425096936324007 0.873462695070018
0.000930959308559846 -0.0689609399294309 -0.333080508455746 0.656263402960238
0.0370130336491146 -0.0644936576085338 0.011704086292533 0.105111344674203
0.0104651365697927 -0.0484295965716165 0.322983427149001 -0.574991620402869
-0.0232783657282687 -0.0334302799917815 -0.431109728214171 -0.835275806514398
-0.0228535893573467 -0.0263315035459171 -0.880229241403369 0.0751432499851815
-0.0373018225778628 -0.0264806812316935 -0.180987332338489 0.674077994408265
-0.0267859839084781 0.00761914396725662 0.341393195150485 0.314662858135072
0.0194066662245707 0.00681440074407647 0.210298374592754 -0.0708947530898851
0.0353896466108628 -0.0168007346510018 -0.0871791343870441 -0.204990525439594
0.0103916976108634 -0.00543770627392376 0.104888135329779 0.149389860993459
0.00601351799119823 0.00208803220256155 -0.152114038915118 0.0358320093897488
0.00202328225438858 -0.00477369341082709 -0.26974628442221 -0.347311979701885
-0.00149233297926778 -0.0199018234311721 0.24639548979734 -0.536841161021232
0.00852000899906431 0.00216031021023472 0.813528907767613 0.0590579229695318
-0.0479673200789507 -0.0138923697439413 0.362503220120424 0.911433530979324
0.00613880643354986 -0.0697614970240393 -0.359547615861372 0.62722506338833
0.036898868568775 -0.0609528535215229 0.0363330016298781 0.0775471373329384
0.010119465050452 -0.0473520737263674 0.29452871451006 -0.610005969031676
-0.0255744647214181 -0.0384808285187764 -0.495000367059587 -0.79720936396057
-0.0252649691468557 -0.0273204435961655 -0.869810374671412 0.139934236658789
-0.034298139833326 -0.0189513663597261 -0.136625746987466 0.675954823626598
-0.0159164086081547 0.0141339975952556 0.35298882801445 0.283484105281522
0.0283023644127868 0.00794317775143539 0.201736011536258 -0.088523032121735
0.0395951658637612 -0.0180103737096231 -0.0910047451256288 -0.207880883515326
0.0113425590522819 -0.00129179391992592 0.100256811286403 0.150152175611351
0.0103942676598329 0.00655605578789687 -0.158453162227838 0.0240266454616549
0.00912213367583204 0.0021276265430969 -0.258987103576042 -0.368706718646021
0.00218251354143395 -0.0151721714271091 0.275759898966639 -0.530653726051992
0.0118157676222113 0.00164270894984994 0.815768338884816 0.101789978123908
-0.0431243911718269 -0.0140702677542393 0.312562042818786 0.929105628966757
0.00560761503171648 -0.0584188108964691 -0.373486600950541 0.599738416137598
0.0306239011598855 -0.0493433111060273 0.060896983875938 0.0543188279766021
0.00824150900543343 -0.0372015826331355 0.276492186214849 -0.639934051450462
-0.0199973407912652 -0.0380778065162396 -0.540080969660929 -0.773804336702135
-0.0222149026296244 -0.0290673127560103 -0.856585395700343 0.183965616075839
-0.0295006444723329 -0.0126230524568287 -0.099319512541581 0.669782564896776
-0.00811228713865803 0.0202624861932572 0.357555061666821 0.259463496581342
0.0353493434171433 0.00887483364687428 0.192219829487563 -0.101390069784932
0.040546907839616 -0.0164345706783587 -0.0949505962514596 -0.207182133386378
0.0105553199090631 0.00371759927282267 0.0940027233221941 0.152087367861734
0.0131302741368253 0.0104499747757855 -0.164024111140234 0.0177174759628321
0.0135071686827189 0.00640056221566269 -0.254141579244986 -0.381325378425732
0.00808701603113337 -0.013445801582821 0.292919416031995 -0.532122226572325
0.0224638054433021 0.0038661304074775 0.816718565130833 0.122034847481971
-0.0349495839648183 -0.00322901221279498 0.289964573773498 0.934119220568393
-0.00215423236669337 -0.0379782342337649 -0.374225374571118 0.579734711648193
0.0149564322284819 -0.0301472211468372 0.079873001520515 0.0374478094054014
0.0063466156207418 -0.0185138154168794 0.271734076713248 -0.663409826109282
-0.00858142470177026 -0.0318979406430514 -0.56400882455976 -0.768933290652665
-0.01349109153664 -0.0309866733716391 -0.8495798680864 0.199103843793439
-0.0243375983480096 -0.0101654910617098 -0.0804912161982595 0.659309391386735
-0.00223041004746725 0.0231618908084552 0.357055697608314 0.245726917565462
0.0387201374796071 0.0111074804209661 0.184600235863795 -0.107575952191549
0.0385620386026899 -0.0118144115261437 -0.0982821088445056 -0.205150764542968
0.00746048863409756 0.0107210845486877 0.0878522379338981 0.155646953890271
0.0132586248764707 0.0132199537298088 -0.16895359385113 0.0193498701336327
0.0154834682929356 0.00678339617346413 -0.255720289321122 -0.382468273981125
0.0147983165986066 -0.0168680767751155 0.291276654513247 -0.539527676108265
0.0381052485950381 0.00594429353556964 0.818972294300094 0.112052778781035
-0.0238817288184745 0.0147507374431095 0.293093751471994 0.925813969241201
-0.0159231083764103 -0.00983083342854229 -0.36586851033277 0.568628340607856
-0.00531528152170713 -0.0065390020677804 0.0924001337945378 0.0280161329182328
0.00332447528668964 0.00689093446860187 0.277723044016553 -0.673650183387956
0.00651477734364132 -0.0200925575192992 -0.56174146761908 -0.782618732804701
-0.000889921914319197 -0.0339266181620333 -0.852317995685624 0.188618266768594
-0.020555447706645 -0.0125213366160496 -0.0821757545166224 0.651865676577571
-0.00195707649374766 0.0255265556484043 0.353793310515698 0.244472370529608
0.0365657671047211 0.0142871477508544 0.181308279281813 -0.104806230376557
0.0338548920064346 -0.00595175629028726 -0.102303450779253 -0.199976858616827
0.00277049304626406 0.0185638459896742 0.0825229037077825 0.15951722806592
0.0116002869138275 0.0148305240117936 -0.170808859345965 0.0277289708853219
0.0147235838268125 0.00435535835915774 -0.266460525745616 -0.374617377570593
0.0216910361194055 -0.0233273443806141 0.275174073709557 -0.55066887630842
0.0564508749965459 0.00713456875007425 0.819754550946113 0.0729881745305908
-0.0103413265178328 0.0380016948489916 0.32663894318446 0.899071198985246
-0.0297065817874869 0.0206729175601638 -0.344062039296 0.572330688369823
-0.0285803008277066 0.01782643020793 0.0926424577146779 0.0292939283194356
-0.00359520113786551 0.0356571737483332 0.301999850105316 -0.672524419213559
0.0232990415304813 -0.00252254472561624 -0.531467929657277 -0.813592995961249
0.0148812845220217 -0.0347097221866093 -0.860602903481015 0.147238123019566
-0.0171352766253713 -0.0180612990968827 -0.106996162306742 0.643960750815247
-0.00537654248807363 0.0244952756649726 0.344209333658878 0.255288282978101
0.0308531749305889 0.0174546237947586 0.181333692401493 -0.0950397484138324
0.0270480479689968 0.0014498558966124 -0.104508557612057 -0.195759808739678
-0.00359295526889667 0.0262858406272121 0.0783860410131523 0.163915912669487
0.00569045263129318 0.0163080307708837 -0.1685051739731 0.0438527148328893
0.00878347570117433 0.000183013299259936 -0.282915823905097 -0.356259685281807
0.0246055918557947 -0.0337152999860244 0.239795978759759 -0.562418703977255
0.0747078681686429 0.0065769113260773 0.818539829128353 0.0119451786259221
0.00530133150031766 0.0600471368957327 0.381484475749688 0.868874685706368
-0.0408253357768957 0.0494027932072797 -0.316178754591982 0.584077936332838
-0.0512530885499371 0.0406347351918687 0.0844121304533747 0.0431613459176014
-0.0127864794825547 0.0615688389285563 0.335633652748537 -0.655806673241754
0.0378860137172707 0.0183120645939591 -0.476917658784646 -0.857404658948023
0.0327144239015945 -0.0331753539228078 -0.876190889165037 0.0821809358336921
-0.0144653075671502 -0.027570228497799 -0.148149150718866 0.638458225543777
-0.0125788562540715 0.0195731824477462 0.332050770538471 0.278140086611355
0.0221742015880006 0.0195015361861732 0.185339854470272 -0.0795056014336251
0.0177353951709303 0.0083366988577262 -0.105273061806838 -0.190336183850839
-0.0102992445901721 0.031984511410869 0.0765538304415077 0.167164370035734
-0.0018481549000849 0.0170359433854246 -0.164913997601852 0.0643338720846505
-0.000164682888904207 -0.00542765057566706 -0.299028345370881 -0.329807347623848
0.0225978009972882 -0.0448633958820045 0.195093343370511 -0.576455865292792
0.0889400978073172 0.00342590933869189 0.812297107185052 -0.0611176597987558
0.0205517508294657 0.0782027655523741 0.445733542447443 0.824718599355756
-0.0476127373693331 0.0719542215553717 -0.284200211143888 0.607381031929103
-0.0698500092184006 0.0559609268224139 0.0674053254233056 0.0640346536903979
-0.0257748942363129 0.0824625876754693 0.371654653681818 -0.625898853234006
0.0465115328460957 0.0388500369751608 -0.406237953046361 -0.903576695289925
0.0491155519571504 -0.0280853687831333 -0.88964356282753 0.00366197762813058
-0.0116851280247265 -0.0382614418195936 -0.200801647184135 0.630765536564168
-0.0212330390814409 0.0120631643352343 0.315281206153161 0.308886391775175
0.0127165192117536 0.0193158922028229 0.19184745863008 -0.0596342498219451
0.010127012650987 0.0134375441681425 -0.104298320420354 -0.18695013613357
0.00762935106498007 -0.00512246874725742 0.108262342992553 0.153753215807873
-0.00115284691651042 -0.000896664247877656 -0.149668089992677 0.0533222085777669
-0.00662799082676569 -0.0123890490204459 -0.294222263529143 -0.329970497003031
-0.00428120286679622 -0.0284251862175879 0.209962740549623 -0.557338578110694
0.0122808270875456 0.00218510666228447 0.814116583905011 -0.0196220497646904
-0.0480615562470914 -0.00311482142658588 0.442339910781232 0.880073779016595
-0.00021129011739867 -0.0700073755898401 -0.332385279863447 0.670721975834145
0.0370567457522376 -0.0654743459583522 0.0126961081573859 0.106535000361064
0.00996348762325178 -0.0476386020034593 0.321680229518651 -0.586573891742938
-0.0255042412357707 -0.033778827786262 -0.446432837445301 -0.842761606962568
-0.0229744914857563 -0.0262133429283763 -0.892561836300773 0.0846768587477732
-0.0381365133973472 -0.0276208893717501 -0.177067355320849 0.686490684214709
-0.027039134289724 0.00743735246877827 0.34988614766633 0.314155907791727
0.0192374114776756 0.00613092457679961 0.212319432211637 -0.074470683908641
0.0352112014715417 -0.0179138268698849 -0.0899093065655709 -0.206909908257582
0.0104680084745279 -0.00473456041238223 0.105998147576554 0.148802403586583
0.00553651111751859 0.00271548716632221 -0.154038663196247 0.0382898621086144
0.00284336487891926 -0.0046964056950372 -0.27780636100019 -0.349766255894323
-0.000913659772966931 -0.0199469447544952 0.243035932346948 -0.546780180657782
0.00898077461724235 0.00193919458268037 0.827705537387785 0.0493175437352314
-0.0483452539903416 -0.0129956378570509 0.379592244743384 0.92006201026137
0.00551540848393726 -0.0703867871189267 -0.360519191633288 0.641525620731295
0.0374051264894632 -0.0627682000581579 0.0370027610661605 0.0796118213831047
0.00916053906298839 -0.0479586283804274 0.293953915615207 -0.620794594837024
-0.0260267364125819 -0.0388363267132077 -0.510173363604755 -0.804625496722191
-0.026444683962825 -0.0279386972496143 -0.881471587815723 0.15112655923182
-0.0348695098746678 -0.0187958132604988 -0.129228993104422 0.688975645477807
-0.0163936233747652 0.0148593655191714 0.36171728824201 0.284195805445437
0.0290247068077026 0.00720353079482689 0.204387145463575 -0.092077105099631
0.039515057090348 -0.0194064960711808 -0.0938264856462119 -0.21012517269827
0.0117945681042397 -0.00153475215907344 0.102118656478709 0.151041448528617
0.0109746122601899 0.00598715686492587 -0.160864780927387 0.0259275126619717
0.00984810435232075 0.00159409699411941 -0.26798805838021 -0.372263530760693
0.00301905331400324 -0.0153414145528674 0.274650185707941 -0.541354823621884
0.0111941775842551 0.00233606474944366 0.82909927756531 0.0948061574866901
-0.0437795574267988 -0.0133617219737414 0.329621252178926 0.938559947887872
0.00545021393505297 -0.0594051165680929 -0.3734775016049 0.614385270091234
0.029808052941907 -0.0511214297731859 0.0620205477918758 0.0551701651715161
0.00736605849051718 -0.0371974432343523 0.274316359021287 -0.652921666647007
-0.0207331445448394 -0.0376438569325202 -0.556262510744419 -0.781119042741565
-0.0231737848634007 -0.0299670307290727 -0.867373052588082 0.19652704888846
-0.0295259400515161 -0.012858335632401 -0.0932219950479824 0.680461056345475
-0.00729514478627642 0.0199454981052947 0.367306616326539 0.260675690691458
0.0357178793244453 0.00851123302019847 0.195242194506603 -0.105054544579592
0.040827094976422 -0.017365004646373 -0.09791041617801 -0.209618948683899
0.0109562401110115 0.00384022236858664 0.0965160986921417 0.153088203965954
0.013695735829379 0.00989503807186183 -0.166818513152088 0.0199654314369828
0.0145544033948173 0.00602056260444153 -0.263062358984679 -0.382711592555427
0.0081408943440546 -0.0136552708435883 0.289902032016752 -0.541636538490884
0.0225512187045504 0.00257133238870813 0.829381824145774 0.114198795407328
-0.0350023455967201 -0.00304393853423767 0.30589291088625 0.941061228002068
-0.00249281121534274 -0.0380368495832196 -0.374439944920985 0.590613983352895
0.0149416249663462 -0.0312092379132301 0.0817028431754325 0.037519565230752
0.00573276691134808 -0.018291652682838 0.26865073911426 -0.674230070605919
-0.00960302663781379 -0.0311927572085025 -0.580863151011868 -0.775103558884698
-0.014079554403445 -0.0319158164612667 -0.861084423358939 0.211389266634423
-0.0248165305678626 -0.010778244364465 -0.0755800827845385 0.669724472482003
-0.00264315187692487 0.0239131094782329 0.365113489032607 0.245299579468781
0.0378366450611408 0.0103683588827055 0.186719543491325 -0.110768807988531
0.0391681447382258 -0.0131839503801325 -0.102133967637902 -0.206243310204826
0.00819432126350465 0.0109827666639917 0.0900307417414886 0.156739739442956
0.0146231926009649 0.0132234164638004 -0.171786898740857 0.021413324555167
0.0168032721335889 0.00681199163136463 -0.265534512087438 -0.385278240018982
0.0157316233272901 -0.0169572439145247 0.289242833745211 -0.549326385024033
0.0381980312213659 0.00552984868598634 0.831566758934867 0.104882274681083
-0.0239602708109102 0.0149630790891167 0.308659229079557 0.935794017859842
-0.0148381906216117 -0.0104152079896314 -0.36398080950109 0.581321344530564
-0.00506021180019027 -0.00729581194547908 0.0932283876712861 0.0280932526688678
0.00211159408594744 0.0070300894786062 0.276414590341519 -0.685465545288232
0.00591585090168168 -0.0196205434812375 -0.577701287614249 -0.789274005497428
-0.00161594635249035 -0.0337115996951441 -0.862353118352739 0.200599703648079
-0.020350519901013 -0.0127115202074572 -0.0769878102817467 0.661485172728237
-0.00112480257565874 0.0261459829925785 0.361280689524984 0.242789641917121
0.0377084596660474 0.0138961732861817 0.182996471145864 -0.109004041050353
0.0341236528735846 -0.00718074899287807 -0.105177932639065 -0.201435727602478
0.00217918583671918 0.0185411854548162 0.08390005686811 0.160631904386421
0.0117882904022208 0.0143031174234555 -0.172975354649487 0.0299738940583233
0.0149768074741982 0.0049275539891888 -0.274329240082053 -0.377105877946361
0.0210014889853858 -0.0233856417173572 0.271122577110616 -0.560273847286452
0.0568972921082212 0.00697640936364469 0.832517730519628 0.0653461329124004
-0.0102774108203319 0.0383696822082678 0.341658798370143 0.910986291238417
-0.0298187343600448 0.0210087182727602 -0.343436782528059 0.582559883930256
-0.0288305286981183 0.0189222713792147 0.0956923081212871 0.0291976435001711
-0.00308299648563803 0.0359181179887923 0.302195788780396 -0.684795131009282
0.0236896215583598 -0.00336674773305196 -0.548960492965996 -0.819681763087796
0.0155357708505407 -0.0357252767607588 -0.872305506602152 0.157269404032896
-0.0178859574470709 -0.0188672064025931 -0.101706987379709 0.656109709922831
-0.00557513498476073 0.0248823421441784 0.353043063202997 0.255210912997183
0.0316582975207095 0.0167580654755932 0.182959493724842 -0.098949627682356
0.0269044375066838 0.000128617234431418 -0.107677554973088 -0.19719334447817
-0.0039996802934785 0.0265084676341233 0.0798350597508334 0.163794585629309
0.00570484398629711 0.0157200691536249 -0.172096684256039 0.0459977117748747
0.00912353155180975 -8.07470598815155E-05 -0.292762696592463 -0.358483664887417
0.0246172193429497 -0.0339506141253169 0.23644187841726 -0.572314374793919
0.075271728908296 0.00594899967796519 0.832446581269875 0.00283639313727531
0.0055501629399548 0.0611756727106518 0.398370963886323 0.875179218009015
-0.0416255904424462 0.0499466073938503 -0.314684047933112 0.597401681986865
-0.0518884079678289 0.0417231641354462 0.0862895693974169 0.0419810847889202
-0.0123694515332869 0.0631855300372135 0.333495282713318 -0.669259426224231
0.0377231302331549 0.0187111453040737 -0.494374808695509 -0.865656590829219
0.032530374219885 -0.0339738217848543 -0.887055991838182 0.0923357037922158
-0.0153553400384166 -0.0271556700099459 -0.14364735460005 0.648299314538637
-0.0128189079453011 0.0204454501915954 0.340181880185546 0.27922723214576
0.0230893606706356 0.0183949641197363 0.187527882395043 -0.0828917285190983
0.017802841907696 0.00787321364634473 -0.108066224665804 -0.192478478152871
-0.0106182492610016 0.0327481353876514 0.0788864848441882 0.168927999832228
-0.000979982209877218 0.0162034772934519 -0.16722763652981 0.0664085785375356
-0.000376752558005755 -0.00517764666863411 -0.309211183501829 -0.330921562089661
0.0223226220310876 -0.0451901547221683 0.192005522511744 -0.585604033926539
0.0892221679152683 0.00247577756475346 0.821862214992045 -0.068889402868307
0.0227276707160455 0.0795569560658252 0.46273856561983 0.831153101566247
-0.0458490101309103 0.0733540610371275 -0.281799458624532 0.619259946493515
-0.0701231550716371 0.0585665338815917 0.068105204353808 0.0656485876079253
-0.0251177340402402 0.0842692847697395 0.370088693000148 -0.63765124215336
0.0464253047617063 0.0401570176157888 -0.42078021944483 -0.913792417012714
0.04985516259886 -0.0290028098870452 -0.903960150458395 0.0127618207583642
-0.0120386008743914 -0.0386815188141706 -0.197405484153884 0.644156160413238
-0.0215563277234726 0.0123193043824661 0.325616857100288 0.310132147369085
0.012804373358267 0.0186770777635103 0.194725064119139 -0.0628161718030232
0.0104732481173689 0.0133685281554988 -0.107275753950529 -0.187109977701122
0.0121351390440987 -0.00229662440160962 0.0741970150314706 0.171735924209728
-0.000241300717951378 0.00197351922968744 -0.159202292843247 0.0244656174691093
-0.00920066681499448 -0.0114686356592104 -0.224928092245194 -0.384983496467401
-0.00584112085403734 -0.0350770654171548 0.325207969876564 -0.516631247277471
0.0151884411426023 -0.0107441089414475 0.814596076748315 0.142036907980812
-0.0355704388913357 -0.0115323276403417 0.2659179395066 0.968998919636249
0.0141059405197287 -0.0654476252791242 -0.468801382474889 0.605707474985075
0.0523362514921529 -0.0563429841417976 -0.0104952639842457 0.109441453364167
0.0205946925010904 -0.0456393968164844 0.442289841269797 -0.521899487416613
-0.0196435154995731 -0.0433304310964273 -0.27742746687149 -0.929429468562189
-0.0241269805732529 -0.0334985925551103 -0.902799519076975 -0.0893355946081105
-0.0408175360253027 -0.0278694651049483 -0.310597161432949 0.648140590874565
-0.0276159836934182 0.00671306071201061 0.286765971076147 0.381249908985543
0.0213178673405235 0.0102406233498948 0.223751267276066 -0.0300573719177522
0.0387485132234889 -0.0123413193685769 -0.0465772116486306 -0.225573901164188
0.0151594138783565 -0.00218826352709532 0.0724269198054263 0.168306344417763
0.00518619877523595 0.00573830350044788 -0.160971616972526 0.00785567855422483
-0.00246664332003333 -0.00326664593244765 -0.205775822355493 -0.400524734806128
-0.00573319822627748 -0.0269962668438 0.354954569207135 -0.497641844161256
0.0131450509123946 -0.0113620836679751 0.81731143673359 0.215305869296331
-0.0331528079424987 -0.0208609363843582 0.194218484168891 0.995195508367772
0.0197952580923487 -0.064587840750251 -0.489236129978291 0.571239407918636
0.0528783160903758 -0.0519422985975923 0.0217113630827813 0.0867505665267459
0.0190973320191607 -0.044634020275476 0.41950571445547 -0.563083181221175
-0.0199270064344517 -0.0480777086015561 -0.349187218453041 -0.906003756230659
-0.0271611570235515 -0.0355040235424476 -0.906214490312669 -0.0204797418085648
-0.0383241884825743 -0.0187733742865396 -0.264434720105027 0.656848003539674
-0.0187883842070017 0.0162958820307676 0.304039669657227 0.352411702106122
0.0313388098653134 0.0133761316226248 0.219359655742042 -0.0500181555296106
0.0435776847300619 -0.0125809573499817 -0.0488756109572952 -0.229345115226357
0.0160519340608075 0.00177493086810438 0.068144251818166 0.16821092456519
0.00836953207499629 0.0102249787020598 -0.164924844809539 -0.00622031459892619
0.00297114734855589 0.00493468665773628 -0.189532946403239 -0.420123290305379
-0.00254352893832405 -0.0215653837972627 0.384945727277461 -0.485769583130423
0.0175417484229386 -0.0113829063611925 0.807048495439934 0.260196591802171
-0.0290381974479349 -0.0193152865694749 0.14060443609355 1.00384514362255
0.0167433534760388 -0.0542501400480621 -0.498500644330657 0.539301414590353
0.0430080937052077 -0.04248084099917 0.0498665128262827 0.0682691168425362
0.0163033823384051 -0.0346562875803147 0.408780643922133 -0.596998287447389
-0.015220253637403 -0.0461841374749363 -0.40114636636501 -0.88869658989997
-0.0232457407546312 -0.0355568143648798 -0.898869342924105 0.0265772670642655
-0.0341503761732865 -0.011996681614281 -0.228807398769765 0.658627939677415
-0.0109202680279063 0.0238032904318899 0.314564587425568 0.328686974876727
0.0368105563639952 0.0158758721699669 0.211979517012738 -0.0642314812571785
0.0442022064085924 -0.0105966874918974 -0.0538626258800713 -0.229887348793634
0.013444542098741 0.00759035751280465 0.0620607247044784 0.169055628337835
0.01132734349752 0.015055751112446 -0.170217852765985 -0.0124850690592739
0.00624455292975882 0.00927044169818035 -0.182481156757029 -0.430243444949286
0.00308700778196829 -0.0195513749556902 0.402936210325515 -0.483740383240205
0.0276243579944734 -0.00688262915895738 0.806495709120435 0.279352698444922
-0.0226739277653899 -0.00722413595462371 0.115692538061648 1.00315723110382
0.00513252396625439 -0.0348802214455528 -0.494505928847994 0.519381812415941
0.0236637137658119 -0.027594990719924 0.0726407604647424 0.0541055423279892
0.00930560667960112 -0.0161009272072803 0.406839244372602 -0.622348756996327
-0.00594060332145074 -0.037421318556838 -0.426292980550488 -0.889947155282498
-0.0138721512231655 -0.0354452845186826 -0.898193839130645 0.0434738198742183
-0.0291199805187743 -0.00899553575953493 -0.209486642705525 0.650513875449512
-0.00676684029873032 0.0281765180182084 0.314818422271057 0.315151969797058
0.0387873036061271 0.0185318907545585 0.205205223739132 -0.0716245057184219
0.0413186363682863 -0.00631795623021908 -0.0573484874323505 -0.227574774930276
0.00941168576569284 0.0137233590946486 0.0551578262469934 0.171672916482283
0.010835895199401 0.0182754734716516 -0.174848779167421 -0.0128009526308298
0.00787855348461821 0.0103124873515497 -0.185106786903838 -0.431920483992557
0.00963019169746093 -0.0208349464842876 0.404798467307566 -0.490798818115031
0.0421257369368546 -0.00182679243681107 0.811223043805429 0.26938495299267
-0.0161254681198584 0.0135458915378645 0.121566632444152 0.995251514472381
-0.013600125329641 -0.0102350429519087 -0.484723565053857 0.509602916500338
-0.00252153038391616 -0.00888084282586632 0.0867199974310994 0.0472195313039944
0.000851447354019572 0.00808269373644095 0.416725200983819 -0.631325908212488
0.00700318529659955 -0.0228028414001259 -0.422549081689685 -0.902093900643385
-0.000760999530451073 -0.0346361845526321 -0.896589668746936 0.0324517565998038
-0.024571898211848 -0.00979225016205254 -0.207650522874159 0.641574538300858
-0.00616249522784924 0.0304701167838577 0.311831370539584 0.311965957329896
0.0378664656448732 0.0217884024435007 0.201539471720371 -0.070604047551642
0.0346628319895632 -0.00172294393834335 -0.061669443313779 -0.22526456039804
0.00164798546518362 0.0202666992357217 0.0486061364739894 0.174528368058864
0.00803420778971195 0.0203460513866981 -0.176768639158461 -0.00433144482982753
0.00753170174161471 0.00809228660545229 -0.197004947515691 -0.426266798135789
0.0177199735914 -0.0254380492108934 0.38641497235205 -0.505582391528921
0.0602343269507831 0.00373579045688698 0.82013362576109 0.2308664555327
-0.00700033383418567 0.0387361350663814 0.15850504831565 0.977273220878934
-0.0331048033319454 0.0168440163157018 -0.465571734583591 0.516304068738039
-0.0323005586418094 0.0119290147525679 0.0892289713562554 0.0496159954519481
-0.0118269825244768 0.0350354073461952 0.438926004246101 -0.626480357148678
0.0204131300994063 -0.00207534562253349 -0.385751568117782 -0.928305024529006
0.015649205190828 -0.0334572591802424 -0.90017516509468 -0.0122130432267436
-0.0207650349675879 -0.014899112090311 -0.230870372960914 0.63240248670445
-0.0105397682430409 0.0280985299998589 0.299966356666914 0.321792212063927
0.0305911777675998 0.0230099744796271 0.20043141254641 -0.0598474925784376
0.0253947533902295 0.00517513558618993 -0.0640627113977599 -0.220757649719901
-0.00630489767764477 0.0265002496533652 0.0438537618063634 0.178031395924957
0.00265079601806641 0.0193372602969809 -0.179902532822519 0.0123263010286984
0.00282132086166657 0.00263353912726828 -0.216092144053366 -0.410750827676179
0.0218773597384713 -0.0341022179893023 0.356972351388497 -0.527439413606767
0.077580215763189 0.00727276424900016 0.832897530753776 0.167598162462719
0.0038155005467571 0.0651467128960342 0.221749865621863 0.954417116525436
-0.0513174549519936 0.0432880377653256 -0.439480957510157 0.537557135284328
-0.0610451146489003 0.0283396518102993 0.0769513168552469 0.0607784814701085
-0.0278282663580839 0.0602973683341298 0.470419396154579 -0.604875858242377
0.0306949379652011 0.02204197278489 -0.325033626421721 -0.96190816476788
0.0337249875067113 -0.0269499389568068 -0.90379929108088 -0.0798628886385211
-0.015868734599674 -0.0240589524380239 -0.272201400001174 0.616940683903963
-0.016476017396028 0.0229469684327789 0.282723098765839 0.343311307110997
0.0209411448548815 0.0236752552136289 0.201927944706628 -0.0429913820863516
0.0151916019494977 0.0102002813001006 -0.0658494792272851 -0.215790500210174
-0.0140607111964634 0.0313760906376493 0.0405733603664674 0.181459041915154
-0.00381108909136807 0.0176608033504231 -0.179033791437899 0.0324983473561984
-0.00496914421077293 -0.0034094974509521 -0.239980671118758 -0.387486980061972
0.0215943777140873 -0.04495433529673 0.313331005063991 -0.548578150507793
0.0904625665065898 0.006047361589315 0.83864589351002 0.0924680120670696
0.0154762194028728 0.0841683707817331 0.297525654406802 0.925786853801217
-0.0606622356806087 0.0649221754423032 -0.412701132117236 0.565654454504626
-0.0826013060726813 0.0400527844470424 0.0542161328174211 0.0789431616149191
-0.0435022545090276 0.0771975962091164 0.501253968371094 -0.566753324767192
0.0361073433528351 0.046155457556229 -0.241792569049424 -0.9957711636885
0.0492614791551178 -0.0194280122689647 -0.901815221383243 -0.163911337599304
-0.0108351159747983 -0.0342653039095 -0.324706561327963 0.601466946178031
-0.024933968932264 0.0127157818855319 0.26141466639689 0.372482838054836
0.0107804447009679 0.0217478926922377 0.204835136772599 -0.0219960172721898
0.00495834439461316 0.0138799805393127 -0.0645146719278856 -0.210739625937747
0.0119447719672492 -0.00284472437008358 0.076618555207931 0.171558675795026
-0.000108704590053703 0.000977392590626342 -0.16066659951298 0.0268231674393247
-0.00912918660291409 -0.0114498530007386 -0.234049375398869 -0.384921383491181
-0.00712776102447852 -0.0343608087554579 0.320240016599939 -0.527949632622494
0.0151886297003977 -0.011373231916829 0.827199236631132 0.130331087415083
-0.0355210109186611 -0.0110874729465555 0.286110905161279 0.975778628087544
0.0133423082741662 -0.0664990884307431 -0.463425477921304 0.619982077774824
0.0528912947771331 -0.0569349329053336 -0.00887241434902658 0.111559798077506
0.019914399777465 -0.0462781668638317 0.440789711207857 -0.533362446224967
-0.0210263076914486 -0.0434669513662701 -0.295981787309048 -0.935153250945408
-0.0247438031560336 -0.0334998230963462 -0.914674267754195 -0.0746601969424496
-0.0412838460338397 -0.0275946544640374 -0.302613365213546 0.661366362862682
-0.027885430067506 0.00725444761063745 0.295368925600809 0.380822152004052
0.0221841179502716 0.00954046540749307 0.225361488993075 -0.0342856564308304
0.0396643872412318 -0.0132223770951661 -0.0504774584837244 -0.227171365490844
0.0160024601396443 -0.00170026683259337 0.0750086359263127 0.16767398461164
0.00561877001974899 0.00568821635386175 -0.162626676213407 0.0103986357746428
-0.00216163893971038 -0.00301784723569837 -0.215833624637311 -0.402778093050915
-0.00592817589959167 -0.0265073392727823 0.349997060136139 -0.510027218256504
0.0125528934594426 -0.0117179342030608 0.82832608934909 0.2036519926243
-0.0339546452697456 -0.020726949039521 0.214329568902614 1.00304289740271
0.0194786296792846 -0.0658951188137026 -0.485708794447459 0.585695201172889
0.0526220436552332 -0.053740299636333 0.0220212174561448 0.0890569499631281
0.0189114453821723 -0.0461604338557312 0.418325748041909 -0.575891253921103
-0.0210877940399183 -0.0487921515764535 -0.368490954156178 -0.910913520212483
-0.0275578769067969 -0.0353365624802688 -0.915919413712103 -0.0067637774217156
-0.0394677555528715 -0.0185806694673021 -0.257659129795897 0.6717298978498
-0.0185483543488509 0.017188107153647 0.313245366172112 0.351721208818691
0.0320873634084705 0.012301715572094 0.220429043455032 -0.052677687166174
0.0439983136273103 -0.0140115821789288 -0.0530327761533815 -0.231563697989716
0.015409921585984 0.00197292453079066 0.0716586495368533 0.168524411376931
0.00971113880271125 0.0106011267170159 -0.167374066566024 -0.00301855779551246
0.00344930343719724 0.00482856208144327 -0.199779151370124 -0.420397177669767
-0.00258068421476682 -0.0211786778495556 0.381352053152173 -0.49755107193773
0.0172756918254875 -0.0105952387507452 0.823234147174187 0.25049568562239
-0.0286532072265912 -0.0196108692474043 0.159910102431931 1.01138326351339
0.0169786269581572 -0.0546221856103134 -0.494636743968259 0.554506224344357
0.042942242181741 -0.0441847956920722 0.0516048534811043 0.0686151832934837
0.0151403400385009 -0.0352525069178726 0.403401917020276 -0.609904780381743
-0.0168771190080577 -0.0464048749191618 -0.420120103446673 -0.893038620076446
-0.0240885024247284 -0.0354741083691811 -0.910270636913751 0.041685656146484
-0.0349276500891247 -0.011807827768728 -0.220781913889615 0.66884841033169
-0.0111285483166549 0.023889119484087 0.322807638519186 0.326869828957257
0.0379492852092374 0.0145472387044007 0.213238497903756 -0.0684789629244359
0.0451430605458711 -0.0114278296800562 -0.057046329665844 -0.231713631750296
0.0133537199501973 0.00758679068537327 0.0646225601908762 0.169823981777149
0.0118622096257757 0.0138345765552379 -0.172112588615532 -0.00990795662592785
0.00706797526180307 0.00978984193373226 -0.191638010402491 -0.430682261817819
0.00355008562314723 -0.0192050310044211 0.398718427536351 -0.496137021436979
0.027762588323161 -0.00737492269163166 0.820731124543837 0.269717988474062
-0.0228058727763502 -0.00724421695631062 0.134754631570825 1.01275737909493
0.00459095897435947 -0.0351924682665699 -0.493589393946011 0.533275142186795
0.0233796752075211 -0.0283721617128248 0.0752867606156434 0.0544705542462399
0.00960185940215974 -0.0171299723323515 0.402239064792313 -0.632970597567364
-0.00666352083022775 -0.0378490162429704 -0.445643563980623 -0.892067435980535
-0.0147385474700886 -0.036353983727605 -0.907374604196782 0.058321355070685
-0.0291719994475236 -0.00831969602408963 -0.198782372101444 0.660781664164893
-0.00566975016967842 0.0289911388254016 0.32345560887977 0.31185384829522
0.0401528415210817 0.0163954701623469 0.205820435082755 -0.0747579902991268
0.0407980901081373 -0.0080843531801283 -0.0617578146144182 -0.228710332703886
0.00911155309880909 0.0134063918480997 0.0584527156624081 0.172556828311977
0.0119911465607494 0.0175336156908654 -0.176682599079657 -0.00961590791256965
0.00951813909942928 0.0111934054520401 -0.193731028794772 -0.433321455424657
0.00992353271096604 -0.0204747823876017 0.399299388713964 -0.502030258636013
0.0425644300693128 -0.00224664964852208 0.824486507607797 0.260776692164439
-0.0158858793015525 0.0141040380676755 0.140911003808388 1.0042487722492
-0.0134046617520754 -0.00995686305422733 -0.482145554815991 0.523326376014348
-0.00297051083657997 -0.00834836012186489 0.089029656430346 0.0481845917569821
-0.00047991053590233 0.0080466619347644 0.411906406740336 -0.644949720321375
0.00650381139719006 -0.0230693822442334 -0.441685480744314 -0.90720057187661
-0.000630179878326583 -0.0351820061205237 -0.907039775055511 0.0475999681571013
-0.0248656529574674 -0.00913383671424484 -0.199160645348037 0.654176882856881
-0.00575290164170026 0.0310005682155518 0.3212827557482 0.309461688362076
0.0382825833030981 0.0201538820339957 0.202486938401442 -0.0745274838489869
0.0354133129952406 -0.00307748598288204 -0.0653530182269106 -0.225558404431549
0.00240001755226062 0.0203989690139579 0.0503850992774218 0.175427423125378
0.00803958283343279 0.0188554895239242 -0.180579003761886 -0.00119882175295403
0.00798379975751817 0.00791619865868748 -0.206305445700448 -0.429350513410534
0.0163818019321193 -0.0262016542229912 0.382937296230867 -0.518275174101334
0.0607987656771096 0.00231712040831003 0.832797831310649 0.220087867361504
-0.00660086531106098 0.0390865892197438 0.17802378525195 0.986464308879993
-0.0339165173157046 0.0176860752786787 -0.460969029138525 0.531944686361217
-0.0321241138168979 0.0109474872077618 0.0902511425917566 0.0492871213179601
-0.0118407507233945 0.0360782387999888 0.435720718730868 -0.64032877660543
0.0200451108466937 -0.00227034600462974 -0.40738394692324 -0.934920960564745
0.0148423598816629 -0.0328663376412283 -0.912026900024928 0.00199419112120484
-0.021702882252514 -0.0147904458490088 -0.223051959713166 0.643131453054537
-0.00991188172757318 0.0290683875593428 0.309379250115494 0.32191831633529
0.0319661242423948 0.021976419621259 0.201151501718476 -0.0642008257339499
0.0245443544374692 0.00424446816004633 -0.0676689297995261 -0.221963696914682
-0.00586676078070201 0.026416003208606 0.0455751564596086 0.179541566520282
0.00239674025903426 0.0198733032333285 -0.181711891287083 0.0151988944376218
0.00357448010127584 0.00268632354596177 -0.225002147188838 -0.41303503130964
0.0214223854166483 -0.0345850021495591 0.351642095497851 -0.539134064262979
0.078260437278704 0.00535711716475587 0.844042038451712 0.15548064317304
0.00504346646326394 0.065939516308912 0.241616845169259 0.961549785944964
-0.0510766469524286 0.0446362909114319 -0.436887614423463 0.549940705193772
-0.0612781274717581 0.0296753047113307 0.0786488013404893 0.0607120288616735
-0.0262776962968207 0.0614689313491979 0.466339035847136 -0.619821694624434
0.0314825409383107 0.0218405255699248 -0.34203549366586 -0.967964262780633
0.0329204649654191 -0.0282544427670159 -0.914828956784769 -0.06684180974186
-0.0174326783063945 -0.0240707182147869 -0.264187950312577 0.627966783611487
-0.0166723936220875 0.0222683959060325 0.292575742603051 0.34277923948142
0.0212507982500077 0.0221300606726077 0.203924677185531 -0.0470686727208825
0.0145758579214637 0.00970049936826789 -0.0685100184274405 -0.216505835554378
-0.0138371017457111 0.0316473093331441 0.0440443537417036 0.182792060755777
-0.00371760375220891 0.0185686344661568 -0.181028117499525 0.0360657311159431
-0.00449008767567268 -0.00414579152574439 -0.248577233162352 -0.388208907203881
0.0203629383507741 -0.0455391944484141 0.307823407558897 -0.5585113058698
0.0922189370530207 0.00437799882647333 0.851416584699926 0.0796319227962564
0.017742336137575 0.0853839680611613 0.31764974396526 0.929871347175585
-0.0613763005272299 0.0671804500141015 -0.408242268542961 0.579811322051259
-0.0829132811699276 0.0419623655825237 0.0551504771716018 0.0792954974539088
-0.0435983852109966 0.0807902614275325 0.498406363360867 -0.579658263697967
0.0363062405411984 0.0463515109311404 -0.260440692459423 -1.00309024209242
0.0490756871898164 -0.0206220985314025 -0.915729876616805 -0.149739184060621
-0.0124226575187416 -0.0351067522512725 -0.317663044578322 0.614412745603526
-0.024592802923961 0.0127010587571921 0.271850202945354 0.372743517089157
0.0110343089443924 0.02007580022316 0.207279979400281 -0.0252339335466561
0.00484128860306071 0.0137115576804821 -0.0687595453805148 -0.212032086749479
0.0126944635057955 -0.00296279497516755 0.0796837067938903 0.171510042963112
4.59786038416194E-05 0.00157570472392961 -0.162351893254162 0.0293715938752828
-0.00867437992232051 -0.0116247062478631 -0.243947578249993 -0.383198348738376
-0.00933295436420426 -0.0347688698507392 0.312667432816675 -0.538391148249937
0.0148155649738292 -0.0122153327102692 0.837828005291593 0.115601981722811
-0.0358614045451326 -0.0112777464003059 0.306724937642988 0.978902471026575
0.0124568679053829 -0.067488069033716 -0.457885002741565 0.634456159703192
0.0526227619442581 -0.058295961116141 -0.00707235898560059 0.113112510420098
0.0182777198369078 -0.0471840410334907 0.435011208845302 -0.546745000413494
-0.0212092299744706 -0.0435168335929855 -0.315568939994188 -0.941302384742257
-0.0254393650196337 -0.0334240218408568 -0.926096542452253 -0.0613433219611906
-0.0423309734402217 -0.0270997319564724 -0.291968667457084 0.672713159693415
-0.027578191494567 0.00819697301163021 0.30481274677427 0.377722214389148
0.0233900301596181 0.00865437573029824 0.228868751858822 -0.0384894760539761
0.0396330000190104 -0.0145879199961528 -0.0541330750327845 -0.228001142544009
0.0155522549178495 -0.000601602213095746 0.0787780456430054 0.167486840710545
0.00601248202783917 0.00568908076370766 -0.164291308143648 0.0131661028466547
-0.00193044802335988 -0.00254785782946937 -0.22521047746464 -0.400455618676193
-0.00692162543583471 -0.0255842969597836 0.342560253242063 -0.521142975402949
0.0130608281425025 -0.0122150984263112 0.841404150056907 0.190205009347945
-0.0344021841366282 -0.0206154063913989 0.235208620884265 1.00618377124054
0.0190715099354743 -0.0664169089198413 -0.478992337069594 0.599027353215385
0.0525571242989472 -0.0555373350410142 0.0240656157272178 0.0898343206608445
0.0173299820893146 -0.0459460701245327 0.413223089259645 -0.585961807191564
-0.0223648773920985 -0.0477730632190315 -0.38696716038377 -0.911625319764375
-0.0286067126255112 -0.0355134498325141 -0.927626440715644 0.0106802241021375
-0.0398258545410415 -0.0182892313633011 -0.24674416351604 0.681670491501912
-0.0183417699551429 0.0165592312379786 0.320715172544074 0.34968374819457
0.0324551955926503 0.0104071360762402 0.22136653946082 -0.0568156060788483
0.0446523079152304 -0.0159078460367026 -0.0585145899255976 -0.231993882899424
0.015732516419018 0.00203424119277316 0.0740864252886796 0.168841857230394
0.00953961902084914 0.0105151778750855 -0.16986447891331 0.000265548956383274
0.0034719369163149 0.0046214798348058 -0.207997008946654 -0.419037995590802
-0.0033735053253314 -0.0208937351971955 0.373886641136198 -0.509531856479273
0.0175571454154276 -0.0119905305935138 0.835814682569835 0.236944660447516
-0.0292431695383198 -0.0188755288893328 0.180857788982751 1.01911982556283
0.0158378592582083 -0.0556827018001857 -0.490376153097006 0.566880339755915
0.042422276965495 -0.0456190170568595 0.0530940236219562 0.06839930139227
0.0138823138991558 -0.0356551056388428 0.398483834585914 -0.621534283983524
-0.0180252441420082 -0.0464195098582498 -0.440560256578582 -0.895063132936723
-0.0254104058146731 -0.0360257516497935 -0.920562054551147 0.0581280928591405
-0.0357011912842866 -0.0104051332217426 -0.205910657602475 0.680419647388845
-0.0100096915263802 0.0243544306978271 0.331095135131226 0.324649630664765
0.0379133482213026 0.0135054126083536 0.213960334822982 -0.072513877825774
0.0442978822547942 -0.0141121300056737 -0.0619779946769075 -0.231169817818246
0.0148427978817931 0.00798239668647002 0.0687189170241647 0.170334553037518
0.0115286800327747 0.0144900103315345 -0.174186983566928 -0.00797563941895732
0.00774833707220412 0.00989345466561586 -0.20067495615047 -0.430004001616174
0.00327906772563454 -0.0191528604104131 0.39219998398113 -0.505552038867777
0.028375520543518 -0.0080087300311261 0.834362759236248 0.256106210929425
-0.0233625530278868 -0.00679583295797902 0.156740870757749 1.01855547785172
0.00429355539910282 -0.03579411029519 -0.489248784120711 0.546243995106194
0.0233908492156441 -0.0292919765805617 0.0764777390074669 0.0542441548731528
0.00838314206467818 -0.0161207802559826 0.395361654124036 -0.645745108836667
-0.00875212023688307 -0.0373363326692806 -0.464945620810409 -0.893040002865021
-0.0159567441625939 -0.0364725349487764 -0.9149408519673 0.0747165498927366
-0.0298596574874696 -0.00793793343104545 -0.189122327251666 0.673173682247601
-0.00638432630447395 0.0285919756112688 0.333503233966622 0.309137768529126
0.0406187016546229 0.0157984509275553 0.207328234802109 -0.0795159600610248
0.042271875777246 -0.0087831144319876 -0.0666065989483231 -0.230553103925464
0.00877173119077379 0.0142536603988859 0.0605600817425154 0.172972925343296
0.0123048990472045 0.0172096936810295 -0.179036161151076 -0.00711091030010414
0.0102199228841958 0.0100407225840797 -0.205249810695369 -0.434007048690595
0.010122853958976 -0.0201747228249633 0.393598990734085 -0.51555363477532
0.0432930692710113 -0.00364812799297441 0.836220082148606 0.246591375071602
-0.0154432108390993 0.0143729639442888 0.159773321170365 1.00983441330678
-0.0143117617885145 -0.0105244525631162 -0.476307996421833 0.537689990595433
-0.00256420138996809 -0.00862914315068164 0.090672016002659 0.0458568836139016
1.71653791493608E-05 0.00782261457371177 0.403685581426479 -0.657035091725814
0.00592084063195965 -0.0225910647469606 -0.462721612150715 -0.904813536773454
-0.00198872319282164 -0.0361236302350813 -0.914031894226413 0.0635606192227769
-0.0259196970859773 -0.00912117759177791 -0.188741672648444 0.665649713115586
-0.00551838096388316 0.0309481110743581 0.329048450667646 0.306736057258359
0.0391561232262608 0.0184970675453778 0.202867967577164 -0.0790779025922694
0.0352201850724116 -0.00376745095218507 -0.0697308537383721 -0.227024305539536
0.00289858763228749 0.0210550945898643 0.0536510831759536 0.17608832851575
0.00847502811273025 0.0177998607549327 -0.181725574959715 0.00176074446900078
0.00858912448664537 0.00725946003153339 -0.215659203812535 -0.427937747732074
0.0165346027843185 -0.026470086944739 0.376025407214489 -0.528388593624821
0.0607127049549651 0.00113265383217543 0.843839356614063 0.205949320737957
-0.00580242241543515 0.0398956810673941 0.197650681731919 0.991828114217429
-0.0343760649681056 0.0175200081345492 -0.457105656498237 0.544166549619355
-0.0318852771835237 0.0113812173195021 0.0916897868143511 0.0488424291549987
-0.0106619265418718 0.0363958214257819 0.429253977593346 -0.654942579815073
0.0213699368654294 -0.00210037687004041 -0.425366316766859 -0.936041836958577
0.0142651455380093 -0.0338434923920374 -0.919312367445183 0.0200016824804356
-0.0212274789006359 -0.0135448261012838 -0.212674406742703 0.652597362197089
-0.00856457376466783 0.029339753889367 0.31693013366972 0.317803132748728
0.0319351933807233 0.0205503027255406 0.202583063894719 -0.067935562547114
0.0246773947441087 0.00204228901463805 -0.0718996386370501 -0.222356155833529
-0.00501857253053258 0.0271121234586279 0.0492906210372849 0.179336391751683
0.00380833007266127 0.0192202246871227 -0.182897248253038 0.0196368870204378
0.00460272999390827 0.00192802003027685 -0.235206686930634 -0.409776755523012
0.0214024088654357 -0.0344694360518852 0.344784837577551 -0.549772161254006
0.0790946222404884 0.00352058302868487 0.855234849956283 0.141973828117888
0.00681717520749768 0.0658097991939772 0.260676918788695 0.964577892212405
-0.0504194054427526 0.0456632856407342 -0.431220559468965 0.562428063403403
-0.0611107476801016 0.0305504449830246 0.0795266329615985 0.0601755152357782
-0.0265679510930109 0.0625935602552701 0.460905550863326 -0.631102584569906
0.0321698385153952 0.0219224646238333 -0.362550580716424 -0.972421008424809
0.0323649942413476 -0.0298979683138559 -0.924664025948018 -0.0506519445484898
-0.0180029216047541 -0.0239691757456014 -0.255264815295395 0.64245626175443
-0.0158921576767533 0.0237172298593335 0.300601461820732 0.33971271922519
0.0226261330640474 0.0214174546521622 0.204175532148105 -0.0510766920520942
0.014142502008826 0.0076756780186902 -0.0733537119874081 -0.217105382864487
-0.0125043717852482 0.0333449052239274 0.0465298337471839 0.182699880189078
-0.00315714005597502 0.0182464668608757 -0.182303441264696 0.0407375553446585
-0.00396899098975852 -0.00432222517851354 -0.258865170523338 -0.38606170162409
0.0212763362864654 -0.0461984803860799 0.299703862674848 -0.569095441444261
0.0923753813101536 0.00316400733867056 0.86067258606306 0.0636023537839429
0.0186178756656008 0.0856489367791445 0.338541755232925 0.933301369719314
-0.0601008010653674 0.0687705209662753 -0.402834585862943 0.592918357808531
-0.08271294470506 0.043280861477251 0.0564821199672064 0.0792514938769923
-0.0434392879435823 0.080831959967489 0.492915538144121 -0.59486765235352
0.0371733387539077 0.0457180946173135 -0.279430236956575 -1.00843436765651
0.0488488105318426 -0.0219699629064655 -0.926320592577536 -0.136460187392002
-0.0132931565045128 -0.0356578811471586 -0.309454359483564 0.625626449155436
-0.0240167236098567 0.0139706272669571 0.278991743504411 0.370786086518498
0.0114545978879743 0.019521380053935 0.209394129623428 -0.0289376712612925
0.00403725078035494 0.0122168333022149 -0.073063037322784 -0.212721940595377
0.0119979864991806 -0.00272459697660536 0.0823151571352626 0.171422937205599
0.000715976484438137 0.000491657750582163 -0.162708391465822 0.0333847353286557
-0.00804946571759303 -0.0113027470934469 -0.253283924680468 -0.379206556055484
-0.00853866863876559 -0.0344550176245685 0.302159500119372 -0.548128193743028
0.0150547106601878 -0.0120869504934214 0.846440230842777 0.0994765684060812
-0.0361103198977364 -0.0104096652887637 0.327346680592744 0.978766366473869
0.0116318507168289 -0.0682965795609216 -0.448990814986973 0.646450444622385
0.0516229797464576 -0.0606498268576208 -0.00487088151159721 0.113697716208061
0.0176717003146676 -0.0470654556465009 0.427734759836795 -0.557681388550482
-0.023323752939351 -0.0437453360807141 -0.336178604683183 -0.940591471155592
-0.026505298798577 -0.0330109304008469 -0.936047223796796 -0.0411594269299039
-0.0431038568018175 -0.0264740071934005 -0.281199815053143 0.684738475546998
-0.027475741824534 0.00838553413143825 0.315218173435746 0.374059505916276
0.0229905862587228 0.00782675110652124 0.229358519187125 -0.0426112074977831
0.0383111226515095 -0.0160618674336562 -0.0589010097085989 -0.228196778180647
0.0154092039765023 -0.00109296750473243 0.0818858433454059 0.167381136010003
0.00644224228748744 0.00521500669329023 -0.165188962816479 0.017067994067037
-0.000884079038221094 -0.00279909455734156 -0.232841827060941 -0.396700697948164
-0.00680240686375018 -0.0264433369574514 0.336638418275676 -0.532067227400216
0.0129042360086251 -0.012400307664544 0.849010560745039 0.174563108686688
-0.0346804751806481 -0.0191434502743539 0.257880448082124 1.00902086169978
0.0170296561733909 -0.0674176352858092 -0.471372389588305 0.612410120794796
0.0518902752291047 -0.0572915584166702 0.0250900169250244 0.0897057715217785
0.0167246499474928 -0.0468110878294877 0.404065297661589 -0.595786566192664
-0.0239460430858068 -0.0481210004033394 -0.407017390215448 -0.911742365370494
-0.0304621441193171 -0.0351010467187918 -0.933252273901827 0.0284090768959194
-0.0403540306718891 -0.0176410849658189 -0.235665488464543 0.692018485697419
-0.0188296452612012 0.0177073409835024 0.331109683636656 0.344812408493745
0.0328693602929822 0.00912310174772331 0.223329946627477 -0.0622014070844847
0.0433199347702799 -0.0166287821523449 -0.0619614178575857 -0.232078193384023
0.0159577698744791 0.00224311738380014 0.0760671335457439 0.168315706576833
0.0104862666559265 0.00954265783031631 -0.170774514213563 0.00307502352823243
0.00514330212421711 0.00483546424275403 -0.218576756749502 -0.416602726941983
-0.00331598013247398 -0.0203859627870372 0.364953638948244 -0.519764719506291
0.0175893130612145 -0.0125140568787854 0.844867317997059 0.220616936322922
-0.0300455599976855 -0.0177242255414594 0.203654128559611 1.0199853089603
0.0151530054584961 -0.0561684619802298 -0.479994690271995 0.578691007379594
0.0421892439998207 -0.0465122685555875 0.0543443982432347 0.0683040144609567
0.0130302651072078 -0.0360751584973101 0.39054912069674 -0.631091869834537
-0.0198299886934129 -0.0470113707800274 -0.459230626977475 -0.891298573973751
-0.0258947456328696 -0.0359161835879144 -0.924777761624085 0.0791201715706002
-0.0357641117847609 -0.010378945990412 -0.195555310187963 0.689055930442421
-0.0092541352273044 0.0251922362782275 0.338890795474506 0.318641264958211
0.039382201521535 0.0114746894772342 0.214020821739818 -0.0767652724075325
0.0444766464186192 -0.0157870883171796 -0.066372527780356 -0.231804968766119
0.0144595139831885 0.00759842227539652 0.0707946757348938 0.169315781685806
0.0127125304496669 0.0143934859041834 -0.175629050193154 -0.00378300414222008
0.00975692311788881 0.00958959117360312 -0.210639535575178 -0.428275023649982
0.00242619743946723 -0.0190176506421592 0.384184542283039 -0.517708765265619
0.0277080656876502 -0.00937568065253123 0.842788678605367 0.241308090991123
-0.0223197259420713 -0.00665177595892939 0.177634332270526 1.02119877221042
0.0031895528360878 -0.0363874859673075 -0.48084230106864 0.558941498913809
0.0229426056502018 -0.0301136390975535 0.076935726948058 0.0531089923821719
0.00801070634324694 -0.017498954650518 0.385402532866703 -0.658745215686737
-0.00855029881287378 -0.0380460701361006 -0.483909418033642 -0.890043067225594
-0.0170162642410973 -0.0364446071651092 -0.920869323923272 0.0938508149401375
-0.030617964946851 -0.00745426397997664 -0.174284854349222 0.682129158065959
-0.00519714985889373 0.0300207081604433 0.340718868905315 0.303761034188599
0.0412791319133022 0.0137099149552158 0.207154836487633 -0.0841432013113769
0.04136882684396 -0.0113068296821211 -0.0710606562290729 -0.230107266520312
0.00920132364654834 0.0138562716513361 0.0632248486020828 0.171902022918461
0.0127225492655321 0.0180249083719594 -0.181412840806205 -0.00327056833112336
0.0111181464236486 0.0103484858910651 -0.212884471236329 -0.430915699595827
0.00912236441357656 -0.021048485705265 0.385111465252617 -0.524078124827931
0.043203491715837 -0.00452223851629796 0.845313858985061 0.233115422742112
-0.0142156286528992 0.0150868628533716 0.182810045995941 1.01247863589356
-0.0139508887296296 -0.00939708741253698 -0.469959756012047 0.549643699211342
-0.00222651178598178 -0.00864800009485676 0.0915170409109577 0.0452587167834842
-0.000659133714078136 0.00825974507295821 0.395425582524292 -0.667924443357536
0.00568556288527355 -0.0229846285378097 -0.482165261692479 -0.903471808503745
-0.00285886663561708 -0.036684378537671 -0.919861355344623 0.0838541578980354
-0.0262096934098284 -0.00798253785623834 -0.176530108704448 0.673875930653716
-0.00512975773609533 0.0312272995074415 0.337309823199997 0.301257655476219
0.0388306507554823 0.0168642886846469 0.203202587690212 -0.0828680297398735
0.0345553866552953 -0.00529349191254855 -0.0739719753857009 -0.2266914162866
0.00214892902896722 0.021801780027575 0.0564866472762523 0.176221055062176
0.00893491243148775 0.0180010621800709 -0.183320010877164 0.00621794062633006
0.0096116833114414 0.00802171819156924 -0.226306741218866 -0.424024651102333
0.0164016930931112 -0.0260327688090512 0.369106684806145 -0.54035807318893
0.0612546390251194 0.000269980059782661 0.854095560789219 0.189585456428689
-0.00445538472879961 0.0398399669585071 0.22143169891195 0.993368022894729
-0.0333352308379924 0.0189976285194496 -0.450129633204824 0.556259034967028
-0.0312609558753772 0.0124562747053965 0.0935799805706634 0.0473249187322575
-0.0105824535011992 0.0367842563373588 0.417998545633599 -0.665522682923335
0.0204637523284204 -0.00291632660135311 -0.445979851349627 -0.934667187849708
0.0140251264594644 -0.0347020264576899 -0.925563765120498 0.0362126136970253
-0.0223428422109852 -0.0140353314842996 -0.200305586098918 0.663011841768847
-0.00833305438901614 0.0294322035007939 0.326192053321906 0.313711045936696
0.0325230843072337 0.0196666299736421 0.202648827306896 -0.0717012425568277
0.0244334302919685 0.00173752867476122 -0.0770347489037696 -0.222015907810919
-0.00438773211106852 0.028327308975803 0.0524698732003594 0.179962929994842
0.00395109347751535 0.0185390629160151 -0.184003639817155 0.0224231990783935
0.004565671636164 0.0019268509407026 -0.244566771720761 -0.408279907407129
0.0203330226279126 -0.03566617106161 0.335033543757044 -0.561651694397591
0.0783645637255312 0.00193222031658191 0.86394749162641 0.12519884327148
0.00803894715185868 0.0666155627114593 0.285265715214254 0.965245235684754
-0.0502447870238299 0.0471388968641312 -0.420983150982692 0.575052441591357
-0.0599431915919187 0.0317745072005833 0.0806352128787117 0.060401478141854
-0.0251775455693917 0.0639679062001663 0.451006623837529 -0.645547500323731
0.0326909647210323 0.0214776513190911 -0.384016211553259 -0.971336454334955
0.0322539438352997 -0.0298453488784793 -0.932494593648967 -0.0324679667986584
-0.0185924277218846 -0.0238836021650406 -0.243929102978363 0.65231922148758
-0.015573213308779 0.023564504976623 0.30846798995026 0.336527653543099
0.0220386886793339 0.0194057421813528 0.205312484774445 -0.0556255071634497
0.0143529859621121 0.00815480691541654 -0.0780511088816906 -0.216793014962628
-0.0113864610218433 0.0335850436247361 0.0493820518250021 0.182772351509148
-0.00343546138559841 0.0181477361672223 -0.182313922208983 0.0448964600666989
-0.00301150522903965 -0.00374116705432444 -0.266058963433339 -0.382724529537128
0.0196467771143684 -0.0462995979965313 0.290251270793626 -0.579483873848985
0.0925470609069588 0.00117530911041434 0.86739635345065 0.0473395084852171
0.022227792916198 0.08625709432061 0.360328158688144 0.932219339889816
-0.0590430742503388 0.0700144315473837 -0.392968779434326 0.603956931218621
-0.0819775565705946 0.0451210728056571 0.0587611160951714 0.0798409699747536
-0.0418379947930472 0.0830050870682855 0.484189256703781 -0.606725766058503
0.0383909175311313 0.0456626324286057 -0.300910096061785 -1.00860251046307
0.0492000695960991 -0.0230834686738661 -0.935652774473448 -0.117763746350084
-0.0135382152969572 -0.0352151344550388 -0.297489107543388 0.638156857777094
-0.0248057835677102 0.01363650922105 0.289789658942851 0.368280354950345
0.0116603355955344 0.0186342938309017 0.210464464440074 -0.0338442551941733
0.00445948729854209 0.0123185108445628 -0.0767267723769992 -0.212244401559931
0.0113031341081631 -0.00198028582942348 0.0857290039848962 0.169549434954806
0.000870127442552783 0.000900311201169705 -0.163418069154004 0.0374742477596143
-0.00867287390185513 -0.0111777136121724 -0.262347934223287 -0.374286768649338
-0.00986039953949095 -0.033915581314237 0.292668947104951 -0.554801154501361
0.0142008934180038 -0.0127551525860644 0.84952362273592 0.0823828486405903
-0.035947129442595 -0.00908885899037556 0.350396525544423 0.974913747518832
0.0103956041957905 -0.0681071140562542 -0.435296509286182 0.657932273907839
0.0506517930895751 -0.0617717057673659 -0.00354873543401534 0.115133586640336
0.0161070442595318 -0.048252895409151 0.419405054885274 -0.566914054745427
-0.024692231731575 -0.0427483888566646 -0.353921714208382 -0.939683087246077
-0.027033936542135 -0.0336284850163004 -0.939344992517975 -0.0219569274308986
-0.0436954057563224 -0.0260662865451142 -0.265993817934022 0.692935074788429
-0.0274248030259727 0.00847721551364131 0.323599133390808 0.369755633652891
0.0232696673175809 0.00565965029414004 0.22952949824589 -0.0481605412211437
0.0382130199385085 -0.0182311319062755 -0.0624082470277507 -0.227303072998856
0.0161156966832695 -0.00154175403451601 0.0843565454861602 0.165728287309441
0.00719095522557927 0.00509691875003234 -0.166076711606527 0.0198875572390867
-0.00032250114743885 -0.00308722714022034 -0.24265074343213 -0.392252071333315
-0.00776987649626606 -0.0254277300553189 0.325494201376141 -0.53895650188367
0.0121816214897499 -0.0132841691355451 0.857082894309186 0.158778782510162
-0.0347365293072595 -0.0188589557079336 0.280485247712213 1.00560586275301
0.0160612840340038 -0.0682036278896823 -0.461169324153852 0.62439391669272
0.0512276759555206 -0.0590027730482523 0.027125649720752 0.0902380106873491
0.0153974626334955 -0.0470271286541459 0.393842464753779 -0.605977129589355
-0.0255550737591006 -0.0482193666736313 -0.427011672583597 -0.906424620320355
-0.0298179009485878 -0.0343231130697285 -0.937150518881101 0.0474415522845561
-0.0418723817793668 -0.016235766487849 -0.220658190037413 0.701083967524209
-0.017441532952891 0.0175091274679236 0.338509041620875 0.339026225256568
0.0330672333384562 0.00791904006406718 0.222177703076808 -0.0670793384653927
0.0432173178445215 -0.0185871072437378 -0.0672275317197763 -0.230826363155806
0.0162317696906833 0.00209149617525417 0.0799008802525224 0.165889407729095
0.01121044762237 0.00856356623357171 -0.171649063024331 0.00707767283903647
0.00544690004805216 0.00469942585940585 -0.229554036948495 -0.413358335185505
-0.00441129042619453 -0.0200153850994679 0.358076437388927 -0.530461166678175
0.01683570107306 -0.0133268489811953 0.853864806199277 0.204487501480986
-0.029982578442824 -0.0176471655060803 0.224667797629463 1.01918074365348
0.014029969065756 -0.0566710480678747 -0.471637899503579 0.591341597997515
0.0423852147182552 -0.0480338509852902 0.055620947507868 0.0680224419279123
0.0120570363945776 -0.035797780640395 0.377333187898668 -0.640878080679502
-0.0202797022435927 -0.0461453686014242 -0.478553860999618 -0.887504953284997
-0.0276040819818329 -0.0357627449296986 -0.9264210388103 0.0962134146063059
-0.0360147588855408 -0.00967940865564952 -0.180690466683865 0.697284667776747
-0.00890141314392772 0.0252369633761852 0.346238450839677 0.31318279084644
0.0393437435357781 0.0101183453580717 0.21417482097431 -0.081965214875582
0.0433627492609438 -0.0166426642867312 -0.0701878168181286 -0.231540680015212
0.0149380339335381 0.00747073505768889 0.0739014801080614 0.167827014156416
0.0138015675023188 0.0133498855072521 -0.177220474429163 -0.000341602305121244
0.0104823133180674 0.00951227697652692 -0.220917813381686 -0.424495470304066
0.00220291862194984 -0.0187250972443555 0.375156668160941 -0.527345183109646
0.0276996203073425 -0.010376435345348 0.850760797145327 0.225816932990092
-0.023168255361211 -0.00547880683478319 0.200470710228256 1.02143543876106
0.003227530917136 -0.0369245217306669 -0.471783503641011 0.570640682622585
0.0221994481025597 -0.0299235106092389 0.0790990777592731 0.0525563779425273
0.00711391441929556 -0.0167900120428413 0.375136838473749 -0.666933997242243
-0.00974173756072873 -0.0370886015020343 -0.503371235730486 -0.884721453789997
-0.0176315959156006 -0.0363703953532343 -0.922205531140208 0.111654945577225
-0.0307431074883265 -0.00587178958654162 -0.161061455252736 0.687228609576818
-0.00378281514907274 0.0294150966016023 0.347800135538136 0.298693434815587
0.0415698914930326 0.0124272256959784 0.206825944439541 -0.0890429443072515
0.0396128820035175 -0.012595452775467 -0.0745108968358685 -0.229288323462426
0.00991676834181133 0.0142117717519806 0.0665805071693454 0.171495898704047
0.013832189967056 0.0162316931397807 -0.181983291943282 0.00101598507046714
0.011761410888837 0.0102604573159655 -0.2245462194442 -0.42600469772135
0.00913875584795525 -0.0206188631785985 0.375129632135597 -0.534036549745586
0.0433961673792077 -0.00532626171403138 0.854901661168168 0.214801806284035
-0.0147327445480622 0.0149058524742636 0.206102486257433 1.01187648269955
-0.0144527617038631 -0.0097504198447445 -0.460242547508541 0.560846249366183
-0.00247666079157232 -0.00875620923406659 0.0924631529739784 0.0435428578598118
-0.000250586283448987 0.00997689064244382 0.384419035932661 -0.678200521081096
0.00442052039216453 -0.023253072790018 -0.50320492052333 -0.898464252010397
-0.0034921190112655 -0.0371018343238182 -0.922240125636523 0.101960465813445
-0.0266778803317789 -0.00752660454264282 -0.162155552672555 0.67965795105937
-0.00334764298538686 0.0309289770926385 0.343335889448886 0.296082718337431
0.0391017594421728 0.0154843583455414 0.203094073991337 -0.0869238184187613
0.0330207671795833 -0.00635134197185544 -0.078990342815548 -0.225710321006185
0.00332946496227027 0.0216233071377083 0.0601147881356193 0.175753237213544
0.0103473185683667 0.0177537943442907 -0.184299550153621 0.0104465340524753
0.0106143818647802 0.00693514909954358 -0.233769796728586 -0.419521507336693
0.0151951364561973 -0.0269492833234908 0.358522314123664 -0.548724186379647
0.0617288115535928 -0.00123288344319034 0.861512588634206 0.170798525108313
-0.00346040713086796 0.0404654807467977 0.241423642613826 0.992746554297415
-0.033141511081575 0.0191320431936567 -0.439598276309453 0.566449818933694
-0.0315838038363714 0.0131099495084939 0.0942861443198106 0.0467966351056824
-0.010470163971264 0.0379566680989785 0.409568471203521 -0.676419503030988
0.0208632452736325 -0.00307052807684751 -0.467484371613082 -0.928577603974242
0.0138799231466037 -0.0351292556086951 -0.928826587921683 0.0571696070841389
-0.0227268033770112 -0.0130772464012918 -0.18694785302175 0.671073590297525
-0.00811570824556441 0.0296824020987343 0.333556680523159 0.308122706410323
0.0325719059453782 0.017399493661614 0.202339372732701 -0.0764324341737171
0.024986262407901 0.000745688940266169 -0.081435029213212 -0.220563233134963
-0.00447096276769691 0.0287656636816996 0.0552020753192077 0.179567111052445
0.00410543620212397 0.0180298644344677 -0.184711341404091 0.0260944253319403
0.00531049612523788 0.00173236082853282 -0.254194352269466 -0.403305067621016
0.0196323740272373 -0.0355038839797823 0.323710892363708 -0.567985034735697
0.0795765390019998 0.00117041280220684 0.87062347351008 0.106953238594558
0.00965730983770973 0.0656869062111203 0.305831239517638 0.962934504146639
-0.049367674046845 0.0486545026215739 -0.413142551129914 0.585075487659303
-0.0596294043748391 0.0329725984637783 0.0828099681104225 0.0583078417139725
-0.0248611746571664 0.0651388866208274 0.440109912052738 -0.655420945804293
0.0333989469907655 0.0216336373927518 -0.403120106638017 -0.966872693856942
0.0312455221271908 -0.0315835052715885 -0.93906613462207 -0.0146587106759321
-0.0189331566175758 -0.0226508190574961 -0.230344039129848 0.658899816849419
-0.0150809970979595 0.0240722907314269 0.317478943872797 0.332802057416216
0.0225196156511654 0.0182776376835616 0.205476497452157 -0.0591055176765475
0.0141646055073889 0.00738236207881907 -0.0823070295426042 -0.215650070754563
-0.011206374307504 0.0345843544966986 0.0521817107063666 0.18285477795698
-0.00343312245145627 0.017220096322649 -0.182155515364047 0.0484253343982127
-0.00298093900633334 -0.0046191452229605 -0.276674205925405 -0.376540305729357
0.0184169533085376 -0.0462326733678666 0.279417475537102 -0.589237276067416
0.0921112185496361 -0.00114551747496611 0.869207077099656 0.0290614245148623
0.0234873767939706 0.0855313925544859 0.381635624774466 0.925800515339425
-0.0582434037850142 0.071523626724292 -0.380615127296243 0.613403755436446
-0.0811551568049819 0.0467495413272001 0.0607958141752605 0.0789602030780877
-0.0406541097883363 0.0851863274719661 0.475224663222686 -0.618505918698467
0.0386647673923223 0.0451070380694838 -0.322022076780103 -1.00780056164514
0.0481506889410419 -0.0242258748223335 -0.94100235200781 -0.0986197793997445
-0.0154520473336569 -0.0350942127024972 -0.286161188735916 0.646809199411671
-0.0236457073567368 0.013956445597821 0.296894576020185 0.362687113821738
0.0118334975886329 0.0170392936889968 0.210510022184212 -0.037207057099546
0.00397518111978229 0.0117640931879497 -0.080487821971945 -0.210478262934347
0.0121907359094587 -0.0019324844944091 0.0882933586616904 0.166849712233443
0.000991594441515893 0.000158187250272915 -0.162653904769404 0.0407169535957948
-0.00818142413509143 -0.011032829611528 -0.270993627903205 -0.37002561831231
-0.0110200071662042 -0.033880536848013 0.279979284233129 -0.562806759970061
0.0141255616887105 -0.0125197831841531 0.851035006928094 0.062776677737071
-0.0354715850434967 -0.00901473821632686 0.371876722550625 0.967835707310849
0.00927734380649484 -0.0691661814540907 -0.423805803750482 0.666750874973908
0.0499509532054062 -0.0630115434455337 -0.00111844393249164 0.116069181871483
0.0153777185871174 -0.0475767320062223 0.407790096538097 -0.57439030742851
-0.0253154408996631 -0.0426937917492456 -0.374454187011309 -0.929797458766556
-0.0280557989100203 -0.0318117192991636 -0.940448770025458 -0.00383526494979255
-0.0447698936114567 -0.0251545910704253 -0.252791053889806 0.701129788327494
-0.0274206060823382 0.00950428814514197 0.329878060128461 0.362225346038163
0.0239911707432382 0.0042795409648883 0.22916737812711 -0.0523392123866521
0.0374905052981137 -0.0196409750729434 -0.066847529718701 -0.226439236345695
0.0147147510724715 -0.00174195740446908 0.087375212640379 0.162883511202996
0.00730841567529834 0.00449948310468835 -0.166279089947174 0.0245091642148343
0.000140156488135256 -0.00356695961825251 -0.251714090451006 -0.386561985684022
-0.00857618032378194 -0.0249277910538799 0.313580395457068 -0.546486642554053
0.0125913996143522 -0.0140036833309707 0.85942847023388 0.141088095392923
-0.0353247909274623 -0.0180626525205215 0.299561128624861 0.997942989385707
0.0165146046732012 -0.0691699951461032 -0.448863893913256 0.632379410228992
0.0503574384214317 -0.0605108191759882 0.0292936664523067 0.0902370807771813
0.0137075904385928 -0.0462254875044016 0.38285873009762 -0.613794458191032
-0.0258952839634154 -0.0472263611798343 -0.445612276577062 -0.900674884546639
-0.0314165109598086 -0.0345395811357681 -0.934433986847651 0.0668503163171797
-0.041189991062962 -0.0160420377717724 -0.206385288433543 0.706729172270088
-0.0170420742145701 0.0183383469999377 0.345893033540574 0.330798909626946
0.0334774252961476 0.00639701666591131 0.221870562075071 -0.0707706460968633
0.0418724927588399 -0.0200636172039877 -0.0706221082513569 -0.229401276674807
0.0165757189798609 0.00247633926767607 0.0825693420499053 0.164629300559083
0.011470541535724 0.00822857811068369 -0.172077883034849 0.0113959745850634
0.00607218176115967 0.004665022762022 -0.238638737152768 -0.407227805131028
-0.00420901956490007 -0.0198379679690716 0.346193776928947 -0.537556861798397
0.0163765469574322 -0.0138289684853663 0.855073930018592 0.186533461345468
-0.0301778087214139 -0.0173171422271418 0.247950304848203 1.01380203807421
0.0127352208502034 -0.0574169830118731 -0.460274450446599 0.601803817902226
0.0406344104867359 -0.0493133023491864 0.0572578518303151 0.068015270612955
0.0119196969623897 -0.0367283475769682 0.367091335376087 -0.647865349069993
-0.0211408072295116 -0.045193294063574 -0.497305206969766 -0.878305143192841
-0.0275912472159267 -0.0350734246640054 -0.925306594317692 0.11530329913532
-0.0362808644237159 -0.00913690500885735 -0.165798652629222 0.700099875822977
-0.00883170989218993 0.0248183169402664 0.353342825615281 0.306430167914276
0.0394585342912235 0.00797621295875905 0.212496216240136 -0.0856639567367521
0.04308113285431 -0.0180339754546925 -0.0751531356269621 -0.229912515629689
0.0149330617320601 0.00790996217883312 0.0765973512906086 0.166520919523104
0.0135751251965851 0.0131958221342654 -0.176877948116797 0.00461528873486326
0.0107155645896096 0.00897828278116056 -0.230896957223801 -0.419898530147422
0.00106047462274898 -0.0176641116013574 0.363375595293815 -0.535676862700286
0.0275363984370528 -0.0109592430488318 0.854371178222525 0.206040772122053
-0.0225794324387031 -0.00546787365904132 0.222270249559826 1.01804557811647
0.00274570613849327 -0.0369565354637626 -0.460516633903717 0.580486603399891
0.0217588434258937 -0.0313790465483323 0.0794934498411286 0.0511351591851706
0.00675974027399772 -0.0161478866904049 0.362778779662673 -0.67302015131834
-0.0101644370806968 -0.0370526792085456 -0.522727084086793 -0.875379197881095
-0.0178751070773423 -0.0366274945655052 -0.921543912826532 0.132414935262974
-0.0312480917342253 -0.0061317788126072 -0.14649468551775 0.692989606990486
-0.00371850561658813 0.0290215734474977 0.354446191085664 0.291297426805621
0.0415223144736944 0.0105446992607631 0.205887841908721 -0.0923816524612499
0.0393649344936248 -0.0137283146312582 -0.0792221884556349 -0.227401723809299
0.0106507338215687 0.0142623267293033 0.0695289239080439 0.169347629466017
0.0138220979334281 0.0158738307426891 -0.181603848359762 0.00445457910846171
0.012407602886073 0.00978804168264852 -0.232477567415989 -0.422405444088414
0.00856047585192787 -0.0196797327296796 0.36381208592206 -0.541657354591714
0.0433877764478013 -0.00702014952178035 0.859070449104899 0.195861147519946
-0.0136916833156181 0.0160075248246477 0.2260001790135 1.00786015692126
-0.0138931409260159 -0.00934087535296488 -0.448651573747559 0.570369090975784
-0.00263967500019518 -0.00929170558253951 0.0935047404723668 0.042414881634885
-0.000261074613825013 0.00934982372612007 0.371613260990618 -0.685002693148161
0.00394310972310977 -0.0226712440201835 -0.52082599730203 -0.88757777924445
-0.00420907438108619 -0.0370621059082044 -0.921556908163307 0.120919464470438
-0.0264789981591212 -0.00684475038148093 -0.149238802828702 0.683921732818973
-0.00264962860372914 0.03123890135274 0.349696738172326 0.288635978663202
0.0395261570521866 0.0134493215626543 0.201051434596417 -0.0913349872207127
0.0327935856303689 -0.00787568110200872 -0.0833076868418034 -0.223280613131011
0.00467344939545853 0.022381796863377 0.0618521807050774 0.173602952490135
0.0104552117952758 0.0174049961614573 -0.18377829976576 0.0138356051386386
0.0106391384576242 0.00695555570149366 -0.242172641398628 -0.414855538392764
0.0152949527033127 -0.0263138374743642 0.346747909819242 -0.556831554327125
0.0615479137396098 -0.00251593430700976 0.86522073920323 0.154115456636075
-0.00224883770903156 0.0406764586169802 0.264304761351414 0.985949045521707
-0.0327167611683417 0.0202543159402335 -0.42731727474015 0.576556605439226
-0.031104407026189 0.0137839138164688 0.0941068670832214 0.0448514350643546
-0.010666464722026 0.0383716749823497 0.395399462448913 -0.682826257127013
0.0197505965505425 -0.00290708218307585 -0.486755220000255 -0.91993173139281
0.0124292403017351 -0.035988484201445 -0.929633209014433 0.0770978539582895
-0.0236463431721976 -0.0130486518554123 -0.173475305550207 0.675512758569143
-0.00709214366598156 0.0296121013444604 0.339550302904174 0.301538433811131
0.0322118563439756 0.0158600032762474 0.201244965567127 -0.0808135101215784
0.0238489787036803 7.79498202556263E-05 -0.0860413623096368 -0.219356246252755
-0.00349329459965508 0.0282514310481705 0.0572645808119251 0.177735490458692
0.00409286271345434 0.0180117694752528 -0.18368968078393 0.0309084200151658
0.00622509922516513 0.00179588464918899 -0.262668864877638 -0.397750947607953
0.0188097916373522 -0.0362099819619943 0.312829792350678 -0.574778870833796
0.0803915522144727 -0.00129303961514402 0.870995094746559 0.0894386183544366
0.0118227883598099 0.0656169056473481 0.325308133705431 0.954222204776505
-0.0477852870783106 0.0495347626556634 -0.400450125268734 0.59441291893181
-0.0585414895551961 0.0339354607362247 0.0831378682583327 0.0576916761614867
-0.023495503050524 0.066008260885804 0.427783273531153 -0.662769728542236
0.0332955694300312 0.0209631950545132 -0.42394935599305 -0.959704506872315
0.0307832861438066 -0.0321336082011048 -0.937818908587709 0.00620305458739091
-0.0201599455383278 -0.0228270345838355 -0.216191942217695 0.664596533105975
-0.0148816463131878 0.0244114233216815 0.322953185039481 0.325557702302824
0.0232410398428262 0.0170222492203888 0.204107179241422 -0.0630397859578193
0.0132387504234767 0.00642508634699729 -0.0858197086433973 -0.21421465071792
-0.0109682185187989 0.0352146840953687 0.0559965054603553 0.18139384619466
-0.00299402720635948 0.0171187524413601 -0.180989994831212 0.0516263961282951
-0.00313044523322376 -0.00534706419598991 -0.284881837148815 -0.371648142981367
0.0175334587292261 -0.0464436060080481 0.265701008346065 -0.592584223761593
0.0929351197780353 -0.00244556492164001 0.870571803304896 0.0107798510426152
0.0258703923590441 0.0850725452962288 0.401009090262474 0.91761558188547
-0.0559865207575641 0.0725858810237893 -0.369488209017472 0.621203292177329
-0.0801191816651877 0.0482555075331037 0.062709347839605 0.0778377000466487
-0.0394978038080613 0.0860520043827978 0.463048818113955 -0.629125485521943
0.0399362352112623 0.0450550853560232 -0.343106328349656 -1.00324855773087
0.0477737543450574 -0.0252256606804146 -0.945067732193736 -0.0819060759263854
-0.0164477137332702 -0.0345785144826642 -0.272573535417971 0.654017068451226
-0.024226153233784 0.0139756789105413 0.305503996792853 0.358126384522151
0.0114518620931597 0.0162385937889748 0.211332575033083 -0.0410892490006428
0.00381124145544548 0.0107180103154697 -0.0851876344749052 -0.20941074907223
0.0118626844032292 -0.00235200410666545 0.0909275983478209 0.164642163341276
0.000916404830854587 0.000411849264830024 -0.160447544359936 0.0431176780262276
-0.00760625863822988 -0.0114493284695779 -0.276968793949141 -0.361693436791191
-0.0108958350340265 -0.0324994823542215 0.267389092602792 -0.565377614596594
0.0138479446470521 -0.0134778123844046 0.85241071449341 0.0463246298750351
-0.0356654672813642 -0.00796342386762858 0.390385030624952 0.95605900938538
0.00849818667346631 -0.0694834308686004 -0.409766911989701 0.674211169391702
0.0483346636244851 -0.0637727725865874 0.00106289771111616 0.115705708174296
0.0130221142405714 -0.0474565991911043 0.396132068944594 -0.580728717138899
-0.0266099934534165 -0.041225025296583 -0.390632099727442 -0.921335200958112
-0.0286962228979007 -0.032004503736952 -0.938798547434066 0.014897834564338
-0.0450647230284649 -0.0241110569025796 -0.235230841771551 0.703186669165359
-0.026492200116448 0.00953844176255009 0.336985622580858 0.35357470176963
0.0239566142705072 0.00331784768904181 0.228131173166363 -0.0567903648176492
0.0363772882301063 -0.0206184477978911 -0.0715182761906074 -0.223907740877442
0.0151403003992679 -0.000745268988303915 0.0889309957608343 0.161549456808829
0.0075923175875579 0.00352210869014291 -0.164815531178073 0.0274034622329307
0.000210867893146976 -0.00279385201777424 -0.258101871851331 -0.381040673735315
-0.00903004087986146 -0.0249686089524684 0.300708596306438 -0.55258277487924
0.0119222199720089 -0.0134384808523641 0.86073562822539 0.120600541101213
-0.0352072517167728 -0.0176985131961144 0.320813723364982 0.992220405047077
0.0143068899344193 -0.0687934522533558 -0.433232877363652 0.641607701788459
0.0486316552407033 -0.0602629283309659 0.0311121100986916 0.0899839191596406
0.0135519974256409 -0.0472713071255022 0.370125216291826 -0.620238311386306
-0.0279565709723932 -0.0460607143438278 -0.463317552602813 -0.886898356282788
-0.0319732850053672 -0.0336840970827243 -0.932683133248135 0.0856948649034806
-0.0425624832953803 -0.0144998387525276 -0.189365966748453 0.709160989560713
-0.0169631574337904 0.0186648013680837 0.350380630075907 0.325214505068284
0.0336557995659299 0.00409371820701674 0.219225775167501 -0.0753953314857087
0.0410535840998519 -0.0223173389065909 -0.0749560891226572 -0.228256826774425
0.016750035545178 0.00264668044753468 0.0851587505271121 0.161615523104329
0.0116706837171037 0.00767691743509185 -0.171307768317185 0.0130381754646158
0.00668950906991455 0.00295856646153863 -0.245914375673215 -0.401958402058056
-0.00411521089561047 -0.0187792559726458 0.334274580415038 -0.541960127553914
0.0162470639604825 -0.0133154214538298 0.858083871162871 0.168923768639013
-0.0296439710327536 -0.0169395811110276 0.267470351819218 1.00467126727184
0.0112941864701489 -0.0576393191081226 -0.446831458027354 0.610744267181041
0.0402744201977035 -0.0497237046948058 0.0580809756312473 0.0675804977587519
0.0101435011619385 -0.0360543789274614 0.353577556391501 -0.652744919660675
-0.0221633051417194 -0.0449245775047904 -0.512414132985606 -0.864975597692366
-0.0286258498736705 -0.035363830924053 -0.920139981727964 0.133182463409177
-0.0363682999150037 -0.00856525828065878 -0.150792035081563 0.704625243856499
-0.00773494255568768 0.0250775364664709 0.358044048080701 0.298226390036369
0.0399991561289892 0.0060881835253353 0.209284873205441 -0.0896276541689966
0.0416396072100747 -0.0203605100832905 -0.0784258914581536 -0.227198168078822
0.0149083219262366 0.00713079373066402 0.0787363372674439 0.165273027295477
0.01404617798088 0.0118081486878858 -0.17700051611335 0.00801868984368572
0.0116272742545658 0.00820073391662642 -0.237352099878261 -0.412816199285031
0.00106508463138268 -0.0175815665211864 0.349752787129374 -0.542325241499816
0.0268653868345692 -0.0115072280318805 0.858076378363455 0.188914328503294
-0.0229436827669865 -0.00475381571699368 0.243369719303576 1.00835851649372
0.00220489471653276 -0.0361116897769278 -0.447682383051935 0.587495454643108
0.0226617330617938 -0.0314717679012417 0.0807058504774218 0.0499777499864491
0.00555350116142635 -0.0164480203856453 0.348334716086036 -0.679095412872879
-0.0114535684599032 -0.0369260851306429 -0.537201435339301 -0.861938197373707
-0.0188923185832483 -0.0360567698222783 -0.917401061965469 0.151379650701221
-0.0316676338376045 -0.00509006975669397 -0.130649292771893 0.694964841704622
-0.002853713218186 0.0285926202957672 0.358900165184061 0.283022337345067
0.0413371930021585 0.00845202897949283 0.203109636240023 -0.0954685580992578
0.03869114207086 -0.0157802712827757 -0.0839175971323892 -0.225631108644422
0.0112692088585476 0.0142178577155618 0.0719962599839875 0.1677851058608
0.0138776361227286 0.0146221710087967 -0.181205309125905 0.00901322484390178
0.0133833386204435 0.00924674982706771 -0.240909912909073 -0.415645871865463
0.00867550595255066 -0.0204619821246889 0.349965993240805 -0.548165286364123
0.0432709357039914 -0.00750087132572064 0.861597559052937 0.178015776635839
-0.0127153715689828 0.0150679724870058 0.246667585054055 0.99986003644383
-0.0133890912629403 -0.00919726553352939 -0.436137322876374 0.57757308822336
-0.00299117864433061 -0.00961087977079503 0.09305026575583 0.0410659101039362
-0.000262327158264328 0.00985284545144244 0.357296883601021 -0.689357314454667
0.00405984375895939 -0.0231996715102494 -0.535763984096964 -0.875578138194874
-0.00554731932093112 -0.037305290802119 -0.917792502659172 0.139416308410954
-0.0270696296956339 -0.00576611309174942 -0.132318185403679 0.685009377394269
-0.00190112849366394 0.0311690420939426 0.353497349251604 0.280022931891487
0.0388658339951254 0.0113022703952061 0.199399106150148 -0.0944176424452271
0.0320203047441289 -0.00876556284896307 -0.0867726583946443 -0.220551155509201
0.00506453873702614 0.022263947951037 0.0656472993005548 0.171938922896647
0.0102021444646792 0.0173092825135482 -0.182999743302015 0.0177305605034585
0.0113803083312692 0.00659559980980119 -0.251210237000169 -0.408569993896969
0.015280437600812 -0.0264897831440517 0.334112882835081 -0.561317749059308
0.0623158191133929 -0.00360215051978925 0.865009579881844 0.136077829412625
-0.00135284323362477 0.0398975676117429 0.283337986642425 0.977548460338293
-0.0320813685987731 0.0201728907000465 -0.415377378196001 0.583483883305756
-0.0306081694347947 0.0140625227190238 0.0950716321520369 0.0430776112922745
-0.00927706878808247 0.0387540244705838 0.38249762481166 -0.687298823756156
0.0199790526936034 -0.00319851102778397 -0.502735940749868 -0.90756624408518
0.0116555501296173 -0.0366588228550938 -0.925190752309026 0.0979938319707608
-0.023287915947781 -0.0122510939581187 -0.157381900873626 0.677797311109828
-0.00644212502497453 0.0296238917024385 0.344899019070712 0.294319623322591
0.0319803716026751 0.0148262367947775 0.199332160327586 -0.0839922287917741
0.0230437026062194 -0.0015578621890844 -0.0897190354231995 -0.216934328542748
-0.00226423343976356 0.0295371931241666 0.0607642810779584 0.176737989813541
0.00492738409864908 0.016950190699787 -0.182781861811141 0.0348691364505087
0.00615617020679893 0.000427169820775408 -0.270050645786994 -0.391173421473847
0.0186193084617659 -0.0361803935664286 0.299790400484552 -0.580875566531034
0.0786342568514017 -0.00302656805244073 0.869540235790163 0.072716650591785
0.0127585228551294 0.0653639524398902 0.34420287709357 0.945657780742546
-0.0458780952046152 0.0503667283453951 -0.386756901741651 0.600381365779093
-0.0578187084439057 0.0346334736075666 0.0845635516632611 0.0551083070096116
-0.023274020344005 0.0667488639345699 0.414571255668089 -0.669344263724088
0.0335264221040526 0.0193690415733878 -0.443479573751219 -0.94977991817445
0.0297685833948732 -0.032717476156348 -0.93683112955996 0.0248432199380906
-0.0208364949732134 -0.0226985540906764 -0.203363328408862 0.668605563009987
-0.0142129881183634 0.0242301872382752 0.330471040957061 0.318539528942511
0.0217784613328947 0.015364395073092 0.203727585724265 -0.0668675001402348
0.0134447538106357 0.00487955129028868 -0.0905359413060815 -0.211762771595414
-0.00982692472849589 0.0352935969554598 0.0589727251011659 0.179364743241973
-0.00223747633841467 0.0177003128998055 -0.178982346363714 0.0560304255759112
-0.00205358109021652 -0.00520010857901532 -0.29269618635947 -0.363611165297582
0.0169681812077601 -0.0464287755777141 0.253365044072989 -0.598451660561299
0.0933385181241422 -0.00487755515110079 0.868809155409482 -0.00659191499982087
0.0276296152491113 0.084636692691421 0.419129589299192 0.905626683359431
-0.0533960290473561 0.0738474524398524 -0.355013983306303 0.627914884931417
-0.0797605150317912 0.0495293704341638 0.0640654815814261 0.0770280098910192
-0.0376412961252778 0.0862729208132182 0.451139993792059 -0.634396449294662
0.040203199252528 0.0444823774571137 -0.359070128678793 -0.993255490596452
0.0474493596748556 -0.0256486649018737 -0.945627844690758 -0.0603886304310754
-0.0172876731689772 -0.0352063691443921 -0.258128930284272 0.657046793975709
-0.0234540787274196 0.0146451368726104 0.310283480014988 0.351116776780896
0.0116695810216616 0.0145649782961001 0.209673273368507 -0.0451856871414412
0.00295470772577106 0.0108450998141063 -0.0884496314265728 -0.207069829879728
0.0120020245213804 -0.00176811600598523 0.0927052013498696 0.162471218930104
0.0018705447077759 -0.000380677628820223 -0.160060431809616 0.0475920788495086
-0.00667076741761433 -0.0101052830418972 -0.281978463538988 -0.354258341911187
-0.0112984053445649 -0.0313170632561074 0.256128358373174 -0.568103074280861
0.01435819078538 -0.0129110132706075 0.847188388162069 0.0284000723871252
-0.0350751112812308 -0.00816973962680038 0.406580098451231 0.942777043140548
0.00657561493707742 -0.0686547803550634 -0.39534262720523 0.678745029127012
0.0472029134685528 -0.064938574233214 0.00351070111147394 0.115905897119186
0.0124418906204011 -0.0474821189263903 0.384287396145517 -0.584727329324375
-0.0267738430081883 -0.0406292123824962 -0.407767177621551 -0.909501305448111
-0.0296051606346547 -0.0317007599218755 -0.935848634452006 0.0338774571319478
-0.0450709970717772 -0.0228691841928189 -0.222179278742716 0.706931423956163
-0.0257216970375217 0.0103482389714631 0.341706518559808 0.344871872380985
0.0243378324171311 0.00101657665524397 0.225305306498767 -0.060113203579285
0.0352413554884752 -0.0223401394894731 -0.0744628431978393 -0.220627196597762
0.0153179474116238 -0.00202276700729328 0.0916415931043774 0.158779952791519
0.0072108238003003 0.0035835254255699 -0.163696927988903 0.0308129732560257
0.00170013957522421 -0.00312982199931148 -0.264956503835293 -0.373061275852815
-0.00945241804008542 -0.0239177623844931 0.288333682787772 -0.553275677371718
0.0120581987690349 -0.0142709793901321 0.856735275403308 0.105833242831798
-0.0349411329531534 -0.0165708717448343 0.340186173294458 0.980439731176242
0.0125333311995232 -0.06849312193944 -0.419856848294077 0.645178668366284
0.0481491611693145 -0.0611663079120539 0.0324162667188088 0.0890774510367029
0.0114333472032741 -0.0460589529272038 0.358344363519061 -0.622314135362915
-0.0283494596628566 -0.0455393850164217 -0.476422468651459 -0.876456161358402
-0.0325713134082777 -0.0334338620148649 -0.92672691673585 0.104720665488605
-0.0425724176786855 -0.0133836648841638 -0.176033311689391 0.710146787512351
-0.0155617161994944 0.0181746602923618 0.355307518900889 0.315984551671391
0.0334956395978361 0.00226238449278708 0.217325167759746 -0.0785298431770415
0.0401114151464557 -0.0226937670625574 -0.0778344425033948 -0.2248455032457
0.0171013490974263 0.00176639067355993 0.0864759988276285 0.159155219155431
0.0111316646684705 0.00773332979916153 -0.170756078984043 0.0172441866955687
0.00756573799660477 0.00369897609463231 -0.250765835101441 -0.393787136748948
-0.00554345681311762 -0.0185314554946671 0.32044064998573 -0.545526900104089
0.0160213888898889 -0.0137251922282409 0.856526042062471 0.151963011812831
-0.0292637825111576 -0.0163436043037239 0.284895292609426 0.99302941161414
0.0109549481351529 -0.0575080273935217 -0.433782206929515 0.615639402979263
0.0388949671848273 -0.0512150328589391 0.0590526929467078 0.0653210239717293
0.00905789767063009 -0.0350801825483794 0.341274569992387 -0.654869715810578
-0.024401921382856 -0.0438560914566141 -0.524236799121207 -0.851771019103194
-0.0288822698046594 -0.0339805521464309 -0.913437074381076 0.149909869125843
-0.0366323060256513 -0.00769247584857955 -0.136195777947204 0.702877636420104
-0.00713381260249004 0.0246685476379055 0.361022175742324 0.289625729084311
0.0385844009440842 0.00506766960918571 0.208500843186636 -0.0927313306776489
0.0404635762114114 -0.0213165987836947 -0.0823703121826859 -0.223876877570371
0.0159454191598033 0.00724656825559347 0.0810914489007998 0.162150633278291
0.0145948596951963 0.0115289734624916 -0.176114186722664 0.0117334708037835
0.0119512261409443 0.00797539682809655 -0.245070447481555 -0.406274195413802
0.000933665833790124 -0.017092629364029 0.339033256931768 -0.544224570182926
0.0262228502444056 -0.0121219789556519 0.857081901936647 0.170848835580233
-0.0226210355805686 -0.00547876100657406 0.259833695471436 0.997413683824276
0.0013112579827231 -0.0361786644385929 -0.433828512583844 0.592356163547675
0.0209759706409967 -0.0323513192612881 0.0810429925022996 0.0485060034284397
0.00594956580327148 -0.0155611596460794 0.335312963470666 -0.681525802381596
-0.0127588501406403 -0.0358577426807196 -0.550650627185127 -0.848837025775105
-0.0201039361889635 -0.0362592627540267 -0.908738559577403 0.168895525633365
-0.0314240096837898 -0.00368698442400075 -0.116293118577304 0.694979112264376
-0.00214151438982995 0.0293039362206059 0.361119061577517 0.275475151494865
0.0410634414599644 0.00690000826732695 0.200465572093585 -0.0984351457315666
0.0373340890729718 -0.0170054565402561 -0.0867491266908111 -0.222451534508909
0.0118721590167425 0.0137798481047611 0.0734674126626059 0.165620409201374
0.0145380280590324 0.0143601214012235 -0.180502038110041 0.0120058487102858
0.0130061537327441 0.00888773902911215 -0.24845168818662 -0.408303055700731
0.00805888868760266 -0.0201232927824009 0.338483142492904 -0.550858457087648
0.0428180373419741 -0.00801154260344355 0.858711295514592 0.16026680167272
-0.0125296313526642 0.0152183483800385 0.265106045298765 0.988934436486267
-0.0143631252296392 -0.00889748363218099 -0.423773580754496 0.583146335406775
-0.00257485047963928 -0.00959901773031684 0.0941901882100597 0.0397724921907832
0.000185028877230251 0.0101521162953095 0.342360876884207 -0.691403249719332
0.0035698760849428 -0.0223219428523746 -0.549240994339178 -0.861664361627142
-0.00622888593079499 -0.0372445780121872 -0.909719412528315 0.156747655938052
-0.0270069485211066 -0.00627581271246211 -0.119551524146913 0.684457627630118
-0.00183242677244692 0.0303938805568477 0.358096352554861 0.273244584026741
0.0378237665337374 0.0101975071841765 0.196543621018359 -0.0970307533056655
0.0310579552901149 -0.00957875268264854 -0.090228275686439 -0.218728384828411
0.00502183991319325 0.0224546026083408 0.0677001524332951 0.168996731678631
0.0102680367793053 0.0148680401843566 -0.182281066383442 0.0218238445997966
0.0115471773249809 0.00585494605551592 -0.257236289286668 -0.40088994414807
0.0142069329501031 -0.0263680665403063 0.319824422161265 -0.56563454698742
0.0618999737751379 -0.00529486511133451 0.864307011168303 0.120523224465821
-0.00060584872586664 0.0398271477218098 0.299914344407006 0.965241771270998
-0.0311421871121426 0.0206673640729286 -0.403373272281512 0.586734961609057
-0.0296908702450753 0.0142475370395208 0.0946875615004554 0.0415447383267421
-0.00880988102637147 0.0396456321415105 0.368190186829804 -0.691634043255667
0.0196319053191649 -0.00286670765512977 -0.515567626147723 -0.893917421213219
0.010275307710404 -0.0368434313274589 -0.919941152793819 0.113288978776841
-0.0235815167370276 -0.0113164054708669 -0.143022634757949 0.676429903627185
-0.00604596414016084 0.0285304334081819 0.347737711600078 0.286432048485572
0.031387940287017 0.0127177778436197 0.197124786268003 -0.0872092197608691
0.0224038932153203 -0.00230037325239871 -0.0925045017880974 -0.213667228557334
-0.00142991386335732 0.0303775835571036 0.063196527546323 0.173861643179897
0.00496428260597376 0.0162174949978319 -0.180871446176363 0.0384431352280945
0.00653970869229676 0.000275636820174428 -0.27589786853151 -0.381626023693833
0.0176477293998836 -0.0358130696743482 0.286597234194121 -0.582677130046417
0.0792110829601378 -0.00514858063483362 0.867003770409161 0.0537696845330013
0.0147680148126484 0.0645436159578499 0.363269498103322 0.933348957380381
-0.0452140628379017 0.050370337314755 -0.373680766281753 0.601670455786034
-0.0562491543701194 0.0349966969601337 0.0855233297103947 0.0542176610447516
-0.0217242828994997 0.0671786374780521 0.401037048616747 -0.673642511514014
0.0337862849337199 0.0199739998241241 -0.455340330144004 -0.93581841114541
0.0295845499442094 -0.0339006147898174 -0.933726587411408 0.0429154717070649
-0.020872074966927 -0.0223121192400547 -0.186491940003762 0.668117895533092
-0.0137322811088771 0.023694528289036 0.334107643584804 0.310207488778761
0.021849259032826 0.0139183226926573 0.201397606470039 -0.0699378783595634
0.0124279634209643 0.00528093888281602 -0.0923768391585335 -0.208599907666975
-0.00874442877421224 0.0354594295281607 0.060313782439813 0.178289861482414
-0.00190479009719249 0.017029509696161 -0.177257915476095 0.0585107246334261
-0.00167350769302245 -0.0049546793583277 -0.296893639181147 -0.357387887828824
0.0163666841410885 -0.0458837083023574 0.238465037443912 -0.599067619313232
0.0925406774680443 -0.00705062860169359 0.862356729435772 -0.0230839766951169
0.0293846457654455 0.0837163056395729 0.434614388833843 0.893039631254426
-0.051321707640202 0.0736306664270777 -0.343085867132633 0.629948393196044
-0.0764540091297567 0.0504966351248948 0.0648099953733532 0.0750294161200173
-0.0365622689972658 0.0878449416388261 0.437113471792711 -0.637995731566992
0.0406004948792411 0.0437156822574272 -0.376284168352632 -0.980969584084168
0.0460169568184781 -0.0277339427285582 -0.941102481864358 -0.0435848122674855
-0.0176600816205894 -0.0343937721050213 -0.243593494485592 0.660818199771015
-0.0228159945605321 0.0153532578671046 0.317056987917006 0.343347977089087
0.0105325243692584 0.0139295283792065 0.208249518345282 -0.0486050840840997
0.00276148070138562 0.0104617358076493 -0.0906002278552931 -0.203744878020277
0.0122335486440236 -0.00161741658338866 0.093696104185848 0.159521341777492
0.00260603697592557 -0.00109847016927512 -0.157103292428545 0.0495965084258454
-0.00629851997632824 -0.0108885882210692 -0.285554311109876 -0.346800023027604
-0.0127110375271613 -0.0315163478658225 0.242768735730392 -0.568231657304718
0.0130959871770163 -0.0128248026667754 0.84075179752478 0.0138280211436094
-0.0355676732114095 -0.00690504064399559 0.421112258035302 0.929957402565909
0.0060532149335905 -0.0684096389706157 -0.381241047550624 0.681230661335995
0.0459814437846422 -0.0654316448170028 0.00547154645817347 0.115006457534164
0.0109490306794617 -0.0456980144143773 0.37250373051915 -0.586903242155662
-0.0277908126937705 -0.040386500302227 -0.419148899524714 -0.897240650049788
-0.0294343518471442 -0.0306438767420681 -0.926355373725708 0.0470115812015968
-0.0452735358955112 -0.0223032489840613 -0.207299049521603 0.70497029412693
-0.0260766218272957 0.0108310415380703 0.344452463830426 0.337031586253545
0.0236351309629034 0.000191727440375451 0.223282498891229 -0.063263074722695
0.0348879449574524 -0.0223573464587492 -0.0776839423407798 -0.217189624826995
0.0156088797973693 -0.00203321903541001 0.092421516675127 0.155608335224507
0.00777319514247441 0.00339723115191142 -0.161581274817704 0.0334161163798758
0.00140082033846291 -0.00363074469540438 -0.26931638624277 -0.365086082178466
-0.00938332695270628 -0.0234911303246982 0.277127151958813 -0.555365373466147
0.0114293423715535 -0.0143374203932508 0.852847090457004 0.0884814653853853
-0.0349264594220486 -0.0167162889282831 0.354047698108365 0.965488845108178
0.011697354163358 -0.0682236233956524 -0.407673280382507 0.648760093791062
0.0465791845793226 -0.0622458172571975 0.0342469764053546 0.0876874186207054
0.0108002851729372 -0.0454794572066591 0.34576482451749 -0.621611541980275
-0.0299695841145347 -0.0439198381665036 -0.489253578696511 -0.859758553231022
-0.0327269585527392 -0.0329240754482888 -0.917515616663432 0.119407682048976
-0.042299197786774 -0.0126363137816125 -0.160144658078147 0.708014839558378
-0.0154119980474825 0.0180679120270459 0.357090079576216 0.307636261048456
0.0327470585201425 0.00128584861369245 0.214306658708494 -0.0818158760052226
0.0381085351410878 -0.0240740477653573 -0.0824253811080386 -0.220936740931095
0.0163582348892238 0.00221451298883919 0.0880950416267572 0.156330105321125
0.0124658107071218 0.00689316998619444 -0.169068505468876 0.020974454631111
0.00749038555749738 0.00301623075153804 -0.257374960365607 -0.386603976130753
-0.00567024391710199 -0.0184292173798967 0.308281137791803 -0.54669323284263
0.0158504113460674 -0.0145751556351785 0.853322242114038 0.135629329101169
-0.0304087495883103 -0.0163140287023941 0.301236721945602 0.980768368447047
0.010572022492003 -0.0574378243533067 -0.418914750386072 0.61658032564777
0.0381508638425242 -0.0511648176816596 0.0590650206139856 0.0650373528260092
0.00877215607284073 -0.0349307581646172 0.327934625478555 -0.65619880487588
-0.0246008479282665 -0.0429647315418655 -0.53692280372446 -0.8375352194978
-0.0298702319923166 -0.0336522160400299 -0.905189250532746 0.166923480497491
-0.0371906492034574 -0.00661826281866049 -0.123992635693971 0.701188723239422
-0.00652646111008959 0.024488250542423 0.363616289837368 0.281535781420967
0.0385957420391929 0.00234575780857253 0.205369603429544 -0.0956144618989556
0.038650477719841 -0.0216898487561037 -0.085325460387414 -0.221215197868137
0.0153472298027506 0.00779140537971286 0.0816814920090365 0.15951789270765
0.0143439337964302 0.0109026522554691 -0.175007601126597 0.0140103514202832
0.0123388902367352 0.00685768294650344 -0.249878668111102 -0.39784776174069
0.000539815401488938 -0.0169502287746836 0.326132377423227 -0.545261435392884
0.0263890538810074 -0.0126780053476558 0.852298409557944 0.155091387876021
-0.0218247329279882 -0.00506562342423716 0.277306266971826 0.98502742899561
0.00114296796541837 -0.0365271788653364 -0.420726740217608 0.595718426459922
0.020841420182313 -0.0327390711045484 0.0803861503582819 0.0468592852356001
0.00454923306087309 -0.0153622252609015 0.321407401598946 -0.679858907800854
-0.0129701896661694 -0.0353056861261901 -0.5606144798104 -0.832401516265361
-0.0213649014775423 -0.0349439422455986 -0.900667685471789 0.182243076417568
-0.0315653610408606 -0.00366163138669652 -0.103162128538993 0.690858376910312
-0.0012230304149015 0.0288344804345939 0.363176459775469 0.266788976801156
0.0404128378257985 0.00519092224295625 0.197833275503335 -0.101350295357203
0.0359745006986358 -0.0174516066690036 -0.0897598621675891 -0.219317636148239
0.0119605511916334 0.0140663461780886 0.0753674807429196 0.162489242618494
0.0145959115508674 0.014220718642484 -0.179026944152673 0.0150882176312142
0.0139193648969583 0.0076545662181017 -0.25345139578852 -0.399942530134062
0.00773956805115631 -0.0197312757291938 0.324693383033924 -0.553470139884644
0.0432176943244661 -0.00864023927421563 0.855642514395226 0.144434235691979
-0.0128334916583148 0.0148085582660026 0.27946146566124 0.974141835143719
-0.0141878589837607 -0.00913014577519599 -0.410545519678314 0.587118053044117
-0.00289142234036997 -0.00955878311786374 0.0933139551113185 0.0381949524525035
0.000235877446441993 0.0106995986220576 0.330681195699714 -0.692074628198862
0.00209046637573761 -0.021954520331192 -0.560799697171838 -0.84628974574891
-0.00777792703746079 -0.036905544024612 -0.901453705876487 0.171468671463453
-0.0265870575648049 -0.00524351755195461 -0.106431020079286 0.6835396173041
-0.00127335865641987 0.0298136478264389 0.359520916093065 0.266581415944354
0.037769273926198 0.00889675037827943 0.194308444189769 -0.0995982665567192
0.0298470158527926 -0.0103603860638194 -0.0929707320265434 -0.215006639403582
0.00623318464278076 0.0226644873475238 0.0697550549621857 0.166795712070697
0.0107761300676139 0.0158723061410962 -0.180112384979204 0.0247910125391907
0.0120467587021146 0.00456504020341952 -0.263707484546142 -0.393160038334201
0.0132143260740411 -0.0263766689164958 0.307330314715706 -0.5667842102879
0.0612640319230317 -0.00662913917683329 0.859462744119378 0.104026652660193
0.000373906922019784 0.0390565386724333 0.316181508318262 0.951885133925422
-0.0302196762868808 0.0211763389179918 -0.388159666502366 0.589415063505777
-0.0294397652156692 0.0137813879692091 0.0956801445153872 0.0403548062582948
-0.00762113441334355 0.040348797379351 0.35470935249161 -0.6906024547319
0.0191415009784587 -0.00280775705624393 -0.529669239373085 -0.879221995218213
0.00937993328417801 -0.0366532449122102 -0.910188897573197 0.127914731969573
-0.023812411898765 -0.0109119362210463 -0.12958706326368 0.674911721136076
-0.00531684117023936 0.0287261670950753 0.349170904176536 0.279851148728202
0.0302096391556524 0.0107452290335807 0.19437831814347 -0.0891448270479912
0.0211640181673472 -0.00251760484941959 -0.0951796348539475 -0.210669060694778
-0.000466358843783649 0.0291929392869585 0.0649469070943752 0.172080992240968
0.00573750188233694 0.0155128317763173 -0.179637111826989 0.0413023889370477
0.00733027187001393 -0.000957752594851265 -0.280666891086348 -0.375810008693529
0.0155369389548344 -0.0354072796947991 0.273141713026528 -0.583706922510504
0.0780899721332907 -0.00623667588609475 0.8610758982392 0.039701332401139
0.0149822155664433 0.0630406173736814 0.37573604183349 0.919771716321151
-0.0434585565846526 0.0516147484591456 -0.361444633886185 0.605700421435934
-0.0550854101773779 0.0355860493814668 0.0856505413961069 0.0525202030796584
-0.0203932357521584 0.0672151335442698 0.387444820328903 -0.671954610672551
0.0328278659540995 0.0196777135072646 -0.468888694658604 -0.923156789821043
0.0288775279351607 -0.0340046826211117 -0.926164746810062 0.0576492949065847
-0.0213481233480763 -0.0214100350132708 -0.173938472825472 0.668179079510168
-0.0128714930540192 0.0235539329273869 0.336404991504629 0.303957043327806
0.0205600280961498 0.0125756158307024 0.19917215520329 -0.0718039537055614
0.0111974817587639 0.00412055403611369 -0.0953805931313912 -0.205184564273338
-0.00766800988623162 0.0358052767196697 0.0627201484473002 0.176289585857492
-0.00171372130675696 0.0162252756084985 -0.174474342080296 0.0614683102393126
-0.00138083658285791 -0.00579492143375082 -0.300885804035883 -0.347840848199976
0.0144718495738004 -0.0455444452294205 0.226537195850406 -0.598645317305099
0.0918207448344669 -0.00944656443397675 0.855447469952214 -0.03967097161987
0.0310933322748402 0.081467601444569 0.44846597402757 0.87767668780024
-0.0502480322059547 0.0747166396215542 -0.329198340730445 0.630488225052234
-0.0759058337226969 0.0514353037848614 0.0652748064657841 0.0731881173137178
-0.0338177887176767 0.087594798777694 0.424742032870412 -0.640493977536808
0.041446028968281 0.0431480211693143 -0.390223401034779 -0.968005350491745
0.0446577501390075 -0.0285706232309267 -0.935625876427067 -0.0248753789375135
-0.0178580632101527 -0.033356832238796 -0.229849930862377 0.66098798453392
-0.0225593099070404 0.0150823125087353 0.320248298297259 0.336680734316085
0.0100323540663552 0.0127483868962249 0.205946257833744 -0.0516467605288457
0.00238459881996858 0.00961424736910245 -0.0937582586045408 -0.200458043604728
0.0125917187252612 -0.00119784400802648 0.0950165116510824 0.156084902925589
0.00272648457810463 -0.00186765009429846 -0.154547194846555 0.0518528496689491
-0.00598484888665446 -0.0109639279195228 -0.288405204653244 -0.337716257513972
-0.0131545769146932 -0.030054349421178 0.230020792833125 -0.56685019283814
0.0140232467807168 -0.0136205044695703 0.833234110230454 0.00128153501800081
-0.0347207103752928 -0.00684411710586581 0.432891866528668 0.912914546457917
0.0049999189419099 -0.0677976958637497 -0.366206656544536 0.679144388125423
0.0442868068091207 -0.0655925473397115 0.00713813326606117 0.114054864593191
0.010368103819761 -0.0453722116637813 0.361849676513238 -0.585652277511651
-0.0289343049989785 -0.0391343740369048 -0.42802738455764 -0.88039978573477
-0.0295014265727987 -0.0305839073991557 -0.917510243053622 0.060856194879946
-0.0463455174480147 -0.0207732396483382 -0.192840660888618 0.702494853418185
-0.0243140991786276 0.0105966243516182 0.345472500757664 0.328324446241535
0.023393416677876 -0.00114083528164417 0.219994365564161 -0.0662369940861402
0.0325951202248623 -0.0231581321329547 -0.0793310172770777 -0.215423573075785
0.0157288775780074 -0.00160236429187355 0.092743853884992 0.153291657494131
0.00806806304854 0.00240226773236859 -0.160147319239063 0.0358188512387559
0.0012318078407495 -0.00367820044107274 -0.272534345550529 -0.357070697016214
-0.0096606486786485 -0.0229241319471119 0.265422123592275 -0.555476649211957
0.0112173576420684 -0.0146416324474143 0.845362564684429 0.075524100976847
-0.0346968964770796 -0.0161682671125911 0.364735898831425 0.949668181546032
0.0105442440284501 -0.0677784837582512 -0.393687367778222 0.648903708769202
0.0460362614923459 -0.0625165287885496 0.0339208856913395 0.0867941544345302
0.0102949591628715 -0.0451694171811444 0.332442243079634 -0.622139319240432
-0.0297665681658417 -0.0426359637040007 -0.493898994054486 -0.846647185680346
-0.0328969412785996 -0.0323579770742191 -0.907837551524359 0.129889526787657
-0.0416028180547154 -0.0123652591367315 -0.148052631412467 0.703735482901085
-0.0146426074726981 0.0178083436236115 0.357599791501527 0.29859213691275
0.0317063638029124 0.000167847685334444 0.211433319377691 -0.0840537214809615
0.0368747195067102 -0.0242454342720325 -0.0829367007953679 -0.217474652482167
0.0165083472208268 0.00212145322416667 0.0884251987074278 0.153344797002458
0.0128561472170099 0.00555527093222198 -0.166357218107862 0.0236081560871191
0.00859299946551237 0.00276126249948671 -0.260010960342377 -0.378913342292514
-0.0047589609235704 -0.0179884674092861 0.296299995421742 -0.545645794399491
0.0157722090907275 -0.01449931150277 0.845583444679083 0.11993792992243
-0.0297764944017722 -0.0155065623895123 0.313778338383037 0.967456837147462
0.00944227295146378 -0.0565890120046143 -0.407031346660273 0.618486492356501
0.0370793825844672 -0.0515768396558803 0.0605612556370702 0.0636797798705033
0.00753502422541567 -0.033912289748861 0.317062352898529 -0.656157089492416
-0.0248720295191166 -0.0421393238906299 -0.542718614339024 -0.822391046668516
-0.0304685170604897 -0.033433046903457 -0.894806009053401 0.17774878378427
-0.03676912726946 -0.00510558777095392 -0.11035208102758 0.696505653887587
-0.00578276154278824 0.0236412294424324 0.363499811880493 0.272848401418336
0.0373303069759685 0.000830521852451693 0.201920706835695 -0.0981672808766829
0.0376323659451717 -0.0232481270893563 -0.0882936174810445 -0.217608203076019
0.0157104045204849 0.00728055994976295 0.0830681444063937 0.155473371054305
0.0145315920693708 0.00993858027926769 -0.17325991996567 0.0170002072850425
0.0123910104580294 0.00628542004911977 -0.252797928034314 -0.390236910033677
0.000905809034752195 -0.0166563033035069 0.314997352171696 -0.545704372733886
0.0267169208829439 -0.012538364644484 0.846129183553153 0.14047466606065
-0.0219831458327542 -0.00508810716471938 0.28898592715596 0.970987196135155
0.000460768462722409 -0.036372131256361 -0.407646262363165 0.596079119371312
0.0208766541801504 -0.0327002649034804 0.0811655098716679 0.0462606480856089
0.00505714714773436 -0.0149772218702795 0.310333327075158 -0.679352474717201
-0.0142362038523062 -0.034536053336683 -0.568024695717219 -0.816515215873689
-0.0216747178317321 -0.0351006148440574 -0.88849910401755 0.193974840214576
-0.0306839902955432 -0.00319963787630979 -0.0908811232718515 0.688532717758877
-0.00121439926220116 0.027807257120667 0.364314726930376 0.260033054820573
0.0388663026026951 0.00304763531663534 0.194953592255421 -0.103461420120121
0.0349169047950518 -0.0185703463299058 -0.0915768772629599 -0.215188347028433
0.012142265831866 0.0147401488089426 0.0754578482580424 0.160183279466908
0.0141441954878409 0.0130621523869827 -0.176663890037509 0.0185684882473732
0.0139663397407357 0.00708091608194716 -0.256356276290425 -0.392624231030365
0.00698719852514878 -0.020109978877383 0.313723340273756 -0.554498514215644
0.0413541137606673 -0.00985704950259536 0.848404892071013 0.12977450018394
-0.012096429156037 0.0147391659415029 0.291470106909989 0.960936279990426
-0.0127668104697177 -0.00841850384604346 -0.396729074685467 0.585953432352812
-0.00281777635229949 -0.0101719182316243 0.0930695291901184 0.036792358066729
0.000474101467750631 0.0112241643385807 0.318677480548062 -0.691451179347226
0.00150303297170907 -0.0216923618140693 -0.567046665999525 -0.828605418746676
-0.00813926398429998 -0.0364075669591361 -0.892171163775727 0.182654258580158
-0.0264748333309749 -0.00428591495858434 -0.093639993959345 0.678361267028387
-0.00013956726281953 0.0297630786261385 0.359770509239825 0.256501009739224
0.0363415438943718 0.00706278614865577 0.191544506617485 -0.101322656769788
0.0280188035513849 -0.0116034500130054 -0.0952113961483102 -0.212022494569312
0.00608761578958374 0.0226340527419239 0.0688382233651737 0.16423692177163
0.0110855520332564 0.014118398941811 -0.177900898001116 0.0262650648584905
0.0136045744365329 0.00425221148620291 -0.266711652895643 -0.384289813486975
0.0137018049119855 -0.0257378297586596 0.296470739083313 -0.564228668663529
0.0595167894914287 -0.00734323172504742 0.852200316683159 0.0884898319872364
0.000951097923811813 0.0384621530070133 0.327283898321742 0.938892550133676
-0.0290095995716957 0.0209977535109531 -0.377243856802172 0.590153085327687
-0.0291419413282748 0.0146532361707688 0.0951342804361632 0.0389831630346388
-0.00782416952650315 0.0391624197931661 0.340664535847195 -0.689029006003498
0.0185737499922475 -0.00276128145927331 -0.533664869650666 -0.863462288588252
0.0090004376618135 -0.0369474190088811 -0.901910704060588 0.13970860795739
-0.0232648381078822 -0.010440266450264 -0.118303605162452 0.670846758359311
-0.00510845395575476 0.0283037389730516 0.35127927664491 0.271816460707854
0.0296155424241069 0.00929835232323829 0.19158307902562 -0.091108554271545
0.0202247706846519 -0.0037489186928062 -0.0970504107192333 -0.207056616077471
-0.000207750492857783 0.030036946754455 0.0659667664846487 0.168864537165648
0.00582856692079281 0.0149627241002046 -0.177159268048833 0.0434832616902207
0.00743990419853779 -0.00104263152171407 -0.282922607879716 -0.366707202138265
0.0166087004502782 -0.0354639897202277 0.261937488184791 -0.584402083286517
0.0771684658821275 -0.00627423704552817 0.853672041308197 0.0250198432378692
0.0161885009158568 0.0627017573413859 0.38647009804007 0.905629901114399
-0.0423688347694419 0.0507176786968368 -0.349128225408594 0.604282230301051
-0.0544294467506784 0.035345198845924 0.085166768752944 0.0514952471875985
-0.0189528005665257 0.0675868646297971 0.374145180723603 -0.672120569771681
0.0329292029567768 0.018622207782553 -0.476187303318028 -0.904656458323093
0.0269322192619066 -0.0343464584395648 -0.916952177552347 0.0715263837209417
-0.0219127216389199 -0.0206503419170077 -0.162392650141416 0.665207391637697
-0.0129999357047048 0.0236627703478318 0.337592899640945 0.295638782822372
0.020171324764997 0.0105953690143446 0.196765095914931 -0.0747433744969849
0.0101131273318402 0.00372947302237023 -0.0974744203870879 -0.201171502263545
-0.00750430723836995 0.0360130042608322 0.0642299165065969 0.172591331210371
-0.00225356260729394 0.015332904222796 -0.171366368750144 0.0642413619988173
-0.00163730486518108 -0.00577550321643362 -0.30343887920389 -0.339009648923331
0.0148704961571387 -0.0453951541417356 0.215317304898864 -0.595768322363049
0.0905981677546126 -0.00962001846077005 0.847054325231731 -0.0500034240576348
0.0319921400955529 0.0805490480770476 0.457152310406602 0.861126045565332
-0.0484368360626945 0.0741192523684945 -0.316152624444877 0.630591080914014
-0.0744271830951861 0.0517325302995493 0.0657648905060192 0.0723297975822772
-0.0333509779496465 0.0879598988430756 0.411656109915836 -0.639430884841796
0.0414305245295524 0.0421427880042885 -0.39974490499296 -0.955328569705559
0.044190304115677 -0.0284572607716088 -0.92843159664338 -0.0104849796002217
-0.0189491392360495 -0.0330140528187746 -0.219867767578848 0.659449450723282
-0.021750596875165 0.0156775686145026 0.321488996470069 0.328298192881691
0.00995252047566997 0.0111217703357219 0.203744390992223 -0.0544262444251686
0.000853334611869197 0.0103979880477429 -0.095016436106874 -0.196986774833238
0.0127752593071247 -0.00191933664755868 0.0951698478485223 0.153064141722393
0.00269666066229478 -0.000959882850186425 -0.152861031050751 0.052836876287643
-0.00579389826430642 -0.0110210965721324 -0.29054232349443 -0.329967750801847
-0.0124579349385483 -0.0303340949548096 0.220213286571344 -0.563909558926465
0.0127103714387476 -0.013732485450747 0.823257762752156 -0.00950008751533127
-0.0347630461752093 -0.00661062830087115 0.438547841255337 0.897626016981735
0.00401972525193581 -0.0681543014769783 -0.354861265567708 0.67641330924314
0.0435071518494989 -0.0655207510410589 0.00859189098643327 0.113540067252356
0.00994314593354161 -0.0444996167824858 0.352399116377463 -0.583850692397396
-0.0287450996139881 -0.03804655563768 -0.433518656441363 -0.866735938470795
-0.0297810880443107 -0.0301491523780727 -0.909216820992403 0.0719916626507049
-0.0457219622568758 -0.0205504167864644 -0.183475658700449 0.697499445705798
-0.024025068336746 0.0106854444518763 0.345365658015494 0.321829068264278
0.0223090111061071 -0.00241881874822211 0.217678891171654 -0.0686216493885625
0.0310537238059036 -0.0242884162529278 -0.0806668224896116 -0.210813164577442
0.015201951897457 -0.000983968702731455 0.0926660615012714 0.149025512680023
0.00895632918150424 0.0017492687499371 -0.157313820608108 0.0372709394265362
0.00229658171967954 -0.00404830910827369 -0.274060877937613 -0.351272014170249
-0.00929679031819528 -0.0222069757423785 0.25506845254677 -0.55024792489346
0.0108256605630696 -0.0146276434673977 0.836009384285688 0.063634660124059
-0.0342287304383591 -0.0158572710042641 0.373320873498803 0.936353273113895
0.0102510379681785 -0.0678857302843909 -0.382697423043792 0.643827389589312
0.0445753313381147 -0.062392203843799 0.0354124292246688 0.0867499276218944
0.00849166379850361 -0.0431533998709761 0.324002712496284 -0.619087284116955
-0.0311472355903533 -0.0416287564853543 -0.49948397951312 -0.831686736590777
-0.033019797892496 -0.0319969353014916 -0.898216899593751 0.140061454433586
-0.0420458873569124 -0.0108628076184532 -0.137956837615301 0.69966444105038
-0.0141658583012499 0.0180031166951994 0.357049824132858 0.292737771191278
0.031269968111445 -0.00138669825928956 0.208504995486209 -0.0861163206644676
0.0360900761578546 -0.0253246833435289 -0.0847346332439769 -0.214620134563322
0.01659977190109 0.00260349175699451 0.0889712434783453 0.150636754713257
0.0125308103281514 0.00539942346304116 -0.165296448926811 0.0252681822352336
0.00842154991570671 0.00168900844475115 -0.262669573558383 -0.371424164550429
-0.00447949028239809 -0.0165783572375642 0.286294081247829 -0.545029227000071
0.0157340782879313 -0.0148099065736132 0.839233902220462 0.109163420045017
-0.0295559638513646 -0.0150628677339263 0.320974098272001 0.952006858890301
0.00984769474429852 -0.0566195661390789 -0.395574947541204 0.616186246447412
0.0365931558095268 -0.0515035775273913 0.0600796967351188 0.0625943811181206
0.00762549906771431 -0.03290267775028 0.306368515160997 -0.650857872142434
-0.0253923454379774 -0.0407731048309021 -0.546402519274287 -0.807752374470534
-0.0308527651403943 -0.0328677519102172 -0.883363050135282 0.189074106176789
-0.0358342312406954 -0.0054017293072116 -0.100287848002457 0.691538820693126
-0.00570691714775145 0.0237715963034918 0.362763303300621 0.267302938737565
0.0362406835772098 0.000131020156052583 0.198750848332358 -0.0992872494855846
0.0357018819441399 -0.0235796088173538 -0.0885581104526092 -0.214033274666985
0.0159140982603294 0.00743030776655383 0.0832992736774404 0.153089174154617
0.0149060925682668 0.00902635353285785 -0.171459741006639 0.0188295256365436
0.0129809464345392 0.00559597259887992 -0.256488883511062 -0.383129468371987
0.000869232138923186 -0.0162769853619751 0.30414105094796 -0.544458988433437
0.0258182382691132 -0.0136423357759877 0.839444100815941 0.129340059688179
-0.0216887357853545 -0.00467514960985827 0.297788618827079 0.957440152572459
0.000865697982156022 -0.0361124757767996 -0.398999094719414 0.593520888727341
0.0203105134587035 -0.0330702327008859 0.0811449459016598 0.045832546112202
0.0045697452545658 -0.0142002505880567 0.299489904089859 -0.67274334863794
-0.0145934207908162 -0.0344495691762105 -0.572289439876768 -0.802689607254394
-0.0214773400164132 -0.0351146176971251 -0.878404446193666 0.203640003317848
-0.0313186833208873 -0.00228163098407643 -0.0811088487166247 0.681265292765738
-0.00163731498150334 0.0277669705475311 0.363583445550057 0.253265636354748
0.0390082722043645 0.00199125097763962 0.191689909874755 -0.104490420312207
0.0332497179976544 -0.0189239758653604 -0.0927616137350722 -0.212622683549169
0.0121533450822594 0.0139974036166342 0.0764268885561377 0.157011076743414
0.0145323391886335 0.012305044528164 -0.174626376205349 0.0192786088671119
0.0143681703858812 0.00619337031732669 -0.259408440761008 -0.385617952296523
0.0073295508763345 -0.0185707839797651 0.303386758748863 -0.551836412799961
0.0418879794281524 -0.010788202356289 0.840153881517232 0.118466468519637
-0.0113226072933046 0.0141661694118295 0.30066096841049 0.948322115601206
-0.0131244927074672 -0.00941781626925755 -0.386402932812734 0.58410896485551
-0.003037397873929 -0.0101876801152446 0.0931074115446223 0.0362142395736257
0.000832641204967437 0.0112397024880323 0.307373757312025 -0.686620440471078
0.00175014843407741 -0.021467264158793 -0.570090917338122 -0.814149546892751
-0.00888678125542063 -0.0359825129744125 -0.880096448826246 0.193160463645629
-0.0271473381746222 -0.00476855578410866 -0.0838851989769986 0.67399090690679
0.000294712110117432 0.0293136842890188 0.358273372117372 0.251312951114823
0.0356696604506987 0.00544544649658275 0.188246683943915 -0.101964844879168
0.0269855752581564 -0.0116334785844769 -0.0954746751035732 -0.207466542701585
0.00682057266535302 0.0222881863422073 0.0704594394036809 0.161652419121438
0.0109821749130661 0.0138613781901978 -0.176120652944258 0.0286190881881539
0.0126450548147849 0.00371130233205375 -0.267712645582402 -0.379055602553624
0.0132470977316972 -0.0248318355521334 0.28626553474605 -0.563260855279384
0.059984085354839 -0.00838208434658774 0.841697985006565 0.0783339868920242
0.00255632170691877 0.0368057234320936 0.333895528751044 0.925400378785222
-0.0288888606831754 0.0219433627522476 -0.366980394282861 0.58834770402812
-0.0279421571409556 0.0138724958091802 0.0941439793391435 0.037181885812137
-0.00695651870004789 0.0407024352676753 0.332046829242137 -0.685944221158428
0.0182206466436061 -0.0031813224943095 -0.540963858053001 -0.85034849456492
0.00733194315295682 -0.0364025795121121 -0.891300053324454 0.151494090980803
-0.0239755776785559 -0.0107942393052141 -0.109386974177961 0.665597534771825
-0.00408041695887291 0.0273122526309736 0.349704004905231 0.265628668815052
0.0289953668278437 0.00897372144559008 0.188919668772146 -0.0926208776370619
0.0189479076472144 -0.00300187505403698 -0.0976102361966837 -0.203363706892669
0.000174884026760087 0.0291142212079114 0.0669927184334213 0.166616149409842
0.00540240871545005 0.0142845055470279 -0.174744773145665 0.0452926230210318
0.00821187001065462 -0.0018148026797626 -0.285122267363258 -0.358709322257455
0.0158591463848869 -0.0338614259444689 0.251706927540934 -0.579327453631253
0.0769996518725107 -0.00833147306418283 0.844120526737314 0.0158523167474406
0.0173138392145353 0.060770561171384 0.393206062731794 0.889370858851157
-0.0412389971752602 0.0500418654022462 -0.338532613371711 0.6031668043502
-0.0525146986779375 0.0361884012871726 0.0848303159010286 0.0503713814214536
-0.0177052863883137 0.0674297505009389 0.364886959671354 -0.670395718847411
0.0331480856142728 0.0187385633161223 -0.48238382654971 -0.893396844645323
0.026131376535866 -0.0338957841229284 -0.905149394509009 0.0840270352535542
-0.0216683060932885 -0.0201328785769296 -0.15266632804705 0.660756213364603
-0.0117592824084225 0.023848026991192 0.337223732088669 0.288923133094715
0.0189751744795862 0.0112720463288734 0.194643163824102 -0.0759566102121799
0.00921321582881712 0.00321914068226704 -0.0978043757456626 -0.198033448783902
-0.00610359744733286 0.0359704935946246 0.0645767907910124 0.170595602463816
-0.00184502552094792 0.0156595285692828 -0.169309948934972 0.06633409112462
-0.00103301144902647 -0.00659594632407152 -0.303787467408515 -0.332423313190564
0.0142276293708522 -0.0442709998910994 0.207508904566478 -0.592439539930882
0.0896025623197801 -0.0104730634520128 0.835631912716558 -0.0614839563316448
0.0323832221024034 0.0789643710012078 0.462999485242625 0.846576765777954
-0.0470337212178181 0.0732070460716711 -0.304546539768325 0.625716614919017
-0.0724681391634892 0.0518719359938625 0.0663006213611853 0.0711670748462177
-0.0308128937048762 0.0880437251619618 0.40071097144158 -0.639402992579627
0.0413887157121476 0.0411524346174651 -0.406234541507276 -0.940468188051938
0.0427197571498617 -0.0294037287004305 -0.920153992624801 5.90723475011305E-05
-0.0191564016753888 -0.0316388602983113 -0.206911673581618 0.65497450606372
-0.0215594884822979 0.0149855060244664 0.323030449850965 0.321154251668441
0.00831068393303694 0.010607379296427 0.202084492850966 -0.0558628237170249
0.0011634102557014 0.00847695089377398 -0.0959287708282466 -0.19355875171481
0.0127416095437991 -0.00170920945761974 0.094774979592301 0.150543153503699
0.0019291065297912 -0.00142179524326342 -0.150976151749088 0.0544896118963812
-0.00532673573036891 -0.0109399582411864 -0.289118991603205 -0.323843154200933
-0.0125145154881032 -0.0289997262183995 0.213045947553837 -0.560859705715729
0.0130968417756409 -0.0138862229772496 0.81427257066513 -0.0182167587861876
-0.0335784867809964 -0.00627134959561661 0.445055688706445 0.88200074511793
0.00366984998558852 -0.0668249220291929 -0.345480716349751 0.673187436595485
0.0429902914229994 -0.0657075733708313 0.00966245713331047 0.112674085507554
0.00918609318597619 -0.0439649950857146 0.340224256302435 -0.579135516428449
-0.0289845802701373 -0.0368435533255688 -0.436781438923805 -0.854468796736424
-0.0302805791847936 -0.0293870155572622 -0.898639249821653 0.081217765832093
-0.0451369078967702 -0.0193653845502578 -0.173567238102821 0.690904280694027
-0.0236453752106169 0.0106868542096654 0.345239330247992 0.315268327568975
0.0211543777295863 -0.00329514884284021 0.215185371968218 -0.0696140932969554
0.0296884728206511 -0.0244927765755716 -0.0810474529923445 -0.20749733260863
0.0160023432129886 -0.00162593126392227 0.092686762292378 0.14750307234821
0.00818274038978706 0.00110174119543284 -0.155942637953804 0.0382110408078081
0.00266069051423839 -0.00388790154670391 -0.273975312612308 -0.342905381786079
-0.00962848690106338 -0.0221184925496815 0.246758084491734 -0.54818527939786
0.0109913950180392 -0.0146272075367966 0.82850087503661 0.0549262716736836
-0.0342103956617393 -0.0153148363649181 0.379788356507126 0.919773836902366
0.0090319241529236 -0.0676749392998618 -0.37145449450457 0.640879690038833
0.0434024072112448 -0.0624884741374361 0.0362522721328817 0.0849859770310257
0.00902339628573819 -0.0430774441067672 0.313596056725657 -0.613859203315146
-0.0302482686549277 -0.0418420995074742 -0.503963060894742 -0.817956830083068
-0.0340155605670672 -0.0309710271129111 -0.887370089645154 0.147720073394928
-0.0418047672653045 -0.01037201371781 -0.12891223702686 0.69408118686889
-0.0137887614381625 0.0175511507868137 0.356895646606021 0.285645841743335
0.0308332801722185 -0.00236382127271 0.205657797187876 -0.0860454040265716
0.0338582018498814 -0.0256742260583789 -0.0858076939471825 -0.211174346057748
0.0164723006243931 0.00206082765673206 0.0891635131271153 0.148396489765663
0.0118436294000739 0.00458558728297996 -0.162638655491437 0.0258381686816435
0.00917320776741869 0.0018356561859944 -0.261572760764327 -0.364337256148746
-0.00522607981282608 -0.0167135753862844 0.277252853475022 -0.541789161323601
0.0149685645454902 -0.0147896680296571 0.828681545738321 0.100839899406474
-0.0291474515253219 -0.0152212738622048 0.328519111855963 0.938316541324927
0.00896202749593606 -0.0562486260060092 -0.384421245325389 0.613509208505466
0.036370321507155 -0.0516530110014727 0.0607343325166215 0.0619949363053206
0.00723258917404434 -0.0324775042926308 0.297711863302005 -0.645512966536038
-0.0254654002390464 -0.0401994395033577 -0.549611969236085 -0.792564057849099
-0.030884727843551 -0.0314946136793567 -0.87254098460021 0.195242769240999
-0.036361701714659 -0.00440290369865999 -0.0922663992893428 0.685870085783152
-0.0054375865266449 0.023163487438149 0.360711311400816 0.261142968147151
0.0361314670043055 -0.000323748426324783 0.196045484796406 -0.0997534344420901
0.0352900727459943 -0.0235809135531824 -0.0898003855973302 -0.211379267949891
0.0158519147988456 0.00694907928044387 0.0826639413958099 0.150791389337763
0.0149101989363134 0.00868103604236979 -0.168324745919996 0.0207164867024963
0.0136872713085825 0.00508516051625537 -0.256806913836578 -0.376375247453463
0.000577733520861708 -0.0156837447856711 0.296116002344722 -0.542842511891052
0.0251098447420373 -0.0144410202356828 0.829143709484176 0.116885776972675
-0.0214277784745498 -0.00493098913413282 0.304574433832462 0.943474320420778
0.00155343242596787 -0.0362683423539857 -0.38611861598763 0.592156452382276
0.0201397869166809 -0.03313252120071 0.0807057812460116 0.0440882496031056
0.00412819729876273 -0.0138591945262161 0.290786839743481 -0.668547611197923
-0.0144945057066305 -0.0329951074089745 -0.572931104627274 -0.787276212715301
-0.0229316589349127 -0.0337148008995032 -0.866130200589293 0.210490253947982
-0.0299854294756445 -0.00307425129081497 -0.0749938989779165 0.676479227830575
0.000268552467785774 0.0268473042455992 0.360956906402159 0.246343763307739
0.037427597890514 0.00163493483664808 0.189090171391057 -0.105473525978821
0.0316261353950355 -0.0195677879256013 -0.0932976988651942 -0.208307222395727
0.0132032319236515 0.0143097180923004 0.0762349401242248 0.154020702108403
0.0146309220691323 0.0114390184075755 -0.172163002997542 0.0216563334363199
0.0145941988679093 0.00563703681359 -0.260329779094413 -0.378298822008155
0.0073308657717291 -0.0192393768368302 0.293911021418411 -0.548455188748408
0.0408826115326026 -0.0113129041890478 0.830793334605925 0.109055610314532
-0.0113481257943247 0.0141494396608501 0.307107513678134 0.932384029876466
-0.0128874390531574 -0.00864964759260615 -0.37664292407813 0.581432929424131
-0.00213884007713807 -0.0102381437997514 0.092615028784575 0.0346286870237928
0.000928806109304485 0.0120249469655723 0.297178062928166 -0.682458752038567
0.000839425452129151 -0.021010047324956 -0.571801351256183 -0.798917235030824
-0.00980656294108367 -0.034969464777921 -0.866896078664467 0.199079172210441
-0.0262876269926004 -0.00396965299513944 -0.0764987193473207 0.666545839003719
0.00072918870524399 0.0279514305624796 0.357273239876128 0.246237027140184
0.0344380288584337 0.00466265963951704 0.185378635368925 -0.103117747492084
0.0257493302040577 -0.0117758264848193 -0.0963622186628317 -0.20511800816978
0.00769013104385719 0.0216586927338755 0.0714533562264433 0.158705755517913
0.0112738301597534 0.0127943901663986 -0.17398550178919 0.0308717309904969
0.0134287413957979 0.00293952533420712 -0.269781178295517 -0.371358566577568
0.0129037732628502 -0.0248282910766506 0.277253099570317 -0.559744345662358
0.059098950933981 -0.0085620175672589 0.834841031798324 0.0695765831219168
0.00111518530231963 0.0367525674883635 0.341885875466708 0.909223310179796
-0.0285761003080902 0.0215265367612175 -0.3571755601452 0.584731545581641
-0.0271504708238531 0.0137697537701551 0.0942962840463654 0.0363430644719685
-0.00640683696495345 0.0408003067428558 0.321736390492046 -0.681294783593917
0.0177113193223901 -0.00329142227701812 -0.541475097148862 -0.835636578110438
0.00658817681940042 -0.0357352209406773 -0.880461026218438 0.159588569082562
-0.0242902724793034 -0.00963391405034364 -0.0992041679564007 0.661353052731209
-0.00413642754599124 0.0274309395726331 0.34892544642649 0.25818002840564
0.0279939322722087 0.00753241700129191 0.186813046699641 -0.0926476762081997
0.0179078274826917 -0.00427999351173266 -0.0982953966664765 -0.19989135321708
0.000934881696978179 0.0289976058131197 0.0668152575984146 0.163600485578689
0.00608210227698379 0.0144658610728737 -0.173029734289203 0.0463887314661039
0.00742614733359153 -0.0017712911391069 -0.285512948552134 -0.352306885270011
0.0153521482667295 -0.0337740387129655 0.242460741895328 -0.575670988216439
0.0755341909565307 -0.00988621831791458 0.834719186860639 0.0061735371353084
0.0169739192766735 0.0601119105781448 0.397401068458041 0.875530145560489
-0.0397726742778114 0.0501000595348802 -0.329099714131708 0.598674442523662
-0.0519775069027813 0.0355043659326571 0.0847400180503204 0.0481938796464158
-0.0164118411351273 0.067824257976598 0.354550135947069 -0.666955660587859
0.0325728159132427 0.0190012555047932 -0.485324141294648 -0.877552347165707
0.0254148662259651 -0.0344324805451295 -0.896107360047837 0.0903109632026217
-0.0216116860129016 -0.0198857600499088 -0.145325239475793 0.656326224135132
-0.0117626246114922 0.0227294660678824 0.33651854700826 0.283462863207908
0.0174755809334766 0.0103682844548629 0.191726284686022 -0.076835828129011
0.00843591645124654 0.00366974116694835 -0.0980284314786261 -0.194794188806271
-0.00596970196015541 0.035059565522589 0.0646566873841699 0.167742686303661
-0.00188369693681669 0.0144695597133617 -0.166901157704403 0.0663978217378302
-0.0013331962338258 -0.00654263377528806 -0.303702362930238 -0.32481700785419
0.0135301288111354 -0.0443696224492324 0.195493334673263 -0.587969530921597
0.0886272140662606 -0.0126858286759751 0.826488097160742 -0.0702059322081619
0.0326694848907752 0.0775406731783486 0.467356773458482 0.832080511886886
-0.0460177201445533 0.0736212901610188 -0.295507011432698 0.623113010438817
-0.0709229424147411 0.0512975449613417 0.0663168766395877 0.0704465985892349
-0.0291156566403146 0.088147454227298 0.389875332205222 -0.634923374697164
0.0408885736872901 0.0408735191558858 -0.411549374993524 -0.925964353372463
0.0418477572685184 -0.0288382386336687 -0.910232516202823 0.0093172885420847
-0.0193463961320248 -0.031417773082172 -0.198581532250044 0.651411829251253
-0.0213007449188988 0.0149580471008162 0.321414629123516 0.315700352250314
0.00783949821930445 0.0095170930600542 0.198884007951191 -0.0567869872249537
4.82606806353671E-05 0.00908732157666669 -0.0971698204166799 -0.190902963202321
0.0123666628653189 -0.000896756247364633 0.0936236942566392 0.14830954040166
0.00217775793096774 -0.00153399947688008 -0.148263080318248 0.0542615360813898
-0.00496118057286885 -0.0110678668680084 -0.289087290236641 -0.317414423026305
-0.0126392833355943 -0.0278657785251569 0.205408677287223 -0.556219394182027
0.0125325785225756 -0.0143887426612828 0.805255818131125 -0.0243294381460187
-0.0332570447907124 -0.00591093493623705 0.445349076629413 0.868508890689358
0.00379679197080559 -0.0663797291222961 -0.337202089539642 0.668276033131192
0.0419807070356932 -0.0656105587479138 0.00970377058153414 0.111180594129468
0.00898344998836031 -0.0425494658089284 0.33600821836955 -0.576352744323574
-0.0290187781621575 -0.0358557002218687 -0.439261706406529 -0.843318464285036
-0.0303090951812775 -0.0294175393546622 -0.887888079979483 0.0860386036361472
-0.0448841024679305 -0.0186575524277295 -0.167156270155031 0.686009448078125
-0.0239083506414335 0.0108748117105377 0.343834534345353 0.308906261783248
0.0208072540977235 -0.00529904341843061 0.212230606241528 -0.0695155149179644
0.0289322415899 -0.0250197798254705 -0.0818779767986851 -0.204676602985582
0.0161729381431268 -0.00137688372113971 0.0926066193091319 0.145990565006311
0.00849367200040671 0.00162536764266869 -0.153509326638618 0.0399940427671622
0.00269800339420431 -0.00435453625117843 -0.273743285315424 -0.337844724478654
-0.00972542062706984 -0.0207863445461257 0.238071267974784 -0.543574510342684
0.010919898457728 -0.014384119358781 0.817725830801875 0.0491100152776193
-0.0337336247023786 -0.0155361437864935 0.382059831300572 0.906403048450992
0.00844779930664583 -0.0668433076224081 -0.362457270096586 0.637596627357242
0.0429057251950018 -0.0628796085772649 0.0353373863078843 0.0847038800019044
0.00827811911516954 -0.0421177449126195 0.308714874130677 -0.608739557966259
-0.0299719639137858 -0.0401322344695883 -0.503362067199953 -0.805882835167903
-0.0345250395913437 -0.0300825456098764 -0.87698379271311 0.151789717313712
-0.0416040424250984 -0.00995874147506493 -0.123194755114099 0.688343525919551
-0.0133822297263386 0.0178264372632444 0.353694979585829 0.279518588431622
0.0300936765520557 -0.00324860788778425 0.20375392074495 -0.0879439311460547
0.0327919990302277 -0.0266657075449472 -0.0859993392128467 -0.208469351069434
0.0169401371726393 0.00177908901511967 0.0880170556528849 0.145701677438868
0.0123688482690813 0.00477721622121297 -0.159916073949534 0.0277035905590635
0.00858198387831662 0.00115993138067187 -0.262133953260052 -0.358412777756085
-0.00536841957552702 -0.0160553502785374 0.269676327378532 -0.538177050332987
0.0146785747886397 -0.0155803172521353 0.820714703759899 0.0924896071963092
-0.0289310898307189 -0.0152078364452844 0.331425035566177 0.922584494723739
0.00811669009207401 -0.0564611566915051 -0.377416650386944 0.610519487880396
0.0357172436782122 -0.0518234019681662 0.0605930431069922 0.0609306898253448
0.00690693468746924 -0.0320726279349896 0.288395948850232 -0.640162455107694
-0.025317755181218 -0.0392565033493491 -0.54833150276748 -0.781726407202749
-0.0317379824562596 -0.0319560791193383 -0.861946630384315 0.198751453925185
-0.03617824184849 -0.0042570805302445 -0.0838882560844996 0.679160647506607
-0.00399734250318753 0.0218758237914224 0.358066195761482 0.2562338088351
0.0349432497110871 -0.00170133161270374 0.193697247225311 -0.0999403577605063
0.0342380569190118 -0.024242940235728 -0.0903467266825238 -0.208506013177163
0.0168138803787975 0.00684841110128332 0.0827737368890044 0.149123865103814
0.0150314749649979 0.00802522250816799 -0.16715669501759 0.0216475749834834
0.0129834173694459 0.00453577736285631 -0.256950632889844 -0.369401767309937
0.000499059781116022 -0.0153498701813782 0.286889257566342 -0.537274256359579
0.0251545512715201 -0.0140450129393345 0.8203969214956 0.110635807778736
-0.0215915991504146 -0.00524245127832469 0.308003302613386 0.930234979462255
0.000715948543514647 -0.0350944475449297 -0.378495499875132 0.588452970601489
0.0191360837535537 -0.0331693959804965 0.0806656640905884 0.0425716158804231
0.00518838024054143 -0.0127232448522203 0.28304455213306 -0.662838023994229
-0.0146953559602514 -0.0324798099884898 -0.571720485897949 -0.774646063590099
-0.023273785735828 -0.0334838558846916 -0.856136720365522 0.215896853631966
-0.0302644649343946 -0.00147678746945222 -0.0679616912059784 0.66851883191341
2.40916649016758E-05 0.026091144285829 0.359190394444829 0.241293202981
0.0365776307225228 -0.000187110745794417 0.18661554700824 -0.105506367676232
0.0301539030194095 -0.0188527442567212 -0.0937789705322088 -0.206229338531242
0.0134403049644713 0.0137776512645028 0.076177905856176 0.152554520915133
0.0136693983138955 0.010306416231172 -0.170137463921402 0.0228984678942725
0.0146850678432262 0.00486399853480029 -0.259636092006593 -0.372217305505404
0.0073102210321497 -0.0180649335621059 0.28532379124317 -0.543360113202772
0.0401241486431302 -0.0117715792576038 0.82378137429916 0.100360222146578
-0.0109880333865634 0.0132491480914539 0.310972896126218 0.919745016286059
-0.0127663200844679 -0.00859561101666395 -0.368976063654958 0.577021419676079
-0.00212666790068415 -0.00969645612944546 0.0919333631463298 0.0342004420713307
0.00107589644430804 0.0119519836049847 0.290616434993934 -0.67424247721685
-0.000105724069584562 -0.0202696085515392 -0.570708501076245 -0.786752071786646
-0.00974482596426906 -0.0352922579323546 -0.857507673830191 0.203816823879046
-0.0258150080921009 -0.00301155822508229 -0.0703876300025798 0.661053064972642
0.000920033679484598 0.0272606637384461 0.355130267127725 0.240292386460399
0.0330350846400558 0.00331084422155297 0.183717037872303 -0.102479913111095
0.0249241667256881 -0.0117410036740367 -0.096438145046833 -0.202298577413142
0.00846062223595929 0.0212812987587998 0.07019034927364 0.156295292248507
0.0108003894006768 0.0127181088673207 -0.173139753497201 0.0314978433675645
0.0128019866768757 0.00166321476118176 -0.269014391470071 -0.364977643399804
0.0125705150062037 -0.0239931067754353 0.268752145617705 -0.554839665007552
0.0587583665713084 -0.0101309791371376 0.824824912317469 0.0625188238226232
0.00223983668582928 0.0360473813627511 0.343649677707488 0.897012144006346
-0.0278243904481642 0.0208438696906055 -0.348533122216338 0.579342058613456
-0.026920556284649 0.0133186419009688 0.0939043500110244 0.0359513799234684
-0.00427074086433587 0.0407878393720711 0.313717060344895 -0.67645484440062
0.0167864806581676 -0.0026541650269374 -0.540618845120057 -0.821245212435068
0.00645996917363572 -0.0351995420184178 -0.86885923296468 0.163440821396247
-0.0236920424010418 -0.0095277430745077 -0.093587368467487 0.655084690572875
-0.003376527103916 0.0266364669196121 0.34693773830368 0.253020910556241
0.0272411280307278 0.00655370775788351 0.184401621009002 -0.0933592960548964
0.0162691365894019 -0.0053302592426341 -0.0983546584130382 -0.19668199035582
0.00181166112856609 0.0288662380991416 0.0664560583714188 0.16095796074246
0.00517231115462713 0.0132291625738444 -0.17039733606006 0.0476953170651662
0.00786377038557077 -0.00262016310019326 -0.285336881045715 -0.345775446783418
0.0154411758173477 -0.0328965593138242 0.234783672595372 -0.56904225402728
0.0745591699856092 -0.0106158567439467 0.824914266217057 -0.000467481399037195
0.016878808628527 0.0585234835924895 0.399915384795046 0.863023370476893
-0.0396131557319474 0.0493007356516352 -0.320842427015647 0.593416417539441
-0.0512126969464972 0.0351937729259703 0.0838230967014645 0.0482553742228674
-0.0152792263416165 0.0674209546163567 0.344518716363887 -0.659385338085164
0.0329182021688794 0.0182749410074533 -0.487695509625209 -0.864751671100084
0.0243948428687597 -0.0341176875403989 -0.883824677847335 0.0967221891611397
-0.0215191294086296 -0.0187011784409333 -0.136850574705889 0.65044631973209
-0.0113114373171355 0.0228269046344185 0.335277975356087 0.277817294694764
0.0170562761651792 0.00901899928611283 0.189501507957609 -0.0773569318749782
0.0078424403282657 0.00297759697036888 -0.0981513524376781 -0.19241154087998
-0.0043712666314039 0.035299102443748 0.0652303810903939 0.165609879066465
-0.00171589600548499 0.0137672793764266 -0.164306321145037 0.0672236198930589
-0.00160901380494211 -0.00751254716882027 -0.304078372429209 -0.319396555887474
0.012776784255684 -0.042406448691906 0.190588932660628 -0.582745126391093
0.0877026721841267 -0.0137454752233407 0.816318018359935 -0.0746443919469324
0.0325862550017112 0.075279204292965 0.468739121553261 0.81856508582518
-0.0442730694264467 0.0726668048003661 -0.289206959862743 0.617877715877062
-0.0699513991594466 0.0514741099914753 0.0658464123147656 0.0693445447195647
-0.0290776911445607 0.0873147781866443 0.382591469710315 -0.629377710423895
0.0412241669474416 0.0409341794254621 -0.412670479427027 -0.914373697518867
0.0409437202135405 -0.028853396411631 -0.902731776556648 0.0164366575966264
-0.018955254503895 -0.0310947352025831 -0.191123325510215 0.645326758177595
-0.0210745352512444 0.0146915118643568 0.320480768614715 0.309706149597718
0.00659065178621451 0.00943971420094641 0.197411175524656 -0.0578991265179087
-0.0018875389535128 0.00905424129790124 -0.0964552152113521 -0.18833442322635
0.0128781417343008 -0.0013981940271399 0.0923882074632051 0.145606905916478
0.0025961560915892 -0.00183598005769436 -0.146029096035604 0.0546965465425182
-0.00468996134093187 -0.0113914508136222 -0.288326568201478 -0.313056145652616
-0.012331992098989 -0.0278536837180329 0.199712458212118 -0.551793673144872
0.012037923347784 -0.0141113265289172 0.798064363358489 -0.0269564382079799
-0.0321625635550643 -0.00527664978352093 0.445292407619124 0.857001624190591
0.00305574840648359 -0.0649150433182133 -0.329394184978414 0.663903969582964
0.0413376492425444 -0.0654901761422284 0.0106482390462632 0.110384991469883
0.00883472987224879 -0.0419948928598249 0.3297109206213 -0.570526446919764
-0.0294616048465039 -0.0360812014144844 -0.437183877933465 -0.830491738282368
-0.0302627672388123 -0.0280429275285704 -0.8800717728603 0.0911560534803033
-0.0450862655141949 -0.0176373851295727 -0.159620195297088 0.680734984866618
-0.0228862235141313 0.0101933277096713 0.340638107152 0.304647372549924
0.019626245421939 -0.00494200247145593 0.210433892519995 -0.0704846754730282
0.0268895918158539 -0.0246194882014367 -0.0815203877316143 -0.202681687034982
0.016199213903061 -0.00150375352247424 0.0915539374614258 0.14276982373007
0.00772567953093761 0.000792737291905309 -0.151275924879851 0.0403447142064915
0.0039000358164303 -0.0046474657291119 -0.271466285942713 -0.331215224227154
-0.00985582115301702 -0.0206965933812939 0.232092150197134 -0.538841711928033
0.0106086954641132 -0.0155008549382946 0.809579716111999 0.0443337327080184
-0.0339150431414743 -0.015183372776114 0.381135653004027 0.894931853937844
0.00897900372167595 -0.0654674635399715 -0.355924725601052 0.633119155761949
0.0423220911423682 -0.0623937949451986 0.0358761855160803 0.0829717169990873
0.00806584628956821 -0.041525720930515 0.302056704976847 -0.604066316181049
-0.0302550862480286 -0.0396390931671202 -0.50106392009024 -0.797006748788403
-0.0342246524931032 -0.0296938049496497 -0.866360161479524 0.155217417717201
-0.0411721397751781 -0.00960294044852553 -0.11578546704046 0.681829710520128
-0.0123319287238678 0.0171703777501873 0.352546108564492 0.274841366496709
0.0280005503999988 -0.00469114101977082 0.201013156745743 -0.0870598680084632
0.0320197168495981 -0.0264076951314634 -0.0856938863723169 -0.205687655320709
0.0183671107147998 0.00205603851122025 0.0869738596245785 0.144173244634801
0.011878909634477 0.00424243802347519 -0.159852029738057 0.0289446478738277
0.00885214691345058 0.000702367926007669 -0.262283864673494 -0.352348423803712
-0.0043211397002123 -0.0152102814260857 0.263179395265039 -0.534110677867925
0.014514122800194 -0.0149109850269586 0.811024551296954 0.0875577652819537
-0.0289770457622169 -0.0150136865179888 0.332685391934059 0.913028252431238
0.00724155757183333 -0.0556494179035011 -0.370037009109138 0.603645244408761
0.0347772261060462 -0.0524863488724494 0.0592378334762602 0.0601487308205568
0.00657123232146912 -0.0304667870950526 0.284830490967681 -0.634915026005844
-0.0254433430543066 -0.0379762096271003 -0.54632482072565 -0.770061596295093
-0.0318068743450555 -0.0306446740357977 -0.852598578583793 0.202262545825654
-0.0347497330122771 -0.00380185537364068 -0.0810946347509185 0.672897524350036
-0.0044562468030501 0.0214864318117319 0.356456852174579 0.251373803715877
0.0336822947236721 -0.0027592311823115 0.192506824779142 -0.0991636467396009
0.0318478103886154 -0.023854773961201 -0.0897502721187945 -0.205185442443403
0.0170640409206148 0.00766001531117475 0.081188817490942 0.147164073633403
0.013366170095252 0.00793604580873356 -0.164156578535521 0.0227195167256031
0.0141702740489324 0.00375702947545363 -0.25699744440247 -0.36451790364066
0.000958072288183284 -0.015261545530744 0.280631970867636 -0.533691156956022
0.0248578603153888 -0.0141457819655799 0.812770201453512 0.105590531265571
-0.0213479279901208 -0.00489388088862206 0.310972435521527 0.917657054064431
0.000556904551235533 -0.0350889969837477 -0.373020005119419 0.584277105189767
0.0197319235375978 -0.0334380137436036 0.0795244170796852 0.0430765014280771
0.00612179693085284 -0.0126389571758133 0.277140966096568 -0.657894485630449
-0.0145655302072864 -0.0321818645849227 -0.570260628128218 -0.764850203518277
-0.0227944611300734 -0.0325309472059699 -0.845887347217221 0.216602914651216
-0.0288542545330592 -0.00137164560085158 -0.0618926734268112 0.66368779876788
0.000578547506981383 0.0250669008057666 0.355747218291168 0.237850490644364
0.0354243101035222 -0.000747394251233897 0.184528929255796 -0.104771299454349
0.0290475950454708 -0.0194753717087665 -0.092678586706412 -0.202965919984791
0.0128880887462041 0.0139642556791921 0.0756521130264479 0.150229127956941
0.0140037382002438 0.00991760264841821 -0.168380657141298 0.0232007084414014
0.0152500260662981 0.00425633149962638 -0.257741657230096 -0.366443409851586
0.00790940322769859 -0.0178718821898587 0.279643457870635 -0.540023060060449
0.0403722725177979 -0.011969258398851 0.814857213253512 0.0954266083120785
-0.0110181234738781 0.0132122259725738 0.314338651802386 0.909294811355901
-0.0122307928709921 -0.00910362698959711 -0.36178437808306 0.573831579301339
-0.00264887064612762 -0.0103401590561388 0.0911648246531962 0.0340594695382231
0.00254137799312235 0.0128158756902493 0.284716080770664 -0.670712165637644
4.11789533095938E-05 -0.0196802769834883 -0.567843848441182 -0.77513009763758
-0.01026200149797 -0.0347353778618881 -0.847126498273212 0.207245200055173
-0.0258127798452531 -0.00350375752375479 -0.0650920813930275 0.654670522647035
0.000319781303374331 0.0266099846817213 0.352221747704896 0.236145805909912
0.0330530562999454 0.00321619434799911 0.18063034636076 -0.102768267769773
0.0236824971600455 -0.0115482552268533 -0.0962276910120097 -0.198771785753101
0.00902607098984659 0.0220310205927012 0.0704344306376971 0.155746164684164
0.0110941961049293 0.0127029366405937 -0.169961877731985 0.0324881415672099
0.0125236980376431 0.00114602055856863 -0.26810320464965 -0.359970741895375
0.0129299234356854 -0.0241706393158437 0.26293178958935 -0.550175195602046
0.0575728578695071 -0.010609562614105 0.814927296069369 0.0583141098047084
0.00282473008596362 0.0351425800318948 0.343565118936924 0.884316353939866
-0.026097572573175 0.0213608565336672 -0.341836641237815 0.575067140345703
-0.0260828403934129 0.0137174275780492 0.0926936871993218 0.0350166788403319
-0.00556769887589488 0.0410039576438935 0.307336796995608 -0.669079329419101
0.0174632089604807 -0.00274490196348615 -0.539161365009677 -0.808897117984498
0.0052117458719794 -0.0349824044872664 -0.858552693645591 0.16705593566255
-0.0226465334380668 -0.00957064713596327 -0.0892825754584445 0.648569179957535
-0.00321324825548606 0.026070238345849 0.344753428352536 0.250738125662382
0.025148573623942 0.0057583482756883 0.182575597167155 -0.0921533116488869
0.0157495422657531 -0.00442990751647719 -0.0981331330087992 -0.194812127736868
0.00225846045143126 0.0282943739687802 0.0658479378722987 0.159619327179742
0.00537655336578291 0.0130744927608922 -0.167099528928564 0.0470031208961398
0.00782745372741734 -0.00315020946727031 -0.284634698864636 -0.340604922555431
0.0150649453869878 -0.033538392880607 0.228058852786186 -0.565491358248266
0.0741042921183961 -0.00938138042590796 0.814795838975698 -0.00425311852195764
0.01684425014059 0.057513830221491 0.398848441230619 0.850972692037459
-0.0380505438894248 0.0500913690879376 -0.314856339843501 0.588701163003559
-0.0499418765533537 0.0353950085316199 0.083380748184497 0.0477253507740755
-0.0145510261291987 0.0666105916312929 0.340799788891335 -0.653445027899674
0.0316923115683752 0.0175363607657478 -0.485885207707041 -0.853246856121542
0.0233123491268226 -0.03397478808333 -0.875722960409102 0.0987008601647676
-0.0212849576923379 -0.0196855103439079 -0.13249174855844 0.645031525146886
-0.0115937324384738 0.0212196525070078 0.333648708558561 0.27444247167018
0.0164893199072519 0.00859823558925672 0.18775258745353 -0.0781210342050236
0.00710992698893118 0.00367853654855506 -0.0969073894229934 -0.190024232695997
-0.00376795411891145 0.0351360713874002 0.064266640047273 0.163252680395955
-0.00182063559591956 0.0131786904834126 -0.16173714145461 0.0666654339374939
-0.00137496641971525 -0.00743142673711498 -0.30211244240406 -0.313359890072664
0.0119146394691659 -0.0430973129859013 0.18419981435014 -0.577698971113729
0.0866848405680372 -0.0130446789866093 0.80589369463854 -0.0778340780598266
0.0326203438725182 0.0751724806036822 0.466627226339281 0.806492309776112
-0.0433662760369982 0.072158286328005 -0.283088705895856 0.612479815170537
-0.0687059755557046 0.0506953898010811 0.0654011098514641 0.0692132183507105
-0.026819371269405 0.0868925303608311 0.375826509952465 -0.624859823733273
0.0404385658090948 0.0413693211799632 -0.412374615940895 -0.899700452867367
0.0398573927350529 -0.0284359740811924 -0.891176823543669 0.0196113282789676
-0.0188330763915216 -0.0307312846577008 -0.185823147788221 0.641129373635408
-0.0204469036665086 0.0143549801110316 0.318659248550645 0.306437384404457
0.0059117502565766 0.00916506744782818 0.195460318234959 -0.0574950664493375
-0.00205251089616297 0.00910834076873119 -0.0961259477051518 -0.185712405684116
0.0131184845682314 -0.000820572876144965 0.0915318256061578 0.143994212133211
0.00240474443446501 -0.00351867650819005 -0.144708885271401 0.0561088703167868
-0.00402509914803856 -0.0120016615563152 -0.285859986449957 -0.308304701986039
-0.0119035772056006 -0.0271255301433561 0.195309224793941 -0.547666506946902
0.012583110640991 -0.0143660779974497 0.786398733080372 -0.0297589218958291
-0.0329876280986807 -0.00650148852929052 0.442382729192355 0.848080114728801
0.00381958150846951 -0.0646753272400734 -0.323606570428371 0.658345927611872
0.040705325805512 -0.0646280379513122 0.0107890816919041 0.10859285064578
0.00903138881661778 -0.0411031657836154 0.325624007745514 -0.565246391063384
-0.0291235494477874 -0.0346324961024384 -0.434956657617757 -0.823356942380526
-0.0308183704726495 -0.0286516619187135 -0.872092884011718 0.0912440547454662
-0.044203512028055 -0.0176304269370348 -0.155945798326843 0.675754673808257
-0.0224424689851206 0.0103332934969091 0.338501885399052 0.301743048965393
0.0192922088691434 -0.00534068727456743 0.208213072973662 -0.069957939256864
0.0261440365233232 -0.0250190884587784 -0.0804709868227035 -0.199608734408471
0.0162369213851133 -0.00104407699123443 0.0903580106607661 0.14098077867696
0.00739624349385216 0.00076175282164039 -0.149253245349176 0.0406029785459645
0.00342107479801571 -0.00449195348435315 -0.271676802800852 -0.328970309259028
-0.00861553224557705 -0.0200999777534628 0.228475468647186 -0.534944177604846
0.0102844500697046 -0.0151543677196464 0.800178446018551 0.03959605341022
-0.0329220330102385 -0.0151931306864611 0.381787807661724 0.883951895668394
0.00860126802886037 -0.0658236513492138 -0.351642103681928 0.628470011414604
0.0421800636046884 -0.0622178047954721 0.0364086836692043 0.0827756335584804
0.00848334582098532 -0.0404765048156126 0.299542341355902 -0.598880424799103
-0.0306978378309411 -0.0397786374616633 -0.498255751809046 -0.786622262506858
-0.0345628482766823 -0.0299768875885795 -0.859189191191107 0.157611662668763
-0.0406123070659906 -0.00947972108184999 -0.113283757275666 0.67598865878581
-0.0122183684949176 0.0171041838262967 0.34805755548986 0.273673949325796
0.0270267089575311 -0.0055941499860129 0.199999622307742 -0.0866560442111299
0.0299567545886983 -0.0248685657959834 -0.0849831292584384 -0.203202595232578
0.0171962417433316 0.0019649072162612 0.0863660353101915 0.142372033104193
0.0123285008448282 0.00342065749644297 -0.157379337458877 0.0284614203469624
0.0088226565488089 0.000350891255028983 -0.261787420378719 -0.348573147082578
-0.00462334542680164 -0.0161260113407293 0.259570427158898 -0.529031978597452
0.0149888421988956 -0.0156545663846457 0.803282745727064 0.0846517992555122
-0.0286612949910555 -0.015307061423132 0.333574980670147 0.90238706519997
0.00802501034893531 -0.0545899423167637 -0.36601929060952 0.60049762742351
0.0343023419040221 -0.0514108559351291 0.0592564111328796 0.0591762200596252
0.00719698172885561 -0.0300130317983253 0.279549297204596 -0.629644939028239
-0.0264727798195988 -0.0372979191051058 -0.543995761899359 -0.761040547244306
-0.0312991651022387 -0.0307451367750947 -0.845273279364493 0.20315213699698
-0.034986974757636 -0.00233808000837495 -0.0765143104475824 0.667113967043575
-0.00443099204434356 0.021994684522477 0.35285304086447 0.2484052339936
0.032951406593297 -0.00345142899870051 0.189970196531761 -0.0999802001109691
0.0312460992613289 -0.0237798775663849 -0.0892355414425191 -0.203143799160839
0.0169456893599701 0.0077712590701176 0.0799354755064781 0.144821318635552
0.0144755282808692 0.00686845763384744 -0.163597180364517 0.0231096036153971
0.013526541666574 0.00398817512914822 -0.254780362338246 -0.361786878112996
0.000877459714424374 -0.0151244690087842 0.275679570194553 -0.528496874048971
0.0244836265220162 -0.0142115506844832 0.805255753243245 0.10263272340005
-0.020602983000487 -0.00562251603730597 0.311154641198119 0.906225204922556
0.000584628988694158 -0.0344447584478375 -0.367021841713427 0.579773207407626
0.018722137045386 -0.0334187670280796 0.0792517261260844 0.0426776563111324
0.00476165671555309 -0.0118357983150814 0.274104619587105 -0.650427877669366
-0.0144192149237923 -0.031005066108608 -0.566562647821287 -0.756936186833809
-0.0231963127900838 -0.0332730228060068 -0.838535578824113 0.218568993176463
-0.0294674921443172 -0.000703271431782821 -0.0607408295319908 0.656403436538737
0.000468710257930344 0.0256895390565745 0.353860207349154 0.234919973127314
0.0335721097940602 -0.00135328248731689 0.182805116636836 -0.10378592729889
0.0283501217098093 -0.0193628857467554 -0.0923327268595288 -0.200875025177287
0.0138940314054127 0.0141585276530054 0.0741351451604451 0.148775809454491
0.0135854772035581 0.0096066428086836 -0.1669892840608 0.0234041277442815
0.0146269529317003 0.00392060124884765 -0.258152295332993 -0.361833204362544
0.00696259124746355 -0.0173368187869171 0.275809495917618 -0.535840923174958
0.0394067134737411 -0.0121864349778233 0.807457837864383 0.0927779736072015
-0.0105143210553763 0.0126439638914186 0.31187455306705 0.896443839296021
-0.0123919662997659 -0.00866314507175987 -0.356277924897308 0.569169979556736
-0.00288492758401531 -0.01100285992563 0.0903895990730043 0.03354933554692
0.00124465301744158 0.0130447502737447 0.28091142816829 -0.662997575836958
0.000527569423245298 -0.0192310717101784 -0.566304296114882 -0.769356808301868
-0.0101095616076385 -0.0346398172001497 -0.839104116741109 0.20722041739326
-0.0259638914598932 -0.00119929135779659 -0.060297650957809 0.650818234968843
0.000822844573041749 0.0258851672016807 0.351031008989448 0.234363752093756
0.0306872428360591 0.00247283742193269 0.180464949560056 -0.101670266963186
0.0224998146727156 -0.0122393706491778 -0.096125270515538 -0.196829665151735
0.00866845400013131 0.021485753755226 0.0689805510615685 0.153170994141209
0.0106403277634807 0.0114973231759148 -0.169373940224787 0.0331358827772785
0.0127652134242333 0.00120417488949225 -0.26683472675034 -0.355563339692503
0.0128466473677667 -0.0240495090674996 0.257046111555248 -0.546429122404088
0.057474407072604 -0.0111925510795567 0.808685810909458 0.0553285106895939
0.00232115913011358 0.0351525716696848 0.344854641115516 0.874395749519761
-0.0270248403119067 0.0206247784201607 -0.338608031164364 0.57140443926053
-0.0266416258812751 0.0133223896063846 0.0917539142157435 0.0342816548284149
-0.00437867081385776 0.0402942930421698 0.30396242782056 -0.664365848520622
0.0173484051746078 -0.00266522433255136 -0.538059610933696 -0.801264199423772
0.00500291859150068 -0.0350102910389001 -0.851627630537389 0.165624857047766
-0.0229224599206239 -0.00859295393661796 -0.0857824029403577 0.643772267330843
-0.00369876240509586 0.0251257317162035 0.343102293548667 0.249164592342536
0.0244604825527961 0.00558555602550913 0.180627731257754 -0.0924631382932217
0.0147328697708264 -0.00455698725405749 -0.09786343389587 -0.192496870061428
0.00245963275942777 0.0284251467831423 0.0648342330209581 0.158124396193318
0.0052232943321988 0.0124244432138435 -0.165583033177149 0.0476341459496569
0.00753971420580486 -0.00369878434147265 -0.282284375278011 -0.337755027590424
0.0145171058048442 -0.0322775535235545 0.224834579662924 -0.56161080003175
0.0730832174259972 -0.0109327261242809 0.806928003677362 -0.00828487442279529
0.0173162562226516 0.0574260476598603 0.399553732724323 0.841957994164546
-0.0376732381380316 0.0482281654671718 -0.311396444562267 0.585077454363881
-0.0493608843868853 0.0351479175130572 0.0833033095720685 0.0467864187038361
-0.0145234833445623 0.0671121092808395 0.334938789323881 -0.649475177004757
0.0319706935131362 0.0184779565889457 -0.48235992988708 -0.844225196922672
0.0225234464708616 -0.0329005675015685 -0.866997237282388 0.102666820417493
-0.0214555099545104 -0.0176461273744223 -0.129009480640891 0.640130255445439
-0.0103830892346804 0.0213210899837297 0.33085631725344 0.270454406748364
0.015179235934728 0.00821991470383483 0.187370090055116 -0.0766876056351453
0.00568184426048842 0.00303788202899549 -0.0988985404738568 -0.187106063033039
-0.00413475229997816 0.0348577719785589 0.0637812652921063 0.161471339914907
-0.00209494902671109 0.0135454163557908 -0.160495788062684 0.066441357614938
-0.0013400918950105 -0.00797208791023319 -0.29986851998355 -0.309532537030376
0.0123305519916134 -0.0415774488066389 0.178349525966087 -0.574165087075773
0.0857025543200993 -0.0139558380584133 0.798107692648177 -0.0789206754941063
0.0326038481052602 0.0737099238686997 0.464070330430335 0.796462075939919
-0.0426971762712485 0.0706036427415369 -0.278323123397351 0.606679748167746
-0.0680630594559226 0.050211147570408 0.0643542738236264 0.0674075283737798
-0.0262933858238777 0.0861305002256557 0.37130839770314 -0.61966371863273
0.0411426085528445 0.0404765443239535 -0.409955666134978 -0.892532359708529
0.0395210355245256 -0.0287296660183434 -0.883558870599484 0.0205020933184832
-0.0186363494067597 -0.0296375446221773 -0.182098236406136 0.636535785670326
-0.0206788018719821 0.0144939226756274 0.317916105477445 0.30319520174481
0.00377758336799737 0.00840311907342991 0.194363791555652 -0.0578761526471399
-0.00274711141284406 0.00840379740932364 -0.0957816216378835 -0.183327774860406
0.0135520538554852 -0.000993267280578631 0.0898313161102055 0.143439469351307
0.00207302550750787 -0.00289149382833543 -0.143570836010311 0.054408719185856
-0.00410844397794303 -0.0125704987749075 -0.284934486990498 -0.305864013279419
-0.0124611735376897 -0.0265281711631094 0.192385252623368 -0.542348375454476
0.0128140035920344 -0.0142394332278643 0.77973627042282 -0.0301108451254381
-0.0324116060354996 -0.00639558732166632 0.438900067144238 0.84094943089477
0.00368882277277388 -0.0645829384372226 -0.319621666086311 0.651591748688112
0.0404075923844326 -0.064643417890843 0.0115093696553233 0.108985911599451
0.00970349775440145 -0.0402643480885158 0.323324836461106 -0.561412061678533
-0.0282633144832619 -0.0346411751738078 -0.432897882981707 -0.815735137208202
-0.0311322409821929 -0.0278139858243529 -0.8646402498932 0.0916864906230466
-0.043875326568261 -0.0166190842339635 -0.153999252486104 0.671453426324446
-0.0222479360527599 0.0101046434757144 0.336172388744835 0.29786677393274
0.0181330089702112 -0.00633601665563535 0.20776685189254 -0.0700295843839814
0.0256716795021972 -0.0250083438714594 -0.080663416738681 -0.198428704954681
0.0167899231031986 -0.00104223668670811 0.0888389461943356 0.139986912447919
0.00824567648091249 -0.000569623414534261 -0.148922910035768 0.0397027168866261
0.00331424870407693 -0.00559723241968668 -0.269196674836016 -0.325683699385602
-0.00823040336191338 -0.0200311089986675 0.224173073182464 -0.531816204077119
0.0109682636220031 -0.0149994309629922 0.795221519837755 0.0376053276264056
-0.0330500510701064 -0.0156216493742723 0.378136197094918 0.87668312522315
0.00960720420903808 -0.065208888064195 -0.348131129718151 0.621966434638379
0.0413520914398034 -0.0616411021889724 0.0357953066905589 0.0821387217900292
0.0101028275281453 -0.0393906415268447 0.295968865578204 -0.592807127826227
-0.029984630791751 -0.0381771811833402 -0.495604148956062 -0.781024997360389
-0.0337120524396805 -0.0291184088621274 -0.852980668282343 0.1563390539321
-0.0399993302307606 -0.00847614601523388 -0.111606920187033 0.672616051056223
-0.0129457501832056 0.016182693375843 0.34701503183866 0.270190497168993
0.026001685758246 -0.00501272880539796 0.198603149377634 -0.0860545365173718
0.0296359647497095 -0.0260833820501959 -0.0843462197419666 -0.201604767873758
0.016786234149063 0.00260803469069338 0.0848283594613698 0.140679330682899
0.0122072744758198 0.00328182019355837 -0.156717200474845 0.0288902370989326
0.00894501392561328 0.000243662575999642 -0.260036720048186 -0.344463060461866
-0.00497015160653651 -0.0155730758220013 0.255101368741163 -0.525463776858931
0.0137613635985363 -0.0157277812544113 0.79738857535434 0.0820979668155823
-0.0276947986625385 -0.0154568948209947 0.329789890244298 0.893707479704182
0.00864887763050977 -0.0549244765635936 -0.361883449993775 0.59605668814885
0.0343201500035709 -0.0514280013435847 0.0597152017382553 0.0601223770086437
0.00767574041155075 -0.029301534488889 0.27812307649688 -0.624427046158274
-0.0264954040090674 -0.0364580820755226 -0.53978661030545 -0.755044647832663
-0.0315696857527558 -0.0297293047643601 -0.838420000141197 0.200883290877601
-0.0351103836841744 -0.00285398620166758 -0.0759944996702444 0.663425823659822
-0.00439763098572894 0.0212451510942131 0.350973359201174 0.247348396887386
0.0315161013580776 -0.00461522626407901 0.189126457432728 -0.0982009653485918
0.0294261565885469 -0.0233064411348815 -0.0881381630476503 -0.201690397497473
0.0166092346520853 0.0073744614787628 0.0788389086434526 0.143120705840279
0.0142832987376123 0.00674152039038327 -0.161950886759712 0.0223579035340834
0.0134444511175976 0.00333386752794063 -0.253264937974454 -0.357511474719322
4.06272664722485E-05 -0.0150901439944672 0.272204355131005 -0.524778978380383
0.0247557631667443 -0.0145099171347588 0.79797172809825 0.100353806822243
-0.0202083946156949 -0.00534171779555947 0.309280848359651 0.899173213014724
-0.000259063231430979 -0.035407318073375 -0.362852927876271 0.574057538255783
0.0182406855814985 -0.0326957390185927 0.0782311758843449 0.0421502209512307
0.00512620180610562 -0.0110298189430102 0.27220674391243 -0.645644270063587
-0.0147700354990482 -0.0308114672980624 -0.562030923210334 -0.747114551962006
-0.0233119479483894 -0.0327308782580242 -0.831171390205737 0.217304167349792
-0.0284087873580196 -0.000632325129901737 -0.0571905512820783 0.653323903342258
0.000789887754550165 0.0244614130660059 0.350326115495837 0.233635290815092
0.0328809110785969 -0.00156034974738896 0.182068124321472 -0.103514748220533
0.0267570181573536 -0.018006195098075 -0.0918908697635084 -0.199222211097262
0.013190829636029 0.0140496644686168 0.0727778613108316 0.147594577439819
0.013937140915027 0.00908314298072914 -0.165613858362766 0.0235369343533669
0.0142495102951166 0.00340661788018877 -0.25675843457127 -0.359152558741416
0.00743472859553992 -0.0166312875420896 0.271037427708674 -0.532225356034324
0.0398987371822214 -0.0129830046492843 0.800176121721978 0.0913135983246901
-0.0107031829045402 0.0119939829009384 0.311802691539105 0.890163798457306
-0.0122795219217645 -0.00889236713303398 -0.354189850103852 0.564485658636373
-0.00249985189397639 -0.0108634920379109 0.090459282363425 0.0333350748464028
0.00218272228420989 0.0139600883240828 0.279570294538968 -0.657758730715589
-9.38345188452594E-05 -0.0187504069907072 -0.561126854750914 -0.76139483399142
-0.0105014143744405 -0.0336294628415163 -0.833318505982954 0.204772207081119
-0.0253518677999533 -0.00308576378268526 -0.0606945204016959 0.645399140688809
0.000646328800496133 0.0259602939024194 0.347088436759283 0.233472311794438
0.0304121272772404 0.00154257217071278 0.179036494137893 -0.101529719685966
0.0217667143760224 -0.0117252737210887 -0.0941726888696231 -0.195474879622797
0.00828893735872244 0.0211124867448546 0.0680926501842961 0.152484077638312
0.0104832438630244 0.0111910517214166 -0.166528743167429 0.0325417620534871
0.0129023111925068 0.000454900852098553 -0.265678942050612 -0.351846838104775
0.0125782301961861 -0.0228868058253724 0.254577955251655 -0.542441496122709
0.0573074915914643 -0.0105381298547613 0.801093089683895 0.0538946274960586
0.00270855808734672 0.0343436922676161 0.342296550078782 0.865103291830053
-0.0262207711629947 0.0202297750878582 -0.334980522616239 0.565278791743976
-0.025999476445452 0.0126091930934156 0.0913614584344947 0.0344071207411299
-0.00394502152198357 0.0413689097282898 0.301410633023246 -0.65824373693109
0.0169959356990254 -0.00180673871954557 -0.533185438142475 -0.793472140295107
0.00490100846804509 -0.0351631302627315 -0.844977687067922 0.167288792035244
-0.0229303289918034 -0.00844131078179721 -0.0840724667275184 0.64029789337171
-0.0037933119381698 0.0250521714060535 0.340480524860253 0.245927841832613
0.0228896232950252 0.00537853036447786 0.179350187133375 -0.0923166618654853
0.014220129580504 -0.00407016886334213 -0.0967323883339783 -0.19086341629708
0.00238648626315973 0.0284592575882922 0.0651699914496688 0.156432877580947
0.00541987929387045 0.0125566418340065 -0.16414810306439 0.0474589533619596
0.00789409949355329 -0.00336240274435232 -0.27999859931378 -0.333262157805692
0.0150127001507314 -0.0308753628329296 0.220359456194425 -0.556726870574998
0.0729343152202351 -0.0108758295762936 0.799693221385745 -0.00655686785141373
0.0173002306532724 0.056570721937253 0.397111274588744 0.832720264981423
-0.0367962337673987 0.0479218168666432 -0.306836505597085 0.580189254743047
-0.0483607784620709 0.0345210899740235 0.0826460244650137 0.0458168485098994
-0.013441636394982 0.0673674720263121 0.333294878399497 -0.644203928701983
0.0318957016984289 0.0185142437827119 -0.479395327595807 -0.836277509866313
0.0221070447168433 -0.0332966519812322 -0.860879897819645 0.0994248185718817
-0.0211040877878318 -0.0189085920900266 -0.127475628364222 0.63555710543578
-0.0110804046690312 0.0207719466941537 0.328326276747794 0.269337481411275
0.0137818381317898 0.00843798241973955 0.185825267587741 -0.0758785988484326
0.00536873511414316 0.00316306171762409 -0.0960454266363888 -0.186222706294336
-0.00328070099935849 0.0340136736381364 0.0625051452952103 0.160047815844294
-0.00122224867976089 0.0128243567353543 -0.159242642401906 0.0657418102905719
-0.00145998624464749 -0.00854530046945742 -0.298344169714395 -0.307621443617439
0.0128596669792911 -0.0413164362536341 0.1767218279435 -0.568849870283702
0.0853463548547819 -0.0141385830447748 0.790582468777876 -0.0786529440718928
0.0317571943378575 0.0728500306073431 0.463317591190673 0.788556193606038
-0.0421165742865583 0.0709516583799072 -0.277665825333514 0.600363863333669
-0.0667393767276932 0.0489068711397667 0.0640432500242327 0.0673526007594131
-0.0255934849058157 0.0869568248529051 0.368406606897071 -0.615782723399214
0.0395980178478344 0.0400816302908255 -0.409902271586186 -0.887570609710461
0.0388691316755779 -0.0284602900242661 -0.876574007446697 0.0207671642171426
-0.0191189472413044 -0.0309861766304298 -0.180586734350884 0.632186922154448
-0.0198853669878325 0.0133940805383193 0.31415977868803 0.300101673809307
0.00326972391464538 0.00755932180896053 0.193252337767442 -0.0572651864065205
-0.00271062386229735 0.00904603870094778 -0.0945605261351081 -0.182051747348903
0.0140111745705902 -0.000968062923363141 0.088925369843086 0.142440048252933
0.00328370077885584 -0.00376899390577385 -0.142257984619505 0.0533833129423055
-0.00396417995369898 -0.0129305711366128 -0.282248624430635 -0.302985529026399
-0.0124753605846125 -0.0262678944968908 0.191369712427324 -0.541244573539206
0.0122895275785729 -0.0142682558745042 0.775203221660858 -0.0311512440145942
-0.031605139623024 -0.0067322706712286 0.437726147352377 0.833864365255183
0.00388690388161251 -0.0644929768318588 -0.32136785261063 0.648013015843411
0.0404764581987533 -0.0643948862171539 0.0115594853128514 0.107506290376205
0.00938942631036975 -0.0398381599858748 0.320855791098312 -0.557939501156232
-0.0290500534490646 -0.0330435099989483 -0.427910043892933 -0.812542452300307
-0.0315737635160066 -0.0275190431248973 -0.861135971981911 0.0903733710323002
-0.0428301809840674 -0.0169541094517309 -0.15183084111714 0.667313844424603
-0.022130644920427 0.0090695901713243 0.334537818967209 0.29742879038425
0.0180659535394635 -0.00706834464711897 0.205586590971105 -0.0690912477289855
0.0242954482405243 -0.0249877617380452 -0.0788844934577767 -0.197398636900161
0.0169038323256026 -0.000114159469709468 0.0878845959086922 0.138838432519148
0.00843247817179796 -0.000914004520558737 -0.1474212188674 0.0400994744079607
0.00400970073701246 -0.00577478624292413 -0.267884648000555 -0.322076107831233
-0.0087728346477829 -0.0194250755413289 0.223785908696622 -0.527758345026154
0.01085511716612 -0.0152439725129666 0.7892040280477 0.0376164427130603
-0.0331336651525112 -0.0154127255846156 0.375817494938832 0.870337493125171
0.00893580609113634 -0.0651071058564117 -0.344891140825093 0.617881651775645
0.0411820121916294 -0.0620484466029554 0.0362852281647462 0.0817631632151161
0.00923376431031264 -0.0387886959564753 0.295185527472188 -0.589651996440491
-0.029921793707746 -0.0377316258822435 -0.491532036076836 -0.775933126508388
-0.0346108890214217 -0.0294843824462929 -0.847055416581628 0.155845541834953
-0.0393110830469245 -0.00872705789011764 -0.110644987957051 0.668538400556564
-0.01167187219286 0.0161526396719915 0.34362635184135 0.268801616695
0.0255376386896739 -0.00669831411173299 0.197203106406071 -0.0852513093753351
0.0287320278626374 -0.0256956460998001 -0.0834162610453883 -0.200846824285301
0.0177618719948772 0.00183900276851711 0.0827775765005177 0.140795252493948
0.0115046128098669 0.00294180566091653 -0.15575775101499 0.0279318433606217
0.00904124183102086 0.000163403712892175 -0.258129676963933 -0.341168552454255
-0.00471368253219918 -0.0147321813886339 0.253866315155983 -0.521649360927551
0.0146845521261515 -0.0151035582933418 0.79131268482706 0.0826580764943252
-0.0287426175977088 -0.0152047920715613 0.330068754585111 0.886370583189094
0.00796355989520285 -0.0545429724410756 -0.358428151164882 0.590672166129763
0.0345356202216513 -0.0510605850578876 0.0588632400187304 0.0590169311943392
0.00793046405529861 -0.0286298112398073 0.276620694175191 -0.62005940479224
-0.0260641239005559 -0.0365145547555697 -0.535263554346738 -0.750564093608563
-0.0321199905421127 -0.0304328002605659 -0.834330941398315 0.199866150277278
-0.0339139065839232 -0.00243345199840043 -0.0734977367513168 0.659671590078791
-0.00392546511871543 0.020695171489063 0.34837771214636 0.246469336374857
0.0300987435177665 -0.00434915355794569 0.188237528011923 -0.0962756720826257
0.0287823427455902 -0.0232729446683617 -0.0871655891984272 -0.199884991171952
0.0171864237811187 0.00682923005676611 0.0779588136632193 0.142353060229586
0.0142882087555944 0.00660411664376917 -0.160391633088547 0.0230530739354904
0.0132872093880434 0.00358782437606291 -0.252561985658679 -0.355782855405066
0.00126276541633301 -0.013459719145487 0.270135132967943 -0.521654767350737
0.0242966888995523 -0.0157646686481249 0.793914701652826 0.100167910498041
-0.0203547895198095 -0.0066243165301148 0.306207526475388 0.890615294636799
0.00073655208054154 -0.0344013504106313 -0.360422492178292 0.570461148211631
0.0189190844360491 -0.0338112113283419 0.0779737526167541 0.0415378448505478
0.00611105164611982 -0.00998790207729968 0.269563660118327 -0.640726494693217
-0.0152460619417556 -0.0302813379549457 -0.558348446742514 -0.745644990930147
-0.0234368439056279 -0.0320475649482214 -0.828009999896392 0.215592724717948
-0.0289622814066257 -0.000965885190713795 -0.0560742889710393 0.650629104166046
0.000899362989635794 0.0239105090350916 0.34863255486736 0.231586075093816
0.0319216358717277 -0.00162032570279745 0.181085133111782 -0.102691577517777
0.0267156145337607 -0.0187557120694254 -0.0907943654183331 -0.198342597095717
0.0147725983770073 0.0134892082564285 0.0723643713651626 0.145707072515305
0.012689557362918 0.00910068792826383 -0.16326544320969 0.0240807059197257
0.0145878238877649 0.00323605419719067 -0.254273499576416 -0.357352687698362
0.00798876836883886 -0.0167285997175602 0.268642749141434 -0.527383508331462
0.0396321875735133 -0.0124567183723293 0.794818477970564 0.0926825029228997
-0.0107154550815048 0.0125068523881476 0.308105856100886 0.884022630482161
-0.0114562179319188 -0.00900795191609258 -0.352044473200302 0.560871804960942
-0.00182634766794093 -0.0114000385362288 0.0890590862237462 0.032500148938912
0.00217680195012851 0.0139216699081673 0.278177563931295 -0.653847623437944
0.000836264527249955 -0.0185214859398214 -0.555641750475789 -0.75668114910603
-0.0112752985524424 -0.0333023975463128 -0.825978946948455 0.204743656112083
-0.0241390574138429 -0.00226518713976121 -0.0604052980678899 0.641781136148805
0.000565966409797666 0.0257459798768791 0.345420557241118 0.231660131239304
0.0286525409566078 0.00149748706769539 0.177735184968122 -0.100238022267419
0.0209954365373185 -0.0114935271727812 -0.0936062404112876 -0.194186279671267
0.00911700766247694 0.0209705821600522 0.0679014616735216 0.151644958074705
0.0102770191811638 0.0114852985145394 -0.165453620843826 0.0311738608967301
0.0122577191019683 0.000597422390490272 -0.263981843127451 -0.349180692256719
0.0127665958342373 -0.0223157568706611 0.251110792886749 -0.539346323364257
0.0556602783313972 -0.010775259000855 0.794664337594617 0.0533564206800461
0.0020861821248609 0.033816853567709 0.340272621128796 0.858926577900084
-0.02483836000081 0.0203473452132192 -0.332902509749061 0.564394441944691
-0.0258941046051811 0.01237357427453 0.0910461597015208 0.034436126628518
-0.00420553623258585 0.0412877593663975 0.301612476757861 -0.654369976239053
0.0172503282704522 -0.00105555631616725 -0.527770552115302 -0.789682839621752
0.00493048694472992 -0.0338025564635812 -0.839833686307195 0.164458040360139
-0.0227765006473932 -0.00821716675080435 -0.0832757617977726 0.636968345593597
-0.00375955086381534 0.0252456378360541 0.339020914565252 0.245613344963271
0.0212567908827445 0.00526597901076349 0.179535612420698 -0.0909777940512282
0.0132335617357019 -0.00387783351260378 -0.0946482723724232 -0.189634748123289
0.00337057137617322 0.0277733455220419 0.0625083096957922 0.155888235517297
0.00524021707406435 0.0120864255141552 -0.16318148649339 0.0478831456941104
0.0076768558005703 -0.0046121955657028 -0.279384946961407 -0.332042141795995
0.0144104077409946 -0.0316420142790124 0.219969350631625 -0.552169660454299
0.0727460178856773 -0.0112248385550008 0.795823550698117 -0.00589292807816842
0.0166190484435131 0.0559469642378461 0.394287208983596 0.825087000434881
-0.0366215824669604 0.0479581820711891 -0.305484168208396 0.574578620293755
-0.0489219655458507 0.0339439782693476 0.0825048135364772 0.0462287856969151
-0.0127085836938825 0.0663233701419864 0.331200135070137 -0.638177882103456
0.0315423683985572 0.0189689240432486 -0.47855365278984 -0.83378124853714
0.0215467534190994 -0.032203031834614 -0.854754620796459 0.0993348309172621
-0.0212724614716533 -0.018184237351245 -0.126072784528997 0.632177617060085
-0.0114810993157722 0.0205603178841138 0.326337587267615 0.268596049055516
0.0129521297695672 0.00894832408843674 0.184334776300082 -0.0764940541256598
0.00481765984591371 0.00393693929617043 -0.0957156710887618 -0.184968527401607
-0.00289108992978867 0.0344440518098317 0.0608134032028214 0.158713145789137
-0.00217914067834805 0.0125290813196149 -0.157602145009138 0.0659039865281066
-0.000650161076574506 -0.00859727074456559 -0.295945634038185 -0.304298838535687
0.0116498333426436 -0.0410628400775091 0.175380755246681 -0.565783319795529
0.0855710539182049 -0.0141631224645513 0.784695711369698 -0.0781597376462924
0.0321989195340329 0.0719241775422107 0.459139008788861 0.784966605897585
-0.043382692533658 0.0699073318106428 -0.275143903118383 0.597334124830179
-0.0670964157114169 0.0498924186955451 0.0639656240691362 0.0664423079874036
-0.0261460723321092 0.0864312616537224 0.366480581086763 -0.610159889613666
0.039378916370898 0.0400555645523913 -0.404537508217839 -0.880524691673369
0.0379740420155383 -0.0279118827637389 -0.870871797696524 0.0210634053580966
-0.0185964448909247 -0.0291112276720923 -0.178179286951793 0.627432689424175
-0.0205832006256237 0.013374745593671 0.313423552918621 0.298604833111609
0.00257459305126853 0.00751502905964672 0.192775941313834 -0.0574552128987699
-0.00368931689241284 0.00949035737374737 -0.0941686621023229 -0.181405938796054
0.0136034156844692 -0.000529397453233821 0.0873758010390303 0.141283820616146
0.00241556721394392 -0.0040265349672804 -0.141519681568259 0.0538450917060312
-0.00393002207152297 -0.0122042323242466 -0.281371180459685 -0.302506616434322
-0.0124115451533389 -0.0254342519922821 0.189878926631208 -0.53666748158635
0.0121323565103559 -0.0140454687345818 0.77127342763696 -0.029577929464781
-0.0324092995766297 -0.00686397929904397 0.435141257420571 0.829779024685495
0.00429975640278021 -0.064605337447194 -0.31941861159257 0.644772248109143
0.0406493312205527 -0.0642914002795695 0.0112549929273195 0.106780790622986
0.0101591377912499 -0.0381968341619886 0.322188471534466 -0.554323517808132
-0.0297104874256811 -0.0334212951181969 -0.424092429905259 -0.808570165430737
-0.0309450775875498 -0.0276000350461447 -0.85699065484302 0.0904880797565166
-0.0438119602708705 -0.017278287051023 -0.152154778314671 0.665993031691174
-0.0221322856056279 0.00925360457426629 0.332951693888253 0.296880792348739
0.0163789222589846 -0.00680429910929121 0.206443046366142 -0.0683419334522585
0.0244841097248938 -0.024318264991477 -0.0784840512209959 -0.196296807096335
0.0163453938444264 -0.00127770813936946 0.0864756489839274 0.139272466937823
0.00730790645647048 -0.00112476105696616 -0.14754751312405 0.0391712443635867
0.00192325511157608 -0.00571322434481575 -0.266077403953506 -0.32174295694139
-0.00818466592558381 -0.0188331834178274 0.222685938447209 -0.52617164449548
0.0104674858140313 -0.0160651282183861 0.786320177869 0.0404809262202896
-0.032372953635072 -0.0158170073484976 0.374263013540994 0.866339476017063
0.00905258677915003 -0.0645061790018063 -0.345201479651816 0.615584801499418
0.0411347841836366 -0.0618175390937828 0.0361759561323153 0.0821319765467887
0.00993334413032721 -0.0385318350126775 0.296233849696845 -0.58523559857497
-0.0300702424674766 -0.0369778190603309 -0.487932648422061 -0.772566932148344
-0.0344155645948398 -0.0289302172069217 -0.844765694444935 0.154584730482411
-0.0393820602905464 -0.00854056093624046 -0.111441192817844 0.667359581713466
-0.0124724282244987 0.0155127004726771 0.34354303728746 0.26967909508722
0.0244076546752977 -0.00662321005375637 0.197141582167573 -0.0842979113066975
0.0279693284615457 -0.025011811374415 -0.0821463974875809 -0.20052094776807
0.0182161560766676 0.00162650423625109 0.081664482342194 0.139115964059348
0.0117165359405693 0.0027621883269661 -0.154893375072279 0.0276431433939555
0.00978542759159851 -0.000275052968363346 -0.256833736561926 -0.341576695533617
-0.00388659376835843 -0.0146359349797434 0.25272188555087 -0.518026774677754
0.0145559523979372 -0.0169036643370674 0.787543479064414 0.0826120937473906
-0.0281550154034616 -0.0157304021723079 0.327193083811379 0.882750153733112
0.0081245848223883 -0.0548639858402788 -0.359510720476825 0.586516439286757
0.034006963430132 -0.0507922483236765 0.0592455261782481 0.0591121897588654
0.00835700144837335 -0.0280027751774974 0.278096709477865 -0.616829628014968
-0.0264712967483917 -0.0359783283853567 -0.531188024048891 -0.74878702369685
-0.0315704540366391 -0.0304190318199077 -0.831614021287958 0.199178608559112
-0.0333557698763501 -0.00230940524403205 -0.0744497779088424 0.657404801681919
-0.00409437458900631 0.0208954574246559 0.347379239621115 0.245992706810487
0.0290354998214434 -0.00382574997691219 0.188307028950198 -0.0979799591737843
0.0284308463459583 -0.0235816359874894 -0.0862155036325422 -0.199585133201821
0.0173596343632994 0.00712931858419348 0.0762815338958643 0.141738637878163
0.0139187057734585 0.006523551935163 -0.159630241240274 0.0222245790027666
0.0131638256706802 0.00250875455643982 -0.251670085775596 -0.354215786123384
0.00133519892932771 -0.013886764095852 0.268465137318081 -0.518323430228631
0.0240482885941393 -0.0150175872787183 0.788759686758553 0.100828888037275
-0.0212774772744658 -0.00607526195911174 0.304154558450473 0.888815092332396
0.000497228439427261 -0.0354591636794807 -0.360635748698726 0.567742332598778
0.0184977244678677 -0.0335758422766893 0.0774704570944067 0.042426376015019
0.00613048901086409 -0.00969427976441357 0.271859670385928 -0.638777239325114
-0.0148076099446611 -0.0297571151786491 -0.554798547244601 -0.743087845182436
-0.0237085717405356 -0.0319000756597468 -0.822119919312911 0.212772748515426
-0.0275777365412315 -0.000432768882979688 -0.0573016205395237 0.64712938362706
-1.04802595242877E-05 0.0236722861879467 0.347222318404393 0.233017406796993
0.0307392248562735 -0.0022757334010263 0.180653381504031 -0.101667376169292
0.0256559477879343 -0.0179973388552502 -0.08969091727378 -0.197919568120498
0.0144658417256869 0.0137041338166899 0.0710363629091961 0.146248986510478
0.012693455753684 0.0084861234369533 -0.164260163944848 0.0241071921466955
0.0145197533497038 0.00305561271902417 -0.252854118662817 -0.355843378103418
0.00735448138540372 -0.0163411693155532 0.268908552198994 -0.526150343126854
0.0387880374908566 -0.0133836748600591 0.78957051748385 0.0919453396266904
-0.0104143458670631 0.0124611400765292 0.305990968962156 0.878842938887883
-0.0111941115791713 -0.00929615661983071 -0.350666806099287 0.556763608315591
-0.00173574614065467 -0.0110357247956798 0.0891511053650401 0.0333391189490911
0.00322749277182879 0.0135670160932561 0.278517063063742 -0.649545022852567
-0.000186612474212609 -0.0175457752571938 -0.553422582630864 -0.756299272004195
-0.0112157365341753 -0.0335535614930366 -0.824990925946989 0.200982025657526
-0.0245725301672795 -0.00306856603691659 -0.060935859318765 0.639983714210304
0.000579148848051939 0.0251415663442308 0.343232566183433 0.231618647287154
0.0273263858183625 0.00113984121777879 0.178193930787766 -0.0996517483820652
0.0202702764631837 -0.0106793495086098 -0.0925155476980887 -0.194214734248772
0.00961409590119816 0.0203767327229643 0.0651981227382187 0.150117897984917
0.00976637499870591 0.0108840008273093 -0.165129431633271 0.0324020230517183
0.0124619672461089 -8.48138076326686E-05 -0.262288108690961 -0.349775368035019
0.0125285222611646 -0.0224247888322287 0.251078720826635 -0.537742061081271
0.055305244781434 -0.0117155486771332 0.79177873757827 0.0550858464842007
0.000918968965385781 0.0337109560364575 0.337871296626225 0.85602754388932
-0.0252190825989458 0.0194349705160101 -0.331664088554433 0.559266033940014
-0.0253500639016152 0.012263629041736 0.0900768310688746 0.0339817230199098
-0.0028265285945986 0.0413213787551316 0.301531250639616 -0.650759936089848
0.0161273404515998 -0.0012944929100484 -0.526303310425834 -0.787798051098866
0.00443472504882152 -0.0344552749063236 -0.837186983359317 0.164024082750991
-0.0223370475906128 -0.00841997132118689 -0.0838837672391092 0.634644797763267
-0.00357904687914299 0.0239010341824937 0.335832025830467 0.244165893224388
0.0209644748049633 0.00463009531043895 0.179117247428025 -0.0897382859555275
0.0122314769399972 -0.00284509436235982 -0.094164203174432 -0.189172340285049
0.00342230937857326 0.0280110379594908 0.0616335647085499 0.15467872117135
0.00396980139774554 0.0117469182550012 -0.162951852383696 0.0473320704814149
0.00721529539274276 -0.0040316433778623 -0.277320180859758 -0.330029109319099
0.0150224102079543 -0.0311367583423576 0.21864730999897 -0.550446861870649
0.0727206874923549 -0.0113465659523902 0.790940180741995 -0.00633244710310701
0.0160223131632033 0.054845629704332 0.390866607952507 0.822151087836618
-0.0362044660640997 0.0480040541267574 -0.305479045090767 0.572027463893588
-0.0479418730067823 0.0330681739508913 0.0817279371740363 0.0457533917609742
-0.0127999297575776 0.0667518583638888 0.331421724956128 -0.635012345679296
0.0309877529539796 0.0193115110345036 -0.471557369467722 -0.8309561623009
0.0217658875640218 -0.0319677146833178 -0.853534915323033 0.0995644617552425
-0.020417337896471 -0.0177149236407134 -0.124169582514161 0.629783631353176
-0.0112160199152444 0.0202223344497 0.325304915369291 0.268538640164562
0.0110871821459015 0.00737823506272504 0.184851949769981 -0.0751143132472686
0.00385695468736231 0.00423537651740376 -0.0934122684700136 -0.184450553266768
-0.00214607968225133 0.0339809236891591 0.0607540416284983 0.159183096203114
-0.0021426374722652 0.0123926648590914 -0.156995528967869 0.0653986285610882
-0.00102062042604997 -0.00921023164593435 -0.294837980038956 -0.304103324443927
0.0128724705114329 -0.0400073169420055 0.174279951769883 -0.56280781359496
0.084272602481781 -0.0141315752443982 0.782575524298352 -0.0781485396872053
0.0327559064908751 0.0712675172560881 0.456632740873118 0.779988697298657
-0.0420227979975276 0.068959183269614 -0.274843329058793 0.594754323752558
-0.0668247101234603 0.0480470968075956 0.0641602794958493 0.0661791288432545
-0.0250533269124305 0.0865054742510003 0.36685779304019 -0.606456996571887
0.039421076385613 0.0413321412761298 -0.400605728870288 -0.878365546493329
0.0380092258074768 -0.0281206459708322 -0.869394827059208 0.0197535710404994
-0.0181409816571185 -0.0286516649331313 -0.177560386702979 0.627259358900319
-0.0205449705866425 0.0131617301113154 0.311827113527842 0.298711798259912
0.00143980978893253 0.00728531908788614 0.192068150502868 -0.0565210788695132
-0.00419216554769195 0.010270393192361 -0.0926481137461523 -0.180381580425288
0.0138455434146231 -0.000944172262267055 0.0864877137534329 0.140341729368498
0.00212567447267588 -0.00443604045626731 -0.141520277884117 0.0536093876958461
-0.00397146260208291 -0.0123196890353909 -0.279775613014281 -0.302924722035467
-0.0119927706470089 -0.0263356073439723 0.187532886479192 -0.53491261197403
0.0128173051519484 -0.0150535287559721 0.76873036256199 -0.0289549551275227
-0.0320960673862528 -0.00701391649017138 0.433608147445958 0.829465331403462
0.00411304946695587 -0.0638944204537112 -0.319028369124017 0.642117963460066
0.0415833632498605 -0.0641857309540909 0.0105550087215797 0.107341121833979
0.0106968502773584 -0.0387848494001489 0.323259674579102 -0.551377357485059
-0.0287969358668242 -0.0325845987950542 -0.423036394769007 -0.808958827473613
-0.0310289139458211 -0.0276692484791811 -0.857275534674526 0.088939583963801
-0.0424479065882237 -0.0175290188610404 -0.153458245497087 0.665090164642667
-0.021895372040858 0.00819020590340657 0.331839429867418 0.297640379481799
0.0161820099193012 -0.00766600837438297 0.20656632341448 -0.0688922397079162
0.0227769490197767 -0.023606674298206 -0.0778601925634175 -0.196909009300497
0.0174498357598756 -0.000564968463988583 0.085666566822238 0.139068567385846
0.00761216766440238 -0.000947214077875334 -0.146558007510653 0.0389740032821782
0.00353107320864501 -0.00611168992399578 -0.265228543259455 -0.322263886136611
-0.0083332198011775 -0.0183994988396756 0.222321413739086 -0.52410627329657
0.0107607198463653 -0.016015516547087 0.782356079008605 0.0419075941988147
-0.033083722433312 -0.0166874726511326 0.373917108737871 0.863337632668967
0.00972591226150237 -0.0649447094694115 -0.344744272783174 0.613609440511052
0.0416087761247635 -0.0612649789963981 0.0356648697424289 0.0808267128611685
0.0109113928301493 -0.0372723805838583 0.297228988340945 -0.585201621689085
-0.0304971000441362 -0.036996795089719 -0.485184165211698 -0.771278731098762
-0.0344476449865998 -0.0282370905212151 -0.845028385781827 0.152763721660525
-0.0390997825761404 -0.00860910015027323 -0.109955890340902 0.663096491498511
-0.0124683275419672 0.0151484115712536 0.341913064599367 0.26899225516428
0.0233207753625136 -0.00683442730593206 0.196927307515736 -0.0842974854500288
0.0267528556318203 -0.0251907429894663 -0.0814752329734703 -0.199900978713222
0.0184244521260904 0.00213480658643394 0.0810163148305295 0.139318349077363
0.0114802156067941 0.00307037257875479 -0.153880805799042 0.0279977755163218
0.00979505081483651 -0.0013016763485647 -0.254954117218968 -0.342449000060848
-0.00363685750373759 -0.0140640847054285 0.250782368538966 -0.517643003515166
0.0147283005601185 -0.0158624804546666 0.786419071508882 0.0843622542469649
-0.0286198719921084 -0.0161129400528269 0.324816178213245 0.881859676896121
0.00919695358500658 -0.0546866899833911 -0.359011186079529 0.584896856578387
0.0340426993367795 -0.0508074199039885 0.0582962301807336 0.0591057172735208
0.00919949811497171 -0.0279371538020269 0.278349819824728 -0.614015668874108
-0.0256263264907648 -0.0357572727383458 -0.529349878622254 -0.749124962942967
-0.0319618070320973 -0.0301872408372691 -0.827852986330972 0.196022778894303
-0.0331618786835133 -0.00249087553198894 -0.0742031917526308 0.65585151438186
-0.00417323303694532 0.0203686224008849 0.346593078792767 0.246193085767164
0.0282515367844451 -0.00399543561840201 0.187897131670315 -0.0970666178872222
0.0274904699218939 -0.0228320716154864 -0.0853390028738416 -0.199222041649553
0.0174294453596722 0.00690280113967752 0.0762328146239369 0.142458386594121
0.0133801573672198 0.00598688256429226 -0.159731470316307 0.0218360409389185
0.0131745593258415 0.00217830732775153 -0.250579404403018 -0.353107045058645
0.00239864365100773 -0.0135219625907172 0.267290908517991 -0.517805037503822
0.02416640618702 -0.0156750043706345 0.785758144286987 0.103377445574874
-0.0209560881806761 -0.0060466658109786 0.299974965353528 0.884703476199216
0.00178120096260303 -0.0356473087031415 -0.362562303104242 0.565744196991609
0.018951281999305 -0.033765688758544 0.0771773632452392 0.041489274602335
0.00676010191269544 -0.0105536413559671 0.272315310846035 -0.636564454898763
-0.0148189034800601 -0.029347567375115 -0.549868086119048 -0.742473477810531
-0.024494709163676 -0.0316924974162142 -0.823099796169579 0.213091275057755
-0.0280585766157964 0.000249647400469236 -0.0560453315673031 0.644402208630462
0.000495897620096677 0.0238041457211604 0.346087114822483 0.233388809569541
0.0302638313344562 -0.00200213586279502 0.181024160727046 -0.102177007011248
0.0250192659157252 -0.0184115916988906 -0.0895692696066695 -0.197310483129788
0.0144023143820705 0.0136043671283365 0.0688865430056869 0.145545601157554
0.0127737828732066 0.00854336016787218 -0.163833139190886 0.0232912183461469
0.0149748830047449 0.00285167124160692 -0.252791756545452 -0.355544746283372
0.00773513940385229 -0.0150135883571034 0.268261524867039 -0.522854895047397
0.0385676332026152 -0.014213286269634 0.788833167931743 0.0934527119819282
-0.0110119953130853 0.0115952706825207 0.303851115851903 0.876942932792091
-0.0115380509966504 -0.00894670345592591 -0.351171695471484 0.554366364867896
-0.00191704626809548 -0.0112764683439689 0.0888089697429852 0.0336689804371979
0.00387149621185998 0.01418199361454 0.279451449991453 -0.648164080019059
-7.87951581417354E-05 -0.0173819040251265 -0.550275353897769 -0.755320732427474
-0.0119039243710425 -0.0328492694049591 -0.82484196027228 0.200005185156324
-0.0240858835254776 -0.00226533820384806 -0.0608929391949188 0.639283754490768
0.000565920533519566 0.0249309060977957 0.343308545595445 0.232843141114903
0.0258889901195596 0.00162628773287662 0.178447214509956 -0.0993207476837154
0.0196319242894506 -0.0106706379627935 -0.0924224311232077 -0.193920173934583
0.00927937751949606 0.0201998610690459 0.0647339165591726 0.150235937717394
0.00987404594980834 0.00993687078264046 -0.165356956716238 0.0318930636884738
0.0132737350606307 0.000257053157318974 -0.261231251918034 -0.346989796629295
0.0129528026634445 -0.02212365862312 0.250451272320966 -0.533863562277412
0.0564901824554113 -0.0117005471624306 0.788689774056535 0.0553731381832497
0.00138871695948094 0.0338107435137449 0.33368678588269 0.852933680434265
-0.0256907411863135 0.0192075851862808 -0.330047669956433 0.558923763392984
-0.0250453797438464 0.0122242301017319 0.0897204652996181 0.0340495513425169
-0.00274624366140815 0.0404812312742165 0.300710453931958 -0.648012929962391
0.0166166859733007 -0.00172967141989003 -0.52258420881717 -0.787269888865373
0.00398374767511439 -0.0336113275872712 -0.835868195909049 0.161756715842471
-0.0223124162900013 -0.00860592980153928 -0.0836801864928715 0.632671287935861
-0.00325203330819272 0.0240586535688644 0.33616452893851 0.244016899024525
0.0203241193347063 0.00490287929138692 0.178795787232269 -0.0905274165177934
0.0115491319231497 -0.00328450552162114 -0.0932505108576122 -0.188764667904839
0.0037035517062779 0.0277356001192114 0.0610195566979572 0.155010698382499
0.00479264696038884 0.0114190199850546 -0.162255170044144 0.0462006163742443
0.00665721014429346 -0.00415859007055635 -0.275864149808503 -0.329775455401057
0.015749223531774 -0.0313373226089782 0.218581267893491 -0.548461132120009
0.0717773022148358 -0.0117920216466758 0.787332423025698 -0.00378582461945884
0.0160234448281448 0.0551927667035383 0.390507847606425 0.819744814902131
-0.0361618716540855 0.0466312088908318 -0.306861977314635 0.570673158720863
-0.0480357134832206 0.0328157856575746 0.081733193366632 0.0465602281294924
-0.012261961516017 0.0661613190033138 0.331974939472101 -0.631797471453756
0.0304394472540056 0.0191545089292864 -0.46966046119236 -0.830302886493907
0.0212214351817 -0.0323783670661537 -0.849699416500474 0.0979574556748335
-0.0207228306635521 -0.0178319162818472 -0.1251977101107 0.628758293349759
-0.0112105609298812 0.0198634681923588 0.325413060300409 0.269977877181496
0.0103554069939939 0.00819654255645168 0.184095707403669 -0.0752386482179466
0.00296885668212512 0.00520744930830147 -0.0939794742261957 -0.184658521373471
-0.00253620208832139 0.0344094643288864 0.0597900507645281 0.158960869667363
-0.00175319145648011 0.0118636778092 -0.15710464828659 0.0645679287107165
-0.00116666125233147 -0.00974894309603901 -0.293448464754086 -0.30335918114035
0.0122457433374656 -0.0398874143341342 0.174222425721399 -0.561865764269144
0.0842371941358546 -0.0149890547727314 0.779236481955709 -0.076099796257081
0.0321929284473604 0.0714871982918457 0.454742718183974 0.776936930238382
-0.0423558806255277 0.0680661868862514 -0.274036826967536 0.591060183603939
-0.0664465815829949 0.0476317223182828 0.0636621076953741 0.0668727331274452
-0.0239725721155811 0.085414096390992 0.366853984467799 -0.604153175372971
0.0389529482066755 0.0400246845703459 -0.398610660736604 -0.876446618946275
0.0378299982868797 -0.0282129644370069 -0.868281245767762 0.0189816179169914
-0.0179081961136353 -0.0292311138028379 -0.17838638527659 0.626404826688582
-0.0204150655425887 0.0122585475516987 0.311912190681985 0.300509456367621
0.00021088390626383 0.00737761296914518 0.19287208347944 -0.0556200789978231
-0.00549494877070676 0.00986788607212359 -0.0910192563650366 -0.180018052584718
0.0140537815643711 -0.00118674301382986 0.0854659816567592 0.141625283860274
0.00246455432564926 -0.00387469441433501 -0.140570078517871 0.0524443696282852
-0.00390062889766148 -0.0138221071998489 -0.279432391055762 -0.302805386990985
-0.0121638494920058 -0.0255152285327949 0.188233424419142 -0.534774846612059
0.0130872597743327 -0.0154046710190505 0.768098506076896 -0.0265001424177233
-0.0326771774418467 -0.00746846429209254 0.431720937199224 0.82634793303166
0.00436429546613346 -0.0639667080766004 -0.319699919126187 0.640631998407651
0.0409277417928303 -0.0638559277995799 0.0113033848532794 0.107015709710015
0.0111361007747657 -0.0382042930265517 0.323829025651251 -0.55178359453107
-0.0291710862360188 -0.0325184048929504 -0.41982220222973 -0.807478662386961
-0.0314125062796627 -0.0270067606491472 -0.855550359961522 0.0864842894959411
-0.0418447197771514 -0.0165772004416499 -0.153929065221245 0.664107344456098
-0.0219549044306676 0.00853334617538254 0.330730967198257 0.298448228113386
0.0154250646791841 -0.00775729462744486 0.206054135775295 -0.0674571886519963
0.0227453331100991 -0.0234626485336579 -0.0765262715491105 -0.19628556484267
0.0174646167905741 -0.000584336485870281 0.0839571080184634 0.13816268142265
0.00786335842827357 -0.0013838747644184 -0.147001033018809 0.038826566445835
0.00378469419887429 -0.00665681038000071 -0.265427264350225 -0.321781327243924
-0.0087044603727394 -0.0176322475679104 0.221334275238147 -0.522670708144602
0.0108234767029359 -0.0158089906223325 0.78138546945258 0.0437539552769097
-0.0324427408744939 -0.0163202019585845 0.369564419414716 0.861953226183948
0.0102761995918602 -0.0648577200568898 -0.344966941772471 0.611126338311537
0.0420638706324094 -0.0617953419273904 0.0355354854322752 0.0811353405852609
0.0106852363776625 -0.0377362748328154 0.298306397241028 -0.581443273950063
-0.0295971060269863 -0.0366055306921876 -0.482344816130697 -0.773542614127158
-0.0350419944806148 -0.0282203216684601 -0.844778566940663 0.150225400636806
-0.0383130114557466 -0.00858719184805082 -0.11203894977463 0.664353900028423
-0.012194034252516 0.0153577270063036 0.34129549000288 0.270404617406728
0.0226575903213551 -0.00632761989673859 0.197503385035376 -0.0838924061287298
0.026662730035042 -0.0248505908191665 -0.0802368646176068 -0.199875303918326
0.0186833423620013 0.00192422473975268 0.0799953947384173 0.139243299410452
0.0110795930419291 0.00152815453716311 -0.153660520557613 0.0275148094106244
0.00953247439998886 -0.000622452605369441 -0.253579944336156 -0.341299211083241
-0.0036013280241965 -0.0130336983388258 0.251848186414285 -0.515335200808048
0.0146794802601451 -0.0168115644690469 0.784988156323264 0.0852130427349408
-0.0284655440839638 -0.0165982868263508 0.322922441961407 0.880440689008542
0.00896179283729992 -0.0543192148946766 -0.35952756389202 0.583307318546324
0.0340125089629813 -0.0515536776568217 0.0585925541996223 0.0592623582098635
0.00952435664987124 -0.0273071458441265 0.280452584635466 -0.613956149238719
-0.0258793577680167 -0.0354324035121916 -0.526302403847538 -0.748741853354003
-0.0316176962594926 -0.0297221645772565 -0.827529682864476 0.193118511496991
-0.0334649838187268 -0.00236456594058867 -0.0749373054842289 0.656987241165962
-0.00408080771274503 0.0204078405988822 0.344156093575099 0.246726878466823
0.0273672968007847 -0.00545045405681624 0.188136447370761 -0.0960330631476473
0.0265716052410044 -0.0225138974676785 -0.0840744025741877 -0.199126826209004
0.017295034978096 0.00685417060509616 0.074792629833989 0.141884089314655
0.0136910426817889 0.00562096253500905 -0.158877804733724 0.0221767972818606
0.0135259986147902 0.00207897174133723 -0.249530663186428 -0.352302054296236
0.0018010644194618 -0.0126335994463828 0.268019061412468 -0.516054621208494
0.024565699820464 -0.0158628467461828 0.783806403046049 0.10358469666393
-0.0212047206173965 -0.00643808518254947 0.299496453486895 0.885257459683317
0.00106259245357681 -0.0344881276259861 -0.36035414765047 0.563836172148927
0.0192450349165698 -0.0340622408378502 0.0766398590928295 0.0420706558278994
0.00757076007327498 -0.00973581876649168 0.27375195273434 -0.634126072517177
-0.0153156858528355 -0.0290770214815067 -0.55030114661779 -0.742108150423239
-0.0243683150915537 -0.0311092983481468 -0.822490591135872 0.211311118598801
-0.0273962461989934 0.000142155299998141 -0.0569981324740895 0.64601905560143
-0.000378416595838201 0.0229735660926961 0.346458387336878 0.234796581032243
0.0287436563703658 -0.00194514796207687 0.181944920909672 -0.101662904782295
0.0237840182137223 -0.0174732245785979 -0.0880084370615726 -0.19728721166204
0.0148047875217594 0.0136786096411877 0.0682517693498726 0.145253877054538
0.0124702666107943 0.00859652009385815 -0.163558780066558 0.0232731988987736
0.0143326798528076 0.00304341030388023 -0.250367764358542 -0.355248873642776
0.00840247338381094 -0.0147643823818856 0.268032992870337 -0.523380584613292
0.0396007219983632 -0.0137422300330905 0.788093992419856 0.095655823136919
-0.0112721668484014 0.0111758715860004 0.302082833053513 0.874424290299347
-0.0111201352308275 -0.00874693676572471 -0.351114346511218 0.552738064209499
-0.00224193435765205 -0.0122251621776438 0.089207803313394 0.033641484886398
0.00420061886785699 0.014139340601051 0.282465451459611 -0.645168449150029
-0.000423891742102625 -0.0171792500281954 -0.548362383609594 -0.754862874384761
-0.0119309985511889 -0.0331084549035366 -0.823425217113732 0.198746350934519
-0.0235918297872395 -0.00209344984459139 -0.0611005953554814 0.639237211321441
0.000338088922023024 0.0246853251331613 0.342426228554084 0.233300813484959
0.0253728039831333 0.00180674324432455 0.178878935837851 -0.0992056622102095
0.0191073369845042 -0.0103901927719443 -0.0907100736110122 -0.194111877910288
0.0096011669093692 0.0205513233426018 0.063369949094334 0.150402665742945
0.00979191220296053 0.0102090318025386 -0.16438189692872 0.0310937507158121
0.0129276596832165 -0.000138570407898192 -0.260360134639367 -0.347605843611964
0.0125849647041355 -0.0213184976423907 0.250515295172034 -0.532255110992195
0.0562763829355606 -0.0117134055192201 0.788348337439535 0.0578895926990403
0.00102145976595626 0.0329704134436029 0.332492972111614 0.85136115450577
-0.025023567374135 0.0191732757795189 -0.332662118030225 0.555097021903154
-0.0251181929233704 0.0112758579249903 0.0903369198207996 0.0348335618139337
-0.00258745307907878 0.0410832952798978 0.305715640365795 -0.645592902916312
0.0162540246695598 -0.000892857486359477 -0.519107686729373 -0.788913021491508
0.00363120462923197 -0.0330703852773321 -0.834450832921702 0.15890319120381
-0.0216394936822604 -0.0094100619575333 -0.0836792571087149 0.633851518958643
-0.00400439428770952 0.0232081146935989 0.335338311515401 0.246493490359021
0.0184701285261498 0.00494347644704512 0.179760375695647 -0.0894511041385435
0.0107297922089717 -0.00221837557019317 -0.093150486715413 -0.188657169248432
0.00303147671583761 0.0272386662387196 0.0603341975105408 0.154641424396135
0.00425764786504555 0.0112393919688574 -0.162003524115731 0.0460910063446375
0.00753496508269738 -0.0051274710645999 -0.274657014928308 -0.330361715682011
0.0150987937637042 -0.0295662135734872 0.218858558788112 -0.547170425380431
0.0726666141176165 -0.0124862580109168 0.786941447931689 -0.00268793800846322
0.0154684983428202 0.0544163457157857 0.386865637868263 0.81825993493861
-0.0355644156387625 0.0462954874707161 -0.307777401432061 0.568388409737768
-0.0479674840637758 0.0325957605248323 0.0807370071296062 0.0467619437122407
-0.0117145667843184 0.067151610460043 0.333332623483131 -0.630966539520655
0.0307987724774972 0.0191411616554061 -0.46623043734818 -0.831335279211367
0.0217585189785916 -0.0316215135981667 -0.851935549270454 0.0963046936731888
-0.0201767513888304 -0.0183207572076634 -0.126928665706145 0.629263207353291
-0.0119373331640901 0.0197079093246945 0.323619227403788 0.269672745139006
0.00887985745773443 0.00813696252873907 0.185341392269907 -0.0741843447814835
0.00340304833464453 0.00454914136502468 -0.0932409961135876 -0.18389562797331
-0.00284351399535245 0.0338795557619884 0.0581721500823942 0.158970458241205
-0.00275761144837895 0.0115595607231273 -0.156293655177758 0.0642051649682021
-0.000309958217741335 -0.00904966064952518 -0.292779606380452 -0.303273533713513
0.0132215583300425 -0.0399949733229449 0.175193948708823 -0.559206975399984
0.0840374457592734 -0.0147946523017085 0.779586892240956 -0.0749414803808348
0.0313297527352906 0.0712460373104589 0.451260355778177 0.777200960899156
-0.0413289856618795 0.0680553033517937 -0.276146700259777 0.58969102127772
-0.0659333229772073 0.0476544278082838 0.0640813578155902 0.0659803068430413
-0.0241438096248047 0.086364661222902 0.369513758579356 -0.603641606724274
0.0394981293916636 0.0406205311266026 -0.394711058028538 -0.877441011451359
0.0378104788879592 -0.0275790155468064 -0.866165353849896 0.0155226789954069
-0.0185274557074943 -0.0295913676238424 -0.17880720202085 0.624490942820537
-0.0206897547068707 0.0124592704869647 0.31125249884889 0.300091581340691
8.61883894251203E-05 0.00794306882447159 0.191966590273483 -0.0562045402119974
-0.00546533725234446 0.0104700528807646 -0.0909426490563295 -0.180384081112449
0.0138787143639857 -0.008665471302748 0.135706029982968 0.0939129273784948
0.00359205790626731 -0.00346400211219212 -0.106245250777993 0.107427240804589
-0.00831538644017842 -0.0044885659875217 -0.380639863791557 -0.154886050080809
-0.028226762913334 -0.0140170472290768 -0.0610836743292097 -0.565559007674432
-0.00402926049912346 -0.0273777818001741 0.683079712858907 -0.355301375228482
-0.0298996064837067 -0.00102261635370989 0.74406558957246 0.560736716939924
-0.0223766156303107 -0.0593633941438737 -0.0180018565185067 0.717566890325033
0.0119152148338989 -0.0774064857350715 0.0565067466934659 0.0928088101855685
-0.00270773772752086 -0.0409004935917002 0.058739395910903 -0.637416842102775
-0.0434363110385886 -0.0177789767073941 -0.728086780051126 -0.55251319704086
-0.0428725166829664 -0.00917617104309329 -0.733800693757143 0.4408158054103
-0.0450862964937232 0.0117391868236605 0.141036606896411 0.661761045767949
-0.0138154332039707 0.0217420039277017 0.424410296310036 0.126150886445081
0.0126464361473508 -0.0130808869791521 0.159857412612839 -0.146387242938448
0.0091928880420706 -0.0331315229004125 -0.150463437370454 -0.146205245127841
0.0167179243936176 -0.0106629006282936 0.133623821891698 0.0925045037829249
0.0085732084893828 -0.0039959547666987 -0.116459066112653 0.0968511123722457
0.000103564972831358 -0.00176287370380237 -0.375149979916933 -0.179026840246155
-0.0222428353888773 -0.00882126994470176 -0.0240084930227822 -0.568604465723332
-0.00527597714787935 -0.0284237197933403 0.722268408170159 -0.300843071006762
-0.0320758259356106 -0.00890153107124399 0.703555689979281 0.619553775076299
-0.0184063896619367 -0.0615728856183945 -0.0526908145504558 0.703034548027704
0.0139093206616841 -0.0748921032517588 0.0686346065204881 0.0586715060013223
-0.00266865437686263 -0.0399540291338894 0.0199701530032265 -0.656646881560447
-0.046001680613314 -0.0214523995662965 -0.769561591927295 -0.491675602258957
-0.0468375226230212 -0.00780833648543443 -0.694171085898849 0.492487591465109
-0.0385396075479514 0.0178609874229441 0.179723735583862 0.646191468508389
-0.0020146322167142 0.0230320321697693 0.420760576229553 0.0993889352365802
0.020576777111291 -0.0165805048175021 0.145102269572977 -0.157014505382768
0.012866354565984 -0.0353565090285848 -0.15493811894255 -0.147144931883762
0.0185683365537836 -0.00845217954989481 0.129320284308084 0.0933772114477271
0.0142473995330702 -0.00224294313685444 -0.127594026853595 0.0906896782342591
0.00705142757538276 0.00136093340634306 -0.373013380752791 -0.19948674107675
-0.017341199330404 -0.0076617753174298 0.00522047423028239 -0.576673851727951
-0.00174675142119715 -0.0311196971254056 0.743123504153851 -0.259052334577058
-0.0282214494949259 -0.00972856236208199 0.667963296937225 0.654713262360567
-0.0143711925087418 -0.0528699520344434 -0.0783024126370754 0.682330773776277
0.010876188139178 -0.0610024496614164 0.0798962284263491 0.0283421158526419
4.38338753360953E-05 -0.0314128717000313 -0.00903701624312712 -0.676139919070824
-0.0411883419974237 -0.0222676543651512 -0.798303787592964 -0.451592435366034
-0.0449098259369089 -0.0099100560455027 -0.664112268084645 0.528250999909746
-0.0306087676424504 0.0201744927256947 0.208279775109592 0.624402177084521
0.00756062109198372 0.0245405021840191 0.414967329133627 0.0761432918228531
0.0245272578302404 -0.0173964961044465 0.130999306055553 -0.164337016164643
0.0139147695322658 -0.0336925583667946 -0.158765989342132 -0.145809180871641
0.0201136731446667 -0.00328374476530617 0.126549980867068 0.0986729596409135
0.0164265681518325 0.000752725261401806 -0.135067943130866 0.0866989784394019
0.0121454648277278 0.00283508872791469 -0.372927905459077 -0.215788283617766
-0.0118523463422501 -0.00949909815544419 0.02336114930469 -0.582969333092392
0.00761164147998961 -0.0351087807799396 0.752546571709528 -0.245653380205127
-0.0168378618243949 -0.00401353334187252 0.648810289222663 0.669407372572461
-0.0129074792812548 -0.0314661539509554 -0.088363863961172 0.664094924536887
0.00354312230870529 -0.0394071021516746 0.0888936917463528 0.00367236446708336
0.00610650476937582 -0.0147454808458811 -0.0238619009869258 -0.692305292976844
-0.029208135386844 -0.020144628161914 -0.817264537353666 -0.436347704167788
-0.0376724388437338 -0.0152992067520753 -0.650962177288301 0.539214741461414
-0.0230988685048878 0.020706761828601 0.220291764367817 0.608525793642137
0.0132225187415259 0.0254963078923137 0.409302752490443 0.0658064506771384
0.0269450472539452 -0.0138829738441139 0.122539354655422 -0.165450625905635
0.0125785225817785 -0.0278020717833578 -0.161691277115445 -0.141904997386741
0.0202337407256698 0.00412802535880133 0.122763573385289 0.10555436005363
0.0173208802267075 0.00337384389328175 -0.137897772921379 0.090067427475259
0.0126680531671421 0.00249922418066973 -0.377732201713488 -0.214396908670632
-0.00817962469720277 -0.0134382999948336 0.0190594777982491 -0.588276319460847
0.0219726309487719 -0.0389245766236505 0.751446603384679 -0.255437348226893
-0.000747383774768864 0.00839402442449502 0.648666566533117 0.658808499281881
-0.0149567635070718 -0.00355487879935066 -0.0841460380090355 0.653463775993854
-0.00675225074538979 -0.0107020031073853 0.0949552754671823 -0.00817203382180056
0.011705884639993 0.00939585865783256 -0.0240788944166181 -0.70600131802508
-0.0100767386362528 -0.0162875405324126 -0.821770352807617 -0.447526413637239
-0.0257393270822789 -0.0211588763262081 -0.65528909042644 0.528851192530785
-0.0214939631945368 0.0163744348454687 0.215115525899064 0.603455973151625
0.0132593383116402 0.0264560718807405 0.406611879892779 0.0649626172227012
0.0260017507437256 -0.00972428376049374 0.120567174998429 -0.163101074147355
0.0118481666953323 -0.0201018428497766 -0.163244338399138 -0.137644424633019
0.0175987938988469 0.0124567421128953 0.120579858707871 0.111888281008408
0.0145894346351487 0.00616766960137568 -0.13592248167434 0.0984284034053008
0.0100744484879548 0.00115976355786963 -0.382320830846199 -0.203093301980274
-0.00565427165738595 -0.0211345377828147 -0.0019862098484019 -0.592415201871256
0.0372589843312497 -0.0435832702287583 0.735722296731594 -0.290675920911976
0.0195299439205004 0.0226576944750036 0.669601185195521 0.625258355851896
-0.0159649674440292 0.0282013070739532 -0.0655915733317963 0.649120345509329
-0.0193437276997338 0.0201791623475465 0.0966542335833057 -0.00689379827124178
0.0177686309727456 0.036866258046067 -0.0022553657111815 -0.71590228131726
0.0115988355291813 -0.00713280251628778 -0.808785054486006 -0.489122536621227
-0.0118856594917497 -0.0286130255795045 -0.683300030817401 0.500111854463043
-0.0223932008318563 0.00976002248425492 0.191758692734054 0.60887928116524
0.00908835099329782 0.0272745844127476 0.406022248622541 0.0794925809726314
0.0203429604423834 -0.00345835990178631 0.126097943097107 -0.155459473835739
0.00844127794520512 -0.00778775723236971 -0.16243741070782 -0.133747681231091
0.0155343357983498 0.021270868898737 0.119167765249518 0.118442019808249
0.0100857645278549 0.00931835285108662 -0.127457671721915 0.10985831405745
0.00280220188337686 -0.0011640370083941 -0.388189790149465 -0.18210444590125
-0.0065624387415188 -0.0287715865774178 -0.0383965572523478 -0.592098185071676
0.0513224424065504 -0.0492741469071369 0.709459212616244 -0.344878668954639
0.0403592038931309 0.0364139351768782 0.702741585275202 0.571325135787151
-0.0138525332564604 0.0565357120993926 -0.0350354709639106 0.648462912049472
-0.0316784638153399 0.0492821788962098 0.0926655174470498 0.00713545944218296
0.0192514112517587 0.0650861100144487 0.0309152738767587 -0.716224991653936
0.0332503116267108 0.00530826866734207 -0.779309369374626 -0.550326519681159
0.0036407553355227 -0.034951146370662 -0.724977056805368 0.450149441686214
-0.0258051145716779 0.0014860797366807 0.15128724177959 0.621276029087367
0.000111794421802213 0.0270534491606438 0.405807880126522 0.105651898645197
0.0143373475817643 0.00336405569689944 0.136781368497282 -0.144376585060749
0.00316406548426671 0.00274419846746665 -0.160973813328208 -0.129784355748823
0.0127551753481272 0.0288051129902674 0.119735153398784 0.121837479153816
0.00533913021042464 0.0113484980668974 -0.114325872273582 0.125182332774232
-0.0056612081938049 -0.00199207952761049 -0.393165215366063 -0.149662915670667
-0.0115868624179903 -0.0356592039748563 -0.0818993193974556 -0.583083966774762
0.0595841223676412 -0.0565292136509692 0.672185691575722 -0.406441382804484
0.0604850791424837 0.0449554212014562 0.743208514816726 0.506264982459776
-0.0103339775693311 0.0785580833318049 0.000726258525495713 0.657898251528247
-0.0421534958665139 0.0694901570792877 0.0853091687996056 0.0330642029145681
0.0160210166269987 0.0872000125008855 0.0733303596035579 -0.705360654988012
0.0497429984134174 0.0214785957906892 -0.734889308364834 -0.622076197085866
0.0201311311897798 -0.0374121175369629 -0.771221697431491 0.384367025157606
-0.0296579961266412 -0.0107222935515179 0.104026520938554 0.640431446273469
-0.0117344803070987 0.0244871727419564 0.407074287779319 0.137984207231737
0.00514333955718419 0.00808275331333127 0.151984154555313 -0.131498264231592
-0.00171098799139124 0.0112353020826685 -0.158316826421701 -0.127487863199518
0.0140654413513705 -0.0092034974803005 0.135706206576759 0.0945256674810309
0.00364053334968334 -0.00452953137974151 -0.105637709796246 0.107809693414352
-0.00851270380122806 -0.00459181201443872 -0.380947339182903 -0.155986591117797
-0.0279431400941094 -0.0130221738084986 -0.0611391980043694 -0.56690704521982
-0.00402092439534689 -0.0279745417783409 0.682362307602013 -0.356893000798159
-0.0289622708619643 -0.000921104859738751 0.747227024210698 0.562440022211494
-0.0225421909940846 -0.0593591727313905 -0.0193395998066226 0.71828043632729
0.0126966617039775 -0.07724524821303 0.0568328886964849 0.0921976978280581
-0.00165189796427977 -0.0422869624760777 0.0573873339751068 -0.639317157548548
-0.0440260521640538 -0.0179709903540896 -0.731129972431126 -0.55326456622878
-0.0431305716603252 -0.00811682137911097 -0.737368927755013 0.440851779015892
-0.044790476075538 0.0124116210207595 0.141439890511262 0.664817664440804
-0.0137787754195833 0.0211095517480017 0.423843407522745 0.127860001365306
0.0120416291996641 -0.0132643890226509 0.159371119776368 -0.147483782455422
0.00882625481531196 -0.0327904648986539 -0.150553968025138 -0.14676988321118
0.0164629484926025 -0.010298386570934 0.132722696299432 0.0927429931770695
0.0080310889675251 -0.0039480176942489 -0.117063636156672 0.0978381869837854
-0.000205217756641769 -0.00211034521559434 -0.375920575192231 -0.179082039413305
-0.0224335671145849 -0.00957475623507843 -0.0259672098224567 -0.569419031596626
-0.00554384394785052 -0.0292270174169332 0.723952286437558 -0.298441285203131
-0.0324638709498306 -0.00862741350444852 0.704782827344483 0.622463676230615
-0.0175416953498081 -0.062581681708725 -0.0542453668591491 0.70193965655122
0.0142629297979951 -0.0749922300426082 0.0684230733891793 0.0585558222687973
-0.00190940194565156 -0.0407420280092445 0.020619696301677 -0.6586186501313
-0.046335497004113 -0.0205379244717396 -0.771196755961098 -0.494453749472286
-0.0473862260879926 -0.00815759843404715 -0.697712976961207 0.494041046626734
-0.0378064832571717 0.0177095061563293 0.181120681001671 0.647202051494582
-0.00250623135616753 0.0227320426077677 0.422286830461325 0.0998626443178649
0.0195628562444355 -0.0158256095795919 0.145375901948739 -0.158148889567545
0.0118098918629683 -0.0350621677817401 -0.155119378895122 -0.147527117907812
0.0188138468654539 -0.00832382526024317 0.13032804442943 0.0947011442695591
0.0136983381727105 -0.00242262354971175 -0.128309803050937 0.0900196076992965
0.00638219251720148 0.000914365860776818 -0.374456787944687 -0.201421906995715
-0.0168232428961803 -0.00653128593321971 0.00655683387649358 -0.576754808269648
-0.00214978983943036 -0.0321399685585677 0.745072298139331 -0.262536850416439
-0.0274771273961542 -0.0103963738308585 0.66824408506076 0.657956255045486
-0.0140297436947991 -0.0531463400463368 -0.0786726664159909 0.684668863365766
0.0102302919068023 -0.0624522389222625 0.0790409333762141 0.0292588371121868
0.00159481502168957 -0.0316287999780987 -0.00733391543737307 -0.677946559268982
-0.0419833431489936 -0.0215639425171886 -0.800753219099666 -0.454026967253632
-0.0450180130617334 -0.0100579703296074 -0.666241204306526 0.528452051658359
-0.0294474435382382 0.0210563551117417 0.20994195530747 0.62533374079687
0.00663026657093589 0.02403224248901 0.41766578270241 0.0778237232811554
0.0247521501718046 -0.0163546036025318 0.131692553745303 -0.164567253995736
0.0132838536191204 -0.0333451134277394 -0.158956641620044 -0.146886034184646
0.0210100613857821 -0.00355932824519397 0.126402247907792 0.0993585575871153
0.0158216680277005 0.000141680608545485 -0.135226852284626 0.0878816208162522
0.0118002776412312 0.00295063347294957 -0.376620149703404 -0.214790202965046
-0.0111828604809524 -0.00894416513481561 0.0222867988119454 -0.584414788795293
0.00728372658711738 -0.0348453818081198 0.754656901766132 -0.243783418643483
-0.0173873042939453 -0.00381201404455179 0.65057704013997 0.669004350072929
-0.0133160410448203 -0.031836284239536 -0.0885656687611405 0.666387881353939
0.00392126525670249 -0.0401913531846663 0.0887927686200437 0.00484483002588075
0.00636470941600918 -0.0143334796834088 -0.0257146605727576 -0.69489563690697
-0.0292314005721431 -0.0201441343225273 -0.817937387566849 -0.437932347250769
-0.0384885428250758 -0.0144487792028926 -0.652862866378457 0.539734724247719
-0.0240311993306884 0.0203608590306071 0.221298441482483 0.609681346531418
0.0128630932013454 0.0251241898859417 0.411751795585524 0.0654808639728058
0.0271904701167997 -0.0137662082547916 0.123759043506039 -0.166656298910826
0.0125960777999809 -0.027799699173132 -0.161706775536119 -0.14257748195647
0.0201651291715367 0.00339527952731725 0.122727247474676 0.106034525283648
0.0170774782168797 0.00317279397511346 -0.138589836016654 0.089888226653486
0.0131295148705014 0.00261721344682392 -0.378018885359297 -0.215947578818808
-0.00671528059945164 -0.0136604951526306 0.0185419561266691 -0.589679440820606
0.0206408430107015 -0.0391599488981011 0.751987031191971 -0.255434557507852
-0.00143873919133815 0.00811268489291264 0.649564559913754 0.66197901659614
-0.0146810104525179 -0.00389202481799279 -0.0838028086495111 0.654477070537105
-0.00663386710066794 -0.0107366660937427 0.0949946226778908 -0.00847192257612509
0.0131663392692952 0.00863260117287183 -0.0221687542686488 -0.706515078620253
-0.0103886823722365 -0.0161166286157097 -0.824179429929436 -0.44845798472591
-0.0266756859723521 -0.0212886257444116 -0.659878690238912 0.532796826851854
-0.020467124072983 0.0176219671782235 0.216093096991746 0.603966399474488
0.0138138463369726 0.0257803858705669 0.408819661029259 0.0659961722765178
0.0257157541813739 -0.00935636078591844 0.121394580040872 -0.163455138589085
0.0115294908118034 -0.0184061047287277 -0.163043776238462 -0.138861154122368
0.0184357115183244 0.0120718786318596 0.120860812542639 0.113010549336343
0.0149116686131055 0.00609817555153587 -0.135202911907435 0.0986288399301338
0.0105269248516821 0.000802660505516518 -0.382652599511966 -0.204836589964473
-0.00432605946985971 -0.0204623719898519 -0.00217970393779407 -0.59313991143426
0.0370807907738408 -0.0436355695545142 0.737985775574962 -0.290680073206241
0.0190246532033884 0.0234427382025311 0.668076062734707 0.627513572562458
-0.0147761487530686 0.0271313848716415 -0.0667506716251543 0.650670489783764
-0.0195083264310506 0.0190709645702542 0.0970916137440079 -0.00717496003776929
0.018043768542841 0.036994050508285 -0.00218031113707397 -0.718575449430095
0.0116074254141837 -0.00660717644055129 -0.812377662857155 -0.491864684931832
-0.0123995391984257 -0.0287122764679507 -0.685786365153344 0.501740413473711
-0.0229154186900886 0.00964290186164475 0.191951431582305 0.610617521705286
0.0083083669448911 0.0271113580382996 0.408250760784036 0.0797727911113582
0.0203833674235142 -0.00286609517867547 0.126880098075758 -0.156218072282976
0.00767136927947316 -0.00793186319045716 -0.163197108310313 -0.133870959415408
0.01545532717552 0.0208073544105799 0.119292339743464 0.118846816671692
0.00971874434652671 0.00890783663543621 -0.127843996520095 0.110945214233192
0.00369442442366369 -0.00131443402839888 -0.389816827270512 -0.182764329341623
-0.00643192768571326 -0.0296517015140531 -0.0385322653225814 -0.592015547325994
0.0505993106998869 -0.0489193420491825 0.711747641389775 -0.345155116949139
0.0402618954109729 0.0368389090111651 0.703481380013754 0.574179226190369
-0.0141526512730366 0.0565723706480697 -0.0374235879861596 0.651390715501388
-0.0319457052521679 0.0481242697562929 0.0927145462891751 0.00768427664714882
0.0192504387994171 0.0642100660829178 0.0304747514327421 -0.717685248379738
0.0330161764058922 0.00576914443833836 -0.781777588646942 -0.552629909175977
0.00355890860759383 -0.0344543371829314 -0.727674264787775 0.450935826280057
-0.0255982267254006 0.00136890564052928 0.153565508685042 0.623093917350807
-0.000420950574023193 0.0275759558875384 0.407582938591501 0.105981326450646
0.0128222946635209 0.00390857395954348 0.138212457945303 -0.144845064101221
0.00326453409929062 0.00333067872489675 -0.161413863648804 -0.129812956268243
0.0125840709224348 0.0284113199828155 0.119844515200674 0.123140755666359
0.00428778948887593 0.0123559443594135 -0.113705519778295 0.124140660516736
-0.00495545097778094 -0.00270150485861376 -0.394261158750402 -0.150311360323774
-0.0121429908424524 -0.0360500298978063 -0.0841009021998268 -0.585532453628587
0.0600060961016003 -0.0557350341113119 0.673548584085386 -0.405797022026381
0.060529847236723 0.044493608790903 0.74483286325399 0.51003168851557
-0.00986931000508912 0.078498202530329 0.00185783811355533 0.659358567023334
-0.0427292961822206 0.0696657874842018 0.0853035988240384 0.0331673703645254
0.0170717371708292 0.0873823331156315 0.0751644155084838 -0.706423915838295
0.0501018769127182 0.0214005506470277 -0.73927558890972 -0.623761848223664
0.0209312580903996 -0.0371276788804551 -0.775941931949914 0.386923518898333
-0.0293085211155279 -0.00996621446170822 0.105130933604874 0.642637213218736
-0.0118228028873615 0.0246058691133589 0.407522628059507 0.138660809222871
0.00458826719785547 0.00859491901830897 0.152691689619259 -0.131872280120134
-0.00241458539728176 0.0119328560243272 -0.157837468014718 -0.127208172177487
0.0143989698680542 -0.00953055912278312 0.135911377683537 0.0945153979585827
0.00306974613316838 -0.00466409585558147 -0.105939777902647 0.10810101281883
-0.00874790964959973 -0.00462012843292622 -0.383046779812774 -0.156239966536352
-0.0275630916487693 -0.0128570799603268 -0.0637925092817984 -0.569211267626025
-0.00442834936640157 -0.0278039959723015 0.683745632298641 -0.357259795207925
-0.0294451018597437 -0.00145891693042459 0.74772906926077 0.563906887404064
-0.0220789652160185 -0.0594111159127993 -0.0186946025151966 0.722030713965634
0.0125887449682793 -0.0775824722417104 0.0565542975780976 0.0923962267391808
-0.00158140685192791 -0.0414462806821689 0.0587872774430664 -0.642734714826655
-0.0434162062596117 -0.0173006285302618 -0.732650942698562 -0.556420199229203
-0.043162428835791 -0.00788483425965849 -0.738488616849013 0.44414746273878
-0.0454522318017288 0.0123658693228103 0.143272375501754 0.66838785263306
-0.0141647274213393 0.0216863233322643 0.427314002371489 0.128752692782641
0.0113387468479065 -0.0131729822481816 0.161709918815545 -0.148287241933088
0.00861843214595136 -0.0321756688564171 -0.150969468230873 -0.148195910596258
0.016639438158959 -0.0107830726757874 0.132698225121411 0.0921235344139611
0.00832775882106566 -0.00460659273707658 -0.117712695622999 0.0974756816275835
0.000212728298974991 -0.00165736719585647 -0.377380574268235 -0.179809468225233
-0.0215356177753426 -0.00901390711774827 -0.0274096266247864 -0.57185973665054
-0.00591702109123304 -0.0295076681015482 0.727655218124313 -0.301558913813125
-0.0322836999212902 -0.00853557890714663 0.708182278918508 0.620805116270449
-0.0177283324323444 -0.0623791685083736 -0.0540562753177585 0.705746509685275
0.0138834866530349 -0.0760465352488227 0.06862472809912 0.0591937883780213
-0.000893464158056273 -0.0415196702550155 0.0204577343003936 -0.660289088681059
-0.0462191670288667 -0.0207321051695999 -0.775466219345446 -0.497819357250709
-0.0469888600884922 -0.0079244152710666 -0.700031804166936 0.497527724871204
-0.0377055802295112 0.0179628901363395 0.18377986412052 0.650034410563224
-0.00249779026839763 0.0232085700790158 0.425048914130563 0.0999093275700959
0.0190792937699251 -0.0156736624270286 0.146343743619924 -0.159492210816863
0.0116776542570564 -0.0354459980692501 -0.156317023684952 -0.148806513386492
0.0191171276152593 -0.00776137829715593 0.130294496657165 0.0954436384465502
0.0133082451135628 -0.00242897716858102 -0.127965471518488 0.0906637372296985
0.00690434109680849 0.00124855586567263 -0.377883855177218 -0.202028469989493
-0.0166810559598977 -0.00710231998621987 0.00506250466313514 -0.578229559194109
-0.0025165641257155 -0.0315019580295229 0.74811791388093 -0.263355376980392
-0.0286724232163928 -0.0099193642203224 0.671050657314837 0.65803981041383
-0.0135225901402623 -0.0539537410371082 -0.078700199361728 0.686981923126511
0.0114808066912884 -0.0630252379626157 0.0800193723889182 0.0281940666416816
0.00134646401060117 -0.0320899450303611 -0.00895821235507129 -0.682113682242329
-0.0420917747286479 -0.0215787791788297 -0.804710548641532 -0.455662171625341
-0.0449296144478695 -0.00908003897674065 -0.668005953728779 0.531713332904683
-0.0298461034615845 0.020140165300067 0.212119283559237 0.628472478718357
0.0074563532619151 0.0241316219560698 0.419491940473744 0.0775186413368429
0.0238426586888462 -0.0153664779026995 0.13295305290171 -0.166747401724316
0.0129619096323644 -0.0327951240136113 -0.159274784143104 -0.147005995880752
0.0204589992189048 -0.00341836709551278 0.126682331516551 0.0994237129605566
0.0161874308382395 -0.000194718093732098 -0.135689163365165 0.0884308430035849
0.0116900327404689 0.00223299060675294 -0.376028128837499 -0.214705873459306
-0.0110514668615711 -0.00850927847642565 0.021570490656852 -0.586364527255369
0.00747492165232508 -0.035216187313052 0.757665124963618 -0.247033211484169
-0.0178821613428602 -0.0037273285083166 0.654399519253147 0.674264349198477
-0.0126262773163025 -0.0325273925601902 -0.0874661449450706 0.668844186594358
0.00392407851613536 -0.040353176383829 0.0894683243006885 0.00536755293650209
0.00690075747182045 -0.0140611045983081 -0.0227911052033309 -0.6976019230534
-0.0292562449636442 -0.0196167757542394 -0.821825200714383 -0.440193866550277
-0.0387284866028986 -0.0149315387436192 -0.655909786503527 0.543758710069597
-0.024031561067149 0.0201193674048463 0.224167187148766 0.613325456331425
0.0126090889490493 0.0252776911792987 0.414223368272126 0.0663284167351319
0.0263368960393646 -0.0138777130886673 0.124347357142719 -0.16740365837442
0.0129775324070535 -0.0267162074493181 -0.162092527176576 -0.144120826802259
0.020431403055819 0.00368238738646083 0.123022401072452 0.106285539415129
0.0165362036043921 0.00308530080989003 -0.139339627614918 0.0909367156435778
0.0127663771817635 0.0019564886354221 -0.379896469157656 -0.217319984907057
-0.0068788095489118 -0.013883630671241 0.0180777277094952 -0.592214775796773
0.0210760860845706 -0.0392954841138925 0.756486323348151 -0.255270908991358
-0.00154547844586076 0.00854468377546812 0.652421269585839 0.662641844465351
-0.0140715765860677 -0.00449044963230266 -0.0851417165337912 0.655169427490152
-0.00704370933235572 -0.0111534205607384 0.0946265064227301 -0.00842600693124332
0.0139270396801389 0.00918758847254493 -0.0234765287271904 -0.712636150383528
-0.00985276679476309 -0.0153820817762997 -0.826777697280871 -0.452860872546254
-0.0269665956633189 -0.0207747541428723 -0.660620005604745 0.533161698149248
-0.0215219356586832 0.0164437741623854 0.217504510939229 0.60824310191224
0.013294062694722 0.0263885578765713 0.411380118636277 0.0658501639423145
0.025313251525057 -0.00843386134444777 0.122638257749397 -0.164787124063624
0.0104989467675158 -0.0188135291293208 -0.163671488489211 -0.139059709440744
0.0190532582516634 0.0122835969835192 0.12028722671271 0.113780860410047
0.0141509670913154 0.00584653606441279 -0.13622412752154 0.098934398469909
0.00980806287777692 0.00050987184185297 -0.384447734629654 -0.206441109881913
-0.00373865413054317 -0.0212762645712992 -0.00266182296702053 -0.595790095675857
0.0363461318315793 -0.0439265101214883 0.741964063812335 -0.292605946849438
0.0187114540978697 0.0231052583632381 0.672783829557609 0.628712304748278
-0.0152670111082267 0.0279771605875225 -0.0658239450243366 0.651371062303152
-0.0199519147898829 0.0189877534615877 0.0966409447660918 -0.00662830532042491
0.0192117358214623 0.0365781529020563 -0.00300527962951417 -0.721674854617729
0.0115686178374256 -0.00687750177402779 -0.814121993974651 -0.494281156461233
-0.0127103601256308 -0.0277896563207144 -0.688622253436195 0.504318512254017
-0.0225529590309197 0.00980060567158814 0.1960550696232 0.613227764008759
0.00837659982862862 0.0278806912488263 0.410471338035528 0.0811788390705669
0.0202739947141664 -0.00225701002416697 0.127192997478956 -0.15656847102947
0.00750034480879494 -0.00695546419202122 -0.163622275711876 -0.134357872234996
0.016542765598492 0.0210051619304782 0.118558255721033 0.118588089600171
0.0105035158994669 0.00957566124813288 -0.128273808343182 0.110723269366156
0.003556057202422 -0.00120585176224046 -0.390327316333029 -0.182021438020066
-0.00503978670819592 -0.0289548536611659 -0.0401237505156354 -0.594808815174401
0.0502361053456004 -0.0500632634285109 0.714314943338101 -0.346887748476809
0.0404974364799062 0.0363141157204282 0.706535656409395 0.575365274380391
-0.0138574563026754 0.0572743740354493 -0.0365897961919105 0.655091466867637
-0.0320604060816311 0.0479556790105439 0.0930950474915214 0.00692481795764779
0.0200174882897516 0.0637646809643231 0.0309942864323538 -0.719581418817479
0.0344522432173555 0.0061520771992769 -0.784293842839023 -0.556385274359985
0.00337480023586868 -0.0340486622510099 -0.730895657905015 0.452411458973574
-0.0255673214726139 0.000957790779416254 0.156388481028715 0.627292951976302
-0.000312779149041941 0.0271449638750739 0.410485973748146 0.106966816328255
0.0132579824885529 0.00477398648447468 0.137897614540496 -0.146817842244672
0.00353103432252785 0.00346115618891149 -0.162488865608185 -0.13058115321948
0.0133792629913006 0.0287399382798588 0.119711181458124 0.123263076777843
0.00486928913942564 0.0122148333685099 -0.115142506993518 0.125796311670515
-0.00576050863372228 -0.00299514828567934 -0.396345475678931 -0.151513715668678
-0.0114720654050691 -0.0355075155997037 -0.08509376283897 -0.586452188167294
0.0596525344207153 -0.0561000931308634 0.675040479486271 -0.408523787939127
0.0604852994256269 0.0451092039667691 0.747988168501572 0.51122424351494
-0.0102901045720703 0.0791421291016297 0.00124995042810517 0.661585306285271
-0.0426000914258694 0.0694027642301545 0.0856477043337295 0.0325874905148252
0.0169137590764835 0.0870828114325025 0.0752086193084813 -0.709903866282197
0.0496618424029389 0.0222162163630536 -0.742787987288239 -0.627399640081792
0.0205096425741207 -0.0367392445113611 -0.77942364805823 0.388648169445513
-0.0293727035593402 -0.0103711721461349 0.105795223749545 0.64472201593232
-0.0118395198120568 0.0243033767080322 0.410605335247737 0.139351746643163
0.00377848730201381 0.00877474632399362 0.153547066279789 -0.133319989688847
-0.00287028386090997 0.0133498717329984 -0.158818509525898 -0.128513408675866
0.0148194640375345 -0.0096741474440187 0.13590782843963 0.0954488772313374
0.00292555503061577 -0.00500534983037543 -0.107058601249833 0.109173197602492
-0.00905102076420832 -0.00508362704753005 -0.386085304611555 -0.155609998878462
-0.0267336257455015 -0.0124800394917777 -0.0638756127414346 -0.57084481156023
-0.00410765922022014 -0.0285616211106954 0.686914805038889 -0.360518669102283
-0.0298094623327701 -0.00100806305429038 0.754214783036655 0.562563381168338
-0.0219095297635985 -0.0603588098812428 -0.0172233651932955 0.725479395878278
0.011967586375366 -0.0784094697199452 0.0567585855341095 0.0932643869282049
-0.00114635466510458 -0.0419744093381269 0.0584832153786861 -0.645423053162483
-0.0438495760788793 -0.0174206409386004 -0.739411840807565 -0.558930141850874
-0.0434510560461311 -0.00798799901943763 -0.744313420675503 0.449657829327678
-0.0454523078160437 0.0122536036468729 0.147172842096635 0.673507570526376
-0.0147079444212642 0.0205534093302815 0.430264642218948 0.12882457611321
0.0106327776770959 -0.0127473771471999 0.161213273572571 -0.149339296822294
0.00822845661077931 -0.0319796838029928 -0.152084847291181 -0.14842752952555
0.0166131471736104 -0.0106658973194867 0.133050823956395 0.0934228318863689
0.00766792713756257 -0.00502557190138399 -0.117961388644258 0.0984891192538716
-0.000107876226835795 -0.00182114725484719 -0.380543849562552 -0.180204780571914
-0.0214972657467063 -0.00874629863045995 -0.0287197034364088 -0.57428413251223
-0.00638876079540866 -0.0308337436393268 0.7308246640819 -0.303220454629822
-0.0332223718676631 -0.00909889427312646 0.713500023374042 0.624034034117216
-0.0173656052691312 -0.0635894284488832 -0.052168555864215 0.709635492654868
0.0128518519407678 -0.0758411836715599 0.0686236206118694 0.0590611264597344
-0.000452116224115541 -0.0414237031483686 0.0210159073234162 -0.665672025893491
-0.0469891391611583 -0.0198456488723614 -0.778924461457129 -0.497579028619931
-0.0477850127263018 -0.00700422999567763 -0.703498659862569 0.503631336168372
-0.0378563288078046 0.0185471436729885 0.186646341833957 0.653632454504644
-0.00245401369187597 0.0228061601422008 0.426787019622222 0.0991651299797117
0.018359355406008 -0.0151401798096166 0.147070305397654 -0.161487644302261
0.0119238730710097 -0.0346912463381025 -0.156965276441862 -0.148900469884279
0.0199900794305371 -0.00826361489623223 0.130377712269243 0.0957753296690134
0.0132938179906481 -0.00280863357213283 -0.129320096586178 0.0911144709961955
0.00672188159601569 0.00067373730582586 -0.37926407182249 -0.20176425829117
-0.0164888969328819 -0.00655165943620497 0.00423968983018386 -0.581905012262115
-0.00287022544116321 -0.0321583077506738 0.752124210158117 -0.266949901830568
-0.0293869737516193 -0.00935637637432482 0.675976499583186 0.662266825562151
-0.0146957391694248 -0.0536923606618916 -0.0780260787163283 0.689441040540851
0.0109405766102361 -0.0638828560214221 0.0801389305459054 0.0288459798448331
0.00207499657635721 -0.0322627153637009 -0.00793124055615942 -0.684139874328484
-0.0424222648244336 -0.0207269292893617 -0.809371559612589 -0.455293506740629
-0.0457065636173275 -0.00852246705638838 -0.671142379811313 0.536375490549187
-0.0300243089359932 0.020378909827603 0.215439761146533 0.631693594829965
0.00724154042108367 0.024636312627799 0.422446234490286 0.0770690239231607
0.0232930290302841 -0.0156064448079361 0.132848280771935 -0.167029025360516
0.0131180054448499 -0.0327804464881788 -0.160700164590558 -0.147523398375481
0.020958921130517 -0.0040124576663916 0.127246650563338 0.100801631389011
0.016903002124288 -7.43298892754824E-05 -0.136503816547624 0.0891868219716532
0.011779005313139 0.002910890631454 -0.378833422795394 -0.217105231426003
-0.0102073946690913 -0.00851080188751542 0.0182566566393055 -0.58964369968245
0.00672687147690145 -0.0361868266686119 0.760175761355023 -0.249980146138698
-0.0181590627699153 -0.00391260695520797 0.657252840468619 0.675046923485758
-0.013362443578983 -0.0325045392086074 -0.0886279439258272 0.673225163020973
0.00352762849920318 -0.0408636593337415 0.0903565049189532 0.00440383023398897
0.00705019991552619 -0.0147503441363033 -0.024857004613981 -0.701450209564729
-0.0292726008409679 -0.0192980919167669 -0.8278476087606 -0.441428786195273
-0.0384515126435009 -0.0144835869626705 -0.657993434113579 0.548404038883008
-0.0241662083187857 0.0198403229863276 0.227134206051038 0.616159043812306
0.0122661132836953 0.0248602566463434 0.417957883655485 0.0649556709706706
0.0256540810159084 -0.0133928788216481 0.124759294572969 -0.170024040028175
0.0125515818277861 -0.0263256371313965 -0.163215418180892 -0.144258450152267
0.0209059311602211 0.00325963027833848 0.123706430469459 0.106956991603129
0.0167694564889941 0.00246906962140457 -0.140127138561264 0.0909523184583886
0.0126007492098503 0.00228770429011291 -0.382417983337091 -0.216335296851072
-0.00594493122718698 -0.0139337008865888 0.0157593765946413 -0.594361422927228
0.0208163036805296 -0.039890647413055 0.759611756819613 -0.258418880583996
-0.00239483476533093 0.00874713954228406 0.657505858454375 0.665167032913012
-0.0143898764327299 -0.00471226157827889 -0.084053251398343 0.660178542711412
-0.0077319722173849 -0.0116402481867847 0.096068165945478 -0.00755996386113951
0.0139084338989155 0.00910059243687277 -0.0243154758697451 -0.715309310905382
-0.0096157394328639 -0.0148998087424237 -0.831444770595273 -0.451204715056195
-0.0272214647487443 -0.0202112451837592 -0.663806742192902 0.539914687374856
-0.0209746728471384 0.0161103212078951 0.220954607677427 0.610288711609185
0.0130569211654318 0.0265384377483154 0.414977457983429 0.0662685300259247
0.0246668297036732 -0.00838083075882267 0.121914121796234 -0.16606995280451
0.0109934589396365 -0.0175756496202171 -0.164879308168899 -0.139560809982165
0.0184695968862978 0.0116933574307011 0.120608011846713 0.113864131974749
0.0145399588099843 0.00623510667232959 -0.136531649468428 0.0993872397445647
0.00981592601529106 -0.000143166932630783 -0.386964448998881 -0.205831833235512
-0.00433854552213167 -0.0206227720809426 -0.00428134882289398 -0.598701752844589
0.0358602714110906 -0.0447663159749902 0.743741203176928 -0.295356047800629
0.0183456154137179 0.0236020548264651 0.675125984725152 0.630042692172217
-0.0153870636091705 0.0274313069396076 -0.0658028425507765 0.655424263041535
-0.0202415623814571 0.0191141385175642 0.0968065379017614 -0.00735427376304382
0.0195924611660347 0.0367021395021307 -0.00278482294873574 -0.725190910044825
0.0126482328662257 -0.00643911342524661 -0.821041102121871 -0.49597038151606
-0.0130003604568777 -0.0277141872229969 -0.691977005239826 0.507744981504132
-0.0227601696354301 0.0100330127817663 0.199039280729691 0.617268334960454
0.00857479870470044 0.0272321672597665 0.414046540583288 0.0816974040896992
0.0192712920689193 -0.00116227431267486 0.127064098858083 -0.158811914178883
0.00753557532478833 -0.00666196290975511 -0.164572719393552 -0.135089092345406
0.0168320278931546 0.0206503788387225 0.119134899772098 0.120076233733606
0.0100706372988983 0.00825449098925493 -0.128221399096875 0.111751202933894
0.00308692300965834 -0.00173608656188967 -0.394528900995927 -0.183305109638817
-0.00562427608946597 -0.0289234897806656 -0.0411504070055533 -0.597550514110847
0.0510374919201906 -0.0507694365664287 0.717184228707683 -0.350462690553773
0.0405585910488192 0.0363229010227434 0.710297846241046 0.579154246725528
-0.0140697460732874 0.0572867613083297 -0.0347495559360308 0.655852833646985
-0.0318471377072133 0.0485800639827148 0.09310983438565 0.00676772983528687
0.0217251687793943 0.0640343399825839 0.0297766116012584 -0.724244119580743
0.0340491695095574 0.00632187690761499 -0.791940870080429 -0.557489102840125
0.00338825366347784 -0.0334372070493914 -0.734632023137224 0.457438051013554
-0.02447955063931 0.000579762672293715 0.158106929361846 0.629913856938299
-0.000657284538832313 0.0274580268075993 0.414279981082543 0.104585191706327
0.0124181848551813 0.00446735708381325 0.139153769046935 -0.147658513349235
0.00341987449235712 0.00450177984539387 -0.162838995509793 -0.13143762862478
0.013559073647421 0.0292473366763231 0.120460823091123 0.125189598952053
0.00416622413550394 0.0122919123440401 -0.11481086709704 0.126941170701913
-0.005190254326937 -0.00251642263903648 -0.398596828336741 -0.150371494641734
-0.0111007145976769 -0.0355643174710145 -0.0861722852401609 -0.59028823509182
0.0594822340841733 -0.0566749158404447 0.677878520813102 -0.41094097441611
0.060402186329931 0.0454368548149159 0.752593371234309 0.509711742599946
-0.00968936560144575 0.0788213264767848 0.00204384165900487 0.664733901354622
-0.0428633712732499 0.0695101571038821 0.0861590077178163 0.0335651450170945
0.0172027821899635 0.0872839871980429 0.0757019982233576 -0.712307976603299
0.0508907950651718 0.022762631827631 -0.746528644018822 -0.630646253115434
0.0204806567321763 -0.0370761951924837 -0.783637669776404 0.39480733992939
-0.0299156398322692 -0.0108544964520216 0.108464073923709 0.65033958799694
-0.0126307777864316 0.0245787039430337 0.414535311807163 0.139645472187099
0.00343767470205565 0.00955910823875627 0.154649095219522 -0.133241549849561
-0.00209825555157838 0.01301512432143 -0.160256660792788 -0.128333473840872
0.014607563391741 -0.0100329044130731 0.136733257493175 0.0963637224130076
0.00307765002639261 -0.00581561373784388 -0.106599228267729 0.110530620265773
-0.00840203990031205 -0.0053541282252686 -0.389316023288106 -0.155245711280002
-0.0271937926841157 -0.01192475086803 -0.067795237356494 -0.57337719306615
-0.00497875610273851 -0.0296089290611182 0.689330817423101 -0.366751261829469
-0.0302134654749115 -0.000995356659227434 0.759762044399247 0.56632182818739
-0.0226406597582465 -0.0613370338744537 -0.0145532053450196 0.72866881148089
0.01223259031919 -0.0794789058916436 0.0583137387716678 0.0930430206270226
-0.000224026247423442 -0.0420173557419943 0.0573628131985605 -0.649930499877023
-0.0443126318826912 -0.0164709596523167 -0.744647651543756 -0.559001923417896
-0.0441943156043432 -0.00728613360977549 -0.748027178668587 0.453513251267157
-0.0466310417101758 0.011062710576155 0.151436606614515 0.67746850951472
-0.0147521529027432 0.0215195067592516 0.434244033538108 0.127718838453327
0.0106299561090031 -0.0126024677154646 0.162830421903306 -0.152084524373299
0.00869596275971466 -0.0318181687133357 -0.153905861898087 -0.149391136110696
0.0172220711324573 -0.0113353798094116 0.134679490204234 0.0928267844621479
0.00868460635007678 -0.00475575978127124 -0.118097400273798 0.0995963985329679
-9.90959901927789E-05 -0.00197582015505353 -0.383192775893801 -0.178763445514475
-0.0215037900292156 -0.00849309909041306 -0.0310761176522154 -0.578327488304828
-0.00628302679154969 -0.0303876142317827 0.733430655879569 -0.307845663732437
-0.0342899031283908 -0.00896367073567068 0.718745683167225 0.625285772524173
-0.0179623690946212 -0.0639730400927575 -0.0521590669446473 0.712429287889305
0.0135961196819816 -0.0773544485515944 0.0702091620787576 0.0588208890804352
-0.000546665163703233 -0.0417860854087271 0.0197712479367233 -0.669786464992519
-0.0478146294757179 -0.019757550893282 -0.78573532118728 -0.4990239094557
-0.0476816115425538 -0.00573188478391695 -0.707283022659033 0.507969423557075
-0.037726402068485 0.0181648842938193 0.18979201919573 0.657769945150465
-0.00284801858669636 0.023197552451027 0.432730197014319 0.0990086194156261
0.0180291847698595 -0.0146049115121098 0.148174463376261 -0.163514410009752
0.0110317982050716 -0.0344938419424102 -0.158013635367544 -0.149936967503585
0.0205348475982427 -0.00887745421758489 0.130926260182012 0.0957037738537005
0.0128629185062653 -0.00259601192789371 -0.129393850394962 0.0924688067642027
0.00733058103119205 0.000391688205316921 -0.381913132370962 -0.202206580549956
-0.0157714625260678 -0.00700570049011596 -0.000120919299029525 -0.584464181865558
-0.00370898208413142 -0.0335920307487298 0.755024245348343 -0.268979092101178
-0.0294532369589053 -0.00959954160700629 0.681672245999886 0.662427108024094
-0.0140071359699261 -0.053992711577001 -0.075888763469245 0.694021373892607
0.0112216112390186 -0.0641349843009957 0.0806616041889675 0.0280305016480709
0.00233216808183865 -0.0337543533197212 -0.010118135652337 -0.690133722211791
-0.0421986079670115 -0.0213122683582336 -0.816974793335445 -0.458553548780246
-0.0459689100208265 -0.007856494902488 -0.673455930396922 0.542080966476484
-0.0300361964629193 0.0207443119107299 0.219367265063429 0.635869847844132
0.00622465905409416 0.0235594294633303 0.426695297174861 0.0756245705555403
0.0231249809948111 -0.015046376346169 0.134661833018839 -0.169481079751346
0.0133011233028761 -0.0319324124786329 -0.162130350164798 -0.148612882791816
0.0206939385785338 -0.00426995677002816 0.126801852087525 0.101112296098202
0.0159011575890735 -0.000263822562899523 -0.137238214176332 0.0902065920158407
0.0119324593015346 0.00149027974393724 -0.382863447898379 -0.215777635161744
-0.0106696817507964 -0.00873471948016308 0.0161273995135542 -0.592280424432166
0.0062675829389792 -0.0360567925845517 0.76525951607956 -0.253234584300481
-0.0190721452289219 -0.00336166854489303 0.663586679088446 0.675393608343584
-0.013032984249963 -0.0334014059097246 -0.0863599182411102 0.677389642192482
0.00430307148118289 -0.0414342059801769 0.0904635844536153 0.00390294233233127
0.00780231725813898 -0.0152548254803506 -0.0253223637356894 -0.705583803996714
-0.0289565236262444 -0.0193275436641729 -0.834187838265618 -0.443175160418655
-0.0388575021056306 -0.0135779279519921 -0.660236784314534 0.55369453930657
-0.0236821167363513 0.0195576982400179 0.231449863848992 0.621763226485189
0.0121137497215604 0.0256579766061832 0.421818897908843 0.0643758938123931
0.0256915636719478 -0.0126441901066176 0.125088250042296 -0.171342225746494
0.0122649183445101 -0.026423540067045 -0.165538221307771 -0.144499778927738
0.0207268540803546 0.00289395964799487 0.124934561605062 0.10865199180362
0.0163267464213976 0.00226067184824373 -0.13958309626616 0.0918402775647899
0.0120291472366751 0.00241686894173659 -0.384748021279676 -0.216970959580992
-0.00594823465286467 -0.0134319759254599 0.0127981042196974 -0.59862921729615
0.0202352187882351 -0.0409761410146985 0.763426716181925 -0.261988134326769
-0.00263290443371099 0.00829786268950333 0.661006201775937 0.666215893585672
-0.0137773252983235 -0.00387335975250664 -0.0828736342469154 0.664813984640568
-0.00690873395786192 -0.0125411493665684 0.0967347964536216 -0.00874962996196962
0.0142899764934093 0.00894396502245982 -0.0248717556243722 -0.719740072369472
-0.0102379011522982 -0.0141970650056469 -0.839006624124748 -0.453428763508075
-0.0272653618377206 -0.0200680249530463 -0.667938960883963 0.544830603164205
-0.0220271442971188 0.0163652260387304 0.224844354238653 0.614377725055014
0.0127890543575721 0.0265425459732761 0.41861972526818 0.0648647754505912
0.0242301002381863 -0.00769688944248286 0.122611123535304 -0.167630481962646
0.0105636389144418 -0.0177032168030778 -0.165967136940902 -0.140378910770175
0.0198857959065708 0.01166392060481 0.121232469042451 0.114586086164637
0.0138822052399416 0.0055883358708813 -0.137579407611952 0.100467298102467
0.010003319742463 0.00026514377407311 -0.392317154940043 -0.206388059610452
-0.00390132197184481 -0.0210511655336995 -0.00598491348899055 -0.601222875390433
0.0357891485646463 -0.0456109868733632 0.74834794256894 -0.300195120163216
0.0185952900979367 0.0228848666091535 0.682853527462555 0.634148634857305
-0.0150221345942699 0.0273224061233994 -0.0627053908863845 0.660089199348438
-0.0200274294214042 0.019685303975851 0.0981981766572531 -0.00756668679411752
0.02044476386229 0.0361104871482316 -0.00347628082777528 -0.728897494530998
0.0120794103881623 -0.00622544944194981 -0.826654886485849 -0.497579316706615
-0.014095999879349 -0.0273537260240586 -0.696360139564853 0.514565182398579
-0.0220546769451994 0.0104306417219682 0.202116492270753 0.619401803086937
0.0079427639659955 0.0275651077282046 0.41733745192449 0.0810674863426889
0.0189864507192885 -0.00129286864830461 0.127786017416719 -0.160526578438584
0.00743539777775477 -0.00606822401677401 -0.16642052132333 -0.135861834455534
0.0161989024594029 0.0210907080758378 0.120488712480864 0.120062918943015
0.00989298529660436 0.00879487478416696 -0.128983105055855 0.112998456945664
0.00363270123183482 -0.00183772320879679 -0.396467858162639 -0.183209457926771
-0.0045760577940647 -0.0294110848798645 -0.0438249503224523 -0.600230561021829
0.0500424128485405 -0.0515561125841925 0.721268432768018 -0.353226900130508
0.0402633512109212 0.0368193283702878 0.717818109603172 0.577388976049114
-0.0137851922230766 0.057007748257509 -0.0349378370649873 0.661226066571991
-0.032481559530317 0.0486086363965048 0.0940573838188349 0.00757695097934152
0.0221703549878636 0.0646620693158344 0.0280052177177099 -0.72911129728155
0.0348183150938949 0.00647042506168215 -0.798530966131618 -0.557709261634069
0.00383404995169 -0.033780830668031 -0.737857686034081 0.46368170903203
-0.0260807564228487 0.000762951280529611 0.162485490898813 0.633050300931427
-0.00123177952874015 0.02720506491718 0.41874691568305 0.106420150666674
0.0123728080006316 0.006129926613644 0.139935422364498 -0.149890302620123
0.00372916616653114 0.00489913566113146 -0.164295810537885 -0.131821308867472
0.0140365218750386 0.0292159322355101 0.121507346819982 0.12573243421928
0.00423621944299813 0.0110931940803292 -0.115856058240326 0.128069412521242
-0.00556517903449533 -0.00255295987613416 -0.401110821290366 -0.151178937528057
-0.0107543118291244 -0.0358593331022758 -0.0907908606530562 -0.592114742162141
0.0595450549255034 -0.0581486888548075 0.680231710495536 -0.415080502332825
0.0611483552408607 0.0457304945235587 0.758722431718989 0.510739358203761
-0.00929181421011587 0.0789034649485143 0.00372229237552239 0.670938834727389
-0.0427834351324282 0.0701490484294631 0.0871160350960236 0.0326684410343147
0.0184850524656589 0.0874608719353425 0.0719530239764595 -0.717474022173998
0.0518086945119254 0.0231334018262206 -0.754144763048703 -0.633529419376575
0.0202195686293689 -0.0369314193550228 -0.788056836939166 0.399569498233231
-0.0305563110955113 -0.0105082240783618 0.112654298963042 0.654619308744301
-0.0129378995483391 0.0246879511314982 0.418621841236574 0.138481288678636
0.00304097869127188 0.0113239707271481 0.155186073023948 -0.13581415173509
-0.00212088510487044 0.0144509200877841 -0.161347640530049 -0.129560230960512
0.014969887039869 -0.0103848782489537 0.13756239865574 0.096504582301127
0.00260985396363632 -0.00616318532246834 -0.106709647349074 0.111875316199799
-0.00858934454312495 -0.00471521780214068 -0.392358531638803 -0.153879210538533
-0.0267611639899786 -0.0116259991475867 -0.07195826659064 -0.575530821692369
-0.00536101664217295 -0.0296964203542351 0.691641990597778 -0.370505734722162
-0.0307929260424809 -0.000457202980852981 0.76836333034876 0.564256872771651
-0.0236176021024492 -0.0621291133674931 -0.0112482889237257 0.735445735971855
0.0124385485484853 -0.0806716408078187 0.058784631547189 0.0929897028527251
-7.73628704844181E-07 -0.0436451231673778 0.054164990066194 -0.654433499765588
-0.0445877862743208 -0.0162619552546431 -0.752795809207324 -0.558956792189775
-0.0449752149769888 -0.00634628387491354 -0.749533911472258 0.463056272299044
-0.0453540859620384 0.0121170877723853 0.157488853051909 0.680680159620846
-0.0141904727117991 0.0211784182235624 0.438380697735139 0.126844094636721
0.00980470678566469 -0.0121102196046564 0.163595147111649 -0.154328073141241
0.00862403729594598 -0.0324656506621975 -0.155611153062584 -0.149531430979607
0.0183800635743487 -0.0112105981707651 0.135822229593295 0.094098668343646
0.00904073236075383 -0.00473836059352011 -0.117733568032834 0.101404433642103
0.000252986191883669 -0.00264320338666401 -0.387651215696484 -0.177997219696686
-0.0211791935287959 -0.00739044202891536 -0.0345720370501518 -0.581385461500098
-0.00708228453957807 -0.0299240936612602 0.736586069964848 -0.312431890841726
-0.0344465664279128 -0.00819686009921292 0.727696676793344 0.623333741528714
-0.0176609025599686 -0.0641549606985856 -0.0482683556587785 0.717871221652744
0.0133398325935245 -0.0778170553659768 0.0708364972571814 0.05862952178106
0.000278839868984852 -0.042511161239022 0.0161529748099475 -0.673155038525017
-0.0475922743355194 -0.0189383067114303 -0.795257065296276 -0.498875392712709
-0.0485263607874468 -0.00556073480416355 -0.710735315629438 0.516289127804407
-0.0383725687763107 0.018495879288902 0.196940526588808 0.662777787139904
-0.00242434220277176 0.0232711325633381 0.43743359067777 0.0975521634033837
0.0174760377897528 -0.0139695119687947 0.148175795651209 -0.165895941454562
0.0106481522338516 -0.0347778596455952 -0.160282891305621 -0.150182410117971
0.0201442969042243 -0.00955510294886371 0.131678856954502 0.0967627395323688
0.0135571730399158 -0.00345976918244723 -0.129594833372604 0.0941256272695981
0.00732016149615402 0.00055543534664201 -0.3865376031831 -0.201925564754778
-0.0156017774581072 -0.00700600777699146 -0.00297925092469061 -0.587212276681496
-0.00347185422111574 -0.0333590369364908 0.759511190765236 -0.275416744013454
-0.0299020312903266 -0.00973658171852975 0.690125905142284 0.662618860401661
-0.0152199870323192 -0.0548051354511986 -0.0722337914938002 0.699379290303557
0.0109368643422598 -0.0649159625287917 0.0812811872232175 0.0276901329960331
0.00301704264411022 -0.0326238753968606 -0.0131160307385171 -0.693026975497997
-0.0424434568978888 -0.0207797162482251 -0.824754599650431 -0.455592664937408
-0.0465975344299721 -0.00831958008707053 -0.676324039700094 0.550004864737867
-0.0296168391622702 0.0211288898050869 0.226466880534867 0.638838836858308
0.00696469937943562 0.0243996772340808 0.430845266732885 0.0740469691291527
0.0222684253295531 -0.0155293079106545 0.134249536511675 -0.172675019244333
0.013079507315662 -0.0328980879499043 -0.16387853802041 -0.148111741585553
0.0213432544137751 -0.00480675821092212 0.128683783938846 0.100806215181686
0.0159447100856957 -0.000750106936038406 -0.137025175441151 0.0915108264135852
0.0117851097856755 0.00125053794367313 -0.387170715105103 -0.215273816979117
-0.0103803288611028 -0.00878749499674969 0.0131300942265095 -0.594937669783398
0.0055431444870547 -0.0367962921655223 0.767631565877838 -0.25837583960522
-0.0189412043434207 -0.00405849895981633 0.670771286439212 0.675990224495755
-0.0135601307161795 -0.0331436794545558 -0.0821638926010912 0.681888580404605
0.00275925662057914 -0.0422495349888665 0.09105100804663 0.00349049151021707
0.00836551972730698 -0.0155000793375149 -0.0291275105849349 -0.710549323186708
-0.0289996236493069 -0.0188213597716406 -0.843319092046907 -0.442946187159689
-0.0390467819958 -0.0126511138289433 -0.662892398386891 0.561445127146086
-0.0232095214486504 0.0205927235020689 0.239257788169667 0.622322073577961
0.0123303376293111 0.0250923096210688 0.425666768043911 0.0617902954901907
0.0245163253069165 -0.0125065222713978 0.125512598756521 -0.173524793377967
0.013077976042633 -0.0258088695940606 -0.166535157609161 -0.144339205188602
0.0213355468127122 0.00284560317774719 0.125528711300331 0.108128364206698
0.015831542802703 0.00216587869447645 -0.140855136255227 0.0936964045425385
0.0129851358200469 0.00155872352595523 -0.389301100892727 -0.216331843497778
-0.00519221688023348 -0.0133484089975086 0.0110641135276881 -0.601154061675246
0.0199910262887837 -0.0406156906659448 0.765271232045221 -0.268263876515971
-0.0024250640860122 0.00850594032889656 0.669708361413103 0.666819192689522
-0.013746647516129 -0.00477364635442255 -0.0811135189691262 0.669237223577893
-0.00711527728395895 -0.0129571962207152 0.0971735745773275 -0.00916579613961167
0.0151990137611822 0.00848438027888149 -0.0283673163621481 -0.723381910582698
-0.0100009389821634 -0.0141934122979553 -0.846126075337504 -0.451507274053506
-0.0278202991105262 -0.0194809545549428 -0.668888211782898 0.551755856388557
-0.0215515326291752 0.0166322323988431 0.233238820833457 0.617772084476754
0.0129410208041215 0.0270844648497072 0.42213104468746 0.0625285522923422
0.0238818407360347 -0.00676127817687079 0.122628706332333 -0.170270725592886
0.0113811956287117 -0.0170449890132867 -0.168195414666231 -0.139568716278732
0.0197016167781974 0.0110979532866024 0.121810256492197 0.115854023719988
0.0143666632972327 0.00567858217150619 -0.13687295876873 0.101506869086729
0.0102357748297558 -0.000263551578818699 -0.396180479642962 -0.204831262283545
-0.00322203632346425 -0.0209789595947786 -0.010035675507857 -0.605970631995944
0.0357213023264114 -0.0459266163482774 0.751044109941253 -0.302597543736363
0.0179846495778194 0.023455120910163 0.690260433310922 0.631319231884175
-0.0153164175220157 0.0268044665055723 -0.0618810504539235 0.664069148541675
-0.0194364953619209 0.0197327427401718 0.0991979838771451 -0.0087374221860203
0.0215864909892713 0.0362062339787206 -0.0104347074694924 -0.734641566227152
0.0130942936990339 -0.0061340540196993 -0.836250790080667 -0.49446991069088
-0.0135537805452949 -0.0277296908033773 -0.697271873469288 0.521973252007316
-0.0220165648161426 0.0106427609290327 0.208967134863972 0.621504101675154
0.00874638866288717 0.0280103405376639 0.421539807381905 0.0781378528464966
0.0195368599866073 0.000231300288616973 0.128047726018823 -0.163659030214385
0.00794483959108516 -0.00572540692073274 -0.168506427838237 -0.135321844630876
0.017036057993994 0.0205347401902071 0.120624478625758 0.121200726078658
0.00863454674040577 0.00823281538084084 -0.128194887429839 0.113559201791899
0.00351633471952551 -0.00214951946224537 -0.402274675212662 -0.1831724527707
-0.00512787039342882 -0.0290301989701418 -0.0478571963973781 -0.602837012644652
0.049729899448006 -0.0524714066425314 0.723173240873694 -0.359440231218237
0.0405836788457112 0.0370077859116688 0.725628863677236 0.576777232234441
-0.0130775302442176 0.0567687422321079 -0.0294736148203483 0.665760292355511
-0.0318007913772416 0.0485416078417372 0.0945088219564553 0.00546730598102595
0.0229250169292887 0.0643181219569538 0.0256895143386777 -0.735065701090645
0.0351393075166331 0.00657168339232628 -0.805716892406898 -0.557837210630338
0.00364930386365067 -0.0335395106847752 -0.7414764414323 0.470891995829582
-0.025693686264555 0.000514338660303284 0.168022851797112 0.637084566352505
-0.00187623317240351 0.0279492812804879 0.423028427721901 0.104646049989465
0.0121818501604544 0.00725859570799861 0.14002461203721 -0.151892490455613
0.00296070199851325 0.00520265298615201 -0.167195735538095 -0.13126267726768
0.014053438539351 0.0289210471284119 0.121095924413309 0.126652143881538
0.00367952909309498 0.0118636835708074 -0.114263768621336 0.129334187175821
-0.00567201609781357 -0.00276174699934356 -0.405798084118363 -0.14995200991361
-0.0105381123117659 -0.0352345597839409 -0.093739586378402 -0.594886854617583
0.0596126114851642 -0.0587567888044953 0.682777879940302 -0.422371398750908
0.0610814471568684 0.0450735780623627 0.766709300571787 0.507870970284002
-0.00947857856606759 0.0787471127038587 0.0085833497043666 0.672954486138695
-0.0424177968338935 0.0705720851145456 0.0869023793093351 0.0324752205635489
0.0199020931900296 0.0874818471755539 0.0703473294939281 -0.722834554510985
0.0518278619657152 0.022777263439718 -0.762141226619667 -0.634307096020948
0.0213403771522477 -0.0369109606873215 -0.791124002908009 0.405492541928538
-0.0306381454817575 -0.0105979113234514 0.119196012721541 0.658957507359072
-0.0126448551030052 0.0256391502175062 0.425076515329975 0.138480248306983
0.00248546966865779 0.0117531558246751 0.155624169385314 -0.138497093591453
-0.00222869549657863 0.0145188734347727 -0.163193014700504 -0.129049617615514
0.0148712668126263 -0.0108998736292753 0.138741415946963 0.095414149810423
0.00245525531290208 -0.00613334604012667 -0.106122000284181 0.11286107696712
-0.00851147301657305 -0.00543677683130991 -0.396206136670227 -0.15202680146639
-0.0266358234115518 -0.0113440679422668 -0.0783917302951218 -0.578229889375788
-0.00566896259503572 -0.030353792823824 0.692963072471672 -0.379662129677936
-0.0307539841710675 -0.000193570138605131 0.777693745942466 0.560821177330048
-0.0227236444874106 -0.0617792904173517 -0.00601045120190222 0.739196380437275
0.0111476319411513 -0.0809099774814644 0.0601941013297662 0.0935309416604778
0.000404303838017008 -0.0439628239038413 0.0500585399837565 -0.659506049216944
-0.0451799118955372 -0.0153887015295587 -0.760469698271187 -0.558610725861372
-0.0448440079275089 -0.0065630366079166 -0.751627462887666 0.471594658297189
-0.0457333402500519 0.0121550303780608 0.165737203524202 0.684558410144972
-0.0150827114774532 0.021871956234597 0.444857911785196 0.124287770295523
0.00929482270367113 -0.011827035455694 0.163689804225975 -0.156943500128174
0.00719598958775643 -0.0320366684422153 -0.15732380749287 -0.149086514934218
0.0184378028622495 -0.0113442954762948 0.136880964550816 0.0937967120402115
0.00812604708845974 -0.00568723983877969 -0.11781458866853 0.101572192630657
0.000301353080292536 -0.00187928649301285 -0.390787231939696 -0.176309881337715
-0.0208306838762515 -0.00755259746904185 -0.0405125025597361 -0.582625476456162
-0.00807744530090975 -0.0310277100811068 0.737648431993901 -0.320254485111453
-0.0349930843604419 -0.00786009832788709 0.736709771327076 0.620952721951075
-0.0186205683213858 -0.0651725830554617 -0.0422643586518264 0.724004700769021
0.0132431340710387 -0.0791246275209266 0.0710787115086834 0.059068446058885
0.000441636677842472 -0.04307757479643 0.0111790178643556 -0.676356044507238
-0.0478126388491391 -0.0180311637602626 -0.801628795868403 -0.497282407821554
-0.0483535324294486 -0.00511113132801204 -0.710212241521894 0.524017263838555
-0.0377189114049766 0.0188929074487517 0.204791615999235 0.666276562639098
-0.00312791097038423 0.0237046068110552 0.441289299679508 0.0941328000912813
0.017193040158337 -0.0144525122378123 0.148054336109125 -0.167550818651419
0.0110194729487899 -0.0344773154978665 -0.162034602154797 -0.150408798735344
0.0202609222364089 -0.00952649764035221 0.132985918950414 0.096906428087455
0.0131905388281367 -0.0036783360188437 -0.129550075222132 0.0952229120823843
0.00702830190390536 0.000704310927732137 -0.391967346027662 -0.198148923817573
-0.0149946205253987 -0.00577426231654558 -0.00778515873727202 -0.589897171433014
-0.00412622607537949 -0.0338580642580143 0.761915892676257 -0.281808901735076
-0.0306342538469942 -0.00921624427171541 0.699499002792727 0.660279363817953
-0.0150001611996377 -0.0556943588592634 -0.0681087492452172 0.703141386516683
0.0100604218184636 -0.0657303589795949 0.0829249381048504 0.0273293524905997
0.00340748976359206 -0.0336629218448783 -0.017016741131699 -0.696528006887301
-0.0424435202266447 -0.0195013712375886 -0.831768989792579 -0.453347485001397
-0.0467751104560461 -0.00696779958558567 -0.677573535844655 0.558374145857283
-0.0297549650679003 0.0214572740486593 0.235666615737531 0.641730771927087
0.00651366580119681 0.0239308872712103 0.435670318999809 0.0707549227568121
0.0224402376484807 -0.0144507215469541 0.133429674280658 -0.174629984820146
0.0120587157512786 -0.0315832597985152 -0.166075207690987 -0.148608307821472
0.0214165995698536 -0.00495925613000816 0.129621340555881 0.10192640013758
0.0153889840669125 -0.00151631552999256 -0.1370411020628 0.0930762956008178
0.0116914193075319 0.00165819318522218 -0.391410188356766 -0.214479640861195
-0.00947617690818742 -0.00857425322339748 0.0078754139968525 -0.599046463284866
0.00462301061649152 -0.0378726406165631 0.769806152984241 -0.265421825660448
-0.0194687891270521 -0.00281271415943317 0.681611403037289 0.675066063707179
-0.0137075392757077 -0.0344539182512034 -0.0787807899048133 0.685864551938319
0.00332851929593506 -0.042494662880997 0.0909767092486885 0.00310031940037156
0.00870574258874814 -0.0164175993927696 -0.0354835989853942 -0.714380195386144
-0.0297076988395035 -0.0175450202347269 -0.850255000717609 -0.436672099751195
-0.0395623364924084 -0.0117624102352689 -0.661789485068457 0.570988417936347
-0.0237336619927499 0.0202696691163598 0.246029341248796 0.625270300480715
0.0130970621353716 0.0256768738745747 0.430409418749786 0.0588772866394798
0.0246139580399151 -0.0122188927533598 0.123993229526273 -0.176049620925634
0.011949036134901 -0.0261058397036719 -0.168704262010826 -0.14409459942392
0.0218703161269422 0.00271219029074157 0.126274482080117 0.107211506512477
0.0161576019346754 0.00199419585424663 -0.140115836539477 0.0952832428435834
0.0130141389267314 0.00180031165537164 -0.395316184839993 -0.214455442777775
-0.00482281990069558 -0.0134454439684051 0.00644376483838202 -0.603762048831278
0.019110484628826 -0.0421833744123751 0.769550795571659 -0.275532239808159
-0.00266843930267519 0.0099043895228183 0.679426714120508 0.664531339320272
-0.0134315601413543 -0.00462790253259758 -0.0755199882694376 0.67377762538852
-0.00704593111334506 -0.0131078472406653 0.0977837566489167 -0.00985791352132755
0.0162029499950098 0.00789399567393262 -0.0332400386786632 -0.727935690040362
-0.0100180557243172 -0.0137313713055757 -0.855663602554521 -0.449029466011988
-0.0281365989160281 -0.0192161780880805 -0.668922258450169 0.561585536779501
-0.021364143228698 0.0163554543353877 0.239703547885657 0.620838750134676
0.0132880032050566 0.0272124001638811 0.427132465036248 0.0604749965942407
0.0239684124192706 -0.00711939852404707 0.122913048781455 -0.173095046217446
0.0104322610590701 -0.0167673585868395 -0.171676835579495 -0.139430245222603
0.0202786761737107 0.0119663461032991 0.124192722904827 0.115185695905265
0.013617410356253 0.00485161058789005 -0.136836259988391 0.104202723815071
0.0098385150631989 -0.000227155378027461 -0.399446122999885 -0.202496129027076
-0.00272981970563546 -0.0216119448578182 -0.0149318237000985 -0.607483345333692
0.0356028597249611 -0.0468323517753099 0.754825002533413 -0.312744887145624
0.018161284239443 0.0239325592822692 0.699434765142032 0.629585872684841
-0.0149308619650788 0.0269386719186023 -0.0582704797308335 0.668459967280018
-0.0194713091142424 0.0190041294427356 0.098186463981554 -0.00946970113952832
0.0221718675497816 0.0360533260241473 -0.0130603839029024 -0.737337280285261
0.0123508831977722 -0.00564808067316515 -0.846300086293232 -0.4937922998655
-0.0133906118639709 -0.0269264193740654 -0.700249392011617 0.531082239015513
-0.0222149225539562 0.0102233051135811 0.215735130709768 0.625797312585472
0.00808964502883028 0.0281548739751202 0.426317304904152 0.0748584893115715
0.0182002186248443 0.000398092747598187 0.128398018377033 -0.165570595040913
0.00787791634644645 -0.00505689960404777 -0.170281476845012 -0.135034653570743
0.0173158194480501 0.0209508956938093 0.122761639056034 0.121728668815981
0.00948370384360694 0.00789232067859422 -0.12829731003205 0.116536160594721
0.00382314468050884 -0.00194749119469381 -0.406094641512936 -0.179663393827054
-0.00475802288172204 -0.0293021499103024 -0.0519900505370503 -0.607142686264801
0.0492891743202733 -0.0532877038850513 0.725779237300384 -0.367033937471558
0.0412131988580097 0.0368853057571904 0.733868414912576 0.573768795271702
-0.0128802174831538 0.0570170091644903 -0.0251340087923956 0.668755416366636
-0.0325048995634244 0.0485624470573567 0.0946283222321142 0.00527367630296312
0.0243801963092916 0.0646088881563938 0.0201265249909779 -0.738392000296136
0.0352023635010464 0.00640917405641035 -0.816778264340189 -0.557023248632551
0.0040019733578531 -0.0339793595949996 -0.742044487940363 0.479673637756143
-0.0263709692073026 0.000204942574060292 0.17651981498806 0.640989924732081
-0.00162883922531346 0.0275448943093263 0.427627143442994 0.101979870164622
0.0116831129202789 0.00682205999715762 0.139549093536795 -0.154201236959528
0.00311266576813516 0.00604809135234296 -0.16833037153229 -0.131263362115863
0.0143288942531296 0.028301618118275 0.123312139379349 0.127124376455905
0.00360510122438267 0.0115525974235619 -0.114039661521187 0.130541247195105
-0.00617955433174094 -0.00355287612786299 -0.408949707068755 -0.148120681542477
-0.00995200219934607 -0.0351126940398818 -0.0986909341900315 -0.597231057400176
0.0588937401318948 -0.0601999901727749 0.683717586033139 -0.429534503467219
0.0626632356080764 0.0450707851469601 0.774173042755671 0.504168776884799
-0.00892149173580582 0.079468450174998 0.0141763566231148 0.67819933884998
-0.0421083457094591 0.0707359012188779 0.0874118976886612 0.0320486439112791
0.0218987954580831 0.0870786591249612 0.0655745543600532 -0.729833727199206
0.0534332286746313 0.0232642208001289 -0.772151199865416 -0.633394079189866
0.0206619263806656 -0.0369434859439117 -0.795251825678061 0.414953204862016
-0.0308516536840773 -0.0102147212805941 0.12561778654874 0.66186853926041
-0.0131613230107688 0.0252924802433631 0.427687261311399 0.136281556023417
0.00263717938084488 0.0126691362954037 0.155890277440631 -0.140697671435313
-0.00202648332094 0.0154327673916793 -0.165210893939979 -0.127976512424119
0.0158516227316837 -0.0106586020490082 0.139603348852251 0.0953360533078833
0.00242342445238414 -0.00610998399064966 -0.105580743132761 0.114403523978804
-0.00810430949416775 -0.0053984841984603 -0.400643652851592 -0.149440399312151
-0.0260645525050169 -0.0109559245660596 -0.0835811656081672 -0.580215838835491
-0.00635587659569167 -0.0301572799137034 0.693134242861762 -0.386292074439092
-0.0312845465450765 0.000426502888133109 0.786150074878909 0.557940543202698
-0.023711000315266 -0.0616889761898705 0.000704471897460218 0.74331683235092
0.0117185652158452 -0.0815799443866841 0.061213225406475 0.0929455914167113
0.000825311544020203 -0.0446041263320958 0.0433759064912858 -0.663694101064322
-0.0452984728589511 -0.014861885813636 -0.7720828929706 -0.553477573029411
-0.0449602327253989 -0.00500544354276245 -0.7541011716498 0.480933725328811
-0.046199206823758 0.013279984481531 0.174544677934311 0.686328074775162
-0.0152955558244173 0.0224215135324925 0.448775202338634 0.120526140508961
0.00969997470406652 -0.0112787763162407 0.162679865550504 -0.16015631493227
0.00729873618054305 -0.0316291297107118 -0.159190145278444 -0.148947477550161
0.0179323381386621 -0.0126333236067304 0.137997488544229 0.0925985664821984
0.00814363163696172 -0.00529116755946808 -0.116877677825689 0.103124498554712
-0.000142482665777618 -0.00260666999149021 -0.396106978548 -0.174310103991202
-0.0203886317700624 -0.00758429404983238 -0.0472122114030721 -0.585197305481178
-0.00886262833955784 -0.0312444857732253 0.738876048133716 -0.330082400943281
-0.034983732949382 -0.00791544812257783 0.746227297567654 0.61803148880217
-0.0196188535746248 -0.0659756370365813 -0.0359240972462019 0.726827500197975
0.0124888074881486 -0.079667948110853 0.0722717194817008 0.0585859415176383
0.00079598329113682 -0.0435018184927316 0.00657467838171179 -0.680177474732275
-0.0481304029019871 -0.0171997895599197 -0.812667177905419 -0.491169761973612
-0.0489363090637522 -0.00467204418450709 -0.710257281053204 0.536280790111035
-0.0380197548683033 0.0185935280536803 0.213623512847876 0.669163140249737
-0.00208333534067037 0.0237991322489674 0.44535994939293 0.0904010691905904
0.0171855733104366 -0.0138344762364635 0.14690770852544 -0.170498653206116
0.0104939343217366 -0.0339657060432613 -0.164463342775195 -0.149067126351552
0.0206026432498883 -0.00991573277978286 0.135339087421324 0.0968921987838273
0.0126508671418843 -0.00367755316797004 -0.128744979590578 0.0960978621697067
0.00755333533032031 -0.000321424480567064 -0.395626682867487 -0.197121494908832
-0.0145889873803107 -0.00616235613832786 -0.0141089442322808 -0.593914507399499
-0.00488906808583079 -0.0340650131343651 0.763353732794198 -0.289892033581317
-0.0313975663566101 -0.00908339913573042 0.71039130649303 0.656656184119166
-0.0154425379710601 -0.055411739883743 -0.063220679822332 0.708264302146152
0.00914067466390653 -0.0660750561574019 0.0834210468865828 0.0274191774982237
0.00395505907382097 -0.0342700925054585 -0.0248178327400196 -0.701198641346308
-0.0425460969549472 -0.0181986553296684 -0.841131532384625 -0.449609757490386
-0.0468112128380239 -0.00640430894434137 -0.676529656423122 0.569059383182382
-0.0300819609839528 0.0210616797462973 0.241556531134177 0.6443092858928
0.00742119298979158 0.0241052325158996 0.440071879430857 0.0674557661104244
0.022903169040759 -0.0139321061128469 0.132744754242731 -0.177575087041625
0.0120400704761407 -0.0320194078077748 -0.168759964852672 -0.146882401539792
0.0227012742197592 -0.00489577407693371 0.131081689053347 0.101813874019301
0.0157183418854603 -0.0014361484242538 -0.13653004447669 0.0939424853011945
0.0120195923639618 0.00182804082961833 -0.395614339678203 -0.211520055987984
-0.00944081964359919 -0.00799901292671438 0.00213711733631981 -0.602373193877631
0.00465944520874891 -0.0377918237192879 0.77219074123012 -0.275019215691053
-0.0198590490710093 -0.00311986105788599 0.689502478661735 0.671442425009248
-0.0137693461690052 -0.0348062111683201 -0.0744042914042466 0.690441565870085
0.00261277489797936 -0.0430182119878321 0.0914786197729247 0.00199289172992045
0.00931378120494578 -0.0169196510359828 -0.0400857930764398 -0.718007333162077
-0.0297553788604257 -0.0169816957547059 -0.860178071416632 -0.432718348909272
-0.0391607916008232 -0.012026161427927 -0.662613413762205 0.580975984117997
-0.0230444651100314 0.0202507268773246 0.252875533254303 0.627048705096222
0.0128524308416019 0.0254070734014929 0.433873436456421 0.0547287531554048
0.0250185093235167 -0.0117413897113178 0.123686885827509 -0.178756759721258
0.0121651531278045 -0.0258552241450682 -0.171021529581934 -0.144263561092769
0.0212785188933993 0.00206972832855836 0.12807907380324 0.108696126955994
0.0158158435556252 0.00148218628262597 -0.139513324975369 0.0978030616239182
0.0128691602656052 0.000976726028291073 -0.399908409245941 -0.212626025640164
-0.00519270786606947 -0.0133229510591935 0.00062065753671016 -0.607942448951846
0.0183232035796983 -0.0423745449693701 0.771830960066544 -0.284923477990681
-0.00205509018833356 0.00883661641090248 0.687917620932819 0.662107600271502
-0.0141097175462226 -0.00560648890406913 -0.0689637932325693 0.679466103262243
-0.00705281879090374 -0.0133962592238834 0.0976480235550837 -0.0109659722597872
0.0164056018171986 0.00734243968436554 -0.0416250682475862 -0.731770566884804
-0.0098248492328922 -0.0136078938920058 -0.865246844370744 -0.445765677159399
-0.0283737361072419 -0.0186796079876988 -0.668083119186494 0.571930087492567
-0.0210381491148851 0.0167226324455039 0.248818413617075 0.62026099189714
0.0132721615723147 0.0268183643204925 0.43228378981668 0.0557562039861243
0.0239467171633113 -0.00702934206305364 0.121671695919432 -0.175358761712836
0.0106556774449623 -0.0157970717003652 -0.171978527295309 -0.139358661057116
0.0203704785772998 0.0109647638499934 0.12527235674603 0.115643692491985
0.0135119867827994 0.00517209979189412 -0.136545732730361 0.105182527573603
0.0101067267448211 -0.000500753098066084 -0.405230216692238 -0.201506583868825
-0.00278232651308916 -0.0213588925246285 -0.0208825964337561 -0.610435936433419
0.0346126042276038 -0.0480569255851327 0.755004952784137 -0.319935198230931
0.0183616987499727 0.0236374042383184 0.706583436518829 0.625020383427412
-0.0143374523501823 0.0272674067652797 -0.0508351209623975 0.671234473306596
-0.0191031075123015 0.0194091627153448 0.0989833930942561 -0.00975789829308264
0.0228930942914067 0.0352844351413936 -0.0202584251323748 -0.742887567194555
0.0132289314383749 -0.00541650915203901 -0.853969980457037 -0.489370381848846
-0.0138146873276254 -0.0268414742125574 -0.698386074811498 0.540538908312691
-0.0225334242732818 0.0106135221639994 0.224879938729854 0.627342842205662
0.0073873860165564 0.0282415073950499 0.431286333132142 0.0716837457512167
0.0187619807199167 0.000215512039125535 0.126923380625705 -0.168035780919778
0.0077610035430285 -0.00423911074127311 -0.172733263270842 -0.134721201587176
0.018091961669244 0.0206258388480326 0.1244686929804 0.121787248238122
0.00963918032212023 0.00834462889267456 -0.127248867841434 0.117827790739125
0.00368694205286907 -0.00175975579531435 -0.408817588113014 -0.176341006765801
-0.00369272307801568 -0.0295201308377252 -0.0577155971512499 -0.607748327707207
0.0495622060263368 -0.0545379626526546 0.72493226906097 -0.377399313489551
0.0414215073149392 0.0377715558205899 0.742771315962538 0.570220727837908
-0.0123265236419117 0.0568111654350189 -0.021393444347743 0.672087831178555
-0.0321359364493269 0.0496850899608796 0.0956852926854588 0.00441887481885176
0.025409867091195 0.0638439168119561 0.0136823263605806 -0.742422565525089
0.0348673461785991 0.00731334330314903 -0.825932954190456 -0.55200912060771
0.00286329983822435 -0.0333964219867772 -0.742619297372353 0.490760866219228
-0.0261057018627264 0.000963856390968919 0.184823924893868 0.644086256635285
-0.00179867820710335 0.0279583661626462 0.432073963581607 0.0971150539006827
0.0118094700045652 0.00709449381477123 0.138937089330422 -0.156702871224252
0.00365641836577577 0.00661613550140014 -0.170691308394839 -0.130148275088886
0.0154760692357095 0.0290652699270542 0.124931546774798 0.125966067576738
0.00317911066148045 0.0109072856359335 -0.113700366045796 0.13253815693752
-0.00619774797996707 -0.00400548044967066 -0.414564823247171 -0.143986658993808
-0.0101082517005141 -0.0360652392077807 -0.106158510776523 -0.599290530957632
0.0586316635550353 -0.0614931670835719 0.683389956179141 -0.438243419380604
0.0631253583627118 0.0445577993625712 0.78285948313626 0.498634293556429
-0.00877187011849494 0.0794716155843667 0.0195858383165813 0.681653792910082
-0.0414987332859574 0.0712787974507638 0.0878443511183883 0.0316141123516682
0.0217724464053214 0.087567174230285 0.0597310827526427 -0.733282051086497
0.0534512074812962 0.0236105787269706 -0.781430721660763 -0.630373302280175
0.0202747209562551 -0.0368346412375838 -0.793736247066695 0.425824782754619
-0.0310532461772132 -0.0103861882969059 0.133722073461859 0.665100821500776
-0.013014145888623 0.0264340490983951 0.434270212176624 0.130883335680333
0.00210556056950336 0.0140202101897655 0.154851490942278 -0.143288675999904
-0.000786998057676756 0.016147224820488 -0.166205140786532 -0.128026048211668
0.0152815805552366 -0.0109761257967213 0.141016224924578 0.0953191002873009
0.00263684130271978 -0.0070596434892816 -0.103723025890918 0.115863446570095
-0.00854181088091769 -0.00571572729116551 -0.404098904763992 -0.145776470537514
-0.0254973219793715 -0.0108600126188576 -0.0916203907875464 -0.582747582611433
-0.00718969985840683 -0.0305780764156289 0.691822313259031 -0.395816805125619
-0.0312923676464761 0.000211827130137386 0.794341972642293 0.550431321459062
-0.0248480663272152 -0.0633566614627722 0.00926055405126455 0.74760799181146
0.00976237853805599 -0.0828057605537228 0.0620553438206834 0.0929459817201833
0.00104294362412257 -0.0447448065741664 0.0391718948435649 -0.665932001311757
-0.0454040382513365 -0.0132690346544566 -0.779666249255461 -0.547637843890493
-0.0451955673760758 -0.00404813202123117 -0.751865330166801 0.493285906965836
-0.0462689344871196 0.0136791005810822 0.184960144333723 0.687975142554689
-0.0148105095434848 0.0234119052867962 0.453429965008209 0.115281758415953
0.00901798339273621 -0.010679574088711 0.161889079585209 -0.162642606082262
0.00660331660113569 -0.0309656837841516 -0.161312034014195 -0.147550513750586
0.0180662290606999 -0.0125908183724245 0.138308668854571 0.0921227733832797
0.00726263837798647 -0.00645312538758224 -0.116724469747264 0.105952170249985
0.000215173770135338 -0.00311251683386688 -0.399701641605638 -0.170643586952525
-0.0197727643699247 -0.00685970449757071 -0.0528462572744242 -0.58639041569628
-0.00932220561840109 -0.0310996849043516 0.739723950035524 -0.338550758561015
-0.0361718446595859 -0.00769037518498949 0.755555874425322 0.611195144046834
-0.0199355543354185 -0.0663291229834643 -0.0283067670518877 0.73068040735727
0.0119286513479131 -0.08061679431211 0.0723559613036366 0.0581403961090764
0.000986263546252926 -0.0444716633764883 -0.000398737121440795 -0.683843580083253
-0.0478961868679995 -0.0162715276680369 -0.820790068109176 -0.485637899607808
-0.0484169077714533 -0.00278635029384013 -0.707288170882808 0.546047122248141
-0.0378357991783661 0.0184375005908316 0.224113290472165 0.668926286304229
-0.0028258423287554 0.0238149410005695 0.449407286144717 0.0855742802497951
0.0170203715880629 -0.0136586180294787 0.145346317302976 -0.174200202507472
0.00937382301004859 -0.0331448099832993 -0.166475346739791 -0.148950800791274
0.0207542241355258 -0.010653653878917 0.136226513233263 0.0954667411100638
0.0122955457538677 -0.00473238166492312 -0.128461111610575 0.099134153208664
0.00851117982579898 -0.000215926894096684 -0.399021251123916 -0.193735032275958
-0.0140303078660063 -0.00522792586480256 -0.0207142443909995 -0.595885094753519
-0.00570965825847404 -0.0346557328304477 0.763788063799133 -0.299434488222465
-0.0319444494804661 -0.00820019225960789 0.720529273791199 0.651099500398097
-0.0159740449124785 -0.0558180105357774 -0.0538765242595628 0.712007455586131
0.00859074760945148 -0.0674161061609876 0.0838679980584187 0.0256941007976918
0.00359149506845111 -0.0347561741100932 -0.0305783397589501 -0.704525490192455
-0.0433513174797112 -0.0169694558527176 -0.850318907340157 -0.442904612733995
-0.0471531317087407 -0.00603788359989018 -0.672948907760316 0.579182513623401
-0.0293987953978255 0.0210543144847526 0.252071762559031 0.643718708083282
0.00754020228978246 0.0249086487259739 0.444747021113894 0.0614981678973276
0.0223957997357877 -0.0138266113621269 0.131263242583526 -0.180562498488118
0.0120794571525392 -0.0313456826958431 -0.170282255081113 -0.146595818582047
0.0219448760366981 -0.00540364222151352 0.132967550075231 0.10127054684468
0.015440982862859 -0.00187156803425848 -0.135782374864311 0.0961411580540824
0.0124985173632737 0.000656780669333877 -0.400660574466908 -0.207099816408908
-0.00896159625854621 -0.0086466297450644 -0.00479405079553723 -0.60426775543547
0.00350784741791307 -0.03846008411702 0.774156915896975 -0.284866362489177
-0.0203212446706853 -0.00248506896379659 0.702735983463883 0.665722875136333
-0.0144357796259133 -0.0358435246299208 -0.0661922730996539 0.694123628959923
0.00193729204107552 -0.0430741849883861 0.0920491203331369 0.000951558021448874
0.00972061195340321 -0.017479129243523 -0.0479824030136152 -0.718835221066363
-0.029814671737727 -0.0171868095030471 -0.868645026758369 -0.426323759152686
-0.0396845395899085 -0.0108173720321116 -0.659315100588937 0.591167204784701
-0.0234546555432035 0.0196580920826781 0.264489504792671 0.626638550102925
0.0129015504377518 0.0254077799792524 0.436524332835424 0.0503090193508975
0.0246278741768375 -0.0120222777328234 0.121817333529563 -0.181234988477588
0.0114066686441958 -0.0254471486322859 -0.173115925295425 -0.142582793639699
0.0219965817887512 0.00133569183978781 0.12896058078533 0.10755023783329
0.015461441650108 0.00126725328135553 -0.13956809671155 0.0989722508874433
0.0126782323567797 0.000242429224899223 -0.403856537592531 -0.208891126498113
-0.00444125746971598 -0.0139607916344726 -0.00654081598092359 -0.610235289303158
0.0175537743648021 -0.0431392221817503 0.772286110817309 -0.294739185058626
-0.002770533857266 0.00936745206909557 0.698689706701668 0.656934624169548
-0.0137439406946316 -0.00578315133791303 -0.0623865048229789 0.681848090390592
-0.00794079901032597 -0.0134302753112322 0.0981037069678507 -0.0120537741733842
0.0173790273896795 0.00574933606752853 -0.047759585325003 -0.733000747397438
-0.0095938843148225 -0.01306140721965 -0.874191580360758 -0.437034931622854
-0.0288305677356643 -0.0181010859305677 -0.66506653683932 0.581972324623575
-0.0209996419980974 0.0165690713208472 0.25812049499362 0.621658089555258
0.0133398932507568 0.0274833028614346 0.435708628774839 0.0502791400444475
0.0233353688179915 -0.00668455439978227 0.120197596589526 -0.178503950101652
0.00975037576839985 -0.016308643225114 -0.175108763545384 -0.137902280221025
0.0201893402441036 0.010912259610117 0.126951647464682 0.115142004317908
0.0131308112822883 0.00389131770131811 -0.135626964220319 0.107285075998195
0.00993596602631558 -0.000499360226609676 -0.409445835419588 -0.196919895239386
-0.0017225422265128 -0.0212979207359526 -0.0284302688710862 -0.613871333170969
0.0333821233665963 -0.0485735146034883 0.755327164344531 -0.328897564628591
0.0181637821915401 0.0240008927490568 0.717568659152597 0.619638245576821
-0.0141443892576122 0.0266765285857432 -0.0438548871091684 0.675803672418435
-0.0194826088798206 0.0187609770218814 0.098427161317645 -0.0113996658422036
0.0241613613826678 0.034549568820566 -0.0278566329823816 -0.746548039274422
0.0133180916998305 -0.00476544316535184 -0.863022326999163 -0.481987859360801
-0.0145040915539901 -0.0269353153116109 -0.697549999194862 0.551245818904035
-0.0228652229341769 0.0103217436104673 0.23544782084407 0.628699478551396
0.00846993943720677 0.0288884576180441 0.435030933280247 0.0669330450184014
0.0188917686754209 0.00087566352105025 0.125856473752431 -0.170206196785487
0.00755575969765292 -0.00462033543300609 -0.174378784935575 -0.133187207199276
0.0183339262216641 0.0205643734940455 0.126075749910469 0.121374688997158
0.00833512798721862 0.00809800318502475 -0.12673194544252 0.120537577625986
0.00322119311734838 -0.00281695404805794 -0.414657365553654 -0.174309504132002
-0.00364856312617411 -0.0291480124514032 -0.0669136101752313 -0.609963821301017
0.0475307236222527 -0.0555168454852852 0.724610213053442 -0.385648349150878
0.0426044735566236 0.0360782364947097 0.752633695807315 0.563804054949541
-0.0118632588004969 0.0562908196083852 -0.0127884360970578 0.676078534353719
-0.0312640499164548 0.0492597366096234 0.0959314572719141 0.00337368408526981
0.0260952254640192 0.0630344166633613 0.00697320376689513 -0.747012072663214
0.0361779816017595 0.00748893799221863 -0.834868748487681 -0.547462229208906
0.00249231932417745 -0.0334770338051237 -0.743376104752477 0.502414647152011
-0.0262463736248908 0.0010089179829106 0.194822237724524 0.645474321418382
-0.00107725852916106 0.0284967626788947 0.435267193446568 0.0931045709885081
0.0119598570971757 0.00804405571923997 0.137565177323441 -0.159080798615617
0.00377881434649484 0.00718388122816327 -0.172755343833384 -0.129285454687631
0.0157917248335023 0.0283850761912846 0.126116938886584 0.1259949307938
0.00270327004423674 0.011122728985894 -0.112985145473652 0.134380009890298
-0.00611409573956086 -0.00335409376456957 -0.41695520065775 -0.140872185361263
-0.0102244588872454 -0.0364709340887077 -0.114171750154339 -0.600960966683498
0.0577899481859745 -0.062065544459105 0.680455590008762 -0.448965551981079
0.0636941151265677 0.0442523332258324 0.791791063168615 0.493562231477682
-0.00692986574384048 0.0803968841012972 0.0274307155589908 0.683831153768452
-0.0418784577211102 0.0719612461952808 0.0890928136474617 0.0304343944302331
0.0240188436060422 0.0862354441343458 0.0523161496181167 -0.735372030154287
0.0544656873228062 0.0225155133027286 -0.792374805461888 -0.624851528897424
0.0209343031254973 -0.0371216483027139 -0.794262861864373 0.437092830014371
-0.031400232545928 -0.0107322584257737 0.142317359964647 0.667831251419564
-0.0135116848878381 0.0262526844782068 0.4385757224599 0.127985750726238
0.00276117575757173 0.0136316363178533 0.154576678637243 -0.14611777861236
-0.00137568141330122 0.0166186744783505 -0.169689325021556 -0.125962160711217
0.0152383053644491 -0.0118491906259804 0.142939191295237 0.0936879334140315
0.00156403908983661 -0.0070446171662338 -0.10304842273157 0.116419727254408
-0.00893581133190793 -0.005693884529287 -0.408028720911443 -0.141041541340932
-0.0254070085826902 -0.0105827744208869 -0.100053753828567 -0.580939747213102
-0.00799790361527026 -0.0307369058006078 0.688292127352435 -0.405265581539556
-0.0316732578511612 0.000494822725112145 0.804234565639435 0.541531248154547
-0.0252335101311084 -0.0634532309377442 0.0181448669438154 0.747526153410547
0.00871915959830558 -0.082891167158921 0.0633593639133461 0.0918039580634955
0.00105954717490701 -0.0452226649437284 0.0314841300668222 -0.669103389844951
-0.0449154583479109 -0.0129911603428574 -0.790131034503727 -0.540679198922249
-0.0455493035041009 -0.0037868434037798 -0.748010144166145 0.504575624963439
-0.0462485198402721 0.0141620193950334 0.193930689572395 0.688884324313758
-0.0147196520345155 0.0228614412638534 0.457283419394815 0.110166168878027
0.00907598606451152 -0.0108732099940374 0.15992690155636 -0.166875265724235
0.00625889477658825 -0.0309308978765227 -0.163468661621237 -0.146398769571095
0.0181876183316987 -0.0129506728654193 0.139942226839251 0.0909286519619145
0.00738938056901437 -0.00677216298914783 -0.114878974191673 0.107303372440942
0.000869160286863943 -0.00299278597152992 -0.404368802034992 -0.166309403533643
-0.0191461299018771 -0.00632118182265743 -0.0606233117409616 -0.58777529631955
-0.00989432158462437 -0.0312625019459994 0.73734038008263 -0.347949680293609
-0.0363049121701869 -0.00702284881547702 0.765561442134762 0.602804814176198
-0.0209336282469641 -0.0667002193820471 -0.0188065939463303 0.732753529885668
0.010580597721593 -0.0809439995315637 0.0741392113413318 0.056446990482844
0.000266560751706245 -0.0449007445637988 -0.00854998447901838 -0.686269053412203
-0.0483384899924114 -0.0162977791001248 -0.829301178056672 -0.478935914228714
-0.0490299095715078 -0.00281737313036316 -0.704374345548064 0.558345693370076
-0.0381568371964923 0.01945012506912 0.234670929432257 0.666832314067841
-0.00228804876336837 0.0238989574342642 0.452909353428633 0.0796039517780629
0.0165093665793907 -0.0142218396878783 0.143215348516149 -0.176137976990781
0.00992428627244988 -0.0337923456706293 -0.169618110412112 -0.147352052540768
0.0204826327627792 -0.011092258121989 0.137552441402321 0.0944959875235575
0.0118274129043328 -0.00464122924610776 -0.126840166378221 0.100568505449447
0.00776157752368692 -0.000604621389818125 -0.403973986301637 -0.190052556170138
-0.0141093033734501 -0.00560083516410426 -0.0288266773063401 -0.597208029306192
-0.00689469886892605 -0.0350889616235952 0.76219739908073 -0.311190866447959
-0.0320338518895636 -0.00871922482485721 0.729762562576131 0.643166859829977
-0.0169869701363914 -0.0567420058883977 -0.0466855637504476 0.713477014640619
0.00798799686777387 -0.0674450778708104 0.0839576407080625 0.0247718046431914
0.00347555836935228 -0.0357185049069044 -0.0381030790272137 -0.704686695252513
-0.0430448838238376 -0.0166870312286594 -0.859549202955724 -0.433350241984028
-0.0471048119097444 -0.00479305417559323 -0.668387037245388 0.590535621769306
-0.0293358105238464 0.0213689864202522 0.264114251082311 0.642443553527367
0.00754403223117456 0.0248323241441928 0.447000171864651 0.0564938485605291
0.0219461705851686 -0.0137479429986449 0.130025128832452 -0.182753517608889
0.0109227978603438 -0.0313415351531968 -0.173170262697787 -0.144819323496311
0.0215853615273507 -0.0062641681621331 0.133815661295771 0.100112979946296
0.0148950926302672 -0.00185625790858352 -0.134319414349332 0.0977874824075996
0.0119817094518821 0.000430229234254518 -0.403834702684591 -0.203711439073484
-0.00856107396859043 -0.00757035998757179 -0.013063558002504 -0.605755186894297
0.00276198754347018 -0.0389213600289613 0.772442775788749 -0.294134919562508
-0.0204174292082751 -0.00264835162355689 0.711440185185934 0.660978291355441
-0.0148495211018126 -0.035742986936904 -0.0583911670453625 0.696896780772507
0.00106109132057334 -0.0439256617044709 0.0919290138413809 -0.000289419320003522
0.0100380340879098 -0.0189114879162372 -0.0571577823025229 -0.721939124089591
-0.0296239437820387 -0.0154935086473474 -0.876920195006722 -0.416131263303674
-0.0402974197255257 -0.0100175930888413 -0.653012734364596 0.602979916619424
-0.0239832943993729 0.0204010841757667 0.272605304021008 0.625959804892595
0.012733291428599 0.0258491926666643 0.441415481063472 0.0445996865477867
0.0246944805684078 -0.0115634775941828 0.120494055657725 -0.184605068083562
0.0109296521416009 -0.0248963904428431 -0.175654896716845 -0.141807823914306
0.0225573778611318 0.00180448883412356 0.131566953028521 0.107090420803701
0.0154629587157968 0.000830280547405582 -0.138361418844651 0.101576684660724
0.0133493670966767 0.000123692659117011 -0.407450881204235 -0.2053565416539
-0.00445312048017665 -0.0138382292230133 -0.0145491512762385 -0.611883403981149
0.0166263858741922 -0.0433375189524613 0.770212596180474 -0.303947885432751
-0.00336139685917732 0.00981055444992685 0.708451014716051 0.649549339710077
-0.0145528211739281 -0.00553236294732921 -0.0542240667992546 0.684235405265146
-0.00739623856765937 -0.0135653097298601 0.0975374434681646 -0.0136341411761452
0.017502664437409 0.006033190731262 -0.0573198937883596 -0.735599405942675
-0.0100860971622556 -0.0122065511027698 -0.881284071014907 -0.428834870812945
-0.0287323346769375 -0.0176536233737221 -0.662465695588431 0.592099895814913
-0.0213974972144376 0.0170970713587845 0.267226652687578 0.620352364485441
0.0134457218659962 0.0268467788490826 0.437676202525916 0.0460051601548325
0.0228235857104813 -0.00653296711353411 0.118510237689181 -0.179607711229726
0.00965162264153412 -0.0155905330701379 -0.176658139457664 -0.136180102771178
0.0210740550909567 0.00984445465275568 0.128332228019295 0.113659125827809
0.0133758399848247 0.00460903514280908 -0.135241913803456 0.108171526350314
0.0105690620818366 -0.00104973399544663 -0.412406532628652 -0.193039901618302
-0.00187460024087777 -0.0210934670989456 -0.0357863793251921 -0.613461143051785
0.0329750060741607 -0.0490866674240363 0.753168307903671 -0.340236111456519
0.018919522567595 0.0233513807852985 0.727118461491109 0.6136034535109
-0.0140521434684678 0.0268185824976501 -0.0369736226273448 0.67745902203405
-0.0197148814653435 0.0189047740139677 0.0987318932714024 -0.0129269808636696
0.0242634323011894 0.0327978442503956 -0.0369823403787614 -0.747738515431937
0.0140154361482119 -0.00523489063083672 -0.872439883467339 -0.473207945314696
-0.0150503157740447 -0.0254761954829903 -0.691183973144795 0.563242438137229
-0.0224688452982877 0.0109373177260756 0.244747125555854 0.628135950772471
0.00838095436637386 0.0289868992118716 0.438163784850233 0.0595067588117302
0.0195347948024982 0.00077442494776434 0.124082011240632 -0.173242554013889
0.00761637445611678 -0.00410666825733046 -0.177064448935973 -0.131371698224189
0.0194171319847734 0.019527109562348 0.127830432779779 0.12017822863835
0.00875490439046729 0.00771574734782924 -0.12440635233934 0.12138946300816
0.00292112562177169 -0.00335196204128274 -0.418652853248251 -0.170386382144608
-0.00346235531111902 -0.029445721500588 -0.0748373863956854 -0.610289349596086
0.0468554632842216 -0.0563776573395949 0.722320867939522 -0.394954028070418
0.0424064045832614 0.0367661995248895 0.759978450484105 0.556061523690588
-0.0110473229681978 0.0574055004033353 -0.00476643410530142 0.678715414246788
-0.0305032566209407 0.0498837730349393 0.0965903906253757 0.00272238640888697
0.0277819543838767 0.0625945930478478 -0.00290041292669117 -0.750012420029522
0.0368634742512692 0.00741559621585428 -0.844095933301444 -0.538516825820515
0.00232204203706497 -0.0335260114030352 -0.739435045947335 0.513812232601807
-0.0266384507449527 0.00140568560926085 0.203257129538856 0.644467545600006
-0.000892699610886852 0.0285709350679467 0.43923167089209 0.0862426801770054
0.0122636795993442 0.00935489777293165 0.136799025991568 -0.161619918542211
0.00392782534614853 0.00738418991504523 -0.175385206081053 -0.128085552421905
0.0161817851172947 0.0285111717992443 0.128824566765466 0.124583799642667
0.00309934670826843 0.0112015547254167 -0.111617135248739 0.135320415829536
-0.00701615512651714 -0.00375813199109399 -0.420652381032002 -0.136022936577284
-0.00937673958303286 -0.0361392820871559 -0.121749659225396 -0.602020990217902
0.0563945755165225 -0.063466972921112 0.677185262825192 -0.459238473257372
0.0634273835066477 0.0446695793157781 0.801099329190218 0.483424102146895
-0.00618993973246824 0.0790406820019907 0.0358049537107816 0.685069544628869
-0.0409373294696953 0.0719155339686324 0.0898907011684822 0.0288764046773436
0.0247735391635689 0.0859023589776166 0.0444762428144785 -0.738424153709538
0.0559444592626222 0.0224079958321237 -0.802599219255533 -0.618371653767199
0.0202793563773239 -0.0369978698867101 -0.791812534346218 0.448862455956153
-0.0313401918137466 -0.0104568692546026 0.153929042269663 0.666804464986115
-0.0133872196357502 0.0261770285356902 0.441382713788765 0.121856946463156
0.00309138934051013 0.0141399119514146 0.153191761907499 -0.148610294294647
-0.00110123631160051 0.0164272469033252 -0.171542182580289 -0.124875465991282
0.0152381533466911 -0.0115747716510492 0.143212521938873 0.0922445327847092
0.00155627534893857 -0.00737775601668735 -0.101981012064267 0.118582768739107
-0.00882336557833151 -0.00588640295991582 -0.41107856994987 -0.137244919306222
-0.0248170817097625 -0.0101348237578099 -0.107792764019083 -0.580928536598332
-0.00861243236883961 -0.0309883878021507 0.684585823095772 -0.414982293474713
-0.0321133181933242 0.00102240629889439 0.813223723337747 0.531963914032797
-0.0258790228584834 -0.0636630532653246 0.0289184847212744 0.748024891970136
0.00834310154457716 -0.0834036163921812 0.0648914414566315 0.0911604786715963
0.000596287703767052 -0.0464816800813935 0.0225703928242797 -0.669208682574839
-0.0448717408555389 -0.011529317235926 -0.797888291027522 -0.531866151455522
-0.0454560681721981 -0.00247317520979868 -0.744655352235624 0.516058645943471
-0.0461069751370556 0.0145649298743512 0.203934991453533 0.688351836194862
-0.0147302822080918 0.023913248844759 0.461923189379095 0.103958157006555
0.00795105762934636 -0.0109280694243759 0.158326806330009 -0.168637244209844
0.00543174011023006 -0.0312893003085199 -0.16565725130245 -0.14364998518421
0.0185353389530901 -0.0142076183699386 0.141833156777515 0.0904964041795649
0.00761838416587747 -0.00710769243429721 -0.113487578625324 0.108443131233724
0.000727511602456923 -0.00349854046662223 -0.40644102000685 -0.159698812250323
-0.0187816712499874 -0.00600273032278382 -0.0693997803403748 -0.585859142099438
-0.0108202115183039 -0.0322903998911094 0.733741322611393 -0.358188758101222
-0.0366945632713013 -0.00627352120538339 0.774228592180851 0.594303271975066
-0.0210161478157282 -0.0654577477560526 -0.00979991304873399 0.73383819590563
0.0101728153283225 -0.0818728498950718 0.074537739560407 0.0565914971102638
0.000604981305302701 -0.0459162997317211 -0.0178200546553622 -0.688034928970921
-0.0484094149022164 -0.0143082887063518 -0.838091487747913 -0.468243824603656
-0.0485185058271909 -0.00172655794174605 -0.697854444757834 0.567388951673662
-0.037423369810977 0.0192045148915957 0.244972553321811 0.666786429922081
-0.00215592184661187 0.0243386510448827 0.456102787858714 0.0737488610369974
0.0166986599878325 -0.0137644020210351 0.14221691862191 -0.179330123703423
0.00908337650237289 -0.0335421723703783 -0.171859223791572 -0.144872253930934
0.020494283909655 -0.0116008362126264 0.1379581029765 0.0931662482631731
0.0117884852470904 -0.00513739201968613 -0.125201730721042 0.101490116660636
0.00768332290802081 -0.000924918057874259 -0.406593513707448 -0.184038449253797
-0.0127784675087765 -0.00557449182897772 -0.036935386155237 -0.596378420639742
-0.00768539657452443 -0.0345321884956718 0.759277035831514 -0.319978598067474
-0.0323269762726558 -0.00728259102501775 0.740434508647021 0.635716209812221
-0.0176272584808784 -0.0572445231117822 -0.0378155752825201 0.714893447734826
0.00688500630253897 -0.0683166059925492 0.0848518092737791 0.0231085004726732
0.00342890888232331 -0.0365479358230659 -0.0484140335925705 -0.705246163541636
-0.0429517676974992 -0.0157820744278222 -0.86666354298665 -0.424227615231841
-0.0471873325302122 -0.00358362350263989 -0.662528744918769 0.602296103285499
-0.0279808069828819 0.0222840119693323 0.27321444841828 0.640109762093469
0.00741615219559617 0.0250693973498424 0.44785411359003 0.0500011017524517
0.0214531656902188 -0.0134780249076648 0.127457322115853 -0.185147716821154
0.0106512520242414 -0.031264075761382 -0.174613345608549 -0.142830215901991
0.0226514582382504 -0.00653896899214222 0.134863348640215 0.0988465169985768
0.0143139590176168 -0.00301071491712331 -0.133439445917338 0.0995582116439746
0.012700646120928 0.000628966693297003 -0.408605870005021 -0.199319824251532
-0.00768349954226688 -0.00811596241370534 -0.0203054351486823 -0.60585203505231
0.00172014245540499 -0.0385776624994616 0.769831403880954 -0.304272586372238
-0.020479953753008 -0.00154135132703928 0.719593548909368 0.652111071222076
-0.0153515590997762 -0.0353106893894315 -0.0477719401915136 0.699554150338574
0.00181241269513152 -0.0440362552702886 0.0927556671449584 -0.0016733356961866
0.0102704947389086 -0.0192749097371487 -0.0659528797440314 -0.722078251517916
-0.0293966261438297 -0.0154652281485443 -0.885405476843683 -0.406412839843327
-0.0401611363449371 -0.00909441652273543 -0.647049019921308 0.611406453566625
-0.0232010931766083 0.0213925510883552 0.283149822855252 0.623006839963659
0.01295559262053 0.026036718240159 0.443029552085023 0.0383284400697918
0.0239216153127546 -0.0112970069334428 0.1184919469625 -0.186129851756298
0.0111305696700803 -0.025243284515168 -0.17803021286695 -0.139226890870399
0.0226600893313241 0.00140690672751936 0.132402983373118 0.10563024734916
0.0150357549687329 0.001204073001782 -0.136857871522755 0.103799748626517
0.0132761822718628 0.000137629745942149 -0.41173601216178 -0.20028426556782
-0.00407525734072556 -0.0129082984096885 -0.0214720399092228 -0.611754893763598
0.0161361476064666 -0.0434854282663058 0.769816010746753 -0.312741972442415
-0.00311577061880178 0.00945027772397536 0.718889942180157 0.640791354200596
-0.0145566971459152 -0.00606117424814071 -0.0442262813811619 0.685749186361326
-0.00822166367790682 -0.0142318756856727 0.0977459283074126 -0.0148028143345071
0.0182743985632494 0.00465233165937826 -0.0659427478543006 -0.735437097112403
-0.00996869282023963 -0.0116256092159237 -0.890906013414089 -0.416806092617776
-0.0297492839114103 -0.016539729629824 -0.655063904003244 0.604132906922565
-0.02052184168581 0.0170712172370735 0.277446622933796 0.617734313119209
0.013768627319924 0.0271217863140751 0.441544148910173 0.0376414749041257
0.0231474636555888 -0.0061770226699211 0.116140599359574 -0.182008949467716
0.0092832486829489 -0.01495612411446 -0.179237654039162 -0.134047650584599
0.0218079094899039 0.00975131898743647 0.129575569686925 0.112792463421296
0.0122976986258896 0.004358546086422 -0.133497245554272 0.110431779846381
0.00900249732381946 -0.0015287896070199 -0.416729285947889 -0.189320689988997
-0.00185177881368302 -0.0213318613193579 -0.0434505697320874 -0.613771370225259
0.0316329963223281 -0.0491545699363576 0.749984822251364 -0.35109841132089
0.0192985316986707 0.0243210955453665 0.735590588943431 0.60417040599631
-0.0136477592499426 0.026652697845679 -0.0269083912315458 0.678859959704307
-0.0197091581822773 0.0199633415442644 0.0988867960996849 -0.0138798492200508
0.0256636617252107 0.0322631336763733 -0.0468180981693462 -0.747581823631951
0.0134870797161812 -0.00408197352499753 -0.878607343902634 -0.464571455605592
-0.0146959121565345 -0.0259433609837153 -0.686920712430397 0.573913269929118
-0.0226847343479926 0.0108081153831445 0.255490590058021 0.625271575761567
0.0082945168961301 0.0289905397277521 0.440973161605303 0.0531539618910783
0.0193005950950932 0.00130395090296118 0.12219259758913 -0.175024908485912
0.00747358163245692 -0.00361395698072689 -0.178177950340841 -0.128862155086309
0.0193367381802571 0.0201406440420807 0.129149829628186 0.118780269798665
0.00833864226499472 0.00770245788856787 -0.124117863600018 0.123311334965629
0.00311048516083175 -0.00287997165839248 -0.421649783107854 -0.164309460198088
-0.00359463062647522 -0.0297045381463174 -0.0826638237326284 -0.611591417370364
0.0461384331214179 -0.0567139148603373 0.717779583018754 -0.40570985826211
0.043214192711607 0.0359475073234364 0.768875067660246 0.545954215708787
-0.00972105568190315 0.0574504339452453 0.00300509754231552 0.680301970431472
-0.0303904449504966 0.0499109032707704 0.0963485656951896 0.000922658699626797
0.0285582896643482 0.0611361271052376 -0.0112947189830476 -0.747871786077329
0.0374377416108005 0.00728271230985826 -0.853310521195733 -0.528925495418928
0.00291287564204891 -0.0329618404440845 -0.734433697127157 0.523822256791203
-0.0274343288616091 0.00120230124524208 0.213788999522663 0.643711537359471
-0.000938895225115349 0.0289091512644576 0.44262668833331 0.0815022429372279
0.0123573951669172 0.00920073808719406 0.134750391311315 -0.164307485953701
0.00397368559558788 0.00761867492169032 -0.176448945267618 -0.124976179481853
0.017497476324229 0.0283764359637144 0.130351825491847 0.12367959481688
0.00309378687049974 0.0115083555755242 -0.109146991407927 0.136151090537959
-0.00646720282146214 -0.0033644912413908 -0.424043159605475 -0.131764161226889
-0.00969072659774363 -0.0351353344438423 -0.130220892251818 -0.598959866694387
0.055773577101825 -0.0640963122148796 0.673615297502872 -0.466434178625005
0.0642385699386182 0.0436722101818625 0.808336070025898 0.47433715310022
-0.0047124652982585 0.0790727729569913 0.043550672261528 0.68431270594049
-0.0403562436840834 0.072474532903937 0.089211658347593 0.0279053363525402
0.0266601442420097 0.0849636966288827 0.0352646623049666 -0.740931899510853
0.0558963713998938 0.0225051857895466 -0.812294301593596 -0.608257173810619
0.0205843770353824 -0.0371018273864846 -0.788852825647051 0.461471031996849
-0.0322996209876262 -0.0101974973653238 0.163076815114391 0.666181111105756
-0.0133155657797165 0.0263737015032137 0.445268076900786 0.115636668480063
0.00308829049276447 0.0151858052352305 0.151346123613187 -0.151778333756864
-0.000687171724480158 0.0180933126449311 -0.173777314822593 -0.122830586773361
0.015278861170329 -0.012303322911264 0.144565683328489 0.0904755844153474
0.00108578816633899 -0.0079929580012473 -0.0990682746468402 0.118995728217907
-0.00906248865777145 -0.00565614569528914 -0.412717568983831 -0.130418435347045
-0.0245227892794839 -0.00979763244634272 -0.116135898164523 -0.576678225873471
-0.00951868371033708 -0.0307882826663751 0.678063315874963 -0.423513703264324
-0.032419114486529 0.00171087893551194 0.819528063950406 0.517824988866596
-0.0278762251747196 -0.0632061010748591 0.0384190019189968 0.746070477685784
0.00698276106446405 -0.0843932069694122 0.0655145235539869 0.0906360168776043
0.000353549375566541 -0.0474762683111297 0.0147800838531785 -0.669675342973864
-0.0448235194126897 -0.0113036501635278 -0.806970682372189 -0.5215846667492
-0.0448811845653852 -0.0014301606226635 -0.736378532576921 0.525286285612603
-0.0453248987566817 0.0146186638068757 0.216421186569002 0.685290711382681
-0.0143023763830526 0.0235987718106801 0.460795370187895 0.0949502495217655
0.00885577339579756 -0.00965482985844997 0.155764339825637 -0.171521587202309
0.00590389770290409 -0.0302031215830902 -0.167442083175522 -0.142278753975971
0.0178824299586699 -0.0134117310025731 0.141579321187284 0.0884166270458194
0.00653784092468894 -0.00720520841778848 -0.11162681680203 0.109464135171946
0.000361865362317871 -0.0037491829642021 -0.409638374862614 -0.15601611878986
-0.0182704401399727 -0.00578474319460317 -0.0763710484374293 -0.583864641935028
-0.0123706775549875 -0.0315947355491383 0.729058971688019 -0.367667396314735
-0.0361384357393197 -0.00544644721517056 0.781449280726743 0.581646187233104
-0.0216644928617933 -0.0665120601056368 0.00104746773137748 0.733601388533789
0.00832291610990689 -0.0817158783256121 0.0754857858381095 0.05476437752394
0.000340410421304397 -0.0468424454245189 -0.0260583610300696 -0.6871265743197
-0.0483131270219653 -0.0125811952888244 -0.843746635395941 -0.456790326045735
-0.0488667914394459 -0.00106262028668934 -0.690188332928635 0.578423311939687
-0.0370698000611951 0.0199616336927357 0.254924846643049 0.662865504296919
-0.00138596107649137 0.0240221680456692 0.457284012225855 0.0671550631760179
0.0166266648734471 -0.0129414169299469 0.139285096879067 -0.180961519097007
0.00830890436643166 -0.0329445649619734 -0.173365796572715 -0.142223079736581
0.0205192465254446 -0.0112817931186496 0.13896468919827 0.0925606369602646
0.0111889209745418 -0.00504190878914377 -0.123894575316943 0.102845295201853
0.00791802320201679 -0.00124865134532781 -0.409842208931346 -0.177511264153768
-0.0117947056992352 -0.00569732585452915 -0.0449185815126386 -0.596033218525548
-0.00849209617949604 -0.0352383161361445 0.755958726140139 -0.328915957351947
-0.0323047710780945 -0.00692318277317077 0.747839006617425 0.623625328019396
-0.017673774310248 -0.0567332088153524 -0.0262620943496678 0.716030822966828
0.00640739344719374 -0.0690006240866396 0.0849736665009388 0.0228757812631004
0.00316081544304722 -0.0372338901669217 -0.057612506686007 -0.704471688541375
-0.0427229539186128 -0.0153283595343945 -0.87238758547574 -0.412012576548389
-0.0470055197448556 -0.00279093025457482 -0.65473974700477 0.611520630922583
-0.0286614485382038 0.0222131119512412 0.283895828272382 0.636827611879236
0.00780438106043142 0.0241549140230324 0.450972844326854 0.0442042616737051
0.022006558951764 -0.0138544043306602 0.124406648288097 -0.187317820051318
0.00973829424039621 -0.0308622968037851 -0.17701943306837 -0.141012257237537
0.0223042271494552 -0.00703378844819388 0.135537592496226 0.0973805514375351
0.0138010208599013 -0.00330285818948101 -0.131515561291301 0.101217131455225
0.0115222357542517 -0.000571909850502915 -0.41173491412927 -0.193116082050801
-0.00716432041330431 -0.00785159995562684 -0.0280071100608611 -0.604734878941868
0.000817227094728777 -0.0384211805154996 0.766848181020169 -0.314759417784081
-0.0214719510102369 -0.00186763814795497 0.730150445829087 0.639475907245136
-0.0153634648526598 -0.0357362820488234 -0.039739402572295 0.697598023339777
0.000499395855023867 -0.0449836621600401 0.0921180324616939 -0.00197091839353232
0.00977499241308086 -0.0204305649953449 -0.0728100807638342 -0.7199494346601
-0.0294130234199581 -0.0145981111428032 -0.891312618204648 -0.394504811873919
-0.0397781706725261 -0.00785564596512786 -0.639385233164854 0.622405176352485
-0.0235364289721961 0.0202936268389904 0.292812420989734 0.619206104345815
0.0135834072727278 0.0254922873517134 0.445075975549385 0.0306833594716013
0.0242132326724478 -0.0117405250519114 0.115146130397894 -0.187771479900472
0.0105560605313567 -0.0249365465739679 -0.179267497246758 -0.136648420276941
0.0227925956519303 0.000340466437372153 0.132963369231311 0.103901434433862
0.0147065822230888 0.000160891450974174 -0.135164029849468 0.104981218721299
0.0139633376062807 -0.000589594809626283 -0.415352650611665 -0.19409888820969
-0.00304167098522689 -0.0138999702246701 -0.0311004392174282 -0.611081558119123
0.0142853268535281 -0.0435666858176422 0.765127265593682 -0.325350413293305
-0.00269560437029304 0.00989754143216239 0.725248079105311 0.630173326930253
-0.0146008026046 -0.00645544558969527 -0.0363106822572541 0.686170300179659
-0.00857502413631087 -0.0137004423912366 0.0967990644131541 -0.0160773582484535
0.0188271983755641 0.00419186116967109 -0.0755591397415532 -0.734205460385037
-0.00886095933450701 -0.0114567127482933 -0.894071899561157 -0.407966352109433
-0.0296048462310205 -0.0165806096583412 -0.647231697468654 0.612676644719507
-0.0202964319526417 0.0174801289021063 0.288448751153653 0.613582381884539
0.013479966592125 0.0276127049438449 0.442040459620178 0.032833681448831
0.0228483113151194 -0.00582805198955913 0.113910257002111 -0.183581176975089
0.0101237721507146 -0.0146277227510467 -0.180861394953963 -0.131422527827383
0.0222236060965058 0.00938246415424645 0.131039367595443 0.111008255879862
0.0127325432289613 0.00402240765963883 -0.131602767425555 0.11204322124689
0.0100257967042861 -0.00130595810679696 -0.420413956649452 -0.18243115885687
-0.00139696295776768 -0.0225151887220411 -0.0522709330495515 -0.613172204487365
0.0306416769979885 -0.0504592243301475 0.744212016226475 -0.359891891653949
0.0192888729888202 0.0236631001640969 0.744071524009459 0.592951656173666
-0.0130312807159203 0.026555943133942 -0.0176249170889186 0.67968668970419
-0.0191984118632964 0.0189784207356623 0.0984744939314439 -0.0148342655018203
0.0258148878497424 0.0318188975577114 -0.0547960476703603 -0.744564903485008
0.0139785663519557 -0.00463677571168518 -0.886915618513167 -0.453894591248568
-0.0154142098734281 -0.0251208784435295 -0.677921934346466 0.584086182334869
-0.0229510102805397 0.0106052383234821 0.264490502144658 0.621856166149839
0.00868905950633922 0.0288215262056566 0.441668087765242 0.0482027154519127
0.0196999710882747 0.00159257420768914 0.119191656635482 -0.176802301414
0.00777801979209359 -0.00301602588569854 -0.179863948968187 -0.126086874552271
0.0201085599557128 0.019246010082425 0.130199351928918 0.117823410167193
0.00808372322522599 0.00747452743586489 -0.121731223516958 0.124451563419204
0.00265486550050891 -0.0028313696807078 -0.425596804745476 -0.158434581592223
-0.00376153097230999 -0.0297160917264331 -0.0899552852818855 -0.608969148587124
0.0446500046099773 -0.0574280806965668 0.713046984727634 -0.4153973961831
0.0430737090684309 0.035819305275451 0.776628807070821 0.53458001968288
-0.00917577256695821 0.0568687292277865 0.0127499522670343 0.677935025802053
-0.0299704395328325 0.0502002658702444 0.0957448862251206 -0.000799136635378862
0.0288257894469498 0.0594704774226057 -0.021042345871414 -0.7471986841977
0.0377225452133554 0.00638863497297322 -0.860960536852613 -0.518395951462156
0.00269914587527067 -0.0326509723237605 -0.728653629000889 0.536819491713596
-0.0271693350303329 0.000872835580070393 0.225184293857272 0.640306041756053
-0.000371989099260971 0.0287268424116581 0.444877003457571 0.0741843272503891
0.0127335223204828 0.00960919145807655 0.131523791031027 -0.166046099975309
0.00416766422470864 0.00749140762516672 -0.17830377278017 -0.123443862288568
0.0177578361245023 0.0274292470695014 0.131634694287452 0.121915389722011
0.00289717542273177 0.0111029089747513 -0.106635306541552 0.137447330141017
-0.0058825853499306 -0.00354232592032379 -0.426416763648106 -0.12569306096066
-0.00958694109133318 -0.0355228328756023 -0.139934002430652 -0.595956108386142
0.0540015698471667 -0.0641510358537972 0.665615298764909 -0.475740847086201
0.0656918715325275 0.0425836815862585 0.814121922194085 0.463606466767107
-0.00401241677794097 0.0786830142087538 0.0539435146516618 0.683531875807675
-0.0396320267980504 0.0729890782288838 0.0903845892820719 0.0275064152304004
0.0275407854777461 0.0834630488924481 0.0248356626865328 -0.741163985685206
0.0573118535751836 0.0221162280221195 -0.822541975126792 -0.598194913686124
0.0196138571650602 -0.038002912454894 -0.782049796847285 0.471450670438419
-0.0329970742274025 -0.00982983312288012 0.174760330080251 0.664615031908535
-0.0122846207963065 0.0273488047411288 0.447670191963035 0.108706072238053
0.00430998689223324 0.015713103647133 0.149267391540984 -0.153899907546755
-0.000291784160520292 0.0166122040865266 -0.175115503441043 -0.120249064964744
0.0152703569512461 -0.0120740792094357 0.144692828922515 0.0882671504815838
0.00106583333095503 -0.00826208332929552 -0.0974033603585531 0.119140989086687
-0.0091564924620801 -0.00607028166309729 -0.413798645206858 -0.12399745804629
-0.0246184640366524 -0.00953962112110826 -0.124728491304487 -0.575183688076829
-0.0100649403180889 -0.0308024725726157 0.671680471240342 -0.43129902062863
-0.0321187135965535 0.00182838498106559 0.824154882263682 0.505391274410999
-0.0279742912891525 -0.0629929982662655 0.0485144121490547 0.744392337316767
0.00568884254535828 -0.0846253692764505 0.0674132225322708 0.0892570266680628
2.80701792689311E-06 -0.0479312451286335 0.0045162660841925 -0.66698732385415
-0.0440033824612135 -0.009527225350234 -0.81114683299041 -0.511165275820573
-0.0444208825339873 -0.000419694596275513 -0.727421931428684 0.53703960818696
-0.0459526051322344 0.015675886523201 0.226488052984535 0.679803316672456
-0.0135524275944554 0.0236797417668822 0.461642423483732 0.0889547794820778
0.00892186649127678 -0.00985319152767901 0.152631308328606 -0.172928226217035
0.00489213014319415 -0.0299471814897501 -0.169256291440172 -0.139151114867162
0.01787308470286 -0.0133885972550259 0.142314592980062 0.0866882594840636
0.00634873947385443 -0.007537603250631 -0.109869120855552 0.110901513921957
-7.65657388216903E-05 -0.00331459453140659 -0.411155143036967 -0.149969445391005
-0.0174852767764105 -0.00598033583006802 -0.0843747191208752 -0.580744539695091
-0.0130097031736383 -0.031495559560376 0.721265953916998 -0.37756790499082
-0.0368926312150755 -0.00554789605206762 0.787640378536902 0.569020668069534
-0.0230915164962544 -0.0665389143457751 0.00996883286748823 0.73160638194096
0.00722322011468619 -0.0815724862191565 0.0753427616412339 0.0532225877225938
-0.000426436713657708 -0.0467502127398324 -0.0337805876877301 -0.684864677996044
-0.0475832065141754 -0.0118326286411728 -0.848751334998817 -0.443923682707515
-0.0485094591604888 0.000125152984593625 -0.679598234766301 0.58734931974719
-0.0369917448659004 0.0203501885704231 0.264699126116522 0.657657224375532
-0.00174484228039507 0.024786426757133 0.458094674326022 0.0602503630866249
0.015859447171884 -0.0134932020220252 0.13574853028193 -0.182585378382717
0.00819520511894354 -0.0325139476539154 -0.174896148803128 -0.140262681780934
0.0202731636450479 -0.012593875985385 0.139139864801663 0.0903988587949494
0.0104413626239134 -0.00515346342548746 -0.121757058558311 0.104708414351597
0.00801776606088849 -0.00239315369787839 -0.412699540281726 -0.173948647866881
-0.0116966063141922 -0.00544618789653744 -0.0523594473884914 -0.591640942521188
-0.0100618455474877 -0.0343321402054196 0.748758013956538 -0.33933530517816
-0.0323076518847105 -0.00684507007072642 0.753654147789415 0.611027915680849
-0.0187570808984725 -0.0565605823800712 -0.0166054756345435 0.714152150935411
0.00510554640943226 -0.0690362776434358 0.0842779466794711 0.0215980003771409
0.00311049450960391 -0.0378585049978356 -0.0656807714792054 -0.700911555179726
-0.0419432278837617 -0.0141795952536485 -0.875826649751301 -0.40018560495885
-0.0465527076988502 -0.00118772527328372 -0.642310834880567 0.619322030209576
-0.02837152708707 0.0219623007297446 0.293661170462856 0.6311665266182
0.00816382924701332 0.0241878786942345 0.450661184493276 0.037342950012504
0.0215142942794946 -0.0136872591228523 0.121471670663883 -0.188607923059574
0.00985922237414823 -0.0309131126829702 -0.178941984919912 -0.136986928404098
0.022311109778436 -0.00705735196152494 0.136792124136848 0.095435203443858
0.0134331305561664 -0.00323353704354986 -0.130494403402062 0.101941230841248
0.0125341510591177 -0.000102334887719841 -0.413988879021882 -0.187986371404925
-0.00630991557502556 -0.00803356556511508 -0.0361764966552409 -0.60195111478803
-0.000140714743637974 -0.0384323013842998 0.760255886668217 -0.32497670765717
-0.0207269996105003 -0.0010424513494233 0.735268552107528 0.629383682685116
-0.0159835783746243 -0.0356822582140399 -0.0288883316526402 0.697196677788461
-0.000673256962660306 -0.0452570235618131 0.0912194096396999 -0.00262725182094645
0.00948502908838529 -0.0205129990446132 -0.0839732381088249 -0.717001056730396
-0.0292541751190756 -0.0127174598140253 -0.894195213910856 -0.382872874758854
-0.0401701795703514 -0.00722715554501325 -0.629636956037324 0.629955868591924
-0.0228071349531504 0.0205279758212536 0.303981685146351 0.612385893791677
0.0140035524429975 0.0249477932934863 0.444731518940131 0.0249016253881877
0.0241184302933385 -0.0114657201856756 0.111423536644457 -0.188543808846342
0.0102310201184033 -0.0246420325058858 -0.180606903988676 -0.133653975306577
0.0223856738294799 0.000888310355832292 0.133393931297849 0.102260482629801
0.0146513648978298 -0.000348577824648922 -0.133146996415953 0.105636786526439
0.0133439739486012 -0.000900327625545804 -0.416626701910871 -0.187634805313643
-0.00223489341081515 -0.0135342206226732 -0.0387892439270644 -0.607429584983374
0.0141315632152158 -0.0441369026624572 0.757053380870912 -0.335004471254109
-0.00326784723603494 0.0107177962575027 0.732834999805624 0.618032462111572
-0.0139804129247957 -0.00647806267344841 -0.026195154760796 0.684071933478577
-0.00869451487366962 -0.0138921888897092 0.0964843243613183 -0.0166257103068789
0.0185690719934918 0.00355839065988498 -0.0851282626679783 -0.731775736974815
-0.00954692772872822 -0.0106350951654117 -0.897626533846554 -0.395363771308398
-0.0297018232432114 -0.0148176556363164 -0.636832978202458 0.619740478521993
-0.0209102667126423 0.0167540095796206 0.297497105194827 0.608272828220327
0.0141473749378951 0.0266793350578307 0.442224089501058 0.0255098725905746
0.0238051307576271 -0.00596218856991397 0.110407175341744 -0.185983560697894
0.0098123275629524 -0.0149083632969889 -0.182160169710127 -0.12846210012374
0.0222297780810976 0.00926772615993114 0.132001862572379 0.109524867197159
0.012284046848731 0.00388817159494068 -0.129430917286287 0.113765625587957
0.00992535412508574 -0.00233652699988616 -0.422328901692051 -0.17655198097705
-0.000611066615707813 -0.0220591418314657 -0.059355452849577 -0.609791608181292
0.029693927700073 -0.0506965825970797 0.737830935668381 -0.368043995664876
0.0191223618054449 0.0234084239117216 0.747754178472956 0.580759675340433
-0.0128221895610057 0.0261301867349023 -0.00936382953764985 0.676751530619544
-0.0183419740837842 0.0186234807115964 0.0976142359332396 -0.0160633496735929
0.0268440579734206 0.0297280461730165 -0.0650598277392578 -0.743054500478638
0.0148676319764301 -0.00423028310225631 -0.88883530624319 -0.439754914035886
-0.0148850749487575 -0.0245190810474579 -0.668668420933373 0.594001785432891
-0.0234304544215796 0.0105502430083574 0.273904302785794 0.61810424294653
0.00907340361675742 0.0287660544171869 0.443575813377426 0.0404632431544553
0.0196254190803002 0.00222357226608687 0.1165007075906 -0.178156099375816
0.00862727971380604 -0.00324726358114254 -0.181639200847375 -0.123789176760131
0.0208103307018011 0.0186876130785952 0.132118052586931 0.116875585786772
0.00789577410191602 0.00746437726714985 -0.119545794966888 0.125288669123561
0.00332721111921341 -0.00342795247435665 -0.426549485023457 -0.15254682872954
-0.00330237212664846 -0.030375858509447 -0.0987983763983847 -0.604503192529789
0.0434687583167344 -0.0580346371004667 0.704033868217419 -0.424536679522605
0.043610069028805 0.0355367467930709 0.780816034649074 0.522771445497189
-0.00935139927095714 0.0562804850391648 0.020544107562184 0.675661369074109
-0.0289438833694745 0.0501223931375491 0.0955408923790809 -0.00191254779430376
0.0303806986507096 0.0584898005014782 -0.0298151635267489 -0.745081299272962
0.0395596892601621 0.00738901159187157 -0.864849035009741 -0.506443245264286
0.00218028796569744 -0.0325540698680432 -0.717644280611302 0.543646937296374
-0.0276322742865153 0.00176620303522815 0.235815225922845 0.635354342554382
0.000277805805519026 0.0285822490173193 0.444859327892532 0.0678420887352464
0.0128419127946484 0.0100012577374992 0.130337354176681 -0.16701074973851
0.00464401022809107 0.00801700834227645 -0.17981539971772 -0.120653770170056
0.0183819608556553 0.0273823834645681 0.132347000263876 0.120093667610442
0.00232527669921168 0.0109734054121718 -0.103819112319767 0.138170216433498
-0.00673296195109016 -0.00412908890667137 -0.427230763749732 -0.120075826144489
-0.010370008577937 -0.0365113477042988 -0.146449784922772 -0.593034401294069
0.0532888783858659 -0.0651964890048487 0.657913354432818 -0.484702977223042
0.0652944884748185 0.0419176188100806 0.81788169674643 0.448902333686879
-0.00251190274939228 0.0774608074966913 0.0628350110029862 0.680880388701784
-0.0379819258300557 0.0723786030433783 0.0896966519788501 0.0257348084111088
0.0292455681519505 0.0834083810958309 0.0141572164788346 -0.738631050287595
0.0566602032313083 0.0221515099536561 -0.829948300205115 -0.584094539317266
0.0185821849583867 -0.036787951114525 -0.773696010414376 0.482643152126453
-0.032704310642691 -0.00944841059713516 0.185989502631092 0.660664246031581
-0.0126697917049533 0.0273189603782894 0.449113470925888 0.102481340724613
0.00465341491625792 0.0158661342247673 0.147727074048477 -0.155951877958935
0.000450339965505818 0.0180772815344947 -0.175371353494424 -0.117493183105807
0.0155207618151615 -0.012513618929579 0.144492476414466 0.0865978897634599
-7.43849732397824E-07 -0.00849327104727732 -0.0944708808084353 0.120213957453766
-0.00850666434354861 -0.00610779918507996 -0.413979410058727 -0.118942816528859
-0.0232221138508653 -0.00890572416839014 -0.130081488401575 -0.568386358678825
-0.0106561649385813 -0.0304025661682463 0.661275997750121 -0.437327108828516
-0.032016813441036 0.0029777513619626 0.826889751381559 0.491241962111791
-0.0290767272817623 -0.0632797425803206 0.0582824511158784 0.73995225196431
0.00476160255020786 -0.0849758298384145 0.0678487189107611 0.0877297109623618
-0.00046648029008349 -0.0477287003215926 -0.00240905419070566 -0.665202795473901
-0.0440131242470898 -0.00850272461165581 -0.81538027520338 -0.49677053755746
-0.044840997985433 0.000505754865579671 -0.717465552302597 0.544640765784237
-0.0459913080284887 0.0152844871346808 0.236387594909475 0.673818967052863
-0.0137293069069712 0.0240308768389436 0.464005008634806 0.0826772228212144
0.00913269101503898 -0.00857554575636518 0.15023808292555 -0.174992049919949
0.00431466235253696 -0.0296578595739915 -0.169679667712782 -0.136829236163345
0.0172220239025661 -0.0147074191206601 0.142874999208678 0.0848578258350169
0.0063977118317526 -0.00830675176754214 -0.106816806122572 0.111578749161953
0.000725680570233209 -0.00331345826907815 -0.411866423559415 -0.14394022717389
-0.0166897474307783 -0.00630907878272221 -0.091757947460533 -0.575168235632282
-0.0136169182469066 -0.0318345071448712 0.714406145344934 -0.384655310943418
-0.0363933438952277 -0.00457308368454044 0.791148026236009 0.555098590243303
-0.0233427315054179 -0.0662400611109634 0.0184852109243007 0.727848643298973
0.00599299835905982 -0.0823195777617973 0.0756694927444408 0.0528531664341118
-6.26261970199139E-05 -0.0473583176671972 -0.0424222223599779 -0.678773048912267
-0.0472528951288482 -0.0112477096560757 -0.851756768797523 -0.432358748848832
-0.0473564887736881 0.00141071245814114 -0.670821292174485 0.595583189013253
-0.0367634782821183 0.02042803604741 0.274483971546394 0.651177342698882
-0.00211788764916366 0.0247703508142273 0.457448398384667 0.0532578729071546
0.0160075545749953 -0.0127396205259304 0.134398675615711 -0.184547936926854
0.00757230092625562 -0.0328964903354658 -0.175613832136762 -0.136898611160119
0.0205421951773515 -0.0121094978012337 0.139909596602851 0.0885060699406689
0.0101569950418388 -0.00555259643187017 -0.119452532463232 0.105094130731366
0.00770220004012253 -0.00189932824825721 -0.4119325885951 -0.167473846783847
-0.0108533322079719 -0.00594192290180816 -0.0608597436076134 -0.589332353533738
-0.0102104699337224 -0.0340008436397667 0.741925496044624 -0.349566700513105
-0.0324892921148667 -0.00612136251996062 0.757546067382824 0.598001313313055
-0.0197490625080166 -0.0562509382706943 -0.00743134739725834 0.710463986931055
0.00400437191888048 -0.0690242202343139 0.0842809090493821 0.0204612767731069
0.00307310080499404 -0.0392531955253967 -0.0746331417544489 -0.697108750846029
-0.0415954615577654 -0.0125620700780246 -0.877706377834529 -0.386725136558765
-0.046306587870019 -0.00044168190552421 -0.631752595655832 0.627247433218328
-0.0286286483207144 0.0225328597641437 0.302639947731901 0.624392333088805
0.00843894115467471 0.0248775787693188 0.448945138176682 0.0300997377365917
0.0216030973987418 -0.013130694814601 0.118184310849572 -0.188377973538429
0.00882710389827072 -0.0307425076642711 -0.179222235209683 -0.134665400550607
0.0216521031538088 -0.00739340778744259 0.136741062046049 0.0938519998143915
0.0131364627568908 -0.00388750216829059 -0.126920463283375 0.102894981121221
0.0122014587169283 -0.000508259491164204 -0.415502148952028 -0.181861123111311
-0.0057330224725958 -0.00856159335833057 -0.0439361799197083 -0.598451998793795
-0.00116422132649683 -0.0380145938843522 0.753733152380721 -0.334036529136858
-0.0209699835287332 -0.0010289994748034 0.738448408724289 0.615284683645081
-0.0160367436997606 -0.036005895941984 -0.0201639601669772 0.693710803912021
-0.000859293279288704 -0.04453546662768 0.091091753833855 -0.00475999240050513
0.0101216918593807 -0.0212009109688822 -0.091891551326704 -0.713908267323705
-0.028809184955206 -0.0127691584069872 -0.893317630821919 -0.368467442762797
-0.0392146885446764 -0.00694468716979031 -0.619249489191531 0.635912098577633
-0.0222342333158799 0.02073859314313 0.309871509554213 0.60553127689839
0.0140811573974025 0.024927789646641 0.443213754385171 0.0172655182254036
0.0235681589744192 -0.0112584902919898 0.109638109270887 -0.189489363692593
0.00982215627250875 -0.0242935038152326 -0.18119450199282 -0.130757009231378
0.0230135259910606 -0.000525494859697643 0.134268770509925 0.100852334340984
0.013943756937495 -0.000567882831634174 -0.129158463257316 0.105986203969058
0.0133794028803191 -0.00129057926180372 -0.418315014891509 -0.18141992136967
-0.00201286453618581 -0.0147396149375413 -0.0489617923247979 -0.606122874666282
0.0125593718562619 -0.0435902653972735 0.748974494017022 -0.342534437802441
-0.00265863499266695 0.0102250459962439 0.737925689109086 0.604926212742148
-0.0144565969372157 -0.00669656747609312 -0.0186995868604127 0.680598686856259
-0.00878805986586114 -0.0142326304531047 0.0951026636194777 -0.0181013881456446
0.0187378010348821 0.00195971400865548 -0.0924485480106503 -0.726531637340401
-0.00889013475021988 -0.0106038993581587 -0.899421642943622 -0.380402020009839
-0.0291061767809795 -0.0148601976067339 -0.625564901408782 0.625181210347973
-0.0208905381154099 0.0170803453320019 0.305283115281815 0.600619898478705
0.0145562290602898 0.026978003998201 0.441315320695749 0.0191678209869682
0.0233424584699623 -0.0054392941192247 0.106918723127781 -0.18664859251977
0.00933723854936925 -0.0145369578142419 -0.182102516867992 -0.125739335411212
0.0223514628143169 0.00850941735240962 0.132758329312201 0.107567497878608
0.0118158930124951 0.00354970484610003 -0.12668250756814 0.114255792067154
0.0102479787370884 -0.00264797650847159 -0.424874706103728 -0.171180306579948
-0.000323912409063154 -0.0224575466894082 -0.0682582653033982 -0.605798926918465
0.027865756098764 -0.0509121708845343 0.730678842480871 -0.378603090070582
0.0194777975351662 0.0236402298946519 0.753596417934409 0.565961386047201
-0.0117742920284373 0.0258902156804082 -0.00189163018025531 0.673711896407893
-0.0185083438032901 0.0185425086132056 0.0967007897090272 -0.0175344228457656
0.0271898074986584 0.0289120019092233 -0.073585968404338 -0.738716394825874
0.015131512651574 -0.00447828559554932 -0.892605827819857 -0.425695418667575
-0.0147703186588197 -0.0241432210717934 -0.657825184063039 0.599826319093878
-0.0225426990248946 0.0108353808361449 0.281967149596246 0.608472048658166
0.00936359691022996 0.0280912614086001 0.442464822033035 0.0346666407564459
0.0204085712348945 0.00233424115896162 0.113501591211061 -0.179163404015355
0.00782468168351143 -0.00318206068507432 -0.182743366643229 -0.121679518279175
0.0205284569160231 0.0188809676185172 0.13256638073427 0.114160897845108
0.00752181858262501 0.00699900184742873 -0.116524425377445 0.125507270009896
0.00245936125724305 -0.00415937626659961 -0.427847435377139 -0.146081791702078
-0.0027772751085592 -0.030986761111948 -0.106260922226571 -0.601364903292962
0.0425374290664854 -0.0580788555544801 0.697349428665655 -0.433889361425045
0.0440509018885535 0.0346836371440965 0.782286308320658 0.508717219500272
-0.00863246095289038 0.0564392047894173 0.0303204673884215 0.67250253062084
-0.0286581022173576 0.0495683028671831 0.0945140774061065 -0.00284082579467783
0.0315208054689101 0.0569048036375621 -0.0389266434672293 -0.741084483398603
0.0392259720837062 0.00638177050848338 -0.868459822978285 -0.494357302885335
0.00185891738704966 -0.0316643553465706 -0.707974100801401 0.552608502817839
-0.0275017931395167 0.00120497478323379 0.242218115422248 0.630229760522995
0.000733377640371489 0.0289685821428411 0.443451374783198 0.0608263741289924
0.0129731802443825 0.00947419746784446 0.126204673980201 -0.1696299099099
0.00546874138342926 0.00824612750837902 -0.180065263830292 -0.117367829085714
0.0192547512083924 0.0270840113493725 0.133757398086407 0.119021178682007
0.00230985905652863 0.0111114104039139 -0.101659456573222 0.138428909758076
-0.00664893834762908 -0.00398310605442578 -0.427361801744085 -0.11293843075948
-0.00957670838386712 -0.0361133506867571 -0.153895862716702 -0.588164132904511
0.0516541594759566 -0.0663422392621396 0.650400357114534 -0.490640445753806
0.0660540572066176 0.0409358449147415 0.818641901191132 0.437590054293463
-0.00142257891670132 0.0773983948808461 0.0696833786762089 0.675538864650698
-0.036886671230358 0.0722528926870105 0.0893383210127206 0.0256853565767227
0.0302033394247174 0.0809665602947465 0.00730131651591434 -0.736187314257568
0.058495913654358 0.0208493184031545 -0.832482974494935 -0.572588251988567
0.0192304274054613 -0.0368286585885494 -0.764941088684678 0.492519352172067
-0.0327313660138251 -0.00839937636943856 0.192768773167699 0.655140552489534
-0.0125920443887405 0.0276049223519012 0.447945842046567 0.0951484274195774
0.00408830656089464 0.0160690081614325 0.143283134682894 -0.156153360653253
0.00101395244570615 0.0186006278186333 -0.176280542058784 -0.115457781148028
0.0152170260568414 -0.0124622880467649 0.144426553135474 0.086018768714587
-0.000290922010390194 -0.00937921234320795 -0.0917658784255141 0.120268751207609
-0.00816954895659529 -0.00656881929851675 -0.414265830004532 -0.112751593049536
-0.0225425744655498 -0.00926170160763395 -0.136902141274606 -0.563247808490702
-0.0124930164769438 -0.0308205582641326 0.653519865698425 -0.443443698675618
-0.0314477231525518 0.00296923497556588 0.828064503912359 0.477459429965692
-0.0282932153226723 -0.0625338659154126 0.0659489215934688 0.734121024880899
0.0035575660445032 -0.0839527543335675 0.0674292406589613 0.0869911818259224
-0.000930781765821669 -0.0472557451952677 -0.0105253858560344 -0.660139525829104
-0.0432263383408213 -0.00854996427654477 -0.815098942236243 -0.485858894559782
-0.0437430381425739 0.000428360544922506 -0.706926065320172 0.551381010640874
-0.0450240358436502 0.0164834587601174 0.244846062982894 0.6668343732361
-0.0122525500492179 0.0248208393488174 0.461310358682653 0.0753475422335508
0.00839234013742658 -0.00921978574179503 0.146892300654368 -0.17593665476945
0.00443540263355006 -0.0291998764719928 -0.171046699366706 -0.133626362608816
0.0185379466875013 -0.014239016418557 0.141851533034383 0.0829477645435075
0.00556831980836049 -0.00795967082645567 -0.105051655931145 0.110997773460187
0.000930450555362899 -0.00380622517977461 -0.41247928634441 -0.138165679423305
-0.0163970964331024 -0.00548071607382416 -0.0993696852136003 -0.571705898150094
-0.0142649883280434 -0.0305342998804007 0.70561583008607 -0.390517183366824
-0.0370407280818178 -0.00366288010288296 0.793503382873717 0.543037364131563
-0.0242007256347566 -0.0663821336334524 0.0280973575959451 0.7210316411242
0.00507350637976155 -0.0822335759613608 0.0756555747610864 0.051320557195039
-0.00041333466196114 -0.0475248330272445 -0.0506721888602206 -0.673944818548361
-0.0466640921824382 -0.0109071788258722 -0.851640138022119 -0.418643626819469
-0.0477085563659798 0.00205984795219777 -0.658689414520992 0.599207836246894
-0.0361089619767634 0.0209261220527768 0.282689955713461 0.643020190618544
-0.00144907761694498 0.0242860456554608 0.455646529237742 0.0456372586269234
0.0160093997076312 -0.0133075035328884 0.12965115034638 -0.184158884488239
0.00783953888348881 -0.0319112652302459 -0.175626807142988 -0.134514524429687
0.0202394935429357 -0.0127134888033266 0.139848995096438 0.0863260975751837
0.00921630701374885 -0.00606958951475428 -0.11664795039534 0.105461846800699
0.00769079104843175 -0.00295995283030971 -0.41290744367648 -0.162862860892439
-0.0102506255033877 -0.00585251512432888 -0.0674672185877357 -0.582474799613283
-0.0115992075031234 -0.0332609213176819 0.731425500648469 -0.354552300752956
-0.0324951112147871 -0.00508526737514941 0.759957768583893 0.585467687634608
-0.0194505880284385 -0.0563924229101892 0.00122785313854316 0.705015600999917
0.00277526321346247 -0.0680210107506818 0.0838038805143421 0.0190728552317147
0.00183416154750473 -0.0384171702079746 -0.0801021102681558 -0.69254878527526
-0.0417566789693458 -0.0115283215480999 -0.875934437413398 -0.375312542492971
-0.046099754322688 -0.00100216228968071 -0.621808487899608 0.631707297163882
-0.0282153304505641 0.0228823237411112 0.308890025458199 0.615037949110952
0.00849025791891818 0.0244851400134784 0.448601259334632 0.0234006339811864
0.0207573442869176 -0.0142835070330098 0.114893370778123 -0.189361557990478
0.00888463002051422 -0.0305503358276333 -0.180008506849857 -0.132534893761829
0.0221108138329409 -0.00811428705138672 0.136909484616269 0.0913007832671862
0.0124717830505657 -0.00378042604802018 -0.125260221440298 0.103241498826399
0.0120246161082987 -0.00103664157410081 -0.417024642103565 -0.174721056669794
-0.00581359315993126 -0.00830802730102143 -0.0513304797379667 -0.594160181638337
-0.00176616415534967 -0.0372636803997122 0.745356625131855 -0.341381370680588
-0.0205901449528062 0.000268937069216556 0.7418520124303 0.60214542079771
-0.0159897422488218 -0.0363056011482635 -0.012275312322481 0.689895930655788
-0.0014786100926506 -0.0453237476606075 0.0895285967875187 -0.00526359552258718
0.00986942561928344 -0.0217625347314439 -0.0977701290096895 -0.70767767104693
-0.027829109942834 -0.0119087091422111 -0.893686863603705 -0.356581234074654
-0.0391369116772794 -0.0055329382596716 -0.606776656844926 0.64111112499843
-0.0219716825269899 0.0207099906999744 0.31786710439988 0.598732585598888
0.0137862537897047 0.0252898647182509 0.442123091496536 0.0111517702170067
0.0241503803862245 -0.0116382094760776 0.105557103512622 -0.18951705138385
0.00918650409001011 -0.0237617786347446 -0.181936926349391 -0.12754204449631
0.0231498968377933 -0.00124070660553082 0.135850448269928 0.0992626715585656
0.013095041265362 -0.000347716346728932 -0.128414994458817 0.107170826453614
0.0135547927867994 -0.00219494159907692 -0.418003020415815 -0.174821987087633
-0.00154673186080509 -0.0144251546895963 -0.0521805933431839 -0.601683653613356
0.0118972997349285 -0.0436340384357816 0.741997805855878 -0.350680842796139
-0.00309946982396375 0.0106192587545309 0.738498698666321 0.592461589374097
-0.0139315345131436 -0.00661689197400616 -0.00756210161170487 0.675877164049024
-0.00930523743399061 -0.0146305397821794 0.0940825877066527 -0.0190619833385704
0.0188409789661095 0.00171913150156043 -0.10008441360982 -0.722404430442068
-0.00808907021797495 -0.00995445259305069 -0.899210198653717 -0.368495132487916
-0.0289036047663413 -0.0138154292225404 -0.613799507421421 0.632466453223901
-0.0204538417493955 0.0177372446741071 0.311960473077462 0.593758166882792
0.0141045343655132 0.0261901562432371 0.438651780334003 0.013052832712337
0.0238297232222907 -0.00532944802518754 0.104811702056602 -0.186201706648641
0.00909633706245511 -0.0140620600642274 -0.18248443002956 -0.123018536562271
0.0218443779157528 0.00825852239570173 0.13375931338029 0.106098379757639
0.0109249906057559 0.00344040888750825 -0.12453820472204 0.114934084628754
0.00955424547232523 -0.00347224301700529 -0.423811169476032 -0.164441905226363
-3.64326747990008E-05 -0.0230827319717887 -0.0755159680416445 -0.601292233011236
0.0275871254977136 -0.0508470216464129 0.723167531581729 -0.386273912037509
0.019526129555085 0.0234454325059957 0.756263934813444 0.555488436815547
-0.0114141958562143 0.0247196976986454 0.0081867398325197 0.670332518862258
-0.0186681434198651 0.0183114638770536 0.0954801828330243 -0.0181528621585863
0.0268252032753423 0.0279158457797055 -0.0800058794913587 -0.732139100547771
0.0160445779569154 -0.00430174624131775 -0.892913094673301 -0.413980188150301
-0.0152581376937334 -0.0232075824022266 -0.646620617933864 0.604382244107897
-0.0225253790727684 0.011344597211752 0.289514453449846 0.602614274799452
0.00980801702776105 0.0287357268049266 0.439930120895923 0.0290753656527491
0.0199744656717876 0.00264680996801365 0.110410125888529 -0.180104138218648
0.00756361084113947 -0.00327525411518613 -0.182364476010031 -0.117409131557102
0.0219298100867771 0.0178419472352272 0.132820367973876 0.112317930762422
0.00718409849519715 0.00639989919449673 -0.11390393254861 0.126599262132369
0.0027630339080343 -0.00387271128187813 -0.42817752667864 -0.139414996903433
-0.00307483745639865 -0.0308153870624047 -0.113179801911145 -0.595806400899483
0.0411854393894707 -0.0581501461765369 0.686424141545693 -0.43679454258534
0.0439664845855008 0.0341189378562291 0.784606655422204 0.495680719870284
-0.00747699115592143 0.0548781176727601 0.0385097344519837 0.666103477235719
-0.0276917760612105 0.0490610070651963 0.0943388494951283 -0.00281280037802021
0.0311134741884206 0.0561257914146159 -0.0468537176489511 -0.73706583176885
0.0388108804734282 0.00588088310852747 -0.868804354175776 -0.4782743222588
0.00159500033429712 -0.0314368382443291 -0.696829898973 0.558497385158028
-0.0277503460355697 0.00291507041889578 0.251040381892199 0.62110996621277
0.000143862607831748 0.0289711733136276 0.443361395591975 0.0546540119649227
0.0137545216757048 0.00971426855976957 0.123457471367141 -0.169340616076431
0.00539402010208367 0.00786822211420192 -0.181470514225401 -0.113739685557112
0.0183878253532685 0.0260415954024997 0.13434057712084 0.117193409413806
0.00161992202987454 0.0106528593899599 -0.0983848971465587 0.138745538108365
-0.006358693801964 -0.00419970034277098 -0.427157540010986 -0.105899508160636
-0.00973332014794202 -0.0367551677150376 -0.158952904397475 -0.58175783462262
0.0503427346465865 -0.0661495749185599 0.640278918987665 -0.493970022242418
0.0662888050821098 0.040185244541624 0.81797982085612 0.422896130737001
-0.000769310544261919 0.0770916678159272 0.0795991798439187 0.671060342081741
-0.0360533772212423 0.0715566873792037 0.0892134442724632 0.0242367032546382
0.0309693375686529 0.0794579818262959 -0.00335921151685233 -0.730070320732921
0.058326991296582 0.0195447136445106 -0.833985750034871 -0.558945733495763
0.0191260294946016 -0.0370085597300616 -0.756304071401374 0.497998297167778
-0.0335640109566887 -0.00813067519048454 0.201727410320666 0.647784836498863
-0.0117877888653363 0.028201863178913 0.44827851501654 0.0877935055433972
0.00473756421960323 0.0160352569367277 0.140417206558199 -0.157789811606534
0.00102623954774254 0.0185983826007439 -0.176844620801497 -0.111393888823799
0.0164055465145722 -0.0125396867799541 0.144120901805895 0.0831424245019441
-0.0004888822733229 -0.00907834245050081 -0.0897494540778718 0.119941392122553
-0.00832636709307712 -0.00697222883875405 -0.413177150293499 -0.108327744354989
-0.0214772055830785 -0.00930931294342308 -0.141096546045598 -0.55701813094038
-0.0121940432954948 -0.0296564699530954 0.64446343365211 -0.445533320791769
-0.0316926357440194 0.00367119711892101 0.826749073013777 0.465805455020853
-0.0298287164603205 -0.0617171306526047 0.0756655079531674 0.728187390259967
0.001472267157907 -0.0831313661614831 0.067959719058756 0.0843688814840467
-0.00165238614499352 -0.0489051246791695 -0.0171529075043032 -0.655315033598018
-0.0422710716805681 -0.00665255307937928 -0.814306084126012 -0.4730874213948
-0.0436733710891338 0.00163861503074281 -0.694984179364767 0.55589020775166
-0.0445257956155861 0.0160916550840291 0.251025045732781 0.659161183761653
-0.0135059683045451 0.0249940617649485 0.460503591994041 0.0695395487840074
0.00891149297802168 -0.00978611482801712 0.143588007732536 -0.176057595599862
0.00413226045187588 -0.0285553058929178 -0.170842461687553 -0.131074802454548
0.0174771960930498 -0.0149295098191206 0.142205168057219 0.0817365617522591
0.0046057237253301 -0.00869661671883944 -0.102970492589299 0.109675359008818
0.000282530875239483 -0.00459077226283197 -0.410687181668487 -0.132483920227712
-0.0152696546450587 -0.00672311469516444 -0.102969875283387 -0.565773408608195
-0.0148760066768417 -0.0304834713121151 0.696379010341791 -0.39499097339442
-0.0361108455386909 -0.00362120335282595 0.793647908556247 0.530114934941752
-0.0250927816739082 -0.0652564830803089 0.0359101855450514 0.715040198584063
0.00392022287720748 -0.0815612101197033 0.0758222124098512 0.0504672909463572
-0.0012083796986991 -0.0475092497119527 -0.0563671009560512 -0.669703134549178
-0.0451021264907671 -0.00914171834992162 -0.850350986231518 -0.405833130310177
-0.0466015219413978 0.00321871653513431 -0.647354460489389 0.603158917309236
-0.0361020315880656 0.0213717505546843 0.287801349077812 0.634525772705609
-0.000117638134124954 0.0247426626633455 0.453704780766531 0.0394268266662383
0.0166362592264366 -0.0135621895140201 0.126744589078817 -0.185206056669687
0.00656098313841044 -0.0313755891712801 -0.176977077404988 -0.131540709718619
0.0208245115947462 -0.0130431087505779 0.139598873932288 0.0849103242110158
0.00904342928354105 -0.00620382508321829 -0.113847391608814 0.105576285883214
0.00818908008661783 -0.00291201645222982 -0.413067095802875 -0.155394527032675
-0.00976889479070297 -0.00620778549901001 -0.0734666320686529 -0.578110420753372
-0.0115397320390084 -0.0331756713783734 0.724405796154518 -0.358382108043906
-0.0320229504167258 -0.00467037264751322 0.760626263962146 0.571742359176186
-0.0200868045442556 -0.0565198505934565 0.00862278362701804 0.700078640058074
0.00147240001738555 -0.0688650427536457 0.0826887091923229 0.0190316784269734
0.00162149724906037 -0.0388927606009141 -0.0881740643293934 -0.685603160827719
-0.0408479820995061 -0.0106458406317292 -0.873580140756523 -0.363296748196649
-0.0448185583974704 0.000229574799985498 -0.61149748334404 0.632560733020901
-0.0275884354767102 0.0220349862018254 0.315030438111626 0.606742767188081
0.00910373470423121 0.0240948507438758 0.444956462630882 0.0170673079227002
0.0210000113846912 -0.013228194114315 0.11140872110535 -0.189851099682638
0.00860054956527148 -0.0294106908893941 -0.179695716738094 -0.129294413238994
0.021919315995106 -0.00814768346018839 0.137285012338999 0.0900922189872731
0.0115813413311263 -0.00325160909559969 -0.12337976214735 0.104121632192914
0.0123403396289893 -0.00204543965225612 -0.41587346927959 -0.168450448653311
-0.00497740551931933 -0.00916138586663888 -0.0568612869942806 -0.589140953250475
-0.00252678675982439 -0.0372129873015448 0.736621319297657 -0.345111838730863
-0.0207664618727096 0.000178606377268967 0.742954608556912 0.589445452055811
-0.0164041718465295 -0.0361109486134116 -0.00383449541188557 0.683515604252634
-0.00206326194534354 -0.0451882975928893 0.0887631760489749 -0.00568302215667193
0.00933495053403606 -0.0225778256032444 -0.106362242412016 -0.701443918533468
-0.0277191562193595 -0.0115681372452166 -0.889682516353248 -0.345210112673031
-0.0391045572937819 -0.00527718868829927 -0.594092381871564 0.643241110275152
-0.0215006437612258 0.0219135550533681 0.324494598973677 0.588448544501231
0.0142522969802584 0.0246603816061841 0.439704847311524 0.00567794897795612
0.0238520448134941 -0.0109482396980269 0.102186970835165 -0.190072637899761
0.00939509012918483 -0.0238436209091817 -0.182618037953716 -0.125278748132682
0.023428568053819 -0.0015821724247954 0.134615056692784 0.0964551864200913
0.0126301862353798 -0.000268500745282931 -0.125996570040694 0.106251746449743
0.0125462080448336 -0.00233595968263089 -0.419393084025343 -0.168961162341472
-0.00161364862431946 -0.0155143434119043 -0.0592423855013452 -0.594766033918924
0.0107605593925593 -0.0431137937832724 0.732941235517742 -0.356151934557527
-0.00282974761517074 0.0105187247169562 0.741482491557209 0.578470465862864
-0.0149152513804829 -0.00728570393252329 -0.00343667472392798 0.671395827862095
-0.0096916395159306 -0.014430958128874 0.0933929500343948 -0.0201625119193793
0.0182419515612885 0.000437590485845851 -0.105939017275927 -0.714884898185
-0.00698782930081639 -0.00908456560868341 -0.895373745113771 -0.356282092740185
-0.0287753741211057 -0.0134382956468651 -0.603552993807931 0.635715550347844
-0.0201924864022637 0.0173293374712043 0.317209827923721 0.58490138666737
0.0146111249330851 0.0264450144874156 0.436072380423538 0.0066081214935687
0.0232359342574063 -0.00595312136434612 0.10028092256809 -0.185728298618493
0.00914752347171555 -0.0147551758105036 -0.183292658168397 -0.119612591239341
0.0225388729190953 0.00789189631404442 0.133112650214468 0.10381093633943
0.0114463519676107 0.00276870653964321 -0.12222528729621 0.114561214075977
0.0102811790628931 -0.00367687601342741 -0.422844857475556 -0.158092801962159
0.000223469018824021 -0.0227723756613314 -0.0802603513194101 -0.596387362735118
0.0258860045643759 -0.0502986989326834 0.71355331166369 -0.389988182620766
0.0196967598006772 0.0231789360552518 0.754761244532888 0.542529882045004
-0.012364699761863 0.0250923984432231 0.0140062593488173 0.664079003828135
-0.0178742831533662 0.0174182551267077 0.0941229900054001 -0.0185980230841069
0.027060659680971 0.0262876488484276 -0.0890059543728624 -0.727206042666582
0.0166295217657005 -0.00487260490168993 -0.890508369845568 -0.399316226385952
-0.0151216043831594 -0.0231237235014173 -0.63702796506767 0.608725880964576
-0.0223906954243959 0.0110671378292473 0.293905779320464 0.594383738489312
0.00993974244499266 0.0281506100880704 0.437573176484533 0.021855031840387
0.0202556475327225 0.00175038927983452 0.107120303173146 -0.178265496643799
0.0078446066207514 -0.0031276277897288 -0.182681201291331 -0.114991956021098
0.0219776258545141 0.0166874137168437 0.133900742276106 0.110307884284185
0.00672702038638313 0.0065564079923097 -0.11183450677101 0.125698810778847
0.00235330480810345 -0.00550003725722636 -0.427896711659982 -0.134840319769372
-0.00305198591317345 -0.0316389511609645 -0.118744103550456 -0.590890395543864
0.0390635388875183 -0.0580769284453471 0.677166474129865 -0.441145732309083
0.0445338981374903 0.0328458133314475 0.783846420991559 0.483314747605774
-0.00711737348039299 0.0542077336337434 0.0450884977728561 0.662060214839642
-0.0271606602268768 0.0489576526635676 0.0931489904708182 -0.00448133213645593
0.032078873709045 0.0539374232951204 -0.0553969685396227 -0.730103339880095
0.0398541370075835 0.00546874531342577 -0.869281845730248 -0.467149975676928
0.00140414090510554 -0.0317011289358353 -0.686724551693076 0.5632815706463
-0.0273504478374013 0.0024395648278573 0.256913378865914 0.615369218644461
-0.000499399281616322 0.0294385772539758 0.441596963232998 0.0494990652154245
0.013748576095766 0.00915786591228816 0.120120155467254 -0.169639872138862
0.00505187885196748 0.00947737940895511 -0.179896266906696 -0.111693080576216
0.0196880923444668 0.0263252218499063 0.13410024287777 0.115350528907482
0.00243190023325604 0.00973568903939046 -0.095278445858671 0.137760812136922
-0.00607158826331009 -0.00472171981917714 -0.426377904866796 -0.103122804420302
-0.010163353480636 -0.0372772606429704 -0.16570125121791 -0.575231138895381
0.0479448533905733 -0.0656438458330872 0.629589382276144 -0.498559497510691
0.0662925521095523 0.039573332293093 0.817277168338802 0.410956222667605
-0.00121885462815429 0.0755074410332557 0.0850687589664288 0.665908396644789
-0.0356463537270951 0.0710409988412031 0.0879397268625547 0.022663207109872
0.0312903578814038 0.0779905254259617 -0.0103884115261574 -0.725724119951819
0.0589326055796775 0.0186890228580395 -0.834522969503478 -0.546177277118527
0.0186791823580962 -0.0376649103195114 -0.743381215741406 0.503859801411968
-0.0340182148120931 -0.00779194579508306 0.210213620193835 0.641483424059197
-0.0109111803895112 0.0279855290045248 0.446128630957369 0.0820330534368356
0.00516489712792184 0.0157300227700083 0.137721325951788 -0.158079409626581
0.0013582081348584 0.0184507576520954 -0.176391733838547 -0.108471435895344
0.015225533275822 -0.0132785509327239 0.143429262688271 0.0816015154895745
-0.00192845534939982 -0.00852185721871256 -0.0872130286854873 0.117956962655845
-0.00829722774333537 -0.00645427403049258 -0.410098465847107 -0.103638904694636
-0.0208488902271327 -0.00925858850501337 -0.146523972548403 -0.550664536366992
-0.0125251280697436 -0.0286029736807696 0.635664088668939 -0.448187325925417
-0.0316517453472613 0.00397750035560582 0.823505022470605 0.454406645751196
-0.0296244648357811 -0.061733984819913 0.0803975487034676 0.720940404089433
0.000855466245728109 -0.0830091718309396 0.0693091788444521 0.083753942397011
-0.00159511357381655 -0.0485198845651997 -0.0216745556040634 -0.650204620093869
-0.041214094024888 -0.00692337455002828 -0.81384513793769 -0.462461464761643
-0.0425944893869422 0.001845833104941 -0.683257107708401 0.5582851976737
-0.0439579179746406 0.0161965295765665 0.255579797056062 0.650122533630129
-0.0121457020727523 0.0243958637022472 0.456118146005093 0.0638028399960107
0.0087655283663122 -0.00927237766174197 0.139739861849782 -0.175188990360167
0.00339879347699053 -0.0287897450666023 -0.170273598124675 -0.128121406735972
0.0180621552803836 -0.0143344866834872 0.141038217620573 0.0799530354272907
0.00411572379590857 -0.00835148873495282 -0.100215183661605 0.110272032822936
0.000683929061138748 -0.00472604966357074 -0.4099452451889 -0.12703750760771
-0.0143314926085816 -0.00716024892620575 -0.107557822979094 -0.558215172948113
-0.0151062918385154 -0.0296707151036277 0.689147440965474 -0.398068571218907
-0.0360171262078575 -0.00246176937807357 0.789489340281105 0.517066470032409
-0.0252565750025841 -0.0650529113640997 0.0417035636715859 0.708810761298759
0.00254629639633241 -0.0815635025385096 0.0753969511732371 0.0491068846006523
-0.00148614067383137 -0.0481083095869844 -0.0620838818813018 -0.662905615103348
-0.0450929744194428 -0.00858660728356303 -0.84627449815468 -0.396377578330639
-0.0461805470740568 0.00354755525531275 -0.636736611109487 0.604986173469265
-0.0358510856938719 0.0208815117633688 0.291883356385146 0.62672326391418
-0.000293596783990775 0.0240370740452699 0.449462229622441 0.0348121721842811
0.0159769969242986 -0.0131174129913224 0.123485140821296 -0.18384387953631
0.00685716767417112 -0.0303224305593324 -0.175033227252268 -0.129256788766587
0.020062839460591 -0.0138295115609906 0.139076944324946 0.0831707736607679
0.00879401832220547 -0.00692219074439238 -0.112444820193385 0.105559589981573
0.00813862742039398 -0.00362458401852596 -0.412317121456337 -0.149423021256569
-0.00900943814221413 -0.0068835125262201 -0.0758138427726172 -0.570120008636465
-0.0126029204284545 -0.0327266895024831 0.714356386829895 -0.36388604572708
-0.0327480416940616 -0.00419547454708377 0.758054182277437 0.560351988634017
-0.0202086433071913 -0.0554841760758713 0.0140668145471195 0.69302350860526
0.00102973937194125 -0.068195161220836 0.0829771093837408 0.0176335289945243
0.00184920592651559 -0.0393861682239549 -0.0931040287420704 -0.677898433584401
-0.0399146941491167 -0.0101281057567045 -0.869107145428551 -0.353072318343305
-0.0449113749747669 0.00106314451164103 -0.600530838760877 0.635039923116478
-0.0265156034161904 0.0222419686575121 0.318145267900098 0.597628434598212
0.00903462133169693 0.0241927567745264 0.442217974773042 0.0129411923089325
0.0218162340918671 -0.0137120394023268 0.108343343612689 -0.189627376345506
0.0088986223029946 -0.0288852024294318 -0.179344372465503 -0.126650521421865
0.0223204974086682 -0.00875013927181692 0.135493036529646 0.0886826411953488
0.0115236349865405 -0.00406450438930508 -0.120912041788621 0.103515612618674
0.0120154215578905 -0.00263333384504948 -0.414770703668603 -0.164155700226678
-0.00492172913683263 -0.00996153248707243 -0.0614539138310575 -0.583552146684082
-0.00345382249107401 -0.0368353475838442 0.726825509186151 -0.34986971985206
-0.0206458039347171 0.000938591342627478 0.741478336913215 0.577593831328931
-0.0175478826782441 -0.035466113461213 0.00106479446650887 0.678912413859569
-0.0027669150057683 -0.0445177770570091 0.0881550301910329 -0.00640693628116983
0.00876290276253154 -0.0235281457135457 -0.110648364504422 -0.693335261446904
-0.0263944871610482 -0.0113131167515827 -0.886522057017062 -0.334397141391438
-0.0387995530779108 -0.00385159147277124 -0.583545446184664 0.643734049042509
-0.0218408271948264 0.0218492488390194 0.327577222650338 0.582694529733697
0.0146247674348887 0.0246225143533868 0.436348758736104 5.388208766064E-05
0.0238739826874435 -0.0114699011250347 0.0999719732583799 -0.189405117031522
0.00953702724103544 -0.0233640388285088 -0.18135088972933 -0.122746666769867
0.0231180111329756 -0.00152368749351077 0.135050591861488 0.0949461793548143
0.0120904570604571 -0.000897055717127244 -0.122662969867179 0.106172103700416
0.0122984894824128 -0.00271293622866689 -0.419047739946192 -0.164625599196831
-0.000653799270638417 -0.016323840347066 -0.0649891564741785 -0.589568516078212
0.00985982498433416 -0.0429641257057676 0.723839909777339 -0.359295365482491
-0.00256908754353126 0.00987940439493291 0.73848114071118 0.568703652191574
-0.0145341186066614 -0.00684007809872485 0.00531338770510697 0.664130917637178
-0.00960615565099598 -0.0145757684369348 0.0919090177430621 -0.0202926939120535
0.0191609587677808 -0.00126077859838034 -0.111076564912024 -0.705675007108372
-0.00695578089982643 -0.00946238611877943 -0.893189465793056 -0.346650153015915
-0.0281660229804172 -0.0132508455222365 -0.593983948975751 0.63651999537541
-0.0205511734197423 0.0176132940549366 0.322122632924967 0.577636533044063
0.0153806612368608 0.026379988044522 0.433467473171954 0.00160728879445456
0.0232353195998427 -0.00579866446396697 0.097639245902257 -0.184537747357819
0.00919311068206552 -0.0139930347934179 -0.18256029050559 -0.117404305964495
0.0230031402693555 0.00677098919922912 0.133766913364133 0.101282942529249
0.0100787112926822 0.00340671108056159 -0.120158000359879 0.114070687467745
0.00914152043976483 -0.00406842708771113 -0.42200515786908 -0.152753222453476
-6.54234966278814E-05 -0.0234539215658331 -0.0851600226129591 -0.589873974443896
0.0248488916501024 -0.0496003675955262 0.704764335691222 -0.393565865204698
0.0197193104942987 0.0219464659315891 0.753200637681044 0.530667521422731
-0.0120984651002952 0.0243711918865008 0.0212400977059988 0.658955946013637
-0.0182173621246646 0.0178117242085818 0.0940712276088539 -0.0194556812061439
0.0273043323929349 0.0257008036669913 -0.0928956087775046 -0.719766475782449
0.0167495450115194 -0.00458550403337655 -0.88610297021279 -0.38752138541795
-0.0143942081578587 -0.022758398661078 -0.625699159678358 0.610345370264981
-0.022648401817224 0.0108117248685852 0.299911719042328 0.586761683727366
0.0109947695435926 0.0282828049836472 0.43571231432977 0.0171988540288426
0.0202787433265883 0.00203840816487954 0.104732473951196 -0.178829075195779
0.00838834456619048 -0.00288138455391696 -0.181888244321573 -0.112402553649036
0.0210334842259093 0.0156452603084634 0.132926301640934 0.108926519226953
0.00618302727423629 0.00674214821734908 -0.109369671635328 0.124327925042865
0.00170097000335189 -0.00486235283734872 -0.426018975001869 -0.129237452978314
-0.00301225399105148 -0.030964073349444 -0.122097951685533 -0.583967656026859
0.0388007672139801 -0.0576483641028572 0.667850102168259 -0.445249629558292
0.0436816303605249 0.031981276322279 0.780550678755934 0.472507933453098
-0.00770957582039125 0.0520844706964888 0.0513866211199078 0.654908641056872
-0.027022180339093 0.0484676753725843 0.0917352073226359 -0.00502257777853854
0.0322608089035213 0.0535075638487248 -0.0595616918892069 -0.723258626680899
0.0405414272209738 0.00482239627209004 -0.866057161194469 -0.455956008246632
0.00144195654490075 -0.0310988518223092 -0.67645973848822 0.563332230554272
-0.0278634414904728 0.00309350861024281 0.261303694698006 0.607239234308789
0.0011589898615945 0.0288447789387952 0.43823540218831 0.0433233632471402
0.0141859639409604 0.00907962752742716 0.117108468814802 -0.169399771292648
0.00564772509319388 0.00877535693732836 -0.179965340243964 -0.108965614276383
0.0205990115747749 0.0249256986862523 0.13471635538798 0.112706530497939
0.00147437386148649 0.0101427866866335 -0.0946663416763124 0.136108521334961
-0.0066535841798793 -0.00463636843997047 -0.425660732638971 -0.0962903049283253
-0.00996179339488242 -0.037483485627424 -0.170408988811698 -0.570116598144387
0.0478559191648378 -0.066099665941478 0.620271523515768 -0.499931515428333
0.0659063396369447 0.0387498610785075 0.812346772668273 0.399953123795911
-0.000365792770858929 0.0743150173068156 0.0904219935382388 0.65939040413257
-0.0338766950188642 0.0697475202970303 0.0866404652917566 0.0219063699817493
0.0320070380702943 0.0762342515295382 -0.0146487858532101 -0.717932364978581
0.0591559925237198 0.0189502943602578 -0.832162729881588 -0.535019746451
0.0186022246403708 -0.0372082283154504 -0.732338332076176 0.506725345688437
-0.033366735557422 -0.00745921869996921 0.213026148007198 0.63419820257632
-0.0108649151720452 0.0281195173200231 0.443320286894342 0.0768355067370024
0.00555324365288636 0.0164687772340893 0.134677847743658 -0.157632417332411
0.00213821803091905 0.0182681787732561 -0.176520654336274 -0.106051657451391
0.0153947258727936 -0.0137814394731431 0.143040725539472 0.0804820200440809
-0.00132127888549011 -0.00884686139943558 -0.0859249134578003 0.117238211170309
-0.00800651393323692 -0.00716751654747315 -0.409400022523701 -0.0992661037179898
-0.0194439199340201 -0.0101293036122172 -0.148740039810961 -0.543502878686063
-0.0129558721544954 -0.0285158430303381 0.626218436551236 -0.44811598438853
-0.0310684336560919 0.00440472478165603 0.818216904136764 0.441656176389612
-0.0300012778966256 -0.0622280522548846 0.0853320898682265 0.713804473840036
0.000701145231291201 -0.0825451615473143 0.0673706994464494 0.082397603602119
-0.00199781791028074 -0.048648032642602 -0.0246339228334568 -0.643734552435656
-0.0401564757857208 -0.00578905566925746 -0.808833819078407 -0.453145931165612
-0.0421611182819818 0.00188284916490664 -0.674412279936441 0.558578172129494
-0.0434848616471876 0.0167822245459828 0.259387169953584 0.641829341789524
-0.0115195062896529 0.0242823996525276 0.45302300997009 0.0600280964274207
0.00904858052253683 -0.009261129422658 0.138064779212159 -0.176181390675381
0.00383207221625803 -0.0275338429234904 -0.170132497473752 -0.126055934635857
0.0180125538880102 -0.0148076221302544 0.140366674110201 0.078318276102472
0.00418392114172651 -0.00878481690341209 -0.0982195483479541 0.108686956394035
-0.000222962113211732 -0.00533635994363348 -0.407400842903921 -0.124048352108676
-0.0138536029225751 -0.00759709437074357 -0.112335786579457 -0.552668129580743
-0.0161121562244144 -0.0291980076563247 0.677893854057406 -0.399401158273445
-0.0365241161861749 -0.0019865482543327 0.787278993349971 0.506708085360661
-0.0257046961071753 -0.0641298254671521 0.0469268238544508 0.701110241789048
0.00190724760852414 -0.0806419556922037 0.0747055429526903 0.0480531360912138
-0.0017133110269923 -0.0483634678241895 -0.0645827615281926 -0.655815206176942
-0.0438498970989645 -0.00846583454047948 -0.840393791076624 -0.388145098709023
-0.0460259578134605 0.00430024258758263 -0.627706832879317 0.604092395442781
-0.0353663356097417 0.0211708533453465 0.296602262737316 0.618304624137833
-0.000115995297579241 0.0245532067614353 0.447358853273565 0.0304372840432993
0.0166559810398487 -0.0128703810227722 0.121499868537433 -0.184232038501548
0.00589951337857768 -0.0302926019334242 -0.175017453097851 -0.126194761722945
0.0198665534219012 -0.0132911061066979 0.138102080414215 0.0814968001656285
0.00812427929723182 -0.00693409920505028 -0.110920659887795 0.103827857435238
0.00770818385864463 -0.00413547211129242 -0.410447900550301 -0.147131125758323
-0.00800090145594062 -0.00702332172415434 -0.0798806624421459 -0.565917219012137
-0.012964570387084 -0.032305676117049 0.706767919529548 -0.365868419593866
-0.0319681638446135 -0.00389868699072854 0.753099929295179 0.548875365298734
-0.0212316876634292 -0.0560052259836835 0.0183693851276614 0.686171323170332
0.000235152669037542 -0.0681362220931373 0.0819256398856688 0.0168788403363456
0.00134556582351388 -0.0393764234492224 -0.09566953362185 -0.672028755235184
-0.0383183541841706 -0.00951435280476954 -0.864162798398276 -0.342520963141063
-0.0442742837542286 0.00157124532049232 -0.589194642264292 0.633536570409174
-0.0268490199212538 0.0225978100337423 0.323630973746386 0.588767347874641
0.00919292995419783 0.0235791579407646 0.438670201993366 0.00977812706546213
0.0205754401598873 -0.0148083249084216 0.105480328606516 -0.187527938936014
0.00737654896307776 -0.0284080292693511 -0.178181600393433 -0.123657734162743
0.0222138884834705 -0.00890003429617547 0.136246413818838 0.0871439108420503
0.0112948659103521 -0.00420289057435445 -0.119005979164899 0.102368668251257
0.0115307026281717 -0.00268261597619439 -0.412938192400664 -0.158740266506395
-0.00438442707012587 -0.0101538990450216 -0.0647065244480402 -0.577480570430971
-0.00409363204710033 -0.0368047286668299 0.717069156535179 -0.350757395649594
-0.0203191100721491 0.00120645729725 0.736874152338259 0.564801636122084
-0.0174177725062994 -0.0351217419126431 0.00632346012904932 0.671062382555982
-0.00423615971380881 -0.0444782366334961 0.0873640922004574 -0.00724488841333971
0.0089500322521364 -0.0228481153850267 -0.113212055865592 -0.686567882007825
-0.0254407279460472 -0.0102547930187591 -0.881419061079673 -0.32461698361921
-0.0377761901937069 -0.00351874933746541 -0.574286098309065 0.64129745777751
-0.0215457405332968 0.0215674740948475 0.329887916105927 0.57442070320603
0.0145161571007527 0.0248143826743339 0.433329943431575 -0.0030863735057696
0.0235541585663592 -0.0110507508653776 0.0974941813016466 -0.187773826750235
0.00980805766417542 -0.0229957715915282 -0.18110724196744 -0.119992457008736
0.0234763507272556 -0.0022576375165434 0.134758571696045 0.0936886781982292
0.0110454139388308 -0.00080870479940233 -0.121870286124885 0.105972641379252
0.0126954122380997 -0.00265735347109355 -0.4164608299838 -0.15989617530767
-0.000551190570274743 -0.0167084554875479 -0.0676101437125341 -0.583807763547981
0.00926558896979003 -0.0417064839917265 0.715816174783997 -0.361926266245046
-0.00287471184094889 0.0111577901140706 0.736724594222547 0.557054182021635
-0.0145086414057661 -0.00664068319949244 0.00850287935658121 0.659232533675695
-0.0106452120231783 -0.0144887583218551 0.0912542245728001 -0.020682818911598
0.0180416928497404 -0.00133336324393918 -0.115432467130025 -0.699896862084844
-0.00643334647919804 -0.00885623346478296 -0.886029092545033 -0.336167592756757
-0.0278572844966961 -0.0125438542818647 -0.582508554289105 0.636076131558127
-0.0200726290754644 0.0173532268694287 0.322329493156043 0.56871425616071
0.0150755341385023 0.0260098079155501 0.430149951641057 -0.00179412523474182
0.0232540452307983 -0.00605169776522723 0.0958617283833632 -0.183890781354626
0.00931122936674 -0.0139487914363678 -0.181537134296228 -0.115055033906131
0.0226299819271809 0.00594478982859194 0.132350769753956 0.100388622402902
0.00961953239575295 0.00247060972392284 -0.117935867935481 0.113139033626832
0.00911994566055731 -0.00422964533260858 -0.421500967835327 -0.148438858782628
0.000744274101400355 -0.0241837992973874 -0.088628405853787 -0.585510725525519
0.0239947980076101 -0.0494152519732718 0.695257412474014 -0.394514755288071
0.0201217788740251 0.0228185968375237 0.750004749582568 0.521737461019211
-0.0112066844826906 0.0229731475018694 0.0251626469884924 0.651645905689501
-0.0191502093949933 0.0177044203861487 0.0930318512387065 -0.0197363492417116
0.0268453615367253 0.0246779643523181 -0.0956692911181729 -0.711643233869244
0.0172625284210911 -0.00386256364722341 -0.880732134373741 -0.382229906245356
-0.0143463397009183 -0.0219938342850295 -0.615155155014639 0.609014524951732
-0.0228394710238803 0.0116761234492509 0.30021267415678 0.578748577349969
0.0104411603246606 0.027597332512487 0.432705065126982 0.013413674904633
0.0199713240385672 0.00195575030858077 0.102742609599807 -0.177017918969453
0.0081122778992272 -0.00288538324416248 -0.180907673729872 -0.110242970117072
0.0221961321157577 0.0150585939346207 0.133129074774835 0.107373619522257
0.0056564940067443 0.00634135270580769 -0.107359071763178 0.124391146975001
0.00244659186955495 -0.00549732102159168 -0.423753839431993 -0.124517411805998
-0.00203770154119992 -0.0310105803486048 -0.127768158040497 -0.578201494938732
0.0376584755979018 -0.0576765511318599 0.656989928158175 -0.445802320630133
0.044321450917311 0.0326059640591608 0.776663687344503 0.462267629045522
-0.00669482629726818 0.0516633904540539 0.0543360064485758 0.649873812969388
-0.0264427013137408 0.0470632236100608 0.0904667190470803 -0.0052705808245358
0.0320632267756209 0.0515031840334844 -0.0637571849230604 -0.715051092959468
0.0408972561919605 0.0045377907568155 -0.862540838638413 -0.446664606819407
0.00126280115754464 -0.0308312530118343 -0.665519650749526 0.566612216592068
-0.0271206936200257 0.00279856182305202 0.264936974522969 0.598414177490047
0.00132381410912971 0.0288092954510544 0.435119541693076 0.0387691578548643
0.0138040410791569 0.00911173369166326 0.115152626077776 -0.168198659473388
0.0055075341696476 0.00834439898792579 -0.179041523834114 -0.105749130168298
0.020332075788983 0.0244161105394861 0.133793820528843 0.112300075455316
0.000742071979393605 0.0100498420849662 -0.0920734788904765 0.135021860902434
-0.00735949619716268 -0.00499553882616391 -0.422569808976532 -0.0919241045512794
-0.00972138522650865 -0.0373319205078289 -0.170217441706407 -0.561452233284745
0.0464563316803068 -0.0651817070827399 0.611074443785854 -0.501192333609371
0.0658547393773799 0.0379138469449624 0.808216196953865 0.390407575176756
-0.000226622581185724 0.0727880033809152 0.0925140118780247 0.65142479383191
-0.0340027770896605 0.0695940589028556 0.0864566863459409 0.0214385699748562
0.0319493381424539 0.07527263104804 -0.0195820856205468 -0.711631652775687
0.0591320189095238 0.0178539686385025 -0.828870451175965 -0.524569095105877
0.017989311874205 -0.0360462533208006 -0.723682693563805 0.509936582965581
-0.0331898724404089 -0.00751991260694911 0.218273470813051 0.625213596469357
-0.0106762369510396 0.027730650537075 0.439602058747891 0.0716384844686761
0.00607267935481508 0.015944684014124 0.132179147942643 -0.157715662141551
0.00208372724940713 0.0181532344930611 -0.174984757979005 -0.103680683601979
0.0154648200813785 -0.0134277641778457 0.142062275495928 0.0794207070115697
-0.001452628342919 -0.00933718480461772 -0.0836578486348885 0.115466541783116
-0.00871661693541851 -0.00768818547657487 -0.406044910309989 -0.0967062466564498
-0.019001366698656 -0.0106503085717739 -0.150054625186454 -0.536859096583163
-0.0131246130570972 -0.0284487595041017 0.618184806720711 -0.448887025951665
-0.0307524697604812 0.00443841370102707 0.813063374183028 0.434260726451984
-0.0302419863730002 -0.0611441313572427 0.0876977970767099 0.705221931233256
-0.000622199739713346 -0.0821522263739814 0.0673756130633859 0.0817633865591675
-0.00184854704644422 -0.0486544429885567 -0.0267120946375886 -0.637607523435302
-0.0397269358867345 -0.00556307659057116 -0.8037352419913 -0.445730009782285
-0.0415119671492759 0.00289451079987606 -0.667382249038935 0.557955912648017
-0.0437115945549043 0.0168109524201597 0.262064401050632 0.633980261607006
-0.0120936918866346 0.0244972612049276 0.450705138879256 0.0555902926030197
0.00913831771169864 -0.00995009484636416 0.134837239223057 -0.174781887838092
0.00321058235397364 -0.0278515607819103 -0.16867011051382 -0.124622911734742
0.017611791064258 -0.0152604590505259 0.140086565948733 0.0775821222284834
0.00341911143662521 -0.00853890308435739 -0.0969108784449198 0.106822717068975
0.000104435346607302 -0.00605947018959169 -0.404779571624433 -0.120089804851271
-0.0135007353494216 -0.00733850764772206 -0.114024549895107 -0.546861371382751
-0.0159866299809074 -0.0286801545838206 0.669337702339371 -0.397712323796428
-0.0356122546162953 -0.00220528335576775 0.781849505113351 0.496648644363335
-0.0259738077488224 -0.0648996499317449 0.0487827025566815 0.694351467179221
0.000995146495175388 -0.0805773561436912 0.0726932136764479 0.0467822915568309
-0.00215575316433851 -0.0481278616653454 -0.0675506458772847 -0.650975979764256
-0.0430618755258453 -0.00806978257148677 -0.834051968825221 -0.380136364680719
-0.045153191916054 0.00436851267797289 -0.615967461545184 0.604000900281973
-0.0354994089002042 0.0204449116336933 0.297307581620114 0.610193232535315
3.57591169997482E-05 0.0241784453332149 0.443261314096613 0.0265803580924943
0.0167084549410328 -0.0130620494656024 0.11817471913687 -0.183588118908982
0.00601051190514614 -0.0295828072076454 -0.173750313945025 -0.124615546995799
0.0202199813789808 -0.0138156682904806 0.137024140915294 0.0812339585995514
0.0078018821019759 -0.00711291592975976 -0.108836219811906 0.102038341659765
0.00731060578413822 -0.00412782070190579 -0.408333486700164 -0.140683047438937
-0.00817520743153438 -0.00827903349764588 -0.0827480394939964 -0.559454350978221
-0.0132733649540853 -0.0314455905245288 0.698213893284268 -0.367522097437062
-0.0320505371852705 -0.0034513000510339 0.750518245950463 0.539031053844021
-0.0214726580972828 -0.055397075347661 0.0237216077112801 0.679299476566826
0.000588441904119784 -0.067022544780816 0.0813992328264895 0.0160816073469994
0.000919804901643308 -0.0394719337019822 -0.0974335442222989 -0.664807634341705
-0.0382168653748398 -0.00984343358679623 -0.856990618509164 -0.335408417169648
-0.0429658024565273 0.00206137014220463 -0.580296458163885 0.631097980454235
-0.0270627585283203 0.0222366043930975 0.32304072887685 0.582510820373058
0.00935722150171297 0.0239090246967731 0.434998658050676 0.00569958558295102
0.0214490559432811 -0.0138549577450896 0.104004981672984 -0.186318219271224
0.00806500244182994 -0.0283597868963883 -0.177542960538115 -0.122505416614529
0.0223359258182203 -0.00973460669115626 0.135197887329688 0.0854467184627275
0.010408378760084 -0.00452431919353611 -0.117313146914423 0.10199336092116
0.0117996668277422 -0.0036540833071281 -0.410701030890185 -0.154382668757254
-0.00378133941942747 -0.0108295788139513 -0.0680307106659485 -0.572887809188531
-0.00476292920671724 -0.0356043838229421 0.708497698851547 -0.353012736650467
-0.0195014511563313 0.00142281159964477 0.733121849180368 0.556485617339909
-0.0178108407299422 -0.0355419185611692 0.00940519089336583 0.66269656051808
-0.00456068599997771 -0.0446218312184328 0.0859800724258244 -0.00714378649215357
0.00760806887652995 -0.0238901284424658 -0.11499854943897 -0.679012789911899
-0.0248031997057461 -0.00950884778493693 -0.873671284840868 -0.319108903480247
-0.0375212647655763 -0.0033967698294524 -0.564756787639502 0.640333816421841
-0.0213127677944104 0.0199504280256724 0.33051538962438 0.565925063482766
0.0150640695175795 0.0241159239461535 0.42956533543274 -0.0058125124784912
0.0233761902212457 -0.0115577193497279 0.0958344223813567 -0.18675363849312
0.00960227088290602 -0.0225915637145899 -0.179683892759616 -0.117656750148444
0.0228667678492861 -0.00283323891625652 0.133683777614549 0.092023379490119
0.0111042952457093 -0.00101728491227777 -0.119944985270898 0.104426385690721
0.0120554843757394 -0.00364919408812218 -0.414594883837833 -0.15564216068582
-0.000813386276819724 -0.0162685000646801 -0.0684221086227621 -0.578631084513719
0.00872433534595452 -0.0423976725778277 0.705935039744959 -0.361783927824171
-0.0021254229538522 0.0113136501342169 0.72949734362602 0.547564387548631
-0.0149319925480644 -0.00818508550484015 0.0111952859546991 0.650743641595255
-0.0102315003728229 -0.0147122628326402 0.0904328895210152 -0.0205142317901746
0.0176069403541742 -0.0025868742259869 -0.117080678052358 -0.69254235029541
-0.00586913518234564 -0.00873062547434936 -0.880959525612752 -0.327289656713779
-0.0273257164077315 -0.0121774001276186 -0.573042541125333 0.633542826525585
-0.0198499361354379 0.0166621758043972 0.324666103687077 0.561345561398106
0.0148572536494349 0.026375202722511 0.42692920794537 -0.00445722453189383
0.0234704794784474 -0.00657369760426928 0.0935203313814701 -0.182084258625842
0.0095216623253168 -0.0128136016137585 -0.180885852611102 -0.112983004529034
0.0232225903115772 0.00551668067297063 0.132060943966482 0.0990551376541784
0.00958820400763947 0.00269338394834188 -0.11570817207743 0.11227153740307
0.00817411280657623 -0.00472026509365814 -0.419660608735773 -0.143414242313176
0.000155284639356511 -0.0250717311173984 -0.090376590661626 -0.57683681581757
0.0238678638039249 -0.0488917558537063 0.687447120396348 -0.395618626498461
0.0191459748123753 0.0227615779316631 0.744805403390811 0.510320574334059
-0.0116034541219744 0.0231667802827639 0.0272432538592714 0.64438523114446
-0.0179039955824391 0.0174433520563725 0.0912503779820254 -0.0198351995119349
0.026617171317224 0.0234058256022509 -0.0972528807683922 -0.704751265104389
0.0178770439702292 -0.00474279078171263 -0.87500936528165 -0.371977831905276
-0.0140010623173971 -0.0214248167529262 -0.605312193051662 0.607625441185815
-0.0222136063101685 0.011647017061547 0.301279665155933 0.569900420221212
0.010653203015148 0.0278561668249347 0.42858582964629 0.00952801756757566
0.0205153891135551 0.00177551046333529 0.100129747919028 -0.175784302958295
0.00747312754015079 -0.00225288632990896 -0.179392650468696 -0.107650967432093
0.0230124271712622 0.0142127928899092 0.131823507149435 0.105143782641781
0.0056675737152366 0.00615376904251318 -0.105935819277026 0.12211697713311
0.00193494030259772 -0.00582071194502515 -0.422026809651775 -0.120738126452766
-0.00250562369016963 -0.0321717360614072 -0.128295334874322 -0.572153007358885
0.0364848738167864 -0.0568773464310778 0.649125698256104 -0.445411318956006
0.0441161558417032 0.0324351107255748 0.770284237367806 0.452928042232306
-0.00698583640087548 0.0504400531165102 0.0579989271593329 0.643238976664081
-0.026368357923258 0.0466191638727452 0.0899195289134472 -0.00577899411079604
0.0317146193247414 0.0505407029885086 -0.0659599981906257 -0.707898074055949
0.0408935847304431 0.00448500944954364 -0.857263322978017 -0.436712311036761
0.00158924312856898 -0.0303782632666461 -0.65518843444414 0.564958239796176
-0.0274659611116167 0.00274174429416546 0.267152751667554 0.591945991266546
0.00169545627325472 0.029184001422274 0.431353449984137 0.0352402922600175
0.014423446201668 0.00945616184059618 0.113262922677211 -0.166567855975208
0.00593448510473181 0.00850809939143664 -0.177569365543786 -0.10478415503754
0.0206400737099343 0.023882073369701 0.134256029959333 0.110588518404356
0.000607864881935592 0.0104300348593064 -0.0905324931469348 0.133114591618438
-0.00810516944140673 -0.00547867149981409 -0.420306177094691 -0.0882696964420461
-0.00928276204194086 -0.0373492293354699 -0.172507734798483 -0.555689466705944
0.0453410363110096 -0.0649834873972174 0.602153239898291 -0.499096440023295
0.0652836740179606 0.03717608517257 0.800616593541599 0.380110350449249
0.000129891464592906 0.0726455741798369 0.0958672461752314 0.644765611099736
-0.0338122962087023 0.0684259415633573 0.085292202247946 0.021005203538334
0.0313519563575046 0.0734552048150898 -0.0238055577943666 -0.704091718205716
0.0594394696510583 0.0180476611703497 -0.824470538646019 -0.514991183189268
0.0181535336708768 -0.0366763118226748 -0.713972271142837 0.509620725958897
-0.0335463371221579 -0.00735827967364245 0.219978197487675 0.618605841259506
-0.0103197553842944 0.0278035822432304 0.436952230534928 0.068442123720846
0.00586365553681187 0.0152977127311732 0.130013274536557 -0.156432224071262
0.00200181095199044 0.0178463026249554 -0.173774722095741 -0.102022700024448
0.0155271842127739 -0.014091123838208 0.140764075241387 0.0786558292155794
-0.00261055334914604 -0.00888929186167641 -0.0827034795807618 0.113700374330576
-0.00866258838099292 -0.0079769079943963 -0.403500157605491 -0.0935134859710452
-0.0183541880408385 -0.0106832982935802 -0.150434866090902 -0.530457929646215
-0.0135983163027185 -0.0276153562298584 0.611512630435785 -0.446081435013029
-0.0305226021272518 0.00518970230662964 0.805016947266532 0.428281357391642
-0.0301418946793882 -0.060974925711019 0.0891508160960607 0.696720498828896
-0.000531516292785893 -0.0812127816217949 0.0679913298257733 0.0797262907873582
-0.00180424394632991 -0.048735370753001 -0.0290696208362942 -0.630654850816031
-0.0390593101030628 -0.00458711506646659 -0.796195114543481 -0.437286757435863
-0.0403650702314323 0.00262121801791836 -0.655869438930757 0.555096625299306
-0.0437221588721443 0.0165231238747167 0.263903955285903 0.626407767843148
-0.0112320323186638 0.0245987811344089 0.445817405393092 0.0538905104327313
0.00930759458035013 -0.00974942861869645 0.133202654872395 -0.173155745987587
0.00351341297289054 -0.0268163053259051 -0.167722076560352 -0.122740724723269
0.0174545172687624 -0.0156390310354856 0.13923696069022 0.0763294973176022
0.00236213648274451 -0.00888473339482731 -0.0953749429831083 0.105612729251234
0.000901072572850223 -0.00654737980907673 -0.403091069692113 -0.117795779525088
-0.0130318026313609 -0.00840856301268883 -0.114743592931905 -0.540113708231899
-0.0158142544317295 -0.0282849354782667 0.662691279535766 -0.396966348569657
-0.0358804621994815 -0.0014692557256262 0.774749897073481 0.489980368092689
-0.0255130247720202 -0.0638810948139503 0.0510262986846563 0.687000065376858
0.000348728928690193 -0.0799005516902175 0.0734156771331172 0.047009008521308
-0.00198621202237377 -0.0483984915452096 -0.0681445976335383 -0.642887461132317
-0.0424878096829984 -0.00798218386264566 -0.828174704071677 -0.374476609223996
-0.0442459307734376 0.00446789605806408 -0.610197705537315 0.600181613432004
-0.0353203122717668 0.0212379882871259 0.296269409065431 0.604272667738695
0.000154796479907567 0.0237994645128641 0.43943336968482 0.0249145939469189
0.0160382732864808 -0.0131460463793908 0.116525088010136 -0.181206100584387
0.00612258281553456 -0.0295048802809755 -0.173004436664236 -0.122283535348511
0.0203629733188578 -0.0140352389948904 0.135837251580201 0.0792187601463848
0.0073672516140199 -0.0064060994961686 -0.107843497121643 0.101426668768876
0.00728016423078472 -0.00469769694677381 -0.404169077712763 -0.138152851691712
-0.0080841943367919 -0.0086064246630211 -0.083706400533565 -0.554901714756841
-0.0141957773988103 -0.0308867536547706 0.690152124391089 -0.364399937786689
-0.0319784270755555 -0.00232815720086906 0.744809238815983 0.531007825128418
-0.0214321306883926 -0.055300199231166 0.0239302071835863 0.671930307223287
-0.000519249666676779 -0.0669818013425778 0.07881707393752 0.0166660080378538
0.000290838462819173 -0.0403188923007153 -0.0962585452514182 -0.657758630387288
-0.0367519826497535 -0.00900774039233982 -0.850030715736169 -0.329189789736695
-0.0425776268865419 0.0018854817829231 -0.572530295684765 0.6289941225247
-0.0273018167556175 0.0224195483534901 0.323090267846994 0.575712594102967
0.00915633685983505 0.0235336559503825 0.430993897005242 0.00447855017444553
0.0208340293273331 -0.014188074300703 0.102258635399331 -0.184917813910786
0.00796995461158083 -0.0277426627110584 -0.175872743592222 -0.11988920129748
0.0220401948664233 -0.00991978804327829 0.133985750171707 0.08495938608674
0.0105775927439074 -0.00423480090346697 -0.115804820321342 0.0998474460869625
0.011493820592979 -0.0035005395657248 -0.408864397646411 -0.152231363461649
-0.0040408388318369 -0.0119648267996271 -0.0684321667897039 -0.566172360162746
-0.00512836008361232 -0.0355763667568911 0.701753831749227 -0.351650113448213
-0.0201674209102335 0.00124066578341866 0.727333493445637 0.547334393419447
-0.0176183558427606 -0.0351607614790146 0.0116446866118384 0.657373551692108
-0.0050176195378176 -0.0441133921238322 0.0856373519753544 -0.00661465822310313
0.00754888961829222 -0.0251419690434789 -0.11627337137128 -0.67207446481256
-0.0245267057667202 -0.0101347373777451 -0.86741273768843 -0.313388225057629
-0.0365516351424009 -0.0028194367284758 -0.556840642751048 0.63567934078859
-0.0211680992487752 0.0208124827255377 0.332388937674364 0.557126281655302
0.014021969731616 0.0240912897431566 0.425905980606552 -0.0067755076486204
0.0233147368051142 -0.0116385258460848 0.093810491665123 -0.184699895261732
0.00852272816642338 -0.0221604939024041 -0.178689269510294 -0.116067445038135
0.0236138745509991 -0.00341421970241326 0.131831525607159 0.091004980344403
0.0107292283627035 -0.000492626047909671 -0.11900243532818 0.102902169393923
0.0123102830473896 -0.00422208462126489 -0.413334270693408 -0.152732223199603
-0.000292467109854088 -0.0175758672769649 -0.0721705769935846 -0.571927140995735
0.00764863271057617 -0.0415906074986784 0.698003793253767 -0.363259340984529
-0.00237921249394563 0.0109806957828916 0.726053280885286 0.538837657627988
-0.0149142504183184 -0.00825252700157158 0.0117317615163264 0.645279919915604
-0.0102156785060757 -0.0143237614319645 0.0890422814724518 -0.0202638469299856
0.0166776999346805 -0.00371045438127586 -0.117311934699051 -0.686442673756172
-0.00561305686532827 -0.00817118352030902 -0.874323232239674 -0.323754656747711
-0.0269607621758541 -0.0121707218688087 -0.564092252961576 0.629024747231864
-0.0200075693313423 0.0169583196633351 0.325284202496941 0.55340813608941
0.0153165587047029 0.0268588267965481 0.422738929509609 -0.00681947033757745
0.0228309318559554 -0.00555287088418327 0.0924615088700458 -0.180598802472808
0.00900399383508794 -0.0123506381295778 -0.178711697674273 -0.110631235349322
0.0226010687289781 0.0054164850989022 0.131923575430395 0.0984119846613673
0.00883255753387973 0.00239734714493254 -0.114439612603979 0.110428503922985
0.00813044131629881 -0.00521386529889007 -0.417414791311375 -0.140992331244506
0.00066249501872352 -0.0253790114171456 -0.0926879324661385 -0.572488827754781
0.0236356030757649 -0.0476619957109237 0.678411082549229 -0.395260830789575
0.0196915104265655 0.0222146781713775 0.73831607643893 0.503867827997188
-0.0114389577485033 0.022042448762912 0.0297761233637116 0.638855809116413
-0.0183852422721652 0.0167751227830112 0.0896115389685406 -0.0195221968519435
0.0253985943103834 0.0233017175035633 -0.0988391127231504 -0.697721465304641
0.0169379413001277 -0.00453576838953542 -0.869600820211283 -0.366954444232109
-0.0145015710773332 -0.0214792513035797 -0.598128291489813 0.60461994594234
-0.0224694866850129 0.0110982990326007 0.301891024047937 0.563902968948207
0.0111270397257646 0.0278224845860611 0.42359459428954 0.00757619862564962
0.0201239915998183 0.0015496308441256 0.0982211213536494 -0.173980288907879
0.00840831529699436 -0.00239579579344799 -0.179140130811737 -0.106783459924283
0.0219686506793782 0.0143269031443425 0.131194613650868 0.104498562817644
0.00451615711468103 0.00678366467835189 -0.104588873279534 0.120098723466191
0.00196038984580974 -0.00583994743821063 -0.419177132994247 -0.118636997642323
-0.00218766314897535 -0.0327514445555427 -0.12941863648735 -0.566466108357338
0.0357543071284513 -0.0558582425177904 0.642670085156172 -0.44280208054798
0.0430174920588708 0.0320768223071283 0.76514207707972 0.445999322811266
-0.00668488888035291 0.0500690158924831 0.0592194637392181 0.635746599003885
-0.0257316029131503 0.0459823004001527 0.0883410445436152 -0.00654461235943363
0.0308706520152195 0.0496227598760718 -0.0676946035683326 -0.70156834294004
0.0413286803591334 0.00445502417667237 -0.849616053127271 -0.432897690901933
0.00131560124934127 -0.0299135046539958 -0.646598129987137 0.561691361335814
-0.0276697170894424 0.0032923370036815 0.266888329969668 0.584211561147532
0.00178222436061422 0.0288636583441307 0.42859612607131 0.0333250492820305
0.0142301374799891 0.00908249033141735 0.111714442204379 -0.166064197261394
0.0056098694614987 0.00884653356864891 -0.176727595365863 -0.102200024286201
0.0210456677401542 0.0227178311352872 0.132845317687139 0.108405352212753
-6.66628985479013E-07 0.0102911294650403 -0.0899318122437006 0.130707258536851
-0.00738152696553118 -0.00543856506129439 -0.418744892721146 -0.0865480706373336
-0.00972666381969079 -0.038089302787911 -0.173210269210611 -0.549344392987066
0.0441399665215992 -0.0646559043181396 0.594010004495697 -0.496638380558057
0.0651409358336165 0.0373296488269483 0.79577149965022 0.374648688097824
-0.000338695140123552 0.0708078958027377 0.0963401702810814 0.637702371776452
-0.0325588863265925 0.0681774781265573 0.0849468751933517 0.0199220241298404
0.0315085776350483 0.0721682565446049 -0.0264039277131001 -0.69767182866328
0.0595905324754651 0.0170688087761574 -0.819074494981005 -0.506835211560037
0.0178078549140665 -0.0357768139303779 -0.703538684592504 0.506688697448901
-0.033168257419625 -0.00629243067450581 0.221866292014521 0.611632687911814
-0.00983084656607844 0.0278916472921126 0.434625410863889 0.0655860560514691
0.0065755433983681 0.0145978970588123 0.127855790934444 -0.155143396899405
0.00249990184817006 0.0180644087819928 -0.172534971129978 -0.100638079583444
0.0169480932379972 -0.0156930403400941 0.134735441898814 0.0853536550544639
-0.000379535622721048 -0.00968666652712613 -0.0875636298951587 0.107283151280152
-0.00801118306372171 -0.00356055689663835 -0.39087304651571 -0.112920698002854
-0.0220008413504601 -0.00961777652287577 -0.124089097255317 -0.530994075891808
-0.021183292152597 -0.0312488620577495 0.616120363019436 -0.411156697752692
-0.0291459220083335 -0.00298928771552775 0.766966043385548 0.453918091077196
-0.0267331397109094 -0.0571226231222237 0.0578698737139129 0.690342139277838
0.00345590011058216 -0.0816996621964252 0.0637105336955197 0.0797405002122886
-0.000455367965894616 -0.0558572190717458 -0.00542197968616764 -0.625163399631684
-0.0450592012524616 -0.00649564123524871 -0.773228431135978 -0.45914390518949
-0.0435380413747152 0.00598929696720302 -0.669194348703868 0.520117432342725
-0.035726178323351 0.0243423168580719 0.229948262541527 0.627984998743715
-0.00559566267591071 0.0255550498254211 0.434107327036982 0.0722910127546046
0.0115434558700615 -0.0113055604473653 0.140650797538029 -0.163343947350089
0.00158271866609785 -0.0261295213252443 -0.155550203687609 -0.13098264946737
0.0191891424790696 -0.0169730012687666 0.1319547030978 0.0828688109218132
0.00476887269341745 -0.00875177881610324 -0.099482151476624 0.09806813752693
-0.000235111257326419 -0.00106880803701652 -0.38876205567844 -0.13617416195273
-0.0170116709910254 -0.0067189031479979 -0.086713353139998 -0.538311669775549
-0.0232917639033899 -0.0329284653868478 0.665640660874966 -0.362605430016438
-0.0329543693676499 -0.00928409133611999 0.734931970858826 0.511957513408429
-0.022540939171392 -0.0593624553696527 0.0227492782068481 0.678421464205404
0.00494103529942212 -0.08038678668251 0.0708227972248888 0.0476844484411788
-0.00108053883423127 -0.0549333337560863 -0.0435560535235726 -0.640731524795701
-0.0488462607280663 -0.00896689621916882 -0.806344184481933 -0.39726800123707
-0.0465631181850343 0.00770956269608522 -0.625411016102658 0.565965283657404
-0.0271454716457948 0.027289260978618 0.264582746513687 0.605208213438077
0.00558148227696923 0.0259213484020276 0.429143646978347 0.0461213484945925
0.0191915396889398 -0.0150098737341949 0.124384288881627 -0.171313414761455
0.00437347841535067 -0.0284353968269958 -0.160761269325696 -0.130921682252974
0.0213473143095255 -0.015115908753275 0.129639159445488 0.0864796636232372
0.00943879674854613 -0.00617923325820754 -0.110935352605641 0.0937480633730765
0.00671578619141046 0.000601966697334018 -0.391269991793416 -0.158429438291733
-0.011757179076757 -0.00700426152922838 -0.0553341858485153 -0.550256880129695
-0.0203904197425215 -0.0361151861511643 0.692211200884206 -0.328126406787625
-0.0287822853889054 -0.0103652313331464 0.702888122385469 0.551071821832561
-0.0180106144208683 -0.050385080668207 -0.00429594150898779 0.663821608381661
0.00322998453726116 -0.0675906135317145 0.0781181919074252 0.0179196994507556
0.00107701387878987 -0.0465632978921803 -0.0730347647958198 -0.655688097929299
-0.0437550985189641 -0.00973469620139627 -0.830587611799381 -0.35209760612827
-0.0453275832338013 0.00570477056028765 -0.587886524306701 0.595509596472732
-0.0188478049139947 0.0290656106632695 0.291500846463964 0.579656513458516
0.0146416799255099 0.0247199708849584 0.422690615920366 0.024907153756518
0.0238222421441198 -0.0156693586174775 0.110452611263105 -0.176043050465625
0.00618938462204706 -0.0274282450594113 -0.165027705176452 -0.128104906187336
0.0234302232983561 -0.0107794722182271 0.127629400931799 0.0910665668324083
0.011762411019422 -0.00275404809845869 -0.119825783515337 0.0919608985314744
0.0102011385048719 0.00213586936683395 -0.393760509739255 -0.171614085794642
-0.00718529185296128 -0.0101504610356269 -0.0411514300900492 -0.562087097986088
-0.0113386672772762 -0.0398657700836676 0.701453715289766 -0.317373221368156
-0.01800338558137 -0.00533357619283255 0.686736984058351 0.568849807677989
-0.0158785696414858 -0.0308473382966132 -0.0161667718261284 0.648494537107233
-0.00239442629149606 -0.0452560007807021 0.0848153020067896 -0.00510226462097965
0.00746627415845172 -0.0296733610412786 -0.0910984760007877 -0.669904258053179
-0.0303901998944988 -0.0106283414423584 -0.847453834807572 -0.335581079455736
-0.0382340286320335 0.000876043186535932 -0.573697570093483 0.605399220573661
-0.0134864500432526 0.0276488919037081 0.301392551874433 0.563387646445548
0.0209350449173566 0.0255610183566087 0.416032840953788 0.0124777839772651
0.0256889809418193 -0.0139071333606871 0.102015868040016 -0.176329210104869
0.00805732093030853 -0.0213202930871048 -0.166943059068884 -0.124838055603062
0.0240610551928147 -0.00369312360381885 0.126047723363738 0.0973642404064307
0.0122518459064995 0.000251775065693462 -0.121919122680236 0.0939877226839043
0.0109901374119045 0.00175250640837028 -0.398165313865337 -0.170646235806677
-0.00437848374244824 -0.0154819972258108 -0.0417760128358029 -0.567381288290161
0.0013684554263674 -0.0447328673035243 0.699186592272003 -0.32589902379582
-0.000764483058458868 0.00527736131757813 0.683364809644203 0.558222297679265
-0.0147853485623065 -0.00395850178530803 -0.0134343013311582 0.636278047783695
-0.00962720031156783 -0.0163631268808181 0.0883513211748196 -0.0170799160257162
0.0165348876062782 -0.0081105124371631 -0.0918118896488122 -0.681724277419684
-0.0111126495605068 -0.00809301327737305 -0.851776589225782 -0.346661002953508
-0.0287649522565256 -0.00768319623335133 -0.580816358259064 0.597949358286391
-0.0121682981752349 0.0240252790185064 0.294497667392932 0.558474943632418
0.0212069135743971 0.0274717725989437 0.414448996687732 0.0143601987201988
0.0246652213612189 -0.0081550937783368 0.0996600708239718 -0.172924665666344
0.00703486504570414 -0.0127112463620714 -0.168480564474068 -0.119610238209241
0.0231538518907774 0.00474081954061294 0.125263737878851 0.103938081958414
0.0100326702317341 0.00354078870578097 -0.118759227504591 0.101848619935469
0.00837504787512654 0.000826873700274712 -0.401029864958897 -0.162189102592569
-0.00288868810590598 -0.0229491118451844 -0.0651461014095242 -0.568857758197582
0.0158922177198889 -0.050551180576715 0.679973312223481 -0.360626814524137
0.0211733407995471 0.0170652679914354 0.699840609307001 0.524528632549509
-0.0129023994526401 0.0262744737380809 0.00372163051477853 0.631008805328588
-0.0191577066628459 0.0155759243110132 0.0885353838816868 -0.0158340113700942
0.023443729809033 0.0173415779922227 -0.0740116409006616 -0.692120597328521
0.011120784835139 -0.00340383677532498 -0.845231916203951 -0.389065855054382
-0.0155364008698102 -0.016552255131213 -0.610310791881527 0.572233966550093
-0.0149487445317847 0.0186909667867371 0.273053247516118 0.566685408025937
0.0159865894077581 0.0285327898429429 0.415386683547035 0.0282776218182204
0.0223844339349084 -0.00024957557416758 0.106017448560642 -0.164990121053939
0.00604297635157663 -0.00194299253961862 -0.168094283724291 -0.114901737388558
0.0218682585890073 0.0135443798431591 0.124726327967119 0.109947101348522
0.00544778900666147 0.00720791569156525 -0.109182848074893 0.113054065501411
0.00163409869877949 -0.000828581663955339 -0.405337218466496 -0.137224307811919
-0.00516160703040531 -0.0299170999525635 -0.10191319808951 -0.56530501229795
0.029998248244915 -0.0568654283460836 0.646969739766994 -0.40921488040137
0.0430474662807901 0.0278438707066032 0.729185985756195 0.467861721457917
-0.00969845359076009 0.0546379083529038 0.0330875890563804 0.629073918677804
-0.0289315053834814 0.0449701581190696 0.0865736854448894 -0.0012081451263305
0.0285985798580463 0.0440201207532931 -0.0430010906407823 -0.69802323550138
0.0331771628592422 0.00493803977261818 -0.824757599392937 -0.452905173401329
9.86979049139754E-05 -0.0245373264976568 -0.659342244335547 0.528864725464246
-0.0197675066598464 0.0104641861545604 0.237333559598562 0.586495865166916
0.00676725503490925 0.030046923180329 0.417285858400667 0.0548914626848905
0.0158355268799035 0.00738976715080139 0.118018196517898 -0.155301541139815
0.003113643276169 0.00884955887067048 -0.165855278384179 -0.110419397363719
0.0202970229341034 0.0221190439707448 0.126875290564531 0.114964094670675
0.00105789265239084 0.00998708256742366 -0.0944299746042993 0.124138541759586
-0.00656096292454601 -0.00121876623082112 -0.405830677855018 -0.107879755912349
-0.0110245958454799 -0.0349595518473766 -0.145468078096116 -0.549988592790526
0.0376108503808092 -0.0635533241765109 0.60072896252786 -0.466336163687217
0.0637275007160741 0.0338128687582994 0.762157990841084 0.396960759944056
-0.0033437198519685 0.0754353769826763 0.0703246072533096 0.633546353601243
-0.0367577069680855 0.0663566397157572 0.0819437717059461 0.0234553521912025
0.0279920921695307 0.0666045141971158 -0.00215874032456398 -0.690376371353686
0.0523478925465463 0.0179713350609638 -0.791092163139699 -0.526259518129511
0.0158309736377941 -0.0307394169057279 -0.710449909731133 0.471846718672724
-0.025677101254315 0.00160055241570712 0.190092570050398 0.608144098693217
-0.00551724529012125 0.0289596481095793 0.421502674872851 0.0849735091880577
0.00847777719205559 0.0133549578221099 0.133280468566812 -0.145536546628138
-0.000259527575397159 0.0184220199231762 -0.163647869541772 -0.1076773264112
0.0170857944871311 -0.0149724200031558 0.133752715426261 0.08443013058847
-0.00108477068679718 -0.0100001930288533 -0.0871949661508435 0.105282944433099
-0.00853942695809042 -0.0039884091598824 -0.388947620002872 -0.112775613717462
-0.0210636773523604 -0.0105516271993652 -0.122562078131224 -0.52603788081804
-0.0211693357129938 -0.0310099316723243 0.611339764567158 -0.40813298503449
-0.0287932752035098 -0.00285668521468982 0.76217539087562 0.451318774278446
-0.0272986810471834 -0.056500674172523 0.0580340181998791 0.685196402831544
0.00369684289158037 -0.0817014485855446 0.0628899141888686 0.0801596166458104
-0.00062870622954234 -0.0555163517348474 -0.00542519035999059 -0.620498014059146
-0.0444191774951392 -0.00707724133094484 -0.766685134218261 -0.455722326225805
-0.0427360802727878 0.00621094244163973 -0.664284678098587 0.516632846178656
-0.0361913678643737 0.0244070443254652 0.228673417111756 0.62170343872927
-0.00569472897373803 0.0257555613776124 0.429988953882555 0.0728595853080296
0.0119276146111438 -0.0115891749125046 0.138844405858295 -0.160837093671908
0.00164194334821321 -0.0259858723324288 -0.154550937363707 -0.129014550665638
0.0188412301236944 -0.0171910288455583 0.131283103631514 0.0826323963942424
0.00463026829008894 -0.00844545602711057 -0.0994148894543338 0.0975516667057729
-0.000276696615774908 -0.00137983781045867 -0.386041966839423 -0.135942955939126
-0.0157697496239893 -0.00774695750498099 -0.0859630584974144 -0.533140463205653
-0.0230372701988837 -0.0328597348898598 0.661075223499155 -0.359112961171076
-0.0322038813474914 -0.00953534035498619 0.727944270942367 0.508665489171042
-0.022391519307171 -0.0595805796841957 0.0204438871654539 0.673181242112257
0.00531950961258187 -0.079882449102975 0.0705956181160003 0.0477484426530182
-0.000834922394872518 -0.0551874535171744 -0.0408564827237092 -0.634019465089988
-0.0476694773164995 -0.00867979749804172 -0.799821992014049 -0.39247979934591
-0.046547018358923 0.0083466554305553 -0.618652342079926 0.562636973046998
-0.0273314249594053 0.0273794737683763 0.262758093282475 0.601031797274477
0.00582274918783163 0.0257908597446283 0.42460365024008 0.0447831628221435
0.0192757928423851 -0.0154880099781505 0.123374380363458 -0.169412246637993
0.00402503985501249 -0.0283239893773171 -0.15927810875703 -0.129352886772661
0.0213388308643829 -0.0153765886273039 0.1294195901649 0.0858141293711431
0.00838991130660815 -0.00633114646868315 -0.11046140232691 0.0918501051280349
0.0066698733226008 0.000827700510432825 -0.388809380409588 -0.157073502733169
-0.0121694303774924 -0.00756979059600548 -0.0561814662129579 -0.545648358642833
-0.0198051778749074 -0.0359434529554118 0.68468790055105 -0.326316083276253
-0.0288666437057252 -0.00989074187449968 0.695854572903648 0.548031031017055
-0.0186178847382571 -0.0507101484761847 -0.00468272224810303 0.657880161975673
0.00291273578134978 -0.0666604772456695 0.0769909086677461 0.0181751304464108
0.00118922907708746 -0.0465016771555182 -0.0722521610737656 -0.649894821387367
-0.0426089815447283 -0.0102468563013477 -0.825755050648102 -0.351069051043654
-0.0449251959102014 0.00638448639903002 -0.583981233790123 0.591963719055073
-0.019069910308836 0.0288270530270826 0.290041604824102 0.575388327271443
0.0147890330806103 0.0251067469164183 0.420328237125744 0.0230774682922348
0.0230253004774754 -0.0160482124424911 0.109013625869131 -0.173747694047021
0.00622424459759205 -0.0268876342359992 -0.163031203442608 -0.127072239245898
0.0234482390606131 -0.011983277573538 0.127315684666623 0.0903823002710471
0.0110750967389966 -0.00312406636192945 -0.118818623100668 0.0897138048983467
0.010539814341004 0.00173334234579785 -0.391045898659465 -0.170419853411529
-0.00713044763574655 -0.010463442128259 -0.0414628225352361 -0.556720885558337
-0.0115598396294526 -0.039188691427848 0.696635779993189 -0.313721921448684
-0.0172667469674429 -0.00469402070200568 0.680314257917893 0.563042485844153
-0.0162112755018953 -0.0310522147212565 -0.0159876775126678 0.643304416347332
-0.0022990302485539 -0.0455444638759191 0.0835765970330683 -0.00355651927304625
0.00708110035439098 -0.030463422193203 -0.089427861199118 -0.664421845060139
-0.0298751800014377 -0.010664797693301 -0.840169631894009 -0.333321797179614
-0.0386652444374544 0.000831625340961529 -0.568670143467065 0.601566603424669
-0.0136880313574535 0.0273207143419544 0.298526186176976 0.558612409460777
0.0203541645408738 0.0253337582378046 0.41439833419271 0.0119386991149457
0.0255102055436366 -0.0133002487629733 0.100484562098108 -0.174168047540859
0.00708617761156019 -0.0212790630322212 -0.166002194381716 -0.122990171542
0.023863864685702 -0.00480542297786884 0.124628722818773 0.0965487598596522
0.0115672287723419 -0.000242988775930642 -0.12203575929748 0.0936534864803306
0.0108078752420113 0.00211891045532097 -0.395780584294867 -0.171148770418734
-0.00381039943556004 -0.0161822406824999 -0.0437756486999738 -0.563352691987087
0.00138562078423659 -0.0445750498741707 0.692764852084494 -0.324337344762942
-0.000509909448793238 0.0054910332272572 0.678203271284792 0.553181878948606
-0.0149059814680546 -0.00416837220674241 -0.0143063803515289 0.631772473445429
-0.0105860188871801 -0.0153770941115538 0.0867249460194445 -0.016694771060148
0.0162125687139755 -0.00869169190711134 -0.0911072459184446 -0.676410606247636
-0.0112822312397906 -0.00868715594388605 -0.847496952998395 -0.345800906796626
-0.0281533369865928 -0.00700108927747747 -0.57696791386657 0.591882458020934
-0.0127152042636718 0.0237151550195236 0.293258137531253 0.5539783899896
0.0203717687105069 0.0273934610203804 0.412800855920732 0.0145454254943705
0.0253456944234231 -0.00852500688313998 0.0995337107331147 -0.17089282309654
0.00710501567269908 -0.0124754524795142 -0.166366850376615 -0.11815438243703
0.0228772138098404 0.00363152522422516 0.123908544945118 0.103169677124108
0.00933628994407357 0.00364666950243175 -0.118116601103837 0.099109494880169
0.00809453856680654 8.92358793928415E-06 -0.399135183613284 -0.159191918196668
-0.00289985146771705 -0.0233453519592203 -0.0637247692458961 -0.564960626618253
0.0159215508740609 -0.0493080968088701 0.675904006365392 -0.35700263810421
0.0199067929262505 0.017787791654511 0.694842239202723 0.519535479211527
-0.0130394734266699 0.026028875276014 0.00234772124336207 0.625049863895879
-0.0191940390103629 0.015672527260612 0.0883003005910839 -0.0151814068600136
0.0235231444678699 0.0163922382968488 -0.0730461539995588 -0.687601040432876
0.0111838978984093 -0.00386389986490236 -0.841414187855461 -0.38574049740038
-0.0152772804322293 -0.0162248854526556 -0.605534462319845 0.567331582013255
-0.0145634874426379 0.018348631772747 0.271968969491459 0.561386572235371
0.0160832872043927 0.028488205792827 0.411754715639185 0.0276026122017319
0.0220305653639253 -0.000990812093402328 0.105323571367883 -0.163843471713152
0.00626615450252712 -0.00181011204693731 -0.166268358177123 -0.113919795246508
0.0217677080881735 0.013039483327802 0.123795341637572 0.109804960566959
0.00586782549895753 0.00604200005294416 -0.108536212974048 0.111401343301974
0.00175046328300699 -0.00119187752577349 -0.402494537423904 -0.135974825012148
-0.00559431584070904 -0.0302122143825064 -0.0997234153845938 -0.55997291786243
0.0291208660811824 -0.0564353917373878 0.641913663253036 -0.407395691455514
0.0433505517160299 0.027501762849644 0.724416462850127 0.464407568307916
-0.00973197315103061 0.0533281344753195 0.031801079547971 0.624208583760076
-0.0288171983623537 0.0437747176125339 0.0852542661876861 -0.00126740053590572
0.027991892956408 0.0427703410931906 -0.042507873351368 -0.689335106029317
0.0340684539859344 0.00578729699372175 -0.818229292333184 -0.44937212304915
0.000765029267961872 -0.0243137378016455 -0.652307353334704 0.524495940065559
-0.0201072738177982 0.0109905644495517 0.235667779756552 0.579987168824935
0.00680853347749946 0.0296062724329581 0.414896476912665 0.0517311328117023
0.0154339307847291 0.00762469652122095 0.117061261154748 -0.154830848577581
0.00374534596785339 0.00916438159341334 -0.165055859779578 -0.109252678938886
0.0199829880673487 0.0207526087855061 0.124965925707276 0.11445885436939
0.000360310139285513 0.010105419215217 -0.0941288372143548 0.122883433968646
-0.00708663007018589 -0.00143010357078905 -0.403390885288297 -0.105399820933796
-0.0112671918358704 -0.035564259982712 -0.145078322369177 -0.545655836889852
0.0371172592659462 -0.0629339145965961 0.599041065270888 -0.462709197266103
0.0633166147058523 0.0329045803712134 0.754727446055954 0.396828091222585
-0.00400547436850443 0.0743303548276492 0.0711010296726831 0.630440940791248
-0.0369627807849593 0.0654328621596049 0.0807072216894286 0.0228729153280183
0.0272526363852943 0.0654046002247886 -0.000957336357783206 -0.684814342821071
0.052550366203042 0.01781565961252 -0.78707525942418 -0.523067092068027
0.0161826766340236 -0.0300610634475855 -0.706234034815978 0.468477989329013
-0.0261781474627306 0.00152735358171352 0.189486569008028 0.60356519705353
-0.00552721452494522 0.028489004396251 0.417756171739274 0.0838764896914089
0.00810388794842577 0.0127270240776319 0.1324237709009 -0.143150137357181
0.000644079938893201 0.0177525543127074 -0.161249826066763 -0.107254078967241
0.0169291160098293 -0.0160508750126306 0.132730111488903 0.0855281465090077
-0.00142072728395944 -0.00939833026054201 -0.086877353585892 0.102928275793445
-0.00888950107454668 -0.00468465461279956 -0.386486597847294 -0.11184718524941
-0.0211612532603493 -0.0107820165914644 -0.119957447098601 -0.521811171230105
-0.0214031248184773 -0.0312943071676556 0.608267568743273 -0.404288171016287
-0.0287886389398766 -0.00290959425120137 0.7548271697767 0.447607217118694
-0.0263788206259659 -0.0569931742964008 0.0546845838706206 0.678751703541184
0.00348974713035212 -0.0812380681530126 0.0621235863405173 0.0799164373121184
-0.000665724010804416 -0.0554773428243087 -0.00194999846619524 -0.615908633301538
-0.0432200602978701 -0.0073008112034467 -0.759491631632702 -0.453785474547043
-0.0432487594650504 0.0064282518906355 -0.661275563564511 0.513109620837251
-0.0361152797943048 0.0231036677549887 0.226890134972719 0.616995101133029
-0.00582103113545081 0.0248898747248741 0.426637264217123 0.0732284483665716
0.0122208106240376 -0.0120431718887816 0.13858653961921 -0.160357144714832
0.00206783975032477 -0.0254203543394392 -0.152653107976022 -0.128233890750224
0.0189186523567945 -0.0181280739523849 0.130717114889432 0.0826784751079698
0.00387612347736658 -0.00864647437234644 -0.0985091890141781 0.0951366463404803
-0.000286500816209369 -0.00201843862467877 -0.385200482977559 -0.134327985065937
-0.0154926106914691 -0.00903875969869309 -0.0846576511071047 -0.530678845673005
-0.0229816874271856 -0.0318098147049141 0.657977832856037 -0.355162181250225
-0.0324389521043262 -0.00920290772337421 0.722000133913649 0.506361936362861
-0.0215756649437964 -0.0594384062157228 0.019319349903674 0.667425017560034
0.00448562390483623 -0.0797297172186621 0.0700551763688827 0.0473158957200756
-0.00177572558262849 -0.0544642158117626 -0.0390476956790147 -0.631706483294715
-0.0461399136000599 -0.00928075529907639 -0.794112093821954 -0.394640031674341
-0.0461752978323079 0.00843032810307705 -0.615316292951309 0.556628221493851
-0.0272181980945339 0.0275112357575071 0.26136587288785 0.597370714179146
0.00575980994373982 0.0245346009538482 0.423906823016468 0.0447672087243664
0.0177084211118812 -0.0154480721130798 0.122788778935701 -0.167980847472638
0.00477211900079714 -0.0280895399190774 -0.157621221648004 -0.129170276634466
0.0217200924037003 -0.015434161014595 0.128256883516719 0.085072692318775
0.00788272669977176 -0.0061171165398532 -0.110821692301849 0.0900863904472204
0.00627351916355992 0.000364360472282948 -0.387014476769373 -0.156202252494292
-0.0115047365153522 -0.00819385574108058 -0.0531352220719402 -0.541352721075026
-0.0204433331885401 -0.0351170657892417 0.682162546911051 -0.322739386892707
-0.027930056009502 -0.00997023158512443 0.69078576840109 0.544949164166945
-0.0189391998576688 -0.0510480419359668 -0.00536052168420065 0.651792572197931
0.00188988485780769 -0.0664821173633684 0.0769451568262056 0.0181039369529721
0.00146009992291707 -0.0467443459348795 -0.0682275477360086 -0.647648259419989
-0.0413942062395897 -0.0100566098261472 -0.818039359138579 -0.350693297086688
-0.0444649105058896 0.00538497189924462 -0.580999613664781 0.588335642011603
-0.0193189959557497 0.0283754507618925 0.288613131901734 0.570453596655759
0.0152116176859423 0.0249676843409823 0.417232854692083 0.024216079548433
0.0236049001225477 -0.0161281309917802 0.109297941833676 -0.172535652720047
0.00631370577707688 -0.0268620752853706 -0.161661321585237 -0.126426822421795
0.0235224101379395 -0.0120996092072889 0.125989436439997 0.089960231205414
0.0110004566281827 -0.0033013576956579 -0.118249774512483 0.0885783656272642
0.0103094609739816 0.00159551898249728 -0.389340850478567 -0.168305696696491
-0.00752840784982668 -0.0116471483535735 -0.0393286155336917 -0.55323804359441
-0.0112391528314461 -0.0392398792078572 0.692096040400584 -0.309639899677964
-0.0167128366520158 -0.00502602886446814 0.673179003822937 0.55917690930174
-0.0161629607251936 -0.0318384057151496 -0.0180473920346757 0.638143884913716
-0.00282829392323208 -0.0452191147535598 0.0831498011826303 -0.00445122738254999
0.00697838047486146 -0.0311828480820886 -0.0850584733737966 -0.661841095451319
-0.0290067122131405 -0.0105440592158964 -0.832953290562518 -0.333759801367227
-0.0375189267746944 0.000447666864962792 -0.566526691081058 0.596361112232978
-0.0137882319716337 0.0270326195509557 0.296531014653745 0.55372560480309
0.019672361005685 0.0251205484219225 0.411351394390575 0.0123992536574334
0.0255764467722197 -0.0135528000774653 0.100884814794272 -0.172485386817373
0.00715786295724725 -0.021213921365109 -0.164307688083194 -0.122816624980422
0.0238650332287369 -0.00470426587776058 0.12368588031014 0.0963252562751164
0.0107618488768477 3.05779332601314E-05 -0.120824974108067 0.0909589122483496
0.0104015306752807 0.00104881919304121 -0.391028468104662 -0.169199373607443
-0.0043149577304028 -0.0166698167966268 -0.0419249699317349 -0.56085372594979
0.00178410572921451 -0.0442522317959668 0.691091767961856 -0.320396815336675
-6.64990346392266E-05 0.00570599057566381 0.671862063992216 0.550741313179913
-0.0150560824650784 -0.00506847151428616 -0.0156436763253506 0.626622146783417
-0.0101846928512652 -0.016463768407827 0.0864896269780443 -0.0162143787380777
0.0149291619352516 -0.00911079640455042 -0.0874588228828536 -0.673372100208177
-0.0109403799118998 -0.0086966729655262 -0.839090942779974 -0.344732059849418
-0.0281196008561883 -0.00715595873155769 -0.572518942759992 0.587581011487719
-0.0124677189236901 0.0236855654250215 0.291547515753063 0.550352509071517
0.0210417437281703 0.0264125954369066 0.40874612399035 0.0126268050746383
0.0247760529045054 -0.00829047306203376 0.0993524304026318 -0.169297625400851
0.0069213786862378 -0.0123007716190724 -0.165577421202645 -0.117706493657035
0.0231833752986484 0.00287517850898514 0.122645023703689 0.102955797659379
0.00862891246434859 0.00381875836027255 -0.118022827047345 0.0983803349635474
0.0078115076283923 9.50092631736544E-05 -0.397289136106854 -0.15810071050132
-0.00331140889321025 -0.024221432080849 -0.0607937441356137 -0.5616247943047
0.0158717553242285 -0.0492540486094177 0.671408278247694 -0.354700908028024
0.0203727153804608 0.0175720885412752 0.687119278860056 0.518009921000221
-0.0140056724280785 0.0253763117597817 0.000358754014678175 0.619702523888093
-0.0197419940593178 0.0145538293720461 0.0870533074546508 -0.014755074353748
0.0226537456106323 0.015919987418976 -0.070092924372068 -0.68251546066527
0.0119847887335193 -0.00334644734315001 -0.834256297006168 -0.387112037002121
-0.0151037316700741 -0.0167153449752337 -0.60378083935565 0.563273705017967
-0.0145802639990203 0.0179508295768093 0.269418611792184 0.558248903259472
0.0158850189917187 0.0286445336997453 0.409310778526705 0.0273444978771218
0.0215203972494121 -0.000878335047714849 0.10537223069288 -0.161578725731001
0.00625055008904781 -0.00158560535683503 -0.165756305351579 -0.113818937201346
0.0220129641397018 0.0121893482879784 0.1231016487688 0.109276053802991
0.0053106155702203 0.00708636077354328 -0.108271711532018 0.10934050979835
0.00102571882759444 -0.00123366403926777 -0.400118652191272 -0.134181893794361
-0.00543745061383809 -0.030701531784072 -0.098198379266724 -0.556124427564053
0.0291215302776286 -0.0561342974943003 0.638006253497263 -0.403270460079488
0.0434543199233833 0.027535870854163 0.716914084911661 0.461950205748717
-0.00981283930526746 0.0523478015946692 0.0306531992979668 0.619769644978839
-0.0290792618187763 0.0435482477682356 0.0845868415784114 -9.96633783098888E-05
0.0279355561734562 0.0427325171728963 -0.0397024057295426 -0.686562129816287
0.0346769572458554 0.00514361959388709 -0.813073125328238 -0.447010539119142
0.000400439813117933 -0.0241900069439188 -0.648496495176833 0.520800416287925
-0.0202662584699594 0.0105930527433951 0.234250595133072 0.575283469659054
0.00724222708300786 0.0292479645170736 0.411950276233157 0.0534942875876526
0.0158093457822006 0.00704048996038798 0.116479569011826 -0.152356288219883
0.00321578683445281 0.00924307100092124 -0.163376774704982 -0.10924381631439
0.0205389541138933 0.0209779383750977 0.124085914034165 0.11357437630232
-0.000646990283130072 0.010126398825834 -0.0937416183515574 0.120502859007024
-0.00753544926440129 -0.0018084661241569 -0.400618756913533 -0.10602436607272
-0.0105653162598362 -0.0358019035078082 -0.142709722907893 -0.543434420649898
0.0372176518801921 -0.0623853989803532 0.594056630679774 -0.458714969970086
0.062848259057924 0.0327512627635055 0.74787989469612 0.395828964337256
-0.00445253988664299 0.0731382598170609 0.0684456486106296 0.624196387780923
-0.0370334120134746 0.0646821082136898 0.0791757013785725 0.023994616161968
0.0266951386827659 0.0647982610035157 0.00162358735591673 -0.679408321354926
0.0518275462127904 0.0178436173400516 -0.7799827196844 -0.519865523180004
0.0163990630768832 -0.0299744528392172 -0.701449376468346 0.464925306539288
-0.0259581849394155 0.00169033834193653 0.189071400656945 0.600312499058118
-0.00410338396701851 0.0284185803326719 0.41477979219622 0.0846482726134095
0.0081183351051488 0.0125568010907475 0.131234838342622 -0.14186222300214
-0.000160317569300794 0.0182481067480144 -0.160448406468133 -0.106446114448594
0.0171036702504647 -0.0162861739737371 0.131724682687262 0.0854254003396407
-0.00174595991976872 -0.00921660538172189 -0.0868721461169882 0.101698330763898
-0.00821481545191659 -0.00499697811224911 -0.385463537993453 -0.112897553812766
-0.0205100362917213 -0.0116285174052214 -0.118715050092813 -0.519618081073197
-0.0210528374702738 -0.0303484948557072 0.607774233620383 -0.398580603576794
-0.0286191324525276 -0.00357954519839711 0.749940306752118 0.449741710309979
-0.0266396235576035 -0.0568370166683953 0.0520921857050966 0.676368319020266
0.00451850284026922 -0.0814776254997841 0.0614118860709556 0.0793515264162233
-0.000661579206498158 -0.0564096597319393 -0.000105089373717739 -0.613202975627772
-0.0419773495961131 -0.00730634476441322 -0.756653687133014 -0.456047058233189
-0.0436928108341926 0.00707987598966673 -0.658178541008448 0.509849048708696
-0.0358957113355211 0.0229986462214587 0.223725959062419 0.614448874109446
-0.00487362493246561 0.0248159909234004 0.425818090507857 0.0741565977519444
0.012251511132833 -0.0119794997641597 0.138006474438115 -0.158320292029043
0.00169173118807538 -0.025715068174629 -0.152111097400251 -0.128577781764204
0.0194940633119342 -0.0175741799952485 0.129801617295779 0.0824611543128207
0.00366087798896263 -0.00915824787222482 -0.0985622852724377 0.0933923580587622
-0.000383295668319255 -0.00219175434110134 -0.382363199665317 -0.135705372511975
-0.015698900884357 -0.00931594917546226 -0.0819933647663572 -0.527771824623444
-0.0234331080276986 -0.0322802731713116 0.656057679917507 -0.350579389968651
-0.0317923657066834 -0.00906537348992556 0.716168774698012 0.504860818096057
-0.0223252897905684 -0.0600220052146821 0.0166256034894325 0.665677597935792
0.00510930638331569 -0.0794821550625041 0.0691438631300949 0.047244438268192
-0.00105758942534822 -0.0549146243441054 -0.0370063495163212 -0.627686105409169
-0.0458332520530636 -0.00918046351553283 -0.789121393241607 -0.394144291414961
-0.0459345560222163 0.0074722849240381 -0.614440395008073 0.554478169666119
-0.0275967484974611 0.0271560825301129 0.260017924382649 0.595397355223188
0.00574003017388603 0.0248344630768925 0.421427679050856 0.0468178236358589
0.0191159862339135 -0.0157759382321754 0.123256260269143 -0.166998324132788
0.00452273944346556 -0.0281819788962057 -0.157150200368018 -0.128626550904462
0.0215286139229891 -0.0166728261575291 0.126962599017435 0.0846468231448911
0.00752339297928616 -0.00638900582389798 -0.110903373454872 0.0881304746304194
0.00608756426799439 -0.00048768593988386 -0.385460650115206 -0.156594943136562
-0.0114481055030454 -0.00950056642662828 -0.0530346688230931 -0.539517577882409
-0.0204489410786356 -0.0349828666834656 0.679557942733993 -0.319154662026534
-0.0280318412737496 -0.0101836770376665 0.684550318829806 0.544661929173181
-0.0179421192740567 -0.0513022132096734 -0.00858171392237169 0.648329595862847
0.00301591557123655 -0.067125773671362 0.076358781513955 0.018354986425032
0.000776478126524115 -0.0474221135630077 -0.0663218135195133 -0.643989531629776
-0.0411917343952899 -0.0101225778356012 -0.812396127083471 -0.349779055205542
-0.0436491688127524 0.005785009239111 -0.579869734771965 0.581246934312025
-0.0199341877162265 0.0285261596458029 0.285346259648204 0.568859318420346
0.0148203284645237 0.0243957570680519 0.414659535524485 0.0260834873107706
0.0232728311688403 -0.0157802190468212 0.10933384022475 -0.170923741127368
0.00661912834905786 -0.0265258303005384 -0.160068197861417 -0.126646298549947
0.0235545801606378 -0.0122559008804205 0.124956655971295 0.08971304996093
0.00983592734364562 -0.00277226562672472 -0.118172645161099 0.0865940418740548
0.00930711303728999 0.00124450552239122 -0.388754833936962 -0.168256739967316
-0.00780039535131263 -0.0116361682475207 -0.0368556263836343 -0.550586874863121
-0.011712363807719 -0.0389724607962796 0.690058167076676 -0.306996817647861
-0.0172616662145605 -0.00469831891990534 0.668389493850308 0.559698517326399
-0.0165141092787919 -0.031236248506167 -0.0207086061807995 0.634618021444047
-0.00260466753916114 -0.0449539766602606 0.082114033148539 -0.00477939022859866
0.00692142600946226 -0.0313792821569299 -0.0821336025351391 -0.658424070224806
-0.0284285147444815 -0.0104319139947551 -0.827894004824075 -0.3359922361343
-0.0374179203377633 0.000411180432468263 -0.5646274246149 0.591812108400382
-0.0137164035248182 0.0267557067220014 0.294720636037028 0.551940290167483
0.0197631395271307 0.0251921385091336 0.408965387918922 0.0126839935696984
0.0257874488584194 -0.0133341412364806 0.100310590063738 -0.170942688930724
0.00744777206827179 -0.0203230938516594 -0.162804923753536 -0.122618448956786
0.0231591492248525 -0.00582980928978927 0.122394342318721 0.0961819465547262
0.0102660528622769 0.000572625606016224 -0.121178298436379 0.0900558393053738
0.0105004037984468 0.000749025783602197 -0.390353109899341 -0.169985281122575
-0.00456459168401836 -0.0175329595060095 -0.0401376292089386 -0.557907139842752
0.00129036848011469 -0.043321390139139 0.68858702526825 -0.316942037117526
-0.000476716941899822 0.00540970382333208 0.667656336369082 0.550685128456626
-0.0153762490120129 -0.00495836523177641 -0.0181744627506972 0.62288060408556
-0.0104186793218347 -0.0165363781701894 0.0862278639780372 -0.0156650141810956
0.0148791259163859 -0.00985488580413704 -0.0834212154235599 -0.669926509957648
-0.0103850826168899 -0.00869159977522463 -0.834924884097022 -0.346432761657952
-0.0277935885089725 -0.00779235318750781 -0.570533903053436 0.58317533833327
-0.0131195644227472 0.0234621279794356 0.288842678094974 0.548508007148954
0.0204960256953666 0.0265623617891313 0.407645854837263 0.0155182993548745
0.0249545853650484 -0.00825368644512324 0.0993793541155356 -0.167156406799394
0.0068588755779513 -0.0126600611080918 -0.164145078346586 -0.117566651597138
0.0230255492696868 0.00261389042184352 0.122192671125858 0.103091269505981
0.00810887126090596 0.00313610722001588 -0.117952024851273 0.0969415096057753
0.00681960716280423 -0.000631842588553899 -0.39611200880816 -0.158195271832453
-0.00290647769637418 -0.0244670024888251 -0.0612208979045715 -0.557277719263085
0.0164425609518035 -0.0486924190341682 0.669974968597175 -0.351119372992409
0.0207049083609464 0.0172933712587967 0.68125509213969 0.515952583789602
-0.0138179880608586 0.0236432631100569 -0.000774821378473584 0.61659407107768
-0.019844203246461 0.0143100452703502 0.0861511041397746 -0.0139646844294893
0.0224157760421043 0.0155742807463031 -0.0673392154822239 -0.680389694987641
0.0129556076570542 -0.00338676265273756 -0.827849070805904 -0.388274861646597
-0.0143247086613861 -0.0160435802820704 -0.600877117425525 0.558592185752778
-0.014978085958159 0.0174859002577648 0.268994296666284 0.555989363160703
0.0150617424858541 0.0291007030771915 0.40760036158154 0.0295409067739331
0.0211646209699802 -0.00123969633971069 0.104949675586554 -0.160723612810198
0.00563538127519459 -0.00134714619383634 -0.163735973184004 -0.112661774645033
0.0213761249761873 0.0114417490603843 0.122432857962828 0.109018379165468
0.00441595740734873 0.00732698408949341 -0.108792721121897 0.107877156348754
0.000583912464851757 -0.00153558971612195 -0.399552203080036 -0.135549470548613
-0.00570702919982558 -0.0307693379238036 -0.0964686670443747 -0.553028359227165
0.028564227334416 -0.0555461319487988 0.637455551543149 -0.400252835294542
0.0427935635476043 0.0276609591131731 0.71068235054383 0.461977180125166
-0.0101919141500852 0.0521445953293557 0.0282021933637976 0.615990589905525
-0.0291833846844656 0.0432799217265318 0.0850913140788534 -0.000502519274475
0.02664464117409 0.0416731731171735 -0.036640801239513 -0.682791446495893
0.0348478872910611 0.00492869596249766 -0.807977577590067 -0.449264021769089
0.000449411570663014 -0.0240112003206081 -0.646781566840669 0.51550740938835
-0.0207199135921338 0.0105658862600246 0.232556623465509 0.572635742793755
0.0068072669040985 0.0294149304514256 0.410815218779423 0.0525664809469036
0.0155758188816245 0.00649597869595547 0.11653933781406 -0.151229808730726
0.00317789533307508 0.00945547381146406 -0.162401038219216 -0.108362047166732
0.0198399893267275 0.0200199753427885 0.12399857683865 0.113607371321081
-0.000568650911906226 0.00964545550080718 -0.0940605760212797 0.118292774111066
-0.0078633311663913 -0.00238170326472653 -0.400379218589918 -0.107205645197143
-0.0113466598049185 -0.0366086705651135 -0.140670245240446 -0.541555993187961
0.0376277749143863 -0.0613117264077395 0.592385629012508 -0.453156088820818
0.062139979675523 0.03328305176679 0.742728850989821 0.395620715466377
-0.00514599006397248 0.0722689928236816 0.0660193230494315 0.618992370807274
-0.0379360022621443 0.0640752646187233 0.0793233308478979 0.0242901128097684
0.025521726580336 0.0638826850952988 0.00511640174245516 -0.675492077969171
0.0523323221033628 0.0181301087476436 -0.77471632238857 -0.522150483592068
0.0164127932665933 -0.0301092530829685 -0.699043902874344 0.461517754128714
-0.0258103497444104 0.00125058843349725 0.186563216662158 0.596827179464303
-0.00485632108589987 0.0284208045922214 0.412442044842504 0.0842560880220889
0.00793599193844964 0.0129093961793419 0.132071456847728 -0.140786864034921
-0.000401912569711256 0.0185539556289397 -0.159120774316106 -0.106678297048563
0.017338814024121 -0.0165777423730778 0.131343381011336 0.0851426090427848
-0.00252344404266494 -0.00973497596539936 -0.0876586119547107 0.100090144996883
-0.00903033482484421 -0.00546247129328751 -0.385500328212788 -0.113355192945608
-0.0204169530190307 -0.0124996366807522 -0.116548912059994 -0.518202652853305
-0.021445537177999 -0.0301801583262355 0.607608804201336 -0.396891392330083
-0.0276874872359507 -0.00227170120821201 0.74434253223018 0.449083796781608
-0.026911223295761 -0.0567241331299624 0.0511012664187149 0.67365657794968
0.00447824511580142 -0.0819244609420574 0.0606028423753758 0.0792555897377155
0.000103592460767864 -0.0558808404187235 0.00360919153156776 -0.612051132906582
-0.0418132633023084 -0.00707097285615366 -0.752933336441602 -0.456422858287593
-0.0426504225954375 0.00587560476424389 -0.65967452077149 0.50404444351577
-0.0360777234488827 0.0238917436734285 0.222070027652056 0.612328088550598
-0.00579978592922557 0.0248460544658459 0.423342496000693 0.0743412184683362
0.0122194980158193 -0.0123230778719617 0.138279078168038 -0.157285444947864
0.00126541790448389 -0.0256321716451082 -0.150779926638498 -0.127964158396099
0.019388023940912 -0.0183058764483392 0.129573425070695 0.0825719713216255
0.00284792914324196 -0.00811247341150704 -0.099441171453032 0.0922335958110547
-0.000422839235308937 -0.00218182175312148 -0.382298205988186 -0.134949330805071
-0.015791875978214 -0.00980043170473975 -0.07979609527591 -0.527035040137846
-0.0235868122560142 -0.0322887753634492 0.653279839842872 -0.349142282415531
-0.0317261968016045 -0.00937413038581259 0.711055535355225 0.508668684304975
-0.0219663010809992 -0.0600867410141251 0.0139784648550412 0.661387124518481
0.00447865442751572 -0.0792026686416791 0.0684275192569109 0.048065508009448
-0.000962015456613386 -0.0554781350816607 -0.03449643894533 -0.626745810515181
-0.0451809595237449 -0.00963712023570578 -0.783510277955807 -0.397841168176485
-0.045879980952962 0.00768577798391861 -0.614208251383902 0.55144717527589
-0.0274901976372237 0.0272548543739353 0.258284343885082 0.591978726582613
0.00612232454916332 0.0245628506891786 0.420276340688308 0.0466603074047452
0.019044549139537 -0.0152721994742426 0.123145709490716 -0.165591619377721
0.00416618335195637 -0.0280973341509434 -0.155829596935616 -0.129205062534454
0.0221888327890924 -0.016574024848027 0.126785203866303 0.0852769983759562
0.0071401555958578 -0.00601009225001027 -0.110129977743461 0.0867473664130784
0.00560244658325518 -0.000871347706195598 -0.384490662223862 -0.156835995580202
-0.0116483042039708 -0.00977106298133101 -0.0502617097111073 -0.537599068894451
-0.0199704689700693 -0.0344864461317291 0.679827871978015 -0.316240138362855
-0.0276143687119502 -0.0100584682814304 0.680599916854113 0.54531789952407
-0.0180034095931661 -0.0510565495662237 -0.0122685705528008 0.646551050080252
0.00256764441136705 -0.0669269985683891 0.0761809876861778 0.0190661176434766
0.00108257047405744 -0.047655595882732 -0.0639314652932241 -0.641638970159674
-0.0410912453481656 -0.0104689785798883 -0.809567723175024 -0.353642302078545
-0.0437649073039629 0.00623539392101529 -0.580004369774854 0.578600502291722
-0.0194052502057329 0.0282890633251123 0.283636168678537 0.567468519478485
0.0147654037953845 0.0240428598150738 0.414551426426975 0.0259637046025409
0.0235871789695127 -0.0167064208135933 0.109505265730158 -0.169920627054038
0.00576602591532154 -0.0264626294686977 -0.159612296325478 -0.126301649319214
0.0227696092037267 -0.0129559080772891 0.12469844029384 0.0899656576511663
0.00966996341889078 -0.00231419092952396 -0.118777678143246 0.0851867471300945
0.00929590169173506 0.000632252110034484 -0.386986527378914 -0.169767528821499
-0.00760859868817822 -0.0130516025347252 -0.0347421689660492 -0.549013705711005
-0.0118732596212285 -0.0381633544101662 0.687837783936857 -0.302599342204406
-0.0165662406885084 -0.00512686527549811 0.663797390426906 0.560174096342082
-0.0162185694482959 -0.0317584094204028 -0.0214403974761483 0.631668645719392
-0.00288591197746117 -0.0449759944565869 0.0814005189262542 -0.00366827005797361
0.00727776771114182 -0.0323691353552249 -0.0794184924469636 -0.656470616897207
-0.0282145557405342 -0.0106082399011813 -0.825760273377479 -0.336468636081216
-0.0369080957877123 0.000748169052265588 -0.566060364565397 0.58806441139922
-0.0147121083651136 0.0263466546052601 0.292422566450011 0.552379993298492
0.0191080463637434 0.0246801802248133 0.407655225486299 0.0136557636288489
0.0248259025433777 -0.0140753062165104 0.101123072179936 -0.170182960888555
0.00725534205895021 -0.0209318364562219 -0.161855101525494 -0.122546673599103
0.0233861924551281 -0.00580329098741549 0.122324921843281 0.096504969012165
0.0097570265090084 0.000718860697419446 -0.121887340221473 0.0885555351827298
0.00952559694763118 0.000506110023774922 -0.39155399050602 -0.169652346021316
-0.00451988070625255 -0.0177702763113737 -0.0380600974161289 -0.55725281567264
0.00167060915877049 -0.0425790075676058 0.686869521411233 -0.314165140426044
-0.000147925069952136 0.00507066847174559 0.664046748308957 0.551456907285943
-0.0157240200708244 -0.0056493684093737 -0.0202871598237565 0.619993628094578
-0.0106544110017518 -0.0167847251154064 0.0861573640827874 -0.0142104067116113
0.0151137848025513 -0.00999588365392351 -0.0802327259729606 -0.667806591166552
-0.00917157676162213 -0.00927734971395809 -0.831793257282027 -0.349553779141015
-0.0279977965535473 -0.00687765708858765 -0.572066594614344 0.580211307466039
-0.01288555428233 0.023519069572676 0.287053790099662 0.546421400778127
0.0200276703478101 0.0270420176299388 0.406117417343092 0.0165461424636545
0.0249472876916388 -0.00856764343263784 0.0992500362658977 -0.166410562717964
0.00765855386110125 -0.0115570032670978 -0.163066052169762 -0.117380681103514
0.0232501929962521 0.00227766571690879 0.121318307991255 0.10238869522309
0.008110249642386 0.0035598825507616 -0.118444689354671 0.0958771121540554
0.00678849273645217 -0.000605456787739928 -0.395473865957424 -0.158598672928427
-0.00317551571701664 -0.0250994895709593 -0.0584597131717364 -0.556395768989635
0.0164199922319027 -0.0489131976290467 0.669015258456487 -0.347367017014777
0.0201590177373935 0.0170376828825063 0.67684088156279 0.517447762320619
-0.0146099109926164 0.0239784845603338 -0.00338346939816831 0.614984960743135
-0.0203030126925043 0.013886717275115 0.0865051026425167 -0.0136637058764349
0.0216429720538182 0.0146290798666517 -0.0629716571936196 -0.679373297833201
0.0123856520148399 -0.00412656758826169 -0.82492365038555 -0.388964752645469
-0.0145768873416879 -0.0166810566672568 -0.602413664595464 0.556127398600808
-0.0152826810911613 0.018066416258566 0.265980363488956 0.554161039358749
0.015381911662457 0.0282172454755949 0.407194122516701 0.030089681799112
0.0212328984320946 -0.000806470282898458 0.105774592542989 -0.159297388875425
0.00575377413295877 -0.0018389941833036 -0.163080708167083 -0.112781490508046
0.0208811516379332 0.0108085962546743 0.121174656616921 0.108893033968877
0.00395050022876584 0.00694696170741533 -0.109154140056468 0.105969824234192
-0.000107543568694702 -0.00191796144888685 -0.400366336717604 -0.135269718496587
-0.00518140452452542 -0.0321654234869117 -0.0950964899937636 -0.553308382735222
0.0287554213794761 -0.0548291372441982 0.635505863427278 -0.396403178324496
0.0427181326062851 0.0279649771277612 0.70628106273407 0.464513196778574
-0.0117083122962826 0.0513889295124692 0.0250905547495274 0.61392434528768
-0.0293528792794987 0.0421442584161102 0.0845355611045676 -5.01409914724837E-05
0.0262489194929612 0.0413044264328607 -0.0344150644916277 -0.680038109208322
0.0352535736172049 0.00438168049257359 -0.805116410155035 -0.451647909016566
0.000494217220233309 -0.0245489421519968 -0.646960115534015 0.513259482656862
-0.0197675811252264 0.0101408336433748 0.228398017341615 0.572175682502498
0.00685137034199714 0.0294197790905983 0.409294569115684 0.0535307239857191
0.0159291181642881 0.00637873432908032 0.116433834407316 -0.149820759539151
0.00366547409692752 0.00926531693275243 -0.161656960044466 -0.109001722338148
0.0203788256826298 0.0193353625921421 0.123016599516221 0.114497464965245
-0.00160815299141789 0.0100199711507869 -0.0945035690883043 0.116998394582949
-0.00811781710328057 -0.00202660105857977 -0.399676178503599 -0.105003219495183
-0.0114990474935868 -0.0368327360314012 -0.139199235859606 -0.540956932837675
0.0378154059466712 -0.0613562045702176 0.594202050394797 -0.449932157211705
0.0626881401360861 0.0335969611918732 0.739048912016316 0.396141339926553
-0.0056362976819103 0.071634536587604 0.0629618221694742 0.618618465935231
-0.0382757984899632 0.063102655025414 0.0789654254922003 0.0247447273398145
0.0255518843097982 0.0634272043744087 0.00656581532149748 -0.674258714490184
0.0526406168477961 0.0177433388904185 -0.771448177236705 -0.522654014438376
0.0169750542106818 -0.0299117711422539 -0.699254700447405 0.45842368860824
-0.0268319630935429 0.00131528739182474 0.184149778040509 0.595617271208154
-0.00454486096788141 0.0282824026938897 0.411423866194597 0.085641297275244
0.00743845702370591 0.0119033497566085 0.131713482560252 -0.139600221465631
-0.000245613708354991 0.018090251064532 -0.158536069585775 -0.105923686315008
0.0172392047259374 -0.0176045384961291 0.130352692464999 0.0854953729817115
-0.00261772058993715 -0.0102288230874839 -0.0876336703385025 0.0980569470973367
-0.00926180040484757 -0.00535905102918085 -0.384360029539887 -0.114078036417141
-0.0200790759792077 -0.0126247164419725 -0.113444267882795 -0.517724677343813
-0.0215293512427139 -0.0303252785347347 0.608462434127358 -0.393918577091833
-0.0277305164285782 -0.00324531647506683 0.740073984335306 0.451140958663609
-0.02612779049224 -0.0570498666072487 0.047287296288602 0.67159666559101
0.00339681601100376 -0.0809176682247334 0.0597402106730302 0.080135928729629
-0.000334489372022542 -0.05683096886361 0.0060910720696579 -0.610526876431382
-0.0413748921981323 -0.00829653625444911 -0.748637954484698 -0.459702706345146
-0.0432629950751922 0.00612509100333868 -0.658613453715974 0.502650706294112
-0.0364853356205867 0.0230144421045303 0.21900907554827 0.611480102719987
-0.00537794775347829 0.0240489462643898 0.423493766913052 0.074168885386368
0.0116963584564094 -0.0127702355892088 0.139034917390741 -0.155800337382169
0.00220418993554941 -0.0256863866286606 -0.15018251979495 -0.128421960915933
0.019054194857761 -0.0184434002194142 0.127827997604876 0.0829484195639863
0.00267992612670931 -0.00901684728726779 -0.10039317551965 0.0905442409725826
-0.0010448314827909 -0.00314406026580932 -0.38229055385648 -0.136144317481231
-0.0154638112657909 -0.0110759945369198 -0.0785002357089887 -0.525870126918763
-0.0232918849540504 -0.0320971782952987 0.65507867098675 -0.345601973335006
-0.0314479500372256 -0.00955476295894797 0.707100356620442 0.511090580709757
-0.0221288967589503 -0.0604449289771339 0.0117579214621805 0.660692763042414
0.00502623737210805 -0.0793888426228641 0.0677215483210462 0.047483139180012
-0.00113272333309353 -0.0562761648637682 -0.0306936733684962 -0.625822646392166
-0.0444466011422623 -0.0102844147232334 -0.783533244123876 -0.400779698953718
-0.0459410238651993 0.00732592796210014 -0.615011012317271 0.549255583891353
-0.0279344516489435 0.0270683727218221 0.255727576274186 0.591928056262482
0.00591528750834726 0.0250273693817311 0.420221509489463 0.0495164806914455
0.0185371954832691 -0.0156584203248368 0.123727015284884 -0.16389079143384
0.00435951984301955 -0.0278349918923333 -0.154179965202843 -0.129443775409061
0.0216165809283142 -0.0172707952514525 0.126203619497958 0.0861487007456768
0.00643178756042097 -0.00611367533571687 -0.111357867252575 0.0852840671023381
0.00496505809507008 -0.000538141667669407 -0.383842111917576 -0.15790674211178
-0.0114136918985492 -0.0114462849665968 -0.0479434688978272 -0.537225836956632
-0.0199129258180863 -0.0349653959190947 0.678740410941255 -0.312451748424888
-0.0279288695735774 -0.0101905991212282 0.675768006819434 0.54783790758301
-0.0185259098607155 -0.0521441381504683 -0.0132083409283077 0.644856722623191
0.00227954256071361 -0.066902785146544 0.0758101928711524 0.0193880426504365
0.00116092978838613 -0.0482434888844934 -0.0590871612999692 -0.641852647771264
-0.0397296781989042 -0.0113356544821275 -0.806335132103431 -0.358695151128631
-0.0440436030935197 0.00583768328184704 -0.580915042364245 0.577323511922427
-0.0201524265525266 0.0279316622396288 0.281413886416293 0.566924290238741
0.0146378658562238 0.0246164011746525 0.41240910736222 0.0277527565170876
0.0231965647293475 -0.0161791271973366 0.110249197747512 -0.16867135202151
0.0062100854607334 -0.0264269389627443 -0.158719988966651 -0.127130783430539
0.0228026139699464 -0.0131485578296658 0.124156943101898 0.0908140324534743
0.00917269817376204 -0.00300287222420631 -0.119027911191308 0.0842215190980908
0.00889110361262594 0.00139668745420419 -0.386777743952681 -0.169385280402027
-0.00786698571464797 -0.0127173146187145 -0.0333906530449408 -0.546912909256435
-0.0116279101287504 -0.0385707248144522 0.6899411139846 -0.300409201565936
-0.0162776664799141 -0.00514925783740752 0.661959333829031 0.562353940789934
-0.0164681562293497 -0.0322386223561348 -0.0245591481020863 0.630915928187463
-0.0025689263907045 -0.0449700918308702 0.0810882136966254 -0.0022181146744579
0.00625492844520098 -0.0324821472600558 -0.076548017390493 -0.6557193457705
-0.027414349618942 -0.0109280576285611 -0.82246606723092 -0.342509525148042
-0.0371699435827415 -0.000184625772550052 -0.567731910796031 0.587000693236097
-0.014310117079467 0.0270225707953967 0.290808497613739 0.550748115486493
0.0197634249963333 0.0250846614998598 0.408408678347636 0.0163245657002572
0.0248505387128617 -0.0140656180013987 0.10181765192109 -0.168212317163757
0.00731094226522044 -0.0205012194966075 -0.161951407011886 -0.122917994227435
0.0229599733025939 -0.00614852377299568 0.122162043858479 0.0961812891341771
0.00957513340720536 0.000840950606421583 -0.122595946098789 0.0871344630548568
0.00889150603303128 0.000677381779466892 -0.389740722802168 -0.169984348003508
-0.00436395945592541 -0.0188010528293848 -0.0353812458541798 -0.555568717228352
0.00138999404502141 -0.0429752816582203 0.686484318547184 -0.31290243968831
-0.00027159582105587 0.00539530273681791 0.6575768630317 0.552903795591461
-0.0157871654717928 -0.00562346509959327 -0.0217574044801554 0.620097073375439
-0.0107437601929204 -0.0172781383286509 0.0854422796740527 -0.0144954559543369
0.0145258371610239 -0.0111618578260875 -0.0763740784053679 -0.66762691330682
-0.00873831717684797 -0.00931027133450686 -0.829380344323341 -0.352362047463795
-0.027822148276362 -0.0074314396361032 -0.572979138598426 0.575842957399677
-0.0132930327608686 0.0235701443253806 0.284722107669453 0.546714056075136
0.0196959394207963 0.0276929051978861 0.406404075822036 0.0175381071320567
0.0241695589162973 -0.00824950605783626 0.100931448227051 -0.164519255038653
0.00755982045963236 -0.0121797056841058 -0.162069481095778 -0.117857212803734
0.0231780865150437 0.0018070261550793 0.120455554362008 0.103141048597869
0.00712839286163905 0.00411876495984142 -0.119445810407283 0.0939130266898198
0.00671286095159392 -0.000468593768692725 -0.394596857093919 -0.158809420785421
-0.00403805509772846 -0.0251596802220413 -0.0558563239990096 -0.556902593956408
0.0157155090047806 -0.0482729813923127 0.668394253274397 -0.344450990940902
0.0198585944673536 0.0176125708667896 0.674785844924325 0.519113764373837
-0.014428013352595 0.0230389919902394 -0.00642280299333502 0.613480319468923
-0.0203181432255757 0.0133194308825702 0.0860631664916228 -0.012539316562418
0.0213150753996457 0.0140963887813633 -0.0604337377090967 -0.678079438827388
0.0129072925526574 -0.00391416727840638 -0.821916204455333 -0.392484203508552
-0.0143801853775937 -0.0160310051765899 -0.602207204972643 0.552714282106351
-0.0155029258240556 0.0182699914597111 0.262736269032448 0.554175738983175
0.0155284472204283 0.028243054514516 0.406338000201672 0.0306261913223857
0.021238966460842 -0.00172402230247515 0.106061139525776 -0.157770480105689
0.0055682349829387 -0.00118461394767789 -0.162618023920814 -0.113325586117399
0.0219258506825082 0.0108701472894666 0.120657704003903 0.108903973899595
0.00304719279930043 0.00667230472161422 -0.110154928459078 0.104260665098707
3.14052445845817E-05 -0.00224809725382178 -0.399537622866139 -0.137496985015971
-0.00586062678341785 -0.0323997859361944 -0.0920081524442845 -0.55267534819516
0.0287546672355489 -0.0546830397088345 0.636291661957307 -0.39334574409241
0.0419811145578831 0.0281311284968345 0.702662349023654 0.465298316890169
-0.0111837911879656 0.0509971499607447 0.02228581612564 0.612938132730335
-0.0300687359442319 0.0416073625968119 0.0838583929509914 0.000810175307673544
0.0256913576193425 0.0407500331196468 -0.0302423181162149 -0.678169942445492
0.0358712715547735 0.00464121032836019 -0.802426409636773 -0.453244815742301
0.00119403962333504 -0.0243816673883549 -0.646954737764124 0.510166447410369
-0.0198380474662563 0.011272441095552 0.22752240228722 0.571699443250988
0.00662573761079551 0.029379509686185 0.407938344761626 0.0554080255575553
0.0157136908815941 0.00590880465266448 0.117620828483036 -0.148916585584404
0.00347208300234605 0.00974707021982811 -0.160726017836921 -0.109069111677416
0.019122822445182 0.0187395342765544 0.121798509556047 0.114491588343758
-0.00152892335352519 0.0108558327561952 -0.0954357159618439 0.115961522328015
-0.00909460320617611 -0.00292058949802475 -0.401394542108288 -0.1068350365157
-0.0114271459105594 -0.0376706776845012 -0.136611521420427 -0.540679946439471
0.03731653691241 -0.060756531542654 0.593119096545032 -0.447253678150241
0.0622262561527599 0.0334022672567372 0.735209054957346 0.399260574888136
-0.00661513114885101 0.0710437455281414 0.0606578910970657 0.618848275624686
-0.0388323351753327 0.0629543339705672 0.0792975822406051 0.0252718285435816
0.0248770656436121 0.0629266339942249 0.00906184746593104 -0.673232771098383
0.0526535500265 0.0174921994868228 -0.768041271679608 -0.525498246062161
0.0163698741145329 -0.0292834853158203 -0.700702694163481 0.454710622271819
-0.0260422512090621 0.00174621734324866 0.181358331246335 0.594551726504304
-0.00457378693524088 0.0282588855482191 0.411495906897007 0.0865789003822415
0.00706680262867771 0.0120031260151767 0.132941857659412 -0.138380894147258
-3.85425053047908E-05 0.0184665687857269 -0.157712080108054 -0.106537717502649
0.0174473137591688 -0.0175130700149846 0.129857923156913 0.0861402710972602
-0.00318922966022355 -0.0101526985029154 -0.0882716215200967 0.0977463434458136
-0.0093254556570876 -0.00660816380183786 -0.385609354038494 -0.115740507128951
-0.0207112701053862 -0.0139343988285527 -0.112895522176395 -0.517869432534896
-0.0214444043065301 -0.0301648584523094 0.609895609381323 -0.390576430003253
-0.0274810948015212 -0.00369192515904585 0.740180012243554 0.45475082822903
-0.0261172339969812 -0.0582539827695995 0.0436462488397461 0.671758500646311
0.00424716883750363 -0.0808864064908562 0.0605560163321672 0.0798660541172866
-0.000190171900824578 -0.0571268106794053 0.0104348562142895 -0.610277471004203
-0.0411997263376029 -0.00791750074691247 -0.747007591430697 -0.463598863473305
-0.0427530327969205 0.00580058809757357 -0.662751425372933 0.499544603962292
-0.0369550420085483 0.0234511685039998 0.219964785533507 0.612910559230356
-0.00502402932922146 0.0249598723372315 0.423079321068791 0.0772023133742322
0.0114887265758206 -0.013330361481945 0.139972475503227 -0.154650202180859
0.00204946506945134 -0.0244809539044464 -0.149432758664724 -0.129205962586119
0.0195052537186108 -0.0192131731267674 0.127888053036614 0.0834662144312079
0.00178983497222167 -0.00842756908572101 -0.100547730275766 0.0886189827762615
-0.00143991666033452 -0.00360142638990131 -0.383786940390544 -0.138914814143777
-0.0160881679943455 -0.0116784985594054 -0.0757326887418507 -0.526155174359034
-0.0234387051537543 -0.0316689215615899 0.65711376581767 -0.344678652460689
-0.0316502355900388 -0.00903041494127006 0.707421659177559 0.51206843495644
-0.0232650458002091 -0.0610702159766948 0.0083273534804589 0.659715604842878
0.0055962464596323 -0.0795545190883499 0.0681058362249693 0.0480256078531787
-0.0012058990729488 -0.0558684996085616 -0.0251530651718156 -0.626837778830258
-0.0433149562498553 -0.0101830956837992 -0.7798189882916 -0.404335228358817
-0.0450432739576421 0.00764977060030894 -0.618846429075372 0.54674953067663
-0.0286188365753125 0.0272988022347838 0.254246832800589 0.592473957686481
0.00568095117103099 0.0247348709435724 0.419979978548615 0.0499077923413488
0.0185907832139097 -0.0161828936290693 0.125245466693798 -0.163401080503509
0.00398002726377719 -0.0279648286427738 -0.154495744471682 -0.129950076309685
0.0212733664263255 -0.017667744306132 0.125285858328358 0.0864225564274188
0.00556898873613596 -0.00606997299312145 -0.111782253101806 0.0837567239640602
0.00468373073091213 -0.000789586515406086 -0.38535496867393 -0.158771729900757
-0.0118002887589284 -0.0113039322322443 -0.0465499433207289 -0.539037619327854
-0.0204308399756715 -0.0343252899758356 0.67993413104173 -0.309656875335941
-0.027805355146091 -0.0102749148491449 0.675350066662044 0.551667069112647
-0.0189443302928535 -0.0523849002190492 -0.0168092087137421 0.643960652227231
0.0029485951132251 -0.0663959958315134 0.0760058395917176 0.0195257236810831
0.000973262009349534 -0.0482647962508307 -0.0548089328879573 -0.640826750127774
-0.0394203201556295 -0.0108612434359975 -0.805065497309125 -0.362839222900569
-0.0435467176670709 0.00573669613980726 -0.583733925523906 0.574481969198324
-0.0200329334882424 0.0282510821928244 0.280068941068331 0.566477524217137
0.0149399083575035 0.0250203431958295 0.413205569596765 0.0288396461632919
0.0224153296802068 -0.0166577488380409 0.111126775040527 -0.167401579168594
0.00609121088345066 -0.0261547342574487 -0.157718660490547 -0.127537320519714
0.0235557670207311 -0.0133962389856003 0.123412943545598 0.0910847348229265
0.0083468775899236 -0.00290210707026274 -0.119762159504918 0.0832252715186572
0.00880972303378971 0.000992652144419537 -0.386092508653365 -0.171493165929661
-0.0081844083221371 -0.0141707875538985 -0.0312018855507524 -0.549250281513382
-0.0115951818943495 -0.0385557296366684 0.690522859688975 -0.298505367560424
-0.016611207039362 -0.0054577584740153 0.658760140213545 0.564239835677239
-0.0166458616166083 -0.0330353913538048 -0.0274880897383305 0.629961616836881
-0.00298713177310918 -0.0451627885212509 0.0816587565579425 -0.00166861632828143
0.00655187870804563 -0.0328011254837286 -0.0730264673364059 -0.656057981792596
-0.0269883479142297 -0.0112869184542714 -0.821782424314942 -0.34474514269349
-0.0371087766161451 0.000560300295682808 -0.570840959039197 0.583761746657582
-0.0151902979708435 0.0271552738261769 0.290144012655003 0.551547132619464
0.0196559576395605 0.0258577960957429 0.408797806872625 0.0172164279249084
0.0251696032699901 -0.0140364303802549 0.103292154050408 -0.167108474413043
0.00722543937999225 -0.0203543822056665 -0.159440486952804 -0.123971754248793
0.0232888573849498 -0.00695595394677446 0.121020567376214 0.0970984341778996
0.00862980203601136 2.93217547254858E-05 -0.123256598073101 0.0861028179794011
0.0090700834919904 0.000695289996637653 -0.39058714636753 -0.171982931765337
-0.00528943253090969 -0.0193226139725737 -0.0342763752502655 -0.555542481069339
0.00165064373663653 -0.0426601469273503 0.68746415495128 -0.307427843556456
6.6202833549571E-05 0.00548316633889956 0.656601191805391 0.556453404612028
-0.0164905401004803 -0.00602826781340648 -0.0258285082588308 0.61926405775397
-0.0115124483096068 -0.0172740102011792 0.0855617426461311 -0.0135110210070416
0.0144591640271906 -0.010864901304095 -0.0736709654448123 -0.66825730253803
-0.00846583517543452 -0.00953695074307783 -0.827065762372409 -0.355796969920033
-0.0273346437278962 -0.00692430561423721 -0.576261930865758 0.576702742912382
-0.0141136969086305 0.0238915758340085 0.283483239883045 0.546554160596977
0.0196727743524252 0.0266267981883308 0.406667159379041 0.0195422215849078
0.0243549947899925 -0.00895562535657619 0.100874042244266 -0.163976488276249
0.00734131189031733 -0.012299324404532 -0.16224417501395 -0.11902843653258
0.0227699729304165 0.00127690980260273 0.120058500793099 0.104224154369634
0.00665639889247758 0.00434252119171028 -0.120249970378434 0.0929698198689342
0.00573811542510165 -0.000721341293372838 -0.394510662701474 -0.15963967128633
-0.00382944319323329 -0.0264836697479594 -0.0547048001922184 -0.557216089194101
0.0163425501505899 -0.0487890427838633 0.671016197138953 -0.342558213861507
0.0206163652418598 0.0177695784841612 0.672572018029934 0.522446140470596
-0.0154447473038464 0.0234798485272439 -0.0087070734222042 0.612812026200143
-0.0209671533458907 0.0134982882925731 0.0857365382142133 -0.0131631686928924
0.0208125898781886 0.0144761756032119 -0.0572234163008418 -0.677785019903918
0.013234558383867 -0.00455704919028965 -0.820763214901552 -0.39736255398972
-0.0137857423150165 -0.0156403512291222 -0.604704913072247 0.550790665768134
-0.0157024183396437 0.0183143745559524 0.26168264492812 0.555172493840886
0.0152567879763887 0.0282834152252395 0.407275281975243 0.0321023190345775
0.0206278380149481 -0.000499771263324232 0.107451141780385 -0.157256092231572
0.00648713760715173 -0.0011122304138366 -0.161656848023665 -0.1140109917763
0.0208229617558029 0.0104067679373822 0.119955009340216 0.110081755321677
0.00301673766626797 0.00699120941145093 -0.111242603264467 0.103523133558344
-0.000205190059758281 -0.00221598893102176 -0.39944434760236 -0.137672896106175
-0.00568852572525488 -0.0333648217310926 -0.0919826145731417 -0.554868198321995
0.0284333427729147 -0.0542551870184142 0.639983053229715 -0.390900263024217
0.0418894477303837 0.0276864299355737 0.702541209533518 0.469847827686612
-0.0127133653942489 0.0509632790094816 0.0179698217229082 0.612546170667868
-0.0310784752275274 0.0423194006512051 0.0833285676194594 0.00182121736874205
0.0250213290279354 0.0399432313061859 -0.0278838398770371 -0.679894435713158
0.0359460628175542 0.00457692807228745 -0.798418758943774 -0.45882608777047
0.00110097616412465 -0.0241835461794245 -0.650225719802809 0.509310992957088
-0.0210896092152633 0.0110165245194582 0.225598406033384 0.57114514886836
0.00618998419911059 0.0288852669745857 0.409102159438525 0.057115440222189
0.0150866120710473 0.00650701346510923 0.118741710117468 -0.148194720329219
0.00315317471286058 0.00880348882863761 -0.159405062274285 -0.10907751867004
0.0189491467954749 0.0179772528870995 0.12155988277572 0.114516839781808
-0.002642895666608 0.0108239911108131 -0.0963340020672545 0.115355404030545
-0.00893870608590478 -0.00326320169054995 -0.401064475868724 -0.108478286016258
-0.0115046784917488 -0.0380161658112777 -0.133127205120193 -0.540343040267192
0.0372816958971015 -0.060778297929497 0.597568982631417 -0.44653992468239
0.0618055435970275 0.0333838415708075 0.733950318325272 0.402278939559842
-0.00814392092493215 0.0714201395278676 0.0573403395614953 0.617128482308063
-0.0390552751828542 0.0620815206872593 0.0780212431412202 0.02576340610296
0.0244142878916146 0.0623111341022126 0.0136139748549961 -0.67281944964909
0.0530541091164627 0.0173792502386462 -0.765178042740716 -0.529828853573513
0.0165083982102219 -0.0289561261194521 -0.702097598577798 0.452358537334293
-0.0267344005615485 0.00202971062055446 0.17951367607788 0.596190487993708
-0.00521833507223066 0.0279275331908835 0.411097337832063 0.0878314922198078
0.00758818712944724 0.0122912831250797 0.133939442795877 -0.136976575035616
-3.30995766710312E-06 0.0179742801156208 -0.156813605495276 -0.10727589331755
0.0172048924014993 -0.0176084565301329 0.129778828009833 0.0868229335125119
-0.00460444995912572 -0.00987070853071979 -0.090593593054132 0.0956381526160751
-0.00948381954798906 -0.0060945882432549 -0.386259413101702 -0.116836126322531
-0.0206463759812089 -0.0147948130044365 -0.110394095484663 -0.520616751950001
-0.0210564034862044 -0.0306242999255884 0.614449707197004 -0.389887237972726
-0.0278853792359915 -0.00386449841131483 0.74032117665341 0.458131579654859
-0.0267006235930126 -0.0587873399673476 0.0407851252187849 0.672191688457217
0.00421736852582124 -0.0818034757572539 0.0606513424160887 0.0795377797769567
1.3929244542861E-05 -0.0574275584431836 0.0120204270381702 -0.611513556573632
-0.0403720909834791 -0.0085971751811862 -0.746266073657747 -0.466628751227462
-0.043167808121031 0.00602334384176961 -0.664822330482442 0.499322535746322
-0.0370663498421713 0.0238794569494917 0.219238904610746 0.613985041142472
-0.00555205689970793 0.0242772691385369 0.424996002402623 0.0789762940169847
0.011573842865248 -0.013131939006482 0.14146279408757 -0.154477698698149
0.0018050361106144 -0.0248147609780655 -0.148953698608322 -0.130643170191338
0.0186006217462914 -0.0193114606084343 0.127928053345747 0.0847859080726946
0.00132861366155888 -0.00849007908088928 -0.101501737355359 0.088320679799908
-0.00162890405221286 -0.003614697992059 -0.384398061687392 -0.139182975282635
-0.0160349446180411 -0.0123370040565128 -0.0743202158576535 -0.528087431426044
-0.0235530596123568 -0.0319354967238066 0.659225356557937 -0.341284931197472
-0.0317884633774042 -0.00982033662262485 0.70562120701459 0.516080191710514
-0.0220739016409685 -0.0613467079790057 0.00525904200079985 0.66075422988981
0.0050952128537885 -0.0793812782644713 0.0672723263086741 0.0489464583378062
-0.000405728210546699 -0.0577202289176465 -0.0230086850105756 -0.627763195659373
-0.0432456014740593 -0.0109708102104963 -0.781544139556472 -0.406895243480959
-0.0460655117294747 0.00783913389182531 -0.621128967082018 0.54455178090217
-0.0286123740164693 0.0274517097559535 0.253413582784671 0.593369723248925
0.0060527742851547 0.0249659773102536 0.420911589535359 0.0512099319546396
0.0187325430188087 -0.0162999862512172 0.12498365913674 -0.162605750787617
0.0040688680119703 -0.0275640377898342 -0.154127489531575 -0.130697906466095
0.0211069956294253 -0.0178237901953571 0.125476551388518 0.0866274438814651
0.0054745924472009 -0.00600734676914244 -0.113419341260178 0.0829586045518139
0.00475021603979748 -0.00146149163034887 -0.386061498640418 -0.160995256897427
-0.011943295501527 -0.0118421886662805 -0.0440484650580203 -0.539520502220528
-0.0207329956159079 -0.0345609850807015 0.682619913482594 -0.309531687526611
-0.0274717130306216 -0.0103665431284441 0.67404954310159 0.553206868678486
-0.0186605865534185 -0.0520737364247358 -0.0191261391337939 0.644933874930923
0.00250434640685837 -0.0665709597427511 0.0760329312457348 0.0202763074800432
0.000958399277969084 -0.0486670138278655 -0.052189801423748 -0.643022480072591
-0.0388954759436356 -0.0112782955719934 -0.805399218913807 -0.365645457373082
-0.0438279295407414 0.0055963848767944 -0.585491137398335 0.573121283791089
-0.0208710518392319 0.0277848027564263 0.27899110171856 0.568914751146018
0.0147224665036258 0.0243180700725288 0.415820366345051 0.0297287494541281
0.0226441788470792 -0.0165424738759023 0.112158589709891 -0.167213510396786
0.00624210959098916 -0.0260663414045488 -0.158283002945579 -0.127653566479784
0.0223338799775959 -0.0137518767988146 0.123193745859608 0.091315525658482
0.0080366280646181 -0.00247482431980988 -0.122101877278213 0.0811273714303382
0.00770277025560864 0.000160264566295314 -0.38941067386946 -0.171972227262294
-0.00787405024225544 -0.0148469520121027 -0.0296138757721602 -0.549925354374769
-0.0116337929835285 -0.0383170438770799 0.692530582233341 -0.296272651617926
-0.0165003041777919 -0.0049793860260197 0.65712057148937 0.568107716149277
-0.0167892904779194 -0.0330171632076255 -0.0302377177054747 0.630420071841954
-0.00285519598035094 -0.0453884042124215 0.0819772238118485 -0.00199788574239411
0.00612530719376456 -0.0336324739866401 -0.0693687880205648 -0.658304488473465
-0.0268564353591953 -0.0116605205330261 -0.821788769410605 -0.350810416217748
-0.0376701959505349 0.000585779308707311 -0.574028940728527 0.583830532757691
-0.0161141880572058 0.0271837258134489 0.288452197837521 0.552739794233568
0.0199206816107816 0.0255462516522937 0.409614874894875 0.0181104682911574
0.0248923766563216 -0.013888930383247 0.105063861820882 -0.16726054635973
0.00724724469526247 -0.0205463279496196 -0.159540527164943 -0.123765178063756
0.0227845147757433 -0.00730760183227724 0.121417090138309 0.0974510230495675
0.00848317458488215 0.000793956467781334 -0.124162250156818 0.0850709353684468
0.0089801740841858 0.00105347988051021 -0.392059435257803 -0.173541738422347
-0.00551848460396368 -0.020484411159381 -0.0323568681667835 -0.557822200554768
0.00174186851057839 -0.0429506144349702 0.69010178153236 -0.307971893718533
-0.000359314014883479 0.00529026433228424 0.655463119946776 0.560527690786698
-0.0167349334561146 -0.00660633866962818 -0.0280122158825332 0.619369925845211
-0.0114735644404716 -0.0175612038040379 0.0861666440632769 -0.0136503949178088
0.0142555501049794 -0.0111870412716872 -0.0704365542572833 -0.669512766964317
-0.00769265842273988 -0.0103582376624419 -0.82862506785696 -0.360186131751013
-0.0269346445732776 -0.00723556483085721 -0.578326224577258 0.575579467916906
-0.0140912085253406 0.0236520404409256 0.282095610407091 0.54966730995882
0.0198246848378182 0.0271453344218489 0.407350876631714 0.0202044478358404
0.0235085057658914 -0.00830013651683004 0.102592650145684 -0.163383029731359
0.00757230273649418 -0.0120248328407415 -0.162206695507826 -0.119865620420597
0.0221541358699735 0.0013769132394824 0.120100036484638 0.104987990912242
0.00629716509311004 0.00397906299904782 -0.121245525354766 0.0924746988558791
0.00560151610402844 -0.000796290127802213 -0.397503913017771 -0.16232800437592
-0.00431482168657333 -0.0271022805888528 -0.0522736671328928 -0.559005834332159
0.0161242416929262 -0.0480037394615494 0.673464837565547 -0.340248010789326
0.021167011039335 0.0171297570476213 0.672327213565234 0.525624610221919
-0.0152389614624628 0.0225490491107017 -0.0119369779443632 0.613349945072759
-0.020807625537953 0.0127937329638331 0.0858684663567278 -0.0117028604236669
0.0208967620036901 0.0138519428270128 -0.0536021162110553 -0.679741527995355
0.0143887358044146 -0.00480037769205518 -0.821979617328615 -0.402658586073843
-0.0140992187827005 -0.015473496565307 -0.608406137461027 0.549645836708073
-0.0154981421312354 0.0191468962995677 0.260362169450775 0.556097115139376
0.0160279026171914 0.028767046519703 0.407435212450799 0.0340757048859993
0.0211039222266722 -0.000396451672285969 0.108278793344755 -0.156730670899231
0.00532321370245292 -0.00142626748336875 -0.16164581796533 -0.114468948026169
0.0204848958576405 0.0101742399827941 0.120926888168632 0.110617713760952
0.00207629328284965 0.00775119439364384 -0.111803897546921 0.103094771738313
-0.000257384523558123 -0.00250676601693554 -0.401364340094525 -0.138694565507153
-0.00601675891460588 -0.03319169241093 -0.088626132982871 -0.556140500680793
0.0287096437805991 -0.0543531096656174 0.642298519070726 -0.390127284155561
0.0422559558096934 0.0277071100221916 0.700262590698974 0.473171047475377
-0.0127833324917239 0.0501591017434062 0.0168741284005541 0.613885618857903
-0.0314122992293333 0.0412419610351082 0.083570174536606 0.00213696702137212
0.0241998860456411 0.0396576849941462 -0.0246057681645879 -0.680786463131238
0.0358052968734545 0.00492640083239351 -0.800043541377824 -0.462367741124869
0.00106710292562902 -0.0242329931912959 -0.653912811828429 0.506703713343467
-0.0205834616239985 0.0104707155789122 0.22455917552676 0.574244612492178
0.00628114855966343 0.0294834387051185 0.409701971407865 0.0582591611370306
0.0151594577788026 0.00663608287988115 0.119839657226701 -0.147847844904814
0.00304638204614733 0.009826047660881 -0.159634500301404 -0.110570761781821
0.0198148270351622 0.0177974570615563 0.121516005297983 0.116049787346183
-0.00291406019968865 0.0102188816417119 -0.0974153257572514 0.113575687563098
-0.0099623052469437 -0.00312294902984182 -0.402278528628752 -0.108444940525755
-0.0119536110334494 -0.0391176612809325 -0.132934260128828 -0.542546795624289
0.0371323198894295 -0.0609132370979233 0.597987232092557 -0.443998810130877
0.0621189166087077 0.0337641400865046 0.735247199700164 0.406103060017452
-0.00809932354745538 0.0713527882007003 0.0541678013342669 0.618943630570283
-0.0400859572338767 0.0621426847769981 0.0782859898298801 0.0258626184639916
0.0233210899738092 0.0624070516306243 0.0157417704747676 -0.67318776916946
0.0541269922334296 0.0177885415982517 -0.765209191238334 -0.53331945381092
0.0171005832895763 -0.0292765092508966 -0.704561808990235 0.451112208329682
-0.0262674414711524 0.00190022791675041 0.179805923133437 0.597208445691081
-0.00530308668658719 0.0280991083012454 0.412672038203997 0.0901996925739
0.00751442453842715 0.0121961065373908 0.135274862237259 -0.137070415771618
-0.00038879526078774 0.0180845039889954 -0.156433449909075 -0.108538015659431
0.0167812529633926 -0.0180293001092441 0.129774611886169 0.0881555218672544
-0.00506338442171938 -0.00980326196054373 -0.0900698053844152 0.0962879969850632
-0.00974556843877922 -0.00646386763886574 -0.388876715126675 -0.117226452491712
-0.0214722828067233 -0.0150706538573708 -0.109658313502769 -0.522781580473887
-0.0213664835453248 -0.0305597677007934 0.617147063404079 -0.389936137882516
-0.0276089838229751 -0.00358871706549342 0.739866552256393 0.462200824340717
-0.0270416727109031 -0.0594953533597634 0.0383790091419215 0.675381071919372
0.00414542628475319 -0.0820812010813626 0.0606351344263703 0.0810751622248472
-0.000323147658451074 -0.05843990043626 0.0145403426468953 -0.613530454830867
-0.0407356439637846 -0.00896913745066511 -0.749499504185159 -0.473415854011062
-0.0433833600504548 0.00630903203286399 -0.667931454629263 0.499274390020453
-0.0377337253506387 0.0237254665932203 0.217634550970277 0.616758196916839
-0.0048263055454157 0.024762555745271 0.42659655426928 0.080290138197832
0.0114021781083529 -0.0125010955607701 0.142676484565539 -0.154753868136094
0.00171760624642101 -0.024787803262452 -0.149579119869772 -0.131554185566826
0.0196303698447607 -0.020342332656995 0.128105566081431 0.0855561567956968
0.000610256525233397 -0.00840537269324159 -0.102510021965875 0.0875408459548405
-0.00099270438884805 -0.00456459947950621 -0.387504307876177 -0.140075642411688
-0.016343524484509 -0.0125412514564765 -0.0739868089411427 -0.530858066336543
-0.0228921961320125 -0.0318638775734656 0.663771595271989 -0.340254211958019
-0.0321061257487503 -0.00973194409879509 0.705873392478879 0.519543143414807
-0.0224508806884121 -0.062480525337622 0.00340836572270198 0.662471441038692
0.00505548064579091 -0.080154748257493 0.067529067158795 0.0492417389979718
-0.00140867496607272 -0.0579977614206977 -0.0211491829043178 -0.628830552161491
-0.043439965165505 -0.0106964376567271 -0.783005109537808 -0.412186517325931
-0.0458791611812657 0.00785510859343534 -0.626266584933425 0.545198966293423
-0.0292411809074274 0.0274553984765009 0.253394976478194 0.598007191432694
0.00564435177194077 0.0247994243455441 0.423017406631438 0.0505455192050829
0.0183702977137941 -0.0168515699534738 0.127006225781908 -0.162692816136642
0.00432919454571296 -0.0278304465092063 -0.153279726195585 -0.13150535867853
0.0213031078504034 -0.0191834986822269 0.125856903153481 0.0879060772423306
0.00516169326139247 -0.0059595547800733 -0.114844259978838 0.0821265465763967
0.00496803905022321 -0.00137923992635544 -0.387151377165955 -0.161112876374053
-0.0128050478499708 -0.0123271953622474 -0.0416066914155333 -0.541829521603035
-0.0203556857832069 -0.033898351780296 0.686660226087536 -0.308296227091137
-0.027970906480673 -0.0110336150079026 0.673291122912261 0.557525425960027
-0.0193241437786856 -0.0530002580600348 -0.0209889999186654 0.648083229423115
0.00288481613058153 -0.0675055531825637 0.07567335623227 0.0202599547832144
0.000810702106291521 -0.0494346839244541 -0.0501189265258012 -0.645771177266335
-0.038990030717986 -0.0118155164317208 -0.806409371903482 -0.37016808278102
-0.0444598116591988 0.00599777501912904 -0.591127138497174 0.573722678100327
-0.020492044133296 0.0286462565135815 0.278385760734801 0.571468760292225
0.0151204148839807 0.0238341490336581 0.416064417929391 0.0316650247635444
0.0225510737846767 -0.0169074044943117 0.113282063465107 -0.167134916871915
0.00610899217403935 -0.0259368888793746 -0.157798786778629 -0.129889358332677
0.0223209846228073 -0.0140499618381124 0.123245266525587 0.0924501586775226
0.00829283062600449 -0.00243988425615407 -0.122182547080117 0.082050017987617
0.00795678658856946 0.000156325657356645 -0.390107883375124 -0.17463495234624
-0.00832559205895762 -0.0153320487101934 -0.0277141943122441 -0.553669989765581
-0.0112043143016862 -0.0383662529053359 0.697235155879292 -0.294113048555646
-0.0165601770368415 -0.00525445608714754 0.656307351277653 0.571380170544895
-0.0169280007729831 -0.0336854217736178 -0.0326481130586239 0.631315567970959
-0.00333413980222879 -0.0464150871295918 0.0818533316980053 -0.000709034030486532
0.00677672861649943 -0.0337463177785099 -0.067148737556175 -0.659834608837519
-0.0255951126635172 -0.0116049352954507 -0.823974886252079 -0.353529173346772
-0.0379363543426397 0.000277935787493491 -0.576644203789015 0.584744569461258
-0.0151118020044839 0.0275399789990208 0.288193940836278 0.555777172382657
0.0196697800378098 0.0250556014736868 0.412045878861498 0.0200490142230016
0.0245142540715435 -0.0146839880501738 0.105999036688251 -0.167138555302451
0.00771643290502012 -0.0203023634377331 -0.160341669675786 -0.125509692544869
0.0234884948760377 -0.00816701389710095 0.121195506772032 0.0981985804815938
0.00746361781574988 0.00103089833977307 -0.125769032093888 0.0843346359941363
0.00949292818041401 0.000556494263819195 -0.393654283495169 -0.173950413079228
-0.00498546219202336 -0.021371380222684 -0.0302615692323405 -0.560236353102545
0.00139244583532611 -0.042887304010309 0.694370698897595 -0.306968842238041
-6.59743082244771E-05 0.00502456609194314 0.655634641152997 0.563418522097702
-0.0167523729153901 -0.00752904998962694 -0.0299221855791677 0.620807078646734
-0.0119873741945093 -0.0174120684458541 0.0855385987016785 -0.0124392451530923
0.0133259387558028 -0.0123237081849336 -0.0675715217487363 -0.673162947784271
-0.00721665000981566 -0.00979130834258848 -0.830529084204861 -0.365953928886199
-0.0274319714652532 -0.00769807301029109 -0.583139469754274 0.575401421143727
-0.0145060600215346 0.0236693408503451 0.282247422046378 0.552642368832848
0.0201467386347374 0.0271205378257188 0.409759355265005 0.0218416391843227
0.0246162708602197 -0.00932490673815718 0.104502417826681 -0.163583824589817
0.00859879473951158 -0.0114335285701312 -0.162104716169725 -0.119793576987311
0.0218987853431097 0.000495226116007954 0.120031335141873 0.106422428447705
0.0057854735463775 0.00496209897890961 -0.122375559498913 0.0915412209969319
0.00515858967643831 -0.00142806868031579 -0.399072561087061 -0.16283100547219
-0.00446376276679339 -0.0276543730030767 -0.0517401525961391 -0.561129922465817
0.016509841617192 -0.048196614897052 0.677529395600956 -0.338415803178604
0.0200172361840733 0.0173114656716914 0.673219353930975 0.529572672626235
-0.0159967344191856 0.0219164541158927 -0.0140842896773616 0.617263870859421
-0.0213487476544776 0.013105332366529 0.0863927273241495 -0.0108077956870239
0.0203608064969022 0.0132917957100697 -0.0516384095815542 -0.680910742756702
0.0146644832586093 -0.00439662425932404 -0.823605310292092 -0.405005408041625
-0.0138233769747819 -0.0158217245366779 -0.612901766907 0.549433224231085
-0.0165294871166426 0.0194010407636581 0.260773095751689 0.558966757326936
0.0156622229702496 0.0292483700261978 0.409720325486418 0.035981911579869
0.0196008315293879 -0.00138035200096776 0.10918762012162 -0.156408238174194
0.00573085880686428 -0.00101358807678693 -0.161098139566768 -0.115489791129858
0.0209902124201111 0.00937942788046204 0.120260127890061 0.111168376583963
0.00222857951838907 0.0072430080014384 -0.113366392493342 0.102326623163046
-0.00107805834148506 -0.00254418070457362 -0.403288359582361 -0.139762714029663
-0.00641393164034804 -0.0339895393223276 -0.0860904914443958 -0.558205441524974
0.0299553592030173 -0.0550665329818452 0.644833597115324 -0.389016493340642
0.0423465898829152 0.0281903896524863 0.701688483083761 0.476593635900298
-0.013853094138335 0.0501772123415323 0.0158214236260175 0.61626298132628
-0.0318246920085627 0.0407190240189918 0.0832693039279764 0.00320334662375269
0.0243660884681752 0.03972948726447 -0.0220538477909463 -0.683582687032928
0.0369383523306659 0.00420842084694944 -0.80015829500139 -0.465889406036667
0.00131808584999083 -0.0237057755495484 -0.658174209459432 0.507652452470408
-0.0211780308581001 0.0115051534273062 0.224975057034243 0.577359605161593
0.00665213113125055 0.0288567639071317 0.41105504105418 0.0598748242394852
0.0151149757125487 0.00609316493560621 0.12080646952087 -0.146230182698027
0.00251821338881729 0.00931993021537974 -0.159550715354414 -0.110079795738971
0.0183700146991669 0.017904823758332 0.120852604586454 0.116188501129625
-0.00360555890863445 0.0108743990504293 -0.0984635615221938 0.112912137900761
-0.00957802956630694 -0.00331879278124967 -0.403934250507105 -0.110291450748861
-0.012103916831109 -0.0392360087071368 -0.131332536453283 -0.545589436963392
0.0381163399708368 -0.0607893515405468 0.603506087339049 -0.442786104208971
0.0619393781254299 0.0337431244203488 0.735628948060289 0.409525033970537
-0.00810479912718072 0.0707769505610155 0.0515642756883092 0.620045465361951
-0.0408466581854515 0.0615437555401495 0.0779124117617308 0.0266921115119933
0.0228330459043198 0.062790421570707 0.0194545515209525 -0.67666929887785
0.0547141075808779 0.0173238338881619 -0.76595149465649 -0.537952908435573
0.0175556537957375 -0.0296273680667947 -0.709860898322997 0.448536234089139
-0.0278103463782802 0.00212243109280552 0.178032745381752 0.599272458801438
-0.00498439464204872 0.0280372719980997 0.414834150225447 0.0907718518828463
0.00735208332773577 0.0116513998248109 0.136807355120976 -0.136025005632768
-0.0011036800106023 0.0179504948566243 -0.156426514592373 -0.108330109326255
0.0163040497732647 -0.0183446967004713 0.131074090075834 0.088450353901252
-0.00564774280738159 -0.0103273763184922 -0.0924266610137606 0.0949298882385375
-0.0101273688808537 -0.00684115359391082 -0.391764978734076 -0.119011434350402
-0.0211528801226678 -0.0162907331156131 -0.109274403998903 -0.52566612188817
-0.0217598117547049 -0.0309640843904082 0.620965156778386 -0.389536639966957
-0.0281598989837481 -0.00438964820190237 0.743992073078142 0.465777584485861
-0.026924287132604 -0.0600604948888337 0.0370975566254845 0.677582018331859
0.00450503074935213 -0.0827172185892838 0.059436289307388 0.0815976550849604
-0.0003145974213608 -0.0587695375076782 0.0165581177989112 -0.618145595955374
-0.0398933675286099 -0.00902751390854561 -0.75086564686574 -0.477282625316797
-0.0430449119812072 0.00639559064385751 -0.674213929854639 0.500872733056327
-0.0380729094212487 0.0237865460741778 0.217184194178718 0.620054610304417
-0.00547715775378772 0.0248208208228803 0.427755967403287 0.0808751366949242
0.0115702265165834 -0.0135197412479602 0.143816154944751 -0.15457758064191
0.00128154200499059 -0.0251634560004309 -0.149222160573497 -0.131947173299373
0.0188128738714165 -0.020215765804904 0.127991041837775 0.085844673656211
0.000426423924860815 -0.00827378212800013 -0.104480610147632 0.0873450659139744
-0.00203338812576078 -0.00376827792767856 -0.388816444643443 -0.141624973296177
-0.016468351785942 -0.0129210411630379 -0.0721845235063586 -0.532801790290343
-0.0235114043436088 -0.0317586306446079 0.667571209829382 -0.341142786221727
-0.0325479387023235 -0.0100126476527293 0.708869623078735 0.524392890405085
-0.0224802361983632 -0.0628382762544242 0.0013763271560082 0.665698193845301
0.0051791588731132 -0.0810415037989553 0.0677534904211134 0.0492043207547938
-0.00129013606813727 -0.0590844290916724 -0.0180946143583401 -0.632547504630225
-0.0434656363269353 -0.0110857487503929 -0.785251520746275 -0.417009301543187
-0.0461432538215462 0.00697810539140867 -0.630179408975806 0.547310567335069
-0.0293183016562322 0.0278989650081659 0.254493544489657 0.600574691804187
0.00624257957204197 0.0255340117633072 0.426023324641527 0.0540218122984698
0.0184472285424351 -0.016612281166445 0.128476732333133 -0.162783032295763
0.0049866834596102 -0.0273486979267126 -0.154681837848497 -0.132312263750435
0.0208171697991 -0.0187161857168778 0.125934639612364 0.088936405424075
0.00424631834073022 -0.00574985361491426 -0.11643033982348 0.0822076663220926
0.00403651676936785 -0.00152841026999776 -0.391739389342371 -0.163171225179816
-0.0128466614702854 -0.013701363010625 -0.0428207016555721 -0.545072760108417
-0.0200426316314366 -0.0349986023254802 0.690443083730304 -0.307951459649413
-0.0280486328874258 -0.0115764999127783 0.67609272003474 0.560688673225456
-0.0191988787771131 -0.0535873260420972 -0.0256374915725523 0.649912957703525
0.00277204545675774 -0.06756922873858 0.0761816318849191 0.0216920736560025
0.0006153970100072 -0.0509913782039028 -0.0482778689964408 -0.649100728873191
-0.0387160187512995 -0.0126225116037457 -0.812200368623238 -0.376361326284738
-0.0444171457445193 0.00555117181822886 -0.595566376189534 0.57742981756989
-0.0217092184365068 0.0290862967962419 0.279466474333198 0.576825897611819
0.0149974657875334 0.0250245212548792 0.418707727931672 0.0311516751171829
0.0221831669744244 -0.0173654706643515 0.115509113992094 -0.16790290341046
0.0057794117351741 -0.0262180127811544 -0.158107160380729 -0.129829383155196
0.0220928318730598 -0.0145754616940926 0.123413345618918 0.0936265843061534
0.0069359980799243 -0.00222258503556013 -0.124010931919842 0.0805727553379143
0.00746230564567039 0.000498517706783687 -0.393617052225585 -0.174952828462701
-0.00899106467699654 -0.0159566416945185 -0.0265199279125696 -0.556090622467556
-0.0115400150008613 -0.0382173903176795 0.701696498246714 -0.29554126886433
-0.0170159977004978 -0.00534861199746027 0.657783242471626 0.57621296775769
-0.017851146643728 -0.0345688514964813 -0.0348867974796742 0.635796429974794
-0.00295355494027193 -0.0462377669614504 0.0820957544114773 -0.000143391886268064
0.00623670450609456 -0.034371909229726 -0.064329917837024 -0.6639573826035
-0.0259945703343845 -0.012418652250424 -0.827386344864995 -0.358454148011554
-0.0378289703382052 0.000601231324603938 -0.581702386813039 0.584444340061407
-0.0155073242102561 0.0278372322978834 0.288883083375531 0.558845805924055
0.0200987173572095 0.0260946757996707 0.41569427044204 0.0198031570635594
0.0246247137936222 -0.0145107023613907 0.106821326011066 -0.167191323034903
0.00722953515131847 -0.0202887163076763 -0.16095732709093 -0.126016554567287
0.0228441825733348 -0.00768815666524381 0.121451022433306 0.0986889068900659
0.00714664145354631 0.00176894014243529 -0.127233374754916 0.0842868939873315
0.0081718837461205 -0.000130898122742714 -0.397102330247396 -0.175611013482325
-0.00629411515468354 -0.0211667536008462 -0.0295068253091057 -0.561852805671477
0.00146378287171612 -0.0433364233301957 0.698231256261223 -0.305373690635632
-2.26223376778092E-05 0.00519004922438605 0.656940576294099 0.568220208750605
-0.0174052292268925 -0.00722013035076935 -0.0321000152559254 0.623188806668346
-0.0124533461691758 -0.0174210109298729 0.087063060648278 -0.0118914779874532
0.01332632239167 -0.0119222827029413 -0.0661456244985444 -0.676501341058137
-0.00736652908210109 -0.0100849018255781 -0.834796080339298 -0.369771458867456
-0.0274584315628714 -0.00735239765643122 -0.588360011792795 0.576331757347487
-0.0141106696155537 0.0244444088357622 0.283870504115116 0.556142173074348
0.0204292497563234 0.0269847467877278 0.411864485854882 0.0213641989232594
0.0229536846884885 -0.00792658946017684 0.105254555395824 -0.163691689162673
0.00706023019126019 -0.0116591693199728 -0.16207140921846 -0.120988150524903
0.0216049739104383 0.000367675457005613 0.120897773292328 0.106023199323831
0.0055728147824312 0.00425671865039216 -0.124028224554355 0.0914167601591509
0.00455963710515745 -0.00138475782785871 -0.402655397221168 -0.163636457331585
-0.0045755665135718 -0.0277715453816096 -0.0505603919047234 -0.564621272046542
0.0156502666295678 -0.0488219172117084 0.681002737253757 -0.338726567625079
0.0203309541021045 0.0180196826711273 0.674277122786381 0.534090812402678
-0.0169232236218443 0.0221907065209702 -0.0158675520011946 0.6185116794228
-0.0229802292838756 0.0132267440854374 0.087159044191434 -0.0107485595706411
0.0202774016913619 0.0138776378702482 -0.0484222763501487 -0.685004455949817
0.0151219438517574 -0.00491392702105875 -0.828601878095283 -0.410556150874142
-0.0146738642452516 -0.0157698718071078 -0.618671428462567 0.552962743892938
-0.0172802143788706 0.0189614901200835 0.26069950560185 0.562416669322335
0.0152223361374848 0.0292139580174196 0.412226064947769 0.0359457370139509
0.0205061788731728 -0.00143076464872129 0.11127788273987 -0.156908011918342
0.0052674932668517 -0.000644786744130241 -0.16168761340053 -0.116015416747339
0.0201678423204868 0.00945246789064819 0.12016298632934 0.111846742154268
0.00100435765427878 0.00799741177894472 -0.114384169368124 0.10156692479006
-0.00180987164994232 -0.00343143339664864 -0.407281516237888 -0.140859487503764
-0.00690104551121306 -0.0349142835823754 -0.0874942165240808 -0.561026910872985
0.0298323798389217 -0.0551136523521166 0.65005792383557 -0.389802333938518
0.0429708510944647 0.0284595553068446 0.703073726945711 0.480978002566843
-0.0141886068876057 0.0500417697156035 0.0140714376262173 0.618515343907967
-0.0325466497097992 0.0408293436856489 0.0846489044371561 0.00364277434151371
0.0236602952095192 0.0401361262583937 -0.0187413606855056 -0.687884623002068
0.0372237843667324 0.00472027803819473 -0.804041106401426 -0.470948740870332
0.00158771165461518 -0.0240508014116086 -0.664216022467395 0.509002049493134
-0.0208341579349113 0.011332136135711 0.224479761424213 0.579336495255035
0.00656160757475949 0.0291832595535578 0.413832383894297 0.0592245498717035
0.0145145509068919 0.00652495688826501 0.123014366015883 -0.147960742363769
0.0033584674189417 0.00999009224140525 -0.15963716833634 -0.112158918996307
0.018991333405866 0.0177756421877092 0.121992263458183 0.117502477317844
-0.00343414901312306 0.0114301940614124 -0.100582457721375 0.113015019752754
-0.0106823442129341 -0.00342401496440357 -0.406548438396183 -0.110270816019747
-0.0124184325967382 -0.0395459327444087 -0.132313661926177 -0.548903489782592
0.0377912724962634 -0.0614707100335568 0.605818654306602 -0.444648929025279
0.0622212809876695 0.0345121810369428 0.738560049882567 0.413087376785717
-0.00926949403784468 0.0704747607447792 0.050271801876132 0.622359442273473
-0.0413225839569953 0.0615530331197009 0.0783725750921582 0.0276955595153962
0.0221518606962149 0.0622677265592297 0.0217437797367093 -0.679238708387311
0.054182607476662 0.0174405420152921 -0.769256876197374 -0.544983692391869
0.0169430959277424 -0.029340678925988 -0.714355081501324 0.450834814528458
-0.0270065633088845 0.00229521485665121 0.177648728207061 0.603004178567427
-0.0049818658428524 0.0278996205251944 0.416716887842326 0.0925132948371503
0.00631079087322491 0.0120426236916664 0.138492965853596 -0.135824808317877
-0.000486256011867795 0.018778335645181 -0.156742875901914 -0.109150496971526
0.0168242554929623 -0.0186262084694125 0.131123213957979 0.0891729262889402
-0.00571654806101027 -0.0100582678742617 -0.0940065300474773 0.0944259133759107
-0.010438044783968 -0.0069898414051918 -0.395905363849311 -0.120608790180681
-0.021426988505025 -0.0164753123131974 -0.109480935258488 -0.52919391466137
-0.0218682032296223 -0.0310370510006262 0.626742233419523 -0.392270071266418
-0.0287240673614477 -0.004529101467697 0.747221219784262 0.469633366591577
-0.0269997150961922 -0.0608136142026281 0.0360369409137791 0.682010401755441
0.00439513281360196 -0.0838938757079062 0.0593834634514407 0.0822189303967348
-0.000618375234258187 -0.0599615899508083 0.0186043971589555 -0.622598004239812
-0.0395357229898741 -0.00955998552707977 -0.756797616157005 -0.483394399617802
-0.0439865087085057 0.00622122417575516 -0.679510052459158 0.503933289892088
-0.0377572121346052 0.0244219171219209 0.21837628112525 0.62658990270252
-0.00463608511454191 0.0249430784185234 0.432912450503513 0.082195970419101
0.0109743046384872 -0.0149043966667924 0.145175460129753 -0.154406983036149
0.00134115920381321 -0.025056241688668 -0.150184540160512 -0.133555243160191
0.0186846059618575 -0.0207804940373791 0.128473089710555 0.0860720031868867
-0.000594417977072739 -0.00843455088646408 -0.105840425040063 0.0864187145606888
-0.00276947044544001 -0.00420588144906012 -0.39335945699336 -0.142379697702674
-0.0172605898327782 -0.0141252291628031 -0.0718941581391833 -0.537486695135194
-0.0238930273975653 -0.0323744469536158 0.673912193261376 -0.342019863290187
-0.0322239275388177 -0.0108917924784488 0.711409528146053 0.528723522360038
-0.0227230442183208 -0.0634108725794921 0.000629989204847813 0.669949597160633
0.00480785470985306 -0.0810004559591378 0.0684297675968932 0.0503808536134751
-0.00130236069900787 -0.0596026046562168 -0.0169439095826053 -0.638409583816195
-0.0437200699969832 -0.011342228942762 -0.790946621566264 -0.423488362633527
-0.0462036056905333 0.00820221062431205 -0.63535391220094 0.548879066533597
-0.0305835148831156 0.0273588503453176 0.254958399228092 0.60531638653427
0.0062675748279809 0.0253717930474784 0.429179351600937 0.0536082191603898
0.0177203616073814 -0.0173432389770771 0.130528600858718 -0.163559586813978
0.00444149698467768 -0.0277232569347357 -0.155546720314375 -0.133973549366573
0.020265999062799 -0.018859432899153 0.126649738604025 0.0896053326608663
0.00448014597723323 -0.00580446832929007 -0.117518112732585 0.0818823719223923
0.00314780827348791 -0.00162098533553708 -0.394465837541008 -0.162815053825062
-0.0128297894266102 -0.0145182691571851 -0.04008352058022 -0.54924434178853
-0.0208760388673889 -0.0344396337108605 0.696355348909715 -0.30896981239662
-0.0283729294771259 -0.0115802930446835 0.679622975140191 0.565998654127349
-0.018789400717678 -0.0546624258050516 -0.0247851303257788 0.65358666966119
0.00217961376913302 -0.0685146080709216 0.0764254148144336 0.0217574749290678
0.000567526358788623 -0.0509973213707643 -0.0478420403232607 -0.653759554243196
-0.0380377170009822 -0.0125119928182064 -0.816437745779915 -0.380481190254842
-0.0445637413279293 0.00656377385334928 -0.600153803544615 0.580494275746981
-0.021843796887798 0.0291696636642591 0.280575522853114 0.579074691680447
0.0149296340733458 0.0251709980776232 0.423806794612254 0.0331737790739426
0.0222047984721993 -0.0174689847193382 0.116968129258597 -0.167459381512842
0.00622135388258243 -0.0256778133631498 -0.159167171860172 -0.131671454294534
0.0218669138639529 -0.0149875670026401 0.124098130250774 0.0935285777039102
0.00707469673853625 -0.00179701380278735 -0.125711585951229 0.0807835335193532
0.00683743726926674 -0.000376076687645764 -0.396906301206664 -0.175734362906553
-0.00931258342408957 -0.0162736465889578 -0.0268570618218584 -0.558924079704342
-0.0118768700723319 -0.0384926462386686 0.708092666671417 -0.296253974166921
-0.0170482269907104 -0.00524104139276259 0.661199285261875 0.581501758877104
-0.0179126958674977 -0.0344181431244143 -0.0361320403287169 0.637862223845165
-0.00382096143651663 -0.04629048546457 0.082752266464045 0.000195472468717025
0.00602395073363745 -0.0349379121089836 -0.0616971053759386 -0.669478779043474
-0.0258467620672431 -0.0132042225132845 -0.833770270090945 -0.363389171819751
-0.0379612764064377 0.000423493738957399 -0.587295213789062 0.589873790648086
-0.0162933724167078 0.0280930369272417 0.291991521711025 0.562275453493562
0.0203045870982104 0.0263681562564145 0.418994937039334 0.0217671895697934
0.024762735069868 -0.0147254106932212 0.107784041191765 -0.168235791469004
0.00735234209112889 -0.0202990264211143 -0.161745014605793 -0.126556549110097
0.0220241583699442 -0.00851644085890216 0.122056588847914 0.0997579468212217
0.00661204194291838 0.00156925854168345 -0.128900138098691 0.0836974524564464
0.00807122888090344 0.000387714880232232 -0.400228711072503 -0.176641160290227
-0.00607786091207076 -0.0217412012494699 -0.0290890250134557 -0.567716060165587
0.00176372499689006 -0.0435468772973805 0.704975058921256 -0.308172383843683
-0.000361550389061322 0.00567654559998285 0.661358845125856 0.572652309843743
-0.0181418991531397 -0.00793968772649804 -0.0335813126003792 0.625459830102
-0.0124468961525638 -0.0186150500292936 0.0871716188707316 -0.0117113413683828
0.0131061120721871 -0.0121895171655197 -0.0641066528244182 -0.682918624570876
-0.00672061019301519 -0.0106634322031107 -0.840580367476083 -0.374276638388999
-0.0272384421106055 -0.00702149096790566 -0.591852950913319 0.581610386601961
-0.0149578280610224 0.0244015212146289 0.284511842458833 0.559132103376867
0.0201716629036387 0.0274003197294292 0.416063126735282 0.0221826359336307
0.0237661393060263 -0.00892817547743299 0.107179004480171 -0.164384498156348
0.00668296857851944 -0.0113461097429292 -0.163280492817705 -0.122218565574618
0.0219248214779124 0.000219192765966692 0.120861621480651 0.106723770000692
0.00468790623685099 0.00498550101622768 -0.125583556754859 0.090388358786472
0.00416262870275742 -0.00108251747841245 -0.406207780915163 -0.164643846933071
-0.00530637571317141 -0.0290886473357053 -0.0494762435331505 -0.567604952550797
0.0162646507185232 -0.0487534859033246 0.686410358223803 -0.341938330816076
0.0203211634574383 0.0179935693478277 0.678070566080656 0.538955338580607
-0.0174656280041241 0.022284878880456 -0.0165840354146608 0.621970762196824
-0.0232481558339364 0.0126956238040164 0.0877516353964578 -0.010596624784941
0.0200444689488442 0.0133575429619711 -0.0476021067547298 -0.69260722785118
0.0160441020049376 -0.00531219784089665 -0.833003475740208 -0.416621511295106
-0.0144317423560742 -0.0161646594043525 -0.622370192073174 0.554588718596162
-0.016900378185911 0.0193091308313515 0.263234587342374 0.565936803088721
0.0153994915497916 0.0291412429080526 0.417503302164772 0.0376339028567199
0.0201252415213733 -0.00165440674228838 0.112622425611951 -0.15697784108737
0.00555663115312138 -0.00083243347095778 -0.162589457043407 -0.116793265800968
0.020311213430252 0.00925720840030119 0.122226413057168 0.112952695407832
0.000249564504567138 0.00834057153429045 -0.116719429606752 0.101904335381905
-0.00255152505864398 -0.00269727221466644 -0.411411515018891 -0.142264131803722
-0.00721379971084832 -0.0353476973727313 -0.0876134391151743 -0.565836654811186
0.0295808857088782 -0.0551260904083277 0.653669222485963 -0.392967712046481
0.0423722886453818 0.0286897564380584 0.707511131230728 0.48632788790598
-0.0144162873754388 0.0501721334179837 0.0106831274534675 0.622130731168507
-0.0336949407949082 0.0409110615385399 0.0849746342319283 0.00323985643869471
0.0230957410145096 0.0400034079351361 -0.0170440412825663 -0.69350658047347
0.0379757840525001 0.0034034948927533 -0.811234752522782 -0.477026114943493
0.00183744941441855 -0.0240091962463949 -0.669217312179131 0.510492270220423
-0.0216011925284968 0.0118253111309938 0.226216451767498 0.585519168460229
0.00647314405658377 0.0296620333958955 0.417333572227014 0.0615153120362926
0.0133570578629328 0.00631923275872217 0.124982362206974 -0.147310364377724
0.00324047040131941 0.00948164460456884 -0.16110447718228 -0.113293883805069
0.0187298210298667 0.0173483671945609 0.123092646347214 0.118557040226913
-0.00442873293395084 0.0116097312513877 -0.101034902245347 0.113178411482205
-0.0102218889620897 -0.00368097804158556 -0.411951112379617 -0.111534838572637
-0.0127470199572535 -0.0405919216709361 -0.132570652631519 -0.55227234933366
0.0391488328181626 -0.0614858978140722 0.611625745643433 -0.447964696311206
0.062297410858585 0.0347237916025485 0.743301407744791 0.418483608121771
-0.00990836637743114 0.0705525810641991 0.0495485674434355 0.626078253405614
-0.0420499966288917 0.0626570707896997 0.0796992845633716 0.028161723631563
0.0220944060823366 0.0619913003801518 0.0228044867251932 -0.684940070148173
0.0554819907966309 0.0175211546491374 -0.774669215563082 -0.549324356319777
0.017555273578409 -0.0288723834305974 -0.720345933747694 0.452961774134916
-0.0272968318373436 0.00274779490992098 0.178409453260541 0.607234299789944
-0.00517755763336392 0.0284768762413043 0.419867852831385 0.0935919089327892
0.00623438816570333 0.0120118722596747 0.140052230019062 -0.136845228058157
-0.00110209443137246 0.0190193281793525 -0.157815520881504 -0.110426228349561
0.0165900387717341 -0.0187317423493019 0.13191243957772 0.0893031484348949
-0.0064465746852576 -0.0100881302437409 -0.0955937864328564 0.0945854785548265
-0.0106527399791302 -0.00727094540345032 -0.399752578319845 -0.120513068830891
-0.0219955407055283 -0.0171273780067378 -0.109647562669052 -0.533200882984721
-0.0224114077910389 -0.0313025542837976 0.632772386438411 -0.395697335070089
-0.028599010744886 -0.00484145256602862 0.754226871106237 0.474256476772356
-0.0279573536532578 -0.0607682152031102 0.0363846465513033 0.687278157333552
0.00369340565649167 -0.0837574337420835 0.0602251583552208 0.0826860920894484
-0.000608717231750759 -0.0601624083921799 0.0192877762852293 -0.628124379267678
-0.0399808572642259 -0.00986973617220746 -0.761725444360558 -0.487289983716868
-0.0443319993385237 0.00655997803481235 -0.684163060905416 0.508053812981317
-0.040279459887224 0.0235595106157428 0.219886905898322 0.630021405648181
-0.00538698209189716 0.0256479128725574 0.436372102462495 0.0823123006855877
0.0109642332639861 -0.0148315254882694 0.147048295928548 -0.155859941255627
0.00150131840302148 -0.0251256035640102 -0.151494733588798 -0.134281255931825
0.0182844649375197 -0.0212101150395725 0.130065212775372 0.0877595186681514
-0.00075803408662845 -0.00794438805134861 -0.107118035461044 0.0865828967466432
-0.00287268375970282 -0.00418856677720699 -0.397319431188471 -0.14285954246904
-0.0178726384458953 -0.0146552538326423 -0.0737387620424973 -0.541539747003832
-0.0241260323072924 -0.0328032396314325 0.677345888232497 -0.344569316417271
-0.0326974632131812 -0.0113084959922283 0.718047553542096 0.534019181916093
-0.0241832628699998 -0.0644122139661551 0.000453099705954554 0.674820523424777
0.00515593026636847 -0.0817125145304863 0.0682368411070817 0.0505811747532134
-0.0016924704551256 -0.0597551034431703 -0.0166734921853525 -0.644620946634105
-0.0433555490929736 -0.0123673166739301 -0.798138023680824 -0.422790288008142
-0.047606145768563 0.00828662718105081 -0.640595310574697 0.555589330002687
-0.0304366696522437 0.0288160477970428 0.259121262721127 0.609007970425845
0.00617118028052495 0.0261905505556609 0.433493351679781 0.0547277086542587
0.01803923938337 -0.017900591582294 0.131479683779261 -0.164225857289586
0.00372908865320949 -0.0282397285980624 -0.156750905767085 -0.134469319329806
0.0203188072146377 -0.0200595052572307 0.127188867791639 0.0904314349059474
0.00351946570685429 -0.00555677167599705 -0.118903990744858 0.0818891986258773
0.0034063822624586 -0.00173020827003919 -0.399590544678614 -0.165402739206333
-0.0143767711192418 -0.0144665972604958 -0.0423061276195526 -0.554265944782957
-0.0209985630240296 -0.0353466447840522 0.702262135974444 -0.311627032249723
-0.0288475926892353 -0.0115342520694338 0.685798422470095 0.571524177985142
-0.0202327428249175 -0.0558464460722839 -0.0261647728212539 0.659690320967946
0.00238435777440785 -0.0698835039456973 0.0774308250180613 0.0222607720552606
-0.000475791906957089 -0.0511218253194701 -0.0447583290919171 -0.659392329802903
-0.0383507853171297 -0.0131191971007166 -0.822757140978064 -0.383067251247017
-0.0449702485230413 0.0063951698236866 -0.606493621330427 0.584890366968193
-0.0221709038525423 0.0298559257317429 0.285572604588978 0.583435403619758
0.0154212786528028 0.0259048573749806 0.427189220178959 0.0331351113876485
0.0221752441881414 -0.0177788192851343 0.118222498230412 -0.168814348871071
0.0056391429705959 -0.0255900978496986 -0.159955649708266 -0.132319013056697
0.0220781008895867 -0.0160374397026439 0.125888277663645 0.0943123984566227
0.00558707139890963 -0.00233780849985065 -0.127582679767406 0.0808715821610001
0.00686897213580498 0.000197277673192555 -0.400885819413283 -0.175452434660917
-0.00975257341762088 -0.0170032592531078 -0.0272147555019711 -0.565224424241341
-0.0117974344511049 -0.0391736627789294 0.712512805023686 -0.299208310879118
-0.0170087905996841 -0.00521739009055511 0.667930638321977 0.585959772645776
-0.0182861010150561 -0.0353342356215115 -0.03677986691448 0.642015918238811
-0.00404110045783105 -0.0465736601236526 0.0835821272274737 -4.58864434164589E-05
0.00494166706096997 -0.0352718238578693 -0.0622614988578166 -0.675298359470265
-0.0250427716214254 -0.012709116375467 -0.839533771889861 -0.367043962455378
-0.0383914549724827 0.00119365286885178 -0.591699648637204 0.593256042597508
-0.0165045950264813 0.0281479980734588 0.294830018777657 0.566634988055216
0.0207259661238257 0.0261374779718492 0.422653045322755 0.0209908705209434
0.0240559432902917 -0.0151523979540869 0.109869433767328 -0.169249313937288
0.00741667940997299 -0.0199514683459227 -0.162702289214496 -0.128183090855888
0.021996032139187 -0.00880655898133879 0.123005477719581 0.101473608426256
0.00602230824182126 0.00201173256556309 -0.130250337513666 0.0846248499071071
0.00760473275991415 -7.52299471426469E-05 -0.405667377249287 -0.177293047203157
-0.00630196856739637 -0.0219124690348117 -0.0289921281019217 -0.571556617285448
0.00144731655671168 -0.0433794706818727 0.710587471985411 -0.309044089965969
-0.00021586706806887 0.0046777239287129 0.666171139265887 0.576522517007028
-0.0182977334064712 -0.00812320911306796 -0.0341047037724958 0.633044981172661
-0.0125917024723154 -0.0185742858505222 0.0879454189489352 -0.011553839143354
0.0124492795918899 -0.0130919276219583 -0.0642237740898873 -0.686793080310454
-0.0059993159655413 -0.0112348061407677 -0.847657395353017 -0.377170233687247
-0.0274536166904979 -0.00689921451435609 -0.598050123137662 0.585333791525331
-0.0144503624453696 0.0258141659023885 0.287773187462739 0.562579620074667
0.0202264289403583 0.0277877573287091 0.419648402927859 0.0222565274385724
0.0237719756830965 -0.00952602380524738 0.10827165550067 -0.164609446185324
0.00675085739673228 -0.0117907516071728 -0.164318748341188 -0.123136493894624
0.0219425987100075 -0.000124669886443182 0.121792288622606 0.108037722729788
0.00444945819597897 0.00543235911553823 -0.126995933278073 0.0916835744603463
0.00434540207514545 -0.00101430671059244 -0.410969543551753 -0.16497813482974
-0.00569379220783668 -0.0289810345529208 -0.050540553943055 -0.573524442468351
0.0168840855526267 -0.0492410185966266 0.690756576792041 -0.343421567819179
0.0206735569935945 0.0183675759246148 0.68128686047405 0.544025987821127
-0.0188563927656377 0.0221552446553158 -0.0170932611782423 0.627059126922937
-0.023247244392483 0.012864476566847 0.0889521395577806 -0.0102445175309789
0.0195691748959137 0.0130295984159195 -0.0466670610708049 -0.696373590701357
0.0162075807170287 -0.00611610234012567 -0.837553000538089 -0.41852586379962
-0.0141582950152464 -0.015871704059872 -0.628745935010533 0.558266773862807
-0.0163338942885793 0.0198393166907988 0.266975888997748 0.570355465439484
0.0154256826769379 0.029483583224862 0.421250777663552 0.0366057652361575
0.0203420911374561 -0.00141568874292416 0.114556261762533 -0.157876065108429
0.00482912911312415 -0.000888085724150941 -0.163596683005901 -0.117256133496412
0.0203071069695306 0.00860124913880541 0.122235316682043 0.114361979609799
-0.000203517294173784 0.00905717847787468 -0.118292948535448 0.102543291552694
-0.00277212787266656 -0.00257729282748975 -0.414578289095233 -0.143061065099874
-0.00759322820445541 -0.036556406890374 -0.0891210006382329 -0.569966445418641
0.0299069530056903 -0.0556371073746989 0.660578120014533 -0.394451104122963
0.0430321303434462 0.0292231145461307 0.712769378781361 0.48949405491244
-0.0152261595944766 0.0502914549340434 0.0103700603296025 0.627406213253772
-0.0341250146532824 0.0407676418854571 0.0854864000712798 0.00436462215063724
0.0229196865754794 0.0401477643845059 -0.0165759202570229 -0.698234321703068
0.0387770838410369 0.00419188583869648 -0.816042946054952 -0.481158553539421
0.00131208065415524 -0.0234765990798313 -0.672940796075606 0.514494375476515
-0.0222009465754199 0.0128028244748705 0.228667125546237 0.588075135107186
0.0071238683607918 0.0299989573509025 0.422023047596982 0.0606098955567117
0.0142166213569981 0.00653292209556668 0.125335583178726 -0.148527288171673
0.00241762268769807 0.0104804074805505 -0.162739573601254 -0.112721441063212
0.0187775126081432 0.0169394625729477 0.123142575043697 0.118837681654988
-0.00548395805931209 0.0118624847689551 -0.1040869838859 0.1133633997094
-0.0113228328591832 -0.00399361156881784 -0.416005893006071 -0.112217132782866
-0.0135943697188539 -0.041464612567902 -0.134471604957435 -0.558632387164841
0.0384448484005148 -0.0618255407591027 0.616011296589885 -0.452556163161921
0.0634217588498397 0.0349739155172318 0.747903792276102 0.421224174916833
-0.0105166303466494 0.0711747326497391 0.0507192608048955 0.63209750549379
-0.0430928665180509 0.0617166249138349 0.0789797754676881 0.028521861745569
0.0215885472616246 0.0623815784825566 0.0257172098010495 -0.688733323991938
0.0566913588250287 0.0169879067768937 -0.779241952161616 -0.555276307197686
0.0174847002775325 -0.0290206198798503 -0.726582305565702 0.457303683203559
-0.0280567124975134 0.00263113165516122 0.180584444778065 0.611645201232168
-0.00543557188974528 0.0287188055403665 0.42468531969362 0.0934129974029588
0.00614903237772704 0.0119198074356269 0.141051195642783 -0.137211686213825
-0.00156929707647529 0.0193937352563236 -0.15877638466923 -0.110800958960229
0.0164143689162822 -0.0194274933501306 0.133514648745695 0.0917183767260761
-0.00712379429973574 -0.00995956391701027 -0.0954264682406437 0.0945622965432115
-0.0117444328093213 -0.00736466186773459 -0.404801991051862 -0.120485261304122
-0.0227819113775033 -0.0177702350801465 -0.112306963176924 -0.538342186667298
-0.0224508439010993 -0.0316157285358247 0.637883803992374 -0.39999398897901
-0.0291354922094121 -0.00432118306589611 0.760190508581766 0.476091452390033
-0.0283935135524379 -0.0629818832880909 0.0369186923625501 0.693758331558985
0.00307389040822668 -0.0845653113640494 0.0599176750657628 0.0840330154832112
-0.0018363845588282 -0.0615318413601291 0.0184598759806898 -0.6337693094114
-0.0405380334714931 -0.00976523760451604 -0.770643517728572 -0.490144855994215
-0.0443064772979314 0.00746189537992826 -0.690522154848253 0.513651701375989
-0.0403212278498517 0.0250786258663001 0.225471328801219 0.63445376530028
-0.00515176200689279 0.0255457869208108 0.441546835758882 0.0824781132355214
0.0105483125374554 -0.0144907588498732 0.148959971173215 -0.157440395548345
0.000508342605026703 -0.0252515540123675 -0.153134368063597 -0.135035966515487
0.0185204429923526 -0.022261379836035 0.131443036159691 0.088372589536412
-0.0017678122618447 -0.00829928012566931 -0.108460534544728 0.0868028907759527
-0.0040164378244239 -0.00433822436595102 -0.402935895819619 -0.142221201419422
-0.0180788817495222 -0.0151596892123635 -0.0742482767150233 -0.546566245702941
-0.0249229361187533 -0.0321210800878498 0.684634381867769 -0.351237782894437
-0.0333075834061114 -0.0105751779081549 0.725037992324202 0.537681503169717
-0.0241805197808571 -0.0651727554572832 0.00126929442200336 0.67978557375869
0.0041202073097112 -0.0828354006144535 0.0695419550352466 0.0512335161703207
-0.00249629385546964 -0.0604993430237398 -0.0185091116433076 -0.649422330359621
-0.0433792403295306 -0.0120021753131898 -0.805104285369642 -0.428859574177122
-0.0475064129542324 0.00862281046962074 -0.646436744580143 0.562579228736997
-0.030573017115307 0.029241963094769 0.26228372702858 0.61514429839747
0.00710508408194765 0.0256309904782231 0.437038059394203 0.0527773525653655
0.0176109959157892 -0.018073634130035 0.132951689474496 -0.165168794877216
0.00296928884173738 -0.0277389897585043 -0.157490080268034 -0.135451602447443
0.0203918015416589 -0.0197922338022936 0.1288892751399 0.0903421078029346
0.00305890433254133 -0.00527201982493382 -0.121343918309044 0.0822752436321711
0.00274739645413995 -0.00151629998341387 -0.404585624628434 -0.16353691647719
-0.0142828779417323 -0.0147578533299693 -0.0430722450519445 -0.559782103321171
-0.0213481202506775 -0.0358677644208622 0.706435002312409 -0.31525335717098
-0.0287994397452459 -0.0112909704514371 0.691404994127126 0.57438704752354
-0.0208211928152193 -0.0557526140064155 -0.0260321343201895 0.663391510866527
0.00198884059473184 -0.0702189097509551 0.0775295190001206 0.0226487403182696
-0.000829932402942549 -0.0523897404130423 -0.0473954315250472 -0.66628357963116
-0.0379597919589344 -0.0130371325057437 -0.831520960722057 -0.385852159607827
-0.045312246860633 0.00679679720788602 -0.610694728262515 0.591382831916011
-0.0214670653528209 0.0298575916875817 0.288429546357115 0.587769540298774
0.015767094293909 0.0259681782286364 0.431522788620507 0.0310292906210695
0.0221987141839378 -0.0178146280665842 0.120139326660763 -0.170529223741379
0.0055657157058222 -0.025770330284341 -0.161754812770332 -0.13296214433708
0.0218699300539378 -0.015978559101592 0.126958173362502 0.0959520997965352
0.00533331019254548 -0.00143538903001178 -0.129004396900726 0.0814910055148923
0.00686191864072841 -8.05888545337159E-05 -0.405245619933261 -0.176436100759002
-0.0103608253934339 -0.0175535212385135 -0.0278759015294096 -0.570080029305595
-0.0128149445907873 -0.0392683195464671 0.719178993232354 -0.303204095787979
-0.017459380506174 -0.00598573994289877 0.67449006529414 0.589225159695448
-0.0188164172290037 -0.0358087651160424 -0.0366117460786293 0.649276636184278
-0.00430858938856406 -0.0479150233922862 0.0841167889406091 0.000112096714048238
0.00520256531840983 -0.0356791831723375 -0.0638582732569884 -0.681254385382194
-0.0248830285058091 -0.0137007484188979 -0.848703977767408 -0.370092101216994
-0.0386384877564984 0.00111323214362024 -0.596873081571576 0.600454285676063
-0.0163937944024974 0.0288727471979609 0.298096454443171 0.572325846242242
0.020871535257085 0.0266621853127566 0.427542777563019 0.0203198006168635
0.0240661986748469 -0.0149843728282496 0.11154387489715 -0.170322012336347
0.00668636771500013 -0.0204810928336694 -0.164149296054611 -0.128613709053067
0.0216789774119308 -0.00864467982648477 0.12514208788684 0.102094399630348
0.00574973294752968 0.00232354081301386 -0.132318153557833 0.084346655976042
0.00719719652980713 3.05350982481014E-05 -0.410318041354146 -0.177887470790756
-0.00760617158715086 -0.0229098724484332 -0.0315292385761987 -0.577750026276077
0.00100467751168772 -0.0434790037032413 0.715211175963932 -0.313463670064221
-0.000781824120889979 0.00500257457370847 0.672388412876363 0.581815094514782
-0.0186484932373843 -0.00834284239425342 -0.0337592681533967 0.637600864594032
-0.0129589351153817 -0.0187489928438096 0.0883514560042953 -0.0113790214750863
0.0125381947265347 -0.0139972696347301 -0.0655781685517546 -0.694453283887042
-0.00636573441057897 -0.0119522462483042 -0.855850014617254 -0.379984123218829
-0.027957520625888 -0.0064432329893363 -0.601955777655146 0.592193724901252
-0.015176148443194 0.0252203869321431 0.29192893449305 0.568077290278756
0.0209105792712836 0.0278111150544074 0.425091916831644 0.0216817042312831
0.0234832507024378 -0.00929278391155419 0.10925257059871 -0.167016805844786
0.0064505682961572 -0.0116462006995831 -0.164814788786658 -0.12326264901794
0.0214645315013939 -0.000648587616645535 0.122884121700946 0.108409414118977
0.00468948824516385 0.00587810957828497 -0.129839331980469 0.0918596328051946
0.00396061065990763 -0.0015308327078294 -0.415326185665019 -0.166237320942217
-0.00629494472207153 -0.0301835715865397 -0.0533529471617308 -0.579849712252584
0.016487332716437 -0.0492880999299712 0.697948082909581 -0.347567889152594
0.0205427974022388 0.017721440999084 0.690505537890548 0.547810868252133
-0.0190064751041886 0.0215309223786449 -0.0181267266330792 0.632082098129634
-0.0231716183939282 0.0120853072762008 0.0889488123330593 -0.00987632415356198
0.019016243837068 0.0126314372751142 -0.0484546610218612 -0.703550081179801
0.016286341174236 -0.00621195137176099 -0.847290419477111 -0.422429380184503
-0.0146616151066229 -0.0157549237115101 -0.632676216947397 0.565292346073415
-0.0170233025682664 0.01996276013356 0.269139803933295 0.57510130230825
0.0157978179396391 0.0296891618513985 0.425241913806659 0.0365413979271306
0.0195829396250431 -0.00156038829009159 0.115757792949009 -0.159685689218397
0.00564745215120239 -0.000758414623380268 -0.165193294068115 -0.118625825713797
0.0200536592766615 0.00843580416908349 0.123018854680974 0.114958090811938
-0.000384076827777697 0.00916098938591065 -0.119760163735471 0.102790102982647
-0.00290205767121757 -0.00333580558686612 -0.420114140258428 -0.141588124927123
-0.00822045578968886 -0.0364989026960222 -0.0910858885305509 -0.57410457208459
0.0302842886861962 -0.0552681848849271 0.665469321178575 -0.398940649237388
0.043373833824435 0.0289024139085538 0.721421722322587 0.490252585422186
-0.0163285923087661 0.050406503459137 0.0125205666909005 0.632334459584485
-0.0344753054927978 0.0413584713948159 0.0863781391533544 0.00428175209667224
0.0224234410274752 0.0398343104585801 -0.0171572455730139 -0.705420632697811
0.0389531243746199 0.00373292256781064 -0.82521435858137 -0.484639094276119
0.00147487403907256 -0.0240824828256889 -0.679888302641424 0.521758255498375
-0.0225125393151012 0.0117301071705195 0.230873752656185 0.592899824677921
0.0066970622322457 0.0304309977706592 0.426591408887529 0.0607646825131068
0.0138944726524352 0.00612953515543364 0.127871427404727 -0.150004171939279
0.00195879565956211 0.0110702788696125 -0.163514367997683 -0.113832202702766
0.0181032153026094 0.0166021053094736 0.125392400409017 0.119839538783072
-0.00564363804873812 0.0123419530050285 -0.104819978413664 0.113775454580873
-0.0117338651520085 -0.00400354853535234 -0.421475927999629 -0.111779794924591
-0.0141704088992176 -0.0423200939337904 -0.136863645730712 -0.562016803379676
0.0389509226858642 -0.0618790439158104 0.621062218988969 -0.457231934850878
0.0628253471063963 0.035053429867347 0.755273456613985 0.421956429486222
-0.011120167140926 0.0717019807406261 0.0498213050843857 0.636872530468984
-0.0430944445963382 0.0625455496397148 0.0793651313884636 0.0295096985077052
0.0217681083169435 0.0615844585503827 0.024155700519699 -0.695782457491839
0.0566578511632171 0.0175120529491448 -0.788628513684038 -0.560272243488048
0.0179390239754843 -0.0290618284526185 -0.732826990220089 0.462226566444926
-0.0284248591338127 0.00303263138376019 0.183491684323125 0.616598708866278
-0.00561308379072488 0.0291499294019301 0.428486636497293 0.0950131333433918
0.00589936185669128 0.0115592416269505 0.143425749533243 -0.138629241623691
-0.0018289909681101 0.0193708462995258 -0.160133730078464 -0.110676577895453
0.0157985904390827 -0.01949447700604 0.135424262117072 0.0910820343477897
-0.00859916666177351 -0.0095160810814951 -0.0972588098005847 0.0948680732348501
-0.01266649518211 -0.00793712219224216 -0.410987806996217 -0.119595249587066
-0.0237209878815815 -0.0184242420381549 -0.116448190778112 -0.543760531281943
-0.0233769596209681 -0.0309032649944436 0.642495632440639 -0.405645139773323
-0.0300457487828214 -0.00376813022331309 0.769695110127231 0.478237771950749
-0.0288566715934963 -0.0630499049732035 0.0412300283982873 0.698656664355532
0.00259866284730129 -0.0860688365233195 0.0613111967181764 0.0835941852232671
-0.00132575375164199 -0.0629024804319004 0.0171257466732395 -0.639052368552159
-0.040036789592189 -0.0099451461031474 -0.779137589824845 -0.492173365420692
-0.0445642443512924 0.0075068446963016 -0.695323595549543 0.522410309123764
-0.039953399951045 0.0260457570300669 0.229729362084642 0.639766756002614
-0.00456153449556213 0.0258816041771633 0.446174073529577 0.0822202334367781
0.0100271697091206 -0.0157407042324646 0.150381040970091 -0.158648664871872
0.00102487734664656 -0.0253916026939832 -0.15500771268908 -0.135856949176434
0.0184314774941763 -0.0221724300252212 0.132905890703042 0.0885652768375492
-0.00201470919072923 -0.00825655058763741 -0.110021855642816 0.0874089769647522
-0.00368341180576631 -0.00467963124043535 -0.408097631592255 -0.142344742120056
-0.0191189776379072 -0.0159655426852054 -0.0778713227733481 -0.551521677770715
-0.0257483193659275 -0.0319083475113122 0.688045080816011 -0.356658354505841
-0.034421108443663 -0.010622054173386 0.734246704834285 0.538674217423216
-0.0250232422599575 -0.0658146256121017 0.00257748875281211 0.686520534671259
0.00406708647033112 -0.0834830589604983 0.0702885158626949 0.0516524968924179
-0.00339755556984215 -0.0619611236175391 -0.0204249676513109 -0.655446180295771
-0.043201925740778 -0.013003479043649 -0.815013135660079 -0.431112112921291
-0.0481755433926681 0.00851399223759 -0.650261046248221 0.569909425473495
-0.0314133972755102 0.0300369277811559 0.268172491471137 0.61953385053767
0.00678886086432962 0.025826619340999 0.442402964233023 0.0518604906359499
0.0170052078037819 -0.0178693589471544 0.134483327955858 -0.167422717278575
0.00335822860268358 -0.0281244342465221 -0.16008654732499 -0.136175494487264
0.0199172643299436 -0.0204564576703673 0.13072154586256 0.0906683800944171
0.00257709811153162 -0.00512211820417406 -0.12224653982346 0.0837042480398622
0.00252653282616728 -0.00164712309521864 -0.409840036693592 -0.162068895915994
-0.0145960363403697 -0.0149853722856697 -0.0480847970178534 -0.56344541295882
-0.0217862948943066 -0.0353157398429548 0.713269536938247 -0.320838979537329
-0.0295480706441577 -0.011341774156442 0.70118766769484 0.579135254721277
-0.0218987322136299 -0.0566893832232333 -0.0235849455485095 0.670062045566429
0.00126962000767398 -0.0705219066663863 0.0776816185368462 0.0219151413535935
-0.000992481346433809 -0.0532296913355048 -0.0488115461339912 -0.672949288402934
-0.0383770315279808 -0.0140128727432844 -0.840686936682864 -0.38800261509856
-0.0451426578236798 0.00696810477575665 -0.615049693721678 0.600852041383144
-0.0224060435597071 0.0315548317262822 0.294307380847535 0.591568111512151
0.0159962429846293 0.0260546670551305 0.436225729635271 0.0307722621897294
0.0215802113576645 -0.0189440594883886 0.120498065553879 -0.171992806442192
0.00565948180375255 -0.0258049384259547 -0.163604584756787 -0.134192296648034
0.021533364113405 -0.0160828591617681 0.128221519731282 0.095723298615166
0.00565685791766525 -0.00116197338112103 -0.130475051082479 0.0820412204200866
0.00653496789803579 0.000293652329085983 -0.410214091167586 -0.175034541217743
-0.0113436044092267 -0.0178320726740788 -0.0312747394446902 -0.574584859366777
-0.0129480309519524 -0.0394355251303375 0.72433409004986 -0.309840017492463
-0.0181436620701733 -0.0057097019141392 0.684120843196626 0.593462055974966
-0.0198041330680408 -0.0365242798340541 -0.0357596412196212 0.65417779089831
-0.00501707665634469 -0.0479726586808722 0.084993570031094 0.000121707565515207
0.00449636894404144 -0.0364822960869556 -0.0670034495282567 -0.688355147181055
-0.0251513307481776 -0.0132483623170709 -0.857859651714391 -0.372252974387347
-0.0387843352350414 0.001721423228272 -0.598983801339604 0.60927384405019
-0.0165015248897216 0.0295961397931802 0.30337273115893 0.57570686044657
0.021521478109394 0.0264878622731619 0.43125961678204 0.0186110352668783
0.0234812479021572 -0.0162887345632865 0.111272068929589 -0.171695535543888
0.00662954087978662 -0.0201439062506219 -0.16586262412833 -0.129157706727538
0.0215774676098343 -0.00884232793717625 0.125794492041894 0.101855401256543
0.0058301680591427 0.00275560544956853 -0.13341450591851 0.0856389054202382
0.0068079646031896 -0.000312181460555571 -0.416476113089202 -0.176235663481197
-0.00826283170285624 -0.0228700805832911 -0.0335437686928095 -0.581992459844341
0.000149695988861038 -0.0438013000600363 0.722298354834303 -0.320095857290355
9.43287042990699E-05 0.00522968151744713 0.680022632082259 0.58428927082284
-0.0193843301683295 -0.00843751326093249 -0.0320218527579449 0.643269741827215
-0.0136873033101903 -0.0190730435124456 0.0889353206597507 -0.0116124980704297
0.0123961329150756 -0.0143104465369151 -0.0689261289604874 -0.699586256691748
-0.00575429706447903 -0.0113175201874256 -0.863744965441267 -0.382206254117433
-0.0282761690233306 -0.00621458104314278 -0.606711143480534 0.601600159934432
-0.0151375676903853 0.0256573350585766 0.297040539291805 0.570838758387628
0.0214035211831184 0.0283961943145871 0.428917232050358 0.0194223646251409
0.0232207287928641 -0.00919297960354791 0.110222292285922 -0.16828087231607
0.00689280059335341 -0.010862782993579 -0.167961732197409 -0.123755331897596
0.021271395551778 -0.00138696626165979 0.124499821369014 0.109290418292959
0.00336100921172928 0.00676235926280102 -0.130642334867831 0.0929876102676346
0.00311962627462696 -0.000965067384506079 -0.421829031799797 -0.163400168318916
-0.00711944066317796 -0.0295534766306972 -0.0561308301786652 -0.584885180562985
0.0163086484619614 -0.0495348033779362 0.703372607147067 -0.355979415668111
0.0205944018543633 0.0183982125110841 0.697091135984677 0.551030671968912
-0.0196406743731507 0.0226199409593026 -0.0150699584591915 0.63745168108513
-0.0239741790601911 0.012361313935495 0.0893044220658512 -0.0103843611434267
0.0189801722850631 0.0129995232791952 -0.050135750372338 -0.709182562366671
0.0162880413243446 -0.0071635239320729 -0.858152539571592 -0.424043303647583
-0.0144002706115129 -0.0158054742797048 -0.63873813576817 0.574606128337525
-0.0174553267498591 0.0207279718905794 0.275768291848546 0.579341917377294
0.0163492557380505 0.0298468726479886 0.429847013641716 0.0351863519643552
0.0195948861056456 -0.00211827573398533 0.116760928804705 -0.160564540587517
0.00525751222461507 -0.000531562476994239 -0.167328994610005 -0.118760797465339
0.0204551308637955 0.0079711919560742 0.124592731765976 0.115272714479319
-0.00115509269568549 0.00920648198323082 -0.121291843692331 0.103879802045025
-0.00276133954885862 -0.00346878837328609 -0.425414650387916 -0.141565426229422
-0.00894895704654617 -0.0380919159701031 -0.0942858147400876 -0.579965576875563
0.0301076645717057 -0.0568119206710528 0.669295962384661 -0.407183866586467
0.0438370014893718 0.0292447535896072 0.729428891275305 0.494077034960391
-0.0161737609555482 0.0510317476740455 0.0137802791362231 0.635698371299556
-0.0350613910419333 0.0415091202926616 0.0868358028576743 0.00364442720795501
0.0222841684582235 0.0407177802520114 -0.0190583048557585 -0.71174818283044
0.0395099129627245 0.0034192793944284 -0.835786453812483 -0.4873657561242
0.0019215296913797 -0.0235998904307724 -0.683968773142017 0.52865418051926
-0.0219351584434095 0.0131717993441605 0.236646912996969 0.598063326578796
0.00672924179006663 0.0302913548834433 0.431012827345764 0.0593997810164089
0.0128519326711793 0.0064562509296792 0.12858988104153 -0.151380643262439
0.00273395239186171 0.0106612842553089 -0.164939946998474 -0.114526660749756
0.0180837145684862 0.0163836507837915 0.125868000931795 0.12061777310391
-0.00671124600372737 0.0131477708032252 -0.107157542787244 0.115198888259187
-0.0121982271682896 -0.0038220272341357 -0.426033267633946 -0.108823748223637
-0.0149403200020628 -0.0426328065400387 -0.140227361276707 -0.567227902635493
0.0386548114327287 -0.063126711649277 0.62533503781704 -0.461604306701576
0.063967988734499 0.0348128110213081 0.764284391836735 0.423868529315748
-0.010684763418356 0.0721833514792018 0.0540710784780655 0.64214354370529
-0.044076943192168 0.0634695370343372 0.0802179940404652 0.0296362511204321
0.0212813415276832 0.0629060708502381 0.0222626856032448 -0.703140796062505
0.0581169404781577 0.01756146159019 -0.798329228339016 -0.562492297119777
0.0175729690154857 -0.0285657208138586 -0.737155187275121 0.470541551166011
-0.0287994358468978 0.00357484637661134 0.188091435263887 0.622304147987178
-0.00558635911546544 0.0294887684227015 0.433818891604635 0.092373195357719
0.00598787506483562 0.0126197464683907 0.144618981123153 -0.139944803593062
-0.0020117684077273 0.0204593359979198 -0.162228835708651 -0.111506117369009
0.0155737942452508 -0.0205851890091322 0.136657300684002 0.0910003902482813
-0.00874147763469673 -0.00934826080692378 -0.0986714624715122 0.0960315011531149
-0.0132024151441772 -0.00708073093274969 -0.415875900134311 -0.116920009897322
-0.0242094001404035 -0.0186625576518374 -0.121446067409864 -0.547293020525324
-0.0239377056181049 -0.0311259799048842 0.646568458857094 -0.412439333252326
-0.0300604627878172 -0.00456312969830514 0.780437627650724 0.478502174632448
-0.030348293795112 -0.0642232425831404 0.0439972630497765 0.705616218359888
0.00128781932362633 -0.0868477740956424 0.0623046632762869 0.0846520219692623
-0.00246025017248912 -0.0637364405029981 0.0136083890976868 -0.64521256381349
-0.0393888573159119 -0.0105223293468384 -0.790486138781805 -0.493895649097363
-0.0449624443495756 0.00749846343410807 -0.698787254140471 0.530706362907361
-0.039849055607212 0.0259834541930161 0.234435759809989 0.644455227836756
-0.00461991959238338 0.0261590995150975 0.451521104221585 0.0810770699053678
0.00947275939994941 -0.015561534379141 0.150825121851288 -0.161208831923307
0.000405174374513452 -0.0249806176879845 -0.157186295379556 -0.135456408369029
0.0172319715830625 -0.0225896659212688 0.134465297457519 0.0877327036545564
-0.0028683615335891 -0.00739256305913673 -0.112024781629451 0.0886113054793773
-0.00409242492789709 -0.00452224458679775 -0.41498403022228 -0.140212285561194
-0.019667593440628 -0.0163007101332569 -0.0826101467013199 -0.55686308964812
-0.0257960783549851 -0.0325113621501433 0.694023387787617 -0.363528919208899
-0.0344146674424403 -0.0111486636870527 0.743591791237024 0.539980349597382
-0.0256937549881426 -0.0667387081041288 0.00619392374346844 0.692282855920839
0.00305133048468615 -0.0841358538438922 0.0717072044168993 0.051775705413039
-0.00388451060409405 -0.0633247805986722 -0.0232057027849779 -0.662556952313922
-0.0429816802622224 -0.0128118258366406 -0.82719198545546 -0.429894375697158
-0.0480793707568622 0.00974998570373463 -0.65500568934689 0.578942286856705
-0.0316869511431639 0.0305273428959329 0.274209391757668 0.623110277655822
0.00761670870356455 0.0262303248040042 0.448309067666422 0.0489108842866537
0.0166220415668331 -0.0186465943668586 0.135640697046811 -0.170420235485095
0.00356541394050093 -0.0275259439315414 -0.162029626561257 -0.136668417307608
0.0202683562526709 -0.0213239940662721 0.132644021823822 0.0912937685471983
0.00208093973231491 -0.00509122958404077 -0.123598705192369 0.0835832114489547
0.00228449219091918 -0.00198270999665325 -0.415099809698768 -0.161603262841393
-0.0151848220366815 -0.015415643628365 -0.0512133674356906 -0.56962544223365
-0.0224925661619451 -0.0352542905168605 0.719403322017202 -0.328708504595649
-0.0300245177015643 -0.0112311103963542 0.710892276800926 0.578014030933005
-0.0223482112966107 -0.0574340024009081 -0.019903786425745 0.676496620328318
0.00063560311697145 -0.0716546221625562 0.0795265586040465 0.0225025335234015
-0.00107283327530729 -0.0540529384516823 -0.0541713159822597 -0.679691246919713
-0.0388758333272262 -0.0136626061617969 -0.852341790465118 -0.386848469759523
-0.0458200967645129 0.00794376639007598 -0.616477209720538 0.60946654475725
-0.022126938471962 0.0313645405397309 0.300258718219853 0.596636626299972
0.0162481855574947 0.0265952686833694 0.441578648678157 0.0278317402676025
0.0216822345646577 -0.0192588819570806 0.121032018578502 -0.173859370061526
0.00433022357679177 -0.0256121607128314 -0.165480537267022 -0.133910113706366
0.0210003094443383 -0.0169856448645516 0.129817796929363 0.0958130299084839
0.00495175075633107 -0.00125610918610688 -0.132092027361629 0.0832759224685843
0.00631623557757667 -0.00102885824535126 -0.418156894813751 -0.173893763376737
-0.0116834275025122 -0.0179305776748665 -0.0355443890211404 -0.582094227161212
-0.0135315618462437 -0.0398773900097821 0.729559024789904 -0.316958784357362
-0.0184209660759502 -0.00547252229933429 0.694202456574573 0.595821155944394
-0.0207541595093972 -0.037233373403102 -0.0314547435242708 0.659606350569627
-0.00541657813997905 -0.0484173059575747 0.0860359967835279 0.000492660238386505
0.00445907763038438 -0.0371254361778409 -0.0706186591307101 -0.695397610312297
-0.0258194089994458 -0.0141226487506157 -0.870336524450739 -0.368670348307223
-0.0392584417973788 0.00185431816247873 -0.603546850920565 0.616999888855206
-0.016934169024827 0.0298437611333904 0.311567647721435 0.580963884366054
0.02116954451177 0.0269751778207416 0.43552419494882 0.0158875063877117
0.0233587967862657 -0.0165067002098979 0.113224841678548 -0.174490432844621
0.00581609396486812 -0.0206556881978856 -0.168521852895783 -0.13003015371601
0.0217685970932345 -0.00972544253104058 0.127853284420139 0.10187400806003
0.00556181548771435 0.00338115571251808 -0.135459820944701 0.0866349171486228
0.00688677951577655 0.000280682696155923 -0.422182688243612 -0.173908130785254
-0.00906196001732229 -0.0237720383521162 -0.0385010448557341 -0.588496951673019
0.000264464236246891 -0.0443389677478389 0.725909598433718 -0.326218788363562
-0.000729059325420776 0.00505346130949499 0.690827064253692 0.584883169926405
-0.0200805825312335 -0.00913895258827372 -0.0302749952852827 0.649149254817745
-0.0145263406885884 -0.0193269687675639 0.0905139809401632 -0.0118360684635641
0.0116413438975973 -0.0140480132659025 -0.0723016608373119 -0.705760960675409
-0.00579934616860885 -0.0119592867385381 -0.877392209224089 -0.380838072810984
-0.028701410839485 -0.00641524269993536 -0.609222828248962 0.610649128323345
-0.0145667267424719 0.026523534603258 0.303996260880756 0.57639090709744
0.021457752190033 0.028157034193024 0.434169968942626 0.0160402496487748
0.0229650191281703 -0.00980486208794908 0.111790319986312 -0.170205879063297
0.00597470145406589 -0.0109552851420091 -0.169085960452645 -0.124552147964198
0.0206999972696554 -0.00166392085248781 0.126032867457653 0.109656938511613
0.00284548370157718 0.00697323875165107 -0.13223761187203 0.0937684269752383
0.00309390670436897 -0.00172288184314974 -0.427294246351101 -0.161986191545147
-0.00735078245772695 -0.0306593343303401 -0.060278787974313 -0.59026619001728
0.0157962987573055 -0.0499046480052466 0.707718028703277 -0.361967924433605
0.0212689473080959 0.0179001870362284 0.707366620715336 0.550174403786611
-0.0196634916956127 0.0214600522659288 -0.0120882329817118 0.644025098618097
-0.0247458474772096 0.0126972027558291 0.0909027147022352 -0.0106616577344313
0.0185932636628402 0.0124070630460161 -0.0550050793334273 -0.717366898260287
0.0164140210076665 -0.00660055773247149 -0.868771041842557 -0.423485993762571
-0.0146231360810714 -0.0154679869627841 -0.641336036183179 0.583649717969608
-0.0172907798632006 0.0208871972547328 0.27982768337176 0.583653554335032
0.0167930027550127 0.030052687614924 0.434762424734434 0.0319508350423438
0.0188076135805418 -0.00171894627489238 0.118023360027608 -0.1627553981383
0.00431164332196978 -0.000893360288876996 -0.168532773971194 -0.119126727342756
0.0197420443873523 0.00791488949064142 0.126899256109978 0.115813026560469
-0.00115684444512178 0.0103669835492208 -0.122282795823898 0.104636558842062
-0.00333829400384797 -0.00307632770128903 -0.431579854941819 -0.13791021959537
-0.00946094732742859 -0.0377141436286415 -0.0990323407772786 -0.58482578790649
0.0302121188775678 -0.0567922813220388 0.674458968697749 -0.414532420055742
0.0443671832501219 0.0293104273122021 0.738280794410328 0.493713671160868
-0.0168474759768885 0.0517394264895735 0.0168563256057221 0.642849384675888
-0.0353364866708346 0.0419359756965656 0.0873311358405717 0.00389172405882435
0.0226402990283452 0.040453823280096 -0.0232662415237433 -0.718635660492136
0.0402626545356655 0.00270332536641715 -0.845606002771059 -0.487229691606464
0.0020026876554788 -0.0239923762980982 -0.689507331519416 0.536758720657407
-0.0227752657185673 0.0137371706274284 0.242230763905527 0.602894668820649
0.00687429293222564 0.0303252826719664 0.436810763492512 0.0570728432971666
0.0137367149920704 0.0067754445313221 0.130176419547845 -0.153410950588288
0.00261063098553959 0.011284235516449 -0.166815257658285 -0.11413061646385
0.0181714965548298 0.0168515388170409 0.128543243762852 0.120840323768505
-0.00666750484197394 0.0137791098053551 -0.107019398798885 0.116554776739267
-0.0134443484790778 -0.00383868202823626 -0.432724443262555 -0.106863928505175
-0.0154222152905178 -0.0429846508502378 -0.145342617599664 -0.569934443901067
0.0389669621821563 -0.0635099337173059 0.627781492328176 -0.471684720928395
0.0650325916367534 0.0352501349387353 0.774676894945256 0.423465908346716
-0.0114620871443445 0.0730016817817354 0.0567157836363821 0.647595849824206
-0.044707934839555 0.063172370098961 0.0813846610689847 0.0294039060515224
0.0218732827966266 0.0632317114738474 0.0194369882925635 -0.709314073168099
0.0588303030494053 0.01650820585809 -0.811694450612917 -0.565444059756114
0.0185144570044845 -0.0295688277626214 -0.743064850947962 0.479186251234589
-0.0295491122367676 0.00417025468816594 0.194315083303035 0.626283875081952
-0.00482770245339827 0.0299211350016008 0.439382191376664 0.0895855052802754
0.00503548152870243 0.0128350175914305 0.146740039332976 -0.142044486727275
-0.00181172570142289 0.0203067281949777 -0.163247661620258 -0.111894917387603
0.0148584326304148 -0.0206952733804186 0.139100789068628 0.0914739121819369
-0.00944458052020594 -0.00938660818054878 -0.0995129426538146 0.0977171766403271
-0.0136638842650729 -0.00735847811197328 -0.422102420656512 -0.113718082729868
-0.025516316193345 -0.0188845137260708 -0.12595880936817 -0.552833274975227
-0.0248087887167385 -0.0311188908824644 0.649523101075641 -0.423880118587677
-0.0312068476877149 -0.00468937955865008 0.792091410530309 0.476989746274412
-0.0321127741304589 -0.0643760971848372 0.0496662286705584 0.709976097077899
0.000812841167573627 -0.0875013300948593 0.0631958494717192 0.0854040663746881
-0.00345179470372821 -0.0648098921776103 0.0108970988537088 -0.652383294097385
-0.0405418839964855 -0.0104170170820073 -0.800779111912316 -0.49399454978172
-0.0456485204926617 0.00838110633921075 -0.704058558530398 0.542149707939796
-0.0406145592146254 0.027264367927818 0.2447079000743 0.647473534230365
-0.0042537051585558 0.0266054044262555 0.457239797022346 0.0759365624693468
0.00901072021535633 -0.0162864115068849 0.152627531739271 -0.1634479034328
0.000228041475390529 -0.0252963044790516 -0.159338937327537 -0.135682232258554
0.0178559756914308 -0.0231349158650904 0.136456559212835 0.0881237313612378
-0.00340746040224688 -0.00762760627073597 -0.112442012762286 0.0898925014682126
-0.00390595740544543 -0.00513113164737331 -0.420993734996032 -0.137352961253182
-0.0200539356272456 -0.0156677362820134 -0.0876530835059547 -0.560341246000994
-0.0269436738305194 -0.0323646263437185 0.697721258538951 -0.372912143211146
-0.0355364314463417 -0.0104149547344386 0.755914478761781 0.536762824036936
-0.0271529819052049 -0.067198358334665 0.0124033981178525 0.698181182115641
0.00232075429124096 -0.0854455029224092 0.0723470415797062 0.0525236581554811
-0.00490937556905438 -0.0638065227499908 -0.0288628054678375 -0.667217921991912
-0.0434121865768346 -0.0123481081710293 -0.837520095736427 -0.429217947349337
-0.0494171857978789 0.0101938845811054 -0.656329157669664 0.591002687893457
-0.0306579650579405 0.0316446279299386 0.283446360459145 0.626890352488403
0.00719231738781612 0.0267379478090154 0.453341055979088 0.0454233973064735
0.0162209031887678 -0.019535509127011 0.135887539473347 -0.172238083259858
0.00293890698729764 -0.0276697155195595 -0.165012682484555 -0.136872042595889
0.01940490390318 -0.0213782391664 0.133366125117373 0.090112413939444
0.000818340592686738 -0.00439075797146799 -0.125365649101833 0.0853504049583963
0.00231266288096115 -0.00184672214078205 -0.421948445275762 -0.158083277734891
-0.0165236381931409 -0.0161294041059998 -0.0552657876875413 -0.574061175078755
-0.0232426254467807 -0.0351850148084563 0.723665810449013 -0.338117664159262
-0.030923595460557 -0.0114356328529882 0.720470251686456 0.57864008961693
-0.0227834842293174 -0.0580167759642317 -0.0163100160968037 0.681854935456855
-0.00108535857009402 -0.0731187135938501 0.0803513004146548 0.0228492553892287
-0.00281241968161634 -0.054715175374882 -0.0583484982022562 -0.686528138888902
-0.0390631759790523 -0.0141317495592273 -0.865622768879462 -0.384240791356168
-0.0460480012948363 0.00851967084089744 -0.61796399239334 0.622742714843021
-0.0230082943946355 0.0324435103662316 0.309148230269929 0.598762920840304
0.0172416247543885 0.0263086130924555 0.446343676071537 0.0229433790614667
0.0206283302819323 -0.0203879971310676 0.12193371408378 -0.176958086195298
0.00456865362613446 -0.0264084312193052 -0.168743966656449 -0.134194708503588
0.0210710444901257 -0.0175537446456075 0.131166649149289 0.0962461233116677
0.00360613491889448 -0.000443667231123441 -0.133193179080146 0.0839987821676076
0.0063762570158206 -0.000152093225653573 -0.424354716342988 -0.171212969298547
-0.012242165029623 -0.0183386639486423 -0.0409267283072318 -0.587462407866558
-0.0135196603753924 -0.0397611937694613 0.733803148632495 -0.325367178092024
-0.018651336151976 -0.00508465873160758 0.703391417360625 0.594184526110699
-0.0211850471705378 -0.0376568084753437 -0.027246657710544 0.666709927081367
-0.00612888599891673 -0.0493713857234037 0.0864877013701044 0.000270809713923207
0.00304246796772624 -0.0384452125511468 -0.0758991968837981 -0.700823106469983
-0.0260150629993481 -0.0143476650024542 -0.880381074342551 -0.366498305546624
-0.0384426846791767 0.0027195280638762 -0.605566440285402 0.631355577299185
-0.0164645195365402 0.030357036237054 0.318261233561477 0.581450042223109
0.0218887667384317 0.027095566658215 0.442559999208304 0.0124486115038839
0.0228027741948906 -0.0162704652188963 0.113281116544831 -0.176976479075429
0.00562650731874842 -0.0209788598442686 -0.171826488434058 -0.129078012273455
0.0216409784863573 -0.00945374228476098 0.130449112430481 0.102503080789901
0.00515947738924445 0.00280518080108207 -0.136364911402359 0.0880722789407249
0.00655723451922276 -0.000166289099796526 -0.429816963503008 -0.170922676574593
-0.00883562787625395 -0.0236862838209863 -0.0435952777725403 -0.593887388557
0.000213539149736781 -0.0440745661586327 0.731497879985589 -0.33576948089616
-0.0014396108925264 0.00481406332314423 0.702640358717716 0.587052734940078
-0.02148074686649 -0.00870755394087798 -0.0252980764443088 0.653827998823976
-0.0156880896361822 -0.0196196094382156 0.0910101238151174 -0.0127501754667406
0.0107757674240807 -0.0152037472698383 -0.0780430105207898 -0.714137836470725
-0.00539644200370233 -0.012565702744533 -0.887844169694827 -0.379453612038606
-0.0282919735932207 -0.00525612876489707 -0.609665749511132 0.623547731376232
-0.0149843014254438 0.0273735975419173 0.311812112084874 0.577337543798592
0.0221406194475536 0.0285637979270063 0.439203901121675 0.0134408566452231
0.0234978163830699 -0.010642827579884 0.111302744570215 -0.172891821153782
0.00634104790102042 -0.011712055175286 -0.172282542491764 -0.12383714662706
0.0208714291893655 -0.000875291013862993 0.12838851238622 0.109918848514671
0.00225500965418426 0.00737395164691486 -0.132879920735422 0.0956244147602755
0.00318986269853267 -0.00173096897338618 -0.433949039695155 -0.15925182594276
-0.00791508688935733 -0.0310095437902039 -0.0650401558524534 -0.595902311754092
0.0156585955170042 -0.0498399878367579 0.710587888609853 -0.370754811334528
0.0214187426517657 0.0179660054013179 0.717467871915604 0.54996960035067
-0.0200310649288369 0.0222395711427459 -0.00757304930651232 0.649098031882088
-0.0258175326522553 0.0131457422876747 0.0921026344617523 -0.0105918037550599
0.0186073062772604 0.0115116290933923 -0.0589427523739944 -0.723320707734708
0.0180510340056744 -0.00741635096241818 -0.881043079693667 -0.423223306687825
-0.0147573740815949 -0.0156842849174721 -0.642918966953948 0.595213251825739
-0.0175069640851568 0.0218412779326433 0.287955104854832 0.587513370319351
0.0176856496514737 0.0299094351966593 0.439414753846911 0.02914761671742
0.0193676501429722 -0.00236075577054412 0.11771663870275 -0.165131633943427
0.00537475726883745 -0.00012514764124839 -0.171494569481485 -0.119007477637615
0.0196265416754672 0.00768193271748492 0.128976814701357 0.116591515329522
-0.00213939537870873 0.0116591356789174 -0.123732658286211 0.106292726680708
-0.00392644097036423 -0.00281748092435926 -0.438063264691043 -0.135332214198687
-0.0112454538451083 -0.0386480622041665 -0.10636426024661 -0.590767232664829
0.0288097381994551 -0.057333656727459 0.675649160223202 -0.423440270564654
0.0446445074065651 0.0284735815528025 0.750069463408311 0.491472367241012
-0.0175262246668898 0.0523338380733384 0.0228926544431839 0.648816299282596
-0.0363452232199452 0.0427227858060983 0.0885886450966018 0.00417176806568182
0.022203975125429 0.0396760202488526 -0.0278219698531873 -0.724319316575795
0.0414145147468791 0.00218954866895938 -0.857911449375235 -0.486801666366173
0.00178815643764282 -0.0245138617130491 -0.69272622877727 0.549640884484057
-0.0230490315708856 0.0135173390157243 0.251076577263461 0.607836487891546
0.00783935459392734 0.0306203614711068 0.441590896912985 0.054535614560618
0.0133738572876726 0.0058937840351568 0.13092126340682 -0.155837274141781
0.00186486093666126 0.0117901405226725 -0.168663116620477 -0.11341534354857
0.0183209498997821 0.0175585921362234 0.130337833869541 0.120644434697429
-0.00784936164874998 0.014329759817286 -0.108985308321876 0.116949614217963
-0.0124758083030778 -0.0042560468895461 -0.437006121731061 -0.104132193817345
-0.0168694668619671 -0.0432202959939492 -0.152928742332502 -0.575039636787187
0.0379646228491273 -0.0642794772407842 0.629842534198036 -0.480705827675155
0.0657819701999702 0.035006657413822 0.78342331623852 0.422652100848095
-0.0114699583995768 0.0728936724310368 0.0628710382532588 0.65381137513641
-0.0440984685298425 0.0651947703257973 0.0815034418495808 0.0287347540326083
0.0216792566259116 0.0636587048817337 0.014989777517797 -0.717504037408447
0.059390560700038 0.0166308950034308 -0.823193665381087 -0.564837194991577
0.0187285012787088 -0.0300297208273362 -0.746177937459252 0.489630075074479
-0.0291800718537965 0.00413484669752211 0.200024497436834 0.631491210056381
-0.00443134410331055 0.030203163916072 0.446304273166123 0.0886934111816446
0.00448098697598473 0.0125603824047279 0.147740759026913 -0.144681509656159
-0.00149081273730253 0.0211103481284669 -0.165637013283198 -0.110637466690519
0.0143849292656423 -0.0220369847750537 0.140709548320397 0.0908814601384418
-0.0103340700017764 -0.0079901694597955 -0.0999309128438679 0.0985109913615806
-0.0135281156371844 -0.00728698035750174 -0.428462214631373 -0.110493654646479
-0.0259015343010734 -0.019222160810057 -0.133509589404679 -0.555045029720373
-0.0250406391897834 -0.0308679604468695 0.650744548718771 -0.434572915192604
-0.0316441410620494 -0.00448877565858929 0.802031509317791 0.473104250328668
-0.0325620034238467 -0.0659392890038988 0.0552622126129519 0.716382570996427
0.000276217162889348 -0.0883649523401684 0.0643151894578146 0.0853590398607097
-0.00448941575175415 -0.0651631455768285 0.00612046665451694 -0.65826716127809
-0.0403158058752758 -0.0109524015739024 -0.813075971165955 -0.491452145769969
-0.0454177642460599 0.00988597039416373 -0.705251867996203 0.553052049896453
-0.0407167618518241 0.0283300672827487 0.253110763638068 0.653769828079753
-0.00419737421779743 0.0269857679282535 0.462603979498766 0.0716495045174284
0.00842602594280279 -0.0157954641973443 0.153374487222102 -0.166709294140789
-0.000312327604372635 -0.0253106534444615 -0.161669194650066 -0.136312185259759
0.0168762267051286 -0.0234273201026537 0.138456688049131 0.0876868486827013
-0.00438753185700667 -0.00728831015754771 -0.113412069964169 0.0907272125728797
-0.00439159069031339 -0.00487323208578341 -0.427108113473107 -0.134632722545605
-0.0214085289045682 -0.0165436129302041 -0.0947382607307796 -0.565306354681712
-0.0279540887186183 -0.0325437384372875 0.70190698120991 -0.383276795724715
-0.0361949216009172 -0.0104976922278958 0.76714505238579 0.535966164556562
-0.0281157316515052 -0.0675450885887791 0.0177808025781292 0.70305741461848
0.00108161413981401 -0.0860312011844678 0.0732294454887386 0.0516758057051277
-0.0056253761188888 -0.0642897220349762 -0.0335938095417371 -0.674364546924741
-0.0439206275372227 -0.0129530405030651 -0.849658451365011 -0.423397174706706
-0.0486739814791368 0.0110069559980791 -0.656525759681863 0.602849854396584
-0.0314785715967361 0.0327829533850377 0.290197499635743 0.629924925555425
0.00773651430449111 0.0263442299513641 0.458090172857773 0.0411954119713576
0.0155523358370453 -0.0197710284694459 0.136394935529365 -0.174301185280771
0.00231008664987491 -0.0286811750896832 -0.16763565904564 -0.13651454439514
0.0189879134087305 -0.0218574053778343 0.135704865440088 0.0905972011070439
0.000174318975599606 -0.00381951900957624 -0.126319679486768 0.0871455288872671
0.00202403171658889 -0.00198958103074014 -0.428955477611379 -0.154114401048569
-0.0167084751401277 -0.016478234602643 -0.0604011868979537 -0.579813568587889
-0.0238952421996471 -0.0357884976796236 0.727640096919046 -0.347934283252648
-0.0312541742943442 -0.0114570231641761 0.733838039379422 0.576442136295746
-0.0240324013713801 -0.05836940920382 -0.010866313751047 0.68858278121693
-0.00170051311451321 -0.0732115279911353 0.0811076586359071 0.0218899021307702
-0.00324548801489894 -0.0556590014803743 -0.0652477569327959 -0.692248296400407
-0.0385646809500594 -0.0138782192607598 -0.875776304786983 -0.380678653140218
-0.0463875503798843 0.00898444032787192 -0.619253193273418 0.633349202178924
-0.0226089189173215 0.0335284311148398 0.317974324151582 0.600853567488699
0.0175741226527629 0.026453362612521 0.451359852041019 0.0192860688051101
0.0202297907935811 -0.0198148104459151 0.122236668816356 -0.179139380853515
0.00494363473852243 -0.026338731998687 -0.171703430229225 -0.133050625280457
0.0203809505756139 -0.0178668523512817 0.134411731454898 0.0952206234639385
0.00314697140121354 0.000348614541136475 -0.13450564117408 0.0862518338365974
0.00538865985061633 0.000146812586401754 -0.430767115929144 -0.168614134251938
-0.0135642936489531 -0.0187803237956963 -0.0470434662443991 -0.591287324503449
-0.0148672040448368 -0.0394279588802238 0.738046689211402 -0.335157641442351
-0.0197425519904332 -0.00550967173885366 0.717155191857068 0.593155448347707
-0.0222286240998822 -0.0376528116583938 -0.0228813839276985 0.670765895265902
-0.00735055091262321 -0.0498189961267223 0.0874247210136639 -0.00142478422097619
0.00275558371752027 -0.0384144212116663 -0.083035077196112 -0.708096736724916
-0.0257195673190094 -0.0148019188784541 -0.895551833474384 -0.363378975290919
-0.0393215199712005 0.0037182279065241 -0.603356584689798 0.642871089023676
-0.0167763234258689 0.0322637996168468 0.32788074514776 0.58468300522884
0.0223877987370423 0.0269026863587879 0.445505320302824 0.00784109011357439
0.0224485674616194 -0.0168204433953016 0.113867204279774 -0.178976383470577
0.00587871490464339 -0.0213839982643687 -0.173678476201658 -0.12900956804887
0.0209335031545874 -0.0109263451021069 0.131943240932164 0.1014358175407
0.00438771900092121 0.00441896184863741 -0.137972377427515 0.0898125163026075
0.00633472756729879 -0.000449061196545094 -0.434971777686732 -0.168010584628198
-0.009866043234536 -0.0247646109520038 -0.0496610793093243 -0.596922951583605
-0.000858286054950778 -0.0451289101193184 0.735338375759665 -0.345966295994805
-0.00131409975579744 0.0055695569610647 0.711546731822987 0.58427008980239
-0.0217218916467651 -0.00890074558701605 -0.0191898909490769 0.661602506432815
-0.0156193065879364 -0.0198859396951906 0.0919095752180189 -0.0128266352311126
0.0106638772003514 -0.0153195522164272 -0.0848313919466351 -0.720053973744325
-0.00564980247033176 -0.0130024812280749 -0.900170100241582 -0.374820364735331
-0.0277017939593022 -0.00517163177298293 -0.61144120358137 0.635445866982572
-0.0149276662798304 0.0272708883671589 0.32032137382362 0.580182922630761
0.0229502768958443 0.0286245208251052 0.444238634266668 0.00799843987952966
0.0228820570183304 -0.0107206358498782 0.111973211108927 -0.174674542458634
0.00615446698312917 -0.0111290605118587 -0.175433192935188 -0.123512998602621
0.0203155418914422 -0.00234814879857706 0.130625937987082 0.109031924645508
0.00238765049241855 0.00796451903408856 -0.135021109166077 0.0969638853652266
0.00265371999971321 -0.00163771836930005 -0.440929382719295 -0.155146460343246
-0.00884614584017136 -0.0316034565085291 -0.0743280753767413 -0.60020959428432
0.0149076291024718 -0.0511829459818997 0.714774383770233 -0.379951139388065
0.0208889369775158 0.018265787733722 0.730167106042927 0.548820028137611
-0.0208392791702196 0.0223346181460925 -0.00329012643477881 0.654572333339255
-0.0257502121319974 0.0125888994531564 0.0918644334641004 -0.011211982177426
0.0180056450364264 0.0121875346534276 -0.0670837175777151 -0.7294576654193
0.0180665059739668 -0.00795286342975347 -0.893629197565449 -0.419253337326122
-0.0143693286440626 -0.0149728637606649 -0.642847967392675 0.606846325122932
-0.0170280654480463 0.021943006180753 0.296737970267825 0.5892295201387
0.0174593452569127 0.0316006306288978 0.444277046734911 0.0243312116701792
0.0185560692847649 -0.00228317423858367 0.118572195791956 -0.167756442128402
0.00517903100691164 0.000463719221207314 -0.17401085016368 -0.118109235676179
0.020098183193023 0.00773149891899507 0.130813342999981 0.115484826953712
-0.00214121207094478 0.012197494864302 -0.12444423921524 0.108980702981267
-0.00440140376538311 -0.0038257976204669 -0.444741767180324 -0.130324685501927
-0.0117298788487383 -0.0383217881396219 -0.111963161167529 -0.595327685941124
0.0288946428774559 -0.0580447587042715 0.679299549715455 -0.434281879306665
0.044575181111511 0.0288451337728998 0.760872870813518 0.491089297695043
-0.0177029250344058 0.0527537453689635 0.0291707563547603 0.653679847536457
-0.036176372162587 0.0435111766221641 0.0890077409089207 0.00347145637083806
0.0228441162047411 0.0400160026200216 -0.0351494540587989 -0.73196462334501
0.0420953223099617 0.00146997562503327 -0.872694162877444 -0.484058350838603
0.00146148695255121 -0.0242100987653223 -0.693187822194958 0.561375555549103
-0.0233137613867368 0.0143816364302796 0.259193835567778 0.610139459151082
0.00751098759422506 0.0314534388337502 0.448198687435823 0.051972129155844
0.0132747851198176 0.006127360686813 0.131511474248414 -0.157966159981206
0.00257897377485682 0.0120625666926831 -0.1718414300467 -0.112987074745615
0.0184905697499517 0.0162610497427845 0.133239574088393 0.121025529675391
-0.00798430916387309 0.0162081095691799 -0.109240497973749 0.119470220188081
-0.0139822834326293 -0.00364464184234694 -0.444769298662859 -0.0984855416292787
-0.0166506836207875 -0.0442323920804367 -0.159741242482754 -0.579017942740878
0.0378979079671527 -0.0652240436437349 0.632369478705807 -0.490892922286902
0.066000513239883 0.034537228936767 0.796465204754421 0.417765435681652
-0.0120323432832936 0.0737073085629967 0.0666629612061025 0.660051750419075
-0.045031426786655 0.0650370157116162 0.0834704708457861 0.0292565741575113
0.0218133917849496 0.0636874847491927 0.00848777706775417 -0.72237326158197
0.0610612152650936 0.0150743457050057 -0.83572356104572 -0.564664298799079
0.0192040830974608 -0.0302169946447075 -0.750333516208712 0.501612393194786
-0.0297933851298568 0.00465754595340918 0.209977081921021 0.635390108484555
-0.00468039816176468 0.0304552925118383 0.45000211196894 0.085406555364147
0.0040529694645475 0.0135693263819326 0.148852397248347 -0.147618880879987
-0.00179122563375287 0.0221807230835709 -0.168856889000549 -0.11067648056024
0.0146786163228187 -0.0219008126892769 0.142668944445736 0.0895127777856829
-0.0112474417892345 -0.00812273505700679 -0.10048915136098 0.100000458772737
-0.0142832247395245 -0.00745569369781779 -0.434688653402285 -0.105726681284593
-0.0264722013035415 -0.0191767229190608 -0.140077020308324 -0.558026177196626
-0.0261781568969474 -0.0306511937433056 0.652286767280045 -0.446043417443046
-0.0325449962032043 -0.00357695487879811 0.814625434932945 0.466579022342286
-0.0341498576880142 -0.0652567808813147 0.063383802252228 0.720380507031907
-0.00176825297200115 -0.0895739666232993 0.0656887457345941 0.0858284389445289
-0.00536447722198604 -0.0665902786952649 -0.00308278399850171 -0.664372463145985
-0.0403395297169961 -0.010651179137126 -0.826815948120241 -0.487264234357439
-0.0454278859835645 0.0100444768232829 -0.703714364363408 0.565353827297886
-0.0401293796737087 0.028932196765005 0.262429055188075 0.654187586831066
-0.00335546461834463 0.0275943358674895 0.468336436710857 0.0673932635269749
0.00775333387420022 -0.0165154139438305 0.15265338401443 -0.16919411462309
-0.000630312435644916 -0.025487132592121 -0.165399149291972 -0.13500294320809
0.0170686959770727 -0.0238785366057492 0.139937417820932 0.0864020573728294
-0.00494960690141658 -0.00665277173651572 -0.114244776653248 0.0921998266084002
-0.00563379986939157 -0.0045257542138176 -0.43309638915083 -0.12875834022888
-0.0221670156989043 -0.0165060468200963 -0.100302537901391 -0.568954886179186
-0.0283239947319886 -0.0323647949509534 0.702551265473662 -0.394353094967581
-0.0366400449591232 -0.010215655479937 0.780524841755889 0.531944790215777
-0.0295104126939954 -0.0691727293880667 0.0242169373128076 0.708649043124341
-0.000500094986504045 -0.086641525422142 0.075105007038442 0.0514630585663098
-0.00624673762516666 -0.0655881290040413 -0.0432784674304188 -0.679592308904423
-0.0435162654195699 -0.0126192248135289 -0.861751892901588 -0.420978199623496
-0.0487956565219395 0.0121572997311275 -0.655487378802702 0.615963628911854
-0.0307187940159833 0.032212356062419 0.301305157175208 0.629560157522976
0.00840115910243561 0.0265055051125832 0.463428813865048 0.037185172191693
0.015391139673827 -0.0199690106685957 0.136637349541919 -0.178085271076917
0.00183742646623487 -0.0277945948348546 -0.170466262565893 -0.136101026043189
0.0189721075194386 -0.0232465077065059 0.137842653270461 0.0897895599196898
-0.000137478105851064 -0.0036539626181896 -0.126924360465664 0.0885693280759013
0.00142116757576703 -0.00167719028437165 -0.434985650835007 -0.150763898254798
-0.0179001191394677 -0.0159734352554413 -0.0701501249131483 -0.583416376749871
-0.0246430078840238 -0.0348379549995807 0.730203623815961 -0.359396305518436
-0.0317864223501779 -0.0107743462383298 0.745768803194191 0.573760900916105
-0.0255643510350453 -0.0585148562366956 -0.00317646864540919 0.69273505604572
-0.00217520465311957 -0.0737727902544212 0.0817702359868129 0.0212465468033601
-0.0044495711505366 -0.0562848012766073 -0.0740134007513657 -0.697647284525752
-0.0388759908950589 -0.0143498437144513 -0.886544682498664 -0.375270543613233
-0.0461290057190876 0.00993140500001264 -0.617518444614905 0.646386144354821
-0.0217560573030638 0.0337199003080517 0.328810176469934 0.603639198591793
0.0184585423920722 0.0263230242978104 0.457342089254934 0.0139542167275409
0.0201732627818274 -0.0200787876964434 0.121769468873961 -0.1824559683376
0.0041724008024495 -0.0262892121355731 -0.173773511072471 -0.132487084956886
0.020000856562315 -0.0178960047170949 0.135568407565856 0.0942919208634889
0.00365640793206707 0.000715916898111748 -0.135947933510153 0.0878123340368511
0.00601424460719982 -1.36818569974641E-05 -0.438949159288944 -0.163235570526224
-0.0139296177580456 -0.0185111867863353 -0.0548373881845364 -0.595221008946045
-0.0158483019670724 -0.0390265168567967 0.740769712039996 -0.346320556360221
-0.0198516374231713 -0.00555685233863712 0.728944741659439 0.590926160058344
-0.0236934036831893 -0.0382043294057235 -0.015771280407461 0.677643845900975
-0.00803621130695015 -0.0497433713374612 0.0876114592312147 -0.00154013362137988
0.00195302765896352 -0.0388331110502069 -0.0914736174247573 -0.712383965553234
-0.0259532564400065 -0.0152030940930593 -0.905052752561089 -0.357499388113573
-0.0396443907853865 0.00374297931598321 -0.602492591082084 0.656413426460555
-0.0165363619336264 0.0319370770335468 0.337717751779613 0.585238740656135
0.0239402100890631 0.0269617079643228 0.450613634130119 0.00175663045292753
0.0221638370104358 -0.0169752072801956 0.113512921343907 -0.181806615619122
0.00551843612647352 -0.0206786570541208 -0.176590520581051 -0.127729128976779
0.0212365511413299 -0.0106558622310131 0.132952242026857 0.100794085886564
0.00347767596153749 0.00475876632107215 -0.139013121742345 0.0921458583583877
0.0058590856756449 -0.000522109074178635 -0.442252237155336 -0.162644632649666
-0.0111199851891382 -0.0238324728650181 -0.0584775763734062 -0.602759482701924
-0.00099895873533022 -0.0450485735837882 0.73598274538486 -0.357646053478312
-0.00160725606893647 0.00561352610387798 0.724925659169369 0.582013432355917
-0.0223561609156452 -0.00906993177935568 -0.0134731852915976 0.664805683130488
-0.0167715844604887 -0.0195778514441852 0.0922478268171085 -0.0148309096742443
0.0108034704113189 -0.0154403917770811 -0.0932575029407333 -0.724130970514818
-0.00526226169961675 -0.0133175405109021 -0.912635403519275 -0.368067239989047
-0.0285753088572232 -0.00478923897501516 -0.608947682215428 0.648193177549514
-0.0146489509679182 0.0283040804364154 0.329447448376404 0.583296127636958
0.0243009701251772 0.0282584815802865 0.447537085178315 0.00306586164058539
0.022010457121438 -0.0112530842008822 0.111631815768316 -0.177391334800983
0.00594728305888896 -0.0107692897058933 -0.177098888559524 -0.122413420235782
0.0211287839954337 -0.00238714031722786 0.133341740193661 0.108180418222229
0.00112079674654185 0.00913540504492314 -0.13580951799452 0.0991357775616576
0.00241234859791608 -0.00180918923442428 -0.446624481530795 -0.148800632062255
-0.00985090883781656 -0.0314400653770759 -0.0804899601088224 -0.603524294873185
0.0143121619607668 -0.0511955189852044 0.716798930264944 -0.391929601096921
0.0208560377002083 0.0183700759910721 0.741445901514136 0.543209752562719
-0.0214123723933404 0.02322365262283 0.00404141085478744 0.65828337816731
-0.0265766708153456 0.0132982922843533 0.0929245780704512 -0.0122677013323887
0.0183313309903113 0.0118364322963428 -0.0767218792922054 -0.735129854830167
0.0184922555507081 -0.00942898099227974 -0.907851313162911 -0.41185208107285
-0.0144862565857843 -0.0150953541700334 -0.64126807040405 0.620308902493153
-0.0178635846611815 0.0234187629981182 0.308224057068953 0.591438988646924
0.0184198777361759 0.0306351011566975 0.449189785984079 0.0186637567724562
0.0191965080151363 -0.00247514977185703 0.118865974995868 -0.171197918755071
0.00395068784168077 0.000385442071090154 -0.176163601484738 -0.116716539174501
0.0198514735539313 0.00738124327849172 0.133469608736494 0.114711687130584
-0.0024640646590095 0.0124143327331338 -0.124706055920764 0.109505427320157
-0.00500765042812819 -0.00294867513303185 -0.450467386352407 -0.126685480970497
-0.0124201849629547 -0.0384815322387109 -0.120007303489175 -0.599069787672678
0.0287506822563364 -0.0590654497043595 0.680115740920282 -0.444709835523782
0.0456465455510798 0.0289744651095191 0.772048723339835 0.485085639868899
-0.0173114387438103 0.0526981450300926 0.0346346202474774 0.660224377407368
-0.0362710179685554 0.0440124480414622 0.0902906938298991 0.00232927515122038
0.0227111692279035 0.0399870877273686 -0.0435419799570027 -0.7351616385839
0.0424692813264511 0.000416472270634169 -0.885326472477715 -0.477573430904337
0.00184535855482552 -0.0246187406883609 -0.693043697328383 0.573405650867319
-0.0233517165155016 0.0153500073161435 0.268451164007091 0.610176962262178
0.00891714978572135 0.0314066879814678 0.452903170650671 0.0446344107908274
0.0126238520099285 0.00649448212667758 0.131895619399992 -0.161416548101975
0.00211202381347826 0.0124714304496577 -0.174013859671692 -0.111767592832116
0.0189224219975137 0.0156945373074753 0.13490615807274 0.119958263415395
-0.00840156303253212 0.0159334843454172 -0.109179750532159 0.120654971324179
-0.0141270886843519 -0.00361555471361266 -0.449742213525433 -0.0934158139900774
-0.019496503171681 -0.0439426999111828 -0.168386848932444 -0.581887461046547
0.0375461061850634 -0.0661091000528235 0.631893888666862 -0.503236431001879
0.0667676840643359 0.0343125508527514 0.807414120472014 0.412331390799762
-0.0113058754012509 0.0750593621051425 0.0763057134568887 0.663834799245238
-0.0453781711836633 0.0660382169129576 0.0837619759257884 0.0288707263082869
0.0226082908506883 0.0640330326450398 0.000183443844925735 -0.7293033866746
0.061773226490372 0.0137632106191405 -0.849157423102836 -0.55915192302964
0.0189609025248428 -0.0306034584883513 -0.751435812671879 0.513131621558856
-0.030142462666272 0.00614671420845097 0.218819759001028 0.638603930790121
-0.0042817442451994 0.031002071251376 0.456652337011188 0.0791306714691471
0.00386893590343092 0.0126578738190792 0.149489672415766 -0.150066390541706
-0.0011178174644861 0.0225896782075569 -0.171106668873887 -0.10899047515271
0.0142758345553047 -0.0226287086718167 0.145211538251752 0.0879445544615644
-0.0114357015473398 -0.00737866525761403 -0.101023834626316 0.100748245348209
-0.0147605319221358 -0.00788462820352138 -0.439675378321567 -0.0991142343506879
-0.0283106444490295 -0.0194859375663765 -0.148621697254035 -0.561391311636833
-0.0267002020135179 -0.0304472363385324 0.651040798582227 -0.456007758718613
-0.0331283442696469 -0.00336749295449695 0.825974663127665 0.459828137550358
-0.0357002946420742 -0.0661117873786449 0.0720882596309896 0.723524672295009
-0.00208461815074073 -0.0903756429004731 0.0682720664083229 0.0853127399176039
-0.00646464700893635 -0.0667366075986383 -0.0113273808934965 -0.669970981171316
-0.0409240856765404 -0.00982259275251817 -0.838504325630762 -0.480251217135991
-0.0457913996827019 0.0113884369487221 -0.699226070361297 0.581785907727932
-0.0404153451277584 0.0298034009554945 0.272851657913887 0.655538274767818
-0.00285538331522962 0.0270072886708524 0.471585926965267 0.0613617095531701
0.00718316514002732 -0.0173344403198944 0.153326311673466 -0.172042071851574
-0.00186424073454847 -0.0253288521736776 -0.168622406395801 -0.133939445291636
0.0160312460534447 -0.0247868747241099 0.141816394182996 0.0853784833959549
-0.00556342993352821 -0.00546095722826397 -0.114465412863232 0.0936998928764783
-0.00595626595496048 -0.00465374717226731 -0.438951316167815 -0.12265883200147
-0.0228210967086677 -0.0162780500158997 -0.11073798838557 -0.571161721933283
-0.029559566037279 -0.0313535774981685 0.702217737452144 -0.406571708563092
-0.0373851738734452 -0.00955933084677485 0.791016672461811 0.526637559756961
-0.0319995998891333 -0.0684514089729337 0.034294111960392 0.711821462679745
-0.00222602598379761 -0.0873643444857881 0.0755230980634032 0.0510954490735435
-0.00743016080962964 -0.0660914887164293 -0.0513082677106765 -0.683767503905142
-0.0446228853408573 -0.0129113804086254 -0.873865211459352 -0.412379466041741
-0.0492676674816221 0.0134384319670109 -0.651180289928484 0.629600165354414
-0.0304728416747834 0.0330485561318727 0.310958670568093 0.630728417483045
0.0092817460837123 0.0264669185592228 0.46811031963838 0.0302449679062842
0.0141789692860791 -0.0206159857521964 0.135573508260802 -0.18019303267975
0.00103672838463849 -0.0276141827171612 -0.173327070760983 -0.134026226494675
0.0183022794555479 -0.0232831631737876 0.140300984723152 0.088255043627154
-0.000708104223513022 -0.00289910567495095 -0.127743173347136 0.0900076096077219
0.00104867012499522 -0.00207182833352293 -0.440322590756365 -0.144460572186898
-0.0191094377078853 -0.0161564647949087 -0.0797825970048932 -0.585768337936565
-0.0258144760128997 -0.0344988874822255 0.728863115979099 -0.37134981914357
-0.0333199285867184 -0.00984834154507811 0.757535278486103 0.565634534145445
-0.0276130485810732 -0.0588389613267985 0.00581326360338753 0.697192159652733
-0.00368345952513634 -0.0741051818328934 0.0824986580158462 0.0211264106006058
-0.00522733727753142 -0.0561533106681222 -0.081431123175536 -0.700418339743427
-0.0390881855498824 -0.0143069983446705 -0.900288091690192 -0.365973680083216
-0.0464795918665182 0.0108645299693677 -0.611765986223663 0.657689991360528
-0.0220721112954473 0.034161052990313 0.338385881564217 0.602395659321702
0.0188175602351469 0.0260652091837224 0.460865924464093 0.00616140593435205
0.019264236596299 -0.0209097946272599 0.12133601277051 -0.184216368184952
0.00366622444233322 -0.0258095712950728 -0.176962212776012 -0.131624352033188
0.0202893571355998 -0.0185245062693273 0.138162835481747 0.0932414599562089
0.00314792863323925 0.000895460892458031 -0.13610381660154 0.0896066685392238
0.00512175133230366 -0.000232898571660088 -0.443232109624555 -0.157431547311225
-0.0140732727854723 -0.018867639401558 -0.0640400142657597 -0.597667277634508
-0.0159708624526151 -0.0389493965401927 0.74142594240422 -0.358132156332199
-0.0200229619454289 -0.00534400186017173 0.741163179872696 0.583407123896081
-0.0244838460929888 -0.0385282442001133 -0.00755867530985247 0.679923062518578
-0.00908828055241074 -0.0505116770295881 0.0888589903668413 -0.00276149857940872
0.00140074686456751 -0.0396380499633261 -0.101350096203507 -0.714887061365096
-0.0254744154915423 -0.01518842301337 -0.917156958057209 -0.348128763535667
-0.0383661620854303 0.00491883034245841 -0.598130581925566 0.667421171130884
-0.0165492036857497 0.0324982636689306 0.348397579624015 0.585387116044376
0.0240594695277019 0.0269402429874734 0.453918308299082 -0.00502416817935685
0.0221463445080824 -0.0177348351421119 0.112623786921275 -0.18423555718505
0.00470106574032662 -0.0200629924729872 -0.178567061280714 -0.126756401046354
0.020052764503926 -0.0122004640577409 0.135870830765164 0.0997512038893572
0.00333111943024923 0.00510635161700525 -0.139428210614737 0.0933745671469488
0.0049042146080165 -0.000307989978114622 -0.448095215013872 -0.157212129648596
-0.0119005369997538 -0.0243748594319349 -0.0665965817280414 -0.605506717256317
-0.002288988378569 -0.0443175352112588 0.73630185629634 -0.36976952036338
-0.00176702064110111 0.00598197819224756 0.737231995353394 0.576462890699578
-0.0231920097571157 -0.00887906627583265 -0.00693969966426937 0.669741130800835
-0.0172683750480806 -0.0194981513510316 0.092712581479292 -0.0150768120783901
0.00959354930127993 -0.01630188823105 -0.103511030960215 -0.728900672861961
-0.00587554672536338 -0.0139561386092627 -0.924047108360077 -0.358909195043034
-0.0282950056167287 -0.00423666026814127 -0.605240497818856 0.65990403186106
-0.0144633101332256 0.0289558175177916 0.341959649744402 0.580871489135252
0.0241240972377648 0.028593352873095 0.452517302877256 -0.00316356187638287
0.022232494844249 -0.0112108821858474 0.111257220573966 -0.180158932825852
0.00512106372557774 -0.0108752070680818 -0.18033713206835 -0.120709081142382
0.0202828747479941 -0.00298572099181792 0.135406261364296 0.106896117281348
0.00164339715690273 0.0095811464290654 -0.136318167094659 0.101313862279856
0.00176717593381158 -0.00164826389421459 -0.453021565624651 -0.142410101758968
-0.0109218400130928 -0.0322553752519985 -0.0911000707462324 -0.60672438271909
0.0143994323224489 -0.0517055777788508 0.714549387161579 -0.404480332095227
0.0211885861059207 0.0182121163190462 0.753909343629575 0.538164314678365
-0.0216404904994235 0.0237491328266813 0.0128562890350628 0.663672378948059
-0.0272978163770516 0.0139966669171924 0.0928819522705728 -0.0129151463080411
0.0175782490039314 0.011496739782836 -0.0859263465408382 -0.738389918752494
0.0186059647458722 -0.00958036201188057 -0.919632634131731 -0.404260540286541
-0.0146503075102903 -0.0151991209414212 -0.638587984459335 0.630754567164951
-0.0171161690018702 0.0234261066724537 0.316654119048642 0.589383208120551
0.0191582887014348 0.0301086715258041 0.452027617650543 0.0117644584783531
0.0179038145554029 -0.00215108006786659 0.118402997814013 -0.17275539418513
0.00524953267510246 0.000662908293745707 -0.179428355203298 -0.115973229590189
0.0193506782029722 0.00649353481626244 0.135461463967953 0.113894257291473
-0.00290188031766625 0.0138582497027172 -0.125177213157495 0.111740102632017
-0.00532580270457352 -0.00279674406364029 -0.456028020766564 -0.118540676806107
-0.0134788972408588 -0.0392157799826541 -0.130431689349141 -0.599717468886772
0.0281064835594868 -0.0594735361325621 0.678459420601628 -0.456281060591457
0.0455377740480381 0.0285477607247469 0.783489129568676 0.478156534821913
-0.0168249186707678 0.0534513870090739 0.0432444021458166 0.661690052498684
-0.0365336618111948 0.0444417442707716 0.0898397864995065 0.0017298417317535
0.0228976604772405 0.0397340924067198 -0.0536960785414587 -0.740550300160091
0.0431180919440014 -0.000832154192317594 -0.89730726230385 -0.471943953178668
0.00166055545930287 -0.0247968018690951 -0.690253562135887 0.585858545956437
-0.0232880561603425 0.0159118716147763 0.27877112763305 0.611528610941742
0.00935345248510654 0.0321687982954768 0.456344325043806 0.0390112338301184
0.0119523090950047 0.00615981660056054 0.131804299241816 -0.163427117413294
0.00185526002088494 0.0124065398063695 -0.177001569561001 -0.110336937602161
0.0189525501841412 0.0154521748866204 0.137106501049685 0.120198243918762
-0.00830754795908933 0.0176893296976524 -0.109294816243653 0.123094737041496
-0.0151332617978411 -0.00329921377405091 -0.455830728562969 -0.0875611803452758
-0.0201763900310721 -0.0440193347659074 -0.177995585294604 -0.583748103651991
0.0369455528218733 -0.0667609745066008 0.629100970875641 -0.515049151336947
0.0673601766327202 0.0342875832382297 0.817740436237265 0.40520753701946
-0.0109522879840121 0.0753628493413609 0.0844863825284567 0.665447196645893
-0.0449768404690941 0.066914021139843 0.0849732709423983 0.0277142541439204
0.0229330907089886 0.0636314943565476 -0.00908816267300818 -0.733013204066048
0.0629638472011582 0.0128197683312176 -0.861637001985099 -0.551972541021882
0.0194579614821186 -0.0305603765301831 -0.749762666115902 0.528240945501015
-0.030005991887472 0.00631420030202321 0.22836977764447 0.639072422849264
-0.00399458634230191 0.0310062567723099 0.461401977581048 0.0737987370466
0.00419547794797338 0.0129186532870567 0.148919935676469 -0.15273187610591
-0.00198737800630573 0.0225603688395259 -0.172102793951854 -0.10815577197343
0.0134775118773109 -0.0226816888251737 0.146626067653558 0.0867076396679514
-0.0123252653793713 -0.00711087977921891 -0.100494556394647 0.10122090009973
-0.0156255728464795 -0.00705004665192544 -0.444109947242659 -0.0928963159685416
-0.0282834403834226 -0.0184374627992531 -0.160642202351589 -0.560262608423369
-0.0273709321094603 -0.0301065063801578 0.647662277602905 -0.468517182893319
-0.0336606203874427 -0.00214216675155159 0.836454485583766 0.45110744139815
-0.0369116120248452 -0.0655938294897114 0.083266995567812 0.72689434368873
-0.00377543228330629 -0.0896900802794015 0.0684172131781625 0.0835317357645755
-0.00821242102884061 -0.0672282801814545 -0.0179637874549344 -0.673549595902396
-0.0406661192620207 -0.0102044029326838 -0.849841324406596 -0.470804694617902
-0.0457187401815436 0.0123143825580815 -0.697960336505845 0.592708717960077
-0.040093644774769 0.0310502553940181 0.284574188408758 0.65432940933675
-0.0023822949713808 0.0277027886596394 0.477244150510523 0.053861800991736
0.0068298920546282 -0.0175413669057716 0.152116222940914 -0.176477924284592
-0.00173475156981809 -0.0249399209108997 -0.170288234016601 -0.132306862988399
0.0158502484798208 -0.0250696066766445 0.143823213738166 0.0835644540476065
-0.00651591508260728 -0.00482235508275393 -0.114311586847449 0.0962299519449589
-0.00638066768245888 -0.00557509645759689 -0.443030893309678 -0.116407564271972
-0.0234624145606791 -0.0163337739172169 -0.120487492950979 -0.571811638316039
-0.0299071576898773 -0.0313017167875522 0.701935612850755 -0.419322465774545
-0.0384422146360465 -0.00912189291602606 0.803403616564331 0.515986427463609
-0.0324399686810266 -0.069081101401946 0.0438513386207411 0.715803543071256
-0.00259744027876174 -0.0886658508576641 0.0766865746210071 0.050404091119104
-0.00924006431089742 -0.0659120437161862 -0.0590819828568882 -0.687523405078372
-0.0445006262099093 -0.0127181541290361 -0.88487832575412 -0.405294549793288
-0.0477726924456445 0.0139160901819923 -0.646476922028188 0.643575295032448
-0.0318440657449184 0.0343574797072301 0.322274726148901 0.629680884362467
0.0104703720523764 0.0266885332214015 0.471016356060289 0.0238218331620367
0.0137541474379402 -0.0203301687358118 0.134618486819204 -0.183861415061881
0.000580925021339703 -0.027973469324436 -0.175924034273345 -0.132199481531128
0.0182620080335135 -0.0234975775668514 0.141377860473574 0.0867904326368214
-0.00119578175215758 -0.00257523324585713 -0.127606143464556 0.0923711063231132
0.0006039398942446 -0.00189686645416413 -0.444727892733095 -0.137687551979713
-0.019497566320843 -0.0162408698202749 -0.0876925976937027 -0.587514501291784
-0.026650160913067 -0.0345707860257097 0.727687215966395 -0.384183427717297
-0.0332596108224998 -0.00989843177359846 0.769988250575562 0.560285911905221
-0.0285142008145042 -0.0598079937174386 0.0149208856517486 0.69842721795902
-0.00517408670504333 -0.0740831125844411 0.0836589264238893 0.0193681359118265
-0.00620898169475817 -0.0572546239001732 -0.0919281299610027 -0.703620191008277
-0.039544161293079 -0.0143040410001924 -0.909765390334819 -0.357077056728622
-0.0464564471343075 0.0119430030496917 -0.608263551820591 0.67010795109627
-0.0217141881990899 0.0349818189828719 0.348795942257232 0.600575326655251
0.0195155901078029 0.0252788438219616 0.463307532319074 0.000820524486855728
0.0182502276765137 -0.0207321204326859 0.12023073054805 -0.187951976526777
0.00328192451582123 -0.0259198273595121 -0.179667579696279 -0.129405355443316
0.0191680039154002 -0.018386074813494 0.139485831381866 0.0919480044378464
0.0024853224033789 0.00203208389274289 -0.137099597473423 0.0916381837740054
0.00505604572360247 -0.000416316005150485 -0.44861879466609 -0.149492780039878
-0.0158526961412071 -0.018504420709111 -0.0723656754394528 -0.601004338067235
-0.0162590194840322 -0.0381447053466744 0.738479814040631 -0.371563106297108
-0.0211478884905388 -0.00485006360292247 0.752116170938855 0.576107630991649
-0.0255830145627398 -0.0377977762893007 0.00153167437830134 0.684397189490154
-0.0103439553353667 -0.0505784345509913 0.0896534914548141 -0.00308202097786608
0.000226665314734011 -0.0400846070548221 -0.110115525123711 -0.71876205388247
-0.0256759457733541 -0.0150621678599907 -0.925611689026586 -0.337465918011155
-0.0397341103403063 0.00593513217019148 -0.591382436374667 0.681307404478707
-0.0156224020268313 0.033585859586252 0.358791303686916 0.582448674752181
0.0250043169880144 0.0261372034808267 0.456195092226555 -0.0122636656496129
0.021191374672628 -0.0176929532721141 0.111061896923291 -0.186121158239407
0.00441214541034641 -0.0203065032508715 -0.181612423396013 -0.12448985628476
0.0202660642381141 -0.0119719430988514 0.138373983602301 0.0982342067257379
0.00353993083556135 0.00625134522431612 -0.1398080673566 0.096343113089179
0.00524046447579344 -0.000527058918157213 -0.452174850361407 -0.14940720535035
-0.012089366920701 -0.0244705534201017 -0.0761582355246907 -0.607714333581673
-0.00299905463656587 -0.0447929468303474 0.733612739567749 -0.381759447054592
-0.00186158346734151 0.00694236055715716 0.748958772743633 0.56795118570934
-0.0235745490759121 -0.00859435149125353 0.00334102554668715 0.672537501516954
-0.0180758149661501 -0.0193716732943368 0.0929117681193852 -0.0163642021443225
0.00895634723976437 -0.0163504782812999 -0.114276986977137 -0.729053475366397
-0.00567014162585376 -0.0143768860689678 -0.934385619318535 -0.350283400631436
-0.0284690251325444 -0.00352159926795011 -0.599364690338458 0.673430585409358
-0.0135841196321055 0.0293769790687165 0.350871947632645 0.578552403212103
0.0253207208897089 0.0278438517563027 0.454173024609155 -0.0103826152391394
0.0210101663137016 -0.0113615973285683 0.110441680373025 -0.182042505039119
0.00456241226142648 -0.0105843160960479 -0.182233621914102 -0.118872414704033
0.0203299734726933 -0.00332231598393581 0.137104916803977 0.105435732271337
0.000959344361072938 0.0102265114056515 -0.135541775735763 0.103416594207567
0.00101871742973237 -0.00216524007072741 -0.458054682215847 -0.136670026510283
-0.0118432132131615 -0.0318754339560195 -0.0985056336368509 -0.608597951260461
0.0138392386334719 -0.0515400668773817 0.712178743817017 -0.416194309511507
0.0216805134004474 0.0185430434253295 0.764954315225959 0.530071628911029
-0.0214802350593582 0.0234830362831292 0.0205228498964055 0.666195288028644
-0.0274504126883232 0.0137414450682381 0.0936977705577653 -0.0133918098925475
0.0178085327724765 0.0112245960690824 -0.0950559514744913 -0.742679683744541
0.0192913112925375 -0.00980543078598078 -0.929813075260737 -0.393227248192483
-0.0140875249480166 -0.0144401667448028 -0.632300529660163 0.645457785705263
-0.0166524330247855 0.0239098274724477 0.328128153742555 0.5886683869585
0.0192216477889588 0.030345496814721 0.456392028335701 0.00498435544912606
0.0180883106699044 -0.00264383802837056 0.11688327236342 -0.174702686285548
0.00463302399361463 0.000739638667489505 -0.181852393544083 -0.113064396616222
0.0200534484940344 0.00604340240639728 0.137930644235396 0.111999658605832
-0.00338594414018106 0.0141389740841334 -0.126084105376189 0.114327875732005
-0.00563510834233188 -0.00315501136318268 -0.459048896154545 -0.113074745581277
-0.0146744430164279 -0.0390030844802647 -0.139163566509615 -0.602040004387159
0.0265115919730746 -0.0596383801686368 0.677221316804882 -0.467406875833634
0.0462733579037056 0.0285068284111148 0.794319046484218 0.468129760765766
-0.0176321941623306 0.053765808371801 0.0521222970526094 0.664606201330011
-0.0362515234933688 0.0448141339129527 0.0914497970045186 0.00127818173516014
0.023366402334598 0.0397520042969176 -0.0634320392074695 -0.743066204804704
0.042615398624081 -0.00129339646463067 -0.909495560436182 -0.460744107243245
0.000836322687210626 -0.0244343507823012 -0.686369553580804 0.599931765114182
-0.023062159945345 0.0162842649993009 0.289822703765037 0.611876821221573
0.00936699178369161 0.0319433509593267 0.459985053589309 0.0325532461419165
0.0117298997694935 0.00620341213913988 0.130976602014866 -0.166160113942003
0.00266093413975631 0.0128954936109397 -0.178891964913846 -0.10866200555847
0.0186746658000211 0.0157086926132101 0.139943448973682 0.117619861789441
-0.00833607825982211 0.0172904674205201 -0.108865267781044 0.12409968414315
-0.0155495910825023 -0.00321480803331005 -0.459875356954513 -0.0793446747103352
-0.0209579547833133 -0.0437832951556515 -0.187668387981242 -0.584033024139981
0.0355720504268662 -0.0674700452362974 0.625639132241866 -0.525464376079469
0.0685876243471808 0.033228538290875 0.826391764118705 0.395764484033243
-0.010757454039673 0.0755629204516811 0.0933456199896803 0.668367990922736
-0.0441942105266345 0.0681947447048258 0.0853708833835111 0.02733249429724
0.0226065282883548 0.063808169272775 -0.0181711395211333 -0.736308332527961
0.0630373425334373 0.0115905557434034 -0.87499933518149 -0.544542860814918
0.0187121901446373 -0.0312026869104506 -0.746792718492651 0.542159801093466
-0.0303562888734656 0.00724097472661734 0.238341699650331 0.639633123482332
-0.00311006025256744 0.0306755557568348 0.464114765317668 0.0676452097010538
0.00361773304414241 0.0133074583692558 0.14891439573541 -0.15577414649606
-0.00162392027616848 0.0230952761177009 -0.175066886457414 -0.105298129976633
0.0230372745945427 -0.0164630346708714 0.0888664457379817 0.148002906751796
-0.00609835745504393 -0.0123109873100442 -0.138852994045136 0.0416067407176021
-0.0068843626884477 -0.0084071055089838 -0.348320415918717 -0.292892553308192
-0.0203551081629605 -0.0244093197010593 0.124010326521912 -0.571799804836529
-0.0204861280051768 -0.043837080474877 0.79529142117359 -0.103813023674184
-0.0248970873389305 -0.0240852946422583 0.518093818836723 0.802060177959586
-1.51937554890708E-05 -0.0695472388723963 -0.27819444825976 0.677544813955123
0.0406488287512337 -0.0823525633421123 0.0206183589822891 0.105604060503349
0.019738550490788 -0.0660636798776467 0.297222045864661 -0.599154641253022
-0.0385363064123437 -0.0264929160081657 -0.522036698120573 -0.807867383500443
-0.0477430137288092 -0.00506298097816094 -0.89270672800143 0.191471553115616
-0.0427250367215191 0.0162298763890064 -0.0660231173575272 0.708274415775774
-0.0107627702986574 0.0245751906887042 0.394186946566089 0.28087578216801
0.015891936757734 -0.0148841123767989 0.223594610575689 -0.0797793750493895
0.00906120133567827 -0.0228580210584068 -0.0812838104785613 -0.203823012322858
0.0251804041014186 -0.0165239253077783 0.0877210341937441 0.143885626472649
-0.00117112797758959 -0.0067554044007383 -0.148431781151225 0.0291946574018766
-0.000836500466184948 -0.00116572491070489 -0.335462663341339 -0.313582039478855
-0.0183703258331657 -0.0197054411925785 0.16541492011247 -0.564010631837517
-0.0212795630962404 -0.0475400221246226 0.815382451460565 -0.0348044601072182
-0.0258777780304025 -0.0322023094392068 0.455156484760795 0.843073575059926
0.00518267573671751 -0.0709349694734526 -0.307015951458907 0.648300986308006
0.0404782030999066 -0.0798625810116738 0.043279133506796 0.0800980976225849
0.0187105339895776 -0.0654564920214185 0.268272647320722 -0.630624470727798
-0.0400998372466702 -0.0302258748450461 -0.583169552159626 -0.76444779492109
-0.050650662050219 -0.00495118597478987 -0.870004294893968 0.258519252646307
-0.0349742466253779 0.0232683660645734 -0.0230690521477846 0.705846581339548
0.000905679081746418 0.0293275632632906 0.403256803943023 0.251572756410414
0.0239786953797811 -0.0145861845186464 0.212212450124727 -0.094779781332054
0.0125521990801494 -0.0235085384854837 -0.085937567602577 -0.206368035558568
0.0269110331578357 -0.0147472399480441 0.0834090876069391 0.145677303485141
0.00186376452483859 -0.0015259135772504 -0.157854146268647 0.0193295344168516
0.00414123926097857 0.00427376767638943 -0.32736649185401 -0.334706493738991
-0.0147234227466755 -0.0170848568350142 0.200527859804991 -0.561709972584299
-0.0161201995719541 -0.0501291860398301 0.824396732577821 0.00906713355183027
-0.020808851455624 -0.0297770831347563 0.403707267763974 0.865285813176242
0.00330338263945836 -0.0602055538196518 -0.324393847285976 0.620027768092471
0.0317356588196983 -0.0687652142847522 0.0631588744773329 0.0556555327998176
0.0168500991513258 -0.0563935518453939 0.248103199419313 -0.661966176257509
-0.0360064777638888 -0.0292014504870755 -0.627696847275126 -0.733093934665155
-0.0471902984932692 -0.00566660685396482 -0.848478380861697 0.301093452818173
-0.0267261184099072 0.0274392260219902 0.0163787871824078 0.692839643293644
0.00965399198967692 0.0334382137276999 0.4089009173365 0.227586186578941
0.0281119168309865 -0.012708451340272 0.200500447726716 -0.105054936209982
0.0141495134137615 -0.0216109980826483 -0.0906357430089108 -0.205601801007953
0.0262090522629915 -0.0105436531130437 0.0793758437661814 0.148000030893628
0.00336735003851291 0.00332323387835877 -0.166101890634452 0.0150577617951252
0.00721727924151549 0.00822567900105963 -0.324287098845012 -0.347468581409282
-0.0108275372986583 -0.0183949214299328 0.22059459662728 -0.56710527597287
-0.00572556630490528 -0.0495237697863008 0.828700663857 0.026340426157256
-0.0116642856793567 -0.0189118618539839 0.379322537518613 0.870685921539734
-0.00323275615817459 -0.0403797693017202 -0.328834439889626 0.600557467527424
0.0153038928403869 -0.050287084453042 0.0792071094957897 0.0385913049697847
0.0132233871281032 -0.0375620383240604 0.237641248391977 -0.683135629372029
-0.0230334789572581 -0.0234983926182934 -0.650905782252059 -0.72551568519662
-0.0381973773616519 -0.00798326731650418 -0.839014282552547 0.315328870328029
-0.0214291541796898 0.0291630100747467 0.0331583649340745 0.683899838524276
0.0136320196906739 0.0355200701421082 0.408293585356915 0.213888219560874
0.028424024785774 -0.00814785618281184 0.192406425638869 -0.109177724502439
0.0124412391200039 -0.0149289061282371 -0.0956161862563627 -0.202527201200326
0.0235447445626787 -0.00357724020796202 0.0754789172123493 0.15273987550849
0.00278173373854795 0.00728392737582097 -0.170841272959826 0.0173514625589979
0.00736618597336992 0.00786516437593477 -0.328182160491098 -0.348835278410376
-0.00539294746076306 -0.021238604057134 0.220484408088321 -0.575543916855107
0.00967890375164943 -0.047272068916957 0.828280396096024 0.0124240373794576
-0.000373030011487962 -0.000581874066563765 0.382367962827379 0.86292746991213
-0.0162923334444831 -0.0133538887049822 -0.321317646124653 0.592781357211468
-0.00662874774178929 -0.0262191594366941 0.0887053967245805 0.0294950344307395
0.0112104358391042 -0.0128585487074942 0.240908320693714 -0.695243025537537
-0.00496265836207822 -0.0128592638439445 -0.651186397125997 -0.737339257455541
-0.0242608904999364 -0.0111706453883743 -0.843018558703503 0.305113983150966
-0.0175319882405339 0.0257932949883189 0.0285801513123591 0.676194421688997
0.013147746334906 0.0372576133327 0.406397794731277 0.213900929523021
0.025215814610011 -0.00216754038282127 0.189777371826916 -0.106039889223379
0.00826707886057519 -0.00687241575495632 -0.099455376986888 -0.197762384487189
0.0195698817790662 0.00403950987485943 0.0711445547158404 0.159171748614012
-0.00127633266098188 0.0102006514538636 -0.171888134825746 0.0260413608108035
0.00494620507796486 0.00564286983177618 -0.337886594186272 -0.339058132672296
-0.00121192067299159 -0.0277297024659025 0.199728120671555 -0.585827598710404
0.0266072406908953 -0.0448026664184754 0.825152272554323 -0.029523863659312
0.014083568592864 0.0206809234982173 0.414083440294533 0.835041560032685
-0.0301181053955896 0.0160280172512508 -0.302698828383538 0.594347455167064
-0.0308095574347827 -0.000715597424499631 0.0882923648532276 0.0319560132352654
0.00557185485408823 0.015470732942311 0.261184482462463 -0.695166596359111
0.0141334947859198 0.00153084814672191 -0.627219583889137 -0.77588347476372
-0.00746880685155044 -0.0145085290167445 -0.859379432219261 0.267433926019915
-0.0179531310372828 0.020413488583285 0.00461451522494739 0.673143604705339
0.00733734034858325 0.0367559000510705 0.400748730004092 0.227710666017531
0.0183771324675376 0.00411811133209949 0.191568336830319 -0.0962212871771651
0.0023509554015818 0.00321590100017382 -0.101690852886663 -0.192161077349609
0.0147889706225177 0.0122126534848205 0.0689308855386441 0.166684755024054
-0.00752965783153612 0.0114908843036921 -0.166370036386687 0.0402024421107586
-0.00102029204455669 0.000511465428298929 -0.352760132492911 -0.317999656267754
0.000823220693837559 -0.0342478831337339 0.160519399292997 -0.59762011051316
0.0422272316703123 -0.0449854230462138 0.817556210334979 -0.0940399120546328
0.0307362751989834 0.0412875639969795 0.470348385363088 0.795054681444112
-0.0404231182385128 0.0452733378376991 -0.274050641025427 0.608061462888874
-0.0541368715091837 0.0218026993745647 0.0797868902526265 0.043904309845747
-0.00265853647598721 0.0425892593503765 0.29001972695441 -0.682739510158589
0.0313220794517052 0.0203866815978162 -0.578613095151258 -0.82545214659336
0.0120645933705865 -0.0155281773863935 -0.884275334215904 0.202215015108991
-0.0201666536437766 0.0116184819811629 -0.0419764157495599 0.672371128888676
-0.00130331633167353 0.0334681385902621 0.389134889042575 0.253529440679882
0.00906492017762282 0.00864253079615978 0.198399026594536 -0.0813946523903677
-0.00507495841814801 0.0131486022480737 -0.101315794727301 -0.18726839211882
0.00848017109154752 0.0196320007181808 0.0676433648259653 0.172294181316388
-0.0141581656399465 0.0121386261416961 -0.157094132268158 0.0565682734981558
-0.00928254474029875 -0.00455248786622243 -0.367664840787 -0.289418522918764
-0.0026187472927133 -0.0417282673783869 0.109733382072401 -0.607332823552843
0.0532344201434438 -0.0463209855192841 0.801893000553405 -0.168952309676306
0.0477344132190075 0.0560564496959047 0.535930418644844 0.744618686693918
-0.0435648633822907 0.0677322501130946 -0.237283037412376 0.628731365323165
-0.0726468722780047 0.0385114930943378 0.0625083720980639 0.0650392098119571
-0.0138434220065945 0.0643485699925111 0.326694982108787 -0.655518718196275
0.0424165160330977 0.0410947642604182 -0.511380436143831 -0.882064745131529
0.0289560823269021 -0.0137241448013694 -0.909402610579365 0.123622397575208
-0.0223215420115473 0.000484869176768939 -0.0992418542246242 0.673300918092315
-0.0135041689855041 0.0277124608154294 0.377050793392248 0.286042864360631
-0.00134806225836732 0.0115926205228712 0.20948787801782 -0.0639444720789256
-0.0128177837359017 0.0202817009820121 -0.0997927748397307 -0.182893134873808
0.0223934991043564 -0.0162918629053737 0.0906111886133292 0.1466319207841
-0.0068332468712031 -0.0119462833941816 -0.138895380066517 0.0425659368463037
-0.00735813457674035 -0.00887897962303258 -0.354378633283743 -0.288147385589745
-0.0216900905847872 -0.0245985126490701 0.116530750582183 -0.574551879828773
-0.0209972830072053 -0.0438113476809857 0.793777742025781 -0.116006249280438
-0.0264606083869983 -0.0244107118182786 0.531107298609453 0.795871858853599
-0.000956920799367066 -0.0699408052197216 -0.268481564419943 0.681159921414433
0.0388777506178209 -0.0839295094450652 0.0218081803903627 0.105799318333016
0.019780154441416 -0.0669618942575267 0.290050267005732 -0.604826944238681
-0.039020473688049 -0.026203340558857 -0.534733850331507 -0.802429113488522
-0.0479344709502886 -0.00448605533775897 -0.890864454157278 0.205532209090234
-0.0425046188149813 0.017213666770388 -0.0546518445946001 0.711802670816952
-0.0100848516423928 0.0243458437211644 0.398688994404193 0.276269046322103
0.0147309206498021 -0.015863699576436 0.223064618203624 -0.0827767815921563
0.00825288338165114 -0.0223613296493928 -0.0844695541465836 -0.20226965981027
0.0249270937864565 -0.0178091206635851 0.089599700871875 0.143481689871909
-0.00248306360235054 -0.00698159868601256 -0.148315174430102 0.0310216900007321
-0.00105829420769643 -0.00131968869506726 -0.342030534601765 -0.308766225562236
-0.0190396602896652 -0.0197581101192239 0.15849198891512 -0.567684166976832
-0.0226954266022259 -0.0472484737531807 0.817896852106435 -0.0466148380587316
-0.0263241009072499 -0.0311500556084705 0.468593291381379 0.837319708915969
0.00373973345391475 -0.0714802085971844 -0.298229323438827 0.652226192837995
0.0386564570876128 -0.0812826513796513 0.0439756441914774 0.0785044992148557
0.0170895232784619 -0.0661673610964836 0.259994734639217 -0.636290463329835
-0.040576082563635 -0.0297789385683742 -0.596240083729227 -0.758297567587327
-0.0506334649406328 -0.00378518280747869 -0.869648909480834 0.270925504044767
-0.0347047528855562 0.0250244531279235 -0.00994458479617926 0.707159790400696
0.00129316276499028 0.0288878099568056 0.408832874664959 0.245393297875266
0.0230793767910883 -0.0153687383097318 0.211793733935274 -0.0976689450000716
0.0128216717025192 -0.0232019972458256 -0.0890675089571103 -0.205355633541701
0.0260745522329106 -0.0153642170849038 0.0859852359454117 0.143779392512366
0.000824495534858243 -0.00127483881735287 -0.158985429497985 0.021217809640248
0.00386377864645222 0.00493049062338056 -0.334760375488887 -0.329729628042613
-0.0159171759013782 -0.0176610540292067 0.19218028553087 -0.567532797943158
-0.0177854849831254 -0.0490687739766994 0.826207204408018 -0.00340097665787097
-0.0214067076771748 -0.0295269142806116 0.419628083918587 0.861220833467953
0.00287913913869407 -0.0608008686720142 -0.316800778612964 0.625711324243391
0.0303680267382833 -0.0702314607837393 0.0638564498855059 0.0555633020164132
0.0152148583363333 -0.056190224143107 0.239371233759002 -0.665464912426412
-0.0351295571978412 -0.0289808496425695 -0.639586144117291 -0.726618125287496
-0.0474178900413568 -0.005135118152955 -0.84565963735971 0.315164264886288
-0.0265873326975922 0.0288956750935835 0.0273867142212367 0.693637678239596
0.0100366484129665 0.0332174777020245 0.413711073418514 0.219991136236913
0.027187715447073 -0.0128801258976183 0.199709542482963 -0.108592887638595
0.01312501620052 -0.0218713005615877 -0.0945062094152734 -0.204089361951512
0.0261608565223365 -0.0109974534589873 0.082526357507185 0.146674949040637
0.00275074201808613 0.00411552079340616 -0.166671677313621 0.017486722000244
0.00663871642349881 0.00776754686137906 -0.331317052510028 -0.341201204460986
-0.0118090330100371 -0.0183806951529456 0.212154517719026 -0.569829686348898
-0.00706093148151517 -0.0491420759406967 0.82799279482591 0.011501090239504
-0.0124385401325896 -0.0189594244828925 0.392647304058539 0.865893781610954
-0.00448393001129551 -0.040328850082052 -0.320643253383656 0.606550672005904
0.0142760357646448 -0.0509426119997604 0.0804402735140358 0.03798749196409
0.0131620044382372 -0.0388826718868751 0.228960227702092 -0.687065002064871
-0.0227449380465976 -0.0238742301517945 -0.663351183183993 -0.718799499468355
-0.038726095627186 -0.00726131085899148 -0.837454440898052 0.329141504163243
-0.0210697655601252 0.0288423742737388 0.0455932731739645 0.684668111878755
0.0141777353264005 0.0357079065544428 0.414913185537978 0.207492274685563
0.0280146946776233 -0.00892541874873774 0.191739772762423 -0.112110822964519
0.01157734748716 -0.0151877334986597 -0.098808605722182 -0.200982565678246
0.0232050723364396 -0.00415956586391938 0.0780560838426911 0.152353862161905
0.00197213533634109 0.00834426612351547 -0.171317552095979 0.0192601031723117
0.00713096783087093 0.00799382989901972 -0.335114865076448 -0.343471448820814
-0.00626949600142489 -0.0223720465209064 0.212623268521489 -0.579688270028579
0.00860040589287658 -0.0471791166143918 0.829799537832094 7.37573206358976E-05
-0.000690908766726147 -0.000509119958894228 0.396709035552238 0.858023812035463
-0.0167505794441881 -0.0135128451204257 -0.314369636527025 0.59662846468757
-0.00779889372351201 -0.0267391847160392 0.0887248983855514 0.0289176038377919
0.0100157088690028 -0.0138829030310226 0.232010818280287 -0.698386490060286
-0.00555163295531704 -0.0131930721325099 -0.665256065349014 -0.731234757862342
-0.0244892924225904 -0.010888633789348 -0.839953525506533 0.319310754800089
-0.0178205883839482 0.026543192871759 0.0399307638666103 0.676616198335093
0.014146455277153 0.0368735950089009 0.41086981454004 0.208235345213649
0.0247546008351903 -0.00331104610572913 0.188684790372779 -0.10824569948042
0.00771277185021965 -0.00624223887572878 -0.10184554501675 -0.196431084721912
0.0188231300057167 0.0034948441720825 0.0734956543546556 0.159016274921515
-0.0020186858114774 0.011071019720849 -0.17134186805818 0.0271369716503446
0.00473897125695155 0.00501523914186584 -0.345603276298935 -0.33374016128444
-0.00173375903935099 -0.0274252014882548 0.190975670095567 -0.592520146562112
0.0254455236552448 -0.0457319296040099 0.828446580420755 -0.0414404858807415
0.0140500619281328 0.0206748406991886 0.427242645852015 0.82985825627394
-0.0303815631858929 0.0164002670289027 -0.292858462724945 0.597719218559836
-0.0315594641114722 -0.00148439558835615 0.0890871051754998 0.0303896113616056
0.00490412337658303 0.0151175246449998 0.252251453254807 -0.700912277774462
0.0144761306487923 0.000862868619561724 -0.639951249860703 -0.76750210599628
-0.00712685872893114 -0.0141011297486717 -0.858142526899952 0.280103601635486
-0.017344470965588 0.0203067252805948 0.0151544188959499 0.673532782493683
0.00853927157312061 0.0366149004464899 0.404897846718816 0.221456057108872
0.0183044846329344 0.00380544776413234 0.190615276139551 -0.0995573540307121
0.00275981346566662 0.00379735542923391 -0.104410357216623 -0.191431760146997
0.0142277787347506 0.0119612601738651 0.071546682459787 0.165115149078804
-0.00760281026019202 0.0121974660335431 -0.166069333382511 0.0411609963257302
-0.00119711230860218 0.000370662637607563 -0.359476710936753 -0.311489110898171
-0.000256391966176012 -0.0355656157518149 0.152803817061919 -0.602534276561167
0.0411658562155298 -0.0453053751817796 0.819391952839574 -0.106435736057906
0.0314110384002142 0.0413559750080408 0.483160072812254 0.789797259810478
-0.0394936730706716 0.0457957557869802 -0.264993414415134 0.611812334437418
-0.0542846253257325 0.0226954486896968 0.0798541448428801 0.0432357352246258
-0.00307592400690752 0.0425829855316542 0.282059149531646 -0.688357495339954
0.0317339767924694 0.019788188097962 -0.591374748481977 -0.818095339919806
0.0114038417800111 -0.0154647718842339 -0.882801250409338 0.217067389667141
-0.0206212613536876 0.0118504512201729 -0.0311388744234667 0.674772179067115
-0.00142170869257914 0.033992930313397 0.394850588418774 0.248391942101851
0.00852110010522279 0.00921104175915503 0.198989137835713 -0.0844773549220674
-0.00504875199113026 0.014348241350514 -0.103805812422091 -0.185870037690406
0.00950510888445471 0.0195860882373561 0.0711481692171521 0.170797968939923
-0.0149490164061663 0.0124713770702747 -0.157519689801243 0.0572821024042319
-0.00969125710395305 -0.00439790348797932 -0.373071148836145 -0.283070435077446
-0.00332837102066527 -0.041651867230631 0.10185208780692 -0.608304594337937
0.0529068659563846 -0.0469677832664549 0.799742040601642 -0.180856312683699
0.0480636160152056 0.0556835526438093 0.547861158440291 0.73608593875833
-0.043282903606471 0.0690411407978486 -0.230358301859585 0.634761433516376
-0.073037336408669 0.0398747463265029 0.0633283118120997 0.0640648682752425
-0.0137391516511735 0.0636868397065962 0.317881104264295 -0.660416221048392
0.0443212016854076 0.0394305215274555 -0.526031482341095 -0.876462109748222
0.0297179481575004 -0.0137868137569526 -0.908935767088073 0.137728124737531
-0.0229401265790123 0.000974028019660868 -0.0876973928093653 0.676163611999837
-0.0131376716108826 0.0274352258451857 0.383817586245414 0.280813148278758
-0.0018792666381481 0.0116847106290302 0.210039270945672 -0.0671441289353791
-0.0130221765544424 0.0207971342616502 -0.102693995642671 -0.181792613266869
0.0222732441798562 -0.0177369684197198 0.093023866482952 0.144743008314322
-0.00800369117538629 -0.0117375075213635 -0.139817369104024 0.0432309852000158
-0.00765550821816487 -0.00881700217667711 -0.359954982420961 -0.281800712202085
-0.0220621789445712 -0.0240978685522978 0.106887695905571 -0.576192792273651
-0.0220997897754514 -0.0435933226388095 0.792820830315013 -0.128807913100255
-0.0260157174223112 -0.0231317210776718 0.540179259342516 0.785472189576375
-0.00252461720573169 -0.0701154015976809 -0.258620430910645 0.684821493803961
0.037837314737217 -0.0845431492766932 0.0231427114735836 0.105734223418626
0.0190120789660714 -0.0669366588210786 0.280674439989165 -0.607902136591836
-0.0385261965875841 -0.0257060699998675 -0.546782651273519 -0.793806417442115
-0.0479273296748251 -0.00276851833543814 -0.890587486905601 0.217996472072352
-0.041683257336881 0.0182315885669137 -0.0431443015616798 0.712492620838445
-0.00910721673317304 0.0246298055494639 0.404048603634062 0.269223742846523
0.0142301960315784 -0.0153268211958228 0.22214390512148 -0.085432919840842
0.00670384709412792 -0.0218404876582056 -0.0868652441751316 -0.200920010929182
0.0247266305064005 -0.0182107449435475 0.0912573488685131 0.14012869150211
-0.00341825134430926 -0.00658375386364696 -0.147862970735277 0.0316667247783266
-0.00152991964922927 -0.00220710237683369 -0.348494412920737 -0.302202895888643
-0.0198523513535236 -0.0198356175840149 0.147479765050539 -0.569370946598122
-0.0238348643632773 -0.0459345865876814 0.817381695150304 -0.0594726028085032
-0.0275024248880692 -0.0309998448804417 0.48041701681064 0.830592293699997
0.00192264496364997 -0.0714625793963355 -0.288235591919565 0.656731058696821
0.037618801867438 -0.0820929252675112 0.0444268856275338 0.077931415256254
0.0162153769377929 -0.0668302516488545 0.250913402945039 -0.640062954844573
-0.0405644442929727 -0.0298641347892103 -0.605788264042797 -0.74858322258301
-0.0515109858579694 -0.00195284925792686 -0.864242256476263 0.28412675231014
-0.0348034806278047 0.0255958292890013 0.00117109789440429 0.706998565616821
0.00152708883342396 0.0290199546195177 0.413870597993574 0.238051971618256
0.0215296741517241 -0.0153452452694079 0.211345617464435 -0.101238693071998
0.0120368487010032 -0.0238596302706961 -0.0929465742285438 -0.204351275507435
0.0262285721441652 -0.0156072198166341 0.0880308802779411 0.142496954103648
0.00141735878132991 -0.00115288027100476 -0.159622900643473 0.0232418239939217
0.00430455536408845 0.00438710239899792 -0.341432873591323 -0.322441108490822
-0.0163619036141228 -0.0166267988249734 0.183136127672999 -0.568090498410555
-0.0176572779411745 -0.0480365141079797 0.824790232358233 -0.0159381007421261
-0.0221419714190632 -0.0291930944038663 0.433448198967574 0.853008296022331
0.00277583743435788 -0.0601677125099956 -0.307335624830417 0.631116184491119
0.0293234296860812 -0.0694622984413758 0.0649241088057796 0.0548003609124584
0.0138470071616028 -0.0576707128538565 0.229352196274375 -0.666608768492414
-0.0358599878200789 -0.0292809195348144 -0.651784794497978 -0.718849491923333
-0.0469776500899301 -0.00363661490100874 -0.842880238027897 0.328598462461027
-0.0255216245455153 0.0290677047155289 0.0392312943097429 0.69441364335509
0.0111713926777084 0.0324165110747889 0.417596743298971 0.214288349720357
0.0267736180159497 -0.0142297985136832 0.199588471497439 -0.111012821768454
0.0135190388210066 -0.0205498275719371 -0.0971889435433667 -0.202855875489039
0.0254844828806512 -0.0116761079773046 0.0847040365856335 0.144931894812318
0.00223029738753872 0.00446071113426168 -0.16695411518815 0.0178898875521036
0.00703730684447539 0.00709444987126751 -0.338046046148076 -0.335872544536544
-0.01258544944568 -0.0183834821699283 0.203584844545522 -0.574148518240923
-0.00790601742184345 -0.0480981947314422 0.829891192636224 0.00157307847275577
-0.0124733307509291 -0.0188026235817027 0.405082687588841 0.861120807583945
-0.00581945798701019 -0.0404912289686886 -0.311192893339813 0.610872588217586
0.0123488767942306 -0.0520877715966816 0.0808971449316583 0.0371765979520738
0.0121621925334089 -0.0388688976843828 0.218918564949594 -0.690038150477365
-0.0234686982824786 -0.023737682113812 -0.673934476796516 -0.709585128825242
-0.0377719106805557 -0.00727190089402395 -0.831752019877252 0.344056881670626
-0.0203510382658797 0.0292387032145168 0.0552888385794235 0.682114987614792
0.0153368834745439 0.0357052011049922 0.418051893198513 0.201006493948997
0.0270532867656756 -0.0093981305429596 0.191158478141883 -0.114300975385272
0.01146655152903 -0.0155205914865575 -0.10204452346619 -0.199424532530078
0.0232068688350156 -0.00528117796698857 0.0802047623383713 0.150708591519072
0.00165860551212255 0.00829306308938731 -0.171807755156245 0.0210281962817678
0.00637752573274247 0.00818553528092388 -0.340723067884767 -0.336709428492831
-0.00680606401053424 -0.0225968090800054 0.201117573728122 -0.583080346030645
0.00746040015773596 -0.0466394795762379 0.831422150774262 -0.0108312098050584
-0.00197591539235921 -0.000793317849526568 0.409506245693901 0.850012601317489
-0.0181436054174345 -0.0131123350378178 -0.304651418642152 0.601474281330313
-0.00848266140611378 -0.0272479567540916 0.0902216631996535 0.0268426871846652
0.00992384900899016 -0.0137383931024879 0.222762796786634 -0.703765336654226
-0.00574588412272559 -0.0152404375184895 -0.677259317449127 -0.723597406232407
-0.0235870515747575 -0.0104385020290532 -0.83501956164255 0.331236673953597
-0.0179196344065429 0.0276201869853514 0.051718096787881 0.676500468935901
0.0148218411867461 0.0364899713936131 0.414230908283167 0.201070477584297
0.0241960232422068 -0.00398605867360872 0.187697888454996 -0.111385598251426
0.00742540362376232 -0.00548359309189143 -0.10572712968374 -0.194944220644372
0.0188180292309659 0.00343903389702682 0.0759021719411471 0.15789377531767
-0.00269064893862147 0.0115250515302058 -0.172259442829161 0.029636257109577
0.00417721754090669 0.0047442375022253 -0.352258238528403 -0.327166679431101
-0.00322066956438259 -0.0269476230469706 0.183369134355392 -0.593653415528051
0.0255739942858189 -0.0461331812680724 0.826334630750076 -0.0544196283894853
0.0145421046458412 0.0214372263426127 0.439500502780466 0.824828805559693
-0.0299046906603122 0.0169362420211026 -0.284872946549235 0.603152043807837
-0.0318558481169023 0.000382850685924598 0.0893123399331989 0.0287401207372666
0.00445609981203871 0.0146225964973718 0.242649263761839 -0.703858647236909
0.0150411537898877 0.000621672024346272 -0.651193585775702 -0.758371814660047
-0.00732100753344709 -0.0145086327403471 -0.853913347901813 0.29271634694497
-0.0178845170314573 0.020147635372733 0.0245297382274741 0.673259468062945
0.00871514440781474 0.0371202132630596 0.408942736746667 0.216329980126909
0.0181172993609088 0.00390185594890368 0.191021773452247 -0.101851786176258
0.00154913917633806 0.00420993729877559 -0.106678150863201 -0.188808654815008
0.0147149245028445 0.011279512997872 0.0742190822178565 0.163622226154678
-0.00844079504456128 0.0135001333688192 -0.166583333437265 0.0424104418063861
-0.00182682983868974 -9.95143668940006E-05 -0.365913575636932 -0.305418204530437
-0.000451161716472592 -0.0342879730368248 0.143209504010849 -0.603439836710947
0.0410238782972663 -0.0457086654834761 0.817041530657132 -0.118358421594137
0.0316817746799025 0.0408751733892456 0.494376695987336 0.780524051334386
-0.0386015136262184 0.0460532113905993 -0.255927155335444 0.614414281190469
-0.0543133215820303 0.0233393902147577 0.0810496058106708 0.0413822435178601
-0.00291404479864661 0.0428033179193593 0.272686681669193 -0.691174180047193
0.032562052341001 0.0178413226274477 -0.602956677889837 -0.810962364419153
0.0114497749477278 -0.0162632739260679 -0.879184299602633 0.229098545476234
-0.0207576727053379 0.0116822505652626 -0.0204289972735669 0.676373770916279
-0.00186958812869453 0.0341162110744571 0.399751863655914 0.24124059946335
0.00827001263639541 0.00886692070587227 0.198801996182299 -0.0878564813223948
-0.00505436697215538 0.0141419593983344 -0.107248665328901 -0.183702696178453
0.00988148977056698 0.0194499993286 0.0733158486464012 0.170117296300607
-0.0146551997619933 0.0136917869946688 -0.155934990341532 0.0607893932819478
-0.00996233342995491 -0.00511869790095721 -0.37832650925297 -0.275778524618573
-0.00483608103786646 -0.042258295867067 0.0915446327789411 -0.610521800476559
0.0515784694929941 -0.047826435744334 0.795370033142671 -0.193096630745174
0.048818680369675 0.0558477860198828 0.557853682072154 0.72943126516023
-0.0418641322581126 0.0684717412624034 -0.22126828310132 0.637599015903841
-0.0724070204125318 0.0410879377776851 0.0645344385348156 0.0638031930137107
-0.0125559671943136 0.0641466843823008 0.306564057904548 -0.664601989705692
0.0448521890663795 0.039275616534625 -0.540941728682945 -0.868097766559657
0.0298053582094394 -0.013987361172788 -0.907886001024774 0.15061476347571
-0.0228439785134069 0.00208471548589146 -0.0776976321489479 0.67725396158494
-0.0120986192330782 0.0271438072405338 0.387061288049174 0.274561269546087
-0.00221562373961473 0.0124588398459613 0.209793920959551 -0.0699672465779174
-0.0124174885453841 0.0224281882844361 -0.104631572983869 -0.180290286325255
0.0221051235379657 -0.0177956170539335 0.0951675191044917 0.142954626349151
-0.0089606594160024 -0.0103246010685383 -0.138696538672318 0.0444975564395399
-0.00881280520922793 -0.00851772358463773 -0.364428238733098 -0.274953178962802
-0.0227621741774072 -0.0238925623721565 0.0983091427231639 -0.575234490860681
-0.0229548665761665 -0.0429708404533321 0.789552505907112 -0.140289679021327
-0.0277164360725499 -0.0228365277805134 0.552472494788775 0.777350217808118
-0.00469760608676693 -0.0709833445232166 -0.24758444834289 0.687092415764688
0.0353442749425978 -0.0847392390469563 0.0249199999169643 0.104945535237073
0.0170330914436041 -0.0674240250723492 0.272115107310395 -0.612123670724476
-0.038557604330265 -0.0264068331366516 -0.557621002315059 -0.786284106469406
-0.0475913493068638 -0.00262962656553661 -0.885102992767362 0.23228697595023
-0.0414012669774782 0.0190307124058727 -0.0322754016428149 0.711382771841383
-0.0092517501213851 0.0244669158187888 0.408125247659191 0.262700281713169
0.0142053439926076 -0.0155640456129735 0.221565168746766 -0.0889491391785023
0.00649406495102398 -0.021607528169587 -0.0897212097567239 -0.19910838379241
0.0237906000449339 -0.0188914857898334 0.0934498746573464 0.139725530167134
-0.00377561164387223 -0.006098928491333 -0.147963902920864 0.0332945901279527
-0.00144694357611695 -0.00170839434736687 -0.352297729376462 -0.296376241599987
-0.019879444318256 -0.0193592245939663 0.139773635992292 -0.571078467108077
-0.0240636142259908 -0.0460462090823073 0.814649714392981 -0.0694818238268349
-0.0282363246321155 -0.0303543875115553 0.49110869488908 0.820800747229647
0.000354463751134199 -0.0720394728498392 -0.279081422631267 0.659595197109003
0.0354582296331439 -0.0823986770435956 0.0464431677424211 0.0781258194820146
0.014991436857921 -0.067275390698807 0.241230174358699 -0.644483671267016
-0.0415583708641271 -0.0294302406872387 -0.61735500303913 -0.740740908057711
-0.0504981156592679 -0.00190007255058858 -0.861218592608202 0.297085229807477
-0.033838922829092 0.0260866283541623 0.0121499073847416 0.706845466171354
0.00290708374104794 0.0288905635061956 0.417028635978348 0.233284169075356
0.0212636719184628 -0.0158175313553333 0.210805413018191 -0.102919818808732
0.0110076511077048 -0.023352289927456 -0.0956386337662992 -0.202501286254868
0.0253125091081978 -0.0166470777953403 0.090124335207803 0.140849616150084
0.000389057562593425 -0.00080375913667817 -0.159306284483122 0.0240952083730625
0.00377579550606338 0.00340129470549307 -0.346774073320351 -0.316514049464258
-0.0167832544023451 -0.0174799626470939 0.175731702828741 -0.571417389944527
-0.018942325326374 -0.0476954700007026 0.824706653302994 -0.0269432775071985
-0.0232682336036451 -0.0285062867451811 0.439993891647774 0.845801572877284
-0.000446395170648047 -0.0606518256792542 -0.297817455154949 0.632174522550751
0.0269673116405125 -0.0708045216794449 0.0659329497226765 0.0536922314949178
0.0125566172679473 -0.0578200159703425 0.219748607809463 -0.67082358162521
-0.0358359132648825 -0.0290677928867855 -0.661521265802868 -0.708685411670219
-0.0471108300550297 -0.00303478611100613 -0.836538188015914 0.338663324855874
-0.0260537464359561 0.0298621368170752 0.0491999224722974 0.692638063757741
0.0114222235127503 0.0318641931185664 0.420351423213059 0.206594594392188
0.0258155106062697 -0.0139151762243352 0.198542416685872 -0.113124353818836
0.0121528223595135 -0.0217785350429808 -0.099615686307089 -0.201127598289834
0.0250670739339772 -0.0116839684217254 0.0863550123121848 0.143980360534346
0.00198305336349228 0.00524873253315993 -0.167160812781021 0.0204245687111903
0.00622328472140438 0.00736742227153717 -0.343197839306096 -0.329979193639482
-0.0127451275182487 -0.0182557455762141 0.194400170113219 -0.574864818890437
-0.00867004157259824 -0.0485772217062371 0.827718889109936 -0.0118559753745038
-0.0140227325234935 -0.0181397799584287 0.419196198309024 0.85183791687079
-0.00665459646649261 -0.0401773164607295 -0.303257776032427 0.614988332795141
0.0119550785140146 -0.0514376619457459 0.0810620812473089 0.036216495415469
0.0114338782147109 -0.0391301848353124 0.209563052988365 -0.69323315074039
-0.0233857726304007 -0.0236459581268636 -0.684873026248458 -0.699669876342798
-0.0379518369030224 -0.00569445481840437 -0.825624746134592 0.355506846528348
-0.0198275890206797 0.0301564730313239 0.0638729216129509 0.680904024992855
0.0154067395389883 0.0350448523677446 0.419421756266568 0.194783309573438
0.0267297342315702 -0.0103175851300187 0.190030006806967 -0.116693840070023
0.0108176466387647 -0.0149809157444335 -0.10434052761309 -0.197722721717043
0.0225222827965584 -0.00525913556293947 0.0816943106945297 0.149281085139792
0.000755177403296824 0.00884327819009693 -0.172486939689216 0.0227819376275777
0.00677485510457316 0.00810577828537525 -0.346779991803604 -0.331084862225426
-0.00763631812243197 -0.021753591808493 0.19426610441808 -0.584063195189393
0.00754035620709738 -0.0468209982191981 0.829994575894447 -0.0237389307768825
-0.00119695041163864 -0.000519927240316713 0.419141627042121 0.843604497851238
-0.01817930367314 -0.0123609780754706 -0.297331188259305 0.603346804959918
-0.00866478694586627 -0.0274363331414868 0.0897833880787543 0.0267337032207459
0.00914227722098191 -0.01415944959593 0.210574255108946 -0.703821309832959
-0.00562227511024596 -0.0145352083379764 -0.68570536171166 -0.712610365958058
-0.0244313526870917 -0.0100674788935339 -0.831033366832053 0.343315447896193
-0.0171395379112971 0.0280362660282008 0.0609025039492856 0.675012747176601
0.015296861651596 0.0362830158180327 0.417006611686114 0.194122490819848
0.0236383637204159 -0.00371661787049605 0.187708022601504 -0.113488429652496
0.00712262870018789 -0.00622128484863587 -0.108060704116094 -0.193203082402798
0.0188429732179319 0.00309396624985705 0.0774731348928889 0.155856295842743
-0.00277628736589579 0.0125125430193996 -0.171808058199183 0.0310337117341458
0.00341390323618767 0.00515732269133702 -0.356897240280952 -0.320619692795925
-0.00282019373589254 -0.0275940441648114 0.172287015449592 -0.594779054953571
0.0244661055773702 -0.0455232993325208 0.825409067213103 -0.065193928861175
0.0144932103428431 0.0213078548038537 0.450305012855103 0.816927040874874
-0.0303053952333265 0.0171914443321136 -0.27630627341108 0.605138687651339
-0.0320676856787549 8.51436513422607E-06 0.089562528887439 0.0282260632498882
0.00502731417032806 0.0139432915245638 0.232430381894484 -0.707906860343344
0.0145336013020688 -0.00123487549967433 -0.663322889051382 -0.74832161247478
-0.00687507027946063 -0.0135896613579944 -0.847913633532513 0.30603782498291
-0.0171651590165052 0.0218822333263041 0.0361702493992471 0.672328834659921
0.00996876894444878 0.03584816707207 0.412119789593202 0.210103800969677
0.0173751438146401 0.00249237766036699 0.189806297999291 -0.103734512605642
0.00137782436036836 0.00411234235132264 -0.108768794823864 -0.187531680943753
0.0144526379368566 0.0107395084168486 0.0753042397739944 0.161975582881774
-0.0082001982507216 0.0137995477144563 -0.16602341886117 0.0452922582590159
-0.00200690317677346 8.16610987226596E-05 -0.371000426305977 -0.298876753355591
-0.00201036579386719 -0.035062161819495 0.133503226951578 -0.606608030485443
0.0405567569288712 -0.0459076848702646 0.814007034526181 -0.129907401008522
0.0319226861609388 0.0406785297303276 0.504328369271559 0.773548472047835
-0.0388555798152159 0.0463276960973943 -0.247695150568191 0.618661848571081
-0.0552719982425058 0.0239448370206826 0.0812816045459106 0.0415109404930514
-0.00255488561001757 0.0423050925328824 0.262591450218438 -0.695830220404717
0.0330823214532429 0.0174318741643987 -0.614279532195094 -0.802337958536908
0.0120255326705995 -0.0158562596338649 -0.876782201953519 0.241283176650889
-0.0199446062774613 0.0124232577384285 -0.0100504570825857 0.675088649768136
-0.000345133367696385 0.0336023974306052 0.403061420811068 0.23490608334323
0.00768504199417662 0.00915154597458534 0.197677364966253 -0.0895304506801576
-0.00540783434684147 0.0147861854235447 -0.10909487124598 -0.182518898801772
0.00985924787311154 0.0188217722785239 0.0754395016141934 0.16913390530339
-0.0155475302660988 0.0149132743912554 -0.155891034443233 0.0617398212179039
-0.01059075025305 -0.00504758091716922 -0.383348171392733 -0.269654137325743
-0.00518951836402736 -0.0418618719779457 0.0811893929522841 -0.610801473781377
0.0516162260638216 -0.0475122668927568 0.792414496974092 -0.204612476586938
0.049097350907931 0.0543591569620185 0.568671180239025 0.720325925069909
-0.0427672285337605 0.0688915658753682 -0.212908613807343 0.639273578620855
-0.0723098998106487 0.0403275466235867 0.0653739827217301 0.0635657367774045
-0.0126712209501064 0.0637180599691922 0.297990884327915 -0.669061673593595
0.0459032175342477 0.0374833570655288 -0.551085269927305 -0.859919986669652
0.02931243218975 -0.014995434226951 -0.904978977969782 0.162904070541134
-0.0222747270322951 0.00217733772392883 -0.0674239744106068 0.678248347099002
-0.0120536988811763 0.0278793369649319 0.391249474871468 0.268864380434127
-0.00298717152248412 0.012168780567283 0.209909041312469 -0.0727837659568159
-0.0128290702336098 0.0225101292737211 -0.10716931551624 -0.177757241618318
0.0208332888947988 -0.0183114975753613 0.0966802193076583 0.141016364539946
-0.00944627049547811 -0.00960522031831363 -0.138834204704671 0.0452913021103894
-0.00869597490169429 -0.00971953449213377 -0.367717847128146 -0.268405951279743
-0.0229713678596521 -0.0236121752146891 0.0890082368136 -0.575155198398055
-0.0237572248745705 -0.0418147163756265 0.786664742997969 -0.150783677486829
-0.0280414827930765 -0.022842785107075 0.562642335881017 0.765890319588429
-0.00584203583082905 -0.0712248351789671 -0.238325625317738 0.68754766817431
0.0345567858295464 -0.0854298389778517 0.0264705558630753 0.104274923128626
0.0159772602547529 -0.0681340999575544 0.262887480367229 -0.612657536065789
-0.0383140287324411 -0.0261697984092402 -0.566805422835781 -0.778169217875449
-0.0474153749801474 -0.00164132646503733 -0.879022503476645 0.242630431130946
-0.0414666699802494 0.0202490876912388 -0.0216193817658244 0.710614730552782
-0.00815753209526261 0.0245931103016924 0.411322200095866 0.254299432529863
0.0131286919351158 -0.0160689592665841 0.220342333054978 -0.0910445102955322
0.00606324418379804 -0.0212078995202978 -0.0925335272989289 -0.197055185220548
0.0236871141004115 -0.0191745923772724 0.0946238041734727 0.136641102107661
-0.00435479354712233 -0.00559235183335023 -0.148139616320342 0.033618546781704
-0.00178593709237458 -0.00209767278620154 -0.357720553097408 -0.289435970453001
-0.0210301485874319 -0.0193881104489711 0.13017414745734 -0.570034675211781
-0.0249501557256235 -0.0448522140732653 0.811833172492548 -0.0836616576278617
-0.0283906243725245 -0.0291795206767941 0.501084898790487 0.811400097299173
0.000105618457671451 -0.0715418140220668 -0.267310227452758 0.660804982180629
0.0347807566863709 -0.0826854139951311 0.0473439472730221 0.0769674814920693
0.0138057464280362 -0.0674576767836806 0.233254213941234 -0.643293636298414
-0.0409134835734676 -0.0296325239962133 -0.625376640043604 -0.731718951489754
-0.0506880014210547 -0.000841075607201123 -0.854864385286033 0.307852384632773
-0.0335112052160495 0.0269743585106515 0.0215732718160811 0.704700930055635
0.00318925506464449 0.0287883810560629 0.419333416399741 0.225704333778974
0.0206529227727658 -0.0168948050837382 0.208134052143578 -0.10492949449146
0.0102477060088209 -0.0223502530750793 -0.0977729193746899 -0.200034024403804
0.0252877510229014 -0.0174824270620768 0.0922165334913656 0.138648517001698
-0.000459791921796847 0.000177882763226583 -0.159241214367007 0.0264854284856227
0.00367853208221608 0.00377096632188849 -0.349360381905525 -0.309400306508498
-0.0174449491646863 -0.0172192005995554 0.166160689942287 -0.571174653621764
-0.0202570558923118 -0.0467214224481754 0.821155267398632 -0.0386427422182615
-0.024086623286234 -0.0275958825783801 0.451092623034848 0.835717166705254
-0.00121363473872769 -0.06157353334641 -0.288982708546391 0.633747935791413
0.0257575705491787 -0.0715167679922275 0.0664189676180687 0.0520644623008401
0.0119852613123625 -0.0579158810574074 0.20960421760043 -0.671966318941728
-0.0352638115237239 -0.028760681113551 -0.668579537166832 -0.699318649609642
-0.047390656428107 -0.00238834831101337 -0.829653597270529 0.35092146547762
-0.0256356722285221 0.0301914166204589 0.0593580889383482 0.689212323151462
0.0116325669144365 0.0319835730081532 0.422753368594064 0.200951323892204
0.0247798727443414 -0.0145484744055836 0.19703266113431 -0.115115535824234
0.0109365160937202 -0.0202907494857777 -0.101608441483156 -0.19918233505493
0.0245756421805139 -0.0124642333929489 0.0876206088199488 0.142304375515456
0.000964098580734668 0.00539520617934524 -0.167440376177402 0.0222466482197953
0.00564903959282455 0.00687985601170643 -0.347194263831325 -0.32256067219662
-0.0134838489437721 -0.0184016923112288 0.185829666473811 -0.576473123037357
-0.00853734866436785 -0.0464809094243161 0.825348166566712 -0.0218823382864088
-0.0141417627890979 -0.0172272205400536 0.426819055048724 0.84424061436903
-0.00809526789630441 -0.0401969487050709 -0.294246578405607 0.614284042780266
0.0106286164188969 -0.0511958587145355 0.0812872704361227 0.0347162713602541
0.0101298492823814 -0.0389419502179074 0.200422884205803 -0.691299937124014
-0.0232415048846263 -0.023568810895177 -0.69088029218084 -0.689147895939262
-0.0375506815680457 -0.00492450633065575 -0.818954955566825 0.366248963258358
-0.0194235779622931 0.0309063491711865 0.075601030434842 0.678191669410896
0.016780901618285 0.0345786806535111 0.421526620559451 0.187233260474121
0.0259520896683133 -0.0102814900403781 0.187580343827167 -0.119109465033024
0.0108198336881793 -0.014607663690785 -0.106805162728486 -0.195446971116616
0.0221743511030221 -0.0061035050662385 0.0833400064077719 0.147154424184522
0.000810666266428751 0.0100785735959297 -0.172390888061383 0.0244589017651973
0.00681132395779141 0.00755777038568067 -0.35054815910122 -0.322857753046881
-0.00773112581018445 -0.0220286733344039 0.184169937604823 -0.583640426902299
0.00679272289994107 -0.0467146889766692 0.82567638198461 -0.0345973878290251
-0.000812083836824972 0.000256269659150887 0.429254583110414 0.835327029380715
-0.0183736632213639 -0.0131425109942709 -0.287706311585402 0.604741776713291
-0.00970547416019329 -0.0264347405822609 0.0903309117840908 0.0251416368762179
0.00889516106510021 -0.0140585188378166 0.201665265469396 -0.705535210791887
-0.00517086269134872 -0.0145558122668775 -0.693456395639465 -0.701418051570341
-0.0242833103947879 -0.00936157324700819 -0.824295365895585 0.354750759806423
-0.0157457059378972 0.027910607339781 0.0708728007086913 0.671152849525331
0.0157980344468705 0.0358038439660641 0.420962895649709 0.188756623120902
0.0232120168016521 -0.00391454453402052 0.186107432336114 -0.115557999437465
0.00659249222125067 -0.0051284959141649 -0.109342084808385 -0.190435416490684
0.0181038783851646 0.00231752048715423 0.0801165748226086 0.154286834177679
-0.00228709965486676 0.0121297937151258 -0.171136613303973 0.0324273891564361
0.00397610354993669 0.0050738548062434 -0.361507848583682 -0.313350968239163
-0.00404911360456706 -0.028205032194491 0.165242300400653 -0.595773346223185
0.0238709986367421 -0.0457552474759867 0.821639980060559 -0.0773835009083499
0.0148026075399186 0.0209196730550934 0.460699915557394 0.805725464018439
-0.0301041190541326 0.0175572594500153 -0.267484224510977 0.607031231264579
-0.0327476714522841 -0.000488458567617642 0.0903082665595335 0.0277769184405297
0.00551374351342144 0.0144934397233543 0.222034251443907 -0.706563557029141
0.015232239026813 -0.00154647657675756 -0.672459247727043 -0.739562914043129
-0.00727706078357609 -0.013890485549032 -0.840980156317638 0.31660859572146
-0.0167437578151109 0.0217554530666817 0.0457908486636854 0.670068295536836
0.0106418569113481 0.0358099792502026 0.414008340946952 0.202017282401666
0.0163888726359242 0.00265210617957375 0.18879620886296 -0.106174908408675
0.00183814088039901 0.00437564065645737 -0.111480563068754 -0.18517072798843
0.0137881962746028 0.0106436352213039 0.0778191066014129 0.160568867256504
-0.00882505631375721 0.0146619466868183 -0.166213898220776 0.0459911059592836
-0.00272556142305788 3.76698482541958E-05 -0.373336068704819 -0.29225509794665
-0.00296582525240696 -0.0352654213276998 0.124647431463449 -0.605278037733536
0.0408987287587 -0.0459775130843212 0.809293376772122 -0.140009232743325
0.0323733864363979 0.040184288144913 0.513047041292646 0.764935352843475
-0.0387153316844667 0.0465269174432614 -0.237659657963938 0.619014750610677
-0.0544554254657435 0.024052172344705 0.0812989955805004 0.040075760816258
-0.00233701749889436 0.0418683239628648 0.251592419320705 -0.695508725450522
0.0336555412368306 0.0171384921399268 -0.625577592896835 -0.793550476766123
0.011415355758469 -0.0158369921344607 -0.868669193026874 0.254586862671671
-0.0192191936573511 0.0132696620056822 -0.000361020725157411 0.671768888401697
0.000495841039581665 0.0331369341587852 0.406875198098825 0.229026990095353
0.00784230511546297 0.00888355645283609 0.197378351209998 -0.0916618632773876
-0.00549326356120121 0.0145560028055542 -0.111202293880707 -0.179984818835341
0.00993010778207697 0.0176807536170618 0.0781068112224668 0.166261331007122
-0.0157569251743808 0.0160451379442019 -0.1557923968065 0.0624966329026847
-0.010693828683075 -0.0048028660082535 -0.387084770112782 -0.262347971774791
-0.00635371779676673 -0.0418002543475693 0.0725099324039707 -0.610435511810518
0.0504709563057937 -0.0481789431341913 0.788023712021434 -0.215001384250205
0.0495567636104976 0.053501832640519 0.575233640763116 0.710255237431365
-0.0419131360763805 0.0690390461643717 -0.204658453441191 0.638805438698859
-0.07264731454405 0.0419807869339623 0.0652920370360294 0.0619321310322698
-0.0120319475818481 0.0636862281357842 0.288336506452855 -0.671222789401579
0.0457306004443015 0.0358969905495668 -0.560452259037649 -0.850554391024724
0.0292733872986699 -0.0146356748486549 -0.901613171249116 0.176356941159589
-0.0232363615816313 0.00295071704115014 -0.057956834026477 0.676308699039355
-0.0117201809433978 0.0273007648971656 0.395435413026728 0.261819590052195
-0.00253955008655557 0.0122389048987771 0.208559412818128 -0.0753590521744061
-0.0132021473947179 0.02305799960914 -0.109159991771468 -0.17519716264003
0.0200850810582658 -0.0187783870211462 0.0981830204127533 0.13875282481103
-0.01032516123127 -0.00897300335551286 -0.137452492289676 0.0451943592178106
-0.00948074797429666 -0.0084863092860304 -0.371872108588952 -0.261359570995377
-0.0237635319111216 -0.0233976851840902 0.0815085539832103 -0.573538641306648
-0.0235869612370476 -0.0408660764575073 0.780746405849288 -0.160161980300905
-0.0285784756404034 -0.0218499686094956 0.56997038545065 0.755176232369151
-0.00690136906689959 -0.0706337116775827 -0.228245427905047 0.68621474014963
0.032470386981295 -0.0852405168023266 0.0276493595345818 0.103307009799162
0.0149303493720312 -0.0675808285858457 0.253805206146755 -0.614076774964357
-0.0389933942222202 -0.0254902543938957 -0.573507581410916 -0.766939400283697
-0.0471498814359945 -0.000676066712075461 -0.872817519644383 0.254625206514383
-0.041105454622226 0.0207675350409582 -0.0118763590258716 0.707414860661728
-0.00759813503581749 0.0243498407251003 0.414034348466044 0.249032860088335
0.0122021414939177 -0.0165315059945622 0.219777338056671 -0.0926301813110058
0.00591890006294566 -0.0212833002247519 -0.0950809410816617 -0.19511520920879
0.0231229626930338 -0.0193755286098326 0.0966315508438638 0.134576285598563
-0.00479559545597617 -0.00481681323744825 -0.1487141618789 0.0348527537546754
-0.00240957261057483 -0.00189894971147251 -0.360819848568567 -0.282282630337695
-0.0207728253324153 -0.0187370950465004 0.122785270913425 -0.570096222113924
-0.025267193199712 -0.0441500016254669 0.806865161572585 -0.0913020991781608
-0.0298293946721588 -0.0286823623613472 0.509100848728824 0.800435649331715
-0.00120789847821912 -0.0715781393393406 -0.259454422018767 0.659822828066954
0.0329085302747621 -0.0826117873188492 0.0480015144560752 0.0759973895966413
0.0124263937179648 -0.0673944542531538 0.222612059792659 -0.643960480884081
-0.0408005865907712 -0.0286727457462347 -0.633080405279763 -0.7194460040855
-0.05028931280713 1.0967520336011E-06 -0.846284714686057 0.318328681794711
-0.0332930083163608 0.0268532494242022 0.0322503613406399 0.701343774487273
0.00420952359570314 0.0286429713965169 0.421138246238478 0.217824873682857
0.0198036818610776 -0.0169930254486499 0.207443483236395 -0.107805547114058
0.00959077385460349 -0.0221257660489799 -0.0985094832967304 -0.197999204796675
0.0244955468255872 -0.0174562087342954 0.0931891978543611 0.136757605084428
-0.00112593108345613 0.000125528214723717 -0.159180001526504 0.0264573961536123
0.00281176867419859 0.0036488735352085 -0.352497195958903 -0.302767851679609
-0.0177375772706035 -0.0172252444633225 0.15951715185763 -0.57193471213374
-0.0200849964832728 -0.046083718074797 0.816273391612951 -0.049849681057094
-0.0245147694529545 -0.0272716004512481 0.461507570909142 0.826711356520665
-0.00305693518016529 -0.0606265603133827 -0.279839347729179 0.635026595631978
0.0246601800930498 -0.0713801750925701 0.0660608684671793 0.0514255249122134
0.0110211832187535 -0.0582345818848778 0.202327235154893 -0.672385095670054
-0.036392310301852 -0.0288193878830807 -0.675569886388195 -0.687172585228439
-0.0469597312004847 -0.00181003483148071 -0.822147106337115 0.362398823470892
-0.0244117944286999 0.0305368515706905 0.0684378713417796 0.687606993343674
0.0122960636646663 0.0308181198205764 0.424957145923056 0.194289610593256
0.0240845748920459 -0.015209809844951 0.194139792233747 -0.116965370174247
0.0106282205960543 -0.0204073825036961 -0.104100728166946 -0.197025565289016
0.0239530895250335 -0.0129386303986406 0.0890329075667148 0.140694472276791
0.000567107328368613 0.00592271769995603 -0.167095051390618 0.0233457722507041
0.00540813748638516 0.00732540490034273 -0.351294568223683 -0.31550062695317
-0.0131068507621692 -0.0181427120442916 0.176461551435119 -0.576651687746206
-0.00952205778890073 -0.046984456753091 0.821947806793827 -0.0337261083980735
-0.0148863970980101 -0.0168894145342979 0.436839551061778 0.836007699013235
-0.00875610527444856 -0.0404660407293871 -0.285490688710379 0.615130932972062
0.00971087569970747 -0.0515159316196822 0.0816550848245305 0.0339001193967943
0.00923385860917311 -0.0392588109870233 0.191649365433578 -0.693463095377509
-0.0233975617011405 -0.0238024996512066 -0.698511393853377 -0.676029058215422
-0.0371964456039025 -0.00435894270691147 -0.811187609177238 0.376534818619073
-0.0181381920612158 0.0312826325752064 0.0847699860313866 0.67360862462465
0.0176937028474049 0.0336814610612023 0.423506620262318 0.180048996698438
0.0251592330175026 -0.010952163422081 0.187146741652591 -0.12092536125287
0.00991491152196684 -0.0142899762329682 -0.108750006993013 -0.193493867360359
0.0212920467041704 -0.0059864210512391 0.0848283063529894 0.145603401242722
-0.000152457484229163 0.010451991175918 -0.171789241798103 0.0255862887514016
0.00681349661882634 0.00744050138155177 -0.355348924591178 -0.316884717058089
-0.00804144880251727 -0.0213580489035103 0.17650962817459 -0.583903370820273
0.00678634709233312 -0.0467812684506253 0.821694128172889 -0.0464122330415403
-0.00139305423346781 0.00119096994133404 0.437251752867854 0.824934465854965
-0.0195548085842387 -0.0129413890448091 -0.279598551936081 0.605266107903318
-0.0106071825196208 -0.0272187924380324 0.0904272465263715 0.0243716003809557
0.00804221163697378 -0.014496689508539 0.192505862076257 -0.705001675480234
-0.00463332814806603 -0.0151515246074809 -0.701834136927587 -0.691240205265472
-0.0240521901612978 -0.00902536182105049 -0.814644987239624 0.364522589372455
-0.0158152418374378 0.0289628429163462 0.0789911883154372 0.666974836865672
0.0168889171741872 0.0356778725219149 0.421796271138637 0.180244868822025
0.0226262100313017 -0.00443752315302957 0.18422725468818 -0.11718573630453
0.00644992174682552 -0.00496412889824034 -0.111577680336266 -0.188736633112822
0.0178079634731248 0.000997200864629419 0.081734468676816 0.151631304743119
-0.00298545033165804 0.0138416094571668 -0.171395297741687 0.034730213817984
0.00315032825262988 0.00452866826771112 -0.365393392364826 -0.305840570865325
-0.00496147922610156 -0.0270047446041564 0.154948359593771 -0.595140468143149
0.0235479189801484 -0.0451898209865012 0.817200330432231 -0.0873830503717008
0.0145953179054373 0.0208269526011137 0.469389840719842 0.79756136238231
-0.0311359085302978 0.0180871169191079 -0.258932559109209 0.607551241377524
-0.0327506468944488 0.000492667795938282 0.0901278023758944 0.0259362142381288
0.00489189162564982 0.0142266609814039 0.212352728764761 -0.706158793092113
0.0148839501986173 -0.00164366799728263 -0.677336067418466 -0.727989375591485
-0.00722297719990484 -0.0131172405238627 -0.834978177585392 0.326657455035119
-0.015743624214477 0.021967483105716 0.0534429668701455 0.665524429288027
0.0110225320246095 0.0363364436500843 0.415518453026443 0.195841510283374
0.0164519431557198 0.00298142075368731 0.187341363224856 -0.107833723456309
0.00170539040078476 0.00578102408225157 -0.113763099666371 -0.18307307735143
0.0136277038031462 0.0100818811884531 0.079650106787051 0.158249138667336
-0.00867373998334162 0.0153020744455913 -0.165640746134824 0.0480018995002176
-0.00263811199959939 0.00026053146297238 -0.376220523700857 -0.285677658274159
-0.00396772762172157 -0.0343870314002127 0.114853963172623 -0.604293423297136
0.0393435246039551 -0.0460045632359005 0.804119081321148 -0.150663549696073
0.03251977271182 0.0398129569763413 0.520009692112778 0.753085574245411
-0.0388470797598689 0.0466094893928541 -0.228501266118715 0.618653692645119
-0.0544674273173877 0.0251288484697147 0.081836950640028 0.0393468512802518
-0.0015729473398131 0.041740344661348 0.241596922195219 -0.695625413758788
0.0337256283943433 0.0159171529426771 -0.632588195656449 -0.782412090627823
0.0116888241867317 -0.0158718905895817 -0.864484217110204 0.264067362505561
-0.019495151842293 0.0141720609293315 0.00846764582993177 0.670761324445998
0.0010971686030834 0.0329950867193304 0.408133102528686 0.220903117222596
0.00769512522477728 0.00880629928723246 0.195807977155736 -0.0938753875716868
-0.00541389966882099 0.0154216384259992 -0.113023504725391 -0.176539730251143
0.00989404195258596 0.018042580180466 0.0789128701651343 0.164984732645705
-0.0160137827651467 0.0165016788754566 -0.154965246134479 0.0636203426588309
-0.0121495586574496 -0.00442048350085634 -0.389322304768705 -0.253303939286274
-0.00689429831874304 -0.0415924674753025 0.0623688595835821 -0.607958849817192
0.0493244694615699 -0.0489229915020445 0.781700485514073 -0.22298118682256
0.0501682846814838 0.0538065031530113 0.583469190855952 0.698566772851901
-0.0417719884388952 0.0689341492354471 -0.195095189190711 0.637072602627662
-0.0714409358486117 0.0419181520805676 0.0665090574193258 0.061179699582303
-0.01139461452732 0.0633296568696083 0.277907589394066 -0.671609305153606
0.0463131272692415 0.0348245573928699 -0.570043693888116 -0.842061057263687
0.02941920482048 -0.0153072075654146 -0.894523497838571 0.186051572551692
-0.0229566108696012 0.00348718180685743 -0.0483165608290776 0.674413535014575
-0.0109518671047443 0.0279363218782719 0.39772727613363 0.254837777877702
-0.00244857222268201 0.0121914668984606 0.207818937330297 -0.0773236775606486
-0.0126800459193359 0.0234411385164873 -0.110891335985289 -0.172955140804882
0.0201298162666493 -0.0190700937026007 0.0988123603534497 0.137340946810115
-0.0111105095044536 -0.00822662545965309 -0.137755036551754 0.0468397555764355
-0.0100251244662791 -0.00862011020991925 -0.373017193063102 -0.254524283786892
-0.0240768337574855 -0.0235501826948167 0.0740408421728161 -0.570394922643693
-0.024331698159176 -0.0402964235926862 0.775489281784267 -0.168842310540409
-0.0294946580829587 -0.021100427033762 0.574274078125889 0.743696760426168
-0.00828235106840654 -0.070392048485583 -0.220071920871223 0.684919103813433
0.0303208412620723 -0.0851657809322136 0.0291950815738977 0.102529520673841
0.0136644378608078 -0.0678794639068284 0.245979857998857 -0.614813351721232
-0.0383302592763578 -0.025778114961603 -0.581188301990563 -0.756276476216826
-0.0472882690023924 0.000151599583195081 -0.86780821828204 0.264065584937996
-0.040590085746784 0.0213575071084375 -0.00212807913496401 0.702701660331729
-0.00725648346440583 0.0252473179868515 0.416598713998925 0.242058759967662
0.0110614426567379 -0.0173987697105893 0.218308304470927 -0.0947522529771246
0.00505454584537675 -0.0205554886797024 -0.0957906400808881 -0.193369166985423
0.0226837585924673 -0.0195938798167775 0.0972592870678063 0.132658705466966
-0.00575762687993304 -0.00396227292517747 -0.148659240245857 0.0358225782220921
-0.00320546656667033 -0.00155886691080051 -0.363126727782449 -0.274664223428371
-0.0215850026767991 -0.0190031769936379 0.11445875964661 -0.567555553961056
-0.0255699596063686 -0.0431342163273327 0.802939334167545 -0.10165867476361
-0.0300876192080276 -0.0280918355320898 0.516502089953096 0.79017611640043
-0.00293342163358291 -0.0715832594795104 -0.251014040838907 0.659071035901451
0.0309627903251024 -0.0832696090392114 0.0487766436667569 0.0750938397104777
0.0117906657408588 -0.0685618998072742 0.213541782931688 -0.64334356982874
-0.0414353523130374 -0.0293407490166298 -0.639031770177619 -0.709383578685963
-0.0489291121485732 -0.000495397539064159 -0.838579828992021 0.327820486845462
-0.0330051850469164 0.0277664022612213 0.0411242204552387 0.69797204342864
0.00482153054162229 0.0284360267906931 0.423335999403461 0.212706441313557
0.0189338200142603 -0.0170614896637367 0.2060926807154 -0.10932386788356
0.00846452476131368 -0.0220481831378849 -0.100798912552767 -0.195287898161613
0.0233771363801183 -0.0187683319462745 0.0939048553156101 0.134464417680941
-0.00160617923486578 0.00103136020631489 -0.158407179986901 0.0280478824925261
0.00190870854918222 0.00343611205561342 -0.356697527894988 -0.295197131880332
-0.0186255234763071 -0.0172347957460105 0.148601838352988 -0.568904024078839
-0.021062698852557 -0.04567885482522 0.814356187708884 -0.0589161687073099
-0.0244148715055702 -0.0263239939906057 0.467691318276928 0.815660410650979
-0.00358867212802336 -0.0602648931835368 -0.270475127199953 0.632799008835581
0.0231561069456032 -0.0719339719971075 0.0677795839157708 0.050990720025618
0.0105446805293002 -0.0578098108468504 0.193202779706671 -0.671570309669005
-0.0360960864338417 -0.0282179312282231 -0.680428798049076 -0.675010019120078
-0.0457031208763468 -0.000936368064858206 -0.813490453034677 0.370213698346737
-0.0251077628346962 0.0309534036751503 0.0778950555725102 0.681815586601436
0.0137747920571519 0.0314491472977859 0.424659841959574 0.186899705000467
0.0236437158283915 -0.0153701064308366 0.192985172919584 -0.1189300041178
0.01024990501869 -0.0196675396706087 -0.106272963220785 -0.194698650014104
0.0231463694867501 -0.0135830491380444 0.0901077779680376 0.137876285496195
0.00117810936388231 0.00634349485090452 -0.166045114848405 0.0250429615939978
0.00495310663109332 0.00664636685640104 -0.353904032609881 -0.309038119576574
-0.0137182135127442 -0.0178265214904514 0.169400820110467 -0.574343502956835
-0.0101997508369948 -0.0464021551022004 0.817338798957035 -0.0434912975726662
-0.0150798560710564 -0.0160976853890583 0.444318682424001 0.824714203932291
-0.00918802281791188 -0.0401622331761567 -0.275979091303082 0.615925974893513
0.00817591374563146 -0.051532234965711 0.0814717539836374 0.0326867228099973
0.00891144003397706 -0.039805087374293 0.181781614776724 -0.691111215559549
-0.0235697172366821 -0.0237510616232793 -0.702096003974369 -0.666362206200336
-0.0379753204756576 -0.00399279198174673 -0.803270430775188 0.38418814133002
-0.0185147243953208 0.0312499870298726 0.0924607238891031 0.669098005072857
0.0177486242652552 0.033807773289443 0.423965742265917 0.17364076221649
0.0242455236943113 -0.0109480267387613 0.185426234488518 -0.121902357390271
0.00867988661903178 -0.0143307657204676 -0.110089731810413 -0.191107281315798
0.0213677411927926 -0.00654483313185706 0.0865496394844418 0.143631581024069
0.000252907615333726 0.0108012083126864 -0.171374355780346 0.0271340818193272
0.00558647231818455 0.0069972717359461 -0.358086847615769 -0.308555706438421
-0.00888570444923304 -0.0213136313300116 0.167020293597194 -0.582539030896291
0.00593437594866272 -0.0455546100468309 0.817371716738077 -0.0537968491301349
-0.00178117010085729 0.000836986418376524 0.44564194021464 0.815055559286048
-0.0199739435429763 -0.0126477199746656 -0.269598279307974 0.606021306535131
-0.0121040273437809 -0.0260601568918583 0.0899668296048356 0.0236624019553364
0.00763561936805742 -0.0150220644487705 0.18294634800803 -0.703677780884204
-0.00517717908147845 -0.0154047555482344 -0.70477669861859 -0.677018571175133
-0.0241442259398024 -0.0084525428742937 -0.806191474147172 0.372773778921169
-0.0149765012821042 0.0284184452222614 0.087984911543542 0.663894180220999
0.0170424737241919 0.0347572672473369 0.422064211432886 0.17504309792923
0.0219490421092548 -0.0050646071255956 0.182503610025162 -0.118367246826065
0.00672652093624454 -0.00475905363547127 -0.113433476842543 -0.185994616711067
0.017543386980646 0.001104812863152 0.0827607229403828 0.150238667986984
-0.00306606304413723 0.0141859674877052 -0.170719628717992 0.0359622655399933
0.00214995545075499 0.00466483852849405 -0.366627558490881 -0.297760076077067
-0.00581223270829488 -0.0272384916414269 0.146923196486975 -0.593260429549579
0.0230265489838885 -0.0454885874421662 0.811337802740763 -0.0952464953607642
0.0144794599268758 0.0213238647986061 0.474729902592047 0.78809214878659
-0.0301492699599095 0.0181940074586949 -0.249260876221296 0.606740445383984
-0.0332293596584504 0.000661354030090976 0.0899471537249342 0.0257645238583308
0.00480442677409441 0.0145308689918805 0.202437792051518 -0.706360658462697
0.0149453970995196 -0.00169991888199946 -0.68355048837517 -0.716533644517593
-0.00680421615116065 -0.0137023566889758 -0.825362513553619 0.335674329405737
-0.0167099511977289 0.0228330610029907 0.0625231439920275 0.662660170407081
0.0112237755304883 0.0348576908425705 0.416372812681313 0.188956057403431
0.0151660363166741 0.00310749970293273 0.186250263147827 -0.1091302334384
0.00177213969645478 0.00572664919660741 -0.114955755797844 -0.179908071062115
0.0131137198559884 0.00917161780368478 0.080796675227767 0.156513718769166
-0.00910905388591213 0.0162364556693059 -0.165009818801151 0.0491785309523241
-0.00404392743114119 -6.85600396777266E-05 -0.379710312052351 -0.277235306724877
-0.00481089764051386 -0.0347106145723606 0.106796183525719 -0.601627174661822
0.0384309307251322 -0.0459329846032869 0.79685850329001 -0.159095470568764
0.0321479133517104 0.0398809653205932 0.526374854467135 0.743313685133373
-0.0382330047085785 0.0467234820228934 -0.221933433178374 0.618084099515347
-0.0545089600913336 0.0251980797143979 0.0818121564663449 0.038360064197724
-0.00179845090237372 0.0413249435021852 0.2333036192292 -0.694493194837771
0.0336923144374639 0.0143666972575573 -0.641032439388001 -0.771909342847321
0.0118504577905015 -0.0159705170560126 -0.856135745007367 0.27345076722883
-0.0187934408548954 0.0143577169693734 0.0167121203066272 0.666255585465312
0.00188375780019478 0.0329560151025409 0.408963628138926 0.213734050341208
0.00679889400178827 0.0089440937877067 0.194622522567127 -0.0957122242247275
-0.00531145888752077 0.0156249825610294 -0.11427196242266 -0.174841520574234
0.00958379080372142 0.0172789524408723 0.0814259593226707 0.162765971155427
-0.015875623076632 0.0170203459385253 -0.153397223006253 0.0647067961724757
-0.0125002565164766 -0.00446891268607238 -0.391841229977438 -0.247066498412063
-0.00788334199423676 -0.040977670698673 0.055898523365125 -0.60528993240903
0.0494598200541895 -0.0482299518354745 0.773125597411423 -0.231632269033472
0.0500445374983251 0.0525745005295079 0.587569810567563 0.686958026425584
-0.0407278203388498 0.0690242983450238 -0.186101374439752 0.637366088350079
-0.0703843834204958 0.0429729559684663 0.066220527904791 0.059540690290337
-0.0112078616048466 0.06279167945215 0.268258554091842 -0.670263539548102
0.0467051059104841 0.0339922964820458 -0.576839578468982 -0.829175292796669
0.0292845774251257 -0.0160667129646016 -0.886672936575386 0.196069502954269
-0.0230709264429202 0.00317839409625661 -0.0391038367139916 0.671857670814083
-0.0105149265432036 0.0267396183690498 0.400043555134431 0.249574229167924
-0.00336687403886454 0.0120135127762094 0.207075511962652 -0.079069068995244
-0.0118183752178867 0.0251523239336118 -0.111918527552023 -0.170766990161534
0.0190601230079654 -0.0190715005561658 0.0994409613523841 0.135649579694119
-0.0116231858147824 -0.00730004980587952 -0.137228865346278 0.0470364130894437
-0.0107613064007817 -0.00897133108675612 -0.375084285143682 -0.248319456863449
-0.0247548888874407 -0.0226270379656941 0.066276222967375 -0.567308729202926
-0.0246420082454029 -0.0392572187002482 0.76829293118528 -0.175369572678546
-0.0294277530064068 -0.0198308732405477 0.580219242391575 0.730492761930288
-0.00908967266246438 -0.070319750224986 -0.212213839532041 0.682597505821855
0.0291298105366051 -0.0844278645652335 0.0294566968213152 0.10182319805222
0.012892503659861 -0.0679058890966695 0.237986188674605 -0.614252598546636
-0.0381331854353073 -0.0256235887050932 -0.585713085254888 -0.747059647920756
-0.0467858067990626 0.000755467288469855 -0.857394231355232 0.270744766351483
-0.0403590535658235 0.0223784546059439 0.00535101048226505 0.700234431656712
-0.0069095147487202 0.0243599756568199 0.415116241898593 0.236542486308649
0.0104443546394651 -0.017440072049889 0.216579720290487 -0.0965008394000616
0.00341181181047708 -0.0202682491173992 -0.0973744209909069 -0.190149054891573
0.0214162633860374 -0.0208359068431504 0.0978388655729471 0.131098604085109
-0.00566814812313598 -0.00344582333837982 -0.147300974260671 0.0364586442613551
-0.00318593860563342 -0.00204955951562413 -0.36460941319274 -0.268625482928202
-0.0220568224223197 -0.0185524323560217 0.107236270492795 -0.563921976328729
-0.0258263171538271 -0.0425552569108847 0.796997613734578 -0.109759736045401
-0.0303246249691749 -0.0270385849184125 0.520667580312327 0.780736570018159
-0.00398864011557757 -0.0708416333663034 -0.242037032101556 0.657058352482077
0.02933912955262 -0.082209319641156 0.0495194831106007 0.0747679233402828
0.0107373970951201 -0.0668756785705345 0.205898646300686 -0.641908134944981
-0.0414669502651849 -0.0285220512865673 -0.643235012341139 -0.699773666056702
-0.0494818518681835 0.00088023432971172 -0.831057009448764 0.337063100115277
-0.0324888063466973 0.0276011464865775 0.0485205035313849 0.69256103059511
0.00442931909043792 0.0280917142668526 0.422985808913589 0.206518253028894
0.0179020009103452 -0.0172089840753852 0.203715083961485 -0.110581763390368
0.00816566358134367 -0.0212847837133504 -0.102185985740531 -0.19341730247522
0.0228661871382429 -0.0178641853551077 0.0945161229136995 0.132312735129308
-0.00129719981426244 0.00218010553374402 -0.158543550948949 0.0292443526222766
0.0022518232794792 0.00344555612014074 -0.359455863163737 -0.289999012509418
-0.0180394611157442 -0.0166820039894464 0.141531116019605 -0.565411212504748
-0.020351691587357 -0.0444309651317825 0.806334637135096 -0.0674603162379659
-0.0251873828566703 -0.0249522637598968 0.475737255168191 0.806079030486094
-0.00465823745976034 -0.0600856627389327 -0.260588233089059 0.632806035507174
0.0219641451180045 -0.0707664512795109 0.0675280419934654 0.0495637668362756
0.00947872108556119 -0.0575460688430679 0.184620418515741 -0.669323738200244
-0.0365210401877002 -0.0285809211091293 -0.683142320417787 -0.665216742806221
-0.0459752422918275 0.000343768840842407 -0.804884171107877 0.377044618048234
-0.023530010553446 0.0309108087719691 0.084457072400408 0.676408646156521
0.0140993174676777 0.0305558169965574 0.425484921242911 0.181218236324989
0.0223836549247567 -0.015430679535189 0.191707204307846 -0.119705107716721
0.00981660656235994 -0.0191675071332445 -0.107234168671771 -0.192434003956701
0.0224957317144497 -0.0138959277531813 0.0910137161764475 0.136297884402959
0.000428008386375939 0.00735485291923515 -0.166321562549963 0.0261280035498421
0.00436713062548939 0.00710478408116449 -0.356162522427351 -0.300753497168367
-0.0148653318149375 -0.0180696223156238 0.161614113932603 -0.572763983182864
-0.0100440081384116 -0.0458895273458447 0.812761907900157 -0.0514733095732965
-0.0149554185858741 -0.0157895243940385 0.450528414509476 0.816818967651457
-0.0105860634436028 -0.0397197385741731 -0.268693492969102 0.614795723825546
0.00732887314773011 -0.0511505581264425 0.0818411008288626 0.0317962609278304
0.0079424993309518 -0.0398998266024739 0.171704871810207 -0.688837821500337
-0.0239480009503842 -0.0236749658542375 -0.707903816387524 -0.654256316980928
-0.0377995580952859 -0.00324076394614726 -0.794311764350951 0.391195361406629
-0.0179776106859613 0.0315502263480376 0.100048387058585 0.665079280298758
0.0181723299622831 0.0329570686609696 0.424789954096014 0.168112025814376
0.0237369739841679 -0.0106804106749659 0.18404623735629 -0.122692482265734
0.00916545606842618 -0.0126842956712086 -0.111043345372177 -0.188819154964612
0.0206726671612945 -0.00737663561975547 0.0865572873688563 0.141293616808535
0.000206102391452954 0.0118575850552986 -0.171185473280635 0.028833632158057
0.00496409883166114 0.00742815591797804 -0.359503101497327 -0.301284255191452
-0.0102178040636608 -0.021017729505691 0.160334845672266 -0.581756099420435
0.00570254277792597 -0.0453722935378012 0.811417383023949 -0.0625213386931012
-0.00156292533569997 0.00128919344850903 0.451401884926808 0.805535959017426
-0.0202747970701334 -0.0123004477943729 -0.261619866032466 0.604179174207444
-0.0122138939583441 -0.026041446278378 0.0903013680799178 0.0224570296449031
0.0071426858878879 -0.0147742115597959 0.174593191523734 -0.701474663269058
-0.00533225090527619 -0.0153262801717428 -0.708645474627647 -0.66717675310378
-0.0236542953506628 -0.00805122135368835 -0.798355940629348 0.380932138196829
-0.0149680815210266 0.0285272712224276 0.0951135865944141 0.659284623003665
0.0173931198756075 0.0343825401575125 0.422421659736633 0.16841474911723
0.0207825952384801 -0.00466451848169457 0.181312678366837 -0.119770894436871
0.00593922295954668 -0.00453718568402583 -0.114531321813886 -0.18318397607318
0.0171635030671731 0.000650132984536872 0.0833780831765969 0.148009412510301
-0.00322577678719396 0.0146348867290676 -0.170280081351174 0.0368395958632735
0.00177144878419493 0.0045050910598002 -0.369992959676684 -0.291304088504492
-0.00628941668677786 -0.0270024169467485 0.139367243275806 -0.591690358057705
0.0224360631756369 -0.0451334720057669 0.805201699438498 -0.104773211759533
0.0142984466277648 0.0215304109905735 0.481294742427869 0.775905371948235
-0.030496065219002 0.0183388979805079 -0.242268662144352 0.605782547928185
-0.0336255944750018 0.000662328248849312 0.0895288996576563 0.0249230288316403
0.0045102161659043 0.0125355207297739 0.194615154093638 -0.703161694386291
0.0148397513930509 -0.00265560836911176 -0.687074461718894 -0.705111004063502
-0.00771876674079528 -0.0124176367527631 -0.818929665690092 0.343501717276858
-0.016238036788334 0.0228644656536674 0.0698057478789298 0.658999413428646
0.0114769080494432 0.0346483175558581 0.417381635921734 0.183997312901641
0.0149691627508569 0.00256521498337511 0.184751271066631 -0.110339497385141
0.00131825752250654 0.00571485855781203 -0.116115628971477 -0.177243830949182
0.0139467370009847 0.00904792638409336 0.0819329548382159 0.15524740382773
-0.0087881974244983 0.0167983168433849 -0.164887591180518 0.0497536862952725
-0.0042668894975911 -5.42824658798306E-05 -0.381395908346509 -0.271424952222019
-0.00525105243346467 -0.0344606363795729 0.100560432445234 -0.60030766806423
0.0382189295074035 -0.0459122326330948 0.79108327732768 -0.167987151851982
0.0330275847510367 0.0395330197025161 0.53103581240941 0.733282889122842
-0.0380427884718048 0.0464203188554995 -0.213352681638025 0.61661267371116
-0.0544299074777981 0.0249402500131555 0.0821429444054478 0.0373710113889063
-0.0011253293224746 0.0407542497302876 0.224208260932177 -0.693941301679214
0.0339193733761255 0.014319330580117 -0.645455431238361 -0.759139755077836
0.0112011910133927 -0.0159028491434988 -0.850136453063969 0.281064164451985
-0.0188719937557283 0.01440039415131 0.025228392020933 0.663262679474291
0.00211747403788703 0.0326940430717395 0.409790262758358 0.209403788581864
0.00648824986240422 0.00856115692910382 0.193984596893361 -0.0970650537529374
-0.00483250075915209 0.0164409415310643 -0.115216970141398 -0.172666629910677
0.00948589854328988 0.0158681164099862 0.0816335159970688 0.161566248650835
-0.0158185369599479 0.0185172324273643 -0.153347253265099 0.0655982332752438
-0.013456541203826 -0.0043824029681941 -0.392102455117553 -0.239217761740911
-0.00920095054031205 -0.0410615270415466 0.0470963106613683 -0.602788877346442
0.0488368428808321 -0.0486842601586739 0.766019846214357 -0.238492588628314
0.0497396877578588 0.0523730973389089 0.591274616725855 0.677567030959603
-0.0401214817048398 0.0688528665582586 -0.178342267742451 0.635014417659988
-0.0704290508516377 0.0434097337944011 0.06670858700084 0.0591938640076612
-0.0103137987245219 0.0623732849799209 0.259998008904131 -0.668042752940148
0.0461712852508974 0.0331858635113935 -0.582323331455777 -0.818600533155101
0.0291447334627161 -0.0160674373689001 -0.88105872190619 0.204569491817967
-0.0227793430437254 0.00441203283556123 -0.0315808360302981 0.669456623954119
-0.010329221734381 0.0273260984626937 0.401629914455406 0.243017229251539
-0.00366677139336722 0.0123800286608371 0.205822493248034 -0.0800278061921562
-0.0122858291381516 0.0243878464295665 -0.113087998646048 -0.168659440803052
0.0190055294956528 -0.0191865094732672 0.099757069578216 0.132940193687466
-0.0120345431737577 -0.00656436828508199 -0.136911125812801 0.0469790789746759
-0.0112203275924382 -0.00865901094501295 -0.375439668348792 -0.241411247430657
-0.0247963529057439 -0.0229831190859505 0.0619916742063622 -0.566509961067536
-0.0252346813251391 -0.0382616560565614 0.762729095501021 -0.180905987147953
-0.0297224852274984 -0.0192555176471798 0.582835719349026 0.720179926945204
-0.00939036432232599 -0.0704388576002844 -0.203463653018211 0.678506831157423
0.0279243461951989 -0.0851192614417838 0.030417733133426 0.100884427257407
0.0118260478986652 -0.0680578065247276 0.229816924542618 -0.611680126533923
-0.0389645080568947 -0.0254416715923078 -0.589599666166863 -0.736269901538477
-0.0463273058496818 0.00156028923791151 -0.850180826223406 0.279047520628082
-0.0395300842164283 0.0221402935474491 0.0128269938729015 0.697051929428777
-0.0062087842926963 0.0243263298513846 0.416413609255699 0.230490778996635
0.00901790905079779 -0.0170003129866693 0.215093071822478 -0.0985144841274236
0.00368163005941546 -0.0191135953099273 -0.0980180762374432 -0.188641817954401
0.0217215423926818 -0.0202797808001173 0.0988958992789365 0.12919010284425
-0.00619093572579765 -0.00240412268181531 -0.147013393541537 0.0375239568452308
-0.00340764730834082 -0.00193285218432353 -0.365634119093614 -0.26240826227275
-0.0223597694017142 -0.0184726968786729 0.0999659284244081 -0.561727264401425
-0.0259306750649831 -0.0419996378124274 0.790109061126868 -0.116197103789196
-0.0306337655161302 -0.0262155614403058 0.524997046465036 0.769961175225114
-0.00508806546012015 -0.070413346176316 -0.235498907469693 0.654364114077966
0.0275164330283066 -0.0823731384989193 0.0501245216769554 0.0739018459504912
0.00988722450876702 -0.067372084977518 0.198902735385792 -0.641970224692848
-0.0411176175822145 -0.0286241677872817 -0.645855632133803 -0.687906647726451
-0.0495508519730151 0.00125948420851555 -0.822397390846812 0.341411677668348
-0.031661956881441 0.0280218918002772 0.0560120511673788 0.688355407180362
0.0058087746910244 0.0278930196052192 0.42207722559617 0.200805443177789
0.0168089425626188 -0.0172151407118557 0.202464102459875 -0.111640394778701
0.00753493104925672 -0.0208603258238879 -0.103835636636645 -0.19116012877317
0.0231228761341154 -0.0183352729529446 0.0955825493059415 0.13041086439629
-0.00162834312915742 0.00296597279196362 -0.158166524268453 0.0297448245386225
0.00148432317458022 0.00321620468361357 -0.358486955345337 -0.282692802424209
-0.0196394230941536 -0.0166689888878756 0.134842547802948 -0.565466545931887
-0.0210774197622614 -0.0441014350194996 0.802722052778618 -0.0745766571989193
-0.0252066053612532 -0.0245174224349816 0.477267089916656 0.796501962780626
-0.00508055557160678 -0.0600032053438269 -0.254643977138497 0.629974699032729
0.0203633459131617 -0.071305276401445 0.0681089205838652 0.0489644976901227
0.00902466761779394 -0.0577741564038663 0.178064860763731 -0.666606423822064
-0.0365314063036694 -0.0281211390564743 -0.686941495725079 -0.65635301429898
-0.0458852661312188 0.00104055577814358 -0.796240154737334 0.381691796590364
-0.0231151246779957 0.0315230028940141 0.0910342882147449 0.670872130147724
0.0145968095757921 0.0308241118310599 0.424849393695827 0.175606110686763
0.0220262911803045 -0.0154735363080928 0.191375344332397 -0.120517545034797
0.00857198284990593 -0.0187760400273684 -0.108430345709777 -0.190267085014026
0.0213861814988455 -0.0138134950819691 0.0912501674299539 0.133995062675655
0.000403670751474219 0.00797168756542459 -0.1658375526308 0.0272187612120851
0.00459702146571916 0.00665438065452956 -0.357369568079784 -0.29547910783339
-0.0141523846155569 -0.0173812836221149 0.154627861389496 -0.570344047727778
-0.0102132629304161 -0.0452293282774413 0.80471653042881 -0.0590315682508292
-0.0154978106400347 -0.0146261037380745 0.45529221014672 0.806008585497381
-0.0110818692707708 -0.0394800150283603 -0.261605141918986 0.613482548109665
0.00640822341575924 -0.0512185843670147 0.0814885733044275 0.0311005143719726
0.00748297903280753 -0.0390519511703844 0.167773007283626 -0.685497909643436
-0.0238522130282611 -0.0244366469055258 -0.709174805717593 -0.644272754134619
-0.03712190036893 -0.00318634450465025 -0.785027535109189 0.397886503221317
-0.0172095094977705 0.0308176110174162 0.106400222185657 0.659388075837708
0.0185946612391774 0.0330810190306724 0.425417643927935 0.162589579583062
0.022652528213379 -0.0108862952821796 0.182234338104714 -0.123875107633952
0.00811814418435759 -0.0131584622403991 -0.112601969235232 -0.186135429800307
0.0201073172695561 -0.00730387316396705 0.087357630068471 0.139707386372792
-0.000438792161187339 0.0123093304053442 -0.170473895037034 0.0306639929178678
0.0046343635142497 0.00686588870446291 -0.361282936065516 -0.295296041915064
-0.0102876307032389 -0.0208709555426527 0.152410447646764 -0.579295107336163
0.0052441420929206 -0.0449391233038976 0.805732825655459 -0.0707987825859014
-0.0015528898501352 0.00226108356722216 0.457750056506081 0.794856064286178
-0.0208767564327863 -0.0120030948138038 -0.254787118103411 0.60197483417227
-0.0124517934634329 -0.0257567460870094 0.0899067176173453 0.0216922098138613
0.00650620456556739 -0.0152507475679433 0.167233210829145 -0.697712258869071
-0.00592027480599608 -0.0155491117449704 -0.710491007889099 -0.656769887431903
-0.0232781004975795 -0.00750602804472434 -0.790617747690923 0.385573273121948
-0.0142619129565765 0.028247383626105 0.101696714310552 0.653058901099423
0.0179128858919266 0.0340473369372025 0.421244068683028 0.163248699967441
0.0202984429495593 -0.00427437161334592 0.180523809650402 -0.120476335248744
0.00578323097588615 -0.00398182846484477 -0.115688659086993 -0.180981267407897
0.0169664963034824 0.000423446067549124 0.0845042041696414 0.145886980196215
-0.00331724401453963 0.0158615321531704 -0.169571749317752 0.0373766723530368
0.00165864151583485 0.00423574102505652 -0.370173172859618 -0.285107998927607
-0.00646136824136445 -0.0270633347327049 0.13295096145301 -0.586904423235793
0.0220627956735814 -0.0446884758675291 0.800366973156701 -0.111216067688794
0.0151309973781572 0.021729544373936 0.485405547462197 0.767975858767485
-0.0306466051456522 0.0180123616904393 -0.236366492388478 0.601668981913174
-0.0335933468544058 0.000715807769441729 0.089442513077051 0.0239709949893228
0.00459999091530719 0.0123981895935494 0.187527185119688 -0.700307032684746
0.0147733872865023 -0.0034137397147267 -0.691223815588017 -0.696006222641614
-0.00698704406590796 -0.0123775182202419 -0.810506487181727 0.346281469796844
-0.0155321906920964 0.0231659159712184 0.0773815016027731 0.653291276197798
0.01197615382862 0.034621134589625 0.417106446810061 0.176451338842996
0.0146035914602455 0.00265121307979335 0.183439470448691 -0.1120471406935
0.000497235498955495 0.00683878484855859 -0.117100891074448 -0.176067941901727
0.0132824403897315 0.00882070708782763 0.0822865577020955 0.153040877297171
-0.00891557614389231 0.0178868116165076 -0.163361512449496 0.0507012172172585
-0.0050910298483348 0.000422764012948923 -0.381823861203131 -0.263895144260786
-0.00654122424714028 -0.0345310828458492 0.0929940187482918 -0.596828495350058
0.0376994459811025 -0.0461620928649813 0.78463335891658 -0.172578792091605
0.0327683205799337 0.0390787024610494 0.533347225656188 0.72368285477205
-0.0378128255923275 0.0465694806217162 -0.205496703721419 0.612148040286333
-0.0545176232858788 0.0258652030527745 0.0815811224524944 0.0366900630639434
-0.00109337011697442 0.0398810786695979 0.216081271843517 -0.689582871671469
0.0330559443978942 0.013070976838813 -0.64777327254276 -0.74999158909639
0.0112794877382558 -0.0160158760555502 -0.842246044860708 0.290095103383451
-0.0187614841993157 0.0147004497571285 0.0302034217038153 0.659063822414588
0.00256503282473941 0.032056816186343 0.409884465394837 0.204049688861337
0.00565067275328366 0.00885805541103022 0.192457490059157 -0.0981243129874299
-0.00446890034849629 0.0166399358468262 -0.116647311719808 -0.170330344854953
0.00935513643482536 0.0158587732173731 0.0827265879971744 0.15865199879116
-0.0157231976373932 0.0187576703868178 -0.153146453374095 0.0657702191377994
-0.0133626239119846 -0.00402994313794943 -0.392826866597974 -0.232518195041823
-0.00939676261653661 -0.0405413191517076 0.0427037058471456 -0.598425228804859
0.0480124420803185 -0.0488842192144442 0.761756531545364 -0.244464521266925
0.0505054684728116 0.05160648016788 0.594211403905517 0.666595974894515
-0.0388507980846379 0.0690125217185431 -0.171025311304708 0.631179793005575
-0.0697880851909497 0.0434623685132337 0.0665530222360061 0.0586712552706632
-0.00959635595675312 0.0619835236528361 0.252992055259818 -0.666539569547666
0.0470778576579126 0.03192929649295 -0.587295111958555 -0.80962411971429
0.0284462063491659 -0.0161663996665594 -0.874732853994083 0.212523150911897
-0.0224102686814607 0.00402757210247185 -0.0252182572993485 0.663699798584642
-0.009728385775604 0.0272935705979798 0.401863897729649 0.237749884243519
-0.00426529861628369 0.0121709389656472 0.204963215270582 -0.0821638823229144
-0.0118167332142413 0.0252079700369887 -0.113864846986701 -0.166996858138591
0.0183596585120743 -0.0192486332629526 0.10014132359293 0.131588760480357
-0.0125441384234838 -0.00607511611244217 -0.136939474799799 0.0476947464875217
-0.0115831308319947 -0.00840917408710256 -0.375995492072191 -0.235855243357815
-0.0260351173444754 -0.0228050824392062 0.0543368160727241 -0.560360186895404
-0.0248446438376876 -0.0377131764840437 0.755386088558102 -0.188363025962385
-0.0297822771749373 -0.0187767986107082 0.584210430577787 0.711642992534245
-0.0110240912230204 -0.0700226300810102 -0.196913334708063 0.675728731143517
0.0271623400772078 -0.0852886262262323 0.0311482339477655 0.0999352656252042
0.0109214123154855 -0.0687690147965682 0.224116331369209 -0.609372283272394
-0.0386941762469693 -0.0250985996254922 -0.590821878598502 -0.727807654421159
-0.0454211989262773 0.0024398070649734 -0.841870411028434 0.282744376711627
-0.0391890250371953 0.0232568750786094 0.0191138963726267 0.691347794623219
-0.00570887392868482 0.0237606275316198 0.415202274243628 0.224726107203758
0.0100262752173535 -0.0164181452605485 0.21457976524899 -0.0995253696243721
0.00315143861349949 -0.0186036450832532 -0.0992063865143972 -0.186818248897164
0.0202240107206343 -0.0207742400876358 0.0993269467463291 0.127834711874841
-0.0068153712849494 -0.0016974373529406 -0.146885972273751 0.0374006143239417
-0.00418019347824329 -0.00264476480532905 -0.366354131539736 -0.256128685658604
-0.0227390647545785 -0.0183953372175973 0.0945866611191549 -0.55813607848026
-0.026562586131 -0.0406262818618968 0.783941187045162 -0.121561022376496
-0.031111954994645 -0.0249056898492413 0.528057399806151 0.759140757033643
-0.0063273889560204 -0.0708429203184705 -0.22887163398019 0.651157314220839
0.02715934402091 -0.0815600383697906 0.0500264959885276 0.0721228111117165
0.00911207617900536 -0.0670056206306369 0.193057164226072 -0.638361877145901
-0.0414328249535949 -0.0281179936568237 -0.648731789605894 -0.680691707767059
-0.0484190298723537 0.00230602667587942 -0.813568695172937 0.346318770524457
-0.0309870373198984 0.0288227097387526 0.0622007504171967 0.68445915641488
0.00507885043907501 0.0277255143083207 0.423087135085037 0.196544011900723
0.0161169514950652 -0.0171148692875508 0.201607269450027 -0.112437487718245
0.00725115269089129 -0.0205908749285521 -0.103643963438487 -0.189376948163641
0.0217951666064797 -0.0189036238444336 0.0958379613750986 0.128525535273653
-0.00213436644001519 0.00324081546592635 -0.157750228857904 0.0303171740582179
0.00080910780697478 0.00328610100934368 -0.362040783603705 -0.27691368622588
-0.0197162147935372 -0.0164420528308689 0.129705845232193 -0.562951531352977
-0.0211465648178901 -0.0433799851407922 0.797110091950493 -0.0831434978697207
-0.0260493240126351 -0.0240443549837841 0.482770982503867 0.786954223657984
-0.00703233462432015 -0.0603843547853747 -0.249701162263908 0.628090337557402
0.0198442639932592 -0.0706901949791314 0.0679450698440223 0.0482095960222399
0.00704930132982718 -0.0575675269331728 0.171745452725684 -0.663765994582638
-0.036287363257067 -0.0282283007800756 -0.68872393082525 -0.64656773993394
-0.0452229222127051 0.00100322648111664 -0.788450491511674 0.386926768534043
-0.0231173846759319 0.0313081794041334 0.0962832577805535 0.667699361677467
0.0143099173494127 0.0298443635112481 0.424699429664553 0.170769617886033
0.0208860885795448 -0.0156287219896676 0.189923544421869 -0.122240363958891
0.0089782489580426 -0.0182160403597054 -0.109303831383611 -0.188308623341685
0.0219482331062992 -0.0142361527224653 0.0920278177838975 0.13242712849819
1.45972238182895E-05 0.00822316787067687 -0.166072945642523 0.0278342861470645
0.00394044629457539 0.00653140618575641 -0.357750774085455 -0.289275561859791
-0.0155826359285032 -0.0174177036284025 0.149087564861639 -0.568355809813174
-0.0100747114337525 -0.0443152658205482 0.801180993231918 -0.0656641778531451
-0.0160262467593403 -0.0137399703063929 0.457319183388266 0.795673407202265
-0.0120683893480837 -0.0393294332889252 -0.253677357123677 0.608895776975848
0.00542591747604174 -0.0510968060383565 0.0814086228494017 0.0299422952668398
0.00703208402415499 -0.0397770072014904 0.15863052365309 -0.681886587245488
-0.0238343868120312 -0.0238282577957038 -0.709904569119174 -0.634257039621176
-0.0370320630276699 -0.00227442483783007 -0.776680783767856 0.400333424539487
-0.0167138030713704 0.0315245018922247 0.112409686948338 0.655841345832601
0.0190676481191772 0.0317667671085671 0.422668152431591 0.157111551301703
0.0217606393844147 -0.0110007073495594 0.181958388119353 -0.125072724380266
0.00806867185867214 -0.012633383641109 -0.113294319101591 -0.18456665322853
0.0192299633857486 -0.00814844525688601 0.0882595817280329 0.137539275533704
-0.000548333737816972 0.0130914757799492 -0.169636763958108 0.030727235628979
0.00458386298462701 0.00775353203220192 -0.361267859000417 -0.288966226966939
-0.0110374550939952 -0.0211570098351885 0.147485350227566 -0.575544804541219
0.00479102100932711 -0.0443117172395774 0.801744314555905 -0.0770612140209113
-0.00182688043652922 0.00232108239913985 0.461028034480992 0.786272534304517
-0.0213228867645679 -0.0122720575791753 -0.250102260726648 0.600561355637921
-0.0134084988909469 -0.025814310845759 0.0890237288285757 0.021256978193852
0.00646336877321506 -0.0150681739185186 0.160530644043581 -0.694991511958416
-0.00589838527112152 -0.0159347437197802 -0.713211239145674 -0.648497604271963
-0.0242510460593425 -0.0077997290514412 -0.781407360884876 0.388707138137122
-0.0139226354742967 0.0285381114500431 0.106624977398091 0.647615923419846
0.0182576306785957 0.0332004165322362 0.420089115002163 0.158762282992361
0.0194233420955878 -0.00416831249876188 0.178762103856722 -0.120811484623619
0.00539475975281297 -0.00319262567216102 -0.115897681898192 -0.178610775074365
0.0164436769094901 0.000115622248782306 0.0845670014414071 0.144120275992546
-0.00341879994939941 0.0169523897428787 -0.169492232267561 0.0386486772426886
0.000757464568479289 0.00445590489898297 -0.371054284715669 -0.278579183298742
-0.00712157679063636 -0.0272656323717586 0.126047793158238 -0.58587189556116
0.0216282433375573 -0.0452014541666784 0.794289611108057 -0.116213318825138
0.0147003440682323 0.0215682185581641 0.488771697002224 0.758151666971909
-0.0309621859233806 0.0185217863755227 -0.230304166295368 0.600650011154499
-0.0339360193447072 0.00155867472211189 0.088872126504893 0.0227022479687183
0.00410550120261561 0.0126753064741135 0.181619971158281 -0.697253932167307
0.0145862954812944 -0.00365773634488888 -0.693313937597887 -0.684683231416353
-0.00695917271434882 -0.0124463334517338 -0.802436016152764 0.354219577370109
-0.0155837263616905 0.0230971188568763 0.0805876075982276 0.648784155903124
0.0126410125880952 0.0335484616661498 0.415562609774021 0.173395452351025
0.01423189809903 0.0023029725155679 0.1814336297842 -0.112267884116553
0.00110667044929086 0.00721472481698764 -0.11792511788626 -0.173975635301644
0.0126589373823318 0.0081928412371823 0.0831660138380842 0.150171918377402
-0.0088735705516079 0.0186894673247686 -0.163833288766142 0.0519544207262693
-0.00579352189257689 0.000475945877252442 -0.38328105189856 -0.257426571742812
-0.00670669113785555 -0.0337074778245334 0.0880237312459025 -0.592712422757094
0.0375534133363053 -0.0458376522646773 0.779120757805361 -0.180094089671899
0.0328964977673955 0.0395068965034397 0.536621976014171 0.714062384400674
-0.037718930078539 0.0465634999839652 -0.199146546234411 0.612205486580069
-0.0536521062322175 0.0255473427111061 0.081492839499571 0.0360032685880574
-0.00160011468350512 0.0405201439646596 0.209259122848054 -0.686772488022392
0.0332593532068113 0.0121608610455517 -0.650433770400573 -0.74000484606683
0.0107246195310498 -0.0155879082434988 -0.833920570045918 0.294073161290584
-0.018705393248174 0.0152512086679066 0.0381540263693592 0.654168759811866
0.00228577753698993 0.032134267353643 0.410183417418466 0.199188770671588
0.00562127539053933 0.00904696409297498 0.19092636878477 -0.0992720034296769
-0.00464969731186124 0.0180172590619057 -0.116751316566328 -0.168631014043271
0.00871900403777658 0.0162069042388767 0.0842389445248032 0.156527604825243
-0.0157045486691978 0.019407013190934 -0.152878234016347 0.066059745397448
-0.013937903723408 -0.00339409850144852 -0.393303417995222 -0.227412055740669
-0.00981440750471403 -0.0406120566086587 0.0367386092888307 -0.595232988329209
0.047679526737306 -0.0489317360775679 0.754426403742745 -0.249491095617717
0.0503922987625248 0.0514753418465923 0.595388395517008 0.657526026841164
-0.0399909301338581 0.0689635932145047 -0.166170807570986 0.627636719793624
-0.0699493279768468 0.0433934401437179 0.066684935588726 0.0580290672208948
-0.00971199280939474 0.0610604000653445 0.24586539247425 -0.6638886756584
0.0469566725468879 0.0304832149498534 -0.592388540126215 -0.799916403826812
0.0290424023668893 -0.0159097290325854 -0.867508518622977 0.217626268263276
-0.0214573082900696 0.00541568641640596 -0.017569250590152 0.660442186379662
-0.00910385168970461 0.0274845753817748 0.402470824146529 0.231256448251599
-0.00433433428700913 0.0124525876662518 0.20418347037623 -0.083483817623376
-0.0112434805037987 0.0261647202434827 -0.114444114176132 -0.164417272110418
0.0175890351159974 -0.0197177657177807 0.101267246939758 0.129181514478426
-0.0133789354296501 -0.00523116624743643 -0.136351732871361 0.0476004703203221
-0.0124473414190827 -0.00815110974634849 -0.37616298886082 -0.230603141550961
-0.0263432987395368 -0.0225143332168929 0.0503539405442327 -0.558342450676333
-0.0248957768711617 -0.0378389249465693 0.750568252893466 -0.191897782294764
-0.0301863228497624 -0.0173227761053327 0.587299785825279 0.702865493745408
-0.0118183275013673 -0.0697987565584227 -0.189980127446004 0.672640059564033
0.0257599579235427 -0.0843432527820246 0.0322617002765388 0.0985730597768028
0.00970508733656297 -0.0672434099909012 0.21951582922252 -0.607838126970949
-0.0386658584950048 -0.0252872062350425 -0.594468630409426 -0.720383732353665
-0.045267594902645 0.00232983576379208 -0.835250180022031 0.288612651732926
-0.0384995554639986 0.0230695868394138 0.0243650988808738 0.685999621077281
-0.00497608918621972 0.0234007436039785 0.414825503361363 0.219732226931494
0.00753410618675682 -0.016929888985966 0.213499566251759 -0.100196478765843
0.00349572552873699 -0.0182683968845088 -0.100363576539746 -0.184714032563479
0.0196299834897754 -0.0206814962487789 0.0992117781369204 0.126114930983023
-0.00692804151954043 -0.00102799867486967 -0.146356880749863 0.0383020395052865
-0.00501017252065535 -0.00228633737554251 -0.367733504712873 -0.251190856461881
-0.023284021703447 -0.0175460224636181 0.0907701802480143 -0.556372770641629
-0.0262170184031568 -0.0404257453809621 0.779721937843616 -0.126824395495742
-0.0312939576915195 -0.0243441134609325 0.530647871336774 0.751685981357585
-0.00768191321188495 -0.0702909214430837 -0.221616192837639 0.648469176378192
0.0253119745611004 -0.0824222081306538 0.0506763084194594 0.0720542631511903
0.00823056828301413 -0.0672977275213349 0.188142096713745 -0.635586180846787
-0.0413151752069886 -0.0280940619900339 -0.649547610908653 -0.67106378490092
-0.0489296628407768 0.00309584159752424 -0.807266850172418 0.351421933415739
-0.0317266885019732 0.0287166330503371 0.0667336279170702 0.67920144232052
0.00629038429392447 0.0268487971715106 0.42229217205422 0.191846722623559
0.0157098248300553 -0.017040933567664 0.200259989077482 -0.113277296516209
0.00671714911326236 -0.0202141123962418 -0.105056683797227 -0.187379132540543
0.0216846794158496 -0.0185666258989849 0.0961149190933785 0.126965942135115
-0.00212362931976803 0.00408769501630042 -0.157300728782216 0.0315237498647511
0.000559875878574428 0.00349429616709422 -0.36172919815733 -0.271831047174861
-0.0202216567755702 -0.0168573390651913 0.124799703219792 -0.560356137029831
-0.0208813834901278 -0.0429552008748292 0.791084618054516 -0.0878852752006119
-0.0257857583096048 -0.0231525437023984 0.484207427681224 0.779382069127511
-0.00716605518035226 -0.0599386828102376 -0.242112657907939 0.624863896547314
0.0181178613800838 -0.0703033632768668 0.0678534407785256 0.0479498954505434
0.00679465349125838 -0.0573018113913204 0.166404929076265 -0.660899107989648
-0.0364919329418293 -0.0278714825307402 -0.688050819936932 -0.637588432123925
-0.0451327050142581 0.00158715980131257 -0.781500863374405 0.390702303489646
-0.022480607517727 0.0315065487264481 0.101215170627062 0.662384723843939
0.0149070666029586 0.029483535897866 0.425271631243341 0.166051131617871
0.0197859035106921 -0.0154881823200886 0.188826576299992 -0.122308823284652
0.00815318678014011 -0.0175883915567361 -0.109826773167927 -0.186248690040819
0.0208209924664018 -0.0144431228556847 0.0921204339789047 0.130335613379751
-0.000113787492569699 0.00917355853338627 -0.165369493899911 0.0289180448545066
0.00324424067881667 0.00769012275867013 -0.36020249377065 -0.283439564385342
-0.0155854154958116 -0.0171044177236813 0.144261305767545 -0.564922034766958
-0.0105183780352206 -0.0443066297966616 0.795222921238392 -0.0702416272917035
-0.015487760992267 -0.0133131015576422 0.461879560574543 0.788349622250198
-0.0128352552725721 -0.0394980537524651 -0.248443530834152 0.606599431298506
0.00444073256827989 -0.0503142910072712 0.0810706463992238 0.0294515556184214
0.00672262071049314 -0.0399611389118983 0.153463333514794 -0.679591771513923
-0.0238744096655309 -0.0238004344757308 -0.712445561498011 -0.627509286572523
-0.0365174379514421 -0.00178216168177596 -0.771388869416427 0.406144061520508
-0.0160144935868867 0.0317965837736989 0.116898985424486 0.650583318393734
0.0189884023551171 0.0316679530839269 0.423195015883938 0.152693121075445
0.0211021952372814 -0.0111864652961837 0.180602556353189 -0.125333802248254
0.00752721718992356 -0.0121152404163445 -0.114019221042185 -0.181919494271301
0.0188546093805776 -0.00796357253746594 0.0883798550628174 0.135757221757142
-7.49252753500921E-05 0.0142745871469696 -0.170696905315535 0.0321457533042614
0.00388771863251518 0.00760427556445476 -0.362253498668916 -0.284418328618436
-0.011652508162207 -0.0207847059783909 0.142831240822012 -0.574117506740666
0.00475912859731176 -0.0443672638842008 0.796472176113306 -0.0826492565704666
-0.00244812753162561 0.00240015185773177 0.463094125581664 0.777943608032753
-0.0213318542151954 -0.0116958057744296 -0.243185261906102 0.597724696124702
-0.0143329182427896 -0.025957763553151 0.0892920123880167 0.0205284067941687
0.00615085471874454 -0.0152466440321273 0.155656284782027 -0.692440289777072
-0.00588971491534151 -0.0160249267252071 -0.715894131671052 -0.639765376050615
-0.0234110060283984 -0.00693581587173086 -0.775789081211039 0.394022729448174
-0.0134365145323618 0.0281945723255302 0.11149701853359 0.643430277151885
0.0184059864805049 0.0326098565182806 0.421187649142285 0.154297710789749
0.0182432377533095 -0.00463673032898638 0.177846128524674 -0.121920901190655
0.00585662531534393 -0.00275461702363041 -0.117011970700644 -0.177037682643842
0.0162728380497309 -0.000547447404165618 0.0856580533696257 0.142950014762861
-0.00296646733107379 0.0173121401277645 -0.168825785444766 0.0393654662893593
0.000279759869987318 0.00480859030630976 -0.371613130226326 -0.273433486090387
-0.00797882529275981 -0.0271778208227168 0.121597183197827 -0.58225803820954
0.021507022202023 -0.0446287506766509 0.788934541195248 -0.123575648335232
0.0147614112207657 0.0216678651480698 0.491285931562388 0.749161367155206
-0.0312185210847181 0.018136892537023 -0.227045891612844 0.599224335846696
-0.0343312837944595 0.000914645154442468 0.0890479729086588 0.0229630518159075
0.0041414070055783 0.0126438497311006 0.175432460998566 -0.694830373064259
0.0141700895386275 -0.00413354460853953 -0.694831472900446 -0.679154702861566
-0.00692418625870184 -0.0120196976454482 -0.794733690743364 0.35873980471404
-0.0146035774083215 0.0234618723631224 0.0855489446972886 0.645213479485533
0.0123527499421639 0.0336565198187227 0.415818911269994 0.16962009512551
0.012915960062316 0.00301160970916615 0.18124178721302 -0.113737008302739
0.000820043898152355 0.00745471822675389 -0.118365832751121 -0.171635486484981
0.0129465532697761 0.00810679309391604 0.0835931834191675 0.148983566530915
-0.00892178512146435 0.0193991530980275 -0.163712653383538 0.0522816405970157
-0.00586606781289974 0.000981558984939623 -0.382898159717592 -0.25207599919579
-0.00778505643073601 -0.0338753097999115 0.0818830570759672 -0.590855707766747
0.0373185941932253 -0.0468563765870674 0.772642251362994 -0.18364397994342
0.0325507004656429 0.0393683547710808 0.540590691124209 0.704732637354667
-0.0374677127420134 0.0459599245214489 -0.195851864712703 0.60782622233975
-0.0537809131904299 0.0261895417121275 0.0817432070341963 0.0358597188375861
-0.000609625317236247 0.0399619549551368 0.2025544303614 -0.685841793913316
0.0325701643514895 0.0123401479105645 -0.655053874847158 -0.731281331022027
0.0114647351737221 -0.0148918644858412 -0.826788753148922 0.297530338489745
-0.0177626580350997 0.0150694722751477 0.0428540526029843 0.650681049219274
0.00252593814067098 0.0317919635082604 0.41005217986237 0.194909037306758
0.00506640006864517 0.00909864978933103 0.190620420745916 -0.0997703938890566
-0.00543594734901283 0.0182334250444713 -0.11715529511685 -0.166210470993109
0.00863873427153613 0.0153424519039245 0.0845783362386191 0.155903921239497
-0.0158736512597191 0.0205793266000395 -0.151945413008055 0.0664021036919411
-0.0145318068147744 -0.00301734580220698 -0.393721170705093 -0.222602534230671
-0.0102408355686681 -0.0400716323303321 0.0323514708964556 -0.591025279486656
0.0475819163524263 -0.0488020475099291 0.748679523887497 -0.255542481387065
0.0506896153265018 0.0512384159062782 0.596910961123528 0.649434686122636
-0.0387901370201311 0.0685451381431735 -0.159128863755888 0.624345756014342
-0.0692896646067148 0.0431547970086785 0.066775143870329 0.0564727944350283
-0.0103172087101806 0.0612890421811164 0.239155287858478 -0.661968681158913
0.0460225970543064 0.0300034442624392 -0.593932151204806 -0.791969107685989
0.02785906608307 -0.0162432566514566 -0.861168893531223 0.223703359675926
-0.0217262537237526 0.0058309986081188 -0.0125200246874451 0.658121003606152
-0.00837884640788694 0.0273987034155608 0.402715597268725 0.226644276663856
-0.00451721718831777 0.0125437500416332 0.203075843238816 -0.0848324749799855
-0.011396418990529 0.0264723576350297 -0.114508693248469 -0.161743568548132
0.0173307635562525 -0.0199220788056763 0.100797741887833 0.127582793242993
-0.0125737618367299 -0.00469738671749345 -0.136767117769021 0.0473961981718103
-0.0135405981700679 -0.00782407185461561 -0.376728920930326 -0.225812081127483
-0.0263586562085634 -0.0224267116850279 0.045847339665701 -0.555385067239561
-0.0251792648434981 -0.0367177456994855 0.744055350853766 -0.196813432922436
-0.0306805010367 -0.0171110824451366 0.587154998513501 0.696365372627673
-0.0127175848216541 -0.0695377419001534 -0.185356675330038 0.669796900092804
0.0248325310568259 -0.0834783106679737 0.0325071917016178 0.0984329954832861
0.00944393167637884 -0.0676009480737267 0.213990983913953 -0.606612342037747
-0.0381914048513443 -0.0255016304443979 -0.596005500685025 -0.714011286971671
-0.0452932303433855 0.00302938909205169 -0.830841847879522 0.293374027457292
-0.0381820314205585 0.0228804639159462 0.0292072035543582 0.68256328767288
-0.00484117319928678 0.023458978558464 0.415583291999185 0.216957970549149
0.00678704199426877 -0.0170018701456169 0.212180883344199 -0.101455605826965
0.00247107625949404 -0.017126669636552 -0.10052007445165 -0.183437879535282
0.0188532799048343 -0.0213143865376492 0.0994091560108682 0.124461538874334
-0.00662117000763684 -0.000330686156466971 -0.146064663542169 0.0382031342490057
-0.00532512351546378 -0.0019500377760121 -0.365773114895052 -0.245564429964111
-0.023753963097268 -0.0180293703314722 0.0860003716119447 -0.553267852125958
-0.0261975503173539 -0.0401280143095074 0.773832289404085 -0.132097926978005
-0.0311118415697029 -0.0233166012460174 0.531918984569169 0.74233966884299
-0.00836641664306808 -0.0700853358988476 -0.216587891272674 0.644518440942041
0.0242567297765909 -0.0814331499572988 0.0506702836438517 0.0703059344514277
0.00733299784186787 -0.0668245253609945 0.183781075164478 -0.631983885545832
-0.0415195205431502 -0.0282522816703994 -0.65124628126843 -0.665227449023481
-0.0485227868288572 0.0034896791957993 -0.800078231740768 0.354436436717932
-0.0310056055195647 0.0284215696223742 0.0708432555061977 0.674318221809092
0.00639485594391482 0.0265168988208886 0.42175501206073 0.188033558936322
0.014554424154991 -0.017357470195452 0.19967749294573 -0.113679263379351
0.0065619945226488 -0.0193198445652085 -0.105722086162932 -0.185261511562405
0.0207674607967603 -0.0195668764948237 0.0961771680472788 0.125119739772485
-0.00227935319294219 0.00487560753653866 -0.15719361062922 0.0315389028424399
9.70147425683821E-05 0.00413819100064981 -0.360975550801023 -0.266287425407011
-0.0199921488219858 -0.0163957862849814 0.119439920151361 -0.557132918710447
-0.0214324891587435 -0.0424792831050726 0.786540966398361 -0.0911331254811053
-0.0260785388588874 -0.0224387699152789 0.486315503919969 0.771293805716173
-0.00861613076012773 -0.0589491559058085 -0.236146423086281 0.622910564565658
0.0172053664972929 -0.0706514022642629 0.0678811243770256 0.0476069092533054
0.00616858248325444 -0.0575847576394566 0.160081255809836 -0.659010818515157
-0.0363931767996635 -0.027934443812922 -0.688929784381637 -0.630919434631945
-0.0453092969496739 0.00154260201943284 -0.775635972062302 0.39319781793765
-0.0221396009524116 0.0319251250562896 0.106053450164237 0.657237520137401
0.0149079657308355 0.0289971692922903 0.423309282469924 0.162799099878647
0.0189719173600619 -0.0150646284838957 0.187210992535766 -0.123300162921161
0.00811268538572432 -0.0170163028407866 -0.110366920058396 -0.184685391897416
0.0201718525143883 -0.0148480582287916 0.0927190186980061 0.128642263371149
-0.000208374212424266 0.0100401708390553 -0.165886407626367 0.0287666768495663
0.00277269798831976 0.00741332707661527 -0.359962879989582 -0.278248088630663
-0.0166895904961689 -0.0172068137882117 0.138645404284821 -0.562264890866203
-0.00994464287270878 -0.0441725304866164 0.790841261625043 -0.074957585882
-0.0158076200551107 -0.012684875525487 0.462031955105351 0.780364052129953
-0.0131578020560465 -0.0387386272796764 -0.243343099763272 0.60414472370657
0.00379136854698401 -0.0503226453182498 0.0807117789907587 0.0294663784256555
0.00545741883106716 -0.0397839062472899 0.148313730397927 -0.676999778587288
-0.0244615038216828 -0.0244801900836799 -0.713114550653137 -0.6185827247099
-0.0362841652336123 -0.0014804938118993 -0.763730611966797 0.407066208979479
-0.0165521243096495 0.0317753644164229 0.120727388207315 0.645221050265398
0.0191186535195225 0.0312916752908758 0.422206796629808 0.148888501564102
0.0202940565692741 -0.0111561430938677 0.180004590095868 -0.125529611669351
0.00779543928307845 -0.0109004242210504 -0.114888553475857 -0.1809545159614
0.0187114973233679 -0.00776953411872812 0.0887210552062989 0.134341293700471
-0.000311944332753183 0.0150228729439325 -0.169515917036896 0.0326063931168264
0.0027561524011801 0.00765696134032488 -0.362232722993673 -0.277839180089553
-0.0116453689549304 -0.0205240335065668 0.138011303023804 -0.571969859647583
0.0048901049096408 -0.0440521465383538 0.791002986464208 -0.0866950678208112
-0.00149433635168892 0.00292634902796604 0.464206506421364 0.771576651621012
-0.0216915368981764 -0.0118693867764287 -0.238889418708679 0.595016529151488
-0.0141391994366842 -0.0250654771034966 0.0883980612734845 0.0191282279224774
0.0056360882329802 -0.015706218588842 0.149844445615995 -0.689475107589468
-0.00583864137144509 -0.0171826713757497 -0.714459265031983 -0.631459780280641
-0.0230461857426064 -0.00684768452676697 -0.768119332326694 0.397506773250369
-0.0135467461695912 0.0287994085297774 0.115585367300341 0.637933841485743
0.0186705773385649 0.0324221773558104 0.419587088183055 0.150532821933178
0.0182219648661713 -0.0039109850819782 0.176951266129101 -0.122564119142887
0.00499545458290185 -0.00230912426400498 -0.117036266905907 -0.174730394600962
0.0159820104114539 -0.000134527825438382 0.0854775803647713 0.141180688645566
-0.00340713123002606 0.0176565611450231 -0.169259581252561 0.0398683517497237
-8.264891859152E-05 0.00519171126349346 -0.370811878882186 -0.266629792855731
-0.00867008438100363 -0.0262294862226231 0.115717958916452 -0.577983226572177
0.0216033564862412 -0.0449337857807619 0.784064559007948 -0.127044778140712
0.0146294915590725 0.0217804249086348 0.49263587752952 0.740928432019118
-0.0311754706762555 0.0179375188226519 -0.220837031773742 0.595242435169688
-0.0342346648696705 0.00218367399998838 0.0883492043605236 0.0222608416436612
0.0041903153532271 0.0125981639162951 0.169327617913759 -0.691814501520939
0.0143805605721551 -0.00438644749186858 -0.697010778075801 -0.669339423847662
-0.00737200160336024 -0.0119091068230005 -0.789102852408196 0.360701348090674
-0.0147044209325285 0.0229648525003161 0.0919775067852503 0.640362289144202
0.012256958416221 0.0324379025451145 0.41551161460926 0.165425459006176
0.0125937897612361 0.00284562667163904 0.180939044852203 -0.114254068013773
0.00107566472468658 0.00862676441633015 -0.118994294576789 -0.170120276768071
0.0114239043836947 0.00768213663738533 0.084166405174077 0.147041029428213
-0.00843105871479784 0.0202355689738222 -0.163107333192843 0.0526105824856799
-0.00612151076231642 0.00129378860867079 -0.383835100051938 -0.247254368350025
-0.00772866597619692 -0.0340218008238687 0.0776497579805093 -0.587360134196505
0.0366639713133694 -0.0461528737667209 0.766999320133646 -0.188921582056156
0.0332024726821288 0.0392054359571276 0.540527534910211 0.697891340071685
-0.0377263755696034 0.0468806328700253 -0.188940735191779 0.604117947458918
-0.053657581169243 0.0255385241000772 0.0807618094406294 0.0345286488185054
-0.00142785370258762 0.0391665532383877 0.198213303014088 -0.682241999780759
0.0332437889697523 0.0112983567926193 -0.6550809118572 -0.723797217376652
0.0110143850675308 -0.0158163945344675 -0.821805960905878 0.30161040567536
-0.0180846616240152 0.0152181397834113 0.0462018406139925 0.646157944826759
0.00278206539920941 0.0314777403300416 0.408670170246653 0.191111906653387
0.00478694273597586 0.00941636534763412 0.190456649987923 -0.101147438145417
-0.00450815397382763 0.0191816960772784 -0.117602234105759 -0.164312277383235
0.00839125725476827 0.0150466956497891 0.0851436107195821 0.153761471428581
-0.0150710343469504 0.0217647877279706 -0.152144464187645 0.0667963282690291
-0.0152877469487836 -0.00287494462142779 -0.392008645961278 -0.217460574707126
-0.0111160980052656 -0.03963784523535 0.0274043558964555 -0.589093024910089
0.0474444818762358 -0.0493512802658558 0.742700908635239 -0.256916592468529
0.051122456583249 0.050286000347943 0.597464660791885 0.641262500681263
-0.0385455010519306 0.068435096977748 -0.155482393061772 0.62326877375952
-0.0692548337356327 0.0431997807440961 0.0667658035545167 0.0566786711045596
-0.00889202157127727 0.0603686562810684 0.235135353832661 -0.659232059263655
0.0465110050605311 0.0296133686901908 -0.597656507646778 -0.784486712243115
0.0287401952436108 -0.0167002085648593 -0.855969380839944 0.227424340183114
-0.0217410245404194 0.00533127042068923 -0.00837552737741292 0.65524312305138
-0.00874200836393259 0.0267591788270944 0.402809465162436 0.222823997403196
-0.00546639248445799 0.012671380750742 0.202297209657459 -0.0850805970335772
-0.011186454214875 0.0275853029013271 -0.114565037993894 -0.159610177425942
0.0167566260917997 -0.0201736389773721 0.101485628375268 0.126629298547501
-0.0128868866139605 -0.00307617270856921 -0.136717178561593 0.0473019405900088
-0.0133426387428007 -0.00687147026674585 -0.375461554887504 -0.221124246970545
-0.0279211064728193 -0.021637504679359 0.0426341108629188 -0.551657215885157
-0.0250761815389843 -0.0368199183074371 0.740349430480276 -0.198662159933029
-0.0301677126777426 -0.0160289868533911 0.586708303347015 0.686447609985075
-0.0135919832030378 -0.0693707787513245 -0.180238229882278 0.666116013396555
0.0233770460639412 -0.0834232871245035 0.0330065178552386 0.096879584035772
0.00903043206996841 -0.0679292011943047 0.209081742019243 -0.602824867311176
-0.0386145989100206 -0.025372021714976 -0.596327726102034 -0.707206443389011
-0.0448611697764757 0.00340666284916965 -0.823866786408051 0.298919588727301
-0.0383331659929148 0.0238088256039971 0.0354765685611913 0.67808178980239
-0.00409954160978534 0.0226967093073201 0.414890768580171 0.213916752783412
0.00611285611105274 -0.0167308103371391 0.211716415866762 -0.102684359348391
0.00261986976891579 -0.0170761489746022 -0.101309678603958 -0.181658835023421
0.018424946532222 -0.0217409001088333 0.0996737299324301 0.122886890995408
-0.00729504575433832 0.000851517987855192 -0.146818892054424 0.0385384041746973
-0.00589348205184155 -0.00128434322903685 -0.366165068036866 -0.241000030315063
-0.0240195638321016 -0.0180893708826215 0.0823820779659656 -0.550193908243814
-0.0255502934619972 -0.0396385810148368 0.769293095791191 -0.135159167402225
-0.0313006670670245 -0.0227167532278845 0.531202114372638 0.734646602433579
-0.00901076520311454 -0.0697360856540225 -0.213125716977595 0.641838244389371
0.023383750458241 -0.0812961383401891 0.0508289635874759 0.070236525186645
0.00809774694377377 -0.0671488414988273 0.177945046432089 -0.630150454551551
-0.0413491075011414 -0.0278302231393279 -0.65090836908755 -0.658788710284072
-0.0477491590227665 0.00352499103248814 -0.795069066979672 0.358699633578233
-0.0307312483795232 0.0296123976323768 0.0756850285593527 0.671218735646273
0.0069673438213698 0.0264253787703048 0.420894139987634 0.182573252533868
0.0136164434448785 -0.0176541571900144 0.198221489943852 -0.114547514824744
0.00677459756423555 -0.0190055924634171 -0.106044556353633 -0.184041325484023
0.0196878980249179 -0.0189165633058195 0.0967895854647232 0.124035848572899
-0.00245943392407604 0.00555067305263754 -0.157988317764995 0.0321552785336301
-0.000823178352863073 0.00431741979729262 -0.362327542269502 -0.260951727386673
-0.0205650121982804 -0.0162538744254384 0.117144461304709 -0.553018147538082
-0.0211922738814547 -0.0421361330229662 0.780685580664385 -0.0963199502757821
-0.0258418738312014 -0.0215448942918036 0.48677922512918 0.76291939461898
-0.00870915195331127 -0.0585730644296176 -0.232020194523103 0.619209331216341
0.0163358596400618 -0.0698599550395641 0.0675764451583123 0.0465166712810934
0.00559639808822817 -0.0581343372535111 0.156197209039201 -0.656069123274428
-0.0363081594883384 -0.0275496511564117 -0.689051802756962 -0.624048033638978
-0.0444155704839391 0.00242993922124618 -0.768785516117088 0.396027636952122
-0.0215069383768793 0.0314792062107461 0.109454058504528 0.653594103981797
0.0156080736598974 0.0281830859898956 0.423956755265754 0.159259291112921
0.0186557282155388 -0.0150732868284318 0.186133420744097 -0.123248135707329
0.00829614101070273 -0.0161202978117147 -0.111551824625432 -0.182639782138085
0.0194393832984394 -0.0148627103020654 0.0922330878721803 0.127648536038184
0.000571610107065307 0.0108643617165396 -0.165206791742772 0.029696485119278
0.00242974029032218 0.00811655837994989 -0.359462415595301 -0.273342910159126
-0.0170100904989819 -0.0170844287896023 0.134132795010307 -0.561572544576111
-0.0104698454867169 -0.0434332705182725 0.786612601540049 -0.0795390336478978
-0.0158454219997464 -0.0121422589386399 0.464969725024916 0.773426382016873
-0.0133541609462233 -0.0390324328233964 -0.239719367874977 0.601564862365049
0.00358294047000341 -0.0500824865129722 0.0810437250859871 0.0280734487827442
0.00515364188170166 -0.0397258944893134 0.143040978550669 -0.674394887163897
-0.0242359019639501 -0.0235499393184899 -0.711662288403423 -0.612759356479019
-0.0351149088023584 -0.000855425045981933 -0.757061748360853 0.410449020307618
-0.0156977793923813 0.0313652774286818 0.125071460758417 0.64026037648274
0.0199527989668841 0.0304900007030251 0.421797436667103 0.144554662116495
0.0193741223019956 -0.0109026483746711 0.178484370270054 -0.125989186889526
0.0075730929674716 -0.010360242157361 -0.114879547056401 -0.178930137071246
0.0179861079515572 -0.00791345760318437 0.0883761831914817 0.132798902794836
-0.000283712590490058 0.0148785548371969 -0.169591870180466 0.0322642631035007
0.00313747517224225 0.0080359545898593 -0.363643843141355 -0.273147810542424
-0.0128549325542035 -0.0202730475075744 0.134193197456756 -0.569170687800791
0.00488281333245518 -0.0440865758140726 0.785631744978408 -0.0913552520193969
-0.00210946484919164 0.00349604542467517 0.468099512408537 0.762559811740111
-0.022728290339668 -0.0115788875609189 -0.234630318223977 0.593503333257653
-0.0149631460282834 -0.0249307614569731 0.0884508394973738 0.0187197598390119
0.00520993108670509 -0.0155826201103017 0.146169564831973 -0.686512986179315
-0.00669678387662076 -0.0168433347781598 -0.716804832107773 -0.624786720451904
-0.0231501216219733 -0.00620307250807958 -0.761864113530246 0.398780233384617
-0.0132574321651108 0.029529019826207 0.121510380056275 0.63323163518196
0.0182020200050954 0.0322625796176234 0.418482544279616 0.145540169746389
0.0169782848071011 -0.00442547326326745 0.176275437457025 -0.123394206274042
0.00487905738354049 -0.00165370019192108 -0.117903644092463 -0.173435281455089
0.0147414055027741 -0.00036878366977046 0.0861806314138827 0.139364315877845
-0.00321048891149301 0.0187321596583299 -0.168409086048595 0.0405137852672107
0.00022535378024155 0.00528457658292112 -0.371372559193496 -0.263125161542433
-0.0084873379386312 -0.0262325929639501 0.11341709571396 -0.576823603231135
0.0213772914545134 -0.0443011655550861 0.7786845703606 -0.130432532607827
0.0151780443262627 0.0224673508917467 0.494433863649279 0.734977502366833
-0.0315029259052993 0.0178710874179346 -0.216653817353731 0.592730558547068
-0.0340951648344334 0.00167026689394493 0.0883467040121202 0.02148487519003
0.00344882863311759 0.0116836977689039 0.165269709896414 -0.68933085997563
0.0136676419148769 -0.00586922283140058 -0.697531698146317 -0.661079688118382
-0.00721365170922013 -0.0114113340818455 -0.783328574251209 0.364735865154561
-0.0146465226153491 0.0233229443136699 0.0950402935603183 0.637236992513442
0.0127954007364995 0.0328053145569826 0.414891047983245 0.161306913612776
0.0125218326584427 0.00339039526898458 0.179833637002454 -0.115012764741998
0.000591333178360826 0.00793846204659628 -0.118854999047549 -0.167383684001879
0.0112891858559229 0.0076799595950172 0.0844402197903132 0.146895040019652
-0.00823839938004579 0.0206546697401736 -0.162689092294083 0.0533981850388881
-0.00673344798768344 0.00240479704669443 -0.383000899669233 -0.242006442805653
-0.00886764928868307 -0.0333448876402473 0.0737840914247626 -0.583804688504061
0.0367637615914263 -0.0459130227842404 0.76104710126341 -0.19141950295498
0.033438121030003 0.0388849423849848 0.54221479750664 0.689316919294069
-0.0372915035434021 0.0465948857902735 -0.186278392943102 0.603167379439587
-0.0539310068817414 0.0260232921901586 0.0812571999802938 0.0340820321523531
-0.00154835794206009 0.0385635620527533 0.194430626998565 -0.6785912314121
0.0329935107953363 0.0105803541971924 -0.656550038442908 -0.716973996821012
0.0106763295102265 -0.0155736236187383 -0.815420205112401 0.305772882991388
-0.0172497153365139 0.0158271914871218 0.0502119437401551 0.641928697390674
0.00273028061584964 0.0305057503757291 0.409213195556326 0.187343921582136
0.00385890429278911 0.00954702340153143 0.189493514784765 -0.101298310717643
-0.00402420449578353 0.0194778866135068 -0.11801525745315 -0.162870682714291
0.00824398553368133 0.0152693057817354 0.0853424785539697 0.152057004349781
-0.0153613581253231 0.0219955915643766 -0.152322267911662 0.0666299065716775
-0.0162732671621361 -0.0019910406400173 -0.392867116776395 -0.212814321147161
-0.0118834956245706 -0.0397945921727676 0.0242719290432641 -0.586530673127242
0.0468551487942353 -0.049170686751603 0.736738516258973 -0.259090120836078
0.0508467851728561 0.0509728439346173 0.596639820250164 0.632856850869744
-0.0384332932094429 0.0691079938216465 -0.151805825392519 0.619955070192713
-0.0686450004934601 0.0436258487213191 0.0672719756650961 0.0552204791587374
-0.00920354838435336 0.0604921038972966 0.229721332077505 -0.657449503678343
0.046370007219738 0.0280278176532106 -0.599004868784764 -0.776951045382095
0.0281307304790646 -0.0161668873383759 -0.848778755482545 0.232891771994047
-0.0212127471571849 0.00532886140861078 -0.00450691003984903 0.649560591730854
-0.00844460285481222 0.0264816629902258 0.403161064353756 0.220348804834805
-0.00532911930706657 0.0134224248141105 0.20185422906685 -0.0864556478864251
-0.010886813318552 0.0277403254601321 -0.115298037924962 -0.159273946508278
0.0151305950040127 -0.0199682596602355 0.101141599742893 0.125441812819628
-0.012565569891342 -0.00243269845576497 -0.136054237516046 0.0473857961858753
-0.0130704865246442 -0.00718059078491612 -0.376297114837818 -0.216186000646522
-0.027384694427377 -0.0221871920296706 0.040433617404167 -0.549961326642064
-0.0247016651070779 -0.0366118216989914 0.735966744788599 -0.203320132946681
-0.030388423240223 -0.0149733315510289 0.589352939883299 0.680737458546521
-0.0147835470077947 -0.0681277618210227 -0.176540386451831 0.664089788128523
0.0225571416662725 -0.0833902084202522 0.0332634157171702 0.0963284680108439
0.00861971631421649 -0.0675820854929688 0.206391268902169 -0.601138702575918
-0.0386762679108579 -0.0254053185224566 -0.597897968536667 -0.699360944667723
-0.044165444899293 0.00402071210784235 -0.817864988208038 0.299156905402787
-0.0382789715485082 0.0239435016703258 0.0382826785209715 0.676418172227906
-0.0036654616853054 0.0227505110306473 0.415189685587956 0.209414978870317
0.00552723772530287 -0.0171167910843831 0.210852464664096 -0.102137891665155
0.00251254676727305 -0.016312128223423 -0.101860438760616 -0.180462468420697
0.018248078383337 -0.021285534225209 0.0992096518031123 0.121447848246064
-0.00687581233488343 0.00150351462708853 -0.146327408368118 0.0392129113325729
-0.00597729846713961 -0.00106087249004385 -0.366470776158902 -0.236343884492525
-0.0242570944112785 -0.0177575415462628 0.0799215177645609 -0.547789772051284
-0.0259906801095799 -0.0391831795772846 0.764370788507001 -0.139624682735168
-0.0314876890961749 -0.0217690084516473 0.533363126166268 0.726592236107764
-0.00996833627564441 -0.0694316595439197 -0.207714871547154 0.640512306356489
0.0221155430070774 -0.0806897950269629 0.0516392432405855 0.0689922753067801
0.00638305649842702 -0.0669403381676138 0.174248453522051 -0.628366851336502
-0.0412673662272868 -0.0281874217345624 -0.651289784836844 -0.651729480619059
-0.0475277688287936 0.00415625277103958 -0.789130060071437 0.36056973958999
-0.0293889838018457 0.0292936368929267 0.0794941690136852 0.66581535453009
0.00645284185772931 0.0259527619995185 0.420179490872731 0.178679699544817
0.0129445765235649 -0.0173405525488797 0.19842532898395 -0.115064617432865
0.00578603923981329 -0.0184836746966726 -0.106563460022478 -0.182581723019665
0.0192161508361972 -0.0187141739242042 0.0966987899375899 0.122647283674475
-0.00248975619915943 0.00624296039294319 -0.15760771940629 0.0322449203661416
-0.00111523044618517 0.00487112344700189 -0.36137391942007 -0.25714222704254
-0.0216282636493233 -0.0159261127600869 0.113011143673749 -0.552522606482139
-0.021151545888643 -0.04163832381093 0.777576807062172 -0.0996516007238468
-0.0259955164266181 -0.0210079895306704 0.488978309663589 0.75584259830411
-0.00980176193004691 -0.0587440753674769 -0.229490298127115 0.617024374836842
0.0148067706508523 -0.0691804455575837 0.0678543671651151 0.0454969738999961
0.00540756573827936 -0.057347205773104 0.153135104087375 -0.652772196923458
-0.0365979675815521 -0.0277725441789329 -0.69151718873362 -0.617462472731578
-0.0441189417204275 0.00280599984139812 -0.763119291535142 0.399020307102972
-0.0210729216068751 0.0318604959463098 0.113106406807383 0.649766450713033
0.0156834400250906 0.0281447247777678 0.422733133686942 0.155153608520092
0.0182567659443737 -0.0150349496937915 0.185855349553787 -0.124301684307537
0.00822179931624571 -0.0160277648419233 -0.111811663661025 -0.181201540267973
0.0191149952392829 -0.0150816445562521 0.0927315679212381 0.126663110587072
-0.000426019718628512 0.0125073803469184 -0.165423997663658 0.0297937492276493
0.00259147711226659 0.00851435752966352 -0.360516026444191 -0.268783181631297
-0.0169352358134662 -0.0165907644389925 0.131499589340257 -0.55858100820886
-0.0105435902900121 -0.0431649884737268 0.782441622521437 -0.083699118960585
-0.0155631641157895 -0.0116415071146609 0.46562347452868 0.767166742183576
-0.0139133003812836 -0.0384171429860238 -0.23523620727051 0.599020809165425
0.00202873916315447 -0.050152438632225 0.0808924561612422 0.0278413428699674
0.00467807772794079 -0.039924945063061 0.140002503238145 -0.672044669854457
-0.0240045577081085 -0.024043623482821 -0.71293760293138 -0.606487237320131
-0.0356501163962002 -0.000888645451965608 -0.753051873351868 0.411347096626136
-0.0157015557566753 0.0318637254114001 0.129092008893393 0.637911681810556
0.0194496187710617 0.0300736722870343 0.421031443039598 0.14311799229513
0.0189705647771534 -0.0106372053184258 0.178022837269759 -0.126502771164475
0.00761896352623917 -0.00960528962501405 -0.115018447730047 -0.177376320400757
0.0169862714657933 -0.00829204104930842 0.0886748285590098 0.131358136577074
-0.000154372960406603 0.0154312578558556 -0.16954102776091 0.0334898439519502
0.00202869269563278 0.00873983711642069 -0.363772821851287 -0.26850087571233
-0.0122429390980602 -0.0199330481402556 0.129555183426909 -0.566651045447246
0.00394607798198385 -0.0443506183901012 0.781936306755874 -0.0952700415797098
-0.00218632326432876 0.00399710949573342 0.46749084353221 0.75737077902788
-0.0226560325831423 -0.011148864067682 -0.230961543880012 0.590905943183976
-0.01527805841847 -0.0249744298146715 0.0880921509214853 0.018634851022695
0.00483354498538797 -0.015711843546211 0.141789696398289 -0.683534758719426
-0.00681065158279117 -0.016823714756223 -0.715808628736431 -0.617610868533943
-0.0224543468154493 -0.00606373436410379 -0.75548025173005 0.402200195030678
-0.0132319451652437 0.0298834336902224 0.123474241587766 0.630717722424
0.0190201905443618 0.0319234632222195 0.419024025117959 0.143051959804826
0.0167582087254691 -0.00384387572035628 0.175870115636979 -0.123975261446789
0.00470490210666044 -0.00102772574502262 -0.11840330407619 -0.172211592782271
0.0142166365797112 -0.000632236117761474 0.0861444274721106 0.137966809895759
-0.00271369232602612 0.0189620159372921 -0.168621642415618 0.0412984030515166
-0.000720531616868312 0.00615962205441966 -0.372078994085879 -0.259007742534808
-0.00889013483874131 -0.026416431639189 0.109297325304074 -0.57388247306894
0.0211701129961086 -0.0453092678232875 0.775220295600658 -0.134321013574948
0.014830874957088 0.0221664025008491 0.495849463656806 0.728452605406097
-0.0314951537304615 0.018620726868949 -0.212675983376157 0.590796030970466
-0.0345296022903161 0.00173368704407013 0.0878258798437009 0.0209597134185017
0.00305143202258699 0.0114288331490961 0.160959275491776 -0.686622328816312
0.0134404868805641 -0.0054864106795292 -0.696869317695592 -0.65503183884664
-0.00655288136050442 -0.011194501813797 -0.777329886261648 0.365979205290217
-0.0142800876513557 0.0245138722011681 0.0986334251905329 0.632770191822412
0.0131603255653433 0.0316454065803195 0.414813677663033 0.157258554636668
0.0113203345627457 0.00347115134680012 0.179354619262928 -0.115007838705205
0.00127050741630805 0.00927237384654166 -0.119355702046854 -0.166811405502096
0.0107543758335831 0.0077245171013436 0.0849467179468269 0.144819577944393
-0.00825206805054782 0.0217194845191418 -0.162243738484179 0.0534873676753573
-0.006926696267389 0.00196408144395271 -0.382356845455033 -0.236744471274441
-0.00900338801498191 -0.0331275679380916 0.0693619206447774 -0.582281213938599
0.0364124164591865 -0.046397741955276 0.757261276336841 -0.193698792387136
0.0342595918294905 0.0391551012808943 0.542571381772391 0.684050949276052
-0.0379920612016169 0.0463195640992378 -0.182968887571643 0.5997223134465
-0.0542791102763267 0.0262191438659476 0.0807118807181674 0.0337261852043202
-0.00085971144082805 0.0388755517216563 0.189131895047343 -0.67757138491903
0.0324649378340242 0.00997615589073395 -0.658313350479605 -0.707928786302422
0.010964574486184 -0.0153713638498037 -0.810612988852828 0.309267335580226
-0.0172359361269499 0.0156270761924767 0.0538495071255158 0.638393243397089
0.00280860927192373 0.0303796854987022 0.408631260721967 0.183406151151395
0.00379492363289535 0.0101550119747949 0.189357110609948 -0.102738142629213
-0.00433021478825679 0.0203089597543502 -0.11803439028338 -0.161114558783884
0.00840280172560447 0.0143364418386995 0.0853436669745105 0.151110848561965
-0.0150170927302628 0.0235526504396824 -0.15115436515674 0.067437485994576
-0.0155023707783827 -0.00199346442389655 -0.392345952423 -0.207695338146782
-0.0119752440285335 -0.0393118124451595 0.0208284713320966 -0.582092274440915
0.0463938826070612 -0.0493023563649834 0.731966734712694 -0.261287944143818
0.051716149970009 0.0508218470371591 0.598672575784873 0.626960508470195
-0.0386769051974567 0.0677759785235637 -0.147668632824891 0.616225461850007
-0.0690216649423485 0.0444129179680177 0.066765592278117 0.0554297726885806
-0.00940318909231322 0.0595894744044674 0.225753683216763 -0.65366833964203
0.045863798641256 0.0279046083160249 -0.599405979304479 -0.77064452830294
0.0281843315999295 -0.0158650104872756 -0.844799927443755 0.23695621654966
-0.0216449946041096 0.00584470414424415 -0.00122919455413025 0.648456589136997
-0.00885511327378249 0.0260531917654649 0.402514083929435 0.214456337862363
-0.00607605991720184 0.0137956099923452 0.201375836868521 -0.0869468754995513
-0.0103167555994511 0.0279601920852842 -0.115430938405658 -0.157111969835786
0.0152213559169175 -0.0198659413615854 0.101048614026011 0.124228273352236
-0.0134330921369225 -0.00153743917905783 -0.137086158335596 0.0474437054891902
-0.0145858076811726 -0.00669272372773846 -0.377101164311152 -0.213065765782636
-0.0282358796752888 -0.0221338432366647 0.0376557472629018 -0.547540216270136
-0.0244873504572778 -0.0356694356306142 0.731478795228316 -0.203149856261932
-0.0303371357837734 -0.0146524217681512 0.588680846503116 0.673161245467598
-0.0154422589552886 -0.0682805414446472 -0.172888389915561 0.659645290913037
0.0213609432514893 -0.0827220897773118 0.033719398930654 0.0949165712017353
0.00809939163063875 -0.0668797364699724 0.201285026557035 -0.598857188065244
-0.0385705669533356 -0.025233311008965 -0.599168410558032 -0.696380900038
-0.0447491041547975 0.00407627185824749 -0.814691278626381 0.303403832102324
-0.0372455254798326 0.0243821185577032 0.041770657857195 0.673277226698255
-0.00382689496706534 0.0223200635393132 0.415869611000165 0.205157267661898
0.00434241573990287 -0.0166539619906973 0.210482578165324 -0.103854083000192
0.00241465123780644 -0.0153969193726542 -0.101977782177565 -0.179641443967596
0.0166814882623519 -0.0210790819455807 0.0999259509851714 0.119824969133917
-0.00689585949570025 0.0025984107818419 -0.14627543980662 0.0385845489514412
-0.00688854561511146 -0.000365934027408315 -0.366775942978124 -0.232072654362043
-0.0256172555968439 -0.0175800541304468 0.07494526264609 -0.545906482472697
-0.025885360179205 -0.0389106652222032 0.760725684197891 -0.143607132282965
-0.0315578877694733 -0.0216073144402253 0.532811008806563 0.722550382668837
-0.010750502981266 -0.0686141818394915 -0.204243970183237 0.637645576476343
0.0215589787510175 -0.0804783304228166 0.0517254090208494 0.068811973624391
0.00590647256396901 -0.066297527809038 0.171560906868299 -0.62624009898576
-0.0412369683406518 -0.0281778869190918 -0.652740436281616 -0.645641212111109
-0.0472022764043755 0.00494114253366618 -0.783452176655822 0.363295330687372
-0.0297520202170312 0.0299842396691659 0.0819755304480786 0.664720179430842
0.0071921536746593 0.0256224320203522 0.420553623628616 0.175888356630183
0.0119909590883177 -0.017139376686954 0.197841020536009 -0.115762959145809
0.00571698112664423 -0.0176564337372454 -0.107082657753735 -0.181241121062305
0.0188275017638572 -0.0196021806337228 0.0966284646335882 0.121932280369304
-0.00253512968804017 0.00704309069207682 -0.158254218542573 0.0326213688729768
-0.00132306386085947 0.00474119271655938 -0.361936084327912 -0.253210644073953
-0.0214818142329061 -0.0154551664933943 0.109978557225845 -0.549753453296393
-0.0214750415340947 -0.0413759807695258 0.773424793689913 -0.100993054861986
-0.0261099801869245 -0.0202477480639727 0.490034562785375 0.749684232630579
-0.0103151522533003 -0.0584690298844461 -0.225067341057547 0.615775039955289
0.014245639034163 -0.0693992678627488 0.0675595510366174 0.0444960114093973
0.00451162170337649 -0.0570563765691655 0.14977798425723 -0.650898498872726
-0.0369243789491771 -0.0273999369988239 -0.691093554530928 -0.611284716008454
-0.0439116198124607 0.00351480241847878 -0.75789653557332 0.401398455383479
-0.0213171576968466 0.0323778254743922 0.116408317216424 0.647387050411807
0.0160559962956414 0.0270790131722643 0.421111885717791 0.151687035336221
0.0168520065341312 -0.0152737700453923 0.185496529717155 -0.125433424167336
0.00751064878244549 -0.0159965591347144 -0.112016647321678 -0.180285352231497
0.0188519176305358 -0.0148060570917582 0.0928032793831026 0.125067796564712
0.000193042320473953 0.0121965719121306 -0.165576807174259 0.0305955899653923
0.00217145038516028 0.00793555708617448 -0.358949743232304 -0.264301756249446
-0.0175841666361541 -0.0161414330960506 0.127537676502883 -0.556307260972125
-0.0102531813765538 -0.0433700201395617 0.777862944116731 -0.0863882148284151
-0.0154923657506222 -0.0109920997339589 0.467780769334104 0.760513518451903
-0.0145210919070703 -0.0381258463759105 -0.232678393193926 0.597932565554739
0.00164892635797623 -0.0492342408203405 0.0806892651367079 0.0274409020464817
0.0040498199390458 -0.0404532324710077 0.134956250454132 -0.669393804176793
-0.0247652644640796 -0.0233711304299308 -0.713845959439867 -0.600867222746131
-0.0358664764002197 -0.000498037939421249 -0.746674136780804 0.415173100895207
-0.0154742884362795 0.0321013756797719 0.131407535185872 0.634661360587066
0.0197815435775327 0.0288796015236926 0.420457539072306 0.138074504667437
0.0179957463795187 -0.0104694327178791 0.177051363681064 -0.127751291285869
0.00690738135250104 -0.00935941826981864 -0.115804666958323 -0.176664780577536
0.016975199945041 -0.00884439109068934 0.089516310150152 0.130556732982917
0.000207739992961456 0.016356397270362 -0.16996430195948 0.0334007080446864
0.00192438864609882 0.00856985929586807 -0.364328632350741 -0.264964843430934
-0.0129095081584897 -0.0203578551686669 0.126900311429338 -0.564565970375322
0.00406640858975522 -0.0436053893011237 0.777308542477995 -0.0992137652071763
-0.00112630705362075 0.004306943186442 0.46831595624464 0.750303005589255
-0.0224506775506799 -0.0113922125884057 -0.225813675137749 0.588357686392923
-0.015403808992838 -0.0241724434073269 0.0880329591551925 0.0183229096580846
0.0043288903767778 -0.0158881653947708 0.135888198666539 -0.681458411754559
-0.00642523649935364 -0.0169343246648071 -0.718065349230803 -0.61193113073938
-0.0229317446044949 -0.00502709431369709 -0.750273765257612 0.403680449185212
-0.0126821874213464 0.0291442116265363 0.12657809100709 0.628755111735959
0.0187850142203629 0.0316729994493246 0.418613432123632 0.140105316585452
0.0164893841698628 -0.00440423734770871 0.175328119143488 -0.124478441224089
0.00506123523089862 -0.000382367424297848 -0.1183590482573 -0.17067883081765
0.0138109935742914 -0.000547020640215752 0.0861885679553778 0.137144889086809
-0.00278033433924662 0.0199322291964344 -0.168700126193402 0.0418107936512499
-0.000778181222627618 0.00698944595119387 -0.37185472393672 -0.25440475436307
-0.00982779943981363 -0.0255995877785769 0.105671144346075 -0.572777696704084
0.0212057338734772 -0.044777269630263 0.768871093452019 -0.137863065740124
0.0146401235866446 0.0225669950431283 0.497076774836152 0.723305051406712
-0.0314148258296884 0.0182039661330321 -0.209256538776375 0.587925800548324
-0.0353627930433596 0.00228770597466081 0.0878152131299966 0.0207883889896757
0.00266749902864279 0.0117170207512988 0.157074911027513 -0.683431381760627
0.0137158986757695 -0.00535435790936495 -0.697176205360624 -0.650338489224838
-0.00675950043118601 -0.0101291809295294 -0.774064063658875 0.369015251006757
-0.0127447685893282 0.0241174679819381 0.101401940734982 0.629118636462496
0.0127519000071558 0.0317602992007697 0.414180133181744 0.154118406427895
0.0110376749245014 0.00366423354899313 0.178847047972218 -0.115209250798519
0.00111375660053782 0.0105792024152935 -0.119502320783615 -0.165036338128874
0.0104109042275929 0.00768894490296922 0.0849334029965676 0.144317965978623
-0.00769862428343816 0.0224152927710808 -0.16297219906447 0.0537465517170933
-0.0075908811077903 0.00321053991272561 -0.38164898814155 -0.23212345709087
-0.00977737249464581 -0.0326157103092853 0.0658453501597533 -0.579629872008707
0.0364616460826984 -0.0465961058423287 0.753374907676434 -0.197617942643156
0.0339836470867148 0.0391650993896903 0.542337037578494 0.678022433131829
-0.0376507918815089 0.0460660276883828 -0.180095203921206 0.597774233292804
-0.0541439666561203 0.0264298385423793 0.080203400355324 0.0338817043809064
-0.00153735661674879 0.0385315371896051 0.184966204540674 -0.674299681101467
0.032368874014634 0.00955756012283013 -0.659658929123687 -0.705417472816396
0.0112091322649803 -0.0151135262847707 -0.805687591712395 0.309175491428493
-0.0168818921159971 0.0158979982014377 0.0578695290490775 0.635933529812182
0.00334570338035922 0.0299552168486986 0.408783076764495 0.180311990657576
0.00299848291596969 0.00993496429604237 0.188373385708983 -0.102967931357461
-0.00376290335751072 0.0201843379768033 -0.118645574639751 -0.159966665946015
0.00700214086411902 0.0147343918391077 0.0851478716875826 0.150217948060757
-0.0143308375169112 0.0239147629101734 -0.151611227590358 0.0673609946688593
-0.016468561052854 -0.001224676565952 -0.391758001620841 -0.203964937305256
-0.0127280348623239 -0.0384745473073403 0.0165958009218973 -0.579026779239587
0.0464136500895116 -0.0502448294940271 0.727032041138247 -0.265337310875257
0.0509417531538493 0.0506021950857997 0.59733054363858 0.62190719854821
-0.0387433115818604 0.0682597553340105 -0.144622365125436 0.614066660529143
-0.0688764447762969 0.0441653143940406 0.0669890344082519 0.0542332526409781
-0.00886683164202458 0.0591215101863391 0.219972685559411 -0.652551003868986
0.0459193347694512 0.0273680521662333 -0.600629622777282 -0.765260195891656
0.0283647390142098 -0.0156839826005423 -0.841457171123119 0.23949495917075
-0.0213271304717112 0.00653819929845109 0.00200704667758326 0.644284750389955
-0.00755124814275106 0.0255054341860465 0.401515870197097 0.213140996998416
-0.00670780652652067 0.013872375311654 0.201554448724015 -0.0885135744456372
-0.0102940756025919 0.0291965901648574 -0.116213743274663 -0.155976386178668
0.0150147110260933 -0.0207448936389287 0.100810963221542 0.123006032805889
-0.0135015907906037 -0.000768890506376929 -0.137096478542924 0.0477143669540583
-0.014366267927895 -0.00642585628820692 -0.376742854826457 -0.209165890320438
-0.0282132403651776 -0.021976631567602 0.0336701872033914 -0.545482618396178
-0.0251207085708377 -0.0358332663456915 0.726834047813852 -0.208594037948132
-0.0299775701528299 -0.0137344052222732 0.588277650040318 0.666871489831019
-0.0161179642835695 -0.0678264357401907 -0.169555845316631 0.656739791369542
0.0207237810854563 -0.0824598356888077 0.0335498285721409 0.0946357122049469
0.0075851164516789 -0.0684213483392477 0.197502133543084 -0.597390097223728
-0.0393104899830628 -0.0244936492728147 -0.601047850298091 -0.689016100357228
-0.043806368236775 0.00453206041307933 -0.809373629737561 0.305921511231299
-0.0365165582518707 0.0251641798403055 0.0450073514318516 0.669099595998942
-0.00459265088855619 0.0228728250773027 0.414854539016885 0.202479815130416
0.00361178138192838 -0.0164208790054215 0.210691442627158 -0.104558681558173
0.00200134653372293 -0.0148501690235679 -0.103166075372425 -0.178783074215098
0.0167049446986186 -0.0211490307159059 0.0999829597212908 0.119292682445586
-0.00703891326914946 0.00329240332211762 -0.147305776809687 0.0396675637867574
-0.0072538086513356 0.000371962147469498 -0.366658913141694 -0.228260824820877
-0.025090512908827 -0.0173436610280938 0.0713055962180726 -0.542624281254728
-0.0258996734420051 -0.0389348337830229 0.755390295409216 -0.146650243216517
-0.0314639682585757 -0.0204867045529324 0.536306987748488 0.714572698447141
-0.0121667484609207 -0.0683409347438678 -0.201520625895125 0.634922501156328
0.0206190658815126 -0.0800254717879918 0.0515139347393651 0.0675036993932607
0.00537587445308842 -0.0662188658059844 0.166429876387477 -0.625977371755398
-0.0420114189096145 -0.0275562676502373 -0.654851740534484 -0.640895135933985
-0.0462770610835585 0.00532781769654378 -0.779166171425731 0.365033006410326
-0.0290591517537078 0.0295240296624893 0.0872456911196608 0.660558733169379
0.00737570969472935 0.0250554196940163 0.419130196905527 0.173049050973499
0.0112769368427373 -0.0171628766945601 0.197130605891288 -0.117132199133004
0.00545847134489043 -0.0172353590336664 -0.108185961148416 -0.180309147088764
0.0178945079160213 -0.0193139734938619 0.09648179302879 0.120836815243482
-0.00270284379486333 0.00810841554325342 -0.158175643410913 0.0333680471532689
-0.00168877084128529 0.00556600041421862 -0.361390586624453 -0.24996845609544
-0.0221903530330664 -0.0149878618053555 0.10650778553092 -0.547591548870734
-0.0215243489985888 -0.0414506571908435 0.76930774864322 -0.10640665818814
-0.0257253404452494 -0.0196409692387046 0.491483041890887 0.745009432078544
-0.0112912520907796 -0.0578990263902763 -0.22252364236214 0.612507014508624
0.0136565681517017 -0.069147038566488 0.0678357699053059 0.0439703390620509
0.00428847752592877 -0.0576740655501916 0.143652102196353 -0.649478413138092
-0.0366006644858038 -0.0280523166334753 -0.692243311185478 -0.606977008345209
-0.0441847802893844 0.00393646694668172 -0.75312205139599 0.404977516521294
-0.0207277950005593 0.0319918820850417 0.119445019718507 0.644025256761583
0.0156989267528147 0.0268625659647596 0.420943043864037 0.148327062608287
0.0157862300427165 -0.014906264816046 0.185040513304076 -0.125846068164344
0.0076244321066983 -0.0148267228939538 -0.112820897258729 -0.178455002392866
0.0179197410414685 -0.0150233881080939 0.0930703322476012 0.124322095529873
0.000219911276287583 0.0125898318031406 -0.165411159909328 0.0308949828717318
0.00203041416373877 0.00841213355431839 -0.36007661578038 -0.260039236753042
-0.0174860247509757 -0.0162681503804223 0.123578979644182 -0.554664435899079
-0.0110257655482421 -0.043214040313706 0.773615282023566 -0.0909065276224718
-0.0154480107696281 -0.0108793354047121 0.469950534236586 0.755055760866857
-0.0154452416746143 -0.0384034547928693 -0.22753261740891 0.595816824371106
0.00125275598152418 -0.0490963867091436 0.0806916946914764 0.0270042589671961
0.00383771009601266 -0.0402344584141164 0.132710132856338 -0.66725477328791
-0.0247457835716424 -0.0235185520616351 -0.713511256940481 -0.593845542543135
-0.0350177352771146 -0.00010162580658726 -0.743350996941784 0.416254449535887
-0.0142125288448461 0.0316619382127103 0.134840701903337 0.630602927572452
0.0202568742134955 0.029447849429878 0.420063862983195 0.135980105644159
0.017160261354284 -0.0112767580491286 0.177046360408857 -0.128403356185926
0.00730497659091021 -0.00869480780931862 -0.116098235570992 -0.1749230543891
0.016181155291588 -0.00809774885343004 0.0900852093744159 0.129538106672584
0.000381539184045341 0.0171902886949821 -0.169995420663217 0.033787465621476
0.00203343669158067 0.00875359401732721 -0.363525971414841 -0.261004691725345
-0.0137579995890119 -0.0193651884193373 0.122190487402765 -0.56368514273421
0.0045888134178331 -0.0443156497407606 0.77398391328902 -0.100905775902706
-0.00188982272348383 0.00521218478890726 0.470871085392739 0.747264126866517
-0.0236584673351673 -0.010639160646337 -0.22559198399791 0.587110002794165
-0.0164115500675949 -0.0241712293720199 0.0876756043423799 0.0182144202111583
0.00424080508352619 -0.0158668308294414 0.132762169317785 -0.678771550324139
-0.00718318534321081 -0.0165279004038055 -0.718235628293802 -0.608359958954499
-0.0226732593012243 -0.00529617804064409 -0.746494536561849 0.40610343293936
-0.012674040364357 0.0296716282989449 0.130790322963716 0.62423019749494
0.0182134300673032 0.0306384170770643 0.418209424333296 0.136498650906635
0.0150523352623295 -0.00329172823934096 0.175191267274778 -0.124954333087755
0.00522539506046885 5.67263170364318E-05 -0.119602533520056 -0.16986902354091
0.0129038059312693 -0.000308996168168724 0.0867515087176504 0.136175212281661
-0.00269105927055031 0.0216211188573249 -0.168832983992713 0.0424292489512686
-0.0010864541732102 0.00719250726206044 -0.371097629209288 -0.250875131595925
-0.0105201867879974 -0.0249383934252238 0.101888014969105 -0.570415553910992
0.0212167389814646 -0.045347950458723 0.765583774335713 -0.141593406011095
0.0157512506876304 0.0231731810968824 0.496889919495811 0.716715964818221
-0.0325655014525976 0.0184752049045228 -0.206026198837094 0.587426360232885
-0.0357618800376096 0.00230088784884512 0.0878476990052985 0.0201046055920451
0.00256838343303242 0.010947140623928 0.151841359971366 -0.682156156417931
0.0136093720135521 -0.00643850201586359 -0.70122020856973 -0.645354403856051
-0.00742115367947195 -0.0109497748871598 -0.767722522519778 0.372394525911134
-0.0134903613931562 0.0237969646101232 0.104158524151574 0.626435257051413
0.0133349205386558 0.0311970971668504 0.414834489794654 0.15151876251719
0.0109715269327649 0.004119455108964 0.17836980003467 -0.116667760815725
0.00139171002497358 0.0105810295153794 -0.119599870207102 -0.164635812833213
0.00998405309840001 0.00744703538888766 0.0855957726817162 0.142347676172623
-0.00771597799690898 0.0230379390920951 -0.162668699998777 0.054449634807466
-0.00775812366552067 0.00311770810689117 -0.381150081476722 -0.227842102129217
-0.0105166119491638 -0.0319236086095974 0.0637957502086192 -0.578537276471749
0.0355577189770434 -0.0469209436623988 0.748733188045871 -0.200776177587754
0.0340960071019116 0.0392149088759275 0.544458230703575 0.672524669495486
-0.03796567842313 0.0462405107679945 -0.177475444446149 0.596397784998434
-0.0538266039253402 0.0264121693514538 0.07990307546825 0.0331457346409981
-0.00132971121842916 0.0381931510335167 0.181492606977339 -0.673508450474264
0.0311412005005163 0.00926400139383179 -0.661858161299477 -0.698439730967066
0.0112029443230224 -0.0145877491491169 -0.800914721543751 0.313577177724587
-0.0169963251697702 0.0159714886977934 0.060323855119759 0.635025921241387
0.00383810331050144 0.0298961711535803 0.40831534626155 0.177668789897068
0.00241425839879009 0.0107987811540347 0.187965178400374 -0.103959872059736
-0.00393157785176094 0.0211339728249896 -0.118798522246926 -0.158540845068823
0.00697003889469653 0.0139453381952163 0.0863338774963577 0.148839962879252
-0.0136409724747449 0.0245469798143588 -0.151362944204284 0.0682907674713127
-0.0165218535296309 -0.000383124686661033 -0.391180001146363 -0.200423668474637
-0.0134635757421611 -0.0380265008741898 0.0140622431401251 -0.577566093195958
0.0463543364202683 -0.0495805270875861 0.723325185431471 -0.266983597419727
0.05201710458258 0.050480694427527 0.598392486817117 0.615670566450218
-0.0388632483725243 0.0673240398442993 -0.14114246518092 0.6118540739215
-0.0689140586869483 0.0441430896624063 0.0669328092211259 0.0537185384726586
-0.00898528596069887 0.0582363369307394 0.216314570284985 -0.651000819370193
0.0457392246898788 0.0266994187561065 -0.604125438831532 -0.758304368832249
0.028129909610114 -0.0158047333111909 -0.835800506238219 0.24281297395269
-0.0209310606662515 0.00644305885493193 0.00669957117114828 0.642846035007322
-0.00744967300145236 0.0254680151385628 0.401598516299728 0.209595253059643
-0.00697954960006403 0.0144720114594028 0.200864114473165 -0.0897179861670012
-0.00983235836245709 0.0292658903406742 -0.115885567111015 -0.154582191202142
0.0142835927707803 -0.0201994300895957 0.102120125704929 0.123410044006235
-0.0126855461193338 0.000412086895216916 -0.13905080950525 0.0468863776681781
-0.0152105128584728 -0.00534888133209439 -0.378183490886536 -0.206058504643555
-0.0290541705412011 -0.0213322817684839 0.0315575295210176 -0.542334687152547
-0.0246950718284404 -0.0352597312849244 0.724533248307671 -0.211493705252778
-0.0305306023730134 -0.0134694837478044 0.588949538981469 0.663538053306622
-0.0175322469013454 -0.0675485851586423 -0.168447523489152 0.655734387307802
0.0193199655633662 -0.0825294353248871 0.035021794887524 0.0938403786180823
0.00663864305963415 -0.0673658972254277 0.196184389361668 -0.598391038875799
-0.0391718773385494 -0.0247082447860408 -0.604415763998958 -0.687145160673839
-0.0443992179036135 0.00476849403387955 -0.808677396219032 0.309981346735914
-0.0373357312195347 0.0245618709663651 0.0483038352882468 0.669641101749733
-0.00417932309339616 0.0216362995203489 0.41658465787176 0.199142433832393
0.00341656656003783 -0.0163077096673945 0.210536927803941 -0.105595618243323
0.00152937446236327 -0.0147164701250952 -0.103865856261937 -0.177357906616449
0.0161362392511074 -0.021281460989908 0.100409336114835 0.118480683065083
-0.00673034333422673 0.0036780987716668 -0.147741237364113 0.0395235408128096
-0.00734541847172772 0.000664656338489988 -0.36730229396594 -0.225831865286134
-0.0261564416154771 -0.0167999383425477 0.07049640963755 -0.543045592224078
-0.0260141178843527 -0.0389461552922961 0.753997444271039 -0.149760374042741
-0.0303653150942146 -0.0203855456833502 0.536009906477196 0.712348051304396
-0.0122116840980261 -0.0687823921682582 -0.198993586625034 0.635177672734401
0.0189732906459976 -0.0799879603074367 0.0511454400054207 0.0679468786169598
0.00484573596546919 -0.0679069142769009 0.164328870129049 -0.625044124375101
-0.0417028472479563 -0.0279291923502794 -0.655764749925459 -0.637978538291125
-0.0470010458021752 0.00599755341085635 -0.776158700199561 0.366567276218923
-0.028681743952353 0.0309454740461793 0.0915408605666054 0.660220599411075
0.00742137680057341 0.0243157972847837 0.421328730856473 0.170576015516438
0.0103007198661867 -0.0173810275271188 0.197332090867356 -0.118868697826216
0.00509786130662721 -0.0165282510552024 -0.108249780890333 -0.179166325687772
0.0177820813191194 -0.0190697340914111 0.0966066356954001 0.120430733680522
-0.00231844732894734 0.00775667905405821 -0.159028817412262 0.0342418481146966
-0.00149739439883304 0.00500298120411716 -0.362949037852649 -0.245992495346802
-0.0228650442018525 -0.0147655107278081 0.103151981709066 -0.547394309692692
-0.0212615256824449 -0.0421829524887359 0.76749999853739 -0.110091654126045
-0.0262012054776397 -0.0188271326993113 0.493848687372821 0.741809280671161
-0.0116253741796635 -0.0573855188971028 -0.21797445475581 0.611829664006023
0.012853711018163 -0.068360708139319 0.0675149135252594 0.043616365305269
0.00353909823282103 -0.0576931123846308 0.140055216056831 -0.649112781495376
-0.0369672505523521 -0.0278111398865517 -0.694973034344891 -0.602783120628243
-0.0431650091441141 0.00382964858563786 -0.750227761371343 0.406110620629548
-0.0200985244315386 0.0317563187759668 0.12405075629036 0.641151760038442
0.0163899558998514 0.0263543266729394 0.421475963227207 0.146061419723547
0.0152218619281941 -0.014221155092846 0.185417793265938 -0.126638320171899
0.00704848081839632 -0.0139386687104394 -0.112911278711294 -0.176882328328967
0.0173182975201886 -0.0144813370743333 0.0939070536268048 0.123859989458942
0.000863726982806082 0.0135203523807724 -0.165868672435944 0.0322936813224992
0.00178377964456299 0.00833267869226249 -0.361284243992072 -0.256795730770781
-0.0187910325497797 -0.0156044618776818 0.121219258534573 -0.552871854333988
-0.0107913417400871 -0.0438505256552925 0.774195900718556 -0.0930312506875408
-0.0152113152953713 -0.00986980938747465 0.471464903736936 0.751829306039144
-0.0157672411288033 -0.0381686953150794 -0.226348695328404 0.596069714756749
0.000314295099278495 -0.0494241120669597 0.0805580203811407 0.0264107376473978
0.00318022595056378 -0.0401728044372977 0.12886802480005 -0.666378636981948
-0.0251054516541183 -0.0238591614312662 -0.716645782248503 -0.591275303296995
-0.0345428033159897 0.000366212041518672 -0.739828865863949 0.421289448703581
-0.0150218958897129 0.0326303757352445 0.137693845678962 0.62902198178558
0.0200466711045912 0.0284628515537235 0.420642164833827 0.134569011712357
0.017196444643062 -0.00969403428697245 0.176660288593594 -0.129134026220598
0.00755120573224828 -0.00833030785487834 -0.117096748514308 -0.174304965218051
0.0156759772842458 -0.00827509745628427 0.0901815368828052 0.129200257093359
0.00188102798132819 0.0181731178044374 -0.17130433570566 0.0348352010265366
0.00241382779766384 0.00982504293962453 -0.364145342548123 -0.259230156154701
-0.0148189688316079 -0.0188446826935275 0.119502866173279 -0.5610482076402
0.00396841261866638 -0.0441618289421584 0.773180196293906 -0.10520771145117
-0.00107183791816742 0.00580494292846227 0.473657690576339 0.741423868993035
-0.0237907094556052 -0.0108633184684163 -0.221504422508368 0.584732242393233
-0.0169906676938292 -0.0240615677289262 0.0875102061669741 0.0178727582269292
0.0043194382274357 -0.016427723549319 0.132322162551216 -0.679348403740006
-0.00690665283110872 -0.0174445962603044 -0.719988274420263 -0.601626048382307
-0.0224847986261988 -0.00526527232016893 -0.743078004014511 0.409200161230509
-0.012121277476278 0.0297412949403707 0.1329568607642 0.623749811922771
0.0188270068205673 0.0299076079405775 0.418275082264355 0.134871491532408
0.0148211645192983 -0.00336787616488572 0.174590444609295 -0.126272990006881
0.00543406754047004 7.51531203953409E-05 -0.119592161059819 -0.168731480623943
0.0129462448572313 -0.000358435728878089 0.087632471070086 0.135028002174699
-0.00167085188258721 0.0210577261625283 -0.170133259080789 0.0431821115713888
-0.00114092420142327 0.00714451912807617 -0.372356843900799 -0.247153681132371
-0.010491498623154 -0.025672322480776 0.0997582789849246 -0.570068524545391
0.0209392174826395 -0.0454655606415757 0.766150701875291 -0.144620836183114
0.0162170756141162 0.0231836140413788 0.498958903969334 0.713815350635872
-0.0322308205950246 0.0182361982574613 -0.202789963056895 0.584726118835585
-0.0365141615282496 0.00253601466893159 0.0884838265543303 0.019666490993067
0.0027023186260503 0.0105963389087252 0.14921898774421 -0.680358659920278
0.0129473209911542 -0.00657483085009401 -0.70211768839206 -0.642873700546575
-0.00783895659179722 -0.0113102270484153 -0.767485447962561 0.373229708794634
-0.0137719200333256 0.0243557479171552 0.107097609870166 0.625359252539558
0.0131838318060722 0.031139836129728 0.415311444030809 0.148658978023243
0.0099505742148688 0.00448424541482306 0.179032819397607 -0.118155022202666
0.00204007208512868 0.0108599094506574 -0.12007069562491 -0.162422679810706
0.00982188598563224 0.00678067769322537 0.085877826775921 0.142048176558276
-0.00586429834608083 0.0232938073823268 -0.164333570384235 0.0548898979133669
-0.00744063729968132 0.0040904041403526 -0.384163484773527 -0.226246065930719
-0.0110672081685468 -0.0316278832420075 0.0606006920582096 -0.57733300083733
0.0357202022802434 -0.0464457910121469 0.746365730941846 -0.203424686835313
0.0339430699897489 0.0406238441002416 0.546541867116662 0.667974876521417
-0.038515515721402 0.0470963978282846 -0.175396777937386 0.597091679379661
-0.0551319502877232 0.0268573677535188 0.0801984124319954 0.0317109789831536
-0.00253206115562907 0.0379395859727334 0.177758244434731 -0.671346920697255
0.031141211211327 0.00931125571825906 -0.665572151959368 -0.695776045950961
0.011229265340573 -0.0148425774780293 -0.800029283977821 0.318757037302736
-0.0156947600084061 0.0163181439316876 0.0644797443681139 0.632647040524383
0.00412098782960805 0.0286822471381902 0.409477060067052 0.174020656511829
0.00198179246410238 0.0113357930004585 0.188398144823023 -0.104994311856672
-0.00281965174103723 0.0222711286224094 -0.119111830008924 -0.15745885493133
0.00671014902560465 0.0146835491632163 0.0866253110749624 0.147464507373767
-0.013399660550509 0.0247292893616731 -0.152162636323617 0.0682321271715811
-0.016553379318629 -0.000404219712742903 -0.392715412707847 -0.196871589341167
-0.0141827628603447 -0.0376567062734545 0.0119935623432319 -0.57671931346306
0.0457324474597336 -0.0503918059676042 0.718849347106945 -0.270431461675604
0.0524985247941773 0.0505452385655218 0.598712814319347 0.611869804906909
-0.039275753443211 0.0676734866033531 -0.139428678552875 0.610355337919831
-0.068796929857861 0.0449151829085941 0.0667289364770824 0.0528955034839926
-0.00984618163685623 0.0588142027442575 0.214776901711872 -0.649245476180441
0.0456871416631236 0.0259659954320076 -0.608278513068593 -0.75519818652906
0.0278454050249929 -0.0157906600683704 -0.835434958511171 0.246006787672771
-0.0203954088129694 0.00725316806096892 0.0104465202142573 0.642718902055248
-0.00792770972619868 0.0255834175372138 0.402716628830161 0.206405291112504
-0.00750038302836316 0.015198907820684 0.201212535391206 -0.0907426904854824
-0.00894630245804155 0.0299376495392603 -0.116223618165433 -0.153940276120345
0.0137363781965809 -0.0195648640007904 0.10251623108492 0.1216308434838
-0.0132592943518734 0.000690547033198355 -0.137937511342368 0.0482994273614706
-0.0151310521221958 -0.00529715066071987 -0.377945712643381 -0.203274161920337
-0.0303586970803111 -0.0216401928771119 0.0286699215236728 -0.542040181734174
-0.0242068371513151 -0.0353305590073799 0.724067497662661 -0.213756925280745
-0.0305488740232399 -0.0123340869977864 0.592764146772335 0.659331142692486
-0.0175195572600311 -0.0682926558865296 -0.163998834635775 0.654325035562085
0.0180593900808918 -0.0818959928869223 0.0354649296917505 0.0930249074545186
0.00652396157505438 -0.0679922355960765 0.192885719024063 -0.596814797951791
-0.0384870143690949 -0.0248893806054183 -0.605077329838826 -0.681895562553851
-0.0439456135515748 0.00583194095906577 -0.804275490888153 0.313597382268997
-0.035886791519473 0.0251556833419522 0.0536701149450489 0.66575768204498
-0.00289089834512751 0.0212759550460046 0.41696652266473 0.196665047480589
0.00239043865244559 -0.0159485451105608 0.210671974281689 -0.107159622783256
0.00254949215037832 -0.0137102591386528 -0.104223778838822 -0.176756681763181
0.0158739904751695 -0.0205376239636055 0.100220860603423 0.117803161292512
-0.00687756142290402 0.00405754652026122 -0.148535275323546 0.0401079451125688
-0.00840137615471238 0.000767456923033562 -0.370009614166147 -0.223231387968986
-0.0262403716565453 -0.016479660684249 0.0658948030644955 -0.540329398905658
-0.0259390732017394 -0.0389696858864657 0.751597594410044 -0.153796981289229
-0.0311712001153289 -0.0193602909875784 0.539185926631458 0.706391844173744
-0.0135931144483157 -0.0681279536185762 -0.195696246360392 0.633117698353282
0.0194436049991514 -0.0801508407330577 0.0521516722894741 0.0665810869489916
0.00438952851979869 -0.0673283353336852 0.160990251584449 -0.622963275815736
-0.0418046572510116 -0.0278137116250616 -0.659778573459442 -0.633315836292653
-0.0461639960913076 0.00583126803971796 -0.772987852752503 0.371328157317457
-0.0290592180436592 0.0303467661289015 0.0934175362161508 0.656191798929186
0.0070416568574349 0.0242030638747881 0.422349036467351 0.167834834928016
0.0101779007315284 -0.0164521042412564 0.19711771093109 -0.119665887587849
0.0053452869686434 -0.0157438115813986 -0.109296707217447 -0.178347504358979
0.0166937774814442 -0.0193533130824302 0.0967559505277809 0.120185812325263
-0.00188435388974829 0.00929144463847277 -0.158809177801836 0.0339471921052841
-0.00161660822685117 0.00604698595555373 -0.36222322150996 -0.242154538241784
-0.0232183724010931 -0.015039228992665 0.100917905792803 -0.546088630713636
-0.0214413339224598 -0.0411147381803665 0.764084653648261 -0.111477697644561
-0.026078315336974 -0.0179590635614212 0.495619681762512 0.735062959806151
-0.0129746368039645 -0.057372077614668 -0.216470889928433 0.610921871931288
0.0117980107554572 -0.0683020321521944 0.0678098107942489 0.0440261735041597
0.0032381962562794 -0.0574468170553745 0.135839278606686 -0.647716341185134
-0.0375509552302312 -0.0269315972825918 -0.695803941195505 -0.598040839566497
-0.0437209329868495 0.00447780122357965 -0.749383841344514 0.40886566942574
-0.0201792570586165 0.0319520782150623 0.127176032731303 0.637017178682991
0.016308092597723 0.0260208897294955 0.42140702221307 0.144401367913745
0.0142620884103897 -0.0144681429242522 0.183816357125071 -0.127349628675302
0.00689313503643312 -0.0133820630006359 -0.113635109981868 -0.176795240432598
0.0175956205154831 -0.0149874140858958 0.0936346512952141 0.123263697570801
0.000485194605092994 0.0137916954175133 -0.166717949148052 0.0322398243835298
0.00170156360713757 0.00937838729509384 -0.36171121266435 -0.254264573610787
-0.0185002220032802 -0.015810868661854 0.118286939691837 -0.551579752179356
-0.0111988848508833 -0.0437217013301651 0.76750119078639 -0.0984565912371726
-0.0155059315965018 -0.00928656664389848 0.474002869993799 0.746047196723067
-0.0161591789119321 -0.0369398150466087 -0.223083866581424 0.593344336068884
-0.000905632832017382 -0.0493084049657651 0.0797719312301561 0.0258678271723293
0.00297732626734493 -0.0407036093004772 0.124663285878504 -0.665136696015889
-0.025610605038081 -0.0234716764535027 -0.719224791799182 -0.587067841093164
-0.0351450441682918 0.000942554370162461 -0.735024828059278 0.422493086667662
-0.0146622741191048 0.031647503731121 0.13984925272195 0.627333733134765
0.0203973211579239 0.0282247395274953 0.42143230758308 0.130445784556958
0.0157699587025689 -0.00951426789474977 0.176928546894626 -0.129909778452216
0.0073658262602423 -0.00805594904409668 -0.117604926023073 -0.172567324191475
0.0154782241241183 -0.00818664763857484 0.0904697665458643 0.127714815442373
0.00167684280379006 0.0186980396956412 -0.170584418678667 0.0354619770797451
0.00216418521834855 0.0105925036303071 -0.36495834473609 -0.257726829757212
-0.0147870708216276 -0.0185844316289811 0.116094705233221 -0.56049482449256
0.00438562386185065 -0.0451548569029861 0.767911309450857 -0.10939442390169
-0.000423423540692715 0.00592341219684416 0.474875287362478 0.738513492141302
-0.0242183626871858 -0.0111002536823834 -0.216697801321596 0.58456292498671
-0.017570873553691 -0.0233822992792022 0.0870310124664758 0.016764921283641
0.00381524981880132 -0.0165150509266102 0.127913859167072 -0.677697235564103
-0.00720178677475076 -0.0170665233709055 -0.722100777510308 -0.597452583385476
-0.0220720618097447 -0.00473299688883844 -0.739874763883033 0.412189801804159
-0.0121714105143264 0.0288233732410376 0.137112127867232 0.620151057314935
0.0196831892632103 0.0304986527767463 0.417942110063922 0.132287867268933
0.0140950102103185 -0.00295338739349261 0.174393482806946 -0.126463630225602
0.00550736929036363 0.000750572346886578 -0.12042783923795 -0.16728087213377
0.0129320157501847 -0.000826580234920337 0.0885955626468694 0.135108808255906
-0.00200313784112045 0.0219522587804456 -0.170091638997788 0.0436696946480625
-0.000945731294305347 0.00750574319301289 -0.371510786820766 -0.243739029625416
-0.0112730334925273 -0.0249319123462685 0.0961640335741977 -0.567524462705418
0.0208528080026075 -0.0455858197352217 0.760328757910507 -0.145877161980277
0.016796549969841 0.0227072362321586 0.501039777814408 0.708521386701299
-0.0333112681477044 0.0192764218266612 -0.200817291632496 0.583864777772055
-0.0364012103389533 0.00311443241011155 0.0878162867760833 0.0186640610109422
0.00192610251539763 0.0107261162499157 0.145526567032315 -0.679491158817201
0.012507178513844 -0.00543173486123362 -0.703638976566035 -0.636271931529513
-0.00683849935935085 -0.0106590138068118 -0.763881818643492 0.375084039611223
-0.0127547330123624 0.0246568277647504 0.111335225375623 0.623276417466122
0.013729740264663 0.0308040483434319 0.414656024405845 0.146443597507555
0.00912141169454779 0.00494344702906389 0.178612055008322 -0.118704640702178
0.00184380856112429 0.0117297094792802 -0.120895400843323 -0.161684233979756
0.00945004528872818 0.00740653992012065 0.0866684331112731 0.140244250721909
-0.006540424918768 0.024326673447617 -0.163162242575896 0.0548613029521555
-0.0077275053714914 0.0047088619661588 -0.382473894075332 -0.222291914543401
-0.0110597496069669 -0.0325105239774616 0.0570366466402813 -0.574353357861868
0.0356000642176124 -0.0474475079143853 0.744936141526895 -0.206240570852124
0.0350376454205615 0.0403539895786301 0.546677728572956 0.663704072670302
-0.0383650930789658 0.0465589287269376 -0.17202514141136 0.59431186040657
-0.0546947562995603 0.0270698787321478 0.080037692683934 0.0322934966761323
-0.00152998612817192 0.0373255649198292 0.174246779849829 -0.67071174197409
0.0318523872781786 0.00924151145869422 -0.666845020831716 -0.690751553293703
0.0118567976914277 -0.0150668127171964 -0.796067314466766 0.32036047697012
-0.0159757932387546 0.0170625161403117 0.066984918013549 0.631660497639308
0.00447769906147081 0.0285831852445177 0.410188846270338 0.170169115523709
0.00115822562391322 0.011392990829502 0.187618127994846 -0.106586071047184
-0.00320104701527689 0.0214669462864547 -0.120712347798329 -0.156481472153409
0.00703933578329163 0.0147693810612265 0.0873040899810846 0.147833923296374
-0.0134058583439077 0.0254586451840073 -0.151983020243944 0.0697360628131233
-0.0164405376449485 0.000844266346737655 -0.392973276438702 -0.192867000681546
-0.0146662023932837 -0.0378331694903559 0.00835850297912758 -0.574944632250307
0.0457013430777684 -0.0505171765744504 0.717833630427457 -0.272385643438885
0.0523823280402279 0.0500143244984046 0.600997586561683 0.608711524937921
-0.0392531566292331 0.0675136947817692 -0.136246126077291 0.609477013110787
-0.069287596273624 0.0441375851043344 0.0663372866486036 0.0525129662315054
-0.0088591213446757 0.0578582670095111 0.210344945156056 -0.646962100223047
0.0461057298986971 0.0260192905656335 -0.609916925243971 -0.75069494918399
0.0276750533840698 -0.0163068902752342 -0.83061610547521 0.249702279451732
-0.0209050542832663 0.00664694192610082 0.0136639396210841 0.640002992720564
-0.00723032412370494 0.025399918417276 0.403752907190706 0.204068173839193
-0.00813258788175788 0.0156462272651189 0.201781992425351 -0.0922949398922565
-0.00841445358022528 0.0307190645224917 -0.116360715544341 -0.152833434764684
0.0130859203830065 -0.0204048072494109 0.102382300832763 0.120658885739266
-0.012826826994506 0.00143506813843379 -0.139573506130154 0.0478380286133691
-0.0156709979830267 -0.00427757335273563 -0.378913229637799 -0.199009083740695
-0.0301095440157069 -0.020771024393032 0.025453916319867 -0.539667556649657
-0.0247516521660337 -0.0348762529253777 0.718889719884387 -0.216712874099761
-0.0305770777907376 -0.0116528533084778 0.593110153435387 0.651573982074815
-0.0182835726695194 -0.0672216030387008 -0.160648317887107 0.652673259586809
0.0179948856866888 -0.082250380892001 0.0367463825273653 0.0919442625084643
0.00620258861124217 -0.0684735614920825 0.189769186386496 -0.595618036291398
-0.0388431269475875 -0.0248968275241273 -0.606785052659831 -0.677930762988667
-0.0428961711857101 0.0059931539877528 -0.799690022745611 0.317627257321315
-0.0366081897749532 0.0257717044232887 0.0565415066339739 0.664190879739192
-0.00343205307886225 0.0208225788848195 0.417112146755687 0.19202790867297
0.00112490595223817 -0.0155879075272802 0.210093019359785 -0.107520377144515
0.00224902350720796 -0.0131973856365087 -0.105368235972215 -0.17608201500795
0.0157241882190881 -0.02132407139906 0.101333754140955 0.116534353125283
-0.00693815697278824 0.0050174808345848 -0.148292700977257 0.0410559064443989
-0.00716708599493337 0.00106513351429954 -0.369095210717992 -0.218733113138008
-0.0269799669631055 -0.0165884310117168 0.0640374789361615 -0.537850980853432
-0.0260321637607777 -0.0377541558445443 0.7488740250868 -0.157747449599109
-0.0311208970941234 -0.0176979580025521 0.539355432577714 0.702274388290104
-0.013841866303086 -0.0675303199048534 -0.192914832371459 0.631310990253664
0.0169364974445015 -0.0794818097444238 0.0527557611487308 0.0655994429885947
0.00334634445281152 -0.0669055943179162 0.157029878692956 -0.621810740634934
-0.0420501850237048 -0.0270688466457999 -0.660727622414719 -0.627710751246026
-0.0461230230940953 0.00684462516601581 -0.767904629194953 0.373238759800298
-0.0276652875618966 0.0304725776002086 0.096364278936548 0.653856550872391
0.00903990642939143 0.024261454646155 0.420665699190461 0.164323371879838
0.00934936022928974 -0.015960724961897 0.197420320482856 -0.119926403454007
0.00549056538004784 -0.0151950452560261 -0.110463427311136 -0.176578315401423
0.0166257870252554 -0.0190405235409284 0.0980512659239432 0.118277618669548
-0.00162825388701684 0.0101393499532923 -0.159630953131874 0.0347726208857727
-0.00241750308818 0.00666830331108772 -0.364009528258416 -0.239351110087113
-0.0237388901833039 -0.0142810931732402 0.0958392434142739 -0.545644424430997
-0.0212781955111188 -0.0411257514364272 0.761406414505196 -0.115746419453334
-0.024928666438136 -0.0180235778889454 0.497725021183542 0.731241786451114
-0.013291896965743 -0.0563980767904504 -0.213474770072073 0.610442346255281
0.0111295246521297 -0.0681068579023976 0.0678143931819462 0.0422034193676188
0.00213657466729093 -0.0568808758910992 0.133146793936923 -0.644907819095209
-0.0372061067578635 -0.0271179286018461 -0.696860516963821 -0.593784997952578
-0.0432656533443242 0.00519310352836555 -0.745097337728787 0.412340790177655
-0.019900285452365 0.0327298109955012 0.131227422235115 0.637372971125568
0.0156538065001958 0.026365243301367 0.422735946952473 0.1409418187036
0.0130177791001425 -0.0136060903415535 0.184325420206941 -0.128098628705247
0.00773523868388998 -0.0131441151619134 -0.115400820015822 -0.175373711522433
0.0155976315842524 -0.0145475451897409 0.093592759557968 0.121998596144936
0.000963665014100112 0.0148688402776707 -0.1675899495051 0.0326005472454137
0.000916086921766334 0.0098796507703997 -0.362648521941811 -0.250132453575154
-0.0196217792186475 -0.0157612925464149 0.112050466633623 -0.54996453975506
-0.0108269645203797 -0.0425627420386156 0.765612951805903 -0.100893822709816
-0.0146510307462949 -0.00854716475177193 0.474418404742056 0.742139165186455
-0.0180012287550457 -0.0368821267042106 -0.21819899921587 0.593092747436779
-0.00187883679220924 -0.049119926228997 0.0797729219069892 0.0259796587487982
0.00273622908353113 -0.0391399245186745 0.121771941238467 -0.664846663158335
-0.0255875533166397 -0.0239033278715734 -0.719902020260447 -0.581065328316814
-0.0350626937809296 0.00135965291224923 -0.731792720927188 0.427205131358965
-0.0137829049450718 0.0326585790201961 0.145330131098034 0.622809768396811
0.0203377117247082 0.0284427113807097 0.421396871360157 0.127865978233023
0.0154143681227313 -0.00962680535381865 0.175925999636417 -0.131328084093395
0.00704116634669774 -0.0072816919821479 -0.118671362799919 -0.171846903968377
0.0144790788508463 -0.00787841275673844 0.0917973674566478 0.126057348389412
0.00197415652733352 0.0188785321874399 -0.170742117962013 0.0361224570426202
0.00154651510935641 0.0104236675859956 -0.366281974689861 -0.250699950602354
-0.0156592500249858 -0.0186588417079136 0.113435833233874 -0.559028985973162
0.00456506538086642 -0.0444653630246844 0.766012251810472 -0.112718151200028
-0.000645429867974747 0.0055219129763354 0.475728295591828 0.734172329962814
-0.0252795104728021 -0.00993542553954578 -0.214087908663215 0.582105264702107
-0.0177847645322731 -0.0230702245827079 0.0867480175254744 0.0162093337211045
0.00330102232848883 -0.0164344840090401 0.122948503046715 -0.67521790542899
-0.00765965561544401 -0.0175609421604279 -0.723174577725879 -0.593367625428832
-0.0228527577167421 -0.00477305318728142 -0.737541947055874 0.414569542169142
-0.0118406325522071 0.0306544039944233 0.140214423555404 0.617421346485626
0.019824993865108 0.0298552008986703 0.418026162870517 0.128242750685868
0.0141196523163623 -0.00154786986282457 0.174676491430027 -0.128415322826242
0.00544461032937005 0.00146801560528586 -0.121312915102473 -0.166518781120889
0.0115104350873443 -0.00120870607195816 0.0887461576930131 0.133173200111151
-0.00103067669411668 0.0225831047929474 -0.171532740252685 0.043938717931599
-0.00142682463035716 0.0081824169952157 -0.372761863329558 -0.241950341895547
-0.0111338790734917 -0.0243156127180529 0.0930520453983655 -0.567042380108755
0.0203335302850319 -0.0458920515559588 0.757356946396659 -0.150378912333516
0.0164521768905199 0.023423793631325 0.504351971971314 0.70454408265184
-0.0328752159124399 0.0190186950780762 -0.196265810356732 0.582819825540802
-0.0362697495763214 0.00262185166045973 0.0876126450944036 0.0181190874522656
0.00163230243119551 0.0108525726534698 0.140384601444057 -0.677038222519932
0.012788963579777 -0.00792077866769746 -0.706484432264849 -0.631109535768822
-0.00498451804798459 -0.010799385972325 -0.759695157306594 0.380435442731601
-0.0134686791029344 0.0243795552620106 0.114035206187935 0.62203087791043
0.0132104786374698 0.0291145397637629 0.415768562328277 0.142814265714514
0.00855368294703887 0.00475740177527026 0.17814928166719 -0.119770752006323
0.0013077544566839 0.0108854470770933 -0.121619445675429 -0.159917803371327
0.00980013847316608 0.00738568311528771 0.0876211942170639 0.140288548008361
-0.00633502922700377 0.0248139852823411 -0.163418372593243 0.056059803175541
-0.00750928850998541 0.00561178746024971 -0.384373417452328 -0.218206465898722
-0.011304896058738 -0.0309469098063599 0.0531913513460133 -0.572397324324273
0.0356304650739568 -0.0475304322448093 0.741824386853068 -0.210711320264268
0.035287950856381 0.0396269637855378 0.548160571991161 0.658477945123134
-0.0391026419626806 0.0464472281611651 -0.16977376099143 0.59265310575618
-0.0544537413619922 0.0269330018008639 0.0803129463682055 0.0312861600591067
-0.00195695151828601 0.0367002766009233 0.170532120653033 -0.668472103209534
0.0319509652114998 0.00884426292181745 -0.669458898873797 -0.684318524902084
0.0115184201107132 -0.0151646202481489 -0.792690237425523 0.324219408549998
-0.0157540421085808 0.0168658046757832 0.0705797310498576 0.628408694260923
0.00319859984184553 0.0288887784682253 0.410423890005027 0.168811689701783
0.00029157452088021 0.0122568328715202 0.187662993073285 -0.107131805581187
-0.0025969764853572 0.0218926510342442 -0.120600820165965 -0.155414540422755
0.0064499993782797 0.0151874409660251 0.0880557522476436 0.145658062820754
-0.0127358465660375 0.0275354914711148 -0.151986102308425 0.0696740716780035
-0.0171219912585325 0.00164026577511464 -0.392621250548944 -0.189119452084002
-0.0153379512740154 -0.0376138207425565 0.00532891743117693 -0.573368505121646
0.0447922954515183 -0.0507769531862578 0.713598349048359 -0.276264706067619
0.05291925694044 0.0503295267238721 0.601459148069008 0.602292069168002
-0.0398850785805385 0.0684731266706949 -0.132759666028892 0.607116950576034
-0.0692640580911123 0.0442169935572694 0.0669807889188942 0.0525928744598178
-0.00915911280879683 0.0578678002449068 0.206010871858052 -0.645425485587131
0.0457964076986192 0.0253441776715434 -0.612819285028769 -0.745692994161882
0.0277857793157151 -0.0162376290905494 -0.828956653119105 0.254471424885832
-0.0209674571733556 0.00827322245158642 0.0161229494078721 0.637606087533704
-0.00787934351618511 0.0246205222284502 0.404224839025321 0.200410053602201
-0.00789292986168182 0.016727610236888 0.201620360746439 -0.0940746697620628
-0.00851019335150345 0.0318767349728602 -0.117025579042634 -0.15150011699452
0.013497715172369 -0.0197487981813224 0.102885134766021 0.119617504976505
-0.0126517181413968 0.00140320898979027 -0.139275616416815 0.0488130727120726
-0.0153500278767481 -0.00405741324133443 -0.38040716705778 -0.196133976079671
-0.0311745435448435 -0.0203410604252852 0.022892580792204 -0.539112903983366
-0.025123867647171 -0.0350154269079077 0.714784708036283 -0.219189588157934
-0.0296607275029035 -0.01135047206322 0.592149394881463 0.649034003550586
-0.02006098250441 -0.0665717258745556 -0.157926486104876 0.651322335215778
0.0166876240319549 -0.0814883630914798 0.0348544452265095 0.0912717795345562
0.00496665789306277 -0.0675579442053354 0.18545357147167 -0.594538187902776
-0.039040736047437 -0.0249624155558677 -0.609641206022817 -0.672409906452587
-0.0432326653144143 0.00607055572524538 -0.79710272331146 0.321116100472299
-0.0363884619103226 0.0262765484416238 0.0604624655316438 0.661528285298776
-0.00228459132184871 0.0206696818233903 0.417958516052803 0.189005191902368
0.00111230899532991 -0.0154020383896578 0.209873420877775 -0.109467692525003
0.00232103610433601 -0.0125247664648966 -0.105286203937621 -0.174624846817717
0.0150574435915809 -0.0213160782276927 0.101489615341209 0.116130211690659
-0.00593329562343519 0.00597224946950744 -0.150037048054931 0.0411963422049975
-0.00789779311829194 0.00119094313539309 -0.369185054484229 -0.21413770750151
-0.0270438090914039 -0.0157031482152092 0.0603647959013153 -0.536671044324096
-0.0263417381817921 -0.0377404851680812 0.746182888600743 -0.158801751488109
-0.0302839026047685 -0.0171449957138127 0.540277984433777 0.696142501853087
-0.0154533575228485 -0.0677723463907034 -0.190172226788246 0.631310816898293
0.0174295667343689 -0.0791553051111717 0.0526108807331037 0.0643125047022082
0.00294744573925279 -0.0668800187378864 0.153398397184698 -0.623026545777142
-0.0420293166189191 -0.0275945344737971 -0.663967078747605 -0.623877297057087
-0.0457244245346796 0.00703646829863225 -0.765539281711622 0.377574706518853
-0.0280162525160543 0.0311618726837054 0.10077485887259 0.652583646818244
0.00828826174336306 0.023321219476113 0.421154373038817 0.162208866973004
0.00834729322321622 -0.0162397900388283 0.196701755023479 -0.121698247766972
0.00556578556934762 -0.0142138960487072 -0.110965507345905 -0.175816945362602
0.0159911016407193 -0.0188403456511797 0.0980637322228776 0.117655559978455
-0.00113701968209523 0.0100703407377154 -0.159996871518053 0.0352035662573503
-0.00168526119919479 0.00746102155349681 -0.364438044077562 -0.234122642749055
-0.0246458843257014 -0.0141596664765138 0.0930402097859968 -0.543564394861264
-0.0212450302691031 -0.0407675741392861 0.759026669112735 -0.119114013091636
-0.0252579002574257 -0.0173213976271149 0.498418707443946 0.726661031127855
-0.0134841448156946 -0.0560982737419924 -0.21060836035501 0.608642355182921
0.0101609523698549 -0.0677147409838854 0.0681380296242454 0.0419940379804048
0.0015517444698865 -0.0573303421435063 0.128960817217464 -0.645651951651948
-0.0369143611244032 -0.0269758903774701 -0.701104952839641 -0.590121977709746
-0.0424346511363104 0.00607083922581406 -0.739252291830657 0.414892027622356
-0.0202895364008671 0.0326390531818814 0.133595113539585 0.634935686600122
0.0158728851121371 0.0260023753343371 0.422681789422152 0.137345671308486
0.0131986633430754 -0.0129722029049319 0.184651765265818 -0.130051907335662
0.00750748333890735 -0.0121714708405083 -0.115566874205026 -0.174358807517612
0.0162566394194178 -0.0151563648785041 0.095354999191017 0.120419793886505
0.00150164415236038 0.0148328782484218 -0.167847701217554 0.0340125064432384
0.00204873132589447 0.00995116164928886 -0.363444681355308 -0.24565119380201
-0.0198089959234705 -0.0147947224909647 0.112114738998914 -0.550028448731429
-0.0111598900711593 -0.043445856558472 0.76421056812887 -0.103510586837966
-0.0148502277123806 -0.0081961154538402 0.478068841929 0.737357631691853
-0.0184100588831938 -0.0368321189778226 -0.216377901268635 0.591712486144657
-0.00184285954034015 -0.0478192783266352 0.0797261343405835 0.0244228126626556
0.00201200997224249 -0.0404282147694281 0.118203237333249 -0.663355548742217
-0.0258242864211511 -0.024046512968853 -0.721878024657347 -0.576740640330335
-0.0338050834577336 0.00197583994502809 -0.727658612514723 0.430052789454095
-0.0137861368129432 0.0327505886854795 0.146622133591374 0.621243567973264
0.0198105780172724 0.0272069991902452 0.420818291747313 0.124204085801768
0.0153173144805232 -0.00863060414362309 0.176911758138611 -0.131703248551615
0.00742225606905247 -0.0068866184500167 -0.11930419945426 -0.170463008467759
0.0143991174501158 -0.00791877925954027 0.0909161844906754 0.125399373025106
0.00248184141194185 0.0189627921802679 -0.171770286796777 0.0377272927504431
0.00166533561610089 0.0103951633434472 -0.366139901890115 -0.248222687614182
-0.0150840431686548 -0.0181118477320895 0.109964405037019 -0.558094470287409
0.00359720711357258 -0.0449860081644947 0.763783351249074 -0.115701870180413
0.000266509271075577 0.00612380269812546 0.479223642640241 0.728602747334874
-0.024489829916625 -0.00990372907253147 -0.211179313986544 0.582835181250165
-0.0191974876455376 -0.0229380200751005 0.0863794631651307 0.015551303793749
0.00222299938281647 -0.016846983309743 0.11944009887646 -0.674260195997241
-0.00737082032283191 -0.0179956928114899 -0.726113423155471 -0.587775098942776
-0.0217840196796143 -0.00400819176147478 -0.734180324935244 0.418762408236074
-0.011755372549029 0.0288678852476247 0.144657893301178 0.615258848655211
0.0188702201808292 0.0288593768807393 0.417009993778248 0.125391265871692
0.0125877649016717 -0.00253821504536465 0.173408889603115 -0.129460582691652
0.00614820455681012 0.00291464385624046 -0.121741972793167 -0.165630921138815
0.0118075662456091 -0.000932646772877559 0.0893355868116129 0.132528113792321
-0.000602892549546726 0.022594530273178 -0.170728416229618 0.0457253805542161
-0.000729566314683461 0.00934401505648082 -0.373125958628746 -0.23706392851989
-0.0122787768755998 -0.0241140439241205 0.0901769469552993 -0.565222620424334
0.0206063208921223 -0.0456247708295682 0.755714313544584 -0.15275988428778
0.0177673417814236 0.0241078621869828 0.504734941749453 0.699430243898894
-0.0329917754083183 0.0192134975442393 -0.193967996081243 0.582193501547315
-0.0371715722869737 0.00298581970390207 0.0871011303032303 0.0168775912629295
0.00186492976561395 0.010027863576432 0.136648580989118 -0.676332755349971
0.012787007575913 -0.00695868683297126 -0.709694941243317 -0.625398083148879
-0.00576053323862287 -0.00984020136109269 -0.755018325749173 0.383293871920482
-0.0122263235504324 0.0247719515503872 0.118516571111284 0.618341697287516
0.0140130239762415 0.0297281321053105 0.415950864320587 0.139221279215755
0.00819655228841985 0.00497462016193134 0.177068337388781 -0.120891052735083
0.00217697671400707 0.0136581897988269 -0.12185433721983 -0.159307524575699
0.00890241799862658 0.00803978196160928 0.0872882964598462 0.140104159142512
-0.00516722835936425 0.0248801059506439 -0.164048424918226 0.058032983474962
-0.00777694063219527 0.00532303187646895 -0.384960399592195 -0.215525370255397
-0.0116486064028915 -0.0306752272466578 0.050157781006958 -0.57200065551593
0.0347575059982044 -0.0481158840753957 0.737469443311014 -0.214805662694161
0.0355429381922263 0.0402397415365295 0.549906210537146 0.654674829001205
-0.0392391555981041 0.0468352461455595 -0.166435401996312 0.592632045789004
-0.0553940334475206 0.0281181748528951 0.0800869225177632 0.030883856165394
-0.00195951818002655 0.0371699069132518 0.168259556181888 -0.667762319329093
0.0317358418530083 0.00778483535173868 -0.671184525070031 -0.679339554742661
0.0103460489170946 -0.0151635242347258 -0.788124434391477 0.327453604787357
-0.0164378164686284 0.0171831450465103 0.0746416177000663 0.625188701739751
0.00478981916675812 0.028288662177271 0.41045461546606 0.164698972372441
0.00119057640813955 0.0125470697182653 0.187032729965034 -0.108959403140566
-0.00311922601547587 0.022372872023483 -0.121668796535114 -0.154019987217641
0.00542614640362888 0.0141258211516901 0.0888320683910085 0.145510249059005
-0.0123284237763176 0.0275507648704218 -0.152521014533727 0.0714692011385775
-0.0172257885500182 0.0019746281714267 -0.393467472666665 -0.185399252825235
-0.0160900409977765 -0.0375816655211545 0.00170315441121783 -0.569410101351935
0.0445913642130445 -0.0508497581951506 0.710976793333417 -0.280230237983127
0.0535236550050019 0.0504465514987357 0.602932892309292 0.594920664950962
-0.0395337418635996 0.0680549849143889 -0.130245869225554 0.605480015592976
-0.0691806648744033 0.0449771183999625 0.0665209842411036 0.0523080743117251
-0.00929820644732707 0.0574263677649272 0.203385399808948 -0.646041930488505
0.0452955879242059 0.0255141605276617 -0.615047526199133 -0.740901395138758
0.0280835203477165 -0.0158076821890052 -0.826789386487261 0.256592728617434
-0.020591361936446 0.00721844805571687 0.0188588886188431 0.635941757534368
-0.00771013081110276 0.02451993074499 0.404033181846277 0.198929984812047
-0.00789175945047739 0.0170212142671554 0.200784441215606 -0.0947851007631951
-0.00807258937148785 0.0313500082643034 -0.118505099521152 -0.150601680400325
0.013807389284213 -0.0160798457027547 0.0782127800793056 0.138112598331817
-0.0110930960639442 -0.0014255945712577 -0.147368205811248 0.0179577005384248
-0.00963223981256788 -0.00901551696696895 -0.328072592591908 -0.268972985618873
-0.0211670871665086 -0.0192548467239606 0.132083674197778 -0.521703128658865
-0.025234987160528 -0.0322115564120477 0.741291109252606 -0.0713219242863082
-0.030889260789797 -0.0216202512406458 0.445314212564535 0.760273605985657
-0.00296624709371105 -0.0678306973310239 -0.299364454560668 0.604910742289102
0.033593874402553 -0.0771277870463038 0.0135354119772642 0.0962087045910652
0.0197295197767628 -0.0637062130129647 0.308525589166625 -0.540114019636258
-0.0340105524943804 -0.0288909506789662 -0.443407783453127 -0.785304559471397
-0.0426102103367465 -0.00282918018871025 -0.845702131966951 0.140376268837468
-0.0354260304846174 0.0182386307127939 -0.0894421873316265 0.662181507987657
-0.00449711374242456 0.0188741498421056 0.373867721024811 0.277412932535624
0.00266899382193459 -0.0160640629931654 0.234854078721006 -0.0634449414637065
0.00467941047046911 -0.010914454070556 -0.0658169736057958 -0.200087062109516
0.0160789468744352 -0.0160267144536523 0.0764958936496244 0.13446529846467
-0.00612239714753849 0.00251034416811632 -0.156717269483319 0.0100420193814998
-0.00227693346122318 -0.00152522302088492 -0.315497530265886 -0.284117770886588
-0.0198261195682037 -0.0142613037190037 0.167649693205034 -0.512347909022798
-0.0265513632673941 -0.0362676764765138 0.760642231547254 -0.0051966074065891
-0.0289212492312784 -0.0282837066081401 0.382859715707587 0.798040852432979
0.00192851087740455 -0.0672475784385111 -0.325319680247394 0.577639727133102
0.0326827643588081 -0.074825489314659 0.0365708051946279 0.0741334806916757
0.0177511235386584 -0.0633429907349551 0.284799480033446 -0.573565431515792
-0.0352508097377896 -0.0332908816599773 -0.505940526081909 -0.749815194085332
-0.0457389870036416 -0.00304623717975464 -0.82670944204274 0.203681784199562
-0.028465575703202 0.0237595368935641 -0.0447127343354801 0.66226853293735
0.00477869547509891 0.0238627212786917 0.383539650688416 0.249803343172402
0.0105276242972114 -0.0149636444268305 0.222991893865716 -0.0784575685602718
0.00833998633713566 -0.0120582755726941 -0.07079208972059 -0.202502339374534
0.0168238372472215 -0.0150074043499208 0.0737290550960635 0.135101217142913
-0.00232878952029171 0.00786181878750614 -0.165746055620357 0.00325687311859236
0.00229939622163295 0.00556788098023073 -0.305563447942151 -0.303318208999956
-0.0171798379333252 -0.0103706116888864 0.201734494355224 -0.511096615405346
-0.0217903507762978 -0.0380505582876936 0.764920243499811 0.0374973223859875
-0.0242878288586054 -0.0265559904860677 0.336728461780631 0.818463155988905
-4.32896350634239E-05 -0.0566501530358474 -0.340378578277172 0.552053375995147
0.0238694519231228 -0.0646214985678484 0.0566399016093412 0.0552458411837942
0.0139887065460283 -0.0544174115484044 0.265742203365986 -0.598964675225302
-0.0315284849558398 -0.0311980935356479 -0.548518745938808 -0.724394633700827
-0.0421048120476201 -0.0032012009850982 -0.81000626478284 0.245172158340085
-0.0213812845443731 0.0280539047217888 -0.00970318721616184 0.652304222264942
0.0127548622314192 0.0278257576785625 0.389596334777863 0.2265363383746
0.0155394623949922 -0.0117795983613658 0.212582588973603 -0.0900640504706927
0.0100018191865112 -0.0101442705915973 -0.0765072763723733 -0.202204730451673
0.0158686745573417 -0.0107208685840848 0.0683371246982357 0.137754039053624
9.73307020963785E-05 0.01293192648977 -0.173924780837657 -0.000820053046708712
0.0049214176547352 0.00889001733328584 -0.303753139858753 -0.312616932719671
-0.0125799021497734 -0.0106507973494951 0.220794297442942 -0.512523383079046
-0.0115601496740588 -0.0383475199112249 0.765041040950023 0.0530086548986759
-0.0158028289392433 -0.0165273514692897 0.314799927571656 0.822800272500591
-0.00809514185911547 -0.0381942906268042 -0.344750494819565 0.534429391512079
0.00731646825308594 -0.0482662782375828 0.0714969096751087 0.0402383067928673
0.0102937210728767 -0.0374353935493598 0.257695023547503 -0.620256789538138
-0.0196851697516848 -0.0260902234731203 -0.571340143386722 -0.716736231059759
-0.0325177950429649 -0.00611199496300062 -0.801008209522191 0.261522419553974
-0.0150761325603586 0.0277400080895409 0.00694985452731992 0.640911780857312
0.0155272326133678 0.0305503758344107 0.390469329730936 0.214014111731672
0.0155396417659039 -0.00676823148495198 0.205039970343797 -0.0937109174448771
0.00821206026196156 -0.00377663372654564 -0.0795165835255699 -0.199042353722164
0.0130800752213535 -0.00499660694726961 0.0652453356072537 0.142208049977451
9.78429180935989E-05 0.0172867571045804 -0.176862437732195 0.00217274614692521
0.00497175143291949 0.009678834352436 -0.304928194916489 -0.316773849538521
-0.00774526400788289 -0.013426326039359 0.218883018963978 -0.522031047045259
0.00353850821337171 -0.0367356539181507 0.767358044326787 0.0413107627272989
-0.00498186480605224 -0.00036885058671471 0.315177850794352 0.817808187655511
-0.0203275705241474 -0.0137343520036765 -0.336950044742717 0.524951969114627
-0.0140345264550507 -0.0271076268957609 0.0805258074397076 0.0342338312064521
0.00582804591451258 -0.0140378104343514 0.261412481343562 -0.629668450814565
-0.00440658245711189 -0.0154442776531526 -0.572180796114469 -0.728150931703851
-0.0191252896970864 -0.00764555859143341 -0.802018417325427 0.247632388900221
-0.0117376609175603 0.0265989319574657 0.00282520240498233 0.635441270808562
0.0148846194979849 0.0318247689354641 0.388722814165544 0.213267372579107
0.0126496342950803 -0.000174671061827777 0.201734889160387 -0.0916094571968095
0.00531844611761088 0.00357933387892539 -0.0847445588728236 -0.194412085888295
0.00879773635217462 0.00180922545625287 0.0607087191156023 0.148517063668155
-0.00339421022287611 0.0203807895870602 -0.178589165110683 0.0108365295197369
0.00283970684218285 0.0070445347174164 -0.313540623525436 -0.306049211549918
-0.00377554817310342 -0.0187477314919534 0.203753805794406 -0.533370149790635
0.0196229120233782 -0.03426122501412 0.767261628183519 0.00382270627276546
0.00841782626849009 0.0215286652288811 0.34716619728397 0.793604117592447
-0.0328831935527831 0.0124844026404164 -0.320843132436475 0.529462562377019
-0.0385453452849389 -0.00447705624942455 0.0801793484084922 0.0362333169749537
-0.0015844147940038 0.0119904195724618 0.277418155806658 -0.627728894632532
0.0126260616330453 -0.000720120540842393 -0.548781189963818 -0.761859208346443
-0.00349578180175474 -0.0104977266423914 -0.819002127560296 0.210563428406936
-0.012297148326287 0.0212247755391193 -0.0222347872824654 0.631938808947927
0.00876235356881253 0.0313785693724909 0.381776718487236 0.22809806971029
0.00624142584314996 0.00711278035635685 0.204437730115325 -0.0814881931556076
-1.60765495408246E-05 0.0137320212397212 -0.086144511205427 -0.189770640818872
0.00467848116084387 0.00863048550925503 0.0584015035250865 0.154201094208046
-0.00897840011637213 0.0207377326856911 -0.174881591196343 0.0220098843637778
-0.00345143554952918 0.00196944703679243 -0.328808177224227 -0.288033152083102
-0.00088982567498912 -0.0249697620152425 0.167291237207532 -0.548324106539989
0.0356203604306911 -0.0326717738364876 0.762210232377913 -0.0578184063137701
0.0224996757848456 0.0407929178511361 0.399729283419676 0.75908440068506
-0.0443010957376617 0.0382491237596908 -0.295120585073265 0.54456762585478
-0.0602972285140737 0.0163320396610044 0.0706578562841778 0.0467099019648459
-0.0115167747461144 0.0362552081210406 0.305711250958607 -0.612358835720942
0.028012358953027 0.0171382963353178 -0.501755036806539 -0.8025403490952
0.0149747747877139 -0.0126706753278846 -0.838612409489138 0.14880952557656
-0.0135056321930921 0.0138073855870046 -0.066507052725362 0.629698173730698
9.00366086475351E-05 0.0276003378224496 0.371945864954839 0.251539536601913
-0.00190002570057215 0.0112759505286652 0.211487212488321 -0.0685559761643241
-0.00725089145935313 0.0229904904987868 -0.0856698717360399 -0.183489247546898
0.000223058646216372 0.0148520222003656 0.0586286399726722 0.160565562678547
-0.0160010868935773 0.0216671927356403 -0.166315486181801 0.0375450641693262
-0.011807082850733 -0.00370866237432751 -0.343626186747452 -0.259771601046819
-0.00319526757478734 -0.0316383632952421 0.117405133456587 -0.555479465642381
0.0454036484574748 -0.0324772695064088 0.748930474424393 -0.1293180898278
0.0372867315149219 0.0551425224588784 0.463508040637811 0.712065462683413
-0.0499473148619026 0.0594861777155979 -0.265007601441595 0.566370059124687
-0.0777253822382004 0.0294287840387718 0.0536087781851064 0.0652767138487509
-0.0226805094871064 0.0545138562991151 0.334761506007868 -0.585141642997131
0.0371252077873254 0.0369054369954221 -0.4333791985445 -0.850367611876648
0.0316825397240932 -0.00857725325077218 -0.857840363708357 0.0746797048702198
-0.0164660700135537 0.00507287600227234 -0.120504528225151 0.627407604614429
-0.0098625807662204 0.0220009215895019 0.359318117706499 0.282249991930644
-0.0122051183199817 0.0136422129147486 0.222808894249903 -0.0514132473824587
-0.0146184884921284 0.0306542125470442 -0.0840331363145959 -0.178592329121366
0.0135831627798456 -0.0163306119614265 0.0793391266477765 0.136847049511909
-0.0114895092445564 -0.00181820689762389 -0.148050646447802 0.0189217962781242
-0.00905048068639971 -0.00839573969345352 -0.329370990941598 -0.264234142628752
-0.021230614280921 -0.0187913528448123 0.128215504468402 -0.519107750731025
-0.0252592591695807 -0.0318849534170546 0.737606321380066 -0.0735714315447718
-0.0307477901548508 -0.0206626068285512 0.447751607130566 0.755901015955536
-0.00401017575921035 -0.068209554068513 -0.295070722143958 0.604343432034813
0.0326662513300895 -0.0765490997310681 0.0147050275894028 0.0958350718857092
0.0185925810362924 -0.0644573591102875 0.303706471320137 -0.538283697036097
-0.0340513439765946 -0.030407164740916 -0.446993889669013 -0.780175685726992
-0.0417741307362132 -0.00230095948872294 -0.84213673719746 0.146458575883105
-0.0347533162377351 0.0177154851175834 -0.0846488437806721 0.658391030433267
-0.00496580645910625 0.0184769420625501 0.374674490562375 0.275011737253724
0.00241907234263375 -0.016638319232919 0.233853199717963 -0.0652100123179352
0.00495766894130649 -0.0104397774435229 -0.0673640236362099 -0.198769568361439
0.0162454493867726 -0.0171581135908728 0.0780367640373078 0.132360401539381
-0.00556301682984707 0.002829888623127 -0.15598562580638 0.0102801309859163
-0.00177943753119604 -0.000890959957680015 -0.315495739605869 -0.280958154744832
-0.0196878253120104 -0.0136581062529598 0.16486616396014 -0.511155156333411
-0.0261135232763506 -0.0363906861044584 0.758304021386739 -0.0101360470046215
-0.0295393741550617 -0.0278436191279971 0.387868851717069 0.792448550224504
0.000722258645192098 -0.0674082098728256 -0.320494992023786 0.575923270840609
0.0323650731981121 -0.0739488532874046 0.0372751589355226 0.0734603947142127
0.0168770410335098 -0.0637446434079189 0.279776839688603 -0.573149296020808
-0.0358718151978352 -0.0320606981371264 -0.510370553012692 -0.744223391298605
-0.0451221968472216 -0.00207666923805588 -0.824559333410326 0.207134310131332
-0.0278988002872077 0.0245795362880143 -0.0406725355527091 0.659887373216333
0.00509240129975076 0.0229597491047803 0.384560689747427 0.247718362052723
0.0102382282243886 -0.0151838469890465 0.224163040923829 -0.0817068541337619
0.0087018729386915 -0.0116561109453089 -0.0721602124605499 -0.201382866081554
0.0168129614329212 -0.0147339541810833 0.0743806802022497 0.134478183874463
-0.00170715764022955 0.0088347733511506 -0.165854242959962 0.00229287521372056
0.00279805716026202 0.00487939792791484 -0.306982957594142 -0.299617377712113
-0.0169612417338812 -0.0108361824283729 0.197795056154791 -0.510340214004764
-0.0217092388632385 -0.0392568351230372 0.760231738177345 0.0326809644560606
-0.0239467819745334 -0.026039835650458 0.340889658751807 0.812972834015937
-7.91635052702286E-05 -0.0565261166270272 -0.337516884160201 0.552273697231413
0.0229099952490693 -0.0638865283022357 0.0566476282272219 0.0540850413448233
0.0130035334597333 -0.0550403560859879 0.261558297095182 -0.598695842887908
-0.0317985775500446 -0.0314761315706127 -0.550168337188646 -0.718457667042261
-0.041239546281755 -0.00296427496120475 -0.806071804882093 0.250703273132573
-0.0204778872297704 0.0281294475822956 -0.00508128813534971 0.649199583161439
0.0126416407341097 0.0271982602585791 0.389691895763628 0.223856084177388
0.0141728868020643 -0.0108232849450531 0.211507637775271 -0.0911142605208295
0.00914481630258516 -0.0101895760099696 -0.0771269651204434 -0.201767041139811
0.0154009608921543 -0.0101866538712557 0.0702369601591658 0.136620258739009
0.000284775486326577 0.0131815943168061 -0.173721628622339 0.000992081941073018
0.00501990931776017 0.00884742664858076 -0.304845924209753 -0.309276272074891
-0.0130801174027353 -0.0107461805321282 0.216538387610115 -0.512548411461015
-0.0119971526512972 -0.0391060596234953 0.764131840139203 0.0485556609041967
-0.014696034825253 -0.015426957396185 0.31553509905875 0.818122034082487
-0.00759285649017644 -0.0373374459093998 -0.340026778228986 0.535133033334281
0.00637204719115346 -0.0476234729439188 0.0713855320834298 0.0407210945542777
0.00962122501462092 -0.0370515893230447 0.2537878285139 -0.618500500641198
-0.0207206050383685 -0.0261660426385282 -0.574270197570618 -0.711118490332543
-0.032545363500451 -0.00483487542900317 -0.796307363280595 0.266148245056066
-0.0148381011455597 0.0285434127832918 0.0101460615887849 0.639229838240571
0.0161793946450865 0.0300904741706212 0.39111757460749 0.210869390971071
0.0145209983166439 -0.00691435801494907 0.205277090397555 -0.0950140870458117
0.00841796636199767 -0.00382710386807046 -0.0814432640427654 -0.198828384258589
0.0129668816383834 -0.0044151493997645 0.0658528067876563 0.141564875890112
-0.00031549774534733 0.0178903288746714 -0.177429671118852 0.00302240801859716
0.00577968781668146 0.0101825897246656 -0.306385751412176 -0.311274909043189
-0.00843068907426012 -0.0127054191662619 0.218487628194585 -0.521774755676861
0.00278255592700719 -0.0379213943084264 0.765083718963317 0.0369508730358564
-0.00424329544746477 0.000683334891125747 0.318709279486366 0.81110736653603
-0.0213368126036079 -0.0130159113981032 -0.332540662064496 0.525714313102835
-0.015257432815284 -0.0274392060616087 0.0802479193835069 0.0335617067291841
0.00427477860618703 -0.0140303246456826 0.257732329802412 -0.629980480059148
-0.00520119160220173 -0.0155845077417937 -0.576548926264489 -0.723425378741588
-0.0192829294056561 -0.00819823608734854 -0.799164867825966 0.255590818368646
-0.0119769982297396 0.0265756531902739 0.00827846671700931 0.632058415590429
0.0148240263654622 0.0316790889581487 0.387828509718081 0.21040643461772
0.0126993418899426 0.000996498661169099 0.202260333162553 -0.0929034879477623
0.0055152847555888 0.00490767603298571 -0.0855449691553284 -0.193299083964899
0.00857893461943085 0.00136319397537707 0.0611586960289504 0.146682829928026
-0.00242960333464686 0.0198786967059878 -0.179066110486508 0.0103217461732749
0.00315495000988999 0.00759161045424253 -0.315953214176735 -0.303244316106426
-0.00346671175806429 -0.0168490707392721 0.197422553794821 -0.532924090095873
0.0189680672963361 -0.0343616998893251 0.76490765604275 -0.00203619057385369
0.00980080481133372 0.0217321607129715 0.349185848864796 0.788537411939048
-0.0347384608029663 0.0131109575379834 -0.315419894114401 0.529909957688728
-0.0386079342357125 -0.00405574781631134 0.0795783940767914 0.0352259793674941
-0.0016853803639532 0.0118263239228926 0.274237043376765 -0.629450829335119
0.0131216819217599 -0.0013747057108274 -0.551886269757349 -0.754131408641302
-0.00235376822623796 -0.0112574734125194 -0.815020675631937 0.215412369553695
-0.0122568564190907 0.0220734582724015 -0.0173270456365548 0.629334745621587
0.00885980802305284 0.0311233129506531 0.382022684986358 0.224390803299906
0.00596861398082854 0.00657803541246954 0.204240727800742 -0.0834603530466522
-0.000297872973634921 0.0140090319685336 -0.0864177934114135 -0.187350162768763
0.00407389955965671 0.00927219882202236 0.0597786407060059 0.153991001688036
-0.00863923071742321 0.0216251287565019 -0.174826492629857 0.0231304346526737
-0.00277354970571116 0.00160195574788344 -0.329893457991891 -0.283077951331898
-0.00162041889548462 -0.0243593499807474 0.162364674551348 -0.547566853082565
0.0338224358938803 -0.0329808915746577 0.759662801822411 -0.0622673375728252
0.0229780122096607 0.0406561669615035 0.402049441538957 0.752732791610395
-0.044705308242924 0.0394418247096687 -0.291459292387487 0.544059357408023
-0.0608512902181426 0.0155653550412576 0.0710842834630038 0.0466605442366302
-0.0110934762129291 0.0369233129680522 0.300307165746393 -0.613796566779875
0.0268850386943127 0.0169139611127913 -0.50319851034298 -0.795664286031626
0.0143522682694756 -0.0118366600673991 -0.835334738765345 0.1537461179543
-0.0140235250406309 0.0139399905017336 -0.0633986869713737 0.628672505675845
0.000210787068693218 0.0280927640092838 0.373311036612654 0.248531135826274
-0.00264332769769186 0.0116615313320352 0.21136578694178 -0.0698020293600011
-0.00654583096439102 0.0231619103743307 -0.0881970524900682 -0.182018405197694
0.000237016249930435 0.0149021766112403 0.0593351549030924 0.160047266271056
-0.0155763489879648 0.0225055708231249 -0.165455534867959 0.0390290359292088
-0.0115176221019484 -0.00350693646316987 -0.344266298256491 -0.257090795559545
-0.00347742789902893 -0.030795529449926 0.115074452493453 -0.555350195166714
0.0449872428670494 -0.0330491141733117 0.745055130660616 -0.133633308140675
0.0374803180806299 0.0554224903918438 0.46582133829929 0.707948075220722
-0.0503048240384131 0.0586422817816328 -0.260626017199228 0.565787716119913
-0.0783091129804331 0.0300872602385462 0.0535741099355755 0.0640493774946453
-0.0229851686175589 0.055205082828328 0.33225306272935 -0.583405972260029
0.0367119624364635 0.0361655338989102 -0.437885516350825 -0.844785345241895
0.0318294828834401 -0.00875620296660005 -0.855012475693849 0.079075930575386
-0.0157339813555198 0.00448552475549099 -0.117526165988783 0.625203526394333
-0.0108194788741569 0.022084170120441 0.360665043685446 0.278341799293735
-0.0125378778196518 0.0139983543030427 0.221888284739416 -0.0536692534778773
-0.0147540197110591 0.0306655503781723 -0.0847341418843874 -0.17691533695484
0.0132672528783974 -0.0164614953596604 0.080326006451573 0.136423075641289
-0.0106148638942686 -0.00107192834216955 -0.148674379641225 0.0205015073805851
-0.00955210287843511 -0.0083918232512677 -0.329536611871065 -0.261111337174585
-0.0220347696015907 -0.018845905006106 0.123295848317355 -0.517541109922256
-0.0256657704713394 -0.0324115415937907 0.736507117507651 -0.0789765104065939
-0.0295424412249736 -0.0199991430660711 0.449358693462822 0.747933366904213
-0.004828916194364 -0.0664854418977753 -0.29160567145417 0.603801363705212
0.0305025957356777 -0.0768246622394309 0.0145702446661435 0.0940453947934632
0.0176757648435415 -0.0646949022808457 0.299766445338098 -0.538055016497822
-0.0347237713985367 -0.0297157098291188 -0.451012693796334 -0.774255010643071
-0.0417132798778626 -0.00163711734371244 -0.839303517560965 0.150307459603839
-0.0344825388801807 0.0192084725904095 -0.0794115214534819 0.65914061812459
-0.00475229086535451 0.0182556652780146 0.375089275028184 0.271395009040967
0.00133589073702504 -0.0154548878519734 0.233121037023821 -0.0674011011963279
0.00445635837889381 -0.0102485534527632 -0.0687107909277786 -0.197783781534355
0.014927570878845 -0.0174106618423453 0.077980136165917 0.132044444197259
-0.00528158511949082 0.00445945426494027 -0.157508050959885 0.01074399589712
-0.00228468197248028 -0.00101470305054824 -0.316473609359569 -0.27730109453893
-0.0202506479126949 -0.0136420053289633 0.160134039568351 -0.510602192739016
-0.026399549929393 -0.0360513369425656 0.755006516559121 -0.0145242434436511
-0.0296829200761327 -0.0277924396543602 0.389339419338803 0.787157737861355
2.47378885811014E-06 -0.067102532183171 -0.31552588146252 0.575786299874423
0.0303810391213017 -0.0745538056522031 0.0367660272300545 0.0731330836030757
0.0159579076987149 -0.0644327472770251 0.274669349359585 -0.572374368573023
-0.0360433957742586 -0.0325428528620467 -0.511454144033008 -0.738363361907212
-0.0447379293091456 -0.00209213099858358 -0.818874227000694 0.210806819564138
-0.0280484175396388 0.0244657311905044 -0.0367910241905092 0.657329706302926
0.00582238417919038 0.0228392341291716 0.385234015106666 0.243635056492722
0.00958489847049503 -0.0144864401688672 0.223293590878365 -0.0830503989868687
0.00848845827872938 -0.0113805675007358 -0.0738767405079655 -0.200457481470815
0.0159467572125386 -0.0146105005353869 0.0751031079140129 0.133200219008232
1.46067927873717E-05 0.00868463194964983 -0.166825032932516 0.00405684079462424
0.00244448326626004 0.00540115809124964 -0.308691527222044 -0.295229801242464
-0.0167560996638178 -0.0105867362991775 0.194081405408049 -0.50923563169899
-0.0216122792326217 -0.0380036514701982 0.760705837712548 0.0282941919566303
-0.0233797573410569 -0.0255711372779536 0.342285656048646 0.808564030539648
-0.000970721729671362 -0.057051415916577 -0.332273819704986 0.552468543183724
0.0220501879780546 -0.0644359244921688 0.0562862384860675 0.0534446672558619
0.0130056462193647 -0.054013374035946 0.256878421357308 -0.598432983316524
-0.0319014902575596 -0.0318490009158726 -0.55613814926146 -0.711654540059403
-0.0415174533817095 -0.00256382388779205 -0.804627541311219 0.253799346827852
-0.0206731995630147 0.02809654701055 -0.000641890370721665 0.647203566934695
0.0126559300761442 0.0263435881241756 0.39170102990347 0.219543647662702
0.0137432896746535 -0.0117025019617609 0.21257203368652 -0.0922999199592903
0.00925947088041414 -0.00900769458948989 -0.0781088996759713 -0.199621466255734
0.0154264611507212 -0.010720010166048 0.0709905918347715 0.134834735960752
0.000417228307420065 0.0141319941208538 -0.175085222370966 0.0015009853701583
0.00486115762067372 0.00931683161780678 -0.305507603092491 -0.305377931222992
-0.0134533288990692 -0.0103992603282802 0.212524055937299 -0.510668941922551
-0.0121324368492772 -0.038673438856265 0.7606348610286 0.0440938722959095
-0.0144314672600646 -0.0155065958093197 0.319097148145835 0.812569735720033
-0.00860855899296251 -0.0373890261374326 -0.335931721030857 0.532778541714604
0.0059904007117525 -0.0472886682739303 0.0715058409346095 0.0401917844388281
0.00964854486059912 -0.0371219877020788 0.249199725705116 -0.617416567212499
-0.0206426219068212 -0.025821325809259 -0.576632520147043 -0.704053532981685
-0.0317228993054079 -0.00467367517034474 -0.792265470113204 0.27100252185109
-0.014666175295114 0.0283483307286428 0.0142545183934703 0.638099815051093
0.0159885918865509 0.0291307200783502 0.390572430041099 0.206684666935532
0.0147476764488049 -0.00607814042130915 0.2038608812832 -0.0961614589951928
0.0084575996467654 -0.00264133027387941 -0.0825498461135274 -0.197406051066111
0.0133858488529113 -0.0044783580033749 0.0661090615062928 0.140087707631333
-0.000111082008453069 0.0178604910395671 -0.178510579718136 0.00481376533990117
0.00584340452681099 0.0100994411398573 -0.307600945562121 -0.30871154282563
-0.00911404045214876 -0.0122395440198906 0.212950307654435 -0.519898485705977
0.00301615190433761 -0.0369403111715672 0.76306878758019 0.0329862118474073
-0.00352344675360797 0.00168759986899375 0.320945158887384 0.806187373765395
-0.0213185884395016 -0.0128050717842615 -0.330555083413452 0.524081586219278
-0.0154505590213323 -0.0262939270659805 0.0802008025786829 0.0327539077883053
0.00583614044990604 -0.0137688509836142 0.25312038464142 -0.630037570187328
-0.00482341663120377 -0.0154660967540585 -0.577771968103419 -0.717270557790378
-0.0193869933805822 -0.00743175819206003 -0.793767458901601 0.257037070374504
-0.0122387946289134 0.0270294507254265 0.0116965572201321 0.63182980860175
0.0150423182416431 0.031377026550218 0.388193306241127 0.207241538991154
0.011339287509571 9.26100789187551E-05 0.201442178371873 -0.0934897899737879
0.00605842675417645 0.00534179149983032 -0.0858664050089057 -0.192091386924876
0.00868094283586746 0.00198030871132739 0.0623426723202043 0.146077547306935
-0.00264483390649539 0.0211771334716173 -0.178599299727305 0.0121315538065742
0.00315644476781974 0.00726870544727366 -0.315836349977232 -0.299414274615357
-0.0045205645809523 -0.0171220616353992 0.19569544698446 -0.530700105491852
0.0195001780016781 -0.0352659334074539 0.762220865419837 -0.00517024175086716
0.00962002365485894 0.0205530283467841 0.353586825942227 0.782810233710184
-0.0340231402041939 0.0133949040082538 -0.313194327350316 0.527712240819844
-0.0386574305500089 -0.00501339050974014 0.0795882739583193 0.0345070272302891
-0.00109580885138819 0.0112712904082867 0.269219598023215 -0.627205214525531
0.0128143725888348 -0.00249953183771193 -0.554110057509961 -0.74879349913954
-0.00281468352299314 -0.0100764057121522 -0.809817166767075 0.217694688256669
-0.0108803497056715 0.0222506918615358 -0.0137673288481271 0.627540662809834
0.00889314257327441 0.030593411210534 0.382767535041334 0.220708873319957
0.00560392212765257 0.00702560782499936 0.203777545175677 -0.0851693688392903
-0.000226229144591595 0.0153430888180483 -0.0880872203120757 -0.186823396537697
0.00403507583926365 0.00902796329627479 0.0606498121004742 0.152443338950473
-0.00818920189650812 0.0224755142082313 -0.174585372351754 0.0239475386495967
-0.00266912576577086 0.00300735040054967 -0.330069402971219 -0.280480396683657
-0.00150319865085694 -0.0241229654624437 0.158279858980474 -0.545463716871352
0.0339192482696335 -0.0340153829231739 0.754939120728103 -0.0674979825461014
0.0239600464471703 0.0414654881084426 0.405707099627591 0.74846245592722
-0.044965333803753 0.0392172761662028 -0.289709221024417 0.544596118910519
-0.0613385247591938 0.0168448537662616 0.0705706575182236 0.0460693820161765
-0.0109862971886518 0.0355324018954845 0.297023197120065 -0.611844455033099
0.0272679715067386 0.016676182472662 -0.506224367026271 -0.792988648447942
0.0151061122002771 -0.0111818837032229 -0.832111176852807 0.157998282439343
-0.0135783079945513 0.0138336918510729 -0.0573837097264903 0.628177947628074
0.000254796440082855 0.0277501544805617 0.37490278479029 0.244757826775433
-0.00238833776807587 0.0134355465635957 0.210799702595187 -0.0716382909288436
-0.00716720916768453 0.0239639830182205 -0.0878652525581061 -0.180675408221064
8.30036167212547E-05 0.0154586389860844 0.0604225707526431 0.159773353212192
-0.014873135965764 0.02313837553167 -0.16687011335404 0.0395732100136885
-0.0108480978861355 -0.00259008646661785 -0.344210563961322 -0.25378368505757
-0.00363335855538325 -0.0303682518895658 0.110977367057373 -0.552725900844467
0.0452068028174471 -0.0330868599305788 0.74351779181057 -0.137592275462387
0.0384383972337389 0.0548042567073843 0.468231213060254 0.702516965763213
-0.0491497223759885 0.0595939917883011 -0.256386972993994 0.565960554819639
-0.0788343893358478 0.0302621262716541 0.0538419254488852 0.0630462171564493
-0.0223521332758092 0.0549711016398042 0.326787302415159 -0.584137465306928
0.036542984897515 0.0359124874644673 -0.442572868112444 -0.838682087747264
0.0319129941010458 -0.00876113195499734 -0.850942723252954 0.0840321310837372
-0.0160747711728728 0.00505974705718076 -0.113174664607663 0.624177433789396
-0.0104340189351227 0.021503676199577 0.361083589169886 0.275534441890784
-0.0132506276273673 0.014296483381026 0.221454273654032 -0.0541372216406242
-0.0137705380425588 0.0312237780787607 -0.0863744834357183 -0.176146065766778
0.01200572589533 -0.0160264637918364 0.0806039436123174 0.135162943658604
-0.0101893745922615 0.000181012167214187 -0.149204414335295 0.0199740857576921
-0.0105148983462239 -0.00779596121829706 -0.331022115945997 -0.257516443786759
-0.0221162257968016 -0.0176240885678457 0.120279078217124 -0.517721207682377
-0.0258688155269046 -0.0318004020630588 0.732271017916028 -0.0819616659413694
-0.0302021954063315 -0.0196404142961754 0.452006018506026 0.744034993154619
-0.00569063787373034 -0.0675494577371814 -0.288894976569588 0.600668949989835
0.030488307219202 -0.0759914746694269 0.0146119403861295 0.0938660103107881
0.017122715300154 -0.0643158717769863 0.295563599124812 -0.537416782490392
-0.0347429881079321 -0.0291864009014536 -0.453359705192961 -0.769650330607612
-0.0417782547472127 -0.00137962541173503 -0.836459154084383 0.153579369800445
-0.0345018649485826 0.0188971618068966 -0.0761998113828266 0.655782257361228
-0.00478230181108527 0.017754960592621 0.374733556791681 0.266802373517227
0.000856275886715815 -0.0145964725815889 0.233428177236183 -0.0692130470383575
0.00525717877075947 -0.00874464815518284 -0.0697979923973658 -0.196946831604634
0.0143370289047704 -0.0164128725958676 0.0798474495645768 0.130673442771896
-0.00529179601107692 0.00415088914361875 -0.15827015596722 0.0117956238089318
-0.00338146699915943 -0.000159458985937455 -0.319307346586061 -0.273725413987301
-0.020502657387162 -0.0123188362349535 0.156882754238377 -0.50676406729332
-0.0273838657990202 -0.0366458471328181 0.751573082425828 -0.0168725968038794
-0.0287468640568089 -0.0266143352155355 0.392500847660552 0.77958901650183
-0.00072674687011089 -0.0663684406381405 -0.312768123902962 0.575506700698983
0.0295858887931646 -0.0739452514833458 0.0362277541978918 0.0718603381828487
0.0153391060481791 -0.0638606918076607 0.271005260432323 -0.571408371634659
-0.0362708797053289 -0.0321249866748455 -0.512976997463928 -0.73290070533075
-0.0444511399369277 -0.00143568899769211 -0.815542650264109 0.215665845052133
-0.0278822758675472 0.0243231528745037 -0.034183032860247 0.654653421641443
0.00518745836935566 0.0228445721130977 0.384763594007172 0.240382372234344
0.00828868632043262 -0.0141078777762856 0.221799265599259 -0.0836889917861605
0.00864494141919899 -0.0101666108457719 -0.0741097891024258 -0.198672855291899
0.0158847166248285 -0.0143163585165534 0.0757435991707838 0.132066719450567
-0.000824640167011484 0.00820404979866498 -0.166922581735183 0.0051237782795866
0.00254896258362414 0.00566044996468826 -0.309683928043735 -0.292869456102215
-0.0182038827458537 -0.00995359182439414 0.190056338175022 -0.507587805144801
-0.0222416976017112 -0.0386038331692687 0.755727623753177 0.0253300828405008
-0.0236867468207133 -0.0246863059650943 0.345392221025186 0.801607500855735
-0.00229847653948139 -0.0557752447979957 -0.329026871993173 0.549496269560087
0.0211322576938559 -0.063342174837143 0.0559666002921146 0.0542556440808807
0.0119920314610914 -0.0552241935457192 0.253986328854242 -0.596308560323025
-0.0316680352330091 -0.0311703243500158 -0.556644202377712 -0.706707148743008
-0.0409457569592705 -0.00198416975305092 -0.798765916054575 0.255342158953151
-0.0205644945762109 0.0282900558006635 0.00369721017563338 0.644878150107277
0.0133669323275835 0.0265945591424492 0.390715609174302 0.215679855611417
0.0125787620891059 -0.0107120584511139 0.211393729207473 -0.0940560591488917
0.00997767630528118 -0.00753938464558243 -0.0799524142628954 -0.198729029978404
0.0144327952882981 -0.0104022602461346 0.0719383316644838 0.134165306534952
0.00057688308526887 0.0141437936827172 -0.174555076798126 0.00322136914252677
0.00559155857899087 0.0100696667149225 -0.306593152030335 -0.301424585002315
-0.0136252493060729 -0.00979519928985478 0.209437189424193 -0.510821763349611
-0.0118875061959802 -0.0385772903331045 0.757963520372124 0.0395421251975399
-0.0145984533472549 -0.0148039516937732 0.321503052913695 0.809536073863544
-0.00990691061432773 -0.0368126283554182 -0.332875429500386 0.532547046404817
0.00567406017162922 -0.0472494320860171 0.0711552074851152 0.0393203158001362
0.00864742611469416 -0.0384044362313918 0.243840503944599 -0.617746521553744
-0.0196430474744692 -0.0255406228379984 -0.579421273082895 -0.698556504197263
-0.0320558453411602 -0.00380315558496058 -0.788462674556017 0.273453738835529
-0.0142226996060614 0.0297704781082441 0.0187932057149171 0.634964337274487
0.0164001116499915 0.0297472035164471 0.392164959003659 0.203383583381558
0.0135099344034336 -0.0053177419008499 0.20366980923938 -0.0968332475189716
0.00895723918243171 -0.00304331327377574 -0.0839237296352602 -0.19518121623275
0.0116569992927469 -0.00446682263409863 0.0675133153519064 0.138817596680719
0.000862478588362047 0.0184778974332918 -0.178300178755805 0.00588936633329052
0.00599705295203238 0.0105453625765197 -0.308339581172387 -0.303667165143847
-0.00809134348146225 -0.0117876410014113 0.20865913675233 -0.519161684298179
0.00219655562639495 -0.0376289828807181 0.760456192816161 0.0288115291480152
-0.00293533881009454 0.00184725677498023 0.323655709639423 0.802979248339561
-0.0218623746266268 -0.0123221489505207 -0.326058966264711 0.524939789669577
-0.0165633718420933 -0.0262449857142749 0.0798059630975166 0.0328718997320586
0.00388459030434036 -0.0148023122303695 0.250525255050173 -0.627528699856052
-0.00503286880127757 -0.0159669098036781 -0.581573863077689 -0.710122480474953
-0.0194560429000437 -0.00760536622791545 -0.791649575969506 0.261784642462178
-0.0113720139691682 0.0272950830076071 0.0158911764081182 0.627385085068875
0.0149464767912933 0.030099127619778 0.387914333893571 0.20466983090601
0.0110866954508528 0.000851917304633375 0.200768470846435 -0.0944150136078035
0.00559635241734032 0.00529188999041509 -0.0876195342527512 -0.190267794331852
0.0086016046888014 0.00203809826733517 0.0638612987682603 0.145069385969801
-0.00140564140275173 0.0215037031648429 -0.179100569307065 0.0132964882538897
0.00311876203062773 0.00806733236529527 -0.317434634864223 -0.294809064490211
-0.0041157565862664 -0.0165181830415267 0.190370761346518 -0.53033985232924
0.0190396888538934 -0.0354297321832702 0.758140598919975 -0.00888228388818243
0.00993981350727473 0.0220742330005963 0.354025435630606 0.777534465351899
-0.0348766543075422 0.0142791246095731 -0.310411987387019 0.527528201963523
-0.0392961227115236 -0.00378587497226121 0.0798242693676404 0.0342891834039664
-0.00198009049198489 0.0109429542584971 0.26595073164145 -0.625539838160174
0.0125595084921215 -0.00252104478458658 -0.557218716771061 -0.743812871409732
-0.00260453653462108 -0.0095796097317566 -0.805726320384674 0.222857985541812
-0.0117590351884569 0.0220381888732359 -0.0104831584121934 0.624119283096546
0.00880145374888448 0.029840875296258 0.384028561302903 0.216020696172235
0.00479572645703542 0.00847455778007173 0.202943727507634 -0.0864345814102633
0.0009555415413041 0.0147984371602985 -0.0885316011866845 -0.185162935501555
0.00354590969060443 0.00898008650623322 0.0615711096127954 0.151894615795861
-0.0073732836999087 0.0229989727314356 -0.175017281625161 0.0253878034574814
-0.00279394849701453 0.003729684541418 -0.332112807931324 -0.275948982072946
-0.00250406731284975 -0.0235119229588144 0.153606177993445 -0.543477858606701
0.0338627169335398 -0.0332486612964197 0.752941854687427 -0.0707598355646147
0.025027834109559 0.0408476917972006 0.408162404432289 0.740537215988841
-0.0441365713732702 0.04026124484082 -0.285102409317341 0.542864858118466
-0.0611011832894062 0.0160058157102416 0.0706661150106557 0.0461154457125069
-0.0115810719554322 0.0365695067837083 0.291754726739916 -0.609337993323906
0.0277383671455123 0.0158689500163867 -0.509828132307892 -0.786206324058097
0.0146713085822469 -0.0111199061175302 -0.826849928347548 0.161721030580085
-0.0133971482581014 0.015142344945552 -0.0542997486872533 0.625385494468597
0.000635853332045173 0.0273033793176818 0.374084948648628 0.240763236335489
-0.00335972023851158 0.0126455045776114 0.210218593237656 -0.0741623325028361
-0.00639199708648271 0.0251159506815174 -0.0890887346906419 -0.178941487610459
0.000180758628719324 0.0149551951158052 0.0608603795530734 0.15781072888179
-0.014226138359218 0.0235681400558485 -0.166996163055446 0.0398119804857026
-0.0110874866068876 -0.00223184947180794 -0.345884067459977 -0.250271942294197
-0.00460720530695398 -0.0302609654109093 0.107071718142332 -0.55215642159859
0.0448764892566388 -0.0340745608295443 0.737408040609507 -0.139849067312817
0.0391166163850627 0.0546322187375792 0.46883503723014 0.696427711060463
-0.0485159201678866 0.0594625190221927 -0.252667820579738 0.56401061332315
-0.0784621762248767 0.0307887817350343 0.0532827183032564 0.0621162701450141
-0.0229656774449902 0.0538175820564804 0.321498410938806 -0.581877081804225
0.036749518916479 0.0354265423102132 -0.44555535633891 -0.832922369323855
0.0317165542193428 -0.00941586273282968 -0.848982679635131 0.084879881210242
-0.015038702995391 0.00565780349490563 -0.110124419523078 0.622461506779373
-0.010271807885682 0.0215847534507882 0.362169183094929 0.271859754493585
-0.0125810187902417 0.0157732315489908 0.221410651860995 -0.0566353291769817
-0.01369634549401 0.0315844172935011 -0.0879251868086479 -0.175457901998775
0.0127829874556287 -0.0157935359268202 0.0814102518240561 0.134137314809694
-0.010508458064659 0.000186467212553359 -0.149039975361056 0.0210744549212171
-0.00997732755905158 -0.00745289040008753 -0.331746073751462 -0.253220430908135
-0.0228034958979646 -0.0172426414314036 0.116493506426276 -0.515185678238207
-0.026077409097405 -0.0314596820493705 0.728578672468987 -0.0842507985123832
-0.0291959537198841 -0.0186494272405669 0.453943408602838 0.738343831265809
-0.00688890322403823 -0.0666030074486212 -0.284049892176671 0.59836236734807
0.0296406978854861 -0.0761656161833772 0.0152873821651054 0.0923859502487855
0.016817221188657 -0.0637330481636107 0.292304195082953 -0.536813738141371
-0.0339274734075032 -0.0285450729022642 -0.456292434614543 -0.76436084025895
-0.0411508777808089 -0.00136986860791615 -0.830782540700736 0.158262056754336
-0.0339329128959495 0.0192726712670812 -0.0712612239836976 0.654613493131302
-0.00486185102763268 0.0166813335131194 0.375397587322154 0.261883643436331
0.00125584902683832 -0.0143915775977448 0.232589679429034 -0.0704252173876948
0.00467556467038485 -0.00923318603166607 -0.0712287592858865 -0.195096054738803
0.0147511195257452 -0.0167839772748124 0.0797980650880093 0.130206322451343
-0.00500053318777514 0.0046695731891169 -0.157702309311646 0.012760783681866
-0.00190402139618798 -0.000296397456989837 -0.319409064073578 -0.26992080094514
-0.0211468347011586 -0.0121375481652085 0.152654485678593 -0.506517361234388
-0.0273894851466467 -0.0361425178153209 0.747545639094446 -0.0212716307797629
-0.0278321336590966 -0.026022937437711 0.394281020717179 0.775868417074555
-0.000782880530867221 -0.0651159066572457 -0.308750566423169 0.574066652821013
0.0285566465751655 -0.072925661553081 0.0365838876099036 0.0718474697739015
0.0151564139969231 -0.0634102874352207 0.265229248064331 -0.569667320617817
-0.0368480084740376 -0.0320275687200664 -0.514772128815961 -0.728221251048109
-0.04372700906974 -0.00106444870500486 -0.811207054323249 0.219845372252305
-0.0268680662963921 0.0251294949176216 -0.0296325646198318 0.652235610785455
0.00552917644355973 0.0223783127963514 0.385991731143545 0.235589268689711
0.0081453137147472 -0.0129986817981776 0.221331997490541 -0.0855059412114767
0.0079446216445673 -0.00978202068625864 -0.0752170088742077 -0.19745493207597
0.0150606388066655 -0.0147082397030775 0.075699968622227 0.130607987514207
-0.000327298933805527 0.00923123804059379 -0.16702663356202 0.00690193810659951
0.00242130843956001 0.00552989952661219 -0.310160644120317 -0.287345142645018
-0.0180661601713248 -0.00989654058039454 0.185737501529431 -0.504815407283653
-0.0224441780912194 -0.0382599253829695 0.754091575616951 0.021309156650262
-0.0231977009892949 -0.024701032488378 0.347963726170365 0.795672145746625
-0.00341446985264765 -0.0549278151685379 -0.324756538650911 0.549297661159202
0.019922696557452 -0.063402427388673 0.056349918626081 0.0527605362114293
0.011633209939386 -0.0539470031535409 0.25067695825866 -0.595535160707031
-0.0318751864459141 -0.0308539355344285 -0.558230998330508 -0.699230055412267
-0.040258403954021 -0.00217153591475582 -0.794873739359948 0.260936414535035
-0.019412727870588 0.0287534208684356 0.00731624715228613 0.641705457011142
0.012689024570563 0.0262740197649278 0.391787665052842 0.212849833448676
0.0122655363668667 -0.00969661820593552 0.211512901024911 -0.0956158576960285
0.00983844499798107 -0.00732908989006593 -0.0796460410804928 -0.197384963526738
0.0138884639847544 -0.0109228550377969 0.0722485127632332 0.133445260014323
0.00210786973392824 0.0142329611427383 -0.174031395359191 0.00358041227046198
0.0054384773527635 0.0106968267280621 -0.307204958979779 -0.298164068783889
-0.0133577601047514 -0.00886133409976767 0.205014041918801 -0.508185265920623
-0.0122956787730403 -0.0388300154339264 0.75328817228641 0.0366364032648354
-0.0140090818776784 -0.014775894844374 0.324101357334961 0.801965255667326
-0.00997349290160445 -0.035941353137997 -0.329523570940422 0.530513905394496
0.00437549937568253 -0.0460109660221274 0.0709127397564531 0.0386434790022277
0.00738844054509648 -0.037883788503584 0.240422521777276 -0.612772546276797
-0.0206108254608061 -0.0249873598942727 -0.581281210130026 -0.694958018913341
-0.032225433590755 -0.00343458441894516 -0.783075937594978 0.276114620701663
-0.0142091259752827 0.0286250117401259 0.0221251316623892 0.632038882327326
0.0160976472512995 0.0282128558325025 0.39227703739349 0.197906986294891
0.0130452740510654 -0.0047071603275389 0.203299804956474 -0.0985775049884721
0.00915718317976791 -0.00183872687923794 -0.0844431684233475 -0.194870066636151
0.011520264055779 -0.00411811897848316 0.0676709842156769 0.137343386371084
0.00105046907520999 0.0183531082414384 -0.178683850970546 0.00656347419570619
0.00557639217944411 0.00985030584589625 -0.309761191482326 -0.299702216804259
-0.00970738435184276 -0.0124637937656459 0.205499215069438 -0.516286787753231
0.00175601953074761 -0.0371202366841841 0.758471744834139 0.0261601695328
-0.00325248440056713 0.00203656540020545 0.328788062241598 0.796671713988317
-0.0221655367988805 -0.0121372060425659 -0.321825895710766 0.523311937770285
-0.0170820476575889 -0.025401003785542 0.0791837872082991 0.03209126416838
0.0041582174042807 -0.0148650847030025 0.244310836014822 -0.625249018750007
-0.00509119049442703 -0.0159390649781243 -0.584230280336066 -0.704325995750391
-0.0188702664758194 -0.00674795426601672 -0.787171416490462 0.263882569109021
-0.0108289296620649 0.0271871065464912 0.0179251304632621 0.624916956799251
0.0150333624019088 0.030209613059698 0.389216238235607 0.200213293129406
0.0102631380712597 0.0015866717925607 0.200144035574896 -0.0962659720795242
0.00591176379355984 0.00567610101899111 -0.0895021050742622 -0.18901842026097
0.00782815957615927 0.00289787660048117 0.0638518601644094 0.144239375830325
-0.00208916465457521 0.021840088976736 -0.179048541124563 0.0142858404745163
0.0031965459566023 0.00724772964906157 -0.318541429472508 -0.289916659643405
-0.00435939760455093 -0.0168315395505844 0.186919816993284 -0.53020939597867
0.0184606457844924 -0.0356420485916652 0.755533998508772 -0.0131605354685602
0.0101762010278405 0.0222095002376499 0.357896933813706 0.77158561413691
-0.0346573999492237 0.0153504944530465 -0.304639014500639 0.527437566606134
-0.0391647210422317 -0.00367096218871515 0.0788081448980733 0.0325713925222123
-0.00234884237297153 0.0108009343671417 0.258969144638385 -0.622801076880494
0.0124828754771741 -0.00186772274869259 -0.559047597760977 -0.737864783562141
-0.0018489908208499 -0.00973736788821849 -0.802209378189734 0.22639414577971
-0.0116064977275641 0.0221288923535961 -0.00413646741466694 0.621679187071563
0.0098540729240095 0.029328104584266 0.384810433982886 0.214181700240201
0.0043059860799868 0.00837005369719243 0.201663583154984 -0.0861514518038242
0.0010131689086033 0.0162452926069496 -0.090258754734542 -0.184073471677294
0.00358411395159217 0.00984309854529249 0.0623155557842128 0.150441834381714
-0.00694296343119245 0.0230383095263561 -0.174387974299137 0.0269060557317428
-0.00264594023363606 0.00352748835696206 -0.331815528776111 -0.271863843925187
-0.00290799582297033 -0.0228242391880561 0.15092244460954 -0.541684889623757
0.0330227173284488 -0.0340100100499848 0.748237495959266 -0.0744696068534371
0.0250596515428679 0.0403548415809698 0.409745203179452 0.737078085893702
-0.0442382759676721 0.0395549860179617 -0.281091676415841 0.540527432550416
-0.060659341678064 0.0165271982715196 0.0697709051442934 0.0442519836227765
-0.0107698592597477 0.0357681458831488 0.286287460487961 -0.608938331654464
0.0271195544041862 0.0158550174367946 -0.511651134441717 -0.77994604207101
0.015798074548791 -0.0110542079168592 -0.824501993646089 0.165788126985012
-0.0130155662880438 0.0138124720625412 -0.0501717060774087 0.621606399403672
-0.000807858009229653 0.0272120130999823 0.374670181095532 0.238124640971134
-0.00304006019608649 0.0135830126736185 0.208970545408304 -0.07398797452827
-0.00552118581137581 0.0258592488005497 -0.0894262196416971 -0.177804221331802
-4.29402170076566E-05 0.0152216415805446 0.0618031419802008 0.157806623831659
-0.0136041205561834 0.0232696688326935 -0.165817955337004 0.0407787363714885
-0.0111550135041369 -0.00153170391633374 -0.34602518558228 -0.246369009809733
-0.00468991224621916 -0.0305410200097938 0.102926897600738 -0.548635234438093
0.0445838096657635 -0.0344188277399887 0.734074702084815 -0.145322173677869
0.0391222717599527 0.0542918662670536 0.470946842195003 0.69147993953458
-0.0493514650138412 0.060365719469009 -0.248504953661998 0.56114983503601
-0.0783722512490342 0.0302982622872847 0.0543521307719494 0.0623784725898663
-0.0225368169254082 0.054465420002274 0.317553095277899 -0.580968012955708
0.0372953141097725 0.0350663642859411 -0.446873606897664 -0.825694715142663
0.0316875483883167 -0.00894591778203507 -0.84620569460085 0.093103045714076
-0.0155049075111168 0.00553929239912439 -0.105615001673481 0.620804096588202
-0.00974756125837567 0.0218789763155092 0.362960408109428 0.268036372993229
-0.0136848171455373 0.0157315782692816 0.219447134359677 -0.0588656992713343
-0.011843367334655 0.0327031651395154 -0.0880955240164536 -0.173594604027375
0.0119793644617485 -0.0157813557381187 0.0816539533494141 0.132674536793363
-0.00985758430848806 0.000307911234340913 -0.149977013431846 0.021668802273484
-0.00925195970127943 -0.00651234667559462 -0.332841941881623 -0.250907659419731
-0.0226405100617245 -0.0170064325661844 0.112485867531456 -0.511708138844019
-0.0263318872974851 -0.0320707702187367 0.725226544940183 -0.0867187951843259
-0.0287486408015037 -0.0185426661618437 0.453822542850636 0.730137665813762
-0.00786250784702919 -0.0659224465246828 -0.27945553238107 0.599123464203556
0.0281996093371512 -0.0754942066815414 0.0149747480894343 0.0920509477635649
0.0157347586120763 -0.0649851273568334 0.288423359537687 -0.535886533601359
-0.0341584028192787 -0.0282244024488419 -0.45971023325947 -0.758725743965969
-0.0412748253630194 -0.00143435451735963 -0.828306106094496 0.162621579033042
-0.0330679083783274 0.0193455018370511 -0.0671394054444833 0.649704603337805
-0.00501097021454331 0.0169999574495803 0.376998991650255 0.259512835502911
-0.000611183806016066 -0.0141776079462337 0.231011422241007 -0.0718667669107618
0.00542076664334495 -0.00770221979721954 -0.0721317730360408 -0.194240004880081
0.0140473622872353 -0.0164657398275793 0.0810433683738725 0.128157934360476
-0.00498106019400258 0.00524065915720784 -0.158211741447233 0.0123924271690231
-0.00300459496194004 -0.000467587342322368 -0.319441593590744 -0.26674812986315
-0.0213648111072415 -0.0116434366138037 0.150097974511046 -0.502841565834716
-0.0276763420663206 -0.0358494741932239 0.742393823815101 -0.0253321027644442
-0.0280912082853255 -0.0252424412561086 0.395442088334318 0.767899279040745
-0.00198277317429189 -0.0651309774874342 -0.304860891863328 0.573257613274189
0.0281333699841948 -0.0724023344197118 0.0369392379953734 0.0713649753202238
0.0129814387857803 -0.0634106814527143 0.263309547848888 -0.566151717756816
-0.0365208597417698 -0.0314109183318794 -0.517633242273235 -0.720513487157878
-0.0442686185544898 -0.00065902579975953 -0.80519477398677 0.222926779909939
-0.0264334947823074 0.02639252807611 -0.0252989399384407 0.649599896246947
0.00660538552940748 0.0219920286700147 0.385559107802477 0.232452507117467
0.00698032771324587 -0.0124549169061514 0.221658197021197 -0.0857652447364351
0.00844584516083598 -0.00937704442504258 -0.0770304801323268 -0.196479802414017
0.0148694668953533 -0.014599387229117 0.0762234602549751 0.128679862135353
9.18499224564738E-05 0.0091861636772552 -0.167943542742247 0.00697152416231463
0.00345550154174647 0.00648402293487535 -0.310954536797283 -0.283791642253983
-0.0186193374588413 -0.00867877391140818 0.182198969402681 -0.503437677221803
-0.0232797191622231 -0.0380003654726911 0.748777952511813 0.0167969127026422
-0.0224285025710652 -0.0246333068003336 0.349282033929947 0.790785530407684
-0.00282920602502103 -0.0533689170363252 -0.319759529586289 0.546424953626403
0.0186011656455264 -0.0621219736855983 0.0553576687489026 0.0522175818704162
0.0122606475641909 -0.0556585753053635 0.244765597150778 -0.592273080654582
-0.0316483962648669 -0.0308086296336282 -0.560025661494888 -0.694686400613623
-0.0403673202345581 -0.000922868729465766 -0.789421454107977 0.263329503497596
-0.0195914944694594 0.0286904571006777 0.0105976037925517 0.6396003147385
0.0132730701793759 0.0259505907228487 0.39205789048098 0.208126204062374
0.011887124563118 -0.0103220529473216 0.208852254448493 -0.0953956136553257
0.0106594747161712 -0.00712098136987575 -0.0807365040029026 -0.196750874680452
0.0143032516950047 -0.00942440660190982 0.0727208831998561 0.131553278131914
0.00176998635526023 0.0149825670266701 -0.174273946259217 0.00501649924858977
0.00541101398158491 0.0108670910095705 -0.307560423209781 -0.293348033434694
-0.0142258383132674 -0.00879358949672797 0.200728239510741 -0.505340456086678
-0.0127076117726586 -0.0392470463855694 0.751366352577757 0.0318590592875693
-0.0138008762335006 -0.0141832843392125 0.32492093750472 0.797400331587997
-0.00978995740570442 -0.0350145376760728 -0.325775534352175 0.530287565272187
0.00312931873738798 -0.0465899009436091 0.0700322995450912 0.0379218136883805
0.00751794801243079 -0.0383088850764549 0.23543812907871 -0.611354950855996
-0.0214426475053353 -0.0255456000129015 -0.581580138413647 -0.686709359073791
-0.0309352136722075 -0.00358962706430204 -0.777812484418072 0.278838113871365
-0.0130338870216396 0.0286981351634039 0.025672459754499 0.628581999043308
0.0167047527134153 0.0281978814120098 0.39132898517955 0.195401416248703
0.0130103558115405 -0.00451541659676997 0.201374478346465 -0.100161549400475
0.00938876609211608 -0.0014177034223241 -0.0862510952313279 -0.19312752554537
0.0110020493461259 -0.00389787512441205 0.0692981776261714 0.137166567473526
0.0011202676919567 0.0193182599816257 -0.178863188171949 0.00759616716876269
0.00607691417507342 0.0107291502687059 -0.310316560518365 -0.295099297529555
-0.00928120489587784 -0.0112909531370591 0.200734131050527 -0.515778825993855
0.00100580145149163 -0.0375273924048022 0.753223986637653 0.0202808195019968
-0.00234058309240164 0.0018961161363332 0.328669094812013 0.791525245265491
-0.0209035387702957 -0.00996071957868429 -0.319169073525406 0.523203634160497
-0.0180176790664246 -0.0246280325940964 0.0790720536730982 0.0314825958389593
0.00292349054763257 -0.0152117948341682 0.240444141631303 -0.623156987283158
-0.00559042388333907 -0.0161473121923012 -0.583654383759147 -0.698095344373344
-0.0187162934830525 -0.00688212399870842 -0.781822854833362 0.267853250698478
-0.0109688630326336 0.0268510964024269 0.0231857048890037 0.623104810713404
0.0149174273664158 0.0299415139658848 0.388313432694338 0.196712590651503
0.0112159367509998 0.00191121263115505 0.198978626820524 -0.0978835295833657
0.00588400999162949 0.00726528682493857 -0.0889395301554708 -0.188348394248036
0.00792422394105869 0.00220345377984981 0.0652191196409709 0.142225444643523
-0.000711015445064652 0.0217008780861116 -0.180083005797975 0.0149619564483956
0.00338442116922979 0.0079782338038697 -0.318755380686175 -0.286092566385254
-0.00464177944106147 -0.0162638612939011 0.18271165880351 -0.525497019432045
0.0179063823781594 -0.0351115503899452 0.748946148107982 -0.0168190106807037
0.0104077834053846 0.022389318969103 0.35995669580087 0.766361579552274
-0.0347186500352539 0.0152631958832792 -0.30115265788242 0.525150474837765
-0.0405855810402954 -0.00264145495204821 0.07883973656212 0.0336882707958342
-0.00203531601060146 0.00996174063869442 0.255764690616232 -0.620189518502274
0.0118301168746549 -0.00206378337109162 -0.559277100670816 -0.731255476414812
-0.00220241965669922 -0.00966821177719505 -0.796202888841227 0.228387975838635
-0.0109227712110698 0.0218232140728744 -0.00245158080013903 0.619486238191176
0.00953459408025576 0.0297018810216406 0.382507324489688 0.210681453461732
0.00438653681985906 0.00897726778508464 0.201529222213443 -0.0887998935295502
0.00112773952104125 0.0166370188779387 -0.0898634543287501 -0.18198363763858
0.00373101450053115 0.00907340295052176 0.0632972107473141 0.148615103330013
-0.00599580233461756 0.023861771019583 -0.175268771202164 0.0272209822513385
-0.00313187173961969 0.00390207858614783 -0.333484970537466 -0.268257925545436
-0.00352408908458587 -0.0225265363297775 0.147679830272413 -0.539106849759087
0.0327426835724982 -0.0344359558571314 0.744436640004965 -0.0781502362600284
0.0264545861414445 0.0404769261174369 0.411945215562402 0.730182347753768
-0.0436779885426985 0.0403425333324994 -0.277507100772832 0.53980319483078
-0.0616237588724597 0.0167111216908127 0.0695576021367496 0.0434656618254044
-0.0112379786908414 0.0350713035298174 0.280713333911215 -0.607065700191544
0.0276548437064683 0.0151671760893628 -0.515605332919593 -0.770835405895568
0.016211772517221 -0.0111197140278668 -0.820021305722421 0.169541715843743
-0.0132539047720384 0.0150885145269732 -0.0468358374809447 0.620295690522917
0.000187622119860464 0.0269986001844217 0.3742960565975 0.234216014837508
-0.00426575890811797 0.0149553841068876 0.208654835035241 -0.0760310045487482
-0.0052265068419584 0.0248652139602605 -0.0913911909545788 -0.176200402103115
-0.000260272954076297 0.0157347339190611 0.0627021418991921 0.15537659046736
-0.0138762623792414 0.0232850429718878 -0.16673153150562 0.0421439335208832
-0.0105883410000776 -0.000635503735345364 -0.347019628833624 -0.241687368278942
-0.00417279950385939 -0.029013668541508 0.100908957747865 -0.545871007620552
0.0443603667177105 -0.0350943718101043 0.729373204159461 -0.146522519327974
0.040040712527897 0.0535918443437979 0.472191751375745 0.684658375909661
-0.049205908019835 0.0605986410261911 -0.246605020172823 0.561509220582723
-0.078105558073656 0.0307537992430806 0.0528633899518251 0.0617241381073042
-0.0222304109268009 0.0543617015837882 0.312095936062884 -0.57923847574326
0.036720543553537 0.0335496918813207 -0.449861087681004 -0.819903629201533
0.0316892446810367 -0.00911821586477419 -0.842110700352125 0.0946659115931729
-0.0149724415394545 0.00549517708852967 -0.101112566982333 0.617942219367231
-0.0102600470545072 0.0214622303450093 0.363919202438084 0.26452132641372
-0.0130355740100271 0.017066946888949 0.219189465074168 -0.0594177654086486
-0.011323453904711 0.0334148026352512 -0.088936578910079 -0.172235270095649
0.0119038868253012 -0.0154928232856858 0.082736771856512 0.132165373804271
-0.0102089319552295 0.00115834691284328 -0.150494736092626 0.0227377751343777
-0.00953935155583712 -0.00599755191593143 -0.331292772336984 -0.245575216482044
-0.0234958864778115 -0.0166091605010357 0.108620580512805 -0.507490707127222
-0.0262475502161844 -0.0318831328887791 0.721583779396345 -0.0905929690629945
-0.0283517408865185 -0.0172809139630633 0.453307316500064 0.726989272764097
-0.00834801553250842 -0.0645897994744485 -0.276632132984338 0.594387417131988
0.0270463736493184 -0.074785183173867 0.015129465691777 0.0915277479197856
0.0150793537347457 -0.0648271491589183 0.284452200171477 -0.534796200257613
-0.0351685171379627 -0.0288551874660662 -0.458333859678329 -0.751090366304881
-0.0398997226913096 0.00124817700804822 -0.823367255307346 0.1658201030237
-0.0341290500032213 0.0198136774044205 -0.0650186562887105 0.647240015555506
-0.00421715074185073 0.0174136946454134 0.376410753506252 0.255420347525589
-0.00109700584319648 -0.0132057080387834 0.231079830978068 -0.0738959785621764
0.00429589826820554 -0.00774436583400171 -0.0730424922380804 -0.192512851531463
0.0143443600856115 -0.0161983162277448 0.0819415823136015 0.126923578286793
-0.003638246076413 0.005243509697682 -0.158178770694091 0.0143769744154065
-0.0029084698834896 0.000667584156419911 -0.320096633758287 -0.26385706316435
-0.0210437416588049 -0.0116020798007924 0.144997071276346 -0.501520145769745
-0.027718993510594 -0.0354836381247606 0.737996850432844 -0.0266511534700727
-0.0266962402152519 -0.0248904607987787 0.397031422265658 0.76424178124541
-0.00353056259412101 -0.0650050111582823 -0.301947911812555 0.569204077507752
0.0265096819988377 -0.0723766429937755 0.0363329920223375 0.070311685032623
0.0130142039968159 -0.0640517019993926 0.259164425625653 -0.565764384069513
-0.0366742895358508 -0.0318772227259976 -0.519161017897088 -0.715168856642111
-0.0436824844811682 -0.000218813796029838 -0.801797560494021 0.224766782224773
-0.0266191682003482 0.0253039530527078 -0.0219167482696776 0.647094734158983
0.00547252643941107 0.0212732851977296 0.383991877883699 0.229342574177881
0.00661724054926939 -0.0130832293473387 0.219130893636516 -0.0866778584878034
0.00855114503446598 -0.0081592569984983 -0.0778027143279309 -0.195165104973032
0.0150466196560668 -0.0144287570643217 0.07677580208881 0.128053728837382
9.19582115948706E-05 0.009650211751169 -0.166981072283514 0.008487694484619
0.00268444279342252 0.00752623427410258 -0.310573500545844 -0.279717542841721
-0.0189595295714043 -0.0086032566493506 0.18080496180249 -0.499735108871606
-0.0234752954199376 -0.0382049499426863 0.746322406041432 0.0131622761839598
-0.0226869150872728 -0.0230069231253759 0.350489539794028 0.785305422034388
-0.00403855229964327 -0.0525217124589698 -0.318198669056858 0.545762422656157
0.0179911660046604 -0.0615553922179487 0.0557036600279206 0.0505583019443039
0.0104750242703427 -0.0547091528989623 0.241180507382909 -0.59275459389667
-0.0318219271752165 -0.0308361047725626 -0.560984831120459 -0.68985336830901
-0.0396775267408068 -0.000866941376590658 -0.784925400997227 0.265698796018326
-0.0193105513185599 0.0287330599394876 0.0134614116120896 0.635306021199709
0.0134745955632706 0.0246381854452671 0.389928181820912 0.205446813847271
0.0114391789755069 -0.00959168449706503 0.2087672378255 -0.0973013191103248
0.0101758601880906 -0.00667180503610237 -0.082319395615215 -0.194792162065858
0.0132249973516236 -0.00963734235364174 0.0736358945047307 0.131115978597437
0.00183187942467789 0.0144167092282914 -0.17442586345946 0.00559267625159129
0.00609078937739663 0.0105113934338335 -0.308696017926087 -0.290753950583627
-0.0141780498022291 -0.00823580776127362 0.198050255762358 -0.504617825530875
-0.0128351050366602 -0.0383072424972898 0.746887189722644 0.028953808933885
-0.0129378183202292 -0.0145116501629062 0.329073264839111 0.791144476567959
-0.0111535244413316 -0.0346596293566514 -0.321675499110371 0.527926506919003
0.00221612552981585 -0.0449628949395636 0.0701987399976416 0.0373852240821379
0.00667496450546543 -0.0374275223284582 0.230916159679805 -0.610520950747248
-0.0213897516920321 -0.0252476170012927 -0.582947166434806 -0.680661272285647
-0.03152476028145 -0.00298337103524814 -0.776040053493512 0.280986470735761
-0.0134754183441995 0.0299156589106884 0.0280794173230612 0.625104202024242
0.0168754936125231 0.0272084587670883 0.389837849557682 0.191590373231233
0.0122431704655042 -0.00469955763342371 0.200717816518695 -0.101285531361292
0.00928444948861289 -0.00146008078197878 -0.0868311991984425 -0.191532047916418
0.0112911206647167 -0.00369118712906875 0.0688412832438771 0.134571621278346
0.00117198748191022 0.0189197777851706 -0.179070454569591 0.00941649048095524
0.00549853197923556 0.0113606686779995 -0.311495480786305 -0.291579887754041
-0.00881055358152879 -0.0103038161616771 0.199004554246683 -0.513508769105353
0.00176537150821375 -0.0378507251227909 0.748629171893219 0.018922269616735
-0.00190293362184263 0.00173533572045278 0.329693963147984 0.784498551334934
-0.0218064507701907 -0.0105097308955114 -0.313500839218506 0.520077226982761
-0.0178258149208704 -0.0246529090102776 0.0787599620676846 0.0309957989637651
0.00357295452604292 -0.0153633067239261 0.235756514966668 -0.620172890264332
-0.00568834427599195 -0.0162141199886172 -0.585571441946697 -0.691624958124995
-0.0179980239354947 -0.0071715403005265 -0.777049174560527 0.269666025208705
-0.0101011298621498 0.0264232455617355 0.0246684304327994 0.618881013036025
0.014707506421609 0.0297476569750532 0.389244073349699 0.193497634838409
0.00966654255540669 0.00284801855121928 0.197786710693183 -0.0977215461926207
0.00680034204533814 0.00656869036335068 -0.0902398892857265 -0.18580842167149
0.00748038049554213 0.00312450617822643 0.0658781305947149 0.141040413909184
-0.000446365408415132 0.0213875883107336 -0.179165243249592 0.0171045505382392
0.00272357650894886 0.00861621146653561 -0.319173863868649 -0.28360313469244
-0.00453597794952573 -0.0153269724481558 0.180160533418009 -0.523447771903453
0.0180066554703739 -0.0350720722983383 0.746422206843795 -0.0186517155529651
0.0112039551338317 0.0217470765551225 0.360588018633516 0.761403430610841
-0.0355504131373819 0.0155085157065862 -0.299292753179444 0.522743061954241
-0.0400488585208449 -0.00198225682435637 0.0786332191006141 0.0332495747436164
-0.00241856078772953 0.0102548308712515 0.2528674847711 -0.617065747475149
0.0114062171218215 -0.0026918088443514 -0.561108856522143 -0.725132450862104
-0.00115543935072247 -0.00980844942107559 -0.793278270931911 0.232745653651404
-0.0103433581318384 0.022315582510381 -0.000667154057420508 0.61632899428013
0.00904604536847516 0.0294935998869123 0.383150966339303 0.205338633510012
0.00399269130860313 0.0094135944111992 0.200000451993837 -0.0892091085263313
0.00123161531782478 0.0170140037435754 -0.0910173621317099 -0.180246705693872
0.00375110946152532 0.00932021609690146 0.064342320670664 0.148333620345375
-0.00585163012726021 0.0238725022383358 -0.175117951726621 0.0288361197241123
-0.00168521531438726 0.00368271509698438 -0.332555675477491 -0.263692410654983
-0.00245904396603256 -0.0216960255514049 0.143603021036549 -0.536991119294383
0.0326992194522257 -0.03443961857548 0.740101316253059 -0.0798834832902338
0.0264755668108979 0.0408335949300839 0.410887565561374 0.725479207549527
-0.0439669478691362 0.041032134786536 -0.274482490921767 0.539058161513707
-0.0610612289860069 0.0167837964511712 0.0686452200729813 0.043930094740092
-0.0118995755965371 0.0346238286803812 0.278487101756412 -0.60420924117254
0.0274626388057375 0.0151939594224459 -0.516986416108047 -0.766780807984228
0.0158260532456214 -0.0106494783623027 -0.816550449946076 0.171615686973778
-0.0129210350036308 0.014500199628061 -0.0446739774842772 0.616916088625733
0.000729741089945564 0.0261040818956559 0.373091200054628 0.230317116578891
-0.00389486115093791 0.0151362283950024 0.207062202010286 -0.0765679638942397
-0.00466405940272512 0.0264939134907757 -0.0904103600148611 -0.175350946410599
-0.000253800685298555 0.0157946643436943 0.0647163510921627 0.154286703734276
-0.0129892578304711 0.0243332780439632 -0.166566391222807 0.043147301278019
-0.0112125658079931 -0.000614893991122429 -0.347893474408122 -0.236893897655839
-0.00513097614617683 -0.0279856135429264 0.0976899439482506 -0.544716250527871
0.0429290180849735 -0.0347560924424098 0.724059438163664 -0.149090672816001
0.0411258842592309 0.0538096535549731 0.472548498871479 0.678442126513837
-0.0486868159800451 0.0609741382379161 -0.242395355922778 0.558280641443528
-0.0778960181207088 0.0318830882323092 0.0527896054960468 0.0611461062297787
-0.0217254521826858 0.0526686448576009 0.307662416054654 -0.57731744569792
0.0372486501852425 0.0331604363307825 -0.450733865082558 -0.813953548624927
0.032676801016294 -0.00909782814379057 -0.837576391317813 0.0980065417930676
-0.0137577564755518 0.00558497366307456 -0.0977804066611259 0.615346422280201
-0.00969475411174551 0.0208413984275139 0.362550113774473 0.260846752743406
-0.0138063584003942 0.0168157191060475 0.217846348714344 -0.0602125186977096
-0.0114136875500593 0.0339654157332854 -0.0886761776428746 -0.170903969647038
0.0120883213045115 -0.0148941354525736 0.0826687856157003 0.130288252621663
-0.00993248462018279 0.00238981722365994 -0.150836115064698 0.0224878078215597
-0.00955567680764719 -0.00516837047071682 -0.332754148843304 -0.243114333129592
-0.0240573869889087 -0.0153644736982441 0.108692856403835 -0.506500103002904
-0.0259942718929652 -0.0308076261216325 0.717513564889659 -0.0904585068920557
-0.0274231315917222 -0.0167087530008997 0.455028627929686 0.72093524216464
-0.00922314174662435 -0.0638120214239397 -0.273364459187858 0.593048879135677
0.0256236539515895 -0.0745365030541537 0.0153226690432079 0.0903497658051118
0.0143341886844991 -0.0644124507645078 0.2809164412223 -0.533143615405788
-0.0347222960066178 -0.0283052209347165 -0.459418043139598 -0.746223181267771
-0.0400240747682465 0.000577682375185101 -0.817804104851453 0.165926143453112
-0.0339754682190255 0.0206241875375481 -0.062083245316011 0.644769658964552
-0.00419738238558861 0.0160647563898308 0.37534952485802 0.252331090590579
-0.00141515195145375 -0.0135513805370941 0.229315762149821 -0.0736219962090036
0.00519189315262364 -0.00683626536643224 -0.0742714861755836 -0.191183348845798
0.0136391809160868 -0.0159133128415069 0.0809639930872599 0.125882743592304
-0.00403344139287898 0.0048590652932485 -0.158563961938051 0.0145528494849905
-0.00321735609955235 0.000892717735221333 -0.31994800327295 -0.259545198232167
-0.020969757833802 -0.0108151647022647 0.143897453690285 -0.499358047369369
-0.0281918433436693 -0.0354100463839214 0.736047129740995 -0.0297423241180963
-0.0267141563230114 -0.0245992706334094 0.39740483253047 0.759112538657019
-0.00418479400692173 -0.0626385408259696 -0.299240390373592 0.566875693619193
0.0251471466371993 -0.0723021436551367 0.0363584345899967 0.0704940566059748
0.0119221995633683 -0.0642742661653075 0.255350644182825 -0.56449035724797
-0.036371732468344 -0.0313890825694123 -0.517574331343782 -0.710798557106606
-0.0428118857683829 -0.000550660763948579 -0.796660057033283 0.226015698117819
-0.0277877312422722 0.0255029592171385 -0.0203663161944087 0.642905578318244
0.00562543397462827 0.021208893156232 0.384534679532279 0.228060749016075
0.00543391389238358 -0.0118679617803407 0.219697098997587 -0.0874537799281399
0.00836973090778756 -0.0085678822102035 -0.077714975752356 -0.193696974803401
0.0141132868882748 -0.0137342326727019 0.0776497012901695 0.125628649465154
0.00049586987487476 0.0100822158651678 -0.167829799783825 0.00908716775819669
0.00239168850950179 0.00711481263009932 -0.310581047864538 -0.275888190759472
-0.0184423427435723 -0.00834784532110966 0.176127839822979 -0.49772361310461
-0.0237917361013378 -0.0378158843565028 0.741863478178805 0.0121342561465029
-0.0218033964397258 -0.0231107699152828 0.350798693852566 0.779133976891656
-0.00411081445879705 -0.0527722880649429 -0.315009663792033 0.543175274731597
0.017542584328749 -0.0618057089531449 0.0549477775226207 0.0506448945232863
0.00952652783053517 -0.0543237963239821 0.238210235168569 -0.588728613752748
-0.0317354975479354 -0.0307824900874865 -0.561150416935411 -0.682956804316564
-0.039599569865501 -0.000857581797087465 -0.781099453378731 0.267137195773364
-0.0186687903094056 0.0284783787785081 0.0158855197828176 0.633209550493136
0.0123429488884243 0.0240389497160501 0.389460772708658 0.203504263803195
0.0101782259820358 -0.00915467207882478 0.206341401518136 -0.0979360360691391
0.0106270500136234 -0.0061554374276115 -0.082921624064053 -0.192582783716334
0.0131848644996055 -0.0091793531703207 0.0735249627354193 0.129545196077058
0.00259693998936313 0.0153519811037127 -0.174933023454564 0.00674517563133464
0.00569726627459489 0.0111569773039783 -0.308688443801538 -0.288056041577118
-0.015327947715182 -0.00718897006340266 0.195104647080943 -0.501320911941637
-0.0130986614698933 -0.0384732490994202 0.742008210542353 0.0283380976045989
-0.0127053163552409 -0.0140577219851108 0.32660437363555 0.787384831201866
-0.0111310944345101 -0.0334669178640386 -0.318304355822166 0.525800996204707
0.00157435125904009 -0.0447639196980087 0.0697704302399736 0.0376134763139692
0.00692699793389816 -0.0379280408173323 0.228342585339963 -0.60813584952108
-0.0206087730563073 -0.0255377613421131 -0.580885460685424 -0.675553117912495
-0.0305780463108967 -0.00333752306248497 -0.77101534753144 0.281904718590645
-0.0135172247606514 0.0284299337893064 0.0296131470863256 0.621183501566991
0.0165981133695329 0.0274399692433444 0.390068676277486 0.190613234469054
0.0117316578039464 -0.00372313560553684 0.199509782654621 -0.101889886216615
0.0092786194473072 -4.23939492514014E-05 -0.0866169812595783 -0.189652552012286
0.0105637069975662 -0.00330385253965212 0.0699862270622148 0.134075031066045
0.00186211566049895 0.0191163748981708 -0.179013545742797 0.0104454475824692
0.00651074197295706 0.0119443369427195 -0.311508455614197 -0.287928828362698
-0.0095710408206254 -0.00954689325824802 0.195281786556109 -0.509377506559704
0.00179147340251184 -0.0381096951956438 0.745291329263928 0.0174435763544794
-0.00170259630626037 0.00203610506538965 0.331544097143464 0.779591517761106
-0.022632883595767 -0.010632257335378 -0.312719761670364 0.517255270577927
-0.0186611020133713 -0.0238084265382942 0.0780410619049071 0.0301803000497546
0.00230557209239383 -0.0155518553911977 0.233342302585426 -0.619137777579423
-0.00648551740272985 -0.0163786461467857 -0.584617924359804 -0.686678898759745
-0.0174249049565096 -0.00569763646476709 -0.774046735093374 0.271282254262954
-0.0102084592306526 0.0274962269001762 0.0278368138454769 0.614986537356059
0.0148921364804726 0.0292377108096645 0.387717541383435 0.190165874609776
0.00944644051590144 0.00344041084933423 0.197301894002835 -0.0986593078326019
0.00698248469032362 0.00802763708480991 -0.0906710842860298 -0.185501116378312
0.00688420167707393 0.00288354764597659 0.0661621403937869 0.140498239807645
0.000122303753776745 0.0223991942881284 -0.178232413673867 0.0183506140758877
0.00396388126963717 0.00852858552603326 -0.319859918184489 -0.279409927672905
-0.00441330056238643 -0.0154534446158976 0.175432954858664 -0.52100011625269
0.0172949489818652 -0.0353776147971497 0.74446572482128 -0.0212604415546645
0.0124087485112173 0.0217105765681225 0.359057727582269 0.755433266898304
-0.0356507734344002 0.0168964872903224 -0.295071227481645 0.521997237173416
-0.0402676974831182 -0.00230776160708237 0.077031864286689 0.031694883357887
-0.00328670346750655 0.00994425979329786 0.248392644397462 -0.615849961673966
0.0116506103522354 -0.00297910700509997 -0.561470305353912 -0.720504787629163
-0.00123725175848219 -0.00975811271663921 -0.788486833347126 0.232702480032485
-0.00997438170897125 0.0223619845556583 0.00232204476192794 0.614492014637222
0.0087072809664865 0.029329516036166 0.382613984350328 0.203999102521056
0.00420788713470557 0.00972060935507396 0.200311037460061 -0.0903639116412231
0.00216211422367501 0.0174997262576368 -0.0911790806445602 -0.179488838019684
0.00294588767331897 0.00933538194685997 0.0641576543214478 0.146582167095319
-0.00556450074183428 0.0233353512259137 -0.175025832404569 0.0293962337028374
-0.00249190294699582 0.00396848880676387 -0.333395831370386 -0.258882491139897
-0.00392736921773217 -0.021201591848541 0.14053209238368 -0.533192771662428
0.0329754786890887 -0.0357849505371054 0.736187968891344 -0.0825512988606761
0.0266161646750888 0.0400928324331377 0.412361441874974 0.720416283422026
-0.0441097771292313 0.0414378765486423 -0.269459039589611 0.536529747064158
-0.0613709141543133 0.017964774026617 0.0685118704967538 0.0427828963260922
-0.0126200478251964 0.0343109366780438 0.273047004263353 -0.600945807246908
0.0264991541101047 0.0145154606067496 -0.515438180741054 -0.760923970417006
0.0157373817131364 -0.0104415604127777 -0.811349119362843 0.17477434583301
-0.0123608011993757 0.0141527311536103 -0.0417654100042694 0.613226604029186
0.000809724623106235 0.0256858993165456 0.373800628457588 0.227275029358921
-0.00415374323608257 0.0148561623498844 0.20661327713406 -0.0777842188985692
-0.00446904849735798 0.0267137708561949 -0.0917017866008185 -0.174130044489946
-0.000885741272725006 0.0158176408763711 0.065159456469272 0.152173751135975
-0.0125601731477955 0.0245313849554092 -0.166182728640698 0.0431576013885938
-0.0109156966657669 -0.00155469417751887 -0.345698061504253 -0.235107222177827
-0.00564094772307066 -0.0275611168491759 0.093696899745997 -0.540988538400248
0.0431897218109975 -0.0357943592922236 0.72184007736688 -0.149594659394835
0.0410425378329848 0.0540477181042691 0.469805630131012 0.674138473836177
-0.0489015362088659 0.0608183522087444 -0.239790857110674 0.556499849452219
-0.0780632682171214 0.0319026750968439 0.0521490980095254 0.0606486698591083
-0.0225931975709399 0.0524917451966266 0.304940783309602 -0.571932372364728
0.0370085508423731 0.0338637512045233 -0.452009929385194 -0.808228727642788
0.0327773135451299 -0.00841188154327018 -0.833462344245224 0.100862553518231
-0.0144954686163403 0.00579985444822731 -0.0962427785302496 0.612546951687149
-0.010531503213132 0.0211265145690761 0.363007410630488 0.257516955359281
-0.0140435491296666 0.0180360286125757 0.216856247660946 -0.061753536181685
-0.0105824216021358 0.0343821053255712 -0.0892630737810779 -0.169775645919944
0.0111246889088669 -0.0152391448577089 0.0831306156559192 0.129072321074301
-0.00984586219297244 0.00110218069731751 -0.150969524342518 0.0229745787299197
-0.0095663698260431 -0.00530425034743212 -0.331915387553537 -0.239193116079951
-0.0242898282588156 -0.0155714639781988 0.105635918048289 -0.502554878963797
-0.0261787894945751 -0.0314345338780948 0.712711718235143 -0.092805911856242
-0.0271719018967552 -0.0174358518283474 0.454055444635151 0.715786404448888
-0.00972088335177145 -0.0634490448985939 -0.270520786574213 0.589697031408995
0.0250544879537148 -0.0737038663724629 0.0143357180379263 0.090019372962612
0.0135081229630919 -0.0646565697252553 0.278718814097626 -0.529620935099911
-0.0347409810879925 -0.0289216994675215 -0.457913900289469 -0.741783220307838
-0.0399333821891192 0.000691201344109917 -0.814782405521009 0.167610980239874
-0.0324076957055993 0.0202528079906248 -0.0604761910698612 0.640948768891742
-0.00395524916512617 0.0156802466044974 0.375581317032419 0.249036588793617
-0.00226339308459338 -0.0132000024551799 0.228526264920179 -0.0749795418657876
0.00571373571469315 -0.00642255833461203 -0.0746692994617837 -0.189967895777959
0.0132884770190361 -0.0160774677285384 0.0813599268164573 0.124363424974412
-0.0035367002293518 0.00576212407642112 -0.158989405566524 0.0149024794775379
-0.00163096519856756 0.00134265966566208 -0.320306134209411 -0.255583282844418
-0.0209334116996192 -0.0103159034462964 0.141880595310475 -0.496531271121026
-0.0276618155982659 -0.0354675613322262 0.730246624833646 -0.0301346109635388
-0.026661533845956 -0.0234504825446987 0.396150738284586 0.753250442280995
-0.00445924225161859 -0.0632469193603211 -0.29616874046577 0.564218689069606
0.0236671710391037 -0.0709596511202089 0.0358003535150547 0.0696877465871398
0.0109240000520237 -0.0632353273809714 0.253144377383046 -0.562204075396528
-0.0360119798747903 -0.0316322645460965 -0.517136683671332 -0.705240702479868
-0.043002642603792 0.000433897616689941 -0.791587471166383 0.228066581433138
-0.0257790764014638 0.0254148317836056 -0.0163515455712539 0.640387142116547
0.00575187817252555 0.0208371620937902 0.382701391674886 0.22277133028744
0.00490420654154797 -0.0113350270405865 0.217324627673044 -0.0880940926805845
0.00899429919876372 -0.00797474193015808 -0.0787826002401408 -0.192726113934056
0.0138807302070688 -0.0136493234917788 0.0779848368882077 0.125951127785551
0.00122464227923669 0.0104876985018986 -0.167280416933438 0.00930999775513027
0.002833780873033 0.00728721149464648 -0.311639911517 -0.2728545394838
-0.0186116242137222 -0.00820445505331175 0.17457805776536 -0.493806136898228
-0.0242078678931153 -0.0378826411132599 0.737320814350293 0.0104559031843671
-0.021658832300581 -0.0226756395526067 0.351063550458332 0.77347044315351
-0.00462536439208928 -0.0518325858460731 -0.313519383516324 0.541988764370396
0.0159786323591608 -0.0610153230959548 0.0539443492874551 0.0499172583567791
0.00920029680401152 -0.0547426255384903 0.234961727102979 -0.585884334905226
-0.0321346787731981 -0.0301744821047585 -0.559935614253004 -0.677652330474031
-0.0386829255560121 -0.000331064518449529 -0.776275210757065 0.268776176053458
-0.0185702452827031 0.0282642461287813 0.0173059985793174 0.628639473351112
0.013545225767108 0.0238083210411282 0.388511777996067 0.199748117209454
0.00947156049461221 -0.00770232521079408 0.207064540390133 -0.0980022764729031
0.0103463248273627 -0.00503379645318649 -0.0833177554005859 -0.192332013448278
0.0130385076951239 -0.00923898865336204 0.0747610760128206 0.127882843071632
0.0035574300777601 0.0150490765170302 -0.174350462029918 0.00749848588678801
0.00588725626313491 0.0108346682967142 -0.307612872785386 -0.282911106084499
-0.0142193265764275 -0.00768688746858994 0.192321555392441 -0.49885794510132
-0.013561798846199 -0.0381318872596868 0.738769885194907 0.0262505512151226
-0.0122578081334671 -0.0136671835860858 0.327573960819632 0.781547518660737
-0.0117068963375714 -0.0331285353927959 -0.315875359100597 0.523413913413688
0.00118678280356256 -0.0448767047717357 0.0688731102124342 0.0366014238856023
0.00544288398983596 -0.0376704725364354 0.224734556422491 -0.60423288337901
-0.0209005939876909 -0.0255935791683687 -0.583241158788124 -0.670076590925209
-0.0303534259172942 -0.00335563836547809 -0.767337651562587 0.283377647448097
-0.0127289843397342 0.0290588990940722 0.0316931234148956 0.61881107914586
0.0162817977821644 0.0272490090630118 0.389766949510265 0.186576528289337
0.0112365949312412 -0.00259102974217882 0.198921075552472 -0.10136112991064
0.0101565348001178 0.000929926315196646 -0.0875557921765336 -0.188180178201364
0.00981788703948036 -0.00415356197217563 0.0701493851892957 0.131783126095662
0.0026452894866872 0.0190766332865536 -0.177633503330952 0.0112695061075221
0.00635821426142188 0.0117816146553466 -0.310796036062903 -0.284058915011725
-0.0092982029288026 -0.00996834569394928 0.193484032229239 -0.508299236538214
0.00103225278579826 -0.0378399501537787 0.739647168461341 0.015569855099915
-0.00142974988313033 0.00243518885927544 0.330192308545502 0.775495649842064
-0.0224562986494179 -0.00906831164760468 -0.308015887789056 0.515536367061252
-0.0191020767371872 -0.0233445450882173 0.0773641402824182 0.0303066939034607
0.00161655496507343 -0.0154489976588601 0.23066140257541 -0.615212893375491
-0.00620336922874112 -0.0169875106891634 -0.582844470139542 -0.679640983252921
-0.0169842875599078 -0.00551268820263804 -0.769770717326943 0.271049831619611
-0.00917716650249548 0.0261871459503546 0.029553907661988 0.61217905249104
0.0146397685642334 0.0292743822864296 0.38805159323833 0.188176876218369
0.00934579749278895 0.0032061687175528 0.196766322518444 -0.0991893534509529
0.00684991946330285 0.0077210655050043 -0.0900449464253493 -0.183148614953381
0.00658987609292253 0.00286878485938685 0.0665920775930022 0.138368077723034
-9.85068642487194E-05 0.022026238723948 -0.179010158946804 0.0181354624255415
0.00405472426702918 0.00948552816125589 -0.321141089489435 -0.276059116506623
-0.00470672096625935 -0.0146055327797215 0.173690847994527 -0.518111724220148
0.0169060443573259 -0.0358975502149154 0.739093314575152 -0.0233212558967293
0.0119630391510479 0.0208386133561932 0.359993615292002 0.75026857978893
-0.0348763291960093 0.0166568059502367 -0.293975094909987 0.519306079769368
-0.0418675293961277 -0.00224338416498908 0.0772334407298129 0.0326954612740626
-0.00395294516197667 0.0101122023217758 0.246258771464749 -0.613608083072855
0.0114939203945299 -0.00317853004231872 -0.560811696311696 -0.715103334714737
-0.00159006121824132 -0.00935749974046872 -0.784263505622364 0.23456981355069
-0.00939290475894865 0.0223665639731454 0.00453375998811176 0.610516349947435
0.00940392776513544 0.0282162319244563 0.381642309698351 0.203805860071924
0.00308018216912383 0.0103997257177742 0.197753721791604 -0.0910885688388786
0.00309729026776509 0.0176999341140609 -0.092157337924261 -0.177309373944727
0.0031729105849026 0.00908377013599693 0.064594084454474 0.144877943327662
-0.00584773009589353 0.023783555096058 -0.174640003046092 0.0305387416069461
-0.0024231334306531 0.00508909653900725 -0.332499363572794 -0.255511979789127
-0.0031491261870979 -0.0208495242619529 0.138262306456336 -0.53079472905338
0.0314420239637436 -0.0358792482169818 0.733398081298724 -0.0845218192969041
0.0267261814252747 0.039237803761519 0.410174064513294 0.714992787248213
-0.043819846259393 0.0415759224734264 -0.269458389288143 0.532157457255959
-0.0623051637675276 0.0181699680449056 0.0677346802965295 0.0435331360457336
-0.0127676639506267 0.0335648411544772 0.270643991616181 -0.599036749122689
0.0271280816256488 0.013996392791171 -0.515441108364442 -0.756783419355843
0.0156243442810887 -0.0106809815663771 -0.80809601261481 0.176036753328839
-0.011702263441646 0.0144060784351048 -0.0380739932481262 0.60983487079066
-0.000335546118719669 0.0259657142629589 0.374042555471859 0.225011113373756
-0.00482484106716517 0.0158250552921186 0.205292572650102 -0.0774565606884416
-0.00293017408809392 0.0264885352869737 -0.0926608467148111 -0.17146034381218
-0.000567583299915669 0.0155432182556304 0.0648225143000431 0.151662827827204
-0.011755214798208 0.0248164450641471 -0.165956923164091 0.0441757472010584
-0.0112178464797156 0.000727130565517883 -0.345870873696741 -0.230909780533016
-0.00533988715157724 -0.0270578944428672 0.0935713592792322 -0.536991879104184
0.0420324567273922 -0.0348247592674647 0.715900848477966 -0.151682566123115
0.0414851394032425 0.0536306908251998 0.4691111128379 0.67022285981035
-0.0491415297283824 0.0604764734500372 -0.238415345196544 0.552900970535878
-0.0782569310883173 0.0320513534835447 0.0520072893341717 0.0596720654462599
-0.0226228314719118 0.0514245660168827 0.302849865954014 -0.571367435903292
0.0364010585701956 0.0333240495924534 -0.452490831031946 -0.802447235213305
0.0323894215827837 -0.00853950779836121 -0.829562561503107 0.102773703797388
-0.0140478811161101 0.00674180444507044 -0.0932210638296161 0.608748150601082
-0.0105470022004322 0.020763387182262 0.361931304524799 0.25484830803436
-0.0135598882919227 0.0184709488166298 0.217093924751253 -0.0632214390661269
-0.00974198606816893 0.0344680070597039 -0.0892946763355243 -0.167762705421671
0.0108775890013496 -0.0150513214722895 0.0829931556670429 0.127825722528508
-0.00908661324224836 0.00256285420950795 -0.150986395851082 0.0236769436930254
-0.00953217183014496 -0.00511265326227736 -0.331691162540743 -0.236103356336231
-0.0236119561203868 -0.0152253935867878 0.103897658030268 -0.500526712442113
-0.026580640496599 -0.0313747546736765 0.708852533210847 -0.0944477071391154
-0.0264864938911283 -0.0155595388135512 0.452099891944383 0.710681337106191
-0.00970859369324326 -0.0614974105475143 -0.266254380332231 0.584397193978896
0.0244580011626853 -0.0731497539772935 0.0139782540391578 0.0899182282720052
0.0137889503396083 -0.0645657904156795 0.275279974027548 -0.527398540669699
-0.034535717153406 -0.028193069463515 -0.458143416006418 -0.736993379523415
-0.0392053016062626 0.000753074176139179 -0.810592869577895 0.168205314520605
-0.0323225854374072 0.0203427632498313 -0.0580800266400981 0.638458345592683
-0.00384392235361347 0.0154819561996445 0.37319592305577 0.248283584837204
-0.00307115848521908 -0.0115796501248205 0.227879305976206 -0.0753696592907863
0.00540970679686749 -0.00547422392580226 -0.0740272379882173 -0.188329872624143
0.0133916419765576 -0.0152010599511762 0.0826625813285945 0.123010205691916
-0.00356781798009554 0.00580860215248446 -0.159753223990966 0.0161123330009733
-0.00192769274094972 0.00160005236673683 -0.319769241619786 -0.251312040399356
-0.0217136536601801 -0.00979504070741923 0.140149745904392 -0.492199088333138
-0.0280620787624485 -0.0347202439934102 0.726633937368346 -0.0327482134793804
-0.0254490453065595 -0.023354172535669 0.393621060073433 0.748059937769318
-0.00485017495463447 -0.0613421989623946 -0.294893380239204 0.560908052271521
0.0230859102356499 -0.0704124816353709 0.0352487019458354 0.0692978715544703
0.0118658869667779 -0.0628913854669537 0.250522014028765 -0.557963141651804
-0.0362381123775535 -0.0311237391107111 -0.517104725868596 -0.701856652882769
-0.0426168862049933 0.000622657041130771 -0.789835901211896 0.228854874040275
-0.0264096249012693 0.0256738290635674 -0.0157282200561605 0.636664092397923
0.00592718392594858 0.0207193467027641 0.381778200207052 0.220804238225899
0.00478879011729188 -0.0107045270882813 0.217570402061278 -0.0898065992854924
0.00959550453413241 -0.00743056190499729 -0.0787197960738393 -0.191290179240412
0.0135947883972727 -0.0139463510150887 0.0777287825101763 0.125185007301876
0.00064690830100724 0.00974562007999436 -0.167818365024355 0.00913716891355822
0.00300306867995851 0.00743812103673722 -0.312437346370877 -0.271042463889052
-0.0182767751849368 -0.00762047419883649 0.172110164541292 -0.491106732393885
-0.0239667574896557 -0.0380890588946796 0.733063235059416 0.0106230332604658
-0.0204653768978844 -0.0228696864074923 0.348720528920268 0.769902337889351
-0.00541311826590899 -0.0509164454148252 -0.310642897668021 0.537154696342594
0.0148384368531301 -0.0595788088545897 0.0545783753235356 0.0504407603790963
0.00886487296120698 -0.0551183419126235 0.231227374365269 -0.583329669953772
-0.0326447335484814 -0.0303305799460629 -0.55904081906576 -0.672757781182558
-0.0387891335856076 7.56132985309591E-05 -0.772325816224659 0.266801754827795
-0.0183837959669379 0.0283165219445479 0.0183174830487625 0.626620908028582
0.0122330320837574 0.0244333367664251 0.388489696391445 0.197766843123504
0.00912573947554019 -0.00690038511458282 0.205679630479312 -0.0983255956110146
0.0101654476827219 -0.00441104852196366 -0.0834590690444974 -0.190659616397726
0.0123987297845137 -0.00938225287510436 0.0745398725875269 0.127373103823661
0.00363047304582962 0.0154212040092393 -0.174558503291154 0.00837199431298089
0.00561230664975426 0.0118120119071999 -0.307706229455587 -0.279466699193903
-0.0142370959321974 -0.00673066816490866 0.190352897930296 -0.495144962340995
-0.0139419181623076 -0.0384829879566666 0.735656810577902 0.0256974802901781
-0.0111056944060679 -0.0133360289232021 0.326900104337656 0.774599076478401
-0.0111928820647808 -0.032692475293179 -0.313516154299746 0.521730697139203
-0.000583245173622064 -0.0435729512397569 0.0689828315414447 0.0364598321121148
0.00511791703657333 -0.0369112045132105 0.223888598172208 -0.601981531660794
-0.0207695682475304 -0.0262684855738857 -0.579621770967956 -0.666571573036551
-0.0300486231659971 -0.0024457361904129 -0.763468555061569 0.285235397309393
-0.0122633793358174 0.0285746215458472 0.0335635401245127 0.614729882732149
0.0158229041219786 0.0267974388767828 0.388349398577507 0.183479994805158
0.0103734362718887 -0.00217327753765813 0.198382816673845 -0.101483863701653
0.0096914340872127 0.000387453743951242 -0.0880452342474753 -0.18777625254926
0.0103314527620424 -0.00368696756197473 0.0708394711525385 0.131315496553961
0.00293357962083586 0.0191229575946194 -0.178861513642301 0.0110439382265928
0.00675056506888296 0.0124049381036644 -0.310353391372778 -0.280977546294316
-0.00908559284192762 -0.00901355604121155 0.191614350376613 -0.502936751912883
0.000687115281715963 -0.0378091985908161 0.736086575426464 0.0145599882218321
-0.000211231082726658 0.00222369297017126 0.327590834235592 0.770517317202347
-0.0227373751571527 -0.00793545418637101 -0.307065015992142 0.512622875926689
-0.0194499990866948 -0.0229528591490596 0.0759578644969885 0.0294097490655804
0.00179620142524894 -0.0147023714845967 0.228729134922954 -0.611499533524453
-0.00556088907869802 -0.0160257356416977 -0.581396942551882 -0.67658436264209
-0.0161599105166519 -0.00646053900202851 -0.766630055482303 0.273074383965748
-0.00916674114655567 0.0270424260570663 0.0304295986741198 0.609584076681854
0.0143069006615471 0.0283830899973691 0.386562057000068 0.185179192097909
0.00901358904941313 0.00410727571627879 0.194312120773514 -0.0996918265411096
0.00773754186968559 0.00863324463163207 -0.0913588837024341 -0.182268122933657
0.00737666096570988 0.00309434624603072 0.0675955257745784 0.137982303531296
-5.75316177918268E-05 0.0222967576261768 -0.178766240206611 0.0195356702175976
0.00447067125864684 0.0095434384946303 -0.318897969806568 -0.271731172516682
-0.0042266503319691 -0.0138255261197416 0.172637942907481 -0.515148272249201
0.0166930663977318 -0.035947538069398 0.736115946670399 -0.0238882617255873
0.0127581714429909 0.0214576280985006 0.357732739485611 0.745794321899071
-0.0343742500928055 0.0168293601091644 -0.292574455831243 0.51612517609854
-0.0408297681647753 -0.00144261804089746 0.0757628594349019 0.0320292054702231
-0.00464348153246492 0.0101014182949344 0.24406044707773 -0.610107889973888
0.0115395013780319 -0.00255466562701566 -0.55885170700766 -0.708436534414104
-0.000675801185918366 -0.0105656164409318 -0.780966623930129 0.235287120730529
-0.00877964439855087 0.0220682601069494 0.00561655690730388 0.607793316768708
0.00875491617406837 0.0289151659772116 0.379608270904347 0.19831664455819
0.00307076237351968 0.0114551012188074 0.197968780996474 -0.0914004392025034
0.00234638813498326 0.0186235338308313 -0.0917699088310162 -0.17613336088925
0.00282376773300556 0.00987771126768289 0.0659193960731959 0.143699958468601
-0.00450084830795702 0.0236713836686529 -0.174116911212555 0.0303005782682026
-0.00166581087695525 0.00449224006625043 -0.332160871338772 -0.253637025294579
-0.00353598686939923 -0.0209523418246669 0.137112807484349 -0.527002261579387
0.031572400404066 -0.0346078514535337 0.727745987907589 -0.0830580040181297
0.0278357081675134 0.0397211115894568 0.409403175212093 0.710959622438253
-0.0438662609426047 0.0423526242518818 -0.268508821484651 0.531077447405988
-0.0620278132671369 0.0188282617905632 0.0680559652077628 0.0429164564927076
-0.0134704606502566 0.0334224389381439 0.268835004869443 -0.594209954226927
0.0270273717669979 0.0132975386936048 -0.51406500500344 -0.751734145460783
0.0166558626324261 -0.0113574943301129 -0.805263015697694 0.175675309252959
-0.0113129681157225 0.0143466185804297 -0.0373741549993485 0.607598956630576
0.000209645522998698 0.0259624841298698 0.372300771232438 0.222046824114477
-0.00480569046077535 0.0177436218730416 0.204654056979948 -0.078794914306185
-0.00308907291982077 0.029136993892499 -0.0920394144283928 -0.171695855932995
-0.000827599929665961 0.0154894024469908 0.0660708907063431 0.150776090191008
-0.0115545654350741 0.0249613597324885 -0.165658759470449 0.0454880787613972
-0.0108058517744084 0.00117625472914392 -0.345450567037163 -0.228185329281937
-0.00513396270862625 -0.0263934127310358 0.0899897316676023 -0.533716784013992
0.0419694518533737 -0.0360217192469756 0.712150321312314 -0.151076427499454
0.0418235681390945 0.0522906866089074 0.467799309331399 0.664267459862577
-0.0481683710634149 0.061290031859455 -0.234696802875945 0.549850978927499
-0.0775695993328295 0.032465588238814 0.0510813277789924 0.0604063941737749
-0.0230999264150317 0.0509468689353151 0.299021445698258 -0.568606747027732
0.0368679263494957 0.0325277874641603 -0.450000578877683 -0.799371196674274
0.0328236995469894 -0.00869325079171013 -0.825705063474098 0.104177306329232
-0.013917823405814 0.00598030232752962 -0.092065554842086 0.606693322224787
-0.010369737637564 0.0198340030694919 0.360516009313347 0.251972113547334
-0.0141010810733331 0.01970940770816 0.215684070055745 -0.0630411556905218
-0.00954180013433796 0.0351195141828957 -0.0902039713962869 -0.166520690737469
0.0111173474125805 -0.0146858098273048 0.0836477217520514 0.127115843343213
-0.00938755765626563 0.00159894666488833 -0.151211263215611 0.0233233690975379
-0.00885142562292127 -0.00418511584501317 -0.331703647256313 -0.233708452872484
-0.0238532921440829 -0.0144884262375133 0.101091238560833 -0.496554350913491
-0.0271555426507853 -0.0316241909841146 0.705592074165583 -0.0928142685796205
-0.0261091215020877 -0.0151958740125596 0.448361878082603 0.70775735194239
-0.0100663577203158 -0.0616588956158351 -0.267597088173747 0.584331043695483
0.0238541912880081 -0.0720349556981858 0.0135632722466264 0.0889850878140797
0.0131475377704714 -0.0638869048823119 0.273486073081339 -0.525027762006687
-0.0354665127809413 -0.028229367121184 -0.45559840186704 -0.733905565631925
-0.0385973019262175 0.00123707995677191 -0.808228192436442 0.169216849349953
-0.0320788061153452 0.0204049953955456 -0.0574750604267161 0.635094936296918
-0.00419033677395922 0.0166001722632887 0.373703928294118 0.246174142264935
-0.0035500671160071 -0.0110229795196279 0.226746654380138 -0.074696818964984
0.00589524135442212 -0.00520353014513359 -0.0744375747145439 -0.187588071262055
0.0123941303704922 -0.0155692113828045 0.0824948060154244 0.122873984423709
-0.0029052225707811 0.00521702439463183 -0.158978882053431 0.0160761616064922
-0.00155266084516282 0.00210530312644989 -0.318288773357559 -0.250006019953799
-0.0223585629763846 -0.00936442475060112 0.138276060141243 -0.489017086351957
-0.0280867167071177 -0.0351469330774739 0.725339632641124 -0.0315180765922808
-0.0252115792401098 -0.0234378439962614 0.393434014656355 0.744977686472449
-0.00452765656918292 -0.0602184568075734 -0.293385417275024 0.558431514389559
0.0230366158963484 -0.0694033479849214 0.0356724841610371 0.0685058040802998
0.0103220690377726 -0.063511790676942 0.248967975401041 -0.556145086435168
-0.036733426269016 -0.0315808474426996 -0.514045956616514 -0.696694789127338
-0.041841297361528 0.000733895718945502 -0.786460498287571 0.229789523294236
-0.0258107969678745 0.0256822724688552 -0.0149812222424868 0.635324934761157
0.00514824520757104 0.0200796138593511 0.382510725480485 0.220850031844716
0.0046602249271607 -0.00978336677130386 0.216811523310675 -0.0890307231096433
0.00988034037951806 -0.00646134359266589 -0.0795098431574617 -0.190561098967965
0.0136960950198372 -0.0129858884827177 0.0788486365819246 0.122736844543272
0.000958121971981958 0.00998414600907738 -0.168215862457227 0.0105951832080409
0.00336073157001828 0.00818744866040284 -0.309982737107507 -0.267543992236362
-0.018608164112325 -0.00731217202906194 0.174121199490951 -0.488083913318837
-0.0234499683942131 -0.0374721171555671 0.730528578640396 0.00912958790050643
-0.0197343918494242 -0.0220390540462384 0.347989340019429 0.764923065171614
-0.00510649897910491 -0.0504527808573573 -0.307555207836702 0.535436304930823
0.0146620296372954 -0.0595258067758594 0.0543483121927292 0.050916529670714
0.00814944157812527 -0.0548769571093191 0.229100019858929 -0.581091230064726
-0.03215770592245 -0.0306056551494672 -0.557010051028169 -0.671106584932837
-0.038207295238223 -0.000377728733378279 -0.767954485408378 0.268035339280023
-0.0181642769898895 0.0283418961154597 0.018884348552122 0.624239376477906
0.0128816079920083 0.0236689620479427 0.386267978395724 0.195767328112331
0.00846717676473506 -0.00707420658537675 0.204847703378848 -0.0989517406654878
0.0112678578493815 -0.00466931137008866 -0.084317609727598 -0.189582518145186
0.0123488637186601 -0.00910726438441461 0.0747256507064244 0.12513450473741
0.00319203155850306 0.015461554354077 -0.17397184603706 0.00907618316258052
0.00632059604977502 0.011567419694833 -0.307427522173744 -0.278811962065354
-0.0139820955638321 -0.00625209000324986 0.189895716269421 -0.492176721408482
-0.014123941027768 -0.0382733504391658 0.732616384197091 0.0254448823351702
-0.0110489958511621 -0.0130907591030978 0.325705689492315 0.77345672853888
-0.0110618904187403 -0.0308329482245765 -0.311222179975356 0.517417905536191
-0.000593701240521805 -0.0424830360810682 0.0681182626158813 0.0366360803957293
0.0043379529093827 -0.0378629290507483 0.221689701016498 -0.597869987194974
-0.020848034321454 -0.0247730840731065 -0.57960565961107 -0.661198546409115
-0.0296060086183059 -0.00259591785507118 -0.759532057336733 0.283104001191871
-0.0125601314528218 0.0296228119712589 0.0338223869082087 0.613013767175149
0.0157601175266783 0.0265322825241853 0.386071183548645 0.18237371702527
0.0100595227624558 -0.0013580312571514 0.198245456220005 -0.10202106634526
0.00992824070163405 0.00137414158619525 -0.0879202450442213 -0.186545534042607
0.0101701239559761 -0.00309748065372489 0.0712136175895691 0.130340276592886
0.00290751893093001 0.0192305493655949 -0.177486056144001 0.0124532055713529
0.00660535707894983 0.0122637851025868 -0.309955032713279 -0.278061262984494
-0.00917582163471212 -0.00874768900079747 0.1894693771745 -0.50050364246169
0.000312025197737169 -0.0378075272839049 0.733365966479261 0.0135594627446161
-0.000394390877551297 0.0022776549101298 0.330599263091374 0.767095626467504
-0.021941937663713 -0.00867207948569033 -0.3047806365905 0.509807416150377
-0.020266453543821 -0.0221836835363026 0.0762971983708833 0.0301917580935362
0.000748525079070837 -0.0154048575510751 0.226997541371738 -0.608393786366548
-0.00606603792024222 -0.0167637911600166 -0.58020977347454 -0.673948970376679
-0.0169785907922004 -0.00664825009732941 -0.761878421993842 0.272854797245582
-0.00876409700924626 0.0267616540105861 0.031827276221861 0.606218343500363
0.0149239396254252 0.0283998491828839 0.385320276988586 0.184543700292955
0.00896300738820654 0.00501404364170515 0.194310470817182 -0.1000151332614
0.00768048035064715 0.00905289440956994 -0.0917907897214445 -0.181310442467483
0.00637235870170962 0.00340319062111352 0.0668336325113855 0.136185704064779
0.000953656460689998 0.0224029284783603 -0.178069208923887 0.0198678246109279
0.00418808087336244 0.0098349225630979 -0.31805292187951 -0.269160945477858
-0.00508192784189363 -0.0144946227758814 0.172725875777444 -0.511046738983777
0.0164801818509652 -0.0358584302609023 0.73292470824088 -0.0216897007320924
0.0138715779482779 0.0207249674377065 0.357269381701884 0.74268268184672
-0.0352537928751488 0.0173845906723115 -0.291293960197319 0.514106162505901
-0.0416788162933417 -0.000999546004867216 0.0754037319986519 0.0321772163838671
-0.00460283750880717 0.00972921832198784 0.240567003920134 -0.606921960365779
0.011921374446273 -0.00303112764242065 -0.556464053467445 -0.705038221060404
-0.00135022110191247 -0.00897488782272113 -0.776221306754835 0.233461116149676
-0.00955127136226625 0.0218951801526559 0.00653645220264155 0.604961690980335
0.00872466042353219 0.0281154564527886 0.378939100187653 0.197448648200276
0.00320583718610229 0.0126796138880028 0.197429499371562 -0.0915466891813402
0.00319950963912546 0.0178665202125036 -0.0924973011950976 -0.176043127191209
0.00320906234986587 0.0101169212510734 0.0661516834179048 0.142858025773171
-0.00426812661845618 0.0244954548677652 -0.173520119133301 0.0316729266961244
-0.00126137906373277 0.005578385566757 -0.331580035283272 -0.251404346387145
-0.00277294511241715 -0.0204416795150394 0.136466698766434 -0.523753194342742
0.0310503827685648 -0.0350331455829604 0.725346137839534 -0.0833438144029041
0.0279073014304126 0.0386564254782865 0.408174845424696 0.70578715504385
-0.0441605623529487 0.0421130551826355 -0.266982802085768 0.527720969511934
-0.0622368211219923 0.019157609600257 0.066992359827854 0.0423827716154028
-0.012757194687015 0.0339675469992229 0.266861568304769 -0.591268137893871
0.0263200673880385 0.0131091008947289 -0.512750191935557 -0.747023192745107
0.0167615759109058 -0.0106010701081502 -0.80024454812638 0.176077175456242
-0.0113697165926066 0.0152358282333622 -0.0363475647392609 0.604106161345613
-0.000747466884957198 0.0253682071152732 0.372225167159121 0.219932503922348
-0.00456646446312215 0.0174221575432337 0.204156127266845 -0.0791080799870356
-0.00276154252814078 0.0274208167241815 -0.0915538128671557 -0.169654364899194
-0.000708645498066186 0.0162457937900807 0.066652683570075 0.148531453394727
-0.0115116804704677 0.0247151911600194 -0.16424687283617 0.0450513789519124
-0.0105761047798289 0.00101123525401651 -0.344743673546758 -0.22568154374157
-0.00457275180232726 -0.0265082583545528 0.0900285524955597 -0.530747643449503
0.0414617654630238 -0.0354088967512961 0.709478018992707 -0.150826428160265
0.0422643971411083 0.0513866626033979 0.466009783840716 0.661518907396456
-0.0476610132033891 0.0617010746957883 -0.234620729215854 0.547367182003792
-0.0777858871442767 0.0327605497795295 0.0518739205979131 0.0591660823136401
-0.0238643922412045 0.0517047779431743 0.297252770595035 -0.565445454716922
0.0366490491872113 0.0320690689508942 -0.450279797103381 -0.794284032483053
0.0327911264949318 -0.00925578138308465 -0.823073775966979 0.104619435626156
-0.0139912221104927 0.00607711792409429 -0.0905033320998969 0.605585327174051
-0.0104497618439219 0.0204195860558587 0.361449615538403 0.248814983721505
-0.0133608614662155 0.0195902036981822 0.214765433620798 -0.0625989650074633
-0.00786224490309333 0.0349795173032312 -0.0904579873976711 -0.165178354328743
