TRXV5
3
4
4
9
string Extension=J
integer IsArchMeasurement=1
integer IsSpherical=1
string Generator=SPM
string GeneratorVersion=1.3.1 Dev
double ArchRadius=0.449999988079071
integer FrequencyAxisIndex=0
integer AzimuthAxisIndex=1
integer ElevationAxisIndex=2
Frequency
5 201 900000000 1000000000 LIN
Azimuth
7 8 0 2.74889357189107 LIN
Elevation
7 15 -2.74889357189107 2.74889357189107 LIN
Polar H Real Part
13
Polar H Imaginary Part
14
Polar V Real Part
13
Polar V Imaginary Part
14
Polar H Magnitude (dB)
12 0xC0000002 0 1
Polar H Phase
7 0xC0000003 0 1
Polar V Magnitude (dB)
12 0xC0000002 2 3
Polar V Phase
7 0xC0000003 2 3
0.00847788833201048 0.00269193364944211 -0.0549392848789702 0.136947062141245
-0.0171305550685257 -0.00601519205987718 -0.144000568099884 -0.0913619313460439
-0.00776405035242939 -0.0150406677325166 -0.132796389768783 -0.416831428312046
0.000777720314489345 -0.0312679502191397 0.35981255387365 -0.412776149946271
0.0206951044791227 -0.0277575311210305 0.712293270842743 0.214179185576999
-0.00387092613616677 0.0234960345774511 0.197343143217834 0.810880365543907
-0.0351357971212418 -0.00322860453037818 -0.380576627231724 0.474867690451316
-0.0316066892738308 -0.0234701405678529 -1.33293731281008E-05 0.0880381318737139
-0.0118320888704053 -0.00139447400607855 0.46052190487177 -0.371951831371485
8.16158190301494E-06 0.00742614440648199 0.00278888757472388 -0.884952732427954
0.00380955355044749 -0.00667530748009575 -0.758266310320986 -0.385065509595051
-0.0245308219839364 -0.0149514825918587 -0.505582347080399 0.435038811594548
-0.0174708869406351 -0.00190419620231046 0.0885274722185621 0.459481318203194
-0.0130563460397107 -0.00259299664588022 0.224884862231875 0.13511229859902
-0.00419625390438724 0.0149827167621482 0.0792833156727693 -0.159995925561356
0.00730102506817762 0.00160645614617617 -0.0515432013080883 0.137816533641122
-0.0203085047279055 -0.00583432411509902 -0.143384932065923 -0.0913402873364195
-0.00900974876847621 -0.0131359428062306 -0.134090064396949 -0.415360053027589
0.00284867833026991 -0.0321436520525669 0.35697719301689 -0.420622956133927
0.0219019774931467 -0.0308764337034234 0.714563633579898 0.203111781581168
-0.00559383276626478 0.0218446484672687 0.203655647745593 0.808381871316993
-0.0380596834350272 -0.00425811534874088 -0.381347053747382 0.477808091626952
-0.0333521284430041 -0.0251757075482702 -0.00637463953670992 0.0884844753051068
-0.0142513343023119 -0.00236836262714303 0.45689505362168 -0.369134878931398
-0.00160612138411279 0.00545722532714754 0.0110482344629771 -0.887783832466256
0.00628433513675873 -0.00819483207508004 -0.753813901869473 -0.400006937841907
-0.0197112839053874 -0.0153190023767588 -0.511144059807606 0.430891383051176
-0.0188856399606342 -0.00151564980074432 0.0862916459498597 0.460166599989689
-0.0154267549792059 -0.00426454143672854 0.225823512994937 0.137274715826353
-0.00426552314357581 0.0130236216773055 0.0826173406452334 -0.159603947070254
0.00554524277758676 -0.000396310073080944 -0.0495503569701677 0.136671546361525
-0.0252297883608421 -0.007306257708969 -0.141975144125984 -0.0911562688314158
-0.010374022780703 -0.0126507478125763 -0.133367563317303 -0.413809950411363
0.00516431958032736 -0.031097476239412 0.357371650200425 -0.422962485072055
0.021067305423178 -0.0326677022394151 0.713460477355824 0.196446611312261
-0.00795960137908103 0.017614958045472 0.201439325082464 0.803683389277689
-0.0360629205629517 -0.0112637588409883 -0.383962652070808 0.478500162590186
-0.0292923603020388 -0.0290413347616644 -0.0123928075432696 0.08880596704683
-0.0124535430216877 -0.00686674167560851 0.454123162215514 -0.366250644244746
-0.00256592884552376 0.00256300598780902 0.0125712966164236 -0.88839023714982
0.0067045913840114 -0.00817017683242303 -0.753118270452236 -0.406616373707985
-0.0171573581725659 -0.0140238444841431 -0.510392877388847 0.427198228895327
-0.0213650642334417 -0.000291848403328927 0.0853230089728584 0.461198376961656
-0.0180505049760677 -0.00561313992678852 0.225442641540633 0.137951688859809
-0.0079312848562422 0.0105285340666195 0.0854446784595092 -0.159773804669984
0.003066005826159 -0.00111368546893548 -0.0472573245403338 0.135741100918979
-0.0260716864643882 -0.0061822393343432 -0.141815901815658 -0.0921088197644519
-0.0122044233628058 -0.0117114169126648 -0.128816349646122 -0.413391644966691
0.0066883032404427 -0.0294410721995203 0.363622917695729 -0.417861896462672
0.0226293933174792 -0.0316999866061145 0.711919754100735 0.205451312180759
-0.0085336497072885 0.0154235570571247 0.189979048921807 0.807837046187811
-0.0329997481431491 -0.0153919522853905 -0.392804454724964 0.47444805179904
-0.0241108433440905 -0.0322567965458584 -0.0139615942221568 0.0872489366501529
-0.00882716622820547 -0.0115444561221412 0.448550740090121 -0.370187869720384
-0.00255452262031782 -0.00112171171102241 0.000472016216648272 -0.889175092664326
0.00825244061153162 -0.00801792022249379 -0.757889632418976 -0.3965987328369
-0.0169470738684312 -0.0104922234944687 -0.503000102011544 0.433150066594787
-0.0217835218261404 0.00138388524951282 0.0910661244102543 0.463383211143975
-0.0205067321661953 -0.00640040726953723 0.226047773509443 0.136200425459409
-0.0107297812855593 0.00997233062288106 0.0869969555398741 -0.161791235021743
-3.99544662387122E-05 -0.00070809614774818 -0.0469472120719101 0.134890296329585
-0.027487188368466 -0.00561362103512983 -0.144232687375581 -0.0940643063866407
-0.0129156441839096 -0.0101070828199174 -0.123836437496176 -0.413464353568988
0.00825903189424384 -0.0267769691891379 0.375631720823299 -0.409875515288031
0.0244955735864507 -0.0295326018106617 0.70973436851495 0.218518528352091
-0.00865835337308357 0.0147060897728375 0.174672209163172 0.81036809202973
-0.0302494135794808 -0.0177273105026327 -0.40198776476011 0.467556175884236
-0.0190246117229186 -0.0331939890266448 -0.0150705757258702 0.0849023834877778
-0.00585204141921803 -0.0129187192853589 0.441138618026363 -0.377844168848966
-0.00258421559702224 -0.0020212202939904 -0.019055333926734 -0.888504630581177
0.00724072923017724 -0.00687112902881893 -0.76070302946927 -0.380711974497195
-0.0179203634157635 -0.00792559389013945 -0.490842257537411 0.445524636050493
-0.0237927889597268 0.0027176284334778 0.0973019440398491 0.464195014898171
-0.0215036196569486 -0.00485132934010225 0.224728357189888 0.132252226664601
-0.014096393384814 0.00943219362196017 0.0868242875742086 -0.16293047051188
-0.00269159998698423 -0.000134501408060889 -0.0474283090510525 0.133982934165015
-0.0264115160063052 -0.00363716826892682 -0.14500709960104 -0.0967486388636268
-0.0121900178024393 -0.00958181634125239 -0.119292776755985 -0.410893794148079
0.00822572339787944 -0.0243678038432631 0.385668765903394 -0.397835541832682
0.0252762407210252 -0.0275518521473553 0.705602629756259 0.233091622751253
-0.00675956761497476 0.0144175310302726 0.156059330257155 0.813588986450435
-0.0270526807884558 -0.0190658705047251 -0.40860653179782 0.461982141546226
-0.0147100847567314 -0.0329901812357243 -0.0145205882642117 0.0814828059461032
-0.00220954246489332 -0.0132271271420309 0.434482315840932 -0.385437046464667
-0.000341586264642098 -0.00157289275965139 -0.0365063128471202 -0.885210119601655
0.00586346903204767 -0.00485529177379357 -0.767608871546199 -0.366744722521814
-0.0196039980200551 -0.00629986095249621 -0.478604753010333 0.455809897193481
-0.0242742024313568 0.00355738501524628 0.105209904869616 0.464211301526266
-0.0212864331254705 -0.00338616458081254 0.224071324509228 0.129318478856529
-0.0166114163411196 0.0116452750391924 0.0866317444496102 -0.164748145500039
-0.00546199172200168 0.00116172909523019 -0.049042931768874 0.133211258600803
-0.0249792762397507 -0.00122066883632069 -0.145950640661425 -0.0984212973193175
-0.0121896511959536 -0.00879426538344403 -0.112661475797885 -0.410002959153856
0.00646066059497706 -0.0216068677811047 0.398230379495337 -0.387134409677794
0.0251379201157384 -0.0241175417880692 0.704310180254914 0.24990365096987
-0.00496082187269891 0.0153144836297424 0.138815931668522 0.818034119968248
-0.0228485460755175 -0.0180449396369331 -0.418888746547909 0.455176254845509
-0.0103679714641026 -0.0325477776607918 -0.0128531270694185 0.0790578479832702
0.00182230001099804 -0.0111385978536767 0.428075492769792 -0.392913395229817
0.000593012510290231 0.000156903893812278 -0.0537846846115081 -0.883505426291332
0.00545369470486515 -0.00313154308653586 -0.771828602760924 -0.34880119709005
-0.0214834709322551 -0.00297999446300179 -0.467287572738473 0.464099719718988
-0.0241157606250882 0.00607225561956938 0.112125503171525 0.465063425471386
-0.0200357143666354 -0.000743198852145438 0.221673695040522 0.126518349823932
-0.0189322298493274 0.0124264390221242 0.0839426375013946 -0.165441651733172
-0.00599992929462093 0.00289859876340617 -0.0521139989231097 0.13224864301477
-0.0228424350254704 -0.000310291745950862 -0.148750955206452 -0.100004648355773
-0.0110723882822226 -0.00924603783034306 -0.108052277921753 -0.408750564470134
0.00370960538108971 -0.0201978416326947 0.406871362350592 -0.376594847500532
0.0246013118618687 -0.0208542373314077 0.699659040388466 0.26766658371785
-0.00229695745145422 0.0175217253227709 0.121717331256613 0.821259548129087
-0.0191153338571878 -0.015993776450904 -0.423947417630786 0.449556642404404
-0.00831602509646051 -0.030122619471972 -0.00874464113508322 0.0775828690587892
0.00475605757863769 -0.00864297479845378 0.427043460286565 -0.399116379890076
0.00425445661750926 0.00202588232468871 -0.0697335253408634 -0.882657428184844
0.00334863150927155 2.34880741489321E-05 -0.776109014764875 -0.330797606752966
-0.024357426864389 -0.00110611776692636 -0.458471917681395 0.476028628351679
-0.0232515909002473 0.00544174061767587 0.117376717927108 0.465857847993837
-0.0180474095163399 0.00159376028392811 0.220408412663349 0.125920767681224
-0.0204518103534441 0.0144964634330818 0.0814303166097547 -0.166735570936723
0.0081691692223252 0.00358381086867493 -0.0557303213755607 0.135626445533215
-0.0178918698187979 -0.00586222197689622 -0.144645503022146 -0.0915463806473568
-0.00809425700063975 -0.0140295159858142 -0.133932832129508 -0.413034890036342
0.00095659626379661 -0.0313068379128055 0.359173953669689 -0.413714019960823
0.0207498905770695 -0.0282732479755963 0.711235129386617 0.215264640004326
-0.0038512948805959 0.0240447989920272 0.196462437299491 0.810719079843886
-0.0356697565337418 -0.00390848122435694 -0.380019473489203 0.47297341137332
-0.0312338922673594 -0.0233315987690201 9.22608235946681E-05 0.0871842217204416
-0.0117627458069332 -0.00157927357483597 0.457776038998101 -0.36935888663754
-0.000188738456879944 0.00744174661280238 0.00256348503544582 -0.881730654399211
0.00435668207530885 -0.00594846130121845 -0.757345952704807 -0.38538839555378
-0.0237681906351586 -0.0149385406063594 -0.504920142895949 0.434910475991482
-0.0168112236795796 -0.00229027001540528 0.0893285802448278 0.459884608790307
-0.0129449329507854 -0.00217320415548058 0.225375304635399 0.135133423915397
-0.00436164896335317 0.0155081559860069 0.0791837152238296 -0.158394695618364
0.0066036395706717 0.00123726162334925 -0.0518538203612539 0.135816455818129
-0.0215223805355984 -0.00608573340996857 -0.143402695174311 -0.0908982385621444
-0.00933469743181882 -0.0134475556656778 -0.13609097603109 -0.414538695300652
0.0027436583834129 -0.031611634245926 0.356347001511688 -0.41860334184187
0.0214650497169882 -0.0307288390484749 0.713588698734269 0.201110445630624
-0.00544014383475817 0.0219867219209121 0.202626691847675 0.806571571116132
-0.0376115746729913 -0.005705928218368 -0.379804698397022 0.476582130872764
-0.0333101102510564 -0.0252020088225748 -0.00553018515165873 0.0875615189304681
-0.0140529804134472 -0.00366462238818212 0.455247989027582 -0.36553880513723
-0.00159403958190345 0.00544933703787833 0.0124029712164638 -0.884226556934898
0.00693147034255981 -0.00697370991865634 -0.752423876769287 -0.397875282299168
-0.0197100608619361 -0.0141773498951575 -0.508267131009316 0.428196746318031
-0.0190927589037631 -0.00170766931237825 0.0871964622519807 0.460591704271443
-0.0156841558365668 -0.00470533871098977 0.226804953473146 0.137665540357901
-0.00424451677870746 0.012647065841297 0.0824475619013423 -0.159327001444719
0.00451820126538104 -0.000973378548626235 -0.0506096761860104 0.136029810083969
-0.0247805359223185 -0.00610022972630122 -0.143330987325763 -0.0911495772044437
-0.0109379429784594 -0.0123836225189465 -0.135329737227201 -0.412939311633372
0.00528707474358622 -0.0313720823868298 0.35509047844014 -0.419094608468461
0.0215853875463568 -0.0316845914310165 0.712898666520189 0.197543571267275
-0.00713665926359157 0.0186711861647171 0.202371403715474 0.802005168651113
-0.0363468332977063 -0.0102171261062856 -0.383577322302939 0.476308428986511
-0.0303666384782143 -0.0281065639177829 -0.0116967863872043 0.0887117018681781
-0.0122450424800413 -0.0078482478192374 0.45240528925218 -0.364780684985493
-0.00312691614498204 0.00102219396798735 0.0109475420539862 -0.885078273128693
0.00763938158473938 -0.00853357430203756 -0.75024700402761 -0.404736241683837
-0.0176422552949663 -0.0135292378522938 -0.507159614605477 0.428437003108928
-0.0204953132791816 -0.0014065953650182 0.0839020872194608 0.46196177913228
-0.018962242605249 -0.00575671853585686 0.225613769951752 0.137101618482862
-0.0081127154787985 0.0115186493274871 0.0858244400015451 -0.15872822187412
0.00240745355449344 -0.00112618072286383 -0.047662621699757 0.135951694160513
-0.0264999584510301 -0.00626560034967728 -0.143081371352277 -0.0939195763818827
-0.0118914878050996 -0.0106240839913125 -0.131557544922789 -0.413354364150688
0.006598345193988 -0.0291858983630648 0.362900760913092 -0.416141509259002
0.0226696572335312 -0.031216581553201 0.710134386586634 0.203626321829854
-0.00842878816929345 0.0162475779738674 0.189674030275181 0.803690895721229
-0.0338289622215219 -0.0150454545278667 -0.391123886972946 0.473754116753003
-0.0237127287685755 -0.0317389956891351 -0.0142120658257434 0.0876228531064579
-0.00936998966874028 -0.0117112218157421 0.446682055145083 -0.368855552528034
-0.00305791705776278 -0.000494688670126316 -0.0013056824466927 -0.886498827960916
0.00886124516662807 -0.00855752649240841 -0.756119498928652 -0.396140476469966
-0.0173923177151009 -0.0114024453718135 -0.501045536815144 0.433994021379529
-0.0218212908385361 0.000701755181644302 0.0899733781420085 0.462389510512732
-0.0207151935000858 -0.00548261858004143 0.226049356628028 0.135648265691772
-0.01047138579527 0.0106070032119205 0.0872134474756363 -0.160778019151919
-0.000955986703434109 -0.00101745455387002 -0.0470756997480755 0.134730702614069
-0.0279112366976987 -0.00441118896304795 -0.143788665737959 -0.0957647619301387
-0.0136281851861139 -0.00981344422140591 -0.12558593425459 -0.41201008871043
0.0083527039643879 -0.0269982461646453 0.374740984921193 -0.408685440473191
0.0241919865029931 -0.0302543426418182 0.706206615617075 0.216536640885919
-0.00783569673638122 0.0142962639927315 0.173427575528905 0.805261545468006
-0.0309402740549376 -0.0174191585883091 -0.401272466711213 0.46711815202196
-0.0191836385101196 -0.0332087719576596 -0.0145737045062514 0.0852686978354959
-0.00611445866407655 -0.0138557969933551 0.440777409370592 -0.37619465298578
-0.00145375647004314 -0.00249102591180798 -0.0190288070938604 -0.8863828281251
0.00673847866745008 -0.00641385476493576 -0.760218606053199 -0.380186771673328
-0.0170397564330044 -0.00780889817354096 -0.488977767174987 0.44372672182149
-0.0236126285481254 0.00294330537030031 0.0974279559439543 0.461927017640774
-0.0226319740089091 -0.00450971694783745 0.225907791176276 0.131826681479639
-0.0141132471700695 0.0113871787178746 0.0882740384711625 -0.163147939738846
-0.00282509181889756 -0.000728823359079813 -0.0469991245120242 0.133104737633828
-0.0264942915909703 -0.00260993062974949 -0.14614841568248 -0.0967656976065036
-0.0126873299684013 -0.00908048259758105 -0.11945174363715 -0.410489147507361
0.00705718903506822 -0.0241572185116575 0.385589505056604 -0.39804825463071
0.0244971222908089 -0.0273823445483959 0.701913300452192 0.233834114983816
-0.00627150082485955 0.0149910434792047 0.15563506773918 0.809989640477506
-0.0266112713696472 -0.0187953853653038 -0.409886864332265 0.460146986866282
-0.014518977094695 -0.0334130920411711 -0.0139222523236761 0.0818839286528708
-0.00234338582669155 -0.0125486099911736 0.434049016411713 -0.383699185327117
-0.000384344989082717 -0.00237000460368155 -0.0346215529263422 -0.885324095201208
0.00588912886826251 -0.0052861010752185 -0.766523517852376 -0.363914551113277
-0.019244815891115 -0.00537179869251491 -0.478639091027651 0.456398218502691
-0.0245036884264173 0.00339945508546286 0.104645381428051 0.462671274283987
-0.0217762695957008 -0.00310124324857982 0.223838784484143 0.129552411586381
-0.0170604094123568 0.0109080456528389 0.0872882619524744 -0.163870820205481
-0.00582341036118993 0.00143409157696639 -0.0499063222163443 0.132011610505679
-0.0248117683416506 -0.00246297407789603 -0.146544192087632 -0.0990629699721697
-0.0118936722007402 -0.00859603532278971 -0.113711623086342 -0.409120314402182
0.00591015292288067 -0.0212668164360856 0.395770537463943 -0.386162703804532
0.0253316825598846 -0.0250649819464331 0.70058472815615 0.250137938601502
-0.00331706848815256 0.0166857849162541 0.139138394311079 0.814200545689649
-0.0227166661961611 -0.0171652697140112 -0.416020081896228 0.452056754618105
-0.0116711717754563 -0.0325354607681222 -0.0138504438458004 0.0790021709662117
0.000962843718646324 -0.0115429607396152 0.428283237109324 -0.391965045383823
0.000641007896332431 -0.00051177437403541 -0.0542440349175162 -0.882752144531626
0.00524800661006012 -0.00241399830206408 -0.769653602290199 -0.347266689116046
-0.0225511983350958 -0.00304079885098871 -0.465284612482643 0.464121423611038
-0.0242807025821574 0.00426983289658999 0.112168404179434 0.464341519506017
-0.021245301607669 6.2114785705631E-05 0.221226942849248 0.128256558237969
-0.0198922881927539 0.0132102181266096 0.0849803325834664 -0.165165710767509
-0.00577087706812149 0.00247385602897861 -0.0518792825509709 0.131683474026394
-0.0235509742553527 0.000684241090678691 -0.148750191665064 -0.101158091946824
-0.0119509299301125 -0.00859474900535996 -0.109143402572781 -0.408959847300502
0.0030796849598652 -0.0207735724329541 0.404080334295887 -0.373672241594258
0.02386426971269 -0.0211072903556321 0.697855522900811 0.266069284538095
-0.00170418834654121 0.01867192209011 0.121392987671682 0.820030585317714
-0.0198181530899519 -0.0159132740328446 -0.421778759203155 0.447110570257797
-0.00689426118156361 -0.0308219130873188 -0.00991972201337629 0.0762772326497865
0.00460018525056141 -0.00937290825018653 0.425282843261143 -0.397152352877668
0.00399765837275121 0.00187746383793261 -0.0683151051617635 -0.878558478360663
0.00390929637784734 0.000284302982634418 -0.774808010437379 -0.330742095291385
-0.0245695857574644 -0.00128012145068807 -0.456130981667623 0.473122451103143
-0.0232241070232024 0.0058035675131173 0.117401922496079 0.463465331585431
-0.0174466297855979 0.00177079869433441 0.219583804206682 0.125879591133958
-0.0204809661352996 0.0146631766409251 0.0823110505446571 -0.165379242572418
0.00864275040370553 0.00372412386361733 -0.0564254299235041 0.135726554085095
-0.0179096405754021 -0.00507993773097673 -0.146860741678385 -0.0928559813867741
-0.00724895078411261 -0.0133444231093099 -0.13620789139184 -0.414177405379013
0.000819005688789464 -0.031655193114619 0.358185844188313 -0.411799072211112
0.0205015977878002 -0.028762474749438 0.708645617497235 0.214051152531923
-0.00368912714872443 0.0239911582973988 0.194473520615193 0.807588228841949
-0.03614664910324 -0.00315036192108012 -0.379110748518702 0.471511840843497
-0.0324492821589658 -0.023196695251032 -0.00126204273221416 0.0861679610799387
-0.0121526182160224 -0.00201437529583593 0.455437969767291 -0.368409350375077
0.000355953261202895 0.00664265006526556 0.00333543675880915 -0.878563617992104
0.00405386214418065 -0.00620306350031057 -0.755537960847084 -0.384849865991326
-0.0237800641522945 -0.0145906196036883 -0.502749997287525 0.433398886945412
-0.01726245231435 -0.00323566216034357 0.0881947809253948 0.457698071704611
-0.0131688359974846 -0.00110548203710849 0.225499008576595 0.133737535323132
-0.00353448408518723 0.0167477255509211 0.0800596718505974 -0.158148185290934
0.00783771809334433 0.000675063233205437 -0.0521640159873855 0.136007639219297
-0.020996899815172 -0.00597460743230606 -0.145121123013387 -0.0926510984130105
-0.00996115908087697 -0.0129118701794775 -0.138185938565385 -0.411490576970164
0.00286115469633061 -0.0324346573129154 0.352203261137541 -0.416647805459603
0.0212843404087718 -0.0301870607077906 0.71108848549811 0.203781338638526
-0.0052502765441133 0.0237834846199995 0.203417531315182 0.802325960097855
-0.039084091061813 -0.00518976400059649 -0.378717181350795 0.474537925906772
-0.0346541779959254 -0.0252868302243348 -0.00667977685716607 0.0883180935595454
-0.0148117309177789 -0.00291936351276462 0.453628222678177 -0.365208507580156
-0.00172792318768037 0.00487914351226749 0.0105708817341932 -0.881304314541332
0.00726031965321752 -0.00704534470551238 -0.752145857789191 -0.39913497756582
-0.0199807105681973 -0.0136699832892611 -0.507449986783752 0.428123279773628
-0.018994525966462 -0.00173934690115445 0.0872127491200004 0.458853274254558
-0.0156195115982954 -0.00353956707716574 0.22627049947591 0.135444385044139
-0.00513730499625702 0.0139787784845734 0.082989665849831 -0.157654071145592
0.00459569338379413 -0.000867613340784976 -0.04906003492684 0.136400059373934
-0.0241643821720973 -0.00549784751306533 -0.144139902075712 -0.0920099111474195
-0.0110645778606576 -0.0118545259328932 -0.136806306248584 -0.410577926325865
0.00439462083792192 -0.0312885484727354 0.354685166188364 -0.419878037072028
0.0212057341907383 -0.0316465957138947 0.708706896864382 0.198400320670187
-0.00629351016529061 0.019345002802169 0.199147241483015 0.80081485908339
-0.0366932824701828 -0.0106615325979821 -0.382331225878292 0.474321911208546
-0.0297970351234675 -0.0281939142763148 -0.0110566820285778 0.0885569756172534
-0.0123286441546022 -0.00744358375070241 0.450950734844413 -0.362535237127898
-0.00396775079488849 0.00105491409796667 0.0131556719384715 -0.88342096662857
0.00790651696058866 -0.00793314558758689 -0.749204298552038 -0.404720458779621
-0.0170327750870019 -0.0128349930152278 -0.508278432809311 0.426227038533414
-0.0211731060857421 -0.000185602138814187 0.0868377955068266 0.460364369864285
-0.0191629123826702 -0.00499080562669522 0.227307999060923 0.136920351593556
-0.0068857302229229 0.0122179929984932 0.0855375943788329 -0.158619484265571
0.00283461481880783 -0.00129452519056572 -0.0475369713338664 0.134373013698189
-0.0259107325494285 -0.00553880440223877 -0.14430883030613 -0.0941510543720002
-0.0119396273187273 -0.0103182531617804 -0.131988246703618 -0.411132998447923
0.00685405047395586 -0.0290690448751228 0.362137886416748 -0.414559481239968
0.0221787307141317 -0.0322463569749747 0.706606502595739 0.204024058717494
-0.00784523387433634 0.0166311062605841 0.188678773161741 0.800153427072499
-0.0337060021856619 -0.0141502129571623 -0.391150217743063 0.470843484052037
-0.0244429025415074 -0.0320951145225427 -0.0138986371472013 0.0865015506442908
-0.00920686615728302 -0.011474983824186 0.44574345759768 -0.366358767815308
-0.00288955638472528 -0.00171679927273202 0.00109766940548109 -0.883223255894169
0.00926393281746707 -0.0073000706937789 -0.753556161066178 -0.394138155383257
-0.0170449449032631 -0.0108332864114973 -0.499808769082966 0.43084464237098
-0.0216640858991686 0.000657482825652943 0.0906240680336707 0.461353404319164
-0.0209403593443051 -0.00575213793696262 0.225853953229544 0.135141127980205
-0.0113191941597148 0.0103985529996024 0.0875573104453571 -0.160638180422239
-0.000822986085434162 -0.00193807599636618 -0.047736556223163 0.134613623708536
-0.027278901409748 -0.00477596857210486 -0.145167875258923 -0.0961761245184975
-0.0132175205696002 -0.00953756636095881 -0.125881309649396 -0.411574921398168
0.00890291555685436 -0.026806054764465 0.372223561808407 -0.405687502453337
0.0233454262253857 -0.0306502466484977 0.705077279678018 0.216489002203011
-0.00749754660645414 0.0156365018112773 0.171242013305734 0.803802956963414
-0.030878075563267 -0.0175551007446442 -0.400297322482289 0.464878934885257
-0.0197568018398977 -0.032561883230311 -0.0154667144640491 0.0846829243865732
-0.00630518681565521 -0.0137344230807127 0.438202607894628 -0.374636287733604
-0.00297298269771719 -0.00328225468153181 -0.0175012756472323 -0.883314874301978
0.00721892200237968 -0.00682991868476482 -0.75698443519808 -0.380618552744093
-0.0175444891673421 -0.00836818135738022 -0.488342050255266 0.443564535567023
-0.0237113478855659 0.00221677490913518 0.0972579284605294 0.462466629636009
-0.0221872410893267 -0.00515056376490931 0.225853334423916 0.132810959247981
-0.0142680260707057 0.0118353267851676 0.0884695835757028 -0.161165160652834
-0.0028486314752019 -0.000293803602909735 -0.0478731355113531 0.13266401795974
-0.0270309851016763 -0.00305903262724875 -0.146585643187962 -0.0980157901135343
-0.012994554223593 -0.00826731906972258 -0.121172174871352 -0.408336840795058
0.00716450154767473 -0.0235060831258141 0.384202799515908 -0.396019985378894
0.0239702740476292 -0.0275382993722318 0.702084350642288 0.23263080248002
-0.00623075325695231 0.0155836646219093 0.154842169175142 0.808761089293294
-0.027742493999583 -0.0181988304615543 -0.409257689109135 0.45699880525182
-0.0153152661749692 -0.0334072987344664 -0.0152169584727952 0.0815674586351444
-0.00296841858532416 -0.0133696424632576 0.432858104362388 -0.383341934547189
-0.000940941693948483 -0.00158563808424802 -0.0357343791795929 -0.883877305184693
0.00678257637903382 -0.00478691041661426 -0.76338197393982 -0.364583362115318
-0.0190606916064248 -0.00487890186350511 -0.477850382675228 0.455253159357148
-0.0242906692149905 0.00345501048814476 0.104454466853295 0.462399356010157
-0.0217475781611976 -0.00230223240862818 0.22414448493435 0.129671250947697
-0.0163222120831684 0.0125224606135277 0.0873000102026996 -0.163384476225483
-0.00542333972809284 0.00132838993749819 -0.049482715325545 0.130906063210271
-0.0241901785742528 -0.00118807357246623 -0.147417257757713 -0.10014353309425
-0.0123096498231551 -0.00871915127682429 -0.114560084003307 -0.409375523882879
0.00571033210940852 -0.0218035329451302 0.396279898031659 -0.383834227865628
0.0247497048585731 -0.0249178294531216 0.699278307167457 0.25197613678812
-0.00452747295044979 0.0158678952274883 0.136920518693089 0.810980895008277
-0.0239367657439606 -0.0180918504427357 -0.415045330667202 0.451558334930784
-0.011738616955805 -0.0327785554722449 -0.0113091385388591 0.0795438203288942
0.000805682015308059 -0.0132994604047318 0.426086322907699 -0.389919125110048
0.000765457635442321 -0.000658389147712332 -0.051709076948093 -0.877524353004479
0.00589029750930201 -0.00176563072394789 -0.766033033006249 -0.347487246161404
-0.021405023346983 -0.00288239546796199 -0.464885334458346 0.462594190393035
-0.0238565550033625 0.00429208376443194 0.111261173593379 0.463082363280043
-0.021083606783408 -0.000778740459821473 0.222230112722118 0.126706063000453
-0.0189419221220677 0.0134527236202555 0.0851152976427911 -0.164718914967998
-0.00656567509937193 0.00336429413644312 -0.0517412292806836 0.130780723734479
-0.0234204057109763 0.000745444679633652 -0.149746885240039 -0.101422942576908
-0.0120140644524638 -0.00846984076098498 -0.11214202672338 -0.408190979900736
0.00285915765306693 -0.0206042948558125 0.404172687947115 -0.372139228305464
0.0233128774460545 -0.0206755202768543 0.694195719864411 0.26597354185625
-0.00204695609980014 0.0179366770076 0.120541872959894 0.81748678656711
-0.0194618287132097 -0.0164082775107623 -0.42214243262907 0.447263965798284
-0.00752939691041551 -0.0297149283268306 -0.00959506513305742 0.0767046168329323
0.00483194634437921 -0.00998199009915667 0.423728993720537 -0.396220529317087
0.00382604540964659 0.00169655370843275 -0.0676152236619116 -0.877836764275201
0.0040998849910127 0.000424923015325995 -0.772502620810567 -0.330915066981048
-0.0244023511683128 -0.000540713812445506 -0.455534710443351 0.473010323223483
-0.0234380668463326 0.00491791902095802 0.117287709596738 0.463926275288408
-0.0185518282603552 0.00210478651013713 0.221989810328573 0.126284491327432
-0.0199764646209432 0.0158134951026094 0.0824379220944742 -0.164852513298626
0.00779057772055553 0.00275894648367957 -0.0564345298372276 0.13423535280384
-0.0180723939775679 -0.00455036557249974 -0.147370609361284 -0.0934464437413107
-0.00803191417694422 -0.0128274096948784 -0.13627167286892 -0.412447396965093
0.00107180372390481 -0.0313431490695202 0.357521665748419 -0.409710758424833
0.0200130941758445 -0.0294919786724573 0.70712963931537 0.215468634823706
-0.00326403474643311 0.0242859229062832 0.192930640956182 0.805020514239403
-0.0362706963721315 -0.00288594335695632 -0.377182145782408 0.470511667767871
-0.0334935844641241 -0.0237463297780131 -0.000980362605337018 0.0866008753440662
-0.0127659871929742 -0.00200172154891451 0.454774567382066 -0.366270285958946
-0.000167155022472911 0.00632287201916566 0.00449430065934098 -0.879020435541985
0.00334242860804548 -0.00594238491036077 -0.753224801428347 -0.386178926168893
-0.0235084366812955 -0.0146277854085614 -0.503205918596947 0.433157524159734
-0.017962545961283 -0.00138404163500002 0.0886152576955368 0.45669244064093
-0.0136963526757835 -0.00176292867479162 0.226039495322653 0.135302874663498
-0.00240519823738264 0.0160051345321089 0.0808617804598709 -0.157341737611908
0.00720456914109965 0.00172665383923574 -0.0520206831798933 0.134695252467349
-0.0216133007079958 -0.00627207579124872 -0.146427214906856 -0.0929591694300284
-0.0100703861545685 -0.0137166283151549 -0.139470860216911 -0.412297207545888
0.0025973713833596 -0.0313119637013659 0.35300716700635 -0.415143903435555
0.0210691195121935 -0.0311608675520701 0.708597546668762 0.204838922653811
-0.00536357499012823 0.0231588330204249 0.20255204029931 0.801628997337319
-0.0397264026847406 -0.00454943826668671 -0.378165033224043 0.473709079413102
-0.0343207209735285 -0.0244552528114791 -0.00676183589632782 0.0884449484977031
-0.0151748463820135 -0.00406895158895023 0.453262772215921 -0.364538220893184
-0.00173757435084437 0.00487732322359354 0.0123492586509693 -0.879903586547398
0.00732730678781545 -0.00692450797840181 -0.750776454837791 -0.400630925253393
-0.0200244919128887 -0.0146825850529435 -0.507069285273377 0.427923950378792
-0.0183536540778393 -0.00175402286856408 0.0872647855565788 0.458237343760902
-0.0170649431784669 -0.00306695759865896 0.226623484423862 0.135844067052089
-0.00355563154194102 0.0147777845645585 0.0835976211021522 -0.157671495786457
0.00461576605094562 -0.00057417734466933 -0.0496770652491752 0.134993738558646
-0.0249230898724412 -0.00629820884842143 -0.145827553850644 -0.0928878372392309
-0.0114271171652693 -0.011815431382676 -0.138586320727458 -0.41079732309818
0.00479576722633323 -0.0306588406623856 0.354585319058154 -0.417136113583945
0.0215189930991181 -0.0319534693733552 0.709317449073341 0.198522301940673
-0.00683437009477684 0.0198265091686094 0.200123271338721 0.799293192687911
-0.0376753821005207 -0.00909358630262636 -0.382189434143202 0.473471743847446
-0.0302841725735985 -0.0283784425403036 -0.0119153680916307 0.0889203250422931
-0.0131601933005145 -0.00795183477780062 0.449921142786835 -0.360848088899063
-0.00319109005986133 0.000828892152034839 0.011584093635593 -0.880642372938459
0.00848990474854435 -0.00759701825288905 -0.749925214690981 -0.403649710320603
-0.0173441093037553 -0.0132528348049064 -0.508215490415152 0.425323141021285
-0.0209074373855897 -0.000726699144079722 0.0843021179867322 0.45863058203604
-0.0202548151544213 -0.00464629920573741 0.227065834529762 0.137253218649468
-0.00656232404372346 0.0123367172320276 0.0871449685771834 -0.158981787234951
0.00122408521844821 -0.000431626295175377 -0.0481299400730851 0.134014896167717
-0.0265047499958911 -0.00555902971397293 -0.14541095273151 -0.095176911318589
-0.0133983916916193 -0.0100882450269663 -0.132885190531575 -0.409441748396246
0.00672514099672678 -0.0293763888802752 0.361282865581803 -0.411996379906892
0.0222224337806314 -0.0318851849849371 0.706098473024053 0.204735466792544
-0.00775471825497111 0.0163118778240036 0.187796605648713 0.799231725679939
-0.034731124141858 -0.0151473395357971 -0.390178517431882 0.468704025628689
-0.0254912245557683 -0.0314533397355349 -0.0146551605719883 0.0863943513218349
-0.00993972159048183 -0.0122578246273319 0.444860591246292 -0.366416742090888
-0.00351955883129734 -0.00238875000539964 0.000180725084035261 -0.884553346261289
0.00791143266406484 -0.00779105221851505 -0.752484037789999 -0.395631228291862
-0.0164487625310653 -0.0107258412194015 -0.499042502774397 0.430719736266267
-0.022728963731036 0.00065559035290368 0.0916038003692827 0.460549607953898
-0.021436365584645 -0.00497164072425208 0.226576968067475 0.134720116681931
-0.00944405520521037 0.0121185677892854 0.0887801993913394 -0.159931520976867
-0.000920281035726511 -0.00118193113416095 -0.0484403278929216 0.131702190682712
-0.0276578782211952 -0.00395677497299714 -0.145651989861681 -0.0963004658985684
-0.0132864499136042 -0.00857343937539834 -0.127629156681097 -0.41068149538508
0.00736668104661944 -0.0265392026101015 0.372764907334359 -0.404986489144714
0.023384461032279 -0.0301008808088508 0.702187256028549 0.217322441924941
-0.00711314902322806 0.0154619953520326 0.171929180492583 0.80410261776619
-0.0316689761851026 -0.0168583111843195 -0.399486700044059 0.462398754279008
-0.0205168037049515 -0.0332069803097151 -0.0154934597345046 0.0842954529129829
-0.00683040189075803 -0.0139265250533686 0.438496610954303 -0.373630776588029
-0.00241495706119581 -0.00205369702900484 -0.0174466031443656 -0.881428146481811
0.00810938284203189 -0.00606976757209979 -0.755960515861083 -0.379691770556711
-0.0170199970589402 -0.00880067447084596 -0.488182211408206 0.441145475136472
-0.0242348969590839 0.00205448040623301 0.0986298158582963 0.46302597375791
-0.0227271838123147 -0.00422588992666254 0.226119544766736 0.133165097325693
-0.0135544155976494 0.0118454637063442 0.088774025765912 -0.161035505220561
-0.00402420892705056 -0.00118902633331209 -0.0481798573587908 0.131445373848405
-0.0277051126497425 -0.00275300285410697 -0.147426110934033 -0.0974853023259854
-0.0128892769569442 -0.00780977207131812 -0.121203529428725 -0.407273199016581
0.00703263738022049 -0.0241915958141935 0.382812588141001 -0.393925086853507
0.0240845312161764 -0.0268575026466739 0.701117551844226 0.233817265599291
-0.00568987176133304 0.0155333786435804 0.15279762154634 0.804973944952224
-0.0269703407888071 -0.0177486414086131 -0.408059745139238 0.455801909399571
-0.0159864989712814 -0.0335242537161767 -0.0156902206919484 0.0818744024244673
-0.00297816675814199 -0.0133704255914971 0.431269840576422 -0.380948271865522
-0.00170188390416772 -0.00250953352670822 -0.0361548186247903 -0.881783696772801
0.00753880213674155 -0.00440240586077287 -0.763611928769646 -0.365541717409353
-0.0189163492583369 -0.00501855215406827 -0.476658272660688 0.454023485766995
-0.0239537059895044 0.0029612809562822 0.10372545979711 0.462116245852123
-0.0232508370472603 -0.00244236717658869 0.225674938097915 0.129831905056571
-0.017278968628837 0.0124626000696366 0.0884089582978436 -0.162276825196589
-0.0047702329218498 0.00109887197593124 -0.0499779887850182 0.130304745837858
-0.0253982499960377 -0.00115665033612944 -0.149328452803721 -0.100080612121179
-0.0123705015812899 -0.00763590956782956 -0.116187587873997 -0.406733528349216
0.00599751153226324 -0.0216253559308404 0.395244565574289 -0.382273942557214
0.0236156223996012 -0.0237447612709925 0.695536801882701 0.250811269785163
-0.00338665967449922 0.0165015543293157 0.134550174028043 0.809807385857157
-0.0236384508809523 -0.0179164285774906 -0.415202985304799 0.450455301551178
-0.0122984528815734 -0.0316636423150236 -0.013131767073288 0.0789661809099203
0.000553608444546915 -0.0132525804066473 0.426665627366077 -0.387594670708705
0.000796619358043274 -0.00100248232697286 -0.0529765447721265 -0.878208433801356
0.00499901073232359 -0.00153654629554912 -0.767598002006473 -0.347498472216778
-0.021216340684459 -0.00272247924435006 -0.464607382826548 0.463515062430746
-0.0242383733632469 0.00421761353474027 0.111432608456844 0.4623706310705
-0.0213655199803296 -0.000184413972228094 0.223535743163084 0.127391631913708
-0.018393494516998 0.0145111736852505 0.0865864097731424 -0.163032703927798
-0.00674787735897342 0.00299145069506943 -0.0525275265474673 0.129771997521873
-0.0230607171497704 0.00131946252063761 -0.150882908878181 -0.101795419795241
-0.0110621001005892 -0.00851531659445602 -0.112663664304319 -0.40602229340487
0.00304546069068566 -0.0195939689222378 0.404463020251125 -0.371175204264463
0.0235573998925516 -0.0206265993552996 0.694202422699128 0.266528782358061
-0.00200487879260634 0.0180414039903137 0.118786078465392 0.814942716340187
-0.0197654248965347 -0.0158451706874627 -0.422039831991166 0.445104318668308
-0.00881307342555605 -0.0296138780398174 -0.0096491300695681 0.0761328122090306
0.00352959795861507 -0.0106581095621607 0.422042118310898 -0.393845558558193
0.00373580634521785 0.00155305783141838 -0.0672616054680523 -0.874868716426779
0.00492532618130918 0.000810610367876996 -0.769515019998075 -0.331361812526299
-0.0238858858975255 -0.000624457284408837 -0.45614669987816 0.471724725312422
-0.0232343300413302 0.00506666050150684 0.11694805113773 0.463042630620035
-0.0193892818429003 0.0028093995546954 0.22148045947464 0.12603910094234
-0.0196636030151149 0.0168646041768792 0.0835997999062482 -0.165105731910605
0.00793321849016665 0.00276451756972019 -0.0573316241979419 0.134392222791929
-0.0178167537824152 -0.00466546283602078 -0.149765705213422 -0.0948268370191553
-0.00803258950488593 -0.0132282040620272 -0.138294798885297 -0.411538320940782
0.00010483548471012 -0.0319865675001018 0.35781897317024 -0.407737655042519
0.0202343860283116 -0.0285327470409242 0.706177674622619 0.216664292744964
-0.00253141456229396 0.0243951418635315 0.192142134854064 0.806078889220862
-0.0372856685601284 -0.00268763338735253 -0.381104731081847 0.467922814916208
-0.0328750371987898 -0.0227523869724245 -0.00225628691217646 0.0866197145402903
-0.0125648878611127 -0.00235536979899813 0.454374960113712 -0.365382809530307
-0.000975020929103166 0.0058350023883993 0.00588357686829395 -0.877039827737747
0.00396471202595613 -0.00597028023078078 -0.75433849242602 -0.387470310665015
-0.0241337273137394 -0.0145720916946131 -0.501851038138089 0.431824831924977
-0.0171879851015214 -0.00303742774987121 0.0890508128148268 0.458254496995919
-0.0140722777192806 -0.000789616201214247 0.226898341428548 0.135003005219036
-0.00325136860445332 0.0170838729284083 0.0817597428038351 -0.157471929957032
0.00721901805117413 0.00108139639555754 -0.0523507184087249 0.133936059415126
-0.0213866513512626 -0.00431778643297592 -0.147916928123256 -0.0939199972712607
-0.00987680820633203 -0.0120716735874308 -0.140943009497712 -0.409944299052699
0.0027873307781769 -0.0320163310198987 0.354266833149163 -0.41316692585242
0.0211300779758711 -0.0300962653908929 0.707702020137827 0.204875684967157
-0.00475078447511152 0.0239464444415212 0.200020897959426 0.799748063206016
-0.0396496971141894 -0.00410794447197141 -0.378425534412625 0.472368202817488
-0.0354846217778925 -0.0248806716520747 -0.00708964269894457 0.0877183586893068
-0.0149510402565852 -0.00441196735235502 0.45291568341737 -0.362970579290377
-0.00219169480197188 0.00439870845233294 0.0136496218992747 -0.879990144938635
0.00762615347220531 -0.00729005764313899 -0.749573601728765 -0.400875207953831
-0.0197740230783291 -0.0140808007169933 -0.508519756817377 0.42698097467892
-0.019103030703622 -0.00204835578323821 0.0852362013948473 0.458870256229287
-0.0180148617600007 -0.00269202339039824 0.227716007850537 0.136604477719366
-0.00387580442061051 0.0151052385891751 0.0849297386997387 -0.157194967783715
0.00389889095503354 -0.000276745913294245 -0.0506381502755014 0.133731071044503
-0.0243130908681943 -0.00530496032726159 -0.146345980135221 -0.0943215308753803
-0.0118068420955624 -0.0118669968775166 -0.139510964210082 -0.40943029884852
0.00470411975096879 -0.0309404389734839 0.354379865937073 -0.417420918964488
0.0209171526984761 -0.0322037147106804 0.706410189614584 0.199856467977772
-0.00660848268609696 0.0192975456859188 0.195863162924046 0.796021151260486
-0.0377925738001405 -0.00983265701028101 -0.383076942144251 0.471789614286057
-0.0311417138057293 -0.0281646066324233 -0.0124064210482109 0.0886656615107746
-0.0131190703913303 -0.00882420081299196 0.451380340237476 -0.359107589304111
-0.0032567596240647 0.00111229695736565 0.0146772847966022 -0.880956439210265
0.00817444796209002 -0.00753387893187724 -0.74724017457607 -0.406821901957369
-0.0166643956292342 -0.0126469857541957 -0.508141522111658 0.425676550787919
-0.0206453984878702 -0.000370798544421356 0.0839765551203913 0.459564503072803
-0.0206771684750327 -0.00467936363747257 0.228086864374973 0.137509215404502
-0.0070128207264866 0.0131708850372539 0.0875573585452098 -0.157780220759437
0.00194985152829428 -0.00122144753150724 -0.0486247136633865 0.133325824195229
-0.0272875318729389 -0.00504652015952107 -0.146318957756538 -0.0946722157668416
-0.0124331555646672 -0.0100866656895934 -0.133376895561315 -0.40949395208326
0.00666771394839917 -0.0293443790300536 0.361694778049622 -0.412900652701936
0.0220252128452588 -0.0310577172276704 0.706005659692282 0.206464758570164
-0.0071141900946215 0.0169433771080097 0.186681576757577 0.80054286757495
-0.0349762283645837 -0.0143874875432376 -0.390321483015111 0.468819077096036
-0.0256587683572602 -0.0315986530842449 -0.0154639761346937 0.0872295308582162
-0.00984851365963814 -0.0123945061381805 0.444268892373106 -0.364668690577303
-0.00350137749658238 -0.00222344560434697 0.00184532189424354 -0.883391069726871
0.00868742646024582 -0.00725859071537205 -0.752275686792747 -0.396880509041909
-0.0168207652535478 -0.0102158470329436 -0.499419354655586 0.431887124211262
-0.0225772272186995 0.000276480733141961 0.090622878167529 0.459940119976732
-0.0220871829168274 -0.00473610568361464 0.22762021715166 0.136322899570674
-0.00983600238774619 0.0124145115524643 0.0892448081478806 -0.158751588990227
-0.00106454392917842 -0.00138663352679802 -0.0490281753250079 0.132391853736407
-0.0280619578010962 -0.00386466483628864 -0.147645121534933 -0.0978579098924323
-0.0133794979146055 -0.00835224728676045 -0.128250629696202 -0.410146894774298
0.00703675695341597 -0.0264422755602693 0.372070410889629 -0.403283944133013
0.0230669261084851 -0.0298864414536257 0.702850452192261 0.22011292472566
-0.00670408605320904 0.0155916367885744 0.16921124209144 0.800920015945535
-0.0319294725984223 -0.0168992480762768 -0.399812445253201 0.461071155363293
-0.021110075367787 -0.0323761856711888 -0.0167552514740227 0.0847867866132614
-0.00675047116425143 -0.0145251963455091 0.438355944437651 -0.371146824669035
-0.00207422757659425 -0.00227787657478353 -0.0151269832417429 -0.882951533471868
0.00870260048108485 -0.00603472104935957 -0.756862608570434 -0.380231835715501
-0.0169305345060012 -0.00775019968932515 -0.489266882753063 0.443028420269409
-0.0243306254418608 0.00186216476959374 0.0981633801140067 0.461826306833171
-0.0233042722742119 -0.00382977471668873 0.226611321781174 0.132756708648324
-0.0135580966217103 0.0119272199997992 0.0895572010861179 -0.160658882024205
-0.00375606588523402 -0.000195711109133184 -0.0485151804974066 0.131662445805983
-0.0277519255374833 -0.00251446410730345 -0.148380946507812 -0.0999592521320517
-0.013685851485254 -0.00781463360717141 -0.12332921747178 -0.40868792515883
0.00689816993487443 -0.0241332209648104 0.383900680916097 -0.392907768393476
0.0238160845357751 -0.0273449364846506 0.699313669427858 0.233409284838003
-0.00538943907392702 0.0149596377377842 0.150919359514108 0.807207208578314
-0.0276831425136418 -0.0172250147335462 -0.410455288599861 0.453089284726885
-0.0161953919075281 -0.0330385913434941 -0.0157533790168166 0.0814318083927497
-0.00320326562543568 -0.0143631830675061 0.433083115745644 -0.379714678093196
-0.00123413443211054 -0.0027272006674992 -0.0326650263472573 -0.880903174288093
0.0072171111126793 -0.00436065295771175 -0.764651520223859 -0.366095064935159
-0.0180927907508812 -0.00577961955629854 -0.476372008361852 0.451934761408966
-0.0251582994148925 0.00289315534395466 0.10479109114858 0.462388661465458
-0.0238854853563082 -0.00179197829083692 0.225421914554324 0.13044035688057
-0.0159669053825166 0.0126689456574487 0.088559581781497 -0.162192000873266
-0.00509562516589898 0.00131630937451387 -0.0511221493067609 0.130328098130664
-0.0257642446823267 -0.00084993460407148 -0.150518288628732 -0.100301293552136
-0.0126024709035955 -0.00854432746055414 -0.11818774549633 -0.406408609336855
0.00600630659083285 -0.0217382470581393 0.395772119170637 -0.380817825464712
0.024138153100256 -0.0243215414656336 0.696036831100194 0.252409814362599
-0.00288848666221111 0.0169174158256895 0.133828143101776 0.808974660555949
-0.0239427787892068 -0.0166685842113047 -0.416397569027909 0.448483650467945
-0.0131505660482819 -0.0319869875881079 -0.0140264886256136 0.0791094985716416
2.9265922157639E-05 -0.0121250811651785 0.425513696067859 -0.387482135721987
0.000444245905459148 -0.000507970323264474 -0.0509979357695994 -0.877959702649637
0.00571093137678552 -0.00187651576488953 -0.767634701978726 -0.35010593825109
-0.0216116683979775 -0.00324425671668111 -0.463977404386305 0.46161645426533
-0.0246550038169265 0.00405064274718193 0.111221442462058 0.463848787161534
-0.02316306638274 0.000118376974991678 0.22318004632144 0.129314032791016
-0.017748510316777 0.0151250930690848 0.0869717852371777 -0.162612178709664
-0.00637694572643073 0.00383847176673451 -0.0533600334625848 0.129862231351236
-0.0226411769601714 0.0014676505722683 -0.151217187725569 -0.102852306170097
-0.0118925696374329 -0.00812934090268666 -0.11242319998194 -0.40594003033551
0.00278890982753013 -0.0198942811920165 0.403444597165862 -0.370335192140698
0.0231075021156767 -0.0212578771723426 0.691451345412656 0.26999477783922
-0.00118426492555845 0.0189452668361243 0.117816612150459 0.815058927761523
-0.0202090539447247 -0.0149602246951928 -0.421835527781302 0.443102278007216
-0.00972821029484691 -0.0299648241567439 -0.0100988125540643 0.0773648065274206
0.00262264760803321 -0.0110426513186531 0.421582834149323 -0.393491389619332
0.00343962729132686 0.000628396861239236 -0.0662858494987966 -0.874907811615148
0.0045835604915741 0.000466701258807371 -0.770111517877861 -0.333283186919171
-0.0240011989362733 -0.000569404476565523 -0.455932678250337 0.470903241885903
-0.0235505951309518 0.00443943951164061 0.116183332151885 0.464033753224401
-0.0197699629847352 0.00307921295312466 0.222014734447528 0.126205751677616
-0.0198809540856278 0.016469395086529 0.0844251598500898 -0.16379296450234
0.00757716626202918 0.00325404470662033 -0.0573440608042199 0.133748741145147
-0.0184353489948981 -0.00373490530059787 -0.150009800612145 -0.0948091543487221
-0.0076915514173818 -0.0131608983736742 -0.13915361008533 -0.411452189165914
3.36083311065631E-05 -0.0321366514097676 0.358865835968281 -0.408294211597764
0.0195463861967111 -0.0285392888402785 0.7055484274054 0.219770719517016
-0.00171448399591387 0.0246886460258004 0.189930270535812 0.806096963275095
-0.0376776325815954 -0.00261327688914364 -0.380379036914034 0.467330281204087
-0.0342789000082709 -0.023053557107292 -0.0024909945390357 0.0864607867199078
-0.0127875926059731 -0.002666095222488 0.457205409061086 -0.364877175938978
-0.000508396844692786 0.00713935713854125 0.00730051578146808 -0.878687956714418
0.00517230437161101 -0.00567196751582047 -0.756016309811754 -0.387906713755225
-0.0226751608158812 -0.0134333139588013 -0.503971874063769 0.432275388688169
-0.0174302234818061 -0.00315737657865427 0.0883524812496274 0.458429596616731
-0.015182966172994 -0.000185709473036484 0.228783760042406 0.136213688224327
-0.00182679499522285 0.0179024712303095 0.0829507823980989 -0.157575072437509
0.00697006817424017 0.00213159548639839 -0.0536599811524481 0.133230406290133
-0.0217949532283936 -0.00544155394325893 -0.148985465249929 -0.0945338699464994
-0.0102222087035899 -0.0119978718620351 -0.140776904900771 -0.411040041918266
0.00217663412314706 -0.0318573685333212 0.354353112561188 -0.413572432010867
0.0209759095617089 -0.0300218153471991 0.71000643402045 0.207625805940658
-0.00398803413833939 0.0234622370038932 0.197367330587399 0.802268463262703
-0.0400578176982951 -0.00440850660330328 -0.379915479839766 0.468961009897337
-0.0370241506861443 -0.0246666028694497 -0.00803208317439614 0.0877517873924276
-0.0155365558808102 -0.00519289589128729 0.452497699999975 -0.360776350275192
-0.00170175363196443 0.004644562303515 0.0164839164128327 -0.880851485972637
0.00764893494033151 -0.00681337137846786 -0.748117539647883 -0.402289253430657
-0.0199361091159877 -0.0142754969173075 -0.508602676969037 0.425996278399295
-0.0193334416830592 -0.00151382169013734 0.0871242269890544 0.458720321001371
-0.0186683805608281 -0.00265160100008459 0.228714626806179 0.137618044427746
-0.0038732970280838 0.0157330647225978 0.0858537463317717 -0.157047339210471
0.00396074174192978 -0.000649160526806877 -0.0521337255167058 0.134050192851155
-0.0256470566428398 -0.00520836145824106 -0.147518594699215 -0.0952531987190586
-0.0113154517454219 -0.011319679704649 -0.139896731604611 -0.409898895394511
0.00434677531557476 -0.0305248982081343 0.353713809361896 -0.416679165347309
0.0211582127926093 -0.0313138817646367 0.70878648703279 0.200477802082484
-0.00561270418963108 0.0206583362581605 0.196973226251298 0.797804342375343
-0.038250760855809 -0.00885362472294329 -0.382353497646307 0.471483223798876
-0.0322951947179359 -0.0283755823986232 -0.0132263469846641 0.0887359137847366
-0.0135516991540841 -0.00973457802285267 0.450852930254113 -0.358364172399751
-0.00289449537836867 0.0015871119987231 0.0169752403889623 -0.881521217564267
0.00875024979168929 -0.00788118635502303 -0.748612233838958 -0.408810070562456
-0.0168728580060802 -0.0119971637914795 -0.50907430241167 0.426338492099964
-0.0214548984519591 -0.000663286171046404 0.0851184571039846 0.460595664456379
-0.0207118583373112 -0.00428450282903981 0.228880956219055 0.137919155477912
-0.00620226815474885 0.0139893870802841 0.0883769081460854 -0.157918702880292
0.00111008589348309 -0.000804598145802477 -0.0480805056310376 0.133384934539515
-0.0271272204287738 -0.00495264179058726 -0.147279735065937 -0.096743950097145
-0.0131116626453622 -0.00923725375877886 -0.135584060313915 -0.410614240809395
0.0061315980313025 -0.0293070392590514 0.361400911458402 -0.411326024776922
0.0220135183112793 -0.0318629369902502 0.705407542371172 0.207076418056429
-0.00717269331258847 0.0171538055626969 0.186045727070303 0.799427550371766
-0.0355011171316229 -0.0131666731192361 -0.392433818667528 0.468570119779316
-0.026480649411168 -0.031609878085678 -0.0154360670878954 0.086288863610531
-0.0102976372810145 -0.0133677109998173 0.445993799240536 -0.364512439406141
-0.00350445105663345 -0.00220506249478914 0.00317059821131513 -0.883556678204793
0.00994579144921294 -0.0071817842545327 -0.75087721984738 -0.399382466219901
-0.0165613091654699 -0.0102741021102601 -0.502002771551498 0.42938600965131
-0.023292320555329 -0.000480502280275595 0.090995726761349 0.461620691521262
-0.0232729716156157 -0.00390553992296223 0.227201360606067 0.136193511580693
-0.00938387626241569 0.0131054090263201 0.0912553322409942 -0.159042914084686
-0.00164877966451267 -0.00149874801795697 -0.0484862943528676 0.13207108737741
-0.0277114897535326 -0.00398575794203096 -0.148865311535703 -0.0992273960682464
-0.0133707973976601 -0.00826880910932207 -0.128656394577784 -0.409251849472527
0.0070980098303503 -0.0273785254196362 0.373655086373839 -0.402259232886471
0.0232305316120275 -0.0295690330108864 0.703062928529502 0.219562472174681
-0.0058373332028073 0.0160753118432657 0.168536090737055 0.802113584382605
-0.0316453069928096 -0.0160683561729907 -0.401908470647843 0.461483383696051
-0.0211864208199525 -0.0327217460114328 -0.0169012797914557 0.084997268428789
-0.00665257076990006 -0.0149511484471058 0.437357379692973 -0.371414181568801
-0.00247755670115794 -0.00316689987859751 -0.014380620516738 -0.881564987263971
0.00848527936828252 -0.00613920217102116 -0.75813427067468 -0.383971916526199
-0.0167996503353969 -0.0070574615041951 -0.489945383876793 0.442322360095563
-0.0244851772750873 0.0013757596671369 0.0969633536070955 0.462647282742167
-0.0237544080516822 -0.0042247160200714 0.227729730584893 0.134505308752369
-0.0123593838616379 0.0132130473037913 0.0906277056802855 -0.159887771216282
-0.0038392900822364 -0.000215016064817773 -0.0490825904462138 0.131200725064734
-0.0274023605878464 -0.00192535590926026 -0.149129782237064 -0.0990089276901182
-0.0128548512311265 -0.00754519423930073 -0.124893164720049 -0.407900632129246
0.00783814452434385 -0.0237757932601545 0.384987342966705 -0.391486398145937
0.0234034506777635 -0.0272591911820612 0.700335860786733 0.236763020206379
-0.00453682502318445 0.0157697869548923 0.150265504958543 0.806846585927196
-0.0285782687223481 -0.0171879139375045 -0.410917271766752 0.453529166300514
-0.0166855909296109 -0.0329656607435453 -0.0155887337279529 0.0817678293175436
-0.00362857465292551 -0.0147333457868288 0.431830418274226 -0.378990891357754
-0.00141487214658755 -0.00242516483287619 -0.0324249429216823 -0.882172329776285
0.00749735423758121 -0.00460396539678173 -0.762189115833619 -0.369684932613319
-0.0187735097831395 -0.00501999278108364 -0.479141119125996 0.451529285611839
-0.0256514514230282 0.00369815008469613 0.105631495313398 0.463252246803003
-0.0239041052093328 -0.00188577610409937 0.225942735020691 0.130767338084016
-0.0153874400380354 0.0133562031204562 0.0899903516781024 -0.161835748077506
-0.00630765890138599 0.000936139077853116 -0.0511597520118829 0.129557385001643
-0.0259578272289142 -0.000513026521565713 -0.151566667147529 -0.102406399900519
-0.0123950320610038 -0.00722062763822818 -0.119533448250447 -0.406434515762727
0.00570607648313318 -0.0222198999349121 0.395580649902346 -0.380048839987666
0.0236714834553095 -0.0240148658318755 0.696051838752599 0.254266364101236
-0.00270075372301346 0.0172111267365534 0.132767731638252 0.809182319438531
-0.0235999520160572 -0.0174025207851355 -0.416191546419538 0.44664895292315
-0.0131892048154617 -0.031729833136362 -0.0146405810442389 0.0789439882793173
0.0004082469980542 -0.0131204277545681 0.426442513069954 -0.385663349875058
-0.000216368035063252 -0.00120734053934525 -0.0502242008705303 -0.878462473734926
0.00626702520429492 -0.00232881667150197 -0.76737882682103 -0.351762453074322
-0.0214829814990569 -0.00250581459361267 -0.465991784079991 0.461755473539168
-0.0250141987582591 0.00364303664198754 0.110584275416199 0.465361475361328
-0.0223394692491839 0.000908460861906612 0.223654581353548 0.127518598987181
-0.0176408149028715 0.0160477999808888 0.0884057224343573 -0.162858968512554
-0.00626182648722622 0.00343139704230469 -0.0536795496447709 0.129022323606927
-0.0230642485577631 0.00238655879605487 -0.152842302756362 -0.103865428511342
-0.0120473610760339 -0.00781021177532888 -0.114570616156715 -0.406157143157877
0.00284721444287502 -0.0200789498890054 0.404390488679258 -0.368093468534896
0.0233959918722359 -0.0214377647925145 0.693010880288697 0.269291854630463
-0.000329768514825936 0.0192026956003303 0.115112412596517 0.815921686059052
-0.0206631028983346 -0.0151352002243413 -0.423513397085927 0.440480690823975
-0.00999384468910955 -0.0299680002409647 -0.0110990761204128 0.0759412157643569
0.00368888888641371 -0.0112116005424558 0.422924544451511 -0.392713298099504
0.00361256279648551 0.00139026598954515 -0.0640956042835642 -0.876766418984877
0.00438781249050017 0.000661424543195607 -0.770335160573422 -0.333772572154267
-0.0238702966715719 -0.00102879715652694 -0.45813106127668 0.471202808834557
-0.0236215908639262 0.00426054463039398 0.116755988372694 0.463494808844431
-0.0204333549153288 0.00383480890090509 0.223289309234182 0.126479486847435
-0.0180180351100657 0.017234034041741 0.0852916086418353 -0.163415122423501
0.00748845552411268 0.00315810172706779 -0.0579133259492827 0.133446629204738
-0.0187668497268812 -0.00357145900025169 -0.1525178406519 -0.0959241817673396
-0.00740004883652053 -0.012427204113023 -0.139906725154313 -0.411092042748284
-5.73567222645182E-05 -0.0316589040497764 0.360276115859225 -0.406415028496217
0.0192285232207971 -0.0287910931962135 0.706736165019477 0.220252146600583
-0.00145332096343366 0.0251620815415985 0.190029274240456 0.807390748811232
-0.0383074708584179 -0.00265718405996825 -0.382476853025156 0.467728013052103
-0.0337000201765859 -0.0230062810113358 -0.00203499178197874 0.0867598074021193
-0.0137454715145321 -0.00345803965401927 0.457359736498887 -0.363903715663241
-0.000587432626765819 0.00545462268289718 0.0090632605344712 -0.880196180411128
0.00483710478675512 -0.004750875013094 -0.756659091666763 -0.392470625783021
-0.0229482355949524 -0.0145480849605333 -0.50589137997127 0.433264414382927
-0.0183708541048084 -0.00270962901738976 0.0888379667555076 0.458459838354708
-0.0148848504319837 -2.19157690343544E-05 0.228506362358396 0.137204814563974
-0.00256103292185254 0.018737863543552 0.0835998329782847 -0.156570353081423
0.0061058865639846 0.00157682666999175 -0.0544566675038694 0.13379842042488
-0.0225006222890908 -0.00524215366270761 -0.150276235719227 -0.0952901544053568
-0.00994885737878362 -0.0119368484708123 -0.142323169929048 -0.409598827960548
0.00223312101330848 -0.0324446579672653 0.355443845210177 -0.412043312917558
0.0210147568986261 -0.0316020501873683 0.709241262596359 0.208338346159318
-0.00391474985753883 0.0231537151906641 0.195365978534923 0.803449716588412
-0.0403034817055556 -0.00381991270177381 -0.380684222555507 0.47140384258415
-0.0372407546718044 -0.0245461192024944 -0.00811935316878529 0.0883406835842159
-0.0158274799434658 -0.00469365099712936 0.454119172472734 -0.36226738990152
-0.00172851423857997 0.00453440751290514 0.0152799715788403 -0.882902047119786
0.00830362840797804 -0.00674323678895023 -0.750437511304472 -0.406634830105194
-0.0193095260995417 -0.0141211582321297 -0.512006738416441 0.427876192779915
-0.0196188863732402 -0.00273661621915546 0.0863830049555857 0.460000167543718
-0.0186518652228919 -0.001648073770934 0.229773273993035 0.138866342541932
-0.00291945300152617 0.0165301709875954 0.0871054099566363 -0.157645135603393
0.00344586348048543 -0.00019715549892304 -0.0519496896361263 0.133305915600179
-0.0252918667211299 -0.0042236035721357 -0.149381795261826 -0.0960458341819677
-0.0126157770629416 -0.00949017964703607 -0.14212864998476 -0.409807736003038
0.00413072732417706 -0.0307487638382564 0.355825124200429 -0.415009188761969
0.0203872023870647 -0.0321553615550637 0.708931772393149 0.202480934827382
-0.00572839832230052 0.0199979844586041 0.19432512671904 0.799345094993202
-0.0388530842364259 -0.00859835788937811 -0.38522236571353 0.471229375536645
-0.0323614055640635 -0.027812874550481 -0.013578592024092 0.0886812945783409
-0.0140680479347848 -0.00932734205238354 0.451404458342209 -0.359455048034306
-0.00295202342308888 0.000758965686690769 0.0185380076394704 -0.884369616481381
0.00867404232621123 -0.00734321829124843 -0.751035083526055 -0.410520755479546
-0.0168979400488057 -0.0119986693316992 -0.510281733192367 0.426266406855974
-0.0213117555115231 -0.000647012517685467 0.0851921018480438 0.460999215006288
-0.0211343446487892 -0.00288055820142055 0.230270485234506 0.138342916703776
-0.00659732676871316 0.0149190873027091 0.0899352729080137 -0.156948648817457
0.00138858801863647 -0.00123765082094581 -0.0498295482780466 0.13253142898738
-0.0279584774064963 -0.00437599386549093 -0.149759570472639 -0.0975908911920634
-0.0126440432663293 -0.00871656326508554 -0.136372959129989 -0.410227565496292
0.00648118942367834 -0.0289691306850999 0.363993413292982 -0.409788799621048
0.0213817563037282 -0.0316681925735364 0.706020909143509 0.208800146636154
-0.00646277796794126 0.017697192325165 0.183826652141934 0.801293617200803
-0.0352697853327681 -0.0133101307116257 -0.392811368222366 0.467719675675075
-0.0269938893284931 -0.0309876337551482 -0.0158150615603614 0.08694202942989
-0.0103139397271017 -0.0139068544813225 0.446287272396489 -0.363818597197846
-0.00350787424645166 -0.00252789934323201 0.00504034555346507 -0.885803530858639
0.00915721304637438 -0.00675634709288065 -0.751927903493442 -0.400600216332599
-0.0168146048287893 -0.0102988961740638 -0.501744353546697 0.429699247617177
-0.0231085140705026 0.000305630592732823 0.0910984876434374 0.462283030659004
-0.0240348806340957 -0.00389801387020886 0.22895063411145 0.137587132128901
-0.00845201775805382 0.0137577547977833 0.0911642821910101 -0.158532888549189
-0.00156864326337068 -0.00101736937667926 -0.0497220347893044 0.131825022088349
-0.0285033027368078 -0.00313956706837402 -0.149963563573353 -0.0997387484990255
-0.0135260414274194 -0.00795163595119944 -0.131190646142162 -0.410358880502354
0.00669998246754317 -0.0270893906462436 0.375783474116228 -0.401964279579317
0.0234602411011191 -0.0301864087820383 0.705360775859934 0.222266770820646
-0.00529795477016895 0.0155172399860175 0.1669562512754 0.804338081005994
-0.0325583057204425 -0.0166655262294263 -0.40492841757201 0.459770769450792
-0.0222151023149241 -0.0325186300276609 -0.0173957588292561 0.0848891275280526
-0.00742880963501669 -0.0156399621451409 0.44026068425365 -0.370572752496818
-0.0029981693439822 -0.00325891410768058 -0.0129270299155102 -0.885384071435438
0.00917586293870762 -0.00686690093356156 -0.759404268936189 -0.385610212846
-0.0178568782384268 -0.00715856506583584 -0.490809318856048 0.442048328158385
-0.02472322925917 0.00163793313139777 0.0980433984972131 0.463086682394485
-0.0246221130286892 -0.00307983472874889 0.228901148773474 0.134516560785481
-0.0129447394455596 0.0136160405492849 0.0919360232209043 -0.161022887213067
-0.00410253142383418 -0.000493963766942124 -0.0499243781248523 0.131223886189442
-0.0280028399566529 -0.0021349654788677 -0.151582266655916 -0.102239470584564
-0.0133522747313876 -0.00673712221476018 -0.125272956011404 -0.408115138047745
0.00733326784528668 -0.0236468185776444 0.385435497192432 -0.390974478853836
0.0238691903134939 -0.0274957060973705 0.699909264046109 0.238368725411183
-0.00462121408542575 0.0157380232596885 0.14908736248326 0.808383576475575
-0.0287500439824157 -0.0164502548403156 -0.411236943534041 0.454088336947427
-0.017258763304924 -0.0337873473078369 -0.0167502485074061 0.0822818210013158
-0.00478633972562957 -0.0148653725206361 0.432932543366798 -0.378795478838658
-0.00152919719834783 -0.00299872310611607 -0.0293187464918397 -0.883916295850133
0.00716489267600985 -0.00479309561895222 -0.764064868832354 -0.369610085534501
-0.0189291236040931 -0.00517607321497817 -0.480074450804255 0.453660978594641
-0.0252447242067627 0.00347217674496979 0.105177767670643 0.465187987218703
-0.0243706786054331 -0.00109080564752028 0.22750463393456 0.132278213668751
-0.0158497283141034 0.0143882596302939 0.0916246830255555 -0.162199715141418
-0.00560623038599645 0.00102775026562344 -0.0521555788448384 0.129119589966576
-0.0263764130814265 0.000391821067517526 -0.152964433062669 -0.10358696931814
-0.0125208922456966 -0.00635235675057502 -0.12038666681454 -0.405673163062168
0.00524180760492637 -0.0217998596982869 0.397497687757561 -0.379657857545905
0.023799202497888 -0.0240332140434317 0.697529057623797 0.256524549854389
-0.00276564757793399 0.0178007397696931 0.130656356798013 0.8127474567424
-0.0252321208363802 -0.0165456728993111 -0.420107451059564 0.44763412771563
-0.0136880696803537 -0.0317683454717321 -0.0144003496486359 0.0788572193911181
0.000109062448442111 -0.0136333396850843 0.427107070170269 -0.387295782679244
0.000296877581109203 -0.000936720326469687 -0.0495105137550242 -0.880839026570796
0.00588175771051593 -0.00175179479217783 -0.768799769562598 -0.353709667505849
-0.0210532367790494 -0.00294648783086553 -0.469020286726271 0.463493807219547
-0.0254368666165098 0.00366436882629757 0.112085625540254 0.465553324987172
-0.0233439625172031 0.00155439638950163 0.225289406013998 0.130454290714204
-0.0177528643874032 0.0157749943737959 0.0892461012676776 -0.161966440631662
-0.00674894734015059 0.00369415833864561 -0.0546888930068716 0.128879223520741
-0.024059992424904 0.00225883955409316 -0.155281365951978 -0.104026584050487
-0.0123666422462058 -0.00747763410176403 -0.115232137562033 -0.404017824485902
0.00339405653963943 -0.0201418110009604 0.405926513431473 -0.36920822990625
0.0231509734129506 -0.0204661229761111 0.693709583784433 0.271647065725917
-0.000853511868037789 0.0198247915991177 0.113500119611754 0.816190869355797
-0.0210827418362504 -0.0144753619154256 -0.424763388759735 0.441464877566253
-0.010301939126579 -0.0296395011653552 -0.0109244050803486 0.0767544452264644
0.00376165050884601 -0.0113356957102415 0.425803646245713 -0.39131759288838
0.00295865341020683 0.000921803543341936 -0.0627274903369452 -0.878771838413384
0.00469450513521416 0.000938234426675479 -0.772845058531846 -0.335753532962418
-0.0235069091024251 -0.000717808368664441 -0.459929712614794 0.472440923181638
-0.0247893538277867 0.00407825436508015 0.116672563634077 0.466128095792622
-0.0208703832386459 0.00326647788663428 0.224240389001698 0.128212794644843
-0.0193816585129351 0.0181416127112585 0.0863729135789487 -0.164101745585272
0.00703071195190394 0.00326549872221246 -0.059006161908339 0.133022039603808
-0.0195166233947813 -0.00314643068197496 -0.153953813197185 -0.0980751075956795
-0.00815215015045253 -0.0113236104700383 -0.141500442489563 -0.41274308148707
-0.000898118701514118 -0.0317857188389387 0.362315266697741 -0.40696361743078
0.0195727971212976 -0.0281695576831804 0.709525243678643 0.221189746946276
-0.00127268204952249 0.0246529544818302 0.189109898922275 0.810258439320244
-0.0374461313810232 -0.00120634119115773 -0.38435924001856 0.468068978529104
-0.0347902476778958 -0.0226046910708292 -0.00296064613360085 0.0872937941446219
-0.0138227788909921 -0.0038304428550047 0.45787372934461 -0.364532824037594
-0.001264416287337 0.00535422737124982 0.0105654833562612 -0.884534612525135
0.00514996874804022 -0.00526441337236912 -0.758034730289575 -0.394267147575562
-0.0234652430335441 -0.0144399186405708 -0.509480332705485 0.433034584685698
-0.0184415866446571 -0.00337891561354483 0.0886958553226599 0.460068130514224
-0.0155799265884418 0.000115030232135008 0.230445606277319 0.137438503409262
-0.00139823165049313 0.0193874356992647 0.0856583007724652 -0.157058870282862
0.00588765656928519 0.00179573713996101 -0.0546155358212903 0.133337539764898
-0.0232847592687307 -0.00387452754939916 -0.151074701526528 -0.0970786162881366
-0.00968080392502476 -0.0112770634410829 -0.14408242845415 -0.41094178451999
0.00165558090697835 -0.0322131341158914 0.357792774490088 -0.414011388129641
0.0208941335239026 -0.0309506665469693 0.71133952642636 0.210596692432436
-0.00357751586653065 0.0235827751697437 0.197013618829827 0.805450613506528
-0.0408243459875678 -0.00329041165841998 -0.383747414070071 0.472048053115245
-0.0372787068484102 -0.0245193166938469 -0.0089762433917133 0.0882099549396192
-0.0162442616550188 -0.0049316931768471 0.455799303242175 -0.362154544018253
-0.00233132115463204 0.00422529831118931 0.0184876878445099 -0.884957297199787
0.00858514778641946 -0.00646206644111606 -0.755332381373335 -0.407628862287955
-0.0195985005204233 -0.0143820707644437 -0.514494081120971 0.427408485520857
-0.0197330701856988 -0.00227016800502294 0.0864755728965105 0.461641908803249
-0.0188449094343342 -0.00122979043907362 0.231822150212447 0.138313415299697
-0.00289132280618836 0.0167756987141096 0.0878474841829163 -0.158410469572269
0.00443816581776896 1.77326484809073E-05 -0.0530922395127026 0.133580235734659
-0.0261312538767683 -0.0040737400033882 -0.150479364063557 -0.0974269171250665
-0.0118401277422782 -0.0106025535220387 -0.143148285678576 -0.410504568369351
0.00391889477096595 -0.0308811361718845 0.358642899255197 -0.415727562576129
0.0210458288065211 -0.0317443398224883 0.711666804041987 0.204660684786576
-0.00511384070143064 0.020371361540317 0.193592219055045 0.801742010754333
-0.0391344030041628 -0.00829405897421206 -0.388498496821181 0.472752354024049
-0.0331939491535277 -0.0276497837154164 -0.0145135029814817 0.089280402557214
-0.0138051861794833 -0.00998231238966928 0.451984553287966 -0.358389029991176
-0.00299451944535619 0.000488803533080562 0.0200484001209976 -0.887039930509851
0.00987472509709087 -0.00802325499916394 -0.753786163135086 -0.413394454658858
-0.01686221388896 -0.0128183310154144 -0.513578624085401 0.427847894897797
-0.0219139459001781 -0.00117973495847591 0.085810620488265 0.463561799366346
-0.0221866687734889 -0.00260006258848398 0.231561108396176 0.139953676136284
-0.00506984325126463 0.0149601205888792 0.0914632686064797 -0.157839551311192
0.00098984891691051 -0.00101558955689951 -0.0508212568459615 0.132868695587373
-0.0281588000291844 -0.0039112495454873 -0.151035820221051 -0.098967741933988
-0.0130221972438699 -0.00892372320921622 -0.138085723382577 -0.411088067499812
0.00644943707173008 -0.0295035507479173 0.365226924792212 -0.410416451213396
0.0214164658315792 -0.0314788726444413 0.709831520681032 0.211940481976071
-0.0058137812424532 0.01683863210235 0.185023866208799 0.804724950325832
-0.0363605964919355 -0.0141849570664658 -0.395507151720657 0.467568404237247
-0.0273664673294311 -0.0311195953493734 -0.0167684875670274 0.0878948330718578
-0.0114048287948807 -0.014229040256845 0.446402451167041 -0.363906609991932
-0.00398008404032379 -0.00268230919339344 0.00738446527377447 -0.888109184099824
0.00945644848313426 -0.00728834332439655 -0.75655636128392 -0.405164360429852
-0.0158479121076811 -0.0114975694604911 -0.507514303550088 0.431413007374601
-0.023171772881464 8.52809215635313E-05 0.0907099204259357 0.465196291969803
-0.0241679134601231 -0.00341048989379468 0.230807489521417 0.138507719738086
-0.00910217795095213 0.0140674444742425 0.0931091876740739 -0.158869369722251
-0.00169120570566585 -0.00158505546748201 -0.050876457527856 0.131948141033524
-0.0290834722812643 -0.00316245826885559 -0.151537516625442 -0.100524856051254
-0.0137177493665473 -0.00754720743805645 -0.132604283816767 -0.410954963174763
0.00690527616118838 -0.0268745915550172 0.375944352231438 -0.40261721845846
0.0230102336559498 -0.0300170806225658 0.706390605596716 0.225064118148515
-0.00506005438267764 0.016702043696583 0.166354345645448 0.806480920020181
-0.0325797793365986 -0.0156318216752079 -0.405572892190862 0.461381797533067
-0.0230371840269622 -0.0321028978955859 -0.0171528648860737 0.0845043592578673
-0.00784092013641254 -0.0156283191284438 0.441475893855546 -0.370414786798193
-0.00310332361203443 -0.00411812079878679 -0.0118821922848657 -0.8876994847277
0.00914544091992324 -0.00641833963447273 -0.761959723288233 -0.388983908938186
-0.0169934391278121 -0.00804119904697292 -0.494746524962711 0.441688904955436
-0.0250694301646522 0.00198514056836919 0.0980324690697612 0.465469787801951
-0.0256303945301402 -0.00290230639284281 0.229683411628219 0.135390731632608
-0.0127311218286477 0.0141238784719161 0.0937565685062061 -0.160981143047434
-0.00376358745889136 0.000112082948363276 -0.0509368367088521 0.130606615957852
-0.0284064424849191 -0.00119872025465468 -0.153133899654346 -0.102644947774972
-0.0128371059969211 -0.00715940143711704 -0.126396783047065 -0.407418200972465
0.00631876877533359 -0.0239962508301261 0.388463480681396 -0.392196790330125
0.0227754204137477 -0.027424799722502 0.702550582170106 0.240594580727113
-0.00422156559482955 0.0160583689251748 0.147504260054139 0.811066719621636
-0.0288101649729314 -0.0176312633831834 -0.413606289601535 0.453770138297359
-0.0180593694867524 -0.0324691556776841 -0.017226623416518 0.0825888543711336
-0.00424170766545615 -0.0157479877882702 0.433289446442738 -0.378985246402356
-0.00194770676968571 -0.0031724480130852 -0.0284338008920003 -0.887248063879477
0.00830604734208878 -0.00368062778575028 -0.768171900195458 -0.373795259663808
-0.0187225228147872 -0.00507009842368492 -0.484032128888859 0.45400597710956
-0.0255340873595007 0.00287733066459901 0.104541814416879 0.466402169266704
-0.0251317056450604 -0.00117414718899443 0.228597316467254 0.1329762716578
-0.0153845630382246 0.0153564864144301 0.0930536238925182 -0.161456571620767
-0.00661382951795381 0.00171985469637542 -0.0528522997800141 0.129372789280488
-0.0261772162345758 0.000813908175857642 -0.154537201800764 -0.105332733562146
-0.0125476347969975 -0.00643412210505559 -0.121722454918247 -0.407513776297235
0.00570078294383386 -0.0220119261081649 0.397647288473928 -0.379324565226388
0.023425560959038 -0.02436650281433 0.70061139303934 0.258664120371023
-0.00198927644272718 0.0174614074781953 0.128350853798916 0.813842991993697
-0.0249176131729333 -0.0166863904066881 -0.421688478429248 0.448230753633542
-0.0146244395918272 -0.0320961116217235 -0.0153746205023625 0.0798063963297495
-0.000654769364457783 -0.0143824835783574 0.428856719506969 -0.387098218722833
-2.24106944072336E-05 -0.00140412544000398 -0.0458818453327082 -0.8829430461501
0.00653534429137934 -0.00207860057845949 -0.77301539668552 -0.356361626761257
-0.0220568002124164 -0.00319150919915793 -0.470915378344508 0.464919574759975
-0.0251714759757402 0.00375693434554369 0.110827214259319 0.466315059026541
-0.0240397744904948 0.00184457007909919 0.226352271127101 0.130580027464898
-0.0181342932789427 0.0166505979249777 0.0909824752306581 -0.163779299952367
-0.00687406296539144 0.00333935597775934 -0.0552994925572103 0.128346649425345
-0.0241842397643117 0.00294819989029793 -0.157094363450644 -0.106979804820054
-0.0116112061662782 -0.00683658061184006 -0.116307453208519 -0.406313830313501
0.00198882270502189 -0.0206862912470379 0.407741453762009 -0.367302952826719
0.023134742610121 -0.0211194752853365 0.695913944209388 0.273234100838817
0.000215669854020726 0.0201425584551594 0.113540910189436 0.81958461875169
-0.0216725100042059 -0.014966552577854 -0.426516383002373 0.440911232536777
-0.0118055846328075 -0.0290079862846672 -0.0121995390288207 0.0769527712062558
0.00250822964556236 -0.0121415502336531 0.426140739859494 -0.393091566839793
0.00259176789255443 0.00109282194551433 -0.0625981939886645 -0.880169998183413
0.00475006999656344 0.00135608970152949 -0.774525571303005 -0.339187032624493
-0.0240411418585278 -0.000667873408294643 -0.461337556067008 0.47410848852438
-0.0247437943895399 0.00461507148841636 0.117944420060921 0.46717925439096
-0.0212481969219457 0.00485773252871892 0.225528839470759 0.128062354795587
-0.0177900770782164 0.0177611787029273 0.0880552859665807 -0.163666624061205
0.00726901118902258 0.0039701870502802 -0.0601147734029511 0.13300722051876
-0.0196272316418257 -0.00306853495178163 -0.156553664584565 -0.0987404636673242
-0.00765831905021192 -0.0111705102498173 -0.143334165381515 -0.412418650710767
-0.00104763679347851 -0.0314975060710894 0.364860626867856 -0.408302455654192
0.0192756495012377 -0.0292562094365325 0.713755055328606 0.223258080370012
-0.0016809856144176 0.0254755753076085 0.188038669685632 0.812786560302233
-0.0382422645034559 -0.000997000467677133 -0.386844213794537 0.468253784919953
-0.0355717036868658 -0.0233630777711275 -0.00329898141894769 0.0878683023569545
-0.0143598448932798 -0.00425597197076637 0.460074435265334 -0.36561875956765
-0.000910563842573715 0.00593560602095285 0.0107718535320494 -0.886967548984966
0.00565924114299367 -0.00567903813648379 -0.761258684991113 -0.397656044492739
-0.0236548765951563 -0.0147726220659948 -0.513058743080602 0.436035917671432
-0.0190462360806368 -0.00241505518021219 0.0905273013123572 0.464148271121444
-0.0165683212045865 0.0014911130859308 0.232641122003467 0.13816734673151
-0.001322629216198 0.0203895522330239 0.0870801874304972 -0.158273672761264
0.00632156927672155 0.00168830401045364 -0.0561648781079601 0.132915524460573
-0.0229903367455607 -0.00407752314603799 -0.154641399864652 -0.0974647417509286
-0.0102947891020714 -0.0111425460500593 -0.145740954956566 -0.413531760500607
0.00218234215473065 -0.0320367455978853 0.361430512464265 -0.414559340574844
0.0204854333494771 -0.0315119597260667 0.713752675825143 0.213093781708403
-0.00321571628400513 0.0237126998499139 0.196863434239269 0.809088788091613
-0.0406056561124528 -0.00331988564787594 -0.386569413850892 0.472808124650913
-0.0377821524746687 -0.0237415199045564 -0.00936074991316181 0.0889168931522673
-0.017621373751743 -0.00623022401171004 0.457585242599516 -0.361100943010566
-0.00236641605174605 0.00420492394141987 0.0192066214208958 -0.889321594027391
0.00915828890408359 -0.00626400717544424 -0.757008854289337 -0.411924536976778
-0.019835127711978 -0.013821982694069 -0.517329332311477 0.430348337740395
-0.0204816262725256 -0.00270405867247521 0.0871225253450318 0.46444175594335
-0.0193888393824832 -0.00101775791356975 0.233378780939342 0.140575892613938
-0.00227766043539893 0.0175022730584644 0.0902590835117701 -0.157323996640661
0.00429587921818586 -0.000370719897958878 -0.0544473141941808 0.133788889558423
-0.0257674978066057 -0.00389809735768781 -0.15392530240689 -0.0990299510377741
-0.0122838052817733 -0.00999949495413646 -0.144758648169481 -0.412525048728622
0.00384620748231215 -0.0313226723015514 0.360546334059909 -0.417354881300924
0.0206582302447728 -0.032590529551539 0.713668400119065 0.205500911964546
-0.00510135459747666 0.0206347312502458 0.193890208139678 0.805651060643372
-0.0401753176578876 -0.00803669883140933 -0.390100358086237 0.473031038406593
-0.0337409662848349 -0.0279650010363732 -0.0138303675684349 0.0901361994462569
-0.0153859785377071 -0.010147144533753 0.454013655945767 -0.360306532486067
-0.00358655540699603 0.000726413107307707 0.0215517550475166 -0.890832523669339
0.0100757661663269 -0.00711726740588009 -0.756399447539387 -0.416243685135959
-0.0176567414419287 -0.0125185787919417 -0.516855379227215 0.428202915410104
-0.0220487923533449 -0.00147589635956923 0.0860503083058383 0.466711210377334
-0.02223616298639 -0.00286336235984861 0.233462911785874 0.141641141243241
-0.00514609623607365 0.0159717980560369 0.0930192084460763 -0.157555165653605
0.00121590977368651 -0.000220522413502503 -0.051434456522788 0.132584208469231
-0.0285184544209499 -0.00357121386672508 -0.153224256550691 -0.100522819109764
-0.013022088866969 -0.0086898220596888 -0.140118248357974 -0.412043177000122
0.00634158808693214 -0.0291760779970013 0.368037967921884 -0.410458391176451
0.0222876982923193 -0.0316790575047111 0.715691019577801 0.214073297443239
-0.00510916939498024 0.0178095337839981 0.182638350181179 0.80832922066977
-0.0362385318594464 -0.0137346365466703 -0.396871292552528 0.468322755473261
-0.0287170351461155 -0.0318421469153513 -0.0168502049996484 0.0882057655691589
-0.011313529256387 -0.0143812995300803 0.449471666083623 -0.366773854277252
-0.00375479903980029 -0.00350154327346425 0.00929490181943705 -0.89176658146
0.0107284861062246 -0.00707264704412422 -0.759769052103469 -0.407018852149026
-0.0164776058774443 -0.0108905514452918 -0.509180494536343 0.433563106663783
-0.0239021367239973 -0.000378471948734443 0.0908661265551601 0.466182937737335
-0.0249788467336923 -0.00348452951174874 0.232780027306762 0.138653067936119
-0.0086475500454352 0.0156114964097288 0.0944134892267689 -0.159596358046378
-0.00202780180922057 -0.000441931356594715 -0.0506614763269146 0.131256831523947
-0.028930438862074 -0.00302884767530897 -0.153783703928813 -0.101960878420189
-0.0130418410385279 -0.00777896847425904 -0.135089516817701 -0.411503643249265
0.00729340354050099 -0.0265657873137439 0.378607931053338 -0.402921804986253
0.022590517719293 -0.0302355805402442 0.709476993630565 0.227023466717958
-0.00530487482000238 0.0162796088422148 0.166819301129353 0.810425120636339
-0.0338074964952732 -0.0156638849708614 -0.407665133292018 0.463050122491032
-0.0231956720321646 -0.032294581956384 -0.0176154849421857 0.0852134202631001
-0.00845194708563697 -0.0161684038552714 0.443154409819613 -0.370829897436915
-0.0032993599870802 -0.00431791455587161 -0.0105205096867303 -0.89235285270176
0.00923394374721214 -0.00582120722694928 -0.76452853432106 -0.392274023135791
-0.0173562609772782 -0.00704989318749569 -0.497161071112535 0.446010550776059
-0.0253545232120371 0.00131046020581758 0.0982685527670154 0.468353925457893
-0.0261815391677718 -0.00212096755638258 0.232579915957928 0.13647275219438
-0.0124504568998792 0.0142454814043316 0.0944612948415727 -0.160959003402176
-0.00494660752768703 -0.00016920097443094 -0.0523446275625861 0.130704094885949
-0.0285466075634488 -0.000961225283926565 -0.154716817729602 -0.103118116295045
-0.0128941981882401 -0.00679386681625028 -0.128454629620954 -0.409490488733971
0.00647796275727405 -0.0246782960321874 0.390167919373631 -0.393060329659635
0.0233455322957209 -0.0271603376387037 0.706669611159184 0.243722701133671
-0.00320531641954639 0.0157430057944247 0.145449963908671 0.814646312726183
-0.0295116878166002 -0.0162345508638699 -0.416045622596295 0.455474926711073
-0.0189728122396346 -0.0322158484193995 -0.0185840371514086 0.0825284008683404
-0.00536383563381087 -0.0154268312871205 0.437059435754148 -0.378424644644205
-0.00153989361148001 -0.00316163698839081 -0.0299252691361126 -0.891694916808787
0.00812919894659481 -0.00455934330291279 -0.771307154373951 -0.37517622719608
-0.0192102079182878 -0.00519556218522261 -0.486040792614699 0.456637360673824
-0.0255883948922325 0.00324148952492573 0.106740584607854 0.468995351732984
-0.0251015529388557 -0.000533397554004972 0.230179139848583 0.133572179031181
-0.0153300063654508 0.0154759067260759 0.0946178606614182 -0.162749916119367
-0.00638796820417727 0.00162992381165953 -0.0538284387058981 0.129007744581615
-0.0272483302647867 0.00148805454756212 -0.156938128780031 -0.105319302850878
-0.0119742021397597 -0.00627798622291879 -0.123552104962897 -0.408504825938091
0.00501452865750045 -0.0219296297700367 0.400696312314588 -0.379982304847364
0.023624243939935 -0.0240312616572051 0.701957059675403 0.261543079447682
-0.00129436621661388 0.017483417818602 0.128772051307897 0.819790709879621
-0.0263717687858952 -0.0158111847120026 -0.423978915401903 0.450530765301578
-0.0146298536798589 -0.0310579769226359 -0.0159253032823518 0.0806198520693248
-0.0011156063676385 -0.0150142937503273 0.43160857673615 -0.38661931989324
-0.000233884204019409 -0.00133146581364945 -0.0472293166690778 -0.888777287920492
0.00709966916189461 -0.00180633783283014 -0.775585943183552 -0.357795452449748
-0.0213972273155298 -0.00174853761537676 -0.473326990479139 0.46618077156649
-0.0265473749645545 0.00318583056741043 0.113062363706443 0.470746115685149
-0.0243131296691189 0.00215629105074954 0.22836919021693 0.131038942398172
-0.0173210459052089 0.0170918913758659 0.0923485238599376 -0.163621534570808
-0.00774058968426268 0.00362350287253881 -0.0562190698886386 0.129161183629212
-0.024079905667987 0.0032359747260585 -0.158321601812351 -0.107466480873575
-0.0114491317841689 -0.00663063918167822 -0.119157351601552 -0.406742095159563
0.00331501828242597 -0.0199893010257689 0.409623061600739 -0.36890637787367
0.0223922307236238 -0.0215055372471627 0.698912748785661 0.276928133745081
0.000952819780552665 0.0195141538699765 0.113759214496023 0.823623342785621
-0.0228400400408547 -0.0144488750137968 -0.429476526508449 0.442132453395946
-0.011764737070485 -0.0290706356140179 -0.0130298774505295 0.0777470827502543
0.00275074183224518 -0.0126053183208529 0.428864166317999 -0.394066418796873
0.00317050487715413 0.000660836236636958 -0.0611175699649686 -0.885375819253872
0.00640325294070759 0.0018875397329688 -0.77950825795977 -0.34153368320435
-0.0233826669984893 0.000265841437265296 -0.463590337669265 0.474633294993304
-0.0248314192036135 0.00366128449601814 0.115451084850879 0.469602988012366
-0.0221683191655765 0.00514656061446093 0.227421632965227 0.130024016020974
-0.0183514505534054 0.0194069790242725 0.0888037903438629 -0.164685004898754
0.00726373357833185 0.00398312984569983 -0.0595482930414813 0.134582998307504
-0.0194466326112181 -0.00146518438245634 -0.157325371998538 -0.100027825675452
-0.0078756446892266 -0.0104023038379005 -0.147005474430168 -0.415464946248658
-1.49163070364711E-05 -0.0322992844699065 0.368013058132733 -0.40919221620718
0.0193545805071634 -0.0293221768947446 0.718778726961252 0.226118070558981
-0.00168407843981173 0.0253247748369143 0.188720153659781 0.819162947859792
-0.0379534500751049 -0.00128525305552714 -0.38800241084785 0.471243668013908
-0.0369177833055873 -0.0222619136480309 -0.00339290707954486 0.0877129245377184
-0.014953800350993 -0.00505922230941434 0.461097029165938 -0.368671776646987
-0.00110930169895298 0.00598620052389317 0.0125935274996731 -0.89129701213824
0.00601791498809101 -0.00487554044005278 -0.765995816680458 -0.400501941411906
-0.0228734008112503 -0.0146516016142822 -0.516031971974346 0.439481388711784
-0.0187028027387136 -0.00364282770066988 0.0902452032999703 0.466179108915103
-0.017077178946633 0.0013876067385344 0.235098089741645 0.139173449789296
-0.00170362013252819 0.0203515317462879 0.0883805927610266 -0.157997008722744
0.00622227693791332 0.00239738107196843 -0.0564692129249312 0.133861234418295
-0.0230035397358761 -0.00365602266122601 -0.156359699049848 -0.0984017624438097
-0.0103024113691794 -0.0107165101545553 -0.14866956914038 -0.413972851149459
0.00169762401324095 -0.0322734426873796 0.362587053284446 -0.416474127175288
0.0210791374888353 -0.0303772168130461 0.719622660541951 0.213285681686298
-0.00283944591280586 0.0242588750308734 0.196602825915771 0.813653512586592
-0.0405097685607026 -0.00251656994039664 -0.388044953813206 0.474409303746565
-0.0383756015181057 -0.0229026810421477 -0.0096637946106055 0.0892343748828286
-0.0173324718236523 -0.00561107956566034 0.461406249425386 -0.365006424147057
-0.00235496281345596 0.00374484039975121 0.0199611658041298 -0.894267390010916
0.00914764956135138 -0.00605540971148115 -0.763927111046272 -0.414334272576238
-0.0195003499340039 -0.0141456854362301 -0.520689046609545 0.432827480758685
-0.0207612515228547 -0.00220414290170229 0.0883762111051277 0.468662868416438
-0.020330481828565 -0.000159610030156965 0.234798627372039 0.140996495924826
-0.00200453856293549 0.0184172750907335 0.091181448380465 -0.159164728314322
0.00353358179501201 -6.14237849717869E-05 -0.054026116063024 0.133988821452003
-0.027315083616546 -0.00233711632112849 -0.156065115750529 -0.0997106361593007
-0.0124772602153907 -0.00967902350233153 -0.14791953243607 -0.412499967964892
0.00415559716153082 -0.0316042162488666 0.36239352797061 -0.417119178452848
0.0204560208419294 -0.0319828205940949 0.717683884103675 0.207454456761554
-0.00464103116602005 0.0208430373929772 0.194829478959052 0.810583831595549
-0.040183932876398 -0.00836704587712198 -0.39385895817056 0.474148706118571
-0.0349352425672487 -0.0279278541211885 -0.0149900031887907 0.0893144578523418
-0.0152223696014909 -0.0110575256327284 0.456864913950927 -0.360666018403841
-0.00407117341565947 -0.000518244014095316 0.0206023259856764 -0.894885366049894
0.00998413418917029 -0.0076170518346089 -0.760857919034409 -0.420426964905086
-0.0173404015724466 -0.0125009001893199 -0.520390715421356 0.430209345395197
-0.0227425887429582 -0.00148654260327906 0.0880188112021806 0.468538635333782
-0.0226603801298349 -0.00261100648730099 0.235830242736361 0.141954634807836
-0.00568409809722656 0.0154353111114512 0.0941513193181583 -0.159238754970608
-9.93397105400495E-05 -0.000113132960705968 -0.0528978539407308 0.13327883807509
-0.0279244380785976 -0.0035343658396163 -0.156426490036418 -0.101111071284959
-0.0127315402668836 -0.00857303401359069 -0.142194286852681 -0.413522255119865
0.00699132844326783 -0.0299529268557074 0.371257282732797 -0.41364664224857
0.0216622005669109 -0.0320995362684528 0.716664825748269 0.215117202790368
-0.00542132643304957 0.018019610493508 0.183598337805515 0.814261867361003
-0.0366454908086914 -0.0121107138010488 -0.399031190218656 0.471156346269939
-0.0289608280720789 -0.0305543351238058 -0.0171699814462026 0.0880409132487985
-0.0122769779893649 -0.0151596559279195 0.451476908878044 -0.365900785883284
-0.00450474789111374 -0.00342590028076037 0.00882202027087258 -0.896524575856432
0.0101522789905647 -0.00743395039914976 -0.764233458246374 -0.410336060690808
-0.0167521301825013 -0.0101309257530082 -0.511260192979969 0.437481364887117
-0.0237519853244533 -9.31576114845513E-05 0.0934099345211252 0.470374467926156
-0.0256208614884739 -0.00279468328403267 0.234745141283468 0.140194269273612
-0.00907621990690761 0.0147402829603756 0.0958868259890245 -0.161139818287522
-0.00201797415038839 -0.000442036354950935 -0.0517417552599875 0.131666514883456
-0.0293276910555012 -0.00155792798629454 -0.156284503150183 -0.102518796133187
-0.0135242978320852 -0.00694318253685427 -0.136428716694409 -0.412833638560148
0.00697971605871516 -0.0274738571157637 0.381510420321634 -0.405948068511612
0.0229094181974671 -0.0303508550766171 0.71540199428827 0.229648844816802
-0.00480038697308037 0.0164875958399424 0.167443503629866 0.814758811641382
-0.0339303113052701 -0.0153353699201397 -0.409316201058792 0.464731132470969
-0.024848812464123 -0.0311535397967558 -0.0194867765269614 0.0859705873720173
-0.00965819058315146 -0.0164321433172193 0.445148907939117 -0.373753792999138
-0.00330324269711278 -0.00427531347097881 -0.0115352216773376 -0.896368621165589
0.0103149606501152 -0.00608996287909641 -0.76946171466337 -0.394853244533311
-0.0169643540672271 -0.00699999209927386 -0.499756824672807 0.447957301568787
-0.0258478742356848 0.00070336023793193 0.0990481941241022 0.471729266761343
-0.0265496029192948 -0.00132296270705024 0.233966041102854 0.13733530320105
-0.0117807029446507 0.0146852716931369 0.0966528160493938 -0.162005420315725
-0.00420286857315985 -6.9509195539053E-05 -0.0516809530751555 0.13118997700769
-0.0284831807807072 -0.00103027700618316 -0.158300337612654 -0.105572835250908
-0.0135556923850287 -0.00669303225546428 -0.130135327670775 -0.411762616358648
0.00650492623803648 -0.0246643159309916 0.393201333201638 -0.394859850714236
0.0238174428096057 -0.0275804579980962 0.710778062559141 0.245231165738
-0.0032242564470141 0.0162303663846559 0.147491819865446 0.819110094510817
-0.0304695192352067 -0.0165066918211705 -0.41899221145845 0.457221199344284
-0.0194542371690592 -0.0321861512520949 -0.0179005888522453 0.0829245696941383
-0.00544460573871523 -0.015947387031852 0.439120650484336 -0.381209563714994
-0.00214400432540284 -0.00392192023864571 -0.0289726792787802 -0.898219122678077
0.00851426068005838 -0.00369845355541862 -0.77606766798407 -0.377245044192146
-0.0195524840652402 -0.00539156983038796 -0.488839504648497 0.460857238768266
-0.0266971481041967 0.00268117609349289 0.10738845952656 0.472090221869569
-0.0265591719724748 -0.000118863537497564 0.232342256590711 0.135014064426213
-0.0140225746458205 0.0153106773244361 0.0948468106981609 -0.163704957995699
-0.00714760142259884 0.0013866814405161 -0.0540283814202005 0.129627859176708
-0.0276911332495333 0.00111354845061227 -0.158210747792434 -0.106121938371303
-0.0129807774063806 -0.00664056530983213 -0.125218949793065 -0.41025148969585
0.00523829522493034 -0.0218808843885097 0.404816098356877 -0.380810428058556
0.0232924514847281 -0.0237394927503263 0.707113029081347 0.264576275304467
-0.00215449912789413 0.0169479016479421 0.130023482309234 0.822675373910737
-0.0255483895600247 -0.0153349113717324 -0.425399596385394 0.449447091874222
-0.0154013695109043 -0.0316079951558761 -0.0156806337435355 0.0807888898032468
-0.00200018127529651 -0.0151504710545233 0.432388324161506 -0.391381241208847
-0.000492716856115138 -0.00189752738245928 -0.0451178922499359 -0.892912927061253
0.00766589469684985 -0.00103713480592138 -0.779470620516897 -0.363140646120041
-0.0217081440242523 -0.00276255468073949 -0.475549258274627 0.469042453279269
-0.0276036315703307 0.00281121936003669 0.113802583438255 0.473159592653521
-0.0250901406249064 0.00247498643003879 0.23169030894197 0.133206648885891
-0.0174063473941402 0.017729148375402 0.0923322420690996 -0.165248880759164
-0.00743110858124112 0.00400306729316536 -0.0565811435523404 0.129836375143036
-0.0243178701357611 0.00396134110819157 -0.161226016061278 -0.109006363854259
-0.0121505990109961 -0.0057077648355101 -0.120448578182103 -0.408567388805696
0.00207665453380807 -0.0200869607985218 0.41249768809937 -0.370759800621991
0.0226952769889508 -0.0212878849771822 0.70304444549064 0.277723491126436
0.000892766933327328 0.0198070479081615 0.115160690210821 0.826978494687291
-0.022498406589794 -0.0142972066473742 -0.431850702905626 0.443136318942683
-0.0125644179045145 -0.0285464403658232 -0.0127893654829094 0.0780983879536164
0.00220766317908176 -0.0121911688737133 0.430403670167767 -0.395951386702265
0.00194549869996526 -0.000227719606765701 -0.061316146413747 -0.891183050640432
0.0061025086594 0.000940477352659147 -0.784170760268881 -0.344838931032759
-0.0243219140330714 -0.000590777384743157 -0.467124063998796 0.478837216224382
-0.024721660803549 0.00428667413077829 0.119999354678783 0.472433844198566
-0.0222854154316446 0.00573183412008487 0.229333259076946 0.130552684388275
-0.0170827527712349 0.0200669410716994 0.0899370261981714 -0.165959806151791
0.00878686961028397 0.000468558253074907 0.0306926007333867 0.141941755092315
-0.0172167906829603 0.0105905601624455 -0.189074412986968 0.0148243630618911
-0.0159591302933084 -0.00553588316127875 -0.362681702278995 -0.249296683164486
-0.0194488859019649 -0.0283714557460351 0.05205854210183 -0.55424991003594
-0.00236835568756132 -0.0366317077132512 0.709387618086027 -0.245174488030974
0.0170133315273969 0.0175047111304596 0.640546622163571 0.542984382607982
-0.0275393249838955 0.0218938253340241 -0.0293946416863377 0.619212885289135
-0.04366737244392 0.00433574708044676 0.0504716516458036 0.0741305541551443
-0.0144333642783756 0.00168135848400615 0.149545512362298 -0.574343909662521
-0.00176861940780207 0.00379127025521808 -0.527408412697529 -0.73197236876025
-0.00387178715157462 -0.00466897185981767 -0.858334234734521 0.14293210810854
-0.0258542251209432 0.00923764951903118 -0.149649490993992 0.668411003022609
-0.0122170082474866 0.0132908515908795 0.359971423377604 0.317423895460029
-0.00880683346179624 0.0115653921398107 0.276462902006574 -0.035068801964229
0.0139454783484611 0.0158407543806802 -0.0276871915187022 -0.185801299803225
0.00637887980811527 -0.000673394740119136 0.0338816094332135 0.140736353142007
-0.0207221438462599 0.0113500479590174 -0.186664072561632 0.014392796667928
-0.0164561658376402 -0.00435805978773159 -0.365299469018027 -0.246451759788333
-0.0182165286885237 -0.0299251566284676 0.0454300986226843 -0.555650052651316
-0.0030345489954009 -0.0394402762585602 0.70239277808172 -0.25616495216694
0.0139654110541561 0.0173625842504985 0.644307442137637 0.535931334217
-0.0308192251401659 0.0223808775215479 -0.027060924290753 0.621224259970025
-0.0452683101789991 0.0047459486623695 0.0462676594143912 0.0779805935467105
-0.0182079842373935 0.00121339238181529 0.150902951262002 -0.572263480200829
-0.00445377812509698 0.00282916187246062 -0.522158749530672 -0.73999178699973
-0.00264922196309244 -0.00797249749918956 -0.861291128895031 0.129295408700331
-0.0215360675448627 0.00689644194496246 -0.157699413237386 0.666251852169866
-0.012982282174182 0.0136336911820553 0.358260730640341 0.320331637593972
-0.0130017235957779 0.0122236413559337 0.279191587565291 -0.0349826792067108
0.0111657807462181 0.0142900553706847 -0.0249647080122069 -0.187987239777317
0.00343659788065915 -0.000561914933164439 0.035554847757551 0.138848894650104
-0.0245845291692225 0.0130252747312761 -0.185836056493285 0.0144529000770967
-0.0175053545486491 -0.00214405375452984 -0.364466800014683 -0.246666152694995
-0.0161054810090377 -0.0306110357095097 0.043620446192326 -0.55812193775079
-0.00386028395996201 -0.0401001506512503 0.699035579916974 -0.261002139909544
0.0110069149440791 0.0160181493822747 0.642849654327143 0.532921236499688
-0.0321399243445612 0.0178447624284038 -0.0306314037509893 0.623388147959517
-0.04405390270998 -0.00106837989377647 0.0425030816243808 0.081643064077409
-0.0191065988055281 -0.00421673370051414 0.149883736837732 -0.567499600664774
-0.00673350650965021 0.000824511935782857 -0.521364246087325 -0.740498177370972
-0.00206159148201061 -0.00932559410541945 -0.864582430792854 0.124163282825129
-0.0183128471659864 0.00608712200525879 -0.159108200462278 0.665747953658522
-0.0130871440169241 0.0162535673877238 0.359096888736002 0.321079094080809
-0.0163746805152421 0.0123010957243325 0.278574143542536 -0.033913583156108
0.00766498673534957 0.0149114740696846 -0.0231587253009877 -0.189875854769447
0.00147427953864687 -0.000120502585873224 0.0367320855585297 0.137082378580221
-0.0248573912371692 0.0139659036765023 -0.187556116078175 0.0126487298426197
-0.0175884263134156 -0.00100821615252794 -0.359789221906269 -0.249812158454744
-0.0134220288832032 -0.0295439875554629 0.0528371145455292 -0.557560345106554
-0.00287525966575497 -0.0398810161746618 0.700159840882261 -0.253905376735042
0.00844005129102813 0.0137230486778144 0.635196157486863 0.543028483442189
-0.0328035494676856 0.0114966832762352 -0.0395324011265027 0.626460244986503
-0.0411464302349001 -0.00562649516209813 0.038905544929446 0.0813483734978067
-0.0185639872146172 -0.00877569869447143 0.143056636836376 -0.566966137469095
-0.00891180393486588 -0.00102883797558229 -0.530690656503949 -0.735305045540988
-0.0015258550473771 -0.00927019232313029 -0.861098112237431 0.133913562292137
-0.017492023389747 0.00752738944279871 -0.149536484063906 0.664257056548987
-0.0140157679373937 0.0191160486966157 0.36285113085195 0.318406913198918
-0.018667141079971 0.0140368497269725 0.278646355003955 -0.0347971791108155
0.00483351375859832 0.0160973147962229 -0.0224699432787376 -0.192809371631178
-0.00192856338219681 0.00172525919282314 0.0367465755027133 0.136592440510605
-0.0254587480014461 0.0158654833517882 -0.18866096162455 0.0112410764782703
-0.0177624499649264 0.000813620769341354 -0.35517397135167 -0.251344758344251
-0.0117633423388568 -0.0279852339054899 0.0679190556480154 -0.557259753737377
-0.000162833452664105 -0.0400760093101281 0.706632234531928 -0.240376225679639
0.00813025872948674 0.0127111074581377 0.621764528608531 0.552742616265617
-0.0319083122727922 0.00703679107255545 -0.0511680466402572 0.624995202056872
-0.0385318564920804 -0.0103919164872902 0.0365510582587253 0.0803112299219693
-0.0175758359231648 -0.0129392627392149 0.133649128495214 -0.569511854550405
-0.00907797290632838 -0.0021433820664347 -0.547835279695689 -0.722024244272837
-0.00151017779950271 -0.00678495037840667 -0.85688446276691 0.14754887887239
-0.0153474327860763 0.0103247121589255 -0.132849852093832 0.667118109176563
-0.0148542592387859 0.0210415095065795 0.369977711467209 0.315496449371792
-0.0193163438353989 0.0149828366321527 0.27459316276429 -0.0373949775268473
0.00118092686327408 0.0185181141650685 -0.0228975856089156 -0.194431690891984
-0.00326085622688759 0.00430123043882197 0.0356743850366445 0.135905627127741
-0.0242875119762957 0.0166732348460387 -0.190667702012114 0.0114970406785148
-0.017379822370818 0.000900357651971676 -0.349975221113589 -0.253849132631948
-0.0104162904351506 -0.0259844222709473 0.0827111983621801 -0.555255634811589
0.00171115018399035 -0.0381658181554716 0.712399599698782 -0.225726675782726
0.00951334396944686 0.0118493666389679 0.60940980870742 0.569529823698488
-0.0288505383545898 0.00504937256878557 -0.0631882735895937 0.625921422975033
-0.0353934415291658 -0.0125907301608079 0.0356101498820317 0.0775220982092137
-0.0142827763810833 -0.0150513192423739 0.123021425875392 -0.572261139414637
-0.00740919951519024 -0.00336416748500049 -0.562519320512792 -0.711792339479452
-0.000742430598116312 -0.005243671374768 -0.852710607410384 0.166327493501572
-0.0155738096525082 0.0139064417842894 -0.116061376909801 0.670483612834952
-0.0136910390213738 0.0222761022832615 0.37549578636242 0.311905802134624
-0.018290274070106 0.0153639473514016 0.272224718145719 -0.0388983232045404
-0.00141491120738604 0.0200367871168113 -0.0244826293826774 -0.194818562261253
-0.0037178073910885 0.00581822354978324 0.0334145038595961 0.135653347553134
-0.0216265900577637 0.0173623941552924 -0.192789257361087 0.0104571493825061
-0.0166582100751948 0.000834543997939139 -0.34432036830535 -0.257627890684062
-0.00955092960299821 -0.0236550150601859 0.100815160297214 -0.551574744751619
0.00367958113538688 -0.03585507942427 0.721682678750892 -0.208839764429609
0.0120958338882469 0.0120813539462289 0.596802638148552 0.583201415955517
-0.0253931656441558 0.00355264563923799 -0.0732476182326152 0.624869071132281
-0.031960416511437 -0.0150129640484976 0.0353202734902372 0.0752010263112974
-0.0111159325593707 -0.0158281294776108 0.113006224365152 -0.573310912576667
-0.0058970953419175 -0.00220394983677839 -0.572664414838239 -0.697470323539564
-0.000602294303299975 -0.00238445530167951 -0.84547773554861 0.182364032017904
-0.0156178692512454 0.0174946153670629 -0.100453518756947 0.670224961506311
-0.0137567762126639 0.0237640937619458 0.383659825105828 0.307660464834212
-0.0149640355289818 0.0179239548604608 0.268707556159896 -0.0397405490536092
-0.00194595892003418 0.0230955171728678 -0.0269833829394731 -0.194146198217531
-0.00446501983217701 0.00938931668308342 0.0312908920638248 0.13685915908281
-0.0186259881169148 0.0176520183892663 -0.195030514369019 0.0105709846201612
-0.0151700008175973 0.000485921806980161 -0.338873024926744 -0.25896624794252
-0.0115633571753529 -0.0205906275674265 0.112524805166932 -0.548185735738302
0.0051799037452089 -0.0328510058523474 0.730366421488912 -0.194765032020747
0.01501557025192 0.012445674988891 0.587898113052444 0.596326058905098
-0.0222351462487852 0.00288947703220529 -0.0813209952621786 0.622816699758375
-0.0273039378615688 -0.0156586734743113 0.0363247128376199 0.0709856409521126
-0.00663530477901143 -0.0160548494490357 0.108086676452924 -0.578575901986469
-0.00164469873586272 -0.00186081116287743 -0.584569226036158 -0.686906597395874
7.18944681274494E-05 0.00154592878885553 -0.836745110554778 0.198687936134048
-0.016189615014784 0.0203815201348143 -0.0868145989156814 0.671576264629761
-0.0122224065979391 0.0226572108897904 0.386056245958568 0.304575211491134
-0.0118565443381222 0.0188495354416775 0.267380038794528 -0.0401195032380144
-0.0018426836245072 0.0254193985188886 -0.0290943663769596 -0.1935831905809
0.00804296030302475 0.000513600972419654 0.0306777632529572 0.144162825287051
-0.0179033815881768 0.0111788541759297 -0.190135292114776 0.0167724025905387
-0.0153135646566506 -0.00566786111037487 -0.36673789500576 -0.248224811354199
-0.0204052889445686 -0.0282996745905624 0.0518779561660128 -0.557569976085482
-0.00270157626794132 -0.0375344853390477 0.712101990440059 -0.249746813937949
0.0170271495004374 0.0174630762456871 0.648417677106289 0.545629677785147
-0.0285200384419252 0.023223395052095 -0.0291404413866496 0.62317999356675
-0.0427077265790961 0.00549314978237558 0.0505093911556789 0.0730172498588648
-0.0153082864053082 0.00217930375543636 0.149237246459793 -0.579436529084725
-0.00206257960764217 0.00392375504464419 -0.534147662776434 -0.736046220153167
-0.0039593281984401 -0.00562795356732294 -0.864556516870958 0.145191207813361
-0.0258833749224138 0.00870057478724719 -0.149725480766523 0.675501647887607
-0.0125609667551664 0.0128552404508555 0.363920612227726 0.31910739854318
-0.00947264832434303 0.0119973027971992 0.279800028165931 -0.0365353579601588
0.0144838348249966 0.0156566369644629 -0.0278249682457782 -0.188061754148874
0.00635408189447597 -0.000695677902789736 0.0336332552027632 0.140822964293623
-0.0209252195021973 0.0121173699808248 -0.189702081960604 0.0164281047420519
-0.0169640584312446 -0.004072886846556 -0.369494668211377 -0.24700780097029
-0.0181498445061042 -0.0293847098238289 0.0451091842063061 -0.558489076668318
-0.00288746824191213 -0.0391401941458522 0.708354659941331 -0.25971055440349
0.0148100361356542 0.0174632160436987 0.652013778115241 0.540583316869408
-0.0301440169723785 0.0221062971319896 -0.0275864925951557 0.625147215875617
-0.0463792678180918 0.00606608111456574 0.0462417264046798 0.0781228192533034
-0.0184909073740767 0.00144240231077405 0.150577713832724 -0.574522395276285
-0.00355833828541208 0.00342453391239803 -0.529129151037015 -0.744275037970383
-0.00229701992278803 -0.00806256579105766 -0.870364609443835 0.132902062887654
-0.0215135133995024 0.00693416976001601 -0.158182882862454 0.673247972684298
-0.0125710195789579 0.0150387796355278 0.363056119859804 0.320796088072282
-0.0131298273646161 0.0127612229486835 0.281587615462114 -0.0366612214837384
0.0119718693409967 0.0141229753323883 -0.0254284344176475 -0.189505369527865
0.00329422945258454 -0.000144285149997678 0.0358641275836549 0.140085303259823
-0.0243343802850633 0.0134186805531702 -0.18853102388934 0.0154571008026007
-0.0177636343745144 -0.00181001989187154 -0.368375621461968 -0.245269721282072
-0.0168834251573202 -0.0300888027422874 0.0442116851070723 -0.560993392107178
-0.00329879642999728 -0.0405236104784185 0.703344477882181 -0.264679499192873
0.0116055790635754 0.0158728926176009 0.647412780710013 0.535842716873747
-0.032239017724158 0.0174859752743152 -0.0297065891505574 0.628166614871476
-0.0451128821237248 3.97972730555867E-05 0.041541377040969 0.0819860316680676
-0.0198801451811048 -0.00466494794873406 0.150836218198168 -0.570792183078772
-0.00730188977327296 0.00071531335318499 -0.526566884934048 -0.747064520827225
-0.00143234541250706 -0.00907113030899719 -0.872685696035428 0.125521965051866
-0.019151993099836 0.00609083866034563 -0.158229321901352 0.672558141507138
-0.0140620882311178 0.0164467759200436 0.361774131355311 0.322517144654773
-0.0159566957855051 0.0137155779766158 0.282967527242994 -0.0353841087931135
0.00833904132667582 0.0150200104991662 -0.0228259471314166 -0.191317855394758
0.000784102315460237 0.000315727767488081 0.0370904062882683 0.138750238894817
-0.0252347439979095 0.01513126777516 -0.190035532562202 0.0136639623288679
-0.0174459615095754 -0.000382248520420763 -0.364695692276154 -0.249553119102295
-0.0141044398708774 -0.0297727308663817 0.0539279709442136 -0.563245468497894
-0.00292935392577019 -0.0397700899203899 0.705439839225129 -0.259548331604478
0.00936335438139065 0.0134370057532169 0.641548625917146 0.544878265073558
-0.032879378158498 0.0126616838517376 -0.0394844818624012 0.630341031480133
-0.0423616407372133 -0.00595809782011514 0.0397311525016769 0.0820086654646841
-0.0197291374103274 -0.00890875660543839 0.141711074330797 -0.572253725056481
-0.00992906032053724 -0.00162477202783076 -0.538253596372018 -0.739704705109092
-0.00150104142032534 -0.00933551405508211 -0.868236717275228 0.135249474199368
-0.0168797042635413 0.00756877218677891 -0.149274001498721 0.670866233551128
-0.0147084596553592 0.0192321968271972 0.368377712014797 0.321451134867876
-0.0188332664288678 0.0144235052744678 0.280896188854329 -0.0362486958981116
0.00571765956860387 0.0165911680683965 -0.0218853160611059 -0.194270598587322
-0.00159123719577851 0.00194092448504971 0.0363118449992554 0.137422393998712
-0.0256920724917682 0.0168732367958928 -0.191842506176263 0.0134238872853566
-0.0173336216739837 0.000938657456397523 -0.359694697397726 -0.251978653365083
-0.0112306921442957 -0.0283426298326688 0.0684337643212837 -0.562484547929829
-0.000525285356124165 -0.04043949054964 0.71300748832105 -0.244860271632513
0.0092973724474282 0.0128077486872842 0.627345821413219 0.557435605725703
-0.0324562924845519 0.00858848503631934 -0.0513926008027308 0.629390710518387
-0.0395245957968654 -0.00945362991723698 0.037111208691975 0.0805958913486939
-0.0186016131548686 -0.0121295170949815 0.132850303618181 -0.573629557188656
-0.00925891635850209 -0.00234192770298001 -0.55384039069677 -0.726288523727146
-0.00115247358183058 -0.00824290497275135 -0.863495714080904 0.15166570746873
-0.0150453423816786 0.0107959202806207 -0.131965828578227 0.673034258426894
-0.0149506951885234 0.0205882349258134 0.374109093372633 0.317116912275518
-0.0191855374527118 0.0156728901234767 0.278612410481493 -0.0380943491540583
0.00252500075412897 0.0183924819684751 -0.0234956979125261 -0.196085994198195
-0.00373902579421253 0.00430416330141896 0.0355411106588816 0.136249482236328
-0.0247380949172336 0.017305592249794 -0.193694896227017 0.011256996921652
-0.0168369525817081 0.00188426138901142 -0.353204250016296 -0.253603070837786
-0.0106734587672676 -0.026710990535745 0.0840435993705926 -0.55899113369126
0.00185875019650464 -0.0381638447851184 0.719513823542577 -0.228708060678296
0.0102128372030285 0.01200412362535 0.614880953869521 0.573012874688664
-0.0295539032035351 0.00487694057655125 -0.0626216795817204 0.630560525903115
-0.0354032521112976 -0.0130026340888604 0.0352790140235212 0.0790048848155257
-0.015319740123893 -0.0143119316997058 0.122938077532984 -0.575946870185138
-0.00788383306894947 -0.00299879998086952 -0.567050808484762 -0.716590638517026
-0.00132747383496319 -0.00531988630062492 -0.858589702540002 0.168951808967119
-0.0156627578515031 0.0132878110091557 -0.114376739173346 0.674306158204483
-0.0147862979062548 0.022448347449923 0.380581107049693 0.3135626357063
-0.0186536686217728 0.0172828128345507 0.274877559757936 -0.0395598664730947
-0.000542441652322034 0.0205134348046253 -0.02458420145242 -0.196195867700306
-0.00400316914889217 0.00667123242167912 0.0338717987035141 0.137037103619087
-0.0215382570767426 0.0182462935946856 -0.1962586648598 0.010283645423063
-0.0162457379597545 0.00173867214094781 -0.347810584797611 -0.256425452213037
-0.0107689439496168 -0.0227992535806479 0.10012578547905 -0.555350118111904
0.00323020243176824 -0.0361965199873976 0.727789607783633 -0.212498658323884
0.0124786662463247 0.0122012590822699 0.602939447486654 0.586058033167824
-0.0256297538659475 0.00316725508458697 -0.0734411949701876 0.62968606427769
-0.0310930054810404 -0.0135902931887702 0.0350945853967743 0.0754982508570996
-0.0118611918968708 -0.0166082860257033 0.113773749268692 -0.578430419191806
-0.00552867504928408 -0.00265510582066183 -0.580756744018895 -0.702503958254496
-0.000546213608031112 -0.00267038220115549 -0.850777832923985 0.186059279668639
-0.0157721449999235 0.0170104297436101 -0.0998153756786029 0.674353889956974
-0.013403548403669 0.0235233817555142 0.386810311202234 0.308716756704291
-0.015132152604891 0.0180480979692694 0.272976336133167 -0.0402261890587671
-0.00221756777592987 0.0234352128545649 -0.026521247700889 -0.195005549685651
-0.00440537687872028 0.00898889327304247 0.0313791679175845 0.137889284217001
-0.0188296153215209 0.0185028709112389 -0.198246670481081 0.0116102271261347
-0.0150876658431278 0.000311801337857391 -0.343775905178859 -0.25843307928951
-0.0112664260539773 -0.0204166600965324 0.114402192959758 -0.552548491331045
0.00426729119944101 -0.0325166174724212 0.73205546959504 -0.197671398154358
0.0149584156616158 0.012162505782797 0.592221790704818 0.60055435747015
-0.0215150232014992 0.00332850892722747 -0.0804613510783512 0.628118157955989
-0.0278350366430784 -0.0137515995654534 0.0365151502148646 0.0707456368786731
-0.00792373261617475 -0.0153847522569805 0.107124772521936 -0.580998492573412
-0.00172921633800563 -0.00157865180409824 -0.592279640882041 -0.69152775792099
-0.000292189386588176 0.000228918913961536 -0.843651165849763 0.200809140448239
-0.0166085546491003 0.0209109319447646 -0.0866107985000384 0.678163086483106
-0.0121016533073288 0.0217100932729564 0.390748807659077 0.305807826824226
-0.0118597065656722 0.0183510007430842 0.270396431035913 -0.0410347083835802
-0.000543972099268639 0.0258763470528602 -0.0301582380686459 -0.195980328874583
0.00865901137462499 0.000751708886468571 0.0309751185742712 0.144268405156072
-0.0173713731437805 0.0107682359537696 -0.194506118706161 0.01800299525581
-0.0151941118201115 -0.00543473174751227 -0.371967367770261 -0.248592104036697
-0.0208882124035452 -0.0285312344109759 0.050336169199482 -0.562710916722584
-0.00298795633785402 -0.0364605434640758 0.720630535785023 -0.253474611490536
0.0179341832374091 0.0172082427698113 0.654906824348105 0.549260652529792
-0.0284888666674977 0.0226895447427062 -0.0280827018363784 0.629009803520145
-0.0439424589251716 0.00617120932684878 0.0507716492751904 0.0744716234947785
-0.0163448790761213 0.00101330551027157 0.15116927927454 -0.582868246502264
-0.00251893327360666 0.00323253632084173 -0.539433889806485 -0.742271303447418
-0.00385457012133955 -0.0046030165288852 -0.870361835888438 0.148500206637864
-0.0258163155688244 0.00836317656517638 -0.148277252807121 0.68417838687857
-0.0120407099134443 0.0126629643373669 0.368733264487718 0.321842163442929
-0.00816664365657891 0.0138437255111642 0.283056104910152 -0.0397372660065416
0.0145862686514632 0.0156821837814265 -0.0284756505139756 -0.189234982503526
0.00653300904617011 -0.00047367237175918 0.0341131833695791 0.142160904509462
-0.0211611890927945 0.0124160938289059 -0.192534144636737 0.0170489064155963
-0.0169726760924902 -0.00404674412167083 -0.372509751588848 -0.246547948717459
-0.0194620723699209 -0.02978115383964 0.0434222556029078 -0.564108570311799
-0.00295687679033824 -0.0397578221042713 0.713612775676491 -0.265067788378599
0.0150941905193357 0.0170646215130434 0.658933495195955 0.540784544080389
-0.030703778666673 0.0236120103041173 -0.0262484843764147 0.631680030969537
-0.0459457318849423 0.00627413013356352 0.0467494143941712 0.0786337397529912
-0.0189545011717641 0.00185534942740794 0.150768762755224 -0.579047432334471
-0.00412823058336244 0.00349673456329993 -0.535348797326491 -0.749434011459027
-0.00175888444803956 -0.00870778683285634 -0.876240671259873 0.134956956479066
-0.0227570745484116 0.00771110704019666 -0.156184606117973 0.681464422894594
-0.0130719044497057 0.0152224945457278 0.368250543949692 0.322927925986389
-0.0134439067636275 0.0135402188695224 0.284102072126839 -0.0365209538928836
0.0128599735590932 0.0139856504544703 -0.025498134102512 -0.191507391184298
0.0042811341157658 -0.000473154090495828 0.035980853241025 0.141361070436542
-0.0239150545812225 0.0146033051855189 -0.192062459285778 0.01590909654749
-0.0179200986626438 -0.00201113987180214 -0.373000936433713 -0.245347260621747
-0.0172802388289056 -0.0305372355848518 0.0428226068710973 -0.566238749854344
-0.00405793896090255 -0.0400417640463932 0.709407059469368 -0.267881344186576
0.0118000745786482 0.0150784072601495 0.655141747069615 0.536946185980076
-0.0324975749734002 0.0180299723596772 -0.0289806418236949 0.633281668577999
-0.0452188794224016 0.000705833432983012 0.0429248371048147 0.0819092521129933
-0.0212959954962623 -0.0042513570652317 0.14844799760752 -0.576247361698108
-0.00782393995032575 0.00141185558260771 -0.536700892082737 -0.74953545179065
-0.00190891898354638 -0.00943537935914223 -0.880255523331165 0.130554690308218
-0.018609389325296 0.00678145972951331 -0.158175540626975 0.677678195051021
-0.0141671751438402 0.0169051902973731 0.366746191829582 0.325051629967904
-0.0163760197445102 0.0143774833872501 0.285048038260829 -0.0374029966380546
0.0100344634810553 0.0160513754243773 -0.0230016598592611 -0.194274975380632
0.000387068505159013 0.000334194274213213 0.0373694933278579 0.139868799945861
-0.0254977612254223 0.015820708639222 -0.192842646331719 0.0146733885101292
-0.0179042949508816 0.000104417754120234 -0.36840985290012 -0.248529419456034
-0.014463674788541 -0.0301050932874767 0.0518664340268977 -0.567421287861505
-0.0028928052434444 -0.040538976748754 0.712311926291903 -0.261745912813391
0.00938530151095356 0.0137237787791371 0.647413224125079 0.548037919375749
-0.0332889036509978 0.0125163887177337 -0.038107335471569 0.635369926868442
-0.0433915615274103 -0.00495168598950082 0.0397270911781856 0.0831435870718869
-0.0207533430280007 -0.0088559172065223 0.14128905784125 -0.577272590082564
-0.00939069234056788 -0.00117239668113715 -0.546455489511081 -0.744320573351998
-0.0014889669241612 -0.00958080017332454 -0.877741468048731 0.140224396631342
-0.0168780416535754 0.00835708402874598 -0.148208874689604 0.679336191931097
-0.0148229310341587 0.0192457959688708 0.372775269513816 0.32249807589654
-0.0178866828506364 0.0154439396285188 0.284408359415623 -0.0384123398763531
0.0055048030257184 0.0164981157411769 -0.0222097352582529 -0.195888418019081
-0.00112999062464659 0.00246781314426655 0.0372683562378914 0.137361375302482
-0.0259554653359277 0.0169593532209729 -0.195592357407651 0.0133858805614687
-0.0173053746603369 0.000950453852512467 -0.363480316780549 -0.251441692691267
-0.0116803296163852 -0.0288148331915429 0.067554534770836 -0.566653027996259
-0.00103214847883382 -0.0396422269295315 0.719062551400115 -0.249053405958854
0.00949004033785541 0.0126167944723263 0.63504448369592 0.560716295145151
-0.031837722401798 0.00869808615723096 -0.05011772181199 0.634857160696545
-0.039382316456271 -0.00923018929336406 0.0373489199697615 0.0814876809829119
-0.0189878624060439 -0.0122737424292154 0.132452016109341 -0.577710167143155
-0.00974977345092634 -0.00329802182562958 -0.561766176859764 -0.730932864397782
-0.000644902984414063 -0.00883245721156742 -0.872739158937336 0.154530098522151
-0.0159570386186892 0.00989111908188426 -0.129758639623471 0.680846151574917
-0.0144989712257023 0.0210870695054066 0.379014416845821 0.316708887437629
-0.0197740240445834 0.0159574273234468 0.282242721735805 -0.0406881366324802
0.00255543779566089 0.0184492129509842 -0.0229625852791128 -0.197925063970365
-0.00338478387113982 0.00411792959099089 0.0358000304305332 0.137662735145184
-0.0244454894511335 0.0182746887009618 -0.197453495942475 0.0126149885984977
-0.0164305726614319 0.00170460547294092 -0.356172433638931 -0.25298184420192
-0.0109026687920442 -0.0266415832305344 0.0835214893137173 -0.563764032349507
0.00161427734479986 -0.037689861692394 0.72455511351804 -0.233627625768317
0.0109411836097382 0.011554062496955 0.622616370668061 0.576173441583351
-0.0291276393098661 0.00592314645902986 -0.0611793561241176 0.635268760901682
-0.0354790861421576 -0.0117981056574365 0.0361013534145743 0.0788661111781682
-0.0157398177938748 -0.0145511514196631 0.121075422155861 -0.579895535086554
-0.00932671258097885 -0.00252201386899162 -0.575151103888268 -0.720175515413965
-0.000381016238261866 -0.00567828186017148 -0.866003123216764 0.173551223414036
-0.0152512218991143 0.0142450971556072 -0.113450348895713 0.680951280441207
-0.0148083073102173 0.0228196352682412 0.387139677934144 0.313712840838402
-0.0178945090117599 0.0181733215339986 0.278266446496 -0.0416339104378575
0.00114036294267199 0.0210349496754716 -0.0239949327518783 -0.198448694122207
-0.00519837270988254 0.00656188976919298 0.033113412901239 0.138426041038886
-0.021995929775558 0.019281919390866 -0.199165413950218 0.0122709247453127
-0.0157454480354989 0.00157029365958296 -0.352096487130372 -0.253834433833865
-0.0107112410666644 -0.0235183911585309 0.100448481489483 -0.56140872713388
0.00297637262699752 -0.0358258326363279 0.734865589015601 -0.216502045894301
0.0135443586824199 0.0118820247300998 0.609398683065282 0.588433956094266
-0.0261490095143137 0.00381414699140679 -0.0716435356078262 0.63557301451227
-0.0319545099593131 -0.0136385170789722 0.0356331017099171 0.0763667367722583
-0.0114905890921322 -0.0150881001005523 0.112236173551122 -0.584173514296849
-0.00545262714701318 -0.00264048503997003 -0.588460887614421 -0.705516636423618
-0.000362549973418162 -0.00157600470697015 -0.85848882234021 0.189851711676078
-0.015616752348936 0.0168871116384837 -0.0984130223685886 0.682659098777991
-0.013204641774613 0.0225717444963034 0.392628491981488 0.310305679628058
-0.0158110122888414 0.0195408107341995 0.275327826937941 -0.0423576571164924
-0.000996511074477761 0.0232005489489139 -0.0271731460023767 -0.197984303944541
-0.00482513518803086 0.00872659396261226 0.0304064217567041 0.139451852251081
-0.01890792028229 0.0186798313819783 -0.201951339983853 0.0120823265202937
-0.0156029494564365 0.00089809114103925 -0.34613838098127 -0.256205573278092
-0.011505034100303 -0.0203948254548292 0.114018855018872 -0.557786027522753
0.00418912601611455 -0.0332056298290879 0.740122802642728 -0.202384566096832
0.0163999637362312 0.0120904841360957 0.599059797110586 0.603158569760574
-0.0221720832656186 0.0029540539584414 -0.0800158620796786 0.632019392181646
-0.0279265067622997 -0.0134624683302897 0.0374686005597334 0.072653604699295
-0.00834828753745709 -0.01528289768668 0.106611512880193 -0.587649232564792
-0.00157532336130741 -0.00210623707750383 -0.600383742697251 -0.695035524089746
0.000184353434509184 0.000552750251925697 -0.851171806986041 0.207138725172441
-0.017315936126116 0.0206664939818872 -0.0833654832605124 0.685808889000545
-0.0128932881247505 0.0229637702477265 0.394395182293519 0.306924061389575
-0.0108234462749312 0.0198692356522111 0.273278348857026 -0.042731950878669
-0.000610693818293602 0.0257702907220482 -0.0301064228226314 -0.197314219433663
0.00867476904266019 0.00150184001523038 0.0315254846172761 0.14552469634853
-0.0179476565416613 0.0116553517483448 -0.196913961176034 0.0193904235350722
-0.014585870326457 -0.00474822965043846 -0.376525031727807 -0.245002195142602
-0.0213485708924626 -0.0280246349141822 0.0498207326919408 -0.568490329330571
-0.00303137977385578 -0.0373121509856787 0.724547759547945 -0.260055792653196
0.0192688778247402 0.0169247466738371 0.663971740007433 0.551910533647598
-0.0275277888638552 0.022838714359415 -0.0256819014251257 0.632165394230668
-0.0443548441476901 0.00683898295910941 0.0520704316384092 0.0752200525827823
-0.017073308088693 0.00202541078429627 0.146751477663238 -0.586566217599732
-0.00229976797750164 0.00309042576703738 -0.549505466757405 -0.745807489813028
-0.00359645561554223 -0.00517501719828372 -0.880611063077677 0.155772462327068
-0.0253414280179586 0.00917975315485397 -0.147230136537781 0.689430878963143
-0.0127138355621914 0.0136773287061096 0.376004847375823 0.321072725505087
-0.00896959369367139 0.0138053298331665 0.285690913341098 -0.0403963398476676
0.0157187602932556 0.0168006585338469 -0.029601095594784 -0.191166108120626
0.00712963601319477 -0.000452836148148203 0.0349606149241442 0.142789664038278
-0.021399696171773 0.0133563473388433 -0.195260989901864 0.0195140522321883
-0.0164659827931566 -0.00423971708108749 -0.378007841744892 -0.243395509392385
-0.0203951574757042 -0.0302946704173342 0.0427480156693915 -0.569507128205552
-0.00307194742115811 -0.0397208422807587 0.720276023499323 -0.271948956506349
0.0156162306469238 0.0167997521660548 0.66835317749393 0.543473684418223
-0.0313493948668923 0.0233474710622994 -0.0242054936064534 0.63711229486583
-0.0465138630154415 0.0076632230007309 0.0476995914112137 0.0791249907593691
-0.020521487606733 0.00256858678081894 0.149089656430417 -0.584988038289086
-0.00494191960181744 0.00334913597125016 -0.54253267163325 -0.753335623827711
-0.00149185180705607 -0.00813162912115198 -0.884357349174987 0.142196606623297
-0.022242140772727 0.00669986581698464 -0.15486318870821 0.688598452875597
-0.0130942216635389 0.0146669938121762 0.373656696858256 0.324773822380195
-0.0130505543293383 0.0149428128568192 0.287396933349834 -0.0390672254648278
0.0141950088848049 0.0154200029765385 -0.0264673513837574 -0.193809209735636
0.00430245643484578 -0.000456272685753562 0.0373901526216244 0.141948080052633
-0.0242293145243938 0.0149397615146506 -0.195645666889393 0.0195582511246138
-0.0174308253193653 -0.0021157220099399 -0.377381768230181 -0.243171097577054
-0.0177287830735228 -0.0307842908134922 0.0415349641104062 -0.571190128424596
-0.00375921911530182 -0.0405642776719233 0.715014321712411 -0.275253152524235
0.0125542596210522 0.015960344482944 0.662954544940492 0.541448832933532
-0.0334086487891301 0.019085391982917 -0.0265524251667659 0.639145938806874
-0.0453619933301227 0.00210734421474879 0.0437005217960647 0.0832798137642334
-0.0215292806333856 -0.00347986881801524 0.146154033668702 -0.579607410534319
-0.00814135190322443 0.00167378812151885 -0.54283591573688 -0.756275445423062
-0.00145179559024863 -0.00929569612856551 -0.888794661834088 0.136990184782885
-0.0189386640661588 0.00714420486704998 -0.154096155659663 0.686070545486316
-0.0142924132360389 0.0179544657592106 0.372536195599285 0.325388065021088
-0.0160527266162441 0.0157735339290016 0.288746848905769 -0.0399555467026546
0.0110608760822678 0.0159601265889668 -0.0237573006757732 -0.19630694947611
0.00114711750695834 0.00103175032725504 0.0379981788192317 0.140341578559649
-0.0257278304906349 0.016608815139909 -0.196790215823967 0.0162671334774302
-0.017460644903911 0.000205966737309163 -0.372454943482342 -0.247319519536908
-0.0143108488010871 -0.0300847746727791 0.0500266790742898 -0.571749116247367
-0.0033350621718421 -0.0410725190584503 0.717761034751719 -0.267576673366725
0.0100170700942227 0.0133458500434475 0.655379757308461 0.549892930248534
-0.0332834373368422 0.0126970622206272 -0.0367286582395193 0.640053445386396
-0.0432927579095933 -0.00381500211201413 0.0411097732488174 0.0835977451877051
-0.0212016282435027 -0.00891498819690483 0.13962345591409 -0.580531211224169
-0.0103377518624229 -0.00148852382677012 -0.552512000693213 -0.74782840352756
-0.0015585952421371 -0.0100375440438175 -0.88330052710311 0.146786258652863
-0.0167564012748502 0.00772489927215256 -0.145642716337983 0.685064113752456
-0.0146438188092543 0.0190925991106696 0.378421602217119 0.324064063043156
-0.0186642681515886 0.0161257949404112 0.287683123002268 -0.0406341488238722
0.00676704643575146 0.0168916827295713 -0.0233703979370238 -0.197790578214118
-0.00204072032566583 0.00238748718274653 0.0372703598214985 0.13940194181288
-0.0257319185449287 0.0182058903441427 -0.198042897616247 0.0164002687311605
-0.0172184753342029 0.000799523849346831 -0.368235814584841 -0.249600138421437
-0.012387164732532 -0.0285716474781028 0.0651659518638234 -0.571674643831898
-0.001196110245906 -0.0402961131609146 0.723759263493818 -0.255093704208832
0.00930740227441353 0.0122413345204007 0.642701911374676 0.562304735630461
-0.0322195356041775 0.00878846176805215 -0.0469640437482511 0.641488359783412
-0.0394559239995025 -0.00840755577191433 0.0377991996590517 0.0823406708976006
-0.0197687954756522 -0.0122839416256083 0.128467014199518 -0.582369477714441
-0.01046621750624 -0.0024685960326092 -0.569643880107904 -0.734617889165771
-0.00102116014444214 -0.00750250112522777 -0.879190154941601 0.16132124113149
-0.0157584484419654 0.0112032688913678 -0.126831382588089 0.686994187118828
-0.0157530534790972 0.02100738454891 0.385326466724297 0.319070462933508
-0.0191679148351419 0.0175031643437989 0.285023051734349 -0.0430188219174645
0.00340226839715055 0.0185848369254451 -0.0238869091025234 -0.200035864437755
-0.00415861092787824 0.00413518766536279 0.0360295254679378 0.138469049694369
-0.0240697103999965 0.0193459093217288 -0.200363419395333 0.0147509128907627
-0.0162599126537494 0.00131383025615344 -0.36185139240813 -0.250869880214397
-0.0109658789458228 -0.0262755868346865 0.081254870816531 -0.570522984919391
0.00138906923663073 -0.0389714102684565 0.731713510257123 -0.239971071388501
0.0110586006086744 0.0112401486936513 0.630735540172912 0.578135888458374
-0.0291384819674543 0.00632565219773654 -0.058049492943897 0.640924390499225
-0.0364693168399185 -0.011031413192582 0.0366064984807594 0.0808419932941902
-0.0173664367678543 -0.0138938644562817 0.118663742460007 -0.585209075532039
-0.00972547832786985 -0.00306228626559473 -0.583575433346547 -0.722931142786924
-0.000673570492953694 -0.00605892605826988 -0.873732665487752 0.178944991601858
-0.0157285826985733 0.0140178550777013 -0.112053959602652 0.690684469055617
-0.0151302716668891 0.023198913487464 0.39095943328391 0.314611795927897
-0.0183727987624229 0.0191352860235251 0.281674697832752 -0.0437951494473113
0.00103806993434917 0.021561874181197 -0.0254167762392438 -0.200808855458476
-0.00448936795410097 0.00618023087443337 0.0333640539861004 0.139509937790761
-0.0219252356775132 0.0196613699582905 -0.202790893114775 0.0139734478756275
-0.0166214162811765 0.00162929974244717 -0.357389055827645 -0.252674757415873
-0.0110750335629134 -0.0231472141118205 0.0991486515237371 -0.567374851158009
0.00355177382473335 -0.0358290897156687 0.740616355189016 -0.223239396676429
0.0130741312419318 0.0105822784900379 0.61688705844759 0.591525204356418
-0.0253570124264278 0.00466238953585813 -0.0679512930554649 0.641035687696006
-0.0325675142990463 -0.0126637666101801 0.0366483888833898 0.0775328683546395
-0.013045480261058 -0.0156510610247878 0.109338149636196 -0.588509299996165
-0.00541621801509271 -0.00226865421892958 -0.597926433148431 -0.709715577080337
-8.58006198501821E-05 -0.00294858127697046 -0.867632619620252 0.19662697846955
-0.0155657586747336 0.0171678142885658 -0.0939782423520214 0.689456183100613
-0.0137856946685655 0.0240602246151716 0.396449445666293 0.310730018816763
-0.0154135520359117 0.0206305336170152 0.279093397337947 -0.0434999133121429
0.00032095885781042 0.0239748939622863 -0.0272894956750464 -0.200916635021524
-0.00403051073699419 0.00873625178044355 0.0310085722639865 0.141188075557326
-0.0181651925819068 0.0195397199438709 -0.2050740098966 0.0144608890390968
-0.0146644978053436 0.000573046493185514 -0.35130590010536 -0.255863535926085
-0.0121884090475519 -0.0201787590729535 0.113554241081109 -0.562695573177161
0.00445276701761335 -0.033399051559431 0.747434595774576 -0.206214328962317
0.0162265878499153 0.0117672926723016 0.608387585192713 0.605016450586135
-0.0217468455306489 0.00382890720197278 -0.0774043497851731 0.638639425302206
-0.0279812237748084 -0.0128908482095887 0.0374931309153227 0.0737849644659728
-0.00908063881646946 -0.0155209386066081 0.104596974278117 -0.591235895328618
-0.00305461970101722 -0.00210530849575998 -0.608495483822824 -0.698271007603691
0.000547533794491146 0.000665307693672519 -0.86092117198267 0.212235490122361
-0.017380590256073 0.0217408430496924 -0.0810385681937324 0.692484191465599
-0.0126825554035828 0.023057004357541 0.401375009161508 0.308280492997076
-0.0119254580946497 0.0217016052631108 0.276940399166205 -0.0450419341935459
0.000980050143124172 0.0264570384090086 -0.0314366131617485 -0.199826942661934
0.00944063522000112 0.000610840478669967 0.0319515670188263 0.146816965750797
-0.0179085174967637 0.0127169213409675 -0.200684926327512 0.0214674056223315
-0.0152806403258652 -0.00555860213220605 -0.380670302947262 -0.243043703782032
-0.0216719042541926 -0.0278932980743441 0.0472815347598669 -0.574121210646964
-0.00344580253217123 -0.0370299438537201 0.73107319130371 -0.266927379915128
0.019082855357944 0.0164777332459812 0.674279212590829 0.552228782057212
-0.0279856888197986 0.0239540353026727 -0.0213460388220303 0.639475126014658
-0.0441334225582322 0.00822434419019636 0.0521693383714745 0.0762002328619627
-0.0178198403148908 0.00252555398314304 0.144266048827772 -0.595186747237948
-0.00220268000274958 0.00431410591057304 -0.558861454568043 -0.748837355996981
-0.00301014306200339 -0.00574165195949603 -0.888427588121731 0.164202400764968
-0.025550262008344 0.00956219379371441 -0.141636121670315 0.699697139476383
-0.0132231035845347 0.0135472744419738 0.381076112022118 0.321228532876328
-0.00894774090621811 0.0151195392263715 0.289411933283133 -0.0433958740109592
0.0171196314986611 0.015919434946686 -0.0304710216979458 -0.192905309261724
0.00654907802329978 -0.000736948974370967 0.0349172767148439 0.143775684904496
-0.0210477940405095 0.014516782633197 -0.198910262297065 0.0217065349326796
-0.0158535492807792 -0.00341423295855076 -0.383751013491715 -0.242081388936258
-0.0206740416108508 -0.0296390358249964 0.0388878363237953 -0.575365222002026
-0.00379392067165636 -0.0394725865644805 0.724868879829914 -0.278053188506243
0.0162552034953409 0.016718460221369 0.679071011595517 0.543467125464911
-0.0306192249716745 0.0248194769418127 -0.0189576721802476 0.640575435863649
-0.0474121204683686 0.00816319765104318 0.0483441536468152 0.0798862005759895
-0.0198029848029154 0.00246461337273825 0.144791198394455 -0.590389671134215
-0.00513582245193568 0.00336951456537488 -0.553405752870723 -0.755161629741002
-0.00127328807722371 -0.00895246189466273 -0.893291232823299 0.148659538364857
-0.0218904435195708 0.00743640304447837 -0.151408288745674 0.696528567660474
-0.013521647792567 0.0158040228582763 0.378963638848969 0.325283168195487
-0.0131113118725057 0.0150104955707737 0.292055874409596 -0.0424721046660894
0.0136894807749718 0.01447095146158 -0.027382640579986 -0.19588527149028
0.00430115735680821 6.88065116409857E-05 0.0372896156256172 0.143046705058068
-0.0243851635795415 0.0154550656485951 -0.198281800286188 0.0199635472715594
-0.0176617774288463 -0.00135748467381228 -0.382165298165466 -0.24215187869449
-0.0185504532819217 -0.0303510656280664 0.0377202847562825 -0.575607770447341
-0.00446092040462394 -0.0408649263318899 0.720492651233921 -0.283768515332179
0.0130471548754488 0.0150343974886254 0.673689850069596 0.539758076692032
-0.0328551651408351 0.0195859900121536 -0.0223607092255619 0.6454279716518
-0.0462651068507178 0.0023203823542642 0.0445998586084252 0.0847498301801972
-0.0224727534349415 -0.00246557558207088 0.146417722098024 -0.586843796357572
-0.00800306711943501 0.000651851357990171 -0.554193558097455 -0.758578467985736
-0.00122187305590282 -0.00956282162325395 -0.895668079498216 0.143435747061893
-0.0185284999741424 0.0077916466801493 -0.150924161578029 0.696193976025269
-0.0139539950504886 0.0174528560915835 0.380310286793188 0.325468998815894
-0.0161670803982742 0.0148631444240029 0.292122707331505 -0.0419769683891243
0.0113407391659164 0.015161518852859 -0.0251511957530549 -0.19828697236202
0.00143994163038251 0.00136185302203005 0.0380285555808376 0.141443106390875
-0.025842004882692 0.0173482058071126 -0.200585484786063 0.0191673582697183
-0.0176090727624949 0.000602499170473592 -0.3785410576756 -0.244452606648231
-0.015935374430504 -0.0301363036577055 0.0488830215013491 -0.578284489315246
-0.00412490838585345 -0.0406341208713541 0.723291157549865 -0.275769842999906
0.0106733846971859 0.0126071335150716 0.664541593178483 0.551696688038202
-0.0333049318816178 0.0142631613273233 -0.0320222154978473 0.646957807708508
-0.0441034683657784 -0.00324171390458573 0.0415269699590521 0.0844954158248187
-0.0228360299696529 -0.00826774447957602 0.136126780040891 -0.586723428884416
-0.00954719245938093 -0.00158589373289695 -0.565183252990122 -0.751001758588416
-0.000994561027927252 -0.0092337635839172 -0.893001845091647 0.153646202708628
-0.0166748023232406 0.00843131972370519 -0.141763443189863 0.69448124246267
-0.0151342085058701 0.0198265207133583 0.38380103147804 0.323942248239319
-0.0189238592357793 0.0170731415956555 0.29061957973979 -0.0438176181959399
0.00603187225950896 0.0168708146908926 -0.0241784527607288 -0.200093742212298
-0.00182925808748383 0.002255776499909 0.0370398610578713 0.140806656930424
-0.0255191804242828 0.0186965988866815 -0.201123063108036 0.0170553452409087
-0.016773058584563 0.00215773061635766 -0.372550105501172 -0.247195659971335
-0.013365594892743 -0.0287838619743595 0.060962363018214 -0.578077268995413
-0.00223625876660621 -0.0403210469801243 0.729259174797503 -0.262111609640456
0.0102386558157703 0.011896407354114 0.65277414388175 0.562615859590045
-0.0319602856617654 0.00958323487590987 -0.0442098235266053 0.648441426862726
-0.0407982011682203 -0.00724618579705463 0.0384813994395259 0.0830934352019461
-0.0200567422131895 -0.0115173558957189 0.125044402520493 -0.588862759361146
-0.0108373499910957 -0.00249633295586879 -0.579327616103647 -0.738838277970395
-0.000987121653595217 -0.00891890704415861 -0.887655746268797 0.171239720847001
-0.0160610248791239 0.0116451491493351 -0.123723437080034 0.696613913166447
-0.0148436467332351 0.0220918634267574 0.392163605211527 0.318681891678499
-0.0189320220064089 0.0183068275293347 0.288004411995607 -0.0455786393775838
0.00381334878441725 0.0185517968894233 -0.0254193475251339 -0.201726608132593
-0.00365997600556278 0.00442341033966111 0.0379946639728878 0.139263268732689
-0.0242459719163513 0.0201538909046656 -0.204173648483666 0.0171732384094428
-0.0163054725948407 0.00264924723973106 -0.366975542579146 -0.249847532182826
-0.011923622191832 -0.0264911856737936 0.0787826382590174 -0.575403120150473
0.000571082068044123 -0.0385764021313792 0.735980936478358 -0.246510879051249
0.0112677692235309 0.0112462639456455 0.63865114160496 0.579485111465672
-0.029694368349482 0.00613955268181656 -0.0551238763143102 0.647258544870521
-0.0362777583160998 -0.00986661542266858 0.0377185764286885 0.0806220150899397
-0.0174687865115345 -0.0139246474980541 0.11632529669298 -0.590887709762637
-0.00923642475106836 -0.00352306015131371 -0.595174092074284 -0.726534691713947
0.000163989082457822 -0.00622686337077803 -0.881831448528628 0.186823308284413
-0.0156251521789971 0.014752743954254 -0.105577489407147 0.697956698236357
-0.0149040946382239 0.0233164305076854 0.398615571160722 0.314593554637482
-0.0181429947709119 0.0196986176663562 0.285167103219206 -0.0459049233910244
0.00162586597905469 0.0220283074204447 -0.0262187142976317 -0.202914034351209
-0.00476035394135414 0.00665832336413262 0.0346060980797743 0.140494946981827
-0.022334241692412 0.0206985134921573 -0.20589765904834 0.0167077878621251
-0.015789271439773 0.00170123224030709 -0.3615740868793 -0.252688162628632
-0.0123274830853754 -0.023566614187483 0.096497528840096 -0.571962968500948
0.00272866918957607 -0.036062502093792 0.74739815371489 -0.230806366308336
0.0143211538168107 0.0114916126094848 0.627424334871184 0.592223228265166
-0.0255144295297714 0.00544120023745606 -0.0665222351004357 0.646292251764853
-0.0325152323731243 -0.0116536078006923 0.0380111890196589 0.0768931179742218
-0.0137882333611923 -0.0155671500503048 0.105261661420578 -0.595073059915686
-0.00617917077251224 -0.00247257196249114 -0.605980147795896 -0.712032094971146
0.000136935672769737 -0.00210030189890782 -0.871773000351637 0.203313188239231
-0.0152723066946853 0.0180647393597069 -0.0913796230359976 0.698225118826148
-0.0141097933635322 0.0239511022708694 0.404115538453876 0.310527285540489
-0.0156905641717976 0.0217105370854922 0.281777494058691 -0.0474793176071076
0.000634190242630605 0.0230724295967729 -0.0297860687921528 -0.202343082988637
-0.0036347001381504 0.0093112991524693 0.0327785989594185 0.141116845724492
-0.0180167599128493 0.0209196011751345 -0.207597578559174 0.014809157715307
-0.0154590883648467 0.000674973564775912 -0.356869149502785 -0.254249114303931
-0.0131912610798195 -0.020057504321678 0.110314657424074 -0.570090039722961
0.00378702285656795 -0.0331581721211558 0.752599292510998 -0.214219510236115
0.0170512927295614 0.0115152752884797 0.617631507721036 0.607220200757746
-0.0223869132396227 0.00405754993533165 -0.0743707428217397 0.644879669138843
-0.0284090858502516 -0.0124588746551015 0.0389330588507116 0.0736084365079094
-0.00882753093119029 -0.0151946605353226 0.100592890421359 -0.596786245708453
-0.00202295072997935 -0.00289535334826114 -0.620615237106721 -0.703109478239791
0.00144993730777059 -0.000554839049982093 -0.867601303274301 0.219967757617985
-0.0169393314190365 0.0218542710594357 -0.0769517075698227 0.701130210871427
-0.0126636066005268 0.0244037554885876 0.407917333290622 0.307714432669579
-0.0105495712669179 0.0217987692659104 0.279336759743622 -0.0476487493490769
0.00192275833734128 0.0262421825969842 -0.0328531311941423 -0.202039850075139
0.00924193368562403 0.000343166367347855 0.0326072762637867 0.147060397342963
-0.018120514703651 0.0144949759742738 -0.202257653598633 0.024430636870542
-0.0158590724548496 -0.00493425283048375 -0.386162023229487 -0.240283566321971
-0.0225326663198393 -0.0276002420356453 0.0422561179004977 -0.578324744572802
-0.0039860820378051 -0.038065915214018 0.735413588437619 -0.276406494603491
0.0197651880933104 0.0161683060662526 0.682315347527371 0.550865280473038
-0.0269182543473939 0.0237397694413429 -0.0164791652154201 0.644919342695644
-0.0448162947716493 0.00965242368713292 0.0537259395560414 0.0760476765812306
-0.0182403280037764 0.00198775790947428 0.141170676374349 -0.597793004718282
-0.00220378807441114 0.00375674506537333 -0.570871986486792 -0.750179584489611
-0.00311429970686638 -0.0061029298476842 -0.896443133866096 0.171649680861308
-0.0254301915496274 0.00928005122005131 -0.137983227254076 0.706390510089267
-0.0132858868105225 0.0137697907868485 0.387785590790527 0.322370331108596
-0.00828424740698687 0.0155481332754427 0.29317317697963 -0.0472779715371406
0.0174410614938347 0.0157571704091133 -0.0311907932919775 -0.195417192571812
0.00666647646751794 -0.000720558031405447 0.0364287351966206 0.145042483109036
-0.0207959021404008 0.0150999071530816 -0.20209320490347 0.0239116224633075
-0.0159674497958015 -0.00277556029913952 -0.389167828559558 -0.23814522095755
-0.021064567529579 -0.0298684170869818 0.0342010621423413 -0.580903519708539
-0.00427065830399716 -0.039637253455799 0.729859065630559 -0.287115386459221
0.016675852098427 0.0164754051172515 0.688395343146873 0.541710036725645
-0.0311024461725553 0.0252681357157694 -0.013007169269201 0.647630023488841
-0.0470341084108099 0.0105579200071019 0.0496617635013777 0.0797508775475159
-0.0218520278768898 0.00221080526311423 0.141064581021322 -0.595516794815861
-0.00461201492169783 0.00353224477383933 -0.564514174260304 -0.757303008375015
-0.00177613667755972 -0.00869741866767682 -0.902319974482073 0.160017312739968
-0.0220937701201909 0.00641025269598315 -0.146132145530764 0.706138218169014
-0.0136545502200812 0.0161936623108347 0.385781311705991 0.325467019170541
-0.0114689137550214 0.0167794198850435 0.294069894508392 -0.046034129208244
0.0153766363134031 0.0150706511163508 -0.0285319948389725 -0.198014936220351
0.00394261086339684 -0.000143719256052423 0.0386021725685946 0.14334411113652
-0.0232910849762279 0.0168802211251886 -0.202222020475848 0.0230481526465469
-0.0171182910289989 -0.00196586599679752 -0.388007512500533 -0.238718206590377
-0.0188164250038543 -0.0307111587784213 0.0357017729272663 -0.581396220168322
-0.00460508569331979 -0.0405943842569593 0.724967096608646 -0.290983980373653
0.0133701694842742 0.0144565358834714 0.68558312487608 0.539757639189875
-0.0326712663827397 0.0198901985721661 -0.0176006915607219 0.651316949244719
-0.045886863452833 0.00405938777386559 0.0449896338712347 0.0844276136610221
-0.0234057794325951 -0.00291330786526725 0.13947628358036 -0.592005822263827
-0.00859553461271813 0.0016026519590869 -0.564757927983572 -0.760530620793747
-0.000179824808588865 -0.0105082937996706 -0.903948996973374 0.152042173165053
-0.0187697818909485 0.00712544997853323 -0.145713004142418 0.703832059163417
-0.0145500183758656 0.0178361481220874 0.388368163358212 0.325726678669656
-0.0166128095652668 0.0166295807842747 0.294678091529209 -0.0451528580031678
0.0121410056144761 0.0152196481652544 -0.0261752042660336 -0.199884221335169
0.000324530394460006 0.000369942692972964 0.0395379523127161 0.142601781902463
-0.0249520510698591 0.0183979034055332 -0.201703059271531 0.0211406070949593
-0.016793064142393 0.000223095028341156 -0.384816359243524 -0.24247395592572
-0.0164636443165532 -0.0308295140725281 0.0443064282626121 -0.583507458100205
-0.00411176031527434 -0.0405130120154249 0.727592577989492 -0.286875570898267
0.0104182211214403 0.0124545337668304 0.67614003038526 0.550938395391284
-0.0340346322057725 0.0143744489167107 -0.0272692585931602 0.651124762526026
-0.0431914350021903 -0.00242655443678257 0.0425373379668563 0.0844740392504135
-0.0230888611245055 -0.00773633376848339 0.131785279986675 -0.593005206745413
-0.0103703531415048 -0.00169282837877915 -0.575889511310982 -0.751957364470362
-0.00125447152302161 -0.0100470497458039 -0.898321505558748 0.164658554585241
-0.0163398528273033 0.00833459510117935 -0.13634320663263 0.702354527543888
-0.0154448826285475 0.0201615399454926 0.391337773777328 0.322791592917667
-0.0183918422552873 0.0188587583948398 0.293461446370955 -0.046735588389085
0.00740111388988337 0.017208640697724 -0.0262376790598912 -0.202349579551111
-0.0013615591638738 0.00187021436555805 0.0387584016150474 0.141217879204078
-0.0257184277129723 0.0199817393362654 -0.204077537115278 0.0203041539661499
-0.0163011339070968 0.0015460382409457 -0.378391484483964 -0.245000239933338
-0.0136671795782832 -0.0286626970405062 0.0579794809763926 -0.583216407827355
-0.00282614697118433 -0.0405858986796567 0.734679312522974 -0.271038275994734
0.0103836050763169 0.0114278747235998 0.662716563928952 0.561088942690488
-0.0324478952713439 0.0104060880836869 -0.0386792580293629 0.653262044820969
-0.0407950772314766 -0.0064932451679784 0.0400586424495612 0.0837217111025032
-0.0213334971330323 -0.0109809358235004 0.120972299626903 -0.593086428324495
-0.0109273312447329 -0.00324252344085309 -0.592156821170452 -0.739336407229798
-3.93550641989461E-05 -0.00867020291459988 -0.894969868733475 0.180005930621141
-0.0151116680561679 0.0117022335822726 -0.118955318128352 0.705131561451507
-0.0154563156714587 0.0224274950369588 0.399694028999927 0.319730029870531
-0.0189191823082369 0.0193127836608002 0.29157758307713 -0.0485627507768095
0.00455307125289605 0.0185218632991523 -0.0259035638772053 -0.203567285836972
-0.00362654460888117 0.00455653856027923 0.0376291108026398 0.140859476442292
-0.0239513630632844 0.0199318062895869 -0.206110521740016 0.0200383253227432
-0.0162355192190898 0.00251311870021882 -0.371482604530571 -0.244647607922408
-0.0124079662960826 -0.0270705387676155 0.0751169483055341 -0.582694835767138
-0.000759837735204797 -0.0390582086019584 0.741672509200411 -0.255828711753284
0.0121452839814101 0.0110084407324383 0.652295373483342 0.578343820390205
-0.0299930881695331 0.00663419244726251 -0.051553475153785 0.653366394176788
-0.0364635002271063 -0.00922857023039347 0.0380968954242869 0.0821104712474308
-0.0179166007410319 -0.0140705942255119 0.111413066293546 -0.595722264350556
-0.0093160722916369 -0.00315601465700534 -0.607553322148055 -0.727075634226844
-0.000142579380473986 -0.00632200586640248 -0.889199926202405 0.197257230995394
-0.0160511120906466 0.0140299992164627 -0.101781411740071 0.706289093141237
-0.0158989438982537 0.0235976201633464 0.404490458925121 0.314919288133473
-0.0170439502107323 0.0210867388604531 0.288383106127465 -0.0488927320121737
0.00272001127860573 0.0213607424427221 -0.0290401882510904 -0.203783894294111
-0.00450292339086903 0.00729597359060729 0.0367224315499644 0.140589032933147
-0.0208530125077224 0.0210791264066642 -0.208868690249665 0.018864444248128
-0.0156600012866049 0.00187585281497254 -0.368839409460239 -0.249031144553564
-0.0129286728534692 -0.0241782771138849 0.0938899647476416 -0.57927272401722
0.00226376220758749 -0.0356851898138113 0.750685037135944 -0.237722946865001
0.0142247303458544 0.0105006775214162 0.63811069457795 0.59251431310479
-0.025792520641665 0.00581442089209053 -0.060919342893712 0.651967047039706
-0.0328930661967205 -0.0113763232562135 0.0382403670522733 0.0785597477817222
-0.0139407290195789 -0.0155507186520031 0.101452364593318 -0.59829185317229
-0.00662646091416154 -0.00321076318303837 -0.620258923024098 -0.71330406073738
0.00141982446401538 -0.00283816554917663 -0.881060622788761 0.213066965050863
-0.0154962057965382 0.0181952418947278 -0.0862675652650877 0.70466994646442
-0.013987654073727 0.0244206937872341 0.410648908739703 0.310317599368337
-0.0147324413992941 0.022321530537267 0.285483839868446 -0.0501404916996567
0.00153560624375391 0.0247892987251849 -0.0304971287222668 -0.203778311002384
-0.00408368714615065 0.0092184220099273 0.0331456512879167 0.14246611596437
-0.0181064278552818 0.0222109805655672 -0.210719289878817 0.0190139647781115
-0.0143225535845408 0.0007130705646405 -0.363239192763973 -0.251134212842354
-0.0137457067211275 -0.0202688364684104 0.107953015995068 -0.574261003750963
0.00380040632855055 -0.03288529741831 0.75717698395052 -0.223681176906422
0.0166728758344707 0.0106807365020091 0.629084340717977 0.608346256209263
-0.0223479583947356 0.00499647230721926 -0.0690489073662579 0.651269251306998
-0.0286976215407966 -0.0117625161789201 0.0392621516378955 0.0738604201079881
-0.0104883402704765 -0.0156972066707861 0.0959277268550525 -0.602727299284623
-0.00299031161407323 -0.00290199578001089 -0.630214216790633 -0.700775220607191
0.00117443564329478 -8.02059899205447E-05 -0.874643317775683 0.230711639376114
-0.0170406917469181 0.0223931728370155 -0.0702579892046494 0.707239292428106
-0.0131036275580154 0.0246343636790549 0.415129455144758 0.306682121650735
-0.010084311998768 0.0229866391153169 0.282533382112189 -0.0504531315927618
0.00202013185452832 0.0268791997586519 -0.033805065557595 -0.203173858508051
0.00910178511705249 0.000774248540465959 0.0349311109802907 0.148441990530832
-0.016967550974922 0.0137415764932209 -0.205961318500089 0.0280286104493472
-0.014801812622592 -0.00557511043394825 -0.392893260870146 -0.236851265355467
-0.0232377906603638 -0.0279515266404803 0.0384028227071363 -0.584227358906565
-0.00422296159228821 -0.0373521132524104 0.737047703434225 -0.285635279566581
0.0198002677738459 0.0165558190105712 0.695457079058509 0.547667622829196
-0.0271050221497766 0.0252494953464259 -0.0097664758769233 0.650416252619588
-0.0449200928195997 0.0102994044361144 0.0553032953034839 0.0756283385535186
-0.0193785819442448 0.00329532192345524 0.135916233975014 -0.605237862404942
-0.00227023995469791 0.00416116479806895 -0.584217982795766 -0.750941829550222
-0.00296826060995747 -0.00525462373319324 -0.902383223998846 0.184416685690606
-0.0254743371876888 0.00956701881686279 -0.131560708878254 0.715876527937243
-0.0131205278353872 0.0141782994091678 0.394767590373794 0.319481377359583
-0.00711933786715389 0.0166699813127591 0.295546995443849 -0.0503869362406688
0.0189794344725474 0.016064066543237 -0.0330635952651711 -0.197024417909266
0.00733571698938062 -4.54657379484827E-05 0.0367535995908609 0.146004663898919
-0.0207341719125005 0.0156889900742429 -0.204130134240808 0.0279829644845407
-0.0165154511082729 -0.00374988431976159 -0.393306686211113 -0.236384698667351
-0.0217856015463862 -0.0300871431055271 0.03124298688493 -0.587091778625152
-0.00450800985592136 -0.0405132225010056 0.734252733900155 -0.297588163538934
0.0179135193336433 0.0161579642195979 0.697602162455028 0.537673934501842
-0.0302086102779441 0.0255602649832182 -0.00754767961914196 0.651588286095539
-0.046346095086088 0.0110155124615121 0.0515618813204048 0.0813073660546187
-0.022683871641917 0.00287515810934034 0.136300079608925 -0.600919898917099
-0.00496989471835498 0.00266768234341949 -0.579151665273816 -0.758138747564548
-0.000472358604909393 -0.00884006870241153 -0.908026881542843 0.169771524422986
-0.0214451081661511 0.0074082773167024 -0.138219262613431 0.712510243671948
-0.0142419649439125 0.0158253043638422 0.392816489739547 0.322725790821006
-0.0118064377701186 0.0175342559445856 0.297441873382264 -0.0509017334402688
0.0166515564516747 0.0147576301155723 -0.0307100585096066 -0.199227277834357
0.0043444357529823 -0.000471529361140798 0.0394917621818399 0.144131810969051
-0.0231103168174812 0.0178287342377538 -0.205290670960841 0.0259717458717373
-0.0168376620409288 -0.00126412171782538 -0.393571520730175 -0.23430996643465
-0.0200061029915852 -0.0300375949193987 0.0292211697753528 -0.586876213827969
-0.00540900892203293 -0.0409517827615947 0.728594152566041 -0.304565541946754
0.0132967072909568 0.0141948384071911 0.696335223897012 0.537085074447232
-0.0336550208187449 0.0208437435823994 -0.0108486422652128 0.654971362641932
-0.0464232290918138 0.00524622383509283 0.0470937298577982 0.0852731342964557
-0.0245350382870077 -0.00244124666945106 0.135298021362667 -0.597683401008318
-0.00892871356588506 0.00126385561633374 -0.579483880959913 -0.761551566967541
-0.00158184159132203 -0.0100843415840867 -0.911110252667693 0.164422566302515
-0.0193524620871035 0.00684758058329168 -0.140358349447151 0.710300599386266
-0.0150016333247944 0.0178586580232816 0.394085025541862 0.324014772346219
-0.0155206855011144 0.0176244578509287 0.298700886574451 -0.0486312886581965
0.0128577315212293 0.0153590430556406 -0.027976617592152 -0.201696873496889
0.000618312114372011 0.000805113558985012 0.0414346209263948 0.142455541042145
-0.0262366834002618 0.0181773142537227 -0.205576209744189 0.0249274430354499
-0.0180299748740442 0.000448450370969342 -0.390262928559126 -0.238007745315752
-0.0171474299747724 -0.0296975253107793 0.0379747086529791 -0.5885256253906
-0.00542767725596247 -0.0403780424331696 0.731946384899665 -0.29464802278004
0.0116627731203257 0.0126759822071792 0.687329337814179 0.546950502976269
-0.0331981273032096 0.0153589195901105 -0.019343635471452 0.655995586604193
-0.0442656881760494 -0.00119053668760282 0.0441028943635871 0.0846673972178965
-0.024060725720536 -0.00747315025821743 0.126532826867835 -0.59811508554843
-0.0109264690334164 -0.00211746542192452 -0.588264979704898 -0.752631650248875
-0.00131158930365726 -0.00987493931701329 -0.906609286527185 0.176720852987874
-0.0161716385070473 0.00837919597901407 -0.128970050477763 0.709668100708932
-0.0158900137185466 0.0209517299102065 0.398393103431351 0.321437547450493
-0.0174174614487551 0.019659867840941 0.296998898426995 -0.0502154817056548
0.00896208908501069 0.017322614716434 -0.0275181611195312 -0.205179882681271
-0.00236703940945448 0.00253853212718405 0.0400693865212707 0.141755336086252
-0.0254172232956152 0.0199204126398639 -0.207320747995339 0.024239164605523
-0.0165603650648651 0.00179742636035038 -0.38493959331289 -0.240342689610992
-0.0143638353566441 -0.0291206682099825 0.0538636785168326 -0.588851856161686
-0.00230361572265705 -0.0406442297767667 0.739168923704386 -0.283612005009456
0.0114232164000614 0.0111139485208632 0.67426023253577 0.559435094865451
-0.0331055025147589 0.0108062726652975 -0.033600831876087 0.658867987827944
-0.0412265275065335 -0.00536845181609896 0.0409781088111658 0.0831569267725083
-0.0223936348173748 -0.0108192882790928 0.117391616206855 -0.599841210358236
-0.011204205916972 -0.00368956417616654 -0.603813101300413 -0.741877063599178
-0.00020660991760009 -0.00855501707115778 -0.901868196516318 0.191531163042335
-0.0153621173787232 0.0111895446069068 -0.11034498095556 0.712625266623913
-0.0155465440835716 0.0233219553672106 0.404964271913978 0.316583055436026
-0.0184718656581031 0.0210543446246827 0.293767281069554 -0.0525311942283382
0.00641570784251199 0.0195677503718717 -0.0286948675223731 -0.205527995457011
-0.00371557912608051 0.00492318793087215 0.0394905211003122 0.141059448647362
-0.0238296186052709 0.0214847388276631 -0.208834011389804 0.0229835335401429
-0.0167327838696794 0.00206401872234774 -0.380151990844506 -0.243122028856612
-0.0135048457184267 -0.0265113115690123 0.0712317663753445 -0.58639144942166
-0.000613587280994857 -0.0391863542808016 0.746343708257796 -0.265969643889386
0.0125488089463453 0.00995592423716072 0.661780657077816 0.577120685986647
-0.0298678924680173 0.00827206096587405 -0.0433094644653476 0.656920609941496
-0.0365749997303587 -0.00845360352199508 0.0402824507073552 0.0816953938113606
-0.0194173038005599 -0.0129269487014414 0.106578670644141 -0.600914979046844
-0.00882584879854575 -0.00332414311441703 -0.619076997594215 -0.728207688567964
-0.000375837916287872 -0.0068908278397396 -0.896051478651471 0.207438093519093
-0.0152883330861425 0.0148115666078515 -0.0944191905799744 0.71410471039203
-0.0156010199731742 0.0246752930777482 0.41205998022594 0.311778502502567
-0.0173432906477535 0.0227363209135029 0.291106965790365 -0.0537216475774437
0.00394310273560724 0.0225338682330273 -0.0297489731862273 -0.206638334889832
-0.00527209388221461 0.00696861244835283 0.0367540976822174 0.1416641307328
-0.0205875996994369 0.0219508688827485 -0.212342596784953 0.0230116639531641
-0.0153546669655986 0.00159870534436365 -0.371778885386394 -0.246340383668224
-0.0128232255852885 -0.0235926229625266 0.0888709903693353 -0.586236076316239
0.00273272677762776 -0.0360927853989676 0.755741606169615 -0.251085441872474
0.014930136384691 0.0111260506037998 0.650886112318839 0.590460722562308
-0.0256858422839577 0.00555785591574991 -0.0542827415725554 0.657636464150811
-0.0330089490786074 -0.0100246281816621 0.0394280675791083 0.0777270762887278
-0.0152219298057764 -0.0152071640857835 0.097116338125018 -0.60210455081554
-0.00602783357028963 -0.002968337166712 -0.634594662498192 -0.713831937659993
0.00110157729348778 -0.00297947566542203 -0.887476226936362 0.225115886293764
-0.0153155008542451 0.0182297191241396 -0.0783142140546888 0.712835969363881
-0.0142843847313315 0.0236183325435326 0.41752884704973 0.30922421131266
-0.0138861047328791 0.0238889842810062 0.288287820672221 -0.0533808819184034
0.00265007636317801 0.0248649814903012 -0.0324873814110522 -0.205944279209436
-0.00466652960495756 0.00942125547818623 0.0343032361065287 0.143399376010182
-0.0171805501235861 0.0223369212827655 -0.214490322762398 0.02209259359706
-0.0141733216926899 0.00155941844495016 -0.368195122149915 -0.246643719626956
-0.0143776063367584 -0.0207519773345075 0.102547227514655 -0.579171766138322
0.00371884508267812 -0.0335602602315261 0.764018313403053 -0.233163210424299
0.018155025315217 0.0108039652069946 0.639827912132923 0.60622698405839
-0.0233597509599677 0.00431126576890314 -0.0638240478227983 0.655279214525085
-0.0286777546158721 -0.0101824301901963 0.0408805764915845 0.073811342740323
-0.0108104962031599 -0.0148797907192523 0.0904817720980793 -0.607611493858563
-0.00354546872382833 -0.00296648677196412 -0.643261625373757 -0.700167572464542
0.00160590992642029 9.60195531545041E-05 -0.879421380687257 0.242390252230247
-0.016046599501617 0.0229541138782131 -0.0641467186441607 0.715548613961144
-0.0134316267474237 0.0239214085408151 0.422468525776489 0.304848125677598
-0.0102216678263046 0.0233262326242735 0.285810086856329 -0.05423391108918
0.00302017242520763 0.0280665199063972 -0.0355551059380096 -0.204286440439946
0.00960308429152389 0.00101937698248743 0.0361373621246474 0.148169334885989
-0.0168988508756133 0.0151733544459553 -0.209157688712653 0.0310165846728862
-0.0155326050256174 -0.0055217029672934 -0.397340367855924 -0.231282726462063
-0.0241461687445565 -0.0279513905642431 0.0319462147737156 -0.588138881706209
-0.0044921186028566 -0.0370790143279785 0.742265651675204 -0.29630427144477
0.020441921596479 0.015388823436383 0.706383279774221 0.543908582805292
-0.02794148396818 0.0256930889348445 -0.00395659066062884 0.653487993554391
-0.0440494103915107 0.0115167005364803 0.0554977495789063 0.0758216923174955
-0.0209732396043739 0.00424108289339614 0.130293431617882 -0.608958989637561
-0.00306047439038622 0.00362484739683231 -0.597017666420908 -0.749101784067709
-0.00176559936634991 -0.00662037902934099 -0.907663904443781 0.196059086032502
-0.0257509697235335 0.00981641543974046 -0.122936530243844 0.722279277301259
-0.0136359737721401 0.014731284820068 0.402498822733691 0.317282549373415
-0.00623092768269319 0.0177146359334883 0.298364857589616 -0.0553036244556653
0.0195881604838249 0.015870956172909 -0.0352767463911794 -0.198429114509654
0.00766188325728927 -0.000275337207849793 0.0385752079784105 0.146258540735139
-0.0205189473106113 0.0166280892946674 -0.207312647036621 0.030741712779097
-0.0157548347696848 -0.00350119856975642 -0.398829549348854 -0.230182759147083
-0.022856045983995 -0.0294960017441448 0.0253484819619894 -0.590524733224602
-0.00532133929014129 -0.0394474366068872 0.734817288978139 -0.308922805495744
0.0184481943918553 0.0160184100960921 0.709704692665162 0.53486954113184
-0.0307644494298166 0.025653429787329 0.000525848607214408 0.65659174271391
-0.0475046817302111 0.0124280704124101 0.0516665790030212 0.0806696859096322
-0.0228371994637358 0.00350567484214515 0.130084566531258 -0.60731691603707
-0.00573964523577259 0.00341148048377406 -0.588777910227105 -0.756880480161946
-0.000225252835962489 -0.00912510309852102 -0.913030037654626 0.181025758467678
-0.0223028749648613 0.00835251966774662 -0.131060190344689 0.721506454239405
-0.0136570163871021 0.0166493802997538 0.402722983232925 0.320555444515142
-0.0112717860312465 0.0183181961414149 0.299812759544177 -0.0531719759953971
0.0174979869655275 0.0148288168584133 -0.0334574099379204 -0.201419457010945
0.00445625230913483 2.48159869413846E-06 0.0401607714621841 0.144846388702402
-0.0232145244922344 0.0184470364873437 -0.206321961617792 0.030396493344194
-0.0169887279356421 -0.000989861490923509 -0.399417648870259 -0.230959865580924
-0.0211322399145349 -0.0297996926814205 0.0229993840858876 -0.592804360393731
-0.00614707768716188 -0.0412041976111607 0.728903862139996 -0.313504197751675
0.0137619336076269 0.0140687466305023 0.707994766304046 0.531794165356469
-0.0331464266128739 0.0215261817296199 -0.00191769420374139 0.658175119467803
-0.046799487793685 0.0059700879083109 0.0484503161720736 0.0849427192884827
-0.0247111341423796 -0.00109406054785829 0.128701167899886 -0.601954632730546
-0.00818542267741918 0.000162587162881964 -0.591137695614891 -0.759089219983532
-0.000176936545316402 -0.00976095996760807 -0.91349017676296 0.176113965237435
-0.018899952667029 0.00801911434085515 -0.132045306270926 0.719647349892465
-0.0152862963581024 0.0187069715513582 0.402489456647136 0.321415581956432
-0.0152716165646628 0.0194189580197412 0.300905055536621 -0.0531703038848651
0.01323005182641 0.0150784322046055 -0.0298259074135105 -0.203626723785509
0.00112429709105961 0.000508248966248955 0.0417202849573338 0.142320493632963
-0.0250747448168031 0.020481559783381 -0.208229171994582 0.0284549009672059
-0.017538808705139 0.00101299861823512 -0.394802066326924 -0.233133722192785
-0.0178924340589518 -0.0300222038830658 0.0324287165841196 -0.594255191588647
-0.00481014920248502 -0.040851495627127 0.734569485221342 -0.306025353658277
0.0124493504513672 0.0123310614334489 0.696979085504481 0.542414820704413
-0.0335370833137063 0.0156841251503248 -0.0141302692741705 0.663169889610066
-0.0435572124786583 0.000555724085254925 0.0451504195615917 0.0857053964276653
-0.0243058607016365 -0.00702458307107261 0.121054405449052 -0.602704799744715
-0.010903428330908 -0.00150673735086166 -0.601488649671144 -0.751159073246378
-0.000629576387534789 -0.0105514940572401 -0.911944646321763 0.186724460434235
-0.0168432880626977 0.00910069932496009 -0.122268840094355 0.719519571447098
-0.0160204792110923 0.0218778661962151 0.405752392465997 0.317789501499076
-0.0175245006857273 0.0202700498263197 0.299447330017838 -0.0556305633881071
0.0100856852488074 0.0174013231260372 -0.0293408166939171 -0.205123715325522
-0.0015241694990459 0.00231830262867187 0.0411635564659165 0.141197535194384
-0.0251947991726838 0.021811467942749 -0.210628386171312 0.0274032890315391
-0.016367873302627 0.00246915851715471 -0.389907726145659 -0.23500537073105
-0.0152667896384554 -0.028716805016844 0.0483733267552427 -0.59332413928702
-0.00323146520272286 -0.0405672629196499 0.740083390809295 -0.294213508252013
0.011185270102093 0.0110067280788893 0.687487282642331 0.556132695497913
-0.0327190349323103 0.0112247804227778 -0.0258806233389743 0.663727259810563
-0.0411230143350331 -0.00442185403556944 0.0416985991636314 0.0848930253001913
-0.022504786434752 -0.0106846865847446 0.11101918190818 -0.604001431473216
-0.0113101737223892 -0.00296575205613814 -0.61615770110838 -0.739198588776428
-0.000374813222838749 -0.0092473094921475 -0.907350679587465 0.203228258195186
-0.0151363777788964 0.0126932805319768 -0.103394766724399 0.720039360856421
-0.0150659532085935 0.0232670515732473 0.412984725474812 0.315037441599659
-0.0176605810646635 0.0216842388977492 0.296208648943271 -0.0579126607498078
0.0072297428847391 0.0194992778088232 -0.0306770165433993 -0.206890617473842
-0.00347069798980413 0.00481544145963462 0.0400799435943836 0.14191102431636
-0.0238887493279363 0.0221380895532875 -0.212132403154762 0.0261232292229777
-0.0161170675299993 0.00226065301478303 -0.38421862952381 -0.238789255320858
-0.01448875944591 -0.02656603115942 0.0653970207495532 -0.591580027562798
-0.000402871119713925 -0.0385224040790526 0.749113863336863 -0.278426159349453
0.0127792412482965 0.0102417775045057 0.671842215562851 0.572893665632047
-0.030611738675615 0.00795388959373457 -0.0389952575960783 0.662359950471766
-0.0368946767273122 -0.00794579814210902 0.0404517581415323 0.0820680800649336
-0.0203167824805421 -0.0131501020692784 0.100976438504709 -0.606021814934238
-0.0101239879915873 -0.00330472917835446 -0.631225815676682 -0.727405180191404
0.000522490793030569 -0.00713495798108707 -0.900394856629084 0.219702155670219
-0.0150454334902284 0.014953972406146 -0.0873164589608273 0.721129572363735
-0.0150208698081569 0.0248931171125148 0.419088399917626 0.308152369926802
-0.017588257533172 0.0236298308695815 0.293592525281598 -0.0582264898379676
0.00453562904581094 0.0216674980227756 -0.0326040572222995 -0.207806620960741
-0.00392126106659798 0.00810732478060213 0.037151881445428 0.141989427482489
-0.0207942451693753 0.0226598581364026 -0.215218294338892 0.0252068696290123
-0.0157736141540816 0.00232926417304131 -0.379642671864067 -0.240459960168967
-0.013478171874031 -0.0236161275250524 0.0842749685369489 -0.590023003340113
0.00153823058934249 -0.0364499683187276 0.759912377245855 -0.259917536930627
0.0151959753230445 0.0102272563060478 0.662261969795149 0.587327329496878
-0.0270249233158654 0.00586202854536073 -0.0470180895070768 0.663287193960591
-0.0329151067948048 -0.009960280626155 0.040188372986718 0.0789693364020067
-0.0166132878455955 -0.0142476073038098 0.0886936121254731 -0.608461689467032
-0.00717266440254323 -0.003405226630433 -0.646153080758634 -0.710068935651129
0.00169573254310226 -0.0036760932595819 -0.891777015729026 0.236685963141303
-0.0150454794123547 0.0182808508211502 -0.0708142605814525 0.719913821591465
-0.0145404537465367 0.0256312659160092 0.425399565675213 0.304156614464093
-0.0140078632315448 0.0242637203938802 0.290735759175587 -0.0576193350827582
0.00415870287566907 0.0253211141560959 -0.0348745758526277 -0.20678995472468
-0.00458754354852983 0.00983077540884467 0.0346192430219402 0.142921371635582
-0.0178291894227701 0.0225846533783463 -0.217466503504487 0.0262628550690213
-0.0148907603180587 0.00114819281300721 -0.372311513802415 -0.244192430083121
-0.0141472033981221 -0.019930928322309 0.0975411739967071 -0.586724648544271
0.00308644142891287 -0.033497944397292 0.766332189817682 -0.244950901857401
0.0182948671259284 0.00977402034717213 0.651154782887923 0.601896515713349
-0.0221727204177192 0.00532419513301561 -0.0556073831858111 0.662193986232376
-0.0290182752657497 -0.0095008118831495 0.0426690057759598 0.0738065223406107
-0.0111832678017477 -0.0152675387774174 0.0842829659993196 -0.61248398039759
-0.00370370697138237 -0.00208411652549178 -0.656771104711637 -0.698779963424254
0.0013822118444433 -0.000404148957794385 -0.883717458720641 0.255279662817911
-0.0157628655142065 0.022429903852456 -0.0561541257200188 0.722884570785912
-0.0127508970273435 0.0246128630178769 0.429370108054564 0.302863781475382
-0.00948317323132664 0.0252848312808286 0.286763362732492 -0.0591544213949775
0.00434979806052074 0.0272494951633434 -0.0393764484213274 -0.205812996400578
0.0102253490085363 0.00103840525238655 0.0367711937633738 0.14889335448262
-0.0170318453927935 0.0166148716997514 -0.211019525606031 0.0352380454889498
-0.0147703679028258 -0.0052151071543484 -0.403464373639058 -0.227216722246667
-0.0248155450881359 -0.0267073112812332 0.0259768158688648 -0.592277946487148
-0.00512205756145464 -0.0368943657713922 0.743152994348306 -0.308246540701777
0.0210361177820305 0.0143011101913829 0.718990136071271 0.537869411108147
-0.0276924671539064 0.0260404554988438 0.00436659587245133 0.65700222995668
-0.044106212222072 0.0134868673086596 0.0579204110037318 0.0759899302604741
-0.0206067593652383 0.00405417597019847 0.121823814223004 -0.613946779549603
-0.00322067886022435 0.00291353754413837 -0.611603601893729 -0.747143162677634
-0.00237360552702731 -0.00602933893138346 -0.910486226336915 0.208701735465839
-0.0252314206845893 0.0116693411904201 -0.114272989635586 0.730297570062458
-0.0139755475675857 0.0146845446049391 0.40846458562834 0.314239452809127
-0.00553579883455201 0.0189545588608886 0.300707628845121 -0.059181011837623
0.0221758707585364 0.0153908230236507 -0.0385684380608247 -0.199732311912823
0.0075646656172514 -0.000525673978386254 0.0399880120435006 0.146841473347072
-0.019403622298118 0.0167013839820242 -0.208959110000173 0.0346193964794799
-0.0162714644028406 -0.00319758088577439 -0.405325363369376 -0.223935961878139
-0.0238672078478525 -0.0286067279883156 0.019285138474339 -0.595478289864462
-0.00584852088287318 -0.0397835502797843 0.736374981080254 -0.321059787411412
0.0181380914635256 0.0155046851284339 0.722245214911721 0.529508077321884
-0.0305898891650181 0.0265846408180932 0.00736507598702639 0.660551230494797
-0.0471733360856621 0.0137581404481323 0.0535135916495173 0.0806974429771884
-0.0243830007713381 0.00464023737044136 0.123038803292054 -0.611496587687188
-0.00592501719250018 0.00310426034534907 -0.605779088026163 -0.753783491102771
-0.00093253751909738 -0.00975023751105892 -0.916495516342351 0.194447139488255
-0.0223500846150613 0.00869837316644205 -0.123778165144248 0.729653655859841
-0.0145093319164022 0.017452262439502 0.409477983892667 0.316846454466947
-0.0107488886825567 0.0198029260612165 0.303262025511576 -0.0588179192459042
0.0187717538495832 0.0153588161976706 -0.0355126779024489 -0.201753671262373
0.0042384181458242 -0.000251337147563514 0.0422124090271669 0.145417635660769
-0.0225190321385139 0.0197989466761772 -0.209539630145071 0.0336762661193597
-0.0171547024408794 -0.00118825046928443 -0.403119720561793 -0.22337077521
-0.0214370804703418 -0.0293945454175076 0.0183033927344943 -0.596646230582467
-0.00608038682862064 -0.0403392628732278 0.731818696969404 -0.325188292911116
0.0146152613959476 0.0137253313894795 0.717597722464151 0.528117104623544
-0.0330736990744872 0.0226506307696661 0.00496844747416405 0.661671554770333
-0.0465995317129492 0.00726209246542347 0.0497629066423541 0.0850614188448143
-0.0254001629571247 -0.000120219450694291 0.121459120845327 -0.607068246142898
-0.00938330429752612 0.000408329128563586 -0.606036335727777 -0.756829773915111
-0.000275698992136964 -0.0103787417271096 -0.921962482153151 0.188971661052914
-0.0193290896263559 0.00860927968697141 -0.123455671980962 0.725937829455353
-0.0150021338872435 0.0192674230890759 0.408669570139409 0.317794169648532
-0.0148738881350265 0.0206029898252862 0.302652787758403 -0.0581895307118724
0.0143731812033517 0.0158782739569953 -0.032290999151144 -0.204905188875114
0.000947548524131472 0.000420388980378219 0.043410869418988 0.143276107193869
-0.0247038267337355 0.0205858766579733 -0.210235748300733 0.0313090241707911
-0.0176197171708539 0.00102494570671576 -0.401852632344278 -0.227782713186882
-0.0188703808495619 -0.0294379116889709 0.0279004766398534 -0.598300946458242
-0.00564005379487897 -0.0416143737659491 0.73443756872747 -0.318639169010989
0.0121964755650129 0.0118797999647171 0.709494064862471 0.536922165260374
-0.0335491496559841 0.0164245256778645 -0.00559511561657062 0.665460635401696
-0.0438252978947544 0.0011364684061331 0.0470189453828471 0.0858563903502907
-0.0253412275223805 -0.0064286651330345 0.114552929603868 -0.607484735000259
-0.0112466343653462 -0.00214273530316745 -0.615454738010201 -0.749637671513697
-0.000235913957169567 -0.0110429125066119 -0.915914028887998 0.201211453353585
-0.0167232904136606 0.00913755443894565 -0.112708562683634 0.72519000947936
-0.015758400035129 0.0217394630147817 0.414583861566289 0.315627424263708
-0.0164771107697429 0.0219665308305186 0.301830467266041 -0.0601090243482248
0.0110115035271658 0.0170562180224678 -0.033282412342173 -0.206383604040133
-0.000747269686125343 0.00263025335342497 0.0427095956168212 0.14272051746696
-0.0246268104206658 0.0228351814444671 -0.212501492367194 0.0310407958568952
-0.01628752559973 0.00216418104495917 -0.393932371009572 -0.229525910987001
-0.0157772102531657 -0.0278658743391428 0.0438779672786371 -0.598723143978751
-0.00376675928164547 -0.0401513185197786 0.742205590805701 -0.305883875057458
0.0116300970016974 0.0108158808563437 0.698798715691305 0.550746261234498
-0.0331205103478604 0.0120411426972913 -0.0172372221897331 0.666958885978439
-0.0413024536312365 -0.00334624698808916 0.043258729589145 0.0842663416209955
-0.0235482809262701 -0.0100733711273603 0.104730649311082 -0.607494423750339
-0.0127959642930268 -0.00330565532373778 -0.630958737155923 -0.734462887001222
5.90706581702766E-05 -0.00956713309491051 -0.909992127418719 0.215692715536649
-0.0147584230759593 0.0123524377878234 -0.0950872256515032 0.725736884025637
-0.0153649559301804 0.0231038626488841 0.419228397540839 0.310285808542657
-0.0176548849888319 0.0223344992257218 0.298724352556301 -0.062194421230126
0.00880347597949601 0.019608351054719 -0.0330530126226437 -0.208011099717999
-0.00295688055086062 0.00504073554054874 0.0415373410227981 0.142154532710191
-0.0229030063079191 0.0235280156410452 -0.214591317663753 0.0301005254336886
-0.016020346809702 0.00266004679131553 -0.389140441074615 -0.23258480732894
-0.0142996692645498 -0.0261154430163895 0.0599338288657634 -0.596337754150512
-0.000728474677151546 -0.0391195933143688 0.751319553067666 -0.288829311339366
0.0134953426871678 0.0100052539759315 0.68485308314915 0.56653679748464
-0.0304971444373011 0.00834860151588918 -0.0283495138246423 0.667487188605323
-0.0370083660213704 -0.0067729091180111 0.0420334466111039 0.0828011166591109
-0.0211036136101985 -0.0128996450314312 0.0922505812703956 -0.610714633258855
-0.0108445179418176 -0.00330492429143248 -0.645565561223816 -0.72271458975985
0.000534114892329466 -0.00669261675240569 -0.903561197182409 0.234259789461782
-0.0140358894517769 0.0157216484249057 -0.0761329328837823 0.727982615696176
-0.0155315154850151 0.0247261485462101 0.427070664983078 0.307196493002906
-0.0164308304434522 0.0246010789295432 0.29563631300911 -0.0634960120570995
0.00531673166418906 0.0225921774361849 -0.0349138253834195 -0.208817609558717
-0.00392648590974416 0.00772277605994135 0.039383143873133 0.142861749438065
-0.020147248792922 0.0238224906544868 -0.217288642637339 0.0303685463347048
-0.0152434982537808 0.00210037355704118 -0.383589260368772 -0.235045094347275
-0.0146090535950144 -0.0228216538343267 0.0777887633601459 -0.595172416889582
0.00120972507574089 -0.0364037207396885 0.761498723120122 -0.270779164645172
0.0155954161673506 0.00941158603084362 0.6723540944075 0.58297201348771
-0.026424452484194 0.00690794752528247 -0.0404397476467677 0.666865557527606
-0.0331839428931371 -0.0081117655421509 0.0419047685383595 0.0792473626098574
-0.0169548815570543 -0.0137782639512469 0.082985031254179 -0.610747463875366
-0.00736160485858618 -0.00368010042969774 -0.660030343423755 -0.707029692836823
0.00113832534756335 -0.00399400438214621 -0.895985929671839 0.249852114103788
-0.0143606813052329 0.019770273217996 -0.0615300210662894 0.726223562182884
-0.0139890197863739 0.0263115630420217 0.434232296354354 0.301489974999891
-0.013011667224399 0.0257837207035776 0.293509012664003 -0.0638966960025208
0.00537115000011756 0.025476788070168 -0.0373346723607726 -0.208695248984665
-0.00438136862043828 0.0100194610751054 0.035933314266573 0.143255074606682
-0.0165406802000757 0.0237256326032668 -0.21917139995807 0.0290921129215518
-0.0146336064217468 0.000956452301676476 -0.37684869429952 -0.238058795036661
-0.0149812647650134 -0.0199840026970159 0.0915440956792039 -0.592912993606979
0.00268322455743191 -0.0338773549464507 0.76771519991129 -0.256793992328111
0.0181125790833197 0.0099066369042174 0.663013223483102 0.598596408909856
-0.0228655687015719 0.0062036255422199 -0.0485579105102911 0.665620575940056
-0.0289014250983004 -0.0082097948213735 0.0430676507457819 0.0745457503544171
-0.0116293430646201 -0.0140520179255029 0.0768222818410808 -0.614768768808163
-0.00420756682873672 -0.00311415562766755 -0.669469086689949 -0.695229513963218
0.00209625365265701 0.000468015526009408 -0.885250492400676 0.266344400938782
-0.0163867904222199 0.0226599170732131 -0.0466859226301332 0.727390883349779
-0.0131430978573272 0.0253823274820432 0.436940072292181 0.298805111198229
-0.00895341269836813 0.0267788614476826 0.290430488634979 -0.0635096603615767
0.00570131673957881 0.0278687118551872 -0.0406014702395231 -0.208036784047204
0.00958054954835743 0.000305590654311105 0.0386021737850607 0.149157246819385
-0.0160675025150504 0.0165364010933349 -0.212959952194326 0.0396824533698979
-0.0145911392119635 -0.00576467900133964 -0.406390586207971 -0.21994201342594
-0.0262247856080208 -0.0262380605115757 0.0192398906831202 -0.596262893587087
-0.00537483799383961 -0.0370980320671533 0.741453870866623 -0.32183985802642
0.0215912325329808 0.0143085988435164 0.729291919413876 0.530714459890211
-0.0274219042018414 0.0275760502355717 0.0139033527534332 0.658863939287565
-0.0435898320554251 0.0142097927090775 0.0583433838156786 0.075836934675762
-0.0207109895660984 0.00512942503410848 0.113047002157706 -0.617783248695161
-0.00351000398716385 0.00426015329938626 -0.622601433963393 -0.741666726009748
-0.00167906199056623 -0.00630308724674453 -0.913828669053928 0.223851270128265
-0.025006134314691 0.0106793927590471 -0.104742032624301 0.735913106164453
-0.0138491998967615 0.0147666890714971 0.416296229164294 0.309962831254238
-0.00522701831917838 0.0196740154720869 0.302498091643871 -0.0652707486340537
0.0222032362697359 0.0157675420644182 -0.0410007130986435 -0.200712381684759
0.00750682207513896 -0.000679113627878396 0.0423474835669005 0.146459066222767
-0.0193507741051087 0.0181974213769798 -0.211107047745428 0.0391013082966783
-0.0165249993990635 -0.00359176859366122 -0.408333221258166 -0.21764616289459
-0.0239290035863329 -0.0288164929260527 0.0110962061357795 -0.598263147685362
-0.00645132194127373 -0.0394362065354925 0.73557074256368 -0.331474485272813
0.0185096147740012 0.0146684343502193 0.732031729478985 0.522391815014474
-0.0300413376935785 0.0273839797201801 0.0169863541863858 0.663753670784649
-0.0462609919547282 0.0152105054920442 0.0544723215258751 0.0802601957475003
-0.0238840053667239 0.00502155584382163 0.114963059105899 -0.614716826850429
-0.00611907818982842 0.00275334659412114 -0.619482161107556 -0.748985277092054
-0.000947413046020893 -0.00965013222685246 -0.921055244548575 0.209297679100277
-0.0224201070399552 0.00894619267319299 -0.113243583144945 0.733861821076712
-0.0139016937947409 0.0170276297164223 0.416047813329365 0.311381876118045
-0.00964490125449011 0.0211927335686157 0.303765166052242 -0.065255242473027
0.0195192754627294 0.0146891860701639 -0.0379431046730059 -0.202960039985227
0.00457577973413936 -9.33644917229248E-05 0.0436991406653684 0.14395612833458
-0.0226031035743019 0.0209535909109158 -0.211151418578973 0.0385574054212465
-0.0165841433668565 -0.00165315135786167 -0.40859742793677 -0.217599585847026
-0.0226038225402651 -0.029451075864251 0.0081137976648139 -0.600455079986469
-0.00732209880817773 -0.0410698384418961 0.730660608103348 -0.336084559988437
0.0154964373404132 0.0134551204951587 0.729562082973018 0.519667668835923
-0.0326420720453321 0.022693764383553 0.0138611541876754 0.664790563498002
-0.0454361664940242 0.00802781701705267 0.0506559396221289 0.0848067065960385
-0.0260769915879151 8.28231987504814E-05 0.114923294477957 -0.610535157687932
-0.00959293962761069 0.000687437861879379 -0.618413078583055 -0.752285452699233
9.7008587048756E-05 -0.0108891035618547 -0.922083049448728 0.204880054184214
-0.0178583708470999 0.00825821816343821 -0.11278547726392 0.732411582627644
-0.0151706925839811 0.0194426939682304 0.416734998725383 0.31270659772698
-0.0134382186637727 0.0209989692797963 0.303777297710907 -0.0644430194086339
0.0162317180187249 0.0155697641673151 -0.036139114887798 -0.205458387832705
0.0017387001051931 0.00164943842231308 0.045244927389162 0.143290364614202
-0.0246810362333588 0.022506298501089 -0.212940051903605 0.0357147346326756
-0.0171898329415031 0.000712021443642149 -0.403617667679131 -0.220146549445335
-0.0188457949866264 -0.0297653078431921 0.0197309403751852 -0.602177058799052
-0.0062588472969908 -0.0415057421568444 0.734851971488392 -0.328474597620004
0.0122343120753545 0.0108284646365128 0.719329132104634 0.529382962678332
-0.0345055342956263 0.0177071845088796 0.00422266271521282 0.667301345725531
-0.0437313448065126 0.00179027337906266 0.0476538544982573 0.0860422711034277
-0.0256314173221006 -0.00612388102836566 0.106297659520497 -0.609459048792217
-0.0122599783151372 -0.00143600670455784 -0.627758235220281 -0.744602487094731
-0.000630127713378392 -0.0120916710300441 -0.920146960128721 0.214145529116374
-0.0155759671531697 0.0095674980061143 -0.104556081464731 0.729910314040817
-0.0148191654545847 0.0218748068617989 0.420360471961523 0.310747465319483
-0.0158852085623412 0.0227265806279488 0.303453954847834 -0.0645566906750753
0.011703518897606 0.0168484799411322 -0.0354246411665482 -0.206858563085537
-0.00191698781890493 0.00242014428074287 0.0444243497766198 0.142232206219388
-0.0237989819703444 0.0235034632162455 -0.214375404984342 0.0351503972097271
-0.0160367579923823 0.00241647595931311 -0.399667271854128 -0.223779845983855
-0.0164435107972142 -0.0282785588219688 0.0349339687110969 -0.602761975487679
-0.0043660841132579 -0.0408350761055181 0.742643784159499 -0.316558967804085
0.0123208056591614 0.00985256354186118 0.706834036027545 0.54252643206914
-0.032709207877516 0.0128760052933602 -0.00891192555143129 0.670473971719869
-0.0407801447918022 -0.00243583036357272 0.0442070203005069 0.0841682827177304
-0.0246093296136002 -0.00969849441822467 0.0955649832064857 -0.612876529131622
-0.0128961762213444 -0.00259518696305043 -0.64549028039804 -0.730817843688576
0.000272456636286909 -0.0101864577053087 -0.910826909752367 0.22985136056143
-0.0144607195334944 0.0125061980670234 -0.0855793495226613 0.731525356453654
-0.0151630171745816 0.0242078518473473 0.427275989723654 0.30653854786863
-0.015844029319425 0.024077198831909 0.300867072765087 -0.0668387702885767
0.00921924980750098 0.0195805616267892 -0.0358196655950166 -0.209721091204465
-0.00317216164572508 0.00473749354196378 0.0432246620902064 0.141432512285859
-0.0223754024522193 0.024448711257435 -0.216353885161587 0.034872676328391
-0.0159029921887096 0.00263843421464711 -0.392375188908641 -0.226399997939842
-0.0149815370948684 -0.0256576966411671 0.0531545994181394 -0.600781324281651
-0.00179407153486967 -0.0393888688587693 0.751174219651561 -0.301270028320626
0.0137220941232495 0.00931084241737573 0.697441255643213 0.5598758874667
-0.0297792416702527 0.00953950510439027 -0.0206913354779745 0.669564614740395
-0.0372335856048017 -0.00596885151976537 0.0426048937372714 0.0817169200333529
-0.0224166153883775 -0.0119924159375681 0.08592722611525 -0.612478162620675
-0.010893615526153 -0.00287214588242897 -0.65809603155302 -0.71726349403947
0.000958858473264337 -0.0072225631382987 -0.904820586823764 0.24619333221329
-0.0145695988148629 0.0155035820028183 -0.0674760605648226 0.732710834012304
-0.0146927362282231 0.0256643163989607 0.433134748915641 0.301590515443506
-0.0152025907992883 0.0257221508562881 0.298032983552814 -0.0683137890381988
0.00669537679906416 0.0219372683756415 -0.0372585618190411 -0.209795452190407
-0.00404584028637012 0.00708719132552401 0.0410169611103996 0.142383030063845
-0.0196894081179173 0.0252810155651122 -0.218734311917536 0.0342915947749046
-0.0144315707751382 0.00309587913632643 -0.38766803778719 -0.229719733783296
-0.0151038535529229 -0.0231714691663107 0.0702942993651078 -0.599739123127932
0.00095839147381554 -0.0362342503033096 0.76116944353653 -0.283269820621893
0.0162485091882985 0.00954545650520297 0.685750136205033 0.574295908996779
-0.0270810836723291 0.00739877907739685 -0.0322041230886603 0.669384392881412
-0.0327135179090944 -0.00737727898896409 0.0427330353008017 0.0787096990789205
-0.0174951459629586 -0.0142500770442707 0.0734159818686101 -0.615434059603166
-0.00792036248719795 -0.00345923691126764 -0.672194943070653 -0.700783629565818
0.00150396711840514 -0.00437198880077925 -0.896481320284162 0.264804951832465
-0.0140713854914175 0.0192184964044668 -0.051427642588303 0.731691932271245
-0.0141623878083121 0.0256153835847042 0.439789315108724 0.297961943033323
-0.0117411837573982 0.0269741705013849 0.294504270057797 -0.068786918596722
0.00624854193048273 0.0244888138376385 -0.040775501812148 -0.209222425270605
-0.00378906547228865 0.00997954431437638 0.0384160492961382 0.143129699059314
-0.015767080943677 0.0241761040383489 -0.221166813994509 0.0338756616521208
-0.0150472697685571 0.000768855015503748 -0.382909871483727 -0.231249404305118
-0.0158470343407655 -0.0197449241444088 0.0852573910339564 -0.598102709720938
0.00239077704153117 -0.0329725593514366 0.768710445465361 -0.267369896621304
0.0194953935079571 0.00896242552227607 0.673922125138091 0.591281513002255
-0.0230410255711275 0.00588051897005062 -0.040654082006004 0.669313640684916
-0.028438996435626 -0.00775685508202456 0.0442072205802013 0.0744294482461498
-0.0132757743700443 -0.0140199999464203 0.06844600793499 -0.617495143931824
-0.00423347600428304 -0.0033414519550292 -0.683817858309992 -0.689316146604819
0.00275451686250051 -0.000711317715514199 -0.885772740873874 0.281332996485707
-0.0150314342933243 0.0228655914244947 -0.0361662081635635 0.731712323056323
-0.0131905166266013 0.026559551241104 0.445117666067295 0.292507889926869
-0.00745303677227752 0.0272131316705566 0.29141265066137 -0.0694280995500747
0.00709249068007244 0.0278499764131545 -0.043985741504297 -0.208147107516981
0.00935743755215 -0.000230298208126089 0.0401864964493623 0.148409103123316
-0.0153552394940763 0.0173011043415211 -0.213199624360654 0.043802449231719
-0.0156386625484677 -0.00507117103311637 -0.41033525054841 -0.211833017594124
-0.0263259924041316 -0.0254789026228843 0.0104603125466398 -0.600250395518073
-0.00637996177200188 -0.0375041358339991 0.741288209299752 -0.333765056757543
0.0214494259000111 0.0142333950505581 0.738068715542563 0.522274717171423
-0.0271738642202384 0.0279964460974632 0.0231638565238339 0.661234549476525
-0.0432836283770573 0.0149949617567906 0.0595689290791597 0.0753916834490005
-0.0214901572629198 0.00624089676995732 0.106344799723548 -0.620228984966687
-0.00411353984121156 0.00396776048621044 -0.636747351395592 -0.734498288008565
-0.00198548037364783 -0.00697778211991675 -0.913510613577985 0.238877961477037
-0.0251528524853313 0.0114792487192024 -0.0925005512276935 0.739871215915261
-0.0137553019257129 0.0158614822224134 0.423187125437193 0.304320517204855
-0.0045770844402331 0.0210868592834287 0.302391051670102 -0.0701180280169521
0.0231658569236374 0.0152184626603908 -0.0436134198603293 -0.200769479072503
0.00705743250917834 -0.00119702953716893 0.042400345533398 0.146794012262336
-0.0188509831053879 0.018106685587301 -0.212485867049067 0.0436522133090876
-0.0162330785171345 -0.00312372176880375 -0.413475972449761 -0.210097853503749
-0.0251439397948997 -0.0278731158123448 0.00128930993794509 -0.60047121146952
-0.00734095864686429 -0.0397758080186988 0.731938359332648 -0.343624889649703
0.0192698322727349 0.0141339033957609 0.741586547292361 0.512037570941162
-0.0298117488332274 0.0283826103285176 0.0255994224463485 0.662904282450457
-0.0459978231073643 0.0157968306320526 0.0555457508217137 0.0803306523728312
-0.0249783543791893 0.00584605498875638 0.106387948769748 -0.614320310026653
-0.00603386637839793 0.00279089935672408 -0.631690527360803 -0.741908536852633
-0.00132084942002903 -0.0101355770606584 -0.920299147617659 0.222161793674641
-0.0222905750767708 0.00903222960198711 -0.102978588121959 0.738493724629586
-0.0137438478622262 0.0174354426979119 0.42260744599389 0.306993080541531
-0.00869921645687876 0.0214680022376759 0.303816920303411 -0.0700060017551744
0.0215047949521483 0.0144556429401033 -0.0412226720923004 -0.203395124321801
0.00471509314548357 -0.000860825517463149 0.0456498774135375 0.144565356047931
-0.0223554819658997 0.0203918192877292 -0.213238584613386 0.0422617311928285
-0.0171833091819095 -0.000502886299458126 -0.411611961907671 -0.209782022709709
-0.0222119170301847 -0.0284138237454957 0.00193908243667149 -0.601897875026775
-0.00790573120456811 -0.0414107534794122 0.729144988945426 -0.350168093910884
0.0161695061501224 0.0127361470553324 0.738478069344261 0.508452791712214
-0.032877443488784 0.0239323990496257 0.0230177185184899 0.667950353961676
-0.04600136957347 0.0100751454364244 0.05266495183541 0.0840058459507905
-0.0268831571970213 0.000495227056113096 0.105999468453643 -0.613266785053504
-0.00990972128892057 0.000846143611931978 -0.632386323529183 -0.744856042526968
-0.000758517728974822 -0.0115025920677785 -0.92201695006674 0.219117955068551
-0.018987316248885 0.00823708028661342 -0.102627999195271 0.736844788580459
-0.0154016658037114 0.020075946253896 0.42210669862888 0.307641139366871
-0.0129584732077697 0.0224332070226513 0.305783492917642 -0.0695589527705719
0.0171340818522999 0.0153692299328828 -0.0379577941434373 -0.205341823379249
0.000522499236505731 0.000983197814958425 0.0463036108776429 0.143343196077038
-0.0230660417489045 0.0221459121645167 -0.213435196128589 0.0404553140338498
-0.0165757769905658 0.00160562406248911 -0.408744783984124 -0.214538877321203
-0.0197406892904703 -0.0285591291328556 0.0118379939974469 -0.603879526426732
-0.00641716346548914 -0.0414281378909845 0.732186973334632 -0.342940202132829
0.0127539352452016 0.0108671591590952 0.729620422286316 0.519299085576967
-0.0337592927029853 0.0180597047851204 0.012507636308115 0.66900619029663
-0.0433940872238976 0.00410465316005342 0.0495729315513765 0.0845471055176821
-0.0268441275723554 -0.00482056368199169 0.0961078056913708 -0.611914551365279
-0.0125953536889801 -0.0018516732792723 -0.641690806483995 -0.737058600061185
0.000126086822490403 -0.0117286016469868 -0.917992783591773 0.228741747655308
-0.0162271630808578 0.00950890774606022 -0.0923701440962292 0.736722878769604
-0.0149040920018089 0.0224106329696124 0.427674807096859 0.304342406843487
-0.0156227189090129 0.0241761228475109 0.30428351982725 -0.0694338669213658
0.0132318476643203 0.0169862977804481 -0.0382805036847355 -0.208521569547221
-0.00134944867039689 0.00317807629990589 0.0467438616317877 0.141757862977717
-0.0236603034270038 0.0235138979804717 -0.215658269356424 0.038872270977868
-0.0159631492331364 0.00183574847904198 -0.404079606069265 -0.216298447133872
-0.0171947587478793 -0.0274812472513005 0.0269574927244381 -0.604563360087852
-0.00466482833256867 -0.0406137266115323 0.739764519836098 -0.328854736694286
0.0121895099651254 0.00946171032059545 0.717928400334625 0.53334590554161
-0.0329128656975365 0.0133477496452841 -0.000548370886628199 0.671111768197092
-0.04092277561468 -0.000517995557902278 0.0469847017261344 0.0829962457074604
-0.0250440915007228 -0.00879596829050097 0.0865734289391023 -0.613298980358924
-0.0122828824508953 -0.0027892331369775 -0.658126736384707 -0.722295845098082
-0.000200168174777565 -0.00971225390555153 -0.911789993071018 0.244454439053138
-0.014743919882367 0.0123155394415044 -0.0744692893654651 0.736476653630429
-0.0151702447129683 0.0254248125405164 0.433718387524898 0.3000525862118
-0.0165329866295503 0.0251546372666768 0.302421116548723 -0.0717081967159515
0.0109193734046145 0.0202039528260996 -0.0390373483253712 -0.209271231165631
-0.0032809422157876 0.00491091090294777 0.0440225652148301 0.141731231087711
-0.0220779534174822 0.0251019926696392 -0.21694207008167 0.0389794840708498
-0.0156688487638382 0.00257788504790149 -0.396251786285533 -0.219587620761313
-0.0155803589322297 -0.0258119116905031 0.0447727689246102 -0.604355524906124
-0.00294424685159449 -0.038726153993189 0.748235447331811 -0.31376572734511
0.0142170067953154 0.00801184045310088 0.705500061023553 0.550414807876576
-0.03015013710194 0.0103229599117768 -0.0119189862350623 0.671951319527615
-0.0368930144641413 -0.00401048138092744 0.0442792239126848 0.0810546407081742
-0.0227883838795879 -0.0114598366350632 0.0768418236100186 -0.614594193819926
-0.0115283016286983 -0.0028781101070526 -0.672532306969718 -0.709927745611008
0.000704172563725011 -0.00783251733512969 -0.905899140438504 0.262948491186389
-0.0135580897570488 0.0162343074691923 -0.056948160987012 0.737047637022611
-0.0150002539295693 0.0263158910459456 0.440089293039676 0.295343703632017
-0.0136218579839743 0.0266822706459939 0.298660913627789 -0.0739937350836736
0.00770577915410586 0.0220087933522247 -0.040127529132394 -0.209838342465255
-0.00402903975379508 0.00729423608116866 0.0417193781258447 0.141946210598249
-0.0185951491301759 0.0258885669205545 -0.220782325275414 0.038382492276215
-0.0147615390879829 0.00223701868039877 -0.391818849724749 -0.222125041503671
-0.0150769250554875 -0.0225824358352528 0.0629827286160298 -0.602932688216242
0.000362193139431956 -0.0362863270252642 0.760064889938258 -0.295678911962389
0.0163141833547853 0.00817821583886991 0.694567767950922 0.567285218165345
-0.026432019956654 0.007719538607577 -0.0221171885874939 0.674011318906519
-0.0328669826667962 -0.0065848802520126 0.0440464592795636 0.0779618455256519
-0.0187053236938165 -0.0138339172959405 0.0659887340992083 -0.615866316184827
-0.00889451394506586 -0.00348938015482662 -0.68478226626886 -0.693092509645101
0.00164208751726284 -0.0046553886589217 -0.8952742532694 0.279616851084728
-0.0146298528939482 0.020264464012438 -0.0399761619925936 0.736351956133746
-0.0139107802276606 0.0259482071444186 0.444931635644098 0.291170218396258
-0.0107076077209043 0.0279419035233952 0.29466246242847 -0.0738283606397997
0.00681075179192584 0.0247121590079202 -0.0426471582234621 -0.209108881755193
-0.0036501201091209 0.00993735987574102 0.0402340731493535 0.143817396353587
-0.0150635979430869 0.0252449021473504 -0.222000979439703 0.0385402173351487
-0.0142587592565618 0.00108587153669055 -0.386048304593934 -0.225038363952139
-0.0166700601818046 -0.0189695579727194 0.0791612626568739 -0.599468981108533
0.00133022280506278 -0.0331009637741526 0.767139292847391 -0.281621363841692
0.0202803147620695 0.00880026182869879 0.685258675921416 0.58353415472713
-0.0223824927813368 0.00710396259108531 -0.0315712843401349 0.670234556015834
-0.0292288791677653 -0.00736577158522665 0.0449741002607471 0.0741465724893758
-0.0142402143968306 -0.0137835800464992 0.0585811364826298 -0.620433814002206
-0.00427668731364105 -0.00332296258449102 -0.69547666752882 -0.679574787012813
0.00321790891733434 -0.00119196056128509 -0.884895661958138 0.298066788487447
-0.0158718576555959 0.0239662982994149 -0.0238117200181607 0.735929408152891
-0.0131639961907498 0.0264472535473554 0.450405337438083 0.287109630387121
-0.00684125211212987 0.0276005981709336 0.292442452089663 -0.0737853616168272
0.00760153681666293 0.0286253277217961 -0.0464869789067044 -0.207815793808568
0.00909759051286525 -0.000284869412315235 0.0417234037425573 0.148501519215269
-0.0144380961318701 0.0177231529429772 -0.21543005446727 0.0492531665277412
-0.0144691905781049 -0.00525578183946669 -0.414426999610163 -0.205007343879507
-0.027356950956327 -0.0256150751972228 0.00141020030349037 -0.600827303254648
-0.00674184824639715 -0.0371464896509475 0.736365954067727 -0.346110473845649
0.0228811692216427 0.013496519760876 0.747351277799314 0.509972359295837
-0.0268565837076815 0.0281038379399248 0.0313804289409181 0.659812287757927
-0.0425010139531122 0.0163133716137323 0.0619361283448829 0.0739760465880143
-0.0218022397322967 0.00658350238258785 0.098080017131189 -0.620851470506963
-0.00422337609810864 0.00402501234312807 -0.649154571473128 -0.726198864784574
-0.00160176229846968 -0.00674618204469311 -0.913401816868855 0.252943327859726
-0.0244099109672507 0.0121027256832262 -0.0830754016356102 0.741905065782589
-0.0129790685192936 0.0157030813661233 0.427284250977574 0.298801740372989
-0.00323087225119134 0.0199225453090639 0.302928646343308 -0.0761880665985215
0.0244278515164183 0.0153090310498234 -0.0462687378743875 -0.200201636867752
0.00702228803576998 -0.0010010696869328 0.0447613864312091 0.146653372440975
-0.0180352514832299 0.0191481481426666 -0.213546204050695 0.0483932207384286
-0.0164019425338501 -0.00247146244008621 -0.414608251219435 -0.203705168237269
-0.0250402754670289 -0.0269907380599559 -0.00602382762913807 -0.601181329383349
-0.00722554304732062 -0.0399455254309252 0.727796385202196 -0.356301811321301
0.0198702117729272 0.0138779910795704 0.751367039643955 0.500627801072939
-0.0294609369270502 0.0285843688228764 0.035425714724988 0.663155626778599
-0.0455161156490313 0.0170232783927765 0.0573771879297518 0.0791670660728882
-0.0251428356589249 0.00665991973207711 0.0982428667269327 -0.616239328964133
-0.00686377947341193 0.00323981397659705 -0.642774047258278 -0.733340477517327
-0.000775658754409353 -0.0103708322362825 -0.918182782339125 0.238107999376395
-0.0219475269805542 0.00923447645039071 -0.0916846080408776 0.740396076730869
-0.0139392333900845 0.0184072486817601 0.42754557120893 0.300432845178077
-0.00773859422646744 0.0218084529230513 0.305938126717812 -0.0749028106277876
0.0225674861584152 0.0144385558838528 -0.0427079416350452 -0.202668157244035
0.00390696647404465 -0.000473277546261532 0.0468802618823882 0.144681346828658
-0.0215733162519903 0.0219385234937335 -0.212006318804988 0.0470245399460834
-0.0164826125132466 -0.000700493041801979 -0.416306062539331 -0.202461051616042
-0.0233575585793389 -0.0279858141870488 -0.0066520046802977 -0.603409981023159
-0.00773025257150305 -0.040448111872819 0.722016923533806 -0.360739638033853
0.0157071266064325 0.0118492432142416 0.745420926336267 0.501000641725606
-0.0328781157168249 0.0247149997926756 0.0314966347068204 0.666221294591671
-0.0449929451704655 0.0111668585456719 0.0526465287969896 0.0836406048834718
-0.027158817116256 0.00145095345747661 0.0970139866396557 -0.612878227334088
-0.0103415825442113 0.000758984613707658 -0.643586511373884 -0.735893210089168
-0.00028907993144206 -0.0114587201317589 -0.920971387738136 0.233409701188805
-0.0178667960504452 0.0083874220689882 -0.0904951093950088 0.738465944775271
-0.0149223574980339 0.0196736261339199 0.427889835283895 0.302154498150582
-0.0114862280477263 0.0230906332801844 0.306055329290968 -0.074494846597807
0.0185614127916427 0.0145166992377869 -0.0407349874008199 -0.205458028174553
0.00143192396021597 0.000933339801841662 0.0477676679545348 0.142332055836302
-0.0226246386463424 0.0234707916745683 -0.214626168930935 0.0444951746945955
-0.016039015296521 0.00121527106462032 -0.410961804486596 -0.206392530963057
-0.0208407159488795 -0.0282487634540827 0.00304554692356716 -0.605673444774646
-0.00682767183282801 -0.040799164723748 0.727876496211083 -0.35530160474315
0.0131378143253021 0.010255915294063 0.738301499792341 0.510077649374049
-0.0334837964015477 0.0182325104777152 0.0234644882309528 0.669707173364021
-0.0430352734568717 0.0042619763119461 0.0506983329556686 0.0840650479062957
-0.0280412959882589 -0.00420962964544004 0.0892257282819749 -0.613010319539762
-0.0133323730099558 -0.00148718625325894 -0.652162786648421 -0.727012665906517
0.000190814820075137 -0.0127675857283182 -0.91806076636636 0.241045695231157
-0.0162992541298209 0.0104300095847393 -0.0823968039639869 0.737763570260003
-0.0156100817395549 0.0229286623215822 0.433586750443733 0.298906200263044
-0.0139995266457894 0.0247363746193499 0.30414383726621 -0.0758752696627519
0.0139284682990127 0.0170647669544022 -0.0407698220361018 -0.207651960645763
-0.0013034550902649 0.00203067818173437 0.0471960247787452 0.141473219502341
-0.022436709996221 0.0246556058626846 -0.21655606868417 0.0440401276475438
-0.016232243100665 0.00283203673841633 -0.406794208345895 -0.209922652663121
-0.0178152215008231 -0.0268892646709327 0.0177593370821002 -0.606522698875835
-0.00566120294024293 -0.0407703402396171 0.736239488638784 -0.34123622175153
0.0122848994490195 0.00904068082029772 0.724378225327925 0.524079607988777
-0.0323463361169331 0.0137690246982282 0.0111579775874345 0.671144799528538
-0.0406168322750597 -9.95538678705194E-05 0.0477543020330836 0.0834837092871056
-0.025596596299221 -0.00750966214468505 0.0775350441477303 -0.61309096461502
-0.0128230586970184 -0.00248078561782404 -0.668363121251223 -0.714477368841034
0.00103496569945817 -0.0106677665800669 -0.910226578620275 0.258320195188163
-0.0146499027682137 0.0127283183778558 -0.0632628776732794 0.739220294701431
-0.0152239855349207 0.0254153364248436 0.440310361798417 0.293841808998834
-0.0152171094112503 0.0260774316882632 0.301951380661921 -0.0782272850153524
0.0110637346773335 0.0189561420207621 -0.0422728452559086 -0.209418988240394
-0.00296310240822843 0.00478888838237412 0.0457031545623374 0.14074553632248
-0.0211823610437445 0.0259381403008577 -0.218165002260224 0.0437161375069143
-0.0156500519335889 0.00309709711510161 -0.399324081780155 -0.213171128759909
-0.0164238100418961 -0.0245718858288971 0.0349437069064041 -0.605249246013638
-0.00290876244696413 -0.0387435732706483 0.746316266682185 -0.325808707135641
0.013530145818882 0.0079825991223939 0.715071650820946 0.544063465656903
-0.0299908190086462 0.0107062429345354 -0.0017499946081918 0.671168340154401
-0.0364217457735859 -0.00350977288574632 0.045755538868876 0.0806538732714794
-0.0233474809357003 -0.0103976582667789 0.0684952842312147 -0.615305722182863
-0.0114770819428497 -0.00307403330935904 -0.684705182776586 -0.699905826506844
0.00119087066108237 -0.00832661918070196 -0.90262593719859 0.277054938833894
-0.0143400626030881 0.016855853063869 -0.0448620510635622 0.738143247942354
-0.0154060115025962 0.0268139491663556 0.446318476420977 0.289545511883528
-0.013298541391341 0.0274802082674985 0.298820183220631 -0.07888767511044
0.00909685465698378 0.0213092630355467 -0.0435158820902107 -0.209395866111779
-0.00455895876270949 0.00770486828524277 0.0437321485187509 0.142020390902189
-0.0183731965845866 0.0264678848649168 -0.221296831928568 0.0425292577904532
-0.0153331777889403 0.00212393961409013 -0.394481406633338 -0.214340228857478
-0.0154906526019993 -0.0222092208515378 0.0545682862352524 -0.604854065292827
-0.000174040014365015 -0.0366925743909891 0.75567195352613 -0.308770453821778
0.0166994027182082 0.0078955214047573 0.702622916539106 0.556713230262794
-0.0262950170203179 0.00889525767035285 -0.0125552655372942 0.671816696578498
-0.0321277517344886 -0.00525710308302937 0.0453583145888405 0.0772621533373896
-0.0191910944012692 -0.0123695022692578 0.0570867771922388 -0.616990569515916
-0.00887504548765369 -0.00291531743293073 -0.696985532391849 -0.684339850065113
0.00177146002043067 -0.00556590144993153 -0.893238182029058 0.293129411155157
-0.0134041641642642 0.0202489980791547 -0.0277254397726046 0.737063438875678
-0.0147342796937259 0.0263187548190999 0.453110605820688 0.285174919650044
-0.00988237207776049 0.0289548128011758 0.295215509235715 -0.0785332610923579
0.00846752104830864 0.024970441094188 -0.0453143903776317 -0.209401245940709
-0.00382987399872976 0.00988235026707193 0.0408190653138767 0.143000748858542
-0.0147475170463308 0.0259710576701823 -0.223628331751796 0.0429516478800076
-0.0138466580530753 0.00145291337630668 -0.389570125561525 -0.217598346904774
-0.0168823822945926 -0.019197887945059 0.0700261045762275 -0.604616914317251
0.00111950144783519 -0.0329885087721854 0.76447572362528 -0.292369476256424
0.019933972566735 0.00848697851091891 0.694275280209526 0.572605604192732
-0.0227045756519755 0.00732550193682137 -0.0224817120542227 0.671643515418847
-0.0280863688448374 -0.00615903193453051 0.0456015454596604 0.0736616521961467
-0.0141738193261809 -0.0129924114297104 0.0497933919836817 -0.620785852382535
-0.00459824761803298 -0.00339982067049749 -0.706281097432293 -0.670713330622001
0.00290410532509293 -0.000991088541668884 -0.883314064996995 0.311084725818778
-0.015001450001659 0.0243655520324054 -0.0134170777222019 0.73791904966256
-0.0128007975936268 0.0264766994878201 0.455930585736536 0.280750657923965
-0.00654473843055729 0.0283445952262536 0.292804301189915 -0.0787926667055661
0.00943999416189133 0.0274210382885248 -0.0491623763097519 -0.208454326643506
0.0101480556620154 0.000257969184445165 0.0433447687587247 0.147017126686756
-0.0142745252316771 0.0184205558374925 -0.214306300812616 0.052695235510617
-0.0151033208131154 -0.0056648744473682 -0.417501893332921 -0.198555685738352
-0.0275893127566052 -0.0245957421558878 -0.00582051493682857 -0.6013411235502
-0.00645552037393069 -0.036905085360723 0.73131619020819 -0.357459532190915
0.0219693557708178 0.012003801832499 0.7558898930222 0.497783782710296
-0.025639836702685 0.0280957688834258 0.042067700779341 0.661366507408316
-0.0412667219872889 0.0167274831291195 0.0621139171326039 0.0721451702811701
-0.0224873308421929 0.00685187461275827 0.0870708602685441 -0.620618409764462
-0.00429164456938995 0.00360146520405914 -0.658031840862601 -0.714145798225028
-0.00212038253452647 -0.00671188124171833 -0.906990268117355 0.264900126531419
-0.0249539875141183 0.0124847620272933 -0.0712325911271445 0.745017902702156
-0.0141691867970474 0.0160688380825358 0.433770137889088 0.292107083567312
-0.00152672059986774 0.0204089684298658 0.302441597345283 -0.0808633389106694
0.0253709430426394 0.013410599787887 -0.0491882323142344 -0.199454401231499
0.00722211959825537 -0.00145886476368737 0.0465734066399404 0.144073068722199
-0.0167417555339452 0.019676646187268 -0.214167143466953 0.0519589866609865
-0.0161197499886346 -0.0033491252798517 -0.418319901111406 -0.195930946093542
-0.0265461877786634 -0.0264443692023491 -0.0127834862554279 -0.602060430032749
-0.00830146410738778 -0.0394192569358675 0.7237496905315 -0.368522846650858
0.0192433979347997 0.013294671100623 0.75754003309761 0.490292076788379
-0.0294754536950721 0.0294065809861159 0.0441939075751883 0.663126865989345
-0.0443094947394196 0.0178630120547692 0.0588153162036027 0.0794640940590346
-0.0260299586640742 0.00789890694877704 0.0891935874431397 -0.616775446594553
-0.00724049303711077 0.00329964098430882 -0.653179540890719 -0.723700613902192
-0.000436014289622994 -0.0107440634819437 -0.914556623166475 0.252157516142866
-0.0217422433075409 0.0100961725805458 -0.0793740375648364 0.744722848978128
-0.014304233959952 0.0186988485459793 0.433336052570186 0.293916705434186
-0.00673706288536041 0.0217933733679739 0.30471260655323 -0.080078492864961
0.0221715522896776 0.0127919014197487 -0.0463089507180363 -0.201785982387504
0.00391447424968034 -0.000777114187335021 0.0479504154826488 0.14270170236634
-0.0205833448377995 0.0225507405758769 -0.213546995327489 0.0514132497542896
-0.0167401076054733 -0.000495364433962734 -0.416427107784035 -0.195166215116843
-0.0241468611514747 -0.0270043431514223 -0.0153717340280255 -0.603691852824269
-0.008646225818945 -0.0392996434868127 0.717857193489587 -0.373216217287052
0.0161356697492107 0.0114862056751366 0.753603079210968 0.487909280348558
-0.0324862298321238 0.0244422262741373 0.042021196759033 0.665577587537956
-0.0445773956049579 0.0125099818283015 0.0537401948871754 0.0829924288723504
-0.0281148871202341 0.00193392286307541 0.0872425792306952 -0.611736048135606
-0.010172609322642 0.00140612796984223 -0.65494072467127 -0.725048920955911
-3.08988527643848E-05 -0.0124592754881591 -0.91544752889894 0.246142097346619
-0.018104895747074 0.00870408118535749 -0.0792585439807821 0.741696097636879
-0.0142867023086558 0.0206465938048606 0.433959573680345 0.294176389771329
-0.0106433103187379 0.0238077077866681 0.30498659799055 -0.0801484301867516
0.0193850689703377 0.0141836849281867 -0.0442229497934901 -0.204784487802662
0.00148943978124302 0.00102631894424455 0.0482328444148435 0.141448874543074
-0.0219086212405537 0.0237768659285054 -0.21377098987947 0.0486377343105431
-0.0161033359603448 0.00101977367273253 -0.413298998009631 -0.198091216944051
-0.0210269721692977 -0.0276510746727759 -0.00445041031642335 -0.607086023977499
-0.00730910917906697 -0.0408199773701905 0.723603726640789 -0.366498164632768
0.0134255858868339 0.00957943103845777 0.744705626750643 0.498242249673321
-0.0335217917232731 0.0190500363062893 0.0332780202920103 0.66912907765069
-0.0432881548055534 0.00559767492824832 0.0511181240159749 0.083953214569176
-0.0274629116869931 -0.00283148510124004 0.0790777142702831 -0.612617856944713
-0.0131890621101688 -0.000785908937702553 -0.663262911552262 -0.717003709746113
-0.000314912430164908 -0.0119973416717975 -0.914632767391866 0.258173085436935
-0.0145025477481048 0.0111699922748282 -0.0692652242501398 0.740189063212654
-0.0149895621320485 0.0233136568071638 0.439235868775854 0.292607018014125
-0.01425606264524 0.0251814846394537 0.304051528672028 -0.0809884099252516
0.0146046312636378 0.0159371750439041 -0.0424535354625727 -0.207547696229418
-0.000409750669774292 0.0026586359283013 0.049166137861889 0.140942584400802
-0.0219798447315986 0.0248531082864223 -0.216430835387294 0.0488846305676943
-0.016874777964705 0.00271055369028675 -0.409982490937437 -0.202259923399699
-0.0190217458720291 -0.027030736598821 0.0108041450531861 -0.607173747683417
-0.00585687299303916 -0.0396568043394168 0.729548853752316 -0.351310003140879
0.0131259780894539 0.00863906011260224 0.732949067754688 0.513457776323502
-0.0330531070051781 0.0143364114403042 0.0188382493098773 0.669859316535949
-0.0393260025597448 0.00134216038368705 0.0492396387301057 0.0819484912933234
-0.0261936188398149 -0.0064378505477692 0.0681671399806901 -0.611811093129151
-0.0134935899684057 -0.00327629200716792 -0.678332620428865 -0.703852183547219
0.000456619953280106 -0.0108492179130182 -0.905283063823883 0.272335867298154
-0.0141291503699392 0.01242074308868 -0.0512317461002373 0.738293574794611
-0.0144829803978932 0.0254425936055355 0.444884404543808 0.287225775288075
-0.0139902976996128 0.0266357608104341 0.300955963776314 -0.082299210766227
0.0118504744007078 0.0190557569111904 -0.0438837832613937 -0.209567667377498
-0.00307532654556149 0.00525738611477715 0.047598202533205 0.140022636802698
-0.0197882596755085 0.0264142917120231 -0.21941894877409 0.0470735981077084
-0.0150623294778817 0.00235523673561425 -0.403177514268283 -0.203418615859886
-0.0164721849166561 -0.0242958283483613 0.0285991817927237 -0.607233766221623
-0.00335149360308906 -0.0382278707059168 0.74017081651818 -0.336280653247235
0.0147206338001895 0.00690150938306083 0.722317201633716 0.530082344163725
-0.0309032349553848 0.0119536933126645 0.00710099435632072 0.671452875020562
-0.0359388134802737 -0.00264706223413647 0.0473995194655359 0.079999278075601
-0.024003849606453 -0.0105221613059542 0.0578155388490205 -0.615274666709167
-0.0127468904909974 -0.00291727418203373 -0.692723105251393 -0.688466121755755
0.00118272168710172 -0.00898900674337742 -0.898337033800789 0.288887944265681
-0.0140732131441218 0.016303784306971 -0.0342084344747611 0.740474122235665
-0.0142119593334787 0.0272047312864921 0.45008103054049 0.281610828531088
-0.0119835062767913 0.0282733466356222 0.297746664248224 -0.0829299249671632
0.0101538999016685 0.0211983867514044 -0.0462531600926736 -0.209161882325021
-0.00364890736261857 0.00846870425424903 0.0449467922931788 0.141602541043442
-0.0177662713575337 0.0266413441826926 -0.220921994056837 0.0474455259909652
-0.0147923947714214 0.00217381354479776 -0.397259017996127 -0.20678978291539
-0.0170127453595274 -0.0223123364232473 0.0461033801070641 -0.60643915484667
-0.00098695524724647 -0.0360592634440989 0.752651296794797 -0.318980107783619
0.01613397220438 0.00703488293387572 0.709954989029171 0.546005670808379
-0.0268192650825852 0.00826479624156265 -0.0031768578776693 0.670927803585076
-0.0316999600640729 -0.00459965144363071 0.0462153367955349 0.0765000870219252
-0.0200185846446152 -0.0117208527703775 0.048309897941232 -0.61514833806996
-0.00949933405496517 -0.00381861898775482 -0.706258583110427 -0.672596927692442
0.00170454243419386 -0.00516105899020072 -0.888950901144237 0.30815329417843
-0.0145189634687032 0.0201026849066228 -0.0168291586838266 0.737943965943408
-0.0139860623459078 0.0274761455735031 0.456952731618285 0.278366116849308
-0.00919382211320376 0.0302424586512804 0.295323228206718 -0.0842252213110344
0.010320504115749 0.0243645866882069 -0.049509874784377 -0.207781269858561
-0.0033268294298835 0.0094965237559298 0.0425405414123614 0.141354792243176
-0.0133784029584595 0.0265694523135377 -0.224379840214961 0.0476860764003765
-0.014363389319276 0.00127269532522828 -0.391099165680673 -0.210198849069029
-0.017418178234415 -0.018427596418447 0.0629437187101923 -0.603970883363954
0.00149069460431125 -0.0322138571761912 0.760578569736066 -0.303242484078576
0.0195376306040828 0.00674328782091849 0.701148379371244 0.562883740270595
-0.0228705186042643 0.00715140333238324 -0.0133395745416325 0.670315185755224
-0.0279703338101639 -0.00578504121618381 0.0474000160350285 0.0729062739821392
-0.0159641242138795 -0.0126503604531742 0.0412429758408959 -0.619179707063344
-0.00595010505380443 -0.00287726031265109 -0.716326239831765 -0.660393784966461
0.00316989602382041 -0.0023745737998299 -0.879485633956099 0.323114152850868
-0.0142251865502246 0.0236019286548043 -0.00106781243099076 0.738502054478533
-0.0130531400303373 0.026693010460917 0.460608997648779 0.273250896153256
-0.00468985190507263 0.0294232800398645 0.293494600056313 -0.0840801364883773
0.00991491202563222 0.0260447624146402 -0.0512929724896501 -0.207165776157311
0.0094032800273691 -0.000392367054289399 0.0448837356585545 0.145724385257246
-0.0128378539541116 0.0181229676488481 -0.215128834509755 0.0567172640775516
-0.0147241177803378 -0.00492244627620059 -0.41763444416243 -0.189922178855818
-0.0276214581265591 -0.0242681317601745 -0.0124819904036278 -0.600654774336405
-0.00734316511152763 -0.036091938902139 0.725307533512846 -0.367601454060601
0.0225198331370736 0.0119848712862964 0.761081582143529 0.485622756653453
-0.025239246656482 0.028961641255004 0.0505061176080391 0.656793872157866
-0.0407777388351697 0.0188652356307685 0.0634463062283824 0.0716428995192041
-0.0219688706390553 0.00822273507347714 0.0802597157806322 -0.619801492995653
-0.00428316863387996 0.00382706739021701 -0.666208115459498 -0.703822305430128
-0.00119808085359805 -0.00740610455204683 -0.903441493488487 0.278283962029519
-0.0243523220752128 0.0126051720830843 -0.0584677941101679 0.744334650620566
-0.0134890633579168 0.017038290968181 0.43597756065119 0.28494751003805
-0.000304126321729031 0.0219388509563967 0.301340551963515 -0.0862250715806682
0.0265582224978292 0.0129720337274911 -0.051506274279724 -0.199207676448985
0.00658669391558731 -0.00145306888033529 0.0476475412082724 0.143809026481017
-0.01728078894279 0.0200763926178718 -0.212861079920987 0.0560604247820027
-0.0161769898389154 -0.00286477437543119 -0.418231018140039 -0.186735400300533
-0.0274776198016045 -0.0256632663740414 -0.0209730173202592 -0.604104963492033
-0.00742748890767782 -0.0390148913886442 0.717397520656479 -0.377253505515293
0.0202865604834867 0.0119823468148371 0.763028813489455 0.477262247927442
-0.0294765807096807 0.0301103377802966 0.052273508336645 0.65841318465322
-0.0437906208408965 0.0189186062648527 0.0595918906410296 0.0779324565865671
-0.0258803616531553 0.00888557227004879 0.0811211835412856 -0.615294166116891
-0.00749147225355563 0.00360046828624544 -0.662238986080068 -0.712757809354988
0.000414837218384586 -0.011427975961034 -0.910645814769372 0.26542589088514
-0.0216755305157486 0.0101632116790428 -0.0675855992101365 0.744984525110156
-0.0141266341010547 0.0188456441903327 0.43717927051187 0.287110133932397
-0.00397779171572322 0.0240096374969511 0.303261309737518 -0.085957571427622
0.0237909171936788 0.0122932113330836 -0.0483321114702545 -0.201012915310584
0.00425620829509418 -0.00038209529686294 0.0491432955970076 0.142015940984013
-0.0199366878793628 0.0225137314056567 -0.21415331066225 0.0565520974475791
-0.0163017588485538 -0.000117075372152304 -0.419230844597459 -0.186348279232803
-0.0250840361525803 -0.0269675959609373 -0.0243794129780492 -0.601844596201486
-0.00849550878856577 -0.0408057070623945 0.713064031745048 -0.382697518119033
0.0161407266661341 0.0105315416550007 0.75955543607818 0.477256994014621
-0.0317909749596149 0.0257764533749696 0.0493822693805111 0.662161346110477
-0.0435270875657116 0.0129682630580471 0.0548984285313887 0.0825094870559441
-0.0285638704281393 0.00349035540762417 0.0796035197349198 -0.610372261874812
-0.0116788571511599 0.00158789796445431 -0.662163925515537 -0.715082606125851
-0.000338536515436489 -0.0122401234771318 -0.913028625352017 0.259551520521918
-0.0186368114376271 0.00934609950020619 -0.0690533459851389 0.742331540811528
-0.014417076200801 0.0210515173871892 0.436780913518546 0.287931266002688
-0.00975603395653906 0.024326646643946 0.304320318115704 -0.085077814834009
0.0203075845278201 0.0129940502098353 -0.046254778625282 -0.204041519950504
0.000818338923399786 0.00134527230007432 0.049320389613797 0.140340010269598
-0.021788297665309 0.0252668491922307 -0.215369559480072 0.0535053117208267
-0.0168277306976353 0.00111330477512713 -0.414056688817867 -0.189622186224214
-0.0211257797140401 -0.0270110249575679 -0.0121623782119249 -0.604253160603564
-0.00759409777402756 -0.0397588579916811 0.716866052563109 -0.375914568816824
0.0131927347114912 0.00908479834356809 0.750308893326575 0.487500700507299
-0.032203944783222 0.0197057236794181 0.0406637601617607 0.666339092366625
-0.0416424494436077 0.00660443742511811 0.051859299582534 0.0826975681733654
-0.027772496445869 -0.00227057255142856 0.0713669699923726 -0.610643794466428
-0.0134737039418482 -0.00109374126952754 -0.669718670552489 -0.706887995624874
-0.00021727102248368 -0.0119837582088153 -0.909777272870269 0.269835265004874
-0.0165029880574282 0.00977199039639826 -0.0586721196061931 0.741816441723522
-0.0145648028249323 0.0238520281300341 0.441578953108601 0.285814662514176
-0.0118016796181137 0.0256177026748617 0.303597299704975 -0.0858168451403611
0.01698828142945 0.0158794581683026 -0.0465321317011723 -0.206915060796726
-0.00168463100681547 0.00283413611570089 0.0491210754786069 0.139255298619796
-0.0210080582289915 0.0269469946790219 -0.216638025045785 0.053224802422683
-0.0156873891365109 0.00209251054834245 -0.408555588907552 -0.192747291751348
-0.0186911047566218 -0.0256175093776267 0.00228407156582608 -0.606866504050066
-0.00591655016240891 -0.0402933485250231 0.725228915429823 -0.363104931607698
0.0130217373296879 0.00756682030498192 0.73866290170345 0.502303954285265
-0.0316877635674874 0.0155834921403091 0.0277499754135369 0.667745446180246
-0.0388611807671433 0.00225741703343453 0.0490452790901729 0.081462218719025
-0.0270906500693604 -0.0060998794765317 0.0586702689827243 -0.611793279796807
-0.0135855928891849 -0.00284606141316712 -0.686014567224476 -0.692035479827747
0.000586743099893899 -0.0109727988293369 -0.900761230138942 0.285718039789894
-0.013518505952069 0.0128300294610677 -0.0378321009198208 0.74016819241254
-0.0146478877970084 0.0259953148290709 0.449807101566135 0.28015278281655
-0.0131419916977483 0.0282772317391163 0.301031670698219 -0.0876456832476482
0.0134678464284458 0.0176708851737802 -0.047163302697297 -0.20793166990467
-0.00224292304122728 0.00583224005752233 0.0476820343298783 0.138644706255377
-0.019199309684698 0.0270769019693338 -0.218746533286498 0.0523912694514442
-0.0163507495062467 0.00307599058232913 -0.4023693922034 -0.197013885587077
-0.0178416299918437 -0.0234463195560519 0.0197517777158534 -0.607037400490936
-0.00403493611389432 -0.038138696948629 0.733720633122991 -0.346746495433073
0.0143386702745395 0.00699138891470617 0.727203920074773 0.518778428929267
-0.0299655326724094 0.0125737803302952 0.0168403791441722 0.66863510591148
-0.0353444284363601 -0.00209830975146191 0.0474760599128215 0.0785832519982327
-0.0246496461060032 -0.00895871413747066 0.0481767138063958 -0.612221689963942
-0.0124340609469901 -0.00286194246442743 -0.701367172491693 -0.677854192201373
0.000327714137378008 -0.00829219314750156 -0.894063602676805 0.303299150124897
-0.013123982170148 0.0164698536870578 -0.0220187406288328 0.73929137314808
-0.0153421840596911 0.0270076638055562 0.454420478247891 0.274331346223018
-0.0115565039562086 0.0288924865486704 0.297334568979328 -0.0880469544163329
0.0111186773599376 0.020944767424635 -0.0489200928701775 -0.207529168484723
-0.00422776358945857 0.00871714944360441 0.0461028755693544 0.139365601943814
-0.0163629997011821 0.0276093439201992 -0.220843397732602 0.051692921804486
-0.0145332263445268 0.00231524893037102 -0.397496914183434 -0.198626762282002
-0.0174376849463579 -0.0208063655749024 0.0391446638337381 -0.605948134740258
-0.000972053124807157 -0.0361004951464358 0.744902138893596 -0.330231442424251
0.0167723551133324 0.00684355798459761 0.717912948609143 0.536029351987803
-0.0262563581375681 0.00973959637279103 0.00548608475227521 0.669959615701701
-0.0317183309588304 -0.00311120177625233 0.047399372669048 0.0769277822851617
-0.0212805077541022 -0.0109442031061728 0.0405435531222115 -0.614903205252031
-0.00947135680147154 -0.00241237941806031 -0.714366453629742 -0.662597868681706
0.00233634769468099 -0.00554801926473121 -0.88386202985735 0.319822728279359
-0.0138558311736096 0.020107472554819 -0.00595242103647386 0.73906844121562
-0.0136322464931233 0.0273305300929942 0.460094916175519 0.272156076744192
-0.00805100180772486 0.030118508049583 0.294696434439334 -0.089220022080698
0.00996391715463612 0.0236791918402958 -0.0514715649555379 -0.206659567313916
-0.00340012254690862 0.0107190715289535 0.0438550592882631 0.140995269507162
-0.0119981006790541 0.0263981340492557 -0.223640173689472 0.0529200504613426
-0.0142573532738078 0.001115637360726 -0.3911428278021 -0.203580793742575
-0.0169966840171237 -0.0174946138999402 0.0550178929799499 -0.604135344550586
0.000571317532390729 -0.0332896012906681 0.755175081866378 -0.315784060040147
0.0198682841910411 0.00671845858963221 0.709003345545754 0.55282045655898
-0.022647841795294 0.00843311055450782 -0.00316964465391423 0.668499835379416
-0.0276103315871177 -0.00451123378675322 0.0484429378825439 0.072186903063136
-0.0149993313732805 -0.0120793739728058 0.0331432019698238 -0.617198619508129
-0.00559964092381617 -0.0042522917926692 -0.724236199062914 -0.64684520402244
0.00348069891729553 -0.0017789024387597 -0.874342105048789 0.336070478357316
-0.0140963731691219 0.0249293352414321 0.00908266182468529 0.737849544628772
-0.0128368978616128 0.0271970714684918 0.464710153623704 0.26613505399137
-0.00308339038754058 0.0301907717651889 0.291823363094126 -0.0896637601442194
0.0117093117999951 0.0267410831392917 -0.0546218719975594 -0.205977090711393
0.00880984430321534 -0.000321416198270786 0.0449021224559072 0.145151320659429
-0.0125050787627913 0.0189927669949167 -0.214073836344881 0.0610139854287585
-0.0150721173431072 -0.0048352398515361 -0.416318928611463 -0.183326567877774
-0.0281042872040242 -0.0232413014646443 -0.0195289190140665 -0.600127989836897
-0.00687947247691503 -0.0365274032790047 0.717829133413569 -0.375544002731213
0.022318091340786 0.0110158705784205 0.763264712549464 0.47394302938351
-0.0245777624210324 0.0299315169392451 0.0588689031299682 0.655188257908388
-0.0409454213912822 0.0193163352611013 0.06325658224758 0.0710078647876404
-0.0228602793430861 0.00918146080428397 0.0701457701076113 -0.616907622356182
-0.00490089861826538 0.00392378657136238 -0.672997753410271 -0.693812569069816
-0.00158360238190542 -0.00775083340009073 -0.896843015061206 0.288248785132531
-0.0237654084156898 0.0125929020943512 -0.0462890251570796 0.744524777562351
-0.0132314031788734 0.0170700442868551 0.44144233527179 0.276627072083164
-6.79444782514596E-06 0.021393719041096 0.300377556306753 -0.0898232639260462
0.027389069229795 0.0129131291207407 -0.0529782971129831 -0.197469515474733
0.00692324173401087 -0.00132919403278115 0.0479970352231942 0.1423903832323
-0.0160324432717758 0.0207937986235046 -0.213207584424562 0.061116724290732
-0.0160787423420469 -0.0027770671897978 -0.418469331146126 -0.179121049386884
-0.0271659277006644 -0.0248746926016447 -0.0284723246747298 -0.599412401087365
-0.00860638918547642 -0.0385180133988679 0.709612188335553 -0.387283686892176
0.0203084904630162 0.0112937733370884 0.766300400472768 0.465943369738379
-0.0283603051116223 0.0307144932073595 0.0614452234226419 0.656850783378825
-0.0426377798839318 0.0192285083417105 0.0602258030529429 0.0764291880592015
-0.025599659948202 0.00934854332208155 0.0726719950901087 -0.612864517877561
-0.00807251833479614 0.00349615551491224 -0.670554278640897 -0.700221557961608
0.000262381753741405 -0.0121132066524419 -0.902941705772643 0.276857078584125
-0.0204213478647908 0.0102237424883252 -0.0564910004000777 0.744195130138026
-0.0137230282071145 0.0195065163686327 0.441189596442383 0.2789498930268
-0.00408836334358553 0.0240878086829091 0.302768599930243 -0.0905245067352909
0.0254331351648598 0.0117546729041078 -0.050942188767816 -0.199851867708918
0.00447536543492054 -4.43733332256846E-05 0.0494500381847352 0.140644528740065
-0.0190235759559113 0.0235537787068631 -0.212105929170895 0.0587012624958138
-0.0160275393304187 -0.000493808515570262 -0.417715454248586 -0.179461620194558
-0.0247589049672553 -0.0258582918454667 -0.0300040915264606 -0.600942671142472
-0.00998593820639592 -0.0391655127423441 0.704866596875591 -0.391514910588172
0.0158864266052216 0.0104413174040371 0.762414791662886 0.464712422870673
-0.0311737855875891 0.0254726767613689 0.0574396192646307 0.658881853013741
-0.0428106033955907 0.0133944848102191 0.0565340248158032 0.0806369994576598
-0.0280920853970803 0.00426193169988443 0.0709130211501916 -0.609404513263012
-0.0108433102464739 0.00103301508229024 -0.66865510203708 -0.702922067193175
-0.000211755392852783 -0.0125212366651003 -0.906654249744499 0.271514336641953
-0.0178543611484235 0.00972671354237499 -0.0563701638681858 0.741128375464834
-0.0141602070300647 0.0215502609482167 0.440418818033821 0.280238260097351
-0.00837785661266154 0.0244244168371368 0.303244657535306 -0.089870809145353
0.0203053338274083 0.0134223176977925 -0.0479955231618285 -0.203659845309734
0.00100973026747762 0.000678665626956042 0.0510562072082507 0.138151468318525
-0.0206998778753575 0.025393125510694 -0.214444845588195 0.0573640761762459
-0.0167407658275606 0.00128001281916101 -0.414841142436764 -0.182170728507723
-0.0226501560303283 -0.0255754088982783 -0.0200468663619799 -0.603453017445347
-0.00827319881726181 -0.0397112591609778 0.710388561997993 -0.385393140725432
0.0127206350799227 0.00919590661721056 0.754341288628449 0.47521718654223
-0.0328111482664808 0.0198983043356402 0.048623134935109 0.662613410764504
-0.0412194998959397 0.006231905269899 0.0534797445642433 0.0821806816401878
-0.0284351248446516 -0.00159880792730052 0.0627119097042065 -0.609242149104905
-0.0139379368186004 -0.000722678042582116 -0.678086417275336 -0.695286663286947
-0.000253043868109724 -0.0126923878667112 -0.901072526718359 0.281498668342032
-0.0147720594012068 0.0108485908768969 -0.0471567007358705 0.739291450308511
-0.0139450541377609 0.0241600205681297 0.446104613870319 0.277121157998147
-0.0105680843492852 0.0259001276402394 0.301530286326571 -0.090574035252983
0.0172536213696128 0.0147186033572755 -0.0478296405638897 -0.204762363970185
-0.0012026869565472 0.00270526992733794 0.0511565071893707 0.137477643439729
-0.0205072732534464 0.0262766763625648 -0.216739816530042 0.0570985757289333
-0.0159349870678635 0.00231747298073885 -0.408789543662343 -0.185937156349877
-0.0190563545805708 -0.0252351474622466 -0.0035819900523916 -0.605788377279606
-0.0067142175958764 -0.0393651191762962 0.717670575110688 -0.370112065328991
0.0127585262937501 0.00676102866811244 0.742357951574235 0.490104743529388
-0.0315921220490392 0.0161376508160675 0.0356087857818304 0.665493454366652
-0.0390546987523947 0.00317353154784593 0.0507919956097018 0.0807781764651642
-0.0271112843833952 -0.0054697177318879 0.050963289866195 -0.608162318062993
-0.0143661027395166 -0.0023039686211301 -0.694474530186805 -0.681611114994276
-0.000331159011293283 -0.0114109624117048 -0.895217819301037 0.297500896733987
-0.0129984586778562 0.0135948552450696 -0.0282650010142225 0.739341415074449
-0.014307555247928 0.0267339889863405 0.452908515350861 0.272109786649569
-0.0108701831994315 0.0275269801044983 0.299417073491737 -0.0924231631348675
0.0137350770910191 0.0179778174869156 -0.0476201342828102 -0.205858818248968
-0.00308773834910446 0.00498811957897033 0.0488563571587013 0.136493143850601
-0.0185185552812158 0.0280130482592033 -0.218956254278518 0.0554463483790822
-0.0153519561751749 0.00276751171969343 -0.404270858854202 -0.188418988590085
-0.0172718607863067 -0.0230264615017743 0.0134857688441113 -0.606702931713942
-0.00389826213928374 -0.0383682149857429 0.728313483877894 -0.356912480455015
0.013981878948943 0.00655226816808202 0.7318419788575 0.506778491282678
-0.0296164424652808 0.0124955367387016 0.0238156777186247 0.665478478125166
-0.0346533270892648 -0.000322637570220558 0.0491052742551511 0.0785530586161073
-0.0248891739359675 -0.00799055155583297 0.0399859023464773 -0.610026291608672
-0.0137615030164377 -0.00217866733925735 -0.709150640878775 -0.665193819184154
0.00160571534785331 -0.00854239512946333 -0.885984154948421 0.31478863218139
-0.0130415714966613 0.0172256509620536 -0.0111630618037676 0.737925951094455
-0.0145205617414655 0.0279325634423995 0.457905529286648 0.267554448110398
-0.0103375771163634 0.029094599261423 0.296548851125163 -0.093743210807043
0.0112390623213013 0.0202514117834381 -0.0511536221465789 -0.206402481551896
-0.00330034614809949 0.00818871325579642 0.0472708087162826 0.138504287078692
-0.015466987830535 0.0277355520162456 -0.22097517103373 0.0557951262488929
-0.0151295955115782 0.0023588671159546 -0.39765516588175 -0.190770817333458
-0.01733567626399 -0.0201215046980139 0.0304903690336296 -0.606740982907626
-0.00173812344040306 -0.0359329711161467 0.739957444746844 -0.340579927719168
0.0170155983992234 0.00545218906200447 0.720526658789082 0.523464065774659
-0.0264306872364881 0.0102457702868413 0.0135438996364674 0.666685114589772
-0.0303943536587443 -0.00290509505534358 0.048269797490512 0.0747347192452982
-0.0205974223985953 -0.00978081278580152 0.0313513315079021 -0.610291103860423
-0.00975480550130991 -0.00299361485189522 -0.719604855188735 -0.650282437143177
0.00258503995786995 -0.00652255639471067 -0.87775129492966 0.332026540480136
-0.0124098809814825 0.0206286234822665 0.00526669769950545 0.737732452295062
-0.0132019378439437 0.0286826303043635 0.463407705465619 0.263618525268242
-0.00790192134744257 0.0299276792301804 0.292887595795022 -0.0926229233063552
0.0111578750531305 0.0230033418597302 -0.0534580301846186 -0.205310952597467
-0.00301988371651637 0.0101456900591588 0.043450899560729 0.139937781694713
-0.0124588316885516 0.027803577873603 -0.223178790162731 0.0559229722929826
-0.0144588900919507 0.00199630560723386 -0.394003052794645 -0.194137770569588
-0.018002488870168 -0.0170482540072583 0.0476598595869959 -0.604672146026886
0.000527232465180418 -0.0335500136906588 0.748244447748942 -0.326450164964042
0.0200530206979906 0.00682861375442862 0.713306299195002 0.540482552570208
-0.0223457816223157 0.00805656047744654 0.0053382992102413 0.665125055707577
-0.0271475837143957 -0.00399899550774194 0.0489463256857241 0.0715680944912155
-0.0166165742409602 -0.0108270272821394 0.0230691718604566 -0.614654324699769
-0.00641792435150385 -0.00363594254287088 -0.731250362022661 -0.637749990546786
0.00335795290027464 -0.00189797903956807 -0.866447202336603 0.348111916116446
-0.0136250161043309 0.0246556382839527 0.0200939873831532 0.737383091172564
-0.0129086429751726 0.0278494990358863 0.467472508122431 0.258680548322469
-0.00256421955658703 0.0304692717388953 0.290530708791079 -0.0938958605788182
0.0129291080488256 0.0258181026535304 -0.0569234751812462 -0.206221111651272
0.00934419329706214 1.16737923355882E-05 0.0462941320305206 0.144323249187078
-0.0116356775266287 0.0197734101394135 -0.2129227887808 0.0650580161359264
-0.0149282779950887 -0.00467468343215645 -0.414814244205922 -0.175202908259637
-0.0286674051537071 -0.0222430480456336 -0.0268488571928732 -0.59728316184114
-0.00753506086080716 -0.0356978784561107 0.708594740906161 -0.384490164298625
0.0226277188957405 0.0100772171144341 0.767603027961498 0.46259973529898
-0.0247186326997486 0.0299231993406645 0.0652654266489534 0.64897811775094
-0.0389373601849625 0.0189838984888027 0.0639971222020165 0.0705391401646813
-0.0229666764832206 0.00970153072855 0.0634282450339525 -0.612721771666663
-0.00549315942914608 0.00375644760957342 -0.680139759846348 -0.682530043958072
-0.00156469948860295 -0.00823424026755301 -0.889895603696646 0.301482326405739
-0.0237526584002808 0.0129044071061868 -0.0386255761520663 0.742149722197856
-0.0128376202880761 0.0173078424665468 0.44244918363149 0.269184808187822
0.00117837726130386 0.0229531738482175 0.298487578572741 -0.0953446979364288
0.0288315902182371 0.0120738182956497 -0.0553256616908852 -0.19598720295118
0.00730571301089112 -0.00102354845873466 0.0492256877773253 0.141488117361887
-0.014759307886786 0.0211022934108951 -0.212505258602239 0.064858041712508
-0.0158109065786321 -0.00270682121475454 -0.417164838902243 -0.171963038210199
-0.0277993369063659 -0.0233441263958575 -0.0353206073398444 -0.598559386039573
-0.00860321332595928 -0.0380177712676956 0.701766756280899 -0.394010018695597
0.0204304298852481 0.010659319265892 0.767666143686639 0.453170449042495
-0.0279797240651808 0.0310545122985395 0.0670557630108894 0.65167040573999
-0.0420052076907583 0.0202855023000285 0.0599969709148881 0.0751617523513312
-0.0262697525218465 0.0107603469067872 0.0650469114624938 -0.609512846922845
-0.00747657211567929 0.0033155791921221 -0.67613890058094 -0.689471096900278
-0.000305913242006864 -0.0125151334469276 -0.898185348572078 0.289382837722629
-0.0200937248120142 0.0114827554922799 -0.0453159971754796 0.742542448554275
-0.0127006428326574 0.0190624773761676 0.442979904933556 0.272709742264214
-0.00337456529873407 0.0238058630304805 0.300417139221122 -0.0943851345146358
0.0251884221206039 0.0109374921324562 -0.0534179095377405 -0.198456213926711
0.00437833115158255 -0.000207222722754649 0.0512493145226949 0.139671532805204
-0.0181090146646715 0.0236766482099917 -0.212162250662958 0.0640944321084005
-0.0161666805350109 -3.14447320662672E-07 -0.415982685071941 -0.1720937834243
-0.0254981155807843 -0.0250838766375875 -0.0367589929420485 -0.599158091483386
-0.00978296398973221 -0.0395111172935836 0.695947952879083 -0.398805645739574
0.0160362435717587 0.0097938250508324 0.764370929069848 0.451602165403996
-0.0316159151719585 0.026138936479891 0.0658165654728086 0.654805199191739
-0.0425827810264753 0.0142693995976535 0.0563626053711963 0.0799671277006766
-0.0278053904836745 0.00468369917582924 0.0638868982700246 -0.606529953633601
-0.0121475134430334 0.00108815856196899 -0.673731368610363 -0.692968293086396
0.000611536685058488 -0.0134346179440944 -0.899959896796462 0.280201660793784
-0.0177704878860291 0.00905177562210739 -0.0489237876504365 0.738640497119716
-0.0144270356158313 0.0217883304640201 0.442486611383208 0.274437912729359
-0.00644550111073753 0.025183402094883 0.301573373278304 -0.0939673622303623
0.021971677951227 0.0126816251373214 -0.0508581904589064 -0.201348270277678
0.000882939218322153 0.000980177660778641 0.0514485673997218 0.136541212405353
-0.0188794185642109 0.0256999514461921 -0.213914965796828 0.0607847914996536
-0.0162824228302032 0.00153995905213408 -0.412408810081955 -0.176028178001065
-0.0223429878027489 -0.0245848262403259 -0.0274363109739173 -0.600647062600814
-0.00870625196018974 -0.0395566600117167 0.701334522565864 -0.392308148405852
0.0133531531238951 0.00766360482795889 0.756531906270601 0.464214081290237
-0.0323950519508231 0.020877513146898 0.0561333205912098 0.657603029332791
-0.0410429040223693 0.00766486287701572 0.0538800131050842 0.0806124329492246
-0.028841551488282 -0.000129806334333996 0.0560531516819969 -0.605359883786673
-0.0142259987853666 -0.0010256203189686 -0.684318817372671 -0.681946629392334
0.000154514427452592 -0.0134177830008414 -0.895076146745863 0.291010389798328
-0.0147367872467686 0.0113329987686903 -0.0368482845431218 0.737723335012383
-0.0146168927542961 0.0246673270296553 0.447539716745263 0.271008324256826
-0.0101517466786979 0.0270716951286774 0.299707190079411 -0.094878361053355
0.0182785486044261 0.0141402711817393 -0.0501728004832839 -0.203887742012556
-0.00134984394616855 0.00278935639291778 0.0506689014994258 0.135988549908196
-0.0198244106609332 0.0266912330388573 -0.215385636710857 0.0608183179032949
-0.0152640273381164 0.00292896724869282 -0.410529243956507 -0.179099155301394
-0.0206258270177519 -0.0241943412513899 -0.0112098247157693 -0.603714464821415
-0.00638297703162198 -0.0391770658252622 0.709591605262536 -0.379100474606707
0.0130328427582659 0.00709035311399217 0.745782479839146 0.47871196106553
-0.0314951266636113 0.0165549038290076 0.0445301497657711 0.659872860687353
-0.0372009526187206 0.00374772116991365 0.0506103551214014 0.0793578805444942
-0.0271198483168096 -0.0039998151789995 0.0455117488793562 -0.60631868688359
-0.0140279049766796 -0.00172737405838366 -0.699702732896404 -0.668994976398459
0.000588610136286763 -0.011863960944895 -0.885955817056087 0.306823172778103
-0.0127010276959045 0.0129509027300124 -0.0198135636566604 0.736388777563654
-0.015222815756077 0.026638442390973 0.45500117139579 0.264982274988524
-0.0101976916270939 0.0278090240043 0.297357853644486 -0.0963251781402437
0.0147895109953882 0.0167226770004201 -0.0504483128641356 -0.204759712193372
-0.00272092420565112 0.00618510053751222 0.0504320345525958 0.135712107791266
-0.0172110394284592 0.0278834824345038 -0.218287126727863 0.0597994953482264
-0.0150696667932345 0.00206410261980439 -0.403507350192789 -0.182131829597915
-0.0184332369555652 -0.0223627765451291 0.00630157431332879 -0.604116693839785
-0.0045025422779951 -0.0373807803356609 0.719521976708154 -0.363991640220764
0.0139110185603114 0.00585448156158971 0.734201099822819 0.495148799874083
-0.0296898429866999 0.0132923967930889 0.0312589435376646 0.66340706949969
-0.0347027120171855 0.000319352005913074 0.0487326370431752 0.077977777147547
-0.0254404459397146 -0.00690692716035632 0.0347748224106759 -0.607492888546735
-0.0127095061368809 -0.00288434481141161 -0.71453596214006 -0.65518394665901
0.00139344967543705 -0.00885860102670482 -0.877714534921291 0.325800647507625
-0.0124490006958654 0.0170169471148881 -0.000400891276751865 0.735397073879492
-0.0138100106188218 0.0276164775648333 0.460445951768677 0.260031293618284
-0.00923084765775068 0.0301235128038488 0.29329683535014 -0.097006042954323
0.0135073242214309 0.0198340231063903 -0.0522276993639361 -0.205680124871488
-0.00430554276454525 0.00863582336684069 0.0482982927039361 0.136780299260367
-0.0139711048435914 0.0272592306506099 -0.219957528039098 0.0599613685979572
-0.0145513198680356 0.00211996938153053 -0.396851215134345 -0.184458143891309
-0.0178990139264778 -0.0191425887787121 0.0237638499657698 -0.603891920212093
-0.00090168633262243 -0.0359526391740204 0.731854115137345 -0.345569714319521
0.0170000534180039 0.00579788611299193 0.724912177121441 0.512646616449879
-0.0257253636731683 0.0104248451348111 0.0216992729035924 0.663858450338694
-0.0303150606002194 -0.00225425249804639 0.0484854020539997 0.0743767237840007
-0.0210196975612446 -0.00939171942601377 0.0237407200614466 -0.607624723959357
-0.0104517824135399 -0.00239548043613845 -0.724960350627772 -0.639858198121756
0.00179862097773055 -0.0061293035108617 -0.867291577997108 0.340592079644339
-0.0118630763656104 0.0216896626165038 0.0146547209595767 0.734840517485239
-0.0132385883684788 0.0287308269453898 0.466392089757639 0.256467277757977
-0.00656035975555207 0.0303335098873519 0.290662555851048 -0.0968749470279342
0.0132962950280647 0.0226819177360765 -0.0550849818930778 -0.204409776534056
-0.00353921943420232 0.0106120661328877 0.0449569544286187 0.138420292048122
-0.0103614450095216 0.0266355896977838 -0.221473093366845 0.0593128458485642
-0.0142695995892833 0.00175791579707911 -0.391023934075901 -0.188437145975242
-0.0189941895386819 -0.0165489777388887 0.0402406317937593 -0.603503548576382
2.74830486919706E-05 -0.0331772429975399 0.740338943931162 -0.33303233765722
0.0201067947403198 0.00540776458135538 0.715074990618979 0.527127050307624
-0.0231101981280827 0.00882850135326924 0.0114113073708591 0.662856725785652
-0.0261400744090365 -0.00371736963246577 0.0498143121859032 0.0706147127773391
-0.0164353681831715 -0.00974106228045455 0.0178111886411458 -0.610102732615616
-0.00684165806762342 -0.00340780806377002 -0.73459055544787 -0.624810770184482
0.00305006960690811 -0.00240447311955228 -0.859403620427132 0.355271193981659
-0.0127565102669489 0.0246609656800354 0.0303583307831957 0.73408563449255
-0.012286963265225 0.0278856020830427 0.468158586920853 0.251596033582749
-0.00089768423326184 0.0304178353745431 0.288849592983152 -0.0975445161406831
0.0136197722453176 0.0254985143456968 -0.0577648305009961 -0.203154467807771
0.00890842912720072 0.000105111642767305 0.0472384725451366 0.142137776275888
-0.0111781358718814 0.0196750773870846 -0.211948209420741 0.0690806462170125
-0.015042473752032 -0.0048428490664463 -0.413324847739222 -0.168016414759519
-0.0293589988647557 -0.0210434836075988 -0.0326986782536029 -0.596503692794652
-0.00802484531302985 -0.0354713156513138 0.701101927693351 -0.391214475492008
0.0227153375177322 0.0101691709644706 0.767089157616416 0.451936741575556
-0.0255781993653123 0.0302715213036696 0.0714924305885059 0.644496356885211
-0.0387034421628116 0.0202487112574532 0.0642319109280506 0.0687906950873961
-0.0229824356192341 0.0111928884764179 0.0577297381931349 -0.608546029106725
-0.00577746960561073 0.00352490882075791 -0.684418825914944 -0.670531025327408
-0.00161112515516184 -0.00888810313856917 -0.882053661691598 0.307706208521651
-0.0233295582692821 0.0130882562198971 -0.0282416104602001 0.739268650862533
-0.0127448396524442 0.0176495971478984 0.445639452411804 0.262267145041556
0.00238957950287551 0.0226613188696481 0.296051858125507 -0.0991950944049559
0.0291850676550072 0.0111883178654237 -0.0570323015541874 -0.194410933952199
0.00615895288218166 -0.00151906626418877 0.0501341551552485 0.139254464415757
-0.014142666410671 0.0217913453876594 -0.210380303374532 0.0687450437603235
-0.0170075910668414 -0.00217261423650505 -0.415765492393848 -0.166431622903867
-0.0274333309793496 -0.0232483302010502 -0.0410143853536327 -0.595748812203002
-0.00859255458710481 -0.0380600909634006 0.694300096948885 -0.399979164961468
0.0202748503402708 0.00980545267008974 0.767942681977556 0.442777168044887
-0.027310864213741 0.0306477570040014 0.0748904915870154 0.64730267461932
-0.040647039169748 0.0201996910467164 0.0607809992203766 0.0744789649001552
-0.026157150402904 0.0113171353068377 0.0585689764445784 -0.605834462139282
-0.00829507779436231 0.00451736659993605 -0.67810179054871 -0.67857795742991
-0.000250745018260997 -0.0115512195123144 -0.890518185273492 0.296937527069454
-0.020096236196708 0.0108142131042999 -0.0379989914894028 0.739328317707184
-0.0126245459077647 0.0193822426638939 0.444274081490277 0.265871437073039
-0.00177600158825636 0.0243824064111006 0.299022072166092 -0.0983936332847396
0.0269627566856501 0.0103673842623274 -0.0546818511306367 -0.197720276484855
0.00344380678261131 -0.000607943796876214 0.0513218983452707 0.137947902250762
-0.0171223892209689 0.0236128768015083 -0.210781255932588 0.0666131585612622
-0.0165105295673884 -0.000276929896160701 -0.415680947361499 -0.165963292518892
-0.026001020726651 -0.024495958564255 -0.0416110734847075 -0.596879080995111
-0.00991172513081303 -0.0390513690416164 0.689808773955881 -0.404657569360563
0.0163397069501872 0.00843299928862281 0.765109440680102 0.441576307990662
-0.0310101850307076 0.0268646069990349 0.0714725354117558 0.650469511627668
-0.0413805898590167 0.0152225551929442 0.0574887725301157 0.0781436353161621
-0.028312055290405 0.00592769709093855 0.0586872830062211 -0.602072502514932
-0.0113423814101686 0.00134951974143904 -0.679336490464108 -0.682761910372269
2.81027920939966E-05 -0.0139446297270781 -0.892420286515457 0.291586953742378
-0.0172061710460464 0.0104258663447055 -0.037679915536544 0.73666205701898
-0.0141596833639479 0.0230651508943582 0.444410951480165 0.266757426665774
-0.00684643016869394 0.0253847272041023 0.300199926132026 -0.0981426344232539
0.0225396340870519 0.0110544032591753 -0.051421121785483 -0.199769811944432
0.00123996274234771 0.000652111613223943 0.0518870408098465 0.13624260565798
-0.0191937555488974 0.0254813378028928 -0.212222960167568 0.0651206543020143
-0.0162900631804462 0.00141225289995275 -0.411456545894286 -0.168091841851863
-0.0229072179666221 -0.0238021355969034 -0.032737725413629 -0.598267137294864
-0.00908853691152132 -0.0393621045019616 0.693705111373447 -0.399393768443001
0.0135258382575553 0.00720080854108483 0.756607627968666 0.453207725851853
-0.0323855703780649 0.02110957916204 0.0633528753170717 0.654614409265859
-0.0392019729318534 0.00848820039318057 0.0537715068731874 0.0800431351093772
-0.0281957002742875 0.000643255322578138 0.0482625485677888 -0.601432052478451
-0.0148322906508923 -0.000324463246154587 -0.686879610843087 -0.671278548830311
0.000517174533103213 -0.0133455572147228 -0.887980690218506 0.299805498180676
-0.0137178186227504 0.0109206128621634 -0.0287496044443767 0.736251782829024
-0.0148579015541492 0.02476260013291 0.449617864870888 0.26381424423207
-0.00795975734232732 0.027199478902026 0.298492037056478 -0.0979405782411055
0.019119121029434 0.0137975814315128 -0.0507924892014167 -0.202347932058205
-0.00146718127103677 0.00303064852636453 0.050780331346848 0.135801521793041
-0.0182817491822047 0.0270900046489781 -0.214208713887772 0.0641350190939144
-0.0152775828934281 0.0021572989054436 -0.406572353707645 -0.171813079175894
-0.0205081071793659 -0.0232698986093185 -0.0168197316795266 -0.60105650367122
-0.00710325708045885 -0.0396470676692232 0.702615146225067 -0.383582767195657
0.0130165982686475 0.00563875191023812 0.747165365035293 0.468364649222787
-0.0314920444280151 0.0170815952526202 0.0503885906149471 0.656757272505277
-0.0366870347407942 0.00419617578479479 0.0511231373576511 0.0778263268703761
-0.0278763797556805 -0.00265867792878068 0.0388826635437575 -0.602651324025549
-0.0148497305052051 -0.00130925155110024 -0.703140706347182 -0.657743476813019
0.000684354657735132 -0.0121626834114105 -0.879932585437611 0.316584488469115
-0.0123970811335281 0.0133858687638274 -0.0111420081049665 0.734710914405388
-0.0144595770756292 0.0266301609852632 0.45621929787172 0.260123138848072
-0.00939443471427904 0.028432496732632 0.295931880043105 -0.100656263005241
0.0160395267223616 0.0161676455887882 -0.0533269828741595 -0.20373047765807
-0.00284286399076144 0.00565002614751022 0.0496431596173857 0.134492200253697
-0.0171239089458331 0.0282946811196117 -0.216798371231895 0.0641384498024087
-0.0151356337710709 0.00302812729238819 -0.401518746230125 -0.175495602086065
-0.0184132126547546 -0.0221203667574584 -0.000630341647676951 -0.602405474969342
-0.00438501217261451 -0.0380464756863941 0.712147091062531 -0.370718289282411
0.0141530177608542 0.00526316385181331 0.735994553280613 0.486290671682349
-0.0286392389722487 0.012874772250402 0.0392194931063226 0.658984223853976
-0.0331512556581939 0.000661485781635116 0.0494618618193613 0.0766532829698715
-0.0251940670142395 -0.00633594240772752 0.0289343813262846 -0.601310169185018
-0.0142030647058101 -0.00219311184150943 -0.715426299388123 -0.641791165362979
0.000891232347534174 -0.00967980623137253 -0.872244663996078 0.33407206356286
-0.0118960157754383 0.0162082918636741 0.00748606965351506 0.732923560195548
-0.0141561062523039 0.0276651302318412 0.462356176683238 0.254285105040052
-0.00839680526091187 0.0304952972636201 0.292387273578977 -0.100934033180479
0.0145678484922077 0.0187691492183771 -0.0547426177174683 -0.204102854677991
-0.00376263155156869 0.00840406789891843 0.0478560218614102 0.13548090690905
-0.0134164751643215 0.0280775842497692 -0.219197315644111 0.0626497846709155
-0.0142612716638785 0.00243453907385274 -0.395617064070748 -0.177516613957719
-0.0188284122242729 -0.018887843703202 0.0178937506837838 -0.602439547632484
-0.00190200627252758 -0.0351852579424121 0.726063714109904 -0.353816926664785
0.0166063001786065 0.00414975883296391 0.725737330779907 0.501586834426154
-0.0258381070128363 0.0106946535166902 0.0285637988027222 0.659075208602696
-0.0296839373282967 -0.00139810516108179 0.0490920534321961 0.0735030288541773
-0.0216824529740331 -0.00807594643692943 0.0179448476503644 -0.603934927695505
-0.0104690661141429 -0.00230016763587225 -0.727736137703581 -0.62785966961653
0.00193798078330931 -0.00704463483024187 -0.861874979156226 0.349516850141913
-0.012198741593483 0.0210841926623279 0.0235401701470885 0.730546983779555
-0.0130481991878818 0.0282162828251418 0.465895621576509 0.249469314769175
-0.00500853051612455 0.0304992402935126 0.288629680870926 -0.101342450808251
0.0133791364172867 0.0210039692774388 -0.0572438922516858 -0.202587181764625
-0.00280028993120397 0.010900426502665 0.0456411084604776 0.138135112384631
-0.0101259623990043 0.0273822612487849 -0.220532400465493 0.0639963234964578
-0.0146851489064903 0.000305007185812074 -0.391663226361482 -0.181827231355892
-0.0196811230439433 -0.0157458945588157 0.0345450107712675 -0.602004084345079
2.50054553080359E-05 -0.0324684756940097 0.73396353389186 -0.340173990200079
0.0196704410469713 0.00429489159790644 0.718240075639533 0.518454881145423
-0.021826596679417 0.00923707001376209 0.0186862498046438 0.658781888704162
-0.0258773015162989 -0.00303025171095557 0.0492472930280069 0.0698602963802959
-0.0170960152592725 -0.00877352675671163 0.0118229075347 -0.606237387660609
-0.00761399541940019 -0.00249608982831597 -0.736622916519745 -0.613340714392355
0.00331728235757071 -0.00364995256662087 -0.852033136258559 0.364598736119265
-0.0122441504159525 0.0244172523787585 0.0390224060858638 0.729793938622285
-0.0115972855000773 0.0285723291473361 0.470219144621871 0.245268585802227
-6.01371453471181E-05 0.0310791619821808 0.287006005714927 -0.101861593481432
0.0148409029438062 0.0238152767688316 -0.0599482041255722 -0.201595807748642
0.00899724686392187 -0.000426423544453773 0.046153408406018 0.140382500884888
-0.0101435838757173 0.0204024554523515 -0.210094004696535 0.0710489173865724
-0.0153785310080284 -0.0048045883326668 -0.411583427294017 -0.162397379750868
-0.028966465225399 -0.0205750604711577 -0.0383577484657705 -0.591792999534334
-0.0083398675390367 -0.0362122613432515 0.69380634108693 -0.395720650056114
0.0221973836940027 0.00865033822287813 0.7674337046473 0.442179981746083
-0.0238803846372903 0.0299001747430481 0.0751829216402531 0.639028275704718
-0.0381147313544457 0.0193812323082546 0.064976349770512 0.0675044982593875
-0.0226658451497995 0.0107130698401279 0.0520524078237486 -0.604900267916379
-0.00683578398198636 0.00345370085432513 -0.68611449182221 -0.659041035494999
-0.000866890592636199 -0.00917790913813916 -0.875766708997444 0.31560321119079
-0.0230029801918597 0.0139296888631726 -0.020419328007949 0.736423363156053
-0.0132517475652648 0.0181833315440519 0.445564072632143 0.257888052085134
0.00314855617807151 0.0225592374344972 0.294808847105352 -0.102123761436062
0.0295511991887505 0.00944255489401043 -0.0576542701294956 -0.193323410044647
0.00626871512985907 -0.000266846813498031 0.0491647416052547 0.137613143687886
-0.0136416906204136 0.0213818438519254 -0.210167674582748 0.0716536714179161
-0.0165195834364665 -0.00157684111704579 -0.413440979607666 -0.160058569519227
-0.0273596467119507 -0.0222176079533948 -0.0452403535878214 -0.59306535138826
-0.00904964250136229 -0.037517602241782 0.686167742763228 -0.405065326902889
0.0200187421279269 0.00873026517003452 0.768338590640219 0.433535594335761
-0.027468493292566 0.0313305864959737 0.0804777478499831 0.642529525751445
-0.0411744432568928 0.0213684134283993 0.0614407327642422 0.0736205192484776
-0.025778355036153 0.0111539440414132 0.0532992921049145 -0.601106706752911
-0.00824486357971795 0.00401870099800779 -0.680760620774894 -0.668794906248883
-0.000449913880989559 -0.0125187426960653 -0.88175852920238 0.303523586424988
-0.0196377384227496 0.0112553607075353 -0.0286728609086192 0.735302208552216
-0.0137845144080662 0.0201062034039502 0.445475836521385 0.260497222282573
-0.00112744328074513 0.0236601661276285 0.296360573209206 -0.10122069124254
0.0268063631931315 0.00878150778686306 -0.055249604890836 -0.195332907332451
0.00370678416716705 -0.000418227222381972 0.0520866467927782 0.136912758424144
-0.0164870412046026 0.0239592696217328 -0.209597966526754 0.0709570746857928
-0.0163950144593934 -0.000438270272762763 -0.412835466191023 -0.160096595209501
-0.0253748411370799 -0.0232900434681364 -0.0466771868494659 -0.593771655347756
-0.0100817540180214 -0.0385693573993445 0.681299568011831 -0.410619398359561
0.0160833373572957 0.00797525721540418 0.765011880379883 0.430960992294996
-0.0300616485711612 0.0276856082214292 0.0755490894961594 0.646641890770802
-0.0399923075299275 0.0154690496244439 0.056765955623154 0.0782998248418056
-0.0282988112532188 0.00660670517369569 0.0512559381454854 -0.597477944522236
-0.0124120851881226 0.00144948472942676 -0.681060118604838 -0.671989069345012
0.0005123185134948 -0.0130371255787457 -0.886033308110924 0.297123503726225
-0.0172017145049988 0.0101698728181362 -0.0289610914910498 0.733537317407505
-0.0133410596826916 0.0225118377225284 0.445027852305489 0.26057585638267
-0.00504672505870607 0.025917989115071 0.297482439832342 -0.101299028409599
0.0241178102819176 0.01034613874088 -0.0534656148711508 -0.198830310969262
0.000860565327292777 0.00111535691153715 0.0519545294350319 0.134637654102574
-0.017958808442088 0.0261369450119013 -0.211086244122008 0.0684689982461405
-0.0164707393854315 0.00174025954953429 -0.409981639782391 -0.163100712077561
-0.022554888609783 -0.0231410147294504 -0.0370981362056099 -0.595729960971938
-0.00922144594451841 -0.0392897561557547 0.685148989813837 -0.401876111096958
0.0134526537688452 0.00666841031666175 0.757649645603316 0.444582795123562
-0.0312822323164969 0.0213057331939153 0.0685735359657977 0.649895888622495
-0.0387660447383908 0.00955790772134926 0.0539791351304955 0.0791733826087972
-0.0286906492446668 0.00127519258718346 0.0446355504351931 -0.596805179154038
-0.015206680696943 0.000382810637833138 -0.689843496620887 -0.663113746192223
0.000259377898153439 -0.013554446005954 -0.88002028196076 0.307293203519785
-0.0147078097351345 0.0116946244027688 -0.0204615834984785 0.730964041342761
-0.0147748822808507 0.0253540372032073 0.45126111601171 0.257836781979171
-0.00734262417956017 0.0271476435941491 0.295887802500543 -0.101408970655575
0.0194635349572074 0.011989335256278 -0.0527894428412744 -0.201495115264096
-0.00108273231737013 0.00382459315577285 0.0515221803890467 0.134051182642095
-0.0177648758476659 0.0273129796707151 -0.213148343427718 0.0667423261260314
-0.0146152064197741 0.00259055349738262 -0.40554200299367 -0.166764465095148
-0.0208168155825189 -0.0229170805960749 -0.021446346832873 -0.598471774104373
-0.00708252835625077 -0.0394184067247935 0.695174740785553 -0.389200813625736
0.0128642905556857 0.00567164985301704 0.746295721596471 0.457854393356268
-0.0310772369187447 0.0172109398556305 0.0549828548756578 0.652137404475272
-0.0354566006832651 0.004331356140614 0.0516093946192568 0.0778618889593843
-0.0278747063644877 -0.0024000706007669 0.0329080900016974 -0.596955864425429
-0.0150523174885205 -0.00131390722284634 -0.705080214344033 -0.647136197216963
0.000992151298308798 -0.0117801247241551 -0.872489130722626 0.321598633956152
-0.0124505493970269 0.0137930522012675 -0.00233366098314482 0.730249681685182
-0.0135955536641714 0.0264199191381856 0.455939744823111 0.253211126045285
-0.00791791397861967 0.0283776896620531 0.293425386450743 -0.103418142584408
0.0169134034996802 0.0149393709086946 -0.053220380137872 -0.201881130863148
-0.00297497655530855 0.00565487838665364 0.049649560321683 0.133169412576579
-0.0155789419720346 0.0282778594707497 -0.214814908136952 0.0664388224638307
-0.0150503964504464 0.00276202705168511 -0.39980764074502 -0.169405942794503
-0.0189243733171694 -0.0207941476291548 -0.00559859072416526 -0.599540433018773
-0.00484580226242226 -0.0377544516415962 0.705140685295825 -0.37464478674067
0.0142827264664892 0.00468896597634771 0.736764952608134 0.475472973895157
-0.0285380977129752 0.0134754032581854 0.0440887700694914 0.654717020679141
-0.0329959234251742 0.00135318364976951 0.0490963626089003 0.0760998625259016
-0.0255461920128152 -0.00541641330779833 0.023009465660799 -0.597083072101913
-0.0139408168553539 -0.00242561190741085 -0.718139650149231 -0.63127739876648
0.00132872492821728 -0.00963371131729042 -0.864048245368631 0.339808255203638
-0.0118724993715186 0.0164791412090469 0.0148111266280159 0.728603407033664
-0.0137342115304126 0.0281314260218014 0.461738987647749 0.24652742354517
-0.00610683133982659 0.030826769316612 0.290376255691318 -0.104879688776492
0.0147507173942817 0.0180701668003787 -0.0561466198902831 -0.202680747304102
-0.00401020258881729 0.00836006661051277 0.0480547563871976 0.134456402746946
-0.0124299769019677 0.0278319615527701 -0.218420049508137 0.0666385793287254
-0.0144961984333409 0.00230653902501 -0.393596701896384 -0.171865775889899
-0.0176614957510686 -0.0178854644018347 0.0115427852795229 -0.600176283054296
-0.0018432296216242 -0.0354494902482976 0.717242862431296 -0.360084643350465
0.0166227540364014 0.00371457484912913 0.725284717847811 0.489316655907917
-0.0259306964348725 0.0108041219300746 0.0314567828114884 0.654918633783394
-0.0288972872180099 -0.00120491949056494 0.0494790137451283 0.0721161969961601
-0.0210331222863343 -0.00755201104903911 0.0124352820742208 -0.598937829112272
-0.0111243998164853 -0.00253804644083293 -0.727817195549669 -0.618022682347908
0.00218386734497261 -0.00659413655401492 -0.852404622167459 0.356388398247434
-0.0114680339173734 0.0209549860558543 0.0317948069183116 0.72641049852526
-0.0127753997669474 0.0292101397042303 0.467606586556379 0.242419449802549
-0.00348993326118455 0.0312247409067963 0.28659971465296 -0.104713168431208
0.0144866683667283 0.0213942541527668 -0.0583577712476848 -0.201427029660998
-0.00273548377380619 0.0112133505822372 0.0457508343682553 0.135352217665728
-0.00989159968818012 0.0280987098349361 -0.219982897296584 0.0670742619452838
-0.0145856299382704 0.00160318941087105 -0.390163243232633 -0.175839909923383
-0.0194742478153282 -0.0144365391426552 0.0277551399941185 -0.599049558265419
-0.000313278924512068 -0.0328042993936746 0.728500114397309 -0.345223844994648
0.0195607167346148 0.00373549174037376 0.717706542155275 0.507843294761777
-0.0223486708628646 0.00916240627856905 0.0246197822367094 0.653561022501768
-0.024903274932046 -0.00254088796496105 0.0495813935269342 0.0693995105150216
-0.0171071509670452 -0.00823436200564475 0.00620927632985743 -0.600930654307508
-0.00747318105218282 -0.00192646374123582 -0.73811322221083 -0.603434472323726
0.00360274798409693 -0.00369045233234232 -0.842077872785637 0.370216482945448
-0.0120824905133024 0.023530226506542 0.0464076235079797 0.72607407530844
-0.011908208098343 0.0273651127798015 0.469554106997599 0.238257246265068
0.00134526818654198 0.030424839586528 0.284900138847737 -0.104770590405254
0.0158001568282643 0.024398680461263 -0.061451917198238 -0.199959006684525
0.00945916305281713 -0.000168365396599116 0.0470122177132257 0.139635711736905
-0.00995652871473379 0.0196750013761025 -0.208248915002564 0.0738500476659278
-0.0147098083050379 -0.00458522008750633 -0.409006845909741 -0.157567141092103
-0.0284816164247676 -0.0194134684549378 -0.0409860679808595 -0.590103606997599
-0.00804346549054549 -0.0349582276383828 0.686667810667483 -0.398196219914417
0.0220949224040522 0.00914942714691627 0.765670121918004 0.431990662237822
-0.0239059992587906 0.0304532050185556 0.0804301368685089 0.636496986495203
-0.0369898982141248 0.0204269120911332 0.0643477782174997 0.0676667190150508
-0.0227759354645005 0.0120348633150315 0.0481683866392774 -0.601843664673537
-0.00659401622555368 0.00463118716013893 -0.685813147891573 -0.65036071759487
-0.00160662708017656 -0.00927666715050349 -0.866796844180319 0.321132500341459
-0.0231183264756167 0.0139952316982405 -0.0132280394890346 0.730225560717005
-0.0127129119129891 0.0190274697295733 0.445703130789268 0.250532542263941
0.00397677994523042 0.0224824212405853 0.292538309596331 -0.104569205940788
0.0297760433089502 0.00881137891940153 -0.0581322521712516 -0.190553724272662
0.00684752438427567 -0.000866455150993868 0.0492861728233758 0.135779930061375
-0.0132489996912149 0.0222633416295082 -0.207810801523146 0.0735991213270557
-0.0158385216499779 -0.00170116910576002 -0.410576482079567 -0.153882406900061
-0.0276271115439445 -0.021669827912372 -0.0503230749561755 -0.590912738905218
-0.00937585809975272 -0.037279863463031 0.679904785123664 -0.408221021880437
0.0199259806718611 0.0086254902364063 0.767690447629393 0.423582189687481
-0.0268425198010304 0.0317090610821126 0.0843515650426405 0.639552552798442
-0.0391540035595248 0.0215890728722544 0.0607254841817097 0.0728254831212158
-0.0257894607927417 0.0124392348638388 0.0491425144441392 -0.597418942691662
-0.00899435411608551 0.003693121465791 -0.681582506463069 -0.65873843627272
-0.000480111851864872 -0.0130366493858224 -0.873735243759501 0.307528096928783
-0.0197416269468604 0.0107307755336623 -0.0229339250730075 0.732584392301398
-0.0131487590308193 0.0200231877124005 0.444478091440444 0.254234253233171
-0.00031697872366537 0.022868599965487 0.2946281208729 -0.104201957401037
0.0274567725224014 0.00828320603175702 -0.0557483249898951 -0.193892130724371
0.00372678542571332 -0.000370604924387989 0.0514324044578345 0.135159721420002
-0.0162213618533616 0.0243481007187753 -0.208649517004259 0.0724746599819786
-0.0155239627024593 -0.000706550349945638 -0.410092245214288 -0.154542540441546
-0.0261235232242148 -0.0224257631567576 -0.0535802042162599 -0.591192585348695
-0.00966870821203505 -0.03808833545767 0.673719069139141 -0.413880886219504
0.0160309326748898 0.00805361093467727 0.762852417164451 0.42221580397305
-0.0302247968719642 0.0278679893412932 0.0806703121464864 0.641648317121672
-0.0394033604120366 0.0160438437012024 0.0576486225505075 0.0768350723168814
-0.0285989569909939 0.00754522615220886 0.047324636808708 -0.592906361497787
-0.0120031012832583 0.00237304831894963 -0.682144008715695 -0.661444556219948
8.2892074368509E-05 -0.0136879287178396 -0.877044125776652 0.303348706137697
-0.016923423298201 0.0104849903328259 -0.0233772594916684 0.732362917271945
-0.0139217990519547 0.022280876515594 0.445307993262633 0.254770888349959
-0.00437780387304329 0.0253625997835861 0.296659031372243 -0.103885192371174
0.023947215047905 0.00925501446345703 -0.053146548936046 -0.19681389920805
0.00145361321068301 0.000923257292155726 0.0517929894835965 0.133778112829438
-0.0169207199244779 0.0268898085537637 -0.210402476736619 0.0712040358091103
-0.0160855470563054 0.00130374212892355 -0.406744421013489 -0.157703029077021
-0.0234049744598985 -0.0225484599084545 -0.0428145209085168 -0.593608134788862
-0.00946786278136022 -0.0388927766711029 0.676873966149329 -0.406873133221956
0.0127999035916078 0.00688693669629267 0.75536837718132 0.433754313497082
-0.0316695769069937 0.0219215209937125 0.0721137212741886 0.64489589796215
-0.0383877874882803 0.00962544350595756 0.0540296484629898 0.0783604583651499
-0.0286378713770997 0.00173573488569075 0.0386349279297813 -0.592460478890391
-0.0149656480929993 0.000588614813745461 -0.690323014552081 -0.651809416427022
-0.000349607799722158 -0.0134901346328359 -0.872293782417423 0.312724640815618
-0.0141643580055371 0.0113195125488604 -0.0134469451431702 0.728616937459376
-0.0143850254032481 0.0247163029532692 0.450465673810033 0.252599851361967
-0.00606601343376656 0.0270834538450723 0.294266290725239 -0.104252005194977
0.0205064215004549 0.011574050292932 -0.0536534626127733 -0.199239701259848
-0.0014136651591609 0.00367354391589406 0.0512858380926066 0.133251524089223
-0.0168264758862876 0.0272472502502202 -0.212109985692259 0.0707416913435742
-0.0161652823264068 0.00283705244339269 -0.402264576869404 -0.159953731689584
-0.0207938253143572 -0.0220629342305934 -0.0257279694351494 -0.59686167636207
-0.00791970344208274 -0.0386744821277998 0.686902483549332 -0.393480235011954
0.012493034905762 0.00489380493949012 0.746206265086231 0.450165265341
-0.030790426701235 0.0173950024905882 0.0606818789383181 0.646992380636958
-0.0352877784147424 0.00527541955263925 0.0515988649546102 0.0766357354808904
-0.0279462203188252 -0.00109114108706324 0.027115823748212 -0.591807765803594
-0.0156046550608312 -0.00185017705459223 -0.704250593603297 -0.637706058883141
0.00045670765704112 -0.0134875654151217 -0.865088985961356 0.328110139829955
-0.0132037309566219 0.0131953080240177 0.00524680377527888 0.726325824931576
-0.0147216540309987 0.0266513477704704 0.456357403972946 0.246899218453697
-0.00644868147660467 0.0291823004647591 0.291447419870878 -0.106552840156725
0.0176163806417246 0.0145552967788347 -0.0548017220856408 -0.200233739672469
-0.00240801616936067 0.00658205299534058 0.0508736159043777 0.131239029351413
-0.0151521074815632 0.027816417309914 -0.213246685106079 0.0694953527796758
-0.0147484123744753 0.00316063920673122 -0.395805859571439 -0.165303532413985
-0.0192125854868203 -0.0197054554698538 -0.00926168575615433 -0.597179017146404
-0.0048711540751191 -0.0371121221456872 0.698965229187895 -0.380166163728124
0.0134594087257721 0.00461886655368108 0.73530774467843 0.468914763983116
-0.0289798809476833 0.0143685611016306 0.0488033339680762 0.650666910248659
-0.0323200582487341 0.00130269681581763 0.0497665136530748 0.0750361105861517
-0.0250948787326891 -0.00456034701834721 0.0168177998404921 -0.593107270958433
-0.0148285905131827 -0.00194194355868684 -0.719542695699195 -0.623951070844707
0.000855077791535614 -0.01003959497085 -0.856122897495041 0.345774476106437
-0.0117560285872361 0.0169883478302059 0.0216109678374641 0.725351647943328
-0.0128757981108658 0.0284700476531724 0.459998295794795 0.240800772691765
-0.00562205167119529 0.0302385930648569 0.287972030896174 -0.106974884530074
0.0159795449317081 0.01761286681152 -0.0558119704534803 -0.200754843818476
-0.00379629773440645 0.00845829963518523 0.0476708562594596 0.133013692581805
-0.0116884395837128 0.0287061479133411 -0.216417812090683 0.0688900011509126
-0.0150178230104191 0.00208071841028621 -0.390554636460639 -0.166254323518636
-0.0174062191712459 -0.0165613459854841 0.0086360084071197 -0.597285342261863
-0.00279645991872334 -0.0351625959029186 0.71111635576143 -0.362649501097247
0.0168566630109197 0.00302758387706389 0.725170193881322 0.483797594536889
-0.025800882555223 0.0124015586642136 0.0376771131149604 0.649604597100134
-0.029132759151165 -0.000788658285276672 0.0485222987359672 0.0719088099343586
-0.0218107798255161 -0.00709701076797403 0.00740481063814745 -0.592114188502845
-0.0114750430420082 -0.00214220156987915 -0.728864723402807 -0.606545002856643
0.00259260564784633 -0.00675581281072712 -0.844562729818342 0.360794311118225
-0.0118587822331821 0.020135181542489 0.0380576101412351 0.722210878078358
-0.0130046684438325 0.0290646712979867 0.46793963651205 0.236047413947458
-0.00202536351662934 0.0303515067991441 0.285748731852554 -0.106776087991534
0.0149199128399176 0.0202707783916097 -0.0596967805735813 -0.199230820571384
-0.00355085718164762 0.0112386527410135 0.0448549889236092 0.134196225604909
-0.0089432135077547 0.0273035068608697 -0.217898995618731 0.0703432162486918
-0.014067191457052 0.00155323325190937 -0.385736321557524 -0.169483486659895
-0.0195550008015502 -0.0146541388482453 0.0239493653068236 -0.597484898325473
-0.000643116121321671 -0.0320706694400589 0.718714837126461 -0.35063639675095
0.018810501325525 0.00351900687816538 0.716265798834002 0.499170588087517
-0.022066345007552 0.00963986586141427 0.0285856775783894 0.649485137837419
-0.0252891891838197 -0.00188505834688569 0.0496814056523795 0.0677331767284952
-0.0164433978437939 -0.00824319305751316 0.00228198945727059 -0.595904134655373
-0.00780219023328322 -0.00184018380775881 -0.739165619585145 -0.59390326272304
0.00340276727502229 -0.00402496342619387 -0.834029487916259 0.375874875865716
-0.0118352625648382 0.0247894058382668 0.0527278223634736 0.72221456555695
-0.0116535534999714 0.0283073132333053 0.470276363828044 0.232315209862861
0.00251274049114565 0.0310146165565451 0.281821561251298 -0.107476531506183
0.0163003721521227 0.0226107392950504 -0.0616932012491286 -0.198531710096506
0.00971784630994146 -0.000300047343575925 0.0458755856274238 0.138644659341527
-0.00906018086092978 0.0201083731835934 -0.206628683975035 0.0775059616662549
-0.0154905110258443 -0.00527672882030469 -0.405896793029538 -0.152577413168318
-0.0302877869115833 -0.0186339228632868 -0.0460283336468204 -0.586540986743143
-0.00881202952917827 -0.0353234798419655 0.680947123467067 -0.401805987258095
0.0224297216758835 0.00840955745158418 0.765024542460147 0.425453854571582
-0.0226101346688658 0.0311603554429727 0.0839865236473659 0.631116907248747
-0.0356622125574469 0.0206534101450616 0.0641621877191377 0.0659404796758038
-0.0231098881061521 0.0123048312349823 0.0432933907843102 -0.596858909286872
-0.00592414071984241 0.00456340701224065 -0.686767139671941 -0.643268892398723
-0.00192924876760981 -0.00956732215894293 -0.861587190973973 0.324475261506777
-0.022319638156525 0.0143795621638909 -0.00626661173981993 0.729110562751308
-0.0126745529930873 0.0187979917790165 0.445743074133799 0.247167731401183
0.00575006246839913 0.0222882319903747 0.290273557846571 -0.107753206703409
0.0312981327763498 0.00753667056792938 -0.058615851993431 -0.189212647773236
0.00645986836917074 -0.0011868015079578 0.0490566290680789 0.136297394655846
-0.0118236002570372 0.0220271313498574 -0.206656188160118 0.0759286704896359
-0.0163872432132273 -0.0024941070776885 -0.409186647679715 -0.149929249728407
-0.0276553283304048 -0.021002320649843 -0.0533327576059155 -0.587822556360374
-0.00936044769083511 -0.0376308403807676 0.672918048095938 -0.413568547576363
0.0199679276820582 0.00863220699330715 0.765494814948528 0.415884429010018
-0.0270900791673638 0.0314051070717249 0.0870073223862744 0.633819941609043
-0.0388380674107828 0.0215201722019365 0.0611090963880533 0.0721035308763469
-0.0257284893637156 0.0126458885099728 0.04479858728963 -0.592401858008234
-0.0089699067037151 0.00454979823650634 -0.683005746657104 -0.651060217266422
-0.000576246207106706 -0.0129043028904372 -0.867162175337277 0.314676105442397
-0.0201310735872416 0.0104496009550884 -0.0156418384577392 0.728082833328001
-0.0130731547404753 0.019554451341604 0.442945315928168 0.248711357667083
0.000456311464216246 0.024338896378419 0.292852723629745 -0.106344263778339
0.0280188259476055 0.00756179777834868 -0.0561398140448603 -0.192445794886963
0.00401308354832506 0.000197956696747515 0.0505839690587031 0.134092459125483
-0.0147487656114347 0.0239601620324755 -0.206902783131026 0.0754083091034923
-0.016559476679381 0.000167164766317967 -0.407973915480296 -0.149242509049266
-0.0262806942020893 -0.0216758754494974 -0.0554960018116244 -0.587117619368067
-0.0107237610017646 -0.038767037986621 0.665791991781332 -0.415724162551847
0.0161160639065822 0.00653578828741358 0.760769155909122 0.414533021994449
-0.0296066735961159 0.0281831592252287 0.083495853571246 0.635325466076081
-0.0388906494374772 0.0166305829676794 0.0580675259626069 0.0761538877473585
-0.0282462084431341 0.00859568335229234 0.0439482845693285 -0.588889550207176
-0.0133066375135247 0.00267652190985061 -0.681814041915017 -0.652381297562411
-9.13098543647642E-05 -0.014003690952592 -0.871228328509358 0.308622340316282
-0.016605767912586 0.0110519987244815 -0.0180455140148613 0.729381229831857
-0.0128330207521719 0.022641683773894 0.445220873645268 0.250309186679884
-0.00241214837443071 0.0254958480097636 0.29419428908702 -0.106537743991274
0.0242561145298011 0.00863518120700298 -0.0538160373806951 -0.194876389601054
0.00137652194886108 0.00180337190620064 0.0516557551576673 0.132483871804178
-0.0164574749745087 0.026585791679006 -0.208724202048858 0.0727880722335221
-0.0171775465523318 0.00122693709389777 -0.404927419235711 -0.152656863497133
-0.0228571051811042 -0.0221136799732081 -0.0440815952862033 -0.590301786143229
-0.00939335727151368 -0.0389493613170501 0.67126007399257 -0.409899114286575
0.012726476724371 0.00547292602419539 0.754089875531918 0.425172234063149
-0.0309259949183899 0.0214646113504203 0.0747332481616026 0.640557077884139
-0.0376308109793349 0.00969036123501671 0.0540780168039544 0.0772158377542614
-0.028951641662297 0.00271536937718562 0.0345669508851468 -0.588647903061615
-0.0154853574029716 0.000437648663960927 -0.691376029242302 -0.644737489742853
-8.59094866139457E-05 -0.014146635954445 -0.865458979127632 0.316924768666109
-0.0143584522474952 0.0107576768319685 -0.00757464399514509 0.72449640692846
-0.0137274529601665 0.024794886387305 0.450040989937171 0.246983088771861
-0.00505350956365419 0.0277398950883199 0.291978537367416 -0.107039041831418
0.0219148065046674 0.0114333034787513 -0.0546857353885184 -0.197836342448549
-0.000807354414265097 0.0039803068565436 0.0504438150624767 0.130875738125899
-0.0167259584731808 0.0281496886154871 -0.21000506498724 0.072638078609365
-0.0159557170177707 0.00294386541965854 -0.399959934434674 -0.156998573203373
-0.0210959180514455 -0.0211048856714953 -0.030646655949637 -0.592941866792451
-0.00728317778460417 -0.0383811513803315 0.681326940898816 -0.395583429532987
0.0124101799434731 0.00443340465996815 0.744609017917911 0.439575630459642
-0.030846319442846 0.0173610648816933 0.0637748034249225 0.64198444351729
-0.0351789794892867 0.00604684373818573 0.0517440078001489 0.0763287872855493
-0.0276674927265505 -0.000143360210941936 0.024084234164036 -0.587131121353565
-0.0160193012817146 -0.00132309648793024 -0.706639463176278 -0.628699897465492
0.000333581919399223 -0.0132761093832709 -0.857558102933412 0.331696799713532
-0.0122598719592148 0.0139051478314729 0.0119831000492663 0.723751391458001
-0.0131046211474468 0.0270701170349044 0.456509740993502 0.242702544342175
-0.00599826196056358 0.0279532762538502 0.28917162647709 -0.10888628571955
0.0184896186831227 0.0144157797787487 -0.0537733400367462 -0.198844696500975
-0.00337589591560322 0.00679251817051506 0.0494338088027482 0.13085662382617
-0.0142559774251756 0.0275867464138292 -0.212890671500118 0.071670385081538
-0.0146287992979539 0.00250442490985024 -0.393164095199731 -0.160720531182088
-0.0188099811347174 -0.0193176722672147 -0.0126628581146385 -0.594527573657492
-0.00495891717177237 -0.0367294099618232 0.691044278553071 -0.383591851342838
0.0142885831083777 0.00322158550129848 0.734423960528712 0.458007077396742
-0.0295596167083541 0.013681134578547 0.0505602221901374 0.645542862299038
-0.0308049136857608 0.0023342540662893 0.0501578719242518 0.0742708294300556
-0.0251149592739603 -0.00451533173813098 0.0131194256946036 -0.588180516185844
-0.0152939263561585 -0.00161701618088688 -0.719028005027707 -0.613448451416846
0.000423724257409969 -0.0106590306598136 -0.848599002834489 0.349736696674755
-0.0110453732984917 0.0173981380735486 0.0289759708725495 0.721876278816758
-0.01326179481439 0.0290604788235013 0.462082989421372 0.23666769589576
-0.00515664845787308 0.029863180888203 0.285115553766417 -0.109247337395916
0.0164803849704513 0.0164436591648872 -0.0569716958747386 -0.1990953204768
-0.00368970274121655 0.00961206994780745 0.0479038606936933 0.131969928956794
-0.0120891823975578 0.0289802948731055 -0.21479730195713 0.0726404674318241
-0.0150441032260616 0.00263133610045014 -0.388622247804099 -0.163024817362141
-0.0179306883702012 -0.0163835184274762 0.00554943130324826 -0.595831189160439
-0.00244309489964332 -0.0354287753760022 0.703872003131372 -0.36622951801179
0.0157340403598074 0.00377253877088535 0.725045286369507 0.473503174236449
-0.0247214487931171 0.0115869742385273 0.0430846815361126 0.644924469481678
-0.0282208290253112 -0.000742759741511193 0.0486619696978593 0.0715834730386115
-0.0218276596424008 -0.00556630558844178 0.0062374436761101 -0.590068125461114
-0.0120254433055066 -0.00135981109012564 -0.728175839302195 -0.598195020810736
0.00234479912129508 -0.00819125930594699 -0.837428562519911 0.365239902240273
-0.0098224824766252 0.021070090829475 0.0435446964858441 0.718610543596002
-0.0128024875448697 0.0296392867236997 0.466663148570521 0.231187006149181
-0.000868431582607836 0.0301541703219645 0.283975324655646 -0.109313361195064
0.0160263447263811 0.0202527485620173 -0.0597516318827025 -0.198048879236745
-0.00333997595539644 0.0112916332723986 0.0443190751220907 0.134311801961623
-0.0081467657942048 0.0275166924756505 -0.216921950756296 0.0723579489397942
-0.0146823515913483 0.00132128199659094 -0.385337801681204 -0.165802725184998
-0.018829837701591 -0.0128026073053366 0.0204892001947156 -0.596241508987293
-0.000114216264719311 -0.0319109803116911 0.715010771484441 -0.352508573672462
0.0194845911241667 0.00310516575676066 0.71725289971205 0.491461714492207
-0.0216869321575783 0.0104282081269014 0.0326391094200291 0.646753595274663
-0.0244552978752689 -0.00210985645900252 0.0497230466489995 0.0679242076428505
-0.0168177974699038 -0.00667616424317918 -0.000906270153188527 -0.591396275484822
-0.00803660497087251 -0.00312933512915324 -0.738991270525309 -0.584755942583631
0.00368223981854818 -0.00451238599039203 -0.828543495044895 0.379886567715334
-0.0120874582045036 0.0245083703423251 0.0593923481096419 0.718430874626355
-0.0114726928754487 0.0282070289620062 0.470100774920944 0.227025924948764
0.00384584433410015 0.0299071221117334 0.281126081119336 -0.1093649191478
0.0169373532845259 0.0221145885059746 -0.0619980784047162 -0.196050931828242
0.00806803180491132 0.00417954828677115 -0.0183372006747584 0.143813153637953
-0.0157909378760057 0.0142994822934155 -0.221211032298719 -0.0164394020366221
-0.0132996006152094 -0.0101736612202315 -0.303306281356821 -0.311081659069155
-0.0192852622003908 -0.0266336130981305 0.206002184484099 -0.556874085795935
0.000784518495393407 -0.0326989025900963 0.784682709656109 -0.0708296925137338
0.0136461452456176 0.0136821419672167 0.50479989134899 0.70609910326153
-0.0343727253752278 0.01710292630218 -0.192769200270262 0.604664231338503
-0.0410062991483392 0.00362806056071674 0.0295136327639399 0.0861817930623849
-0.0283138914474088 0.000237824943097464 0.28897093721953 -0.514831000457695
-0.0145287445843237 0.00506978806038508 -0.347949354076402 -0.871027944594284
0.000166818223491294 0.00159121454390734 -0.903639507949376 -0.0725368195706622
-0.0177411680585217 0.0088664143862908 -0.316989127318036 0.651469859387522
-0.0115542884490705 0.00983486477217787 0.294369509360088 0.406184332512352
-8.08002632215199E-05 0.0178150622295775 0.306153898964671 0.0222877649976124
0.0246127763147885 0.0163390139921736 0.0263411274298958 -0.194717003231193
0.00741532936786822 0.00231717519412232 -0.0149346623924463 0.142402850877934
-0.0199807979600487 0.0144448588599597 -0.219666096855327 -0.0167894876564293
-0.0153280646439511 -0.00948631394382194 -0.304926507492632 -0.30941305110879
-0.0172612798114082 -0.0284335140415941 0.198709057579483 -0.559892337407472
0.00132692396937564 -0.0356243236337269 0.779560939974999 -0.0816170171607795
0.0118178219070941 0.0141243804485962 0.510753293925262 0.698591344403643
-0.0374993916307388 0.0170816784576999 -0.190799771623118 0.609646077575261
-0.0438109805536511 0.00371819066384426 0.0242062763032709 0.0897991983901516
-0.0315919285567379 -0.00091997887683614 0.286731653949631 -0.510639335863427
-0.0163967390482444 0.00389159707594735 -0.340906939510444 -0.878070018269616
0.00184727799530879 -0.000601407053040254 -0.905274305776136 -0.0854280139481741
-0.0137917337634326 0.00709702835483718 -0.323533632158693 0.647515898868466
-0.0120222591996774 0.0112668227464602 0.291874732352458 0.409252038023394
-0.00449369095128511 0.0180896885194653 0.30830277735185 0.0230148029727112
0.0229305631033127 0.0144323804308525 0.0293649020547667 -0.196962169043111
0.00382097100821356 0.00201511093945962 -0.011864345203568 0.141878638846532
-0.0235918100684778 0.015357031312825 -0.218810393625445 -0.0170402350664701
-0.0162310979921495 -0.00767704410451263 -0.306031105841218 -0.308569397841805
-0.0145726467716225 -0.0278867622284871 0.198903702128442 -0.562610467289711
0.000640487835085149 -0.0373787656062294 0.777668112523032 -0.0888463636037054
0.00856894092103461 0.0115384110962134 0.505459153808688 0.696694321172605
-0.0385189573211719 0.0120700775029842 -0.196190709536318 0.610279813817029
-0.0417228119400976 -0.00176656962909892 0.0198047930359171 0.0916672647822474
-0.031268147061468 -0.00653444898814209 0.28561330070207 -0.508577117641796
-0.0189920046144986 0.000287487388431582 -0.340085019198538 -0.877802221177064
0.0031026242623119 -0.00238364576039405 -0.906184720328801 -0.0940777830473652
-0.0106543571555037 0.0074929964756724 -0.326364741977949 0.646387812269329
-0.014047384947435 0.0129469210045134 0.292083785380153 0.410733132832055
-0.00953172126907613 0.0171923518603459 0.307940435994763 0.0242033127113143
0.0183707048095228 0.0150514863505793 0.0321776267755085 -0.198220379215105
-0.000614889088169085 0.00248644130085448 -0.00974164911192974 0.141652637481136
-0.0258350230307629 0.0161100567709604 -0.218781990036789 -0.0210236360867145
-0.0164057093413306 -0.00615941325249929 -0.300564304721475 -0.310853727728526
-0.013191533090772 -0.027621311988465 0.207839761763228 -0.559488936589313
0.00149334664890981 -0.0365411806868616 0.778253535770076 -0.0829748996473738
0.00583805603171132 0.00904131284927909 0.494248544490854 0.705430810731864
-0.037907876163353 0.00635893823485046 -0.204443561585858 0.608713759963095
-0.037418483637287 -0.00668282032989856 0.0165755669998398 0.0922641940567458
-0.0303961914406931 -0.0120968929028913 0.278352947464216 -0.511524048301073
-0.0212640376650233 -0.00249421136652562 -0.351492080067291 -0.876118639114616
0.00351034388464196 -0.00221019570242987 -0.905758217008103 -0.0823368822029816
-0.0087844642350214 0.00921863642072318 -0.31422806094464 0.648013629409594
-0.0149113939979852 0.0148961593362353 0.298050797281532 0.409477872315963
-0.0117998980107951 0.0180860862065492 0.308200770357672 0.0222430106770404
0.0146215132902274 0.0144357956097378 0.033999021265014 -0.200944353655141
-0.0023282782989388 0.00321956667212541 -0.0102793134601123 0.139074946763654
-0.0259530285960715 0.0182167008174483 -0.220070175059537 -0.021492296131872
-0.0162453397707467 -0.00479963014510539 -0.294227292487783 -0.312028545219656
-0.0108178913156104 -0.0258418915396181 0.223276221290629 -0.556628895066905
0.0035789607765128 -0.0362261687181535 0.781853445352313 -0.0644212540069236
0.00676963833295257 0.00778836651223935 0.480103899209703 0.713907890191315
-0.0354602337059029 0.00338189970093171 -0.216246181458743 0.60700456326934
-0.0334445485286608 -0.00874503454038437 0.0148023226137407 0.0899248921641067
-0.0267763889525588 -0.0146619103698835 0.269737966995351 -0.515708313120247
-0.0212508340080288 -0.00317210731772793 -0.371193830290119 -0.866991208668567
0.0036771999451337 -0.00102134987115355 -0.905035502936942 -0.065742109860849
-0.00802194217053671 0.0121456003122985 -0.297664038030129 0.655948040518056
-0.0151991261975456 0.0168646779944801 0.304157452383435 0.406841126713931
-0.0126335248480802 0.0189032259632142 0.306318955977093 0.0201968810990768
0.0104976692490959 0.0164725566370052 0.034281379972626 -0.203120812319787
-0.00477569043953507 0.00460503546203732 -0.0114862827291093 0.139113825989387
-0.0244656709695842 0.019728215320439 -0.222266090993659 -0.0222816302845503
-0.0168736183555729 -0.00343703615028493 -0.288612207133301 -0.311700531166658
-0.00967864908546446 -0.0227308355937416 0.239138577839507 -0.550256764403381
0.00471695314930018 -0.0342746663671856 0.784361469063154 -0.0493548750339945
0.00844021157804334 0.00718009765504028 0.462710104942078 0.724508110454529
-0.0321750587097927 0.00140780594325315 -0.228644548072176 0.603903794272595
-0.0289195806914165 -0.0112069517158983 0.013594406551996 0.0879570095049387
-0.0246428187479671 -0.0159617958554581 0.259861274182595 -0.520403259289577
-0.0196112415387148 -0.00349760425552398 -0.389729004838798 -0.859895009109353
0.00276399894002 0.00108750334959721 -0.905664263147932 -0.046687153884152
-0.00928066403083156 0.0143486301917692 -0.280738378220933 0.661087059329444
-0.0152695837335542 0.0187046144948494 0.311514758358444 0.405097502490884
-0.0121608000575156 0.0210691552469471 0.303436621766752 0.0187563085712498
0.00844713901219057 0.0179938728172845 0.0321804339999467 -0.202971290840257
-0.00682408074467339 0.00638948567926398 -0.0129821237483006 0.140034871802815
-0.0218674963592769 0.019964101808753 -0.224614863510584 -0.0240741954002856
-0.0155002496533959 -0.00452962782920918 -0.282878919366632 -0.312788005743223
-0.0110553860865685 -0.02039307664431 0.255385397693256 -0.54358497671768
0.00700783068762065 -0.0308878355494882 0.790451642651507 -0.0305446159072668
0.0104929788504883 0.00816219493531531 0.44764909063105 0.732717401500934
-0.0275609182164586 -0.000296679024402328 -0.238192370926168 0.600526678865899
-0.0246632011217592 -0.0113685008953429 0.014105313688693 0.0840385447708269
-0.0192547454868232 -0.0162085044645799 0.251352399400632 -0.525567826471378
-0.01671959693676 -0.00215926713181022 -0.403568750282922 -0.85002001604913
0.00365782827163166 0.0050311115831184 -0.902056801388545 -0.0281665575865427
-0.0100425133475087 0.0175920285357727 -0.26767978293165 0.665690312340021
-0.0146882818070062 0.0191280280646517 0.318680823663405 0.40208825344366
-0.00969755234589291 0.0234406636152669 0.300054502124989 0.0164764706063642
0.00615629330915523 0.0211519915424974 0.0295469824653302 -0.203731247026671
-0.00771526701086949 0.00917742984222722 -0.0162893837343011 0.139935325176889
-0.0179405650278647 0.0210889889069662 -0.226156450585426 -0.0256230596234333
-0.0149334467151052 -0.00544784150990431 -0.27708631442559 -0.314029198913923
-0.0134765483888522 -0.0179462778502497 0.27079236364532 -0.536932087950573
0.00698313816082622 -0.0279386412945214 0.792511895943257 -0.0138009291534896
0.0133910831161233 0.00954394610359093 0.433793248347142 0.745492024819472
-0.0250051578237068 0.000721749150179331 -0.246403861321816 0.596892658247015
-0.0203902378840465 -0.0108550871134243 0.016740110955405 0.0816262756921137
-0.0155226158826936 -0.0153616850029272 0.246367629451193 -0.530081479430603
-0.0123508151931968 -0.00104988550807375 -0.418148657672856 -0.841513765248286
0.00333739377425303 0.00770085415210018 -0.898869609737913 -0.00829384762576658
-0.011927014235988 0.022003599165213 -0.252199149310701 0.67130669801063
-0.014171823412705 0.0182124467758453 0.323336004929049 0.400706955140976
-0.00610463750571629 0.0245810383218431 0.298405588693073 0.0161061720107956
0.00565988507875271 0.0244101854915711 0.0259884970049002 -0.203702003532888
0.00801658724616355 0.00465305165763047 -0.0185217484305966 0.14227623352115
-0.0150207519274799 0.0142149812305964 -0.220252130421509 -0.0151061218029621
-0.0133887170910276 -0.0112656103161651 -0.301457666833716 -0.307597681602952
-0.0195437800714361 -0.0263702472297333 0.202968973075213 -0.556664787071737
0.00108864063204094 -0.0334379727460072 0.780811263573408 -0.0749098574893294
0.013452635833765 0.015355567071435 0.505562745414666 0.70023131315659
-0.0344123886167112 0.017304141593823 -0.190866716792121 0.603174263639934
-0.0400328154827503 0.00399054314431694 0.029453325574373 0.0856944677656777
-0.0281041244752124 -0.000356375538218911 0.284090319964234 -0.512942661699369
-0.0149371795252396 0.00582299291777435 -0.349592444609883 -0.865431391487541
0.000785384308485848 0.00107450249283025 -0.901162022734639 -0.0679736614088164
-0.01764371631213 0.00864576131786237 -0.312504400009009 0.652287365495161
-0.0123134306172841 0.00928313019198991 0.295935332572059 0.405019826619585
0.000472232150764822 0.0184698538296079 0.306011563928551 0.0199275423048938
0.0254649822776458 0.0156200050597113 0.0260973411713315 -0.193596502402956
0.00714326514372354 0.00342227863297558 -0.0150947950258892 0.142233833581844
-0.01911090716953 0.0147997050392172 -0.219117432241236 -0.0145855961909091
-0.0148793290746331 -0.00886064933251917 -0.303820237226566 -0.306137577184254
-0.0174462058563375 -0.0276081831347957 0.196034578678115 -0.560390174291052
0.00152127308221282 -0.0350362117846203 0.777516975625217 -0.0867906370054564
0.0109117062332263 0.0134470611732221 0.510943247131876 0.693499711030636
-0.0369146170858051 0.0177450214227255 -0.188173288135559 0.60635945955128
-0.0433878288336048 0.00426172094567186 0.0246139301750505 0.0890209321012177
-0.0313943046639731 -0.000796800224557768 0.284943403488556 -0.509434558809497
-0.0172693528770362 0.00337972773189534 -0.34270111414187 -0.871668973115718
0.0026635029655748 -0.00112550169776395 -0.902945140508619 -0.081307837358501
-0.0133652491334489 0.00710944869356928 -0.319399901723177 0.64838807900697
-0.0123290721965645 0.0117288330476512 0.293543001808182 0.404248182102505
-0.00422515242764156 0.0175149013031191 0.307112566733924 0.0215341093063785
0.0231282890594002 0.0141710065216459 0.0294794820382069 -0.1955321387042
0.00392448198525378 0.00230720165245419 -0.0125938797061183 0.140637927937678
-0.0226684679169969 0.0155811820539159 -0.218496825722826 -0.0159586688132187
-0.0162516824291928 -0.00624325038163381 -0.302742201302502 -0.305142012796462
-0.0152665237829449 -0.0284170837204028 0.195143449075328 -0.561603643070342
0.000899887312554989 -0.0368130015310344 0.772971007860865 -0.0923932196233081
0.0086388779686273 0.0109341063479488 0.50727904262885 0.690812625013484
-0.0385222440199054 0.0129618592957218 -0.194010798651758 0.608467757814972
-0.0413519403092165 -0.00107103051087947 0.0196378858034258 0.09170432633033
-0.0317692510130462 -0.00536318878558451 0.283408035747825 -0.507004726488905
-0.0201312741820357 0.00112998583356995 -0.340512440948537 -0.873501316193755
0.0033855396490677 -0.0023176040409725 -0.903674209382423 -0.0894432760284787
-0.0110444901072202 0.0080184387612202 -0.321470489363934 0.645810492553494
-0.0136080416172126 0.013403700138729 0.29299134030684 0.406702350053864
-0.00827004741168071 0.0177646730886138 0.308880576589727 0.0217601907109834
0.0195091558559527 0.0131852777712077 0.03244765069375 -0.198214066465528
0.00051564898240664 0.00229223482464387 -0.0103641016671449 0.139952757443169
-0.0248572513395973 0.0165722490290415 -0.218775322730633 -0.0179764534416221
-0.0165040562367909 -0.00521388541578847 -0.29943780393024 -0.306022403789478
-0.012840057922368 -0.0263068525905827 0.202666920277249 -0.559365168419695
0.00193965713636274 -0.0365101568645869 0.775079729957189 -0.0846827437818997
0.00662495656837999 0.00868085540069849 0.496508260827618 0.69813448368324
-0.0372719071958814 0.00764025296769123 -0.201998546137249 0.606926319907029
-0.0367967320577502 -0.0057991310393475 0.0163003089351262 0.091586461671642
-0.0302359458698208 -0.0111608664312761 0.274913793503033 -0.509279031341612
-0.0214457631988132 -0.00281019587653963 -0.352761945411098 -0.87165531022737
0.00255481863983762 -0.00269569108919432 -0.90420582395422 -0.0776400750441351
-0.00815281793848624 0.00923903088729979 -0.309172750867986 0.648924569612026
-0.0145487509960922 0.0154808942669157 0.298637083754867 0.406542758026483
-0.0108725772327387 0.0179186351732304 0.307067488908656 0.0207154079100415
0.0157503125114426 0.0138901130283778 0.0333383143887499 -0.2002616546401
-0.00277630672052454 0.00314655227613053 -0.0107841805763361 0.13968938546864
-0.0249840547039446 0.0180589056404938 -0.221441821987231 -0.0189623051060895
-0.0169143470385831 -0.00426382877437422 -0.293619728961926 -0.307032794691577
-0.0111647889742399 -0.0248640131171853 0.220533497638059 -0.555634228324886
0.0037151744722448 -0.0359272439913296 0.778515844923828 -0.0694014718095559
0.00682506679072566 0.00744142914915848 0.480137158424024 0.706627475610716
-0.0354994586455546 0.00381414768970501 -0.214893318237756 0.604587095997882
-0.0329889939073683 -0.00936026432171805 0.0150879005471688 0.0897294704975257
-0.0280066920209682 -0.0141179169262957 0.265648569863308 -0.513175536608186
-0.0205816794027588 -0.00356412122396981 -0.372842238663713 -0.861201658713687
0.00331224898299289 -0.000784318018268258 -0.901635311103091 -0.0615646124623887
-0.0079413184809628 0.0117995659506092 -0.293700620623451 0.65507764901761
-0.0157041157373484 0.0174961118191256 0.306458229435875 0.404504403477066
-0.0119795822903267 0.0199060176549967 0.304997489707622 0.018122709441704
0.0111288753958713 0.016265948668438 0.0336926251965562 -0.201765812517812
-0.00583300283755475 0.00454779270179164 -0.0110834522013824 0.138260280683982
-0.0240328165893284 0.0197795568905941 -0.222538538943041 -0.0209795735633073
-0.0166009784843285 -0.00399354521119928 -0.286993353831468 -0.309150542341813
-0.01063929965288 -0.0223694800852 0.236018271322255 -0.550465008327855
0.00510862938629858 -0.0338464476619948 0.781351015885493 -0.0533461458504538
0.00849974231859079 0.00759242646860821 0.464269295229838 0.718542844400075
-0.0313237519371667 0.00119852520698568 -0.22449798881767 0.601455458828646
-0.0286339583545144 -0.011109391525709 0.0131998777826037 0.0873424379332004
-0.0242958172577381 -0.0147824657853987 0.256020970227551 -0.518801836425076
-0.0204120390019234 -0.00284810789366397 -0.391251176097067 -0.854215327368872
0.00337414334411209 0.00257742425437364 -0.901764201744364 -0.0419964204505015
-0.00856150884485234 0.0146662825400024 -0.275658249925919 0.661040728094909
-0.0164812625522715 0.0192383270374192 0.314028110313447 0.401315537439606
-0.0107378963282848 0.0217854979446518 0.302797416161581 0.0171342533851567
0.00887974834270568 0.0180513066762832 0.0318560798326078 -0.203009572552171
-0.00714378322529831 0.00721547815073813 -0.0140424679921625 0.138118931900143
-0.0217056216035435 0.0207024020945598 -0.224376436091712 -0.0214081133443721
-0.0158311243212623 -0.00346554178165692 -0.280924170292431 -0.309138806923854
-0.0112633781339823 -0.02060626484315 0.251542423082118 -0.542831150241789
0.00684083511297276 -0.0310445734413549 0.785555126323041 -0.0339994817550636
0.0106023052040341 0.00746371015898021 0.447868048680001 0.728302882656745
-0.0283408614209126 -0.000132268198584425 -0.235191978210311 0.598594821072586
-0.0241759868939227 -0.0112971065668204 0.0147589876105557 0.0846157599961319
-0.0197899797855818 -0.0159202842262259 0.248441321398551 -0.522508878016643
-0.0174079619727811 -0.00134726585219353 -0.408690815595428 -0.843697797982598
0.00365088524924635 0.00432980556688395 -0.896755434907992 -0.0242162535759445
-0.0100827495273781 0.0176924543732669 -0.260795964505312 0.664372587531566
-0.0150764861611347 0.0189581508130266 0.320250971211455 0.400403285381471
-0.00901279525043945 0.0229128535713406 0.30062633915169 0.0155399452354696
0.00744134075984548 0.0205965242185802 0.0286802604769944 -0.202213573710434
-0.00797541792864935 0.009291531084164 -0.0162662517139288 0.139060901667449
-0.0174565314160307 0.0218708350127973 -0.226162261493953 -0.0224360109939211
-0.01514644255285 -0.00516798027464161 -0.275787025157949 -0.311499273404755
-0.012630437934418 -0.0172129344484222 0.267470260591391 -0.535088577221055
0.00680435675511805 -0.0276528264962624 0.789260124550861 -0.0180373085264234
0.0135341571227545 0.00842955755066323 0.434032339725006 0.740384343210379
-0.0234884693586381 0.0013685733712129 -0.242762578832231 0.594671284570207
-0.0204517082770008 -0.010617775295808 0.0158773036368451 0.0814314771070125
-0.0158667829225333 -0.0159519339221166 0.242795335988715 -0.527895182736083
-0.0134417956318271 -0.00155052830643944 -0.422427736089805 -0.834548195289118
0.00324973141141542 0.00817552280726145 -0.8954771703123 -0.00700160823250518
-0.0113172885856008 0.0211707315944486 -0.246925296115745 0.67025823967777
-0.0142025337466144 0.0188403017591736 0.325051655599172 0.397291874099394
-0.00557693363478131 0.0255182676070278 0.297921321636589 0.0140083885483969
0.00760709911121595 0.0232212064013369 0.0248849692387779 -0.201831072830547
0.00788783679771561 0.00465879708825743 -0.0185756269025634 0.142626998933702
-0.0146241152001577 0.015550195214914 -0.219688145449771 -0.0131590578662369
-0.0132198941251739 -0.0106062485534701 -0.301923583354582 -0.305248459527773
-0.0190894452963731 -0.0255109310705259 0.200858224636815 -0.555955543471608
0.00176699770606625 -0.0331254470734756 0.777171288489265 -0.0786573929377646
0.0137287014990923 0.0135791331880752 0.507862911951341 0.695170755707169
-0.0346412539736371 0.0174672999329006 -0.187403023242267 0.601771611072607
-0.0401544914926938 0.00416091175036437 0.0292143718956196 0.0852889809007914
-0.028458342365723 0.000553759668543792 0.28290803951927 -0.510575318189763
-0.0159466537004624 0.00538039953106683 -0.352145870541981 -0.861375279132979
0.000657816685551503 0.000523475792709647 -0.897734093103124 -0.0657782466985135
-0.0183817305327027 0.00868850519059794 -0.308754916068583 0.651578523870031
-0.0111193935226925 0.0106259928966385 0.296315014166035 0.401925032614379
0.00147516681130976 0.0180927344102357 0.305899189632664 0.0182682869783973
0.0253347354081942 0.0150249100056247 0.0256292802682574 -0.191848849245259
0.006876007070298 0.00302617355360942 -0.0143255291937212 0.140001970948987
-0.0186520454097403 0.0150210059899492 -0.21856227909224 -0.0125017966683799
-0.0154397757847275 -0.00951137804402114 -0.304205625030918 -0.302036630351754
-0.0178629519797732 -0.0268915951067523 0.193297160871217 -0.560119902130531
0.00128528566333443 -0.035748952379632 0.774978444576347 -0.0909888275158021
0.0108431978322835 0.0132775511324347 0.510955247017846 0.688907781545503
-0.0371775659324592 0.0177975657054909 -0.186139714746767 0.606013508233757
-0.0428250976862242 0.00436523923832421 0.0240375378310113 0.0886567119427728
-0.0318063998702714 -0.000106752650124445 0.282397482753683 -0.506901639459942
-0.0181138784022982 0.00444992064317405 -0.344959996828617 -0.867385303440424
0.00209715280743527 -0.00145994636817169 -0.90021598957337 -0.0786241968859442
-0.0135856376060968 0.00698694956483131 -0.31612481635152 0.64739952632414
-0.0122615691602694 0.011543391904199 0.293370111041639 0.402937707824135
-0.00310446175743802 0.0183950663684227 0.307171706433204 0.0191450549776991
0.0238039644585207 0.0133823894705441 0.029313969635384 -0.19445748601481
0.00373753429542718 0.00241762137589687 -0.0116966695235305 0.140279813553607
-0.0223372327683652 0.0157293131836287 -0.219280863370417 -0.0136647411397976
-0.0164404731207043 -0.00648409174549062 -0.303194308195851 -0.302036862011656
-0.0148789681560299 -0.0277381429963012 0.191085137048929 -0.561078238603951
0.000686473995836332 -0.036395802791057 0.770632738106513 -0.0971116288029104
0.00864419443697315 0.0103565526224442 0.509149303806122 0.686885714572807
-0.0379604395556338 0.012399043833001 -0.190231175665531 0.605824912512755
-0.0405714109613709 -0.00107924353895334 0.0191925372034428 0.0920939741157747
-0.0314152791919076 -0.00529867597863842 0.279700490131172 -0.504438863614773
-0.0195437638762384 0.00088583611619409 -0.34396297851997 -0.869140434918403
0.00264710513907886 -0.00315498910333767 -0.900875831951162 -0.0848755076155421
-0.0105621590305929 0.00771896297796006 -0.317567719740068 0.645973057865924
-0.0138226167376316 0.0135157385779624 0.294119032585956 0.404228515504129
-0.00641404568917068 0.0180991921471376 0.307395320331199 0.0194483419308727
0.0200415929166412 0.0129864377280479 0.0320855104482393 -0.196506630505971
0.00149653763961371 0.00234505408999524 -0.0116087461667107 0.138401641816221
-0.0243776173419192 0.0163081386330291 -0.218532245190878 -0.0152157829557537
-0.0170316939594261 -0.00579224682240106 -0.298302949844751 -0.30404664336169
-0.0127422876869374 -0.025829510649788 0.202380631170826 -0.559580066526294
0.00133722513009032 -0.0369129711758376 0.772558936038005 -0.0891813390280252
0.00647037476930739 0.00818985262380973 0.49700777171421 0.694056750158846
-0.0370517408063359 0.00749337166572562 -0.199240183396457 0.606687042139354
-0.0366397347199413 -0.00645302122882427 0.0159657463889138 0.090421749252422
-0.0306465834909803 -0.0100332234590112 0.272196342770738 -0.50667870135936
-0.0217541632558397 -0.00117666467596746 -0.356360629210707 -0.866142550555916
0.00369806093902984 -0.00288271073219955 -0.901494704606425 -0.0753596457221176
-0.00887375274158077 0.00911493509613917 -0.304530537771812 0.649809197395773
-0.0152172169011181 0.0155937442910352 0.300219063278687 0.404268541256566
-0.0100583576775586 0.0185035452331847 0.306966714088495 0.0181137733233653
0.0160046371558644 0.0138573701366855 0.0333715774011356 -0.199363103320242
-0.00285371706413854 0.00379441255152257 -0.0111051290776354 0.138275476231575
-0.0241394912130139 0.0186786630225666 -0.221503476728305 -0.0164283049985453
-0.0170657745874252 -0.00414889092789561 -0.292233766569201 -0.303717124065534
-0.0110305825360454 -0.0244074805529649 0.2179992132406 -0.556535611752192
0.0035331668547883 -0.0356945533487497 0.775079407520612 -0.0733250987260507
0.0064193130780365 0.00709654310099297 0.482336958467098 0.70316827083279
-0.0359634950333145 0.0036476147250979 -0.21125086908353 0.603010458960127
-0.0329835627748269 -0.00880975388180434 0.0141400458829097 0.0892602327031234
-0.0282330804077843 -0.0130336163845004 0.263164611703334 -0.511750422261745
-0.02133681610627 -0.00303262577146433 -0.37415437791917 -0.855584760676404
0.00377178168010674 -0.00125098652784025 -0.899620634089062 -0.0559005666860564
-0.00738460032315852 0.0115661576686112 -0.290213019277194 0.653906429826765
-0.0158779356685294 0.0176907555723031 0.307625537958104 0.401678193315737
-0.0105961713751834 0.0196424848743527 0.305470137233118 0.0167662941082067
0.0116150533103956 0.0145216525291026 0.0332362592477116 -0.200046394953653
-0.00543734738441036 0.00602308305705593 -0.0119658898771292 0.137737106888729
-0.0233827128017201 0.0200121620828945 -0.22347553357583 -0.0177736878562112
-0.0164846608940609 -0.00364359831010701 -0.285862010751177 -0.304310412867845
-0.0104158002085653 -0.0223358723034917 0.234689602571595 -0.550368491602469
0.00529848248593251 -0.033676789722095 0.778358251760992 -0.0554538726294936
0.00780077386269111 0.00675065015904811 0.466218886421658 0.714336030845474
-0.0318265240427572 0.00127570264727148 -0.221711413182066 0.599803730218382
-0.0280192312107402 -0.010431747791083 0.013682563598933 0.0865838645042636
-0.0244230516668661 -0.0141925185909797 0.253643747769137 -0.516617025000311
-0.020458925092517 -0.00318711154059078 -0.393369793957147 -0.850490324475648
0.00356450111519664 0.00088097508466211 -0.900768322024981 -0.0383982838100106
-0.00815728208600087 0.013974215030561 -0.272121558155215 0.66116064273015
-0.0158201886397843 0.0180184003265673 0.314912273261169 0.399325326907772
-0.0099247472724495 0.0212385790599731 0.30264586616051 0.014267417673547
0.0101182284206321 0.0170912436279095 0.0309718158958892 -0.201760215763174
-0.0071315757549577 0.00764151072871884 -0.0137737636725649 0.138203880784687
-0.0202001031684545 0.0207427906741028 -0.224460746907834 -0.0197530216577797
-0.0163660281572151 -0.0041216347709049 -0.281138476584903 -0.306016685728654
-0.0102742074044988 -0.0195515671853213 0.250956107549907 -0.543065441670057
0.00581594661305668 -0.0316372535188455 0.782605377660868 -0.0373344403446706
0.0105533903045848 0.00745741763566989 0.451019117423605 0.724133508400324
-0.0281346489168286 0.000350352358282756 -0.232740528496332 0.596079533336681
-0.0237099902888467 -0.0113530979914572 0.0142406709201639 0.0837641763225242
-0.0209424704514254 -0.0163110848122501 0.246054568949244 -0.521832907118528
-0.0174257115506113 -0.00143868551354453 -0.407716536949555 -0.842216636856868
0.00356282861368029 0.00432693519873214 -0.896831751459199 -0.0200131359977133
-0.00926559703055503 0.0183155865183784 -0.258412984342039 0.663955888353655
-0.0152156097572464 0.0197724761259705 0.320245139310917 0.397520976924372
-0.00816320169410157 0.0239304117425268 0.299981582740478 0.013158561632989
0.00794192490704987 0.0196092341215855 0.0280535682455743 -0.201488827577299
-0.00666616427921337 0.00972079914112127 -0.0168339724554764 0.137589846220478
-0.0171489094398201 0.021197067289103 -0.225548493295117 -0.0201695958389579
-0.0156863690761133 -0.00508771593643237 -0.273986264816446 -0.307067977076607
-0.0136618107213289 -0.0160268723557343 0.265468343609648 -0.537565337557466
0.00666968557042768 -0.0277526697727982 0.785325678600203 -0.0209093418173298
0.0131498627759597 0.00830963469639283 0.436279993678956 0.736246557856237
-0.0249303553765916 0.00113584264351738 -0.240386700215356 0.593178272975203
-0.0199160921005757 -0.010345623525854 0.0167960995594661 0.0799741253904708
-0.0158850895743703 -0.0136694381186615 0.240329903910595 -0.525144007584579
-0.0138458894199417 -0.000964216977766899 -0.422574489704774 -0.830846472614805
0.00270957834622528 0.00681666124108287 -0.893285401797985 -0.00198532386037742
-0.0117872856436402 0.0208058061381582 -0.242250214801767 0.67041404410272
-0.0137940742939772 0.0186150452240259 0.326313031278096 0.395339812373612
-0.00326472624965823 0.0257291745826552 0.298148860108991 0.0121639879038145
0.00720758203895044 0.0223088648384532 0.0246961044949687 -0.201013948675357
0.00862737989335621 0.00529877686123674 -0.0183560524443455 0.140652700763858
-0.0148570455830285 0.0144887514182326 -0.220313849082513 -0.0105132007851437
-0.0134021243806696 -0.0105150491024939 -0.299690736596269 -0.302108666152693
-0.0198888082420753 -0.0249785813724803 0.19916092389936 -0.55706512026909
0.000558032316002623 -0.0337293221316234 0.775005727372416 -0.0821412720056136
0.0128652411877533 0.0135884062223274 0.508415764917245 0.691811641881315
-0.0340148232883178 0.017817418523606 -0.186285349435836 0.60030703186693
-0.0396506289050941 0.00450880434405287 0.0297599950340408 0.0849787761769178
-0.0284227689801017 0.00152823541605889 0.280953318832767 -0.509649406876244
-0.0156922104853907 0.00524718334270292 -0.353710092697771 -0.858792957578726
0.000912916070201376 0.000454712312386977 -0.898795936314385 -0.0612876944255909
-0.0173897039910962 0.00806258037254427 -0.302864366476087 0.65347197558461
-0.0109022527302224 0.0102185503571735 0.297506934184465 0.398186782237292
0.00213040212382793 0.0184983629576977 0.305852822129177 0.0169881675766197
0.0259930483036384 0.0138841329952857 0.026356233927609 -0.192629984903255
0.00645828806244128 0.00337236763701832 -0.0156346131987943 0.140990479496338
-0.0183503639908264 0.0149867844440549 -0.218677856833671 -0.0104103213918842
-0.014816905701212 -0.00899493782119954 -0.302604691899231 -0.300015676886824
-0.0172399476198223 -0.0261082076221535 0.191643786984981 -0.559854451752214
0.00120526805837618 -0.0355245442719284 0.772465301138032 -0.0924463826750525
0.011566463676474 0.01209025574868 0.513328012497196 0.684985466751072
-0.0369706077958208 0.0183047892823507 -0.18458182526933 0.604281509133189
-0.04203408711423 0.00389659082698828 0.0246650009395873 0.0885676513741609
-0.0310298281208413 0.000530788738809656 0.279979354254821 -0.505809516009185
-0.018346857483722 0.00432487797336234 -0.346551138140142 -0.863425191626663
0.0024601350980853 -0.00232717207730486 -0.899564195960256 -0.0732922294074523
-0.0134873266165993 0.00761383663378354 -0.311638481958634 0.649929471666992
-0.0129554997350506 0.0119204073099966 0.296037693531218 0.399185373110945
-0.0022785087815828 0.0178042524382867 0.307661106966058 0.0176869448588247
0.0249657991960272 0.0114462447262678 0.0290650339154432 -0.194155467810343
0.00358906909323549 0.00287501691205632 -0.0123028914304259 0.140312033792166
-0.0214975122588618 0.0159007034657983 -0.217823752908875 -0.0118526940694402
-0.0167320474284623 -0.00670135051928445 -0.302174152138519 -0.297979243292392
-0.0148924882925495 -0.0266676870582566 0.190586455028602 -0.563428010255966
0.000881998959022494 -0.0369569795180247 0.769274103055001 -0.099993621478747
0.00813239118710574 0.0102533101460545 0.510757550752128 0.682755659591117
-0.0388693562389194 0.013600768307194 -0.188916352618613 0.605092421332335
-0.0397381902630828 -0.000175675574367533 0.019406206487276 0.0912672897174849
-0.0312111757184261 -0.00348075849189526 0.27722708538827 -0.502914853903768
-0.0203522449723787 0.00129482234198436 -0.347668625149669 -0.865794389560847
0.00333503098427385 -0.00325943840467274 -0.902266222647298 -0.0819509088552154
-0.0100238847072205 0.00765393801760701 -0.313501790351589 0.646622815482532
-0.0139408394487652 0.0139945517555178 0.296738126057259 0.402475658687582
-0.00667174148505518 0.0179699479493371 0.308849425721872 0.0175939642919815
0.0216641645336421 0.0121800685342371 0.0324270918064067 -0.196265924957506
0.000466592399906074 0.00268806359127612 -0.011871359479078 0.138648192373452
-0.0241720833131264 0.0179332498972498 -0.220212283894361 -0.0132979481594735
-0.0175060839524994 -0.00553202241942152 -0.298042972386861 -0.299897993277245
-0.0129433802376143 -0.0251306487380529 0.200249650293356 -0.559727117146856
0.00159985824989227 -0.0367273229507036 0.769597310137324 -0.0902384463171944
0.00662344320592492 0.00859349149558778 0.499418093096059 0.689303104647861
-0.0374889408449735 0.00774023212998054 -0.196503533993486 0.605261326738093
-0.0367385363613253 -0.00537323648580808 0.0163420427717729 0.0910581175543605
-0.0310583225301603 -0.00920111519912817 0.270064793399561 -0.506845777849706
-0.0222887996254527 -0.00139475132582459 -0.357159390186672 -0.863464022979238
0.00329165546928298 -0.0028179068106631 -0.900036236620197 -0.0701839637608143
-0.00822467256654192 0.00900419178509131 -0.301443071611283 0.649869400222805
-0.0155343409606635 0.0153243209436162 0.301969393482819 0.40293962503435
-0.00971046235483417 0.0181139779516301 0.307740711104794 0.0160627672768646
0.0169078615318236 0.0129770767916703 0.0333862870651368 -0.198632524886293
-0.00175575930604905 0.00471540989383306 -0.0118061948475749 0.137224750771257
-0.0236042632327195 0.0180387919153 -0.221230950098223 -0.0155308931381841
-0.0173224200761468 -0.0044243787041497 -0.291377196157749 -0.301607822101493
-0.0113391620576816 -0.0239734265045735 0.215927447031667 -0.557526951312689
0.00333848745013938 -0.0359286401181494 0.774889712317754 -0.0766643881511451
0.00681707861762899 0.00682554726951578 0.483865551944497 0.698278764528988
-0.0349986600732045 0.00430045473026669 -0.210955239090884 0.601919403312251
-0.0321180402591303 -0.00887887547224801 0.0145711169092508 0.0898873468423508
-0.0276338890936673 -0.0124521310332765 0.259413798346507 -0.508950185781775
-0.0225158659087472 -0.00224134924420331 -0.376700525824323 -0.851999523165447
0.00419156546217786 -0.00183007506094436 -0.898216453457003 -0.054082718633395
-0.00692759671369388 0.0119142649511411 -0.286419432556156 0.655428994344677
-0.0160338872546566 0.0183908757929734 0.308475113242195 0.399900305017426
-0.0103969342930928 0.0201080413015163 0.305736217257906 0.01369813308928
0.0132784051181956 0.0146705189157317 0.0328501396676859 -0.20044353307762
-0.00498717734827692 0.00565162686629488 -0.0126138372465017 0.136770260937857
-0.0225714764964305 0.0194812082845205 -0.222483910273819 -0.0160020139865465
-0.0171189283211613 -0.00442459938506822 -0.284816383196107 -0.302128870199203
-0.0111579935092331 -0.0211458493670377 0.232420296361264 -0.550509176018809
0.00499802967138466 -0.0333946052338877 0.777763513856417 -0.0608661816878654
0.00788670878196143 0.00616010278235245 0.466937810204314 0.70972045400518
-0.0316301182111967 0.00150187112156533 -0.219408868724878 0.599210945765251
-0.02804763045616 -0.0104691123528323 0.0130983816016816 0.0867601621641286
-0.0244527725830085 -0.0144024208593841 0.250348591505783 -0.514544079843189
-0.0207337287433951 -0.00264305555053606 -0.39443131013251 -0.846234993010811
0.00434304005645425 0.00105617966057452 -0.897316132086194 -0.0341562736217725
-0.00785665903139476 0.0152877153268721 -0.269310709686278 0.661127547226836
-0.0166742531941474 0.0183285941346325 0.316275503927632 0.39669523948831
-0.00917922909907701 0.021488616317511 0.302946425308894 0.0137067208557977
0.0103488200998592 0.0165377953790739 0.0311521081974964 -0.202015251998968
-0.00737468873218502 0.00815458981830008 -0.0148370587556554 0.137010283844336
-0.0204072274457902 0.0211217379122676 -0.224586174162174 -0.0189843128958454
-0.0167779566450064 -0.00420232861865211 -0.278909612660174 -0.303215428319123
-0.0108355072284359 -0.0189410911865268 0.248539736869727 -0.544268305653243
0.0063805490961859 -0.0314725690971386 0.781582636534735 -0.0404454901114426
0.00931705500523812 0.0072647466214424 0.45293776155218 0.72111513134265
-0.0285380853983441 0.000666327917346086 -0.231538429176943 0.595593653122534
-0.0233310962806432 -0.010852119560497 0.0141347265926077 0.083785349711524
-0.0209891393124196 -0.0148079571300054 0.242676743354157 -0.519284219497067
-0.0177565951083387 -0.00216497308543977 -0.411378008815041 -0.835981143956668
0.00435941095472643 0.00356719593400571 -0.893225008507422 -0.0158429758414973
-0.00969532365955844 0.0182936537061622 -0.251557256889101 0.66549501525479
-0.0145757917398129 0.0195559081515148 0.323710998639517 0.396376547613559
-0.00726211291216888 0.0233483154629847 0.30038443726178 0.0110754161585566
0.00839052120616236 0.0190288908634745 0.02826348730343 -0.200935078557492
-0.00730012518854257 0.00981371300807386 -0.0173697016731196 0.137404611920257
-0.0167904247976818 0.0210603366875231 -0.226793586844575 -0.0177074307949948
-0.0157024973767295 -0.0050044640844443 -0.273461891231211 -0.304086928633574
-0.0135491476115918 -0.0162521854910059 0.263515506800367 -0.537229351004992
0.00645616793752904 -0.028069333208674 0.784196703890866 -0.0232579468776325
0.013768997283295 0.00763747819591633 0.43910587146139 0.731842520933872
-0.0234179670808103 0.00159117269412917 -0.236479235187234 0.592760019790092
-0.0198274851545608 -0.0103444100549339 0.0169358347642188 0.0805876808272716
-0.0164082344883044 -0.0140095402906379 0.237161209358855 -0.523011892275299
-0.0132558664452542 -0.00062879267851056 -0.425368978486922 -0.826952573752441
0.00400505721077724 0.00734435855351531 -0.893340304396253 0.000753559658434055
-0.0115210041444932 0.0216827954713058 -0.238586115648767 0.670454268256261
-0.0142946122986287 0.0192041786544676 0.328221667249549 0.393989044051295
-0.00298303337769294 0.02506303531219 0.297736553071352 0.00994218558268264
0.00819503992863743 0.0217963969517008 0.0249171965956423 -0.201200868381525
0.00911159276941389 0.006165221208803 -0.0187541930732652 0.141333418421551
-0.0136269864028571 0.0149066266934269 -0.220013713509553 -0.0086529044313188
-0.0137403637688904 -0.0100977127184807 -0.299349065194307 -0.29928561295531
-0.0202396857735334 -0.0246982151358798 0.196836376599997 -0.558492652265123
0.000904003016468716 -0.0331122327723573 0.773778475593653 -0.084170757466744
0.0139214187280726 0.0134613629416351 0.508998857241375 0.688281113319717
-0.0335283860569182 0.0188320899291515 -0.183649147606344 0.601571557630455
-0.0397698301477214 0.00446738460210706 0.0298539411427497 0.0847989262633984
-0.0286222823206935 0.00208865683136403 0.278451916037018 -0.508894865205585
-0.0164109436071598 0.00580993150306819 -0.356472069765144 -0.855658399352803
0.000812352124469652 -0.000165479256336327 -0.897310960102392 -0.0593298888000647
-0.0172301214041322 0.00923176215461803 -0.300983180469921 0.655607828221959
-0.0109125025428158 0.0110159630537845 0.299084209464725 0.397503631634297
0.00324454611299674 0.0182348252005788 0.306002457785015 0.0149059668824448
0.0271096742336642 0.0122437306729413 0.0256840210240715 -0.192544223358342
0.00725206138251887 0.0032651000409298 -0.0164174701030036 0.139449245270426
-0.0180918792674775 0.0150504282839407 -0.21857789816101 -0.00827949703378225
-0.0153490594045942 -0.00912702082610673 -0.301560965906919 -0.296507449017062
-0.0172893185001129 -0.0257467102679167 0.189666050413904 -0.561625447645794
0.00173321240028209 -0.0357742063665636 0.77190110187753 -0.0971068270693609
0.0111986257216401 0.0124498240175372 0.515114266631651 0.683695867446132
-0.0377902999035118 0.0184350136491059 -0.183092746053418 0.604358554470611
-0.0423977107346161 0.00411150079804316 0.0251248485708528 0.0883732197042224
-0.0318535494964764 0.00186736639121827 0.277886363064021 -0.506531505382344
-0.017877821582364 0.00483269667852453 -0.34978481326286 -0.861788153267702
0.00333162689500558 -0.00180643312538611 -0.899361740793659 -0.072897269748672
-0.0130541972063953 0.00696307107488769 -0.309613411506823 0.649064501020437
-0.0128480063355796 0.0116920015082459 0.297993916960967 0.3998305945082
-0.000776319945015149 0.0172706540670527 0.308135659399572 0.016754963298632
0.0256553914297786 0.0117898430440695 0.029260003062221 -0.193539547467142
0.0045673749696297 0.00313800958998714 -0.0130348369020945 0.139495094894885
-0.0214020899453238 0.0163468226421041 -0.219036551757112 -0.00926136895264532
-0.0169570065504179 -0.00725912862039898 -0.302004598123891 -0.297144058162829
-0.015595874335345 -0.0255197354604191 0.189041352243238 -0.563334760534138
0.000791628759471875 -0.0369743205532355 0.768829110772798 -0.102808426133759
0.00859824508775895 0.00974999142237691 0.511045753633919 0.679091128768546
-0.0372249408969953 0.0134929262039734 -0.185436330784679 0.604306811251607
-0.0401932340372113 -0.000569522125648843 0.0200414795709693 0.0911489718414194
-0.0317396577328134 -0.00411605474679657 0.275282078009173 -0.501429867339213
-0.0209339780752465 0.00124941122110865 -0.347344623169545 -0.863747025574687
0.00296356284756086 -0.00268821218600838 -0.900070967844219 -0.0784272699018157
-0.00985049587247856 0.00773427555179914 -0.309194645784376 0.648504425064999
-0.0138395850611168 0.013486257503112 0.29887665997362 0.401405884660353
-0.00563386023905507 0.0170368633207653 0.309372098215332 0.017589254091058
0.0212220157900192 0.0116761566650888 0.0320763294083958 -0.196110658514754
0.000744212052758024 0.00323769908380619 -0.0119857534270749 0.13797154036976
-0.0229749338925089 0.0173413979856652 -0.219840783966204 -0.0112189552596208
-0.0173906359124073 -0.00469995345584561 -0.298123622674661 -0.299069198114373
-0.0133831872101893 -0.0249219123707325 0.198405711542254 -0.560765338883867
0.00200077669710427 -0.0371091734039791 0.77124515575902 -0.0949419722773554
0.00614781493889203 0.00752507782895486 0.501552590838104 0.688425691208689
-0.0376932030171685 0.00836238093969802 -0.195957166817799 0.604340455581268
-0.035973135962879 -0.00486107724968061 0.0161144755635339 0.0913179720011735
-0.0301816706665557 -0.00932737488676838 0.266728904577151 -0.504246414536743
-0.0223163911171985 -0.00150929461347834 -0.359558051265075 -0.86170948807443
0.0042946754760434 -0.00297932279982654 -0.900360100354259 -0.067792233982809
-0.00823438676501732 0.0096557160155762 -0.299305464925475 0.652072909232092
-0.0150125217335625 0.0157156853681829 0.303159604232621 0.399785446430798
-0.00813962086671578 0.018449251168425 0.308227545485617 0.015530299353508
0.0171551831875633 0.0121861848797372 0.0326410747280512 -0.198007109087135
-0.00242405730834468 0.00386043986848966 -0.0117613008415958 0.136664545021677
-0.0231580101813701 0.0188274250916247 -0.222109087426005 -0.0130529480605988
-0.0174100351617113 -0.00422962402935489 -0.292437524284676 -0.298844085103733
-0.0113554139509857 -0.0234456014402331 0.214888022935977 -0.558780456037159
0.00319736441558391 -0.0361918469361392 0.772504883902483 -0.0800161157012427
0.0063068083283005 0.00656367667479663 0.486825682217311 0.695963131855018
-0.0358928777305202 0.00500164167273067 -0.206725514503336 0.602498700067969
-0.0318936588087436 -0.0081933496563252 0.0148279221714987 0.0895854932492161
-0.0281082864817535 -0.012664736073349 0.258331268029858 -0.508240732982941
-0.0222658861678411 -0.00325126349741693 -0.378843976734873 -0.852347938025315
0.0044926517289553 -0.00204750089483625 -0.897922098234889 -0.0521077810678593
-0.00793070446383558 0.0117942165780719 -0.281553180297817 0.656576697731741
-0.0160289472564146 0.0177603397500085 0.310875467307255 0.398061527629877
-0.00946244090336535 0.0201303380469731 0.306609187682093 0.0129224908522775
0.0135066043704718 0.0137951530823559 0.0322901752029367 -0.200289127335435
-0.00526883866819611 0.00530086370351839 -0.013585937091945 0.136805923346931
-0.0223205319779496 0.0197009674988294 -0.222614366125424 -0.0152533063831497
-0.0174532242875924 -0.00403297100838097 -0.284027696429667 -0.299808775221038
-0.0108467109486184 -0.0209432568305064 0.230488703286673 -0.551109973867331
0.00408483437288193 -0.0338613936146357 0.775381212330604 -0.0628650855055634
0.00785140440166072 0.0062113530848353 0.468356024613821 0.708094740771979
-0.0320719904790642 0.00289648076715128 -0.217544749513213 0.598628942424689
-0.0279439763682226 -0.00960820270742999 0.0137314138259149 0.0875250056427303
-0.0247998342932069 -0.013081314578653 0.249827722429442 -0.512919219626686
-0.021078058037958 -0.00268396921175021 -0.397819338754453 -0.844407939980058
0.00393232057451594 0.000799534448006045 -0.897933439691555 -0.0316082357012937
-0.00842163647289065 0.0147797774933541 -0.266306069848529 0.662096243119391
-0.0162498846035679 0.0194516227200694 0.31891688420583 0.395036217102908
-0.00847843728651754 0.0220585899962033 0.303836104637717 0.0111970644638837
0.0105856940325567 0.0157665804212798 0.0309150958593934 -0.201233726284876
-0.00657983256013248 0.00822377376012823 -0.0155423307021294 0.13691982086183
-0.0195373742568381 0.0208484920028895 -0.224570088711499 -0.0155806635680473
-0.0161280379971413 -0.00468818302351882 -0.278769400102188 -0.301076402523795
-0.0113104584661815 -0.018153729196631 0.246577159475584 -0.545131979693647
0.0062127930757267 -0.0309055683222837 0.782085148175675 -0.0441590596539621
0.0107391806832775 0.0066541509534185 0.452966758016443 0.717723113306565
-0.0286662520908803 0.00210293656534608 -0.228065543675427 0.596409173222052
-0.0236288756457989 -0.0100616022192427 0.0138160822597805 0.08355094578734
-0.021843137196582 -0.0132213516822391 0.241519810616008 -0.51855531677322
-0.0192092687920181 -0.00112281698321133 -0.414242619769386 -0.834095669945469
0.00386576900015454 0.00332343269612615 -0.895059163220869 -0.0132040849139573
-0.00889623160319307 0.0180210388037636 -0.250380367947279 0.665031908206824
-0.0154824818264484 0.0193092239541625 0.323418238110067 0.393568967494229
-0.00556761037679224 0.0237418937793025 0.300972297108185 0.0100648699764019
0.00975425222180634 0.0184930651612472 0.0280479146924993 -0.201710545692033
-0.00873935273708534 0.010572065613005 -0.0169918206567535 0.137281539759641
-0.0162650573806056 0.021479252761733 -0.22663153200847 -0.0163140051511513
-0.0157278090221023 -0.00465729271165661 -0.272575894212187 -0.30096381674771
-0.0137821221460636 -0.0157780164518175 0.261155209354599 -0.537958100245951
0.00602660008902853 -0.0280922349454899 0.784104471092942 -0.0264595619879708
0.0128103148996207 0.0070688262576059 0.438663382450095 0.729222137911098
-0.0238972849525087 0.00152508186809774 -0.23686463976248 0.592549624929089
-0.0193478391712206 -0.0103625228973219 0.017551750935003 0.0806674429385374
-0.0168633025552693 -0.0135116772478797 0.236173608570335 -0.521969083203131
-0.0152267422045802 -7.20786629825158E-05 -0.427801871533325 -0.825749653651251
0.00401034980845374 0.00663946698879921 -0.892401227525427 0.00277322002891123
-0.0104960795952693 0.0210495431655847 -0.235411420475264 0.671533773471711
-0.013791474490095 0.0191623920097881 0.330258224527331 0.390627019546361
-0.002621173697114 0.0242075894396683 0.297765348929959 0.00862084994154322
0.00937379083352804 0.0210138968657084 0.0252187051255501 -0.200270049105782
0.00953734852683846 0.0060049801658484 -0.0194899483754856 0.140239264591704
-0.0138425511424978 0.0153200468424261 -0.220557982559822 -0.00728733862331044
-0.0138365004266882 -0.0105610556741176 -0.300180680546611 -0.298497838162737
-0.0192827437531681 -0.0240156646772126 0.19451480007921 -0.558572725668642
0.000970897362863167 -0.0344750327773826 0.774959313767712 -0.0892572482518699
0.0131397625223745 0.013480196985192 0.513611313591905 0.687653995950285
-0.0349028102681928 0.0191848203178702 -0.182673165780139 0.601347507044102
-0.0392770440258298 0.00554183810037872 0.0296842923699154 0.0844450339652693
-0.0286325859415559 0.00234468811912214 0.276308999691013 -0.508388666295048
-0.017142916641973 0.00665235031085911 -0.361528520532143 -0.855450034707153
0.00120908217643946 -0.000391010301805932 -0.898571117767671 -0.0528543574568234
-0.0161536708774554 0.00897800451208199 -0.297814631578875 0.655959059035069
-0.0117717116044157 0.010524735235733 0.302848583892099 0.396326881224284
0.00387104070924616 0.0175694821564457 0.307153909956526 0.0127764917435019
0.0264175831343487 0.0121847883850747 0.0262548945046669 -0.1920107342892
0.00745077441033355 0.0035617418681324 -0.0165427853106003 0.140182617558661
-0.0173389050526278 0.0156941031215096 -0.219744170716803 -0.00644931955533194
-0.0157087745755802 -0.00876578123272504 -0.301844398744268 -0.296788402728858
-0.0181920356707708 -0.0251025825703374 0.187571026486601 -0.564537049127582
0.00117553362925561 -0.0359894770727011 0.769787675844633 -0.099852277357512
0.0111132189169714 0.0125539032618905 0.519107059571262 0.680577228399346
-0.0369172385190861 0.018668287165875 -0.179884725094787 0.603491789373273
-0.0417271549918222 0.00470852089722427 0.025669232882528 0.0881629122167447
-0.0317932335837663 0.00229492723106771 0.275656701175961 -0.503705421615724
-0.0185037080378907 0.00554538287895576 -0.352328871761246 -0.860856887857007
0.00311132927887488 -0.00204697631767404 -0.900726852231318 -0.0684021324738469
-0.0128455040085961 0.00737736173971375 -0.305082368901268 0.651655569822515
-0.0130967276822287 0.0125176175701174 0.30131944910879 0.397392735268963
-0.000933296635009002 0.0175762543188939 0.308239236461791 0.0147492496551816
0.0247382851328268 0.0108452652845831 0.0287547725456643 -0.193884468072649
0.00393174945255094 0.00385611164501393 -0.0138742547284876 0.138272090837354
-0.0208242637215219 0.0164854932726576 -0.220720180771411 -0.00844568101608572
-0.0166337371437377 -0.00674652118007642 -0.301215455181389 -0.294847940816825
-0.0152492973676837 -0.0249615120485029 0.185556515686822 -0.564135731655456
0.00088685516427783 -0.0371747319804487 0.767174971956211 -0.106686373559222
0.00781768683766211 0.00942940131065224 0.514065651560146 0.678991151820525
-0.0379429228114554 0.0140600676303748 -0.183500541211672 0.605427153535842
-0.039876424128304 7.01065931513743E-05 0.0193060991878038 0.0911638268329357
-0.031739205525882 -0.00310371666122032 0.274295328617129 -0.501460384509392
-0.0212634041968305 0.00164260393781286 -0.351294930401785 -0.862940035486361
0.0033214932008187 -0.00343197855089241 -0.900407470571075 -0.0754511711235995
-0.0103674168875214 0.00781218990221578 -0.307742141203364 0.64947838687056
-0.0147320365519843 0.0138557555209578 0.299988080658297 0.399206303827269
-0.00459103313116684 0.0180225238096718 0.309891427878026 0.0155173562299031
0.0216844881427873 0.0107652444255996 0.0319162184527307 -0.196175679138638
0.00122777609286938 0.00314673946007439 -0.0118860536596823 0.13809864445255
-0.0227801552360301 0.0177446999279199 -0.220556473795601 -0.00970150009865266
-0.0173763038691468 -0.00511406430713936 -0.296007949117975 -0.297185302751322
-0.0134138248992956 -0.0243321824326206 0.19792649986868 -0.563200574113558
0.00118246244791288 -0.037152692802976 0.768757061108514 -0.0993527046216496
0.00645345382133119 0.00757093472636881 0.502437044988354 0.68695006011388
-0.0377865982559951 0.00908413753045893 -0.193380501580597 0.605043061597821
-0.0358602933704897 -0.0048142077569374 0.016656069638259 0.0909304994782747
-0.0306068979763951 -0.00805824412371925 0.266502724942283 -0.50441037011875
-0.0232719156385828 -0.0011829779767552 -0.363844560457321 -0.859216675122276
0.00369325912464694 -0.00360579138403677 -0.900625230361172 -0.0641255529264951
-0.00869747641163005 0.00921629028021382 -0.294086201649827 0.65271502527583
-0.0150731755371032 0.0155756741316438 0.306265577099 0.399561036627554
-0.00806050659110746 0.0194024878930747 0.308768043842599 0.0131502494343017
0.0178751073826256 0.0115727610983118 0.033859458367205 -0.198775821169041
-0.00232450773942814 0.00463890716421673 -0.0123572138699135 0.136811045689246
-0.0231707598648304 0.0190456812563338 -0.22199100304891 -0.0110760237170535
-0.0171758331095591 -0.00458995258347604 -0.292067740629293 -0.297532253561407
-0.0111970527328721 -0.0230482878135179 0.212472226153646 -0.55963011677606
0.00280555138341606 -0.0360354500855429 0.772102621874053 -0.0830811590387821
0.00648224764291609 0.00676722037042623 0.487631869836772 0.693312426648969
-0.0353476378643276 0.00545404167060325 -0.205823372889713 0.602505561152226
-0.031717760897275 -0.00719134812304882 0.0148936541297722 0.0891015667944245
-0.0289882808127049 -0.0105085044224782 0.25750926784635 -0.507999963601122
-0.023032328287921 -0.00277782733437941 -0.382614822353406 -0.85063493366054
0.00370835463946455 -0.00285445061827967 -0.898292651441502 -0.0502414717404594
-0.00767556556586454 0.0113407025138721 -0.278662931429521 0.658212068489333
-0.0162624234150475 0.0178365117243574 0.313728067817384 0.396174567745435
-0.00823369793066192 0.0195583889740585 0.306600577765043 0.0115833123249611
0.0141905057673621 0.0127125566897481 0.0332511530461178 -0.200687320023746
-0.00500656711321726 0.00595775488657475 -0.0132161556729068 0.136688113413216
-0.0215838778797656 0.020464763499984 -0.223455848977406 -0.0124432420338171
-0.0169864874236207 -0.00379350828470913 -0.283595450286777 -0.298239446007425
-0.0106670299344284 -0.0204777185049794 0.228421911942138 -0.555096933268387
0.0044396786245519 -0.0343981671851062 0.776833804438139 -0.0659363615009042
0.00753594815372951 0.00596784185252043 0.472477845848545 0.705903108472353
-0.0319093814036856 0.0036088371083634 -0.215108905183037 0.600683864887707
-0.027420812722395 -0.00946823447553608 0.0139909088542304 0.0866225053526331
-0.0257480443083757 -0.0132855253257846 0.246918599770343 -0.511370517157966
-0.0218758210038876 -0.00208872292101655 -0.398204244402678 -0.843992825009632
0.00417744807877582 0.000150360106525681 -0.898113744299104 -0.0285142077546028
-0.00797537684958109 0.0146576180491637 -0.262257079881057 0.663871749093658
-0.0163824435461745 0.0191106320073421 0.319621561340625 0.39362750869361
-0.00814161780769103 0.0218922585726668 0.304614624961822 0.0100441828980177
0.0108934714141835 0.0153084666398926 0.0315485807095848 -0.200503154883322
-0.00701591404471232 0.00814217735383784 -0.0158178703822043 0.136522188011925
-0.0189601537744291 0.0211105486540579 -0.224914718386357 -0.0136660350909056
-0.0166730836703425 -0.00435055937121257 -0.278039087804195 -0.299731825445575
-0.0113506068207846 -0.0174757395644428 0.245015180649711 -0.547339916672597
0.00611887608506062 -0.0312725235758484 0.781269444680283 -0.046626043066439
0.0101056578796023 0.00657944692472189 0.457224679238229 0.715667134708843
-0.0287252321119152 0.0021878292848398 -0.228015672820428 0.596322532828201
-0.0232110764931919 -0.0108087971808091 0.0145293653135737 0.0837064347427967
-0.0210970272627979 -0.0130607966327036 0.239996598799116 -0.51774043167469
-0.0195910457833287 -0.00155499753541158 -0.417192522914061 -0.833403572149997
0.00449584566289249 0.00320907345768213 -0.894336505087898 -0.00973802592102621
-0.00969738947672472 0.0184382987228187 -0.247473864275456 0.667336779298311
-0.0159145412205678 0.020363969794183 0.329195074105539 0.392256020237725
-0.00524348022290029 0.0234321874993451 0.300420095467711 0.00820048625923827
0.0091345101425764 0.0182856778569578 0.0287596959074782 -0.20086450906766
-0.00841836007241572 0.0103948577756923 -0.0180808113809992 0.137469914726546
-0.0159594275114466 0.0224342645543579 -0.22750727430825 -0.0145916513611107
-0.0163197166396778 -0.00574753158714617 -0.273022173220198 -0.300087458762399
-0.0127893671536799 -0.0148333282550374 0.261900735429675 -0.541545435352612
0.00645253901882049 -0.027942628758167 0.784137846958496 -0.0309762863216336
0.0127631923740698 0.00733653442768911 0.443810328086601 0.728533122741291
-0.0242972584113555 0.00204963257109657 -0.233651148742949 0.591872361615337
-0.0197915591252664 -0.00928401408458313 0.0161716504280212 0.0804586539845132
-0.0172131621783477 -0.0125082849224587 0.233303099232748 -0.522301160806895
-0.0156861360686668 -0.000503802067152549 -0.430659949629356 -0.825068002834469
0.00432738010061802 0.00697547213018807 -0.890838258048478 0.00622565961151217
-0.0108317813112814 0.0210092628497211 -0.232408355568274 0.672844186079738
-0.0135061422789623 0.0193580537544027 0.332134406338036 0.390379334578168
-0.00193586441073622 0.0251355924982349 0.299060155205489 0.00682468264605618
0.0087160752356156 0.0203587999821175 0.0252296561638567 -0.200596789256245
0.00887911466490753 0.00541467932554867 -0.0207357079842772 0.139833314744711
-0.0125789553455279 0.0154307548650642 -0.221544707600218 -0.00558753497811916
-0.0144265809117642 -0.010747937473308 -0.299107480972568 -0.296195404672405
-0.0190805380081677 -0.0236198837343587 0.192603926623154 -0.562768688047403
0.00120576907707296 -0.0342357880390745 0.775821892679359 -0.0924128582625073
0.0128962427481504 0.0134537964195362 0.516556385541746 0.684271598133388
-0.0341790082175468 0.0193793354158591 -0.1805323442927 0.60155495506936
-0.0389462075270613 0.00574302845841411 0.0296908639820011 0.0848249148953611
-0.0283011753053041 0.0028692590236754 0.274552710533325 -0.509637568752779
-0.0173097218240644 0.00635323683001789 -0.362359553387756 -0.855065904918356
0.000780122970963817 -7.39502346495599E-05 -0.899308674916509 -0.0506797749565812
-0.0174478781608586 0.00949241887177776 -0.294483849897911 0.658505345761852
-0.010905448165829 0.0110364967168662 0.305431539181651 0.395402640933751
0.00435238276370766 0.0174224077448662 0.30777853268251 0.011581711808741
0.0284827942387063 0.0119007716040284 0.025532235375573 -0.192099680088628
0.00682821412108711 0.00384552000408 -0.0173983641051602 0.138808821465287
-0.0170356029133274 0.0161560748819974 -0.220122625765943 -0.00501411877573521
-0.015362834471774 -0.00861624334003979 -0.301712193519098 -0.294740501112446
-0.0175584812034982 -0.023974706221857 0.185213260930647 -0.566294866060797
0.00050838808165231 -0.0359144958859991 0.769464330779124 -0.103502208965548
0.0113305716133663 0.0111980816827357 0.520868777561025 0.678541901971916
-0.0366191362894017 0.019182937062711 -0.177629047778109 0.605443469843587
-0.0409496753872287 0.00524841684360452 0.0250518509193946 0.0883731935972852
-0.0319468279875313 0.00228090918829443 0.275419096242238 -0.50471930320767
-0.0186374559436812 0.0057363061025669 -0.355136176097622 -0.859999580603549
0.002559185006305 -0.00327986108579029 -0.903094345694144 -0.0634307127321611
-0.0147991888566034 0.00764764315201271 -0.300443045118024 0.654879897454865
-0.012914385770993 0.0130520731699306 0.302108178444001 0.395640952228858
0.000375134534981857 0.0175436615400329 0.309473273329113 0.0125278466592183
0.0257611987631131 0.0103841257872891 0.0287365393918037 -0.194758730962622
0.00424151519293227 0.00373169274761583 -0.0149149480625877 0.138517575179719
-0.0214115987910884 0.0169778399118919 -0.219333729789582 -0.00553030673434386
-0.0169241897178168 -0.00722769976776891 -0.301091374878058 -0.291902876787612
-0.0158413911596471 -0.023978513104917 0.185326581895179 -0.566752361538663
2.44577611428678E-05 -0.0376863636386467 0.767419984162917 -0.1099455166196
0.00857447642738748 0.0098527949196804 0.517847049105596 0.675392196539815
-0.0389770573107066 0.0148796809147766 -0.182768879530711 0.606578283950676
-0.0400672069976677 0.00110659631838628 0.0193475855397624 0.0907220316482431
-0.0321146617665507 -0.00260986630456361 0.272381739786276 -0.501658945621557
-0.0213070987156123 0.00226793703846477 -0.355244624390086 -0.862370259334393
0.00403046705676578 -0.0045671877455827 -0.902815309384208 -0.0700034979817211
-0.00969501856094585 0.00770162418546526 -0.302666699136119 0.652267524874794
-0.014241232043561 0.0143349791918557 0.303473622460284 0.398712225922908
-0.00435571287642946 0.0177708737693911 0.310160307007282 0.0130624238891209
0.0234025788070131 0.00953121531444259 0.032820403314682 -0.196985701709
0.000703648620837832 0.00394445006838352 -0.0135305545082496 0.138274635097882
-0.0230879519231723 0.0182158373738672 -0.220503797490327 -0.00834122675571271
-0.0182313781099602 -0.00479165582562351 -0.297782618407639 -0.295159944039539
-0.0137493789825692 -0.0235683184713538 0.195524886799595 -0.565792275375889
0.00167298778068592 -0.0373732687828029 0.770227779839795 -0.103194718618435
0.00621651656550867 0.00649840178013763 0.5076245001782 0.682832971818804
-0.0375577912430194 0.0096686791457018 -0.190905042893915 0.606619400558391
-0.0359038035493888 -0.00490996546206224 0.0166887842059445 0.0906571634585861
-0.0305397574183003 -0.00882636201855479 0.264471928653512 -0.504979551168401
-0.0234510967101528 -0.00131105995595586 -0.367605206785548 -0.858933500490052
0.00449903079490213 -0.00342718710498725 -0.902306037959997 -0.0589035731635917
-0.00867491480366858 0.00962166479541015 -0.291376934457969 0.655089147824371
-0.0159374796545972 0.0167240545352405 0.309604356468382 0.397455709661808
-0.00694652089253773 0.0188079928994401 0.309097785068705 0.0123364619698939
0.0181699400498039 0.0112215826157437 0.0330230141642101 -0.197648870646811
-0.00157417446506231 0.004838226793158 -0.0130735631448872 0.137067009560651
-0.0228103194774376 0.0194297917878169 -0.22232253304908 -0.0093197264400799
-0.0177414759404987 -0.00439789293856974 -0.292256036035724 -0.295882479343963
-0.0115241309728676 -0.0224344925507873 0.20992284535488 -0.561417932669476
0.00317032496151282 -0.0370546769901772 0.771058948407059 -0.0853617757945835
0.00624893281858079 0.0058818122163437 0.49186544152357 0.690031106148935
-0.0356650653722644 0.00552715800588514 -0.203765562696256 0.603275311382075
-0.0316779075473587 -0.00738449095381666 0.0150635745496704 0.0894712660654965
-0.0287876760114204 -0.0103425183470134 0.254346001309005 -0.508544846896473
-0.0232643360086345 -0.00183618913416225 -0.387864913062691 -0.849218701218413
0.0045751544549122 -0.00328630578172127 -0.899035198038951 -0.0434147554876752
-0.00840602522839948 0.0120725687946937 -0.276291115208985 0.66108782547262
-0.0165382480522914 0.0181939645168007 0.315974277497089 0.396471096894467
-0.00764453391892211 0.0202492281433323 0.308410177596578 0.010037698266296
0.0147103921270345 0.0125188004536571 0.0330527011378945 -0.200076878541522
-0.00460507788312785 0.00620256569329154 -0.014464685494348 0.136339682735559
-0.0214170045686008 0.0196946068775605 -0.223542467126259 -0.0106193216153012
-0.017636930146215 -0.00393377700160949 -0.284457618018421 -0.29573009416791
-0.0119709212641497 -0.0201735184098558 0.227077852957208 -0.557238737482378
0.00416088933660613 -0.0344458660776925 0.777222629994514 -0.0716233361489208
0.00754018993904255 0.00552068960915001 0.476690040988255 0.704409099577247
-0.0323196811867814 0.00344634337444589 -0.213909054802171 0.600578324094113
-0.0269871576069229 -0.00939725818386295 0.0135349536432225 0.0870735061650948
-0.0256778659084495 -0.0119516325216245 0.24655153607527 -0.513529922501231
-0.021819100196329 -0.00118181679954465 -0.40375059759957 -0.842320030201916
0.00399932495904811 -0.000371339201240365 -0.8994950123824 -0.0232778846267284
-0.00760414507432542 0.015546149732723 -0.259887308388591 0.664272035865846
-0.0156619378886871 0.0188580306831626 0.324135980091324 0.393001741677402
-0.00702095255813037 0.022390079301495 0.306048644319782 0.00686822941198219
0.0119228905192474 0.0144971550949683 0.0312737692300763 -0.200881380651572
-0.00652577208603131 0.00816768423832791 -0.0158902128419301 0.136595885936456
-0.0192815493598771 0.0215965991152713 -0.225494256118819 -0.0112382245159624
-0.0164335194768024 -0.00322277786840878 -0.27853340598993 -0.298329378269748
-0.0121270652619402 -0.0174913835022875 0.24379639315237 -0.549131034045047
0.00580816107772536 -0.0316750166967817 0.782409961887262 -0.0512215783780372
0.00911769622308797 0.0059565300346275 0.459985315002693 0.71392896363191
-0.0280215844825541 0.00275078271145539 -0.225105143974545 0.596792356466315
-0.0236771721865402 -0.0100917730607974 0.014069529398219 0.0833735532601658
-0.0214295273789403 -0.0118579822351208 0.237049848502914 -0.518860432714673
-0.0189520170619566 -0.00110742305139119 -0.418814122634762 -0.83151530174784
0.00365476658268481 0.00269476233513514 -0.895110203523418 -0.00624222453851097
-0.00891175559086773 0.0184519634052515 -0.243290445865802 0.670219366262421
-0.0156090321933067 0.0200496578651449 0.330596145190184 0.38948911286586
-0.00437772279598332 0.0233158014888212 0.302496523250211 0.00565024143320139
0.0105316217808891 0.0170043632482648 0.028661705489291 -0.200643501343619
-0.0071323499441087 0.0106047714307727 -0.0192456570463725 0.136614869611482
-0.0149521118819239 0.0223688417914777 -0.227582020629693 -0.0124944175741739
-0.0164519780495889 -0.00506820464400489 -0.272737729861997 -0.298264779750351
-0.0136267158352043 -0.0149871137917688 0.258358810069737 -0.54261308889824
0.00576043109755679 -0.0289547430050264 0.784683909020641 -0.0355222968057172
0.0131359614525829 0.0075634596634179 0.447682338650131 0.727106538769605
-0.0244079297723846 0.00333310691612023 -0.233118810549908 0.593433907533567
-0.0187596389910803 -0.0106392449394106 0.0170961912732129 0.0807414429602765
-0.0165512172692711 -0.0119136916048849 0.231960779710183 -0.522413970473563
-0.0147562937359506 0.000288993789423122 -0.435633760842816 -0.822977236420251
0.00340137055427929 0.00642549707105891 -0.894029911521697 0.0109047992664495
-0.0115440715794605 0.0222212550325618 -0.229137333981697 0.675255398105433
-0.0135670274020792 0.0191449760480219 0.334243069199137 0.388095268810225
-0.000579271629690153 0.0252605097291383 0.300978536811999 0.00487485425709142
0.00909246165719867 0.0195781948036488 0.0245319456665975 -0.200778829116404
0.0101657191037636 0.00571332001208086 -0.0213359732211527 0.139564706463295
-0.0124977734818604 0.016190278136206 -0.221770805745507 -0.00231215036802817
-0.0153216453989108 -0.0108947367993874 -0.300668243034724 -0.29406727683645
-0.019830277632489 -0.0228466170972785 0.190717128421749 -0.566202816484102
0.000598237691542877 -0.03417251131387 0.774189570388219 -0.0956208050808084
0.0126143847744445 0.0123073760744464 0.52061370735236 0.68291045741785
-0.0334363153481956 0.0203000126873055 -0.176654383235725 0.603634097209912
-0.0384170523136636 0.00511519992009804 0.0309174181970354 0.0853525607113988
-0.0286007586003961 0.00366942604010062 0.272659790891264 -0.50935776504288
-0.0175512225387923 0.00592002902233267 -0.367920291154505 -0.854680913694008
8.58821990788287E-05 -0.000541584904060605 -0.90168822768219 -0.0451873975902155
-0.0174936861362801 0.00959172680960835 -0.289942224964136 0.662424741337126
-0.0118150949698826 0.0107162223559403 0.307516165891854 0.393394216135977
0.00569564238842369 0.0178596107043886 0.30841291362073 0.00902988766346662
0.0282472622700571 0.0111945150968102 0.0256140602006091 -0.192353826044453
0.00810017825870422 0.0042861618220511 -0.0166122508532789 0.139287470640204
-0.016562141892003 0.0162739136308197 -0.220168762997295 -0.00154795235640898
-0.0161824017337217 -0.00863649887097909 -0.302964840309879 -0.292836616799938
-0.0179559779608926 -0.0243390256845202 0.183175674471025 -0.568750445251832
0.000531925520485142 -0.035810188518837 0.772617947414202 -0.108713077356017
0.0106090202680926 0.0120607872987405 0.525098759748607 0.676769951922867
-0.0374014165785028 0.0201461520577084 -0.173387976828445 0.607069341418189
-0.0417473645614246 0.00494583651920429 0.0249905565659836 0.0880431467935934
-0.0316784529087512 0.00260131287832027 0.272783415414419 -0.505709849357966
-0.0192964382935187 0.00550729254981066 -0.36064757233117 -0.86016024180054
0.00222295011087563 -0.0034638045209701 -0.904984028621724 -0.0600164700725055
-0.013485923342777 0.00717933151021367 -0.297489709889777 0.658066853045594
-0.0129311353621851 0.0133944150845865 0.305575742345981 0.395109583290305
0.000261548127086134 0.0178505568507212 0.310866477584911 0.00996477413361417
0.026602492674807 0.00930652616970287 0.0284326315068715 -0.194456036955434
0.00498920575002985 0.00300435516350168 -0.0151936585030322 0.139595941254046
-0.0202549024736179 0.0163534475167136 -0.220187224254581 -0.00341601683444339
-0.0173089090536076 -0.00682469865301216 -0.301752085061827 -0.290590796115134
-0.0162540131704494 -0.0241683412795067 0.182464134736948 -0.569986206816083
-6.16082858686945E-05 -0.0373647147314972 0.768938317320206 -0.115000487592075
0.00769069636122133 0.00891184948915516 0.523570172504592 0.674243270051942
-0.0385384098231752 0.0149872117520047 -0.178304390546559 0.607654099973773
-0.0391842336065294 0.00132320345987608 0.0198438341050967 0.091604193972964
-0.0323868209645728 -0.00139437548623155 0.27031600765795 -0.50345767221877
-0.0214402503936095 0.00335876316458348 -0.360451662921287 -0.860924563616939
0.00383009504052239 -0.00457404283500876 -0.905618148507885 -0.0669988137555138
-0.011290952681098 0.00772601067353792 -0.298498172402983 0.655823570131024
-0.0136661745500785 0.0151167256899749 0.306252994718415 0.396416030001766
-0.00372668363368247 0.0176078873473166 0.310267068960667 0.0105819065570251
0.0232356753002148 0.00904236638953447 0.0327590042569381 -0.19728628509158
0.00158816183637822 0.00340432322959559 -0.0137904361117639 0.137860931240179
-0.0222042064968098 0.0180178597101567 -0.22065470347477 -0.00572534754583995
-0.0182593432491542 -0.00548926739035102 -0.298451177850231 -0.291905317628723
-0.0139444142220428 -0.0234989723945331 0.192804708728162 -0.568657591924938
0.000546096679403659 -0.0378305559198958 0.771431521109136 -0.107990423209571
0.00620558727551891 0.00655543752193695 0.511101183946107 0.680850828557714
-0.0379957826575234 0.00994908238764479 -0.187423337878667 0.607654496949899
-0.0348834345292031 -0.00402754772209637 0.01695296217284 0.0908643917213679
-0.0303367120921351 -0.00669709861753362 0.262729696362727 -0.50522156840904
-0.0232408100140999 -0.000844119828964884 -0.370219977774035 -0.858162538420569
0.00418221089011312 -0.00425663459183401 -0.903056258444641 -0.0549529099801445
-0.00833881761734728 0.00965282978441261 -0.286911724508647 0.658976005005772
-0.0157034878909814 0.017523903589567 0.311793803262033 0.396290815916354
-0.00597547762534543 0.0183271016853995 0.311452985205327 0.0092842464272809
0.0194021825467038 0.00981717896518117 0.0339358585627679 -0.199351562458608
-0.00222493604005933 0.00524749603986866 -0.0134121622507285 0.136813186974713
-0.0217420463688302 0.0189505411182346 -0.221992298122355 -0.00697803712748222
-0.0178547341477985 -0.0045964916806862 -0.292155728591627 -0.294737323815897
-0.0120560434213347 -0.0217745417860139 0.209304453489172 -0.565119659170718
0.00265790829996187 -0.036126829474571 0.771767777135208 -0.0917673173019728
0.00556218711848533 0.00500815888397002 0.496618337788841 0.688263018115403
-0.0348823954595107 0.00711147340637796 -0.200882428888464 0.605595630851849
-0.0316239480886767 -0.00702922664147397 0.0146918885655763 0.0892056916281471
-0.0291443075783192 -0.010416458179385 0.253207340903147 -0.509032924451252
-0.024011764351261 -0.00153254585683954 -0.391221788763501 -0.848828266206166
0.0039875661624798 -0.00303553363475968 -0.903338590251072 -0.039744254786013
-0.00770423610161229 0.0123755428882681 -0.270793184207299 0.663259812440415
-0.0158927652825369 0.0183570318320078 0.319633586645994 0.393701873493063
-0.00672223978277512 0.0204513176649816 0.308854665331363 0.0063279676760888
0.015289641956541 0.0119112130986004 0.0323121489810425 -0.200405913899716
-0.00462846577368103 0.00637854308821234 -0.0147184876050481 0.136629141552312
-0.0207299503232196 0.0199628432746868 -0.224809925570787 -0.00953007952569188
-0.0176029537312967 -0.0033148827791709 -0.285379418663534 -0.294231772293271
-0.0109751810698077 -0.0191151157359452 0.223994602921135 -0.559266702336927
0.00430008434197939 -0.0343498157321681 0.779461032595039 -0.0748873129033262
0.0072311723434153 0.00504593584753068 0.480430080642217 0.702365451978375
-0.0318529318931093 0.00386322608662743 -0.211963636136171 0.602331340574654
-0.0265164728551774 -0.00967149517542332 0.013805260813329 0.0872549756462892
-0.0251902175447201 -0.0115578550280527 0.243529285329507 -0.513600004212309
-0.0222737297488119 -0.00115276175156289 -0.408778679676124 -0.840211060710165
0.00348662054004696 -0.000642873641564127 -0.902909394778077 -0.019687135508504
-0.0081295458431836 0.0152345914806712 -0.25522012800248 0.668816306003244
-0.0162327119638056 0.0204188737810663 0.327020438303013 0.391686379809504
-0.00571607577186641 0.0220200029768711 0.305199485515048 0.0044178227856413
0.012180108662976 0.0138516334845211 0.0309289706515254 -0.200881848810982
-0.0066987418796384 0.00760891530954886 -0.0166579504796352 0.136440105310109
-0.0183335699850743 0.022344757558907 -0.225571749152826 -0.00989510361725869
-0.0168716793903055 -0.00315757784599573 -0.278934428112135 -0.295071333302798
-0.012141087211847 -0.016594924786078 0.24158885867375 -0.554142530107625
0.00571087451937412 -0.0319707147403937 0.782735773664326 -0.0568143489200706
0.00984022586824647 0.00567733531255852 0.46440331475144 0.713202022134878
-0.028539529595396 0.00261530009223542 -0.221865012191457 0.600268396651087
-0.0226507804447802 -0.00983493909395511 0.0146377827110782 0.0832005994672747
-0.0210999386450977 -0.0120168885670905 0.236128331389623 -0.519501928348133
-0.019305661623872 -0.0013764628553472 -0.424343710071126 -0.830567860828681
0.00449800826757003 0.00266972191655625 -0.898736519210627 -0.00125248394333731
-0.00921280823497642 0.0182558463167681 -0.239759099506154 0.672537480297344
-0.0164813897902904 0.0205280131665054 0.333390176487005 0.389731158195387
-0.00305633581204059 0.0232193607669792 0.303420219668359 0.00244094684953865
0.010617443763942 0.0162748283340066 0.0274494488170265 -0.200911257117467
-0.00594410468252833 0.0107037983094473 -0.0183620094012377 0.136431305038451
-0.0145722889786289 0.022836307833882 -0.228277363220901 -0.0103394557153279
-0.0169029792907596 -0.00388167931222216 -0.2728777079728 -0.297559090814029
-0.0147928250928267 -0.0143049934845506 0.25582175791975 -0.547217370485903
0.00634300851312726 -0.0281194611297445 0.786956640458312 -0.0405947456966147
0.0131741018058437 0.00695060955936718 0.450519300738751 0.72425761923582
-0.025414460623885 0.00304998812500731 -0.228197894588741 0.595529925252577
-0.0186748510888457 -0.00967910078454014 0.0168937738559905 0.0816273754384641
-0.016765752992758 -0.0110539013236496 0.228800033858485 -0.522292237682541
-0.0163988755644211 0.000831923968005469 -0.439014104339538 -0.822502835039486
0.00470352252603537 0.00660210306398205 -0.894220602402543 0.0161789962532643
-0.0111909134621087 0.020904683787553 -0.224520723146299 0.676803730762276
-0.0141616371815451 0.0201453132001303 0.337829475123538 0.386066047731787
-0.000204765781765892 0.0253641789210257 0.301206290199003 0.00330658218939057
0.0100319976627049 0.0184188054268239 0.0245058767440026 -0.199941526833554
0.00992506218314393 0.00591842256598058 -0.0210405068379826 0.141133533417076
-0.0120211418589006 0.0153599850060892 -0.221841430558918 -0.000897974600300161
-0.0141183038034587 -0.0101051776032485 -0.30076804147531 -0.293667564354051
-0.0199575990089211 -0.0215869167892937 0.187976081764128 -0.569104611170434
0.00024342504460838 -0.0344388276283542 0.77508986644291 -0.102777739894743
0.0130899380202884 0.011965613674066 0.526497301291941 0.680773080941432
-0.0343494942979663 0.0208757914424698 -0.173841961560575 0.605520033456638
-0.0382645622390844 0.00567034506752513 0.0309315097805315 0.0849811127327467
-0.0282005729592205 0.00459753491869663 0.271467009311202 -0.509769644189419
-0.0177674194511574 0.00718239640973927 -0.374350316000419 -0.852788390545324
0.000714794017247181 -0.00154729495836164 -0.90478101806026 -0.0406241045770594
-0.0170309220357086 0.00888279149691007 -0.285797451891239 0.666434628855263
-0.01135426771885 0.0116301239945066 0.311674214439227 0.391968099746712
0.00599712431288578 0.0166958892743416 0.31086322344305 0.00705383684383179
0.0301214097214151 0.0097397338945182 0.0250057078907571 -0.193169136475869
0.00745714760281324 0.00472828318419488 -0.0172660648207844 0.139747132477682
-0.0161382922147644 0.0164116327853245 -0.220604255354591 0.000147003683194262
-0.016382691369596 -0.00935320510088028 -0.302652933001963 -0.291788278108186
-0.018324445938901 -0.0230527946728193 0.180126586662501 -0.57261849358448
-0.000428259504717188 -0.0367451385745779 0.770590875574184 -0.115289397542018
0.0105906057103179 0.0115656976182805 0.532657060037097 0.672705781628333
-0.0372526148950099 0.0199025470579709 -0.172083363455062 0.610227115140638
-0.0409100139423741 0.00587062321155786 0.0253379732272525 0.0887192350160148
-0.0316082262563349 0.00468715360842807 0.269748926735442 -0.507011009276235
-0.0202137442267484 0.00657052099760133 -0.368612914781404 -0.858862581600465
0.00270487687697871 -0.00332402636113684 -0.906411971886267 -0.0530371161350821
-0.0133388551680166 0.00738293477468392 -0.293402925272744 0.661681474137894
-0.0121231319176801 0.0130106500150149 0.310254132776297 0.393397115012037
0.00191165888295745 0.0171117795102903 0.311364801930454 0.00745934522627924
0.02695438621218 0.00796714775302249 0.0285369329038936 -0.19479124967895
0.00538818649076697 0.00332819781142368 -0.0151181386650424 0.139477325894316
-0.0195798664867165 0.0174654151991507 -0.221320510942702 -0.00175641322447606
-0.0173336174732675 -0.00616360523436055 -0.303509504247292 -0.289935737758567
-0.0164026242353659 -0.023469753831118 0.179660525716084 -0.57282602956839
-0.000416634856720374 -0.0375657623127724 0.769786025575463 -0.121435248363586
0.00790614677249507 0.0092499250534395 0.52846320620881 0.670375259970528
-0.038024718462392 0.0161514529984866 -0.174782174426545 0.609590815747638
-0.0393438795481456 0.000635081516592249 0.0209858317962649 0.090987311823674
-0.0327820958054371 -0.00137692085731617 0.267173223312065 -0.503912794321747
-0.0219384346622295 0.00204547827585985 -0.367846557244562 -0.862255970657237
0.00339073918014565 -0.00531605459529826 -0.909192975657272 -0.0614591152262115
-0.01051443455675 0.00853431926816626 -0.294429448862997 0.659261307901218
-0.0142534607961243 0.0146173038844941 0.310898287339617 0.39441086920936
-0.00278316792288919 0.0176560057468636 0.311750281381657 0.00827056997528104
0.0238586120666484 0.00865809945260149 0.0312174561738215 -0.196475727793847
0.00163131910048094 0.00417189488879678 -0.0136387538162998 0.137460434252929
-0.0209343885354484 0.0182551019731023 -0.222059444593505 -0.00397462172184231
-0.017889070143935 -0.00457065804538894 -0.298900492733181 -0.291818782091564
-0.0134549778868172 -0.0238370314616225 0.189506621369462 -0.573313981468939
0.000378255878009024 -0.0379766865572116 0.771172925627961 -0.112422100664181
0.00593115385815075 0.00656887375310022 0.517007859531468 0.677264903965604
-0.037681775953226 0.0108813446019432 -0.186325255361478 0.610383727374354
-0.0351414525521231 -0.00432013810458182 0.0170761632117942 0.0902922353766629
-0.0307011256115569 -0.00683259085815255 0.259878365604547 -0.506226863835863
-0.023772170390501 0.000553995376916031 -0.37725214997744 -0.8573977718908
0.00328171960314891 -0.0049977705001572 -0.90686216702681 -0.0487857195447878
-0.00747817464978482 0.00999647227213953 -0.282758062481278 0.663051652299184
-0.0151499287126096 0.0172713663579957 0.316170230673998 0.395939878684771
-0.00527181428585975 0.0183641187991289 0.31204110960649 0.00611885931414429
0.0200332537024644 0.00932268266810775 0.0330079515343252 -0.198682103837153
-0.00166533719101102 0.00483824409682869 -0.0141172334061528 0.136685030944231
-0.0224624462648738 0.02006824954552 -0.222976037396548 -0.00438716161577613
-0.0178077433775947 -0.00373720895190504 -0.293675250028581 -0.291104954240159
-0.0123730095205818 -0.0210059419911565 0.205569857701941 -0.569506865596054
0.0015811921696826 -0.0363498752898004 0.773861314156923 -0.0973947949522963
0.00611660517723265 0.00557357225326151 0.502932248938228 0.688069942080254
-0.0361650722047778 0.00673596615962887 -0.197776684268228 0.607488873996658
-0.0315471149270798 -0.00695268493279608 0.0153825179243473 0.0895040868609129
-0.0280829260109457 -0.00874843765074858 0.24983655226723 -0.509943893767932
-0.0240433755979352 -0.000639689088876759 -0.397453606322323 -0.848487267626493
0.00378781083383517 -0.00369004583646337 -0.905241256641871 -0.0342620149237945
-0.00812870940526071 0.012430368931183 -0.267976749915595 0.669059605137483
-0.0166404774459481 0.0187739740785509 0.324773426838187 0.392237976141783
-0.00628872758788335 0.0198174055742093 0.30951209869919 0.00388941920890071
0.0159849542227527 0.01033261293661 0.0317536915524958 -0.200165447195246
-0.00400563222934907 0.00674805363952901 -0.0145487342936275 0.13661434764941
-0.0199924958858633 0.0211514960257574 -0.224678153682703 -0.00651016575050339
-0.0180107569949088 -0.00387150800311775 -0.285947855230035 -0.293278140012424
-0.0110623836710475 -0.0187526417240147 0.220828732301306 -0.563544400882943
0.0045507715187609 -0.0342550626526035 0.779176387388915 -0.0811986223042083
0.00753095196335122 0.00496693014315607 0.484598371596412 0.699298807082432
-0.03292600847004 0.00432683738399623 -0.207619544164759 0.605028987250954
-0.0267476391109308 -0.0087429092767523 0.0141133379492384 0.0867703708699789
-0.0267693380535036 -0.0113822952250676 0.2414389938985 -0.515001451932876
-0.0217513734055828 -0.00146970409705166 -0.414688170549461 -0.841256766571432
0.00428147196816159 -0.00064950561164972 -0.904252542251152 -0.0142672971861175
-0.00770763029940543 0.0151092668366817 -0.250074656123412 0.672440486358903
-0.0162096774351765 0.0200292076968763 0.33075579411739 0.389181687824501
-0.00544778293061058 0.0217837501402959 0.308722829067026 0.00256220075798491
0.0129730239762813 0.0132528940237386 0.0307549225587885 -0.201410063799426
-0.00604971626768966 0.00875019472138014 -0.0169882071801237 0.136231312986641
-0.0184477217478018 0.0220558244242804 -0.227501833820525 -0.00727541491909892
-0.0173517850103707 -0.00324255799387023 -0.279562738373435 -0.294293412692545
-0.0124145199424727 -0.0159623930923718 0.23694504894315 -0.557496729980735
0.00518418789823841 -0.0323457610124409 0.783531337790558 -0.0619392824663054
0.00906956151472816 0.00575678882271881 0.470677412894471 0.710760565377975
-0.0286154212558925 0.00373335157227539 -0.218772859326122 0.601950078492941
-0.0227631004387575 -0.00938063690430691 0.0153928975364765 0.0832802068101366
-0.0215651482551817 -0.0109134202999066 0.233863690518552 -0.51924769830816
-0.0199371594919007 -0.000195065507039637 -0.432514366086264 -0.828635474962032
0.00390465987385677 0.00167918168805288 -0.901178529852283 0.00339949561956383
-0.00908222295018669 0.0188810202590158 -0.233338581426662 0.678454120030519
-0.0150574980366158 0.0212417025068557 0.339077934251397 0.38788699954395
-0.00286478669978208 0.0227257073310424 0.304772174233511 0.0016726279991269
0.0105436100180495 0.0149713609624361 0.0281731886406887 -0.201540965606358
-0.00644704282304989 0.0106314099613317 -0.0189773588086949 0.136218750520311
-0.0144617231352772 0.0227744732509499 -0.229475928333543 -0.00812907199919432
-0.0159789051236462 -0.0047844521047552 -0.27431099934243 -0.296054485956081
-0.0134726697746438 -0.0134916835283517 0.252616718853821 -0.550940547035735
0.00603939440555049 -0.0290592609067655 0.787731170949683 -0.0451178049875992
0.0134564291100076 0.00608594016816982 0.45783910919171 0.722992974516917
-0.0244687705493578 0.00341330424851923 -0.225057149795876 0.598795962849878
-0.0192958289103379 -0.00933020087350857 0.017023349325812 0.0814293533015839
-0.0176145682354346 -0.0109408766811861 0.227750904226462 -0.525368935086099
-0.0167191001159598 0.000775164163263436 -0.445958465935804 -0.821177340570109
0.00442498157647122 0.0051252731497988 -0.897243455504389 0.0211361486534658
-0.011130965043021 0.0216494772514805 -0.219307361530136 0.682784616604668
-0.0139689574571306 0.0204691441097522 0.342155573023771 0.385027626362441
6.59062930768641E-05 0.0248033335456514 0.302741227418517 0.000562124999136082
0.0103887443600673 0.0170400829274255 0.023805649397977 -0.200952448220043
0.0103537508928612 0.00631804727212212 -0.021036330059961 0.140707374150464
-0.0112435916104783 0.0159437900360151 -0.222649094153099 0.00232097064777608
-0.0154350576320276 -0.00974614760917878 -0.303821797049694 -0.292192297604062
-0.0197647183670008 -0.0220633504917777 0.183063951774002 -0.573080507700993
-0.000314760084891843 -0.0345811531376571 0.776783935373581 -0.107997236648679
0.0130228224921446 0.0114023584173159 0.532318178171942 0.678062442969287
-0.0341652856523014 0.0214105310103595 -0.169383946099088 0.609809996041312
-0.0388564342279902 0.00673548488601658 0.0314505925048704 0.0841214421707764
-0.0284613276752381 0.00541208387320296 0.266756931383739 -0.512867693322706
-0.0174421458014491 0.00768446376271694 -0.383314187725035 -0.852895444304007
0.000568397180240307 -0.0015886543144827 -0.907816527917352 -0.031896657760731
-0.0173399163433826 0.00981414307520138 -0.280818398432509 0.671991118158006
-0.0114555648261397 0.0120244425336984 0.316843599819148 0.391207191194522
0.00628502681713352 0.0170104643022808 0.312042640587376 0.0034714422067419
0.0295188365152325 0.00945849413813455 0.024767699132986 -0.193454108728189
0.00855476052467043 0.004234890821391 -0.0174965180817737 0.140268192913357
-0.0157501382966598 0.0169010295527268 -0.221596288323668 0.00237797843867999
-0.0168007664744442 -0.0087149912758489 -0.304608634714837 -0.288903722777406
-0.0180711974047116 -0.0235297617742335 0.176529964033386 -0.57631597323757
0.000376247286719599 -0.0370544756870361 0.773107180596944 -0.121006871516551
0.0107357126640118 0.0116264395312921 0.53794304304981 0.671016389165013
-0.0378838371649244 0.0216105861975978 -0.167321640083695 0.610607117860968
-0.0415505204674125 0.00612906388715557 0.0258756831269507 0.0884496742242271
-0.0319539818104973 0.00489937402279742 0.267088893098144 -0.50848345662527
-0.0199483242873213 0.00632263971473145 -0.374140872978856 -0.85796557948274
0.00265832211546217 -0.0045902668845187 -0.91093161364283 -0.0479722016822717
-0.0133057151860895 0.00796300799248318 -0.288922307343458 0.666317347753851
-0.0132014548477382 0.0145141406134666 0.314815310777617 0.39305985117899
0.00184517092307749 0.0163596518702433 0.313416635325514 0.00539290569996739
0.0272820490230319 0.00665932026029405 0.0282225875971815 -0.195163425335695
0.00568322306848267 0.0041806564878083 -0.0149161709879088 0.13972488613102
-0.0191242649784083 0.0172172112549492 -0.222017761650772 0.00182127592152246
-0.0176614046269473 -0.00648586320414447 -0.304886736546813 -0.28710676740946
-0.0161490390760605 -0.022419930363126 0.175267188765294 -0.577800413624359
-0.00111017728010816 -0.0381721591753777 0.769231611115759 -0.127710776108548
0.00685173400916334 0.00860461842906035 0.53487448403192 0.668003141556551
-0.0380138763684294 0.0163042260327587 -0.17120441692631 0.612890858032992
-0.0389405544832292 0.00109781675961743 0.0210126782321282 0.091084544058118
-0.0329511467858741 -0.00121300070251195 0.265023390661264 -0.507051277349096
-0.022996180308886 0.00305803695624261 -0.374327904291472 -0.860822604708656
0.00394369452257847 -0.00591296793613574 -0.912526166897402 -0.0534201060841189
-0.0104403284769297 0.00802752796757936 -0.290010337002772 0.664262858131216
-0.0143159713607673 0.0156722655981109 0.315762889908989 0.394549902608295
-0.00170997376775992 0.0170361042292293 0.313472798177245 0.00515024272486416
0.0238480660777878 0.00706263405662487 0.0313794421417664 -0.197450428322133
0.00166724851077115 0.00377408223160353 -0.0131475573255682 0.138599517171387
-0.0219499869295925 0.0188073548720162 -0.221835275533052 -0.000933131047010787
-0.0184302183758766 -0.0048267211368839 -0.300554018507614 -0.289327969646833
-0.013653642669389 -0.022046757910957 0.184224699569351 -0.576398973372207
0.000477609566199739 -0.0383537850205315 0.771995339388218 -0.12053505009273
0.00604439449026667 0.00584815298288308 0.523032052913448 0.675676043058421
-0.0374493660659432 0.0119271205645969 -0.180023156478481 0.612547270286717
-0.0354926614172349 -0.00345321158959361 0.0176380898775574 0.0913876388669983
-0.0313587198992032 -0.00609980573575013 0.257955820700189 -0.508309581119869
-0.0241931182505567 0.000885158956685842 -0.385495042941212 -0.856646504359488
0.00353533991198838 -0.00527314520194391 -0.910578228081669 -0.0443565813805939
-0.00811339608626041 0.0101540975808062 -0.278867522026165 0.667840908753429
-0.0161871015107958 0.0173211864719527 0.31975145000704 0.394490739803182
-0.00510576272198519 0.0181270090802434 0.313276685398939 0.00428403888417137
0.0195191629073835 0.00809822783986504 0.032249290750443 -0.199457766450562
-0.00150762615097597 0.00425862876968941 -0.0136678131991245 0.138654366971103
-0.0219159200005042 0.0203584853802406 -0.223910189099766 -0.00274005471627304
-0.0191554848912839 -0.00323866349955194 -0.294845594511194 -0.289436523445137
-0.0126983729751417 -0.0200171288345033 0.201005001133113 -0.57243649744856
0.00132283397460539 -0.0369129324203424 0.774944337465925 -0.104474067197845
0.00548904959016517 0.00509858650811119 0.508534374375695 0.684805364793617
-0.0358513093276504 0.00847657830526325 -0.19297751039953 0.610713927870136
-0.0307222331878895 -0.00639013519185831 0.0159935931723272 0.0892590569484745
-0.0288112910517074 -0.0090090284314633 0.247399345461361 -0.511978539577527
-0.0244420854053729 7.84876367911844E-05 -0.404019536568365 -0.848889249146782
0.00401556916898697 -0.00332339825964313 -0.907685530861611 -0.0267177337561066
-0.00823420114097165 0.0124005305431065 -0.261923726781251 0.672381279916215
-0.016490113418701 0.0192794571648774 0.328081563693715 0.389488889435811
-0.0056606880733668 0.0199076109243055 0.311636906239919 0.000904820897402002
0.0165637112758713 0.01047430506206 0.0318643285781789 -0.201408228292318
-0.00354010786298584 0.00637010639528468 -0.015015342218949 0.136244409060889
-0.0200279962844661 0.0210263081148277 -0.226734316159084 -0.00388940032955302
-0.0178615645703359 -0.00326354262100397 -0.287459568472101 -0.292597350257733
-0.0116314261882948 -0.0176282031883317 0.216878963756291 -0.570085102128848
0.00421101895798111 -0.0349985197169952 0.779239196374851 -0.0866135499361736
0.00692784168421858 0.0040762584245438 0.493021273744855 0.696506754088662
-0.0329175491311211 0.00512350240984279 -0.203413010313094 0.608861620078594
-0.0266313930570407 -0.00808444338728727 0.0154767002250511 0.0870481971051762
-0.0258648568252167 -0.0103909995550276 0.238306765848814 -0.51616819691142
-0.02293174815313 -0.000584621655060538 -0.423004267569909 -0.840789154335421
0.00349542483266736 -0.00172667397668365 -0.907738325832514 -0.00757789860626831
-0.00779645919347041 0.0153942727553018 -0.244869672600066 0.676491797540277
-0.015609067365044 0.0203005288703386 0.335223587184038 0.387850726286306
-0.0051137117457988 0.0213227722760371 0.308294759523062 -0.00010814322548025
0.0137330770637731 0.0127592813508745 0.0311199373172471 -0.201980641225966
-0.00534087161868094 0.00925752319701628 -0.0163712764474597 0.136773630087886
-0.0176173469413415 0.0227707627534412 -0.227691103335548 -0.00470545733830792
-0.017101917475484 -0.00370954772272177 -0.280728816354132 -0.293597753727586
-0.0118886206686242 -0.0151563766331951 0.234503607221868 -0.560665175627889
0.00426501292414703 -0.0325058770041619 0.786393121492123 -0.068375638170365
0.00949108789450475 0.00455797976905524 0.476806035792574 0.707184627832418
-0.0285430808412431 0.00418313194331712 -0.214455150817469 0.605099744127802
-0.0224306101968514 -0.0100511545937098 0.0157087797551562 0.0837646358333749
-0.0221081158064973 -0.0116114976090963 0.229844528895819 -0.520365885430332
-0.0201606939265502 0.000503747245010358 -0.438375568113762 -0.828237483344283
0.00393932759434144 0.00169798012070988 -0.903810372307712 0.0125317503525487
-0.00908707519579417 0.0189045589204228 -0.227223540143032 0.681395340979171
-0.0153861728859448 0.0212901110388132 0.3419646563444 0.384546003374526
-0.00270702634428252 0.0233131690226247 0.305934947268766 -0.00169804404985454
0.011604556510377 0.0143273968584778 0.0265715279319434 -0.202232073031254
-0.00620334279771475 0.0113593768864539 -0.0195778175466688 0.136573070060469
-0.0140962402229308 0.0230006061243303 -0.230557018778346 -0.00604595976554174
-0.016314678137328 -0.00463325056765991 -0.276167515104604 -0.294573744829837
-0.0134889150841576 -0.0124978721518859 0.250720773418679 -0.555171897188219
0.00562935990737664 -0.0292001239489354 0.789727495690573 -0.0523871367508113
0.012649728420834 0.00657803185496153 0.464996231082318 0.719567015073657
-0.0245936872353777 0.00417925161717476 -0.223287205289017 0.602126624004658
-0.0182614479139906 -0.00918930381821688 0.0166469118377148 0.0808025685765127
-0.0174307997510222 -0.00977322112070588 0.224061096980009 -0.525345907761998
-0.0178714235927847 0.00159153861643316 -0.452486658544801 -0.819062458642954
0.00492978558199971 0.00494944135632269 -0.89992775601912 0.0295887303445794
-0.0104410145853128 0.0223322937286485 -0.214475906054187 0.685576474860563
-0.0142254450273924 0.0213344236449048 0.347152360173956 0.382345190644858
0.00209025096623198 0.0246436283135497 0.303457235909893 -0.00290405102724633
0.011310995154941 0.0174997918124104 0.0240602027350369 -0.201735408171168
0.0107944464463301 0.00549397706437754 -0.0208846891560032 0.140873437358606
-0.011474803178666 0.0165275274873161 -0.223033611921624 0.00484710458080592
-0.0150861045313974 -0.00953188650028263 -0.303437821801985 -0.288665675351952
-0.0202384253797383 -0.0213977826609489 0.179622405814843 -0.577051146694575
-9.27099445663087E-05 -0.0354946928716423 0.777150326871385 -0.116716230574255
0.013086692956503 0.0112175544238005 0.539608680055442 0.673596180464563
-0.0333330192216947 0.0220923393210565 -0.163923358685993 0.611991678535852
-0.0377132120479002 0.00719665536170215 0.031847424588127 0.0849715274893794
-0.0290265030700916 0.00572069421734878 0.262855624719523 -0.516026421304047
-0.0177895900082897 0.00758787123491438 -0.391156990611619 -0.852432780292525
0.00040109582462081 -0.00149186905396467 -0.912289541132907 -0.0230144593971719
-0.016875796996522 0.0100342518858161 -0.275425090551714 0.675200998634485
-0.0118958783648089 0.0119717177644344 0.321349537893098 0.388115493640588
0.00742785512970404 0.0169757487219601 0.312762748992317 0.000806958840660909
0.0296657254162054 0.00843307150265534 0.02369694471988 -0.193463489472793
0.00933713579517392 0.00470184941817857 -0.0182775788414216 0.140067199045612
-0.0153702323709065 0.0164641525333153 -0.222026824881537 0.00446684368514442
-0.0169327988273324 -0.00751592831519505 -0.307564164148249 -0.288029447329001
-0.018252393002367 -0.0223423369708868 0.17241000313473 -0.580166247468039
0.000217682309035508 -0.0368776980113943 0.77276452276957 -0.128821264609938
0.0113955580932862 0.0111268949478284 0.544530363922504 0.667415975524697
-0.0372208019248291 0.0222431560120858 -0.161563970026402 0.613825821047995
-0.041119344580281 0.00689081426243847 0.0269212429245946 0.0887253688776997
-0.0326667804782658 0.00551913675810523 0.264634207575081 -0.511311254256424
-0.0199785904514385 0.00709371745009869 -0.383052134283518 -0.856720866977807
0.00275220329024642 -0.00446436153057472 -0.915364870525494 -0.0382349995515182
-0.0138257257528479 0.00828101557189269 -0.282990654218754 0.670269933768919
-0.0121115692218654 0.0138766209511101 0.319979629702528 0.389776560230576
0.00282013299097004 0.0170828826699062 0.314167791490065 0.00157602108176426
0.0278308054636051 0.00679222485868895 0.0281341302003397 -0.195790858222678
0.0052540756478806 0.0041792448127349 -0.015083435083622 0.140543790189603
-0.0187469009397412 0.0180827710050211 -0.222134272221909 0.00369664064464013
-0.017762626845655 -0.00605596653025338 -0.306027874527969 -0.285135349398061
-0.016730100206988 -0.0219145027309513 0.170578246076768 -0.581942370489812
-0.000774075146429442 -0.0382757361402452 0.770735774488812 -0.136467018044766
0.00773266135766302 0.00797267258246134 0.540632634371429 0.66470271679111
-0.0382678659086592 0.0175590474586245 -0.165984456707889 0.617115198779991
-0.038464695463707 0.00201946008263676 0.0221381618931502 0.0911274310434002
-0.0327867265206676 -1.50546804820175E-05 0.261245698728913 -0.508077028735057
-0.0228853429142062 0.00344334335984028 -0.383198918416871 -0.85951668729568
0.0035018964604467 -0.00572524463919997 -0.914175388322463 -0.0450776123469039
-0.00962801554549131 0.00796122029536289 -0.28325641375611 0.670218532392323
-0.0137605549713569 0.0158650337434475 0.320062934565598 0.391446806274837
-0.000929845341156156 0.0169348070979574 0.315325899162168 0.0014493800334942
0.0244368477486612 0.00630242561182905 0.0309948324416716 -0.19736252785541
0.00229536379180196 0.00347550724279223 -0.0141204729870479 0.139002864884441
-0.0210416017885215 0.019240896886956 -0.223232409432699 0.00258309785219917
-0.0188696483744542 -0.00420755308883197 -0.302724598276166 -0.286738068137913
-0.0137414543097567 -0.0211696535049829 0.180821977394572 -0.580096982470159
0.000220588337235308 -0.0388250668966949 0.772139237966375 -0.126588929655309
0.00536910051039906 0.00599677571803618 0.532281764780841 0.672558019725959
-0.037378348953784 0.0122536097165679 -0.174687958556951 0.615757975288128
-0.0348680580276013 -0.00333130810163624 0.0188959828459176 0.0913184334068085
-0.0311238086962813 -0.00544082046874978 0.254635160408363 -0.510048497399069
-0.0249647330620412 0.00110969246500121 -0.394132327390216 -0.855661964753823
0.00363157262276634 -0.00528173273471146 -0.914433487563557 -0.0347239413381001
-0.00778694536559551 0.0110991390101157 -0.271866304776337 0.670569475637731
-0.015752067674451 0.0183128185828968 0.325217020881623 0.391328366525222
-0.00403138837346098 0.0178463909526281 0.314778443446706 0.000910107854459969
0.0197961948190003 0.00885845956748104 0.0318043642110486 -0.201296849445706
-0.00155608967950409 0.00483942104565723 -0.0134775536232132 0.137595732695583
-0.0217161066085097 0.0199267654290972 -0.224959903346855 5.52685775504937E-05
-0.0185810395074941 -0.00248336555646782 -0.295865822017209 -0.288944147231882
-0.0121656171522261 -0.0194618950122099 0.196339389681634 -0.576508374054994
0.00184569392088234 -0.0371594585469594 0.775908686747361 -0.111910305492977
0.00619298879981888 0.0048549378802033 0.517267941790832 0.681952771050105
-0.0353364724383052 0.00802016498120155 -0.188452128249121 0.614600960410826
-0.0310567658023289 -0.00619781141660572 0.0164881488357083 0.0890897268148552
-0.0292439503173175 -0.00807999688661246 0.243500328820101 -0.513516679511003
-0.0252340135999685 0.000437985885202122 -0.413932430497185 -0.846388227005238
0.00388554306433718 -0.00416723746628738 -0.908703644117747 -0.018957962913199
-0.00658081360449347 0.0121675693330167 -0.255571263506246 0.675065917975494
-0.0163788870047511 0.0199480711723389 0.334138627839549 0.387471759128349
-0.00527837314491019 0.0196993277285454 0.312421661729193 -0.00178293127735511
0.0162408537514741 0.00932489494054587 0.0310250134145177 -0.202139352690634
-0.00329852250424392 0.00727875260843841 -0.014436536622634 0.136624706300314
-0.0198398197733488 0.0210102945205102 -0.226874881274277 0.000114096810319318
-0.018317122404021 -0.00262025665354133 -0.289379895554109 -0.290260379485692
-0.0113087969839087 -0.0176476152719728 0.212419513925225 -0.573739951632525
0.00301031055788274 -0.0354510856984778 0.781288311743094 -0.0953295242525803
0.00683493296080555 0.00407437033487814 0.499749039277363 0.694895622416186
-0.0322186868520724 0.00555289115787673 -0.200460700975481 0.610513031340656
-0.0275551362008654 -0.0084558634880836 0.0148718049006309 0.0874158944178115
-0.0255906977679295 -0.00994413279384533 0.235020611238068 -0.520178351715745
-0.0236914902544357 0.000685199735678769 -0.430888199200282 -0.838010713298985
0.00393161020752877 -0.00169033928065569 -0.910846555551827 0.00273776292491766
-0.00758238951651228 0.0160553183449278 -0.238976539897742 0.682298863176615
-0.0162765208799694 0.0210923725364607 0.340299231465971 0.385425235785673
-0.00429958039932872 0.0213912016511855 0.311078111114229 -0.00288739887188834
0.0134278962346664 0.0118558962804266 0.0290805634737291 -0.202449790355353
-0.00483072444117769 0.00892001698099841 -0.016502962690463 0.137634614492586
-0.0168382192783538 0.0225369836211221 -0.228862504443579 -0.00156141906923342
-0.0175142614086887 -0.00336884226957225 -0.283253532439793 -0.291061047682514
-0.0122417853469634 -0.0149330930838391 0.229770442518717 -0.566388536330578
0.00457331509979444 -0.0321468732948794 0.788598994007699 -0.0742485599646844
0.00993547670643747 0.00456234043464335 0.484929124073344 0.704051607863812
-0.0286012694773941 0.00403820716401331 -0.20869982033187 0.607732939652363
-0.0227386809284157 -0.00863446005132214 0.0158592392695678 0.0840529348732754
-0.0207346209353665 -0.0104016457736482 0.227294900601704 -0.521650318589081
-0.0208420982125829 0.000263931291923834 -0.447946415641398 -0.827954576663399
0.0042943814161496 0.00297160663363555 -0.903144336230835 0.0212870681129426
-0.00854684123507881 0.0195353789657813 -0.220804872553874 0.685493957720833
-0.015569781975235 0.02137210101784 0.346657896952363 0.384193796628421
-0.00177219900677191 0.0227581946054918 0.307173542373455 -0.00373405593448365
0.0115578934015742 0.0144999762300072 0.0266611973907547 -0.20228042950216
-0.00585336645148463 0.0113483195638914 -0.0197091531610619 0.137636843630349
-0.0137676849807219 0.0235554802175845 -0.229587934870687 -0.00373870367937701
-0.0166860059389067 -0.00437911749997833 -0.27732323995513 -0.293483232238432
-0.0135533976392288 -0.0117418398035808 0.245256633110432 -0.561023918420475
0.00473004248622315 -0.029116754172158 0.791477917451774 -0.0593618118230636
0.0127377564799137 0.00625885027352092 0.471991870305377 0.716434302835714
-0.0245725834792123 0.00493876990092598 -0.217966132953173 0.604752472264352
-0.0184235265032561 -0.00864280440551626 0.0176392220197691 0.0810675068283822
-0.0168797580455376 -0.0100538949283952 0.22108230250962 -0.529391096979839
-0.0172136402059864 0.00235486741658622 -0.461616686264117 -0.818194445113006
0.00392989213856831 0.0048828989751483 -0.902628424257057 0.0381606185268717
-0.0101338084763358 0.0220206534082781 -0.209624904660166 0.689558376865576
-0.0143346434796466 0.0208194792118616 0.35173363737803 0.380403403344522
0.0026230266880622 0.0249537398118544 0.304735668744166 -0.00627351917311951
0.0113792548919662 0.0159680683165857 0.0236249381422571 -0.202373921033076
0.0106059641403783 0.00596947945657909 -0.020766264607098 0.141786562293681
-0.0106619576028216 0.0159726868854684 -0.223094467801403 0.00811741557932811
-0.0150384546216509 -0.00931871418469701 -0.305914279106928 -0.28722933615768
-0.019667227344914 -0.0203663988754836 0.173297599993571 -0.579584672799331
-0.000533147034152739 -0.0346557301469814 0.777325228899126 -0.123581395113018
0.0127409982532095 0.0106901540244819 0.548356656913138 0.668442374713065
-0.0331087808932553 0.023079840427249 -0.156681334361554 0.613328038816267
-0.0372189940684931 0.00739326571633585 0.0318717199934704 0.0846426072524296
-0.02842658213876 0.00651620704020871 0.259419755522584 -0.517777265411539
-0.017636166695206 0.00919154912387588 -0.399597368620626 -0.848331565401134
0.000453047923662794 -0.00212723348824051 -0.913001722999609 -0.0149360272018603
-0.0169099698639112 0.0100135472737134 -0.267623396053915 0.681219433923493
-0.0113018712398313 0.0122658232101749 0.32726398700773 0.385182796128209
0.00739489859475572 0.0167256623933633 0.313714517978943 -0.00299068958721695
0.0297802821774138 0.00761669377486713 0.0232697876742202 -0.193941756061635
0.00871674272168898 0.00406164113693314 -0.0173408482020016 0.140334770157892
-0.014834323175075 0.0171442733534314 -0.222359375852743 0.0078018866396136
-0.0168811842426695 -0.00758620829495422 -0.308470739803564 -0.285041200247223
-0.0185210927570791 -0.0208875872314561 0.165987203687944 -0.584165353100924
-0.00120038661002917 -0.0369330961559791 0.772399385354386 -0.135990757358435
0.0106332027154584 0.0101953309110628 0.552252845410539 0.660131036119336
-0.0372966145288757 0.0233255560551936 -0.157036088808156 0.61654028801736
-0.0404761470563202 0.00727953052669036 0.0267222907262326 0.0880153728768685
-0.0316491534679546 0.00689827283607691 0.259750747785937 -0.513370540671738
-0.020246039457215 0.00849447626765119 -0.392461835023513 -0.854257524865267
0.00274703184135479 -0.00458042970803865 -0.915416181830544 -0.0280162343774034
-0.0134382016603709 0.00884403507911125 -0.276000850747726 0.676626593881262
-0.0124018351206014 0.0142623537064243 0.325945668829323 0.387724628054285
0.00391679235277893 0.0170650401347332 0.315273098179679 -0.00173755015807139
0.0279593144324151 0.0054250751390708 0.0258290965158397 -0.196171635136854
0.00553688337812514 0.0036041328553424 -0.0147630315269272 0.140052401830165
-0.0184478824414725 0.0182402752765326 -0.222755489491274 0.00653123523059511
-0.0183233697362137 -0.00543483631414615 -0.308093050199441 -0.283525220682982
-0.0161132242849064 -0.022144081335422 0.165761377146619 -0.583862372454979
-0.0011910723483212 -0.0387361864127448 0.770934814299054 -0.144379261812442
0.00765155389542891 0.00749786815942589 0.54976053032475 0.659385173980025
-0.0377864065015959 0.018419671307028 -0.159491148390992 0.618438010594101
-0.0385774643767803 0.00254510668859003 0.0228033741585127 0.0911647554287657
-0.0319778682428007 0.000935854362184471 0.257378049201824 -0.510578554872203
-0.0226328198606953 0.00430501568200256 -0.391781570307052 -0.857611171141987
0.00288850107453714 -0.00598182316640675 -0.915854544363885 -0.0357537529000608
-0.0109346834368403 0.00970424115687508 -0.277755363999795 0.674082121604824
-0.0143433204745927 0.0160043131908849 0.326200556396586 0.389125408212439
0.000443949567716909 0.0172832938151329 0.315695283708134 -0.0013166220036628
0.0248765058933069 0.00553076761301868 0.0296503888540121 -0.198975169808655
0.00337567843659346 0.00429185635207032 -0.012837762197989 0.138427359321187
-0.0201233372941051 0.0193245705320393 -0.223834289160457 0.00535302052886326
-0.0188169806045165 -0.00344082959660178 -0.303993222820821 -0.28520772987492
-0.0135669004281111 -0.0211925185636019 0.174792190830808 -0.583224341064676
-0.00105218979939014 -0.0383208971181639 0.771723253969065 -0.136740870368643
0.00540895717967986 0.00537294041861247 0.538741968147975 0.668649491117799
-0.0381279871292372 0.0134936023511829 -0.169014535723528 0.619260424623415
-0.0353160716870216 -0.00287936049443832 0.0194659962438886 0.0914700273240629
-0.0310746262028952 -0.00484990821306293 0.250432218260126 -0.512952407712004
-0.0250217394389342 0.00241417902360293 -0.403620829026765 -0.854114022452863
0.00401822418844892 -0.00564377923679937 -0.917255946685723 -0.0271121495638959
-0.00814893025124197 0.0103094586516923 -0.265569224358454 0.675892537691942
-0.0157125298731484 0.0182132606600822 0.330086069264637 0.388285053367757
-0.0033029939495337 0.0179322128700747 0.314915867448672 -0.00254750324827144
0.0202847293446626 0.00669155366336372 0.0309870185617848 -0.201214203157245
-0.000737168361086356 0.00528655517535518 -0.0131558048512224 0.137985482636648
-0.0205463375903254 0.0202106104563706 -0.224509915740197 0.00409054208768487
-0.0187449790554776 -0.00270401554350276 -0.298161640081253 -0.285809765161901
-0.0119959805127172 -0.0193406086715875 0.18985767997143 -0.581740882264305
0.000781640086115689 -0.0375895609192002 0.775838501091656 -0.12027866609595
0.0059204927227719 0.00469672491817714 0.524033445638977 0.675540443722806
-0.035644252499773 0.00922964462461953 -0.180580171804328 0.614885234675226
-0.0312679853610836 -0.00601338346608289 0.0175110754207138 0.0890431998100444
-0.0287799741454652 -0.007113197670377 0.239736203230102 -0.51686215117458
-0.0248875443759159 0.000783801301726388 -0.422618586907121 -0.845634779919449
0.00408031890546141 -0.00527439632893807 -0.912930492019678 -0.0107922279968978
-0.00636405520999385 0.0130365011381342 -0.248095052090367 0.680059538884997
-0.0160932475299672 0.0206979563159898 0.339285215853993 0.386740740279109
-0.00406300556276487 0.0193101808101339 0.313074696776065 -0.00560214940345236
0.0164932695973104 0.0089217234992077 0.0298723789937398 -0.202362723404403
-0.00330127712766852 0.00702657442096291 -0.0144630046427779 0.137249867428227
-0.019266157705113 0.0216992895993144 -0.227081284272467 0.00237114013724748
-0.0187510867588852 -0.00213027312378692 -0.291503309713371 -0.288404339294284
-0.0118831807779385 -0.0170038333737357 0.208139557964798 -0.576903529578421
0.00238301724567061 -0.0361534129436543 0.782121512047186 -0.104487330476801
0.00663460827975488 0.0040593780470883 0.507760808480842 0.691627040978977
-0.0326025934139712 0.00580298952296512 -0.195095809079367 0.612779140850528
-0.0269456228348976 -0.00770067652163478 0.0160065759657147 0.0877466023933871
-0.0256350158497493 -0.0090314122752541 0.230902383016005 -0.519749263590701
-0.0233311285173677 0.000809252086288167 -0.44058710953705 -0.834247411068613
0.00363906425176768 -0.00145273755230075 -0.912221062993819 0.00990539005442814
-0.00715888359264644 0.0163544542258505 -0.232160089508323 0.686583402065763
-0.0164446008452536 0.0215479349901326 0.344778119548144 0.38174219940515
-0.0033126006737385 0.0215002565108733 0.311528679530765 -0.00753728380900252
0.0142645370742166 0.00969656787712076 0.0288836181306616 -0.203100341142778
-0.00490946415949229 0.00963266774178513 -0.0165858049576367 0.137782545116206
-0.0166358746094329 0.0234417291724099 -0.228862964649029 0.00114470854781031
-0.0180789488630361 -0.00236635974835008 -0.284297351924297 -0.288786402315904
-0.011617960383716 -0.0139377146477734 0.224863540232351 -0.56988999989277
0.00396676042404831 -0.0329581208634475 0.786964920735276 -0.084481583206504
0.00955403271161085 0.00452551663127353 0.49242844893908 0.700825729783621
-0.0291048175163233 0.00518030033724723 -0.204524224227136 0.611215831448132
-0.021810910964764 -0.00823238899543661 0.0167172258794015 0.0843176532169765
-0.021844771576624 -0.00925845468627154 0.220753476397689 -0.52588879669667
-0.0208451698627889 0.0012969377501754 -0.457012730054279 -0.824318285208545
0.00446529512848242 0.000554436160473638 -0.908721415655844 0.029016955555649
-0.0085825956404134 0.0197022152226062 -0.214488328752483 0.690187517482281
-0.0159654702623712 0.0225152046744699 0.352146183585951 0.380194726335545
-0.000215204962124394 0.0229550878359537 0.308614167676931 -0.00792649699444368
0.0126588498755993 0.0131068906573792 0.0253469447776509 -0.203696486110437
-0.00571857028118372 0.0112761441679104 -0.0198004728570853 0.138509454018251
-0.0127976108178006 0.0235240851903341 -0.230289140462542 0.000500350537250481
-0.0173586205253247 -0.00388621101277727 -0.27981819989441 -0.290628315018548
-0.0136823607406574 -0.0112008676560897 0.240288838023573 -0.564144207699728
0.00427165353353609 -0.0302710330559882 0.79029369372531 -0.068818522761359
0.0123663520029002 0.00540527874061329 0.480454946552696 0.713503123555676
-0.0238679401023045 0.00532960027783132 -0.212738262173897 0.606878629148175
-0.0184423817026337 -0.00894265252214889 0.0185983060808456 0.0805576315810971
-0.0169095621610228 -0.00937746453011484 0.216337062309482 -0.530700683331832
-0.0168730834753405 0.00294828460574779 -0.472102579557067 -0.814762540043217
0.00413169606593764 0.00463933342944375 -0.903990838385043 0.0461105363803693
-0.00995914062527964 0.0223111340932026 -0.19945892223951 0.694055956064785
-0.014511635295527 0.0211844881942219 0.356910599764912 0.377492540859122
0.00328309947405957 0.0238204271426358 0.305902159324568 -0.00931761211399564
0.0114838868321897 0.015061162698543 0.0218419925391041 -0.202162957821795
0.011247013918702 0.00624255338761092 -0.0201199267843264 0.14173416375906
-0.0105802161619929 0.0165958293664203 -0.224365177680989 0.0105353376298122
-0.0156636918953421 -0.00945192357742539 -0.309461637595942 -0.283553295111353
-0.019899690293238 -0.0191610582980474 0.168550737008735 -0.58554229579624
-0.0016154739574989 -0.035123111386501 0.776263577024899 -0.133234925761271
0.0132178860500438 0.010484780683639 0.556265547302141 0.662342797457995
-0.0334919064921476 0.0238802683628591 -0.151643343477854 0.614952011858639
-0.0374598798504539 0.00782888349647113 0.0337929426150871 0.0837604029562333
-0.0281156676486253 0.00711269274826766 0.255433552785048 -0.518891303525987
-0.0178072481467864 0.0101476352713901 -0.410111944421808 -0.846152398780229
0.000193088001585559 -0.00187089728984673 -0.916357960065996 -0.00549875411463338
-0.0168403945182483 0.0109660118349004 -0.259316976545839 0.683584096539558
-0.0117116321465887 0.0135122851266686 0.332445108290236 0.382256153278439
0.00857984138438602 0.016146303585348 0.315692982312255 -0.00697012260713992
0.0302507811923828 0.00641325373886203 0.0220336457453628 -0.195279408770195
0.00901128346660314 0.00396368868896048 -0.016589002922325 0.14067952965958
-0.0147949303825388 0.0167297200777268 -0.222546567512083 0.0113745312407753
-0.0176179667890792 -0.00764243505024523 -0.313119816225963 -0.282175788109113
-0.0186952677788904 -0.0203853805379706 0.160104293950135 -0.588080333429812
-0.00195178134159703 -0.0373744287000027 0.771725430824968 -0.147700861297011
0.00987683431914 0.0099427004414668 0.562150480560371 0.655601462246763
-0.0366638119733522 0.0233568793675104 -0.150116682695793 0.61993391289335
-0.0403713824908829 0.00799829374546555 0.0277605815687768 0.0881604447903936
-0.0318045279014475 0.0072789987162184 0.254197992674764 -0.515490610900278
-0.0201869488603759 0.00751432174318485 -0.402635298718114 -0.8523158537185
0.00209140754703633 -0.0053103575708116 -0.920512403913574 -0.0194324059281693
-0.0135115362237511 0.00915617198003914 -0.267783687896889 0.68105220569131
-0.0132548124815455 0.0153826021524016 0.330984476799748 0.383133442505163
0.0043060694184492 0.0158562230237516 0.317076899420436 -0.0062142587430198
0.0283314750502341 0.00521914176814987 0.0253283161069161 -0.197369125838034
0.00658792054844823 0.0036202916836145 -0.0141042723958953 0.140767569429926
-0.0185272766765889 0.0185511872592614 -0.222699588507378 0.00975726485953323
-0.0185660267362632 -0.00563897289882318 -0.31124275099058 -0.279632316050596
-0.0166249361733168 -0.0207774662507538 0.158533878333039 -0.589585727763813
-0.00216037625051015 -0.0384143003214336 0.769729112807503 -0.153840403440621
0.00770645582509717 0.00753032768776278 0.557438517429959 0.653027881720713
-0.0378438751130146 0.019272060797484 -0.153685780692206 0.619745047082929
-0.0383237919689787 0.00276887445996048 0.0236423703744619 0.0901182770828239
-0.0320091478152167 0.00224007880699385 0.252075532726202 -0.512937190093702
-0.0224910564225528 0.00574547145012413 -0.402370281478219 -0.855188828047071
0.00272598745015236 -0.0060558523757891 -0.918799859544026 -0.0266245567740634
-0.0103695102012316 0.00876822773326674 -0.267421613788575 0.679272898264339
-0.0151574869176629 0.017085438828395 0.329617535742989 0.385606462873107
0.00067685688264022 0.016696920866486 0.317120585783897 -0.00538451374483786
0.0248549171002472 0.00451157177001507 0.0279955001955473 -0.199389619857416
0.00342253656517151 0.00360554914299296 -0.0132695521229307 0.13850514085274
-0.0200151371285388 0.0199542248978718 -0.223248863703087 0.00816857637392455
-0.0187230719748437 -0.00350336605639188 -0.30625138914189 -0.281832301336308
-0.0139758166047776 -0.0202292529802 0.167669131202846 -0.588026834158858
-0.000784503709206373 -0.0392655518637883 0.772007423365511 -0.146442479112351
0.00490450982122941 0.0053468794154227 0.546517815403309 0.660267624744904
-0.0375706350615213 0.0138600922688474 -0.163079286834173 0.619508433246658
-0.0356612379040603 -0.00200280649549036 0.0197210876346199 0.0912958255655745
-0.0315111096624795 -0.0039695486011428 0.24464693526946 -0.514247687179218
-0.0253887735429759 0.00214487371310407 -0.412575485614076 -0.852224748604366
0.00346307274151849 -0.0061977506020957 -0.917731660870265 -0.0154961361944661
-0.00758091251311027 0.0103989974839622 -0.257939164634178 0.679864137951572
-0.0155385504267314 0.0187969556674586 0.335576937022275 0.384689583532992
-0.00309109586839286 0.0177988834769008 0.315672883397388 -0.00708824307232854
0.0202357920126529 0.00588815545017146 0.0291056068487661 -0.2017520320676
0.000232085084091125 0.0046464001917369 -0.0134364781074177 0.137815611614095
-0.0204933313859798 0.019931943573415 -0.225228028386375 0.00682863766472544
-0.0193057047994858 -0.00278027583563919 -0.3015254470253 -0.284145699619955
-0.0113788286243669 -0.0183480262479492 0.184270878295086 -0.585858032201925
0.00049574238452638 -0.0371814453523484 0.774943750244483 -0.131220540178629
0.00560404583369667 0.00437324126465953 0.533434189137353 0.670472620745352
-0.0356676756592016 0.0109503488332367 -0.174506062043421 0.618507817399815
-0.0307568209975883 -0.00543223279166037 0.0180800300169184 0.0893966304708101
-0.029223104782518 -0.00642726586881669 0.234532161836842 -0.518921700266873
-0.0253493423013243 0.00103568434813813 -0.432764067368546 -0.83974010175984
0.00360216450735912 -0.00530477167634736 -0.916352191543262 0.00213162143419215
-0.00742969771499891 0.0139095520087232 -0.239211536515745 0.684344249672941
-0.0166119539484603 0.0203043415042613 0.344440416869185 0.382093445426091
-0.00419271292978426 0.0188146786383161 0.314415206917338 -0.0100849006836791
0.0164783677229253 0.00747480421931006 0.0285659142170297 -0.204151907791036
-0.00247772445017045 0.00707800183619905 -0.0146942205833154 0.137471554966026
-0.0190477172985535 0.0216854834100118 -0.227531987246303 0.00564849632235667
-0.0186893828481499 -0.00175199969846739 -0.293865121597261 -0.28383451616575
-0.010791829944657 -0.0159396494888999 0.201357400348806 -0.580680408332567
0.00206976960627626 -0.0361716088760048 0.781821575998759 -0.114126483322618
0.00717476693374323 0.00425138301837726 0.515963920183728 0.685216780339606
-0.0324001942242609 0.00771127418608497 -0.186772028224535 0.615987544889529
-0.0269637519305076 -0.00753168137935376 0.0167376752173822 0.0872694866184174
-0.0258783590260251 -0.00863625441475156 0.224947204740198 -0.522902410626143
-0.0244654008880696 0.000416900463557694 -0.449618433300853 -0.830787505399861
0.00358447108440844 -0.00200619617903695 -0.913687720607179 0.0222137757416791
-0.00678818690294144 0.0170914637986052 -0.222851906716946 0.689607172536959
-0.0166508330157542 0.0214150268788523 0.349671089325485 0.379305047835051
-0.00217709750933624 0.0212842560583306 0.312349653978747 -0.0115064092298241
0.013931158486169 0.0106442920302577 0.0279704310135829 -0.20423297354139
-0.00453591214836608 0.010001049123387 -0.0157794655909137 0.137994558252226
-0.0160722331257808 0.0222683544328988 -0.229249550483652 0.00468803322801347
-0.0181681164833498 -0.00266448583676465 -0.287904027896352 -0.287416335781591
-0.011852826276896 -0.0139227478045827 0.219058756584197 -0.574545826614436
0.00380447313284926 -0.0327092217044526 0.786460177915911 -0.0944080643351439
0.0092685950124099 0.00414678636818262 0.502012472810301 0.695360004220839
-0.0280043868471425 0.00621374541683349 -0.19622246355543 0.612485061332043
-0.0226361578877733 -0.00804798604960147 0.0164014963545939 0.0845047753948719
-0.0216105367201622 -0.00897907882866344 0.216135665007006 -0.527340482019833
-0.0211246325758762 0.00263610995488869 -0.466819493652011 -0.820741910158565
0.00377189586049788 0.00108179048820351 -0.908874278979393 0.0396002565076592
-0.00812414747637833 0.0199433310453504 -0.207185286866764 0.692531042701685
-0.0155089844947074 0.0227216497414026 0.357706714376212 0.3760018743701
0.000680914616848114 0.0219931181356541 0.308581547517814 -0.0111867913398303
0.0118724899024603 0.0129114062116112 0.0241337565659085 -0.203470148287963
-0.00460307258129688 0.0115523676578542 -0.0183987416115983 0.137640151182584
-0.0129239001207682 0.0233539642144672 -0.230347616450643 0.00319933358556269
-0.0171505245081872 -0.00361521010272001 -0.280006638907423 -0.288511773771724
-0.0138520505270056 -0.0108390512842296 0.234010060017181 -0.568737563032807
0.00410459846355733 -0.030057712774509 0.791749472986171 -0.0785815972209474
0.0120456393795384 0.00560252023054417 0.489858907702234 0.707555797636115
-0.0242225697872066 0.00629297015434753 -0.204628445369945 0.609646768543901
-0.0185957448074641 -0.00914432602405568 0.0195030105080449 0.0809230420057722
-0.0173909753140039 -0.00868264731486315 0.209716991930457 -0.53174116086122
-0.0172480983822161 0.00285431292941692 -0.479636885322433 -0.810267153443751
0.00392006695194301 0.00449903460190974 -0.906745064145507 0.056543726909803
-0.0106353344911214 0.0230408413241446 -0.192110587220007 0.697375174190081
-0.0140788627850599 0.0219085327883969 0.362983095219501 0.37395552644161
0.00418373644694804 0.0238104096805414 0.307932345715455 -0.0133574718655984
0.0120103307240849 0.0142721921147122 0.0205573208674431 -0.203102132768321
0.0120784932399866 0.00511897831164769 -0.0201700445596379 0.14288248891773
-0.0101197394363834 0.0163846148190577 -0.223524776322953 0.0137783457496842
-0.0156114400083772 -0.00832221961051563 -0.311323674530184 -0.280848216835649
-0.0197617809552978 -0.0189188231736264 0.157612987527733 -0.585924761688168
-0.00284666499481412 -0.0352833301003092 0.774833097070654 -0.1447672929828
0.0131133076392863 0.00897360679285122 0.563302231096021 0.655700796210727
-0.0321685564764405 0.0240781030293906 -0.14257814979794 0.614918170911273
-0.0375743162002444 0.00821257086918981 0.0336606908359346 0.0835862860991263
-0.0285830242332922 0.0088802866812389 0.248889251964662 -0.521313559200568
-0.0173098336911553 0.00925050071978788 -0.420552227142656 -0.840692395719544
0.000336177051471535 -0.00292767502450193 -0.917600634388015 0.00611694700703519
-0.0175260768010051 0.0107055171061407 -0.249703998948017 0.687819577853765
-0.0110670589244004 0.0131572059022622 0.337144503875116 0.377865987332594
0.00855615172355146 0.0152773975686301 0.314748469783684 -0.0116754047617001
0.0297519258271325 0.00490356118800655 0.0205653456332812 -0.195054370166768
0.00973804346970638 0.00378957029815676 -0.016488931537998 0.140936802960542
-0.012982498376794 0.0171889719281223 -0.222702023612556 0.0152122087966816
-0.0172795483230319 -0.00677921816159326 -0.314320748932191 -0.278515397616148
-0.018882954271794 -0.0199620114392333 0.151880191782745 -0.58896758421495
-0.00218652446865901 -0.0371376516665082 0.770787588052962 -0.15763789772574
0.0102285211350092 0.0101674327894306 0.570337338024518 0.648393635615263
-0.0361828846645925 0.0244733115086947 -0.14201555876562 0.619209768849084
-0.0401762522567386 0.00826074029140473 0.0294103126895604 0.0875024312239731
-0.0317108772854389 0.00759811956600879 0.247762540729105 -0.51805360801219
-0.0204808306091154 0.00912178453959528 -0.412217824541727 -0.847632055838445
0.00286121504498549 -0.00541988183584333 -0.92003521309332 -0.00664518088270858
-0.0136606101918396 0.0101784850430339 -0.256902682779757 0.683999008548303
-0.0121490265650018 0.0153048908820575 0.335693284484103 0.378501051214448
0.00403273235739186 0.0159744641591544 0.317019545073935 -0.011208534621945
0.0281595458243648 0.00377069722894211 0.0241693976329475 -0.197056031366727
0.00688092766285995 0.00340301034371287 -0.0135551751315925 0.140631882778814
-0.0175741149710226 0.0184671236604205 -0.222458515166378 0.0129955304620851
-0.0183886117181117 -0.00469647150209555 -0.313943784232805 -0.276233981638634
-0.0167397606995759 -0.0200917524168041 0.149575975274444 -0.592314132821113
-0.00244966641241184 -0.0392395190327221 0.767926374039392 -0.16395518541062
0.0075174918661829 0.00679876848283835 0.565843647138855 0.644231398465396
-0.0374123771658226 0.0200433344132644 -0.145404879433057 0.621773968734152
-0.0379241787861747 0.00396342859889014 0.0246178864448779 0.0907767855067911
-0.0321131444863097 0.00313040156600624 0.245157917588384 -0.513986355314702
-0.0228224601093835 0.00622597923833744 -0.413346698708925 -0.849164792524728
0.00347251521013319 -0.00645881319317678 -0.921417550614939 -0.0145750736957458
-0.0103813945066679 0.00935221700063564 -0.258003068398793 0.681315555860868
-0.0139914823776601 0.0172994375829157 0.336859186400062 0.380089574117462
0.000377191468325931 0.016076344098611 0.318295051040213 -0.00987796244961088
0.0248864513317745 0.00296279206853181 0.0268858525678784 -0.200016444274792
0.00404255965585686 0.00376603559250811 -0.0117022187739072 0.139670636915944
-0.0192965647569793 0.0200043957383072 -0.22425266720468 0.0116139354546785
-0.0190489464776487 -0.00315182158805846 -0.308258440279657 -0.278924938754963
-0.0137561474040767 -0.0189876577900982 0.161266758369814 -0.59067859733806
-0.002371913682825 -0.0386177600584882 0.769453917873104 -0.156877326858351
0.00570050089253285 0.00458999513047989 0.555124356637551 0.651584985138671
-0.0376287214007791 0.0138397119469855 -0.155055964214087 0.620573293944158
-0.0350743038813814 -0.000619303822659245 0.0212709368150446 0.0904002398653532
-0.0308865130367554 -0.00325437978314357 0.238374662392215 -0.51872900183393
-0.0250068909229545 0.00389496224765946 -0.424504167182947 -0.84391123697884
0.00290341949870306 -0.00654100899143582 -0.919974576394594 -0.00505911527228131
-0.00816718297826264 0.010824745335357 -0.247559725704872 0.684656836576236
-0.0142447458908597 0.0192217315570792 0.342091492866881 0.380006063787399
-0.00255199433002108 0.0171891297594232 0.317497167718589 -0.0117881915258904
0.0213167223733861 0.00433775367740039 0.0280953451725678 -0.201937253346562
4.2216000754062E-05 0.00483825284476175 -0.011867508998988 0.138899857332882
-0.0195650373855103 0.0207605307354337 -0.224597395962688 0.0109883521380732
-0.0189426018058269 -0.00273517291466166 -0.303928667055703 -0.280259626253877
-0.0116488101257743 -0.0183444381724715 0.176816388971155 -0.587775243124209
-0.000645534023193551 -0.0376549975704137 0.772438227559154 -0.141788509852168
0.00555762014171182 0.00399272841261453 0.541356131948884 0.661797464120332
-0.0356909236273874 0.0109955498994159 -0.165514209091437 0.620996701883038
-0.0309163606736781 -0.00459044999034148 0.0198412254755982 0.0894364705655042
-0.0296780255729324 -0.00433518060222665 0.229377594638896 -0.521014675756396
-0.0253644685255268 0.00169090709352524 -0.443999851709379 -0.834626689805989
0.00326984281853925 -0.00541134527823712 -0.915999664933312 0.0146360219590677
-0.0066931393461426 0.012336443890135 -0.230155293684306 0.687840358230613
-0.01594478579742 0.0209271123545374 0.350564606136642 0.375703796658822
-0.0034728559808381 0.0193074150249301 0.314985203716884 -0.014613944373374
0.0165995931160405 0.00688915991100655 0.0269731996217672 -0.203154327997337
-0.00250070862396645 0.00740919672334082 -0.0138440100703608 0.137804569038414
-0.0177029613864038 0.0219909223558736 -0.226670140029374 0.0095760385167621
-0.0186922471617019 -0.00237847866467334 -0.295678023726947 -0.280898037187211
-0.0106095226155287 -0.0148001375797636 0.193706445137892 -0.583763342697691
0.00148460939631923 -0.0359811208984728 0.778442413320093 -0.124349716386032
0.00669781956323923 0.00339180407555102 0.524697781528857 0.675216459672999
-0.031913213741525 0.00764198159780938 -0.178954142470298 0.617804898677869
-0.0269605501664337 -0.00718661739284425 0.0178407979488578 0.0877790725887639
-0.0258849988832968 -0.00759436765000282 0.218708603771363 -0.525089222414655
-0.0249881655264995 0.00231993917586459 -0.460492008838035 -0.824460590799577
0.00360113596606981 -0.00308687764672414 -0.914825567512603 0.0326820143970716
-0.00629348323149141 0.0167098138723239 -0.213339157155599 0.69209577917477
-0.0158613534097596 0.0229541289345723 0.356533243204031 0.373750253940575
-0.00225915874550177 0.0208812881818782 0.312338980548114 -0.0160242151563606
0.0136509486701926 0.00881468901722916 0.0251779273515191 -0.204429007123719
-0.00359466468223873 0.0094062013990037 -0.0153436557352242 0.138462799360181
-0.0158948560427574 0.0231126071287459 -0.230065659442339 0.00847141430190839
-0.0183805559690877 -0.00250803627014281 -0.288946953410348 -0.282929429653709
-0.0111195290113116 -0.0142638248794203 0.210105505810449 -0.578679260009021
0.00207928217771655 -0.0322553884742293 0.786067669630254 -0.105918529311686
0.00893480004575908 0.00421523287069402 0.510777263857145 0.688859468697182
-0.0283278269896324 0.00663411946918882 -0.189268290755989 0.6154731783726
-0.0223362136787998 -0.0078421615953142 0.0169721146889741 0.0837607753985212
-0.02202187661773 -0.00798509863027652 0.211068533210365 -0.528948673100072
-0.0215185296456892 0.00246549847421797 -0.478130962162304 -0.814550110184615
0.00369613100144223 0.000649339434522453 -0.910278140111458 0.0516238868652775
-0.00827074386997066 0.0201617053082072 -0.196679128731562 0.696074830308831
-0.0152398572165088 0.0228810280567753 0.363471376727309 0.371747185606323
-7.19276569195945E-05 0.0226601681964419 0.30980520398948 -0.0153437117818911
0.0123046473822392 0.0118801551982967 0.0231729592154146 -0.204400411828162
-0.0045882577712628 0.0113052547916853 -0.0181109983860099 0.138280845059908
-0.0117998528219573 0.0233209431977534 -0.230654132015542 0.00648626155136194
-0.0178804485063615 -0.00346394887978678 -0.284234002651142 -0.284210608505273
-0.0132460571120053 -0.0109853854578561 0.227512276958003 -0.572103675215358
0.00305289496950362 -0.0312061068854183 0.78903858472923 -0.0874958955795517
0.0121040545963901 0.00491404852267162 0.498131068942975 0.701011582088009
-0.0243281688938255 0.00744273305735156 -0.196397197115184 0.612394068311333
-0.017641776972242 -0.00839926123017591 0.0194495398091656 0.0800305478555388
-0.0169584949892835 -0.00856288166851028 0.205120017997034 -0.531747197940305
-0.0175879944995979 0.00362725389887593 -0.49185458631693 -0.804288429740271
0.00417309268019884 0.00439566867011371 -0.905026081092624 0.0680183161435434
-0.00946312071948097 0.0231234010860206 -0.180980994383844 0.70123327417077
-0.0138297895050747 0.0228352693941556 0.366966314561252 0.368850365183659
0.00413558053903062 0.0235019136694315 0.307511976917908 -0.0175320614791889
0.0119435437295594 0.0137175015324548 0.0188323210280603 -0.203789354766481
0.0121203292955412 0.00514680352818543 -0.0184709848598078 0.141520673915213
-0.00933371475921838 0.0172718440669627 -0.222934258231193 0.018380053350897
-0.0157943959150075 -0.0087985401646026 -0.314440765122445 -0.275705781949807
-0.0198466098647403 -0.0172062936844427 0.150603842667137 -0.59095420825753
-0.00287756685479658 -0.0348355949304557 0.770350749068132 -0.155318767439254
0.0125951169744341 0.0105058398556968 0.571937492718028 0.64406883745568
-0.0322478609585755 0.0248368081368171 -0.134064997104195 0.616648596226311
-0.0374574958589945 0.00876854974605945 0.0348299498006782 0.0832484610962162
-0.0284319438662004 0.00903297566374597 0.241395481685182 -0.523341586581414
-0.0186295994432612 0.0103594146999028 -0.431389342302351 -0.835510996268197
-0.000809455085751684 -0.00311293207085799 -0.915004943501582 0.0213083810184825
-0.0162568967834188 0.0110268338062562 -0.23823967515749 0.689677828350407
-0.0117193767964867 0.0144267107143326 0.343753147609561 0.37225308639424
0.0101139505597157 0.0161047113801978 0.315011862583218 -0.0168193789650267
0.0298196266429216 0.00355778883784408 0.0192858020642839 -0.19468775070681
0.0105428183651575 0.00376872658651156 -0.0161332243698231 0.141442350021121
-0.0133877621379756 0.0173380310690732 -0.222225014203494 0.017690036579083
-0.0177915096569888 -0.00699226535549848 -0.316523600554182 -0.273666174573439
-0.0176071894982271 -0.0196595820831482 0.14407110527826 -0.59133228737282
-0.00299458691414383 -0.0373757905503297 0.766059928960142 -0.168879991662107
0.0111493011027591 0.00964037757385071 0.575447930386416 0.637532059987003
-0.0348320819674595 0.0260355909495194 -0.13295950752127 0.620146363875071
-0.0392549933153668 0.00862664289853948 0.0302152107883945 0.0872124883296718
-0.0309437491262156 0.00860295895127943 0.240602009725347 -0.520739276011353
-0.0199882469324357 0.00991059774464524 -0.424007055137435 -0.840252291348086
0.00266901794756827 -0.00516253989774103 -0.91955264567086 0.00619215746013352
-0.0127992854456662 0.00974454382176306 -0.247877717347621 0.688114473769409
-0.0119723053694421 0.016075137168275 0.340155251137445 0.37258621629406
0.00570934697237681 0.0160588529939512 0.316530287257209 -0.0152904282827165
0.0274019702350915 0.00190233482195166 0.0217840789622106 -0.197360392282047
0.00762720223723713 0.00336381012640512 -0.0129727403635379 0.140782340877638
-0.0177410436444101 0.0185923064849279 -0.221568434142221 0.0164799093495944
-0.0185904511594176 -0.00431567727014873 -0.313630852471085 -0.273193269779127
-0.0160337398396517 -0.0191808187253803 0.141163330602598 -0.593586287100964
-0.00325585240763134 -0.0379830591274015 0.762748640505702 -0.175052123519673
0.00725050685107182 0.00727043779453731 0.573591734124236 0.634451446338839
-0.0372835490796167 0.02130332603042 -0.136306002364024 0.620484551815893
-0.037907600241583 0.00407304964667826 0.0252113135746176 0.0904329213403119
-0.0315473122149923 0.00248527879166396 0.238102301104865 -0.515390193454368
-0.0230263948568293 0.00705798988247097 -0.422418802654736 -0.840869605071669
0.00223372550679162 -0.00670906928520218 -0.920679787290246 -0.000129720104036351
-0.00958022582458269 0.00979476575503358 -0.248227740008481 0.684804942309672
-0.0144160040288194 0.0175925487764087 0.341479902143582 0.375775730685346
0.000882918680802392 0.0159262493338642 0.317634756702436 -0.0155936893435407
0.0242337640701127 0.00332583865347392 0.0259082748688202 -0.199939243570131
0.00425647458731108 0.00486511903927452 -0.0109255913571555 0.138927097127081
-0.0186992300645505 0.0199051466545492 -0.222976955463787 0.0155740609174224
-0.0188153027381481 -0.00325420749091818 -0.310852433902719 -0.275208913516689
-0.0139254337674643 -0.018329771008864 0.152469576637548 -0.592235785223388
-0.00363525006184902 -0.0389322855755127 0.76691125660787 -0.166896497133949
0.00518901891414843 0.00492813687186546 0.56261288014805 0.643742443664919
-0.0370431859971121 0.0144613730906721 -0.145583913647268 0.622325654845488
-0.0343181465793264 -0.00197222622241329 0.0217073314084612 0.0909292006149728
-0.0306925182548005 -0.00192555137339632 0.230922937608684 -0.518056718433187
-0.0257121139923643 0.00354867168461019 -0.43377035267704 -0.837775046213547
0.00265320582286312 -0.00708208908917038 -0.916791174714418 0.00842214874078211
-0.00710268421803092 0.0106101625080558 -0.235541585393806 0.686051438574719
-0.0146089358870926 0.019627244612398 0.346455822361211 0.373631926543074
-0.00164826932444278 0.0175229792953724 0.317090994804523 -0.015740799221599
0.0205507409782975 0.0040693615021372 0.0259296491245852 -0.202251626359726
0.000675083266945438 0.00457975804972103 -0.0107245336905353 0.137115691935851
-0.0188082050666963 0.0215821893228929 -0.224640251827402 0.0137137573571716
-0.019390153152792 -0.00123492783000805 -0.305417864743201 -0.273530721326657
-0.0117652247025371 -0.0174450428360206 0.16866287776588 -0.589383828130503
-0.00170938844826158 -0.0375117337400616 0.768732174753779 -0.151770873086904
0.00509665909615539 0.00334939733063624 0.548348773654195 0.652900323193121
-0.034941630532525 0.0120380969372983 -0.156921275633219 0.619944456881939
-0.0305092189247616 -0.00513751588999028 0.0198005957365512 0.0893500190163829
-0.0286539101662945 -0.00458377230726865 0.220610427499139 -0.519619738112888
-0.0248702764336933 0.00356007322915915 -0.45444891173909 -0.828312264979541
0.00328059872374835 -0.00574862640810906 -0.913424070557359 0.0263941413537977
-0.0069593203572045 0.0132946847385929 -0.219635127567703 0.691607104511535
-0.0160946801960346 0.0222251001091488 0.354659487340241 0.371272427121833
-0.00234992048065166 0.0184487196152257 0.313995247220378 -0.0192981965392626
0.017192092739263 0.00565429042441217 0.0255865228434532 -0.202999606321996
-0.00187278050338263 0.00706864530794954 -0.0124618567759776 0.13769214847876
-0.0177359724127048 0.0219137219719373 -0.226629060892764 0.012830841505306
-0.0192379198741148 -0.00195064400868509 -0.29785931681825 -0.276262251149593
-0.0109140430129494 -0.0152097672603832 0.186891412542301 -0.586070115519548
-7.74794391111763E-05 -0.035831387141563 0.774270043187408 -0.135145589969383
0.00660349945399793 0.00309116509885195 0.53349334222668 0.667462048232579
-0.0310497588178616 0.00847277635498695 -0.169434573997184 0.619124218849261
-0.0262211298849602 -0.00677496642002825 0.0189313866108425 0.08649897058776
-0.0259080820515986 -0.00607538158811051 0.210905009314435 -0.52454850568133
-0.0245173694062235 0.00274075949108116 -0.469363605577872 -0.818558971135511
0.00301401603928215 -0.00366803484263142 -0.911979100846934 0.0450698394166715
-0.00620930338972977 0.016374562219879 -0.202103846805475 0.694750972580585
-0.0161910076449792 0.0219046645804569 0.36025658413303 0.36716986438722
-0.00162996379440251 0.0200677360832155 0.312246159379825 -0.0216022618330028
0.0142415584398154 0.0085088628378144 0.022838489607613 -0.20484662301009
-0.00278580572715689 0.00917720074914636 -0.0144697608287686 0.137249164603171
-0.0149203965282305 0.0232921245178549 -0.227681522333608 0.0104932350225962
-0.0179166301025397 -0.00193680460232495 -0.291730306482673 -0.277721046776181
-0.0111058325939823 -0.011326999616895 0.202276977350402 -0.581136639274637
0.0022591120767614 -0.0330564175850236 0.782754097385668 -0.115589812498332
0.00924607806136744 0.00357640060288748 0.517279505387056 0.679963970218337
-0.028588759046968 0.00839083180784519 -0.17934856343875 0.615411770851991
-0.0222207694066371 -0.00765209948932317 0.0182924258771181 0.0842269651553837
-0.021372880032174 -0.00717727999330184 0.202585094768624 -0.527359530993338
-0.0214113042627547 0.00331768012790705 -0.486886604626698 -0.806783063788477
0.0039529232050992 -0.000132118366626396 -0.907149410203946 0.0652470921048382
-0.00755219348372262 0.0203747806790458 -0.18596682964322 0.697934132216984
-0.0154779148548567 0.0229898504607704 0.368756555131342 0.365821561689031
0.00177782864502876 0.0209838140338834 0.308993552025053 -0.0213592750110081
0.0123752386951395 0.00968543571995659 0.0208897400822092 -0.203120389782139
-0.00369637989583598 0.0114062272232419 -0.0168011484783867 0.138251520217702
-0.0113868309989044 0.024262438201359 -0.229316010489199 0.0108843713785742
-0.0168854714480869 -0.00253440534173987 -0.286053684359933 -0.28098810820054
-0.0133539949316702 -0.00894495427468526 0.219171467318103 -0.575657061002233
0.00272094360323133 -0.0299000947220065 0.787134415632896 -0.100024966029247
0.0116318020239718 0.00431422535137022 0.506193313257703 0.692806627037965
-0.0237472100124624 0.00754337827230095 -0.188391328954338 0.614173499545664
-0.0188933501859283 -0.00779352839141035 0.0211566734882635 0.0804650795886366
-0.0176290602463473 -0.00664255563185052 0.197154685379713 -0.533614045574503
-0.0178416763931434 0.00411491923522276 -0.501994919919143 -0.796419349562297
0.00509371669011668 0.00367084104585444 -0.903474386495461 0.0812085956039653
-0.0102933746602229 0.0234106616130542 -0.170480898065017 0.702334421694791
-0.0137821979065905 0.0231950357009068 0.371828650680912 0.362383948012187
0.00488818416179997 0.0235013924852969 0.30732104590546 -0.0221133574989812
0.0123276531201598 0.0127443244779125 0.0170399698842594 -0.202908943667603
0.0125350952230614 0.00440759139930924 -0.0184625921699328 0.142068223364592
-0.00876003176637986 0.0166315582897979 -0.221364393716756 0.0217232893215788
-0.0158400132903536 -0.00798943013671885 -0.315279990490192 -0.272955461091938
-0.0196632847324833 -0.0172011080040067 0.142287930419565 -0.58894107730336
-0.0032553267448904 -0.034055727169349 0.76395135205089 -0.167237607892774
0.0127474150407803 0.0100815907124272 0.578945959906645 0.632600349941154
-0.0318447206155949 0.0257635348908935 -0.125044829675214 0.616118734084183
-0.0368413577853661 0.00930153785325228 0.0359096013113923 0.0822205486257527
-0.0274171318024692 0.00989802327919517 0.233075800491995 -0.523780521238422
-0.0186799375734204 0.0110525464634734 -0.441144048391782 -0.824340019995381
0.000556962530205037 -0.00354801023698998 -0.91209658910284 0.0316385637208653
-0.0164053499163574 0.011720976276931 -0.227437227315591 0.689756677418241
-0.0107111172538619 0.0138085246299558 0.347474022923332 0.363620426288416
0.0101408815464831 0.0145773167679838 0.313157147150077 -0.021630464012451
0.0302334745233172 0.00317390820963492 0.0170201804935089 -0.193764353648905
0.0112662083315402 0.00314453981433914 -0.0152195815159295 0.139457208872001
-0.0134629047276458 0.0180969585227666 -0.221447970177855 0.0211742919122312
-0.0183588638628361 -0.00624047429231468 -0.31693680151355 -0.268372444240629
-0.0176000406679808 -0.0180797581241352 0.135344059576306 -0.593559217005606
-0.00387323096218341 -0.0372238849541286 0.7596559934778 -0.178203574778266
0.010695100271611 0.00937642594239092 0.582469537860172 0.626984676155618
-0.0345363401416749 0.0265332853252484 -0.121839230023381 0.619104832901519
-0.0398640412842466 0.00913946050710324 0.0311193536543334 0.0869209005524053
-0.031248401496375 0.00909690625064512 0.234655513046936 -0.520038462654662
-0.0199749814086747 0.0101862040888137 -0.433675039914206 -0.829775212209731
0.00183263600085963 -0.00530834228480213 -0.915428553146672 0.018836062620398
-0.0127430790305667 0.0104819272006381 -0.235854015845499 0.687790511905203
-0.0125857788972541 0.0165716394490355 0.344846401546047 0.366184062181084
0.00565900552393933 0.0147974424793594 0.315507515572005 -0.019910111874264
0.0283978832045607 0.000433742739744026 0.0205745896277429 -0.195830568862862
0.00698171305161195 0.00289397961894254 -0.0116829045423636 0.139249804518671
-0.0163785731123791 0.0190153917870705 -0.220173385772296 0.0205491763530191
-0.0182000127394647 -0.00409762310370141 -0.317276156085121 -0.267814046139695
-0.0160939032004211 -0.0183910392628853 0.132645825361374 -0.592365972396974
-0.00363622491305876 -0.0381311582872251 0.75868562135866 -0.183615305897948
0.00648312055961342 0.00684397236445849 0.578760186687686 0.623744514344328
-0.0364424070843399 0.0216630503345418 -0.126811987500317 0.62045687428145
-0.0384224475462029 0.00478759970821726 0.025567404043331 0.0894179332953247
-0.0314594796438495 0.00450815543572265 0.231166822478226 -0.51597474619041
-0.0236330563770338 0.00755942991477221 -0.433570862518751 -0.831284778991778
0.00258419469584727 -0.00710346421071906 -0.91711869581022 0.0116053451521267
-0.0100676968812261 0.00989526486175239 -0.236714239620549 0.686048799193633
-0.0141309651149696 0.0178110475341693 0.34625233189354 0.36927078613211
0.00157154724506939 0.0157635696624817 0.316921288672584 -0.0195253742298673
0.0251757636636887 0.00144576891357441 0.023750671173622 -0.198175056290084
0.00443106849530257 0.00383714539866289 -0.0105995399101724 0.138806601537999
-0.0187332163013778 0.0200193563250511 -0.221927915673946 0.0189225861757597
-0.0195856038613045 -0.00208125412032978 -0.311923312239131 -0.269443972960196
-0.0138010073037933 -0.017905364528121 0.14363091363769 -0.594051987973378
-0.00341358682325225 -0.0386510627657626 0.760816075561521 -0.177121999688681
0.0048155768487618 0.00493005443089571 0.569471021213587 0.632487188847684
-0.0363250174022049 0.0161623305371866 -0.136441087660839 0.620917552661607
-0.0343153510604979 -0.000341178831972048 0.0231357324771182 0.0892611349719063
-0.0308538269997467 -0.000805553274792479 0.223104280301006 -0.518466466135493
-0.0257867444760627 0.00536913126492732 -0.444014899345366 -0.826346570318124
0.00296253547382455 -0.00756888845083671 -0.912949687589924 0.0218623082243421
-0.00690586225008442 0.0120793231720102 -0.222758943131417 0.686983184096454
-0.0151875699011173 0.0199870247256152 0.351810024460088 0.366586771321745
-0.000646385350407763 0.0162442112995855 0.31577347166908 -0.0207523874882719
0.0201158724070186 0.00307398195287059 0.0238832807313045 -0.201620244868148
0.000983578088169084 0.00430516465742276 -0.0102897137586223 0.137328054453485
-0.0188368621009863 0.0218537894676212 -0.223268397829686 0.0171786817637471
-0.0190099886093034 -0.00114594625698436 -0.307140202200593 -0.270379686427943
-0.0116081940054957 -0.0166499438658957 0.158667660057094 -0.592750781414265
-0.001732443748762 -0.0372856371310387 0.763411822960204 -0.162542414428598
0.00496937368922941 0.00372376582960565 0.555285566277102 0.641851008203688
-0.033970133462122 0.0122406171577109 -0.147973696323615 0.619322659596313
-0.0307382112493278 -0.00398861230952001 0.0199839587747887 0.0878119550850736
-0.0287967171125484 -0.00384854648441629 0.21310480702787 -0.521066334441193
-0.0254281421354791 0.00296983206735165 -0.464847481951169 -0.817514859115357
0.00286112955171513 -0.00592559361047505 -0.910338025642031 0.0388727164450107
-0.00651590136091803 0.0140906000730965 -0.206280258152512 0.692136275871153
-0.0154003784201553 0.0215510030258653 0.35887870857744 0.36355974161687
-0.00203352995622832 0.0181515218357718 0.313460675723431 -0.0231413275455067
0.0166934624048835 0.00508651374524954 0.0241074085408468 -0.203147813814564
-0.000990609381352624 0.00636792306426788 -0.0120509906827473 0.137266208530875
-0.0173530411129176 0.0226320823848498 -0.225448526345459 0.0168285901290382
-0.0190161993536283 -0.00112737210441735 -0.299317783995593 -0.271763726842311
-0.0106150652562591 -0.0142136456599312 0.175900883733918 -0.587251004870281
-0.000289472124083969 -0.0356141717416552 0.769913691102093 -0.146900034824696
0.00642565912261142 0.00305280092079617 0.539081124735937 0.656838300339043
-0.0321464168416098 0.0103825926427605 -0.161490055090062 0.617096248119952
-0.0268177434812371 -0.00584478964136406 0.0196645283663428 0.0868031565762289
-0.0256470132265792 -0.0065935784299531 0.203172316099306 -0.523620003999693
-0.0237921013690125 0.00363366609483233 -0.480657390557045 -0.807309634678366
0.00383181117023825 -0.00310884456306055 -0.907811932796105 0.0573284727187983
-0.00634312693697119 0.0169607516125995 -0.191361558963777 0.694608079862448
-0.0159770195827743 0.0239760514532469 0.36505378219708 0.361419746660694
-0.00116112738723472 0.0198611873600695 0.311284357896045 -0.0243466586762981
0.0139193902690397 0.00740912102800195 0.0223024327451628 -0.204405349709184
-0.00306876939993342 0.0087847454991788 -0.0130268707425247 0.138157230957971
-0.0147452077479501 0.0239739786344805 -0.227208150466766 0.0148329232789436
-0.0179716573808687 -0.00172434402696358 -0.29332458140435 -0.273741517361852
-0.0113287533242513 -0.0117376733395821 0.194469203809521 -0.58281826176612
0.00165360638173669 -0.0331001997289977 0.774531084314039 -0.126772108193463
0.00872062976002024 0.00344692609158142 0.526150987502459 0.667849461037422
-0.0279423300041922 0.00803134673452997 -0.170772156262237 0.615161473660644
-0.0218378725827706 -0.00700100128833936 0.0200677126677919 0.0835690386918438
-0.0213385788352029 -0.00657752940025426 0.195650161328932 -0.527910291934133
-0.0214547489673209 0.00412938271987669 -0.495926436660071 -0.797032000689334
0.00352842830168761 -0.0004207817717148 -0.904795254655308 0.0760797364673421
-0.00799570205444837 0.0201559870770403 -0.173155543105378 0.6982349032577
-0.0147461650745595 0.0246615508981138 0.372671358933863 0.357494730407587
0.00204161511131441 0.021866618443378 0.308387702915059 -0.0262808303927425
0.0121812863025419 0.0105643232570818 0.0197265359302178 -0.204424098075173
-0.00390764674591757 0.011009797456401 -0.0166950671127956 0.138435080692658
-0.0103245304385088 0.0239137448925565 -0.228762558763501 0.0137787771701773
-0.0176871407358982 -0.00120112832941294 -0.288294677529837 -0.276104618694655
-0.0121913309840839 -0.00909304297529397 0.209641413688173 -0.577096965009027
0.00225630196470697 -0.0301915085537519 0.780739363131279 -0.110553646206432
0.0123259920230588 0.0043797971160243 0.512827955125563 0.680971020028593
-0.0233064553442725 0.00836691620032022 -0.178947121785326 0.612635690175838
-0.0187749149977247 -0.007525101793406 0.0221529119998644 0.0799386180231815
-0.0177440807932471 -0.00653853055521077 0.190008801939119 -0.531605209060059
-0.0174332076421127 0.0051146994573092 -0.510988203231559 -0.787175087020955
0.00363638729524718 0.00301507201436217 -0.898222373554901 0.0936231627644321
-0.0094849537011304 0.023924347855305 -0.15810992799883 0.701687467693425
-0.0138092070274352 0.0233930673556427 0.37727461166627 0.354951552831425
0.00664209126964418 0.0214250713004974 0.305870608020085 -0.0271277084310032
0.0122894776717982 0.0118963024224195 0.0156443105300417 -0.202722028157952
0.0131855344655702 0.00428815115727132 -0.0176620688055353 0.140912544485472
-0.00838669383277363 0.0173187373232753 -0.219993561755648 0.0247248293234513
-0.0165812784623089 -0.00747680123058643 -0.316174471787783 -0.2661525510956
-0.0192818767162015 -0.0168379734892399 0.132208980010233 -0.590258146569916
-0.00419035164864966 -0.0348843328481531 0.756734232144463 -0.178063264404133
0.01268530312434 0.00898585424798304 0.583479137985884 0.621466162574765
-0.0305867627618921 0.0259479287744243 -0.116061511770919 0.612924586329109
-0.0357603165813796 0.00957784191271287 0.0358509503241113 0.0813365119375415
-0.0277982939032277 0.010902865689422 0.225289551626608 -0.52319700959504
-0.0174754411803877 0.0110238850704872 -0.449379414125547 -0.811637180964874
-0.000936988185955754 -0.00389439414453861 -0.906878117277409 0.0465519360611458
-0.0160226398845912 0.0122655759571157 -0.215345094338481 0.69014762986782
-0.0110380562838487 0.0146643515153664 0.35015696599958 0.355424314641186
0.0106770042012198 0.0139349823363031 0.312087295652016 -0.0250082230464769
0.0299354857832828 0.00134770291398844 0.0159629598674581 -0.193188953771945
0.0103784628476312 0.00250854090811936 -0.0136085811760353 0.140230692500229
-0.0124969247049136 0.0172206063364543 -0.218955277059612 0.0244115925899721
-0.0175928016174622 -0.00553144754407015 -0.318474883795447 -0.26401140526719
-0.0165649807543388 -0.0177163803939846 0.12461207259208 -0.592546996500804
-0.00432339636502138 -0.0375590562206327 0.752254950214398 -0.190631727887057
0.0105809582049025 0.00926696471097889 0.587470363653027 0.612827452799826
-0.0340188360554597 0.0268152478302432 -0.11380854742415 0.616844387102614
-0.0381263260310231 0.010166803239243 0.0319157774253863 0.0852251660846984
-0.030070609142151 0.0102261229554144 0.227003825155962 -0.518563136621136
-0.020004346020796 0.0105792531948002 -0.443047430254559 -0.817968928854449
0.00132243961600845 -0.00621406858287426 -0.911790078514131 0.03105593755185
-0.0123985938329059 0.0102155669542315 -0.223537114401906 0.686311800266188
-0.0122056164771093 0.0162897692005357 0.348692007283054 0.359919928269752
0.0056918024616368 0.0145458867359022 0.313953628486358 -0.0246116612917445
0.0276155973498244 0.000667162571622837 0.0184793991027053 -0.196248011851735
0.00776854403269211 0.00241967583999427 -0.0108725357054684 0.139060778913934
-0.0159031339924142 0.0194473127492111 -0.219247665273929 0.0231665964917134
-0.0180528392709696 -0.00349498556841771 -0.316355335840131 -0.263050138402849
-0.0148548130404256 -0.0180636838061272 0.124306246539436 -0.591613905299702
-0.00429204340407796 -0.0380606140869878 0.750714863923172 -0.193697448418135
0.00661816112486707 0.00602971005435983 0.585489806715943 0.611563940700641
-0.0358085381209161 0.02230530496706 -0.118368091571893 0.617737525571885
-0.0372600407847641 0.00601147138754692 0.0263165021669092 0.0890444614481497
-0.0304613907166378 0.0052954583032162 0.223654001145275 -0.513518120410977
-0.0220856298720996 0.00764536250297136 -0.442426538215304 -0.819534373077276
0.00188435046768571 -0.00753459181949942 -0.913274844876767 0.0238787013333246
-0.0101212109294916 0.0100529711398823 -0.224977091301697 0.686905873606813
-0.0135438551830432 0.0185979135943751 0.348741141050905 0.361080913564506
0.00143414118346059 0.0149140039567049 0.314719143938422 -0.023680289245186
0.0253712527546259 7.15099665833299E-05 0.0218350046628333 -0.19882813937063
0.00377181588045815 0.00372198123696839 -0.00955129015390558 0.138437576761499
-0.0176122862210226 0.0206291055653377 -0.221074792219732 0.0222899188508421
-0.019717031893071 -0.00216689936840525 -0.312660610353768 -0.264400376533013
-0.0128454463524239 -0.0172657470383407 0.134786412666181 -0.591646726485289
-0.00389816776244812 -0.0379168012238661 0.752536690554352 -0.187492244549726
0.00519980747148916 0.00476069019057565 0.575115207373143 0.619495185423114
-0.0362957512422401 0.0168471289180807 -0.12700921620593 0.61890896864466
-0.0341685621899402 -0.000385625139993413 0.0240081088673427 0.0887541588059776
-0.0302621752543467 8.96767059376732E-05 0.215747713864376 -0.516290335818815
-0.0247275022484769 0.00562071492697728 -0.454819473422307 -0.816712929365435
0.00276580243932463 -0.00689552424528142 -0.910529620237319 0.0348325900028188
-0.00684902063782365 0.0114131015160544 -0.212683166575822 0.687397318325137
-0.0143990441189013 0.0208389714332615 0.355598514011509 0.359312618249084
-0.000892582914091802 0.0164004190660976 0.314093270078155 -0.025047712417997
0.0193104585848234 0.00206921193731899 0.0218850144237392 -0.201418756691385
0.00081066090669582 0.00468106880968743 -0.00950090068954131 0.137014609373742
-0.0179179476344841 0.0217768453172348 -0.222606981094293 0.0208255560113574
-0.0191395239561422 -0.000655600532770434 -0.306972178338559 -0.264662922228656
-0.0109733621124377 -0.0155207529828567 0.150836187257073 -0.590496315946369
-0.00252066278597761 -0.0369885478391795 0.75681874452837 -0.172372026479468
0.00469874418609195 0.00345450569829689 0.560478141531225 0.629382976528829
-0.034373631652925 0.0135289894005644 -0.139627806016154 0.617379036662265
-0.0304287132732391 -0.00374437832637976 0.0212432014275922 0.0873300710597373
-0.0287435085651631 -0.00301483584957306 0.206613729018014 -0.518203776961894
-0.0250601078402726 0.00426609918467554 -0.472456758313831 -0.806728714898611
0.00256053143873773 -0.00572973587378425 -0.905500271149649 0.0527345477934772
-0.00668179946732702 0.0140760140915647 -0.194319411369922 0.69037431609172
-0.014920358682837 0.0225280160392693 0.362979743743038 0.356053970426485
-0.00105092892176177 0.0175679394831709 0.312860332969453 -0.0280518021904789
0.0165868028265107 0.00396890949135877 0.0216456099590657 -0.201930639032128
-0.00150003556340269 0.00671527609566629 -0.0106867564284766 0.137618441221226
-0.0167826152990363 0.0226543197506516 -0.223552963909319 0.0187569280716172
-0.0186583111701957 -0.000514911636107232 -0.299723315562655 -0.267226001733256
-0.0106714740836271 -0.013483785884532 0.16754403309993 -0.587937453822601
-0.00097502790214757 -0.0355835755980575 0.763592186771257 -0.156831472501107
0.00632537272124774 0.00272346741970835 0.546305386086502 0.642392990537313
-0.0304364167190717 0.010510008170464 -0.150404365841705 0.615451148950319
-0.0258292106853521 -0.00533560599697802 0.0195931653776632 0.0856819381028074
-0.0245542456369953 -0.00490036906291836 0.197130079325137 -0.522296638671856
-0.0241614649122356 0.00444158835440902 -0.48899412006825 -0.797020894211319
0.00240864515081607 -0.00364421342600668 -0.903219670167036 0.0699476461499653
-0.00701153664578737 0.0167390386013925 -0.179025953774237 0.692972963464482
-0.0147661263297716 0.0241171549213722 0.369694306030918 0.353189577610535
-0.000295053336346147 0.019385201124087 0.309034329854757 -0.029317210624565
0.0140206989316873 0.00609705300671737 0.0203456790729889 -0.203152989072081
-0.0030302758868813 0.00835319902741759 -0.0127942239222757 0.137580611190225
-0.0130819173633263 0.0231694712749986 -0.225966107947124 0.0182532118481086
-0.0182905162872038 -0.00117165433160789 -0.293700446868453 -0.268953650358138
-0.0105543943007157 -0.0111039527711332 0.18457624841424 -0.582878443671356
0.000661696731519718 -0.0327232307133651 0.76962194172541 -0.137163791043195
0.00868245496130175 0.00311365423364259 0.531258987828056 0.656565847639364
-0.027369688360943 0.00948586300817151 -0.160621596266099 0.613951831061077
-0.0215985107259504 -0.00706310473283101 0.0206883199220343 0.0818766058522764
-0.0210460879396168 -0.00584783406907026 0.186192391775823 -0.526701645861151
-0.0213850129105328 0.00442205905191216 -0.504621092082339 -0.78247075075081
0.00249259133014833 -0.000871283011141541 -0.898276870967222 0.0881090154137529
-0.00698765102884743 0.0202434172533376 -0.162177783182799 0.695604597525572
-0.0141012265659248 0.0246119934564616 0.377028429217981 0.3495772511883
0.00279212715164545 0.021380647391291 0.306611522585375 -0.030579674992249
0.012294876865992 0.00925483613094265 0.0164320353522392 -0.203443416756479
-0.00371263452773193 0.0114738938358001 -0.0172356252778747 0.138043969125375
-0.00987811079148802 0.0247308525001936 -0.226584479291448 0.0177605384968388
-0.0176583805785348 -0.0008212609825778 -0.287725941518791 -0.270352989933722
-0.0125031796577687 -0.0078741334198805 0.200681993651011 -0.577837641537415
0.00179643574587404 -0.0304591137010249 0.774721632348511 -0.121620886540776
0.0116839644695359 0.00366324618275923 0.519493700862696 0.668702585300908
-0.023366702780022 0.00864690514096652 -0.169065621918678 0.610505186589792
-0.0176197417638225 -0.00728751531217787 0.0232572105398438 0.0795847526254087
-0.0168240731301152 -0.00511709841863176 0.182166074008958 -0.531439603830129
-0.0166433992324809 0.00649319814450175 -0.51790038820175 -0.77479973179928
0.00412990070549471 0.00319904127912102 -0.892047059931192 0.104631811758249
-0.00756680500775185 0.024310337725422 -0.14639073633645 0.697831757514328
-0.0125581075115139 0.0231514346453131 0.381938519626244 0.346493410013334
0.0064975039466677 0.0215532917861032 0.303494678203579 -0.0309458307188162
0.0125533622737225 0.011524761095834 0.0127496593400037 -0.201258343317706
0.0132862057040649 0.00458549778332157 -0.0164390050667568 0.140490355148226
-0.00913428539643547 0.0168852769334732 -0.217278389831818 0.0282846083090934
-0.0159856749704316 -0.007202858422475 -0.316134774139687 -0.260037674462344
-0.0184041023116708 -0.0159400009795525 0.121724721313198 -0.589060367490434
-0.00519531939186409 -0.0337374538060794 0.749464633897416 -0.184266630533413
0.0123957647433816 0.00913186919667786 0.586510590404868 0.606397130472725
-0.0302254336889831 0.026659234593627 -0.10844866837029 0.608747801705065
-0.0351222502846914 0.0105615893556456 0.036702445738929 0.080653218553605
-0.0261872916662187 0.0110687938559392 0.217879752135282 -0.519684490613076
-0.016691902450913 0.0119454658925394 -0.455970452530644 -0.80135227630169
0.00012144609256548 -0.00387292022003776 -0.899558165800909 0.0578384209459988
-0.0148678158826807 0.0131362427262566 -0.202870502722031 0.688630581027968
-0.0111274132295177 0.0149159507723559 0.352903367199267 0.35146642886894
0.0105904438623425 0.0134333576030515 0.309665011935037 -0.0294530240137596
0.029275009075849 0.000577634994212008 0.0141053046491475 -0.193128682445749
0.011539729433088 0.00226461072205407 -0.0128002940230225 0.139617810287347
-0.0118136994552449 0.0177983743298858 -0.217662009318884 0.0270611352142483
-0.0179103210428275 -0.00555819877370132 -0.31874539454094 -0.258952395491882
-0.0166327806494472 -0.016994796672955 0.11633747782411 -0.589844628158409
-0.00470433084517818 -0.0366359575195714 0.743058691915658 -0.197458217157737
0.0103719472689617 0.00863424909810084 0.590502554387779 0.599435453131187
-0.0341894822769857 0.0276000917833757 -0.104377939579776 0.611955540212836
-0.0378131123092166 0.010117518101489 0.0322183988766087 0.0846627693339738
-0.0301203184381434 0.0102256080205182 0.218404297961828 -0.515116431898495
-0.0194474628004443 0.0109791820752459 -0.450926628672952 -0.805594679455253
0.00101397152321273 -0.00576931409248872 -0.904967411296863 0.0418164032614474
-0.0120849873063028 0.0105939823458608 -0.21153798840672 0.68583217870012
-0.0118721045583779 0.0165392529329185 0.350476875673015 0.351608997493017
0.00703227627034539 0.0140660990099014 0.311629070665828 -0.0288063946939909
0.0265516393377638 -0.000775755048959811 0.0168658304393966 -0.195356965587257
0.00787124986169583 0.00224713349356671 -0.010531895324615 0.137923057278233
-0.0153569016151584 0.018798512833321 -0.217247511916903 0.0276126377231403
-0.0193380779762905 -0.00346390879205997 -0.318342353659182 -0.256914839157756
-0.0145807348805584 -0.0178190242243496 0.11523123753286 -0.591254849065278
-0.00551172909785275 -0.0372072723274588 0.740325010673084 -0.203752501300911
0.00711986691545769 0.00611411167172348 0.586845967361885 0.597213913049399
-0.0349986083130559 0.023678246386995 -0.109197136673106 0.613143484890526
-0.0369607788353029 0.00636544360788023 0.0269778247951661 0.0873569157617337
-0.0306946874913864 0.00544413981086382 0.216143649007628 -0.512248587891453
-0.0227763325461274 0.00803025788351617 -0.450085108424348 -0.808149304574766
0.00170329775558771 -0.00765416637726094 -0.90452557190607 0.0353105688681533
-0.0083856867689677 0.0105351676118964 -0.213679270571239 0.682833048482741
-0.0134432270353835 0.0185888563909212 0.352365679806912 0.352373736891563
0.00252369628384082 0.0151266046583139 0.313181646666095 -0.0284178894685736
0.0245725144655377 -0.000115735877517297 0.0196575554567179 -0.19821120233999
0.00473832847893845 0.0025187009219449 -0.00894563172743496 0.1369008212801
-0.0166291354718387 0.0206845624592393 -0.218195595844369 0.0257132526434575
-0.018957823824361 -0.00163455327834681 -0.312599405981736 -0.258970154442991
-0.0129479496399687 -0.0164317434250906 0.124927784634554 -0.591144096094332
-0.00500043705497816 -0.0378001890332061 0.74330631506186 -0.196547935538784
0.00459737202546832 0.00410550550442875 0.576916510538959 0.605057313802233
-0.0346071231194526 0.0173381263209328 -0.118170067615536 0.615635849147851
-0.033910736373138 0.000579465646189082 0.0236543349441779 0.0872007913846641
-0.0300048592805514 0.000792764217720463 0.208858455684776 -0.51434215208954
-0.0252386945061079 0.00588708807148708 -0.462335339066243 -0.803304491193955
0.00112848179678846 -0.00796123935086855 -0.902945819755933 0.0460963509693825
-0.00694841243669115 0.011592704172687 -0.202395052457897 0.683621325745423
-0.0148700236858735 0.0211727118442267 0.358309558486582 0.351754971750684
-0.000504457878822679 0.0157495327989149 0.311997034163299 -0.0290988277202626
0.0199685674477989 0.00172491117712526 0.0203365839635272 -0.199412445181805
0.00228586251085802 0.00387866987314727 -0.00978309848256336 0.136791570950932
-0.0171971125844483 0.0215031759378233 -0.219415681601725 0.0240040009807791
-0.0189757445813195 5.69560926947368E-05 -0.307784705815697 -0.259995819060811
-0.0103593273031942 -0.0152864986227031 0.141235675308508 -0.589171099753527
-0.00355471047342714 -0.0372194800165647 0.748371209497635 -0.181648188738795
0.00498549698931116 0.00305978272204064 0.563743711592923 0.617192232396167
-0.0331809995360808 0.0142996898917227 -0.129541378273849 0.613577842524088
-0.0303073526988573 -0.00229108287106226 0.0222060267733731 0.0871319634533685
-0.0284156573509662 -0.0023459294629393 0.197901255862055 -0.516566048018722
-0.024875427202042 0.00452400317634106 -0.480143015876013 -0.793658560677574
0.00270197418803463 -0.00677053774129131 -0.900140168901969 0.0622486022039879
-0.00551815752543402 0.014300801564616 -0.186922021719486 0.687487709353784
-0.014261611047519 0.0233428354193826 0.365314897001842 0.348481806403616
-0.000681770165798404 0.0170552608369679 0.309362233878935 -0.0313741050579224
0.0165015661658078 0.00324742600917079 0.0203435627187863 -0.201637167730352
-0.00101411695416573 0.00683806514701306 -0.0102174071758666 0.135955042339919
-0.0160348945388322 0.022842041033409 -0.222036760773089 0.0236609712306201
-0.0187735591162608 -8.03814137173104E-05 -0.300743578340481 -0.262344733980139
-0.00974649471094368 -0.0131872524949197 0.157693739721398 -0.585139446865256
-0.00187867757714329 -0.0351995361301781 0.753337009953093 -0.164591795844169
0.00593098652942819 0.00232459211172051 0.548072636755503 0.630292485737996
-0.0300457264348449 0.0108736196260855 -0.141208686315924 0.61303548535403
-0.0257806910301306 -0.00514780685192549 0.0213261920157967 0.0844899268013819
-0.0256062055696844 -0.00413542881325716 0.188267058466493 -0.519559175263749
-0.0238398306216165 0.00459027366175897 -0.494773330949593 -0.783466322050939
0.00248311375062795 -0.00420698584708346 -0.894567928238677 0.0819039178847968
-0.00579526510576902 0.016840376459955 -0.166963541505873 0.68999717759098
-0.0150922396309721 0.0237736798418288 0.37126205067792 0.34547533964152
0.000192223247234198 0.0190935822276714 0.306627207040933 -0.0335778881313124
0.0134283360180748 0.00587102075049753 0.0189946165842561 -0.201314196612404
-0.00266453038624592 0.00911122921742547 -0.0120631620694703 0.136423531030597
-0.012852132747911 0.0241993211127074 -0.223166596156559 0.0217061918413657
-0.0188773834037195 -0.000203260041639245 -0.294561700985139 -0.26379699262998
-0.0105326633292106 -0.0109148319987812 0.17608115452487 -0.581662654457318
-0.000251286898398288 -0.0322055008902618 0.761260464753579 -0.147047808528207
0.00865343790090434 0.00263466790188138 0.534502691050347 0.642390438163894
-0.0258652200887977 0.0101695177185028 -0.151992822225343 0.609131664760775
-0.0215757260897348 -0.00694177263682431 0.020987294962479 0.081474911370672
-0.0207356759973647 -0.00575409513905006 0.179510904566025 -0.524331561885105
-0.0207624758802575 0.00545496399587917 -0.510434976899938 -0.773169155800344
0.00329592048945171 -0.000318046605486476 -0.891148135751247 0.0983072393523603
-0.00743649268036897 0.0207549203200954 -0.149062635820834 0.692607863474888
-0.0140693746828536 0.0245043772983515 0.378509052991002 0.340985560804673
0.00278122430246818 0.020463904235598 0.304484091241353 -0.0342757019758995
0.0118073366790164 0.00748573520365941 0.015235008975758 -0.201582124906434
-0.00263488607139158 0.0109652757181572 -0.0150143148547408 0.136723303588047
-0.0102460094987636 0.0240297219396316 -0.225354770187474 0.0210960631660251
-0.0179261780046521 -0.00144959706372699 -0.28982278008882 -0.266013197171766
-0.0116687056730509 -0.00777626716437479 0.191268186183903 -0.577627876878291
0.000536622118347419 -0.0294907393148413 0.767270673955637 -0.132429443946428
0.0111235912187332 0.00383357826510136 0.524343141899123 0.656026596083563
-0.0225239288202183 0.00953449071730969 -0.160460875338044 0.608517928748067
-0.0184504558590646 -0.00625667650935791 0.023292097046328 0.0784072160111741
-0.0167270521389783 -0.00654246042640391 0.173818369190126 -0.52653444127244
-0.0180727804116479 0.00582592831900185 -0.52472034982759 -0.761146938423014
0.00310382140864242 0.00261070566851162 -0.884670927447865 0.11661656313426
-0.00750827306691832 0.0235469256780573 -0.135764469194738 0.696537146632691
-0.012236304853955 0.0233572820328168 0.382280951411212 0.337295470864909
0.00793439410559684 0.0209001454806435 0.301483966459164 -0.0357430281194135
0.0112917175051401 0.0108127548694656 0.0127905473701306 -0.201290657428186
0.0130324727668654 0.00342401411985537 -0.015229712594439 0.139526431050196
-0.00734335764789262 0.0163690047888292 -0.21617830401443 0.0303911548580076
-0.0159313690392588 -0.00708863560824596 -0.314775679057861 -0.256512209827323
-0.0179867618258719 -0.0155133989258724 0.115079710385452 -0.583577954659335
-0.00496559110924595 -0.0346417407642535 0.737460741175832 -0.192902566710381
0.0120500220516182 0.00797350296959673 0.587012695435088 0.593046119725566
-0.0295873005933082 0.0272400514954125 -0.0995795170573432 0.60384024995592
-0.0345271249213301 0.00988114018131649 0.0374519309259941 0.0790493787780605
-0.0262131004410198 0.011621576990621 0.211001681449812 -0.515710571448424
-0.0168793384842201 0.0122334588601229 -0.463160179533856 -0.787278961567048
-0.000785090332225246 -0.00414621222779257 -0.893282492967995 0.0668772319533533
-0.0150449209877956 0.0132090035233005 -0.192136129172261 0.682871652098053
-0.0111678472187994 0.0146087820421833 0.355037431966269 0.342372581759083
0.0107695312639692 0.0133812578301143 0.306646255602814 -0.0330846350796203
0.0288249940389233 9.45270602579745E-05 0.0127480038929873 -0.191536044696046
0.0111158386865385 0.00226804832480586 -0.0123759551215612 0.13792013977686
-0.0107224729431761 0.0179277195981125 -0.214905041441509 0.0303897514696795
-0.0171762717150367 -0.00497253908374893 -0.316882539973846 -0.252931903218497
-0.0160154611468073 -0.0164319511010797 0.108517487232926 -0.586141135528029
-0.00567676708751973 -0.0364829136817565 0.732995559224791 -0.20335298040946
0.00984710075770236 0.00788418679923481 0.591722858968117 0.585839778211188
-0.032132583266449 0.0277010193391605 -0.0978458779530355 0.605421234461249
-0.0379680658929528 0.0109364444762046 0.0324277603836745 0.083523383570019
-0.0286590836400027 0.0112670771258171 0.210726019185248 -0.511583509975354
-0.0194382252195291 0.0119231112561423 -0.456093788027021 -0.79193712292537
0.000720824365892412 -0.00607157866040512 -0.894065598166226 0.0529273654065275
-0.012354886742169 0.0106360081429312 -0.200952026861055 0.681345267642165
-0.0114304247544937 0.016986059352638 0.353756641511994 0.343463916134303
0.006792366760349 0.013689895826779 0.308829595558566 -0.0328464038639423
0.0261124093616785 -0.00118365115275349 0.0156705912986355 -0.193750170844948
0.008620690982215 0.00224340908784676 -0.0106703040191288 0.137809449984728
-0.014508809238268 0.0195086294696925 -0.21583597204396 0.0292398098777181
-0.0185389703446278 -0.00249350776489771 -0.316180920696185 -0.251028979375238
-0.0144441982405684 -0.0172385149667781 0.107435773636433 -0.587816828505675
-0.00586882270419095 -0.0369246147725388 0.729451789115313 -0.209618771334763
0.0068279935272409 0.00655422978610435 0.587958268007072 0.583093150536012
-0.0339638280199527 0.0236028648021292 -0.100573276627626 0.606732936692574
-0.0357061218516327 0.00634439329507142 0.0283257908645841 0.0870548031817731
-0.0294081187000781 0.00671757064893671 0.209760475051057 -0.508737654970391
-0.0224947729047408 0.00857265266968664 -0.454891843905012 -0.795751857868779
0.00148007005820963 -0.00849188209911166 -0.898036783541333 0.0462025156188924
-0.0091834095161148 0.010301993849964 -0.203475639723183 0.679038193293615
-0.0127052533750352 0.0193240101717802 0.353504425764154 0.345407558142043
0.00314008941099002 0.0145310820026394 0.309271764730689 -0.0321478410690833
0.0229806178394942 -0.00130511523538552 0.0189490055825088 -0.196009900140175
0.00418406698782065 0.00258737154812598 -0.00792143279267203 0.136852032724719
-0.0164160009626806 0.0212276241413777 -0.21633089749985 0.0275407497868006
-0.0186141617287517 -0.00111853964840771 -0.311001858627487 -0.253291558038267
-0.0120247682636676 -0.0159578123219443 0.116686464568261 -0.587091752849768
-0.00543168774217294 -0.0373307684510619 0.73341064635758 -0.201767534910237
0.00444438042127088 0.00392984269255698 0.579076502260837 0.592882411077228
-0.0341096618659069 0.0177647657485109 -0.109834583975787 0.607981827128399
-0.0334010247675583 0.000806260751966923 0.0245789895377841 0.088210966274242
-0.0298289288545404 0.00175108344860167 0.200373808672776 -0.509853681583206
-0.0237754750569156 0.00647555073639769 -0.464742251608351 -0.791339449622368
0.00181200197368405 -0.00832195388233919 -0.894856225799232 0.0560439434003947
-0.00696943543189832 0.0122093704826798 -0.191809928109501 0.681057149093157
-0.0133016877096824 0.0205471311341452 0.359148892810806 0.343723662272601
-0.000120396737230365 0.0148979009516325 0.308065670546267 -0.0335569281979809
0.0199172675958537 0.000487184272492331 0.0195042432565913 -0.198211820451923
0.00143326308254914 0.00359557311026333 -0.00784399582644066 0.135468340284987
-0.0165010948792073 0.0217980812878052 -0.217594967221217 0.0264514598573006
-0.0190480065784516 0.000405703271952816 -0.30582480968856 -0.254674734510771
-0.00996604470376614 -0.0148905654281925 0.134180511516274 -0.585709553086812
-0.00358746340896891 -0.0366413798592351 0.737370238600206 -0.187853058839565
0.00462259583810994 0.00257816264772421 0.56426552724006 0.602497534015392
-0.0327415775175171 0.014578012283613 -0.121535216985725 0.607273581205136
-0.0294717114731786 -0.00224994886316965 0.0232991477997883 0.0853013502430526
-0.0277441683331232 -0.0019682639660529 0.19059003653179 -0.512940371890691
-0.0253702445372468 0.00485221228124023 -0.483016482997339 -0.779528007141977
0.00168019661180616 -0.00600114846377441 -0.890501964424753 0.0726067290651729
-0.00628326790959087 0.0139915452560304 -0.173553829385759 0.683504953123944
-0.0140310541450691 0.0227435067470814 0.367435859370636 0.341901402560623
-0.000324647549727171 0.0171312763252095 0.306491747470903 -0.0358043283329033
0.0168735875256623 0.00207347266409221 0.0190790043385693 -0.200440732704577
-0.000968559830616219 0.00570348070625238 -0.00960566320091836 0.13443247308369
-0.0152967023322724 0.0230464574371517 -0.219241462854909 0.02547630399413
-0.0182795726153666 0.000182765272323415 -0.299972029659729 -0.255998698215281
-0.00945706352336503 -0.0122302768141092 0.149437981100058 -0.58388125703385
-0.002455108875562 -0.0344862471892631 0.743745114376756 -0.172901850715117
0.00535683348327847 0.00209219190559297 0.549312182741959 0.617900404655653
-0.0292543108996714 0.0117423816937595 -0.133572379763435 0.606739496371315
-0.0256534684750001 -0.00444001272414764 0.0213863741754477 0.0837124685924609
-0.024452047706239 -0.00379713980127185 0.181056108361204 -0.516515287008433
-0.0240062426326234 0.00460756983440449 -0.499836369828392 -0.770074596539226
0.00227328468910946 -0.0041442903000985 -0.887115175447377 0.0906477545049116
-0.00622759984375932 0.0171298412726655 -0.156417067353235 0.686240028416768
-0.0146568297141674 0.023900131409406 0.372904607576264 0.336590787302877
0.000281556122266992 0.0182409128715954 0.304425597580667 -0.0366146990458408
0.0133623578108721 0.00457199670068797 0.0169094368927337 -0.200961699519109
-0.001449386979251 0.00836818682758389 -0.0114752081885297 0.13520070424693
-0.0124038835121965 0.023143981870496 -0.220593233679891 0.0245331940986683
-0.0180469552280557 -3.19597007662521E-05 -0.293356646321128 -0.258191230067368
-0.00978410372636737 -0.0098523204218139 0.167345784504509 -0.578588942115735
-0.000633257444843828 -0.0322279453963424 0.75128987326561 -0.154678034291892
0.00827492375960771 0.00238809700627927 0.536283311101101 0.628549728939413
-0.02579063159378 0.0105452426720313 -0.14487326855178 0.605096414406462
-0.0211270761277292 -0.00512542605582886 0.0219142800603298 0.0812496011023454
-0.0204704217169531 -0.00449414324534772 0.172405534617149 -0.519079247203235
-0.0206412618017409 0.00563423865552374 -0.5129823038076 -0.758587031887223
0.00297292611756198 -0.000742146581448734 -0.882057720098818 0.109123631079496
-0.00652179612469026 0.0208470186372408 -0.141063451728238 0.687775460624681
-0.0135863381256289 0.0245925069477079 0.379295762558185 0.332704130023929
0.00355855455318415 0.0198771045902139 0.301800880427893 -0.0381796210644571
0.0118672434021304 0.00784860832457926 0.0144798248176765 -0.200165393790423
-0.00362021886597897 0.0106120945353803 -0.0141678400926193 0.136482264389871
-0.00919011409698744 0.0236461168709888 -0.222437534735343 0.0235037035893039
-0.0172732203821066 -0.000713990244923346 -0.288854621461927 -0.261513692018478
-0.01121087169266 -0.00738318585789808 0.182395089606144 -0.574394460950089
0.000195951667250994 -0.0290294276620629 0.757335112828618 -0.138688883548704
0.0111784475721065 0.00316539352188123 0.527155689765586 0.641235428754777
-0.0212911283223931 0.00973987394588123 -0.15016356430671 0.603103850032362
-0.0176986069247898 -0.00683005882755666 0.0240499406383048 0.0777325553915943
-0.0157988410525704 -0.00490340375666991 0.165424444658228 -0.522729514797765
-0.0169673138026906 0.00644833687297559 -0.528229384820772 -0.747854586741551
0.00336760149205863 0.00154238076445281 -0.876995422228713 0.125689575487729
-0.00669846743953058 0.0237730294596538 -0.12573788792939 0.691896386179644
-0.0121831064037488 0.0242187543779322 0.384860848259317 0.330186480376412
0.00794790426276698 0.0208882339712722 0.299544043478441 -0.0388073721844286
0.0115002162183066 0.00932010087202143 0.0103874764506991 -0.199429307731748
0.0127155123101118 0.00336319893041216 -0.0154506681827819 0.139208951746174
-0.00714703759737702 0.0171806700991756 -0.212660147093581 0.0323173565261919
-0.0164879578388581 -0.00671526214813691 -0.31373024400495 -0.25020201880277
-0.017502720085543 -0.0145304488239298 0.107662012818034 -0.579107902393609
-0.00561779807089206 -0.0333242348301564 0.727613595576896 -0.199109168900803
0.0123624121254086 0.008296231088378 0.586325107831623 0.579787003829103
-0.0283656903848153 0.0268923777696478 -0.0927746309358694 0.596215107446013
-0.0338436865653986 0.0105517049823332 0.0370973159374478 0.0782463557791387
-0.0256846707914526 0.0116537310353114 0.202809957801463 -0.511380898920028
-0.0163245080980841 0.0125997513623279 -0.463266701068199 -0.772429006645872
-0.00119511029881543 -0.00402161445786775 -0.881588854243779 0.0772021506418934
-0.0153198660407207 0.0131335911522167 -0.182247131806845 0.679183833989036
-0.0102858285208028 0.0148676231923753 0.354657266230156 0.332460107549423
0.0118894165893374 0.012536023273827 0.304105406129528 -0.0363232475967609
0.0279170589774782 -0.000531854950857268 0.0112763669877935 -0.189465941155569
0.011330578753313 0.00132837350837186 -0.0123266118895759 0.137430017724192
-0.0108934720753023 0.0177201422342245 -0.211093736867143 0.0323348085545116
-0.0172609460949716 -0.00396712335403616 -0.315917919252418 -0.247081904093363
-0.015924845675886 -0.0161243094704923 0.100966582254706 -0.581829505642311
-0.00626968959908411 -0.0352828371778812 0.72433853086977 -0.209859103265766
0.00991950302497317 0.00758974956703062 0.589676772638635 0.574284704449093
-0.0311704116398536 0.0279884389922962 -0.0893387969055462 0.599262105387107
-0.0367330804246802 0.0113763674363823 0.0330727769393918 0.0825401375274188
-0.0288807812549033 0.0121549112389327 0.202955231337502 -0.505970328934864
-0.0192529130316413 0.0117727692376626 -0.458331025692615 -0.780248454589475
0.00050923771343532 -0.00671450514876794 -0.884413012502843 0.0635509097857345
-0.0120018237128563 0.0107112124685382 -0.192348826282749 0.675769648433119
-0.0112163884460418 0.0170706316862824 0.3524618203754 0.335435874645875
0.00708687634484091 0.0125600539770385 0.305396635441456 -0.0352596172989079
0.0264713562305571 -0.00193083622694639 0.0151549176732514 -0.191425911867922
0.00816213472433972 0.00217478907261164 -0.0099015678901888 0.137015897823408
-0.0132519800795054 0.0189748901160025 -0.212365400889443 0.0313731233734851
-0.018077297706188 -0.00255780861003011 -0.314859985648746 -0.246101269495843
-0.0135463387389799 -0.0167725479474691 0.0997462286772508 -0.583037932230483
-0.0059364312590276 -0.0365514468249029 0.720949069585219 -0.215719849541552
0.00629190103002786 0.00592824267581996 0.587314667984381 0.570735522832752
-0.0330016530148103 0.0234389410015953 -0.0938070171440255 0.602431350111285
-0.0355731824826272 0.00684443301474506 0.0290936443087457 0.0855491072436412
-0.0302187395303573 0.00687368284172724 0.200836581207103 -0.504588482914072
-0.0212344611135174 0.00917940988808243 -0.455549404048751 -0.782580664848226
0.00132460935861802 -0.0082813157480875 -0.88686251509898 0.0547992341331581
-0.00801406277643847 0.0106514815613435 -0.192124556258209 0.674357950875995
-0.0126804861968523 0.0193657247692995 0.353424555224203 0.336369604083149
0.00294461123012684 0.0139337622561425 0.307608666890032 -0.0351214366380964
0.0218607026822636 -0.000896080950987994 0.0175774057832272 -0.194694919806143
0.00550034234125745 0.0019112549183627 -0.00824588475282856 0.134860854095466
-0.015872584371323 0.0206531961564246 -0.213395839145891 0.0297446221609811
-0.0187766918172056 -0.000720560297722081 -0.310911332173064 -0.248451995900851
-0.0114282506759918 -0.0159729951787312 0.109154899051951 -0.583299396384932
-0.00604325156248839 -0.0374443850619612 0.723548223026231 -0.209049096653696
0.00442388869567507 0.00408851104673604 0.578118406197333 0.580841969008171
-0.0330700259783106 0.0181797164173605 -0.101554620423809 0.603654231415429
-0.0328362289211195 0.00131758373055863 0.0248626990705882 0.0860331557606507
-0.0284025699662823 0.00149902230480808 0.193882978336331 -0.505250155559295
-0.0239405281138152 0.00695131480909812 -0.469707476833923 -0.776792300179884
0.00183004856542436 -0.00824388464464123 -0.884581512583229 0.0652436333254152
-0.00610627440447225 0.0116794853578789 -0.182445942091121 0.675439208972926
-0.0138472529503246 0.0218484383273074 0.359616254351709 0.33525802006773
0.000530541994978767 0.0149058917298057 0.305237040098461 -0.0361715374918609
0.0186632452740258 -2.89989613007184E-06 0.018805609410735 -0.196099233553442
0.00197897879393809 0.00350838833408002 -0.008988232732349 0.134129583592777
-0.0155363900903784 0.0219813272555355 -0.215669894041575 0.0291693570335443
-0.0189283881075738 0.000204941892114277 -0.304832697525121 -0.249310425754927
-0.00965041465508865 -0.0149664145747208 0.124043098047929 -0.581604639477826
-0.0044987789642283 -0.0350573409642671 0.729276794451586 -0.193128916634661
0.004310825808782 0.00315633025579755 0.56452350817139 0.589460373049035
-0.0315085496981285 0.0149849181084698 -0.114750658279778 0.602315264540261
-0.0290820388648831 -0.00182739057999339 0.0231627302343269 0.0846959450704416
-0.0279342908960024 -0.00139641351989237 0.183652573047077 -0.507408924965403
-0.024330110326588 0.00584296162069269 -0.484927107085757 -0.766979580874001
0.00138825171646515 -0.00732911097220793 -0.879306336589378 0.0820392224156776
-0.00541802485096061 0.0142622922677499 -0.164100314983733 0.677214354945214
-0.0141334734019456 0.0232487342407346 0.366134714147764 0.333300932410298
-0.00043978297073438 0.0164099152060636 0.303770590633774 -0.0395602138171158
0.0157723063412251 0.00182856060142018 0.0175779865232489 -0.198570549307692
-0.000795218783182248 0.00567626817118762 -0.00861861328963659 0.133465379471031
-0.0147093020957863 0.0230089173850344 -0.216519876212195 0.0270135808047961
-0.0182970969862731 0.000692704185912396 -0.298080812365156 -0.252367178815978
-0.0085269264754246 -0.0119531820351936 0.142563336109396 -0.578208369480447
-0.0026752571340477 -0.0341081736368115 0.732531922615148 -0.17866509145018
0.00607774628963959 0.00167694795317918 0.549984100675787 0.604936150138072
-0.0289891372618117 0.0120285678598937 -0.126271746570629 0.599252553562191
-0.0255848144677443 -0.00364850944984343 0.0212746947745382 0.0826890222866032
-0.024661815033349 -0.00364187149613742 0.173193314490286 -0.509475840397679
-0.0228330771615716 0.00573557098821307 -0.502822412156201 -0.75537148255744
0.00188134318941355 -0.00464266617158525 -0.878213196231491 0.100577958091365
-0.00475214654802256 0.0168187847099395 -0.146940072904581 0.681727455116983
-0.0143132351111362 0.0240132612300637 0.37287246546049 0.328243019882296
0.000703783145104931 0.017973013889087 0.301144329082853 -0.0416535954878268
0.0130937351121734 0.00367996402626534 0.0160544458601447 -0.19788859873203
-0.00145294212942076 0.00816659556754275 -0.012101125307282 0.13419434868807
-0.0120946696232174 0.0231730784948879 -0.218190261774688 0.0258238157294144
-0.0175430713033096 0.000454327973251103 -0.292792718403506 -0.253402472468235
-0.00913308407493226 -0.00928776396962542 0.159919375090267 -0.574912409026113
-0.000522298789555075 -0.0315490989612798 0.741608647129689 -0.161787119496455
0.00780818278880892 0.00210601786743374 0.537460172995989 0.615858753004052
-0.0252625218830073 0.0100087467119587 -0.136985706322655 0.599093571171222
-0.0209045707412119 -0.00531566024123486 0.0217354050284402 0.0804256428525353
-0.0205910819981934 -0.00441747794528731 0.164700407705599 -0.514075440376188
-0.0207222183611725 0.0060967436584412 -0.517582701562835 -0.745012455641627
0.00255627568061022 -0.00135787616245409 -0.872116247653851 0.11693821105485
-0.00586402723385792 0.021005566279268 -0.13026649819286 0.681782325653024
-0.0132486584272339 0.0253704925864876 0.379535868612871 0.325412389798563
0.00391600917082459 0.0195754770578319 0.298437966664859 -0.0411706420656167
0.0110957475456454 0.00688603331605133 0.0126870393622899 -0.198190526173295
-0.00200030078702205 0.00971344487817477 -0.0142387730221958 0.135030196679934
-0.00762562832333218 0.0236360512973298 -0.21990502582456 0.026608646317423
-0.0173917695810426 -0.000331712773947671 -0.287086338937969 -0.256099920587837
-0.0103293662076465 -0.00707595876266211 0.174365492512701 -0.569042707992165
8.89652400247586E-05 -0.0290422384979658 0.747040683737457 -0.143784296786299
0.0115341332040206 0.00310925128587552 0.523798630412164 0.628915514785191
-0.0202925066322144 0.0104118486401409 -0.142755378279788 0.596792141500154
-0.0168717478111609 -0.00581424387617604 0.0239197351451827 0.0768012019709358
-0.0166957555273329 -0.00419011268549597 0.161317229384219 -0.516879665066755
-0.0167901056785685 0.00641065433730264 -0.530284812914929 -0.732080438251911
0.00353942990357622 0.00181650546012722 -0.867394247408748 0.133358207269851
-0.00726562607529141 0.0237935919389366 -0.117416678620646 0.686308094663646
-0.0120175791045355 0.0242150367147983 0.383414085479367 0.322284548167652
0.00766147112132459 0.0192665337176529 0.296337620473997 -0.0415610718538994
0.0111712756662352 0.00883352175581944 0.00965948282665881 -0.198218261614093
0.0146563311721992 0.00148743733172706 -0.00306010414893913 0.138996437107307
-0.00614632075973096 0.0184145985865426 -0.206547273586775 0.0541775743802997
-0.0191125094024609 -0.00402831314538314 -0.336144399311842 -0.215302483102998
-0.0177463524626542 -0.0142843172373642 0.0357407548914725 -0.584298102961468
-0.00673455606520468 -0.0294522616197729 0.695758480780128 -0.276913469230698
0.0150302254992863 0.00611951004012951 0.637917576211051 0.512805105431973
-0.0229873397816313 0.0330870255025262 -0.0294871974233771 0.606148932686919
-0.0317821850969698 0.0145572905845725 0.0448349100709977 0.0730898100275798
-0.0260979373562719 0.0159584720355205 0.149353703521276 -0.520258110369147
-0.0137138668585986 0.0197361575294964 -0.540547216021993 -0.709947585800734
0.00644382277064933 -0.000152884520155147 -0.861367054785823 0.162621937248001
-0.00586733211580471 0.0116133474271532 -0.110643964001044 0.692143800504143
-0.00776470895590795 0.0122746151109344 0.386163532046838 0.294313659923918
0.0100087379705361 0.00707490246899226 0.296747425993349 -0.0684080511071356
0.0240073872583885 -0.00454881826189459 -0.00670317416118901 -0.189867866942305
0.0120237905641259 0.00106607122048884 0.00019062069336752 0.136799915358765
-0.00964559715637086 0.0193468990121202 -0.205367249188518 0.0550971078868176
-0.0195252994760157 -0.00169106519558334 -0.337139475370587 -0.212166580149638
-0.0164201631031736 -0.0159527266291479 0.0273025628433948 -0.587033845470247
-0.00754010885376314 -0.0311756775456406 0.689457891738662 -0.28819206439307
0.0129803529228683 0.00539205899717746 0.643840842750022 0.50365975978592
-0.0257689305345253 0.0336051630577724 -0.0278109975189693 0.609777693862176
-0.0352494617314865 0.0148780424314019 0.0409488448666079 0.0780888973709781
-0.0280746506473193 0.0157144841196178 0.149550382243436 -0.516672571459795
-0.0161606119035483 0.0190086667167974 -0.535157687464856 -0.715938333990044
0.00775447039325029 -0.00270039152011819 -0.868017103191092 0.147901006402033
-0.00225072850875737 0.00869975099627181 -0.120240464052947 0.689990689368757
-0.00761392219667256 0.0137977228896917 0.383395552186445 0.297533917782429
0.00638226431403728 0.00757650002492827 0.298157475960471 -0.0681371362420482
0.0224490272974544 -0.00531740935812525 -0.00374519128983065 -0.193048790568958
0.00982197252179506 0.000825775745357649 0.00279721782893793 0.135751107077637
-0.0127332085091418 0.0210396440138377 -0.205400747008015 0.0541512294252295
-0.0197136746889849 0.000341230489837675 -0.33655071841097 -0.210166294594152
-0.0143324069003615 -0.0159160724437064 0.024928225178951 -0.587584907537521
-0.00771122136803924 -0.032661227106668 0.685781506855241 -0.292368283857814
0.00931971080612538 0.00397919232560006 0.64006464882507 0.50376857561372
-0.0278201949073642 0.0303664233895076 -0.0313095441087489 0.611213638736723
-0.0335844788248882 0.0100548449708916 0.0367768662917237 0.0818034057015093
-0.0302728200972145 0.0103650193846909 0.1472458313971 -0.51373531945231
-0.0196462290116165 0.016358691433349 -0.533763412911924 -0.718409258504271
0.00787597751107135 -0.00397329296431542 -0.869354390136125 0.141248784657838
0.00134524591199928 0.0079363816714937 -0.122825876021022 0.688852758264845
-0.0087564776947954 0.0157167627117031 0.384863783138597 0.297838865136811
0.00310030366195034 0.00914165553503919 0.297741159474628 -0.0678577178959056
0.0192017108131233 -0.00515668289037721 -0.00135946645918946 -0.195565148867394
0.00637658773692497 0.00299915599831416 0.00442089464427578 0.134566068814056
-0.0145731130160627 0.0225366013107991 -0.206995967132638 0.052486720762459
-0.0199770540970875 0.00283797045529216 -0.3335822073199 -0.212547611823746
-0.0123041448236581 -0.0158556906049206 0.036160285398374 -0.589559464527611
-0.00746370364551562 -0.0329419527312372 0.689689849907357 -0.285987145705474
0.00775855571845237 0.00277856407416129 0.630263290878579 0.511341202567024
-0.0291690512563279 0.024378672847253 -0.0404810051040923 0.613102472986102
-0.0317836701400775 0.00527603784219669 0.0332066977961123 0.0823452563583898
-0.030802192419463 0.00624663449539462 0.139772360076002 -0.514706863706887
-0.0214199038152111 0.0139033748591358 -0.544319737121442 -0.713868977442746
0.00744273857214025 -0.00451912682779085 -0.866806676650153 0.151278554054834
0.0017034616308335 0.00974859624190092 -0.109712292351604 0.687347469622665
-0.00897901407631433 0.0177566942752462 0.390827677689046 0.295589654099018
0.000364348310005235 0.00970133552967955 0.297507258700072 -0.068825085609966
0.0156069666050795 -0.0032755003069591 -0.0014046355476476 -0.198227266195165
0.00272216700122572 0.00380933354106715 0.00440514148378129 0.133338652208289
-0.0140288700501991 0.0238987202790219 -0.208261851964007 0.0506368968133483
-0.0205731786549872 0.00372982332877538 -0.326407932876745 -0.214231292712567
-0.00964046429770664 -0.0148787599982402 0.0497737441995162 -0.58955980222162
-0.00596225089600717 -0.0323202220254019 0.697161839365982 -0.273278692371614
0.00705953897948761 0.00140320795916964 0.618538465982674 0.525568559794691
-0.027660487940467 0.0209972500033805 -0.0524200678879345 0.614207479044768
-0.0290092832062532 0.00127475465942831 0.0311893296403244 0.0808567976719681
-0.0285469715366833 0.00217026137022434 0.131290843972214 -0.517096174205114
-0.0232044051992833 0.0128872313546518 -0.561365829023425 -0.699898516144665
0.00855764367424815 -0.00300764663314537 -0.860530730078323 0.165607860369258
0.00367459295079419 0.0115332639122078 -0.0921452316220279 0.689592262456013
-0.0106152074252747 0.0204834442391094 0.396951437577498 0.290402254027872
0.00018206008954548 0.0116303809593916 0.295433314606181 -0.0713158135543256
0.0126584027055677 -0.000665723746108845 -0.00165429008054277 -0.199479403079115
0.00104400475758159 0.00598927709686917 0.00263174705450254 0.131786781658047
-0.0132296390933258 0.0250709205600577 -0.210461462996845 0.0494981636288559
-0.0201296702040054 0.00315252514948247 -0.321276075435956 -0.217189831444631
-0.00808240839156224 -0.0116993883398363 0.0695379695693513 -0.591029154019925
-0.00414570694835991 -0.0306164745649255 0.703926403870723 -0.257931349022349
0.00779193532220064 0.000477817071976716 0.603874386752157 0.541565990485355
-0.0247526290870124 0.018245633875976 -0.0638902437839072 0.613288477602145
-0.0249770028317771 -0.000815826674685046 0.0300647150836652 0.0786782774342012
-0.0261772548022049 0.000267980953423357 0.120525918636627 -0.519357740468929
-0.021235762919611 0.0131356605554723 -0.575176324709537 -0.68810626132936
0.00815477958357512 -0.00111419691403129 -0.855357647888611 0.185141677245529
0.00326782905567067 0.0143554036360494 -0.0756671450130207 0.689252997827803
-0.0106713952491955 0.021359681239059 0.402432309980187 0.287869336442535
0.000601146479745657 0.0130125823157556 0.292992291158171 -0.0727284372458684
0.00967187312697772 0.00161423691945723 -0.00427500300053133 -0.198415308568292
-0.000186471808561342 0.00910218730211384 0.00141728120338536 0.133462923226131
-0.00977330453398 0.0250735188325058 -0.212723855190275 0.0475609575230379
-0.019426081922226 0.002463808686241 -0.315603044057065 -0.220451633898194
-0.00952691847438828 -0.00970117472023086 0.0864616951762446 -0.587278511562206
-0.00167459447554919 -0.0282697514391755 0.712533630291451 -0.241510978265027
0.0111378638866518 0.000816243884190153 0.592757997183732 0.55285454433192
-0.0221315119004467 0.016430305374591 -0.0743707349959259 0.612378747320944
-0.0208670981106363 -0.0028301293900934 0.0294513102552353 0.0768101531811312
-0.0219323409259265 -0.00171827961726215 0.111945899311052 -0.520255650575784
-0.0184124658806447 0.0139317161901952 -0.589668681675043 -0.674264834944342
0.00994331472490864 0.000575675001026868 -0.846759762929378 0.200208150771693
0.0034880138627566 0.0168775631608151 -0.0593894295664536 0.689713264448087
-0.00886207426925623 0.0217777916248686 0.409096459950999 0.283615290456127
0.00395825233653062 0.0140973764948487 0.289852672997879 -0.0736330048920161
0.00806875028317214 0.00574448375267361 -0.00672822011091797 -0.198187760550769
-8.09503134155975E-05 0.0107971435233096 -0.000711880963616129 0.13388918541966
-0.00652836075831245 0.0249792980759357 -0.214720101545077 0.0491557320805288
-0.0191795267630279 0.0021674557764244 -0.310213134360721 -0.222494308607972
-0.0109093076440024 -0.007619933258397 0.102232098027386 -0.583591393351255
-0.0016628461188013 -0.0255101235756233 0.719890816659169 -0.225976522091936
0.0136201999895472 0.000712114633763061 0.583604949597436 0.567121413190042
-0.0173961021719129 0.0154435760128905 -0.082378755223768 0.612148667994983
-0.016975289885284 -0.00380171502108265 0.0302982703451082 0.0739922700795574
-0.0177700478267582 -0.00189464383855556 0.102905901220825 -0.525170304233564
-0.0147242574067896 0.0137287857291397 -0.602260721905945 -0.663135424796203
0.0105202725108596 0.00397218686906896 -0.842636319536086 0.216397949496049
0.00267962517425806 0.0201661006967393 -0.0443823862864373 0.69118239621087
-0.00766447336608441 0.0204401283379441 0.41374551850417 0.279663068908041
0.00829393130699819 0.0138226097403663 0.287681811423503 -0.0729012513361126
0.00865492585443623 0.00743863797297898 -0.00890966930292968 -0.197908705718249
0.0144580521207769 0.00163482242236883 -0.00278102174395791 0.136389298160524
-0.00552613000465648 0.0186180361845958 -0.203436619151619 0.0551277560129795
-0.0184704303481632 -0.00383863113676366 -0.33227378456188 -0.211009269891265
-0.0172207414145821 -0.0143642970549259 0.0311417612092089 -0.578444334505888
-0.00764729348238819 -0.0281785075542402 0.68364664089098 -0.275919242037065
0.0151519333882608 0.00558216939094514 0.633523725585525 0.501966593958974
-0.022174244164354 0.0323667339614172 -0.0263164000275204 0.597982508473464
-0.0314878098028129 0.0145261936432049 0.0442367675069941 0.0726878057300452
-0.0246107327317918 0.0151122199872734 0.144474277451505 -0.514223896814344
-0.0139762051496214 0.019076046517805 -0.538194820146865 -0.697469740829766
0.0051063258594742 -0.000986917314641781 -0.850699997800462 0.165665415684485
-0.00491830816730765 0.0102221018586356 -0.104565654423884 0.683435496309627
-0.0067836276030576 0.0113938801164251 0.381320936459426 0.287877199449681
0.01087011567971 0.0063806788192256 0.293228123515499 -0.0700338589584142
0.0238211678565904 -0.0050950106058584 -0.00686645566149467 -0.188767099344733
0.0119184634109069 0.000467086078679285 0.000407993024219144 0.134989250928568
-0.00957761741101773 0.019418595824712 -0.20156158049099 0.0546416946713041
-0.0192353477201907 -0.00153654787725278 -0.33398538530432 -0.206767726509097
-0.0156570824306851 -0.0153866855372958 0.0247210705660389 -0.579674588831046
-0.00751503172714251 -0.0307993218493503 0.677766115223372 -0.288146701169563
0.0130488749943503 0.00587054742800002 0.63560918963711 0.493737315200555
-0.0263298390499922 0.0327913780905748 -0.0252982077996139 0.599634650298645
-0.0339322971150799 0.015041194557459 0.0398904923252597 0.0768539165913992
-0.0280885595950678 0.0148920035703931 0.145368619641368 -0.511672140813017
-0.0161618003452756 0.018803927329437 -0.531469857561693 -0.70234267826808
0.00682225547391092 -0.00265925912115664 -0.856483757706471 0.151838196011895
-0.00256982577973448 0.00949112262767112 -0.112852992038978 0.682548383057
-0.00780339904358152 0.0140836018844152 0.381443135727743 0.289651620691799
0.00684936307082211 0.00749040292344922 0.295056619760037 -0.0697128180311887
0.0214107844061137 -0.00558458811347989 -0.00341451121037669 -0.190870673890958
0.00897702318582691 0.000401894872460318 0.00242991146407192 0.135341548123353
-0.0128110946183397 0.0206657346196114 -0.202230606247956 0.0549213632154099
-0.0198787161373397 0.000967267819736281 -0.332983281161268 -0.206779169328731
-0.0131110235488924 -0.0155022916780423 0.0231308330698372 -0.581592675886246
-0.00854221745883923 -0.0320821433444697 0.67566072860345 -0.293611271603931
0.00922806559212247 0.00457860051611155 0.631708949238568 0.493318255537835
-0.0269239041867821 0.0297112139154118 -0.0276460884408403 0.602647804844722
-0.0326502129202407 0.0102219850206824 0.0363996152381306 0.0800124164876954
-0.0297736238922224 0.0107908961193397 0.144195390250594 -0.507522400958802
-0.0194546882581652 0.0167592848915357 -0.531765347518753 -0.706352443687059
0.00700371223909645 -0.00493195173839336 -0.857849435873229 0.145073078608805
0.00148252629042597 0.00876183235009462 -0.114764425249072 0.681008581483622
-0.00854164807619327 0.01614569674125 0.381803764968992 0.29151167897689
0.0033268906360745 0.00809149388800542 0.294527541853969 -0.0690420584899586
0.0183845096390105 -0.005819254994226 -0.000722757300430113 -0.193455324581122
0.00617959173025204 0.00170277239637594 0.00420696409050735 0.133065499886731
-0.0142954241586396 0.0228831999188308 -0.204330917031789 0.0528048556748407
-0.019808245778177 0.00310400373231673 -0.328493689804204 -0.209523769414265
-0.0111723122977033 -0.0151604564393076 0.0324200451127915 -0.582224947355592
-0.00780450247881594 -0.0318638089587071 0.678395474234784 -0.284389411226085
0.00592453557375429 0.00310706817870728 0.624613764282603 0.50104630933905
-0.0274271541637569 0.0246388238890201 -0.0368969427889173 0.604336504203802
-0.0305246670855506 0.00501817138322369 0.0337835398890926 0.0806456771205217
-0.0294355436080629 0.00550663598154783 0.134603947019868 -0.508334233218668
-0.0221016306733765 0.0143634621270265 -0.543222096184017 -0.699155824355045
0.00673277136932308 -0.0044494639217502 -0.858039357423967 0.155075772354468
0.00248725158768627 0.00964358312031835 -0.103672446226993 0.679100083525295
-0.00924000286844099 0.0185929788133943 0.387079767728931 0.288832892233567
0.000539874571307952 0.00994380186247647 0.294460331364583 -0.0702562364366499
0.0147494324354947 -0.00255387396346701 -0.00145955222396307 -0.194985075863575
0.00349124581343482 0.00324342870030831 0.0034298610903783 0.132263052346145
-0.0143669816771168 0.0239646358445492 -0.205479849974944 0.0526026631450425
-0.0202800553156893 0.00319435484265255 -0.324064666985993 -0.211084343503004
-0.010176893511139 -0.0145160971901671 0.0466289375252131 -0.581393548495696
-0.0065811096018921 -0.0312899171330342 0.685093296217895 -0.273759356727107
0.00718331510037994 0.000684910732084229 0.611794322452184 0.514469047660995
-0.0273244009988547 0.0213722668674943 -0.0476451624542913 0.605383512005146
-0.0271884121995705 0.00237333901342566 0.0301667323524548 0.0796086230074434
-0.0277907522451465 0.00372040490477803 0.126964742563061 -0.509300061597819
-0.0230205806269133 0.0130573789532275 -0.558165170841056 -0.687878701711535
0.00791032214206159 -0.00329064098804833 -0.849394640844724 0.169527043168941
0.00343199744057946 0.011148493686117 -0.0867046466422198 0.681592046116355
-0.0108007569527945 0.0202120432974932 0.393283841536519 0.284451202632928
2.26977646560177E-05 0.0111628972403173 0.291948041455598 -0.0725285337673184
0.0115716867249945 -0.00140969264252866 -0.00307720370983084 -0.197729792078935
0.00170180222375667 0.00659562936131889 0.00334766749292633 0.13137332305787
-0.0128169162978465 0.0242969190707642 -0.207233631028336 0.0517674905086941
-0.0201294498967158 0.00384376137994447 -0.316660616899719 -0.212011814545935
-0.00881067923318651 -0.0120583271518856 0.0624768346953293 -0.582482487722544
-0.00415940544695511 -0.029906245445207 0.692850367474731 -0.25816294342149
0.00757439861937069 0.000436185762482125 0.599048589057048 0.529231412249346
-0.0241934496647048 0.017718399692997 -0.060748012606058 0.605812645745313
-0.0245070020381853 -0.000918118049989116 0.0295910417658244 0.0779841670219741
-0.0249691250591384 0.000153898394126592 0.117470574874319 -0.511597193030191
-0.0202227482757296 0.0136487058488732 -0.573342226056781 -0.675857547016022
0.00891845508899269 -0.00166312328384764 -0.844449219454394 0.186818931349119
0.00481134053925476 0.0143019470290026 -0.0707374710670816 0.681783419295558
-0.00984839601255343 0.0213270128478277 0.398830501473984 0.280451803666462
0.00106559078195381 0.0125290240855977 0.289068354859106 -0.0726421836394432
0.0101774614843514 0.0010742871793668 -0.00427307445161026 -0.197504294822411
0.000133377156639851 0.00842890113608932 0.00136839340251745 0.131278300792292
-0.0102435876393973 0.0243913424673805 -0.208145251247422 0.0504819946193611
-0.0188305877922751 0.00315048052863801 -0.311465863753793 -0.217445827790359
-0.00751428361602999 -0.00963656609199298 0.0809398778612027 -0.579839037340835
-0.00214374813315085 -0.0276755714008887 0.702372553034331 -0.243054233055201
0.00982065196716741 1.85324149307355E-05 0.589569871731061 0.542484374669945
-0.0208587830159441 0.0169148282529082 -0.0716648055019032 0.604916660805196
-0.0202196638899556 -0.00294681463160702 0.0288167003436794 0.0752794239094882
-0.0219924838003396 -0.000302522635678197 0.109287133339357 -0.514519907720031
-0.0178045050922816 0.0137067728484415 -0.584972585518189 -0.662893837306371
0.00933313303313544 0.000790878037005325 -0.835592594285493 0.202578532513216
0.00399702462051687 0.0175323188846986 -0.0533251482263539 0.682043596284393
-0.00947145730118595 0.0204785407169551 0.405988575877855 0.276817066163374
0.00348822404023246 0.0135630014769276 0.286067269186939 -0.0741292987152923
0.00806407001470471 0.00411493775905792 -0.00640796344716846 -0.196779654541059
0.000198875600729532 0.0100538538034544 -0.00110628664172338 0.133253936936085
-0.00561294529229132 0.0242873495382619 -0.211092313458219 0.0495736378905054
-0.0195895619853827 0.00199967599477115 -0.305621304192866 -0.218689202407998
-0.0100862134795383 -0.00736602893318339 0.0970756002271156 -0.578637851903598
-0.00121542655066407 -0.0247651184917751 0.708466988109327 -0.227257354366562
0.0135140952913225 0.000330329444750343 0.578240240748298 0.556636985747155
-0.0177492881181899 0.0154160409220621 -0.0781968953655057 0.603775172520936
-0.0169619298789247 -0.00423024827792151 0.030048820220971 0.0724910690892306
-0.0182602722551944 -0.00185161930262306 0.101808184311799 -0.516772531234019
-0.0141925357016562 0.0145846248220452 -0.595508228409214 -0.650372445199804
0.00976015536419045 0.00434481897183203 -0.829867276917476 0.21997288473571
0.0025344607865416 0.020634912458227 -0.037413559176885 0.683296984733157
-0.00823685261946451 0.0205383484436398 0.409529877412219 0.27321709805488
0.00810158842273545 0.0144157569310062 0.284566502210615 -0.0753218436518921
0.00974092844210016 0.00659810462244661 -0.00985767333581576 -0.195046417760205
0.0143631464537552 0.00125923654660445 -0.00368576439524343 0.136073927087931
-0.00564313305071042 0.0178401617162296 -0.200700815796786 0.0554092469967753
-0.0180643120634046 -0.00382774808808382 -0.329751877509131 -0.206632010701871
-0.0160175181400889 -0.0138346716565486 0.0286520804901363 -0.57180359773402
-0.00773616264859177 -0.0289379302657248 0.674390621474398 -0.275857177670179
0.0136125278190795 0.00523328168208375 0.626047257666038 0.49215960991722
-0.0215550867541708 0.0318858435480632 -0.0239079539119337 0.589272781791262
-0.0304517803371634 0.0147270025554432 0.0434067306273428 0.0709926372537665
-0.0239649148167768 0.0155702430411516 0.142123289384215 -0.507238342614671
-0.0133601239158894 0.0197665383890364 -0.534505935433853 -0.68347218408943
0.00480795050902309 -0.000844389067910004 -0.839356536053645 0.166688409859682
-0.00579193792119393 0.01135596962333 -0.0996384309837468 0.675108643697649
-0.00632170510783039 0.0113906410996227 0.378986746671228 0.282392412822089
0.00973602644662847 0.00639854307137573 0.289214728129993 -0.0703683746942491
0.0228433703314378 -0.00510082783020355 -0.00563867998774218 -0.185527714770368
0.011500914145424 -0.000155912557700276 -0.000330605478759346 0.134216831948693
-0.00851134030197023 0.0193114037713254 -0.199350872720998 0.055173484216846
-0.0190026092963455 -0.00180061518733493 -0.330586789066767 -0.205362331021244
-0.0143879539467618 -0.0145880951275776 0.0211809930551936 -0.572857038871681
-0.00797761738733443 -0.0303697576740301 0.667746018892305 -0.286967336298637
0.0120681336225552 0.00506109146778787 0.627445017741342 0.485423187242171
-0.0250452180074167 0.0329203925274187 -0.0228826197819077 0.592270723550632
-0.0333177058864068 0.0150283642632145 0.0399120238723556 0.0761182286662789
-0.0274738189381312 0.0154752415967956 0.141604567844796 -0.503943887075271
-0.0156201943481467 0.0189655657717587 -0.528595105438825 -0.692511313944724
0.00713226143836458 -0.0033485167304836 -0.844976383785232 0.154160068929615
-0.00201186145022624 0.00856789717985205 -0.109047602378278 0.673130505444319
-0.00736420261736053 0.0137193726587454 0.376629581597696 0.283453852922408
0.00650495520809873 0.00668659412523767 0.29114431693804 -0.0699073194512074
0.0211986945843413 -0.00655835770929184 -0.00323334551177658 -0.188943046316479
0.00925371335307044 -0.000115572030422788 0.00191781426175326 0.133512368712322
-0.0113864232802527 0.0212724359326919 -0.199931491306455 0.0547351723353503
-0.020092141416948 0.000635890235835837 -0.328510345181194 -0.203854216514161
-0.0137201287208002 -0.0160497060460347 0.0190036904432206 -0.574987702879971
-0.00782375876618411 -0.0306497091923323 0.664347838343927 -0.291438551950489
0.0089568563774848 0.00417557910385955 0.626742079405051 0.483429003473798
-0.0271857871103697 0.0297618165378199 -0.0259784268497788 0.595125374879752
-0.0327629711335685 0.0103313571753054 0.0358611139967089 0.0795544238065515
-0.0287239989626819 0.0117879053927534 0.139805735328204 -0.501267127939832
-0.0194556856548353 0.0161708721291775 -0.52874151306312 -0.694260469357945
0.00740943089325018 -0.00457856865220298 -0.848230649812461 0.145621599327223
0.000597239158601265 0.00867044992210197 -0.109343203961859 0.673077742426661
-0.00836920936063142 0.0165209224658172 0.377744208246202 0.285113441506779
0.00311613611920136 0.00798155061607518 0.291358565471434 -0.0702861324330136
0.0183443060314716 -0.00487996161199637 -0.0013423056915764 -0.191821249278582
0.00596213644472391 0.00176119625451358 0.00373077902078508 0.130558713296203
-0.0130319465211447 0.0223024058831886 -0.201383591796343 0.0533764176027646
-0.0208151896869375 0.00236323570128073 -0.325965266654302 -0.204978120623641
-0.0106867429049172 -0.0143183841546883 0.0298871685858048 -0.575177207069271
-0.00791029524628117 -0.0315068543203022 0.6670834506751 -0.28317416408186
0.00642187141106182 0.00225912953477491 0.617241489747396 0.492962905611834
-0.0271070560876331 0.0244263764774284 -0.0348614163160275 0.597589293308683
-0.0300348985809372 0.00540119642682015 0.0335081643660525 0.0793168241344648
-0.0290735351105896 0.00591816339298404 0.132495424061202 -0.50169204517454
-0.0211480546299071 0.0150176919983159 -0.535913507440401 -0.688233882745131
0.00660407749209276 -0.00483576156840294 -0.844446505084723 0.155919600835868
0.00204532569255728 0.0102872828861671 -0.0976862546043922 0.67241282851305
-0.00935101113736367 0.0186278137638361 0.384764569292146 0.283420554632908
0.000480156413530861 0.00905562270269262 0.29104985956486 -0.0713794424038797
0.0147037011178668 -0.00404368522964029 -0.000422700258817655 -0.194155885020207
0.00306551815845453 0.00373452536977973 0.00378671212989461 0.131903388670732
-0.0135058589838417 0.023186350876851 -0.203335609473399 0.0529146011592375
-0.0197557728362713 0.00274726080463291 -0.320578887760547 -0.206479174826551
-0.00830078726754269 -0.0141962084384568 0.0435875495936696 -0.574795022075773
-0.00603897590060544 -0.0310837232098421 0.673960419557938 -0.272077716685391
0.00647693251033814 0.00110625245520089 0.605045299401331 0.503147119179812
-0.026796211575496 0.0220142585872638 -0.0448955980674848 0.59638939859142
-0.0270003958089129 0.0021261340051663 0.0305913717718955 0.0784254405291685
-0.0272793850967968 0.00404153331020374 0.124008124286226 -0.503210323014445
-0.0211865599869692 0.0134406574950342 -0.555190933963246 -0.674821829442938
0.00761036591872759 -0.00422591196927603 -0.838274880804068 0.170852729558023
0.00370423232586102 0.0110926454136834 -0.0819263317005544 0.672406182101865
-0.0100996649282374 0.0202456357987077 0.391162178706972 0.281414555555504
0.000115812599615614 0.0112423148497772 0.288608765070151 -0.073217481565621
0.0109712303619783 -0.0017969822540797 -0.00218502183291625 -0.194734512947487
0.00156582367529913 0.00530466698269526 0.00269670986350125 0.130269297005237
-0.011937234055888 0.0242878279618202 -0.204667528160123 0.0514145707966102
-0.0195572617211664 0.00421951076687608 -0.312827796731786 -0.210630075735624
-0.00790656266465996 -0.0121199226504044 0.0607435341754825 -0.576379967672598
-0.00423442395217854 -0.028995863631683 0.682916885944972 -0.258221700992064
0.00730787790765911 0.000230297681444249 0.592953941120474 0.517412045948494
-0.0236748704997942 0.0187183888100376 -0.0558810122078774 0.597569080272188
-0.023736867498448 -0.000854317017607709 0.0289208464145932 0.0776746446197751
-0.0254822200342666 0.0016966781170585 0.112253833083671 -0.505222234299211
-0.0206427132257092 0.013150375482219 -0.568136594979205 -0.664159347319218
0.00845063093920699 -0.00152174722148378 -0.833151732586953 0.188276869859464
0.00431133201917692 0.0140415080153433 -0.0649283290181213 0.672841438050031
-0.00977013866346853 0.0206271976960174 0.394322549947146 0.275718439022276
0.000966577776368268 0.0119026405081939 0.285661699253615 -0.0740998736569069
0.00938300299431628 0.000767971618321154 -0.00374876134026755 -0.195503361372578
0.0004523919665694 0.00776068236723398 0.00140111113924334 0.130837907093017
-0.00954666628587076 0.0241675097193535 -0.205927426688522 0.0499193952055342
-0.0191926217003941 0.00323947239907197 -0.307040970005933 -0.211546085613132
-0.00789358538631456 -0.00962312981240223 0.0777422880769588 -0.57412252103805
-0.00284017905093923 -0.0273395281742879 0.691490855742235 -0.242573229907071
0.00965392362731611 0.000137643509703061 0.583429009450104 0.533352162065063
-0.0201815143634325 0.0168347182393742 -0.0662596011821104 0.596467861160356
-0.0205059309360261 -0.00232645090400664 0.0290551855631793 0.0750160994695703
-0.0213987084397386 -0.000565786822288278 0.104872531852536 -0.506610855089263
-0.0175746423332634 0.0137572781037975 -0.581211720695162 -0.650366217699054
0.00811307877246875 0.00163315251507665 -0.826653059084966 0.205838413170343
0.00357508274899134 0.0161366965842451 -0.0483084172300276 0.673669695048036
-0.00891136868277504 0.0214829585058672 0.401548426538902 0.270481082765394
0.00413252265558605 0.0129554472016198 0.283420594840703 -0.0746056933230155
0.00819628830793104 0.00342961765615799 -0.00643448011546179 -0.195122920691268
-0.000632233961018565 0.0101291377776222 -0.00209127216055194 0.130717398425045
-0.00579896829740783 0.0239231634239647 -0.208397373356264 0.0496963836454841
-0.0183446409273544 0.00191006765421995 -0.303334063587061 -0.21609394485993
-0.00893283303872035 -0.00736212675890794 0.0938312317881105 -0.571601343140377
-0.00222468951534516 -0.0241948932424624 0.699094537868006 -0.226896036138539
0.0127137701505765 0.000467593944510373 0.570999169445109 0.54535674346507
-0.0167082912092524 0.0155905354451724 -0.0732446978084894 0.59422886942529
-0.0165014724944405 -0.00329078590901544 0.0309581819872305 0.0713738132788719
-0.0178967154947461 5.54999430023087E-05 0.0987159560635995 -0.50896632577646
-0.0133629664751376 0.0148072528863909 -0.590223225089835 -0.641003481706995
0.0098417947747963 0.00400525070829242 -0.818023503192396 0.220885505596536
0.00254569502588706 0.0204214377458782 -0.0346371193082659 0.673272548290285
-0.00786032242743422 0.0209712404600048 0.407045432145488 0.267274093808734
0.00768512323099834 0.0133896605031498 0.281099295077179 -0.0748911332110819
0.00803582432473235 0.00600645493357529 -0.00956520654439373 -0.193676118605387
0.0137635533453373 0.00211200414221438 -0.00430006474783479 0.134756744533845
-0.00441850455593761 0.0176115936221523 -0.198750203698028 0.0556568731624391
-0.0170940580838405 -0.00327034640157442 -0.323477227356811 -0.205207527383226
-0.0159317175366901 -0.01379449704567 0.0249666985389322 -0.564969727707064
-0.00742873634224556 -0.0276052163405387 0.665588900245776 -0.274127755113363
0.0135535002147782 0.00457753564108782 0.617166346861932 0.484069404596549
-0.0211933484416438 0.0317226952477395 -0.0234960243673192 0.580670464093839
-0.030577462535516 0.0142626400221704 0.0426894775235441 0.0705259482268665
-0.0233419146890916 0.0156735009009358 0.140250091606773 -0.499377054830708
-0.0126885516088592 0.0189902924136633 -0.527420161064475 -0.672621034841559
0.00453265802532772 -0.000973347252322673 -0.828116774630157 0.167274499544258
-0.00535429484937406 0.0119264549746222 -0.0975384933926586 0.666449330408487
-0.0066179892345186 0.0122760559349302 0.373544950316573 0.278845167610878
0.0103883946186 0.00564578460588607 0.285907756043291 -0.0713028866241709
0.0225732133628569 -0.00586491532742867 -0.00551841513782843 -0.184137883066651
0.012203353683711 -0.000330520601558177 -0.000634130692744917 0.133033469306557
-0.00834800541706466 0.0185387435751592 -0.197318826105031 0.0559507176109389
-0.0192763617933884 -0.00132662359972185 -0.326058810772882 -0.201778997593896
-0.0145218443754708 -0.0149696119066767 0.0185140870315991 -0.566152840999824
-0.00805451273688932 -0.0302470009537111 0.655802817009617 -0.282397473647902
0.0113397744672803 0.00488530916940818 0.62078218072123 0.477238560804657
-0.0238846878156048 0.0331284470735312 -0.0213375820220026 0.583343897015644
-0.0329440979388077 0.0149375868543749 0.0383772917404897 0.0749217839656805
-0.0270858254504187 0.0157197526899905 0.140037417141268 -0.496999659362966
-0.0155983932318998 0.0199042404530112 -0.523448819500463 -0.682170066446477
0.00640361806299815 -0.00407926713649376 -0.833701241685479 0.153432054855674
-0.00192287372768944 0.00924503253553234 -0.104908251538588 0.664126481537593
-0.0073332585184735 0.0140287400015963 0.373467768407704 0.278795790003679
0.00614332560568089 0.00619617668389278 0.287269119229884 -0.0709640145923831
0.0202138443389666 -0.00629574849931151 -0.00276418030122832 -0.187466414925441
0.00925580794823367 0.000383249097357816 0.00207231731394193 0.132252790748234
-0.0117160719133551 0.0212101676466789 -0.196796965491637 0.0551553277545188
-0.0194914511627263 0.00114599328415233 -0.325627652016748 -0.200254243866424
-0.0125087109991197 -0.0146981717853784 0.0170981797652857 -0.567401386936896
-0.00797623411927773 -0.0303467238405847 0.654494778818053 -0.288358584826922
0.00798026401768471 0.00304017084300188 0.618061898352307 0.474763057276356
-0.0263017689248278 0.0290262562394406 -0.0246378942247963 0.586453160653286
-0.0319093042431161 0.0108757415757297 0.0355675722667444 0.0780831370460972
-0.0283961036950494 0.0112907379714958 0.136685069600489 -0.493376132005987
-0.0192411790327274 0.0164061310274963 -0.523446289444433 -0.683346408877206
0.00697982269604569 -0.00393844190987789 -0.834435366478433 0.147619773936533
-0.00018953313447179 0.00843545732335534 -0.106606607390286 0.662669900935257
-0.0083626427158862 0.0171378939361316 0.374216699648614 0.281393565434647
0.00307312330699318 0.00667476036297798 0.288049037657881 -0.070198379967481
0.0168413210387554 -0.00609191800578282 -0.000933874373411837 -0.189513541187299
0.0058267878266508 0.000825048695787846 0.00268340682947775 0.130746170928087
-0.0126965833950471 0.0217801193144939 -0.198222317221176 0.0535778363509367
-0.0199312631235094 0.00238578123863358 -0.321316454940702 -0.203764654974151
-0.0103958450948334 -0.014403080229199 0.0277051809646379 -0.569902060524361
-0.0078069742858972 -0.0310179579201997 0.658926046211709 -0.281169466313749
0.00586323340652035 0.00192306065814044 0.608981137984962 0.484076749120185
-0.0259741421769913 0.0239468390687117 -0.0318652592136672 0.587525837666866
-0.029776947660975 0.00616022924491925 0.0329512614398164 0.0788200962631756
-0.028589065628971 0.00670784119171313 0.131064814945359 -0.492862023439149
-0.0217053132435893 0.0145154010148379 -0.531465838806112 -0.676721748652637
0.00640134914922326 -0.00509195546935329 -0.831824916469909 0.156731492144283
0.00226690654810287 0.0101566193438251 -0.0953447074702716 0.663020172916906
-0.00900067695543589 0.0173922623354363 0.378759980964283 0.277797686948717
0.000508701671461808 0.00850637510575508 0.286698502442538 -0.0702933580139826
0.0141504347662862 -0.00444100022161971 -0.000733772663683355 -0.19168466929942
0.00408248758133386 0.00300237853160996 0.00204035839268765 0.12948255307293
-0.0134060634322901 0.0230170111589959 -0.200553322731269 0.0527124957188457
-0.019506386900578 0.00387802749025673 -0.315582019768458 -0.205543276365776
-0.00818018840441734 -0.0135689902509303 0.0415432194518403 -0.568280546529658
-0.00674232183975139 -0.0301379920337693 0.664225269718974 -0.268925931241252
0.00563693592519946 0.00132262100278103 0.596531228188608 0.496668851652648
-0.0248473173726183 0.0209504933888701 -0.0436619307407879 0.587242560389086
-0.0267963579517007 0.00212036669744496 0.0302449022480583 0.0789678845299192
-0.0267866844048655 0.00405391874823093 0.120994177846672 -0.493614507064855
-0.0213356996079442 0.0139219491694448 -0.547471697642614 -0.666435898756963
0.00745688539613226 -0.00416139495444384 -0.82685275123275 0.171390824520942
0.0038365048469264 0.0108972738631104 -0.0789735226881373 0.663089230833666
-0.00958896805555638 0.0194354579110915 0.385896607647844 0.275063500124128
0.000434927883057169 0.0109981953442989 0.28549235907706 -0.0735508344820817
0.0101283839512663 -0.0013213698667123 -0.00104738880496472 -0.191947056856001
0.000884726097021465 0.00446368781634234 0.00184815301714615 0.129623069213236
-0.0108119533445653 0.0232485029353195 -0.20175729123095 0.0513340132679383
-0.0190780088149314 0.00399513434468418 -0.309470213032102 -0.208035149788347
-0.00713388310917796 -0.0113083405095946 0.0574046781164332 -0.569003962808465
-0.00506129449835228 -0.0285375960191605 0.672216565755357 -0.255142069400913
0.00657453503619782 0.000677948836561207 0.58562263162184 0.510645749120108
-0.0231180167425753 0.0181933628081018 -0.0552757120570236 0.58852012603647
-0.0231028131261953 -0.000466404092957465 0.0289993490843323 0.0766065032259428
-0.0237374436742447 0.000523411379363733 0.111557652314186 -0.495583976308531
-0.0205384289051805 0.0130970898557058 -0.560916282944273 -0.653485324289656
0.008107068394228 -0.00166708269894532 -0.822316494387605 0.189598316139655
0.00463856564066758 0.0132560361163732 -0.0635436468949963 0.665349224179724
-0.00932249951712401 0.0212027878839699 0.390830672252196 0.270770081849142
0.000554901669164781 0.0112894070046562 0.28232908707832 -0.0734850500237246
0.008188222992528 0.000583364086685667 -0.00284033603814022 -0.193417355095668
-0.000139075222183948 0.00765838108921634 0.000662854285591169 0.129545600382001
-0.00882927307402592 0.0246341523800837 -0.203489136653086 0.0498062292843219
-0.0186776195653916 0.00265223641980655 -0.303569172326647 -0.210877025991693
-0.00749330683293158 -0.00972197429782388 0.0755698470059107 -0.567115947890263
-0.00320621021145347 -0.0267293399160641 0.680594466807632 -0.240239550977648
0.00920176449631322 0.000452670130584278 0.575022124824987 0.524837585895284
-0.0199109414042566 0.0165305210711859 -0.0671980217379318 0.587454329514767
-0.0199902031936723 -0.00131058110655823 0.0292359311652438 0.0747655104831679
-0.0211121066458762 -5.09199669820812E-05 0.103523259301464 -0.499199859464593
-0.0181491865021837 0.0136561097143442 -0.574896832473489 -0.640415252264033
0.00863609594630327 0.000521162945558649 -0.814694662063958 0.203480131251423
0.00378536199666206 0.0163863380884278 -0.0459758549143388 0.665686494471507
-0.00892498226124839 0.0213042203521098 0.396638122053308 0.26615452729579
0.00338205961386422 0.0124080585186782 0.27990252012045 -0.0735275325018251
0.00773574950880023 0.00370731907033924 -0.00591002388996299 -0.192884165781644
-5.23901466522089E-05 0.00923465901086314 -0.00236973934606901 0.130693581045333
-0.00579690576285988 0.0237784586240884 -0.205295764997394 0.0496674709659626
-0.0186533500232097 0.00251577451640586 -0.298121373785581 -0.21335467807919
-0.00866983295113214 -0.00676170514840182 0.0915827389876639 -0.565532752931415
-0.0014072224060633 -0.0237531394009981 0.688053006392421 -0.223972024540254
0.0120971963529276 0.000411664310926542 0.565566548318245 0.537220354246563
-0.0152705910668651 0.0151116971724177 -0.0715334179040869 0.585052043972203
-0.0168450385384157 -0.00245792120010501 0.0301732740119418 0.0708287783083928
-0.0165743193447585 -8.89219756353716E-05 0.0983785691683539 -0.502343851186864
-0.0139262805775991 0.0144755293915067 -0.585013707255454 -0.630930633391817
0.00880053300601874 0.00391189270531246 -0.808289721235196 0.221261848703563
0.00326152717198367 0.0196679795926156 -0.0308868606592835 0.666113880173729
-0.00760805561943646 0.020348112116455 0.402172431167593 0.2622715593989
0.00873777260818042 0.0118366566254365 0.277805150841758 -0.0753355268486489
0.00758359451601384 0.00595078428819862 -0.00914406093787611 -0.191776581218056
0.0138868483968236 0.00028736910350335 -0.00552618639026298 0.133056068538324
-0.00387304383637562 0.0167058017401543 -0.195463929993862 0.0556212772399615
-0.0171479964786427 -0.00325847917313566 -0.319420873320496 -0.203003933016005
-0.0143635749132213 -0.0135208489403733 0.024662201951633 -0.559784481561258
-0.00788805302637384 -0.0276943696460092 0.657133170449694 -0.268446546337814
0.0136758312587246 0.00553981124230218 0.608492919610027 0.478549747330204
-0.0196227334089806 0.0312979983987646 -0.0238465436962189 0.573011069352951
-0.0303954310186517 0.0137449628541081 0.0422627083106072 0.0703369770259455
-0.0232869334005951 0.0148580340183397 0.13906877696912 -0.49048175592383
-0.0132698956862305 0.0191222867978191 -0.519865624448737 -0.665796287168915
0.00396982378845456 -0.000481227599894247 -0.818886448279118 0.164426773541566
-0.00497997358034841 0.0110873721272855 -0.0953955609794157 0.657744243815134
-0.00665200908625185 0.0118200201957265 0.368893159493695 0.27344906404337
0.00986438329317961 0.00499107331906243 0.282688034805441 -0.0701331172935938
0.0216951564976877 -0.00567413207612164 -0.00454670546156177 -0.182566409596752
0.011802573279944 -0.000811140885393267 -0.00181125524061618 0.132116629652868
-0.00763890613457268 0.0191647523827425 -0.194695777609942 0.0551803961875055
-0.0185945010349872 -0.00183993242248527 -0.320964164824074 -0.2007230281584
-0.0135693057597816 -0.0149991315762284 0.019143561128654 -0.560886859449525
-0.00797581315826571 -0.0295104871977131 0.64856773140661 -0.278916497637655
0.0111555775195042 0.00471452845757372 0.611973173516147 0.469628776094774
-0.0234248457888113 0.0323875675123938 -0.0220768894323714 0.575338671486919
-0.032631340606632 0.014306385335545 0.0392827339335294 0.0750919257595954
-0.0265747854280625 0.0155118962159399 0.138806045781182 -0.490128689539439
-0.015309078432864 0.019245128003216 -0.514394763659387 -0.672657823797828
0.00588776321278148 -0.00369255596788378 -0.824813424393598 0.150978940458333
-0.00167223918614908 0.00888295038584247 -0.104253756341653 0.655250053919177
-0.00688359551446306 0.0136719194400739 0.367418079509286 0.276020767373443
0.00596597205833539 0.00482212267061744 0.284219003057683 -0.0686515233411694
0.0194735829258128 -0.00615896914407035 -0.00203498623937851 -0.185399892483715
0.00871431766678343 -7.55247741600471E-05 0.000760159060276468 0.130046938763154
-0.0110561029720944 0.0206183593744199 -0.195159221237924 0.0537835553515501
-0.0191285186626419 0.000941902741590459 -0.32056189741266 -0.198699295387729
-0.0109748429037242 -0.0142344519930949 0.0182802229478868 -0.561395151002304
-0.00827513641179181 -0.0302569790631599 0.645831201116259 -0.283916139670167
0.00721047765202967 0.00368199563420851 0.609187315037543 0.469037643065676
-0.0247960215228443 0.0279794249950982 -0.02503315968515 0.578597894365425
-0.0315179613155498 0.0110733554355383 0.0344488238472213 0.0782434429575374
-0.0284789538945415 0.0115319448498743 0.138853173526213 -0.485269367388285
-0.0191170810173279 0.0170953061988935 -0.515914560586043 -0.674572373949636
0.00560295982369745 -0.00428093056175059 -0.825689713791022 0.146136316213448
0.00067002260696797 0.00833853252890652 -0.105875425193724 0.655375532189435
-0.00762947465148105 0.0160573652584396 0.3694636188591 0.278274144633544
0.00320137123058867 0.00695536271873732 0.284750325304852 -0.0701964560642876
0.0162903851222093 -0.00621216288481067 0.00102028504918976 -0.187252222305344
0.00615222278913639 0.000447638792238467 0.00178567424384958 0.129035069965143
-0.0126121620404161 0.0221742051672842 -0.196003902963228 0.0533471363163783
-0.0190883322311917 0.00270662775335606 -0.316315333596895 -0.200928221649978
-0.00987931680467203 -0.0142844284982133 0.0267711824463681 -0.562629659664596
-0.0075334294731884 -0.0304322684066993 0.649617410339444 -0.277263004479024
0.00537352671251547 0.00154256140330671 0.59985303104383 0.478573897931861
-0.0254976163174721 0.0239417311956722 -0.0347802497900397 0.580050990559366
-0.0295203911309537 0.00578083699426923 0.0321049255046452 0.0779390946652507
-0.0276016927881914 0.00660421369589211 0.129641012867221 -0.484558001410612
-0.0207752890705867 0.0145535768160805 -0.526303103836766 -0.669258661479463
0.0058229437170679 -0.00480188946385092 -0.821867758718457 0.154991275976157
0.00297572468724695 0.00990680722766714 -0.0953177000580872 0.654847471607703
-0.00937457260209431 0.0181407831618411 0.37518233233413 0.275259871380663
0.000807004684549834 0.00857366982438325 0.284728571220555 -0.0708339343575977
0.0137775961221942 -0.00433456827218759 -0.000291143593846737 -0.189944998359758
0.00328274204341314 0.00222303371588256 0.00150214353699288 0.128443389107064
-0.0122801159638863 0.0229816478396354 -0.198482878860724 0.051243746015626
-0.019478778496284 0.00449398325491338 -0.310311669629342 -0.204260636278377
-0.00772876228525981 -0.0137066277600456 0.0401672879629484 -0.563218207594629
-0.00627340587820944 -0.029684262639855 0.654971576104364 -0.266065282401175
0.0052419560383899 0.000745961518490948 0.588356891750787 0.490218632749313
-0.0246776813329218 0.0203112090507942 -0.0440976783216458 0.580186806997637
-0.0259829031063902 0.00252543977037155 0.0302938637019032 0.0775378351821397
-0.0268092486775893 0.00325760826432965 0.120702730840649 -0.487330002595209
-0.0213090269704745 0.0134887290776716 -0.538972791275872 -0.657656170907817
0.00639990063592007 -0.00397764072933544 -0.817348771042257 0.169445653845916
0.00420440975143125 0.0108214818221376 -0.0784704973182435 0.655076033813336
-0.00852811285766091 0.0197553497548111 0.382575137067057 0.270692079888485
-1.24232735666564E-05 0.00954138019741592 0.282705769841284 -0.0714896677002044
0.0103721718740667 -0.000834785434732494 -0.000620845082844322 -0.19203844259014
0.000778829380340255 0.00418802601335615 0.000948538483946294 0.128446675276756
-0.0115800933552184 0.0239200996314332 -0.199304925488472 0.0511908399294642
-0.018948260895001 0.00393859631621635 -0.304615330140085 -0.205386291177263
-0.0063947630526556 -0.0116477027594634 0.0588439186504416 -0.562500999813951
-0.00446533840329292 -0.0288067175099541 0.662391415499067 -0.251369652590844
0.0067002352683614 0.000536508967526453 0.576780569164076 0.504619023443611
-0.0224645585845586 0.0174784437912533 -0.0556626653479566 0.580070082697226
-0.0226424440699023 -0.000401443118706516 0.0287968723476838 0.0760955632589807
-0.0237225626007485 0.00157343241888307 0.112441676855782 -0.489444105301862
-0.019937482376716 0.0137405085029922 -0.553594542339116 -0.64616156496549
0.0071444786687472 -0.00155694642100856 -0.811972489395629 0.185902685005391
0.004043290368242 0.013892800985778 -0.0621487778862216 0.654862196894236
-0.00893506087341579 0.0218052340610895 0.385003133295586 0.266963908127969
0.000586142847907443 0.0108335128345991 0.280112357589739 -0.072863070952004
0.0081225510859988 0.000699785130678497 -0.00245812339415203 -0.192847897800999
0.000279450477905237 0.00711216706106209 -0.00114861697326657 0.128282412538781
-0.00843571173363374 0.0231637731844748 -0.201029227014963 0.0503084122383617
-0.0193238949731612 0.00366237610991883 -0.298634165359102 -0.20913090565834
-0.00644272431735636 -0.00930048524047938 0.0756815589416125 -0.56163513394662
-0.00249476182999972 -0.0260192022287509 0.671945418839357 -0.23713259063898
0.00928620803645224 0.000192919966548862 0.565301529708846 0.517227744541552
-0.0187327767468513 0.016458440884856 -0.0655241268067127 0.578604573833528
-0.0184697980537315 -0.00231445883960285 0.0279474188797048 0.0726498521609854
-0.0207471564099143 0.000421206807237456 0.103301881488751 -0.49109192421584
-0.0170157815189024 0.0135534209555305 -0.566296962488827 -0.634447400027828
0.008616738503109 0.0004194976292973 -0.804842211653762 0.20206675844867
0.00381633593059991 0.0162507319073067 -0.0451546751728317 0.655798417349305
-0.00815761687538246 0.0213242071962577 0.391703726361125 0.263539884954473
0.00425560638408295 0.0122180869398338 0.276270069263352 -0.0737106117871074
0.00691336097195213 0.00267924947824899 -0.00416170127894566 -0.190937462851011
-0.00028868193474231 0.00928758452705306 -0.0027482356528162 0.128963598746828
-0.00482649942314064 0.0236202579768006 -0.203131801897812 0.0489245320686
-0.0178838625863902 0.00251325163680115 -0.295610342219289 -0.211986941117524
-0.00781347646422273 -0.00732927915122951 0.0895154023699082 -0.559781528724615
-0.00184511371777171 -0.0235390575584601 0.679395544858625 -0.220869490754323
0.0114051825593069 0.000208239139399144 0.556192226322636 0.531473551204123
-0.0154306405259721 0.0149600125665115 -0.0725202827552839 0.577339571637941
-0.0152570142619853 -0.00293726503455975 0.0291891017353778 0.0708685689504698
-0.0159992567613832 2.06628926625483E-05 0.0985187953636177 -0.494781725484172
-0.0129243977665905 0.0141857366759826 -0.577212164431484 -0.623105601711836
0.00897017309848359 0.00336426389370986 -0.797074584083497 0.216002550850307
0.00244692509170276 0.0200307995268377 -0.0300576359091202 0.657735916691861
-0.00732836070481363 0.020756550083611 0.396302259331378 0.259488862290725
0.00813132200901884 0.0117610126733072 0.27540983535015 -0.0729076605255786
0.00706494069910023 0.00546703826602627 -0.00806935103276206 -0.189428829811485
0.0132884554074274 -0.000159322489688702 -0.00646723345866735 0.132410644910863
-0.00419002482083533 0.0170690637529072 -0.194386811509222 0.0542070955125474
-0.0173096601850734 -0.00310091842415305 -0.315502411009478 -0.202259729362433
-0.0144460692059077 -0.0135991682635471 0.026832052711758 -0.552810236805891
-0.00666992095127696 -0.0266295090911048 0.6482246322602 -0.263311205350644
0.0128950762053886 0.00493961728242161 0.599487744172559 0.473391725157814
-0.0196126982702565 0.0311404574951953 -0.0252966159789544 0.564782896080617
-0.029284684407676 0.014820908793959 0.0422382355059126 0.0702534156235125
-0.0229584658993533 0.0150645224368812 0.139896052505955 -0.485246728945737
-0.0134609640088838 0.019822180592793 -0.511381538153306 -0.660247962016348
0.0041950832541587 -0.000386840864827025 -0.810652492036056 0.161312777294877
-0.00430357326636696 0.0106490941494676 -0.0950848581459449 0.650324044609153
-0.00639248905952891 0.0124308101634771 0.364500311059877 0.270916511597683
0.00969389011925329 0.00501797712410315 0.281057583282716 -0.0679715894932504
0.0210040075312403 -0.00526037936116754 -0.00320729440496006 -0.181604563023443
0.0111448862297133 -0.000978530526996807 -0.00289501168242481 0.130913570732629
-0.00752720994239056 0.0183002984436267 -0.193313675596758 0.0541483343327878
-0.0181935795800358 -0.00123921152172575 -0.316358507016838 -0.199396588977417
-0.0127313864197481 -0.0149937982754906 0.0196926112525402 -0.553578558966078
-0.00730999848628934 -0.0295662002466539 0.640889198937324 -0.272894864899624
0.0106112478594135 0.00527786044307966 0.602298868710067 0.466657182617897
-0.0231023560628657 0.0317977299635668 -0.0232282012905119 0.567760200113072
-0.0312275634648987 0.0146511501818484 0.0376684666848337 0.0738662483222645
-0.0251339516182534 0.0149990443274933 0.140444420038798 -0.480236174230742
-0.0157093599778056 0.0185073602658005 -0.506767795244617 -0.666182920739704
0.00500261462645327 -0.00293806352549217 -0.815954533131057 0.147800410341352
-0.00168822397414383 0.00892509882663539 -0.104628772551176 0.648923474205163
-0.00685043457897371 0.0140356258321051 0.363703469772415 0.273717038567811
0.00570297548752753 0.00487101951819993 0.282544781928023 -0.0679651016372496
0.0196108153610772 -0.00647653318013252 -0.00041382587785146 -0.183484040650595
0.00861794388426494 -0.000322813055432083 -0.000883499115123005 0.130103081587033
-0.0106442999886499 0.0193370847347727 -0.192641294736315 0.0538784346584603
-0.0183998014321261 0.00169145409184394 -0.316063153899868 -0.197679987992666
-0.0113190069998427 -0.0148355065643066 0.0182123651381387 -0.555605954675287
-0.00816336998743331 -0.0298707243896375 0.639490803926682 -0.277557062872879
0.00769050016246196 0.00339593973912969 0.598040246059518 0.462975567073161
-0.0240682434852864 0.0279514579142703 -0.027238130188692 0.570469452523279
-0.0304235189207747 0.0110857295256739 0.0341346359547799 0.077656617053838
-0.0274752868019103 0.0114005788877266 0.138166643413935 -0.478795267685358
-0.0190665840031856 0.0167259093084679 -0.506210210591314 -0.669446500943229
0.00547747110966128 -0.0044612544375161 -0.816524310148488 0.142507958479186
0.00104799900430362 0.00807586352917674 -0.104938987428768 0.64711384588797
-0.00764405578266247 0.0160248696291567 0.364241426265332 0.274921512609057
0.00276024881727363 0.00654361104082751 0.283283273937251 -0.0679084815107773
0.0160111030982976 -0.00558060535009566 0.00236265125636471 -0.186658327307611
0.00617598497972049 0.000436691431634445 0.000346219036099636 0.128679479820607
-0.011966613774681 0.0211386343823378 -0.194260409452019 0.0516873270591638
-0.0190669567302291 0.00233958630157315 -0.312142557725699 -0.199604284756919
-0.00860279018255414 -0.0145399027918642 0.0286679958537029 -0.556679567430021
-0.00798981567588584 -0.02996541171804 0.642068978445905 -0.272130740719117
0.00502442694086896 0.0018071802991938 0.589953443936045 0.473587090452401
-0.0252804016371247 0.0241428262490361 -0.0344212274864029 0.572324498295668
-0.0278622062030652 0.0058289671992834 0.0306221797724837 0.0777644468313704
-0.0270819728472189 0.0067362239679293 0.131501591061321 -0.479261023147196
-0.0202098018199471 0.0151733922339985 -0.51481641093602 -0.663051465961923
0.00591447470799606 -0.00475046341072887 -0.814996480527511 0.151214434144098
0.0026900560588703 0.0102978639342303 -0.0942784163988335 0.645568060122851
-0.00865084056249942 0.0181806105535564 0.370857234845396 0.272183167526694
0.000447059384423841 0.0081559848631092 0.282274649232663 -0.0688468193025263
0.0131397138339958 -0.00396617682172419 0.00211549548152554 -0.189068445869322
0.00282394727983356 0.00185020443909723 0.000672809331607577 0.128127588263753
-0.0122100658902456 0.0230807021381044 -0.195568442107848 0.0521113399110687
-0.0187167461824631 0.00362818609865203 -0.305645650176984 -0.202782425716559
-0.00678308167272392 -0.0141364273681983 0.0426224871222307 -0.558228224524403
-0.00585486296674031 -0.0302016310722058 0.647454897736558 -0.261327829095765
0.00519577418259105 0.0014808170097648 0.578696455438845 0.487209078997273
-0.024341526371838 0.02041128999163 -0.0464066700328521 0.572342209018477
-0.0253841544240928 0.00227788324850586 0.0291431402743236 0.0769417365782486
-0.0258791910614797 0.00346367235103232 0.121700399122827 -0.480296059137846
-0.0210142639966503 0.0138630104351958 -0.529913281233549 -0.652238145468698
0.00518550274286325 -0.0040438010054266 -0.809927364048437 0.165068389543137
0.00372875349253394 0.0116949306338136 -0.0775487382157824 0.646744205354922
-0.00809677849741816 0.019877097133245 0.37649017308424 0.268237524734645
-0.000129334711643956 0.00890920013504316 0.279434809805052 -0.0713248259587092
0.0105012002336255 -0.00242140424389503 0.00130044065918736 -0.189553204145908
0.00174295319857635 0.00420092824944025 1.91723598180801E-05 0.126970776069469
-0.0112809543295349 0.0229585828335276 -0.197755353237809 0.0503111604026543
-0.0184008267538369 0.00395942840816021 -0.300180382435475 -0.206187447954664
-0.00599399592162912 -0.0117982013882371 0.0585476062971399 -0.557118591382885
-0.00483441760737802 -0.0285248524601471 0.656442779239377 -0.246530846386248
0.00610451171378785 -0.000437009890881655 0.567613504355528 0.499944398208407
-0.0217141235439309 0.0180504587013342 -0.0566353194269606 0.572328883565335
-0.0228352116769723 9.99912492937512E-05 0.0279094198149927 0.0755603315768745
-0.023606956058325 0.00173014202177436 0.112118500641409 -0.483256216175503
-0.0203106366954709 0.0125797128430867 -0.54587607395142 -0.639827773401629
0.00605136377245108 -0.00161017189224679 -0.805133915269297 0.183213761948601
0.00412980606647256 0.0140726560514431 -0.0612996435490518 0.646951876445457
-0.00933188629155601 0.0209694320756243 0.381012942056931 0.264768359678663
0.000284322109350635 0.0102925546174013 0.278094278201148 -0.071290151218176
0.00726735770164881 0.000370912109191976 -0.000995914885908827 -0.190528758356249
-0.000332679457591863 0.00686367566854909 -0.00176615702447639 0.127518456594098
-0.00830714742089694 0.0228433726487925 -0.198849745799361 0.0494283198171715
-0.018376861128678 0.00306677858831761 -0.295888466402741 -0.207689189247412
-0.00579648559349613 -0.00923720958307884 0.0756447937647861 -0.555287749787569
-0.00289828257210515 -0.0263500255171154 0.663015203005043 -0.229898323766857
0.00866440759438562 -9.25292488608079E-05 0.556769311950491 0.51319485594692
-0.0179455580608983 0.0159895720984539 -0.0662580670093969 0.571976897794559
-0.0187164300363593 -0.0017513198358952 0.0284404465740205 0.0740359539697014
-0.0199195045555188 0.000435543095041457 0.10508627767113 -0.485028752020995
-0.0171248228353029 0.0132472439311671 -0.555933760483282 -0.626629403716296
0.00783570157410598 -0.000232909921484759 -0.797441011521066 0.198009862482927
0.00459377061322163 0.0159837947409461 -0.0459758228474628 0.647711349207682
-0.00849905533203011 0.0218670584187639 0.387603858581803 0.261374805318805
0.00352229959698671 0.0111461957551221 0.275404417309497 -0.0729701777140329
0.00667731373135811 0.00293200103565909 -0.00355508846985524 -0.189086043010264
-3.14739930094626E-06 0.00866718616558543 -0.00478327003967118 0.127597120342787
-0.00473481719389083 0.0229486344150737 -0.201666843697108 0.0477127351741335
-0.0177562509535254 0.00223973006743615 -0.290232891550883 -0.210743324898486
-0.00695447505453716 -0.0075404437801925 0.0904203863824146 -0.553975430778334
-0.00240231518448238 -0.0230097626226205 0.671570179690183 -0.216443284745124
0.0110268151177618 -0.00030101785348134 0.547244349202354 0.52476221782594
-0.0147576896906025 0.0150318484707434 -0.0740026817174095 0.569246716366975
-0.0152019187889054 -0.00305938373274695 0.0287981312794561 0.0704968974668253
-0.0160348746711604 4.73968628848243E-05 0.0991302200723267 -0.487188676616854
-0.0134800565375802 0.0140829009796076 -0.568488915442704 -0.617662689517179
0.00874483911812923 0.00430212572919439 -0.790874250739944 0.214350741915832
0.00263415861176859 0.0201340791766751 -0.0312125982546096 0.647428221417736
-0.0070060041685857 0.0208990197096179 0.391946194625028 0.258825048201444
0.00717356429174851 0.0102793613262728 0.273295307624727 -0.0727490131292643
0.00650864200625263 0.00502732221647643 -0.00600768602625306 -0.187949349132194
0.0141636567834959 0.000835665299684896 -0.00824399554755463 0.13180743195257
-0.003877114342622 0.0170008430601211 -0.192823568391366 0.0533540587020483
-0.0167971979546488 -0.00420997885734528 -0.31129844001863 -0.202697641734216
-0.0134450550433766 -0.013029539667215 0.0297386426178788 -0.548209416680695
-0.00724734591772418 -0.0274497625903823 0.642594839576741 -0.257532681750811
0.0122721279731838 0.00508761583839447 0.589569991094875 0.47279708721397
-0.0194305865875577 0.0301403501912391 -0.0285116782056504 0.558839360645302
-0.0289542775981297 0.0139375465328516 0.0411399209503646 0.0692241460950801
-0.0232359194864654 0.0146339939095876 0.142175915842004 -0.477897007044171
-0.0132550401500999 0.0193237028578484 -0.504777834420898 -0.656045142938967
0.0042855128455414 -0.000241429357756634 -0.803301111669766 0.154655486275123
-0.00417914186936956 0.0106091158664254 -0.0978609734244626 0.6433295414279
-0.00638245042518314 0.0118405087022106 0.359353956257804 0.270030634855879
0.0093042218548417 0.00329250235743665 0.277256298510648 -0.0664208212540953
0.0208430081001165 -0.00597545413007157 -0.000489858268320959 -0.179781775354425
0.0114928132406724 -0.000734928986970106 -0.00492571550772411 0.129717992930084
-0.00778584254713108 0.0173979902525019 -0.19185988972772 0.0526721243050521
-0.0180454347426993 -0.00116613734265208 -0.312602861642044 -0.199541700377241
-0.0115150612995646 -0.0150976736962175 0.0230039137639207 -0.549275633369781
-0.00705257619767321 -0.0286012200925635 0.6362514936283 -0.26648146742113
0.0102218011086628 0.00407454117925857 0.593302482056503 0.46543969899605
-0.0219233619208544 0.0316311096030076 -0.026966052664291 0.561121818366315
-0.0309049305435234 0.014201002788516 0.0369397066219495 0.0734604363393388
-0.0256173090534684 0.0166276550967811 0.14159026195316 -0.47621935758827
-0.015246449168037 0.0189549261093126 -0.498114822429769 -0.660950679722655
0.00589979973416352 -0.00301081851097685 -0.808774950679829 0.144293493646098
-0.000778715982797744 0.00856971314953461 -0.10534353723545 0.641417769505717
-0.0062526649051932 0.0139217472949217 0.358705608374993 0.271967902745191
0.00582388569572313 0.00472007788158869 0.280774975655007 -0.06638484460657
0.0191692125266776 -0.0071166665133368 0.0014014728587056 -0.183083358619554
0.00885956662769805 -0.000666942051875669 -0.00190987458687401 0.129167971153226
-0.0101714033928549 0.0191166138082163 -0.191736967943083 0.0526019379543807
-0.0189042591412208 0.000583940788379556 -0.311228980776753 -0.19779147145168
-0.0105595809485231 -0.0150370969347096 0.0214796788662752 -0.550619741848097
-0.00824362609182764 -0.0298422495479482 0.63302788609175 -0.27201076402951
0.00767908274894159 0.00318371669636921 0.589316604777884 0.46239015045619
-0.0237336034064353 0.0277557408925932 -0.029629282259741 0.563523403222164
-0.0309577088838834 0.0103281196121425 0.0328084410930285 0.076927628276463
-0.0268469687472999 0.0107869007805987 0.139751308283693 -0.471580833296009
-0.0175412755430975 0.016835430281495 -0.498255340213609 -0.664702952050366
0.00574894124650828 -0.00486035007036621 -0.810950475589292 0.137052509825266
0.0012538243518539 0.0086739140489266 -0.105638806436405 0.638135601550015
-0.00807779893222708 0.0162171040674891 0.359611932827406 0.273954224609602
0.002588943195197 0.00615258016902692 0.281533883278154 -0.0666409882174192
0.0160075631689228 -0.00593774215189974 0.00317734218696332 -0.184999410288808
0.0058421312603039 -0.000527950241515361 -0.00201210670620132 0.128217661175312
-0.012290236749961 0.0206233666387479 -0.192825393728753 0.0514066072238364
-0.0193157605674396 0.00242037098593903 -0.306847842303925 -0.200647904607894
-0.00906955029588823 -0.0147169378250501 0.0292875852982448 -0.55041436729589
-0.00766095833221973 -0.0304756138889533 0.635927815561477 -0.266249673026625
0.00435123767715737 0.00160696636110669 0.581419936965581 0.471333459919211
-0.0240843260510391 0.0232994807215224 -0.0380178032136704 0.565520651638854
-0.0280002564244308 0.00579872365291085 0.0304613763354611 0.0772371304031867
-0.0267161319576956 0.00708901835526313 0.131911140240548 -0.472732446203966
-0.0206359403397636 0.0143253331744521 -0.508614302129263 -0.657692839167052
0.00589100535063954 -0.00433281127850073 -0.807450954759083 0.146555347711769
0.00238634638807088 0.00945970871657816 -0.0967341850036837 0.640242723488702
-0.00806781305076832 0.0177630348096054 0.364837801841563 0.271007090560024
0.000268743040525576 0.00750406550247929 0.279227287957304 -0.0673170990836964
0.0128006541374216 -0.00397091636203452 0.00388060158897811 -0.186817508497408
0.00350685726217825 0.000822445642826585 -0.00161838977175737 0.126637632066513
-0.0113670177571788 0.0217724770058601 -0.194958553630105 0.049988358260554
-0.0187718613148405 0.00336611096742391 -0.301480029308656 -0.20383442018083
-0.00612778243680022 -0.0134695265449416 0.0443239984029426 -0.552100867192364
-0.00682911391462713 -0.0289321420217455 0.643327555811413 -0.253382900132973
0.00453400544362017 0.000658495970481916 0.570950840132496 0.483473527225516
-0.0234350849305238 0.0202934743312003 -0.0480239740242856 0.567361518991165
-0.0250471166800922 0.00212100855195316 0.0281337738648886 0.0760636827682486
-0.0261345536824015 0.0036347815951371 0.123031392164626 -0.473793069592394
-0.0210096056128558 0.0128512588994938 -0.522607734463128 -0.647493682583489
0.00651268946031246 -0.00383890426768841 -0.801799391845324 0.159161455891493
0.00346301986597538 0.0107710378220309 -0.0800309115866445 0.63930725540887
-0.00912028953892689 0.0200957043584009 0.371684006514742 0.266376496348171
-0.000910337344446699 0.00882002539399714 0.278404072630229 -0.0694340099166477
0.00945112068438158 -0.00133441212633519 0.00242134392087918 -0.188002574411486
0.000446963466055436 0.0031726462710819 -0.00188579407925337 0.126779742340506
-0.0105820694061955 0.0223734670209774 -0.196532932173748 0.0493802347027333
-0.0184499045766382 0.0032309505399965 -0.296429408395172 -0.206244663148244
-0.00526639639859647 -0.0117663923064224 0.062056961589783 -0.552925590558987
-0.00436108457610645 -0.0280880628914604 0.65023954747741 -0.239961997391255
0.0056477286213805 0.000155970685688216 0.557886036469581 0.495590857547052
-0.0210279348370074 0.0169146412046483 -0.0587847344455535 0.56502557043734
-0.0219025578957937 0.000177207941874839 0.0267746741591825 0.0757370851779894
-0.0230119542363112 0.0021422193389884 0.115259814465236 -0.474902374156497
-0.0192704564027981 0.01329780949825 -0.536646772153614 -0.634975352468537
0.00706347148670354 -0.00243991251627145 -0.797792963301529 0.178318844105155
0.00456896903087228 0.0135816026141635 -0.0633810102131883 0.640296483312373
-0.00904354076654672 0.021563174548544 0.376980888697813 0.265157667319462
0.000425467342797883 0.00985997217191911 0.275388103659914 -0.069685433861361
0.00749586370701367 0.000734887180509717 0.00106878094519589 -0.18942646379993
-0.000127729243803194 0.00662103014270052 -0.00386886897465432 0.126627930327363
-0.00748811312818164 0.0228541503632326 -0.197089216049075 0.0478768218441228
-0.0178215440821194 0.00320578051906351 -0.290117876244127 -0.207862383077598
-0.00528337044067939 -0.00991049449748834 0.0773502408315533 -0.55138708534513
-0.00320350947124603 -0.0261561273352224 0.658035598046343 -0.224381786598379
0.00789096221201068 -2.88002839315231E-05 0.547821312590965 0.509896623494358
-0.0178689015085659 0.0159359977809006 -0.0699531629190055 0.564008961990694
-0.0179358190069699 -0.00185391305883115 0.0272879495898334 0.0718826204096588
-0.0196383068520002 0.00073798594245642 0.105854903146185 -0.478590047700387
-0.0170396690800579 0.0140242934000975 -0.547811836370114 -0.624253666628777
0.00720563417597534 -0.000293522913399605 -0.79091365071501 0.192952369758825
0.00376281798215486 0.0164240711086508 -0.0480520954750588 0.64083477015751
-0.0084893269487158 0.0210732107115495 0.381917411228816 0.260564510800922
0.00371983861204405 0.0108017831079176 0.272978187117067 -0.0703968551245259
0.00617190035716269 0.00337210399591148 -0.00130303627524673 -0.188100313120698
-0.000686508719729076 0.00764696474929028 -0.00585907030450948 0.127485724831593
-0.00459881938348314 0.0230183223066177 -0.199721964354467 0.0473126382846941
-0.0179207483450252 0.00199022198499198 -0.286553967626102 -0.210793842848015
-0.00647389345656212 -0.00696568556202387 0.091087594202017 -0.549111649863277
-0.00224646085083623 -0.02312396556051 0.666192225280219 -0.210667114186306
0.0104829688990444 -0.000353227921914726 0.537360886485585 0.523157874196185
-0.0148355271098576 0.0149803173415664 -0.0758460699115196 0.563082466507247
-0.0141585136841781 -0.00292157028933708 0.0285319909058411 0.0705493442700347
-0.0153027408968557 0.000308645217875469 0.100430157404695 -0.481229519588818
-0.0133623047624807 0.0145115401343373 -0.560132255716986 -0.612399179484877
0.00832127322962767 0.00359254810312024 -0.783074879851694 0.207091382131328
0.00260261448069271 0.0197309062473003 -0.0337852879501877 0.641711023285858
-0.0065092428368367 0.0205475125377177 0.386739471796361 0.256146257809971
0.00782087237986725 0.010532937359437 0.270823120391237 -0.0706224888450747
0.0064242153068463 0.00543278506630592 -0.0053162983300906 -0.186728378333127
0.0140381867439827 -0.00016746051603157 -0.00929364518691083 0.130988601977727
-0.00361103038692345 0.0162758699304084 -0.19163106703254 0.0528170499033529
-0.0166834097282424 -0.00341472951328591 -0.307059426275148 -0.203556769689369
-0.0128228503851935 -0.0137270285230223 0.0324246514861024 -0.543409032160741
-0.00610696685234959 -0.0269034453196721 0.637389132063513 -0.249725614338809
0.0116143460857298 0.00467212953908131 0.58051433550547 0.471664411820647
-0.0191842963999391 0.0306158755463612 -0.0318252226083319 0.553469288388028
-0.0282831022757013 0.0139126918589533 0.0397876726129845 0.0698651716819749
-0.0222998886847405 0.0153510171358877 0.144753989353726 -0.472744763156605
-0.0129135551243605 0.019004870632979 -0.493970157586718 -0.65478182492697
0.00453906607192333 -0.000284385351156416 -0.798501880672991 0.149513539608456
-0.0043342543486688 0.01096779597989 -0.0998196334065984 0.635331444598628
-0.00627538356389635 0.0129804490972253 0.35491284305915 0.269780607243705
0.00917594633884179 0.00428833105228384 0.278610222215122 -0.0657276276161204
0.0189214650958442 -0.00582131836839187 0.000616281869097476 -0.178096653780191
0.0109510048757339 -0.00184681836528808 -0.00693839524800426 0.129392270038176
-0.00694543887852275 0.017715854916917 -0.190074711458664 0.0518019940845235
-0.0179883002694095 -0.00113686173210254 -0.307968192727367 -0.201302836807193
-0.0117957387183965 -0.0151973996742994 0.0261318990800971 -0.546552477854294
-0.00716337631997905 -0.0285090244127393 0.632304411335826 -0.261174529872027
0.00937411328735527 0.00466362507301603 0.583860366234371 0.464659631470415
-0.0220790184813351 0.0311031286299705 -0.0293389519288227 0.555070166630137
-0.0311491443453608 0.0143680464242009 0.0364796669730112 0.0733882668110563
-0.0254125519399947 0.0154990877042352 0.144592892985952 -0.469111832358553
-0.0153894440210349 0.0187732810805358 -0.486665729920684 -0.659734208573677
0.00525624280682099 -0.00317524055092532 -0.802424460301292 0.136588077275436
-0.00105825932578434 0.00908391867494226 -0.108887150311258 0.635091806945225
-0.0068052263883158 0.0136176521128087 0.35466946417772 0.271984234795003
0.0055846597378635 0.00463602103623292 0.279398980575871 -0.0643306102334587
0.0187387911647653 -0.00714135119443353 0.00378509904329427 -0.182623720252041
0.00849047156031328 -0.00140221144257978 -0.00432236643481195 0.128723727757088
-0.00997382414843883 0.0187383326487882 -0.190344802665415 0.0510666860742942
-0.0181009887292654 0.00114064202511589 -0.307312335873938 -0.199337836068002
-0.0103838812248775 -0.015134430817538 0.024161945263172 -0.547984797330063
-0.00810524373419247 -0.0302577264839306 0.630324650688719 -0.264523379910202
0.00621453352205634 0.00408632915662738 0.582296953721974 0.462556961550611
-0.0237054362005715 0.0284417315738029 -0.0335691180115119 0.558875052543928
-0.0299080609321302 0.0104433522872968 0.0330099307478645 0.0761552459119114
-0.0265617912934134 0.0105185828056271 0.142179091963234 -0.465663915214541
-0.0177073265608962 0.0164883941742961 -0.489863221387832 -0.66143956848644
0.00555825071883372 -0.00381528845512616 -0.806455965819528 0.131576139596628
0.00178640562452515 0.00803212422747458 -0.109631225038439 0.633764844982142
-0.00770054345430316 0.0160891562064017 0.354679561560832 0.272632457279461
0.00235787185911376 0.0060100429528928 0.280297058511851 -0.0644940703432987
0.0150575705692657 -0.0066200443566752 0.00642504992822791 -0.184219977947623
0.00547423572469308 -3.6459363436357E-05 -0.00287401508405948 0.127711829409074
-0.0115969964917429 0.0209748023180207 -0.191072673060955 0.0501502805177863
-0.019150774781208 0.00276556442737585 -0.304119792069408 -0.201973617863698
-0.0074803660420169 -0.014877893890249 0.0327036535286181 -0.547160603677165
-0.00799584538942349 -0.0296538189611243 0.632227566491255 -0.258778539078725
0.00458246720452433 0.00138010534433532 0.573354515524541 0.472090904569577
-0.0239983992625202 0.0230408968714683 -0.0422225721656792 0.558152630608233
-0.0283748233726265 0.00499976064394945 0.0287715765680748 0.0773430019350094
-0.0270565795380908 0.00703470744401124 0.136015568060243 -0.466988789706509
-0.0205221163532309 0.0134771958369429 -0.498781499722675 -0.658933425319116
0.00544115416930688 -0.00544245199359555 -0.802396218129907 0.138432780215172
0.00275211904864921 0.00878165079270575 -0.0983999300892114 0.634557894957039
-0.00817272969637504 0.0177581983392115 0.360580153131382 0.269929862710902
0.000148526167769962 0.00695134827796658 0.278356494386743 -0.0651129897558129
0.0120728529928157 -0.00447809337485469 0.00532669004804522 -0.186947144128477
0.00262833398410699 0.00015901582169497 -0.0029394984865332 0.127511195910869
-0.0121131204820093 0.0224215949659911 -0.192987709625748 0.0484822308151948
-0.018780871480693 0.00348601227789405 -0.298538926194695 -0.203466307604271
-0.00619501020975271 -0.0140923598462938 0.0476386110431788 -0.54866411786065
-0.00576027508926833 -0.0292497999226796 0.638521455956245 -0.246658334920014
0.00481135973357686 0.000960755002382348 0.562113305487168 0.481421217905515
-0.0233018534455791 0.0200962762214756 -0.0522133552443031 0.559344309892635
-0.0251945322478025 0.00218499276781993 0.0270573790721041 0.0763870024065309
-0.0255525884824612 0.00435575496753274 0.127763995787032 -0.467864496479143
-0.020668320109901 0.0139644179307874 -0.513012349229066 -0.646775347447183
0.00564518184560349 -0.00415572950931977 -0.796230272377153 0.153646405242348
0.0044238470524297 0.0117285173076428 -0.0826643556453926 0.635220902145644
-0.00881303130297645 0.0198539926058157 0.366765076285143 0.267433040008677
-0.00042454112133157 0.00849980939548662 0.276871410525065 -0.0678653072297984
0.00990937428082468 -0.00177928263802146 0.00413778849682107 -0.18757468955158
0.000876283335471832 0.00266467520436075 -0.00407324669768682 0.126311060522994
-0.0105452957242076 0.0222833227914168 -0.194376024791483 0.047183018184595
-0.0189661112647375 0.00277393872992007 -0.292293186578201 -0.206521728542884
-0.00448486445994667 -0.0115738270131146 0.0632858294848784 -0.547948943895293
-0.00476820954762034 -0.0278420673091237 0.644542293408918 -0.233320074892148
0.00577656844963507 -0.000422938241823166 0.550256487141903 0.49653827437174
-0.0214571012953016 0.01822946627311 -0.0645505240210496 0.55832020848852
-0.021539052161387 -4.03518358186121E-05 0.0255500859377925 0.0753977193173731
-0.022357593999357 0.00273410404344497 0.116981054225846 -0.4703529311793
-0.0186463527026549 0.0130932692891564 -0.527634951699368 -0.634850981498429
0.00594060248856343 -0.00231268603035917 -0.790896764320443 0.170889522417722
0.00440505787842679 0.0137032009409309 -0.0668295900272468 0.634356629444456
-0.00867125145064897 0.0205958338495063 0.370668504084177 0.264488176291505
0.000285070670560083 0.00960053668893045 0.274986981736469 -0.06875275761136
0.00729774994001408 0.000463231082254162 0.00260769336591222 -0.188670207943417
-0.000234921656000247 0.00591929516995075 -0.00551955536867713 0.12593915808509
-0.00782284960838694 0.0221096349625141 -0.197111705446007 0.0465368740098426
-0.0177246899276403 0.00256867705250319 -0.287272110236294 -0.207802133775443
-0.00496864963611876 -0.00991428501049307 0.0795056485428619 -0.546319553113326
-0.00244271070147794 -0.027049844542932 0.654436777252136 -0.219634632111267
0.00748679407118202 -0.000845040497687132 0.540047459317406 0.508569052475392
-0.0178697161515926 0.0157990353652722 -0.0718563658597244 0.558489208480372
-0.017937563376772 -0.00234479579215948 0.0258935848235636 0.0727629572732425
-0.0187239204295338 1.7244585126374E-06 0.109560788636545 -0.471902632690546
-0.0168779755869698 0.013083412347646 -0.539509259324924 -0.620866866404152
0.00716653526168735 0.000443522955948338 -0.785470182181632 0.184964490579075
0.00346947614786144 0.0167870431206361 -0.050862119362967 0.634187667282425
-0.00834312087202453 0.0212692028326895 0.378289540425593 0.258495140209458
0.0030342313642886 0.0097660126594867 0.272417616357299 -0.0684732491624118
0.00633028762585734 0.00286129742355941 -0.000266228154682999 -0.187163546518745
-0.000116786745428923 0.00742667553841999 -0.00802360093726586 0.125825896779921
-0.00573487417237152 0.0224677389177337 -0.198088287933375 0.0461689040430477
-0.0174675248026402 0.00139296902527717 -0.282275514750066 -0.212104865045456
-0.00560951541752427 -0.00736686455763785 0.0947344609302773 -0.545044580769851
-0.00135605177000133 -0.0235415579376236 0.66163300061661 -0.203852038436669
0.0107058930328268 0.000671876969747152 0.529083512027828 0.522065240494872
-0.0135480143098889 0.0147004913990122 -0.0792888626991297 0.556396227475607
-0.0141749263868092 -0.00294308162279746 0.0275424323575219 0.0691285698912796
-0.0155137650784523 -0.000299993200384084 0.103635871985148 -0.47478442301337
-0.0134343410120896 0.0140629279867956 -0.550914242634377 -0.611843843724419
0.0076702461500905 0.00306561749944787 -0.779173121620006 0.200637911431322
0.00279711049083053 0.0202414068537898 -0.0371288565600467 0.635917094689323
-0.00744893136810215 0.0208986091380185 0.380416122287926 0.255758924301545
0.00706147262542976 0.0108185821791107 0.270275663703341 -0.0692597111510814
0.00563959249121143 0.00620611571885225 -0.00335682122576794 -0.185199235303424
0.0130060020392954 -0.000367936944426063 -0.0116406129573471 0.130777391307469
-0.00441032685453818 0.0157487393690401 -0.190932799679661 0.0495771986876753
-0.0166672376256182 -0.00382272310084796 -0.303329149413443 -0.206155664789768
-0.0128937177681258 -0.0140137937596528 0.0356985392981543 -0.541991195215435
-0.00681128273431887 -0.0261629028829116 0.636279055781175 -0.243527972540031
0.0113876980944819 0.00500410398364702 0.572602889539175 0.473650641132699
-0.0188914164592496 0.0300222072308001 -0.037756282359263 0.549019992578489
-0.0274073448272899 0.0128760419547054 0.0390809269751054 0.0687015515719474
-0.0220464572683756 0.0148198395168337 0.148240890213485 -0.466613102008304
-0.0130535664475415 0.019007291699897 -0.486620989589541 -0.652783842451092
0.00342431800612473 -0.000746806703642648 -0.796355679416629 0.142677125843462
-0.00402272139574136 0.0107723365513746 -0.104151471183578 0.633517834339583
-0.00552564374091468 0.0112969991246878 0.351436475781635 0.270960858710169
0.00993872890992739 0.00361953472645261 0.277535137844219 -0.0625028161385857
0.0202158749397668 -0.00506908775544509 0.00272937280301473 -0.179155700754679
0.0116065483900476 -0.00139326830924383 -0.0092318633157667 0.129507879324862
-0.00681737573488362 0.0176524010930702 -0.189665706842177 0.051195204652997
-0.0178414642250521 -0.00101121691522396 -0.305317563608312 -0.20400097268163
-0.011567920498131 -0.0155480709507232 0.0289692751242545 -0.541763132130819
-0.00726644024384494 -0.0284870266476488 0.629783389448446 -0.252784304349208
0.00908114628868063 0.00450822154601748 0.576500449137376 0.467590716932972
-0.0219601831114544 0.0306091873009635 -0.0344212014531424 0.55091017451332
-0.0300581270261725 0.0139045328728203 0.0350717973734494 0.0736195761913025
-0.0249463022919712 0.0158338887055092 0.150233693391826 -0.463560684144705
-0.0155182752400947 0.0177367029523889 -0.480552946760654 -0.660304039938743
0.00462470005919098 -0.00316219769515195 -0.800107095649038 0.129055768747158
-0.00147122686357816 0.00914966631214672 -0.112853268005453 0.63016988503021
-0.00708721733078216 0.0141963909456296 0.349218996967406 0.2723188200612
0.00463811475160247 0.00412070715174434 0.278716467433816 -0.0619400418479045
0.0188654076135986 -0.00638271139769149 0.00538075900824036 -0.181645880912785
0.00842377408334168 -0.00173353270917305 -0.00524605846034707 0.128393842976464
-0.00922867974208379 0.019510135587088 -0.190118179454764 0.0496112609222154
-0.0181602694801264 0.000659164961690314 -0.303717083890608 -0.201545338758433
-0.00875002536298998 -0.0154327189264436 0.0274597686060319 -0.543369767472973
-0.00817158102403901 -0.0295744521865911 0.627478913592363 -0.258121714845999
0.00563687669144561 0.00346368487811738 0.573175346415177 0.463978879705557
-0.0233208058909016 0.0266142794861312 -0.0378314106536728 0.553927105496624
-0.029994742457036 0.00962784101938757 0.031569134433835 0.0765810166104775
-0.0261362744557897 0.0109472318970916 0.145262042850338 -0.460478317966702
-0.0181206330645941 0.0159067978341107 -0.480613670808075 -0.662184409675045
0.00561969804597619 -0.00450287041956608 -0.801378893811095 0.123969479911447
0.00128591565423152 0.00883510966824495 -0.11178272898218 0.628303121423413
-0.00781177806681229 0.01561523010916 0.349795359116329 0.274858965577649
0.00180519827164313 0.00516286693174212 0.279438030700635 -0.0626887966293532
0.0151834904728189 -0.00532777670296428 0.00768089970719781 -0.184852644866396
0.00563171537951466 0.00013942284123122 -0.0046041801500259 0.126408193912355
-0.0110540407398512 0.0200070817023949 -0.191916732436702 0.0486155614239055
-0.0184165920964889 0.00182677432542786 -0.300469809508165 -0.204014959715079
-0.00660614751116731 -0.0158794506717765 0.036776995551523 -0.545214393111404
-0.00710992595730599 -0.0290992217594183 0.630764088996801 -0.250691964838993
0.00412985734907347 0.00215878535874121 0.563204119762203 0.472915373730123
-0.0242154742057166 0.0230336605962609 -0.0469397821741104 0.554026409281142
-0.0272227555015766 0.00539179559997634 0.0285146991252562 0.0770189094423328
-0.0264138797567645 0.00680980539343671 0.140067588916103 -0.461541681477158
-0.02081297149132 0.0138978934458825 -0.490739311444337 -0.655931319026922
0.00523225950615813 -0.00484813399407471 -0.798677421128485 0.131088174560289
0.00325027641304078 0.0106041079064215 -0.104222938817018 0.628408500534125
-0.00827572769986931 0.0180260263365728 0.355691431973675 0.271945282919343
-0.000200215517442759 0.0060535460011715 0.278599328046595 -0.0635374794645396
0.0124332394283963 -0.00427872562737011 0.00700243912997453 -0.186118273245443
0.00292647525675005 0.000655021458145151 -0.0043711824917536 0.125865804004183
-0.0109958060780422 0.0223325330906089 -0.192885164309521 0.047408606005526
-0.0187811866052415 0.00284934503088256 -0.294589150964924 -0.207125128802443
-0.00505744289187451 -0.0138227579017073 0.050574306027046 -0.544304966399255
-0.00548612418186188 -0.0293485555283834 0.636592060442506 -0.237764742545579
0.00454302907080619 0.000608588620188353 0.553481719809704 0.485900277890789
-0.0228910243309786 0.0195429911313138 -0.0577782122553271 0.556003224242974
-0.0233375280243988 0.0025730326464881 0.0264838611316021 0.0765506370423617
-0.0250401277498471 0.00319105772507536 0.129796652866752 -0.462984297880372
-0.0197425730167052 0.0129467816172971 -0.505050034220346 -0.646167523294862
0.00609460891877304 -0.00449083960163214 -0.794431625704185 0.146730226013142
0.00450559615158141 0.0112777230866348 -0.0864037411377609 0.629854777896739
-0.00975528692786315 0.0202452875411405 0.364226427339354 0.268474847686686
0.000374208957624899 0.0083803318505154 0.276161188446561 -0.0649652619303448
0.00890170305622734 -0.00145649248321561 0.00629167144419408 -0.188109458517022
0.00176957395627963 0.0024579570718243 -0.00529095717901502 0.125588835497392
-0.0100891930644654 0.0219028690124766 -0.193506244184558 0.0472028320902288
-0.0185917981007941 0.00354462716570679 -0.288455281271483 -0.209245067430642
-0.00467863972528251 -0.0123125635471088 0.0663850009316754 -0.544351773487908
-0.00453414140932024 -0.0278316106478195 0.643497325971013 -0.224770345171094
0.00491680402234234 -0.000309665399130984 0.542404674494993 0.498257033342037
-0.0206585115611062 0.017627041861748 -0.0671563619114367 0.553964088228081
-0.0200703803177833 -0.000648475284344731 0.0249133342192232 0.0743512904545653
-0.0225972810281201 0.00181308774052348 0.121845930487255 -0.465179701294332
-0.0187577393484669 0.0130636386397882 -0.518593025326643 -0.635531843134638
0.0061892729325765 -0.00217358138490909 -0.790441366430673 0.164062312764086
0.00438291147042197 0.0136399483723893 -0.0699002396078694 0.631342538248628
-0.00868165612865007 0.0201314944308745 0.367178097701527 0.264920314655459
0.000339655981814676 0.00945415875614904 0.275012324820426 -0.0654889847013703
0.00690816851279359 0.000198893511199401 0.00418021806152441 -0.187504089107168
-0.000623724904290204 0.00425299798660666 -0.00768506571744592 0.12520242784611
-0.0075845232004556 0.0221724689886031 -0.195595650128934 0.0459185906497264
-0.0170718387334138 0.00233819591391469 -0.283991711254847 -0.212312867465924
-0.00413738071447084 -0.0102179690834012 0.0845835641480142 -0.543309343145331
-0.00277619754291907 -0.0254353607915746 0.650741035531283 -0.210318170037133
0.00699325959519075 0.000823720941342516 0.530526062415829 0.510689220578643
-0.0173365887415549 0.0154543734767798 -0.0785859552595307 0.554308805005493
-0.0170472874086097 -0.00242683534694949 0.0249502621193615 0.0716587849467605
-0.0183180940626463 0.000315698413450779 0.112266376174032 -0.467926345998586
-0.0165698689415772 0.0134949235442934 -0.530550201785885 -0.62389896890898
0.00710751912279676 0.000653417740106139 -0.783477577942855 0.178577377814365
0.00357288369840675 0.017579096598858 -0.0543664926176672 0.632906702805766
-0.0084617492212821 0.0210378633317561 0.373240494525382 0.260156716272703
0.00385443874687968 0.00963891217105956 0.272235779396492 -0.0659222907285805
0.00563248651360406 0.00262491505727822 0.00168447426068986 -0.186835075090264
-0.00027841666026091 0.00733434846828495 -0.0102711118859494 0.126396852688863
-0.00386241698566799 0.0223548352804921 -0.197978501503485 0.0441709037296168
-0.0173352024064283 0.00155331327897326 -0.27826852833417 -0.21391556500513
-0.00509006871475521 -0.0076125730761233 0.0990736677344047 -0.540839664495986
-0.00218121704493561 -0.0228185362540334 0.65762685557096 -0.195871170255786
0.00971016808710459 0.000333827653511769 0.52213068168026 0.522383832964656
-0.0138928780168138 0.0142146467685393 -0.0831825756334694 0.55092394702676
-0.0133383859545009 -0.00218879767160197 0.0273892374713726 0.0702032842355201
-0.0145950421208851 0.000978031624769442 0.107991378749866 -0.471611965898341
-0.013182140698742 0.0133911900994039 -0.542346563148592 -0.611097221252645
0.0081228900565711 0.00281075024574049 -0.775454908740429 0.192330189480658
0.00320741177492629 0.0198529664745817 -0.0416826071281562 0.632599247526851
-0.00758900956172618 0.0206477634135295 0.377151073136132 0.257773028294091
0.00727974548663804 0.00983594144742564 0.269616174659144 -0.0672173858675915
0.00490484034900619 0.00540604129209159 -0.000976320601764103 -0.185196124355888
0.0128682986325464 -0.00120343653318096 -0.0134538332229621 0.130818131313778
-0.0033701381987743 0.0159472969211529 -0.190099583067555 0.048631965320743
-0.0163469698139679 -0.00431024978506872 -0.300767126731283 -0.208524649115453
-0.0112546249507506 -0.0136229392602495 0.0407257860947921 -0.539960866138681
-0.00637762443871283 -0.0257559020632429 0.63502090435874 -0.236086023559761
0.010296260775428 0.00454945973632604 0.565323757801614 0.47753368823393
-0.0188132501646227 0.0292700778349444 -0.0408945887955275 0.544726295446456
-0.0269158130537576 0.012285532437299 0.0391142006398347 0.069892184844722
-0.0218014563687501 0.014519255982329 0.153440631863485 -0.463173148835349
-0.0133011232876526 0.0188194714460554 -0.478955495921145 -0.655578596763391
0.00266676074857135 -0.000622710933169216 -0.792964445881618 0.134465170243438
-0.00407664739446478 0.0105505218030527 -0.1095158655634 0.629254572472897
-0.006043080543558 0.0119237089150139 0.347407184883238 0.273598981769788
0.00842744496261566 0.00438182868540826 0.277869564921071 -0.0607104060429312
0.0209519132602154 -0.00520616211138779 0.00524704370618027 -0.178852809745462
0.0105271352858996 -0.00224618090162335 -0.0101230785264427 0.130037181172371
-0.00698338728750309 0.0172872986743555 -0.189527995357551 0.0489919576210233
-0.0173465121632591 -0.00184544128701255 -0.302784066786045 -0.205575709325011
-0.0103296824894074 -0.0158256617297816 0.0313541716820539 -0.542026606787506
-0.00738891334525279 -0.028531894143751 0.630358601785376 -0.246344719125631
0.00867326781486501 0.00518927287254842 0.568453782707196 0.470440286375433
-0.0224623413430373 0.0307162280279537 -0.0399352065904955 0.549597221862789
-0.030010752848427 0.0136322060827418 0.0349455387241674 0.0739654683473324
-0.0249568082601846 0.0155087994780819 0.154224650497539 -0.461119288508727
-0.0148032181692609 0.01829397363926 -0.474391694710476 -0.661505175450815
0.0048838477997164 -0.00367710677460722 -0.799082090538504 0.12268252778887
-0.00112884369134971 0.00900975344618221 -0.117545191828111 0.626527591734784
-0.00654302047487686 0.0139649615690307 0.34648270694028 0.274698571732089
0.00548992573103644 0.00381297349101463 0.280844758091129 -0.0593670818209891
0.0177682429967268 -0.0067249648782866 0.00701958114883038 -0.18072489542856
0.00830656286617412 -0.0019741610875318 -0.00842864221797745 0.127522337170589
-0.00896525479818846 0.0185078464427492 -0.189605857075521 0.0489924779573232
-0.0186221399968845 0.000718166491797889 -0.300455277522038 -0.203985328001529
-0.0088826040211761 -0.0156404079564443 0.0323554454763728 -0.54180767658903
-0.00777397393629181 -0.0297219417223268 0.627940757490426 -0.250795324149924
0.00610778132765184 0.0033782314135968 0.564733469597157 0.468892856535208
-0.0235935997276127 0.0261169093424671 -0.0427371753343274 0.55065658112901
-0.0291013731959816 0.00925216360551517 0.0304918658409508 0.0781329416295729
-0.026754695763873 0.0114858188333242 0.150764705746053 -0.456562073594937
-0.018740743346345 0.0156843539745795 -0.472909840711585 -0.66326469995405
0.00450365076984202 -0.00445155083788451 -0.799150302650812 0.116617791194252
0.00205791998227168 0.00844033346391296 -0.117585931497452 0.626104904582987
-0.00785763300807075 0.016662227279526 0.346539140690678 0.275751542865499
0.00194835199461555 0.00518137372651515 0.279968607815259 -0.0600728320917031
0.0149663758197767 -0.00498057448462824 0.00902699970912427 -0.183803285780516
0.00562096655137534 -0.00103040596397119 -0.00631743671684168 0.126484997435567
-0.011071045946867 0.0201210178053607 -0.19144911272771 0.0471643981493669
-0.0181503528954995 0.0017505587272259 -0.296104306899447 -0.207190060026019
-0.00695637723129872 -0.0155302212159158 0.0420337312720887 -0.543994342008943
-0.00710186504972107 -0.0300591324992455 0.629314090843998 -0.244656071954686
0.00356561212291326 0.00156627186620644 0.556350191795269 0.476772003532466
-0.0237442133436591 0.023050341633127 -0.0515757576227365 0.551456329088188
-0.0270677900707 0.00504011806212684 0.028193876631708 0.0783011643487593
-0.0250567283880332 0.00658075029663243 0.144362603274123 -0.457237630070039
-0.0211154046896913 0.0138285453677701 -0.483515455813141 -0.657908549788092
0.00562361255756877 -0.00479656155908559 -0.798343417988191 0.124836704078128
0.00309161567202803 0.00927180471071672 -0.107876414504587 0.625416750685467
-0.00894278986191199 0.0176372805183127 0.351980593283425 0.274362808890939
-0.00074043975838021 0.00643898721155027 0.279270810927339 -0.0605525337038546
0.0111611406501806 -0.00343507701993002 0.0101582170399995 -0.185761627901049
0.00225136061900262 0.000287773515626522 -0.00644890118658142 0.125940005167335
-0.0111196373787796 0.0210974393966563 -0.192561979700633 0.0455628634453538
-0.0184835119764049 0.00288825531386608 -0.290954469180002 -0.208477114881393
-0.00495015218174147 -0.0150991078582065 0.0554139354272139 -0.54248326247063
-0.00594346950027653 -0.0297240032361057 0.635957786233246 -0.232677601720385
0.00361687763340443 0.00050211187999699 0.545830254285569 0.488150148351568
-0.0226710615221036 0.0194792557104187 -0.0619363280311997 0.552215488449245
-0.0244551580795897 0.00191526033032394 0.0263606659592952 0.0765371494498946
-0.0244869037517631 0.00354601765695166 0.13343916350066 -0.459190811789919
-0.0207621359081748 0.0123798782044111 -0.498425428462568 -0.648063326499987
0.00516018941923326 -0.00415385425909654 -0.792946312583431 0.140789215805153
0.00469738352410803 0.011560113987296 -0.0916808273349881 0.627236358261132
-0.00933461249364914 0.019580799345277 0.358534789635819 0.27056799151064
-0.00136526057725222 0.00814097978873488 0.278570705799317 -0.0631028369952287
0.00935163836614737 -0.00221340843936588 0.00826661681034191 -0.186620439219198
0.000398284434240341 0.00257708485264184 -0.00820021015034405 0.12643624758881
-0.00995367365550408 0.0223312761474946 -0.194101052902315 0.0443809133066425
-0.0183649969212402 0.00264392694369346 -0.284435802980781 -0.211673519662486
-0.00358346807018879 -0.0123523127110111 0.0731149170011947 -0.543464046479504
-0.00402345775520768 -0.0277745288749629 0.642097869511045 -0.218679882593921
0.00457485981732592 7.27561875551348E-05 0.533037021741316 0.501360193790126
-0.0204579049400479 0.0166660410381428 -0.0728496294220588 0.552156331169221
-0.0200831140297001 -0.000333183026337107 0.0242228436925881 0.075375232503576
-0.0219349674689312 0.00236543122508576 0.126371928301975 -0.461176481093983
-0.0196445866505301 0.013212989599396 -0.512258439758961 -0.636175186944142
0.00609264431064041 -0.00210930176351301 -0.788201150240046 0.156540932746606
0.00405093922921621 0.0136146916635819 -0.0750806359079189 0.62706800989211
-0.00904673492838453 0.0213846880051344 0.364883515770818 0.267107907626049
0.000120741841146054 0.00951924828312774 0.275545143040395 -0.0629537957326058
0.00649043067077454 0.000254738122601227 0.00686302157533099 -0.186747666421813
-0.000110253367893335 0.00489651237557278 -0.00906199480657083 0.126054818192068
-0.00764589711918741 0.02252913378357 -0.196269984206254 0.0445515164077007
-0.0180309087453806 0.0030255510920257 -0.280178744277242 -0.213945965435189
-0.00410266582151736 -0.0094257897828612 0.0887337387920046 -0.540952212357381
-0.00285002250671724 -0.025602305870119 0.650276170823455 -0.204148183583987
0.00784589243952639 0.000445018826020615 0.523445915277084 0.51218506015212
-0.0163875254969252 0.0145434158927524 -0.0820786732397201 0.552574994362676
-0.0161991568117122 -0.00188083137007182 0.0245944976823539 0.0733459599293125
-0.0176661735752203 0.000460647182136275 0.11841089687742 -0.462948727859348
-0.0168220467529316 0.0133724110160912 -0.523797478070337 -0.624552859185718
0.00681608593309775 0.00111506187574729 -0.782554625993636 0.171743451997779
0.00388056772596668 0.0165762690512341 -0.061090958440099 0.627179964180058
-0.00849069242960833 0.0216878913372909 0.371441325449349 0.262281324558904
0.00291043597029467 0.0100181782522469 0.271914708171247 -0.0647477376062925
0.00557176341617649 0.00232050386718675 0.00474501454865027 -0.186384283342159
-0.0012013746130894 0.006919109404329 -0.0118285841372503 0.127072788660717
-0.00388149319693927 0.0215510382227769 -0.197751870130895 0.0422166971899491
-0.017464828428354 0.00165884786175773 -0.275944853811179 -0.217117039209784
-0.00518173911643808 -0.00816569330381709 0.101571299185771 -0.539140469774595
-0.00122592588544128 -0.0229389409306923 0.657426785737469 -0.187933207061595
0.00920328870732896 0.000578405953467212 0.513818457425826 0.526187514142661
-0.0138154569877212 0.0147450085356947 -0.0880892128853838 0.549882918448123
-0.0136863585508928 -0.00303220662097907 0.026898313802822 0.0703121435652783
-0.0151794371687386 -3.269468786483E-05 0.112863639144638 -0.465822995305051
-0.0138170564748955 0.0138493766569555 -0.534535720540966 -0.613983261825835
0.00753135506864723 0.00373728870392348 -0.775412077275756 0.186931826990462
0.00328665577554286 0.0199649327151098 -0.0453173627229391 0.628590495939361
-0.00710100071570456 0.0198621084288096 0.373071439323939 0.258803987137523
0.00592562823088831 0.0089127354268891 0.270941136014096 -0.0648614992155312
0.00578036172549097 0.00479668918145149 0.00112855083271553 -0.184978768258904
0.0123302984004169 -0.00154411271392294 -0.0159908227821315 0.131225484841171
-0.0027922487274969 0.0156360474300189 -0.190845218040845 0.0471209066747468
-0.016351139840794 -0.00407917790475939 -0.29835166357899 -0.212234225613985
-0.0112665595484427 -0.0151840991172104 0.0433216616431687 -0.540364587908424
-0.00662498028272514 -0.0268859968764469 0.636702789423084 -0.227948176286932
0.0103526000995194 0.00502693939121498 0.560299765425658 0.48170282471238
-0.0187972320823147 0.0289210061456857 -0.0479188194145306 0.54304008038137
-0.0266620482118218 0.0127201985337407 0.038598324427785 0.0708005842180756
-0.0213019011467187 0.0149125165564174 0.158299744067423 -0.460285166052798
-0.0127819057965028 0.0183200651054061 -0.472706739306055 -0.657702225753369
0.00336924112808995 -0.000358882571952624 -0.794097660211447 0.126802684279371
-0.00437085793485508 0.0112409629297301 -0.114007894741365 0.62626006452579
-0.00586497498193896 0.0124518652078145 0.345047999273574 0.275752224266511
0.00855672903400205 0.00383971290168615 0.278661737968453 -0.0585243280010783
0.0190209751486318 -0.00487251725679229 0.00715201436250545 -0.178983483075979
0.0111720338860289 -0.00247659073262341 -0.011146970975499 0.130353093061608
-0.00613908707798341 0.0176025401633765 -0.190385787709139 0.0469570897900542
-0.0175732451408544 -0.00195248563553829 -0.299852658280985 -0.209230589217085
-0.00987469715311017 -0.0155488636754405 0.0369771109760906 -0.541082838937277
-0.00644526798119704 -0.0291094242709403 0.629954735632873 -0.240075852771144
0.00804365236888516 0.0048422942763996 0.56210293242168 0.473832370581477
-0.0217582948854252 0.0293525378983668 -0.0459740471631214 0.547100638818388
-0.0299936189143008 0.013597412028455 0.0336308114696863 0.0744730020068408
-0.0241810176655469 0.01513361184061 0.158346047586827 -0.45641653456377
-0.0156889900768222 0.0190265815783546 -0.465771892255165 -0.665072575486758
0.00430808383647292 -0.00296394376362055 -0.79855761495686 0.113923226132472
-0.00175208516158498 0.00860180732175359 -0.123461714999816 0.62432486648324
-0.00714449792689309 0.0142133711061175 0.344160296334336 0.278378427049505
0.005119206282009 0.00339921835934166 0.280565155430933 -0.0580846179899961
0.0172931963136699 -0.00590836225216829 0.00974035423221866 -0.181106225732444
0.00759435343121979 -0.00199055483258987 -0.0104254786906996 0.128556404429876
-0.00974390950131149 0.0179990958508515 -0.190225342153357 0.0471733707366803
-0.0175724400147143 0.000243524324152397 -0.298768439764295 -0.207715074009939
-0.00817272658814724 -0.0164231277675494 0.0369773334665695 -0.541455110043243
-0.00703692058778068 -0.0295959463262042 0.628661096805144 -0.244519867383328
0.00545686309060575 0.00281615610040283 0.559074619082485 0.472644406627827
-0.0226299159138205 0.02576927701224 -0.049421673312253 0.548370737074975
-0.0288719603628985 0.0096818294595043 0.0300996936682442 0.0773905610041764
-0.0254810870341587 0.0126275845258591 0.157168555143252 -0.454415614069475
-0.0185292167214568 0.0159173069784001 -0.468456133626516 -0.666489640295493
0.00582039990150319 -0.0041621389006787 -0.800836326163248 0.10892132680822
0.00191423417306133 0.00852129670968666 -0.123356843640854 0.623581413945333
-0.00752210099693833 0.0156435795904013 0.345221987380878 0.277597482508427
0.00178189673458468 0.00518856241633971 0.281226406997027 -0.057640796125598
0.0150685558658384 -0.00598730090135264 0.0118126626413143 -0.183483041678701
0.00614532982766245 -0.00194730962499202 -0.00927117845919066 0.127251199854969
-0.0110627924787971 0.0201957514981732 -0.191631604054315 0.0456771703885059
-0.0180852192598732 0.00117153435085606 -0.2955832536248 -0.210057567929485
-0.00652615913998156 -0.0164183572399079 0.0464371728256131 -0.541501434219709
-0.00687959455126867 -0.0299410045298918 0.631537824040848 -0.237708726937768
0.00338664944521855 0.00136478993334136 0.551841902903612 0.481512760865996
-0.0242592403503383 0.0218343496126022 -0.0567227903242757 0.549232956684228
-0.0257790858071097 0.00501048952522216 0.0270607582180042 0.0781903412167421
-0.0257835466964166 0.00714966911864358 0.150084666664903 -0.455793105232872
-0.0202139429427396 0.0142713122000868 -0.47588706231391 -0.66295537173756
0.0051097619362263 -0.00440634945277623 -0.798489592262734 0.116960566631794
0.00305745259618407 0.0103486003340464 -0.113051072146043 0.6238849927313
-0.00825543093497215 0.0177731137486496 0.3494373786916 0.277695026329163
-0.00105724421302096 0.00599485925563984 0.280067668417304 -0.0590973207518913
0.0113305177654876 -0.00486125401195403 0.0130171119486014 -0.186147400613959
0.00246689706281379 -0.000497404282930782 -0.00988552831013871 0.126627254227972
-0.0110656444794082 0.0206946752459484 -0.192833305083582 0.0447173216116342
-0.0183434117830702 0.00248706183373985 -0.290047116341985 -0.212166581925222
-0.00384482618257159 -0.0146088958812026 0.0610108077605517 -0.543374738336168
-0.00537047528279555 -0.0287502027326198 0.63606233868495 -0.224838758041686
0.00271971922312007 0.000617346207848713 0.539836430759707 0.493500126955476
-0.0223953831281728 0.0190174670688731 -0.0675139810305366 0.550318407350534
-0.0235328810844911 0.00169738213726678 0.025570130443908 0.0772337525482636
-0.0242046086617495 0.003836624249472 0.140488870135176 -0.455853685996224
-0.0211611539582632 0.012932475178679 -0.489523735900617 -0.651880462096282
0.00589080598618788 -0.00419718736883081 -0.793435416645652 0.133069976106662
0.00447628093135669 0.0113741346892938 -0.0967910413593406 0.623767687226807
-0.00881777370479798 0.0194433578919802 0.35610767508834 0.273504920234707
-0.000956954461679855 0.00788312572850959 0.278370635432702 -0.0600483401649101
0.00805490959106921 -0.00225176339249533 0.0100868999886317 -0.187506864606291
0.000213938673483605 0.00186557070818809 -0.0089658425952424 0.125990109282255
-0.0101422922304913 0.0215018162147379 -0.19396120405589 0.0432107181276799
-0.0180582700910749 0.00322444945291998 -0.282973890812328 -0.214378238885086
-0.00365266853789462 -0.0130753034127528 0.077406642173899 -0.541387725880716
-0.00449852005909086 -0.0276732697163789 0.642281357176864 -0.210905474733869
0.00405780305266786 7.67490091222039E-05 0.528818158263793 0.504913418985307
-0.0200680722409101 0.0159630460136309 -0.0781514580115562 0.549977453981655
-0.0200053820706182 -0.000819492140723148 0.0245948201374399 0.0762873276517636
-0.0222521424521638 0.00228166472045775 0.132930453321919 -0.4583526087152
-0.0190862377189337 0.0129351239101309 -0.504972175436224 -0.639713090057105
0.00638204958966871 -0.00188931330306202 -0.788840222231579 0.149331762001173
0.00426212973601277 0.0139972605730454 -0.0818764762009089 0.628112682934807
-0.00904588566367464 0.0209557962937457 0.362237047660917 0.268567770530869
0.000466632066659048 0.00856013201570803 0.276178019438842 -0.0611301359080036
0.0064214080377446 0.000566902637070541 0.0103180849652636 -0.187714751438979
-0.00143786434641501 0.00413572842178109 -0.011411826162544 0.12596897510297
-0.0070275355602292 0.0216324532239942 -0.196197120279514 0.0430689644385569
-0.0182519431333155 0.00207714365167604 -0.277663321769999 -0.217171647471497
-0.00296879528654379 -0.0109345539753403 0.0921583682623927 -0.539388361592578
-0.00285034954831877 -0.0256967742661909 0.652721766118581 -0.196471370708373
0.00610316827116616 0.000421840397926275 0.516472877712962 0.515424147091628
-0.016975295177838 0.0145982637137299 -0.0881135346520769 0.54773198977543
-0.016846783562704 -0.00337745032865258 0.0238951029807041 0.0736331195033098
-0.017706111785854 0.00130972813577298 0.124058634693164 -0.460519337517464
-0.0170939761684209 0.0136594958859799 -0.517137587575294 -0.628669744649507
0.0062904620393665 0.000365035528437841 -0.784102650424437 0.165896036128277
0.00389906923607779 0.0168024191909113 -0.066031642206407 0.6264917779819
-0.00838159916925309 0.021301654669279 0.368261810256239 0.265785272566806
0.00286331436495081 0.00924081891389077 0.273140316380645 -0.0623376457889687
0.00466342451166211 0.00295631910161632 0.0075216896949242 -0.186635761201712
-0.00140162210517203 0.0059420537355754 -0.0137512568947726 0.127215881536566
-0.00460672325890767 0.0221083730232188 -0.19747364755832 0.0424175455278538
-0.0174513021457181 0.000692810373151286 -0.274002805892284 -0.218758580410536
-0.00405400499532622 -0.00871263308168901 0.106172253523083 -0.538014018474566
-0.00192487482288084 -0.0221542578160872 0.659016708236098 -0.182593940746303
0.00835291750944403 8.293306016194E-05 0.509399721979849 0.529056845305089
-0.0133311486628399 0.0135864571141696 -0.0946755942415925 0.546161106001381
-0.0130003934546892 -0.00259433816045039 0.0251160501589907 0.0704052176796835
-0.0137558919193688 9.63109926073276E-05 0.118919278127374 -0.46353498352599
-0.0131737398265708 0.0144585861011998 -0.527807476036725 -0.618286024280555
0.00777653674992648 0.00413422948061781 -0.77786815583994 0.181320909215944
0.00297407265009599 0.019666717504101 -0.0520098120426757 0.62776072040862
-0.00760057247397496 0.0208764028863084 0.369999280778907 0.262050664291388
0.00612211177323029 0.010215869791336 0.272280358636133 -0.0632526038109354
0.00435032646446521 0.00545831948758492 0.00442824629225128 -0.185586128911769
0.0119071607907463 -0.00160285432230771 -0.016989806027457 0.131716030953248
-0.00306957531905614 0.0159699103589874 -0.191132151428442 0.046493972094776
-0.0157945923737483 -0.00406919289059593 -0.296822136454149 -0.215331172751026
-0.0107761063342608 -0.0149743258470185 0.0485319092685542 -0.542101464298299
-0.00654181215682715 -0.0270326149934717 0.639408865082692 -0.223378239121123
0.00999061675307352 0.00568744465962078 0.554903074737279 0.486444424398647
-0.018731795081019 0.0287333592640214 -0.0520700025102874 0.542124340717768
-0.0274497864958286 0.0126399418947868 0.0368360412231056 0.0707315591140437
-0.0218391800814036 0.0139151609441741 0.163558639738994 -0.458701872148119
-0.0133054172997327 0.0195971390989375 -0.465239024652082 -0.6637878477933
0.0031811916102084 -0.000133114288984914 -0.796941047734583 0.120764053582509
-0.00430944633023468 0.0112688186173011 -0.119965957632775 0.626409329319711
-0.0064428932817589 0.0128859638942605 0.342728475334498 0.278422195546481
0.00818706106595691 0.00263134558332043 0.279701730186024 -0.0555476281181697
0.0198320859700315 -0.00498040031199902 0.00995228360072495 -0.179821390165747
0.0107834930048449 -0.00264580765712149 -0.0154448612431462 0.130967496758024
-0.00618085644021076 0.0164865036746475 -0.190893363886731 0.0456692390817417
-0.0171927505015256 -0.00260836230132335 -0.297930887285379 -0.21265788118899
-0.00823431880845139 -0.0169021879437112 0.0415225749010848 -0.542021147343829
-0.00664041394518565 -0.0287529379325774 0.633204969121384 -0.233799817273664
0.00758826120070841 0.00468862623676431 0.558053612042285 0.479513759928968
-0.021902718024489 0.0299925314421486 -0.0498538233647057 0.54581007220476
-0.0302777897329895 0.0130047133110256 0.0333103141510882 0.0751381022612739
-0.0245821198288076 0.0141304851169352 0.162618044251462 -0.455416608464056
-0.0158943760372089 0.0184904845723498 -0.459435215542537 -0.669719284589602
0.00418525538823032 -0.00243059033459807 -0.80070156131108 0.110325421617153
-0.000800556918092755 0.0095716970426691 -0.127087448985436 0.624824555593513
-0.00626931767441346 0.014492831243907 0.342005502946193 0.279908188364234
0.00506963236360974 0.00397993248486661 0.281640231099972 -0.0564539195487716
0.0175291806190967 -0.0059944715412367 0.0115767330357757 -0.183073413329061
0.00844529747582074 -0.00187638933126197 -0.0127876387466072 0.129394565460106
-0.00956950017592537 0.0181760412427364 -0.190550341006708 0.0459074728612044
-0.0184122414683663 0.000157312677366277 -0.297497704659424 -0.211649891677721
-0.00707232974035731 -0.0159606688216426 0.0415252181421848 -0.542716064012155
-0.00722895168649478 -0.0302016460985116 0.629763473371245 -0.239523285726553
0.00480126236359635 0.00368713436366104 0.555475305827725 0.47875675163164
-0.0231784334260299 0.025481220456092 -0.0540868266992047 0.548182860554595
-0.027664887993057 0.00933343199666036 0.0294488421338524 0.0788042746264366
-0.0248931118419343 0.0114734836537 0.160742273080407 -0.452379464118752
-0.019273721454633 0.0162132520651457 -0.460258826258305 -0.669859534560462
0.0047760351667482 -0.00457142650082419 -0.804373013492362 0.103175219708713
0.00173532750461355 0.00913042904656984 -0.129012065169469 0.623083005159694
-0.00810266684947231 0.0162951194270869 0.342496014364601 0.28294526122163
0.00114359124245482 0.00468697271395872 0.282095435323789 -0.0565616415643866
0.0154079031834058 -0.00546997008397334 0.0143031507844581 -0.184329107595405
0.00512371625591971 -0.00231646157474683 -0.0116931663960887 0.128247943206751
-0.0105913315253984 0.0197986111067759 -0.191515380621191 0.0442040730958797
-0.0187476364830232 0.00192001814670028 -0.293713534821237 -0.213151282753523
-0.00556949543440917 -0.0159131907103826 0.0506018493767299 -0.544567127446835
-0.0064406420672923 -0.0291691706170921 0.634121578634866 -0.232437170477118
0.0026372218672222 0.00154279154464017 0.544856859533586 0.486584455313225
-0.0236829032957689 0.0214673494000566 -0.0623915932039403 0.549247222107168
-0.0265516184968735 0.00402041066588976 0.0266295056271204 0.0786128287793153
-0.0254285708189555 0.00709257039971259 0.154451910105279 -0.451056280076342
-0.0212096101734714 0.0146635964234677 -0.469783594389789 -0.665670446317556
0.00510950560080527 -0.00526901389983988 -0.799787940860929 0.110157924332535
0.0037329475951896 0.00892746473840636 -0.118649836723232 0.622309275796286
-0.00895420711731785 0.0178331707940905 0.347104642918216 0.281339547805888
-0.000440398046915438 0.00547043321266544 0.28230257192985 -0.0574830875456251
0.011694030653966 -0.00452912573437562 0.0136973663773939 -0.186732272112836
0.00253729564652929 0.000119082597750104 -0.0104012149514878 0.127460903886859
-0.0112222246572332 0.0204528588895889 -0.193129517934995 0.043347425040352
-0.0182764052060423 0.00272106584870775 -0.287577634830467 -0.216503773244243
-0.00342020692680551 -0.015318459783217 0.0648093754177959 -0.545470089965715
-0.00547096534652634 -0.0294878175631317 0.638490109816798 -0.21817932281745
0.00253515174765011 0.000542140212828723 0.534488662729996 0.49859898902791
-0.0223165985580671 0.0192204666735133 -0.0728991938326889 0.549294577420914
-0.0234574754538775 0.00134812840454576 0.0244835774092242 0.0778579976030126
-0.0241019239164568 0.00396808227074009 0.144230914426187 -0.455296527759831
-0.0213609240767466 0.0138452245843375 -0.48538288386666 -0.654237977647754
0.00480034868116102 -0.0044301464017709 -0.79621360060385 0.125776672783402
0.00485590021341985 0.0117755512746475 -0.103197383514448 0.624318279277827
-0.0087777260849841 0.0199569691331978 0.353641774680531 0.276531933440174
-0.00149049702078501 0.00740351946310581 0.279410183581437 -0.0576711379830392
0.0080543182694768 -0.00163667476606215 0.0140918261697312 -0.187297945078549
0.000541419377403749 0.00177912426408755 -0.0114563544740184 0.126893055749957
-0.010054182809804 0.0212019118816979 -0.195183429401208 0.0425995637989698
-0.0180939451528152 0.00327435984011096 -0.281488001655794 -0.217509221085
-0.00310959300238969 -0.0124453558409777 0.0805912108533 -0.542398779214614
-0.00406267640651853 -0.0277516888207046 0.646444293045708 -0.205778394513798
0.00393700793164296 0.000385458668027212 0.522250420159773 0.511340574114749
-0.0198421104474704 0.0167828489319291 -0.0835564326610259 0.548778562425635
-0.0202793474431261 -0.00106372408697279 0.0234262699923978 0.0767906675576622
-0.0216473749372568 0.00133072088708277 0.136811787910059 -0.456139542359747
-0.0203757086458813 0.0131464570643665 -0.499842832514213 -0.645979544635472
0.00578602667201798 -0.00180103141901508 -0.791702694991444 0.143413390743485
0.00490411299565157 0.013535257676189 -0.0850794577392951 0.625749376739935
-0.00907560319920938 0.0210108361926074 0.360164527796876 0.271680599056662
-0.000835601182261888 0.00807832775652792 0.277287223944684 -0.05915971966823
0.00682135011989368 0.000317291030534839 0.0117847280509111 -0.187887022218711
-0.00184463013290832 0.00398230549118118 -0.012721953148598 0.126563451812131
-0.0074413443615139 0.0208880165771317 -0.197574240220824 0.040790351220665
-0.0179915129079755 0.00175287185917262 -0.275915703638023 -0.219979616844099
-0.0021789812403777 -0.0107860480878854 0.0957546809328829 -0.541058959407522
-0.00203135215235029 -0.025170901577721 0.655027612364624 -0.190036855311642
0.0058402050540605 -0.000263342957545815 0.513126483142048 0.521918283112537
-0.0159709521648628 0.014957634698258 -0.0937376345507266 0.548087923188247
-0.0162414365138408 -0.00329306377467365 0.0224936868006257 0.0743747119910551
-0.0183284825243187 -0.000181301826383348 0.129457077243659 -0.458995521997675
-0.0173860661256914 0.0132823843384537 -0.509481215959761 -0.632490769622183
0.00672037662518087 0.000716514632550938 -0.786854615092125 0.157742938050703
0.00420522900804676 0.0154315742055826 -0.0706949436027097 0.627392586828663
-0.00814724556140993 0.0214687312779177 0.36545523846286 0.269039656148801
0.00216577509297171 0.00830403277685099 0.275168664975816 -0.0604200434552883
0.00438978188311856 0.00297203817209591 0.00961678729568607 -0.188027883322808
-0.00142803125736023 0.00650685641450342 -0.0148281615247891 0.127381573287982
-0.00452722771897986 0.0212527015558552 -0.199275452280737 0.0402933601505536
-0.0175688237682243 0.0013451274728569 -0.271436773739413 -0.221687588841574
-0.00391523735989188 -0.00805918106353337 0.110935398516219 -0.539214926502959
-0.00179776446676981 -0.0226202427010579 0.660138993912704 -0.176734553212608
0.0080530769452775 0.000141192691713175 0.503977389551481 0.535217193250454
-0.0131684944031088 0.0139252194039826 -0.101343595940696 0.544766953624874
-0.0132434247738029 -0.00328863295210339 0.0256270010538903 0.0720461700530528
-0.0143060775724521 0.000790243807379333 0.123758127119096 -0.462442828695331
-0.0139676594877864 0.0139625956293322 -0.522226913503279 -0.622388241265452
0.00727331148604039 0.00272460977854155 -0.780965130706862 0.174183531662596
0.00305633217595684 0.0186467627368061 -0.0562675323406535 0.627033715726574
-0.00768011776755923 0.0207013332926207 0.368482351178662 0.266870472084954
0.00532499803042003 0.00956729998387472 0.273507577664101 -0.0611856493160832
0.00510318558060734 0.00439064442674427 0.00584127225426623 -0.187095549846595
0.0120967480388194 -0.00131413346192969 -0.0195214470051053 0.133036367832069
-0.00257677227773743 0.0154131498628192 -0.192272640480216 0.045259445063784
-0.016439883744932 -0.00479520151697517 -0.295426630193129 -0.219916555859502
-0.0102318827609406 -0.0161765296090115 0.0530032530468326 -0.543062790852703
-0.00548004768936046 -0.0268954733332771 0.643028329265806 -0.216576647851827
0.0094965959033893 0.00537750814428931 0.551142784206196 0.493679344519882
-0.0193376707601282 0.0283827776841689 -0.056961350153857 0.542967635534891
-0.0275747904430419 0.0125306895787046 0.0365276629636252 0.0721117153351602
-0.0215474849524494 0.01458433707178 0.168926672329597 -0.45679000270097
-0.0142643416391606 0.0189711847809944 -0.460942844950842 -0.668402855590264
0.00242745969505528 -0.000847407500074926 -0.800284996896029 0.115387954077798
-0.00421809882199928 0.0102294767117114 -0.125330764857962 0.626977033038449
-0.00609351492945567 0.0128388608073439 0.341797394002338 0.283451192890143
0.00814887023535655 0.00309986524677935 0.282618562459568 -0.0551101470003242
0.0200006129208533 -0.00543955801720415 0.0112291229487528 -0.180598672733812
0.0107581564164338 -0.00308220862133116 -0.016428195671144 0.131246672891445
-0.00679277149963389 0.0170987395834619 -0.192114522732124 0.0451162530546455
-0.017729814826479 -0.0016028283061594 -0.297116723270807 -0.21703296887983
-0.00914114784040001 -0.0177783267417891 0.0459331078588548 -0.544903815550478
-0.00691873071637866 -0.0289983301133213 0.637513928176173 -0.227540730218982
0.00693417201384209 0.00566174689521268 0.556187151260675 0.488194923551793
-0.022011910459106 0.0296895973559059 -0.0570693537420046 0.547425944505053
-0.0295103649634778 0.0124147018506789 0.0332652603884813 0.0762314060174965
-0.0240396662502168 0.0155899725969933 0.1678652869082 -0.453492477435937
-0.0154354583022715 0.0186011004485631 -0.45493168640158 -0.674669614174437
0.00393363409974276 -0.00336063554201155 -0.802803875755536 0.10184843616505
-0.00050390866673038 0.00926535946812429 -0.132350357199448 0.625879376570235
-0.00749356044370967 0.014214142355706 0.339852192974498 0.284265340559265
0.00418836476915436 0.00323956303647859 0.283772257098766 -0.054070519876681
0.017950154175828 -0.00656128662566645 0.0146592019508119 -0.18360662414181
0.00784932556783717 -0.00235714649952935 -0.0141772579325039 0.129945334990782
-0.00918015957834301 0.0184734140283832 -0.192755187999711 0.0449182669432332
-0.018344807517233 4.3973809532449E-05 -0.295553995803573 -0.216282158163286
-0.00729153071986318 -0.017887333279042 0.0460066388641074 -0.545539960523504
-0.00709965263220806 -0.0300938098711536 0.635277032852467 -0.23245345916666
0.00460453044126673 0.00349899786887501 0.553296894789062 0.485015440746942
-0.0229138710282559 0.0255446588574589 -0.0585528868363053 0.548367562458793
-0.0285033327508244 0.00892396908681888 0.0288017889421013 0.0793297049840172
-0.0249418824691248 0.0108118186323846 0.166360927808604 -0.450097326223307
-0.0189653613473964 0.0160795755041997 -0.456366107029606 -0.677317997242433
0.00435838410509284 -0.00504712085153498 -0.807421822978682 0.0962799109304195
0.00150798128633043 0.00866016625382602 -0.134671590438519 0.623265901903394
-0.00825757968339402 0.0166732193156402 0.340863710252281 0.286639595455755
0.00146420954239007 0.00461196247030918 0.284479349450176 -0.0550269519129303
0.0147947267633 -0.00481700484189085 0.0170873755942346 -0.186150296388762
0.00523114959575156 -0.00167317279894544 -0.0126623944313606 0.1289133787676
-0.0107944332584713 0.0193262438174802 -0.192664651949338 0.0431033340691565
-0.0185655047196885 0.00116658440658293 -0.291557699926789 -0.216900580448574
-0.00529490808401709 -0.0166680504593385 0.0555866076537814 -0.545878702703287
-0.00720800899252336 -0.0301498326681532 0.637107887252173 -0.225628042475432
0.00266889480098266 0.00137410187637795 0.543683188569845 0.493913642343048
-0.0224118992094096 0.0218650476842321 -0.0669232463630175 0.550386545367385
-0.0262807600448267 0.0040538591542402 0.0260398994523681 0.0789846650564674
-0.0251528443996303 0.00724083737062817 0.159685810525752 -0.450988644113827
-0.0207512851183578 0.0145174792457306 -0.464904209261526 -0.672723733627948
0.00542469316928102 -0.00433840918005572 -0.803160954607129 0.10571510514155
0.00407640896437628 0.00903711457499736 -0.123982678418951 0.623041325694681
-0.0085765091673132 0.0181560322673292 0.34612225230867 0.284389536155903
-0.00155087307379619 0.0059678821837533 0.284284593773356 -0.0555883342026757
0.0120330080448244 -0.00352481653266774 0.017247650204804 -0.188083771594329
0.00273623654431114 -0.000386854989325798 -0.0123351230872585 0.127956700906933
-0.0111082610057002 0.0209261967271974 -0.194027238786626 0.0420062151227805
-0.0190923831743297 0.00242818123417907 -0.286119661877496 -0.219512921317299
-0.00307499647613825 -0.0152757129106125 0.0690791537334549 -0.546057322647506
-0.00525867277397243 -0.0296216023333881 0.644064588936465 -0.213901456449764
0.00186162431420252 0.00075813164950366 0.532628497293793 0.504284500978913
-0.0218532303231874 0.0178210609481412 -0.0782629288130415 0.551282441720599
-0.0236177446904495 0.00113973434682737 0.0237306765196347 0.078532764755603
-0.0237690389672672 0.00350099562421868 0.151338679799724 -0.452990197790138
-0.0209940625151392 0.0133896555987739 -0.481011116425197 -0.661523797022085
0.0050224873955997 -0.00370708202386901 -0.799830671727367 0.119957077109208
0.00418367676428919 0.011355849017094 -0.106502727698252 0.626279293338467
-0.00915640203031286 0.0207812937777598 0.352857817280741 0.281452021673339
-0.00148438238884829 0.00674621679672235 0.282031842416416 -0.0576664708176435
0.00889398588651606 -0.00161893788311966 0.0158959204263355 -0.189316730448619
-0.000263621878404655 0.00104157851850174 -0.0136067722671529 0.127391706334864
-0.0102065408646632 0.021575334989166 -0.196354978014852 0.0413564201111708
-0.0180001643818063 0.00189061869884501 -0.2810257396303 -0.221964497069907
-0.00202459857609843 -0.0133507415572428 0.0852601936335239 -0.544398337810715
-0.00336302109498257 -0.0277529001336068 0.65005246975489 -0.199301318734924
0.0036015881192225 4.14947529330661E-06 0.521313392581627 0.516578705366805
-0.0196307406904364 0.0162766396032194 -0.0890267997292826 0.549352308906049
-0.0199510345323857 -0.00178393073134143 0.022333554216073 0.0772801765685065
-0.0228250712561577 0.00191115721907324 0.14329683035531 -0.45485343395977
-0.0204099724964926 0.013324164718866 -0.494795301535733 -0.651402596269277
0.0057760892040857 -0.00209050094151449 -0.797957448365694 0.137266089659782
0.00475594921757957 0.0138215804537133 -0.091623488413444 0.627671253532431
-0.00915414296717347 0.0209088497358058 0.359853938105082 0.276789226259574
-0.000411883248263309 0.00874316759319984 0.279935982362517 -0.0585318337216953
0.00673609182988374 -1.0521833937821E-05 0.013516089706272 -0.190060190130585
-0.00115107045963281 0.00432976550440126 -0.0153385265136682 0.12725715076046
-0.00699667229300498 0.0209609240536062 -0.198806454037051 0.0402604187572243
-0.0183219926825547 0.00150000051220412 -0.275303206850095 -0.224279110631158
-0.00234552017587372 -0.0112778260145406 0.101745564945448 -0.541769546668436
-0.00257263418228388 -0.0256560380196467 0.658046041324346 -0.185377965656624
0.00572529258301257 0.000482597945746684 0.509090868934634 0.526718799951825
-0.0164935497765828 0.0143567500736875 -0.098319082017918 0.548024520088487
-0.0161657058780652 -0.00273758562265356 0.0236127405746878 0.0746901469126396
-0.0178475406934294 0.00063697732908432 0.13401549603984 -0.460583412248866
-0.0174298484344606 0.0136049141869353 -0.506455293103632 -0.638905380292849
0.0055177357448392 0.00104063852243745 -0.789486241287955 0.152937356767305
0.00396674245755909 0.0162810204488322 -0.0756476020281787 0.627223726185308
-0.00857132063985023 0.022297294798326 0.364701268491623 0.273042443836579
0.00217558824542489 0.00976436088916786 0.277782466010938 -0.0587193871683003
0.0050209661469489 0.00278431028941143 0.0113782261779939 -0.188482496289611
-0.00173607961568637 0.00619065766239896 -0.0169548280793879 0.128268273773636
-0.00423334127198613 0.0217825042005661 -0.199217766192281 0.0382276859311471
-0.0170835041073 0.00133058511903119 -0.269861383138055 -0.227726406871168
-0.00342002354900267 -0.00912197833684359 0.116527753506002 -0.54134757832726
-0.00101979176353883 -0.0233854475752945 0.663717108289965 -0.171300614476602
0.00815913079430717 0.000611345432320855 0.498720966059188 0.540329650134313
-0.0140447631749811 0.0136038815839287 -0.106167075545399 0.546962723174458
-0.0123151891639448 -0.0034347889471448 0.0243391225071869 0.0717292465506068
-0.0139367650849161 0.000663198663384691 0.128597972431608 -0.461111037655462
-0.0140909868798128 0.0136127437090118 -0.518898461950214 -0.630196270462394
0.00704088015389709 0.00349308698972753 -0.784616059854025 0.167118502510346
0.00285417383101439 0.0200460499970484 -0.0618739465294862 0.62841311339192
-0.00834058606367527 0.0210670914865497 0.368713393277226 0.271670487084847
0.00539873316958779 0.0101608274493062 0.27624263544506 -0.0592703732967424
0.00505938033792553 0.00508330180977272 0.00853072092850665 -0.187906913792712
0.0124695536608486 -0.001543001018333 -0.0218145244855388 0.132902901929154
-0.00277822572446039 0.0151776725161187 -0.193598675633842 0.0436010214576898
-0.0166100620207133 -0.00425484022156267 -0.296218075922193 -0.22321349962803
-0.00978118085315852 -0.0165835468916781 0.0570409957810847 -0.543611960119705
-0.00612999114813347 -0.0274379282265127 0.650406736364246 -0.213276133898916
0.00929225003611513 0.00505138317661044 0.548700087668132 0.502576553570237
-0.0198339659069847 0.0280964745959447 -0.062272851404051 0.545749297282545
-0.0279754873453462 0.0120061911628977 0.0368270893815562 0.0731186627699393
-0.0215214706255068 0.0146245568549116 0.174965036376579 -0.457809835653869
-0.0140615560425496 0.0189440723023948 -0.458570912954259 -0.676240872616655
0.00240872578387358 -0.000933674369780047 -0.806598575022216 0.109920231519428
-0.00325596995889884 0.0106171325137906 -0.131764370366474 0.629832896183606
-0.00607262792871871 0.0125484024769649 0.341439825630354 0.287646562458833
0.00864238860869546 0.00255801068860906 0.285452424549691 -0.0540609443944131
0.0195941148102958 -0.00461380547479416 0.0131673645335318 -0.183229551069135
0.0109816208546135 -0.00324403287684958 -0.0190158183699815 0.132132770070268
-0.00631061946574234 0.0164331676398999 -0.193266469290351 0.0437100595140403
-0.0174331337713806 -0.00291071645597449 -0.296906025600992 -0.220671717276468
-0.00900323103577307 -0.0179765300980873 0.0494651818108339 -0.547637524521238
-0.00626112847396596 -0.0289978864869608 0.643280146427776 -0.221833552457542
0.00731474732518481 0.00517503935113661 0.554316595947236 0.494051198628724
-0.0219130575080641 0.0295396921270624 -0.0607374406726613 0.547685758147741
-0.0304977416282663 0.012220938369169 0.0313927349753177 0.0779877421385933
-0.0245444600644109 0.0152166663993239 0.175615352816203 -0.454730242882748
-0.0162258223091491 0.0192207939225586 -0.451554827949604 -0.68228128872771
0.00434038718688934 -0.00348136092336814 -0.810323013731464 0.0968852005755902
-0.000845556687786745 0.00885659719893588 -0.137489910751627 0.627955973763047
-0.00688859837707965 0.0143463982345935 0.340772058582387 0.287634270488197
0.00455711613546897 0.00422137493117859 0.287113706512206 -0.0532935509578079
0.0179090954248336 -0.00543992415922118 0.0166192117797092 -0.184228996433138
0.00830076686114406 -0.00274269798413811 -0.0166788845130437 0.131105078939247
-0.00924726193298489 0.0184253348710735 -0.194091960325361 0.0436282267758955
-0.0185709741994781 -0.000112608911428662 -0.29588888250472 -0.219212602425699
-0.00694118334328317 -0.0171023647357572 0.0486590533000139 -0.548528223599617
-0.00714559850844212 -0.0300014877431623 0.639987247663031 -0.228097186294757
0.00414222384753507 0.00372450900822224 0.551731725458119 0.492453069788679
-0.0233120639664464 0.0258914585169806 -0.0646255997141639 0.550531843820832
-0.0284697802213509 0.008289566811847 0.0290400880851752 0.0798868504794285
-0.0254654277509933 0.0103034806927002 0.172209200371948 -0.451387975436481
-0.0190281107613055 0.0156879118947638 -0.452283550715487 -0.683763921417216
0.00414668316257396 -0.0047011142571906 -0.813567829198419 0.0908237971258283
0.00228233626842906 0.0071850229460309 -0.139121778284015 0.627060523498577
-0.00769409940866567 0.0160164660196519 0.341410321872493 0.290591285971681
0.000544357621640103 0.00397810883121271 0.2881477295266 -0.0530180205190103
0.0151232089287282 -0.00511124914758539 0.0192263861264282 -0.187190708253429
0.00478566299865176 -0.0029993845769937 -0.0155490536795733 0.129721170232996
-0.0113314790425206 0.0190867550465605 -0.194447150748358 0.0422812090763821
-0.0182484828649814 0.000946833359241311 -0.291560508906513 -0.222464955784767
-0.00467337474005446 -0.0170356599652137 0.0578194591426896 -0.548787702420875
-0.00669005337555961 -0.0305069900298404 0.643774928683181 -0.220405871476937
0.00220112898624268 0.00214663070390118 0.541998877746059 0.500643730757131
-0.0233986395257993 0.0218484027090616 -0.0736084904152657 0.550431152142405
-0.0259693420546924 0.00384648702599083 0.0255815253219151 0.080453533858667
-0.0247356332219641 0.00625744102669245 0.16462332499173 -0.452716721184928
-0.0215726802834382 0.0140591588538589 -0.463572417853351 -0.679294101154615
0.00480780692219948 -0.00473323438589948 -0.810361288725327 0.0997713372512205
0.00362063554362874 0.0103215624106698 -0.130662339760644 0.625696256404667
-0.00881669976119689 0.0186987707615409 0.346841887375595 0.288447446215555
-0.000963243100629058 0.00533639284444551 0.286569256760621 -0.0540713503455253
0.0118094248931893 -0.00420454477056176 0.01893881373897 -0.18946884815421
0.00219979476852062 -0.000623689609581581 -0.0140426038492114 0.129150013512244
-0.0116200808368423 0.0201579305160172 -0.195834493233398 0.0406396500776618
-0.0182190605302127 0.00204637862049403 -0.286473924693039 -0.224740935599456
-0.00329837588568451 -0.0160247486172616 0.0736299880663951 -0.549049850606795
-0.00505081389407833 -0.0300208136236001 0.647717538261573 -0.209005180050688
0.00214409477040637 0.000871202608911201 0.531140191032505 0.511131621638812
-0.0220690069915214 0.0186083827214231 -0.0821778228821996 0.551365893988346
-0.0228178404098005 0.00111627913607816 0.0234492740035014 0.0789248827876336
-0.023425796392908 0.004195032448412 0.156559717148481 -0.45447344162656
-0.0214571922135965 0.0137560757406996 -0.479455050971117 -0.66953565340413
0.00489988734648947 -0.00452827347596187 -0.805812842293083 0.115370419193533
0.00512808853972369 0.0117024114051269 -0.111736088433011 0.627376759261916
-0.00970482270671152 0.0201290104878761 0.353114548953853 0.283760926896276
-0.00218331099997201 0.00689984229320065 0.284909705658435 -0.0553337609348082
0.00913189373332022 -0.00203207605821003 0.0177072532483801 -0.19120927847766
-0.000226299333396801 0.000979822681807285 -0.0156668467406791 0.128527137892769
-0.00984133144846578 0.0209710803949291 -0.197829213837748 0.0391379410304934
-0.0182459629019277 0.00252083851449969 -0.279666143624567 -0.226565008624042
-0.00185330515985427 -0.0139702831974561 0.0890435535208406 -0.547680116305101
-0.0040594437049415 -0.0281466307698472 0.653804020883959 -0.195391183528995
0.00299194541182525 0.000632914309854226 0.518544078300863 0.523887367955558
-0.0196145943116593 0.0146002113772969 -0.0934861370868074 0.551445552439426
-0.0207130288025064 -0.00146790680900996 0.0222521591465831 0.0778408786441231
-0.0205496581557408 0.00214209774670554 0.147894067245268 -0.455490349961885
-0.0201358149991456 0.0132265385560654 -0.492702461252167 -0.657059265067514
0.00500727272306191 -0.00271057715135045 -0.802900276755236 0.131637053741316
0.00502679488095301 0.0144212818596932 -0.0954416533235593 0.629925115879522
-0.0100258805268435 0.0206723159533342 0.359321964925543 0.28084005056987
-0.00116028254187486 0.00812110919582883 0.282931359214787 -0.0564683516521099
0.00621124534337346 -4.06657564943954E-05 0.0161966841199026 -0.191429708362312
-0.00140406218707657 0.00327212428751147 -0.0167635066148277 0.127915551156037
-0.0071807709099319 0.0209781077257615 -0.198593718881298 0.0384049065826001
-0.0186400607133926 0.00171919383521569 -0.275204337900391 -0.228753486488724
-0.00172243140743626 -0.0121274366459973 0.105409677260103 -0.546655859761642
-0.00318011127922366 -0.0252815564843209 0.662743573831344 -0.180323064602992
0.00547080154440733 0.000687527783263654 0.506822136821788 0.535641720461833
-0.0162004832176208 0.0136218411681573 -0.103768626324567 0.548309242448798
-0.0157772969026753 -0.00249148202194989 0.0224410108436195 0.0755501363966254
-0.0171922902353568 0.000405803210317176 0.139114785314238 -0.459407694479727
-0.0166407383017661 0.0137241795758487 -0.504513944289989 -0.64657673357889
0.0059927590878555 -0.000198191112271894 -0.795802745293074 0.14768079234627
0.00477684657462471 0.0173142134306623 -0.0804569414465634 0.629528387499426
-0.00892590014415412 0.0216912845613717 0.366169432286151 0.276615214440777
0.00138795451312296 0.0090923780619207 0.280648455724829 -0.0571239322907399
0.00438918741291934 0.00312636160289018 0.0136361929219224 -0.191497936150209
-0.00189669134329736 0.00566669871506615 -0.0201622909523225 0.129772220976885
-0.00438271300925098 0.0212490130863648 -0.201360813376388 0.0380123040987949
-0.0182441424535855 2.63546774850743E-06 -0.269671045331293 -0.23201464691258
-0.00336762544830151 -0.00994482630641823 0.119197389606828 -0.54289128422515
-0.00200144814724054 -0.0236092312266924 0.667807414148416 -0.165326642989018
0.0074872913067704 0.00105918950965802 0.495481774266466 0.547242689029305
-0.0134243664007739 0.0131170058948578 -0.111636844389487 0.548602621244429
-0.0118068744993057 -0.00273315556601294 0.0238877667411914 0.0727950149775729
-0.0136517123353712 -5.82654051675003E-05 0.13416199217425 -0.461089896356626
-0.0139573219449222 0.0141995217194132 -0.517440674087531 -0.637173034033595
0.00706446099230384 0.0036206722697968 -0.791001845505369 0.163511756850124
0.0024825626925088 0.0194855403179583 -0.0673466352747633 0.632313801477802
-0.00813562498922885 0.0207755531848324 0.368578979499037 0.273908235311694
0.00566045904758834 0.00951739873660293 0.27859281472104 -0.057904250821884
0.00428835452609593 0.00618577038743124 0.0112054522497728 -0.19007417868863
0.0126132400534977 -0.00124317377444919 -0.0234650996277774 0.134482433005377
-0.00293815252561182 0.0152869387331809 -0.1967295706933 0.043325631382979
-0.0170243035750951 -0.00431163612990058 -0.298175338513832 -0.228334852859841
-0.00895910057378952 -0.0167183388051959 0.0608047509900201 -0.550521310597187
-0.005071738128953 -0.0279932728851758 0.655550436810359 -0.20812684156221
0.00898906766100758 0.00637879558913771 0.551416120381299 0.508700210543514
-0.0191404491081524 0.0283839284229956 -0.0685904180663832 0.550158045690561
-0.0276735724804886 0.0115641073579201 0.0362203491220199 0.0739587410888446
-0.0216696817701349 0.0153309638738335 0.179733558840562 -0.460089444747203
-0.0141663858807372 0.0194549860333228 -0.456653593973701 -0.683807880192663
0.0029118790008857 -0.000362093721898561 -0.813823848662954 0.10487580705051
-0.00441489754740439 0.0114585278595248 -0.13573622459279 0.633146795289495
-0.00634161070709114 0.0130719652744715 0.344093575660384 0.2917791062089
0.00834071707629605 0.0026160240746534 0.28870130553568 -0.0522449196968012
0.0205731582321884 -0.00367844540065748 0.015016078418237 -0.183763112747966
0.0107148082917851 -0.00262439952576506 -0.0198768007718402 0.133440975602229
-0.00623667680613437 0.0168718575683397 -0.19538371236126 0.0438751525706713
-0.0179033913830846 -0.00306387867307685 -0.298677946152513 -0.225189058686749
-0.0084350180368433 -0.0183052926393615 0.0534354670998022 -0.552488891387987
-0.00590980801640993 -0.0290923613805526 0.649200065754495 -0.219837255572899
0.00705664551272501 0.00551692781737786 0.554724708269671 0.502877465713991
-0.0228892966968885 0.0289963131097112 -0.0653792492788679 0.552206645402174
-0.0298955192654096 0.012265318531754 0.0326404079495713 0.0775605292936987
-0.0238287359080239 0.0144114004366312 0.179779782644517 -0.456648670316644
-0.0167453359292156 0.0192350773077699 -0.450583446435558 -0.69005708413374
0.00377189977463295 -0.00338538221543564 -0.817358813041454 0.0914035047311301
-0.00031366509920721 0.00865489019418115 -0.143302550781923 0.63194563300252
-0.00692747484698084 0.0142985236093617 0.34092408978334 0.293277712125879
0.00356761929077012 0.00330142077952648 0.289916813183871 -0.0517653193330941
0.0180543902678577 -0.00594298212092382 0.0191073679708621 -0.186155731861766
0.00793397149095483 -0.0039144556888621 -0.017335417961935 0.132983597769736
-0.00879631631445717 0.0176807887419462 -0.195463062709671 0.0430374160790088
-0.018792972774764 5.38997926571414E-05 -0.296942691929115 -0.223785326144088
-0.0065812185664272 -0.0185992238732512 0.0548923216334729 -0.553651970997342
-0.00709906662420522 -0.0305585107290348 0.648282234663612 -0.224957135216648
0.00398940846638086 0.00448287415457755 0.550930392611317 0.500310070148005
-0.0235032859503141 0.0252435937210604 -0.0696920165291831 0.555887888115381
-0.0282643672721418 0.00859332889755437 0.0285114421731907 0.0816082198918652
-0.0258159836583423 0.0109347718968689 0.177018004497052 -0.4520940345755
-0.019405400726094 0.0156999087292126 -0.451977801533777 -0.693871610446599
0.00476527895471675 -0.00473801808798338 -0.820661525665235 0.0861314466864151
0.00247580618481379 0.00868350385857043 -0.145113077921187 0.630512620295553
-0.00793292296925617 0.0161531199235044 0.342251820579719 0.29430055957357
0.000596515269496518 0.00386374241656426 0.2907596551578 -0.0505924544377623
0.0144837486146894 -0.0049948169062398 0.0216451952984165 -0.188914879865187
0.00521356635332774 -0.00254723149125368 -0.0172094022000157 0.130962796852849
-0.0108288134394072 0.0187216940330549 -0.196525919001322 0.0411690888356805
-0.0184439922176578 0.00179138620736358 -0.293295637613416 -0.227469801487486
-0.00485367715597603 -0.0177146188117894 0.0634840946019791 -0.553152561914335
-0.00659916726985003 -0.0307446472519855 0.649252297897367 -0.218645662923825
0.00130578030523941 0.0022387303434124 0.542127844226565 0.50822033730711
-0.0235379853918832 0.0208139066885798 -0.0778263788094966 0.555149811900309
-0.0265980262712304 0.00363636015507581 0.0250380726370835 0.0817939837872843
-0.025038809124914 0.00553772501449673 0.169746204306559 -0.453443301042251
-0.021244347259079 0.0143815977517169 -0.460723703971387 -0.687435682578966
0.00359388523374585 -0.00544882259182049 -0.818876069896704 0.0971459697703248
0.00433416960277656 0.00869795104637441 -0.133691604646983 0.630038793485134
-0.00894729114458355 0.0198558187630383 0.346345843994003 0.293405436464589
-0.00096678264571212 0.00525254358977274 0.289725792623413 -0.053725095467959
0.0114767800688375 -0.0040777676496869 0.0219188167201696 -0.191366070588109
0.00185149128174615 -0.00189762883389977 -0.0167467660544672 0.130764667825306
-0.0108568385080014 0.0204455017555152 -0.198195011068453 0.0395667776521107
-0.0185977388630267 0.0016248704647594 -0.286230070850208 -0.228132562280856
-0.00342218823170152 -0.0168576975566099 0.0773829477749984 -0.554231202531618
-0.00562511397465659 -0.0300023469175936 0.654919420537673 -0.205313697177235
0.00106314510416119 0.000987299822616741 0.530849707670426 0.518792488701684
-0.0224290732223202 0.017591510516084 -0.0882561163148365 0.553861979389255
-0.021794646048367 0.000887844218840508 0.0236821640080226 0.0807212727863833
-0.0231775562198247 0.00284984018834748 0.161997104079221 -0.455553659150526
-0.022457718921636 0.012909781638385 -0.477383139980065 -0.677605769215651
0.00491303090325891 -0.0041273569397358 -0.814168720088488 0.110447264730818
0.00560486154231819 0.0115454817106264 -0.116906640336407 0.631335257405824
-0.00980753668933476 0.0200468737030515 0.354513101139702 0.289825815235405
-0.00192215051949559 0.00614199864665081 0.287708397499586 -0.0557018186409174
0.00802505253411437 -0.00222587790051825 0.0201394800015058 -0.191795543820199
-0.000548212181152236 0.000325471875977791 -0.0170881696794823 0.130512833466116
-0.0101340560572717 0.0201317929160818 -0.200329088938393 0.0394352560575184
-0.0183539071606011 0.00228770913962859 -0.280996431647292 -0.230959211674089
-0.000995794816566044 -0.0142366355290285 0.0935125427243196 -0.552492159324113
-0.00333665688503153 -0.0282304738847505 0.662071624408412 -0.192348820026081
0.00245452267742229 3.06602644510202E-05 0.516781793361309 0.531827695437376
-0.0194734278459207 0.016488823005093 -0.0990774609528143 0.555192617574026
-0.0191963794574338 -0.00163675701325638 0.0216447956391653 0.0788750756633631
-0.0222998457326798 0.000861587874695386 0.151522637948833 -0.456919995462588
-0.0205660796922732 0.0137824638269629 -0.491666877687428 -0.665997976724941
0.0053563991334584 -0.00186653568824447 -0.808964273385912 0.127653337620507
0.00485334872629571 0.0146444290949852 -0.101243988096493 0.632925175106487
-0.00940423942023185 0.0213224649434558 0.359576138957137 0.285695091148435
-0.00112148045024298 0.00714388241130111 0.287058112937873 -0.0565434340652612
0.00644746220679178 -0.000430698604308406 0.0181926143604473 -0.192957102907429
-0.00220819847143515 0.00313657550936798 -0.0186249057255286 0.130171533960957
-0.00754558715871931 0.0211415431416779 -0.201413802496187 0.0382495929886002
-0.0181618669335863 0.00116001373570567 -0.274669339416116 -0.233615992562513
-0.0012068723402256 -0.0125205152993868 0.110210044790876 -0.550409893222705
-0.00252645407989879 -0.0257116793203726 0.66987393519313 -0.176595576959631
0.00454017552556753 0.00106694969872706 0.504292099504804 0.544792048919012
-0.0161209421845107 0.0139642008754271 -0.109570417859562 0.551821398259805
-0.0159716322644272 -0.00317142805664584 0.022296917219828 0.0771427063900748
-0.0185163108945948 0.000240366166579922 0.144324490039594 -0.461544182913359
-0.0180634867483959 0.0139512428598701 -0.505444499876704 -0.654764704423486
0.00481298308505359 0.00144440874403945 -0.804726091753151 0.142487897182477
0.00460504361556261 0.0168194151498421 -0.0849471054092491 0.63307665202924
-0.00938276266654161 0.0217840155619016 0.365324472452475 0.281207477120215
0.00141790166908583 0.00894443929029505 0.283404498825982 -0.0559498557211049
0.00421781008600184 0.00269182807537826 0.0153522453570657 -0.19192347168762
-0.00245664895616342 0.00472272880661064 -0.0213204375068059 0.131153638849339
-0.00431602373265471 0.0210422745329575 -0.202552416490321 0.0371407306100926
-0.0180604933805509 0.000317029991530175 -0.270930952676507 -0.23611319286885
-0.00318381319309299 -0.009986345177995 0.125162727492988 -0.545232634503447
-0.00121460047612673 -0.0231420267845004 0.675240030754107 -0.161724776639182
0.00736485599524094 0.00198878952787859 0.494672082193552 0.556269366588716
-0.0134207895482298 0.0131500085374044 -0.116936000159114 0.550209860068187
-0.0122932578657481 -0.00416019908387117 0.0247502889786064 0.0741608510472495
-0.0140452859833697 -0.000107383653407791 0.138976362384461 -0.463765393334028
-0.0141757266238417 0.0150566891680144 -0.518093734550661 -0.645207105264304
0.0064979758574765 0.00335666907250325 -0.798616857702799 0.159361679208538
0.00392171728096315 0.0201637025956253 -0.0711043860284376 0.635509783648104
-0.00761965711307783 0.020489074341721 0.368925676886421 0.278956431338569
0.00536772518107654 0.00948415776955857 0.282069973155826 -0.0559173849898676
0.00461832007091716 0.00510287918305056 0.0126478877748387 -0.191285493448249
0.0120591974165965 -0.00181157173723884 -0.0250422935713578 0.136510682458781
-0.0027141114821451 0.0157703785901564 -0.19904949517455 0.0428035504361129
-0.0169396083473916 -0.00484958217515457 -0.299294288171805 -0.232829466963584
-0.00980249014220118 -0.0175176735633406 0.0634028219247325 -0.556801886775061
-0.00594926330435318 -0.0277346037740383 0.661917276604263 -0.207425160024962
0.0086799940308702 0.00658573444083895 0.55222772740771 0.517677713818887
-0.0194222439061354 0.0285240870553554 -0.071812338702998 0.553427562983456
-0.0272555493569773 0.0113476639281743 0.0367541112668419 0.0760032137376717
-0.0216459733831075 0.014006923430062 0.184589688818317 -0.461128529951573
-0.0141871451823593 0.0199937476349153 -0.458373085795525 -0.693307511222004
0.0019231175078422 -0.000940773164032451 -0.82302217832552 0.104785295807695
-0.00346746224963921 0.00965598445528393 -0.140117111725186 0.639446817607776
-0.00613945384212459 0.0131784975061689 0.344014179301382 0.295501437221612
0.00760909723139384 0.0027299125827723 0.292699194160538 -0.0522860799519952
0.0201000877348767 -0.0036673666065868 0.0175905726496755 -0.185875946129498
0.010330212202503 -0.00361765098894786 -0.0221220828859763 0.135781313623897
-0.00599896624659638 0.0162898175862458 -0.198281113684257 0.0430261397797063
-0.0179001802531926 -0.00342584690452992 -0.299906208273261 -0.231130420327065
-0.00844399880583595 -0.0188199477088507 0.0567158791031381 -0.558498559980835
-0.00662415425558692 -0.0312119991261137 0.656425153017515 -0.217208356014305
0.00674487850140345 0.00569624998828036 0.555619259627437 0.509764226721414
-0.0218402092445059 0.0291171807512999 -0.0705778681473839 0.556762818679657
-0.0303861164120819 0.0121189620799628 0.0326469288810289 0.0785286839951582
-0.0243065980088591 0.0148482844985393 0.185185424983114 -0.457537448172714
-0.016400057183655 0.0194114674166018 -0.451479931735366 -0.699603178634389
0.00392977578287992 -0.0033109461621128 -0.827890110746097 0.089752753552743
-0.000289000698608217 0.00963228077533746 -0.148812123259308 0.63664029616629
-0.00715092667356464 0.0155000222361375 0.343598363990671 0.29908105246775
0.00434528717021351 0.00350365962565776 0.293800862692063 -0.0514726880701521
0.018446649842078 -0.00604753083752723 0.0204884460048158 -0.189650944121468
0.00653820513580643 -0.00369820788618221 -0.0195764876889496 0.134620961339315
-0.00948264457717055 0.0176448203379815 -0.197618944557842 0.0425885020779299
-0.0192832550491998 -0.000764751037428843 -0.298781378710962 -0.228558037535606
-0.0063557182282742 -0.0193588563198699 0.0550565889374357 -0.559683546348702
-0.00674920215126061 -0.0312519801670642 0.652165168117961 -0.223180226719445
0.00396394054272268 0.00397387199620585 0.55428406548339 0.508227417988969
-0.024146448646695 0.0261118138162186 -0.0726890973712433 0.558096534161746
-0.0292360372187445 0.00818853015613515 0.0282562705854187 0.0820813135390637
-0.0259241020411019 0.0115367154837023 0.183098971737989 -0.45434306337024
-0.0199551039961837 0.0164701860514124 -0.450784705699038 -0.70235486311617
0.00344529324462391 -0.004803885106001 -0.829338455279425 0.0839001529547607
0.00210739248423594 0.00879236843390115 -0.149122968359107 0.636217736305453
-0.00791089795027544 0.0168336963736671 0.344554763921778 0.300322370348256
-0.00032655618316685 0.00414338491886198 0.294379507979222 -0.0516350192180107
0.015002130955915 -0.00561314647225298 0.0230434539352946 -0.191520732149881
0.00534258632244369 -0.0027190610581703 -0.0189265798735063 0.132666962195702
-0.0110596252771593 0.0191929320831051 -0.198145426419413 0.0410080209999072
-0.0190940807852953 -0.000304340514694122 -0.294761552183463 -0.230252897867698
-0.00383996324970812 -0.0187546705174328 0.0661078495733667 -0.559510091046169
-0.00720054179797832 -0.0312131598616019 0.657656252527338 -0.216375980772611
0.00131918413759371 0.00230402148644028 0.544417387217341 0.515194843211729
-0.0239600208844812 0.0219030884393098 -0.0824316133653989 0.559359865303611
-0.0263998638923495 0.00398898277485207 0.0254165362576654 0.0826085313557364
-0.0241510416962263 0.00670039525565181 0.174848084558078 -0.456545385874784
-0.0219268245680311 0.0149681684240287 -0.461990102420292 -0.696436278477054
0.00411170179200238 -0.00586335932306155 -0.826800477750919 0.0927767078701715
0.00434795179742571 0.0100291530830177 -0.137509795905085 0.635447966328365
-0.00875895623793594 0.0194861208897793 0.350574489293848 0.29893113830728
-0.00158946552687195 0.00550088415673851 0.293958144843655 -0.0510556106105163
0.0119810665468599 -0.00429588401212602 0.0239654812071886 -0.193502236189108
0.00149064633121759 -0.00104118234349224 -0.0181799240046496 0.132465486733994
-0.0111493883439876 0.0201515001160489 -0.2001495287984 0.039691100645874
-0.0187428176882445 0.00143842552524189 -0.288867551830217 -0.233351607078503
-0.00210594710781534 -0.0175523791922928 0.0818990624818679 -0.560260512467092
-0.00577298252963442 -0.0304909611524875 0.66193745954692 -0.20303842981192
0.00130025760058543 0.00123480589148789 0.532219539254694 0.527679273581398
-0.0222745367002276 0.0184924539885208 -0.0930951030899237 0.559622314200302
-0.0233292098430197 0.00025807530615392 0.0232911678985961 0.0822438362033488
-0.0241230949228905 0.00315728022550926 0.165671653637663 -0.458439339171253
-0.0216740602919332 0.0138849036545842 -0.477324924750437 -0.68533452228475
0.0047885340403277 -0.00386968664052138 -0.822769494933348 0.106835511355474
0.00452806873401579 0.0118187867667928 -0.122890602477239 0.637544944032249
-0.00953939658163807 0.0216452757400552 0.356847630905955 0.293751154113183
-0.00264365468162699 0.00648239037158469 0.292751420190587 -0.0544468045553432
0.00667560101792425 -0.00192382693304542 0.0213924437524428 -0.194143807416377
-0.000405591692553978 0.0012944786864477 -0.0192319379610958 0.13196538478069
-0.0106306188652753 0.0203613501645832 -0.202204195124996 0.0390444707778301
-0.0186327572014804 0.00192160713397895 -0.281547126157629 -0.236397253682457
-0.00145654759890006 -0.0156745529004646 0.0978479835178761 -0.558428922034866
-0.00388814235082897 -0.0291532843853174 0.669856422155118 -0.189347219798027
0.00225708020092971 0.00086298078004513 0.519073008022431 0.54055956213698
-0.0194058470050384 0.0146712594441783 -0.10380473193172 0.55757149945848
-0.0193266362081614 -0.00147795466540419 0.0222844647566881 0.0797525462233148
-0.0215169798058512 0.00143371980165343 0.158442900402678 -0.46026107152196
-0.0211655045085629 0.0132899896771285 -0.493927494751607 -0.676675093969902
0.00436195761216431 -0.00235093666196359 -0.818120067680745 0.124355280018102
0.00563276024537994 0.0139546974280091 -0.106501417290767 0.639827814387916
-0.0104122197945134 0.021832079108009 0.362344309415023 0.290202374966107
-0.00144606834097765 0.00768572320237023 0.289085392677839 -0.0567038889576092
0.00619686421907607 0.000261442074712296 0.0212886166892568 -0.19532446367856
-0.00125142359130271 0.00212616483121002 -0.0205513010263193 0.1321649099455
-0.00713694815195439 0.021016851964372 -0.203569692877615 0.0371593077298658
-0.0181647287379028 0.00151126082408455 -0.276801440161865 -0.237932508175831
-0.000750006305932777 -0.0141955793807187 0.113995977261337 -0.555484603890381
-0.00243144629390845 -0.0272093270474615 0.677685214724738 -0.173302214956991
0.00437920579822659 0.00101355732304613 0.50664938836891 0.551983271765413
-0.0167111706078801 0.0140641712587714 -0.111632500941941 0.557471025688345
-0.0153640641003449 -0.00321859772323652 0.0218144202885282 0.0774067860759396
-0.0166566539552709 0.000131325950086284 0.149877852629723 -0.463340431328887
-0.0178683536428855 0.013939781884381 -0.506032920542205 -0.665946546726348
0.00443809206867402 0.000980146769933891 -0.812504691785391 0.140775662022253
0.00463515366308838 0.0160912103005303 -0.0889872395838566 0.639278980345046
-0.00983194411279257 0.022194549863741 0.369271070665594 0.286218399563175
0.000615201426777935 0.00919120192977663 0.287657444905557 -0.0565869653387966
0.00489829903980499 0.00351802923482052 0.0173494704644638 -0.194380367248628
-0.00255740627781164 0.00450054683116899 -0.0227652295222525 0.133153262970034
-0.00366896157551517 0.0210463465890117 -0.204816257251212 0.0376129904131675
-0.0180542805701059 0.000613727867319756 -0.272329178894572 -0.241023744155376
-0.00248137375968283 -0.0108796910854432 0.12858156965473 -0.553012011519299
-0.0018304693096418 -0.0237857474957672 0.68344416850282 -0.159478207581632
0.00749343888242845 0.00189208136118498 0.496177953611162 0.562238130683444
-0.0124682373022432 0.0130680756493928 -0.120146232408735 0.554148647214397
-0.0109581666171967 -0.00354011211199176 0.023347716177696 0.0747450818665581
-0.0140368831296323 -4.1771411526303E-05 0.143804210604572 -0.466555696027517
-0.014737237903493 0.0153531835695705 -0.518105747521242 -0.653987165099932
0.00623679544442026 0.00354823126580435 -0.806265567845819 0.157231181618542
0.00362150001931548 0.0201217722136389 -0.0756041361828669 0.641775647116665
-0.00937689634381572 0.0221224280985348 0.372583207394088 0.283170748091977
0.00487130237624396 0.00838705804487612 0.285225906307272 -0.0571243369118492
0.00393276513106293 0.00614645166781409 0.0137704856853475 -0.193501005199428
0.0121105399764358 -0.0020915986894497 -0.026746745120192 0.138227340815989
-0.00266376952568375 0.0155991671341161 -0.201772370946552 0.0427330876329891
-0.0169048543250004 -0.004413166485354 -0.301821686627084 -0.238310907369679
-0.00888940144063694 -0.0182305962983096 0.0664413772828531 -0.563076100430098
-0.00632481426239754 -0.0296922732086244 0.671194420415908 -0.205573529141224
0.00877485533836128 0.00707506558630585 0.558155860933323 0.526037360309564
-0.0194630490201035 0.0287150131037927 -0.0748148454547479 0.559287239615322
-0.0270190006095845 0.0109522756742364 0.0372174550718162 0.0774022632422909
-0.0213399663834724 0.0152912707466182 0.192026306712977 -0.465275250633608
-0.0145778144591605 0.0203110559775251 -0.460521103120028 -0.703143625118771
0.0031600271091881 -0.000881248745757741 -0.833811975081878 0.101095081252325
-0.00315458317918448 0.0114297028301292 -0.143413833496997 0.646863747445511
-0.00603750134165132 0.013424378693067 0.348289588113494 0.301995273236212
0.00820392970218339 0.0022392733801719 0.296733781507524 -0.0528017502110241
0.0203193670686569 -0.00462620819889521 0.0192771239357029 -0.189260419950423
0.0093107141792621 -0.00376061826029254 -0.0244747920321144 0.138178737295227
-0.00658947698068564 0.0166209631173432 -0.200302006970567 0.0428999713208078
-0.0176035947478417 -0.00317249777877159 -0.303283928043866 -0.235806768959975
-0.00831661944248247 -0.0194590529186256 0.058432558431436 -0.566780699758345
-0.00634572734576247 -0.0310930700663277 0.665111560026539 -0.217651936161934
0.00659353900308994 0.00633424015561614 0.561213869649793 0.519974156427605
-0.0224431281555375 0.0290338946145773 -0.0730340057553755 0.562152122283519
-0.0307621114044939 0.0111454956783785 0.032455388444468 0.0801535989490203
-0.0236752312079052 0.0151861539303034 0.188788712802124 -0.462524601425518
-0.0163279858614826 0.0191725294739869 -0.454745306466335 -0.710260750099282
0.00414613265220578 -0.0039895808014306 -0.837996538292412 0.0874272256581663
-0.000464314453784875 0.00895283630873663 -0.150935363837335 0.645257128114341
-0.00743562769302475 0.0157526393813404 0.346736164810474 0.30398730728029
0.00379447735578854 0.00366549361800665 0.298993789126953 -0.0519289635951498
0.0186447842508152 -0.00494892266676937 0.022489539558382 -0.192529160447188
0.00711981033808298 -0.004051588276921 -0.0209946261712678 0.136536112680971
-0.00945927800100708 0.0171043329778949 -0.19965826713038 0.042950783971273
-0.0188372226998013 -0.00107722555173114 -0.301764022088093 -0.234102116626908
-0.00587309602470669 -0.0199637945708611 0.0582240650623961 -0.566345108161524
-0.00746481077540838 -0.0319330055507213 0.663513530487078 -0.222132169523498
0.0030967273230688 0.0037146565853762 0.556932303667855 0.517844247985304
-0.0238256659196311 0.0253949182298592 -0.0778964616814536 0.56535125561983
-0.0284010495885953 0.00834977037887642 0.0287360536374463 0.0837848172005441
-0.0253373779881745 0.0111212737309232 0.188573217143403 -0.457449065468702
-0.0196179743798373 0.0169931074645975 -0.45311377380368 -0.711500553010099
0.0041522220174433 -0.0052912115523503 -0.838775174015241 0.0816862921397407
0.00259060173320537 0.00875668001537452 -0.151830742545677 0.643402142138442
-0.00835555871696062 0.0170728220363222 0.348197189306607 0.304171743308435
0.000161420909423454 0.00403895429670066 0.299884501218365 -0.0512515129767241
0.0156070874560416 -0.00576052684230705 0.0252250588381732 -0.19395752941209
0.00435326967310046 -0.00248323273118282 -0.0191797178998279 0.135603340651502
-0.0115344246856688 0.0190535524659662 -0.201673063531632 0.0422685277021453
-0.0196335299283054 0.000972417972280273 -0.298164831777238 -0.235426724294842
-0.00382203256056014 -0.0190727699937376 0.0675460597786313 -0.565316449699583
-0.00680996629187075 -0.0318449374900284 0.665878478811488 -0.216109171227316
0.00129544946623392 0.00272517024363517 0.547069912811772 0.524712852809286
-0.0237612344490085 0.0208898075496815 -0.08556412334406 0.567263257334607
-0.0260259314499247 0.00317699162496503 0.0252133456008682 0.0842082041425137
-0.025462029716486 0.0063211883410295 0.181305429823607 -0.458935375326286
-0.0218093118040372 0.014614679395848 -0.465056788011968 -0.70799172812435
0.00465096254704656 -0.00550269356598323 -0.836055602027271 0.0898656448317024
0.00401248071099479 0.00999823425049322 -0.141682857481249 0.643472661198102
-0.00898399273081202 0.0189984164691116 0.353229055418148 0.303750522571342
-0.00212412905032236 0.00612985748915798 0.298893339222768 -0.0528234415280271
0.0113554858905267 -0.00356225359401439 0.0254528841923522 -0.195638922875685
0.00162102619734609 -0.00171744525657252 -0.0199899041427716 0.134774573877393
-0.0109077074524453 0.0197487609880224 -0.203516228503342 0.040612145558254
-0.0191051828899056 0.00170520025222825 -0.290938784987865 -0.237630755618442
-0.0017676158771463 -0.0180115110012407 0.0841376941902751 -0.566369401179566
-0.0052678874470947 -0.0308818396985982 0.671991372536031 -0.202624651261313
0.000984868440552364 0.00115151401600861 0.53729622163375 0.536160445647675
-0.0224770753615559 0.0183664942948766 -0.096389260838572 0.566029684240087
-0.0231241634504402 0.000797889863374983 0.023191300712938 0.0822384541447195
-0.0238243504437766 0.00282172828393438 0.17084061882704 -0.46138160806259
-0.0228963169623204 0.0141771708838828 -0.479776900925078 -0.696251351342484
0.00454570660983035 -0.00426342562321705 -0.832880768618331 0.105268705644366
0.00486365867829654 0.0119051220032658 -0.124603169464339 0.645235378387622
-0.00975352037064528 0.0204941299482495 0.360656837212462 0.299040181463011
-0.00301599841786619 0.00675312634299755 0.297544133694338 -0.0558543123497489
0.00885671266995669 -0.00225392367843372 0.0238657414219412 -0.198053333838481
-0.000276624064667709 0.000496838754228019 -0.0199444900651354 0.134042058317788
-0.00960960628793543 0.0206231490913009 -0.205018970115833 0.0397842639153701
-0.0191119032168041 0.00143069046507876 -0.285405523025238 -0.240068802317921
-0.000984950033273218 -0.016512252928166 0.0995500401866485 -0.564309136650161
-0.00383621950564158 -0.0298939358359275 0.677655784911822 -0.188580439640388
0.00205001616964783 0.00044976451134399 0.521732131383803 0.54843455108995
-0.0194921157023074 0.0161302313528197 -0.108338015422384 0.563435178212498
-0.0191542754831166 -0.00157909531403796 0.0216867093082468 0.0813050403649867
-0.0210497896812291 0.00210284989375472 0.161631079083845 -0.463726764811163
-0.0209535912386146 0.0142440069188422 -0.495433785333068 -0.68583830664038
0.00505123452087911 -0.00202422068876575 -0.829681630699185 0.124458396248947
0.00553533345065056 0.0146488265140864 -0.107696699930494 0.646648168770524
-0.0102931838116638 0.022331401935722 0.365848884843236 0.296055562779616
-0.00188741788663297 0.00745048292795991 0.294649378681391 -0.0561470493520497
0.00563099992844463 0.000642142326820675 0.0222986970663215 -0.197766829594544
-0.00205069062742223 0.00288608221625427 -0.0225974592580113 0.134249284074327
-0.00742075546363995 0.0206640789398321 -0.206350298230012 0.0368658785713096
-0.0190809956613602 0.00130260797682342 -0.279600423344524 -0.242855132761399
-0.00114165197220754 -0.0135241544420948 0.116766260302729 -0.562365487856427
-0.00188471083636279 -0.0266300349176238 0.686603353226579 -0.171532704445324
0.00469018637528042 0.000543322363730704 0.509998763497871 0.561650065592299
-0.0170430021180784 0.0134635617371706 -0.118280249737592 0.562690429834195
-0.015286271048232 -0.00330099922388369 0.0219659007642591 0.0795485864320681
-0.0171829915962593 0.00026264846469248 0.154438959779513 -0.467115295761199
-0.0185853554349433 0.0137669762776898 -0.509125656389069 -0.674372120615654
0.00505677638947489 0.000286384548933335 -0.823061727460099 0.140144255952766
0.00372646649827662 0.0176139845959638 -0.0925879109312864 0.646779315478459
-0.009410885789899 0.0229810897490972 0.372400586193953 0.292005696662397
0.000832048253419485 0.00915392773307292 0.291923638181031 -0.0575831023821859
0.00416185866151532 0.00337357114491494 0.0186902931436967 -0.198034135718858
-0.00311114414331787 0.00497322324363502 -0.025021683331149 0.134908507179964
-0.00458534441106851 0.0207566651220733 -0.206914237732008 0.0366320626645178
-0.0183051488215112 -0.000373379091303014 -0.274675877005877 -0.245270175852207
-0.00322657452238361 -0.0116308782351955 0.131882638865472 -0.559878908619577
-0.00169993788690006 -0.0245207657530282 0.692837091045695 -0.157019817116744
0.00730271801323312 0.00149398937964562 0.499623455095103 0.571711996580394
-0.0128603081979101 0.012876472893182 -0.123866138846882 0.561812972757139
-0.0118333400887924 -0.00380549464903902 0.0242783076270366 0.0765342470375925
-0.0134025822232452 5.42518131721364E-05 0.148000288333025 -0.471358417581106
-0.0147483731390099 0.0156129449513698 -0.519813307355488 -0.664200533443058
0.00623326485880292 0.00339696964107649 -0.818412794187315 0.157453899529648
0.0037123380551783 0.0196661522040204 -0.0790079187743258 0.650195735519202
-0.00938238689775988 0.0219379641115624 0.376292843124555 0.290666476547441
0.00464499377287702 0.00901749316246967 0.290141576506515 -0.0559478587078895
0.00391226114602627 0.0057828617125799 0.016632083521182 -0.196276032946891
0.0123643039605729 -0.00265190825057781 -0.0288664338101279 0.141319561019151
-0.00206339312932156 0.0149774998023407 -0.203808043061326 0.0435232711767331
-0.0170216606456261 -0.0051344586176121 -0.307108837413422 -0.24267977605604
-0.00951737477042739 -0.0194608969976636 0.0666054929221967 -0.570332314456359
-0.00618626788148838 -0.0290602596229976 0.68090579412931 -0.206366003995774
0.00917912386475647 0.00688570070079362 0.562264727110475 0.533108584890612
-0.0194649905775452 0.0294200633988166 -0.0778569408083883 0.56518395097519
-0.0273759813390074 0.0113959023213417 0.037663185799205 0.0767704085589867
-0.0205343463546738 0.0147010086256043 0.193521649641182 -0.470690538613644
-0.015165660321978 0.0206833128324931 -0.46476506144046 -0.71372115686895
0.00203848945743696 -0.00189950087769987 -0.845433958511903 0.0998965226880125
-0.00284075552960554 0.00998819019719792 -0.148461135150531 0.655927346994237
-0.00586187735701348 0.0134951770680234 0.351850352225075 0.306354054311191
0.00796777692707846 0.00287573513158082 0.301906485303948 -0.0535293527522253
0.0206282244410165 -0.00468089622986238 0.0204080268967256 -0.192739556705661
0.00953052989269749 -0.00372783509298754 -0.0255270173967137 0.13967072803557
-0.00677588527891806 0.0161100093456959 -0.202859543229341 0.0433377665200652
-0.0189491114198865 -0.00336567733829021 -0.306225333594736 -0.238590680072294
-0.00720962621133845 -0.0211761404641975 0.0601008780171472 -0.573214759059096
-0.00685152529351303 -0.0314704145531569 0.67458832786056 -0.2183541543293
0.00643083404440423 0.00602890583020061 0.565832687980958 0.526050459309398
-0.0229709458276372 0.0295850067431978 -0.0751118177491015 0.569175898237792
-0.0309625848168088 0.0112726649539187 0.0327018744668838 0.0824696522858627
-0.0237367816754871 0.0146492761589877 0.193456570306664 -0.467010998868143
-0.0170549652078144 0.0196671434680979 -0.459201055647506 -0.719214379680966
0.00372415736516522 -0.00377133422175139 -0.851127747773355 0.0879103184527717
0.000288764611219502 0.0089493994910329 -0.155508110082 0.652942940656103
-0.0066454859560499 0.0159884475895911 0.351475337869609 0.307907361921679
0.00338776588450911 0.00306767185979835 0.303671089416488 -0.0521068836502829
0.018502793798582 -0.00554139859086745 0.0238954001504171 -0.194778725071833
0.00691848882642457 -0.0040815422233629 -0.0235365930284565 0.139348620623279
-0.00867218258594885 0.0174833422195122 -0.203021198703862 0.043945300141384
-0.0192654121830693 -0.000416047964121795 -0.305563024338042 -0.23852491295996
-0.00580057617793909 -0.0204072180429681 0.0602087300284887 -0.573702139616635
-0.00690938565346241 -0.0325888103028641 0.672321928168493 -0.223299324917045
0.00298114266889332 0.00440105438383835 0.561957179467168 0.523560647698612
-0.024073226088431 0.0256933598406163 -0.0788154295256697 0.571249950060881
-0.0281054426632026 0.00756377960419704 0.0290524557022318 0.0847602048163456
-0.0253623490872413 0.0112839738876658 0.192270181418068 -0.464467848079553
-0.0200820151732871 0.0179232898606015 -0.459688368678164 -0.72166672527671
0.00394509197799937 -0.00515670926451694 -0.852314602904683 0.0809005730052181
0.00359397806702554 0.00854020057481315 -0.15574001084406 0.652086721206819
-0.00850882278304022 0.0178318724375312 0.352479351224308 0.308995200681657
0.000689618656143576 0.00346726537016326 0.304581293548968 -0.0524981005781203
0.0149919107134941 -0.00604140037683167 0.0259236302260457 -0.196959835289301
0.0039607096248646 -0.00358747130615976 -0.0207279642419444 0.137973022456159
-0.0113682406197999 0.0188806753170555 -0.204292122771548 0.0423795535742183
-0.0202151556026654 0.000210069231523846 -0.30102712175378 -0.239558420806686
-0.00331458590912982 -0.0198239959693549 0.0698233407798379 -0.575213440025602
-0.00739443795544412 -0.0322555443919694 0.67604259758605 -0.215592517298848
0.000661636001122229 0.00195550803796985 0.553047748016486 0.533231892779865
-0.0244247957645492 0.0210977237740114 -0.0872397821159273 0.572297280542615
-0.025586293114437 0.00387640181617924 0.026045638299533 0.0856005545077183
-0.0248418615114323 0.00568165170869495 0.184732089634091 -0.463777515664457
-0.0225837252731154 0.0148322665670501 -0.469006086053394 -0.717273432578048
0.00364696496808797 -0.00554659530223242 -0.848127262645289 0.0907692515472593
0.00485293148960167 0.00982732752204666 -0.145454986298432 0.651754858361262
-0.00925508430927964 0.0209024664371709 0.3563866748783 0.308243461627488
-0.00221770971561842 0.00526753567177511 0.303385523151201 -0.053505042712588
0.01178918341949 -0.00324235921864077 0.0254828106508307 -0.199535908259424
0.00162447061612059 -0.00225975940003608 -0.0209585232697741 0.136815200319593
-0.0113159865908547 0.0200311219299153 -0.206071629564386 0.0414056734472162
-0.0197506289989908 0.000978393028860682 -0.296334813569213 -0.242306364695446
-0.00176134646251092 -0.0180316690316968 0.0849785862320313 -0.575495727548817
-0.00583625502784627 -0.0321638628197138 0.681999885767593 -0.203356341514109
0.000961442202673095 0.00157505288786834 0.539626755600435 0.544260949706539
-0.0225007162858922 0.0182232669770464 -0.0983955635918963 0.572657854750069
-0.022973868859877 0.000648874988646195 0.023931603910781 0.0841466332453911
-0.0241783905136529 0.00293876636909074 0.176557375401491 -0.46707353940851
-0.0234677693281567 0.0139987379916572 -0.483665271766824 -0.70738503111183
0.00443014843105704 -0.00396164793606015 -0.843704945050574 0.105493357571207
0.00548608304478671 0.0116835049923165 -0.128641932491815 0.653113663853283
-0.00990118022356249 0.021250738625061 0.364543155063312 0.303865617957739
-0.00335853108347552 0.00670991761455917 0.302399757327168 -0.0554407259801072
0.00800327480742445 -0.00211623121147154 0.0254964599734214 -0.200229495411623
-0.00122724349084721 -0.000573291727974821 -0.0220896188638476 0.136520892290325
-0.00983715606961633 0.0204093148603112 -0.207160564228482 0.0390823714593711
-0.019800385531447 0.00162253333990357 -0.28800254459889 -0.244661079894431
6.22117972968119E-05 -0.0161186770430948 0.103423972959247 -0.573608246145541
-0.00410145902124098 -0.0298855362910247 0.6869531754395 -0.188191617216037
0.00237273497083334 0.00030383739249884 0.527528095257178 0.555751354907094
-0.0204148185137948 0.0158727513179522 -0.111395698377212 0.570418635261892
-0.0188940109685389 -0.00221428790549224 0.0225857882554792 0.0824439638440904
-0.0214558674472701 0.00125070579541709 0.165577487593009 -0.469145157768878
-0.021893500119877 0.0151367718061624 -0.500665541420236 -0.694716247927886
0.00428634004666449 -0.00292843282946297 -0.841585292486951 0.125289282688375
0.00530669338891612 0.0137234377355877 -0.110127177184875 0.65513753205946
-0.00968515206260977 0.0230184487622234 0.370408512800459 0.301042138425217
-0.00220195458363054 0.00815406195457329 0.299823696197695 -0.056591801652745
0.00594690969441536 0.00050840053881613 0.0237984836653439 -0.20151235953274
-0.00276875881257982 0.00230267285461819 -0.0227814986006951 0.136503517889533
-0.00717384986857082 0.0218545961275789 -0.208316020029455 0.037846360640801
-0.0182436224449032 0.000796304624587942 -0.282914813313459 -0.247647313773859
-0.000579338192968555 -0.0152187110513575 0.117609831922811 -0.570022134399985
-0.00268413249875111 -0.0278953646434925 0.696180451823685 -0.171451731420111
0.00410791650749596 0.00147446385148324 0.516494115138175 0.567550559407315
-0.0163396335692599 0.0141949092865769 -0.121737649007991 0.569082546610298
-0.0152678683241619 -0.00350112901798735 0.0231696707865655 0.0804062273741268
-0.0175572525222333 -0.000754492488639597 0.159740986305226 -0.47234420485123
-0.019506104260501 0.0145951934773503 -0.516104733206905 -0.683395354917566
0.00520348843528673 0.000595817989085316 -0.836102327914965 0.1402074497665
0.00547739406743464 0.0155380668338737 -0.0938414570129523 0.657828414554344
-0.00912306134187695 0.0232875276713469 0.377072977077517 0.295951652235213
0.00105975100680146 0.0082342867512057 0.296192912087328 -0.0573886725684734
0.00403623074655318 0.00273491591051678 0.0197791812763552 -0.200326684054758
-0.00313497797504708 0.00429518495353026 -0.0252944484254051 0.136821925744766
-0.00370146455407361 0.0209199237018207 -0.211035416193706 0.037209803237534
-0.0190847582886319 0.000255348123250327 -0.278577862170447 -0.249461765907993
-0.00279853830408586 -0.0118843503012576 0.134597310363308 -0.566995003558325
-0.00179174499016936 -0.0250716399077895 0.700978973890419 -0.156883607423945
0.0064209392811417 0.00116078889503002 0.504862352196621 0.580811686686767
-0.0116245170766315 0.0125075286425447 -0.126899824453902 0.567431079841387
-0.0124725525901959 -0.00385794718149904 0.0247410282258276 0.0784612784927273
-0.0126039521450952 0.00017239854842252 0.152815035771853 -0.476299705792412
-0.0158113740752646 0.0159092078788807 -0.528192580902655 -0.673200803721683
0.0062541165118898 0.00409653148517837 -0.829990135007925 0.157538786856743
0.00365041249465693 0.0194374279008751 -0.0796365553831313 0.658764405571905
-0.00915452641523384 0.0225459000378374 0.380450822666192 0.292169980864993
0.00509018580273459 0.00903720888058418 0.294927019692007 -0.0580915675648308
0.00282371809142054 0.00580180864573543 0.0180954484184704 -0.199249413563339
0.0117174875840023 -0.00326927393573564 -0.0293557997819895 0.144397127962267
-0.00274612721627357 0.0150767030104033 -0.207478814276129 0.0448987203022358
-0.0176372376376396 -0.00525872816166394 -0.310264238922067 -0.246823795587816
-0.00955547483303742 -0.0196227446459855 0.065661114084905 -0.58084412496368
-0.00675002088738618 -0.0298690921851133 0.692162372755333 -0.210281797412765
0.00783415897896889 0.00716817940153243 0.571388503803512 0.541649862631051
-0.0199554212630952 0.0290907095380121 -0.0783294231637689 0.575332520022327
-0.0288021522310113 0.0111737088588861 0.0383232739805137 0.0797679859589134
-0.0215910053670734 0.0146757714520159 0.197477849849428 -0.476337163276673
-0.0158984649111415 0.0208863467536444 -0.474359873550861 -0.722452768605039
0.00182121405583908 -0.000627682038807236 -0.858646433028138 0.104948330348739
-0.00349207519239048 0.0110560322539361 -0.148276744204203 0.664615403168129
-0.00667879573164263 0.0146422042295019 0.357908508898379 0.310783140422636
0.0079548663332267 0.00232840401516549 0.307162391960566 -0.0560931685110205
0.0202806680873161 -0.00408786853092659 0.0211634310603421 -0.197150015640796
0.00965863956714985 -0.00493150525909405 -0.0268139286246298 0.143703013285427
-0.00469705420094963 0.0168697894143133 -0.205445674957543 0.0446165527244578
-0.0190316264853034 -0.0027476925645806 -0.312317221042805 -0.244846790423086
-0.00732767571619352 -0.0211377898266188 0.0604484354443945 -0.581131026830477
-0.00729583142173174 -0.032415355198821 0.687360093291455 -0.221712541979429
0.00633450458971274 0.00604042384259323 0.574088961196166 0.533295394589873
-0.0230797435966492 0.0292594982171973 -0.0759443491897965 0.576341027636374
-0.0301126900013268 0.0121342367667537 0.033511620594537 0.0830024771122135
-0.0244370758883837 0.0153797654023254 0.197963127248648 -0.473915756652876
-0.0169352729384941 0.0208933567822978 -0.465614079870015 -0.72980322298758
0.00280502853391605 -0.00365666897247838 -0.863473671914228 0.0901594746313979
-0.000312570259488217 0.0090196285645717 -0.156637164174555 0.662797907633461
-0.00746228616674868 0.0167870573060897 0.357525224429643 0.312094702393413
0.00311108994396193 0.0029655233469507 0.308590254697847 -0.054818316097876
0.0188417483798765 -0.00690690422828818 0.0241675451626141 -0.199254263523936
0.00711487630753959 -0.00439965055089379 -0.0239181756391979 0.141969192570359
-0.00899057490668398 0.017976557632698 -0.206805547824552 0.044183493428508
-0.0200093043325532 -0.00113785084538417 -0.310303701916039 -0.241525417657656
-0.00544255338003063 -0.0213860545198015 0.0583540157509409 -0.581466858572206
-0.00724990996330383 -0.0326550689631055 0.681795115333771 -0.22509811603338
0.00284074044686677 0.00542601397609636 0.572915467039536 0.530460673193276
-0.0242434646897541 0.0263149700079645 -0.0800392539672542 0.579274361973551
-0.0296668700052769 0.00780639833186193 0.0289756150285813 0.0868797405807132
-0.0256205645329155 0.0104649115340352 0.195936015895303 -0.468194730871409
-0.020628002629394 0.0179223680534386 -0.464852790796742 -0.732880569425226
0.00317227946944923 -0.00505590360567577 -0.863925628894001 0.08155580970348
0.0031424729331848 0.00848794776932823 -0.15678573820174 0.66193279652106
-0.00917066100490922 0.0186368458901633 0.357116569765111 0.312996741171307
-0.000185341729456034 0.00392373990935761 0.308905818373179 -0.0539112181360933
0.0150231726978441 -0.00616772234201068 0.0267081852666905 -0.201458581936591
0.00401989554739111 -0.00398522882737197 -0.0223768816136583 0.14015320096019
-0.0115905864177394 0.0189847876627903 -0.207843849821792 0.0431174232574194
-0.0201663757488028 0.000856179936886263 -0.307583287261595 -0.244545562234252
-0.00270445533118955 -0.0208734904907934 0.0694704986802871 -0.583775649808037
-0.00780551034412903 -0.0330378881163697 0.683633281375194 -0.219771001455039
0.000214498621086497 0.00202596821380376 0.560873016658115 0.540489604393257
-0.0237581128369652 0.0213440645583413 -0.0884334994007247 0.580821511304288
-0.0267644506736762 0.0034244284020281 0.0267530918042887 0.0861396962985251
-0.0248453350861211 0.00685744835759496 0.187832102435165 -0.469868599766725
-0.0223338945509024 0.0146049600706934 -0.476331826294469 -0.726525819262688
0.00354102675942738 -0.00599326940797493 -0.862583095381321 0.0942570171661155
0.00468157417470784 0.00974218500933854 -0.147170039442518 0.661083915878526
-0.00998862859791962 0.0212493605300876 0.363017010437101 0.312224761183747
-0.0023918458219314 0.00571997428745514 0.308985496197894 -0.0561847114015139
0.011688561558657 -0.00469634544660899 0.0276235814466197 -0.203280484324284
0.0008181358058604 -0.00219006542982187 -0.0219863820289784 0.139539300754437
-0.0113990727628836 0.0197203357034154 -0.208922885214938 0.0421948421112659
-0.0198454892082207 0.00244255237119961 -0.298767849823739 -0.247092649450257
-0.00142876354405677 -0.0190878648559441 0.0844691078917056 -0.583199335836236
-0.00632648372141954 -0.0320773015457088 0.691010800176282 -0.20652581670132
0.000838723452390356 0.0025367233072955 0.548454417195923 0.550604335879033
-0.0227322384770151 0.0180634998709122 -0.100740732212088 0.580401765325344
-0.0229589563443045 0.000948307367281928 0.0238373409959366 0.0849155809654046
-0.0237799943104664 0.00380761866451284 0.17867087990016 -0.472059000122512
-0.0231110883132449 0.0141178057314835 -0.493454324859455 -0.716593578749838
0.00429235963551278 -0.0047027945197459 -0.857479375730573 0.108757280669225
0.0062760341607467 0.0113822666307761 -0.128557119914017 0.662440401420622
-0.0100502298323915 0.0222750485264196 0.369892263740898 0.30756791018374
-0.0032349645783406 0.00671618330110714 0.307012552520873 -0.0581954214895698
0.00857336253162271 -0.00192017214431389 0.0253637106436244 -0.204547601517081
-0.00211247845356505 -0.000115307561496072 -0.0224043064808707 0.138572518102611
-0.00929379221367055 0.0209123663420084 -0.211187237105057 0.0404943644636745
-0.0194963276321591 0.00168143343829109 -0.293240053683404 -0.2490612618755
-0.000467093936282443 -0.0174599615629714 0.10121682904674 -0.582818633579388
-0.00387810912695336 -0.0303700458774887 0.699274291625693 -0.191840289377309
0.00194138481491228 0.00120444351000084 0.534139552619542 0.564173269007317
-0.019873299076044 0.0156682076439623 -0.110943546777674 0.577807054552885
-0.0196851053301028 -0.00235685330117194 0.0229925801428672 0.0837880032759275
-0.0207723906111349 0.00164413955094925 0.167821247014556 -0.475125547143024
-0.0215537736076543 0.0149975856183128 -0.508871964825907 -0.706073791969168
0.00439987157964919 -0.00171119995040352 -0.853199517826603 0.128469269845179
0.00634361258205841 0.0138863502159517 -0.11112843799541 0.663199560490177
-0.0100361149926682 0.0237690028101595 0.37712654642485 0.303158874896488
-0.0023362068511947 0.00834134950192088 0.304577955765197 -0.0582756240427195
0.005677813248507 -0.000197379793716781 0.023876955735386 -0.20522608180546
-0.00368195035615129 0.0018761115116546 -0.02408607355183 0.138950314621299
-0.00733739530772507 0.0206596880555606 -0.213043796530449 0.0394671114436119
-0.0198910482498028 0.00148788705972109 -0.287086924072216 -0.251465047835875
-0.000865096419035552 -0.0152781927082383 0.119400771622559 -0.580038004899339
-0.00293276069727613 -0.0284879630662884 0.706276410202589 -0.175080255140467
0.00387479532447793 0.000943943472264803 0.52332516166724 0.577674422437163
-0.0158301745716171 0.0136768149817867 -0.120956798987994 0.577302018651615
-0.015684423475105 -0.00276560959525971 0.0227083676184085 0.0814447723766219
-0.0172183238464882 -0.00012759327455914 0.160317878054031 -0.478232741494542
-0.0201543821730503 0.0155173016264224 -0.522492044323603 -0.693959137176267
0.00535728925729884 0.000352995968169278 -0.846799992165963 0.143926584756373
0.00486058036523092 0.0170093012822202 -0.0952863105211995 0.664153454273996
-0.00963245696189044 0.0243744895867051 0.383436913420743 0.298794578976367
0.000584134101752336 0.0086655735305974 0.301512890772932 -0.0591092420782212
0.00376631488346268 0.00383270126198091 0.0211735484116129 -0.204821119888806
-0.00362634714630741 0.00370821434690935 -0.0267936738890639 0.139852959116834
-0.00356454309653651 0.0210182545724603 -0.213528717289985 0.0379770378811162
-0.0187088355301247 -8.12219984201645E-05 -0.282712838703074 -0.254593969938932
-0.00245143032044327 -0.0125631466804053 0.133375858157172 -0.576246621044336
-0.00232569364142796 -0.0254640619895713 0.712735386359555 -0.160437976132753
0.00671075200743966 0.00183053140586203 0.511751530161965 0.589907807670423
-0.0125516393441161 0.0133944331300968 -0.128541689178814 0.574692157711965
-0.0116028993365711 -0.00417492963510543 0.025489579729788 0.0790238982013793
-0.0132149689209336 -0.000554949030482635 0.154378282372697 -0.481388614751968
-0.0148751387270105 0.0164483669252745 -0.534199389418642 -0.682976050124762
0.00654764570920039 0.00313561291051084 -0.841275411883209 0.161295390073266
0.00422355909309657 0.0205019998568746 -0.0797893087773384 0.667865278574788
-0.00848771196718106 0.0222735102761164 0.387843278723872 0.296247640511248
0.00451912231187858 0.00965109756992563 0.298875160137825 -0.0600491189277046
0.00404977576428618 0.00520087628302863 0.0176815595210982 -0.202998851142939
0.0116680698235227 -0.00312266811861064 -0.0296608088468276 0.147479674330962
-0.00235122308463623 0.015170759131379 -0.211236758837242 0.0470309265498552
-0.0182673661571632 -0.00549543320907995 -0.317090544494392 -0.249454136043785
-0.00993524474393793 -0.0210077871018365 0.0650375263238225 -0.59002235043794
-0.0075521988290052 -0.0301060501024678 0.701609027367495 -0.216429601951086
0.00806038420650164 0.00698786674964195 0.581266384373973 0.546477804978946
-0.0196424883383541 0.0290815514860348 -0.076989199684335 0.581117151152856
-0.0282700165018214 0.0112434825773229 0.0395847656448238 0.08030252071652
-0.0223018486043079 0.0151193729654124 0.200279069679086 -0.483498690004335
-0.0149727081968005 0.021770275044957 -0.482924988411868 -0.732024520026106
0.000918523039580623 -0.00122947941694831 -0.872063196687722 0.109610407664785
-0.00289636133739341 0.0104602040092495 -0.146192549780104 0.675409932943864
-0.0064759437562104 0.0142908272249575 0.366463365836882 0.311610016575886
0.00748075028527492 0.00287340968095925 0.312389911558406 -0.0586408989020892
0.0208158755662513 -0.00467880216820624 0.0214496361637722 -0.199883597269471
0.00966866539795577 -0.0046535487650684 -0.0271319191965151 0.146961346585936
-0.00619928616007003 0.0161600419587991 -0.209671636594987 0.0470806082324038
-0.0195141584376381 -0.00313848721689695 -0.317657735616824 -0.247842549087333
-0.00713597027363875 -0.021342928829774 0.0574367617896764 -0.59227274193641
-0.00816903992579751 -0.0322433336793482 0.69565431590994 -0.228051361411619
0.00590579305484355 0.00666972608262701 0.585655026613647 0.540154081136893
-0.0222036976965356 0.0299409064224879 -0.0750851771569538 0.586373164289306
-0.0304865558413398 0.0131804304841987 0.0356566700936877 0.0844251208007122
-0.0253957337481835 0.0160204666883859 0.198175760513275 -0.480099198138053
-0.0175813727966436 0.0210905824147644 -0.47618836646099 -0.739668009806171
0.00301486876934043 -0.00371294505058738 -0.875165444957471 0.0969014311232283
0.000468432833834884 0.00942047031119724 -0.155327285084027 0.671654420075205
-0.00680546945020039 0.0166476630806553 0.364953640088162 0.315038442128199
0.00351995430198755 0.00340743036298205 0.314250898133614 -0.0577389983287741
0.0193040366542789 -0.00605854128599426 0.024712786415112 -0.203034649347924
0.00684349019198336 -0.00508128277554623 -0.0239264764436724 0.145056580674461
-0.00906377777357404 0.0186045842805783 -0.209341708596319 0.0461195992771236
-0.0197766837861262 -0.00090844432790241 -0.317480788682038 -0.245827172390691
-0.00560039307903759 -0.021841220294019 0.0555044587512609 -0.593687515608714
-0.00804767627763432 -0.0332551200716038 0.691967268311055 -0.23252549521158
0.00245942113323157 0.00488920822083589 0.581564946825654 0.536183211162746
-0.0243575462831579 0.0265524755988907 -0.0805837212330457 0.586947954870838
-0.0296358946567 0.00841618716464485 0.0304693601452945 0.0871904838138625
-0.0260303116647052 0.0114630722361194 0.197921126780705 -0.476459605782687
-0.020288948583467 0.0177260282961303 -0.476569591954893 -0.741012176951264
0.00334511005408019 -0.00486108665201913 -0.878281519216606 0.0908320059273144
0.00322005625813082 0.00891273974864105 -0.155875624461604 0.670720362859158
-0.007727389931047 0.0190707466165562 0.364275133785671 0.316967037958568
-0.000220828581022552 0.00429848184179869 0.31373977171103 -0.0576202549765691
0.0155794799638449 -0.00634463157003432 0.0269440070677167 -0.205114831222215
0.00404713860775475 -0.00422549842804295 -0.0228500100399509 0.143445789877775
-0.0107584869977164 0.019578786993026 -0.210557359444189 0.0454657922703364
-0.0207850457945815 0.000839856908250317 -0.313242592715806 -0.246635190983112
-0.00326509800046275 -0.021546036894804 0.0673616478174705 -0.595676893633543
-0.00814817858793241 -0.034092504388376 0.694808067806031 -0.225408264241572
0.000549763927607029 0.00293175374908891 0.57252555777112 0.544813262424018
-0.0238057350583333 0.0216941981262143 -0.0885167435951077 0.588330811922402
-0.0269534325117462 0.0033226368467733 0.0271511995497261 0.0876784088071699
-0.0258309174828523 0.00653747296067025 0.190021333750831 -0.477356895499764
-0.0229452890947166 0.0165073433974231 -0.487875678031875 -0.734883323051215
0.00426124167420648 -0.00604712487993671 -0.875989640005237 0.099471412087664
0.00447157927848343 0.0102967398883318 -0.145132631514311 0.672073726213708
-0.0085892283755945 0.0214208795439122 0.370086793000183 0.314506878645415
-0.00331508920093264 0.0053456832198343 0.314825593167095 -0.0584478266815547
0.0118070274873304 -0.00481031736936187 0.0266894086784964 -0.208023326239135
0.000792318397978031 -0.00279431144658281 -0.0230690410690361 0.142640020926072
-0.0112718157704939 0.020500703490004 -0.212071934606145 0.0434149034332302
-0.0203852264736467 0.00122841531232367 -0.30628178225753 -0.249148500594541
-0.00126187765784004 -0.0198861868002882 0.0826644055710295 -0.594014120774388
-0.00642363098789676 -0.0330288588050127 0.70204974352027 -0.211637139678668
0.000583070392685054 0.0020658091139624 0.560659089254813 0.557371291273254
-0.0226916255353088 0.0194213956586265 -0.100040336725109 0.587705828903427
-0.023217454307392 0.000309680248347829 0.0260805277573695 0.0863189028330129
-0.0241991813370031 0.00378312222770004 0.180350030300117 -0.480435397715395
-0.0229255668809004 0.0160904228036744 -0.5058781378292 -0.725136452992972
0.00352490875010066 -0.00401320390285483 -0.870446554272726 0.114633983413089
0.00564558464058596 0.012095558019569 -0.126420839436542 0.673436971134456
-0.0095032213909874 0.0239229479362699 0.378151766880581 0.310528629453708
-0.00361508052700599 0.00681063837397278 0.311792375727787 -0.0611533537284612
0.0086123303828805 -0.00272044101262255 0.0261966483135348 -0.208484394108921
-0.0022875149349339 -0.000816592347204777 -0.0236002183362178 0.141312439240319
-0.00945780276410663 0.0209044226023053 -0.213634374434677 0.0422417882194631
-0.0202627755070883 0.0016937805030298 -0.299366633080147 -0.251994298199237
-0.000420613622830435 -0.0181537597981966 0.0994974827916646 -0.592227487881363
-0.00512715978336126 -0.0305269041257356 0.708563608798133 -0.197638375282946
0.0012455517914029 0.00158915264100952 0.546570304837956 0.571683952300462
-0.02032242029144 0.0166210902675512 -0.109997570000067 0.587702512059964
-0.0199945821427594 -0.00179781747972034 0.0241985641001494 0.0855723610772245
-0.020897128106649 0.0019051166840354 0.169868827738357 -0.482633173030882
-0.022048202790864 0.0155236778643723 -0.520728671848496 -0.71404347543294
0.00458027445385302 -0.00267976284904707 -0.867681855657749 0.133118554508767
0.00601142460516835 0.0143226117648871 -0.110570431832381 0.675050339679992
-0.00956083498277737 0.0239648692663421 0.385099768815232 0.307026213448471
-0.00268690071088554 0.00805537844611859 0.310146005312042 -0.0620291049877743
0.00581518705855503 0.000178791913351664 0.0247749966156367 -0.210012053973782
-0.00425027393103435 0.00171532548287171 -0.0249353014409305 0.14189175152648
-0.00720389207252044 0.0213480999224548 -0.215130574853708 0.0418187660489818
-0.0194580490433041 0.00174734247917046 -0.293623798092432 -0.256369951236248
-0.000903090922687877 -0.0157318152713603 0.117946697606748 -0.590143893469804
-0.00339686584109134 -0.0284324595085094 0.71685661677862 -0.179953427252091
0.00404601733745181 0.00205340636738187 0.534978660148385 0.582965204179959
-0.0166448391477609 0.0133893280422752 -0.120509799326187 0.586192844797952
-0.0152916463599414 -0.00319596688911881 0.024201018406309 0.0825687406699103
-0.0175633186495842 3.48880451890785E-05 0.162194676496802 -0.484527786067463
-0.019168032221317 0.0158588336432322 -0.532959379524139 -0.701101701569848
0.00481711152810776 0.00109937776002035 -0.860245449342024 0.151324863697897
0.00558848122511432 0.0170142308290427 -0.0933497947533274 0.676864598400327
-0.0102464649627998 0.0246739040722823 0.389673002251989 0.303499534776164
0.000196996841169117 0.00975000979923912 0.306417357248395 -0.063907566394767
0.0042509721420439 0.00308583587234979 0.0215273276954671 -0.208103884569007
-0.00371681039706035 0.00413660169724826 -0.0283546054492542 0.142796130775814
-0.00344851689269002 0.0212026454875446 -0.217061456249277 0.0403019853319487
-0.0195733383987333 4.82288659720224E-05 -0.288120273010026 -0.257645448837877
-0.00256153485213574 -0.0131209210522417 0.133758201932672 -0.587217937620798
-0.00231935786769067 -0.0249098701713042 0.723457457361989 -0.164798290186957
0.00716285006680134 0.00200011625279961 0.522968314531935 0.595582512449356
-0.0119546518997676 0.0131057187797903 -0.128220396838458 0.583978912602352
-0.0121735434030729 -0.0048085820434171 0.025336183079547 0.0800254196623092
-0.0129455036943906 -7.96568110714374E-05 0.156119661836388 -0.489018012577828
-0.015310496982773 0.016697599263678 -0.545933289637126 -0.690559326404982
0.00475704131670466 0.00363103280310071 -0.85577688784106 0.168886031684447
0.00394364913725359 0.0200895028325395 -0.0774088138177956 0.678999407171017
-0.00800252297507924 0.0232643070483589 0.395658533408517 0.299388610567536
0.00415584350671079 0.00860759160918462 0.304578219443672 -0.06335958304128
0.00357055179290676 0.00529189017753961 0.0171541294860263 -0.207592741304851
0.0102693160966985 -0.00682245568638027 -0.0134805991886564 0.155737597743544
-7.57600972184106E-05 0.013675494437945 -0.207879130536555 0.073835262573078
-0.0145425853116632 -0.00362783132506329 -0.354048321508622 -0.215746209106039
-0.00570051905846136 -0.0162414372999016 -0.0178001239151977 -0.60291256699319
-0.00948036310207186 -0.0199710876442809 0.681107346701374 -0.309166874051176
0.0035101311229558 0.00580303195422282 0.656546425915387 0.483755683626206
-0.0180021634306529 0.0304659888294221 -0.00141406375895229 0.604328333204299
-0.0265876179595697 0.0149911412903759 0.0490770354489372 0.0750701283543277
-0.0157007838964745 0.0192290758305549 0.146962071030259 -0.510887707364043
-0.00575077096274325 0.022153104777648 -0.574914016644318 -0.681777020184898
0.00420631511688078 -0.00984183112053722 -0.872611059648039 0.20929236521812
-0.00123693337556546 0.00681476017345628 -0.0715233304269875 0.703527057408297
-0.00556984145034513 0.0161658746957389 0.408436836578639 0.274393250139574
0.00616630593352963 0.00254236424030187 0.308278351554586 -0.0961408720356238
0.0192592088489442 -0.00689039341522799 -0.000295948704963189 -0.206421865309004
0.0083255918053758 -0.00706606568497278 -0.00987255104970926 0.154496264646691
-0.00393378966745951 0.0149644951737812 -0.206702117141203 0.0745004049234134
-0.0154317031113743 -0.00134167774455672 -0.355003065344952 -0.211962344693595
-0.00384360066806989 -0.0176919894269934 -0.0256556942402357 -0.602745165624233
-0.00996618891502186 -0.0219516118184677 0.6726808083501 -0.319598291110983
0.000856873334776949 0.00545578590474386 0.658021131637144 0.474266028685504
-0.0201171358603231 0.0306296509197888 0.000424740752194394 0.607782848408841
-0.0305576412442232 0.0157946764874936 0.0455638938687176 0.0801601504438264
-0.0194175180892266 0.0203251510776751 0.147623396723422 -0.508809720193939
-0.00830926077744907 0.0212116748147503 -0.566378326039387 -0.690265634316768
0.00642746541616641 -0.0129234353639913 -0.877129883448202 0.196708664893163
0.0024357910554275 0.00431746494534917 -0.0791172661154301 0.702440281868281
-0.00603410145028223 0.0181871131356672 0.407640694964975 0.276766704482261
0.00194491160498252 0.00314855473799095 0.310544479722542 -0.0954371869414923
0.0168342734200094 -0.00762682508345213 0.00403903292679878 -0.209200921685566
0.00455846812091102 -0.00751718023994229 -0.00709301831961784 0.152506915019727
-0.00680661803636912 0.0168378757329713 -0.207034779743738 0.0727977529034792
-0.0164136939636992 0.00204402660266458 -0.351667552437934 -0.210590337123088
-0.00249685155641513 -0.0183020861807068 -0.0264269769188108 -0.604212089897735
-0.0104471856350219 -0.023244009243248 0.670793427475684 -0.325060976656181
-0.00244606336079484 0.00467082635428791 0.65601614640379 0.472211366563471
-0.0224695192924159 0.0277476730754283 -0.00283508620641342 0.610644195251699
-0.0292857299347431 0.0112243103019842 0.0407592977731206 0.0843518995343897
-0.0203379160177393 0.0150055138776335 0.144775991502198 -0.505193655856142
-0.0120696255624755 0.0192729278988677 -0.566984521591625 -0.692172294079816
0.00689244317162626 -0.0140754675885253 -0.881030813955563 0.189005721322747
0.00516599387656845 0.0038697268344143 -0.0811112734588431 0.699758531205632
-0.00736589325614573 0.0207862124320505 0.408071507246299 0.278690001807677
-0.00224904753726693 0.00454656947088547 0.311722401162483 -0.0953581248416942
0.0137482534108739 -0.00676305889139346 0.00571020494369498 -0.211523896464673
0.00146161555127558 -0.00624298722567293 -0.00620030125489731 0.150689656317613
-0.00849937533749235 0.0179018818571633 -0.208373135143185 0.0719711674114461
-0.0168621453613005 0.00296992717244921 -0.349113130920795 -0.212849422711506
-0.00031421284404943 -0.0167954723669402 -0.0153988745009343 -0.605893065470676
-0.00992278871078339 -0.0233098497522006 0.673288437648534 -0.317429450111978
-0.0051314734068571 0.00270396037165455 0.647667240555542 0.482590181458645
-0.0224118963860692 0.0223353434179972 -0.0127709656471138 0.613981612012661
-0.026840401721466 0.00693913365662599 0.0379747802086744 0.084604106279599
-0.0212067178525255 0.0115491822868958 0.137551699807446 -0.504062744680302
-0.0139915428066063 0.0176385186447982 -0.577870029941582 -0.686202490398599
0.00578162285039801 -0.0148739663510153 -0.878344576667835 0.199724515775067
0.0074631515679921 0.0041208336832185 -0.0688441070025445 0.700152405289091
-0.0075160074875319 0.0223755676254143 0.413366651045308 0.275905695361963
-0.00459352850938003 0.00596943761338538 0.309695235095628 -0.0958493654210248
0.010689162271054 -0.00496172556705484 0.00503897617317503 -0.213632233678237
-0.0011615006864585 -0.00448772728844522 -0.00626874235468061 0.149295487015951
-0.00900907849062211 0.0195073766484226 -0.210459902377625 0.070477955191077
-0.0161300713833926 0.00451940609968281 -0.343304537572695 -0.218249801703322
0.00201884593346182 -0.0165734894295714 0.000688682379837017 -0.60870355153223
-0.00913470087970828 -0.0226387957947801 0.681558357068356 -0.305453719028555
-0.00585066890623644 0.00143626052486892 0.63566385127443 0.496044730626676
-0.0220760138295081 0.0194029000007452 -0.0227730370058746 0.614288057049918
-0.0234146853027798 0.00319172711803395 0.0357970129467164 0.0849007933784294
-0.0197521005154296 0.00804115805884098 0.12743329461608 -0.505649886077455
-0.0148129363028543 0.0165590130538789 -0.59287638149937 -0.671829987397589
0.00669296050926693 -0.0134934158659492 -0.870280101826856 0.215574719443988
0.0083459116409331 0.00656379822788088 -0.0506896914851942 0.700256199905221
-0.00870156385660882 0.0238851353242664 0.420512690705008 0.270738077202778
-0.00515591892015959 0.00686294248464578 0.30899481056068 -0.0987796799037172
0.00729979122016563 -0.00282437903797904 0.00429753725682524 -0.215464409826154
-0.00341601972397464 -0.00172259319994792 -0.00687251537170338 0.148236313038448
-0.00694159103085377 0.0199766953386227 -0.211862526691171 0.0689008448796079
-0.0159716538736202 0.00414737903329015 -0.336584458811002 -0.220870109071932
0.00315357757053478 -0.0145439729638406 0.0184324082059438 -0.608864340714917
-0.00794608553602576 -0.0211994666188888 0.690786508344359 -0.290289670685595
-0.00440522943384801 0.000717291368481704 0.623749099542019 0.512163430678754
-0.0192641588374339 0.0161851737691803 -0.0345283048750942 0.614744437615123
-0.0198771809173096 -0.000454811652997925 0.033719325736418 0.083242296819647
-0.0168864278136829 0.00483289901609264 0.118548107984899 -0.507835664355089
-0.0136469685071972 0.0152581827654976 -0.606168038052804 -0.658623456263382
0.00654784471317684 -0.0115235724781711 -0.864289001245435 0.234327819050351
0.00830501909943329 0.00885131150525423 -0.0346967092081297 0.69848304534532
-0.00784809419017601 0.0260686492961488 0.426716460037538 0.265685652895025
-0.00436473980713241 0.00922044919098213 0.305738161933452 -0.0996822375707934
0.00459360684872538 -0.000158272923272635 0.00279552988863139 -0.215155075689101
-0.00567664340774313 0.000964013109886625 -0.00774328849345356 0.148786883284555
-0.00407528063564233 0.0201594677086549 -0.21436469045503 0.0683092239340488
-0.0160208314623645 0.00424897912601306 -0.330856376771705 -0.224686610253516
0.00269775728626244 -0.0114833990136857 0.0353654948157379 -0.610236688256633
-0.0059432633117639 -0.0188210740665497 0.700517831793756 -0.275030997577374
-0.00217258144146884 0.000506395798202497 0.612758688031959 0.525795969483686
-0.0159170578207072 0.0145208072420092 -0.0462065475003316 0.614689464666899
-0.0171831239211356 -0.00182878397850767 0.0346762257567628 0.0808865303990736
-0.0143542578872509 0.00333038390049783 0.108116377097306 -0.508554595636617
-0.0109216513967192 0.0169160134292437 -0.620817071738395 -0.64673602913447
0.00771211442878405 -0.0084852863930442 -0.856297175994854 0.250230122575798
0.00818878810033235 0.0119651271545459 -0.0150173701841292 0.697340459231368
-0.00720898485166457 0.0257721487958807 0.432548910212103 0.261371448020475
-0.000566624388886369 0.00919223514473037 0.302560204856574 -0.100216063734127
0.00355857658941016 0.00386242018683071 -0.000895999224273882 -0.213845218277809
-0.00518352787933983 0.00382688918430255 -0.010416409029887 0.149257541627146
-0.000652311961470771 0.0195646849416054 -0.214879324284218 0.0675853402820175
-0.0156006068387233 0.00294313847393386 -0.325582733777252 -0.227331744014916
0.000923695269941744 -0.00883204491570376 0.0525684387499275 -0.609137201852529
-0.00469514107549203 -0.0153033757978562 0.709557123260931 -0.260838812585702
0.00125276776369422 0.00113840160814995 0.602238523771537 0.539345396782246
-0.0116374084926112 0.0135361247658639 -0.0536432733954903 0.613608247135938
-0.0122744057493948 -0.00306050457950017 0.0359873082041922 0.0773659060969774
-0.00910840282681429 0.00222585510206779 0.103089788426625 -0.512314788667101
-0.007065314470518 0.0155335462170967 -0.633631502586229 -0.632959222579846
0.00832615635112725 -0.00609238054994469 -0.849850825702651 0.266770267853316
0.00681899797258125 0.0149865008233861 -0.00198027367269082 0.697094609811525
-0.00623128438250196 0.0249950942971805 0.435630353745193 0.257875158218176
0.00294798380232991 0.0089045824155341 0.301402851992143 -0.100957998186904
0.0037365640216985 0.00589202970891397 -0.00474496274227337 -0.212441677603213
0.0093939466808314 -0.00647925377476766 -0.0121578570783314 0.158665309246179
0.00073801586725138 0.0128977657698078 -0.210180878905122 0.0771999618290534
-0.0153885984492865 -0.00295046155426775 -0.362310505766082 -0.215176831835672
-0.00564430849067025 -0.0168295442422624 -0.025578755582604 -0.610504056697094
-0.0102219842235654 -0.0203089439289766 0.687909254116209 -0.320544418856251
0.00360108477670125 0.00624991477187407 0.669853622461709 0.481819932267772
-0.0174173897228078 0.0311221474738562 0.00487518517493566 0.613143982748352
-0.0282021498154562 0.0147079978905913 0.0513376328613105 0.0757225150407323
-0.0158873207844433 0.0201112141744071 0.145814928080224 -0.520505647660846
-0.00484056613182454 0.0227156838386114 -0.587975238146613 -0.685328342714051
0.00493932113055847 -0.0106642073391219 -0.883149020582238 0.224626821841879
-0.000165048710864604 0.00665076979814675 -0.0642661556526894 0.712638635998538
-0.00614081085281364 0.0170208659820941 0.416423175281926 0.274872397627816
0.00540406727496192 0.00198801920901473 0.311731574204352 -0.101458055566872
0.0204975942399137 -0.0072046551110613 -0.00192378271123825 -0.210398971860258
0.00701665432914446 -0.0084939072041872 -0.00828108851470528 0.157385990681025
-0.00318822744184506 0.0147597970223837 -0.208691941480998 0.0777492532084371
-0.0164335968209692 -0.000695081569665078 -0.362970599049249 -0.211563659566373
-0.00446767859897824 -0.0184889058385165 -0.0328176688531027 -0.611419929549331
-0.0108675247179085 -0.0219258243626761 0.679530391533919 -0.330505965530959
0.000954949343063829 0.00601655431414883 0.673966711180453 0.475454208823331
-0.0200726982935104 0.0315651439856493 0.00728737789051283 0.617064200692734
-0.0298627663967781 0.0164112094702642 0.0470008476519418 0.0805412799132518
-0.0192400466132361 0.019845622590523 0.145492986532065 -0.515771637530168
-0.00721361593482078 0.0227508370174449 -0.581972957952447 -0.692621242668302
0.00480359418891789 -0.0127266562404545 -0.888501510856832 0.209564177581834
0.00190095110509107 0.00326475794137174 -0.0732595935494269 0.713567100244735
-0.00551559882508071 0.0193302462741215 0.417603381361697 0.275532697572847
0.00167835247708164 0.00322084336929434 0.314186239575554 -0.10115572707338
0.0173698420327297 -0.00763444115394089 0.00103593672513215 -0.213004069854454
0.00456209508012122 -0.0071890858926781 -0.00610247031104883 0.155402038425166
-0.00639467963822543 0.0160287115801394 -0.209515876663731 0.0768967240617751
-0.0165871504512517 0.0012803202449991 -0.362363712624388 -0.210575287677787
-0.00281602752313672 -0.0184532291512758 -0.0348959174222986 -0.613462379530228
-0.0111946200768759 -0.0240724597769088 0.674391795641943 -0.336854162692155
-0.00325413113750962 0.00536267924624511 0.670571179270802 0.47231394096354
-0.0226007089894978 0.0277697515360997 0.00438718510561265 0.618576615916233
-0.0303027194832372 0.0121269928049139 0.0427884370537226 0.0845479192826178
-0.0209410996961227 0.0156335383548194 0.142928275745686 -0.512529027807106
-0.012451953700427 0.0199033204399522 -0.584512597107106 -0.693689796670382
0.00614694414244395 -0.0145129327083714 -0.892399991603903 0.204210344780712
0.00550851682859304 0.00292639544809817 -0.0737308523782302 0.711466911720265
-0.00610248624386216 0.0209694326651162 0.417346188912432 0.277771273744952
-0.00242066359597097 0.00508671977606159 0.315460882989363 -0.100671667575488
0.0139666670911502 -0.00766846198529404 0.00377035391712723 -0.215655531934547
0.00114940789272769 -0.00679079953678361 -0.00482208279945625 0.15365552409532
-0.00893036012905128 0.0197080270232906 -0.209536739901821 0.0752151577646251
-0.0172092848049798 0.00327139225769422 -0.356814546907143 -0.213370427249804
-0.00149782101744312 -0.0186955015688213 -0.0221424751779481 -0.615324146694749
-0.0108297259255341 -0.0234341507333793 0.680618666882692 -0.331194065789582
-0.00537720194882785 0.00276771731314069 0.661922510472482 0.484703667704848
-0.0221875530604921 0.0234825063710116 -0.00484203889188797 0.621108533115512
-0.0272281767614134 0.00614660531999292 0.0402703225830993 0.0856123953581291
-0.0211046990367778 0.0109328818858089 0.135242115421081 -0.512598252216409
-0.0137957945079135 0.0176508086136888 -0.595941304398132 -0.688235081120717
0.00602139183258735 -0.0142109915945726 -0.888863674992918 0.212938891744386
0.00834455391292198 0.00397820141992024 -0.06293620240436 0.710953877054264
-0.00731467033955323 0.0234138576957356 0.423369737659503 0.275619754437015
-0.00502766263855018 0.00539174274714567 0.313038687212277 -0.101724199001272
0.0111265879138952 -0.0049800913721031 0.00335219353627466 -0.217490085721144
-0.00238662856705023 -0.00437951214002294 -0.00527148079371581 0.152240840655928
-0.00800822321591146 0.0198446223515175 -0.212975206447585 0.0744976107912892
-0.0175202252056049 0.00365074317826827 -0.350981453079597 -0.218160878696292
0.00186272581181443 -0.0171630221883826 -0.00809917633229292 -0.616800667034367
-0.0103643818445517 -0.0224178005417663 0.688382813709318 -0.31652696472885
-0.00603378501244343 0.00148017198984958 0.648691273611434 0.496362775191048
-0.0206802324776044 0.0201434407161745 -0.017511989222091 0.623132161339633
-0.023509175836367 0.00330984611605264 0.0373928410587963 0.0850971003081041
-0.0192447251044977 0.00773008743078605 0.124549292370285 -0.512473146407552
-0.01447852431148 0.0178101779729483 -0.60992677668177 -0.674951631100598
0.00649245631311816 -0.0130475890926291 -0.880995310880716 0.230749870924554
0.00878036054937464 0.00498956467765339 -0.0453792141585781 0.710202449258127
-0.00838310015378374 0.0252636892923286 0.431210655623755 0.270750870688102
-0.00517770130506651 0.0080341160707182 0.311141267668293 -0.10554835639627
0.00773745472157498 -0.00238414897016683 0.00335157843274375 -0.219323261312544
-0.0042619662936328 -0.00213521637861327 -0.00507453588796075 0.151108459520338
-0.00698606634734231 0.0190725060628433 -0.214389755743424 0.0742263036874144
-0.0167320286544595 0.00550199141365487 -0.344225565083179 -0.220729142841357
0.00295416369773168 -0.0150107228411045 0.0107671967402305 -0.619276454064013
-0.00754667042413899 -0.0211558437867348 0.698398520089617 -0.303115028376554
-0.0041659234162449 0.00042717606912651 0.636047623934374 0.513193714878772
-0.0194003532544223 0.0169066863220126 -0.0286951757615599 0.624504958809464
-0.0207878913620658 -0.000588913003373276 0.0356160842687301 0.0839815622896034
-0.0171971061436778 0.00512735252848826 0.11484580078342 -0.515771076289181
-0.0133268557897662 0.0168355883912411 -0.624786138893535 -0.660385076659762
0.00611088857785128 -0.0114950237229516 -0.876141089761124 0.247930056262281
0.00821069253054465 0.00876519085282561 -0.0246471799903964 0.709487733165479
-0.00744276783981067 0.0262369619947933 0.436230149748077 0.263877279699342
-0.00402202580086482 0.00898951675287749 0.310431258513229 -0.106058051211395
0.00487851084755767 -0.000101441553487795 0.00101042959368471 -0.219773522154386
-0.00521686209034969 0.000892745456678764 -0.00652766738164897 0.151783470795685
-0.00390843072605499 0.0203011266464621 -0.21617812583412 0.0714426369150677
-0.0164889561570613 0.00366838619953905 -0.339019077234713 -0.224370154400236
0.0032755331063234 -0.0125583684136641 0.0274162655617455 -0.619439708699084
-0.00648684254265011 -0.0186352757250363 0.70943008806811 -0.28435374556012
-0.00130479973133299 0.000872770066700914 0.625508138822165 0.528096841272722
-0.0160839774531696 0.0148413016415265 -0.0408440797509128 0.623172050318421
-0.0172612261121349 -0.00312551812258593 0.0353869577681665 0.0808209463300904
-0.0131811948595734 0.00314990648321693 0.105621417125068 -0.516172670171687
-0.0102024505410935 0.0163657062185521 -0.637776942063442 -0.647709663995938
0.00737405065854994 -0.00901685053691984 -0.865828072296698 0.262681752389588
0.00821255976976709 0.0116166956262953 -0.00770022318436949 0.707910879423023
-0.00714193302247484 0.0258765961362557 0.442437656478768 0.257599388427393
-0.00111825663664318 0.00866680577377659 0.305474425411729 -0.105976826075201
0.00320499975292836 0.00323650667545743 -0.00269577792962948 -0.217287023627846
-0.00517492403992212 0.00299081197021068 -0.00991208798332293 0.152642003868368
-0.000227643823731064 0.0197186759917315 -0.219152669387498 0.0713435324816946
-0.0163739082548913 0.00332397257190579 -0.332886083962633 -0.228202103349664
0.00133303270661625 -0.0102553622781515 0.0457542262797321 -0.616555377670599
-0.00562839263035106 -0.0158481005336697 0.716945954768413 -0.272191116787351
0.000344983219939471 0.00151909022237734 0.617078799032553 0.54116631427857
-0.0118298136087724 0.0131482365515881 -0.0487424156204761 0.62314358063225
-0.0126759399910709 -0.00402981180253481 0.0369299040895246 0.0783632360978355
-0.00906364005105322 0.00267387059262594 0.0997769385208958 -0.520252980365589
-0.00683966993601807 0.0164923868198378 -0.649253701690074 -0.634044962637283
0.00806784070673247 -0.00570348824469498 -0.861696545144365 0.282306878432779
0.00693878321824259 0.0158414285248961 0.00672517151114685 0.70748005355823
-0.00680173036541405 0.0249793774641237 0.446565620539484 0.255396082939193
0.00279906925690856 0.00797738925325631 0.303920205788146 -0.107138451057241
0.00325017268085522 0.00690850976349272 -0.0058213972226444 -0.215323210880342
0.00944606908471851 -0.00691331213248585 -0.0108038892939512 0.162703538052927
0.00116555548098845 0.0136047240824815 -0.211891803225721 0.08179401873129
-0.0155003655017028 -0.0031980104702486 -0.371309805727697 -0.212866318382215
-0.00692870174344604 -0.0179040162507449 -0.0358541865560508 -0.619261632047157
-0.0105427914286344 -0.0199868698177903 0.694130998202932 -0.334289210856628
0.00351207085986301 0.00597921136850932 0.685948776701735 0.477206380728147
-0.0167607134215544 0.0308669024741265 0.0127662625875691 0.61980039191716
-0.0270159094984409 0.0159638072521623 0.0521627059829427 0.0766114140641965
-0.0147010828603282 0.0197598581533431 0.139842298927814 -0.528695370713477
-0.0044819298615528 0.0235169351788683 -0.605156930567587 -0.685233133668648
0.00334932150291343 -0.0100640552598931 -0.892443736049248 0.238534201572579
0.000100682847941236 0.00627097934250947 -0.0518006848481851 0.725847402614821
-0.00532245350627816 0.0169453552541306 0.426377961625435 0.271338534556109
0.00540100031255623 0.00217700292023899 0.316694040850342 -0.108447522795223
0.0197341335453313 -0.00771408010730554 -0.00357897652472446 -0.212733157789136
0.00786321248163757 -0.00829961345320617 -0.00749165379360215 0.160142632469773
-0.00340898409470577 0.0149811245925118 -0.210648079884207 0.081881099918631
-0.0164921717474222 -0.000882785046756098 -0.37230409208805 -0.210345880816618
-0.0054965500096234 -0.0185852507360833 -0.0443384208098478 -0.618564132934525
-0.0111672758981478 -0.0219249072747026 0.684670043018028 -0.345120108769426
0.000378610493494982 0.00686506240018381 0.687826379250229 0.47104915105488
-0.0195130946692653 0.0321063394324823 0.0159424782507227 0.621789900893731
-0.031010849254648 0.0162405425334747 0.0487866258667285 0.0816587742218262
-0.0190387301240065 0.0199555258160316 0.140610505357877 -0.526143774813246
-0.00753131100856005 0.0233528595016982 -0.600073086050481 -0.691715893821335
0.00563768459516367 -0.0130923870313045 -0.897493364046522 0.228357236639278
0.00214181937380212 0.00353525945953522 -0.0626837814947608 0.725473018803389
-0.0050126852448626 0.0189876419181128 0.426918202699376 0.272096077153229
0.000774595368032142 0.00304444115041592 0.3180022673125 -0.107546094532143
0.0169555620304072 -0.00855130387371508 -0.000944945951635356 -0.216895888306658
0.0048063090610342 -0.00734132656822865 -0.00384014367902438 0.158336318778276
-0.00569563159528259 0.0159741852377141 -0.211059731565374 0.0815898502223253
-0.0173751226557838 0.00155714590857623 -0.370557787144508 -0.208151144124107
-0.00287523707560124 -0.0200161346482848 -0.045435103297998 -0.620584837652611
-0.0125732570008928 -0.0228662182979313 0.680616538722594 -0.351366066557609
-0.00384302827362347 0.0042964537665244 0.686102667028812 0.468593463263871
-0.0216429961233509 0.0280548321749618 0.0132371585821672 0.626096407412577
-0.0288495474352178 0.0122366979818396 0.0449787488996324 0.085724147024566
-0.02021578510197 0.0163979864552241 0.13883578862952 -0.520770913136205
-0.0114999778925125 0.0209761624368502 -0.602031889542324 -0.695927257386256
0.005347382673314 -0.0154426316845937 -0.901591157706728 0.218843103587133
0.00568211774345784 0.00310223266001763 -0.0643390310618235 0.723158565434227
-0.00686481094317883 0.0218411977961784 0.42757600982606 0.274374723775059
-0.00201062203174231 0.00482839614842434 0.317587059781494 -0.107281295943528
0.0144372080676662 -0.00766763667086348 5.14906884652667E-06 -0.219654454741518
0.000743167615961236 -0.00603502784641151 -0.00303990304679455 0.156418154319103
-0.0081989011082081 0.0181268051055289 -0.21206241332342 0.0800391419928505
-0.0170943134912153 0.005081977932317 -0.365607129502815 -0.212378879381726
-0.000639874014724571 -0.0198444957066272 -0.0328913350269641 -0.622375806557323
-0.0119916988497916 -0.023342030526369 0.684183722375107 -0.345308417634034
-0.00503268354547312 0.00267254482050789 0.677063321296159 0.480006533149858
-0.0222895580707364 0.0238418633768414 0.00317430478859956 0.628806741217765
-0.0269482311050046 0.00714571588223252 0.0416892741298603 0.0855817364231994
-0.0205697426940509 0.0118603992689716 0.130827516839157 -0.520972374528214
-0.0132549303075159 0.0186173530084055 -0.612772681157468 -0.689432882159874
0.00567828680253534 -0.0150081575935985 -0.899298317632307 0.228645693647172
0.00739356580429251 0.00342637450804036 -0.0525418213686256 0.72016599027881
-0.00624530437529788 0.0237626650384043 0.434012431819417 0.271965736831365
-0.00583985575866743 0.00679960401489434 0.31720620840905 -0.109107680908983
0.0102470391607004 -0.0059685782095734 0.000313414194014508 -0.221791462417888
-0.00317794925478369 -0.00435433987406804 -0.00308233459883296 0.155253359896562
-0.00776687852187751 0.0194235503607329 -0.21441788549965 0.0792931806319915
-0.0162941880741243 0.00532422579054482 -0.359974798071722 -0.216145619743346
0.00114470073515752 -0.0183393244225139 -0.0167194158443664 -0.626364628062538
-0.0109570410522112 -0.0222702281010021 0.693375160887817 -0.329504004734157
-0.00691221307482487 0.00187383885841126 0.665468009225511 0.492457862169212
-0.0211412080121458 0.0199448230226595 -0.0093018774823028 0.631101826169429
-0.0231536758794622 0.00447146141112218 0.0385704978062223 0.0858999208877471
-0.0198883731654486 0.00772488591149388 0.11892434553935 -0.520751878817413
-0.0144237582595162 0.0183849561469709 -0.62560066211534 -0.674932430821391
0.00605610312040912 -0.014247672755603 -0.890490080365979 0.246178985124199
0.00878826205623897 0.00573662677686217 -0.0334444869933158 0.71990892471369
-0.00747483575186928 0.0260351594066656 0.439855698769688 0.268244077167986
-0.00568406839738836 0.00750116998374458 0.314612539987023 -0.111220466178653
0.00677646297702249 -0.00292466563463301 -0.000683858643131011 -0.223720025800812
-0.00407718787769167 -0.00250426849976486 -0.00309513240670545 0.154772263372371
-0.00613214205038527 0.0201060628881537 -0.215693221215066 0.0774226583801693
-0.0165742061913256 0.00531408103670312 -0.353397023318391 -0.219545386998045
0.00225149721491856 -0.0155244749436489 -0.000576462357377524 -0.628264173799841
-0.00863139805648339 -0.0214764300266927 0.702583419292349 -0.316066131294078
-0.00532181053805326 0.000905599813512931 0.652865939338067 0.510637468428095
-0.0186052273747413 0.0166682142382725 -0.019516292718854 0.631686150385994
-0.0201703515295871 -0.000207142244415147 0.0379216682444317 0.0844580189995659
-0.0168405162627559 0.00534977404865518 0.111522016429401 -0.522977944765039
-0.0133120712358676 0.0174828875074959 -0.642235996884272 -0.660273059443199
0.00608629709110352 -0.0120409720646822 -0.883402475398358 0.263373679921056
0.00886704734478094 0.00847924756822415 -0.0136094525146737 0.719085114371594
-0.00669849396221837 0.0278239484960474 0.445959230810852 0.261598249322548
-0.00470316854860832 0.0096658202070494 0.312938202230029 -0.11175396669319
0.00505976922525443 0.000513999517915699 -0.00273426362112148 -0.223146222816279
-0.00618955405395656 0.000678466491777244 -0.00614722866498111 0.154013811270349
-0.0032385555530391 0.0206197362878227 -0.217967548270606 0.0768008171527805
-0.0158000739169384 0.00465869229154476 -0.347174153657749 -0.222712265708904
0.00225625528577807 -0.0138747433178793 0.0186624083605564 -0.627367183653662
-0.00648702505768456 -0.0188229544231226 0.714054071115206 -0.300652876295873
-0.0032192106576911 0.000728376332546242 0.640446482162403 0.524866231902521
-0.0147909553689295 0.015163136770623 -0.0316736900093428 0.634616027064981
-0.0164004237901881 -0.00170420446721281 0.0385941323211268 0.0814300593322731
-0.012780676532023 0.00275258034731405 0.101004856565233 -0.524186582346475
-0.010937844238283 0.0172081206651333 -0.655133014070908 -0.647141654580874
0.00673806495016399 -0.00925616018536982 -0.875185061303124 0.281969892349364
0.00909132277672561 0.011212878731014 0.00334029957021311 0.716673279985119
-0.00647794558498568 0.0274369217572349 0.45385802403171 0.256218226013589
-0.000958709624704164 0.00930884196926307 0.309819699048035 -0.113179609433875
0.00431367618218221 0.00351214070451686 -0.00574613324329976 -0.221839113783083
-0.00524107053154441 0.00326784258286675 -0.00919516306280389 0.156112869383722
0.000717136475165194 0.0194816438497491 -0.220272702964382 0.0757078925386082
-0.0167491430453088 0.00319746052891938 -0.342231477384475 -0.227138166151572
0.000817884900661064 -0.0105491154198357 0.0360098463830687 -0.627998983360504
-0.00600898576863741 -0.0155791790947647 0.724281906700716 -0.284625537742499
0.000436683225547583 0.000750721462040388 0.631427485975093 0.540611978100756
-0.0113400655914679 0.0129645150761623 -0.039956213097204 0.63039348742339
-0.0126178993084287 -0.00299599722221915 0.0392655296341181 0.078837437853769
-0.00895376085144261 0.00186672074860004 0.0951954806815777 -0.527344138062399
-0.00621164681483318 0.0170148146187901 -0.665609373522183 -0.632421009864608
0.0078140712130188 -0.00514439229029253 -0.867806753237774 0.298421311001259
0.00779453625910931 0.0151606280784046 0.0182688066029829 0.717794379635593
-0.00590040059777207 0.0263742008299616 0.455780940101112 0.251753200178737
0.00375229559053522 0.00978443987751819 0.307682992187587 -0.114065761936306
0.00423651949630751 0.00549659165534123 -0.0091003529834431 -0.220041958546599
0.00900566796754851 -0.00754115766162583 -0.00881686735061198 0.165840264458007
0.00152093777381111 0.0124093855554815 -0.212428964508095 0.08620462019286
-0.0157625502741025 -0.00309478883457025 -0.379474033863624 -0.208878204792865
-0.00710433842852857 -0.018294944304406 -0.048747665477898 -0.624574263483663
-0.011467353890851 -0.0199908555216101 0.693453770781452 -0.35061334888291
0.00296356723694764 0.00667096337176393 0.702191730192312 0.47323834431693
-0.0164360893989665 0.0305899083125139 0.0251558469729871 0.624563408295239
-0.0267942650112427 0.0169725503696712 0.0545030355085987 0.0757881387448283
-0.0142356802558547 0.0205879109062311 0.133032843627343 -0.536728632513051
-0.00439159534728534 0.0232386214793852 -0.624332540471528 -0.681069738159691
0.00362661228592379 -0.00965963659127691 -0.897931060287141 0.2585311020093
-0.000548967325926139 0.00570291770662532 -0.0430762215757802 0.734023907683974
-0.00474295325695769 0.0173779716474715 0.437686199646197 0.266037538134974
0.00483516378609515 0.00232182308047739 0.31729436446133 -0.116295300823326
0.0197750634662248 -0.00802083343618692 -0.00697512616110827 -0.21629769053654
0.00721955403731626 -0.00869299532953548 -0.00526862487719285 0.16225002858577
-0.00281909632627113 0.0147137214446837 -0.212107381717188 0.086427444971266
-0.0167627582628604 -0.000567273844769832 -0.379877861422083 -0.206791141853826
-0.00578152494360713 -0.0200726382825741 -0.0556847900977352 -0.62445419031894
-0.0119529243652831 -0.0216598574448042 0.684761799048701 -0.360643125574584
0.000764564274916672 0.00692796949864669 0.702773258846003 0.464215299905574
-0.0194798892889432 0.0319678884301254 0.0273189361454314 0.629139315199746
-0.0297455351616552 0.0166958684974093 0.0507320492176873 0.0813212307156904
-0.0184091752144368 0.0213090651558171 0.134896620843747 -0.531815690134911
-0.00662591635411012 0.0231214808652109 -0.618705567105084 -0.689025236889582
0.00524377885108923 -0.0128887930680687 -0.905784164628694 0.244891437530739
0.0018507737864784 0.00286350260787617 -0.0502283076756074 0.733038629910181
-0.00426515860256836 0.0198577468327753 0.435413676143775 0.268804880023001
0.00136379104767531 0.00379177509344367 0.318894159359134 -0.11523601606095
0.016842881223504 -0.00897139404507215 -0.00488815008132162 -0.219513299801059
0.00323748746857962 -0.0084192717900816 -0.00191597388342766 0.161556187982667
-0.0056801607817138 0.0163743662748589 -0.211624282491963 0.0856959630066513
-0.0175663553836367 0.00230232693177645 -0.378889392618022 -0.204835439621298
-0.00286045961944363 -0.0202719398399141 -0.0569953614744171 -0.627131515365432
-0.0131668343774487 -0.0234286882305231 0.681521972759883 -0.365199582224328
-0.0031948995651715 0.00513078189245995 0.701215258901721 0.461492292244411
-0.0214214483510368 0.0284491999070274 0.022894232740902 0.631716546164468
-0.0294515915343943 0.013598986318332 0.0471496156734526 0.0850208082676796
-0.0199474283611285 0.0167448796690341 0.132111534338563 -0.528791339263586
-0.0106445599457936 0.0207184385748856 -0.619737463751933 -0.692016338329474
0.00492634836943791 -0.0143655055956919 -0.909108621690356 0.238406293786553
0.00576237957694541 0.00257114850464014 -0.0523833633977402 0.731127923193872
-0.00585842171015573 0.0214130725768306 0.437624230564233 0.270246981584029
-0.00188395791626053 0.00469030518064898 0.320429778489429 -0.115465476179064
0.0143485345402146 -0.00938602659032994 -0.00189707282082469 -0.222127451375693
-6.23909286472514E-05 -0.00630666928524228 -0.0014944702359937 0.159850083502365
-0.00821609318247239 0.0186535052665331 -0.212307869059672 0.0847205109403458
-0.0174176658863867 0.00475078783643136 -0.373931436456632 -0.209744926220878
-0.00122669181388101 -0.0197558832495689 -0.0470590764358479 -0.629070559944394
-0.0127404557186441 -0.0236040563781625 0.68642510130613 -0.357904394276733
-0.00584534139218392 0.00384786209640354 0.691485556189555 0.472913803208132
-0.0220333219168608 0.0234376132331508 0.0137433222086657 0.633442851955273
-0.027011698641926 0.00844536062639314 0.0432716438516743 0.0863470865588855
-0.0201005594066332 0.011096382117458 0.124456895428897 -0.527215370506385
-0.0131991182583153 0.0193982954251074 -0.627776244411755 -0.685421150556061
0.00476155438100341 -0.0149693804306701 -0.905266208693332 0.248597126014917
0.00842733739515884 0.00265971928300884 -0.0400824966758559 0.729009012125401
-0.00670256889429991 0.0242207320521179 0.443155517654568 0.267496121337036
-0.00517283618430405 0.00603150509965846 0.319537947812149 -0.115909982117924
0.0101438153649594 -0.00584912020160232 -0.00309598747071106 -0.224619276304408
-0.00267144472713689 -0.00443154845883274 -0.00186133843989213 0.15796487373325
-0.00785946076681527 0.019722704898664 -0.214833031209075 0.0842077208174174
-0.0169993079795226 0.0052124821638378 -0.367300217994147 -0.212014472103587
0.000794083209486465 -0.0190814148787989 -0.0298682045789458 -0.632816492390833
-0.0114658158903048 -0.0235357041665119 0.695765471961283 -0.346754641331366
-0.00590236506147224 0.00218674923077679 0.678897248553857 0.486528939049669
-0.02160103383901 0.0202003314070039 0.000709600076654378 0.635729975931525
-0.0240431300165288 0.00365060390285332 0.0409988522657784 0.0851548242083227
-0.0197058278613277 0.00848028977426498 0.112225498548564 -0.529432754060133
-0.0139025921578278 0.0186155310083445 -0.645419263575304 -0.67062973398989
0.00557443213366739 -0.0134691406966353 -0.894883017502578 0.26434136952926
0.00902114562776971 0.00518940046060342 -0.0198584163713356 0.728516718825466
-0.00664002875902512 0.0269375550106721 0.449984253420406 0.261612845892552
-0.00587921845624881 0.00840639662169987 0.316716982227517 -0.11974458069787
0.00684161726741821 -0.00363153636427766 -0.00395489681533849 -0.225938404426553
-0.00472649752920892 -0.00254434880832755 -0.00206039518235692 0.157337949756705
-0.00541474557688976 0.0201947528070525 -0.216669475317925 0.0815912325019564
-0.0169536546564122 0.00506696478792659 -0.360629538329954 -0.215864189826803
0.00224565255501994 -0.0165649870849852 -0.0106930033426053 -0.634397850076997
-0.0100131327146097 -0.0216725246349097 0.705949630428743 -0.331953612099568
-0.00529791733779811 0.00106986385276936 0.668726337786335 0.50397502718522
-0.0181206994568564 0.0170894393220352 -0.00991726587959665 0.637488364224707
-0.0196914515156138 0.000395087005725326 0.0400704302333229 0.0841884719965047
-0.0169092464586687 0.00532718888010615 0.103057636356658 -0.529636603621704
-0.0129492812238224 0.0183802370083034 -0.659540343893837 -0.657955988054258
0.00537193077111634 -0.0121680132492391 -0.888155767042228 0.283746542055479
0.00976480180182237 0.00782078891518879 -0.00315223311574305 0.726989941046432
-0.00731707922813515 0.0279224637686582 0.456293346113243 0.255821430878881
-0.0047017630611774 0.0100019229681336 0.315128383395753 -0.119718184170013
0.00451081690893847 0.000448176200407414 -0.00645245384777781 -0.225925754245335
-0.0062725394362971 0.00084348458487894 -0.00372462412128551 0.157615480122245
-0.0033197838021363 0.0196071551066841 -0.217995685325724 0.0806085707146729
-0.0168177619424481 0.00403059862808194 -0.355771340875531 -0.22054621174961
0.00143046816473568 -0.0137812202990495 0.00875791300565851 -0.636129894445503
-0.00757478527588089 -0.0182471132713007 0.716174840255328 -0.315749184199415
-0.00295386762916762 0.000605350476620218 0.656243078344139 0.519499761912802
-0.0149914303783829 0.014579411103405 -0.0222275224183851 0.63826655347765
-0.0162086976197665 -0.00230638864596488 0.0399352834303466 0.0824716629097092
-0.013052022425303 0.00415787851565885 0.0929221376540774 -0.531522622639195
-0.00992158998088981 0.0186951875142625 -0.673796818163736 -0.642548138295601
0.00628055095103919 -0.00925896879871992 -0.880083923381247 0.300361125827109
0.00852382013441834 0.0112338275775222 0.0158690879245776 0.724527065993635
-0.00570892391780912 0.0276823167627579 0.461596999059618 0.249571686091273
-0.000451455142948783 0.0105826209664108 0.311811955832014 -0.11993186971251
0.00382241628017271 0.00349647070431055 -0.00827249153095311 -0.224484559492969
-0.00636110226930519 0.00344876053309586 -0.00676917452226622 0.159195403082885
0.000150891327559433 0.0193670804038741 -0.221883018987058 0.0800578725744314
-0.0168706539557421 0.00327673610658006 -0.350866715490258 -0.223715311741228
0.0013283374044447 -0.0105236428903764 0.0255105785529097 -0.634899917824303
-0.00602980961077024 -0.0158107044044437 0.72615526039051 -0.301089298969853
0.000618641419020837 0.0010148952354052 0.646458209314377 0.533678783037294
-0.0118513433720958 0.0132697334936104 -0.0296802477318185 0.638650426226082
-0.0121174969985654 -0.00290427854127201 0.0406011671601022 0.0785684942376524
-0.00948878742732436 0.00263797074804749 0.0871027881799657 -0.534750853878113
-0.00510348742387459 0.0181130448517956 -0.68392372138092 -0.627566110396669
0.00756883624402658 -0.00583987097686993 -0.86985386342649 0.317689237704559
0.00790393900061715 0.0142481750129609 0.0320085571697466 0.724429285514379
-0.00608494305423528 0.0265352138142698 0.466203324566344 0.247546955946055
0.00392963827394355 0.0101083334784345 0.309611730523513 -0.120393965874957
0.00365132116989762 0.00544005271007132 -0.0121630293018154 -0.222742814115141
0.00910757113725512 -0.00747976059972441 -0.00679851092310737 0.166877409698123
0.00136872074687646 0.011992300815336 -0.213252340447693 0.0913812268241212
-0.015877542986982 -0.00234509302516588 -0.387465812528894 -0.20517542063465
-0.00753848105812816 -0.0189337160250299 -0.0614423955663029 -0.629748305466261
-0.0131822426560881 -0.0194829707662152 0.693464081029796 -0.362981179176287
0.00259840460786084 0.00714209497940417 0.716012053847488 0.462726643643529
-0.0153462549719755 0.0313238415672403 0.0354540178467692 0.63010578663681
-0.0274878796982075 0.0160862281691421 0.0564213989495783 0.0759563641742251
-0.0152737234306155 0.0195869807834612 0.125778632224147 -0.54137254253337
-0.00421139208008448 0.0241512136969976 -0.642754067746806 -0.676321710939722
0.00305421312440409 -0.0110320766333781 -0.900504331230423 0.278818838707864
-0.000835955196324758 0.00518123909794298 -0.0280921528382168 0.740021842536552
-0.00340526272638273 0.0178173854128934 0.447691902637968 0.259549946775073
0.00551980879330954 0.0014391527225613 0.319087255343169 -0.124024932686192
0.0195674044440999 -0.00785622566311954 -0.0118720323043072 -0.219174231179032
0.00543968120254063 -0.00914754067223309 -0.00295254863301667 0.165924430888918
-0.00220811313398435 0.0153263657577108 -0.21249933299347 0.0915474455805596
-0.0173070932254344 3.32181079908274E-05 -0.388211226091937 -0.201615820980565
-0.0072200958760587 -0.0201381042214986 -0.0675064654948133 -0.630011220828982
-0.0133588284682357 -0.0222523511482909 0.684877519195488 -0.375724641034959
0.000874719617900938 0.0078589660604052 0.71739075026852 0.453734926925939
-0.0186041700119429 0.032795157811502 0.0392434352783246 0.63226476592022
-0.0300065010174861 0.0169238744331641 0.0522933988213679 0.0806766972487767
-0.0184872836123067 0.0217530103222214 0.126329589632828 -0.537929660834514
-0.00630793807606733 0.0236217269013384 -0.635899752962744 -0.681156866931474
0.00487475312477027 -0.0131402758010642 -0.908341180092833 0.265318182720917
0.00305738009717521 0.00359981280261898 -0.0370626173411528 0.74031144891862
-0.00406312393878282 0.0204357653434345 0.445331772931901 0.26327255974893
0.00101025865670538 0.00327760108415657 0.319803411380968 -0.123889974652247
0.017242645914357 -0.00877482225136014 -0.00947542701884 -0.222332737404265
0.00268287368227343 -0.00959818665583268 6.17850974578401E-05 0.163454109981208
-0.00578815372285147 0.0171216274270834 -0.21196844610003 0.0903902886561265
-0.0173218158514884 0.00281412400392307 -0.386849992689792 -0.199807775296163
-0.00496046162260283 -0.0205971393404916 -0.0692692688211767 -0.631798773294453
-0.0145968048140646 -0.0226676281581362 0.680392342566703 -0.380498564756801
-0.00276240615887554 0.00528345280875931 0.713401610231762 0.451515079407215
-0.0206352916456616 0.0289763592981466 0.0343100902789699 0.634792099722704
-0.0289580541159138 0.0135287302762455 0.0493531247071005 0.0846727282757781
-0.0195518412457827 0.0168774240045592 0.124622764385386 -0.534682448961446
-0.00992802726488211 0.0216731746244741 -0.636532154825862 -0.686265126657825
0.00467353336029557 -0.0143953297109601 -0.90957296494863 0.258159859639729
0.005752128079374 0.00286622003923719 -0.0385743263318278 0.738550923294273
-0.00458120156992249 0.0230477412792659 0.445460019080937 0.263732404275141
-0.00218752442052856 0.00518588582584607 0.321158090538937 -0.12436189228648
0.013874587096936 -0.0086670518033616 -0.00693288726089736 -0.225484912074133
-0.000724491062432817 -0.00799312752549839 0.00153461311615128 0.162286600437252
-0.00713698042383323 0.018979078201233 -0.212564994748133 0.089637891436025
-0.0181496432317544 0.00487950940444559 -0.381470149117392 -0.203352452617333
-0.00203463119441704 -0.0206656056508628 -0.0600978137224524 -0.632465395255447
-0.0142838957254147 -0.0230625290891201 0.684907507875761 -0.373432597814594
-0.00630895431048455 0.00414358654287204 0.706127001147327 0.462671682076555
-0.0213705427785312 0.0242034370585133 0.0261737336350475 0.638925170684037
-0.027321291480944 0.00819705059197969 0.0464116584172889 0.0858272664211829
-0.0204340773458089 0.0121342241722829 0.115549145300299 -0.534490868524499
-0.0130406868235767 0.0204537293631855 -0.648150783516789 -0.677968039162122
0.00430438893092339 -0.0156603271939535 -0.906179447013102 0.269624258465865
0.00844943568809477 0.00418401450708564 -0.0262304162989128 0.735503849869181
-0.00537987496299956 0.0253518572994494 0.452289149777948 0.261059624072453
-0.00549973220095733 0.00665747212067652 0.319996927979256 -0.124968798153951
0.0102637748805642 -0.00644489140431181 -0.00642336842458434 -0.227499265245379
-0.00298338250358968 -0.00469522920408961 0.00124462743082627 0.16069504487436
-0.00730119220757923 0.0199358444015245 -0.214588939133024 0.0883969760970376
-0.0174872548086836 0.00604765843519266 -0.375629135385944 -0.208814324870163
-2.01836612636815E-05 -0.0191411085536718 -0.0443045136152165 -0.635421394053518
-0.0127971789138121 -0.0221703387541331 0.694977583791648 -0.361233006475308
-0.00699201567214301 0.00244684622247906 0.694916253124693 0.479518418627858
-0.0206759099525405 0.0208664951390007 0.0127187441873964 0.640742091481116
-0.0235564249848032 0.00373620330406594 0.0430391278656453 0.0855257737642099
-0.0192192101974522 0.00953234754440271 0.105161522102795 -0.533474290003658
-0.0144778001305807 0.0187837343745957 -0.663892313326762 -0.662605490826058
0.00468589288672453 -0.014797824109645 -0.899792528982522 0.283998634307265
0.00976340881628605 0.00464743389358752 -0.00625504535644979 0.733275711263623
-0.00585639631131406 0.0271588051263558 0.459287091313811 0.254990033753194
-0.00513886331064347 0.00913004638687242 0.318132634764933 -0.126241134879871
0.0071132624270956 -0.00360905316678843 -0.00820128509624915 -0.228834532972751
-0.00473025542536697 -0.00297636473659751 0.00010748835380004 0.159577154192874
-0.00560228746143772 0.0203796181626859 -0.216325638531797 0.0878873506960839
-0.0177059293681572 0.00598190106112216 -0.369545521127065 -0.212272137821599
0.00191556512599346 -0.0176735735087135 -0.0252450863985556 -0.639314326329976
-0.0102920241216539 -0.0211069039619383 0.705670381673956 -0.348529494817802
-0.00534298273214012 0.00202450103277073 0.682597889598302 0.494612163181505
-0.0185289341998788 0.0171748213666634 -0.000212554783330733 0.641259184024427
-0.019731490145964 0.000292011409127825 0.0418100579617811 0.0853165785929994
-0.0163472705343741 0.00672022852702592 0.0953626091925266 -0.534274752825023
-0.012982515947936 0.0191542965925278 -0.678073807993854 -0.649719482501639
0.00484302568278223 -0.012217016811326 -0.890786717850279 0.304487759421219
0.00960438280551767 0.00729612429497496 0.0124517639582726 0.734974775329742
-0.0056000524331578 0.0289059908661432 0.463772907486586 0.249776560776392
-0.00374102369320141 0.00992664626061752 0.315141005193261 -0.127452632024306
0.00450917954930975 -0.000548252730008815 -0.00988170168937507 -0.229309918139563
-0.00702209250838726 0.000498803563201983 -0.00225919350947217 0.16023045167617
-0.00328303343984997 0.0194934901947296 -0.220243359490656 0.0851814046057887
-0.0172403635352908 0.00577158162674598 -0.363458689019071 -0.21648897709484
0.00164011512191936 -0.0140792560744368 -0.00454827289268071 -0.640842063512626
-0.00846489398457608 -0.0182991907088108 0.718075593206318 -0.332220554533646
-0.00321669549927628 0.00253366335354356 0.671024058366464 0.51049884943208
-0.014119515539998 0.0147025145136047 -0.0111016895229582 0.642288372924337
-0.0151404244141538 -0.001691603225329 0.0416511267508506 0.0820146915499482
-0.0134787096730136 0.00409868544819922 0.0852041393773611 -0.535420748972978
-0.00914005033579347 0.018064373043299 -0.691903228331953 -0.63500201080106
0.00591091465897472 -0.00788728271578106 -0.881282815099525 0.320359526160599
0.00909986649657581 0.0108888820583931 0.0311577546217812 0.730937576995153
-0.00493652775127636 0.0286447200325973 0.4703370420549 0.243500037958044
-0.000995852891915811 0.010713798785118 0.311997676881877 -0.128363643030649
0.00423546126995593 0.0026514880704259 -0.0134368603791916 -0.227817132669258
-0.00676056875677677 0.00323273026899171 -0.00461619009979174 0.160628365471286
0.000245099524563883 0.0190842142244804 -0.222637359449143 0.0863312784179735
-0.0170935475383475 0.00359657834316348 -0.358403072143049 -0.219888265744181
-0.000350135042277282 -0.0121968795261646 0.0128903655203461 -0.640035426626962
-0.00756685976960608 -0.0150884603981083 0.72723955318216 -0.317732723525857
5.4239345029565E-05 0.00194057353120436 0.661997374911683 0.527633453698879
-0.0110918529275254 0.013256988037951 -0.0191981924729324 0.642196939426204
-0.0126722854913042 -0.00389737826347367 0.042698528097386 0.0784159005503282
-0.00902759821336952 0.00230182466674004 0.0795491398181184 -0.540038524242755
-0.00507508949948887 0.0184295320038668 -0.702271260877887 -0.618451739928005
0.00772166573153577 -0.00607131905213595 -0.872001641930818 0.338095364920921
0.006902285555876 0.0142272974432021 0.0473831829007352 0.729434921242076
-0.00499835501525896 0.0282176939792754 0.476296249002324 0.238632350283718
0.00323203104222285 0.00909754054345604 0.310398130932088 -0.128478311113329
0.00383368210420469 0.00514297828019256 -0.0162902767904712 -0.225422902491165
0.0082358926923101 -0.00834456517442032 -0.00348638410059972 0.169894135808414
0.00252494828534406 0.012199803909657 -0.21235210225267 0.096580518125243
-0.0169763698229071 -0.00198724103367694 -0.394544925177756 -0.197887697002591
-0.00864197729322111 -0.0187787724015984 -0.0753998479185808 -0.630736022738301
-0.0133201511138801 -0.019123290199244 0.690116072313715 -0.382132667376597
0.00379791446730333 0.00736038934905028 0.727313235837162 0.447491760358617
-0.0150828322318784 0.0318730692343945 0.0472289205138945 0.629985569130902
-0.0272023261236601 0.016917522152853 0.05816589600183 0.0748817467692362
-0.0145593317852913 0.0204831167731462 0.115164508534616 -0.546332611547432
-0.00275976716866281 0.0244133780749561 -0.658895774293762 -0.665364705081082
0.00376977058129723 -0.0102368430304108 -0.9012058282618 0.300469533919264
0.000122040293692924 0.00563419133034267 -0.0114949016186585 0.743416565230726
-0.0029564954287485 0.0181300441568827 0.45459150274423 0.25156606927722
0.00596377393537613 0.00179727943756837 0.316680441284784 -0.132308173995127
0.0199548131430015 -0.00889139270831973 -0.0157800530559599 -0.220997343858632
0.0056198271788056 -0.00966016051666871 -0.000174004350460991 0.167526770567184
-0.00187680253508125 0.0146532909009849 -0.210985292298892 0.0971420928077573
-0.0169778620943184 0.000646195289037359 -0.395666270151624 -0.19514898587063
-0.00644750866561579 -0.0214949648214739 -0.0829085913344244 -0.631664825319601
-0.014268172121133 -0.0215815276414383 0.680426887195103 -0.391226950147101
0.000694321497111006 0.00764030247276722 0.730715087169986 0.441402410056332
-0.017257732290114 0.0332669563825032 0.0509580828183887 0.633648488268739
-0.0284690147530121 0.0184662771198429 0.0547252097739405 0.0800447395163753
-0.0174658809545099 0.0215780656937588 0.117323028452818 -0.542326150446141
-0.00530480507351557 0.0233082715754833 -0.653225774607156 -0.673244824122488
0.00443232704033964 -0.0135539654726736 -0.908058216611353 0.286293888733411
0.00234329620380204 0.00299766932409496 -0.0218423237937226 0.744895597281814
-0.00304707571290566 0.0195083169421651 0.453096871804489 0.254166691977602
0.00195175805864693 0.00424547391516596 0.319938087551928 -0.131761153131166
0.0174847454816574 -0.00972873649654038 -0.0126433733720277 -0.223578033964158
0.00296910837273473 -0.0091489643633194 0.00328179109047446 0.165053281612896
-0.0053873607967 0.0163189585302253 -0.210883019251234 0.0970260593210028
-0.0175145201298018 0.0030039383409663 -0.392817872297904 -0.193600105789386
-0.00454558353177571 -0.0220331901267644 -0.0834058842163617 -0.632343780137898
-0.0154197366870231 -0.02247499424871 0.677342269153344 -0.397085451406418
-0.00315400106863885 0.00636127882982106 0.723555434953892 0.439048659370959
-0.0206277973037458 0.0289746549994995 0.0457038450702578 0.636801866938281
-0.0288351749311676 0.0138527174809255 0.0508078729947009 0.0849389477090875
-0.0193806319030348 0.0172523418472114 0.114845156603565 -0.536941546311501
-0.0098589993383242 0.0226984917494366 -0.654307918309958 -0.672956363982246
0.0036608893707123 -0.0147537133971125 -0.909121545267472 0.27945304465427
0.00665240969497349 0.00162021059428696 -0.0233275853569061 0.742078556015669
-0.00382344476825759 0.022092541941501 0.454676252337558 0.2573098742264
-0.00239349468817527 0.00584384183980283 0.319923074409467 -0.131276184458618
0.0142324578202944 -0.00917506023527993 -0.0103280747841625 -0.2270748196995
-0.000509879673933339 -0.00736450618238926 0.00364004380511087 0.163190425409014
-0.00713552988659504 0.0187839173557246 -0.211721571459363 0.0947923745565173
-0.0181301109640253 0.00461909796510568 -0.389169683163528 -0.196994155100007
-0.00215068688444763 -0.0212678171316859 -0.0726058933987726 -0.634671766760047
-0.0146675197641504 -0.0225395631026521 0.681164760637108 -0.387741400881949
-0.00647591427474955 0.00513750495556071 0.718111865360248 0.451983754847501
-0.0206389760606828 0.0237941321533478 0.0381180288041048 0.639587657598719
-0.0262893589300011 0.00923025887549921 0.0477580558783895 0.0846888373197238
-0.0196090261019974 0.0130348191125124 0.105668405748378 -0.537608018499517
-0.0127020815451326 0.0205672002012839 -0.665190207260161 -0.665913615354627
0.00439091341610057 -0.015433316781208 -0.904413094225193 0.288549820147206
0.00845116507679875 0.00253161657233416 -0.0105149547084382 0.73970382179556
-0.00525855051660196 0.0251597828458937 0.459395184019019 0.252607521484279
-0.00518319196408986 0.00763623308628902 0.319439544808204 -0.132455786302172
0.0103955280567264 -0.00719615869468212 -0.0105179769829227 -0.229439314964756
-0.00388527722773052 -0.00445140243260011 0.00322007940120476 0.161517108882522
-0.00677184600044036 0.0195925504113432 -0.213840230243304 0.092270019316878
-0.0175174511687854 0.00552006028074921 -0.382197779970921 -0.201072653738456
0.000113270653623658 -0.0192167537893804 -0.057147753178536 -0.638614038458841
-0.0134092162839662 -0.0222444983553078 0.689472187482902 -0.377412497675457
-0.0064572035614628 0.00372157731123042 0.705844940918248 0.466029745958223
-0.0204796116051561 0.0204637022741225 0.0267214798571526 0.643367739095109
-0.0236245691173247 0.00452444914528189 0.0446700002886588 0.0845832069787027
-0.0183222838468257 0.00948858170725526 0.0957699901200544 -0.537092098262022
-0.0129960225808048 0.019163321175718 -0.677809018224572 -0.651946237732577
0.00464497276032034 -0.0142749467970935 -0.896403775670281 0.305423105245913
0.00953343397536264 0.00498685946554465 0.00900945820548236 0.735805390320489
-0.00528337398398773 0.0278491717555077 0.46693323555904 0.245920561014175
-0.00510830259924429 0.00919439624600047 0.317117142019577 -0.134615472780031
0.0071127376346566 -0.0037102677854701 -0.0123731889561232 -0.230505235126264
-0.00575193197800658 -0.00208839473973717 0.00259931544642897 0.16129317335213
-0.0051887509900437 0.0202985972007487 -0.216459511525424 0.092367035661108
-0.0175808813365098 0.00669763645719181 -0.374075845565186 -0.206244911954695
0.00156778548162715 -0.0172584561038898 -0.0392108191505648 -0.642197355392366
-0.0112586843276168 -0.0209476072209308 0.701498998218879 -0.363086680918908
-0.00526177499889191 0.00276949053479162 0.694487750990394 0.483533493523622
-0.0166911411515625 0.0173561498941785 0.0138987474863166 0.643609320647921
-0.0199373286359354 0.000970587865127503 0.0434428026728867 0.083586165579331
-0.0169967685966344 0.00661212408802366 0.084930031470304 -0.538975627712142
-0.0115799326312782 0.0185523722917077 -0.694173719702791 -0.637725391938953
0.00457318014268066 -0.0130632152182097 -0.889754822267681 0.323700241918766
0.00978047857970691 0.00716241097520219 0.0269024226819621 0.736462799396081
-0.00462934013017268 0.0291809102800267 0.472825356031953 0.240138212812602
-0.00418577473388128 0.0102732998264061 0.314983558634159 -0.136565028341597
0.00467665340494845 -0.000501734897830121 -0.014680497807529 -0.231135428144724
-0.00703452203297129 0.000232148318423341 0.00072803061249191 0.161151944982247
-0.00245299311252697 0.0194739871674741 -0.218537961042994 0.0916971690794639
-0.0176263927882098 0.00546872402739597 -0.36941758658751 -0.210404807071333
0.0013884779362371 -0.0153802433327058 -0.0209842451763652 -0.644498748818385
-0.0100717227735236 -0.018423623556901 0.714628900026617 -0.348275394540329
-0.0033326158669977 0.00198506642230095 0.68244650929244 0.498799019121003
-0.0143718003697696 0.0145157214470998 0.00283597860012927 0.645294660420636
-0.0158988029698752 -0.00126282961252379 0.0439923819851682 0.081621377858183
-0.0125794877117577 0.00445180343385628 0.0768120036505751 -0.540320947164857
-0.00822618593766364 0.0191408921939618 -0.706454115071322 -0.621153566453904
0.00643911299241472 -0.00925984411281164 -0.878712109528011 0.340244995777894
0.00922356876707422 0.0105770734360407 0.0469298202799898 0.732429927088368
-0.00405318249657773 0.0284674755619255 0.478744400992317 0.234273807267228
-0.00053872320251242 0.0105393626760731 0.311593284008207 -0.137472111280661
0.00445629015327364 0.00289412994733232 -0.0177233901978186 -0.229153513816463
-0.00672263013687857 0.00362875731282726 -0.00106216890332498 0.162379991126993
0.00150554381646395 0.0180489138950194 -0.220426803015133 0.090877582164853
-0.017468094946725 0.0042127323072501 -0.365197148103283 -0.21420172877662
-0.000966816066593849 -0.0117096493332257 -0.00141786921506883 -0.643921176287553
-0.00853682926223658 -0.014872152508171 0.723251655501387 -0.334250719066696
0.000135304113769668 0.00230243543144092 0.675755069887043 0.515407763439149
-0.0111671442826036 0.011799939173645 -0.00727360624384574 0.644983690241828
-0.0127922253843522 -0.00316439372148438 0.0448521103621784 0.0775375492640467
-0.00873682648947852 0.00221262746048545 0.0684165722629028 -0.542510799698581
-0.00511385388339961 0.0188634484187086 -0.718464305040398 -0.608213677186867
0.00691823464503859 -0.00661442872111119 -0.869394306197876 0.356885832312829
0.00882976978075892 0.0138200990327327 0.0621192678596025 0.732194024682796
-0.00332492099417849 0.0286283620318853 0.482876053516545 0.23009529845572
0.00395518930791718 0.00972258931566007 0.309412386110269 -0.136624777695347
0.00415809348522799 0.00575358267625145 -0.0208011357787345 -0.227381535292947
0.00712504146643398 -0.00921132252796753 -0.000581915376260578 0.170351154681113
0.00186714598410832 0.0120214374458808 -0.210450670576055 0.101404525663578
-0.0166123617234156 -0.00114565206154594 -0.400016445247498 -0.19050040253952
-0.00938201613599119 -0.0184880846115619 -0.0899476727663746 -0.630953925667604
-0.0137428578627399 -0.0185445412515886 0.682844737602284 -0.396139235618564
0.003058585141674 0.00769706012732068 0.736288395010437 0.435632713474255
-0.0146285854604032 0.0310795414218992 0.06065466304686 0.630306016436809
-0.0258981195465192 0.0172028456036019 0.0601073265884871 0.0736303635485442
-0.0138897537696801 0.0208531141625872 0.105552864750166 -0.549056989215641
-0.00188710722978612 0.0241798984680515 -0.672087103295972 -0.651331988192106
0.00285583768682397 -0.0103674544224927 -0.893464251144494 0.318928549057791
-0.000238353781316291 0.00574050310853617 0.00421711551137638 0.747073038423584
-0.00209534661510896 0.0185099629865139 0.460132477971401 0.242747724401774
0.00582377856638342 0.00179461051814726 0.315768080013124 -0.139951290504754
0.0198636008190315 -0.00983775652907459 -0.0197049276844143 -0.221976522565205
0.00453166176469054 -0.00897723402887488 0.00321398107885788 0.168390797027247
-0.00216388475987709 0.0140752588726169 -0.209074725576381 0.101626133563226
-0.0172224323838243 0.000742834962776657 -0.401364428205885 -0.186633907860252
-0.00748958725680761 -0.0208174235171749 -0.0963380904117804 -0.629890084170107
-0.0145570859166575 -0.0210849755959476 0.675593987222754 -0.407830846631081
0.000369337855581756 0.00828185652031127 0.738043840908422 0.425108254605586
-0.0166577622501488 0.0326362895222619 0.064182324273577 0.632350952976453
-0.0285146453544034 0.018487841566887 0.0565112659941829 0.0788312852262727
-0.0166558463217857 0.0219286367744214 0.106482724215244 -0.543973501142262
-0.00415974194772608 0.0245126028808191 -0.66922561386818 -0.658869875658356
0.00379126734098905 -0.0133863683367904 -0.901482676342266 0.307386486182749
0.002987330299863 0.00246233375500117 -0.00507175334166548 0.74606700275773
-0.00212994641403682 0.021027629968582 0.460183167822923 0.244924114772014
0.000921868732221097 0.00347519425075709 0.317605989741342 -0.13977661036526
0.0168952085545001 -0.010925553656311 -0.0178219922581873 -0.224840848750288
0.0016148855794098 -0.0083192639826425 0.0063955011861322 0.166980762978011
-0.00463678687623616 0.0162388515598475 -0.209451915487599 0.102061748198592
-0.0173780834733782 0.00345261256958155 -0.398923951361348 -0.18605572055964
-0.0052595162902603 -0.0217056763965146 -0.0995853574388819 -0.631246795148633
-0.0156161609012562 -0.0221674414970485 0.669965840623204 -0.411493788516172
-0.00340812256505423 0.00623847125658754 0.736579215818504 0.425780766413943
-0.0193074079616942 0.0289769406950911 0.0614026700080664 0.636379508105101
-0.0276737430852907 0.0142929009886221 0.0532141946215197 0.0822449444382498
-0.0187415290541997 0.0181134919397242 0.104386378593731 -0.540518679165577
-0.00839247738994625 0.0229892783177575 -0.668336121529779 -0.662069925961401
0.00373486232284911 -0.0148474428564603 -0.905178202088509 0.30171713785993
0.00584502987283571 0.00111283162963844 -0.00535327992432375 0.744454021212916
-0.00298271774115839 0.0237240737516842 0.460233142949831 0.246375985456692
-0.00232987132560216 0.00597659097673934 0.318837162495873 -0.139892360684327
0.0128349623509577 -0.0086650897848061 -0.0160541388810878 -0.228818844743839
-0.0017788303652249 -0.00726482794303742 0.00707283930179127 0.165099365103297
-0.00642143374563894 0.0187833582199422 -0.209904708443283 0.0998242479322573
-0.0177840229371059 0.00544309404017157 -0.39445035426885 -0.189835899339742
-0.00268134336590957 -0.0219472480011919 -0.0877117563855605 -0.635082213332307
-0.0154047618376823 -0.0220319780152259 0.672919917913918 -0.405154540318762
-0.00585018561695825 0.00471893684165677 0.726956632241647 0.437827233330773
-0.0206203018884581 0.0245064519428438 0.0503890594253773 0.639256329591117
-0.0258744936978486 0.0091670105304658 0.0493639746707825 0.0841599278395081
-0.0196603140651638 0.0127302605028946 0.0959214085426962 -0.539947418889234
-0.0122926952017131 0.0197627320385589 -0.677716657183448 -0.652907022121444
0.00278967593841786 -0.0152768294959138 -0.900215259509944 0.311410451295858
0.00870102842970182 0.00211522761749427 0.00540749161983659 0.740520754421016
-0.00333334043322411 0.026036246596116 0.467168190613184 0.242545665390011
-0.00471777573899754 0.00828221662482127 0.317235616538251 -0.141474813428606
0.00997711088646307 -0.00736359847635857 -0.0162444417173961 -0.230318940068244
-0.0045226885871828 -0.00563314421581972 0.0073706332359022 0.162900798724344
-0.00617710787128393 0.0196153730528621 -0.212035792347536 0.0983667483135074
-0.0170825223137329 0.00698843985543609 -0.387736172401318 -0.194268067477142
-0.000552636024654938 -0.0206685122759942 -0.0710323680375097 -0.638163120628184
-0.0140078210115799 -0.0217021429920417 0.68154251332393 -0.393224071061564
-0.00685659584501056 0.00373542536089906 0.715543230635784 0.449795595788105
-0.0190296161071214 0.0207140026077834 0.0382353939064821 0.641415462064297
-0.022638977201267 0.00518238724935288 0.0477502712780895 0.0838693493674771
-0.0178798984619218 0.00929677649337449 0.0853836492378347 -0.538499866036213
-0.0118580025949217 0.0196998100288789 -0.69357944831781 -0.638185369664799
0.00312682287561676 -0.0147349659150264 -0.891770707463896 0.326009564181601
0.0102638494132357 0.00459339402673821 0.0247213444488252 0.738521270240924
-0.00398880626888072 0.0278253760918121 0.474776143506199 0.236179444678412
-0.00556007671694859 0.00880175320417049 0.315095990176054 -0.142763385734724
0.00672663554946285 -0.0041464742551499 -0.0181464321328365 -0.232091915749466
-0.00608538798768605 -0.00276984931807633 0.00563188868856406 0.162375135043074
-0.00503575138263045 0.019818118248343 -0.214712530094011 0.097566849245455
-0.0170046211979316 0.00690153541267145 -0.381003325447174 -0.199192908855312
0.000741215545574446 -0.0181176123302505 -0.0526852431247396 -0.641868970364137
-0.012186956712093 -0.0200914390886237 0.693332203044662 -0.379478749162958
-0.00516827268484656 0.00282545068848538 0.705696733564859 0.468874383154572
-0.0171854856274395 0.0170864392545554 0.0275645726978626 0.643247602965989
-0.0198968549156658 0.00150458079124178 0.0458378021193942 0.0827910961850518
-0.016141410104069 0.00672709480773903 0.0751263809809146 -0.53933527839213
-0.0105096419529129 0.019214330029659 -0.707617614035109 -0.622063459814089
0.00419120655479632 -0.0118017579429527 -0.881565027945614 0.343948058232044
0.0100981029725127 0.00770927227757721 0.0435739130402083 0.735738219749151
-0.00362831610775366 0.0295861755188424 0.477935012796263 0.23076510980948
-0.00349168190457152 0.0104059381795615 0.311598809601698 -0.144196547781669
0.00498795563209098 -0.000323221749177708 -0.0197302004045228 -0.231431183004951
-0.00826096005380811 0.000790852301262335 0.00470250166220776 0.162525433122006
-0.00194071826867226 0.0187683132581469 -0.21744517689486 0.0959506990239277
-0.0169528284394568 0.00615042692611263 -0.375642282285472 -0.203523217672797
0.000547250050035307 -0.0154205535569753 -0.0329129169574518 -0.645298185751317
-0.0103060876531784 -0.0175102115862516 0.70738839926886 -0.363282014239055
-0.00290111633306732 0.00266539031179932 0.69473052881737 0.484457295926018
-0.0137335941801023 0.014060912465632 0.0154371832940395 0.644845800105758
-0.0161251322459811 -0.00149521412454557 0.0457129845909762 0.0803610980904852
-0.0125010108060883 0.00479109038228163 0.0664020596071623 -0.541331918387143
-0.00814792570773788 0.0192998041879501 -0.722181674597392 -0.605820580679387
0.00541703995264563 -0.00884399127392156 -0.87193228492648 0.361291045843177
0.00855449064942831 0.0103545491839394 0.0624569118131962 0.733252692317847
-0.00308377753877439 0.0294474696380151 0.484972636027399 0.224436260457263
0.000400177244277778 0.0103698709192241 0.309467785761805 -0.144000195593614
0.00410307419876103 0.00260479390744614 -0.0235811548132408 -0.229714555679142
-0.00724023206734069 0.00409090424011864 0.00182974551371366 0.162889798733872
0.0021953350124592 0.0189025649977111 -0.218569992479294 0.0955176057489597
-0.0168777831152315 0.00503016530235782 -0.371835980128982 -0.207476702425751
-0.000919421220924025 -0.0125727740738058 -0.0172164065487657 -0.64513635982267
-0.00852645436773675 -0.0144574949181248 0.717528363275513 -0.348888325577472
0.000980460431331136 0.00261960912064742 0.687390812363196 0.501756797683167
-0.00982068677505399 0.0131129865357385 0.00632324723582314 0.644398902205548
-0.012419240589617 -0.00322606940674337 0.0467004618489772 0.0765020131506924
-0.00784931954766636 0.00271212616024168 0.0575826908010533 -0.544430607234116
-0.00419915533629366 0.019487410401043 -0.729570716889984 -0.593200712734673
0.00741967315316183 -0.00581364610653896 -0.862710058405994 0.377085218721302
0.00873468862880172 0.0148974320587446 0.0775770669207384 0.732068304901654
-0.00302550958827174 0.028159924983329 0.489287657411495 0.21962819223395
0.00306651193077821 0.00946629802931771 0.307623957154466 -0.144828069613086
0.00393837562230708 0.00670079527697027 -0.0253053986753664 -0.227908563571438
0.00705971267024803 -0.00864442871208816 0.00310677860458584 0.171332316175022
0.00272490289232488 0.0114958795903338 -0.207382249896391 0.106450497188067
-0.0174011713981583 -0.000406093515954084 -0.404418212040195 -0.182379134759175
-0.0101243308972259 -0.0192262028010468 -0.103626091869685 -0.627031154110692
-0.0144065103572171 -0.0176245391056678 0.67319514690008 -0.409385285442339
0.00412242322177205 0.00773780740607492 0.742454397839858 0.417908847380446
-0.012968316901777 0.0301039344908668 0.0736624863449189 0.625436933083846
-0.0261838253205689 0.017614716342525 0.0609878011309107 0.0715180725095609
-0.0124587936046041 0.0210090460118232 0.0954098134714755 -0.549054921216401
-0.000728690310346945 0.0251100279300909 -0.684166420512311 -0.631547613995662
0.00208398285901912 -0.00957383986256139 -0.884644632255154 0.339113414550723
-0.000514114722005103 0.00528428759391402 0.0210115405572955 0.744052406934835
-0.00107644846819996 0.0186481089589652 0.467003504076297 0.230480228406161
0.00496618095218828 0.00265300802261823 0.3119726268286 -0.147993228094362
0.0188816600719515 -0.00976547717045622 -0.0245511295459734 -0.221234521830166
0.00439495249706347 -0.00908086254142838 0.00677975106005067 0.169181866396772
-0.00146835940211206 0.0139087153423905 -0.205406302769222 0.105816885732221
-0.0177648400669923 0.00170905503278901 -0.40490035803547 -0.179072672845454
-0.0086620126168638 -0.0207875534082221 -0.111672383974109 -0.626759745959772
-0.015542806911775 -0.0203330562865101 0.664497440137021 -0.419393499017092
0.00171034171770201 0.00875813483340396 0.744883609742368 0.40853927686657
-0.0160034676716789 0.0319540073428823 0.0761442056960638 0.627982616131431
-0.0275536303747223 0.0191832172519433 0.0583228552571417 0.0778312336869089
-0.0156478965606567 0.0221165172671434 0.0956617582383191 -0.544611711777106
-0.00393191869616296 0.0245474879752661 -0.679699377974835 -0.642539994127599
0.00301764906785932 -0.0134753099850125 -0.893859741847437 0.325776768488592
0.00276442561839662 0.00177626761740084 0.0116961109962106 0.743360886458063
-0.00200059438039143 0.0206662063561809 0.464780253522496 0.232889650642626
0.00215156673698615 0.00424420902641305 0.31364654554826 -0.147264147058312
0.0167168444068183 -0.0115857881404664 -0.0214954139867148 -0.22521334317359
0.00114314839555952 -0.00907524051422301 0.00893607724552593 0.166540892249097
-0.00428714686376232 0.0164547236189116 -0.206009209616069 0.105526409672886
-0.0173103015242251 0.00444570131014744 -0.402874778947603 -0.176862830781931
-0.00603313838406718 -0.0215700413871203 -0.111734446277331 -0.62695270636253
-0.0168278166930581 -0.0207624496313309 0.65935616372597 -0.422962366777504
-0.00348069735839753 0.00710603261284233 0.741729750869015 0.408518442396513
-0.0186890608134583 0.029483156430048 0.0730944004607468 0.631074359354624
-0.0270648149677997 0.01459237912606 0.0542446020637593 0.0810795806356341
-0.0174614445063286 0.0181224898355212 0.0927625606658494 -0.542118353195459
-0.00845088614057169 0.0228547053221291 -0.680270352633375 -0.644715265335862
0.00272022827174136 -0.0149263230115136 -0.897325484083574 0.319142895266604
0.00561230973172605 0.00132206157955787 0.00987656428704937 0.740628410175594
-0.00211552603149622 0.0232712285771541 0.464852279552457 0.234522754677392
-0.00241604020510989 0.00556344103308077 0.314724790980367 -0.147617187008822
0.0132036270090975 -0.0101729768058084 -0.0201267916253291 -0.227435976723516
-0.00128468191103126 -0.00718937970605341 0.0106368917351171 0.164067322450492
-0.00625605258010834 0.0187555072348192 -0.207629425958653 0.104263258040986
-0.0175347113284619 0.00500218881961718 -0.397331111257846 -0.180444683010097
-0.00377301201052645 -0.0213253669718224 -0.101330474372214 -0.632158182132448
-0.0163034614499875 -0.0218987282852725 0.665163489031377 -0.418690066713738
-0.00633296653933802 0.00522300289470151 0.734608559091499 0.418471582082656
-0.0193891922384232 0.024535086571396 0.0638257341011458 0.636690745660801
-0.0259240427565948 0.00907966172723668 0.0505622487390688 0.0828569855266768
-0.0198090586864019 0.0133739194884335 0.0866795909899701 -0.538915751860247
-0.0112210492030721 0.020523584589659 -0.689485812754499 -0.636703462704126
0.00268064658283528 -0.0152518203964845 -0.89243685707309 0.327602107404783
0.00821871432807643 0.00205199632611548 0.0220754323068066 0.73893746771524
-0.00299161291111939 0.0257585320669678 0.471107403933384 0.230921416929107
-0.00509038583270234 0.00770970196273865 0.313719344842558 -0.149192988963756
0.0100917146099906 -0.00768253251915064 -0.020777388120647 -0.230662696093754
-0.00484861913375833 -0.00473897063514108 0.0110268682121483 0.163371357701099
-0.00683408555899733 0.0194617207029991 -0.209620071657035 0.10269550575882
-0.0174624056950704 0.0067069493326343 -0.392474082269913 -0.185894177685349
-0.0016151266669847 -0.02075531701037 -0.0859290703933765 -0.635336667395347
-0.0149100032960167 -0.0204704604352327 0.674373144003111 -0.407188572996209
-0.00624645733830412 0.00446430117608131 0.722086247364458 0.435644844102163
-0.0196149455961503 0.0202719758237363 0.0518997730551101 0.637220458076722
-0.0231807820363818 0.00556035076959405 0.0493850987074153 0.0819791115706786
-0.017799866259762 0.00972292457851231 0.073719909601618 -0.539252576522965
-0.0116701806202316 0.0196955715809487 -0.703813522332762 -0.619239947772088
0.00273902542219092 -0.014363660620239 -0.881495722220709 0.34472007859767
0.00866535182488841 0.00423704962795603 0.041155277355738 0.735641718513769
-0.00246300457422043 0.0277206195682673 0.478012901554817 0.224526437962095
-0.00459213896788081 0.0096096229243967 0.311933208528492 -0.151576616240334
0.00688676381444491 -0.00422554450612873 -0.0221933449558523 -0.230622342121336
-0.00776396614280397 -0.00180947023883826 0.00928244796931796 0.163120295122527
-0.00481873022609263 0.01975216394275 -0.212116687729869 0.102097167047604
-0.0175180439773476 0.00717828549731818 -0.384636413814522 -0.191196377465614
-2.08299883905385E-05 -0.0184635647792625 -0.0688949269167537 -0.638725673278993
-0.0131429673846886 -0.0194221817728646 0.684839737666923 -0.391352737712218
-0.00627204581093424 0.00374148391940921 0.713206705212971 0.451656302162162
-0.0165753747629865 0.0172060746286978 0.0404787219248615 0.641369406707831
-0.019267574648568 0.00197874979730357 0.0481948043639218 0.0814485998738398
-0.0162300282797014 0.00688966146756785 0.0637138357451165 -0.539916282096642
-0.0100649499850114 0.0193386403613802 -0.719509748927326 -0.604704711793231
0.00382685954446987 -0.0123230093800291 -0.873937350314824 0.364759490859302
0.00990681584310411 0.00700418991910891 0.0603774349829354 0.733635441661581
-0.00260781321269425 0.0290032801339546 0.483262658757442 0.218830987330503
-0.00341388802389352 0.0106771736324343 0.309090672386446 -0.151135088318503
0.00461271808361174 -0.000968926588116275 -0.0235176482447464 -0.231274583628891
-0.00825461192679167 0.00175191659023691 0.00734291663528564 0.162694492634597
-0.00171401581548558 0.0188975771823063 -0.214152100164149 0.100634466162822
-0.0165826908027145 0.00669959035360182 -0.38001888940251 -0.195863117541453
1.17639495051544E-05 -0.0154706781926341 -0.0483442371508481 -0.643334572421535
-0.0108722138190978 -0.0164761556587185 0.70040239368385 -0.377837490305904
-0.00266616407478525 0.00295769407305452 0.703253177715511 0.470633998991116
-0.0138696988118815 0.0141618206887443 0.0283751437145696 0.642755526937482
-0.015692298412229 -0.00154365225402594 0.0473179341203422 0.0790353722798918
-0.0120807757074344 0.00454972985899449 0.056629847690661 -0.539678278216203
-0.00783581815599015 0.0197292743323696 -0.730581455548124 -0.588075635785183
0.00627020590440925 -0.00893306251357027 -0.861956486091943 0.380935278926264
0.00982053167842185 0.0097879821185671 0.0774840933080275 0.728788209096772
-0.00171967032878897 0.029070159805966 0.488960983185171 0.213140154155771
-3.62520347105492E-05 0.0106499918346527 0.305080264628309 -0.151641086595007
0.00362520585867985 0.00324939205852239 -0.0271777728930328 -0.229741076055771
-0.00816110133412268 0.00462001766116494 0.00503477691120127 0.163457655405449
0.000943682811933044 0.018196048359315 -0.215589716586904 0.100103224660745
-0.0170670773930764 0.0051592725353117 -0.376133995269525 -0.200601205127495
-0.00158382519791598 -0.0121864836301503 -0.03110970913458 -0.643279414202078
-0.0095045462979437 -0.014322547494753 0.709939992246117 -0.362917217798817
0.000211818834513808 0.0029973844319714 0.695183619557853 0.486669621035567
-0.0097725814094063 0.0128266801913941 0.0204291241081262 0.641916813700825
-0.0124497993245072 -0.00263093732008118 0.0483683599603689 0.0760090536012511
-0.00730541837536289 0.00366588542003063 0.0480548705513427 -0.543706919149515
-0.00314517917464087 0.019385823555652 -0.74274571275969 -0.575979580910464
0.00691832302221206 -0.00570732133824451 -0.85180030430963 0.395276861044371
0.00912146288279142 0.0124090126485035 0.0954243163223523 0.727209463880595
-0.00158729385947847 0.0281661128262836 0.493171746312409 0.207241302878714
0.00399103342949492 0.0102431784384729 0.303656931097557 -0.152124283537601
0.00431742275230663 0.00568447253690108 -0.0303047890724316 -0.227568907247428
0.00567585229512897 -0.00902091646774982 0.0059469946928431 0.171428467934584
0.00271826191603727 0.011282961279566 -0.204871672149492 0.109388491055041
-0.0163174191777263 -0.000868784542833328 -0.406415156555988 -0.173220018658076
-0.010200939322567 -0.0190955237173968 -0.116391498126132 -0.621054936149025
-0.0152159058951292 -0.0171442673700339 0.661798289420786 -0.42156395942279
0.002926787969519 0.00791054556692081 0.746106302035838 0.400834390227768
-0.0129337183755525 0.0302898615102027 0.0849825536993171 0.618877720330855
-0.0246493383824625 0.0181230918703196 0.0624597878630663 0.0697290976599038
-0.0113014070748144 0.020486650775393 0.0839720717665218 -0.546867915636767
-0.000113199816788914 0.024113972645595 -0.693129583090354 -0.615946791404345
0.00144343633294654 -0.0104061013045403 -0.87316913679148 0.355491932954429
-0.00028507978070328 0.00622976760896733 0.0346207366909344 0.739856990462807
-0.000108991745758091 0.018840057852766 0.467397719391473 0.220083403871304
0.00490510315895673 0.00283129212154938 0.307675305947159 -0.154987098403488
0.0187748863539922 -0.0105262218464474 -0.0292332605659996 -0.221105638030505
0.00331392121658463 -0.00963759766134044 0.00950824748602574 0.168818187652787
-0.0015267393415678 0.0141279596603672 -0.203458721399758 0.109946240124285
-0.0167153693614619 0.00164385596915083 -0.406710134211417 -0.170106627651781
-0.00899559902104205 -0.0201818373566647 -0.124179726765193 -0.620161066096236
-0.0164672208491825 -0.0193646175404159 0.651597862111748 -0.430490160523142
0.00109978396684332 0.00849644561724033 0.748522793577904 0.390979995187004
-0.0154141201526733 0.0327265241870858 0.0885543730056118 0.622722313616123
-0.0272440490412749 0.0187996082257443 0.0595149633047762 0.0754662917844466
-0.0141854520815297 0.0230140755776545 0.0853412038185542 -0.544888493785401
-0.0030898575015703 0.0249987221644045 -0.687224574205311 -0.623952988167612
0.00320939999277371 -0.0122934088655212 -0.881940345590407 0.34352472957953
0.00310261563063041 0.00213402611270853 0.0246633871324484 0.739077631532634
-2.706981994849E-05 0.0207134782252808 0.468049336376974 0.222608263642042
0.00121531962689654 0.00412803852047051 0.309798586105701 -0.152689933254
0.0165119597805722 -0.0115561826986311 -0.0261038358043521 -0.22421275126384
0.00159449614816187 -0.0089627642906736 0.0119387883498057 0.166192557426468
-0.00392661893984497 0.0157102487890614 -0.202792728993772 0.109117427839898
-0.0178053440214793 0.00495641678424312 -0.404795179052143 -0.169506435603814
-0.00600747011447359 -0.0218038523049548 -0.12516650414379 -0.621349645686887
-0.0173293100843929 -0.020991929606611 0.647229766481657 -0.43448226793233
-0.00231937383252148 0.00682281328321187 0.743954994471949 0.391469769647847
-0.0186219098662556 0.0294563755415445 0.0848625546071054 0.626457247696683
-0.0261927626976884 0.0149449041747252 0.0557523860649008 0.0794912375330503
-0.0169961641671601 0.0183996513304529 0.0843209068646575 -0.538226343221448
-0.00716551768274906 0.022955948462408 -0.688301607706795 -0.62712371594262
0.00335257491205056 -0.0154455062196109 -0.887876945483753 0.336878290879198
0.0058254177224189 0.00148730992015744 0.0249239518305211 0.736788057871457
-0.000853347094739263 0.0231870856627364 0.467821724899499 0.223308508842691
-0.00181430389577845 0.00567399999752201 0.310077585830051 -0.154212188222943
0.0132049558002037 -0.00910344653031235 -0.0250909669268452 -0.228279906183871
-0.00220808346230848 -0.00715548411123072 0.0129448448767217 0.164939790038581
-0.00667326697456435 0.0181990412857723 -0.2043970342469 0.10699265686674
-0.0175967603252444 0.00727708702842254 -0.400168580263804 -0.172042842578189
-0.00429282849674367 -0.0221306417273287 -0.115063550861155 -0.622872997852291
-0.0174321821393453 -0.0204724076571512 0.652418285036287 -0.42874297476167
-0.00602071211341707 0.00557198242946497 0.738286830189521 0.402497566363186
-0.0190299761089613 0.0235386169863451 0.0746826896425546 0.628387970119386
-0.0244209580126648 0.00911325789196145 0.0522197045068329 0.0809855756006368
-0.0178750941086991 0.0134082397956738 0.0752118787936046 -0.538225829442635
-0.0101520991211432 0.0207468966492509 -0.701115475678421 -0.618254006049833
0.0022176156462277 -0.0149742744038266 -0.880563678830546 0.345482765649287
0.00684074371696436 0.00216421643476235 0.0372619400221498 0.734218486241879
-0.00142184189839888 0.0263234187482877 0.475142303374811 0.219831271334807
-0.00453747651592449 0.00716262018619744 0.309821221985568 -0.154993644661109
0.00976566639384167 -0.00698716685139031 -0.0247560003882702 -0.229358940836208
-0.00489319941441038 -0.00469010812596361 0.013086932990996 0.163954534212364
-0.00690468103168726 0.0193223995180347 -0.206275435772482 0.10649716755024
-0.0167186463320686 0.00805116967051431 -0.394843779648521 -0.17737326992081
-0.00248273663360669 -0.02104617881368 -0.0994816599921568 -0.630534495818544
-0.0158595771483585 -0.0203203386546661 0.661428069737503 -0.417874483239985
-0.00609968691991167 0.00473829658491178 0.727075469609594 0.417709292580213
-0.0179808628041948 0.0207111219971707 0.0636625782624311 0.633353347332604
-0.0216704065638923 0.00519982276210909 0.0510451424172195 0.0814884119152447
-0.0165516314077334 0.0109630871968616 0.0634396390220134 -0.537375642901389
-0.0112846481592482 0.0204793142926605 -0.713188548431046 -0.602756586454909
0.00246211658382812 -0.0141644714265635 -0.8711582883453 0.362309810516787
0.00891901913012174 0.00319569850504689 0.0576066416738732 0.730819081566366
-0.00224092581601526 0.0283527410682166 0.480914879840859 0.214380484552528
-0.00450949278875153 0.00959978952815756 0.308062728810501 -0.15656534183482
0.00718539128113723 -0.00407174330860749 -0.0278352268349663 -0.231564066202008
-0.0073354017253072 -0.00184712316123302 0.0121282922444756 0.162023235963863
-0.00431691011902001 0.0202294064506751 -0.208292025884047 0.106819115997712
-0.0171231051640734 0.00827917005035542 -0.388968716021573 -0.182223221694455
-0.000922635761745897 -0.0187133570120047 -0.0805596826789437 -0.635311911865221
-0.0134162841825707 -0.0192362550890529 0.674442658874321 -0.403741288014891
-0.00535095090341319 0.00407475165520969 0.715955377996122 0.435134504262461
-0.0163774726375635 0.0169159753518623 0.051704715360085 0.635810583922006
-0.0190728390383965 0.00217402525120498 0.0490866480215683 0.080298477362827
-0.0148027896618641 0.00693575454267139 0.0548003611199104 -0.537498349405186
-0.00927260581182463 0.0205052346543099 -0.725876405119608 -0.586486335307792
0.0035702267800062 -0.0118208803034703 -0.860110811934539 0.379711343770285
0.0096987340885243 0.00545780616055131 0.0744472836394778 0.727196041532379
-0.00232122033019541 0.0290992579287012 0.484339225879274 0.207523680737511
-0.00288418569739439 0.0113128279353608 0.303796754836374 -0.156742110317935
0.00503024618651561 -0.000816611140015328 -0.0278949658336756 -0.230325251452136
-0.00871972842052405 0.000806962343749501 0.00980338508719835 0.163067441439508
-0.00157161683303957 0.0191886171665816 -0.210536885158793 0.103936879999962
-0.0169338985430733 0.00667693408303819 -0.383396449681772 -0.186777770660836
-0.000725706125281444 -0.0160586307838502 -0.0600824160729161 -0.637769723532813
-0.0118271101420258 -0.0165439102954208 0.687538303550414 -0.389326406910347
-0.00210977428069841 0.00359957892954399 0.706297398226443 0.452047565852367
-0.0125335453731759 0.0137249745959217 0.0396862793967879 0.636047673447231
-0.0139125760352054 -0.000859277948496028 0.048774606595358 0.0778800438647314
-0.0120230019746248 0.00492654068239673 0.0448330940604632 -0.53638244397316
-0.00605344635727642 0.0197048296775423 -0.737439403431472 -0.570388086061803
0.00487281232716809 -0.00891973101683586 -0.850032944981511 0.395907427979628
0.0108868457204867 0.00978945482556742 0.0933707544739131 0.722176681608525
-0.00153438299849111 0.0295482134519486 0.491402109121085 0.200521378841086
-0.000221535172086814 0.0108611534457005 0.302050871167407 -0.15775075421948
0.00341438907002669 0.002163376574351 -0.031450109105234 -0.228647058608889
-0.00753825466941791 0.00453319695633237 0.0067788636745228 0.163857787708145
0.00255510758078584 0.0180461580848761 -0.213342228162423 0.104634626014154
-0.0166629677866738 0.00536176004281019 -0.379428410685658 -0.190913555532267
-0.00174467055778443 -0.0126019099076528 -0.0427274205594852 -0.638339941885087
-0.0101740667608414 -0.0137398370293716 0.698350948997322 -0.373809324924882
8.37815406862716E-05 0.00323840483693121 0.700412747706163 0.468468439841776
-0.0094366022312087 0.0122520840964329 0.0317319338058301 0.636092541699501
-0.0114626928220217 -0.00268329776971296 0.0487723333362308 0.0734129407150635
-0.0078334197857821 0.0030055703638469 0.0388969395155616 -0.541690930923652
-0.00233925358737218 0.0190367362921297 -0.748577029936378 -0.554783512330017
0.00613466700269786 -0.00577375404389414 -0.840896922858862 0.412395412052881
0.00826197980007596 0.0134745677036598 0.109336403623187 0.721104585700338
-0.00157198804491296 0.0284735938672678 0.49550745164199 0.195068903852859
0.00494911175708068 0.0103605645870084 0.299725623080541 -0.157889830043464
0.00331991090220347 0.00568416839336267 -0.0347923604334941 -0.22648681066851
0.00564960288138051 -0.00833307430978686 0.00972904948936864 0.17091387718229
0.00235737390666039 0.0114682578317568 -0.200289343874435 0.113042571178213
-0.0161022668193041 -0.000293418828162572 -0.407097460703142 -0.163994053027139
-0.0105011734511919 -0.0192701228951612 -0.127402826821939 -0.613449089416696
-0.0153101962070197 -0.0156812677457672 0.647786111330034 -0.429542386228705
0.00357650876068516 0.00807008663063843 0.746232728535015 0.384686681378513
-0.0118780102127183 0.0306267909406348 0.0940443385788469 0.612359581299895
-0.024197949571198 0.0172467186326451 0.0637968149860355 0.0681719445720985
-0.0112876515645577 0.0205705447175994 0.0719843658071775 -0.543248175120549
0.000323967732964042 0.0241800134905353 -0.698728893699013 -0.597290369625919
0.00181641153970506 -0.0103594194897187 -0.860371664528208 0.370214189144967
-0.00032915659532968 0.00427112575416461 0.0486977821854484 0.732260161388998
0.00101901994278702 0.0185474162298838 0.469047397810852 0.209266517278115
0.00615082798853547 0.00264427102204778 0.302393163680969 -0.159412391398222
0.0186295737239794 -0.011194361531175 -0.0330762341076125 -0.218890528877647
0.00257242229584603 -0.0100607297811473 0.0131769105396761 0.169143232815331
-0.00163306461630808 0.013133595867351 -0.19951740756803 0.112528299731828
-0.017602619063444 0.00252351943527277 -0.408023448549567 -0.161913931814219
-0.00910114613132909 -0.0210050951170916 -0.13563966351255 -0.612446314584625
-0.0161119368677931 -0.0188850595142407 0.638571916679162 -0.437760222424808
0.00104705411367726 0.00866844214042421 0.748175845345915 0.374673586880917
-0.0147256426982428 0.0315970925484748 0.0962349723885873 0.613478564777966
-0.0262196037706132 0.019694727999574 0.0602553741361827 0.0740694770806598
-0.0141733267917996 0.0229918788529542 0.0764527813797529 -0.539881862421751
-0.00294554470589624 0.024645653819922 -0.693992842517621 -0.60557063382235
0.00180046225083137 -0.0126494724909117 -0.869450136514324 0.35627574923718
0.00359320306809904 0.00207949638738359 0.0393454250831019 0.732225540368858
0.000258784157387765 0.019709443210888 0.466315607480849 0.212301494108711
0.00175909663979914 0.00458168634625374 0.304214476880284 -0.159884597464611
0.0158446236580687 -0.0121708806105886 -0.0305489876799663 -0.22205047227562
7.50702454487941E-05 -0.00808489384817206 0.015107535792726 0.166586652264878
-0.00380311973924863 0.0156237024908129 -0.199347929000283 0.111959857976001
-0.0174707936900356 0.0057911368653863 -0.406316989066369 -0.159436783858636
-0.00760274382221991 -0.0218877915367163 -0.135673072805642 -0.614284419951214
-0.0178079369267815 -0.0197457687509633 0.632831155408696 -0.443974640615707
-0.00271124044624435 0.00751430820626774 0.745261821633395 0.372793845740128
-0.0175670848645906 0.0286094457228977 0.0950332648248275 0.61794083658893
-0.0266953657463691 0.0152103029438687 0.0570130542269715 0.0775257434273339
-0.0165753415367598 0.0184815191769544 0.07331143332863 -0.533333350806822
-0.00564331141410404 0.0223696424171543 -0.694162560420566 -0.609468746775825
0.00121459391821861 -0.0143926779433785 -0.871885549716371 0.35173430031439
0.00619245044693818 0.00134524781474632 0.040244737843933 0.729923167845496
-0.00126715432047823 0.022625799509437 0.468717221235968 0.212446129487572
-0.00171463249645921 0.00670522127862264 0.305436736397067 -0.159733031549086
0.0132913817963345 -0.0106665256490001 -0.028466270532908 -0.225472305624289
-0.00311801718220741 -0.00703175007672997 0.015796621907272 0.164220935429397
-0.00506010238793878 0.0179508625421389 -0.201253528119375 0.110526706129264
-0.0171636108113474 0.00656855646391077 -0.40064562689737 -0.163153672046008
-0.00448956928735149 -0.0223886837260422 -0.125752380016875 -0.617317045014841
-0.0168789806030144 -0.019172137671229 0.638731301292238 -0.437367137770393
-0.00552095877187529 0.00677126242637496 0.737100628580075 0.384216209362812
-0.0185298885535883 0.02372623679718 0.0873247481213766 0.622800170239338
-0.0243477902010724 0.0091935994367035 0.0528555538857826 0.0791621346043592
-0.0170826736239358 0.013907834950092 0.0658606343471626 -0.53330961552676
-0.00981040929698397 0.0206370164674591 -0.703243326222805 -0.600305371799431
0.00227242512467267 -0.014487702973876 -0.866328106188334 0.35918676787063
0.00796397805082714 0.00200956341043921 0.0509228086341829 0.726101262553023
-0.00162654410525416 0.0252307528324107 0.474608621531917 0.209919293702162
-0.00376788689040653 0.0086295638747551 0.30335472699239 -0.16064344460175
0.00963932495016527 -0.00777522958530796 -0.0291122881424851 -0.228368868773182
-0.00546718116043464 -0.00393783606459524 0.0159342380617436 0.162368567402967
-0.0060604148541085 0.0188929633652144 -0.202924634320862 0.109397930468936
-0.0167571701042641 0.00831856204061846 -0.395431169700189 -0.169499355800682
-0.00352449354052398 -0.0210675103290893 -0.109829616023726 -0.623631334481877
-0.0157886120561286 -0.0192120723917828 0.649059560171813 -0.425115856172995
-0.00596583450636073 0.00600188029675728 0.729119760307167 0.400545692966324
-0.0179301951625657 0.0205505695969658 0.0741452654027309 0.624362565564867
-0.0213690608254974 0.0062637757656054 0.0520503257025767 0.0788498610963775
-0.0166516154760523 0.00973653824826242 0.0553835683433386 -0.533475380730846
-0.0106965014488467 0.0202271377466128 -0.717722389812535 -0.58487678789751
0.00191812251394238 -0.0140076893238066 -0.85665451912704 0.374449887157584
0.00874986105833731 0.00392669220909269 0.0702999282071006 0.724593784417895
-0.00113595188128221 0.0280126499656774 0.480940957324823 0.201842276132815
-0.0046066232089224 0.0103035678999339 0.301887427804345 -0.162343654089776
0.00659845390622498 -0.00477085592559736 -0.0302183133739737 -0.228726073348924
-0.00776965288324613 -0.00213404012004602 0.0138882731778911 0.163205160262371
-0.00443750107796533 0.0187898245241724 -0.204027586603766 0.109483011050633
-0.0174951882881038 0.00781667762892185 -0.390735951339887 -0.173017564074866
-0.00107044704100865 -0.0187612651308389 -0.0917788862033228 -0.628221964758393
-0.0141096570878479 -0.0171967837908441 0.661825328054281 -0.414203481577124
-0.00500100632465474 0.00432446621974695 0.718323779663769 0.417882915640757
-0.0152039896122036 0.0161752697708516 0.0629087910773287 0.627961889865859
-0.0178103257029442 0.00205214124248633 0.0498920704930211 0.0786757728627411
-0.0143011625308792 0.0079123115442387 0.0450588265522476 -0.532402123876986
-0.00865352171047189 0.0202270093730093 -0.73171157705797 -0.567374252379584
0.0032188713379465 -0.0116877265640942 -0.84834780128528 0.391364455600163
0.00933197401056823 0.00643647126539907 0.0874170742437778 0.719441847718884
-0.000300513167802441 0.0289325977758552 0.486393435142349 0.197442226002575
-0.00274387786408164 0.0106701355397218 0.299326070572599 -0.162708775379336
0.00449890134063776 -0.000967504963552702 -0.0327260351727521 -0.228100096748887
-0.00855435041515727 0.00126042669585074 0.0129584291474519 0.162155259492769
-0.00130843009224449 0.0185742129160828 -0.206686392114531 0.108094787738942
-0.0173400977870804 0.00738597168628506 -0.385048209392093 -0.179104148388311
-0.000782641144962575 -0.0157710236969601 -0.0743306953732636 -0.629741499136045
-0.0114830569311367 -0.0152108715581971 0.672868146505648 -0.397394661341238
-0.00240411298306838 0.00378747815735445 0.708387757900761 0.437386768846207
-0.0129271600854022 0.0135232883153608 0.0509083191423204 0.630200113778165
-0.0146820511987924 -0.000956822296884697 0.0488174841118818 0.0757045868921311
-0.0117396341636177 0.00528841116913876 0.0365016068626727 -0.533339535164154
-0.00540783189114991 0.0187537051177321 -0.742801282392385 -0.552671068003628
0.00436104358123657 -0.00829525293594333 -0.833949534249452 0.411451992687118
0.00913954725082686 0.00900862007148276 0.10523415021834 0.716800948254563
-0.000406988619671835 0.0296328269216263 0.490789629996523 0.190471519361173
0.000355119509965644 0.010840277562024 0.296568507989221 -0.163218015069016
0.00346675655571639 0.00239288571532519 -0.035200566077463 -0.227079347431871
-0.00891605873181642 0.00441188928554204 0.00989478565819195 0.163994948914773
0.00188376771926795 0.0163286948048072 -0.207443948421472 0.10737645089754
-0.0163848227252318 0.00613817525017065 -0.379484167505522 -0.183161641375076
-0.00272560651348474 -0.0131009284133732 -0.0572230968832827 -0.632163278798296
-0.00978548531457472 -0.0125005466523554 0.686832012921096 -0.385354090644672
-0.000153157651054375 0.00409936127895547 0.700869749174959 0.451933541087915
-0.00913072459376364 0.012012715492398 0.0429255575254206 0.6296500843134
-0.0115618002258609 -0.00334975417177533 0.0499398639412921 0.0724554863829892
-0.00686461423974953 0.00368653804610126 0.0296901272054824 -0.534279123201911
-0.00178305377837485 0.0186038671083318 -0.750941514105198 -0.536380913274972
0.00561696508662243 -0.00604134759964809 -0.824881099505379 0.424118170573309
0.0103948928073776 0.012742698341877 0.120678460077333 0.713728151572786
-3.20584919104668E-05 0.0279558678992663 0.495317812582843 0.184674831006828
0.00501469527384763 0.00914451262710388 0.295049108454992 -0.163772360198062
0.00429002889907363 0.00591119322842281 -0.0385739644953402 -0.224325245185302
0.00499298675441976 -0.00843502172501688 0.0109801230101571 0.169017690087561
0.00205236630680446 0.0104997239070117 -0.196638174782627 0.115479880919475
-0.017128118340698 0.000271974235315644 -0.407313194975431 -0.155847970342139
-0.0113500687093505 -0.0190050059027914 -0.136706837271871 -0.603968498276652
-0.0156129562404645 -0.0157488373184281 0.634048769262959 -0.434336162607569
0.00425286489778223 0.00827627016691248 0.744136376622976 0.367296029363037
-0.011666500913858 0.028866696470958 0.102334602446141 0.602677717921619
-0.0234259683137786 0.0172199067000714 0.0646564171689169 0.0652080712899437
-0.0110475189354985 0.0208695715187214 0.0662972548012565 -0.537620554639845
0.000908042275142207 0.023585679429328 -0.700095997451328 -0.578665808193061
0.00147579758002893 -0.0091785313506777 -0.844011570447959 0.380770123471327
-0.000133129074562418 0.00528706271135423 0.0609726276009706 0.721946173544227
0.00136245232333108 0.0184667099767246 0.467994250342609 0.196962021861055
0.00592412679220852 0.00265418492092962 0.296691792360394 -0.163886665116372
0.0186334343016572 -0.010870214743224 -0.0359161393211004 -0.217072790494513
0.00230347319962236 -0.0097408019229237 0.0138230282626676 0.167086851508439
-0.00108840440442035 0.0129631177192778 -0.194508710809861 0.114264206715353
-0.0171798379977253 0.00254967353083732 -0.407645347253432 -0.152503017184668
-0.00918757400577705 -0.0207775053607605 -0.144659722938915 -0.604445087113591
-0.017069418083575 -0.0171887276439511 0.626904671169376 -0.444578442651484
0.00152698641228828 0.00845377967927063 0.744598646653199 0.360184233412597
-0.0143052559250512 0.0306684078869901 0.105617769801257 0.605838549957955
-0.0256690452221962 0.019494055258271 0.0597757923258754 0.0704281324283949
-0.0132170596551786 0.0218612864066168 0.0669623972025763 -0.532990806246668
-0.00204167701630136 0.0242804762099036 -0.692085341796338 -0.587012164583559
0.00248886537495437 -0.0125627078966649 -0.853478947895022 0.368352209570536
0.00270491094029042 0.00298860069458334 0.0515011175418845 0.722679063962809
0.000972238547100929 0.0196300271525043 0.465336028334275 0.201359891560299
0.0021777385875511 0.0046291580203655 0.299494092179817 -0.163343550653026
0.0162989257531154 -0.0124998500765804 -0.0331762800757178 -0.220579773598731
5.13181969547388E-05 -0.00849728404194887 0.0181983306399304 0.165232432445379
-0.00347679214043307 0.0155893249759957 -0.194388627493261 0.114239057692061
-0.0167086129439535 0.00472318638906012 -0.406062303589981 -0.152426379286491
-0.00824548869703976 -0.0218603778371167 -0.144561483509921 -0.60414017666182
-0.0180277750450553 -0.0189222935699525 0.620744188122668 -0.448908510069769
-0.00255569911099652 0.00769584809389767 0.740971382150878 0.357056403695591
-0.0168742352709663 0.0280774805771739 0.102816872515207 0.608089546514278
-0.0254396899300602 0.0152254005478739 0.0570823464850523 0.0756061461965316
-0.0154238407469288 0.0183043043208933 0.0643562723064615 -0.528426312804803
-0.0061473388087691 0.0227951085666563 -0.694806777248507 -0.588803472853915
0.00163913746998559 -0.0140872938599653 -0.858152227824417 0.362853947022966
0.00590775149203896 0.000464159090720721 0.0505872097454691 0.720883106279886
-0.000192315698074754 0.023325121318668 0.467256010782451 0.201639839471587
-0.00198048530059481 0.00584481061876751 0.299715432623604 -0.163105238558761
0.013026498545414 -0.01053649238932 -0.0316855230182285 -0.22348682890424
-0.00334797765615128 -0.00681413204992283 0.0177590562468548 0.162903837324901
-0.00552305828522125 0.0177644304099511 -0.197015502173174 0.112901573817302
-0.0165880748553599 0.00781012478919005 -0.400011154994918 -0.155399311962074
-0.00574913875637679 -0.0220123692038565 -0.135657712046991 -0.609343458402497
-0.017837506380167 -0.0191212399926236 0.625178001072847 -0.442446763468909
-0.00556926236875261 0.00650271837166568 0.73552324719395 0.368582209187599
-0.018455563901097 0.0235294503936668 0.0920079485837288 0.611902418268693
-0.0239526355199653 0.00908774230681679 0.0544522567242494 0.077397391889057
-0.0166482517561425 0.0142488777330462 0.0583630700433869 -0.527717619648002
-0.00834099735430632 0.021395558697394 -0.703943688184977 -0.581706832994549
0.00219188287828886 -0.0143494563685236 -0.852152615309582 0.370635625862883
0.00854942035496017 0.00151662607048524 0.063221041516534 0.717018597126871
0.000309643933368896 0.0255793184400359 0.472701090264205 0.198158139066175
-0.00359398200166649 0.00800663839686521 0.298872130399118 -0.164327729741054
0.00969027925775111 -0.0080402559707471 -0.0325196569718842 -0.22540225533712
-0.00598291436655911 -0.00421228156814482 0.0180634729270391 0.161200219302367
-0.00539923097009652 0.0192402032464775 -0.197786358655182 0.11254467016419
-0.0167926639124481 0.00943089615421113 -0.395054121206318 -0.160593637010278
-0.0031432815822372 -0.0212780344316857 -0.119658309908962 -0.614505410989198
-0.0158847365133549 -0.0185955812349475 0.63648370031572 -0.432662847244967
-0.00550131894277203 0.00596457641586848 0.725015709561355 0.385401130581215
-0.0169572315630953 0.0195680091959205 0.0815208368523169 0.615201446358611
-0.0212133351660942 0.00584269008382526 0.0522420692333319 0.0773636865352632
-0.0159664078639104 0.0108063609496294 0.0482924115045687 -0.527088965923754
-0.00941971710570135 0.0205127724521249 -0.719176432423666 -0.565999113914614
0.00193777529023784 -0.0130774308394544 -0.841628961924245 0.383737366370693
0.00959973937733011 0.00343526182867879 0.0804382011755878 0.713454486503503
-0.000774259702950384 0.0280081213262856 0.479408639140754 0.193308278169793
-0.00307853148888632 0.010108881071727 0.295737313241492 -0.167000799665837
0.00650589175148866 -0.00430785350412464 -0.0338253047909578 -0.226601704221557
-0.00874909858637583 -0.00111122394927728 0.016023019818965 0.160758275325127
-0.00365922726450461 0.0189763001039636 -0.200490705213709 0.111070122519463
-0.0168795222965093 0.00843323546020869 -0.388719598681715 -0.16537334328245
-0.00189982990207823 -0.01913891277482 -0.101911833399368 -0.619184554037836
-0.0142277042744633 -0.0174295723739823 0.648134013651699 -0.418844401133328
-0.00529980058176626 0.0047404472559163 0.716215950961114 0.402183601204913
-0.0147293584666469 0.0163604195430609 0.0704570478624075 0.618653476700953
-0.0180397677704189 0.0022692898561825 0.0502688072348793 0.0766297556251044
-0.0133316163839779 0.00780791470700107 0.0360397980828995 -0.527804935570814
-0.0083031223640699 0.0198660801852157 -0.729922410877526 -0.549078999529339
0.00228321258739993 -0.0112874759135695 -0.831467526566235 0.404590562492838
0.00956705401032309 0.00538554146514569 0.0984249287797603 0.709651445841091
-0.000286821336892757 0.0296952817844305 0.484058407602266 0.18573363764301
-0.00220008575654757 0.0108832297379359 0.292395728954345 -0.167345510598567
0.00483093733403074 -0.00107400030062888 -0.0356601072413545 -0.227609525062241
-0.00893431477795298 0.0015011782810372 0.0156531987579315 0.160970141091966
-0.000351462100952616 0.0184633262898577 -0.202697907417231 0.109311658971987
-0.0159240023223647 0.00758972405955494 -0.384576165705246 -0.169850578046062
-0.00103866758945349 -0.0157985968907961 -0.0823607772282357 -0.621866035100734
-0.0117073380101228 -0.0146497862033693 0.66044774907326 -0.405856614718786
-0.00282394311544442 0.00460636017151877 0.707937695782429 0.420013145343336
-0.0120632773042982 0.0136026115367773 0.0596617040866483 0.621387500754499
-0.0144401775597644 -0.000574872357078985 0.0508679869511812 0.0737607373023383
-0.0108239958631495 0.00526407594053826 0.028656706310466 -0.527169790973456
-0.00510559534958738 0.0192514769066173 -0.742144086306515 -0.532482857078648
0.00452796042118216 -0.00862936558362151 -0.820219716009366 0.418117606266723
0.00929503695353022 0.00943814121877401 0.117620863841073 0.706522294191689
0.00112908007419829 0.0293936265808879 0.48908616975809 0.178759520344129
0.000531312691440026 0.0107491609746624 0.290513332625939 -0.167608220425033
0.0040257669295383 0.00287868914445617 -0.0383616601982874 -0.224042764716098
-0.00931116350288455 0.00396161119942838 0.0117431606715048 0.163215332677687
0.00277101576008976 0.0168451595774049 -0.2058505594223 0.109486003687774
-0.0166685960244407 0.00665852948737841 -0.381053052878908 -0.175124860005537
-0.00354511449960072 -0.0127892968040743 -0.0665909599333694 -0.625273894459325
-0.010556819545913 -0.0127087166957374 0.671014303963875 -0.391123011596407
0.000572152255834832 0.00398814200343804 0.698681073420678 0.435419262048797
-0.00838979017624357 0.0110823393759882 0.0520518702965649 0.621483725570478
-0.0117385018443648 -0.00345433617237195 0.0508161101485063 0.0710470051506135
-0.00635790576482529 0.00407271087158497 0.0228139458286276 -0.529412866169307
-0.00103420869223909 0.0182657992373556 -0.752009300014181 -0.518801930728333
0.00606349989858685 -0.0056156383585496 -0.808861962467319 0.43503867086284
0.00969102600913591 0.0126350781578583 0.131213999072991 0.703449183690784
0.00155470584217157 0.0280144690337824 0.493148270239913 0.174604251583747
0.00388829704654934 0.0097283128348263 0.287336507355154 -0.168581926465427
0.00419033859929297 0.00521472404770475 -0.0403312158597133 -0.22239612930973
0.00437866309549963 -0.00905363634699503 0.0132272236598184 0.168017834500721
0.00303485073974279 0.0103126592151902 -0.192877132598702 0.116836862595779
-0.0162489401392454 0.000505740358076012 -0.40584603410005 -0.148603326030399
-0.0113197136593369 -0.0188818299654283 -0.143067122801395 -0.594883255141677
-0.0156516152887252 -0.0144315876197498 0.621876658679651 -0.436804147318127
0.0042269525288881 0.00866234768234986 0.740247436466356 0.351010022178094
-0.0107001197588077 0.0294305615771676 0.10851669458463 0.592197111818936
-0.0229198277051655 0.0177868187002053 0.0636697575347875 0.0644406623174553
-0.00944523983167638 0.0201403763544907 0.0595378771567598 -0.530889097970261
0.00142613560154547 0.0233141414531279 -0.698933063982699 -0.561932072090979
0.000348942653035518 -0.00853230168106893 -0.827781321215516 0.387612543869469
-0.000252374802795833 0.00516624388071376 0.0704882276766746 0.712677509622056
0.00150559383019103 0.0171280482221327 0.463758333294128 0.189109588377891
0.00677023146329209 0.00205763275992065 0.290665947637118 -0.167247325512237
0.0185626931753145 -0.0116339749190272 -0.0379728470733599 -0.214031234371338
0.00275114512818315 -0.00944703693320747 0.0163591575162665 0.165454686739331
-0.000454612498178153 0.0132421096444923 -0.190556880721119 0.11560047489188
-0.016214564768892 0.00322246155569115 -0.405331675921138 -0.145422459462877
-0.0104115960044617 -0.0214747737979886 -0.150590246220495 -0.5927749646614
-0.0169690512536102 -0.0169425342037277 0.610767708113972 -0.445846227984678
0.00148799149444204 0.00903336018954142 0.740247353258973 0.34487356911954
-0.0139801384730485 0.0306725843523815 0.111545023853378 0.595538794342218
-0.0253194051501741 0.0186178674044985 0.061376271404224 0.0691444449881605
-0.0124838432945284 0.0219509849348536 0.0596399690268889 -0.527726382950394
-0.000943451149072164 0.0241640093125512 -0.692895796492242 -0.571399718973526
0.00125068501395067 -0.0121367967855992 -0.8381412245134 0.376492967653171
0.00228162525344304 0.00225234181641852 0.0616797790179386 0.714806061082383
0.00123634411796874 0.0199387226471767 0.462552843861386 0.192469635577233
0.0027944739078723 0.00322768200485572 0.292495916094532 -0.167264750814142
0.0155347154255194 -0.0121462079846888 -0.0363279360908638 -0.217638417508588
-0.00151321247035198 -0.00872586592077986 0.019063302208969 0.163567220636622
-0.00349228054951242 0.0157830270187163 -0.191901350201833 0.11539318568561
-0.0166402187315564 0.00580195955117906 -0.402301678899676 -0.144042945926545
-0.00799707902249283 -0.0221050120030198 -0.151878638820453 -0.594487609951239
-0.0175847663113716 -0.0179636939736139 0.608792082280913 -0.450888321656952
-0.00209489877218268 0.00857069372893782 0.73567034987674 0.34352446286075
-0.0170290495735801 0.0267411989965566 0.107807415869145 0.599143251279671
-0.0246429792309276 0.0146401722678877 0.0581080744444402 0.073590496366966
-0.0152235514328409 0.018758947733118 0.0590663446119438 -0.523139022026849
-0.005452127193186 0.0230743019570297 -0.693106333526594 -0.571766154801846
0.0015191590238104 -0.0142347565396665 -0.841609318613522 0.369889547892575
0.00479110549930594 0.00118870787257315 0.0607928074227621 0.713275667844869
0.000399123107657403 0.0225907090550881 0.463595080902283 0.193165289074631
-0.00219222014575084 0.00588568269653653 0.293274554209861 -0.166512396095998
0.0122038326810901 -0.0107967259193736 -0.034213823512519 -0.220513499263689
-0.00450741747845848 -0.00679290608766163 0.019426362189657 0.161786719251553
-0.00553371839488081 0.0173116543987515 -0.193138272223904 0.11438814607722
-0.0168367489246569 0.00747541602102994 -0.399061201494403 -0.149598917855215
-0.00583405118045259 -0.0217949819114356 -0.142295972972125 -0.599268191505574
-0.0176864874130661 -0.0177887486850233 0.613910105790845 -0.445432701116907
-0.00551176919183987 0.00724087839060935 0.729670705063155 0.354845725022606
-0.0169528482531742 0.0228459645871106 0.100666890161521 0.603098515858302
-0.0228678602209113 0.00977327130741393 0.054279201772081 0.0761823540046612
-0.014956497503906 0.0141057246005666 0.050136331901575 -0.519949609615312
-0.00871785250678176 0.0217429901402946 -0.702408117502503 -0.562668703773224
0.000925598349897933 -0.0143001388718707 -0.834430855644279 0.378230036747085
0.00808730732874131 0.00126591122604039 0.0717262626688042 0.708948656284362
0.000877746191527361 0.026395585878906 0.470511761452399 0.190713194348649
-0.00365680690958234 0.00810707127455873 0.291921204714785 -0.167509249541919
0.00832109551544771 -0.00789582896956446 -0.0347065468924017 -0.222399377518838
-0.00690720729193249 -0.00393007515484034 0.0194938918007945 0.160090066029493
-0.00531948879620252 0.019059483132744 -0.194551663891369 0.113173118474137
-0.0158198580667243 0.00857312534955291 -0.393961430067247 -0.15342319893424
-0.00383215249652766 -0.020452899737326 -0.12760251246188 -0.603737917574327
-0.0161245408562064 -0.0172539199130997 0.620488964294687 -0.435137456733222
-0.00563282984033226 0.00627379669056793 0.720169798549483 0.371093070836411
-0.0167314194098542 0.0196156199475646 0.0875747705847875 0.606412757948207
-0.0208706312898344 0.00547056893629747 0.0520061065226958 0.075907635990278
-0.0165067203270703 0.011236381944131 0.040383245239257 -0.519371774819304
-0.00917650557367891 0.0212211375496006 -0.716161523923574 -0.548057869410945
0.00115535723293213 -0.0133795379287305 -0.824933818135398 0.39168129386947
0.00885204093069917 0.00320013303856564 0.0897756084382291 0.704388050223985
0.000667649875316553 0.0274934722834786 0.475455727754014 0.182336248016935
-0.00390437451752194 0.00985761812834951 0.288818862647219 -0.169248248122064
0.00628050710320362 -0.00536741122016315 -0.0358784952638634 -0.223773963138988
-0.00912690224285339 -0.00165390049855829 0.0180514217652247 0.159650240220828
-0.00369510102941031 0.0180692561052784 -0.196970387744571 0.112239788601104
-0.0166183992564177 0.00916469385750058 -0.387520024491543 -0.158807230792099
-0.00239436302065927 -0.0191464207838842 -0.109155807234894 -0.6091406933367
-0.0143353191956142 -0.0159096024640169 0.634861275894033 -0.420976933698315
-0.00390165422755975 0.00529067723622639 0.712555070217994 0.388642545818039
-0.0154087151738391 0.0164701090278225 0.076221739599423 0.608266536469266
-0.0168180198457576 0.00201445448583832 0.0509714955523303 0.0742720170457003
-0.0130549028449718 0.00758967094987069 0.0294943689807005 -0.519816220819277
-0.00711011815824462 0.0192522796531491 -0.72909319197693 -0.531039621317045
0.00255788079187533 -0.0116305621734554 -0.816435044292567 0.40888020932504
0.00983880549828296 0.00546647014205611 0.107630817589787 0.699382735141754
0.000996811823951429 0.0282112320006839 0.481416138693208 0.176925152252147
-0.00240646148211989 0.0114981709098532 0.287452661175647 -0.169936702810322
0.0045757206282948 -0.00182804402139256 -0.0383135706698905 -0.223703630912743
-0.0106034071034592 0.00184093764297825 0.0162580917003788 0.160501954053652
-0.000730309408744072 0.0182274683368936 -0.198552338373487 0.110949490757282
-0.0158654495839938 0.00844220463483352 -0.382391660252033 -0.163206066693459
-0.00225160471736501 -0.0159981255299449 -0.0904861787903183 -0.613646292694975
-0.0123087040840507 -0.0140935839355489 0.647150081229387 -0.407573148593302
-0.00227715018235856 0.00457449179383232 0.70272210068892 0.405980019464716
-0.0117174771127769 0.0125116360706254 0.066660007287676 0.611932559678538
-0.0146508063101336 -0.000882290716443298 0.0497330160484817 0.0722863186072733
-0.0101411918923124 0.00511594740219055 0.0208139230342313 -0.520157318428139
-0.00497108586761921 0.0191799559388575 -0.738763879849056 -0.515844740779043
0.0045924262748207 -0.0089476759655718 -0.803055762047876 0.424902810356293
0.00925094363698419 0.00913811705252479 0.124458720432833 0.695256598347299
0.00184035738087843 0.02890706649035 0.485533526941539 0.170006940679117
0.000360227983444456 0.0103587599396745 0.284505083170541 -0.170615231903095
0.00436540601403234 0.00306278780159489 -0.0417149857645171 -0.221668093090528
-0.0100428155815636 0.00394625188416132 0.0134169944687405 0.161560780427106
0.0027982985188947 0.016854005036169 -0.200938206045705 0.110428479325602
-0.0166822107283152 0.00644784876096591 -0.378638229666094 -0.167520466183744
-0.00273934618917868 -0.0130168197183013 -0.073193040347013 -0.616393243405287
-0.0106063138714785 -0.0116596911895221 0.658964868969561 -0.395226948614806
0.000495699042549896 0.00375724282487365 0.697201282821318 0.420739918215742
-0.00893771784438136 0.0105554912536193 0.0587444887303842 0.612417192474625
-0.0106072440327129 -0.00308118796386828 0.0516429833215483 0.0694190003120874
-0.0063163584663606 0.00316189265459218 0.0149984854661276 -0.521228816842511
-4.54633401191021E-05 0.0188663981855196 -0.748980320897078 -0.502238598353307
0.00543974556100079 -0.00596407837903208 -0.794061159559148 0.44017753650093
0.00891881139758123 0.0121945793515583 0.14112956251756 0.691522127298646
0.00167835690238014 0.0261393906750547 0.488559007448444 0.164343723840675
0.00564507284678477 0.00909808363772944 0.282096614090329 -0.17035044868552
0.00423558706035173 0.00477059659229779 -0.0442825332531762 -0.219589871577959
0.00346714683315029 -0.00822327717487028 0.0144854355318681 0.16626970943663
0.0025268704756418 0.00962921100955946 -0.188093278046126 0.116408490438961
-0.0156389942690616 0.000716128419000603 -0.402009524780751 -0.142711074567329
-0.0118881241223546 -0.0187380793891361 -0.147732138744611 -0.584524498779344
-0.0155082198227152 -0.0141165320527955 0.609581048957442 -0.436978807860699
0.00453855340163727 0.00766206121874281 0.731930823247239 0.341247560989106
-0.0109557065518368 0.0280738574059195 0.111765301439613 0.583256642405736
-0.0215593772430895 0.0167564180903701 0.0628816886923358 0.0616504292948173
-0.00943462510400292 0.0205837361463439 0.0540787933390907 -0.522600478098447
0.00145396516710723 0.024682589204748 -0.692288399122832 -0.545842714285358
0.00155161726070381 -0.00810384146041096 -0.813755742337659 0.391513605711049
0.000224483585853023 0.004809634421263 0.0764063653601483 0.703797965409975
0.00272159499365814 0.0170190089891051 0.459588305587232 0.180800358713469
0.00619921248177628 0.00259713011285989 0.285724602542519 -0.168518207499175
0.0176130548242177 -0.0114389814413189 -0.0399539524193021 -0.211527620387773
0.00130887359145187 -0.00931685380054287 0.01733276330039 0.164161322019425
-0.000711038299596731 0.0132446066890318 -0.187113247301733 0.116485863077404
-0.0170409899520859 0.00344882532292815 -0.402490644495573 -0.139957163591859
-0.010385310699749 -0.0203125989511154 -0.156210147302639 -0.583944286294599
-0.0173386262834903 -0.0154003627379881 0.601501187014426 -0.445640220989547
0.00194730731053993 0.00911310815931838 0.734489444462297 0.332337593991978
-0.0130302989660027 0.0302348577989408 0.114219704919233 0.585859735427692
-0.0240518234853181 0.018499184488683 0.0601227375942208 0.068205972643074
-0.0116452502273421 0.0214247335928389 0.0554499529840471 -0.519008851507183
-0.00108972761390037 0.0237791128034257 -0.687876293772616 -0.55553087527843
0.00151162897614879 -0.0120834854027721 -0.82116131501577 0.377626194229418
0.00235387868498046 0.00283514576321615 0.068839569951762 0.704003835146248
0.00237879956692247 0.0196941435814836 0.459896910535008 0.185573713974836
0.00192912289003043 0.00394385001143527 0.286828875203741 -0.168269701180662
0.0153638308204832 -0.0125055121393389 -0.0384140498315316 -0.21504416937715
-0.00137860022168805 -0.00899115528796762 0.0193128786563875 0.162407957391793
-0.00410696852720837 0.0148019524279637 -0.187367252769431 0.115732905218486
-0.0164816355276002 0.00625740280146291 -0.399038298164986 -0.139454772421717
-0.00871063011498877 -0.0210483521734288 -0.155696313217412 -0.5851731343532
-0.017226785521143 -0.0171402608481819 0.595648277234896 -0.450615563773682
-0.00196478750419126 0.00809393880501241 0.729206013399396 0.332257834519822
-0.0160797402483502 0.0277088428183263 0.111758264515996 0.587609716301876
-0.0243135948310938 0.0144246034922616 0.0572703857170938 0.0731943578828725
-0.0143061815099854 0.0177524159138004 0.0554432033109653 -0.515744306497303
-0.00482057775205515 0.0220189642124556 -0.691291305272851 -0.557928319825218
0.00126114547787748 -0.0138476860930493 -0.825068754552329 0.373908887408509
0.00478449522070879 0.000481376323205 0.0647761477546722 0.70167014408272
0.00136008532356087 0.0220844152530815 0.460297431848641 0.186604485386016
-0.000817305897061372 0.00547720612877578 0.288270575735059 -0.169074877455266
0.0130516652233084 -0.0107757585182087 -0.0367072286080515 -0.218573267464142
-0.00457634743061114 -0.00654387435846528 0.020564828909622 0.159983235620358
-0.00503897689130052 0.0169737987971575 -0.188332833076297 0.114451102849909
-0.0159522786047793 0.00796976091871067 -0.395951732404518 -0.142340379848471
-0.00658129573462093 -0.0216290809369527 -0.146578619997223 -0.589553710174931
-0.0171344481139686 -0.0177627577587406 0.599783518855084 -0.444225025927473
-0.00482620387345499 0.00699235989966644 0.722698973868768 0.342553523581154
-0.0169034281256258 0.0228252562968671 0.102096868834354 0.592471091406099
-0.0224169623941302 0.0100915379085758 0.0541329382523724 0.0728058790556278
-0.0151815012880245 0.0135635628303511 0.0464762721561919 -0.513601832274185
-0.00783175157907735 0.0203303032851011 -0.699434560429809 -0.547272873442897
0.00100788338295588 -0.0132898695618626 -0.818920403824705 0.381003587818652
0.00715418742357692 0.00164949220186917 0.0772963997269673 0.699039961828207
0.000767814058598636 0.0245114221110333 0.465651169092125 0.181986542896591
-0.00357082343829534 0.00846164384286629 0.287252642270559 -0.170338824603241
0.00956236782182649 -0.00824132364477007 -0.0375396240131998 -0.220519669173548
-0.00673957711994462 -0.00429258853847099 0.0204546671383969 0.158359053169465
-0.00470654652617768 0.0179040976875422 -0.189906349559316 0.113727775008572
-0.0155995710169363 0.00868912213192686 -0.390945479164962 -0.147076675526772
-0.00483369315824852 -0.0207180275396395 -0.131990506970567 -0.596699215765444
-0.0167363800652233 -0.0165072406186681 0.609430886960976 -0.434195914680033
-0.00551884002493889 0.00655225973811837 0.712618711315593 0.356865186548659
-0.0164411780453512 0.0185379256358275 0.0928493783015358 0.596242310906303
-0.0196234088321843 0.00509635794456589 0.0523589976987236 0.074006282054859
-0.0152988511306497 0.00995457009446819 0.036366715878904 -0.511737643235132
-0.00864367874715665 0.0205661077745463 -0.711075391624335 -0.533809330500569
0.0015659845990079 -0.0130708272358038 -0.809766900507597 0.396425697918391
0.0093431403445015 0.00220739261492527 0.0944882431691057 0.693935690036731
0.00137100022577198 0.0274804337521873 0.472059868549611 0.175470123969209
-0.00290154447611934 0.00910615240953495 0.283673637956337 -0.172071782823954
0.00670960769404336 -0.0046581973533431 -0.0380058115059503 -0.221175473792103
-0.00897802634688861 -0.00135539453038684 0.020143413997754 0.157980174498323
-0.00307141458468141 0.0181913844344779 -0.192819133082983 0.113212733357012
-0.0160320219580781 0.00906843408642674 -0.385067923438726 -0.151768350408803
-0.00235267883815073 -0.0187804925730718 -0.114699084158738 -0.600150377539269
-0.0137085142657199 -0.0157213488213961 0.622101773478669 -0.422451468918268
-0.00396462435361869 0.00504635534339923 0.705812184148478 0.376308101340511
-0.0146226365731404 0.015269164369346 0.0797504781161553 0.600370194066044
-0.0173189448557671 0.00270863973714875 0.0506630539697782 0.0739145278019284
-0.0125657088708606 0.0072804641076593 0.026262356479945 -0.512014773007062
-0.00734926688358867 0.019749408713562 -0.723402395070007 -0.518768252452721
0.00215994001874076 -0.0111726067395766 -0.799369946792511 0.413171555884675
0.00984147107683521 0.00465050289565879 0.112767870337014 0.688260503496104
0.00162754649417886 0.0280432924230669 0.476023303992887 0.168670574789244
-0.00159168705048505 0.0109600830748687 0.282661834172067 -0.171459194379261
0.004682237378096 -0.0013006202999056 -0.0398917954081808 -0.220429226590735
-0.0108796011136071 0.00208926703382572 0.0170442691171892 0.158823959232539
-0.000940148291986929 0.0172278350376436 -0.195326940424069 0.111857852881714
-0.0151542140497441 0.0090764989365422 -0.37999923827286 -0.158664346465318
-0.00254602995179735 -0.0163128979073715 -0.0968659455118181 -0.605320578112286
-0.012495645406012 -0.0129651862987145 0.635142181103799 -0.409941879832094
-0.00180110702676723 0.00472754269152446 0.696386316892065 0.393114976330635
-0.0116480441691555 0.0127820723901574 0.0694462714122324 0.600899929439772
-0.0143732562267274 -0.00127789248343437 0.0507174424862786 0.0715733822891858
-0.00983114072833534 0.00527239560521827 0.0171291625353747 -0.512212255397935
-0.00406552920285703 0.0191974098908322 -0.733979389597214 -0.501297269232733
0.00380588212142651 -0.00791106844305747 -0.789807009594079 0.427537293481491
0.00938682539852661 0.00869431365706706 0.130271082333511 0.684806537598606
0.00206987838527789 0.0284384200390078 0.481430455330362 0.162331830935465
0.000681607238870029 0.0105741172295212 0.278036714278446 -0.171552199236604
0.00357605833465992 0.00237793247721394 -0.0430740027927707 -0.219171173215654
-0.010725042937053 0.00462526644079898 0.0146045098611788 0.159299452233538
0.00287630091774304 0.0165423965574204 -0.197622822412967 0.110704457365937
-0.0160250582469582 0.00694407103372429 -0.377612201240057 -0.161267352362969
-0.0032947854630122 -0.0127858716355812 -0.0794320749664466 -0.607973064451982
-0.0104993981973498 -0.0101040506439263 0.645150736161004 -0.396215328540609
0.00156281117219384 0.00453918602793312 0.689272700161411 0.408706104748366
-0.00854035873583491 0.0107911384854082 0.0631896776680839 0.601590731134686
-0.0107919514195146 -0.00314846433826851 0.050185026501298 0.0682351421205077
-0.00599584083722079 0.00329414440488523 0.0104458104428808 -0.515546468599415
-2.86418145391369E-05 0.0186430383764572 -0.74321833858284 -0.48733084541346
0.00449392061223467 -0.0058083091866845 -0.778448333339826 0.442295721681774
0.00944979740107843 0.0118153037406366 0.147509699460285 0.680900803285155
0.00354924468384337 0.0279055565596101 0.483388386261818 0.156409762117264
0.0049207025011098 0.0104844561392997 0.276867039608646 -0.172123178443976
0.00495724148139575 0.00406720405267727 -0.0455696195856158 -0.217340840293408
0.00286658627819008 -0.00733009019721575 0.0163189121437037 0.164417028490989
0.00292845699758459 0.00980556710585292 -0.185786570594385 0.115600929948762
-0.0155664624915838 0.00157732217550986 -0.39809814063114 -0.138850884282941
-0.0120655734134202 -0.0185890940758344 -0.15105810854529 -0.575327078890615
-0.0151325398841636 -0.0132210268486974 0.598069487092218 -0.435066661179423
0.00517414894057921 0.00898674188768722 0.723713209791011 0.332844198458676
-0.0110342013359364 0.0278859413100242 0.113860820185106 0.573233891449883
-0.0220181801164298 0.0162421811806921 0.0621455358877444 0.0619179019048814
-0.0090720498197238 0.0194892784123388 0.0494498024677204 -0.516413465221151
0.00256357034124655 0.0234745073053265 -0.688914677615306 -0.532549447824795
0.000920559236046652 -0.00764804966682341 -0.799275467028518 0.392429613548663
-0.000254890534576717 0.00499266266662452 0.0824667092976285 0.690175239198906
0.00272218080197631 0.0165077510450556 0.455246877864905 0.175667005824331
0.00650548269500232 0.00141620843397662 0.280188297995224 -0.169431915142711
0.0172531497821128 -0.0118757711016247 -0.0413357300655683 -0.20882363771284
0.00103631567577248 -0.00882685623677914 0.0178967455272283 0.162144764074126
-0.000840185389129454 0.0127285717820963 -0.184478370403538 0.115928963912992
-0.0173579192003901 0.00373323255130978 -0.398528384585047 -0.13428078465995
-0.0105973454603455 -0.020236675504112 -0.158352978650798 -0.575465892029638
-0.0168290736284771 -0.0157352943749699 0.587748407397441 -0.442253776066018
0.00210338556119226 0.00946633844501903 0.723145111961535 0.32292917458933
-0.0138830981811456 0.0299914368906613 0.117077859113266 0.574160620538243
-0.0238113211585517 0.0178967491348145 0.0597313380024786 0.0664931093387551
-0.0109498231194434 0.0214855949353651 0.0522797995803584 -0.511652535860851
-0.000375614786509978 0.0231452252561863 -0.683606501005609 -0.541755532956708
0.000878183224689806 -0.0111736195851268 -0.807397286258961 0.379662094994628
0.00210269740347951 0.00189981839956512 0.0731323348846452 0.69371315065801
0.0031673727825866 0.019011609201387 0.454379156796472 0.178938381557474
0.00220435837280292 0.00378821911396226 0.281613409163009 -0.169386995315491
0.0155313185985037 -0.0126336778655057 -0.0390499187285182 -0.212179471831294
-0.00208286654013929 -0.00832235997970945 0.0204716223790222 0.160553543705039
-0.0037331445667912 0.015371130750845 -0.183874088805226 0.115954877786625
-0.0159643243466656 0.00576014047359133 -0.396580627868915 -0.134239974180069
-0.00914354831719266 -0.0209556956824801 -0.159360199802689 -0.575487506550836
-0.0174707683069422 -0.0156946470211544 0.583689116256125 -0.448712536850656
-0.00223470719453638 0.00905532490989512 0.721179581343528 0.32237458347825
-0.0160387631717358 0.0262196758888783 0.113772720648164 0.578197130367017
-0.0234067586366009 0.0142891745958072 0.0575043471736565 0.0701649423652699
-0.0143758871814128 0.0173903044510944 0.0505714923012559 -0.508476241000018
-0.00441849170055486 0.0221782999028036 -0.682088671521724 -0.543429351204936
0.0012372180294649 -0.0133989259789656 -0.811459762842007 0.37348253259303
0.00557857570446152 0.000266710964774767 0.0700816119950386 0.690186909920441
0.00182551554166061 0.0214363429808484 0.455830380159466 0.179200048976942
-0.000644132872599982 0.00567382125858141 0.282720462449091 -0.168852980535461
0.0123307239121886 -0.0108459413793713 -0.0372586583415844 -0.21546447340411
-0.00518733051391432 -0.0064663247552353 0.0226862008178619 0.158366928493225
-0.00504075449578858 0.0167933698214692 -0.186075163430962 0.114286956579571
-0.0163423307273296 0.00863074985585052 -0.392686511943377 -0.13791777058562
-0.00634993216063874 -0.0214656140491588 -0.149153436760501 -0.579803986399529
-0.0175344314719034 -0.0156136345294282 0.588412358257454 -0.443553238443362
-0.00504139289243657 0.00739826799856692 0.713595330325278 0.333921344260646
-0.0168238416202498 0.0222144650677456 0.105815281557986 0.583026354923198
-0.0217181380222893 0.00894640422015477 0.0539203601098944 0.0723128031383386
-0.0150625721774154 0.0137632560910368 0.0433227355361328 -0.506324209494051
-0.00659941441561759 0.0209547571418899 -0.692244636775836 -0.535388016139225
0.000783134591768807 -0.0134124145955896 -0.804572413414582 0.383480635596171
0.00790743712371885 0.000849724741553589 0.0822010581033849 0.687140544050409
0.00199388152389496 0.0239278867279192 0.460905438348949 0.177678161273784
-0.00299504804079479 0.00806013149767925 0.281311119912854 -0.169671859092456
0.00922578391408167 -0.00791370219345347 -0.0385234570011803 -0.218566725869256
-0.00719665147265176 -0.00408649667729457 0.0211789941124406 0.156157905618691
-0.00475205078545603 0.0173543676068926 -0.187386132734428 0.112664497238341
-0.0161044483914294 0.00893702494834107 -0.387383279877229 -0.142356650532441
-0.00470066662699562 -0.0202273006251939 -0.135036130393997 -0.585569880942854
-0.0163968633339535 -0.015577183244122 0.598502982992399 -0.43176488640036
-0.00573187909581803 0.00622312200520051 0.705972221117006 0.34911071499444
-0.0162611747056434 0.0188337055242935 0.0934865644984187 0.585844862027436
-0.0193219158522627 0.00507352976146911 0.0519283326510903 0.0725544285201126
-0.0141962698228125 0.0102671178292456 0.0321833505984687 -0.505578792595042
-0.00763273411172595 0.0206945065984468 -0.70459524650318 -0.519196370273791
0.00150805870545083 -0.0124748989346289 -0.79499993057081 0.39797382282979
0.0085747932171275 0.00282439633856755 0.0982855953511806 0.682443722362989
0.00198447825753927 0.0263129600864937 0.466507214645471 0.169943292394984
-0.00353369136565006 0.00964677727481044 0.278422326201794 -0.171369619978341
0.00555823894535207 -0.00540859421614481 -0.0395897010918345 -0.219256163184245
-0.0102545770349753 -0.00084910529663611 0.0199928457468943 0.156350714153914
-0.00375211339242099 0.0180229159091547 -0.188647368503112 0.111254676338364
-0.0163367240628672 0.00940963789026466 -0.381505929671595 -0.147982981186335
-0.00327492565495742 -0.018980903071203 -0.116981227590063 -0.591391970435893
-0.0144258254750336 -0.0144108612024875 0.608973577220354 -0.420234445962173
-0.0043442342074892 0.0054095899172726 0.695506740748819 0.366117010506476
-0.0146785673383791 0.0153663295225266 0.0831088359824547 0.589147988358021
-0.0169359073603626 0.00180146368980161 0.0500011531656084 0.0726464671091306
-0.0123407657908556 0.00722136171630742 0.0230497531574837 -0.504714219951513
-0.00727862366994731 0.0193406658729842 -0.716759823783352 -0.504249397526204
0.00148782108812278 -0.010228349389982 -0.787687392684975 0.414048684450652
0.00996774739568076 0.00482773044357784 0.118196620712194 0.678116939998168
0.00198785175362594 0.0276626036207997 0.471313314880041 0.162213927309118
-0.00132018859525162 0.0105204821965932 0.277351671716201 -0.171916490607887
0.00462998580799038 -0.00138597092939804 -0.0414061867557772 -0.218233066809807
-0.0104832974613295 0.00252655687957144 0.017804983423433 0.157124359917546
-0.000998486611647455 0.0174957912588671 -0.191622385182699 0.111663507201996
-0.0156156165007287 0.00875046336990824 -0.376744385762793 -0.153452686470877
-0.00322095663096796 -0.0162129504716814 -0.09957848199885 -0.594722322634898
-0.0118853796000828 -0.0130685255546398 0.623099818504934 -0.406332590112441
-0.00253764705391251 0.00502889117555575 0.688182601342058 0.383562768950048
-0.0120134153914855 0.0126196222220626 0.0735186043350903 0.591144237823797
-0.0139081214701993 -0.000816146590552859 0.0500643337843956 0.0702100331327523
-0.00953630158815806 0.00470480293323535 0.0149421629632985 -0.505425653314974
-0.00402153734012167 0.0187086282970897 -0.725812533664163 -0.487479498524245
0.00345916293240278 -0.00746486507922578 -0.775430556138088 0.42693851400583
0.00875769108388267 0.00815421082065585 0.134786040275326 0.672900586176477
0.00400081401258282 0.0273937455699566 0.47589153814856 0.156009664687008
0.00115044565798627 0.0102252605129834 0.273953857488396 -0.172280363643489
0.00401476577768884 0.00151087215625147 -0.0442057309996145 -0.216449154144029
-0.0104042479858286 0.00478375159694092 0.0164546220887485 0.157945103109173
0.00292484322218824 0.0157234550655394 -0.193273475892207 0.110623889742977
-0.0162245647912476 0.00718540469561886 -0.375254920336142 -0.157233771815309
-0.00384350118295629 -0.0127802751808945 -0.0842999985707642 -0.597834918001098
-0.0109725308323034 -0.0099018334102862 0.635152678433904 -0.394999288132751
0.00117167603711992 0.005166360991536 0.680801545211868 0.399235784983578
-0.00837632048589791 0.0102074625085056 0.0649063194240221 0.593209962772826
-0.0115874975341392 -0.00334900915417248 0.0502706456258457 0.0663023185169912
-0.00578009460231938 0.00309495060184263 0.00751043765435913 -0.507386420070349
0.000240743123259641 0.0181869519263897 -0.73480645074331 -0.473048958187629
0.00533578306706618 -0.00492721509690506 -0.762144087643518 0.441619510090001
0.00947642113945904 0.011518956827909 0.148461557971863 0.670100391963033
0.00263333596338712 0.0264871570047853 0.479643936678941 0.151266621710857
0.0052883408443407 0.00924621512203917 0.271275258720311 -0.172177768958056
0.00484493838113702 0.0043498238885447 -0.0462382559193815 -0.213481187992853
0.00263152651804119 -0.00752383949995286 0.015117712206402 0.162742340498798
0.00212771175353118 0.00901982262128591 -0.183456163629291 0.115684518056097
-0.0154801338403626 0.00161391777692597 -0.394500121684439 -0.133910027262624
-0.0127919373169481 -0.0181027831347662 -0.151682208652916 -0.566497196069861
-0.0161624213258781 -0.0127882738470673 0.587601714007441 -0.430608723706372
0.00510423990074828 0.00902017423016747 0.714061268512207 0.324765019530066
-0.0108104206342338 0.0266377550043376 0.114245077476123 0.564600204399485
-0.0212207342159585 0.0167478187762428 0.0611966001801743 0.0605910822620458
-0.00820535422935638 0.0203562577993693 0.0495917872529748 -0.509618618091263
0.00266586759210329 0.0227374617023847 -0.677782992285936 -0.523498060944699
0.000700018870167032 -0.00829299994902451 -0.786143718219908 0.391912566159039
-0.000393223544195818 0.0045470398588033 0.0829019253280199 0.682102977251423
0.00334479896081213 0.0161608996035604 0.449117483141876 0.170304681479125
0.00642825129827705 0.00170206070026271 0.274559026821207 -0.169225351335692
0.0174290546394622 -0.010864032731476 -0.0417418423720304 -0.206201877678858
0.00040995547898752 -0.00766506500542577 0.0196424145010804 0.159634129011271
-0.000518371750246884 0.012054981290403 -0.18183877762582 0.115290986139335
-0.0164062090660222 0.00398444689623406 -0.393499729995034 -0.131237473783489
-0.0117752529765905 -0.0195215782378776 -0.15977089808335 -0.566152008815035
-0.016664612765153 -0.0153972476716945 0.578996506378873 -0.439168716543644
0.00231913676450598 0.0090200022583569 0.714413085182706 0.316847155866302
-0.0127904890090459 0.0289795051355892 0.116655226696329 0.5668725905025
-0.0237410511367269 0.017170969864336 0.0590741811101306 0.0654699056506577
-0.0111545949977019 0.0202527142213669 0.050631547996316 -0.505814863767145
9.1331883433866E-05 0.0232219156550597 -0.673396138366074 -0.529875754820945
0.00107608935712325 -0.0113602555514549 -0.793856284000409 0.379022588780852
0.00253984994962683 0.00171736788567445 0.0740883808277144 0.680902503553925
0.00324860913301272 0.0186067810682009 0.449035515643999 0.173902952970204
0.00238473126471316 0.00408533987904063 0.27734141583836 -0.167840658603382
0.0144595373829449 -0.0124699650463891 -0.0385176437814159 -0.210495500745972
-0.00253664261296021 -0.00744600155599486 0.0207896347382693 0.158315599458263
-0.00321656361255051 0.0146204512811111 -0.182157311184127 0.114254565068883
-0.0159143523926835 0.00631648662168053 -0.393234436519408 -0.13020882686468
-0.00911875347436318 -0.0211745664308744 -0.159075032420854 -0.567564406840076
-0.0170632090987862 -0.0159452481626717 0.574459125052287 -0.445013494603788
-0.00134345247976217 0.00857682135081422 0.712468388085599 0.315022683530502
-0.0155250995844282 0.0263752097065018 0.11397931018442 0.570114669627163
-0.023457455664421 0.0136095508564558 0.0556262741407875 0.0696225883878983
-0.0135937344869497 0.0170954400055327 0.0494237373296511 -0.50096853309801
-0.00411918557760816 0.0211345023597552 -0.675180162979733 -0.531173218198681
0.0012382457000614 -0.0127681662450077 -0.797861824303881 0.374199278868491
0.00522875364717133 0.00112433556063167 0.0723315766483149 0.680497442951766
0.00308021573506545 0.0213509299263829 0.449938330985174 0.175354553851561
-0.000256279037767333 0.00605394159807208 0.277161730527142 -0.168777767766564
0.0116192651460648 -0.0109234580059112 -0.0380893236615706 -0.21276997423072
-0.00587170920006854 -0.0054910902719987 0.0223339435722926 0.156463016450944
-0.0047195176906785 0.0166601153185069 -0.183170479846788 0.113343271143257
-0.0157742320912984 0.00763566810397135 -0.388206052219046 -0.134229130013703
-0.0073472478120062 -0.020906112117323 -0.14938912320128 -0.572081636346261
-0.0164513508823918 -0.0156476715688374 0.579988958440087 -0.438563479517984
-0.00434232909795238 0.00746137320764477 0.704256959417638 0.327153907087845
-0.0168159426927903 0.0211511679559001 0.10452686284133 0.574039462919857
-0.0212788530516757 0.00850092425448428 0.0533840555235205 0.0715687341191022
-0.0143625133317296 0.0129953519163597 0.0420120268063833 -0.497780479604132
-0.00702622039842164 0.0205496101492752 -0.683714616625074 -0.524650995403889
0.000574726367597872 -0.0132073473019126 -0.792384353104995 0.381609946436583
0.00696420697329888 0.00116433855055958 0.082949608348125 0.676808143954798
0.00238749708152288 0.0244299319749387 0.455328174729335 0.170921580333983
-0.00267980029039367 0.00835846756055184 0.277572138748496 -0.169403116050723
0.00837086672030718 -0.00784694496424278 -0.0377592801588498 -0.214629308510243
-0.00847039358519019 -0.00359229919814834 0.0217419080681326 0.155151637853641
-0.00376470237394508 0.0180063600944032 -0.184236072887127 0.11238093024349
-0.0160468222257186 0.00884937086118566 -0.382374693533016 -0.138837993141986
-0.00507635978225442 -0.0202346504927259 -0.136099175090585 -0.577628955386404
-0.0157620721300987 -0.0150834102705187 0.590762687675922 -0.429485244763323
-0.00450683805783582 0.00655759513907263 0.696536951664688 0.341960340207459
-0.0162320701892861 0.0178061059210943 0.0934002923210736 0.577168332591233
-0.019441272862733 0.00506495875917575 0.0520249650104542 0.0710603240709103
-0.014407060437407 0.00975099305922295 0.0325537595511766 -0.497822268705388
-0.0069651175851208 0.0201092994859402 -0.695670340408233 -0.508677644781716
0.00129256923369734 -0.0124124243183343 -0.782941296355693 0.39481078044672
0.0089838096262978 0.00197371539500419 0.101337065823128 0.674267019524891
0.00256240290588863 0.0255519259019868 0.462751887363116 0.16396458218842
-0.00321351849943577 0.00905651844942108 0.275290140876544 -0.17084605756918
0.00679158126763931 -0.00538406579927415 -0.0395551235582543 -0.215454570120014
-0.00928097976019612 0.000195654884784234 0.0211980350501744 0.154618743952741
-0.00349129311352187 0.0184912807981255 -0.186924452615568 0.112403789536041
-0.0150558850984276 0.00896756610308984 -0.378727949472995 -0.144609489112376
-0.00336625439552245 -0.0184243283224132 -0.117205703275866 -0.583523598218407
-0.0141936763802644 -0.0145725652420786 0.600559433162071 -0.416552891413132
-0.00378809297896976 0.00604822595524086 0.688528683433929 0.358676818131836
-0.0148754838903514 0.0148820993785868 0.0834650583259579 0.580606701272141
-0.0168363340198269 0.000819378194593998 0.0492305576383095 0.0701201371544222
-0.0125951001831573 0.00756402854509695 0.0227878311611859 -0.496536586855654
-0.00600787792454239 0.0191712895568821 -0.707760972416284 -0.493095993362205
0.00171673234635809 -0.0102133038456497 -0.77309254987523 0.411253663364009
0.00921138682034025 0.00560633317412677 0.119341985955979 0.667321718410558
0.00337100166704787 0.0262479798217753 0.464005181180066 0.157862238112224
-0.000935830521006495 0.0106479489743961 0.272253794134308 -0.172856404700069
0.00446813956127826 -0.0015060572631479 -0.041222352567287 -0.21516541650902
-0.01056219707533 0.00189857597008946 0.0180781937484275 0.155327410989345
-0.000213022089361414 0.0172092746135189 -0.18896751883163 0.110320980182939
-0.0149905445534183 0.00879767614511298 -0.37420412331285 -0.149352805070311
-0.00347058432377485 -0.0161555594076399 -0.101421857787305 -0.584413466131807
-0.0121359117218087 -0.0114135031672946 0.614578528353271 -0.403254141717311
-0.00158554664099865 0.00505359440215849 0.679520125227367 0.375288049866853
-0.0120772684027148 0.012203181768012 0.074051332249562 0.583158731001007
-0.0132307364095309 -0.00159898959625892 0.0496372593832392 0.0681458950817711
-0.00855589114441083 0.00451972042090965 0.0147666042490638 -0.496733582395947
-0.00333297645078495 0.0191127503018072 -0.717505249396985 -0.477386630220051
0.00241770085544502 -0.00697210337126258 -0.763583621133963 0.426272868884584
0.00913147613897292 0.00808873877356237 0.13391155295123 0.663392268776323
0.00284031437182775 0.0273327770583482 0.469915474572122 0.152107103564691
0.00164654845290308 0.00974385305846501 0.269503137773777 -0.172477241828716
0.00298450035476692 0.0011919221469932 -0.0445916926184254 -0.213649801356379
-0.0102280380983519 0.00540452418642229 0.0156486231410029 0.156744371839507
0.00313653426175632 0.0161801590708881 -0.190304265873608 0.110809606713449
-0.0161608347610084 0.00788828082564071 -0.369506093296462 -0.15267717339442
-0.00477571501160802 -0.0130392013003418 -0.0862960617815708 -0.58843726595949
-0.0110672744683739 -0.00971568713445163 0.626660463936053 -0.390947931543657
0.000991807111003905 0.00453740348253629 0.673000288704008 0.390655087677027
-0.00817228033074054 0.00954520591396496 0.0669930189553453 0.581565277705182
-0.0103189227264938 -0.00345161814565385 0.0496542776099958 0.0651893741748375
-0.00592735997476196 0.00210307255168855 0.00670514677308877 -0.497122919843843
0.000284262923157981 0.0183991844329285 -0.725983734352996 -0.463936198984003
0.0036100860472633 -0.00538965294924941 -0.753082514307314 0.441044610537002
0.00896804207894167 0.0118053466540343 0.150060405730375 0.66104573743563
0.00428867869241868 0.0263039164140834 0.471728096261425 0.147795937367359
0.00627584397972059 0.00918822331678838 0.268237559311424 -0.172912797964738
0.00547710586302041 0.00490150093668059 -0.0477900757033731 -0.210988562785867
0.00276673193536532 -0.00799954331267347 0.0155619386176687 0.161271227007619
0.00233038064287149 0.0090544661615085 -0.179814963681027 0.11385111737927
-0.0158059747838907 0.00262432844623086 -0.389631376841498 -0.131299116438892
-0.0127016594613223 -0.0174467574829898 -0.150557151949567 -0.55974282692166
-0.0149840513026414 -0.0119157320487982 0.579773324994278 -0.426325008019112
0.00438419975592394 0.00853399100334769 0.704832949868238 0.318597712032067
-0.0105368657548969 0.0276004988814787 0.111325826918678 0.556049635094513
-0.0204039428130495 0.0164306177528981 0.0603584937163988 0.0588568116596034
-0.00823792254671192 0.0187261878036529 0.0495395167500034 -0.502369567268438
0.00292618871647821 0.021985968953156 -0.670571170967806 -0.517484789095125
0.000341874600855005 -0.0082148030860911 -0.774607417248625 0.387680662885224
-0.000100310535399781 0.00460724598786453 0.084249386923675 0.672707114677086
0.00351432987272845 0.0160166401200845 0.445350899694142 0.168020624583624
0.00713833390009956 0.00249054108571405 0.270230319644353 -0.168331746706803
0.0175221163851577 -0.0119218841299907 -0.0418781740394019 -0.204373959786705
0.000396917169912163 -0.00755553004082567 0.0189974966093113 0.159157002778181
-0.000588240331286922 0.011960876011574 -0.179968433405074 0.112984174008426
-0.0157042342813463 0.00477035456934565 -0.3909274752494 -0.128493418367936
-0.0117387877066438 -0.020299194209412 -0.158369243858092 -0.559142201447711
-0.0160469462253128 -0.0137063508085251 0.571232333185871 -0.435574521858073
0.00263522295384446 0.00971375478310349 0.705032236122635 0.313143115430976
-0.0121966800882491 0.0278664613670399 0.113350103741702 0.558056494494459
-0.0229314563399742 0.0174284332205085 0.0579124869566386 0.0640172455886906
-0.00988508921266311 0.0202383150934422 0.0501541205073902 -0.498793264602219
0.000611062173372 0.0228610174328472 -0.663707390195996 -0.523566881833831
0.000643873555259184 -0.0114947772608878 -0.783837743691731 0.375470923786156
0.00199174750530747 0.00135540655420653 0.0754929968830033 0.672949512399648
0.0036025261868622 0.0177594605030585 0.443804296740764 0.169723435646432
0.00270216499087246 0.00374564917716095 0.274344962155473 -0.167605974720531
0.0147369336977774 -0.0129603051133896 -0.0391956301962198 -0.20868036349661
-0.00249447144189096 -0.00767566586459759 0.0204691169591343 0.156983686846451
-0.00357091238542205 0.0139095934573013 -0.178671234457979 0.113037551245078
-0.015494544972228 0.00736328177255706 -0.387714005017232 -0.127479780109178
-0.0093556630804597 -0.0198759835590769 -0.158592658134032 -0.558768527684503
-0.0174323892061258 -0.0151559285683798 0.565973165843057 -0.437880779196596
-0.00184634951867894 0.00776192444733351 0.702691885209886 0.309400825427027
-0.0159928358466482 0.0255841935050281 0.11160711770666 0.561119384974711
-0.0229287494659577 0.0131719379365227 0.0545444981024414 0.0690906071816431
-0.0131287242975798 0.0166937009884895 0.0500825983233746 -0.494217599141163
-0.00282087725890266 0.0223354857616775 -0.666086947410554 -0.523719857607776
0.000845146368286906 -0.011952975105117 -0.789134817604572 0.371357696319407
0.00568726210906606 0.00145979291341319 0.0720993923199193 0.67005223174948
0.00275594613025343 0.0217052250519821 0.445768202951463 0.17253877582889
-0.00068563752372711 0.00491410780881677 0.274416344964052 -0.166761955437921
0.0120540413463288 -0.0109515569463358 -0.0369385918531534 -0.211353501817273
-0.00579526320583372 -0.00565380622074934 0.021568364005373 0.155523054529953
-0.00512354254220405 0.0164010901821758 -0.18046355421183 0.111777021438154
-0.0154786124383576 0.00794691605915863 -0.383974542829482 -0.132564701676667
-0.00772767798797828 -0.0209954211328672 -0.1501319593963 -0.563663887721832
-0.017275427093441 -0.0154125050975659 0.572695925586888 -0.432705146986984
-0.00406214820554493 0.00701811971484721 0.695397705789732 0.322038434819902
-0.0171426625290726 0.0218400137266787 0.102819575432526 0.564408975386189
-0.021434453192671 0.00839859726568618 0.0523265022285639 0.0704188574632119
-0.0146181210532639 0.0133616356726351 0.0418008161885142 -0.49169338143966
-0.00723761904266736 0.0200764398022339 -0.674949680557227 -0.514697076539836
0.000456249895300373 -0.0124430281743007 -0.781842052421953 0.377893513821253
0.00754946310541339 0.00103547674557484 0.0839842585324763 0.668453017533873
0.00207517732310483 0.023154754839429 0.450150065797073 0.168707449962865
-0.00237595989327707 0.0070478564408768 0.273679824303259 -0.168187705800222
0.00888330070025258 -0.0081764121810763 -0.0385543151626168 -0.213523910291294
-0.0089742526572177 -0.00292743547680523 0.0212050218086108 0.153703165247073
-0.00485802281901265 0.0175442493786373 -0.182077787443294 0.110795786567247
-0.0152110562979533 0.0096259666524906 -0.379409643228105 -0.137066800112635
-0.00540408531255852 -0.0201679594559371 -0.135194600412405 -0.568856265201723
-0.0156240814429677 -0.014256915468055 0.582262201389881 -0.424914287939782
-0.00454948277808712 0.00615837272460636 0.686335243049707 0.336943207241291
-0.016018751296054 0.0181769338017966 0.092589541952471 0.569195252578601
-0.0190214800719674 0.00462451116741657 0.0509952220668241 0.0699487864927108
-0.0137728004206693 0.0101980382698933 0.0314925793413211 -0.489753514497906
-0.00729440595829903 0.0192436313243817 -0.686866367087733 -0.500485161756978
0.000947086248180145 -0.0111911120730692 -0.771502752136274 0.391243530303864
0.00814793254309223 0.00249340966805784 0.101160856017543 0.66524220618732
0.00176733496323399 0.0256014894218181 0.454787640271123 0.162117320773109
-0.00232053590121718 0.00940425735513767 0.270780153592942 -0.169901458077143
0.00684297895146888 -0.00498923587195416 -0.0404868546765227 -0.21266631919327
-0.0104733019625702 -0.000869265054348506 0.0207095587051353 0.153757031062226
-0.00331769485476319 0.0176532206767466 -0.182969093019266 0.109943209131469
-0.015522915830875 0.0096011581195529 -0.374341736317924 -0.14231787726524
-0.00357416227573948 -0.0178958317528811 -0.119130227141493 -0.575611158283924
-0.0139886827692933 -0.0135664934995185 0.593363579900209 -0.412446477852248
-0.00293769240872256 0.00660774295142488 0.680657204572047 0.353784554754335
-0.0152519641265665 0.0148628366892088 0.0817558527031379 0.572068498313168
-0.0166237596085965 0.000519870205995929 0.0492281587848405 0.0698118436435253
-0.0114486831937959 0.00688085047807616 0.0229931694680213 -0.490375339318944
-0.0055096353991588 0.0191996401244665 -0.697909965368973 -0.484856340043923
0.00183220670202503 -0.010122751577649 -0.764953733980168 0.407199699730846
0.00926681497879606 0.00578335271208981 0.117626083976796 0.659505022667751
0.0031881085871405 0.0261678611277457 0.460052831585693 0.156835569525587
-0.00144163105398185 0.0103516836682997 0.268639496080764 -0.171256038219277
0.00465487940388493 -0.00174249607571378 -0.0403988409778535 -0.21404189856297
-0.0114066142884325 0.00272510110857295 0.018955773643225 0.153666038269431
-0.000770220444043691 0.0164667288480278 -0.185597428474012 0.109244193677342
-0.0149629620474225 0.00835766465381139 -0.370359132868911 -0.146941484000106
-0.00352961310826507 -0.0157321746711863 -0.101196249105754 -0.579353986471361
-0.0120328765762332 -0.0123351235962556 0.606105506370677 -0.399088555980656
-0.00105542334525939 0.00537522840014587 0.670331240954577 0.370671711996643
-0.0122708072972455 0.011680468529142 0.0715737191081507 0.574785042378601
-0.0133268900936373 -0.00078539057740438 0.0488362034038952 0.066563897576978
-0.00909219242570018 0.0049702708635903 0.0137458244672173 -0.49027232695657
-0.00423951332911012 0.0191919579067969 -0.705710372266046 -0.469987174196009
0.00308978383129553 -0.00817607927603849 -0.750636371216772 0.420515814365055
0.00962584024225844 0.00740786822188966 0.135602429572968 0.655073894008027
0.00306619592029924 0.0267028726892651 0.465046957906698 0.149741636933718
0.000776724237984663 0.0108237550995262 0.264654185015768 -0.171821256486813
0.00354453871653785 0.00124627438865283 -0.0434715116954943 -0.212255710529076
-0.0106474959650567 0.00572846906085907 0.015618360047321 0.15545051654292
0.0024752379931075 0.0146318270992427 -0.188107870578978 0.109547482183172
-0.0152816768876146 0.00779769105202178 -0.367135175133837 -0.151529891415905
-0.00470982823470319 -0.0131009351874557 -0.0863905960300126 -0.582864395678554
-0.0108056265520955 -0.00895627268511013 0.61669751378804 -0.38650614579315
0.0022621462749392 0.00570101413979086 0.665510897905065 0.384442781804073
-0.00822021360279057 0.00995017138278146 0.0646957511258873 0.575162408141038
-0.0104783625988702 -0.00439729968742375 0.0492019338711372 0.063603360984877
-0.00485501338171439 0.00228827661418122 0.00737606602566872 -0.490976283028524
0.000514860832571281 0.0187237606355292 -0.715586404872862 -0.455788447378733
0.00456682764562373 -0.00472742674480465 -0.741786121870161 0.435445966326271
0.00887060299270806 0.0112810129796872 0.150081740343198 0.651077573589334
0.00426188485318986 0.0252957379452499 0.468318306615562 0.144234087657848
0.00575437306850085 0.00810477778701677 0.264487090627944 -0.171300299014616
0.00541456516947833 0.0044473813087415 -0.0471071908415325 -0.210024482440646
0.00166926074598052 -0.00760856405793952 0.0144895578878435 0.160175344894591
0.00187081358797419 0.00858201798709817 -0.178471416554775 0.112606573137757
-0.0153550398538826 0.00170350461168011 -0.38693031517346 -0.130778762464251
-0.0130081992826038 -0.0177408212097041 -0.148257421052423 -0.553437398256018
-0.0146805747324552 -0.0121152617030361 0.574541573773236 -0.420739145668607
0.00465254136908779 0.00908004237140345 0.696394308013089 0.31793216294622
-0.0102066550915446 0.0268108469417538 0.109593159719448 0.548861370604248
-0.0202616315294151 0.0153698932217035 0.06017989359704 0.058407071244288
-0.0078024431206878 0.0182895240892107 0.0502042605439125 -0.49549891289951
0.00306374404226519 0.0215795058502518 -0.661108217228722 -0.509549578896508
0.000737773508363421 -0.00741507964608216 -0.767217784326585 0.38324944770286
-0.000733497033200739 0.00461644803293512 0.0818737957127718 0.666403715650927
0.00360359451055023 0.0150593060883852 0.43914010527697 0.166357895794683
0.00606604597600933 0.00191948727839026 0.268019389371775 -0.166363480712748
0.0173680578430115 -0.0113013518145541 -0.0412042281064443 -0.202406929739168
-0.00103560996750375 -0.00821210259538469 0.018603243860796 0.159046779088233
-0.000682168488028416 0.0119047337162481 -0.17734466728032 0.111166237217164
-0.0163534157300276 0.00439926906043271 -0.387031860165132 -0.126743452235619
-0.0117684541514963 -0.0197242614268571 -0.155651669867821 -0.552232022824877
-0.0154970333173408 -0.0137056681292135 0.565756191437791 -0.428921973833035
0.00261768986912536 0.00936325893242447 0.696434579615249 0.308735740113299
-0.0135168896601413 0.0270384937185417 0.110912878872213 0.551995420525107
-0.0223539842969135 0.0165241061545475 0.0575434134815045 0.0629201587690484
-0.0102030695388868 0.0202154915911367 0.0505696848082865 -0.491351417024056
0.000778431866711959 0.0222714442910624 -0.654902187619024 -0.517540014506316
0.00125952501953921 -0.0101302626211206 -0.776846941292441 0.370130465271825
0.00187265287485002 0.00205331784514795 0.0746377579051253 0.666125260020827
0.00371236857249634 0.0177186110526213 0.43831836115366 0.168306439454775
0.00284139423694911 0.00390886356684049 0.270945070954527 -0.165880433165217
0.0143745291996376 -0.0125498668212634 -0.0389730748930509 -0.204686829503224
-0.0025697734028049 -0.00657830166356706 0.0196378734780892 0.155336318854457
-0.00325975354845674 0.0142928150294475 -0.176739174826331 0.111673212079288
-0.0146261096641729 0.00646975205029007 -0.384653494079463 -0.127744270204581
-0.00910026026014565 -0.0210203473738084 -0.156838839946453 -0.55323290653714
-0.0168823440037717 -0.0143946179468831 0.560325645893501 -0.432714475861316
-0.000778293022128432 0.00886073322216069 0.693717226535482 0.309248514251772
-0.0158794177384609 0.0255517540150705 0.108431899170729 0.554640556625403
-0.0217885414372656 0.0132773488760783 0.0540302146437329 0.0681551987533558
-0.0127428979645893 0.0169384990001454 0.0497318329013691 -0.486916113737327
-0.00339858649667952 0.0212486831287497 -0.657609754623331 -0.519487260209829
0.000440074903466403 -0.0120579156145343 -0.779790680065494 0.365053327441052
0.0056173125371659 0.00137905090094803 0.0727849553430534 0.665268908379145
0.0028406721753071 0.0195821803507853 0.440088605265217 0.170985622137324
-0.000185240372453219 0.00507460344547653 0.272192246499331 -0.166363910262589
0.0123087962793717 -0.0106523705137429 -0.0375750150203185 -0.209406235978887
-0.00598344927013164 -0.00473648522368313 0.0206079675860828 0.153843598055432
-0.00436390157335817 0.0162872995079017 -0.178007153352415 0.110139259707522
-0.0153606711211548 0.00881762932695257 -0.381142537474113 -0.130783769854285
-0.00761765775361013 -0.0213509176738973 -0.147578500765732 -0.557560434631557
-0.0170611601525841 -0.0146081557286516 0.566498777024755 -0.428576135029435
-0.00391860456029247 0.00789329298449102 0.686403052149296 0.319305690808465
-0.015625839047353 0.0206936586070797 0.101568812664698 0.558260145759954
-0.0213380556686268 0.00808314404841387 0.0520593546399085 0.0683012483076186
-0.0134513389899588 0.0126014882745925 0.0434679273482786 -0.484946528399065
-0.0063475251231915 0.0199322194910115 -0.665985056384123 -0.511461393181514
0.00122474227377137 -0.0125731087622611 -0.773454161035107 0.37367676523524
0.00729091553066473 0.00115101228099029 0.0820990183898637 0.660575290225039
0.0035327778374182 0.0225753653703079 0.445721596209318 0.163842607489177
-0.00274847362997136 0.00767813559134154 0.271389730684161 -0.167756577333746
0.00940401285826049 -0.00885237530350034 -0.0378187191395845 -0.210978247923159
-0.00938115995452259 -0.00279546010633372 0.020914426825428 0.152229516179918
-0.00405625747853719 0.0170249740630256 -0.180393689055531 0.110350234970103
-0.0144652480859654 0.00949031269411498 -0.375696849364886 -0.136583897279583
-0.00477090318185635 -0.0201490947869885 -0.132089129367089 -0.562843842437721
-0.0159720632790272 -0.013838871314498 0.575489068605777 -0.417817283815436
-0.00465730944125249 0.00644929325750059 0.67828506570626 0.333621288123404
-0.0170756647365601 0.0176756997789938 0.089408983073816 0.563226604314396
-0.0188359207986383 0.00398569420606224 0.0496238001938053 0.0693035493454556
-0.0132648148629792 0.0093652493830536 0.0333940070966111 -0.484186503181601
-0.0066002670051237 0.0189203506898139 -0.67797990786153 -0.496930748915386
0.00144347985759396 -0.012095129815675 -0.764396435343871 0.387949228406553
0.00892569408779244 0.00233652269000374 0.102052716033756 0.656037112167848
0.00323076609897158 0.0243083405828591 0.450720184843965 0.158705345767214
-0.002415084431674 0.00928296070235236 0.268612704999955 -0.168543133329454
0.0064568863964671 -0.00538157360612117 -0.0388721288265724 -0.21112275661583
-0.0102502819145314 0.000242922854947209 0.0193289386448929 0.153030836071006
-0.00375621553814317 0.0173617135978892 -0.181542223756228 0.108129919163558
-0.015070972893738 0.00982713505273635 -0.371159074954195 -0.14065939375589
-0.00373276944331598 -0.0179842017400765 -0.116177833514283 -0.568833573986226
-0.0137669104981295 -0.0121910421418901 0.587066457580108 -0.405843395240805
-0.00337187510026085 0.00592228445139166 0.669011968696216 0.351271319845865
-0.0144562947144167 0.0142560890387247 0.0798355046176689 0.566002038117813
-0.0155102210099271 0.00102565548006189 0.048119183236089 0.0684346594526181
-0.0104443155020442 0.00587759056063198 0.0244669435169725 -0.483348214122832
-0.00573688365299452 0.0184910834368728 -0.689071452319374 -0.479982827455147
0.00181542053170406 -0.00930121153092314 -0.75362587762644 0.402940824288479
0.00877338804541517 0.00624496304007231 0.117305634746636 0.6524212562646
0.00354224359689662 0.0250868573410225 0.453380045979228 0.154339226018145
-0.00146525085509774 0.00991010156857443 0.26618236900528 -0.170737619617567
0.00454425969386689 -0.0015391630028677 -0.0405585035415109 -0.212016764960478
-0.01140325874849 0.00296405903163986 0.0175475184362633 0.152179621009502
-0.00117208510199009 0.0163681169230216 -0.184689949745181 0.10730654952035
-0.0155668041777249 0.00913180374298498 -0.365691636956076 -0.145879889100155
-0.00360003290512222 -0.0152987203001885 -0.0990482119497059 -0.574082483077944
-0.0116769704677051 -0.011663764152989 0.600635119868917 -0.39524502404554
-0.000997223812232358 0.00506574172297605 0.662368525939491 0.367234837281533
-0.0118744725578185 0.0112568207272899 0.0702092041415137 0.565886083609947
-0.012179688452656 -0.00100353931397766 0.0477866278309023 0.0658684590850335
-0.00743741063834158 0.00428522099127313 0.0159001798338948 -0.484522219855906
-0.00202296283265809 0.0185698189225587 -0.698355545216756 -0.464614772279191
0.00259277698080478 -0.0068294138143464 -0.743077446066724 0.417029583351617
0.00797775125741062 0.00783006270065997 0.133832129704569 0.646316671411782
0.00360314309323287 0.025189503151376 0.45969807593443 0.147158253030037
0.00100597618683576 0.0102459253250323 0.263369741978917 -0.170331046923038
0.00485816821954967 0.00133331693186578 -0.0449827491090061 -0.210289207184751
-0.0111704942452431 0.00492387884829433 0.0153232110834979 0.154903047195329
0.0021622198716729 0.0151622094363226 -0.186699743054049 0.107745267027354
-0.0154355669782598 0.00775273408147225 -0.362341872169938 -0.148741720408534
-0.00521466775246216 -0.0124433892537496 -0.0843033454476524 -0.576098168861214
-0.00925371736067462 -0.0088247142640711 0.613701363274129 -0.383659769055409
0.00177102090552133 0.0053382692197623 0.656101459473258 0.382315795637267
-0.00873198485584493 0.00968528478214184 0.0626214343794736 0.567768684944302
-0.0102695941713179 -0.00357215915808157 0.0482111724560067 0.0633088219835421
-0.00425843489643311 0.00309377938025026 0.00853317054003497 -0.48451104044667
0.000703802969517733 0.0173503383132976 -0.7065682713924 -0.452318554720429
0.0049307238793973 -0.00426398538257298 -0.733860929030294 0.430810533804256
0.00792574896627433 0.0114352669721914 0.146335531789534 0.644774851640403
0.00336943069585102 0.0241467404211988 0.462541761649108 0.142559004670673
0.00530756224725034 0.00791450211437783 0.260366146329716 -0.170559596005074
0.00495491662918597 0.00353256769464603 -0.0465564342597474 -0.207821501241114
0.00134348071505506 -0.00641612909098051 0.0139186698782518 0.15807984969555
0.00265850972683337 0.00931046075577468 -0.17692565161543 0.110359315054744
-0.0148365433853535 0.00225703481380392 -0.383753571158759 -0.129839240919916
-0.0129373062149363 -0.0177449524750722 -0.146311647743928 -0.547750486085382
-0.0148528554597053 -0.0114882187273081 0.569601097575086 -0.414552539180626
0.00405970081574087 0.00888837415392544 0.68817922318953 0.317431809129528
-0.0109686805589315 0.025580212819057 0.104690632648783 0.545027137605371
-0.0206101171973278 0.0148284643549684 0.0596741575450187 0.0577511486461801
-0.00787887402395804 0.017670283368343 0.0533104212934182 -0.490661819495673
0.0036558378956762 0.0212363576274855 -0.651887746141014 -0.506522292950106
0.00082808249076345 -0.00745474250524626 -0.760037753357268 0.375871638215102
-0.000174498278119134 0.00603609244454409 0.0787645495708237 0.660474364745243
0.00406913266644509 0.0151583615057742 0.43426461276103 0.165830954275207
0.00721425245605335 0.00218345409576087 0.266574164034429 -0.165329423545733
0.0175039938483478 -0.0120073812064158 -0.0398323833546318 -0.201475852691627
-0.00119200708759905 -0.00632276855753741 0.0176994849490794 0.157066432558003
-0.000501176926917733 0.0110891150281109 -0.177175937111046 0.110469153525135
-0.0150283972134423 0.00441463732524684 -0.384425947976404 -0.12773593495911
-0.0115775093046391 -0.0208083361583968 -0.151985379037314 -0.546921957798827
-0.0156213174093125 -0.0128660576608261 0.563174674715838 -0.423955110181024
0.00223547601794008 0.0101104215836616 0.689807485986128 0.308678303223447
-0.0138849976741378 0.0267055276727645 0.107790284556745 0.54637335604587
-0.0225806758864002 0.016969762746464 0.0558985655818734 0.0627279738253887
-0.0101231570362869 0.0193044427496691 0.054514844663416 -0.487233302760744
0.0014351818067353 0.0223545146887103 -0.648349187343328 -0.515432492126701
0.000349841865566344 -0.0112302754188277 -0.76961021709972 0.364122728158015
0.00316860922178134 0.00266391864447027 0.0701292631774172 0.660398618896358
0.00347393112375777 0.0170181893495799 0.434467977879228 0.168622071161197
0.00286729669028564 0.00307032772769621 0.267959069498167 -0.165248378227311
0.0152123523256845 -0.0127011706046333 -0.0378638784501514 -0.204469776815643
-0.00240344315325105 -0.006127590115736 0.0197078937051645 0.155503817261815
-0.00284931162437586 0.0130695179117611 -0.175041545173257 0.111128767570104
-0.0147269625630903 0.00640982844785102 -0.382605592956676 -0.127066076829125
-0.0100890835047606 -0.0197849438702145 -0.154315334767787 -0.548096364709581
-0.0164956901301471 -0.0143657691067232 0.558094592110296 -0.426567047751501
-0.00182531375563842 0.00826587045975342 0.685120768196049 0.308595187515638
-0.015684372626969 0.0235296048417888 0.103627112382352 0.549064753656678
-0.0226894007753865 0.0128177840317456 0.053997556572741 0.0675060285309697
-0.0116351984645072 0.0168585601067885 0.0529602629441155 -0.483254288582488
-0.00315049179366217 0.0207795560964663 -0.650151880470523 -0.515377907395552
0.00124209308545816 -0.0111045336301062 -0.774178074895812 0.361054578271645
0.00471659037436978 0.00100157380189971 0.0686144514052178 0.658108175693663
0.00302776526814098 0.0198907800417079 0.436744863458415 0.170184240729464
-0.000784510749022339 0.00483482181982476 0.26925442779079 -0.165083826828946
0.0121077071530994 -0.0111264234560342 -0.036157182057121 -0.208377768564326
-0.00635192365267074 -0.00484751702478978 0.0201587545740126 0.153055860081294
-0.0045904746342297 0.0159967544011235 -0.177238468986947 0.109376941208367
-0.0147098963608654 0.00770485477556528 -0.377492367055722 -0.13041540516631
-0.00770227716376251 -0.0199431688302968 -0.145529132194611 -0.553090539175276
-0.0167600765870855 -0.014573424733248 0.562043488332992 -0.421027000719331
-0.00369603303805205 0.00785931471754265 0.679653047498019 0.318801175124841
-0.0168656420254369 0.0203082824825489 0.0967850289048057 0.553567695915988
-0.0203318651425005 0.00843551409755375 0.0510056605052729 0.0678288570311061
-0.0129173455014093 0.0123065512468389 0.0467516822661851 -0.481425740482559
-0.00618111783979208 0.0193155667728318 -0.657077726464873 -0.506769095423561
-0.000987094284199921 -0.0124558421215548 -0.769081153610299 0.366995823026176
0.00691871318991017 0.00161864838467446 0.0806366324743647 0.65410992667498
0.00329742540305919 0.022849531155451 0.44147367337361 0.165311679843475
-0.00151359424728898 0.00654160755752166 0.268573944122533 -0.166202108483346
0.00920541931177438 -0.00926905950896435 -0.036482584857197 -0.20965529375132
-0.00843950945736195 -0.00211758404338173 0.0206447316220447 0.152538766587381
-0.0043156323197481 0.0162853216744185 -0.178358216522097 0.108701443904978
-0.0144235041534295 0.00866483678880875 -0.373316742009245 -0.134915789752154
-0.00593135302219541 -0.0197912928587473 -0.129470383893271 -0.558522111758021
-0.0156930844134626 -0.0136655863984142 0.5720683498809 -0.413710242194241
-0.00458341591312872 0.00694186689130982 0.67232865157323 0.335254649494102
-0.0161970637278504 0.0166746165926555 0.0864459303806553 0.55802552196187
-0.0177005694293414 0.004540570689074 0.0492072389096899 0.0678148924064497
-0.0127165561083616 0.00920431622110503 0.0355457019893647 -0.479921354938282
-0.00687853954451302 0.0194451384136233 -0.670808297464427 -0.492734722560647
0.000162999528130587 -0.0116499568398945 -0.759155130013777 0.381162401198445
0.00810394328759704 0.00186491308342296 0.0990910378689098 0.650591431084071
0.00317799171806715 0.0243976430006423 0.446332043222705 0.160742408854938
-0.00248821395840912 0.00890407382723156 0.265456053444413 -0.168462799708148
0.00646705303227012 -0.00599546861206346 -0.037971591900159 -0.210199919406422
-0.010963764453657 0.000124305840548057 0.0185698600140126 0.152648336427809
-0.00317329537204057 0.0169757618504997 -0.181211111316896 0.107944338627519
-0.0145308764571926 0.00992660033771996 -0.368361355605015 -0.140087744859177
-0.00414478309384405 -0.0179660251999393 -0.11471082585866 -0.563719094718157
-0.0132556218315442 -0.0128771308536353 0.582499291670177 -0.401400031385355
-0.00313234755132124 0.00589269661115461 0.6621506565128 0.349593170481527
-0.0141766824661892 0.0135662880167202 0.0756492560781265 0.559324852211957
-0.0157121508425136 0.000820849254542313 0.0472784243078043 0.0685219012404827
-0.0108330236390315 0.00566795365734054 0.027518238146084 -0.479448001784725
-0.00545564661670418 0.0181822454336807 -0.681671017233139 -0.476603569884085
0.00135897853078622 -0.00975487547386984 -0.748576077163098 0.395661109990898
0.0090467306885782 0.00485309490868834 0.113281200969776 0.646616182071825
0.00372039412425887 0.026454071020267 0.451541805613433 0.153889356303339
-0.00109396311885229 0.0106486050075315 0.264525037631423 -0.168256441799074
0.00522882113905201 -0.00139111085268298 -0.0400456643954459 -0.210088647534109
-0.0122779742266009 0.00374457499696442 0.0166236947905726 0.150593529668973
-0.000922444129185267 0.0159583873662249 -0.182807293909583 0.106679522347324
-0.0148324181853224 0.00915864983801819 -0.363860073983503 -0.144837728293229
-0.00417941537704273 -0.0162541150949898 -0.0976278168181691 -0.566669049769967
-0.0114658063936787 -0.0103451091210235 0.596829946208808 -0.38910219804185
-0.00118043070452252 0.0050798434772244 0.654304735625268 0.36566877909737
-0.0115278506940983 0.0108216509840842 0.0662327339862208 0.560552517526173
-0.0134015678841989 -0.00162129176719453 0.0466667295157831 0.066193665036859
-0.00831836539764314 0.00415747881335741 0.0188076507861373 -0.479316819347335
-0.00250573943878297 0.0187609567487406 -0.689247953221053 -0.462081084400842
0.00285873816996596 -0.00687388835312955 -0.736683425096194 0.40960109045181
0.00914910575028443 0.00803270942750335 0.129393507557113 0.641706511004068
0.00380159385463361 0.0250514215536856 0.454299718370917 0.146603336006597
0.00152714091628773 0.00968991567635403 0.260512571910169 -0.168831207056944
0.00508683887651328 0.000564712962741657 -0.0422474632852762 -0.208389468492988
-0.0108926509873729 0.00573229864813323 0.0148087480788284 0.153109842600835
0.00287541256091852 0.0150810597132342 -0.184794780969692 0.105467854405603
-0.0153896938170857 0.00783040999072182 -0.360427406340968 -0.149728590336617
-0.00534450422634169 -0.0126890939474368 -0.082680154208194 -0.568316320808615
-0.00946498014270902 -0.00806037351954138 0.607269511131288 -0.377433894674891
0.00216608008540368 0.00616404003801152 0.648357600682545 0.379784868712798
-0.00831430540083699 0.00824900375794616 0.0574214154417088 0.562396532818694
-0.00963322330404447 -0.00381811639564484 0.0474030326311131 0.0628253832276969
-0.0046164237973131 0.00239708734855199 0.0122217765690177 -0.480225628525999
0.00110515902424267 0.0182047517616958 -0.698227879442518 -0.449440231935036
0.00421875327753032 -0.00384418786516199 -0.726626537790193 0.425557235594805
0.00819152483119681 0.0110189699137927 0.1439260042889 0.636610913233279
0.00392633942374603 0.0244561036299957 0.457179176080958 0.141958084243449
0.00600107794602515 0.00785971024789862 0.258648987167566 -0.169048038558655
0.0047120471599216 0.00350775323562776 -0.0464671726525881 -0.205439399599916
0.000844351330192693 -0.00548327881420405 0.0134087976600354 0.158969647565528
0.00341274935004601 0.00874246463320622 -0.177272492856643 0.109891000325987
-0.0142221307572848 0.00148672987709067 -0.381317754064842 -0.131162491842626
-0.0131070068269525 -0.0173400675804685 -0.144013740604234 -0.543839829943914
-0.014053414524015 -0.0108851935355375 0.567719157730004 -0.410179987974342
0.00515669918319782 0.00892575990420321 0.681947126085331 0.318482412193019
-0.0106882808056449 0.0247502448741919 0.101384956257236 0.540552362757695
-0.020365440501304 0.0144807388647604 0.058390371813061 0.0580389882912027
-0.00794628581791527 0.0178417675947249 0.0560110309625606 -0.487039883840184
0.00252704572953832 0.0212062607169446 -0.644302601518991 -0.506039301959133
0.000677204359897864 -0.00653128775706695 -0.756614243146157 0.370905947398711
-0.000873444900747462 0.00495941463621009 0.0755350561704729 0.655429905067504
0.00436244298602926 0.0153072289916589 0.431334738009751 0.166849682063261
0.00661043509112414 0.00232169000946917 0.265061275869662 -0.164055271964406
0.0179960895278902 -0.0126527514202141 -0.0393898274045745 -0.199486677630079
-0.000945797978150783 -0.00666137935102603 0.0169622804573615 0.156719978644869
-0.00109655765913156 0.0114063539486603 -0.175240279771155 0.109256949571974
-0.0153976229949275 0.00455022748087018 -0.381930100745705 -0.127844718579147
-0.0113888029970862 -0.0191621191740841 -0.149592366451621 -0.544291359277357
-0.0150712525344272 -0.0131699309761732 0.56229445962968 -0.41793673173352
0.00297393528945778 0.00983966712757892 0.682819049757807 0.310741791650845
-0.0132713941765913 0.0262617909406194 0.102663263861601 0.542201414550132
-0.0223176311657881 0.016306919920528 0.0553680043337061 0.062446313277718
-0.00973514036479457 0.0189677808094173 0.0570415211448028 -0.482501547556755
0.00150072192456302 0.0220753524506424 -0.640695661395606 -0.513107351950034
0.000408455707736809 -0.0100148660737258 -0.763500591570099 0.359148782721711
0.0019095478100157 0.0021570262195977 0.0680788444086612 0.655783093665831
0.00324608301630951 0.0169301285299375 0.431156747848965 0.168713564267417
0.00315279375303455 0.00401546225302519 0.267575679072798 -0.163307020509779
0.0145809877856408 -0.0130357222349989 -0.037035223168341 -0.203060221659447
-0.0041280850448151 -0.00620381803914403 0.018488596102903 0.155056556864207
-0.00292288868602998 0.0140895956481893 -0.176037565010807 0.108798241532434
-0.0149410948650794 0.00653408956858365 -0.379474353295255 -0.127113189600287
-0.00925863322289833 -0.020532305348274 -0.151362590547734 -0.545715850033647
-0.0164976928303237 -0.0139632642458174 0.556962099921219 -0.421640675688038
-0.00038625430245048 0.0082009988224092 0.67790717539009 0.307355661945264
-0.0160475542006098 0.0236152592846369 0.100425211172171 0.545916774858495
-0.022004019369751 0.0119090411256451 0.0525106823260018 0.0668740499294637
-0.0125522906314187 0.0162351788283202 0.0554513255351405 -0.479169636690112
-0.00331632471948123 0.0209325494164869 -0.642720517860715 -0.516233484027201
0.000937995733635377 -0.0114819634810546 -0.768514701979148 0.354811606439867
0.0053283705754152 0.00138893762955777 0.0669539758289739 0.654922941718423
0.00354471324411528 0.0196068612151879 0.431130924151978 0.170950924530063
-0.000304972143369052 0.00497670478596901 0.268653290801617 -0.164061879873721
0.0125286761934378 -0.01201861248474 -0.035755530065164 -0.206865004340036
-0.00678334737712238 -0.00383902469234722 0.0193822881233683 0.15291201540561
-0.00415930855606378 0.0155708241883913 -0.177439273000837 0.107166549711194
-0.0143620539668264 0.00831460484920119 -0.374869007860402 -0.130781531471252
-0.00806877964341334 -0.0211268903404269 -0.140939671879383 -0.549720852223196
-0.0168435855941495 -0.0136560703826388 0.563132692227451 -0.41489310590212
-0.00465237522178583 0.00752385122548171 0.67309560751398 0.321476074870949
-0.0167062774572697 0.020472142057298 0.0921083690603598 0.549833130387419
-0.0202046411937667 0.00727700454107241 0.0503931149895356 0.0687286476734114
-0.0138043655961706 0.0122565190532999 0.0492162059924072 -0.475736920841321
-0.00573532335517056 0.0189233924461591 -0.650089033761311 -0.50552975581665
0.000228720578428487 -0.0120415193217649 -0.763328681246169 0.363897399617531
0.00676168409617922 0.00199924091147861 0.078089767520697 0.649892534318546
0.00328699534469182 0.021961513760239 0.437523984746378 0.166759562390418
-0.00226777390812634 0.00693303292428589 0.266960881224339 -0.165077860966134
0.00922205350788701 -0.00950468011708876 -0.0353718463165578 -0.208047709197118
-0.00838563330593825 -0.00209451075647986 0.019348407165617 0.151525243481521
-0.00471168179955879 0.0171457804615261 -0.178613189784261 0.104957334617426
-0.0148600513458596 0.00973258158838808 -0.370213902169584 -0.136011268178551
-0.00657839726415281 -0.0201786773266133 -0.128046263295484 -0.553649002059183
-0.0145022605063741 -0.0132650539389275 0.571378230837762 -0.406755621012916
-0.00429914801730562 0.00700872016997054 0.66476489990549 0.334840176747863
-0.0158659254548638 0.0162796580837666 0.0823152527836056 0.553555266941537
-0.0181569538397739 0.00370695162573348 0.0479881149634905 0.06845249291754
-0.0129388884089774 0.00895480133897101 0.0392946257954095 -0.475066531150083
-0.00647994363501406 0.0184273117461316 -0.663140202321314 -0.491751403309997
0.000500659722613803 -0.0114659483979154 -0.753973789889772 0.376063108016184
0.00761533810650443 0.00281789052273941 0.0932134993240115 0.644933747790415
0.00336691956290586 0.0239036964926046 0.441835107474827 0.160575098429381
-0.00309621259505818 0.0087074693236714 0.265255737695497 -0.165236508795041
0.00683235688087225 -0.00642776231416246 -0.0367174087209067 -0.20959710638033
-0.0106892943378657 0.000447425973535697 0.018270005029646 0.151253962802934
-0.00329241051136628 0.0168499817964219 -0.179447691489742 0.105044819467476
-0.0136129335084913 0.00976996723029815 -0.366171768310038 -0.140919794847329
-0.00433524522895976 -0.018018238951101 -0.111220660334023 -0.560300885429203
-0.0125058455736009 -0.011941730984312 0.58175085225321 -0.396277602754703
-0.00258906265603675 0.00606762698914492 0.656378249100702 0.350916296666678
-0.0145986162818487 0.0127803192733932 0.0723970297782448 0.555583859630634
-0.0152069412313359 0.000690881397916141 0.0467106195921573 0.0677664615035285
-0.0109925781643103 0.00618978436210365 0.0312437088816287 -0.474629897327409
-0.0049628845087076 0.0185423452959468 -0.672361987603892 -0.476272670791112
0.000587701341221613 -0.00916259333069245 -0.745388933215667 0.391776375487715
0.00889148635865519 0.00448971415850184 0.111205752360877 0.640876226964549
0.00347544259129008 0.0245065726440121 0.445523551371901 0.153798766235685
-0.00031473619497663 0.00925375814297992 0.26231267723741 -0.167729071704134
0.00542418512426422 -0.00285048539042035 -0.0386922060750759 -0.209172608616103
-0.0119083193037545 0.00234472148798135 0.0160891629065814 0.151436523755168
-0.00107293204147537 0.0163795898130047 -0.18257768285638 0.104142481671336
-0.0141818371475747 0.00892801965392198 -0.361513371984748 -0.145022784730544
-0.00452456077508838 -0.0154894933285472 -0.0956722745989682 -0.56268603757905
-0.0114261056614126 -0.010691575521867 0.595259963209568 -0.383579183542392
-0.000546359263246787 0.00594562148608666 0.649406926186035 0.366094277155388
-0.0119433343904908 0.0109211779659288 0.0628174174979474 0.557946969335129
-0.012956856059593 -0.00254394402921074 0.0458933030401577 0.0650460499857238
-0.00762352197194469 0.00338422695366295 0.0219498249693547 -0.475767598038412
-0.00200484704964529 0.018104838131263 -0.683529505721125 -0.462354216986166
0.00240870163010464 -0.00663896755207121 -0.734995503092324 0.405461123374694
0.00828242791447652 0.00860605298715056 0.126783684041158 0.636221523026353
0.00465266946501651 0.0256911716572942 0.452055531118831 0.148556796190992
0.00130598752901459 0.00904265008005525 0.260349276899447 -0.168575273222216
0.00325040524715556 0.00109455649600929 -0.0420583786951393 -0.208104473080395
-0.0118746407757296 0.00627265825006131 0.013382685309231 0.152939306644847
0.00204159569651253 0.014555758498323 -0.185054075104122 0.103676026723154
-0.015154419896764 0.00821902142090388 -0.358204710277122 -0.149707008655329
-0.00584707385828379 -0.0123728971782564 -0.0794935447670276 -0.567209003709334
-0.00966260064596633 -0.00813848609040398 0.606694936822396 -0.371686696483593
0.00161126673455399 0.00541438103602198 0.641597456484958 0.381599333722284
-0.0087669275146534 0.00843924956202071 0.0541527239985972 0.557623226987918
-0.00914025572101136 -0.00410999101834428 0.0461198069536041 0.0631047040276419
-0.00394351084485635 0.00148283346569946 0.0147829523184081 -0.4767133026792
0.00096030411690635 0.0171681282260213 -0.692008631369939 -0.447848811355859
0.0042675545333467 -0.00373106419010322 -0.725475112348427 0.420696795564603
0.00927274828551761 0.0116254972951498 0.141551679038332 0.635519871524581
0.00401741020855702 0.0246376714837035 0.455050041559236 0.143474206880057
0.00547901471857996 0.00833025966454368 0.257741826447817 -0.168372514722472
0.00455844189809613 0.0033475552180055 -0.0440631394148146 -0.204642515576697
0.00081287140091903 -0.00582690239556724 0.0127773617615706 0.157390392162633
0.00222368705453331 0.00825524497655993 -0.177333446791795 0.106851466788967
-0.0143701129982263 0.00198632184596945 -0.379924408605281 -0.131676208528176
-0.0127095421380444 -0.0176689418031722 -0.139893894654684 -0.545087165286363
-0.0143094530580525 -0.0109275128058076 0.570799719181607 -0.40411109047809
0.0051171962467336 0.0096021699395756 0.676104038580467 0.320446074223001
-0.0114014204184872 0.0245382587847406 0.0955182811476003 0.537445640731054
-0.0200324514433467 0.0139300927994008 0.05826786828258 0.0573672482382507
-0.00714041050574051 0.0168973295530246 0.0599666041129456 -0.482531748875427
0.00362113623419846 0.0225096068128099 -0.637609274023114 -0.505940074768099
0.000819206249849448 -0.00727703405260586 -0.756567641894442 0.365457290832242
0.000303729424352684 0.00526444542422268 0.0718348147367703 0.650542029337479
0.00351035395848869 0.0142352804041149 0.428588633256672 0.167639814571389
0.00650132858013866 0.00183985753584281 0.264481568553368 -0.16240392853029
0.0172418933176187 -0.0120821773294085 -0.0376769123357748 -0.199425950423364
-0.00151432205038146 -0.00607333109509718 0.0149457072334082 0.15671133934218
-0.000567241324443603 0.0115140839312316 -0.175690665534014 0.106910672541536
-0.0148683387336301 0.00476137918649568 -0.380314000916439 -0.128470686764139
-0.011799378585317 -0.0191699608243588 -0.148517482084798 -0.542408135581525
-0.0156818596481206 -0.0130497204339541 0.560585702336904 -0.412858628860112
0.00342510824799808 0.0098606945367326 0.676966285617108 0.31432880269045
-0.0134909987781681 0.0259413086192921 0.0985080872873172 0.540828138595055
-0.0222005461178235 0.015808769202571 0.0547762210802108 0.0625176984279025
-0.00965991423073418 0.0185799901165533 0.0601428307643597 -0.478555438589847
3.06171848928295E-05 0.0212722199402015 -0.634506267756726 -0.512436468028779
0.000889082870117103 -0.00959380691905502 -0.763427863576276 0.356453604305647
0.00185717986837558 0.00231211554014874 0.0642841669937277 0.651174403609062
0.00378466877467424 0.0166795961893352 0.429677817419073 0.171337927176283
0.00302918520311977 0.00384875270697863 0.26550629330226 -0.161878825059956
0.0148484069829952 -0.013845181963106 -0.0358340956120784 -0.203066268957355
-0.00331820637137126 -0.00535152668787856 0.0171187213308652 0.154482819131501
-0.00288756623499513 0.0136370658088318 -0.174764719519839 0.106579103611007
-0.0141961643242175 0.00721034376903068 -0.378689188362824 -0.127732836952387
-0.0106738489430933 -0.0200885826904633 -0.148289585658573 -0.543374606618305
-0.0157214713469011 -0.012995503364858 0.555351034262157 -0.416583214122767
-0.00106912186007688 0.00887446107184659 0.673569496274105 0.31157910667429
-0.0156771951066638 0.0231546604724912 0.0964154592193571 0.542422718758166
-0.0220981754650181 0.0116439784969743 0.0518904862670219 0.0671248224368978
-0.012412604478616 0.0155232508813914 0.0593523977487193 -0.474109613871586
-0.00290537171692078 0.0203157961795792 -0.635488159508439 -0.515347314791938
0.000843005321702436 -0.0110669153250885 -0.767159940709237 0.349457603798414
0.00483385670224841 0.00246970477277903 0.0639413914199234 0.649325557434485
0.0031082712197537 0.0192554639000901 0.429780070560465 0.171379239142454
-0.000450009586955765 0.00529275837515194 0.267801165210411 -0.162476372051281
0.0119022035655961 -0.0114830189683249 -0.0331509370819436 -0.206098486630663
-0.00681105852278441 -0.00421590830879581 0.0175775699960472 0.152385453535503
-0.00532966761528456 0.0155494644155025 -0.176456255025458 0.105391307373334
-0.0147917314006551 0.00835064140333515 -0.373859793103623 -0.131984179084356
-0.00808369554002249 -0.0200119673285177 -0.137947530951412 -0.547752420039406
-0.0161409980247296 -0.0133072791501675 0.563472814375589 -0.411773375675982
-0.00329584009581307 0.00804522967570238 0.667094498899618 0.323362294921379
-0.0172393598159273 0.0201206370178584 0.088540892202027 0.547639279290507
-0.0198013529737355 0.00705281420926829 0.0494484217655118 0.0683923447613742
-0.0128470800963403 0.0112290387944286 0.0521846284102022 -0.474315205567642
-0.00599459905635695 0.0197125951541194 -0.642555196952111 -0.506576064795674
0.000410844133398577 -0.0117210262174083 -0.76263804995142 0.357542497742625
0.00714540507000077 0.00174251431530702 0.0720301304218579 0.646609867088265
0.00379585666356384 0.0219810975765615 0.434620693509624 0.168856138288393
-0.00218102245427637 0.00629947126459851 0.267450410329956 -0.163475176698107
0.00895896522504315 -0.00899444855039158 -0.0343930018224796 -0.20836591915595
-0.00955837688297819 -0.00162934696930431 0.0171323236561898 0.151717978772975
-0.00491530756396672 0.0159544224681043 -0.17827276665623 0.105017688066855
-0.0142693891373672 0.00968747190032971 -0.3681643960059 -0.135792233203449
-0.00576885992708558 -0.0193857212214469 -0.123436893833859 -0.55379575159658
-0.0147800954669838 -0.0127612120683599 0.569450677790626 -0.402335613322561
-0.0040149151399445 0.0071833039928443 0.658377777398664 0.338679987200242
-0.0166200869525859 0.0162340281056084 0.0761199684980926 0.549200539934728
-0.0176747620417688 0.00316214815249921 0.0472435391316882 0.0683186729867862
-0.0124708856436197 0.00867730622845232 0.0437355972227162 -0.472514082446239
-0.00670867880361006 0.0194109581432645 -0.654260751273314 -0.491730149791244
0.000817536893521249 -0.0110410245141239 -0.753977113313506 0.369771315505911
0.00736783000292322 0.00272916093901958 0.0907313909240337 0.642106606949047
0.00369936475199339 0.0235353487622789 0.439699194381363 0.159721315418894
-0.00287202744202522 0.0086559337569188 0.264291020650376 -0.164651149508424
0.00598567644774838 -0.00611632138405302 -0.0362902613792293 -0.208960508327564
-0.0119119874848749 0.00109423888368923 0.0165770653526991 0.151205780640757
-0.00296218702628222 0.0168609581932898 -0.180701545473996 0.104229588250637
-0.0135134927812778 0.00979061948623466 -0.364183709506404 -0.141131024365443
-0.00449794718683848 -0.0179249241637626 -0.10891779449647 -0.557828488166051
-0.0127578563156639 -0.0121530303649111 0.581190551866301 -0.391040940527262
-0.00262291288989439 0.00628660060299745 0.651755211284794 0.351517396341298
-0.0149634393930353 0.0133411296047518 0.0672033992191609 0.552031576618214
-0.0157003309483082 -0.000402925882466747 0.0456487899284272 0.0682507332262891
-0.010187350701692 0.00539103382801094 0.03546052146048 -0.472624650096201
-0.00487511933026694 0.0183567062525425 -0.665532385904048 -0.47692266922893
0.0011334003674822 -0.00908811361263336 -0.74512221380236 0.386589412895072
0.0096053553732702 0.00466142519531314 0.106828839807059 0.637764749430154
0.00383727125854545 0.0247620845576534 0.442912884456076 0.154530906636412
-0.00103944088407431 0.00937082247233943 0.261114539474669 -0.166247434130588
0.00459059803902629 -0.001493078910596 -0.037932073182728 -0.208547368874476
-0.0128258600192698 0.00460748793049455 0.0153254492341961 0.150884802795841
-0.00132314706815868 0.0157406508090682 -0.181847874519064 0.102700533344965
-0.0141537798434456 0.00940989716782127 -0.360200824673405 -0.146236149455363
-0.00434449315392529 -0.0152855387266117 -0.0909503065930174 -0.561907410573863
-0.0109821423996506 -0.0102571551765885 0.594309133537829 -0.377318876585684
-0.000473524338209201 0.00621347952450314 0.642766826278145 0.368685588232354
-0.0113000335153143 0.0105370986103505 0.0570691772342362 0.553740575558408
-0.012082070366298 -0.00202664708409315 0.045566772862674 0.0655744925822289
-0.0078015216035482 0.00280722774865067 0.025373893742702 -0.47282376503109
-0.00164566488688811 0.017766326978981 -0.675159435631253 -0.463348617447969
0.00256031013935164 -0.00613960809136228 -0.732537673302974 0.399215417803356
0.00813699601479829 0.00865082976759417 0.123542066160955 0.634687344191907
0.00426707034032757 0.0254861669825401 0.447740931692587 0.148861910992093
0.00207787589638446 0.0102801905191435 0.25934465511915 -0.16693703243444
0.00435810946610054 0.000722542120695406 -0.0400264330295597 -0.206311433618923
-0.012813414460921 0.00636115820822599 0.0120897599552291 0.15249971711764
0.00268288657627012 0.0142287053074738 -0.184778077030257 0.102173946701239
-0.0143248295453821 0.00774619002447768 -0.357478168251847 -0.150012679495512
-0.00539015108602453 -0.0123790055002549 -0.0766550501259786 -0.563133741298528
-0.00883843793550287 -0.00673999422371787 0.604328216004668 -0.366937353245603
0.00142853082590461 0.00619231659743929 0.635651312554862 0.383157080114446
-0.00877533626000661 0.00862291825497918 0.0501714029787338 0.554183253904367
-0.0100679975567161 -0.00521751578847607 0.0459080420002352 0.0638256438912952
-0.00374681334422673 0.000881079106490637 0.0204683622384612 -0.473990803273047
0.000971650465698894 0.0176381989682876 -0.683241493732012 -0.448758031977668
0.00385353568349426 -0.00361253910554562 -0.723488215420193 0.413740345325263
0.00874939313476793 0.0112268173429263 0.136697789507592 0.629018556871033
0.00492536364102054 0.0237161255588492 0.450570233600694 0.144839497946387
0.00584916497805675 0.00822944480300751 0.258278088031945 -0.166831621096026
0.00461488458236349 0.00258561349923458 -0.0434087416762494 -0.204656405474771
0.000594521740874972 -0.00510520526056079 -0.00858084003316605 0.159600757759383
0.00171152643833006 0.00843641354252826 -0.191655057637468 0.0818757331485638
-0.0126361428220327 -0.000115936431336437 -0.360908921694226 -0.182952965631863
-0.0086813748661446 -0.0192562587452768 -0.0679770444703833 -0.550376639143856
-0.00762643366175449 -0.0103303809654371 0.615869739317149 -0.323619830431913
0.00309596745044746 0.00628942901787202 0.626175786020559 0.414616516621301
-0.0118228393710457 0.0236102685857498 0.0259429389867932 0.545465290934516
-0.0214182042299529 0.0101483824899215 0.0480824992031855 0.0654977891186581
-0.0132251902044575 0.0108517380528984 0.133735096771385 -0.470358864109675
-0.00600711288412307 0.0224954391668517 -0.552154947472355 -0.596944087727943
-0.000545177078883073 0.00358291385577659 -0.806805403962541 0.245495394806102
0.00816804089648101 0.00635949551223136 -0.0292990776294794 0.661213843797236
0.00926366565126098 0.00833387687253821 0.396886712118005 0.231399423501532
0.00530112211865676 -0.00205338820822634 0.287100568462352 -0.120787539312237
0.0167443550941895 -0.00921482603903712 -0.00478205567744201 -0.20743446715915
-0.000844856311909433 -0.00617581124865387 -0.00565142863414706 0.157405107181529
-0.00241302169072131 0.00972836066965486 -0.190505868899701 0.0824303378251769
-0.0134051348993043 0.00249920551893962 -0.361519537081373 -0.179537269399953
-0.00665167342605996 -0.0202303156938932 -0.0743417449156639 -0.54946221007967
-0.00872502280507316 -0.0125665623023185 0.609171634672573 -0.332468523261246
-0.000317541420207909 0.00594125399556211 0.627241629160537 0.407391819395559
-0.0152967821436278 0.0250170528652753 0.0272528318637281 0.549445936018777
-0.0239514625888419 0.0119158794362604 0.0436968076363097 0.0707475077328021
-0.0155711315008478 0.0111957364818838 0.134593854833916 -0.465399031620277
-0.00828756815593855 0.0226370560178646 -0.547592527038804 -0.605068556003239
-9.71058050152872E-05 -2.57745934127262E-06 -0.812195331472649 0.234946149984408
0.012040262976495 0.00364958158229041 -0.0367407589245741 0.660176771177277
0.00903913268553895 0.0107079639219925 0.398174142986267 0.233533563054206
0.00160012643272299 -0.00103357551644346 0.289648590436723 -0.120157902035766
0.0137684891084387 -0.00970607757343893 -0.00273107339718862 -0.20985322388796
-0.0038391296876567 -0.00583133187896718 -0.00256225524531602 0.155736574969724
-0.00516668774151622 0.0122918004446104 -0.189816396789424 0.0816366638762353
-0.014090691312875 0.00470799452040419 -0.359763110569107 -0.179432689659234
-0.00384142506012207 -0.0214355843805312 -0.0754447085891986 -0.55071476233562
-0.0107303530453388 -0.0132807363764842 0.604242575868379 -0.338182761750802
-0.00342939110488592 0.00459082894200503 0.625189951055772 0.404812388149733
-0.0177067315277515 0.0223462262432385 0.0243440312591024 0.552961620440817
-0.0229804499049227 0.00869813256684552 0.0408408279836618 0.0732573773738176
-0.0168455057028589 0.0089006231870915 0.133491888958836 -0.462558896082809
-0.0124598326388936 0.021021706612198 -0.54785847254209 -0.606356877141881
-0.000293095841790355 -0.00118495196322442 -0.815366486433293 0.228590042060161
0.014157134370435 0.003014463398173 -0.0398412106080402 0.65908548223838
0.00932726305054286 0.0132554519758343 0.397514122438649 0.234637944396839
-0.00174898770204493 0.00070313970451826 0.290943339836489 -0.120819006012556
0.0114948810497315 -0.0105099613877786 -0.000407870230120384 -0.212141199099457
-0.00740510688364645 -0.0049497556564313 -0.00141808188704505 0.15414302621563
-0.00702959766608212 0.0138618848867293 -0.191649580090668 0.0805030361265137
-0.0137611721579983 0.00625357210442733 -0.356337941084364 -0.181533158768307
-0.00217370590022765 -0.0206307896956562 -0.0658680084269381 -0.554293653386475
-0.00985217186763073 -0.0135500356357785 0.610248332203718 -0.330712568361961
-0.0059300761444065 0.00351713149512051 0.618200056684125 0.415752706534513
-0.0164664317468947 0.0177651933625617 0.0167004012829194 0.555294851085454
-0.0201263986857022 0.00364529957546712 0.0378820034277144 0.074815354883341
-0.0175007375652783 0.00505799319071568 0.124681790953088 -0.459330872554678
-0.0150621044333829 0.0188266833286618 -0.558929159798164 -0.598097035116899
0.000300579759891216 -0.000706741553631225 -0.811840206437463 0.23470531706761
0.0165029713732192 0.00377128265356021 -0.0263631366025845 0.654720913514466
0.00845995432959883 0.0156258078414931 0.405399715940466 0.232440499464694
-0.00377526509531367 0.00272708048127361 0.290308898079659 -0.121964359013222
0.00735751942574554 -0.00787849289603129 -0.000622733550695471 -0.214203861986536
-0.00900806210102634 -0.00354211360327154 -0.00184988573515869 0.153248201827996
-0.00699903703279174 0.0145312408031626 -0.193393409292832 0.0800271091219301
-0.0137196989097292 0.00750480691729909 -0.351496538946463 -0.18644547158433
-0.000621230971724606 -0.0194637582779738 -0.0509132967402115 -0.559169265774333
-0.00778924979978367 -0.0133557650686037 0.618595099930866 -0.321518907050132
-0.00601044193981238 0.00267600470654006 0.606808158632342 0.429661048667078
-0.0161192454772544 0.0154408975588289 0.00484135329474592 0.556988438173956
-0.0180013132211017 0.000385084340770616 0.0361446580726753 0.0744870204453866
-0.0174284826463349 0.00208510912872228 0.115987003757356 -0.46135882046292
-0.0162516296421771 0.018505614421108 -0.571498271279168 -0.586786400518546
0.000668912825775454 -0.000415874577958526 -0.804408258577218 0.25003460635828
0.0171130562623033 0.00500107189956138 -0.00919001439552931 0.654248028591619
0.00750716385627413 0.0176023856624308 0.410173874495513 0.227755156431968
-0.0048427321881672 0.00341277340791311 0.287818265885722 -0.124273884819611
0.00479879060581988 -0.00551392054466914 -0.00189031421690394 -0.215627146692564
-0.0116863131412951 -0.00066011973939605 -0.00298061189910308 0.151875787365435
-0.00460555627415115 0.0150565121944539 -0.195340220212289 0.0776386819531747
-0.0138938212817596 0.00786896130681562 -0.343292015976136 -0.191556161255482
0.000543675848427487 -0.0179610395914669 -0.0356086482086461 -0.561555038999163
-0.00757788405588263 -0.0116599150138409 0.627567292667899 -0.306967773109547
-0.00495603313309905 0.00234619703666256 0.596912994512191 0.443736068355991
-0.0141076758279404 0.012180690067566 -0.00667838302584549 0.559573344707727
-0.0146557387107327 -0.00181347858976114 0.0350572047390842 0.0740478784713446
-0.0136043602297093 -9.37672104287142E-06 0.106859310003251 -0.462524441330913
-0.0146435601051967 0.0180224539615994 -0.584707881663092 -0.572764178954731
0.00118629895355695 0.00153837112936336 -0.797837176346952 0.267690253362253
0.0182255146572238 0.00707323103442493 0.00750422161707153 0.653064639938082
0.00707125914697621 0.0185600652997316 0.415995748101395 0.22284493777898
-0.00361521095565006 0.0049036550362653 0.285603745666717 -0.124277259490932
0.00236095592455656 -0.00281258480758897 -0.00263155149678685 -0.214929503232192
-0.014542652336393 0.00257359481366501 -0.00522901856026582 0.152649957230588
-0.00329208219975595 0.0152377506599491 -0.196844381639423 0.0774130813335372
-0.0134022903722568 0.00715935053195025 -0.339596265466142 -0.195153590838326
8.44002920895592E-05 -0.0153664492103343 -0.0176817254971365 -0.562229262901773
-0.00564059236174834 -0.00913487047789016 0.63761548772051 -0.294277033553135
-0.00229604019729538 0.00152810196135658 0.586846599366343 0.45669284825978
-0.0102232339200597 0.00977984682751391 -0.0148272242512905 0.558628687649767
-0.0121683260751371 -0.00449782937462815 0.0338829684632666 0.072124212148543
-0.0117635821934943 -0.00241614955305615 0.0982119145629367 -0.463790085377385
-0.0104404648265733 0.0188547371402052 -0.597100672978769 -0.560287078774823
0.0026476111681452 0.00474540406209084 -0.788896813710454 0.28145442127685
0.0169452962592652 0.00966010559336091 0.0235065653386234 0.651256500960607
0.00771179989885761 0.0188993797656289 0.420740190578571 0.217037477495962
-0.000626050380682062 0.00560642458947266 0.283425662490164 -0.12551176623918
0.00116366163409843 0.000839519993160707 -0.00594085273213688 -0.213720765151607
-0.0127995267854536 0.00540835618310672 -0.00773289018324165 0.151969379357078
0.000689796283306265 0.0129127647418824 -0.199348688036234 0.0765887339534471
-0.0142223607732876 0.00622625224826222 -0.336888778475326 -0.198085468393733
-0.00141749712473513 -0.0118598692959668 -0.0034572817160816 -0.56461664361366
-0.00405283189862365 -0.00600208486129673 0.645727356849308 -0.281064351073706
0.000333757970725278 0.00282785866215308 0.578523399035722 0.470950347714907
-0.00759001546010649 0.00806096507717026 -0.0225026763531557 0.557978582070701
-0.00888339637098752 -0.00566117599274403 0.0358668845998599 0.0690246341955451
-0.00784130881581994 -0.00343812998773204 0.0922761973122995 -0.466394271244761
-0.00767204696542948 0.0186134238500684 -0.608076738932866 -0.54885371272594
0.00314736508989567 0.00632458986070393 -0.78094222635406 0.298631932098613
0.015876932310959 0.0123350906534666 0.0383021727380624 0.649353931710275
0.00910397891645914 0.0165589302865994 0.42444080922085 0.212968379591181
0.00298875124387493 0.00585139832099619 0.28142534532248 -0.125882405738403
0.00230516422200807 0.00269253703442947 -0.00883040284684584 -0.212679218404343
0.00099424011096654 -0.00447936194165347 -0.00969907220266385 0.15986942488883
0.000639347877398883 0.00869518738895832 -0.192896101371104 0.0817705798618593
-0.0123093555231057 0.000127293184388562 -0.360919906147997 -0.183812294499005
-0.00745587961081641 -0.0190766131734858 -0.0648681797318113 -0.551477942406311
-0.00793500585817885 -0.011113829375931 0.620363755589354 -0.321404697751208
0.00243488229698582 0.00651940657210363 0.624529837992992 0.419145811986615
-0.0128690820635021 0.0235294771777819 0.0207935772431616 0.544841041364442
-0.0221271167805546 0.0107450294004265 0.0470240898593151 0.0657085660258688
-0.0140274637836103 0.0110313128613161 0.13776077075153 -0.46711032639618
-0.00636746295425152 0.0229134294427543 -0.548506592580525 -0.59998741326024
-0.000182416114136741 0.00330697464329474 -0.80925599567485 0.241962651629049
0.0091732247630331 0.00634565427415678 -0.0314914960243216 0.660078780316217
0.0097423248033752 0.00888305018636176 0.396089021186774 0.234175442404685
0.00536883900385205 -0.0017568346059317 0.287849300432062 -0.119790968371687
0.0161317261480569 -0.00988929763478264 -0.00386261785640405 -0.207348222111794
-0.000943224002647067 -0.00657430519477756 -0.00723591046309085 0.157709494164297
-0.00236879465185803 0.0100014659403116 -0.191760671850613 0.0810834563353214
-0.0135024695077252 0.00273883257211807 -0.361787793722924 -0.181074766387488
-0.00688426810633632 -0.0205191543148502 -0.0723397343037862 -0.552659932603196
-0.00844847993491159 -0.0126131859235944 0.611567630348496 -0.328845924415288
0.000155275143165403 0.0068626882063665 0.626574839570022 0.411146035165736
-0.0146158232609794 0.0254373844741637 0.0233980229960628 0.547735676432891
-0.0244368361897084 0.0114289551255674 0.043718112861619 0.0698180391793834
-0.016171380584781 0.0118187741731873 0.137596791707772 -0.462525354048217
-0.00863405435692882 0.0224466932096628 -0.542441731528324 -0.606348305297927
0.000471539249775279 0.000755667143868183 -0.814408872962893 0.229223975527295
0.0118608360436346 0.00423283751240312 -0.0418202496565076 0.6597010717991
0.00919211256474157 0.0111888454829511 0.398040316182536 0.235860511235326
0.001774807197242 -0.000879466717817231 0.290264703566326 -0.119189702422444
0.0138468384463123 -0.0114667947266621 -0.00153432981487251 -0.21030681649987
-0.00374584365551178 -0.00535525415636504 -0.00463020189942138 0.156108153770757
-0.00519789680611093 0.0118108456881618 -0.190627510114548 0.0800764084095752
-0.0130023304783129 0.00412572692153025 -0.359945548072814 -0.180917098504284
-0.00440724070882016 -0.0206720786834968 -0.0726390475028963 -0.553049215956182
-0.00947455565213745 -0.0133972450080962 0.609519673303426 -0.333278015289941
-0.00330454949507163 0.00432508856089541 0.622142366774246 0.408968321254542
-0.0167955217462052 0.0220741445062132 0.0214843718103893 0.552427884267416
-0.0229473205412058 0.00766063608734106 0.0397301456923255 0.0737337481909505
-0.0169374532661193 0.00833006721458352 0.136127899695385 -0.460462984539427
-0.012919787954178 0.0200217412396472 -0.542921733767843 -0.608101325217028
0.000660000405274724 -0.000481079498635971 -0.816145718767539 0.224148489847488
0.014688679257815 0.00340120063349384 -0.0432136667505756 0.657899518625141
0.00818161868395536 0.0127921005590891 0.397683323688326 0.23767704129947
-0.00113858914539199 0.00108869297253382 0.290841536753281 -0.120102456139036
0.011014121032205 -0.0102600599195563 0.000649098481154049 -0.212498016311589
-0.00660677923834516 -0.00431236219413733 -0.00334907250396486 0.154133965190455
-0.00704630307387745 0.0130587176937811 -0.19195129913437 0.0811037686932141
-0.0131883308009178 0.00585054026203796 -0.356209639910179 -0.183945699176684
-0.00304762747485221 -0.0211177749541758 -0.0633681551031908 -0.555511608641437
-0.00950308531327517 -0.0135830202729705 0.611990124510492 -0.327422949878332
-0.0053768115226329 0.00385079497847596 0.615523667815508 0.420050749637126
-0.0166813159856573 0.0179283631425388 0.0123465898791905 0.554016201041089
-0.0204328120339929 0.00430706780715312 0.0374679072434141 0.0743298860504775
-0.0178375140983903 0.00443020023355815 0.130234818885756 -0.458544893754977
-0.0152378236439898 0.0201141095851144 -0.553176968771536 -0.600893974912383
-0.000118769535958898 -0.000566515213548495 -0.812363913483901 0.232072618633055
0.0167501121487055 0.00341652983947386 -0.0314568960235243 0.654528269693488
0.00778416526790732 0.0157859580700874 0.403414988431216 0.234995272126507
-0.00459479886975627 0.00156972837554382 0.289532135964239 -0.119420608859069
0.0080153683950553 -0.00785578546919633 0.00137204690407137 -0.214372967470031
-0.00963794513222038 -0.00282331017120078 -0.00316927933404245 0.152760308720729
-0.00679992984717024 0.0145530963643889 -0.194420729986989 0.0776969857166118
-0.0138564647446932 0.00749516703613049 -0.349913939656523 -0.188987726607867
-0.0010012501081677 -0.0193540148578574 -0.0494116778366372 -0.559033720529278
-0.00863499227422218 -0.012754187108861 0.620833082005209 -0.316980148125951
-0.00572886780668156 0.00341544805235889 0.604218320888325 0.431533783537096
-0.0164404913628145 0.0152073339958445 0.00254860356448742 0.55585790837705
-0.017393645182552 0.000794768015692253 0.0352651184712279 0.0747003809981368
-0.0168286122318944 0.00220830724070865 0.120269921348434 -0.458682655959982
-0.0156518118902777 0.0187088506993603 -0.567814378273217 -0.589879686469861
3.6228015210903E-05 0.000260004837935543 -0.80629118875273 0.247004132752846
0.0173184402834995 0.00442445468982141 -0.0132068814959049 0.652337949059149
0.00773758944508175 0.0173450424026617 0.410720946015703 0.228544684975332
-0.00512610783637193 0.00375428591680185 0.288499928781287 -0.122875470181394
0.00493328714718711 -0.00544622692159619 -0.000361969800064235 -0.216065200258073
-0.0105339743715735 0.000963957589229539 -0.0036991643082996 0.151127253316242
-0.00467014157635772 0.0151750566946608 -0.195811436267083 0.0762918466050585
-0.0140893212839955 0.00728077147710452 -0.343261423028681 -0.191839148533499
-0.000488478839947426 -0.0176432836487982 -0.0316220458945488 -0.561956867745369
-0.00705909679692036 -0.0110050065097535 0.628353579135964 -0.303751247690375
-0.00506208961760983 0.00231089018489769 0.594490994000559 0.446272022310534
-0.0136722908819604 0.0119056312591054 -0.0100645520231516 0.558724871700561
-0.0149139242612777 -0.00249512323178342 0.0344698461291326 0.0735067433996078
-0.0138315093390393 -0.000388326424928134 0.110440311038702 -0.461358011901289
-0.0144525070268992 0.0183400938021986 -0.581759307566061 -0.576063664229235
0.00155801058609698 0.00108823647364035 -0.799302045104464 0.263127003807341
0.0177357859394429 0.00764867065049227 0.004795458786458 0.650956371506838
0.00782530621091359 0.0185224341618745 0.414490250534758 0.223465054135908
-0.00291895139010181 0.00494332716778434 0.286587063991174 -0.123652440060038
0.00197469186066559 -0.00311188150313882 -0.00259652572127816 -0.21616408825773
-0.012875816060382 0.00237705492011933 -0.00616365052489529 0.151964573886211
-0.00358387396431244 0.0143090142477598 -0.197737834111034 0.0761017385198181
-0.0138840389180066 0.00712919182315459 -0.338676050830201 -0.196619872758737
0.000908475823488195 -0.0150133474887994 -0.0155047896803343 -0.563761479554146
-0.00555622868960286 -0.00859008780454353 0.639632955940977 -0.288632757233318
-0.00283929854948377 0.00273781133946759 0.584611306133129 0.461360719634965
-0.011638661379292 0.00921398107524693 -0.0198025801137925 0.557821684919294
-0.0118770395431061 -0.00461459245200929 0.0351327946819942 0.0713316875497737
-0.0115950730411688 -0.00236127319959108 0.10335970867829 -0.462678917341891
-0.0110976714262969 0.0180475143609137 -0.592120105440073 -0.562619099167846
0.00227498905175975 0.00457301333617155 -0.789216366292952 0.280286523165884
0.0161917021031093 0.00960418250118509 0.0208274674287397 0.649835085973038
0.00800942312085298 0.0186755677574677 0.41961708923829 0.218942093207013
-0.000403130850751896 0.00495269061445569 0.28383662475118 -0.125516744322098
0.00143255442890197 0.000930153927321804 -0.00543614645061499 -0.214690668150943
-0.0125350316542038 0.00487710689125141 -0.00891465650140691 0.153070774917642
0.000326611809091949 0.0142264426424454 -0.199348617804216 0.0742865742204455
-0.0131861277495742 0.00569483522495396 -0.336743056643524 -0.199519652677491
-0.00189239590797278 -0.0127804458900579 -0.00148597568837596 -0.564380404987136
-0.0041240049118409 -0.00572537807537315 0.648128371032549 -0.276781420782004
0.000842276389667372 0.00274529492643669 0.575234054034947 0.475063256070685
-0.0079577812764549 0.00859196320682439 -0.027342706314702 0.55767498374411
-0.0079818637178761 -0.00621236758957489 0.0358972878767234 0.0690541388369594
-0.00732712583804285 -0.00361096019602565 0.0949377821630014 -0.465068595259353
-0.00794521870968609 0.0193933643687148 -0.601740970606975 -0.550299204750686
0.00285248484478959 0.00881407843825213 -0.782280763452521 0.294433970009
0.016083606919103 0.013029236189186 0.0354252821663372 0.649422730609511
0.00809467771612156 0.017784285870708 0.424847917852863 0.21274961947806
0.00338199911094261 0.00471837345789524 0.281797033013223 -0.125964694955667
0.00186154990801109 0.00263901198150763 -0.00851944992049862 -0.212766432137035
0.00154652983786446 -0.00369205083925919 -0.0121362117356501 0.160492084375509
0.00137554443030615 0.00774824774547006 -0.193953141436186 0.0803035902542831
-0.012303551343648 6.05451600629355E-05 -0.360527042584826 -0.186266090552704
-0.00771579948174166 -0.0184911283941298 -0.0623247589156145 -0.552768053502084
-0.0075537462271686 -0.0105605880165582 0.622577484480177 -0.31706873921212
0.00277651756427079 0.00636913669319591 0.621677632630527 0.422599477232804
-0.0125393439823189 0.0230092160596758 0.019167517476109 0.545430271013594
-0.0221709337234698 0.0105438111693302 0.0462495611735 0.0658478792598083
-0.0134588221096631 0.0101131361658488 0.142836700899186 -0.466048848468449
-0.00699209491873005 0.0228811968379278 -0.544305572768792 -0.602384602997953
0.000205632614741071 0.00368394619701929 -0.810308713254686 0.238736802867654
0.00786269561487943 0.00624810682897342 -0.0357725867116356 0.660479117122962
0.00961064167353989 0.00873927464223146 0.397190456218582 0.236512296762788
0.00405835483020145 -0.00202335846791851 0.289947717041516 -0.119615682643061
0.0165370326109236 -0.0106022991190013 -0.00239308760831939 -0.207989822396134
-0.0014125363352992 -0.00559909103853428 -0.00877911197095102 0.158950992820559
-0.00183304865965405 0.0095156369079092 -0.19336504171663 0.0797105249843881
-0.0127994289986558 0.00275938577809218 -0.361966390945381 -0.18340530866628
-0.00725318967825009 -0.0204888963596233 -0.069424508421169 -0.552914693671445
-0.00884150574011537 -0.0125418610710767 0.616098592650301 -0.325893827133785
0.000312920134697995 0.00705056435080758 0.624899850698001 0.415594265235033
-0.0158129427186519 0.0239607243704 0.020251986506788 0.549014560025978
-0.0246120844234449 0.0115839208968377 0.0444392404518136 0.0707184700714744
-0.0160748087010335 0.0116966784908445 0.140376976684443 -0.462630212372494
-0.00910848196203283 0.0228224751337309 -0.54002680325417 -0.610010025897704
0.000674309998066757 0.00135046417179834 -0.816442397819076 0.224623731506127
0.0115032880928073 0.00340049832012961 -0.0436822146880867 0.660070074191071
0.0092583352277147 0.0121411649719289 0.396307756630075 0.237902348912875
0.00117693172160736 -0.000449333265798977 0.292365205686209 -0.118950896272109
0.0140833425346886 -0.0116275209285048 -3.41546961611272E-05 -0.210816920675651
-0.003352600644193 -0.00573013499183287 -0.00620081675298437 0.158284265551715
-0.00538615034503289 0.0123867050783215 -0.192272460789711 0.079876092465085
-0.0133124733769922 0.0046494719977445 -0.360958434307593 -0.181558854612717
-0.00503907984033976 -0.0207711160387817 -0.0699603201383043 -0.554298727836905
-0.00980969824018986 -0.0135254845662656 0.612624068218879 -0.330038850342216
-0.00313453980351292 0.00540366280809874 0.620688743077314 0.414628581395069
-0.0177826839440975 0.0210213313057146 0.0170204368805708 0.552826000860095
-0.0232008710001883 0.00774972778363122 0.0400620698543211 0.0737262235964244
-0.016779444211364 0.00719178419503274 0.140012121949259 -0.458213092567481
-0.0125711275126093 0.0195710242762533 -0.540857893694869 -0.610591691920401
0.00042993842405442 -0.00107427241454539 -0.819257491645156 0.219942929389093
0.0147654600951974 0.004080580561602 -0.0452678637634899 0.658748140190943
0.00873381260656387 0.013876920759075 0.398006992269778 0.240372759684856
-0.00185567301337802 0.00134399916106423 0.292563403040502 -0.11831192336682
0.0112164367711667 -0.0112537848109278 0.00147470651976552 -0.213654423308666
-0.00698416333829973 -0.00366709754363312 -0.00471151225423247 0.154472107699745
-0.0066117779023058 0.0137332611787547 -0.193855781284809 0.0779390978406131
-0.0137314283043816 0.00762251900308016 -0.356290743035565 -0.185744289015639
-0.00294518198481018 -0.0211055561914241 -0.0600680790733136 -0.557405071418126
-0.00954412094411126 -0.0128780384367394 0.614779816271302 -0.324608400248118
-0.00534239065195185 0.00374237792397264 0.612269892111921 0.423575709013834
-0.0174362472608568 0.0176426945591197 0.00836228209301516 0.554402594238751
-0.0197036880221398 0.00297165709071318 0.03663053851688 0.0754546800636682
-0.0171212850273665 0.00382997458647523 0.131538170303848 -0.458971500539944
-0.0149920320062163 0.0189022994171998 -0.551493772081406 -0.603058008126216
-0.000527574492399199 -0.000438606520017588 -0.813727750142619 0.227945723441841
0.0160494445966946 0.00481543151965629 -0.034453973301597 0.655596138450674
0.00825417222952023 0.0159281123424098 0.403495047890645 0.237288956951077
-0.00371060662829856 0.00159379621576221 0.291362445658517 -0.119717164932841
0.00712840405963298 -0.00903154255514705 0.00226048970033575 -0.215238305127041
-0.00999588158733421 -0.00237580950354736 -0.00468549583125952 0.153196272248015
-0.0072847422116622 0.0147230795070473 -0.195061039558904 0.0766954834933871
-0.0143109932997654 0.00749761970496145 -0.350338931955379 -0.189703162889947
-0.000763964399222108 -0.0197790281472046 -0.0442107608265905 -0.558951573674156
-0.00858778540069145 -0.0124966995666605 0.624398557991486 -0.313262349449269
-0.00569437092258206 0.00330407480973987 0.60262529274913 0.435693174521261
-0.0163629796618491 0.015573507713269 -0.00325404929558866 0.557063020405672
-0.018010691934032 0.000609227434894442 0.0343939559623004 0.0746783933794454
-0.0167102592013684 0.00223529916840831 0.122303053672861 -0.458909690653428
-0.014772363542558 0.0180547708951398 -0.564094469716927 -0.59296440662168
0.000495985779806918 9.00803872299774E-05 -0.807856503580781 0.242576852742108
0.016809000048904 0.00510304497810945 -0.016556271614487 0.65554937328363
0.00847787634942172 0.017084821871543 0.410035189567183 0.231895338344121
-0.00444707170889763 0.00407368592581732 0.289585372544521 -0.121877796775548
0.00525554242918138 -0.00624370064161868 0.000343147265277365 -0.216968271019747
-0.0132315364886319 -0.000820006232308372 -0.00545138947556628 0.152933986338297
-0.00476912691120449 0.0142443296286429 -0.197302753140614 0.0758126290887456
-0.0135548213742719 0.00740737245462625 -0.34456022014266 -0.193531697868333
-0.00030254566476705 -0.0176891270267429 -0.0290974777047583 -0.563283292707045
-0.00663253773535538 -0.0114757158437913 0.632183468797545 -0.300149808759329
-0.00405223321503587 0.00269297169492459 0.590878391420911 0.452463915201853
-0.0145243630784317 0.0116908636492638 -0.0134116162764685 0.558469598009732
-0.0143787842131921 -0.00303541072562715 0.0346022808294659 0.0742064366778935
-0.0149628412622817 -0.00153333664902217 0.115200137508719 -0.461564240547209
-0.0143590215166106 0.0187148987727499 -0.579020066652023 -0.578828019015655
0.00108543628368987 0.00155926212823798 -0.801250454178487 0.259824913449551
0.0172544046050973 0.00759326078338482 -6.08436074309813E-05 0.651147447107527
0.00709187428817668 0.018540526797966 0.415918357889968 0.224839158755787
-0.00306839117343805 0.00393761758561928 0.286790005737094 -0.123941471172049
0.00223200127525261 -0.00301147282389676 -0.000884755838413552 -0.216749338428924
-0.0135315350826506 0.0022958588233354 -0.00702414942774106 0.153334055718448
-0.00283904026027091 0.0142716904672331 -0.199215042991341 0.0739752041582315
-0.0128320594073471 0.00681557373296681 -0.339986459631196 -0.198797772762803
9.94776936946457E-05 -0.0157461589923244 -0.0125202179218227 -0.564040423011079
-0.00473922850215752 -0.009179508101333 0.644593074063109 -0.287921897300695
-0.00122715774283094 0.00211281215991098 0.580907155713879 0.465468209387787
-0.0105947981268925 0.00966924493822465 -0.0243939534691309 0.557539680320508
-0.0117540713349956 -0.00573642173778772 0.0343061296246818 0.0719959670355508
-0.0115796399786701 -0.00302939959451673 0.107080195850389 -0.463141608146135
-0.0121501349000426 0.0184648709897058 -0.589998889959261 -0.566780905995081
0.00155360378246879 0.00443993966596758 -0.792058675985208 0.274476335953877
0.0167919569599705 0.0104428662956205 0.0170995571548981 0.651565176835526
0.00766611050224829 0.0184733882546562 0.420605587135663 0.220624999341897
-6.69583695269392E-05 0.00449391333232884 0.284456951790132 -0.124477297105546
0.00169160341078057 0.000106348197437184 -0.00329421960741683 -0.215284356838734
-0.0138293575868639 0.0049552286989528 -0.011082094519295 0.15437844362582
0.000274623533039411 0.0136631328198681 -0.202610053438442 0.0741418117106676
-0.0146427171203906 0.00559466971714968 -0.33652359323615 -0.201673905186314
-0.0017306027452863 -0.0117689033192982 0.000470722815257204 -0.565488172190453
-0.00467157373259037 -0.00550873076198681 0.65184167076666 -0.273388360431589
0.000964309184482284 0.00213428581110468 0.571744791694913 0.480223239767488
-0.0074119600354605 0.00811386742096766 -0.0313000129215166 0.556189085788754
-0.00813438635819939 -0.00568128068681104 0.0346367474307834 0.0690194221934849
-0.0078273061935545 -0.00319534706391614 0.100190193887529 -0.465346080068191
-0.00736939094386725 0.0183280713424767 -0.60013276578702 -0.552606705553589
0.00332592514652524 0.00746509075796063 -0.786055809890137 0.291009130715285
0.0160297095524253 0.0127316794253479 0.0309822045374715 0.650463526337987
0.00903869850527726 0.0168834212129004 0.424478316955018 0.217524823899665
0.00298007603431079 0.00393362864191152 0.281756316609062 -0.125532162210763
0.000162002622914928 0.00265601287232624 -0.0064550584277809 -0.213226806458344
0.000144113874481083 -0.00407364171348416 -0.0122613510029088 0.161685966535116
0.00107470285386483 0.00776716465658541 -0.195332705114529 0.0792429206595958
-0.0123700123621593 -0.000482943986609081 -0.362508188702133 -0.188182625679307
-0.0084509698586926 -0.0187083675100376 -0.0608979664759931 -0.555325839487771
-0.00778149205296679 -0.00985538910760415 0.627656909323509 -0.31594911274748
0.00216102356813877 0.00656602119226835 0.621406815830284 0.427934648631487
-0.0126185462389865 0.0234723740309153 0.0138853373383193 0.548274910174008
-0.0224315787355894 0.00931471531263003 0.0465676078768102 0.0667221699120057
-0.0120019192177053 0.0110374082719201 0.143939429402313 -0.467408643011059
-0.00628298674016687 0.0229170082594946 -0.543652482983199 -0.607254224400142
-0.000741090818681622 0.00410954603725298 -0.815284594640483 0.237342447220841
0.00770346781911144 0.00713300002320039 -0.0387943925894023 0.661477491748263
0.00970119596935474 0.00877671897608975 0.397835664039788 0.237782503392909
0.00501516402586192 -0.00146501508186864 0.290956478775003 -0.119098942398034
0.0170579507762156 -0.0111245873966089 -8.88088008198999E-05 -0.209637176128932
-0.000928182141870565 -0.00524336395962114 -0.00962704889562182 0.159554183182431
-0.00252099864136395 0.0103835738581742 -0.194753918667734 0.0797123322751244
-0.0123187172985349 0.00225638413868891 -0.36403953693321 -0.185629386533963
-0.00643958405260413 -0.0204526057643506 -0.0683065797214924 -0.555914351446309
-0.00851544936483354 -0.0126561646709035 0.620108290933025 -0.324310927540021
0.000229232185052216 0.00657422229157162 0.623386354478445 0.421301271466073
-0.0162778025558027 0.0245910055361922 0.0154156945072844 0.552761685861521
-0.024126572333064 0.0102050112739291 0.0427065795552716 0.071170627503228
-0.0154981364460623 0.0115013396818377 0.146111717924928 -0.462992926340317
-0.00858107894533875 0.022248280618419 -0.539443000065083 -0.613893760669338
0.000870212821149985 0.000522384776030732 -0.820412249535673 0.224061441517373
0.0120109009527734 0.00457302155467963 -0.0468383564891882 0.66156515121572
0.00969664509040093 0.0104019881124342 0.398179699541935 0.240340135790677
0.00230010449678525 0.000302694253788183 0.293170730978545 -0.119058597637412
0.0136648288076057 -0.0122417943064518 0.00102592586564223 -0.212494335116153
-0.00431268721379394 -0.00500404362060329 -0.00617364102953759 0.157502677173402
-0.0052305147725484 0.0117358664794258 -0.195028523181457 0.0790361423375858
-0.0136026242805173 0.00537388471958819 -0.361727733966098 -0.184406534398252
-0.00523563118460178 -0.0205986214573362 -0.0687163920327771 -0.556616846062891
-0.00920733301032714 -0.0130872175474549 0.618034677218132 -0.328263157104224
-0.00279798255086573 0.00544628077546603 0.621337857149614 0.419006085185542
-0.0168929355363058 0.0215980339615683 0.0132096888877907 0.554145849515389
-0.0229649079718556 0.00734466208655853 0.0392375328370022 0.074476963540557
-0.0172233169081822 0.00769176708437235 0.143621767704224 -0.461116943241563
-0.0124996639555396 0.0213428599138402 -0.538433685917996 -0.615723777612196
0.000851463316741043 -0.000615706014701204 -0.823585623230145 0.218015330746006
0.0148519949983639 0.00358907452328859 -0.0475464010216165 0.660758440871441
0.00893233896504865 0.0133748426933434 0.398274463185158 0.241757184586433
-0.00138126925782226 0.000267196463945124 0.293179604464595 -0.118916266293233
0.0116106740259618 -0.0116709019749509 0.00379821951502716 -0.214748145162476
-0.00759843420092924 -0.00394205849231829 -0.00553281590243439 0.156364681810148
-0.00703010474156687 0.0136743789757786 -0.195137724276615 0.0778521607750256
-0.0136327805798885 0.00706429570286858 -0.357690432807505 -0.187333204085835
-0.00291462607789617 -0.0218512624786703 -0.0591166139134688 -0.55812528776055
-0.00909760260849633 -0.0136329864502192 0.620380718962243 -0.322398568427389
-0.00499947208808836 0.00384736724586938 0.612713805446179 0.428326685811116
-0.0181525976022412 0.0173833766287744 0.00421806116383257 0.557656233227163
-0.0203401523986994 0.00319288694961344 0.0368545155253396 0.0755951014137159
-0.0171585371522906 0.00407637574516649 0.137562504492478 -0.460493156841372
-0.0145050607445753 0.0185090461394826 -0.549378257146823 -0.610143426229138
2.52685359374647E-05 -0.000542648102351732 -0.81939471960065 0.226382786054962
0.0160818726777301 0.00307039942894499 -0.0353719378692607 0.657005710424082
0.00855598447897714 0.0149447551632825 0.403388068447687 0.238970254440178
-0.00398207165688194 0.00182890366659037 0.293696286460193 -0.119907094457424
0.00755193174978311 -0.00981939906812375 0.00280731137686921 -0.216818848174677
-0.00980100820913462 -0.00176305735327593 -0.0060676038958878 0.154794091362968
-0.00712330960944626 0.0147761594156488 -0.196720320028151 0.0758116556686194
-0.0138748414480874 0.0081798535756815 -0.351537735353014 -0.191752170722236
-0.00107838208646357 -0.0206880567213708 -0.0436898931299083 -0.562719712063263
-0.00801615505811125 -0.0125770706659984 0.629697118333321 -0.31283292635611
-0.00569418061104805 0.00340313594683919 0.603401193638878 0.441069850839403
-0.0167278970078828 0.0141436062030885 -0.00592784133616147 0.556288719822805
-0.0173973670457982 -0.00105157957178344 0.0344665822314104 0.0748160425191406
-0.0164937865638532 0.00117959314462768 0.125850900749444 -0.459898890008288
-0.0158936811053455 0.018158356682606 -0.565424643163612 -0.596298306186808
9.10385482622341E-05 0.000883579361503403 -0.812875431951579 0.24117788897695
0.0172551334145536 0.00576387855014295 -0.0183821764836761 0.658890925484639
0.00785345407282328 0.0168397230071286 0.410801801043088 0.233303584344898
-0.00500882641275629 0.0032294237699084 0.290676089837028 -0.122093768074432
0.00521031526719959 -0.00651698063897645 0.00225998143101517 -0.217464449114439
-0.0117543884119879 0.000600602847274434 -0.00667679856297215 0.154357934640106
-0.00490630474513959 0.0147969556947089 -0.198429094968871 0.0750505450644726
-0.0137322885525305 0.00801065500769539 -0.3452291199033 -0.197073449874835
-0.000379676034249476 -0.0171095984253283 -0.0269728778097361 -0.567266275859457
-0.00630625544872897 -0.0108197215324605 0.638040387020689 -0.298741432001886
-0.00463185235757175 0.00289669550344616 0.591972139419629 0.456685257823166
-0.0142540989181484 0.0114307440939852 -0.0171238792113767 0.559945080017851
-0.0142957565950154 -0.00281063804674331 0.0330107364900605 0.0740395659203468
-0.0134572951810339 -0.00104313633232697 0.118824873622477 -0.46198874215208
-0.0135417343891485 0.0186416844107029 -0.577434143483343 -0.584184921299852
0.00083044729834823 0.00215924326070104 -0.806222774219033 0.256789777715039
0.0173164204701083 0.00727872923394967 -0.00347156463310199 0.656044734790428
0.0082915778147457 0.0182445863470032 0.415210056611834 0.227915990186192
-0.00357441450588146 0.00411462680330972 0.288531326988644 -0.12465569102786
0.00165284420553002 -0.00368937103001943 -0.000903674280618774 -0.217340280899318
-0.0134768239939833 0.00287867510380635 -0.00889184643101387 0.153526042957666
-0.00290853173781516 0.0141526198595277 -0.201312087531596 0.0733824372468481
-0.0132243782545069 0.00760326200033225 -0.340244420989681 -0.20032945179699
-5.78731501962872E-05 -0.0146060844066618 -0.0116350074325945 -0.567638463953882
-0.0047769132709914 -0.00809313979364028 0.647687438383548 -0.285066886690604
-0.00226962818849085 0.00280600530474593 0.58074013010952 0.471125065873596
-0.0112726172798849 0.00963518555051271 -0.0257575929263795 0.560714437224102
-0.0107110714757274 -0.00506468357178498 0.0333779536989343 0.0721563332524961
-0.0116042048167505 -0.00268248775086309 0.11124767406547 -0.465230448432721
-0.0112637436309237 0.0181402799602803 -0.589577034354017 -0.570572961930263
0.0024084293667778 0.00502018312479478 -0.797100589363455 0.27457344969855
0.016714659369281 0.0102464319757035 0.0145564714656067 0.653152605992175
0.00826505795057914 0.0187611346280231 0.420125134782556 0.223906616202752
-0.000795692594310211 0.005258795639346 0.286325394799501 -0.12394404386185
0.00181132904143719 2.19228411323796E-05 -0.00332719260249395 -0.216604881534546
-0.0131778656963832 0.00574027981412735 -0.01180159435379 0.154416068055388
0.000574007737268709 0.0129408998442561 -0.203518691441974 0.0731456255826175
-0.0131953791162782 0.0064769934697645 -0.336802765538303 -0.20496654363571
-0.00247332329907189 -0.0123096256377398 0.00361280886205822 -0.566921223906678
-0.00380251458834809 -0.00596274689084182 0.657305732993536 -0.272155460955809
0.00117247904788888 0.00222324543222236 0.571904832556653 0.483540619953432
-0.00800400565071824 0.00795700598966455 -0.0343582801402111 0.558831289733748
-0.00748225427082827 -0.00745161988522804 0.0350538617396343 0.071294704120644
-0.00735134207739923 -0.00417100973073043 0.103918133071025 -0.466276509483469
-0.00678251448236481 0.0194519663623999 -0.599088660827899 -0.559105148441227
0.00300055350745292 0.00815518897918353 -0.789239665577728 0.289831316870434
0.0164023367653619 0.0130320939155331 0.0284809537025486 0.653650491270168
0.00918897008653314 0.0176909189923423 0.426255008660554 0.220258953947905
0.00305340427707964 0.00441596549430835 0.284387051662604 -0.125705274563374
0.00122889117855853 0.00253892207132459 -0.00586323747986445 -0.215024671708991
0.00116575684401573 -0.0041506001499917 -0.0144780488211619 0.163049860692612
0.00117404416541053 0.00793807033612113 -0.197437510874213 0.078688385754796
-0.0121999735361039 0.000196300126670974 -0.364626795508685 -0.19079156870971
-0.00930816188834227 -0.0190097367962734 -0.0595579343693256 -0.558530526035374
-0.00741358414217375 -0.0104660725017367 0.632646120370827 -0.314434035592212
0.00291070940068521 0.00705013423394896 0.623251913461698 0.432784337622386
-0.013561937329962 0.0228285382304163 0.0116949247649487 0.551360012549685
-0.0221857644190365 0.0094790762481745 0.0460212197950698 0.0666476037619705
-0.0133243492471974 0.0104833107483675 0.149148694256972 -0.468145657365509
-0.00609967164646299 0.0224069249047388 -0.544414946826146 -0.610246610553008
-0.000642749704436623 0.00453481796744956 -0.821229952845742 0.236577866494259
0.009883624081541 0.00635331848470473 -0.0420376170962602 0.667041092731669
0.0103641278755954 0.00921020135233716 0.399632365877272 0.241777838897079
0.00527717863244772 -0.00203642962652042 0.292762986674602 -0.119948203662921
0.0156555548858526 -0.0105856400482209 -0.00127386801994623 -0.210632352751168
-0.00087495640211853 -0.00495692370197923 -0.00916100222263751 0.161170288979694
-0.00275787540591164 0.00939851132824811 -0.196243450729244 0.0788468211825175
-0.0124209525888212 0.00304574770693521 -0.3655260357721 -0.187178069397971
-0.00655782630075612 -0.0200301419063876 -0.0671852655386782 -0.55986968880051
-0.00842140427380319 -0.0122598874517847 0.625606742107994 -0.32535190482523
0.000279706755287724 0.00720568278080983 0.625878097786058 0.425388064993946
-0.0163902228739588 0.0256508173671353 0.0140685887556482 0.554377742145084
-0.0244433736544636 0.0104586378008953 0.0422172492512943 0.0711118234150536
-0.0165606875098703 0.0107162686073978 0.148762726115951 -0.464546152059946
-0.00824872367656839 0.0222575590137447 -0.539130842467814 -0.61921822902663
0.00133736118324037 0.00123743636025381 -0.825441130961249 0.221996798808515
0.0120249137073328 0.00549436872298962 -0.0494792230245193 0.665595888227915
0.00973261424944667 0.0106276847245926 0.399510038021944 0.242337293111944
0.0013844376064631 -0.000629504283881603 0.294903558747915 -0.11937420522615
0.0147120115219347 -0.0125883795704617 0.00225472937944267 -0.212895270193813
-0.00428984297251928 -0.00477212453380037 -0.00780386444782625 0.159631558952747
-0.00488825966950003 0.0108032420551444 -0.196916950893742 0.0779215644786258
-0.012638700099635 0.0052309894052139 -0.3639601726454 -0.187441639397483
-0.00516436894908594 -0.021566086768278 -0.0686057907092899 -0.559868745175069
-0.00929995608633796 -0.0139267058216935 0.621876680945993 -0.32988924682539
-0.00281186388794965 0.00536106220903416 0.623607852639672 0.422394585069508
-0.017436915691468 0.0224510398303873 0.0109801361743886 0.554827551687655
-0.0238757319029213 0.00691351615648097 0.038345866358133 0.0755094888468076
-0.0167359498284773 0.00869090159687627 0.146246090035179 -0.460986301471821
-0.0123981482128461 0.0202230695658554 -0.53801538471105 -0.622631086399429
0.000635029824883806 0.000131648755469909 -0.829444489486304 0.217850898613867
0.0143823219299088 0.00432861659230529 -0.0499555023185548 0.66419331482815
0.00966642765227602 0.0133829197089198 0.40087607493332 0.244634494388382
-0.00181769295389649 0.000613811001167083 0.295870670852213 -0.119363554979305
0.0108365209405886 -0.0112648900030505 0.00452110396845938 -0.216580252706537
-0.0075130019493511 -0.00346221550872028 -0.00626383671225433 0.15762533489915
-0.00756845709892007 0.0130499225940942 -0.197741660860385 0.0765624019771849
-0.013518781111414 0.00675086327876725 -0.359009938889122 -0.189188181389615
-0.00291547569081991 -0.0216255994511164 -0.0579437929065517 -0.564154131662444
-0.00981758363094029 -0.0135923911213482 0.624615759745348 -0.323584803902307
-0.00517262246664441 0.00405940572427195 0.615864845990956 0.43401849854693
-0.0179435010519513 0.0178590833559485 0.00317757592576386 0.559812144895213
-0.0206462179119726 0.00300465502554247 0.0361700739342971 0.0761121322311739
-0.0171976285681274 0.0033762652556886 0.140012353491701 -0.46094423489227
-0.0146333670079204 0.0198168333471388 -0.549402164844648 -0.613363420272296
0.000404402552887503 -0.000146556086037101 -0.824836144597475 0.223892854896192
0.0169390267434003 0.00379936351321694 -0.0385684923123276 0.662772775622682
0.00826691772097027 0.0156763730479237 0.40532982026819 0.240552006538233
-0.00429940212046388 0.00190376713255438 0.29454753085948 -0.120971036277993
0.00706135903708942 -0.009872285372625 0.00430235148023575 -0.217881857540045
-0.0103838915635293 -0.00187853684234236 -0.00624524213853953 0.156522190467244
-0.00686986117484356 0.0137117718842052 -0.199358405690643 0.0752886900678783
-0.0128310389750675 0.0081130350667544 -0.353040180508865 -0.193669340146638
-0.000820881388301239 -0.0193177281437835 -0.0416881760491294 -0.566751454543884
-0.00760807229127552 -0.0126259829106825 0.633509545955887 -0.31212917784361
-0.00506620840780092 0.00291999739646318 0.604347204794952 0.446647747539941
-0.0168142738989218 0.0139121205410095 -0.00938260572293678 0.560758969861319
-0.0177845858830024 -0.000318733538555922 0.0340044027181509 0.0760488928760424
-0.0163405463027171 0.00194055041953492 0.130221270886386 -0.461182064730366
-0.0150894594374017 0.0185579339302841 -0.565233991525073 -0.601818627804509
0.000413013602092442 0.000345469690201331 -0.817586400415901 0.240523705398074
0.0167400923132581 0.00626815520110795 -0.02107685130157 0.661343678015329
0.00821833073792074 0.017354579879747 0.412265004884275 0.236095270104611
-0.00400567477498585 0.00395109380454745 0.29316379836401 -0.122958401693097
0.00479974655942401 -0.00685088453481666 0.00358000038720691 -0.219450941103637
-0.013032467475652 0.000484068118041752 -0.00796318574550412 0.155619754564344
-0.00610105131208173 0.0142506507417802 -0.200249845778473 0.0747168418231526
-0.0130136335877551 0.00829964179433343 -0.348623625762255 -0.199246388281216
-9.69162816383323E-05 -0.0178161584874342 -0.0252600929592619 -0.570316798908648
-0.00624923758953368 -0.0107432317114499 0.641806468703116 -0.30171775422979
-0.00387649933187262 0.0031217962099973 0.593341893354058 0.462275505418623
-0.01425383328176 0.0117487840800908 -0.0181610917378903 0.563705492280386
-0.0151638938817291 -0.00355359820703125 0.03373434931207 0.0749969271211111
-0.0141820989978684 -0.00114379254608985 0.121468422878025 -0.463270860576507
-0.013593372515966 0.0188753563238855 -0.577472512500413 -0.590823307954111
0.000950215539912787 0.00253839817589836 -0.811805876351631 0.257176528314192
0.0174033819372794 0.00840416412312275 -0.00395987156763823 0.66033992194481
0.00805856979435335 0.0182240998597119 0.419415471953709 0.230720745011831
-0.00346940070388162 0.00453907407559896 0.291547623648596 -0.124133575740402
0.00372130180174372 -0.00397761960255759 0.000195033746008239 -0.219366182500158
-0.0144965194261718 0.00356810192560648 -0.0101448983659369 0.15327844043105
-0.00285897026805599 0.0143902693405941 -0.203198520352243 0.0725739605218369
-0.0138959464329294 0.00737947938119447 -0.342656595757584 -0.202241757219622
5.21217508364009E-05 -0.0145858709033627 -0.00740262781459333 -0.572587917145895
-0.00444163161516822 -0.00819645828286614 0.65259519484558 -0.284760213216322
-0.00147856255312885 0.00302330438409512 0.582814857504605 0.47648206574776
-0.010934373127295 0.00976154494356468 -0.029544485345619 0.562487678364007
-0.0108404347209468 -0.00597499031051454 0.032920277552117 0.0727015564902003
-0.00971217936937265 -0.00265029435724032 0.113333336373796 -0.466285202781463
-0.0116917320801146 0.0187412769097286 -0.591194611031737 -0.575972074468917
0.00246932266521106 0.00559660350270545 -0.803491510581326 0.273549852658261
0.017004740185172 0.0108918492669033 0.0135651128466048 0.656936184975741
0.00841860414067246 0.0176872568576284 0.424819091424412 0.224081344504403
-0.000857831187953358 0.00482511097325492 0.288596371773462 -0.124823808458894
0.00146971423182036 -0.000808209466742817 -0.00128477543328593 -0.217218971648705
-0.0138737996300237 0.005416476392337 -0.012948854383874 0.156655339810651
1.46362960007228E-05 0.013176600021007 -0.204532813122846 0.0727962481725218
-0.0140901346532156 0.00610956353854988 -0.339615896783302 -0.206268518252239
-0.00227574869780656 -0.0128889097952991 0.00611454563001493 -0.571188713746196
-0.00383636531176792 -0.00564551636556937 0.662887875409151 -0.271696199566313
0.00118954452928725 0.0032403566665315 0.575662365468795 0.489905997305477
-0.00797584632378338 0.00717864261054894 -0.0367445496037466 0.561475550149416
-0.00801798794202742 -0.00602621903101434 0.0346782171513794 0.0703215234328477
-0.00691941725193959 -0.00458133057429083 0.107160858987192 -0.467490457363249
-0.00790141656914804 0.0193344206499189 -0.602074609863322 -0.562351693355439
0.00220987419963862 0.0076514661295656 -0.794655809756188 0.289975567146064
0.0164022544258673 0.0134095706898982 0.0272738912121677 0.655202304956252
0.00986992889373223 0.0179775525986904 0.427568113588659 0.222198558214442
0.00289177158567295 0.00405911480490936 0.287085376279898 -0.125782412462613
0.000553289795893521 0.00226561953689011 -0.00449177842585997 -0.215929356425893
0.000575337964943368 -0.0034541348128921 -0.0147337317789385 0.164003975445652
0.00166204196986363 0.0080932609861482 -0.199633139090523 0.0795286057337904
-0.012475634160735 0.000687437513871389 -0.368398456576742 -0.190753233797544
-0.00913799323817685 -0.0199360694318905 -0.0607311972733237 -0.564470838360909
-0.00709413812388624 -0.0110383586741709 0.63952948702551 -0.317867541796301
0.00393014935833223 0.00746083853518902 0.627123868130484 0.437028847282499
-0.0137905061235814 0.0236488648034333 0.0102343535555668 0.553847720184717
-0.0222981084019334 0.00977892486897398 0.0459373868042829 0.0678135975157979
-0.0128422068316445 0.00972436050651235 0.151243550718151 -0.472889209959178
-0.00620081205131212 0.0220600088276418 -0.547472916909808 -0.616801039151089
-0.00047518245981504 0.00433877195442486 -0.827704502950871 0.237498211932175
0.00990180387175427 0.00672090575542649 -0.0412537165488897 0.671692118014357
0.00959181374775408 0.00900304328770848 0.403709261541528 0.243561692984444
0.00631658040051591 -0.0025754944847929 0.294973037265953 -0.121250620284792
0.0166834668123569 -0.011213391095053 0.000327696376619868 -0.212462793488935
-0.00127471600480942 -0.00538987747815118 -0.0114127810368563 0.16284006294818
-0.00232255672637785 0.00920796391937275 -0.198349102383279 0.0794744331779099
-0.0122326188673811 0.00299459094048439 -0.36915363104699 -0.188534629201499
-0.00662588303622675 -0.0210570753351927 -0.0674962934480647 -0.564469542461122
-0.00799444174566771 -0.0122101113016553 0.633180409447899 -0.326382387107563
0.00137408642011132 0.00668375087342326 0.630155478203606 0.429506467196644
-0.0158479281881615 0.0250687997560299 0.0113706845377844 0.557325087351326
-0.0240450430691525 0.00948338840915832 0.0425395562059207 0.0715567793896268
-0.0152267890398523 0.0107477698034216 0.15125881483033 -0.468138506138269
-0.00774560640682604 0.0230995040106086 -0.541557274184115 -0.625738002891237
0.00177888366632529 0.0013444187658045 -0.832545537562733 0.223864342688069
0.0128327629959207 0.00444392840735882 -0.0505883588685646 0.669277731386173
0.0105093233538988 0.0110377281337763 0.401949489914195 0.244677479337992
0.0014175816804617 -0.00121672701750794 0.297470711565361 -0.120289018279247
0.0141048245526961 -0.0123088396853318 0.00299336808567035 -0.215533101652826
-0.0049184145421013 -0.00474568410940562 -0.00933364465780223 0.161052946848962
-0.00539980759050149 0.0114425800689041 -0.197972403757839 0.0793641970943852
-0.0131234776517785 0.00506875661191951 -0.367125531617646 -0.188118282888439
-0.00595129498723045 -0.0219764834839606 -0.0682622217173894 -0.565793126685531
-0.00912192854976508 -0.0134730445541885 0.628070398691718 -0.331651529730228
-0.00234158738082381 0.00576615410724278 0.627132726196667 0.429117781259807
-0.0174432994359764 0.0218895269878119 0.0088254529327528 0.56027329507554
-0.0229953933481043 0.00731642762562722 0.0384202985041175 0.0758781534729583
-0.017055956397577 0.00652495405585968 0.149979465521223 -0.46438404593465
-0.0126468573137153 0.0199208764038596 -0.540707235463168 -0.625522704687864
0.000999332719076066 0.000445267994097232 -0.834268320806833 0.219031632885238
0.0153449144995911 0.00375612032424011 -0.0494322585270602 0.669257300600798
0.00947331158644432 0.013213089260551 0.402240624037965 0.246537521459421
-0.00220581771365633 0.00103535119034545 0.298312118275487 -0.119488217424131
0.0114379470402378 -0.0113581349315673 0.00424241891574762 -0.217344902538693
-0.00723890331403777 -0.00277407259242655 -0.00712173853885904 0.15877179999387
-0.00662440019007877 0.0131982934014302 -0.199117292190848 0.0778635175720547
-0.0124659954181064 0.00623854844187495 -0.36335778140252 -0.191361069484521
-0.00280967086655036 -0.0214755019794555 -0.0570501243833885 -0.568742284018239
-0.00931735228379771 -0.0126603407867902 0.630923490847135 -0.324693040628508
-0.00550437907689324 0.00404860512608253 0.619103520217962 0.438501279435979
-0.0176237530322034 0.0174453177016735 0.000692442116401365 0.562407348482078
-0.0205764803793666 0.00305762956664968 0.0367588513571473 0.0760113430701405
-0.0168501770968042 0.00315590101034845 0.142718525868006 -0.46472906832659
-0.0148010791957259 0.0195316271267271 -0.552077190911186 -0.618595991131075
0.00049262819301997 0.000210295882082611 -0.833444901882311 0.225130099428239
0.0167597733739687 0.00501125426870688 -0.0394647026572297 0.667068669208466
0.00990753008403273 0.0154727655578943 0.409832741937702 0.243347950336523
-0.00424761506556417 0.00235934124585022 0.296947101138289 -0.120977562420215
0.00730057878845743 -0.0102521532653886 0.00553188964582237 -0.220012784982744
-0.0109057251466236 -0.00183032929143508 -0.00808775364739566 0.156885453528192
-0.00788457537396361 0.0139457449112074 -0.200799007462211 0.0759761599524356
-0.0127871701241682 0.00872759206089166 -0.35669071373366 -0.19584472580513
-0.00144279826427099 -0.0195330270536775 -0.0425759541483519 -0.571053413516842
-0.00788187304179913 -0.0122165977618982 0.637766517248503 -0.313083006977866
-0.00472191012861083 0.00379494723553932 0.609476470909163 0.451238909221405
-0.0168420471319304 0.0149179029725368 -0.011791177147245 0.565333801244847
-0.017987651088763 -0.000267448511196431 0.0340032540594738 0.0766273042665969
-0.0154848029102317 0.000739650121130969 0.132657878329928 -0.465557628053201
-0.0149054874117611 0.0183596340674296 -0.567706000360089 -0.606392349655228
0.000488245627327933 0.00121507601078887 -0.825696523849279 0.241428553656431
0.0177079357883553 0.00652863329025018 -0.0222510776936799 0.664577740270809
0.00871826122526478 0.0169688964828743 0.416517293790092 0.238654794866749
-0.00557869395483506 0.00393546901251389 0.295600485674942 -0.124583419469588
0.00432922815237377 -0.00682374143235585 0.00428891580831652 -0.222276696085737
-0.013472248455898 0.00115210444646743 -0.0089603771976725 0.157111568576766
-0.00597057311669449 0.0144685030142204 -0.202713655788389 0.0741371331952775
-0.0131350066218443 0.00833771715211404 -0.351210163730454 -0.20013648472373
-0.000308532604163795 -0.0175963667429654 -0.0260626045169395 -0.574221810843296
-0.00619845423097762 -0.0106636333778593 0.649511877571398 -0.302276352265204
-0.00401844570381983 0.00293879830742686 0.597180666244165 0.465932907070642
-0.0145560496483218 0.0110409017291334 -0.021302818112194 0.567524324247333
-0.014420929973675 -0.00311370746337955 0.0325974934943378 0.0752510339666297
-0.0136187445545933 -0.00130061233925245 0.123858101916227 -0.465209528069237
-0.0134829471370018 0.0183888754724771 -0.58231756775364 -0.59261428402288
0.00154303119512722 0.00304371663698533 -0.819153197321601 0.257938035914784
0.0183113977947987 0.00778917870322579 -0.00411459540287241 0.663871970551163
0.00820036767288869 0.0182832778008841 0.421623734291157 0.232845543665902
-0.00366499646093825 0.00463159941283586 0.293134464431714 -0.126824861193337
0.00120251225400954 -0.00353940405364955 0.00270959789231434 -0.221273214403885
-0.0137394800512859 0.0032110412066033 -0.0124667441302449 0.157537010737331
-0.00300401103215773 0.0138169220386031 -0.205236400655289 0.0729106793870993
-0.0130012348672449 0.00757348451758588 -0.346453315865239 -0.204735621624231
-0.00105033304406327 -0.0153426221936621 -0.00850242436605872 -0.574794160862729
-0.00448672932370148 -0.00839895890736295 0.659239667515274 -0.286542323959174
-0.00131628259334486 0.00263674886292845 0.586572501858662 0.480716054534787
-0.0116138938727116 0.00889591769626182 -0.0326689368453242 0.564871441219046
-0.0113300580470261 -0.00557848445154868 0.0326968463532958 0.0729270337857144
-0.011237223271496 -0.00249338240064604 0.115912180539038 -0.467862793494087
-0.0108463784002205 0.0196578907871949 -0.592840694496542 -0.581130523111952
0.00260902327277792 0.00537714384622866 -0.809741375048964 0.273834140735091
0.017118262199183 0.0107546597883883 0.0116227991246541 0.662854003686375
0.00853575111203065 0.0180902799786471 0.426547032988182 0.226522761255
-0.000695380763415562 0.00482969845479447 0.289883408832742 -0.126412480212942
0.000542339598372116 -0.000887580302930872 -0.000577427868972996 -0.219719617098719
-0.0144996953701934 0.00606952657543397 -0.0136161113939111 0.156946922800311
0.000107724783861547 0.0130707288767784 -0.206461334471494 0.0724271215132116
-0.0137608597050815 0.00753135386942219 -0.343688966298011 -0.207627249170984
-0.0022576235405329 -0.0123310980064359 0.00645721820727097 -0.575713955308916
-0.0029924708692287 -0.00591992058007427 0.668734848589362 -0.274651173632758
0.00144198541574632 0.00362407044147703 0.578615929722195 0.49375892818406
-0.00767333779139506 0.00768495245920379 -0.0388629854520252 0.565216400813556
-0.0078727136543695 -0.00729108963527135 0.0342761290437298 0.0703639355994012
-0.00653276997466805 -0.00451970247094454 0.109336058321001 -0.469458732948908
-0.00636671971922374 0.0187078063626156 -0.603356012074879 -0.568367223534892
0.00310583221194474 0.00823148661957158 -0.800583417746711 0.290952007373925
0.0169069690167144 0.0139331335510677 0.0273937858846587 0.663007442267631
0.00914652091557362 0.0175657070812647 0.429967942492903 0.222369498268456
0.00379671913385975 0.0033393458753915 0.288801531600994 -0.12832665705326
0.000523451367470366 0.00192896986961666 -0.00477170990165779 -0.216562073310002
-0.00027295020819149 -0.0032508773322213 -0.0146305518993836 0.165473761273533
0.00075986657854423 0.00809623332778361 -0.201719832394166 0.0794720347475224
-0.0116967159400205 0.00140090902659755 -0.372383380128143 -0.193871924975698
-0.00959056498889958 -0.019193505155975 -0.0600767844476996 -0.571151379947536
-0.00625847306260488 -0.0102326982429824 0.644616525227942 -0.321697575756892
0.00341361383802555 0.00655935275536502 0.634025253953304 0.440232103769036
-0.0139711371871134 0.0237154211203709 0.0115938930229524 0.559445128672386
-0.0229341452387192 0.00954832655870599 0.0465576729558313 0.0674941545436444
-0.0121863874161834 0.00941207810801347 0.1534364697023 -0.475059052678955
-0.00520785254146265 0.023562771684565 -0.550014791360647 -0.622092532175747
-0.000244166137686647 0.00463999478384072 -0.832857337516017 0.240692545733145
0.010136556517431 0.00761753904857978 -0.0399106584207751 0.675744152807774
0.0102857974439744 0.00907480588058212 0.407618578604707 0.245618972892177
0.0056692300073224 -0.00337250855648079 0.297185795027603 -0.123059566114594
0.0169117409279799 -0.0119074236669786 0.00105816301040965 -0.214370872143246
-0.00135324907562187 -0.00474826479862868 -0.0114827922536689 0.164675964230725
-0.00266419630483536 0.00968190536946599 -0.200578377347126 0.0793352382072151
-0.0125005639233697 0.00294520355002447 -0.374103341986685 -0.189628626158655
-0.00743879357830621 -0.0206054487474107 -0.0675037631658181 -0.569404819493684
-0.00820959440944635 -0.0121966469889816 0.638027426361723 -0.329409492362328
0.00069247204332858 0.00661704881091977 0.636190011269209 0.432346948461587
-0.0161496844439625 0.0253322254501668 0.0121482345091138 0.562294918132012
-0.0249891594128052 0.0105073096146355 0.0430181162333767 0.0721044421186656
-0.0152486922323512 0.0108283104274038 0.154311356528254 -0.472049330912423
-0.00823425785197874 0.0224994090800543 -0.545653403121555 -0.628662631222283
0.000570616851594812 0.00242323217240352 -0.840319494116591 0.227035269319078
0.012282896910102 0.00472816246281686 -0.0515439022045208 0.675818376585356
0.0109847299865132 0.0100768523383947 0.406958744481605 0.246770568247121
0.00155993025971294 -0.00133485508463567 0.29943647595424 -0.123065532310117
0.0141104756743159 -0.0126674282598306 0.00226507902638579 -0.218273956512183
-0.00438252610620397 -0.00435935247266756 -0.00960033939119215 0.163445509809911
-0.00485052630862409 0.0124377327393346 -0.200618124836521 0.0791906606611998
-0.012511370229123 0.0054709980050556 -0.372574291704715 -0.188697038278951
-0.00553534557502269 -0.0217756980576842 -0.0685289838977056 -0.57124807812261
-0.00935300064686816 -0.0131813306061588 0.635095676956175 -0.334825551515366
-0.00246726451133499 0.00599457133581619 0.633758804079392 0.430470066825114
-0.0178499081154172 0.0212804857895585 0.00776660147137195 0.564843391749575
-0.0242395958392124 0.0067270798968938 0.0394528028666293 0.0766605183428506
-0.0159475116731296 0.0072350266734597 0.152263187619739 -0.468469548738842
-0.0121006090647533 0.0215046064840446 -0.54420745767276 -0.632232470374426
0.00094254592518679 0.000233368869732239 -0.841782759187124 0.221852134309632
0.01589440312781 0.00415203485981771 -0.0513336131997636 0.674000226190861
0.00974345342036545 0.0131142064309412 0.406370159764719 0.247408646529034
-0.00127459979505528 0.000908567207584973 0.300344250682511 -0.122138480124617
0.0108562504346824 -0.012399246242205 0.00524604820742171 -0.221237142928033
-0.0091702669114071 -0.00323457569551574 -0.00759295786470367 0.160694441519193
-0.00698209731652486 0.0133932151756759 -0.200968441746829 0.0775555924458833
-0.0134812203549986 0.00757159572651144 -0.366816225708869 -0.19214720015592
-0.00382179405601221 -0.0211989292024899 -0.0589647976755203 -0.57293409396913
-0.00915794544220753 -0.0134381923200956 0.640009686109971 -0.327729586135636
-0.00529228431390608 0.00504567899324962 0.625932687939209 0.441451727842565
-0.0183019061220363 0.0173788369985479 0.0014438173258757 0.566279190246049
-0.0205203963663543 0.0029717959164072 0.0354815309731098 0.0769913001990244
-0.0175035102601923 0.00358958119530626 0.14402216348738 -0.467627738943
-0.0141314995298043 0.0195441371644282 -0.556539417273926 -0.623959004385505
9.00481798927575E-05 0.000214516403639276 -0.83951955657275 0.230110495035368
0.0172819767288011 0.00536078977186282 -0.0402344935043524 0.673061286225043
0.00859878022525211 0.0155633677207753 0.413273713058622 0.244844680431837
-0.00373368234200063 0.00129396441588829 0.299155795627951 -0.123709386808942
0.00714059265013416 -0.0103178966402378 0.00565683766801205 -0.222100199832112
-0.0106953425739865 -0.000569913690846491 -0.00867255970988266 0.159768562499629
-0.00681229070549105 0.0143555434092352 -0.202829411585042 0.0757515078534848
-0.0132671176876147 0.0087630295275994 -0.361704813067433 -0.196854227100753
-0.00101821831407636 -0.0200898955390781 -0.0452549068536873 -0.575565372958736
-0.00761191271123483 -0.0126912354137175 0.64597228129783 -0.31805542234195
-0.00472803746152107 0.00351676055023284 0.613056108295452 0.454409539274309
-0.0168331632801511 0.0147150446084982 -0.0117566169477416 0.568174705147985
-0.0187046019560725 -0.000158605358377815 0.0348573349685161 0.0770236376987471
-0.0156853324725044 0.000751018267663712 0.135645907037786 -0.468292553796091
-0.0148003684357606 0.0186941508088131 -0.572781219202728 -0.609919251897313
0.000736918824528308 0.00114877909222666 -0.830818309727668 0.245004614762278
0.0179839993634232 0.00627366799243992 -0.0209349326490039 0.671115931509165
0.00811002553908214 0.0171774844922759 0.42005217910602 0.240896531579945
-0.00384201231291658 0.00323865180208488 0.29828436797755 -0.126829694101577
0.00460878696706726 -0.00668740407711605 0.00365503163904024 -0.223591719070625
-0.0132809168338005 0.000850388514912219 -0.00904274012713895 0.158225087184598
-0.00563136759348199 0.0144963118379866 -0.205526853150409 0.0744265110967237
-0.0128224348208392 0.00847569077181444 -0.356030417479798 -0.202125238756434
-0.000512805418649449 -0.0180114573903286 -0.028074073052378 -0.579674533472155
-0.00667293753603134 -0.010757870486867 0.65544573548804 -0.303609685948166
-0.00308356968765175 0.00355531770240498 0.602312989146229 0.468809144880521
-0.0136908979910537 0.0114048428400798 -0.0206620296326361 0.57108376934933
-0.0142957413566078 -0.00380166534260745 0.0338865124718316 0.0762938594179581
-0.014367531639076 -0.00157509704575866 0.125162594407766 -0.469013565298458
-0.0149872831273046 0.0188937701349635 -0.585251569552637 -0.598518732573106
0.000462515401876536 0.00316491486306233 -0.827591217519152 0.261524765118624
0.0183052665741945 0.00850794297687256 -0.0041821216262076 0.670013234997488
0.00735367748975412 0.0181321308199711 0.424864039480853 0.234053102645931
-0.0027338969618461 0.00472059352200142 0.295705309625037 -0.127245370657439
0.00278271579713398 -0.00406571986618693 0.00156907510324054 -0.223314886503374
-0.0151298872701504 0.00443002879911299 -0.0120596982203305 0.158223569406431
-0.00350530488830073 0.0137851966317546 -0.207855951721837 0.0745659445758269
-0.0125525458138586 0.00878079454869686 -0.34997056758422 -0.20598875446085
-0.000373810280382596 -0.0155642367411881 -0.00863777658161864 -0.580985259842217
-0.0035336827692412 -0.00799546297936887 0.666047100986073 -0.289744429739255
-0.000661656864226333 0.00374905274591768 0.593079291143817 0.484029196325285
-0.0125340071046749 0.00906845546880571 -0.0313575924314499 0.570904805064141
-0.0114712055316198 -0.00611662762344648 0.0327601302492104 0.0746069883617702
-0.0100435119153241 -0.00261883737451023 0.118648526869615 -0.472088307621198
-0.0103502485188712 0.0187528156506226 -0.595721331138278 -0.583512377152825
0.002023573319646 0.00599773410676679 -0.817462243645156 0.27803784001482
0.017184166206552 0.0110848238658838 0.0143225972866481 0.667866244558734
0.00923432249932579 0.0186708717856995 0.430823488522557 0.227534284630484
-0.00122188561364649 0.00468189362137125 0.293946639417313 -0.128709580778298
0.000780423212735807 -0.00139198069771742 -0.00051747521373809 -0.222045910213473
-0.0149975366855665 0.00639595833287265 -0.0145681670734368 0.159420858745564
-0.000654034607335821 0.0132562427751386 -0.21047011888226 0.0722887463744505
-0.0129897832380255 0.00647706968187576 -0.346039598986163 -0.209166329176912
-0.00331938554302 -0.0133905046558838 0.00441064147128253 -0.582484015877753
-0.00338283689235145 -0.00578960566561144 0.674113361487449 -0.275387081498677
0.00231470453302527 0.00358091118444489 0.583334316097087 0.49792269978399
-0.00842855553364846 0.0070962307414288 -0.04095929858026 0.569676768719784
-0.00726983553445698 -0.00807311938392177 0.0341227865687788 0.072997147464318
-0.00749506888480235 -0.00467591024436606 0.111492459310318 -0.475402578309703
-0.00659217087304819 0.0194798910455819 -0.608381235576649 -0.571811356113335
0.0041490268830969 0.00836575151606413 -0.80952867348208 0.294269368491263
0.0166460437677386 0.0141158485177777 0.0285892338379459 0.666046608617322
0.00987347493390279 0.0172882278933525 0.433142003094631 0.22509183275828
0.00363346766888967 0.00410845068111985 0.290872139935147 -0.128848368885768
0.000541139691201514 0.000686967941629693 -0.00381292666833707 -0.220602865724229
0.000291287844031173 -0.00346515240872187 -0.0155904663909292 0.168174387558578
0.000654486248490203 0.00685966837944438 -0.204087983132744 0.0816600395081429
-0.011523222525146 -0.000295816104480376 -0.37774229492118 -0.19301332273319
-0.0105218580960374 -0.0193539663661569 -0.0644284034376299 -0.574998734795526
-0.00765583474070076 -0.0105291358255526 0.650390016327891 -0.325520154286089
0.00422859658177138 0.00682908263251964 0.642131114554773 0.442931685355192
-0.0141263267845538 0.0235630679290976 0.0122895652340401 0.563967266651439
-0.0226738748559215 0.00930159843584425 0.0473668093495316 0.0683247655844873
-0.012419346175274 0.00872493118756901 0.154295299326991 -0.481297797614447
-0.00581665661630485 0.0239606432066087 -0.556856047244901 -0.625618372825066
0.00094268893914071 0.00471062153956854 -0.840866663016646 0.245898711217146
0.00976174431793642 0.006744580118928 -0.0391184911114752 0.684371115020211
0.0106621937190282 0.00817077759427252 0.411986788420053 0.244694462439436
0.00628426007254426 -0.00291838505245864 0.299892811117397 -0.125536447246811
0.0166386467354251 -0.0120136304344721 -6.90848391707111E-06 -0.217364450374411
-0.00206768217905945 -0.00400455022964686 -0.0119842086611471 0.166617169689342
-0.00338370157303173 0.00958876170763823 -0.202961492674096 0.0817230671053765
-0.0109046891933797 0.00184082673989358 -0.379038896938033 -0.190192139251185
-0.00796433335549043 -0.0214588784212114 -0.072042325783464 -0.573379983332849
-0.00784746501570198 -0.0122212887417185 0.645146599027056 -0.33694231438752
0.00176961050223548 0.00661050469506379 0.643799919480713 0.436082573847706
-0.0169902689919197 0.0251793558341709 0.0142619659341154 0.566963315890521
-0.0247095246223241 0.0103856925789348 0.0435870253353668 0.072752857988866
-0.0156091316942118 0.0111178698625427 0.1557897784661 -0.477447562351285
-0.00771425534214063 0.0229238573010484 -0.550880702785714 -0.632231636261593
0.00108911039002716 0.00194306382765872 -0.847213527211161 0.233210305671099
0.0133934745140867 0.00519120864829445 -0.0482153925453526 0.683698206263088
0.0112940561808695 0.010244954538144 0.411301007373334 0.24815431668553
0.00189985914390602 -0.00158106726101642 0.302637845167058 -0.125596551047466
0.01513939275806 -0.0135238306606449 0.00285244158149478 -0.220025616010322
-0.00538874104992525 -0.00403382227847405 -0.00963855018380362 0.165296557971543
-0.00535906016272864 0.0116411486330885 -0.203459203067647 0.0804513161661305
-0.0125151669466724 0.00590671231532688 -0.376159460658936 -0.18929520582483
-0.00588294011067068 -0.0223984767102536 -0.0721863395683448 -0.576404679632951
-0.00877181584727712 -0.0134686061726699 0.639169566710778 -0.340634131301753
-0.00150529123396227 0.00630574978778956 0.639242814217806 0.435017163542376
-0.0175800352766904 0.0215605745434289 0.0112263858062582 0.569276747336082
-0.023563157427763 0.00745818989422104 0.0397805417913049 0.076736306138203
-0.0174660104848449 0.00706144256965679 0.152466510329621 -0.471465796288687
-0.0123410554691917 0.0206561829819091 -0.552702824912901 -0.635295867090125
0.000325846839930583 0.000708767659234427 -0.852204107170181 0.227557498667075
0.015878252892473 0.00429421656984101 -0.0492116886631804 0.681339144722075
0.0102641239701535 0.0133042526693598 0.413647204311639 0.247571072912938
-0.00141033935508181 0.000774884584067893 0.302636335667705 -0.125158650804192
0.0105447240386541 -0.0124296254508554 0.0063956758766727 -0.223637914532164
-0.00828033591823786 -0.00358091466472654 -0.00844772241941096 0.162559340373075
-0.00795447205501887 0.0134326457150315 -0.203731239674317 0.0791378811832625
-0.0131548971248412 0.00664570158360603 -0.372450505802481 -0.192117236764656
-0.00442880863800986 -0.0218730254356891 -0.0601732868750857 -0.579683129496134
-0.00865039755539672 -0.0135027754044092 0.643566655727921 -0.334191502537315
-0.0042313410468001 0.00463495235299332 0.632463320690087 0.443583850564225
-0.0183292010095789 0.0185226225408088 0.000638181076376913 0.573773723435431
-0.0212229152368893 0.00217902741430545 0.0368374635910152 0.0777483441966236
-0.0174240818617899 0.00305619785792208 0.145093492637222 -0.47323860992488
-0.0146569687964871 0.0195407427856761 -0.562118102481682 -0.626585453383536
0.000381964537664056 -0.000230059816774665 -0.84508069753972 0.234930466647774
0.0178575774298631 0.00406244885533701 -0.0379683010407593 0.679400416665682
0.00921200911949166 0.0153057001102081 0.419235241026834 0.245890092002683
-0.00376924700066723 0.00274614462185346 0.301664823120355 -0.126535770499106
0.00742778853713663 -0.0103466333888522 0.00479240742963862 -0.224650231236921
-0.0112957059088547 -0.000825662124774771 -0.00842080546888208 0.161009906015413
-0.00693047601155047 0.0142860405020658 -0.206176505191805 0.0766720815943028
-0.0124055449607478 0.00817201229568904 -0.365959944943246 -0.197697238452246
-0.00210314627910792 -0.0207707492909175 -0.047068909279717 -0.581947791847157
-0.00732295861768065 -0.0130245731497498 0.650691227656619 -0.322988427511519
-0.00476260414095848 0.00419166491313651 0.621465282025752 0.456515958930141
-0.0164767957146179 0.0138887275878758 -0.00917317720577825 0.574302422130786
-0.0184412388459782 -0.00117716177522283 0.0344429799784783 0.0775486660611139
-0.0160895580794612 -0.000525332691177858 0.13575158747786 -0.472565444760457
-0.0150799881673516 0.0188234968094991 -0.577218302701338 -0.616093032821222
0.00139491505033428 0.00163862681534706 -0.838468864293995 0.249479469576682
0.018266940737852 0.00579522359136601 -0.0199447352714387 0.676987045716763
0.00910676739298371 0.0174696962056087 0.425143445538612 0.240931293503332
-0.00446745535625709 0.00370885724061105 0.299771060248618 -0.128626490822986
0.00387399964240762 -0.00858307566136101 0.00293068690402313 -0.22552415372189
-0.0136246249409433 0.00159031870848807 -0.00963248159040225 0.160391464245897
-0.00545925592652006 0.014110463640981 -0.207302319941315 0.0759109372834984
-0.011950595441792 0.00889721124253174 -0.36039794068253 -0.201444737636618
-0.00077588764269256 -0.0183592481624072 -0.0288926959769748 -0.58399653896545
-0.00536975465699748 -0.0114835360445045 0.660619450001075 -0.310341143630883
-0.00303132567056148 0.00356941958086043 0.610357938951625 0.472929320141124
-0.0154656020878587 0.0106507492080726 -0.020992662205961 0.577973250237109
-0.0144008580435859 -0.00365792791749614 0.033978880244839 0.0768038842174849
-0.0141197296867261 -0.00236685791301489 0.125744372662159 -0.474917597310327
-0.013818247797132 0.0194748859072756 -0.590129727988713 -0.600352324777983
0.00168760015931338 0.00315818538895675 -0.831911718186145 0.269264320544724
0.0192950494144745 0.00812101859900504 -0.00264486292990511 0.675474905226501
0.00845702396221571 0.0177049605134002 0.42963195558654 0.234730912142667
-0.00342129590420372 0.00432441481699519 0.297984001222894 -0.131740220447743
0.00218725164106528 -0.00546621361286074 0.00138294296980818 -0.225829796787397
-0.0150221769301252 0.00416534336939054 -0.0113680153334285 0.160333980598862
-0.00330194413847142 0.0139915510649581 -0.21007235316574 0.0745084931902349
-0.0134913934070175 0.007622907172624 -0.355659098922205 -0.20604358160795
-0.00135559883475702 -0.0153645528890864 -0.0118340054714533 -0.587540155710076
-0.00464354433627337 -0.00883246825748592 0.672601155317459 -0.296057852239616
-0.000660548644537504 0.00274328435022351 0.598629574285889 0.487841444983656
-0.0117360021324778 0.00895373307868088 -0.030811859742276 0.576542896953223
-0.0118886963852144 -0.00538803092782645 0.0332914655945549 0.075822312385446
-0.0102680907194072 -0.00399354115709907 0.117897609159464 -0.475493831349714
-0.00981482224342659 0.0190412940382605 -0.603648044420668 -0.587568749487887
0.00236726320121876 0.00562024077578894 -0.822378558579864 0.28428258209557
0.0174787724716622 0.0114393316814334 0.0169313426907293 0.673722081288544
0.0101793513484589 0.018046440476945 0.436780419862551 0.229159870820834
-0.00110245371548014 0.00408057282065383 0.294635934949768 -0.130745889846817
-0.000113796137432518 -0.0017953038089598 -0.00119135475123657 -0.224042777594144
-0.0159471719322471 0.00727326740293402 -0.0142587964376202 0.162045598218797
-3.95436153250524E-05 0.0133542380335722 -0.212468854236885 0.0735657634405921
-0.0120553761945518 0.00686180203799914 -0.351185975399212 -0.20951493169755
-0.00367884857191585 -0.012575104275504 0.00361666184609059 -0.58849130649805
-0.0027761060820642 -0.00566244892945537 0.680220871041818 -0.282161874079906
0.00270343493005328 0.00340674646375304 0.58931816697916 0.50250785041417
-0.00835368549234361 0.00791919520086924 -0.0374784101210377 0.57593409864033
-0.00818797643490347 -0.0076859315947945 0.0353738433062558 0.0726697921544256
-0.00641132049757608 -0.00443969067920048 0.11223443575523 -0.479658418578614
-0.00646924741019467 0.0197966208233128 -0.613179867872572 -0.576510992380742
0.00417972612735552 0.00962783408937773 -0.81572371828842 0.300062321661293
0.0172141968274168 0.0141467355251568 0.0310129222156052 0.672278659189584
0.00975278394819654 0.0159070893535325 0.439897102906136 0.225075378446297
0.00347222126506123 0.00480495987575415 0.293256721973236 -0.131558293018364
0.000670431405513958 0.000742012374368939 -0.00505784633262598 -0.223355805897465
0.00114105874197948 -0.0032278287075066 -0.0161782340482469 0.170717716343575
0.00195741260852056 0.00744251365628344 -0.207192723289386 0.0836363833249946
-0.0114566262573204 0.000554317115958362 -0.383390179850643 -0.192025181176207
-0.0104920947400247 -0.0193378810501399 -0.0692118006319561 -0.57937873860137
-0.00665094801447495 -0.0101219786022587 0.656867146152157 -0.334721469671586
0.00504108279744537 0.00722277306418651 0.651206366769119 0.443826371377653
-0.0137081398969412 0.0230329966828394 0.0145522760214812 0.569414095041592
-0.0230176955143633 0.00885518958512782 0.0476891262495611 0.0680444749061715
-0.0123461785270059 0.00895706055752087 0.154836944893019 -0.486529396837417
-0.00524816785797819 0.0241697810609754 -0.566530920160136 -0.628904044385163
0.000455781859543369 0.00593799066966867 -0.846616536072483 0.25291720470866
0.0106943208678185 0.00776507078822181 -0.0365656762324983 0.691478885444703
0.0112481898857585 0.00825060207755635 0.417858411838099 0.245214486122186
0.00524052556745629 -0.00272037900413874 0.301855159102554 -0.129695095977872
0.0162025123512649 -0.0126026529154273 -0.000166279707520041 -0.220359629919626
-0.00181652896854762 -0.00419820728344549 -0.0107820834054438 0.168771004700192
-0.00172530258150488 0.00928881285260382 -0.205799390025476 0.0830208045018177
-0.0115679086697899 0.0034095843138466 -0.384714422083393 -0.188691726636226
-0.00805361000471014 -0.0214974307891067 -0.0752677250497616 -0.58156861794311
-0.00754321984164372 -0.0123428991972223 0.64903318382557 -0.342935018447003
0.00204017565388231 0.00840219706909883 0.652427935481567 0.435487824279577
-0.0168991556309583 0.0253184549689814 0.0157010399566178 0.573196484923479
-0.0253652517396186 0.0102380763491536 0.0443975617748275 0.0738213228150615
-0.0153892758442551 0.0100883016996079 0.155430077185575 -0.481740980020382
-0.00776848237824155 0.0236983591946453 -0.558161179041484 -0.63693078676242
0.000816362469361686 0.00234834211262311 -0.855493457736054 0.240553538165305
0.0136384206410531 0.00585502292174482 -0.0453963333428355 0.690204453584048
0.0111970792857529 0.0098142565534741 0.418300052659046 0.245870836599615
0.00188501268909886 -0.00155870416230483 0.304463041986534 -0.12925680757084
0.0138834963297446 -0.0138751950125335 0.00141066290302678 -0.222253544007023
-0.00498297607716201 -0.00411571639532204 -0.00892011036325637 0.166357661310021
-0.00502887217865232 0.0110457772646215 -0.206086976109268 0.0820534803169828
-0.0124761202523259 0.00525992431387007 -0.38252771141335 -0.189831350154828
-0.00640582257114806 -0.0212558771414519 -0.0737684105360314 -0.581183833217931
-0.00848286175948409 -0.0133362601732045 0.645994861383469 -0.348347433733609
-0.00141566149523779 0.00599308425800454 0.648428727729039 0.434764969857697
-0.0180610153686081 0.022295337702882 0.0121990233428391 0.575423220104737
-0.0241515939044787 0.00706962708808839 0.0403866044905957 0.0773842374908098
-0.0167479553215501 0.00640285315195716 0.15303299504416 -0.476841750387952
-0.0110412888567329 0.0207536948120134 -0.560191229944017 -0.637986066176406
0.000969204831753957 0.000860377129306008 -0.856575063990402 0.232369345499746
0.0155827051176618 0.00487528514993409 -0.0466130010254061 0.68912665933483
0.010783264551746 0.0130276517448062 0.419370336513423 0.247846596331183
-0.00143724495321377 -0.00020697455385216 0.304098486983531 -0.129894750180816
0.0114793414437239 -0.0141762700494476 0.0040947128072743 -0.225317657082902
-0.00780073618597855 -0.00290426044429706 -0.00828634034034859 0.16497924173733
-0.00751447741582931 0.0136962295573572 -0.206597864234895 0.081057065394595
-0.0121972062051427 0.00767290634698608 -0.377904589896943 -0.192787757113661
-0.00481122979671429 -0.0214149230615624 -0.0662552169968267 -0.585137525343916
-0.00930699795245996 -0.0128088410458455 0.648239803612789 -0.339493904622955
-0.0039370565444277 0.0045559274287883 0.639214669989845 0.445833176066107
-0.0184945988510852 0.0175378064286495 0.00306890716122795 0.578320646705028
-0.0212310891343289 0.0017184317747334 0.0386051541710861 0.0779979295838374
-0.0163492815915036 0.00369390123031217 0.146874658320152 -0.47747821024086
-0.0141469426365383 0.0192883348828126 -0.569625342352672 -0.627961817002274
0.00080025923053636 0.000851540261716126 -0.853977717939081 0.24205543681652
0.0184957601136215 0.00512486036388193 -0.0345732825494132 0.686684356921035
0.0092448552424749 0.0148631567529917 0.424273407894207 0.244329281616578
-0.00423905313407612 0.00157129902092289 0.304680164886135 -0.130272487613686
0.00770235736149567 -0.0116405836616733 0.00391098335510635 -0.22783857069934
-0.0102274440703559 -0.000671486848584281 -0.00887441364608972 0.16342908774213
-0.00659210176678147 0.0143763860293891 -0.208756500477612 0.0793211141428744
-0.0121041163511502 0.0080134889635859 -0.371641717916104 -0.196849933112319
-0.00221334756306413 -0.0211750073989774 -0.0511178617141342 -0.589282919484173
-0.00672111335975548 -0.0124488743127424 0.657899720133357 -0.330194312419274
-0.0045370185933101 0.00377485474547871 0.629526090223285 0.458867275781081
-0.017632561336468 0.0148882176078504 -0.00694410229486064 0.580738809208254
-0.0187166889327305 -0.000316380329329342 0.0359729590879759 0.0786260352822493
-0.0161870053980708 -7.80519583779846E-05 0.135696441766025 -0.478183292828944
-0.0147185142400382 0.0191994459637122 -0.585192084594146 -0.617532434482995
0.000977748370850932 0.00165293139910523 -0.846262236934956 0.257703776639226
0.0188476596392302 0.00637312205910807 -0.0154894490606836 0.684169298929932
0.00973215751821355 0.0170662488676374 0.430992799930975 0.241476701185794
-0.00465956151498629 0.00266530255303353 0.301201527585406 -0.133339596481158
0.00451750934121312 -0.00881076115272975 0.00245135610451398 -0.228053924393042
-0.0135155102590332 0.00208390143683349 -0.00980367388666347 0.162304978315491
-0.00612588107738534 0.0143194099253803 -0.209704601254956 0.0778091898518941
-0.012758103066233 0.00833996075276502 -0.365100390359367 -0.202120713930717
-0.00123047602036997 -0.0180040225600632 -0.0336892129112897 -0.591246794733895
-0.00578836370398246 -0.0112304147054031 0.667756363586527 -0.317133209066133
-0.00276737107500092 0.00278156843372736 0.618582046926944 0.473537323429522
-0.0147062682780988 0.0112281747622026 -0.0187428202483541 0.581170203310464
-0.015672322757537 -0.00390066045140735 0.0345251324602824 0.0779907150421078
-0.0138538596162694 -0.00195453424644241 0.126326306340263 -0.478273583431291
-0.0133500339711001 0.0195086330239774 -0.600669094463555 -0.603916427515774
0.00159913692589498 0.00376308315168563 -0.837916885863074 0.276552318182276
0.0194654836480135 0.00861629001471617 0.00258482497611112 0.682614897114784
0.0090567452295622 0.0175887136223879 0.436316598052281 0.234379215801074
-0.00386845359631161 0.00365306299138382 0.299538799638678 -0.134776581567452
0.00181478078452719 -0.00522131816724665 0.00102229782768135 -0.227876008414495
-0.0149446372746556 0.00439802407540582 -0.0115224252067064 0.162908931889461
-0.00286020979423093 0.0134042649138744 -0.213051925494941 0.0769609599558861
-0.0124778533664086 0.00802222538327229 -0.360847917598618 -0.205824049819952
-0.00168368864113927 -0.0149272036763207 -0.0159684045587133 -0.594214416338026
-0.00449018111664713 -0.00816927727348246 0.678339007236722 -0.302667492549916
-0.000573946143334156 0.00334947646769606 0.607002096627161 0.490387550656956
-0.0116359106728335 0.00918681104290485 -0.0283782259013695 0.581728905836331
-0.0115564296506204 -0.00585113053844935 0.0340740749441184 0.0754261890578034
-0.010027678656342 -0.00447846523879137 0.119088625480159 -0.48003827257306
-0.00961399351267208 0.0194680736837907 -0.612948231033294 -0.589924312020741
0.00331976118970059 0.00622467354956427 -0.830273307696779 0.291369686702781
0.0183668485051672 0.0114001061313976 0.0209487591446284 0.681718893277155
0.00966618847925528 0.0175966018155454 0.44222327417735 0.228549508089705
-0.000426299461452796 0.00388993015293006 0.297387923760493 -0.13565568600741
4.48266007083103E-05 -0.001563507844885 -0.00231899404983906 -0.226536796714149
-0.0154273100014966 0.00834110427361721 -0.0140101126845898 0.16195830264125
0.000620982545223396 0.0130054250167335 -0.215216406064084 0.0770497431918994
-0.0117841086123931 0.00694317903076403 -0.356821484154277 -0.209750635481176
-0.00331769972782224 -0.012334178688811 -0.000704884808237522 -0.593965148045783
-0.00299370840683484 -0.00529921005527799 0.688004546136534 -0.289000503159223
0.00299015512656863 0.00358097868629635 0.598412241624385 0.502441195420561
-0.00825064204500009 0.00735259081599585 -0.0345714380772971 0.580947364766159
-0.00785246490047816 -0.00772257038835792 0.0360225804849849 0.0725351375346801
-0.00669120131033744 -0.0057525472803627 0.113370090031369 -0.483247596967687
-0.00653391480858975 0.0193235440284405 -0.621722646671547 -0.578197344576619
0.00410138856199969 0.0084344844729234 -0.82235356980151 0.308688915040275
0.0173545845626028 0.013818920147251 0.0359896862255656 0.679133228545455
0.00986946687433642 0.0162847066987773 0.446859624137573 0.223333413963462
0.00406440862147288 0.00370925306044152 0.294866532136403 -0.136102088635006
4.21628421168243E-05 0.000203744606123171 -0.00673890010079877 -0.224042865732523
0.000642055549959191 -0.00179022313500728 -0.0138734287866593 0.172199033230165
0.00158305524624854 0.00761293104799036 -0.209112577150921 0.0857212045047651
-0.0111079527471102 0.000412977920228139 -0.388248442607439 -0.189948943913403
-0.0105156593076029 -0.0200083779017481 -0.0739546154805385 -0.585532396379226
-0.00713522811671728 -0.0105862085215426 0.659463833873571 -0.340273925679258
0.00484622049617035 0.00745191971544018 0.659985711263345 0.442518805160903
-0.0142612607293708 0.0234475280312764 0.0191700682170537 0.572808165745378
-0.0230006291045815 0.00970993056404318 0.0486252092060023 0.0691832191619646
-0.0131324799890539 0.0101573237247633 0.153182616144418 -0.491007222563899
-0.00505862280286128 0.0232603915643569 -0.575412693622252 -0.628597170540832
0.00116159805781787 0.00682876798761385 -0.852219227298846 0.263738433784402
0.0101073525428997 0.00758063817298442 -0.0302596614819551 0.697352400723172
0.0114031395788305 0.00809349816264867 0.424443274574639 0.244031824963412
0.00615569151571261 -0.00244953179829702 0.301942297107861 -0.133069347795264
0.0159462250502043 -0.0134873794377346 -0.00224070493995254 -0.222295268953724
-0.0021978090590288 -0.00317910649668333 -0.0109381179942041 0.170916024129606
-0.00311230678510179 0.00904220432202615 -0.20763147980211 0.0853430914939806
-0.0110672703490102 0.00305010522673756 -0.388905320500888 -0.187856701029757
-0.0089789158444518 -0.0210371487822076 -0.0817029029993425 -0.584599848807702
-0.00829793712622431 -0.0123298505365789 0.651590882991549 -0.352633194359297
0.00253719881139724 0.00701657328947861 0.66197475829541 0.43441006887576
-0.0172241959889948 0.0248037178672245 0.0197958533728079 0.576193825306521
-0.0255417820661058 0.0102806518087576 0.0449906613184076 0.0731164773000485
-0.0157077460763316 0.0107329551037274 0.154355818403633 -0.486867402348713
-0.00742753341002112 0.0235401121857682 -0.568746378488872 -0.635582732859903
0.00122841020984905 0.00310033401666879 -0.860620486390717 0.249656278216479
0.014396041172506 0.00549988044833457 -0.0384911646940457 0.697107894509584
0.0114265526261388 0.0103280354329306 0.424265344757419 0.245042956905237
0.00238942751904195 -0.00152416256440062 0.305181724758716 -0.133784760210329
0.0132701908500482 -0.01450021915763 6.61575300283509E-05 -0.225669441848644
-0.00498597385021441 -0.0034126871640402 -0.00897425336879196 0.167969783333742
-0.00507252167483998 0.0102120967136309 -0.207146257472641 0.0845580055387103
-0.0122386822525038 0.0051314189250614 -0.388589831328774 -0.187350601388981
-0.00737065750655241 -0.0219170096105358 -0.0834495564695812 -0.585166830761055
-0.00846244975669432 -0.0134018299627369 0.648763914555508 -0.35578066024413
-0.00107757770302221 0.00630176892011991 0.658903132528098 0.431827786976438
-0.018935699234052 0.0217417448481188 0.0172225472863085 0.57929187405964
-0.0240810909247276 0.00726861668909069 0.0404851532693465 0.0773774691448743
-0.016386169892932 0.00768692155495947 0.149435415903687 -0.483550235891282
-0.0116065557781763 0.0209379027221228 -0.568346120832651 -0.639067126630032
0.000866512615041516 0.000718846117180854 -0.86177785698565 0.242167003141311
0.0170559354565849 0.00445574016136482 -0.0402599803170776 0.694071867838501
0.0105222487522591 0.0117788966895493 0.423073934806879 0.24600323855077
-0.00187179645405202 -0.000556726988101565 0.305757193319706 -0.133889432838874
0.0101335929846932 -0.0142957807406991 0.0031393658173174 -0.228361105981916
-0.0085167377508755 -0.00156658706459772 -0.00638913912260367 0.166720141031326
-0.00645257611609336 0.0129247899470067 -0.208928054171805 0.0830526595534306
-0.0126133940457285 0.00795856937414554 -0.383408532650281 -0.191120381993036
-0.00453307691314983 -0.0209857106465196 -0.071673593133006 -0.588140707500735
-0.00921131248691582 -0.014191737943163 0.652114831479921 -0.35126503101392
-0.00290929909393821 0.00486029526378426 0.649696900926463 0.444514798709047
-0.0172405662297187 0.01851745811436 0.00802537464553322 0.58223139107805
-0.0214413159042312 0.00196255214685404 0.0392072186134277 0.0785813046348983
-0.0177118067780668 0.00326630631645448 0.144192004314128 -0.481854806237147
-0.0146244223179039 0.0207811499034426 -0.580685114742111 -0.629098287057486
0.000404260045931037 0.000703518163435384 -0.859292380988687 0.250174565366596
0.0188070998928817 0.00498116591402848 -0.0278390806854686 0.692111131416864
0.0105813734285275 0.0149254156587758 0.429811183606921 0.244312080747895
-0.0036937835270549 0.0020558065161927 0.304725580953616 -0.134840055566479
0.0069275215697569 -0.0117128836471342 0.0023603851379306 -0.229789007982736
-0.0113417699429904 -0.00096760644717596 -0.00803804686367652 0.166019266977676
-0.0072968275388644 0.013819426472127 -0.210037213748195 0.0812052077462906
-0.0119030124657607 0.0082254364052285 -0.378863366842862 -0.19549277436473
-0.00259040176866631 -0.0202663065520287 -0.0575331784452321 -0.593103689048166
-0.00725123811403802 -0.012392735809655 0.661245483932158 -0.340003618847973
-0.00351202302655438 0.00393538723166627 0.639098910876982 0.457951358957244
-0.0172776605273344 0.0147795857128152 -0.00351708581484654 0.584229323150593
-0.0181421055555377 -0.00101333670247855 0.0360640892459727 0.0795339959731234
-0.0160495514507603 0.000103347775747384 0.135302862073758 -0.483926364439782
-0.0140924061767551 0.0195449705944015 -0.595749150381798 -0.617343939427334
0.000992236368822954 0.00155931022765011 -0.850809554401263 0.26724796546425
0.0190471028650959 0.0054553749065758 -0.0110304582519649 0.691155288046862
0.00958868158783696 0.0173801436650098 0.438256334028689 0.237956524772366
-0.00505633735360365 0.00338735905549805 0.303589808122721 -0.136096482828201
0.00381851975091021 -0.00926679529255205 0.000475776162824163 -0.231355308441303
-0.0142353786998058 0.00325624939280504 -0.0084490379487085 0.165130275143226
-0.00575991883442802 0.0138478559610419 -0.212522607650288 0.0791611561274709
-0.0122936080611075 0.00860652587017333 -0.371301393721299 -0.199947153444751
-0.00176302146129044 -0.0193408649959041 -0.038832766713259 -0.596122847907663
-0.00674548379388515 -0.0109339410159577 0.671527607258106 -0.327503072305861
-0.00273034950444729 0.00282915485187004 0.628679089314008 0.473393246943193
-0.0156558028804693 0.0121286588937255 -0.0136566941711604 0.586808076699673
-0.014849886075625 -0.00405940258916085 0.0352090400274564 0.0775322932731396
-0.0134471915937115 -0.00255512240643961 0.124356607189203 -0.484226262118887
-0.0128796902041316 0.0199715928917946 -0.610597661745539 -0.603300817204129
0.00191728652038213 0.00388208809302929 -0.845086266151071 0.286243553721401
0.0202645114784144 0.00864895767633545 0.00908460076800058 0.689674622812796
0.0105367039422183 0.0180780022674827 0.44274999094935 0.232969180312919
-0.00377597561544613 0.00387673864931016 0.300634052704829 -0.139102815388567
0.000937816418622551 -0.0057055691967234 -0.00104679031359379 -0.231112856843744
-0.0156640558008975 0.00542747735710115 -0.0108648697521364 0.164101097813446
-0.00269516748147955 0.0138175873776181 -0.215411334665873 0.0784900661844924
-0.0125396559199296 0.00886682213826688 -0.366288774714043 -0.204110564453747
-0.00259557539932227 -0.0155768017074273 -0.0223785351835182 -0.598203178938979
-0.00445993804606244 -0.00877141902839181 0.68252799933425 -0.310821447912755
0.000467353954684014 0.00357986237283411 0.61685743599632 0.489294413512179
-0.0128525119098387 0.00882604914802609 -0.0247285242458738 0.586518066513851
-0.0107320548956759 -0.0061081616878582 0.0363299717140218 0.0753488995375108
-0.0105190158315727 -0.00497908806285385 0.115578482181546 -0.485250423034817
-0.0101550299282295 0.0200657432017004 -0.621400920960782 -0.588588613793018
0.00294721749075624 0.00670133131669525 -0.835189965375226 0.300836878497875
0.0181486104250113 0.0102451161242086 0.0263516614197461 0.686390975970113
0.0102287215163326 0.0179913476293252 0.448420914377006 0.225790890373573
-0.000587246822431393 0.00498779404107712 0.297517851809018 -0.14093086812452
4.44732272376885E-05 -0.00138980355744063 -0.00430505519776254 -0.2295954530735
-0.0160464679793137 0.0079206686380223 -0.0131335939135293 0.166304388045592
0.000132274681220447 0.0127873556479551 -0.216658091804135 0.0773472336195765
-0.0114978978619232 0.00655245074632372 -0.36218455008411 -0.208291178116011
-0.0036360582975515 -0.0132972239461048 -0.00725642646318216 -0.600210279663973
-0.00275184471511201 -0.00534176099250045 0.690906570810567 -0.297132669270253
0.00358243680264947 0.00349116138195119 0.606274380504728 0.502248093192039
-0.00959484006217139 0.00769370995086305 -0.0326487575376274 0.586008716261405
-0.00855342321219461 -0.00768845820392126 0.0362797871393054 0.072073128824725
-0.00694213887078821 -0.00649813305043444 0.108385657805609 -0.487411393871595
-0.00538757936414266 0.0203435890238744 -0.633331187891458 -0.576745363843696
0.0042141152563534 0.00999197834441423 -0.827181419142276 0.319218401165536
0.0174269275258529 0.0141507976956547 0.040804993622956 0.686000606850459
0.0105287426700095 0.0172231377843716 0.452448904706051 0.223022306284808
0.0035425590565311 0.00384807681971257 0.296006883466704 -0.140983950959363
-1.21233758489624E-07 0.00044619694654169 -0.00759545359394081 -0.227254213847293
0.00079392391410469 -0.00220034356111231 -0.0137492118151518 0.174517847862797
0.00142910880388728 0.00689569311756126 -0.210773589990557 0.0893676614656359
-0.0109178918753701 0.000879680521955014 -0.394498502871555 -0.186359900708248
-0.0111021087413148 -0.0200918515831109 -0.0819795368623188 -0.588113921398895
-0.00643418321650817 -0.0106709984097305 0.662269895242477 -0.352560144735967
0.00533763509871628 0.00725671356589204 0.669913116367165 0.438771971932602
-0.0136542312132028 0.023965003008692 0.0238598230307877 0.576556021951776
-0.0229772405827545 0.0093999688035079 0.0490007339340084 0.0684951317152932
-0.0130826682155088 0.00933545850941346 0.150080222158304 -0.494413663950118
-0.00459043448776086 0.0247466078608531 -0.58264847365262 -0.62680691174168
0.000262075290621673 0.0053541836409044 -0.856810046491816 0.273420764384804
0.010856020618101 0.00683320397962502 -0.0235311854677643 0.703249260726715
0.0122061101145864 0.00765565279139649 0.429982616737021 0.240093673593053
0.00588672204946926 -0.00327628123828564 0.304220666872977 -0.138983059448773
0.0149648825578037 -0.0137865159485467 -0.00467160588211385 -0.224860684455987
-0.00219618660833976 -0.0036669563671694 -0.0108275557367901 0.172204178701816
-0.00290216883376135 0.00886073462633695 -0.20999421472533 0.0881161792497987
-0.0111705708890139 0.00307303468358894 -0.395880811122889 -0.184064640242061
-0.00947036608637052 -0.0212657596123962 -0.089237091535437 -0.588273258854232
-0.0080803850783238 -0.0123560456383606 0.653548831582517 -0.361366637104666
0.00228788484637079 0.00711759579309625 0.670654137660695 0.430904828358749
-0.0176455367192598 0.0247327517953999 0.0278883307068475 0.580782889736291
-0.0256295973471912 0.0102796905545436 0.0457044950950073 0.0733249068049099
-0.0143367873060153 0.0105984610919247 0.149396607893434 -0.492276713025279
-0.00668388594694295 0.0238894111201231 -0.579451974986655 -0.631784147269565
0.00204304858001418 0.00304046978287714 -0.864261404127526 0.261039303402461
0.0136191771581203 0.00503704552094553 -0.0323999826141094 0.702313525541319
0.012485043231114 0.00991858303845699 0.429863212819767 0.241283554919522
0.00196832602080313 -0.00204075341378663 0.305739598751989 -0.138429790557509
0.0130098944983311 -0.0157320575862973 -0.00187215764398344 -0.22789124189027
-0.00550950659632203 -0.00317884445032904 -0.00779364993344508 0.170030550739737
-0.00536836836905515 0.0111389043172672 -0.209309446321702 0.0874632680283697
-0.011690462891762 0.00558561820185521 -0.392941744038966 -0.18344252184484
-0.00795277382539585 -0.0216533480656729 -0.0899035422129737 -0.589708485084448
-0.00941962831600445 -0.0129238201425055 0.650985914400398 -0.366396166811707
-0.000366042774508839 0.00615313488267463 0.667570407813272 0.429118416649153
-0.0181523414812926 0.0219315552909335 0.0225649515416795 0.582029837958227
-0.0243827292979721 0.00650136106039809 0.0424437842564262 0.0783792232043438
-0.0164817773014801 0.00656883647588361 0.148019786295089 -0.486217080471043
-0.0105383726960722 0.0215098841706033 -0.579193896864144 -0.635312315825518
0.000478758487493259 0.000716425506692179 -0.863355173234676 0.255080629212478
0.0166939227121065 0.00368517810584303 -0.0343157214152836 0.700510578462314
0.0121953971969699 0.0124245769455834 0.430543259193962 0.243638989558985
-0.00204044460850677 -0.000167965728083128 0.306100272894236 -0.138538866095972
0.0101212506979753 -0.014126219919643 -0.00051020685694151 -0.231141879976199
-0.0087132664867852 -0.00173596871309287 -0.00674702517772 0.169519830978029
-0.00673767302630352 0.0132014760327154 -0.210457250618129 0.0861278688039331
-0.0116511669419819 0.00692241172303098 -0.390567754450656 -0.187581226029009
-0.00513494530725562 -0.0219953973713175 -0.0790364057565051 -0.593036224387294
-0.00894043676212714 -0.0132316945655012 0.654191022131482 -0.360376072317288
-0.00297242753068173 0.0052364379911696 0.658910853856729 0.440772228184665
-0.0191434906089503 0.0180053692148091 0.0138257307368247 0.587842468891995
-0.0212951430006797 0.00197454626786307 0.0393164848194944 0.0791309623221279
-0.0169650444037426 0.00319442371241941 0.141655102660877 -0.486547506548501
-0.0131762041160872 0.0205254229543357 -0.589373948631424 -0.630621389776066
0.00137729362482835 0.000348934015876454 -0.861870747754043 0.2634820820054
0.01916218985206 0.00483225613613662 -0.0198429359579033 0.696380321078417
0.0109591783460206 0.0154497652724563 0.437118895593402 0.240463318249791
-0.00412556327145234 0.00198756605492669 0.305742676976978 -0.139494038368071
0.00648711575846005 -0.011676065511768 -0.000448989927322 -0.232399793960389
-0.0112772816343996 0.000574713183577137 -0.00658591962909794 0.166880237815394
-0.00723393087327675 0.0137358253093552 -0.212356321190113 0.0838817232150475
-0.011740739049092 0.0088668896101812 -0.384057922858619 -0.191660395691227
-0.00339623687653244 -0.0211448939097587 -0.0644638213495504 -0.597335690222553
-0.00741302271325 -0.0124932555752844 0.663532084827413 -0.348291816293234
-0.00345469303115583 0.00382289280695211 0.647732881969713 0.454364004389012
-0.0180410892243103 0.0149451274154231 0.0017391870236274 0.588369504586618
-0.0185054559519439 -0.000565335694275174 0.036887527178087 0.0788875096906981
-0.0164400463580795 0.000410987961282415 0.129439841684208 -0.487224003815227
-0.0129320682754162 0.0199347937250488 -0.606116650719771 -0.614079621054773
0.00160464316287402 0.00098699234522036 -0.856360153231498 0.280270068959221
0.0199905563879275 0.00514679667018422 -0.00195256608128595 0.695678775877613
0.0103321685926346 0.0171515628863002 0.442727426710321 0.23607195510189
-0.00483385214354448 0.00283145681252552 0.303301015987817 -0.143009859870436
0.00365478424504589 -0.00917571826109025 -0.000534730754464604 -0.232932324421032
-0.0148066292802086 0.00246096865968944 -0.00752785037028318 0.167099246689475
-0.00531537983512633 0.0140890534822286 -0.214388158803875 0.0846934578791318
-0.0108315655065578 0.008226237787831 -0.378422505620057 -0.197019242690888
-0.00210094149964506 -0.0183971849045233 -0.0461854645320729 -0.600859079299506
-0.00672964224049236 -0.0112485409254529 0.672462769249426 -0.334789205644372
-0.00208055253142236 0.0032692668140167 0.636814502240546 0.469456503840454
-0.0156604292408565 0.011419800423186 -0.00939814663387352 0.591124953219585
-0.0146332063515657 -0.00460584585490975 0.0357335035513936 0.0782879291957412
-0.0132938848328113 -0.0025862543244512 0.121566785706065 -0.488545350990781
-0.0125743745360361 0.0198666146573147 -0.620904380256477 -0.600702798009316
0.00180441933471814 0.00393217895390503 -0.848454269217937 0.298160871152114
0.0202564925750854 0.00853508081084323 0.016680700421218 0.694168486621947
0.0104130674303544 0.0177575504486972 0.446833907918837 0.227680452137312
-0.00329333182625757 0.0043305761144287 0.302277341042126 -0.143699286036396
0.000725849185002186 -0.00623999420988231 -0.00320377038595177 -0.232313841481565
-0.0161567767236419 0.00602212463051685 -0.009589989734906 0.167240288758007
-0.00269635743466959 0.0140602969643739 -0.217240183820757 0.0821805580092257
-0.0118318170954889 0.0083757339378934 -0.371803587394025 -0.201003237786589
-0.00327371964045951 -0.0149521584656197 -0.0289848478553696 -0.602395528549469
-0.00447815913820927 -0.00846587023821738 0.683087605498711 -0.32074056697215
0.000797091237441139 0.00332796831625146 0.626745995745112 0.485217140683304
-0.0119797065464354 0.00793347498075889 -0.02066616799276 0.591348792612742
-0.0116491428411224 -0.00595045394721278 0.0367553566237677 0.0757565992216502
-0.0101034570713717 -0.00449111555518876 0.112897286681549 -0.491172229214009
-0.00926555914897795 0.0202086186708005 -0.630846626446965 -0.586637036033291
0.00265562109191031 0.00665906015228164 -0.837233178718045 0.313492927323544
0.0192516186672976 0.0109203094193883 0.0335392760388297 0.691474322937584
0.0102931033678408 0.0188339117894098 0.454613683264184 0.222367149034722
-0.000362997365172821 0.00380591990620003 0.298207570469283 -0.14455350098224
1.21593730932831E-05 -0.00251339709266741 -0.00619246277967683 -0.231536489046765
-0.0152238935354637 0.00839056646215694 -0.0132039539463667 0.16781459747799
0.000441189116127539 0.0123113706959211 -0.218898191135786 0.0813833342123085
-0.0117718713503496 0.00709827398495276 -0.368675893861224 -0.204991430122561
-0.00451010844010371 -0.0124708936292175 -0.0124372051537472 -0.603492341057805
-0.00286966611959008 -0.0052638271111362 0.693921950425781 -0.307873644664228
0.00327080390171006 0.00374594261260333 0.617223625298149 0.497450490055872
-0.00857733722001374 0.00736987052030759 -0.0274365508747952 0.590780892418305
-0.0082187120354637 -0.00809574565443241 0.037649418622507 0.0740272044156033
-0.00725615571062094 -0.00563778534388982 0.106676073049002 -0.492743193191334
-0.00566285297958174 0.0201416783390348 -0.642263807879166 -0.572122237037522
0.00409654368631594 0.0103286385339121 -0.828501867140586 0.331312626153133
0.0188153271163148 0.0145954482103779 0.0484319293509328 0.689307574986912
0.0113757403951365 0.0165461378318988 0.456972004484826 0.217793485413593
0.00290306463313063 0.00421388914760949 0.297329848511832 -0.146116784185242
-0.000114681228729283 0.00020570210162984 -0.00940420174901064 -0.229386638540869
2.13147517092848E-06 -0.00140374542813091 -0.0130500589226004 0.175268799005634
0.00110804158560573 0.0061710958893821 -0.211779256497468 0.0926335064493094
-0.010640035321572 -6.48856308537505E-05 -0.399914697571597 -0.18341189624077
-0.0117740619441543 -0.0187027074875779 -0.090241407512113 -0.590682153815933
-0.00779149780121069 -0.0107440414571823 0.661187735599347 -0.361815173611688
0.00565214383511145 0.00670733491157475 0.677273611729755 0.43237527900613
-0.0136351997837575 0.0241155308160272 0.0324116759300741 0.578409378579696
-0.022884539954277 0.00948786830311111 0.0508785927530106 0.0689728673207379
-0.0122610858761642 0.00949260271104337 0.14499825532931 -0.500589284224492
-0.00345533282714917 0.0239470925767389 -0.595011884777102 -0.622101193094412
0.0016615085012646 0.00648632288480166 -0.858189777521509 0.286952293779962
0.0115642568785807 0.00722084147238027 -0.0137050574536472 0.707805211911113
0.0122199255994687 0.00732084783564669 0.435967112553063 0.233897993613619
0.00574382542371397 -0.00282451743087609 0.303480982429358 -0.143879523610485
0.0157889016787122 -0.0144676768799983 -0.00770930726346156 -0.226687538788998
-0.00245019675855778 -0.00250564023100608 -0.00944687448146911 0.174504386270264
-0.00252451780392809 0.00871590121448615 -0.210759077052259 0.0913861942377065
-0.01087750566352 0.00313956227674352 -0.401172945712942 -0.179710043043649
-0.00956708482496853 -0.020603835475511 -0.0969137527016387 -0.59065244333218
-0.0084578335537259 -0.0127407278918668 0.654175912269784 -0.372485992234089
0.00387614191025163 0.00733363781682833 0.679926633687545 0.424502273373165
-0.0169286477826501 0.0248821005144459 0.0330378532304927 0.582093577846812
-0.0249678920325071 0.0109836345520644 0.0466172350134562 0.0734186129704605
-0.0146022653867246 0.010596462204508 0.146274876312833 -0.496453431473612
-0.00683983793499169 0.0237064442622942 -0.589062022447315 -0.628389558346115
0.00192783289402538 0.00237660213803955 -0.86556770068677 0.27164249389009
0.0150909607741834 0.00478601081903312 -0.0232881891445236 0.704977033870118
0.0131485908392402 0.0100613381334235 0.435224407901839 0.238231620494775
0.00161039495739364 -0.00174037137558751 0.306610116262261 -0.143132669124075
0.0126646005244402 -0.0157723788044992 -0.00432473758191416 -0.229326195471643
-0.00500609020232864 -0.00320536883999393 -0.00581880692778084 0.171880589896187
-0.00562708601944087 0.0112119096400323 -0.211009243329434 0.0904980250843558
-0.011030293543614 0.00558998882820715 -0.39898980713481 -0.178293980877547
-0.00814640500169757 -0.0217002659227956 -0.0994838454151757 -0.591642791269961
-0.00915777909418438 -0.0131978760181297 0.650363843157914 -0.376231235019604
-0.000774779945996441 0.0061912643378524 0.675672259161345 0.423048872840355
-0.0179163353004229 0.022182886323151 0.0292067326161268 0.585333942345613
-0.0247052225908962 0.006543738951107 0.043128062239121 0.0774664792551578
-0.0163442366472123 0.00779592523982853 0.145441141360077 -0.49183004780949
-0.0105663641192725 0.0218620902207161 -0.589447878554169 -0.63164554634899
0.0011453869243547 0.000687244469293611 -0.866589485399121 0.266038090963181
0.0174559366974529 0.00472634483431183 -0.0222615293323118 0.704778510702158
0.012010118597497 0.0126131013943634 0.436192439597501 0.240094581947554
-0.0019527966824243 -0.000201375687691451 0.306738120751594 -0.143625781232444
0.0105866890775462 -0.0143205476955234 -0.00286838170218171 -0.232106412006529
-0.00878857602424768 -0.00111654696057613 -0.00509830508149508 0.17039305980359
-0.00671178003361674 0.0128820868397187 -0.211864610145249 0.0897482371985776
-0.0114991109637928 0.00740879878610829 -0.394716845087871 -0.182580653925434
-0.00591255799767911 -0.0224325852400267 -0.0869405439724239 -0.595715835742664
-0.00879446623440905 -0.0134584179320951 0.653891269886392 -0.371162739930331
-0.00319624938098397 0.00473150359590521 0.666938543384012 0.435701634525727
-0.0189035124197899 0.0181739130658834 0.0211332397039094 0.588558974448938
-0.0222028739118488 0.00255014915578616 0.0407939124134462 0.0792088849959533
-0.0172615494738405 0.00208407428222672 0.136123039286604 -0.490959916675959
-0.0129361701111884 0.0212595011976254 -0.599881051068534 -0.62375033132588
0.000881345317540593 0.000365614164254446 -0.865640915608108 0.276887092707025
0.019924544117008 0.00419401676456772 -0.0121929752395536 0.702089846414728
0.0112478474471237 0.0142818122619454 0.442019633984782 0.235540660334454
-0.00424583477066753 0.00210899126779263 0.306482541955994 -0.144517385373776
0.00685100113608295 -0.0125619458035908 -0.00238379306394682 -0.233448986284909
-0.0114451401779474 0.000193787627940021 -0.00527639671977545 0.168586017593316
-0.00788331807533538 0.014334055616378 -0.212117398617582 0.0872489543545678
-0.0112637884574385 0.00877672989500268 -0.389958211088243 -0.187199815829051
-0.00351904027446664 -0.0205301236284769 -0.0722297733654209 -0.600065881860355
-0.00818252646590194 -0.0131240142329741 0.66167716895164 -0.359900738883928
-0.00320688720104305 0.00408343542686085 0.655744738740822 0.449127826182511
-0.0176336675373688 0.0148907479428287 0.010467381717999 0.591371116528251
-0.0191029673249503 -0.00140869967713824 0.0385180136954816 0.0789671040218932
-0.0159068563142376 0.000158150536015041 0.126790152745881 -0.490728281136357
-0.0127511252060688 0.0207199100659047 -0.614769375540908 -0.610329366589308
0.0016628422662082 0.00176399394949185 -0.855928517650326 0.292706348990076
0.0208839394479098 0.00600268568189512 0.00589002167827792 0.69973953057283
0.0109508973941681 0.0170775924804901 0.449994781703464 0.229947020638655
-0.00376672095877243 0.0032402450340279 0.30409093824665 -0.146682211967751
0.00242260251729563 -0.00981494635540153 -0.00412860388304001 -0.234633126495686
-0.0140130648627829 0.00354770840947849 -0.00675196283632165 0.167489658161608
-0.00671687562011103 0.0150760809898152 -0.215792424044324 0.0871658330516419
-0.0118185435997134 0.00956095583087216 -0.383105851944867 -0.192771674185746
-0.00294708755954658 -0.0180535928006962 -0.0545719088045973 -0.604024981861159
-0.00632048968153307 -0.0106532654332677 0.673463171608068 -0.34475890868731
-0.00146085471747777 0.00263767489887206 0.646028718415461 0.464615081789435
-0.0153051628404129 0.0110944694644093 -0.0015752657777765 0.595318280297494
-0.0152499853709498 -0.00440672474635808 0.0367486145394537 0.0780681176832497
-0.0142034002583563 -0.00167551822389617 0.117682704160458 -0.491836147926218
-0.0122730755472156 0.0204740994756955 -0.63003977344602 -0.596819209540795
0.00179676150224211 0.00330724429487241 -0.848142105076878 0.309614713021666
0.0211111621461715 0.00800343594116872 0.0246738261131517 0.696162575218605
0.0100986163472511 0.0176508725146235 0.455417903025621 0.22283190394819
-0.00400686230533337 0.00418973299648797 0.301516968722485 -0.14872312191356
0.00124389533160258 -0.00659794971059132 -0.00535566368606837 -0.234762475863567
-0.0165853339849637 0.0073044235295813 -0.00867946108149414 0.168623450438881
-0.0030172528808485 0.0139340328064188 -0.217587365573964 0.0852439850645303
-0.0124256549440638 0.0084890166916614 -0.376627153375936 -0.196641505553194
-0.00233587780632551 -0.0154632205504153 -0.0366747087922739 -0.606181692555629
-0.00377089071365825 -0.00848715670557446 0.68481047848408 -0.331751788293755
0.000939018939055132 0.00266799869011641 0.635593389088323 0.480630814422444
-0.0120799170932257 0.00883118465276309 -0.0130213552305571 0.593714734762054
-0.011867753109782 -0.00670078159284358 0.0364537960168708 0.0763485222240388
-0.0104915650391517 -0.00458255449630613 0.108101271067415 -0.494736259828445
-0.00879919174561596 0.0199846598005426 -0.640430622597097 -0.581259904673156
0.00373597442379701 0.00659052704827022 -0.839983895995426 0.326481419315952
0.0198061430380917 0.010729025659209 0.0432063300178123 0.693018179093707
0.0114404698467498 0.0172912137302133 0.459373988092916 0.217309868447102
-0.00112625410518802 0.00445957288052629 0.297808914639201 -0.149742002832387
-0.00113441309866626 -0.00270641259393972 -0.00849098240662846 -0.232208577386176
-0.0166863053884541 0.00952497367891611 -0.0109551427350355 0.169717688770035
0.00126453118352076 0.0130524877811117 -0.219348278726247 0.083743374141734
-0.0114619565637558 0.00701134615387493 -0.374457410526205 -0.200779851443418
-0.00508777179467261 -0.0122031366039771 -0.0209034261557501 -0.608108533886719
-0.00317185293912497 -0.00597028118477314 0.693331982734205 -0.319101786915402
0.0046929829799954 0.00286928821616947 0.626841120269567 0.493179271546867
-0.00900100073392535 0.00757323297758899 -0.0213544624543731 0.593574236545393
-0.0082788522626814 -0.00908658265300229 0.0380843044900459 0.0724097340654699
-0.00694526371183714 -0.00630135014530279 0.102219296647589 -0.496432855592344
-0.00427985844255905 0.0211613426395125 -0.652288365206106 -0.56859584753479
0.00513663968518977 0.0104826288597155 -0.830108311991414 0.343185402535466
0.0192127944320393 0.0137445067495643 0.0587979641131471 0.694111809842674
0.0114513508264459 0.0166292814595957 0.463384506585717 0.212930632414366
0.00392772374178151 0.00353866247689564 0.296644176911949 -0.150993422412557
-0.000643508099520729 0.00026122442432071 -0.0121021751913361 -0.231093591025564
-0.000675290529440316 -0.00146285044614446 -0.0101939688755822 0.178098963466237
0.001082327556604 0.00699738558494089 -0.213310003846463 0.0958159322350913
-0.0100382015833097 0.000935068832798396 -0.405188615038378 -0.177212205040239
-0.0118242397341814 -0.0185792017289592 -0.0993545944326528 -0.590648699813738
-0.0073657972117741 -0.0103766587805201 0.659113952265264 -0.374973672139112
0.00591958188071115 0.00664194072035418 0.687417785507084 0.424806122424487
-0.0139288268904754 0.0238176957028917 0.0393758695323646 0.579833570583378
-0.0240088812123708 0.00879945922210798 0.0512898427296546 0.0683470508199121
-0.01217540982173 0.00868564298869104 0.140047641815152 -0.502985721179738
-0.00280406770637416 0.0241919010165196 -0.604511950595591 -0.614657054802303
0.00148406312595036 0.00604417299274675 -0.85690768070853 0.300302668551469
0.0126725840329863 0.00786419191419978 -0.0054014551392692 0.70979890173937
0.0133051895543912 0.00754364722250239 0.441379842504951 0.227715792051442
0.00539428858772657 -0.00273561219187201 0.302341907187528 -0.149547598234647
0.0148233173488395 -0.0150245694525204 -0.00978041748429687 -0.227479435840391
-0.00212766169989167 -0.00260329581643693 -0.00837372656454414 0.17674902803916
-0.00196322537144418 0.00890050800433746 -0.210719168860941 0.0955694601539989
-0.0107421558695549 0.00303810844691346 -0.405713121645622 -0.174591409903509
-0.0100736499786553 -0.0209949189624138 -0.107339625117836 -0.590488118293354
-0.00827958566815344 -0.0122005359507655 0.651069965529098 -0.384112840014754
0.00375751583149407 0.00669126594854199 0.687829126391849 0.416837086628882
-0.0167294696945188 0.0262919040999538 0.0401098356858788 0.5832479739112
-0.0254654663673574 0.0112025091243905 0.0472585671639852 0.0735807995516956
-0.0155873222092427 0.00990686984030535 0.139469153772131 -0.499553599262661
-0.00567606082951877 0.0236850544248896 -0.59985390595637 -0.624629307567853
0.00161451247397007 0.00274490158792669 -0.862362981242568 0.286151772836106
0.0146176669644733 0.00383793219388847 -0.014009425624288 0.708716207317631
0.0122385611332223 0.00936989114635157 0.439623801156759 0.232203317925945
0.00227018083046664 -0.00236986859368963 0.305007864769533 -0.149094880234025
0.012971249790527 -0.0161712639083907 -0.00758167157932943 -0.231427572102885
-0.00528559498989937 -0.00231743168820704 -0.00451414513954619 0.173831333740736
-0.00589565081458559 0.011666613226239 -0.21115784169857 0.0939934128918573
-0.0105879200649005 0.00564736174885217 -0.40419072044595 -0.173350942028009
-0.00793062315344525 -0.021496589362674 -0.108602431152112 -0.593114712464891
-0.00873675906797105 -0.0135941327189405 0.646981207680191 -0.387671051713537
-0.000504876967850149 0.00648410912336756 0.684036429323599 0.414487858790079
-0.0176530823924497 0.0224071895168611 0.037292265817704 0.586386237015634
-0.0242438148546225 0.00719154256104864 0.0436870608589091 0.0768535207652124
-0.0162853424461425 0.00677784378182309 0.138577706355301 -0.494051331765948
-0.00935847052381383 0.0222880906611341 -0.597674300600251 -0.622586859592648
0.00151451993575823 0.00158964621795954 -0.866072551649463 0.280522093423555
0.0179109612566788 0.00474101984151564 -0.014704718235284 0.706910893098149
0.012815632611694 0.0116573958236574 0.441379111192235 0.233504371154633
-0.00160870274733647 -0.000169291500976412 0.305117106115272 -0.148493117071172
0.00844396842907047 -0.0154725598696622 -0.00593966194718518 -0.233819388764827
-0.00892934998434694 -0.000953149192738585 -0.00323428497066856 0.172013051940032
-0.00710803505798519 0.0129624077340657 -0.211492609170508 0.0931405446888904
-0.0109740944645276 0.00711506556531327 -0.399559489448556 -0.177801632374786
-0.00569830407276158 -0.0223849070914334 -0.0959967679801789 -0.596097776518403
-0.00933482566260791 -0.0131672719395671 0.651371828131278 -0.383964935252732
-0.00197414779677844 0.00514792629993941 0.677833915202149 0.425452384170483
-0.0182828756363395 0.0186989718589205 0.027329672512071 0.58983919259977
-0.0220500173371281 0.00289033028869016 0.0407234162032982 0.0783957352693466
-0.0172218272071894 0.00274878035739366 0.129798690037786 -0.495595368695508
-0.0120565700245744 0.0196905625988891 -0.609720775821424 -0.618076749104622
0.0013591076882357 0.000938096410883207 -0.863539052448479 0.290710265671093
0.0199357960327105 0.00358766505244543 -0.00228504770545557 0.704625641099898
0.0110625719375318 0.0151579390872574 0.445370536285337 0.228644326690071
-0.00385010202313304 0.00154908179133975 0.305021877457107 -0.150841094970477
0.00593933462151734 -0.0131554106554384 -0.00597680927462316 -0.234479338344967
-0.0124683745484003 0.00115187384136937 -0.00274698085921493 0.170379693615436
-0.00773118235275879 0.0139639014335807 -0.213914704340982 0.0898818914316063
-0.0118110766062071 0.00924921449313797 -0.393247273887369 -0.181349458791745
-0.0044098574795432 -0.0205634715869634 -0.0817839302098379 -0.602622296714978
-0.00813743916748058 -0.012378877491546 0.661448096255462 -0.370399777598373
-0.00234535228314382 0.00308743553953231 0.666254089141199 0.441715157331178
-0.0184552679441229 0.0149317434308348 0.0167167408603012 0.593811702538914
-0.0186386575877154 -0.000462279627210255 0.0397125029145679 0.0788226449211827
-0.015757124505619 0.000792021688544255 0.121862469540317 -0.493534466078416
-0.0126805569937742 0.0207095410566272 -0.623318661891131 -0.604096831873531
0.0022541244904035 0.00187028548978608 -0.854001876020764 0.305082468783773
0.019835900401657 0.00625771210779456 0.015692920624323 0.700709836522866
0.0102250736906767 0.0169087209315086 0.454831511161713 0.222170763096193
-0.00510335745561558 0.00263003419730668 0.303333140288938 -0.152418991313061
0.00201049115230003 -0.0101628628534104 -0.0076700599417023 -0.235607782705728
-0.0140530800496047 0.00476388910308691 -0.00426961023300934 0.167945486846619
-0.00532402931423744 0.0132795747977231 -0.216232281336593 0.0907769145208269
-0.0103372709095971 0.00882449838182344 -0.387184574640104 -0.188160485398347
-0.0028001350273431 -0.0184570607838329 -0.0631513495475374 -0.605191011105984
-0.00644048285889805 -0.0114938688498371 0.671759432636342 -0.358185097461509
-0.00137253914831711 0.00308814719298914 0.653718567473465 0.45758845649521
-0.0157635606708655 0.0108750512824381 0.00430610901956459 0.595271058558168
-0.014858411009384 -0.00398165000191599 0.0381959402691304 0.078067284434077
-0.0135674027674579 -0.00278322348431539 0.11194422478263 -0.494975064153499
-0.0112811708456557 0.0203093051674274 -0.640237419751988 -0.587859894478486
0.00247700718381129 0.00389672308880357 -0.846742589445163 0.324042999801162
0.0209670349399627 0.00793534072737182 0.0341010489677801 0.700110999717575
0.0104566067567664 0.0173643762680992 0.45852399380753 0.218622309007421
-0.00373695509067753 0.0037796914337667 0.29994519898932 -0.154483011474188
-0.000216160703523221 -0.00663892228454925 -0.00903507607208803 -0.236246357129642
-0.0154705479014669 0.00774896359037113 -0.00634244688353229 0.169876949507799
-0.00316650861145559 0.0138249553160894 -0.217545606631504 0.0889266131062663
-0.0109333785968666 0.00792462630831805 -0.382551625046295 -0.191603981231683
-0.00387508902561598 -0.0151301705170376 -0.0465205985942166 -0.607702951509669
-0.00419132564975535 -0.00871917526089866 0.681883172258303 -0.34282898630027
0.00183860839349018 0.00287012741427464 0.645846451208343 0.473123228683077
-0.0120790205073486 0.00929827111837007 -0.00321208874354533 0.596539399799206
-0.0114984355586986 -0.00565724834808919 0.0380237045337091 0.0756703068358738
-0.0102353025780286 -0.00441590112834875 0.101628777590576 -0.496954881956372
-0.00758489515516678 0.0205421601524292 -0.649926758012542 -0.574754611936203
0.00325980667873571 0.00764298240892808 -0.836740546062464 0.337900655484756
0.0212604835147423 0.0108263232419525 0.0509420995452871 0.695327604197934
0.0112322737938866 0.0176312548494851 0.46447215554157 0.211645855360632
0.000360391124428832 0.00409938973630343 0.295979525103298 -0.154227643750111
-0.00220323432749438 -0.0032993678298225 -0.0109526703292746 -0.234282679708786
-0.0157447016030615 0.00984621362520669 -0.0099047229575713 0.170399327393293
0.000125092165076533 0.0120974325198788 -0.220923472962434 0.0881509120837533
-0.0109524420111889 0.00700456208847876 -0.37979225341827 -0.196940047553837
-0.00500163094738555 -0.0118861741854585 -0.029556357670376 -0.609999721109675
-0.00300939095835415 -0.00648599830344092 0.693330995540638 -0.328022556043683
0.00430101502814881 0.00352905030864557 0.636336348053514 0.487475088591769
-0.008758251350324 0.00704442469723775 -0.0111944978492617 0.596076213983289
-0.00998722967292379 -0.00858126770054707 0.0393195602041888 0.0732518464664484
-0.00629950154795586 -0.00615755535603669 0.0952831672582523 -0.498183305995356
-0.00358668703543039 0.0200205238246635 -0.66019822619821 -0.560634736220039
0.00564652845085142 0.0102141646837844 -0.829224014357695 0.355887548616418
0.0188397407245055 0.0140732795153037 0.0681081243471177 0.69462533464582
0.0117628855214355 0.0156829498076995 0.469352129963798 0.207772686026153
0.00349457401038304 0.00382807788008604 0.295142129774064 -0.155270605911885
-0.00112957022793285 -0.000223503610720363 -0.0146558820882211 -0.232329902918405
-2.28343505237708E-05 -0.000223848361581155 -0.00959704956936616 0.178750239175115
0.000488004976433437 0.00688760100566491 -0.211551031454059 0.0986168214143253
-0.0106088312546387 0.000241679798917386 -0.408468324874339 -0.171305170078702
-0.0126669531763734 -0.0179400312313558 -0.108945815534456 -0.589294236306192
-0.00790878073069037 -0.00959431046973472 0.654712140388798 -0.38338189525462
0.00697508811250911 0.00617288039587538 0.693024892165021 0.414122608161244
-0.0150317453144965 0.0232393237661517 0.0451702268148239 0.579280648350274
-0.0230718765388205 0.00947524274951766 0.0526620701946203 0.0675649589815942
-0.0119847582188846 0.00882857669351765 0.130976567214119 -0.50624478429616
-0.00219176907223133 0.0241824091547282 -0.613051035921451 -0.607288687581967
0.00150164576934758 0.00548915919361549 -0.853989225615978 0.315011933212961
0.0123061731403597 0.00690262013157151 0.00632203261259285 0.71012271873323
0.0126370058242765 0.00691339189319659 0.44482238940756 0.223075461484071
0.00605590025573203 -0.00313572501296284 0.300796187605549 -0.153692651680489
0.0149645814351041 -0.0153649493188081 -0.0138434549797868 -0.227790097909433
-0.00328911203680608 -0.00193632601466191 -0.00515307758466595 0.176620751176432
-0.00293082560623695 0.00818334550134701 -0.210660415656758 0.0989302494973228
-0.0112001082357893 0.00291508353878052 -0.409681981054925 -0.167225489560867
-0.0113689889999817 -0.0204409888314805 -0.115909681152754 -0.591466477005608
-0.00876415775919204 -0.0120647742341758 0.647310559611512 -0.394718837210612
0.00370482700260324 0.0071389468103703 0.69556497675936 0.406410099027709
-0.0160423666321439 0.0252053267986053 0.0487386448342563 0.582280728566967
-0.0261488291255629 0.0110640462251036 0.048214175372256 0.0717881316884977
-0.0154226366402659 0.0102525030035495 0.133352644792794 -0.501580975041698
-0.0047596654420971 0.0242070002764364 -0.607220133083055 -0.616344583250516
0.00216324124456889 0.00251896662075583 -0.862023273892797 0.300699949772261
0.0153500438075488 0.0042752408752302 -0.00235974629817428 0.709611998815634
0.0133880986533104 0.00853830710925552 0.443757746745538 0.225344007235694
0.00213352932480606 -0.00198834545800571 0.303029355237756 -0.15350281922545
0.0117803770431368 -0.015863793297385 -0.0102142736639418 -0.231602556884722
-0.0061227903375929 -0.00107147657822836 -0.00271808729922237 0.173239524658674
-0.00615791981626014 0.0117050265044159 -0.210721181773683 0.09834462400594
-0.0115227577384566 0.00506744893458368 -0.407453534858473 -0.167676826437117
-0.00858595026191049 -0.0208961491528946 -0.117126837616381 -0.593321556477071
-0.00970216461790695 -0.0126056721789543 0.642861898030198 -0.400526301929173
0.000246866442584221 0.00588842686431152 0.69328928637569 0.40631668814624
-0.0177744293602279 0.0227267835233605 0.0469006003554494 0.585448510964119
-0.0241696847759179 0.00762481275220733 0.0446402777131646 0.0762256733159245
-0.0161827400777171 0.00617397585742838 0.132638302006169 -0.496942899337699
-0.00937956082743506 0.0227396926493733 -0.606811680882991 -0.617020341776471
0.00131535932903192 0.00123941825238327 -0.863141843134961 0.294261374283331
0.0184649148448479 0.0034643450097386 -0.00326538819092503 0.707646085739422
0.0119565400208261 0.0114484195005622 0.445942974135013 0.227386412649744
-0.00118700844632676 -0.000346965629845668 0.30274589627409 -0.153682663437929
0.00893396125258468 -0.016012097481728 -0.00851415754712476 -0.233554072640902
-0.00916366743340307 1.24074033451974E-05 -0.00185081525003724 0.172551762268071
-0.00650721086501817 0.0129753368234972 -0.212046607931399 0.0963355145569178
-0.0124947036054342 0.00801101350131745 -0.402320132345037 -0.173046669578006
-0.00694733096610746 -0.0209729250189531 -0.105729940699088 -0.594636125486809
-0.0092589350265229 -0.0136317584135852 0.647981517013366 -0.39273460448792
-0.00276863181262767 0.00376395459569559 0.68231405068865 0.418803807079951
-0.0187396587290421 0.0182197235734688 0.0367754992210337 0.589568096707366
-0.0215610532405487 0.00226886153716603 0.0422442964382177 0.0776621710466042
-0.0168430092435708 0.00224603141977858 0.124492071365047 -0.498057232599915
-0.012251988446094 0.0214623836051818 -0.616968344123901 -0.608497498873723
0.00105366946414269 0.00121367319880421 -0.859727711780568 0.301736464355574
0.0201222915075616 0.00395141318091167 0.00717040067607618 0.704496552737217
0.0116843986148516 0.0139141941525329 0.451764187958846 0.22253819756967
-0.00463094658731693 0.00176741376650266 0.30297717691999 -0.155046260488138
0.00600954237569508 -0.0125352049922455 -0.00831473191178756 -0.236281660781382
-0.0124393953515114 0.00178918010324759 -0.00158364281557976 0.170511817802274
-0.00701578306763985 0.0142111506746253 -0.213176903520355 0.0942311236213516
-0.0117361663632074 0.00840621854461026 -0.398336213039212 -0.176907078965823
-0.00476632320150244 -0.0202854593013857 -0.0917398428824202 -0.601364873317021
-0.00795179194203955 -0.0123489216631344 0.656093592891493 -0.381168805999617
-0.00245519422843718 0.00295726428314344 0.67298035451919 0.431433812637484
-0.0176732188834746 0.0150435973909334 0.0249324152379959 0.594559372989218
-0.01964982006392 -0.000251591579777589 0.0403685310558677 0.0783189155457655
-0.015271370475908 -0.00060112587130173 0.114473021978083 -0.496698983783561
-0.0122287321843594 0.0202369804730643 -0.631636137449557 -0.595174162217318
0.00126171195592194 0.00216842781809583 -0.851045612130377 0.31903553941598
0.02164253123974 0.00420408160242124 0.0260811744593457 0.701657896229659
0.011500876296493 0.0156968556255843 0.458180033097818 0.215985435703637
-0.00431101932606408 0.00323546575359447 0.300176292537709 -0.157944032148803
0.00180789038141633 -0.00902682660013952 -0.0102148335356207 -0.23722937794791
-0.0140640478896572 0.00490060446462598 -0.0033253724933363 0.17034090451762
-0.00659892798990383 0.0144252891678537 -0.215551391597528 0.0939329140215017
-0.0116274205418021 0.00953613375600682 -0.391320168601064 -0.18111691238109
-0.0031564344676903 -0.018221136098565 -0.0737082277444456 -0.605775814722151
-0.00564175866806691 -0.0110170561042864 0.667540321043278 -0.368652836494775
-0.00141178716313735 0.003265677662667 0.663200659485954 0.448805142597105
-0.0147852752945428 0.0118256293248379 0.0128517353507533 0.595731993349583
-0.0160361620022857 -0.00359442966774829 0.0392100481402514 0.0766700365128763
-0.0135145050550659 -0.0025242345714406 0.105012716024208 -0.495640182541369
-0.0110584250719713 0.0201247757585717 -0.646973014614434 -0.581199698906
0.00351248764688563 0.00405814135750463 -0.8434338277923 0.336444200838298
0.0215713455518638 0.00787901544088617 0.0448282814594968 0.697422824395912
0.0113946468201179 0.017221795635311 0.462874009565255 0.210317949819544
-0.00385216481192615 0.00430741548699082 0.29847819445094 -0.160410426796131
-0.00025568333755186 -0.00658611405481818 -0.0125987747266706 -0.236769620712421
-0.0160894846660107 0.0076559706054677 -0.00514104749810778 0.171228705940319
-0.00355043023849696 0.01383568072335 -0.217248582171501 0.0923413497971167
-0.0111233183769701 0.00859237314681813 -0.387173005985729 -0.185831219943731
-0.00419161788789747 -0.0140022797553365 -0.0542268653883267 -0.608263464726596
-0.00429944688462657 -0.00910096376974599 0.679395796935435 -0.354793719612386
0.00105095325271809 0.00309192943917068 0.651554779402209 0.464395014897067
-0.0119985702310951 0.00902877959977593 0.00294734176464695 0.59482858639416
-0.0124565911085678 -0.00647688122232703 0.0391284438843597 0.0748344514443742
-0.00987529134388764 -0.00486528452974714 0.0966999845711268 -0.497464421551065
-0.00771479989700457 0.0201614294489901 -0.65815295323941 -0.564250781108041
0.00420761816437781 0.0076527887253915 -0.832584951129483 0.352783754273832
0.0212122836596432 0.0100214357087024 0.0621535564096741 0.695154589806429
0.0121809158796992 0.0166604865037922 0.468125051292589 0.206366472893455
-5.57349939778323E-05 0.00470891605162532 0.293807007520833 -0.15977210337618
-0.000901732691123631 -0.00300476768205599 -0.01486749737922 -0.234685367199779
-0.0158493095112721 0.0103279932420469 -0.00816870743311014 0.171945431298767
6.68457187137236E-05 0.0123019849374999 -0.221374660758465 0.0922705238435803
-0.0113521645943518 0.00737019344360264 -0.382669492886502 -0.189792373975529
-0.00600791065326448 -0.0119510856283571 -0.0381665883497109 -0.609426939143263
-0.00373420507080179 -0.00495388736169929 0.688933708428216 -0.342407735369725
0.00487377896893164 0.00248370625528234 0.643740140705696 0.47987258581444
-0.0085258565106345 0.00794269948169161 -0.00632486908109377 0.595198671193517
-0.00893766056216222 -0.0089471748561962 0.0403141966416496 0.0721118845522818
-0.00649815131987008 -0.00616157075118723 0.0907443852051479 -0.499980014511849
-0.00385384213880348 0.0204358944606592 -0.669861677614258 -0.55186161337076
0.00567492866873444 0.00987414778668149 -0.822992346877553 0.367928849707148
0.0193048086006105 0.013343551902419 0.0775504264495281 0.692194636305125
0.0124006783704227 0.0164210542309481 0.472532957414159 0.199741433525939
0.00344926434748462 0.00338942499042857 0.293080844715183 -0.16054502402113
-0.00182069975185325 -0.0002008353434247 -0.018187540224942 -0.232310342670908
9.54237752883759E-06 -0.000907259540639806 -0.00633509813405921 0.1783547286542
0.000672796782180631 0.00664620810036632 -0.211380292624449 0.103122908535454
-0.0100562566899407 0.000329565653796885 -0.412006463593845 -0.163931407316834
-0.0133627769773275 -0.0175929323436544 -0.119160965571554 -0.588465059828459
-0.00734868475491509 -0.0104270834424673 0.649373893989216 -0.394650343125946
0.00660911101191285 0.00559353892234388 0.698237344937602 0.403363005784014
-0.0133926847888742 0.0236137988253654 0.0550289728862498 0.577885098389814
-0.0238725187294367 0.0104394012050672 0.0531043417213697 0.066572076439226
-0.0118679855449942 0.00929441241565036 0.125488005936219 -0.505698213857355
-0.00134017442544388 0.0233750674143133 -0.619117546745916 -0.597173740942495
0.00200926670795445 0.00617772387008996 -0.847909651537522 0.326901860759407
0.0133881129537836 0.0068745407467395 0.0152251257305416 0.709117372921193
0.0136089953846905 0.00644902708889675 0.449229991256573 0.215350062415333
0.00626609433318453 -0.00314732857601256 0.299028751212177 -0.158758094708033
0.0144749185284154 -0.0148285928368669 -0.0158054557956278 -0.228558881383792
-0.00309955925438861 -0.00130091249850486 -0.00292823759333375 0.176928648898788
-0.00290873481697144 0.00870094141504243 -0.210102138322843 0.102154569996972
-0.0106584544823165 0.00323507241338416 -0.411778493310441 -0.16042577055636
-0.011251847868499 -0.0204552156847707 -0.126794069509049 -0.588486326217266
-0.00920512283476458 -0.0126644515241553 0.640320506134905 -0.404908807438966
0.00393533442884229 0.00716557104973048 0.700720990949054 0.396542032045912
-0.0164434252221705 0.0254377736786327 0.056138721793991 0.580272754823788
-0.0253972632992465 0.0113984082902409 0.0499225678986084 0.071083277218662
-0.0140836448418513 0.0101704502541679 0.127477437587832 -0.502388454612936
-0.00412195302942773 0.0238935378265421 -0.614824644613648 -0.605504495626263
0.00315783752880841 0.00235016003062717 -0.855427740299581 0.312881201220509
0.0152176052941278 0.00368012789763477 0.00686688500884288 0.70818041578889
0.0129968734812953 0.00808005830060786 0.4475047920266 0.217791983700655
0.0015310983307605 -0.00244074319960547 0.299675911195372 -0.158246236736416
0.011775382896575 -0.0162738304682916 -0.013367820012541 -0.230093936773827
-0.00638046685939124 -0.00114262370678212 7.50271572881723E-05 0.175205144560477
-0.00549965878660539 0.0111807404101869 -0.210109099720144 0.101810085197025
-0.0103674847162401 0.00598650135089537 -0.40981375089608 -0.159892348387447
-0.0086597864186412 -0.0206497261574607 -0.126649721663423 -0.590773893623699
-0.00962677145308288 -0.0132695213297259 0.635925604764486 -0.408372585436872
0.000241815541044063 0.00534518952886148 0.696667444961365 0.394184077849308
-0.0179165897667381 0.02238705049059 0.0520941010713359 0.583829439157039
-0.023892438823455 0.00835438557557174 0.0465307515648373 0.0752106897376047
-0.0160313147614158 0.00654110093494529 0.124654619314766 -0.497470361779769
-0.00813107279299243 0.0226343147525821 -0.615563419833324 -0.606996303414685
0.00253868904173002 0.00137914346257114 -0.858056063859754 0.307391940907443
0.0186925685604881 0.0029491272135308 0.00598520221423883 0.706456932699932
0.0126174754355879 0.011485441323142 0.448626379204036 0.218559189598269
-0.00137520681386339 -0.0002427265653648 0.301680124304868 -0.158433908992629
0.00774651661691753 -0.0152185518374473 -0.0116849344681181 -0.234166580460051
-0.00878688759565161 0.000918636042993041 0.000238947717726362 0.172707357268957
-0.00666006719199738 0.0131332826031185 -0.211395589705962 0.0992834088428642
-0.010504437352666 0.00805761123894536 -0.405191821139835 -0.164400870807448
-0.00704148286414946 -0.0209329991965179 -0.116188498878653 -0.594069394166546
-0.0101549815678659 -0.0131724047658275 0.64053532211355 -0.401861638262653
-0.00173569800088859 0.00400339085086618 0.688673972280979 0.407919198359612
-0.018949464776005 0.0186029008988783 0.0426974959727994 0.587191703026999
-0.0216599188400736 0.00329482750744275 0.0431397355416718 0.07673510330164
-0.0162412963043119 0.00322419044063215 0.118228609328685 -0.497347582318084
-0.0103725379600184 0.0219961214699762 -0.626136640992207 -0.59836309729276
0.00231364372953861 0.000856233567297375 -0.853594190538474 0.314396462100222
0.02047078344298 0.00322382828257948 0.0182251919414369 0.703645422918631
0.0122007715130574 0.0136453775250525 0.453797516176525 0.215129068918804
-0.00405038977294689 0.00147880061228441 0.299749541642488 -0.16048154569403
0.00510684807736441 -0.012959747427599 -0.0117393251577976 -0.236304410918412
-0.0122191418373557 0.00304176508923151 0.000357070699188828 0.171028029467451
-0.0073800697731895 0.0137884109202761 -0.21233379070084 0.097925748153834
-0.0113428959502536 0.00875402502292118 -0.399807425755782 -0.17017599255462
-0.00479775321501057 -0.0195960163927896 -0.0994285554724553 -0.599833723323211
-0.0085205795003956 -0.0126841066168651 0.650065818745607 -0.392210360206029
-0.00250209126721561 0.00314059402062224 0.677981336491516 0.42089406801956
-0.017460653554808 0.0147542363168939 0.0320618513368302 0.592008501463075
-0.0187938262355391 -0.00028677130344822 0.0413989705479065 0.0768346374371882
-0.0151973807382237 -0.000267989195957669 0.107544733460722 -0.497114856154282
-0.0108830410447466 0.0202213888320684 -0.639923954790305 -0.583852810960251
0.00217127302416377 0.00214749624223117 -0.843447013697985 0.330408741854725
0.0213332404631282 0.00487900474208524 0.0375073651081946 0.699318851532609
0.0115312461565796 0.0159369649627716 0.459731881792956 0.208586148960749
-0.00450763775230136 0.00247224246622472 0.296160569101936 -0.16252525419275
0.00157245566067957 -0.0102187372290164 -0.0135199363220687 -0.236400095444883
-0.01466030988273 0.00548358863748068 -0.00122881582995951 0.170718613658718
-0.00608422848340201 0.0141469068412752 -0.215028486108442 0.0970031204017658
-0.0106599127376486 0.00882787148740492 -0.394246800874144 -0.174265685422917
-0.00374910619098471 -0.0173730897659724 -0.0832175416650328 -0.605055506604042
-0.00602164013032493 -0.0112803851614254 0.660781310429211 -0.378689958614832
-0.0010788839707003 0.00271039161018297 0.669580031223871 0.436486543703765
-0.0155128116735773 0.0116108903843988 0.0220959347238439 0.592387229708338
-0.0151046540667383 -0.00412328489802075 0.0404414571812766 0.0765143015099356
-0.0138512303848214 -0.00241364770040334 0.0982774408317942 -0.497779823721743
-0.00930123412436798 0.020495145656553 -0.652279888505789 -0.569070306120664
0.0021046003854176 0.0035420992234205 -0.836142820574057 0.348994338378199
0.0215758298256234 0.00677047649992542 0.0553799421275448 0.696674225101652
0.0115066542121106 0.0168276658915965 0.465058153957193 0.203642280734044
-0.00314684755108164 0.00388104008882858 0.295304773216769 -0.164036837986134
-0.000887458489876725 -0.00712818571597762 -0.0153490794309567 -0.236177564377636
-0.0162640561897705 0.00877165152129371 -0.00340268933084447 0.170922772271138
-0.00333012585658053 0.0133173925495412 -0.218376918841044 0.096092235309035
-0.0111832760279383 0.00912533124733439 -0.389356070444729 -0.179527417431671
-0.00414606433743889 -0.0148398567504934 -0.0638271939130361 -0.607159982226127
-0.00487418645849225 -0.00832086389698411 0.672998332629491 -0.364762440384161
0.0018761089040511 0.00188005923055063 0.658685911848881 0.453253671531737
-0.0120796685957287 0.00895564816270893 0.0119277297726106 0.596104843190105
-0.0123687901785634 -0.00655028938417812 0.0393800343332267 0.0740826183736026
-0.0109004808782617 -0.00412810656633692 0.0890559038532143 -0.498685934399541
-0.00685286702413047 0.0216318459041598 -0.664832870462155 -0.552757549904063
0.00402292900728192 0.00636379060345784 -0.825547884240485 0.365918334558149
0.0203426246575053 0.0102042493143982 0.0735117315601877 0.69153597905657
0.0123736863980852 0.0159479178672978 0.470673507444022 0.19626276022676
-0.000124181006107685 0.00459043789234515 0.291966161729397 -0.16546312723927
-0.000896473146028378 -0.00254450989865942 -0.0191397883498681 -0.235019764798184
-0.0166421271081657 0.0101446866944939 -0.00544204417387665 0.17274863485555
0.00101588643756225 0.0127398781390898 -0.219752733431452 0.0943775251208213
-0.0106636661718011 0.00747466961936214 -0.38610942041974 -0.182543581019054
-0.00518503406273329 -0.0110692042457299 -0.0501393220037464 -0.609462903600962
-0.00266114957162896 -0.00546098855195114 0.682655254890538 -0.35193967894739
0.00598257016128191 0.002700846969893 0.650715542200008 0.468155851639636
-0.00843290488898926 0.00681469731719308 0.00366384748091169 0.594729346683317
-0.00958980652076774 -0.00813117492619383 0.0414597287613471 0.0719547842620134
-0.00705687654011439 -0.00656145229949686 0.0833375633743283 -0.500812017128944
-0.00242859460817814 0.0199011561079923 -0.675515630796704 -0.540202418061174
0.00640910432088086 0.0093791315118485 -0.815584705807587 0.381224765189462
0.0197919336554348 0.0135703676402377 0.090112531483942 0.690409974435718
0.0120541916480696 0.015324872022926 0.474206923368322 0.19185845466444
0.00368162943143384 0.00300302294595502 0.290524739225968 -0.165213615951286
-0.0024692585909897 0.000312333363503395 -0.0208729970743987 -0.232067374310203
-0.000601484426708974 0.000313932185033619 -0.00416711460909053 0.179046198356338
0.000642697387991095 0.00612428394237913 -0.210714560194026 0.105952914910454
-0.0100232709545503 0.00124916974797014 -0.412966723956376 -0.156865577667851
-0.0131991330390541 -0.0180119998211081 -0.126273102725869 -0.584628599584668
-0.00724889405208611 -0.00977460744690457 0.641115590159994 -0.404172424452737
0.00771386335349361 0.00532747918425755 0.702152190058191 0.392686699955072
-0.0140100203396168 0.0239003038510068 0.0624029087168226 0.573338958141355
-0.0235754717721049 0.00960175813577413 0.0538520852874306 0.0646476312101654
-0.0119799152832605 0.00825510729611719 0.118987767097086 -0.505931455214219
-0.000641997487977833 0.0238961968544792 -0.624548844159898 -0.586944630023148
0.00253159780688257 0.00579844233350919 -0.837865918928271 0.337936408955951
0.0126744225281474 0.00650066184375213 0.0272577394439335 0.705367175480099
0.0141366957141087 0.00547475021683846 0.44995407805409 0.205957569063413
0.00552921962519043 -0.00390432119279639 0.295058544812106 -0.163121069294335
0.0132250776889686 -0.0160558161396368 -0.019140309288802 -0.226814025771994
-0.00260960233865595 -0.000563763542203114 -0.00193774469947191 0.176810210919411
-0.00248502211176007 0.00888388835822523 -0.208678202081474 0.105450671755807
-0.0102430631604738 0.00249832982572857 -0.412260840720287 -0.153819731518158
-0.0117286255803742 -0.0191146686314639 -0.135260587626718 -0.583899523483171
-0.00916721551307798 -0.0118299616477735 0.633265203732814 -0.413028230857759
0.0044642433764362 0.00547800820944337 0.704422871609807 0.384023519064396
-0.0163427979904806 0.0256226485617887 0.0644852277461229 0.577161330963559
-0.0256367853418187 0.0114325425844007 0.0505346011491222 0.0705981435092266
-0.0141820619323415 0.0100348538794388 0.12098902700319 -0.50244241292846
-0.00296848795386972 0.0236812442227003 -0.618680803722436 -0.594217176640527
0.00266142887859613 0.00281508542737644 -0.848147459973605 0.323368525044273
0.0151937058140026 0.00397631381190442 0.0184516552559306 0.705242575709564
0.013172459752622 0.00823398229284675 0.447840897238135 0.209674392533787
0.00136531342437952 -0.00229262324657373 0.296122458370005 -0.162454715953332
0.0111666595805581 -0.0161785241640471 -0.0169012752254319 -0.230549659289952
-0.00611621398976296 -0.00102504348920632 0.00133448806213236 0.175434249179064
-0.00575137188819452 0.0106698233874434 -0.20874562935967 0.104118619409644
-0.0107111360727692 0.0055091604599348 -0.41119996514602 -0.152651195867536
-0.00956413089685161 -0.020594899229271 -0.133843383430023 -0.586203630657246
-0.00967266028665028 -0.013482557123409 0.628357143398734 -0.416625357737241
0.000694433396822174 0.00598436385500769 0.701355698659983 0.382451714888101
-0.0185915310328076 0.0227972815385543 0.0610583023643231 0.581025546130099
-0.0246568650077477 0.00817787782647791 0.046701717321282 0.0745105198095539
-0.0157027866233295 0.00707438369167614 0.119632491165385 -0.498232654282645
-0.00731347936290713 0.0224006871425405 -0.618863955190845 -0.594940016050722
0.00236056777594592 0.00151390225191772 -0.849986746595065 0.319603782606106
0.0193373190251166 0.00380227202136419 0.0174923498582592 0.702949795877608
0.0132010923858174 0.0107923952414168 0.450210352812884 0.210582456295573
-0.00184046221850985 -0.00012398262668231 0.296481604848805 -0.16335027169221
0.00757249369363642 -0.0151019780419212 -0.0148005064407285 -0.232841952074937
-0.00914766426526802 0.000582507398002766 0.0024308930897593 0.172925517214877
-0.00676398372631842 0.0125292160401015 -0.209032204343747 0.103012339435742
-0.0108470691113369 0.00811412262971551 -0.407607366468803 -0.157040134884268
-0.00744930582867267 -0.0207461297774508 -0.124129502147393 -0.590779266808752
-0.00980185063793291 -0.0135115886437041 0.633569440559433 -0.411448941649616
-0.00196606192379536 0.00409198377524037 0.692829271946359 0.394769952221919
-0.0188307901464274 0.0185424742953593 0.0524454854847278 0.584107234713082
-0.0221687706400892 0.00395967405298354 0.044188001091201 0.0757907554016183
-0.0163595977744278 0.00292216759571475 0.110570173464837 -0.496745512416356
-0.0107961531442747 0.0211210101142328 -0.630250254260359 -0.586876734430796
0.00144122695349116 0.00115249175795692 -0.844770375063973 0.327882973862345
0.0197104209781553 0.00210054975587632 0.0287058316650664 0.699173932984652
0.0125519811429913 0.0138610192810886 0.455807283556397 0.208224265346944
-0.00399136840584127 0.00139141429057265 0.295107998846597 -0.165457792588014
0.00394727308575601 -0.0136976616829578 -0.0142514459420527 -0.236362545971261
-0.01246743271538 0.00291618010571164 0.00123315538272655 0.17112662912933
-0.00707600435671811 0.0139685560192806 -0.211750844053828 0.101523805845488
-0.0107702529081451 0.00896234612753108 -0.401272082434797 -0.162373337074965
-0.00594621775648051 -0.0196264175917681 -0.109982935368782 -0.595944906870694
-0.00869245510232357 -0.0122344319904478 0.642331085488309 -0.400866185069093
-0.00233229349063759 0.00380400722154292 0.681630612260158 0.409673165688791
-0.0182688702338155 0.0152646504512053 0.0410577549806523 0.588690665548894
-0.0197109301152426 -0.00075346775365099 0.0422729992963382 0.0763500890625697
-0.0157089934941268 -0.000175681359299533 0.0999005971366719 -0.495105873949661
-0.0108301298331705 0.0209832546092366 -0.645431657972894 -0.571789263501987
0.00207249685402232 0.00153487736014408 -0.836572724681343 0.341906346998317
0.0211657310907157 0.00332623306660964 0.0457289328865643 0.696542400530673
0.0116373999055432 0.0156798180295787 0.461941750877018 0.201247524261102
-0.00395978988383399 0.00371600077160717 0.293285571035363 -0.167026096678544
0.00101681817111441 -0.0100673367128954 -0.0166678265748623 -0.235808882382641
-0.0142190489890056 0.00546228134221166 0.0017210930312138 0.170484557303435
-0.00613200794210377 0.0140238564672318 -0.213961690559218 0.100961271298915
-0.0103877809825315 0.00879894749716723 -0.396757161275768 -0.16774105078733
-0.00423052890537941 -0.0177625880465067 -0.0918481501535494 -0.600873896271592
-0.00624468634560224 -0.0107315688523813 0.654483810450791 -0.387462385058811
-0.00100996060591641 0.002714309653466 0.6730498976626 0.4254313886117
-0.0149457839766247 0.0124464034612077 0.029222352751653 0.59146450829289
-0.0160262832865313 -0.00359958176792635 0.0406430798333177 0.0759949567614853
-0.0140570714591421 -0.00271214694339898 0.0909973680665223 -0.496191907866255
-0.00942848404529865 0.020534841287289 -0.656333181393265 -0.55746332063157
0.00290854675451054 0.00445339440610467 -0.825087805254287 0.361184794827929
0.0220990684231719 0.00671959311030657 0.0662022647107223 0.693278679455393
0.0120120951836383 0.0168674859782599 0.46587084861563 0.192997622747751
-0.00340611689582454 0.00384117961626535 0.291830765193696 -0.168247694135438
-0.00110200924522683 -0.00670802337148281 -0.0185903854633966 -0.235714516824913
-0.015887184575292 0.00921362557887572 -0.00121971974187948 0.172203052619732
-0.00361281343624994 0.0133984889432762 -0.216392586572407 0.0986225323008059
-0.0103809125562479 0.00827080200169082 -0.392139563707962 -0.173356658388361
-0.00446220368920574 -0.0145454991315902 -0.0736177228803893 -0.60272073861593
-0.00484913840295742 -0.00811112338184675 0.665106693170135 -0.37416456310748
0.00212589038289555 0.0021475028795259 0.663142363337752 0.442682530388685
-0.0118847661492953 0.00911191966602675 0.0184670613083276 0.591044433865643
-0.0122113924690886 -0.00680459963647199 0.0406693257458822 0.0739426374455034
-0.00995957911536911 -0.00491298948008474 0.0829528337982978 -0.499112832795722
-0.00617956646837661 0.0200008430028873 -0.669894294267567 -0.542340225551212
0.00499335325248968 0.0068787912054964 -0.817204437524123 0.376170473408482
0.0212778833713652 0.0089934225270189 0.0833723562521447 0.687996741250907
0.0125952385660239 0.0164352829363855 0.472319082270387 0.187563226334584
-0.00029800831675935 0.00353614645432835 0.288297465135479 -0.168901127058919
-0.00122931363717604 -0.00245492886958965 -0.0213563419291037 -0.23419065743905
-0.0159843001594395 0.0117616696382392 -0.0048436193268951 0.172147315148614
9.25472227000399E-05 0.0112342165656053 -0.218972681286523 0.0980535433789645
-0.0111730015352011 0.0072848739107614 -0.387574132830853 -0.177635838064787
-0.00618985438333807 -0.0116229501289188 -0.0590726797923028 -0.605849346759613
-0.00376005445797754 -0.00513394035277565 0.676453423222215 -0.361776316271637
0.00524273137529816 0.00169409222404705 0.654607215572443 0.456371854093173
-0.00856262537272852 0.00793950211076424 0.011469438885121 0.59154845444911
-0.00950870135026042 -0.00866493897290519 0.0403962776295285 0.0707943838725236
-0.00685616733422839 -0.0062956166385402 0.0758413372131405 -0.498859779458529
-0.00194941435668202 0.019856631020799 -0.680343034184353 -0.527540348160301
0.00620777568448223 0.0096521961630029 -0.808706768848383 0.39287616348663
0.0203931832381834 0.0124918333738857 0.0970959463559522 0.686501110760963
0.0129258507053558 0.0151548550219769 0.47461801024932 0.182582574550168
0.00385211191749097 0.00305311658910428 0.285721951118591 -0.169512110935915
-0.000846705907853941 -0.000395460820363147 -0.0235174640459508 -0.232417579358581
-0.00138014074558805 7.12963996345357E-07 -0.00387343579359178 0.178978010838504
0.000714782975511757 0.00647348295977045 -0.208638941840546 0.108663832366552
-0.0104574018113187 0.000276982401252522 -0.412743877373314 -0.149762047951982
-0.0135199806089635 -0.0176616114566233 -0.135476831235236 -0.580338261397423
-0.00803587113539042 -0.00974250027980462 0.632285945720791 -0.410620352908301
0.00762232481184826 0.00489768230868323 0.703050685831854 0.379597688608063
-0.0133824694414742 0.0243556886588256 0.068276721252009 0.569337199296478
-0.0227391312271288 0.010453182209515 0.0545110545069495 0.0642450012317187
-0.0120928600460383 0.00778274969166786 0.114005203226556 -0.503194700470876
0.000279832691219466 0.0233808332319543 -0.62700394333549 -0.573603590051496
0.00265561036466466 0.00644559223654282 -0.829820514723605 0.348944729027003
0.0130074562276366 0.006225945146946 0.0361902723282311 0.701393904120892
0.0144932506974645 0.00548344528567771 0.448963561311112 0.197986880368411
0.00497225346425071 -0.00428220702850993 0.291052020957905 -0.167275259282946
0.0126932040850888 -0.0158030747189819 -0.0219653764248296 -0.225984658456932
-0.00219010488930569 -0.00084714321107341 0.000627559539495017 0.176471299431796
-0.00312347638959712 0.0093683088680717 -0.206929366627729 0.107899416279893
-0.0105430028868419 0.00324032159355452 -0.412752002913519 -0.145874798581864
-0.0119769400836468 -0.0192723379354619 -0.141525676832769 -0.580155502293085
-0.00886163988496737 -0.0126109160811071 0.623042777304032 -0.419380819177213
0.00506795071427306 0.00563044061348397 0.704328852131595 0.373264837638873
-0.0157983927258628 0.0259227906365532 0.0725329784589443 0.572845411150318
-0.0253449649237426 0.0116356631399412 0.0501755775987701 0.0692194052702588
-0.0146936265983997 0.0102214887032053 0.113663839431368 -0.50077056618312
-0.00213061261438395 0.0238311748759472 -0.623624809318644 -0.581200619671312
0.0030899977771568 0.00283771352439559 -0.838826439374881 0.336085476149316
0.0159415370646887 0.00357199418088286 0.0270033890073193 0.702296945234698
0.0143758936977604 0.00757801835091062 0.448598405869312 0.202939692090942
0.00140316777491841 -0.0023441345160877 0.291840294596966 -0.166426000947131
0.0102419650947333 -0.0168453082819997 -0.0190957378757368 -0.229149909544007
-0.00676781787854563 0.000156911233999754 0.00326402877118184 0.174314687186802
-0.00590800675360325 0.0111695078891715 -0.207568093661356 0.106447491936192
-0.0108671357721991 0.00578932364025864 -0.411139579564743 -0.144398829801641
-0.0100589341119478 -0.0203412116995145 -0.142342433310211 -0.580517403921778
-0.0100533963838655 -0.0127389567273864 0.618672342229464 -0.424807984620478
0.000860948229029868 0.00516386424832604 0.702389150893731 0.371799541033011
-0.0174613923626254 0.0221951455913648 0.068554323645212 0.575860244898097
-0.0245099507621663 0.00809106671096236 0.0473275066581131 0.0732694890182634
-0.0165775763776379 0.00715324377880826 0.112264030819941 -0.496209786913311
-0.00727403125468072 0.0225615090915759 -0.622095247864409 -0.583990581701687
0.00217945388480766 0.00123884123476866 -0.841107012395597 0.327711503135633
0.0191146917655182 0.00203817713504364 0.0259656761934816 0.697971206085894
0.0127876131064033 0.0103114244856869 0.449432515873473 0.203970524999099
-0.00179726627287989 -0.000716056074014332 0.29295458816925 -0.166468105474138
0.00787645439368852 -0.0159957977149112 -0.0179622002106072 -0.233137219148138
-0.00919540612377476 0.00154547997917497 0.00395857977857133 0.171597949512806
-0.00751979054417056 0.0130389528554728 -0.208730480566735 0.10589876777933
-0.0105216541405742 0.00829568588815088 -0.407973575845271 -0.150092388329908
-0.00748272594756167 -0.0200733461036466 -0.131754730191236 -0.585131876630045
-0.0104316453446079 -0.0124475077416541 0.623760244772065 -0.419577803540929
-0.0021841459698583 0.0037858230767016 0.693719840970617 0.384558431579589
-0.0187931200343843 0.0191379049040483 0.0583704895245521 0.579719660718473
-0.0221445459098956 0.00286443928636964 0.0448694174627035 0.0744865851909482
-0.016461301490211 0.00224187973333433 0.104393151267332 -0.495479422948548
-0.00988229495591968 0.0203882421214334 -0.633340111460066 -0.574487848339997
0.00166747265553525 0.00130443144741083 -0.836637935446371 0.335872143468175
0.0206885654056163 0.00230511784504396 0.0385987891509564 0.695074736185028
0.0121161439773139 0.0128508923466148 0.457001272259778 0.199604369629208
-0.00459021103127057 0.000801399159427315 0.291428017064088 -0.167107575624397
0.00365834111584482 -0.0131380472295819 -0.0168616458335059 -0.233907148835296
-0.0120513887019118 0.00443480250903064 0.00340419336027754 0.171462403581861
-0.00697858411727137 0.0142444871101327 -0.211088590771363 0.104596308214604
-0.0108207557194663 0.0089274103629564 -0.402206866925104 -0.155163607475937
-0.00594283637018919 -0.0188215213136368 -0.116349711304784 -0.591880912809244
-0.00895576821790183 -0.0108438470773512 0.633220795113226 -0.407997400877215
-0.0023234193556471 0.00278744124144725 0.682727615108326 0.396112608950412
-0.0174018808855794 0.0157012420635785 0.0476660640583385 0.58345035569715
-0.01845782256744 7.03155455389782E-05 0.0415979617262863 0.0741131409938888
-0.015559956654379 -0.000125879081316425 0.0943445878745881 -0.494322655215035
-0.0103358607592477 0.0212467653836545 -0.647432710516722 -0.559702671472738
0.00246307062960112 0.00140520439129164 -0.828680920095879 0.353278055560648
0.0219832403843122 0.00427406374243845 0.0552778620869978 0.691605365676862
0.0121059933114227 0.0152298341259233 0.461475642882151 0.194366644210607
-0.00447691179037458 0.00313368313262714 0.289301731718519 -0.169687560356477
0.000627540364435129 -0.00911337812906499 -0.0185351341343639 -0.233809928494136
-0.0158051835944503 0.00669735052941961 0.0019381067642785 0.170762738904978
-0.00656074834640538 0.0133221533324175 -0.212900393573786 0.102778721779525
-0.0105198530168284 0.0093562084868971 -0.395972410136223 -0.161066997599189
-0.00419979898409725 -0.0163736748709619 -0.099158940397979 -0.597318221037288
-0.00684870715620369 -0.00982361479148382 0.644201027150826 -0.396664810232648
-0.000796474115232568 0.00202122445159078 0.674255606897422 0.413521719134321
-0.0145785362790792 0.012070714167228 0.0363885438103516 0.585660482926079
-0.0156046314136967 -0.00388838781483482 0.0415644296976186 0.0743842628458187
-0.0134595141548619 -0.00377830054037534 0.0856568814248264 -0.494785911450078
-0.00850451261956389 0.019624192987925 -0.660887651190861 -0.544934378087041
0.00323673208074968 0.00410301826089955 -0.817372699786498 0.370043778143474
0.0213525167884132 0.00656203355050571 0.072113823785955 0.687968365918171
0.0123216961278329 0.0161499849067747 0.467047208520641 0.186302264450562
-0.00284167055533963 0.00410759309433279 0.287059006244058 -0.171680361639665
-0.0022745449208166 -0.00723696058867189 -0.0204605629902402 -0.234491718711998
-0.0162042139894091 0.0100889173510366 0.000541602253749578 0.171517734485093
-0.00337799074138974 0.0133253988544955 -0.215832937432965 0.100727368791587
-0.00985795940304489 0.00847718452157382 -0.392231214762435 -0.16558069250686
-0.00507103206098633 -0.013728687209675 -0.0830024040561049 -0.599368221429545
-0.00489345350824645 -0.00822122514159829 0.657677041645969 -0.381297987601962
0.00285232976229239 0.00155078688000709 0.664653322212021 0.428862574950807
-0.0122183313852121 0.00870722808321446 0.0250446441604388 0.587359954201016
-0.0130300041060357 -0.00641410797624948 0.0407622958823517 0.073498044027023
-0.00974369501878825 -0.00499735107360373 0.0763651683431579 -0.495493372628032
-0.00605019458526122 0.0201561525986431 -0.671673654584213 -0.52932903091907
0.00492057990218254 0.00620590710826985 -0.80834475655492 0.386148934056803
0.0224955138427046 0.00886574321525349 0.0911043357304152 0.682356076450501
0.0120666444180778 0.0153216663808722 0.471315761937358 0.179905120209156
0.00034660098156441 0.00411224248662212 0.28366309385456 -0.172179874334222
-0.00169690908550782 -0.00165314979320604 -0.0234946598635923 -0.232509735238381
-0.0157329812395249 0.0131055561264397 -0.00317076869331599 0.172082456675001
-0.000728270311658004 0.0122625478513274 -0.217349719901289 0.101259665641362
-0.0108977540158045 0.00725199896932211 -0.389337718581811 -0.169695871424568
-0.00608392113999257 -0.0102303059304134 -0.0686204702469413 -0.602581383637877
-0.00310050682323606 -0.00484725160279694 0.667737944807647 -0.368897797202043
0.00565251520939666 0.00209218284665132 0.658371912534238 0.443134256822797
-0.00910317383406579 0.00666902484197682 0.0177966071181338 0.586965157788149
-0.00970552209173595 -0.00924913513540968 0.042448441385536 0.0690354010162179
-0.00696012512880885 -0.00735693151415835 0.0699451640767102 -0.496904964510561
-0.000988396893153921 0.0200997668247557 -0.681954245784201 -0.515190483279719
0.00720064537029159 0.0090988691525646 -0.797620457317571 0.401302868433966
0.0205355802185771 0.0124181460627972 0.106921758367709 0.680222210650151
0.0135861156428442 0.0135834177037796 0.475363250665896 0.176178354838526
0.00366552813894732 0.00370121626919293 0.281492339032539 -0.17210134708011
-0.00218464198550739 0.000809135882617227 -0.0265643139349942 -0.230912161181187
0.000189604363798637 0.00116672881201391 -0.00175038787147002 0.177056590221903
0.000489198323557332 0.00798727361157343 -0.206133821942317 0.1107236106302
-0.0101353313664107 0.000961276682029635 -0.412377398935324 -0.142133720301126
-0.0132032248275244 -0.0163385522589643 -0.14334215268463 -0.573608515757026
-0.00776862233121603 -0.00954904058913045 0.620816151109303 -0.416366450848876
0.0081147258013511 0.00483993593823673 0.701307598976308 0.368311479157809
-0.0133804137382913 0.0235747407621093 0.0734306259974383 0.564430029911848
-0.0232934881698931 0.00991690517669433 0.0535447884785783 0.0635063842653665
-0.0114708054213734 0.00865899928871983 0.105294978070595 -0.500437464124617
0.000409026602787049 0.0235683794148843 -0.628857917546482 -0.563451160207713
0.00188852894417635 0.00578774262798463 -0.817016169560453 0.356033065005439
0.0134994991859159 0.00611836828094088 0.0450855540746056 0.695259563789633
0.0142298774582728 0.00407338964339071 0.447150213877036 0.19146212401824
0.00573253981674347 -0.0037170208982965 0.285834792511531 -0.169138945387477
0.0115439373127485 -0.0155619046353043 -0.0239961010137761 -0.224832889419318
-0.00219822729306382 -0.000459295797079911 0.00145197864321089 0.175911552002307
-0.00323102901958262 0.0087702240321616 -0.205201172911921 0.110396309712217
-0.011020887525417 0.00294624596758385 -0.412170995442094 -0.138892554201495
-0.0123617482485644 -0.0192629576833159 -0.148837669437575 -0.574325444993483
-0.00945164445677144 -0.0120669951283626 0.614561087780253 -0.424135101687716
0.00508654437118011 0.00483817177622905 0.703921586353304 0.361604059595345
-0.0159262423229952 0.0258262213874472 0.0766772134327653 0.566068778469278
-0.0248425238241365 0.0123657212349963 0.0500758966588094 0.0673079642918954
-0.0142420115442546 0.00977406013545683 0.10822524467777 -0.499081942444165
-0.0015560904612393 0.0233400461287368 -0.622949468471286 -0.569942269659444
0.00322355370410073 0.00256834316055717 -0.826397611706814 0.342031652438291
0.0164149717505271 0.00257011469275673 0.0349407611695968 0.694589408718745
0.014012918274165 0.00718289627293929 0.447269167092954 0.194509183505276
0.00215543658098582 -0.00291035589353068 0.288178553666998 -0.169461493437648
0.00940123781375748 -0.0167111170936774 -0.0226173685059057 -0.228362756995233
-0.00568665747666217 0.000172271693030362 0.00378577820081065 0.174308782594074
-0.00658033746387487 0.0117168696174258 -0.20558769803437 0.108980328740383
-0.00936369523480476 0.00537123061709539 -0.410094839920843 -0.138444492547573
-0.0102510886325638 -0.0197840778103469 -0.14770297142372 -0.574547010293758
-0.0104012200002198 -0.0131348833262801 0.609503678492812 -0.429452002154612
0.00160076968231175 0.00461599375760407 0.700531908058514 0.359722756435458
-0.0175210631778195 0.0226057941450857 0.0736227730260457 0.570226745350892
-0.0240690264066207 0.00843493332116373 0.0466484417318967 0.0723840733280622
-0.0160227619184205 0.00641365011529058 0.107130215166273 -0.493566743701191
-0.00609159247501681 0.0216176090497701 -0.625629694875528 -0.570001508685035
0.00253732760246953 0.00111908928375595 -0.82802043030346 0.33812961782833
0.0191415824696039 0.00183022566474138 0.0347816560863693 0.693148987799368
0.0134037986195891 0.010363343434548 0.448398276337062 0.194856044944938
-0.00164215488064391 -0.000280804601955384 0.288654286886595 -0.168927290564089
0.00638050398668796 -0.0144556709919216 -0.0203613667005411 -0.230870135113051
-0.00913306192504685 0.00232632096507477 0.00494102138953533 0.172147469418815
-0.00831606757294072 0.0128824012612534 -0.206937152057117 0.108310389237162
-0.00964997294406058 0.00743600575607464 -0.406959327028218 -0.14475727009993
-0.00841917461481479 -0.0188278506105975 -0.138029717548391 -0.580150170367196
-0.00993558978478454 -0.0123937669508364 0.614722926306701 -0.424344080916356
-0.00173741816942333 0.00369473271074032 0.692637973067462 0.372702626367306
-0.0184939773737524 0.0184197036199225 0.0648674991622182 0.573347368565173
-0.0219351561703704 0.00301585766593506 0.0452061835272689 0.074157584142552
-0.0158907628849084 0.00288926973103455 0.0988124988646226 -0.492361938574241
-0.00897628520511941 0.0203970642163437 -0.633910857656091 -0.560568201832705
0.00204807073782135 0.000754614309578816 -0.824634910426392 0.344340908752281
0.0208447158626813 0.00177111119929937 0.0463214877597004 0.688689070589148
0.0122277892006133 0.0120436128789052 0.454639237193041 0.191032943899374
-0.0038084172708942 0.00118356569050366 0.285993535333268 -0.171206018064623
0.00373129119829257 -0.0132610410188906 -0.0202176534770501 -0.231695844536477
-0.0132644860833385 0.00395459876041307 0.00477683650304595 0.170899977121101
-0.00825148100772813 0.0142167198371953 -0.208286882514235 0.106112184771942
-0.0101495255436078 0.00806357454112645 -0.401956056539249 -0.149288396389867
-0.00559396981070821 -0.0190549863040191 -0.122701945716016 -0.584303080609233
-0.00879362026680616 -0.0115764837781407 0.622911517507061 -0.412659480527451
-0.00224714537600064 0.00310640100286873 0.683169966781397 0.384508871887297
-0.0174250315874991 0.0151960633327426 0.0544396394614361 0.577865010283507
-0.0193676366318922 -0.000407597895358513 0.0434058906354606 0.0742924821595309
-0.0161217007723501 -0.000582824723256047 0.0879821631170395 -0.491756604632443
-0.0098117789065221 0.0195915366486954 -0.647783834746658 -0.546866441186758
0.00235309543024478 0.00119252892256004 -0.814817096886554 0.358503865320053
0.0224377599548359 0.0039240465265863 0.0653351876297977 0.685987129099371
0.0123386433007397 0.013935858547129 0.461566133578091 0.185700066555462
-0.00528837251386024 0.0034673398619322 0.283624576737737 -0.173461555642212
-0.000603636256973469 -0.0101146188291967 -0.0214499047827256 -0.233264208773987
-0.0145057082418101 0.00757690469551964 0.00343064780912374 0.169171461794285
-0.00650299807246461 0.0140852542061557 -0.209835458418724 0.105992237129362
-0.0102411066334088 0.00906457369392289 -0.395887358473074 -0.153376402414273
-0.00445821773683473 -0.0163119748214825 -0.107021317640207 -0.588403211677572
-0.00736520758539631 -0.0101229415773294 0.634697449709378 -0.401195349628654
-0.00042309230362126 0.00213410061598234 0.673860456913372 0.402996030841037
-0.0149235918392045 0.0118112472249041 0.0429895996797897 0.578967974772715
-0.015860758126267 -0.00342193127609894 0.0409427270336863 0.0730818758268005
-0.0130557357286159 -0.00319280730665548 0.0800214963810908 -0.492300252277774
-0.00853293720756962 0.0198508786792829 -0.659741109268474 -0.532409751892806
0.00361954032632012 0.00402760149367636 -0.806777303115927 0.37671491062611
0.022157351692111 0.00582773276290399 0.0827025817514804 0.681056064463538
0.0124538792292715 0.0151068419212467 0.465163383800807 0.178664704721414
-0.0030001374866268 0.00309043942314048 0.281861943510805 -0.173977986880803
-0.00188415256683695 -0.00619542664331982 -0.022978005948888 -0.233259721701688
-0.0150239910895454 0.0112566793525916 0.00185959609917219 0.170352522014387
-0.00297772508551054 0.01295080225285 -0.212167921697342 0.104390019832578
-0.0107778237114354 0.00810406721789188 -0.391919471400532 -0.158718177155851
-0.00386605678630679 -0.0135206841860935 -0.0886691884529598 -0.594200234354342
-0.00482108201449906 -0.00765738604949148 0.647443009426048 -0.388357603165958
0.00253098276595802 0.00179229434236731 0.663389616607388 0.417661395117831
-0.0128062440932619 0.00984585408478537 0.0329029992563458 0.580828429164546
-0.0130110200250147 -0.00623465464394995 0.0415325511846761 0.0715453643116868
-0.0102907501711325 -0.00524214341288125 0.0708805948096806 -0.491844144902688
-0.00507282708655381 0.0195428605000049 -0.671738728852362 -0.51759289436961
0.00390818567897169 0.00713998653111466 -0.7942911510501 0.391177322173132
0.0214617958049809 0.00854824339785419 0.0997121579292456 0.676641571287319
0.013018929740602 0.015255095403097 0.47035240945918 0.172989768528596
-0.00019679245142799 0.00316224184224037 0.279336830291632 -0.174000168526692
-0.00309966026201807 -0.00296750977667474 -0.0272674420974324 -0.230449206988853
-0.0150240201018141 0.013453190188516 -0.000587713625351575 0.171191820429764
-0.00027561543750422 0.0128961633969724 -0.215617309907 0.104120315107579
-0.0107478112233176 0.0065475551852031 -0.388405153217886 -0.162713924766681
-0.00601671805498876 -0.0107762320643711 -0.0752335701247193 -0.595832292449517
-0.0039564712481352 -0.00507972866431077 0.657915973637984 -0.373440924009978
0.00560458453017795 0.00141141252365715 0.656912320723303 0.431358245648078
-0.00880499357212101 0.00721916440493268 0.0255365866711774 0.581235475174834
-0.010085847352334 -0.00824974427070151 0.0423593633242699 0.0689262044821939
-0.00723146592942767 -0.00666687548650398 0.062969298506339 -0.49363918864137
0.000257977528556846 0.0199077578202173 -0.681795824485914 -0.504017928764486
0.00662624000675701 0.009837379710964 -0.785661883281606 0.407704077119699
0.0208620212431474 0.0115640221640927 0.115166334372451 0.672303632104433
0.0131420564549871 0.014947459848355 0.473150413913231 0.167710618298912
0.00297093529954065 0.00293445264544594 0.276959891865894 -0.176062765298724
-0.00148002676473863 0.000554969734570294 -0.0285330338673619 -0.22828829516031
-0.00079434208735991 0.00228807182340774 -0.000436036474521309 0.176986256306704
4.44941545730715E-05 0.00681796368925821 -0.204466953081267 0.112865116159234
-0.00976406325422785 0.000530485501122222 -0.409706982257457 -0.13476477054533
-0.0133925295689655 -0.0161142192490474 -0.146565635220881 -0.566142909343294
-0.00831712612944972 -0.00935389548818849 0.611900918411264 -0.419580051354667
0.00828863593001185 0.00479121184143941 0.698967237206357 0.357563689776456
-0.0131859659128129 0.0231641146458534 0.0796199418632501 0.557081274856079
-0.0238778249783053 0.010262005145115 0.0536619389377866 0.0621817972135103
-0.0113943049912293 0.00849435931463501 0.0996032742604199 -0.496454023330421
0.000724169132404227 0.0222718265622068 -0.62557890744488 -0.549802494458114
0.00305314408476122 0.00505381894478054 -0.806903628735855 0.361355743633926
0.0132525005651563 0.00471627134242577 0.0507907145693456 0.685746216310387
0.0138169595840309 0.00537038657768274 0.445606733064203 0.185288808171673
0.00565124213106249 -0.00405501139160008 0.280410648276736 -0.17055768509517
0.0121625068958357 -0.0152101154815275 -0.0265713520328721 -0.222908528144534
-0.0029351993845937 0.00114183153100808 0.00302715311560179 0.175057135971725
-0.00368347411638563 0.00919555806772755 -0.203726973123293 0.1116745191704
-0.0101352296728098 0.00331798740780052 -0.409359897849991 -0.133714044680385
-0.0126261225994699 -0.0182357338350414 -0.153236757593914 -0.564873935911749
-0.00874890487775457 -0.0113843774599861 0.602137095537164 -0.42862294321272
0.00482856527587584 0.00514394711195046 0.697331618103669 0.349457274442191
-0.0158448315447861 0.0255104500039685 0.0809313692257451 0.559085798572865
-0.0243575680917943 0.0124792362609254 0.0505305489565141 0.0668917402413271
-0.0138295330023687 0.00966836836380837 0.103414275267286 -0.492771622717706
-0.00147457211686252 0.0224837784925354 -0.621989356230991 -0.558831861074918
0.00287396215758356 0.00221174493163481 -0.814435151008428 0.348463637629336
0.0167457443529383 0.00302128142365286 0.0405056794798177 0.686431293296888
0.013311034311905 0.00728728668847496 0.444873807002186 0.188668481979853
0.00195753424221176 -0.00203557121668934 0.281939885865476 -0.171648564073462
0.00913254109469387 -0.0170152159287273 -0.0241063216688261 -0.226095114431958
-0.00520714928006021 0.000946829218874475 0.00502981910329519 0.172581230548532
-0.00569452274623581 0.0116357555810107 -0.202984337748552 0.110874627232621
-0.0104580932901984 0.00571631438691268 -0.40783802795285 -0.13326153145968
-0.0104900851986133 -0.019578923460295 -0.15428084201664 -0.567505788642764
-0.0105450538651214 -0.0120158242083145 0.600031094025469 -0.431924554002664
0.000826256896263075 0.00372920759659973 0.696031379149215 0.349265534116048
-0.0171074125360415 0.0222405464110925 0.0770207396988332 0.562907966221686
-0.0241879545584546 0.00839111733974864 0.0468577675718985 0.0708746365484776
-0.0154852297186726 0.00732712461914223 0.099789579924129 -0.488926177503614
-0.00460335368641766 0.0215291625052016 -0.619229116183573 -0.558780365460478
0.00272125998376236 0.0011600562005778 -0.816453441095395 0.34052358339317
0.0189926486237035 0.000902732324371172 0.0422914283925184 0.684373775759069
0.0136785197333043 0.010173756530667 0.445786623638683 0.190051402400279
-0.00162410769517432 -0.0002041292452397 0.283889800178971 -0.170874016414803
0.00704155749305984 -0.0148903776620907 -0.0221094863641107 -0.229135239054047
-0.00846687053786833 0.00330830371471253 0.0065711229557786 0.170490520172573
-0.00708655173631711 0.0130046039214575 -0.204045410564314 0.109321513323147
-0.00900247197776852 0.00791302105257449 -0.404954154564454 -0.137862631634921
-0.00816739766649443 -0.0190144323406811 -0.144500388054722 -0.573106542000521
-0.0100100658237961 -0.0121402601439621 0.603417890291596 -0.424323334847328
-0.00223523949113193 0.00397157217788573 0.689532841765559 0.359809926726736
-0.0183021522989512 0.0185284994761622 0.0693165294773896 0.565414052786195
-0.0217388865170425 0.0035050345231664 0.0445586659561248 0.072268590624839
-0.0163339543392317 0.00212907321175194 0.0928749022353362 -0.488066028659407
-0.00768571017523345 0.0199868847025762 -0.631567542118846 -0.550374826534314
0.00282424264057856 0.00130164328943599 -0.813750742385853 0.3497010567784
0.021171649441602 0.0022189533510302 0.0534398906406556 0.68167973818388
0.0127356607617061 0.0118904707390836 0.451105979012812 0.185192641381978
-0.00370326183932446 0.00171303822360794 0.280964260350452 -0.172388894532355
0.00229376829774668 -0.012916393347248 -0.0205303837808875 -0.230805631702993
-0.0122649460191889 0.00559396862244969 0.00545895129087563 0.168647891575323
-0.00777200698857287 0.0130778549461977 -0.206047713231895 0.108421655566668
-0.0100161568475972 0.00911957307544704 -0.399478107895203 -0.142255362730352
-0.00527408812426544 -0.0184527770510259 -0.130917346665381 -0.578779020555256
-0.00861851725752929 -0.0112575324193967 0.613108039276399 -0.416206933789328
-0.00203583983523965 0.00281855474543558 0.680132590199614 0.373876086310316
-0.0168481806525963 0.0159014769444273 0.0596121907165411 0.569923025536123
-0.0192993380082697 -0.000281524485050717 0.0425356843177564 0.0730133386199725
-0.0156065510016365 0.000288894558068499 0.0844309211325392 -0.486947248683828
-0.00826371870697457 0.0196965535503387 -0.646307100071795 -0.535872660123714
0.00306791996648423 0.00153750254992793 -0.803338372975599 0.36536374955373
0.0218950614653056 0.00289437573979667 0.0709477065882909 0.677644457223624
0.0128457554296888 0.0137291492768825 0.457569512272776 0.179143272551437
-0.00438808718487764 0.0024912981875951 0.279521047821658 -0.174869204944268
-0.000303955077644521 -0.0092884345036017 -0.0233162836951991 -0.23069468781797
-0.014022142991338 0.00789624611597368 0.00375562040873996 0.168703931645448
-0.00573979904813981 0.014628214031065 -0.207455703782475 0.107052405707749
-0.00980144945205459 0.00871131549881961 -0.394806040617344 -0.148078563645043
-0.00419018321555321 -0.0159423945426729 -0.111468408303028 -0.583687711140709
-0.00627158924873684 -0.00935671649450043 0.623070648356973 -0.402862671539776
0.000530997733165811 0.00198211066687704 0.670050451977769 0.39185678212219
-0.0151903491475603 0.0112149839052739 0.047220236045254 0.572728952520849
-0.016102891035863 -0.00389302899594085 0.0406790915589331 0.0721495560422645
-0.0129518263107452 -0.00261361224936622 0.0740488726138095 -0.487012756516176
-0.00733812328413414 0.0200652277982779 -0.656318554020055 -0.52166865083915
0.00295095646285123 0.00453652083339461 -0.795389999824342 0.380157212129592
0.0219951817822537 0.00562905417183272 0.0887086908001601 0.671956913578983
0.0122894061500409 0.0152355560654044 0.460493489905841 0.172649251184751
-0.00285546503706572 0.00335193474356071 0.27696748898537 -0.175855145181425
-0.00242520285160777 -0.00649784588323842 -0.0254107357259913 -0.230520412404534
-0.0145119793044206 0.0118225479760573 0.00241145009114239 0.168434251988851
-0.00386534656061044 0.0135211671428286 -0.2100054891666 0.105803032016875
-0.0101341696771241 0.0090350539524782 -0.388703347340951 -0.152315682274596
-0.00511889606001484 -0.0134722859276959 -0.0953062980647175 -0.586430219408017
-0.00483831728637521 -0.00738366391297884 0.635938363234617 -0.390567843322624
0.00265479091026297 0.00202117439526254 0.66125981668147 0.405209027919901
-0.0131939709006614 0.00831549072041696 0.0370484295364223 0.572896249571342
-0.0130190401987645 -0.00678588697599768 0.042481299068765 0.0701435126468558
-0.0100605554397175 -0.00525204681233035 0.0653338678542081 -0.488260875311864
-0.00494556176229525 0.0195781892495514 -0.66933038010442 -0.503731277909694
0.00458002464267693 0.00738962724103105 -0.783511463983392 0.395692420284073
0.0218608153359054 0.0081391756878973 0.105892133926523 0.668074416455051
0.0135716839398966 0.0139113577674642 0.467037215599548 0.166262847623651
-0.000212590199179361 0.00377184511703971 0.274437193697928 -0.177581937224651
-0.00300254165671211 -0.00336335560773271 -0.0284080160250822 -0.228938800858064
-0.0154866889867888 0.0142584453494979 -0.000458933706964044 0.169557634256229
0.000144652091577635 0.0119230641403948 -0.212909404532103 0.105080656180418
-0.0106501089137015 0.00696872692723831 -0.386395215588621 -0.156201388178982
-0.00602110199759809 -0.00937228036096972 -0.0818549071112701 -0.589690607022143
-0.00299533542837348 -0.00521466593155913 0.647591912267341 -0.379154422572207
0.00633423730742939 0.00127704438837519 0.655977589055972 0.419774311870583
-0.00955001616907599 0.00750801843207403 0.0302839615913556 0.57337922518003
-0.0104744004911727 -0.00831050885122269 0.0423991023936794 0.0671459996926471
-0.00667979899532861 -0.00648061909082534 0.0601134264723915 -0.488953194652645
-0.000140957008052913 0.0186873782108791 -0.676992615588679 -0.491511233254753
0.00682093396377513 0.0102068722678245 -0.772351038273328 0.410691271646851
0.0205537968492767 0.0108654576450507 0.121778848099458 0.666244452512105
0.0128891442786405 0.0127892797663739 0.469874193329084 0.159522227609438
0.00384120354626971 0.00232498826505429 0.273291726445906 -0.176821230429973
-0.00210166548285873 6.16045864054362E-05 -0.0313081698930855 -0.226156049449121
-0.000446319229507721 0.00219882435657372 -0.000290864450833773 0.17592423999692
0.000264422697449666 0.00708686312261215 -0.201579165358761 0.11266937303457
-0.0097088624843965 0.000783703238220788 -0.406908489722434 -0.130740864559295
-0.0132881054195237 -0.0155465078205038 -0.148796143157173 -0.559124829222332
-0.00810174925972705 -0.00978352753920249 0.600690192817406 -0.420563015197873
0.0076703487461323 0.0044582009273572 0.693733425828075 0.346421917232019
-0.0132899471757453 0.0234968477577862 0.0813115681451736 0.549354167678534
-0.0227103830134046 0.00997175150747521 0.0542575262084618 0.060922648635574
-0.0114096819850787 0.00782887807186109 0.0965798498684022 -0.491747637872669
0.00100510297154111 0.021962537184063 -0.622588619738559 -0.538017883684255
0.00336942646126048 0.00684428398463731 -0.794289182561536 0.362800488212142
0.0128723434034875 0.00607417747801641 0.0539318334506321 0.678126730963756
0.0137782928864381 0.00500288441124137 0.443325329332927 0.179845142674825
0.00497046051057209 -0.00485371909774804 0.27619227724091 -0.171926059979696
0.0102713720253522 -0.0146601249954818 -0.0272622452619443 -0.220314087428537
-0.00315051067410158 0.00137408920037595 0.00432050922613899 0.173428184623352
-0.0031194896918349 0.00891016667672512 -0.200428177007478 0.112399979917854
-0.00970486863370381 0.00346800251037606 -0.406843282503106 -0.127895368545742
-0.0114214081003276 -0.0173624539797488 -0.157981596157987 -0.558755473606309
-0.00940849367379649 -0.0106329746226082 0.595270313146588 -0.429182379486266
0.00452555875896444 0.00449539134113159 0.694697713985961 0.339998084279185
-0.0154993438828425 0.0251946702173151 0.083902868863212 0.551651060260608
-0.0248239895268151 0.011172722630108 0.0500833641036261 0.0656140599170684
-0.0130778891025542 0.00916026995594979 0.0974880281353956 -0.487550266562245
-0.00152131848103672 0.0214802515477205 -0.616647757982365 -0.546809235857316
0.00334247568140933 0.00288176559258474 -0.802878650001005 0.349973328568985
0.0166092041399473 0.00287118093567671 0.0464908370525947 0.679474694278809
0.0132221595189535 0.00680336660405552 0.439317907138441 0.183063835290779
0.00144509787891169 -0.00247756314729582 0.278161490811852 -0.17115171084307
0.00913682586366416 -0.0163124262810842 -0.0244710930363662 -0.223740869096936
-0.00619734709755061 0.00108788624358067 0.00581551532490209 0.171663046464119
-0.00572403935301871 0.0110250354786897 -0.200573346068063 0.11150852725385
-0.0104225247656122 0.00487225350984844 -0.405597179011901 -0.126765146832202
-0.0104218329842113 -0.0183452510872461 -0.157824134194918 -0.560430637889355
-0.0110342778544257 -0.0118826294304669 0.588021737921963 -0.432854559202566
0.000461161544350497 0.00488822733209792 0.690989212410902 0.338411558895608
-0.0171339568662539 0.0230422877337062 0.0816248780934546 0.555015989315516
-0.0234018435987585 0.00901701173257441 0.0473671852522554 0.0689938892732904
-0.0167309439606063 0.00602438619649355 0.0972817361882795 -0.483367313861821
-0.00582301127684442 0.0207888803817886 -0.618931916857558 -0.548874040394883
0.00186041527152549 0.00140333681773141 -0.804172711562209 0.345292140138104
0.0182630041656095 0.00142126804564254 0.0454019025231212 0.676070891102369
0.0134811327185835 0.00922636718773879 0.443184155075784 0.182981746531978
-0.00199230535096683 -0.00114243647291142 0.278871592664999 -0.171074085482527
0.00525858975235006 -0.015069849994139 -0.023267609111599 -0.226819633569996
-0.00897250334039457 0.00329268142115499 0.00641891292669046 0.169377156438411
-0.00746459754658303 0.0138789383604991 -0.20143166618301 0.110466535466811
-0.0105944556995609 0.00787163998832372 -0.400981044494976 -0.131764245748944
-0.00781512982315367 -0.0193898755603451 -0.146135736244049 -0.565397788811103
-0.0100699425315638 -0.0115121022452173 0.5931284958017 -0.42703634461868
-0.000372932662535949 0.0032637076995765 0.684859276602733 0.350005905437849
-0.0177037986278844 0.0185639402850624 0.0709679426328615 0.559036872640772
-0.0214282676899772 0.00391738901981109 0.0441228721327424 0.0716353799970696
-0.0159571443542564 0.0027413453035697 0.0891099146905321 -0.483029911142128
-0.00806563056586113 0.0195733596869776 -0.627591414868277 -0.539181181934186
0.00211438474931828 0.00188684292621055 -0.802062574705905 0.34998332205867
0.0207538980364212 0.0028141468834919 0.0560604690320059 0.673728192795489
0.0130584449696132 0.0119932231182171 0.448342395467047 0.179457981607275
-0.00465825821438257 0.00160356403950675 0.278192123456427 -0.172667158033929
0.00276996798697601 -0.0130759477205515 -0.0228257088097528 -0.228414566106127
-0.012177912290054 0.00629157491343518 0.00618569123017163 0.168322758003511
-0.0069368129414763 0.0146204181666007 -0.20300076058844 0.109428292499818
-0.0100305648046426 0.00876582811222167 -0.396047855158293 -0.137383884341437
-0.00639929617385787 -0.0183232211760851 -0.133689538289132 -0.570439144851579
-0.00890597202515872 -0.0111907183055626 0.603131822477351 -0.416915997875328
-0.00166312210283485 0.00302331371128084 0.675565716242274 0.363723623205351
-0.0179233330210278 0.0153721793248556 0.0625133699677781 0.563150614816839
-0.0198374210659918 0.000100967711344146 0.0427423303134194 0.0709201274102642
-0.015704770301283 0.000610280849139601 0.079197052251503 -0.480480593188752
-0.00951245270892664 0.0191608960936795 -0.640408701967521 -0.524847041379794
0.00252770108128194 0.00138229685503206 -0.792693656357522 0.366805419798941
0.020792321051657 0.00244107011764554 0.075179084587525 0.668635293875271
0.0120777855066983 0.0139329876303504 0.45279783735152 0.172510041105876
-0.00370048458281744 0.00300805365570743 0.274847606003724 -0.175631452370632
-6.84912861901436E-05 -0.00961007887984879 -0.0240864643537496 -0.228896960184571
-0.0147095271807309 0.00811984590296976 0.00479995399202277 0.167734650873068
-0.00535735506216406 0.01430592450494 -0.205214295922209 0.108385204168319
-0.00925765776581416 0.00786918402976622 -0.391599171728894 -0.141448654064383
-0.00453330726001916 -0.0155913793207701 -0.116679597949988 -0.575726666161233
-0.00648659097192893 -0.00905259158442328 0.613936122506556 -0.405481278618732
-0.000578882642241978 0.00189667695936807 0.665085755206332 0.38133964763353
-0.0158933761372042 0.011154488726376 0.0509113392478293 0.56512020528706
-0.016242024868539 -0.00309833602788533 0.0414242801960548 0.0705078827143855
-0.013796504438257 -0.00230573674446897 0.0709041779967633 -0.479717898786242
-0.00738997565476657 0.0179885791277123 -0.653979980825054 -0.508832384600164
0.00314907103960335 0.00385176984491355 -0.781755255529515 0.38365105488559
0.021556372623657 0.00521174163826781 0.0923871450773182 0.665345722307483
0.0131670320404017 0.0141902930147706 0.457662890294754 0.16718511706684
-0.00309431662943607 0.00338858673622768 0.272467494655996 -0.176696307530601
-0.00208431893288865 -0.00664543493057348 -0.0263972002048427 -0.227966528144867
-0.0153032283959709 0.0117508745472686 0.00212701898900258 0.168233688980074
-0.00325829013739289 0.0138641052902704 -0.208480902443285 0.106428271693824
-0.00896571452459659 0.00910185351280766 -0.387107763182297 -0.14625929530187
-0.00469117322662197 -0.0128344646911669 -0.0996291994583217 -0.580693179026276
-0.0047794682409067 -0.00684682053402349 0.626749901676145 -0.391908956813461
0.00219164416840225 0.0010685992051882 0.656525023477584 0.395732563710898
-0.0125857285460516 0.00853288858490007 0.0390772246670822 0.565761699062171
-0.0122560283740352 -0.00598525029062288 0.0402833590058504 0.0686188067968211
-0.0106689070038855 -0.00433616413436829 0.0636006868103705 -0.482559802221636
-0.00286454858793541 0.019558562630044 -0.662835418828162 -0.493368900315644
0.00497958343291119 0.00717654253031817 -0.770803275977671 0.396368781708394
0.0228796957217799 0.00761149607241751 0.107295629258514 0.659341034007348
0.0140296731751545 0.0147846437952182 0.462540509737612 0.160878515135742
0.000383643552745085 0.00351093470366026 0.269257402310131 -0.176414009478302
-0.00293248451419427 -0.00214879355371356 -0.0281743029656934 -0.227458011053157
-0.0144411278485524 0.0148833902524786 0.000598495770694852 0.169455276090533
0.000318622638075081 0.0124377944250167 -0.210592727375635 0.106828457481326
-0.0106062848538943 0.00682169752391709 -0.3835217382054 -0.151422110124504
-0.00543417938616077 -0.00871717971380246 -0.085189595518937 -0.583171045336611
-0.00355337599858327 -0.00525966063336012 0.637516363681252 -0.381394308748515
0.00632093650068428 0.00167507153775879 0.64973998435 0.410173732219127
-0.00978369318627388 0.00658201507181814 0.0338686122570528 0.566586299892797
-0.00992563775193053 -0.00866530342624936 0.0429898808353361 0.0665408978778497
-0.00728643012937971 -0.00640331216786679 0.0550258516277253 -0.483065662901126
0.000162377753266655 0.0184434478934224 -0.672409576573156 -0.479618806806882
0.00764702138027886 0.00951102615965503 -0.760660282088162 0.414117787788943
0.0216929727712351 0.010950708114931 0.124134438260241 0.655610175815432
0.0135817429967811 0.0136024768567657 0.46639567164801 0.15289365990108
0.00331756345202676 0.00296155520808104 0.267407287195988 -0.178599951616215
-0.00243898872661779 0.000877569862133692 -0.0318450604681991 -0.223772815028474
-0.000532534196292719 0.00221428093633579 -0.0227617520014141 0.170240529483427
-0.00064719253416615 0.00627489679931983 -0.210528185469007 0.0870381473305654
-0.00834539846386112 -0.000775529106376176 -0.376951415477043 -0.176038521479176
-0.00741135212617856 -0.0177830189495625 -0.0735178935542572 -0.551662355944413
-0.00480829339228655 -0.00711449683035162 0.630123323959663 -0.329238629148236
-0.000905460406749256 0.00530667412015913 0.629678636922043 0.423559000057139
-0.0140299450566598 0.0192668225297081 0.00954154264237471 0.544903807586807
-0.0237792009901206 0.00715175471573768 0.0440903579799798 0.0665317119424249
-0.0155472846029535 0.00695114166331208 0.161447091622507 -0.473266287006518
-0.000454861920909231 0.025260848732072 -0.542236095594831 -0.614339390193259
0.0089512314589239 0.00789400251859627 -0.837968960989998 0.251979963002178
0.0160991013748492 -0.00271275848672043 -0.033617292217013 0.687112183518557
0.0101485420305133 -0.00121823539881803 0.416398521366421 0.236693530226985
0.00372234125816224 -0.00392971650131259 0.298152722238498 -0.136448274354206
0.0119098807052667 -0.0120597470249189 0.00268527694048187 -0.22581124103653
-0.0025164927001608 0.000902625379844456 -0.0193849373848996 0.169197173886488
-0.00474496156157631 0.00865798015245497 -0.209412878153255 0.0859400392159573
-0.00883459280504137 0.00109827403621246 -0.377005086980317 -0.174063327088433
-0.00616855039319495 -0.0196382266690606 -0.0782895279662495 -0.552248628969631
-0.00556329394822621 -0.00962249973980751 0.625750764901891 -0.337340652067468
-0.00262367856964668 0.00424501941175667 0.630006437836062 0.414956636467134
-0.017011194854544 0.0208592056915286 0.0125334769618123 0.546608339289895
-0.0267225371574843 0.00855203741282359 0.03949496697442 0.0713564560263731
-0.0182712785547507 0.00855504207015622 0.163616738670843 -0.469400096442234
-0.0025643382425836 0.024659787720706 -0.533505622995882 -0.622644078724386
0.00990886121864996 0.00429853482813279 -0.841356249046649 0.23844606082749
0.0197602109294456 -0.00477393919815152 -0.0438606402310157 0.683077674529918
0.0102902406915719 0.00106725392597293 0.413784070980424 0.241152016949632
-0.000428337379127335 -0.00236096478888784 0.299381315076698 -0.136147618781343
0.0100260879412845 -0.0136937322639632 0.00513576237092455 -0.228214952592646
-0.00689555672098855 0.00137630661693846 -0.0161457264656359 0.165902339243426
-0.00737843411118065 0.0100543158252165 -0.21099711707733 0.0855750433898837
-0.00880117494697866 0.00298515907705264 -0.375356220218976 -0.173142151292075
-0.0045346169942028 -0.0206345517958777 -0.0780673518562945 -0.552670015928445
-0.00734098459045879 -0.0102536577380209 0.621436177641962 -0.341150763708205
-0.00743161412586738 0.0035534346192908 0.628478786189639 0.415071213658868
-0.0193894632267132 0.0185343984017473 0.00831223225656889 0.549605927788409
-0.0240338482121818 0.00473065038145751 0.0360027581225415 0.0750702159735886
-0.0196871957728237 0.00492601690665956 0.1614499673545 -0.464142614621575
-0.00729524157393814 0.023274552897902 -0.5354187250159 -0.621190092790463
0.00948104613753309 0.00331810272159085 -0.846461689240739 0.232755091686014
0.0218062744191637 -0.00570486474116893 -0.0429599805401536 0.683513709785516
0.0103216655436048 0.00395388916054916 0.415939468834229 0.240641283768186
-0.00436692669864737 -0.00114123061122409 0.300663002811778 -0.135078858514452
0.00677250267784036 -0.0128557306239241 0.00741127012883868 -0.230988870635479
-0.00882952012698175 0.00302648212927501 -0.0148629424610937 0.164752987245147
-0.00975052154916567 0.0117267963532539 -0.211483909088321 0.0835368254911255
-0.00926467044840781 0.00459549549793096 -0.371810086542348 -0.177404138581465
-0.00297771298627708 -0.0196453391984657 -0.068686266630749 -0.556247360186171
-0.00712796200900216 -0.0108712786184398 0.624658089477948 -0.336220276488587
-0.00952461239628383 0.00214860824204384 0.619691316083569 0.425459049574177
-0.0184280129514471 0.0145432173546946 0.000216147573287621 0.55252832396087
-0.0217974456270836 0.00088418863811377 0.0332970923263878 0.0755043139317955
-0.0197172894215271 0.00108599427869188 0.152546757602481 -0.465314465443371
-0.00932614847308466 0.0218908319341552 -0.546474713996162 -0.615988833382773
0.0086130263836207 0.00298093576007049 -0.840650826232779 0.240794770805527
0.0241210864281714 -0.00522325651927347 -0.0320130400832582 0.680305111802659
0.00912791094985641 0.00625665151731252 0.421764762094932 0.238925407671106
-0.00699860889045192 0.000954232510923705 0.301403442402192 -0.138390381420662
0.00240283289921773 -0.0107097720547012 0.00777437018777549 -0.233220934619112
-0.0117694514044737 0.00461311389026164 -0.0164010557760613 0.162713844692246
-0.00905730255837107 0.0127661156598836 -0.214104073370885 0.082157223173929
-0.00907220292319754 0.00656944471742017 -0.367238286034566 -0.182175346957212
9.96029809988211E-05 -0.0189474688168694 -0.0549091363366235 -0.560589393289925
-0.00500042365873811 -0.0101302594204982 0.630792232421496 -0.325645281650743
-0.00983027315386527 0.00169315106350644 0.608718169636604 0.438065122968435
-0.0178375170131218 0.0117358018536841 -0.0121531117625676 0.555217601538232
-0.0186873954238713 -0.00273259426591496 0.0314960745519475 0.0757018515576378
-0.0179595525160826 -0.00250237994341903 0.143653286551303 -0.464703186483188
-0.00898874387121929 0.0214498155321488 -0.561492613493445 -0.602332174917829
0.00949346605050878 0.00362086639258929 -0.834251429423306 0.258400744230318
0.0246419600582405 -0.00384659167584932 -0.0128256273512092 0.677804854013729
0.00842822279363688 0.00783149525255817 0.427419186564223 0.232449944490257
-0.00819873760822347 0.00135851729063059 0.297334841435844 -0.14015050235359
0.000322655780847639 -0.00837858353379355 0.00718963261466226 -0.234457379865982
-0.0148428049727657 0.00703947531767066 -0.0171160803582608 0.162806136093219
-0.0077095714282842 0.0125222985037756 -0.215163662621516 0.0800690731989451
-0.00873549068098983 0.00652082737489316 -0.359938224350923 -0.18739061871132
0.000895828998485975 -0.0162799530700344 -0.0375749368717609 -0.563644692218214
-0.00404122396678413 -0.00846416779671723 0.640117851037377 -0.312332031367935
-0.00747784086512973 0.000559449682575564 0.599383481534275 0.452572359622591
-0.0158758556593086 0.00852816436623691 -0.0208532173909405 0.557522117078884
-0.0153772150820064 -0.00566331662458572 0.0302076937536326 0.0750105191489292
-0.0155743244144266 -0.00397322710874581 0.134280623797513 -0.465886111969334
-0.00814707180024936 0.0217184547030958 -0.575204962637447 -0.589525751607632
0.0101553835133224 0.00602963477718955 -0.828384510350501 0.273547064596778
0.0248486056199707 -0.0016877429828945 0.00481718728796416 0.675793737818716
0.00764335478377862 0.00822658924356038 0.433757958425849 0.227087829617623
-0.00575832142211378 0.00263805666368887 0.295443184754659 -0.142622910541083
-0.00217252727659943 -0.0058298362533643 0.00463492059823152 -0.23444145636376
-0.0160495212715705 0.0106813855213832 -0.020273832359582 0.162433738063256
-0.00543971310941283 0.0126645290856363 -0.215458198994751 0.079673872878539
-0.00967879198751347 0.00616410112117478 -0.356093519711643 -0.190370190408361
-0.000146830892523641 -0.01355106909489 -0.0209100660695055 -0.566489712585557
-0.0021820014021651 -0.00538071541241874 0.651397848829736 -0.299764558582661
-0.00526508854866007 0.000950141889639017 0.587113906648308 0.467051365126409
-0.0119365577173157 0.00572434567059739 -0.0322716431652827 0.557719709985607
-0.0115697775077621 -0.00735376245650575 0.0301785756397963 0.0726176159330386
-0.0129837457619525 -0.00553587536922226 0.127462701616007 -0.467965460489458
-0.00457652805212276 0.0211044541377051 -0.586365543278485 -0.575782509251011
0.010574698467365 0.00740586504830306 -0.819143888539652 0.291120239095626
0.0236702135332876 0.0016636717097182 0.0231882610088279 0.672386827792336
0.00817020578676536 0.00866611811950037 0.440237876723776 0.220664246480834
-0.00431508977067517 0.00350636652434606 0.291120520617831 -0.14355634029508
-0.00342517703962088 -0.00181221432999811 0.00158972241705216 -0.232808270236922
-0.0163853102489246 0.0125885843540188 -0.0225535989856182 0.163340985194641
-0.00148813599125726 0.0116371585684123 -0.219551999400067 0.0782669689208607
-0.0101906067457108 0.00605630353612211 -0.352932017273677 -0.195053101818092
-0.00159047970120428 -0.0109840944151514 -0.00780710208254981 -0.567082543082341
-0.00172516605285391 -0.00254274407040502 0.658918912051003 -0.286118184432602
-0.00170139170812266 0.000558942867187748 0.580118298888423 0.479392462088072
-0.00829045780600269 0.00324851841883934 -0.0387153608998877 0.55568507512287
-0.00827169800309903 -0.0088256693527156 0.031969807942731 0.0710040513587302
-0.00864401447652924 -0.00654215067192194 0.120200320496281 -0.469233293127615
-0.000938051793732858 0.0216531649740735 -0.598574708759304 -0.563146676501221
0.0115964926329196 0.0104997016631531 -0.810250351938824 0.30816859514842
0.022422158533929 0.0048779374586027 0.0370978205462505 0.67261096249071
0.00933680928883171 0.00781346736977163 0.444569799949315 0.215979703162779
0.000212033177062029 0.00205796875640699 0.289377015770736 -0.144056050762662
-0.00416105477985335 0.00069688042110292 -0.00239291416181901 -0.230576071684035
-0.000382561468451637 0.00294058543958685 -0.0223507416741061 0.169760576132336
-0.00157516252491534 0.00704070469831506 -0.209597989800586 0.0872503159557619
-0.00815351185440946 -0.00157518150422141 -0.373164183399767 -0.172810173458066
-0.00830032988231447 -0.017403110164941 -0.0725391594202175 -0.546312211435007
-0.00544274255614598 -0.00695556988732962 0.62167750976946 -0.326477096889645
-0.000665333769122638 0.00435927301228348 0.622453590535224 0.415697002191118
-0.0145276277062356 0.0198937664553808 0.00968256572851289 0.535775735512843
-0.0235976501621448 0.00620483875048337 0.042627803580553 0.0659259593651276
-0.015237909360422 0.00682600981450177 0.158684156953745 -0.466915955062649
-5.10295785964439E-05 0.0250959844696 -0.535678943026299 -0.606946552062818
0.010001538923558 0.00683921329501916 -0.825731214181334 0.252670756047166
0.0168347582915934 -0.00250372406107823 -0.0322516995914629 0.677370427401508
0.0106244258205017 -0.00133571076034153 0.412140886607818 0.234013658660592
0.00220890314906298 -0.00377957108506059 0.293303566465988 -0.135557055268858
0.0121802748657447 -0.0123866930012914 0.00279339368189336 -0.22344264046573
-0.00302311144042819 0.0022123602423154 -0.0190315227904648 0.167055217960543
-0.0044541585396957 0.00819863780403874 -0.207590431527143 0.0855706087223634
-0.00831149486345933 0.000816091409371797 -0.373864138716462 -0.170471037604931
-0.00653883427204958 -0.0192962976139936 -0.0782336199441091 -0.545942143851348
-0.0058143131482016 -0.0091513439083451 0.61619017075309 -0.336183556361483
-0.00313655866964059 0.00539409844822396 0.624936732374829 0.407924183282075
-0.0178115632769944 0.020452366542243 0.0128972560250286 0.538741052309861
-0.0258854007775714 0.00764478080232899 0.0396568001316062 0.0699590739880145
-0.0178783254228159 0.00810355545393708 0.160482662183425 -0.462485602618049
-0.00234765302390966 0.0241900577089584 -0.528422608137007 -0.61324094376346
0.00932683773571461 0.00415224616233472 -0.83182797290099 0.238902346406273
0.0199724387937091 -0.00524397799957437 -0.0417435062676526 0.675954634416849
0.0106888707423049 0.000544064572199717 0.410304755898522 0.236698646112602
-0.000311447615751219 -0.00225654483692368 0.296255292200101 -0.135811006333301
0.00984903557881331 -0.013510019213037 0.00515354638811964 -0.225951865848009
-0.00523821009981453 0.00179394696036652 -0.0167462864189378 0.165033204269973
-0.0078284191124965 0.0105565851436086 -0.208409392159275 0.0851573711943568
-0.00912033275498814 0.00290350839061578 -0.370945260642472 -0.169202125458286
-0.00463089433242638 -0.0195527492241423 -0.0808108333805906 -0.546676036244546
-0.00675851025801414 -0.0103146096292396 0.610987966432411 -0.339930826250024
-0.006046738029445 0.00380733930115423 0.622598032589512 0.407757018117111
-0.0184888145472739 0.0181475809021036 0.0111379281551039 0.541570288555406
-0.0243151198525997 0.00501828261119716 0.035864423199242 0.0746531247626615
-0.020175927014408 0.00454630632822261 0.159819293355126 -0.45864246157961
-0.00648008243248138 0.0223336357814901 -0.527598269884841 -0.614668734954252
0.00924909415888044 0.00232978026162064 -0.835163671106906 0.233788963573368
0.0224238965214176 -0.00564799054255251 -0.0422184951457472 0.672681350217752
0.0104204643210753 0.00320922076497865 0.411641814172962 0.237419591070644
-0.00386939561786496 -0.00127348495483541 0.296474262041166 -0.135481038867706
0.00607468712959988 -0.0129769372793886 0.00714419408978026 -0.229265429504747
-0.00850800015735777 0.00279553328362265 -0.0161952084622953 0.162491085283184
-0.00921674502766859 0.0122690856714789 -0.209435286627296 0.0835597481650908
-0.00926680932531779 0.00495474393239937 -0.368306893850836 -0.173716180405335
-0.00187088309507308 -0.0201901604974338 -0.0702637636354192 -0.550420934868075
-0.00637091132133266 -0.010313654536381 0.617035809668303 -0.334823661670013
-0.00876566237831261 0.0022176933219635 0.612706219222794 0.419151266775063
-0.0188316992390686 0.0144016798423318 0.00149478868285507 0.545287553906597
-0.0216494829274334 4.96009038182983E-05 0.0319048104368223 0.0752248541168057
-0.0190790026012896 0.000669369496985381 0.151049683099883 -0.457879963182338
-0.00901912460860504 0.0217242699323196 -0.539709640530273 -0.608065280594458
0.00926885316795693 0.00320114071474903 -0.831674197030803 0.241129116029971
0.0238368721675654 -0.00541417634043797 -0.0310608894879688 0.671327696214841
0.00934498526683222 0.0055929730894038 0.416449406961885 0.235295477810974
-0.00711969297997025 -0.000573498903461082 0.295983298859544 -0.136161331639038
0.00298008493358001 -0.0107311082391223 0.0072817731671413 -0.230050687580955
-0.0111286093407243 0.00405821115106214 -0.0160040557586025 0.161922148276757
-0.00942687954364508 0.0129367451109632 -0.21134701906 0.0809446465337968
-0.00970583509425735 0.00661904630445301 -0.361925815350321 -0.178354000225561
0.000187260769357595 -0.0182349260127523 -0.0547881539438397 -0.55531538465345
-0.00511008596760079 -0.00933881767866024 0.623719150295096 -0.324604252448577
-0.00892209536617931 0.00152288795856715 0.601366233628103 0.430152319945963
-0.0178536188226395 0.0111287151036813 -0.0104572136761385 0.546616112298023
-0.0185675609634317 -0.00262724723208118 0.0315493938039845 0.0750963526295353
-0.0183446054326098 -0.00212335147516053 0.14200062413319 -0.460244472789952
-0.00870377116518902 0.0211674879659827 -0.55521955135913 -0.595355965603042
0.0095473425754705 0.00408373749924107 -0.822803026258963 0.254862059272942
0.0251538990143065 -0.00417331417924287 -0.0113474437437051 0.669328712077851
0.00813195848220017 0.00795134236524182 0.424032379403818 0.229214231647822
-0.00701755538090729 0.00120350086059761 0.293859830565133 -0.139818063287128
-0.000403151776796784 -0.00789728731874269 0.00614915256850279 -0.231983191058347
-0.0144901646572236 0.00790687028522081 -0.0172866958274183 0.160432237121121
-0.00843956904183254 0.0129001535229989 -0.21278521928673 0.0818499856000115
-0.00950811711416976 0.00697615062446218 -0.357107256208836 -0.182771025261487
0.000412129135787065 -0.0155804575488363 -0.0398280575257656 -0.557917102402781
-0.00406464007680538 -0.0072650014216077 0.631989413352917 -0.310766830263106
-0.0076785685910411 0.00128720914623491 0.592238312731684 0.445158129388613
-0.0151073378728159 0.00907854249144535 -0.0200937810921161 0.550488267354859
-0.0148032855466588 -0.00612230754524153 0.0296752300193855 0.0747841796884621
-0.0158547698279691 -0.00381285257658471 0.133491998588346 -0.460262059978624
-0.00745481479084418 0.0207429108967075 -0.56977375142218 -0.580843485343707
0.00883777702896215 0.00587244245186735 -0.817734988504137 0.27316060493302
0.0242623336362151 -0.00167373820105857 0.00526598430327127 0.66827442958154
0.00802488468361919 0.00882433327375744 0.428031921876887 0.223385162723146
-0.00643074567968894 0.00305796697862113 0.291874280939621 -0.142296871435921
-0.00194071219850213 -0.00569134835719918 0.00362153652675077 -0.231909383905575
-0.0162258592199258 0.0106276025518124 -0.0197546204200617 0.160595181575513
-0.00591719136738163 0.0126606181370325 -0.215334754869278 0.0801193837658209
-0.00995832020845285 0.0058421235481638 -0.352026147410426 -0.186401807687234
-0.000136892190428563 -0.0130268551888494 -0.0214973633988432 -0.559362325065331
-0.0023537617601158 -0.00541228346452115 0.643749623770156 -0.29911979221904
-0.00520020152670771 0.000912461884290101 0.58072989685926 0.460875002431876
-0.012515065329526 0.00470188583669958 -0.0306931557798561 0.548219875515898
-0.0116165579665993 -0.00713606403256595 0.0301767631315253 0.0718247433979491
-0.0131575963040731 -0.00566492710171955 0.125608769420696 -0.4613214178087
-0.00424658893574167 0.0213772648005758 -0.580443646912747 -0.565363613124915
0.0107087560300009 0.00765484080564041 -0.807711651791461 0.288059815353511
0.0233214120413335 0.000225762503912343 0.0220254218895223 0.664710218401213
0.00821724818233915 0.00762716552398309 0.435552614635193 0.216753615399213
-0.00360287980066407 0.00353009997195806 0.288746657208067 -0.142856966186157
-0.00307139765826206 -0.0021218684987788 0.00161383439271664 -0.23027423314963
-0.0158210851186608 0.0129582753334562 -0.0226200265633214 0.161381750496314
-0.00176353528451444 0.011514131150264 -0.217298766640416 0.0785509319800587
-0.0095400082673293 0.00533707457862615 -0.348978297957141 -0.190671651634109
-0.00174457863475425 -0.0100496718443278 -0.00801461038976324 -0.561177897709502
-0.00120749196606833 -0.00199662436898876 0.652339318356935 -0.284343452250281
-0.00173793595260068 2.67654446989823E-05 0.573646472013507 0.472394654330504
-0.00878478949020587 0.00456133376748158 -0.0384603685876494 0.549175341168029
-0.00805631823319588 -0.00903797302732303 0.0312884648475654 0.0690237730056704
-0.00887316193051618 -0.00637270872286129 0.117863066079949 -0.463397894252589
-0.000808087266901878 0.0210256881662125 -0.590530716144545 -0.555102430067673
0.0126655172302659 0.0110115262184898 -0.799550978123133 0.304093408346071
0.0214420058836704 0.0025610391192845 0.0379514108055318 0.664702850780557
0.00909868739523847 0.00668919496704663 0.438308901572146 0.212220213158168
-5.87270020050573E-06 0.00237469437143274 0.285323769013924 -0.14271796150916
-0.003965346391586 0.00200877130450655 -0.001689051639322 -0.229031105767211
-0.000323663063309577 0.00310292579345362 -0.0234614138210823 0.167629902334378
-0.00147516895972078 0.00690253839794741 -0.208192899087185 0.0854955576388189
-0.00789673272635581 -0.000780827541277185 -0.369553134405691 -0.170943093421538
-0.00814844246988674 -0.0164645414456873 -0.0729839708040641 -0.54001340939219
-0.00502378623172836 -0.00706637783861637 0.615466412019829 -0.323121952815561
-0.000672533066593175 0.00432176183961732 0.615411195769515 0.411748429077013
-0.0151050513553694 0.019645539050289 0.00926388322986455 0.530298416390548
-0.0231734676114703 0.0063921529968567 0.0414807405209217 0.0645974460706023
-0.0149183574398848 0.00671832445838174 0.158595557657765 -0.461060577118788
-2.09842889543786E-05 0.0240201261264928 -0.527017026622057 -0.598535875904833
0.00863576403825607 0.00716567526882218 -0.818220144349193 0.248254171265602
0.0167081857526917 -0.00266013996811841 -0.0329526141146763 0.669570832369843
0.0109316652223668 -0.00140907376036979 0.406369604875694 0.230608267549381
0.00301254741645625 -0.0034050790335875 0.289503112609624 -0.134539148307155
0.0115492749202817 -0.0126355265940783 0.00432480593742846 -0.221486070716868
-0.00204427937089084 0.00178800599975216 -0.0196170084449031 0.166175670437797
-0.00518502328886964 0.00880553675147644 -0.207075373974777 0.0859420274243786
-0.0088218429324806 0.000900348583327533 -0.370484671057381 -0.168143077799471
-0.00637630605752885 -0.0186863932842967 -0.0788745817102002 -0.541595442459688
-0.0063446864524552 -0.00937518175744617 0.608330501753722 -0.332280793038802
-0.00245808626967413 0.00387512793620302 0.617590595848888 0.404072120278815
-0.0181496716401364 0.0207005423426374 0.0109154164796078 0.533618667654342
-0.0258311113736194 0.00770535006839222 0.038733962499592 0.0694198923347625
-0.0174846366015404 0.00744310186565761 0.160668217021969 -0.457813579201702
-0.00254896658661419 0.0234628846158654 -0.520817282572525 -0.608485522056436
0.00981192690968963 0.00384707827230919 -0.821849122741732 0.236818991549446
0.0194897166647503 -0.00471016480959529 -0.0415145299545757 0.668293527076891
0.0107328336765268 0.000592897111152252 0.405765619437887 0.234175277230755
-0.00045018794808928 -0.00262121712722598 0.292231954687409 -0.134221951844488
0.00929832662044033 -0.0137772358045006 0.00609810241237577 -0.224864148596479
-0.00523775454595123 0.0023204880648201 -0.0161845716659572 0.164031323277456
-0.00807006810425165 0.0102007251487589 -0.207547968061254 0.0852628003079074
-0.00868133085501472 0.00291734289950373 -0.36817313438811 -0.167366949074137
-0.00369125685969984 -0.0186608560196098 -0.0785257417204819 -0.542155379948803
-0.00681827056126989 -0.00975007491642226 0.605924375116592 -0.337914642989374
-0.00612871568502623 0.00375092844170325 0.614366671310016 0.404077149189805
-0.0184402282125937 0.0184730045454303 0.00841861230546468 0.535511938796277
-0.0236398298728283 0.00559601469956242 0.0349925046625096 0.0722004990778998
-0.0188850718896353 0.00368492179534651 0.158555911719784 -0.452917085951553
-0.00588179399670805 0.0225499019345636 -0.521863061347847 -0.607990315591699
0.00993328019430869 0.0030215709148047 -0.823770465703465 0.229344146745503
0.022325578077033 -0.00581032959188514 -0.0417906918706391 0.666710891133483
0.0102759021165491 0.00297639777962399 0.40609532321544 0.235157340595861
-0.00461950878506638 -0.00136181435469237 0.294001156784119 -0.133652410101487
0.00602924052743909 -0.0138520896090561 0.0080721041193738 -0.22702198810095
-0.00858424143251416 0.00337808488551472 -0.0166715494858922 0.161874029757695
-0.00923842395996108 0.0120252386735152 -0.208116918122553 0.0835428322613326
-0.00920918238034278 0.00537917029855122 -0.364453688170975 -0.171749370327054
-0.00157527668916785 -0.018967793172131 -0.0696418184556771 -0.544673548110009
-0.00590781341055253 -0.00961109002511753 0.609928089722139 -0.331690849357239
-0.0091868440703374 0.00232029399585723 0.605885161781927 0.413099373635029
-0.0188965176802728 0.0146491762919027 6.79457928772599E-05 0.538401855498003
-0.0223262080138854 0.000864812311665767 0.0317051492379058 0.0742965382731185
-0.0196050499770833 0.0003897763494625 0.150612784249095 -0.452358986267264
-0.00828546080376868 0.020209843596212 -0.533332726838828 -0.599300251160865
0.00897043199954798 0.00252778752728781 -0.820803378385126 0.237035456601405
0.0233078325662501 -0.00513116735992087 -0.0288642089118055 0.664104868674584
0.00900914385217553 0.00511863372869796 0.412876673900974 0.231903373807849
-0.00582221663863122 0.000391676941267766 0.292751376622985 -0.137076699386929
0.00194979552825146 -0.0114257144737415 0.0079459372556962 -0.228928688536315
-0.0117077946012097 0.00525778858058741 -0.0163765610025932 0.15989776638598
-0.00964391976169697 0.0130488745554286 -0.209687803882122 0.0819158167367809
-0.00933586441785951 0.00598651168384314 -0.35878923366674 -0.175656579548264
-7.64697207776919E-05 -0.0179586251949826 -0.0546617906789747 -0.548203176500223
-0.00547559647945878 -0.00904424781906683 0.617995232412143 -0.320463202515051
-0.00905241720779721 0.00146490227725013 0.594842001380142 0.425944302056363
-0.0172151059227826 0.0105280987444511 -0.0108650718400651 0.540653961087102
-0.0182544312423014 -0.00223667858536446 0.0304468506209692 0.0734181865714777
-0.0178681441100348 -0.000905041034419369 0.141698121661863 -0.454204233763481
-0.00866963248834987 0.0209627197343493 -0.545341197282284 -0.58781636301234
0.00824195283092941 0.00326709203504319 -0.814990770916359 0.251934670489652
0.0241451031160978 -0.00422122791871675 -0.0132202530966561 0.662043464749392
0.00809652940001862 0.00854882795402034 0.417277354914043 0.225879030709939
-0.00723816172616911 0.00173687249955301 0.290295685001006 -0.138693295510213
2.74355988954689E-05 -0.00809019404788396 0.00668127502337775 -0.229137525531685
-0.0139237345042071 0.00811688475951118 -0.0180114688378156 0.160397444745881
-0.00829461632296534 0.0125916346090156 -0.211861557122895 0.0802718635614305
-0.0092032492573674 0.00675822035494235 -0.352533799137817 -0.181400513866724
-0.0008273204256447 -0.0153956510084323 -0.0389806709579452 -0.550626127355078
-0.004111019455736 -0.00726608009237915 0.625674741722079 -0.309124549744725
-0.00756054146014914 5.91611867138599E-05 0.58611957899763 0.440679419871361
-0.0157726745599709 0.00844807513438024 -0.0222228379222504 0.542891626509093
-0.0152577424933672 -0.00557094949874675 0.0295017974226859 0.0731750448457227
-0.0156943307949057 -0.00338277669589531 0.132339214515387 -0.454228942840069
-0.00704849734143478 0.020168292096954 -0.560821818386738 -0.576062279021026
0.00984886265981916 0.00642601864087039 -0.808703901664771 0.268835479443068
0.0241253007695863 -0.00190087312666413 0.00433756910408117 0.659698096560091
0.0083519984509723 0.00793829343270277 0.423681323205191 0.220352654861505
-0.00611023783726976 0.00265216823408498 0.288070691073429 -0.139981652163777
-0.00231113504325994 -0.00426849347332272 0.00410665897445714 -0.22964594208747
-0.015445184884162 0.011042627516083 -0.0207359555818535 0.160623444549684
-0.00565506399231753 0.0119734241914036 -0.214317385299555 0.079144615223763
-0.009184697105574 0.00710455845990893 -0.349277024742077 -0.184332657531928
-0.00101202359892827 -0.0131885352658269 -0.022607012543573 -0.554574266276859
-0.00298552705834089 -0.00471132812297843 0.635853971674212 -0.295376008834691
-0.00504716702721532 0.000117594402913765 0.574287595594836 0.45385063176117
-0.0117635402127898 0.00628238626933126 -0.0310909170200883 0.541448853490321
-0.0114440427802115 -0.00814668684149046 0.0295493542507075 0.0717886781452374
-0.0126821407714428 -0.00602816577760749 0.124168725840243 -0.456557848159731
-0.00405102572054411 0.0206176489605899 -0.573421823714032 -0.562072649979236
0.0106702790433985 0.0080024060847102 -0.798208196879658 0.284943500694415
0.0219225523585079 0.00129501924361373 0.0218327363631995 0.657236136943948
0.00804425175689164 0.00755226442017602 0.429252610988534 0.214654510784464
-0.00393111252362764 0.00265618156076413 0.285854898569713 -0.14165034161183
-0.00373889276885192 -0.00160275256179075 0.00087707534664085 -0.227647554015722
-0.0150484598847995 0.0133708728334509 -0.0226460220968325 0.161130594141057
-0.00242044457586786 0.0122946499251025 -0.215614652210381 0.0783363833431567
-0.00958333535001891 0.00483187569506983 -0.344297258844015 -0.187879000504211
-0.00171333418193759 -0.0094854391122533 -0.0103296886435837 -0.554844115285232
-0.00163652133113826 -0.00177797349821091 0.645041001937529 -0.282827626142237
-0.00154099633900651 2.72421516500417E-05 0.56756366974638 0.467366186609553
-0.00884755536034699 0.0051124770719887 -0.0380069797393272 0.540260455574105
-0.00895768606107916 -0.00967589358305352 0.0302393002390923 0.0691779193069951
-0.00914742692627814 -0.00667071045477805 0.118031224929497 -0.458909367832791
0.00018383196226272 0.0204473076196785 -0.583771508852771 -0.54968285549202
0.0124768419960366 0.0103368920317787 -0.790713959592927 0.301233552958213
0.0217511435646885 0.00395967696361285 0.0371251418632751 0.658194976617564
0.00956348679702138 0.00631728911134793 0.433265369981944 0.211100210259387
-0.000118690321807618 0.00203068195637382 0.282119471122786 -0.142754392696261
-0.0039314084072061 0.00104652254484761 -0.00140026487293546 -0.225798858237914
-5.83909896220937E-05 0.00343230395810418 -0.0248640911187244 0.167209534237175
-0.00187543769709651 0.00702573828019692 -0.206976917405335 0.0860767562667196
-0.00765520577611591 -0.00117805921224922 -0.366860391464734 -0.171020987329105
-0.00762059683396093 -0.0169117278789145 -0.0727687384738406 -0.535958337166117
-0.00536514276581889 -0.00636401984604758 0.611626581346383 -0.319886328557274
0.000425816360819314 0.00459980086918339 0.608298120555598 0.407777119111233
-0.0151303466957374 0.019290424041517 0.00787397998636994 0.523628137123311
-0.0231339961552154 0.00608430918100818 0.0408426082569529 0.0649211496515723
-0.0162732629182729 0.00692771836514636 0.160144729526592 -0.45755002504927
0.000304547515855172 0.0230751903629158 -0.518676554248664 -0.59614290930215
0.00911714450618836 0.00696649258531199 -0.809854616288935 0.246420871830834
0.0168739116756373 -0.00174308443959459 -0.036006167712406 0.663832168142239
0.0110591253160764 -0.00167680639237916 0.402019257600069 0.229191926709772
0.00283873113658614 -0.00419337385786345 0.28862037089869 -0.132957173909013
0.0112076845568868 -0.0123626348588799 0.00508930674096701 -0.220920090412734
-0.00225511276896324 0.00296579559589508 -0.0211120804846575 0.164627435787302
-0.00489748043367247 0.0088237175813062 -0.206715620484818 0.0857044113446264
-0.00830351000002867 0.000788098823156866 -0.367128275430959 -0.167537108458355
-0.00603320309811003 -0.0186713357377266 -0.0760603042972369 -0.536317781382425
-0.00547821343351249 -0.00917487299714733 0.60451245445217 -0.328220090467779
-0.00367666242242099 0.00400369989658427 0.610082814062662 0.401359368906701
-0.0178282107775802 0.0205369935582006 0.00873903088161709 0.527019302190868
-0.0258691872649403 0.00732673753226935 0.0370646242258022 0.0690408965024101
-0.0180340307900521 0.00757575104023523 0.160562467146344 -0.452472115973044
-0.00207111680013434 0.0229624286086418 -0.512467711143137 -0.602219817172768
0.00936538359601062 0.00356149087112595 -0.815932148239094 0.231158608685902
0.0200075765565145 -0.00523830493766076 -0.0437042303237251 0.662349494060991
0.00996303450183438 0.000518338273447084 0.401142220288967 0.232823633863057
-0.000821197757664361 -0.0035114509112015 0.289502459772297 -0.133664978387746
0.00891011347856994 -0.01404344532075 0.0069182944588928 -0.223140814599972
-0.0045979577756389 0.00202208152857926 -0.0185463677123882 0.163216657055092
-0.00754286582400394 0.0108323868834433 -0.205973881992149 0.0842716594106722
-0.00820340692971719 0.00344230474087448 -0.366173701662887 -0.167223065116668
-0.0038492318056803 -0.0188325363129865 -0.0772744086269636 -0.538229017728885
-0.00633537529604224 -0.00988250323937344 0.600751900067398 -0.332403282132512
-0.00701464272112936 0.00326072348741491 0.607475687060804 0.401269567891483
-0.0189548095007216 0.0181899200209662 0.0063651033861907 0.528627194808505
-0.0245789410065678 0.00447419695060725 0.0336818316906172 0.0724607408026578
-0.019541114686143 0.0036936406217832 0.158882703581455 -0.447286994088568
-0.00630140572160302 0.0215882717958306 -0.515003960773728 -0.60201567830606
0.00986412332688553 0.00290668221880749 -0.817015909867985 0.225018124174055
0.0225807218466531 -0.00505186550257484 -0.0441975172659714 0.658588404413802
0.00977415137418842 0.00222347508949864 0.403022619716495 0.234437886413468
-0.00382187492819972 -0.000743591214764341 0.290857296309626 -0.132203221219745
0.00661466622749964 -0.0133104936321616 0.0095736308829316 -0.225193486018325
-0.00915587438965229 0.00352791763870379 -0.0168149269007329 0.162045799694153
-0.00838299316423158 0.0122954239888146 -0.207456794004901 0.0821438032896221
-0.00950630566784549 0.00456148753548095 -0.361097831947477 -0.170353803690057
-0.00256286145685253 -0.0191874302466227 -0.0694323031314209 -0.540282683139041
-0.00675084148650472 -0.00953001257274054 0.604042350083293 -0.327564384091086
-0.00939965690730224 0.00193945735821703 0.599389163556594 0.411475469394607
-0.0196496889579412 0.0143761010803666 -0.00303737795296151 0.53300191973069
-0.0220307304366291 0.000837385940913153 0.0312029817346804 0.0733838475517917
-0.0189596071761158 0.000170961298122984 0.152518011732404 -0.44703197459913
-0.0086334366260003 0.0202558699334399 -0.524556880107576 -0.597576949641895
0.00886824788871323 0.00273833974558941 -0.813598642380625 0.232906839851446
0.0243423860838615 -0.00512744782040438 -0.0338584415254062 0.657955738808187
0.00935158120121169 0.00566170856004949 0.408161176219495 0.22984645601179
-0.00663827349177456 0.000283227824926511 0.290286744708965 -0.134130952112894
0.00254391406135138 -0.0101099024772708 0.00941727882861026 -0.227070986943458
-0.0109360923615893 0.00656412140099026 -0.0179631381157859 0.159789872863033
-0.00946601868625982 0.0132390051565411 -0.209391227594717 0.0810114077666608
-0.00990792215028887 0.00526119592165833 -0.357119976581752 -0.174339549650331
4.34427515708848E-05 -0.0178302913183741 -0.0544952997858505 -0.544814123941045
-0.00576992665168969 -0.00915919012268821 0.612394368699063 -0.317463541356605
-0.00852159959703539 0.00146794326424993 0.587515738285952 0.422763247989812
-0.0187509847353232 0.0115470553333051 -0.0138836815893523 0.534452746409423
-0.0181458265760239 -0.00227556738498531 0.0294821894186012 0.0734786143927776
-0.0177104050686444 -0.00151464217592239 0.142456176393414 -0.447708782472794
-0.00905545072316393 0.020105101382632 -0.538074429367442 -0.584804462789186
0.00908969374403954 0.00364292458785732 -0.806736090982166 0.2483488016836
0.0240328466722026 -0.00413022842102814 -0.0144436869034992 0.656008058093411
0.00895753325083421 0.00660657156789307 0.413604748679135 0.225158090187968
-0.00740460418075943 0.0010277652464496 0.287495245222273 -0.137260445203968
-0.000380640266670446 -0.00764062011877242 0.00836171609358454 -0.228914282723574
-0.0140833057877168 0.00878929572728226 -0.0199170787904322 0.159534616689912
-0.00821340009622643 0.013480308588967 -0.211433412115532 0.0795841196698361
-0.00928097210266657 0.00660890510585304 -0.350095575772869 -0.179005524668571
0.000480291641786568 -0.0154852842715924 -0.0383798552111993 -0.546590590361142
-0.0039836576945556 -0.00764295140452142 0.619163942006413 -0.303374344879626
-0.00637093030008924 0.00100690913434376 0.577464976512996 0.436764286063757
-0.0151127147927891 0.00939558351050659 -0.0223376904203303 0.535964957161583
-0.0150039130740309 -0.00586330946292573 0.0275605375238043 0.0736394802719315
-0.0150813464707122 -0.00360289790100856 0.133603971639587 -0.449113366561866
-0.00705040153348489 0.019534284291173 -0.552488009581216 -0.570735139398336
0.0100209371906782 0.00524663605854081 -0.800386525959799 0.264283217871458
0.0240209210150669 -0.00129171880795641 0.00288799872559488 0.653205523478125
0.00841428917100674 0.00757361715834741 0.417325571876272 0.218708728123831
-0.00568678168715281 0.00211281907793724 0.286567997197747 -0.139172175504681
-0.00264273521707155 -0.00562499236589313 0.00612949741664389 -0.22832535207891
-0.0156573148586832 0.0110547691213639 -0.0214011698708488 0.158962673638222
-0.0059513420983704 0.0124664889445488 -0.212942544836287 0.0787635739933667
-0.00879695726935049 0.00555325246655305 -0.34485269692799 -0.183284266907605
0.000455014328940098 -0.0124644991100138 -0.0215859545193368 -0.548418208167867
-0.00275270369124866 -0.00455320468158619 0.63014231411976 -0.291362722060308
-0.00513956826987365 0.000353618159146826 0.568267085229568 0.448849906007026
-0.0123747272503248 0.00551097891601456 -0.03345277742595 0.535132221687326
-0.0125201594076772 -0.00820142106478836 0.0279551686717738 0.0715687216715626
-0.0121656663919521 -0.00589125827963178 0.125860855487839 -0.449957457912635
-0.0044968317232654 0.0201525584897619 -0.564038342629416 -0.557087245936843
0.0107264601721835 0.00847342811539417 -0.792026289820836 0.280423982480457
0.02408113882204 0.000512325059869699 0.0193158764970937 0.651506439494764
0.00855417687033173 0.00740310837111459 0.424615540437505 0.21275411461924
-0.00304874559507083 0.00330961630111685 0.282655678302015 -0.140362711673249
-0.00343529947831936 -0.00076488543261431 0.00411986059423687 -0.227495243993005
-0.016191618115523 0.0141827875316074 -0.0248294309300611 0.159528359446317
-0.00256616521641569 0.0122143350605793 -0.214654397867902 0.0776591514284262
-0.00849507247915985 0.00459319129821071 -0.342146605805294 -0.186699334094405
-0.00145690263549498 -0.0101612516885581 -0.0082056856575532 -0.550367594880603
-0.00181986795310473 -0.00106536156464078 0.637658611060084 -0.277161667935614
-0.00156945155809029 0.000802380354981678 0.559753885906234 0.463201414463225
-0.00887583410200267 0.0045926258889252 -0.0389633924009115 0.535093774856057
-0.00923694454394213 -0.00985438894132583 0.0294893637431263 0.0688444740810743
-0.0076225903004706 -0.00701914702955288 0.12101914846454 -0.451729249889211
-1.8391782662555E-06 0.0205968868413616 -0.57425170796996 -0.546097138465226
0.0125665201947704 0.0114513160449008 -0.78432656805816 0.297810356846347
0.0219774846980961 0.00487046203343373 0.0342694359044275 0.650825862820231
0.00870772029585874 0.00722087281076796 0.42783108216224 0.209965854622281
0.000618201304991578 0.00195944671949092 0.281539203612391 -0.140990081435657
-0.0045968556171063 0.00114349454377784 0.000800046449689232 -0.224308183012233
0.000365231302910933 0.00500493144311123 -0.0263707027986659 0.166227000017245
-0.00152929097807016 0.00736132252173818 -0.206428238205513 0.0853080807293641
-0.00800035368335024 -0.00111185710442209 -0.362238707409244 -0.17020174525089
-0.0076183740946404 -0.0165427488133515 -0.0695163072234362 -0.531490712665917
-0.00422814122564799 -0.00647786862737539 0.607207010813362 -0.313564539719835
0.000160983562373439 0.00375583201029383 0.601777109980205 0.407849626400136
-0.0159966577431603 0.0194637790527278 0.0045622551358078 0.518858926772971
-0.023713610260447 0.00621148224216952 0.0407075422564101 0.0631386752306104
-0.0149617138588129 0.00606810631839955 0.160671993384408 -0.451820553900394
0.00103311605443207 0.0229659924252326 -0.509112293710869 -0.594777071906906
0.00916034206887789 0.00742381481799242 -0.803865926748804 0.238700899412874
0.0163261870187784 -0.00267309572181066 -0.0379045539913059 0.659034291318023
0.0103941634581745 -0.00116879427251179 0.398685662806017 0.229921839313756
0.00341524121911998 -0.00357995075211134 0.286795541687571 -0.131364014672412
0.0113484786302323 -0.0124198481781316 0.00585913821174199 -0.220078644660358
-0.00203417099709317 0.0030492280714673 -0.022595401916808 0.164931453939815
-0.00511998535168777 0.00777652726095369 -0.205642298043892 0.0856435591200357
-0.00868098070343211 0.00104838846626216 -0.364087924390982 -0.167979455597154
-0.0055983320941334 -0.0182198575663305 -0.0735884463542143 -0.532471571536015
-0.0058253058702652 -0.00868268639972518 0.59874718764321 -0.32316861737166
-0.00293579344768833 0.00512695136692051 0.603841281188351 0.401128727339159
-0.0173117465276468 0.0203985556391914 0.00652909752711763 0.521911987021256
-0.0256914053812709 0.00664442541681843 0.0363865866545104 0.0679589204890174
-0.0175717470559972 0.007224531347131 0.160788106373369 -0.446870923237466
-0.00188539531806066 0.0231742284932446 -0.504651731876538 -0.60147765973169
0.00955478345179434 0.00319393125071525 -0.8087407947572 0.225016003771311
0.0195506375090138 -0.00411187300709166 -0.0450846115597896 0.657315051744667
0.0108213195686246 0.000420035805616943 0.395496990050357 0.234141824278728
-0.000469772213391452 -0.00231351364865365 0.288015574895986 -0.130671877385712
0.00960845098790248 -0.0136488121376574 0.00821617710595375 -0.221854274258788
-0.00495663768825544 0.00331560752596547 -0.0197397622481071 0.161752718356086
-0.00876914238914869 0.0107569685531282 -0.205545751513531 0.0843405657113156
-0.00858298899403261 0.0031270773787166 -0.361714431558286 -0.16620851595183
-0.00365324671383068 -0.0188612768458368 -0.0754361945327403 -0.532929007186314
-0.00655910103829411 -0.00988207834651156 0.59503449652558 -0.326679676117241
-0.00677056095974691 0.00304502399877816 0.600909014663307 0.399762573871794
-0.0187726240387721 0.0173699707009215 0.00232336800347325 0.525708402635108
-0.0251453939073886 0.00390614231429672 0.0332863488941265 0.0721662710858328
-0.0194703663832282 0.00307465976484114 0.161343387697827 -0.442391358355689
-0.00504478002070889 0.0209851367539315 -0.505627769994043 -0.602374199752164
0.00966568938148421 0.00224239898743402 -0.811803190592427 0.219291958863447
0.0220247758948907 -0.0055464802395695 -0.0454301392640425 0.656167563258946
0.0100595212876755 0.00273619048546472 0.398093016110535 0.232917042117963
-0.00442480268704678 -0.00148146904421936 0.289591759315621 -0.13051681378211
0.00647248950874691 -0.0123895410020685 0.0104663075222051 -0.225392907311864
-0.00806605474628568 0.00456988269225131 -0.0191051800991578 0.161473853148229
-0.00941240632825022 0.0115876516574287 -0.207138742142483 0.0823319079129281
-0.008884216669383 0.00533844020305082 -0.357887672869806 -0.170264432522056
-0.0021340229187467 -0.0191166151915409 -0.065450517103564 -0.53671305848923
-0.00560913075140143 -0.0100843352095737 0.60167569566422 -0.323112886078397
-0.00884716401054123 0.00136026769458385 0.593148272628558 0.410500748299017
-0.0185515665866322 0.0131013955809044 -0.00580578340276727 0.527768071824403
-0.0212672013375976 0.000588007347602391 0.0297142506779997 0.072796977917966
-0.018970692429247 -0.000657365361990976 0.153717667434326 -0.442122785256238
-0.0083126406606735 0.0197821930034318 -0.517674159153056 -0.594619112993233
0.00954385693194427 0.00260652831338268 -0.80839944051782 0.225901475099793
0.0236975093156001 -0.00531029483814484 -0.0351109488499971 0.652620397935369
0.00974321329961879 0.00454308540471918 0.404184914569669 0.230174162640165
-0.00717619634545869 5.72203154965579E-06 0.288083680831798 -0.131414036513938
0.0025466520889419 -0.0109704653263212 0.0105953968427744 -0.227014833189895
-0.0109670788213543 0.00599318234838569 -0.0195174424299666 0.159426276968716
-0.0105359014882614 0.0121455672533779 -0.208487603647271 0.0800060435246172
-0.00882969221682459 0.00516647723641859 -0.352849718224789 -0.174490549994136
-0.000598621277218836 -0.0169396823081534 -0.0516983585203343 -0.541878244659412
-0.0061264653867459 -0.00902632376915851 0.60890740445789 -0.311782367831938
-0.00855074106128215 0.000476685253697352 0.581052835180474 0.421562420679183
-0.0184247155550692 0.0108347505604589 -0.0165520390983559 0.530877256797395
-0.0179090148002644 -0.00265230252053764 0.0280685279604709 0.0734366379674689
-0.0175434640260066 -0.0028149312686809 0.143592081066088 -0.443240001293363
-0.00843517190839649 0.0198189135518044 -0.531318584457186 -0.582495522123619
0.00862823319669108 0.00315487788776576 -0.80317310709551 0.241725686035718
0.0244032103235877 -0.00355971425490741 -0.0171353634796667 0.650168543215625
0.00798568532922093 0.00757105407945639 0.40993675919567 0.225511597648491
-0.00756650093357088 0.00111895859429483 0.285852895565653 -0.135410215297968
-0.0012423871767433 -0.00806731212626068 0.00915214020492465 -0.226221366601176
-0.0132379106777779 0.00867831591436295 -0.0209226366523884 0.159185094652308
-0.00817238258144143 0.0132220465611813 -0.209847417263545 0.0791846892259041
-0.00900703409133454 0.00621233697497851 -0.347178901688237 -0.179095976559059
0.00118268654043173 -0.014849639322074 -0.0363430664170234 -0.542413630801925
-0.00363739405491794 -0.00658034787150915 0.616650785662959 -0.299349732476098
-0.00701356289676025 0.000547795163419863 0.570621135457493 0.436132416959524
-0.0161097732512243 0.00856647364210034 -0.0247579235894001 0.532569141975488
-0.0142787075686234 -0.00535377501016324 0.0271169942139162 0.0719890734773914
-0.0149974978544064 -0.0039751630132744 0.135861973506055 -0.444129326524354
-0.00748290084468571 0.0195390223012451 -0.544543456313692 -0.571813627374374
0.0104249425574828 0.00563126396041953 -0.795972574266204 0.259170007615163
0.0234049710024765 -0.0020613380055918 -0.000250253098063636 0.648729350657661
0.00799710264579562 0.00785119774282949 0.414680785523416 0.220151399726939
-0.00530107710720271 0.00169412025766089 0.282835784519095 -0.136670621466995
-0.00253054510893752 -0.00446907013148133 0.00682772905552069 -0.227144050362932
-0.0154819400645503 0.0119652871822614 -0.023649835288667 0.15886652071111
-0.00586273065393961 0.0123293380301732 -0.212301757620391 0.077113281259091
-0.00933504603375801 0.00500385925376365 -0.342352114819566 -0.183707811180658
9.22632762917E-05 -0.0122860499904951 -0.0190517566840443 -0.545710813338963
-0.00235855501616278 -0.00433376438893481 0.626706300353055 -0.287506834933425
-0.00419677684354649 0.000194200762879002 0.560134097814493 0.449146111629444
-0.0122818235915659 0.00592212182227238 -0.0347656451175203 0.532409747726392
-0.0115371646494894 -0.00818087283034372 0.0281634041744198 0.0705229028457282
-0.0126033779595194 -0.00538822476399742 0.128092153742287 -0.446297387824712
-0.00421318852163184 0.0193027627380084 -0.556616006735314 -0.555547563475905
0.0117686071612045 0.00787470950209991 -0.787015540940747 0.274690368877405
0.0235979603276487 0.000267608223430266 0.0166951566832228 0.646463858452549
0.00861228280206832 0.00843613231656297 0.421281350893173 0.213144293453168
-0.00385413108106663 0.00259169604235294 0.281272658420137 -0.137420638375488
-0.00503678981027582 -0.00153350719789931 0.00506524642095476 -0.22523553954524
-0.0148507969006126 0.0146018225647428 -0.0262984030328919 0.16039764767041
-0.00250272191918805 0.012598501487673 -0.214702696576105 0.0775388030377171
-0.00962474986250025 0.00425100154811568 -0.338626881864474 -0.187788044011612
-0.00226757111414278 -0.0104541065304945 -0.00465748461750999 -0.545085873473576
-0.0013959497394995 -0.00249480700631762 0.634310970888018 -0.274378653560087
-0.000647128366486456 -1.11338218486169E-05 0.551381657321662 0.460765158813697
-0.00985910820410596 0.00451747930610695 -0.043341188587611 0.531717582460273
-0.00847167774664559 -0.00942357941269376 0.0285637807325037 0.0671427672464808
-0.00877478125309568 -0.0071162613488351 0.120022051540729 -0.449824392452256
0.00104036960693547 0.0192766578096271 -0.566345119799748 -0.54481514198105
0.0125368665187361 0.0111561820877257 -0.777767328047118 0.291224368787631
0.0223409989334275 0.0029905162508982 0.0308176218737893 0.644336518573107
0.00808856855892995 0.00638370389826931 0.424522571696934 0.20914816534232
0.000303362791029591 0.00163854287136125 0.279471427808481 -0.138666711707374
-0.00426911845184225 0.00103714185954679 0.00171403815892656 -0.223402347633979
0.0005592941852568 0.00523818418809583 -0.0281575026491393 0.165382759982749
-0.0015484929370507 0.0077495513590312 -0.207204730295475 0.0835685306731418
-0.00654303673562624 -0.00146232072033212 -0.359709402451434 -0.170786712928016
-0.00820923294453896 -0.0161246878822912 -0.0642390815667528 -0.52872302840348
-0.00412731523007346 -0.0068538606317999 0.605660725302118 -0.308289491419741
-0.000210777896273332 0.00417956215824469 0.592331922790058 0.409362823061408
-0.0162519848807505 0.0192862599999347 0.000739365496107897 0.514849814757249
-0.0251865465858896 0.00588641523533581 0.0397388706410332 0.0650125797594148
-0.0150270369979218 0.00525132413959393 0.164657058944982 -0.447724082287863
0.000937231447493643 0.0225884855001931 -0.502121679992186 -0.595229493861405
0.00911251969784069 0.00665724103103537 -0.802087175746056 0.231775630885879
0.0162083230504748 -0.0022911332037965 -0.0427547516453577 0.654058398478982
0.0111763941005182 -0.00153908584568712 0.39395831761209 0.232755607217036
0.00286397594641567 -0.00406969451443498 0.286222602675922 -0.128187819443061
0.0115924068431241 -0.011677083418911 0.00728833421926287 -0.218631753029477
-0.00194441288024438 0.00415796431149122 -0.0243651049413026 0.164673404089352
-0.00516904299056774 0.00869033304643826 -0.206279568107483 0.0843754574819047
-0.00888479002591362 0.000781500208391205 -0.360460238588878 -0.168682981171301
-0.00563512019473864 -0.0178713432109395 -0.0711564493202775 -0.52985221833846
-0.00579898370600385 -0.00880979884765195 0.599084694388466 -0.319746858984421
-0.00279681788980192 0.00379447356922712 0.59824397689437 0.4024193581929
-0.0176242126810116 0.0197664992556701 0.00161518825214768 0.517955862367433
-0.0253608606573913 0.00683133064290865 0.036089398787868 0.0684184675504726
-0.0179902821741495 0.00712134599016947 0.164158486090121 -0.443885775523694
-0.00223114502552668 0.0220607227084426 -0.496686285623822 -0.601371865868749
0.00953281983011731 0.004211732729488 -0.808034374496568 0.217942680128161
0.0194391859007113 -0.00496292285588134 -0.0505061088493101 0.651767033109342
0.0103917572633463 0.00102510308992117 0.392040434255809 0.234725314320599
-0.000433266531566334 -0.00312182026153243 0.286985629052295 -0.128108758944671
0.00944342819392674 -0.0132837697917999 0.00951471083734496 -0.221069092066152
-0.00432422263196253 0.0033864032697827 -0.0225012056483864 0.162842632058854
-0.00826908607137438 0.0107218598373198 -0.206757297542699 0.08300176064132
-0.0089663192955349 0.00314638399982703 -0.357577454988827 -0.167941661550263
-0.00400100386077968 -0.019186887789052 -0.0710946234837588 -0.5314639395236
-0.006521974480513 -0.00942025384709704 0.595705082148333 -0.323818329400172
-0.00651145238487296 0.00339155560045912 0.59364272161703 0.401088072798943
-0.0194555774226366 0.0175766939226047 -0.00184492317152613 0.52038542645825
-0.0245528112445163 0.00355700081844261 0.0314546773911188 0.0710309286999044
-0.0193407704196545 0.00386656506318238 0.164006832647675 -0.439204023078614
-0.00555782629901343 0.020171654825056 -0.497554898419916 -0.601527749531848
0.00956654340118343 0.00360768888118935 -0.810152778310476 0.213803080182005
0.0231877004335836 -0.00651035379620471 -0.0504671268863752 0.651667741317432
0.00951308472489201 0.00198321022619483 0.394289162592389 0.234514400307503
-0.00369409201853949 -0.00244012169189773 0.287897867162686 -0.129386369044423
0.00558048468971092 -0.0126592430616582 0.0124672742906061 -0.223943738695843
-0.00688537686993787 0.00485777268351746 -0.0208452025524866 0.16057843717684
-0.00972664985124328 0.0127879308268994 -0.207188568618889 0.0810831125356089
-0.00738267612860809 0.00574577966021585 -0.355671541229284 -0.171248712147577
-0.00163057656528717 -0.0192296690765022 -0.0629130576206591 -0.534532144930019
-0.00662909534488203 -0.00973000482604327 0.598214015321209 -0.318096149470015
-0.00873375122346269 0.00172572953559113 0.585335692595205 0.411787733111104
-0.0195129079578803 0.0141873553683878 -0.0101249675852797 0.525145603995276
-0.0227631229101036 0.00083678615013499 0.0303947701697517 0.0737221053573659
-0.0182833815307436 0.000214257382788042 0.155916433598185 -0.43821891514593
-0.00809423750045898 0.0195363282749205 -0.50636796431178 -0.59573463944341
0.00896292303459767 0.00191202634139521 -0.806146828375502 0.221791418839471
0.0241696352348605 -0.00551467580082813 -0.0405296381572837 0.648789956999353
0.00900285762095367 0.00503021815592953 0.398965716274935 0.231716616431237
-0.00622271895845736 -0.000635074395646426 0.28843876454033 -0.130067412408414
0.00263793114160377 -0.0108103577883078 0.0123424514824561 -0.225316911067875
-0.010740104059474 0.00669271770877523 -0.0212590626377356 0.159244422259771
-0.00937856692184467 0.0125098319868742 -0.209202139444689 0.0789744869675718
-0.00932900862462302 0.00567581855972349 -0.349035608176638 -0.176017980126704
0.000326834775261682 -0.0175321022599325 -0.048919160011211 -0.538070404134968
-0.00556999319480714 -0.00817494927245578 0.608027516214292 -0.306096443543145
-0.00882491823837231 0.000685019352240987 0.575957368697142 0.422963751111928
-0.0184723821421767 0.0106953603341677 -0.020347483700727 0.526737724255654
-0.0187056060697516 -0.00217282735622149 0.0282256327168018 0.072777682766236
-0.0181909587271317 -0.00259561256523507 0.147348708605487 -0.439251752866198
-0.00791039594955322 0.0191705981374593 -0.522123814134709 -0.584042740454792
0.00973006599862976 0.00245882802495253 -0.801028492129291 0.234883034540502
0.0245843016221212 -0.00363367244411293 -0.0223663464020145 0.646136425361279
0.00835000261634076 0.00729896013059364 0.406593988530218 0.22611271644836
-0.00632648862031776 0.000824756848923516 0.285245298886768 -0.133240280953918
-0.000920834780155686 -0.00831658517926026 0.0110025281441988 -0.226709952646881
-0.0134402780294043 0.00904856822093832 -0.0218721502921998 0.158394977635917
-0.00851488185565821 0.0134717643748476 -0.210976798213334 0.0775406195502179
-0.00928067823387127 0.00597852895772144 -0.344799437313117 -0.181357522176247
0.000919471248909056 -0.014815213172512 -0.0334310900454431 -0.540681655706283
-0.00393229162845275 -0.00709475516096695 0.614177289448575 -0.294269687378868
-0.00661942550240895 -0.000351932377613204 0.565084285488801 0.436368543100773
-0.0154762702512747 0.0077718795817585 -0.0300721333171954 0.527679469544361
-0.0151185038369911 -0.00546360812217827 0.0255975814472963 0.071988556256548
-0.0154161796809137 -0.00366447153533532 0.138675252329129 -0.442386299421363
-0.0072268913466353 0.0187143038570173 -0.534114230201454 -0.569738922290844
0.00998313003342758 0.00583312500741923 -0.793345349942703 0.251800716344972
0.0243761855704067 -0.00178833838130086 -0.00454852200018505 0.644856760886848
0.00811685727269092 0.00737329175688975 0.4114057861724 0.221283353472584
-0.00625679526565404 0.00148326100521875 0.283340025251667 -0.134159944112077
-0.00349800892268226 -0.00548561054706568 0.00916321845966021 -0.226573766188279
-0.0149268438838013 0.0115218843685784 -0.0247251989855567 0.159747644841121
-0.00577085050098888 0.0138488333165608 -0.212850901060679 0.0773555808111447
-0.00917838623083546 0.00566680923607851 -0.34040001352251 -0.183880640923669
0.00106835157345354 -0.0122987911471811 -0.0164662031270987 -0.541357445410312
-0.00250945863601671 -0.00415178986334219 0.624456249362813 -0.281791132174522
-0.00330593741914801 2.04958962441073E-05 0.554526780111621 0.449633733936673
-0.0129505408080463 0.00593082047167824 -0.0399953533827254 0.528681742703669
-0.0107487208416106 -0.00701498253909083 0.0271327331881268 0.0708241565915784
-0.0119903656314919 -0.0061935670347814 0.130603610211558 -0.444366837586101
-0.00294411064177148 0.0189904892623152 -0.548567441186089 -0.55715881711666
0.0105636076654112 0.00849353461174285 -0.783237718724594 0.266068956642276
0.0229729781770734 0.00144448551294302 0.0101213321285534 0.642316678158839
0.00844665256368028 0.00735674464473163 0.416775877850431 0.214065362528571
-0.00336556288789179 0.00308964445237825 0.280664678896437 -0.136014461009285
-0.00380631558618437 -0.00200195970635272 0.00738578195876587 -0.225090042158335
-0.0148039239926417 0.0137596431990527 -0.0284790205808101 0.160894651577939
-0.00317084270741618 0.0124045076517504 -0.216271259536408 0.0763475826828177
-0.00831432756828611 0.00429537944485257 -0.33744222880129 -0.188119488046129
-0.00119117609243495 -0.00901830253114418 -0.00316227518499614 -0.542616112987732
-0.00114581922735859 -0.000868543255649152 0.633120709438954 -0.268068864538165
-0.00137210599615 5.11998952458757E-05 0.545590730004077 0.462397157808122
-0.00986892329412096 0.00446326202553505 -0.0471844995763607 0.525305729001071
-0.00914577879291612 -0.00969472862938588 0.0278573306174812 0.0683856010183724
-0.00838434910710635 -0.00839382136639797 0.125014114743574 -0.444996718281878
0.00071021406275685 0.0190942915342888 -0.55863561729681 -0.546766018274234
0.0122919016936332 0.0108329291970734 -0.7782237738599 0.283614583454712
0.0219461813435041 0.00385639861171081 0.024630631561056 0.642255278636331
0.00836125603650241 0.00630067993337654 0.420285615860639 0.211287505382025
0.000786980825058434 0.0021419835759711 0.278624115124477 -0.136160750627603
-0.00510099951455841 0.00122749917707484 0.00404889998302313 -0.223702826729408
0.00131201497552945 0.00511675000145515 -0.0304092396921045 0.166818874491838
-0.00162126223173259 0.00792015880328484 -0.207566847863431 0.0827295025167617
-0.00707529923842252 -0.00149571510941133 -0.358330143552389 -0.171875656892071
-0.00719016021546465 -0.0166111808211804 -0.0629391786316341 -0.527389066570971
-0.00464794648819669 -0.00635557270722399 0.605158681419968 -0.304298796845942
-0.000150312976501546 0.00363635132423065 0.589409581197792 0.412714206555915
-0.0164323696395547 0.0189130841072489 -0.00484437905664655 0.512893520433995
-0.0242463313736438 0.00530000668547788 0.0380911674705871 0.0644017941820755
-0.0156298015687357 0.00557227481157702 0.16805811511162 -0.443551104220477
-0.000209127368352579 0.022771363834262 -0.494665818026841 -0.594653556115473
0.00894189552847536 0.00647376907734495 -0.80021436523689 0.227035087573694
0.0174404704246518 -0.00323681853798261 -0.0466849395819536 0.652213004619814
0.010878498425892 -0.0019237581900454 0.390716188732213 0.233393153229066
0.003764404159751 -0.00429745626294593 0.28557771812408 -0.126822787637531
0.0107584376419006 -0.0117691793025605 0.00952790553050534 -0.217307128653962
-0.000518029206858388 0.00366550065946729 -0.0260260445781782 0.166387166198381
-0.00481616226522602 0.00955817046261151 -0.207356414096569 0.0832082771719854
-0.00744459566331164 0.000414648023719996 -0.358377880006323 -0.170315850571742
-0.00595262951202234 -0.0185753442234294 -0.0681051420620343 -0.527179595572332
-0.0055041270858508 -0.00929712597211095 0.601246622440511 -0.31191390390262
-0.00276030487853758 0.00432268330763961 0.592076526212735 0.405475224652605
-0.0178833547993771 0.0206522748445885 -0.00396295288691027 0.515502098208264
-0.0254239448562977 0.00677081856262066 0.0344720034614598 0.068621931560039
-0.0182022897961064 0.00629982679793373 0.168032340690808 -0.440205737814715
-0.00205850644948147 0.0215796059868878 -0.49054034608483 -0.603264290373953
0.0097506345461277 0.00457236259676496 -0.805727281459708 0.210976846112113
0.0199828838789441 -0.00495942441019899 -0.0559952821244427 0.649884808708983
0.0104263261820861 5.63966450735634E-05 0.389357089433556 0.23556287150562
-0.000895867040444431 -0.00334916729707209 0.287338065759033 -0.12684141790479
0.00867508349115011 -0.0128662894210722 0.0129599825368482 -0.222050994050474
-0.00438610158657629 0.00327799186958675 -0.0234297874605142 0.163339955698234
-0.00787945519947925 0.0108888162342582 -0.207783893688885 0.0823792348175111
-0.00887282693313221 0.00198313342284732 -0.357182578207281 -0.169483931506419
-0.0042629276542443 -0.0189285142483552 -0.0687225166817558 -0.52938283728336
-0.00594079858878834 -0.00912086635631156 0.596442156510543 -0.31748673197322
-0.00590120779681297 0.00296936799964411 0.588490392596608 0.402699077185794
-0.0188595556469035 0.0174571393541561 -0.00636084216719906 0.519280173832496
-0.0242500055564367 0.00435737866034338 0.0307823796141805 0.0713571484479959
-0.0182443763953248 0.00359031237472295 0.168095397374729 -0.436874728964535
-0.00478602430707302 0.0201046918101769 -0.491374577352103 -0.604288631190127
0.0096401006988416 0.00225689928982492 -0.807965696651801 0.204173733140851
0.0227530357811832 -0.00553746618031729 -0.0577856123409311 0.648038135553383
0.00993176946994862 0.00220766569067086 0.390618862166871 0.237362493065909
-0.00400854412187927 -0.0015949717163792 0.28908570647794 -0.126189583794067
0.00581592867430072 -0.0134088445979813 0.0151256103884697 -0.224700178013817
-0.00795046661343569 0.00567216608201873 -0.0231988676855625 0.161008281559753
-0.00947889360980533 0.0127919640938214 -0.20797842536292 0.0810100067270031
-0.00804033735510978 0.0045242298518915 -0.353577853703043 -0.172799566978106
-0.00210987249843188 -0.0187216673292315 -0.0580522230100771 -0.532230538734905
-0.0063819553768114 -0.00931930128510636 0.600062722342786 -0.313614641824557
-0.00858784512478222 0.00114129042290443 0.580204332188764 0.412470402446137
-0.0196265977358267 0.0133172251432801 -0.0142814138767191 0.522309143865092
-0.0212538289245955 -0.000123896297098953 0.0275549426358206 0.074145138433729
-0.0182952693059135 -0.000385507085932111 0.158767360966783 -0.436353809072638
-0.00775875756326018 0.0190865621347208 -0.50147843253618 -0.59665021128043
0.00887499530199234 0.00209961153137695 -0.805328223097677 0.213868475035208
0.02411540394028 -0.00451786174130042 -0.0441534535495363 0.647107156268802
0.00861243485775426 0.00439038306488099 0.395784207645921 0.234009720983235
-0.00758517811402269 2.67857683893375E-05 0.2878280436071 -0.127488280548696
0.00204553467310739 -0.00985253116715465 0.0149196561699115 -0.225822704099417
-0.010298284256072 0.00761561370806782 -0.0233865510659524 0.159577083840653
-0.00932866004035254 0.012944642020153 -0.210030017236929 0.0788949955353208
-0.00903180086258637 0.00579753523310456 -0.348177526479014 -0.17790986863091
0.000399583672808559 -0.0171724679564782 -0.0455741675068964 -0.535236633720352
-0.00480918955044527 -0.00874678033395783 0.607544021440957 -0.302898209557827
-0.00801536882191625 0.000603118284252342 0.570543675801583 0.425323654473009
-0.0183845135312109 0.0107263714289037 -0.0259401450128084 0.523025716677644
-0.0187557691139246 -0.00298491690899313 0.0272392400133957 0.0722528310923997
-0.0170973896190323 -0.00257940979493104 0.150493136441806 -0.435168667176389
-0.00799153543971001 0.0181321606470133 -0.514617605432032 -0.584961449594208
0.00872276290892882 0.00290479137288199 -0.799310879864395 0.22996729480868
0.0245101930758085 -0.00381291320109869 -0.0270738460126087 0.644083854936497
0.0074058306439744 0.00672767295679618 0.403850323860037 0.228567541061918
-0.00713891651912239 0.000952778907633219 0.285455729336595 -0.131655204111172
-0.00159830746746216 -0.00735400655072099 0.0134756079189803 -0.227261343731941
-0.0126119180829443 0.00898466244260861 -0.024502539218256 0.159097628814736
-0.00767935503583805 0.0130349575635908 -0.21185658178047 0.0780038258377659
-0.00880380824764347 0.00628272663507182 -0.342101105010707 -0.180653390981216
0.0012275226019381 -0.0146713952086437 -0.0295209466442863 -0.53967504672551
-0.00353798411219189 -0.00690566769805297 0.614525326309583 -0.290396970096949
-0.00674535547973563 -0.000477439261855029 0.559441684880439 0.439803977590219
-0.0154887744192026 0.00789971897933334 -0.0351825400457364 0.523089569654721
-0.0159262917069046 -0.00570896510718922 0.0254997342733422 0.0717382758813597
-0.0149845011440954 -0.00369979121332131 0.14267671601417 -0.43816263683635
-0.00617574199446304 0.0190191638904441 -0.529773823784042 -0.572951752273175
0.0100478889363839 0.0055980059892857 -0.79262581754941 0.246322394449345
0.0251569993428947 -0.00169775132902864 -0.0101637954528928 0.643054876651372
0.00831678797476154 0.00729411510293429 0.40900465545443 0.224559914486433
-0.00579630242419288 0.00214496960090702 0.283554111982992 -0.133023604007544
-0.00352181228067824 -0.00583591764233693 0.0117752491860967 -0.226004497602787
-0.0137136114705735 0.0123370719594891 -0.0271328597989132 0.158911566887295
-0.00648419894919182 0.0124137052036059 -0.213155285052432 0.0754352211219432
-0.00883968055967109 0.00537985937232227 -0.337483556012889 -0.185792145961878
-0.000164758256088929 -0.0125916325445213 -0.0137511050731777 -0.541017288454691
-0.00222622512283062 -0.00439584173350806 0.623818588082315 -0.277547609628434
-0.00470205959849461 -0.000232098695652182 0.547769778049119 0.453091108191777
-0.0124946550867206 0.0056639181834565 -0.0450410868418479 0.524768137088331
-0.0122291493498899 -0.00808477522867122 0.0265376966946256 0.0718729450891474
-0.0118391917282453 -0.0051427788378963 0.135451430504562 -0.439176812980884
-0.00255116239468209 0.0194758029761355 -0.542898604848083 -0.560802072152382
0.0112318713807737 0.00770361463229503 -0.783848772270674 0.261963974069866
0.0237216820990801 0.000425647184062006 0.0070896705911553 0.639873272132521
0.00950599224981546 0.007362603712648 0.4140839957398 0.216166146499826
-0.00364665686169534 0.00186022484759467 0.280561041960901 -0.132957477378647
-0.00465646753205037 -0.00182615621679156 0.008937742396977 -0.22473474047489
-0.0145672391414015 0.0146260056541507 -0.0303532349083027 0.16083213245329
-0.00240787537214327 0.0127072248542808 -0.21717562573847 0.0756314924322555
-0.010087085431558 0.0048603798395815 -0.334565661200605 -0.188495409262895
-0.00107402755893704 -0.0088785944572148 -0.000598930637471761 -0.541528086438605
-0.000625196860112258 -0.00161736946942161 0.631633914793818 -0.262248379465393
-0.00131135316063937 0.00074079768401113 0.540741214644058 0.464875023342881
-0.00935458926826545 0.00410619175782959 -0.0511386103386173 0.522941875433966
-0.00879787013474902 -0.0107220366948896 0.0273581511295477 0.0685746325704129
-0.00761469080408823 -0.00711345892462802 0.127185631281215 -0.441804134887007
0.00106384928095358 0.0187133473506188 -0.550983356090016 -0.547631002708136
0.0109117520826224 0.0101223659123832 -0.777065913730961 0.27642789884679
0.022528533617837 0.00308178049823265 0.0221703919602432 0.639309799185987
0.00814275370880927 0.00631286478593705 0.41708922333719 0.213032716661244
0.00070892853264596 0.00123656206999357 0.278366246928763 -0.134372006705459
-0.00528232748798813 0.00194982602322662 0.00552799210824964 -0.224152293172444
0.00229826561557091 0.00572156100168628 -0.0315966706790414 0.167651296119193
-0.000452026273162087 0.0082062704193358 -0.209313575299073 0.0821350806558722
-0.00824846603521529 -0.0014880940601186 -0.356256175774458 -0.17464297558487
-0.00687453077587213 -0.0161322836081558 -0.0592085137558814 -0.526938445953311
-0.0045962701503851 -0.0063787815942248 0.607851787787003 -0.300254688387022
-6.33165913147098E-05 0.00316848991957661 0.585871111085031 0.414272007839629
-0.0166751624423672 0.0189957595664413 -0.00993224238655039 0.511314857459607
-0.0241547919167062 0.00501056696914266 0.036893280254364 0.0649343733212698
-0.0148540008555149 0.00508912976877018 0.170358404071565 -0.440963345882513
0.000927995997964989 0.0216051092931225 -0.489902667674795 -0.601211419869193
0.00880527972915627 0.0063082140938545 -0.801499889078262 0.216953661751557
0.0164133741920122 -0.00176182467165965 -0.052622472674361 0.650489943413608
0.0109662250179825 -0.0026598611700271 0.387789609644316 0.235915488557782
0.0032412603345555 -0.00419702227663936 0.286384878245919 -0.125099444240092
0.0113006285575213 -0.0117997708199021 0.0117979990923558 -0.219058917967558
-0.000809404851629787 0.00433954039677595 -0.0283298587472367 0.166359867152074
-0.00467238890677379 0.00974735430210778 -0.207874750097266 0.0821147960472674
-0.00841470901746203 -0.000190296539901386 -0.357181877804701 -0.172516318665558
-0.00557550708122069 -0.0181745708651962 -0.0646026175655272 -0.52796163290404
-0.00490916432944212 -0.00837888148199376 0.599799542342907 -0.309247566007044
-0.00247950772201285 0.00489846201365769 0.586649752329428 0.407153430685195
-0.0182279549999128 0.0206174284169818 -0.00717669934286274 0.513733345498427
-0.0266251356546473 0.00677911027815902 0.0342551057581937 0.0690510640257875
-0.0176691397119682 0.00481567953634181 0.172803653046976 -0.437822238228693
-0.00118589199338571 0.0218733417182842 -0.483381231838215 -0.606366666265797
0.0093074204219062 0.00376785903546382 -0.807142631800475 0.205533964290467
0.0203170803300619 -0.00444964933346336 -0.0588801595538304 0.64987899284933
0.0105898081108057 0.000151970739208363 0.388024709098544 0.238179099111177
-0.00060246634664325 -0.00330076576885993 0.288726569093984 -0.123780618657193
0.00888708201242703 -0.0133939877358975 0.0152346457032319 -0.222099435343884
-0.00421092597763533 0.00432751810951152 -0.025582833731213 0.164093577518503
-0.00790741835742005 0.0120558281476522 -0.208541251752197 0.0807119600725345
-0.00824995822535254 0.00205881657309264 -0.355259812369561 -0.171243889268103
-0.0030073487149104 -0.0187340106770683 -0.064123623748929 -0.530386328181406
-0.00571125756041196 -0.0089190366848714 0.597439796300554 -0.313695211528201
-0.00666263041483823 0.00223981834109118 0.584430094106404 0.406673320116798
-0.02015058466985 0.0183536070436717 -0.0110240519320313 0.518025825970889
-0.024141799286498 0.00445425484252639 0.0307201998119705 0.0724045235465826
-0.0180466681381717 0.00356826778261413 0.170393779323623 -0.433783255053944
-0.00511991570617205 0.0200445321496441 -0.481983372449714 -0.608634487855364
0.00932374116996049 0.00253325366151387 -0.809862119863293 0.198908350557332
0.0230162717049249 -0.00528212637702243 -0.0606653973505429 0.645673599960956
0.00886758406044389 0.00262584904441213 0.389453610835201 0.240578359093801
-0.00455352446994249 -0.00143100788326948 0.290000502704235 -0.123906656015867
0.00578423509243926 -0.0128365561147582 0.0171867082016089 -0.224046385760823
-0.00798924977159241 0.00495815178128337 -0.0253839959732568 0.161884997082357
-0.00839492166750509 0.0135952215997414 -0.209213238887844 0.0790615173468066
-0.00820744419325241 0.00403824652976871 -0.351541909306734 -0.17528208054032
-0.000688292841885667 -0.0183790497753508 -0.0569926913678614 -0.532076073714286
-0.00541630695539207 -0.00938971655696699 0.600275060127197 -0.307297930930114
-0.00822699826815908 0.00212289004181901 0.575903605697656 0.416247931545369
-0.0194242268797896 0.0138567182376328 -0.0182296431592689 0.521905758075749
-0.021871993679081 0.000773329632060875 0.0275045154170644 0.0732468115001309
-0.0180938457723052 -9.34312790479524E-05 0.163932328231213 -0.433003494631911
-0.00763601048816659 0.0181667741421395 -0.49380000495516 -0.600577392711248
0.00941905109098159 0.0027122172238396 -0.805212921536381 0.207030095365769
0.0243260181704278 -0.00461554332148688 -0.0496185231636627 0.644731123613655
0.00921715591356738 0.00408580102253041 0.393593902670078 0.236706669589709
-0.00681879189632664 0.000176798327510441 0.28887373066049 -0.126274811647149
0.00247565989005482 -0.0102470257136098 0.0184510614063474 -0.226646765190849
-0.0105146068414777 0.00748864634768863 -0.0249345920533986 0.160949208459038
-0.0105603624191124 0.0135684027111375 -0.212115178878914 0.0769741270454659
-0.00820109133960512 0.00528450853037598 -0.346601007510324 -0.17819837908451
0.000386788052196173 -0.016448811787516 -0.0419947763125423 -0.536222588442363
-0.00532340720140916 -0.00787201956527501 0.60813706401293 -0.297896713262115
-0.00826693984882271 0.000209122059594977 0.566274021550437 0.428593226893747
-0.0191084889084646 0.0107554298650041 -0.0304119440048106 0.521624024358093
-0.0190247110372602 -0.00318515211350381 0.0261874229859898 0.0737168190241869
-0.018138637037594 -0.00276117508375991 0.153683842782575 -0.43462331590975
-0.00746157054186023 0.0176683676225313 -0.50942052268025 -0.589682083795097
0.00960314391733953 0.00363641583348203 -0.799836484599965 0.222219461889264
0.0255214609978137 -0.00396247346883694 -0.0323062179751367 0.643436815937357
0.00884161400292677 0.00625504598119423 0.400767220514353 0.231421947043642
-0.00796403815798009 0.000119424414697226 0.286670085130864 -0.127697807445763
-0.000805096064918718 -0.00847316213976213 0.0157222577573112 -0.227533944586406
-0.0123427218057157 0.00999359204465961 -0.0265647413558478 0.160313914901225
-0.00894985522663984 0.0144188152458477 -0.21304654018647 0.0768652592421979
-0.00947338434136013 0.00542986237357591 -0.340197064557227 -0.183453769029081
0.00161061947706197 -0.0149401196591269 -0.0255571710794462 -0.539424333012229
-0.00343265105201218 -0.0062846088793994 0.615792713442027 -0.283717179088558
-0.00649994192056183 0.000475209510901051 0.554250869007787 0.443549165056914
-0.0161324504282666 0.00789668393163818 -0.0392594432858358 0.524308424819036
-0.0153205660987706 -0.00624102197847429 0.0243634327159226 0.072814180416398
-0.0148155702065205 -0.00526432862271629 0.145559933342687 -0.435695435736886
-0.00626477024078857 0.018589123632228 -0.522838405713609 -0.576600746670226
0.00931037062988217 0.00569818820641979 -0.793734310111282 0.239466888879685
0.0244069355294809 -0.00106929218155842 -0.0153782860828897 0.641784978770062
0.00731370953556885 0.00796548785688301 0.406063612208034 0.225159723055405
-0.00565908645570907 0.00156767255539425 0.283963182650481 -0.130516086040167
-0.00403800084181137 -0.00471868119401478 0.0147401966421803 -0.227257286652896
-0.014375991402119 0.012051187469597 -0.0296638688262658 0.160089019405073
-0.00616888758480638 0.0128859372202139 -0.214563593063682 0.0746375223134789
-0.00964966366137299 0.00538971971723578 -0.336348701854882 -0.186967740085082
0.0011117250806607 -0.0123863458601471 -0.0101448357555056 -0.541153299735942
-0.00175731368770109 -0.00407763218968931 0.626137702385491 -0.272173000495771
-0.00372859985939848 -0.000492694915805329 0.543936320905829 0.456601033901937
-0.0132207881642338 0.00680218603295026 -0.0494454859087691 0.523111350635596
-0.011640884135034 -0.00773087189898597 0.0252763838487104 0.070979633755601
-0.0120267394135388 -0.00717691314098176 0.13816332919639 -0.435826255492346
-0.00328307068488929 0.0182559085954765 -0.534719455754727 -0.563387211818185
0.0104119322702297 0.00809388553968062 -0.785415168203995 0.253702093588629
0.0246545379978415 0.000778609871314024 0.0033375616334157 0.639296364855398
0.00768976638845806 0.00803145505226558 0.41234226779732 0.21907541482808
-0.00326240294839166 0.00233183089049375 0.282086396550762 -0.132158014220059
-0.00547645378311478 -0.00150964736590469 0.0120540043671484 -0.225341671114943
-0.0155051567822804 0.015144231530843 -0.0312432776775265 0.160980901644927
-0.00329848018277958 0.01260075603188 -0.216394607989564 0.0732244135404273
-0.00921857427941989 0.00413841944919364 -0.333228998044662 -0.19052763330637
-0.00142722974747518 -0.00959087876724567 0.00356727256350298 -0.540726593778173
-0.00172135652585301 -0.00122910983027833 0.631722598007701 -0.25925779030521
-0.000900960601453067 0.000563513787184226 0.535567852224841 0.467368126882744
-0.0101928217711391 0.00514408818981289 -0.0566082570178737 0.523071994246613
-0.0089885263714897 -0.0096319671252936 0.0257082113047351 0.0691660467330256
-0.00961349228189578 -0.00701652984642434 0.132254160465256 -0.439573904809157
0.000402402292967649 0.0190285705391395 -0.546449010611122 -0.553237301531042
0.0115252058373933 0.0114061408239881 -0.77882642572888 0.271319565359103
0.0223920085053855 0.0021767296472471 0.0144617824584464 0.63935508615499
0.00900160121621639 0.00581465594508482 0.41591261416014 0.216241909255207
-0.000201794464322677 0.00205176657408066 0.279325435333795 -0.132613142548878
-0.00565626761089266 0.00145197262292497 0.00892895500015717 -0.224431528745283
0.00142818482330558 0.00688971000175001 -0.034453161149258 0.168136839260099
-0.00125495800691974 0.00814671637200191 -0.2111145489049 0.0823923404406081
-0.00788643443031851 -0.00260737846775048 -0.354212479357166 -0.17754094600579
-0.00755642529901187 -0.0166690822567412 -0.0545686219878465 -0.529546692203291
-0.00457796576550843 -0.00634245567712862 0.610422192329974 -0.294857435915489
4.99324701673798E-05 0.00378912719499127 0.581987757974716 0.419992149465224
-0.0172147454266697 0.0186851473988199 -0.0149713705284432 0.511897080266558
-0.0240675501439901 0.00437489726616013 0.0366472444765437 0.0643147438982548
-0.0161659062824895 0.00380368784516697 0.176706138680858 -0.439280843311066
0.000148685516136926 0.0216189822622282 -0.483187805727723 -0.60452773580591
0.00821202395854377 0.00680911753449499 -0.805798583286899 0.212705672905567
0.0175939129543099 -0.00314586809065589 -0.0589535008867195 0.652525596893268
0.0120005739403582 -0.0019913450905588 0.388159509109833 0.237853665587583
0.00236706522918026 -0.00530442459301337 0.287808643440337 -0.122496804562544
0.0113590451015067 -0.011759409032593 0.0149798736080536 -0.219669055075186
-0.000545370406145358 0.00521811578545904 -0.0306905893483547 0.166875714133932
-0.00480765181244964 0.00971883025594431 -0.210524386687517 0.0828446004728344
-0.00877911440287765 0.000793105122653493 -0.356895110779849 -0.174883882849716
-0.00562090095467238 -0.0180007672582594 -0.0612636785410086 -0.529113699857363
-0.00565702597373963 -0.00812323368978437 0.602947919807247 -0.305877649410256
-0.00285076750870213 0.0038831739005182 0.583266819645572 0.413274901760715
-0.01897141038758 0.0207350569130143 -0.0138372997427783 0.515285962459465
-0.0272771522447304 0.00702780375308479 0.0339401068208776 0.070174347417547
-0.0176371832456981 0.00525709165685003 0.176601450301183 -0.435254305843592
-0.00181094315146385 0.0208191433296665 -0.477949771509996 -0.611829310362452
0.00938106089161806 0.00350867442333081 -0.809456810592687 0.199411331203888
0.0199163789616385 -0.00564817067707998 -0.0664924323593207 0.651234463145429
0.0106544631032303 -0.000417196103766179 0.387210314562536 0.241584084496532
-0.00112208944195517 -0.00324298298163841 0.290195074679256 -0.122385096873913
0.00834773971288352 -0.0127153788739097 0.016281037260292 -0.222527044970367
-0.00351978349204553 0.00555274829958034 -0.0280107892644782 0.1655598778414
-0.00814721258366413 0.0115112769006276 -0.209277173188558 0.0809195531228823
-0.00758392360269271 0.00201915145938876 -0.354398431916295 -0.174277442545846
-0.00292545294379968 -0.0187426848131697 -0.0616961335415487 -0.530574417531519
-0.00592009259735365 -0.00913031105227565 0.599964618853225 -0.308299059448837
-0.0063948757057146 0.00223795256686004 0.58073997832945 0.411448821608726
-0.0197640715409179 0.0184693001645547 -0.0145405699008687 0.517098742475645
-0.0247775069230559 0.00336644013401464 0.0291071210686436 0.0732500712364497
-0.0191430175587867 0.00343820489419662 0.175938456706244 -0.430929355739381
-0.00538233349074568 0.0197712111370811 -0.476793879793544 -0.612029146778178
0.00951905048475694 0.00202490429207413 -0.813093360250218 0.192582181776274
0.0237161977705059 -0.00484095196883484 -0.0672614664078381 0.64832315179063
0.00997769240069683 0.00322837988494365 0.38814371323451 0.24408460760249
-0.00376451923240764 -0.00219071816160241 0.290670629026453 -0.122384259315626
0.005391008116389 -0.0122836706649492 0.0196284699790665 -0.225453101770452
-0.00757945072426454 0.00598432157529841 -0.0273065745054283 0.16280718465498
-0.00950959731875934 0.0122754591025783 -0.211008162685933 0.0793315253271434
-0.00830401066628038 0.0045370628009562 -0.350798188818322 -0.178365240420643
-0.00197775560820103 -0.0181122881642208 -0.0509237191351371 -0.533130595331886
-0.00575911317616273 -0.00823019551289684 0.603764209487244 -0.303069883727043
-0.00745564210965992 0.000937841856101299 0.572148711678533 0.422508818795044
-0.0201066802936052 0.0138201752563096 -0.0254041741020114 0.520921665921022
-0.0218641201696467 0.000479196365215568 0.0262334159814745 0.0746294749092126
-0.0184834309566199 -0.00041245563386845 0.169027058638795 -0.431467206820956
-0.00766636287181946 0.0174840615152737 -0.488273961329858 -0.605484628097364
0.00852005754264199 0.00276129832311937 -0.809835840034231 0.200530027112721
0.0251340882144224 -0.00538517274806026 -0.0549294136202792 0.643818635430335
0.00996641942720289 0.00433224318099118 0.395352773367037 0.241215704887247
-0.00701118485801205 -0.000293259776076115 0.290830829951923 -0.123312409772415
0.00180406612165321 -0.0101798708427361 0.0196703180158827 -0.227209413269335
-0.00986062264509216 0.00868576050718305 -0.0272732037521051 0.162207269269906
-0.0102871771517529 0.0138820080738599 -0.212521897113103 0.0765849470041993
-0.00912301896375275 0.00560115107772833 -0.345191354377779 -0.180346091681544
0.000490561210486607 -0.0167461645923394 -0.0379681463651315 -0.536707004164917
-0.00493622970853939 -0.00802852313648884 0.611733144468204 -0.293395477134609
-0.00777854908990422 -0.000137280900501191 0.562685673823314 0.432150482243291
-0.0185373744361816 0.0113459137074452 -0.0360224315998675 0.521508171059572
-0.019368571017275 -0.0030350599465454 0.0244926751596396 0.0745270632752014
-0.0175952874342112 -0.00322058263000529 0.157951651759978 -0.432432898992775
-0.00738011109995921 0.017524473071987 -0.50291723488225 -0.594187872490414
0.00894464138998959 0.00356009239117991 -0.801370721723126 0.216171019826103
0.02534455679345 -0.00404526285570832 -0.0384300127636412 0.643271613537185
0.00849463126910948 0.00693071834849351 0.399983425014537 0.234555693377686
-0.00648288932165165 0.000544956529100698 0.288764387295167 -0.126817081693165
-0.000687564443334069 -0.00824165815674233 0.0183444968136256 -0.227606159923008
-0.0128177901605925 0.0101711111230947 -0.0287058598004913 0.16086561693379
-0.00854119976917919 0.013129931137109 -0.214260988449948 0.0755740899671352
-0.00944286453097902 0.00580136277181431 -0.339534069584905 -0.186491349628761
0.00092946964399146 -0.0154447830115724 -0.0222139892533664 -0.540436272628897
-0.00450420652140033 -0.00711831983496965 0.620001943091218 -0.279641917022657
-0.00698509056102393 -0.00010185363312694 0.551074476992703 0.447974614419543
-0.0153767761814484 0.0089674692069859 -0.0449742925066506 0.523138063652126
-0.0152495134683183 -0.00575387960736679 0.024454930295402 0.0725917974321944
-0.0149644086475744 -0.00477320829928019 0.149703963909949 -0.433783389258115
-0.00688756927024422 0.0180147078672808 -0.518347618356973 -0.581878073515059
0.00927625679688099 0.0052108478293234 -0.797966008160605 0.233080799823052
0.024406286956201 -0.000977189395044865 -0.0220030980819824 0.641390044949949
0.00753117643532971 0.00681493920555839 0.405445258673279 0.228883794487477
-0.00549895019138886 0.00193926262074105 0.285449607299287 -0.129187409330805
-0.00474666207534021 -0.00451151635698839 0.0161695513375159 -0.228402387671597
-0.0134178902811277 0.0133131685614073 -0.0301229278620163 0.160515304703349
-0.00502912463223685 0.0142164177108137 -0.215937666337027 0.0746248995950497
-0.00791273163173978 0.00538432831381293 -0.335984774423653 -0.189482538500091
0.000222706813855791 -0.0114521712307801 -0.00737297471581467 -0.54001090829137
-0.00223907316106528 -0.00334823560651434 0.62677693290585 -0.267883318579168
-0.0032832849227997 -0.000824551390638912 0.54051929772469 0.459899559382873
-0.0127706304221819 0.00631015964599706 -0.0548788840253722 0.524101820845363
-0.0130112071231831 -0.00747167633192136 0.0245331537613225 0.0720221042600258
-0.0113928918005351 -0.00622082080934042 0.141598223527027 -0.437344619522229
-0.0031177164205407 0.0173223369538698 -0.529303458649277 -0.568106219113533
0.0105799456042079 0.00727411244720123 -0.787529613698863 0.248781801643726
0.0236052473606944 0.00150239485902788 -0.00327309537935652 0.638917728445726
0.00814207403526161 0.00797240347765625 0.410312569997162 0.223193004834495
-0.00317671025411174 0.00137186013380171 0.28226414456984 -0.129316239080069
-0.00570789241248114 -0.00168739905187474 0.0131085995925391 -0.227125070748211
-0.0137638388261466 0.0162708352329131 -0.0335808222497355 0.161494598169598
-0.00339320847610913 0.0131888390866762 -0.218282248091484 0.0740349197986349
-0.00896986768104603 0.00463605728334194 -0.3310863112598 -0.193183261453273
-0.000280511462207852 -0.00903256205808441 0.00753399357216541 -0.542214236739872
-0.00109008279488931 -0.00052247334378148 0.634600170177642 -0.255577502866442
-0.00125099577748099 -1.76120247363208E-05 0.531312019394366 0.471504354732332
-0.0101852108076528 0.00470900552099987 -0.0601860275787518 0.522093800301911
-0.00963252777282318 -0.0100741379007337 0.0260090946819896 0.0695259738240988
-0.00845159092900377 -0.00919545641215831 0.136062475913433 -0.438906155401307
0.00066946466875979 0.0192047016495989 -0.539330182514106 -0.557048090235706
0.0111168235920279 0.0111960612756148 -0.779926682005859 0.265442255812694
0.0226635274085591 0.00408861825752121 0.0103643380921887 0.639376603913824
0.00832711345499856 0.00511572222631215 0.415123308258769 0.220618637443527
0.000677783146174504 0.00140194284808635 0.279697474538026 -0.131370238785461
-0.00452684709868331 0.000649866773482707 0.010436420066831 -0.223446925854326
0.00153033288578778 0.00672729332883035 -0.0359039649665848 0.169499238841431
-0.00038137110684206 0.00851584139138209 -0.213446192685001 0.0814210164386766
-0.00739343333120085 -0.00200771966739962 -0.355493884039134 -0.180672964594674
-0.00694791764663123 -0.0171324371284078 -0.0519598383925691 -0.531623108478886
-0.00354422297443331 -0.0059110730159434 0.613929677003415 -0.292842830459111
0.000424716625394381 0.00390480742584669 0.580042043399237 0.424700988413759
-0.0167708991996719 0.0188341982407093 -0.0181218986250529 0.514010973198601
-0.0242984052246166 0.00482350050166827 0.036170374442438 0.0659623669914542
-0.0154940807385046 0.00436557160038254 0.181037763582648 -0.438265900081635
0.000855205999357624 0.0214753421792073 -0.478765168823993 -0.610848990237197
0.00896741137774888 0.00680712822399374 -0.809877497954594 0.206396022723545
0.0181780432957851 -0.00255245550888795 -0.064199609430928 0.654406928959547
0.0108820770077454 -0.00259658977635113 0.388309586447148 0.242627798222063
0.00276627196366783 -0.00439081713550789 0.291180526875908 -0.121479166770779
0.0106229026719167 -0.0114510393080779 0.0161450669017777 -0.222634523496876
-0.000819465176927351 0.00560397253646725 -0.0321405682861156 0.169267600588325
-0.0050819674260738 0.010374402620739 -0.212100143644161 0.0829890586381934
-0.00818736966385457 0.000197177001981805 -0.357370879737534 -0.177586726923734
-0.00544824152517168 -0.0179591316198352 -0.0572385873027371 -0.532496201748159
-0.00453290854592496 -0.00797193635701134 0.60786316291753 -0.302200700803335
-0.00266376669788024 0.00310702259949149 0.582717181013294 0.420079597182597
-0.019468545891809 0.020109114488394 -0.0175273030206774 0.514362553994928
-0.0271667557747518 0.00626908525278563 0.0321653281166447 0.0700634649860523
-0.0183392861329016 0.00506369892617047 0.181908469172903 -0.436962907339682
-0.0024707707690968 0.021815304325065 -0.473139809149782 -0.617184402389114
0.00987425191243982 0.00388566662250039 -0.814330641482174 0.19235746830926
0.0211567535236542 -0.00478049915219703 -0.0729455128683134 0.651338502685344
0.0108373263184695 -4.14402646105047E-05 0.386307150179472 0.246085185477819
-0.00131224386831475 -0.00302424530747562 0.292114911940901 -0.120490867570708
0.00900470923971679 -0.0131324733614492 0.0191223886305195 -0.224337647003122
-0.00400247000170754 0.00548930427539494 -0.0299734407900407 0.167471685324531
-0.0076953736156955 0.0120830015697322 -0.212381131973723 0.0807931033507105
-0.00872651904339935 0.0027772886464345 -0.355321345705532 -0.177586255427635
-0.00253468505276277 -0.019261102301759 -0.0568536219914132 -0.533454529141124
-0.00591911436627445 -0.00817323452439436 0.606122721798827 -0.306721407272477
-0.00588805834395179 0.00283585759976432 0.579183434515912 0.41744698002402
-0.0208322662652955 0.0184029203666131 -0.0194102046776982 0.518683650229958
-0.0250098983322991 0.0033926598380245 0.0284066375670843 0.0735422204597402
-0.019258937521812 0.00319861581475714 0.180568151638351 -0.432038411608849
-0.00528405339273623 0.0197292443275246 -0.473953565418535 -0.618027877658751
0.00991657835638131 0.00223410250004136 -0.817393466131225 0.186749672768429
0.0240205818305516 -0.005817651710645 -0.073227867581895 0.649942853383992
0.0100218489794493 0.0017927071871523 0.388427613777209 0.247858872658401
-0.0046105657247424 -0.00213458208088987 0.293598213842753 -0.1209792891973
0.00487846966851718 -0.0134673261643067 0.0214405388905957 -0.226505320298625
-0.00711365625774911 0.00606007964331061 -0.0287034276959171 0.165380703209457
-0.00961582013690972 0.0127858454528342 -0.212209810020528 0.0792785621859228
-0.0093168211542476 0.00412964472486561 -0.350951333232084 -0.179804612165999
-0.000484445546107716 -0.0185497746041204 -0.0482959851727462 -0.536128284749387
-0.0058066269712262 -0.00893240234960118 0.608827700113032 -0.298928649013125
-0.00817454195466702 0.00126030165551906 0.572537708524646 0.427143089209931
-0.020868781313542 0.0140842068026219 -0.0296918108533512 0.520069022343926
-0.0217922085600294 -0.000322908779425788 0.026305869248244 0.0743912414563211
-0.0188307181085469 -0.000669323567737944 0.173850692126485 -0.430135222620622
-0.00825452371167711 0.0185952274690869 -0.482741412463701 -0.612663042015776
0.00882911829437334 0.00269978048632328 -0.811361571823066 0.194682624016218
0.0247812323929705 -0.00533846578761708 -0.0606629102972789 0.647064271384524
0.00969641810798586 0.00502138806728418 0.392286808478399 0.245217044383548
-0.00741673822812835 -0.000994208541492113 0.292598468014602 -0.121383557332531
0.00100460172941214 -0.0111008362722595 0.0217893873386299 -0.227862841704596
-0.00998295179876436 0.00826173321243094 -0.0291719924612848 0.164014444335437
-0.0095222310002723 0.0136459743259631 -0.215062444346102 0.0771375205755835
-0.00847576095120188 0.0048028796636107 -0.344896757684911 -0.183501312912079
0.0012546474551898 -0.0176939708982446 -0.0350847502568287 -0.540121821357965
-0.00508123768147664 -0.00877529499998854 0.614748827460027 -0.290058536449724
-0.0080388071808501 0.000149908492365779 0.561223446151012 0.438468974716939
-0.0193354923881255 0.0111990686083319 -0.04105840066337 0.522901075794407
-0.0195272010551058 -0.00339608825140782 0.023909524744667 0.0737882467536538
-0.0182035315447783 -0.00387737970629366 0.163760702427727 -0.432366904474104
-0.00850162339109602 0.0167650187331704 -0.499135515618864 -0.601969645451672
0.00931688244200487 0.0031065177128722 -0.806407795572216 0.210924973159685
0.0258712838480314 -0.00348760508785202 -0.0434272081814375 0.6452122724139
0.00892602970552804 0.00532008384625329 0.399434952133367 0.238483676187154
-0.00730412788916213 -0.000100734538629534 0.290730274632667 -0.125736342413137
-0.00147820533064284 -0.00817382108958522 0.0204758457189143 -0.230056412506826
-0.012995381084233 0.0109158110275777 -0.0299514391353078 0.162911378687502
-0.0084279009812088 0.0143152516524021 -0.216892011109298 0.0757960619352064
-0.00893270376605203 0.00569238805279228 -0.340242692217743 -0.1893360693298
0.000411494917795734 -0.01460040067848 -0.0180653631982102 -0.544062835789305
-0.00367560127161275 -0.00589918312390283 0.623849175811789 -0.276758839243776
-0.00597707896999159 -0.000408642092338004 0.547632989571059 0.452551865005972
-0.0173706688218974 0.00875329201141823 -0.0511647623522131 0.523667722553759
-0.0158426266015438 -0.0059269713121877 0.0225818842988551 0.0740758681191941
-0.0147516065160883 -0.00575449260889688 0.154889769406 -0.434036327993113
-0.00654426691105734 0.0176934412066959 -0.512889923383918 -0.588254193460394
0.00948934248828664 0.00460545020956304 -0.801793816348552 0.227747946742517
0.0252247301988389 -0.00104507696969675 -0.0253446409485196 0.645923460197879
0.00793331914961974 0.00718883580236876 0.404639042785747 0.232555872214769
-0.00627267642543991 0.00189120110322356 0.288653842130905 -0.127008185991861
-0.00454647280214065 -0.00443438481803745 0.0185959053503241 -0.228428625761816
-0.013697615609487 0.0144400495520315 -0.0329332093050698 0.162813115888408
-0.0051836077221743 0.0136600907676544 -0.218929013505873 0.0741832821490005
-0.00938487908224699 0.00610055954096637 -0.335786738497103 -0.192351367916466
-6.40497715292268E-05 -0.0125078428524485 -0.0024096050216623 -0.542595204765302
-0.00246733322461342 -0.00408303716597377 0.63073145551517 -0.264005822889626
-0.00390395127492802 -0.000947698649283752 0.539323961720514 0.464961399838012
-0.0141115984833193 0.005691259733989 -0.0594674413878077 0.522805244890527
-0.0127042299479426 -0.00807595496414254 0.0234980105953625 0.0717398274547133
-0.0118913025047547 -0.00672857456588926 0.146568919908802 -0.436748360434101
-0.00382140032355298 0.0181049159655079 -0.525874041951191 -0.575295384406139
0.0107421334372942 0.00772396461977413 -0.794284987410699 0.243730505831121
0.0242830626784712 0.000949143363021477 -0.00906863070101075 0.643386610040373
0.00888614361913732 0.00729104013044122 0.410800820579232 0.226678656848856
-0.00389849291392486 0.00135209017428592 0.284409079963136 -0.129405978951825
-0.00559234298700548 -0.00153503265075635 0.0157188409705836 -0.228198805882046
-0.01459885843052 0.0151648123083499 -0.0352228790745215 0.164057258673372
-0.00256088192433181 0.0132074415514572 -0.220567952269942 0.0733823473715921
-0.00963093755692151 0.00351454705046063 -0.331287192501271 -0.195621779683431
-0.00170677759300423 -0.00924334268549444 0.00950785429294464 -0.543801865331696
-0.00100551415067087 -0.00126988233243355 0.64029446254127 -0.251763083614335
8.0632396725188E-05 -0.000514199268507289 0.528421490147613 0.477924935669715
-0.0107080150783773 0.00552995157233653 -0.0647824743909515 0.521577214778237
-0.00927871397189233 -0.0101567983216599 0.0244775413851956 0.0698581579624636
-0.00803878036036727 -0.00825316797233812 0.142526875845851 -0.439564628069708
-0.000168312925290469 0.0182485470259745 -0.537618359628223 -0.563630841442407
0.0120719800182951 0.0117442363313628 -0.786398733244463 0.259013678982769
0.0229501584610725 0.00490058275741272 0.0060266968911655 0.642841741295565
0.00756135318895699 0.00621758214279163 0.414943835312632 0.223673046827253
-0.000382505461868765 0.00118359939874042 0.28348022143079 -0.129075771401212
-0.00563892627849786 0.00035441351640046 0.0124624774875186 -0.226287805167446
0.00217761664324432 0.0062858895628726 -0.0376598969582852 0.172301633067929
-0.00115053184112262 0.0090003132924454 -0.215704672571072 0.0824084763580463
-0.00762678990115043 -0.00208949700522463 -0.357570071790957 -0.183886917057676
-0.00604444746191683 -0.0154369717021003 -0.0481659625625194 -0.536553395360282
-0.00387272570573031 -0.00700024847350718 0.620106899623076 -0.288621183023943
-6.18200388219775E-05 0.00369847026215427 0.579338848840568 0.433138330317022
-0.0173201504514981 0.0196195338524682 -0.0235889421952245 0.515500893037041
-0.0251406680085607 0.00594878180810677 0.0351846024587732 0.0659420734954629
-0.016574633301993 0.00460690893428028 0.187201302217864 -0.440908560891389
0.000555175455688723 0.0213412814187727 -0.477446493361375 -0.619596113270278
0.00908008806628496 0.00703456481438702 -0.816031395870084 0.201962971794274
0.0175237859244964 -0.00285560905464715 -0.0693212558651707 0.656663719534799
0.0106908601184022 -0.00302126792007863 0.389834448488817 0.247343180960757
0.00261211433811883 -0.00380385426935424 0.293206921333448 -0.119598950001558
0.0106948251466413 -0.0107914670740341 0.0176946662340883 -0.224571575802575
0.000400725554967621 0.00668931302931619 -0.0348403064956608 0.170712777244105
-0.0044676409828764 0.0110796941230797 -0.215013139027134 0.0811512119601783
-0.00841510522766072 -0.000579153512516137 -0.35764839493496 -0.18150127876134
-0.00512775687108567 -0.0178690488051824 -0.0557225780114312 -0.536484512479965
-0.00492268043232336 -0.00822192283571832 0.614267052559995 -0.299786277874391
-0.00263320435791872 0.00372052169140889 0.583505279473427 0.426825457998451
-0.0199104441042691 0.0217591652048471 -0.0215967914644204 0.519290903868677
-0.0274249981265181 0.00644901626445383 0.0314439111523201 0.0713239822984849
-0.0179418479637 0.0058523482402095 0.18751376727127 -0.435037896268367
-0.00226848007145205 0.0214623326227099 -0.471032666263208 -0.625092450104521
0.00985293756450936 0.00373635164637746 -0.819946862568479 0.187774704287022
0.0207744056939663 -0.00526417118823643 -0.0772707698846484 0.655775518767765
0.0116705047729992 0.00010881542440594 0.386574020367852 0.249081016961781
-0.00185398307177658 -0.00377927670820585 0.295670802691799 -0.119204561874292
0.00890375573195136 -0.0127338079159729 0.020871153021904 -0.227280187145735
-0.00253073077334144 0.00542334366490073 -0.0314247003505596 0.169635722167187
-0.00759480569148194 0.0122826384536121 -0.215260520328995 0.0818564252500505
-0.00878761424523216 0.00176617401108176 -0.356201415190457 -0.180518369849173
-0.00297903112803656 -0.0183520629338941 -0.0544675445750862 -0.537087272772997
-0.00628756453115716 -0.00825882258440236 0.610777198388219 -0.303058102331148
-0.00572372210823031 0.00176250986737937 0.579959282662693 0.42430143042849
-0.0207855142433853 0.0187990481134378 -0.0250259254436302 0.520800697217426
-0.025935701445821 0.00408533909163891 0.0266664784884637 0.0748101640495771
-0.0188880950770426 0.00219812078141846 0.18420071364296 -0.431640755412841
-0.00511626256916472 0.0193538219365531 -0.470150598364078 -0.625828781930666
0.00937466791450735 0.0019021588110451 -0.823477582270584 0.182743709526047
0.0242140033911293 -0.00615859597867322 -0.0781834326109907 0.6533636867503
0.00957787605809579 0.00268387923665674 0.387692104458361 0.25207963288984
-0.00460020080625357 -0.00266451902510498 0.296378476398195 -0.119901789996962
0.00418988324334899 -0.0125767278490635 0.0236996103333455 -0.230101242526012
-0.00595314267748609 0.00702298399507477 -0.0310561252993509 0.165859230762284
-0.00932976534976162 0.0133502075113176 -0.215932649055416 0.0790355725184088
-0.00994723785509045 0.00412870919787386 -0.353646037070372 -0.183501969901931
-0.00118879325617961 -0.018561882944233 -0.0451628538028739 -0.542190860841625
-0.00642687225845194 -0.00930129250062998 0.613592438569707 -0.297729458317518
-0.00837835379233705 0.000737456896155914 0.572395548871073 0.433629704455505
-0.0205174059437426 0.0131330059775167 -0.0339178502624632 0.523304580889602
-0.0224893291580486 1.27879276154532E-05 0.0255445503339621 0.0750190499193625
-0.0179523247943286 -0.00111928460083379 0.178443747212617 -0.432975339562453
-0.00805151971437762 0.017215169481365 -0.481783170294446 -0.619959159226479
0.00867344903434725 0.0018733348963501 -0.819222123054522 0.191697379099585
0.0250219878322477 -0.00537215773261298 -0.0658992097980088 0.649904957810549
0.00934453802970068 0.00463502980670725 0.393621841413569 0.248899928290439
-0.00741802309124589 -0.00125491237053239 0.295556392292764 -0.122625707978808
0.000846232810166271 -0.0109904495060389 0.0242244014206773 -0.229986993928881
-0.0102670668846218 0.00839598029475454 -0.0308705953749395 0.165427669203145
-0.0098148072858205 0.01499003249132 -0.216944883476518 0.0772523365246313
-0.00945986999088924 0.00504801131328411 -0.346192915492572 -0.187887584988208
0.000671307859035363 -0.017020316720467 -0.0313824636955348 -0.544132482614218
-0.00459873275735939 -0.00814372702871526 0.620905749976666 -0.289319935792319
-0.00798458144787846 0.000127553834396922 0.560890110910676 0.444411686767619
-0.0196307709026878 0.0115627592326587 -0.0462213658752466 0.526279721941264
-0.0198405233989093 -0.00409934009578163 0.0233713326024424 0.0757178504986875
-0.0171472490593002 -0.00420811786229274 0.169220013167404 -0.432185436492823
-0.00828743801611011 0.0166290685483744 -0.49738970901397 -0.607253753481374
0.00918071778021124 0.00293561805438059 -0.813153530742931 0.207719727180888
0.0256694407137157 -0.00384225661297156 -0.0482717248374981 0.647912227659835
0.00818686284072531 0.00617515377733987 0.401120762304529 0.242941269784276
-0.00728422845167646 -0.00024415060696482 0.293784941792766 -0.124527888948796
-0.00273860725791196 -0.00823004769176794 0.0235077258515419 -0.231147330479903
-0.0120311022421445 0.0110262894135382 -0.0327482674328583 0.165005422854632
-0.00842072366109642 0.014171515968139 -0.219322624878961 0.0750642868576841
-0.0096823380366614 0.00519206019528725 -0.341569574585297 -0.191516264659407
0.00113115933033682 -0.0147991786059435 -0.0143244095888269 -0.547167269806885
-0.00337327848683113 -0.0059038876142635 0.628031919417913 -0.27442442360805
-0.00554092304330096 -0.000999133779438062 0.548792134314743 0.461037040967911
-0.0166735370654732 0.00834501038852328 -0.0534381691275201 0.52630879927228
-0.0169814601948751 -0.00630149028669681 0.0225197532843248 0.0746078009622367
-0.0158697475029966 -0.00485224675833235 0.16077097925646 -0.434691266687699
-0.00588915299056845 0.0171496005708136 -0.511521715715197 -0.595788687563067
0.00997035554909726 0.00565138014655929 -0.809561067339285 0.222262059145075
0.0253038256476354 -0.00128335706636278 -0.0310420766935238 0.648245055723362
0.00872710978862238 0.00724627987666034 0.407183778123487 0.237015093711025
-0.00726816948688709 0.00123182106370231 0.290928730173988 -0.126208700055446
-0.00453503082235243 -0.00424892161055339 0.0208398618055948 -0.232706585711897
-0.0138182353215847 0.0133377145440142 -0.0349380515738083 0.165125971701415
-0.00552046235026726 0.0144479769477912 -0.221510621134327 0.0742667691301488
-0.00952177055630063 0.00491052477487436 -0.336139771131663 -0.196275779778091
0.00147460878486469 -0.0124555536258408 0.000952903121642253 -0.547996104131197
-0.00200847490849067 -0.0038931897041952 0.637896094916128 -0.26083309152444
-0.00456039309646818 -0.000438187033799695 0.537889355477722 0.471437265191296
-0.0137225636451047 0.00672248754865853 -0.0638315338325216 0.526364565191285
-0.0129744695356264 -0.00847220828121392 0.0229819075754925 0.0738594025434619
-0.0121102567508264 -0.00805589416863267 0.1524602839997 -0.43843810389718
-0.00249120520976111 0.0177775396340112 -0.524052539684514 -0.583885445309865
0.010619662497214 0.00827739412419274 -0.80103582490464 0.239667775200845
0.0236902475920894 0.000962642407281007 -0.014319865289402 0.645918825562157
0.00826756371793132 0.00702812746660642 0.41140070269523 0.232404507351836
-0.00448772673617456 0.00137392723782237 0.288522767751595 -0.127652547984006
-0.00610091486382954 -0.00176965043205508 0.0182188766346175 -0.230840601135986
-0.0136098281047982 0.0172641118591633 -0.0385920649288308 0.165388557824298
-0.00273212765281978 0.0135313859606032 -0.223929450074489 0.0728355418434197
-0.00953700968049498 0.00381051088968087 -0.332478539008321 -0.199342949056491
-0.00122982985954364 -0.00926221566796627 0.0142242815589389 -0.546069381245982
-0.00115859122231522 -0.000708873336493242 0.644807359464374 -0.248174627322211
3.0882521051382E-05 -0.000377822550906248 0.527675890353247 0.48471592523801
-0.0102100874145934 0.00502268622803711 -0.070342571745159 0.524675987744771
-0.00950105932633397 -0.0100179205004771 0.0231830902384967 0.0701876729339143
-0.00754032061685847 -0.00791914165269173 0.145644253260731 -0.439506110198675
0.0014129951009429 0.0172284904713819 -0.535979881709301 -0.57298029130677
0.0110570346310164 0.0124726421212723 -0.794183554838874 0.256834689497028
0.0224344478902426 0.00379091743667845 0.000153625873260523 0.646884171871206
0.00925884861324073 0.00583992665491938 0.415647034881083 0.227607093983703
-0.000592692576970181 0.00110392609552987 0.285892633365292 -0.128728374724361
-0.00666148654339031 0.000550259424585756 0.0148925557774519 -0.229198896552268
0.00325630199383283 0.00814011342107117 -0.040249997411678 0.174495703538264
-0.000664157474358606 0.00962005080232371 -0.218732477645085 0.0842312833426198
-0.00742209400838779 -0.00230479064763089 -0.360644212173232 -0.186791665352777
-0.00709815124707083 -0.0162957556195508 -0.0458827748746091 -0.542111874650872
-0.00380725419459174 -0.00590503833389015 0.627857153286867 -0.288210232440441
0.000349983631761842 0.00311452628239183 0.582108714155693 0.440070328897729
-0.018068212582284 0.0198195103095229 -0.0274861530034931 0.51937138487108
-0.0257264689872389 0.00531353767606877 0.0349637206817532 0.0676144288315234
-0.0162038417862683 0.00390880629995699 0.193284363882865 -0.442549556505483
0.000471914833563156 0.0201908421890619 -0.477477664252898 -0.628937510740597
0.00880528148719126 0.00666910949932126 -0.824483018091509 0.199698102413009
0.0177641469372437 -0.00328341359786327 -0.0732781687825011 0.664432752947301
0.0109552745038695 -0.00259331367226993 0.390008951522687 0.251002551998748
0.00334772034194009 -0.0044273532325715 0.295480374683289 -0.119434473231592
0.0110734205315489 -0.011656352931766 0.0204298947070984 -0.226421588996201
0.000201614116755218 0.00580419382704326 -0.0371840182487935 0.17345253255432
-0.0046152864183074 0.0109614520061871 -0.217198977189403 0.0822784694200992
-0.00783071458638845 -0.000437134816855484 -0.360280066049778 -0.183740279684186
-0.00484791554518253 -0.017540085520028 -0.0534783469619359 -0.54248597435858
-0.0041452635511025 -0.00847058590890063 0.618803057285661 -0.297794220898111
-0.00264956072056629 0.00358697705499087 0.584578491907508 0.431950869156817
-0.0197920743332017 0.0211368797722618 -0.0256756969793018 0.521383993915198
-0.0279003065795039 0.00711206340074244 0.0306773483303045 0.0706135104400605
-0.0193667554349647 0.00571191984244924 0.191004962004382 -0.437584307594112
-0.00167461691203644 0.021323734296926 -0.470112109000271 -0.635389501478784
0.00976896471249717 0.00371457148210923 -0.828992816211211 0.185519674676172
0.0216316218041584 -0.00448154675643847 -0.0828988509458505 0.661646186057633
0.0113852242892662 -0.000124360812132407 0.389885137848125 0.254578724937518
-0.00110989100524703 -0.00343919875741717 0.298889045014176 -0.119842868953699
0.00833526621249022 -0.0129648802747346 0.0227997308584741 -0.228771723679849
-0.00186575942360928 0.00626274677753888 -0.0347655270272073 0.170604927059344
-0.00729437776881814 0.0122849421646201 -0.218559395657302 0.083012010329818
-0.0085335584598491 0.00183223097925378 -0.358724917282746 -0.182826779862058
-0.00308719069915689 -0.0184628870835168 -0.053609117565476 -0.542094886183368
-0.00605071902898529 -0.00869933577734916 0.618415917557782 -0.304773368185918
-0.00687278343499958 0.00154872717107772 0.582270234653049 0.430662658800954
-0.0209532648588829 0.0177023483072486 -0.0305235862801489 0.524773724278137
-0.0256275565568326 0.00372439931385089 0.0269223345325324 0.0754897038427612
-0.0190824489907211 0.00196705254681754 0.190575026671559 -0.434791896689585
-0.00550612839072062 0.0183639367752993 -0.470554844692247 -0.634256518463346
0.00916553101944139 0.00280606615494482 -0.831892368177453 0.179845214120121
0.0239707411852191 -0.00590027621631242 -0.0824874029676825 0.658929626445277
0.0103574622006905 0.00277000859434983 0.390755261306924 0.256411005395297
-0.00498008941595735 -0.00232878774838484 0.299747019182403 -0.119264450892838
0.00471922279897926 -0.0121483900334632 0.0267964706019045 -0.231578970740776
-0.00582661165891462 0.00736338068998145 -0.0321878965703324 0.16977443808666
-0.00916348009813324 0.0138091207800668 -0.218773829780006 0.0800457665402007
-0.00926118233533672 0.00442111401500087 -0.355161935283291 -0.187562405516675
-0.000845056038954592 -0.0189684888797524 -0.0435413227222113 -0.546884734844117
-0.00571377822488948 -0.00942418436897697 0.622277809181938 -0.297811606168951
-0.00834279993072414 0.000935512995371432 0.573481856138364 0.440442333819707
-0.021833581708412 0.0147940302239983 -0.038344084966628 0.527881838929613
-0.0238167560788191 -0.000273322990547009 0.0254630314038332 0.0761941567460723
-0.0187366993969147 -0.00217392561681911 0.183623006192757 -0.43466611387813
-0.00788483122883636 0.0179043022017602 -0.480519763046518 -0.629368975859363
0.00894797314917964 0.00270231843761796 -0.828992852062242 0.185770378484145
0.0264459728079061 -0.00514223664560255 -0.0712530505840622 0.656447413692616
0.00897171268883835 0.00446242031664833 0.395038629277509 0.253615890703667
-0.00753474340973314 -0.00105148480276588 0.298762605355586 -0.121721322571176
0.00172370985659078 -0.0111738200824416 0.0257746617733131 -0.232029991964903
-0.00963747604807204 0.00908773476180472 -0.0343160138310794 0.167601330200306
-0.00857730945086797 0.0142477734693154 -0.221634377815382 0.0778527136110713
-0.00949075887218995 0.00539314973111241 -0.348455281942691 -0.192195775818571
0.00123251041527932 -0.0172541273003966 -0.0297250984452498 -0.550073389785902
-0.00542984697893081 -0.00867985182510539 0.630408972518373 -0.286966251746214
-0.00777700867746027 -0.000111759171915301 0.562226981449946 0.451933309861657
-0.0192631368332819 0.0120380720741773 -0.0484347384637316 0.529921133364745
-0.0191369807347738 -0.00370282449968216 0.0236228068960565 0.076428479214
-0.0179619614813986 -0.00383829025758516 0.173559699786187 -0.434973309219498
-0.00770123349712709 0.0175507287628736 -0.497100746826044 -0.617241392117228
0.00913703697979177 0.00373853520394511 -0.822477759229445 0.201859134554591
0.0256085167332109 -0.00348802570985645 -0.0519426935932664 0.654891666250206
0.00875660606563857 0.00631870144209569 0.402809800387829 0.247983723831014
-0.00726839592898122 0.00013870302562343 0.295665713694101 -0.123836691190383
-0.00268285922791011 -0.0080022435317267 0.0257601693051812 -0.234716072040053
-0.0116791909063705 0.0113333545312386 -0.034591667489353 0.166080284752776
-0.00841252923294245 0.0149012111297133 -0.221911617299923 0.0764354886342438
-0.0103341586251352 0.00583035754301513 -0.344092117366913 -0.195306105423207
0.000943607221877834 -0.0144691549155311 -0.0123736212172937 -0.550166807123724
-0.00304089106317462 -0.00642350944164459 0.636599323020695 -0.274057547549619
-0.00699442268487994 -0.000509690352050327 0.55077069614861 0.466075130291599
-0.0170177884566076 0.00859844100850629 -0.0581725357259115 0.529282342614787
-0.0169322321769924 -0.0058315418080633 0.0215955422553563 0.0759722666152008
-0.0153058870012126 -0.00598721777739973 0.164747508173002 -0.438560859937287
-0.00621711177521997 0.0179656128418397 -0.513263570096675 -0.603710416847644
0.00953435256317305 0.00518844806794994 -0.816594445674544 0.221017152555217
0.0259082905582505 -0.00174603400669501 -0.0346635991027083 0.654213903170523
0.00791896303610842 0.00748043641083298 0.407764204077315 0.242158455366139
-0.00694659890011572 0.00117494886505789 0.294646939627531 -0.126592144770961
-0.00512179751192511 -0.0051411478075069 0.0236502750141801 -0.234772047639855
-0.0134576471705614 0.0143980361183627 -0.0364383121849272 0.16728683811203
-0.00621689625878847 0.0137855520971599 -0.223935795704972 0.0744214891924794
-0.0102526337626445 0.00489644488000903 -0.338366675948086 -0.198832633976816
0.00111693834549711 -0.012147777996592 0.00377582829849036 -0.55229357929704
-0.00161300148813884 -0.00360002743054707 0.645125362331984 -0.259404117450746
-0.00349053533873754 -0.00137130173647331 0.538700361855731 0.479134302736503
-0.0140376020906964 0.00584817888356433 -0.0690571299037577 0.527814102959582
-0.0128436937330494 -0.00809375529757794 0.021279590650332 0.0733515189377904
-0.0116795393394357 -0.00665930870908295 0.156033546795826 -0.438508449180343
-0.00297128073120033 0.0180785358422856 -0.525262377025737 -0.593385979883435
0.010489260902748 0.00764514695360282 -0.810825261764927 0.237252754756151
0.0238779645055983 0.000124599560455955 -0.0191918375091596 0.653084288237441
0.00874115374778979 0.00735401617574323 0.414792303829049 0.235591195190636
-0.00413683881083696 0.00173842083471279 0.292444647268191 -0.128086628938016
-0.00548869595161153 -0.00135837283031753 0.0190988625281672 -0.233268623494058
-0.0136095856636625 0.0177562758770463 -0.0402910021704985 0.167408789253247
-0.00238514376326903 0.0141597823271788 -0.2276527089188 0.0744971127244181
-0.0098998407358914 0.00416946462221496 -0.33526702191812 -0.202002219993443
-0.00151254029694184 -0.00888015155461818 0.0171080969818914 -0.552118649496335
-0.000835748992415328 -0.000595303735493895 0.651295871237297 -0.247034391512791
0.000367045071461007 -0.000529870044373142 0.52976177692313 0.490943010345728
-0.0105456563861048 0.00504035866397424 -0.0765406212876087 0.52836555474936
-0.00962166874252987 -0.0103950420599189 0.0237600453461383 0.0716062801086075
-0.00821454508320846 -0.0094506648224136 0.150063008048874 -0.443222490956193
0.000617997692256932 0.0177601560455871 -0.535793688046302 -0.580893194193396
0.0112442787020907 0.0115665379938721 -0.802937135902675 0.252729673514841
0.0236940345533214 0.0036251172969574 -0.00440746181338051 0.652298334018658
0.00805308589448675 0.00600249628590299 0.418850454335901 0.230993570962367
-0.000398096344790357 0.000306620231551056 0.28902582660591 -0.12880989414508
-0.00630773279190586 0.00167382739227694 0.0167593838875269 -0.23176293616107
0.00299299448202825 0.00791974408230913 -0.0419929106251355 0.17741769703484
-0.000995948369108032 0.00977866079678647 -0.221288829202687 0.0841768533274852
-0.00717806083541764 -0.0026444764695985 -0.362330386131798 -0.190171718127867
-0.00731477868697932 -0.0169838165623094 -0.0461009427592969 -0.54629125832096
-0.0036972195906667 -0.00668323264820616 0.634439539872098 -0.28752121162955
0.000406723302554556 0.00299289258765681 0.58518302796905 0.444962734975578
-0.0174247565081067 0.0200350878070244 -0.0307182027622053 0.523890402012991
-0.0255769839884773 0.00477888454926474 0.0352345245524633 0.0682036497868659
-0.0160683287595229 0.00388388561318869 0.197499469682663 -0.443983466028331
0.000466228339596893 0.0207165637847144 -0.478070899072749 -0.636108722816966
0.00903523625182955 0.00773316999104487 -0.834600430266803 0.199427407381904
0.0184051052729373 -0.00254607210567619 -0.0787611873155241 0.669242403218129
0.0116344746475676 -0.00292534799477112 0.393651574799259 0.256969837096308
0.00230849279552556 -0.00440541203290339 0.300903036781892 -0.121064509407785
0.00957020018312304 -0.0126535265462838 0.0217493768576878 -0.230733158908519
0.00106085311267161 0.00672174983376466 -0.0376985791036618 0.176488640890369
-0.00430308786180285 0.0109087397215844 -0.220523590749283 0.0846284398176868
-0.00917809565401271 -0.000378018329735779 -0.363620605671469 -0.186731021732126
-0.0043511587053906 -0.0186981140984308 -0.0534235978739407 -0.547488324542099
-0.00460838656565525 -0.0086669971078158 0.629999616603672 -0.300676756266492
-0.00240280154654985 0.00360464072132676 0.589406058076495 0.438312890043324
-0.0208302250228652 0.0211216108612989 -0.0289545068971134 0.527500421469818
-0.02849858711938 0.007216504429805 0.031219264329248 0.0728290030954514
-0.0184286179158021 0.00479201468441369 0.196942330992717 -0.441475497262666
-0.00189312424226811 0.0201552749158067 -0.471203287902079 -0.643740673293921
0.0102641365705934 0.00402599697327729 -0.837848367737996 0.185136635668391
0.0215480385610024 -0.00558001714986947 -0.0855858975093051 0.667161826165429
0.0120888241307207 -0.000711968213633987 0.39273167714279 0.258696930389006
-0.00192472109066342 -0.00406125487826543 0.30269324558171 -0.120381595239932
0.00790088461739738 -0.0122564654498264 0.024732703349229 -0.233367812318591
-0.0024552282593121 0.00716008846913381 -0.0358725293985565 0.173984655442012
-0.00764134563679104 0.01336213964332 -0.220962800314831 0.0830667893705128
-0.00893697135188804 0.00248942941838421 -0.362414193129633 -0.186846112655538
-0.00290910068856563 -0.0193685849905174 -0.05175857006263 -0.54821976833108
-0.00498514684646712 -0.00920178997760101 0.625841569840439 -0.301624414188608
-0.00562298455411947 0.00194681180587609 0.587546495531485 0.436993255184402
-0.0215358167310645 0.0193975993995124 -0.033445641174116 0.530485347144205
-0.02662200798447 0.00398649866189812 0.0270463354548725 0.0768804110325195
-0.0196662088717883 0.00289231236940889 0.194508880821673 -0.437696603417178
-0.00607483944841507 0.0191416039661177 -0.471333462844184 -0.645894397746608
0.00989163597783197 0.00312596193965237 -0.842676926544568 0.176502036635672
0.0246012354216374 -0.00569970882024739 -0.0865104963559414 0.665834715245997
0.00984275283371526 0.00237964838439951 0.394081680569613 0.260068395161511
-0.00411566030436615 -0.00302057538684955 0.304971056651191 -0.120734782888001
0.00426143636427404 -0.0121116410638644 0.028342121882827 -0.235292751585393
-0.00562000210147672 0.00772866939927881 -0.0341224582894274 0.173063361625748
-0.00981499686944752 0.01341807162795 -0.22152717013828 0.0813431196814799
-0.00969433819245779 0.00370732564957294 -0.358692898716637 -0.189606953744054
-0.000258949907657242 -0.0194688555257952 -0.0432950052640031 -0.552179736749013
-0.00566667399129867 -0.00900379599160873 0.6292255306551 -0.298149730416921
-0.00830286465430241 0.000721631016209753 0.579025436374286 0.448949364730698
-0.0214786001692579 0.0149190740182644 -0.041569748882595 0.532989178210327
-0.0241231048781999 -0.000708646799328704 0.0241242418932398 0.077773636167472
-0.0189971673786016 -0.00200155485913492 0.188710270083112 -0.43708427337436
-0.00857748023990313 0.0175133029942641 -0.482159333755031 -0.636876263124736
0.00950029260328149 0.00249001272074999 -0.839927037673357 0.18611652392218
0.0260522399038 -0.00512729725858221 -0.0756277664760575 0.663702309991992
0.00961085931101203 0.00325189993604158 0.400576730974356 0.257563990562552
-0.00729928619752417 -0.000916569007830597 0.303124623349315 -0.122091693379364
0.000682152339225058 -0.0111880888952977 0.0277777315942828 -0.237391100696004
-0.00912964032161684 0.0090408735759957 -0.0351410710046508 0.171248523387404
-0.00941652919865401 0.0148914862108467 -0.224571024428174 0.0784840018073715
-0.00928454882398707 0.00532634708836041 -0.352230493736488 -0.194919063421159
0.000330770198151119 -0.0170577396644088 -0.0288246235323208 -0.55643388051265
-0.0050520529721043 -0.00738899766075171 0.635699657937096 -0.286568194997693
-0.00792394510312252 -0.000293835240570551 0.565764309979062 0.459303782136208
-0.0200698932203266 0.011879572698973 -0.0523548103535455 0.533243615470358
-0.0202025608717766 -0.00345677715705856 0.0224024522177978 0.0765376480292054
-0.0183585843633873 -0.0040771549014518 0.178742610161923 -0.439328174886055
-0.00860963968478059 0.0170249010761611 -0.497946102111403 -0.627073415256039
0.00926175460591255 0.00291574421174434 -0.832423916628305 0.200698695237803
0.0262890247233587 -0.00371872189082406 -0.0559044971592993 0.662873246582001
0.00927716915415336 0.00697474760512364 0.407244007270381 0.251093543846539
-0.00836733120431917 0.000532964483818819 0.300336728943634 -0.124582688813221
-0.00173424375710865 -0.00849666434247257 0.0259590376670193 -0.238043388914031
-0.0120161471293306 0.0121822399377891 -0.0367015613410061 0.169899268515326
-0.00811749910828322 0.0151588063198237 -0.2260569537391 0.0779113848991492
-0.0098198502354714 0.00529967153520652 -0.346467321654064 -0.197771676377523
0.00136304372178818 -0.014773539346674 -0.0109528135699916 -0.558052449883827
-0.00253421101910832 -0.00633473904264527 0.643934994279093 -0.274457383774443
-0.00586646390195211 -0.00119895799032636 0.553123414862909 0.474511072877742
-0.017351589514658 0.00901455423043914 -0.0625823803281241 0.535644291729845
-0.0171300066435514 -0.00613989182368094 0.0214901743629615 0.0765397061856074
-0.0161547718460603 -0.00692774677511078 0.169685418110738 -0.439801929226112
-0.00611827564779772 0.0173602634210868 -0.51255440842434 -0.613890097492545
0.00964383677604945 0.00591762515161937 -0.828850418669425 0.218824851342012
0.0262235447874963 -0.00093213775295618 -0.0377879494048748 0.662436156960843
0.00856488596680433 0.00711081478959109 0.41163314516886 0.245365615908778
-0.00722297152943789 0.00132469804455943 0.298911844713667 -0.127079324444434
-0.00428376170727931 -0.00515914850339134 0.023881507362387 -0.238323703374965
-0.0138688272135497 0.0146057716299342 -0.0382926719466958 0.171950850013258
-0.00547127175496355 0.0154109950049557 -0.2274507036063 0.0754436843244883
-0.0099822884244831 0.00573487116472567 -0.341081145618403 -0.202259022168023
0.00075052431524083 -0.0124423103931881 0.00653831560708518 -0.559092206768059
-0.00197053087673802 -0.00346412740567557 0.652377839208487 -0.259153665150293
-0.00291634385637716 -0.000716857435111103 0.541972660154603 0.485724992094534
-0.0136574012871882 0.00715727110929783 -0.0723442238059882 0.534300506597564
-0.0129344448492303 -0.00849409687065191 0.0221626987224656 0.0750312983009031
-0.0121852333672017 -0.00859377303777271 0.162755567192803 -0.440732026886658
-0.0032060468427308 0.0173411144886788 -0.524945015149425 -0.601694912273073
0.0107463504694425 0.00839691886652893 -0.820901471512422 0.235521107632389
0.0244349398181883 0.00179254438044911 -0.021512463514798 0.660704912885355
0.0088957041348508 0.00703170395252112 0.419157167932727 0.239965175020757
-0.00466496911704803 0.00197630976538229 0.295559993919535 -0.128717276155687
-0.00608424155581689 -0.00116880646652992 0.0222728921881196 -0.237635895193867
-0.0137659460434907 0.0178073765118071 -0.0420425629634463 0.17126000249321
-0.0026124364311394 0.014111662258561 -0.230578000769945 0.0754235716161963
-0.0101582010225571 0.00455747088688108 -0.338006126944048 -0.205948189605575
-0.00203071446042297 -0.00947015556788512 0.0188679536041292 -0.55753744194219
-0.000440605468099459 -0.000818049347710204 0.662401877309482 -0.246298349150471
0.000655596744948628 -0.00132990926370982 0.531641656341411 0.497854763158424
-0.010942836806324 0.00603448660619406 -0.0808920613487451 0.533037750311246
-0.00977741114415715 -0.0101918740706761 0.0245327999483445 0.0723910826823531
-0.00889847990316797 -0.00942630671007472 0.156443638471512 -0.445345876657811
0.000951915553865644 0.0182771865147264 -0.537289679991587 -0.590847232777341
0.0123598612910524 0.0123888329339026 -0.814014102298403 0.253867975432996
0.0239102128710982 0.00420151707954304 -0.00755806818189835 0.659818384285631
0.00856706346337604 0.00546813999125357 0.421625015288842 0.235954959356274
9.33281980232074E-05 4.19150655217543E-05 0.293521185210246 -0.128984666842774
-0.0070671431018993 0.00196408022640323 0.0177161873847916 -0.235629287721197
0.00364227272753128 0.00842054505755568 -0.0437916634312396 0.182224003235054
-0.000398838321781941 0.0098137792111222 -0.225701048033779 0.0866999452491019
-0.00806184450686019 -0.00222411488865386 -0.367223399889109 -0.193571187882972
-0.00694591386014505 -0.0171844735416148 -0.0451809560923676 -0.554966530462086
-0.00396556516146641 -0.00664585317195271 0.643448972922412 -0.292157236402258
0.000779515160163561 0.00266400069055359 0.594813702735726 0.454293078977237
-0.0186760480627999 0.0201274668025718 -0.0346890013991013 0.531184974044262
-0.0260526840587808 0.00585280327346327 0.0359211092485797 0.0697829138570546
-0.0164780429373451 0.00345130396751346 0.201525211805009 -0.451467205872264
0.000717583794580503 0.0210677273764863 -0.480717899052282 -0.647863392850763
0.00925077335471739 0.00709995634874722 -0.846485075130764 0.19864675952874
0.0191969460271712 -0.00354046688162407 -0.0812905328116499 0.678587668648027
0.0109916951771109 -0.00218165454793916 0.399155888017933 0.260895742751022
0.00290470608342784 -0.00490305379709266 0.305218075193065 -0.12143910568131
0.0100982750395688 -0.0113801274499718 0.0221772495121988 -0.234059854569413
0.00164322409002917 0.00663795446241377 -0.0404984684750221 0.180047491564036
-0.00376410364995149 0.0112255169266158 -0.224935185758738 0.0862438625482203
-0.00832878000128502 -0.000723300587031429 -0.368652677797606 -0.191626048376828
-0.00513176768513725 -0.0188608613820688 -0.0522324797275304 -0.554253764630865
-0.0048501434396035 -0.00772219269365926 0.638235060289686 -0.301175482937248
-0.00221274519365565 0.00315370281068682 0.595455994047325 0.447257362510959
-0.0214234280919053 0.0217567535120021 -0.0330628224904845 0.532196880135065
-0.0294978498263539 0.00694350944269915 0.0309679561099665 0.0745875629838671
-0.0193928826469886 0.00491666067346802 0.200827577178015 -0.447305939263755
-0.0014625917386925 0.0204518843837356 -0.475514413283477 -0.654540028744306
0.00990930281699502 0.00511942843794024 -0.852284713413948 0.184424545468981
0.0227947629233208 -0.00505715251621096 -0.0904495136101433 0.677146494637182
0.0118158306687265 -0.000383826907655784 0.397073795498995 0.264492607581862
-0.00264015311238204 -0.00313511739426067 0.308094009689225 -0.120509844004348
0.00787078380170429 -0.0132945022756928 0.0260620746906537 -0.23825888730456
-0.0010138275883543 0.0067882363742077 -0.0377631631888445 0.178230736707226
-0.00654420653305242 0.0134458439849772 -0.224629936767678 0.0842098127279556
-0.00966327257349513 0.00247851167339769 -0.367190495219081 -0.189553991092386
-0.00316106678831192 -0.0190289910851724 -0.053036053389535 -0.55653586322289
-0.0060882537284176 -0.00887691057497136 0.634961505616109 -0.307760315645768
-0.00589297621674303 0.00178685587430143 0.593231663145566 0.444770078477138
-0.0225338475900067 0.0186789609380227 -0.0349452419245139 0.53733974777792
-0.0267784258426413 0.0042571377036774 0.0272842975707702 0.077829246638023
-0.0201800522861241 0.00157302344363184 0.200004278671814 -0.443277022159578
-0.0054171746996616 0.0182895400884004 -0.474443495326421 -0.656724265497414
0.00978402299032401 0.00279704879271633 -0.853952355559605 0.178357029314495
0.0257257504361351 -0.00639348470610941 -0.0904989519978876 0.675644012611427
0.0111958998572857 0.00194316188508474 0.399286580340399 0.265120217191088
-0.00497853176960444 -0.00252641550579248 0.30803573436778 -0.121899134362399
0.0053890412915623 -0.0124512705410939 0.0297555316001117 -0.240499584247303
-0.00618205255426238 0.00802786048101773 -0.0354704433018918 0.175630934763627
-0.00915827266696706 0.014415616808673 -0.226000306727577 0.0841020244649652
-0.0094678137877464 0.00411665455003688 -0.363207862158161 -0.194293770723458
-0.000897696766955097 -0.0189963552135703 -0.0425931336827365 -0.559009165854899
-0.0060871654605194 -0.00898265803607265 0.638364455939856 -0.301960634915758
-0.00814224207761871 -0.000115570361866758 0.584099665183894 0.453911964195124
-0.0217278257766465 0.0162422184731756 -0.043666142719676 0.539964740369635
-0.0241615593976735 -0.000206016476924584 0.024522914876853 0.0783296071375425
-0.0196565006249642 -0.00162109192680513 0.192330093969976 -0.443518286593776
-0.00833343264376638 0.0173879289423558 -0.486775363374472 -0.648243604839737
0.00916381237124715 0.0026506639969396 -0.850796765438671 0.186450854351818
0.0272310002903958 -0.00527492614040042 -0.0788940161805338 0.671801896088858
0.00886299825834658 0.00368708236118522 0.405397983413458 0.262265509285613
-0.00840278136751064 -0.00154041868120729 0.307181273851896 -0.123180038452491
0.000684164958769866 -0.0106506064268408 0.0287604898429319 -0.241564201511007
-0.00852168454413614 0.0103356969631028 -0.0370509730441978 0.174865794220417
-0.00936802314810921 0.0160314239481568 -0.227419941996899 0.0811337134680284
-0.00980150848492484 0.00469110507493039 -0.357573893694507 -0.197213698300215
0.000857023566437931 -0.0169546263698121 -0.0257654615198246 -0.563364306588389
-0.00502929671545689 -0.00829387796716307 0.64603110496444 -0.291287655061906
-0.00853031153978334 -0.00101976736052021 0.571157966278484 0.465710906322358
-0.0205129684988549 0.0122214176103854 -0.0551530838078493 0.540076194103946
-0.0211322903288799 -0.00277296925603059 0.0231265831066371 0.0785256272630361
-0.0183450949409263 -0.00458579252218281 0.183133013498097 -0.443039720069183
-0.00874085093283797 0.0160349296184834 -0.502515976869324 -0.637780433338799
0.00951138863631544 0.00402670426959499 -0.845536120004239 0.201820058018829
0.0269340433227447 -0.00455493553782401 -0.0598117087673646 0.672587725827543
0.00849151598997749 0.00633446781852015 0.411810234553482 0.256516616789765
-0.0079870893852543 -0.000207092344623869 0.305734510072092 -0.125889321581972
-0.00211678764714389 -0.00824580515386913 0.0274330468826985 -0.243233994681509
-0.0117766725327239 0.012584379670187 -0.0378881056140849 0.174447718862358
-0.00896123218330883 0.0157470719044545 -0.229753814204649 0.0801367183206121
-0.0106141495297019 0.00504539285156598 -0.351257443926195 -0.202118815146702
0.000879092020985365 -0.0147405088378111 -0.0107482466130772 -0.564567252762648
-0.00339180268588586 -0.00626172524622375 0.652911847395891 -0.278077996363876
-0.00652279707079404 -0.00109305631994099 0.559291795686311 0.480942970132675
-0.0176643322536235 0.0101411933716854 -0.0658068928512701 0.54188126353508
-0.0175146572496586 -0.00591144079414796 0.022156225309331 0.0784049812553535
-0.0157995250974405 -0.00724182469821007 0.174892094998506 -0.445069659624801
-0.00692953009388199 0.0168814464822819 -0.519074341338794 -0.62321537123689
0.0100522583403391 0.00595717304487482 -0.840987892111192 0.220248119604894
0.0271461469332309 -0.00181962330439504 -0.0417862737390115 0.672540267176336
0.00826347925130099 0.00740111587702228 0.418408219441412 0.250667889285389
-0.00744234372590931 0.000693864980556826 0.302316256007773 -0.128077183034349
-0.00542685121706247 -0.00476581584980963 0.0255125630760132 -0.242689491506009
-0.0129428855878237 0.0149960511920227 -0.0406310361149298 0.174521246689733
-0.00644835120964261 0.0157122249864209 -0.232314556395445 0.0771864797564392
-0.0111242890994987 0.00466301156530771 -0.345519124564232 -0.205427315679768
0.000709693675317479 -0.0123646229196174 0.00595535770101394 -0.566269406704282
-0.00108029523890156 -0.00369772211038041 0.662668709309601 -0.263344921767718
-0.00356026024976831 -0.0011404313936161 0.548154052335885 0.493814333166008
-0.0144245465544817 0.00801032492378117 -0.0748834869597837 0.541128614001896
-0.0143998859114708 -0.00801424295746877 0.0209840780144665 0.0761929116057159
-0.0122381403953706 -0.00762735147287458 0.166037182494504 -0.447881823383669
-0.0035708396040913 0.0179789179346011 -0.529223436684353 -0.610468870866236
0.0113196639987548 0.00911629446602419 -0.8336333427174 0.237994012836028
0.0253027749429564 0.000971044583129296 -0.0245362358710564 0.668920045948638
0.00882892461562275 0.00676617703123055 0.424635626182273 0.24567500261941
-0.00553027786781577 0.00128737540538891 0.29978788553718 -0.12991171710423
-0.00654984514954762 -0.000572770241692448 0.0223696992649457 -0.241651806405639
-0.0134901440215694 0.0182760145744768 -0.0431978296856941 0.173909870632317
-0.001829525917435 0.0150452383420166 -0.234613344753592 0.077177551972217
-0.0100963394369532 0.0043432202957864 -0.341835617850122 -0.210367517585035
-0.00135275286105243 -0.00953597869092495 0.0190451103083274 -0.566612713891139
-0.00103590257155291 -0.000293082624450077 0.670134884439277 -0.249015925166809
-2.04198070465275E-05 -0.00111838421741025 0.536456348981804 0.505574022146285
-0.0106033437441889 0.00544914324302319 -0.083683443136771 0.537764621202429
-0.00985722777616481 -0.00900346626576232 0.0226499908613231 0.0737917286688843
-0.00841321848376884 -0.00923337972789651 0.160121986079288 -0.452142391112043
0.000862321820330392 0.0176084283242978 -0.543171014801021 -0.600409940841876
0.0123498665734122 0.0121854409932664 -0.826249267277932 0.25386136201364
0.0238018645895484 0.00406287212403763 -0.00928443386966907 0.669289186829622
0.00930209244742624 0.00563939420641393 0.428664123864651 0.240971946722758
-0.00157594897108667 0.00197776593284095 0.297596758787504 -0.131717499546004
-0.00699119917046608 0.00216360315767299 0.0196709214684495 -0.23895827063416
0.00383225009540674 0.00881529194145925 -0.0443742520985153 0.185707376233428
-0.000247960735658007 0.0103961700412059 -0.228995681103831 0.0894455576501828
-0.00732791144091654 -0.00278451709782642 -0.373179751252239 -0.194954271476929
-0.0065979678728699 -0.0168676065796037 -0.0459010478955701 -0.562102600525053
-0.00345813424387637 -0.00632606910891874 0.653294238426528 -0.297733987398587
0.00120291835538354 0.00292157073257679 0.601673780182094 0.459851425609614
-0.0182236233769205 0.0214915779998921 -0.0354695281000069 0.537278283685927
-0.0274664742800874 0.00611513581912311 0.0349837524592342 0.0710386607789141
-0.0165790806919893 0.00267190113824284 0.20602527899727 -0.45677747395054
0.0016029770971493 0.0206984156946972 -0.487516222229263 -0.654887884499997
0.00952184237177495 0.00778820953459503 -0.858934640133336 0.202581957700458
0.0195696190756027 -0.0033566634917829 -0.0816740547741046 0.690162042755023
0.0128183401756331 -0.00299754920020149 0.406479085013893 0.265466529513208
0.0027961656764341 -0.00493099225345351 0.309392982649776 -0.124795366153986
0.0106900462125376 -0.0118309890023195 0.0228292117626148 -0.238899228323779
0.00176833439786302 0.00700303123326396 -0.0415361043715882 0.1844054832111
-0.00391961628816989 0.0121364881814182 -0.227756374836769 0.0896167136126961
-0.00917307334081597 0.000251440377727199 -0.373937717416963 -0.192876975479092
-0.00518659115595882 -0.0185354160173496 -0.0548946158777885 -0.562905705272758
-0.00416668372168358 -0.00798028217048976 0.646981144602661 -0.307574410149014
-0.00246748685048155 0.00283408752140906 0.603716149836776 0.451816589793969
-0.0223376502155193 0.0224913586370422 -0.0332261837903862 0.541682777983794
-0.0290322121671793 0.00768033071268332 0.0313132272664503 0.0755287002261471
-0.0205935245497641 0.00423682892767647 0.205774792562033 -0.453391731043302
-0.00186339892981854 0.0206818424873848 -0.481042030122539 -0.663895320329034
0.0100418054254324 0.00408772245742656 -0.865027190005109 0.186535827749696
0.0223736955079763 -0.00539753009016603 -0.0913447493421897 0.68698156809749
0.0115557002852433 -0.00111580142133682 0.403612702947073 0.266958953417812
-0.00210933723419492 -0.00349222816648382 0.312095742073673 -0.122809842153925
0.00773812677030242 -0.0141228480373509 0.0263122801434974 -0.24213523901024
-0.00191515804651642 0.00771929035174376 -0.0394219297995897 0.181956105548019
-0.00672017752181953 0.01433244880555 -0.228758247485583 0.0889328008311297
-0.0095295899512235 0.00220835800213678 -0.372270393973645 -0.191696361111415
-0.00293796997499169 -0.0194233019989637 -0.0547014069293946 -0.56651551151721
-0.00534647507857907 -0.00934947591348213 0.644618723197524 -0.313121488333221
-0.00630538905250141 0.000914208116650295 0.600928715816889 0.452190254415407
-0.0228029819198281 0.0183066625227882 -0.0368814136949238 0.543932514987308
-0.0282832774168287 0.00454780850249773 0.0268383831280477 0.0794354304217483
-0.0193879133150733 0.00103236012683436 0.2026991375824 -0.447978025049644
-0.00634822934381784 0.0182828027561196 -0.482057160575832 -0.664470618091764
0.00973349501298893 0.00282483069359536 -0.867658827353376 0.18072679605271
0.0255460606772978 -0.00573249383934309 -0.09212491539335 0.686047059009584
0.0104620710028009 0.00126821170292765 0.40595642008381 0.268584490524089
-0.00568876469237654 -0.00336260307692382 0.314153734847536 -0.124075866084992
0.0041541267975825 -0.0127666320168321 0.0298385807972238 -0.24553952300394
-0.00440663039900365 0.00795825002052411 -0.0375390781076004 0.180067534946046
-0.00853024767032706 0.0145205806730736 -0.229350072275469 0.0857714301798185
-0.0101888275117508 0.00345296541421919 -0.36918524887057 -0.196138992582201
-0.00170547440212108 -0.019218473858765 -0.0450554759672279 -0.568405588191629
-0.00538256661876762 -0.00900292386902675 0.646683394689186 -0.305967271695551
-0.00856977404366001 0.000144727010465674 0.592406045924853 0.462107906521162
-0.021906032296251 0.0165294530849928 -0.0463112001160883 0.54646543598246
-0.025348059776244 0.000325267517521822 0.0245696909018809 0.079970514634283
-0.019990069942582 -0.00159991571495757 0.195679056565865 -0.448927183950376
-0.00830499144193421 0.0172500217762694 -0.491580805109235 -0.659188062671061
0.00933851613480101 0.0021659615946942 -0.863792426290283 0.190510714318265
0.026457297971486 -0.00528689803473763 -0.0803824993857993 0.684274544448917
0.00954645470083678 0.00371102721424085 0.412188274986117 0.266105047896895
-0.00811116341494105 -0.002030117920919 0.312015276259117 -0.125888040991487
0.000819256363059442 -0.0107382768405642 0.0298799238621395 -0.247235430919158
-0.00859625889724295 0.0102510075939023 -0.0376641587854624 0.179222410962956
-0.00935807659332377 0.0159231935351561 -0.231134472370568 0.0843918222282914
-0.0102885957349174 0.00525646903016284 -0.362834295059195 -0.198523103214978
0.000599843031178848 -0.0181627158923038 -0.0292921889400152 -0.571875992744289
-0.00410849055746442 -0.00800849499922267 0.655576268020404 -0.295788707032327
-0.00849303216865206 -0.000997525067117727 0.581515625486682 0.472663111580888
-0.0208923258162167 0.0118931190158108 -0.0569452771324535 0.548476672826235
-0.0216569240136685 -0.00228575932309863 0.0227220370088149 0.079783878519693
-0.018538238842474 -0.00437922101436608 0.186375286049318 -0.448729872202054
-0.0085207732799582 0.0173377959638263 -0.510186678264735 -0.645821405400237
0.00981320879947504 0.00274607990048288 -0.85818312999623 0.206169536974757
0.0276450975257585 -0.00427449175373616 -0.0613369663399878 0.680949422771514
0.0087396491716294 0.00656881550655081 0.419430299976831 0.258659544294239
-0.00824393792918971 -0.000201349784264268 0.309565384764081 -0.129189563418133
-0.00272317425722615 -0.00902761958353411 0.0287504352072677 -0.247403809845899
-0.0104745096756913 0.0133878284650287 -0.0388435940002 0.177595522601028
-0.00807340884021949 0.0158568589373642 -0.23340322958977 0.0822144112749954
-0.0104831613625402 0.00573137215449849 -0.357097332014398 -0.204134588967726
0.000929662899426224 -0.0154322473801866 -0.0113001936225068 -0.574715769384604
-0.00318790012875296 -0.00577292834999444 0.661969227100327 -0.28265711287423
-0.00565253655078787 -0.0014293475788335 0.567752921077442 0.487378107653992
-0.0181563371582845 0.00991971286395213 -0.0685507698268324 0.54966509237267
-0.0175596658045028 -0.00518882467671998 0.0214819488965675 0.0790212529690122
-0.016145200619029 -0.00765188770383178 0.177316355906596 -0.451088940873091
-0.00722124117854306 0.0176010007655368 -0.524454191732999 -0.633774760803216
0.0106660437710614 0.00562734704305904 -0.852645906380783 0.22539818710456
0.0271704984136199 -0.0028036088642741 -0.041967583675482 0.680166670659546
0.00889498823025315 0.00706503035072456 0.425045566583515 0.253683170428734
-0.00762082050475228 0.000426652546620754 0.307384981160928 -0.130569830904853
-0.00563546621772784 -0.00499900061206493 0.0265560605865974 -0.246759808096756
-0.0128984592886424 0.0157491530094805 -0.0412852332702065 0.17822853270131
-0.0055011199040989 0.0161184913855111 -0.236228222790579 0.0807090453196267
-0.0103604335067759 0.00513593351900504 -0.351646274696985 -0.208283323802631
0.000405364689924408 -0.0127369741259212 0.00534106237243239 -0.57489625574403
-0.000896206624540053 -0.00277507431688717 0.670695325523026 -0.267305269750066
-0.00341256792713228 -0.00277675209529067 0.556738171423525 0.499650649402791
-0.0160507735101829 0.00816640226254939 -0.0790609404807819 0.548026769486279
-0.0132851814242082 -0.00781942019710782 0.0219511817013769 0.0784348353455889
-0.0124036391715579 -0.00824732046879773 0.168186593110013 -0.4529040663229
-0.00302389830179308 0.0179846542781198 -0.53733142568996 -0.621043749260013
0.0110852670703345 0.00874932268611025 -0.843068745825832 0.240993074967856
0.0261450091156352 5.01062245485857E-05 -0.0249638295890865 0.679007453051563
0.00862822961055078 0.00684747178278222 0.430301537393831 0.249039176801811
-0.00500516064405052 0.00186680501230642 0.304883715843879 -0.132695075929542
-0.00668141576686734 -0.00170704529181289 0.0227766643574376 -0.24636979677414
-0.0133970705661431 0.0193987859117142 -0.0449480463255323 0.179036975509605
-0.00226185988337911 0.0148890523442935 -0.237291220860464 0.0791221369424831
-0.00976938495869075 0.00398947532009387 -0.348879410186322 -0.211628357062225
-0.000892565906487071 -0.00949260897106244 0.0194509363288982 -0.574181431051423
-0.000139866561065225 -0.000248509098853275 0.67772906573981 -0.25317007698226
0.000280386750306061 -0.00115253755006923 0.545216693995136 0.512586575253039
-0.0118824092754858 0.00557184827732718 -0.0844303463852568 0.546027733067028
-0.0115641521562963 -0.00925245375336394 0.0232770173214002 0.0767144058802349
-0.00774612822397577 -0.0101525420727311 0.16090778883885 -0.457028248423359
0.000756788267225294 0.0181402536824558 -0.550304785799907 -0.610846178013579
0.0114757081690868 0.0119781815321141 -0.837403102890259 0.258179628395539
0.0231690526011394 0.0042515766350469 -0.00991873608006969 0.678801889837316
0.00836387699718413 0.00668464639143003 0.434235632514212 0.244075386782388
-0.000883245416952122 0.00146644803796128 0.302797806876953 -0.13403007640403
-0.00866331123234658 0.00168003000632947 0.0211798949641395 -0.243923502841204
0.00433775375768186 0.00937074538528779 -0.0454838401354453 0.190953423206659
7.90253200536625E-05 0.0111462421594441 -0.232450777438639 0.093393676403579
-0.00864105182336252 -0.00250574095265671 -0.380368036693658 -0.19628672251571
-0.00804305908852073 -0.0174644956740665 -0.0503006827921018 -0.570443500228374
-0.00368869726626549 -0.0058020093165068 0.66212413020527 -0.303865804198981
0.000501106792858062 0.00231378249275862 0.610158851000856 0.462591357000023
-0.0185634380161285 0.0215411002804806 -0.0341478119808417 0.545039999449529
-0.0278062210803842 0.00617752899868567 0.0364017002084482 0.0721633492522377
-0.017439837233211 0.00372141068366325 0.207287437819722 -0.463049460479111
0.00121546840819788 0.0211814381569481 -0.497411338367562 -0.664781596087308
0.00959545193300354 0.00751490911636577 -0.871389938483797 0.209594910643063
0.0190722414826301 -0.00429242801010463 -0.0815896298795918 0.699748856296216
0.0121071567154545 -0.00340320862914863 0.413970531535929 0.266651193429495
0.0025009857368499 -0.00492141888595647 0.313933169838778 -0.126554446101325
0.00986950606149371 -0.0118337753473403 0.0232130000873865 -0.244621165936972
0.00213348196944528 0.00752279672735152 -0.041121358277482 0.189657167413567
-0.00383858080178558 0.0117295839161269 -0.232183226797241 0.0918080974141682
-0.0092407554902273 -3.8216693555311E-05 -0.380439063865183 -0.193930730338199
-0.00596051028697899 -0.0194446292350998 -0.0573356200147688 -0.571132836741084
-0.0042246961025806 -0.00860055642954037 0.656176006619882 -0.315611104440537
-0.00230423882647635 0.00243378205025734 0.613622641808107 0.45717643590262
-0.021139047505248 0.0231292697066585 -0.0310197565648992 0.548332540200752
-0.0301230890851787 0.00781242404887428 0.0321269357394248 0.0767779624672101
-0.0195255030732724 0.00569476035015431 0.206823005604479 -0.460957801432854
-0.00173027383054214 0.0203861421678681 -0.489341545063215 -0.672991626969093
0.0100880184760975 0.00405561237312957 -0.877640846921176 0.193903137954966
0.0236384074650574 -0.0058363017774362 -0.0901102526729005 0.698380647898477
0.0115502941942587 -0.000745164066769628 0.410721483810425 0.268999755231225
-0.00220418381201219 -0.00412913997371388 0.316333586403744 -0.12756202375576
0.0085186002081609 -0.0137796631600074 0.0263704794537911 -0.247033267346931
-0.00122409391920916 0.00756265754092478 -0.0386750010604806 0.18678309429727
-0.00693048294442724 0.0144642450726094 -0.231869088721994 0.0917628362820315
-0.00982365811814563 0.00260834942615655 -0.379863169357868 -0.192184025765684
-0.00365864854944124 -0.0200171812294028 -0.0584136048412301 -0.572751650281271
-0.00579956515667086 -0.00964613684598273 0.651545025262395 -0.319678900500977
-0.00631950396036362 0.00066836756362575 0.611344658607594 0.455912494740745
-0.0224711414421965 0.0207611042881238 -0.0362888469594331 0.552029302428125
-0.0280633424043189 0.00468368019602858 0.0270396888477282 0.0800752220010895
-0.0212953017539384 0.00127399867575952 0.206679547821573 -0.457004891496822
-0.00562829744138155 0.0187720811927448 -0.490615663534419 -0.673558305227162
0.00961939306131324 0.00317016370834791 -0.88139356252161 0.187858604987765
0.0263016446591725 -0.00654532085604773 -0.0924776931922261 0.696636885003477
0.0106411960855551 0.0013532941552327 0.413065387283081 0.270501144758674
-0.0062696140391975 -0.00292350247117112 0.317918537458315 -0.126525347942877
0.00469007591874113 -0.01308519062714 0.0288545668235239 -0.249216657273705
-0.00522806574619923 0.00906871706321732 -0.037241685136409 0.185066952421452
-0.00837179473260805 0.0156752971615122 -0.233329089712782 0.0897801407060303
-0.0102214869032119 0.00538897888561734 -0.374274106392849 -0.197514378409279
-0.0018447038591057 -0.0190531478149477 -0.0471995816172351 -0.577722628460935
-0.00578615442232208 -0.00914282372887248 0.655940866739833 -0.313381901807817
-0.00866973282406945 -0.000119992907398428 0.602426896306683 0.464083638954479
-0.0220026425175768 0.015888210290829 -0.0449509857647493 0.555117075233091
-0.024953773224041 0.000426222903533236 0.0250237439158916 0.0807869124939455
-0.0201186032434493 -0.00285087420308532 0.197706609691474 -0.455700298951628
-0.00848054725675659 0.0171715805106426 -0.502137691038118 -0.667825518738862
0.00946613946378885 0.00251355265040379 -0.877058147536327 0.196453772376381
0.0277718257389373 -0.00626741556653036 -0.0789772757037107 0.693789719563469
0.00970833798071723 0.00424779906807462 0.420281644190021 0.266885164597541
-0.00887476731212208 -0.00145349389650118 0.316043020446104 -0.129415197516617
2.1129234868582E-05 -0.0111868716283998 0.029974053895963 -0.250685684682183
-0.00832437743583604 0.0102686342523521 -0.0382904838239258 0.182883075232949
-0.00893582735293619 0.0161195142577287 -0.235221283877677 0.087686668529903
-0.011214403983382 0.00546706826952934 -0.369923950509698 -0.201266184717193
-0.000108002537865653 -0.0186128900980927 -0.0327728476730995 -0.581125127460183
-0.00456888713889211 -0.0075886094303789 0.66301343411316 -0.303356789836385
-0.00847404982215177 -0.00133701637817824 0.588266470743043 0.477621267479868
-0.020163179005535 0.0131170401792161 -0.0571699266299413 0.554721464476635
-0.0216813176676744 -0.00240643905031577 0.0228986855085159 0.0802944625127337
-0.0181973872588272 -0.00533185105798498 0.188167925176188 -0.455976547676796
-0.00777794067552159 0.0166553429928323 -0.517530999836694 -0.655948811457425
0.0100643769272042 0.00390336473011471 -0.870982141200186 0.211881144103108
0.028188272502097 -0.00411679756553074 -0.0603416039356868 0.693236073063174
0.00920590492287954 0.00595495706006854 0.426130197447678 0.261839452267813
-0.00905841637004625 -0.000666077839277675 0.314236765538874 -0.13333552251586
-0.0033545791408617 -0.00804228819744777 0.0275658377403229 -0.251954580065643
-0.010887592139533 0.0133532825992472 -0.0399349837790252 0.181893647003739
-0.00787432250205359 0.0157836680079196 -0.238055844869709 0.0864023386926398
-0.0109406794465511 0.00559313637543148 -0.362358147717125 -0.205147056684687
0.000529139553599244 -0.0154589932380172 -0.0144494343267397 -0.583041390010325
-0.0032017086991514 -0.00593450955780954 0.671394615384957 -0.288323738188407
-0.00641505531766325 -0.00139954310547281 0.57776634659114 0.493096248547184
-0.0184647875317558 0.0100810860017914 -0.0673126172791077 0.558237956457442
-0.0180590484333543 -0.00634172631181991 0.0213451721543482 0.0809068523152943
-0.0157178334951738 -0.00742900102283188 0.179112671687591 -0.458382885251633
-0.00704167251727507 0.0170446379714989 -0.535065156992779 -0.642398279247457
0.0101354016344239 0.00598450003804938 -0.865548614560479 0.229945741026552
0.0279931709738448 -0.0016516486812995 -0.0411269182687757 0.690935866180875
0.00874297894498774 0.00727440898751823 0.43275129618836 0.256094973143073
-0.00756414915532875 0.000417635345179912 0.311895790843013 -0.134133668087296
-0.00593950921474574 -0.00458661493216081 0.0262054518243537 -0.251089772531089
-0.0125929194397664 0.0158655305519071 -0.0419637355883005 0.181856894570826
-0.00480164204572933 0.0159976683391823 -0.239839000141357 0.0835212335263671
-0.0112482835745558 0.00555167183916264 -0.357870146358766 -0.208974006812716
0.000785182887888466 -0.0121647866018044 0.00279354040993145 -0.584076743539813
-0.00123352518530562 -0.00298107462473852 0.679541790663817 -0.274614504320459
-0.00290492502569756 -0.0012643109079704 0.56444593423421 0.50469277031315
-0.0150776410293057 0.00712986919598977 -0.0765140408607644 0.555687244311351
-0.014378584869877 -0.00756555053632061 0.0219157557569191 0.0791578575191945
-0.0127197725306202 -0.00844165025759361 0.170541447304429 -0.460969226475227
-0.00333670032684966 0.0175416358318202 -0.549613007979954 -0.628148037915288
0.011072143000959 0.0089673678231992 -0.858011651040255 0.249264123725485
0.0266229215836805 0.000210801986883769 -0.0212382620922525 0.690596407136335
0.00861552299720106 0.00744434160944136 0.438150866453626 0.249735834593472
-0.00527034808008834 0.00201032895887498 0.30882826662015 -0.137371953815081
-0.00823104514556126 -0.00110628829177628 0.0232056935180755 -0.250337194942498
-0.0123385750632993 0.0189389805912316 -0.0457502989770549 0.18342927465506
-0.00170057754867678 0.0153771352538636 -0.241475286318526 0.0834130062023682
-0.0109775794983955 0.00410420563379638 -0.353925435196591 -0.213313404171123
-0.00158483760371465 -0.00946476329392375 0.0173853086321583 -0.58430263741303
-0.000159352813658893 -0.000770739448392023 0.687908216895187 -0.260481692306057
9.25983846703123E-05 -0.00138087924108795 0.556003725103995 0.518269953797724
-0.0114434882217539 0.00614885867095194 -0.0830287754845197 0.55483110765036
-0.0111179718595431 -0.00954890263615918 0.0238740073976476 0.0771597045664303
-0.00883717644168158 -0.0104222346884328 0.163224201449351 -0.463400426388792
0.00137909522993832 0.0175999063191347 -0.558722788419807 -0.617459812540499
0.0128849089823713 0.0128840621132927 -0.849991325681332 0.267350795195908
0.0242591799221006 0.00387528707023298 -0.00690136750351727 0.691136766478596
0.00848293793251017 0.00542321050053432 0.443779004692506 0.246165607750242
-0.00126714824283014 0.000583215989443804 0.306629342831082 -0.136224809425573
-0.0081092350615537 0.00234350084981345 0.0193664155528437 -0.248981399606222
0.00541229350683232 0.0093703732382395 -0.0451292014437897 0.195798207239419
0.000890011427645294 0.0105827478633204 -0.234910340197952 0.0978218295467644
-0.00897326989984421 -0.0020730787090889 -0.387852725999654 -0.196167459407997
-0.00791442162711954 -0.0171803248195819 -0.0567274429052503 -0.578706783405685
-0.003571234655088 -0.005794625468701 0.669920606650804 -0.313523969955125
-0.000339403089575738 0.00197402665079914 0.62318788328555 0.465956082249799
-0.0183685933929481 0.0216352157082747 -0.031862853727265 0.553456653283549
-0.0284749543552249 0.00697368073673497 0.0364922417335637 0.0747510060348653
-0.0178393365524172 0.00377967738545441 0.2080453896498 -0.472011655134452
0.00109672777467329 0.0205799358712441 -0.507396879869202 -0.672743730143775
0.00998253750275855 0.00770651386157158 -0.885830721803332 0.219640477205434
0.0207511540480879 -0.00467849775988743 -0.0784072081364952 0.711321904084619
0.012257469070737 -0.00405230499506577 0.420927667133737 0.267129569217539
0.00165632637440065 -0.00519970431277305 0.318809714138515 -0.132482517407331
0.0104680453987776 -0.0116018110039321 0.0225181345042181 -0.248915655652656
0.00383241552550719 0.00705808040888996 -0.0411595171358253 0.193841573825212
-0.0033192143112738 0.0124798562902998 -0.235107900429556 0.0978375001692142
-0.00968812174006653 -0.000116297643648262 -0.38833379564564 -0.193357470767839
-0.00655601535017123 -0.0189850684193562 -0.0638830771132014 -0.579595309308481
-0.00421753563167931 -0.00786860499903224 0.663369493066023 -0.326390871535478
-0.00261253381264757 0.00284493946054882 0.626608704898023 0.459380877037839
-0.021424903717307 0.0237346253677765 -0.0288949780959895 0.556767812565035
-0.0306972336440024 0.00705602911077863 0.032605125608493 0.0784055820615164
-0.0202100665888931 0.00506766595329813 0.207425058327902 -0.466997732780676
-0.00185145531248461 0.0204230497880443 -0.501481045495613 -0.679258318877539
0.0110150688180564 0.00375974855754009 -0.890623456590716 0.204716292212322
0.0237795178360963 -0.00662739341604985 -0.0876354305937978 0.711404493245327
0.0117291664872623 -0.00141538070870096 0.419760443288268 0.272104463417334
-0.00325704793930438 -0.00430629570143834 0.321234810090271 -0.131895172687415
0.00724257147931735 -0.0130316213187257 0.0254867770318706 -0.25218553748316
-0.00032882836093266 0.00794507159496833 -0.0383490787901507 0.190711061862984
-0.00672812943953491 0.013934952244141 -0.23540152735249 0.0956470223003284
-0.00998614476232201 0.00254773921084476 -0.386538848308848 -0.191656616529995
-0.00420543615709102 -0.0193764258225779 -0.0643270981476348 -0.583373201951296
-0.00532652004267248 -0.00984322237127348 0.659450106090579 -0.329546566671538
-0.00645282507366975 0.000934920235954687 0.623707687468592 0.45667897873205
-0.0228522574822087 0.0205918426141072 -0.0314796233696187 0.560227102187627
-0.0291380558681312 0.00463513776565191 0.0284284108778644 0.08221595142496
-0.02153028284771 0.00119120632609218 0.207202875637003 -0.464158209103678
-0.00648538072861259 0.0185500052608384 -0.501424475862457 -0.681731950703716
0.0100300090744662 0.0024152296592523 -0.891706909829618 0.196479422602896
0.0257556260169247 -0.00720410402252614 -0.0879669198544449 0.708504716368095
0.0113377193101852 0.00128637315327864 0.42190081621702 0.271013696836677
-0.00595773640706567 -0.00272832034077064 0.322395344431982 -0.131993913203396
0.00383703717435853 -0.0133655191312298 0.0271540677474804 -0.254679370294038
-0.00349971318242865 0.00930072388956516 -0.0374838669152393 0.189971531796118
-0.009043953302868 0.0158270557873922 -0.236355486538691 0.0940289541530969
-0.0106355307594101 0.00460212458550164 -0.382268030572973 -0.195173232502327
-0.00199970961803672 -0.0195211135329758 -0.0533749983112555 -0.585699048358235
-0.00562899503132288 -0.00928645734820736 0.662613357958357 -0.324669536273952
-0.00881096396629854 -0.000168796384498444 0.614372017312413 0.465899667424738
-0.0229724233453994 0.0163778073971073 -0.0419927004288103 0.562560631075758
-0.0267548000369583 0.000819351733652072 0.02572712677526 0.0823985602245382
-0.0210269325958502 -0.00231601834874827 0.198677845031552 -0.463292936026296
-0.00766827995270961 0.0176351260916239 -0.512498197204453 -0.674213905165026
0.00987240032801361 0.00267359481941847 -0.89097236880283 0.204912090808865
0.0283566968646972 -0.00694843462978966 -0.0745477917546072 0.705394763334962
0.0101040823689029 0.00357609894725599 0.427228398134674 0.269563298481166
-0.00851597066467559 -0.00101469849398281 0.321169990490489 -0.133976483018032
0.000949703373877593 -0.0118269817509939 0.0284743783726844 -0.255607790834994
-0.00751500016247101 0.011201739546609 -0.0377583648180713 0.188051706479297
-0.00820303672656005 0.0162121948622682 -0.237937897820054 0.0926199935267493
-0.0109331895763648 0.0054185115394791 -0.377007785218372 -0.200871221140561
-0.000440202978531767 -0.0181747155018173 -0.0378243822656077 -0.588806469815304
-0.00472795999440038 -0.0080683622034181 0.670340659664392 -0.313300468376468
-0.00835117129344876 -0.0012686418066109 0.603150620204712 0.480299109105887
-0.0215073526356344 0.0129860002793389 -0.0545623058015762 0.563884243122312
-0.0229814598981915 -0.00224606994661823 0.0235800475306846 0.0828416739529681
-0.0196504648040107 -0.00511278098845118 0.188168008121126 -0.464747407638907
-0.00758163053308192 0.0163350133767662 -0.530605972869536 -0.661235012351558
0.01008344508917 0.00318513703075757 -0.881166628569233 0.223082768147285
0.0284912296643768 -0.00522854946892143 -0.0558445718330516 0.705191704079542
0.00931749701388636 0.00611434487477292 0.435784740080786 0.26043346341742
-0.00980159699435732 -0.000401284514035607 0.318423248614492 -0.138045031761351
-0.00323168951235276 -0.00802737864249584 0.0264313117933365 -0.256922257397427
-0.010450199153654 0.0138844310223651 -0.0393167077248507 0.187327154624822
-0.00684224264327842 0.0169054740691802 -0.240449536562142 0.0906508305536112
-0.0105863717904453 0.00605077792337827 -0.370130809406827 -0.206103881915591
0.00110950395526392 -0.0157638791562455 -0.0198282047066552 -0.592027504218556
-0.00294655208717186 -0.00566219121556873 0.679595603049266 -0.299734075367095
-0.00683468074937876 -0.00224425612818197 0.590215332972228 0.496882242197648
-0.0183944766516361 0.0104845522796581 -0.0654023024278457 0.565770224308417
-0.0180038056821739 -0.00468829820112425 0.0223425104478544 0.0823774494233294
-0.0162305995668898 -0.00731948518685049 0.180089496123583 -0.466193977574543
-0.00659688534652431 0.0165800860169264 -0.545897911451948 -0.649700721246818
0.011023508776467 0.00682735785820116 -0.877510648150783 0.240640046166112
0.0278659290398766 -0.00335804608136997 -0.037521166925445 0.703146448188354
0.0091773534025103 0.00643726239290348 0.44053341271867 0.256229127596074
-0.00858141738824312 0.000881009329879016 0.315694067666818 -0.139436862153382
-0.00610131748748025 -0.00486968610930466 0.0246241996452462 -0.256943735418024
-0.0124574021962977 0.0170562196742639 -0.0410185879346237 0.186900031060455
-0.00366657719014162 0.0159508889399379 -0.242308501922533 0.0893318833076268
-0.0106785127762148 0.00552698552910128 -0.365637297135179 -0.209065324650376
-0.000231729446261115 -0.0132204725649827 -0.00190024179743036 -0.592043891842669
-0.00143681626085515 -0.00376615161827882 0.68886964510904 -0.283660163927956
-0.00263903525370011 -0.00210642375058881 0.576635121722403 0.508265501909557
-0.014577160550782 0.0080950464320545 -0.0756572951757932 0.564213492424173
-0.0145090837653854 -0.00712218022895123 0.022415949728674 0.0805831673157828
-0.0135716022291347 -0.00890872258102346 0.172099460675875 -0.46823048916934
-0.00331735408049147 0.0175077559705276 -0.559713281470292 -0.634241193246929
0.0116215167579303 0.00934072218723582 -0.868715314982145 0.257776829311079
0.0268594346994202 -0.000505940058125307 -0.0186719985754391 0.701123555191075
0.0089120278970841 0.0065314954603066 0.448746637097825 0.251094286780725
-0.00607091449586305 0.00177080977122662 0.312833915324152 -0.141157918586674
-0.00785738111417401 -2.6779444882644E-05 0.0213311535374081 -0.255568940717083
-0.0118266779261912 0.02056973903896 -0.0451056319897638 0.187031044519419
-0.00089469795242016 0.0152808564053254 -0.245626988530451 0.0879045115036061
-0.0104792420090707 0.00489566434337133 -0.362361895865293 -0.2142730985462
-0.0017293236981832 -0.00941281975746613 0.012848288416202 -0.592975638581813
-0.000260091869971794 0.000239590097168037 0.696214585661517 -0.270789827324889
0.000213008849709428 -0.00191884447185603 0.56547291618826 0.52227572457978
-0.0111256211966356 0.0070677305148128 -0.0819301017795483 0.564215342274561
-0.0112429302029818 -0.00949982807990178 0.0225283233620321 0.0783051431472939
-0.00967556563914574 -0.00992445719868195 0.165112246145509 -0.471932704893164
0.000909648656771703 0.0171490520373604 -0.571603169687797 -0.624260658779284
0.0132273064760063 0.0123411987745068 -0.862039223680832 0.276451357199478
0.0249306550895632 0.00316229980356051 -0.00295621955811679 0.700904419512492
0.00979108360563919 0.00507989526200052 0.452817847140453 0.247473618914235
-0.00123861075084061 0.0013787386472703 0.310485529798116 -0.141413415599761
-0.00788479697205969 0.00219210830142795 0.0180311404111098 -0.253948693408078
0.00656779067413703 0.010329084236248 -0.0440483830861039 0.200711949441101
0.000673933187411066 0.0105479921186822 -0.237626506724621 0.104112417025192
-0.0094342768591939 -0.00216357568383338 -0.39629692066982 -0.194439845104627
-0.0083149554303049 -0.0174742477956395 -0.0666295866186327 -0.58794631981433
-0.00381674805991124 -0.00581653183612709 0.677750317514776 -0.325417933165191
0.000917167487011841 0.0026719110240105 0.636016285120551 0.46655847817962
-0.0185167323134648 0.0223034841801839 -0.0272992893348686 0.561724507956392
-0.0287526502246589 0.00719155125979632 0.0378689965908331 0.0750426708792088
-0.0183430435499385 0.00326835655005572 0.207327364955065 -0.480079452580803
0.000948109475422373 0.0202382050948745 -0.520996229664435 -0.678339764814073
0.0102239618789154 0.00724618467101177 -0.896726357469284 0.232764324772935
0.019601488545636 -0.00528050381498255 -0.0726195618607088 0.725098746588064
0.0121164924581754 -0.00414446234258768 0.431224093409 0.267093659021911
0.000758582676195319 -0.00591507069926405 0.323438003009402 -0.138127068066672
0.0102451227577769 -0.0108082777866702 0.0189569389282285 -0.253867094633567
0.00355085326753533 0.00803312750661885 -0.0404596713517817 0.198347005246099
-0.00259267808325018 0.012938690825812 -0.236445752162579 0.102971814279039
-0.00940892863882705 0.00104116975169062 -0.397056673477446 -0.191352904217952
-0.00676956075416724 -0.0189582917069619 -0.0709548403146176 -0.586489140756675
-0.00406690899789737 -0.00876404374911113 0.670240872362938 -0.336534216756437
-0.00331387780862934 0.00223765123765765 0.640667423602416 0.459634300920988
-0.0213123559687738 0.0241515772262689 -0.0244454966818274 0.564361094823363
-0.0312504043946155 0.00925017298288622 0.0331919237010294 0.0785993460506627
-0.0207576099963291 0.0050103063830467 0.207636186597597 -0.474989454684593
-0.00206624388186415 0.0204882055947049 -0.515623262949787 -0.685744549284154
0.0103817286808548 0.00444497645048926 -0.903502993659943 0.216814956927373
0.0236195393802074 -0.00743347203560838 -0.0822302780221491 0.724814436175511
0.0117428575976511 -0.00200909469953074 0.431820817225438 0.270066345188011
-0.00258554819900455 -0.00483177857372413 0.324576232109655 -0.137308946723232
0.00675078847565373 -0.0142443066138865 0.0222096399572597 -0.256726255423015
0.000357657456521385 0.00867446708329978 -0.037786296229665 0.196079901341728
-0.00567464795700605 0.0151617862665431 -0.236651822085985 0.10159771286272
-0.0108757295488705 0.00288630284940664 -0.395357691409557 -0.190540339435267
-0.00510357435244644 -0.0193874317359896 -0.0710285208299268 -0.589303634097275
-0.00539256901636375 -0.00893759759754037 0.666119284877012 -0.342522104646378
-0.00609951391027483 0.000844248753003637 0.637059060331511 0.456945415914383
-0.0231804956225648 0.0212047975857681 -0.0276721376905385 0.568282576659489
-0.029515851836414 0.00559277091907337 0.0299003653026944 0.0826208238226209
-0.0222746999558015 0.00228384135792002 0.206782996440082 -0.472115505286942
-0.00467711462426711 0.0193422936962677 -0.514632459690887 -0.687012878791109
0.0106550130529468 0.00321781846077352 -0.905512058319772 0.209598873435937
0.0256991439679073 -0.0080624189863258 -0.0832942381036877 0.721318186803532
0.0112333145235527 0.000924868261153157 0.431023974413001 0.270529397731049
-0.0066213299833507 -0.00201473693069307 0.325372016697247 -0.137820724402995
0.00430520701731818 -0.0139323998413659 0.0261477839786318 -0.259767026610443
-0.00324563985906936 0.00997407961118866 -0.035384272678919 0.193842145635491
-0.0072302746446764 0.0163975383096967 -0.239075739254035 0.0995747629539777
-0.0108194197196741 0.00426168247071101 -0.390421248044096 -0.19498266431268
-0.0022056195021314 -0.0194633879981637 -0.0611519788859631 -0.594392744503818
-0.00572514437696299 -0.00886093118150479 0.668518272398121 -0.335323676827931
-0.00822128096641907 0.000200911742887661 0.627807144834715 0.467502082243797
-0.0223350930002251 0.0170882855389225 -0.0358771124316377 0.571350383953079
-0.0263106893215065 0.00115745136509427 0.0266274759261288 0.0844348769820085
-0.0209274417968823 -0.00249086051901479 0.196888137764128 -0.472064733955345
-0.00818449076880098 0.0169267237776015 -0.525864538932767 -0.679638098668019
0.00991348345279906 0.00216157232098523 -0.902946203011366 0.219375632823648
0.0279360455741374 -0.00744636677646468 -0.0678011470958227 0.719386197817012
0.00987259510575218 0.00437487125390543 0.439194862201748 0.267222411713478
-0.00852035258884741 -0.00157434090593735 0.324686566442226 -0.139745756539455
-0.000467204689815807 -0.011296307914286 0.0260947358878124 -0.261841971317363
-0.00721075018540344 0.0116619851248374 -0.0361745370580592 0.192103696938465
-0.0083957270584948 0.0169945686030716 -0.240588924248853 0.0968035317168798
-0.0102144270766644 0.00557285581470791 -0.384633288294376 -0.199321302002407
-0.000511891317512853 -0.0188232617759004 -0.0458567650893359 -0.598016648153888
-0.00429572968019444 -0.00782126450563208 0.677412304025965 -0.325714720223221
-0.00897612241105465 -0.00213582615007423 0.616484326953768 0.481302042491644
-0.021519850472697 0.0137861955605586 -0.0493218594115023 0.573135191566938
-0.02310783067872 -0.0013847786931696 0.0246997431834882 0.0844973613400984
-0.0192092967396276 -0.00493591392281427 0.186864897801243 -0.472587323801033
-0.00863487681757975 0.0161448411314354 -0.54392598378128 -0.667198045904022
0.0100044207974799 0.00310666952177887 -0.894944145623187 0.235362511112505
0.0291140800483711 -0.00605030565127372 -0.0499328867056619 0.714429346967982
0.00859326340113689 0.00500961173692003 0.444386498569968 0.262224553203802
-0.0104609033112339 -0.00020861329445179 0.322250166412995 -0.143601125739192
-0.00411313918639398 -0.00829957745576912 0.0252724616519839 -0.262997489856173
-0.00971410046293621 0.0138371394661428 -0.0377000332479239 0.192488670130893
-0.00702915816810861 0.0171029584505945 -0.243610931065936 0.09627870098333
-0.0111192050967609 0.00620208086063509 -0.378761595270006 -0.204145867944964
0.000479045965438083 -0.0159834316280926 -0.0279744663089871 -0.600884412938662
-0.00278656741105326 -0.00548147098402568 0.685538749127415 -0.311453432817512
-0.00707172655268504 -0.00253313808287166 0.602948269315211 0.495502624575063
-0.0182498081272845 0.0104756397584545 -0.0605861561626685 0.574305332065192
-0.018660800900466 -0.00431424513881696 0.0236071777129889 0.0830800596628326
-0.0166484749771554 -0.00732145543782124 0.178304063335976 -0.473930492390562
-0.00707094234861037 0.016230780557974 -0.560153013030263 -0.654535581121019
0.00988477771683288 0.00626568878266318 -0.887699544446714 0.252801384911939
0.0289825437724604 -0.00337160879026462 -0.0293142314546609 0.714766584938285
0.00897519762379791 0.00674843801250446 0.452112886798765 0.256504245537611
-0.0096696705491917 0.000633047580283606 0.320015053059336 -0.145053725442967
-0.00726521423037725 -0.00334669601131196 0.0232998458412051 -0.262883916156567
-0.0111837440505743 0.0178318062873161 -0.0401021901282136 0.191851567861916
-0.0033465381682557 0.0164894334857157 -0.245440390952852 0.0941257966189454
-0.0107924815211425 0.00615585481421215 -0.373744204578014 -0.208886875277448
-0.00114641055440338 -0.013041321065656 -0.00996473951793461 -0.601635566807417
-0.00129479596579411 -0.00371892034950887 0.694741589125111 -0.295494964307087
-0.0034633550776396 -0.00196819742682461 0.589171810548693 0.509168724721942
-0.0146351259099053 0.00825522704055414 -0.0709523973319707 0.573781901330192
-0.0150376902200874 -0.00678778546275945 0.0226488616091431 0.0820419567792013
-0.0132243576554943 -0.00903489854382302 0.169458083539211 -0.476517891981472
-0.00243127093852637 0.0170972051420611 -0.57243853631131 -0.63944584440407
0.011222212505311 0.00931233631081466 -0.879579425415278 0.272769456710968
0.0271083646464351 -0.00108708657657469 -0.0115205307378038 0.712877632685598
0.00800803480506028 0.0064023921133836 0.45709030750235 0.249478005387297
-0.00561178875384263 0.00215921584841317 0.316577885778658 -0.147579078829214
-0.00825115465981962 -0.00096799941689979 0.0188762795556653 -0.261068473974282
-0.0119201235671552 0.0213804414532541 -0.0428188440614433 0.193092819843149
-0.000629687697046088 0.0164036141852948 -0.247990464865496 0.0947293392940681
-0.0114262959672559 0.00415700311273907 -0.369575908222568 -0.213477449510597
-0.00148964784239891 -0.0102879439266697 0.00425533050555158 -0.601982836854331
-0.000518392423767743 -0.000109380865477304 0.704050526198048 -0.281178912182583
0.000904278489208408 -0.00210322570361706 0.579452096881658 0.523524106434074
-0.0114483886783408 0.00696709594541459 -0.0765883939766858 0.571389112746175
-0.0114996338178654 -0.00817207949621516 0.0250741243429593 0.079700403599316
-0.00957027646089141 -0.0113369065805851 0.162311046804288 -0.477952350911093
0.00148138735662306 0.0184910853761744 -0.586381804341478 -0.626543505506367
0.0144516198579672 0.0121679057577256 -0.871804475691662 0.288987674751913
0.0258135019475777 0.0025921349042634 0.00361238083486803 0.711267768633798
0.00979226425897167 0.00539467043909434 0.461762696316735 0.245102477956521
-0.000978715382392923 0.00131230746437584 0.314354848561487 -0.147884249058273
-0.00931877414785722 0.00394702657600463 0.0156780947757982 -0.259141512871254
0.0078274865407433 0.0105701257617918 -0.0430667388673708 0.204733513660237
0.00191749122906893 0.0110131719926637 -0.239662336413278 0.109594618335262
-0.00912351293769651 -0.00190533536729134 -0.404222143670495 -0.192227739809138
-0.00858316412727491 -0.0171815846894322 -0.0755805832752444 -0.594443341563025
-0.00378526933722834 -0.00601260101067204 0.680232454855385 -0.338309068768628
0.000194455531816396 0.00114038548570816 0.650813435797005 0.463617929990593
-0.0189007889777455 0.0228021339728087 -0.0191628576944698 0.569809248713099
-0.028788883461645 0.00773177610925173 0.0388394062971565 0.0752269405517736
-0.019011211472696 0.00412035464168366 0.204291804171526 -0.490459178439367
0.00239430234184937 0.0204368525445003 -0.53642314335006 -0.68021221263969
0.010458210932293 0.00743850349817798 -0.90720897612325 0.248005551984702
0.0202930461461946 -0.00497762679185802 -0.0651578298006829 0.735404308322399
0.0120569733003737 -0.0046380882392153 0.440919048737311 0.265841314839817
0.00141126476897587 -0.00470190092019822 0.325182172287351 -0.144572879740199
0.00953455118147954 -0.0122985547789383 0.0167944465326357 -0.258521738701992
0.00428644920004378 0.0083576911933647 -0.0382107300008429 0.203889486577591
-0.00268402572950267 0.0128594421873619 -0.238567855693903 0.109290934268683
-0.0105752459803677 0.000620035879815795 -0.405378850735593 -0.18836324075495
-0.00683288291627197 -0.0197219284247233 -0.0816714123376251 -0.596106741418405
-0.00486125612212529 -0.00832273649507295 0.674004255503688 -0.350015410821709
-0.00236800475064886 0.00256376811103501 0.654337192716985 0.456750589626326
-0.0215687096522048 0.0256660040581475 -0.0180031555294969 0.571101302239827
-0.0308590316238896 0.00974821039618283 0.0349013896508227 0.0804767500798618
-0.0208344706059606 0.00558138365715797 0.204845412746134 -0.484271018989791
-0.00211248366168609 0.021167306939876 -0.528732902378729 -0.689572303366027
0.0106527992911909 0.00408898449481505 -0.913048882057653 0.232506090651851
0.0239000571099081 -0.00724887651370228 -0.0738680509075137 0.735135977026543
0.0122820361157009 -0.00146930138072794 0.439665922399095 0.267213578010202
-0.00173965646753685 -0.00418473837046278 0.327515907693964 -0.14541677355334
0.00742051515196599 -0.0148666470000158 0.0194321963405228 -0.262660572244313
0.00150409996053442 0.00822670550585556 -0.0358347474686829 0.201968375402337
-0.00479764661279204 0.0147246974198829 -0.240088296528503 0.107684861159627
-0.0100067650894441 0.00327906131563269 -0.404178903974318 -0.187508634560739
-0.00477356857630019 -0.0196935989491436 -0.0826004066455887 -0.597858613037499
-0.00557264829977914 -0.00969656910057469 0.670033688584491 -0.355875995625633
-0.00685055614139123 0.000780050008648761 0.652297022055104 0.454846090074365
-0.0226726946374705 0.0220401332627998 -0.0224381162815219 0.575613268775603
-0.0301929877703239 0.00716110863050586 0.0306110161621604 0.0841434641518471
-0.0216713572543281 0.00109474990048186 0.202488216291104 -0.478703605500827
-0.00524529959430494 0.0183892315727981 -0.529197313186305 -0.690095711281513
0.0104988588289771 0.00239911644580845 -0.914812970510728 0.225873192221995
0.0266154890401859 -0.00852564268573486 -0.0736624131059505 0.733220858356732
0.0113439229569242 0.00138101886290607 0.441375326109616 0.268813910385074
-0.00677102139329627 -0.00365694874291551 0.328964111609922 -0.143881276971815
0.00349176582855426 -0.0133192638761917 0.022658098377119 -0.264979045940467
-0.00367204894137582 0.00961406515856233 -0.0352072958416719 0.199613944582297
-0.00834713707431117 0.0166835849658828 -0.240695035123853 0.104546776023174
-0.0107223153032854 0.00514700781564213 -0.399007878265665 -0.193067702705382
-0.0028270209047276 -0.019267384110563 -0.0722256828262572 -0.600373254174223
-0.00596152835412677 -0.00924794436254827 0.674645195350254 -0.349574480990887
-0.00993971899235666 -0.000347409742496816 0.641994259141165 0.465275431695975
-0.0223729966002643 0.0173155550360121 -0.0312636297676975 0.578597731224371
-0.0262806271303735 0.00253359169323651 0.0281745593344116 0.0862764566632914
-0.020931130113443 -0.00356951122948856 0.195992233967307 -0.479654380366276
-0.0081016256913673 0.0166676937451839 -0.542180855580503 -0.683044634828385
0.0100872620635532 0.0024325469467214 -0.910184363741775 0.233444580725045
0.0290001383868827 -0.00857052897396068 -0.0606836580759795 0.7265311925284
0.0107727179365196 0.00270169071610181 0.449319201811389 0.264749010214826
-0.00940406415825171 -0.00113583991337944 0.326851243742012 -0.148179684779188
6.76439802256706E-05 -0.0115138204298608 0.0230371034486365 -0.266207859648717
-0.00653382719678347 0.0118178432292995 -0.0350337209369977 0.199113142625513
-0.00854859034635594 0.0167409523135176 -0.242325527438447 0.102916331486405
-0.0105146424488801 0.00663918803896643 -0.393259385242992 -0.196951996760226
-0.000828095314266907 -0.0185378100376287 -0.0549916158425133 -0.605888535665681
-0.0043053790626946 -0.0078127284192987 0.683011967716922 -0.337588141794185
-0.00915451266669684 -0.00182714202954711 0.630650659691427 0.478076186270752
-0.0215218868284139 0.0150520430146538 -0.0432992896305668 0.580943783436452
-0.0234907847891105 -0.000244949396141662 0.0263829899399205 0.0852292332776686
-0.0202421071979964 -0.00532195116583661 0.184561227098309 -0.481148708306909
-0.00800157519549073 0.0167690453164847 -0.558573405613256 -0.668417020575994
0.00980484383435054 0.00378551573727786 -0.904835430433019 0.250722604834565
0.0297338773088464 -0.00636800517272263 -0.0404970253041896 0.728169521360901
0.00989853314783196 0.00578753002348404 0.454381357271199 0.260130012172294
-0.0109690939285875 0.000189142210833889 0.324865096861195 -0.149679897533381
-0.00406222358036504 -0.00806735805452433 0.0211117659677916 -0.267049801528952
-0.00939628657254054 0.0160615413868856 -0.035294869466154 0.196086418980479
-0.00566915555937157 0.0172645747825923 -0.244214360417007 0.10211110859063
-0.0116379457016861 0.0074595036486941 -0.386459278012494 -0.201994776914889
-0.000521982177096549 -0.0158778717815044 -0.0390076708769572 -0.609614836705654
-0.00284378383802851 -0.00661570918054855 0.690374534848593 -0.325838677114297
-0.00713336421276574 -0.00253879995817888 0.618019604894825 0.494039997433345
-0.0188549502925255 0.0112550433938227 -0.0552573534578868 0.582187912725932
-0.0186261607520645 -0.00394817820411786 0.0251355603893724 0.0842490365885641
-0.0174099372910379 -0.00747389344690557 0.174426251798524 -0.4823788795452
-0.00661251955948447 0.0165665129981563 -0.574816376949301 -0.655989543056094
0.0101479962064016 0.00594056706976455 -0.89763297005033 0.270123058761435
0.0291044394435625 -0.00429171656535816 -0.0209634706841098 0.725613053628652
0.00925130181779952 0.00672830202456416 0.460816383346059 0.252330578585842
-0.00926801991832066 0.00104080426265975 0.322026291482658 -0.152769395947414
-0.00730890382580983 -0.00458194321593445 0.0194577164619309 -0.266357622605929
-0.0113368795802883 0.0181170983736628 -0.0388215914908208 0.196376598935665
-0.00369967084554868 0.0162157456930178 -0.247880890901547 0.101636209653644
-0.0115134677357805 0.00653120504560029 -0.38199780462007 -0.205517331893154
-0.00100293139533339 -0.0126820639008208 -0.0187590910775074 -0.609502544064335
-0.00089208295326761 -0.00284787850289832 0.70160987099863 -0.309362156061421
-0.00444897909832305 -0.00283460564206972 0.601371076967311 0.50971310054279
-0.0142496138964549 0.00872259534362946 -0.0648383118200928 0.581372701735996
-0.0158752378606354 -0.00638321631151022 0.0244388816445444 0.083122495517836
-0.0143531378109818 -0.00885670444570822 0.16641883675509 -0.484497034700679
-0.00234951561978335 0.0173954419134373 -0.58821173245143 -0.641403200300899
0.0119168945980985 0.00904585095415361 -0.890765408656451 0.286773931498847
0.0270965274509586 -0.00130607755268825 -0.00288653396282133 0.724355976299601
0.00938613071650771 0.00607058287023498 0.466910418753786 0.247056547600555
-0.00610433521762892 0.000902077388031378 0.318103251429845 -0.153786011448463
-0.00796036700263114 -0.000107081114887334 0.0172291137228271 -0.265891255717914
-0.0108957974808711 0.0213192764148849 -0.0430010489634122 0.197729742662507
-0.000420863133798106 0.0157908683865117 -0.250092327945625 0.0991312021239785
-0.0115262050741751 0.00514011446179417 -0.378377280365203 -0.210146500552537
-0.00213284952131666 -0.00931137361999311 -0.00346562072787604 -0.609426653718123
0.000166457322466298 0.000128164910268156 0.710374331624371 -0.294796997086572
0.000406641258544459 -0.00275800199872324 0.594257841284675 0.522833275368082
-0.0117275822175959 0.00753330768364491 -0.0729047848608558 0.580328996969192
-0.0124139546994825 -0.0078333514342588 0.025743941799854 0.0805317028345451
-0.0102631979358091 -0.0115727660883452 0.159553201295791 -0.487793793317529
0.00156328588509921 0.0171454290348999 -0.603228491113061 -0.628338037484816
0.013713560629602 0.0123848714537486 -0.880475321936782 0.30706053212061
0.0250994427172189 0.00125896669506923 0.0130678914255819 0.720396548132539
0.00993041186504915 0.00501067378853276 0.470480731038841 0.242186893405341
-0.00177890051954727 0.00128241018328259 0.316504549147509 -0.155510894450459
-0.00890161494550666 0.00263025613065952 0.0129964488036672 -0.263863414808781
0.00836565917435466 0.00980223426552677 -0.0395829709503016 0.210090691273634
0.00283279506547586 0.01097600250558 -0.240687613496963 0.116755964068435
-0.00890196463798701 -0.00160135483617283 -0.411109982644354 -0.187290634212844
-0.00949163161243816 -0.0165773343467549 -0.0857718335875581 -0.600184034453662
-0.00300961396046407 -0.00623229943150625 0.68387104251841 -0.354926686478721
3.4950264200171E-05 0.00192743859405173 0.665977279113433 0.457361434851999
-0.0183477631300436 0.0236747067446146 -0.0109390673352751 0.575728013654721
-0.0295619355938537 0.00858098021017861 0.0408821001093836 0.0763275474015773
-0.0185752458303194 0.00342517063303369 0.199908548646428 -0.498524126725428
0.00273278394459421 0.0208961311029218 -0.552730009781785 -0.68097256552986
0.00992263777614003 0.00699585542207679 -0.91372784910238 0.26562220615582
0.0203199751951222 -0.00570900676685205 -0.0525254848811609 0.747491209101644
0.012405992919679 -0.00485709000241214 0.452611544297347 0.259486079207664
0.0010179510087723 -0.0053696453554053 0.326907175182175 -0.153105324034364
0.00992647054208931 -0.0117605229819375 0.012546997253468 -0.263544128897058
0.00516568598621719 0.00826707673093573 -0.0352062511972626 0.208553679949593
-0.00108149634621647 0.0124439302301517 -0.239016173028902 0.115589025882411
-0.00986786667667154 0.00193925767071568 -0.413389202744772 -0.184515611188584
-0.0075664866366071 -0.0189647602653076 -0.0923080656256011 -0.600179252132432
-0.00525806016565394 -0.00815545858733174 0.67626626217194 -0.365873356223769
-0.00288350589076945 0.00287207349162915 0.668412311208787 0.450535985481947
-0.0212945041997704 0.0258273068543763 -0.00964237669704277 0.578706014248673
-0.0316294788300344 0.0105655225228765 0.0366487232916231 0.0808502536876184
-0.0210803631430709 0.00513246920433443 0.200065703008358 -0.494131911468188
-0.000815629541338916 0.0204084900853763 -0.546292742211994 -0.689272992555583
0.0111648536404351 0.00419007501919882 -0.91937947383635 0.250683977721545
0.0234265054155238 -0.0088125992206585 -0.0614192012651808 0.745351481023872
0.0118350825923819 -0.00176280648752478 0.449295770806977 0.264545572743443
-0.00244835527639309 -0.00347776225108377 0.328721755162662 -0.152747937258494
0.00720039233841973 -0.0135587906828144 0.0156459576453848 -0.266665812688688
0.00129026587460375 0.00904651729223038 -0.0323428829838365 0.205516016765752
-0.00468963718664132 0.0150514601782336 -0.239545929831467 0.115026527846375
-0.0111127911249915 0.00404555544378916 -0.410747527888166 -0.183467689346496
-0.00484919702754031 -0.0200386263232386 -0.0944409092862237 -0.603097489823581
-0.0054703811006485 -0.00882691350349469 0.672653919753117 -0.371560304758233
-0.00685641616305713 0.000434498911953617 0.666817579979124 0.44973622693008
-0.0226237725933465 0.0224110574061241 -0.0137245056302898 0.582638925012277
-0.0305973026419056 0.00754383914758358 0.0326572478644138 0.0849561640090526
-0.0221881424301787 0.00194359024901809 0.199131244422591 -0.488358763552395
-0.00471916000386154 0.0179838208726173 -0.545873720214994 -0.690657218288751
0.0100892911885815 0.00296085131160231 -0.923739653000761 0.24273118152906
0.0273000777719738 -0.00975741036490153 -0.063453105532956 0.743865701026647
0.0109051134839405 0.00106446787649077 0.452471841409572 0.263590951276536
-0.00725995783003873 -0.00260147402899785 0.3302979092039 -0.15209371279365
0.00342219030161668 -0.0125990264303125 0.0178700279431597 -0.269912471416013
-0.00173314831969747 0.0105938603375516 -0.0314966160040813 0.203780403607017
-0.00747909034405728 0.0159882477882763 -0.241167356401951 0.112373176134546
-0.0108375900249922 0.0057610478464332 -0.406873608694547 -0.187912640075534
-0.00407542274925687 -0.0197758241783442 -0.0830225455233681 -0.607253636867534
-0.00613466578204416 -0.0084332940053486 0.676590469961856 -0.36559836399299
-0.0104579639746009 -0.000628774330144959 0.657332690289459 0.461864175929169
-0.0229732515582765 0.0185417927994466 -0.0232073205152114 0.585738722628676
-0.0268986903262882 0.00360814461397708 0.0289985922423988 0.0858222668235415
-0.0225698133428985 -0.0022176489703369 0.191217754134675 -0.48842397725777
-0.0079676909989575 0.0169046671175799 -0.558485448068266 -0.682753785352631
0.0101519342845986 0.00273144924171301 -0.919266906178067 0.250384927039469
0.029029061372411 -0.00946668554742439 -0.0494554416659524 0.739120339226102
0.00999855114174113 0.00317145452426637 0.458632318762223 0.2602266427461
-0.00941872879258648 -0.00094357684586958 0.329800668887615 -0.154507677848259
4.56529152389187E-05 -0.0108033932431144 0.0184570875246232 -0.270043677681783
-0.00634398121571912 0.0122429480301171 -0.0320576534720001 0.201473291691297
-0.00715791012722672 0.0173394078655278 -0.243108599786262 0.110162225436577
-0.0110478548647221 0.00708687870218379 -0.401362642339347 -0.192522448669709
-0.00176151993652889 -0.0178549535147566 -0.0665251400069527 -0.610730145436621
-0.00475246507124549 -0.00808605994868644 0.686272189000636 -0.354008162614768
-0.00923280605993033 -0.00200950023052613 0.642970624969759 0.47468513251324
-0.0219354592220417 0.0152843647538829 -0.0347668873235526 0.588602818997284
-0.0238897992549843 -0.000632917260759947 0.0272029694289434 0.086008716101884
-0.0207318914557859 -0.00526668426632544 0.180483496235877 -0.488423648134131
-0.00763491741673147 0.0168528773905235 -0.572815710081792 -0.668175961340767
0.0098628771463337 0.00368384721999384 -0.912520325355774 0.269721156196305
0.0300290829501474 -0.00750275214745812 -0.0303343040405816 0.735222849548409
0.0102177332040795 0.00532700608909032 0.465700785851838 0.254252869121743
-0.0104186075107001 0.000270082237452937 0.327112592824829 -0.157199314871172
-0.00433780825908413 -0.00865556463080178 0.0176441189686901 -0.272020812141037
-0.00830307721344442 0.0152000649119997 -0.0345754932151642 0.201492425126702
-0.00533663784248532 0.0168809792800061 -0.246575134059078 0.110172503709924
-0.0111961731813501 0.00801875701487472 -0.395113812896143 -0.19698592428997
-0.000264016880301233 -0.015962811877271 -0.0483006683127728 -0.614190967891656
-0.00258152560026445 -0.00614716472167495 0.693936715673153 -0.3420502645723
-0.00655174097266546 -0.00233495612818862 0.632773892745581 0.490428913632962
-0.0187820112237236 0.0120983708577689 -0.0463702690481626 0.589464626461596
-0.0197751872044448 -0.00372702215110023 0.0260340050837904 0.0865130237567711
-0.0179097451036635 -0.00735740367783218 0.170608042149729 -0.490205806235155
-0.0062698638451685 0.0161625590799604 -0.591702759151435 -0.655552056594743
0.0100412477278613 0.00508054287343577 -0.903375431701079 0.288474638977502
0.0283194161623241 -0.00459510273108568 -0.0106104053002975 0.73507796646858
0.00917909641472007 0.00634685805100342 0.470555211117186 0.248899838772474
-0.00968736312074535 0.00152325666798649 0.323395700335943 -0.160519675512904
-0.00777227712619802 -0.00471877243119324 0.0153869781718182 -0.27172388636004
-0.0104571715428461 0.0181699945204405 -0.036655093079927 0.201365666028234
-0.0032606048685328 0.0169026901174271 -0.249040575981957 0.10746122590147
-0.0105969354953425 0.00663637601041349 -0.390011271498623 -0.202723334913712
-0.000811693364795193 -0.0122516767486756 -0.0298144508660184 -0.615701171492649
-0.00100955636988092 -0.00268798976423018 0.704633018888086 -0.324887748653948
-0.00356465600475527 -0.00271401911103284 0.618656946539122 0.504801590565048
-0.0147431304533877 0.00900377537014042 -0.0569714756868832 0.590347561718718
-0.0157987709250037 -0.00654700190002254 0.0266778478085944 0.0840571334765284
-0.0144659445606382 -0.00801668239509984 0.160651870098496 -0.49126863860897
-0.00173057498978731 0.0161998014761205 -0.604388853611627 -0.64046908884028
0.0114098407873096 0.00917099814351363 -0.894952146660357 0.305179627789209
0.0282481874502851 -0.00163813870915136 0.0105902789251448 0.732002568928979
0.00919679952742024 0.00605948410595491 0.47866046137161 0.242158588082604
-0.006419992787435 0.00142283753592326 0.320088220077865 -0.161842429991134
-0.00824483691239887 -6.98483601090961E-05 0.0128896798741862 -0.270580570351371
-0.0106254130757889 0.0220145312261731 -0.039931749330984 0.20257511915781
0.00021441410645215 0.0161440040632575 -0.2501502905891 0.106682284968026
-0.0118662880231131 0.00542863268310451 -0.386688204731528 -0.206940578548342
-0.00318901294806128 -0.00908712462757289 -0.0151833780529194 -0.617261692442052
0.000279911179153058 -7.18056218887778E-06 0.713318176222972 -0.309611250201218
-0.000106862979912567 -0.00228271481650036 0.609332624578577 0.518435729225124
-0.0115812840855399 0.00698985537220034 -0.0649389713700743 0.587964256004683
-0.0124843483375892 -0.00789109711820049 0.0286286783366773 0.0819789701485542
-0.0106450829575055 -0.0105360079810845 0.154357821192512 -0.496941456266016
0.00267085330062608 0.017042355950271 -0.618025658735585 -0.627127028727129
0.0136627236579709 0.0126419978602473 -0.888361654900223 0.325619889085838
0.0264015909541361 0.000973051188394462 0.0267874665067963 0.730747721350997
0.00976498207523051 0.00546325501977301 0.482817879487261 0.235916442888061
-0.00218955201195209 0.000956479713243079 0.317212104393511 -0.162843806445812
-0.00880721545143042 0.00382059812169584 0.00887769559593708 -0.268666384988904
0.0103352655547133 0.01046759031296 -0.0148782235493264 0.212965624856994
0.00329651603981019 0.0116916195895766 -0.225697837026193 0.146437288388793
-0.0113681052492803 -0.00071822010929896 -0.431920155681548 -0.141661123165464
-0.0148678670728321 -0.0196071869697586 -0.148428947347014 -0.587659695956036
-0.00142881874821442 -0.010697139302173 0.639239897943693 -0.428782178247083
0.000824697573391032 0.00316495682180817 0.715741974527206 0.379973488932945
-0.0142773200227671 0.025998122017199 0.0600740090210891 0.5776535942902
-0.0287536790302625 0.0129215939402224 0.0506758351994428 0.0723904282364578
-0.0181302032443766 0.00687523763132729 0.136247987711954 -0.525185449663347
0.0053672323942591 0.017665099204937 -0.643447418311316 -0.609974071222765
0.00760092979274236 0.00434073238542675 -0.883623151954383 0.394358485825042
0.0140387199914375 -0.0121155658323653 0.0554281939515347 0.76114376242121
0.0105093109689833 -0.00805630929175732 0.492031288067132 0.1991100849623
0.000519789989786777 -0.00614122739289943 0.306043443210684 -0.20099109437873
0.00914004533850568 -0.0134114065242511 -0.0271715690865541 -0.268700677050939
0.00691735115601428 0.00841670912631595 -0.00977827987346444 0.211576834395565
-0.000890369674938688 0.0143940253782148 -0.224413669611226 0.14490655247419
-0.0120613090486194 0.00307877940138001 -0.432609205794134 -0.137813697079081
-0.0125545394727391 -0.0220346713486379 -0.157115661241529 -0.586711261809694
-0.00207122854134743 -0.0126327613208945 0.631571237238145 -0.438261432674288
-0.00210673562683789 0.00419429152353607 0.718794024360314 0.369921249585633
-0.0173749318733095 0.0281801220813738 0.061346349934667 0.580631242330739
-0.0319317892256386 0.0148246217624753 0.0471368727044362 0.07810919753284
-0.0201682733369453 0.0086407132926787 0.136432076231931 -0.521797307954305
0.00246779291146206 0.0173101752799542 -0.637454985025981 -0.619820124242287
0.00896038511078013 0.000616455850400512 -0.891283216827587 0.379848032763886
0.0184038109215427 -0.0142901794867647 0.0458044149625543 0.76247650224015
0.0102909592111197 -0.00530286793412021 0.490557160823314 0.204424122742846
-0.0041813839006901 -0.00452481106941342 0.30791843900483 -0.200550860248017
0.00566096140861504 -0.0147515819802511 -0.0232106150587936 -0.272916557583356
0.00400853751947075 0.0095715137433429 -0.00735289881681459 0.20824819885771
-0.00328151966191571 0.0170007105331044 -0.224605816182026 0.144153275760997
-0.0122132714130906 0.00511494489179287 -0.430384800236296 -0.136076399632677
-0.0107583348784907 -0.0220518133218339 -0.156666652229423 -0.588496175329407
-0.00368655189785947 -0.0140750112965951 0.627510082907918 -0.443609576956219
-0.00629327593518747 0.00252847163327495 0.714144509184407 0.369161110372893
-0.0188075923732726 0.0260487536527467 0.0585447030800239 0.584993837190398
-0.0294779652976881 0.0108967681109963 0.0422025168550751 0.0818585389936901
-0.0222954752119916 0.00448855046371135 0.135068331095997 -0.517600344310273
-0.00320534862378027 0.0160203958755701 -0.637481938312712 -0.619795652357816
0.00842462721032677 -0.00122293017656526 -0.897397026996183 0.371532191595047
0.021523817916567 -0.0154647382827458 0.044883887465887 0.760030223104321
0.00916125278844291 -0.00188883268226466 0.493316114645634 0.204290885811919
-0.00823027822752274 -0.0021432388977698 0.309179539254354 -0.202051038791289
0.000980251242381825 -0.0138852639866919 -0.0208260957035782 -0.276450313095554
-0.00011586066000616 0.0109149845818564 -0.00651609740718304 0.207188718933935
-0.00582018006768947 0.0190436564268004 -0.22667119762624 0.143446926608866
-0.0122997130405762 0.00800162838285486 -0.426621586532232 -0.141327524890183
-0.00870354647400077 -0.0231720883096242 -0.144498938270712 -0.59464185374161
-0.00393340157560807 -0.0129481011274976 0.632579510825723 -0.437939313900784
-0.00947396345416966 0.00161200743882983 0.706809294033226 0.382278914889909
-0.0198052075658046 0.020734330917114 0.0502971068230066 0.590543297981986
-0.0268620343145268 0.006867088872875 0.0398725845427545 0.0834791555915
-0.0219264201957065 0.000696997269046835 0.127149251010467 -0.515792415853588
-0.00564665427522322 0.014575785650008 -0.648240200698077 -0.611353393261793
0.00694472077559568 -0.000943189990238846 -0.89018856609141 0.379916024879984
0.023418255723338 -0.0152344068392724 0.0591678188878141 0.753850387868612
0.00900785995367565 0.000272960922327339 0.499582734073564 0.199127477884224
-0.00955071416054791 -0.000743123227511624 0.306758396347081 -0.202743486090613
-0.00308911813808311 -0.0117677405641814 -0.0211514666050715 -0.279285828117052
-0.00406909578889788 0.0143276866734633 -0.00754073435291487 0.206487224871222
-0.00580727129807309 0.019361826306609 -0.229008116616454 0.14146242362518
-0.0125253815284614 0.00982038904484596 -0.421548387724142 -0.146930167356769
-0.00664720269377676 -0.0216533500706396 -0.129135362648917 -0.600119855360715
-0.00285839255916781 -0.0122409609879443 0.640937832670678 -0.42619936686823
-0.00982086817217353 0.000623393303383445 0.69523852273656 0.395994800063672
-0.0183689289417996 0.0177730690225445 0.0384398252461514 0.594323341983717
-0.0229729617002901 0.0028107872602303 0.0375250152580836 0.0832813684709418
-0.0207315609514272 -0.00185615063916236 0.11760496909681 -0.515864610422442
-0.00554140121019085 0.01439267205572 -0.664925319303262 -0.595166844880584
0.00775347944455345 0.000138957594385152 -0.879836829883546 0.396178919396005
0.0242768135543043 -0.0140603201710976 0.0771222281695582 0.748617886799345
0.0083173403853225 0.00269550074223653 0.505407626230193 0.191976096030968
-0.0106215730142529 0.00126375520823763 0.30392096424991 -0.206377289059294
-0.00528656290043492 -0.00716052787446885 -0.0231659780881042 -0.279216046074755
-0.00605638783584563 0.0166829156363017 -0.00950126654914558 0.20488828599341
-0.0044841252396574 0.0189328586413411 -0.230699251912023 0.139225880224087
-0.0119533746862908 0.00935817009263974 -0.415787403243714 -0.152773751638339
-0.00478538793043366 -0.0192782681074521 -0.112667903860196 -0.605859545377996
-0.000987193174116956 -0.0101623277657245 0.652776384134047 -0.413535594108319
-0.00751434404595764 -0.000372012636599717 0.686099587889454 0.413986601833926
-0.0154739957350146 0.0141051949384935 0.0259117938573788 0.596087091993697
-0.0195797315516784 -0.00153707091655782 0.0357252171325704 0.0831187835148064
-0.0187675671923114 -0.00385978566688486 0.10808036663143 -0.514432990379316
-0.00348685086994963 0.0149388958828844 -0.678029219577141 -0.579042600955306
0.00853938417832406 0.00284927290075274 -0.870152622506212 0.414084681602605
0.0231839170737849 -0.00970358105202277 0.0976567608257657 0.744403036774256
0.00914858749043419 0.00432803725239007 0.508599680490398 0.183400822387424
-0.00966139865771228 0.0017016635090051 0.301477881744491 -0.208595710772647
-0.00787764086842151 -0.00293658036299261 -0.0246216881438268 -0.279673778341755
-0.00748173552277677 0.0210877790549707 -0.0126957945500742 0.206548566837625
-0.000869483805611939 0.0181789500906045 -0.23326728908232 0.138072747031189
-0.0123476004289615 0.00905232229318049 -0.411630834895413 -0.157536324633952
-0.00531986721615228 -0.0164335075872702 -0.0942326601603197 -0.610500728504647
0.00118475253860662 -0.007201181154639 0.662201558590603 -0.398972635789077
-0.00344279539703208 -0.00077793757283234 0.673893195565333 0.429698034607264
-0.0128466384006722 0.0106236387681149 0.0168741415037503 0.59725093116727
-0.017018626122039 -0.0030435207522263 0.0358272526362225 0.081373119493963
-0.0153166840590891 -0.00779188798738775 0.0979389874551009 -0.516153636940465
0.000471203233888648 0.0149513834083699 -0.690036348951393 -0.560352852540693
0.0099386163348668 0.00568567465742359 -0.859736379802439 0.430896670935357
0.0232302037629625 -0.00872508704132926 0.114882664360247 0.736746072693835
0.00833373677250701 0.00497656161808643 0.514891621371241 0.17697505711882
-0.00535502661865695 0.00170744817692767 0.297621527469959 -0.208641186441063
-0.00941645226977666 0.00175161094926678 -0.0284534752092722 -0.276722783841474
-0.00660059728287071 0.02453675757765 -0.0159385999398428 0.207508543304572
0.00269841919343684 0.0170708849770086 -0.236509883240188 0.137334545278094
-0.0134950403860755 0.0072035106763762 -0.408313398169095 -0.161754766072186
-0.00739127388883572 -0.0120235741782182 -0.0813034556316669 -0.611308064512258
0.00387297214831008 -0.00430340922274773 0.675056879993863 -0.386862854844849
-0.000507429689733271 -0.00151034223755327 0.666796341668664 0.445420594441022
-0.00865266463329302 0.0092791735932745 0.00890809033984707 0.597455072188771
-0.0136354005742297 -0.00663148908179122 0.038274465278117 0.0787909005687916
-0.0113750465916747 -0.00867075969295235 0.0911895957051166 -0.518626880579472
0.00430425459004815 0.0144902058767519 -0.701409923857498 -0.545266909109003
0.0116636771457332 0.00922463471564584 -0.8485346728904 0.448962265173874
0.0215011602074627 -0.00468223671357263 0.132097562905764 0.736420924712639
0.00865709119440224 0.00208302326972264 0.518860643852985 0.172583805910549
-0.00123158673014444 2.1582853644495E-05 0.294073841800935 -0.210510075986384
-0.008246212045422 0.00440453414852704 -0.0323664877258013 -0.274633465342732
0.011127590234875 0.0107198088934513 -0.00878669395277353 0.217972285733759
0.00448059614563854 0.0115375059252585 -0.222971817206339 0.15139751602911
-0.0122228257893147 0.000136674627822662 -0.437869823559151 -0.132888641874099
-0.0148956490336305 -0.0189278374171077 -0.163319860070335 -0.588059410987755
-0.0019502725864025 -0.0111996690150414 0.634292543118567 -0.443684892726479
0.000342079788929504 0.00220449033086827 0.727786377402249 0.365189355767548
-0.0129809013472777 0.0261603144782816 0.0708493725386742 0.581836900708388
-0.0287686906419404 0.0141550121050344 0.0524021911641535 0.0718580441024528
-0.0178045608957306 0.00741155458417382 0.126841951278535 -0.532895083944619
0.00608145268321347 0.0176933674726061 -0.659766551653171 -0.603168213234873
0.00866750447424691 0.00339772369894404 -0.881556599980618 0.414358402447689
0.0150402972724485 -0.0119625382040601 0.0717355874171304 0.767493613420115
0.00938323362078439 -0.00821630807451933 0.499656356291318 0.19036554844074
-0.000886239601980974 -0.00565152496148853 0.303492786225436 -0.209143037036185
0.00773925373190558 -0.0136701515753134 -0.0330638842455944 -0.271418317407682
0.00728949115265229 0.00883699834215716 -0.00536230964831321 0.215523740711071
0.000150400752297403 0.0138604030343348 -0.222102047820981 0.152113916299706
-0.0118621222992916 0.00361379459071022 -0.438222170057978 -0.128014202192726
-0.0133787223624794 -0.0212314303451227 -0.169601052341581 -0.588358692079025
-0.00317236913237735 -0.0128570600701259 0.627644746100429 -0.4531650852145
-0.00276112627894086 0.00435342116666437 0.729304268997107 0.357956618171277
-0.0167786955344135 0.0280942169458211 0.0728994343026295 0.583385944195359
-0.0302119958046745 0.0158063684826237 0.0480995129652763 0.0774269036101618
-0.0207185367318502 0.00903612784857688 0.12997481894842 -0.528543708533542
0.00264512847026935 0.0161304315440446 -0.654792622350439 -0.611676380171971
0.00759171620543377 0.000603702551309952 -0.888754577899904 0.400014734874149
0.0185836951703991 -0.0147570072146348 0.0616917170295335 0.767689414342861
0.0102887869116273 -0.00584748001656359 0.499765783924 0.194313503544229
-0.00429349102463758 -0.0040389432127614 0.306854592269526 -0.209279920025627
0.00469562899285939 -0.0148188505621587 -0.0290106736404223 -0.275082592287097
0.00401058797824189 0.0093460783327472 -0.00293639827159418 0.21301522758374
-0.00326982896501098 0.0169100467877949 -0.222583503258592 0.151737955987732
-0.0125055557269894 0.00671281867033924 -0.436441065403077 -0.129004165560386
-0.0115740831499848 -0.0232620013982227 -0.170890018949656 -0.59020517860078
-0.00533703199163181 -0.0133227035300057 0.623972918698359 -0.4593364566416
-0.0061914676814443 0.00265302956955632 0.725910796842398 0.356768775554547
-0.0182053264214823 0.025984880029281 0.0697573088383552 0.587285249320146
-0.0291580085916666 0.0114574423378929 0.0441566846369356 0.0817415306792679
-0.0218628605473134 0.00526560980020308 0.126445532138932 -0.52356858258698
-0.002000851789451 0.0157232887968555 -0.653709899492036 -0.612864836662782
0.00751350753939627 -0.00171619555657997 -0.893669742863437 0.395292650336112
0.0217596045341684 -0.0172064986034973 0.0599137257768334 0.766050514584544
0.00927743014043395 -0.00311061540509036 0.500045917067386 0.195605840173508
-0.00845716291039251 -0.00198558328814611 0.307071498698171 -0.209371277224909
0.000549472914619177 -0.0148905215249959 -0.0263449198159206 -0.278876937696331
0.0013875364782043 0.0110764084037007 -0.00339239975112008 0.211070372122561
-0.0053570312741883 0.0183638894896865 -0.224650656306941 0.149810906605546
-0.0118243513473075 0.00790642597564924 -0.432592678332465 -0.134013388875787
-0.00913893951358947 -0.0222349485716695 -0.160404379357687 -0.594133022807158
-0.00382518177022802 -0.0135120459451455 0.627167512572049 -0.453265868160437
-0.00921351231757175 0.00267438193566882 0.717057721747274 0.369341630477022
-0.0184497984631849 0.0211577551141712 0.0615947994512228 0.591662249078474
-0.0261049371142114 0.00792479955460019 0.0410599981126783 0.0830382995143289
-0.022287624461165 0.00129249707143735 0.119110432938627 -0.52069634335745
-0.00523517411960877 0.0138935753918289 -0.664681291243518 -0.602690205567201
0.00707061147942089 -0.000844147359978101 -0.890265150567124 0.400561688633765
0.0229354453336228 -0.0162746762148015 0.0721737682786519 0.760422254235805
0.00944356084723644 0.000453436349015318 0.505851127739443 0.190505391868662
-0.0110450698014007 -0.000573953106283686 0.304983978182296 -0.211225890879427
-0.00267404530826511 -0.0103409681088851 -0.0278289959638341 -0.281116278055685
-0.00270015006282521 0.0140079681440139 -0.00424638123554886 0.208754752769886
-0.00417983200959711 0.0190917564128809 -0.226993808250711 0.148050200370003
-0.0121091758021198 0.00936190691835231 -0.428164492619522 -0.137888417943429
-0.00681062031894451 -0.0214380289858974 -0.144322202369771 -0.600770542112811
-0.00272254188000532 -0.0131223719955038 0.637197935970249 -0.442646414835217
-0.00971323423726182 0.00150593516556904 0.707104910608083 0.384978614847525
-0.0174721870405346 0.0170183568434561 0.0489948329580072 0.596878200108745
-0.0228659981094356 0.00327923837375981 0.0396845323525201 0.0838101614056042
-0.0220063702951015 -0.00154139273644941 0.108185275680483 -0.521395346503387
-0.00561457409012997 0.0139808469547823 -0.679028824495047 -0.58718647729111
0.00727277289904159 -0.000587380522730566 -0.879365203277773 0.417593647412929
0.0246081369891431 -0.0141199091585865 0.0940783483654996 0.753147078624449
0.00821961371587519 0.00318798969042275 0.51318340686389 0.182612369729187
-0.0109103342914607 0.00138404572247972 0.302579323004583 -0.214484991697364
-0.00691379839552103 -0.00664763217111188 -0.0288593156811678 -0.281385919548465
-0.00518687338936648 0.0170721436318986 -0.00565170424705937 0.208908671527629
-0.00358227823412133 0.0194366500422504 -0.229290277670281 0.146467431376764
-0.0125329996562714 0.0100955155849439 -0.422909486953224 -0.144360606665456
-0.00620975438221857 -0.0188396330121727 -0.126561899766715 -0.608535019178211
-0.00150397953913974 -0.0108366578648489 0.647209039946874 -0.430837368760534
-0.00730233429621908 -0.000573108277349197 0.697631629806064 0.403804027211443
-0.0151677935899954 0.0143150929922195 0.0391640373845305 0.600615439293282
-0.0197177147501693 -0.000277655546235762 0.0383127803428267 0.0833023624749935
-0.0188281467248281 -0.00423384786515846 0.097928126114074 -0.521988848418951
-0.00258137368292525 0.013119313922558 -0.694354608509797 -0.570677212157321
0.00887404451685115 0.00210527281792957 -0.871332950690869 0.437275583731631
0.0237977889319117 -0.0115099998906234 0.11094806688823 0.747225508105855
0.00859116812771281 0.00369855482735165 0.516330101648132 0.173617540703107
-0.0102423374738055 0.00306196594264287 0.299773858959675 -0.216103543357304
-0.00866987746166793 -0.00244982996261995 -0.0311824278821221 -0.282227617342276
-0.00664848514444806 0.0206067984938151 -0.00833354128392169 0.20952123976309
-0.00117073903562756 0.0186471311369654 -0.231412834986939 0.145487207654075
-0.0121904848811335 0.00881819202330394 -0.418092463507697 -0.149846831158907
-0.00508190573009734 -0.0151574357391337 -0.10806610122284 -0.611235177416843
0.00102689035188482 -0.00827833715856521 0.659412062256261 -0.416549537700535
-0.00364665886214764 -0.000514666834514153 0.687111767395379 0.418851106781689
-0.0123283110770467 0.0113585724086239 0.0270310690779421 0.600483419526535
-0.0167853584579689 -0.00384729132912765 0.0376809260682351 0.0820741058061345
-0.015766617275403 -0.00714482621629089 0.0889856005173342 -0.521553093712851
0.000591973243831185 0.0128742834581531 -0.704532285773783 -0.551039423800745
0.010314041588123 0.00533322017783334 -0.855533025687563 0.453648690254084
0.0234369738306184 -0.00836614975602583 0.130553821486267 0.742584482216208
0.00889534409110595 0.00368670029102345 0.522061000054042 0.167443344733962
-0.00687097222137944 0.00216115728265342 0.296304676750298 -0.217591558916361
-0.00922047279579061 0.00165147364138644 -0.0339221765690595 -0.280386831604894
-0.00600389229472014 0.0243093629853048 -0.0114616161614578 0.211160356464096
0.0031323825348666 0.0161856458046596 -0.233709802959049 0.143885694235424
-0.0129567376835605 0.00890407120639993 -0.415415574867554 -0.155271568267897
-0.00761328687895469 -0.0118780310450109 -0.0933275215702433 -0.615000047472503
0.00300956881671273 -0.00431889269513194 0.670768387392711 -0.40170313716682
-0.000274110220753587 -0.000880904823207683 0.677893436671183 0.43440891384237
-0.00899393422742556 0.00983488261988031 0.019054923999694 0.60025092140602
-0.0142269054970237 -0.00642903196171969 0.0396509069488403 0.0799900100317311
-0.0122552181310292 -0.00872931831793863 0.081418128558558 -0.523439046843727
0.00471529844918273 0.0134301442729802 -0.716200603083206 -0.538853358720387
0.012423831068013 0.00869272049907414 -0.847439600058903 0.470052670512128
0.0205547971793615 -0.00434937257637906 0.146872889935065 0.737750280186053
0.009033911609034 0.00152017416615342 0.524912249719674 0.160683807759804
-0.00215989443303833 0.000153512521813504 0.292490916764038 -0.218907423948473
-0.00774384041487036 0.00538697173992291 -0.0382007019031615 -0.276064195482016
0.0123208874572159 0.0099729550136218 -0.00406851169418743 0.220365847624341
0.00557815574741667 0.0116044753385156 -0.218605881158769 0.159362215946666
-0.0118540144242001 0.000987763245154364 -0.443250686911219 -0.122639101118144
-0.0153997140226609 -0.0186698365237822 -0.17820958923491 -0.587162058811266
-0.0017458257504241 -0.0115722575656085 0.627298007022884 -0.458049203675923
0.00045316787958901 0.00324592012049809 0.737268281675228 0.350627673247323
-0.0132709194516954 0.0266877959381717 0.0821765125162277 0.580339597458488
-0.0280319330858471 0.0146348562844494 0.0532170110047708 0.0716025850800245
-0.0178496966746477 0.00657480982058186 0.117480433032359 -0.537613546040688
0.00592890054175483 0.0157986244607433 -0.675282946874655 -0.59113133665229
0.00863003847043253 0.00284654090707165 -0.876236147262473 0.436727003548618
0.0147866028080859 -0.012583769884635 0.0883686640572515 0.76901519186583
0.0103718198434151 -0.00832650441840984 0.506351027833656 0.179806409844462
-0.00177181608371839 -0.0056523839932242 0.301064798448243 -0.217731771717753
0.00739792171077644 -0.0138866194431073 -0.0392415646010115 -0.271786890802382
0.00812569889739384 0.00764833360434458 0.000245573611181563 0.217794007381212
0.00134187406083048 0.0142639342663352 -0.218808371784846 0.159261825942068
-0.0126609577112796 0.00350566691952852 -0.443630467770685 -0.118953578443421
-0.0140836056889023 -0.021352405372568 -0.184209832416064 -0.585096901280879
-0.00317415484260341 -0.0135337378389696 0.619789221020623 -0.469994492074372
-0.00259107026051141 0.00333657903641378 0.740479488820691 0.343185181086643
-0.0163141307521441 0.028983569867388 0.0862484380885432 0.583990540464926
-0.0300481135398819 0.0172126401499083 0.0493015121968451 0.0761710946153541
-0.0203536328800053 0.00840967424665247 0.119036004984317 -0.53206306801811
0.00250232818485696 0.0163914303524604 -0.668250524756225 -0.598726981706862
0.00808267806082372 0.00103032051922969 -0.88703287725922 0.421584689833862
0.0176158184185584 -0.0158723386707752 0.0789952874290626 0.768736789119946
0.0100168265993484 -0.00678286400301657 0.504412823190294 0.1837765341567
-0.00502711747779629 -0.00386417091075176 0.303163300712781 -0.217476621385259
0.0036690633601818 -0.0150679050772806 -0.0365143013062429 -0.276342246651261
0.00523256291745196 0.00930425217536262 0.00264230502648847 0.215629774017456
-0.0018106285188772 0.0159659760958541 -0.220518974908145 0.158706291801436
-0.012637589590652 0.0069482508315962 -0.440565410975862 -0.11911590926299
-0.0126386504397445 -0.0216125955164064 -0.185039364078535 -0.587517634019779
-0.00464550938211032 -0.0132037588467199 0.61446849212638 -0.47445823203851
-0.00742213906960943 0.00280116120386878 0.735958005335389 0.342718187189146
-0.017414976063119 0.026313493375745 0.0822462702087879 0.589187159944363
-0.0292543276777913 0.0134110604914447 0.0457594325537612 0.0812758427527682
-0.0226975910917514 0.00548221979515275 0.117167516793546 -0.527507486799662
-0.00188239351193587 0.0154942646928067 -0.670044932944162 -0.602715178605501
0.00710348529295697 -0.00119223923411381 -0.891610336379781 0.414314931865342
0.0207191883332936 -0.0175615688487828 0.0778010403393399 0.76863882216122
0.00869409039065325 -0.00344910241318844 0.507519935115737 0.185473137814717
-0.00887890791960121 -0.00200493098802484 0.304329160317374 -0.219559101085027
0.000154933616592889 -0.0140608075431288 -0.0336560514019076 -0.280400790473837
0.0017147309865101 0.0114615285370181 0.00219748831869504 0.213235632054385
-0.00419874526959697 0.0178484094970093 -0.221793327364693 0.156595599731714
-0.010992504164539 0.0087518044255305 -0.437917199278785 -0.123165845310122
-0.0103120441787513 -0.0221365920301105 -0.174079997729499 -0.59322314804371
-0.00490706424815404 -0.0140428587874571 0.619015835891203 -0.469478213997381
-0.00939686027574811 0.00193523688296981 0.729365042193357 0.354311740275163
-0.0185729230814107 0.0215828554458733 0.0744417026979259 0.593910283820015
-0.0263553968255484 0.00835237956494363 0.0430440357290611 0.0830183900905129
-0.0227702601579384 0.00135307435574677 0.110061982692089 -0.525450099823696
-0.00516128416594776 0.0139631440065881 -0.678754662517792 -0.59116752236449
0.00710730121983971 -0.00141818528650728 -0.884663983611263 0.424399909170578
0.0231941112250583 -0.0176210814335221 0.0905444337581104 0.760731512898969
0.00867203974847599 0.000814990880513644 0.512169734048453 0.178252994040181
-0.0111728307270406 -8.97862835402604E-05 0.302794597591489 -0.219338363917853
-0.00320749412872437 -0.01070605929175 -0.0335503217797033 -0.281018780917915
-0.00184869272104037 0.0137685203392976 0.00180732922933855 0.212071114522231
-0.00376460336877788 0.0193184387710698 -0.224261549514927 0.154830849481044
-0.0117989832997357 0.00975490731432952 -0.432492193728381 -0.129874927518787
-0.00750192707113179 -0.0213109856964944 -0.158586041957863 -0.600772549196037
-0.0028528933261213 -0.0124468396421479 0.629565018309867 -0.458998250172614
-0.00962785136789247 0.00153908150416741 0.718838605252312 0.369478596946425
-0.0177078340815625 0.0190772767220785 0.0625827973032203 0.597516715104894
-0.0230842319011575 0.00452831256721864 0.0410014281442722 0.0835676656130707
-0.0209526606808068 -0.00140625847039222 0.0995297351990875 -0.525017284640673
-0.00498312235624342 0.0134129693394415 -0.693076126479333 -0.574377782762296
0.00799110279707812 -0.000220716937518063 -0.873470685437367 0.439211560005035
0.0233163635446284 -0.0160044146644905 0.110049933469757 0.754953974688935
0.00849467620208481 0.00254030714518971 0.518149362308966 0.17100155077116
-0.0108156993808951 0.00166441710849999 0.298212876664922 -0.222734106417399
-0.00664381584605371 -0.00738855899736114 -0.0348016130191752 -0.283321318953005
-0.00506274698641382 0.0177282151995889 0.000529507237776375 0.211175864989908
-0.00241237905226414 0.0188706296723452 -0.225985370318347 0.15428031869339
-0.0120626974299419 0.0106428086332008 -0.427390105964605 -0.134979010994227
-0.00604320639025524 -0.018646963108433 -0.141430799661449 -0.605437098650741
-0.000533944692953239 -0.0113603214214166 0.639212576900299 -0.446474733090029
-0.00758368439328222 -0.000453977156551636 0.708069918786569 0.388864604126449
-0.0146905782010975 0.0149708809039481 0.0500161286096074 0.599880783282405
-0.0197361463420899 0.000135111079754181 0.0395703535295551 0.0841364848887324
-0.0187125619400121 -0.00461336151290757 0.0890468314109126 -0.524380956089693
-0.00394436944844456 0.0131380003321811 -0.708046201647534 -0.558142855110112
0.00839762051300471 0.00238611004376374 -0.86227739400769 0.455772148417729
0.0233247050549619 -0.01166862066077 0.129737501287096 0.747324417291849
0.00786760116102257 0.00328016223751981 0.521612995007553 0.163889921542612
-0.0096377926766472 0.00306431891706041 0.295132091939602 -0.22419267157506
-0.00896009909952685 -0.00338536576103046 -0.0382951038231362 -0.2823248950026
-0.00602355522269881 0.0211550106426394 -0.0032957360374974 0.21283985380787
-0.000693883939975139 0.0178639477073017 -0.22941513418349 0.1523970965927
-0.0116987499375844 0.0102734847339419 -0.423954659240175 -0.141125662820373
-0.00604001315179842 -0.0146563037729942 -0.123508367840354 -0.61044187743228
0.00141628695510664 -0.00786546193168109 0.653033198210626 -0.432924676921332
-0.00398721594853121 -0.00178750904951932 0.698003855816327 0.406076094004825
-0.0119325467115052 0.0120985749104581 0.0404735267010234 0.602202144193
-0.0159268557647341 -0.00387725073032881 0.040135506359743 0.0821790899533402
-0.0161465531623296 -0.00669572109285589 0.0778856542048236 -0.52310952282219
0.000165619319104585 0.0130380585553752 -0.719194003958386 -0.541296185453545
0.0108796668935659 0.00456718072132721 -0.849059652404886 0.473634944705406
0.0220291620670368 -0.00872019148912654 0.148620894776639 0.742086913009333
0.00833811595605697 0.00396481149694466 0.527448314221191 0.15486322346584
-0.00709689631996856 0.00236920750480296 0.291233645775488 -0.225041490954291
-0.00950955548738168 0.0015063021639125 -0.0405452997739364 -0.28078464284488
-0.00464638627967133 0.0243329283813059 -0.00619836714645972 0.213312432934707
0.00370799924703916 0.0164089305978879 -0.230917597545164 0.152835547399789
-0.0123734962250226 0.00878096838297769 -0.419624065885876 -0.146406976651399
-0.00763949491080648 -0.0110420500418101 -0.108608342193615 -0.614273570288818
0.00341394384591866 -0.00522603855376216 0.662564073307012 -0.419475629948947
-0.000165723081976408 -0.00126992750871126 0.689781637968244 0.420738055533346
-0.00888916043928097 0.0095783800469367 0.0334505832702663 0.603297537820469
-0.0139519952015462 -0.00511972620777667 0.0409473370633451 0.0799863453458354
-0.0125812471044573 -0.00901436757272945 0.0710683787171252 -0.526039638647618
0.00515763722544323 0.0130915912267883 -0.729800357573849 -0.523966493224737
0.0125697192848693 0.00829501897303455 -0.836582136677934 0.490896644862086
0.0205179953417945 -0.00548977113060284 0.162983085937829 0.738532797622655
0.00894242841923634 0.00147216970198929 0.531252485744134 0.1497221366928
-0.00286977256002566 0.000592144646746055 0.289380891197051 -0.224554386719615
-0.00902920843394454 0.00514638031827982 -0.0440430549761375 -0.277430212443838
0.0127756653700759 0.00963806818069889 0.000946573814102975 0.222263044463893
0.00566879649845303 0.0102278974737275 -0.214699181339036 0.164532876592078
-0.0115829305911212 0.00134833272981183 -0.446128842571112 -0.111723727579477
-0.0160526796093387 -0.0183209706281214 -0.191685260292413 -0.580853216094599
-0.00158990875628917 -0.0109840003600622 0.619160720667778 -0.473498940553158
0.000435250915290248 0.00328974034085471 0.742771502165715 0.333873295291256
-0.0138154469789917 0.0267502338451289 0.0948967783350618 0.577827980679525
-0.0272172504406888 0.0152847749726347 0.0550806810302329 0.0712930701241853
-0.018880203625489 0.00786943986283024 0.106821793157999 -0.538310828644585
0.00564065683094077 0.0150528410020686 -0.686439713164087 -0.57731704491382
0.00812419079541876 0.00291046752693042 -0.864702650866842 0.456900194025012
0.0127246415811947 -0.0136664564437629 0.10581626396819 0.767342817055381
0.00921736026855363 -0.00846299151373157 0.509929886570357 0.168614630482392
-0.0013432280573729 -0.00560649102340214 0.295460972530638 -0.225117323951963
0.00759137910613372 -0.0146195308751176 -0.0447303958855724 -0.271898627375663
0.00997932001378093 0.00773365514511324 0.00531940198907082 0.219896654649636
0.00124127983049592 0.0132348202026862 -0.213668382114424 0.165648170644914
-0.0120018428224737 0.00394167233667615 -0.445323584894604 -0.108649615760917
-0.0146527399074293 -0.0200805021298041 -0.197786699304417 -0.580654209521993
-0.00371855195616169 -0.013570846088711 0.607748908618234 -0.484132366145383
-0.00302795750475519 0.00342702400447358 0.744779795558874 0.32544684216397
-0.0152427045113929 0.0291795693238654 0.0979451594618598 0.581476240671747
-0.0291500529015262 0.0175804964658517 0.0516762927215931 0.0760850553125051
-0.0203587321713269 0.00980168566149131 0.107439392506554 -0.533849251418162
0.00262934384870087 0.0164875230856765 -0.681016419742815 -0.584310496665186
0.00808443562370861 -0.000154131095604166 -0.873715937184276 0.442013017157521
0.0164426926990711 -0.0163493327397781 0.0969889824135947 0.768314378817089
0.00902961392239904 -0.00651116029813304 0.511269141633993 0.171512005394925
-0.00463569540502567 -0.0032443232402256 0.297745256645462 -0.224987051863225
0.00380447658714872 -0.0150560619695466 -0.0425937657952898 -0.276618726875052
0.00626434854342327 0.00912287501637853 0.00749935694181292 0.215806569971437
-0.00157900398909978 0.0162538372337017 -0.215847898816608 0.163736508689219
-0.0117409548310825 0.00704199157657339 -0.443566892818709 -0.108905874790355
-0.0129380584444184 -0.0219855162217417 -0.200143173204682 -0.581872467419048
-0.00463995190119115 -0.013721792756859 0.603866455892594 -0.488186764524806
-0.0066640147616169 0.00293959114996061 0.741477609644851 0.325921074993878
-0.0172407960626663 0.0270687839619223 0.0942299388085549 0.585070594482838
-0.0296277413069805 0.0138490889225728 0.0484072234773713 0.0807755177350835
-0.0228058535743519 0.0067168473773303 0.106784996049212 -0.527093488576593
-0.00203034284809487 0.014566917898218 -0.682249596622915 -0.585981056786381
0.00664503852612931 -0.00142077065090057 -0.879526955405306 0.435955285413257
0.0208087566797009 -0.018327314981461 0.0915595468502269 0.767163790394771
0.0095595780559078 -0.00334541713875359 0.510531026707768 0.172626325477567
-0.00835731438229484 -0.00140814472641022 0.298960501272842 -0.224792476843627
5.08162562906725E-05 -0.0138965622263218 -0.0404126373054026 -0.280011070305893
0.00273277496832532 0.0106466422941066 0.00768099196786 0.215041258970979
-0.00326008203302029 0.0178645529222712 -0.217246086825319 0.163166370948062
-0.0114143477425894 0.00945045758475607 -0.440795426012019 -0.113757519995308
-0.0100176586796816 -0.0212094503193996 -0.188667676239939 -0.588804560121485
-0.00516288657987878 -0.013411649707441 0.608882984684881 -0.482862905493103
-0.00968717157034333 0.00211124454182214 0.736262421169679 0.339365251301039
-0.0183736763280101 0.0233275394070998 0.087247074305292 0.590248501961171
-0.0263241103211709 0.0086508799895392 0.0455930796142922 0.0833039697685329
-0.0224555628857626 0.00220683047710354 0.0998385809476891 -0.527232810025264
-0.00375847413907529 0.0134818024521429 -0.693601551484894 -0.578147290846283
0.00670345749001627 -0.00189040422014376 -0.873742116456363 0.443863236713764
0.0217814345241718 -0.0173187172809859 0.106385386404819 0.759283666313357
0.00923773969347239 -0.000749170038005877 0.51727841910172 0.167240267144011
-0.0109197145160484 0.000606058276802094 0.297852403799525 -0.22811121021765
-0.00321937191512486 -0.0102883218350087 -0.0406735487075115 -0.283164596994204
-0.000938032410665258 0.0152115053928783 0.00689193867895822 0.212970294367571
-0.00389886153368335 0.0192058240920309 -0.22002741522067 0.161055356280009
-0.0119738008035828 0.0112438670134748 -0.4360634605679 -0.120116619912982
-0.00836610425370836 -0.020782130421007 -0.173119429654911 -0.595350708087863
-0.0034705080921575 -0.0130650550297862 0.618951233338093 -0.473110503449105
-0.00978470774089313 0.00109581040716585 0.726431958247548 0.354262108959653
-0.0171130256545144 0.0186136772195255 0.0746989003335456 0.596482361660276
-0.0233089133369323 0.0051423791763201 0.0436027472606381 0.0841788472651142
-0.0220332852174874 -0.000160720178126822 0.0888534615462216 -0.525987260592645
-0.00535520154038585 0.0131675487962286 -0.705467852245447 -0.559196366736235
0.00715853615568102 1.86663142743657E-05 -0.863130392187898 0.459260783194989
0.0227899286849925 -0.0166172085652064 0.125386594266023 0.752378371114335
0.00869698597361707 0.0014511884569616 0.522044545967118 0.159003013038614
-0.0118317687576282 0.00151715008827323 0.294619366275088 -0.230479891668991
-0.00603890492600057 -0.00661321837317371 -0.0421953144609572 -0.282388293602967
-0.00320295785868512 0.017482524189068 0.00516915772534937 0.213699920772879
-0.00230348856290789 0.0189725635098767 -0.22085760952954 0.160430576054887
-0.011952538667003 0.0105458588946975 -0.431178354410839 -0.124767955594415
-0.00676475946706419 -0.0176773827515638 -0.155174839254439 -0.602001925733874
-9.58961054927235E-05 -0.010763529509035 0.629499711727135 -0.460263968786287
-0.00780829213499803 9.26061661928913E-06 0.715682008921862 0.372256145436742
-0.0144531322478394 0.0150990860081426 0.0630460795101877 0.597689543829192
-0.0195291577939541 0.000730963604411358 0.0417511668028642 0.0835927975266211
-0.0193034708776696 -0.00400766522437118 0.0786163958080791 -0.52416512824599
-0.00296069134028661 0.0128261103223663 -0.719360805982747 -0.54157747996971
0.00832408573003965 0.00216212824196294 -0.851600833100132 0.477104857655224
0.0226769165737803 -0.0133145842506018 0.1470739126885 0.745229572786765
0.00826051444337976 0.0033036900439266 0.525489559809101 0.152219046242004
-0.0106222155532649 0.00332659401930581 0.29056391620813 -0.232630510033523
-0.00909197730640952 -0.00211758660689848 -0.0449490110074283 -0.282249793123227
-0.00438802750332962 0.0209162954192887 0.00246593786026369 0.214312449874977
0.000788971706205409 0.0178542251935293 -0.225517191759203 0.158088518625403
-0.0114014104196066 0.0106168574984968 -0.426717898111315 -0.130959579264316
-0.00649782408688263 -0.0148835378143055 -0.138023491929826 -0.607895288732051
0.000861151173419044 -0.00789267362582585 0.643114142755211 -0.447330986097591
-0.00553281376527604 -0.00129720035505632 0.705864352831337 0.389859631219131
-0.0115835223107952 0.0126266525432047 0.0515105988558347 0.600510244435372
-0.0161961972846822 -0.00249405914846129 0.0418467015897971 0.0814346871385639
-0.0170508782812892 -0.00591075492846701 0.068878156598035 -0.525711825688867
0.000296405966774407 0.012387670986012 -0.730510661795093 -0.522852862379332
0.0105293985457656 0.00559939295485696 -0.839226440395261 0.491364921110685
0.0219946035099726 -0.0104058798012272 0.16257323630168 0.738666195788304
0.00895155957249838 0.0031675749136114 0.532850269401903 0.144290395140419
-0.00621861269324444 0.00242613629134895 0.28709199213834 -0.232139923051114
-0.00891911014393801 0.00257326470596839 -0.0486094108894255 -0.280343931070211
-0.00347469862466047 0.0249678616795627 -0.00092500091193797 0.215936933190802
0.00402137064535766 0.015889641534387 -0.226804288036533 0.158049762333117
-0.0119544243003266 0.00913666808711221 -0.423495668564096 -0.135774176783714
-0.00781690254775872 -0.0111186542435189 -0.122318874570228 -0.611105902402222
0.00372716654831819 -0.00554601493423541 0.653691776653181 -0.434101271338962
-0.00114498435980391 -0.00239839192321609 0.69966155454733 0.405120804752575
-0.0091224275289848 0.0100317291993412 0.0452570879394064 0.600563475402402
-0.0125360541933048 -0.00464621852100903 0.0437840883843409 0.07917765495114
-0.0124692757504504 -0.00915492618460712 0.0607765857098363 -0.527718951890313
0.00541109013389284 0.0120275663405255 -0.7413426744032 -0.508740480841312
0.0121269256633423 0.00841645077675636 -0.826215350871228 0.510837951782313
0.0200123893970689 -0.0055846074891552 0.179339395936236 0.735831118637619
0.00924745748859658 0.000689779643632794 0.535923256617829 0.138406311367229
-0.00197957269826687 0.00175320145181528 0.28328611482409 -0.233664329071399
-0.0085195915507929 0.00619473436441369 -0.0514342767445597 -0.277336807104687
0.0131104000129602 0.00861902986936903 0.00715009742321514 0.222830694525538
0.0060444459008719 0.0105740300969405 -0.210460010588113 0.169745367815012
-0.0110579865895346 0.00099662524926061 -0.446704873890474 -0.101487426631949
-0.0159790980389042 -0.0176675937676588 -0.204178847869903 -0.573342308302567
-0.00263221172207529 -0.0113188816837551 0.604815942320064 -0.485661193213802
-0.000295926363830735 0.00308063084394617 0.750494292383085 0.317737752536586
-0.01248824471729 0.0279739860809324 0.107046595890656 0.573620733188689
-0.0271619437924448 0.0149966863606565 0.0576277328504225 0.0704341206799286
-0.0180351877131879 0.00879002370379805 0.0944914350552241 -0.539503967143373
0.00661741249078292 0.0148121033143985 -0.695550802587078 -0.560790197547603
0.00847013389589383 0.00360244686319962 -0.851262092775435 0.473814899518002
0.0128232905862457 -0.0127984833789641 0.121251434782771 0.762059987369493
0.0096359958712118 -0.0100510044650347 0.512325154251358 0.154830894908875
-0.00111943428445801 -0.00581909356381289 0.289720439770546 -0.229785434292447
0.00630417414794458 -0.0137991442920331 -0.0505061115954931 -0.271238767227195
0.0104196351790887 0.00800614293848456 0.0110396846022232 0.220130949953617
0.00221910831463247 0.0133977769357727 -0.208137517759341 0.168955700846692
-0.0115987071451831 0.00443668991187772 -0.44703187642749 -0.097344156545595
-0.0147412995068301 -0.0194936960907816 -0.210903740627103 -0.574551065616053
-0.00382288249636961 -0.0132525610874598 0.596092994888557 -0.494822629541164
-0.00365316444903303 0.00358913610991232 0.750754868984334 0.306972069327411
-0.0149062946776217 0.0300468782677424 0.110162270687347 0.576374441377499
-0.0288137937103084 0.0193623302735745 0.0539344981439391 0.0752919317489344
-0.0205713175410605 0.0100742091794763 0.0965252841757699 -0.534779675881633
0.00317041297636093 0.0151826831224345 -0.691736722463975 -0.569611811728133
0.00831887955077077 0.000429591078913991 -0.862227518217402 0.45944431414944
0.0170202734355588 -0.0175166980681103 0.11189007490439 0.762454315854979
0.00840880404421324 -0.00729767689731643 0.512162918300978 0.160637685809698
-0.00452670966863595 -0.00339271556014184 0.29185588080482 -0.231799584310499
0.00290621845898254 -0.0150012809808263 -0.0494306119061052 -0.275219177850711
0.00602445301977733 0.00776261312669265 0.0137550926638673 0.218466603991314
-0.00104255659441257 0.0154800797116861 -0.208980649621321 0.169742306303014
-0.0116698223124079 0.0079765650653929 -0.443939928402834 -0.0994917444160076
-0.0128522140097796 -0.0210606367506745 -0.212639067728586 -0.575212872599242
-0.00411592934916518 -0.0140773525114356 0.58888675342911 -0.499891073272754
-0.00753055816509856 0.00256396828570492 0.747376912743581 0.31024011351912
-0.0160004575316441 0.027662116841822 0.107991698085937 0.580758470190088
-0.0276172340359077 0.0154037984963225 0.0508197740259147 0.079129359717867
-0.0220712499362616 0.00710557830710754 0.0962717652868989 -0.529792761361417
-0.00233066431150407 0.0146904482618731 -0.692960825215753 -0.572498059164699
0.00687716594229203 -0.00187187902537227 -0.868347421147532 0.453314701787314
0.0197129188323875 -0.0185654874933841 0.112870035939761 0.762068185693145
0.00956771883871329 -0.00325130288190881 0.514270260362228 0.160379313847078
-0.00847765579229396 -0.000880374669280909 0.293439988451904 -0.231970995332321
-8.32555610462524E-05 -0.0143634258381044 -0.04543514960474 -0.279987501043975
0.0033190961492413 0.0102600430782923 0.013205933294854 0.21523550362395
-0.00314467149905973 0.0182022819099396 -0.211750455817706 0.168088165418966
-0.0116212976733811 0.0103623412420153 -0.441855194336867 -0.104473542764717
-0.0110676952817376 -0.0211094794398335 -0.202120700505494 -0.582365541402378
-0.00568123733657103 -0.0130848557016033 0.596528144503723 -0.495044125907547
-0.0091787169053923 0.00155346608834542 0.740480051112339 0.321061496381292
-0.0175025574751565 0.0226130921035177 0.0997178444765622 0.585715111609646
-0.0253707279262206 0.0109917294990192 0.0471806784342985 0.0811274513068697
-0.0228908809947986 0.00235922478443931 0.0884329519642976 -0.526749383674328
-0.00466508458087695 0.0132649178356025 -0.700762973367513 -0.5598038794031
0.00694397407716897 -0.00181081609999339 -0.86236328836425 0.462122986832819
0.0223027680342315 -0.0179324227488997 0.123438067094721 0.756043926785472
0.00911068331125355 -0.00148108528036058 0.520425453841258 0.154561591660134
-0.0115973435385656 0.000772316451269291 0.290961229828 -0.234733897409001
-0.00448548635488764 -0.0100764830492992 -0.0462340979608458 -0.281771207262784
0.000154539555835201 0.0141410945516129 0.0116196808615436 0.214489245698228
-0.00306785382397458 0.0182113717666873 -0.214608125584684 0.166776075432568
-0.0116840587650888 0.0117300309165296 -0.437002569416296 -0.109089285325711
-0.00866547064006161 -0.020136736080529 -0.18639002553814 -0.590233631061163
-0.003368658407686 -0.0123855443570132 0.605270923225085 -0.485303980782186
-0.00973923486852809 0.00118849748752593 0.731150221465957 0.336566989205528
-0.0162662033354486 0.0186819471827387 0.0870103034727708 0.591263342452564
-0.0229775306652747 0.00628886280606096 0.0454608058383768 0.0820079805858705
-0.0219834950344327 -0.000457528155208453 0.0777861601480017 -0.524786047849443
-0.00448231894933901 0.0125760931199167 -0.714586087193257 -0.54379992147881
0.00679228494172525 -0.000796547696662402 -0.849789465253919 0.476552504289707
0.0229511288156129 -0.0158470422867004 0.143425678342094 0.747980031256437
0.00851976409286673 0.00148398726510263 0.52401755261158 0.145806958703794
-0.0110276926764658 0.00296718119784186 0.287491643302964 -0.237601880108486
-0.00664635495320381 -0.00659833920404648 -0.0487810483355063 -0.283543591189218
-0.00232165584732682 0.0168809832640815 0.00990952248343451 0.214291207401256
-0.0020117649536779 0.0181265577795127 -0.217436450100632 0.165655415364136
-0.0114495018464873 0.0111994059707788 -0.431201646335635 -0.114688826625775
-0.00716822156569889 -0.0175657346759494 -0.169423179210118 -0.59691047830621
-0.00165316050432955 -0.0114382934167989 0.617933591654864 -0.473319511385766
-0.00801538633666673 -0.000378136375361202 0.719957352741272 0.355515764271733
-0.0139261451383598 0.0160212532770795 0.0738674995778517 0.594328852638286
-0.0185073513569593 0.00253608899028675 0.0436301184722939 0.0822184423064995
-0.0197268718806528 -0.00408235522819242 0.0668981136038493 -0.524926016950388
-0.00335500604646591 0.012531332541427 -0.728757892541663 -0.523666946370679
0.00839601437063277 0.0019265790836852 -0.839316985964138 0.494017977129302
0.0219692400991551 -0.0135233162555449 0.162945178661194 0.741133593919629
0.00911988479171429 0.00239195647953292 0.529051600706309 0.137837424982644
-0.010139079290277 0.00400035663655402 0.283002690451281 -0.238743721029717
-0.00770024883188814 -0.00211629727600558 -0.0506089832300704 -0.281970017105432
-0.00279981611281916 0.019790170137371 0.00751402730195935 0.214257346467207
0.00116618254944145 0.0171340794065796 -0.218723143524739 0.16431911928617
-0.0118205105939763 0.0108903175404487 -0.427916992033529 -0.120053157715248
-0.00723038985222644 -0.0144818242408042 -0.152745288365193 -0.60164170063797
0.000900373451273732 -0.00801733986640957 0.629284365817854 -0.460229313878955
-0.0052277881703681 -0.00209800572346698 0.711985086362528 0.372936131314942
-0.0114110664460468 0.0125411297961199 0.0643415278826702 0.597371494929436
-0.0159788584447479 -0.00167558649992884 0.0439183487086812 0.0810416883012417
-0.0170651562989316 -0.00672450397380046 0.0587656475590503 -0.525279284194488
0.00106816456922973 0.0124448072906057 -0.738184536997321 -0.507424555331955
0.0109041676764235 0.00524513406231774 -0.823577333842502 0.511548704040573
0.0214618377222352 -0.010911605924945 0.181337196947877 0.734068847105642
0.00787611168958292 0.00192282737162913 0.532552802147048 0.131012942218282
-0.0072204826563386 0.00267820696373026 0.28009863304853 -0.238680519005404
-0.0095289475061075 0.00248971610921898 -0.0539457787246059 -0.278807614727262
-0.00291459030486201 0.0251285682464716 0.00485001763899434 0.217404360200675
0.005010286307332 0.0154189071649895 -0.220347104593022 0.163572268333076
-0.011933928209304 0.00968165416401235 -0.4247941553852 -0.125276031988363
-0.00777287179971322 -0.011040241431346 -0.137617587953106 -0.605230689387085
0.00260355642747085 -0.00529880167197105 0.642569642158551 -0.447101214144918
-0.000312036238629788 -0.000738602687852984 0.705394148713225 0.387620039230646
-0.00788844015368755 0.00959544205547146 0.0567091939865479 0.59755396541907
-0.0142424580826848 -0.00475257543034479 0.0455508624200601 0.0771012152095951
-0.0134586756906303 -0.00846917366370117 0.0500327585138733 -0.526883755140379
0.0059949693138076 0.0117637176060326 -0.748825475172201 -0.491816957254452
0.0126753333158683 0.00856592297386138 -0.81466805756329 0.528482041227876
0.0204950898152972 -0.00682876153365069 0.196594987839179 0.728207510523042
0.0089868607544065 0.00067777224210079 0.536174402371876 0.124292462443573
-0.00333762731408175 0.0015010600320317 0.277964155640539 -0.239837573559918
-0.00779836083927938 0.00705679063322164 -0.0581908911884717 -0.277750622133043
0.0144471686758966 0.00792391242037084 0.0132376889757438 0.222461317218542
0.00583355376395609 0.0103902744455773 -0.20364762043507 0.174696734892862
-0.0108302413530603 0.00194901210509825 -0.446651257721655 -0.0909889557811411
-0.0156491560361817 -0.016633065571831 -0.216987652288784 -0.565075985552366
-0.00213833285071055 -0.0107908575041194 0.590719720369335 -0.495162164921219
0.000187245861740189 0.00258498050130082 0.747882789492299 0.297389603042369
-0.010818148773899 0.0281890875650866 0.118771501270477 0.566714965914326
-0.0262539274498916 0.0172280521262484 0.0577396867053949 0.0683509068675959
-0.0183365024107157 0.00859704469162555 0.0835297282721412 -0.536057123575433
0.00652056017562589 0.0140037832040298 -0.702330387888843 -0.541909713086338
0.00823053787621069 0.0034108335615689 -0.836186168983601 0.489095287427471
0.0136429248771207 -0.0132720680401463 0.138696391240363 0.755573526658894
0.00865454323028084 -0.00971819898656432 0.510708327907888 0.143700571831817
-0.000829382486772322 -0.00493475696754609 0.28297812567066 -0.237608205456318
0.00630006926479972 -0.0134608842976548 -0.0581021312979377 -0.268816075854662
0.0103128347648904 0.00728307283318846 0.0158649935158117 0.219969677798233
0.00268991796174805 0.01194566363568 -0.203385357164437 0.174349688565584
-0.0113439150722754 0.00521663759413326 -0.445282153865731 -0.0877758781680417
-0.0148341029731771 -0.0190072062436002 -0.22468944778039 -0.56488268814061
-0.00390471958465656 -0.0139727571017818 0.579634902371085 -0.504412670535342
-0.00302676549756165 0.00349788738409011 0.75065192898487 0.289800371958929
-0.0144533497627233 0.0299129641742143 0.119982307323479 0.568402461210018
-0.0281874038252356 0.0197741178518089 0.0553843947858394 0.0734376943276043
-0.0205569495279147 0.0103048724413897 0.0853149065854124 -0.532069464661308
0.00277888103325719 0.0151199185475172 -0.697515202164293 -0.55251846695405
0.00854707958259359 -7.75835563681733E-05 -0.847686639087743 0.476219507607627
0.0164582142414435 -0.0170352430054788 0.127828464439635 0.756106595731664
0.00948978632854251 -0.00676751691112977 0.510861801127623 0.1479103417493
-0.00589790764357994 -0.00291968220212435 0.285278651540743 -0.236647383057603
0.00317484707000554 -0.0136571574511235 -0.0548089775142377 -0.273333122278006
0.00727858639949932 0.00819465476603041 0.0178398554071291 0.218429895517239
2.56594242583609E-05 0.0154106685550903 -0.203609149133138 0.172623368187074
-0.0115995809891487 0.00729222738683098 -0.444889212689096 -0.0872813127593187
-0.0128364180314077 -0.0207936855256051 -0.224154283650475 -0.565654301496205
-0.00546965823708483 -0.0147646722462588 0.575889147661184 -0.507738301254765
-0.00788167547104751 0.0025904769126794 0.747242820219145 0.288542100444512
-0.0159905883100939 0.0268668880391714 0.117961721437151 0.573918384658512
-0.0272614446192047 0.0160311445787524 0.0515353409241353 0.0787271344560752
-0.0222679783516131 0.00723833113237205 0.0845750115245246 -0.526888135342941
-0.00180251818813896 0.0139499445718742 -0.699439715823679 -0.553929836263753
0.00765324875471076 -0.001556213693306 -0.853223292250137 0.469267714933724
0.0187910418567514 -0.0200088894759703 0.126609548096983 0.755145461412259
0.00925792749621342 -0.0044882432594072 0.515337850640126 0.147416481204103
-0.00932867833686991 -0.00047816172621618 0.286183124730343 -0.236886477321579
-0.000340441741609909 -0.0135309700842811 -0.0531041381645055 -0.277608394238525
0.00471444139748333 0.0104977213482139 0.0193438071780411 0.214749332535947
-0.00214615033335392 0.0170190178165991 -0.205104648422867 0.172003405135239
-0.0106193656895149 0.010432836934961 -0.440100484375618 -0.0929349696954085
-0.0112276578607862 -0.0203842755815995 -0.212707459659081 -0.573236562330309
-0.00628691353288647 -0.0133380232615596 0.581695486678863 -0.504651765040397
-0.00939727096509294 0.00165539836940919 0.741499078184172 0.302608403425071
-0.0180262268098216 0.0230690921472719 0.108546765894349 0.579331662800667
-0.025396323266667 0.0111517424441957 0.0488417033139457 0.0808458916838192
-0.0226053884562742 0.00309025241479901 0.0770756736273424 -0.523477818967792
-0.00398335063085902 0.0134693334832756 -0.707535511321346 -0.542186495613564
0.0072620379803821 -0.00187849010260131 -0.846072227864408 0.477757697515544
0.0205767893316268 -0.0188981424040776 0.13936210438674 0.74791285517499
0.00853054578913966 -0.00116276525729476 0.519220475458448 0.141213506417037
-0.0108504645194984 0.00075686342809528 0.284047510578991 -0.239933878075478
-0.00344612941699505 -0.0102771227815372 -0.0531470227172401 -0.279693280350168
-5.47901595208964E-05 0.0131762147830948 0.0182016172121019 0.214408658542347
-0.00218409286791155 0.0182675734220147 -0.207998391013185 0.170623274933932
-0.0114066514406491 0.0113203654321081 -0.435518587589918 -0.097788383115896
-0.0078737171447957 -0.0190498460812034 -0.196860766136772 -0.581051849841486
-0.00322992297361563 -0.0128625916159216 0.591815229183233 -0.49613696216577
-0.00982786199758217 0.0010455978658596 0.732715732603434 0.319257137171536
-0.0151390669086242 0.0190367103701453 0.0984200032084888 0.584650601894045
-0.0223394617427254 0.00660264755328756 0.0466404561453318 0.0816308833294921
-0.0221591037591035 0.000789674500075541 0.0673827504788003 -0.523783591966128
-0.00388030963952878 0.0135217576757434 -0.720606706410524 -0.52456633665898
0.00696054211464996 -0.000305175137438092 -0.834285593717932 0.49190549254124
0.0217944079681216 -0.0174855992611154 0.158286127967887 0.740572651873086
0.00797246276737568 0.0016296031517321 0.524633147269596 0.133000087367556
-0.0122582347911131 0.00269787938991719 0.281505668037387 -0.241953466030579
-0.00622145386776113 -0.00517838571623294 -0.0548786043546268 -0.28014858548516
-0.000662566105774 0.0165966055444587 0.0155830491067524 0.213811892536463
-0.000266978174025203 0.0179272161940019 -0.210637131121871 0.170597400284784
-0.0103747918839855 0.0116027189317557 -0.431401706972683 -0.104323305360772
-0.00734020355948396 -0.0172313908688716 -0.181390393231503 -0.588123429001138
-0.00198473274580365 -0.0116975380489104 0.602472898890666 -0.481581989778275
-0.0077896722350419 0.000162221924881132 0.722930438206797 0.338720989484127
-0.0139613888906391 0.0153388244260765 0.0867355007012012 0.589083459272388
-0.0191493520222258 0.00246772524910836 0.0452784500650678 0.0819763457117401
-0.0201715192801479 -0.00253646033450361 0.0565568967871966 -0.520690110252194
-0.00318006391934448 0.01210295076815 -0.73436598861436 -0.508171520928093
0.00847097193342362 0.0019719107945445 -0.82304608885562 0.509939935514017
0.0220472685865429 -0.0145677630691838 0.177936005585752 0.733069298549225
0.00806461030304067 0.00303808355705364 0.52870231401565 0.126571265790672
-0.0103919815497444 0.00366654305137361 0.277470875790623 -0.244419703923287
-0.00792065205734069 -0.000439244958161928 -0.0567858114748012 -0.278965025869345
-0.00218184146284935 0.0205292263993322 0.0128633577005479 0.21477238749398
0.000952247496945209 0.0163481555963258 -0.213563509286146 0.168210634814543
-0.0105059745733679 0.0103749798241691 -0.4272541179779 -0.110823121456998
-0.00751768662127713 -0.0137983561022211 -0.163836970774883 -0.593764865200763
0.00135281585418516 -0.00810260053191521 0.616127167158075 -0.470378849867895
-0.00464342689878998 -0.000752247029715774 0.713558787964074 0.353157311141589
-0.010270441669727 0.0120963158693212 0.0758858247840133 0.590504709691418
-0.0169555778543549 -0.000665866789460912 0.0447665409183902 0.0795983996461161
-0.0171792389155783 -0.0059714949153563 0.0476625881112665 -0.523202282020089
0.00134518062843445 0.0112627036111115 -0.743938595166216 -0.488825574123293
0.00989558679891149 0.00414436824765579 -0.808682175205086 0.525216247544906
0.020876179102809 -0.0110421288853071 0.194722120155921 0.727102426250058
0.00807242680383872 0.00217819964638525 0.532428648652218 0.116773877999107
-0.00675816075728431 0.00264896481138423 0.273007700337535 -0.244036766611065
-0.00904873575419387 0.00358125987578031 -0.0600292178926364 -0.277957159436804
-0.00204341602479641 0.023867795117858 0.00989529576941558 0.21607475925097
0.0047216984331345 0.0154119978167504 -0.214966591667621 0.167489691574199
-0.0116713989873759 0.00990236794455453 -0.424888651286065 -0.115847606250283
-0.00818214150804999 -0.0101999676957359 -0.149474389794351 -0.597394573572117
0.00367296095022253 -0.00519017101323783 0.62692403410298 -0.455864119150183
-0.00103511956655449 -0.00238765310099191 0.707467917548818 0.370037598721783
-0.00818274193678178 0.0105486766508563 0.0671119358829053 0.591190388124182
-0.013034837143677 -0.00403163409856925 0.0473487300159913 0.0776910713254861
-0.0131579943576725 -0.00841101163317916 0.0418345790422739 -0.524109478742641
0.00609093218422082 0.0102098283414021 -0.75219066854203 -0.472604704711593
0.0134971111525668 0.00784746224130189 -0.795554660294704 0.540578498097143
0.0196111020764674 -0.00764990704720267 0.209809590062044 0.719621514014447
0.0085873899010486 0.000638391422566947 0.534578242666303 0.111137501303156
-0.00234393834369427 0.00194652070889942 0.269280481268331 -0.243216094598866
-0.00890480673133723 0.00793447887068181 -0.063408814292442 -0.274892001377933
0.0143669896288845 0.00680867853272111 0.0186374759540938 0.222677711742398
0.00651756879203946 0.00928866151259479 -0.195963204252811 0.17842250595489
-0.0105528443347997 0.00303519644658298 -0.444463082079826 -0.0813480879500463
-0.0162819732546191 -0.0150530386385668 -0.225554998132066 -0.555409993673434
-0.00272848871523268 -0.0115483872198134 0.572416654689546 -0.500483978027986
0.000167674375274474 0.00251881417692823 0.745888750779016 0.279520090789607
-0.0113958796958902 0.0269250144801722 0.12692837067262 0.557244339339491
-0.0253423762189678 0.0175970149121432 0.0588594302953692 0.066506942516506
-0.0176593834943216 0.00908918515620102 0.0736294992803674 -0.532701342773322
0.00543658285374431 0.0136068714948644 -0.705593469352624 -0.524289176403291
0.00776982947346706 0.00316940067261943 -0.817315002384861 0.501199560519186
0.0120067633888766 -0.0140514912146162 0.150594095165524 0.746395529120943
0.00866552883493462 -0.0105747468704167 0.510193355952335 0.132875759609097
-0.00184682119349979 -0.00554460615429537 0.274472161114892 -0.240627530632605
0.00658054776054358 -0.0132352908784462 -0.0626617282280908 -0.265261020215311
0.0113506780138463 0.0063671976716603 0.0220239249807813 0.219118918205711
0.00294013580165317 0.0115881124836404 -0.195863448793057 0.177727845985832
-0.0104865159464694 0.00494483842387999 -0.444492679332126 -0.0768267341101568
-0.0150885576902719 -0.0181537357473382 -0.232422696483712 -0.55398521028382
-0.00389171374069376 -0.0127268389614066 0.565363163560331 -0.510177662623477
-0.00282935163087648 0.00366583823710129 0.747243473493761 0.272332719926527
-0.0138097655831029 0.029777525834577 0.129804146450958 0.562632215089606
-0.027636478026557 0.019589493062687 0.0559673496651159 0.0717600634539424
-0.0205789534796187 0.010057399987075 0.0757937655067147 -0.528057057346206
0.0028392183890823 0.015066398849574 -0.700223930971967 -0.533098774707408
0.00852167739056808 -0.000118520737767445 -0.827736306158815 0.488223198375165
0.0156608910716168 -0.0179934806619125 0.141194630852716 0.74717834907783
0.00846389766758136 -0.00708234424611223 0.509745740292632 0.13474539133219
-0.00542170434612063 -0.00293505584746445 0.277925348071951 -0.241156861104179
0.0027083479473749 -0.0145566042293207 -0.0601393802946092 -0.270485183753908
0.00940713545657843 0.00722358836549257 0.023654223154021 0.216602433992396
-0.000181817334597119 0.0146548096886278 -0.19598986254332 0.177374283774632
-0.0106514538674015 0.00889614805742573 -0.441795662108105 -0.0777774177855131
-0.0133604786596214 -0.0195411330782307 -0.234370831143813 -0.554997980442211
-0.00546734883164574 -0.0133405448661496 0.560349888992985 -0.51595523782189
-0.00684208365910267 0.00301616577514227 0.744881934693676 0.272324930454803
-0.015675694930319 0.0268424648906293 0.127985582654697 0.565167874983496
-0.0266207598573336 0.0163411783198492 0.0531507373417613 0.077334527915928
-0.021392200150351 0.00722539563446053 0.0761333576184725 -0.523813021947918
-0.00176361703490317 0.0141166464904599 -0.700228726794626 -0.535552245190071
0.00761656200470382 -0.00190522525119093 -0.833806521173699 0.483407688640332
0.0178751659841221 -0.0196768164828848 0.139769960795364 0.745565612818054
0.00856567163951854 -0.00443362267686442 0.511490235350014 0.136752059812042
-0.00870645965847298 -0.000667634691192839 0.278086386223837 -0.24133320798788
-0.000231794404238461 -0.0133675509881461 -0.0581819304265021 -0.274947089921298
0.00473503760423135 0.00975092524250151 0.0230888003975645 0.21417245896653
-0.00186777259418797 0.0171731746023461 -0.198261019174106 0.175207444341812
-0.00990129166455144 0.010387096622252 -0.438279617379488 -0.0824816769115932
-0.0111277845224 -0.0195467034723379 -0.223191261609539 -0.562445983010514
-0.00521450525008518 -0.0135920663427698 0.564344297033841 -0.509553103041933
-0.00971728466953769 0.00248020702322808 0.737633681210604 0.284358437250008
-0.0155164731139522 0.0231612535141303 0.119134767310031 0.571940457269258
-0.0245036886941693 0.0114224910808302 0.0501668276709498 0.0782130216090864
-0.0225316057493196 0.00424552494326781 0.0683840350575455 -0.519795786277455
-0.00395014741043358 0.0128658671217622 -0.711084427462806 -0.524786375912167
0.00681333341893372 -0.00159092910437302 -0.825878617521998 0.489291641819096
0.0199460929464046 -0.0195805320981909 0.153268578430849 0.739188910049583
0.00846685486056534 -0.00123814696806094 0.516601064141313 0.132170834914007
-0.0111715389338705 0.00189349155927484 0.277033805691763 -0.242952758687259
-0.00394299656408992 -0.00944295026730038 -0.0594158223005972 -0.276227808003091
0.00105757552271763 0.0124690795133001 0.0218056989639103 0.21280706117227
-0.00164268566390257 0.0178803722056731 -0.20185130041167 0.174086419607255
-0.0102065803429072 0.0117960822219027 -0.434269864409855 -0.0877812577871199
-0.00892387492759835 -0.0189488060802932 -0.208910505838788 -0.570256895551668
-0.0039315558124476 -0.0124337298849744 0.574050768088769 -0.50039634890644
-0.00941465933731625 0.0016231598304825 0.729425016552869 0.300572657567001
-0.015417374478165 0.0198677012038739 0.107556582433898 0.576958372097044
-0.0214062990437344 0.0068051922599821 0.0479031349880102 0.0801236968235344
-0.0218899023000585 2.28612498123547E-05 0.0582459615467897 -0.519579344355079
-0.00464031551859519 0.0124455031463994 -0.724912570984331 -0.506284949591942
0.00758985335301272 -0.000666467758580811 -0.816948151534495 0.504492048568825
0.0207886442014932 -0.0183467725143373 0.171471825653032 0.731055080614881
0.00885238543406925 0.000164379954923898 0.521320424270156 0.122359147149443
-0.0123394091023556 0.00351876309447755 0.273150157534718 -0.245169074299535
-0.00627725721844447 -0.00533309904514949 -0.0606508796812118 -0.276945692951902
-0.000718853389374692 0.0164667946073464 0.0203692292842873 0.212806540283233
-0.000720302981837312 0.0182029564874186 -0.20390662224439 0.173249156065142
-0.0104245453197416 0.0122114893705619 -0.429838382959295 -0.0940329933362629
-0.0069990753348805 -0.0155769689758183 -0.192929928028209 -0.577183278859181
-0.00163113779808296 -0.0108259552483899 0.585986606287415 -0.491462423124299
-0.00825470668518974 -0.000271987462455583 0.721769192078268 0.320130311691927
-0.0133190327665227 0.0158093364512563 0.0957486680453174 0.582532506466989
-0.0194076664000737 0.002974864757929 0.0464123779470682 0.0805162956178649
-0.0193704706407308 -0.00267605083880384 0.0468312130212214 -0.5182322374306
-0.00280532376673148 0.0115971018148147 -0.736230915842924 -0.48962416034357
0.0081744937328038 0.00189576521630738 -0.804552038740637 0.52281949400485
0.0216547036181502 -0.0150337455176242 0.191618006574524 0.72344990833992
0.00798301486641259 0.00245140888837956 0.525053344832366 0.114910501002365
-0.00988730182861307 0.00413475197259906 0.269294465892946 -0.246768836587085
-0.00891137767818378 -0.000602058884564459 -0.0623845165630809 -0.276921141453783
-0.00196527163998867 0.0201398707925829 0.0176858828317083 0.21528782637372
0.00169371716411149 0.0164953066765936 -0.206458050606554 0.171665729039329
-0.0108996645935044 0.0111683871606017 -0.426413343425982 -0.100903434255787
-0.00731032824127805 -0.0133201520210835 -0.174767006305353 -0.583703161916234
0.00120279923291497 -0.00915427779010089 0.6011216519072 -0.477316087124247
-0.00450492088041685 -0.00112764022742373 0.712958604645905 0.33757929528516
-0.0110936680448363 0.0129279939656997 0.0848852352918726 0.583930642288175
-0.0167955456138037 -0.000653796578311121 0.0471508518818191 0.0775189628580476
-0.0169492897049485 -0.00487443030155121 0.0387896828697502 -0.517918475462531
0.0010293352675669 0.00992691684755941 -0.745863019871525 -0.469928798194275
0.0097293714213011 0.00480739162638907 -0.790076067973422 0.536240509709568
0.0205890347553578 -0.0116584455896143 0.206843737884019 0.713239028289393
0.00803027201382036 0.00246918942192689 0.53012301227441 0.105463142557548
-0.00671755457356204 0.00314198800619243 0.265440953469838 -0.247999917538493
-0.00844027520442378 0.00321275789838708 -0.0651941593786767 -0.273681757069969
-0.000397560783438021 0.0233919858811899 0.0159081422572371 0.21589540172959
0.00519913365550803 0.0143536343159221 -0.208882481125679 0.170658781459533
-0.00971817140763423 0.00992175744349954 -0.422442243420766 -0.105352324935101
-0.00764506720080628 -0.00933188066191077 -0.159198538596296 -0.587210709804162
0.00374728009113377 -0.00608324922952919 0.612342246220063 -0.46412784578135
-0.00114807997802688 -0.00209882069593501 0.705985229885309 0.352956272420027
-0.00696623272501613 0.00996870628386974 0.0774458439106955 0.582543272709436
-0.0134269993535475 -0.0031040075081181 0.0484515091420619 0.0757654824206108
-0.0137311288427611 -0.00718787862204419 0.0316715929015723 -0.518330913301549
0.00549312785119879 0.0102749809142033 -0.756802763390413 -0.453130987195906
0.0123565013520078 0.00676803233561309 -0.778153387240214 0.552407390170584
0.0189325231013688 -0.00744629896410236 0.223780612580862 0.708370875306714
0.00792537959092075 6.3631234962704E-05 0.532552574683975 0.0992631277746332
-0.00388345020375987 0.00214687598719055 0.26381548924896 -0.247683953691627
-0.0081187350478969 0.00673099630488618 -0.0685472439426042 -0.271445545570835
0.0147280539533587 0.00649252666763355 0.0217052068657331 0.220051185386265
0.00679068519303253 0.00833345571120714 -0.190556888484661 0.178656902775446
-0.00989485280186916 0.00249418156404731 -0.440179881469621 -0.0718498501813993
-0.0161473709041907 -0.0145585672985698 -0.233960754168541 -0.543983811336744
-0.00349361650892651 -0.0115414005724313 0.557810889397026 -0.506065420334143
-0.000826398609487196 0.002291511610005 0.741872494736917 0.265619090379569
-0.00997412968195283 0.0263024728086156 0.13154726973851 0.549228710220972
-0.0246381312601825 0.0175432720458416 0.0599167784801349 0.0651473289015762
-0.017657751082094 0.00871367655549276 0.0645462566420981 -0.527376884481864
0.00570584471856414 0.0135587458610574 -0.703357889709565 -0.507640414699531
0.00845703562329998 0.00370433968234876 -0.799730243604618 0.508927692195652
0.0118771522079568 -0.015197987539582 0.163518535157391 0.736454358263063
0.0087793117789416 -0.00939975321600333 0.505796921526247 0.123087045212474
-0.00139049808161414 -0.0045290674262124 0.26765571577585 -0.243065931182869
0.00543471528024538 -0.0139454252394258 -0.0670151718897237 -0.262280053899327
0.0119996032904412 0.0049383756552714 0.0254330185290055 0.216495397892208
0.00255345397840871 0.0108154099114594 -0.189419498267077 0.17935583320305
-0.00960700113936543 0.00599891225850372 -0.439312835462002 -0.0691117739702455
-0.0147022991161081 -0.0178978894199049 -0.239340631899148 -0.543873295869538
-0.00435106134185315 -0.0130868738563773 0.547011634418357 -0.51337961534562
-0.00342305699610457 0.00327827276373371 0.743047381784894 0.254448249006344
-0.0126062015014299 0.0296544742309044 0.13657180898291 0.552481886131427
-0.0261935610930257 0.0208369460527658 0.056531619906684 0.0709566806146069
-0.0199436902211619 0.0104241710013468 0.0678763262972666 -0.522492437421117
0.00361355485572702 0.0130838696574413 -0.701985079043584 -0.517150507613087
0.00799981184363021 -0.000239515010395265 -0.808506878077986 0.498665718136028
0.0148614359149885 -0.0178574148909177 0.151728672356589 0.737202697189291
0.00843183094341116 -0.00754567808384564 0.504673694246228 0.126336861250273
-0.0053827835700807 -0.00382932316478033 0.270469342548523 -0.243727238089163
0.00229155356372754 -0.0134087190532895 -0.0649796417286168 -0.267272043952493
0.00874233638050308 0.00695714508388115 0.0273947164541461 0.216120793566028
0.000188993174098631 0.0145416092412087 -0.190375936881064 0.178965236335327
-0.00982770538783984 0.00814561889762083 -0.438172696889216 -0.0675876276918968
-0.0130556591670229 -0.0188197881752615 -0.241008199338469 -0.54302637904456
-0.0063652402612856 -0.0132996265167611 0.544166459012725 -0.517629990815934
-0.00751211808046537 0.00364221741537801 0.739530557342184 0.253640148886763
-0.0145704091788133 0.0272653302340299 0.13343025474653 0.555270469863833
-0.0264436203294438 0.018221091112976 0.0542468964251343 0.0750745616814659
-0.0220972601653385 0.00686902762350563 0.066923896892993 -0.517886091897049
-0.0015791281547691 0.0145242043520801 -0.701388316547598 -0.517236707896847
0.00687198723523239 -0.00192775114218173 -0.816899170730334 0.492465226463404
0.0178102182402882 -0.0190281229043438 0.151018932626154 0.734412015162874
0.00937094220273988 -0.00507517034213306 0.507110971019841 0.12572918381251
-0.00844466896300592 0.000520887663443861 0.271737073192711 -0.244196743329717
-0.00119756956538859 -0.0133937035963185 -0.0623291062114256 -0.270641889590542
0.00530543680182967 0.00938087159193781 0.0287235355594039 0.21209160414246
-0.00113371520020047 0.0155217375119221 -0.193182530635469 0.17691246547928
-0.00980137648377297 0.0110719201387452 -0.434450315057702 -0.073658622049049
-0.0116858377461489 -0.0185896897560552 -0.230418158364523 -0.551602241655898
-0.00689089258843994 -0.012957687442254 0.547929957416798 -0.513684698557385
-0.0093364338051685 0.00240454575240001 0.732803424109272 0.267988717548216
-0.0149210933606181 0.0229898162071414 0.125640835747655 0.562658246464792
-0.0238445430980347 0.0123184206934248 0.0501909920088895 0.0780981129997728
-0.0229107669665537 0.0030637513930899 0.0598359016611665 -0.515098494126326
-0.0047133793827146 0.0123551697173375 -0.710875962004808 -0.506324293998886
0.00599146575346555 -0.00139275579136226 -0.809374283214973 0.499749298304867
0.018958936370429 -0.0194617665096199 0.162891149416674 0.72705832468777
0.00867604506218472 -0.00233313051637463 0.512560919895526 0.118844084432303
-0.0111896269882319 0.00186514015086996 0.270397485549002 -0.24554153337876
-0.00434293052116179 -0.00919545184309156 -0.0641891184270078 -0.272838976266133
0.00234510830786362 0.0122114127143567 0.0262677713578209 0.211879730445118
-0.00118051503364884 0.0175662751780119 -0.194782009500011 0.176565899563191
-0.00969151897633743 0.0110573896600023 -0.430514876078657 -0.0789946614394172
-0.0082557527277346 -0.0182452859250304 -0.215823531331838 -0.559365438993546
-0.00409686554430243 -0.0126330912105922 0.558640338899118 -0.504871443882092
-0.0100207431499045 0.00202704311545395 0.724166492146962 0.284358164239356
-0.0137536242236746 0.0192284917777399 0.114953324045889 0.567539403156881
-0.0208450982367677 0.00763643417615969 0.0485383061797212 0.0789458522722178
-0.0218595717333403 0.000686601978621781 0.0498582892791424 -0.512083447400238
-0.00438125287484948 0.0122013082804926 -0.723025108639565 -0.490642413082221
0.00682578414538711 -0.000181982696808102 -0.797183345871965 0.513155728418883
0.0202220088046723 -0.0182139250083256 0.181195014198052 0.719507855023163
0.0087139987147188 0.000937721595242113 0.51836023675642 0.110347579498802
-0.0114470191896646 0.00328491159616917 0.266448293376856 -0.247701468457166
-0.00672053986721611 -0.00597944419591495 -0.0650514672509024 -0.27297848851122
0.00048763137356832 0.0161817676572892 0.02524589158133 0.211368870082434
-0.000517286454408042 0.0171171226122082 -0.197115918280732 0.176037294358425
-0.00883702356339962 0.0115990110104529 -0.425693155019555 -0.085314487492778
-0.00762412584751024 -0.0152808177324994 -0.200096166105427 -0.566106699224597
-0.00165176745089186 -0.010666644886401 0.57174712231581 -0.4949399851617
-0.00774190470420167 0.000127987917449085 0.715693439619146 0.304137342075383
-0.0124553478269129 0.0151824149503489 0.105101668088654 0.571908669263857
-0.0177284766065487 0.00307507126469057 0.0478483219221761 0.0788559795468321
-0.0201580447481928 -0.00216830415268265 0.0400128150839422 -0.511616214648795
-0.00253885784790705 0.0112498274684878 -0.733498320226219 -0.471720372531241
0.00857263154933611 0.00181646936908189 -0.785569712761162 0.52903645136469
0.0198767971801126 -0.0153898858205069 0.201221412490579 0.711975605443994
0.00820694843113067 0.00209961691295855 0.522237173586078 0.102450536072082
-0.0101841726780099 0.00515533783136169 0.262513287595058 -0.247794626319158
-0.00869270737572113 7.89468229182889E-05 -0.0664009961639515 -0.273551387620114
-0.00103866008108534 0.0190092255444444 0.0228981218468569 0.212745449852748
0.00206225414100236 0.0144588537559353 -0.200619094132893 0.173623674808937
-0.00955717819505134 0.0110356645200793 -0.422953928000329 -0.0923741660264066
-0.00707710906692167 -0.0138189200823921 -0.182580829174336 -0.572602835633631
0.000759698107487652 -0.00996562873730587 0.583903454504462 -0.481735375710165
-0.00482066521238099 -0.00067323411076755 0.708687660350551 0.320705003492637
-0.0104242220934069 0.0116933764621465 0.09503958176056 0.57532329232888
-0.0147970642189503 0.000409805580322978 0.0480687450637678 0.0779851359340105
-0.0174603665787854 -0.00532582672574988 0.0310944172292341 -0.512102097575941
0.000730806891766956 0.0101853605666974 -0.7446129703125 -0.453123133334548
0.010182237097135 0.00450842467595341 -0.772116658465088 0.54412595045283
0.0200598950846517 -0.011294646674812 0.216644416422686 0.702270300109795
0.0081856413669124 0.00149197958179681 0.525538473815169 0.0950469430516807
-0.00692111544461546 0.00334080170060707 0.258605331277515 -0.248642638871139
-0.00825900388478827 0.00417377107621711 -0.0700085218095562 -0.271028139318679
2.22729375857073E-05 0.0222777671924366 0.0196626700615659 0.214068721544263
0.0045788158592626 0.0134762810300765 -0.201839179447852 0.173130428121542
-0.0106868565858169 0.0100123414664724 -0.419844371204577 -0.096781767200493
-0.00773985547491287 -0.00879660913199773 -0.168645108367779 -0.577749228975593
0.00250466032672046 -0.00526211134876914 0.596029199772769 -0.471889551455038
-0.000594633880729726 -0.00202361200768539 0.704665365502636 0.337956958698896
-0.00782179520333575 0.00995520904695705 0.0872163145750201 0.576692000749603
-0.0131237803221548 -0.00309143319085943 0.0487970391242575 0.0749778109270653
-0.0143034527128562 -0.00732668199241323 0.0235117942534417 -0.511780617184118
0.0062593952274452 0.00869335059612682 -0.753001699360318 -0.436296362707409
0.0127542541828022 0.00774753226054167 -0.756710768125222 0.559254609187813
0.0183996900789379 -0.00758235766008835 0.232415361320104 0.694673229551504
0.00754034649150915 0.000399767759047708 0.528226651534731 0.0892833503099648
-0.00300769122488667 0.00129493216701057 0.255479469444488 -0.249409327203402
-0.00756552345156478 0.0070900411916868 -0.0731956143510182 -0.267219854654773
0.0157364392912187 0.00513173377722729 0.0261010641837789 0.218379797501781
0.00652185003926097 0.00767189206736691 -0.184286870846434 0.181328959874713
-0.00921418811332922 0.0021770881955176 -0.43455061746137 -0.0638772904578589
-0.0160856429437273 -0.0143443872983179 -0.236994787873878 -0.532084631308802
-0.00278049044812652 -0.011143520874789 0.543445251849154 -0.504818719723709
-0.000153450687733068 0.00211371131924554 0.734899828668655 0.249226797971929
-0.00938691308754112 0.0265977177524344 0.137113906023534 0.538963397434858
-0.0240293768201511 0.0185314024206082 0.060168722026652 0.0639663466936428
-0.0177872875978754 0.00845459554528135 0.0593001220482011 -0.519059654795407
0.00577894728279032 0.0124511819203947 -0.701628471368615 -0.489676721399953
0.00903154882018243 0.00232961238397395 -0.781626040587571 0.512858031049235
0.0106802693764769 -0.0147253591269778 0.170983681986394 0.723753070615667
0.00779397347219222 -0.011035094480163 0.500186873161549 0.112124906531012
-0.00193120905660144 -0.0054990314402811 0.26043029515448 -0.243519450187695
0.0052145659071872 -0.0136473584710182 -0.0704016637178949 -0.257993618060909
0.012131774494924 0.00507842806988435 0.0301272145621446 0.216017900806285
0.00255411260104921 0.0108290938722526 -0.18323524193615 0.179506882809157
-0.00883810671890177 0.00504187483916554 -0.435459557706112 -0.0603415502655417
-0.0148554881417245 -0.0166991800611404 -0.243197455856214 -0.529953931979262
-0.00436688733598989 -0.012775698185303 0.532795665579685 -0.514223662300322
-0.00268339475519977 0.00404288502275078 0.735111307526728 0.239882271073741
-0.0116243063422428 0.0293037435626031 0.142030427497962 0.541940273074404
-0.0253137753371676 0.0205008044187688 0.0563390743921626 0.0695267797810813
-0.0201005368018768 0.0115331570698815 0.060025836003904 -0.516820990643624
0.00249487679988839 0.0133752967846894 -0.697832100771795 -0.500986448304221
0.00822119232966863 -0.000213977854021719 -0.79039848428514 0.500612433776988
0.0137454656153879 -0.0183081580814857 0.162110598921118 0.724800165852116
0.00815917099231834 -0.00775632342810676 0.500632366244355 0.116605496670062
-0.00590476601583995 -0.002377338470878 0.263312294453437 -0.244240894371201
0.00270296816763844 -0.0125785715454571 -0.0671531308218626 -0.263423729776686
0.00838115787083282 0.00598692805302038 0.0308007962640523 0.212791561891662
0.000271571305192583 0.0132514894775447 -0.183643108054539 0.17992957051533
-0.0091567099942594 0.00895130533303001 -0.432070747137157 -0.0604335175693079
-0.014291734819451 -0.0181021905774277 -0.246840291948047 -0.53310260246831
-0.00574524496629979 -0.0127224107171095 0.52701863539076 -0.519171329622022
-0.00687523227296483 0.00279686545451301 0.731403560389004 0.24156910133033
-0.0145886548557159 0.0270972990007783 0.140488565799359 0.546339235324164
-0.0254764187271408 0.0172891653261529 0.0534453886259565 0.0738641988073064
-0.0221921181245817 0.0071063420203334 0.0600237951998987 -0.511366456334948
-0.00111340956641704 0.0125995060919192 -0.696950363048671 -0.501849164594011
0.00770795909300571 -0.00176857845074501 -0.795045720007293 0.496450961318245
0.0168352996485353 -0.0189970114860285 0.161319942081531 0.723608479854114
0.00838520892243333 -0.00501241014810431 0.502579364565056 0.116773839844041
-0.00907809727813359 0.000579935769500839 0.264275163285508 -0.24571870063656
-0.00147097768923987 -0.0116782288345772 -0.0663177516627434 -0.266916931357659
0.00604959361192055 0.00898555874121087 0.0320517260184411 0.210550617263524
-0.000462318669442443 0.0153935109597271 -0.186193480574796 0.178199260179436
-0.00999570853238509 0.0106242771674019 -0.429552069905954 -0.0656538543262035
-0.010553849511286 -0.0187737267781396 -0.235795992872374 -0.539899306610855
-0.00630567103845256 -0.0131970727198059 0.533874282045975 -0.516556922191319
-0.00928246398092202 0.00240788787914907 0.726105368015183 0.254416405315955
-0.0149684313911904 0.0233283515307815 0.131040276150625 0.553020998151954
-0.0226679890986332 0.0126534375370154 0.0507852225590583 0.0767645504692808
-0.0222962985993265 0.00470400946288097 0.0527468108765239 -0.508326427497929
-0.00421912580942279 0.0112847372231823 -0.706889445387256 -0.490362419679288
0.00610533589803803 -0.00168308313255243 -0.789616601501843 0.503500003191818
0.0190336381572822 -0.0189103832099946 0.170470038291202 0.715008977945473
0.00860237597847558 -0.00193203922267469 0.508009732157626 0.109963093550667
-0.0113299856652299 0.00167095980791372 0.262982026391257 -0.245944733466328
-0.0043336701552257 -0.00881175886852073 -0.0656394416186885 -0.268711362614391
0.00232347492899813 0.0113581469431254 0.0304299659060713 0.209934754791116
-0.00180105393088832 0.0162424554405419 -0.188366326556575 0.177067008489286
-0.00872150588298803 0.0123294643052581 -0.425114549598304 -0.0726339903676672
-0.00849626398630042 -0.0176659584425677 -0.222163469334317 -0.547884863566314
-0.00411136086761064 -0.0123676321372026 0.544387522739774 -0.504682078335847
-0.00996175859093391 0.00115441395747311 0.717514848850776 0.270378313429564
-0.0149119231074112 0.0187700882607796 0.120413288742437 0.557550698682222
-0.0208513478073173 0.00835752780682124 0.0504120295531581 0.0776154576239692
-0.0224096794282704 0.00160913739810801 0.0421963735408372 -0.506109616754399
-0.00556926677268744 0.012152501816081 -0.717297761372812 -0.472980645211601
0.00724027185328705 -0.000971522926717912 -0.779132077084399 0.516279248865387
0.0197186558749357 -0.0179962391048943 0.190087344272285 0.708627608144351
0.00888741335016112 0.000590801858397119 0.511495937871306 0.101435212348361
-0.0127005920719397 0.00419364906380275 0.258487616721576 -0.249236578463885
-0.00742218832038977 -0.00553181613682504 -0.0685528872769765 -0.270249943337556
0.00124556805843102 0.0146624433120097 0.0286502157156282 0.209159042538948
-0.000176130864867324 0.0153427631530138 -0.191347492627413 0.176692096851369
-0.00881417911515473 0.011864788783185 -0.421205086675374 -0.0783044334009636
-0.00787101908987865 -0.0151834563169122 -0.20505442395713 -0.554795064271662
-0.00222833157679892 -0.0113957390133943 0.555417014901254 -0.496037276975883
-0.00697521458030616 0.000177173891014671 0.71025095125382 0.288130315929019
-0.0123316076482959 0.0159971996818488 0.10881408628912 0.562685658510294
-0.0175970121117399 0.00368547186203922 0.0486230253323063 0.0775746357500273
-0.0204748162836176 -0.00125204810319108 0.0341371021520735 -0.50330262012665
-0.00278678101516902 0.0109900596984663 -0.729906469027405 -0.454697690645831
0.00772010070423249 0.00175503502269946 -0.766772212248687 0.532052063039056
0.0193025498999146 -0.0152284672082268 0.206627086919437 0.699778510524568
0.00782388369754358 0.00116305723256767 0.515376789364507 0.0952327496558352
-0.0103108225734077 0.00477882867227156 0.25572864909498 -0.249254560786317
-0.00696943672071407 -0.000767695652008954 -0.0704879391087177 -0.268539882680487
0.000951080288900041 0.0180758763505064 0.02592925100225 0.210300909997951
0.00289483590485939 0.0150635699241955 -0.192898679591277 0.175093644711791
-0.00987695539838702 0.0118540514201449 -0.418197723654709 -0.0838240551177625
-0.00670544240161876 -0.0123724166560119 -0.189650624823319 -0.562330960563835
0.000121308803521782 -0.0082581256258681 0.569148079294315 -0.482508143956733
-0.00520176861491967 -0.00109547690908503 0.701708152102346 0.306361620819274
-0.00971453028896261 0.0130295773202364 0.100278257104061 0.565699402694913
-0.0154993383168099 0.00100664032262043 0.0487181613135818 0.0766509727671775
-0.0175416224720303 -0.00432784917647076 0.0236440772592625 -0.503973507781599
0.000597328788804092 0.00976569195226561 -0.739299962203536 -0.438477887160012
0.0110071142501426 0.00496778227993548 -0.753160815171723 0.548511602643927
0.0183386638362842 -0.012002800466327 0.224837694628404 0.689876637234615
0.00842998620372674 0.00147445173912333 0.518011507687969 0.0867242118071258
-0.00752558058120237 0.00317866387388963 0.250999311995558 -0.25051667291363
-0.00906848434666474 0.00447993407584189 -0.0726922851130271 -0.26776503374323
-0.000175700037324077 0.0218299726625361 0.0231899194866228 0.213020324799164
0.00566193540893811 0.012391977094404 -0.196085597974491 0.174522908005336
-0.010066421697134 0.0104827561213096 -0.415696713111421 -0.0886678419922242
-0.0076936825892371 -0.00797901136110368 -0.174282651295388 -0.565949281318444
0.0034090341736697 -0.00600413774814956 0.580809445498988 -0.473030606413978
-0.000795716113950976 -0.00215969480152537 0.69772862739859 0.322877102163086
-0.00729322279870857 0.0089864569874267 0.0923065069983068 0.56623514004492
-0.0131416596404776 -0.0038065370990872 0.0490040186907478 0.073130167167917
-0.0138673366146655 -0.00634851172240991 0.0168175547478774 -0.505156743421163
0.0062145369752025 0.00898787262088845 -0.74823952200234 -0.4201961268274
0.0131965904437816 0.00654589705605049 -0.738983058864109 0.565109263753323
0.0186873615894421 -0.0083994696891718 0.238224631274858 0.683661941801501
0.00803118623295837 0.000332128864814526 0.521023992321529 0.0806440170364585
-0.00371928501888512 0.00231130861842995 0.249854667791583 -0.250588671150647
-0.00752938461580815 0.00673741277023022 -0.0759624705324243 -0.26350663770947
0.015944916330601 0.00539008409380696 0.0289489055767967 0.215329069752521
0.00626406274948155 0.0069403852738848 -0.177851210698337 0.179868107791921
-0.00901027766686413 0.00307622935841311 -0.429447224846305 -0.0594559758860992
-0.0158583620296116 -0.0140778362538371 -0.240815771125263 -0.520942469800239
-0.00330946055334758 -0.0109157789653679 0.529347422124701 -0.503109302871294
0.000522709701384398 0.00158440466520557 0.727092684796294 0.238179449113086
-0.00981423453562175 0.0261668016360026 0.139871092537984 0.529330202080213
-0.0237374614337645 0.018246449586369 0.0598394352001798 0.0625796009782737
-0.0174098850276662 0.00934581572940217 0.0516289899921112 -0.512050238169497
0.00534665039087266 0.0114073142806247 -0.695374814351527 -0.477310131121527
0.00794553512504699 0.00277136903661623 -0.762981079496499 0.515000061242159
0.00990716940834278 -0.0140458554874348 0.176194772218755 0.712072056508213
0.00724745257116464 -0.0106637725361568 0.494033103653459 0.104490925015211
-0.00181657562546334 -0.00517092701853818 0.254176145975688 -0.244437962495563
0.00521216407524715 -0.0131726804970234 -0.0726463188663231 -0.254888212050545
0.0122371727899528 0.00382352452066839 0.0323231326716324 0.212753818804783
0.00350973411911976 0.0103493599444513 -0.177454944875491 0.17894168542668
-0.00885504998410696 0.00565641173532776 -0.430009663266005 -0.0548326923128494
-0.0147806710039407 -0.0162546602229465 -0.247562735683237 -0.520294994313014
-0.00466234110551291 -0.0131048637760145 0.519224985580032 -0.512290482631
-0.00342745338183898 0.00332403404325241 0.725677034139231 0.230797570404289
-0.0119762159777836 0.0290279213773462 0.144548205092546 0.531007765803414
-0.0243464870185752 0.0213472040221476 0.0576750301726099 0.0683484328006349
-0.0195305951360658 0.0107962075189343 0.0561884679221093 -0.508549681959729
0.00235735216784609 0.0120098113627873 -0.691916019824847 -0.488192203332955
0.00819074356890658 -0.000572296149591494 -0.773226799972189 0.503971472012962
0.0126218273655583 -0.0184740614271105 0.166514913805559 0.713415029691354
0.00737845018343381 -0.00857777367166119 0.49435400515453 0.109753132621387
-0.00516107353136665 -0.00206929294625044 0.256966375392632 -0.244030634623818
0.00256411925634105 -0.0139329916083238 -0.0703977212414057 -0.25927918870475
0.00842029155439559 0.00506492900248564 0.034177516661669 0.210085810762863
6.92949191286906E-05 0.0130280832900435 -0.178187572487994 0.17978406070769
-0.00920529465701153 0.00859574873476374 -0.427585728916569 -0.0544798173254818
-0.0133234820469307 -0.017437016533365 -0.248091003246665 -0.520483532123785
-0.00643501475920323 -0.0127939491003417 0.513014407309523 -0.516855862774913
-0.00746618019385955 0.00378501641734938 0.723171768134611 0.229495131722404
-0.0135737010033913 0.0264171725119264 0.142133924597359 0.535695621093052
-0.0234675429144239 0.0167087018139418 0.0540404969580478 0.0729088881708821
-0.0213719234063551 0.00834453853675958 0.0552259432047598 -0.503775253449425
-0.00159050662109896 0.0119947997480498 -0.692455778256531 -0.487399164103401
0.00720071127275808 -0.00174244963437178 -0.780211276932494 0.496192469742595
0.015562935522497 -0.0194345104224192 0.165073568233336 0.711930968510826
0.00822277858553857 -0.00534349978399723 0.495705082713928 0.110717214595566
-0.00816746303976523 0.000730675784043408 0.257819597863577 -0.245417200537987
-0.00113883474376178 -0.0117589716404564 -0.0685652607427818 -0.26273792101569
0.00571216846134978 0.00780615740986829 0.0347023683717325 0.208177676392139
-0.00145370074162311 0.0145577032065628 -0.180720763771893 0.178133731151865
-0.00886948709576448 0.00995995834937864 -0.424547823742687 -0.0596849097217723
-0.0105786777588118 -0.0179515239950837 -0.237848975263961 -0.526735330778348
-0.00574938346982869 -0.012879516002244 0.518355745766501 -0.512936311708035
-0.0103064417692267 0.00292532147070213 0.716627039108587 0.241718394168055
-0.0145601037583436 0.0229020339116414 0.13424481896973 0.542880074006475
-0.0213855713410614 0.012501932906367 0.051383929956725 0.075526404781315
-0.0221476115725932 0.00472695461136569 0.047775180751866 -0.500582192577302
-0.00527713871298695 0.0114629824312247 -0.701156663509692 -0.474664926954753
0.00664299719985221 -0.00218311042731997 -0.772580952128369 0.506057329582026
0.0171716396110739 -0.0195221942151672 0.176495271086414 0.704677162754802
0.00808517119597008 -0.00202982397750945 0.500134511419295 0.102352088250798
-0.0110101109641792 0.00294437044154579 0.255527591317772 -0.245999067811963
-0.00439478993280697 -0.00880911808824809 -0.0690554319428214 -0.265521056304772
0.00317288735334308 0.0107641869712426 0.0330903418308804 0.2076858931876
-0.00122145193552863 0.01599401764917 -0.182519611420737 0.176458099792245
-0.00748558837326703 0.0116575794605787 -0.419747181677515 -0.0660289064632619
-0.00819535081992288 -0.016703362808946 -0.223351139639684 -0.536932545839906
-0.00501362926761375 -0.0124272370848889 0.529205633525709 -0.503474373177702
-0.00971851332036986 0.00195101282378515 0.708864731813907 0.259382486029634
-0.0142742735383995 0.0192436038123314 0.123330252410074 0.547367014288892
-0.0201922148772104 0.00868548977149198 0.0503901296688931 0.0763501197159446
-0.0215908441804135 0.00101126952588719 0.0377999440026035 -0.499202286075175
-0.00483455523466659 0.0111748634374711 -0.713270836510594 -0.45979189948909
0.00573399056058232 -0.000406522579920152 -0.7612632265227 0.518536405262817
0.0190260098612511 -0.0185555723489194 0.196196881834226 0.695863754956879
0.00821107853253973 0.000603319977106743 0.50611058571853 0.094968630828142
-0.0120298630868434 0.00420130015113239 0.252634390813139 -0.248895995244927
-0.0068844636828138 -0.00478657892896214 -0.0708161402397902 -0.265730616322817
0.000585233125477697 0.0146092134404697 0.0314486738358529 0.207260812405954
-0.00054549313256927 0.0153519051527468 -0.184933464864898 0.175369862657842
-0.00832464133275487 0.0115830820858608 -0.415995042716215 -0.0713760935837523
-0.00715607110852802 -0.014655050217275 -0.209963680684514 -0.542609689933155
-0.00153415456246944 -0.0112058223390118 0.540979934076971 -0.494667838087396
-0.00790703979273248 0.000255120478978619 0.702296137735466 0.27651889294613
-0.0119089753596956 0.0155712517956325 0.113925401870954 0.552565342859118
-0.0177751905463559 0.00490859979675369 0.0492510829972471 0.0761281383123901
-0.0193553714448009 -0.00150045624565446 0.026739532931709 -0.496667591932597
-0.00326704229534551 0.0111629194482362 -0.723565257256857 -0.441646666210452
0.00733545366519633 0.00193379679456823 -0.749894708049893 0.533003703050445
0.0186877224120147 -0.0147953592945287 0.213082914684687 0.68548342779442
0.00809074746898568 0.00116934298678293 0.507671579775486 0.0870664265812896
-0.00965170820944294 0.00448230895482162 0.248778298811616 -0.249056006401576
-0.00768444953002 0.000160883668365516 -0.0727719437883222 -0.264328350719701
0.000794771526239391 0.0174561983785684 0.0279067714617896 0.208866083409397
0.00171818207303608 0.0138501537038695 -0.188151194256813 0.174846544597862
-0.00864991705135356 0.011816648301358 -0.413225702646725 -0.0777792691759936
-0.00673182792573508 -0.0120426746781115 -0.192998488797228 -0.550692874958817
0.00030132712634192 -0.00868925772022359 0.555504376735045 -0.481732895315101
-0.00410454240082668 -0.000888850256545228 0.694459357963486 0.294298485495816
-0.00926470348306968 0.0124313477543692 0.103656847836745 0.554546347447336
-0.0152165020179669 0.000390750763129201 0.0491292898255193 0.0745232888483216
-0.0170906728348009 -0.00337182148462411 0.0203837845959185 -0.497386884304543
0.000584625077964741 0.00974066366990326 -0.733808449700488 -0.423904341239026
0.0117246847602516 0.00488893005769378 -0.735064536224561 0.5473293382413
0.0177746767935848 -0.0116540569906564 0.229687739000972 0.679762463101594
0.00773774526235382 0.00125438632340549 0.512879187016421 0.079442824057854
-0.00694171444393987 0.0042553554025684 0.243219148545651 -0.250241438860965
-0.00726374395752384 0.00416970415351382 -0.0763569218266846 -0.262012818894845
0.00121081017289723 0.0212781449186455 0.025916037577125 0.2099770156435
0.00511994401714217 0.012729341663698 -0.191368808438278 0.174428934838317
-0.00892167727842823 0.0102518113610666 -0.410347978727287 -0.0835387839590366
-0.00721184525792748 -0.00831241496011401 -0.179523826709847 -0.556893269252395
0.00227894322763814 -0.00581540225379953 0.56705209986212 -0.47179252749886
-0.00148834232555121 -0.00247793099134823 0.690112979798199 0.310089963613905
-0.00693135928496608 0.00920980327908027 0.095370616124452 0.557321638200399
-0.0123592009506875 -0.00259144318489552 0.0495045758483831 0.0720302711872867
-0.0144473373933661 -0.00539534803377804 0.0117702391314446 -0.498672033538509
0.00469207250021 0.00839847319358534 -0.73924837614181 -0.407255159519134
0.0135386916147597 0.00738101107991089 -0.723369182388208 0.562947954694339
0.018078398802686 -0.00843596931716228 0.24295840513346 0.673538282735485
0.00718302499537804 -0.000682776069658431 0.514441625341805 0.0731989255110265
-0.00248735306710168 0.00230646961725123 0.242984290534808 -0.249730227412954
-0.00754703496377922 0.00762324796770157 -0.0774953177272012 -0.259598505565536
0.015571461896169 0.00461602318090435 0.0325551310225163 0.213896795141235
0.00613784737091861 0.00661829925727667 -0.172415215876754 0.177681310493349
-0.00876887596844228 0.00242448071314895 -0.423611366899207 -0.0532651299679743
-0.0158678139990681 -0.0125991667647769 -0.242421127943928 -0.509371899295147
-0.0034291515834144 -0.0110708450408265 0.517769615188447 -0.499805528006151
-3.73089036390384E-05 0.0016704278974334 0.715008510114762 0.228333329472948
-0.00945467992745586 0.0262318946196796 0.144088894501877 0.518039480155186
-0.0226132486436382 0.0179484926820943 0.060578962715671 0.0612019179384894
-0.0171647118108911 0.00937818675380073 0.0486164972879434 -0.50492142391804
0.0059900422796707 0.0112482608882303 -0.689208533333769 -0.466870694290873
0.00821242226345806 0.00250998708071579 -0.747753008701279 0.513213364298173
0.0100900646881934 -0.0149366188212995 0.179097857356376 0.701021630030196
0.00758319604145346 -0.0106176829858848 0.486987933525439 0.0982718611327535
-0.00161651208530798 -0.00427564750193227 0.247682841176279 -0.242878256338221
0.00504843729157696 -0.013615746732983 -0.0735672576726227 -0.250505190534475
0.0125897589570015 0.00399063177406772 0.0348843981958238 0.210599349148571
0.00338975922397903 0.00918485220492507 -0.172491393698979 0.179180426436135
-0.00845100384031215 0.00526375794310763 -0.423664678118676 -0.0500181410543067
-0.0146467141360715 -0.0155479866066874 -0.247095490594105 -0.508514737992433
-0.00529353601184947 -0.0125210453829308 0.508411597315407 -0.508956920281061
-0.00309533176880001 0.00316135083869002 0.716053279382561 0.221041405745304
-0.0110345521511575 0.028451742674888 0.14549578103201 0.521253175508568
-0.0249949893043853 0.021198858519398 0.0575627822149106 0.0669201958871463
-0.0188251570732368 0.0113810792295919 0.0505940374207198 -0.501655713110133
0.002375714244086 0.0118874730537317 -0.685663238750711 -0.476161268865178
0.0079591458171634 -0.00124382390465585 -0.757455327840431 0.501059554942249
0.0130524039992842 -0.0178517245714268 0.169349299482065 0.702832177176447
0.00778983205952136 -0.00768569374382239 0.488150949231664 0.102463255223313
-0.00544557272661797 -0.00108949242347684 0.250704015218635 -0.242300701342472
0.00215449832322139 -0.0136979402888906 -0.0727591574947599 -0.255903452708237
0.0091662029592861 0.00485307050969226 0.036834761449284 0.207370157752818
0.000533770388227229 0.0117205156442993 -0.173450935814081 0.177998834291637
-0.00900304494410404 0.00771261608222401 -0.421071930073194 -0.050691047409094
-0.0123464800771512 -0.0169492746651781 -0.248266570110802 -0.510114514499449
-0.00647656393430053 -0.0134974801986819 0.500417385560459 -0.5142118579846
-0.00705074303684629 0.00411933362930939 0.712293000696529 0.220414446311546
-0.0133922867125144 0.0264277775082154 0.143639632862616 0.526794443569586
-0.0232691242728522 0.0175562432725691 0.0547119019798717 0.0717916604139485
-0.0215991200294303 0.00832222215738337 0.0502716003688588 -0.496548461975965
-0.00221057673732403 0.0117473843478361 -0.685275503086976 -0.473533306591718
0.00749661325065043 -0.00207498248192305 -0.763522251395369 0.495867486151999
0.0156352459478401 -0.0193264258419771 0.168917426288184 0.698866319457873
0.00796423506057929 -0.00459081181784441 0.488347107937372 0.103879344844372
-0.00913387059250213 0.000674173289422142 0.251421176304224 -0.243754644449565
-0.00118145187089336 -0.011491505620035 -0.0701188690654709 -0.259932699188685
0.00610746160373981 0.00765122591890337 0.0365952623387415 0.206139369836853
-0.000866640960786272 0.0147524681967959 -0.175086575000281 0.176828526178921
-0.00779380557560987 0.00980537265427257 -0.418690513945505 -0.05546501793062
-0.0104107979366685 -0.0174114298239195 -0.239344500816007 -0.516801553751777
-0.00646648190286137 -0.0124295015997164 0.506835365348892 -0.509052848625936
-0.00962499876608887 0.00282439143695599 0.708718969079475 0.233741086479091
-0.0143220316304661 0.0217524974407133 0.13522284333096 0.53083509820966
-0.0222577327161975 0.0122011668370155 0.0514990038786297 0.0735134834694624
-0.0225888837149536 0.00471981625468094 0.0441492755536313 -0.492086054831033
-0.00513889294648058 0.0104246108478021 -0.693212138569829 -0.464080953370867
0.00586391822996313 -0.00166604014390594 -0.757163621426976 0.502991560472564
0.0170513066854585 -0.0192142864823614 0.178207747849456 0.692518944696318
0.00812421605706921 -0.0025724369984898 0.493862512061789 0.0972831624496502
-0.0109096347505687 0.0031852246287267 0.250386558536181 -0.245063104528197
-0.00414533341067644 -0.00849741674628076 -0.0699463812532019 -0.261053207893212
0.00366781929681935 0.0103073731786379 0.0350984962045892 0.204977543284223
-0.00160659675650876 0.0148812174521974 -0.17827828550107 0.175417371930785
-0.0078740019682885 0.0117228299926841 -0.414375588909137 -0.0603842991978336
-0.00833959412389291 -0.0167842029217142 -0.226437250101603 -0.524640877602433
-0.00439144073502937 -0.013059137286496 0.517074855438797 -0.501064956860402
-0.00873776480056639 0.00169434279491259 0.698901114145411 0.248602467693794
-0.0137076045505231 0.0191195346612195 0.125125641924228 0.538747439948853
-0.0193355248453846 0.00932164812059268 0.0510688405072689 0.0743696151251367
-0.0214053909621913 0.00254618704144055 0.0348374761000257 -0.490828181783722
-0.00532198700089078 0.0106391077345354 -0.70462597938168 -0.447306894697656
0.00711826211155622 -0.000318918289527469 -0.744614515811948 0.515506394867214
0.0180867755218751 -0.0179589661373222 0.197678506697811 0.684228782945266
0.00761227868362625 0.000256058089730338 0.498848937558668 0.089186827244597
-0.0109576799991426 0.00482778001680631 0.245470642454591 -0.247160133209244
-0.00672788397571562 -0.00437982475801948 -0.0719690669499098 -0.261868355091589
0.000824845741683989 0.0136606619708085 0.034501212684741 0.204845303377206
-0.000194523212757246 0.0148185490664936 -0.180931014928525 0.174787386293028
-0.00789787788273392 0.011415031910056 -0.410572085754455 -0.0677686264595856
-0.00667230857974656 -0.0145811795472888 -0.211330312132603 -0.53303856159394
-0.00200329135529141 -0.0112788985601349 0.52829941377984 -0.493184833617929
-0.0077517044187703 -8.39627812807683E-05 0.691083454739865 0.26740554464604
-0.0125507053188926 0.015796186664809 0.11509188439718 0.54149931236976
-0.0164382665598845 0.00455799048115902 0.0496352785284924 0.0752668514753018
-0.019859427690509 -0.00147858639130221 0.0258206859223735 -0.490940836795599
-0.00363065046156966 0.00975609569666607 -0.71440658377855 -0.428672346623902
0.00690641562546443 0.0016604131691275 -0.733286400308911 0.531406778096511
0.0184844522100683 -0.0152822067494247 0.214722133499048 0.676803613719341
0.00792814774258324 0.00128436663866138 0.501338952168888 0.0827543732021132
-0.00968180130781358 0.00505468088578511 0.242872923931626 -0.248592303951394
-0.00723683634516298 -0.000161069021618467 -0.0742789518581589 -0.261375571194245
-3.71049093754062E-05 0.0174725931780354 0.0320282796545012 0.20560194459875
0.0009960751044406 0.0138456216102754 -0.182575909114934 0.173436056823516
-0.00827064017658198 0.0112094745827452 -0.40745523998923 -0.0728630454168053
-0.00636335886209397 -0.0117485665432389 -0.19393623485344 -0.539184842224783
0.000603508526875105 -0.00866584758834071 0.543685311866402 -0.480165519511943
-0.00459472546277085 -0.00113821066728519 0.685222438565491 0.284754753288061
-0.0094283503676955 0.0119741003864428 0.103122389875921 0.545548704513114
-0.0142260043041939 0.0014729509437007 0.0489189109013405 0.0731062835476419
-0.0168305497522231 -0.00440635799824853 0.0172510210590457 -0.487651525295781
0.000627186541037608 0.00889687106408072 -0.724835151950124 -0.412055565450518
0.0103791075575608 0.00456265874949479 -0.718802029880231 0.545181194047323
0.0174472558047594 -0.0127785591958139 0.230835445833244 0.666078191711371
0.00766959033602088 0.000688678997025668 0.504778991981232 0.0743083101348125
-0.0067981100434031 0.00495134775253881 0.238594056139297 -0.24859724675523
-0.00838730425269616 0.0045622191440449 -0.0770110533092327 -0.258182758687457
0.00180816493960334 0.020546835481102 0.0293769803823232 0.208197153224575
0.00479751192858275 0.0113263105986754 -0.186221679192812 0.173511703685932
-0.00860101092586596 0.0103174384734984 -0.404210336418868 -0.077031362118413
-0.00739741129329886 -0.0070664090797223 -0.180546432502043 -0.543973556645066
0.0029805994443939 -0.00547565456922714 0.55308033435032 -0.468869461383488
-0.000801915302388236 -0.00193811237838199 0.67977388875479 0.299753233920449
-0.00664065890593323 0.00949743723111763 0.0989744812724862 0.547171618091472
-0.0110483889167248 -0.00119875260735037 0.0496164193546373 0.0704133189304608
-0.014355328888678 -0.00684325979349929 0.0107291950125181 -0.490353594977326
0.00447500462170624 0.00802852736735802 -0.73185781204403 -0.396627692537339
0.0122533554692066 0.00750746207807512 -0.706754461282179 0.559752271425279
0.0170902365440804 -0.00813163275824122 0.243731142423073 0.661175316612728
0.00878861912756852 -0.000700420534747049 0.507980160830506 0.0681506177542915
-0.00277625535179893 0.0022549635199406 0.235729855376646 -0.249114108080807
-0.00701995971335064 0.00798143615318508 -0.0797497953657645 -0.255361465116048
0.0147390623459921 0.00339731354417813 0.0334024816358822 0.210710100847655
0.00553497246277521 0.00660831441730572 -0.168521747482142 0.177358352960125
-0.00844915345213163 0.00168602111127333 -0.416110595900336 -0.050458593420773
-0.0156819018272423 -0.0129641449252554 -0.240558048812348 -0.49937571078513
-0.00329143998906591 -0.0109812953123566 0.505496228543692 -0.4952940175841
-0.000439595647603205 0.00176455495288911 0.70505337863438 0.221288599637518
-0.00898580652940918 0.0254696632458349 0.141790075004531 0.510781396570372
-0.0227648012622545 0.017337988051891 0.05884829925999 0.0604289206476229
-0.0173691785097603 0.00892491958419258 0.0469296573259915 -0.497168986553107
0.00559662644869633 0.0110138958296967 -0.680524416888379 -0.455325297487356
0.00802472103719096 0.0024965082216774 -0.732004023945261 0.5095165281972
0.00906741044641722 -0.0139493124718295 0.180196813184065 0.689421023120189
0.00700440319336872 -0.0113920581237635 0.480953124881722 0.0949968642277102
-0.00161154732298239 -0.00353344784387859 0.243810369190892 -0.241229499374133
0.00545124096370247 -0.0130974927361192 -0.0749302255050221 -0.247039868654916
0.0121030830826856 0.00277998082212294 0.0372877376323782 0.207595118930013
0.00261732603129393 0.00887177526607315 -0.16744907045332 0.176968182656468
-0.00876401222423327 0.00488339679892814 -0.417750741880473 -0.0467370941810548
-0.014910233788418 -0.0151695342455348 -0.245552629684278 -0.498043496306888
-0.00488999184156967 -0.0123929693477366 0.497513526094988 -0.502692569654235
-0.0029581642171042 0.00367268245475093 0.704262619178185 0.214141745545437
-0.011075763335471 0.0278359224781796 0.145311332040027 0.511775037516944
-0.0248221273569076 0.0204599009646182 0.05697226862012 0.0662343364156288
-0.0192475360104407 0.0113480405848655 0.0503158221066379 -0.494056031161411
0.00171124483042296 0.0111237653564196 -0.676528667867533 -0.46345250128368
0.00765912387969088 -0.000484242204540021 -0.744529963229304 0.497655866095799
0.0124726970068989 -0.0164942167250522 0.169552737839648 0.689618414142945
0.00714476221558301 -0.00869098785617742 0.48049326878341 0.0981246018004875
-0.00472456610119185 -0.00187622803696016 0.245798854588985 -0.241178496228092
0.00296396500104328 -0.0133266903060563 -0.0720497412734531 -0.251220453378122
0.00951646036385759 0.0036219972846104 0.0366066759181805 0.205734722952701
0.000477847257028718 0.0118214455981219 -0.167696045309723 0.1761639153945
-0.00845858273147115 0.00704653502437592 -0.415422598024077 -0.0469641145313263
-0.0126944875603315 -0.0169832016567917 -0.247321231060247 -0.499456494067754
-0.00573847960565154 -0.013162292466139 0.491843932661904 -0.507499959113903
-0.00627916568285532 0.00371498130798512 0.700345754810616 0.212962865888186
-0.0127115541256927 0.0264165809410427 0.143209380320058 0.516690835579506
-0.0229399996506772 0.016726360406968 0.0546700667521823 0.0706191605600519
-0.0211492288327307 0.00809476234942533 0.0505850372829134 -0.487331323071602
-0.0026013801326958 0.011389975912386 -0.675249679137568 -0.467138182358249
0.00633298282489241 -0.0019993804779184 -0.749613191878023 0.490202803600189
0.0152383206277331 -0.0189769540844088 0.17046044239054 0.688547513259729
0.00766505739375061 -0.00495705753910226 0.483541838370563 0.098108708251755
-0.00876956558617794 0.00218436972477086 0.246725600114937 -0.241963861538675
-0.00130441734419394 -0.010557043369399 -0.070652025183404 -0.256252179335929
0.00693544011718669 0.00610339149826155 0.0377566343694042 0.2040295020426
-0.000309182461950911 0.0139674249914373 -0.170662100106813 0.175774834263192
-0.00811083688254009 0.0104499664964372 -0.412182052299484 -0.0525090135005196
-0.0104667326620743 -0.0167932954605732 -0.23724524122562 -0.506794029962103
-0.00626456473256563 -0.0123146104181705 0.497260372599478 -0.502348278534444
-0.00901756508328958 0.00294740845777207 0.696471984046445 0.226263591969341
-0.0138793184334152 0.0219648395404212 0.136163074660227 0.520959839739472
-0.0207331446363202 0.0135408236642007 0.0529162597995128 0.072343449905699
-0.0213826973526458 0.00459446661195085 0.0426382983173024 -0.485869717074378
-0.00487272014030178 0.0101776401336797 -0.685407219470777 -0.454861307819213
0.00612751724112672 -0.00184867195765669 -0.742053190706593 0.498523518298366
0.0170255510271815 -0.0187479634950974 0.180440605892009 0.680508674630042
0.0070845112243464 -0.00234802129194865 0.486780149644232 0.0924816218166309
-0.0104176979470901 0.0033340113330029 0.245506261782193 -0.242731243675228
-0.00408395496607119 -0.00850642182350462 -0.0709594872861637 -0.256731761688683
0.00387773301060501 0.00943206958307473 0.0371358907142567 0.203325291313814
-0.00114464361206522 0.0151614621644788 -0.1725533986171 0.173426909334607
-0.00781889640085766 0.011733071908357 -0.408981898882551 -0.058192171971464
-0.00862349982897001 -0.0172082011367492 -0.226145616879954 -0.514511211475616
-0.00487109254374227 -0.0121616187482957 0.507614746471885 -0.496542246683316
-0.00893814020653956 0.00126073205645765 0.689559883078295 0.240142791058297
-0.0134710808427419 0.0184287908395971 0.124374696663024 0.527081482356577
-0.0192310064398565 0.00917450724975776 0.050827232576053 0.0733075220427458
-0.0213674954477672 0.00190044813419197 0.0323602681215681 -0.481936574447371
-0.00552367060987385 0.0108531416252395 -0.696142077893101 -0.438212511229148
0.00684165973281015 -0.000561853585435268 -0.730384487340088 0.511762424259305
0.0172852982696836 -0.017167030160262 0.198038136134806 0.672212804780179
0.00784084537422125 -0.00126213784614498 0.491553231368674 0.0861815885405328
-0.0113818183485811 0.00530518542480704 0.241796114446464 -0.245717421671497
-0.0061335351815047 -0.00404828293385606 -0.0732027307618193 -0.258160030270889
0.00224947545817561 0.0128691265699139 0.0350890534569155 0.202294270701873
-0.000948074783820883 0.0142417433492293 -0.175482925538189 0.172907888760902
-0.00776705622994148 0.0107726603122073 -0.404038856487477 -0.0644605227352867
-0.0063961596537831 -0.0141451428137959 -0.211980174519871 -0.523240544561531
-0.00262986953822253 -0.0116685512132488 0.517333898887394 -0.48520559231845
-0.00757116716751393 0.000127534140166763 0.682164925347716 0.259439645043101
-0.0110018888478937 0.0149893920396778 0.11469647185758 0.532271273532049
-0.0164836164143997 0.00418461170584438 0.0496583448040717 0.0740984644605856
-0.0192234724896222 -0.000731206683460642 0.0227528143765168 -0.482627108079245
-0.00395145139580658 0.0093700037891817 -0.705831287049976 -0.421149654581049
0.00884383967973841 0.0015564931257692 -0.720724109927907 0.52872333602078
0.0186351833737125 -0.0156085420848187 0.215929708750322 0.664390318168056
0.00794552947517192 0.000841214450987405 0.493584215814269 0.0779019571640933
-0.00926346132659806 0.00475345539985152 0.237786966415922 -0.246757750864144
-0.0078511604611313 -5.89774151215916E-05 -0.0747660063519092 -0.257558977428099
0.000781396316452395 0.0168047604549552 0.0334125082160195 0.204116468655239
0.00208825693979159 0.0128268800567819 -0.17857054336347 0.1717652267362
-0.00775579296469328 0.0110190397722585 -0.400810831858079 -0.0690232551565331
-0.00645278338089269 -0.0105250920588756 -0.194781910984416 -0.53000046332422
0.000857096164653538 -0.00837191918692546 0.530169614156565 -0.475609890340582
-0.00438026294002909 -0.00155721929026757 0.674906337104815 0.276059916927321
-0.00871657894496354 0.0112041904283962 0.105054120736637 0.534777813710723
-0.0132985575928278 0.000525523175213645 0.0494402448940699 0.0719622362388925
-0.0163672753982075 -0.0042524906316596 0.014503345371982 -0.479908073878225
0.000237977356227906 0.00908340635759038 -0.715150838071731 -0.401157597731959
0.0104108514912794 0.00371460848981786 -0.704891339321153 0.540306451807451
0.0172912082850202 -0.0118979013357502 0.229831618915418 0.657555030669506
0.00802382352203074 -0.000136337803812107 0.496600921214837 0.0691792625372113
-0.00782405808654664 0.00399128121933249 0.233324558152623 -0.247260130215668
-0.0076764325693368 0.00395160550129152 -0.0779522628032967 -0.254468783177907
0.0023932152203081 0.019364099205715 0.030845424385427 0.205820473479779
0.00550999363635691 0.0114154804855457 -0.180404900749864 0.171610475971318
-0.00955888653446407 0.00994697830103035 -0.398368143801136 -0.0737768956742298
-0.00724008885037369 -0.00772683447155875 -0.180734687716203 -0.535120878665759
0.00218406301355485 -0.00567614699701901 0.541139723462189 -0.463916276189347
-0.00155802341361096 -0.00177495849620289 0.671383314572555 0.292494833223317
-0.00721110482955961 0.00824893000299712 0.0973260553098121 0.537199446141682
-0.0121289196540412 -0.0024768575261804 0.0504651065991621 0.0695154018701038
-0.0134337657567229 -0.00714878905802664 0.00847709189994481 -0.481363500063185
0.00552095488613758 0.00757451964985516 -0.724323379710561 -0.388017779902815
0.0133027866314974 0.00715426702797478 -0.693661569060023 0.55472419488678
0.0163474560626235 -0.00841096981936964 0.244093882284587 0.650419209464806
0.00722082639971656 -0.00103774656910122 0.499963779035255 0.0640735044828648
-0.00395936206094543 0.0020294976477872 0.232397288290644 -0.246395085708308
-0.00640938405607797 0.00759473991460137 -0.0804281124403002 -0.251844524023929
0.0163329268833118 0.0028519400717516 0.0350503848529965 0.20823466350356
0.00561485939087408 0.00603545604411626 -0.163804816265902 0.17561987156489
-0.00798049937356032 0.0022563642845079 -0.411365562027251 -0.0474212436137682
-0.0141503918444841 -0.0122075093275626 -0.23789440167188 -0.48957911114361
-0.00347123818829392 -0.0110627234031339 0.497229379904146 -0.489800052304754
0.000207071900350946 0.00174649758822674 0.69332510582443 0.217470433040106
-0.0094664178332102 0.0251727026175771 0.139696575263074 0.501624013232654
-0.0216550219358029 0.0176503547821175 0.0599889140002517 0.0589472432233675
-0.0168869358305328 0.00762558535762598 0.0474466030433568 -0.488597642750462
0.00514686099080449 0.0098163179921376 -0.670931400904438 -0.448284800751354
0.00768374618592143 0.00228942791253296 -0.718203472451848 0.504603640064474
0.00903490959114917 -0.0130790249517059 0.179050914359139 0.678467186792353
0.00605693723157859 -0.0102274862290853 0.47275330204596 0.0921980302219162
-0.00161590794552538 -0.003227182242588 0.239140208106793 -0.23858938259526
0.00507033454040196 -0.0127706483530645 -0.0744977104452241 -0.24382804240113
0.012117859742329 0.00170668314190026 0.0380956228842132 0.206082698753696
0.00242561259172387 0.00820165697028077 -0.163536187355835 0.174270196905645
-0.0087079650418179 0.00474018369963909 -0.412013768225136 -0.0447230183464176
-0.0139268342165165 -0.0142615822574522 -0.244643001457209 -0.490978420489183
-0.00503156830672018 -0.0127511884843338 0.487681385977175 -0.496489373561913
-0.00320645664261464 0.00369093315305632 0.692652644623081 0.210006482134489
-0.0111824585954023 0.0273733172084388 0.143068736504389 0.506019884479149
-0.0233478212622878 0.0197347113055397 0.0564335301501324 0.0636916805194298
-0.0179901804991704 0.0104682942479776 0.0478074706856738 -0.487164319136549
0.00122907470121073 0.011461202579969 -0.665977733416866 -0.456300499691631
0.00799909667343534 -0.000273908935048495 -0.731227305295742 0.493661379880469
0.0120068263798112 -0.0173027438670666 0.170241359406633 0.681424794749643
0.00732372890011575 -0.00802637645249365 0.473633045330011 0.0960889716307468
-0.0055508277899122 -0.000595204434888113 0.242111186529816 -0.239419105910449
0.00214148536436112 -0.0126446706363722 -0.072577579380763 -0.249315792208401
0.0096256867537234 0.00342197380409365 0.0394667726947467 0.202677673318955
-6.75935411853191E-05 0.0121169212858508 -0.164437875546769 0.173634665779206
-0.0076329196587855 0.00858231516797419 -0.409302932758808 -0.0440820797565882
-0.0114517333909191 -0.0159037869461934 -0.244405065653535 -0.490693885492125
-0.00674373690751435 -0.0130973831716866 0.483568110901624 -0.500305790053574
-0.00635945318861797 0.0039083632408952 0.690769511892515 0.207156250340281
-0.0133442461774753 0.0256459340970753 0.142125736699617 0.5091835118835
-0.022570774009028 0.0184671215667851 0.0540887869646742 0.0693824228302491
-0.0205035660265814 0.00857924534476841 0.0484227108983529 -0.482475886227564
-0.0030777674815356 0.0107978579851595 -0.668118644018632 -0.457380089672629
0.00684764704609851 -0.00182682132316197 -0.73656529670552 0.486943461509432
0.0148180071591528 -0.0189176939547754 0.169928354877155 0.678678627538813
0.00728144865199265 -0.00538629489577677 0.476262817887666 0.0969491772692913
-0.00819346438202231 0.00108345682579151 0.241927351169986 -0.23954510064393
-0.000585634276585976 -0.0115579338621411 -0.0717593347422608 -0.251225477787195
0.00574820071468233 0.00649752122091448 0.0390066866946355 0.20120306949792
-0.00236761845768509 0.013659509816705 -0.167185740911961 0.17356429925358
-0.00715649090738765 0.00936338229321775 -0.405734690125034 -0.0489774628465556
-0.00965226842796646 -0.0166502340468215 -0.235412351769028 -0.497736031340978
-0.00645280181291926 -0.0125594332630997 0.488340073398293 -0.496643730612526
-0.00940766087055557 0.00270054036922822 0.684390564440092 0.222057214674183
-0.0141987189351274 0.0220487219835194 0.133878531868888 0.51383045484892
-0.0208247737967591 0.0125490278078008 0.0517661611680836 0.0721891869290543
-0.021017999130281 0.00447417099722393 0.0409057657249071 -0.47826430827081
-0.00534666981174075 0.0100932270199033 -0.675640594568565 -0.446826458080197
0.0061670261130405 -0.00101743382272507 -0.730597400943127 0.493919446515784
0.0158397015804201 -0.0189686088620462 0.179123196906414 0.671100564923264
0.00791332508740473 -0.00253009730588921 0.478591891455972 0.0906775526467467
-0.0104157343860811 0.00310198358569005 0.241268010014802 -0.24115208888457
-0.00400640221588552 -0.00832820189314928 -0.0722667881837344 -0.255301849969044
0.00354491095659635 0.00917174590395529 0.0377912219291976 0.201608118707266
-0.00210194901906765 0.0141262952013521 -0.1696464299884 0.171861304665319
-0.00787668937943812 0.010818980876869 -0.403433383180368 -0.0556142473817132
-0.00769428087268715 -0.0151028196493648 -0.223282855347312 -0.507149802301145
-0.00468222360021251 -0.012309756554518 0.498833800926747 -0.489776827928841
-0.00908764614567311 0.00153927096212452 0.678372630331503 0.236808822849118
-0.0134275637757534 0.0186788142647904 0.121951886218317 0.522093457763067
-0.0180373345932557 0.00918141538319405 0.0501055629356154 0.0726831160524399
-0.0209496764106847 0.00135006654760065 0.0313006930219123 -0.475350058208161
-0.00563286134503075 0.0100768805098438 -0.686008021397635 -0.430820101068405
0.00707921210938967 0.000401581224657172 -0.71976949113116 0.505922572370709
0.0166427673378571 -0.0180185529526596 0.196981708579389 0.662670038471237
0.0067007728124381 -0.000725543254503584 0.48398719702906 0.0827655564980565
-0.011029946192445 0.00477892989094234 0.237596618684132 -0.242377804698887
-0.00670525037884193 -0.00441600542588509 -0.0726090722897238 -0.255090768096868
0.00250341579454516 0.0119370103835592 0.0361243356948994 0.201269174369975
-0.00111567843993166 0.0136782941027036 -0.171649714832256 0.172038793589629
-0.00770358770977339 0.0106110595826805 -0.399985133457285 -0.0611366115231635
-0.00628094572151672 -0.0138734024167002 -0.208539933935316 -0.514037192483413
-0.00172264368922659 -0.0106020227962846 0.508617207580021 -0.480368062948883
-0.00787869543503998 0.0005882778057881 0.673548856698322 0.25339392252141
-0.0116238362188638 0.014897648274393 0.11368856640309 0.524356951073983
-0.0152870270355135 0.00473714949815633 0.0488899461131727 0.0721185746744129
-0.0193225014589947 -0.000802223913587939 0.0250767169976672 -0.474853811349101
-0.00428911022522286 0.00988326447267106 -0.697174501712212 -0.412283367962858
0.00771548044762153 0.00218017771630186 -0.709729710783282 0.521495213852998
0.0175948144547614 -0.0157322397352641 0.213391370756548 0.65484739306733
0.00779532038004506 0.00134814456160068 0.487784804736695 0.0757206525611351
-0.00952606060528352 0.00512945834852375 0.233508332811316 -0.243393978526135
-0.00715369494088009 -4.37066905599644E-06 -0.0761705405144194 -0.253620724119529
0.00117814372326648 0.0165586044963818 0.0346562083983694 0.201344583191251
0.00103952720882172 0.0125664812837655 -0.174206053702856 0.169827457261166
-0.00754800496365517 0.0105447382976555 -0.396487882262725 -0.0673879443433477
-0.00556195313069854 -0.0109982839061142 -0.192710559420601 -0.521268000410685
-0.00031657033746659 -0.00909469127419886 0.522503243759336 -0.46790249376782
-0.00447015308589233 -0.00110685928586304 0.665766330349714 0.270754087382667
-0.00844627041501041 0.0116782032829 0.104566825866508 0.527104468208218
-0.0141426263969135 0.000932868201305575 0.0492148277665615 0.0719635367587252
-0.0162884259498945 -0.00415873250144599 0.0156848201872096 -0.474227390759941
-0.0005536422938177 0.00836326501557167 -0.705565202841756 -0.395672588460187
0.00981512195908149 0.00464788950028886 -0.695020392934267 0.534526719962289
0.0167009849638502 -0.012053641552112 0.227454033373209 0.646321547778839
0.00610727944560287 0.000621131128598689 0.490021633121809 0.0672696881132781
-0.00690105563938983 0.00486861728756549 0.229284779483726 -0.244522131372426
-0.00870284464975164 0.00454121773646653 -0.076745804309523 -0.25119142291974
0.00260220639404381 0.0191486354101178 0.0314848612387507 0.2032043811854
0.00465352408557776 0.00993143708676897 -0.175131624489449 0.169862654214281
-0.0073512631505999 0.00951409384171915 -0.393385244375663 -0.070894340301929
-0.00596904648735655 -0.00734720716796673 -0.180288890899707 -0.525524237419321
0.0020313171746296 -0.00623451896534193 0.534403377352917 -0.459918156562163
-0.00143130641404105 -0.00253370571407497 0.659996521823661 0.285714579373938
-0.00609255837128215 0.00892993832155444 0.0973936918677571 0.529100749342781
-0.0108768185952219 -0.00190357828888071 0.0502009046843449 0.0689252059802026
-0.0130774902376727 -0.00649562310189772 0.00942184348495051 -0.473810416459438
0.00375381266305932 0.00783008171030158 -0.712815146653762 -0.380670060966638
0.0141053710846392 0.00667462040418894 -0.680683554333081 0.547619577411015
0.015614006897187 -0.00791680153375406 0.243406285468885 0.641048507849326
0.00665361110191641 -0.000788042128407231 0.491889529609179 0.0616362144650399
-0.00370397517483727 0.00245621803962626 0.226679855554101 -0.244220721651387
-0.00735502626179411 0.00782535647913045 -0.0807762164666876 -0.247987447154308
0.0154692306431653 0.00159155448758735 0.0350992197168588 0.205738522427097
0.00530740099991635 0.00564509516057657 -0.16194365096188 0.172540420149196
-0.00784065935885287 0.00113798069229566 -0.406678450230182 -0.0466894711828352
-0.0142020350102746 -0.0118660798549968 -0.235234748830166 -0.484018226821831
-0.0031071340943376 -0.0102646412072798 0.491175474240856 -0.4826258247466
0.00042519627357631 0.00234579447452961 0.684135798340282 0.214982503512096
-0.00881454050349404 0.0251943328076158 0.138285400663564 0.494441556155272
-0.022189331422529 0.0186262130395164 0.0593397414740631 0.0588135297524619
-0.0174146413661216 0.00924223357722523 0.0483786204501485 -0.481649195845127
0.00322591279582717 0.0100545819812525 -0.662213505546977 -0.442737640997137
0.00843235337892966 0.00363547185045235 -0.711431984779439 0.496041613918936
0.00847715342259145 -0.0134771068702674 0.177360785780973 0.671325195528163
0.00612146082644321 -0.0105135899443717 0.466681898871943 0.090914160478041
-0.00126254109376795 -0.00377844183597148 0.235950756071054 -0.237055983944135
0.00464346532974126 -0.0124437816174279 -0.0742486980769371 -0.241630168700392
0.012959352019467 0.00239578834243525 0.0379018439746734 0.203542322737412
0.00222184428050405 0.00842642864421356 -0.160713070989909 0.17319210397445
-0.00767370600795551 0.00455313331801399 -0.406847158182626 -0.0432869514899722
-0.0137727208802304 -0.0146229996442453 -0.241221209435183 -0.481101640145311
-0.00574337079868429 -0.0131056789213163 0.481281352417558 -0.489075024239522
-0.0032038226973512 0.00288255654061092 0.684863638249921 0.20612660253
-0.0116724732551531 0.0272581070477202 0.139689250030987 0.497689161439023
-0.0229698193487759 0.0204671956983332 0.0565961358235509 0.0640835189894851
-0.0187150216625827 0.0110052215558425 0.0500756111610653 -0.47971569741586
0.000831367989167191 0.0107810459531897 -0.658680928259597 -0.450839706139707
0.0076945968418904 0.000401831570197461 -0.723816776216666 0.487138675787052
0.0125876619015798 -0.0160403827957651 0.168083791753822 0.673267839034741
0.00666473704921413 -0.00852781281959135 0.468846373221606 0.0955527352633602
-0.00463934710651359 -0.0014403512903247 0.237708599691018 -0.236145365824692
0.00192739933024227 -0.0132758902184432 -0.0717705766512902 -0.246301978464108
0.00945326011217883 0.00276872586905402 0.0401898042562974 0.20125468948953
0.000505998720160941 0.0111428133176024 -0.160316856062843 0.17309311205965
-0.00807711911797174 0.00713599873037958 -0.405614157434168 -0.0437617088440772
-0.0124766785978812 -0.0159613628660954 -0.242365736143641 -0.484995759575518
-0.00671242317202728 -0.0127549311893113 0.476829592774587 -0.493672902036335
-0.00678256133522785 0.00344891763189928 0.6810467629738 0.206243522487508
-0.0128686014225475 0.0247825049415469 0.137837315701527 0.500779891763583
-0.0220268989472657 0.0173050016883902 0.0542861625948778 0.069067190484461
-0.0202892973638112 0.00748091091236936 0.0498042407301372 -0.475025246525356
-0.00268897202647592 0.0102627802800168 -0.658108019273644 -0.45141266503484
0.00681266615921482 -0.000962245317052137 -0.725887225155348 0.480321986931013
0.0142966298424692 -0.0186308661131238 0.167973453480361 0.671692141461258
0.00682370545703143 -0.00481662207220858 0.469833458906432 0.0963880524559232
-0.00862523779490518 0.00211665765262571 0.237913435879446 -0.237473977437138
-0.000543986179637554 -0.0116745739167734 -0.0711116231508063 -0.249770831622057
0.00653270219935733 0.00419510838553026 0.0400253380826642 0.199897436142997
-0.00137089341213387 0.0128284318783904 -0.163606061235919 0.171712428866581
-0.00763266126589099 0.00948805108651133 -0.401325434321515 -0.0489957391921598
-0.00937195824136254 -0.0168594986246949 -0.233099964612564 -0.490545525456567
-0.00652467113518149 -0.0126972108520769 0.480135002632694 -0.490654460474249
-0.00942644241923267 0.00253604491313327 0.67664345620548 0.218197816599296
-0.0142117010104966 0.0215254847792093 0.131051760374072 0.507616563221497
-0.0201557318890282 0.0127559764010486 0.0521279263473436 0.0709346748259931
-0.0213619904761996 0.00433590377039329 0.0422659497195211 -0.471456235157974
-0.00591711537584366 0.0106176568013057 -0.666565982039189 -0.442019810971299
0.00596401531541197 -0.00167978105510813 -0.720096356449529 0.488644451332956
0.0161276300393162 -0.0182064682308198 0.178460942478059 0.662882562626896
0.00738712031694387 -0.00266646197816499 0.47493313689738 0.0900005457899364
-0.0100749121190559 0.00324829991074082 0.237737138177308 -0.238477969852203
-0.00345917764748415 -0.00818066199322493 -0.0716276384143826 -0.251455464781145
0.00375170064777238 0.00831070829084714 0.0384182496200723 0.198707224293759
-0.00236397324909465 0.013647679699954 -0.1659817676942 0.169585117626129
-0.00677217712421585 0.0107516268620723 -0.398513087327324 -0.0542400620845731
-0.00693989759582784 -0.015482548111143 -0.220344636666949 -0.498068735087638
-0.00524930966625263 -0.0121666755566637 0.491174520316266 -0.481450004967305
-0.00914682493928708 0.00216889067582789 0.667865423840059 0.233094531278489
-0.0131134263960581 0.0179028298347553 0.121627408463075 0.512675381168943
-0.0179262365687943 0.0085581314781461 0.0498888320694229 0.0719144544247225
-0.0214575280522865 0.00180936337090174 0.0339692493622434 -0.468191190588216
-0.00619400097734548 0.00840483129058128 -0.677863474263427 -0.425165876001549
0.00691878422502461 -0.000386847989226974 -0.709359675040274 0.500766389810499
0.0168736359571407 -0.0173641400199483 0.194384090756808 0.654540990679069
0.00769069636795291 -0.000667471498768178 0.477215147436415 0.0803633520190301
-0.0107378642128111 0.0055184834933404 0.233692080742591 -0.240921215461015
-0.00637116460352412 -0.00481401536412742 -0.0733303758602157 -0.253080280272668
0.002403450065554 0.0116722562189386 0.0366509760250839 0.1985114778935
0.000326278524460691 0.0133846328455608 -0.168317815330395 0.16912759856497
-0.00730024382572934 0.011025616829715 -0.395224501750859 -0.0589630032556725
-0.0059281618801194 -0.0132416537242439 -0.206427116920963 -0.505822641544857
-0.0026054495028174 -0.0110566588697341 0.501971444646177 -0.473626130442132
-0.00720709953132536 -0.000413079814237601 0.662877176614466 0.251835660869814
-0.0117209282004031 0.0149221627712046 0.111549472718443 0.518790513758489
-0.0148710402746558 0.00489975296383743 0.0486812746324632 0.0716761280349962
-0.0194746001910034 -0.00115280462815594 0.0260854423171606 -0.467355340530831
-0.00363412080198164 0.00915911665257348 -0.690326583070515 -0.407029125040315
0.0073916281650983 0.00186029891499191 -0.69766675173566 0.514940753137482
0.0173147515130133 -0.0139503120177469 0.211083942080485 0.646753142337045
0.00716982905975135 0.000153251801132226 0.480278873437819 0.0741133399034291
-0.00948579679832784 0.00567161772296305 0.230171784815159 -0.241421576019146
-0.00784792074979851 0.000114592297925119 -0.0748487279641942 -0.251275168340475
0.00147587404331365 0.0156548166460443 0.0351922521140014 0.200176459307525
0.00141205258741063 0.0116641608976545 -0.17142391603408 0.168423857449214
-0.00744453336982941 0.00954817900198887 -0.390249300442516 -0.0648815520367417
-0.00543043247277582 -0.00973128890024407 -0.189728366944791 -0.513233470574215
-3.46293220389339E-05 -0.00850965882934777 0.515243482836346 -0.463261815400242
-0.00415246515838251 -0.00149435739781412 0.654763807899638 0.266440128850705
-0.0101610369300967 0.0108424328676668 0.101305582282395 0.520307576746205
-0.0134741080396172 0.0011434769276512 0.0478952987465679 0.072387526737668
-0.0166555926655603 -0.00371781985842423 0.0176542601680613 -0.467490745798454
-0.00136759876603841 0.00829275003746339 -0.695985225425436 -0.389886541936291
0.0102787693772534 0.00441299750263979 -0.684490956593223 0.527741556146961
0.016333524641399 -0.0113586092658729 0.225518932259859 0.638066395098681
0.00584698490752909 0.000375376513275751 0.484180943348471 0.0664143513666484
-0.00601310355600457 0.00498411444978304 0.226057088816069 -0.241565178418036
-0.00735793342589039 0.00460743119305761 -0.0765291058040756 -0.249036599680321
0.00201957899598102 0.0186142013378435 0.0317146367135562 0.201163368240027
0.00491102399223801 0.0100898837038726 -0.17412955051602 0.166497747076379
-0.00785479894846155 0.00972345315321408 -0.38880241259116 -0.0699136236620545
-0.0066736318170834 -0.00672594163703232 -0.178592549294911 -0.519219962744527
0.00197834960879962 -0.00643728411876567 0.524682371672038 -0.451477469317733
-0.000424660886562893 -0.00253927778996505 0.650110899079712 0.282468858191222
-0.00722836126695213 0.00912902480420171 0.095973110033553 0.521968443772263
-0.0111391263583122 -0.00189876972459548 0.0496830902944079 0.0689884814156655
-0.0144111498021275 -0.00612279602729464 0.00976013446290571 -0.468775067501015
0.00251523378800933 0.00696451328266102 -0.702958797476074 -0.376540163654811
0.0120277548144872 0.00668567081739186 -0.672097461550778 0.540514473350719
0.0158168850347155 -0.00792013573045886 0.239911375427555 0.632533088388929
0.00692984076329912 -0.000427765796685868 0.485142351612333 0.0596740733902181
-0.00375911370016413 0.00338956742222009 0.223682112190363 -0.242370732060457
-0.00625260478082875 0.00715114286559907 -0.0799901347879098 -0.244427164528666
0.0149813671090085 0.0026240706649586 0.0347269727123745 0.205002673720677
0.00453423243853781 0.00537761077452464 -0.15833521180214 0.17037392856244
-0.00762855585504388 0.00130566072381947 -0.400643577103384 -0.0466888104108312
-0.0136998368984289 -0.0118152170246144 -0.232163593696705 -0.475300839633705
-0.00385901676215803 -0.0107187873302885 0.486473443088456 -0.475883446392254
0.000808775781870767 0.00228890376689048 0.673357340608753 0.212000790079836
-0.00884327544104857 0.024399188415453 0.134507715086472 0.489370640117041
-0.0209490354080634 0.0176237863743548 0.0587285025936886 0.0586966149915622
-0.0172754659227749 0.00885991427139276 0.0493731734419426 -0.476546953746963
0.00406767376632423 0.00957764230432729 -0.65253606163044 -0.440347651984803
0.0082661337248043 0.00215272117860664 -0.702287901569463 0.491608825671456
0.0086092397680951 -0.0132354980053742 0.175486857821532 0.664315508771888
0.00634023964856614 -0.010618246833476 0.46036024099388 0.0913443641386353
-0.00121350624774417 -0.00349078201961509 0.234203730781181 -0.233653062148488
0.00499910533301599 -0.0126537371847453 -0.0731240914831774 -0.238689768460441
0.0128872838232868 0.000455977443376863 0.0387530543212191 0.203083810721302
0.00218496227460164 0.00790089109990118 -0.157531553033743 0.169836751221819
-0.0077468734123615 0.00422958672153636 -0.401928537496283 -0.0428361153113508
-0.0135340916013039 -0.0148790757234458 -0.236319167133054 -0.475941015685259
-0.00483817010817017 -0.0121126156131178 0.476689764295896 -0.484463247974126
-0.0029696437125568 0.00320517539173962 0.676166785381445 0.205043843313125
-0.0116362484232758 0.0276285784294444 0.135896918660492 0.491343040626285
-0.0231781485131196 0.0193717519861026 0.0556722367217994 0.0639455513774704
-0.0185053503013308 0.0111391998279086 0.0503650755468199 -0.472974144020995
0.00120735745152194 0.0105710189816061 -0.647976231054054 -0.448296706985732
0.00800249230490789 -0.000760697518255478 -0.712275131052757 0.480101686359743
0.0114712004418675 -0.0167369792804421 0.165208555027198 0.664406393765768
0.00733131166534769 -0.00819806997326827 0.461705044535312 0.0948304664711304
-0.00601091281402345 -0.000794358653347851 0.236247919163394 -0.233925179894428
0.00180086749976948 -0.0134636329238788 -0.071845352489134 -0.243320791966719
0.00864831400077676 0.00296867693477776 0.0403079659374796 0.200466293555639
-0.000541786001985878 0.0101104562674773 -0.159089179643294 0.169542607112262
-0.00793117500588356 0.0067032374886415 -0.398309993358628 -0.0435199010255501
-0.0111974357506132 -0.0162806917607047 -0.23834132108564 -0.477964180796971
-0.00651437331285808 -0.0126230722268812 0.472019064250192 -0.487257268743278
-0.00685231967921611 0.00365158933993982 0.672485770181425 0.203953607253564
-0.013398333703873 0.0247716181119327 0.13451522121625 0.494376083991577
-0.0216555454854877 0.0165644088621474 0.053438444119958 0.0686495886775763
-0.0204233533312211 0.0081436549468157 0.0513106038018019 -0.468402868144146
-0.00336501030932264 0.0102263683749823 -0.648997234339408 -0.448533445226801
0.00641496032463963 -0.000830938551854178 -0.719067374446352 0.473429726331602
0.0143414808127307 -0.0185273602796998 0.164056761714169 0.663921201405477
0.00743167661550253 -0.00621629075228621 0.462427441614199 0.0948964069828436
-0.0075414527156788 0.00203671273986458 0.23537378894496 -0.234150886184146
-0.000945680670515308 -0.011540483969159 -0.0699040623218149 -0.247241438021077
0.00591745053669267 0.00535062746015694 0.0407206725591915 0.197636518117829
-0.00184860672606793 0.0123318650598269 -0.161624907490653 0.168205487012511
-0.0071519365250107 0.00889396098251848 -0.39717890039654 -0.0475027447506979
-0.00912385629549987 -0.0159228050500661 -0.228833991303093 -0.484568007776208
-0.00631131842693441 -0.013360422541384 0.474923032326979 -0.482843780006024
-0.00943985293481078 0.00232928595405115 0.667977173079561 0.216911625945454
-0.0144045617416221 0.0207486192243244 0.127303518213782 0.500646906520071
-0.0187072159668957 0.0128876282080317 0.0518625935081955 0.0696038869941197
-0.0210073817218401 0.00360415684638984 0.0438531473459457 -0.464785156198227
-0.00623248396415679 0.00945964463347281 -0.657639874369088 -0.439430397547047
0.00568367765340284 -0.00109295360837437 -0.712177620608172 0.4806952378243
0.0159985408983657 -0.0179618949895862 0.175104811565641 0.656739597978938
0.00738054347730028 -0.00266645436807895 0.466995575601243 0.0905909910881634
-0.0106253555190075 0.00417128959804397 0.235724972774938 -0.235509389644631
-0.0032617742642027 -0.00829240567282509 -0.0707331312662313 -0.248834605785136
0.00304090439153744 0.00806103695262039 0.0387707741700427 0.197191884041112
-0.00178414601658334 0.013399704949972 -0.163029605130154 0.167778676869816
-0.00708865193752326 0.010115091683744 -0.394350590702172 -0.053795248630226
-0.00686202712717225 -0.0154558134495648 -0.217195718203825 -0.492946102348558
-0.00491829365266435 -0.0121580100377064 0.484210059382967 -0.476429165246783
-0.00895672264302473 0.00188969629562869 0.659414558372674 0.230679468651109
-0.0132489770871431 0.0180515900020455 0.117536448853073 0.505932310687449
-0.0177185164115704 0.00895538444683218 0.0496372333388208 0.0707977796208194
-0.0209762677369001 0.00229203130135443 0.0355745302084811 -0.464490063524192
-0.00624652127506362 0.00877949745480998 -0.668032206598257 -0.422337238051885
0.00659405569780997 -0.000163586944904667 -0.701244619687792 0.493355399728475
0.0168516762938039 -0.0173550580510748 0.190009377383918 0.648238611034347
0.00768209157403663 -0.000748725877214526 0.472514012302549 0.081441628581602
-0.0102081456424232 0.00521564892964357 0.231503649146711 -0.238954530009494
-0.00537218250505841 -0.00490585933047333 -0.0722444843838052 -0.249400009286169
0.00254180508761394 0.0114048245690679 0.0379623548357146 0.196562069170482
-0.00102280542052159 0.0132705332885228 -0.165644289563351 0.16661859969174
-0.00763160570016335 0.0102961780003321 -0.38964137129013 -0.0594594638529608
-0.00540202140617048 -0.0132640565717801 -0.202888161652497 -0.499583430271552
-0.00257824637552626 -0.0108024450489682 0.49613182220141 -0.46710711780236
-0.00754604216889889 0.000210609884415086 0.65357876319657 0.249782190460734
-0.0121400054994459 0.014151914666735 0.108446849603239 0.510922580993841
-0.0156838942415895 0.0054557428264421 0.0487491909810054 0.0719921463830282
-0.0190464193738686 -0.000525007291807345 0.0259781749813743 -0.461622071284323
-0.00509044172571712 0.00795880329282245 -0.679290681970224 -0.406282143231537
0.0073992060689718 0.00160349394752037 -0.691742165133917 0.508943716299453
0.0168280848233222 -0.0150732271448081 0.207653734734841 0.639815204315411
0.00642180806503371 -0.000325681921709714 0.474771921878576 0.073082574342275
-0.00905240612249154 0.0059770534755506 0.227965782215709 -0.239280475429121
-0.00741384083094539 0.000377732319272277 -0.0741553988821653 -0.24814874916462
0.00195835487941339 0.0139554212218497 0.034786909675407 0.198273443730389
0.00188192543255846 0.0117448894100853 -0.168956510285739 0.165746277827185
-0.00788452739639215 0.0105075497285747 -0.386426067044069 -0.0648488713570822
-0.00512855659400434 -0.0103150094257019 -0.188164373212552 -0.507546298232988
-0.000413363879296033 -0.00918442573425158 0.510642149068138 -0.454780276392635
-0.00366056638693095 -0.00123317923151766 0.645277125918667 0.266809716946515
-0.00959753818459557 0.0118286493265348 0.0998039681853823 0.514599765915867
-0.0127202559121273 0.000776535901534063 0.0479595452683917 0.0698223231259271
-0.0157499905191621 -0.00383817479230848 0.0174900241394249 -0.460820187969984
-0.00150486152541338 0.00734461532839927 -0.686597131146402 -0.388614269690724
0.0100319865117846 0.00383524933806383 -0.676690146525709 0.520886992843521
0.0161045623866449 -0.0111517647190588 0.220662233022399 0.631859142464449
0.00663294696779526 0.000299330701691068 0.478804112980404 0.0651548051029899
-0.00648551012709477 0.00494043866990134 0.223738738654566 -0.240015713866881
-0.00678785607152772 0.00488335994694563 -0.0758329449097702 -0.245798218183764
0.00249852780610186 0.0179329409561198 0.0325390273402016 0.19999933012202
0.00438097181602504 0.00997023199810611 -0.170205777332152 0.165425072501493
-0.00810144025139309 0.00965854424650859 -0.384299653762685 -0.0698355154296773
-0.00607566992031841 -0.00680595710890409 -0.174240680812382 -0.5106074600695
0.00196601478996995 -0.00625121338139955 0.521166610073454 -0.443968095393491
-0.000841174912421826 -0.00307395511597323 0.641462817316437 0.280035870422803
-0.0065407940117989 0.00845846530957765 0.0911884709420836 0.513392586202966
-0.010139748361946 -0.00126201625186567 0.0488584414256156 0.0670201600900566
-0.0129432202314274 -0.00631497314917459 0.0114366226817666 -0.461790412879767
0.00350818398296143 0.00660643925693942 -0.693681051498521 -0.371496321617163
0.0129483637076792 0.00620266426456617 -0.664665938033665 0.534003430862522
0.0158013228749753 -0.00708244073337573 0.236040213787195 0.626856218037477
0.006764495281656 -0.000736584884036095 0.481287706477376 0.0601835209993757
-0.00178733997131909 0.00278901204774887 0.221333476771604 -0.239181168553772
-0.00545583567607703 0.00676830769894245 -0.0794486189123979 -0.244054215085265
0.015182353153031 0.00184701370106227 0.0354912361296537 0.202666509358714
0.00411733144596221 0.00554486456388309 -0.157167667388288 0.168170259083716
-0.00802104864864851 0.00201589938138269 -0.398409215460295 -0.047016771448579
-0.0131017943148786 -0.011621106955078 -0.226098630152505 -0.473985801711795
-0.00411515916783248 -0.0105243981821811 0.483572908884058 -0.470553854461807
-0.000419009457648979 0.000919497241694912 0.666066105957275 0.214431387862467
-0.00858627920274621 0.0244575412870151 0.130741284593815 0.483259150588565
-0.0207569627145549 0.017044695960872 0.0577661633186826 0.0589456365785961
-0.0160103924771495 0.00810973800005201 0.0513551621895565 -0.470718118025722
0.00390769811506867 0.00863529665433676 -0.644320187241978 -0.436819874813894
0.00738326662237124 0.00329797129919526 -0.69757763209027 0.482503646546355
0.00874082349256775 -0.0128687404506506 0.169227837727192 0.657218182548512
0.00561667108156915 -0.0105745460774971 0.45597795183417 0.0922213335678549
-0.00169724128547763 -0.00239802940724268 0.232655436900713 -0.230626165440953
0.00518700114221572 -0.0129131613016326 -0.0729606715011233 -0.236969162640579
0.0115027203843827 0.00144812937627965 0.0391547915749842 0.201599713472943
0.00209490512387748 0.00769870436951571 -0.156686314665198 0.167106742946957
-0.00791209125289418 0.00369503023461758 -0.398475505610796 -0.0436645623205747
-0.0121674047676746 -0.014567521801499 -0.231748696444439 -0.470318318407695
-0.00615521624477463 -0.0131618137213713 0.47335278166326 -0.477287909283236
-0.00307934657793745 0.00266743081781977 0.666538120520202 0.206684014788827
-0.0112014091238403 0.0259702290366404 0.132461778848246 0.487636929805393
-0.0224626540371065 0.0195860325527094 0.0556346407798023 0.062896922723826
-0.0185931672270897 0.00996980105898975 0.0542869258641992 -0.466950388001014
0.000122588618467266 0.0101321415356464 -0.639708475458748 -0.446304966160271
0.00770842605545037 -0.000309849169216019 -0.707187731621122 0.47042606099147
0.0113552523440759 -0.0161074388254959 0.162068146670596 0.659201975310385
0.00617973723017642 -0.00830352938496229 0.455872564177791 0.0947986491341776
-0.0042027321983775 -0.00127743337538643 0.234853861516874 -0.230851439528251
0.00265804071685915 -0.0127792101059581 -0.0700161572298283 -0.241181878289665
0.00923428408895711 0.0012693083094187 0.0393363040654206 0.198404619221715
-0.000302101265360058 0.0113262436020738 -0.157045004584206 0.166949517858668
-0.00763304548829257 0.00708108079870697 -0.394869619427686 -0.0431649674491191
-0.0103768127341481 -0.0154213928765259 -0.233074222183158 -0.472342155142799
-0.00670937060574367 -0.0141007373299385 0.467065417296078 -0.480279233131736
-0.00716182985556235 0.00351077716252868 0.662109039378039 0.205747095296362
-0.0139752380003903 0.0236083643440957 0.130012239745841 0.489441513302151
-0.0209273128536051 0.01742265984798 0.0531264210554514 0.0674811103963359
-0.0196182513656742 0.00750652083291159 0.053111629097952 -0.462806506442611
-0.00450044429672756 0.00995484584474174 -0.641545229372677 -0.447236222547797
0.00654023059852481 -0.00129030882548205 -0.711372420772011 0.46641092126309
0.0140111738372726 -0.0181196050217646 0.16024242449248 0.657628518036638
0.007294020386023 -0.00557870312312782 0.458705631453487 0.0963382734675466
-0.0084114811962719 0.0024329039373621 0.235473526866169 -0.231571666546754
0.000106735913278937 -0.0103923977741669 -0.0690375554432253 -0.244645488926236
0.00692152821835757 0.005055994385902 0.0398568842985328 0.196722297948363
-0.00270325551276697 0.0120799011727717 -0.15946900590586 0.165637751958168
-0.00755447313159515 0.00825366707596804 -0.393035387830376 -0.0495102713721891
-0.0102066734986692 -0.0160549326084349 -0.22567746700494 -0.479057019528703
-0.00688410618834609 -0.0137098355438203 0.472157455901891 -0.474760027307993
-0.00903784220537429 0.0021418609856798 0.658041402832485 0.218620508597411
-0.0137583932668303 0.0210701788283523 0.125017399296853 0.496276430562674
-0.0195535037468289 0.0132468723809414 0.0506166971793174 0.070137777693516
-0.0204952796670666 0.00416390992419118 0.0462925445488064 -0.460240485657257
-0.00695748187077967 0.00933936612126683 -0.647588715988322 -0.437723910411769
0.00632963726357655 -0.00136547452072162 -0.705811411066734 0.473988610924435
0.0161886701553337 -0.0182823583228147 0.169986867085988 0.650930598434783
0.00685811870465734 -0.00292005495406826 0.461442844659756 0.0896325550706533
-0.00954076278513817 0.00306503240104383 0.231855152326811 -0.23382316814664
-0.00395420140834804 -0.00874857832978541 -0.069272464909006 -0.246987290826229
0.00410736695633874 0.00747438311829456 0.0389520758686038 0.197081596739811
-0.00244077823828436 0.0123434195857842 -0.160521021708174 0.165094139356159
-0.0078499372602835 0.00940456211323172 -0.388768806420266 -0.0540497985944518
-0.00710737149082835 -0.0150127140059962 -0.21346996056078 -0.487661305010164
-0.0058027461943313 -0.0116642119718435 0.483197503830282 -0.469213721586084
-0.00894664859401019 0.00109337034527646 0.651293985992108 0.23208088825035
-0.0132784703014327 0.0173057709763338 0.114013853695346 0.501511986628486
-0.0173962680014236 0.00869096555659927 0.0494682066162351 0.0710315920273862
-0.0199597808721969 0.00164479727821678 0.037251812282128 -0.458075045000549
-0.00622877246518854 0.00778162517624258 -0.658245786370537 -0.420141308959241
0.00736402346854898 0.000135604255922323 -0.694995004574074 0.485976036468014
0.0164031367641136 -0.0175640711442671 0.186512724537087 0.642442630799021
0.00651684856813757 -0.000929060932622615 0.467688814932673 0.0817762399086495
-0.0110698613868384 0.00577341148961146 0.229416219480514 -0.235034831102245
-0.00512932558909202 -0.00386709799690454 -0.070308719079783 -0.247097430528147
0.00227139067127173 0.0102649234107981 0.0372792385160953 0.195171652948387
-0.00117384359646891 0.0125862411992897 -0.165021364690872 0.164680655468111
-0.00675126411251162 0.0102601564700426 -0.383976791784922 -0.0599472034917591
-0.00508603609053189 -0.012877751895814 -0.199770729988963 -0.494345172475125
-0.00238473431053461 -0.0104497039582738 0.49168045293668 -0.459209386704772
-0.007127298182727 -0.000383686237380844 0.644375382623166 0.249547330483202
-0.0114009678383699 0.0144862802253975 0.104040132349531 0.505682752326874
-0.0157331084106259 0.00513829652987353 0.0483319578985384 0.0709335777454723
-0.0188072860651354 -0.000473910660731815 0.0294716762227488 -0.456417018674457
-0.0049031580026259 0.00783874249562316 -0.668951478273657 -0.405344988531185
0.00750930824074061 0.00153614080713241 -0.685850739446311 0.500234416030287
0.0157221575885972 -0.0147799863680972 0.202781770863782 0.634458028831584
0.00644850678620971 0.000684176157702667 0.46868379787268 0.0753597647589916
-0.00911628888676916 0.0054044628398332 0.22588635627704 -0.236407273769954
-0.00711393876515673 0.00102235696892923 -0.0718380617241001 -0.246647155576814
0.00211050405020329 0.0138423617961796 0.0356730057901846 0.195902666537154
0.000561077869264735 0.0112692752335295 -0.165886312179388 0.164125383421828
-0.00726310804862583 0.0096266736351498 -0.382426100238583 -0.0656717667244109
-0.00500720291545766 -0.00992830939428159 -0.183108507150095 -0.50062463615164
0.000174676971581057 -0.00977919559329782 0.505582709914457 -0.448604695348634
-0.00401138563225244 -0.00127080949563509 0.636434866126643 0.26459753084975
-0.00971199063086087 0.0105851749492345 0.0951053202898361 0.508469513409835
-0.0125449591755617 0.000989123979222844 0.0482739755394856 0.069795258118726
-0.0160537997833676 -0.00344049012976981 0.0220102543519095 -0.4571920488476
-0.00199975715153998 0.0062569567921203 -0.678218877453136 -0.386205535086251
0.00991687732312342 0.00543266515361661 -0.672941438384782 0.511762474006766
0.0164505942387011 -0.0114564014848384 0.216718280809464 0.626620857662845
0.00612923677891804 0.00108083895329009 0.471807261288304 0.067901815978207
-0.00647658499458461 0.00449239660900519 0.223781807531292 -0.236501464660396
-0.00674503821390499 0.00431293717618291 -0.0751404045293916 -0.244630393331896
0.00219646472297061 0.0173320941298328 0.0321371621377599 0.198976739131631
0.00438562916772518 0.0102326288026654 -0.169459562249526 0.16214521219536
-0.00860292506902375 0.00922961378107974 -0.380809291730139 -0.0691939332480998
-0.00573066997513538 -0.00665985253216707 -0.1696293184257 -0.504379025026117
0.00168715597514994 -0.00626524108722262 0.515520760912529 -0.437838118726755
-0.00105174127458782 -0.00222072768856266 0.631679451485363 0.280673065415057
-0.00749147866693692 0.00979390055390576 0.0893368941837468 0.50918026362211
-0.0109455920107605 -0.00197472003267704 0.0482926148869483 0.0678029121784189
-0.0130710373599246 -0.00621435526761953 0.013751749736928 -0.45718873128916
0.00346414784026224 0.00541402113516905 -0.684269473926348 -0.371649860421249
0.0127759513931488 0.00708184419709807 -0.65905209393269 0.525000882901149
0.0151258641861396 -0.00772253053780865 0.232601686264163 0.61767624685436
0.00606633488250972 -0.00127483773143038 0.474220942336332 0.0607275351214273
-0.002533189027275 0.00324746691534976 0.220559386099294 -0.236626113667497
-0.00545957313848499 0.00752187023225221 -0.0774642368263038 -0.240451867777049
0.0156787363226825 0.00102027820573054 0.0346959942374851 0.202737091584394
0.00499857577782718 0.00479183204550475 -0.155998387021513 0.164516590725564
-0.00790739196969695 0.0020893965316824 -0.393632464272421 -0.0484270370391187
-0.0131318686958058 -0.0113347654922369 -0.220855316482694 -0.468942163610626
-0.00356907189009468 -0.0107016389535362 0.479845369183929 -0.463739664401849
-0.000167859403962071 0.00179692809111664 0.659286953426565 0.214962663187401
-0.0108270914067168 0.0228948422497876 0.125547705981414 0.479020733154497
-0.0199219010867276 0.0170385648660283 0.0572239521482987 0.0577709348521362
-0.0164793258016053 0.00815866405995462 0.0547545193059091 -0.468326581585961
0.00288197422636864 0.0094172269484726 -0.635659534321507 -0.439283215756869
0.00759348083544524 0.00290352763878972 -0.692426284479252 0.475199123722025
0.00878790115307913 -0.0128937085643103 0.165835278166111 0.651908063088644
0.00603930087040604 -0.0108523133528616 0.454010364311216 0.0934732717890426
-0.00105307262856769 -0.00301925648519793 0.231062409935238 -0.228061429540956
0.00510565217244473 -0.0125710222347667 -0.0713679279507728 -0.235629599683589
0.0117517299833049 0.000576699440160134 0.0373019092882321 0.199955118501103
0.00139221731032511 0.00734612123606649 -0.155554059999486 0.165062904094234
-0.00773647429496656 0.00399985792704319 -0.393755138731787 -0.0450819226509573
-0.0119486675434145 -0.0142232387571231 -0.228380204424966 -0.467787211714516
-0.0055478507638006 -0.0130705275383788 0.470724068544119 -0.469589816347585
-0.00289374682190897 0.00274183914151361 0.658181971223931 0.205571355217423
-0.0113381071509927 0.0264746510578163 0.127908847595449 0.482256658005311
-0.021912877699761 0.0190617552902161 0.0557399774697398 0.0623855506315127
-0.0187859907972364 0.0102166981632221 0.0562375649182935 -0.463034089713377
-0.00042637036827023 0.00990894775047927 -0.631869362789744 -0.445644743102515
0.00762959341313862 3.93848200227528E-05 -0.7031402462867 0.464142154628654
0.0103792429180851 -0.0166417812374719 0.157541637284538 0.655901701654825
0.0062976014366431 -0.00847789065115188 0.453321874534086 0.0965423649337765
-0.00468472807427739 -0.00135426597997716 0.233073771327679 -0.228883350304388
0.00235093932511929 -0.0128593111331949 -0.0692720737603013 -0.239687608299701
0.00921672238395167 0.00185745514204385 0.0399902115510888 0.19765509743181
-0.000845999916090888 0.010177232149048 -0.156519402566697 0.164809849964576
-0.0075840651382101 0.00639259942750247 -0.391351393083537 -0.0442396669272833
-0.0101450667146219 -0.0156363541209365 -0.228522859626233 -0.469124871114086
-0.00672021239699128 -0.0126963221843398 0.46739367615739 -0.475002797240451
-0.00753905803709759 0.00297019414340841 0.655202762417656 0.207649421505071
-0.0138072123928049 0.0248852192068983 0.124181810783391 0.485292481480914
-0.0203926822078732 0.0166641883325551 0.0516561484410404 0.0674255205459216
-0.0202902639282276 0.0073719884319991 0.0558727793146227 -0.458377493221878
-0.0044189750914536 0.00986239463681213 -0.63241888960523 -0.447499949280351
0.0069918503332441 -0.000226888133916979 -0.709574281589858 0.457905687033954
0.0133897132714222 -0.0175992325900807 0.157029338819288 0.653927014609364
0.00640094859331898 -0.00531679650316275 0.454106799227045 0.097391028023323
-0.00762250353965414 0.00185274904686457 0.233014529184663 -0.229102302725812
-0.000655772160608471 -0.0103177302642982 -0.0679870728602205 -0.243525241232664
0.00635314854479994 0.00456848156397854 0.0384097752457038 0.195425098226774
-0.00293360070359462 0.0120744741129455 -0.15716192369672 0.163416545549976
-0.00693090774690682 0.00851071987463434 -0.388747187592072 -0.0499322695405756
-0.00803359398237753 -0.0155392866788993 -0.221581909040815 -0.475896072875954
-0.00717987185918553 -0.0127088953743275 0.469676074874726 -0.470364740075857
-0.00898357099377073 0.00216665666317441 0.649831730825703 0.219241548706425
-0.0144319695504599 0.0212771733938219 0.119208331929898 0.491301590946632
-0.0192412405841508 0.012244771701831 0.049502541635052 0.0696263593600321
-0.0203941484683581 0.00478781320551555 0.0502578118711031 -0.45649455114598
-0.00686038582316811 0.00863950631773773 -0.640914056190692 -0.436194964335783
0.00562878783902579 -0.0010274220933274 -0.703961022548424 0.466246266210786
0.0156938173834095 -0.0182873961700424 0.165415327082372 0.645933171006846
0.00701826642830417 -0.0033048223925902 0.457391254396161 0.0916986832893041
-0.0102098632444374 0.00425752196862873 0.231104635871872 -0.230856370070125
-0.00369480122135283 -0.00790706254487741 -0.0675781514184898 -0.245723132513038
0.0039937443215062 0.00632837688633899 0.0388332264267447 0.194834891895713
-0.00226218138912773 0.0130761253966172 -0.159939740622909 0.163585100081529
-0.00703544532337709 0.00996581597450401 -0.384991018252821 -0.054527750592422
-0.00598356911050605 -0.0146649578264539 -0.208799226114942 -0.483003972828317
-0.00420623337194399 -0.0118863404044352 0.481434149115261 -0.461091972953012
-0.00884367000304715 0.00141452057443951 0.641479061404307 0.234870279902398
-0.0138575058095016 0.017725916016034 0.110057644948043 0.49685179455192
-0.0168841024177239 0.0088154445780976 0.0485955017834075 0.0709198876893209
-0.0206441678677614 0.00119015081161197 0.0404104294187287 -0.454745233889648
-0.00746511782631783 0.00898195696905907 -0.650644184265438 -0.421025733576616
0.00707118766999796 -0.000175805612143173 -0.693360896411735 0.477276870631722
0.015706007572629 -0.0164713265954751 0.182017463576112 0.637977360710351
0.00667594768982795 -0.000789376623455245 0.462503019132581 0.0834579122304963
-0.0107740305321997 0.0047738168521024 0.228226856597036 -0.233206459636397
-0.00553614126993545 -0.00418562780396392 -0.069792627748152 -0.245990929713288
0.00225347792888399 0.0100162326490391 0.0371463197128393 0.194062813096903
-0.00123774862097096 0.0117901746102831 -0.16248717657293 0.161837838796029
-0.00734462759611572 0.0102192039795029 -0.381084439422887 -0.0612867497943931
-0.00448355642003599 -0.0130926655782671 -0.194628291338031 -0.489465012061094
-0.00233737993490412 -0.0107708613253225 0.490993707931482 -0.454570424226739
-0.0078272553914239 -0.000255087143414333 0.636627717096253 0.249514910138432
-0.0119603648518117 0.0143198437758938 0.101124404365636 0.500736088111764
-0.0148323900760054 0.00475198998047164 0.0472743296168229 0.0698774025795408
-0.0190611334559869 -0.00137099951888836 0.0324686938173725 -0.452237593712113
-0.00568173806439377 0.00783426178477583 -0.660396906400126 -0.405210786111799
0.00814650874271145 0.00228016514932211 -0.680949159104579 0.490915995820358
0.0160863731562708 -0.0144104061410214 0.197205274144186 0.631444772022941
0.0059713338299998 -3.27246720593921E-06 0.464338284551374 0.0772439660516522
-0.00905613813313162 0.00594062649486236 0.223764370363748 -0.23334113551612
-0.00671250371690434 -0.000451750947929899 -0.0716286527170387 -0.244472320394771
0.00151623283363286 0.013078122764423 0.0351890104367737 0.196058183110294
0.000476658091628885 0.0118573655227043 -0.165813253396858 0.160147147313729
-0.00810157451537302 0.00969062773670547 -0.378989063663038 -0.0654781102725528
-0.00440022683936869 -0.0100516103306987 -0.177773847293974 -0.497096073140171
-0.000273997831884067 -0.00891576121790019 0.503013782358833 -0.441247464622472
-0.00483644308433812 -0.00177419635867635 0.628553453208869 0.26724037197544
-0.0097449677458361 0.0109324401191092 0.0910530464721955 0.503853558089938
-0.0122568538223038 0.0015502399085229 0.0480845360570532 0.0700899999435591
-0.0156382494690603 -0.00383051058784558 0.0241729889923231 -0.451765868072452
-0.00193380124057885 0.00786506871326331 -0.670454201892141 -0.388843865820236
0.0106914622631221 0.00405961314668532 -0.669177286018487 0.503498439727758
0.0162243202874613 -0.0116192811277279 0.213753828819957 0.621012490689808
0.00782084159659796 -0.000434864655777757 0.468920764866485 0.068644489701585
-0.00593729603484591 0.00498708246230192 0.221149765382905 -0.234218088809349
-0.0072202150185044 0.00378810821918276 -0.0740553518554621 -0.243218891608322
0.00182762941816154 0.0164873233189263 0.0322761377028589 0.197055386490033
0.00336065498537714 0.00995888726569094 -0.167617111613955 0.160393166960129
-0.00827706984977635 0.00903668082355378 -0.377018468469261 -0.0703858673617478
-0.00533698030138061 -0.0062941190416935 -0.16710521197871 -0.501960254637455
0.00216301272807274 -0.00660739556801639 0.514117450053558 -0.432581956314917
-0.000748486886365793 -0.00235954552061328 0.624899955829353 0.280763234031155
-0.00780919824261489 0.00900463642342657 0.083103468523223 0.504259900889374
-0.0103215750352055 -0.00228843263800447 0.0485220533108569 0.0670429043267701
-0.0131648068984683 -0.00632489504038972 0.0181374526796848 -0.453211281330446
0.00204020872247767 0.00638943091585689 -0.675982448007022 -0.373646153759673
0.0128568461169956 0.00695159076578467 -0.655796734938196 0.5184454128278
0.0154658193186275 -0.00745614088924353 0.225429270763683 0.616422471498858
0.00578543732700636 -0.00160088002909592 0.469442956544811 0.0620027397939418
-0.003135077701202 0.00267348969510132 0.220062324624899 -0.234079239506529
-0.00586174571793315 0.00725504934967495 -0.0754441688111017 -0.240136841573745
0.0144551151790204 0.00131692560787497 0.0339136962006903 0.20211607627117
0.00400822966494472 0.0049385116972039 -0.156226492592518 0.161934798797406
-0.00793306322625875 0.00105805550011218 -0.391739757057377 -0.0494169171146298
-0.0131814941795113 -0.0118023655722545 -0.217656332657845 -0.466369604745325
-0.00436332474438427 -0.0101786840200057 0.481717468549619 -0.456095393102502
0.000241141919063222 0.00131119727889645 0.64995543593557 0.218321219478919
-0.0104084712289727 0.0243194816893281 0.120462248216932 0.477350700898434
-0.0206948462327335 0.0177010046706386 0.0575605784225979 0.0573548573080649
-0.015808321366205 0.00718829107149893 0.0582299322603294 -0.462815537820589
0.00272596643307096 0.00919957060105002 -0.627480520575067 -0.438518120752134
0.00856734194851804 0.00281293674013051 -0.691612532714378 0.467731610592499
0.00788871102481353 -0.0125352332391548 0.161387684745986 0.651221209679142
0.00578099991840123 -0.0104379535852287 0.449570338142218 0.0956791391524881
-0.00192768025269543 -0.00292769395373195 0.230398749642539 -0.226462017648479
0.00601205721689223 -0.0119459117144538 -0.0699396080136344 -0.235974537154465
0.0125063278597678 7.16163211599776E-05 0.037389144111331 0.199864040936145
0.00124831741265888 0.00689870073525238 -0.154508666865779 0.163293771892045
-0.00787904510540509 0.00420782813549478 -0.392094441011871 -0.0464280248636223
-0.0118255004834979 -0.0150860944214018 -0.22243436584797 -0.465745064522202
-0.00564279627912244 -0.0125008032064807 0.472845780065111 -0.464266133837508
-0.00322957160722827 0.0019138965452876 0.652074666767054 0.209358345947946
-0.0117973057429762 0.0259994523246715 0.123211327370091 0.479363688999869
-0.0218530672128577 0.0192314322996452 0.0543863768326812 0.0623955033914781
-0.0187407186530299 0.0100230151698537 0.0593280385167968 -0.459593525096228
3.13592107411779E-05 0.0104574991098184 -0.624549074422757 -0.448224436974973
0.00787579413509319 -0.000427538084114113 -0.702781745364546 0.455268708272045
0.0111551268984046 -0.0169023154804445 0.152000807550694 0.654481723885346
0.00699603445135272 -0.00802171583403245 0.44894358288618 0.0991415138290326
-0.00421352695842519 -0.000128635964859322 0.233811305708557 -0.227299536956586
0.00238914884608661 -0.0134688237873882 -0.0685023662235767 -0.239307725138667
0.00939378252786292 0.000167694752865599 0.0393907987794877 0.197241353721486
-0.00134193435918782 0.0103016460558836 -0.155673486182636 0.16325649516753
-0.00792451964682987 0.00620294480274853 -0.389079058460306 -0.0470059791213167
-0.0103175322396939 -0.0151871295617232 -0.22506218642681 -0.467536764312369
-0.00696930932386443 -0.0125836703166137 0.466728604255101 -0.468059148043148
-0.00683588536084498 0.00239505700941365 0.648738228596465 0.209170188435506
-0.0140545279028684 0.0241441866472383 0.121181683275513 0.482519048594764
-0.0208032024038225 0.0166174092719745 0.0508910106954567 0.0678614915366908
-0.0199822937280052 0.00801824118943294 0.0606643141107486 -0.456223964792943
-0.00564022650743916 0.00937442055802669 -0.625344415072865 -0.449718488882266
0.00680613710963521 -0.00151584034584871 -0.706752195057303 0.450524240899627
0.0139204411473277 -0.0175733612425718 0.151459664082872 0.650219669158272
0.00636187441902585 -0.00557240705933948 0.449119090265271 0.100308254989455
-0.00713521204893443 0.00191710546111992 0.233689240846276 -0.227224279596609
0.00020536714693556 -0.0107423734963371 -0.0658943672709244 -0.243502519276224
0.00700872158951413 0.00405111315483446 0.0384931158024629 0.196776427827734
-0.00284754103842721 0.0113210661858425 -0.156795793727472 0.16175884721758
-0.00737628037760689 0.00845272932487912 -0.386474412681737 -0.0513575613699089
-0.00759035841647627 -0.0154279013535753 -0.216938721184382 -0.473803091259304
-0.00671594627928265 -0.011523997129094 0.471004348036056 -0.463844392894794
-0.00920670266721242 0.00215390405773663 0.643424655740158 0.220693098971829
-0.0144931336141077 0.0208928901026096 0.113455679767852 0.488997418004313
-0.0190250847242724 0.0128493605618731 0.0497669363533817 0.0703713975482143
-0.0206379611461515 0.00379115921123364 0.0538994187425453 -0.45270438482139
-0.00729497932735332 0.00916249341067278 -0.633990956003154 -0.43839183634567
0.00631366302787902 -0.00126395596612763 -0.699988815427221 0.459287327385089
0.0156241146472276 -0.0178975230362765 0.16117012968519 0.64520111121953
0.00713928154939325 -0.00282813854047251 0.452680447168277 0.0929038220725264
-0.0090604685910859 0.00407184007482413 0.231237397172337 -0.228412378360487
-0.0033033484012596 -0.00768228182537776 -0.0657266918768597 -0.244763915129914
0.00358776460143327 0.00630038740094298 0.0384841179333177 0.193940195265266
-0.00261670868170672 0.0125062642835626 -0.159937198478959 0.160728264005917
-0.00759338962377273 0.00953367517296651 -0.38277424203297 -0.0565846688888428
-0.00603523614234018 -0.0148630393915777 -0.203485238921081 -0.47943348750217
-0.0051461837360391 -0.0120967906248902 0.480144714084143 -0.454743293239652
-0.00877959474034074 0.000932076953067946 0.636827206929558 0.236831078313596
-0.0143330491884711 0.0178724746571798 0.104679591122313 0.49261007073625
-0.0165191579754545 0.00911308747417904 0.0483125672559117 0.0699553451240164
-0.020410699267933 0.00201924914723208 0.0447469786877623 -0.450044867500979
-0.00818036595124189 0.00851698372185513 -0.642662672807767 -0.423191466935915
0.00630303638390089 -0.000221738487892786 -0.690419924547613 0.469343911820227
0.0159499298415403 -0.0167523327140998 0.176808514027981 0.635460348112622
0.00630594732614153 -0.0012326741124063 0.459107822652609 0.085872316416955
-0.0100716182485812 0.00489833468466426 0.228217199867895 -0.230221363634921
-0.00549182506697144 -0.00369935174429895 -0.0687044469346617 -0.245356294137794
0.00178338252986133 0.00997601386061478 0.036938775752033 0.194013263479802
-0.00224413229408394 0.0121921653870834 -0.161856771386417 0.159760044629223
-0.00749344521734566 0.00955388043560591 -0.378802346369454 -0.0621353292193873
-0.00509990706627249 -0.0119037811393298 -0.190375049321461 -0.487480662873182
-0.00228313957791941 -0.0104170244513434 0.489960247476671 -0.448170470964147
-0.00711436267754008 -0.000900546471271217 0.62870943504275 0.253794756565755
-0.0116571225506135 0.0139663885147622 0.0959009731367685 0.498466380882095
-0.0144324947366337 0.00461173487885173 0.0480670250060733 0.070546062522714
-0.0189251432900779 -0.00133354880036733 0.0350367766156649 -0.448620326943188
-0.00615394068560326 0.00821086899222169 -0.654345039695307 -0.405769511212494
0.00744107434504973 0.00247822704866825 -0.680802405169343 0.485304674640156
0.0172739114611038 -0.0144518457770315 0.19368324647296 0.629543110856062
0.00660899353370036 0.000522844324570373 0.46149131639815 0.0790557563302764
-0.00886767419545379 0.0060370939383058 0.224473310790992 -0.231810460607025
-0.00666101812544387 0.000525593890977208 -0.0702262266372931 -0.244861489895804
0.00147396727728256 0.0134899190046751 0.0341937186094989 0.195509569099072
-7.30491314592723E-05 0.0117247131349076 -0.165115034039917 0.159014749035435
-0.00798573720866325 0.00893912634028341 -0.376420028390295 -0.0670459072444147
-0.00354376989028816 -0.00951528951170866 -0.174982954428354 -0.494566156945876
-0.000722044476130958 -0.00955946213636629 0.502873845133372 -0.43632649918275
-0.00406457832495408 -0.00255644830205428 0.622912588241986 0.268892405202626
-0.00964914831526813 0.0119001314558256 0.085866822033282 0.500622862410176
-0.0113448131767813 0.00147531345488198 0.0476388877624394 0.0693698578852934
-0.0157989058170557 -0.00368011168886575 0.0285194418746324 -0.448905254425189
-0.00279018218721521 0.00669760143485711 -0.662189744934152 -0.38963050641622
0.00996380751623621 0.00515176956853503 -0.668046242263784 0.496000526711394
0.0151270427542044 -0.0107682949731719 0.208368553516638 0.618894210635865
0.00656847175683896 0.000375292792656386 0.464760355330654 0.0720374567373429
-0.00672594502246012 0.00500538254829229 0.221443548321239 -0.231808893451196
-0.00766861539902651 0.00431191617100921 -0.0720516533786504 -0.242332736009836
0.00264290899798012 0.0157368283258642 0.0315272486681396 0.196898238838371
0.0025076289460907 0.00956042578702116 -0.166300748573735 0.158479701538794
-0.00818019020864899 0.00801776525036627 -0.374658381072708 -0.0720177142168517
-0.00515882684123934 -0.00668585978242205 -0.161365501314541 -0.499253591264155
0.00203799490810584 -0.00589853783145521 0.512692418759692 -0.427357360852609
-0.000891293005626907 -0.0032978489332781 0.61813822039212 0.283259377240442
-0.00750862473440411 0.00894679985914124 0.0783783566103787 0.501471053166549
-0.0102261374684605 -0.00124441214114843 0.0474917485881066 0.0666772939969913
-0.0121833155086344 -0.00637311403588878 0.022313129874689 -0.449555952657958
0.00169068896699163 0.00507581732183459 -0.671342517850501 -0.37423508679505
0.0130179473937091 0.00683674199988515 -0.655951216740877 0.512197820501871
0.0155402135806438 -0.0066188065937258 0.221390489978705 0.61550960908324
0.0065638242411099 -0.000896446184245509 0.467747970545618 0.065748165034689
-0.00301336204341814 0.00322013884580616 0.219865565990274 -0.232140457553109
-0.00598320809716402 0.00747175292575187 -0.0753429642175799 -0.239182183212271
0.0158155118902402 0.000663902344139241 0.0333524143301787 0.200780709944002
0.00365789106647951 0.00522153583273043 -0.155117556773133 0.162234771600968
-0.00761703310316409 0.00182023042649431 -0.391044923353871 -0.0524598639023643
-0.0121445905455871 -0.0124027791485716 -0.214697647450873 -0.46398616271445
-0.00431736759863934 -0.0111617746499739 0.48041626125585 -0.450204053473957
-0.000395678255423977 0.000149831813338765 0.646519112701582 0.21986825075655
-0.0110747750489924 0.0237166547875173 0.114514039443055 0.47521350111929
-0.0199291544818922 0.017104914857997 0.0565400595468498 0.0579080411121525
-0.0167326413463744 0.00778785977899059 0.0636810741974782 -0.459828360203051
0.00173495871934411 0.00970623041741044 -0.622530629639677 -0.443567884101926
0.0079339126750746 0.00231079040315385 -0.693372353347744 0.460944702297851
0.00887421717629364 -0.0123335793986505 0.156034878851793 0.648804870919327
0.00625117347384086 -0.010433766377405 0.447453533095264 0.097383666566764
-0.00125082159206909 -0.00249044250986727 0.231277396999914 -0.22439152296626
0.00513537630131372 -0.0120173214470102 -0.0677321343050993 -0.235068906047627
0.0122176748821841 -0.000137468604973364 0.0367261197409771 0.199275852158184
0.00231484110944761 0.0073315166162332 -0.154823407867398 0.161230882660578
-0.00746513607369358 0.00427185085815697 -0.389735507340543 -0.0485219189751791
-0.0117194928977613 -0.0141769786432167 -0.218575234718165 -0.463679587347616
-0.00464930929124418 -0.0127079628850544 0.472063269822558 -0.457652641518448
-0.00284260670975935 0.00272461613388384 0.64612717036978 0.214111128796358
-0.0129199172471395 0.0252526660950425 0.11714277101303 0.477638742435452
-0.0211375332233512 0.018644439862472 0.0541186710519276 0.0627811814092373
-0.0188944868717494 0.0102635037980664 0.0654764964898269 -0.458065122115075
-0.00100540634806412 0.00945656221287871 -0.618917637140873 -0.450177246663481
0.00687467762028318 0.000122713954790364 -0.701637526023043 0.448934619341693
0.0110393033205008 -0.0170427363894258 0.148919900481326 0.651750351837271
0.00621007400205151 -0.00784126368094673 0.446453557230971 0.101484636255603
-0.00453123668729168 -0.000676968307027983 0.231742972892528 -0.223918423484247
0.0035283715232065 -0.012170397311314 -0.0661022046365778 -0.23822170993216
0.00877363542509323 0.00116202388571248 0.0379976897320943 0.196688883150403
-0.0014059062168591 0.0104988016159383 -0.15411025208152 0.160900509579771
-0.00758116185657072 0.0057627884728811 -0.38762519645739 -0.048515464740465
-0.0101151656064115 -0.0151192612972829 -0.220914136484353 -0.465860846396826
-0.0069806398261108 -0.0125483211232029 0.466963805706846 -0.463330991123068
-0.00671179503378375 0.00237877114069187 0.643673367513006 0.21448955710603
-0.0146328253726418 0.0247814956282252 0.117862181045295 0.481976695665752
-0.0205805255064683 0.0159872963015766 0.0517393490489427 0.0673054346372852
-0.0202415847892431 0.00825014524073999 0.0631628498553941 -0.45192180733671
-0.004700707104325 0.00975415309851802 -0.620695304702118 -0.450627137787165
0.00732304760073946 -0.00148567902607687 -0.706190149713587 0.445650756362339
0.0128555546103376 -0.017598364520973 0.147067007720403 0.649826271949462
0.00655735201322387 -0.00536196948426914 0.449359481009327 0.102211394335598
-0.00794658343736355 0.00209454292014689 0.233822241998129 -0.2252000229081
-0.000603559093265582 -0.0103640733147808 -0.0654262035389187 -0.243454624429627
0.00736721687153978 0.00300190349255411 0.0382199868000633 0.195929188180519
-0.00275090832279709 0.0126056769159539 -0.156253080927943 0.160533258329024
-0.00721776261831596 0.00811828247043209 -0.385014368140717 -0.0524439454364682
-0.00794373715973787 -0.0158177668573998 -0.213311346448401 -0.471335376489579
-0.00665879680733905 -0.0121889486174976 0.46957622409389 -0.457756358010036
-0.00875463669404736 0.00162634478913662 0.63844132808019 0.225635641773222
-0.014070029319182 0.0206943688430457 0.110100113383725 0.487796181418075
-0.018612785791109 0.0129361093687093 0.0502483318818751 0.0690502856427678
-0.0208563949478442 0.00393629840673066 0.057589236416986 -0.449933298473874
-0.00751661811153606 0.00858640172089914 -0.62739872303593 -0.440759675232464
0.00630942458776206 -0.000603126003185658 -0.701833582361358 0.451533734343638
0.017074098851659 -0.0184226360773901 0.155865447161593 0.6435993173943
0.0068839589080532 -0.00265931500987889 0.452671513307297 0.0962844443917261
-0.00980339050140792 0.00336341402792887 0.231590088684279 -0.225849505509137
-0.00285125956209232 -0.0077085181149342 -0.0646413904773111 -0.244150896165659
0.00338085006273222 0.00606219531527614 0.0376212661289975 0.194671232798028
-0.00301207456720297 0.0123977654002552 -0.158419086894299 0.158962106955614
-0.00675153802340059 0.00972006917806954 -0.380452057115136 -0.0591544156571604
-0.00548710971610967 -0.014324169309145 -0.200967865833414 -0.478538531152789
-0.00499287769762633 -0.012173953946648 0.479790716568085 -0.45127007787575
-0.00879386021150875 0.00102179031126417 0.63053511385426 0.240614529561173
-0.0140710505165826 0.0166145399852709 0.100648870037089 0.491102313568397
-0.0159659133437986 0.00835957900143668 0.0487540489179409 0.0712112579448636
-0.019551884851042 0.00168688327263966 0.0490888051034344 -0.449224542740696
-0.00818027363852289 0.00828992530468743 -0.639666092819207 -0.425802443713573
0.00657869256473153 0.000562412350953222 -0.690084930571839 0.462917413979733
0.0165819854847746 -0.0169054393573175 0.17311891168407 0.63551634954741
0.00577403710326436 -0.00121711852333204 0.456061861414965 0.0882101897657794
-0.0100977923193929 0.00530348337050227 0.229000960191951 -0.229163699129709
-0.00559716930141925 -0.00391006824860224 -0.0662814240800684 -0.244503845911437
0.00220777240485647 0.00958756647763703 0.0358419090232631 0.194681647308605
-0.00188306641173555 0.0127389982354578 -0.161733791152819 0.158225404256766
-0.00690466563640278 0.0103618007983899 -0.376404562711071 -0.0637812272429265
-0.0043678818042751 -0.0121683880887392 -0.18508105273777 -0.485517414785492
-0.00300977357532148 -0.0108311979434015 0.490759147374523 -0.441939837675246
-0.00726414500558894 -0.00108752188144138 0.623748843207216 0.25641908674706
-0.0121247947499773 0.0140265331780554 0.0919075765499905 0.495180743671866
-0.0148326937406928 0.00507455682847017 0.0472185434958961 0.0707608410709549
-0.0183321290044618 -0.00151668171633819 0.0393633923273715 -0.447144555995455
-0.00594399791356134 0.00739133452551231 -0.648622995289215 -0.409035524677071
0.00801504751528552 0.00217603985021223 -0.682372865645512 0.478441544382547
0.0157016578220673 -0.0138429498287433 0.189100569054892 0.629301610536484
0.0064849466210935 -0.000646696879778177 0.45909919489877 0.0812339169621958
-0.0089706083298366 0.00640768459381242 0.22499656911692 -0.22970296323956
-0.00639322959047203 -0.000204079698703069 -0.0684360610008142 -0.243713578662453
0.00144842106987302 0.013197691952799 0.0344201140327899 0.194117536944892
-0.000246973258541682 0.0118442941648769 -0.164181209480173 0.15731268469493
-0.00763673461683296 0.00952634676847256 -0.373506808941507 -0.0689189250324817
-0.00456755991319114 -0.0108417487611635 -0.170946605424556 -0.491748002083187
-0.000647856713822297 -0.00823260442190551 0.503533791258298 -0.430987936323924
-0.00421833251298591 -0.00141468037300277 0.615703164226428 0.271294249931256
-0.00992035224434545 0.0110848673599824 0.0810949573449278 0.498652847035028
-0.0116199454486906 0.00177400257624867 0.0464241519023115 0.0699690032616027
-0.0162913791890574 -0.00388241522857123 0.0320612065511202 -0.445705069360964
-0.00284287785640224 0.00638238496591574 -0.65729155697254 -0.392169999897908
0.01012115333393 0.00442298627285414 -0.6690735771264 0.491262969636579
0.0159668707729723 -0.0102192015986922 0.202047034418469 0.619395942190744
0.00597868699959199 -0.000268517664362823 0.463494407100424 0.0735607326195427
-0.00673185521112398 0.00503246009327268 0.222240475730076 -0.229284035847535
-0.00659276561936622 0.0029260823109323 -0.070236408852339 -0.241512088103579
0.00206261695967518 0.0155230227780611 0.0310102770072469 0.197067617134734
0.002713674278123 0.0091298227934742 -0.165897238044073 0.156401803252289
-0.00787031300923213 0.00793528182634241 -0.372223821647984 -0.0741374372339762
-0.00515839743244499 -0.00602093852702724 -0.157097302448281 -0.496482991091809
0.00185476461357971 -0.00707574532907694 0.5124759959736 -0.420632620829056
-0.000975524050307115 -0.00349728209048815 0.611212361180872 0.285070785654255
-0.007505009332231 0.00876196830250337 0.0758842214689649 0.497375989295632
-0.00986911249775954 -0.00089428354502775 0.048667927501515 0.0668220327445442
-0.0129846722122712 -0.00686733660439112 0.0263821537334025 -0.446049140820123
0.00135344457044559 0.00583487012265954 -0.663199730168238 -0.377281599649524
0.0131672291023015 0.00767673285078218 -0.657146022972958 0.504420943047508
0.0147032625725567 -0.00700685039513092 0.217403939917176 0.613815694056525
0.00573998582550721 -0.00124944865180364 0.465364956870368 0.0679118641035845
-0.00282795605438653 0.00273527802358368 0.219688427778592 -0.229822277523677
-0.00583242616775656 0.00680510501444915 -0.0735273222133246 -0.239915040922297
0.01534904707003 0.000420880314208841 0.0337899595676258 0.201801694709362
0.00433315388846474 0.00487816704097286 -0.155919557547722 0.158060979654761
-0.00782939436227757 0.000630211116570803 -0.38868288831042 -0.0539484968114855
-0.0122384259797654 -0.0112107617667505 -0.209704514077246 -0.463033232264582
-0.0043446183086801 -0.0105503412937828 0.481453690223625 -0.446906217943917
-0.000652988100869265 0.00114561291528548 0.642035680752929 0.225394331947558
-0.0111602776319104 0.0231639073014898 0.10992674180026 0.473711517805897
-0.0198369451974801 0.0163205427916226 0.0573796556549465 0.0570430560449665
-0.0171135225010012 0.00806147383678944 0.0666003601005582 -0.459578566936042
0.00159923493000461 0.0101299748976986 -0.618340560329061 -0.445475781075108
0.00902312714148399 0.00236572648956334 -0.694196438654355 0.455369608999633
0.00829330187641712 -0.0128522881059098 0.152101927822546 0.650387949589981
0.00570325997549108 -0.0116776046055683 0.445661431441992 0.100228556963339
-0.00137829850465449 -0.00232397347126492 0.231909221336308 -0.224651862576386
0.00517963804867252 -0.0113646230066311 -0.0669044344296608 -0.234818027122706
0.0121380145253103 -0.000277600364533335 0.0363310729737876 0.199477257928584
0.000255744846380111 0.00716410006674061 -0.154009066118103 0.159278803342937
-0.00795441300496858 0.00391347942433831 -0.38816641734752 -0.0513336802741751
-0.0111580518721543 -0.0141128262138131 -0.215453869816788 -0.464993567230333
-0.00551603226353007 -0.0127735095558639 0.474094633756861 -0.455351268530551
-0.00372330003453148 0.00225159897012017 0.642278231545347 0.218155925849618
-0.0123909276704314 0.0263253160330264 0.112625132538519 0.477962997367603
-0.0212213018029188 0.0187257979661764 0.0542336820230533 0.063049841134339
-0.0188936080325019 0.00943792996570247 0.0680427123042714 -0.455042667682805
-0.00126876488611189 0.011089206837002 -0.613864816002361 -0.452237899154973
0.00852307924342343 0.00109291669162553 -0.703465518221572 0.444388522699326
0.0104973386880685 -0.015378770574593 0.145160945541581 0.652545727935382
0.00642201766129111 -0.00856790147191224 0.444871228821153 0.103863798492559
-0.00416518105684491 0.000231269673438223 0.233682943758604 -0.222742217316535
0.00319593082108505 -0.0129778228026453 -0.0645638429432737 -0.239085200979902
0.00883409883777895 0.000466721718484165 0.0382697055893991 0.196733715203408
-0.00163150293838583 0.00972269255378508 -0.156328643474737 0.159884039758667
-0.0075813515115491 0.00679891268755406 -0.385538280249589 -0.0515654993217277
-0.00943861246218015 -0.0146974218460378 -0.216895959282423 -0.466965075439724
-0.00623211130452129 -0.0129040871075124 0.468211666384978 -0.458385743820718
-0.00673221855948324 0.00206622365115493 0.638934771563552 0.217222254775583
-0.014700383356237 0.0241802940695909 0.112577464359087 0.479128263581829
-0.020479955562382 0.0166014200698975 0.0512684885907917 0.0673231631145897
-0.020162256153673 0.00719598824051568 0.0683742327271695 -0.450244260498569
-0.00483257698276411 0.00890405535001625 -0.614098995278122 -0.453964725096963
0.00646714166899147 -0.0011402683995554 -0.709067481456561 0.43803076285801
0.0127244571598262 -0.0172652422396445 0.142419783494873 0.648945062343304
0.00686195106796777 -0.00545279846987798 0.447213524670145 0.105360332841213
-0.00751393672098711 0.00162874394314146 0.233469314075069 -0.223099605329465
0.00075403056922046 -0.0111096581654524 -0.0632818917447684 -0.243103939163624
0.00540556279504593 0.00294628628503715 0.0387417587703899 0.194948071467188
-0.0031139068736588 0.0122500614580792 -0.15755988483631 0.157739965071033
-0.00724560158079356 0.00778158296153634 -0.38326244690216 -0.0556418997589889
-0.00754669063103922 -0.0160995576604168 -0.208304471739211 -0.47131877003634
-0.00699349210220734 -0.0122289827101771 0.473053354739586 -0.453729016681083
-0.0101858122765974 0.000785430785480403 0.635320753694598 0.229950842039581
-0.0148917584390401 0.020760064578443 0.103895295388646 0.486730196579512
-0.0190580677418543 0.0121230272465439 0.0487688998592649 0.0703911675431663
-0.020443937556506 0.00311169354740552 0.0612709987574551 -0.447151754722578
-0.00798055040986028 0.008629764583611 -0.622440541565693 -0.445570421371349
0.00643231337480728 -0.000359694516161699 -0.701809621450943 0.445363705793861
0.0152346540504238 -0.0181567686952597 0.152048432644232 0.642731929471586
0.00745810079267005 -0.0021934186472849 0.449738690469076 0.0989303371214108
-0.00971923441184847 0.00414015853758493 0.233431289885985 -0.224922104222573
-0.00306106451126218 -0.00797949954683485 -0.0647924793605761 -0.245857840710723
0.00398929724855757 0.00546051397079139 0.0376785615648024 0.193454637662689
-0.00366228832812093 0.0125104545688649 -0.158556530455326 0.156709322718153
-0.00707764626299217 0.0105701343626039 -0.37924512050538 -0.0601619759009536
-0.0047897160533148 -0.0146915776349671 -0.195544760089499 -0.478601809036213
-0.0058788734751608 -0.0121826086174072 0.480790430220444 -0.447055261483192
-0.00876566387739118 0.00035428725407047 0.628006482228685 0.241670857233869
-0.0141425084479797 0.0163969711901861 0.0971106741270091 0.491206608551749
-0.0165121760973504 0.0083239471430653 0.0471207025124159 0.0705817338335309
-0.0198948062282148 0.001323805971335 0.0530506977644332 -0.446070966173508
-0.00929160225355931 0.00806804340179501 -0.632559809809493 -0.429271968691065
0.00728101706199439 5.94510395302578E-05 -0.693326362188469 0.456812378309196
0.0156185087434082 -0.0168152666236638 0.168946035699026 0.635480691739661
0.00715846467766126 -0.000779908596182708 0.456549888336698 0.0913816871696312
-0.0100334657466908 0.00568225444899843 0.2301890824177 -0.227398446959838
-0.00549926291092637 -0.00500515423342909 -0.0652480704552178 -0.245231936812424
0.00251412477735787 0.00959576900513218 0.0357531378028812 0.194123217459738
-0.00252030974231521 0.0117226762074149 -0.161130225251682 0.155554136632589
-0.0073666203971589 0.00965433275156222 -0.375994863697645 -0.0650393486984236
-0.00350753771538202 -0.0129944906698869 -0.182508432830575 -0.486112101562776
-0.00228205910977602 -0.0104825383696769 0.491682583304947 -0.436726121509374
-0.00770106109950996 -0.00110090448840779 0.621128223110366 0.260919626941204
-0.0123620943026896 0.0133096532851486 0.086717927930378 0.495098763641673
-0.0136108990066748 0.00532573480009465 0.0467649611122233 0.0708892238805291
-0.0186307728506736 -0.00194797382270302 0.0437540863924788 -0.445398380206254
-0.00700458468964938 0.00833160910434718 -0.644278616565778 -0.41326186524769
0.00812906751304229 0.00231491688716927 -0.683171072019502 0.472158623497847
0.0158942344726352 -0.0138885476400704 0.184082799989239 0.626905394415378
0.00626082868471241 0.000106484842394336 0.457734955271492 0.0838948867695569
-0.00918215423751769 0.0062025408068921 0.225971195049646 -0.227704699008623
-0.00692221885191093 -0.000833915176211942 -0.0670200703759106 -0.244623690510383
0.000267363938440763 0.0125879982176383 0.0336654232095439 0.195769758463422
-0.000336162114360667 0.010916779660158 -0.164177441423167 0.154593202646618
-0.00822435712718569 0.00985481952285726 -0.373215114389936 -0.0716364612415751
-0.00357556473677317 -0.00987588478620484 -0.165009484714907 -0.492560651543792
-0.000839411211427445 -0.00854275182965756 0.505855338232403 -0.427049663640679
-0.00423120430694172 -0.00218808231692629 0.613210281579084 0.275462994287556
-0.0108190810584804 0.0101989989766215 0.0771999596701206 0.497900284880591
-0.0106342010218318 0.00112888016085799 0.0466674917216105 0.0698048036303687
-0.0158922586583869 -0.00437202100755125 0.0369585016123905 -0.444140533234172
-0.00345298611904116 0.00606794194546956 -0.652784731691337 -0.398668251862795
0.0107229879359535 0.00457357574273386 -0.670070597675635 0.485682561575559
0.0155877271866796 -0.00973461770832378 0.198202122798955 0.620956626191638
0.00721174692217908 0.000723014027467611 0.460467908179011 0.0778511780506207
-0.00641822465239318 0.00445139410619414 0.222088415484029 -0.229265134318752
-0.00627570745447615 0.00387327324647685 -0.0693088209798484 -0.243233454760725
0.000858157900779986 0.0155420150329126 0.0309107501955001 0.197875726520341
0.00217672198005692 0.0098699254253822 -0.166486645763777 0.153847551784363
-0.0082525281715168 0.00807722105414063 -0.371412664966174 -0.0757686377822298
-0.00446404553677531 -0.00643699345049271 -0.155060034393202 -0.494672406017078
0.00206923268916767 -0.00539171610933466 0.513692966853121 -0.415127012750973
-0.000685917253609399 -0.00358140282436184 0.607965690437229 0.291478160842965
-0.00698377496280866 0.00775469012318625 0.0699620264033041 0.499046100676124
-0.00942484662999542 -0.00230344528689304 0.0466868156317395 0.0676243824796678
-0.0137332748629846 -0.00702987051880869 0.0303073077784976 -0.443710366018951
0.00150504658614318 0.00469780774982802 -0.658569960456994 -0.380837544392794
0.0129901587319362 0.00731525998157058 -0.658656450781112 0.498074643249299
0.0138185844624389 -0.00671110743945314 0.214758552951598 0.615054371267225
0.00617911441012046 -9.6206581564692E-05 0.463789403372057 0.0714291367103505
-0.00281056780494185 0.00374952887455887 0.220402489721711 -0.228485675636297
-0.00520244595994038 0.00718964242610661 -0.071404906487968 -0.238371117075351
0.014926040681891 -0.00381688539330933 0.0615791029817138 0.192967905710654
0.00663272996272021 0.0024524871030686 -0.131199202075472 0.179553068769437
-0.00499966813779924 0.00365152457629471 -0.393380869350696 0.0016121901749273
-0.0137283589082247 -0.00495545525176893 -0.269501844095949 -0.431651963169934
-0.0116828937592833 -0.00880581184053516 0.419106066824427 -0.509458127019122
-0.00316141630789206 0.00153583712694045 0.664227199364469 0.13403534467448
-0.00725992595258216 0.02439502812728 0.179601609987761 0.449774067495319
-0.0164938412265353 0.0196929192030351 0.0644429002930617 0.0481832378459097
-0.0156527050309263 0.00912630020304714 -0.00260106126553634 -0.460573647979728
0.00188981423738754 0.00584860010802519 -0.671996608732969 -0.346402297731042
0.00536952854656923 0.00163102128022062 -0.61152247428882 0.551324636388154
0.00158082938912892 -0.0117824747592108 0.254529603536393 0.612515006578846
0.00118247580738842 -0.00810745763495271 0.456152912604256 0.0272117850439094
-0.0014983050903163 -0.00171820319427339 0.189028280530893 -0.255918589626264
0.00426410647082543 -0.0133504667449784 -0.102045117201103 -0.220305932164545
0.0119500509754532 -0.00468980561061372 0.0638158006585381 0.190652677967797
0.00316750774544343 0.00586983701529191 -0.130020390742747 0.180078218743809
-0.00383678147251143 0.00711435168674535 -0.392750926773434 0.00395295578466589
-0.0120956489358273 -0.00733277847975402 -0.27366508237552 -0.428456588967571
-0.0139048548362102 -0.0104301222604751 0.40964059651857 -0.513369413206123
-0.00600844724484973 0.00317729068146423 0.663648738008751 0.126694185087317
-0.00872342696457169 0.0271893797960273 0.18420171445465 0.45395932975698
-0.0177058113684004 0.0221889919537897 0.0625452632471721 0.0544183014954662
-0.0170905335963994 0.0116879013108022 -0.000649109831886829 -0.457752686955981
-0.00231673848003521 0.00708178858077629 -0.669952658647541 -0.351465689287113
0.00338935308766538 -0.00163654587625673 -0.620952786827303 0.54304978477647
0.00343094700472255 -0.0162991632223435 0.24692648277481 0.616064273393604
0.00160362318289435 -0.00653884412114201 0.455842358738512 0.0308732861618225
-0.00453264966272498 0.000153205788980577 0.191897812463651 -0.256041819098231
0.00219593065471583 -0.0127115066438503 -0.102745075717178 -0.224497433067727
0.00967035084132273 -0.00304267712322654 0.0653011495901536 0.187295063941255
0.000804010135291473 0.00879268069342295 -0.130422466322574 0.179602541541966
-0.00301323830281216 0.00812260286687065 -0.390682907012817 0.00374602516372234
-0.0117202971678389 -0.00909328366916809 -0.278255635878074 -0.430659069051726
-0.0144129745303487 -0.00989054099920969 0.401953892605484 -0.516465842231644
-0.00981129962265883 0.00400513082345472 0.660568535634668 0.126303181057638
-0.0108485439194185 0.0258573690557739 0.182484236491618 0.45583358350276
-0.0168764439087817 0.0195341746724361 0.0611433781805411 0.0586197956675539
-0.0185923857257111 0.00942942049497007 -0.000283568903944268 -0.452297353066788
-0.00512062726629188 0.00622870906786012 -0.670026763119276 -0.353809427760722
0.00239555048268501 -0.00268797545637838 -0.62566073690458 0.539028935711615
0.00508440959038982 -0.0177647669768852 0.245982826475627 0.616649912965371
0.00248737319905319 -0.00347830843024966 0.457166345639838 0.0313021950820889
-0.00675776122538942 0.00408164895811041 0.192013210553801 -0.256093084205228
-0.000874591905717478 -0.0114866402159152 -0.0997624208234965 -0.227728378982874
0.00659105296919215 -4.01517674556541E-05 0.064840050418718 0.186437491524792
-0.000320265797508543 0.0111571680929258 -0.132263874699569 0.178842274429212
-0.00354295144543483 0.00977719770573475 -0.388137521743012 -0.000110195294798556
-0.00850274884973823 -0.00944219169681253 -0.269469891011353 -0.437992104471666
-0.0144998178596979 -0.0103790504495183 0.407255383991253 -0.513908194357445
-0.0119242855725175 0.00300502391003277 0.656766786965687 0.138544137681967
-0.0121902885353002 0.0216772632859738 0.176863744909412 0.463858356739489
-0.0169436792741878 0.0153528556933893 0.0592621846083406 0.0614392364796974
-0.0194993304680536 0.00629563810266636 -0.00627655171510021 -0.448688593014444
-0.00867681459284081 0.00749084515869087 -0.677620477144374 -0.344352445310573
0.00188014511633372 -0.00251668307553679 -0.619161559781822 0.543785623473803
0.00711208834113591 -0.0177894367439804 0.254045929010431 0.60601519684854
0.00274145594535056 -5.15059641390042E-05 0.460177782348128 0.0233081970179032
-0.00842583310190492 0.00649180886311576 0.190944562757203 -0.257365425174514
-0.00379528711661835 -0.00736563150615443 -0.10116341231519 -0.22898447859408
0.00411997649994095 0.00306317647222455 0.0643752040891471 0.18571284092464
0.000250052298733389 0.0114419254123395 -0.135535938509679 0.178838892363293
-0.00308845220191302 0.0112129219573547 -0.38515199859203 -0.00629893858498435
-0.00663450615892609 -0.00894809822058021 -0.259049201131573 -0.447008030155302
-0.0132022807393556 -0.00930544832474342 0.417935734246547 -0.508219150780553
-0.0111980325685251 0.00178676550877248 0.650732351177932 0.153522601850283
-0.0123559625319161 0.0183008485688744 0.16672250553169 0.469376859388418
-0.0144385742994695 0.011018754128108 0.0581151076457093 0.0622401969572673
-0.0193175842342071 0.00366873515954714 -0.0137812861775964 -0.447292458881245
-0.0084213995508452 0.00599682547031897 -0.686007879805973 -0.326815778524797
0.00231635547411765 -0.000869655507669862 -0.607415360406485 0.555396679229543
0.00822087547368152 -0.0169798334214591 0.26910382103154 0.596987991553656
0.00292715784082598 0.000880359081931701 0.463479563721132 0.0159027710630607
-0.0085318854410814 0.0076214200358124 0.186190465858863 -0.258651298174067
-0.00415393834954913 -0.0036654806534554 -0.102990238319478 -0.230358314226665
0.00253504123359169 0.00711881281878272 0.0630889213924211 0.186267566329633
0.000773395659171255 0.010916721150295 -0.136990236842813 0.178043260769733
-0.00273357782308032 0.0118738128373837 -0.381716259161084 -0.012285448968996
-0.00525073781345787 -0.00755417427090491 -0.245218551232295 -0.454215952619697
-0.0103578932518665 -0.0093982954159762 0.427293938722831 -0.4999441559824
-0.0104571558298142 -3.0664533490426E-05 0.647681909089745 0.172010305592941
-0.0105603015340415 0.0152516564545416 0.158770850715035 0.475079294093589
-0.0118267964158494 0.00675058148092288 0.0574268019022161 0.0641098432208762
-0.0182085676125267 -0.000119040997786019 -0.022124268521668 -0.444121888831071
-0.00703303075095457 0.00608419461188219 -0.693405484507604 -0.308878844074095
0.00404901526335954 0.00097845891027588 -0.595740040298537 0.567782145707142
0.00865050048811988 -0.0142876418933844 0.283980656242902 0.587913019950935
0.00361945061720078 0.00215432662829455 0.464520948648505 0.00989645570497808
-0.00775104227840863 0.00880483224051606 0.181867506009213 -0.259488226465827
-0.00547526400739862 0.00158979069414705 -0.104829016393821 -0.229477319584687
0.00211073206522685 0.0110875424827324 0.0616924357528957 0.187354148154368
0.00241101686110934 0.00947277476581726 -0.139560492341882 0.177292664700357
-0.00364739580535171 0.0122020342417197 -0.379331733165913 -0.0175558596657643
-0.00541030950983874 -0.00431717896336783 -0.231560600094505 -0.464832137703691
-0.00806141727518583 -0.00793312369925926 0.444373218295741 -0.491089759747001
-0.00738120711864748 -0.0017845275064115 0.642599351413179 0.18822051236641
-0.00917932896790624 0.0115993935291827 0.14926197358067 0.479083049814397
-0.0106378195876249 0.00317274955542353 0.0570069639076413 0.0626002121798583
-0.015706719179629 -0.00318877508562422 -0.0285371420832113 -0.443315295317282
-0.00415441687000543 0.00391039670960423 -0.698361853444817 -0.290848236802231
0.00694937777366808 0.00247523726703287 -0.582952484536815 0.578141839651764
0.00871947818580424 -0.0108396981168481 0.295085046437956 0.576387667093246
0.00461901897580345 0.00224662329704294 0.46678520420899 0.000863520711720398
-0.00543936167409084 0.00750488604009892 0.180310285205419 -0.25892958447048
-0.00505060045537558 0.00475546329773851 -0.106970947333981 -0.225875704488755
0.00304950521629129 0.013481415036926 0.0587433647104634 0.188989339791347
0.00455809194647339 0.00780338645924332 -0.143360171023719 0.175971399575911
-0.00320869658359621 0.0102210862905837 -0.377200144651019 -0.0232448824856014
-0.00520131019570752 -0.000891452627990312 -0.217337972628046 -0.470209297340286
-0.00558730973701614 -0.00475378795285441 0.454418452173706 -0.483315737901085
-0.00405128090425944 -0.00291770087765987 0.640769795064114 0.202102498854534
-0.00589866096734402 0.00892656588812243 0.142715596823127 0.481938161408581
-0.00979034231593473 -0.000201927240472559 0.0574302109259277 0.0595293203302171
-0.0132251102679886 -0.006108031142214 -0.0365471181120014 -0.442551965763805
0.000275413562514843 0.00132543732834599 -0.704427373478189 -0.276964869814002
0.0102633743074466 0.00496780944860815 -0.56854823244092 0.590387034478198
0.00771027830007943 -0.00700920335412244 0.309601133728494 0.569503362617766
0.00280327025042932 0.000927278798417338 0.468753500910461 -0.00417290754542717
-0.00220836724845041 0.00566309689748031 0.177733072795732 -0.259165096734936
-0.00318827418755625 0.00826275098157949 -0.109180709630437 -0.221565541470539
0.0144576585095301 -0.00309616950303933 0.0616585514877689 0.193401791834125
0.00616380031110525 0.00351999727099961 -0.131066504657826 0.179316416212967
-0.00474879280719033 0.00344109777912375 -0.393829087949054 -0.000291934749697472
-0.0132312842965764 -0.00536957467614947 -0.267533440699517 -0.433539437180586
-0.0116137404178694 -0.0090057625001567 0.421320581191073 -0.506873337089897
-0.00351255529176947 0.000924497770382078 0.664403623943737 0.138667942012343
-0.00764598530632666 0.0252205810606367 0.176817244040194 0.453371811869245
-0.017210749284423 0.0191946917883812 0.0649404687770803 0.0491073715596103
-0.0160254366868601 0.00939936648920491 0.00202147197459546 -0.461767607863911
0.000817744336111386 0.00559552110614958 -0.670933366994241 -0.35016482996807
0.00525887943610471 0.00143155733169101 -0.613474325164015 0.54933090276731
0.00105057017047181 -0.0122641118111288 0.252870398273695 0.616705649537443
-0.000244193616617933 -0.00798701562510003 0.455903085914253 0.027948656301771
-0.000332829445610789 -0.00134836681703715 0.191500906610723 -0.255875326264193
0.00537683518845501 -0.012257575401366 -0.103489472117926 -0.221916673052373
0.0115520880989247 -0.00428605582908972 0.0634618760159925 0.191398830355764
0.00330701986088396 0.0053180392982502 -0.130463832076685 0.178048720003908
-0.00385921614770822 0.00615679606146877 -0.393745256776753 0.00215237569081946
-0.0125828645496054 -0.00843638168392886 -0.272205838437648 -0.431095163431813
-0.0130070306317906 -0.0106318766102205 0.412316073261151 -0.512424776997808
-0.00580933678271134 0.00280482624375766 0.662499685395552 0.132265742952389
-0.00918252869370851 0.0274384324386376 0.178666726339719 0.454505280704372
-0.0182789427319958 0.0233137465432907 0.0635933369881993 0.0549146532065583
-0.0174005477818276 0.0117151018899625 0.00335271901034972 -0.457874523293288
-0.00114117277856443 0.006809573226316 -0.669096282273876 -0.359408793622834
0.00360291008778643 -0.00249989546515856 -0.626099318364517 0.540790832326521
0.00286480404254366 -0.015836918812154 0.243421428896486 0.61991655936066
0.00156627461644108 -0.0058030581650058 0.457229989818908 0.0327779395478664
-0.00424749413748955 0.00150368775310717 0.192529683898941 -0.255589785494608
0.00134637900207558 -0.0133754481995652 -0.100334836418668 -0.225288227319648
0.0093826180187987 -0.00348796315570499 0.065579346310744 0.188166947298597
0.000731635688068044 0.00900849917301603 -0.131167042223263 0.179423806277615
-0.00378924218765695 0.00811637777707053 -0.390759195111894 0.00293294539654314
-0.0110908507318803 -0.00969405971888876 -0.275299001931417 -0.432023730954211
-0.0141282590559908 -0.0104830420209644 0.407713450805786 -0.515809767519282
-0.00957994673208629 0.00342737781577884 0.659987648065412 0.130201482331843
-0.0115075259223341 0.0256717997413237 0.178308840885965 0.457108896796904
-0.0184671852797856 0.0192108650011949 0.0612494622365107 0.0594990029135952
-0.0192107500864499 0.00832658440332551 0.0041268618031848 -0.45355844746197
-0.00703093006678034 0.00701224232642386 -0.669332376451122 -0.360086193075996
0.00295131022779861 -0.00188733635064162 -0.630031788154305 0.535292475164069
0.00532582939223009 -0.0178843304302014 0.244229734200421 0.616020957314509
0.00195779436795129 -0.00342246549449463 0.457102152715305 0.0338007726583242
-0.00726900984239758 0.00448524252095495 0.19314205983696 -0.25629155017129
-0.000417683450071344 -0.0109475709982931 -0.0995851058924601 -0.228779031694804
0.00596155847544862 -8.56479089299559E-06 0.0655095913183698 0.186957768897502
-0.000442847491424818 0.0100998772268222 -0.132496423816062 0.17824255926118
-0.00412034768538554 0.0107643023082272 -0.388895806711689 -0.00267965256897582
-0.00974111371536283 -0.00991700182457138 -0.267784627325611 -0.439208690622879
-0.0144696664555796 -0.010631503772711 0.411023040490983 -0.513435647969243
-0.0125461409548025 0.00273897891816192 0.657450634197937 0.144098085081778
-0.0116697980751079 0.0221957334183695 0.173080794234825 0.465040135495981
-0.0158828005414222 0.0151293256511342 0.0588110749762831 0.061979539317885
-0.0199133619118427 0.00613484113099952 -0.00242478656408843 -0.44915726317804
-0.00916584736652718 0.00602706713431829 -0.676540953024159 -0.350747900598197
0.0020810235035591 -0.00185064334179447 -0.624414270141731 0.541797956889545
0.00793319211944618 -0.0177009311541927 0.251338208862676 0.609318063793494
0.00314156746781426 -0.000944673578372119 0.461004690643768 0.027448256990557
-0.00830102787095466 0.0059751370766279 0.191315643716882 -0.25734589064702
-0.00335831775723009 -0.00745639748210575 -0.100863929360709 -0.230971026673747
0.0035053580025458 0.00332295948568219 0.065302271528728 0.186005476082162
-0.00123574921631206 0.0117425974329466 -0.135843376804899 0.178217803777602
-0.00289083496525711 0.0123218712767628 -0.385660656051578 -0.00804071002435569
-0.00628251336460086 -0.00895454120381983 -0.256138078667573 -0.448938544687143
-0.013063126754679 -0.00964452452085408 0.422168912022856 -0.505794310665581
-0.0113757968072617 0.00239427071974873 0.65132491785119 0.160178056338781
-0.0111872646485123 0.0193007433020977 0.162736382750478 0.472383483044499
-0.013974715748166 0.0108838760893364 0.0576991304896784 0.063137541505429
-0.019090785768949 0.00345767239718588 -0.00997184480439879 -0.447057223689957
-0.00862178914345246 0.00622459011807911 -0.684830001760155 -0.332272992386013
0.00325736546612882 -0.00237441769919131 -0.614077328048702 0.552831477782326
0.00807644433037272 -0.0166518693894797 0.266546025710463 0.600256722072391
0.00207056618479178 0.00123225301778652 0.464121129690946 0.0186756366487441
-0.00871065510545356 0.00759923050731612 0.18770574390652 -0.258144165579301
-0.0052408100638366 -0.00329100339191234 -0.103740665467919 -0.232289612534223
0.00252370952313566 0.00664877404394157 0.0625098530884895 0.186946112798518
0.000674176696452681 0.0109855134757039 -0.137765647976362 0.176770773375585
-0.00255798677265169 0.011915415796283 -0.382822112399068 -0.0141163040311979
-0.00473568531811111 -0.00698970380596406 -0.243963598411451 -0.456880641453321
-0.010574625181546 -0.00936777130628734 0.431014085005532 -0.498033262056068
-0.0103041333833291 0.000257500616752477 0.646852407032167 0.175884233662706
-0.0108311989103876 0.016039361364373 0.156603803111084 0.477528699683719
-0.0122558303732544 0.00700432005789599 0.0568868103868519 0.0641170215019061
-0.018149436809913 0.000490009185660398 -0.0174200265741106 -0.444742291890452
-0.0076283813227602 0.00541544054240202 -0.693910194698561 -0.314840474843417
0.00419658653991305 3.95259133092003E-05 -0.599514981805325 0.563957920626572
0.00798351218133138 -0.0136967589449139 0.281145143255713 0.588107756456373
0.0034758531128411 0.00247169834943365 0.465570057876674 0.0101463113990313
-0.00752917473592368 0.00797590478029558 0.18393379180512 -0.259331462660124
-0.00545278034872557 0.00104951933286573 -0.104663523729466 -0.229368166594738
0.00192796619701814 0.0101963613225456 0.0606459805079936 0.188020786671971
0.00217315023324993 0.00975676052258056 -0.140544513606014 0.177022937270299
-0.0041911036353177 0.0123450097126553 -0.380269810770206 -0.0197091640934244
-0.00501108908774616 -0.00478524639551452 -0.228903943016679 -0.466553052799483
-0.00746382850435231 -0.00686538335105193 0.446399238203507 -0.488534482249863
-0.00791706498402441 -0.00196853610540858 0.640856692139295 0.19247713632423
-0.00780707925169891 0.0128264236198662 0.146639986004453 0.479617273594001
-0.0110919783561541 0.00322082202558057 0.0578239927335018 0.0621472939640372
-0.0164437331275711 -0.00293407465389781 -0.0261002246888085 -0.444336528004373
-0.00471857859402137 0.00407369905320037 -0.698142950225123 -0.297227434889438
0.00577410500227342 0.0019690410354822 -0.587651951698231 0.574490079986431
0.00823672040791666 -0.0110186366611535 0.292973174366768 0.581295004709878
0.00300567952706078 0.0012532911441478 0.467659291366037 0.00338014678403604
-0.00502922035002258 0.00684363216765314 0.180944175723828 -0.260360401963472
-0.0058958854151402 0.00611929930343936 -0.107627508416142 -0.227188745793317
0.00300482265565301 0.0130104316007859 0.0601547319935892 0.19045348036714
0.00521149863308024 0.00764419089173704 -0.143123376342457 0.176063725460288
-0.00412424090655261 0.0102246494852136 -0.377884181160509 -0.0247492854363802
-0.00566898811785982 -9.90827696451912E-05 -0.215835091499865 -0.471208375182942
-0.00567427415598386 -0.00553133692450476 0.458174214595406 -0.480439324981736
-0.00501117571200822 -0.00432102373313887 0.638047471997262 0.205533925591186
-0.00623109754409585 0.00829370810156553 0.140509060039075 0.484229267372608
-0.00934949479953956 -0.000240668633069369 0.0573298694390762 0.059862646445177
-0.0134718173596398 -0.00525851641790188 -0.0326452822155908 -0.443209663568385
-0.000340563674409212 0.00206337517607976 -0.703445228427325 -0.280357716232567
0.00949805968191274 0.00388249777228885 -0.572824498681017 0.587732827501349
0.00839716793150347 -0.00718343177282435 0.306454310235694 0.572125179540014
0.00289847551333193 0.000742867056913466 0.467933855483322 -0.00276208229963749
-0.00104648312715048 0.00511028264936303 0.178289932462819 -0.257789628600873
-0.00321273499345606 0.00730748481578358 -0.109069448489544 -0.222786043236397
0.0141443262048995 -0.00375347040346016 0.0612256766833657 0.193973287360478
0.00565222964241061 0.00300997770682687 -0.132333359779647 0.178138299738245
-0.00458759433472658 0.00382782572730461 -0.395861490658865 -0.00121317844132362
-0.0135122445541932 -0.00553448387647284 -0.265064923990983 -0.436151658882142
-0.0118743041973825 -0.00891340775570638 0.425375058538747 -0.505237734527515
-0.00425868918223728 0.00132143229613887 0.666034122705 0.141230254824557
-0.00761025998867657 0.0248908313934391 0.175155942945076 0.454191251335481
-0.0163778460259847 0.0194126894943779 0.0657574608057682 0.0492798081618167
-0.0158860948263335 0.00897708186232503 0.00491206481498482 -0.462506181728985
0.000506269913788882 0.0057341362280274 -0.671556276641457 -0.355765852217889
0.0051486426573862 0.00211256336666282 -0.61873209338527 0.548951049797169
0.00154298761435885 -0.0121079903739477 0.25155404616698 0.619829419254331
-0.000586028729678318 -0.00859711467939495 0.458282540224144 0.0315920346086905
-0.000645683694302675 -0.00160574090072139 0.192138572733481 -0.255845496765177
0.00510993615257702 -0.0121578370011518 -0.101879651382084 -0.223602267667092
0.0118205776852635 -0.00460506532187065 0.0629382154189162 0.191991833802011
0.0032201484771992 0.0058815905935825 -0.13227156250862 0.178585175905966
-0.00389548968903816 0.00638269410796853 -0.394066564108618 0.000913117925824983
-0.0124214152159208 -0.00800178489370358 -0.271010944796084 -0.433252538244076
-0.0148057115602658 -0.00989109172067697 0.416228124774609 -0.511820238916491
-0.00622058597833945 0.00328575079051891 0.663455388111694 0.133728813814295
-0.0100457206464582 0.0272374275875723 0.176165870331929 0.457298777414648
-0.0183285755519608 0.0219962120061575 0.0645327667415157 0.0545327732957416
-0.0177820234776035 0.0113503547054691 0.00830114450520076 -0.460415027198506
-0.00221250149910259 0.00718268592183432 -0.669755370635742 -0.364394718613226
0.00388764263231939 -0.00118183656430437 -0.627553484693002 0.538679495744623
0.00339886061765842 -0.0161488014381935 0.243584446211568 0.623765512074669
0.00246409813701996 -0.00637593105742195 0.456977796208433 0.0344069549639081
-0.00462383609763128 0.00138998092936531 0.194153964412527 -0.256114622567981
0.00264211484583138 -0.0132421285127597 -0.0999718475895912 -0.226738672144038
0.00860158145810694 -0.0036920308730862 0.0652667723485297 0.189863953457126
0.000879580162163756 0.00828747409131674 -0.13161109075884 0.17926716863526
-0.00364800231095964 0.0090552835600449 -0.392170193979152 0.000569817372396174
-0.0111632644211623 -0.00944156516226915 -0.273593515685981 -0.434928095247286
-0.0148103157458238 -0.010576351101977 0.409563498097103 -0.515324673804927
-0.0104238067110993 0.00331161484455646 0.660982332242827 0.134065608258694
-0.0111352805568689 0.0259514877250148 0.176554762947012 0.459866438553545
-0.0166302820711635 0.0193299759123705 0.0615240477302068 0.0594865085722966
-0.0191550416849982 0.00874100322090343 0.00766777400323654 -0.455147721464305
-0.00694932965526578 0.00772454927591772 -0.670586183693327 -0.365417072449415
0.00312834764671217 -0.00360126511681755 -0.63398745537263 0.533848782854257
0.00578589426136216 -0.0176477009436275 0.242606288980427 0.621778591636084
0.00195400383942129 -0.0034536319540985 0.459368792914985 0.0346258892170623
-0.00679598182315071 0.00400244666195926 0.194548846259832 -0.255969915473583
-0.00126964932194595 -0.0117880385473487 -0.0990521516800749 -0.231126697121234
0.00651124404916703 -0.00085893618028816 0.0654745902820411 0.188383165208783
-0.000703301450180403 0.0101391435419739 -0.133495930733293 0.177965594828603
-0.00382463320222043 0.0101597132005174 -0.39030255255048 -0.00340208341322767
-0.00935853047146741 -0.00979770163388126 -0.265451013534251 -0.443378106127416
-0.0147705582315677 -0.010724407353639 0.411997834996779 -0.512436142191445
-0.0122124909388365 0.00312503623020413 0.657110173723757 0.147492805862715
-0.0134186313445818 0.0223149537684961 0.168963775807083 0.467243583285771
-0.0161624332948258 0.0153500449766115 0.060080781497971 0.0618823610925484
-0.0196308240025529 0.00595603141095522 0.00122850852670382 -0.450176048769066
-0.00884512794801662 0.00679787702662829 -0.67568124069723 -0.354785004021486
0.00209186014602966 -0.00317543853900263 -0.627106328796282 0.540895391202476
0.00768554068639764 -0.0182800004166924 0.250162319747944 0.61410888030179
0.00259382028828808 -0.00154802481501727 0.46196228214737 0.0309164984646192
-0.00780951582474305 0.00647620433453351 0.192810131955493 -0.258406901283209
-0.00268968277376169 -0.00788006704960339 -0.101104960442013 -0.232900645767077
0.00357843164189011 0.00243272237083226 0.0640200171354769 0.186775176271363
-0.000566890978858099 0.0118139627104894 -0.136067639263346 0.17692444385218
-0.00337714678770992 0.012044568544044 -0.386928841646718 -0.00889342833561463
-0.00736960933327155 -0.00933972301443211 -0.255476441732763 -0.451707320840151
-0.0127696831128341 -0.0104198958397134 0.425954487787107 -0.505432252397152
-0.0118936782604051 0.00159732452735804 0.65167863551158 0.16263153828688
-0.0119455032879377 0.0190454633522909 0.160870795357308 0.473357035654618
-0.0142702744326112 0.0114630891449949 0.0593587413659249 0.0629397670598028
-0.0192746702835573 0.00353360740670931 -0.00744408628960676 -0.447937261167532
-0.00989642700613186 0.00635981901139917 -0.685742079477215 -0.337794124969358
0.00278924370656157 -0.00160015460465534 -0.617060446022923 0.551327260304262
0.00763731274006606 -0.0167695835962321 0.264925633986628 0.604132479137552
0.00250549492174735 0.00103926867610092 0.464777948122105 0.0207856834172006
-0.00894746794388073 0.00801673799839734 0.18968828686667 -0.259754385503818
-0.00509245788847979 -0.00360432724383999 -0.102492882142048 -0.232693139162932
0.00218877090254844 0.00531262374155253 0.0632596058522743 0.188357387227004
0.000389782115064068 0.0107611044524241 -0.138641835492012 0.176616726541105
-0.00307427353886327 0.0121541322197887 -0.383618509242686 -0.0161978914889879
-0.00547718269364917 -0.00743531054190209 -0.239555183005183 -0.46036829756457
-0.0102416242755593 -0.00954820052074941 0.436973846300016 -0.498292602781612
-0.0101442574943864 0.000222585071735376 0.645702880171537 0.178881608140058
-0.0110111124530333 0.0148893776553186 0.153010923261534 0.478340020670657
-0.0123806014683756 0.0072686135687274 0.0572675149707305 0.0640272110516593
-0.0192963812441056 0.000124005424722076 -0.0154572564720033 -0.447241250934679
-0.00731274592807278 0.00570476506842007 -0.692457697063598 -0.319575543883332
0.00504506846733999 0.000223822113077597 -0.603064178191553 0.565367376655369
0.00867922566709471 -0.0144342173904828 0.278907032258621 0.593756465916176
0.0025317618869482 0.00253041969787332 0.467194916031963 0.0137644423593959
-0.0080914309889106 0.00815178934277609 0.185204253844573 -0.25999955275715
-0.00569325164845498 0.000787055134841119 -0.105400689108452 -0.232373421463206
0.00167917495444464 0.00986921789797091 0.0613877968259806 0.18934570116679
0.00349486553443356 0.00888810212028174 -0.142745538410229 0.175801965872973
-0.0030529142573129 0.0122412752758226 -0.382127301989403 -0.0217807470204899
-0.00498791622420427 -0.00423227370724489 -0.226878662187619 -0.469108494493883
-0.00799301228990035 -0.00777948488509152 0.451018380039283 -0.488544341575342
-0.00818411514715816 -0.00229900028158544 0.641456209799013 0.195340188764949
-0.0093643230186021 0.0117997497841423 0.142789747372006 0.483781144877015
-0.0103546865979238 0.00340377991776621 0.057534359096217 0.0631490251875369
-0.0169616108087253 -0.00292403190410654 -0.0214180291836951 -0.444584655848656
-0.00478395961307038 0.00413735809850949 -0.698778172029442 -0.30092254651429
0.00735543138111844 0.00303472561910033 -0.591119606814418 0.574622853722122
0.00990440999756402 -0.011219843492961 0.29276694372574 0.582783683838408
0.00331699322779979 0.00243477869256581 0.469940457176137 0.00612634400784172
-0.00486840928660495 0.00670858117442307 0.182024055497249 -0.259047536867123
-0.00530305195148948 0.00613878322673049 -0.106869088680111 -0.228415387247441
0.00341810847700935 0.0119581698167531 0.0601842513463301 0.191459396451752
0.0041711252611321 0.00809335531114508 -0.143616031465479 0.175480592032038
-0.00419838720800847 0.0107850228405794 -0.379660121590121 -0.0267459223899896
-0.00520562013111436 -0.0014430491036029 -0.214131104967645 -0.473807909813748
-0.00540272938825321 -0.00540220325565052 0.460978849896212 -0.48048634127688
-0.00389691888880018 -0.00320980730669581 0.638176188272319 0.21188584885239
-0.00581292731053803 0.00865237045170072 0.137564335822381 0.485194691988724
-0.00801825462387036 -0.000271098024562034 0.0577209374226238 0.05936532182635
-0.0130604404008546 -0.00579103639439122 -0.0290967597609327 -0.444055083748397
-0.00054810132524885 0.00213977525752398 -0.703516822298246 -0.286505893689438
0.010494796254866 0.00542561152368254 -0.577587669268058 0.587441733225693
0.00873357989061147 -0.00688347171378763 0.305955896656586 0.576669362378868
0.00227478525909828 0.00115361285854719 0.470824001039234 -0.000991673352159171
-0.00148585721539379 0.00560540165124432 0.17995484188485 -0.259248759574206
-0.00311655310653304 0.00769913597530742 -0.108523933469998 -0.225632349647683
0.0147955713876597 -0.0044031280159928 0.0621111638133768 0.196936564319509
0.00556220603051207 0.00272137813641079 -0.133195426916919 0.178539702098632
-0.00446899411698821 0.00382212072165192 -0.39680957240445 -0.0024478538035379
-0.0133128510122797 -0.00643965245208955 -0.265267069218737 -0.437083653245372
-0.0114477794734056 -0.00906263260883132 0.430045691267857 -0.506554476445651
-0.00312111361749483 0.000502448666772533 0.666287444497766 0.146028922599974
-0.0077281045104257 0.0252567695705238 0.172688485455303 0.456342497274159
-0.0172389807645601 0.018448443395849 0.0654454666157313 0.0498266455173132
-0.0160234980342877 0.00874285066698536 0.00826276768671662 -0.465383823109908
-0.000387370651968047 0.00634374648166583 -0.673414612735754 -0.359697167963827
0.00517803532272293 0.00115122087353134 -0.623239477002611 0.547776166078758
0.00137439186812906 -0.0118429610801982 0.248636342910139 0.622420204729808
0.000360642745820081 -0.00858576309928201 0.458787988404076 0.0340085980238564
-0.00180666226479807 -0.000717368017307754 0.193787895354302 -0.257215626909889
0.00510901631717745 -0.013013190040011 -0.101398265567387 -0.223787684792192
0.0112886159664063 -0.00511665153218784 0.0646859494346116 0.193212886334456
0.00335151914454704 0.00631582584682867 -0.132593605258088 0.17832547436782
-0.00344979548505563 0.00604949625946947 -0.395986715946748 0.000451687150334821
-0.0117857108873612 -0.00816833496464517 -0.270181539573063 -0.436233110291726
-0.0130057163355901 -0.0105574440672911 0.419523901629266 -0.513400742814722
-0.00685550828965242 0.00300776060303091 0.665890146406921 0.137610877312303
-0.00922767616356452 0.0278984311442898 0.175503797832426 0.458428086846322
-0.0177654386775459 0.0221628515687561 0.0633972991198053 0.0543057991624983
-0.0173445329064268 0.0121313334956949 0.0118022788416064 -0.462783818409917
-0.00278212538312478 0.00804554567280863 -0.671074544472455 -0.366729666013603
0.00387877370389541 -0.00233942013154725 -0.635365095484779 0.539548472591599
0.00336978992630974 -0.0159598949219339 0.24128203680963 0.626810320903023
0.00141069724285264 -0.00597391528675268 0.459201718477174 0.0366139136475029
-0.00375316483574936 0.000954968521665352 0.196621455480469 -0.25658051391708
0.00183134663186972 -0.0140420157821774 -0.101091214059541 -0.228834237344475
0.00852602327131173 -0.00390813949935885 0.0654900650095377 0.191191370032799
8.18182495448258E-05 0.00882267361381186 -0.132226302826399 0.178667512921864
-0.00338811910166857 0.00890871210252611 -0.394859707532611 0.000196685185791462
-0.0104536454439678 -0.0090031511143415 -0.27276531500098 -0.437242446883283
-0.0144711518584365 -0.0102422527833717 0.412605679151929 -0.517028490936672
-0.0102411454412182 0.00289745237518458 0.66295650282582 0.139401031472364
-0.0116258381301055 0.0259210262721739 0.174922651796057 0.461299496560591
-0.0171489774703874 0.0200713237711703 0.0616151701228008 0.0598425784947174
-0.0190057688623229 0.00995637156202783 0.0110312531523662 -0.458396290941224
-0.00739809680489882 0.00763369672742658 -0.670310952874632 -0.369703693864515
0.00309094089818294 -0.00339869488763085 -0.63943281934332 0.535811863780205
0.00532210438096451 -0.017753243859264 0.241050819950593 0.626242396832752
0.00176602199559273 -0.0036308477295132 0.462355998208754 0.0373640084613756
-0.00667073470332653 0.00368526899986851 0.195800707202353 -0.257879665858921
3.06300400178508E-05 -0.0114798186024157 -0.100095642466564 -0.231384036303308
0.00482690389501338 -0.000702367633293199 0.0653623347007221 0.190195147702517
-0.00086798660555168 0.0111246806201114 -0.135046282876629 0.177269511551877
-0.00301490582896273 0.0107559988372926 -0.391208160045492 -0.00485348413748549
-0.00839961423453419 -0.0108445562842959 -0.264627138384675 -0.445492051905229
-0.0145091621617895 -0.0107225954871071 0.418221471277685 -0.512797842925268
-0.0117697142836529 0.00260348669809195 0.657456803566897 0.150754878628507
-0.0131918273345131 0.0228799794047295 0.16741525698423 0.469962268950955
-0.0154824775229524 0.0140311957340697 0.0599786271165096 0.0617740577682926
-0.0211415513000519 0.00631618457889629 0.00545284174910698 -0.45426344157896
-0.00966920624161353 0.00654676941677474 -0.678994512238646 -0.358942801932165
0.00293561000378753 -0.00256053041503882 -0.634321042017193 0.541181000785552
0.00790999909200185 -0.0182448727461911 0.250351266777106 0.61738155156364
0.00252124369492087 -0.000219562249780803 0.463785808852133 0.0296025917469921
-0.00818878119667901 0.00691119821779906 0.193755010207997 -0.258642310469054
-0.00321478252615665 -0.00827742374185935 -0.101015790359121 -0.234712327299608
0.00397115749861803 0.00294766849487084 0.0643552619711472 0.189131929376957
-0.00126448522834483 0.0117267185497286 -0.136415974276773 0.177301212309932
-0.00315204173055198 0.0115600786923366 -0.388679145726585 -0.0110811816254304
-0.00635898885916456 -0.00958917279408 -0.253935120528901 -0.453474448943227
-0.0136181839572279 -0.0102472260237727 0.427554746615577 -0.506254376600835
-0.0130014054293442 0.00102104878959386 0.653236783867906 0.16600897273801
-0.0124140781401938 0.0188572185665346 0.158936545690349 0.476690916393802
-0.0146102236490762 0.0117638409110768 0.0589005705467447 0.0642938592277515
-0.0200520083199531 0.00308502285952318 -0.00416785963173791 -0.451870034725243
-0.00979793448611872 0.00687995075937699 -0.68598089799545 -0.340976206583671
0.0033821745772631 -0.00126163141924469 -0.62083322115816 0.553471035189835
0.00695955672498363 -0.0168105045471186 0.26435474668606 0.607925749304797
0.00262471148411857 0.00074481921051314 0.468493902327519 0.0233268314922435
-0.00844394875959826 0.00766773392441301 0.190457290818187 -0.259999603154551
-0.00456254161050092 -0.00362712407526661 -0.102119967228983 -0.235200852359103
0.00290645428419722 0.0058670448666469 0.0641523626800156 0.188947096626175
-0.000227681210396675 0.0109111763949256 -0.139136357062154 0.176183936949466
-0.00271136172344128 0.0126636740297007 -0.385617884184755 -0.0169958189345018
-0.00462352510206085 -0.00775648883102907 -0.240246921908175 -0.461616296551137
-0.0111096608094029 -0.00926808711548961 0.439383054387459 -0.497438629479778
-0.0118041506200175 -0.000198506092281183 0.648498726301139 0.182301247807095
-0.0110769166359185 0.0155891403045948 0.149757581870393 0.481053840714637
-0.0122259175826171 0.00655509985512781 0.0580406470084197 0.0639386999268148
-0.0183142108239019 0.000405397782077625 -0.013322099691145 -0.449642040957991
-0.00812756883753577 0.00576531364513408 -0.694736997593264 -0.324149276518275
0.00486256705384073 0.000193951314334158 -0.610539937803661 0.564107206341912
0.00892106599902821 -0.0139951193730746 0.27827144167513 0.596767809015117
0.00296564269294913 0.00291877238314237 0.46907763588063 0.0154440903139874
-0.00787830131786372 0.00907827322596214 0.18674169016332 -0.261042417108401
-0.00533421922561998 0.00112424953204892 -0.104316736763114 -0.234692680014371
0.0011274530411736 0.00886009577572472 0.0627789404325744 0.190729103514789
0.00224785339131694 0.0104027870882621 -0.142645572620644 0.175069123902882
-0.00309132225611516 0.0120924747226579 -0.382757267296505 -0.022913082498498
-0.00485999977159038 -0.00513582238718144 -0.225737929967008 -0.470358671001899
-0.00775585069921517 -0.00775942444124617 0.453302417305301 -0.488043092505541
-0.00849392726418623 -0.00297586348024806 0.642774272712969 0.199329243527341
-0.00791391929177169 0.0124304843869231 0.141926658024816 0.484720254419832
-0.0101216874913178 0.00266503169301447 0.0581352855457029 0.0630815163954577
-0.0161406785821756 -0.00286380134133657 -0.0194924871138304 -0.447907862702033
-0.00467651018485958 0.00449483664053006 -0.70068147731782 -0.305495098659889
0.00764343628879401 0.00277717166207994 -0.595208095024546 0.575981158245202
0.00860461010889456 -0.0104819166328427 0.293352455602432 0.58731188711686
0.00295503600415031 0.00251412528810875 0.472503377129815 0.00809259450480623
-0.00491229439641139 0.00732148021803049 0.183863859572923 -0.261937894654954
-0.00502689487823092 0.00473205458092607 -0.10688456138041 -0.230259649090451
0.00285054185891655 0.0119494916196467 0.0600401190884364 0.19254923687426
0.00492242631974798 0.00889933456071323 -0.144933998604435 0.175963330306956
-0.00392083273025356 0.0109994773639259 -0.381475146111736 -0.026922470156858
-0.00525768083409958 -0.000772181563702141 -0.213268679567408 -0.475680824372612
-0.00556165567071897 -0.00549122329663023 0.466429203548449 -0.479351456598671
-0.00474931991580841 -0.00403714691020008 0.639476844291774 0.214626668859548
-0.00677975676148263 0.0094106301487009 0.134687327107248 0.485642519009868
-0.0085595280711137 0.000673150827472814 0.0577283586733436 0.0609738759578433
-0.0143458023146265 -0.00555400914656869 -0.0253908072605031 -0.448207777539201
-0.000852297654804007 0.00215148395892819 -0.706468041128383 -0.290548221938056
0.00953962431406722 0.00504612288769527 -0.582458758844366 0.586819700225386
0.00880126215715976 -0.00667312500755213 0.305481396213185 0.580323142307548
0.00268856691277723 0.000947809954619717 0.472621987131923 0.00228852450196447
-0.00165787187502347 0.00569058050546586 0.180948376143521 -0.26080233052434
-0.00351871507577016 0.00756956846193688 -0.108224359306096 -0.22589832802747
0.0147380376236994 -0.00451300993407536 0.0631240743325441 0.19772884663735
0.00555999660127462 0.00339982094784729 -0.133923547078391 0.178651571049933
-0.00531145010853508 0.00382933067027435 -0.398857361277433 -0.00100097832810318
-0.0124338495817327 -0.00613167737242971 -0.265956356251615 -0.440450032473002
-0.0115076163418699 -0.00861822151695588 0.433026302106724 -0.509816968017931
-0.00410616296083451 0.000424035270993608 0.668600355502173 0.149076877801902
-0.00842508701534815 0.0260365638059398 0.171766273822006 0.45872930808011
-0.0164263116981314 0.0202115540968001 0.0659887886099315 0.0500091811955122
-0.0151531587659958 0.00900913351890931 0.0110462723407315 -0.469121299291775
-0.000626875547545991 0.00580743411445478 -0.677353828729452 -0.362991052194872
0.00454946057257497 0.000728493800538992 -0.627927091133945 0.55174061471072
0.00127116280635729 -0.0118077531286623 0.251609756050267 0.628332947867591
0.000510184339661602 -0.00915946768241883 0.460904397275121 0.0354302607871993
-0.000531775636707423 -0.00137593139418759 0.195363017781862 -0.258324450221985
0.00486243202651182 -0.0137733738224701 -0.101446898819846 -0.227281074227181
0.0113744742053479 -0.00494573766892744 0.0657095031282415 0.194980160290502
0.00251654993225914 0.00667610112807343 -0.132802505647054 0.178571557776804
-0.00344437986592826 0.00648777661582575 -0.398607528232973 0.00077872349506466
-0.0120723746139407 -0.00802689796929068 -0.271366271454233 -0.438552839819216
-0.0135005553220777 -0.00986326496985242 0.421483177010042 -0.515852852775487
-0.00679834397005196 0.00286939618980662 0.66821865643812 0.139890258566254
-0.010498559731145 0.0285236741125066 0.173181683145457 0.460564115740631
-0.0177151084812162 0.0223366144953732 0.0653859369308678 0.0557686292784006
-0.0185690189479671 0.0120176522474273 0.0125044311080249 -0.46555571639989
-0.0027548374370716 0.00688886057817669 -0.673405891467862 -0.372205486663498
0.00412742901355215 -0.00260469325339889 -0.639960391612545 0.540336400713074
0.00277575482664733 -0.0156072887744885 0.242649030823539 0.632470988358935
0.00164410978121057 -0.00612426924552589 0.462628562058998 0.037835956160599
-0.00392150781186837 0.000360760152449991 0.197723970560834 -0.258825111899323
0.00187154143350039 -0.0142442800654525 -0.101297920243296 -0.230697043456877
0.00858090367029224 -0.00269375407141806 0.0669377436224405 0.192586889334504
0.000804706055065189 0.00906152796134919 -0.13330157835576 0.179472149991152
-0.00338776406720417 0.0091507430651798 -0.396672747424464 -0.00016486274276499
-0.00994028490866967 -0.00986215434240571 -0.274989818417356 -0.441051776170275
-0.014984192290177 -0.0106001303523378 0.417366980682616 -0.517007860728777
-0.0102427219305525 0.00250941498519567 0.666721087809156 0.142534529729314
-0.0117756515363191 0.0264067212638088 0.172612879123229 0.465284204437298
-0.0172401732054876 0.0190719320935845 0.0627309756134218 0.0604535253072234
-0.0195414921933338 0.00894722218881605 0.0130290922958779 -0.459269386822231
-0.00692914198164125 0.00671045208679645 -0.675042310058376 -0.374021410444588
0.00261208841495668 -0.00294209035692683 -0.645355222658111 0.537901719341637
0.00494961412182722 -0.0185781932458754 0.243367358772269 0.629994680708051
0.00330987188175612 -0.00360974368552205 0.463818882521621 0.0378222115135671
-0.00714101986712137 0.00425997930846438 0.198007946251233 -0.259722840205673
-0.00141390499724309 -0.0115366955805426 -0.099699890657711 -0.235171004951402
0.00482966973977759 -0.00140715769799424 0.0667104479483532 0.190876529742862
-0.000831270164052499 0.0110652024199139 -0.135496883541771 0.177659191793156
-0.00346788100223006 0.0113079876311683 -0.393909110154701 -0.00508896048461724
-0.00809275667764529 -0.010665851967128 -0.264511346540807 -0.447819329209665
-0.0149611699994842 -0.0100420645138177 0.421176211790046 -0.51369703686825
-0.0127901038580804 0.00334303628894753 0.661556041294035 0.151857841424047
-0.0131761453428623 0.024004936071342 0.16511899150536 0.473459817190825
-0.0153943478369307 0.0148176875040035 0.0606716103537362 0.0636423001258251
-0.0205458395117328 0.00599927097195416 0.0070632174776523 -0.454705522110541
-0.00937954682810958 0.00651691146289719 -0.681100158731349 -0.361326744531057
0.00228952292295805 -0.00233491673479852 -0.638638362615769 0.544369442754889
0.00743876876533456 -0.0181282821917488 0.249440858837284 0.62072032298335
0.00343041715330619 -0.000484364788817197 0.468012340009653 0.0328620843637986
-0.00869828562167975 0.00637797393751771 0.194961826250044 -0.260737031583509
-0.00307398625654349 -0.00817841376359533 -0.101772287390038 -0.236876996876991
0.00376463804793992 0.00160793691516834 0.065451817516234 0.190943562294978
-0.0012354444465011 0.0124657599453871 -0.137406471049535 0.177083497337061
-0.00291606981263861 0.0120143845204581 -0.390846869917925 -0.0113483956172146
-0.0058035183288526 -0.00990457782276272 -0.253152796486111 -0.4566433907722
-0.0130974695586316 -0.0102175639151043 0.43153347576093 -0.50774671637923
-0.0124836852493737 0.000645986398298818 0.657562879825922 0.167939340007029
-0.0123212503623044 0.0198584178156277 0.157255522593341 0.477635005538097
-0.0138697667526441 0.0114278908068354 0.0588802163127481 0.0637955800511789
-0.0196795959683097 0.00353478721501488 -0.00223515239551785 -0.452478296922396
-0.00971339205955942 0.00649321407564462 -0.687998279499072 -0.344689434906314
0.00330351413616148 -0.00117566750393699 -0.626360901465405 0.552280246038381
0.00863163977956656 -0.0170067370814291 0.267243531366484 0.611522549087177
0.00332337033642281 0.00168660315441944 0.470786366579553 0.0235948942898275
-0.00866647067174813 0.00794447151825483 0.191330943548794 -0.262592963806944
-0.00540013858942978 -0.00393768393095521 -0.103613857086782 -0.236295128486356
0.00199192326427844 0.00566205444657156 0.0647073218364754 0.190199926075735
-0.000451146273529396 0.011616217062294 -0.139450473380685 0.176905835445839
-0.00362812003037396 0.0116923464639799 -0.387811023097526 -0.0162753502614075
-0.00459600321448694 -0.00833480304843371 -0.240511106795472 -0.464958207921841
-0.0110612775932959 -0.00906732738848967 0.442829407906436 -0.49860013097595
-0.0121830356501262 -0.00074118915727862 0.650685355408528 0.186940421186305
-0.0118010437090578 0.0159225790611051 0.148868911928726 0.48414374553645
-0.0114624253723406 0.00669886327851426 0.0587668045960009 0.0644201299861841
-0.0189767903219686 -0.000401056292767325 -0.00858165913262699 -0.45057964551997
-0.00867160362931823 0.00630858700499953 -0.697746355555263 -0.328360508179589
0.00500614583984507 0.00040859801770356 -0.616083979282752 0.567738473437867
0.00827433939269034 -0.0138456562345613 0.28029633942399 0.603009575180643
0.00284719819768562 0.00237695295389142 0.471861384365396 0.0168361367575491
-0.00671242547723221 0.0083546575841279 0.188254278502631 -0.262371189811758
-0.00593887111505657 0.00055864770140236 -0.104809801279622 -0.234941138395194
0.00121679512492904 0.00965874217278415 0.0630632547219154 0.191751703549095
0.00205089780104992 0.0106441818838427 -0.14337188434572 0.176101339932681
-0.00407244111266331 0.0118100812470109 -0.384801519343059 -0.0225456676935353
-0.00436327263390307 -0.00437193918098258 -0.225455207796474 -0.474516818172613
-0.00820962425411761 -0.00799509144682001 0.456273801195284 -0.49000176606416
-0.00877830607188544 -0.00335266094338369 0.644867121906353 0.201895759139361
-0.00960571733571106 0.0124569079115581 0.139304416854393 0.487673460953954
-0.00995923069845221 0.00363787438581529 0.0579647915895203 0.0628661855962318
-0.0171101247970766 -0.00349784819650733 -0.0174009101774471 -0.449132327072928
-0.00532083596915692 0.00435169388141408 -0.703875473027528 -0.309523545009556
0.00782573267199564 0.00273045851355791 -0.599316532022662 0.578483844331779
0.00788259249470858 -0.0107828760025139 0.293087500281804 0.592883189962367
0.00288653533847838 0.00188257333599394 0.475079336173514 0.00870802221316529
-0.0039958785339878 0.0076916969563214 0.183668445183269 -0.262990516859703
-0.00576070256128994 0.00440867132293128 -0.107477578480919 -0.233117911237929
0.00200994943291955 0.0124688905827218 0.061011383001478 0.194058509351955
0.00489002861192244 0.00878438182883498 -0.145671389281985 0.174424014698175
-0.00406451114362987 0.011210999580446 -0.383676263293478 -0.0270907886491433
-0.00571256631731227 -0.00170520069820206 -0.212593647713303 -0.478919827389792
-0.00642214607159897 -0.00560253589868778 0.469417389602879 -0.480808397694156
-0.00487070422789129 -0.00353454635846918 0.642823070107328 0.218260228499932
-0.00702898959655631 0.0100631564219612 0.134821678615353 0.487786711599879
-0.00924276984471059 -0.0010113051036094 0.0582130214732284 0.060351694910359
-0.0141606629361846 -0.00584171802510941 -0.0249920085260027 -0.448613723443499
-0.00145656677427301 0.0028388306858969 -0.708626775169679 -0.295745150508355
0.00957110104292836 0.00449636849104934 -0.584945190651156 0.588755896843654
0.00815245470070609 -0.00647972555647617 0.307614280468218 0.583484865712206
0.00303356935111211 0.00104457408052109 0.476128015176875 0.00264909341315075
-0.00148105317333166 0.00508840769827149 0.182651237455238 -0.262355312887016
-0.0035560147573568 0.00876326981209259 -0.109847078532124 -0.228971631401023
0.0141720954977577 -0.00503068501034408 0.0638712598054589 0.199317942409679
0.00532198639834594 0.00411655610567993 -0.13549512162437 0.181141300083057
-0.00490404713474384 0.00416037033423255 -0.401674170177148 -0.00251925841184267
-0.0119921917188618 -0.0059998277216031 -0.266805820512947 -0.443597697152148
-0.0125464592392426 -0.00879498545501987 0.435897286209886 -0.509708774257422
-0.00427789412993438 -0.000357036569002264 0.673812604248676 0.150577634279867
-0.00867176178359801 0.026803617001585 0.172562909250035 0.462085330738064
-0.0177218692227437 0.0196831043236227 0.0667072965154991 0.0504830329762312
-0.0155884330938485 0.00842465849788209 0.0123167715153737 -0.473725221802733
-0.000692589402013659 0.0067667380505481 -0.68050567448274 -0.36624186814805
0.00485751810985396 0.000856576642743346 -0.633521069985046 0.554327477747358
0.00141448515876122 -0.012294002501822 0.252039166600897 0.631815841838461
0.000441196815515512 -0.00857354017057066 0.465304977360568 0.0348177208988526
-0.000933425097657013 -0.00118930951933231 0.195189202588104 -0.260352012719763
0.00489536377389186 -0.0137631774064141 -0.103537356976176 -0.228669391573977
0.0110842150872744 -0.00496719248834261 0.0669261675227772 0.197323417717911
0.00204157467875517 0.00641938726771659 -0.134415030838678 0.179391004918643
-0.0047623393033596 0.00630935889546927 -0.400929873586145 0.000807256828479865
-0.0119109481971921 -0.00833858090285034 -0.271406122483275 -0.439571609470628
-0.0152150084423855 -0.0101937205992498 0.425034691238863 -0.51786431044521
-0.00736236911359576 0.00301895218991647 0.673001807132311 0.142859564478212
-0.0102925983684137 0.0295151899807894 0.173010091947927 0.463348976215779
-0.0171201539700742 0.0232012340058159 0.0650012703305745 0.0554795379646152
-0.0180788777132377 0.0112335629416429 0.0156672792809973 -0.467764638392326
-0.00262676505027063 0.00739442906080627 -0.676183276911897 -0.375907284779856
0.00433380190691992 -0.00215268028258229 -0.645545977000759 0.545109432173825
0.0026879929626823 -0.0156414461555245 0.245967131368086 0.637157526483301
0.000449737753856085 -0.00598588475621951 0.46647917844715 0.0381212974342269
-0.00357600267457933 0.00163809294759698 0.199171183680479 -0.260814558747304
0.00197524307096072 -0.0129116736361849 -0.101669535615543 -0.232445932374563
0.0078734058570087 -0.00361232786369855 0.067974482724101 0.194403855321871
0.000268586035937626 0.00980520577772939 -0.13401829475508 0.179608499289901
-0.0036982472856591 0.00849297904941958 -0.398096766012048 0.00110435129153211
-0.0104903882367302 -0.0103306246658897 -0.27373138910068 -0.442458042759185
-0.0156443249804813 -0.0109793701289606 0.4202176161892 -0.521870442118734
-0.0109438304173082 0.00248605739978111 0.669918444136487 0.143254236633267
-0.0123616710758555 0.0278625063749876 0.171577992688081 0.469313174213613
-0.016303654732686 0.0194394117010915 0.0626788033637437 0.0594895098762745
-0.0207789503645096 0.00851567301837471 0.0144247858155865 -0.464005389816642
-0.00773052581358072 0.00730347155950587 -0.677724416556425 -0.377315134364564
0.00329550757416565 -0.00370361568291508 -0.650277870356611 0.539128370175939
0.00607018579018332 -0.0186400296036733 0.244379544585976 0.6345044807135
0.00234384929339464 -0.00322173742325953 0.467941738000864 0.0380362369692429
-0.00703998367672032 0.00349391025567138 0.198389062610462 -0.26115069722136
-0.000793352370424608 -0.0122819637220155 -0.100803656945905 -0.236703654294646
0.00472918981500401 -0.000546014203000319 0.0684317728315755 0.192073134538336
-0.000812413439109519 0.0111251468570208 -0.136597743476601 0.178508763913047
-0.00404103725563417 0.0104957633822846 -0.396289093633695 -0.00480040196620278
-0.0083587153186485 -0.00967932673307202 -0.264211495177907 -0.450359692629725
-0.0152744936850691 -0.0102626733779709 0.425675498966667 -0.517089279646544
-0.0138373131880675 0.00286207727382682 0.666931808950103 0.155821727069915
-0.0134255865208193 0.0243649559700492 0.165021217981832 0.475991325630916
-0.0151958959762691 0.0151841300852534 0.0606821937716732 0.0634957124312311
-0.0212553171632731 0.00625825911850717 0.00860128384949007 -0.459135065123174
-0.0102857260163629 0.00664461190635142 -0.685660874937446 -0.365534219583077
0.00253596015051802 -0.00285841423300913 -0.642017383791337 0.544725562047647
0.00689435112934049 -0.0191495707793003 0.252530680015738 0.625498466058032
0.00130797911344409 -0.00127246412442977 0.470239997505185 0.032151603930213
-0.00758270048433814 0.0070618563356833 0.196736999891516 -0.263048628117903
-0.0031777438325427 -0.00819884167112901 -0.101812198423179 -0.23895877703247
0.00355598405889637 0.00144090485018623 0.0676635099893629 0.192268685837688
-0.000896780755526786 0.0130132560002637 -0.137092833382663 0.178928612752824
-0.00327839833652283 0.0123366258866777 -0.393339300163235 -0.0110237476537967
-0.00677072399351621 -0.009986912907438 -0.254492200710743 -0.460161919751202
-0.0137679623513507 -0.0103510623450391 0.433823986644489 -0.511469951254124
-0.0135439701486377 0.00160178336541492 0.65848239626609 0.170907900579951
-0.0129526593592214 0.0201754119279623 0.157207518532379 0.480252897839614
-0.0141227332521799 0.010402995521828 0.0596862529618923 0.0638494962743147
-0.0194254304255243 0.00348350820216269 0.00160670276392129 -0.456171174043124
-0.011197474532399 0.00651082288788561 -0.69183250893546 -0.348267093064095
0.00265726768070852 -0.00241065054747695 -0.630776509229366 0.556267558179451
0.00785144714193839 -0.0169642297797872 0.266986878400774 0.616861380170765
0.00282504918495693 0.00119841783472914 0.471923712338898 0.025477039594687
-0.00880646907312056 0.00836096481518385 0.192380403576281 -0.263412681189732
-0.0055029481365658 -0.00428600538185347 -0.10290001368792 -0.238938692505443
0.00122312709842168 0.00615942036890575 0.0656618269135427 0.193049973919013
-0.000381002040438297 0.0121348248299288 -0.142095505219821 0.177834989338997
-0.0031397098348727 0.0121756537530107 -0.39101215649556 -0.0169486539559874
-0.00429966802692553 -0.00815111799187692 -0.241638485563553 -0.468519220121949
-0.0110965229264733 -0.00944582551683085 0.444741144366747 -0.502354456992511
-0.0119999616521729 -0.000530955959241592 0.654583980293936 0.188680898598286
-0.0112204957020926 0.0163683898085792 0.150059041826418 0.486647090877864
-0.0124505859918539 0.00756862423950394 0.0596467760677194 0.0650772501793813
-0.0195253518418013 0.000506573880267403 -0.00793804534781424 -0.453893075036446
-0.00873661457275502 0.00571896123485693 -0.699714067967542 -0.332805607192185
0.00446638627998763 -0.000250413817578439 -0.619924294654774 0.570408673029995
0.00856248437360941 -0.0142610673422472 0.282655533514194 0.606129130557471
0.00309309327826041 0.00188222643724289 0.473448557236814 0.0171967146536723
-0.00748635491046846 0.00845155180868349 0.18815502122014 -0.2641407522462
-0.00567297391959167 -0.000585675050081143 -0.106734491325698 -0.23706687588379
0.00190916800066283 0.00901028504623875 0.0639686655532732 0.193031320926596
0.00143257127302396 0.0100169268552961 -0.144951302670295 0.177269311247607
-0.00316868305631884 0.0119080907573627 -0.387183417737574 -0.0223948525460657
-0.00530899462117173 -0.00446463638079501 -0.226156370987839 -0.477062060657315
-0.00843508791443321 -0.00758383255420115 0.461084511361341 -0.494553845098944
-0.00913833913123763 -0.00295527197334447 0.64965350637333 0.204858904949412
-0.0095876701721511 0.0130593369685288 0.14004303072708 0.489786804694571
-0.00959881098894166 0.00277621595670657 0.0589121455969609 0.0637237546813514
-0.0164473474022951 -0.00264993237925906 -0.015463101346472 -0.453005711113427
-0.00567992420485519 0.0043817336704441 -0.706321562902138 -0.313173473834454
0.00683761767668676 0.00311888546563554 -0.603766833987364 0.580589747350673
0.00853330769870252 -0.0103185795119006 0.29610482432565 0.597579852443505
0.00286039469965143 0.00215832837832916 0.476981321758878 0.0090025851942494
-0.00458687108865638 0.00847320658597124 0.186220953266792 -0.265517821551593
-0.00477399767823654 0.00400381680694454 -0.107799707773761 -0.234677117240507
0.0023997738299863 0.0112504898150611 0.0615727510911346 0.195656970115639
0.004303484460163 0.00827647597029079 -0.147272168217806 0.176604348388115
-0.00555741221387534 0.0118422018241301 -0.385048769086342 -0.0270661702096545
-0.00474849996526548 -0.00123886788122844 -0.212955696218749 -0.482100959487216
-0.00660630087699256 -0.00570120966738881 0.47279573880146 -0.483723047198336
-0.00580132462567443 -0.00463969150835212 0.645269676965513 0.222933806779274
-0.0068958640755256 0.0105242973284129 0.132259586001196 0.4924001145749
-0.00850935248845462 -0.000182232009292861 0.0586160965510169 0.0611887542462645
-0.0131142548441606 -0.00633233040619206 -0.0234932237468185 -0.451743700061396
-0.00211135006891903 0.00303827362134865 -0.712250164765222 -0.298278374626856
0.0113635576851149 0.0052543673817786 -0.590418569017561 0.593740391367274
0.00874216708709106 -0.00689816854623388 0.3085418490228 0.586632056794653
0.000861723630371805 0.000584906782603668 0.479735980319268 0.00109895359438115
-0.00109237451347516 0.00503057746083391 0.183477510243063 -0.264422672528743
-0.00395785899446803 0.00795896346694102 -0.110821110014474 -0.231077528485051
0.0144886629399111 -0.00502487734322431 0.0653531248791587 0.20105363358041
0.00570363999353328 0.00402525864291154 -0.134588013231166 0.180133265481862
-0.00431280289898171 0.00348811553211603 -0.404730110748578 -0.00174962975674005
-0.0126049359636683 -0.00587266782551782 -0.267508011190457 -0.444663645048969
-0.0116595782264013 -0.00892680647092415 0.437995533770347 -0.515589408967164
-0.00501450006075701 0.000536260119275201 0.67732521033565 0.14973063038187
-0.00867916209785591 0.0273647655654485 0.170077575712291 0.465255088960722
-0.0165184806923632 0.0190543892071101 0.0671877040534467 0.0503767634249574
-0.0164352622259277 0.00932421406887366 0.0146087714081254 -0.474604854560428
0.000388648591044888 0.00622424826551914 -0.683106845594774 -0.369410681058075
0.00589626749256025 0.0011799798391317 -0.635699471001092 0.558250578157613
0.000645843335498297 -0.012282549406613 0.256949068107001 0.638135599990789
0.000733131325363508 -0.00852154983593783 0.469887269032284 0.0336854640751616
-0.000508620995624832 -0.000704517891388581 0.197644148242607 -0.26218539567675
0.00460222807204559 -0.0132457937944033 -0.104820224601256 -0.230274362569543
0.0111441985845711 -0.00540739726084597 0.0679679036861744 0.19857840243313
0.00198808935826357 0.00628677283921714 -0.134443247584837 0.180533280570462
-0.00434332082687579 0.00663258588171491 -0.403993903476853 0.00145287088283161
-0.0118170175296257 -0.00886340618349444 -0.273533715902572 -0.443095667521669
-0.0139162548440657 -0.00994667384817232 0.429199741477485 -0.523224245346077
-0.0071496767548236 0.00267728899322224 0.676131256816785 0.143184903987094
-0.0101801090344986 0.0299138957984465 0.174111922805826 0.466854147047375
-0.017596440023587 0.0222960907512967 0.0656653398469099 0.0543889336386517
-0.0180476805526398 0.0115808600603069 0.0157287572649166 -0.472003800118718
-0.00368468386616898 0.00773760904306631 -0.680108163350023 -0.3772310276071
0.00483444467298969 -0.00266118122825115 -0.64948459435634 0.547560921750177
0.00293814469909569 -0.0166220886491958 0.247064776871151 0.641672889152954
0.000872625497307203 -0.0058787154366244 0.469556965249019 0.0373616380872629
-0.00357287673988345 0.00180003110590449 0.199745024526146 -0.263731402447971
0.00207916195961993 -0.0144860686793819 -0.103007144147608 -0.234743983492388
0.0084240211279202 -0.00349667047318104 0.0696752141368289 0.195181235783019
0.000500402492601062 0.010199151901423 -0.134848934756014 0.180814554846174
-0.00406821088504192 0.0087294604758881 -0.401691507509781 0.00124388109119674
-0.0109263354839108 -0.00967272333764215 -0.275155683535175 -0.444462451209769
-0.0160760293449518 -0.00970491281283717 0.423209176913155 -0.525373227881231
-0.0112880323495016 0.00231465877672602 0.673240714714107 0.143628979932444
-0.0125324279671566 0.0266479298429807 0.172643282271092 0.470383708522967
-0.0170322059210803 0.0204703040032599 0.0640064219515363 0.0600709288205813
-0.0205742719314449 0.00990203152877389 0.015610397479404 -0.466499206384773
-0.00775397742477846 0.00794443596253576 -0.683032870610236 -0.380018090468908
0.00251782513753437 -0.00235689606127365 -0.653041357820986 0.544707904974048
0.00501919536463617 -0.0181645004255156 0.245462066347934 0.638181162600616
0.00229566712308798 -0.00374048435497201 0.471391482221189 0.0382972717314831
-0.00672143043347807 0.00442423187225987 0.198641732435164 -0.264036979808307
-0.00122072136205676 -0.0127226371346036 -0.102267553265597 -0.238064924804113
0.00548089859868743 -0.00113914866479396 0.0696954702866961 0.193584803080449
-0.00122469137089305 0.0117956548803468 -0.136584118317515 0.179387023062172
-0.00294632432529732 0.0107638516871371 -0.399675462374366 -0.00388110501162907
-0.00816036824013841 -0.0105483865225313 -0.267206007769823 -0.452133888784099
-0.0153714927371079 -0.00975045503918394 0.427179072921009 -0.521279820937096
-0.0132127990798368 0.00201895498564605 0.668340954971549 0.156800475131189
-0.013267894063897 0.0244167324884294 0.165764158110566 0.476655082522753
-0.0153049164806126 0.0155322509003081 0.0618524682821776 0.063459769234724
-0.0208696052377716 0.00558966968482996 0.0101344896031161 -0.463681776547561
-0.0110714863848722 0.00779580490155428 -0.688119833824237 -0.369192359046933
0.0023869022022839 -0.00196020582835082 -0.647192751796087 0.548893284965783
0.0074430546779865 -0.0186607500150539 0.254336931327173 0.631995057776923
0.00227502998216031 -0.00195021232384993 0.475577944850922 0.0309501839660468
-0.0087389946334274 0.00683183819299642 0.196972948963138 -0.265447397973778
-0.0032863735265967 -0.00910512444875019 -0.103995302013571 -0.240442192516037
0.00317310237311961 0.00163649412324585 0.0687846385017765 0.193800582885781
-0.00188695543533447 0.0114686590732018 -0.138219316705826 0.179375371253846
-0.00273973366129578 0.0127284132537841 -0.396339381679919 -0.0102365844223381
-0.00596864988817576 -0.0101927284962707 -0.256478124798463 -0.462672731715731
-0.0138054796415655 -0.00977165428023984 0.437249857156855 -0.515105083536309
-0.0139220134034099 0.000883828929549553 0.663940739751884 0.172000656125419
-0.0131353570668393 0.0204994043221275 0.156568584495442 0.484268854519988
-0.0131928765207378 0.0115774801664603 0.060672594557068 0.0649416737209234
-0.0208215350672653 0.00393403176348606 0.00198083944420453 -0.459795429591706
-0.0118977626625825 0.00682036589103277 -0.697732817067538 -0.351694208965576
0.00290296665116204 -0.00196146559609703 -0.636306220498873 0.55884413216554
0.00825431915176124 -0.0175598574711266 0.270594470743466 0.620679587412909
0.00290859437420195 0.000828108491302611 0.477584151468162 0.0221732504035526
-0.00794557299030701 0.00846809287472584 0.19277595416661 -0.266748530600403
-0.00521185453801629 -0.00416415554956011 -0.105216849809565 -0.240103528448168
0.00124437475689482 0.00541142550878835 0.0672578830504353 0.194157589096106
-0.00098138228857728 0.0120425327387405 -0.142059560516725 0.179407037815475
-0.0032403668823913 0.0125713522191366 -0.392750351472074 -0.0166950483551515
-0.00424684281813998 -0.00819990943462418 -0.242214020336995 -0.471272015089983
-0.0111697211787337 -0.00853416275075086 0.447728600213109 -0.507037474981387
-0.0116566638829587 -0.000666422620361197 0.657903593747209 0.189390013062161
-0.011298871080656 0.017057152512501 0.149760299209573 0.489051808552059
-0.0124624016298886 0.0077904226666298 0.0600044559709953 0.0645839063047175
-0.0184555832734577 0.000322046445665449 -0.00777835990286887 -0.457191564269111
-0.00919162528008071 0.00595362775202462 -0.706674510258995 -0.332269705414579
0.00516852281357297 0.000979309982805595 -0.622470835114013 0.573030835859339
0.00848870525260828 -0.0135486255095037 0.284673053017122 0.609976377168281
0.00267431835339506 0.00276501396884005 0.477696029128684 0.0172435569201194
-0.00723306036299619 0.00808253179319696 0.189176375902796 -0.268718377145255
-0.00637079804962974 0.000701689231323636 -0.106634193425694 -0.239692784551239
0.00136762557040309 0.00934769617575397 0.0653234450356274 0.194164661936045
0.0013236586604545 0.0102615938834529 -0.144859735018148 0.177655536768174
-0.0033299031967942 0.0121522852099752 -0.389290001061529 -0.0217854459986844
-0.00432523203684745 -0.00499296442193571 -0.226087244456667 -0.479534224059552
-0.00903527402160031 -0.00828696026307442 0.46377213488211 -0.496675890536618
-0.00909782098532833 -0.00350338296656133 0.652787512213774 0.206234638649633
-0.00889944800745382 0.0131343142542727 0.138521386183411 0.494043083445251
-0.0096744634875999 0.00336939882096042 0.0604573401977014 0.0641963328834045
-0.0165458887220791 -0.00339332503531086 -0.0141024560076624 -0.455438489129454
-0.00623348721398591 0.00439965843204702 -0.711990517370227 -0.315953726101209
0.00819941595116175 0.00249942803912803 -0.608201931016575 0.584338443749014
0.00926332927004177 -0.0106268542506806 0.298706259889453 0.600175131457793
0.0022680855467915 0.00225135512609661 0.481026414897623 0.00765548285902269
-0.00402986412927551 0.00742962489908684 0.186322879648805 -0.267400200031041
-0.00509343662836598 0.00492199150689428 -0.10915830645234 -0.236146644853942
0.00152536299296302 0.0122533775930255 0.0634802579241903 0.197368709569721
0.0042418397929769 0.0074417446416453 -0.146762613014235 0.176955234378947
-0.00417174133609927 0.0111684985829819 -0.388863248966985 -0.0265126377032356
-0.00471242300754982 -0.0015078201447015 -0.213731411501386 -0.485950923046334
-0.00600236953724959 -0.00515354788717994 0.473663526008792 -0.487026450050038
-0.00556899913829819 -0.00422911294431773 0.6489982599246 0.221793205139227
-0.00750167093165501 0.0102644595178869 0.13347876470815 0.495205981195666
-0.00781901741388117 7.88736407454707E-05 0.0592168774609705 0.0618196517103733
-0.0145410421764536 -0.00611141797481935 -0.0225845411133644 -0.456207726109656
-0.000938795892574664 0.00256274510328624 -0.716974782278694 -0.298679509932598
0.0109225590918349 0.00422310844170552 -0.595238823758695 0.597574945064309
0.00809720780947897 -0.00660254848890067 0.311447500848386 0.591770997476989
0.00168224934331702 -4.02541198681562E-05 0.482180808372642 0.00140546007397291
-0.000305630222984911 0.00546650068303859 0.183897373047037 -0.26646202880755
-0.00280711296722576 0.00747493014899694 -0.110276549623654 -0.233228304020661
0.0146668940423722 -0.00502568538930792 0.0672620032419121 0.201708828664588
0.00594793472930496 0.00372664519099705 -0.136457381794683 0.18119137320465
-0.00537371735719937 0.00366566031914517 -0.407656242356254 0.000128504326912493
-0.0121254185796954 -0.00603500653547993 -0.270365527427519 -0.447211346534672
-0.0125343706853198 -0.0088014845969821 0.441313550151297 -0.51922121659779
-0.00468977444480566 -0.000254493267396161 0.679743430073783 0.150892428641693
-0.00864610913486444 0.0270679957214185 0.171447677414446 0.467709531984114
-0.0160968791727857 0.0205813542135569 0.0681481151829286 0.0486733825528317
-0.017418146072777 0.00890050035234017 0.0145084003015443 -0.478714312520817
1.63429029099186E-05 0.00664107259769775 -0.687566106932311 -0.372447008051963
0.00636022322792599 0.00113971836603404 -0.639066490528091 0.564439727379161
0.000304138132102851 -0.0118592980459433 0.258678084842085 0.642958599955486
7.79921964919163E-05 -0.00824798870411834 0.473046381091549 0.033712804882129
-0.000249658144028444 -0.00124290963690122 0.197158005997838 -0.266493637007886
0.00481916809358029 -0.0137337086600284 -0.106072699699533 -0.231949349979007
0.0111899544627844 -0.00502225656282438 0.0698146175799506 0.199895922787579
0.00240120365769579 0.00655847619693506 -0.13413792202468 0.18151229616382
-0.00404521185742991 0.006536675066748 -0.405671132269684 0.0023846417574565
-0.0118572824921012 -0.00941457997523093 -0.275780033110992 -0.446150911971991
-0.0147746683174324 -0.0104797273052714 0.430635811350765 -0.525476017011707
-0.0081597893460501 0.00228792112971766 0.679859136855146 0.142772662705121
-0.0106701484313705 0.0290935527319929 0.173431249134764 0.469283362449629
-0.0169619996881454 0.0216423707157734 0.0656837831420385 0.055137521410133
-0.0191765306281114 0.0114194249707664 0.0159079944697834 -0.473509287899566
-0.00400161056769052 0.00726121838338988 -0.685937940733183 -0.380378168769775
0.00477138793456897 -0.00194346277796728 -0.652918115731526 0.553061158276935
0.00239821259040526 -0.0159504329040111 0.25095432042967 0.644610199222916
0.00119460944472961 -0.00618316767821993 0.47293289710023 0.0368250232251841
-0.00356086016277742 0.00121809163418551 0.197811273348123 -0.265831145175436
0.00116227570424203 -0.0149391042585757 -0.104262285262593 -0.236705553327749
0.00788245295668457 -0.00494449618266284 0.0713711872020106 0.196374286987796
0.00053082256717077 0.0100661758011814 -0.135422426999774 0.181728500474039
-0.00361262464864696 0.00905516761742581 -0.404981058223122 0.00271649806834258
-0.0103581388077825 -0.0107658707921456 -0.27789905839481 -0.447296402504398
-0.0153840835456105 -0.0104750441340765 0.423925227501661 -0.530348988164398
-0.011543680210494 0.00236383612816323 0.67607562948062 0.144126467949019
-0.0127087906190033 0.028541454899382 0.173390810833832 0.47454507180251
-0.0161917326726832 0.0201330025819018 0.0634374688628686 0.0605530019801487
-0.0212618071351811 0.00872395845853577 0.0165576766428567 -0.47005442295112
-0.00798966718670717 0.00776417766137794 -0.684291629213355 -0.379953103494125
0.00378893873055587 -0.00340800897207592 -0.657706216280618 0.548826936170353
0.00594881534441904 -0.0184577389364791 0.25040170026527 0.642364284670852
0.00166641564077946 -0.00352569395998238 0.473994412535509 0.0359943904375895
-0.00601259781495278 0.00349050538379002 0.199133383404075 -0.267204157931848
-0.000266883473818183 -0.0117464908739786 -0.104669923268837 -0.240194163304949
0.00549405721541442 -0.00114759058108035 0.0708722879127295 0.194903201686837
-0.00109108824289777 0.0119468436394393 -0.137789004497731 0.180925580121674
-0.00351701335822583 0.0108675041005349 -0.402065533845149 -0.0023641017889391
-0.00747252506507878 -0.0110122999086875 -0.270512882945864 -0.454508606344717
-0.0156009757877255 -0.0100768896908373 0.429290937451273 -0.524664213205409
-0.0140307428237656 0.00178998900540512 0.674888372545301 0.157839222828969
-0.013442915080177 0.02437167649688 0.166763758295755 0.481501537377905
-0.0151116581611416 0.0154240555555 0.0629979967149617 0.0628524338833219
-0.0209676172836571 0.00664026438582787 0.0100192106045857 -0.466919926242794
-0.00966020278584388 0.00834883207033398 -0.693653646930672 -0.369540656592976
0.00207020322185728 -0.00322596265512976 -0.650668045984863 0.55341159367576
0.00691626938966431 -0.0187760518744316 0.259116121040751 0.634117167454936
0.00232682282553679 -0.0012997920546088 0.477152209202611 0.0313629929928998
-0.00802999922977217 0.00707130693864147 0.197785349917443 -0.268729685072226
-0.00336536908424381 -0.00851154466547335 -0.105784027014157 -0.24140057333128
0.00311184491051834 0.0024920931277426 0.0704039080771483 0.194141553230315
-0.00159265021410246 0.0130623963952126 -0.138617737617666 0.180015694836065
-0.00289055760740846 0.0121575024247506 -0.398413750625138 -0.00851609512042007
-0.00615062393459947 -0.00960017261818946 -0.259218686628794 -0.463720283447703
-0.0140210198257078 -0.010507750288281 0.438403791819896 -0.518885766189712
-0.0137416319909797 0.000611914302287318 0.666802874303262 0.171958996879119
-0.0130962532127845 0.0212847263800843 0.159630240901725 0.486349607560502
-0.0138404378796934 0.0117430115745764 0.0612066051890062 0.0644488398405739
-0.0211443094468434 0.00225635596747476 0.00196923784590072 -0.46344748465609
-0.0116814049721812 0.0071484786288735 -0.702071802934441 -0.353016791301672
0.00355429919082513 -0.00191616437053357 -0.63986832373859 0.565897965848184
0.00784519451435791 -0.0171318690791076 0.273382807132788 0.623709238622307
0.00202720121981306 0.000831861676870128 0.480337160950477 0.0224300620864578
-0.00874848232003737 0.0087718326521871 0.193472018402404 -0.269238431031532
-0.00601318955225862 -0.00396691413928342 -0.107225646005909 -0.24241784009448
0.00102422530988133 0.00619355343572935 0.0695474077138732 0.194756719142094
-0.000413972281388354 0.0124821965621351 -0.142288365894915 0.179623515763964
-0.0030246795956497 0.0127102796015936 -0.395446928823842 -0.0150811506039541
-0.00406882530029451 -0.00783682182691631 -0.245193264586989 -0.473374124959979
-0.0115396306287448 -0.00944482279666743 0.45010103069234 -0.511039732961625
-0.0123179020908362 -0.00188991115626023 0.662697123448788 0.19031276615148
-0.0119601078278838 0.0181148904092897 0.149544526319096 0.491941696023726
-0.0116266486337604 0.00710645051590084 0.0601702899817334 0.0644139242398614
-0.0197360746370195 -1.70912178705722E-05 -0.00692778995306642 -0.460735696544619
-0.00942989973010413 0.00582545869579655 -0.711712663202875 -0.334275646752961
0.00557932795568379 0.000113261063473741 -0.626536871676294 0.579539854248611
0.00876328535887215 -0.014053143235146 0.288288228271874 0.61321664218797
0.00300189144569348 0.00299889073351743 0.482560110979339 0.0152983058008843
-0.00730886287987566 0.00858395020379406 0.190236306252323 -0.27038191448801
-0.00642165423540353 -6.77927319104842E-05 -0.108300786292641 -0.241352841169269
0.00027576144408803 0.00939616943536475 0.0666171524427316 0.196667634196986
0.00139921961630896 0.0102561981751053 -0.145128485347578 0.178304341548431
-0.0039722238430903 0.0122178195918908 -0.392455784502864 -0.0207188607174084
-0.00404945902579936 -0.00520866622553852 -0.229661219952195 -0.482737932524641
-0.00977149109487152 -0.00712123109997043 0.464045504712268 -0.500163908191137
-0.00986822755141135 -0.00301235934723929 0.657431473217823 0.207105432130827
-0.00880757816275959 0.0139365022873182 0.139850328970031 0.495294753269774
-0.00959233718160854 0.00239095166114518 0.0600642833856673 0.0635041354724652
-0.0175926683441425 -0.0036373999486583 -0.0152170403084234 -0.45753948233716
-0.00587164819262454 0.00378916982135493 -0.717541672771837 -0.317436746019403
0.00827396639396793 0.00330876196142609 -0.611246471415085 0.591011533540873
0.00924990699341843 -0.0108956591715833 0.302377036584252 0.603583551589307
0.00278207697499509 0.0027878419750022 0.485137032297906 0.00728573184943412
-0.00536549479464681 0.007677228123251 0.186926980883595 -0.269879940500697
-0.00480992002742421 0.00534046850392659 -0.111671402593587 -0.237130941641911
0.00171534030213227 0.0121103391853424 0.0648383251565723 0.197918660402798
0.00416024422930864 0.0092687623458481 -0.1477236086656 0.177907524683774
-0.00417114699252855 0.0117326361814408 -0.391294757436094 -0.0251790822104041
-0.00487399108746031 -0.00160001343404403 -0.215609771252297 -0.487800177284095
-0.00628831297861151 -0.00543871416784643 0.477036785018993 -0.491048004360406
-0.00638107736515595 -0.00475627667520664 0.653362263532598 0.220646147910201
-0.00726345078002194 0.0103304632146743 0.133961471811443 0.4971799885131
-0.00883680750111493 -0.000468157804143263 0.0608406536643626 0.0617156303087654
-0.0137524657329639 -0.00556285526833616 -0.0218027396768373 -0.459023197722458
-0.00150131176955609 0.00277251083627001 -0.721476530160174 -0.300745834469747
0.011286764901032 0.00429468563263532 -0.597182689900684 0.603612588220769
0.00877587340851417 -0.00719655283939053 0.314834971020417 0.596496534122346
0.00160039956187321 0.000422512027596603 0.485823539262655 0.000950115807774923
-0.000472014411464572 0.00513774651647534 0.18383115823831 -0.270055027856436
-0.00376698195388346 0.00796758336392727 -0.112896380042119 -0.234326410766084
0.0137482154724437 -0.00540819323513282 0.0679081705086252 0.203881488694008
0.00505064503028832 0.00387029443957462 -0.135263850302138 0.182429722176638
-0.00445210012428903 0.00357938280903256 -0.410465380681235 0.00107957593042485
-0.0137244455301474 -0.00668891383694855 -0.272406303733487 -0.449045825354313
-0.0126258635803242 -0.00920145691741981 0.441899024111889 -0.523133231407633
-0.00521738506213741 -5.74988491863397E-05 0.685146071222598 0.149992934512938
-0.0090890017263509 0.0277624714547238 0.173110028637978 0.468766884481954
-0.0159943304758003 0.0199885666301455 0.0689194841338819 0.0499990906014009
-0.0169698995202698 0.00984610049134274 0.0139149180153815 -0.480399128442716
-0.000500323525507212 0.00675929319314896 -0.694552367593878 -0.371285174987617
0.00630294119011589 0.000899943313632671 -0.64398387434314 0.569786278543858
-0.00029127274461715 -0.0128244730452433 0.263923328929187 0.644972832312274
-0.000477396568856523 -0.00883724294982434 0.476064981161038 0.0312017254477649
0.000319610944168139 -0.000880351433007819 0.197191622984863 -0.269137829885919
0.00465371659226783 -0.0138452679205839 -0.108270078810658 -0.233055128634949
0.0104390844147038 -0.00579161071505724 0.0721883962698829 0.201423309818513
0.00263408560468139 0.00652698402735496 -0.135740405111265 0.1833270360813
-0.00447729675849821 0.00646348620589386 -0.409314120668295 0.00528124663011016
-0.0113815393983314 -0.00899997920092808 -0.277450853832448 -0.446892192197879
-0.0148786487230368 -0.0103580523593337 0.432239140849551 -0.529600836587191
-0.00780469076805992 0.00270381602783038 0.685403427761053 0.140551232805764
-0.0109695119308385 0.030829415792435 0.176577510553979 0.473130675306814
-0.017489020910745 0.0229354111569609 0.0671666886393105 0.055014282832123
-0.0190561364113864 0.0116772672029093 0.0166132769683429 -0.478299123340421
-0.00418341809137056 0.00777008987819896 -0.692747310465656 -0.381599740077182
0.00511367777293759 -0.00270765806101065 -0.653724253452627 0.560702347614373
0.00109419151859812 -0.0168056701835889 0.254256440815547 0.649862083638982
0.000667347498671621 -0.00717793280135769 0.476626274583936 0.034875408017712
-0.00283782858039698 0.00133152532850048 0.198483783222061 -0.268943511719339
0.0021070216504785 -0.0148969932349113 -0.107070126901249 -0.237908386832752
0.00746427745428843 -0.00418531855900801 0.0734442064213937 0.197642576862173
-0.000599059759301864 0.0101761223386096 -0.134784868848709 0.183997191251652
-0.00389997225171969 0.00895315833186755 -0.407364225655872 0.00454071741997377
-0.0097361555842688 -0.010629623794672 -0.280559027730793 -0.451889440952711
-0.0166495914351312 -0.010283153317681 0.425009335212532 -0.533132559060272
-0.0115036012169228 0.00267263561682696 0.68042600403517 0.144052021589472
-0.0123383504085992 0.0285492661944208 0.174353852003645 0.477858297035943
-0.0164182382224054 0.0203471186520316 0.0662432423307674 0.0600118304048567
-0.0205813074039879 0.00901762557065582 0.0155861081673308 -0.473547242994216
-0.00782399186234741 0.00850527544922781 -0.690378676616189 -0.382002393871082
0.0033265813287187 -0.00359019017323752 -0.659097624338953 0.55572637338074
0.00398276771205602 -0.0176734144297103 0.25588099854063 0.646265700642442
0.00145799138444587 -0.00354263336807695 0.477252198568475 0.0371042915012717
-0.00718802722212801 0.0043064462500674 0.19910030980358 -0.270389440350308
-0.00200818162636665 -0.0122819576868056 -0.106221127886124 -0.241980369683001
0.00440831034541363 -0.00145065927523088 0.0724928045670033 0.196502749987444
-0.00130541468756143 0.0119688583817798 -0.137483059186225 0.181272990984584
-0.00391064458859726 0.0115267776223539 -0.404689983250528 -0.00125112823219224
-0.00829223234220337 -0.00997040689976417 -0.272632734102923 -0.45574694885939
-0.016055609508529 -0.0104452890047136 0.429600676550105 -0.531413263486044
-0.0142378656156909 0.00244847765406146 0.677245811992607 0.15575157238253
-0.0137733270171404 0.025977841886225 0.166545773462948 0.48284845674708
-0.0147047087394226 0.0155438347601017 0.0623183511410357 0.0632642385348373
-0.0214556317839682 0.00622957326440973 0.00997678930635553 -0.468350090752317
-0.0117483460865438 0.00781666661023884 -0.697200654499513 -0.369236160758107
0.00335330869060558 -0.00263673377544063 -0.652260091468779 0.561423273091197
0.00642394369551642 -0.0182748412270437 0.263495304261411 0.637909171582133
0.00258738692161154 -0.000140376946911643 0.479959316872093 0.0295762181573413
-0.00762526999139039 0.00684234309040503 0.197361660544104 -0.270921564612519
-0.00248423803377233 -0.00857893131679177 -0.107768424681445 -0.243365823199526
0.00234412582545182 0.001225628635937 0.0723608700653124 0.196436187222102
-0.00108276003939473 0.0126927938025953 -0.139607391545165 0.181290855163289
-0.00309177658732289 0.0116149806232425 -0.401774557390422 -0.00697550313559568
-0.00525986821982607 -0.011064240533292 -0.260128773871456 -0.467147280187223
-0.0147910490384798 -0.0102845486061913 0.439702069786459 -0.523339409789685
-0.0141916240013096 0.00181073203819088 0.671570184477956 0.171218015055745
-0.0129047350437707 0.0215669381083178 0.15860052229202 0.490656566697643
-0.0129896871742972 0.0115450392993745 0.0618331214388288 0.0638456389170091
-0.0217559057317592 0.0037914943475991 0.0011704094133253 -0.46583840258133
-0.0111112104113214 0.00798023448615895 -0.70883434487124 -0.352596360370733
0.00328465166043439 -0.00185414087677532 -0.641361915006899 0.572354612359187
0.00715283359706677 -0.0173490659238602 0.276761000251193 0.62835984327689
0.00202087514184505 0.00141129599937483 0.483768283516133 0.0198784515142059
-0.00793547565817655 0.00881430932281687 0.193736755459716 -0.272819054519323
-0.00529208339322196 -0.00426618687224918 -0.109833788793554 -0.243720718503422
0.000609635773216912 0.00528286832177997 0.0705252328288108 0.19602227624503
-0.000525376725586539 0.0128991114326413 -0.143379661573444 0.18120241448329
-0.002446027657385 0.0130587492720882 -0.398223347689265 -0.0120584734576333
-0.00442826711881132 -0.00822245899393209 -0.249232984335726 -0.476712973763492
-0.0120652341823135 -0.00961407329543467 0.451922437214331 -0.515948808264813
-0.0123161808639618 -0.00132336164786125 0.665200810669631 0.189142976389802
-0.0116144968460525 0.0177467451310528 0.150656595241409 0.49449970428909
-0.0115748868527039 0.0076878343620552 0.0607002274723416 0.0644789520513363
-0.0202474910383432 -0.000507417951209114 -0.00746741265071699 -0.464277751147333
-0.00918903532514303 0.00690166966899152 -0.715224390375282 -0.334834122393236
0.00539610769357951 -0.00010198127362943 -0.628561745081304 0.586867935867876
0.00846471153094127 -0.0135772594960029 0.293029086259289 0.616766541305885
0.00230994193040798 0.00208544873248019 0.484595344210789 0.0132135019617665
-0.00745774341772253 0.0087705588949027 0.189871515967961 -0.27276400401939
-0.0055736501515095 0.000626303509776969 -0.110347475266046 -0.241783574516607
0.000810904558423143 0.0094188308410573 0.0686379531364935 0.197325585543666
0.0020379276760436 0.0106399827806745 -0.144566519183756 0.179443601049889
-0.00288881457535286 0.0129469649275152 -0.395998606416906 -0.0186289153553034
-0.00362669532563633 -0.00538909159983439 -0.233349600080358 -0.484435170633772
-0.00934510070598642 -0.00796677192473713 0.465292167133987 -0.504406298549557
-0.00993174673959599 -0.00410892016086936 0.660454596438109 0.207248581727552
-0.0101160246014786 0.0146494382347666 0.142340119684751 0.497946136619305
-0.00943136093860463 0.00239264950160522 0.0601828342766408 0.063916889791256
-0.0176707157169442 -0.00317061012400633 -0.0141713192968041 -0.462112665776416
-0.00658026040959932 0.00503740269174485 -0.723424374279901 -0.315912435959034
0.00770050482199242 0.00242979324492948 -0.612658046922195 0.597236021484517
0.00849993687657622 -0.0107537263576776 0.307094490296151 0.606767773292254
0.00247554205251388 0.00212640139098678 0.487667790687163 0.00540753898227987
-0.00441203406769291 0.00746157182434866 0.185239622443186 -0.272563826769001
-0.00531256654509078 0.00484006063344789 -0.113554808724391 -0.239961621663485
0.00170794586493188 0.012397020750738 0.0669665132700824 0.199680922316986
0.00451046469988586 0.00900856299616759 -0.147584067130096 0.179782279358263
-0.00430583242150435 0.0111508158286737 -0.39329662115362 -0.0245487839941996
-0.00465253762390963 -0.00173960861812251 -0.218880729575461 -0.489047110107593
-0.00653610208950741 -0.00528224763982669 0.478005085080463 -0.495937337154034
-0.00617597155054164 -0.00464059570255115 0.657864148862916 0.221009597969318
-0.0080442840847156 0.011341030863616 0.135163099895035 0.501129847290261
-0.00756639381837084 -0.00072873043513069 0.0619894988864302 0.0611560517307071
-0.015175934570044 -0.00572127692066244 -0.0197689336871023 -0.461167584221425
-0.00261289278454065 0.00303234545982563 -0.725686159840442 -0.300528212857992
0.010902971631615 0.00438416159911112 -0.60040728033044 0.609577121109148
0.00888055383295684 -0.00554288863507799 0.319306439229841 0.597425240826706
0.00246579903287411 0.000535155388330772 0.490108587802844 -0.00079694431283492
-0.00116850807278918 0.00399402931899718 0.183410835688785 -0.272652023059512
-0.00315305452580912 0.0082864372448179 -0.116031522275723 -0.235334079668362
0.0137935036626196 -0.0055513502432715 0.0708081183514116 0.204972864430688
0.00590145077333151 0.00427186196565987 -0.136619383569075 0.183431275294115
-0.00477900698436888 0.00362877385195485 -0.41297787995987 0.00457645980496453
-0.0122061997475915 -0.00665629821378556 -0.275564057840915 -0.45142478311575
-0.0122853086629051 -0.00829509837002072 0.439924995762478 -0.528669824009436
-0.00563247068707784 0.000308271209062187 0.687763573275531 0.147582146491532
-0.00842071514437015 0.0290433127951088 0.175810937646215 0.472845885847575
-0.0168356813059251 0.0206936546786514 0.0698605642201083 0.0482657668550955
-0.0173923294547103 0.00948720162319295 0.0116823330747963 -0.485963783072957
-0.00142332344824342 0.00685144554163303 -0.698991610246513 -0.372837028109693
0.0056250643515789 0.000783962712266942 -0.643720751954045 0.576135077177627
0.000594752617019239 -0.0121681794574652 0.269583005352502 0.649195165570057
-0.000765781034496081 -0.00887305943769704 0.479339472009266 0.0283413904516752
-0.000281207419668425 -0.00126703521285148 0.197198492277748 -0.271599435694985
0.00423477549020495 -0.015295534350725 -0.109692381858052 -0.234506735178523
0.0100263871450947 -0.00603920853129828 0.0741104131133167 0.201267524194655
0.00241752277437795 0.00643706122519622 -0.134928532204851 0.184829749294121
-0.00443315825815618 0.00696190287271734 -0.411177527380491 0.00677639120002105
-0.0124320162066193 -0.00908959088899473 -0.282748251788372 -0.448787781530787
-0.0149612226508467 -0.00986526881653188 0.4315408166989 -0.536430735371416
-0.00864186755004816 0.00192940424194557 0.688731316622913 0.138450606684346
-0.0103028392236562 0.0304735204734706 0.177290589835128 0.474237376203037
-0.0176297095055877 0.0233973903374682 0.0676540593514731 0.0544715505453645
-0.0192567138896134 0.0131310363770359 0.0162942059190373 -0.481096529733977
-0.00375222550407684 0.00811239794619817 -0.697075456387858 -0.379965362250584
0.00495336785093327 -0.0028391084891271 -0.656650926504776 0.565532434288304
0.00225855661352283 -0.0163456406459676 0.260744343946914 0.650519902433882
0.000337495286359707 -0.00719578411989625 0.480690105234864 0.0327556566093603
-0.00276783629373821 0.00192030886357174 0.198123290188358 -0.270932733079107
0.00156097315866492 -0.0154435725198105 -0.108947325497235 -0.239186134354722
0.0080474541216693 -0.00527052950473525 0.0759477152358706 0.199615184087138
0.000519543780135964 0.0100125247759803 -0.134518915738821 0.183349306621226
-0.00429176563635651 0.00856057663093684 -0.409733483311988 0.00642102356359861
-0.0101072475319288 -0.0117271655069578 -0.284034416245648 -0.450565792739829
-0.016629347801694 -0.00965563910559789 0.424914880373239 -0.539429506588679
-0.0123367066718711 0.00218941676035453 0.684760043653707 0.139902645866795
-0.0126053155919894 0.0293622630606716 0.177551477677656 0.477779281512336
-0.0162864015408044 0.0203865789404991 0.0653777161775149 0.059932781723721
-0.0209298088187274 0.00963780409777759 0.0165712870767194 -0.477301381548554
-0.00815297125207286 0.00803438292831234 -0.697087252664993 -0.383147568779734
0.00329081596588604 -0.00286660666534734 -0.660418229456678 0.561020784861948
0.00411545715637247 -0.018496799331839 0.259215811964489 0.65066572483506
0.00117005407291993 -0.0033090314103985 0.481610431334972 0.0337840033960124
-0.00604145752843152 0.00448406251227395 0.199464651047699 -0.273344656104648
-0.00191513885933776 -0.0118725715938999 -0.108260923960039 -0.243609878141443
0.00498887816529989 -0.0010000272837648 0.0755494907479458 0.196649509801965
-0.00142315418171868 0.012611330021654 -0.135303812218902 0.184837721641741
-0.00374943104319197 0.0104000057372191 -0.406434033203053 0.00242337006900088
-0.00845135618367111 -0.0111621543917385 -0.275866069012071 -0.458868367138781
-0.016270685629584 -0.0097771310283557 0.430672423308313 -0.533631360916167
-0.0148758463573631 0.00153852805112483 0.682341734406263 0.153584607399765
-0.0131616690335961 0.0260771650138012 0.16908130651693 0.485374025225704
-0.0140790811699617 0.0165240020434155 0.06364274224719 0.0626954445410232
-0.0224316490064748 0.00511705698026158 0.0100007888734339 -0.473230656295211
-0.0126636223822694 0.00808735195857295 -0.705182387104047 -0.371140435230155
0.00303391708337599 -0.00315372301372764 -0.654244403166439 0.566942905870973
0.00622217409160351 -0.0205204745135134 0.268282445128591 0.641064423118263
0.00204522417286241 -0.00125426504662886 0.483950558330271 0.0272661602190154
-0.00884234842961543 0.00702487870869947 0.19653787002365 -0.273902669214246
-0.00363916436123143 -0.00885220835522691 -0.108997223545328 -0.245064129630631
0.00264839333044507 0.00163860814978418 0.075210008690122 0.197521440749272
-0.0017429673600225 0.0131525903681427 -0.138814214238863 0.182293469704405
-0.00310206238137572 0.0127835758753207 -0.403167052177361 -0.00398394572852992
-0.00597496603015244 -0.0110753626894976 -0.265675921772344 -0.468131260284889
-0.014641954928134 -0.0106040401294606 0.440447373498489 -0.52796199071565
-0.0146988276245277 -3.92479567704971E-05 0.675935271588305 0.168497641755439
-0.0135115777693401 0.0228435759899341 0.162917172604837 0.491761200186926
-0.0134050547278388 0.0123328131744386 0.0631643868054632 0.0636485570153193
-0.0218181345134348 0.00379894303418775 0.000125453624641302 -0.468994941452004
-0.0121039315489963 0.0071087400659551 -0.71307924329779 -0.352761125323657
0.00330382873963928 -0.00198650783586335 -0.643688109324754 0.577965110414223
0.00698529140564107 -0.0170577412393017 0.284885512439144 0.630165665927498
0.00242451340853994 0.000418576735021362 0.487245497661096 0.0179048627309856
-0.00766843851282066 0.00819664815939494 0.193506289719039 -0.274823797431824
-0.0064857528428844 -0.00459139724455423 -0.111956469215419 -0.244071552578308
0.00116832242660546 0.00772811891521398 0.0732831042198973 0.196819704882374
0.000151629376591825 0.0131861274869584 -0.142121216581984 0.182223231034353
-0.00416396101887189 0.0143426454463886 -0.400110001413512 -0.0110652980518522
-0.00441872525779457 -0.00878632274982201 -0.252678704222114 -0.47617465029454
-0.0121152269273447 -0.00978032643775527 0.450910907650553 -0.520992751766619
-0.0136955986388057 -0.00143124589363638 0.671132848899479 0.187603552758713
-0.0120286257322898 0.0193016251317806 0.153544339279403 0.497379682595202
-0.0109613622255921 0.00745343438346118 0.0617206052674587 0.0649988867119027
-0.0199541831687709 -0.000150479592834351 -0.00738235942464674 -0.467295894742568
-0.00994508955938154 0.00627697467961255 -0.722042699655383 -0.333871833515994
0.00506675587134695 -0.000559336574845211 -0.630179666122914 0.59294704712644
0.0084205890873024 -0.0131463602426833 0.299072664535707 0.619108067795871
0.00262962837764062 0.00246828604312985 0.488883008712216 0.00964677600215795
-0.00716191703102839 0.00922477563371233 0.189113201150824 -0.276042130596779
-0.00650763770236757 4.35717594237175E-06 -0.114102308982278 -0.244178426152673
0.000381855389532884 0.00965356907167264 0.0718513183190337 0.198089112715706
0.0013547639773984 0.011596831472356 -0.145070274669149 0.180351604615878
-0.00349839947480465 0.0132134388381956 -0.398066963771941 -0.0177127745360118
-0.00370480774892476 -0.00618755746159503 -0.235094013501005 -0.485387097620563
-0.00884627889052586 -0.00792681724962969 0.465216078741954 -0.510047601807603
-0.00971537275845322 -0.00330981019596387 0.665011529824263 0.204715910394187
-0.00974871907090853 0.015844651296169 0.143889652215369 0.501207782509825
-0.00909857683767803 0.00426346733346672 0.0608955377740522 0.0629170732208646
-0.0180248106353197 -0.00281547813330259 -0.0139937443003184 -0.465412681291407
-0.00626503224424902 0.00527645610879724 -0.729561139916542 -0.31330423889067
0.00906362852930954 0.00201944481095024 -0.612936015258337 0.604298022982494
0.0091158287010897 -0.0109105467152856 0.313411134883203 0.610005274650493
0.00182573474290238 0.0015522297696849 0.493154303899525 0.00298473540684818
-0.00404866962154489 0.00755198817261281 0.185230449924742 -0.276183376836668
-0.0055522509729935 0.00432301561096456 -0.115972545048617 -0.241576540744241
0.0017887395504583 0.0130869300612035 0.0689804941973448 0.201787047459672
0.00441788046650596 0.0088506493903613 -0.148245872814113 0.180559418963957
-0.0044676643391492 0.0109496181791686 -0.396939235488176 -0.0210605869768901
-0.00479147817771241 -0.00116281929654827 -0.220947306134754 -0.492621982136545
-0.00582514952123875 -0.00561517581637713 0.477105026006162 -0.501505027724017
-0.00621046221370725 -0.00547598851359067 0.661123606452663 0.220523258246805
-0.00737752930349153 0.0114645566989029 0.138016484822934 0.501894885227582
-0.00837882387570525 -0.000623695045205451 0.0617117747253932 0.0609521076684454
-0.0151656781101868 -0.00617626286925272 -0.0217185282319516 -0.464521138884021
-0.00264309953149706 0.00334101909548529 -0.734309295507656 -0.300123351624412
0.0119238229957161 0.00541194757559852 -0.600133775727416 0.617992959643306
0.00798830979041921 -0.00661744543659494 0.326915282740305 0.600108405811403
0.00213850149731777 0.000776626844346132 0.493582406883983 -0.00486956324341931
-0.000343187862889218 0.00435697838559703 0.184301260988804 -0.275527816388919
-0.00417875771511016 0.00833123011934819 -0.117701645241375 -0.237446705380001
0.0138349026226999 -0.00535821156965851 0.0736789760168066 0.205769010198567
0.00514626661753654 0.00411842515387296 -0.135786439901716 0.185443410885755
-0.00545278801734557 0.00308001136429748 -0.414890748139164 0.00849092872077794
-0.0128099841855736 -0.00689189529958085 -0.279556531504595 -0.451119603311919
-0.0133786237993723 -0.00817300874794072 0.439352891171088 -0.533925936073719
-0.00614308820134271 0.000169629405370401 0.694356205631382 0.144893753209631
-0.00857789245422045 0.0284392477872261 0.177919535951113 0.472650024423204
-0.0165674657886833 0.0215805292520983 0.0708044838216787 0.0492300606454646
-0.0177131711374101 0.0100088441584366 0.012003357921377 -0.487958402761682
0.000102742072802499 0.00704682290271821 -0.704072390498502 -0.371860146848611
0.00571497894724136 9.92915318034403E-05 -0.643201237442558 0.584680310548271
-0.0003468903786696 -0.0123181969664151 0.276197146804385 0.650393138324432
-0.000632790307106276 -0.00928640039470473 0.483063826314352 0.0271003786984942
0.000367042996052402 -0.00130791150756718 0.196966930291675 -0.275165778827137
0.00448538642194737 -0.0151422349865098 -0.112433076071359 -0.234908831324822
0.0103861671507521 -0.00629519816418951 0.076704616413556 0.201531737966836
0.00275642703135863 0.00666831320441204 -0.134333612308772 0.184685995244963
-0.0049810193474046 0.00707302397389183 -0.413981092113348 0.0102219801516325
-0.0118490372988143 -0.00920632476952203 -0.286213494497701 -0.448885073508688
-0.0149016234769624 -0.00971934206052439 0.432340065252375 -0.540494060552584
-0.00915442155954204 0.00155954926326288 0.692239962797053 0.136513089934912
-0.0105513840631908 0.0317299113923909 0.180881226039102 0.476006368872941
-0.0164744860261998 0.0234704114040622 0.0685461958072408 0.0546021531913635
-0.0189398453321239 0.0125262791990816 0.0138279613517547 -0.483659439024214
-0.00341771596209186 0.00793393923050447 -0.702077711913144 -0.379955342042064
0.00453988264607317 -0.00247263298415153 -0.656565133672778 0.573751865270154
0.00237234416091482 -0.0155757241185812 0.267391799402473 0.651964569419316
0.00116450211058983 -0.00652588024573155 0.481220002136318 0.0298745875528531
-0.0031757487830912 0.0010297106465041 0.197841160439528 -0.274893833921384
0.00123480415620141 -0.0154635929763085 -0.112412347898584 -0.240414020579427
0.00712925903290215 -0.00479250335650049 0.077630158935993 0.199871603355716
0.000223103343975092 0.0100741112316235 -0.134824358714366 0.185461239006832
-0.00431605611333367 0.00948848273143719 -0.411859017520988 0.0103794411172489
-0.00959280392862634 -0.0110199280695223 -0.288270300993728 -0.449752383699455
-0.0170660621813238 -0.0102926630900521 0.424284405293674 -0.544688203415962
-0.0126005663648811 0.00275116484198712 0.690389471727256 0.136974478466691
-0.0121127350988802 0.0293642067830826 0.179975759074909 0.480359607336527
-0.0165198552781115 0.0206383395831077 0.0671050980443132 0.059173954171682
-0.0221281816017777 0.0093244454236673 0.0144735706170478 -0.480396318472328
-0.00910618862072604 0.00930960881264544 -0.703434943974523 -0.379425620226231
0.00350475742313537 -0.00342490421155511 -0.663102380244289 0.569256952226807
0.00527137109313928 -0.0191326493595189 0.264884191663849 0.651154166821705
0.00171723884269652 -0.00475314361191183 0.484658679188547 0.03006864773795
-0.00647273975712749 0.00411175174841234 0.198096718676867 -0.277316774177625
-0.00212685769218881 -0.0131388434512993 -0.11137007682223 -0.245264839240092
0.00404761052377529 -0.00127434648136476 0.0786578545595951 0.198770084709659
-0.000615629585245769 0.0121368066210951 -0.136391564370754 0.18441418304091
-0.00321029430571036 0.0122356004187664 -0.410322930008603 0.00471008040607182
-0.00857702831704606 -0.0109167098864857 -0.28097243900737 -0.459871678029707
-0.0168215203248967 -0.0103308988037786 0.43076458388532 -0.540042959925636
-0.0154122076392332 0.00174677096861324 0.685015474592263 0.150726263700021
-0.0131781983619382 0.0274349557369418 0.172547142851836 0.486479859736443
-0.0140698728859335 0.016026896181384 0.0641979332695555 0.0624972262914767
-0.0223459603439264 0.0070509575136963 0.00872412415499604 -0.474695025858637
-0.0118792531085075 0.00850147269060223 -0.712255539201442 -0.369421889042129
0.00355767833675825 -0.00365270476301877 -0.655359686516881 0.57425006772684
0.00658370727183453 -0.0193268901172913 0.274038712324829 0.643869160280964
0.00192218134399592 -0.000446797129237031 0.487576607901694 0.0237105310719076
-0.00694143712074973 0.00685946976837306 0.196148595840437 -0.276976917998809
-0.00354089169943898 -0.00916126909453011 -0.112213875573199 -0.246415728226502
0.00134514499732819 0.00190454945059912 0.0778951156917796 0.197474228097107
-0.00204681992299171 0.0133591721950723 -0.1391707367986 0.184254657168075
-0.00254988781033364 0.0129702683816408 -0.406441068294981 -0.00118396756920069
-0.00585966716094137 -0.0106410168783626 -0.268355074681052 -0.470053922802218
-0.0156588931718394 -0.00983284428505833 0.4397261470881 -0.533321979890974
-0.0152618487459119 0.000642725835191564 0.678373506097541 0.16722593781359
-0.0132795619227008 0.0224912111134448 0.163495586066232 0.491938259215476
-0.012363914988725 0.0115877242038492 0.0632649720013919 0.0640633923194662
-0.0216305821772839 0.00344876415553046 0.000461266044493335 -0.471784156192193
-0.0123346188567122 0.00805748811767829 -0.718844380794256 -0.351258998306568
0.00396527893236975 -0.00176573444947499 -0.644460358968449 0.586862246266888
0.00767544285249331 -0.0172828460474037 0.289031123174359 0.633105110029594
0.00139578015118856 0.00179714347212354 0.490418778256569 0.0155605757135638
-0.0075878935787352 0.0091733292673099 0.192373988245405 -0.279276741932106
-0.00674641757734143 -0.00490444365186056 -0.113935450189223 -0.246772925472182
0.000706031655714272 0.00607127203295873 0.0763076023989398 0.196994413486405
0.000424321028709321 0.013246526213051 -0.142139626215256 0.183408656680863
-0.00337021245099792 0.0142325401928209 -0.402805237248803 -0.00834074115916426
-0.00370450317542948 -0.00890870557192918 -0.255660297881097 -0.477989098021849
-0.012680796900403 -0.00908551923373695 0.450382732001108 -0.525578678462005
-0.0137008697168062 -0.00136280185530477 0.674393557607603 0.186197090818334
-0.011376074977088 0.0185006589954746 0.154568515983226 0.497726545852343
-0.0105357809148785 0.00697528018546855 0.063049387696315 0.0650922117470085
-0.0203752861367122 0.00121939186901888 -0.0089835350734806 -0.468537311102499
-0.00964707201816322 0.00703167786838974 -0.727592965339143 -0.331230218731033
0.00474379492442134 -0.000217282099257225 -0.629879218023272 0.59935868702193
0.00770903371440603 -0.0143604521112715 0.305460585017827 0.622131430414163
0.00187616578118877 0.00236425890364777 0.491786768777561 0.00720631064564489
-0.00685519896170344 0.0091642277574669 0.187394717027035 -0.278795788037163
-0.00571589061814954 -0.00118059114805739 -0.116714344212441 -0.244703233216397
-3.94619650113384E-05 0.00944337265344941 0.073911462360352 0.199664846850797
0.00161063821602888 0.0118265299330045 -0.144655107666969 0.182369484272261
-0.0034534635741442 0.0128607243187767 -0.400401640705894 -0.0145727108608227
-0.0035574806217282 -0.00590469588468627 -0.23787475099739 -0.488467604741537
-0.00953823745821849 -0.00743967999384983 0.466142362279361 -0.514121937460476
-0.0109191237997079 -0.00354606289692155 0.66946375009461 0.201677852304895
-0.00974279091222456 0.0158500298749309 0.144972830130077 0.502918466700631
-0.00910764183568167 0.00303486217520279 0.062333817055907 0.0633341285130104
-0.0181101606835289 -0.00334317946945887 -0.0162230293034032 -0.467047190309648
-0.00771034251353333 0.00604016525873443 -0.733237758089947 -0.312606534496065
0.00857367155835186 0.00154791229214847 -0.613766096819515 0.610194263247924
0.00829390994498431 -0.00932195321107407 0.31715275197395 0.610911182916583
0.00257568155402166 0.00232563690729557 0.493127049556538 -0.00136992362076862
-0.00333059473091287 0.00785768351152114 0.184478679632485 -0.277956067133362
-0.00562318939888149 0.00399234584287912 -0.118088193679339 -0.241017487028965
0.00178954874019586 0.0128133971151696 0.07168920200248 0.200900091489903
0.00368797123421927 0.00959862226716129 -0.14742414616081 0.182569149343611
-0.00391960721561705 0.0117317748951936 -0.398831754662032 -0.0186052772140805
-0.00457322572734044 -0.00223109240476966 -0.226532221470701 -0.492168825991078
-0.00707891588593844 -0.00526324708518048 0.478668441298457 -0.506813908603425
-0.00673394766436373 -0.00504464680116854 0.665497096208653 0.218317152997715
-0.00748414793829806 0.0125985885102777 0.139270588431631 0.50440462504363
-0.00719383888604421 -0.000932383384600431 0.0637698865575971 0.0607885099733264
-0.0150042231456724 -0.00576689097338176 -0.0224510614048632 -0.467942187154701
-0.00275510169049159 0.00316073060447734 -0.738453259345759 -0.296619508247591
0.0119581966614254 0.00408983191907934 -0.600637086946281 0.623688303791237
0.00865143672664143 -0.00645872779933751 0.331753627714286 0.601098836638102
0.00165375300156791 0.000334240275898178 0.494010198437735 -0.0059886045077431
-0.000856716775991714 0.00596912585633762 0.181725290652625 -0.278506375248316
-0.00260802262147297 0.00783596863093181 -0.120513135792855 -0.237995270158424
0.0138758596165515 -0.00474453951161557 0.0763217395571746 0.20610991728791
0.00533846164631402 0.00496633807478139 -0.134915683363693 0.186823504520031
-0.00401024982508492 0.00450508626951777 -0.415217754546325 0.010997855427179
-0.0119953218261158 -0.00713360946206623 -0.284580370725594 -0.450549189670616
-0.0129799201370356 -0.00855721431413006 0.440804748966794 -0.53908205051371
-0.00674157871701121 3.67608533128694E-05 0.697025433983227 0.139334109300082
-0.00815827551999833 0.029273985588335 0.179340720714662 0.473672909881435
-0.0164968075975319 0.0207183042469217 0.070741060486294 0.0475975095606431
-0.0168356508252124 0.0101881423711117 0.010182122656886 -0.491724046671488
-0.00159367489124585 0.00768127157177648 -0.71086707357647 -0.368549569271488
0.00584171665152734 0.000260726690300017 -0.643898874738469 0.589126761188747
-0.000149559447120818 -0.011588454213546 0.280633659297939 0.651952803283788
-0.00169731287254821 -0.00839951757237652 0.484465467895858 0.0233348612973367
0.000850883241328294 -0.00198693716500777 0.194790572161002 -0.278161489769509
0.00367031257166946 -0.0155152259962032 -0.116262199486727 -0.235938371535105
0.0110239663810312 -0.00546870651186557 0.0791606403122491 0.202197872817718
0.00256143904402536 0.00720213611763318 -0.134266367494643 0.186183381383232
-0.00426039418980654 0.00688610444560013 -0.414708397524797 0.0141115665142512
-0.011751574808473 -0.00933731129380154 -0.289939044171923 -0.449759333226407
-0.0158739512481694 -0.00976365121865716 0.428907072077236 -0.545947052769548
-0.00977525830986271 0.00216771585960815 0.696119556174052 0.133388593037155
-0.00946692656525759 0.0324805166868989 0.183752949427996 0.477129528414403
-0.0167827231474972 0.0237878211918931 0.069543833477591 0.0532311293235948
-0.019447445753089 0.0122460712704789 0.0128608246610386 -0.485407983527923
-0.00443394220037939 0.00932421472733284 -0.707759103033951 -0.378640558412844
0.00425189869222431 -0.00250296435875278 -0.654903658343021 0.580717962363868
0.00262475242110239 -0.016176162428467 0.273007512226146 0.655626922094194
0.0010773518556782 -0.00679596350861033 0.485275529458199 0.0273342930153819
-0.00318268014496588 0.00186682677380927 0.19612379491893 -0.279617336533214
0.00108257702406065 -0.0153878642095172 -0.114225622253024 -0.240050299623459
0.00725874025161008 -0.00400296714854584 0.0808153163767452 0.200893619623309
5.77686161811002E-05 0.0103573405821436 -0.134145651376923 0.187146340601138
-0.00346351381101707 0.0105387106556779 -0.413585888946948 0.0137886327155884
-0.0101897500986956 -0.0116445893378175 -0.291952500331983 -0.45060138318115
-0.0165806167086204 -0.00964933628954531 0.423352997071997 -0.549129532897363
-0.0130181880849495 0.00304893542313808 0.693085062615217 0.134194845737417
-0.0116057717357314 0.0313019958367962 0.18242475744603 0.480146529264816
-0.015756192001741 0.0207746972243125 0.0674924723185825 0.0586688871314361
-0.0210123853789267 0.0101381119160133 0.0119153009346951 -0.481632480710474
-0.00824754780148885 0.008761736539768 -0.708933926218816 -0.380020885004451
0.00334399586606872 -0.00348985070151686 -0.660788012344457 0.577477834450539
0.00361413276259245 -0.017463065777539 0.272668015034401 0.654220272613585
0.00118546668458033 -0.00367976470460211 0.48655461473374 0.0272638651027678
-0.00684326845560116 0.00420355221746677 0.196127360205531 -0.280135964129836
-0.00230978712891803 -0.0122946205771024 -0.115053848855883 -0.243992508688947
0.00398890793359286 -0.00182032038716522 0.0812204540794901 0.198211852181865
-0.000416188877906347 0.0128406994093461 -0.136041420232386 0.185816323062209
-0.00240947440033855 0.0112222929384408 -0.411117603435098 0.00852900796054621
-0.00819370045917657 -0.012171253530228 -0.283308378164683 -0.459534467066507
-0.0174699144425698 -0.00983979496313447 0.428095886934365 -0.545970220794818
-0.0158477797446472 0.00218650314562904 0.688875998298091 0.147035956600847
-0.0128110721012757 0.0266369509392837 0.176149495817557 0.486627145214647
-0.0146720184005953 0.0162809672613686 0.0656912085829623 0.0620453000050819
-0.0220994449019624 0.00765495083356155 0.00676404622143483 -0.478778329041571
-0.0113460152744274 0.0090747987222484 -0.715814342537392 -0.367694397366188
0.00265024796233282 -0.00365931991767747 -0.655057178461489 0.581258445355895
0.0065256902946694 -0.0191517797332027 0.280233201741533 0.644887168921481
0.00188446684833001 -0.00129693495245333 0.489379220910573 0.0194604890914789
-0.00801927892061472 0.0072254202819165 0.194828867202165 -0.280155647081744
-0.00417988970323424 -0.00950734658145413 -0.115917065768589 -0.247316877691476
0.00267997753350057 0.00102447559036215 0.0805196421509073 0.197932650893101
-0.00137229012422352 0.0133538908619289 -0.138585673416288 0.185661898531544
-0.00246820582267486 0.0128964853236702 -0.407301345901348 0.00171232577193786
-0.0054478575745977 -0.0119756016890897 -0.271896931138694 -0.469536024228346
-0.0156585767344287 -0.0100841091519964 0.436875672287934 -0.538328081622524
-0.016142674732015 0.00107085391297544 0.683499978266508 0.162347152248933
-0.0126947785596296 0.0237719560416618 0.166311513195457 0.493920880990088
-0.0119478077841512 0.0111859070312915 0.064532253562293 0.0627673079094545
-0.0221975466337517 0.00458420651002456 -0.00236066979186197 -0.475304435958926
-0.0124557055187888 0.0082511073676968 -0.724526741787158 -0.347248240309464
0.00298144217415374 -0.00236420148468289 -0.642430926376645 0.594491579525438
0.00672628565325506 -0.0179025706118747 0.296718031336627 0.633719320076143
0.00187147428002826 0.00117429412444823 0.492343298948973 0.0106017852182669
-0.00773171903579609 0.00856541091091382 0.191050965097537 -0.281695746707472
-0.0059215938881926 -0.00547061881440902 -0.117038556451152 -0.247321207583775
0.00038147454521848 0.0063201041184786 0.0786503525223548 0.198215506784884
-0.000495611196369909 0.0131073452205478 -0.140347285770349 0.185263254105902
-0.00299859835294525 0.0137814986464642 -0.403823614440411 -0.00496258569549395
-0.00390188005009105 -0.00898564013093171 -0.258436196646412 -0.478708996882822
-0.0129730599292827 -0.00873939567432909 0.449718543809806 -0.531191098798014
-0.0141490950415836 -0.00126631555581346 0.678453127028619 0.182631473775078
-0.011035952897126 0.0192854322138434 0.158056758505653 0.49868225297316
-0.0105902785812209 0.0070847360563194 0.0632659155809791 0.0636685640212785
-0.0205931956564192 0.00127718378982277 -0.010364683259142 -0.47218496189724
-0.0101885392933841 0.00756148297008355 -0.733434762850882 -0.32988024484276
0.00610609431166923 -0.000441510045885813 -0.629330333707024 0.607211420744967
0.00831856934115115 -0.0143504443836426 0.311998988667606 0.621706443847159
0.00146307868094483 0.00256415644914411 0.494966570735438 0.00336276973459695
-0.00683638120556225 0.00993481284504445 0.186332331782932 -0.281838711483499
-0.00689937620060609 0.000491234813021038 -0.118275662254847 -0.245812185354109
0.00110566726177686 0.0100542240025432 0.0767210279659368 0.199202795221746
0.00163724367447106 0.011661045978755 -0.144754837860122 0.184321767783713
-0.0034340353264563 0.0135203734755259 -0.40303146320498 -0.0102156026236803
-0.00365203883546945 -0.00572367345928065 -0.242180392538995 -0.48883398655935
-0.0102721206969252 -0.00789412035345394 0.464067765721234 -0.520502614735041
-0.0108357214292871 -0.00319831486014479 0.67303043790932 0.197877465646421
-0.0094429521463776 0.0155448273517629 0.147792208189351 0.503701407599611
-0.00898238371109531 0.00317738572875737 0.0628526517438455 0.0627179168011368
-0.0185317496476683 -0.0019049689942361 -0.0182131412146647 -0.468537131990357
-0.00677119444244021 0.00594021980160279 -0.737874073885271 -0.31042423449599
0.00881747259070489 0.00208320164808088 -0.614251385777222 0.619026623167727
0.00818684530826599 -0.010516976032617 0.323565163498838 0.610141392889431
0.00202283477409497 0.00211573433699079 0.49606645538106 -0.00366667465601537
-0.00425008263426052 0.00800318724676211 0.18295514273915 -0.282958698380346
-0.00624777796335463 0.00504639462209394 -0.120997349331951 -0.24200205260586
0.00218517072395564 0.0121039702444588 0.0744316188325338 0.202302984833038
0.00493327161366154 0.00910498948169105 -0.146904877839137 0.183862865930173
-0.00393305976390595 0.0115008306468451 -0.401751708061141 -0.0160030727663018
-0.00410146362080229 -0.00243497687182737 -0.230866462253376 -0.493833061510118
-0.00719153481989286 -0.00543403355905404 0.476192219552016 -0.512496143049956
-0.00809348109285909 -0.00452967192739798 0.671579198276564 0.215951319713983
-0.00719249375960544 0.0121686117466889 0.14098700864838 0.505851360086571
-0.00774568739521886 -0.00046049284135804 0.063849672089201 0.0598880619446158
-0.0164832628240326 -0.00549243755895002 -0.026120614148158 -0.471357151517705
-0.00248310591834512 0.00303224038992362 -0.742400963247781 -0.294960612502784
0.0123176528668298 0.00387689982612974 -0.599706545837612 0.631893878928249
0.00854264157836917 -0.00605065261134056 0.338224576474262 0.602841023044407
0.000752245216617444 -0.000177315549501711 0.496601692221148 -0.0113428320668686
-0.00053964861398108 0.00519691333825716 0.180105464933383 -0.281214670632411
-0.00390441058970501 0.00744226531087813 -0.123150425440281 -0.239393627031362
0.0137422163026692 -0.00613232298713712 0.079367507242819 0.206455716462454
0.00618769536925131 0.00377755088561338 -0.134614208194373 0.188006227533132
-0.00388008534099798 0.00413182296702184 -0.417531650790133 0.0142965320888041
-0.0124354826485346 -0.00718961928586127 -0.286489024039564 -0.450666996703054
-0.0132992674819244 -0.00830799696878173 0.438142585852135 -0.544443638413161
-0.00722987856286241 -0.000212272264911886 0.700386447820992 0.136473832812635
-0.00750746369636711 0.0306528193258605 0.182214448950887 0.474275014309526
-0.0155663668464316 0.0206243091601796 0.0708139688011503 0.0463604950308878
-0.0178911050902638 0.0103927701829546 0.00880831459316075 -0.492879550558258
-0.00047951699343309 0.00717325369197089 -0.714610847792951 -0.364949609550917
0.00605350940377785 -0.000224846443380283 -0.642065422771221 0.597244297227291
-0.000554742606328017 -0.0122276545977139 0.287995868064525 0.652780206658982
-0.00138271890402802 -0.00779438804643318 0.485735972691385 0.0192856989438908
-0.000531157179699775 -0.00163662236286166 0.192452046577032 -0.28129928940148
0.0040238873158546 -0.015690421853526 -0.118158781026841 -0.235854692638838
0.0112601237550577 -0.0062885499479908 0.0821657854651762 0.20299100473242
0.00339812244675976 0.00701877716348764 -0.132746455219922 0.188653639620452
-0.00473568939991149 0.00719901340427674 -0.417195614663397 0.0180458947800544
-0.0120689012450802 -0.00945864778308575 -0.295798262970703 -0.449576164683426
-0.0152612270811277 -0.00967950266347787 0.426669277305657 -0.551770667944856
-0.0102072617203697 0.00279697472222658 0.699380279951634 0.128368591141532
-0.00943517557309656 0.0336500524088074 0.184627399375514 0.476066649340713
-0.0152064446059701 0.0238782203732321 0.0694353202101573 0.0527210468910408
-0.0192375150749933 0.0133190465814604 0.0101247061444586 -0.489139318909945
-0.0047111723322924 0.00901905128504485 -0.71227771115103 -0.374903392750761
0.00525039464357576 -0.00276850870315254 -0.655886886333866 0.587357941955278
0.00207442212586182 -0.0159161177990739 0.279606985079299 0.656756677017413
0.000686775175743297 -0.0070024202640903 0.487949623425181 0.0229005188341139
-0.00349902157724816 0.00202785184885312 0.194234131849649 -0.282399728924772
-0.000211412000386816 -0.0159911678394772 -0.118022578221376 -0.241409661197108
0.00742913393226125 -0.00401802097440017 0.0841006229688206 0.200430166655725
0.00058168848073456 0.0105535741496111 -0.132558549453885 0.188459628549358
-0.00388914250049856 0.010505115491296 -0.413687249267842 0.017011490402271
-0.0114943596474573 -0.0111918897725139 -0.295143185306023 -0.451696946911623
-0.0169066937343936 -0.00939256719334616 0.421175262337352 -0.555118166270842
-0.0140756744163696 0.00298698176238598 0.695133173745753 0.129939320116199
-0.0114029557999273 0.031871793963466 0.184397680172998 0.480968652964101
-0.0163577808753323 0.0218501446714498 0.0682487351426011 0.0581629141613218
-0.0208998264253664 0.0111847202412986 0.0102446374607646 -0.48451289660793
-0.00900626087725479 0.00929780840057233 -0.714124229250695 -0.37316985393791
0.00292458496719152 -0.0040114757372771 -0.659310253671141 0.583357018370995
0.00483166416112463 -0.0187363869262233 0.278656017640034 0.653803049967166
0.000782161838235422 -0.00352810670138714 0.489670033232447 0.0247000325863658
-0.00573050914833609 0.00476515444751097 0.194272370897724 -0.282220624263045
-0.00195228498997974 -0.0129101955673365 -0.117054783139074 -0.244912338028812
0.00452038526374383 -0.00171781975835029 0.0838642030266247 0.198962572511886
-0.0010051739408172 0.0123851486480106 -0.134945478319257 0.18729274149003
-0.00348191129536173 0.0114610034233919 -0.412581331826901 0.0116239714926308
-0.00768108330940114 -0.0121858826413676 -0.28794455229286 -0.459718808494768
-0.0174326399128737 -0.00988377021716843 0.426053076045211 -0.549937048146145
-0.0158045078918786 0.00278603985932918 0.692457378779849 0.14310096783473
-0.012257784263357 0.0273748310235784 0.176716374302724 0.487995353484527
-0.0136606430633318 0.0156667862201741 0.0652382250674903 0.0609137744403919
-0.0224690739469114 0.00696959940556932 0.00484386335803719 -0.48010182312059
-0.0116263269424312 0.00921098241365257 -0.720420254695333 -0.363558194407825
0.00317800778546193 -0.00403097181234537 -0.652917861756985 0.589548393425615
0.00643010707180455 -0.0181144583550701 0.286364494852996 0.645033458687327
0.00121235644669657 -0.000565302807485052 0.492495209742929 0.0174580331270585
-0.00693888276321745 0.00755459576069557 0.19196319817499 -0.284500643784151
-0.00573744464815788 -0.00880032411944739 -0.118356947236364 -0.247359898771386
0.00277771477190014 0.00175843295693825 0.0819895995124945 0.197893038777359
-0.00035050494253375 0.0136911110724134 -0.136475326842815 0.187231882084284
-0.0023163197907349 0.0133052284893689 -0.410398309885719 0.00448386371998584
-0.0053619973852657 -0.011560068623838 -0.276621985234839 -0.468763812757671
-0.0150388363701379 -0.010288026988241 0.434357019073799 -0.543210266048139
-0.0160674739120693 0.000485876023380088 0.686493903046413 0.158435639513483
-0.0125063252138992 0.0238767638090342 0.167863642173552 0.49416770043144
-0.0116006741814318 0.0116083953396649 0.0657027993313139 0.0618839497946896
-0.0217985181669717 0.00417008540544298 -0.00488415227159805 -0.477804434813864
-0.0120519198187941 0.00868678998551188 -0.729490954712104 -0.346019256518966
0.00428210805475731 -0.00366227005310847 -0.642175389697741 0.600830727080373
0.00706986156375911 -0.0178139637912882 0.303304159140997 0.634706004199179
0.00152698094118788 0.00103236393431451 0.495122390417988 0.00881024537917613
-0.00771124626784861 0.00871696101198766 0.187633312895386 -0.284748209120929
-0.00585901756119111 -0.00578135756032066 -0.121548404670907 -0.24722648010795
0.00026289625771478 0.00627001860762676 0.0817973369612851 0.198221783299544
-0.000515161286482266 0.0130740674273473 -0.140129044702348 0.186938975458287
-0.00233339152695115 0.0139817068726076 -0.405591941977361 -0.000627764800504469
-0.00355312548240515 -0.0101556625114669 -0.26321820907789 -0.478419494468562
-0.0130551477024284 -0.00891257400747994 0.447494325386992 -0.535855407554419
-0.0149939924054189 -0.00119683788677702 0.680633264858029 0.179558424285303
-0.0108148781333769 0.0204265204583479 0.162176903473626 0.500974333569567
-0.0108025606317262 0.00729610154876093 0.0649420263852592 0.0623265951080316
-0.020581872156644 0.00101634399489922 -0.0127723123763104 -0.473569533211179
-0.010214852285532 0.00703584778662145 -0.737868488496879 -0.326062737660776
0.00536143042870658 -0.000350274935656244 -0.626917908145679 0.614530954631791
0.00851645941185903 -0.0148269084249644 0.316781799888364 0.622536206229732
0.00186513576532825 0.00290242285844896 0.496937518948833 -5.26604779135218E-05
-0.00558853942052558 0.00928010629044476 0.184707506671653 -0.285630680280215
-0.00669859371023706 -0.000467793406748126 -0.122107735387338 -0.246118806809531
-0.000187712192173513 0.00916452605239273 0.0787094862413765 0.200483649309153
0.00107042210859595 0.0119265868281133 -0.142588983216624 0.186711239592953
-0.00394401693557675 0.0133190138844371 -0.402991067062357 -0.00738379652330904
-0.00453345621581128 -0.00693979639468802 -0.246968044791109 -0.486705579952367
-0.0105633305275742 -0.00724698646196564 0.460971936448314 -0.52516844888787
-0.0118141281667475 -0.00353128097608043 0.676913208554538 0.19602836938755
-0.00954956518783572 0.015923575992748 0.150767884084668 0.504265906373375
-0.00867753312999649 0.00265282506832605 0.063545177253733 0.0620867594412243
-0.0187574542357861 -0.00214724181768955 -0.0202679198366831 -0.472877369683676
-0.00730549001771908 0.0052564981889327 -0.743089801725529 -0.306736421650831
0.00843364426598238 0.00174564343394178 -0.60942901046238 0.624594224433774
0.00805906972274691 -0.0114807478686415 0.330376773189701 0.611559420192905
0.00112453862369794 0.00199851019100849 0.498215712174339 -0.00955428050457676
-0.00408071891170953 0.00767914873924443 0.180593379895243 -0.284086932126292
-0.00637669303983211 0.00447368799292239 -0.123221446610787 -0.242720195138095
0.00156997431458404 0.0136051814635768 0.0771121560918763 0.202475234805032
0.00375790830047377 0.00868057471656896 -0.14507383345897 0.185424440666994
-0.00407333208091432 0.0117476788062876 -0.40240794783784 -0.0122490224182408
-0.00409830726393394 -0.0020766504835665 -0.233743160206255 -0.494487672293265
-0.00714364096763136 -0.00478768419225145 0.47574254398553 -0.516224731336151
-0.00821926698060696 -0.00490179870307635 0.673223060330138 0.213045440875829
-0.00663621126381642 0.0132225660122224 0.143793697801173 0.507079677236709
-0.00787145125429812 -0.00106382319623069 0.0642344484265464 0.0594909162511706
-0.0158830708526326 -0.00543501749990976 -0.0280078966390058 -0.471347343757633
-0.00225648711850781 0.00285443813333825 -0.747069701286033 -0.293246180213438
0.0121459371867896 0.00336629541810519 -0.598048047052975 0.637514822415616
0.00927600996880455 -0.00717484404848236 0.344194527033765 0.603125635204961
0.00099305969810818 0.00165305408565681 0.499202457151055 -0.0143668680363663
-0.000240900641170012 0.0057453205854504 0.178493251303688 -0.28379642978442
-0.00467179816709545 0.00711205429840585 -0.126389694028991 -0.23841663699211
0.013764251136372 -0.00672912600278594 0.0805495392284977 0.20627545387036
0.00623040727188096 0.00413349273300384 -0.134455389358556 0.188097884098499
-0.00520236274511083 0.00451190974176586 -0.419583571720823 0.017760375336047
-0.012764067717636 -0.00698594817664058 -0.29218289015678 -0.45059209334887
-0.0137871184215011 -0.00751075855415128 0.435618197244622 -0.548303068064659
-0.0075770450215466 0.000583314171007279 0.702749898774094 0.133209323190034
-0.00826388320949865 0.0297357983798589 0.184932910923824 0.474011225034949
-0.0156774158945668 0.021182707689135 0.0717539006795797 0.0461248284159045
-0.0182777565432112 0.0109117603553218 0.00513599164767752 -0.496194025502698
-0.000516099503242906 0.00730183017426896 -0.718699242579829 -0.362566227424017
0.00595990564985248 -0.000727699182090029 -0.641036794654831 0.60513406133338
-0.000667501515578308 -0.0121847203114672 0.294400189549449 0.653960487707568
-0.00119528863269031 -0.00892773970245916 0.488345346592084 0.0172710895883798
-0.00070596891624751 -0.0011421414136434 0.189474728633468 -0.283133992606269
0.00384644915809851 -0.0160913236240863 -0.120961783755502 -0.236601091786801
0.0103386126223655 -0.00624242941121058 0.0847635205495828 0.203533357771943
0.00330201497094542 0.00723718933367237 -0.133812760678617 0.189096404184837
-0.00396475541079001 0.00768570264880884 -0.41789725775122 0.0211903163344975
-0.0115314536988054 -0.00984576006171064 -0.298396213248199 -0.448818559712282
-0.0161267446112916 -0.00887013347348885 0.422875703933917 -0.556034652149418
-0.00981036838151741 0.0030617150220453 0.702346662925809 0.125806739148534
-0.00983090161648821 0.0342961045072391 0.188409656126614 0.476848222480307
-0.0165942876340236 0.0243162850499168 0.0702949586146267 0.0521755898382734
-0.0193697241624723 0.0131001594300268 0.00946536670979897 -0.491456989588771
-0.00436852335489653 0.00846590986595527 -0.716536490870179 -0.369853064333172
0.00566924497258725 -0.00321346772206553 -0.650303756941976 0.593553082256332
0.00191211321125019 -0.0166390960829755 0.287749164474164 0.655486193623941
0.000637807928219883 -0.0070580231890617 0.488496485658179 0.0196099552901789
-0.00212754010157532 0.0020481730529262 0.191870431846794 -0.283790049559833
0.00074064789441023 -0.0154368781196049 -0.119803014853738 -0.241962707955473
0.0073084929553892 -0.00434962428423614 0.0866311893406596 0.200300207462314
0.000419564327527339 0.0109749076092881 -0.132614164243008 0.188887197662671
-0.00363568828754054 0.0103193897524574 -0.415252077126481 0.0206671549520069
-0.0107938653053905 -0.0119988560392486 -0.300835657077277 -0.44891628644368
-0.0168843912457089 -0.00939628350157927 0.419069043444379 -0.558136122506394
-0.0147113491647536 0.00302381534315159 0.699686555861063 0.126599985557373
-0.0111413001394515 0.0324761327770232 0.186983030051294 0.482126574894669
-0.0154058814657717 0.0213188283293814 0.0690736417788309 0.0570368970199065
-0.0214017061486679 0.0114129044829967 0.00960603019820487 -0.487579010245305
-0.00949836404263748 0.00937466998580155 -0.717096405111977 -0.371778156846449
0.00316551812908759 -0.0033897876791851 -0.657265057513925 0.590782679796348
0.00516918790459342 -0.0183671578752552 0.285478773489014 0.653389010313403
0.00112017634726041 -0.0039172260490403 0.490664506920787 0.019856921184705
-0.00544128113404328 0.00502131165387502 0.193316761065799 -0.284318863902223
-0.0030226317413967 -0.0140518361483379 -0.120379954675467 -0.245785777787379
0.0045958237542775 -0.000757921368645446 0.0861218379586798 0.198357600098461
-0.000589597502193953 0.0128939093024851 -0.133100424178692 0.188096626929744
-0.00331329736634854 0.0127262591547687 -0.413301791072931 0.0150452694418553
-0.00793655407506868 -0.0121015350931735 -0.292566672600704 -0.45814168298646
-0.0176618903831306 -0.0094266708065544 0.422876738190366 -0.554279850437387
-0.0165219513687923 0.00259407515193072 0.694684765394269 0.138879456934394
-0.0119069503717293 0.0287407616181065 0.180681717023304 0.487862764143802
-0.0136485991314369 0.0163372959453042 0.0666870095175593 0.0610520172795651
-0.0232869384571802 0.00771742340480354 0.00276447956995737 -0.482629969417839
-0.0113229267244139 0.00995837037457253 -0.723631792402656 -0.360284348862525
0.00278558521395823 -0.00339897709519171 -0.65191657555142 0.596293765782319
0.00624315760394658 -0.0187299331903162 0.292910301481814 0.643402964214003
0.00144322708097779 -0.000692489653396203 0.493337260025023 0.0132243261504142
-0.00763762843182422 0.00768716100414456 0.190843675178117 -0.286005994553271
-0.00478572838607941 -0.00907206743255078 -0.121046389953217 -0.247189865799969
0.00207815856337519 0.00231283901140768 0.0851117518393828 0.197717112304293
-0.00143238370119754 0.0137094910495792 -0.136104181939927 0.188091196754343
-0.00313342929219583 0.0140732433408137 -0.411027222662712 0.0078945449546641
-0.00545466514922689 -0.0117953911242645 -0.280423017469271 -0.468899433602393
-0.0162465536919158 -0.0102725945994737 0.433876107567263 -0.547229042837068
-0.0162720579194479 0.000477377509723931 0.688950221750791 0.156281040478702
-0.0115948382507286 0.0247774494576934 0.172623562151081 0.495853661364444
-0.012066043021335 0.0124405659905223 0.0660647272274753 0.0619053509653199
-0.0214157946616577 0.00497433709117883 -0.0072485550520401 -0.478723306967908
-0.0107696809955471 0.00923669684411044 -0.733153185119123 -0.341079410570521
0.00351369299681857 -0.00295572624211786 -0.639726200703436 0.606753537223227
0.00795364438982695 -0.0171176619190308 0.30919625239101 0.631908475427451
0.0015152895603754 0.00104734913369886 0.497101303803045 0.00406276236107818
-0.00799567752933586 0.00883252361223427 0.18649768809337 -0.287168781429796
-0.0062083104430133 -0.00528729981226422 -0.121396498432781 -0.246847641749886
0.000654489189859261 0.006668084825462 0.0834320930574904 0.198790096250718
0.00108703684362542 0.0129353924847103 -0.138856465554777 0.187748145204861
-0.00296469157649366 0.0137602393355042 -0.407897327371349 0.00298935852708114
-0.00431000655098909 -0.00935929586015318 -0.265861948133081 -0.477674499799397
-0.0134724160938285 -0.00854199509724856 0.445288751673365 -0.540322374872828
-0.0147039568963774 -0.000668158139820066 0.683093425199623 0.175514110492215
-0.0115043226869645 0.0214876550406605 0.162898959177702 0.501444154062284
-0.00943491485042882 0.00740044368355372 0.0649058236150469 0.0627341323533623
-0.0202062108651232 0.00126114723179567 -0.0166154237155267 -0.476537307056064
-0.010337245946543 0.00788010776306738 -0.742721854811923 -0.324849428199445
0.00553102207224309 -0.000777390849732546 -0.625948475470762 0.62120961094469
0.0079249749133053 -0.0138756841180171 0.324106564872227 0.621865030364317
0.00161501590758402 0.00296761605072256 0.497997080705693 -0.00259576892551276
-0.00644373917322368 0.00898900692891686 0.182334202812741 -0.288252525201549
-0.00703860690285206 0.000146723307927605 -0.123861099100382 -0.245834919323847
0.000658777045312166 0.00945339653355939 0.0814639185327181 0.199808703920046
0.00208715261379675 0.0113461376100071 -0.141371440095726 0.186949811380774
-0.00354635789838856 0.0128925170563697 -0.405617954515797 -0.00304513410625445
-0.00358287691826171 -0.00655417941775305 -0.251838937929045 -0.48828704269435
-0.011087312126117 -0.00770545977443923 0.460792913366224 -0.52967806834046
-0.0119998168203054 -0.00352879036829196 0.679002214800281 0.192615371890325
-0.00926784574656198 0.0182967157549996 0.153577161077948 0.506327972235965
-0.00931421813242346 0.00320042248190991 0.0642154990293444 0.0610092461216783
-0.0186746002362128 -0.00233855185880329 -0.0227799112791481 -0.474485076097705
-0.00712320811557592 0.00593806809983909 -0.746173035054545 -0.303957181796404
0.00814398673817595 0.0012140328377757 -0.609997021755182 0.631767567951844
0.0083679908525238 -0.010319981873881 0.335898259274395 0.61156632593013
0.00173824709422875 0.0025137624069042 0.49848983823029 -0.0126813891258383
-0.00448328174352723 0.00733332610194177 0.178542180913098 -0.287715148007695
-0.00640298171540479 0.00315222991032723 -0.126155482987229 -0.242925962118046
0.00247862628713181 0.0138355430822037 0.080614906330193 0.20162998543014
0.00427209373078159 0.00913249627904192 -0.14507544150362 0.186547768643784
-0.00398249386645332 0.0121537033200391 -0.404289595577007 -0.00915565631405332
-0.00444259230612864 -0.00270582565643378 -0.237533178853402 -0.494141044788078
-0.00701022354168908 -0.00509664962354505 0.47297275781373 -0.520637207337148
-0.00952491892050095 -0.00529537264360664 0.675378859122819 0.208725152298716
-0.00706116228541036 0.0134897466408266 0.147025694034802 0.508360024499245
-0.00673541339739113 -0.000883858676616293 0.0657829683682303 0.0597530889133309
-0.0159786337047823 -0.00536068655920666 -0.0305012463549414 -0.474716189559255
-0.00287467818688462 0.00346004974542604 -0.751598404679889 -0.287318132297078
0.0126120519440451 0.00315514121811375 -0.595006569751417 0.645222520145802
0.00880043672158957 -0.00662074491919009 0.34874944426389 0.60336160014652
0.000904750482193828 0.0013075587965937 0.50112254545393 -0.0193217413853751
-0.000576582661415389 0.00553699340769398 0.176608644834121 -0.284919752396135
-0.00395098979994001 0.00671080319250983 -0.128469275776216 -0.238138615423747
0.0138739960859633 -0.00539256583759386 0.0838172258147583 0.206115771283284
0.00594351866775119 0.00461275080645627 -0.132036670505047 0.190467996621332
-0.00433486729703883 0.00491057501123611 -0.420498976092896 0.0217063250591769
-0.0134328062293585 -0.00734702712689235 -0.29513777069236 -0.448345104859708
-0.014249750544668 -0.00742458154461471 0.432744980975651 -0.552695221521194
-0.00789562263468548 0.00061500422856157 0.705497389816211 0.128451738691031
-0.00653410790343454 0.031059904248908 0.188388565372589 0.474347660282988
-0.015282304272515 0.0211313959113084 0.0730151208815277 0.0458518090484497
-0.0186979116456534 0.0111918704567713 0.00259718303836713 -0.496584314991318
-0.00198370309180746 0.0077617974026217 -0.722566044993365 -0.35843338481521
0.00628146136562092 -0.000471825434840507 -0.635363865371359 0.611505517123117
-0.000730291928175025 -0.0115955794892256 0.300397486574128 0.650660351981085
-0.00152064276700472 -0.00912429592328034 0.489620586003391 0.0116001542450377
0.000368532808008156 -0.00143260711088902 0.18893968366206 -0.285845623514711
0.00339273319431111 -0.0164638838905256 -0.124347827930321 -0.23649529516533
0.0114278804487547 -0.00511964259257861 0.0874341027167791 0.202959322575563
0.00337711559603816 0.00700173915009924 -0.131993609008278 0.190493755803177
-0.0038406742602718 0.00779754276519747 -0.418121345715296 0.0250020033436264
-0.0124633104204998 -0.00950498114110764 -0.301685736217492 -0.445542385840003
-0.0167103108161033 -0.00866755856636219 0.420932845775304 -0.558695095283623
-0.0100933628222953 0.00222763045284857 0.70313114630578 0.12129463793945
-0.00816470341719826 0.0337869673702379 0.190619870952306 0.476714136487296
-0.0153448643973334 0.0244275597192069 0.0707201036607071 0.0510238439708934
-0.0206635274299552 0.0128017313653277 0.00592816682729793 -0.492211853638756
-0.00476904968243168 0.00909172746845635 -0.720313145413124 -0.366823188189043
0.00438829800197262 -0.00288681078273124 -0.649789947249079 0.60090297613769
0.00192743999375702 -0.0162184270228433 0.290997435093022 0.655461881873902
0.000415312488539461 -0.00603318951362027 0.487886222817651 0.0143634037985954
-0.00271604783673178 0.00132053980885464 0.190378967758848 -0.287139432041418
-0.000689646267080126 -0.0166375307936139 -0.123119318739299 -0.240897613674846
0.00741447700241768 -0.00476950717380071 0.0894435992674174 0.199773147425412
0.000940167827843066 0.01124520153898 -0.130803810554031 0.189953959935814
-0.0030311092067166 0.00993063952917341 -0.416533114226921 0.023357549895401
-0.0100596105920815 -0.0113371845619368 -0.303460072198775 -0.448573120785912
-0.0183557143781247 -0.0091324943863052 0.414461967200874 -0.563056535976549
-0.0143318881616815 0.00362122987324333 0.699357362881511 0.120697275136561
-0.0107843409508349 0.0326348080599505 0.188588038881829 0.480869641574388
-0.0150748674505837 0.0202900384514645 0.0687101012951809 0.0564720149588934
-0.0207438742506481 0.0110769470767121 0.00623163422992108 -0.488135384489315
-0.00899131972523215 0.00988687491834641 -0.720261076201771 -0.370125001563367
0.00397105141173621 -0.00446440753987901 -0.655089927448278 0.594592101498127
0.00442830210884018 -0.0186736012164774 0.290419347625676 0.654675511952467
0.000845720119971258 -0.00346289406959303 0.490165584408047 0.0147045516025647
-0.00514018359690037 0.00480772466819206 0.189960961608925 -0.28723556640765
-0.00360588702178593 -0.0141346571707135 -0.121477417215843 -0.246049498359802
0.0050257000323456 -0.00152717058924796 0.0885911806799784 0.198339053289373
-0.000182615314730624 0.0123366980192435 -0.132914518211067 0.18896652343136
-0.0028240302793343 0.012277731773777 -0.414049931769953 0.0178402111171074
-0.00835421566156278 -0.0117357422979999 -0.294997856775323 -0.457385261523416
-0.0169207963183527 -0.00872643824628667 0.418004510562483 -0.558847701002642
-0.0172296996060405 0.00342631134004249 0.696205329122264 0.134705403439819
-0.0125119376459022 0.0286212048761715 0.18528958573869 0.488790906953219
-0.0128674438830998 0.0158883494237776 0.0672531037605549 0.060430805236316
-0.0219750304941298 0.00768182614506596 0.000186634849804457 -0.483928551773935
-0.0118757161289068 0.0093305829664133 -0.726340596022966 -0.355746558372533
0.00294017670665375 -0.00444339189882195 -0.648001891814762 0.600611345205505
0.00575318009327926 -0.0183499016407182 0.296917046141037 0.642548042980564
0.000779023574825104 -0.000887454501992203 0.494566965928338 0.0107458997475622
-0.00685612499107637 0.00725942933670653 0.188340730276144 -0.288039122699925
-0.00595605123784214 -0.010808203870746 -0.123688372327787 -0.246838327460627
0.0031132391154175 0.00226963230780569 0.0881331624833428 0.198985972495208
-0.00100502866408973 0.0140613257970353 -0.13505178124573 0.188644945779576
-0.00239907380857251 0.0137296507117185 -0.41157643339247 0.0125425738647271
-0.00591954278673709 -0.0130050812520184 -0.284109172545262 -0.467497146066087
-0.0157904459845418 -0.0100390160857068 0.429051277603145 -0.552859665800466
-0.0173284754332817 0.00193867091734292 0.689948008386605 0.149847634825813
-0.0115923839055944 0.0257808900319894 0.173729515013492 0.493511665465507
-0.011389800139575 0.0116045129619717 0.0659989179768023 0.0609757071690221
-0.0217721814649222 0.00442062817454186 -0.0085115238140271 -0.479191195951841
-0.0123672750837749 0.00940719984844158 -0.735741807773065 -0.338022776224004
0.00375113565240551 -0.00243606404373313 -0.635489668708734 0.613432035352144
0.00782288577020583 -0.0173229504427599 0.314307868696645 0.633965285103711
0.00157945139881082 0.00166057177211204 0.498082215765266 0.00086140447122397
-0.00768820797571808 0.0094501562366333 0.184104072316042 -0.289754181920486
-0.00704785727043561 -0.00565860510798559 -0.12566165217132 -0.247873450422956
0.0017849728241162 0.00682171753880855 0.0871313512494207 0.198173815522241
0.000667709430533039 0.0137020854061109 -0.1383478408671 0.188688742844039
-0.00268869699558385 0.0138260020061933 -0.407980114022317 0.00509462342849245
-0.004647532283571 -0.00972240167071749 -0.270567218792131 -0.477438829692287
-0.0133216489443524 -0.00853126307504084 0.442749331204494 -0.544442911120752
-0.0154190844840717 -0.00050133361427664 0.685559320896925 0.170662822377896
-0.0096486890412546 0.0203299577418437 0.166596469519541 0.500804284906601
-0.0103536987962521 0.00768986586422906 0.065269457079823 0.0621566337920643
-0.0218225138970409 0.00161736949264402 -0.0176553577107984 -0.476835914584987
-0.0105181077451386 0.00767337182914769 -0.746853173690775 -0.318329086916578
0.00635499490060122 -0.000703237199061011 -0.622234700714576 0.627260812652355
0.0070166243121546 -0.0140682821686323 0.330522447570606 0.621172502887916
0.00276209656076401 0.00210500632713143 0.499300565713334 -0.00717762592377141
-0.00569046537330743 0.00910848374196262 0.179740662210664 -0.28928073360964
-0.00701113527607062 -0.0009843568072683 -0.127904279899639 -0.24578978287307
0.000789299606205886 0.00976713177761279 0.0848297261150285 0.200275385810212
0.0017589928869824 0.0119701935032485 -0.141849567800862 0.18695496000549
-0.00337965214373935 0.013720212557445 -0.40552885979981 -0.000992839155677837
-0.00366036967149443 -0.00601766379242251 -0.255557699579383 -0.485701962108783
-0.0103848535214484 -0.00599720578075854 0.456639137503997 -0.534057032978534
-0.0133645359195202 -0.00293097011377859 0.679716683847213 0.187355241920775
-0.00860592569946535 0.0174739579180132 0.157922574394442 0.506416164512732
-0.00821294323793898 0.00330662999644087 0.0643218545217953 0.0606069116986043
-0.0189614688120134 -0.00140638949896198 -0.0246030730038088 -0.475731760328853
-0.00764053735944549 0.00687185146300755 -0.749797144200268 -0.301098575783506
0.00863086172143808 0.00149416420232997 -0.606022293401373 0.638354057003915
0.00747490880756466 -0.0101271931743816 0.340689525588799 0.609645075433944
0.00217329185522903 0.00253811975150444 0.501220492100478 -0.0167041179474444
-0.00412704937169999 0.00751054388558895 0.176802541003873 -0.288764397063978
-0.00721909914854446 0.0029477155064491 -0.129399669611502 -0.242613210363871
0.00249109647575924 0.0137014368109021 0.080499034697796 0.202174942961282
0.0045096419908541 0.010128782784499 -0.144499814317621 0.187480201635072
-0.00449936935467022 0.0120819173366335 -0.403847751239027 -0.00414726273338089
-0.00458829514691872 -0.00293929368766395 -0.241849686511079 -0.4927159913198
-0.00712646491171747 -0.00467677641150754 0.470267363785332 -0.524635614013479
-0.0087865793834664 -0.00510957719172214 0.679163657841898 0.20511643147642
-0.00664745268553168 0.0146278808420932 0.150995109343656 0.507560928794461
-0.00726320041499173 -0.00101497778144463 0.0656143290406727 0.0593869388197092
-0.0163700145583969 -0.00460859684394394 -0.0320844695136874 -0.475259582911854
-0.00279213673808836 0.00383891110341861 -0.755070315214256 -0.283310011832488
0.0122739096535145 0.00234492839356758 -0.589668861306171 0.649047369121204
0.00873591068830803 -0.00564735678833053 0.354907228468969 0.599681254632835
0.000596055149744795 0.00123997685633622 0.500189324833815 -0.0230594359816439
-0.00074876024755789 0.00451510397229324 0.173796765077351 -0.289399054739733
-0.00333676944032187 0.00694055439746466 -0.132125753575874 -0.238909243036683
0.0139373025803952 -0.00571432911705451 0.0862467491420852 0.205015713455445
0.00644729602932264 0.00439507184403294 -0.132719720891343 0.192059901431382
-0.00508477060133141 0.004989016090727 -0.419344320549158 0.0247185021412399
-0.0129312328197856 -0.00761339246509771 -0.298811861552795 -0.446515388153765
-0.014348262568225 -0.0073419358798983 0.430019739739136 -0.557312903621491
-0.00812825596252425 0.00136708865974707 0.70446338410206 0.123179749520648
-0.00741401124802893 0.0317377798738527 0.189034220352843 0.472823187200151
-0.0147211470226765 0.0205139458525406 0.0732278349746797 0.0451050052817772
-0.0192460650929453 0.0115268114201254 0.00116722284461154 -0.498497179186609
-0.000941431000104549 0.00737973448236339 -0.723788958306469 -0.355107078308297
0.00653939519572876 -0.00078522748002973 -0.633190794963503 0.614509970374035
-0.00062440266241017 -0.0110397970521719 0.306738188324501 0.65087718998782
-0.00140484150568603 -0.00816551529904959 0.489915694800546 0.00914482352613868
0.000961283854065829 -0.00150448051700148 0.186230544347515 -0.289139310963341
0.00336250117199203 -0.0171215912549878 -0.126957471470589 -0.235944823499995
0.0114487025502852 -0.00551657505711388 0.0886980467005887 0.201416531029128
0.00330973129906304 0.00739368724849963 -0.130347191857381 0.191245497535793
-0.00345175015241142 0.00787041358201916 -0.42030652284901 0.028643255247583
-0.012706150052679 -0.0103745078917031 -0.30345256953182 -0.444652180470822
-0.016427293160965 -0.00879568152131794 0.418316770175099 -0.5607487330452
-0.0107362123231113 0.00278665186279491 0.703990702165412 0.115763171260258
-0.00869971594398255 0.0356214222068366 0.192361171278454 0.477175549350215
-0.0147937425186819 0.0243122128450918 0.0712644320187716 0.0504713268040841
-0.0194360804077942 0.0145036397346322 0.00310297329375566 -0.49478612366995
-0.00423421089192622 0.00950902262327682 -0.723371536096503 -0.364824257174277
0.00542617130437967 -0.0036709784029783 -0.646481169089801 0.607083278234024
0.00218325485430781 -0.0158036604149987 0.29722577776835 0.654695980199197
-0.00025299126159228 -0.00627084724716338 0.489899276672578 0.0116115745142351
-0.00312101627000495 0.00113121859398865 0.187503937010749 -0.288184248475583
-0.000529190493230542 -0.017483598120406 -0.125530239492389 -0.240106492159714
0.00665685671650433 -0.00451933506889762 0.0913089459352133 0.199304060744943
0.000908197836917806 0.0114917205439518 -0.130220327673541 0.190971209318251
-0.00393271653334581 0.0108267118178629 -0.415630851037301 0.0287469270136339
-0.00944183663004275 -0.0119305443725455 -0.306853857061768 -0.446559253104062
-0.0183828453766417 -0.00869690927494318 0.412597793071613 -0.565153181043794
-0.0148796066528149 0.00421668878080661 0.699328385052018 0.115610400358234
-0.0101165016654422 0.0330370413782181 0.191640798890443 0.479532529241304
-0.0147660192823287 0.0208971992400714 0.0691483361069539 0.0553774392049389
-0.0212934667502561 0.0115713398440724 0.00399219133857521 -0.489873601261679
-0.00841332035964568 0.0102094994152098 -0.723004976182364 -0.365992804757466
0.00311369433379044 -0.00373055775948505 -0.650595230088605 0.601153709327261
0.00406825859851471 -0.0187381214149088 0.296347041397915 0.652622087558881
-0.000354428540610403 -0.0035378915537449 0.493315530018655 0.0127882688991839
-0.00610501405348519 0.00414958498516813 0.187779805458737 -0.289522203756024
-0.00326905982207328 -0.014274214210936 -0.125747177752512 -0.244873225752163
0.00503904359553411 -0.00212485978968799 0.0903909007941329 0.197726210077093
-0.000361545383622711 0.0126588500207552 -0.132926573316714 0.189744160930411
-0.0035812732610196 0.0120319358722824 -0.414654112703389 0.0219666200520079
-0.00828719002007705 -0.0130699935506821 -0.297026417477086 -0.454797233417195
-0.0188200219173242 -0.00847196093244139 0.415392995105047 -0.56092546161966
-0.0181815828300934 0.00348796030905789 0.697211581511063 0.127748547783676
-0.0109356749047375 0.0297717561073187 0.185913148301165 0.487038708610099
-0.0129729276788236 0.0165954379013978 0.0677602656262721 0.0586252213081775
-0.0235707757635738 0.00901136882344437 -0.00226266121269123 -0.485515770757198
-0.0121238288999081 0.00984506384104333 -0.73198263201669 -0.351686059879934
0.00294074250083664 -0.00361140502229447 -0.64337931077554 0.608109022254154
0.00535451030912981 -0.0186657398559667 0.304030208348842 0.640784748122207
0.00235833616574684 2.32198853258835E-05 0.494858566644197 0.00677785083702067
-0.00776589010162107 0.00698919264972837 0.18532065371324 -0.291083285023322
-0.00517920234151149 -0.0103670597633627 -0.126466278401946 -0.246625500886687
0.00212464121575975 0.00161123114789863 0.090019453054475 0.197284766079791
6.08506802682041E-05 0.0144019188307162 -0.134148660992795 0.189604398697193
-0.00198693692679468 0.0136079616282838 -0.411958148304538 0.0163561180908464
-0.00579432755286963 -0.0124142548567094 -0.286870292575259 -0.465392226023433
-0.0159102479495406 -0.00861994343860224 0.427290228393212 -0.555592566425588
-0.0180132441933129 0.002076079342598 0.69194583219968 0.147079508315952
-0.0111371786814784 0.0255643608319025 0.17587131035227 0.49514966730201
-0.0116776159756297 0.0132293892705396 0.0672243040306614 0.0608826979642402
-0.0227624398835448 0.0054620358085017 -0.00995348625852618 -0.480748721506512
-0.0115458136213514 0.0100174981838131 -0.738338821545543 -0.334672897583704
0.00286798421845066 -0.00237046524132478 -0.630946525285857 0.617500071768823
0.00720312670643259 -0.0175424066392047 0.320558831975993 0.630086002316222
0.000914951677302766 0.00101244157757987 0.497869665373643 -0.00325606785918869
-0.00730325988688917 0.0086626178393796 0.182358398958511 -0.29181157598543
-0.00789941447328573 -0.00480271672023288 -0.128775367606768 -0.247373169050647
0.00122309210167918 0.00682765222594414 0.0885271447114451 0.197681306858128
0.000329630163309325 0.0137742990453567 -0.137003649922305 0.189912116320601
-0.00189409692401282 0.0142571125360862 -0.409332391629484 0.0088411106710766
-0.00336422233896553 -0.00956277804337471 -0.274418244641825 -0.474444577546284
-0.0133331470436271 -0.00845428917290503 0.438580091524642 -0.547527776096571
-0.0155161120298722 -0.000373862202097803 0.686270599970962 0.167820170582802
-0.0099162365250182 0.0211958373139287 0.168311648970958 0.499421313637
-0.00904985963507206 0.00777970332350774 0.0653566245803378 0.0612228655108872
-0.0208706690447546 0.0019065531259427 -0.019304061685562 -0.477728031327905
-0.010561747593517 0.00785735792965081 -0.747016544526151 -0.314582725545883
0.00623334270410819 -0.00175216715205804 -0.617576807706274 0.632476805562105
0.00823068139044399 -0.0147407850442403 0.333134676257807 0.618990887636639
0.00153624774427926 0.00275122035570933 0.500692658839333 -0.01135818079323
-0.00601806745429001 0.00932994680520164 0.178317302241961 -0.291262194194805
-0.00740921499378765 -0.00110881860834566 -0.129277953863112 -0.246196543555227
0.000936867075764256 0.0099480804488994 0.0871254090921177 0.199832659993655
0.00175083139686453 0.0121519909383443 -0.140003438656337 0.187995891234956
-0.00367841908035843 0.0141165857267414 -0.406506652656644 0.00323680356650507
-0.00380044104637735 -0.00747865595011669 -0.257735728112561 -0.484221125823612
-0.0102422490573363 -0.00598385238248333 0.454027227065857 -0.536252357281891
-0.0128521492862132 -0.00217077728822469 0.681609155215068 0.183800375855877
-0.00765327902907685 0.0183994491388129 0.159028203062684 0.504905280135161
-0.00730591663591628 0.0026184240408785 0.0649675524687622 0.0600361754231971
-0.0200523901257983 -0.000920458243009618 -0.0266735634352934 -0.476773577799688
-0.00820110794371924 0.00679152041069508 -0.751456798551659 -0.295104094016324
0.00923669304033732 0.00241875300640664 -0.602361086947402 0.643883345220224
0.00776336682770215 -0.0102763378183818 0.346978360020098 0.607856026597261
0.0010821165373666 0.00265426015866978 0.50052247102963 -0.0193267224457103
-0.00273139971852567 0.00796588264264523 0.174696584312582 -0.29129117529589
-0.00568892938257676 0.00438061041576689 -0.131938789518321 -0.241094131686615
0.00344234600539697 0.0137234699193199 0.0842683658262275 0.202179271356837
0.00536136613224192 0.00889318888112007 -0.142734524633086 0.188808923895697
-0.00411052706885905 0.0133192032121955 -0.404623179110087 -0.00166302334000587
-0.00458117051899318 -0.00251044489378132 -0.245542997658575 -0.491195164578793
-0.00830069389749626 -0.00399789682959753 0.467989661034047 -0.528499806177233
-0.00938920233200353 -0.0053815667807062 0.680726560077124 0.20001657546949
-0.00636032638242505 0.0137422604669019 0.151236401904477 0.508675296597116
-0.00589779604664556 -0.000908032435044523 0.0659499029506796 0.0576452755408819
-0.0164267311485915 -0.0053247670800477 -0.0342307521719704 -0.476396331047325
-0.0031249557868168 0.00409257447027977 -0.758106755210325 -0.279369940539429
0.0123054433844819 0.00304566177198118 -0.585811331806914 0.655485441695848
0.00782531081587863 -0.00596664445528353 0.36138209159664 0.598635877420282
0.00101974489543388 0.0012796787593722 0.5014738519917 -0.0275006272039254
-0.000813777523802134 0.00591139189881469 0.17146019147495 -0.289942232500148
-0.00447642603217291 0.0064207974250248 -0.134243915601982 -0.238911992745822
0.0142874190201969 -0.00537998509529571 0.0881884836519904 0.205306174404082
0.0063954076103841 0.00404540648584022 -0.130650247715905 0.192019789288089
-0.00449492338715071 0.00613421296610143 -0.419070022724467 0.0284263707024659
-0.0127873036008089 -0.00763539284573729 -0.300845373352543 -0.444932869733302
-0.0145996346882713 -0.00801106521897791 0.426518446490284 -0.558589110123741
-0.00859305670551239 0.00140123455161604 0.704567833253078 0.119847297292036
-0.00643399600155252 0.0319977025881431 0.191754684122873 0.473398798665539
-0.0140274095151833 0.0213886381318691 0.0731947071920423 0.04422211111576
-0.0180264287111423 0.0120411022604373 -0.00147143274516112 -0.498665550088546
-0.0011776822572999 0.00804431048430368 -0.727997445972503 -0.352642304724719
0.00700580997871863 -0.000298584968712029 -0.626448725677271 0.619651573272442
-0.000171600990197701 -0.0109090381480951 0.312533639573192 0.649443084786991
-0.00182690409894528 -0.0092457224443842 0.490672713377193 0.00611361543884844
0.000151880520929957 -0.0014242090973687 0.184046907508334 -0.289124032528045
0.00149319591419763 -0.0168625148350369 -0.129184391088095 -0.235614084848414
0.0106069808382901 -0.00677100058839475 0.0913268303660181 0.202353181184309
0.00314872182047168 0.00606982941384249 -0.130050190493744 0.191036959528658
-0.00378514892624505 0.00818281256582561 -0.418196859909899 0.0309207499330528
-0.0119124158064518 -0.009618585917204 -0.306108717509759 -0.441961825685091
-0.0164593791899687 -0.0084585063970471 0.414625214901747 -0.566504039430503
-0.011207978374044 0.00352435303244837 0.704567482013587 0.112001611110203
-0.00813525319248905 0.0348271190557651 0.194577823314658 0.475560482219857
-0.0150733011854229 0.0238822623034918 0.0708883242314261 0.0493833263070252
-0.0199865033345233 0.0138707087204097 0.00123901902160741 -0.495549635323966
-0.00484994020035633 0.0101144672300316 -0.724851073034757 -0.359933718356417
0.00469896243365673 -0.0038596425644475 -0.63994525137005 0.611591948617921
0.00183967033551892 -0.0155421472140573 0.303616546743241 0.652441225478672
-0.00190802312609853 -0.00621305922789053 0.491429195030219 0.00909372645637087
-0.00234726857225129 0.00107636648572868 0.185379739234247 -0.290410001885365
-0.00144551733438273 -0.0164057095088753 -0.128437772679262 -0.24004158362505
0.00731772490549203 -0.00490744386434739 0.0939549107831755 0.199111670666629
0.00132566780698386 0.0111862915267027 -0.129154991318486 0.191489971086218
-0.00305651041291481 0.0106152566752415 -0.415554513188795 0.0303725316375021
-0.0109372742612136 -0.0122636215316608 -0.308651080069329 -0.442893515569537
-0.0181301118458155 -0.00959700483526317 0.408539231270852 -0.56891151690879
-0.0148103601876365 0.00436002121392359 0.700036171433952 0.112415887900877
-0.00921105800497327 0.0335478088231843 0.195238164268142 0.47984578603977
-0.0138425814094768 0.0206570472055537 0.0688029641381322 0.0554607122669392
-0.0208139057311326 0.012887870630336 0.00106187891908409 -0.491118254383072
-0.00828099803952121 0.0110014916191103 -0.727333401940735 -0.360220965396955
0.00315232802881467 -0.00386849166904615 -0.649019904327618 0.604469281272359
0.00387147712301323 -0.0172524915195011 0.302807410690234 0.649842963043109
0.000300436107890776 -0.00331657318775437 0.491996055336041 0.00921427269602546
-0.00506502513120908 0.00525408128493394 0.186385065475315 -0.29090144460032
-0.00391732522271355 -0.0132590946030833 -0.127897142947961 -0.24407477496845
0.00499135202583286 -0.00208495177991662 0.0924332530619784 0.197152126575105
-0.000114911851179903 0.0138309151351723 -0.13137222847647 0.190458345765517
-0.00251215219832374 0.0124426347267619 -0.414657368695416 0.0248714870131028
-0.00825992277469514 -0.0125999268426909 -0.300307601862959 -0.451266470585907
-0.0177589627620772 -0.00874251605692318 0.414413800871554 -0.565074105902428
-0.0174068234229874 0.00401052947024362 0.698361205323401 0.127433812552698
-0.0115355651217813 0.0296007483089693 0.187586784142578 0.487246617375137
-0.0117479626639647 0.016750538131021 0.067657640544164 0.0581448196849564
-0.0229763392094945 0.00880952966220368 -0.0049374890072053 -0.485271345503088
-0.0114829499337296 0.00962123024346264 -0.733752728769036 -0.347907082464563
0.00364806590903262 -0.00403392761053604 -0.639427355999251 0.610476701461042
0.00588826580912499 -0.0189554574054521 0.308138812074664 0.639477636183891
0.00117608376005833 -0.000110474875707171 0.495346395769085 0.00226631252822683
-0.00703840968934961 0.00768160439687223 0.183031377061724 -0.293135346730318
-0.00632743933665581 -0.0100974945873382 -0.128605379424183 -0.245828773613074
0.00256862706646217 0.00169525231894833 0.0928726894892635 0.195669031937873
-0.000444764830428636 0.0141883618906084 -0.133342065515293 0.190365386266424
-0.00191163494865886 0.0141142961381501 -0.411570188308779 0.0195659141275738
-0.00575740192037055 -0.012036101765385 -0.287746469240112 -0.463226072943962
-0.0163177622471223 -0.00839729291837106 0.423207971509238 -0.558495959068822
-0.0180079613482312 0.00249917494551564 0.692388038654784 0.141641547371688
-0.0105340079294661 0.0254966714515995 0.178051549194382 0.493372168757551
-0.0114839343362695 0.0125493337060008 0.0670605023432371 0.059271308229953
-0.0224110752115303 0.00531393200922606 -0.0134713762874549 -0.482277571753256
-0.0134714238003023 0.00899375236372922 -0.742727856818427 -0.328434304545409
0.00398759962040005 -0.00383333467325653 -0.628024205364221 0.624753473701424
0.00643324263116548 -0.0173098450341489 0.324173795997892 0.628109078719231
0.00116561985520129 0.00170217058685355 0.49857040046097 -0.00582778141804371
-0.00713262067910262 0.00919485424576929 0.179132598458412 -0.293357139646475
-0.00774373048419441 -0.00541260799554896 -0.130604142989856 -0.2466488554603
0.00145348975068521 0.00644355981717579 0.0909362149851368 0.197212681301237
0.0006580787290503 0.0134059035653538 -0.135796120589266 0.190567095895262
-0.0025552466860744 0.0158595017603528 -0.408417313704619 0.0121304865349503
-0.00405446246182669 -0.0115919738174147 -0.277414000160092 -0.472975524770121
-0.0137801759999452 -0.00803255042200482 0.436143496639905 -0.550979555917409
-0.0173002692991872 0.000102301151820736 0.687898101431054 0.162552885728269
-0.00978846036651468 0.0218724528733623 0.169902552375684 0.49981337946364
-0.0089246184989382 0.0076604429957182 0.0660728498628776 0.0602254984981539
-0.0206425146595323 0.00269662059928854 -0.0214985077735906 -0.480821691895083
-0.0106457843897786 0.00895334343601969 -0.748464979218437 -0.310328842943556
0.00520197262757672 -0.00145591701126302 -0.614631008002205 0.63661660098395
0.00747880211921059 -0.0145844698705926 0.338564112468516 0.618526038917201
0.00163954694332023 0.00322734353045774 0.499453197619468 -0.0157346324668672
-0.00693814671311852 0.00833346200721837 0.175030107646855 -0.292922194712681
-0.00829388672536446 -0.0014130798589501 -0.132292621027291 -0.245393162652669
0.000881634400770334 0.0104055298177032 0.089160648251775 0.198947939870376
0.00198886552256609 0.0112801529267742 -0.139097203110427 0.189342539254777
-0.00326341334155701 0.0149261992025549 -0.405715468969438 0.00708905018683443
-0.0031596692691455 -0.00735609539456361 -0.261300940308038 -0.483822378806393
-0.00962016851973627 -0.00584853360640318 0.450013295997109 -0.54152787703727
-0.0132360879955766 -0.00190838993366029 0.684389781212228 0.178642300823982
-0.00875747908049199 0.0178118777449321 0.160505784665971 0.506675078438028
-0.00677569641228476 0.0035516282286288 0.0650840251618704 0.0591179872392313
-0.0182467479673846 -0.000780666877118251 -0.0295661514123116 -0.476297111456068
-0.00806343575793036 0.00571188875575765 -0.755044900448232 -0.290858415437127
0.00869410549236543 0.00115612363385553 -0.598770062840633 0.646220647397031
0.0082515528865335 -0.00968984351846177 0.35209526044355 0.605605824509048
0.00113188341407312 0.00344123462384941 0.501978093172222 -0.0233703071765891
-0.00371770682952833 0.00771134380663613 0.171960173584948 -0.293512656113616
-0.00778125277583257 0.00407522637039695 -0.134772289099842 -0.242237253930289
0.00277088496420685 0.0131236587006683 0.0866499267344968 0.202267203764618
0.00548760175076418 0.00865767358215584 -0.142332303121459 0.188265648022714
-0.00353694868341897 0.013845718310577 -0.404394186296999 0.00139261890315308
-0.00452277311942075 -0.00266611342292573 -0.247992556225774 -0.490399653780379
-0.00798596289848713 -0.00331349132859799 0.461566551154793 -0.532823609960244
-0.00998833082825444 -0.00478870106449411 0.68038267040907 0.196757025634341
-0.00488417726427892 0.0145063245362877 0.154121300627104 0.506975334009037
-0.00723389381029052 -0.000237188391463208 0.0661003578503051 0.0571897659231487
-0.0160432811353854 -0.00424937000049957 -0.035853669165873 -0.476230792508441
-0.00393660928388064 0.00337758375464872 -0.758205323488745 -0.273157482672993
0.0124042353661243 0.00229773986413476 -0.583093527639419 0.659790290740693
0.00891140594009603 -0.00560282341699541 0.365694834725519 0.597068061867368
0.000534972692655704 0.00180994022011577 0.501235906100023 -0.0296493163647639
-0.000961226106643939 0.00542011868881139 0.169597267438312 -0.291631286964855
-0.00443966643907045 0.00628160377278171 -0.136804111019146 -0.237322999869646
0.0144000571669335 -0.0061284340066853 0.0904788747525855 0.204538830732576
0.00613892508147102 0.00329208309463245 -0.128781855633587 0.192209443231692
-0.00412354857294193 0.00550914078273719 -0.417935158286816 0.0313246966623395
-0.0126530233713694 -0.00709760361123158 -0.30286632342403 -0.442777876681942
-0.014566186077715 -0.00731875953467686 0.423633405627672 -0.561218205308867
-0.00859413633103851 0.00123121112213236 0.705365934706462 0.117199291772291
-0.00568949815765202 0.0326941053793099 0.195094523255898 0.471468334889254
-0.0141597078357916 0.0211766917782004 0.0733389165440041 0.0430243817758663
-0.0180469696155067 0.0121464389431877 -0.00329061534932919 -0.499342458590271
-0.00132229723193512 0.00836143294415917 -0.72742646886769 -0.348681521419418
0.00638509968673704 -0.000764306144940003 -0.625393081142531 0.625803478699485
-0.000175600724990878 -0.0108630544616248 0.314099782943915 0.648418283392889
-0.00213583527625792 -0.00786381375504194 0.490896199704466 0.00222457632127643
0.000176786327428244 -0.00258205378136912 0.180872997619003 -0.291266484540904
0.00177265194530987 -0.0163298588172455 -0.131409665644363 -0.235136748498704
0.0112376379549388 -0.00643709873142524 0.0930983793533448 0.201812812930447
0.00409603527883138 0.00729245984364715 -0.128524404677859 0.19198880249262
-0.00412940412682463 0.00860594749890201 -0.418387078072312 0.0342947397646842
-0.0117743248360458 -0.0101644415504416 -0.309111074351568 -0.440131167152516
-0.0166492061161649 -0.00859196996906833 0.411256138900584 -0.567894080053752
-0.0125594592420188 0.00409771884981221 0.704753032136386 0.107400931883689
-0.00771943896894085 0.0352916334699928 0.195159991026682 0.473858760622444
-0.0145601714516369 0.0245422888840952 0.0716208289170708 0.0480232968673608
-0.0204991929896827 0.0145813162024957 -0.00128796882879174 -0.495291103122163
-0.00512852390164342 0.0101316972396871 -0.727840495460095 -0.355521638776116
0.00435367468660993 -0.00333369087533021 -0.636784372298681 0.616388251200512
0.00181474727580413 -0.0153918921946297 0.307609274311627 0.649560366022991
-0.00117690015825188 -0.00619087251095145 0.491450134366063 0.00612721144479989
-0.00318150181752669 0.000635035519892864 0.183800986161765 -0.290761949897952
-0.0007167085880751 -0.0167508376620834 -0.130165461717375 -0.240896624328248
0.00730772258377451 -0.00525126530056646 0.0952309559821737 0.198514150516078
0.000714478904412019 0.0101209873007894 -0.128576765162463 0.19272656601359
-0.002673566901007 0.0109283128714256 -0.4151368224541 0.0345937783797532
-0.0102060525660759 -0.0123987902002912 -0.312484204014601 -0.44289430044683
-0.0185330481000681 -0.00911251415522126 0.405172805365089 -0.571516739376306
-0.0150528996338292 0.00460102477921368 0.702411136424818 0.109584197175437
-0.00955381276903521 0.0335199592794632 0.195487777875418 0.478051362644285
-0.0139452974042889 0.0214117039457776 0.0692290179336165 0.0542439866411727
-0.0224323497644101 0.0128067834809178 0.00106519047550809 -0.49207126352984
-0.0091189781399239 0.0108598251677027 -0.728394075113985 -0.35946221915537
0.00261406735770768 -0.00412206765266701 -0.643099246193405 0.610231270225091
0.00383962237315146 -0.0181873284000202 0.304445801371971 0.64894170786997
7.97036209746586E-05 -0.00250346957100676 0.493520978304709 0.00591625558843692
-0.00522344070195794 0.0040396768058975 0.182700549818063 -0.292451460208075
-0.00523719204793871 -0.0140554017511037 -0.130372903424688 -0.244076855900456
0.00601486110757232 -0.00203149880352822 0.0944154687656428 0.196156905038771
0.000458431225798135 0.0130847426304769 -0.129771336641556 0.191251925548827
-0.00171728998651316 0.0124560557719536 -0.414227528696889 0.0279506444804564
-0.00795942771180818 -0.0125452185583183 -0.302791439831866 -0.449771615351313
-0.0187779282238434 -0.00814027944838753 0.410140325744123 -0.566316961787952
-0.0179241166799707 0.00458701135357924 0.696984596736354 0.121689706418749
-0.00976525273252879 0.0306948387049877 0.190638341302701 0.487161165805123
-0.0126380056368734 0.0166786110946536 0.0683171278292736 0.0571208708933959
-0.0233601101988067 0.00975338099653017 -0.00639238999955064 -0.48641151837134
-0.0119799450421557 0.010008944441361 -0.734507155734599 -0.344578366817676
0.00238829698782506 -0.00465602037134746 -0.637652484453551 0.615871766624461
0.00521804578875425 -0.0188342734279786 0.313546235071479 0.63778411595946
0.000421714383474938 -0.00100898473312017 0.495504222882098 -0.000803817201399783
-0.00789967188133702 0.00830455768534332 0.180035176200874 -0.29245592638017
-0.00665536883728394 -0.00979378768444113 -0.131228665334445 -0.245748624111275
0.00276839850501492 0.00149003640648276 0.0954184066301984 0.195539132240768
-0.000234615190174853 0.0139151610200215 -0.133048684185838 0.191063897046311
-0.00170876525532045 0.0142234849587769 -0.410936126432284 0.0223800158472274
-0.00639000670665894 -0.0119771116373702 -0.29275862649914 -0.462456392410802
-0.017352212024292 -0.00890843963646602 0.420259018403018 -0.560284862985601
-0.0179325088268177 0.00256184943931034 0.693844832826367 0.138821562192725
-0.0101310476824456 0.0270127914858013 0.181150790858189 0.49291452109931
-0.0108224443172182 0.0120445820974792 0.067604229880495 0.0596904825081468
-0.0217919125787139 0.00618832381495197 -0.0137799864148263 -0.481958159758338
-0.0121264293865385 0.0096527114986439 -0.743004454258556 -0.325629192517852
0.00349462771391065 -0.00352891128951282 -0.626908125051975 0.625797031837208
0.00714075310493561 -0.0169839726857635 0.329155105478789 0.62655118716793
0.00171772845230618 0.0018975337918505 0.497377195938091 -0.00942517102762125
-0.00750495108556701 0.00903142487489771 0.176956381031607 -0.294884027881494
-0.00793122595476746 -0.0062951327338018 -0.133769745267737 -0.245724044675192
0.00166936666990768 0.0067349432830234 0.0922582451559421 0.19677469299754
0.00148814357197278 0.0140321086216195 -0.134564972861869 0.190324284779923
-0.00151391732422825 0.0156530571523413 -0.40707850132331 0.0146515265541757
-0.00442488631708741 -0.0108878337987824 -0.277913253283097 -0.473382681266983
-0.0137864539190661 -0.00793058680121548 0.432096355496043 -0.553383617345277
-0.0160679253761435 0.000639477678134083 0.688676162101786 0.157917141448031
-0.0091295059892483 0.0220531722675578 0.172520246294984 0.499162507512827
-0.00915662132642242 0.00794971037883011 0.0660518005371133 0.0594950352996733
-0.0209639976381586 0.00330892580138105 -0.0236063141001133 -0.479088497608874
-0.0103606494550743 0.00891800231151776 -0.750107413549414 -0.307434689353426
0.00586704712567003 -0.00150257338311853 -0.610736244799867 0.641133182269933
0.00722041345396983 -0.0144816467309757 0.343300744950707 0.614448557228229
0.000320136977691369 0.00330344147045906 0.49993451684092 -0.0161988417399619
-0.00613691881871645 0.00874752228538422 0.173136674514237 -0.294899409111237
-0.00791329755764118 -0.000816207560481726 -0.135296256427736 -0.244083172312793
0.0008731988760082 0.0105836628229778 0.091462485778841 0.198023781426182
0.00297810338908725 0.0123707570456678 -0.138641625384628 0.190104109844496
-0.00248485835888127 0.0145690773171558 -0.406290743709426 0.0100114978073767
-0.00391775405584556 -0.00788921238781567 -0.26294363283584 -0.481551781244204
-0.0111572266805695 -0.00572747139171968 0.445905439788502 -0.541677451395203
-0.0135824211470773 -0.00181247409080637 0.68216994351183 0.174072821600631
-0.00716467357856603 0.0183651744622763 0.163157855106668 0.505353030154015
-0.0080698974028465 0.00386615281539044 0.0662600736526664 0.0598090352356068
-0.0190376520122544 -0.000930105779531433 -0.0311516804709957 -0.47625965562445
-0.00830673706045483 0.00642266182701341 -0.75457726044105 -0.286717099702714
0.0088715186480918 0.00124180322206889 -0.595937370669127 0.652123493739213
0.00823556320423731 -0.00975168709727908 0.355019631824213 0.603331949417865
0.00128221191077447 0.00417456089876851 0.502408626593836 -0.0257823209394996
-0.00241768281598619 0.00796412499668787 0.169301214297473 -0.294630907968899
-0.00659734868923305 0.00325478744259453 -0.136724607263526 -0.241767631982801
0.00309914765597466 0.0128437431425898 0.0877820192741553 0.201807375554128
0.00542519414319085 0.00993832711502375 -0.141439846404422 0.190263810187918
-0.00331877986691136 0.0130769492638943 -0.404653066685357 0.00391471783275916
-0.00463354049954698 -0.0025656450107305 -0.25040507441222 -0.490151328529873
-0.00813272326617037 -0.0041604740685019 0.458764266937602 -0.535883921548471
-0.0107390946950056 -0.00466993063559799 0.680938014924581 0.194318034262345
-0.00517074387986396 0.0146626062137144 0.155688520869118 0.506432852712865
-0.00652714812596256 -0.000842536301954394 0.0668254123541042 0.0567429519333701
-0.0175872550753538 -0.00497826560155205 -0.0364885841316806 -0.477734734516484
-0.00249657555807379 0.00414859923687544 -0.759877901270764 -0.271630241709409
0.012441188817669 0.00197588273103323 -0.579569040173642 0.664766324221742
0.00921766577363537 -0.00560550191223414 0.367119184922554 0.594502630842535
-8.98261696019517E-05 0.000946272220949861 0.502344956073716 -0.0340470865914003
0.000208158832870087 0.0054179035780858 0.16664596014114 -0.293134381779449
-0.00451172461043508 0.00628160310646892 -0.138136540120976 -0.236546698744138
0.0141764905302929 -0.00694368508834777 0.0921057846526289 0.204201113176811
0.0069133199626444 0.00398114174542046 -0.129468026938231 0.191076468517466
-0.00446428806017538 0.0054881190509842 -0.418051612216897 0.0349769844397003
-0.0130076633266812 -0.0076786637857655 -0.305813771857302 -0.442370270554336
-0.0143100761597732 -0.00712737736306681 0.41879582746925 -0.56551822365414
-0.00888523733341339 0.00220932644633105 0.707397984417174 0.112971154871128
-0.00577488224106982 0.0326381898996074 0.193524583008097 0.470356510609996
-0.0144179519976346 0.0212373582032326 0.0725502976166601 0.0425354519715719
-0.0183797491433059 0.0121287222193674 -0.00478903253657123 -0.50109398296751
-0.00165503078375777 0.00810738630246615 -0.730649005931621 -0.345833134870658
0.00614636603447947 -0.00163287149052199 -0.621892225636 0.627768086229392
-0.000417410307686966 -0.0105469889810611 0.318306169632989 0.645573030740963
-0.00257290110689288 -0.00807405462935898 0.489698913148574 0.000387101190946664
0.000215221657462097 -0.00203756763897871 0.179602136266383 -0.292317932878801
0.00140750013018668 -0.0164707445963422 -0.133418043282145 -0.233980655489153
0.0109593346798133 -0.00675307761383476 0.0953989205237925 0.199737439902734
0.00395772971406306 0.00688537903979126 -0.128598064820368 0.191927642024914
-0.00319259620808353 0.00890371472603919 -0.417016690196378 0.0375740371254557
-0.0125373665747511 -0.0106132094259644 -0.311608395086948 -0.43974437854285
-0.0175165121329401 -0.00880923989060352 0.408321938315026 -0.569558233439852
-0.0115975784793126 0.00440382129149046 0.704399604545696 0.10397932985697
-0.00651018827432166 0.0353234877801862 0.198164182062915 0.47234336624588
-0.014418222223618 0.0243838277785949 0.0716503370290922 0.0484957731485513
-0.0202828331858075 0.0149661105443844 -0.00196178483282519 -0.497321299071378
-0.00470374997215731 0.0103399791482168 -0.730633096147621 -0.353861555876014
0.00485491794560443 -0.004184161050564 -0.634842569757185 0.618313322693575
0.00192478931509895 -0.0156176044351011 0.310893411118256 0.649269557855354
-0.00066235093851963 -0.00680053441743251 0.491337083147098 0.00226956850106349
-0.00286694070822353 0.00173630209574699 0.181926022213816 -0.2930046074305
-0.00207854618878516 -0.0167512405844985 -0.131896604028853 -0.239170602890188
0.00830765653521755 -0.00556525409285696 0.0965190881038325 0.198270454101484
0.00115554408704541 0.0105693427024746 -0.127428027304118 0.193491777013769
-0.00270812555173955 0.010775954689294 -0.416216842982079 0.0377758095967729
-0.0106992332610082 -0.0129798851699666 -0.313024439339029 -0.441482649908313
-0.017833659823675 -0.00814823304278901 0.401396841489494 -0.57121599824532
-0.0155548989755962 0.0050738570593747 0.702222883323358 0.105584782160894
-0.00847629537822332 0.033943772155274 0.19658058115472 0.477938323310872
-0.0135246949376155 0.0211936995644433 0.0695829825090148 0.0546115234756509
-0.0205766131825597 0.0133313360051258 -0.000549775298783438 -0.493696304841092
-0.00947817655695504 0.0110361272871169 -0.728141075536584 -0.354680096122545
0.00233815043825132 -0.0041190148325587 -0.642716486176628 0.612496576801228
0.00492901073009442 -0.0176020974431481 0.307983850972991 0.647353418836065
0.000253981467064589 -0.0024405284996833 0.494706984268897 0.00254042840905511
-0.00564568243749145 0.00533031089925199 0.181809714717021 -0.294560070251007
-0.00593340776369576 -0.0141633168529993 -0.132719163249216 -0.243640727440555
0.00485504277401447 -0.00169910897015728 0.0974332644860481 0.196032561205337
0.00013999428510432 0.0133624803698967 -0.128807511753978 0.191546875280044
-0.00218114789389398 0.0130169321624342 -0.413540455829104 0.0315315592849644
-0.00850593902502853 -0.013899133744531 -0.305983967521185 -0.450592717896707
-0.0189973802614615 -0.00774521443632339 0.405714500091676 -0.56924609028011
-0.0178213998392652 0.00524865937891652 0.698184145442456 0.118497079167302
-0.00984682337214505 0.0299318570610437 0.19137355996798 0.485428257995283
-0.0118607238931157 0.0168096203549735 0.0678386147601954 0.0571239857450329
-0.0233052663520383 0.00905799853050539 -0.00637528368754642 -0.486706384993429
-0.0116898542521937 0.0101956459155471 -0.734910518212398 -0.343316941961356
0.00219254664955341 -0.00480554646425012 -0.632478324531585 0.619462534297279
0.00517874399493555 -0.0179905737870002 0.31687028822476 0.636685396710221
0.00023856090549015 -0.000314876536525198 0.495392485102176 -0.00352776607277757
-0.0065584702423162 0.00729278136952039 0.178566492994443 -0.295095669972991
-0.00678742276391583 -0.0102003706155654 -0.133479304104959 -0.245527084166433
0.00406112327870553 0.00190625782966792 0.0959529884760287 0.195519206704503
0.000238128373291242 0.0148558535481896 -0.13143710455097 0.191016337215123
-0.000946293708367712 0.0147108891709227 -0.410952094713175 0.0246522352699058
-0.00679841206017717 -0.0127778281918575 -0.293870960443769 -0.459748411603199
-0.0168311922155961 -0.00866640629978328 0.417247932364313 -0.562399307955902
-0.0180087192951882 0.00278362169063984 0.692310627685541 0.135552595428497
-0.00962467835016096 0.0270175508657665 0.181107785710586 0.493155480584896
-0.010727191028001 0.0116229598524836 0.0673973390667835 0.0591422157022422
-0.0216505332240133 0.00708587173059472 -0.0168784825873867 -0.483584930485874
-0.0129763703307883 0.00958038419402312 -0.744118420207712 -0.321334281168692
0.00366408494081842 -0.00378490675488796 -0.621761285052604 0.62978464736071
0.00630137791187284 -0.0169517608328107 0.331566635420455 0.626482426510458
0.00103804337894849 0.00241434972234761 0.497491335413906 -0.0129891323881674
-0.00792589041371035 0.00924119823952781 0.174515329857198 -0.295693731677502
-0.00921408109095819 -0.00633099113435836 -0.134737922684348 -0.245928522926819
0.00251149264837141 0.00683794163973518 0.095564347290622 0.196371198207523
0.00109281405714608 0.0134492420608752 -0.134420520445123 0.191106890540915
-0.00187643078561987 0.0154842578323005 -0.407599644982942 0.0178387153257643
-0.00505129826351112 -0.0110995158439048 -0.280773060394854 -0.471898282165251
-0.0134357931938661 -0.00712417710920531 0.428835263026589 -0.553747001078344
-0.0162752747238161 0.000571698330603178 0.688744242826348 0.15733726489722
-0.0085209315263069 0.0228099150362501 0.172729071192051 0.49963712245435
-0.00901018868012555 0.00747020187694255 0.0667997367979892 0.0599335505407045
-0.0208762779906802 0.00282787207955646 -0.0242818194264447 -0.479718986292868
-0.0109701000382301 0.0083824898784102 -0.751711008115754 -0.304377479755705
0.00604814724204885 -0.0020811692022071 -0.605805843147733 0.645566389027523
0.00768837725000856 -0.0141451176928562 0.347207434278958 0.614193500131636
0.00101822298759841 0.00288901902775231 0.500868247670647 -0.0217427040835581
-0.00659277228449459 0.0092506949723078 0.170898339374639 -0.296679800621686
-0.00811611719988439 -0.00124022566953496 -0.137384854528604 -0.243828377100599
0.0023032991830084 0.0109428053346254 0.0928183794423091 0.196637975978429
0.00287710963491855 0.0115271868477072 -0.137860420910021 0.190372081893139
-0.0025795573180574 0.0151857144153379 -0.404939920858589 0.0114341492824616
-0.00402652629236153 -0.00730855260334648 -0.266013241190826 -0.480148847698779
-0.0113983999533158 -0.00538631955646459 0.442893129230813 -0.544963272784961
-0.0133358744216604 -0.000509907212042921 0.683014342428247 0.172667817201576
-0.00697416221241189 0.018777702936839 0.165542287853212 0.50316387617042
-0.00751890018290501 0.00266007461333158 0.0663315318148962 0.0590462683004309
-0.0187258643801133 -0.000832559207566379 -0.0306828113938316 -0.477391381620794
-0.00710277837695332 0.0065626426045621 -0.756086567154183 -0.284843189612039
0.00944928391139995 0.000252337995525122 -0.592494426551408 0.654577524177779
0.00785534183986373 -0.00946184699812195 0.359576488368423 0.600667532384757
0.00100975699185435 0.00284366424170822 0.500498643838049 -0.0288172720526862
-0.00338798087439429 0.00733903679196047 0.167342620281861 -0.295748258811179
-0.0073429609886373 0.00391881505234707 -0.138262694362723 -0.239457156440019
0.00422880970815755 0.0135289401219511 0.0909568689042641 0.200415227058601
0.00553807691102372 0.00902008766524548 -0.140630489929801 0.189686221924782
-0.00231797133281726 0.0131391847150372 -0.404017270287678 0.00706735432647078
-0.00446691793328534 -0.003755947810355 -0.252453570197859 -0.488452754519319
-0.00825624090095192 -0.00402383938845481 0.456380425907988 -0.537279623176571
-0.0103164033060925 -0.00434699858806214 0.681162313297256 0.190759629382062
-0.00461779616471638 0.01531810179503 0.156846235290819 0.506761524100598
-0.00639683648699729 -0.000965191764458142 0.0675854203418731 0.056035213722063
-0.0171498813346812 -0.00401154206634911 -0.0373689621289184 -0.477711350379618
-0.00337915533237505 0.00436799763550675 -0.762887477078574 -0.267213102351045
0.012331313598734 0.00222754614959813 -0.575645264744989 0.668535901515034
0.00756578639374196 -0.00581733505719683 0.371214217222453 0.592909444395084
7.50782075921784E-05 0.00194007984089791 0.502439628362956 -0.0363733035499729
-0.00039003050087977 0.0042452163046163 0.164932295877523 -0.294480153473393
-0.00531164587729529 0.00720352767919032 -0.140774914310122 -0.237698174557985
0.0156020140663951 -0.00675237443730419 0.094710805955072 0.202852578986169
0.00733322759278005 0.00459214576058738 -0.128116325514495 0.192648544319691
-0.00406186470029048 0.00537009600768877 -0.417071436598343 0.0368588313262336
-0.0121375972056217 -0.00771316141111719 -0.306726838441808 -0.440013202461323
-0.0150851930766931 -0.00632416408489012 0.417342439164044 -0.566035793211739
-0.0102221289180071 0.00207533711212093 0.705006481706149 0.108250398318729
-0.00461170668636897 0.0323542424918335 0.19535348835717 0.470841657267878
-0.0141125836938679 0.0208915043374001 0.0724180888253313 0.0425520935197884
-0.0187345295909871 0.0122180476143707 -0.00426569538190598 -0.502068799284306
-0.00231636029043633 0.00873837139787738 -0.732131063697505 -0.339968741429429
0.00578695391677231 -0.00148455962940998 -0.620875173234624 0.632875429561408
0.000395472473831682 -0.0107772215004097 0.322665385929062 0.644045077098725
-0.00272479209296568 -0.00738974541138027 0.491800749156805 -0.00293943432943785
4.0066823600006E-05 -0.00269582146017643 0.177884676206285 -0.293482955274314
0.00134940031869532 -0.0165407325102179 -0.136043413650158 -0.234529389273944
0.0114507747027651 -0.00709898751512248 0.0967755176702911 0.201035226949795
0.00435261440348409 0.00769234905958331 -0.127529962071136 0.192716785369611
-0.00346287238126322 0.00949653607997435 -0.417827135893201 0.0404634193631179
-0.012558991433149 -0.0111603295590496 -0.312455778005677 -0.438460273021233
-0.0179639202907516 -0.0084500968363317 0.407554959685828 -0.570599209438808
-0.0128347143315481 0.00427462151053433 0.703506605690231 0.101182988291559
-0.00644628050812249 0.0359868944001875 0.198449523984927 0.473293127179539
-0.014427470080028 0.0238971171901968 0.0712741372972663 0.0474089630259201
-0.0200217431469584 0.0153548556759845 -0.00256124291640043 -0.496181487929623
-0.00557789881044309 0.00997433525457184 -0.731117896338152 -0.351177284272015
0.00524565885120032 -0.00368915715073092 -0.632518311751524 0.622422055656899
0.00287780758964516 -0.0147200944541673 0.314554315597986 0.646353673294817
-0.00138654890307539 -0.00590878454668562 0.491275733289606 -0.00126300253594916
-0.0030521281086932 0.000650645181118232 0.179840950425881 -0.294926748673517
-0.00275352614119452 -0.0163058073830697 -0.1346576048342 -0.238773358483613
0.00763855847558504 -0.00446453873932131 0.099292567686934 0.197442851759356
0.00160678056103179 0.0111508918413159 -0.127503410575605 0.193289526812941
-0.0024954296209135 0.0118049876419796 -0.41486410465177 0.0393658623165543
-0.0113066179972544 -0.0123809775589482 -0.314980881529495 -0.439386392924068
-0.0194192817832923 -0.00865890487075608 0.40065994164424 -0.574956481008662
-0.0158188852621234 0.00558321140853272 0.70000160099889 0.102670372808912
-0.0085139181113333 0.0337171313113556 0.197525555648288 0.477557025246584
-0.0138811587023439 0.0216785811030564 0.0705108484872135 0.0532907042063634
-0.0219580403306727 0.0135047186213188 -0.00224800694029749 -0.493831404625443
-0.00871248088896803 0.0109230469842514 -0.731445641126252 -0.352737928263187
0.00328973498804605 -0.00539110538483176 -0.639059436322078 0.616168167810007
0.00391380826401242 -0.0187003970846331 0.312581808673112 0.644784171271208
0.000349437774140369 -0.00410271525181683 0.492616846172631 0.00258182028701944
-0.00654922678091551 0.00492249793627527 0.179472942723186 -0.294468012576344
-0.00603752260668782 -0.0148462170785508 -0.134708070072433 -0.244379583989128
0.00557345202496518 -0.0017328016157881 0.098778772537307 0.195398097270899
0.0011631101195683 0.0138510921442501 -0.129906457715683 0.192391755807744
-0.00252139633820495 0.0130947758589119 -0.41407928854335 0.0338601850990285
-0.0091282355315611 -0.0124383103746678 -0.306771314989907 -0.448209283428919
-0.0197190169080432 -0.00848384326158753 0.40306642642833 -0.571459122293095
-0.0187892692760819 0.00494431750035715 0.69624225911538 0.114525561144705
-0.0102501062135426 0.0310291077651614 0.19221836444882 0.484924837305722
-0.0120527628561829 0.0164417521745247 0.0694733279469129 0.0569438157797693
-0.0225731529080643 0.00990274605458802 -0.00743203644385257 -0.48718856320628
-0.012415695502978 0.00994259726736056 -0.735843335935619 -0.338833826257345
0.00365631347264003 -0.00464371067480219 -0.632530356997018 0.621973443882852
0.00581040994155488 -0.0182780595944851 0.321694891631647 0.635360214352495
0.00119264716136611 0.000937702350401201 0.497334966021802 -0.00689466289909989
-0.00751082458348162 0.0076792201225144 0.176421108974528 -0.29599478994056
-0.00759258195373025 -0.0105374511696847 -0.133919482320059 -0.244909116882373
0.00276801766997165 0.00122874327945125 0.0979913221974049 0.195007683252047
0.000663847646300095 0.0137670186748857 -0.130455961205877 0.19251139720645
-0.0014773429259173 0.0147716038270682 -0.409983421156482 0.0273126939846334
-0.00689679636159786 -0.0133559906623449 -0.295971038804612 -0.457818682271099
-0.016750497995599 -0.0070701086416013 0.415223849040965 -0.56470405658694
-0.0180234616930533 0.00359035880603415 0.69112908032845 0.132756759053904
-0.00970739888040867 0.0275329195738238 0.181772371055566 0.492565923042521
-0.010359448887312 0.0120403173916615 0.0674336879067091 0.0586135694940533
-0.02310220275517 0.00634299545253539 -0.0159097048435869 -0.484706346334688
-0.0129745929498401 0.0104357258885991 -0.744987237397131 -0.321096595768185
0.00279557845533915 -0.0030822596434903 -0.618195402064659 0.631839090225093
0.00727621093979172 -0.0181490457126075 0.335762261477204 0.624970439007982
0.00038371093588673 0.00308715050758893 0.499297279755801 -0.0159081054812885
-0.00700105905114672 0.00880808958932277 0.172674278226691 -0.296809348394009
-0.00862162791706023 -0.00699055156136905 -0.13727552578424 -0.24520059480468
0.00346257638935727 0.00573615821988707 0.0970494708205278 0.195211173424216
0.00104639179679356 0.0148880356007389 -0.133341493599499 0.191592689552027
-0.000773849839177929 0.014722598451807 -0.407357558550303 0.0212563346326968
-0.00516051238978425 -0.0112190908109935 -0.280829650511306 -0.47035049517593
-0.0136088389619689 -0.00764269599394224 0.427786682209176 -0.557595653509255
-0.0170779670668687 0.000930620333592581 0.688163305189309 0.152835146801145
-0.00887236130328149 0.0226002492040981 0.173463020769278 0.498189374027166
-0.00813571168340534 0.00705231301156814 0.0660432219418289 0.0591278490537158
-0.0217998390088388 0.00231747670665901 -0.0260179907654867 -0.481938163548049
-0.01098772487918 0.00856617819626622 -0.75499688579518 -0.301379972523684
0.0061346696091931 -0.00155578163337456 -0.604720566873891 0.648168683547674
0.00813224156295085 -0.0135641494021073 0.349940153409908 0.612375832371034
0.00108212174261742 0.00331504156671622 0.49919799450621 -0.0229885090963861
-0.00683649062827047 0.00946452748063354 0.168586409030317 -0.29678182789374
-0.00835749416098668 -0.00135863542578437 -0.139400039418238 -0.244077784403306
0.00310754880761998 0.0103043479058893 0.0951959399433375 0.197088799590447
0.0024554587835729 0.0119130476113232 -0.138361534395941 0.191549757466032
-0.00206165646104117 0.0147486612507262 -0.40538680973837 0.015774729568158
-0.00376843127365418 -0.00745501715101494 -0.266640784768496 -0.480036356593244
-0.0112441082150972 -0.0064658700150378 0.441741570280253 -0.546738696777117
-0.0137526784004576 -0.0015106342300783 0.684590048989287 0.171751253288682
-0.00592833372606857 0.0197251550300762 0.165346627188391 0.502892803405961
-0.00752526900609344 0.00243652701452608 0.0669635989812228 0.0581453255900104
-0.0189973816966173 -0.000141256184058413 -0.0346899699293411 -0.477958840789586
-0.00691348505675351 0.00754665411771626 -0.758405200724824 -0.283736658517397
0.00819675164023887 0.000658948643321099 -0.58836544225362 0.659320584041896
0.00849967065887904 -0.0103906644901811 0.363057529054048 0.599911543033362
0.000494048395832165 0.00353031593115141 0.501281267453672 -0.0325336215930356
-0.00351137984352 0.00743318223567208 0.165316956639954 -0.298343715989779
-0.00821913478924635 0.00305219509268442 -0.141041218046058 -0.240896773428349
0.00533604851402118 0.0137654638295298 0.0930474916494466 0.200727658134685
0.00555696732103867 0.00950279421913031 -0.139885045358238 0.19165156519621
-0.00312060503975827 0.0130192255631255 -0.404148334740926 0.0103111268697758
-0.00414925736363917 -0.00297802364327111 -0.25521756984399 -0.488278001159277
-0.00816100719233506 -0.00421046341510312 0.456181284892294 -0.538127824681108
-0.010584508578355 -0.00378648612816042 0.681593639899513 0.187467857493563
-0.00483262610361878 0.0155593927359378 0.159250420493362 0.506462893220725
-0.00632825859697401 -0.000928194536790451 0.0677848862496374 0.0562374858482432
-0.0173121149082197 -0.00431365555484682 -0.0409871605310019 -0.477729395101507
-0.00346458506197445 0.00403298052363889 -0.760673948955624 -0.263393995238954
0.0125140350951303 0.00228033755382217 -0.571956512538577 0.671036752253837
0.00980889207317954 -0.00466978635909022 0.375693479291991 0.589545922799824
0.00052822382074926 0.00249104454655796 0.501021849489496 -0.0383439886608576
-0.000440849352709884 0.00370162121795779 0.163190369217893 -0.295727207427534
-0.00566515964615409 0.00718362043303819 -0.142637124309259 -0.236949422476157
0.0132010713316023 -0.00635219697099041 0.0961033189900422 0.200641127716044
0.0046449431733185 0.00342847117825581 -0.126673097367525 0.195445394642783
-0.00519435888724673 0.00383189191969548 -0.416450431777467 0.0438403458106768
-0.011244867309053 -0.0106864036834428 -0.308316827476367 -0.435695345425778
-0.0115367003871494 -0.00345435906276273 0.410194936406792 -0.572925840671559
-0.00867025359034749 0.00762606343162807 0.70488951141063 0.101374072827502
-0.00561947975600822 0.034678941118784 0.203427234405006 0.464601399746444
-0.0141941502145402 0.0210243306095586 0.0726817939052734 0.0406073380604255
-0.017678084671086 0.0127935572513978 -0.0127973371937623 -0.498189191697591
-0.00428804247718687 0.0066283716383916 -0.729285495044656 -0.330925783542345
0.00250984828787527 0.000364195212590634 -0.606207615089346 0.630877811277479
-0.00198738752273208 -0.00664759791879349 0.330806131000385 0.630364297396341
-0.00286338377063696 -0.00432375078113202 0.485573357082677 -0.0162156020047106
0.000190117004358852 -0.00175674807556674 0.168462558910865 -0.292399181042228
-0.000256079493202104 -0.0159019160745036 -0.138440888693024 -0.231200945256244
0.0101673989847762 -0.00596140451377254 0.0982817221502591 0.196638761708949
0.00215288965662401 0.00700349966223666 -0.12460259712614 0.195182788114862
-0.00494297232494949 0.00652664539313856 -0.416072995007675 0.0454439963098752
-0.0110541914081552 -0.014528562657776 -0.314583823569323 -0.434593029437058
-0.0138569175733668 -0.00489711261166866 0.39918393533922 -0.577201690719207
-0.0122017027879318 0.0110931059114133 0.702328425508717 0.0924724264551071
-0.0064958353339177 0.0373335634458274 0.205014485059436 0.46630616920402
-0.013862493246485 0.0242910433819326 0.0719347707183924 0.0452555633562685
-0.0188225627197761 0.0164480162210055 -0.0111169927612364 -0.495139789529706
-0.00652311523972115 0.00907376608319213 -0.728719058060386 -0.339672671361379
0.00158237608973399 -0.00194949826180658 -0.618407365376836 0.621886244054232
-0.00179768001388748 -0.0107800656683994 0.325112363074596 0.632481471753664
-0.000590701810662257 -0.00244209585616027 0.487030095195888 -0.011565568217189
-0.00172998653420311 0.00279179461143086 0.170568159362864 -0.293205039042943
-0.00327592081602451 -0.0168605823259028 -0.137241957656565 -0.236044236048909
0.00632631023852943 -0.00417790249434176 0.0998103248452117 0.193688921737463
0.000359488128658404 0.0105214455659343 -0.123996036701043 0.19499747567745
-0.00357772072019772 0.00972480696269921 -0.412064863428463 0.046176665107907
-0.0080957098731754 -0.0169006094206982 -0.317014807058707 -0.435134244689857
-0.0155937802516322 -0.00443417259082609 0.392669721716998 -0.580500428070323
-0.016117681913625 0.0114742950709889 0.699034623743815 0.0939584619870247
-0.00828386946353015 0.0363127813159501 0.204732405685972 0.472026688442933
-0.012058053572545 0.0214183243214299 0.0698076926988162 0.0517364371280974
-0.0209640439939273 0.0148180037269621 -0.0107715450539142 -0.488968612649946
-0.0113333870351551 0.0096006141823898 -0.728941810296311 -0.34015279809309
-0.00055733103133233 -0.0048418143443102 -0.626735848433148 0.615974038387618
0.00144828768561805 -0.013716824413845 0.323333148496986 0.631254508341417
-0.000253951067071527 0.00122528798423952 0.488797970238828 -0.0117314377652878
-0.00459379069988714 0.0052768703179477 0.171054373854338 -0.294914808965178
-0.0055692048689502 -0.0152966169824244 -0.138723447720566 -0.240185568383366
0.00471972078509239 -0.00186823102623053 0.100626444876448 0.19219571910936
-0.00123297178248493 0.0129981618467453 -0.125715052532305 0.19354588756994
-0.00263148022953081 0.0115636772001672 -0.411371768232491 0.0405498059081177
-0.00665239820172897 -0.0168141461213163 -0.308972146365728 -0.44468987620001
-0.0158517415529665 -0.00432113577044314 0.397145696896675 -0.576566796110927
-0.0183978866506243 0.0109752921756761 0.695977551886762 0.10802911721127
-0.00915347065956307 0.032441376878723 0.199356173344198 0.479349745067188
-0.0103173523687564 0.01719871495675 0.0684964954117575 0.0545827139809786
-0.0231373735105633 0.0112190048333102 -0.0137517131682526 -0.484368708606343
-0.0152750791352135 0.00972900468232505 -0.734843535461168 -0.328118161607464
-0.000780201798676772 -0.00375313320503984 -0.61963676893423 0.621673839940772
0.00270009286445527 -0.0151023287557461 0.330219446386723 0.622090663652795
8.86724873208806E-05 0.00362846184589181 0.490714926468721 -0.0167471972231057
-0.0064329005144178 0.00870905686098128 0.168485293404029 -0.292796797201928
-0.00817163451579583 -0.00975745234366838 -0.139011496030526 -0.24241714352713
0.00247209202056696 0.00336779793681543 0.0999675358115569 0.190950043874553
-0.00205575215244043 0.0138485249714334 -0.127281956879277 0.192646670363911
-0.0020700105488186 0.0122927124038535 -0.408344423340221 0.0336002351863913
-0.00383368859512588 -0.0157310379113129 -0.298228680242499 -0.454223894227276
-0.0135736917252302 -0.00438884462372102 0.406808838182214 -0.570097899234653
-0.0192032579734749 0.00863298736945448 0.690510062461431 0.125694494483636
-0.0103274839859945 0.0279543944077388 0.189235607704573 0.485720709134911
-0.00894767301818246 0.0133309326358214 0.0676256566575557 0.0558176113915716
-0.0211677095901532 0.00719582074621965 -0.0235647536254672 -0.479863964156051
-0.0152272071568375 0.00914898084183095 -0.74183439579516 -0.310638166186685
-0.000772631391642409 -0.00233283762923416 -0.606140914939427 0.632801600924358
0.00332696672526041 -0.0126643413027434 0.346183095996764 0.609715887693316
0.00187375928557391 0.00534858959464959 0.493067249905629 -0.0273877823931973
-0.00636650835810786 0.00959971673032208 0.163624155039857 -0.295338046786269
-0.00836922159303449 -0.00503401275984375 -0.140075206261862 -0.241364813484001
0.000725511654493805 0.00713726098167715 0.0990188218270185 0.191682622294974
-0.00110433180002889 0.0140127147554781 -0.130407828226873 0.192600147230479
-0.00218616310455636 0.0134921458255401 -0.406110070876268 0.0262805725491527
-0.00220073991021046 -0.0142001742792147 -0.285329234645941 -0.467128333459616
-0.0111908369455132 -0.00386870871534996 0.420879262579643 -0.563957879205975
-0.0177849189971853 0.00668742256510283 0.687597923708592 0.144142832597883
-0.00877247080868675 0.0241914441902642 0.182247224745511 0.491618367327974
-0.00825174582939129 0.00760755543754379 0.0681170475342872 0.0573217707192784
-0.0214316976521428 0.00391382980320399 -0.0313933691290897 -0.475758784158233
-0.0133544444673759 0.00821911302043017 -0.749383268106955 -0.290730664299671
0.00178629138208647 -0.000987098458138157 -0.592056776720754 0.645650629135745
0.00511061664770837 -0.0104686278648851 0.358069604262202 0.598108884005313
0.00262053520717595 0.00596438224010353 0.493523367690714 -0.0336769443890949
-0.00444609882408981 0.00981091784077193 0.16126182926442 -0.294951765845554
-0.00863155108185156 -0.000734660549020549 -0.142414201944512 -0.239312575418412
0.001638559078075 0.0112796500567038 0.0965883401980776 0.194103763240217
0.00123535314132207 0.0111430857908724 -0.134599809062436 0.192829161641839
-0.00341205310950587 0.0139446906556777 -0.404301199171312 0.0203362546789612
-0.00117681676153327 -0.0108366472438416 -0.271451009770698 -0.476624690433215
-0.00760216664443182 -0.00192779495043878 0.43649573316038 -0.551889889077777
-0.0139361884964621 0.00505018704361097 0.681991751972501 0.162320916016512
-0.00710000649460991 0.0193202814941116 0.172607072682934 0.498767713864525
-0.00670461596294829 0.00370253331654612 0.0667489852386123 0.0578795161936326
-0.0185619608678851 2.67815114628036E-05 -0.0376431285642096 -0.474666484205169
-0.0101873592525102 0.00619763089841685 -0.753251651323992 -0.270887821381657
0.00588627124638694 0.00132083505885836 -0.574848752701103 0.656916545910409
0.0054450673648917 -0.00676799124744659 0.3711043334086 0.586620515660501
0.000728925020378947 0.00695354791771396 0.495233795860663 -0.0419460333943185
-0.00165893828875657 0.00816416478881106 0.157838265243635 -0.29466882784045
-0.00682277646184784 0.0037363705902821 -0.143587572557942 -0.236304463050825
0.00253352667527295 0.0142510662889839 0.093305473527008 0.197345815481446
0.00409887883493797 0.00925432591878387 -0.137140315339845 0.1923940625308
-0.00313123729529101 0.0113945738301265 -0.403361102075686 0.0152411893842648
-0.00143183143710245 -0.00676152760039297 -0.257283078240095 -0.483725187983306
-0.00468143055684434 0.000475843459782067 0.449100392854897 -0.544180081136067
-0.0112129471608106 0.00209293731343443 0.680532164857052 0.17859201470552
-0.00488379841341378 0.0166929142986952 0.16761790597495 0.499474451745175
-0.00593351942625329 -0.000568504863038153 0.0674637626096341 0.0538998466363654
-0.0162448242950119 -0.00392360585768942 -0.0451371003668922 -0.473935627587177
-0.00665394336057233 0.00191076864518122 -0.75683714453017 -0.254383472669377
0.0094292473715731 0.00274805364278216 -0.559438146174916 0.669596209825233
0.00656635388744001 -0.00180454471326098 0.382474229147289 0.577849439923919
-0.000148586648559293 0.00580140704575624 0.495725016667876 -0.0510534669091095
0.00130009571224955 0.00658366019502558 0.155647801989106 -0.293882380002009
-0.00432813077416702 0.00570484542999634 -0.145955011621298 -0.23080920567307
0.0146710212358318 -0.00582303665611792 0.097732760048186 0.200258286631547
0.00496070939199222 0.00351407221161267 -0.12617052840861 0.196152643263063
-0.00441745537232864 0.00397411205203693 -0.417473696054083 0.0458855348295528
-0.0110354730827787 -0.0111247145015474 -0.310783348305411 -0.435754958576911
-0.0115198779775105 -0.00305321801197185 0.409950392547688 -0.57362003427669
-0.00948941377043141 0.00791806352796348 0.70442794267796 0.0985705890065945
-0.00449714346977728 0.0338256503772583 0.202601046886515 0.463769736121307
-0.0135115219947398 0.0216761402920636 0.072787351240238 0.0398497798332787
-0.017305795579085 0.0136436376207606 -0.0139969912505275 -0.498095275140073
-0.00428061646342214 0.0071810792534968 -0.730683421253674 -0.330143487121496
0.00207191900138176 -0.000309189452802098 -0.605620393381459 0.633692918700428
-0.00218495324737807 -0.00764371397830104 0.333483471859236 0.630034399245076
-0.00294326349626719 -0.00376100842534476 0.485534036295339 -0.0167492092876234
0.000306740468330718 -0.000912135464542695 0.167942735692521 -0.293535807896564
0.000857074630258986 -0.0170758981652603 -0.138865072993257 -0.231453369364549
0.0114139876693051 -0.00680901512872694 0.101152796126338 0.196171791247157
0.00220962382759545 0.00711513921253069 -0.123607481783989 0.194534695668239
-0.00358045578331722 0.00645291719354818 -0.415365504380439 0.0491997440335493
-0.0105835573830779 -0.0137650584316718 -0.317622119406533 -0.432678396915587
-0.013610240036247 -0.00377103190817887 0.398072406641941 -0.580075081095839
-0.0119164986287102 0.0104645887635444 0.704101507613023 0.090906261169619
-0.00500667701534916 0.0382267652562177 0.207776856255373 0.466362996189959
-0.0131946210875404 0.0242244681065409 0.0725003135406066 0.0446608099226355
-0.019287869607296 0.0169856053931851 -0.0122350335095215 -0.496722386477309
-0.00631336191711379 0.00812160937396711 -0.729705394581634 -0.339118815903479
0.000429887645772137 -0.00342734927098155 -0.618730204224927 0.624583999160038
-0.00136457936661451 -0.0104443612796262 0.328496400328377 0.633721872574881
-0.00133109920543583 -0.00156894909756942 0.487340843022606 -0.0136875737598522
-0.00196298239691141 0.00250903785179331 0.169159826202398 -0.294612363594893
-0.0032442284017622 -0.01618014336969 -0.139934098129045 -0.235238270782014
0.0070209688752202 -0.00471558243845323 0.102399575828388 0.19314787498216
0.000148969140228276 0.0104258799197619 -0.124871670329269 0.195444923113657
-0.00382720360582327 0.00904573039017831 -0.414096463578655 0.048138707692829
-0.00791114289946839 -0.0155578955548347 -0.317793812344658 -0.434998977887176
-0.0152392482438746 -0.00471761501551598 0.389914724985158 -0.581321587081391
-0.0161167214505474 0.0114152275680128 0.700901401655005 0.0926361016949486
-0.00777750583379965 0.0361688336763349 0.206395338628366 0.471661252171534
-0.0122171185772611 0.021224052577547 0.0698000758928606 0.0504013054172832
-0.0213711952007238 0.0140414776995806 -0.0106619334581868 -0.489956265338864
-0.0115012995950894 0.00965157876493764 -0.730641624986586 -0.341295709128185
-0.00140831838018666 -0.00418349766606309 -0.623853675460656 0.620521894461718
0.000562968823553601 -0.013490743683031 0.326413837170081 0.631231971852718
-0.000633124458630838 0.000265971948961625 0.489897743460075 -0.0137020983788775
-0.00478513118615638 0.00521506728235455 0.170257405253228 -0.294392801479293
-0.0063956420256212 -0.0137038511625639 -0.139417293434683 -0.2399538043676
0.00425795739342948 -0.000669988742379068 0.104275001879339 0.191820949406487
-0.000991814812822284 0.0132231479538003 -0.125685861574001 0.193513061951805
-0.0022342002581498 0.0118888607055486 -0.411945874305312 0.0424235580335742
-0.00673157700622593 -0.0174911842383776 -0.311935239874454 -0.444057239601285
-0.0156200275407314 -0.00418024920914427 0.398022289103167 -0.57962723047715
-0.0190562339547958 0.0111949279673751 0.697485487345728 0.105610421217796
-0.00939190275177771 0.0322997060444499 0.201817890674111 0.479298191858433
-0.0106927514805362 0.0170256540551887 0.0687198467335148 0.0539403038547602
-0.0222883065564327 0.0108558820028002 -0.0157497658671368 -0.484659967626
-0.0147149722880395 0.00954694832575217 -0.735824374374515 -0.328281743871513
-0.00163425993445031 -0.0046093149487862 -0.61951881623091 0.626856931001621
0.00239159044635091 -0.0138945067246926 0.333053127464484 0.62070744412543
-0.000111135713561691 0.00348279789757837 0.492123194110781 -0.0190747999572762
-0.00650451442211958 0.00878795377096119 0.166733428552058 -0.294904009854999
-0.00830298090178086 -0.0102320928653387 -0.141659985955431 -0.240887353628067
0.00168729852915355 0.0030780593753466 0.101440163456404 0.191705629137962
-0.00189723194886267 0.0137444303798507 -0.127263290235528 0.193897896350669
-0.00164187931942768 0.0126447290644355 -0.410057529253017 0.0350194808116681
-0.00409036333431073 -0.0160868584996683 -0.299765208679209 -0.455481153422838
-0.0129586247323632 -0.00430952263454661 0.407159339888114 -0.571514148675725
-0.0182020496348072 0.0103102372531502 0.692766618316336 0.123117035220608
-0.00931531409954066 0.0289771646054175 0.192352483546724 0.485423169617667
-0.00889058299812694 0.012599087462992 0.0675685428228828 0.0559190305304454
-0.0213969675528643 0.0073571196441827 -0.0245637989308533 -0.481327782527675
-0.0146515703820451 0.00860119581601382 -0.745764933670083 -0.308037503624066
-0.000567681855749014 -0.00246792397258013 -0.605497948633711 0.637129720041425
0.00403439510067611 -0.0127584089266528 0.348928082130123 0.60980781083293
0.000633808609863777 0.00566502131829354 0.493284417676295 -0.0290035942489417
-0.00654269189194302 0.00992781648723021 0.162222870794044 -0.297311261330661
-0.00880362366481043 -0.00561066953278424 -0.142911204951225 -0.241645628732321
0.000502533964133887 0.00818307232242842 0.0999603075856704 0.192337850199469
-7.65457027919036E-05 0.0128459611003187 -0.131492942340631 0.194037636382771
-0.00183912955230247 0.0131550581120472 -0.406479203531934 0.0287865248636416
-0.00212574291903599 -0.0142782222898316 -0.28743105900611 -0.46516303529366
-0.0109636571532818 -0.00315944858997545 0.418203425318841 -0.565654148296037
-0.0181643179371057 0.00712999834055871 0.688508393595726 0.143217512182369
-0.00830466658473916 0.02422458407946 0.183208504490985 0.491368816933156
-0.00808602886150455 0.00791522046751752 0.0670903809614938 0.0571560194776894
-0.020167384071063 0.00417670812535728 -0.0318704191815887 -0.479820194260317
-0.0129588125456081 0.008050072514683 -0.750379530721236 -0.289324874827597
0.00186523420191153 -0.000967363127780488 -0.592187453162277 0.648520196015602
0.00501205489575547 -0.00932406580332648 0.362096896655946 0.597683820172689
0.00112140209945599 0.0068090946357989 0.494295632979755 -0.0358148939097318
-0.00529551705725777 0.00991822692158817 0.159255364319646 -0.295854491964415
-0.0079816050294076 -0.000317066960647119 -0.145190723340224 -0.240233219127357
-0.000275744500622968 0.0114885798006649 0.0986577947640853 0.193449596191762
0.00239082346921576 0.0109594834455625 -0.134020039222813 0.19333422559509
-0.00210818976206802 0.0127819291095893 -0.403420113465454 0.0231141877979471
-0.00119145246618026 -0.0106942592793968 -0.269923874720292 -0.477905720338012
-0.00715104445938069 -0.00227800879946064 0.435266606525569 -0.555820170294826
-0.0151180605751809 0.00388093897888156 0.683827906469034 0.160375331736736
-0.00632133904033677 0.0208090685617621 0.176075779766914 0.497091900945359
-0.00593448994710062 0.00287086948611569 0.0670775965496604 0.0552724430961606
-0.0189017033151437 0.000685345658604989 -0.0397107374317703 -0.474894316316971
-0.00994192744948515 0.00517451291855087 -0.755262395368259 -0.268835711656622
0.00592605957965135 0.000861332814127139 -0.576246033566529 0.661716485222847
0.00599982536778842 -0.00537448937573885 0.375425245982826 0.585476279725623
0.000584037576758023 0.00639608956161227 0.495345785257582 -0.0457529533833194
-0.00322654070640895 0.00850917128434271 0.155859204697665 -0.295759031671955
-0.00786553423776232 0.00396226845428503 -0.146406071942501 -0.236157049465381
0.00163169693502804 0.0145134464141716 0.0957608193796958 0.196703049938289
0.00401462167223844 0.00914553151612982 -0.137011110164333 0.193555639634236
-0.00284538635101481 0.0118953098276375 -0.402920211315159 0.0180321737789628
-0.00207537237767264 -0.00633531673924284 -0.258735383934428 -0.483944874692803
-0.00501116828057819 0.000569579164404345 0.449825788287967 -0.547276600908107
-0.011033876862034 0.00209947314231912 0.681456671517529 0.177815780258195
-0.0053868032016248 0.0172088315209902 0.166958074874572 0.501267392918798
-0.00634735534108804 -0.000603186471836548 0.0674285091903231 0.0537159756521988
-0.017374578461005 -0.00415238109423477 -0.0467359390333413 -0.475742272869729
-0.00503877438613186 0.00295085024403047 -0.759680491363693 -0.25376420489044
0.00953580717562933 0.00281390056623588 -0.556106810633288 0.674367044135379
0.00687114109914797 -0.00141662538411493 0.384969239595303 0.57628649786597
0.000605607597139502 0.00559099058863586 0.497634694789767 -0.0530061405718389
-0.0002055285272488 0.00561972384439182 0.153843732640516 -0.294416112362224
-0.00542894048653646 0.00683591524825003 -0.146885947810821 -0.232230363665806
0.0149385319305615 -0.00683544209322033 0.0987704096763441 0.19890027694117
0.00514303888320041 0.00286921833759397 -0.126238912679621 0.196450965167716
-0.00449250255218435 0.00348160476832607 -0.417982834912346 0.0476139032264541
-0.0112165107603801 -0.0114432795775622 -0.313216654155624 -0.436239781490242
-0.0111268084521094 -0.00410986236395896 0.407569500579354 -0.575893784467214
-0.00902888677889753 0.00829222612607486 0.705225088016891 0.0961135161355078
-0.00463730506876876 0.0357446230647387 0.204233321874661 0.464154452020904
-0.0138478035023215 0.0216274193345535 0.0742947907746015 0.0384212560329701
-0.0180022883988199 0.0134617012716038 -0.0146880158245671 -0.500657928167118
-0.00406016027823719 0.00696093609022927 -0.732934720479777 -0.328822036952744
0.00317030485252469 -2.511347292318E-05 -0.602658173920288 0.637315514347447
-0.00319963411120512 -0.00693907039840904 0.339457031687406 0.630074626246912
-0.00281509474755174 -0.00372161000745867 0.486686944823391 -0.0186766702363267
0.00154311107470045 -0.00119240415762586 0.165978990541881 -0.296442110156688
-0.000552124788953418 -0.016788255552593 -0.141063751054714 -0.231573725328615
0.0103385466805643 -0.00616770071715235 0.102504596933486 0.196015467474732
0.00332146886059362 0.00712865247646906 -0.124111613618699 0.197268445122567
-0.00372375922541178 0.00629564444386465 -0.415660625894258 0.0512312671183712
-0.011257790797296 -0.0137011552201555 -0.318457261332134 -0.430908301133896
-0.0137239631168491 -0.00405600829014205 0.397408016026206 -0.582769279263023
-0.0135045436333326 0.0112120574553998 0.704959228242586 0.0880445807454993
-0.00464268946141728 0.0379923485951057 0.206580997581531 0.46727884107675
-0.0129798119266792 0.0244095464935029 0.0733946592789615 0.0437348838110346
-0.0195105821150684 0.0173285300537781 -0.0125090935503347 -0.497461199447308
-0.00712784192980882 0.00944745466576586 -0.731222890563955 -0.337262867714957
0.00106434745835516 -0.00336859322775016 -0.615333212160757 0.628044828553195
-0.00121634476666412 -0.0105565192569536 0.33093881505915 0.631265293006682
-0.00115346313091967 -0.00248977296022557 0.488816144796234 -0.0158169305806863
-0.00380168007262932 0.00178339039319674 0.167458080606802 -0.295149295109544
-0.00488166026489043 -0.0159626554085154 -0.141806101989747 -0.236141047271323
0.00740019640544369 -0.00413202998322895 0.104996571489156 0.193249931629178
0.000764542607099002 0.0102133887866561 -0.124830220596779 0.1949970471781
-0.0034165580040372 0.00867252551266388 -0.414623672439692 0.0503828395737078
-0.00925316913043754 -0.0157377209268661 -0.321068204590924 -0.435050336293086
-0.014707767766737 -0.00357511398264406 0.389579515968946 -0.584922266804053
-0.0166116253035885 0.0123739826223393 0.701092547154328 0.0890718145586647
-0.00733348876878041 0.0366211792087836 0.207471775393646 0.471140004981691
-0.0113547414705725 0.0221840735859763 0.0706619156005689 0.0506774251693987
-0.0199549459454922 0.015183158885762 -0.0106791655764534 -0.491687844275946
-0.011506954404033 0.0106986577448054 -0.733076000192652 -0.338234495124265
-0.00197856853394088 -0.00399268845206167 -0.622444964390562 0.623179465931549
0.000757942504792359 -0.0131009502648712 0.329041524376056 0.631787486654956
-0.00132484126101019 0.000630842795497227 0.491109154557034 -0.0152031048715341
-0.00543037980081432 0.00589682222268834 0.170041231351315 -0.296619667174622
-0.00682927324568461 -0.0140119614529243 -0.141090601847878 -0.240771099973345
0.00428786240507426 -0.00211914790925197 0.104310517950017 0.192003054309385
-0.000828170725571986 0.0132786401187048 -0.12632261043456 0.194992557779375
-0.00215834972350998 0.0117778890370737 -0.412421675425566 0.0451130100103011
-0.00770553635011596 -0.0168190086845067 -0.315060247295882 -0.442387378118572
-0.0159280070657859 -0.0039526023034154 0.395208332747014 -0.58062416001759
-0.0188635098077897 0.0124973598635307 0.698707622382075 0.103435520599676
-0.0086799960596259 0.0322649534787416 0.201852782115639 0.479698640530731
-0.010435988806145 0.0174231503294434 0.0683349789792701 0.0524740810006042
-0.0228027504667464 0.0115003235466354 -0.0163193897921615 -0.488157964542357
-0.015074637573125 0.0105602799350313 -0.738726005146915 -0.324923843710287
-0.00191939958142983 -0.00409741393947419 -0.616502150826299 0.629705330644968
0.00266493176828125 -0.0146002455200354 0.337817103568063 0.617725533995091
0.000930651565855603 0.00359527537870378 0.491439696698012 -0.0208541731805294
-0.0061284509475263 0.00851623352332456 0.164825426448179 -0.297987575387436
-0.010355865021612 -0.00937356209493735 -0.14255735994545 -0.240505186699558
0.00158689580436789 0.00222383858199702 0.103802462939612 0.1903344727584
-0.00098871717794993 0.013187381497263 -0.127632705933921 0.193706966453408
-0.00199085528816178 0.0129034142754573 -0.40886287209787 0.037981863837054
-0.0042310375977714 -0.017166704149821 -0.301450280801163 -0.455443957999604
-0.0136072141189888 -0.00468566703492309 0.404639444793043 -0.574830474278884
-0.0196657453298726 0.00933892012050031 0.693821478634587 0.121955905537851
-0.00882284756951962 0.0278246657727635 0.192897363721158 0.488073987182486
-0.0097923954689201 0.012547348251387 0.068707419593892 0.0554302384133744
-0.0222221836108499 0.00858484115700831 -0.0247200572774017 -0.482260127850437
-0.0149270654340089 0.00875330059889366 -0.744834764429813 -0.307532066604598
0.00012214262684395 -0.00237263753554285 -0.603572270820729 0.638642302768715
0.00346789578860192 -0.0129619441673659 0.35209397401806 0.608376863764983
0.00102829571233426 0.00550176483749346 0.494990803546443 -0.0303055322588513
-0.00728142479039307 0.0107983090867195 0.161958180185756 -0.297561039902633
-0.0103423538291289 -0.00538234132628126 -0.144523516529241 -0.240203723308391
0.000503876388048561 0.00668308884768822 0.102403014468769 0.189863972317824
-0.000400896353283278 0.0138982233781815 -0.129755113342993 0.19450261027026
-0.00119479443644391 0.0134707351775443 -0.406403932430998 0.0304182219769851
-0.0028197696764651 -0.0148829023266895 -0.290301887656277 -0.465190058055811
-0.0104633346785946 -0.00296932907042537 0.418130818402857 -0.566209865587047
-0.0182132274567938 0.00784032923184019 0.688413223586229 0.140930348540034
-0.00770106664284395 0.0255007840314231 0.183615304892691 0.492353424988044
-0.00679048173054477 0.00712619872863217 0.067290721473623 0.0571588207475932
-0.0203691804985145 0.00544877952824479 -0.0337425393035842 -0.479824370049171
-0.0133056248792934 0.00778655729385143 -0.754048072863099 -0.28646905258562
0.00242462635060435 -0.000642559174241777 -0.590393275415346 0.653453413825277
0.00560511904653141 -0.00933029517765491 0.364793570863426 0.596560864576512
0.00125216218226592 0.00640031638833667 0.495441554898 -0.0387925058325976
-0.0048292978583799 0.00993896944805446 0.157585418586742 -0.29771820836162
-0.00956627853162991 -0.00103609792600125 -0.147125272335723 -0.239396213319934
0.00161556710467482 0.010525726385458 0.101028768747169 0.193832108714947
0.00202781324476156 0.0105380465218428 -0.133967657060284 0.194776358309494
-0.00286135296667713 0.0132853785778593 -0.40380158895739 0.0248035643848455
-0.00183294919898161 -0.0114875295085935 -0.273807420620519 -0.474358092400498
-0.00703196293399635 -0.00180327140723466 0.432152522283276 -0.556983622675597
-0.0152332244588006 0.00470331580093616 0.685503451496187 0.158011854269882
-0.00603313013679679 0.0198003521829191 0.175583695339535 0.499248146289308
-0.00665409525003851 0.00348022604390926 0.0678992684114816 0.0549435264583088
-0.0188593752926231 0.00096714667980012 -0.0409741344321437 -0.47628514415971
-0.0104262690475886 0.00618893618804894 -0.758594121182786 -0.267913186833677
0.00578834557312053 0.00139146866627186 -0.572318607397442 0.663371574684219
0.00694475774084276 -0.00651883403049594 0.376433232027559 0.583757152075197
0.000880711533507854 0.00757228873547868 0.496738597128785 -0.0480122491590846
-0.00239415715118384 0.00829191494724988 0.153154600538339 -0.297318414131518
-0.00810129120290277 0.00429998790140034 -0.147829390085594 -0.236264299337055
0.00310544381100878 0.0140834740543593 0.0988046892243769 0.197309203468502
0.00489828041912168 0.00878276300982783 -0.136739842325237 0.194395156542912
-0.00354853459556941 0.011864799880269 -0.402427246021241 0.0198239630936219
-0.00191904738119943 -0.00529213449407823 -0.260510475579015 -0.483850990856467
-0.00537575771848998 -0.00118360925101723 0.445142510665997 -0.548494371347358
-0.0120451043039894 0.00237420400970082 0.68323328179314 0.176386399406
-0.00441590396644159 0.0180218920302752 0.168813208553758 0.501496001247845
-0.00570917438325368 -0.00132290513784514 0.0667789438863269 0.053188553311662
-0.0156844577776382 -0.00258720951823686 -0.0475896426456231 -0.476106559673227
-0.00710809844639467 0.00248139095420641 -0.759719736993883 -0.249609842363228
0.00894864358815851 0.00299375552008796 -0.555378513655805 0.675124660266422
0.00731620765488194 -0.000898617712508668 0.390326641932482 0.576925067420582
0.000881798147817971 0.00554234834725202 0.497642348278925 -0.0534974277525713
0.000530143103818588 0.00594415418177239 0.152267763375536 -0.29691004731448
-0.00506264686814862 0.00692343607372538 -0.149849440069741 -0.233159263630465
0.014133896781175 -0.00828055619992626 0.100474800751161 0.200198355177161
0.00486121599192921 0.00288687609568965 -0.124324052029684 0.19826234931724
-0.00460958676196596 0.00357259120359693 -0.418012425354737 0.0512836984663544
-0.01120289917788 -0.0109124040571208 -0.313119447502764 -0.435818638809832
-0.011906555870758 -0.0034072387498477 0.406844612346319 -0.578384023073966
-0.00979294915818293 0.00862557187504272 0.706897457073304 0.0933065706373498
-0.00391388269619405 0.0344395340016701 0.204747131436341 0.465207038350269
-0.012320988669652 0.0206201700858942 0.0736087802743557 0.0383129601863947
-0.0174050388565883 0.0141689322599099 -0.0160483798736463 -0.501884877430385
-0.00454318983418281 0.00601400117418792 -0.73458289861586 -0.327127610513637
0.00294604006358523 -0.000249899758928762 -0.602503095572686 0.640840534536397
-0.00201452834715548 -0.00612065279323187 0.342328705310605 0.629074249960664
-0.00192182529820124 -0.00319821796845121 0.488541490408443 -0.0215408373741195
8.89802831026427E-05 -0.00168964738685017 0.164782053371166 -0.296287522499835
-0.000405023463942432 -0.0166389836542502 -0.14560249530845 -0.230788297074866
0.0100716129968136 -0.00716155233003202 0.104977875339789 0.197244639227275
0.00287830871932768 0.00623587508602482 -0.123502395127494 0.196695974707501
-0.00404990052647703 0.00666137701010054 -0.416138994142825 0.0526208412738582
-0.0111850364958709 -0.0145850106669424 -0.320537804351311 -0.432576334360172
-0.0143885772961465 -0.00391368652090254 0.395546703142187 -0.585287478533664
-0.012836537759477 0.0115540206835611 0.707420940632902 0.0853105207670964
-0.00520021143505411 0.0387333355821889 0.209278301944174 0.467127196366241
-0.0122166817415578 0.0241274484772454 0.0716898405024625 0.0441385182786108
-0.0193912820905174 0.0171372113376365 -0.0144586316517861 -0.497743284451649
-0.00706913266183917 0.00932959554239566 -0.732414227971733 -0.335014156604804
-0.000509167906277853 -0.00335216644032342 -0.614630011644675 0.633184934312431
-0.000947237919685184 -0.0114675411441527 0.337138672535837 0.633704935834112
-0.0016925244550238 -0.00217795195527166 0.4892301020266 -0.0161626011034785
-0.0020436839417004 0.00243083783703048 0.165786526250036 -0.298350664775197
-0.00416844864704206 -0.0165090020177089 -0.144230417530328 -0.235171364848855
0.00755744722876748 -0.0049145419753564 0.106017226647057 0.193658782483452
-0.000377508749084922 0.010885802280403 -0.123835359546964 0.196035817955983
-0.00258236427231345 0.00941776808854932 -0.413747095824633 0.0525411030832351
-0.00973084348545098 -0.0171574741717319 -0.324280803230005 -0.434912895336671
-0.016428157676828 -0.0049226668512226 0.388322762927124 -0.58653024241939
-0.0163759600804133 0.0125507057608023 0.704052849552411 0.0860962508761281
-0.00758439077029117 0.0366409450734475 0.206608319563591 0.472472598140644
-0.0121962681818507 0.0205157008090619 0.0705240757657646 0.0494007974960051
-0.0205414340205117 0.015452673018155 -0.0131115563033526 -0.494123155851644
-0.011883782643916 0.0103204283798494 -0.735520386125275 -0.339320409542619
-0.000742724211118109 -0.00405859598507855 -0.622201505356278 0.627824738467476
0.0010878306278162 -0.0145045246199158 0.332063893150049 0.630339485991801
0.000890221750171209 0.00133556883900373 0.489780636473675 -0.0164821167267684
-0.00496845489999983 0.00703855737657886 0.166402433822192 -0.297277577330078
-0.0079154128538527 -0.0132766415089142 -0.14395401590392 -0.239302595766499
0.00416448953062823 -0.00219161045690269 0.106517454590673 0.191850930588947
0.000184453502404129 0.0132210651062312 -0.124325948526651 0.19597866127311
-0.00145171485569758 0.0118038499164714 -0.411303206649305 0.0475668406039522
-0.00686722132844828 -0.01805337478856 -0.314632533491128 -0.443094579528047
-0.0167675738776357 -0.0043356259105009 0.394270678285408 -0.584022229528519
-0.0199946027552867 0.0130366549800375 0.698392076658732 0.101127646757199
-0.00921812600257354 0.0324443084117958 0.201737218713527 0.479465863181991
-0.0102712282072431 0.0164873524408392 0.0688072736061536 0.0542141465469608
-0.0213202337670049 0.012344115981615 -0.0184565906422798 -0.486860189655198
-0.0142599276075784 0.0100545504698763 -0.742150005777454 -0.325994714182131
-0.00254824323276283 -0.00403710978881884 -0.614691063303958 0.6330201052572
0.0023873704587119 -0.0146771210475696 0.341238490991657 0.620484736172093
0.000534742343979781 0.00366927825435707 0.492959788330513 -0.0248222693340971
-0.00618605987317231 0.00922762668074304 0.16427023716299 -0.297961516862429
-0.00931531787167565 -0.0102882157721805 -0.14528601678804 -0.242097103779811
0.0031297213173876 0.00215377348612875 0.105571509974067 0.191340489391511
-0.000750071386272841 0.0136101169573899 -0.12762990981342 0.19520595277115
-0.000606667951977672 0.0135533810044591 -0.411235867997131 0.0410059789005278
-0.00445513171529151 -0.0175791026312439 -0.304705191760325 -0.453442106591733
-0.0141371219476238 -0.00339039162234902 0.404378422385516 -0.577250251050662
-0.018847189129961 0.0104301607045168 0.693883298570001 0.12006239948451
-0.00798971952135574 0.0299631945600356 0.194345927712247 0.487737463580042
-0.00885377389996456 0.0120329890921388 0.0683280466178161 0.0553416200368996
-0.0215933323666803 0.00820539803908989 -0.0248210221886204 -0.483841207022493
-0.0152230230769453 0.0097214065802876 -0.749038905228066 -0.3044735072917
-0.000514807483406241 -0.00210376474765747 -0.602404563232982 0.643140255513082
0.00441388760559975 -0.0130888841476413 0.354886526813697 0.609233718538191
0.00151085929564875 0.0064500305710942 0.4946478730374 -0.0331434960880038
-0.00571398976159544 0.00941582166110599 0.16004179284001 -0.299157566257505
-0.0108177149426506 -0.0049403757972433 -0.1472423424068 -0.241637847364874
0.00121850233465194 0.00678067758920075 0.10397204980295 0.191681574630639
3.81916835659841E-05 0.0139013157884226 -0.129777116171263 0.195773296428449
-0.000812601816535294 0.0143926952150808 -0.407267465202121 0.0323817665352042
-0.00295008339351792 -0.0149380366488315 -0.290857645395222 -0.465171238015493
-0.0106735372662834 -0.00388844751140759 0.416151243679046 -0.568644878023194
-0.0188415450587372 0.0080514464594123 0.691170284614899 0.138135177616517
-0.00726131179226097 0.0249784150048351 0.18587010125587 0.494547809445306
-0.0074617638576777 0.00814205464812513 0.0684287742365082 0.0561285900727956
-0.02120411630687 0.00590333214297398 -0.0344712588681628 -0.481299969678649
-0.0140448298188347 0.0090668611341234 -0.754298341045499 -0.286319518913546
0.00199877929921118 -0.00111436451684051 -0.589520955504296 0.65735799019429
0.00505625809269925 -0.00949248273113593 0.369723823813825 0.595665247541642
0.00106441492349883 0.00755132277026341 0.496239021938443 -0.0419404547647686
-0.00452627643790836 0.00883272007747932 0.157412840458916 -0.298855818128697
-0.00919311119234679 -0.000116626576197506 -0.14982535827599 -0.239340197142723
0.0010713679320549 0.0104867551589473 0.102939886143957 0.194221291922999
0.00252952068839242 0.0112976883523701 -0.134287547993818 0.194576649671233
-0.00105657013483325 0.0124631109263094 -0.404799251841228 0.0268874363642307
-0.00184234074633798 -0.0107849581594989 -0.27548342219343 -0.476052585282854
-0.0064077159753419 -0.00240506121777893 0.431925434948122 -0.560055818856474
-0.0154878049553862 0.00559914307674482 0.685827145735568 0.157754602004272
-0.00588680527468046 0.0211661936921735 0.17676198184709 0.499603381718036
-0.00659103890971012 0.00292612333447987 0.0672487635569082 0.0556025758410552
-0.0190912419565281 0.0013790242024139 -0.0418096634772327 -0.478922058844362
-0.0106766323258052 0.00627963318417805 -0.758659693530029 -0.26651844823138
0.00577283761522023 -4.24660839711032E-06 -0.571776594171952 0.667722990716325
0.00547304578888487 -0.00593418941861525 0.382880694735366 0.582275424569992
0.0014920274149856 0.00624406204365022 0.497406191014251 -0.0485706651408438
-0.0031184376813694 0.00850393241952088 0.153578393773609 -0.297974171712691
-0.00815374730650201 0.00432602461578066 -0.149289322201147 -0.236337786594223
0.00360379414844222 0.013716999933417 0.101033421233155 0.195973172165943
0.00633369544260348 0.00896060598911439 -0.137317158400701 0.194698357218918
-0.00316408064698867 0.0121752190263462 -0.402986377543141 0.0231905049174097
-0.00266160115543557 -0.00735987298254748 -0.263247710537727 -0.48428757747378
-0.00431444934143352 0.000647016865934366 0.445843745543957 -0.551939334931791
-0.0112878087974681 0.00321339455252714 0.683780721197867 0.173411367138928
-0.00413464371120925 0.017007873595945 0.171008520680822 0.503060395291397
-0.00538120838703452 -0.000322371175531937 0.0681683500840022 0.0520649595311801
-0.0161649128519616 -0.00275634293812572 -0.048469318349236 -0.477824840130966
-0.00534293001640195 0.0018436023816063 -0.764821663664981 -0.25061714185972
0.0092129497992594 0.0016311024492199 -0.554211779879553 0.678802445675709
0.00706253974681608 -0.00060217860461664 0.393200889451932 0.575367954823128
0.000307952049908675 0.0058521107921439 0.497548772768771 -0.0563563688653861
4.95991035495118E-05 0.00559118126496593 0.150279951023318 -0.298026783628304
-0.00630263345861269 0.00828460023342988 -0.151919124933419 -0.231300384660677
0.0144124479406753 -0.00832053161831861 0.103385201157406 0.199899450508302
0.00595661074233585 0.00259192816018372 -0.124777300284488 0.198164440632717
-0.00529392742415048 0.00368200483650196 -0.417601950129685 0.0539252447469335
-0.0122220478378215 -0.0112864906305301 -0.315850848693702 -0.435988679426799
-0.0121552810027188 -0.00260226428697164 0.405459183636878 -0.581536087993796
-0.00952458252459291 0.00862765818110431 0.707245087189399 0.0901976084944275
-0.0033630062884192 0.0347677720099565 0.206979223930379 0.466684697508181
-0.0129226811445045 0.0215578721965546 0.074375135384971 0.0382553060324293
-0.0178912617989222 0.0143618901013213 -0.0163814123536043 -0.504668564861959
-0.00543744970011059 0.00787882408296922 -0.737157328173728 -0.327087734220208
0.0035331475582481 -0.000323575319183116 -0.601645607204443 0.642892281222629
-0.00228958579662291 -0.00626031936245085 0.344766248681664 0.630442879236624
-0.00402776840635201 -0.00428982282714732 0.488987606092403 -0.0234423950269805
0.00109445912712905 -0.00144811643516376 0.163185462146449 -0.298432100298164
-0.001568187516806 -0.0165595482027877 -0.146115650372072 -0.231141434477832
0.0106665747875986 -0.008250340373186 0.106885911460784 0.194595396124654
0.00298908836643358 0.00642808384186869 -0.123771894567429 0.198645106455185
-0.00320233058899542 0.00623696316491263 -0.416829939072944 0.0560065368648762
-0.0114863548725856 -0.0151792932016151 -0.322278189160589 -0.4313489428144
-0.0138996096922409 -0.00348817635034213 0.394343566037311 -0.587737228327131
-0.0124588033023692 0.0122789705780012 0.707311096197653 0.0839654076983215
-0.00458622107112691 0.0384324061981122 0.209321066483795 0.467754028385568
-0.0115432318984092 0.0248251423036606 0.071986658757862 0.0435555880647426
-0.0188997885741273 0.0179349381284617 -0.0137897049721192 -0.499690635215492
-0.006576851206977 0.0100759526119032 -0.734990265112446 -0.334732780290266
6.78021775981121E-05 -0.00365571569134233 -0.615416253757652 0.636584717347934
-0.000927061153302525 -0.0114081282936832 0.339244359778053 0.63232399305446
-0.00143616112664039 -0.00116782788512653 0.490742519707811 -0.0206492784007413
-0.00241683087938049 0.00229312933398934 0.165760863637855 -0.29900853966427
-0.00549677213846642 -0.0156769389757892 -0.146691536194787 -0.235705990484697
0.00754236810792185 -0.00564155545254203 0.10808956706685 0.192870303701384
0.000843704360060883 0.0109715061090299 -0.124026530123099 0.197686497468058
-0.00219853499591795 0.00955441846615425 -0.415848837720677 0.0551861294210259
-0.0100737235746386 -0.0153250390039593 -0.324415988170019 -0.433613843968247
-0.0159359656394218 -0.00446407611629144 0.385638725224688 -0.59072960379232
-0.0163814040975608 0.01329279074427 0.702138925364314 0.0864666923674205
-0.00628315670926906 0.0374091683445874 0.209960502269553 0.474043322353159
-0.0119626029844685 0.022585608486889 0.0713227278011477 0.0497155985838463
-0.0208317910562942 0.0157573736567912 -0.0130740492175423 -0.49467450206023
-0.011255128619505 0.0109587865326175 -0.73719407759048 -0.337395443649639
-0.00184383372019017 -0.00422833186232211 -0.619927607087712 0.631065487913606
0.000922091466907992 -0.013961595205376 0.33652984654736 0.63078518605629
-0.000277129987952429 0.000796094811704019 0.492551404852948 -0.0192676439388829
-0.00520669818850493 0.00633992358059271 0.165920211707779 -0.299034669554479
-0.00744369309068228 -0.0140071125433687 -0.146665913799642 -0.239846159759045
0.00526602366571038 -0.00197722515232591 0.108761800382649 0.190929997930497
-0.000449212271695767 0.0127764924940752 -0.125853327756078 0.196141547408347
-0.00176469678991015 0.0117728961014246 -0.413199973949394 0.0494394905637243
-0.00707333399666539 -0.0185473102339893 -0.315987624882833 -0.442455058590686
-0.0156445711421898 -0.00433618510966398 0.391222981906449 -0.587044757377733
-0.0190359855939006 0.0122852147316912 0.700432111486019 0.100941272679336
-0.0076040334214568 0.0328292418266934 0.205046886486391 0.481226460935252
-0.00963210806515933 0.016653473071098 0.0697412617004959 0.0536568378941711
-0.0222948870164446 0.0121801315374269 -0.0194293547961424 -0.489042828205186
-0.014297147455933 0.0102968211541861 -0.743343549323414 -0.323364066705042
-0.00143018483092839 -0.00456446832410358 -0.614214649942132 0.638986311002385
0.00299223189063184 -0.0145607529817471 0.345129491617338 0.620205647483013
0.000860128698172023 0.00469981263626754 0.495447161526552 -0.0257837683397523
-0.00695253127940008 0.00865865593197129 0.163279069272673 -0.299834571929029
-0.00929851825838594 -0.00978831622841876 -0.148310936280305 -0.241097113835232
0.00229743319053997 0.00130214253111598 0.107016037922018 0.191019326364725
-0.000308965551150854 0.0141158020903286 -0.128714567687852 0.197149919491776
-0.000543808352674513 0.0134660776609036 -0.410617406026984 0.0420234558140548
-0.00502104874920331 -0.0178948198203974 -0.306990410792634 -0.454530338723294
-0.0145394184698758 -0.00433909323436352 0.402490782736493 -0.579704865019527
-0.0198614231740045 0.0112308201589279 0.697019160036834 0.117265648248993
-0.00719784723940827 0.0294021693093483 0.194943981348883 0.488628429535854
-0.00932252331042921 0.0116982387314943 0.0687907431662125 0.0552630434565134
-0.0218826094749247 0.00965646596197647 -0.0268971729372953 -0.485958529359562
-0.0160985858702651 0.00921780385866288 -0.750913197466497 -0.30592154356044
-0.000711660870404387 -0.00351608784776727 -0.600445730386278 0.647198453744566
0.0035179900499237 -0.0126258468663479 0.359650346636205 0.60848475709783
0.00112098494680474 0.00632435702926213 0.496881993471354 -0.0354424795245578
-0.00600772352449387 0.0105056196750193 0.159054418949189 -0.299591401369067
-0.0103554722218325 -0.0045232206344452 -0.149850741264024 -0.241865442053399
0.00224767314733678 0.00620243201483531 0.106597454408149 0.19150469086378
-5.05558760178625E-05 0.0127239596667173 -0.130768033731101 0.196098289016514
-0.000918974483792624 0.013523149288274 -0.408603355917989 0.036096296118167
-0.00331936071283124 -0.0150461462792919 -0.293451705640657 -0.464771453456425
-0.0108617076076032 -0.00275107792047505 0.41559293379753 -0.571263799599905
-0.0189007819253622 0.00823159806170271 0.692160009748207 0.13822167836603
-0.00784890377627076 0.0251810417973948 0.186162410481797 0.495138958340589
-0.00657691676272081 0.00767220723220733 0.068940395524123 0.0562341159636295
-0.0201201219043147 0.00518673977440325 -0.0349250490214183 -0.482204574394938
-0.0132600235783417 0.00916552744792474 -0.759093405990056 -0.283076580177851
0.00223817926038017 -0.00107807909846036 -0.587401971695127 0.661356018657454
0.00571110632810938 -0.00982729069796347 0.373677602515174 0.595325761370883
0.00136680365335818 0.00735735233130333 0.497279175523209 -0.0419525033579681
-0.00488372328758817 0.0105164347227218 0.155316517734924 -0.30055546480675
-0.00975687646242758 0.000498993732944847 -0.151848508763533 -0.239271429736188
0.00165834677457069 0.0108863219069193 0.105790328835148 0.193863012983984
0.00275386014564819 0.0113156210312367 -0.133419410216046 0.195944623508246
-0.00136949732360595 0.0130254076129861 -0.404970460619391 0.0299052996576497
-0.00223112535139829 -0.0120208768232937 -0.279517166236737 -0.476434049789426
-0.00779288052918637 -0.00107545223757182 0.431448844044109 -0.5629506327079
-0.0149279006848064 0.00603384053540849 0.686443634164982 0.154774298970342
-0.00466443359094788 0.0213468339226068 0.179180236421435 0.501670753312431
-0.00577733424494608 0.00243195144576085 0.0683624038367949 0.0552093511195444
-0.0177268830725672 0.00124804809267335 -0.0422618058635505 -0.478421709147876
-0.0112516173025972 0.00629974530298131 -0.761902126733497 -0.264382933121982
0.00534036548074749 0.000750190459949977 -0.571244931871616 0.671646287570153
0.00668333888211695 -0.00569617965075987 0.384617592442441 0.583520541209665
0.00120859124641993 0.00863507152880643 0.499504292112088 -0.0513880933164261
-0.00279374192688683 0.0088825315412241 0.151409591859673 -0.299919841419532
-0.00899662825531759 0.00589680096793237 -0.152321399683765 -0.235485591644677
0.00312391845102675 0.0130103741340354 0.10285788900497 0.195354927506342
0.00517062479906567 0.00856612117434084 -0.137563769498837 0.197060217737679
-0.00218946663984887 0.0126035157144782 -0.40263399752255 0.0253508936545277
-0.00337409600422228 -0.00727053211347264 -0.26590728462547 -0.483606968444148
-0.00451883333216425 -0.000349571152709564 0.44586003558377 -0.554979171196302
-0.0113736110458112 0.00333632086275416 0.68512213650202 0.172535463787812
-0.00306530021955183 0.0176603947293968 0.172805684833733 0.503536961618
-0.00585639406546334 -0.000753878818122953 0.0689228390458346 0.0525117748728795
-0.0167080688441915 -0.00230125278339901 -0.0484950384843756 -0.479692052621659
-0.00617365984992707 0.00321342018894531 -0.766256391307657 -0.248378394594485
0.00972894739482496 0.00227256515502685 -0.552553445507596 0.684222273686164
0.00754126445364728 -0.00126401896672286 0.394483085061067 0.574177448389975
0.000576764597750258 0.00690708983578448 0.50035573737133 -0.0596512763169377
-7.90725148873562E-05 0.00593391583771056 0.149112625981647 -0.299889267667046
-0.00533769432766075 0.00841664343701037 -0.154742181297852 -0.23043846170181
0.01446441747248 -0.00814241291604575 0.106833658486404 0.199165038176478
0.00620561440132752 0.00215423197989982 -0.126049250433468 0.200497605392603
-0.00376107644655133 0.00372811186022341 -0.418944390927502 0.056667210954728
-0.0120533616670236 -0.011213927644553 -0.318236470724641 -0.435873390660533
-0.0128398558411579 -0.00202496643710354 0.405996875238306 -0.586198264534512
-0.00949118171801343 0.00939331926529983 0.711510500397312 0.089404388690751
-0.00269494101661054 0.0351760933751688 0.209127095418787 0.467503461640937
-0.0124536039995802 0.0208766065656784 0.0739048575467219 0.0372437096679056
-0.0168462693685033 0.0151527577823023 -0.0192100676400834 -0.506422103524727
-0.00492559701892133 0.00798944218836359 -0.74225970094387 -0.326644272652889
0.00303617344239966 -0.0014104416663877 -0.603167111680669 0.648945794223861
-0.00179460931058275 -0.00741951575625685 0.351994660689542 0.628269904622522
-0.00299450285982902 -0.00394721902907321 0.491620643038636 -0.0249138831632219
0.000260626398026868 -0.00208054986090953 0.162123083863832 -0.30052167631931
-0.00168962238484534 -0.0167009538267673 -0.149801441604248 -0.231083575440946
0.0109785678330895 -0.00804902517068715 0.108479768202115 0.19557625535071
0.00257979856384414 0.00658610693665277 -0.12464325714106 0.200020091837589
-0.00177495683680697 0.00614883539392962 -0.416750130023718 0.0593612737212523
-0.0110989910351715 -0.0145701916351457 -0.325210561278542 -0.433453959845864
-0.0138619465329825 -0.00358773200838633 0.392766769418345 -0.590424380341128
-0.0132857894360081 0.0126354867412669 0.707423919948858 0.0839699246662745
-0.0045113574004466 0.0388709370520277 0.212246910117609 0.469617977026393
-0.012915084967767 0.0249348324645237 0.0722505547796051 0.0432771111458114
-0.0188316285574082 0.0183100938674557 -0.0149382053424435 -0.503480176184198
-0.00662135131020433 0.0101207226035447 -0.739270176027269 -0.335431468990706
0.000681773458267157 -0.00364270838739342 -0.614907650667262 0.639694445946312
-0.000761943064927852 -0.0114113799978222 0.343005183686044 0.633699926848828
-0.00104416790084609 -0.00152717278822134 0.491367687609251 -0.0233970305041916
-0.00285260607162657 0.00292492717832775 0.164374872112534 -0.301453007250096
-0.00624370138640167 -0.0151516724589932 -0.148862095332425 -0.236516006641436
0.00874184428468524 -0.00524641592684827 0.111474621246084 0.192281719230316
0.000490755876778461 0.0107243538740446 -0.123962254119881 0.199991766934478
-0.00205181849769764 0.00981712405759811 -0.415321748492106 0.0578266898553894
-0.00962759024870706 -0.0166277188869362 -0.325548280492005 -0.434046996515228
-0.0161660077278422 -0.00298415470742643 0.387192442839196 -0.592541705486241
-0.0165305826795545 0.0135104170423801 0.704227313168679 0.0839575989196759
-0.00678128749487435 0.0374064475457945 0.211327346819954 0.475082936334393
-0.0115020074942861 0.0218681992047714 0.0714941154673129 0.0493920988852376
-0.0201133014472127 0.0155195877158945 -0.0135660005248942 -0.49676386210469
-0.0118665602531683 0.010987829600948 -0.740461973710842 -0.334377487051237
-0.00173932846497127 -0.00396218071401005 -0.621524110423359 0.636663632486722
0.00101825137824937 -0.014598849575817 0.34258222466214 0.631785097353183
-0.000326970029224912 0.00113096409754463 0.494046679172563 -0.0220234046084069
-0.00601039626775426 0.00598666118245453 0.164458089602952 -0.301029779004557
-0.00781259912725381 -0.0130760088477587 -0.150257471461665 -0.240253370750771
0.00425988756754173 -0.0036680984046465 0.11018648188574 0.190435012035205
-0.0010163902606688 0.0112550432831606 -0.125227294691381 0.199085678907667
-0.00165105062900044 0.0113015804702052 -0.414109596203222 0.0521112129546395
-0.008378326574366 -0.017756119652689 -0.319580783782606 -0.444052750282085
-0.0157883647606528 -0.00326540323907435 0.391172407846709 -0.588746977106833
-0.0185588339225051 0.0131492456082098 0.702233185935623 0.0980814373298135
-0.00716645976176481 0.0332720485288492 0.206725078260206 0.48355797590563
-0.00939248211895841 0.0166680783882582 0.0700675371126298 0.0521315334398203
-0.0219649939257875 0.0129282191299431 -0.0188055095149639 -0.493521775739834
-0.0164555635261006 0.0108055969634651 -0.748428352025942 -0.323331027426642
-0.00119909523326549 -0.00466809377773502 -0.614984785216339 0.642787824405953
0.00364579668796301 -0.0142926927958042 0.349038158856902 0.620561839852096
0.000970468400023028 0.00470988087713838 0.496629766092399 -0.0297370280755357
-0.00680115816212391 0.00954440857857466 0.160973450337489 -0.302214425287278
-0.0093528757693736 -0.00871450452104918 -0.150059775807998 -0.241585828501795
0.0025008936360569 0.00099227210553548 0.110598866465541 0.190545667298241
-0.000145316644579248 0.0141112226139972 -0.127610020022592 0.198211710057769
-0.00121148045838667 0.0135574657877822 -0.411451265822777 0.0451723387448494
-0.00541829258654507 -0.0171173656956385 -0.309513426906062 -0.454474630928135
-0.014891917030841 -0.00368359009466095 0.401545679202315 -0.583558101515465
-0.0197230312167412 0.0126358812567257 0.698892306684144 0.114571062204315
-0.00762978013729705 0.029630570070198 0.197629000782609 0.48965168839654
-0.00882942362545368 0.0129070570117303 0.0689881960399389 0.0549367236742736
-0.0215747067685984 0.00995946151422008 -0.0281036068238067 -0.488550855224137
-0.0157376339907019 0.0108339572624272 -0.755300344062864 -0.302677787188538
-0.000837026735463382 -0.00341066896610834 -0.600967616741132 0.654015686264206
0.00335925183249801 -0.0133041397243702 0.363397635418752 0.607527419609585
0.00173655433011176 0.00609659324337805 0.497930565025543 -0.0372902193462797
-0.00689444932761165 0.0108838387460461 0.157733727549348 -0.303015089366404
-0.01068886275355 -0.00425459829239081 -0.153185740196959 -0.24068451556811
0.0010940120104853 0.00520205387635665 0.109575458896925 0.19016489074643
0.000466370854214536 0.0129590658176408 -0.130950479239957 0.197932009984384
-0.000744182216224318 0.013515082562118 -0.408047053541662 0.0387374479385161
-0.00339242963203377 -0.0148472274219568 -0.297274944779386 -0.466145783393598
-0.0114536558902568 -0.00246326126173456 0.414053928016435 -0.576166869052256
-0.0175709860745371 0.00919671627179313 0.691893735938036 0.134477242108344
-0.00529900509152714 0.0259744276479553 0.1887816210703 0.497134608778975
-0.00804582011793176 0.00754964417790559 0.0688063151889531 0.0560015645924512
-0.0195436655043863 0.00564974037276157 -0.0358338798388809 -0.484842738583432
-0.0133351069135879 0.00831088784482389 -0.761412187659852 -0.283285622472806
0.00184167486373061 -0.00191703300292511 -0.587485024668927 0.665739892157314
0.00589322339377352 -0.00927964721115756 0.377465155751929 0.595066322186006
0.00170960691043943 0.0073723794511848 0.498882886743093 -0.0469333434838255
-0.00511922715582516 0.0102687454179706 0.153270158096246 -0.303265058196457
-0.0115547088389578 0.000684430888403718 -0.154014703533127 -0.239256231587525
0.0020258282943967 0.0103756504777261 0.107441773006463 0.191840137848088
0.00305913406529342 0.0123844680121699 -0.133873875198442 0.196726370313736
-0.00131997327644923 0.012947938797185 -0.406372091133118 0.0331930661825112
-0.00347636096909521 -0.0115634701463163 -0.280452807587079 -0.476620940389502
-0.00822128651260214 -0.000569755455425411 0.430296499586803 -0.566319867430672
-0.0150317392931421 0.00660910557959023 0.688188866100384 0.153700464661917
-0.0056646546613657 0.021811523443581 0.180941252521228 0.502910962007403
-0.00580102420195997 0.00186342038721413 0.0687950920882974 0.0542729657334683
-0.0194441018792092 0.00176895057924865 -0.0446727087778626 -0.482257944196534
-0.0104475081601228 0.00497777021950143 -0.766934490953073 -0.263370366176032
0.00438572908935774 0.000800378419717918 -0.569221072843036 0.677244385321048
0.00579993969381533 -0.00638630378180222 0.389184419788547 0.583676069085765
0.00200014431741393 0.00692342413766956 0.500774633637894 -0.0549597608251813
-0.00298050360159952 0.00924183871615223 0.150689186215329 -0.302127466773938
-0.0091583277083654 0.00498485607086588 -0.15569785033055 -0.23656612422097
0.003789184752923 0.0128807191401077 0.104873261863301 0.196520446691626
0.00516238915734307 0.00777911122933246 -0.137451888023848 0.198700502381875
-0.00196980550542272 0.0123183624984053 -0.404544394238586 0.0264684984076938
-0.00366229189987436 -0.00667771167955018 -0.268119464222646 -0.486093246647111
-0.0046784521514483 0.000149384820216399 0.444105658143251 -0.557641519471217
-0.0120483114518673 0.00370099340861546 0.687004863643956 0.170190744563432
-0.002342063790333 0.0177057964412583 0.173952396071673 0.504351385748507
-0.00536169678680645 -0.000952514551458299 0.0680959217056522 0.0523134482465166
-0.0161548978224174 -0.00278709811969912 -0.0507822788463871 -0.482209323454888
-0.00560644422425765 0.00238457433367335 -0.76940501143185 -0.245505409396226
0.00988207852731015 0.00139986878658733 -0.552695208063494 0.688920902437527
0.00831506653198909 -0.000354026377559175 0.401722030048812 0.574518282416732
-0.000248188693576226 0.00654970532613065 0.500305697682935 -0.0608555231736446
-2.21715270079196E-05 0.00549782428676233 0.14776838775391 -0.301912543735081
-0.00643157434902177 0.00843263397556203 -0.157966639015231 -0.232060824970385
0.01448379398558 -0.00857365383479114 0.109374062530611 0.198459273366903
0.00647245090791137 0.00273922471383327 -0.125204009886186 0.201657695238032
-0.0036306817571269 0.00391136395975708 -0.420177761333795 0.0590075293963308
-0.0118180562672395 -0.011294115481468 -0.321841144051476 -0.435195631149537
-0.0120976979655668 -0.00322489494465652 0.405376812663151 -0.591207244547274
-0.0103974326137373 0.0105459535838459 0.711859449272934 0.0878616078689444
-0.00278518421625582 0.0361927219526195 0.210627639799455 0.469055657039697
-0.0123611570163806 0.0211095882580442 0.0747430262307995 0.0379426234879068
-0.0170124636089118 0.0155969973946528 -0.0212995719747482 -0.510193656357243
-0.00457173008394064 0.00728270896828243 -0.747962446783795 -0.325557466657777
0.00204056778465667 -0.00127522138798267 -0.599926895902128 0.653343158760325
-0.00231672698852594 -0.00633484739518161 0.354460152545897 0.630393797835112
-0.00323838827474244 -0.00289324699259956 0.491731666050369 -0.0282240215922562
-0.000327258682476133 -0.00180090499794059 0.159402438553037 -0.302307321740372
-0.00361495051209887 -0.0150402871912355 -0.152931391631419 -0.23139671826523
0.0114170725754771 -0.00903443015174712 0.111892791388667 0.195517907034808
0.00188427762323139 0.0064602852522985 -0.123454422459648 0.199264469173097
-0.00271557325102696 0.00684570282514026 -0.418899494313461 0.0615594219866092
-0.0119783458616148 -0.0146968655182509 -0.327875536469368 -0.43261308356977
-0.0142088118181459 -0.00302112573450337 0.392545057051664 -0.595982107031265
-0.0117591641638704 0.0136093640846821 0.710750172817491 0.0811348123247189
-0.00393110960700408 0.039537153585703 0.213493687017887 0.472235604436371
-0.0128743140508332 0.0246846377655004 0.0729627556060975 0.044088223637315
-0.0185047446004328 0.0187314716045979 -0.0178664017939004 -0.505492855979094
-0.00696803333978597 0.0092872152511761 -0.744995147839037 -0.332944223627062
0.00105488118084895 -0.00448643240664029 -0.613124019335459 0.64806765643367
-0.00065582796396781 -0.0114635420660559 0.348050345401401 0.63452281817949
-0.00117899798372793 -0.00125987904315721 0.49317502810412 -0.0246189061517287
-0.00182272378921924 0.0031685590337503 0.162784189322738 -0.304169475480685
-0.00578940873058157 -0.0155867632745469 -0.15237105037972 -0.23552064416534
0.00718418592801803 -0.00574064103686345 0.112046667465871 0.192399568848014
0.00154949284107645 0.0100500059386577 -0.123342690414704 0.20061189232328
-0.00246814086859251 0.0100464143203699 -0.416469130046586 0.0611941434457472
-0.0108898564578186 -0.017284538172444 -0.329500171610979 -0.435120047068687
-0.0158113845149826 -0.00318398660445514 0.3851923298501 -0.599037946044226
-0.0163799781883092 0.0151189335849552 0.707911408679093 0.0809973465358365
-0.00545732949769918 0.0392447075727891 0.215366529670579 0.475483141737363
-0.0120788777747198 0.0214268470740829 0.0710630253870709 0.0485406214861803
-0.0204512520675506 0.0177070598405625 -0.0155362339909191 -0.500626738888118
-0.0116982782658295 0.0103969918414553 -0.746815318012909 -0.333775588932597
-0.000971933376224567 -0.00437303982323682 -0.62038213996295 0.64140089126346
0.000789877846297999 -0.0134846006960774 0.346932867530282 0.63299642201196
-0.00104165287354845 0.00174520916681964 0.495436431785762 -0.0249200827208926
-0.00480738165709311 0.00607852683482616 0.161802879298261 -0.302976416687552
-0.00834429750832525 -0.0124525135497989 -0.152725052935806 -0.240044743329285
0.00560399635091479 -0.00369088126421547 0.112847165847855 0.190782390590191
0.000133815026345532 0.0129018973860031 -0.124947285119604 0.199751516359014
-0.00143430061179169 0.0111132630715814 -0.414971446758925 0.0564116452723957
-0.0072913850932782 -0.017733325199497 -0.32359550898848 -0.443655256017355
-0.0170894199727063 -0.00371987761467271 0.390401230741117 -0.59490403955485
-0.0188962623117738 0.0141016320888619 0.703382250947642 0.0953441754900856
-0.00727249489099368 0.0344768053306062 0.209069375264471 0.485220264851429
-0.0105601475292855 0.0174613490276973 0.0703249773691195 0.0526489064394997
-0.0216237700605694 0.0135092769999475 -0.0205307497132505 -0.494972939318202
-0.0149331197191921 0.0113646006473006 -0.751637692897381 -0.322591735725981
-0.00267735560736765 -0.00362814889530245 -0.615301290453944 0.644533101981589
0.00306225000847963 -0.014923771002409 0.353596374699086 0.622197967910756
0.00145420264417878 0.00344793360833443 0.498505847107403 -0.0313590613702446
-0.0063171508682397 0.00943186462978961 0.160645530125943 -0.304540711687769
-0.0101741856555164 -0.00945063321377676 -0.155048181792865 -0.240844903606384
0.00350680408500827 0.000434269032122401 0.112765011523617 0.189451275143733
-0.000670943321399527 0.0131703247701494 -0.12770978954443 0.20023578039699
-0.000142075687285441 0.0132061586551753 -0.411872948429535 0.0482191579609231
-0.00495348207519017 -0.0180296066884905 -0.311664596636202 -0.455846518994651
-0.0148105095114443 -0.00316929860691499 0.400820684880039 -0.588021896795218
-0.0199616120222709 0.0127177757859234 0.699620775563692 0.112863878256671
-0.0068299743882778 0.0306550058126923 0.198955372195527 0.493870624395241
-0.00816953440013556 0.0130881931550564 0.0691101462896363 0.0545660860551263
-0.0208064724366738 0.00941705980337359 -0.0300094884135905 -0.491161113488726
-0.0149257651943928 0.0110212704252836 -0.760015548624815 -0.301817702457842
-0.00114880559548881 -0.00326759418857281 -0.600658386912211 0.659419094183576
0.00497220352200108 -0.0127991391960402 0.365920856159949 0.609372414941689
0.00228040801838663 0.0062421607125808 0.499277535894175 -0.0413949745189759
-0.0054580059247294 0.0107227687950786 0.156005055634459 -0.305619011129171
-0.0116071345338789 -0.00392716879163665 -0.155981098303638 -0.239708971798155
0.00221105680500153 0.00500705614954098 0.111657032767242 0.190318869025782
0.000993033788433106 0.0133409588881307 -0.131210913882751 0.200437185224345
-0.000319142498348912 0.0135989801069213 -0.409054331440005 0.0408738026576168
-0.00375819932824555 -0.0151961854090669 -0.299103106570928 -0.465634654825322
-0.0120890010598231 -0.00360387091616881 0.413496198221133 -0.577470918219487
-0.0180158359163218 0.00909083498124839 0.698378744391092 0.135781293916021
-0.00614096494081169 0.0266671769630101 0.190522533746722 0.498695371759369
-0.00763178272753518 0.00750463560786934 0.0687951080219434 0.0557165498850631
-0.0199145184450095 0.005768894657357 -0.0373657096060174 -0.488033889247128
-0.0138112067911579 0.0089086191862309 -0.763462752360689 -0.281415560178757
0.00161596991610474 -0.00176502790230067 -0.585969896487675 0.672594062551367
0.00464826869182259 -0.00966541750332263 0.380886667166954 0.597684553989817
0.00267084145481665 0.00712352534127271 0.501058932332076 -0.0479014123353894
-0.00558609160828909 0.0112262056679802 0.15202184940832 -0.304658616629936
-0.0118637166630577 0.000716284237698222 -0.156575932469513 -0.240000001841785
0.00269615072977624 0.0095467916734659 0.110158211345731 0.191894054192056
0.00190188827807198 0.0112197024935652 -0.133170479629903 0.199881702290686
-0.00013975693468187 0.0141108460941269 -0.407410565515784 0.034960170183616
-0.00275388275177816 -0.0112291886063629 -0.2830472957142 -0.477068003125645
-0.0084439567972341 -0.00161250817423479 0.430358341737109 -0.571425595500572
-0.0147984863136186 0.0067816554582617 0.692271740715263 0.15282176035531
-0.00501230147769842 0.021590706826662 0.183545901755953 0.502775717266265
-0.00699178696169553 0.00314417565792683 0.0687765760722174 0.0547164613063747
-0.0187729721155291 0.00137065334469647 -0.0453314763161533 -0.484550280847811
-0.0104375961664907 0.00618341539930998 -0.77075435394869 -0.262809666779945
0.0060902662246007 -2.1023065449374E-05 -0.570176848644135 0.681723183323324
0.00681220827073731 -0.00551014861077528 0.392990417342216 0.584596808757928
0.00173467187404332 0.00797721889723034 0.502618019109923 -0.0573919863261139
-0.00207088684267896 0.00842680963187625 0.148497595794423 -0.304205221336758
-0.00904791588165231 0.0065389863402533 -0.158273805287243 -0.235287730711817
0.00250703967754995 0.0127107196272364 0.107089926253662 0.195040044064817
0.00524933163130569 0.0090338698367232 -0.136963974587506 0.200034362018783
-0.00169309679496274 0.012291042256072 -0.406022905759988 0.0294549669730949
-0.00268652037342195 -0.00704013840109699 -0.270984669825798 -0.485728950030514
-0.0041476083229881 0.000676009315222664 0.443231420488455 -0.562816754601848
-0.0112176578045398 0.00362468760661525 0.689959595316615 0.169064081045982
-0.00191680534286216 0.0174748962134257 0.175974001168702 0.508822181662877
-0.00534963209479856 -0.00149140739037406 0.070177427176332 0.0522495997329481
-0.0160932106847593 -0.00227362120471247 -0.051169748331497 -0.483696492912315
-0.00678999493116623 0.00316862315790796 -0.773472961075474 -0.245605861119761
0.00892043443543898 0.00198848120874623 -0.551703117292155 0.694298626400599
0.0086887513335347 -0.00145383410880501 0.406094000124892 0.575788827010673
-0.000193041084848608 0.00652640384044601 0.501469176767549 -0.0643007534154099
0.000622717862300896 0.00585505459843037 0.145619217466691 -0.303777066187179
-0.00664254226870275 0.0091070635216346 -0.160750793037795 -0.231014650130412
0.0139870413979241 -0.00975647548712176 0.112627032714663 0.197798123749526
0.00579162886437785 0.00209885768271295 -0.125385506326387 0.202301352868917
-0.00408217053610136 0.00368992744693428 -0.421349301010636 0.0619290115387756
-0.0127364082705591 -0.0106042061728887 -0.324602324443967 -0.436436160889415
-0.0123280400413116 -0.00220675320055566 0.405686658942847 -0.594558758613008
-0.00963094562941512 0.0107820515989968 0.715682629627432 0.0837176234655743
-0.00270090425370232 0.036062431472754 0.214003677990533 0.470034983993713
-0.012269162339589 0.0215517874077351 0.0743291335426855 0.0364502295659811
-0.0175196348723872 0.0152491760028353 -0.0219740231937627 -0.512606997149152
-0.00423914021089967 0.00765289549378418 -0.75195266802227 -0.323896300961416
0.00160514742263202 -0.0019114602635198 -0.598423085574525 0.661772540688133
-0.00237199179905276 -0.00666308206743343 0.35867375066363 0.631330799361758
-0.00271087213930697 -0.00283396954655742 0.494688971681827 -0.0303193002946056
0.000291914533859863 -0.00129488258382497 0.160033532009328 -0.306273534974977
-0.00295539793639509 -0.0158133854674908 -0.157012790223923 -0.229880918360519
0.0107985879387443 -0.0100347665257839 0.114665685129466 0.1946318833004
0.00322198350465909 0.00696098341843309 -0.124709748674728 0.201894877463382
-0.00186163741296394 0.00627135052473302 -0.420181810443994 0.0647559695246203
-0.0124523474842146 -0.0147645072172851 -0.331293214001484 -0.431778324928531
-0.014629414881358 -0.00270762415171476 0.391234007908087 -0.601285050739015
-0.0118468490959307 0.0134470768875134 0.713754516100944 0.0760757968175489
-0.00344279026548813 0.039689878650683 0.216368876420805 0.474115317390732
-0.0117951454873475 0.0244909825103309 0.0737357715403102 0.041837816892504
-0.0188922267422498 0.0189151950497641 -0.0205887202647773 -0.507970349850759
-0.00744472964162485 0.00967466544277033 -0.747922830865686 -0.33288099861337
-1.73396536629518E-05 -0.00422414746451899 -0.61222731050795 0.652310113623939
-0.00128525358858895 -0.011362068034075 0.354290923312343 0.634437567979805
0.00033058311938515 -0.000445684188188709 0.496695074724721 -0.027909135987222
-0.00298480412178499 0.00371124551192579 0.160576604665513 -0.30612392919117
-0.00688265670924301 -0.0149452895117852 -0.156210379621498 -0.236025575548207
0.00730847785324057 -0.00728259214162574 0.115779052222379 0.192524142224357
0.000202732425651518 0.0101237913198662 -0.123731033724569 0.202533300643906
-0.000764610758898275 0.00908599269478465 -0.417253676172658 0.0656458746307013
-0.0114466272196019 -0.0168867758910924 -0.333334723781954 -0.434726400902427
-0.01632690983465 -0.00282518112918806 0.384682871152205 -0.602117223818838
-0.0164599526720114 0.01531294654245 0.710634875202478 0.0780989915384209
-0.00441368017985343 0.0374699697914047 0.215789195965995 0.477570193149078
-0.0107157438188552 0.021116248487617 0.0713706663251985 0.0480088910304887
-0.0199907814379407 0.0165251387462678 -0.0175419290030318 -0.502274565932908
-0.0125170047046714 0.0109846685450052 -0.749527081004547 -0.333157983447511
-0.00113497165892078 -0.00437156062275802 -0.619733558430924 0.648107789952643
0.00205574079338867 -0.0139663987829124 0.350713866885926 0.634764911369304
-0.000127124556261098 0.00137641812636877 0.498175490421166 -0.0278426863329295
-0.005196343073857 0.0065812792174041 0.16110941241772 -0.3074743306075
-0.0102530858381643 -0.0113173904781836 -0.156724669279205 -0.239779459188921
0.00466726627944872 -0.00454713946431765 0.116422962170703 0.191022216016863
-0.00147347286043784 0.0131304570735341 -0.124425720583278 0.201671432406301
0.000765629886362358 0.0104105683545326 -0.415603439807881 0.0587071401248031
-0.00874929725096723 -0.0184464740447715 -0.326054854976448 -0.442989398390105
-0.0169387888636849 -0.00360211822643707 0.389806795182044 -0.599074764884601
-0.0194057253708478 0.0142237317029299 0.707242251126662 0.0922951375405344
-0.00613921140197228 0.035716749629842 0.210175094500051 0.485982742588094
-0.0088359791742056 0.0165352589528425 0.0705618325972464 0.0512873773700366
-0.020802290307554 0.0139937660054748 -0.0230270348467532 -0.498594749685013
-0.015477243312857 0.0108300722183921 -0.757272808224991 -0.318366270396719
-0.00209350702546304 -0.00421090104464864 -0.61227648691247 0.654367704171528
0.00258081960494779 -0.0143429278952024 0.358034862489026 0.622344669147701
0.00137480745898162 0.00448590717462585 0.501536998943728 -0.0339367569178607
-0.00588710727316432 0.00904129278608544 0.158105093091444 -0.306925349253415
-0.0108870759115272 -0.00763919313229504 -0.15835858628869 -0.241016024722808
0.00266678349786125 0.000573139462281449 0.11507470199972 0.189906901704967
-0.000383346067268123 0.0139195225475265 -0.127419573528038 0.202159538913054
0.000354190556335434 0.0129439077636817 -0.413800650164292 0.0517456886679314
-0.00564447480917983 -0.0178099430039721 -0.315798699115073 -0.455473792813762
-0.0150274944143818 -0.00372852166715784 0.400469210428666 -0.592437049516527
-0.0191337514820727 0.0128898311549005 0.702384387390238 0.109826294636475
-0.00699023364186399 0.0315743330670755 0.202762940002383 0.493796487499669
-0.00761457230154946 0.0120883058409237 0.0696092947045197 0.0546726169512415
-0.0210208287053832 0.010802477604981 -0.032706951336442 -0.49413560261807
-0.0159337490348792 0.0108617840006321 -0.764930033483144 -0.299984290786363
-0.000901723960766709 -0.00332011607227343 -0.597596744529758 0.666782258537828
0.00484269272875591 -0.012977268040369 0.372489845624336 0.6083073561301
0.00238755161198004 0.00646133568642145 0.501756668272065 -0.0456156752442616
-0.00628334316188787 0.0101294762096215 0.154545198781265 -0.3080348392637
-0.0124063655705071 -0.00302919904930217 -0.159156556127266 -0.240434083370549
0.00157343520639581 0.00525882312755384 0.113715616718881 0.190655165266969
0.000557440183439852 0.0136674867245261 -0.130569050044697 0.200898426779999
0.000443109541803803 0.0140868530056275 -0.410117598453901 0.0443900100916627
-0.00451039074024838 -0.015481927117157 -0.302625153726911 -0.467140974072704
-0.0129012986742714 -0.00327069039257941 0.412852565240658 -0.583936061853344
-0.0186371234481086 0.00946046926348021 0.699622730436851 0.131687858364058
-0.0051140211237337 0.0261745565321125 0.195278734125643 0.500391790045619
-0.00713743317439645 0.00649789606944717 0.070188654209559 0.0546155077681262
-0.0209485953245633 0.00607126902115075 -0.0391597086458656 -0.489582870526462
-0.0145622365631003 0.00937893191976809 -0.770597927127908 -0.28078941511034
0.00194272822957397 -0.00206547527209754 -0.58341570555395 0.67942208489501
0.00612212206403077 -0.00958649545599853 0.386296330036655 0.597007774738933
0.00255057194653188 0.00775071564481603 0.503677559624415 -0.0515537789327495
-0.00543770623030541 0.0111286684506051 0.149909780525185 -0.308338487880914
-0.0118396619354447 0.00329900965975111 -0.162433867277263 -0.238586736881184
0.00115190616728265 0.00887903651929575 0.11297386823684 0.192623789554013
0.00162772987456311 0.0112019619671916 -0.134227205372487 0.201255886305412
-0.000582132218815892 0.0132556179711248 -0.408732079593248 0.0389759861665571
-0.00312721185541797 -0.0115745984251114 -0.285837327595413 -0.479653569302731
-0.00833405123265694 -0.00107657321341851 0.427538708304125 -0.57588111220641
-0.0160966238085031 0.00699787069373825 0.693779407924894 0.150214856613957
-0.00345100001184841 0.0221619111236725 0.187686866226204 0.506340631805901
-0.00624155599650801 0.00189376872368255 0.0691612975391837 0.0537067969767318
-0.0190375674188639 0.00204797754068694 -0.0487875468997552 -0.487885555275265
-0.0102444303206985 0.00623335995033323 -0.774033618363514 -0.260848946807486
0.00554321303140971 -0.000119139023153475 -0.569078094565318 0.689593894404736
0.00638692317747887 -0.0059071758193807 0.398524077453783 0.586081347675607
0.00232918560795166 0.00813751358291232 0.502338260143905 -0.0622976287717334
-0.00283294881384934 0.00920541672460664 0.147355682035477 -0.308530363182757
-0.00907069934698008 0.00600086494824989 -0.163688182419514 -0.234880769578925
0.00501994426093432 0.0129463676490371 0.110329153540536 0.195326166589228
0.0051097841635268 0.00858317874242823 -0.136492845466468 0.201409074173279
-0.000875554554051145 0.0119867839899784 -0.406759302996192 0.0341102346222717
-0.00339142436190443 -0.00744778342222435 -0.272944409397526 -0.487477560416192
-0.00552809213446997 0.000565073702135238 0.440840502157327 -0.567250984911236
-0.0112274751829524 0.00506273259227477 0.691149626341374 0.165425280900187
-0.00126032804939065 0.0176152092057757 0.177806574217276 0.510046345788453
-0.00565529691189435 -0.00185866710539188 0.0712233978519266 0.051274999772734
-0.0165244187985531 -0.0024994250786932 -0.0551065526075592 -0.4872523719758
-0.00700364485359873 0.00274291365857418 -0.778723170101223 -0.242623483440145
0.00898946484836636 0.000942947690589827 -0.551387518711009 0.699977731546057
0.00842018567192834 -0.00105582307608679 0.408574228030755 0.57514026549295
0.0002931516954409 0.00697027587676694 0.504589120175804 -0.0682205129811195
0.00043516523979269 0.00582911509993661 0.145781558567183 -0.305056878105993
-0.00673242035884135 0.00987752330584273 -0.163847566760025 -0.231640791357807
0.0128558511467651 -0.0100992864852686 0.115276201065923 0.198305647277556
0.00598384147511324 0.0016717013061945 -0.125239834877382 0.206602586978707
-0.00374862664217562 0.00347791137050616 -0.421302139054289 0.0670312363783544
-0.0140249028307208 -0.012007370315225 -0.328392332286763 -0.435259906047387
-0.0129365032071203 -0.00162761539306266 0.401827462262513 -0.600683781477826
-0.00916004865937579 0.0115803729556308 0.718454110441067 0.0810800338651548
-0.00220762203241899 0.035637286166559 0.217398623717495 0.473253024342044
-0.0120593299101559 0.0229225083135322 0.0733186805098701 0.0361217780538503
-0.0175209687477076 0.016428357749176 -0.0247496238264543 -0.516090287169749
-0.0053918310340123 0.00780873707572895 -0.757831941626554 -0.320573988799333
0.00199252014955258 -0.000914264053870593 -0.597132857950499 0.667985485580999
-0.00184310892587304 -0.00601432160569981 0.367089385559255 0.633100946255385
-0.00321796225329411 -0.00293619167791775 0.496106124210886 -0.0360190260075197
6.43890270887026E-05 -0.000244827568527844 0.156510492669549 -0.308427820184434
-0.00276080138998023 -0.0145950629821899 -0.161173186857256 -0.229736255223043
0.0113412252015134 -0.0107266691954308 0.117340536022109 0.194046539084223
0.00302998812604244 0.00620657515415907 -0.123400531700066 0.204382872843069
-0.00205838751896642 0.00615634329270352 -0.419637631515001 0.0689251794142037
-0.0126705186902339 -0.0147377401221998 -0.333806832126301 -0.432846227969345
-0.0152442305057655 -0.00288539528401264 0.390895531354638 -0.604801747214559
-0.0128351468463733 0.0147824353010706 0.71654108689549 0.0723638711227416
-0.00269111492689686 0.0397958394345399 0.220142270620624 0.474726742676923
-0.0123776250143174 0.0247723250969214 0.0744542559171194 0.0412373762167371
-0.0185694977758997 0.020064606831854 -0.0217907151192889 -0.512034620947098
-0.00784640630270269 0.00982229861502426 -0.753863564165958 -0.330504489727594
-6.15524074758025E-05 -0.00380093074412149 -0.611508451901814 0.659765831985548
-0.000406136587888955 -0.0114039482094776 0.357443264903911 0.635827852603071
-0.00187460472769545 -0.00159927074755096 0.497155890852643 -0.0328483690957558
-0.00294748632932645 0.00245480759609806 0.158424184688254 -0.309661092692515
-0.00667288885543292 -0.0152389351172116 -0.160942751107998 -0.234997170331639
0.00825629917319689 -0.00824381982544095 0.119559795576314 0.191113585530223
0.0012288895962784 0.0107054006627664 -0.123192706109961 0.204237761170307
-0.00100371810283652 0.00875190429353465 -0.417623115959457 0.0684503920918984
-0.0113026752510562 -0.0163560571556257 -0.336879113910268 -0.435031880382826
-0.0166650226816348 -0.00267937552369565 0.381983546897527 -0.608769526785647
-0.0152540372507395 0.0156152392238111 0.712596854788778 0.0720335626277113
-0.00426286329124172 0.0384937737775865 0.21918073944436 0.478271313049064
-0.0106533574752582 0.0215640465553608 0.0722057656788176 0.0484605415427859
-0.0198211818005178 0.0171535771616319 -0.0213491171334144 -0.505337578882477
-0.0122745977101464 0.0109395284809084 -0.754797356229367 -0.33107887035714
-0.00226644755491421 -0.00525524426306191 -0.619489070236082 0.65406789446798
0.0017396171499225 -0.0139172593640619 0.357461012060504 0.634889635587071
0.000352703550138011 0.0020742278612848 0.499889285138903 -0.0324597913765865
-0.00437378508160899 0.00646111496470491 0.158303834936181 -0.3092304144904
-0.00987887705157152 -0.0120825190016657 -0.160798967449391 -0.239362780122939
0.00439339014357175 -0.00508200940868844 0.119634038147051 0.19062901075198
0.000221267923884772 0.0126929748529072 -0.124865700583763 0.204724528727494
3.67814919153566E-06 0.011451658695566 -0.416662718882132 0.0619158566741394
-0.00873294613471384 -0.0182440061755752 -0.328667527514473 -0.444302720453071
-0.0167602615610786 -0.00286630506926132 0.38672738182365 -0.603729706993803
-0.0187377440494668 0.0152742555852537 0.710514430196126 0.0885551717559212
-0.00559399331857156 0.0354684324658626 0.212659014949167 0.487592681675213
-0.00961338765363126 0.0160958008379433 0.0712735542892566 0.0518930007008114
-0.020685473916108 0.0143375872137063 -0.0260386332109675 -0.501685722443973
-0.0157069575265637 0.0107576582341782 -0.761894021492727 -0.318065833912169
-0.0022265789112019 -0.00581885764626439 -0.610873190125047 0.661306122498544
0.00336263545615288 -0.0157490788528159 0.364012008806446 0.622305995069634
0.00155272257898956 0.00447873015291937 0.500230051052368 -0.0383321883235862
-0.00630697591243355 0.00905793001972501 0.157143564607207 -0.309681675293516
-0.0106091179835082 -0.00861312096101345 -0.16177437354066 -0.240244259779641
0.00280658130833659 0.000627124470665396 0.119522266920056 0.188530422609464
0.000282605970787535 0.0135420588995714 -0.127291281561973 0.202445862104918
0.000340907265585241 0.0133233856443758 -0.415012718479953 0.0553862234975107
-0.00644587774405101 -0.0175599734610212 -0.318889527582356 -0.455806291743204
-0.0152853731470087 -0.00310056962143543 0.399667072402439 -0.597624433602201
-0.0186940728155248 0.0126634985187762 0.705751081793026 0.108130749393942
-0.00566416189597337 0.0303812057416486 0.206160503373036 0.495626437855331
-0.00880361381295272 0.0118244593729222 0.0706164929353674 0.0542877188957889
-0.0204906084969402 0.0111171703732722 -0.0342263026329855 -0.49743493486266
-0.0156115141845346 0.0105502571933798 -0.770034660814517 -0.296692607477418
-8.86534179401072E-05 -0.00407340561902747 -0.600197817911605 0.670745654042272
0.00424523182572316 -0.0131132248398196 0.37875863073378 0.610663694416167
0.00288826606103831 0.0064664190989242 0.504272472361933 -0.0492283943168142
-0.00609649038870306 0.0108487321104034 0.152112121421749 -0.3100987301789
-0.0129382426327199 -0.00250080930007632 -0.163254646850324 -0.23999909649472
0.00168885768865746 0.0044369485867345 0.117005984663778 0.189854393938923
0.000980322509759232 0.0120950491187979 -0.130295269418304 0.203022574217297
0.000332342785781003 0.013565721000513 -0.411656243528104 0.0482958533318499
-0.0043095631672932 -0.0160449493458288 -0.305317147822122 -0.465741119489227
-0.0124064376331452 -0.00167730829642104 0.411227540444466 -0.588051870533051
-0.0179695988460962 0.0113170024532967 0.702615464142615 0.128231851966541
-0.00444969020008226 0.026027442703211 0.197768274769462 0.503774538120028
-0.00682520752723716 0.00769201868400578 0.0702667410248679 0.056358305346957
-0.0202593150253428 0.00612152206871007 -0.0423568916745548 -0.492044819274074
-0.0140129967091461 0.00969021543550312 -0.774992947113362 -0.276824280820057
0.00161918766624702 -0.00211433391574466 -0.585067360342478 0.687322749135228
0.0055816581290901 -0.0108073266537206 0.392200824889787 0.595627323237103
0.00265085616829284 0.00896550717732493 0.505155432866607 -0.0565943217732367
-0.004673452474568 0.0115125582689314 0.148147779111519 -0.31012366732903
-0.0108382227241126 0.00292515982217518 -0.165773828325837 -0.237754899530939
0.00268970402423319 0.00832780583869023 0.115994884031007 0.191646411245207
0.00232384503765768 0.0116139550941496 -0.133500849987524 0.204833813704097
0.000464177862501443 0.0138388715577955 -0.4086740916991 0.0416921504428905
-0.0038776323122059 -0.0118711949540052 -0.292343041640366 -0.48000338175725
-0.00795916820034502 -0.000612452378104528 0.427628238288026 -0.5803543939939
-0.0155490913722934 0.0082199304046404 0.696792136071652 0.146939481570663
-0.00281419652661298 0.0229664122032534 0.189734662236802 0.508883468921185
-0.0056538008289516 0.00291154558871141 0.0701299224432655 0.0538527531718748
-0.0186695734032353 0.00205930245296202 -0.0502344398680584 -0.491502687038166
-0.0104955357740704 0.00646585876663978 -0.779879652492664 -0.257038446174578
0.00487607611761852 -0.000532721473648928 -0.567591830582613 0.696802724939149
0.00720358802121988 -0.00650044978427222 0.404209400971514 0.586057746404663
0.00291133541066763 0.00836388142997172 0.505371265094496 -0.0651621152356856
-0.00180283066534475 0.00941556357420626 0.144854025038409 -0.308520977069382
-0.0101441466186447 0.00658121880052027 -0.166813234923446 -0.234394286405122
0.00369219595426684 0.01236032671473 0.113490598330268 0.194834753691285
0.00572736819268593 0.00732990923391941 -0.13673843647253 0.204817524303224
-0.000642096202974096 0.0116207380172545 -0.407000228599703 0.0377006742483407
-0.00358869009818582 -0.00700006967664701 -0.278187368721415 -0.488235187915227
-0.00495059167664261 0.000280807736737871 0.440911442259461 -0.572448137039987
-0.0112246752366967 0.00379264627009529 0.696922092376834 0.164427611472286
-0.00166870850607924 0.0183439504927558 0.182633832213468 0.511975692290819
-0.00569801622280807 -0.00134151946028163 0.0714282492834505 0.052020552032553
-0.0160920040993209 -0.00221279253679181 -0.0563954215042043 -0.490226513591889
-0.00702858455456996 0.00312153299051322 -0.782492069193637 -0.238734558917013
0.0097308730053091 0.00068907645568014 -0.550899208463841 0.709121313979127
0.00903793299087597 -0.00198020026643421 0.414433060955953 0.576903721165454
0.00125710767680708 0.00647940345037475 0.505703810746486 -0.0712110018676365
4.80181856510001E-05 0.00614613443051573 0.142576112336208 -0.307872722833466
-0.00749367946398024 0.00954033061917724 -0.167938534656663 -0.230330221515821
0.0140651807360363 -0.0113726813508252 0.118750856508674 0.197276209068265
0.00601967221906235 0.00158394282454702 -0.123789081221537 0.206749703213245
-0.003920610234398 0.00325921121448929 -0.422362354662089 0.0700424598762005
-0.0130238148978944 -0.0117270987808734 -0.334218728123496 -0.435303336393528
-0.0134576837968029 -0.00118152722777134 0.401802010721944 -0.604886608835076
-0.00854781318144407 0.0105924560004534 0.721344393985439 0.0770722786418619
-0.0012759022682799 0.0374223405653751 0.22007800237394 0.473479673028299
-0.0123244288469701 0.0220234859225078 0.0751538334020034 0.0356682374561987
-0.0174105552680406 0.0163283472993856 -0.0288840067100813 -0.518343575516973
-0.00492542136632511 0.00760341327280785 -0.7632549585083 -0.317922897461011
0.00165323137564174 -0.00273286936831817 -0.596753572647819 0.677899892166961
-0.00122922696346482 -0.00590774435260596 0.371989886541362 0.632829047363227
-0.00263732770681184 -0.00301475646847705 0.499266881000477 -0.040130730663045
0.000515593778223921 -0.00113362700570391 0.154494613192462 -0.310579809555363
-0.0023448337236866 -0.0152863531095618 -0.163951357971731 -0.228864138462486
0.0108027576450022 -0.0113137396096529 0.120987001116035 0.193663724982464
0.00346592254827757 0.00526464396469135 -0.123341444331361 0.20712833488098
-0.00165979558643372 0.00717921410800234 -0.422132059067326 0.0731740843115497
-0.0131319855246602 -0.0151921819752387 -0.339312919843828 -0.431813928391432
-0.0144692890306677 -0.00220567789446717 0.386820060852478 -0.611645305738606
-0.0120618858204914 0.0144372546046769 0.720056982624728 0.069787286205253
-0.00171723898726055 0.0409000097854492 0.224204474921269 0.476831070255332
-0.0120245302262034 0.0250855476038509 0.0733022454310123 0.0415379816548336
-0.0167187588354786 0.0193653763206136 -0.0261271698065945 -0.515277386979971
-0.00748255589414074 0.0103236876781272 -0.760955532519344 -0.327639725158969
-0.000420457313961935 -0.00394077767248372 -0.610045667330325 0.667482517709546
-0.000552250330608793 -0.0114087615335951 0.36609586858086 0.637175596919043
-0.00130624121133488 -0.00102180710911267 0.4984755880672 -0.0356370890803507
-0.00254637967502959 0.00338570877036433 0.155726720933998 -0.312410779173912
-0.0060912204914754 -0.014231171596265 -0.16508531187936 -0.234020707242144
0.00592787629129015 -0.00899903045935845 0.122902056280202 0.190815475969015
0.00074512799365887 0.00896992898618073 -0.122586156784753 0.207232837626648
-0.000120799611126707 0.00951422777565326 -0.419060522490133 0.0730852626147568
-0.0108423710994433 -0.0169616744823556 -0.341988375677698 -0.434981942148418
-0.0170633426955505 -0.00277291280187164 0.381509801732159 -0.614937607803204
-0.0159696048983456 0.0163373200575201 0.717657739289201 0.0702802499666068
-0.00383161805351828 0.0385757876601506 0.224086380703152 0.480791899731539
-0.00997324834757517 0.0215332797767015 0.0726250796633851 0.0473347766755222
-0.0204545001542989 0.0175259075681663 -0.0243727110647712 -0.509807734234855
-0.0129890281515819 0.0112427067215999 -0.761656200891283 -0.328227146535967
-0.00140437031152772 -0.00525652882282459 -0.61842215673586 0.663582064714179
0.001727464282295 -0.0146897060212559 0.363499236583723 0.634389898673822
0.000819776274018984 0.00252055755963513 0.502281124757151 -0.0352133521802667
-0.00537895167475702 0.00748990108584053 0.156328782822707 -0.312387799500144
-0.00940008870244674 -0.0127028809336371 -0.164859502816329 -0.237995715768141
0.00421200231502446 -0.0046187276457453 0.12255497995488 0.188229823854786
-0.000602479469177093 0.0116125747043414 -0.125118235145609 0.205197913409053
0.000253328388360862 0.0107366468678859 -0.418303747169731 0.0674062162039492
-0.00904331770955199 -0.017633773625978 -0.334621996177027 -0.444199240156339
-0.0171064064918971 -0.00204663220944845 0.384139709682559 -0.610735639375312
-0.0195617822830934 0.015732455024438 0.714709821853817 0.084731568044992
-0.00511624692925036 0.0363628706308086 0.219567138775409 0.490704234593996
-0.00853955362775315 0.0173538733249296 0.073019817804139 0.0518313007736691
-0.0211863230478752 0.0146838311501199 -0.0289629175814017 -0.504078877550955
-0.0157177053854663 0.0118395834933889 -0.768722177003152 -0.315204115843327
-0.00209532550432964 -0.00451352677994437 -0.609851327000478 0.669676781956596
0.00367623818491208 -0.0153783714859283 0.369967313420657 0.624967716271483
0.00179372954847037 0.0041943695526988 0.503192487075872 -0.0435379512250927
-0.00667930473556919 0.0106781828918287 0.153892639860368 -0.312553565803637
-0.0113801274273062 -0.00649862774688066 -0.166337981091201 -0.241740382357099
0.00282686240459887 -0.000853873303278093 0.1228494646947 0.188557773975304
0.00032809518298755 0.0131378656002879 -0.126605996356855 0.205899777472969
0.00177669229187187 0.0129425139470733 -0.416451710907396 0.05948876336114
-0.00726623635234279 -0.0178008341691325 -0.324488027687775 -0.455580262387453
-0.0152773820934646 -0.00237339967214782 0.396327020518971 -0.601964500403282
-0.0202454187700186 0.0134849157156342 0.710778129377538 0.104725741644298
-0.00485749503301477 0.031753903577209 0.210549549261489 0.498999930830855
-0.00768007840576461 0.011734907369964 0.0714465769120403 0.0529044319599295
-0.0216382130006801 0.0102755897773637 -0.0371756578899654 -0.499890416605423
-0.0156990571053805 0.0110033163865206 -0.775871988845959 -0.293918270397459
-0.00232397789169755 -0.00382442134963221 -0.598672410782012 0.681741511738007
0.00448904127925706 -0.0146108249411637 0.384204658004022 0.609086499128371
0.00292970211606077 0.00707959644856518 0.50600733532891 -0.052312749676024
-0.00582360493035283 0.0114220424929151 0.148040393742751 -0.314404970393161
-0.012093368758587 -0.00144679932119617 -0.168713289871412 -0.240851746688227
0.00189345582234381 0.00472419715543089 0.12182946413775 0.189232671918296
0.000941660857550435 0.0129912055954297 -0.1283634018053 0.207015702323803
0.00115367846334537 0.0144492618494676 -0.412397729708137 0.0522370685846643
-0.00428438511665916 -0.015484732594985 -0.310450239392141 -0.468542556935357
-0.0124641228742108 -0.00192518057913188 0.407571083322582 -0.594676058546941
-0.0176881291115784 0.0111617973329542 0.705855098561211 0.124399564208839
-0.00387908207662444 0.0267211754319733 0.202479516272154 0.504928223369923
-0.00720071162353932 0.00682950558544754 0.0715908610075485 0.0542952887071127
-0.0197134157581188 0.00733522743647349 -0.0462535133751783 -0.496137841566792
-0.0139306787620982 0.00925295364932313 -0.782892962845489 -0.273005699904255
0.00133252868463334 -0.00274910833265858 -0.581874598105765 0.693504868948199
0.00564552077785537 -0.00990812347518604 0.398959505349186 0.597464529408007
0.00271158170116445 0.00828499231603354 0.50591796860959 -0.0596777144025677
-0.00526261082089023 0.0118192334691426 0.146251548576937 -0.312618270785707
-0.0112727943288527 0.00301024184470775 -0.169935025579101 -0.237381560868812
0.00195884517137542 0.00753230139463648 0.11989896702829 0.191249382298637
0.00345417902548457 0.0106615665228 -0.132278144446097 0.205566426533056
0.000531576146717646 0.0122937315557639 -0.410676924151859 0.0467013532506294
-0.00438645404939229 -0.012343186321447 -0.296140522983065 -0.48056620646921
-0.00983107101669268 -0.00152877540729706 0.424054813718848 -0.586252992475547
-0.0149330405091457 0.00864996117701609 0.701718702094533 0.142812334147725
-0.00268343876319384 0.0210440161332169 0.193284831713825 0.510589358112349
-0.00624920813199087 0.00242399433192314 0.0702973595038677 0.054060490635339
-0.0181747732886797 0.00225848559250031 -0.0532041376015574 -0.493700359645375
-0.0107028607276983 0.00652460710514457 -0.785834561482801 -0.253958440253189
0.00555244093183317 -0.000561863409959961 -0.564715704371033 0.702785227034721
0.00741527980912031 -0.00672306284148468 0.411055145833564 0.58469214388822
0.0016306257673173 0.00701503592985888 0.509128363895777 -0.0708473930275167
-0.00252965352740599 0.0096468558846982 0.142616457129339 -0.312371879958963
-0.0100313016341399 0.00652234540988429 -0.170795470264109 -0.234528562438928
0.00460000597622291 0.0116835477818414 0.117965656939305 0.193997012473443
0.00501880672578596 0.00713409861651395 -0.135269026383886 0.206862613149877
-0.000949428400812604 0.0120643461675489 -0.408453592123538 0.0407440057906363
-0.0026994262276896 -0.00684876365630234 -0.283294529189443 -0.487396518816571
-0.00605440823300791 0.000686836870078665 0.438555003705 -0.578592608026847
-0.0108897675620322 0.00502225086344473 0.701664364510251 0.160441496569054
-0.00156615203633254 0.0189125391542607 0.188141740572685 0.512573086274675
-0.00551524022093368 -0.00172080071213226 0.0711884389142997 0.0509683944113451
-0.0160545365944403 -0.00023894057615058 -0.059465203924189 -0.492364529889717
-0.00670553221595927 0.00287487816870679 -0.788701787875946 -0.238350294259566
0.0094869446319061 0.000910470952051485 -0.547812386505224 0.718265307675593
0.00795449652311847 -0.00155286092692044 0.420234825771739 0.574201128232062
-4.54724288991809E-05 0.00603492031353197 0.507937497609259 -0.0767066188651069
0.000225847171546941 0.00640947341387519 0.140569515688939 -0.310367413997382
-0.00719967038028696 0.011667133450296 -0.172259404120597 -0.230071856143497
0.0139870444536915 -0.0120436183928817 0.122047310313136 0.197786368866139
0.00670950688725254 0.0016244592562095 -0.123478475718166 0.210477078796438
-0.00411933761884056 0.00391205373107705 -0.422378921052244 0.0768952694825307
-0.0138445749902533 -0.0112695129693469 -0.336475333799716 -0.435905811093621
-0.0131994802812139 -0.0005101608392217 0.398044315843564 -0.613521542630654
-0.00867265149456328 0.012714564943043 0.724651068247018 0.0716073625990827
-0.000408839894607329 0.036616160932014 0.225140168587528 0.47406254649449
-0.013226587214819 0.0223865142704412 0.0749309327421046 0.0351373369929542
-0.0160343077548275 0.0166944792719168 -0.0325758140882568 -0.523817968816717
-0.00560733022502423 0.00800430203621572 -0.767605078944088 -0.314579287922967
0.00188321754899706 -0.00155887684430007 -0.593070037802952 0.686375908518204
-0.00221636030461604 -0.00653007821804561 0.379518352018548 0.632323311040002
-0.00292970840906687 -0.00250622499468764 0.501715350345513 -0.0434764611633326
-1.065653785964E-05 -0.000141065918976237 0.151838914415516 -0.315543340845056
-0.0040971762372369 -0.0151472452370538 -0.169333686137893 -0.228035926442838
0.00969701721831 -0.010526565633813 0.124254131344406 0.193206488644248
0.00345369592896132 0.00507217246702235 -0.122148838743978 0.209341126982863
-0.00209953707235145 0.00699684445684744 -0.422884546540107 0.0797853590442465
-0.0139643481833239 -0.0149206589207989 -0.343071938104814 -0.432261704986809
-0.0151402490305994 -0.00186987472764028 0.384377977607557 -0.617839854626479
-0.0108566168920146 0.0145894518575896 0.724582915612549 0.0635651379958495
-0.00149420530322237 0.0408054623514667 0.229016978681908 0.475867572837326
-0.0116307801518255 0.0251605912625202 0.0745309700777943 0.0407479106278207
-0.0177786586617188 0.0209983081474439 -0.0290795519359806 -0.517416910264759
-0.00790639228388886 0.0111324550841823 -0.768351677705185 -0.322031584529656
-4.877701219708E-05 -0.00412918347128448 -0.607128182497796 0.675817783216865
-0.000234884322536689 -0.0115315210083806 0.373747836928183 0.63493931731511
3.03335184163389E-06 -0.00145303542607612 0.502987265939733 -0.0404971804747279
-0.00280184197095987 0.00340276989490648 0.152449084737058 -0.316202147419491
-0.00740602990775535 -0.0136047767667428 -0.170750229287604 -0.233343718613738
0.00597004841958475 -0.00946250292218273 0.127076777175352 0.189415484199077
0.00186220147583007 0.00951967240888616 -0.121579619901132 0.208691632912249
0.000324313832367615 0.00917528308167359 -0.421526935752288 0.077784033688945
-0.0119102488636457 -0.0184145781317003 -0.347794731471114 -0.434474687482841
-0.0185057529758342 -0.00271371720042232 0.377349786189622 -0.619441318169927
-0.015088310315297 0.0164524027743823 0.719461183017572 0.0646219997019534
-0.00292399617135999 0.0400130688922562 0.228856689909007 0.483223260693416
-0.0111127192567225 0.0212816267138778 0.0734827292797188 0.0478158886607419
-0.0195743827688898 0.018555242400896 -0.0285553375684413 -0.513583153945166
-0.0118695766273804 0.0111757147935125 -0.769045098025919 -0.323692008502316
-0.00165835824768898 -0.00565960142065787 -0.615620231797581 0.672402535816491
0.00142245626855596 -0.0152587581714115 0.369645875535883 0.634792524591832
0.001244997388136 0.00201447927135981 0.5027944675767 -0.0405844350641662
-0.00532403846433248 0.00676772669236861 0.152404013462772 -0.316361979001936
-0.0102126951676993 -0.0101559106092235 -0.169354435040498 -0.23659947193051
0.0041651226956376 -0.00618975527878817 0.126918035943896 0.187724816012559
-1.59936066062036E-05 0.0123001524765715 -0.122169385830726 0.208620744090716
0.000727125515255951 0.0106371472157416 -0.418877319412423 0.0718100968275031
-0.00981584718612367 -0.0180759912068961 -0.340643841238064 -0.4441991508256
-0.0181843650817674 -0.00207097566290777 0.381746991152897 -0.615539123455602
-0.0178258404467864 0.0163343167833724 0.717535089915307 0.0810656238971187
-0.00448147776426541 0.0353986533721673 0.2221494817983 0.490690987986206
-0.00946450859049049 0.0162976600609238 0.0727709162466052 0.0501258786053707
-0.0201771020866553 0.0159765644718592 -0.0351868813829525 -0.508155457105905
-0.0157695703509314 0.0122563378828142 -0.773209584195379 -0.309468295425534
-0.00324329864510936 -0.00448218135233793 -0.607185968507042 0.677284124206992
0.00364544014561391 -0.0149050879708691 0.37855268380784 0.623439667953585
0.0028795775089746 0.00423955102499793 0.505145610798111 -0.0488109984664868
-0.00721288018578 0.00989568855831819 0.150683904798757 -0.315794165420584
-0.012902288043466 -0.00717817841342297 -0.170303118927203 -0.239450233382955
0.00224186623795189 -0.00192793872553591 0.124999861434242 0.186892309290312
0.000133155808742739 0.0126165422787143 -0.125065545229458 0.208011555137832
0.00148448925081879 0.0131805569132338 -0.415660053965513 0.0638329153976331
-0.00767232851824905 -0.0180940023581326 -0.328392111666669 -0.456351633509485
-0.0150492384682743 -0.00257322364109474 0.393980513771784 -0.608115445927326
-0.0187048648305973 0.0141308183432407 0.714931987538968 0.0986691827057604
-0.00426887985258185 0.031671991223545 0.215591022840094 0.499917268819962
-0.00740670799351853 0.0118895947589172 0.0725379557101427 0.0529129284236278
-0.0207698022776226 0.0118635714148422 -0.040331143738892 -0.503663595116176
-0.0163959351188946 0.0121671044420893 -0.783116380949822 -0.289314100636399
-0.002249207324029 -0.00440665837128659 -0.595603447832996 0.689206835225
0.00522009615958525 -0.0142294498890937 0.393427236898698 0.61172602459656
0.00292492523509366 0.00734450378388661 0.507214150727279 -0.0581432695811658
-0.00648398556867827 0.0124261774900348 0.147401031371398 -0.317204655062049
-0.0120572777562843 -0.002021608847365 -0.172503712706445 -0.239299406178824
0.00153923799406185 0.00315305119234386 0.124967477427866 0.187454502212007
0.00141465679396692 0.0120240593646269 -0.127438137886708 0.208410460154322
0.00145385521338466 0.0131420153680114 -0.413818750758664 0.0574194142023081
-0.00487217521834467 -0.0160004624715142 -0.31717046567301 -0.466631780223495
-0.0131391444858811 -0.00128754329084308 0.406375792785327 -0.601964173810302
-0.0180057830832564 0.0122565216221427 0.709363174565916 0.118551850962876
-0.00287652695448159 0.0265029069929993 0.206951861994758 0.507246959182113
-0.00693127251568954 0.00690925318764069 0.072094112114949 0.0548974805300422
-0.0201623162537745 0.00719024929169714 -0.0490401517121238 -0.498969685451011
-0.0149100947643135 0.00996098420117801 -0.787725151603191 -0.268286903676843
0.00217437076313334 -0.00266041091127554 -0.579197672881315 0.703567574340576
0.00583703593661768 -0.0109379058534345 0.404267573971965 0.596295145608813
0.00386487951140932 0.00837156214186718 0.507608982868272 -0.0653602122640384
-0.00495235459845031 0.011622712355297 0.143028796630309 -0.315517413171555
-0.011405428543712 0.0029716267272146 -0.174298464650286 -0.23635465872445
0.0020780807761389 0.00800993002102677 0.123409337335327 0.189655566705069
0.00306773650395291 0.00933823923129402 -0.13161731059811 0.208111143288478
0.00132494177726276 0.0137468950554098 -0.410921405311629 0.0515808826899609
-0.00388367719143743 -0.0113707106894561 -0.302537205017553 -0.480430335850376
-0.0100144680851274 -0.00163185054112922 0.421625132015031 -0.593264899603239
-0.0151844823361986 0.00840031462791301 0.705847005435229 0.138551817519896
-0.00244576134046346 0.0225066368014885 0.196398849989771 0.512494528299173
-0.00457348290945451 0.00306235353798047 0.0720059272817768 0.0537318967933148
-0.0182095158225902 0.00302321337560131 -0.057012204658305 -0.49599267315319
-0.0101581821485047 0.00630067411070498 -0.790326053585103 -0.248484609660685
0.0047081215095107 -0.000559496997802961 -0.563137658677716 0.713660763931276
0.00772972079357872 -0.00641346834483133 0.416667507430855 0.585144568135894
0.00321059723782361 0.00789722278021355 0.508314653691698 -0.073849317277662
-0.00305779382373924 0.00978809823523919 0.139555144089061 -0.315524507457975
-0.0103032894831657 0.00827660214080305 -0.175187907301916 -0.232969012927087
0.0043894119396203 0.0103665733057304 0.121013643353934 0.192970010014564
0.00531947239035824 0.00712903704500441 -0.13504788316447 0.207979205090904
-0.000412588062967497 0.0127400491178611 -0.40933444857187 0.0456106330446429
-0.0036629955916392 -0.00731807516938064 -0.289666898279368 -0.488005044957043
-0.00630177949476847 0.000930481345873852 0.434740678169806 -0.583782237927512
-0.0117700706495 0.00465517987941733 0.705266365187763 0.1566555461909
-0.0007173376192767 0.0189733963886065 0.191591939712936 0.514434744112824
-0.00592501123532826 -0.00232342791155539 0.0723348176327514 0.0509065469122008
-0.0169694349225123 -0.000850643081907774 -0.0625795577885905 -0.49541842543604
-0.00745640586182155 0.00282469816489422 -0.795854763072579 -0.23127048114636
0.00996751320719061 -0.000410158392912374 -0.544026026459572 0.725689803277436
0.00822916925224667 -0.00181195459202345 0.429446535049307 0.573358095599068
0.00185512905738905 0.00804839594118393 0.509024199451397 -0.0814904271543416
0.00074166369640803 0.00688548596632319 0.137621890835195 -0.314455263792941
-0.00585570213823766 0.0107334443037334 -0.176380193332637 -0.227714510288665
0.0127864653790451 -0.0124441771054347 0.126761035669956 0.195067656924657
0.00648728672794205 0.000753514816810547 -0.120539093651446 0.212329971527744
-0.00311808557486438 0.00323206005625471 -0.423947600106434 0.0801289185339464
-0.0139492173068319 -0.010568698901642 -0.343013914571681 -0.432395472462386
-0.0133409621100912 -0.000873533387516326 0.3923918732668 -0.619382923999269
-0.00866354700652962 0.0130015616270734 0.727223091191824 0.0651738557797755
-0.000473945876171535 0.0378067768241478 0.231624058121874 0.475264013652516
-0.012352573254051 0.0225701011226379 0.0759761773731484 0.0331688246645917
-0.0161148369582474 0.0175138521096268 -0.0368925693455895 -0.525705370446232
-0.00447502215659643 0.00809041645793959 -0.775690220107425 -0.309780674412592
0.00193655398069353 -0.00187556003079819 -0.589422114178639 0.694784706129068
-0.00140067422454262 -0.00590091688098032 0.389879261561734 0.630372265099392
-0.00306005327297265 -0.00281698362057702 0.504268881130565 -0.0481084311083398
-0.000769944875768386 -0.00113049275053917 0.148319131309237 -0.318180917380916
-0.00376810170818547 -0.0150321114883905 -0.17456843227741 -0.225271128232591
0.00990389077244177 -0.0127189646398794 0.12893674945227 0.191533900175521
0.00380443727168608 0.00506292808732475 -0.119708142854624 0.212365638087254
-0.00183193835972595 0.0051418461170348 -0.421759937027774 0.084862365727392
-0.0145274789925823 -0.0142824505706355 -0.349220380006549 -0.429922009564701
-0.0166189623063052 -0.0012003179748231 0.382351968460998 -0.624335212678579
-0.0115944242221057 0.0157007749026097 0.726043229873642 0.0573658785168545
-0.000254357325631832 0.0412537351023143 0.234724023084676 0.477996981929561
-0.0114977320861811 0.0253935450138824 0.0746375370590298 0.0408363832914819
-0.0179488715171231 0.0210220987252878 -0.0352338875489972 -0.52012172249751
-0.00754675219053339 0.0106768242582077 -0.772350681299264 -0.318035361160854
-0.000524954698560169 -0.00379670611969476 -0.60524529543863 0.686422533598546
-0.000662294311699851 -0.0114472658413301 0.382173397516631 0.635337945881646
-0.00140330606406986 -0.000899404212408325 0.504943110350506 -0.046884781174959
-0.00272053261292707 0.00341074665870905 0.149025619211633 -0.31836331249759
-0.00729704837817695 -0.0136260876367644 -0.173747993469842 -0.231089291987524
0.00559662464020383 -0.00999292391126616 0.130409706485267 0.187681916266662
0.00171088168841875 0.00996452571690893 -0.119116294164442 0.212017956760594
-0.00109422585622474 0.00849599527328676 -0.420100837941437 0.0839642022327543
-0.0127805813127449 -0.0171265607975649 -0.352868207255222 -0.431166375028994
-0.0174796110944155 -0.00177426351622421 0.373630120874181 -0.627627454787162
-0.0154992944067003 0.017131330780223 0.723874014104181 0.0581506020299186
-0.00166501578690458 0.0397081915995349 0.232201170908094 0.483210921866468
-0.0102742699716271 0.0220663829690443 0.0736779307866345 0.0463457966992439
-0.019371710129899 0.0192611810496194 -0.0322934146031623 -0.514640209244132
-0.0123101129526492 0.0125156949284628 -0.775404330564259 -0.318293492102701
-0.00137559769173339 -0.00582131499303938 -0.611605966207256 0.681307110365146
0.00133879682809498 -0.0146118139163493 0.378795700306561 0.632896696186487
0.00140357207876303 0.0012871137563827 0.504410858752243 -0.0462272823003245
-0.00560216110726142 0.00792525021465144 0.149742106574019 -0.318208458212916
-0.00981485274729698 -0.0108345807432746 -0.174535193790554 -0.235326621914652
0.00339720271470326 -0.00607745670930154 0.131077742020218 0.187118787457297
0.000280002966855541 0.011862668599793 -0.122153046100226 0.211605772716718
0.00151306458173385 0.0102356741960034 -0.418717214462448 0.0774498827866959
-0.0101047859030255 -0.0181425047064081 -0.346176052285137 -0.442386125730947
-0.0172739075483992 -0.000914455660909225 0.379511902420957 -0.623242810872447
-0.0187173474362397 0.0165782258525047 0.721844129011335 0.0757366735471093
-0.00371029217916858 0.0354350429683354 0.228845938049046 0.491662212180169
-0.00868838406844259 0.0166697936485887 0.0727215645610231 0.049585420737282
-0.0199811835597958 0.0158166482585704 -0.0371724121166941 -0.510085828026138
-0.0158688694725877 0.0123886712286076 -0.781221214531588 -0.304928390605809
-0.00319661635430864 -0.0059610214846789 -0.603524166275418 0.687255216846182
0.00316947407665161 -0.0155707012842989 0.384902173785664 0.622294260745971
0.00253796993195499 0.00416234485657764 0.507447508520245 -0.0532580190474194
-0.00607040283134119 0.0108440557303269 0.147602416093206 -0.319540241572538
-0.0118381494160343 -0.00632921344786052 -0.176469183681383 -0.237422829967012
0.00209470129745644 -0.00120630372752779 0.129305042227976 0.185001640454816
9.31381149019469E-05 0.0137768330245698 -0.122944231088435 0.211379738905508
0.00201895224226719 0.0133374480862507 -0.41708651357241 0.0697946376166975
-0.00821643283159391 -0.0185269305964667 -0.335129435075672 -0.4559813106311
-0.0161884058691933 -0.00205596316616428 0.388662750642969 -0.614974261192939
-0.0190251815709946 0.0152663052496891 0.718101629768291 0.0939995635138968
-0.00353341220782385 0.0324197070976261 0.221146094622929 0.499840911947629
-0.00761920126192601 0.0120641685929693 0.0734876594943368 0.0518518399738061
-0.0203269223475885 0.0122471452763856 -0.0443363294592062 -0.505975467404189
-0.0169819785269679 0.0124867112136733 -0.787998239833081 -0.284497014852194
-0.00168054977027175 -0.00424231773847732 -0.592431307265437 0.69891397609887
0.00428666954060492 -0.0140430012753514 0.398384803415792 0.609917766306137
0.00318300753372875 0.00688165905103079 0.509072848030659 -0.062696464110377
-0.00528229704362967 0.0115361315669584 0.143485167874206 -0.31923667796977
-0.0124020558707961 -0.00124675904884006 -0.177747928949842 -0.236198992110361
0.00109844770714757 0.0035151641000739 0.129149828963563 0.186011169868722
0.00139578978653771 0.0121734910184783 -0.126543927296698 0.210227652304147
0.00216930332399673 0.0128519287361637 -0.414093000028363 0.0630047412261778
-0.0047238499123275 -0.0165597197142464 -0.322098157343296 -0.466760222050116
-0.0132839773769808 -0.00244611465220222 0.401774730337062 -0.606616945906339
-0.0178084634525096 0.0125531928892741 0.713640388459297 0.113790381128612
-0.00259215155859259 0.0270977208305592 0.211380759952781 0.506646977502904
-0.00610465349475214 0.00759911695236774 0.0718422948489505 0.0539121099579416
-0.0192087419812034 0.00761994385138454 -0.0529832329272698 -0.500271429258947
-0.0145150189454916 0.00974904591085789 -0.793060395413196 -0.26386875863042
0.00141781223342679 -0.0034065990472932 -0.575630271217217 0.710793389235229
0.00663265080740869 -0.0109475939516366 0.413656735424813 0.596167204999576
0.00303420504562897 0.00796983144886348 0.509859833853555 -0.0721272911576399
-0.00491044307329362 0.0126573755699574 0.138719706103181 -0.319225168653483
-0.0115722132252535 0.00365315789153682 -0.17870945846562 -0.234778508970302
0.00203920501257825 0.00739509907031816 0.127485812962148 0.18850952638572
0.00311343844014768 0.0102752295553982 -0.129391013148869 0.210362469949791
0.00111293222643849 0.0126082778227667 -0.41072766187784 0.0559753499434195
-0.00350474185298467 -0.0118341418908881 -0.308601163882256 -0.478736277603619
-0.00827661086676971 -0.000450739535590656 0.418433193363648 -0.600509946653325
-0.0146366628275404 0.0089039521095194 0.709544422364971 0.134535708614285
-0.00147600723983535 0.023421970007172 0.203403054708697 0.513912847479363
-0.00667063612358677 0.00214520875017994 0.0727519603774195 0.0521391432595737
-0.0181552696417437 0.00349496897488245 -0.0617140354062396 -0.49716523706944
-0.0111880902165949 0.00613903871841599 -0.797811167266736 -0.242619227962372
0.00446128862864136 -0.00150450962386225 -0.55743268228017 0.723323866932306
0.0069018747974471 -0.00670955170649254 0.425769726328953 0.584148921383722
0.00257961734063678 0.00869024447121541 0.511188296586177 -0.0815944431076068
-0.00238789023519603 0.00983755670369595 0.135965900209685 -0.318673005893554
-0.00974160911453217 0.00838754801246608 -0.180688061847989 -0.230360133281272
0.00446031073979478 0.0107546910497841 0.127061273081855 0.191775530959094
0.00524617148469831 0.00725854535052453 -0.132458068665756 0.210919490711361
-0.000708835758123753 0.011897267563143 -0.409763178012818 0.0505248912323829
-0.00393955020949138 -0.00701529233666231 -0.29432441463645 -0.486248543303286
-0.0052055017969661 0.00140549028502646 0.431742197599104 -0.59322895386306
-0.0109201195879297 0.00564334948901746 0.709146325568488 0.151614410581522
-5.05327355337371E-05 0.0180233941766391 0.195652581353671 0.516784100976309
-0.00634667446193316 -0.00204888848486808 0.0729282448261367 0.0500119937280635
-0.0170825671009202 -0.00084420438968768 -0.0666193693973109 -0.498621669754572
-0.0070559898526151 0.00231308292207423 -0.801099982494537 -0.225887785548634
0.00917019838635795 -0.000384666323307366 -0.541458413221528 0.733571079463658
0.00908372471221662 -0.00187419825324096 0.437826544818402 0.571522817014731
0.000936140689453407 0.00681991915666866 0.511032474445364 -0.0879018371422519
1.18350880970262E-05 0.00680648581196194 0.133204816588031 -0.317007542320843
-0.00582112428200235 0.0114486340505047 -0.181920953207909 -0.226557383971058
0.0122726984257805 -0.0138206564414167 0.130315681041781 0.192543313790595
0.00612580141535975 -0.000462408559532243 -0.118366524569349 0.21560904135278
-0.00330235575691858 0.00251320463768919 -0.422877438124252 0.0876255928618159
-0.0142846272553351 -0.0111012095032642 -0.349963382026129 -0.433134031088663
-0.0133505764645549 -0.000475755827154542 0.388036679639997 -0.624965483466047
-0.00856755904481679 0.0119364655684187 0.730799363713288 0.0580041324459548
0.000586003258690355 0.0368075984038479 0.233012659504206 0.473658357450805
-0.0118620790466698 0.0221644430737895 0.0755954929712084 0.0324677479906169
-0.0165868324675629 0.0186844652250259 -0.0429201588763916 -0.527997799706424
-0.00461621475903485 0.00791531248464422 -0.782448056242751 -0.303005026068572
0.00204372867138464 -0.00237425412567194 -0.585060591771841 0.703809307296092
-0.00227406439183786 -0.00651336231195377 0.399586605448412 0.628074506337485
-0.00321259059205265 -0.00289127478016939 0.503438399396681 -0.0552762482015519
0.00013125724336447 -0.000632050077644388 0.144197483069312 -0.321246749565744
-0.00496054710160898 -0.014018444083423 -0.179830666730721 -0.223437940772033
0.00877748812236249 -0.0122350356438935 0.133533531670383 0.188991120909938
0.00277451796979358 0.00496786409969508 -0.117566237466179 0.214669274201134
-0.0016803402812807 0.00609842756513814 -0.421406611632656 0.0907569332545133
-0.0145133763674522 -0.0141414343510525 -0.354846498749845 -0.428946288878924
-0.0160485528759997 -0.00133496851753303 0.374524049644976 -0.630756955344441
-0.0109425791631697 0.0160805686864161 0.728316711637061 0.0499797507257336
0.000391858069365502 0.0415994784843753 0.239338673933423 0.478794647537137
-0.0125465384958381 0.0247101269801094 0.0759940733525545 0.0396020163621194
-0.0170410823823555 0.0221105245733872 -0.0389574324154191 -0.524040122020962
-0.00722140141218604 0.0106791828233035 -0.780975064002657 -0.312312896617264
-0.000763283679757046 -0.00431949940635362 -0.600092055347331 0.694002789803882
-0.000387750519856004 -0.0116482909735627 0.391864087811881 0.631172673830009
-0.000208428757964613 6.20022232504219E-05 0.50326217983872 -0.0527778852340215
-0.00268374599224446 0.00347632302282991 0.145501613705488 -0.322057152311117
-0.00798011906260544 -0.0129235197642849 -0.179572202507703 -0.228971167365518
0.00663246899970699 -0.0106408733992497 0.133793100850206 0.185215518756285
0.00129604232247993 0.00930138933923091 -0.117756107510266 0.213684261572327
0.000229710049055234 0.00882219645512045 -0.420692319907768 0.0900110977329853
-0.0136556829330526 -0.0163934542683527 -0.356773589146418 -0.430471589267529
-0.0171860990559519 -0.00112375888895423 0.36691204519497 -0.633416321559538
-0.0150766582965975 0.0179305552700927 0.72500406689548 0.0527725324764849
-0.000448536207515945 0.0393096082190515 0.238401513982245 0.481934966469768
-0.00958094894363645 0.0223429102718523 0.0734168159404171 0.0450766388006485
-0.0194848982507302 0.0202013268994728 -0.0375036276554947 -0.516246408970859
-0.0115144377438964 0.0135777720613842 -0.782300619613296 -0.312921174461887
-0.00269747808468315 -0.00526815266257713 -0.606181774240373 0.691122710264271
0.00112400950116073 -0.015797824442923 0.386879355054312 0.631703136931903
0.00138906276268605 0.00174986886645204 0.506464624800312 -0.0531212567021792
-0.00567909856778094 0.00786398704002904 0.145649815295446 -0.321083855285785
-0.0120327213966331 -0.00969394627191473 -0.180190334735135 -0.232481680598992
0.00333845374241328 -0.00699184287107908 0.134464033006103 0.183438968649079
0.000527179170531078 0.0122720904968235 -0.118580540300756 0.213719625768824
0.00152172800384445 0.0109480617295008 -0.418655010160848 0.082671304180106
-0.0102487113338451 -0.0177328325396853 -0.350248290676381 -0.437694554936992
-0.0189750472967899 -0.00122224729778054 0.373135759518946 -0.628582609124127
-0.0178683909884922 0.0180007349873986 0.722951702261773 0.0662459942905177
-0.00263039503685379 0.0370666459916608 0.234756316329063 0.491347644664981
-0.00801438171834267 0.0164126460926026 0.0728408772133298 0.0503953289074832
-0.0194310116915755 0.0155428741530872 -0.0428853216167211 -0.512531419738693
-0.0154256223699266 0.0131119768240776 -0.787028935173083 -0.299564521855477
-0.00315438857549672 -0.00467783060901174 -0.600055915590116 0.699478244505555
0.0024392362894917 -0.0153297581771563 0.393654569001192 0.621495277997512
0.00243089441414587 0.00470552194579112 0.509807477902338 -0.0596990490175782
-0.00535409154131885 0.0115372279609143 0.143507843852432 -0.321578829197808
-0.0120662168325191 -0.00550600208388108 -0.180595443541565 -0.233010268638971
0.00105243429493346 -0.00272223176233575 0.133296320807656 0.183791194000095
5.70965997531176E-05 0.0134049183997727 -0.122817463226358 0.213670879884195
0.001831384265782 0.0122207968179562 -0.415439580630972 0.0761783162179376
-0.00865110861112816 -0.0186835940848525 -0.341171180581573 -0.452669186683519
-0.0158348075103598 -0.0014855282306475 0.383382831684247 -0.621050977008563
-0.0185974153900553 0.0156066971511326 0.720641969799445 0.085813074400938
-0.00206532315017879 0.0327209932501564 0.225871606293346 0.500493429074411
-0.00668112517381389 0.0120218044163432 0.0727571032211425 0.0520338124557352
-0.0200299976002962 0.0128484603588542 -0.0505598543534802 -0.507874413213177
-0.0156129316273765 0.0125115056692131 -0.794582396726579 -0.278580506908291
-0.000856268513919109 -0.0040254315994998 -0.584633125591499 0.706758115097711
0.00480458692934126 -0.014095870608866 0.407770302159015 0.604684987917193
0.00362526171321581 0.00648976161185126 0.509379642796245 -0.0700515504382742
-0.00620131677687061 0.0123864801616935 0.139311025477693 -0.322364457409508
-0.0131728555273901 -0.00117355100224185 -0.183195682596549 -0.233571544930015
0.00118214490519523 0.00324408024326259 0.133021873452436 0.183576647568779
0.000840776075157559 0.0125515181770979 -0.124147227845032 0.213738442209006
0.0027556061293588 0.0136854312620809 -0.413936386664974 0.0685820983684269
-0.00631288906223647 -0.0160442438060482 -0.329240068372779 -0.464220046805004
-0.0126034023338345 -0.000981740890133856 0.397062618894327 -0.615949756680827
-0.0168774530744542 0.0120423614101321 0.716159692700773 0.10864262149694
-0.00267131316235531 0.0277765845795982 0.217884203028311 0.508573739361961
-0.00655133873027033 0.00717243050866641 0.0734908649590308 0.0525583005475731
-0.018829403946833 0.00888882746852585 -0.0573918374045885 -0.504877490182665
-0.0142606081172869 0.0100855828465054 -0.799146953964371 -0.256765028356532
0.000870554668811963 -0.00254654308214295 -0.569772282563628 0.719345148567827
0.00525352902709457 -0.0115509965549933 0.421155428636262 0.592663743892174
0.00337898475972968 0.00780130014090474 0.510483489743957 -0.0779279159172323
-0.00501140833281485 0.0130208519633155 0.135390898822788 -0.322609512478494
-0.0119636298361941 0.00512108211212834 -0.185400423705005 -0.232715824388922
0.00195970519044549 0.0061836602583742 0.13167592901125 0.185565134005832
0.00348057350525056 0.0101841578780758 -0.127531041683478 0.213643312748796
0.00160009583434688 0.0120082843547923 -0.410715185582313 0.0615225479119152
-0.00490649510544299 -0.0117787352464897 -0.313186122335577 -0.477046561040351
-0.0092935908560978 -0.000941008246727158 0.413430779515139 -0.606602450041844
-0.0134034631845447 0.0090619681527519 0.712469322812313 0.127039195623154
-0.00102795662778577 0.0229491059185005 0.209640682573476 0.513322993399853
-0.00685201800284625 0.00186969734394219 0.0737174143842995 0.0527262733828592
-0.018976209037858 0.00460321294643895 -0.0662085697745721 -0.499493924862623
-0.0109037821384978 0.00716296510565572 -0.802399637755649 -0.235156226782186
0.00496044012556424 -0.000549910640251141 -0.550029845553034 0.73072643353487
0.00762320611002468 -0.00680736865751842 0.433461780433924 0.582308148527325
0.00271370800819152 0.00885314569864378 0.512271729163279 -0.0879058847646878
-0.00299912984207877 0.0106353571447784 0.130950350767716 -0.320054697065546
-0.010039019948563 0.00885386434558615 -0.185265229723205 -0.22777509083145
0.0042753194695135 0.00982217402515773 0.1293471879995 0.189758833490265
0.00501113317808178 0.00688694801135035 -0.130914180634391 0.213221656953878
-0.000118204944406675 0.0120632795274542 -0.409083149370962 0.056394200368903
-0.00412716333274059 -0.00712268903321828 -0.300738633604548 -0.486213896492836
-0.00546427447406492 0.0015791150658082 0.426207241659334 -0.598798882380561
-0.0117540250238016 0.00536139084451366 0.711143271802097 0.14537792917783
-0.000101218594643094 0.0190386222723774 0.202441647347944 0.516262283281585
-0.00625858911417913 -0.00190032793843573 0.0738407971237835 0.0495205870840231
-0.0163633244911782 -0.000439078586300833 -0.0743322597542947 -0.500165872452234
-0.00783009844816648 0.00254598111282365 -0.805662831271364 -0.21684085858301
0.00871065259165975 -0.000512741335301169 -0.534944968143228 0.744092625957525
0.00988563787447369 -0.00254401116423048 0.443663062020623 0.570102457536054
0.0017693188927534 0.00761981499140805 0.510981116779393 -0.0949777751301217
0.000142976001795291 0.00695688151016412 0.129528028677662 -0.320079962507513
-0.00636386967460492 0.0121331726637261 -0.186821246217056 -0.223778051225012
0.0123053149224867 -0.0153483744028014 0.134676965488376 0.191017719291223
0.00625027216346491 -0.000374862627951626 -0.115795345711153 0.218392824549154
-0.00175724435975104 0.00348271378817522 -0.42173609390934 0.09387308804804
-0.0151712117832578 -0.0113322033504954 -0.354574727762577 -0.429277211996976
-0.0129177641231157 0.000918669090778007 0.382450149890478 -0.633679943161815
-0.00778635385725484 0.012733405760563 0.732034582026785 0.0512319257369781
0.0022207533262198 0.0378951188979559 0.241925805978322 0.473500163272178
-0.0109663844138848 0.0226616521056738 0.07533648251247 0.0313549260131297
-0.0152538324354274 0.0176589112968111 -0.0479731994650412 -0.528001735964658
-0.00413826293250554 0.00785620431017764 -0.788348820543701 -0.295972702514607
0.00163925640768354 -0.00254419544511088 -0.57894133368309 0.711051216464738
-0.00162849660552664 -0.00531610527284676 0.406083195925726 0.625061628267234
-0.00286751409828637 -0.00346861750031227 0.501877606312377 -0.0626635327421476
0.00081847523324406 -0.000768381062193828 0.138964565506928 -0.323434903501555
-0.00427159772416208 -0.0132375474765941 -0.18426417471362 -0.219353021333801
0.00812860320418181 -0.0143426168655514 0.136753186238864 0.186523322254819
0.00339700752824423 0.00469509665597803 -0.115291570431267 0.216479201895731
-0.000984570751283804 0.00616490568798204 -0.419773106415929 0.0964445029868997
-0.0159096468609496 -0.0143177717911155 -0.358813650746908 -0.425763035494477
-0.0168014357504573 -0.000524676055391108 0.369710979264051 -0.637370845868518
-0.00995925897766385 0.0160805485297623 0.729990279267651 0.0428720427914623
0.00195416203126396 0.0417024181004194 0.246435519264291 0.475611245103235
-0.0113035834067333 0.0255228272978012 0.0756156512727894 0.0381861440627899
-0.0158319246355875 0.0214621173590646 -0.045711089666742 -0.524883879922649
-0.00723884326356232 0.0116435007830479 -0.785923166651426 -0.305599541615916
-0.00105141700282366 -0.00490796590429251 -0.593665911269062 0.703355888107633
-0.00116459602775363 -0.0117411267911327 0.399483251502861 0.628980483260141
-3.63191386638655E-05 -0.000364805131801975 0.504542427412864 -0.0587727015556647
-0.00239856236799149 0.0038216832247892 0.140963471417334 -0.324252824971591
-0.00800415850845473 -0.0126276605894852 -0.184381693134493 -0.224293001149078
0.00485342555052692 -0.0107645669253587 0.139393185606214 0.183380552428816
0.0020440102581079 0.0084785349983134 -0.114316494673104 0.21687365176628
0.000963535954722828 0.00886434590839037 -0.418359036918198 0.0949086537626021
-0.0139984895153959 -0.016704779234909 -0.361525699977595 -0.426632633597776
-0.0187415361950444 -0.000886922046614348 0.362566922106275 -0.638426111467204
-0.0147871891936954 0.0175836249521442 0.727894880526549 0.0458558991267761
-1.31348377449686E-05 0.0398900633552805 0.244473737585471 0.482777005614572
-0.00941607274870038 0.0225325609264651 0.0740989128863389 0.0439888875044578
-0.0183548922262287 0.0198921648235029 -0.0420473084761246 -0.520145313606674
-0.0119557649713226 0.0136558162247678 -0.787577057352341 -0.304681675471609
-0.00244073098642185 -0.00473571045184745 -0.601886166327387 0.699240456422955
0.00118961645609523 -0.0148465046007275 0.395707430501204 0.627231781248918
0.00136666638709874 0.00164437755135714 0.506569390994304 -0.0587058190603743
-0.00475927547524509 0.00854830146907924 0.140008145942564 -0.324344135199616
-0.0113966854785796 -0.0100856313833064 -0.185672154079349 -0.230082438012863
0.00251340925767233 -0.00705698133197093 0.139351303866711 0.179822583326975
0.000396466376314524 0.0120018302209518 -0.115898445639595 0.215596057415454
0.0016875148777211 0.0111308041200177 -0.415604173024802 0.0880872439734252
-0.0119776102457991 -0.0180147579232422 -0.356443376803553 -0.435806632228932
-0.0189304501872857 -0.00161205298265549 0.365100746383018 -0.633795523572737
-0.0171207141362304 0.0182435668861501 0.725111865560794 0.0614122709851593
-0.000911792383525707 0.0358664598445764 0.239174500932645 0.490875803887676
-0.00885514040034367 0.0169138506427332 0.0741589725084183 0.0478482499806131
-0.0194907505787122 0.0159593601186227 -0.0491155958229694 -0.514098342349994
-0.0154172709403633 0.0147256265034671 -0.791831652628166 -0.292268736115449
-0.00409160864883699 -0.00426774023178212 -0.592279752989877 0.706476136972324
0.00190680145401639 -0.0158687003531999 0.4032631405538 0.617481569792669
0.00235607885962086 0.00453601166771955 0.509774521015935 -0.067133548235024
-0.00669315317274499 0.0106938827276071 0.138569403927771 -0.324391793712863
-0.0140699742396398 -0.00503495211547024 -0.185636848130699 -0.230674632040185
0.00153028196495503 -0.00349945190974605 0.138217461901676 0.179781621464576
0.000856659264739752 0.013113572601019 -0.118664702931616 0.214901354226076
0.0031714148146499 0.0121145438805938 -0.414775547472525 0.0807103483128604
-0.00952237185652183 -0.0178231017342116 -0.346384012338049 -0.449256800171656
-0.0158472598808224 -0.00146533110692148 0.378536188074494 -0.62959974910112
-0.0175457145020218 0.0158981645814421 0.721711866836032 0.0799916817903896
-0.00129104651017766 0.0324774674488452 0.232502197357524 0.499820298617407
-0.00639088482810794 0.0131935609721669 0.0743886188031179 0.0507383056704358
-0.0195481850608059 0.0130039270547804 -0.0570133322209853 -0.508309554165714
-0.015966082170926 0.0123152837320261 -0.798754428139004 -0.268795327603145
-0.00171440493394851 -0.00347034726717001 -0.579351530288381 0.717053593878837
0.00452135684924567 -0.0146062170854232 0.416218823148485 0.602490308877067
0.00360239372889301 0.00646390029530553 0.510086201279644 -0.0772023657189136
-0.00571408284889464 0.0129836173243467 0.133542049356455 -0.325111758225829
-0.0138567535323442 -0.000249024730021082 -0.187789950635873 -0.23150738620441
0.000428858426257514 0.0019803453553291 0.137244793201942 0.181355342676823
0.00179926092509352 0.0121722920062503 -0.121533272591128 0.215168136179649
0.00299792824275464 0.0143304549688829 -0.412003016152618 0.0748214266766581
-0.00661904871166573 -0.0162155308382574 -0.335868903232621 -0.462581716741017
-0.0133744704569736 -0.000812231422822775 0.388493728545512 -0.619866443055702
-0.0165643157752303 0.0123941743187437 0.719779119370684 0.102874324144044
-0.0012010772438739 0.028344380387237 0.223552476661163 0.507338105135262
-0.00677321971039344 0.00598494940837295 0.0743721578560646 0.0525895109205105
-0.0181116013858784 0.0091112362121659 -0.0637736881492086 -0.504844869120083
-0.0136358840913429 0.0107420596032391 -0.803753220884761 -0.249814802477178
0.000780365585729404 -0.00203326756071914 -0.564272906740904 0.730928447147935
0.00593077538048595 -0.0118700453582785 0.429666053866261 0.59010161328553
0.00371164827170857 0.00784364568874756 0.511193448974375 -0.0848808690489622
-0.0038440622508624 0.0130150494272147 0.130074191897894 -0.323672487776141
-0.0123974770473538 0.00560165161732015 -0.189667990610168 -0.228670572109383
0.00164767141337166 0.00579724261553356 0.135019237110788 0.182902730033576
0.00399523294487818 0.00972604968859279 -0.125181568044716 0.21517783067727
0.002660280565921 0.0130469042802038 -0.409678296895847 0.0673557530929026
-0.00455346464194906 -0.0117401416200299 -0.319442701858624 -0.474686393795221
-0.0088702456491365 -0.000405608736329199 0.408827530154245 -0.61183327165365
-0.0134369517316843 0.00921171215994334 0.716044523753947 0.121126395407014
0.000670278536693566 0.0231687478140973 0.21447042555883 0.513608888577627
-0.00622933225922135 0.00203040313210678 0.0741274921746464 0.0511722855769855
-0.0175619148936463 0.00370000367703445 -0.0707265764249202 -0.500847026385983
-0.0118316804925907 0.00771968900334944 -0.80844883989587 -0.228821679384843
0.00469644109153081 -0.00164139094039035 -0.545666190232599 0.73976391405543
0.00732880661965536 -0.00769505515727821 0.43979082919963 0.57639858485083
0.00405962312459727 0.0086173213858385 0.511170929465663 -0.0943643949248757
-0.00212899634130589 0.0111277056735162 0.127356311367349 -0.3228476436496
-0.00905088679246519 0.0103490223379373 -0.189901837042575 -0.225041021295471
0.00452998975933054 0.0100937415952788 0.134567973682927 0.187261322491981
0.00608465847569488 0.00696139751556055 -0.127716706170025 0.217133111374057
0.000547027839370998 0.0122861863925878 -0.408566964997022 0.0632573961205298
-0.00466352307917476 -0.00651160793797212 -0.306638005701109 -0.484826605644373
-0.00603863848682433 0.00273569757897916 0.422627953502323 -0.605199917298619
-0.0106716842384561 0.00553473693472184 0.714786048611814 0.139265071860023
0.00161383236716974 0.0186987770131081 0.208710390333458 0.515961986166608
-0.00595113618727955 -0.00151577793857081 0.075127546392016 0.0490942304667395
-0.0160720858622556 -0.00126774946747643 -0.0775601938575189 -0.499108708979016
-0.00760516721038271 0.00396193090601399 -0.810727322892444 -0.208749209400475
0.00922718706854568 -0.00171026398351851 -0.527814012268558 0.750711558386711
0.00946925673548893 -0.00335917677935752 0.452968673159942 0.564860393241459
0.00126695497138356 0.00733482564355895 0.511110191776003 -0.100615205706654
0.00104116386776338 0.00734901948971652 0.125259077691984 -0.322557869122728
-0.00541442664583322 0.0133174777628075 -0.192513805968957 -0.218777747479783
0.0106917635378783 -0.014978134638475 0.138883612719996 0.186865024926102
0.00674620913655926 7.28815791910418E-05 -0.114188395204279 0.219578196450493
-0.0025458911346852 0.00300052604992915 -0.419923073648863 0.098601465679619
-0.0166040143351321 -0.00975226008855012 -0.357512368879835 -0.424967818480609
-0.0137711411740927 0.000159587966338732 0.37564020628991 -0.638370657268258
-0.00723470037621296 0.0130012912959858 0.732367625963565 0.0411446626777797
0.00328883536510108 0.0380177177199512 0.246148526177319 0.47202498955948
-0.0115684294579376 0.0223344424002201 0.0764424414557244 0.0302883011026043
-0.0152120435655001 0.0180228957046802 -0.0547769848267869 -0.530510164472165
-0.00476648464998272 0.00796866773492276 -0.792118440767424 -0.287961207507687
0.00173094970826247 -0.00300785158662268 -0.571341391328034 0.719216243640015
-0.00228142620170608 -0.00735850916216393 0.41553597362325 0.621770635890132
-0.00344682539084925 -0.00301961289172274 0.502596987778461 -0.0689785816511976
0.000150799071472894 -0.000239499118640869 0.133771555691733 -0.325465481474804
-0.00465607079058405 -0.0145615501347897 -0.188485073448172 -0.215451063281439
0.0076296858017411 -0.0138984448923032 0.141161974950269 0.183906066812138
0.00480031331801682 0.00427459863817684 -0.112683325243874 0.21977146071501
-0.00133000635863037 0.0059574267732626 -0.418893409678127 0.102065783067175
-0.0152449973394023 -0.0136875336180755 -0.365786214729429 -0.421626937673735
-0.0158853158487859 -0.000778499913344196 0.361480216018038 -0.642925483074947
-0.00961946480888192 0.0162721925691426 0.731679827436475 0.0354394361476862
0.00286195196192525 0.0410215852183994 0.250685537415255 0.474853665721829
-0.00988076102107478 0.0252418731084148 0.0763020487510804 0.0377089221017649
-0.0153142589666857 0.0216440164764948 -0.0510977034097452 -0.52634137942216
-0.00779577973811298 0.0114717852069599 -0.790188672083024 -0.296982582183122
-0.0020221101263167 -0.00486944029224113 -0.585156949975518 0.710839686099891
-0.00124136158371963 -0.0121671902583869 0.407762196336003 0.625632807475916
-0.000742439498719019 -0.00071895481865389 0.503714621235801 -0.0661749886804844
-0.00184563565290926 0.00432506458247349 0.134659874057378 -0.326761839719884
-0.0082975199821928 -0.0123564199872416 -0.189645668756851 -0.220527492110312
0.00466889227744777 -0.011611337149232 0.143542823606103 0.179787524299669
0.00196065469844382 0.00817008935620483 -0.112340139341544 0.218657715112526
0.000682755917645023 0.00863245881905123 -0.416675521384093 0.102507786877349
-0.0144196098718946 -0.0168493598299109 -0.367444183690587 -0.423504933939801
-0.0180092432047975 -0.000184619445424939 0.354237708285346 -0.645901548260044
-0.0139927016814335 0.0187330502253475 0.729910754957536 0.0370436251008061
0.000988477321323006 0.0399875746404683 0.24971958212496 0.480361789819702
-0.00870570224148232 0.0227673021598075 0.0748573512398066 0.042120263402171
-0.0170877381163497 0.0197889037053789 -0.0497038831919677 -0.52093489347139
-0.0123743129276129 0.0136208322717119 -0.791414134560271 -0.298337732910437
-0.00276686618590911 -0.00569072382228532 -0.59273792673054 0.709616338504689
0.00051671519815885 -0.0159334343127271 0.405430990720059 0.624599937891447
0.000665308997961284 0.00135900640588257 0.50634752746298 -0.0667048658204084
-0.00509867862972442 0.00849751366936423 0.135242410561664 -0.326977815013422
-0.0112264307795999 -0.00954447485782039 -0.190896632432179 -0.225814170223455
0.00251610828498404 -0.00754241466105705 0.141973252782332 0.177193257260636
0.000130377960760008 0.0123101950699402 -0.113594055401628 0.216973888765462
0.00230147086605546 0.0108693226970805 -0.415077609993338 0.0949235684181136
-0.0125305938891489 -0.0182161501124476 -0.361659526061764 -0.433471938914351
-0.0190104861958924 0.000674548329311232 0.357289402450831 -0.639885617048855
-0.0158473155309287 0.0181033210941733 0.726538013162627 0.0542276881417376
-0.000159234871645532 0.036706302330268 0.246173719747208 0.488742276162928
-0.00806083037991755 0.0168827282374268 0.074788795183107 0.0472050770135307
-0.0190560384969901 0.0165551144592831 -0.0531182237227407 -0.515367512952972
-0.0147809786000212 0.0129975436663719 -0.798695385953972 -0.283795512619932
-0.00396145998448082 -0.0055877647548662 -0.585742312799029 0.714295634936752
0.0020037939547662 -0.0172458814617472 0.411720590174202 0.612497830257093
0.00289531668908736 0.00416729743961586 0.508236719597607 -0.0740241582950716
-0.00602332318374601 0.0122277882082389 0.132743940118773 -0.327341637079995
-0.0134457939904305 -0.0049528966808311 -0.191927450583205 -0.227064090508324
0.00085390260677061 -0.003181011736677 0.142706238430058 0.177294444045756
0.000208709280236407 0.0124825041537208 -0.116174331322661 0.218259305707221
0.00289305229772767 0.0116139083817672 -0.413857661300103 0.0879663811323551
-0.00920560110349154 -0.0181200788041807 -0.353197432628618 -0.446272428165699
-0.0174646302176423 -0.000926497508836437 0.369716405046392 -0.632570611326426
-0.0176259247821351 0.0165803964128469 0.722511697192235 0.0718953856633242
-0.000787090765237248 0.0324835556243679 0.237291859857199 0.499221281965523
-0.0067492984085688 0.0122733125885018 0.0746980746491482 0.0497311170626485
-0.0199616788657183 0.0131025083495866 -0.062228420618666 -0.509029283753342
-0.0162218318386702 0.0124841510993627 -0.803273730351604 -0.262519564415139
-0.0020962304057401 -0.00353240098268623 -0.571738546739411 0.724638476623839
0.00495330911982432 -0.015344911374353 0.424730830356351 0.599203295190364
0.00424490183631941 0.00667378214619755 0.509699458194594 -0.0838059562785629
-0.00513406564963729 0.0130755733702611 0.128112488334967 -0.32770237320504
-0.0132665964712635 0.000901084190582246 -0.193964610778018 -0.227052763279356
-4.03566484487444E-05 0.00182302349941477 0.141571282511833 0.178346898041261
0.000909077161553452 0.0117855747137486 -0.118751456237744 0.217827540269969
0.00275146950776185 0.0124069529519018 -0.410016724035355 0.079712318998369
-0.00728775940448616 -0.0161080348348496 -0.340194636743108 -0.459246398647162
-0.0133851888861356 -0.00093594346763597 0.382940421433119 -0.627591055460897
-0.0157621859112657 0.0133303587631415 0.721020968587588 0.0947917955773405
0.000415923839992106 0.0279092984295777 0.230196604431556 0.507732048876236
-0.0060990999126948 0.00681268975104294 0.0742488534033037 0.0511306177055124
-0.0178794616196491 0.00868642035047769 -0.0701671367327834 -0.505851181605415
-0.0146283203325567 0.0114888014051338 -0.807564773951462 -0.242584418768732
0.000616792402232651 -0.00288912865485221 -0.555571641011194 0.738362369504853
0.00582533754903852 -0.0125171026820679 0.437758327420564 0.585876106315306
0.00374474607310266 0.0077951978809345 0.509512806743741 -0.0930908797931297
-0.00356817411238424 0.0127675639074271 0.124145875477502 -0.326395811760623
-0.0111269144625516 0.00576825919005544 -0.194148867334894 -0.224850720724345
0.000900594472920971 0.0056297618322328 0.139913652653935 0.179055710118407
0.00340010656348206 0.00941408323465147 -0.121720469823204 0.217720923238047
0.00305295212535342 0.0120784793118434 -0.408095425443022 0.0734311845297534
-0.00546432205822861 -0.0124100453744138 -0.325296049037194 -0.470806097848409
-0.00975519870089751 -0.000479624767613871 0.400211999545463 -0.617765714252467
-0.0135075763106026 0.00903354519741271 0.71949742617151 0.113988323939775
0.000672200701760653 0.0230040947732394 0.221350886442621 0.514621522947563
-0.00606420943483114 0.00187425415766344 0.0746503184692645 0.0502861171001266
-0.0179448471150502 0.00417019900166334 -0.0769048355069585 -0.502709199583339
-0.0106722186290693 0.00880680236499664 -0.811952645694581 -0.219239121102114
0.00587708498094226 -0.000937459270168764 -0.537458940609821 0.748919028182412
0.00950811263288099 -0.0081744415171068 0.449186806605743 0.571599924131518
0.0035427243600195 0.00745203885608365 0.511277584145036 -0.100657355171713
-0.00173194965824192 0.0110915379055606 0.121522269806911 -0.325129955679694
-0.00845442162947843 0.010119486182975 -0.196035068903528 -0.220413862850674
0.00351278067409859 0.00911103029786961 0.139080506126341 0.183116723467204
0.00716557373622045 0.00607763963333264 -0.126060287421856 0.219086055471956
0.000813988526835328 0.0119616880816817 -0.406257753751385 0.0692289382015274
-0.00456590287115004 -0.00727072496017148 -0.312158198582813 -0.481518011887132
-0.00588964155055489 0.00123540409044371 0.416693823836906 -0.609920128505155
-0.0111726146953579 0.00687588916123698 0.716539445113016 0.131842787019301
0.00200317551091765 0.0194525941696391 0.21427864424903 0.515548028298393
-0.00689656799448582 -0.00293606645304713 0.0750121375069703 0.0475651768481596
-0.0154306143287869 -0.000165742433982171 -0.0850103730581017 -0.501771906924224
-0.00770145339550357 0.00291813285336321 -0.814563852671212 -0.201760036342021
0.00811533535626508 -0.00169618038344787 -0.51767876164061 0.758750286730819
0.00937678180618716 -0.00235282449999466 0.459748412082696 0.560569272183274
0.00264874253891574 0.00743560361052321 0.510921482612082 -0.10780466661094
0.0014217234745592 0.00721717013172063 0.118574360089585 -0.324610164791715
-0.0069121262014501 0.0135292221549693 -0.196983102756447 -0.214871746186249
0.00984539881878107 -0.0156434797630189 0.143304319885921 0.183545427913733
0.00478554126218376 -0.000165102729289841 -0.108940684292176 0.221374204304858
-0.00256349959162715 0.00238422828395046 -0.418261391552467 0.10639695174579
-0.0155922564317742 -0.0103117065977123 -0.364156534603551 -0.421394342819975
-0.0138017026356901 0.000127345438279443 0.366815652728935 -0.644293975512341
-0.00724829022210923 0.0135539966454807 0.734522533235213 0.034733236230662
0.00388289790634728 0.0379670789764707 0.250674469990007 0.471094612243851
-0.0109013616821361 0.0233471536216847 0.0773644998153335 0.0296823571059515
-0.0134127522467399 0.0197775011476868 -0.0614364738210715 -0.532268845770229
-0.00419075268273273 0.00953574425711147 -0.79696765830282 -0.279678886728204
0.00187078979224105 -0.00267727686945474 -0.56229664687975 0.728527982398883
-0.00289217431401201 -0.00775846856105545 0.423559977188853 0.616486906302536
-0.00355963130848489 -0.00339374957085841 0.502240968700829 -0.077670533354476
0.000671365646064542 8.86003070862248E-05 0.128360690954524 -0.327670552572454
-0.00470002776171076 -0.0131409930344908 -0.193273346754958 -0.212253887038492
0.00644846635171366 -0.0145615833136683 0.145462260639292 0.179225145864703
0.00282801835714837 0.00378156906283688 -0.109506844298593 0.22064117271364
-0.0017596488790963 0.00523306561474372 -0.414795753580129 0.108655883107662
-0.0152935118850169 -0.013399185200418 -0.370683564101471 -0.416186306331936
-0.0163730301552702 -0.000332816360718597 0.355437313662156 -0.647887818896952
-0.0093871219744391 0.0158282472254128 0.732029561677917 0.0294622780737959
0.00336933597317515 0.0420822488453495 0.255585512138364 0.472941007237724
-0.00947604090104841 0.0263045725645998 0.0760254955408613 0.0356519992539312
-0.0144990688686469 0.0224198411295466 -0.0560978996677746 -0.527411001229313
-0.00681549108610552 0.0116657008404718 -0.795835445602646 -0.288078339236817
-0.00104236780155061 -0.00509444777339064 -0.575006239641107 0.719974646706938
-0.0017615891339558 -0.0122740095290276 0.416183237642386 0.620959672680777
-0.000602687455951976 -0.00166974552547255 0.503544487926741 -0.0723285982727881
-0.00155068982483817 0.00398949284666073 0.129200597339986 -0.328038520998869
-0.00897606652060165 -0.0120733301483131 -0.195552808276551 -0.216233780562041
0.0036071290300343 -0.0123009790779529 0.147002528285388 0.176013599751778
0.00175188916313471 0.00812782804571454 -0.108601139009646 0.220092389000597
0.00172761077512711 0.00702334656375275 -0.414456140116564 0.108559897806412
-0.0152457754550866 -0.0163512821275237 -0.372143224105583 -0.417255799097555
-0.0177943363548336 0.000679212304054277 0.345665530401071 -0.648942812014952
-0.0135496620308253 0.0191887744164711 0.727522737495945 0.027986715758282
0.00153635850006127 0.0395511152048816 0.255200723128207 0.478038269540315
-0.00793439562317449 0.0232487261895414 0.0759360855539841 0.0424112705044416
-0.017331608865769 0.0204062925069064 -0.0536755388910973 -0.521280453731016
-0.0121770471971236 0.0140180194409983 -0.7968914658393 -0.288725734845011
-0.00397929082151605 -0.00513227225665618 -0.585631922696527 0.716370482071526
0.0008133096420224 -0.0158745650732484 0.41061825840428 0.618908384853116
0.00264078263252448 0.00123462559248415 0.504451958097593 -0.0729110903495581
-0.0045004486702868 0.00858075331296948 0.129395976607441 -0.328096246927048
-0.0114340125232273 -0.00893017381370887 -0.195573855588843 -0.221365655370824
0.00119851815850277 -0.00753984561136481 0.147475679144778 0.174189671859404
0.00124273256468997 0.0112424038906582 -0.111393622099697 0.219204416912442
0.00245780942756039 0.0097872619261611 -0.413951577139787 0.102871426336895
-0.0125075326125765 -0.0184690435982863 -0.368649512766588 -0.428207642575808
-0.0185188483914819 0.00063418467626988 0.350805018646524 -0.64322995298984
-0.0164719978712208 0.0187191763258095 0.726907962034477 0.0454874568569068
0.00198388512193166 0.0369477100650573 0.250805079123137 0.489396211478948
-0.00717418815539822 0.0174164079716457 0.0751135186851559 0.0452476744154463
-0.0175885311998032 0.016603994750468 -0.0605155035165752 -0.516191504851754
-0.0144580174736865 0.0144178099068259 -0.799954993125314 -0.275726521039696
-0.00462327297816378 -0.00475288443743475 -0.576353751362747 0.722431082099535
0.00211557276895474 -0.0173314198531414 0.419629406433275 0.606008199611069
0.00320133484006467 0.00425912801597989 0.508499479489761 -0.0808099259076604
-0.00433561913641933 0.0119695013409602 0.126700801570473 -0.328952470355191
-0.0123776472203839 -0.0032608735240877 -0.195953474488484 -0.2219882654449
-0.000813846521509624 -0.00280811257605443 0.146164972263258 0.173298753707582
0.00105981478798142 0.0131367712384139 -0.11252849385253 0.218918521519123
0.00364178517877576 0.012177755856176 -0.411269970463509 0.0942573174187287
-0.0102134243403611 -0.0172817165833246 -0.35667313509214 -0.443640352081717
-0.0167044883521571 0.000675391232086629 0.362178528571481 -0.638875048684835
-0.0168131932736055 0.0170508294130805 0.724008778517087 0.0658391656944327
-0.000323224521119438 0.032384635253491 0.242925571237408 0.497766705525386
-0.00648994139128995 0.0121750152755852 0.0746659269613092 0.0492240959241429
-0.0185431044644068 0.0131082978996673 -0.0673437641816148 -0.509042855591375
-0.015934820794981 0.0134333288173457 -0.807364522180529 -0.252867063534971
-0.00298977720890539 -0.00420234263967864 -0.56249107899939 0.732500415977954
0.00403885482602733 -0.0157238493536419 0.431552380516075 0.593137959748308
0.00369950841374844 0.00669232933334162 0.508241598677566 -0.0914594433661031
-0.00503769679714038 0.0134405976354286 0.123298630512491 -0.328241599320253
-0.0128801175409348 0.000687714682725308 -0.198085644159381 -0.220285500961891
0.000209432808723728 0.00131103643575412 0.145745376659867 0.173072799070132
0.00130924709798216 0.0114140790597854 -0.115007313019528 0.220358613608007
0.00363809243899581 0.0123812739335911 -0.408545661731304 0.0863685132400828
-0.00738103706652989 -0.0159059081607584 -0.345685476155649 -0.454083823449797
-0.0144999864113383 0.000358617097680432 0.375188082328374 -0.63046677739216
-0.0157969410127397 0.0137600590484643 0.721137264463021 0.0867902989032422
0.000957425461190818 0.0277064514315303 0.235810580804595 0.505637067938417
-0.00576006380764018 0.00660150330021579 0.0748468582494545 0.0516137798657265
-0.0176528894584214 0.00856456548732863 -0.0748678593342309 -0.506051953942952
-0.014394672741724 0.0107015225181259 -0.812377652870818 -0.232071330000653
-0.00041079564647635 -0.00361444514009208 -0.545917399111496 0.746871227475687
0.00554169946337487 -0.0120143254374515 0.444090334869359 0.577278325372018
0.00532272039418743 0.00797515000030796 0.509164389799155 -0.100711135712469
-0.00280375691310041 0.012847335277016 0.119711801421881 -0.327070230933488
-0.0121114227097566 0.00604989776798458 -0.199349256181354 -0.218979100402443
-8.52225531832104E-05 0.00663579031089764 0.143961168938519 0.176841915100617
0.00406549562576458 0.00937478882365761 -0.119003588763757 0.219354176699546
0.00309445341264834 0.0123063208758981 -0.406874284334474 0.0790450402856539
-0.00623953800540033 -0.012400846595295 -0.332609101154278 -0.46751640222025
-0.00973050435338291 0.000486712289333448 0.391712549589905 -0.622726142956723
-0.0139572711791551 0.00953101532441474 0.719733006557611 0.106408959029613
0.00144241693751692 0.0229397066772674 0.226082349273815 0.511330715769362
-0.00559363935396086 0.00212836421117245 0.075487571947017 0.0500210919085145
-0.0183703987637885 0.00504280629911682 -0.082292651836567 -0.50208724684574
-0.0115873294317095 0.00826243046249989 -0.814934584090133 -0.210876502824069
0.00393208457144046 -0.00304935806725309 -0.527216295110319 0.757101848682662
0.00729473349368221 -0.0084714453108378 0.455265550642951 0.565235783756107
0.00397611065511878 0.00793632021813418 0.509271686450491 -0.10729788422063
-0.00169538886841008 0.0115895330788178 0.115345729598154 -0.326663379425556
-0.00895299335844673 0.0105974075510738 -0.200930554636151 -0.214407923240605
0.00464520936730614 0.00857875144930261 0.143157855258712 0.17960560282929
0.006036135019851 0.00589853140266808 -0.120374822361685 0.220899607271873
0.00199430990784034 0.0111557325045533 -0.405132739818155 0.0747491673896526
-0.00430242115978396 -0.00668363722509995 -0.318034575006077 -0.476795664865438
-0.00535294315756483 0.00259916533668341 0.408026254812796 -0.614867042419298
-0.0100637443744447 0.00547999669850306 0.718094189324104 0.124861721585926
0.00297970662626215 0.0182189835807862 0.220879471677685 0.513777951606914
-0.00702267584899694 -0.00176036970034265 0.076059381564271 0.0480382871043388
-0.0152137607516134 -8.6802508732396E-05 -0.0896854975167855 -0.50322507326249
-0.00739700887952257 0.00317280602011248 -0.817945003852109 -0.193844951511314
0.00917392587013931 -0.00113144892833988 -0.509021521857535 0.765429743038629
0.00986567907411549 -0.00348307265974163 0.46715647339647 0.553275766209565
0.00308107395563754 0.00793432044009604 0.508853674153875 -0.116334827746166
0.00224298876050786 0.00734363780684222 0.113770706865932 -0.326314700871841
-0.00577659751106082 0.014497890789256 -0.202274041784953 -0.210184384748913
0.00981967490664428 -0.0159590775796484 0.148379382063349 0.178074107329434
0.00546193825694848 -0.000470213766302131 -0.106181924141252 0.22192048119448
-0.00122084928817172 0.0031944426663225 -0.414294030491592 0.112801992755206
-0.0161578524983799 -0.00865414686502973 -0.368219969492616 -0.415458747895897
-0.0146233953397006 0.000554360924258578 0.360076252794317 -0.64723871534756
-0.00654322563111491 0.0134401444714896 0.732572933392529 0.0275999343514158
0.00456228733404729 0.0380635996403898 0.256290730851622 0.46905319853468
-0.00964120735630091 0.0232161550589498 0.0763100262557002 0.0281915109519843
-0.0136586724420604 0.0185375033846591 -0.0667589471352515 -0.531638398414959
-0.00457865576845238 0.00847419272646539 -0.802106864186007 -0.27114980766919
0.00132220233212214 -0.00316132357118081 -0.551960907642457 0.736468647042916
-0.00204723264722383 -0.00654694422876693 0.431078602441604 0.609156808796776
-0.00304747771087586 -0.00226420813537352 0.499750458952447 -0.0848023034377833
0.000683789571085539 0.000605906620689965 0.120790693498341 -0.327172004601291
-0.0060940963413612 -0.0121553153938658 -0.197962487666782 -0.205083900137418
0.00552415631455926 -0.0142277005671706 0.150596170364071 0.174783343955896
0.00308044629250506 0.00344631402044292 -0.10548944553743 0.220713990647226
-0.00147293953809589 0.00552491928514181 -0.411441133751474 0.116101704612341
-0.0165477866180124 -0.012654717024648 -0.376163432754027 -0.412529907359409
-0.0173674428764311 0.00138721203521066 0.34428158935526 -0.651907350275981
-0.00881883534200049 0.0172765276443675 0.730402977613854 0.0203182801210508
0.00537376582588729 0.0415119800042442 0.260593269866824 0.471932723397654
-0.0101310866783695 0.0253757241702157 0.0757105485941963 0.034769150622582
-0.0136696038122224 0.0225323992476647 -0.0645084779876743 -0.527034264785869
-0.0081213223251067 0.0122264481078065 -0.797958568310368 -0.280011025636956
-0.00136632935045722 -0.00484662742851409 -0.567372140242489 0.725792411762434
-0.00250278422602517 -0.0131308727722725 0.423602116316509 0.61463942228404
-0.000179153163354272 -0.00155228756026973 0.500634791979813 -0.0803033957383687
-0.0018487326925638 0.00357664579218109 0.123059483081985 -0.329865937087253
-0.00969779686544425 -0.0112205512492827 -0.198729383536868 -0.210354769113218
0.00316560434157831 -0.0130240421946823 0.151515937220984 0.169433727789786
0.000995701793405948 0.00842470235251268 -0.105078426505852 0.2214603425122
0.000721193931229116 0.00804017492777958 -0.410659341338129 0.114209436687643
-0.0160710889128173 -0.016445480350829 -0.377949301784578 -0.414578342378704
-0.0184638467612644 0.0010169398077726 0.336816543697983 -0.65285756236187
-0.0126077130426587 0.019666320849791 0.726412511376067 0.0217894447080711
0.00220255322551926 0.0404905963816585 0.260921783304006 0.476832763239906
-0.00709604166540919 0.0235516775139517 0.0755689865768863 0.041367410207155
-0.0159812789753317 0.0202758954618546 -0.0617321393685031 -0.520789544083433
-0.0114400313449948 0.0137220255183033 -0.800266228297074 -0.280117517832993
-0.00410558376805192 -0.00645006003762059 -0.576111432738639 0.722882842572849
-0.00104907562387407 -0.0170404935366185 0.421024360715551 0.612261300845915
0.00294474271916564 0.00133140899081472 0.501914994684602 -0.0810256329007122
-0.00365559886463395 0.00819524832024937 0.123226184845355 -0.329055995243226
-0.0122982516592007 -0.00797723030131378 -0.200473166569227 -0.214321552879881
0.000969590218157609 -0.00809843347067613 0.151644852858971 0.168247146141108
0.000967618999026102 0.0103490132782869 -0.106913641937079 0.220422331924826
0.00250678546822635 0.00958130031556697 -0.409977682346908 0.108189077911282
-0.0130811103848999 -0.016958488651599 -0.370906660873371 -0.423084593653519
-0.0191927700114097 0.0010934425768268 0.342712334428229 -0.647597478921943
-0.0153611533148137 0.0193931642760002 0.725651020396518 0.0387098680643891
0.00248207172905556 0.0368478234726826 0.257749196897309 0.485960715419493
-0.00740342809640359 0.0180714102953999 0.0753748226408451 0.0450859775061092
-0.0170000085400549 0.017382043657413 -0.0647929114240175 -0.515853766597832
-0.0158806494005887 0.0146194111593685 -0.805429563981467 -0.267662560696083
-0.00524624996337017 -0.0053052932964531 -0.567631545993741 0.731644198459444
0.00177153425396146 -0.0167340528300225 0.426704490406245 0.600450438847926
0.00272332534668252 0.00335629783807991 0.505045789790073 -0.0882188765208088
-0.00479151448534054 0.0121525486447412 0.120276617341648 -0.329011425539216
-0.0133297911502164 -0.00392817034123691 -0.202045273064142 -0.216972964391219
-0.000562637481580773 -0.00312723376882037 0.150808716828435 0.168267192634724
0.000566200909220259 0.0121433411323305 -0.109128387114759 0.221283643708774
0.00355667908579295 0.011911638985847 -0.4071911329309 0.100360658313351
-0.0104492973499888 -0.0183583940233198 -0.362370585438681 -0.437433799837559
-0.0162997831902124 0.000865107689276409 0.354571104429937 -0.641180746573421
-0.0160507494342831 0.0177726199927485 0.723497745355867 0.0570938993567169
0.00135953927918835 0.032770066882065 0.250052252614627 0.49477563563917
-0.00652642711090237 0.0124692458030713 0.0753149698336231 0.047262440509519
-0.0182818565122139 0.0132337532389729 -0.0738966471163269 -0.510532878590849
-0.015213111868632 0.0139659171576435 -0.809131501390293 -0.242890103531881
-0.00273106100925791 -0.00453641546932367 -0.551195064243869 0.740423582271764
0.00323213806671753 -0.0153720856211453 0.43874433279947 0.586178107800318
0.00484464012344682 0.00504710158109014 0.505163938182389 -0.0988358944568674
-0.00506814455703879 0.0132121013938906 0.116458193190361 -0.329718806002385
-0.0140745584875274 0.00139581664259125 -0.202680974083384 -0.214379732080979
-0.00045426044022451 0.00112867249769308 0.150187585881942 0.168069883864175
0.00157389380787289 0.0120267138460425 -0.110770660680169 0.221236116742905
0.00411456848272839 0.0116666437720863 -0.403927172028078 0.0929988345953714
-0.00732399249428712 -0.0153189362142061 -0.351112035879276 -0.449757902473624
-0.0135237909104528 6.0945742850543E-05 0.367384329288365 -0.633121530117652
-0.0154776242993742 0.0144286533235726 0.722796869739231 0.0801456090685089
0.00141886788592824 0.0279091932147347 0.242498833225468 0.502247175384108
-0.00480607132365159 0.00725599569407829 0.0757770834913699 0.0494631947837233
-0.0179396851813768 0.00939356438786621 -0.0803240556984042 -0.505269956501883
-0.0146693784418964 0.0120952966142016 -0.813698737070963 -0.222137688233297
-0.000375693071866877 -0.00277911433343768 -0.538931923210257 0.751820612863134
0.00591789807116275 -0.0120777870674654 0.450194776674799 0.573504708754234
0.00476684184373726 0.00724677878609128 0.506077525147059 -0.108199813101394
-0.00347105331972964 0.0137824238767719 0.113468757749228 -0.328554877977888
-0.0124356217311026 0.00655307206893382 -0.204230666157089 -0.213018563388692
0.000110062317563501 0.00624803191018034 0.147927054512193 0.171301391915525
0.00335230262423289 0.00973977239150513 -0.114729716687788 0.220926222524234
0.00396674606600774 0.0124042290021272 -0.402507335418424 0.0845306102812966
-0.00578574795118139 -0.0112093339875678 -0.336660007361668 -0.464322271820096
-0.00951398794435254 0.000583576110848237 0.384349584997067 -0.627210604511201
-0.0132374651781679 0.00948657638447914 0.719052556097932 0.0986325538132019
0.00244837266948238 0.022140025249419 0.233310959079329 0.509942551639422
-0.00489034797017077 0.00198959812154741 0.076370446180138 0.0487006038028057
-0.0159335235828047 0.00380704983605369 -0.0888380688688515 -0.502833003552349
-0.0114696276510893 0.00868311922246353 -0.816841360185766 -0.201487220890529
0.00356547105490066 -0.00273589965233239 -0.518624495556464 0.76165689072077
0.00749624671572309 -0.00898516207031043 0.463119284383108 0.558821601934106
0.00411676888845681 0.00874888831557927 0.507022020923106 -0.116006166435495
-0.000294701537236559 0.0117267792270466 0.109743173813183 -0.327081382091498
-0.00842900748033176 0.012221017367692 -0.204279186662144 -0.209292487085213
0.00336931981772447 0.00944247970347722 0.146983561854184 0.17490738282071
0.00606768163055949 0.00508854762399689 -0.117996702702224 0.22258860059468
0.00152635906787108 0.0106576066432502 -0.402244861669038 0.079240566180703
-0.00447028636995373 -0.00730581252385574 -0.324618401661993 -0.473237266069961
-0.00669501496354129 0.00248019451174865 0.399811765000063 -0.619211355059121
-0.0100039823073325 0.00553120448513605 0.719051319582611 0.115504318978653
0.00384455522101054 0.018053829292472 0.226807018217635 0.513263128770627
-0.00660350713511728 -0.00212029908725127 0.0768038141778491 0.04732023965188
-0.015187188632014 -0.000198185025262128 -0.0952953980062123 -0.501828909623072
-0.00802878926625594 0.00342717644403819 -0.820807997472406 -0.18352367330555
0.00807573488511 -0.00118101418351368 -0.501762134592651 0.775034877446869
0.0103962741336969 -0.00374821289968926 0.474250246474969 0.546879878836386
0.00251080353207039 0.00687058094636027 0.506400759195715 -0.122007450462953
0.00167384504824261 0.00741010492323273 0.107334580224933 -0.325591369000187
-0.00457023681797372 0.0147088416413228 -0.2060980092331 -0.204294867105391
0.00799205034219182 -0.0164507778618466 0.151711194024595 0.173960317216171
0.00515930831097745 -0.000840497073086279 -0.102083964629432 0.223949121566135
-0.00280668639931568 0.00263018352129701 -0.409879903015405 0.117935338031127
-0.017217059806414 -0.00944675960233006 -0.371750977948523 -0.411929202835867
-0.0131648648492293 0.00262187753027916 0.351575453176645 -0.652837700778482
-0.00666041538699808 0.0137316326108778 0.732751556164801 0.0185420613379778
0.00621446830783632 0.0375119541086957 0.261924390740958 0.467321402243007
-0.0103426043886178 0.0230320396899311 0.0755693607299821 0.0269935130238315
-0.0137676511837504 0.0178574554424853 -0.0740456720443502 -0.531780460495713
-0.00484699385404011 0.00871599006697457 -0.80320317376569 -0.261507049744878
-0.000282230305363174 -0.00229439373176057 -0.542690533330015 0.74093409874097
-0.00154744396746052 -0.00721164170169848 0.439810832547955 0.602727984935734
-0.00343802979316854 -0.00312153780645618 0.49726300539152 -0.0904505082564506
0.000230715231113392 0.000123884424670284 0.11551862632766 -0.330240532204257
-0.00534224819055725 -0.0118603802356878 -0.201413060223817 -0.198811442333322
0.00461522602511602 -0.0149728692365908 0.15467184568048 0.169362081942911
0.00277377496548466 0.00353057742460292 -0.102027115111599 0.222499232312504
-0.000998080581790908 0.00467235506610148 -0.408696159550247 0.122159963298334
-0.0161802782738761 -0.0129037228904532 -0.377563241766015 -0.408425025268283
-0.0168552824705785 0.00169321457433521 0.338199630930947 -0.653714992630648
-0.00796458003524182 0.0177693337338662 0.729630272611673 0.0125984283669348
0.00710566083395136 0.0417579619749188 0.266528903480743 0.468398808135038
-0.00919571815807305 0.0253327062681687 0.0753331378678299 0.035074513381576
-0.0135026781565959 0.0220923016222411 -0.0690875796821332 -0.524448561562415
-0.00643009195940151 0.0122299815249198 -0.801337960117069 -0.271290906513045
-0.00241591982294821 -0.00562113674007562 -0.556225554507446 0.732598437349608
-0.0025048118480224 -0.0127097978229353 0.430092274172449 0.608043044987581
-0.000169615152904645 -0.00137142488027309 0.496500301094707 -0.0866821427799889
-0.00174134332695684 0.00465273410190641 0.115472364167255 -0.330189674607274
-0.0106903278353396 -0.0116155935271015 -0.203308263768226 -0.204083962212945
0.00213853678855104 -0.0120581994048054 0.154381743299457 0.165888227460076
0.000950770034905853 0.00757488512747112 -0.101948070272026 0.221090802882468
0.00114949667107706 0.00731808607676881 -0.407293210193098 0.120474671664799
-0.0162679791479194 -0.0161961703072234 -0.380794420479025 -0.407201166195447
-0.0189294547248871 0.00219428881628848 0.326904237044975 -0.655211970832643
-0.0125530189539016 0.0191142874419318 0.726762582204548 0.0123816986563997
0.00484266013681543 0.0407311228740303 0.265974823584507 0.474942594687677
-0.00754644905819883 0.0231175600820225 0.0761066833442471 0.0403056261099145
-0.0153697253232812 0.0204554742047447 -0.0679461406268416 -0.521642630051258
-0.0114142035739428 0.014069054183808 -0.801222875068097 -0.27218845097929
-0.00365930295311858 -0.00537597208418546 -0.56417409708254 0.731127215072039
-0.000855011453220582 -0.0172430570776645 0.427367117514414 0.606102140198845
0.00259091882518325 0.00167836152054961 0.499153705775106 -0.0863898590066914
-0.00341897941619021 0.00976407087550167 0.117235029136202 -0.33032690695956
-0.0124322203292081 -0.00706271982204634 -0.203003194063612 -0.20840270065311
-0.000221473937193122 -0.00783445616693316 0.154946550754179 0.163412159583362
0.000166106265859712 0.012435363828225 -0.102498324177797 0.222000249648871
0.0039630115240182 0.0107664920869455 -0.405492533399188 0.113530486429005
-0.0136217154862595 -0.0172852522935019 -0.375674457129913 -0.418896515744331
-0.0197037770218009 0.00144193959641655 0.334277005520509 -0.651204128800557
-0.0152926520751913 0.0198155499606213 0.725060830571624 0.0300204527541523
0.00305938698630133 0.0362565884484367 0.264812860825437 0.483985065286692
-0.00613844458442821 0.0174247093856166 0.0756518481702122 0.0444687812420631
-0.0170112488885693 0.0169430039223437 -0.0707845451964759 -0.515418810189
-0.0150053794924214 0.0157777771159824 -0.807171606829032 -0.257153046945822
-0.00584312842136255 -0.00495556550858198 -0.558250809356373 0.735565820036718
0.000813218006331646 -0.0174687951194025 0.432182335243537 0.594669033472566
0.00342381237866352 0.00423063026075708 0.502409992960101 -0.0948615144951243
-0.00470947267662524 0.0120336564365885 0.115220407297836 -0.329851688858871
-0.0134519117481714 -0.00262492002637949 -0.205353187504374 -0.209467160737949
-0.00170402140594825 -0.00302975089244165 0.154636931609802 0.162872735962119
0.000847496890073189 0.0123958912020214 -0.104718699220606 0.221953931970372
0.00385013913674649 0.0114430259558383 -0.403448739995678 0.105936207236879
-0.0105934221134452 -0.0166427055373233 -0.366592812922926 -0.431876045418774
-0.0175197153277131 0.000673507098937104 0.345269826071341 -0.644804487254567
-0.0153794372399823 0.0174878520295357 0.722622849139058 0.0505928630225198
0.00192455214937176 0.0321275334152967 0.254350733483723 0.492553915842705
-0.00551317592637595 0.0119602660223712 0.0763305629008788 0.0465543058513559
-0.0159833907061106 0.0137721809050347 -0.0800544989008445 -0.508936714844261
-0.0144573101990165 0.0143708862622376 -0.812251131132386 -0.233786752336305
-0.00360525962869239 -0.00403280925938478 -0.543224300139105 0.746056358423868
0.00410633223575008 -0.0160330561821972 0.445222292640289 0.58200412160331
0.00455854323488327 0.00578899232031554 0.502438298789202 -0.104201239614841
-0.00350796453791333 0.0139085067457885 0.110892568118387 -0.33013395370101
-0.0125282139632637 0.00307273779027342 -0.207612977138689 -0.209649308758179
-0.000931603646852745 0.00263016145797492 0.15312340275362 0.163167024090874
0.00220896806415201 0.0115499753757016 -0.107629142323591 0.221473872716441
0.00394559236625202 0.0127090823734351 -0.401944073267677 0.0972847523994198
-0.00816170875828599 -0.0156936946643244 -0.355348813968411 -0.44619617768178
-0.0139006858003907 0.00123958917386264 0.35802234447153 -0.635802263157773
-0.0155474561889926 0.0133826134306668 0.722233266007576 0.0722972638103148
0.00259347367877417 0.0273117447184747 0.248606015905618 0.500451220665837
-0.00528422964346907 0.00683995766863794 0.0765815147332755 0.0471590520833331
-0.016570924867584 0.00887481639080337 -0.0858967330026234 -0.506349506830111
-0.0137986864854386 0.011728421146188 -0.816196938309685 -0.215702179526061
-0.00144513968278839 -0.00331610853074044 -0.524809701198546 0.758785497511567
0.00562421286287678 -0.0129009427621478 0.456691092606152 0.56441429073378
0.00521397036301602 0.00653784219067814 0.503695357701342 -0.113991999409645
-0.00159503691719768 0.0143768166258556 0.10702924090541 -0.328966421888977
-0.0110222904746469 0.00686803058359296 -0.209475195700616 -0.206067706854069
0.000326944182522161 0.00554131562454669 0.152565637309543 0.166099459255312
0.00385080372760095 0.00883043467546962 -0.110796837948089 0.222680102548427
0.0035153502618472 0.0117372443281185 -0.398907403644985 0.0918688761983869
-0.006300354760909 -0.011956394307933 -0.342728875103768 -0.457199316703743
-0.0107053125115132 0.00137311333414497 0.375879402474426 -0.629095580301695
-0.0133125355729629 0.00951016778339466 0.719442294951765 0.0915657599135256
0.00315594291000236 0.0229789911027802 0.240657783021763 0.507170426238545
-0.00548183709407322 0.00179239009139335 0.0769058409211409 0.047078059998342
-0.0160990997589379 0.00403100848642801 -0.0925014122699447 -0.501968710676036
-0.0105946859373463 0.00832788075729839 -0.817766415773694 -0.193365959738616
0.00381384219143893 -0.00261126387194203 -0.507672140429717 0.769875664879267
0.00657536187014925 -0.00891681966132287 0.468267813072938 0.551984426995707
0.00489628750461078 0.00786994639948607 0.502574228122667 -0.122358607320984
-0.000984997789466813 0.0117378756416 0.103172119321585 -0.327619829558446
-0.00787369782022545 0.0112615989624005 -0.208817501323917 -0.20307954137084
0.00329315317272163 0.00790675973309329 0.151375576992879 0.170252604901677
0.00598176461910225 0.00586525577067244 -0.11518844612141 0.223642930573419
0.0014412323173812 0.0109792987695104 -0.397398000523739 0.0863136939099381
-0.00574958688572149 -0.00650698731466416 -0.329041406047918 -0.468103535467661
-0.00646810243959461 0.00202890496454784 0.390236138070425 -0.6216718759926
-0.00985404835971571 0.00585046031492034 0.718917482861162 0.110522615099603
0.00364137057207045 0.0178331416247957 0.233423627120554 0.509442684173522
-0.0062222431381947 -0.00211250544033211 0.0766591263302911 0.044879902084392
-0.0151798203962092 0.000952157325991761 -0.100480668169814 -0.502636229029923
-0.00789370838371118 0.00312560449352663 -0.820042887068553 -0.175370781396017
0.00757291387771178 -0.00297768768770594 -0.488235090027963 0.778680409584096
0.00924065240134226 -0.004423799923924 0.479635834933305 0.540548350052855
0.00246855906263845 0.007644330159024 0.502465892183353 -0.130345896694773
0.00181558398766565 0.00723739790348998 0.101866550994427 -0.326789673803278
-0.00416390444499061 0.0151928998730532 -0.211221471947404 -0.198524450331042
0.00798291972100713 -0.0168538896258672 0.155606935739543 0.168833555406497
0.00436410493072592 0.000534330482670201 -0.0984515788215216 0.225100090248035
-0.00304469562993492 0.00236521792867668 -0.404736344428911 0.123549392515632
-0.0166126051946246 -0.00876777154841827 -0.374125572165754 -0.405468529081524
-0.0139670425682776 0.00260460536882886 0.343269934260613 -0.65314277523726
-0.00608359125038673 0.0142568510910764 0.72904909045062 0.0117430987331753
0.00737839250095565 0.0370712226437586 0.265545596832667 0.462718510184546
-0.00956761100395078 0.0240237553215885 0.075158757705947 0.0265658819021419
-0.0127702341319315 0.0192429261320485 -0.080666492463045 -0.530690408507751
-0.00445440020560777 0.00962424606590838 -0.80415148448904 -0.252067121865085
0.000383217542475441 -0.00281698173649074 -0.530943283784172 0.742841178199088
-0.00159783193348352 -0.00653031602918558 0.444275042837212 0.593064505817999
-0.00376469244107152 -0.00217972035326148 0.494056523000492 -0.0988820531526655
0.00114570580929512 0.000340520475661326 0.107488134838821 -0.328212795160312
-0.00671280206792785 -0.0126655942797248 -0.206354232135271 -0.190422902364929
0.00383017469404481 -0.0157891993503566 0.157631076510072 0.164146596484251
0.00185186974126623 0.00389847685666446 -0.0973328937724123 0.222625378156413
-0.000537818348897068 0.00488924712185516 -0.403810866418389 0.126792360851052
-0.0167927980657606 -0.0132160165806338 -0.382151886612706 -0.400581071449093
-0.0170592187973923 0.0017457558776608 0.327945005721317 -0.657879530549284
-0.00755777564145897 0.0178573596604771 0.726301996452955 0.00514621562675338
0.00687534729614684 0.0408618977049848 0.271344520297812 0.464940693816073
-0.00906152901086335 0.0261128528352527 0.0744945692474214 0.0328431230711811
-0.0132509024632152 0.0219586694399674 -0.0754065116170729 -0.525358597824936
-0.00786817582515706 0.0125922641196171 -0.802256967737925 -0.262546769576895
-0.00292225491284509 -0.00419708750685689 -0.54674659613639 0.737524342011379
-0.00204943666502989 -0.0122286176599517 0.435121848350615 0.601653937726248
-0.00029525172199896 -0.00105037278052061 0.494865246173044 -0.0932824903417472
-0.00145512136653078 0.00431764497081222 0.109570675686008 -0.32874678356728
-0.00917110139899055 -0.0104092789807539 -0.207564356328081 -0.196769347038906
0.00106172393389869 -0.0126447219428947 0.158367261790909 0.159837290546524
0.000827920381987897 0.00835160679613418 -0.0962911773633666 0.22198322162604
0.0017006650389112 0.00770564791613843 -0.400958442522149 0.126683190870381
-0.0167049250570509 -0.0147825672058136 -0.384851642574128 -0.402254137596112
-0.0186274770703367 0.00259035847832283 0.318551024712135 -0.656872663987024
-0.0116217803244253 0.0197942994007808 0.724478708048568 0.00632035694581881
0.00618206721550224 0.0395166628965692 0.270720664251655 0.471930750503072
-0.00720598738847388 0.0233672063276621 0.0752353530480718 0.0395465740043345
-0.0143639130605295 0.0203167932630097 -0.0732510163315389 -0.517692484735859
-0.0114377776681443 0.0146764096336059 -0.802626809973929 -0.261187952077364
-0.00506982485860366 -0.0044380094803776 -0.555342899121073 0.736106044198378
-0.00181720578548231 -0.0156869050422927 0.433658696745854 0.59788797401487
0.00197227275645043 0.000770949613036575 0.496459608410167 -0.0947577742948383
-0.00331884127766251 0.00934599517036504 0.109512971217424 -0.329835477997535
-0.0128717633265748 -0.00725362291489141 -0.208374593470897 -0.201595901367414
-0.00129138438985714 -0.00805326099930815 0.158314039802285 0.157040242084915
0.000779668687652844 0.0110572301507087 -0.0997919646486157 0.222084009401193
0.00281975724326121 0.00877020452870194 -0.401637322709408 0.117683849262329
-0.0136932854380274 -0.0174838440417496 -0.379041874518683 -0.413440087797186
-0.0204695767421029 0.00231124150752276 0.323182680527163 -0.653050358268945
-0.0140892593093889 0.0204735267319961 0.722597673749917 0.0232977714486588
0.00376640125460258 0.0373377614041886 0.268933580469235 0.480480183229272
-0.00585363960815704 0.0174382601273962 0.0770026547541704 0.0433386348455658
-0.0158921991237923 0.0169132365817339 -0.0762684885850414 -0.515025618736132
-0.0139436535695669 0.0153059673162341 -0.808303232928084 -0.247801336509409
-0.00545628811265783 -0.00487148540846049 -0.546641934859079 0.741140835274674
0.00154813894771007 -0.0168813250489063 0.43877914994436 0.587072550928944
0.00439253286552094 0.00379408822605793 0.498556763771037 -0.101612818430352
-0.00352747600086513 0.0123981110040841 0.108191808129812 -0.330016795826833
-0.0138714451528805 -0.00196835922219518 -0.210184154117222 -0.202583552906421
-0.00132019393159735 -0.00374920389685915 0.158418720128906 0.157407124176629
0.00187739600658794 0.0123470674119314 -0.101503062677784 0.221745710534956
0.00476354416702855 0.0103408300746274 -0.399292106928139 0.111987092908728
-0.0116004718244492 -0.0175210423554322 -0.369626276955148 -0.426024028133123
-0.0181690328003412 0.00174503843054048 0.337910007333443 -0.64626158634926
-0.0159233298896716 0.0179655521927601 0.720882016305486 0.0418011179226489
0.00444458670661376 0.0323374372354054 0.261591488679794 0.49018116081649
-0.00515465930845813 0.0133525161314862 0.0769290347647441 0.0459737287822993
-0.0166420370205899 0.0135537140886387 -0.0841044728852506 -0.508258030101174
-0.0156491936778547 0.0149592167033737 -0.810848121393118 -0.225052999534357
-0.00403080404066994 -0.00477613456524775 -0.532285755926127 0.75163354926161
0.0030401312980794 -0.0162708039275504 0.451054634244504 0.572723955486557
0.00525651857762847 0.00510320279092242 0.498460666890866 -0.112148525149963
-0.00274201866143474 0.0139378059157226 0.103744191647284 -0.328793056936978
-0.0130636861917269 0.0026828726325242 -0.211799145875133 -0.201929234063404
-0.00189061027798129 0.000165706491910488 0.156150707655655 0.157842757971951
0.00240303398343253 0.0110503248789804 -0.103829370369286 0.222501319734679
0.00442782285151429 0.0117040753341113 -0.397106740332654 0.103003785031462
-0.00833813590120993 -0.0145392005645701 -0.359238876402231 -0.440156269088894
-0.0135874424851843 0.00165569656119299 0.34854047745559 -0.639061493600893
-0.0146230604803886 0.0150713257404917 0.719472389894765 0.0663964609505825
0.0030816796377889 0.0273964348324203 0.255122941540685 0.497430813175179
-0.00458312310550445 0.00680993881839322 0.0769675026371485 0.0467404183052853
-0.0161097486639899 0.00822412669452608 -0.0926908950926864 -0.504194200907416
-0.0134024613615444 0.0121535752411577 -0.818016762224928 -0.205835815148921
-0.00108777362556964 -0.0026373778623816 -0.517097758711434 0.763866634737063
0.0039372061718227 -0.0142339942907393 0.463471401455179 0.558314215523145
0.00512343349285449 0.00649212214854731 0.498076231450648 -0.119423641654751
-0.00190749557544967 0.0141186747394007 0.10085129308212 -0.327971285969123
-0.0114063747212297 0.00828186557517019 -0.213621890804679 -0.200133760638701
-0.00026956766682544 0.00551631537853523 0.15611519284215 0.160519645131842
0.00337919128184842 0.00934203201738905 -0.10606015116494 0.223029409653574
0.00459573207892563 0.010503375973764 -0.396000839316214 0.096476929410521
-0.00621219852610736 -0.0111731245255266 -0.34532026694545 -0.454498376203333
-0.0109492018336013 0.000982082492922719 0.36798880040736 -0.631656607228499
-0.0120094334807181 0.0098288378891044 0.718346641494137 0.0866122818528982
0.00432368304057377 0.0223027839193861 0.247113456667515 0.503831354230955
-0.0053589346539356 0.00320697669383458 0.0773600847020878 0.0458272734329083
-0.0154515724643709 0.00349757055265255 -0.0984452686077813 -0.499943210958585
-0.011795957335563 0.00886853289282245 -0.82056240898539 -0.183001167415578
0.00305992515740489 -0.00270606097655194 -0.496094363874509 0.774317886528424
0.00755570524759989 -0.00837218472132086 0.473439388119927 0.542716062975353
0.00487066786805899 0.00670173411110873 0.498756011563808 -0.128479351172379
-0.000214171626571693 0.0121020497937277 0.0979431761887413 -0.327011633557858
-0.00866348636906474 0.0110365202654832 -0.214359514026279 -0.194646552699093
0.00296486782569672 0.00817910550979371 0.155685681792466 0.163848392336657
0.00460328764445017 0.00511451541814171 -0.108796446423142 0.223587391380598
0.00212951013384057 0.0111176562762746 -0.393160719927496 0.0909711902001023
-0.00492277431009524 -0.00664680062711607 -0.33315957136295 -0.464025827392884
-0.00650025907218164 0.0021746073927159 0.382528954823104 -0.624972675717531
-0.0101041751783935 0.00658539137155347 0.719178348026888 0.102184830357886
0.00445335160594713 0.0175742167168534 0.241466874229373 0.507767389743803
-0.00588279319762037 -0.00179842505241263 0.0782605219844684 0.0431976092017777
-0.0147001928762841 0.000103901378490446 -0.106240835068971 -0.498664398038624
-0.00873164464764145 0.0037339276103885 -0.819721450089699 -0.16425340784428
0.00712484526365835 -0.0026327683783813 -0.478865417642723 0.782463414305355
0.00965758803625803 -0.00461183269645649 0.484009223417976 0.533271706243074
0.00395996234061471 0.00600508707297602 0.498752518060701 -0.13666501708902
0.00210662376664244 0.0073329682416464 0.0957742389770938 -0.325348851262689
-0.00426697674894747 0.015400449592832 -0.213659834669792 -0.190519074100108
0.00643950818056216 -0.0173933855211996 0.159839009809303 0.161980943738727
0.0038376824955223 -0.00121771761322213 -0.0945830845732191 0.222806431544002
-0.00243009486578471 0.00210183880893954 -0.399170687767871 0.129262032530005
-0.0175912259038133 -0.00851347354810294 -0.377120436129667 -0.399305226202186
-0.01449684685232 0.00343600219097539 0.332868094523934 -0.654700735716684
-0.00510830507730402 0.0135864251795389 0.724898036883427 0.00396821294936858
0.00777027116615475 0.0367726449975711 0.27179975897401 0.460387066426095
-0.0102928844623085 0.0232487120727504 0.076307506698349 0.0262228617833207
-0.0131276804577372 0.0193738613173119 -0.0860759951846895 -0.527210161140834
-0.00478695115812174 0.0099288014448683 -0.8043862356525 -0.244420198960191
-0.000334964866984606 -0.00294938234265378 -0.518396237255583 0.747948236446027
-0.00210730281017258 -0.00786642503965166 0.450458414669091 0.585421174572012
-0.00440245004232163 -0.00260654995758974 0.489009825382097 -0.101904058439822
0.000821110691249414 0.000238773859666179 0.101357448893096 -0.326881633345669
-0.00641296181088222 -0.0128494018553905 -0.208820904019687 -0.183263521371582
0.00250454629986601 -0.0160388446928582 0.160978785538547 0.156116189434057
0.00214766782454363 0.00389492210472985 -0.0927823104034593 0.221828389401798
-5.70445597487821E-05 0.00485185843398838 -0.398386821518374 0.130316024658328
-0.0179092875434652 -0.0120171320900126 -0.382872736236946 -0.394424116919354
-0.0167000108877998 0.00264577771313504 0.318108700536723 -0.658961990680371
-0.00752475247241204 0.0175672334800965 0.725346802687697 -0.00282805614720894
0.00795394782767573 0.0416496251285482 0.276105190029711 0.462742012964475
-0.00722366039833419 0.0261288959140057 0.0748202504942978 0.0322974598322283
-0.0118036035576851 0.022708204228631 -0.0828162324346934 -0.524094431184653
-0.00602563408025241 0.0136571393254184 -0.802584606045911 -0.252084806984142
-0.00391194907563391 -0.00460861398544801 -0.535197215048772 0.742247737006537
-0.00326717578186215 -0.0128749532707401 0.442800941120704 0.592825179286458
-0.000994886133246671 -0.000721447708770587 0.489190188249586 -0.0990090433512862
-0.000564635710473342 0.00489040601300912 0.102865591582282 -0.327654066490491
-0.0109931857680225 -0.0105420383115024 -0.210786599888352 -0.189218810591462
6.30699925061283E-05 -0.0124689904203605 0.161110257800608 0.152794864237629
0.00130770120198205 0.00826161508293443 -0.0928038144387035 0.222615072737176
0.00163987243135327 0.00690120385583603 -0.396198719269954 0.129531779352471
-0.0167214444030342 -0.0148426379017997 -0.387949010246698 -0.395918526129244
-0.0194041030760608 0.00293704253929407 0.310871922428131 -0.658612065684427
-0.0106577695833013 0.0203188368054093 0.72157847354018 -0.000230426391665049
0.00721429430743529 0.0394526040726528 0.277202906590922 0.467102372377729
-0.00565461923086991 0.0227879905266053 0.0753595193122874 0.0381215122994795
-0.0139795985855383 0.0199892068653759 -0.077866816579745 -0.519291470608653
-0.010611985665001 0.0152844896271976 -0.804402014296077 -0.2548064757686
-0.00560929758600449 -0.00491470558832462 -0.542894915650629 0.740323497771997
-0.00194382556474632 -0.016238296475874 0.439756567186227 0.59101134550548
0.00141792622450893 0.000479000738926344 0.491480640644465 -0.0998604771553178
-0.00178896642768056 0.00918873506012519 0.102509016016345 -0.328623631795052
-0.0126809989404962 -0.00642525176847603 -0.212100396977838 -0.193587413455432
-0.00163323989549391 -0.00881261619305583 0.161442818608848 0.150417344861522
0.000937439558786187 0.0113555099476109 -0.0936282206238178 0.221641913726674
0.00381704877963328 0.008671114509859 -0.395486248806622 0.122742821380653
-0.0149899620065005 -0.0175088937924182 -0.383186545521697 -0.40630692952585
-0.0192177605013608 0.00287828563670268 0.314686317481336 -0.652250135027788
-0.0133412554573785 0.0199405419147973 0.718994998192667 0.0167361436039798
0.00596542404821014 0.0366361804870736 0.2740193985437 0.476639835843522
-0.0045719865034153 0.0170211546686694 0.076221171486528 0.0414599642389459
-0.0154953492161409 0.0170605847719502 -0.0833942258312381 -0.512765725587675
-0.0142652333670063 0.0163931529230675 -0.807041799940909 -0.238560160083342
-0.00548524494225239 -0.00423527853460995 -0.534961256564928 0.745573860149376
0.000198723335643861 -0.0179426003466193 0.445281615058021 0.579385620165837
0.0039721002307671 0.00280603590787865 0.492065734410491 -0.109639313780606
-0.00310209615854072 0.0122037654294754 0.101417553699424 -0.328133681796859
-0.0143143471236806 -0.00260144858903688 -0.214362271189296 -0.193644984691074
-0.00318950672847977 -0.00317364333902593 0.162062019992104 0.15017581476738
0.000805236984658881 0.0120485889552128 -0.0962110656245594 0.22251435475038
0.00481577032112729 0.0108524314531298 -0.394278136002324 0.115547927572741
-0.0123371246341582 -0.0167583076226119 -0.372451623920611 -0.418409213859763
-0.0177322035615573 0.00232136924942152 0.326675402086949 -0.648685120394674
-0.015127211885542 0.0179752829468903 0.718918985078584 0.0349272240593427
0.00497543223231511 0.0319352725156356 0.268140926916622 0.486189806741338
-0.00427265259178983 0.012047799337135 0.0764371781536205 0.0440699105929378
-0.0157978583744714 0.0131214866283206 -0.0900147463916182 -0.506891213696187
-0.0147715985725259 0.0146165749154459 -0.812408708361915 -0.217734460161726
-0.00397370407778452 -0.00277461902068553 -0.520160930132134 0.756644304296053
0.0024432190415592 -0.0171786083878469 0.456545412197 0.564519952515374
0.00455284042465488 0.00469048976131385 0.493934535095454 -0.117840524950125
-0.00345853181889735 0.0137142761252219 0.0955666355851807 -0.329546590616932
-0.012893808090385 0.00394773020893297 -0.215935473724454 -0.193241725728392
-0.000610354888902407 0.00129652057051203 0.161172701574361 0.151250632107926
0.00224492476448701 0.0111987786683671 -0.0984272188878145 0.223225291915883
0.00513060105002839 0.0103500096919603 -0.391359696727339 0.107631894451503
-0.00949103246824178 -0.0152550946991708 -0.362542966882055 -0.432916905320169
-0.0147789369978326 0.00137952217205349 0.341709439324281 -0.639674608781957
-0.0146630385198876 0.0145739388795364 0.71807874350312 0.0589358643681319
0.00504871853498889 0.0271749747659259 0.258893734145399 0.494548226838116
-0.0038971707034162 0.00668532940764219 0.0778869155449275 0.0452422931476408
-0.0156086550586037 0.0093475245278112 -0.0977790584019294 -0.501844260018678
-0.0135749139250218 0.0128367998290462 -0.816176519503779 -0.196335553373614
-0.00112547924371263 -0.00353491839685278 -0.503399355014719 0.766549452481634
0.00397256926669726 -0.0136397135512535 0.467293441225911 0.548705998605044
0.00574596648301244 0.00646994330152556 0.493418232670096 -0.126362428659507
-0.00111167913855958 0.013781222275567 0.0944540437636864 -0.326770068183199
-0.0098450199862227 0.00864292505056432 -0.216583724829232 -0.190900292235351
-0.000513026714859614 0.00530756136762458 0.158835381048369 0.153905583426587
0.00327319457357384 0.00852964106507664 -0.10154502464751 0.222704459551835
0.00461690379407435 0.0119555818085645 -0.389144829091916 0.102012405944308
-0.0066982581280522 -0.0110629826983421 -0.349091455709716 -0.447752311578378
-0.0109881294672783 0.00160606890836096 0.358987456303587 -0.632691473599507
-0.0115977875656022 0.0104373569055956 0.716505012509097 0.0774537827311123
0.00453582529603502 0.0214493366423837 0.2523261361169 0.500620116412464
-0.00470006351699965 0.00202047255889482 0.0781325924533143 0.045781393691781
-0.015110374414435 0.00534807134902865 -0.104786156125583 -0.498952944511107
-0.0112247360097729 0.00883404082048689 -0.819400615085168 -0.172150304429821
0.00149504438637636 -0.00346851193865186 -0.485256075132108 0.776367270100059
0.00782015504941823 -0.00940468910154526 0.476165538425424 0.535712165697992
0.00545849265259442 0.00700083410969129 0.492758621279296 -0.13647505727398
0.00140757953907911 0.0119368783237591 0.0900240336337745 -0.325303628957434
-0.00713942514968933 0.0122763109600514 -0.216041636723125 -0.186007664483523
0.00292369797585737 0.00873804150811511 0.158827009917106 0.1566863638388
0.00574502401047756 0.00572285045905389 -0.104809767905008 0.224980689348009
0.00247121826293313 0.0106306968387025 -0.388109047119193 0.0961114962236141
-0.00591259354912894 -0.00625132225847377 -0.336995865418927 -0.456894131140052
-0.00689545782135709 0.00276679160995839 0.373449033974994 -0.627555397889894
-0.00955317715283738 0.00585855018213851 0.717623942489105 0.0956563889161846
0.00540258206575277 0.0172053717631192 0.246078074812423 0.502713742041293
-0.00601821644204477 -0.00189192531107411 0.0788031392839755 0.0419360584687035
-0.0154432214001092 -0.000383869940825023 -0.111175421164019 -0.498614608548324
-0.00929410579276045 0.00373188007815025 -0.82042684632845 -0.155454798507762
0.00750956831404781 -0.00301175855037562 -0.466977483074164 0.785508184356227
0.00956036058642374 -0.00516747215634207 0.48740407824102 0.523212889772979
0.00325654216921198 0.00621019483285217 0.493786754210921 -0.143215304326447
0.00280690003657852 0.00814946000985619 0.0903189755256246 -0.324263411723472
-0.00408931876109064 0.0142236898375503 -0.216841254382667 -0.182317771341679
0.00377771554215367 -0.0168633758391855 0.151326382410784 0.164035422155728
0.00157996469820135 -0.00440937236367929 -0.103371735974255 0.218677818837374
0.000320245291896931 -0.00251949855881813 -0.403598282594878 0.107376015640504
-0.0107940785434551 -0.0101958971957955 -0.349812772321702 -0.419141216073827
-0.00887052994934313 0.00914054829374499 0.364677478074557 -0.63523070488068
-0.00909941606718647 0.022569271931428 0.72135806656799 0.0443054962282933
0.0029791466049346 0.037496578235471 0.246547424867325 0.470771130465653
-0.0105912313794805 0.0227253964199536 0.0736727987126087 0.0285008946048307
-0.0107038217461387 0.0201049850654863 -0.0547043796342048 -0.531997388147365
-0.000338600916641696 0.00907367226286819 -0.788373026773327 -0.294264947459778
0.00393988950280042 -0.00493058120066946 -0.566825045503258 0.713078376235632
-0.00280628670904902 -0.00903420995463917 0.414476495791936 0.605277902740313
-0.00578143500616093 -0.000932107182279689 0.486020634656833 -0.0777333143079634
0.00233598586157775 0.00240547406032213 0.115711031538607 -0.317102751165348
-0.00335560806440245 -0.00988418208658935 -0.200772645607089 -0.189594658776868
-0.000934330043485327 -0.0153147101828794 0.152293104927108 0.158594704434188
0.000264549980472625 0.000410907269649759 -0.102239745694228 0.217448463535305
0.00101391205715324 0.000761601920452628 -0.402376625836116 0.11018730796242
-0.0108147201250451 -0.015763461825089 -0.357124537573858 -0.414901425177217
-0.0121940654736662 0.00886783847928854 0.351251039784333 -0.640234364648551
-0.0113256829516693 0.0258072153788185 0.719699950282919 0.0391775545997953
0.001851497532848 0.0415171098204168 0.250693642463981 0.473682740078676
-0.00804979196801972 0.0263763673902366 0.0714572978679401 0.0351404775045033
-0.0102193275340697 0.023757274426686 -0.0501396296817645 -0.527401992458856
-0.00217600985318783 0.0134420972402855 -0.786616946993698 -0.300947170267499
0.000863295048828963 -0.00586721832306017 -0.578514752533795 0.705260674434507
-0.00335089811692052 -0.0140913111465061 0.406691271660306 0.60805547179207
-0.00287231144085159 0.000753881358566117 0.487822914419943 -0.0745812806500675
0.000402448272533691 0.00765778915000088 0.118243724403666 -0.317123893738574
-0.00793017598858902 -0.00854588370878218 -0.201954175682952 -0.195010325565556
-0.0028275933766693 -0.0112760813077997 0.153244600650887 0.156194886724816
-0.00166768719860087 0.00569211818813019 -0.101751516346942 0.21768003776628
0.00253693395564106 0.00290706752584558 -0.400679783141024 0.108562578211407
-0.010123612592883 -0.017607028954457 -0.359913465624921 -0.417499022220292
-0.0136251300187199 0.0102386452694648 0.339968751918294 -0.637845689523271
-0.01446726798595 0.0285868373907121 0.716290255729982 0.0397240000644843
0.00173644875634196 0.0398020612264626 0.24978516232221 0.478438457120751
-0.00653702840236336 0.0231912165364814 0.0722057994746702 0.0417532606592873
-0.0110927393506761 0.0226554299102218 -0.0475966709074072 -0.522548852039826
-0.00624848932235672 0.0156911864938877 -0.788019893730928 -0.303470421894307
-0.000878448619487609 -0.00631508186936885 -0.589309496538911 0.704960393550505
-0.00147366075656607 -0.0177610486160304 0.402839683099623 0.606729571776539
-0.000953254719735638 0.00248738024861467 0.487967853025419 -0.0750624285157188
-0.0014396831971639 0.0116917254164118 0.118289209440583 -0.316939344300087
-0.0103714918850527 -0.00473986103069577 -0.203294822856144 -0.199397983075931
-0.00520707748695152 -0.0073882441581394 0.154690935558263 0.153703600252618
-0.00147372304870886 0.00857802742490118 -0.103575006107549 0.215049241156018
0.00587371873012213 0.00393766023703043 -0.401200266018068 0.101028307064653
-0.00673174598804354 -0.0193926629492296 -0.355205157794819 -0.423956326741946
-0.0140448424589475 0.00967495222834359 0.349158588253797 -0.63451198136753
-0.0173940925537979 0.0289298109564936 0.715581264301061 0.0571759293413072
0.00131541237046334 0.0359895338358005 0.245687770064972 0.489391402336234
-0.00620857282137832 0.0168101788033798 0.0729253959989963 0.0461732180498878
-0.0125631158953597 0.0182832092899327 -0.0533635646057521 -0.516173446144267
-0.00988189574304844 0.0158916101367106 -0.792446466337917 -0.285848209307823
-0.000813190632979291 -0.00557785823420797 -0.581782220007922 0.71112395966103
0.00035229610008575 -0.0180784219350703 0.408993356067782 0.595806643963332
0.00141885070075538 0.00488433431709386 0.491323258479596 -0.0821098181838768
-0.00223436482957459 0.0150813048271068 0.116106601858891 -0.316954931913572
-0.0119547617498538 0.00100399864642155 -0.205283144328087 -0.201040521815589
-0.00621861115557222 -0.00219193399533835 0.15427312808746 0.151852637457926
-0.0013896008733936 0.0101315246730239 -0.105930680213375 0.21535010387885
0.00728974185396538 0.00509984088606325 -0.397515492228137 0.0942240282716137
-0.00546365982065 -0.0204345912233643 -0.346266403394131 -0.439268951740231
-0.0121546340611785 0.00909258095486415 0.358361282652273 -0.626702447010183
-0.0179935367746479 0.0258617765683238 0.71211710636763 0.0756486317015166
-0.000495175124721112 0.0318315876688834 0.239812151156958 0.497314112018105
-0.00506952075504914 0.0121268167326426 0.0740793602072448 0.0480393064360106
-0.01304039007351 0.0159444189821485 -0.0588728761631937 -0.510985528016106
-0.0101576305188305 0.0157968933309842 -0.797060404044084 -0.26468469125059
-0.00011945489178523 -0.00580284702754797 -0.56712704556288 0.722842624973876
0.00234496940194061 -0.0174374641964822 0.42084149504856 0.581534318908622
0.00262117171151487 0.00699759980767654 0.4917806133508 -0.0909760294236528
-0.00189996561182938 0.0153964709970354 0.111400112299024 -0.317619391488387
-0.0109100606513548 0.00494469026290011 -0.206946014477903 -0.199426726214593
-0.00569895913112421 0.00309221744363511 0.153716901507378 0.153058163198919
-0.000307899281631761 0.00812082742549708 -0.107948625844164 0.216906174744181
0.0071215324978445 0.00684971475998194 -0.395134048776722 0.0868933723671028
-0.00199397479568698 -0.0178574958876701 -0.33484301798083 -0.452516045035781
-0.00971481604394627 0.0089925125548558 0.370935448968888 -0.619125151416601
-0.0182348738569447 0.021608965496765 0.711754093207776 0.098083918890021
0.000267633794725889 0.0269094423921319 0.23132556470584 0.50344890458459
-0.00424855929522522 0.00661787545635756 0.0738022824321149 0.0498885470013807
-0.0130955444018856 0.0105674097988956 -0.066786356408734 -0.50777042234122
-0.00895224780236331 0.0128750770106336 -0.803074811271414 -0.245141958557274
0.00184226353264944 -0.00504012308977423 -0.551094622064115 0.736206084998957
0.00432843755985055 -0.016146259074965 0.434336495710508 0.569216946735704
0.00251656556711236 0.0082223200434072 0.490999025829724 -0.0995868252742102
-0.000572528125324424 0.016003901767816 0.10907420232936 -0.315889764906377
-0.00785369527200243 0.00982027667618019 -0.207158330019846 -0.199078363329441
-0.00366497798126111 0.00782168129294648 0.152032214723457 0.15443499693038
0.000465808925500355 0.00762291940269075 -0.110937266374206 0.216963178005991
0.00651338693810974 0.0064459342163709 -0.392561033295033 0.0807882526669946
0.000649749491296491 -0.0135819972966721 -0.320841020264109 -0.464853211774396
-0.00597298736924429 0.00943655896133073 0.38972348793687 -0.611736567757674
-0.0158754930347765 0.0171839196663292 0.70885159048186 0.118364821747691
0.000832599106530647 0.0218220757716598 0.225070459542322 0.50911219082102
-0.00528730488479492 0.000914647681182724 0.0751127320915513 0.0495462764350099
-0.0129535635530034 0.00607978966469976 -0.0734700033738457 -0.504841975454319
-0.0069590442136332 0.00848081940062513 -0.80535868386779 -0.223126663717032
0.0060969415669842 -0.00516801874781471 -0.533178739772924 0.745606713680687
0.00695494278543894 -0.0106344952916668 0.444402841974073 0.555471182682123
0.00248020184318876 0.00936439157863784 0.493569739953776 -0.109245732323123
0.00151483721247657 0.0137638418237714 0.106352304475408 -0.315259095763946
-0.0044106072072701 0.0134340137525003 -0.207537751751973 -0.193059119243375
-0.00151715194305798 0.00981931626109813 0.150773745767422 0.158552393018137
0.00270386588770064 0.00219458957757676 -0.114566767271368 0.21923830873369
0.00496024519151366 0.00678365465029288 -0.391182531738358 0.0737573935770243
0.00222075285075074 -0.00819033951527039 -0.308627415176112 -0.475502012500459
-0.00256649102777401 0.00918137482875773 0.402928948483888 -0.603058127010027
-0.0134496366064175 0.0123399108544828 0.707490189561001 0.13634333009402
2.98634858671225E-05 0.0172580890862805 0.219189698610724 0.514247892531856
-0.00601577326152865 -0.0024780322418919 0.0746605201644672 0.0460824994359452
-0.0116484851465796 0.000833972224273598 -0.0805093300530378 -0.502617826563305
-0.00339233993640155 0.00343539060452362 -0.809180377190348 -0.203392560904303
0.0103148195474709 -0.00473107247971449 -0.515092183637651 0.756247867654341
0.00903672537887239 -0.00672832990829117 0.456149278868818 0.544904720929526
0.00136250647562995 0.00963566230746837 0.493843439086216 -0.116229673194171
0.00403529795135388 0.00975466239858767 0.104824125845929 -0.314727898568642
-0.000566373895913067 0.0158267645631643 -0.207060025610854 -0.187805662162919
0.00184105966603263 -0.0153870638685072 0.154238269668817 0.156766858800863
0.00158525637997983 -0.00343613840176897 -0.0986771510846311 0.215920079051898
-0.000953204121378943 -0.00191568564350255 -0.396271639554626 0.110458802605154
-0.00975539141007641 -0.0105373240340882 -0.351849693167085 -0.414058147540542
-0.00895842646899475 0.0100116902673708 0.354446577721449 -0.635520810295149
-0.00789327247627904 0.0228895376964073 0.717564214816129 0.0388475669732738
0.00381278559240677 0.0382026551422704 0.248737039281975 0.467692977865862
-0.00980012445691064 0.0224540279641053 0.0723280460970733 0.0279286905618774
-0.0105736464881209 0.0212957683285539 -0.0596689362447673 -0.529034998683536
-0.000575475541018212 0.0105193073621412 -0.787701138540317 -0.287310590963923
0.00292452593557675 -0.0044011168397375 -0.554383984085125 0.715534569396901
-0.00380966259070261 -0.00972986499811885 0.418273998007021 0.59531890651019
-0.00671435925282529 -0.000670681252923687 0.4808376764816 -0.0834626970442778
0.00214691825272099 0.00373212619448211 0.108841796425506 -0.313682288182103
-0.00394040564665593 -0.00842368157055701 -0.204036736448899 -0.179691253222378
-0.00142629229370009 -0.0153772196623953 0.155603180164864 0.149859838988215
-4.32162672779389E-05 0.000805364968372279 -0.0975977693518209 0.216017802764071
0.00174415501359589 -0.000237455603875352 -0.394967146817708 0.113685993044531
-0.0114970090838637 -0.0145156327278172 -0.357686391868223 -0.409576616507801
-0.0123912889710215 0.00999913431587032 0.342646531137476 -0.63944337823028
-0.0106041036845172 0.0257621347956268 0.716664862560859 0.0316809224428412
0.00341683524929361 0.040413026812768 0.254411303878539 0.469822541463328
-0.00814959842257718 0.0254808279502138 0.0718237307152229 0.0341595877870731
-0.00919181311313975 0.0239355876143352 -0.0566668708912623 -0.525681971359298
-0.0025668524344077 0.0150535458046486 -0.786901400064904 -0.294578138958875
0.000485871422552096 -0.00484078522589622 -0.569623371918916 0.707998438862794
-0.00337876071747643 -0.0141025044504244 0.41023232573677 0.599158704332526
-0.00369675313775791 0.000255329758395276 0.482203863015378 -0.0783433134890135
-0.00100399720848112 0.00792805293461061 0.111191602353639 -0.316702777450079
-0.00860343251997434 -0.00823520216978102 -0.206407933802255 -0.18472844577237
-0.00404405602794606 -0.0108441907379735 0.156519649808812 0.14679277601917
-0.00096688940347633 0.00577460608457173 -0.0979335736179017 0.214035768495125
0.00307675781915059 0.002231171804513 -0.394641423496254 0.112728654091541
-0.0103331895094569 -0.0173894499654164 -0.360663919875255 -0.410733404149843
-0.0151191886232553 0.010349513497519 0.334842020917035 -0.637892122854949
-0.0130438118187797 0.0283955858030008 0.714963256898706 0.0328072362900893
0.00228461596194101 0.0393499948775015 0.25538442539081 0.475880322285962
-0.0046174384423105 0.0225241131688469 0.0723019254405217 0.0406418933600775
-0.0105863466635492 0.0231513641268635 -0.0541792111322728 -0.519780584121815
-0.00648004409183293 0.0161765457036515 -0.78707554667506 -0.291995385963059
-0.00196585265053733 -0.00554579769137852 -0.577731597481038 0.705938618108185
-0.00256045452612749 -0.0177705043905389 0.405850789907178 0.598222473338971
-0.000898400840109577 0.00357187871618251 0.48227014566151 -0.0808261957028908
-0.000541695635936609 0.0113212150832931 0.110387789280992 -0.315247047448964
-0.0100040157914788 -0.00342998534418364 -0.206697233493137 -0.188459005090551
-0.0078728740433254 -0.0063870833228885 0.157622824562402 0.144020833059984
-0.000599797820170384 0.00763844304722655 -0.0990729075306245 0.213865546839182
0.00664098954782343 0.00398730371766777 -0.392669045076761 0.105786046127079
-0.0075902734701511 -0.0190997322818838 -0.3561183790127 -0.419475654715408
-0.0146287622072349 0.0104988332567434 0.338326949432244 -0.633221927795679
-0.0179562160387192 0.0285023639299717 0.71289468976204 0.0513171127171078
0.00177538058652732 0.0352266382586694 0.251248746870544 0.483740441218084
-0.00416676087323163 0.017004226272784 0.0727817319009384 0.0449858758319157
-0.0125057120138158 0.0178443870793155 -0.0584447972701997 -0.514376787146729
-0.00923625893271098 0.0158848117913596 -0.791361528568121 -0.279823958755871
-0.00225423601123687 -0.00552484282218054 -0.569763339601624 0.712136055728013
0.000994308956738284 -0.0193337086986986 0.411558646936381 0.585862157283677
0.000968343921294288 0.00478845456155419 0.483224876701948 -0.0871426171779173
-0.00130292949960283 0.0151061415729492 0.108951245647008 -0.313966165091657
-0.0115242540763997 0.00110180335392968 -0.209378222424778 -0.189161679245177
-0.00629457254413794 -0.0021244271462961 0.15680702511655 0.143320207216847
-0.00171080832399662 0.00940137597406421 -0.101990282817888 0.214450071467187
0.0075651073144063 0.00571749995356004 -0.391916590313817 0.0995096494115601
-0.00555539767865737 -0.019304131236858 -0.347304912871611 -0.433426814639667
-0.0126768322846648 0.00951719141998517 0.349969754141783 -0.626726495649541
-0.0173632364083979 0.0263040778760953 0.711206161719675 0.0705515920864495
0.000600358254712293 0.031648265753234 0.244319441406867 0.492818777800021
-0.00382529470868032 0.0115819115988598 0.0723815592536657 0.0471193098017194
-0.0124449690338709 0.0147315138384847 -0.0666134873971866 -0.508475756026557
-0.0100493799496029 0.0160215625686801 -0.795774881995723 -0.257294209988678
-0.00082542583492113 -0.00519294273148653 -0.557589145425799 0.72389036828168
0.00192413532297412 -0.0184653708720909 0.423425794609995 0.573223149129887
0.00271250547696518 0.006551310488237 0.484698035992154 -0.0979993265040777
-0.000918293333732074 0.0163515488415827 0.105082203595885 -0.315042721521801
-0.0100745541909611 0.00562742116416544 -0.210473912875764 -0.188552618876051
-0.00567236452084744 0.00156121598669302 0.156682074786368 0.143826830148228
-0.000122523310436933 0.00869010183799561 -0.102068188091978 0.214888206049875
0.00740359598527201 0.00678149534493497 -0.389330884214801 0.0899133183670437
-0.0022600725855096 -0.0173189884452233 -0.336684171081652 -0.445834737989556
-0.0099000986214212 0.00995989158107314 0.361548529205912 -0.619213473770907
-0.0177001889388232 0.0220320272910186 0.707727975732736 0.0932577315302609
0.00146145483056692 0.0266292486489243 0.237691306435575 0.500456708238126
-0.00354054916608185 0.00585072226014804 0.0753604051841343 0.04882851006489
-0.0122461960957421 0.0105161511769572 -0.0720920350534139 -0.504314736010677
-0.0101694900206383 0.013388211251045 -0.801774044981194 -0.23590889505726
0.00140550896805677 -0.00491761657084163 -0.540069701842249 0.737764055186225
0.00355182839824056 -0.0153330717236716 0.433725829249271 0.559623301160932
0.00374541562566533 0.00781858137717418 0.486122389487411 -0.105465801115147
0.000234501671372137 0.0164476000887094 0.100759849025239 -0.313996823647602
-0.00800423268317212 0.00994983085792399 -0.210129604970873 -0.186134846923798
-0.00478384025700646 0.00697008375324997 0.154327863767905 0.147057174917836
4.58913714036936E-05 0.00600351991533945 -0.105778830105377 0.216378617581186
0.00643356942014594 0.00729339357176968 -0.385483204659387 0.0844367591600503
-9.58481360497088E-05 -0.0132955059960506 -0.323255607660881 -0.459288463606631
-0.00587073300631362 0.00890727572406635 0.380306075119773 -0.610611845276913
-0.0158599229585241 0.0169820200783897 0.707251522537458 0.112856791531423
0.000245084055740193 0.0202648956983908 0.230937583149321 0.507623384034489
-0.00458307097464002 0.00084672323414173 0.076179185998157 0.047710526581617
-0.0124006758266951 0.00628753467405805 -0.078289918362964 -0.502747870830169
-0.00658706134811744 0.00881422367231321 -0.803778475444867 -0.214320632256664
0.0053876450357697 -0.00518611018540736 -0.521050844856591 0.74691160923186
0.00634254102751004 -0.0112581142595292 0.445704139912568 0.54665583532254
0.00272557187184879 0.0081933391274547 0.485924142556899 -0.112592475294124
0.00259419491515945 0.013928372032384 0.0998345716511321 -0.313886267753398
-0.0041909951259757 0.0133465862738794 -0.208763943381845 -0.182347687411362
-0.000173959259321808 0.0096968248720756 0.153704186986396 0.15021904921824
0.00298345590181673 0.00211496999886616 -0.108141741542637 0.216334636295807
0.00534266498703955 0.00649823632858036 -0.383252957683119 0.0779757879995388
0.00193912720943252 -0.00810358601562931 -0.311652260959195 -0.470674193303843
-0.00173285144569651 0.00982738700535948 0.39421523634499 -0.601577183571578
-0.0126843195528917 0.0123996229267149 0.708043450026774 0.130967960126811
0.000494916229187275 0.0163338194954801 0.224095570301392 0.510919951685375
-0.00592314725628048 -0.00349146704266695 0.0779022073384477 0.0448114606300246
-0.0122018116069437 0.000874702115813036 -0.0843801973583161 -0.500957752564915
-0.00345587529319433 0.00396775616123219 -0.807766566639041 -0.195518316230789
0.0104278930000706 -0.00595705892367644 -0.503006772789828 0.757639132499089
0.00811997276967769 -0.0070137665337376 0.456900709865898 0.534819558871326
0.00167237154799375 0.00843038948694766 0.484955666288542 -0.120925471563439
0.00465002653548059 0.00948996553648625 0.0981019801103988 -0.311307474122915
-0.000335786532162585 0.0160565797011101 -0.211622012299828 -0.177781996060775
0.000981286315818562 -0.0160741805270484 0.156266797331647 0.144531679461322
0.000976527320645259 -0.00467098006858127 -0.0950340904139488 0.214696900366268
-0.000831809929928021 -0.0025619048150216 -0.389126498970306 0.114011231400531
-0.0112602553777205 -0.010488127589146 -0.349942525496171 -0.40683016163757
-0.0101753323193509 0.00996688176623399 0.347161338439429 -0.633199232326233
-0.00783605120745418 0.0223818768311041 0.714006847137633 0.0326169465000628
0.00401111832444708 0.0366433934370171 0.252914649136474 0.463009419422668
-0.00961768950925292 0.0238933397996782 0.071577131186634 0.0269430826692293
-0.0102334492811827 0.0206908055283958 -0.0689048372381477 -0.528433903936677
-0.000147074324773224 0.0101548868016297 -0.790002062843979 -0.277462759404417
0.00303551408905631 -0.00346625472838919 -0.545066362262019 0.715741824479388
-0.00423000656248262 -0.00806261244597257 0.420550198960185 0.585059893286699
-0.00639316638362633 1.67101926441069E-05 0.472719235112977 -0.0866207654363
0.00233796568456329 0.0027602281632036 0.101134713081451 -0.310157304588122
-0.0053388604553996 -0.00894497750392755 -0.206387938276934 -0.167926588157662
-0.00394562744771282 -0.0138273063004778 0.158429254651702 0.140347228716925
-0.000705982364215531 0.000860594897207441 -0.0936781627394607 0.213172303119544
0.00132134638639076 -0.000295860789021594 -0.388093596842176 0.117410826461263
-0.0108780889807786 -0.0140781573804725 -0.358361804927993 -0.403537850170001
-0.0121180318290922 0.0111700776872864 0.334205200580346 -0.637078272278928
-0.00823013941700704 0.0263813977495632 0.712195500581827 0.0279570357074091
0.00439959810996671 0.0409200088975399 0.25798374215639 0.46636813371255
-0.0079580141471006 0.026139942266936 0.0710271784274331 0.0328740678071886
-0.00912653915518952 0.0236651546663949 -0.0615108819499684 -0.523847588701122
-0.00164715718814616 0.0143501768279137 -0.788361701359695 -0.285406222702671
0.000480932218392342 -0.00522875225849586 -0.559444294372313 0.706543466182214
-0.00310851739564193 -0.0140483425674767 0.411499201309664 0.590159954997837
-0.00262385577766998 0.000869850082525162 0.472282916889066 -0.0835540580847204
0.000643614946428362 0.00720806638717698 0.101298316123781 -0.310682890874712
-0.00914482650079721 -0.00607992873293731 -0.208279997976366 -0.17177678661124
-0.00501589869507577 -0.0113340291947182 0.159332861011879 0.135986414687287
-0.00181095630192801 0.005157119578678 -0.0928032838523316 0.213352856838156
0.00422486294065945 0.00184227863928966 -0.387906147930681 0.116310413978529
-0.0116017895104051 -0.0177654223555921 -0.361340355497697 -0.404729356103407
-0.0137231548828296 0.0117418227104238 0.328945341139535 -0.637955681056899
-0.0121221130276235 0.0285911460348137 0.710478644768086 0.0286168763018658
0.00365615520892442 0.0388120359189668 0.259009019869061 0.471527236758292
-0.00622479407344107 0.0223536591358294 0.0728391763933007 0.0399865314312844
-0.00946121124723672 0.0222568356337411 -0.0583369898810766 -0.517773731566859
-0.00662660170249242 0.0162845245395096 -0.786041596461153 -0.28584981143254
-0.00218146833546045 -0.00586450367497397 -0.565878670020179 0.705126373212317
-0.00330618571640439 -0.017336731596497 0.40789304542813 0.590138962769573
-0.00190729826295949 0.00212877145708611 0.475504225697621 -0.0847008155536093
-0.000542120175934861 0.0119423543816903 0.103740600925565 -0.310669628130823
-0.0114330858967648 -0.00345573073923043 -0.209534340784234 -0.176921955759759
-0.00833177627503258 -0.00574224980079875 0.159537391083385 0.133744303836781
-0.00114995209253375 0.00882667651349727 -0.0939500999852869 0.211698738910082
0.00579030079334096 0.00248271468377269 -0.386143320719378 0.108921999997883
-0.00876449055329619 -0.0191951682644716 -0.357970993381392 -0.41281076926432
-0.0142767900795678 0.0119588228837669 0.332080777260121 -0.632511149135697
-0.016030645216016 0.0285176908361728 0.709169809775362 0.0462070818235229
0.00200309085157126 0.0342356649982735 0.256532505690791 0.481246290719703
-0.00500543849214316 0.015903499819666 0.0733228123562316 0.043128472604353
-0.0115717028032526 0.0171638520323803 -0.0624714418061031 -0.513851782508156
-0.00890969939098098 0.0168779590652297 -0.792242453112515 -0.271929971147547
-0.00243298945605512 -0.00420503489902215 -0.56029869717297 0.714396836814658
-0.00120659248061571 -0.0178931172116029 0.412614845040818 0.577857107701421
0.0016173900027115 0.00451043640938994 0.476779919400974 -0.0923120950011431
-0.00138000002313388 0.0152696022137967 0.101382445887299 -0.311789955830111
-0.011251594776248 0.00140880265818222 -0.211723772176356 -0.177247051470096
-0.00742886632891576 -0.00132962890758861 0.158452471695977 0.1331365933231
-0.000917879300238128 0.00930945074307611 -0.0965189422857399 0.211122189998005
0.00737184367570716 0.00483868046390774 -0.383964888474124 0.10267511813096
-0.00578210231261842 -0.0190191452086968 -0.347726707627229 -0.42691280198332
-0.0131124398781989 0.0107146220103289 0.343616348957778 -0.623511454713121
-0.016520137748778 0.0262388376015372 0.707242002427526 0.0664445811470458
0.00202697053788599 0.0307756254698835 0.248983954126478 0.489906209788951
-0.00351927220996342 0.0105573012748933 0.0752817089149794 0.046008704717243
-0.0121468784034497 0.014792487673844 -0.0698994943510445 -0.508795175171076
-0.00936628312435122 0.0163519699962112 -0.796682845859201 -0.24929224007562
-0.00176216144931849 -0.00478822269680126 -0.54550573282358 0.726441164706472
0.00120343123039394 -0.0177136818838844 0.425048862146637 0.564325112782958
0.00261231839616482 0.0068208121385568 0.47842211966606 -0.100715585349299
-0.000715146997245186 0.016298000182958 0.0980540161133535 -0.310193775537192
-0.0110553720364619 0.00653966697934588 -0.212569467909005 -0.177053505313237
-0.00567135607516525 0.00323399008347419 0.157456938148675 0.133415942213085
-0.000224424279208449 0.00844859156892692 -0.0976199146034478 0.212277069293933
0.00767837593425064 0.00527277829655193 -0.38123097654699 0.0936473930734667
-0.00259042589686771 -0.0170541843956583 -0.337394122105157 -0.439553080537198
-0.00995656957746163 0.0096775470474142 0.356112248649002 -0.617398263656482
-0.0165656117477533 0.0227417933128712 0.707561263337564 0.0887089155087544
0.00161715605451339 0.0246783578781113 0.243568800694904 0.49706218903331
-0.00385370810992512 0.00637548850406643 0.0763980547043438 0.047115844819297
-0.0120592564711586 0.00939175270163973 -0.0755093733879986 -0.504139758162149
-0.00873470146261708 0.0129381093523057 -0.801966192722955 -0.228332343702062
0.00131668661522276 -0.00468564289866395 -0.531275230973998 0.738184113059396
0.00334896234108766 -0.0157766185289807 0.435948860196094 0.550735485612545
0.0022704007156814 0.0069265098738304 0.478837069556862 -0.110046101229048
0.00131145281831892 0.0158711169128467 0.0950300274585761 -0.309203498642185
-0.00794438392597767 0.0100142135525893 -0.212957427143894 -0.174352111309563
-0.00464599242649032 0.00726800898010802 0.15738877845969 0.135560861728684
0.00105312699359377 0.00630995197972689 -0.100446559057529 0.213578653562286
0.00637093581437602 0.00610420253459986 -0.37960424086503 0.0869564234482737
0.000641831620076068 -0.012976889317563 -0.325181447302361 -0.451792285586125
-0.00610096024232625 0.0106315861641258 0.372074067791835 -0.606250349584621
-0.0155144855683518 0.0170253524234555 0.704041998050435 0.10832310528566
0.000703485205169048 0.020034332802825 0.236365889648769 0.503677764908321
-0.00463982411425177 0.000769177065264763 0.0762007341780847 0.0456789729857222
-0.0117439548027018 0.00552203036159887 -0.0831322069095414 -0.501031213777538
-0.00641747828671865 0.00855420607787796 -0.802164843218883 -0.208153500182343
0.00481458934135133 -0.00448627393202592 -0.512382632160166 0.747731706109337
0.00569538770457512 -0.0111098726008133 0.446498061219465 0.53883437920536
0.00272128081248063 0.00817109087247529 0.477551531185139 -0.118956327889343
0.00204218492063947 0.0136576257029328 0.0927379767152339 -0.308848811165978
-0.00443403309168624 0.0140613854499968 -0.212579925267652 -0.169868181435537
-0.00104151198903659 0.00996554595467748 0.155925346976856 0.139083294556333
0.00327632029648936 0.00225228856246344 -0.103338689694543 0.214957360521226
0.00596898143397144 0.00575002146716896 -0.377284955960523 0.0822405833535521
0.00178740055858819 -0.00855701968633347 -0.311537306500578 -0.462506110886667
-0.00280307748621022 0.00978918459403259 0.385234337786052 -0.601477279393524
-0.0135196587416406 0.0135574819442765 0.70470486706227 0.125705239703808
0.00112134310569425 0.0162849234477102 0.228811829055828 0.506536841019039
-0.00715848808934682 -0.00228855773571233 0.0771412268700855 0.0438230649090607
-0.0119439719944709 0.000627732132356406 -0.0885824305567608 -0.499885399089846
-0.00374995754234568 0.00416215940648231 -0.804260321688753 -0.191234390350977
0.00921421215801501 -0.00536066173219366 -0.490865892570602 0.758732784103576
0.00828235570959336 -0.00758775146849758 0.458278411421021 0.526173219448891
0.0012849927673702 0.00943657217398512 0.47999094490169 -0.123838281483762
0.00393045166173454 0.00923307046007281 0.092204950144338 -0.306418095292157
-0.000452109277483835 0.0162429290015266 -0.212034879658422 -0.165984811337381
-0.00092039099576866 -0.0160099477180891 0.158832536677998 0.13303681892983
0.000820591493245114 -0.00324588961624155 -0.0902997648405069 0.209597509470693
-0.00183834030405905 -0.00289209097616362 -0.380478967167856 0.117982058173092
-0.011832597286792 -0.00801904789783265 -0.348704061441608 -0.401085125970106
-0.00818010463483186 0.0120468817290102 0.339538089508369 -0.632066051220628
-0.00784408969955423 0.0218718267679497 0.710308638453758 0.0289450903542132
0.00539900688605792 0.0357213576205424 0.255903019202408 0.458126356133678
-0.00843452559206087 0.0218016289343729 0.0707881210734939 0.0265805852576299
-0.00881651152030087 0.0205652744618269 -0.0743192344525447 -0.52560052417843
-0.0006593033274663 0.0102934924624756 -0.788006696736127 -0.272432734855914
0.00220182188715637 -0.00346535480722862 -0.533500543004241 0.713528401364879
-0.00308216784259061 -0.00820525376997281 0.422417446488798 0.576487826431647
-0.00660519152252154 -0.000412047582858748 0.46480032034345 -0.0907014960909787
0.00186360310086289 0.0024455023206601 0.0945169866448378 -0.304143294545479
-0.0070106329231676 -0.00793711723996163 -0.207223372286672 -0.153149370161781
-0.0026985392334564 -0.0142167505060339 0.158731484018117 0.127881717535484
-0.000499816813964557 0.001401880236059 -0.0892465416663119 0.209707851810411
0.00209878863420904 0.000193429010199584 -0.380053617986206 0.120095148030819
-0.0124426964589127 -0.0128665603631475 -0.355728711315568 -0.395809344116268
-0.0109021165105811 0.0121177033512571 0.326256823842159 -0.636185866511633
-0.00666285364381866 0.0256178193604192 0.708701758794939 0.0230627550982387
0.00686163413709654 0.0391419616017145 0.263383176676756 0.463588938060171
-0.0071593038835477 0.0247094713458871 0.0720415035002158 0.0336053059570528
-0.00938681066195954 0.0238608145597926 -0.0684172104126666 -0.523208503059104
-0.00151633683973972 0.0149717315841767 -0.785716833135171 -0.27902350216429
-0.000994604994387768 -0.00499502637072387 -0.548220120753585 0.707202688415328
-0.00345594075135708 -0.0133075285311657 0.413096647075138 0.580818254816195
-0.00396479324463734 1.96529655783571E-05 0.466239030370189 -0.0885363233676135
0.00131772801119211 0.0070744959737829 0.093433751506212 -0.306351329470037
-0.0102382014023486 -0.00604444578455256 -0.209600488217194 -0.158513221435968
-0.0069984668022877 -0.0109818084851032 0.159595151290254 0.1246552611394
-0.00165288281915058 0.00558696275320113 -0.0892011180742009 0.208600915450968
0.00359005886061174 0.00121623935623282 -0.379082099676132 0.118691165490367
-0.0118201588073295 -0.016245876345029 -0.359760761920787 -0.396992933369995
-0.0138730330154189 0.0131477198399287 0.318968178526575 -0.633723442701249
-0.010446671881038 0.0279419155982332 0.708545197836742 0.0251222461962458
0.00431974266867526 0.0392924848523406 0.265533946732425 0.469004723887902
-0.00500517090348817 0.0207085567507672 0.0717459073277843 0.0392287618856643
-0.00901869097513507 0.0216047409421882 -0.0646745669357528 -0.517691259264212
-0.00564832133114171 0.0171136475554389 -0.787294422590754 -0.279777747902215
-0.00212963109011591 -0.00451694498357714 -0.555855723564921 0.706604013129064
-0.00330007776486008 -0.0179268284971805 0.408665480606711 0.580277485689038
-0.00115405138557922 0.00334691615438264 0.467417858463466 -0.0886300276032344
-0.000636626351715899 0.0125865030403 0.0964589204404504 -0.306297582843743
-0.0116756569148111 -0.0020851082667751 -0.211643877521674 -0.161624004543455
-0.0067116842730445 -0.00658562271597143 0.159495039527909 0.121569178827259
-0.00164618807003648 0.00784748056099191 -0.0908788397825976 0.207560187060049
0.00613909827329145 0.00326237492729171 -0.379756898350102 0.111611247821058
-0.00955011402651738 -0.0181218380683804 -0.35647646002388 -0.405524928866191
-0.0136311301642694 0.012840763426833 0.325025891469703 -0.629713057252293
-0.0149517567665611 0.0280390985250484 0.706059906153547 0.0404801953377699
0.00465638535823041 0.0337119997865996 0.261903208229755 0.476878804091142
-0.00324258846229479 0.0153509839243365 0.0735988977585348 0.0428584366496754
-0.0100851843412554 0.0187192571420783 -0.0684434560020712 -0.509856872757494
-0.00801895387424319 0.0169361524031181 -0.790366857692901 -0.263619341131831
-0.00292808075631353 -0.00377984347093586 -0.550237642745118 0.714259284611012
-0.00201150106821113 -0.0188164522959175 0.413451326996775 0.569835954866353
0.000501719964216489 0.00396537936946816 0.469303706270226 -0.096393620089661
-0.000286061520376276 0.0149786547905253 0.0939389902745691 -0.30506105127184
-0.0128282171946307 0.00201494468867415 -0.212898284639154 -0.164142523504647
-0.00932357886236855 -0.00109228166956235 0.159153592857466 0.120227987787189
-0.0002543991233977 0.0093527403051713 -0.0920349048011775 0.207347763527017
0.00767735060892969 0.00342869308463617 -0.377389055953385 0.103895569315926
-0.0059902786334378 -0.0188404070788012 -0.347754846147623 -0.419836363935684
-0.0122093692857228 0.0129061831123726 0.334904812165614 -0.621692415348453
-0.0164654835659524 0.0270058095908113 0.707335794852401 0.0630102021642217
0.0026752789723982 0.03036531967729 0.257475007049524 0.485703733039525
-0.00276640643467382 0.0107003425047114 0.0740667968541717 0.0453246081175246
-0.0108515697045983 0.0149923557886724 -0.0757552063070167 -0.50681978968036
-0.00916837089098105 0.0168385817264567 -0.795359940041751 -0.241882588052272
-0.00141907929779578 -0.00384841758271341 -0.537307654313301 0.725968299702258
2.75823598097948E-05 -0.0169920456186887 0.425519862666472 0.556078614216938
0.0032063901351157 0.00649357725023104 0.469196610263344 -0.106122107771972
-0.00011979111917359 0.0155982604698101 0.0910995982129884 -0.305441256758765
-0.0109189949701471 0.00610807487148685 -0.212986018506623 -0.161977478268939
-0.00640629628842997 0.00416406785783361 0.159121214695091 0.121613288144139
-0.000131885607643947 0.0085910445027608 -0.0936157152500845 0.208928074386412
0.00850708183516425 0.00458648249826426 -0.374386293518048 0.0961016409181907
-0.00334782787288769 -0.0164500025631497 -0.337139887983652 -0.431266139755999
-0.00961420754789632 0.0107717742137659 0.349263267774335 -0.613937698873378
-0.0161149818092333 0.0233317915635679 0.704674066306119 0.0824157796903038
0.00200714236186718 0.0248663292018935 0.249880855832963 0.492676941399314
-0.00377287813511019 0.00548191240212213 0.0762441637761412 0.0458444651046003
-0.0117882527300926 0.00931785092704164 -0.0800738098664166 -0.503135694224538
-0.00874539822081948 0.0145691611920338 -0.799346468608463 -0.22287769904703
0.000433905843044131 -0.00372749313396095 -0.518232062505146 0.736786603707976
0.00201991490853365 -0.0149351673334367 0.436518167788333 0.543823586955165
0.00368524229278572 0.00743030257982884 0.469972518483192 -0.113115230101505
0.0017674175239208 0.0156301004147811 0.0881903521312385 -0.303851127474782
-0.00731864500300937 0.012312808141058 -0.214120367560413 -0.159901163784813
-0.00383567053095061 0.00752255318507956 0.158349767835311 0.124283081385832
0.00153687704257216 0.00644607605604875 -0.0950213722379431 0.209033867376506
0.00718592041919735 0.0050132451947433 -0.371441588678536 0.0895498238060056
-0.000389379641857649 -0.0124091029002696 -0.325598402993246 -0.446368235165501
-0.00598358956512593 0.0107004412728026 0.365214538028985 -0.605049601834666
-0.0151703392824791 0.017778653947522 0.703075031615086 0.103025372929843
0.00182964349022057 0.0201857273380667 0.243406886104516 0.500086172385254
-0.00560984138817766 9.71876689262897E-06 0.0762556696897635 0.044326838816935
-0.0117021753631167 0.00509412327972205 -0.0868154109951945 -0.498408289719133
-0.00687758289251361 0.00922281375740529 -0.799691728497539 -0.20047852182322
0.0045012760746474 -0.00498615560663935 -0.502069057433536 0.74756625390826
0.00632778371337314 -0.0122593460835205 0.446332318632142 0.529098365355947
0.00405792200259216 0.00834154928483498 0.469782566849699 -0.12303627507942
0.00323384239852227 0.0128837548572899 0.0857790966482388 -0.30299425430242
-0.00446717823263507 0.01427925830183 -0.213398873712195 -0.156155118857937
-0.00128234432616326 0.0104104180627541 0.158089087640978 0.12740176078244
0.00325826306607869 0.00255119440937553 -0.096931749871505 0.21330041400786
0.00596149094955493 0.00527310776539711 -0.369524539008826 0.0835793917257389
0.000636004301017058 -0.00888693873550536 -0.313874541403981 -0.45551568346084
-0.00254476269656616 0.0101599086005373 0.379327174329767 -0.599760464023682
-0.0135702414917625 0.0134288672437397 0.702769749421325 0.122619737177137
0.00157766670205462 0.0147211635812443 0.235559934479769 0.504464147962838
-0.00646426392838018 -0.00327215186932191 0.0775478408187177 0.0422081740203755
-0.0119331603122809 0.0011745009010003 -0.0932277923242245 -0.49824789714267
-0.0051767276938119 0.00350848411816216 -0.803874779557184 -0.183453046207839
0.0076378377687093 -0.00584023734778855 -0.484214574637778 0.755999220319047
0.0079977674942407 -0.00835326294924681 0.457597308609011 0.517356713658428
0.00302268511208239 0.00853348187409596 0.47046000861139 -0.1299667636138
0.00416872046598427 0.00824944468501178 0.0860375327349351 -0.301679371351261
-0.000143940026808768 0.0154899618613266 -0.213531408154802 -0.150901599515063
-0.00246979605060216 -0.0150856122170089 0.159826148742437 0.118159068526976
8.68198816753054E-05 -0.00329782813265316 -0.0843897704499145 0.204140547056959
-0.000872689839553334 -0.00122905451222266 -0.37131381827802 0.120100390253835
-0.0117707518777283 -0.00883952073600022 -0.346148268332927 -0.396350125137504
-0.00772917369843723 0.0123724186682271 0.333900770551752 -0.630500160541679
-0.00642109725411803 0.0222668066171298 0.707189834854574 0.0258698226857325
0.00557646550482236 0.0363237280870191 0.262120052749683 0.457428929926805
-0.00845231722806945 0.023501417662347 0.0701444825605017 0.0264809983783733
-0.0090339362459377 0.0195486575006216 -0.0802908586142404 -0.523463275822128
-0.000149232455353818 0.0109556471654575 -0.786592327242412 -0.267040918562659
0.00225086591186579 -0.00332293865496489 -0.525997699470932 0.710616042749282
-0.00448644808965655 -0.00925781408947108 0.419975635484248 0.56548522465038
-0.00654610940845893 0.000869501237594677 0.456125425254696 -0.0944972877617166
0.00228198102775469 0.00307138664919171 0.0873085835161165 -0.297928307503075
-0.00749523558932295 -0.00761981890119129 -0.207241341541895 -0.136869675671999
-0.00506067497772579 -0.0135131170602725 0.158467506396781 0.1136407534254
-0.00108024961917665 0.00196664129370923 -0.0847619547826782 0.202630800320355
0.000685640046830153 -0.000361976831796039 -0.371948685407189 0.121830346567445
-0.0127345822655686 -0.0120586810557543 -0.3524880262782 -0.391112082191931
-0.0101330398458223 0.0136187300784741 0.32097945323598 -0.63349417140858
-0.00724163072450219 0.0263054245945868 0.706105680052631 0.0182597007792869
0.00701346748118771 0.0388887041147245 0.2668754721685 0.459622561239233
-0.00560607026444384 0.0255174255089951 0.0700168558403449 0.0322778052245894
-0.0064712981413411 0.0233006351427046 -0.0735613441987437 -0.520911173960645
-0.000846335432456912 0.0151630271677634 -0.787535046230932 -0.273718655175634
-0.000775067087161789 -0.00326491270497371 -0.53882615742014 0.706059649954988
-0.00549252577997449 -0.0129535420941602 0.411413888128331 0.573078251083497
-0.00427211367090993 0.00159846865060003 0.456534579392776 -0.0906875186012371
0.000402300672628848 0.00744129253288557 0.0871055733377111 -0.298856687745929
-0.0108969882912839 -0.00515604033066937 -0.209172349325302 -0.141539293984883
-0.00771663698883264 -0.00941003345520985 0.160240433486186 0.110281657807045
-0.00150508077124793 0.00436703812751586 -0.0845694411138218 0.202612768432035
0.00382900054657893 0.00113202843663043 -0.369392501428847 0.12086464462342
-0.0116273421021884 -0.0148618208568797 -0.356189516315469 -0.392438469980491
-0.0123950693132813 0.0138305430361261 0.312300284906556 -0.632020763294858
-0.00997976866494936 0.028954549470247 0.705677774985818 0.0216794755110252
0.00649642081492867 0.0380830333562766 0.267571231110749 0.465105210521317
-0.00390829053217779 0.0209954160733942 0.0720584984682631 0.0360640839279143
-0.00798047395173919 0.0219798712449135 -0.0714101700643163 -0.514744179980998
-0.00458963874252366 0.0178681830410677 -0.786464654782343 -0.273325694113882
-0.00265672040440604 -0.0037541068531086 -0.546900547956787 0.704991040955089
-0.00398668796728388 -0.0165560946100494 0.408938091473154 0.571198117466364
-0.000447277136247298 0.00174315880309473 0.458476623121225 -0.0914104763333517
0.00128486517887247 0.0100614302636835 0.0873419610475386 -0.298979777889671
-0.0125172216586711 -0.00178758628177073 -0.211862432418578 -0.145832442541233
-0.00931804745364454 -0.00509337478433418 0.160165541757761 0.106751368670002
-0.00149848732564972 0.00827654018037494 -0.0860800831300108 0.202128686900641
0.00630112337104675 0.0023364757810341 -0.369838309019142 0.114517959174738
-0.0115062146765201 -0.0167806730590421 -0.354436198467045 -0.400449856093149
-0.0136911452699007 0.013389629648318 0.318745007305776 -0.625468566291364
-0.0138835201539685 0.0282782009515099 0.704686581372233 0.0401724444429896
0.00547200747791969 0.0334218988600726 0.266504509884755 0.475440379810705
-0.00268822806135373 0.0149469851736449 0.0736837034282946 0.0419964190735385
-0.00867106698562519 0.0168057897778661 -0.073658351669548 -0.509019647500218
-0.00710580137629026 0.01831528008236 -0.789007439205937 -0.258616588396118
-0.0029268828663392 -0.00325649903291874 -0.540342111107952 0.712138469017144
-0.00228742964411269 -0.018507478010797 0.414056071410293 0.561150654938211
0.00113935067607154 0.00284969879340158 0.459565159530306 -0.0996612080330901
-4.94691760415319E-05 0.0136906478727655 0.0859611231127549 -0.298990645745899
-0.0122848267019334 0.00206005903552532 -0.212305300858147 -0.146087310659978
-0.00885450544833318 5.29538436713235E-05 0.159155908953005 0.106818363612489
-0.000691281855578501 0.00958439846012445 -0.0859828564041768 0.202388880359523
0.00800740446586069 0.00468361066190145 -0.367938066045534 0.105741704689177
-0.00818943044543709 -0.0174030984661752 -0.345048745872205 -0.412976412590166
-0.0129549461044269 0.0130748342674482 0.32819492095083 -0.617894678351794
-0.0150456486717649 0.0256326803744383 0.704283031430094 0.0587453016495105
0.00413215487887059 0.0280602316797205 0.26189073888449 0.482325111203168
-0.00278743127535779 0.0103137347813479 0.075921855218648 0.0431388026348865
-0.00931391194192027 0.0137797916564164 -0.0797212117265514 -0.505258141150697
-0.00743632141680094 0.0174127282388599 -0.79443948207238 -0.23596713796531
-0.00189355232739676 -0.00344825604935621 -0.525067407542367 0.723583942709329
-0.00128913945303332 -0.0176373470777863 0.425352481666112 0.546869317904912
0.00259254593821814 0.00592124689502998 0.460314053351416 -0.109160777210347
0.000708477989185078 0.0161041310402462 0.0830188222238635 -0.298501811438504
-0.0101840363618387 0.00741322291417258 -0.213510787241613 -0.144375873406017
-0.00614764301682722 0.00370483259805188 0.159305567309228 0.10673030220889
-0.000244086950835237 0.008057990948338 -0.0877337176758881 0.204185848607825
0.00834787415505532 0.00371529525082319 -0.365705664131648 0.097238809526629
-0.00381617583403711 -0.0157717092422295 -0.335936909808515 -0.426383751690268
-0.0100492911958621 0.0121315199582812 0.342890528650959 -0.610534293367304
-0.0152853201976608 0.0217985850169121 0.704777567757238 0.0812974630903005
0.00395526578327074 0.0241382997543738 0.25573522857706 0.489656749910776
-0.00328699535445394 0.00506358442540284 0.0771441923426664 0.0444908270864985
-0.0102180214989137 0.00943404447162187 -0.0866861563300813 -0.501509004457619
-0.00886818451741383 0.0141113376492772 -0.797393747576856 -0.215659681279698
0.000239274885919133 -0.00286977825227799 -0.510559322221278 0.734244285890395
0.00156863995314765 -0.0160261676370834 0.436238783394824 0.533932494795602
0.00340160220802976 0.00658888037998226 0.459997020775463 -0.116881770806139
0.0027514265732784 0.0152301676042428 0.0815578651523956 -0.297734408345608
-0.0074974010704156 0.0109173226875846 -0.213120218978213 -0.142511495129574
-0.00482945874094825 0.00756144018920376 0.159238709104562 0.107999882839688
0.00142541018560552 0.00436003826188299 -0.0910728131612291 0.205816175392727
0.00798278923870894 0.00401604556322469 -0.362556146383372 0.091120187310206
-0.00184314681663011 -0.013109927605799 -0.324161732046207 -0.439938417949271
-0.00706136905879631 0.0111893430787821 0.357405405208388 -0.602262181929997
-0.0151605606509766 0.0167783657668971 0.701955520268257 0.100838340343855
0.00251363056454362 0.0201872615826192 0.249861219766976 0.49710131617752
-0.00559639765666244 0.00107815251502977 0.0781307546191625 0.0433610146850913
-0.0121703314141463 0.00519711979883205 -0.0923216307194898 -0.497701982954568
-0.00593559598760703 0.00953154769217303 -0.799612928701761 -0.194031904080963
0.0040754519965321 -0.00376593849558323 -0.49155657011237 0.746463679577467
0.00505228497623219 -0.0120576290843591 0.444754506839393 0.520002356478618
0.00342067813488226 0.00680749873805946 0.46078199189782 -0.124073115177145
0.00410901257543972 0.0131400962332982 0.0791402602543965 -0.29533749156922
-0.00343402775879092 0.0142542488457457 -0.212631076693533 -0.138646432952013
-0.000564700076506644 0.00978102241472178 0.158691658638107 0.112330806696897
0.00236916333369658 0.00178681439339565 -0.0923910139784369 0.206440948309964
0.00655022588413416 0.00465717778627264 -0.361267449524575 0.0851318096971645
0.0012717562981897 -0.00741875037011393 -0.312652086596249 -0.448651398930008
-0.00229122151494756 0.00948536290001295 0.372088587278903 -0.595732429704456
-0.0131520419493434 0.0117375007592024 0.703053038082909 0.117336418704606
0.00108594559918159 0.0139672299970674 0.242847137416758 0.499809654398229
-0.00663277220594432 -0.00260467009383145 0.0798807010344268 0.0413159846684853
-0.0133921058947437 0.000123058136461907 -0.0995750672747566 -0.49741976802317
-0.00479201556724406 0.00431992096271259 -0.801201485018228 -0.177401491886837
0.00857120613722151 -0.00531652745255885 -0.474388814459888 0.756768057031213
0.00751142429289117 -0.00871613973599071 0.454984374593489 0.510205525297315
0.00249897510582751 0.00808924152357458 0.459585403308041 -0.13367918458017
0.00557274800213896 0.0088286690236386 0.0783147882829566 -0.294675081961453
0.00257906539428673 0.0153226728798015 -0.212555908896853 -0.134570096976259
-0.00358297493152151 -0.0144609063927191 0.15677391298283 0.101412451245926
-0.000792246371888039 -0.0026328657330065 -0.0812997767088985 0.196825369842437
-0.00168006388543508 -0.00146414374022641 -0.360883264702307 0.120658756831936
-0.0114387236709236 -0.00709677310836483 -0.341929407594295 -0.391866090400548
-0.00751743881593653 0.0143973817669479 0.325945575350345 -0.627907526535614
-0.0057971160203787 0.0219438667302308 0.706195780416584 0.0214175904912118
0.0068048664668827 0.0341459181131961 0.268180756338891 0.452569153501774
-0.00689209395723051 0.0229419176533725 0.0698673736088241 0.0241867717457498
-0.007383872833089 0.0207443592929866 -0.0867533878489107 -0.523858295986669
0.00121278744314204 0.0117292691736951 -0.78978572514043 -0.260143754571499
0.00221832731895725 -0.00187424652820289 -0.519141010104981 0.708175181793362
-0.00598395037497866 -0.00763697454326679 0.417843093854459 0.557672035579884
-0.00650057595021144 0.00183329819501237 0.445548411782703 -0.094302755174232
0.00190250958667181 0.00149692716664911 0.0792636083900707 -0.288747195159423
-0.00855465867012361 -0.00652308170456284 -0.20216710700612 -0.118517635634158
-0.00693033560096163 -0.0126534017048427 0.155976351710836 0.0965351718991469
-0.000541551510687013 0.00140241339300884 -0.082087077772723 0.196598637641725
0.000986586644224766 -0.00130413366163667 -0.361855503161851 0.122051788095301
-0.0134974059032512 -0.010868669088496 -0.34781209109679 -0.38591071845151
-0.0097701735876768 0.0146826574623982 0.314014618721175 -0.630806923881017
-0.00745170004446638 0.02714404542594 0.706855624785899 0.0152646573012083
0.00844549167829256 0.0385714770340496 0.272258948978822 0.456914885141987
-0.00498167888114084 0.024674459886315 0.0710290455251677 0.0309525782191745
-0.00673786128818928 0.0223841790071159 -0.0819762413381823 -0.518686420341136
-0.000478274284846078 0.0162894967152791 -0.787798662828149 -0.268341997834621
-0.000308225051208342 -0.00279775981026768 -0.533627363360297 0.703809505951846
-0.00563233051961245 -0.0119598110786594 0.410228209782214 0.562094878935247
-0.00381015787158282 0.00107501347877925 0.446982862492527 -0.0920166679035317
0.00125877979616869 0.00680492486566144 0.0801115900108451 -0.290448800359071
-0.0114061373884133 -0.00389137401213045 -0.20511989636821 -0.121074343226257
-0.00831855177501359 -0.0091110279426169 0.156222732821878 0.0924482504069775
-0.00200972466110153 0.00595740649042645 -0.081646062555874 0.194609810596663
0.00374042100994044 0.000739575069148647 -0.361027033222221 0.120768793169174
-0.0133729455283879 -0.0133277774848599 -0.351964814481103 -0.386173726194233
-0.0116276546539606 0.0156484046940962 0.305751209449009 -0.62892644155696
-0.0086160024361442 0.0286522837202782 0.704256567071617 0.0169305104928401
0.00780058469002714 0.0359578560921993 0.276918535724743 0.460798669050609
-0.00349390001363329 0.0202144064819102 0.0728752576462295 0.0371963760697168
-0.00706960939461135 0.0209732098854966 -0.0785707773463253 -0.512884532628007
-0.00260281934915343 0.0177572566780967 -0.786515125373915 -0.268373472940017
-0.00271704648900374 -0.00161134980535191 -0.540077083073377 0.700659931865629
-0.00513629539620513 -0.0158268944175653 0.405791323410344 0.56114726304274
-0.000595273718894221 0.00203021887720886 0.447681711372897 -0.0913945795750302
0.00109913634404256 0.0106309956020871 0.080509497987405 -0.289620899879932
-0.0133675946585623 0.000104518846410704 -0.207929397218163 -0.124087065746999
-0.00963730510429845 -0.00373159686701265 0.156829116165224 0.0893302292999273
-0.000518216717162933 0.00897937478016002 -0.0822270990233081 0.194671101556689
0.00557329049155082 0.00215071154204074 -0.360171092667231 0.114640994468555
-0.0112288005250484 -0.0159243830020643 -0.34971553992506 -0.394671906993401
-0.012252560477317 0.0155260691174016 0.311674512501204 -0.621322674782361
-0.0123271326564224 0.0294173411743208 0.704577857842721 0.0369894411028668
0.00554776545588723 0.0326592079227572 0.275746611229878 0.471562601669332
-0.00155810153747008 0.0144075771127558 0.0747701274531852 0.0404580943096891
-0.007794626205777 0.0167780401657701 -0.0824747195671267 -0.508397784756559
-0.00542142744565507 0.0177645187644599 -0.790794902192479 -0.253332596410896
-0.00244866079349166 -0.00208247860913014 -0.532369770492349 0.709529809728775
-0.00395779741975426 -0.0174743073025015 0.411972741448592 0.552754745269071
0.00151690432595362 0.00341542280930521 0.448324373686413 -0.0999581462639467
0.000700582185688856 0.0137838847936139 0.080509142688705 -0.289711832501308
-0.0121172934502329 0.00381991986132178 -0.209080263601858 -0.125993078313813
-0.00939209825014649 0.000992032523078893 0.155612346469828 0.088069136512947
-0.000426039013740417 0.00953896766383455 -0.0839293794464233 0.19413942623434
0.00723474234032352 0.00193939669946989 -0.359207888520803 0.106054887420873
-0.00895260063867613 -0.0163801079010883 -0.340631760590514 -0.406389082331845
-0.0117593403735627 0.0136948033476897 0.324029731348316 -0.613124151547832
-0.0139616908928443 0.0261457210990857 0.703209846798909 0.0563970586431965
0.00556204288224108 0.0278088788464928 0.268826103290291 0.479965839704091
-0.00237488488847347 0.00926639531367212 0.0767995833577246 0.0414432291240843
-0.00899238326856378 0.01432293496552 -0.0860967730193071 -0.503668656665696
-0.0073480099007274 0.0171959236255946 -0.794413036702437 -0.23125378400813
-0.00224513414046747 -0.0024378399896317 -0.517711053081968 0.721285609677195
-0.0023528679722946 -0.0169203312762759 0.421183631475759 0.539330596479595
0.00245167880649992 0.00416418020670125 0.448501001575167 -0.10761778889746
0.00149192584437462 0.0152664246798262 0.0768108298375264 -0.288963192473433
-0.0110308491835926 0.00874141238891582 -0.210438201596766 -0.124249458635313
-0.00740037985662245 0.00462751666170441 0.156236724874204 0.0881229395611791
0.000993146293639473 0.00782632849044683 -0.0843231619420544 0.196108274993555
0.00945889068303754 0.00290820577895057 -0.356776549093804 0.0978712955797418
-0.00532024665790864 -0.0157254918361098 -0.334214982388601 -0.419839027562122
-0.00911432987611006 0.0121932159194097 0.335815585818395 -0.605800139007271
-0.0134460277338719 0.0218982865215017 0.705064703961742 0.0769477698401465
0.00369647479726643 0.0231889234324038 0.264675060361728 0.484911986481818
-0.00317182687295662 0.00476390784459413 0.0793341192192922 0.0424606241054954
-0.00986903137550047 0.00915559312703847 -0.0928753727141595 -0.499254604683689
-0.00775902430801465 0.0138419016693156 -0.79636825066219 -0.209409460601925
0.000213175805193101 -0.00185430481998934 -0.500005987229572 0.733210840013128
0.000216533939296192 -0.0150562379687875 0.431019361363957 0.52593556963621
0.00370748356235235 0.00512078791612539 0.449591257777569 -0.117055521742015
0.00283316313524821 0.014821726139905 0.075537952035374 -0.286885569014206
-0.00748576825151536 0.0122210091695271 -0.210104622976844 -0.123339390615663
-0.0041834375917838 0.00812918122048381 0.156437123837205 0.0904393983567275
0.00259083817624725 0.00483486091064288 -0.0857720853445973 0.197379431749815
0.00710067366014653 0.00423821631575247 -0.352615215128034 0.0891876295001332
-0.00173278601298582 -0.0131906844050077 -0.320870684265932 -0.43306425542622
-0.00574537848800734 0.0116637388608529 0.353393192019505 -0.597114936154983
-0.0140132709768185 0.0173699632246188 0.703386395338349 0.0992377273286781
0.00361779027368963 0.0188499339606756 0.257851917122141 0.492558118583346
-0.00533543493403197 0.000767852001193288 0.0798667889782497 0.0403974756129673
-0.0124329676998248 0.00473035454059979 -0.098444979949583 -0.49725782482163
-0.00681744137117876 0.00889733206284512 -0.797980569397157 -0.189360451441615
0.00352724390292719 -0.00448224711874753 -0.482932709560628 0.743146716397296
0.00315199333088551 -0.0127487714276279 0.441092559901789 0.512844824498514
0.00341685240584646 0.00512753438951602 0.4505043909502 -0.128126615028771
0.00481907923476601 0.0117420632734301 0.0732034601406682 -0.286432451406388
-0.00330359428273989 0.0142464058482273 -0.208940262669343 -0.119052000153964
-1.86900764232584E-05 0.0103329086186191 0.156130344357124 0.0939317162283426
0.00319723741149649 0.000996690638524709 -0.0872916540520971 0.197769090985626
0.00591354079367539 0.00341681179805613 -0.351246767324323 0.0844296474460821
2.75850629258261E-05 -0.00808584910490568 -0.311017229503559 -0.443235960362721
-0.00333254799652327 0.0110313261295349 0.368176149832131 -0.590664966040351
-0.014525671763034 0.0120219436930284 0.703531987400638 0.115286491112984
0.00133556019267951 0.0139359949547562 0.251393055088911 0.494670103138066
-0.00767415607526941 -0.00248974513944427 0.0806019747230338 0.0383672251304471
-0.0129134727063891 -0.000987516697303343 -0.103815915989676 -0.495546207097056
-0.00598994267882927 0.00466051235247739 -0.798680935415311 -0.171903475578418
0.00780266695287066 -0.00518815999900629 -0.463744839545565 0.753671456100367
0.00687262135887324 -0.00933281298345866 0.452345072874552 0.501874765500967
0.00257593701843708 0.00680388859282266 0.449856549105188 -0.132674551540714
0.00566262700270953 0.0077421283683391 0.0741979365462379 -0.286656168484358
0.0012321012631005 0.0150891929071637 -0.207851239896471 -0.114912707333468
-0.00636321774010082 -0.0129153344952167 0.149434557687919 0.0792671943687594
-0.00164189661962667 -0.00205604270546923 -0.0785579322969207 0.187745466743925
-0.0017221338016616 -0.00303623827634768 -0.350637118744587 0.118119648539325
-0.0112387514616468 -0.0061489868805408 -0.335401499024797 -0.387079607219185
-0.00691262408058775 0.0152120505664925 0.321645515669014 -0.626441367689927
-0.0045143530898869 0.0215313090991718 0.702376926394585 0.0177875244469091
0.00777239511087323 0.0347666319450574 0.274395190083009 0.450040026239376
-0.00727850099168846 0.0227353297327198 0.0699075859484272 0.0237947944319651
-0.00648512924426548 0.0197707695880453 -0.097166209746024 -0.52025598737422
0.00143449352820247 0.0115117722889733 -0.793451552285436 -0.254801155098831
0.00283848022248703 -0.000595204867149571 -0.511898930076456 0.703272837242004
-0.00496234139194274 -0.00693786517584031 0.413714785961802 0.547653327914019
-0.00683521399414023 0.00192392070763508 0.434669703908838 -0.0938431269694704
0.00181731035891627 0.00247325117255824 0.0738321982736436 -0.276145951132597
-0.0103419851499895 -0.00431782814931554 -0.193616100147622 -0.0930113678850372
-0.00814014073527826 -0.0107242579130136 0.149154450175018 0.0750395336427162
-0.00147884920594973 0.0022568484408528 -0.0794146234090322 0.185918502495109
0.00107360296445101 -0.000870578903789042 -0.350776326251442 0.120346895984222
-0.0133129314344014 -0.00970535457096194 -0.342749756490986 -0.381448762283269
-0.00791211206085311 0.0160035870071249 0.308726005642923 -0.626620165022225
-0.00503850604107825 0.0258944808540401 0.701749754945705 0.0111754877089695
0.010308485928481 0.0373894305283979 0.28232505007651 0.452643741133253
-0.0038728447244554 0.0244368243424769 0.0710624498476524 0.0301954778014364
-0.00510489205915213 0.0215630305599909 -0.0910861986256266 -0.515782478457235
0.00141627728816791 0.0165868777250073 -0.790932491212832 -0.261639295643947
-0.000648599544667158 -0.00128437025553866 -0.525899312631831 0.697037943469639
-0.00679322839148178 -0.0111491150296586 0.405658281920981 0.553887184717295
-0.00447570860193262 0.000976675039460983 0.433633645508444 -0.0906096011271079
0.00143771966685553 0.00619263451678639 0.074094883634076 -0.276380685562363
-0.0127658965474287 -0.00129628161264688 -0.195675939153606 -0.0972576117197534
-0.00965517124090761 -0.00648584229540748 0.149121811906863 0.0711065155246149
-0.00112467467987783 0.00571906200431027 -0.0797337564384398 0.186091841944152
0.00279165470172952 -3.98607414531871E-05 -0.350186185777109 0.120170248924616
-0.0143229033250946 -0.0119526239342193 -0.346407478167276 -0.381204215585626
-0.01020578633003 0.0170156188462543 0.302244995638215 -0.624052095906072
-0.00769764094295996 0.027988751158089 0.703176227071085 0.0145926980206746
0.00921514833754986 0.034892686021278 0.284051089095284 0.45767664062169
-0.00185056648699235 0.0205048908491849 0.0732711202617933 0.0358777088301411
-0.00577256917522351 0.0197045127954404 -0.0866493296171094 -0.512932654263629
-0.00297852765137222 0.0183173806804476 -0.787892216445793 -0.261243281773475
-0.00142330938531678 -0.0018722780203513 -0.531208156630319 0.697655442604372
-0.00643887669274947 -0.0149920669852044 0.401179703369884 0.554264231568139
-0.00153504010269645 0.0010987070326647 0.435305227409038 -0.0895109147103841
0.0010629564235679 0.0107305172808525 0.0744980959364057 -0.275825170620239
-0.0141111782561495 0.00134524881992789 -0.197183975641033 -0.100869606341307
-0.00921769813515873 -0.00259665604450706 0.147508892057805 0.0682240908788632
-0.00124361529967885 0.00839831984541463 -0.0816503781901695 0.184107372135515
0.005329559169824 0.000982195448364251 -0.349421588390629 0.113379358274671
-0.0123815116341492 -0.0144663418837305 -0.343094364501251 -0.389059635872088
-0.0117638465665115 0.0172217304569306 0.307544697880548 -0.617421211212229
-0.0101226998342621 0.0281233742711405 0.703370494414709 0.0333079895893209
0.00781446378828511 0.0304926142333949 0.282340350537609 0.465275126555545
-0.000442787408655595 0.0132387604970564 0.0753501119705007 0.0381157873590723
-0.00740438991076689 0.0159879275491582 -0.0884987407325464 -0.505988837028543
-0.00488259682891016 0.0188137323564525 -0.790823922126988 -0.246287958596062
-0.00289771565708371 0.000175774152325623 -0.524653159633311 0.707334032754445
-0.00540727711271448 -0.0166851137914511 0.405628069710945 0.546443750545573
0.000330192176950324 0.00219511482016638 0.436768695786958 -0.0978138006705405
0.000974752634054272 0.0141033959392072 0.0729445133389049 -0.275781825475397
-0.0134696399868722 0.00578080965622933 -0.200495887076937 -0.0997971390487902
-0.00886513191959429 0.00194435367735397 0.148305091949824 0.0671249387053664
0.000473278056466952 0.00816890649284416 -0.08120524033986 0.185154771623781
0.00703480671700568 0.00143115162273214 -0.348520161661477 0.105676511088647
-0.0104169396125477 -0.0162140847563564 -0.336144573701413 -0.402024215279215
-0.00956005289874004 0.0154913258215436 0.31974797715982 -0.608991153511684
-0.0116904816999516 0.0249865783164769 0.703924570071848 0.0513465722316411
0.00684005718395339 0.0261776077970437 0.279423426205539 0.473757298037444
-0.00149677707437892 0.00782508235963635 0.0774186223547355 0.0391817771298792
-0.00775413970733516 0.0121494036019982 -0.0944966919360637 -0.501866018941686
-0.00568733328683606 0.0173376068821015 -0.793898313827562 -0.223623088994501
-0.00149907280873217 -0.00133438447778596 -0.508991977669956 0.718710630894731
-0.00422888436087699 -0.0161335323791794 0.415855310408956 0.532791332845453
0.00372072454795816 0.00298899016729847 0.436048786819636 -0.106345008725248
0.00251026089278253 0.0150520924354959 0.0709294554669912 -0.275414292344823
-0.0112628703529678 0.00979357431278038 -0.200295478555221 -0.0990690558858352
-0.0072252200041783 0.0055134156831 0.148010485464934 0.067403098439658
0.00142501173045196 0.00790496677503134 -0.0819335225941591 0.185710003538049
0.00866333988908342 0.00129871282048411 -0.345153012326058 0.0959471968723293
-0.00623364160949114 -0.0151887061258631 -0.326929573363358 -0.413276669250999
-0.00867157383145528 0.0140957139758471 0.333240743332573 -0.598696267972014
-0.0138592414325028 0.0225954545032393 0.705572380747837 0.0735868577437428
0.00561442029593767 0.0217542094868283 0.275374122689773 0.478710764364586
-0.00272766633526319 0.00369933261940659 0.0796995663741131 0.0394043147666038
-0.00993328735834972 0.00814308184905803 -0.0990494810919607 -0.498754288602858
-0.00715908343595915 0.0135426831395791 -0.796766262287222 -0.205338192252526
0.000367702706016052 -0.00146069720842453 -0.492544756087685 0.730813243336781
-0.000551270672328376 -0.0149449615328784 0.424888528908984 0.522420843038043
0.00319429973491803 0.00455408075134477 0.436585407135674 -0.115860702463194
0.00454813740072287 0.0134771025101461 0.0700527856834593 -0.273946192792219
-0.0067156410527626 0.0136343206649561 -0.199615774289402 -0.0985081676962676
-0.0036344520115919 0.00868092571018128 0.148881540776577 0.0687051245790748
0.00090359660405234 0.00532160000857215 -0.0815584268448605 0.186232808736169
0.00842414162560353 0.00218506146350412 -0.343248871205313 0.0882207090114409
-0.00294129012218741 -0.0131833054403862 -0.315786084159789 -0.426216601159375
-0.00561483218619084 0.0126827586121117 0.348605532823348 -0.58872779187524
-0.0138885393792923 0.0158680947285396 0.705536911663324 0.0941971953953697
0.00350157273770996 0.016307189874859 0.268152654536041 0.487057952683013
-0.0047232590227073 0.000662270240001188 0.0808913181592924 0.0380636989868957
-0.0123647391892718 0.00382766651956536 -0.104397060200971 -0.495805699659765
-0.00535676551266519 0.00970403170193525 -0.797160362331604 -0.181588675348858
0.00378684059487515 -0.00318367334216506 -0.473218975313537 0.740451504973815
0.00280867321128784 -0.0125929715088735 0.436015907497142 0.506917725585121
0.00401864071286533 0.00569345376806292 0.436892320416787 -0.125378750685734
0.00527473096309901 0.0109255425068438 0.068742415754214 -0.273724045306832
-0.00215823531385426 0.0152712830558709 -0.199410509099731 -0.094471865897278
0.00115189146514695 0.00864043454052704 0.148143342926189 0.0719118189691145
0.00225972663568648 0.00151140094952882 -0.0820148173471518 0.188236359554904
0.00707470838620776 0.00340679601006284 -0.340482211899565 0.0821993656095646
-0.000640351223503992 -0.00842365444074299 -0.306140289909684 -0.436843385666929
-0.00355077465602594 0.0110467622361826 0.361958498629917 -0.585682464823541
-0.0137710317075456 0.0110062261204609 0.706474376336811 0.111884560572902
0.00178513049387506 0.0133254786024713 0.26266189905051 0.48954830707311
-0.00815969030345013 -0.0017991636240885 0.0832003076697291 0.0346937776542773
-0.0140323006469325 0.000158419538152329 -0.110846343453397 -0.495481928380525
-0.00556308683164698 0.00354388351990258 -0.799879497215636 -0.166488583888901
0.00561887053221187 -0.00544914150804998 -0.455345705649347 0.750354629014333
0.00502103556221438 -0.00918280792084759 0.445445442236746 0.495932913711767
0.00207809647393574 0.00611710638406332 0.43979608702638 -0.131873186733312
0.00600631631332451 0.0069969638231886 0.068969223757973 -0.274190777400455
0.00231819507201201 0.0151516975244035 -0.196936880624552 -0.0910520231347687
-0.00660389160519493 -0.0119131846818216 0.13247262631642 0.0559253674552421
-0.00237923518112725 -0.00207801262864129 -0.0824795730889307 0.174114978034709
-0.00201133463573253 -8.19029288869162E-05 -0.337363380468768 0.111914850416882
-0.0120276795457321 -0.00389826152531186 -0.328079022480314 -0.388129600088418
-0.00552789463500575 0.0154881683968678 0.314746834360895 -0.620431620826903
-0.00363348974410138 0.0218709197714309 0.702696962315342 0.0142411380537813
0.00845940439603605 0.0342188652024795 0.284011835531416 0.444023741538595
-0.006883076401643 0.0223816798835297 0.0686160339272361 0.0237490146635733
-0.00599986461924977 0.0187776038941517 -0.107323826094445 -0.51416650740026
0.00246311122175912 0.0116543943807817 -0.794975629086754 -0.246122793595676
0.00321741342239733 -0.000140057216922726 -0.506584571358849 0.696548842476437
-0.00498405691897681 -0.00543623967787345 0.405293427750262 0.539949424798579
-0.00529639714873708 0.00351562913745937 0.420534149131108 -0.0865853868513068
0.00236711506538731 0.00270042113938742 0.0710891939653585 -0.258152197592646
-0.0109732219093513 -0.00243440141909223 -0.174757494954364 -0.0667908321836162
-0.00964856304766983 -0.00786108674429252 0.132794262182381 0.0509992247972539
-0.001399632674658 0.00207833024592426 -0.0825031831061515 0.174321050162966
0.000925963417603272 -0.00109756989022407 -0.337562928173275 0.114569396693073
-0.0140709403187932 -0.00671536236328197 -0.334073745542427 -0.382313189363898
-0.00706807363930279 0.0167803573099285 0.303997522903876 -0.622787603356812
-0.00268086045937304 0.0251557369156537 0.703591260549215 0.00785607652705628
0.0113653306752693 0.036128206018528 0.291905710142066 0.445094141363309
-0.00292318987919546 0.0232364620189537 0.0700533108775405 0.0285047444500323
-0.00423119413347707 0.0225018617375143 -0.100905371365756 -0.510981892401244
0.00276781783707534 0.0143391038049955 -0.792321541408542 -0.253631097022128
0.00112947302080894 0.000182532473962124 -0.518567045655084 0.691294943969333
-0.00761041803918853 -0.00987896018474517 0.399012971223038 0.548227238485662
-0.00446109065437086 0.0010035972071537 0.421896007352398 -0.0837442679013377
0.00144192268436308 0.00657582925832181 0.07110393281647 -0.259212395787813
-0.013413970046274 0.00129723444286525 -0.177245360373892 -0.0699411432213454
-0.0105613248585692 -0.00420001872593394 0.132617910975806 0.0472642110142821
-0.000547856938181926 0.00635800760583604 -0.0827102246398025 0.173172991868207
0.0028344688004805 0.000397024691609045 -0.336439401067614 0.114583944910666
-0.0150471944110229 -0.0105361582404503 -0.338793387428587 -0.379358502934426
-0.00958841013421364 0.0188634696923534 0.298454671104101 -0.618706946310876
-0.00558698584469915 0.0258629571045452 0.70243160163337 0.0114991313339532
0.0110558010307897 0.0334855145871579 0.293697867278704 0.447496798805755
-0.00112811895978814 0.0182943672595299 0.07309867677748 0.0342701676319565
-0.00384170591041307 0.01838643493634 -0.0979623646527893 -0.505702859680276
0.000776635999484702 0.0172366091189141 -0.790359831258804 -0.251718762881795
0.000450538531892362 0.000462082399396748 -0.525622411888654 0.692723931450622
-0.00773875857215806 -0.0123858705278314 0.394332718915853 0.54825204236412
-0.00231035942032484 0.000854476789957566 0.422541873241082 -0.0820479495768088
0.00204421479459093 0.00960010503836366 0.0714300335463342 -0.258743882578705
-0.0132566868313789 0.00460810792852088 -0.180049521041123 -0.0732503626035564
-0.00953831409564537 0.000463457970862972 0.130659307669323 0.0441033269950483
-5.30237774007607E-05 0.00863467670270661 -0.0823048616609884 0.172004381512692
0.00492582581024907 0.000280978118174378 -0.337603948594518 0.10759507282624
-0.0124202775294527 -0.0127548997276168 -0.334683635549947 -0.387531293144192
-0.00913481548455799 0.0189967180313525 0.304057662196369 -0.612249874069807
-0.00879153438174573 0.0268268881246685 0.705875539913966 0.0271883251716722
0.00784035882618242 0.0292315416549031 0.291675330776532 0.456440890534008
-0.000480767297771878 0.0125903511108055 0.0765522971696116 0.0361097252026927
-0.00576975237533931 0.0145927782072723 -0.0997755299218257 -0.502871402460131
-0.00199531594092824 0.018048760020617 -0.790698662520458 -0.236383598498035
-0.00178848529875652 0.000899493953770192 -0.516499073249612 0.701527208156679
-0.00652743722050695 -0.0138513531601466 0.397080815846443 0.53963232589892
2.77337604772429E-05 0.00130435284835386 0.421890145349036 -0.0907978100880495
0.00249701506841069 0.0127352214607585 0.0711772280186066 -0.258494798502217
-0.0117497414667197 0.00823704007376064 -0.180845972120598 -0.0747453724780732
-0.00884370853938463 0.00406575248346312 0.130733797501943 0.0436049875038003
-3.68488294288968E-05 0.008628483393171 -0.0810639746202178 0.172304922851295
0.00705544516513834 0.000158546935715203 -0.336986442037169 0.0986773303144916
-0.0112428559370396 -0.0144163120821179 -0.328964560411414 -0.396680650901286
-0.00919937788560736 0.0176438649138369 0.315358867670164 -0.601533601633668
-0.0107267775304759 0.0236866581120232 0.707546460199603 0.0462697165020245
0.00766609683213475 0.0253895358752217 0.289188063535305 0.466058652353919
-0.00066677750930955 0.00672305398256433 0.0785514891308318 0.0362458871147164
-0.00672038388257235 0.0104373377101155 -0.102369017754173 -0.496687449028571
-0.00401824949029248 0.0168916860181154 -0.793584586844494 -0.218250256638672
-0.000995932818011176 0.000421141204828833 -0.500322461623044 0.712447064938419
-0.00459229486170771 -0.0159365535135391 0.410141806166428 0.526902953421742
0.00229442263066601 0.00182348335628375 0.422179383048341 -0.100669671693397
0.00351085279154843 0.0139287393056726 0.0685153159548028 -0.259298811459142
-0.00978938179411304 0.0116856834375188 -0.181073224131141 -0.0731863303401232
-0.00612323276135457 0.00709253731991693 0.13094126927851 0.0434137817428912
0.00146418088888542 0.00631926286583018 -0.0821530621636641 0.171953989136903
0.00876496302608401 3.48308517243816E-05 -0.333956811949886 0.0911775226490428
-0.00781550105367742 -0.0134356404549566 -0.320085120610889 -0.409398436993933
-0.00791241848266251 0.0161690942847245 0.3304561157692 -0.593087207788116
-0.0120182620384033 0.0209699396240707 0.710165272642162 0.0682462893049598
0.00596512977822993 0.0204600119568463 0.286681688151263 0.470714092679458
-0.00236159142162083 0.00258003812506556 0.0805008332144312 0.0356411469101166
-0.00969158508107117 0.00712211746500062 -0.108471313561729 -0.495252656385053
-0.00570150372635201 0.013861817486277 -0.796487373785397 -0.197077044920028
0.000493865783235336 -0.000450290264044132 -0.48212718139183 0.725939923238932
-0.00294281797225641 -0.0146081052834573 0.417680548431465 0.517015002592043
0.00362823866424729 0.00307615475706565 0.422942912588865 -0.109833190925203
0.00486285247843224 0.0128254910029421 0.0693249330732022 -0.258258318237617
-0.00640378950673835 0.0133999125901151 -0.181328111514992 -0.0713801238778182
-0.00201137604155079 0.00829172567452639 0.132106466426186 0.0459015696066668
0.00225279759308831 0.00453509661626642 -0.0833726647747299 0.172905148044787
0.00779423214238532 0.000947248863704776 -0.330350080134593 0.0824822769394113
-0.00373239636450065 -0.011740437162045 -0.307249877587679 -0.422002790461946
-0.006671640815211 0.0132504982098879 0.347624121028688 -0.586530096530801
-0.0135229832819978 0.0165467523693245 0.708656141429036 0.0890031980509201
0.00269522711410116 0.0166184343539218 0.279222800489485 0.478086173732232
-0.00465286179206472 -0.00115840525069826 0.0820913528039046 0.0342638093459328
-0.0116837148254701 0.00411565684439621 -0.115580421236541 -0.494315640041357
-0.00509251110147649 0.00975613471720277 -0.798758547969856 -0.176611182287805
0.00212680976208111 -0.00229871724448753 -0.464684118392633 0.735003878740825
0.000624599321910008 -0.0120018534895651 0.427154242490001 0.502926291161962
0.00350145779935504 0.00409703815343881 0.423870646812842 -0.119202095023622
0.00607546956046401 0.00893544727963692 0.0676361837558885 -0.258581170394203
-0.0016984843968894 0.0146945685812802 -0.178805573983316 -0.0682702873489169
0.00190118306327552 0.00958148201820093 0.133352471576467 0.0487488914616502
0.00242103683593661 0.000519233369268967 -0.0833262571820281 0.175021411803272
0.00583411245901954 0.00206616838539913 -0.329484130867737 0.076757214697864
-0.000950887371127437 -0.00840975855827843 -0.298737685482677 -0.433020255599489
-0.00276906740639034 0.0118624052185482 0.361962630280681 -0.580258807593775
-0.0135856657512969 0.0113966377999441 0.709713642350195 0.104930031236119
0.00107389549096018 0.0135483317421696 0.272533992904626 0.479425000081237
-0.00867897729152206 -0.00223790850746011 0.0833659099780237 0.0313598641383847
-0.0141577272769103 -9.77505165958991E-05 -0.120854991065967 -0.492038877466523
-0.00615463496996221 0.00313781551459955 -0.798395060619029 -0.160522552995596
0.00559177681870843 -0.00465939774565855 -0.449138359662054 0.74291159396567
0.00467286831201958 -0.0100771372338255 0.437316908344858 0.492146167886924
0.00287251843135234 0.00503080640006683 0.425079538840536 -0.127099482890217
0.00591585969318154 0.0054300631748742 0.0693668588797107 -0.256483110398116
0.00297302637665612 0.0140831894651698 -0.176797528850448 -0.0655924509829275
-0.00788366463776535 -0.00813103009315312 0.104078626753085 0.0326618450584812
-0.00197304166776916 -0.000782542355530179 -0.0886167764404649 0.160526590083576
-0.00143741035916131 9.68166500026407E-05 -0.326313980013358 0.100272843689444
-0.0107775916268717 -0.00246543508004202 -0.317575104436081 -0.389263692542045
-0.00267220327741637 0.015707777213913 0.311752509077127 -0.61621631693945
-0.00244370552619323 0.0202843737158105 0.702871125040546 0.00808014057386479
0.00986098923723468 0.0331746337706225 0.293974217487859 0.432405774705288
-0.00572289828254859 0.0231062435888679 0.0682374877963605 0.0217067973439903
-0.00430312023726993 0.0190698393890917 -0.12203360778302 -0.50474683813934
0.00399704139848782 0.0119244670331863 -0.799006965123794 -0.234359605643642
0.00441272226872015 0.000561114337717263 -0.503850085846173 0.689815389252757
-0.00361484798913908 -0.00287931845460958 0.395439193478631 0.535545141034954
-0.00681026363109636 0.00399894988593759 0.409013863009603 -0.0742999485305109
0.000991375483184859 0.00345382721228371 0.0759510940381668 -0.237907041558387
-0.0116147364119688 0.00145767283171752 -0.138569842926271 -0.0437378470402357
-0.00936169313274757 -0.00346064822641793 0.102393797727719 0.0285479193755864
-0.000872604694973208 0.002969986880543 -0.0901353233924963 0.160289188022487
0.000565806836036977 0.000161044095866552 -0.325753397485609 0.105123000405395
-0.0132399602307786 -0.00520228925016188 -0.322648771331283 -0.382952336841246
-0.00416115648917997 0.0177065235116929 0.302960794079261 -0.617734339984994
-0.00227096623703973 0.0233890147825751 0.704038921591057 0.00211540989432953
0.0119116692261563 0.0325378263157091 0.30098968546664 0.43360028937407
-0.00203392887053871 0.0217333444236238 0.0708948224327181 0.0269300196910356
-0.00254286958446336 0.0206208982543318 -0.114116469890512 -0.501427118538668
0.00449144334201257 0.0153392208381382 -0.796921025516442 -0.241137304277412
0.00356448829611471 0.000904140026059539 -0.515852935763341 0.686741074752009
-0.00694706451969986 -0.00685262301066645 0.386765984786758 0.54374963256823
-0.00451220282286263 0.00286666651655651 0.408134155882249 -0.0720553493237644
0.00213931278406537 0.00641645496365073 0.0750234239370947 -0.237467418484023
-0.0132964867703602 0.00509793172178405 -0.142523159130792 -0.0468765493914584
-0.0105944488292609 -0.000972282344901856 0.101022084951831 0.026320640102782
0.000223652576623021 0.00569241771944319 -0.0895346371906456 0.159907764755833
0.00221843972211993 -0.000909575438921471 -0.326950437241595 0.103250788847093
-0.0139291432962761 -0.0071016599152453 -0.327065666505555 -0.381244390197481
-0.00614178696170159 0.0193927068863465 0.296238513446142 -0.614864149226056
-0.00387956943010882 0.0263898895930312 0.70438474530559 0.00501527825548906
0.0120911576558966 0.030601955094047 0.303593571531084 0.436462663194366
5.26081946274405E-05 0.0160815246670076 0.0726438515385542 0.0316457528930113
-0.00349088060044829 0.0166987874935652 -0.109341456423658 -0.497625625771431
0.00255789778759441 0.0170522348118181 -0.791760856322038 -0.239367764869416
0.00230592648661113 0.00198138439935629 -0.521833947973473 0.685996196568023
-0.00688135938017208 -0.00978970719815429 0.384036013958709 0.544378114680321
-0.00254229134322768 0.00138300641301631 0.410325816884007 -0.0692151703747597
0.00196313458806589 0.00954762214069854 0.0757720172361212 -0.236607232316174
-0.013862766342962 0.00805687414605046 -0.143320162804255 -0.0478984350401428
-0.00903535935495019 0.00297914922962914 0.100279968671277 0.0238246592341237
0.000720407142614733 0.00700763493669098 -0.0897309898151523 0.158721714680784
0.00411263679074509 -0.00098866572699071 -0.326522096840716 0.0973074023259087
-0.014036671630322 -0.00943823488902592 -0.32535639506834 -0.388901760609481
-0.00680889136826839 0.0188799925146142 0.304520099325093 -0.607107013626263
-0.00767472085803957 0.0262665503825086 0.709132833831508 0.0203052095324029
0.0100813431784025 0.0274226406828682 0.303449815677022 0.44275283325336
0.000648758471794385 0.00994201847520168 0.0763449042337971 0.0330820185869711
-0.00512874438921766 0.0134399546883809 -0.110653512600938 -0.494692253932804
-0.000451459285716494 0.0165946569470123 -0.792814839849441 -0.227020871957107
0.00105785332110809 0.00206888777362799 -0.512520613962939 0.695483296060003
-0.007992925608404 -0.0118840481399069 0.388020519054173 0.538784739331283
-0.000879143913280496 0.000537337092672018 0.41049586823281 -0.0792070455495481
0.00353750941852849 0.0114552410427885 0.0752836989015178 -0.236931122337456
-0.0114426868392336 0.0112215729822891 -0.145375035529555 -0.0480363647634038
-0.00718243350137403 0.00547746834879423 0.101721554370121 0.0222718803471854
0.00283283120224122 0.00811340072595253 -0.0893139269273456 0.156926001980297
0.00646411192899209 -0.000843390972247021 -0.326013450574282 0.0891046499141602
-0.0114388251849316 -0.0116983116036854 -0.318451852742176 -0.397665558551695
-0.00567624650281589 0.0171418100043493 0.316799664277098 -0.597320723917387
-0.00864524214864226 0.0237334743552716 0.708535765179505 0.0370169444358485
0.00709048715636653 0.0227958929710835 0.299571652039061 0.450194236743533
-5.48784620699758E-05 0.00526844703446913 0.0772518956854608 0.0309596667735889
-0.00685676394484702 0.00914555762429245 -0.114074132476966 -0.493421288983433
-0.00196688030917504 0.0158742550352484 -0.794038637245722 -0.206798532175124
0.000664166241386533 0.00234096377105317 -0.496602287965809 0.708723194370256
-0.00565152262673177 -0.012397556349329 0.396815996619003 0.527146269125277
0.00107042682610822 0.00169937399574092 0.409514692979076 -0.0881113865210783
0.00472716887380827 0.0110009250497779 0.0744774238046952 -0.237558827319196
-0.0086565972876306 0.0133214554464987 -0.145984189573398 -0.0478956419730837
-0.0039390639611166 0.00770481013868869 0.101050823400703 0.0214053243302889
0.00262606716155284 0.00553397212126759 -0.0899729952601118 0.157940895695492
0.00726810969263635 -0.00110695595893659 -0.324097110857469 0.0802132441815009
-0.00966136935859001 -0.0123884764716845 -0.309706146152959 -0.410401771769033
-0.00626334568641071 0.0157003858781232 0.331435076723546 -0.587846380206848
-0.0113099950066745 0.0196291539549295 0.712277580365624 0.060007725484915
0.0051644277725585 0.0182894838511074 0.296925043907963 0.454582592917565
-0.00388985181160122 0.00178976866377826 0.0809572935131834 0.030708251811168
-0.00861826189715349 0.00614109158737289 -0.118964915966097 -0.488801225616427
-0.0033567175092729 0.0127935002735854 -0.796170540271639 -0.187665247869178
0.00136855763594037 0.000528701410541004 -0.477456695652616 0.722227742059871
-0.00370468142705958 -0.0128935115411046 0.407103985546088 0.51477999363407
0.00128639403455942 0.00220029723965536 0.409604600474838 -0.0957557093120772
0.00573606100050353 0.0112659455818593 0.0743310235566334 -0.236441954128213
-0.00375484884198931 0.0146401837741892 -0.14548884229309 -0.0466172712596812
6.48414679378386E-05 0.00833148537395811 0.101181435370632 0.0231384188836365
0.00277245405502123 0.00338562283039729 -0.0876746585049602 0.157778317382403
0.00788380088018744 -0.000430291120436595 -0.320545871096439 0.0711120490298224
-0.00558005806488122 -0.0114823964562658 -0.299080791106476 -0.420828078735734
-0.003940658436582 0.013982460204185 0.34769713852226 -0.578094235255704
-0.0133174985424868 0.0158479980892692 0.713136398015492 0.0785894929374183
0.00247777204551187 0.0152960012472298 0.291434722285033 0.46175230125651
-0.00574714203260882 0.000138004440063097 0.0830028852071518 0.0283306523317296
-0.0125454462202733 0.00284572921037054 -0.124799715260383 -0.486420528557503
-0.00677472429268102 0.00819498095695052 -0.796367788273734 -0.166977138540405
0.00244969568244043 -0.00097690599571302 -0.46089969007527 0.729366780861937
-0.00116913526355566 -0.0115585755022659 0.417098979308721 0.502469140786442
0.00229600350372329 0.00230078192162933 0.411725362063319 -0.107723881556948
0.00614075299000868 0.00861458360546857 0.0735279993307228 -0.238806897396144
-0.000897078190067025 0.0147260913869068 -0.143778431378861 -0.0444735700484269
0.00285517533832959 0.00712942231886787 0.102526415238608 0.0257023669861897
0.00261175918389674 0.000222187087797991 -0.0878019088452816 0.15697538714913
0.00642836071925861 0.00064104496415507 -0.319076526279528 0.064426231472637
-0.00214302858657722 -0.00800000165154041 -0.290161719430346 -0.431359054022678
-0.00314309646548196 0.0118642392790176 0.359677002643559 -0.573075828247355
-0.014490385649106 0.0113858753102296 0.711595222469991 0.0955243421686495
0.000482492183561678 0.0135958341823134 0.285100471414798 0.462699930223608
-0.0100725361217306 -0.00134484546055508 0.0843732508255625 0.0251264562051212
-0.0145338245581305 0.0012869264872113 -0.131063003002854 -0.487401458531532
-0.0061967872616571 0.00512922150419203 -0.797821032191823 -0.15154266908983
0.00337320472865437 -0.00283702545326959 -0.442926321886131 0.737620136992559
0.00308188214230597 -0.00922305343022995 0.426759232620316 0.493031374826848
0.00178715080473392 0.00291663916376199 0.411122122506479 -0.112814917411244
0.00525020830044519 0.00580172456627054 0.0743336417341616 -0.239606045871491
0.00332024948270603 0.0137007162593221 -0.141662076067175 -0.0418907905022445
-0.00671340744591076 -0.0035538459265655 0.058406789371886 0.0213010129408763
-0.00164292327683678 -8.66798717976637E-05 -0.107492998613293 0.148426519840905
0.000399189894785989 0.00151440776824477 -0.31910687559081 0.0828879988977491
-0.00790366631371479 -0.00138659472323772 -0.308908905211366 -0.39910536957083
-0.000350253545462324 0.016229322834194 0.310701995922597 -0.609606220146826
-0.00145532614876446 0.0185970113267456 0.70006110360051 -0.000869427867331068
0.0117309317826707 0.0308344398350093 0.298232912979964 0.414256537405923
-0.00377158998624264 0.0211425827229818 0.068507196166842 0.0209376380461057
-0.00313581120222984 0.0181891274513736 -0.130675523583456 -0.487241817655785
0.00608959051771036 0.0107349357132373 -0.799547184501131 -0.219707468348353
0.00669953297438019 -0.000418700846242368 -0.507456877861072 0.682721177392632
-0.00288018678288702 -0.00135449216309902 0.380930668153213 0.538504658394151
-0.0051270073843314 0.00622096469865612 0.401791225678293 -0.0557399412885743
0.00198625967040292 0.0039076902373474 0.0910921206637236 -0.214854343002364
-0.0106426623275586 0.00684659453257325 -0.0885493977298932 -0.0343986188747151
-0.00849829627245017 -0.00148990420194537 0.0573272405596374 0.019041038306727
-0.00107617020982331 0.00382567388668686 -0.107221666345008 0.14824499977393
5.69000388447186E-05 0.000982005285859786 -0.31850419714183 0.0865112269465835
-0.0104784073650903 -0.00289926762464515 -0.31522437691142 -0.394005901732169
-0.00063351710940996 0.0174852112970804 0.302522583686129 -0.612200878627647
0.000241753863009016 0.0220419134296197 0.703482392637659 -0.00671943511407982
0.0121816639739771 0.0320291343188024 0.306704778739795 0.415130281383409
-0.0019102948092561 0.0202535001357129 0.0691351095552954 0.0256426316102269
-0.00184888607963222 0.0178959917597705 -0.123217774890388 -0.484989356161375
0.00648539537965176 0.0130269271019547 -0.795199546668368 -0.226261374305177
0.00539890250908203 0.00048052981432097 -0.517381344197159 0.67958293028737
-0.00518751055728822 -0.00360479754629021 0.375197246218886 0.546172728144993
-0.00417692110297658 0.00292139345211471 0.403633787482681 -0.0504691745242648
0.00225796342367092 0.00648768484651865 0.0911991138158743 -0.215536981691754
-0.0113345201777363 0.00983885164144844 -0.0906689973943298 -0.0357325619421017
-0.00814826547700918 0.00205029929659731 0.0563486763855043 0.017016873497829
0.000507897498364661 0.00513414099316822 -0.106360345096291 0.148101988189076
0.00138282961345087 -6.33972581891235E-05 -0.317572904749091 0.0866551114137585
-0.0124490819658929 -0.00493505218129108 -0.317235068456565 -0.389638871308248
-0.00207498619845179 0.0190193954492935 0.296641793898075 -0.610267114003158
-0.00275616083851445 0.0218100022820286 0.701593741309417 -0.00615098878082643
0.0114963306170993 0.0274765626151647 0.310533711784966 0.417412173244329
-0.000852063510332563 0.0135596795969682 0.0725785494226801 0.0287891117296175
-0.00256132319509328 0.0144670862285124 -0.11843434040281 -0.483297145277031
0.004338190303521 0.0135730874263041 -0.791706487660119 -0.229775992592698
0.00526440381721694 0.00218733189374622 -0.521231354834676 0.680567870906755
-0.00519609752670266 -0.00767904385402738 0.371627568722745 0.547505184187561
-0.00417248074184186 0.00142806415974841 0.402429835494172 -0.0503764021889705
0.00216306038155031 0.00880382865880468 0.0922519569074464 -0.215328671333129
-0.0108596529390414 0.0127626177213538 -0.0928740734114698 -0.0360347105052045
-0.00605444855414497 0.00528677390886971 0.0547401905255034 0.0140877098354012
0.000847902616685954 0.0056276468559085 -0.105520490767842 0.147054915060297
0.00290255426418177 -0.0013872978758778 -0.319677210842681 0.0800064163825628
-0.0122269714514944 -0.00572374762695247 -0.314373070960612 -0.395776252089759
-0.0025295733389044 0.0196657105206086 0.305414992331688 -0.604902178893985
-0.00539521025989712 0.022167249669173 0.709518379983072 0.00707266392752566
0.00965112925706058 0.0234526619807962 0.311399443895208 0.421576673497983
-0.00165151465356193 0.00781887462343702 0.0745620277418138 0.0288862030505031
-0.00562937492415048 0.0100552976211853 -0.119997875928557 -0.480810608168426
0.00161171728341151 0.0137184494895689 -0.793049311439942 -0.215944580035656
0.00463666115194653 0.00246829988089563 -0.509996372115521 0.688157910430876
-0.00694911287212249 -0.00905495690854375 0.37548629979577 0.539542210575951
-0.00293126585160789 0.000318119712607976 0.403883492415601 -0.0566222733834456
0.00385838427419011 0.00991937594021651 0.0917236433418439 -0.215984746586258
-0.00957941309135576 0.0138989358810273 -0.0936002820256295 -0.0367745594494782
-0.00501977465459645 0.00655801098415532 0.0562560471432531 0.013702904539851
0.000980006496872961 0.00577505837413637 -0.104496391906855 0.145265668523903
0.00449419490710558 -0.0014714885478817 -0.319299907584171 0.0724806332860622
-0.0108776706077446 -0.00768085965569393 -0.306692149433293 -0.403301095173677
-0.00341523892303697 0.0179402184702836 0.319561205126 -0.592981570616844
-0.0074416710939903 0.0208471224097269 0.711398221230685 0.0265224931098502
0.00727647069252726 0.0213522988242691 0.305004239190555 0.428504992964281
-0.00203779237318954 0.00311146552073007 0.0777877102801669 0.0261445842576442
-0.00730005317170537 0.0071552996829643 -0.123324038879599 -0.478652124947211
-0.000753090280293118 0.0133138640916853 -0.79211938579994 -0.195817669956075
0.00311121584966564 0.00148651688570059 -0.493514345818066 0.699144106263368
-0.00558992974056133 -0.00905073083715387 0.387923001024037 0.532542149351613
-0.00169747246159923 0.00112285198272326 0.403290722363456 -0.066136278905254
0.00461398898638419 0.0104339911146667 0.0899178507707931 -0.217065451640262
-0.00662283087401009 0.0150197636037603 -0.093403404978245 -0.0372097525352294
-0.00182054407370233 0.00745764257479233 0.053996783917209 0.0122610978264812
0.00199298662684528 0.00440608792309857 -0.104950773611308 0.144434070743563
0.00448958866233668 -0.00258129045730681 -0.31797238532086 0.0630593431129134
-0.00915920743697871 -0.00988772403649084 -0.29922459384656 -0.414249008937861
-0.00438426687951427 0.0167231329498403 0.334900108286045 -0.584100797107812
-0.0105554936684409 0.0182722497158436 0.714494293543718 0.0463912609876881
0.00539234693237539 0.0175166443429743 0.303263955429903 0.434260699855895
-0.00434196052607932 0.000761524008074505 0.0795672683702184 0.025173322747653
-0.0100421877988648 0.00493170364658042 -0.129192200727757 -0.475444675852125
-0.00242741087500858 0.011576062886831 -0.793881699825165 -0.178554344256828
0.00349940299576602 0.000748288191428997 -0.475733458208648 0.712962427899628
-0.00468596061332763 -0.00989668525458936 0.397180429420692 0.521568746867497
1.22444631306439E-05 0.00113472348290282 0.402358177728499 -0.0763997583789166
0.00546534400211128 0.00807360648180663 0.0902150871655681 -0.219053446551612
-0.00343738287314701 0.0151487529109167 -0.0930345186189869 -0.0353106679596382
0.00173202057277717 0.0069943733422904 0.056355106326245 0.01321720529554
0.00290613760070182 0.00244813477933763 -0.10435839588625 0.142568443728961
0.00643938257295874 -0.000856151766060872 -0.315916033931112 0.0550990218974616
-0.00636696806505777 -0.00834823383176594 -0.288424258051738 -0.425947247518668
-0.00394623027865229 0.0147685807609785 0.351718401189772 -0.573927503521255
-0.0137969337193821 0.014526020552118 0.7148582723597 0.0630727260038268
0.00215243423501601 0.0143336820092343 0.295693398753055 0.437936248585751
-0.0061658690301118 0.000580575868170065 0.0800708387725637 0.0217866965742396
-0.0124389031983385 0.00291920105420852 -0.135677804599645 -0.475909550290263
-0.00498597022627343 0.00834210967773523 -0.792046161256172 -0.157150326407137
0.00380147274842247 -4.15395284110742E-05 -0.455400312811192 0.720143238355103
-0.00181465970295735 -0.00844527474613824 0.40645409874209 0.507968959132199
0.000657890692470553 0.00158485460397399 0.403314448347154 -0.0843151287512525
0.00557157656518976 0.00630316478970554 0.0902891646311046 -0.218899558924163
-0.000166163711968387 0.013431543967241 -0.0899481433662676 -0.0348582585903361
0.00350169853901035 0.00488866891766508 0.0568858238704236 0.014782246237241
0.00125382874121694 -0.000300545979799169 -0.103044998663865 0.142444055323839
0.00457003775694304 -0.00139998409285356 -0.312116549618131 0.0466907984955441
-0.00325584083648163 -0.0060555922981 -0.279720553567567 -0.434146343116732
-0.00397429652689538 0.0127987832129288 0.365373245322852 -0.568349063117464
-0.016220971458019 0.0113772366024152 0.714173129927612 0.082724281093849
0.000116352230298281 0.0151165254536743 0.290480717650633 0.44045019181294
-0.00986660746018877 0.00040477076386175 0.079506828335477 0.0176290308707837
-0.0142436755693771 0.00290779064205035 -0.140921874262895 -0.475826412325789
-0.00694776170296213 0.00525535650908885 -0.797103205480498 -0.143614086656261
0.00350607135078725 -0.00304895923126638 -0.440998492508202 0.728924241657401
0.00100839099440666 -0.007054162256793 0.416978132031296 0.498137737510688
0.00112317806128336 0.00241582580380902 0.40463360768757 -0.0945860011623423
0.0054187044423403 0.00436138924284599 0.0913444064678129 -0.22034137061774
0.00314690827521527 0.0118932953135979 -0.0871940683949433 -0.0336399578884636
-0.00293874211370488 0.00108856856387599 0.0069640997851441 0.0360635518214909
-0.00136400862101212 0.00210941048115076 -0.130209804625943 0.146666775778363
0.00116214725683796 0.00288477357006252 -0.322423136140254 0.06063570099617
-0.00518184715234857 -7.81848662019333E-05 -0.308081900502326 -0.413036088252055
0.00143810674461077 0.0138561909025323 0.309838289109657 -0.60581249629232
-0.00186268438933228 0.0152281504746955 0.695226365255504 -0.00817822693569742
0.0121627001894598 0.0304977047321808 0.300651042076152 0.394787699414561
-0.00409055334484545 0.0200900715227863 0.0663632468769061 0.0209478805816966
-0.00176861800344558 0.0163111463861227 -0.132397968390261 -0.463621115087046
0.00576271514988959 0.00800078941899625 -0.79396505419715 -0.201909228245408
0.0073914215538854 -0.00204231428874652 -0.511727764229487 0.679926698603227
0.000714399652675156 -0.000587621457240044 0.373493185464917 0.549380801336385
-0.00356846947696501 0.00528912150285384 0.407921797640381 -0.033276109089299
0.00202617639470677 0.00440894916853182 0.119496684268079 -0.202207895704021
-0.00676323559851935 0.00925937850183911 -0.0308798573996461 -0.0552226756112552
-0.00388042256879566 0.00272698907521935 0.0063890256979861 0.0344453665306809
-0.00106481848581818 0.00258487583907641 -0.130722117161827 0.147939424141573
0.00127787261530395 0.0012323827902776 -0.322325741362022 0.0659032660152302
-0.00732382535780628 -0.0024170166610939 -0.314132019459456 -0.409468703726368
0.00179876460596271 0.0152141891735981 0.300811967774945 -0.607711229588458
-0.000378862891206498 0.0177085156685168 0.6978928399094 -0.017690703583929
0.0123052353773245 0.0302277207175995 0.304618189000484 0.394485051313207
-0.00316827054823192 0.0194253569150211 0.0681796144223604 0.0232175557834542
-0.0021371515049676 0.0161218924498845 -0.125400109921517 -0.465789555642751
0.00693522100880364 0.00902215491102903 -0.790752224566866 -0.21068666411287
0.00818958878581805 -0.00285385233005269 -0.521692739829304 0.67639517237358
-0.00253249876643485 -0.00276930804597928 0.365631079967174 0.556768940543664
-0.00425047205028757 0.00391706770584461 0.409338755961874 -0.0273566378023864
0.00303477857865644 0.00561461216534346 0.118719408585708 -0.202436224985316
-0.0072281867541954 0.0117174130170751 -0.031726463142981 -0.0554851009670175
-0.00297765014736069 0.00479135511097609 0.00533296585102304 0.0323705017144123
0.000528995065825537 0.00511549128898235 -0.130249043705947 0.147429547716573
0.000624370131408396 0.00150208237839253 -0.322215161007042 0.0660642795941385
-0.00926418339302376 -0.00157519014019416 -0.314239378156882 -0.404450675046893
0.00153163438511981 0.0159053472172824 0.299384187124752 -0.607923029965523
-0.0027399711632039 0.0192361379924254 0.697497683828832 -0.0170393542084102
0.0105109756815377 0.0254829137804961 0.306606955528992 0.39519732934876
-0.00288022540369809 0.0116805128863086 0.0703678136000904 0.02571016797157
-0.00368704252663343 0.0106346923553929 -0.120055819533353 -0.463071329101824
0.00427822595778117 0.00967391445294599 -0.788176060620155 -0.21385144371785
0.00857626237644123 -0.000464165214909955 -0.52487594760614 0.673980374669505
-0.00273115378990656 -0.00460994196524017 0.363583454034843 0.560050636688811
-0.00378794176210262 0.00240588592171005 0.409625457475709 -0.0271370358440463
0.00254395046546862 0.00709474081249012 0.120897190804174 -0.201457023408326
-0.00557137651823849 0.0138326106997971 -0.0330819731624137 -0.0550568427357704
-0.00280644549761262 0.00579834508977949 0.00389364926322255 0.0308299728682158
0.000457928453588787 0.00350939593237641 -0.130837000234416 0.144984982391597
0.00134570137491978 -0.000655263468302777 -0.322159779029165 0.0602854668940705
-0.00949480717205502 -0.00330847937028306 -0.309330762979459 -0.410085365135072
0.000803300554940544 0.0165925756733468 0.31113282516853 -0.602421292171748
-0.00654029028976068 0.0185104275956892 0.703148599279203 -0.00246006623328816
0.0074766977174514 0.0220655282429473 0.307296386697638 0.397909734430153
-0.00423215809057558 0.00572527091849946 0.0711648836110017 0.0243189287937358
-0.00698083896001681 0.00739357427680479 -0.122286326527887 -0.462103333740631
0.0026624298567944 0.00986288020185284 -0.786799276303805 -0.203222605201615
0.00732597210638775 -0.000344990118689876 -0.513520007713873 0.684131199201909
-0.00338561025041653 -0.00533572252691138 0.36890680822265 0.552805634261352
-0.00438150072233802 0.00246283380207303 0.409065299501153 -0.0344322603796344
0.00357006948929841 0.00840034660686483 0.120071062321283 -0.20329534169689
-0.00513035056377653 0.0149041357930191 -0.0354048020019309 -0.0550898458849779
-0.0016091915561995 0.00603110383792399 0.00397181821696467 0.0302178949429518
0.00201423041610856 0.00359653081940661 -0.129676380269443 0.142842746484721
0.00215880258278071 -0.00208181657241503 -0.323139960698372 0.0542560521827406
-0.00965810090357538 -0.004653227817342 -0.30146703142017 -0.417029017173327
-0.000952329156044423 0.016613168700867 0.326256168797496 -0.591321564587092
-0.00961161243426931 0.0182670889498144 0.707385922957319 0.0116985359899175
0.00625529557281818 0.0191378232817705 0.301997654863579 0.402637515961224
-0.00393104660206474 0.00184475914254045 0.0723311329248282 0.0225158793981329
-0.0078558971705919 0.00415109360316373 -0.128012003247079 -0.460682245238502
-0.000637885350730624 0.00930103588256594 -0.787264529352923 -0.183700524903057
0.00620651362859649 0.00124364286499738 -0.494087198532023 0.695774428618473
-0.0038361531318178 -0.00599029492567033 0.38161909061162 0.544911113133924
-0.00394842936735771 0.00230380053521201 0.408873135299537 -0.0419018882447016
0.00472246155382806 0.00901442235205075 0.11910549085201 -0.205781765913541
-0.00408842991526747 0.0154523786124734 -0.0345436444278367 -0.0554288570146984
0.00105224078873495 0.00575430944804792 0.0034030659343692 0.0283475263315415
0.00131867422577757 0.00211928252669539 -0.129298518110542 0.14022582230672
0.0030958819185906 -0.00196247802707465 -0.321463629486979 0.0447377232845964
-0.00847197205266855 -0.00576156311009039 -0.291647510417448 -0.425440241958101
-0.00210760613020154 0.0153838015815433 0.341127191568123 -0.58460854054106
-0.0120768797055352 0.0158417091609321 0.709640259849251 0.0301943799148406
0.00398014116077626 0.0160971492056806 0.298397945421101 0.40629117680262
-0.00482623284781563 0.000760052878009265 0.0733349647967196 0.0189480743082799
-0.00999073937988778 0.00371277656225086 -0.133629985529511 -0.460383940587774
-0.00208571612691479 0.00816893781241426 -0.787161777142717 -0.166272724468533
0.00574690724238063 0.000306074839103744 -0.476626742954639 0.708087725515024
-0.00248855337094129 -0.0063571494559562 0.39170542707218 0.533177524072123
-0.00206481777777688 0.00228100845451819 0.407279802180291 -0.0525652641292355
0.00394006779615549 0.00739214164393803 0.118072658873005 -0.208016154531222
-0.00220130375361508 0.014540307063232 -0.0335953613703758 -0.0560707905174526
0.00217647158066431 0.00474058674477314 0.00396611369476425 0.0278805445956232
0.00136639320724611 0.000737665933423452 -0.129661960443564 0.138816734688815
0.00469161608470119 -0.00277176960696523 -0.32029901094943 0.0344583680560314
-0.00608511409763649 -0.00703670672943788 -0.281302784051445 -0.437027531791729
-0.00209688724783914 0.014468375337238 0.358761608036384 -0.575775073615228
-0.0133850754263028 0.0140830715395842 0.710193270050555 0.047269377123606
0.00154322907383702 0.0156805431683 0.292156739369474 0.411485731425975
-0.00800278901334343 -0.000565975427712057 0.0744694354719433 0.0160051057742731
-0.0117129042993393 0.0023578555161798 -0.140408753121316 -0.458829863425376
-0.00565022330403453 0.00650008791947777 -0.788398519917587 -0.149420266578307
0.00478821026647639 -0.000568478281097133 -0.457695019894245 0.715736171537511
-0.00173377562490851 -0.00597008794537151 0.403476273497062 0.522005813033426
-0.00312414557226948 0.0010496822456124 0.408929190656864 -0.0613598993293241
0.00401981327282368 0.00596981183841647 0.117831778562438 -0.210947971169578
0.000271626774733877 0.0133603631725015 -0.0320754284791357 -0.0560125765017943
0.00356613256510657 0.00266473669348084 0.0060644932975662 0.0295322648142054
-0.000263488794604407 -0.00124654257168255 -0.128005543855639 0.136799370598969
0.00507438899082582 -0.00164480984320888 -0.317802854005956 0.0266557168921712
-0.00406177883651523 -0.00487756243072904 -0.272574337437269 -0.446754324660609
-0.00442463149600672 0.0135647888041031 0.37318877011273 -0.566493535676476
-0.0160392250245367 0.0120016835899538 0.710742523019532 0.0648092768626514
-0.000968750517438877 0.0153111546392803 0.284784152296899 0.415899332175996
-0.00933347977401117 0.00110888514989535 0.0737170722340404 0.0127852362238061
-0.012857233227903 0.0034367899777608 -0.148499904053867 -0.459947428239625
-0.00612660027855265 0.00564369110228668 -0.790722448339502 -0.13358480006552
0.00381508238049276 -0.0019226139237411 -0.44033232405383 0.723260279331257
-0.000198990632767434 -0.0053427739951234 0.411923524338971 0.511801858386418
-0.0011541270574424 0.00298517748480156 0.407642343949243 -0.0704134758567493
0.00435453817619409 0.00404949166989927 0.118913454263279 -0.213966255035449
0.00159527858898646 0.0112539887951249 -0.0301960263162812 -0.0551756431177806
