TRXV5
3
4
4
9
string Extension=J
integer IsArchMeasurement=1
integer IsSpherical=1
string Generator=SPM
string GeneratorVersion=1.3.1 Dev
double ArchRadius=0.449999988079071
integer FrequencyAxisIndex=0
integer AzimuthAxisIndex=1
integer ElevationAxisIndex=2
Frequency
5 136 690000000 960000000 LIN
Azimuth
7 8 0 2.74889357189107 LIN
Elevation
7 15 -2.74889357189107 2.74889357189107 LIN
Polar H Real Part
13
Polar H Imaginary Part
14
Polar V Real Part
13
Polar V Imaginary Part
14
Polar H Magnitude (dB)
12 0xC0000002 0 1
Polar H Phase
7 0xC0000003 0 1
Polar V Magnitude (dB)
12 0xC0000002 2 3
Polar V Phase
7 0xC0000003 2 3
-0.0566215515136719 -0.0670623779296875 0.213592529296875 -0.0086212158203125
-0.0729217529296875 -0.0504226684570312 0.1429443359375 -0.025238037109375
-0.0865478515625 0.00568389892578124 -0.0011892318725586 -0.0149097442626953
-0.0530586242675781 0.0473899841308594 -0.0627899169921875 0.066986083984375
-0.0146331787109375 0.0446624755859375 -0.057159423828125 0.1346435546875
0.0136833190917969 0.0424842834472656 0.000579833984375016 0.224639892578125
0.0304336547851563 0.0417671203613281 0.081878662109375 0.262451171875
0.0204811096191406 0.0382041931152344 0.115768432617187 0.248153686523438
0.0308837890625 0.0394058227539063 0.096710205078125 0.229415893554688
0.0231475830078125 0.0552864074707031 0.040863037109375 0.199691772460938
0.00302886962890625 0.0669822692871094 0.023773193359375 0.121932983398438
-0.029876708984375 0.077117919921875 0.0392951965332031 0.0540313720703125
-0.07904052734375 0.0359039306640625 0.122016906738281 0.0326614379882813
-0.0763092041015625 -0.0135955810546875 0.283233642578125 0.079254150390625
-0.053955078125 -0.0134696960449219 0.36029052734375 0.23590087890625
-0.180435180664063 -0.122756958007812 0.184417724609375 -0.0176544189453125
-0.197311401367188 -0.092864990234375 0.130569458007812 -0.0269622802734375
-0.201614379882813 -0.00622558593750001 0.0165615081787109 -0.0232963562011719
-0.163116455078125 0.07708740234375 -0.0555610656738281 0.0423583984375
-0.0913848876953125 0.111686706542969 -0.0644454956054687 0.105384826660156
-0.0206298828125 0.15167236328125 -0.0165252685546875 0.205780029296875
0.0367431640625 0.15008544921875 0.060089111328125 0.234848022460938
0.0254440307617188 0.136833190917969 0.098907470703125 0.216461181640625
0.0358428955078125 0.1451416015625 0.0848236083984375 0.197799682617188
0.011962890625 0.157928466796875 0.0365447998046875 0.173568725585938
-0.0387420654296875 0.147659301757813 0.0197372436523438 0.0929794311523438
-0.095428466796875 0.143356323242188 0.0398025512695312 0.0276603698730469
-0.172164916992188 0.0680389404296875 0.139945983886719 0.00635528564453125
-0.192840576171875 -0.018402099609375 0.275543212890625 0.0605010986328125
-0.18304443359375 -0.045074462890625 0.338226318359375 0.212921142578125
-0.27978515625 -0.161529541015625 0.117218017578125 -0.0458526611328125
-0.296234130859375 -0.123321533203125 0.0901336669921875 -0.0369415283203125
-0.29278564453125 -0.018798828125 0.0280685424804687 -0.0277175903320313
-0.254470825195312 0.0935821533203125 -0.0364189147949219 0.0144004821777344
-0.16107177734375 0.161590576171875 -0.0545997619628906 0.0609130859375
-0.0584869384765625 0.238677978515625 -0.02532958984375 0.1536865234375
0.034515380859375 0.236602783203125 0.0308685302734375 0.16888427734375
0.0257110595703125 0.214828491210938 0.065277099609375 0.151641845703125
0.039703369140625 0.230026245117187 0.0555038452148438 0.138290405273438
0.00428771972656251 0.242355346679688 0.0231552124023438 0.123641967773438
-0.06890869140625 0.216659545898438 0.0101203918457031 0.0519523620605469
-0.14337158203125 0.2015380859375 0.0353927612304687 0.000278472900390637
-0.24298095703125 0.100860595703125 0.139793395996094 -0.0146713256835937
-0.28424072265625 -0.010894775390625 0.232589721679688 0.0460662841796875
-0.286041259765625 -0.0639648437499999 0.273284912109375 0.180816650390625
-0.3370361328125 -0.1700439453125 0.019195556640625 -0.082855224609375
-0.352691650390625 -0.12689208984375 0.025115966796875 -0.0511283874511719
-0.339324951171875 -0.01641845703125 0.0277996063232422 -0.0285472869873047
-0.301666259765625 0.104400634765625 -0.0125370025634766 -0.0164728164672851
-0.200942993164063 0.18707275390625 -0.0350265502929688 0.00505256652832032
-0.08514404296875 0.287811279296875 -0.0284881591796875 0.0759429931640625
0.026611328125 0.285614013671875 -0.0014801025390625 0.0759963989257813
0.02203369140625 0.260894775390625 0.0203208923339844 0.0639305114746094
0.03558349609375 0.2821044921875 0.0154266357421875 0.0592880249023438
-0.00592041015625003 0.2923583984375 0.000854492187500004 0.0553550720214844
-0.091766357421875 0.255966186523438 -0.00528764724731446 0.00168514251708986
-0.1759033203125 0.232131958007813 0.0260772705078125 -0.0259227752685547
-0.2840576171875 0.11773681640625 0.122520446777344 -0.0249252319335937
-0.334381103515625 -0.004364013671875 0.160568237304687 0.041839599609375
-0.34600830078125 -0.0729370117187499 0.17425537109375 0.14251708984375
-0.344268798828125 -0.145233154296875 -0.0950698852539063 -0.122055053710938
-0.352874755859375 -0.102752685546875 -0.0542640686035157 -0.0661773681640625
-0.325836181640625 -0.00170898437499999 0.0130767822265625 -0.0294456481933594
-0.291290283203125 0.103729248046875 0.0056648254394531 -0.0482635498046875
-0.1995849609375 0.183731079101562 -0.0142250061035156 -0.0539436340332031
-0.093048095703125 0.289215087890625 -0.0304603576660156 -0.0150585174560547
0.016510009765625 0.28948974609375 -0.0343818664550781 -0.0277118682861328
0.0144805908203125 0.26715087890625 -0.0273513793945313 -0.032938003540039
0.024261474609375 0.291900634765625 -0.0284080505371094 -0.0287322998046875
-0.021881103515625 0.2969970703125 -0.0228977203369141 -0.0237846374511719
-0.1085205078125 0.254241943359375 -0.0196456909179688 -0.0512504577636719
-0.188583374023437 0.223220825195313 0.0166168212890625 -0.0502357482910156
-0.28656005859375 0.106201171875 0.0932235717773437 -0.02679443359375
-0.333251953125 -0.00921630859374997 0.0729827880859375 0.04425048828125
-0.3521728515625 -0.07391357421875 0.0602798461914062 0.0999526977539062
-0.294281005859375 -0.09649658203125 -0.204147338867188 -0.15380859375
-0.289398193359375 -0.060791015625 -0.132438659667969 -0.0770721435546875
-0.253387451171875 0.01336669921875 -0.0137596130371094 -0.0308914184570313
-0.226654052734375 0.084136962890625 0.01123046875 -0.0758438110351562
-0.16156005859375 0.1474609375 -0.00112915039062501 -0.103553771972656
-0.0836181640625 0.243804931640625 -0.0337448120117188 -0.101226806640625
0.00544738769531252 0.248321533203125 -0.0648422241210937 -0.12530517578125
0.00526428222656248 0.234085083007813 -0.07061767578125 -0.124526977539062
0.00596618652343751 0.259170532226563 -0.06591796875 -0.114654541015625
-0.03973388671875 0.255783081054688 -0.0377349853515625 -0.101943969726562
-0.116470336914063 0.207611083984375 -0.0241775512695313 -0.0995025634765625
-0.179153442382813 0.171661376953125 0.0122795104980469 -0.0681953430175781
-0.246505737304688 0.0665283203125 0.0607757568359375 -0.0236625671386719
-0.279327392578125 -0.0219879150390625 -0.0152091979980469 0.0433273315429688
-0.3026123046875 -0.066436767578125 -0.0497322082519531 0.0557937622070312
-0.198471069335937 -0.0372314453125 -0.292572021484375 -0.172210693359375
-0.177886962890625 -0.0213775634765625 -0.196090698242188 -0.0816802978515625
-0.143218994140625 0.0134735107421875 -0.0463447570800781 -0.0275115966796875
-0.1322021484375 0.043121337890625 0.0054473876953125 -0.0882339477539063
-0.103866577148437 0.0843734741210937 0.00204467773437499 -0.132308959960938
-0.065032958984375 0.1607666015625 -0.0391845703125 -0.165451049804688
-0.00801086425781249 0.1705322265625 -0.08935546875 -0.200103759765625
-0.00553894042968752 0.16583251953125 -0.10308837890625 -0.197402954101562
-0.01275634765625 0.187469482421875 -0.086334228515625 -0.186752319335938
-0.051025390625 0.174362182617188 -0.0367431640625 -0.167617797851562
-0.103431701660156 0.128189086914063 -0.01318359375 -0.1346435546875
-0.138351440429688 0.0934295654296875 0.0169601440429687 -0.0792160034179688
-0.165115356445313 0.0204010009765625 0.0300464630126953 -0.0201263427734375
-0.182769775390625 -0.028167724609375 -0.0874099731445313 0.03350830078125
-0.209243774414063 -0.04559326171875 -0.138725280761719 0.0114364624023437
-0.0704498291015625 0.020660400390625 -0.347259521484375 -0.17510986328125
-0.0419540405273438 0.00454330444335938 -0.23797607421875 -0.0752105712890625
-0.0237922668457031 -0.0023956298828125 -0.0785980224609375 -0.0136795043945312
-0.0337677001953125 -0.0105705261230469 -0.00650024414062501 -0.0815277099609375
-0.0437126159667969 0.0077972412109375 6.86645507812396E-05 -0.137374877929688
-0.0462493896484375 0.0563774108886719 -0.0452728271484375 -0.2003173828125
-0.0236892700195312 0.06951904296875 -0.104812622070313 -0.242904663085937
-0.0152740478515625 0.0723342895507813 -0.120315551757813 -0.2410888671875
-0.02679443359375 0.086456298828125 -0.0900421142578125 -0.231979370117188
-0.0443840026855469 0.0680122375488281 -0.0210418701171875 -0.209136962890625
-0.0607948303222656 0.03546142578125 0.0076446533203125 -0.1502685546875
-0.0623016357421875 0.0146751403808594 0.02764892578125 -0.079559326171875
-0.0545883178710938 -0.00694274902343751 0.00486373901367187 -0.0177745819091797
-0.0599632263183594 -0.00972366333007812 -0.135116577148438 0.016693115234375
-0.0890731811523437 -0.00546264648437499 -0.194351196289063 -0.0238037109375
-0.0630035400390625 -0.0636215209960937 0.227676391601563 -0.0253448486328125
-0.0781402587890625 -0.0468978881835937 0.15155029296875 -0.037994384765625
-0.0873336791992188 0.0116119384765625 1.9073486328086E-06 -0.0155601501464844
-0.0506324768066406 0.0512847900390625 -0.0589218139648438 0.0761947631835938
-0.0119552612304688 0.0464744567871094 -0.04815673828125 0.146408081054688
0.0174369812011719 0.0417976379394531 0.020263671875 0.235000610351563
0.0336799621582031 0.0405502319335938 0.110183715820312 0.266891479492188
0.024505615234375 0.0375404357910156 0.145675659179688 0.248947143554688
0.0348968505859375 0.0365638732910156 0.1236572265625 0.231964111328125
0.0288543701171875 0.0546340942382812 0.059783935546875 0.207199096679688
0.00886917114257812 0.0686607360839844 0.0340805053710938 0.126762390136719
-0.0228347778320312 0.0816116333007812 0.0442848205566406 0.0544662475585938
-0.0771560668945313 0.0440521240234375 0.129287719726563 0.024444580078125
-0.079742431640625 -0.00627136230468751 0.3016357421875 0.056304931640625
-0.0549507141113281 -0.00751876831054688 0.395904541015625 0.2152099609375
-0.197784423828125 -0.111343383789062 0.197006225585938 -0.0310821533203125
-0.211685180664063 -0.079559326171875 0.139068603515625 -0.0380783081054688
-0.208786010742188 0.00801086425781254 0.017526626586914 -0.0261898040771484
-0.163421630859375 0.0928955078125 -0.0531806945800781 0.0502052307128906
-0.0864639282226562 0.123619079589844 -0.0573577880859375 0.116256713867188
-0.00897216796875 0.158096313476563 0.00314331054687501 0.216659545898437
0.0510711669921875 0.152374267578125 0.0858154296875 0.239608764648438
0.0388412475585938 0.14007568359375 0.124771118164062 0.216537475585938
0.051239013671875 0.147064208984375 0.10784912109375 0.200027465820313
0.0266876220703125 0.163238525390625 0.0548858642578125 0.180450439453125
-0.0272674560546875 0.157730102539063 0.0287628173828125 0.0972976684570313
-0.0857391357421875 0.158599853515625 0.0440330505371094 0.0278587341308594
-0.172439575195313 0.0847930908203125 0.145401000976563 -0.004608154296875
-0.203414916992188 -0.00254821777343748 0.291839599609375 0.037689208984375
-0.19482421875 -0.030303955078125 0.370697021484375 0.1953125
-0.30609130859375 -0.143524169921875 0.123733520507812 -0.0538101196289063
-0.318145751953125 -0.103515625 0.0954132080078125 -0.0440521240234375
-0.30462646484375 0.003204345703125 0.0287799835205078 -0.0318222045898438
-0.257675170898438 0.118759155273437 -0.035552978515625 0.0198860168457031
-0.154754638671875 0.181976318359375 -0.0492706298828125 0.070220947265625
-0.0392303466796875 0.251983642578125 -0.00898742675781251 0.162811279296875
0.0575408935546875 0.242141723632813 0.0501556396484375 0.174087524414063
0.0474090576171875 0.22247314453125 0.0835418701171875 0.151763916015625
0.063446044921875 0.2366943359375 0.0732192993164063 0.139923095703125
0.026763916015625 0.252700805664063 0.0376739501953125 0.129432678222656
-0.053253173828125 0.2327880859375 0.0158500671386719 0.05615234375
-0.132354736328125 0.224258422851562 0.03729248046875 0.000499725341796889
-0.244293212890625 0.125411987304687 0.143524169921875 -0.02728271484375
-0.298004150390625 0.012054443359375 0.246231079101562 0.027923583984375
-0.305267333984375 -0.0411987304687501 0.2982177734375 0.16650390625
-0.368499755859375 -0.14801025390625 0.0178909301757812 -0.0842742919921875
-0.3782958984375 -0.1033935546875 0.0253181457519531 -0.052459716796875
-0.35504150390625 0.00936889648437502 0.0284538269042969 -0.0326175689697266
-0.30731201171875 0.134735107421875 -0.013875961303711 -0.0141000747680664
-0.194305419921875 0.213333129882812 -0.0328159332275391 0.0100364685058594
-0.0623779296875 0.306060791015625 -0.01849365234375 0.0819931030273438
0.05499267578125 0.294036865234375 0.00755310058593751 0.0804290771484375
0.0486297607421875 0.27142333984375 0.0293045043945312 0.0649452209472656
0.0654296875 0.29241943359375 0.024017333984375 0.0605392456054688
0.02154541015625 0.3062744140625 0.00952529907226563 0.0594520568847657
-0.0745086669921875 0.277481079101563 -0.0028371810913086 0.00542354583740236
-0.162948608398438 0.259902954101562 0.0258655548095703 -0.0263671875
-0.285919189453125 0.145965576171875 0.124969482421875 -0.0374679565429687
-0.350616455078125 0.0218505859375 0.170852661132812 0.03045654296875
-0.3701171875 -0.0459899902343749 0.192489624023438 0.135772705078125
-0.373565673828125 -0.12548828125 -0.104255676269531 -0.116569519042969
-0.3779296875 -0.0780029296875 -0.0601234436035157 -0.0616264343261719
-0.340576171875 0.0237731933593751 0.0126800537109375 -0.0324420928955078
-0.297210693359375 0.13482666015625 0.00272750854492186 -0.04901123046875
-0.193634033203125 0.210922241210937 -0.0157279968261719 -0.0538787841796875
-0.0701904296875 0.3095703125 -0.0275421142578125 -0.012887954711914
0.045440673828125 0.2989501953125 -0.0363731384277344 -0.0253143310546875
0.042205810546875 0.279739379882813 -0.0296249389648437 -0.0313701629638672
0.054718017578125 0.304901123046875 -0.0296440124511719 -0.027200698852539
0.00598144531250001 0.314117431640625 -0.0220718383789063 -0.0213661193847656
-0.0924224853515625 0.27734375 -0.0220718383789063 -0.0494232177734375
-0.178741455078125 0.252426147460938 0.0138931274414062 -0.0501861572265625
-0.290435791015625 0.13385009765625 0.0942153930664063 -0.0365142822265625
-0.351226806640625 0.016571044921875 0.079010009765625 0.0410614013671875
-0.377777099609375 -0.0480651855468751 0.0687789916992187 0.101455688476563
-0.318817138671875 -0.079345703125 -0.222335815429688 -0.140640258789062
-0.3094482421875 -0.0400390625 -0.144195556640625 -0.0667572021484375
-0.265426635742188 0.033843994140625 -0.0159702301025391 -0.0316162109375
-0.232940673828125 0.109268188476563 0.00654602050781248 -0.0782394409179687
-0.158279418945312 0.170333862304687 -0.00631713867187502 -0.107666015625
-0.0638580322265625 0.2623291015625 -0.0387954711914063 -0.103187561035156
0.0306396484375 0.258224487304688 -0.0773773193359375 -0.123558044433594
0.0294342041015625 0.245651245117188 -0.0841522216796875 -0.122703552246094
0.0334320068359375 0.272384643554688 -0.0765838623046875 -0.114158630371094
-0.0167236328125 0.273056030273438 -0.0452499389648438 -0.102836608886719
-0.10357666015625 0.229888916015625 -0.0306625366210938 -0.0998077392578125
-0.173171997070312 0.19769287109375 0.00732421874999999 -0.0700340270996094
-0.2523193359375 0.089813232421875 0.0598945617675781 -0.0309677124023437
-0.29669189453125 -0.00183105468750002 -0.0137214660644531 0.0484962463378906
-0.32586669921875 -0.0447998046875001 -0.0507621765136719 0.0638694763183594
-0.211822509765625 -0.025115966796875 -0.31640625 -0.153350830078125
-0.190338134765625 -0.00926208496093753 -0.211196899414063 -0.0667266845703125
-0.150894165039063 0.02532958984375 -0.0501556396484375 -0.0247879028320312
-0.1378173828125 0.0583648681640625 -0.00124359130859375 -0.0918197631835937
-0.103462219238281 0.0993576049804688 -0.00629425048828124 -0.139251708984375
-0.0525054931640625 0.174484252929688 -0.0518798828125 -0.170257568359375
0.0100555419921875 0.178802490234375 -0.11181640625 -0.200119018554688
0.0124053955078125 0.175323486328125 -0.1256103515625 -0.1954345703125
0.00666809082031251 0.199966430664062 -0.10662841796875 -0.187576293945313
-0.0360870361328125 0.189117431640625 -0.05133056640625 -0.1719970703125
-0.0966644287109375 0.146270751953125 -0.0231094360351563 -0.13751220703125
-0.136856079101563 0.113121032714844 0.0121002197265625 -0.0826950073242188
-0.171615600585938 0.036712646484375 0.02813720703125 -0.0250282287597656
-0.196334838867188 -0.015228271484375 -0.0910720825195313 0.0439987182617188
-0.226531982421875 -0.0312957763671875 -0.147705078125 0.0250244140625
-0.0727310180664063 0.024627685546875 -0.375457763671875 -0.154754638671875
-0.0455665588378906 0.00604248046875 -0.255416870117188 -0.05731201171875
-0.0275039672851562 -0.000816345214843755 -0.0819778442382813 -0.00801849365234376
-0.0390510559082031 -0.0072784423828125 -0.0131607055664062 -0.0855865478515625
-0.0465469360351563 0.0135612487792969 -0.00929260253906249 -0.145050048828125
-0.042266845703125 0.0652389526367188 -0.06268310546875 -0.206619262695313
-0.0159683227539062 0.07489013671875 -0.1319580078125 -0.243621826171875
-0.00669860839843749 0.0789031982421875 -0.148406982421875 -0.2391357421875
-0.017852783203125 0.094512939453125 -0.114883422851562 -0.234649658203125
-0.0386199951171875 0.077392578125 -0.0401153564453125 -0.216827392578125
-0.0600166320800781 0.0444297790527344 -0.00292968749999999 -0.156005859375
-0.0644149780273438 0.0237846374511719 0.0223236083984375 -0.0843887329101563
-0.0587196350097656 -0.00208282470703126 0.000783920288085933 -0.0193099975585938
-0.0666122436523438 -0.00619125366210938 -0.142852783203125 0.0300445556640625
-0.0972137451171875 0.0005035400390625 -0.208770751953125 -0.00862121582031251
-0.0666007995605469 -0.0579948425292969 0.23370361328125 -0.0423126220703125
-0.0800323486328125 -0.0418472290039062 0.155227661132813 -0.0506591796875
-0.0858383178710938 0.0160751342773438 0.000828742980957024 -0.0163803100585938
-0.0470848083496094 0.0533370971679688 -0.0521011352539063 0.0820465087890625
-0.00913238525390625 0.0462799072265625 -0.0371246337890625 0.152313232421875
0.0200042724609375 0.03955078125 0.040008544921875 0.236221313476563
0.0359382629394531 0.0375251770019531 0.134811401367188 0.260467529296875
0.0267066955566406 0.03515625 0.169540405273438 0.23797607421875
0.0377655029296875 0.0326423645019531 0.145553588867188 0.22454833984375
0.0335044860839844 0.0520553588867188 0.077484130859375 0.206771850585938
0.0150260925292969 0.0675239562988281 0.0439834594726563 0.127525329589844
-0.0151901245117187 0.0823211669921875 0.048004150390625 0.052520751953125
-0.07257080078125 0.0498199462890625 0.131660461425781 0.0149307250976563
-0.0796127319335938 0.00131225585937501 0.308685302734375 0.030517578125
-0.0531806945800781 -0.00170135498046875 0.41461181640625 0.18603515625
-0.208343505859375 -0.0958099365234375 0.2021484375 -0.045257568359375
-0.217483520507812 -0.063446044921875 0.141525268554688 -0.0480194091796875
-0.208358764648438 0.0216827392578125 0.0179386138916015 -0.0284080505371094
-0.157485961914062 0.10406494140625 -0.0482749938964844 0.0559768676757813
-0.0786895751953125 0.130226135253906 -0.0467987060546875 0.123748779296875
0.003631591796875 0.1583251953125 0.0225830078125 0.217971801757813
0.0634918212890625 0.148239135742188 0.108856201171875 0.2347412109375
0.0510101318359375 0.138153076171875 0.147537231445313 0.2076416015625
0.0646514892578125 0.144119262695313 0.127670288085938 0.19329833984375
0.040771484375 0.162567138671875 0.07196044921875 0.180465698242187
-0.0151214599609375 0.161590576171875 0.0373382568359375 0.0986404418945313
-0.0728912353515625 0.16607666015625 0.046295166015625 0.0274772644042969
-0.1666259765625 0.0975799560546875 0.1461181640625 -0.0164031982421875
-0.205352783203125 0.013031005859375 0.2972412109375 0.014404296875
-0.197418212890625 -0.0134124755859375 0.386444091796875 0.168914794921875
-0.320770263671875 -0.120849609375 0.126907348632812 -0.0615386962890625
-0.327667236328125 -0.0796508789062499 0.0970077514648437 -0.050506591796875
-0.306610107421875 0.02410888671875 0.0280876159667969 -0.0346565246582031
-0.251113891601563 0.1396484375 -0.0327320098876953 0.0246200561523438
-0.142547607421875 0.195449829101562 -0.0419921875 0.0758132934570313
-0.0195465087890625 0.254837036132812 0.00717163085937498 0.164505004882813
0.0777740478515625 0.237716674804688 0.0673675537109375 0.171966552734375
0.068450927734375 0.220733642578125 0.100051879882813 0.14630126953125
0.085784912109375 0.234161376953125 0.087982177734375 0.135238647460938
0.0486297607421875 0.252975463867188 0.0515899658203125 0.129226684570313
-0.0357818603515625 0.2408447265625 0.0225715637207031 0.0576858520507813
-0.11517333984375 0.23773193359375 0.0380363464355469 0.00031661987304689
-0.236312866210938 0.14349365234375 0.142105102539062 -0.0390777587890625
-0.301361083984375 0.034698486328125 0.250152587890625 0.009307861328125
-0.31195068359375 -0.016845703125 0.313262939453125 0.14666748046875
-0.384368896484375 -0.121917724609375 0.0170516967773437 -0.083892822265625
-0.3897705078125 -0.07501220703125 0.0247039794921875 -0.052764892578125
-0.35693359375 0.034881591796875 0.026763916015625 -0.0354423522949219
-0.301025390625 0.160980224609375 -0.0133638381958008 -0.010828971862793
-0.180816650390625 0.231689453125 -0.0292873382568359 0.0142898559570313
-0.0369873046875 0.312469482421875 -0.00749969482421875 0.0830764770507813
0.0802001953125 0.290679931640625 0.0167160034179688 0.0814361572265625
0.073883056640625 0.2713623046875 0.0371971130371094 0.0631484985351563
0.092529296875 0.29083251953125 0.0317955017089844 0.0595245361328125
0.048797607421875 0.308563232421875 0.0176849365234375 0.0599327087402344
-0.0533447265625 0.288055419921875 -0.000214099884033206 0.00775289535522463
-0.143814086914063 0.277816772460938 0.0256824493408203 -0.0256175994873047
-0.277679443359375 0.16729736328125 0.121795654296875 -0.0482025146484375
-0.355682373046875 0.0477294921875 0.174591064453125 0.018768310546875
-0.37908935546875 -0.016387939453125 0.203094482421875 0.124313354492187
-0.38848876953125 -0.099945068359375 -0.1092529296875 -0.10675048828125
-0.3896484375 -0.0504455566406249 -0.0627899169921875 -0.0536766052246094
-0.34381103515625 0.048797607421875 0.0111064910888672 -0.0338802337646484
-0.29205322265625 0.160491943359375 -4.57763671875205E-05 -0.0476188659667969
-0.1807861328125 0.229293823242188 -0.0167350769042969 -0.0522117614746094
-0.044647216796875 0.31829833984375 -0.0237998962402344 -0.0127182006835937
0.0718994140625 0.29669189453125 -0.03656005859375 -0.0212631225585937
0.0685272216796875 0.279830932617188 -0.0309219360351562 -0.0283355712890625
0.083770751953125 0.304290771484375 -0.0309619903564453 -0.0252761840820312
0.03369140625 0.318695068359375 -0.0205879211425781 -0.0191249847412109
-0.0716552734375 0.289825439453125 -0.023162841796875 -0.045623779296875
-0.160125732421875 0.2724609375 0.011932373046875 -0.0489768981933594
-0.28326416015625 0.156768798828125 0.0908279418945312 -0.0452804565429687
-0.356536865234375 0.04205322265625 0.082366943359375 0.0366973876953125
-0.387481689453125 -0.017791748046875 0.07574462890625 0.0996246337890625
-0.331146240234375 -0.0576782226562501 -0.231002807617188 -0.122634887695313
-0.31878662109375 -0.01776123046875 -0.149520874023438 -0.05303955078125
-0.267791748046875 0.0537109375 -0.0182819366455078 -0.0298824310302734
-0.22906494140625 0.130950927734375 0.00141906738281248 -0.078033447265625
-0.147735595703125 0.186767578125 -0.0122756958007813 -0.108421325683594
-0.04248046875 0.2705078125 -0.0433349609375 -0.1025390625
0.0535736083984375 0.2569580078125 -0.087005615234375 -0.11712646484375
0.0538787841796875 0.24688720703125 -0.0940933227539063 -0.11517333984375
0.0595703125 0.274017333984375 -0.0852203369140625 -0.108833312988281
0.00732421875000002 0.2789306640625 -0.0513763427734375 -0.100051879882812
-0.086639404296875 0.242889404296875 -0.0362319946289063 -0.0968475341796875
-0.159042358398437 0.2178955078125 0.00401687622070312 -0.0687141418457031
-0.248397827148437 0.109527587890625 0.0564613342285156 -0.0366058349609375
-0.30364990234375 0.0189208984375 -0.0111274719238281 0.0518569946289062
-0.33642578125 -0.01934814453125 -0.0485382080078125 0.0705413818359375
-0.219085693359375 -0.012298583984375 -0.3280029296875 -0.128662109375
-0.196044921875 0.00331115722656247 -0.218505859375 -0.04827880859375
-0.153640747070313 0.0369110107421875 -0.0521354675292969 -0.0200920104980469
-0.137527465820313 0.0725173950195312 -0.00781250000000002 -0.0920333862304688
-0.0982208251953125 0.111297607421875 -0.0145416259765625 -0.141326904296875
-0.0384979248046875 0.18243408203125 -0.0628509521484375 -0.169662475585938
0.0267486572265625 0.179702758789063 -0.128585815429688 -0.192062377929688
0.0305938720703125 0.177200317382813 -0.1424560546875 -0.185928344726563
0.026824951171875 0.202362060546875 -0.121963500976563 -0.180023193359375
-0.0181121826171875 0.196151733398438 -0.0634765625 -0.170028686523438
-0.0854949951171875 0.15765380859375 -0.0317459106445313 -0.136337280273438
-0.129379272460938 0.128822326660156 0.00644683837890625 -0.0823211669921875
-0.171371459960938 0.049560546875 0.024078369140625 -0.0278415679931641
-0.203659057617188 -0.00181579589843748 -0.0903167724609375 0.0540542602539062
-0.235015869140625 -0.013671875 -0.150100708007813 0.03839111328125
-0.0735626220703125 0.0264663696289062 -0.388458251953125 -0.12603759765625
-0.04852294921875 0.00752639770507812 -0.262283325195313 -0.0370330810546875
-0.0301094055175781 0.00101280212402344 -0.0823822021484375 -0.001617431640625
-0.0421371459960937 -0.00257492065429687 -0.0190658569335937 -0.0856552124023438
-0.0477752685546875 0.0195198059082031 -0.0191497802734375 -0.148269653320313
-0.0366668701171875 0.0710830688476563 -0.0785064697265625 -0.205825805664063
-0.00807952880859374 0.0770721435546875 -0.154205322265625 -0.234725952148437
0.00283050537109376 0.0803909301757813 -0.170639038085938 -0.22833251953125
-0.0066986083984375 0.098541259765625 -0.135986328125 -0.226913452148437
-0.0306777954101562 0.0832977294921875 -0.0570068359375 -0.21673583984375
-0.0563240051269531 0.0520553588867188 -0.013763427734375 -0.156906127929688
-0.0633811950683594 0.0322494506835937 0.01611328125 -0.0861053466796875
-0.0609474182128906 0.00389480590820312 -0.00307655334472657 -0.0202312469482422
-0.0715560913085938 -0.00146484374999999 -0.14447021484375 0.0439605712890625
-0.101730346679687 0.00784301757812502 -0.215438842773438 0.00848388671875
-0.0668525695800781 -0.0529708862304688 0.236358642578125 -0.052886962890625
-0.0796661376953125 -0.0379409790039063 0.156219482421875 -0.0591888427734375
-0.0832138061523438 0.0176315307617187 0.00258731842041015 -0.0172452926635742
-0.0441932678222656 0.0535354614257813 -0.0455245971679687 0.0853042602539063
-0.0079193115234375 0.0455970764160156 -0.028350830078125 0.154037475585938
0.0211639404296875 0.03668212890625 0.0524139404296875 0.233566284179688
0.0366592407226562 0.0352821350097656 0.14990234375 0.251373291015625
0.0274429321289063 0.0331020355224609 0.183761596679688 0.22650146484375
0.0384254455566406 0.0291633605957031 0.158462524414063 0.21673583984375
0.0360450744628906 0.0484657287597656 0.0890960693359375 0.20416259765625
0.0185279846191406 0.0660018920898438 0.0493545532226563 0.126693725585938
-0.00967407226562499 0.0811004638671875 0.0498504638671875 0.0516357421875
-0.0689773559570313 0.0528602600097656 0.13092041015625 0.00860595703125
-0.0773696899414063 0.00656127929687499 0.307403564453125 0.01373291015625
-0.0500144958496094 0.00156021118164062 0.4202880859375 0.1644287109375
-0.210311889648438 -0.0836029052734375 0.204238891601563 -0.05352783203125
-0.218124389648438 -0.0532989501953125 0.14306640625 -0.0549774169921875
-0.204788208007812 0.0289459228515625 0.0184078216552734 -0.0295276641845703
-0.152175903320313 0.1099853515625 -0.0426177978515625 0.0598106384277344
-0.0730056762695312 0.132598876953125 -0.0382308959960938 0.125778198242188
0.010986328125 0.155731201171875 0.0355072021484375 0.216079711914063
0.069976806640625 0.143264770507813 0.122772216796875 0.228012084960937
0.0589141845703125 0.134628295898438 0.159149169921875 0.19732666015625
0.0726165771484375 0.139175415039063 0.1397705078125 0.185699462890625
0.0492706298828125 0.159042358398438 0.083587646484375 0.176971435546875
-0.00695800781250001 0.1627197265625 0.0432052612304688 0.0986251831054688
-0.063934326171875 0.169158935546875 0.0471153259277344 0.0271377563476563
-0.160675048828125 0.104461669921875 0.143341064453125 -0.0230560302734375
-0.204437255859375 0.0234832763671875 0.29644775390625 -0.001556396484375
-0.195556640625 -0.00311279296875 0.392181396484375 0.149688720703125
-0.32525634765625 -0.103515625 0.12896728515625 -0.0651168823242188
-0.3292236328125 -0.0636291503906251 0.0982284545898437 -0.053375244140625
-0.303253173828125 0.035308837890625 0.0279693603515625 -0.035675048828125
-0.244094848632813 0.150436401367188 -0.0294551849365234 0.0280723571777344
-0.133895874023437 0.201187133789063 -0.03533935546875 0.0783615112304688
-0.00671386718750001 0.25372314453125 0.018951416015625 0.16326904296875
0.089752197265625 0.231643676757813 0.0791168212890625 0.168350219726563
0.080047607421875 0.216400146484375 0.109458923339844 0.139381408691406
0.0990753173828125 0.228683471679688 0.0966644287109375 0.130111694335938
0.062164306640625 0.249893188476563 0.0616073608398438 0.1270751953125
-0.023406982421875 0.243194580078125 0.0272483825683594 0.0588150024414063
-0.1019287109375 0.243789672851563 0.0389518737792969 0.00128173828125001
-0.229034423828125 0.153060913085938 0.137939453125 -0.04583740234375
-0.30035400390625 0.047943115234375 0.24951171875 -0.0030059814453125
-0.311279296875 -9.1552734374995E-05 0.31768798828125 0.1337890625
-0.3917236328125 -0.101837158203125 0.0183868408203125 -0.0817413330078125
-0.3924560546875 -0.05694580078125 0.0255508422851562 -0.0512886047363281
-0.354217529296875 0.0491333007812501 0.026336669921875 -0.0358963012695313
-0.293212890625 0.1756591796875 -0.0122594833374024 -0.00794124603271483
-0.169387817382813 0.240524291992188 -0.0250015258789063 0.0157833099365234
-0.021209716796875 0.31231689453125 0.00135040283203124 0.0821990966796875
0.09490966796875 0.28338623046875 0.0238113403320313 0.08123779296875
0.0898284912109375 0.266616821289063 0.0423812866210938 0.0609397888183594
0.11083984375 0.284942626953125 0.0363578796386719 0.05743408203125
0.065704345703125 0.305419921875 0.0240631103515625 0.0594215393066406
-0.0384521484375 0.291412353515625 0.00328445434570312 0.00993537902832033
-0.128997802734375 0.286590576171875 0.0257816314697266 -0.0237102508544922
-0.2689208984375 0.179092407226563 0.11712646484375 -0.0545272827148437
-0.355499267578125 0.06353759765625 0.17431640625 0.0108795166015625
-0.3800048828125 0.00292968749999992 0.206832885742187 0.117294311523438
-0.396148681640625 -0.0787353515625 -0.109199523925781 -0.0986480712890625
-0.391937255859375 -0.0321655273437499 -0.0625572204589844 -0.0476150512695313
-0.3419189453125 0.064178466796875 0.00983619689941404 -0.0329055786132812
-0.285186767578125 0.1767578125 -0.00056457519531252 -0.0448799133300781
-0.169937133789063 0.240249633789063 -0.0159950256347656 -0.0507621765136719
-0.027923583984375 0.318817138671875 -0.0201053619384766 -0.0127506256103515
0.087127685546875 0.2911376953125 -0.0350112915039062 -0.0182247161865234
0.085113525390625 0.276214599609375 -0.0312538146972656 -0.0261802673339844
0.10308837890625 0.300384521484375 -0.0303478240966797 -0.023468017578125
0.051849365234375 0.316986083984375 -0.0186080932617187 -0.0185298919677734
-0.056732177734375 0.2945556640625 -0.0222091674804688 -0.0429801940917969
-0.145294189453125 0.2823486328125 0.0114326477050781 -0.0471458435058594
-0.275787353515625 0.168426513671875 0.08660888671875 -0.0501556396484375
-0.35797119140625 0.057830810546875 0.083160400390625 0.0341110229492188
-0.389617919921875 0.00134277343750003 0.0784988403320312 0.0983810424804688
-0.336029052734375 -0.04364013671875 -0.23211669921875 -0.108932495117188
-0.322052001953125 -0.00283813476562505 -0.149398803710938 -0.0423736572265625
-0.26690673828125 0.065216064453125 -0.0189018249511719 -0.0279674530029297
-0.224746704101563 0.144866943359375 -0.00156402587890626 -0.0760879516601562
-0.139389038085938 0.196487426757812 -0.0142669677734375 -0.107391357421875
-0.027679443359375 0.27294921875 -0.0446090698242188 -0.101982116699219
0.068145751953125 0.25262451171875 -0.0913314819335938 -0.111282348632812
0.069427490234375 0.243377685546875 -0.09893798828125 -0.109046936035156
0.0778656005859375 0.27154541015625 -0.090362548828125 -0.103469848632813
0.0242156982421875 0.278549194335938 -0.0539398193359375 -0.0976333618164062
-0.07366943359375 0.24932861328125 -0.0374755859375 -0.0935211181640625
-0.147491455078125 0.227508544921875 0.00266647338867187 -0.0666770935058593
-0.243362426757813 0.120620727539062 0.0522308349609375 -0.0398368835449219
-0.306396484375 0.03240966796875 -0.00933074951171877 0.0544586181640625
-0.339569091796875 -0.00207519531249998 -0.0471038818359375 0.0752334594726563
-0.222396850585938 -0.00439453125000001 -0.330535888671875 -0.1114501953125
-0.199203491210937 0.011688232421875 -0.219497680664063 -0.034393310546875
-0.154052734375 0.0437469482421875 -0.05206298828125 -0.0167427062988281
-0.136260986328125 0.0810775756835938 -0.0115203857421875 -0.0906906127929688
-0.0938186645507812 0.118881225585938 -0.019775390625 -0.141815185546875
-0.028350830078125 0.185806274414062 -0.069366455078125 -0.167984008789063
0.0372161865234375 0.177459716796875 -0.137359619140625 -0.184066772460938
0.042449951171875 0.175323486328125 -0.15191650390625 -0.175308227539063
0.0412139892578125 0.201705932617188 -0.131332397460938 -0.172683715820312
-0.00578308105468751 0.197952270507813 -0.070892333984375 -0.167098999023438
-0.076629638671875 0.163619995117188 -0.0360565185546875 -0.133438110351562
-0.121841430664063 0.137916564941406 0.00337219238281249 -0.0808029174804688
-0.169891357421875 0.05828857421875 0.0199604034423828 -0.0296421051025391
-0.207260131835938 0.00759887695312503 -0.0889129638671875 0.0606689453125
-0.238632202148438 -0.00137329101562495 -0.150604248046875 0.04718017578125
-0.0746994018554688 0.025970458984375 -0.390899658203125 -0.106231689453125
-0.0521240234375 0.00759124755859376 -0.262603759765625 -0.021881103515625
-0.0322132110595703 0.00249290466308593 -0.0809783935546875 0.0023040771484375
-0.0438957214355469 0.00111007690429688 -0.0229568481445313 -0.0859375
-0.0479583740234375 0.0247840881347656 -0.02545166015625 -0.148666381835938
-0.0322341918945312 0.0750808715820313 -0.0878448486328125 -0.203445434570313
-0.00298309326171875 0.0778350830078125 -0.166732788085938 -0.22528076171875
0.00961303710937499 0.0804672241210938 -0.182510375976563 -0.215606689453125
0.00156402587890625 0.100006103515625 -0.148330688476563 -0.218338012695313
-0.0244979858398438 0.0863037109375 -0.0679168701171875 -0.213882446289063
-0.052947998046875 0.0563087463378906 -0.02032470703125 -0.155059814453125
-0.0609016418457031 0.0381698608398437 0.0121078491210937 -0.0858688354492188
-0.0612449645996094 0.00759124755859375 -0.00718116760253907 -0.0197296142578125
-0.0752944946289063 0.001708984375 -0.144546508789063 0.0532684326171875
-0.104103088378906 0.01275634765625 -0.21795654296875 0.019927978515625
-0.0654258728027344 -0.0500907897949219 0.242568969726563 -0.0578765869140625
-0.0780868530273438 -0.0377426147460938 0.160171508789062 -0.0644073486328125
-0.0822219848632813 0.0167236328125 0.004425048828125 -0.0185756683349609
-0.0437507629394531 0.052642822265625 -0.0423965454101563 0.087127685546875
-0.00806427001953125 0.0444259643554688 -0.02392578125 0.156524658203125
0.0205345153808594 0.0347042083740234 0.0587921142578125 0.235946655273437
0.0368919372558594 0.0338935852050781 0.158721923828125 0.2491455078125
0.0274925231933594 0.0322227478027344 0.192459106445313 0.222671508789063
0.0391731262207031 0.0278472900390625 0.166839599609375 0.215011596679688
0.0376663208007813 0.0473060607910156 0.0963287353515625 0.206466674804687
0.0200271606445312 0.0655670166015625 0.0529632568359375 0.128547668457031
-0.00765228271484375 0.080596923828125 0.0510330200195313 0.0526771545410156
-0.0665092468261719 0.053955078125 0.13128662109375 0.006683349609375
-0.076690673828125 0.00966644287109376 0.3099365234375 0.006500244140625
-0.0477943420410156 0.00257492065429688 0.4259033203125 0.15802001953125
-0.2127685546875 -0.0788421630859375 0.210784912109375 -0.056976318359375
-0.21893310546875 -0.0496673583984375 0.146484375 -0.0584869384765625
-0.20599365234375 0.0298004150390625 0.0195465087890625 -0.030029296875
-0.151779174804687 0.113113403320313 -0.0396537780761719 0.0627403259277344
-0.0714874267578125 0.134712219238281 -0.0339126586914063 0.128456115722656
0.0130767822265625 0.1551513671875 0.0425872802734375 0.217361450195313
0.073211669921875 0.142181396484375 0.131973266601563 0.227096557617188
0.0616989135742188 0.134056091308594 0.167022705078125 0.193832397460938
0.0768508911132813 0.138008117675781 0.147125244140625 0.183929443359375
0.0537261962890625 0.159591674804688 0.0906982421875 0.17889404296875
-0.00325012207031249 0.164840698242188 0.046966552734375 0.101425170898438
-0.0606842041015625 0.171676635742188 0.0489006042480469 0.0290718078613281
-0.159957885742187 0.107223510742188 0.142868041992188 -0.0258026123046875
-0.206619262695312 0.02899169921875 0.298370361328125 -0.007904052734375
-0.195144653320312 0.00166320800781254 0.396881103515625 0.144927978515625
-0.330169677734375 -0.09564208984375 0.134162902832031 -0.0662841796875
-0.333465576171875 -0.0585021972656251 0.101043701171875 -0.0544204711914063
-0.30517578125 0.03814697265625 0.0292472839355469 -0.0354843139648438
-0.2449951171875 0.15692138671875 -0.0262012481689453 0.0308895111083984
-0.131805419921875 0.206497192382813 -0.0312652587890625 0.0801239013671875
-0.00201416015625003 0.25494384765625 0.0264739990234375 0.164154052734375
0.09503173828125 0.230453491210937 0.08636474609375 0.167373657226563
0.087066650390625 0.216278076171875 0.115127563476563 0.13702392578125
0.107696533203125 0.228378295898437 0.102409362792969 0.129585266113281
0.070220947265625 0.251296997070312 0.0679092407226563 0.127853393554688
-0.017822265625 0.248214721679688 0.0310554504394531 0.0611076354980469
-0.0971221923828125 0.249786376953125 0.0410232543945312 0.00338745117187501
-0.229766845703125 0.157562255859375 0.135940551757812 -0.049285888671875
-0.305419921875 0.0548706054687499 0.252029418945313 -0.0081787109375
-0.313720703125 0.00689697265625004 0.322296142578125 0.13134765625
-0.398651123046875 -0.09429931640625 0.0226898193359375 -0.0798492431640625
-0.398040771484375 -0.0482482910156249 0.0278854370117187 -0.0500640869140625
-0.3577880859375 0.0534973144531251 0.0275421142578125 -0.0358963012695313
-0.294036865234375 0.184295654296875 -0.0102519989013672 -0.0054636001586914
-0.167098999023437 0.247543334960938 -0.0213832855224609 0.0173263549804688
-0.01513671875 0.31494140625 0.00681304931640626 0.081756591796875
0.102325439453125 0.283233642578125 0.0288314819335938 0.082061767578125
0.0977783203125 0.266647338867187 0.0453376770019531 0.060333251953125
0.1214599609375 0.28631591796875 0.0395317077636719 0.0578804016113282
0.07550048828125 0.3082275390625 0.0290718078613281 0.0600166320800781
-0.032806396484375 0.2984619140625 0.00666046142578125 0.0112285614013672
-0.124237060546875 0.294342041015625 0.02734375 -0.021921157836914
-0.269699096679688 0.184707641601562 0.115013122558594 -0.0570831298828125
-0.3612060546875 0.0698547363281249 0.176223754882812 0.0080108642578125
-0.38525390625 0.013397216796875 0.211090087890625 0.116775512695313
-0.40380859375 -0.07281494140625 -0.107688903808594 -0.0941009521484375
-0.39996337890625 -0.0240478515625001 -0.0620689392089844 -0.0436439514160156
-0.346466064453125 0.0682983398437499 0.010477066040039 -0.032236099243164
-0.287353515625 0.186187744140625 -0.000469207763671897 -0.042694091796875
-0.168411254882813 0.248123168945312 -0.0137100219726563 -0.0508918762207031
-0.021148681640625 0.322967529296875 -0.0172061920166016 -0.0143108367919922
0.09521484375 0.29083251953125 -0.0329017639160156 -0.0171585083007812
0.0948944091796875 0.277603149414063 -0.0307064056396484 -0.0252342224121094
0.11492919921875 0.30224609375 -0.0303897857666016 -0.0227718353271484
0.062103271484375 0.320281982421875 -0.0163707733154297 -0.0187911987304687
-0.0504150390625 0.302886962890625 -0.0202407836914062 -0.0424156188964844
-0.140533447265625 0.290802001953125 0.0127792358398437 -0.0455322265625
-0.278228759765625 0.173324584960938 0.0835800170898437 -0.0521469116210937
-0.36529541015625 0.064727783203125 0.0849533081054687 0.0351715087890625
-0.394195556640625 0.011077880859375 0.08062744140625 0.100685119628906
-0.344573974609375 -0.0372314453125 -0.232666015625 -0.1025390625
-0.330047607421875 0.00231933593750002 -0.14984130859375 -0.0357208251953125
-0.271438598632813 0.06976318359375 -0.0180587768554688 -0.0263881683349609
-0.226211547851562 0.15264892578125 -0.00192260742187501 -0.0754852294921875
-0.138092041015625 0.204544067382813 -0.014190673828125 -0.109130859375
-0.0216827392578125 0.278213500976563 -0.0443267822265625 -0.103614807128906
0.0747222900390625 0.25439453125 -0.0919723510742188 -0.109909057617188
0.078521728515625 0.245437622070313 -0.10186767578125 -0.105964660644531
0.0894622802734375 0.274002075195313 -0.09320068359375 -0.101600646972656
0.033111572265625 0.283477783203125 -0.0546875 -0.0980606079101563
-0.0691070556640625 0.255874633789063 -0.0369186401367188 -0.0933609008789063
-0.143112182617188 0.235763549804688 0.00284576416015624 -0.0661201477050781
-0.24627685546875 0.12591552734375 0.0486946105957031 -0.0411949157714844
-0.314666748046875 0.0389099121093751 -0.00951385498046877 0.0573387145996094
-0.345245361328125 0.00579833984375003 -0.0474624633789063 0.0794448852539062
-0.229385375976562 -0.00262451171874996 -0.332489013671875 -0.105224609375
-0.205734252929688 0.014862060546875 -0.221878051757812 -0.027862548828125
-0.158248901367188 0.0461578369140625 -0.0522499084472656 -0.0147132873535156
-0.13787841796875 0.0873641967773437 -0.0125274658203125 -0.0905380249023438
-0.0941009521484375 0.125297546386719 -0.0209197998046875 -0.142913818359375
-0.0229034423828125 0.190902709960938 -0.0721282958984375 -0.170547485351563
0.0421142578125 0.179351806640625 -0.141448974609375 -0.18109130859375
0.049652099609375 0.1761474609375 -0.157028198242188 -0.171142578125
0.049957275390625 0.204605102539063 -0.136489868164063 -0.170852661132812
0.00010681152343751 0.202163696289063 -0.074859619140625 -0.167556762695313
-0.0732421875 0.169464111328125 -0.03704833984375 -0.134109497070313
-0.119277954101563 0.145370483398438 0.00355529785156248 -0.0810470581054687
-0.172286987304688 0.0618743896484375 0.0159816741943359 -0.0296764373779297
-0.21417236328125 0.01214599609375 -0.089874267578125 0.0656356811523438
-0.244476318359375 0.00444030761718754 -0.153564453125 0.0526885986328125
-0.0786361694335938 0.0253219604492188 -0.395111083984375 -0.100250244140625
-0.0565986633300781 0.00774002075195312 -0.265838623046875 -0.0154418945312499
-0.0354652404785156 0.00310134887695312 -0.0812454223632813 0.0046539306640625
-0.0469818115234375 0.00405502319335939 -0.0254364013671875 -0.0863800048828125
-0.0493431091308594 0.0287094116210937 -0.0287017822265625 -0.151504516601563
-0.02947998046875 0.079345703125 -0.0936431884765625 -0.2056884765625
0.000381469726562499 0.0795364379882813 -0.173675537109375 -0.222930908203125
0.0137863159179688 0.0809555053710938 -0.189453125 -0.211471557617188
0.00696563720703125 0.102249145507812 -0.155792236328125 -0.216217041015625
-0.0207748413085937 0.0893478393554688 -0.0738372802734375 -0.21441650390625
-0.0517005920410156 0.0601692199707031 -0.0224761962890625 -0.156707763671875
-0.0594978332519531 0.042816162109375 0.0107879638671875 -0.0858383178710937
-0.0633888244628906 0.0101051330566406 -0.00983047485351563 -0.0191459655761719
-0.0806732177734375 0.00366210937499999 -0.146926879882813 0.059234619140625
-0.108345031738281 0.0151824951171875 -0.22265625 0.0257110595703125
-0.06494140625 -0.0505180358886719 0.256668090820312 -0.063720703125
-0.0795135498046875 -0.0391006469726562 0.169723510742188 -0.0703125
-0.0845489501953125 0.0160598754882812 0.00559616088867187 -0.0205326080322266
-0.0451774597167969 0.0538291931152344 -0.039642333984375 0.0903396606445313
-0.00954437255859375 0.0448722839355469 -0.0215911865234375 0.163818359375
0.0203208923339844 0.0342426300048828 0.06549072265625 0.2452392578125
0.0379447937011719 0.0342025756835938 0.170669555664063 0.256484985351563
0.0283889770507812 0.033050537109375 0.204666137695313 0.225540161132812
0.0400466918945313 0.0270233154296875 0.17852783203125 0.2205810546875
0.0395736694335938 0.0472183227539063 0.105224609375 0.21478271484375
0.022430419921875 0.0668182373046875 0.0569229125976563 0.135566711425781
-0.00586700439453125 0.0818023681640625 0.0531044006347656 0.055694580078125
-0.0672073364257813 0.0572891235351562 0.135513305664062 0.00601959228515625
-0.0774459838867188 0.012298583984375 0.32159423828125 -0.000610351562499999
-0.0463943481445313 0.00365829467773437 0.44342041015625 0.158233642578125
-0.220016479492188 -0.076629638671875 0.22393798828125 -0.0606231689453125
-0.22607421875 -0.0501556396484375 0.155258178710938 -0.0622406005859375
-0.212921142578125 0.0299530029296875 0.0218334197998047 -0.031768798828125
-0.156570434570313 0.118698120117188 -0.0373802185058594 0.0658226013183594
-0.0755615234375 0.140022277832031 -0.031494140625 0.133674621582031
0.0149688720703125 0.159210205078125 0.050201416015625 0.2255859375
0.07684326171875 0.146133422851563 0.143096923828125 0.232925415039063
0.0666961669921875 0.139350891113281 0.177597045898438 0.19775390625
0.0831298828125 0.141693115234375 0.157211303710938 0.189361572265625
0.059356689453125 0.164520263671875 0.0992431640625 0.185333251953125
-0.000793457031249986 0.172500610351563 0.0513534545898438 0.1068115234375
-0.059844970703125 0.179412841796875 0.0517921447753906 0.0317802429199219
-0.166336059570313 0.113632202148438 0.145904541015625 -0.0281524658203125
-0.214614868164063 0.033660888671875 0.30975341796875 -0.013763427734375
-0.202056884765625 0.00422668457031254 0.413909912109375 0.146484375
-0.34405517578125 -0.0926513671875001 0.144546508789062 -0.068450927734375
-0.34674072265625 -0.0564270019531249 0.107917785644531 -0.0560302734375
-0.31781005859375 0.040008544921875 0.0322685241699219 -0.0376129150390625
-0.252716064453125 0.166168212890625 -0.0239086151123047 0.0339736938476563
-0.136062622070313 0.216262817382812 -0.0278472900390625 0.08380126953125
0.000152587890625008 0.263748168945313 0.0330657958984375 0.169219970703125
0.101699829101563 0.237518310546875 0.095794677734375 0.172958374023438
0.09454345703125 0.224578857421875 0.123336791992188 0.139572143554688
0.116943359375 0.2354736328125 0.110397338867188 0.133293151855469
0.0787811279296875 0.260833740234375 0.0752487182617187 0.132423400878906
-0.0156402587890625 0.260345458984375 0.0354347229003906 0.06451416015625
-0.096893310546875 0.262680053710938 0.0440292358398437 0.00544357299804689
-0.23828125 0.16607666015625 0.138427734375 -0.0525970458984375
-0.318878173828125 0.06195068359375 0.261993408203125 -0.0118255615234375
-0.325836181640625 0.012451171875 0.336456298828125 0.13433837890625
-0.41729736328125 -0.0899658203125001 0.02862548828125 -0.0804672241210937
-0.415924072265625 -0.044586181640625 0.0314979553222656 -0.0490684509277344
-0.374176025390625 0.0568237304687501 0.0302467346191406 -0.0367355346679687
-0.30450439453125 0.197265625 -0.00772905349731447 -0.00295877456665038
-0.171966552734375 0.260940551757813 -0.0183277130126953 0.018280029296875
-0.010772705078125 0.328094482421875 0.0120697021484375 0.0837249755859375
0.11029052734375 0.292327880859375 0.0352020263671875 0.0846481323242188
0.107955932617188 0.2772216796875 0.0496139526367188 0.0622291564941406
0.134033203125 0.295623779296875 0.0433921813964844 0.0602455139160156
0.085540771484375 0.32049560546875 0.0340080261230469 0.0614166259765625
-0.029937744140625 0.313720703125 0.00899600982666015 0.0123434066772461
-0.1248779296875 0.310272216796875 0.0300445556640625 -0.0212783813476562
-0.281829833984375 0.193939208984375 0.11602783203125 -0.0610275268554687
-0.3792724609375 0.0792541503906249 0.183242797851562 0.00743103027343751
-0.400115966796875 0.0173034667968751 0.219863891601562 0.12213134765625
-0.423797607421875 -0.069091796875 -0.107093811035156 -0.0941543579101562
-0.41839599609375 -0.0196533203124999 -0.0627899169921875 -0.0420455932617188
-0.36212158203125 0.072998046875 0.0121746063232422 -0.0319309234619141
-0.297332763671875 0.19976806640625 0.00198745727539061 -0.0422744750976562
-0.173248291015625 0.263824462890625 -0.011322021484375 -0.0533409118652344
-0.016571044921875 0.338104248046875 -0.0133352279663086 -0.0165004730224609
0.104156494140625 0.30181884765625 -0.0314521789550781 -0.0167694091796875
0.10516357421875 0.28729248046875 -0.0312480926513672 -0.0241889953613281
0.12811279296875 0.31243896484375 -0.0315971374511719 -0.0221080780029297
0.072845458984375 0.334320068359375 -0.0146236419677734 -0.0199432373046875
-0.047607421875 0.31878662109375 -0.0184860229492188 -0.0435943603515625
-0.14202880859375 0.308013916015625 0.0145645141601562 -0.0462417602539062
-0.290008544921875 0.1834716796875 0.0831527709960938 -0.0558853149414062
-0.3851318359375 0.0728454589843749 0.0877761840820312 0.0364227294921875
-0.412445068359375 0.0177001953125001 0.0830841064453125 0.106147766113281
-0.363372802734375 -0.03570556640625 -0.238739013671875 -0.10125732421875
-0.346923828125 0.00796508789062503 -0.15484619140625 -0.0322418212890625
-0.286376953125 0.074981689453125 -0.0185031890869141 -0.0256748199462891
-0.236083984375 0.1656494140625 -0.00135040283203126 -0.0753097534179687
-0.14208984375 0.2176513671875 -0.013427734375 -0.113960266113281
-0.017303466796875 0.29278564453125 -0.0448760986328125 -0.109634399414063
0.08331298828125 0.263687133789063 -0.09527587890625 -0.111656188964844
0.0883941650390625 0.254531860351563 -0.105583190917969 -0.106887817382813
0.10107421875 0.283447265625 -0.0982666015625 -0.103103637695312
0.04217529296875 0.296783447265625 -0.0568161010742188 -0.102256774902344
-0.067138671875 0.271224975585938 -0.0374984741210938 -0.0965957641601562
-0.144805908203125 0.251235961914063 0.00457382202148437 -0.0672988891601562
-0.257888793945313 0.134063720703125 0.0471534729003906 -0.0430641174316406
-0.3336181640625 0.044403076171875 -0.00975799560546877 0.0620384216308594
-0.36248779296875 0.011932373046875 -0.0501861572265625 0.086090087890625
-0.24298095703125 -0.00129699707031247 -0.343719482421875 -0.1038818359375
-0.219146728515625 0.0181884765625 -0.229873657226562 -0.0225677490234375
-0.167556762695313 0.04925537109375 -0.0526123046875 -0.0132827758789063
-0.145233154296875 0.0955963134765625 -0.0138626098632812 -0.0926284790039063
-0.0970840454101562 0.135597229003906 -0.022735595703125 -0.150283813476563
-0.0195770263671875 0.202621459960938 -0.075958251953125 -0.1788330078125
0.0478668212890625 0.1868896484375 -0.149032592773438 -0.185745239257812
0.057098388671875 0.183029174804688 -0.165557861328125 -0.173904418945313
0.0601654052734375 0.21221923828125 -0.145523071289063 -0.173385620117188
0.00643920898437502 0.212493896484375 -0.080169677734375 -0.173614501953125
-0.0731048583984375 0.18096923828125 -0.0393142700195313 -0.139923095703125
-0.121246337890625 0.15643310546875 0.00348663330078124 -0.08367919921875
-0.181442260742187 0.06695556640625 0.0141773223876953 -0.0301132202148437
-0.228622436523438 0.01629638671875 -0.0943450927734375 0.0721206665039063
-0.257171630859375 0.00827026367187499 -0.161712646484375 0.0588531494140625
-0.0862884521484375 0.0255966186523437 -0.40966796875 -0.100006103515625
-0.0640029907226562 0.00814819335937499 -0.275604248046875 -0.00961303710937499
-0.0393257141113281 0.00318527221679687 -0.0836715698242188 0.00615692138671874
-0.0512847900390625 0.00590896606445313 -0.0268783569335937 -0.089752197265625
-0.0516242980957031 0.0343551635742188 -0.0319976806640625 -0.158294677734375
-0.0276336669921875 0.0861434936523438 -0.100845336914062 -0.21502685546875
0.0021514892578125 0.0838241577148438 -0.184646606445313 -0.228744506835938
0.0179367065429687 0.08416748046875 -0.200424194335938 -0.214614868164062
0.01275634765625 0.106742858886719 -0.16583251953125 -0.2200927734375
-0.0178756713867187 0.0960159301757813 -0.08154296875 -0.222824096679687
-0.0520172119140625 0.0658950805664062 -0.0252685546875 -0.163375854492188
-0.0604362487792969 0.0482292175292969 0.0105819702148437 -0.0890350341796875
-0.0675468444824219 0.0125312805175781 -0.0133724212646484 -0.0176143646240234
-0.0882644653320313 0.00645446777343749 -0.154281616210937 0.0666656494140625
-0.114967346191406 0.0182571411132813 -0.2342529296875 0.031341552734375
-0.0662460327148438 -0.0512046813964844 0.2777099609375 -0.0763092041015625
-0.0835952758789063 -0.0413131713867187 0.182174682617188 -0.082183837890625
-0.0888671875 0.0170135498046875 0.00817108154296874 -0.0238246917724609
-0.0465011596679688 0.0569839477539062 -0.0367202758789063 0.0968017578125
-0.010162353515625 0.0463981628417969 -0.0171661376953125 0.175323486328125
0.0198535919189453 0.0343360900878906 0.080078125 0.260894775390625
0.0400962829589844 0.0341033935546875 0.19293212890625 0.266357421875
0.0299091339111328 0.0334415435791016 0.226394653320313 0.231903076171875
0.0424613952636719 0.0258979797363281 0.198959350585937 0.228561401367188
0.0435142517089844 0.0476799011230469 0.12103271484375 0.227325439453125
0.0267372131347656 0.0698776245117188 0.065338134765625 0.145339965820313
-0.00319671630859375 0.0864791870117188 0.0577316284179687 0.060272216796875
-0.0685768127441406 0.0624465942382813 0.143875122070313 0.0030670166015625
-0.0804595947265625 0.0157699584960938 0.34161376953125 -0.01275634765625
-0.0469322204589844 0.00574874877929688 0.47613525390625 0.1571044921875
-0.233352661132812 -0.0742340087890625 0.243408203125 -0.0706787109375
-0.241363525390625 -0.0467987060546875 0.167617797851562 -0.0714111328125
-0.227005004882812 0.034912109375 0.0246009826660156 -0.0356979370117188
-0.164215087890625 0.130355834960938 -0.0343093872070313 0.0709686279296875
-0.0778350830078125 0.1507568359375 -0.0272369384765625 0.143890380859375
0.0180816650390625 0.168228149414062 0.064239501953125 0.2393798828125
0.0858001708984375 0.1524658203125 0.163925170898438 0.242965698242188
0.0758514404296875 0.146392822265625 0.197677612304688 0.20263671875
0.0937042236328125 0.147506713867188 0.176223754882813 0.197296142578125
0.069580078125 0.172821044921875 0.11431884765625 0.195236206054688
0.00514221191406248 0.1846923828125 0.0597991943359375 0.114700317382813
-0.058074951171875 0.193084716796875 0.0574150085449219 0.0347213745117188
-0.173965454101563 0.125473022460937 0.153610229492187 -0.0337982177734375
-0.228836059570313 0.0438232421875 0.32904052734375 -0.0255126953125
-0.214035034179688 0.0120697021484375 0.4464111328125 0.146392822265625
-0.36810302734375 -0.087860107421875 0.158493041992187 -0.0757904052734375
-0.370574951171875 -0.049591064453125 0.117500305175781 -0.0614013671875
-0.33941650390625 0.04876708984375 0.035614013671875 -0.0413551330566406
-0.265106201171875 0.18487548828125 -0.0209808349609375 0.0376052856445313
-0.140090942382813 0.234848022460938 -0.0233535766601562 0.0897979736328125
0.00796508789062497 0.280288696289063 0.04498291015625 0.178085327148438
0.115081787109375 0.249267578125 0.111572265625 0.180694580078125
0.109451293945313 0.2364501953125 0.137176513671875 0.144302368164063
0.134567260742188 0.24658203125 0.123153686523438 0.139442443847656
0.0942535400390625 0.275772094726563 0.0872268676757812 0.138778686523438
-0.00744628906250001 0.28070068359375 0.0426254272460938 0.0693168640136719
-0.095062255859375 0.284698486328125 0.0488014221191406 0.00674438476562502
-0.25177001953125 0.184555053710938 0.143218994140625 -0.05926513671875
-0.3424072265625 0.0771484375 0.277603149414063 -0.0216522216796875
-0.34710693359375 0.0233764648437499 0.363372802734375 0.13568115234375
-0.447509765625 -0.0814208984375001 0.0348968505859375 -0.084625244140625
-0.44683837890625 -0.0341186523437501 0.0358924865722656 -0.0505256652832031
-0.4005126953125 0.0681152343749999 0.0334091186523437 -0.0389213562011719
-0.319915771484375 0.220794677734375 -0.0047426223754883 -0.000932216644287096
-0.17718505859375 0.28497314453125 -0.0152397155761719 0.0188636779785156
-0.00186157226562504 0.3504638671875 0.020477294921875 0.0868377685546875
0.126983642578125 0.308868408203125 0.0442581176757813 0.08807373046875
0.126800537109375 0.29278564453125 0.056365966796875 0.0648231506347656
0.156097412109375 0.31024169921875 0.0496025085449219 0.0638389587402344
0.10467529296875 0.34063720703125 0.0403480529785156 0.0637702941894532
-0.020782470703125 0.33905029296875 0.0133695602416992 0.0145320892333985
-0.122955322265625 0.33734130859375 0.0338726043701172 -0.0210838317871094
-0.298431396484375 0.216064453125 0.118675231933594 -0.0675125122070312
-0.40771484375 0.0975646972656249 0.195297241210937 0.00273132324218751
-0.428131103515625 0.0331420898437499 0.238632202148437 0.126922607421875
-0.45703125 -0.0595397949218749 -0.110282897949219 -0.0946578979492188
-0.45208740234375 -0.00582885742187493 -0.0650291442871094 -0.0381813049316406
-0.389923095703125 0.0862731933593749 0.0147609710693359 -0.0327873229980469
-0.31439208984375 0.225189208984375 0.00363922119140623 -0.0422477722167969
-0.177520751953125 0.290008544921875 -0.0102882385253906 -0.0577201843261718
-0.006195068359375 0.36297607421875 -0.0114326477050781 -0.0197601318359375
0.12158203125 0.319366455078125 -0.030181884765625 -0.0170135498046875
0.125091552734375 0.3038330078125 -0.0321712493896484 -0.023590087890625
0.151580810546875 0.32952880859375 -0.0328693389892578 -0.020578384399414
0.091949462890625 0.356201171875 -0.0151100158691406 -0.021432876586914
-0.03985595703125 0.34600830078125 -0.0185966491699219 -0.0457229614257812
-0.14111328125 0.337066650390625 0.016998291015625 -0.0482063293457031
-0.307708740234375 0.204864501953125 0.0839691162109375 -0.0606460571289062
-0.414825439453125 0.09173583984375 0.0948410034179687 0.0382308959960938
-0.441619873046875 0.0328674316406251 0.0922012329101562 0.114845275878906
-0.391937255859375 -0.025421142578125 -0.25213623046875 -0.099761962890625
-0.376678466796875 0.0205688476562501 -0.164718627929688 -0.0251617431640625
-0.3079833984375 0.0871887207031249 -0.0176639556884766 -0.0237998962402344
-0.249404907226563 0.187255859375 -0.00135040283203127 -0.0774917602539063
-0.146377563476563 0.2415771484375 -0.0151824951171875 -0.123466491699219
-0.00656127929687502 0.31475830078125 -0.0486297607421875 -0.118293762207031
0.09844970703125 0.280227661132813 -0.102531433105469 -0.116500854492187
0.105438232421875 0.269607543945313 -0.114967346191406 -0.108963012695312
0.122222900390625 0.299407958984375 -0.107063293457031 -0.104698181152344
0.058563232421875 0.317474365234375 -0.0640182495117188 -0.10791015625
-0.062591552734375 0.29486083984375 -0.0413589477539063 -0.102729797363281
-0.146408081054687 0.276870727539063 0.00472259521484374 -0.0714340209960938
-0.274398803710938 0.151596069335937 0.046142578125 -0.0464134216308594
-0.36004638671875 0.06103515625 -0.0076560974121094 0.0691947937011719
-0.38800048828125 0.0248107910156251 -0.0522079467773438 0.0965347290039063
-0.263916015625 0.00646972656250001 -0.366607666015625 -0.099761962890625
-0.240081787109375 0.027618408203125 -0.24505615234375 -0.012786865234375
-0.182937622070313 0.0576019287109375 -0.0552635192871094 -0.0107078552246094
-0.155929565429688 0.109420776367187 -0.0161895751953125 -0.096405029296875
-0.099945068359375 0.15228271484375 -0.027862548828125 -0.161865234375
-0.0111236572265625 0.219451904296875 -0.0861663818359375 -0.19085693359375
0.059173583984375 0.199264526367188 -0.16436767578125 -0.193359375
0.070465087890625 0.194244384765625 -0.180389404296875 -0.177658081054688
0.074920654296875 0.224716186523438 -0.160537719726563 -0.177719116210938
0.017608642578125 0.228759765625 -0.0919952392578125 -0.183273315429687
-0.0719451904296875 0.198135375976563 -0.0448760986328125 -0.148529052734375
-0.1234130859375 0.173751831054688 0.00188446044921874 -0.0883255004882812
-0.1943359375 0.0784912109375 0.0112590789794922 -0.0315876007080078
-0.249618530273437 0.0264892578125 -0.0984954833984375 0.0830612182617187
-0.277664184570313 0.01788330078125 -0.17333984375 0.0707550048828125
-0.0956573486328125 0.0283203125 -0.437957763671875 -0.093902587890625
-0.0725250244140625 0.0111007690429687 -0.295745849609375 -0.000152587890625062
-0.0455665588378906 0.00441360473632813 -0.0874176025390625 0.0106277465820312
-0.0580177307128906 0.00998306274414063 -0.0308380126953125 -0.0947036743164062
-0.0547714233398438 0.0413169860839844 -0.038299560546875 -0.170608520507813
-0.0237884521484375 0.0961532592773438 -0.115707397460938 -0.228240966796875
0.00714874267578124 0.0909652709960937 -0.205841064453125 -0.237823486328125
0.0235824584960938 0.0897064208984375 -0.2203369140625 -0.219635009765625
0.020599365234375 0.114334106445313 -0.184783935546875 -0.227432250976563
-0.0134124755859375 0.104278564453125 -0.09625244140625 -0.235092163085938
-0.0532379150390625 0.0745773315429688 -0.03216552734375 -0.174072265625
-0.0621490478515625 0.0555458068847656 0.00838470458984374 -0.0954513549804687
-0.0739898681640625 0.0177001953125 -0.0177936553955078 -0.0175075531005859
-0.0987548828125 0.01129150390625 -0.16400146484375 0.0793609619140625
-0.126113891601563 0.0238571166992188 -0.253372192382812 0.04205322265625
-0.0700912475585937 -0.0506095886230469 0.29852294921875 -0.102874755859375
-0.0893783569335938 -0.0408096313476562 0.192794799804687 -0.10235595703125
-0.0941390991210938 0.02032470703125 0.00844001770019531 -0.0281162261962891
-0.0461692810058594 0.0626182556152344 -0.0311050415039063 0.10443115234375
-0.0101737976074219 0.0493659973144531 -0.00532531738281249 0.189727783203125
0.0200481414794922 0.0339508056640625 0.106536865234375 0.274520874023438
0.0432014465332031 0.0328903198242188 0.2269287109375 0.270736694335938
0.0326862335205078 0.0332603454589844 0.258895874023438 0.230514526367187
0.0453338623046875 0.0225639343261719 0.230743408203125 0.231292724609375
0.0494461059570313 0.0461502075195312 0.147750854492188 0.236953735351563
0.0335693359375 0.07208251953125 0.081146240234375 0.15423583984375
0.00290679931640625 0.0911407470703125 0.0657539367675781 0.0619163513183594
-0.0680389404296875 0.0718154907226563 0.152923583984375 -0.0053253173828125
-0.0827102661132813 0.0232925415039062 0.36297607421875 -0.0399169921875
-0.047149658203125 0.00909805297851563 0.519287109375 0.13641357421875
-0.251678466796875 -0.0642089843750001 0.262924194335938 -0.0935516357421875
-0.260345458984375 -0.035491943359375 0.179443359375 -0.0882568359375
-0.241973876953125 0.0499267578125 0.026214599609375 -0.0414161682128906
-0.166732788085938 0.148880004882812 -0.0289688110351563 0.0786895751953125
-0.0751800537109375 0.16619873046875 -0.01617431640625 0.155532836914062
0.0287933349609375 0.178695678710937 0.08953857421875 0.251419067382813
0.1009521484375 0.155975341796875 0.195541381835938 0.247314453125
0.0917205810546875 0.150131225585937 0.226318359375 0.203033447265625
0.1094970703125 0.149887084960938 0.20538330078125 0.199615478515625
0.0882720947265625 0.17901611328125 0.1387939453125 0.2027587890625
0.019561767578125 0.19854736328125 0.0743942260742188 0.120262145996094
-0.0477752685546875 0.211456298828125 0.065185546875 0.0356216430664063
-0.177947998046875 0.146499633789062 0.159072875976563 -0.045257568359375
-0.242874145507813 0.0632476806640625 0.3505859375 -0.0523681640625
-0.226608276367188 0.0271453857421876 0.488006591796875 0.12823486328125
-0.397735595703125 -0.0697631835937501 0.173980712890625 -0.090972900390625
-0.400970458984375 -0.027740478515625 0.127593994140625 -0.0722427368164062
-0.3629150390625 0.0714111328124999 0.0374908447265625 -0.04632568359375
-0.27276611328125 0.215560913085938 -0.0163230895996094 0.042572021484375
-0.134750366210938 0.262603759765625 -0.0163345336914063 0.0966033935546875
0.025421142578125 0.30047607421875 0.0643463134765625 0.186721801757813
0.140243530273438 0.259597778320313 0.135635375976563 0.18438720703125
0.135848999023437 0.246337890625 0.15814208984375 0.145263671875
0.163253784179688 0.254837036132813 0.144317626953125 0.141708374023438
0.12237548828125 0.287872314453125 0.105209350585938 0.143829345703125
0.0128173828125 0.30303955078125 0.0527267456054688 0.0732574462890625
-0.081939697265625 0.313018798828125 0.0552635192871094 0.00558090209960939
-0.260665893554688 0.214263916015625 0.147109985351562 -0.0716552734375
-0.364654541015625 0.10699462890625 0.295379638671875 -0.04248046875
-0.3702392578125 0.050567626953125 0.39935302734375 0.124176025390625
-0.48468017578125 -0.0593261718749999 0.0401382446289062 -0.0909652709960938
-0.483245849609375 -0.00588989257812503 0.0399360656738281 -0.0537338256835938
-0.429412841796875 0.0981140136718749 0.0364952087402343 -0.0439872741699219
-0.330230712890625 0.26055908203125 -0.000748574733734151 0.000792026519775407
-0.1722412109375 0.320526123046875 -0.0116443634033203 0.0192279815673828
0.021392822265625 0.376373291015625 0.0325393676757812 0.0882568359375
0.156982421875 0.32293701171875 0.057586669921875 0.0912017822265625
0.158905029296875 0.304962158203125 0.0677070617675781 0.0659446716308594
0.193206787109375 0.320953369140625 0.0596656799316406 0.0673027038574219
0.138092041015625 0.358917236328125 0.0488777160644531 0.0655403137207031
0.00274658203124999 0.368621826171875 0.018463134765625 0.0148086547851563
-0.107208251953125 0.3741455078125 0.0373001098632812 -0.0233535766601562
-0.309600830078125 0.251922607421875 0.119224548339844 -0.077728271484375
-0.435028076171875 0.13336181640625 0.209243774414063 -0.00967407226562499
-0.457672119140625 0.065521240234375 0.264907836914062 0.123184204101562
-0.49603271484375 -0.03326416015625 -0.115768432617188 -0.0922012329101562
-0.488037109375 0.0272827148437501 -0.0683441162109375 -0.0321273803710938
-0.419677734375 0.11724853515625 0.0182533264160156 -0.0350227355957031
-0.32403564453125 0.266021728515625 0.0059852600097656 -0.0427780151367187
-0.171783447265625 0.326446533203125 -0.0135078430175781 -0.0635185241699219
0.019561767578125 0.390899658203125 -0.00930023193359375 -0.0243492126464844
0.1531982421875 0.335235595703125 -0.0303573608398437 -0.0173244476318359
0.158966064453125 0.31805419921875 -0.0328483581542969 -0.0224552154541015
0.19024658203125 0.343475341796875 -0.0350608825683594 -0.0178890228271484
0.126953125 0.37701416015625 -0.0168781280517578 -0.0223388671875
-0.017425537109375 0.377838134765625 -0.0200729370117188 -0.0471343994140625
-0.127197265625 0.374298095703125 0.017303466796875 -0.0518379211425781
-0.321685791015625 0.242340087890625 0.0823593139648437 -0.0688629150390625
-0.443603515625 0.12841796875 0.104263305664062 0.0368118286132813
-0.472442626953125 0.0658874511718749 0.106239318847656 0.120819091796875
-0.42742919921875 -0.00140380859374993 -0.27032470703125 -0.0872650146484375
-0.407501220703125 0.0507507324218751 -0.174301147460938 -0.011260986328125
-0.332275390625 0.11376953125 -0.0172843933105469 -0.0233955383300781
-0.258529663085938 0.2232666015625 -0.00214385986328126 -0.0810775756835938
-0.141952514648438 0.273712158203125 -0.0224761962890625 -0.132606506347656
0.016845703125 0.3402099609375 -0.0572586059570312 -0.127128601074219
0.12701416015625 0.295257568359375 -0.115989685058594 -0.118560791015625
0.134872436523438 0.281036376953125 -0.128273010253906 -0.107406616210938
0.157196044921875 0.312103271484375 -0.119743347167969 -0.102119445800781
0.089080810546875 0.337677001953125 -0.0760116577148437 -0.111259460449219
-0.045379638671875 0.32568359375 -0.0488510131835937 -0.108078002929688
-0.13494873046875 0.310546875 0.001861572265625 -0.0765457153320312
-0.289337158203125 0.18121337890625 0.0425186157226562 -0.0518074035644531
-0.388092041015625 0.09124755859375 -0.00438690185546878 0.0766143798828125
-0.4180908203125 0.0542602539062501 -0.0497283935546875 0.110260009765625
-0.287628173828125 0.02447509765625 -0.394439697265625 -0.081817626953125
-0.260284423828125 0.0472412109375 -0.261947631835938 0.00744628906249999
-0.199203491210938 0.0755157470703125 -0.0572586059570313 -0.00603103637695313
-0.16290283203125 0.132736206054688 -0.021087646484375 -0.101875305175781
-0.09814453125 0.17413330078125 -0.039276123046875 -0.174407958984375
0.00582885742187502 0.239120483398438 -0.105117797851562 -0.201934814453125
0.0793304443359375 0.212417602539062 -0.188247680664063 -0.195846557617187
0.091400146484375 0.203475952148438 -0.203628540039062 -0.176376342773438
0.1004638671875 0.236236572265625 -0.183914184570312 -0.177413940429688
0.0391845703125 0.246368408203125 -0.11175537109375 -0.189804077148437
-0.0616455078125 0.221176147460938 -0.0578460693359375 -0.157272338867188
-0.1187744140625 0.197418212890625 -0.00212097167968751 -0.095062255859375
-0.206756591796875 0.0987396240234375 0.00678253173828123 -0.0336418151855469
-0.270767211914063 0.0489959716796875 -0.0998077392578125 0.0988006591796875
-0.29998779296875 0.03851318359375 -0.181671142578125 0.0905609130859375
-0.10528564453125 0.036407470703125 -0.474517822265625 -0.070892333984375
-0.0821304321289063 0.0182418823242187 -0.317413330078125 0.022674560546875
-0.0534324645996094 0.00894546508789063 -0.0907821655273438 0.0183334350585937
-0.0650825500488281 0.0180130004882812 -0.0390090942382813 -0.0993881225585938
-0.0564117431640625 0.0519256591796875 -0.053253173828125 -0.183029174804688
-0.0157546997070312 0.107223510742188 -0.14178466796875 -0.238876342773438
0.014892578125 0.0991592407226563 -0.237396240234375 -0.240493774414062
0.0331192016601563 0.0946426391601563 -0.250152587890625 -0.218368530273437
0.0340957641601563 0.121139526367187 -0.213714599609375 -0.229339599609375
-0.00225830078125 0.115203857421875 -0.12109375 -0.245132446289063
-0.0510025024414063 0.0859603881835938 -0.046905517578125 -0.1856689453125
-0.061187744140625 0.0671424865722656 0.00346374511718749 -0.101974487304688
-0.07977294921875 0.0263748168945313 -0.0226306915283203 -0.01531982421875
-0.109214782714844 0.0222930908203125 -0.1708984375 0.099761962890625
-0.136611938476563 0.0347976684570313 -0.27276611328125 0.0641937255859375
-0.0741424560546875 -0.0478363037109375 0.30596923828125 -0.13934326171875
-0.0944747924804688 -0.0368499755859375 0.196640014648438 -0.128372192382813
-0.0959396362304688 0.0273895263671875 0.0068206787109375 -0.0324249267578125
-0.043365478515625 0.0676536560058594 -0.0203628540039063 0.111228942871094
-0.0086517333984375 0.0521926879882813 0.0135955810546875 0.198684692382812
0.0205192565917969 0.0335712432861328 0.140350341796875 0.277618408203125
0.045654296875 0.0296478271484375 0.26580810546875 0.2574462890625
0.0349235534667969 0.0324478149414063 0.292877197265625 0.214263916015625
0.0473213195800781 0.0174293518066406 0.266326904296875 0.219955444335938
0.0556526184082031 0.0406723022460938 0.17938232421875 0.235626220703125
0.0433120727539063 0.0689506530761719 0.099884033203125 0.154830932617188
0.0117111206054688 0.0928802490234375 0.0758895874023438 0.0608749389648438
-0.0628585815429687 0.081512451171875 0.1583251953125 -0.0203704833984375
-0.0803298950195312 0.0325469970703125 0.372589111328125 -0.0780029296875
-0.0446586608886719 0.0136222839355469 0.5565185546875 0.092681884765625
-0.265396118164063 -0.0446014404296875 0.2738037109375 -0.123016357421875
-0.2742919921875 -0.015472412109375 0.184295654296875 -0.110733032226563
-0.250030517578125 0.0729827880859375 0.0245513916015625 -0.0466537475585937
-0.161087036132812 0.168960571289063 -0.019256591796875 0.083892822265625
-0.064056396484375 0.180206298828125 -0.001434326171875 0.162704467773438
0.0443572998046875 0.183303833007813 0.12078857421875 0.252471923828125
0.116424560546875 0.153060913085938 0.232009887695313 0.236846923828125
0.109375 0.15032958984375 0.257492065429687 0.187545776367188
0.129730224609375 0.143661499023438 0.2354736328125 0.190383911132813
0.108810424804688 0.177688598632812 0.167755126953125 0.200286865234375
0.0408935546875 0.205337524414063 0.0932540893554688 0.121429443359375
-0.02960205078125 0.226715087890625 0.0716323852539063 0.0325698852539063
-0.172576904296875 0.168975830078125 0.159210205078125 -0.06048583984375
-0.248580932617188 0.090850830078125 0.3570556640625 -0.087646484375
-0.234176635742188 0.05206298828125 0.523956298828125 0.0906982421875
-0.422271728515625 -0.0367431640625001 0.180496215820312 -0.113616943359375
-0.41876220703125 0.0102539062500001 0.13043212890625 -0.08782958984375
-0.379974365234375 0.1055908203125 0.0401115417480469 -0.0553970336914062
-0.266616821289063 0.2528076171875 -0.00869369506835939 0.0466041564941406
-0.1197509765625 0.290863037109375 -0.0066375732421875 0.0994796752929688
0.0545654296875 0.313232421875 0.0909881591796875 0.184677124023438
0.168838500976563 0.257766723632813 0.16143798828125 0.177047729492188
0.16729736328125 0.244338989257813 0.18194580078125 0.135116577148438
0.195449829101563 0.249557495117188 0.166748046875 0.135498046875
0.15765380859375 0.28936767578125 0.126853942871094 0.139747619628906
0.044708251953125 0.31719970703125 0.0655746459960938 0.0722579956054688
-0.05364990234375 0.336395263671875 0.0595512390136719 0.00297927856445315
-0.254531860351563 0.249649047851563 0.144317626953125 -0.085845947265625
-0.373779296875 0.1507568359375 0.303314208984375 -0.072509765625
-0.382080078125 0.0885314941406251 0.43218994140625 0.09454345703125
-0.513275146484375 -0.016021728515625 0.042083740234375 -0.0998764038085938
-0.505279541015625 0.041412353515625 0.0428390502929687 -0.0571670532226563
-0.445770263671875 0.142333984375 0.0391921997070312 -0.0517616271972656
-0.3221435546875 0.307403564453125 0.00347399711608885 0.00192165374755861
-0.149871826171875 0.3548583984375 -0.00774765014648438 0.0203838348388672
0.057586669921875 0.3939208984375 0.0459442138671875 0.08538818359375
0.19696044921875 0.32330322265625 0.0729217529296875 0.0857162475585938
0.19842529296875 0.302490234375 0.08001708984375 0.062591552734375
0.235382080078125 0.31561279296875 0.0721359252929688 0.0657958984375
0.18341064453125 0.36175537109375 0.0614242553710938 0.0651283264160157
0.039825439453125 0.388763427734375 0.0218944549560547 0.0137786865234375
-0.074462890625 0.405426025390625 0.0408859252929687 -0.0274162292480468
-0.30322265625 0.294403076171875 0.113937377929687 -0.0906753540039062
-0.446533203125 0.186767578125 0.218231201171875 -0.0299072265625
-0.473663330078125 0.11505126953125 0.292388916015625 0.1075439453125
-0.523651123046875 0.01116943359375 -0.122207641601563 -0.0851898193359375
-0.50970458984375 0.0779724121093749 -0.0689964294433594 -0.0247383117675781
-0.433746337890625 0.16448974609375 0.0180091857910156 -0.0400238037109375
-0.314666748046875 0.311676025390625 0.00416564941406248 -0.0445976257324218
-0.1485595703125 0.3623046875 -0.0173988342285156 -0.0676345825195312
0.058319091796875 0.410400390625 -0.00934219360351562 -0.0274238586425781
0.194305419921875 0.3377685546875 -0.0314712524414062 -0.0167064666748047
0.199859619140625 0.31622314453125 -0.0345668792724609 -0.0194911956787109
0.235198974609375 0.338531494140625 -0.0346279144287109 -0.0153312683105469
0.175750732421875 0.383148193359375 -0.0180511474609375 -0.0206356048583984
0.01934814453125 0.401275634765625 -0.0234298706054687 -0.0468673706054687
-0.095733642578125 0.407562255859375 0.015106201171875 -0.0538749694824218
-0.3182373046875 0.2861328125 0.0772552490234375 -0.0767593383789062
-0.458160400390625 0.182403564453125 0.113426208496094 0.0281448364257813
-0.490081787109375 0.11614990234375 0.122566223144531 0.120140075683594
-0.45196533203125 0.03778076171875 -0.283905029296875 -0.06500244140625
-0.4251708984375 0.094390869140625 -0.180557250976563 0.0102081298828125
-0.345245361328125 0.152252197265625 -0.0145149230957031 -0.0245914459228516
-0.253814697265625 0.26190185546875 -0.00646209716796877 -0.0840225219726563
-0.122039794921875 0.306243896484375 -0.03546142578125 -0.139122009277344
0.053070068359375 0.3592529296875 -0.0716705322265625 -0.130348205566406
0.164703369140625 0.298431396484375 -0.130294799804688 -0.114715576171875
0.173797607421875 0.281768798828125 -0.14251708984375 -0.100418090820312
0.201385498046875 0.31146240234375 -0.133384704589844 -0.0961380004882812
0.131439208984375 0.343994140625 -0.0906448364257812 -0.107948303222656
-0.01312255859375 0.349517822265625 -0.06103515625 -0.108810424804687
-0.111297607421875 0.341217041015625 -0.00274658203125001 -0.080963134765625
-0.2877197265625 0.22076416015625 0.0367202758789062 -0.0538291931152344
-0.403228759765625 0.1378173828125 0.00414276123046872 0.0829391479492188
-0.43408203125 0.0986022949218751 -0.0411529541015625 0.123367309570313
-0.305023193359375 0.0513610839843751 -0.414520263671875 -0.04620361328125
-0.27301025390625 0.0773773193359376 -0.26910400390625 0.037017822265625
-0.206588745117188 0.0972747802734375 -0.056427001953125 -0.000827789306640628
-0.161331176757813 0.161117553710938 -0.0292129516601563 -0.1053466796875
-0.0852203369140625 0.197463989257813 -0.057525634765625 -0.180816650390625
0.0340576171875 0.250900268554688 -0.129302978515625 -0.203659057617188
0.106643676757812 0.215499877929688 -0.214797973632813 -0.188034057617188
0.118179321289063 0.205169677734375 -0.228439331054687 -0.164764404296875
0.13385009765625 0.236373901367188 -0.209091186523438 -0.167251586914062
0.0692901611328125 0.255218505859375 -0.13671875 -0.186187744140625
-0.0431976318359375 0.240341186523438 -0.073577880859375 -0.158248901367188
-0.103240966796875 0.220809936523438 -0.0117263793945313 -0.100807189941406
-0.208816528320313 0.125030517578125 0.00102996826171873 -0.0325946807861328
-0.286590576171875 0.08197021484375 -0.0938796997070313 0.116325378417969
-0.31231689453125 0.0704345703125001 -0.181838989257813 0.11474609375
-0.112205505371094 0.0489578247070312 -0.498504638671875 -0.0312194824218751
-0.0892105102539063 0.0301361083984375 -0.326568603515625 0.058807373046875
-0.0603256225585937 0.0149612426757813 -0.0905075073242188 0.0259780883789063
-0.0689544677734375 0.0284576416015625 -0.04852294921875 -0.102180480957031
-0.0530204772949219 0.0639152526855469 -0.0751190185546875 -0.188812255859375
-0.00215911865234374 0.116485595703125 -0.173324584960937 -0.236846923828125
0.0302658081054687 0.102592468261719 -0.273284912109375 -0.228759765625
0.0465774536132813 0.0967483520507813 -0.2822265625 -0.203643798828125
0.0512008666992188 0.123397827148437 -0.244277954101562 -0.218429565429687
0.0117874145507812 0.122207641601563 -0.150833129882812 -0.242507934570313
-0.0440750122070312 0.0977325439453125 -0.0681304931640625 -0.188766479492188
-0.0545196533203125 0.0802764892578125 -0.0061492919921875 -0.107437133789063
-0.0814895629882813 0.0384292602539062 -0.0269031524658203 -0.0118560791015625
-0.116943359375 0.0394515991210938 -0.171279907226563 0.125198364257812
-0.143753051757813 0.0520477294921875 -0.2821044921875 0.0964355468750001
-0.0765533447265625 -0.0450057983398437 0.30084228515625 -0.172332763671875
-0.0986557006835938 -0.0339431762695312 0.187881469726563 -0.153518676757813
-0.0966720581054688 0.0322341918945312 0.00484466552734374 -0.0340003967285156
-0.0387840270996094 0.06671142578125 -0.00809478759765626 0.111656188964844
-0.00572967529296876 0.0518379211425781 0.034912109375 0.199142456054688
0.0198726654052734 0.0326328277587891 0.171798706054687 0.265823364257812
0.0456504821777344 0.0247917175292969 0.294891357421875 0.23565673828125
0.0377349853515625 0.0271377563476563 0.316558837890625 0.187957763671875
0.0459632873535156 0.0128974914550781 0.29095458984375 0.196807861328125
0.0577163696289063 0.0335960388183594 0.206085205078125 0.221450805664063
0.0504608154296875 0.0647315979003906 0.118942260742188 0.148757934570313
0.0221786499023437 0.0904617309570313 0.08203125 0.0563735961914063
-0.0535202026367188 0.0871429443359375 0.157180786132812 -0.0335235595703125
-0.0760498046875 0.0420303344726563 0.366241455078125 -0.116058349609375
-0.0413398742675781 0.0177078247070312 0.5692138671875 0.04351806640625
-0.271148681640625 -0.0229492187499999 0.270156860351563 -0.1541748046875
-0.275909423828125 0.00917053222656245 0.180389404296875 -0.132171630859375
-0.249465942382813 0.092803955078125 0.0229034423828125 -0.0514335632324219
-0.150466918945313 0.184814453125 -0.00762176513671876 0.0844573974609375
-0.0514373779296875 0.190200805664062 0.01702880859375 0.163864135742188
0.058624267578125 0.18206787109375 0.149673461914063 0.240768432617188
0.132369995117188 0.144866943359375 0.259307861328125 0.216766357421875
0.124526977539062 0.138191223144531 0.279129028320313 0.1646728515625
0.142120361328125 0.132568359375 0.259246826171875 0.169036865234375
0.128219604492188 0.16705322265625 0.190994262695313 0.187362670898438
0.0617218017578125 0.204666137695313 0.106468200683594 0.115142822265625
-0.00753784179687499 0.230712890625 0.0775909423828125 0.0281219482421875
-0.159637451171875 0.189117431640625 0.154495239257813 -0.074127197265625
-0.241226196289063 0.11920166015625 0.352813720703125 -0.123992919921875
-0.228195190429688 0.07354736328125 0.538848876953125 0.0428466796875
-0.4298095703125 0.000457763671874946 0.17987060546875 -0.133529663085938
-0.422576904296875 0.048614501953125 0.131271362304687 -0.102638244628906
-0.377227783203125 0.14093017578125 0.0367469787597656 -0.0605278015136719
-0.248138427734375 0.279632568359375 0.000991821289062484 0.0462570190429688
-0.094940185546875 0.3050537109375 0.00631713867187498 0.100021362304688
0.081878662109375 0.311920166015625 0.112335205078125 0.173736572265625
0.19610595703125 0.247116088867188 0.185195922851563 0.160308837890625
0.193252563476563 0.23077392578125 0.199432373046875 0.11834716796875
0.222824096679687 0.232452392578125 0.186248779296875 0.120590209960938
0.188568115234375 0.277069091796875 0.144256591796875 0.131256103515625
0.075958251953125 0.31939697265625 0.0765914916992188 0.0672836303710938
-0.022613525390625 0.347198486328125 0.0635261535644531 -0.0013313293457031
-0.236480712890625 0.278564453125 0.134628295898437 -0.0975112915039062
-0.364471435546875 0.19024658203125 0.299530029296875 -0.101531982421875
-0.376678466796875 0.12652587890625 0.4464111328125 0.0567626953125
-0.524566650390625 0.0311279296874999 0.0413589477539062 -0.107688903808594
-0.507171630859375 0.09271240234375 0.044891357421875 -0.0615730285644531
-0.445953369140625 0.18585205078125 0.0367927551269531 -0.0568580627441406
-0.299530029296875 0.341552734375 0.00937747955322264 -2.86102294919784E-06
-0.11962890625 0.376617431640625 -0.00410175323486329 0.0172481536865235
0.096649169921875 0.393890380859375 0.0576858520507813 0.0765228271484375
0.22998046875 0.3109130859375 0.0846710205078125 0.0777740478515625
0.2327880859375 0.288482666015625 0.0888214111328125 0.0540542602539063
0.269439697265625 0.296783447265625 0.0842437744140625 0.0589599609375
0.223785400390625 0.348968505859375 0.0688629150390625 0.0596656799316407
0.0794677734375 0.39324951171875 0.02923583984375 0.0117931365966797
-0.03656005859375 0.419158935546875 0.04071044921875 -0.0311431884765625
-0.2833251953125 0.329315185546875 0.103996276855469 -0.0983657836914062
-0.437835693359375 0.23297119140625 0.217254638671875 -0.04931640625
-0.46661376953125 0.1614990234375 0.307220458984375 0.083740234375
-0.534454345703125 0.0610351562500001 -0.123123168945313 -0.0759658813476563
-0.510040283203125 0.128753662109375 -0.0635757446289063 -0.0143013000488281
-0.431060791015625 0.207763671875 0.0185050964355468 -0.0422286987304687
-0.292083740234375 0.351715087890625 0.00819778442382811 -0.0470428466796875
-0.11761474609375 0.386199951171875 -0.0223121643066406 -0.0698318481445312
0.10089111328125 0.410064697265625 -0.01025390625 -0.0331306457519531
0.231170654296875 0.324798583984375 -0.0290412902832031 -0.0169143676757812
0.236236572265625 0.301849365234375 -0.0327949523925781 -0.0171871185302734
0.27496337890625 0.319580078125 -0.0329151153564453 -0.0108833312988281
0.21746826171875 0.37091064453125 -0.0186653137207031 -0.0191478729248047
0.0611572265625 0.40911865234375 -0.0253028869628906 -0.0469398498535156
-0.056304931640625 0.42510986328125 0.0138130187988281 -0.0573387145996093
-0.3004150390625 0.321075439453125 0.067047119140625 -0.0821914672851562
-0.450408935546875 0.230316162109375 0.118942260742187 0.0207443237304688
-0.48486328125 0.164703369140625 0.139625549316406 0.112411499023438
-0.456573486328125 0.0818176269531251 -0.286285400390625 -0.040740966796875
-0.423187255859375 0.139678955078125 -0.17437744140625 0.030548095703125
-0.3402099609375 0.190185546875 -0.0142784118652344 -0.0223598480224609
-0.234222412109375 0.2962646484375 -0.010955810546875 -0.0853958129882812
-0.093536376953125 0.326385498046875 -0.049041748046875 -0.1407470703125
0.09149169921875 0.3590087890625 -0.084869384765625 -0.131179809570312
0.19818115234375 0.28875732421875 -0.141830444335937 -0.10406494140625
0.205795288085938 0.268356323242188 -0.150436401367188 -0.0877532958984375
0.235595703125 0.29388427734375 -0.140243530273437 -0.0826339721679687
0.1707763671875 0.3377685546875 -0.100120544433594 -0.100265502929687
0.02301025390625 0.358612060546875 -0.0695571899414062 -0.104682922363281
-0.077850341796875 0.359161376953125 -0.00858306884765625 -0.0817718505859375
-0.275711059570313 0.2530517578125 0.0294914245605469 -0.0562858581542969
-0.3994140625 0.1822509765625 0.0131607055664062 0.0853424072265625
-0.430755615234375 0.14208984375 -0.0291748046875 0.1329345703125
-0.30914306640625 0.081939697265625 -0.4210205078125 -0.00985717773437503
-0.272079467773438 0.109146118164063 -0.264816284179688 0.066986083984375
-0.2064208984375 0.123214721679687 -0.0534515380859375 0.00286865234375002
-0.149154663085938 0.183273315429687 -0.0372848510742188 -0.102813720703125
-0.0658721923828125 0.21392822265625 -0.0770416259765625 -0.179977416992188
0.06256103515625 0.253555297851562 -0.151443481445313 -0.196853637695312
0.133743286132813 0.209442138671875 -0.235366821289063 -0.17041015625
0.144134521484375 0.196075439453125 -0.244415283203125 -0.1439208984375
0.163070678710937 0.225006103515625 -0.222396850585938 -0.148406982421875
0.100799560546875 0.252395629882813 -0.155120849609375 -0.175674438476562
-0.0161590576171875 0.251968383789063 -0.0902099609375 -0.154266357421875
-0.080810546875 0.236587524414063 -0.0185699462890625 -0.0994338989257812
-0.2037353515625 0.150131225585938 -0.00313949584960939 -0.030426025390625
-0.285614013671875 0.1136474609375 -0.0838088989257813 0.128608703613281
-0.313018798828125 0.10302734375 -0.1749267578125 0.137069702148437
-0.114730834960937 0.05889892578125 -0.5052490234375 0.0161743164062501
-0.0926971435546875 0.040130615234375 -0.3232421875 0.092803955078125
-0.0625839233398437 0.023529052734375 -0.0860137939453125 0.03485107421875
-0.069366455078125 0.0416717529296875 -0.0586471557617187 -0.0984649658203125
-0.0478897094726563 0.0740432739257813 -0.0948638916015625 -0.18621826171875
0.0132293701171875 0.118209838867187 -0.20068359375 -0.226150512695313
0.0438995361328125 0.103446960449219 -0.299072265625 -0.204193115234375
0.0611724853515625 0.093231201171875 -0.302459716796875 -0.178253173828125
0.0697174072265625 0.1181640625 -0.267242431640625 -0.196502685546875
0.02783203125 0.123588562011719 -0.177642822265625 -0.230911254882812
-0.0325851440429687 0.106697082519531 -0.0865478515625 -0.184799194335938
-0.0472259521484375 0.0869827270507813 -0.0168228149414063 -0.107368469238281
-0.081573486328125 0.0500869750976563 -0.0305156707763672 -0.00510215759277344
-0.118980407714844 0.0543670654296875 -0.159011840820312 0.144699096679688
-0.143173217773437 0.06695556640625 -0.278213500976563 0.125656127929687
-0.0758056640625 -0.0418014526367187 0.2901611328125 -0.197265625
-0.0998611450195313 -0.0304489135742187 0.177734375 -0.170166015625
-0.09429931640625 0.035888671875 0.00370788574218749 -0.0363311767578125
-0.0366096496582031 0.0663108825683594 0.00177764892578125 0.109077453613281
-0.00587844848632812 0.050872802734375 0.050537109375 0.194366455078125
0.0188751220703125 0.0318374633789063 0.193206787109375 0.249847412109375
0.0438041687011719 0.0229034423828125 0.311187744140625 0.21087646484375
0.0369796752929687 0.024169921875 0.328460693359375 0.16265869140625
0.0430870056152344 0.00933837890625 0.305572509765625 0.175872802734375
0.0578880310058594 0.0281562805175781 0.223663330078125 0.206161499023438
0.0555305480957031 0.0590324401855469 0.13055419921875 0.141555786132813
0.0278549194335937 0.0858001708984375 0.086029052734375 0.0521163940429688
-0.045013427734375 0.08966064453125 0.153030395507812 -0.042083740234375
-0.0692672729492188 0.0460205078125 0.3529052734375 -0.142822265625
-0.0357627868652344 0.0196304321289063 0.56768798828125 0.00445556640625
-0.270950317382812 -0.00582885742187502 0.262466430664063 -0.176589965820312
-0.272781372070313 0.0250244140625 0.174346923828125 -0.146835327148438
-0.245819091796875 0.106552124023437 0.0211181640625 -0.0556831359863281
-0.137939453125 0.192306518554688 0.00114440917968749 0.0810775756835938
-0.0401611328125 0.19354248046875 0.0301971435546875 0.158950805664063
0.0683135986328125 0.178939819335938 0.168777465820313 0.22479248046875
0.138740539550781 0.136337280273438 0.27471923828125 0.193252563476562
0.13299560546875 0.128730773925781 0.2908935546875 0.142822265625
0.149932861328125 0.122146606445313 0.273422241210938 0.149810791015625
0.137908935546875 0.156326293945313 0.206329345703125 0.174407958984375
0.0770721435546875 0.198516845703125 0.116836547851562 0.107551574707031
0.009918212890625 0.22869873046875 0.080902099609375 0.0238265991210938
-0.14605712890625 0.200576782226563 0.147369384765625 -0.0809326171875
-0.231399536132812 0.135421752929687 0.340301513671875 -0.14862060546875
-0.22021484375 0.0886383056640625 0.539306640625 0.00637817382812501
-0.428619384765625 0.0297241210937501 0.176055908203125 -0.148513793945313
-0.41558837890625 0.0766601562500001 0.129188537597656 -0.112083435058594
-0.3704833984375 0.16534423828125 0.0348434448242187 -0.0642204284667969
-0.22894287109375 0.29498291015625 0.00805664062499998 0.0426979064941406
-0.075775146484375 0.3126220703125 0.0153274536132812 0.0960235595703125
0.10260009765625 0.305389404296875 0.12677001953125 0.15966796875
0.2122802734375 0.232803344726563 0.198165893554688 0.143325805664063
0.210128784179687 0.215164184570313 0.208389282226562 0.102493286132813
0.239028930664063 0.21429443359375 0.198593139648438 0.106475830078125
0.208663940429687 0.26153564453125 0.1563720703125 0.121597290039063
0.101104736328125 0.314361572265625 0.083770751953125 0.0623397827148438
0.00350952148437496 0.348114013671875 0.0650787353515625 -0.00588989257812498
-0.21832275390625 0.295379638671875 0.125892639160156 -0.102035522460937
-0.351959228515625 0.21734619140625 0.290374755859375 -0.12188720703125
-0.363677978515625 0.151885986328125 0.450042724609375 0.028533935546875
-0.522247314453125 0.0673522949218749 0.042144775390625 -0.1126708984375
-0.49798583984375 0.12579345703125 0.0483551025390625 -0.0640220642089844
-0.436492919921875 0.21527099609375 0.0358924865722656 -0.0603218078613281
-0.276123046875 0.362701416015625 0.0143671035766601 -0.00297546386718748
-0.09393310546875 0.387237548828125 -0.000781059265136723 0.0144844055175781
0.125091552734375 0.386749267578125 0.0645065307617188 0.0656623840332031
0.253631591796875 0.29443359375 0.0923385620117188 0.0684661865234375
0.25494384765625 0.269882202148437 0.0955123901367188 0.0468292236328125
0.292694091796875 0.275970458984375 0.0923995971679688 0.0515899658203125
0.2503662109375 0.33038330078125 0.0768051147460938 0.0554428100585938
0.109954833984375 0.388458251953125 0.0325679779052734 0.00950050354003909
-0.00576782226562498 0.42193603515625 0.0407295227050781 -0.0331077575683593
-0.26348876953125 0.350433349609375 0.0949630737304687 -0.100975036621094
-0.422576904296875 0.26849365234375 0.213088989257812 -0.0634613037109375
-0.452667236328125 0.192108154296875 0.3143310546875 0.064300537109375
-0.5321044921875 0.0993041992187501 -0.119361877441406 -0.0695114135742188
-0.49822998046875 0.165924072265625 -0.0566558837890625 -0.00956344604492186
-0.4222412109375 0.240142822265625 0.018951416015625 -0.0451087951660156
-0.267730712890625 0.37542724609375 0.00949478149414061 -0.0484657287597656
-0.0888671875 0.397491455078125 -0.0252761840820313 -0.0704269409179687
0.13226318359375 0.402099609375 -0.0121498107910156 -0.0378761291503906
0.257568359375 0.308837890625 -0.0283832550048828 -0.0175647735595703
0.260833740234375 0.281982421875 -0.0317573547363281 -0.0163173675537109
0.300537109375 0.296630859375 -0.0284557342529297 -0.00983238220214841
0.24737548828125 0.353851318359375 -0.0171184539794922 -0.0173444747924804
0.093292236328125 0.406890869140625 -0.0259666442871094 -0.0466804504394531
-0.024078369140625 0.430084228515625 0.0117645263671875 -0.0583229064941406
-0.281005859375 0.34375 0.0597305297851562 -0.0808334350585937
-0.43621826171875 0.26629638671875 0.119796752929687 0.0138168334960938
-0.473175048828125 0.19927978515625 0.149337768554687 0.104766845703125
-0.455780029296875 0.114105224609375 -0.280181884765625 -0.0233154296875
-0.4129638671875 0.17193603515625 -0.1624755859375 0.0442352294921875
-0.333526611328125 0.216827392578125 -0.0130424499511719 -0.0228328704833984
-0.2120361328125 0.31744384765625 -0.0115890502929688 -0.084197998046875
-0.06793212890625 0.337493896484375 -0.0584640502929688 -0.139045715332031
0.120269775390625 0.351287841796875 -0.0935287475585937 -0.128288269042969
0.2232666015625 0.274124145507813 -0.146987915039063 -0.096435546875
0.228775024414062 0.252761840820313 -0.153305053710938 -0.0775604248046875
0.261550903320312 0.274444580078125 -0.141586303710937 -0.0740509033203125
0.19970703125 0.324310302734375 -0.104866027832031 -0.0926284790039062
0.050933837890625 0.360260009765625 -0.075225830078125 -0.100906372070312
-0.04974365234375 0.366607666015625 -0.0121078491210938 -0.0803298950195312
-0.261672973632813 0.274917602539062 0.0231704711914062 -0.0533676147460937
-0.389007568359375 0.215362548828125 0.0197067260742187 0.0861434936523438
-0.4217529296875 0.17156982421875 -0.0181121826171875 0.137550354003906
-0.307159423828125 0.1038818359375 -0.41265869140625 0.0171813964843751
-0.26666259765625 0.1309814453125 -0.252655029296875 0.087249755859375
-0.203109741210938 0.140609741210938 -0.0503921508789063 0.0067596435546875
-0.137725830078125 0.199554443359375 -0.0406417846679688 -0.100166320800781
-0.04901123046875 0.223236083984375 -0.0901031494140625 -0.175445556640625
0.084075927734375 0.2490234375 -0.166595458984375 -0.187728881835937
0.153518676757812 0.199127197265625 -0.24639892578125 -0.153900146484375
0.161270141601563 0.183883666992188 -0.251602172851563 -0.126434326171875
0.182601928710938 0.210128784179688 -0.2294921875 -0.1329345703125
0.122543334960938 0.243621826171875 -0.165969848632813 -0.163543701171875
0.00511169433593752 0.255508422851563 -0.100204467773438 -0.148117065429687
-0.061431884765625 0.244537353515625 -0.0240478515625 -0.0982208251953125
-0.195602416992188 0.168228149414063 -0.00734710693359376 -0.0257053375244141
-0.279586791992188 0.139297485351563 -0.0734786987304688 0.135635375976562
-0.307373046875 0.126068115234375 -0.164749145507813 0.151138305664063
-0.114463806152344 0.0668487548828125 -0.4979248046875 0.047821044921875
-0.0926437377929688 0.0495758056640625 -0.31072998046875 0.117218017578125
-0.0647697448730469 0.0309982299804688 -0.0805892944335938 0.0396728515625
-0.0668869018554688 0.0519294738769531 -0.06439208984375 -0.0943374633789063
-0.0408096313476563 0.0817947387695313 -0.1094970703125 -0.179718017578125
0.025787353515625 0.117324829101563 -0.217453002929687 -0.211257934570313
0.0565338134765625 0.099761962890625 -0.312591552734375 -0.18109130859375
0.0701522827148438 0.087982177734375 -0.313079833984375 -0.15570068359375
0.0818710327148438 0.111091613769531 -0.278396606445312 -0.17669677734375
0.0415725708007813 0.119972229003906 -0.1929931640625 -0.216064453125
-0.0215606689453125 0.110466003417969 -0.099334716796875 -0.17730712890625
-0.0372848510742188 0.0927734375 -0.0238113403320313 -0.1051025390625
-0.07940673828125 0.0595779418945313 -0.0320491790771484 -0.000452041625976561
-0.1181640625 0.0689010620117188 -0.1483154296875 0.157073974609375
-0.141387939453125 0.0785675048828125 -0.26983642578125 0.14727783203125
-0.0746994018554687 -0.0408248901367188 0.28363037109375 -0.21435546875
-0.1009521484375 -0.029876708984375 0.171295166015625 -0.1824951171875
-0.09454345703125 0.036468505859375 0.00272369384765625 -0.0390205383300781
-0.0367965698242188 0.0654716491699219 0.00708007812499999 0.105743408203125
-0.00723648071289063 0.0509033203125 0.0605621337890625 0.190536499023438
0.0172023773193359 0.032379150390625 0.208099365234375 0.238235473632813
0.0414695739746094 0.02288818359375 0.3233642578125 0.19378662109375
0.0352516174316406 0.023468017578125 0.33740234375 0.14727783203125
0.0405120849609375 0.00738906860351563 0.316925048828125 0.1619873046875
0.0571250915527344 0.0242729187011719 0.237030029296875 0.1982421875
0.0581588745117188 0.054046630859375 0.139022827148438 0.137840270996094
0.0317001342773438 0.082305908203125 0.0887451171875 0.0505905151367188
-0.0386199951171875 0.0906906127929688 0.151046752929688 -0.0472564697265625
-0.0631828308105469 0.0480918884277344 0.34490966796875 -0.159942626953125
-0.0312099456787109 0.0197105407714844 0.5675048828125 -0.01898193359375
-0.271133422851563 0.00465393066406248 0.260101318359375 -0.19219970703125
-0.272109985351563 0.0338134765625 0.171417236328125 -0.158294677734375
-0.244735717773437 0.114517211914063 0.0205650329589844 -0.0590362548828125
-0.1318359375 0.19732666015625 0.00704193115234375 0.077880859375
-0.0347442626953125 0.195877075195313 0.0392913818359375 0.154953002929688
0.074127197265625 0.178237915039063 0.182510375976562 0.212600708007812
0.14501953125 0.132827758789063 0.286865234375 0.177581787109375
0.138191223144531 0.123733520507813 0.30035400390625 0.12884521484375
0.154586791992188 0.115341186523438 0.28485107421875 0.136016845703125
0.14556884765625 0.149078369140625 0.219039916992187 0.166168212890625
0.087921142578125 0.1944580078125 0.125022888183594 0.103752136230469
0.020751953125 0.2281494140625 0.0831375122070313 0.0222015380859375
-0.137496948242188 0.208267211914063 0.143524169921875 -0.084197998046875
-0.224609375 0.147659301757813 0.331878662109375 -0.164306640625
-0.213180541992188 0.0971221923828125 0.54296875 -0.01556396484375
-0.429779052734375 0.0497436523437499 0.17572021484375 -0.16058349609375
-0.412139892578125 0.092315673828125 0.130607604980469 -0.120346069335938
-0.36962890625 0.18145751953125 0.0340538024902344 -0.0690116882324219
-0.2183837890625 0.30718994140625 0.0133628845214844 0.0391044616699219
-0.063568115234375 0.319091796875 0.021636962890625 0.09246826171875
0.11602783203125 0.303253173828125 0.1353759765625 0.1484375
0.223892211914062 0.225631713867188 0.207565307617188 0.130218505859375
0.22161865234375 0.20556640625 0.217361450195313 0.09124755859375
0.25054931640625 0.20416259765625 0.208267211914063 0.0955657958984375
0.22369384765625 0.251449584960938 0.166839599609375 0.115463256835938
0.118255615234375 0.311309814453125 0.0907440185546875 0.058349609375
0.020751953125 0.35028076171875 0.0678977966308594 -0.00676727294921873
-0.207855224609375 0.3096923828125 0.121353149414063 -0.103004455566406
-0.34429931640625 0.236907958984375 0.28436279296875 -0.134857177734375
-0.356781005859375 0.166473388671875 0.4552001953125 0.00985717773437501
-0.522918701171875 0.092010498046875 0.0442123413085937 -0.118461608886719
-0.492156982421875 0.148712158203125 0.0532608032226562 -0.0683441162109375
-0.4334716796875 0.237548828125 0.0357742309570312 -0.0646171569824219
-0.261383056640625 0.3795166015625 0.0195426940917969 -0.00667381286621091
-0.076324462890625 0.3963623046875 0.0015106201171875 0.0111885070800781
0.144317626953125 0.38421630859375 0.0684738159179688 0.0573158264160156
0.270233154296875 0.284637451171875 0.0983657836914063 0.0603713989257813
0.270980834960938 0.25762939453125 0.101844787597656 0.0406570434570313
0.30938720703125 0.261627197265625 0.0995025634765625 0.045440673828125
0.270751953125 0.31884765625 0.0839996337890625 0.0528564453125
0.132659912109375 0.387420654296875 0.0364112854003906 0.00664138793945315
0.015899658203125 0.426239013671875 0.042083740234375 -0.0349311828613281
-0.252227783203125 0.3677978515625 0.0904998779296875 -0.0998001098632812
-0.4140625 0.29119873046875 0.211166381835938 -0.0727081298828125
-0.444580078125 0.212005615234375 0.3201904296875 0.05224609375
-0.534271240234375 0.1241455078125 -0.1146240234375 -0.0685195922851562
-0.492919921875 0.189910888671875 -0.0482521057128906 -0.00737380981445312
-0.41937255859375 0.2628173828125 0.0199508666992187 -0.0478248596191406
-0.252166748046875 0.394134521484375 0.0127639770507812 -0.0510444641113281
-0.068603515625 0.407867431640625 -0.026947021484375 -0.0725555419921875
0.154052734375 0.3988037109375 -0.0138740539550781 -0.0428276062011719
0.276123046875 0.2978515625 -0.0271320343017578 -0.0192031860351562
0.279388427734375 0.269668579101563 -0.0288257598876953 -0.0168056488037109
0.319671630859375 0.281707763671875 -0.0247097015380859 -0.0112380981445312
0.26983642578125 0.342498779296875 -0.0147676467895508 -0.0166082382202148
0.117767333984375 0.40692138671875 -0.0254707336425781 -0.0468673706054687
-0.00210571289062501 0.43621826171875 0.0120315551757812 -0.0594558715820312
-0.269775390625 0.363372802734375 0.05511474609375 -0.0788955688476562
-0.429351806640625 0.292144775390625 0.121238708496094 0.00906372070312502
-0.46673583984375 0.219757080078125 0.15771484375 0.100875854492188
-0.4591064453125 0.13677978515625 -0.274398803710938 -0.01531982421875
-0.40887451171875 0.19366455078125 -0.152755737304688 0.0516510009765625
-0.331939697265625 0.2381591796875 -0.0103340148925781 -0.0239200592041016
-0.19793701171875 0.33502197265625 -0.0106201171875 -0.0856857299804688
-0.04974365234375 0.347381591796875 -0.0648880004882812 -0.139015197753906
0.142059326171875 0.347869873046875 -0.100921630859375 -0.128387451171875
0.24261474609375 0.264236450195313 -0.150772094726562 -0.0917510986328125
0.245895385742188 0.240509033203125 -0.154251098632812 -0.0725860595703125
0.279556274414063 0.2603759765625 -0.142791748046875 -0.0701446533203125
0.221221923828125 0.31494140625 -0.106788635253906 -0.0885848999023437
0.07281494140625 0.36212158203125 -0.0778732299804688 -0.0991668701171875
-0.03070068359375 0.373199462890625 -0.0141448974609375 -0.0813217163085937
-0.254364013671875 0.293212890625 0.0210418701171875 -0.0498161315917969
-0.384552001953125 0.2401123046875 0.0256576538085937 0.086700439453125
-0.417236328125 0.192962646484375 -0.00924682617187502 0.139945983886719
-0.30987548828125 0.119537353515625 -0.40673828125 0.0323486328125001
-0.264068603515625 0.146026611328125 -0.242416381835938 0.100006103515625
-0.203216552734375 0.155914306640625 -0.0464935302734375 0.00703048706054688
-0.12847900390625 0.213485717773438 -0.0421295166015625 -0.100013732910156
-0.0355224609375 0.231887817382812 -0.0989990234375 -0.173370361328125
0.100799560546875 0.246612548828125 -0.177459716796875 -0.182464599609375
0.169479370117188 0.19171142578125 -0.254150390625 -0.143142700195312
0.175369262695313 0.175369262695313 -0.256423950195313 -0.116363525390625
0.198516845703125 0.200225830078125 -0.234161376953125 -0.124832153320312
0.140655517578125 0.237945556640625 -0.1728515625 -0.155410766601563
0.021697998046875 0.25982666015625 -0.10552978515625 -0.144546508789062
-0.0467987060546875 0.25115966796875 -0.0273590087890625 -0.0979385375976562
-0.19110107421875 0.182220458984375 -0.00925636291503907 -0.0213413238525391
-0.277572631835938 0.15911865234375 -0.0659942626953125 0.1416015625
-0.305145263671875 0.142730712890625 -0.157470703125 0.161209106445312
-0.117446899414063 0.0730438232421875 -0.492950439453125 0.06610107421875
-0.0939712524414062 0.0563888549804688 -0.301849365234375 0.1331787109375
-0.0677909851074219 0.0367317199707031 -0.0756454467773438 0.042236328125
-0.0643844604492188 0.0610542297363281 -0.0672760009765625 -0.092926025390625
-0.0347213745117187 0.0886764526367187 -0.119857788085938 -0.175979614257813
0.0353317260742188 0.117095947265625 -0.22998046875 -0.201980590820312
0.06689453125 0.0963516235351563 -0.322723388671875 -0.165863037109375
0.0788650512695313 0.0839767456054688 -0.3211669921875 -0.141754150390625
0.0913543701171875 0.10479736328125 -0.287750244140625 -0.16522216796875
0.05255126953125 0.11761474609375 -0.20391845703125 -0.206634521484375
-0.0126419067382812 0.114852905273438 -0.106842041015625 -0.173202514648437
-0.0303115844726562 0.096771240234375 -0.0280914306640625 -0.10443115234375
-0.0769882202148438 0.0682907104492188 -0.0327568054199219 0.00491905212402345
-0.117233276367188 0.0808792114257812 -0.140899658203125 0.167190551757812
-0.14227294921875 0.088287353515625 -0.2652587890625 0.163131713867187
-0.0749282836914063 -0.0415878295898438 0.28497314453125 -0.2330322265625
-0.104866027832031 -0.031097412109375 0.1689453125 -0.197677612304688
-0.0975418090820312 0.0377349853515625 0.00130462646484375 -0.0435714721679688
-0.039031982421875 0.0652847290039063 0.0114974975585938 0.104072570800781
-0.0096893310546875 0.0528640747070313 0.0712432861328125 0.190582275390625
0.0153694152832031 0.0342082977294922 0.224929809570313 0.232559204101563
0.0403289794921875 0.0243644714355469 0.34063720703125 0.18310546875
0.0342025756835937 0.0237884521484375 0.353546142578125 0.135986328125
0.038177490234375 0.00717926025390625 0.334808349609375 0.152313232421875
0.0563392639160156 0.0209007263183594 0.25543212890625 0.194915771484375
0.060302734375 0.049468994140625 0.150558471679688 0.138015747070313
0.035400390625 0.0802078247070313 0.0936050415039063 0.0516128540039063
-0.0333328247070313 0.0926284790039063 0.152938842773438 -0.052520751953125
-0.0589370727539063 0.0493698120117188 0.343292236328125 -0.17755126953125
-0.0270519256591797 0.0187320709228516 0.5810546875 -0.0386962890625
-0.275848388671875 0.0149993896484375 0.26318359375 -0.210220336914063
-0.276199340820313 0.0419769287109375 0.173385620117188 -0.173812866210938
-0.25030517578125 0.125274658203125 0.0199089050292969 -0.0651206970214844
-0.131546020507812 0.206878662109375 0.0115814208984375 0.0755691528320313
-0.030426025390625 0.203689575195313 0.0478057861328125 0.15460205078125
0.0811920166015625 0.182235717773438 0.196456909179688 0.205123901367188
0.152603149414063 0.131622314453125 0.30316162109375 0.166412353515625
0.146194458007813 0.121246337890625 0.31591796875 0.117340087890625
0.161788940429688 0.112396240234375 0.301666259765625 0.12646484375
0.155532836914063 0.145660400390625 0.237350463867188 0.162338256835938
0.09869384765625 0.194381713867188 0.136199951171875 0.101898193359375
0.0306549072265625 0.232574462890625 0.0885848999023438 0.0220565795898438
-0.131698608398438 0.220611572265625 0.145111083984375 -0.0884246826171875
-0.22174072265625 0.160888671875 0.330841064453125 -0.18145751953125
-0.2120361328125 0.105850219726562 0.556549072265625 -0.034393310546875
-0.43817138671875 0.06866455078125 0.180389404296875 -0.175308227539063
-0.41864013671875 0.108642578125 0.135627746582031 -0.133384704589844
-0.376678466796875 0.2010498046875 0.0338821411132812 -0.075714111328125
-0.2139892578125 0.324432373046875 0.01922607421875 0.0353622436523438
-0.05328369140625 0.33203125 0.0270004272460937 0.08984375
0.131134033203125 0.308563232421875 0.144760131835938 0.140457153320313
0.240127563476562 0.222885131835938 0.22027587890625 0.120864868164063
0.236190795898437 0.20147705078125 0.2308349609375 0.0827484130859375
0.26617431640625 0.198318481445313 0.222061157226563 0.08660888671875
0.242141723632812 0.247848510742187 0.18145751953125 0.111129760742188
0.136627197265625 0.314666748046875 0.09869384765625 0.05621337890625
0.03668212890625 0.359130859375 0.0718154907226562 -0.00851440429687498
-0.201751708984375 0.3292236328125 0.121063232421875 -0.105171203613281
-0.3428955078125 0.26025390625 0.28509521484375 -0.1485595703125
-0.3583984375 0.184112548828125 0.470001220703125 -0.00585937499999999
-0.53570556640625 0.11663818359375 0.048370361328125 -0.127983093261719
-0.5 0.17169189453125 0.0594940185546875 -0.0760879516601562
-0.442352294921875 0.26318359375 0.0367889404296875 -0.0704574584960937
-0.253936767578125 0.40277099609375 0.0244426727294922 -0.0107612609863281
-0.060028076171875 0.412933349609375 0.00297784805297851 0.00766372680664065
0.16473388671875 0.388580322265625 0.0720291137695313 0.050018310546875
0.2921142578125 0.2811279296875 0.10516357421875 0.054534912109375
0.29083251953125 0.25128173828125 0.110000610351563 0.0351715087890625
0.33099365234375 0.254119873046875 0.107955932617188 0.0388031005859375
0.294189453125 0.314910888671875 0.0934371948242188 0.0497589111328125
0.155242919921875 0.3941650390625 0.0410118103027344 0.00474548339843752
0.03521728515625 0.438446044921875 0.0447540283203125 -0.03692626953125
-0.2470703125 0.393585205078125 0.0900421142578125 -0.100349426269531
-0.4158935546875 0.32135009765625 0.214187622070312 -0.0816192626953125
-0.449554443359375 0.233612060546875 0.334228515625 0.04339599609375
-0.547637939453125 0.152496337890625 -0.112510681152344 -0.0712509155273437
-0.498931884765625 0.216522216796875 -0.0408134460449219 -0.00845336914062499
-0.4287109375 0.29180908203125 0.0223236083984375 -0.0522232055664062
-0.24261474609375 0.419677734375 0.015869140625 -0.0561714172363281
-0.05126953125 0.4261474609375 -0.0302352905273438 -0.0765533447265625
0.17791748046875 0.403900146484375 -0.0170440673828125 -0.0475349426269531
0.3009033203125 0.293609619140625 -0.0263690948486328 -0.0221061706542969
0.301300048828125 0.263336181640625 -0.0262832641601562 -0.0185871124267578
0.344146728515625 0.2738037109375 -0.0231876373291015 -0.0137748718261719
0.2967529296875 0.338531494140625 -0.0114688873291015 -0.0172624588012695
0.14215087890625 0.415313720703125 -0.0255203247070312 -0.04876708984375
0.018280029296875 0.451446533203125 0.0121421813964844 -0.0623283386230468
-0.26568603515625 0.389556884765625 0.0548477172851562 -0.0773696899414062
-0.431610107421875 0.322967529296875 0.125839233398437 0.00624847412109377
-0.472259521484375 0.244903564453125 0.168914794921875 0.098785400390625
-0.47137451171875 0.162322998046875 -0.274688720703125 -0.0100708007812499
-0.41497802734375 0.21844482421875 -0.146743774414063 0.057769775390625
-0.3382568359375 0.2640380859375 -0.00798988342285158 -0.0256481170654297
-0.187744140625 0.359222412109375 -0.00927734375000002 -0.0899200439453125
-0.032440185546875 0.3641357421875 -0.0711212158203125 -0.14227294921875
0.16363525390625 0.352081298828125 -0.109809875488281 -0.130973815917969
0.265792846679688 0.258621215820313 -0.156402587890625 -0.0902862548828125
0.267471313476563 0.234130859375 -0.158218383789062 -0.070037841796875
0.303131103515625 0.253143310546875 -0.147186279296875 -0.068572998046875
0.246826171875 0.311614990234375 -0.110031127929687 -0.0865097045898438
0.094879150390625 0.371826171875 -0.0818634033203125 -0.100486755371094
-0.012664794921875 0.387359619140625 -0.0151901245117187 -0.08404541015625
-0.251983642578125 0.31793212890625 0.0205268859863281 -0.046905517578125
-0.387603759765625 0.268402099609375 0.0312042236328125 0.0901947021484375
-0.4237060546875 0.215484619140625 -0.00207519531250004 0.145736694335938
-0.320037841796875 0.138427734375 -0.4107666015625 0.043426513671875
-0.269027709960937 0.163986206054688 -0.237289428710938 0.111373901367188
-0.208633422851563 0.174179077148437 -0.0436363220214844 0.00780487060546876
-0.121231079101563 0.231109619140625 -0.043426513671875 -0.102630615234375
-0.0225677490234375 0.244430541992187 -0.109466552734375 -0.175018310546875
0.11846923828125 0.249298095703125 -0.191848754882813 -0.1815185546875
0.187667846679688 0.1885986328125 -0.265914916992187 -0.13629150390625
0.1923828125 0.169830322265625 -0.26568603515625 -0.109756469726562
0.216934204101562 0.193832397460937 -0.244857788085938 -0.120346069335937
0.160720825195313 0.236602783203125 -0.18267822265625 -0.152099609375
0.03765869140625 0.268768310546875 -0.113433837890625 -0.145111083984375
-0.0348663330078125 0.2625732421875 -0.030426025390625 -0.100837707519531
-0.190185546875 0.20068359375 -0.00946903228759767 -0.0170392990112305
-0.280624389648438 0.1820068359375 -0.0605621337890625 0.15008544921875
-0.311370849609375 0.161163330078125 -0.1551513671875 0.172698974609375
-0.123138427734375 0.0821151733398438 -0.500030517578125 0.08258056640625
-0.0988693237304688 0.0640182495117188 -0.29888916015625 0.1478271484375
-0.0732192993164063 0.0448684692382813 -0.0729293823242188 0.0444259643554688
-0.0629653930664062 0.0710601806640625 -0.0713882446289062 -0.09375
-0.0278472900390625 0.0972213745117188 -0.131546020507813 -0.17584228515625
0.0443115234375 0.118698120117188 -0.246017456054688 -0.197784423828125
0.0783004760742187 0.0945358276367187 -0.33819580078125 -0.156036376953125
0.0889205932617188 0.0806732177734375 -0.334503173828125 -0.13201904296875
0.102729797363281 0.10003662109375 -0.301513671875 -0.158599853515625
0.0644073486328125 0.11712646484375 -0.217666625976562 -0.203109741210938
-0.00302886962890625 0.1201171875 -0.116729736328125 -0.173690795898437
-0.0226287841796875 0.102447509765625 -0.032257080078125 -0.106269836425781
-0.0764999389648438 0.0782546997070313 -0.0330486297607422 0.0098094940185547
-0.118736267089844 0.095184326171875 -0.136474609375 0.180328369140625
-0.145828247070313 0.099853515625 -0.267105102539063 0.179656982421875
-0.0763397216796875 -0.0418472290039063 0.28656005859375 -0.261322021484375
-0.110580444335938 -0.0313339233398437 0.165267944335938 -0.220657348632813
-0.102279663085938 0.0409774780273437 -0.0023345947265625 -0.0485420227050781
-0.041412353515625 0.0678863525390625 0.0166854858398438 0.105445861816406
-0.0117607116699219 0.0558357238769531 0.0856170654296875 0.192657470703125
0.01416015625 0.0375289916992188 0.248809814453125 0.225616455078125
0.0405540466308594 0.0258140563964844 0.36700439453125 0.1683349609375
0.0343971252441406 0.0244503021240234 0.37847900390625 0.11944580078125
0.0365829467773438 0.00749969482421875 0.361907958984375 0.138519287109375
0.0565910339355469 0.01739501953125 0.28277587890625 0.1885986328125
0.0642013549804688 0.044708251953125 0.168258666992188 0.1370849609375
0.04046630859375 0.078521728515625 0.102523803710938 0.0515823364257813
-0.0260009765625 0.0963897705078125 0.156784057617188 -0.0618743896484375
-0.0545158386230469 0.0521049499511719 0.343780517578125 -0.204925537109375
-0.0229721069335938 0.0178813934326172 0.60186767578125 -0.07086181640625
-0.283905029296875 0.0306396484375 0.266921997070313 -0.237289428710938
-0.285430908203125 0.055328369140625 0.173599243164063 -0.196273803710938
-0.25860595703125 0.14337158203125 0.0166091918945312 -0.0728302001953125
-0.128860473632812 0.22198486328125 0.0177841186523437 0.0743789672851563
-0.0236968994140625 0.216094970703125 0.059173583984375 0.15533447265625
0.093017578125 0.187332153320312 0.217056274414063 0.197723388671875
0.166412353515625 0.129852294921875 0.32684326171875 0.152435302734375
0.1580810546875 0.118377685546875 0.339080810546875 0.10028076171875
0.174835205078125 0.1083984375 0.327239990234375 0.110748291015625
0.169647216796875 0.141525268554688 0.263702392578125 0.154296875
0.114669799804687 0.195785522460938 0.15191650390625 0.100112915039063
0.046478271484375 0.2401123046875 0.0968704223632813 0.0205154418945313
-0.123260498046875 0.238235473632813 0.147109985351563 -0.0966796875
-0.220016479492188 0.18084716796875 0.33331298828125 -0.206939697265625
-0.213394165039062 0.12054443359375 0.58026123046875 -0.06451416015625
-0.452178955078125 0.09759521484375 0.185089111328125 -0.198226928710938
-0.42962646484375 0.135650634765625 0.138504028320312 -0.15179443359375
-0.3876953125 0.231964111328125 0.0322036743164062 -0.0841445922851562
-0.20635986328125 0.351165771484375 0.0244922637939453 0.0312309265136719
-0.036590576171875 0.351409912109375 0.0337142944335937 0.0889968872070313
0.154296875 0.31683349609375 0.15838623046875 0.132583618164063
0.265304565429687 0.21917724609375 0.23907470703125 0.10870361328125
0.259490966796875 0.19488525390625 0.248825073242188 0.068511962890625
0.29107666015625 0.190765380859375 0.240890502929688 0.07403564453125
0.269180297851563 0.241912841796875 0.202423095703125 0.103790283203125
0.163787841796875 0.32086181640625 0.110572814941406 0.0529403686523438
0.06060791015625 0.3739013671875 0.0780487060546875 -0.0115814208984375
-0.19061279296875 0.3580322265625 0.122833251953125 -0.112030029296875
-0.34234619140625 0.2940673828125 0.28863525390625 -0.1700439453125
-0.36328125 0.211090087890625 0.493499755859375 -0.03167724609375
-0.552398681640625 0.15496826171875 0.050933837890625 -0.14215087890625
-0.511627197265625 0.20770263671875 0.0649795532226562 -0.0879745483398438
-0.45281982421875 0.305023193359375 0.0363845825195312 -0.0790863037109375
-0.242706298828125 0.437530517578125 0.0294017791748047 -0.0178375244140625
-0.03741455078125 0.43707275390625 0.00413680076599121 0.00392627716064456
0.195770263671875 0.39752197265625 0.0768966674804688 0.0422210693359375
0.324066162109375 0.275115966796875 0.115608215332031 0.0455474853515625
0.32098388671875 0.242950439453125 0.121315002441406 0.0261306762695313
0.364227294921875 0.24365234375 0.11865234375 0.0304107666015625
0.330047607421875 0.309051513671875 0.106498718261719 0.0448226928710938
0.190032958984375 0.404144287109375 0.0469970703125 0.00073623657226565
0.065582275390625 0.45892333984375 0.0483474731445313 -0.0411109924316406
-0.236114501953125 0.430328369140625 0.091156005859375 -0.104385375976562
-0.415435791015625 0.363433837890625 0.219924926757812 -0.095733642578125
-0.4571533203125 0.268951416015625 0.3551025390625 0.027923583984375
-0.5650634765625 0.1953125 -0.113655090332031 -0.0751953125
-0.51019287109375 0.256103515625 -0.0354957580566407 -0.0112495422363281
-0.4366455078125 0.336944580078125 0.0229988098144531 -0.0587654113769531
-0.22705078125 0.458648681640625 0.018890380859375 -0.0642585754394531
-0.024169921875 0.4517822265625 -0.0350494384765625 -0.0817718505859375
0.21234130859375 0.411834716796875 -0.0218009948730469 -0.0537300109863281
0.336395263671875 0.28570556640625 -0.0266780853271484 -0.0251407623291015
0.33331298828125 0.2542724609375 -0.0243568420410156 -0.0211658477783203
0.3804931640625 0.263580322265625 -0.0223274230957031 -0.0170440673828125
0.33502197265625 0.3330078125 -0.00834655761718748 -0.0193710327148437
0.178466796875 0.428497314453125 -0.0262184143066406 -0.05157470703125
0.04888916015625 0.472412109375 0.0133209228515625 -0.0666313171386718
-0.2568359375 0.43109130859375 0.0561904907226562 -0.0787277221679687
-0.433990478515625 0.368133544921875 0.133560180664063 0.000717163085937523
-0.481842041015625 0.28302001953125 0.1859130859375 0.0958709716796875
-0.486907958984375 0.201446533203125 -0.281524658203125 -0.00256347656250001
-0.4237060546875 0.255096435546875 -0.140960693359375 0.0651397705078125
-0.344482421875 0.3043212890625 -0.00620460510253908 -0.028604507446289
-0.173675537109375 0.392730712890625 -0.0103607177734375 -0.0972747802734375
-0.00662231445312499 0.38641357421875 -0.0821075439453125 -0.146728515625
0.196075439453125 0.3587646484375 -0.12353515625 -0.132591247558594
0.298004150390625 0.251708984375 -0.166900634765625 -0.0871734619140625
0.297210693359375 0.225341796875 -0.1658935546875 -0.065948486328125
0.337066650390625 0.243011474609375 -0.15692138671875 -0.067169189453125
0.28179931640625 0.30877685546875 -0.117134094238281 -0.0850448608398438
0.12713623046875 0.385528564453125 -0.0894851684570313 -0.102363586425781
0.013427734375 0.408660888671875 -0.0185775756835938 -0.0884857177734375
-0.24530029296875 0.354400634765625 0.0214462280273437 -0.0456390380859375
-0.3917236328125 0.30999755859375 0.0392837524414062 0.093994140625
-0.434478759765625 0.251556396484375 0.00851440429687497 0.154647827148438
-0.331817626953125 0.16717529296875 -0.42236328125 0.0618896484375
-0.276077270507813 0.191116333007812 -0.234283447265625 0.128005981445312
-0.2138671875 0.202407836914063 -0.0409736633300781 0.00790786743164064
-0.111312866210937 0.256744384765625 -0.04779052734375 -0.107841491699219
-0.00332641601562501 0.261566162109375 -0.124801635742188 -0.178207397460937
0.143310546875 0.253555297851563 -0.21148681640625 -0.179946899414062
0.214096069335938 0.182693481445313 -0.285003662109375 -0.1280517578125
0.21588134765625 0.162567138671875 -0.28167724609375 -0.10028076171875
0.243118286132813 0.185806274414063 -0.262893676757813 -0.113372802734375
0.188629150390625 0.234298706054688 -0.198410034179687 -0.148727416992188
0.062774658203125 0.28033447265625 -0.125396728515625 -0.146942138671875
-0.0155487060546875 0.279129028320313 -0.0366134643554688 -0.104530334472656
-0.186798095703125 0.227951049804688 -0.00888347625732423 -0.0129756927490234
-0.282989501953125 0.214202880859375 -0.0529022216796875 0.162628173828125
-0.31982421875 0.18939208984375 -0.151229858398438 0.19207763671875
-0.130050659179687 0.09600830078125 -0.514495849609375 0.110321044921875
-0.104011535644531 0.0767669677734375 -0.29791259765625 0.17156982421875
-0.0784835815429688 0.0576324462890625 -0.0694732666015625 0.0472640991210938
-0.06005859375 0.0842208862304688 -0.078155517578125 -0.0965347290039063
-0.0181198120117187 0.106864929199219 -0.149246215820312 -0.177536010742188
0.0584259033203125 0.121360778808594 -0.270416259765625 -0.191726684570313
0.0921173095703125 0.0911407470703125 -0.362457275390625 -0.141998291015625
0.101966857910156 0.07562255859375 -0.3553466796875 -0.118194580078125
0.117698669433594 0.0948104858398437 -0.324493408203125 -0.148040771484375
0.0802001953125 0.115524291992188 -0.23870849609375 -0.198150634765625
0.0096588134765625 0.126846313476563 -0.131454467773437 -0.17486572265625
-0.0126571655273437 0.110054016113281 -0.0395965576171875 -0.109298706054688
-0.0732803344726562 0.0925216674804688 -0.0325679779052734 0.0161724090576172
-0.118202209472656 0.114028930664062 -0.13037109375 0.198715209960938
-0.1502685546875 0.117767333984375 -0.26983642578125 0.205474853515625
-0.078460693359375 -0.0411758422851563 0.27874755859375 -0.299591064453125
-0.118064880371094 -0.0288314819335937 0.151748657226563 -0.247268676757812
-0.106002807617188 0.047332763671875 -0.00823211669921876 -0.0526237487792969
-0.0428085327148437 0.0723800659179688 0.0251617431640625 0.10565185546875
-0.0127334594726562 0.0613174438476563 0.105453491210938 0.19073486328125
0.0139274597167969 0.0402793884277344 0.278152465820313 0.208877563476563
0.0415992736816406 0.0268516540527344 0.39544677734375 0.14068603515625
0.0353584289550781 0.0252609252929687 0.40411376953125 0.088226318359375
0.0352668762207031 0.00745010375976563 0.3922119140625 0.109100341796875
0.0569801330566406 0.012420654296875 0.315521240234375 0.1695556640625
0.0679550170898438 0.0380325317382813 0.191436767578125 0.129287719726562
0.0475997924804688 0.0755081176757812 0.113700866699219 0.0481948852539063
-0.0153274536132813 0.0984878540039063 0.157821655273438 -0.0756683349609375
-0.0481796264648438 0.05499267578125 0.33538818359375 -0.240875244140625
-0.0184497833251953 0.0171375274658203 0.62091064453125 -0.12396240234375
-0.28857421875 0.054351806640625 0.261993408203125 -0.274154663085938
-0.291534423828125 0.07794189453125 0.164779663085937 -0.22503662109375
-0.259979248046875 0.17022705078125 0.0105438232421875 -0.0797500610351563
-0.11883544921875 0.241531372070312 0.0250091552734375 0.0718765258789063
-0.0083465576171875 0.22857666015625 0.07464599609375 0.152816772460938
0.1107177734375 0.189300537109375 0.240982055664062 0.181427001953125
0.183303833007813 0.12298583984375 0.35345458984375 0.125213623046875
0.173324584960937 0.110198974609375 0.363861083984375 0.070556640625
0.189437866210937 0.0984344482421875 0.354217529296875 0.083221435546875
0.187286376953125 0.130508422851563 0.293975830078125 0.134765625
0.136749267578125 0.19171142578125 0.17108154296875 0.09075927734375
0.06951904296875 0.244461059570312 0.106239318847656 0.0147628784179688
-0.104751586914062 0.258056640625 0.146621704101563 -0.110137939453125
-0.2105712890625 0.2060546875 0.32537841796875 -0.24273681640625
-0.209030151367187 0.14141845703125 0.599853515625 -0.11468505859375
-0.459991455078125 0.140472412109375 0.18072509765625 -0.22772216796875
-0.43408203125 0.175140380859375 0.134552001953125 -0.176849365234375
-0.3875732421875 0.276092529296875 0.0268325805664062 -0.0932159423828125
-0.186920166015625 0.383819580078125 0.0306034088134766 0.0254974365234375
-0.00860595703124998 0.370941162109375 0.0431747436523438 0.0851287841796875
0.187591552734375 0.31768798828125 0.174224853515625 0.118972778320313
0.2957763671875 0.204132080078125 0.258987426757813 0.0868377685546875
0.286468505859375 0.179168701171875 0.268020629882813 0.0436859130859375
0.32049560546875 0.17230224609375 0.260940551757813 0.0512542724609375
0.30218505859375 0.2257080078125 0.226303100585938 0.08685302734375
0.20166015625 0.31903076171875 0.12457275390625 0.04400634765625
0.09771728515625 0.384429931640625 0.0848464965820313 -0.017822265625
-0.166229248046875 0.392974853515625 0.121803283691406 -0.122978210449219
-0.328399658203125 0.33740234375 0.284820556640625 -0.19970703125
-0.35943603515625 0.250335693359375 0.5152587890625 -0.07281494140625
-0.560516357421875 0.212249755859375 0.0472869873046875 -0.160140991210938
-0.513702392578125 0.261749267578125 0.0655441284179687 -0.104278564453125
-0.449249267578125 0.361541748046875 0.0325546264648437 -0.0881881713867187
-0.21368408203125 0.4791259765625 0.0319042205810547 -0.0262165069580078
0.000976562500000023 0.459930419921875 0.00515413284301758 -0.000496864318847628
0.24017333984375 0.39813232421875 0.081512451171875 0.0333023071289063
0.36395263671875 0.255615234375 0.125564575195313 0.0320358276367188
0.35552978515625 0.222137451171875 0.132011413574219 0.0105743408203125
0.40283203125 0.219085693359375 0.128433227539063 0.0166244506835938
0.373687744140625 0.289306640625 0.121192932128906 0.0339584350585938
0.238067626953125 0.40460205078125 0.0533866882324219 -0.0054512023925781
0.111175537109375 0.4732666015625 0.0505790710449219 -0.0479621887207031
-0.2076416015625 0.474365234375 0.090667724609375 -0.11175537109375
-0.399932861328125 0.419189453125 0.220993041992187 -0.11566162109375
-0.452423095703125 0.32025146484375 0.377471923828125 0.00024414062500002
-0.572998046875 0.255859375 -0.118179321289063 -0.07598876953125
-0.50958251953125 0.312591552734375 -0.0304298400878907 -0.0149154663085937
-0.429931640625 0.39697265625 0.0220718383789062 -0.0657196044921875
-0.1956787109375 0.500640869140625 0.018402099609375 -0.0741119384765625
0.020050048828125 0.474029541015625 -0.0431060791015625 -0.0855331420898437
0.26092529296875 0.41094970703125 -0.0295333862304687 -0.0573692321777344
0.37921142578125 0.264312744140625 -0.0280780792236328 -0.0284461975097656
0.37176513671875 0.230194091796875 -0.0237846374511719 -0.0254764556884765
0.4228515625 0.2362060546875 -0.0230178833007812 -0.0198612213134765
0.384307861328125 0.3135986328125 -0.00505638122558591 -0.0221538543701172
0.229827880859375 0.43133544921875 -0.0285758972167969 -0.0544013977050781
0.096343994140625 0.4910888671875 0.0106658935546875 -0.0725021362304687
-0.229461669921875 0.476165771484375 0.0559768676757812 -0.0827255249023437
-0.419830322265625 0.427581787109375 0.141448974609375 -0.00839233398437498
-0.479278564453125 0.337066650390625 0.2064208984375 0.0848846435546875
-0.492431640625 0.257110595703125 -0.28759765625 0.014007568359375
-0.420745849609375 0.30682373046875 -0.133735656738281 0.0746536254882813
-0.3365478515625 0.35711669921875 -0.00440406799316408 -0.0325736999511719
-0.142547607421875 0.429901123046875 -0.0140914916992188 -0.105117797851562
0.033477783203125 0.40557861328125 -0.098541259765625 -0.147705078125
0.240875244140625 0.35516357421875 -0.142318725585937 -0.129791259765625
0.33746337890625 0.2318115234375 -0.179702758789062 -0.0794830322265625
0.332183837890625 0.203033447265625 -0.175430297851562 -0.0584716796875
0.3759765625 0.21820068359375 -0.167648315429687 -0.058563232421875
0.326934814453125 0.291900634765625 -0.125419616699219 -0.0804519653320312
0.174407958984375 0.391448974609375 -0.100433349609375 -0.101478576660156
0.055145263671875 0.426971435546875 -0.025146484375 -0.0924148559570312
-0.223968505859375 0.397125244140625 0.0229034423828125 -0.0452308654785156
-0.37969970703125 0.36468505859375 0.0518646240234375 0.0957794189453125
-0.433349609375 0.302154541015625 0.0258636474609375 0.161468505859375
-0.335906982421875 0.208770751953125 -0.43096923828125 0.0936279296875
-0.274322509765625 0.229507446289062 -0.2255859375 0.1500244140625
-0.20892333984375 0.240219116210938 -0.0375595092773438 0.00854873657226564
-0.089202880859375 0.28338623046875 -0.055389404296875 -0.112449645996094
0.02740478515625 0.27471923828125 -0.145217895507813 -0.17578125
0.177352905273438 0.250625610351563 -0.237747192382813 -0.16961669921875
0.243972778320313 0.165786743164063 -0.30560302734375 -0.110076904296875
0.242279052734375 0.145858764648438 -0.29974365234375 -0.0822448730468749
0.2738037109375 0.165542602539062 -0.28326416015625 -0.096099853515625
0.223175048828125 0.223556518554688 -0.216567993164063 -0.137680053710938
0.097076416015625 0.286651611328125 -0.143035888671875 -0.143829345703125
0.013214111328125 0.293060302734375 -0.0460968017578125 -0.107032775878906
-0.172515869140625 0.260345458984375 -0.00693321228027345 -0.00908565521240233
-0.275100708007813 0.256423950195313 -0.0387420654296875 0.175201416015625
-0.318939208984375 0.230438232421875 -0.138809204101563 0.214797973632813
-0.133262634277344 0.11572265625 -0.524078369140625 0.1517333984375
-0.106407165527344 0.0940017700195313 -0.289520263671875 0.200531005859375
-0.0807342529296875 0.0751266479492188 -0.0650177001953125 0.0518264770507813
-0.0518951416015625 0.0986557006835938 -0.0881805419921875 -0.097076416015625
-0.00356292724609376 0.115730285644531 -0.172210693359375 -0.1724853515625
0.076507568359375 0.120429992675781 -0.299957275390625 -0.174713134765625
0.109054565429688 0.08270263671875 -0.388763427734375 -0.1151123046875
0.116607666015625 0.0658340454101563 -0.37908935546875 -0.0919189453125
0.134902954101563 0.0831298828125 -0.3519287109375 -0.125213623046875
0.0993194580078125 0.109504699707031 -0.265167236328125 -0.182632446289063
0.0279541015625 0.131187438964844 -0.151779174804688 -0.170013427734375
0.00214385986328125 0.117202758789062 -0.0504531860351562 -0.110450744628906
-0.0651473999023438 0.108314514160156 -0.0300807952880859 0.0234508514404297
-0.111457824707031 0.137519836425781 -0.115615844726563 0.22100830078125
-0.148452758789063 0.14215087890625 -0.264404296875 0.2408447265625
-0.0787887573242188 -0.0401611328125 0.252471923828125 -0.33551025390625
-0.124290466308594 -0.023590087890625 0.125732421875 -0.269744873046875
-0.106582641601563 0.053985595703125 -0.0157051086425781 -0.0542030334472656
-0.0423583984375 0.07635498046875 0.0347900390625 0.101936340332031
-0.0123023986816406 0.0661811828613281 0.125534057617188 0.17864990234375
0.0137748718261719 0.0438308715820313 0.30145263671875 0.178253173828125
0.0425987243652344 0.0274200439453125 0.41357421875 0.097564697265625
0.035614013671875 0.0251846313476563 0.417877197265625 0.043487548828125
0.0329418182373047 0.00696945190429688 0.410491943359375 0.064849853515625
0.0541839599609375 0.00654983520507813 0.34149169921875 0.13543701171875
0.06890869140625 0.0288314819335938 0.211456298828125 0.1121826171875
0.0542106628417969 0.068267822265625 0.12274169921875 0.0394973754882813
-0.00302886962890626 0.0961456298828125 0.150863647460938 -0.09124755859375
-0.0394515991210937 0.05572509765625 0.308807373046875 -0.275726318359375
-0.0127658843994141 0.0147056579589844 0.6143798828125 -0.18658447265625
-0.28204345703125 0.08050537109375 0.24005126953125 -0.309722900390625
-0.287506103515625 0.102874755859375 0.14312744140625 -0.249404907226563
-0.25054931640625 0.197479248046875 0.00139617919921874 -0.083953857421875
-0.100357055664062 0.256088256835937 0.0324554443359375 0.0657806396484375
0.0115814208984375 0.234222412109375 0.09088134765625 0.142929077148438
0.128982543945313 0.183395385742187 0.261199951171875 0.153839111328125
0.196807861328125 0.107498168945312 0.369537353515625 0.0849609375
0.185409545898438 0.094879150390625 0.375762939453125 0.02850341796875
0.200042724609375 0.0811920166015625 0.3695068359375 0.042205810546875
0.201324462890625 0.110687255859375 0.317840576171875 0.1007080078125
0.157485961914062 0.1771240234375 0.188735961914063 0.073089599609375
0.0961151123046875 0.2381591796875 0.113433837890625 0.00484466552734376
-0.07635498046875 0.269882202148438 0.138694763183594 -0.1236572265625
-0.188674926757813 0.229568481445312 0.301849365234375 -0.275360107421875
-0.194244384765625 0.1622314453125 0.59759521484375 -0.17620849609375
-0.4476318359375 0.189117431640625 0.164749145507812 -0.256546020507813
-0.420501708984375 0.21881103515625 0.119598388671875 -0.19921875
-0.3673095703125 0.32196044921875 0.017730712890625 -0.100189208984375
-0.1519775390625 0.4085693359375 0.0345573425292969 0.016866683959961
0.02923583984375 0.377716064453125 0.0517044067382813 0.0771560668945313
0.221893310546875 0.303924560546875 0.18609619140625 0.09735107421875
0.31964111328125 0.175323486328125 0.2705078125 0.0552978515625
0.307464599609375 0.1507568359375 0.2767333984375 0.00929260253906251
0.342376708984375 0.138641357421875 0.271347045898438 0.0184783935546875
0.329193115234375 0.19378662109375 0.244827270507813 0.058624267578125
0.23870849609375 0.30047607421875 0.135841369628906 0.0287933349609375
0.141754150390625 0.37762451171875 0.0884857177734375 -0.0275955200195312
-0.12506103515625 0.415496826171875 0.114364624023438 -0.133476257324219
-0.296142578125 0.3768310546875 0.267288208007813 -0.228530883789063
-0.335784912109375 0.288665771484375 0.51763916015625 -0.12567138671875
-0.544464111328125 0.275421142578125 0.0367889404296875 -0.175186157226563
-0.492218017578125 0.316375732421875 0.0597686767578125 -0.119636535644531
-0.4197998046875 0.418609619140625 0.0258407592773437 -0.0959396362304687
-0.166259765625 0.509490966796875 0.0321617126464844 -0.0367851257324218
0.05084228515625 0.466278076171875 0.00473880767822266 -0.00551891326904294
0.28619384765625 0.37786865234375 0.0833206176757813 0.0203170776367188
0.39630126953125 0.2177734375 0.130508422851563 0.0131454467773438
0.384185791015625 0.1844482421875 0.136238098144531 -0.01025390625
0.432342529296875 0.17578125 0.133941650390625 -0.00162506103515624
0.412322998046875 0.249267578125 0.131980895996094 0.0163497924804688
0.288299560546875 0.38336181640625 0.0573921203613281 -0.014617919921875
0.16607666015625 0.468353271484375 0.0505180358886719 -0.0555000305175781
-0.16021728515625 0.50506591796875 0.0853195190429687 -0.119468688964844
-0.36175537109375 0.47113037109375 0.213623046875 -0.138092041015625
-0.424163818359375 0.372528076171875 0.38763427734375 -0.038360595703125
-0.5555419921875 0.32244873046875 -0.122421264648438 -0.0742950439453125
-0.483306884765625 0.37261962890625 -0.0260944366455078 -0.0196170806884765
-0.39520263671875 0.45654296875 0.0188064575195312 -0.0726547241210937
-0.142608642578125 0.531463623046875 0.014190673828125 -0.0830841064453125
0.07470703125 0.47845458984375 -0.0528030395507812 -0.0858917236328125
0.309814453125 0.388702392578125 -0.0374755859375 -0.0585098266601562
0.413360595703125 0.222991943359375 -0.0306243896484375 -0.031381607055664
0.4019775390625 0.190643310546875 -0.0250988006591797 -0.0300064086914062
0.456390380859375 0.18939208984375 -0.0239429473876953 -0.0217113494873047
0.425201416015625 0.27154541015625 -0.00180053710937497 -0.0262794494628906
0.28515625 0.412322998046875 -0.0319175720214843 -0.0559043884277344
0.154632568359375 0.488861083984375 0.00659942626953127 -0.0770111083984375
-0.180694580078125 0.512847900390625 0.0542373657226562 -0.0866012573242187
-0.37994384765625 0.4827880859375 0.1451416015625 -0.02203369140625
-0.45208740234375 0.39398193359375 0.222808837890625 0.0646209716796875
-0.474365234375 0.318267822265625 -0.286102294921875 0.034759521484375
-0.39447021484375 0.35980224609375 -0.120712280273438 0.083099365234375
-0.3035888671875 0.409637451171875 -0.00368118286132814 -0.0363731384277343
-0.09478759765625 0.455596923828125 -0.02197265625 -0.110923767089844
0.0841369628906251 0.407135009765625 -0.115615844726562 -0.14208984375
0.287322998046875 0.332794189453125 -0.159088134765625 -0.11846923828125
0.370025634765625 0.19219970703125 -0.189132690429687 -0.0659332275390625
0.359283447265625 0.165740966796875 -0.1822509765625 -0.0463409423828125
0.40814208984375 0.1751708984375 -0.17529296875 -0.043792724609375
0.366943359375 0.254913330078125 -0.131546020507812 -0.0712890625
0.224853515625 0.377044677734375 -0.110664367675781 -0.0955276489257812
0.1064453125 0.428131103515625 -0.0335540771484375 -0.0933990478515625
-0.182403564453125 0.432220458984375 0.0234260559082031 -0.0453758239746093
-0.345550537109375 0.415771484375 0.0656967163085937 0.0928955078125
-0.4085693359375 0.35614013671875 0.04718017578125 0.161422729492188
-0.323760986328125 0.253753662109375 -0.42364501953125 0.131011962890625
-0.25592041015625 0.267837524414063 -0.206130981445313 0.169845581054688
-0.18804931640625 0.276824951171875 -0.0331306457519531 0.00808715820312501
-0.055419921875 0.30316162109375 -0.0654296875 -0.112983703613281
0.0641632080078125 0.275985717773438 -0.167205810546875 -0.163787841796875
0.211807250976563 0.233535766601563 -0.259185791015625 -0.14678955078125
0.26873779296875 0.136642456054687 -0.3201904296875 -0.081695556640625
0.263427734375 0.11639404296875 -0.31024169921875 -0.054962158203125
0.2984619140625 0.13214111328125 -0.29638671875 -0.068267822265625
0.255096435546875 0.19696044921875 -0.230697631835938 -0.11737060546875
0.136001586914063 0.279144287109375 -0.158660888671875 -0.132431030273437
0.05059814453125 0.295745849609375 -0.0568389892578125 -0.104743957519531
-0.144073486328125 0.2882080078125 -0.00337696075439454 -0.00569009780883787
-0.250244140625 0.295654296875 -0.0174407958984375 0.182510375976563
-0.300079345703125 0.272491455078125 -0.116226196289063 0.233657836914063
-0.128517150878906 0.1373291015625 -0.51495361328125 0.202239990234375
-0.101661682128906 0.113609313964844 -0.267532348632812 0.229263305664063
-0.0764541625976562 0.094268798828125 -0.0570526123046875 0.0533676147460938
-0.0379409790039062 0.112098693847656 -0.0989837646484375 -0.0925445556640625
0.0152053833007812 0.118667602539063 -0.194351196289063 -0.156280517578125
0.0956039428710938 0.112564086914063 -0.322357177734375 -0.144744873046875
0.123748779296875 0.0672225952148438 -0.4049072265625 -0.076446533203125
0.127830505371094 0.0493087768554688 -0.391815185546875 -0.0534057617187501
0.148574829101562 0.0641632080078125 -0.3690185546875 -0.088104248046875
0.116844177246094 0.0948944091796875 -0.286041259765625 -0.156402587890625
0.0490341186523437 0.128089904785156 -0.171234130859375 -0.156539916992188
0.0201492309570312 0.117774963378906 -0.0621109008789063 -0.106513977050781
-0.0498428344726562 0.121986389160156 -0.0250129699707031 0.0297870635986328
-0.0956573486328125 0.158935546875 -0.090728759765625 0.2374267578125
-0.136642456054688 0.166030883789063 -0.241348266601562 0.275192260742188
-0.0781173706054688 -0.0402374267578125 0.217620849609375 -0.3553466796875
-0.127067565917969 -0.0191192626953125 0.09619140625 -0.27880859375
-0.105445861816406 0.0586318969726563 -0.0227127075195313 -0.0523834228515625
-0.0416412353515625 0.0790557861328125 0.0421600341796875 0.0946426391601563
-0.01123046875 0.0707626342773438 0.138229370117188 0.15997314453125
0.0143928527832031 0.0481452941894531 0.309844970703125 0.143524169921875
0.0426788330078125 0.0277557373046875 0.412109375 0.054840087890625
0.0351982116699219 0.0255470275878906 0.41229248046875 0.001129150390625
0.0301532745361328 0.0078887939453125 0.408721923828125 0.02032470703125
0.0483055114746094 0.00247955322265625 0.350341796875 0.096588134765625
0.0652046203613281 0.0197982788085938 0.222640991210938 0.0894775390625
0.0565681457519531 0.05914306640625 0.127830505371094 0.0292434692382813
0.0082550048828125 0.088043212890625 0.1392822265625 -0.100914001464844
-0.0306320190429687 0.0527572631835938 0.27252197265625 -0.293853759765625
-0.00777530670166016 0.00951862335205078 0.58416748046875 -0.23529052734375
-0.265396118164063 0.0990753173828126 0.20916748046875 -0.331207275390625
-0.273452758789063 0.121170043945313 0.115554809570312 -0.263702392578125
-0.2322998046875 0.215362548828125 -0.00749206542968751 -0.0839920043945312
-0.08056640625 0.260757446289063 0.0367507934570312 0.0571861267089844
0.0289154052734375 0.231674194335938 0.100799560546875 0.127593994140625
0.140899658203125 0.172393798828125 0.26666259765625 0.122116088867188
0.201263427734375 0.0901336669921875 0.3682861328125 0.04449462890625
0.188446044921875 0.0774993896484375 0.369140625 -0.01324462890625
0.202011108398438 0.0625152587890625 0.366424560546875 6.10351562500038E-05
0.204025268554688 0.0888671875 0.324462890625 0.06341552734375
0.169662475585938 0.156768798828125 0.196823120117187 0.0520477294921875
0.116134643554688 0.22259521484375 0.116134643554688 -0.00498962402343749
-0.0482177734375 0.268600463867188 0.126838684082031 -0.130935668945312
-0.160934448242187 0.240264892578125 0.268524169921875 -0.294921875
-0.172027587890625 0.173126220703125 0.5721435546875 -0.22698974609375
-0.4171142578125 0.224395751953125 0.140914916992187 -0.275146484375
-0.39239501953125 0.248199462890625 0.0992431640625 -0.213638305664062
-0.3338623046875 0.350921630859375 0.00817108154296874 -0.1025390625
-0.114044189453125 0.414825439453125 0.0355758666992188 0.0071830749511719
0.06134033203125 0.36871337890625 0.0565299987792969 0.0664138793945313
0.244461059570313 0.280319213867188 0.188522338867188 0.07318115234375
0.32867431640625 0.142974853515625 0.268951416015625 0.0229339599609375
0.314208984375 0.1187744140625 0.271133422851563 -0.0231170654296875
0.34857177734375 0.10284423828125 0.269271850585938 -0.0134735107421875
0.341278076171875 0.156494140625 0.249725341796875 0.02783203125
0.264114379882813 0.269638061523438 0.140449523925781 0.0117645263671875
0.17572021484375 0.3560791015625 0.0888671875 -0.036163330078125
-0.0819091796875 0.41912841796875 0.103919982910156 -0.138755798339844
-0.253326416015625 0.3990478515625 0.24188232421875 -0.24658203125
-0.30096435546875 0.313751220703125 0.501007080078125 -0.17156982421875
-0.50360107421875 0.320953369140625 0.023223876953125 -0.185302734375
-0.450958251953125 0.354248046875 0.0499191284179687 -0.130867004394531
-0.373748779296875 0.455841064453125 0.0182418823242187 -0.100326538085937
-0.114898681640625 0.515472412109375 0.0299263000488281 -0.0462226867675781
0.094207763671875 0.452667236328125 0.00293350219726563 -0.0101842880249023
0.317169189453125 0.3448486328125 0.0813064575195313 0.00730895996093752
0.40838623046875 0.17437744140625 0.128379821777344 -0.00544738769531249
0.392730712890625 0.143524169921875 0.132217407226563 -0.0302505493164062
0.4423828125 0.12799072265625 0.132858276367188 -0.0198745727539062
0.4295654296875 0.200897216796875 0.136024475097656 -0.00366973876953124
0.32330322265625 0.346588134765625 0.0594902038574219 -0.0243339538574219
0.210723876953125 0.4429931640625 0.0483360290527344 -0.0609397888183594
-0.10687255859375 0.5130615234375 0.0782699584960938 -0.123130798339844
-0.30804443359375 0.499542236328125 0.199417114257812 -0.153305053710937
-0.381500244140625 0.404052734375 0.38323974609375 -0.074676513671875
-0.51220703125 0.372833251953125 -0.123023986816406 -0.0711593627929687
-0.436431884765625 0.4124755859375 -0.022970199584961 -0.024261474609375
-0.34466552734375 0.49462890625 0.0148468017578125 -0.0782012939453125
-0.08660888671875 0.536865234375 0.00926971435546875 -0.0902099609375
0.12139892578125 0.461395263671875 -0.0599899291992188 -0.0833892822265625
0.343719482421875 0.350494384765625 -0.0441055297851562 -0.0574264526367187
0.428131103515625 0.174652099609375 -0.0335445404052734 -0.0338401794433594
0.41259765625 0.14544677734375 -0.0272674560546875 -0.03399658203125
0.467620849609375 0.136688232421875 -0.0240249633789062 -0.0231380462646484
0.446258544921875 0.220184326171875 -0.000234603881835909 -0.0315189361572265
0.324127197265625 0.37548828125 -0.0343246459960937 -0.0561981201171875
0.20208740234375 0.46435546875 0.00124359130859376 -0.0784759521484375
-0.126617431640625 0.524810791015625 0.0506057739257813 -0.0881805419921875
-0.326446533203125 0.51422119140625 0.143875122070313 -0.034332275390625
-0.406402587890625 0.43060302734375 0.231216430664062 0.0416259765625
-0.43658447265625 0.36285400390625 -0.273483276367188 0.0508880615234375
-0.352081298828125 0.396026611328125 -0.10540771484375 0.0854034423828125
-0.2591552734375 0.44189453125 -0.00317764282226564 -0.04095458984375
-0.044586181640625 0.460968017578125 -0.0293731689453125 -0.113975524902344
0.12615966796875 0.390228271484375 -0.126220703125 -0.13079833984375
0.317596435546875 0.29754638671875 -0.168060302734375 -0.103515625
0.382110595703125 0.14910888671875 -0.19122314453125 -0.052032470703125
0.369293212890625 0.123748779296875 -0.182662963867188 -0.0334320068359375
0.418609619140625 0.126556396484375 -0.175247192382812 -0.0291595458984375
0.3887939453125 0.20855712890625 -0.131439208984375 -0.06231689453125
0.26348876953125 0.3460693359375 -0.115699768066406 -0.0871200561523437
0.150848388671875 0.409881591796875 -0.0400466918945312 -0.0911102294921875
-0.136077880859375 0.446624755859375 0.0243759155273437 -0.045684814453125
-0.2978515625 0.4490966796875 0.0767364501953125 0.0857162475585938
-0.3681640625 0.391510009765625 0.0661163330078125 0.153335571289063
-0.296539306640625 0.28662109375 -0.40185546875 0.1605224609375
-0.22735595703125 0.2945556640625 -0.181259155273438 0.1795654296875
-0.1566162109375 0.30267333984375 -0.0284442901611328 0.00441360473632814
-0.02032470703125 0.307952880859375 -0.0733413696289063 -0.110794067382812
0.0956268310546875 0.264053344726563 -0.179885864257813 -0.145889282226562
0.235610961914063 0.205856323242188 -0.268905639648438 -0.120223999023438
0.2791748046875 0.102249145507813 -0.32159423828125 -0.05242919921875
0.27056884765625 0.083587646484375 -0.308929443359375 -0.027984619140625
0.308319091796875 0.094329833984375 -0.29638671875 -0.040435791015625
0.273330688476563 0.16192626953125 -0.23388671875 -0.0955352783203125
0.167190551757813 0.257766723632813 -0.167388916015625 -0.116897583007812
0.083221435546875 0.28436279296875 -0.0651931762695313 -0.0992889404296875
-0.109588623046875 0.302154541015625 0.000252485275268548 -0.00419712066650389
-0.215301513671875 0.321533203125 0.00352478027343747 0.181365966796875
-0.2691650390625 0.301055908203125 -0.08892822265625 0.24127197265625
-0.117462158203125 0.15447998046875 -0.487762451171875 0.239105224609375
-0.0916290283203125 0.129356384277344 -0.236099243164063 0.244293212890625
-0.0654678344726562 0.110893249511719 -0.0492744445800781 0.0510063171386719
-0.0213394165039063 0.119384765625 -0.106338500976563 -0.0857620239257812
0.0323333740234375 0.115509033203125 -0.206649780273438 -0.134597778320312
0.109939575195313 0.0988006591796875 -0.33123779296875 -0.1109619140625
0.131187438964844 0.048828125 -0.4031982421875 -0.037078857421875
0.132499694824219 0.0311965942382812 -0.38836669921875 -0.0168457031250001
0.154373168945313 0.0418243408203125 -0.36895751953125 -0.0512084960937499
0.127769470214844 0.0755691528320313 -0.2923583984375 -0.125701904296875
0.0663223266601563 0.117416381835937 -0.182113647460938 -0.137527465820312
0.0372161865234375 0.112098693847656 -0.070465087890625 -0.0975570678710938
-0.0319137573242187 0.129745483398438 -0.0175838470458984 0.0336685180664063
-0.0754547119140625 0.172637939453125 -0.0638580322265625 0.242996215820312
-0.118301391601562 0.183334350585938 -0.210662841796875 0.29534912109375
-0.0765304565429688 -0.0427474975585938 0.18865966796875 -0.361114501953125
-0.1295166015625 -0.0174102783203125 0.07171630859375 -0.278106689453125
-0.107330322265625 0.0596466064453125 -0.0271759033203125 -0.0498161315917969
-0.042816162109375 0.0807113647460938 0.0445785522460937 0.0877227783203125
-0.0113601684570313 0.07470703125 0.141128540039063 0.14373779296875
0.014251708984375 0.0530509948730469 0.30572509765625 0.116912841796875
0.0414047241210938 0.0305862426757813 0.4007568359375 0.02496337890625
0.0339584350585938 0.0269412994384766 0.397064208984375 -0.027130126953125
0.0267200469970703 0.0110435485839844 0.39691162109375 -0.010040283203125
0.041717529296875 0.00202560424804688 0.34783935546875 0.066650390625
0.0596427917480469 0.0137100219726563 0.2257080078125 0.0712127685546875
0.0551528930664063 0.0499038696289063 0.128936767578125 0.0214920043945313
0.0136947631835937 0.0778884887695313 0.128181457519531 -0.10211181640625
-0.0241203308105469 0.0457725524902344 0.242523193359375 -0.29791259765625
-0.00396871566772461 0.00353264808654785 0.55169677734375 -0.2591552734375
-0.24798583984375 0.105712890625 0.183349609375 -0.3411865234375
-0.2611083984375 0.127685546875 0.093597412109375 -0.2657470703125
-0.218414306640625 0.221954345703125 -0.0136489868164063 -0.0830764770507812
-0.0680389404296875 0.25909423828125 0.0380210876464844 0.0489730834960938
0.0388336181640625 0.2274169921875 0.102760314941406 0.113090515136719
0.14556884765625 0.164016723632813 0.262283325195312 0.0975189208984375
0.199462890625 0.07861328125 0.3575439453125 0.016265869140625
0.185409545898438 0.06640625 0.354522705078125 -0.0406494140625
0.197525024414063 0.050079345703125 0.354736328125 -0.028350830078125
0.20037841796875 0.073089599609375 0.32122802734375 0.03436279296875
0.171676635742187 0.139328002929688 0.198989868164063 0.0341949462890625
0.12542724609375 0.20526123046875 0.116127014160156 -0.0118789672851562
-0.0283966064453125 0.259414672851563 0.117080688476563 -0.131324768066406
-0.137222290039063 0.23876953125 0.2406005859375 -0.297821044921875
-0.153076171875 0.173141479492188 0.542022705078125 -0.253173828125
-0.3865966796875 0.239227294921875 0.12139892578125 -0.283721923828125
-0.365203857421875 0.258148193359375 0.0827178955078125 -0.219650268554687
-0.3050537109375 0.362579345703125 0.00170135498046873 -0.103469848632812
-0.088623046875 0.41107177734375 0.0344448089599609 -0.0012245178222656
0.079925537109375 0.355712890625 0.0568923950195313 0.0555458068847656
0.254425048828125 0.25970458984375 0.183624267578125 0.0549163818359375
0.327301025390625 0.11859130859375 0.2596435546875 4.57763671875073E-05
0.309722900390625 0.09576416015625 0.258865356445313 -0.0460205078125
0.3427734375 0.077606201171875 0.26031494140625 -0.0359954833984375
0.339263916015625 0.127044677734375 0.247451782226563 0.00373840332031251
0.272903442382812 0.24285888671875 0.141403198242188 -0.00228881835937499
0.1932373046875 0.332489013671875 0.0878753662109375 -0.0422439575195312
-0.051544189453125 0.410247802734375 0.0974578857421875 -0.138092041015625
-0.2181396484375 0.402496337890625 0.220291137695313 -0.250823974609375
-0.269256591796875 0.3182373046875 0.479583740234375 -0.197296142578125
-0.465087890625 0.3431396484375 0.014556884765625 -0.190750122070312
-0.41351318359375 0.367828369140625 0.0417556762695312 -0.138267517089844
-0.3341064453125 0.470123291015625 0.0121383666992187 -0.10382080078125
-0.079620361328125 0.509246826171875 0.0267715454101562 -0.0543174743652343
0.118896484375 0.43243408203125 0.000759124755859383 -0.0152702331542968
0.33050537109375 0.313812255859375 0.0756683349609375 -0.00211334228515623
0.406463623046875 0.14208984375 0.122329711914063 -0.0195770263671875
0.388641357421875 0.112274169921875 0.123939514160156 -0.0446395874023437
0.43719482421875 0.0931396484375 0.1279296875 -0.0335464477539063
0.430633544921875 0.163116455078125 0.134941101074219 -0.020721435546875
0.339202880859375 0.314178466796875 0.0588531494140625 -0.0327720642089844
0.2347412109375 0.416046142578125 0.0467872619628906 -0.0650177001953125
-0.068450927734375 0.506866455078125 0.0740509033203125 -0.12249755859375
-0.26568603515625 0.50592041015625 0.18658447265625 -0.159622192382812
-0.3424072265625 0.41510009765625 0.372589111328125 -0.0982666015625
-0.471923828125 0.3973388671875 -0.120864868164063 -0.0719451904296874
-0.395355224609375 0.428497314453125 -0.0204830169677735 -0.0312099456787109
-0.299407958984375 0.50909423828125 0.0119705200195312 -0.0831832885742187
-0.0465087890625 0.52880859375 0.004364013671875 -0.0969772338867187
0.149017333984375 0.437591552734375 -0.0646133422851563 -0.0805892944335937
0.358306884765625 0.316741943359375 -0.0484199523925781 -0.0569496154785156
0.4261474609375 0.13934326171875 -0.0363693237304687 -0.0368537902832031
0.40838623046875 0.111328125 -0.0300750732421875 -0.0376853942871094
0.4622802734375 0.096954345703125 -0.0240821838378906 -0.0260448455810547
0.4498291015625 0.1798095703125 0.00101089477539065 -0.0387306213378906
0.343994140625 0.34033203125 -0.0348777770996093 -0.0577507019042969
0.23028564453125 0.436431884765625 -0.00148773193359373 -0.0797500610351562
-0.087127685546875 0.520782470703125 0.0498809814453125 -0.0883941650390625
-0.28045654296875 0.525787353515625 0.141036987304688 -0.0420989990234375
-0.3653564453125 0.44427490234375 0.23260498046875 0.023162841796875
-0.401123046875 0.386993408203125 -0.25982666015625 0.0560760498046875
-0.31500244140625 0.410797119140625 -0.0915679931640625 0.0811080932617188
-0.21795654296875 0.4561767578125 -0.00315093994140626 -0.0462646484375
-0.00805664062500005 0.454193115234375 -0.0345535278320313 -0.11676025390625
0.152191162109375 0.367431640625 -0.131057739257813 -0.122344970703125
0.33221435546875 0.264739990234375 -0.170425415039063 -0.0924530029296875
0.381988525390625 0.11395263671875 -0.189773559570312 -0.0430145263671875
0.366607666015625 0.091461181640625 -0.179855346679687 -0.026702880859375
0.415313720703125 0.088348388671875 -0.170318603515625 -0.020904541015625
0.393707275390625 0.169677734375 -0.128303527832031 -0.0582199096679688
0.284881591796875 0.315093994140625 -0.1173095703125 -0.0815582275390625
0.17724609375 0.38677978515625 -0.0434341430664062 -0.0882186889648437
-0.09942626953125 0.447845458984375 0.0259208679199219 -0.0457115173339843
-0.25799560546875 0.46124267578125 0.08404541015625 0.0779876708984375
-0.330810546875 0.40673828125 0.0790863037109375 0.142852783203125
-0.27142333984375 0.304351806640625 -0.37890625 0.17242431640625
-0.20037841796875 0.306671142578125 -0.159408569335937 0.177215576171875
-0.128021240234375 0.315673828125 -0.0252876281738281 -0.00136566162109373
0.00790405273437498 0.304901123046875 -0.0774383544921875 -0.108619689941406
0.116119384765625 0.248748779296875 -0.184036254882813 -0.131393432617187
0.247528076171875 0.180267333984375 -0.269134521484375 -0.100540161132812
0.279159545898437 0.074920654296875 -0.31512451171875 -0.0338134765625
0.268997192382813 0.0574493408203125 -0.30133056640625 -0.01080322265625
0.3060302734375 0.063873291015625 -0.288726806640625 -0.0216064453125
0.27911376953125 0.130508422851563 -0.229888916015625 -0.0814666748046875
0.185256958007812 0.235153198242187 -0.16961669921875 -0.104827880859375
0.105392456054688 0.26953125 -0.0686264038085937 -0.0936508178710938
-0.08184814453125 0.304779052734375 0.00486707687377929 -0.00300598144531248
-0.183746337890625 0.333953857421875 0.0190277099609375 0.175628662109375
-0.24066162109375 0.31512451171875 -0.0666351318359375 0.239395141601563
-0.107635498046875 0.165603637695313 -0.45819091796875 0.2547607421875
-0.0815505981445312 0.139663696289063 -0.210342407226563 0.245407104492188
-0.0538177490234375 0.123344421386719 -0.044189453125 0.0446929931640625
-0.00698089599609375 0.122688293457031 -0.109695434570313 -0.0809707641601562
0.0449371337890625 0.109367370605469 -0.210586547851563 -0.116897583007812
0.118812561035156 0.085540771484375 -0.328155517578125 -0.0855102539062499
0.13287353515625 0.0323715209960938 -0.393402099609375 -0.010467529296875
0.131813049316406 0.0157394409179688 -0.376556396484375 0.00704956054687493
0.153274536132813 0.02276611328125 -0.359161376953125 -0.024993896484375
0.132125854492188 0.0576324462890625 -0.288055419921875 -0.10382080078125
0.0783538818359375 0.105400085449219 -0.185089111328125 -0.121994018554688
0.049468994140625 0.103889465332031 -0.0736770629882813 -0.0905990600585938
-0.01605224609375 0.132118225097656 -0.0111770629882813 0.0348644256591797
-0.0567474365234375 0.180999755859375 -0.04254150390625 0.240997314453125
-0.101898193359375 0.19287109375 -0.18231201171875 0.302398681640625
-0.0760650634765625 -0.0494613647460937 0.170745849609375 -0.3660888671875
-0.135269165039063 -0.018585205078125 0.056365966796875 -0.276702880859375
-0.112281799316406 0.0607528686523437 -0.0306320190429687 -0.0477523803710938
-0.0477294921875 0.0838394165039063 0.0443115234375 0.0828399658203125
-0.01251220703125 0.0805511474609375 0.140914916992188 0.13385009765625
0.0146026611328125 0.0594902038574219 0.30072021484375 0.09991455078125
0.0420036315917969 0.0353813171386719 0.392608642578125 0.007354736328125
0.0326690673828125 0.0310115814208984 0.3863525390625 -0.04473876953125
0.0247440338134766 0.0152244567871094 0.387359619140625 -0.02984619140625
0.0354995727539063 0.00377655029296875 0.34552001953125 0.047515869140625
0.0525321960449219 0.00977706909179687 0.229293823242188 0.058135986328125
0.0518836975097656 0.0433616638183594 0.132240295410156 0.017974853515625
0.0160636901855469 0.0677871704101563 0.122383117675781 -0.1011962890625
-0.0204238891601563 0.0372161865234375 0.2230224609375 -0.29510498046875
-0.000977754592895508 -0.00336837768554688 0.531463623046875 -0.27032470703125
-0.237197875976563 0.104843139648438 0.167327880859375 -0.3477783203125
-0.255767822265625 0.127655029296875 0.0792388916015625 -0.269210815429687
-0.212875366210938 0.22564697265625 -0.0176925659179688 -0.0831375122070312
-0.063720703125 0.26025390625 0.0369224548339844 0.0424690246582031
0.0433807373046875 0.226669311523437 0.101325988769531 0.103118896484375
0.14996337890625 0.16229248046875 0.256393432617188 0.0821533203125
0.198287963867187 0.07354736328125 0.3485107421875 -0.001983642578125
0.1834716796875 0.0616912841796875 0.34356689453125 -0.058135986328125
0.194503784179688 0.0446624755859375 0.346435546875 -0.047271728515625
0.195053100585938 0.0640869140625 0.318450927734375 0.014373779296875
0.1705322265625 0.12750244140625 0.20050048828125 0.02056884765625
0.128753662109375 0.19317626953125 0.118911743164063 -0.01715087890625
-0.016754150390625 0.250167846679688 0.113639831542969 -0.129714965820312
-0.122634887695313 0.235549926757813 0.224822998046875 -0.2977294921875
-0.14013671875 0.170074462890625 0.5255126953125 -0.26861572265625
-0.366912841796875 0.2437744140625 0.109283447265625 -0.29205322265625
-0.349822998046875 0.263336181640625 0.07147216796875 -0.225051879882812
-0.288543701171875 0.3699951171875 -0.00321197509765627 -0.105567932128906
-0.0750732421875 0.409027099609375 0.0323104858398437 -0.00961303710937498
0.09014892578125 0.349639892578125 0.0543365478515625 0.0475654602050781
0.2608642578125 0.248611450195313 0.177169799804688 0.041900634765625
0.32470703125 0.1064453125 0.251449584960937 -0.015716552734375
0.306732177734375 0.08319091796875 0.249343872070313 -0.06109619140625
0.338897705078125 0.06231689453125 0.253555297851563 -0.0518951416015625
0.335784912109375 0.1092529296875 0.24603271484375 -0.015472412109375
0.27789306640625 0.224609375 0.142471313476563 -0.0142974853515625
0.20318603515625 0.31610107421875 0.0892486572265625 -0.0466537475585937
-0.033905029296875 0.40289306640625 0.0957489013671875 -0.136970520019531
-0.19439697265625 0.4024658203125 0.209320068359375 -0.252288818359375
-0.24932861328125 0.31915283203125 0.46807861328125 -0.21368408203125
-0.439605712890625 0.35302734375 0.00889587402343749 -0.19915771484375
-0.390960693359375 0.374542236328125 0.0361785888671875 -0.145919799804687
-0.30902099609375 0.477783203125 0.00837707519531249 -0.107856750488281
-0.05865478515625 0.506195068359375 0.0229759216308594 -0.0632476806640625
0.13421630859375 0.420562744140625 -0.00201988220214843 -0.0206489562988281
0.339080810546875 0.296234130859375 0.0702285766601563 -0.0102348327636719
0.40374755859375 0.122039794921875 0.116142272949219 -0.0305938720703125
0.385101318359375 0.0936279296875 0.116874694824219 -0.0547561645507813
0.43206787109375 0.070220947265625 0.1241455078125 -0.0443115234375
0.42822265625 0.13800048828125 0.133705139160156 -0.0344314575195312
0.347686767578125 0.29132080078125 0.0589714050292969 -0.0414085388183594
0.248748779296875 0.397064208984375 0.0468864440917969 -0.0690422058105468
-0.046173095703125 0.500518798828125 0.0746078491210938 -0.121986389160156
-0.23681640625 0.510467529296875 0.181015014648437 -0.16375732421875
-0.318939208984375 0.419464111328125 0.367828369140625 -0.1136474609375
-0.444091796875 0.411651611328125 -0.119537353515625 -0.0784988403320313
-0.368255615234375 0.435699462890625 -0.0187950134277344 -0.0397224426269531
-0.268341064453125 0.519287109375 0.00983428955078123 -0.0890579223632812
-0.019775390625 0.52410888671875 0.000358581542968744 -0.104545593261719
0.165863037109375 0.422454833984375 -0.06793212890625 -0.0826644897460937
0.36865234375 0.292755126953125 -0.0528106689453125 -0.0584182739257812
0.4229736328125 0.11590576171875 -0.0395584106445312 -0.040496826171875
0.405029296875 0.08929443359375 -0.0333061218261719 -0.04205322265625
0.457763671875 0.071075439453125 -0.0237159729003906 -0.0304679870605469
0.4501953125 0.14984130859375 0.0015220642089844 -0.0468406677246094
0.356781005859375 0.31610107421875 -0.0357437133789062 -0.0612983703613281
0.248992919921875 0.41900634765625 -0.00228118896484373 -0.0815963745117187
-0.060546875 0.519561767578125 0.052276611328125 -0.0890350341796875
-0.250030517578125 0.53387451171875 0.141998291015625 -0.047821044921875
-0.340484619140625 0.451507568359375 0.235076904296875 0.00976562500000003
-0.377105712890625 0.401458740234375 -0.251510620117188 0.0540618896484375
-0.290313720703125 0.420013427734375 -0.0836563110351563 0.072906494140625
-0.188690185546875 0.467315673828125 -0.00335693359375001 -0.0534934997558593
0.01873779296875 0.44940185546875 -0.0382003784179688 -0.122039794921875
0.168487548828125 0.353271484375 -0.133842468261719 -0.118255615234375
0.341400146484375 0.24261474609375 -0.172637939453125 -0.0868072509765625
0.37945556640625 0.090240478515625 -0.189712524414062 -0.03936767578125
0.364501953125 0.070465087890625 -0.17950439453125 -0.0240325927734375
0.411895751953125 0.062103271484375 -0.167083740234375 -0.0181121826171875
0.3955078125 0.141448974609375 -0.12603759765625 -0.0594635009765625
0.2987060546875 0.293212890625 -0.118148803710937 -0.0801467895507813
0.1961669921875 0.371246337890625 -0.044769287109375 -0.0883102416992187
-0.07440185546875 0.4482421875 0.0299186706542969 -0.0465316772460937
-0.2296142578125 0.471099853515625 0.0903701782226562 0.0719451904296875
-0.307464599609375 0.415435791015625 0.0886383056640625 0.13397216796875
-0.255340576171875 0.319000244140625 -0.364959716796875 0.173675537109375
-0.182769775390625 0.317291259765625 -0.146041870117187 0.171783447265625
-0.10565185546875 0.326934814453125 -0.0243301391601563 -0.00848960876464842
0.02899169921875 0.303680419921875 -0.081573486328125 -0.111984252929687
0.129852294921875 0.236968994140625 -0.186264038085938 -0.123779296875
0.256027221679688 0.162216186523438 -0.269088745117187 -0.08892822265625
0.278167724609375 0.0544586181640625 -0.31182861328125 -0.022491455078125
0.267578125 0.03955078125 -0.297454833984375 -0.00183105468749994
0.30340576171875 0.041351318359375 -0.2828369140625 -0.012237548828125
0.28204345703125 0.107208251953125 -0.226821899414063 -0.075408935546875
0.197998046875 0.21759033203125 -0.170440673828125 -0.099456787109375
0.121246337890625 0.257614135742188 -0.0706558227539062 -0.0909576416015625
-0.06109619140625 0.307342529296875 0.00993251800537109 -0.00353527069091795
-0.16046142578125 0.3441162109375 0.0304107666015625 0.1710205078125
-0.222015380859375 0.325042724609375 -0.052032470703125 0.236312866210938
-0.10186767578125 0.1761474609375 -0.44293212890625 0.261383056640625
-0.074737548828125 0.149398803710938 -0.194732666015625 0.241378784179687
-0.0427017211914063 0.133964538574219 -0.0430526733398437 0.0376930236816406
0.00580596923828126 0.125442504882813 -0.113395690917969 -0.080078125
0.05572509765625 0.103782653808594 -0.21282958984375 -0.105941772460938
0.125801086425781 0.0741119384765625 -0.326904296875 -0.069183349609375
0.133705139160156 0.0191421508789063 -0.386566162109375 0.00521850585937496
0.131332397460938 0.00296783447265625 -0.36932373046875 0.020721435546875
0.151763916015625 0.0079345703125 -0.352294921875 -0.0111389160156251
0.134727478027344 0.0419692993164063 -0.28485107421875 -0.091552734375
0.0866165161132813 0.0946273803710938 -0.1854248046875 -0.112472534179688
0.059722900390625 0.096435546875 -0.0747833251953125 -0.0858612060546875
-0.00225830078124999 0.133834838867187 -0.00481033325195312 0.0355987548828125
-0.04107666015625 0.18798828125 -0.02703857421875 0.238876342773438
-0.0899810791015625 0.201034545898438 -0.164825439453125 0.30487060546875
-0.07958984375 -0.0586090087890625 0.158233642578125 -0.37713623046875
-0.145553588867188 -0.020355224609375 0.043182373046875 -0.28179931640625
-0.121749877929688 0.06439208984375 -0.0338706970214844 -0.0473518371582031
-0.0541534423828125 0.090789794921875 0.0444488525390625 0.0809249877929688
-0.0134811401367187 0.0893707275390625 0.14141845703125 0.128631591796875
0.0168380737304687 0.0685195922851563 0.3006591796875 0.089691162109375
0.0439033508300781 0.0418701171875 0.3927001953125 -0.0069580078125
0.0331954956054688 0.0358924865722656 0.38470458984375 -0.059722900390625
0.0241947174072266 0.0219173431396484 0.38641357421875 -0.0465087890625
0.0307083129882813 0.00802993774414063 0.348541259765625 0.031463623046875
0.0455093383789063 0.00808334350585938 0.2364501953125 0.0471954345703125
0.0476646423339844 0.0386276245117188 0.1385498046875 0.0137481689453125
0.0157661437988281 0.0587348937988281 0.121360778808594 -0.101043701171875
-0.0189495086669922 0.0279655456542969 0.21142578125 -0.297332763671875
0.00185585021972656 -0.0126180648803711 0.526885986328125 -0.282806396484375
-0.234848022460938 0.103546142578125 0.156463623046875 -0.362762451171875
-0.25970458984375 0.129440307617188 0.0673065185546875 -0.276885986328125
-0.21502685546875 0.23480224609375 -0.0228424072265625 -0.0850372314453125
-0.062744140625 0.268417358398438 0.03533935546875 0.0379180908203125
0.0471954345703125 0.234161376953125 0.100761413574219 0.0970611572265625
0.156219482421875 0.165634155273438 0.254364013671875 0.0714111328125
0.20257568359375 0.0738677978515625 0.34588623046875 -0.017547607421875
0.185104370117188 0.061279296875 0.340301513671875 -0.073699951171875
0.195587158203125 0.042724609375 0.344146728515625 -0.06451416015625
0.193588256835938 0.059600830078125 0.321319580078125 -0.00390625
0.1710205078125 0.120895385742188 0.205886840820313 0.00837707519531251
0.132583618164062 0.186691284179687 0.124343872070313 -0.0222396850585937
-0.00886535644531248 0.245407104492188 0.114540100097656 -0.130966186523437
-0.113494873046875 0.233673095703125 0.217498779296875 -0.301513671875
-0.132888793945313 0.168075561523438 0.523284912109375 -0.285980224609375
-0.3604736328125 0.249176025390625 0.10040283203125 -0.307281494140625
-0.347076416015625 0.268585205078125 0.0619354248046875 -0.2359619140625
-0.2822265625 0.38299560546875 -0.00841522216796878 -0.110549926757812
-0.0667724609375 0.4171142578125 0.0294170379638672 -0.0182628631591797
0.099151611328125 0.352783203125 0.0516433715820313 0.0410079956054688
0.271926879882813 0.245574951171875 0.173248291015625 0.032440185546875
0.330169677734375 0.09869384765625 0.248855590820313 -0.0293121337890625
0.30975341796875 0.076385498046875 0.245269775390625 -0.07586669921875
0.340850830078125 0.051666259765625 0.252227783203125 -0.068115234375
0.338165283203125 0.09613037109375 0.247451782226563 -0.032806396484375
0.2855224609375 0.214202880859375 0.146026611328125 -0.026641845703125
0.214752197265625 0.308837890625 0.0934829711914063 -0.0533370971679687
-0.018829345703125 0.403411865234375 0.0986557006835938 -0.139404296875
-0.178253173828125 0.40771484375 0.205474853515625 -0.258026123046875
-0.238372802734375 0.323394775390625 0.47125244140625 -0.231658935546875
-0.42852783203125 0.365447998046875 0.00260925292968747 -0.213180541992187
-0.380828857421875 0.384735107421875 0.0302886962890625 -0.157272338867187
-0.29248046875 0.49444580078125 0.00366973876953123 -0.115592956542969
-0.042999267578125 0.5126953125 0.0189361572265625 -0.0736846923828125
0.146881103515625 0.41949462890625 -0.00685691833496093 -0.0269813537597656
0.352813720703125 0.28814697265625 0.0652008056640625 -0.0175743103027344
0.409881591796875 0.1083984375 0.111335754394531 -0.04022216796875
0.38916015625 0.08074951171875 0.112808227539063 -0.0660171508789063
0.43621826171875 0.053375244140625 0.123115539550781 -0.0566864013671875
0.433837890625 0.118377685546875 0.134353637695313 -0.0503387451171875
0.360992431640625 0.27764892578125 0.0592880249023438 -0.0522003173828125
0.266082763671875 0.39007568359375 0.0487823486328125 -0.0747146606445312
-0.026702880859375 0.505584716796875 0.0789718627929688 -0.126007080078125
-0.216766357421875 0.523162841796875 0.182647705078125 -0.171035766601562
-0.305419921875 0.428436279296875 0.3724365234375 -0.130615234375
-0.429595947265625 0.429290771484375 -0.121788024902344 -0.0884170532226562
-0.354034423828125 0.4501953125 -0.0194320678710938 -0.0511932373046875
-0.246734619140625 0.53680419921875 0.00579071044921873 -0.0985565185546875
0.00161743164062502 0.528961181640625 -0.0051727294921875 -0.114959716796875
0.182708740234375 0.417694091796875 -0.0731353759765625 -0.0862350463867187
0.384246826171875 0.27825927734375 -0.0591011047363281 -0.0621109008789062
0.429290771484375 0.0980224609375 -0.0444602966308593 -0.045562744140625
0.40899658203125 0.07354736328125 -0.0380592346191406 -0.0474472045898437
0.46258544921875 0.050018310546875 -0.0256423950195312 -0.0369110107421875
0.457672119140625 0.126556396484375 0.000419616699218776 -0.0574493408203125
0.373779296875 0.30133056640625 -0.0376625061035156 -0.0680313110351562
0.2685546875 0.410186767578125 -0.00267791748046874 -0.086639404296875
-0.039886474609375 0.526947021484375 0.0575103759765625 -0.0938186645507812
-0.228424072265625 0.55047607421875 0.1466064453125 -0.0546875
-0.32586669921875 0.46533203125 0.243667602539062 -0.00297546386718747
-0.363555908203125 0.42242431640625 -0.251113891601563 0.0495758056640626
-0.27410888671875 0.43609619140625 -0.0800399780273438 0.0648727416992188
-0.164306640625 0.48486328125 -0.00586318969726564 -0.0633697509765625
0.042938232421875 0.453704833984375 -0.0444564819335938 -0.131362915039062
0.18609619140625 0.346588134765625 -0.140251159667969 -0.120162963867188
0.356292724609375 0.225433349609375 -0.178680419921875 -0.0852508544921875
0.385345458984375 0.070831298828125 -0.19464111328125 -0.0373992919921875
0.367706298828125 0.0526123046875 -0.182876586914062 -0.0228729248046875
0.414581298828125 0.039581298828125 -0.168869018554687 -0.0182647705078125
0.403717041015625 0.11822509765625 -0.129112243652344 -0.064361572265625
0.316741943359375 0.278045654296875 -0.122833251953125 -0.0823287963867188
0.216094970703125 0.36419677734375 -0.0471343994140625 -0.0908660888671875
-0.052459716796875 0.4580078125 0.0352706909179688 -0.0499076843261718
-0.207733154296875 0.48809814453125 0.0982666015625 0.0665817260742188
-0.292572021484375 0.430938720703125 0.0992431640625 0.12664794921875
-0.24560546875 0.339019775390625 -0.362060546875 0.176971435546875
-0.17071533203125 0.332550048828125 -0.138839721679687 0.166488647460938
-0.0855712890625 0.342529296875 -0.0256118774414063 -0.0172252655029297
0.050048828125 0.30712890625 -0.0875015258789062 -0.117172241210937
0.14556884765625 0.23077392578125 -0.19317626953125 -0.1209716796875
0.267913818359375 0.14739990234375 -0.274810791015625 -0.08172607421875
0.282196044921875 0.036712646484375 -0.315948486328125 -0.014556884765625
0.270309448242188 0.0234222412109375 -0.300048828125 0.00448608398437499
0.305419921875 0.022125244140625 -0.283355712890625 -0.00598144531249998
0.2874755859375 0.08673095703125 -0.229843139648437 -0.0742034912109375
0.21185302734375 0.204925537109375 -0.17529296875 -0.097198486328125
0.13775634765625 0.251251220703125 -0.0731887817382813 -0.0915451049804687
-0.041656494140625 0.3150634765625 0.0161809921264648 -0.00537490844726561
-0.1409912109375 0.3590087890625 0.0417633056640625 0.169204711914063
-0.20916748046875 0.34063720703125 -0.0400238037109375 0.236587524414063
-0.09808349609375 0.191818237304688 -0.438568115234375 0.269775390625
-0.06890869140625 0.162399291992188 -0.187149047851562 0.240097045898438
-0.03033447265625 0.145919799804688 -0.0448493957519531 0.0314102172851563
0.02001953125 0.129264831542969 -0.120864868164062 -0.08209228515625
0.0658416748046875 0.100303649902344 -0.218917846679688 -0.0995941162109375
0.134963989257813 0.0642013549804688 -0.331146240234375 -0.0572204589843749
0.136283874511719 0.0059356689453125 -0.388885498046875 0.018280029296875
0.132469177246094 -0.00899505615234375 -0.370086669921875 0.032501220703125
0.151718139648438 -0.0070037841796875 -0.352325439453125 -0.000335693359374951
0.137535095214844 0.0272369384765625 -0.28778076171875 -0.08514404296875
0.0957565307617188 0.084136962890625 -0.188461303710938 -0.107223510742188
0.0706558227539063 0.0895156860351563 -0.0766448974609375 -0.084197998046875
0.0127029418945312 0.137313842773438 0.00183486938476563 0.0359992980957031
-0.0247650146484375 0.198593139648437 -0.0140228271484375 0.240524291992188
-0.079681396484375 0.21295166015625 -0.150726318359375 0.31298828125
-0.0870742797851563 -0.0689468383789062 0.1412353515625 -0.397491455078125
-0.1607666015625 -0.019317626953125 0.02581787109375 -0.290496826171875
-0.13372802734375 0.0744857788085937 -0.0397834777832031 -0.0463333129882813
-0.0598907470703125 0.103302001953125 0.0457534790039062 0.0801162719726563
-0.0123062133789063 0.102531433105469 0.146347045898438 0.124313354492188
0.0232086181640625 0.07977294921875 0.3070068359375 0.07666015625
0.0503616333007813 0.0495109558105469 0.39764404296875 -0.027099609375
0.0363807678222656 0.043243408203125 0.385955810546875 -0.080963134765625
0.0254325866699219 0.0298557281494141 0.38897705078125 -0.068817138671875
0.0268707275390625 0.0130405426025391 0.3590087890625 0.009918212890625
0.0386314392089844 0.00781631469726563 0.247848510742187 0.03155517578125
0.042999267578125 0.0342369079589844 0.147567749023438 0.007537841796875
0.0148200988769531 0.0500640869140625 0.121116638183594 -0.104019165039062
-0.0200634002685547 0.0178489685058594 0.20147705078125 -0.306060791015625
0.00230026245117188 -0.0244216918945313 0.529693603515625 -0.3082275390625
-0.236099243164063 0.104827880859375 0.13922119140625 -0.3863525390625
-0.268936157226562 0.138351440429688 0.050994873046875 -0.29046630859375
-0.217437744140625 0.2523193359375 -0.0303115844726563 -0.0885467529296875
-0.05816650390625 0.28411865234375 0.0334720611572266 0.0326824188232422
0.05755615234375 0.245315551757813 0.102523803710938 0.0919876098632813
0.169998168945313 0.169723510742188 0.256988525390625 0.05841064453125
0.212875366210938 0.0723114013671875 0.349456787109375 -0.03729248046875
0.191680908203125 0.059295654296875 0.340118408203125 -0.0958251953125
0.201339721679688 0.039459228515625 0.3460693359375 -0.088836669921875
0.196685791015625 0.054901123046875 0.329193115234375 -0.02880859375
0.174407958984375 0.1146240234375 0.21429443359375 -0.0100250244140625
0.140594482421875 0.180938720703125 0.132461547851563 -0.0315093994140625
0.000991821289062517 0.244003295898438 0.116775512695313 -0.136344909667969
-0.102981567382813 0.235397338867187 0.20965576171875 -0.313568115234375
-0.125625610351563 0.16839599609375 0.527313232421875 -0.315155029296875
-0.35443115234375 0.2645263671875 0.0850524902343749 -0.330963134765625
-0.34759521484375 0.283660888671875 0.0470428466796875 -0.251434326171875
-0.273162841796875 0.40594482421875 -0.0167160034179688 -0.117446899414062
-0.05047607421875 0.43499755859375 0.0233592987060547 -0.0269737243652343
0.116424560546875 0.361480712890625 0.0482101440429688 0.0347442626953125
0.292816162109375 0.241943359375 0.171707153320313 0.0207366943359375
0.342803955078125 0.089447021484375 0.246353149414063 -0.0468292236328125
0.320892333984375 0.066009521484375 0.242401123046875 -0.0948028564453125
0.34942626953125 0.038970947265625 0.251678466796875 -0.08941650390625
0.3466796875 0.080841064453125 0.250595092773437 -0.0572052001953125
0.299560546875 0.20281982421875 0.149017333984375 -0.0430755615234375
0.233245849609375 0.302093505859375 0.0988845825195313 -0.0635833740234375
0.000518798828124975 0.408843994140625 0.102981567382813 -0.147720336914062
-0.159149169921875 0.420654296875 0.201934814453125 -0.272293090820313
-0.2264404296875 0.335235595703125 0.476806640625 -0.263214111328125
-0.416351318359375 0.3895263671875 -0.0102996826171875 -0.232452392578125
-0.371124267578125 0.405670166015625 0.020233154296875 -0.172836303710937
-0.27349853515625 0.520599365234375 -0.00424194335937501 -0.125099182128906
-0.017425537109375 0.527923583984375 0.01031494140625 -0.0861740112304687
0.170654296875 0.42401123046875 -0.0137805938720703 -0.0333003997802734
0.376251220703125 0.27685546875 0.0586318969726563 -0.0254364013671875
0.424713134765625 0.091827392578125 0.106651306152344 -0.05267333984375
0.40179443359375 0.063201904296875 0.107864379882813 -0.079376220703125
0.44659423828125 0.031341552734375 0.119552612304688 -0.0720596313476563
0.4462890625 0.093994140625 0.133628845214844 -0.0701980590820313
0.383392333984375 0.262115478515625 0.0580291748046875 -0.0650558471679687
0.29486083984375 0.382965087890625 0.0508346557617188 -0.08465576171875
0.000732421874999978 0.516937255859375 0.0836639404296875 -0.135322570800781
-0.1903076171875 0.544097900390625 0.183761596679688 -0.1854248046875
-0.290863037109375 0.44879150390625 0.381622314453125 -0.157867431640625
-0.413848876953125 0.46221923828125 -0.131538391113281 -0.0995635986328125
-0.337066650390625 0.47674560546875 -0.0242919921875 -0.0633735656738281
-0.21881103515625 0.5633544921875 -0.000297546386718755 -0.109024047851562
0.0347900390625 0.541351318359375 -0.0153274536132812 -0.129234313964844
0.208770751953125 0.416046142578125 -0.0841903686523438 -0.09112548828125
0.409149169921875 0.26177978515625 -0.0688705444335937 -0.064788818359375
0.442596435546875 0.075714111328125 -0.0524139404296875 -0.0504035949707031
0.421234130859375 0.051910400390625 -0.0441055297851562 -0.0534324645996094
0.473297119140625 0.022125244140625 -0.0295944213867187 -0.0446014404296875
0.47393798828125 0.099212646484375 -0.00439453124999997 -0.0712356567382813
0.400360107421875 0.28509521484375 -0.0431289672851562 -0.0765609741210937
0.298858642578125 0.40411376953125 -0.00414276123046873 -0.0939102172851562
-0.00878906249999996 0.543365478515625 0.062591552734375 -0.102470397949219
-0.2003173828125 0.57513427734375 0.153182983398438 -0.0678558349609375
-0.3094482421875 0.49078369140625 0.254669189453125 -0.022796630859375
-0.34722900390625 0.4559326171875 -0.256118774414063 0.0485382080078125
-0.25469970703125 0.46453857421875 -0.0790786743164063 0.0570449829101563
-0.13238525390625 0.509246826171875 -0.010772705078125 -0.0742568969726562
0.076629638671875 0.46063232421875 -0.05633544921875 -0.1431884765625
0.212005615234375 0.341094970703125 -0.152236938476563 -0.121063232421875
0.37860107421875 0.205322265625 -0.190902709960937 -0.082122802734375
0.39520263671875 0.0469970703125 -0.204620361328125 -0.0336151123046875
0.377349853515625 0.028839111328125 -0.191070556640625 -0.0197296142578125
0.42437744140625 0.012054443359375 -0.175537109375 -0.01739501953125
0.41668701171875 0.09039306640625 -0.136749267578125 -0.0693359375
0.342041015625 0.261260986328125 -0.13134765625 -0.0851516723632812
0.245513916015625 0.3570556640625 -0.0517501831054688 -0.0949249267578125
-0.023712158203125 0.471771240234375 0.0410957336425781 -0.0570869445800781
-0.1788330078125 0.514862060546875 0.109710693359375 0.0582656860351563
-0.276031494140625 0.45928955078125 0.112884521484375 0.117149353027344
-0.23162841796875 0.36883544921875 -0.363616943359375 0.1868896484375
-0.1536865234375 0.356292724609375 -0.133819580078125 0.165847778320313
-0.057586669921875 0.361114501953125 -0.0297126770019531 -0.0261173248291015
0.079193115234375 0.3116455078125 -0.100601196289063 -0.123863220214844
0.16650390625 0.22369384765625 -0.205764770507813 -0.116790771484375
0.285858154296875 0.127777099609375 -0.285888671875 -0.07159423828125
0.289306640625 0.014739990234375 -0.325225830078125 -0.00262451171874993
0.27655029296875 0.0023040771484375 -0.307281494140625 0.0150146484375
0.30987548828125 -0.002960205078125 -0.2908935546875 0.00222778320312497
0.29693603515625 0.06121826171875 -0.238998413085937 -0.0712738037109375
0.232528686523438 0.188461303710938 -0.18536376953125 -0.0954742431640625
0.15997314453125 0.2435302734375 -0.0780563354492187 -0.0929718017578125
-0.016693115234375 0.326416015625 0.0224437713623047 -0.00922775268554686
-0.114227294921875 0.38128662109375 0.05645751953125 0.166839599609375
-0.192718505859375 0.36444091796875 -0.0251617431640625 0.239044189453125
-0.090362548828125 0.2135009765625 -0.4410400390625 0.289642333984375
-0.0595703125 0.180328369140625 -0.181015014648438 0.24578857421875
-0.0133819580078125 0.15985107421875 -0.0490341186523438 0.0262718200683594
0.0385513305664063 0.132835388183594 -0.132583618164063 -0.0831756591796875
0.080078125 0.0956802368164063 -0.23138427734375 -0.09100341796875
0.146224975585938 0.050567626953125 -0.341552734375 -0.041229248046875
0.139488220214844 -0.0102996826171875 -0.39715576171875 0.037872314453125
0.1336669921875 -0.0255050659179688 -0.37664794921875 0.04998779296875
0.151840209960938 -0.025390625 -0.358917236328125 0.01373291015625
0.140884399414063 0.008941650390625 -0.297332763671875 -0.0759887695312499
0.106521606445313 0.0715408325195313 -0.197494506835937 -0.101852416992188
0.0831680297851563 0.0805511474609375 -0.0804901123046875 -0.0834808349609375
0.0322494506835937 0.139869689941406 0.0104331970214844 0.0348262786865234
-0.00225830078125 0.210617065429687 0.00369262695312502 0.244216918945313
-0.0658111572265625 0.22998046875 -0.134307861328125 0.326568603515625
-0.100799560546875 -0.0783004760742188 0.109588623046875 -0.417877197265625
-0.180038452148438 -0.010528564453125 -0.000244140625000004 -0.296905517578125
-0.143157958984375 0.09112548828125 -0.0460853576660156 -0.0437774658203125
-0.0608901977539063 0.1199951171875 0.0485763549804687 0.0786666870117188
-0.00508880615234376 0.116455078125 0.153594970703125 0.116928100585938
0.0342636108398437 0.090850830078125 0.31219482421875 0.05755615234375
0.0608711242675781 0.0563430786132813 0.400299072265625 -0.056732177734375
0.0432548522949219 0.0496139526367188 0.382904052734375 -0.111297607421875
0.03009033203125 0.0377273559570312 0.387908935546875 -0.101318359375
0.0255336761474609 0.0209560394287109 0.365142822265625 -0.020721435546875
0.0312023162841797 0.0104846954345703 0.25714111328125 0.007415771484375
0.0366783142089844 0.0306587219238281 0.157211303710938 -0.0047454833984375
0.0107002258300781 0.0395545959472656 0.120979309082031 -0.108963012695312
-0.0244388580322266 0.00672340393066406 0.183563232421875 -0.315887451171875
-0.000595092773437503 -0.0386085510253906 0.523223876953125 -0.34637451171875
-0.238174438476562 0.110198974609375 0.10772705078125 -0.411224365234375
-0.276092529296875 0.155853271484375 0.023681640625 -0.301910400390625
-0.212936401367188 0.27655029296875 -0.0411911010742187 -0.0891189575195312
-0.044769287109375 0.302154541015625 0.0303764343261719 0.0272808074951172
0.0758056640625 0.255569458007813 0.103485107421875 0.0845108032226563
0.190261840820313 0.168685913085938 0.258468627929688 0.040374755859375
0.226425170898438 0.0665130615234375 0.346893310546875 -0.06549072265625
0.20269775390625 0.052886962890625 0.333160400390625 -0.12445068359375
0.208984375 0.0328216552734375 0.341094970703125 -0.121124267578125
0.199935913085937 0.045989990234375 0.33050537109375 -0.061309814453125
0.178619384765625 0.10693359375 0.21881103515625 -0.0340118408203125
0.149139404296875 0.171661376953125 0.139068603515625 -0.046295166015625
0.01483154296875 0.239715576171875 0.117477416992187 -0.14556884765625
-0.089599609375 0.236373901367187 0.19500732421875 -0.32958984375
-0.1158447265625 0.167022705078125 0.522003173828125 -0.360382080078125
-0.34228515625 0.2833251953125 0.056610107421875 -0.35504150390625
-0.34075927734375 0.308441162109375 0.0227203369140625 -0.266342163085938
-0.253997802734375 0.43505859375 -0.029998779296875 -0.122383117675781
-0.023681640625 0.4515380859375 0.0140647888183594 -0.0360984802246093
0.143402099609375 0.3668212890625 0.0434074401855469 0.028350830078125
0.318084716796875 0.229949951171875 0.166778564453125 0.00732421875000001
0.3577880859375 0.070159912109375 0.241622924804688 -0.0688323974609375
0.331573486328125 0.04815673828125 0.23382568359375 -0.119644165039063
0.35943603515625 0.017333984375 0.244125366210938 -0.116897583007813
0.35491943359375 0.058197021484375 0.2474365234375 -0.0876007080078125
0.315460205078125 0.1837158203125 0.148391723632813 -0.0653076171875
0.255828857421875 0.2884521484375 0.102043151855469 -0.0790176391601562
0.029205322265625 0.41064453125 0.103851318359375 -0.160675048828125
-0.1295166015625 0.4317626953125 0.192108154296875 -0.292572021484375
-0.2054443359375 0.347686767578125 0.472412109375 -0.3084716796875
-0.39447021484375 0.420135498046875 -0.0335693359375 -0.251266479492188
-0.3526611328125 0.434600830078125 0.00135803222656247 -0.187774658203125
-0.239227294921875 0.550018310546875 -0.0182418823242188 -0.134231567382812
0.0217590332031249 0.539794921875 -0.003875732421875 -0.0980911254882812
0.203948974609375 0.421356201171875 -0.0248489379882812 -0.0386199951171875
0.406280517578125 0.254486083984375 0.0492324829101563 -0.0335044860839844
0.437896728515625 0.0633544921875 0.0972976684570313 -0.0665512084960937
0.41357421875 0.035980224609375 0.0979156494140625 -0.0957870483398438
0.45635986328125 -0.001068115234375 0.111648559570313 -0.0913467407226563
0.457855224609375 0.05975341796875 0.126678466796875 -0.0936203002929688
0.40869140625 0.235931396484375 0.0519027709960938 -0.0814285278320312
0.32757568359375 0.365966796875 0.04937744140625 -0.0978546142578125
0.040618896484375 0.525421142578125 0.0856475830078125 -0.149581909179687
-0.14923095703125 0.56378173828125 0.179290771484375 -0.206787109375
-0.26220703125 0.472686767578125 0.382598876953125 -0.198760986328125
-0.3843994140625 0.498870849609375 -0.147003173828125 -0.108001708984375
-0.30670166015625 0.507354736328125 -0.0345382690429688 -0.0751571655273437
-0.174072265625 0.58929443359375 -0.0131759643554688 -0.1202392578125
0.081390380859375 0.546478271484375 -0.032867431640625 -0.141448974609375
0.245880126953125 0.407257080078125 -0.099029541015625 -0.09326171875
0.436126708984375 0.231231689453125 -0.0820693969726562 -0.06536865234375
0.45465087890625 0.041351318359375 -0.0637283325195312 -0.0529937744140625
0.4310302734375 0.017852783203125 -0.0547294616699218 -0.0577430725097656
0.479705810546875 -0.016357421875 -0.0389404296875 -0.0514945983886719
0.484893798828125 0.057220458984375 -0.0148162841796875 -0.084197998046875
0.43109130859375 0.25299072265625 -0.053558349609375 -0.0841598510742187
0.337890625 0.386077880859375 -0.00936889648437499 -0.103141784667969
0.036895751953125 0.554229736328125 0.0643692016601562 -0.116767883300781
-0.15228271484375 0.60211181640625 0.15606689453125 -0.0859680175781249
-0.27587890625 0.52227783203125 0.26251220703125 -0.052978515625
-0.315521240234375 0.49603271484375 -0.262680053710938 0.0531463623046876
-0.220245361328125 0.49444580078125 -0.0788421630859375 0.0500335693359375
-0.084747314453125 0.52972412109375 -0.0209121704101562 -0.0850906372070312
0.122772216796875 0.460784912109375 -0.075653076171875 -0.15234375
0.244720458984375 0.326568603515625 -0.170211791992187 -0.116546630859375
0.402496337890625 0.17205810546875 -0.20477294921875 -0.0730438232421874
0.402252197265625 0.01068115234375 -0.215545654296875 -0.024139404296875
0.383270263671875 -0.004302978515625 -0.1998291015625 -0.012481689453125
0.42828369140625 -0.026519775390625 -0.183502197265625 -0.011932373046875
0.427642822265625 0.04974365234375 -0.148818969726562 -0.0705413818359375
0.37042236328125 0.231201171875 -0.143936157226562 -0.083892822265625
0.282135009765625 0.339141845703125 -0.0586776733398437 -0.0992813110351563
0.02227783203125 0.48455810546875 0.0445060729980469 -0.0688667297363281
-0.132904052734375 0.539337158203125 0.12042236328125 0.0441360473632813
-0.242919921875 0.4906005859375 0.127235412597656 0.101409912109375
-0.203582763671875 0.404205322265625 -0.362030029296875 0.204925537109375
-0.122894287109375 0.382049560546875 -0.126510620117187 0.165679931640625
-0.01715087890625 0.376800537109375 -0.0377235412597656 -0.033843994140625
0.11676025390625 0.30816650390625 -0.118850708007812 -0.127090454101563
0.192886352539063 0.209014892578125 -0.22198486328125 -0.105926513671875
0.303924560546875 0.0977783203125 -0.298919677734375 -0.0535583496093751
0.2923583984375 -0.016693115234375 -0.33404541015625 0.01849365234375
0.278121948242188 -0.0269927978515625 -0.314361572265625 0.0340881347656249
0.30914306640625 -0.035797119140625 -0.2984619140625 0.0183410644531249
0.302459716796875 0.02850341796875 -0.251693725585938 -0.0630950927734375
0.253219604492188 0.163787841796875 -0.198318481445312 -0.087890625
0.187667846679688 0.227127075195313 -0.0857086181640625 -0.0921249389648438
0.019378662109375 0.33160400390625 0.0288143157958984 -0.0177173614501953
-0.073089599609375 0.399444580078125 0.074951171875 0.159072875976563
-0.163116455078125 0.39141845703125 -0.00340270996093753 0.237838745117188
-0.07244873046875 0.238784790039063 -0.43389892578125 0.320068359375
-0.0415191650390625 0.199127197265625 -0.169342041015625 0.253463745117188
0.010955810546875 0.170806884765625 -0.0551490783691406 0.0218620300292969
0.0613937377929688 0.130958557128906 -0.148956298828125 -0.0784454345703125
0.0961761474609375 0.0858306884765625 -0.24554443359375 -0.0747222900390625
0.156387329101563 0.0302581787109375 -0.35052490234375 -0.01531982421875
0.13848876953125 -0.0320892333984375 -0.401031494140625 0.067352294921875
0.129920959472656 -0.0455322265625 -0.379974365234375 0.0755615234375
0.146224975585938 -0.0474700927734375 -0.36383056640625 0.0363769531250001
0.138801574707031 -0.014190673828125 -0.3077392578125 -0.060211181640625
0.115562438964844 0.05279541015625 -0.2081298828125 -0.0920257568359375
0.0971908569335938 0.06494140625 -0.0858840942382812 -0.0815048217773438
0.0562744140625 0.136703491210938 0.0191459655761719 0.0303382873535156
0.0291900634765625 0.217697143554688 0.0279083251953125 0.242630004882812
-0.0418548583984375 0.247299194335938 -0.108184814453125 0.339874267578125
-0.119132995605469 -0.083648681640625 0.06640625 -0.42498779296875
-0.195846557617188 0.00593566894531247 -0.0318603515625 -0.292083740234375
-0.147369384765625 0.111373901367188 -0.0527458190917969 -0.038665771484375
-0.0560379028320312 0.138572692871094 0.0510787963867187 0.0757598876953125
0.00664520263671875 0.130020141601563 0.157943725585938 0.105926513671875
0.0506134033203125 0.0982131958007813 0.31109619140625 0.03521728515625
0.075164794921875 0.059967041015625 0.390411376953125 -0.08831787109375
0.0533485412597656 0.0543479919433594 0.3687744140625 -0.142120361328125
0.0389328002929687 0.0447235107421875 0.372772216796875 -0.13507080078125
0.0269031524658203 0.0300178527832031 0.35992431640625 -0.056488037109375
0.0232448577880859 0.0159358978271484 0.257217407226562 -0.0211181640625
0.02899169921875 0.0293960571289063 0.161849975585938 -0.0209808349609375
0.00244712829589843 0.0286026000976563 0.118270874023438 -0.114265441894531
-0.0333747863769531 -0.0042266845703125 0.160736083984375 -0.318511962890625
-0.0092010498046875 -0.0537071228027344 0.498626708984375 -0.382568359375
-0.236907958984375 0.115219116210937 0.06378173828125 -0.42401123046875
-0.27734375 0.17535400390625 -0.011077880859375 -0.30322265625
-0.19964599609375 0.299774169921875 -0.0529937744140625 -0.0865325927734375
-0.022918701171875 0.316802978515625 0.0249271392822266 0.0228748321533203
0.0978546142578125 0.261123657226563 0.10260009765625 0.0759735107421875
0.2117919921875 0.1607666015625 0.251296997070313 0.0207366943359375
0.238357543945313 0.054229736328125 0.333709716796875 -0.09423828125
0.210342407226562 0.043212890625 0.315673828125 -0.154205322265625
0.213836669921875 0.0231781005859375 0.322509765625 -0.153472900390625
0.20166015625 0.0380706787109375 0.318939208984375 -0.098541259765625
0.180343627929688 0.095733642578125 0.213333129882813 -0.0624847412109375
0.155136108398438 0.158676147460938 0.1402587890625 -0.064239501953125
0.02734375 0.228103637695312 0.11370849609375 -0.15496826171875
-0.0749053955078125 0.230224609375 0.1715087890625 -0.340179443359375
-0.104400634765625 0.162429809570312 0.495880126953125 -0.4034423828125
-0.32196044921875 0.299774169921875 0.014312744140625 -0.367523193359375
-0.3251953125 0.330047607421875 -0.00923156738281254 -0.270187377929688
-0.224334716796875 0.4564208984375 -0.0463333129882813 -0.122970581054687
0.011993408203125 0.457916259765625 0.00190353393554688 -0.0418624877929687
0.174652099609375 0.361297607421875 0.036041259765625 0.0221939086914063
0.341094970703125 0.2073974609375 0.156463623046875 -0.00651550292968749
0.366790771484375 0.045318603515625 0.225494384765625 -0.090362548828125
0.336822509765625 0.024932861328125 0.214935302734375 -0.14337158203125
0.360076904296875 -0.0081787109375 0.225921630859375 -0.143707275390625
0.355010986328125 0.03033447265625 0.231552124023438 -0.119094848632812
0.323516845703125 0.1583251953125 0.13946533203125 -0.0883255004882813
0.274215698242188 0.26416015625 0.0992965698242188 -0.0959091186523438
0.0595703125 0.39984130859375 0.099334716796875 -0.17437744140625
-0.093170166015625 0.4326171875 0.17254638671875 -0.308746337890625
-0.1771240234375 0.351287841796875 0.44970703125 -0.355621337890625
-0.356536865234375 0.444366455078125 -0.0658416748046875 -0.261871337890625
-0.319976806640625 0.458831787109375 -0.0241241455078125 -0.19512939453125
-0.19329833984375 0.5662841796875 -0.0357894897460938 -0.138442993164062
0.06707763671875 0.536773681640625 -0.0237503051757813 -0.103782653808594
0.23797607421875 0.40570068359375 -0.0386695861816406 -0.0402870178222656
0.42645263671875 0.2181396484375 0.035858154296875 -0.0382881164550781
0.441802978515625 0.027313232421875 0.0825347900390625 -0.0782012939453125
0.413604736328125 0.00238037109375 0.08099365234375 -0.110374450683594
0.451751708984375 -0.03936767578125 0.0957107543945313 -0.108009338378906
0.45550537109375 0.020172119140625 0.110160827636719 -0.117340087890625
0.425201416015625 0.197723388671875 0.0396499633789063 -0.0960617065429687
0.35662841796875 0.3341064453125 0.043487548828125 -0.110786437988281
0.084381103515625 0.515411376953125 0.0800323486328125 -0.1663818359375
-0.099853515625 0.56787109375 0.165725708007813 -0.227020263671875
-0.222015380859375 0.48565673828125 0.369140625 -0.24169921875
-0.337158203125 0.52655029296875 -0.16668701171875 -0.11199951171875
-0.259490966796875 0.52923583984375 -0.0487289428710938 -0.0854568481445312
-0.11712646484375 0.598876953125 -0.0302200317382813 -0.12677001953125
0.131134033203125 0.5341796875 -0.055938720703125 -0.147659301757812
0.278564453125 0.38055419921875 -0.116241455078125 -0.08905029296875
0.453704833984375 0.18756103515625 -0.0960693359375 -0.0601272583007812
0.452850341796875 0.001068115234375 -0.0760269165039062 -0.0524139404296875
0.428009033203125 -0.021728515625 -0.0663070678710937 -0.0604705810546875
0.4730224609375 -0.060821533203125 -0.0508079528808593 -0.056182861328125
0.47991943359375 0.008880615234375 -0.0308761596679687 -0.0944061279296875
0.448760986328125 0.209869384765625 -0.06719970703125 -0.088958740234375
0.372528076171875 0.350860595703125 -0.0178756713867187 -0.11138916015625
0.0877380371093749 0.546112060546875 0.0602188110351563 -0.132865905761719
-0.0966796875 0.60882568359375 0.151123046875 -0.108291625976562
-0.228912353515625 0.53912353515625 0.258819580078125 -0.0878753662109375
-0.263885498046875 0.52239990234375 -0.265838623046875 0.0579833984375001
-0.167510986328125 0.510650634765625 -0.0809173583984375 0.0425186157226563
-0.0264282226562499 0.532470703125 -0.0343704223632813 -0.0925750732421875
0.169647216796875 0.44000244140625 -0.0987701416015625 -0.15386962890625
0.2735595703125 0.2962646484375 -0.186187744140625 -0.10601806640625
0.41400146484375 0.1275634765625 -0.2154541015625 -0.0580596923828125
0.397674560546875 -0.029510498046875 -0.222213745117188 -0.011077880859375
0.376617431640625 -0.04278564453125 -0.2052001953125 -0.00212097167968752
0.416748046875 -0.069244384765625 -0.189483642578125 -0.00373840332031246
0.421478271484375 0.003570556640625 -0.16143798828125 -0.0679779052734375
0.388427734375 0.1881103515625 -0.156524658203125 -0.078582763671875
0.31451416015625 0.306671142578125 -0.067169189453125 -0.100914001464844
0.07098388671875 0.477569580078125 0.0435409545898438 -0.0833892822265625
-0.0747375488281249 0.54754638671875 0.126144409179688 0.0246658325195313
-0.195404052734375 0.510162353515625 0.136329650878906 0.0777969360351563
-0.15936279296875 0.428253173828125 -0.35113525390625 0.220855712890625
-0.07861328125 0.39703369140625 -0.116592407226562 0.162979125976563
0.030487060546875 0.376922607421875 -0.0483016967773438 -0.0402565002441406
0.15423583984375 0.289337158203125 -0.14013671875 -0.123329162597656
0.214859008789063 0.181930541992188 -0.235198974609375 -0.0883636474609374
0.31072998046875 0.059967041015625 -0.30419921875 -0.0286560058593751
0.28375244140625 -0.050079345703125 -0.333740234375 0.04290771484375
0.267242431640625 -0.0576324462890625 -0.31353759765625 0.05499267578125
0.29656982421875 -0.071685791015625 -0.299530029296875 0.038055419921875
0.293701171875 -0.010162353515625 -0.261123657226563 -0.0483245849609375
0.265289306640625 0.12847900390625 -0.207763671875 -0.0744171142578125
0.210617065429688 0.198455810546875 -0.093017578125 -0.0910415649414062
0.059600830078125 0.32257080078125 0.0315647125244141 -0.0297412872314453
-0.023040771484375 0.402801513671875 0.0911712646484375 0.142471313476563
-0.120025634765625 0.407745361328125 0.0194854736328125 0.227523803710938
-0.042388916015625 0.257415771484375 -0.41119384765625 0.347259521484375
-0.013671875 0.212646484375 -0.152175903320313 0.25592041015625
0.0406341552734375 0.174148559570313 -0.0623283386230469 0.0194053649902344
0.0849456787109375 0.120246887207031 -0.164337158203125 -0.0672760009765625
0.109962463378906 0.0681610107421875 -0.253158569335937 -0.05096435546875
0.158843994140625 0.0029754638671875 -0.348968505859375 0.015167236328125
0.128715515136719 -0.0542068481445313 -0.393829345703125 0.0990600585937501
0.11834716796875 -0.0657958984375 -0.372222900390625 0.104583740234375
0.131080627441406 -0.069976806640625 -0.360015869140625 0.06341552734375
0.128402709960938 -0.0375442504882813 -0.312744140625 -0.039276123046875
0.118011474609375 0.0290756225585938 -0.214141845703125 -0.076904296875
0.105979919433594 0.0437698364257813 -0.0904693603515625 -0.07763671875
0.0818328857421875 0.124114990234375 0.0269203186035156 0.0210723876953125
0.06634521484375 0.213104248046875 0.0530548095703125 0.231399536132813
-0.00802612304687501 0.256805419921875 -0.073455810546875 0.342437744140625
-0.139976501464844 -0.0831451416015625 0.026458740234375 -0.411407470703125
-0.208770751953125 0.02508544921875 -0.0579681396484375 -0.274551391601563
-0.145309448242188 0.13323974609375 -0.0560188293457031 -0.0301437377929687
-0.0460662841796875 0.155349731445313 0.0512008666992188 0.0742721557617188
0.023101806640625 0.14068603515625 0.157257080078125 0.095123291015625
0.0680770874023437 0.102165222167969 0.30120849609375 0.0157470703125
0.0892562866210938 0.0596923828125 0.3712158203125 -0.11151123046875
0.0644798278808594 0.0561256408691406 0.344024658203125 -0.162261962890625
0.05035400390625 0.0499114990234375 0.347808837890625 -0.15863037109375
0.0319786071777344 0.0384712219238281 0.34149169921875 -0.085723876953125
0.0184345245361328 0.0256290435791016 0.246124267578125 -0.04766845703125
0.0181770324707031 0.0297889709472656 0.159622192382813 -0.036468505859375
-0.0111522674560547 0.0217132568359375 0.117080688476563 -0.114967346191406
-0.0477333068847656 -0.0122528076171875 0.141204833984375 -0.3115234375
-0.0229454040527344 -0.0667915344238281 0.466339111328125 -0.40191650390625
-0.235824584960938 0.116653442382813 0.0185546875 -0.417205810546875
-0.273590087890625 0.192962646484375 -0.041900634765625 -0.289459228515625
-0.181793212890625 0.314544677734375 -0.0624237060546875 -0.0783462524414062
-0.00128173828125003 0.322906494140625 0.0176811218261719 0.0225467681884766
0.119461059570312 0.259613037109375 0.0960235595703125 0.0685577392578125
0.2271728515625 0.148773193359375 0.237274169921875 0.00665283203125001
0.24566650390625 0.041900634765625 0.31201171875 -0.115325927734375
0.214065551757812 0.0339813232421875 0.28912353515625 -0.17279052734375
0.217605590820312 0.013336181640625 0.29541015625 -0.174560546875
0.197967529296875 0.029144287109375 0.29473876953125 -0.12664794921875
0.175949096679688 0.0880279541015625 0.19903564453125 -0.0863189697265625
0.151947021484375 0.146835327148438 0.135833740234375 -0.081939697265625
0.0291748046875 0.213119506835938 0.1090087890625 -0.162750244140625
-0.068359375 0.216461181640625 0.149566650390625 -0.339630126953125
-0.098480224609375 0.150070190429688 0.459259033203125 -0.43035888671875
-0.29949951171875 0.300933837890625 -0.0264892578125 -0.365386962890625
-0.304473876953125 0.341705322265625 -0.0409698486328125 -0.261138916015625
-0.192291259765625 0.463714599609375 -0.059906005859375 -0.116943359375
0.04107666015625 0.4537353515625 -0.0123481750488281 -0.0417251586914062
0.19744873046875 0.345123291015625 0.0253200531005859 0.019918441772461
0.35382080078125 0.18267822265625 0.14178466796875 -0.014556884765625
0.3653564453125 0.023345947265625 0.203140258789063 -0.105117797851563
0.331756591796875 0.004608154296875 0.189788818359375 -0.15582275390625
0.353179931640625 -0.028961181640625 0.19879150390625 -0.159683227539063
0.3438720703125 0.00885009765625 0.207962036132813 -0.141876220703125
0.32196044921875 0.1337890625 0.120170593261719 -0.107719421386719
0.28057861328125 0.237106323242188 0.0912246704101563 -0.112144470214844
0.0799560546875 0.377105712890625 0.0919647216796875 -0.185791015625
-0.067108154296875 0.415435791015625 0.15106201171875 -0.3153076171875
-0.15350341796875 0.34112548828125 0.41455078125 -0.385406494140625
-0.31805419921875 0.4461669921875 -0.0989837646484375 -0.260360717773438
-0.281646728515625 0.4608154296875 -0.050201416015625 -0.192153930664063
-0.152313232421875 0.562286376953125 -0.0534896850585938 -0.1363525390625
0.103424072265625 0.520721435546875 -0.044677734375 -0.103218078613281
0.2574462890625 0.380523681640625 -0.0514373779296875 -0.0380821228027343
0.4332275390625 0.182159423828125 0.0198631286621094 -0.0388984680175781
0.4334716796875 -0.003143310546875 0.0637664794921875 -0.0820846557617188
0.4022216796875 -0.024505615234375 0.0594253540039063 -0.117149353027344
0.4351806640625 -0.07025146484375 0.0749053955078125 -0.1165771484375
0.438690185546875 -0.01654052734375 0.0867691040039063 -0.131462097167969
0.424468994140625 0.159576416015625 0.0231704711914063 -0.106422424316406
0.36700439453125 0.296478271484375 0.0336151123046875 -0.124588012695312
0.11724853515625 0.48785400390625 0.072052001953125 -0.180465698242187
-0.05908203125 0.55181884765625 0.14788818359375 -0.239120483398437
-0.1817626953125 0.477386474609375 0.3404541015625 -0.27545166015625
-0.2830810546875 0.527984619140625 -0.183700561523438 -0.111312866210937
-0.21295166015625 0.525726318359375 -0.0642242431640625 -0.088653564453125
-0.06781005859375 0.582275390625 -0.0477676391601563 -0.129287719726562
0.166748046875 0.50128173828125 -0.0799102783203125 -0.1436767578125
0.2958984375 0.34722900390625 -0.130104064941406 -0.0798110961914062
0.449432373046875 0.144012451171875 -0.107582092285156 -0.0522079467773437
0.43804931640625 -0.032867431640625 -0.0890960693359375 -0.0481109619140625
0.408935546875 -0.05230712890625 -0.08013916015625 -0.05987548828125
0.44854736328125 -0.09564208984375 -0.0617828369140625 -0.0566024780273438
0.46002197265625 -0.0284423828125 -0.0498046875 -0.101188659667969
0.449615478515625 0.165374755859375 -0.0817108154296875 -0.0889434814453125
0.388092041015625 0.306854248046875 -0.0283660888671875 -0.118049621582031
0.125091552734375 0.517120361328125 0.0519866943359375 -0.146896362304687
-0.0418090820312499 0.591796875 0.139167785644531 -0.125968933105469
-0.18145751953125 0.5367431640625 0.2445068359375 -0.118881225585937
-0.209564208984375 0.53118896484375 -0.269302368164063 0.0594635009765626
-0.117767333984375 0.50494384765625 -0.0858840942382813 0.0334625244140625
0.022064208984375 0.5128173828125 -0.0503921508789062 -0.0971298217773437
0.203033447265625 0.405670166015625 -0.120574951171875 -0.149505615234375
0.2867431640625 0.25872802734375 -0.197967529296875 -0.09014892578125
0.40692138671875 0.084197998046875 -0.219894409179688 -0.0417633056640625
0.376922607421875 -0.0635986328125 -0.224456787109375 0.0018310546875
0.3543701171875 -0.07275390625 -0.210174560546875 0.00685119628906249
0.390625 -0.10205078125 -0.192886352539062 0.00450134277343751
0.3988037109375 -0.033966064453125 -0.174331665039062 -0.062835693359375
0.386932373046875 0.1448974609375 -0.165420532226562 -0.0694580078125
0.329315185546875 0.26495361328125 -0.0735397338867187 -0.102813720703125
0.11151123046875 0.449188232421875 0.0365676879882813 -0.097137451171875
-0.020965576171875 0.531829833984375 0.121597290039063 0.00360107421875003
-0.146514892578125 0.50738525390625 0.135734558105469 0.0529556274414063
-0.111328125 0.436065673828125 -0.338134765625 0.225494384765625
-0.035003662109375 0.394561767578125 -0.110809326171875 0.151870727539063
0.07318115234375 0.360198974609375 -0.0604209899902344 -0.0457992553710937
0.181411743164062 0.25860595703125 -0.156570434570313 -0.113235473632812
0.22332763671875 0.1500244140625 -0.239227294921875 -0.0680999755859374
0.302642822265625 0.021087646484375 -0.30206298828125 -0.00741577148437498
0.26202392578125 -0.07806396484375 -0.3260498046875 0.06390380859375
0.245437622070312 -0.08343505859375 -0.30615234375 0.0716247558593749
0.2706298828125 -0.0960235595703125 -0.293182373046875 0.054046630859375
0.27166748046875 -0.039825439453125 -0.265396118164063 -0.0345916748046876
0.261993408203125 0.0932464599609375 -0.213027954101562 -0.0619354248046875
0.218658447265625 0.164016723632813 -0.0980606079101562 -0.0873947143554687
0.092315673828125 0.2984619140625 0.0303115844726563 -0.0411872863769531
0.022979736328125 0.38720703125 0.0976638793945312 0.121147155761719
-0.074951171875 0.407745361328125 0.032806396484375 0.20733642578125
-0.00872802734375002 0.265716552734375 -0.383453369140625 0.35662841796875
0.01824951171875 0.215866088867188 -0.136489868164063 0.247879028320313
0.06982421875 0.166641235351563 -0.0700340270996094 0.0195465087890625
0.104904174804688 0.101974487304687 -0.174972534179688 -0.0525360107421875
0.116363525390625 0.04681396484375 -0.252105712890625 -0.0262451171875
0.151412963867187 -0.022125244140625 -0.33770751953125 0.0411682128906249
0.112251281738281 -0.07379150390625 -0.37506103515625 0.1243896484375
0.0996780395507812 -0.08056640625 -0.355682373046875 0.123992919921875
0.108810424804687 -0.0854644775390625 -0.347259521484375 0.0844421386718751
0.108467102050781 -0.0541152954101563 -0.308685302734375 -0.020172119140625
0.111274719238281 0.00530242919921875 -0.2161865234375 -0.0613555908203125
0.105117797851563 0.0175704956054688 -0.092193603515625 -0.073455810546875
0.100669860839844 0.101654052734375 0.0314311981201172 0.0101566314697266
0.0984039306640625 0.19683837890625 0.0716094970703125 0.212783813476562
0.02496337890625 0.253341674804687 -0.046173095703125 0.328643798828125
-0.159393310546875 -0.080718994140625 0.00112915039062499 -0.393218994140625
-0.217330932617188 0.0466461181640625 -0.0719451904296875 -0.253814697265625
-0.14306640625 0.1517333984375 -0.0574760437011719 -0.0217819213867187
-0.03350830078125 0.170486450195313 0.0513916015625 0.07354736328125
0.040283203125 0.14654541015625 0.153091430664063 0.0893707275390625
0.0870132446289062 0.101310729980469 0.2901611328125 0.00708007812500001
0.104957580566406 0.0556793212890625 0.35198974609375 -0.121490478515625
0.0769424438476563 0.0577316284179688 0.32183837890625 -0.1702880859375
0.0622940063476563 0.0532379150390625 0.325439453125 -0.16534423828125
0.0373039245605469 0.0472183227539063 0.321197509765625 -0.101318359375
0.0152854919433594 0.03668212890625 0.233367919921875 -0.064178466796875
0.00868606567382813 0.0386276245117188 0.157791137695313 -0.0492401123046875
-0.0269203186035156 0.0191841125488281 0.117141723632813 -0.117012023925781
-0.0654945373535156 -0.0171890258789062 0.132843017578125 -0.299835205078125
-0.0400009155273437 -0.0768280029296875 0.44281005859375 -0.409576416015625
-0.242523193359375 0.115020751953125 -0.012298583984375 -0.3985595703125
-0.272018432617187 0.206710815429688 -0.0601654052734375 -0.270553588867188
-0.17059326171875 0.32623291015625 -0.0694236755371094 -0.0701942443847656
0.01495361328125 0.327850341796875 0.0124359130859375 0.024038314819336
0.136428833007812 0.25531005859375 0.0885391235351563 0.0663604736328125
0.240203857421875 0.138275146484375 0.224090576171875 0.00369262695312501
0.253631591796875 0.0328216552734375 0.28936767578125 -0.121612548828125
0.21783447265625 0.028289794921875 0.2637939453125 -0.179244995117187
0.218673706054688 0.0107421875 0.26898193359375 -0.182403564453125
0.193893432617188 0.02996826171875 0.270919799804688 -0.141372680664063
0.169464111328125 0.08843994140625 0.1815185546875 -0.101593017578125
0.144439697265625 0.13800048828125 0.129035949707031 -0.0946121215820312
0.0228424072265625 0.2001953125 0.1060791015625 -0.169219970703125
-0.0696868896484375 0.204254150390625 0.137298583984375 -0.333740234375
-0.102432250976563 0.133811950683594 0.427978515625 -0.44329833984375
-0.291259765625 0.294952392578125 -0.06005859375 -0.35162353515625
-0.29290771484375 0.3470458984375 -0.0621490478515625 -0.248199462890625
-0.17236328125 0.46392822265625 -0.0730056762695313 -0.110603332519531
0.0606689453125 0.44683837890625 -0.025665283203125 -0.0389480590820312
0.211700439453125 0.3338623046875 0.0125751495361328 0.0212841033935547
0.357086181640625 0.16192626953125 0.125831604003906 -0.0134048461914062
0.36297607421875 0.007110595703125 0.181427001953125 -0.1072998046875
0.326629638671875 -0.0064697265625 0.163726806640625 -0.161849975585938
0.343994140625 -0.039398193359375 0.174575805664063 -0.166061401367188
0.33050537109375 -0.000518798828125 0.181289672851563 -0.155563354492188
0.31402587890625 0.121490478515625 0.103691101074219 -0.117942810058594
0.27294921875 0.21844482421875 0.082489013671875 -0.124702453613281
0.0811767578125 0.3568115234375 0.0850372314453125 -0.19659423828125
-0.056915283203125 0.396453857421875 0.135711669921875 -0.31732177734375
-0.143280029296875 0.323638916015625 0.382965087890625 -0.401763916015625
-0.292205810546875 0.436676025390625 -0.129837036132813 -0.252853393554688
-0.260040283203125 0.455963134765625 -0.071502685546875 -0.186203002929687
-0.126220703125 0.5491943359375 -0.0684890747070313 -0.131828308105469
0.12030029296875 0.499755859375 -0.0625457763671875 -0.100028991699219
0.267608642578125 0.35870361328125 -0.0656318664550781 -0.0310821533203125
0.427947998046875 0.1563720703125 0.00617027282714846 -0.0326118469238281
0.421783447265625 -0.021728515625 0.04534912109375 -0.0830078125
0.387603759765625 -0.040313720703125 0.0390853881835938 -0.11798095703125
0.418365478515625 -0.084259033203125 0.05419921875 -0.120185852050781
0.4190673828125 -0.032440185546875 0.0627822875976563 -0.138694763183594
0.413177490234375 0.137847900390625 0.00532531738281252 -0.111213684082031
0.364349365234375 0.269317626953125 0.0229339599609375 -0.134109497070312
0.128936767578125 0.463592529296875 0.0626678466796875 -0.193191528320312
-0.034271240234375 0.52728271484375 0.132431030273438 -0.24908447265625
-0.160736083984375 0.460662841796875 0.311920166015625 -0.29547119140625
-0.2479248046875 0.51763916015625 -0.206634521484375 -0.110687255859375
-0.182037353515625 0.51226806640625 -0.0831832885742188 -0.09124755859375
-0.037841796875 0.560577392578125 -0.0647125244140625 -0.12890625
0.183258056640625 0.471954345703125 -0.100379943847656 -0.138694763183594
0.29949951171875 0.319122314453125 -0.143539428710938 -0.070556640625
0.44000244140625 0.115936279296875 -0.117202758789062 -0.04327392578125
0.417755126953125 -0.051971435546875 -0.0997772216796875 -0.04290771484375
0.38873291015625 -0.069183349609375 -0.0934829711914062 -0.0565719604492187
0.42572021484375 -0.11175537109375 -0.0766372680664062 -0.056304931640625
0.43450927734375 -0.052001953125 -0.0663986206054687 -0.101783752441406
0.43853759765625 0.13604736328125 -0.0950164794921875 -0.0882568359375
0.387420654296875 0.27545166015625 -0.0375518798828125 -0.123695373535156
0.146453857421875 0.49041748046875 0.041534423828125 -0.159469604492187
-0.0119628906249999 0.56829833984375 0.126663208007813 -0.13922119140625
-0.15167236328125 0.5196533203125 0.222549438476563 -0.1416015625
-0.167205810546875 0.518157958984375 -0.277908325195312 0.0578613281250001
-0.083892822265625 0.489715576171875 -0.0972061157226563 0.0238265991210938
0.055023193359375 0.4835205078125 -0.067169189453125 -0.09991455078125
0.217315673828125 0.370025634765625 -0.141387939453125 -0.140289306640625
0.284942626953125 0.229034423828125 -0.205276489257813 -0.0791015625
0.38983154296875 0.054931640625 -0.222640991210938 -0.02984619140625
0.35235595703125 -0.080596923828125 -0.227005004882812 0.0106658935546875
0.330230712890625 -0.0889892578125 -0.213134765625 0.012847900390625
0.36431884765625 -0.118621826171875 -0.19732666015625 0.00914001464843747
0.37091064453125 -0.05584716796875 -0.184432983398437 -0.0588226318359375
0.374847412109375 0.11431884765625 -0.17352294921875 -0.064544677734375
0.328155517578125 0.230377197265625 -0.08367919921875 -0.105148315429687
0.133880615234375 0.422271728515625 0.0280075073242188 -0.109542846679687
0.0136718750000001 0.5062255859375 0.115280151367188 -0.0132369995117187
-0.1126708984375 0.494384765625 0.126632690429688 0.0286788940429688
-0.071258544921875 0.429229736328125 -0.333251953125 0.222076416015625
-0.00311279296875 0.38067626953125 -0.114494323730469 0.139236450195313
0.100341796875 0.33502197265625 -0.0754013061523438 -0.0473098754882812
0.193038940429688 0.227371215820313 -0.17144775390625 -0.101394653320312
0.2205810546875 0.123016357421875 -0.240921020507813 -0.0518951416015625
0.2833251953125 -0.004150390625 -0.293212890625 0.00653076171874996
0.238494873046875 -0.09442138671875 -0.317230224609375 0.0735778808593749
0.221298217773438 -0.0957794189453125 -0.30035400390625 0.080169677734375
0.243988037109375 -0.1087646484375 -0.28912353515625 0.0617370605468751
0.24554443359375 -0.0561370849609375 -0.266876220703125 -0.0266265869140625
0.24853515625 0.06622314453125 -0.215408325195313 -0.0535736083984375
0.215835571289063 0.13543701171875 -0.103271484375 -0.0879745483398438
0.110565185546875 0.27203369140625 0.025360107421875 -0.0528297424316406
0.05413818359375 0.3631591796875 0.0976104736328125 0.1019287109375
-0.0419921875 0.393798828125 0.036895751953125 0.185638427734375
0.0216064453125 0.266311645507813 -0.368072509765625 0.355316162109375
0.04193115234375 0.211746215820313 -0.131942749023438 0.237869262695313
0.0922698974609375 0.1524658203125 -0.0805892944335938 0.0179214477539063
0.115180969238281 0.08111572265625 -0.183029174804688 -0.038665771484375
0.116104125976563 0.02679443359375 -0.246139526367188 -0.010162353515625
0.137809753417969 -0.0423202514648438 -0.32159423828125 0.05499267578125
0.0924835205078125 -0.0846710205078125 -0.357208251953125 0.134002685546875
0.0793914794921875 -0.0885467529296875 -0.342498779296875 0.1346435546875
0.086212158203125 -0.0907516479492187 -0.33636474609375 0.091888427734375
0.0860977172851563 -0.0647354125976563 -0.303131103515625 -0.00833129882812504
0.0967254638671875 -0.0121536254882813 -0.212265014648438 -0.05303955078125
0.0968704223632813 -0.001800537109375 -0.0948028564453125 -0.072784423828125
0.111030578613281 0.0784225463867188 0.0312900543212891 -0.00130081176757812
0.122024536132812 0.173782348632812 0.07794189453125 0.19091796875
0.053314208984375 0.243621826171875 -0.028594970703125 0.308349609375
-0.183486938476563 -0.07574462890625 -0.011871337890625 -0.373016357421875
-0.225067138671875 0.0690765380859375 -0.077423095703125 -0.2352294921875
-0.138778686523437 0.172561645507813 -0.05780029296875 -0.0150260925292969
-0.0202178955078125 0.185897827148438 0.0526885986328125 0.0758438110351563
0.058258056640625 0.151840209960938 0.150299072265625 0.0891265869140625
0.107650756835937 0.0982818603515625 0.284942626953125 0.00668334960937501
0.121734619140625 0.0501327514648438 0.34161376953125 -0.124267578125
0.0915451049804688 0.0561676025390625 0.31011962890625 -0.171539306640625
0.0781402587890625 0.0551300048828125 0.31121826171875 -0.167510986328125
0.0480461120605469 0.0545196533203125 0.306365966796875 -0.109619140625
0.017059326171875 0.0508270263671875 0.221511840820312 -0.075958251953125
0.00100326538085937 0.0496711730957031 0.156280517578125 -0.0592498779296875
-0.0453033447265625 0.0220146179199219 0.123573303222656 -0.120529174804688
-0.0867843627929688 -0.017547607421875 0.135711669921875 -0.29290771484375
-0.0608367919921875 -0.083465576171875 0.436279296875 -0.41302490234375
-0.257568359375 0.115676879882812 -0.0325927734375 -0.38079833984375
-0.2757568359375 0.222869873046875 -0.0719451904296875 -0.253387451171875
-0.163909912109375 0.341827392578125 -0.0738525390625 -0.06256103515625
0.029937744140625 0.3367919921875 0.00584793090820313 0.0280723571777344
0.15313720703125 0.255844116210938 0.0806808471679688 0.0698699951171875
0.254547119140625 0.130523681640625 0.21624755859375 0.00648498535156251
0.264617919921875 0.0240478515625 0.27593994140625 -0.121505737304688
0.226165771484375 0.0243988037109375 0.246292114257813 -0.179733276367188
0.227020263671875 0.0093841552734375 0.251129150390625 -0.183273315429688
0.197555541992188 0.0339813232421875 0.251296997070313 -0.1483154296875
0.167678833007813 0.094818115234375 0.166091918945313 -0.110671997070313
0.135452270507813 0.140655517578125 0.122451782226563 -0.107460021972656
0.009979248046875 0.195831298828125 0.10723876953125 -0.178115844726562
-0.08380126953125 0.19671630859375 0.135345458984375 -0.333892822265625
-0.11553955078125 0.122451782226563 0.4127197265625 -0.450103759765625
-0.29595947265625 0.289581298828125 -0.086212158203125 -0.33697509765625
-0.291412353515625 0.353912353515625 -0.07843017578125 -0.2342529296875
-0.16473388671875 0.4713134765625 -0.0830841064453125 -0.103599548339844
0.073272705078125 0.447265625 -0.0389823913574219 -0.0322189331054687
0.2220458984375 0.331298828125 0.00154685974121095 0.0278072357177735
0.365234375 0.150177001953125 0.114189147949219 -0.00592041015624999
0.367950439453125 -0.002166748046875 0.166412353515625 -0.105316162109375
0.32830810546875 -0.011505126953125 0.144638061523438 -0.160369873046875
0.3460693359375 -0.0447998046875 0.155075073242188 -0.166595458984375
0.32623291015625 -0.002166748046875 0.158294677734375 -0.161773681640625
0.3099365234375 0.1197509765625 0.0855865478515625 -0.125968933105469
0.267349243164063 0.213348388671875 0.0720901489257813 -0.138084411621094
0.075347900390625 0.3475341796875 0.0809783935546875 -0.208419799804687
-0.060821533203125 0.386260986328125 0.1290283203125 -0.3233642578125
-0.147857666015625 0.30908203125 0.36273193359375 -0.414520263671875
-0.28497314453125 0.426361083984375 -0.157516479492188 -0.242630004882812
-0.254180908203125 0.452178955078125 -0.09088134765625 -0.178253173828125
-0.115753173828125 0.544769287109375 -0.0837478637695312 -0.127212524414062
0.128936767578125 0.491302490234375 -0.0807571411132812 -0.0925216674804687
0.272979736328125 0.349700927734375 -0.0802993774414063 -0.0230484008789062
0.427154541015625 0.14215087890625 -0.00564193725585935 -0.0242137908935547
0.417266845703125 -0.03094482421875 0.0310897827148438 -0.0771636962890625
0.38128662109375 -0.047149658203125 0.021331787109375 -0.115837097167969
0.4112548828125 -0.0906982421875 0.0357666015625 -0.119186401367187
0.406494140625 -0.038604736328125 0.0395965576171875 -0.142333984375
0.407928466796875 0.127838134765625 -0.012939453125 -0.115257263183594
0.36151123046875 0.255584716796875 0.010101318359375 -0.144882202148437
0.131134033203125 0.44903564453125 0.0520477294921875 -0.206802368164062
-0.02862548828125 0.513519287109375 0.120346069335937 -0.258499145507812
-0.155670166015625 0.445953369140625 0.290771484375 -0.312530517578125
-0.22930908203125 0.505889892578125 -0.23248291015625 -0.105804443359375
-0.16839599609375 0.501190185546875 -0.103286743164063 -0.0897598266601562
-0.0256652832031249 0.5450439453125 -0.0826339721679687 -0.126792907714844
0.18914794921875 0.45367431640625 -0.121017456054687 -0.13067626953125
0.296112060546875 0.305145263671875 -0.155532836914063 -0.06048583984375
0.4295654296875 0.099853515625 -0.127166748046875 -0.0327911376953125
0.40582275390625 -0.06201171875 -0.110816955566406 -0.03668212890625
0.37530517578125 -0.076507568359375 -0.107513427734375 -0.0529632568359375
0.410888671875 -0.118804931640625 -0.0904693603515625 -0.0532073974609375
0.416961669921875 -0.061614990234375 -0.0867767333984375 -0.100387573242188
0.429656982421875 0.1190185546875 -0.110977172851562 -0.0867080688476563
0.384033203125 0.2547607421875 -0.0508956909179687 -0.130538940429687
0.1544189453125 0.4708251953125 0.02874755859375 -0.1728515625
0.00268554687499994 0.550537109375 0.113723754882813 -0.150375366210937
-0.13885498046875 0.5045166015625 0.2032470703125 -0.159622192382812
-0.1412353515625 0.50579833984375 -0.296844482421875 0.057464599609375
-0.062835693359375 0.47247314453125 -0.114418029785156 0.0185623168945313
0.0690307617187501 0.460357666015625 -0.0858383178710938 -0.0993194580078125
0.22076416015625 0.345916748046875 -0.160064697265625 -0.131454467773438
0.2781982421875 0.210525512695313 -0.213302612304687 -0.0671539306640625
0.372589111328125 0.037078857421875 -0.22723388671875 -0.020751953125
0.334716796875 -0.08892822265625 -0.233688354492187 0.016845703125
0.31256103515625 -0.0947265625 -0.221893310546875 0.017547607421875
0.344146728515625 -0.124359130859375 -0.206436157226562 0.0134124755859375
0.349395751953125 -0.06640625 -0.197998046875 -0.0547943115234375
0.363067626953125 0.095977783203125 -0.185760498046875 -0.0598602294921875
0.323211669921875 0.20751953125 -0.0954971313476562 -0.109352111816406
0.1431884765625 0.400421142578125 0.0170974731445313 -0.120269775390625
0.0328369140625 0.486236572265625 0.104377746582031 -0.0265045166015625
-0.09246826171875 0.478790283203125 0.112632751464844 0.0106887817382813
-0.04302978515625 0.42132568359375 -0.342559814453125 0.22021484375
0.020538330078125 0.36761474609375 -0.127204895019531 0.129257202148438
0.11895751953125 0.313446044921875 -0.0922393798828125 -0.0470428466796875
0.1973876953125 0.20306396484375 -0.186141967773438 -0.0911712646484375
0.214263916015625 0.102935791015625 -0.242752075195313 -0.0414276123046875
0.264999389648438 -0.0213470458984375 -0.291259765625 0.0145263671875
0.217254638671875 -0.100692749023438 -0.317169189453125 0.078765869140625
0.200668334960937 -0.099639892578125 -0.302093505859375 0.0846862792968749
0.22235107421875 -0.112335205078125 -0.292266845703125 0.06683349609375
0.222503662109375 -0.0633392333984375 -0.2744140625 -0.020538330078125
0.233627319335938 0.05029296875 -0.220916748046875 -0.04766845703125
0.2076416015625 0.113906860351563 -0.112075805664063 -0.0897979736328125
0.119033813476563 0.248672485351563 0.0168037414550781 -0.0643882751464844
0.074310302734375 0.340423583984375 0.0912017822265625 0.087646484375
-0.01904296875 0.380645751953125 0.03106689453125 0.168746948242188
0.0500030517578125 0.263427734375 -0.368682861328125 0.353515625
0.0639801025390625 0.205337524414062 -0.139984130859375 0.229019165039063
0.111991882324219 0.138046264648438 -0.0941848754882813 0.0201187133789063
0.121688842773437 0.0614166259765625 -0.191360473632813 -0.0262298583984375
0.112266540527344 0.00995635986328125 -0.241592407226563 0.00112915039062503
0.122146606445312 -0.057220458984375 -0.313262939453125 0.061767578125
0.0717849731445312 -0.0900802612304687 -0.3492431640625 0.138275146484375
0.0598297119140625 -0.0898513793945313 -0.336517333984375 0.139007568359375
0.0644302368164063 -0.0905227661132813 -0.333282470703125 0.096710205078125
0.0644378662109375 -0.0672531127929688 -0.303680419921875 -0.00384521484374994
0.0798797607421875 -0.0251693725585937 -0.212997436523437 -0.0495147705078125
0.0852432250976563 -0.0206146240234375 -0.0985031127929688 -0.075897216796875
0.117111206054687 0.05523681640625 0.0275688171386719 -0.0120201110839844
0.13922119140625 0.150299072265625 0.07745361328125 0.174270629882813
0.075897216796875 0.232254028320313 -0.024383544921875 0.29150390625
-0.210891723632813 -0.0631866455078125 -0.01910400390625 -0.35992431640625
-0.231887817382812 0.096893310546875 -0.079345703125 -0.22174072265625
-0.130691528320313 0.198348999023437 -0.0565032958984375 -0.00814437866210936
-0.000823974609374985 0.202484130859375 0.0563125610351563 0.0799484252929688
0.0810394287109375 0.156661987304688 0.153152465820313 0.091644287109375
0.130401611328125 0.0912399291992188 0.2879638671875 0.00521850585937501
0.141189575195313 0.0392303466796875 0.34100341796875 -0.1297607421875
0.108139038085938 0.0510025024414063 0.30584716796875 -0.1746826171875
0.0960922241210938 0.0531997680664063 0.3060302734375 -0.1712646484375
0.0626068115234375 0.0602912902832031 0.298736572265625 -0.11785888671875
0.0242576599121094 0.0654449462890625 0.213226318359375 -0.0862884521484375
-0.00309371948242187 0.0648231506347656 0.156936645507813 -0.071075439453125
-0.0641937255859375 0.0312843322753906 0.131568908691406 -0.13031005859375
-0.110725402832031 -0.0110626220703125 0.1448974609375 -0.296905517578125
-0.0869369506835938 -0.0862045288085937 0.439239501953125 -0.427886962890625
-0.28009033203125 0.125473022460938 -0.049224853515625 -0.36572265625
-0.281402587890625 0.248016357421875 -0.07989501953125 -0.239883422851562
-0.155426025390625 0.36639404296875 -0.0790557861328125 -0.0555648803710937
0.050201416015625 0.35174560546875 0.00179862976074219 0.0349998474121094
0.1748046875 0.259628295898438 0.0769500732421875 0.07763671875
0.276382446289063 0.120330810546875 0.21429443359375 0.010833740234375
0.281494140625 0.011322021484375 0.270751953125 -0.121414184570313
0.241744995117188 0.0177001953125 0.235382080078125 -0.180313110351563
0.243423461914062 0.0034637451171875 0.239517211914063 -0.185317993164063
0.207504272460938 0.0361785888671875 0.236434936523438 -0.155609130859375
0.17425537109375 0.104446411132813 0.151657104492188 -0.119949340820313
0.132736206054688 0.149993896484375 0.115829467773437 -0.121528625488281
-0.00532531738281251 0.20233154296875 0.107666015625 -0.1929931640625
-0.101638793945312 0.201126098632813 0.1358642578125 -0.342498779296875
-0.137031555175781 0.118568420410156 0.405975341796875 -0.468505859375
-0.309326171875 0.295501708984375 -0.10980224609375 -0.3223876953125
-0.29571533203125 0.373260498046875 -0.0932159423828125 -0.2213134765625
-0.159210205078125 0.489105224609375 -0.093536376953125 -0.0966720581054687
0.0901184082031249 0.459320068359375 -0.05010986328125 -0.0230331420898437
0.240814208984375 0.333648681640625 -0.00816345214843749 0.0391807556152344
0.38189697265625 0.14080810546875 0.108360290527344 0.00350189208984376
0.380096435546875 -0.0146484375 0.156829833984375 -0.100738525390625
0.337493896484375 -0.0189208984375 0.130020141601563 -0.1578369140625
0.35675048828125 -0.05224609375 0.139923095703125 -0.165481567382813
0.332366943359375 -0.00421142578125 0.138198852539063 -0.165908813476563
0.315765380859375 0.122314453125 0.0669021606445313 -0.132057189941406
0.267532348632812 0.216156005859375 0.0583953857421875 -0.15179443359375
0.06756591796875 0.35174560546875 0.0730133056640625 -0.22650146484375
-0.0692138671875 0.388397216796875 0.121551513671875 -0.335540771484375
-0.16143798828125 0.30596923828125 0.34649658203125 -0.43756103515625
-0.288818359375 0.42730712890625 -0.18719482421875 -0.229446411132813
-0.2540283203125 0.461822509765625 -0.11065673828125 -0.16802978515625
-0.110595703125 0.55419921875 -0.10064697265625 -0.121208190917969
0.141021728515625 0.494598388671875 -0.0983352661132812 -0.081329345703125
0.282958984375 0.350311279296875 -0.0937271118164062 -0.00945281982421873
0.4356689453125 0.131988525390625 -0.0151119232177734 -0.0119485855102539
0.422821044921875 -0.04107666015625 0.0181427001953125 -0.0695075988769531
0.384918212890625 -0.054046630859375 0.00452423095703127 -0.110496520996094
0.41387939453125 -0.10009765625 0.0190048217773438 -0.116294860839844
0.4061279296875 -0.0445556640625 0.01654052734375 -0.143112182617188
0.4122314453125 0.122344970703125 -0.0334243774414062 -0.116531372070312
0.3646240234375 0.250762939453125 -0.00736999511718749 -0.155380249023437
0.131195068359375 0.448974609375 0.0384674072265625 -0.223114013671875
-0.027984619140625 0.514312744140625 0.108749389648438 -0.271484375
-0.161407470703125 0.443511962890625 0.27056884765625 -0.331085205078125
-0.221466064453125 0.502288818359375 -0.2628173828125 -0.0949249267578125
-0.16107177734375 0.49908447265625 -0.126380920410156 -0.08441162109375
-0.017669677734375 0.540863037109375 -0.104148864746094 -0.123016357421875
0.195159912109375 0.448516845703125 -0.14312744140625 -0.1199951171875
0.298065185546875 0.3001708984375 -0.170516967773437 -0.0476226806640625
0.428131103515625 0.08929443359375 -0.137321472167969 -0.0215606689453125
0.402374267578125 -0.07012939453125 -0.124008178710937 -0.027191162109375
0.37127685546875 -0.08209228515625 -0.124595642089844 -0.045867919921875
0.407562255859375 -0.12750244140625 -0.107521057128906 -0.0469512939453125
0.4102783203125 -0.067718505859375 -0.109771728515625 -0.0963668823242188
0.42889404296875 0.108795166015625 -0.13055419921875 -0.0832366943359375
0.386962890625 0.243438720703125 -0.0699081420898437 -0.137672424316406
0.160736083984375 0.4659423828125 0.0124969482421875 -0.187118530273437
0.012176513671875 0.54608154296875 0.100051879882813 -0.163009643554687
-0.134124755859375 0.501800537109375 0.1829833984375 -0.176910400390625
-0.121795654296875 0.501434326171875 -0.324859619140625 0.067108154296875
-0.050018310546875 0.466064453125 -0.138473510742188 0.0188980102539063
0.0802307128906249 0.447235107421875 -0.108718872070313 -0.0966873168945312
0.223968505859375 0.329833984375 -0.18109130859375 -0.119705200195312
0.27435302734375 0.200469970703125 -0.22509765625 -0.05511474609375
0.363250732421875 0.02581787109375 -0.235946655273437 -0.010498046875
0.323272705078125 -0.0943603515625 -0.244918823242187 0.0267791748046874
0.30194091796875 -0.098297119140625 -0.235443115234375 0.026947021484375
0.333343505859375 -0.129852294921875 -0.220809936523438 0.022186279296875
0.33642578125 -0.071624755859375 -0.2177734375 -0.0470733642578125
0.358001708984375 0.08349609375 -0.201980590820312 -0.0525054931640625
0.3206787109375 0.193389892578125 -0.112869262695313 -0.112266540527344
0.15032958984375 0.387481689453125 0.001007080078125 -0.132682800292969
0.047119140625 0.476470947265625 0.0924606323242188 -0.0371017456054687
-0.0798034667968749 0.473236083984375 0.0954666137695313 -0.00277709960937497
-0.01580810546875 0.415679931640625 -0.363677978515625 0.22821044921875
0.040802001953125 0.3582763671875 -0.147720336914063 0.12896728515625
0.134674072265625 0.295013427734375 -0.113105773925781 -0.0422439575195312
0.200164794921875 0.182373046875 -0.202667236328125 -0.076934814453125
0.207473754882813 0.0885009765625 -0.248519897460938 -0.0294342041015625
0.249374389648438 -0.0337677001953125 -0.2950439453125 0.022857666015625
0.199615478515625 -0.104843139648438 -0.324462890625 0.0871582031249999
0.184844970703125 -0.10137939453125 -0.311676025390625 0.094390869140625
0.20513916015625 -0.113037109375 -0.30328369140625 0.074951171875
0.2044677734375 -0.0649566650390625 -0.289398193359375 -0.012939453125
0.22119140625 0.0393829345703125 -0.23333740234375 -0.040924072265625
0.198837280273438 0.0984039306640625 -0.125518798828125 -0.0919265747070313
0.123733520507813 0.229766845703125 0.00531768798828126 -0.0750885009765625
0.090789794921875 0.321441650390625 0.083282470703125 0.077667236328125
-0.000427246093749974 0.371124267578125 0.0205535888671875 0.158111572265625
0.079010009765625 0.259246826171875 -0.3802490234375 0.364837646484375
0.0868377685546875 0.198516845703125 -0.154876708984375 0.230484008789062
0.129707336425781 0.120552062988281 -0.110847473144531 0.0281448364257813
0.125205993652344 0.0413131713867188 -0.200576782226563 -0.010009765625
0.10614013671875 -0.00576019287109375 -0.240402221679687 0.012359619140625
0.105148315429687 -0.0694122314453125 -0.311370849609375 0.068389892578125
0.0507431030273438 -0.0917510986328125 -0.35052490234375 0.1458740234375
0.0404586791992187 -0.0882949829101563 -0.340301513671875 0.147674560546875
0.0447235107421875 -0.0863571166992187 -0.339080810546875 0.103515625
0.0438041687011719 -0.0644683837890625 -0.3126220703125 0.00180053710937499
0.0611114501953125 -0.0323867797851563 -0.219818115234375 -0.0470428466796875
0.06939697265625 -0.0345382690429687 -0.107376098632813 -0.0790786743164063
0.116897583007813 0.0312347412109375 0.0210685729980469 -0.0228691101074219
0.15386962890625 0.12530517578125 0.0746307373046875 0.16278076171875
0.0984344482421875 0.218826293945312 -0.02642822265625 0.282623291015625
-0.239639282226563 -0.0399322509765625 -0.0245361328125 -0.350799560546875
-0.231643676757812 0.133193969726563 -0.0794525146484375 -0.211013793945313
-0.114471435546875 0.227081298828125 -0.0546875 -0.000755310058593744
0.026947021484375 0.2164306640625 0.0639190673828125 0.083709716796875
0.109237670898437 0.1552734375 0.1612548828125 0.093292236328125
0.155685424804688 0.074859619140625 0.297271728515625 -0.0010986328125
0.160232543945312 0.0195159912109375 0.345703125 -0.141998291015625
0.127403259277344 0.0394515991210938 0.305450439453125 -0.18609619140625
0.11712646484375 0.0431060791015625 0.304534912109375 -0.1826171875
0.0814056396484375 0.0606613159179688 0.292877197265625 -0.131072998046875
0.0384902954101563 0.078643798828125 0.2047119140625 -0.0986175537109375
-0.000915527343749993 0.0832443237304688 0.156097412109375 -0.087982177734375
-0.0814590454101563 0.0498123168945312 0.137451171875 -0.147903442382813
-0.1358642578125 0.00659179687500001 0.15155029296875 -0.312652587890625
-0.1173095703125 -0.0810623168945312 0.443023681640625 -0.45977783203125
-0.303253173828125 0.150604248046875 -0.06365966796875 -0.352935791015625
-0.280792236328125 0.286346435546875 -0.087005615234375 -0.227035522460938
-0.137054443359375 0.39892578125 -0.084381103515625 -0.045928955078125
0.082366943359375 0.36627197265625 0.00178146362304688 0.0443267822265625
0.206466674804688 0.258529663085938 0.0789718627929688 0.08673095703125
0.3038330078125 0.101287841796875 0.220611572265625 0.0134429931640625
0.30120849609375 -0.011444091796875 0.269699096679688 -0.12664794921875
0.259796142578125 0.002166748046875 0.228347778320313 -0.185638427734375
0.263870239257813 -0.0107574462890625 0.231735229492188 -0.191421508789063
0.225387573242187 0.0317535400390625 0.221176147460938 -0.164993286132813
0.190032958984375 0.111129760742188 0.136253356933594 -0.129310607910156
0.13934326171875 0.162704467773438 0.105888366699219 -0.137733459472656
-0.0153045654296875 0.218826293945313 0.101104736328125 -0.21331787109375
-0.117477416992188 0.218292236328125 0.131378173828125 -0.362213134765625
-0.16217041015625 0.127151489257813 0.39422607421875 -0.5028076171875
-0.3258056640625 0.318328857421875 -0.134063720703125 -0.304046630859375
-0.2950439453125 0.405181884765625 -0.10699462890625 -0.206130981445312
-0.143341064453125 0.51947021484375 -0.1065673828125 -0.0851516723632812
0.120697021484375 0.4736328125 -0.05926513671875 -0.00857925415039061
0.270355224609375 0.334228515625 -0.0131111145019531 0.0549850463867188
0.40655517578125 0.12164306640625 0.109329223632813 0.0137710571289063
0.3974609375 -0.03765869140625 0.151138305664063 -0.097991943359375
0.352935791015625 -0.03533935546875 0.116928100585938 -0.156005859375
0.373199462890625 -0.0706787109375 0.125503540039063 -0.16644287109375
0.345458984375 -0.013763427734375 0.116943359375 -0.169601440429688
0.332427978515625 0.12066650390625 0.0459442138671875 -0.134895324707031
0.27923583984375 0.21990966796875 0.0401458740234375 -0.165542602539063
0.068634033203125 0.366485595703125 0.0573272705078125 -0.246871948242188
-0.07342529296875 0.404571533203125 0.107696533203125 -0.355682373046875
-0.176971435546875 0.317535400390625 0.327178955078125 -0.4677734375
-0.2933349609375 0.444000244140625 -0.217300415039063 -0.206832885742188
-0.250732421875 0.483734130859375 -0.131790161132813 -0.152862548828125
-0.09600830078125 0.57464599609375 -0.120315551757813 -0.109725952148437
0.165130615234375 0.503753662109375 -0.115280151367187 -0.0645675659179688
0.305511474609375 0.351318359375 -0.105880737304687 0.00933074951171876
0.453399658203125 0.116607666015625 -0.0204849243164062 0.00394630432128907
0.433685302734375 -0.061737060546875 0.00775909423828127 -0.0595321655273438
0.394073486328125 -0.068939208984375 -0.012664794921875 -0.101882934570312
0.42547607421875 -0.11944580078125 0.00138092041015626 -0.109321594238281
0.414337158203125 -0.05694580078125 -0.00842285156249996 -0.139083862304688
0.42724609375 0.112030029296875 -0.0564346313476562 -0.111991882324219
0.378753662109375 0.246246337890625 -0.03106689453125 -0.16375732421875
0.140472412109375 0.460205078125 0.0146942138671875 -0.240509033203125
-0.0193176269531251 0.52734375 0.089752197265625 -0.288787841796875
-0.166046142578125 0.453399658203125 0.244903564453125 -0.35736083984375
-0.21270751953125 0.510833740234375 -0.296417236328125 -0.0703125
-0.153045654296875 0.50982666015625 -0.151992797851563 -0.0695648193359375
-0.0054931640625 0.54931640625 -0.128204345703125 -0.111587524414062
0.20989990234375 0.447906494140625 -0.165390014648438 -0.101150512695313
0.3101806640625 0.2978515625 -0.185577392578125 -0.027862548828125
0.435516357421875 0.076019287109375 -0.146759033203125 -0.00381469726562502
0.40545654296875 -0.085601806640625 -0.137527465820312 -0.012115478515625
0.37432861328125 -0.09381103515625 -0.14263916015625 -0.031707763671875
0.4105224609375 -0.143463134765625 -0.125335693359375 -0.0339736938476563
0.409881591796875 -0.08074951171875 -0.13494873046875 -0.0849761962890625
0.438446044921875 0.094879150390625 -0.153121948242187 -0.0720367431640625
0.398651123046875 0.231781005859375 -0.09588623046875 -0.140098571777344
0.1763916015625 0.4678955078125 -0.0120849609375 -0.199493408203125
0.0283203125 0.551300048828125 0.081329345703125 -0.175704956054687
-0.12652587890625 0.508544921875 0.157730102539063 -0.193954467773437
-0.1011962890625 0.501220703125 -0.355194091796875 0.091949462890625
-0.032958984375 0.464752197265625 -0.164871215820313 0.032318115234375
0.0936889648437501 0.439727783203125 -0.134925842285156 -0.0848312377929687
0.230682373046875 0.32012939453125 -0.204513549804688 -0.099273681640625
0.2760009765625 0.192703247070313 -0.238784790039062 -0.0362091064453125
0.358734130859375 0.013427734375 -0.246490478515625 0.00634765625000004
0.31805419921875 -0.103912353515625 -0.258529663085938 0.0450897216796875
0.296142578125 -0.105255126953125 -0.252044677734375 0.0449371337890625
0.3282470703125 -0.13995361328125 -0.2376708984375 0.039794921875
0.3292236328125 -0.079193115234375 -0.24102783203125 -0.03021240234375
0.3577880859375 0.070953369140625 -0.221603393554687 -0.0381011962890625
0.32415771484375 0.1798095703125 -0.135818481445312 -0.110137939453125
0.1632080078125 0.380218505859375 -0.020751953125 -0.141067504882812
0.065032958984375 0.47039794921875 0.0772323608398438 -0.04571533203125
-0.0641174316406251 0.475128173828125 0.074676513671875 -0.0124435424804687
0.0137939453125 0.41021728515625 -0.386810302734375 0.25469970703125
0.06256103515625 0.34893798828125 -0.17083740234375 0.141342163085938
0.149581909179688 0.277130126953125 -0.136268615722656 -0.0293121337890625
0.203018188476563 0.162689208984375 -0.22021484375 -0.0564117431640625
0.201950073242187 0.0753936767578125 -0.257049560546875 -0.0130920410156249
0.234848022460937 -0.044189453125 -0.302764892578125 0.037139892578125
0.184539794921875 -0.106658935546875 -0.335052490234375 0.105621337890625
0.172271728515625 -0.101364135742187 -0.32379150390625 0.11383056640625
0.192474365234375 -0.113372802734375 -0.31658935546875 0.094512939453125
0.191253662109375 -0.0648345947265625 -0.30731201171875 0.00451660156249995
0.21063232421875 0.0318450927734375 -0.249069213867188 -0.0278167724609375
0.190322875976563 0.0855255126953125 -0.1451416015625 -0.08929443359375
0.12835693359375 0.212677001953125 -0.011505126953125 -0.0824203491210937
0.10626220703125 0.3028564453125 0.0743484497070313 0.0703353881835938
0.01995849609375 0.363006591796875 0.00711059570312499 0.154052734375
0.111724853515625 0.24884033203125 -0.391204833984375 0.3927001953125
0.1109619140625 0.186172485351563 -0.169967651367188 0.2449951171875
0.145858764648438 0.098175048828125 -0.12652587890625 0.0442733764648438
0.124626159667969 0.018096923828125 -0.208770751953125 0.011810302734375
0.0968093872070313 -0.0210723876953125 -0.2393798828125 0.026641845703125
0.0850143432617188 -0.0769271850585938 -0.31280517578125 0.08050537109375
0.0300216674804687 -0.08795166015625 -0.3570556640625 0.1611328125
0.0220413208007812 -0.0822830200195313 -0.3463134765625 0.164337158203125
0.0260772705078125 -0.0774002075195313 -0.349761962890625 0.1214599609375
0.0246162414550781 -0.0571327209472656 -0.325958251953125 0.01617431640625
0.0407791137695313 -0.0337104797363281 -0.232391357421875 -0.038787841796875
0.0495185852050781 -0.0446662902832031 -0.122467041015625 -0.0784225463867188
0.112434387207031 0.0059356689453125 0.0111007690429688 -0.0318031311035156
0.1644287109375 0.0958251953125 0.0713653564453125 0.155349731445313
0.121475219726563 0.2012939453125 -0.02935791015625 0.279678344726563
-0.25994873046875 -0.00341796875 -0.031707763671875 -0.342498779296875
-0.215606689453125 0.172683715820312 -0.0794830322265625 -0.201202392578125
-0.083709716796875 0.251983642578125 -0.050323486328125 0.00664901733398439
0.0638885498046875 0.219390869140625 0.07550048828125 0.0832138061523438
0.140457153320312 0.1417236328125 0.171524047851563 0.08941650390625
0.176071166992188 0.0471343994140625 0.30670166015625 -0.0164794921875
0.172378540039062 -0.0095367431640625 0.345062255859375 -0.16412353515625
0.141311645507813 0.0184783935546875 0.2994384765625 -0.202392578125
0.135009765625 0.0233612060546875 0.29840087890625 -0.19873046875
0.10150146484375 0.0528793334960938 0.2823486328125 -0.1470947265625
0.0589828491210938 0.0848922729492188 0.191635131835938 -0.112838745117188
0.00996398925781251 0.100425720214844 0.148101806640625 -0.107559204101563
-0.0897216796875 0.075347900390625 0.133880615234375 -0.170883178710938
-0.154022216796875 0.034576416015625 0.146148681640625 -0.335601806640625
-0.147247314453125 -0.0620880126953125 0.427459716796875 -0.50518798828125
-0.3148193359375 0.190277099609375 -0.07855224609375 -0.336029052734375
-0.261688232421875 0.32733154296875 -0.092376708984375 -0.211929321289062
-0.101959228515625 0.427093505859375 -0.0857925415039063 -0.0326995849609375
0.126708984375 0.36956787109375 0.00631332397460938 0.053466796875
0.24285888671875 0.242828369140625 0.0861282348632813 0.0947189331054688
0.325347900390625 0.06695556640625 0.229202270507813 0.008697509765625
0.312408447265625 -0.047607421875 0.267410278320313 -0.13720703125
0.273666381835938 -0.0241241455078125 0.217803955078125 -0.192962646484375
0.280670166015625 -0.0382537841796875 0.219223022460938 -0.199203491210938
0.243682861328125 0.0175628662109375 0.202896118164063 -0.174896240234375
0.212432861328125 0.108673095703125 0.1163330078125 -0.135841369628906
0.153533935546875 0.17108154296875 0.0872955322265625 -0.153091430664063
-0.014434814453125 0.241241455078125 0.084503173828125 -0.234710693359375
-0.124008178710938 0.24517822265625 0.112823486328125 -0.383270263671875
-0.182403564453125 0.14947509765625 0.366363525390625 -0.5421142578125
-0.32763671875 0.352752685546875 -0.154464721679688 -0.276519775390625
-0.275604248046875 0.44451904296875 -0.117294311523437 -0.185516357421875
-0.108428955078125 0.550689697265625 -0.11590576171875 -0.0678253173828124
0.165130615234375 0.477294921875 -0.0628166198730469 0.00886535644531253
0.306671142578125 0.32080078125 -0.0115814208984375 0.0729751586914063
0.4271240234375 0.086273193359375 0.114845275878906 0.0212249755859375
0.406982421875 -0.074249267578125 0.147018432617188 -0.096343994140625
0.36370849609375 -0.064300537109375 0.102737426757813 -0.153152465820313
0.3841552734375 -0.102569580078125 0.1102294921875 -0.1646728515625
0.358062744140625 -0.03466796875 0.093170166015625 -0.16925048828125
0.353607177734375 0.107635498046875 0.0224380493164063 -0.132759094238281
0.298431396484375 0.216033935546875 0.014434814453125 -0.173095703125
0.0799560546875 0.38214111328125 0.0298309326171875 -0.262588500976563
-0.064971923828125 0.427276611328125 0.081451416015625 -0.373382568359375
-0.184417724609375 0.3385009765625 0.289093017578125 -0.499755859375
-0.286163330078125 0.467742919921875 -0.242828369140625 -0.171035766601563
-0.23150634765625 0.5130615234375 -0.14764404296875 -0.127700805664062
-0.0673217773437501 0.59796142578125 -0.136833190917969 -0.0891952514648437
0.201263427734375 0.506744384765625 -0.127227783203125 -0.040130615234375
0.336700439453125 0.33978271484375 -0.109687805175781 0.034149169921875
0.469757080078125 0.085479736328125 -0.0186996459960937 0.0207405090332031
0.4403076171875 -0.093505859375 0.00203704833984378 -0.04693603515625
0.399505615234375 -0.095367431640625 -0.027252197265625 -0.0886611938476563
0.4290771484375 -0.151031494140625 -0.0141983032226562 -0.0977706909179688
0.4178466796875 -0.080718994140625 -0.0330734252929687 -0.127326965332031
0.4442138671875 0.091339111328125 -0.0800552368164062 -0.0993423461914063
0.397918701171875 0.23272705078125 -0.0612335205078125 -0.162750244140625
0.163238525390625 0.4664306640625 -0.0174713134765625 -0.249740600585937
0.00125122070312499 0.542144775390625 0.060760498046875 -0.30096435546875
-0.15948486328125 0.472412109375 0.2064208984375 -0.379058837890625
-0.195343017578125 0.52252197265625 -0.32147216796875 -0.0294189453124999
-0.1331787109375 0.52337646484375 -0.172607421875 -0.0430755615234375
0.018096923828125 0.556427001953125 -0.150070190429688 -0.0891876220703125
0.234832763671875 0.442413330078125 -0.182403564453125 -0.0728912353515625
0.329833984375 0.287811279296875 -0.19317626953125 -0.000183105468750014
0.4422607421875 0.052520751953125 -0.149856567382812 0.0195159912109375
0.406219482421875 -0.109375 -0.144943237304687 0.00961303710937498
0.37274169921875 -0.1136474609375 -0.155059814453125 -0.00891113281250003
0.407989501953125 -0.168914794921875 -0.138748168945312 -0.0133209228515625
0.40643310546875 -0.10125732421875 -0.157150268554687 -0.0628814697265625
0.447235107421875 0.0709228515625 -0.173370361328125 -0.05084228515625
0.41253662109375 0.21319580078125 -0.124008178710937 -0.130790710449219
0.199951171875 0.46405029296875 -0.04437255859375 -0.202896118164062
0.054595947265625 0.555084228515625 0.055755615234375 -0.182342529296875
-0.1102294921875 0.520355224609375 0.12384033203125 -0.204986572265625
-0.07415771484375 0.500823974609375 -0.37530517578125 0.135986328125
-0.010009765625 0.46075439453125 -0.185638427734375 0.058868408203125
0.11029052734375 0.43017578125 -0.157669067382813 -0.0610504150390625
0.241180419921875 0.305694580078125 -0.221328735351562 -0.069366455078125
0.28021240234375 0.181610107421875 -0.246368408203125 -0.00973510742187496
0.3525390625 -0.001708984375 -0.2518310546875 0.030792236328125
0.30926513671875 -0.115692138671875 -0.265533447265625 0.0715026855468749
0.288818359375 -0.115081787109375 -0.261642456054688 0.072479248046875
0.319854736328125 -0.153839111328125 -0.247543334960937 0.0672302246093749
0.3206787109375 -0.091064453125 -0.25848388671875 -0.00190734863281254
0.357177734375 0.0531005859375 -0.23809814453125 -0.012481689453125
0.32818603515625 0.161376953125 -0.160980224609375 -0.09661865234375
0.18011474609375 0.36822509765625 -0.048187255859375 -0.141189575195312
0.08953857421875 0.459991455078125 0.0594253540039063 -0.0490341186523437
-0.042205810546875 0.47467041015625 0.0503082275390625 -0.0147666931152343
0.04638671875 0.396484375 -0.396514892578125 0.29815673828125
0.08624267578125 0.333343505859375 -0.186874389648438 0.167144775390625
0.162307739257813 0.253128051757812 -0.154190063476563 -0.00491333007812496
0.2021484375 0.1409912109375 -0.231765747070313 -0.0258331298828125
0.193984985351563 0.063201904296875 -0.258834838867188 0.0104217529296875
0.218429565429687 -0.052764892578125 -0.3062744140625 0.059539794921875
0.169937133789063 -0.106552124023437 -0.3397216796875 0.133758544921875
0.160140991210938 -0.099853515625 -0.32830810546875 0.142822265625
0.180267333984375 -0.112960815429687 -0.323394775390625 0.12420654296875
0.178604125976563 -0.0640106201171875 -0.320404052734375 0.0344848632812501
0.200149536132813 0.0252838134765625 -0.262222290039063 -0.00363159179687503
0.180526733398437 0.075408935546875 -0.16571044921875 -0.07550048828125
0.129806518554688 0.1951904296875 -0.0321807861328125 -0.0837631225585937
0.119949340820313 0.279953002929688 0.0638236999511719 0.0673332214355469
0.043060302734375 0.349761962890625 -0.00515747070312501 0.156463623046875
0.144149780273438 0.2255859375 -0.387847900390625 0.433197021484375
0.133407592773438 0.164779663085938 -0.175994873046875 0.271224975585937
0.15496826171875 0.0687408447265625 -0.13525390625 0.0688323974609375
0.117195129394531 -0.00457000732421875 -0.209915161132813 0.039764404296875
0.0813980102539063 -0.0347137451171875 -0.23480224609375 0.0453948974609375
0.0621337890625 -0.078155517578125 -0.311431884765625 0.0990905761718751
0.0104141235351562 -0.076446533203125 -0.355194091796875 0.186920166015625
0.00620651245117188 -0.0697669982910156 -0.344940185546875 0.192108154296875
0.0111618041992187 -0.0625190734863281 -0.35369873046875 0.149261474609375
0.00943756103515625 -0.0431594848632812 -0.3350830078125 0.0410461425781251
0.0206928253173828 -0.0277175903320313 -0.2430419921875 -0.0226593017578125
0.0261650085449219 -0.047149658203125 -0.138290405273438 -0.0697174072265625
0.098602294921875 -0.0184173583984375 -0.00275039672851562 -0.0366859436035156
0.1661376953125 0.0609283447265625 0.0683135986328125 0.148529052734375
0.141281127929688 0.174713134765625 -0.0303955078125 0.2821044921875
-0.263870239257813 0.03948974609375 -0.0355224609375 -0.333251953125
-0.185440063476563 0.201828002929688 -0.07574462890625 -0.19329833984375
-0.0453643798828125 0.26312255859375 -0.0427207946777344 0.0118293762207031
0.099090576171875 0.206832885742188 0.0862655639648438 0.0768203735351563
0.164230346679688 0.1165771484375 0.18084716796875 0.0806121826171875
0.183792114257813 0.0125579833984375 0.307891845703125 -0.0364990234375
0.171127319335938 -0.041778564453125 0.335693359375 -0.1856689453125
0.146026611328125 -0.0068511962890625 0.28680419921875 -0.218902587890625
0.14361572265625 -0.0031280517578125 0.285430908203125 -0.21234130859375
0.116470336914063 0.0368118286132813 0.265151977539062 -0.159423828125
0.0802154541015625 0.0817794799804688 0.172897338867188 -0.121963500976563
0.0270767211914063 0.111572265625 0.132560729980469 -0.123481750488281
-0.087371826171875 0.102897644042969 0.120864868164063 -0.190765380859375
-0.1588134765625 0.068939208984375 0.1300048828125 -0.35498046875
-0.1668701171875 -0.0330047607421875 0.39227294921875 -0.541961669921875
-0.309967041015625 0.2315673828125 -0.084716796875 -0.314788818359375
-0.225067138671875 0.3587646484375 -0.0910797119140626 -0.196319580078125
-0.056121826171875 0.440582275390625 -0.0830841064453125 -0.0199966430664062
0.16986083984375 0.35345458984375 0.015167236328125 0.0592689514160156
0.270843505859375 0.213211059570312 0.0966033935546875 0.0982742309570313
0.33258056640625 0.024444580078125 0.23541259765625 4.57763671875015E-05
0.309478759765625 -0.086517333984375 0.260482788085937 -0.148529052734375
0.274734497070313 -0.055206298828125 0.204147338867188 -0.197967529296875
0.283355712890625 -0.07275390625 0.204971313476563 -0.20361328125
0.25347900390625 -0.0051116943359375 0.18182373046875 -0.177078247070313
0.231979370117188 0.09619140625 0.0945358276367188 -0.135429382324219
0.171646118164063 0.172073364257813 0.06494140625 -0.159835815429688
-0.00415039062499997 0.26171875 0.061126708984375 -0.246917724609375
-0.117141723632813 0.273422241210938 0.08624267578125 -0.396392822265625
-0.19110107421875 0.177902221679688 0.322265625 -0.56689453125
-0.31439208984375 0.38653564453125 -0.162017822265625 -0.243759155273437
-0.239288330078125 0.47235107421875 -0.11907958984375 -0.162811279296875
-0.0625 0.5633544921875 -0.118049621582031 -0.047637939453125
0.208953857421875 0.4613037109375 -0.0582466125488281 0.0256423950195313
0.336883544921875 0.291656494140625 -0.00195312499999999 0.0888442993164063
0.434478759765625 0.04315185546875 0.123687744140625 0.0243911743164063
0.4017333984375 -0.113861083984375 0.144210815429688 -0.095489501953125
0.361846923828125 -0.096160888671875 0.0913848876953126 -0.146194458007813
0.381500244140625 -0.1400146484375 0.0967864990234375 -0.15826416015625
0.361419677734375 -0.06182861328125 0.071441650390625 -0.159805297851563
0.369049072265625 0.084991455078125 0.000556945800781284 -0.12176513671875
0.315887451171875 0.204193115234375 -0.0130462646484375 -0.170394897460937
0.0997314453125 0.391845703125 -0.00332641601562499 -0.266006469726563
-0.046112060546875 0.44635009765625 0.047698974609375 -0.37933349609375
-0.179718017578125 0.362213134765625 0.2398681640625 -0.51336669921875
-0.266754150390625 0.490234375 -0.249969482421875 -0.128280639648438
-0.199920654296875 0.532440185546875 -0.151992797851563 -0.0984191894531249
-0.0284423828125 0.60772705078125 -0.143905639648437 -0.063140869140625
0.2406005859375 0.4913330078125 -0.127677917480469 -0.0137100219726562
0.362060546875 0.317291259765625 -0.103363037109375 0.05889892578125
0.4727783203125 0.0472412109375 -0.0106849670410156 0.0356292724609375
0.433319091796875 -0.128448486328125 0.00135231018066409 -0.0340042114257813
0.394775390625 -0.123504638671875 -0.035858154296875 -0.0712509155273438
0.420867919921875 -0.186431884765625 -0.0230789184570312 -0.0813674926757813
0.413818359375 -0.108734130859375 -0.0514602661132812 -0.106773376464844
0.453338623046875 0.061004638671875 -0.0974349975585937 -0.0788040161132812
0.41314697265625 0.208740234375 -0.0882415771484375 -0.149551391601563
0.188720703125 0.46392822265625 -0.052032470703125 -0.244964599609375
0.0310363769531249 0.548248291015625 0.027679443359375 -0.301513671875
-0.143890380859375 0.48846435546875 0.159393310546875 -0.383819580078125
-0.17108154296875 0.527587890625 -0.3265380859375 0.0195617675781251
-0.105224609375 0.528472900390625 -0.179214477539063 -0.00979614257812498
0.0450439453125 0.555633544921875 -0.161087036132812 -0.0594482421875
0.2584228515625 0.428436279296875 -0.185775756835938 -0.040740966796875
0.3448486328125 0.270843505859375 -0.18975830078125 0.02911376953125
0.439788818359375 0.025787353515625 -0.143646240234375 0.0419464111328125
0.39739990234375 -0.13275146484375 -0.14306640625 0.03277587890625
0.365203857421875 -0.133453369140625 -0.158432006835937 0.0166168212890625
0.395782470703125 -0.19647216796875 -0.141937255859375 0.0115203857421875
0.398101806640625 -0.124786376953125 -0.168869018554687 -0.0332183837890625
0.4503173828125 0.041778564453125 -0.18359375 -0.022491455078125
0.420440673828125 0.1859130859375 -0.147262573242187 -0.110382080078125
0.2236328125 0.45086669921875 -0.0760040283203125 -0.192581176757812
0.08587646484375 0.548431396484375 0.028778076171875 -0.179092407226563
-0.08782958984375 0.5247802734375 0.087615966796875 -0.202667236328125
-0.048553466796875 0.488922119140625 -0.3746337890625 0.184722900390625
0.0112304687500001 0.449066162109375 -0.19256591796875 0.0930328369140625
0.124420166015625 0.415679931640625 -0.168563842773438 -0.029449462890625
0.248016357421875 0.287322998046875 -0.224746704101562 -0.0345458984375
0.28057861328125 0.168777465820312 -0.243301391601563 0.0192108154296876
0.3426513671875 -0.016998291015625 -0.24658203125 0.0565185546875
0.298004150390625 -0.12579345703125 -0.261306762695313 0.100997924804687
0.279541015625 -0.123199462890625 -0.259124755859375 0.103012084960938
0.30706787109375 -0.166015625 -0.24444580078125 0.0980377197265625
0.3096923828125 -0.10260009765625 -0.263595581054688 0.032257080078125
0.351715087890625 0.034088134765625 -0.24249267578125 0.01861572265625
0.327911376953125 0.14202880859375 -0.178192138671875 -0.0725860595703124
0.192718505859375 0.35076904296875 -0.0729217529296875 -0.129798889160156
0.11138916015625 0.44342041015625 0.0418624877929688 -0.045867919921875
-0.01953125 0.465911865234375 0.0276374816894531 -0.00815010070800778
0.071685791015625 0.371307373046875 -0.386077880859375 0.34332275390625
0.10302734375 0.310546875 -0.189178466796875 0.198135375976563
0.166488647460938 0.227081298828125 -0.160568237304688 0.0248565673828125
0.194656372070313 0.1224365234375 -0.230178833007812 0.00709533691406255
0.182754516601563 0.0539093017578125 -0.252029418945313 0.03350830078125
0.200836181640625 -0.05535888671875 -0.300384521484375 0.0831298828125
0.156753540039063 -0.102554321289063 -0.331878662109375 0.163726806640625
0.149765014648437 -0.0952301025390625 -0.320343017578125 0.17413330078125
0.169158935546875 -0.109848022460938 -0.315826416015625 0.15643310546875
0.168228149414063 -0.060821533203125 -0.32061767578125 0.068084716796875
0.189804077148438 0.02203369140625 -0.264007568359375 0.0247802734375
0.170059204101562 0.068572998046875 -0.178955078125 -0.0542144775390625
0.126953125 0.177978515625 -0.0517654418945313 -0.0760650634765625
0.126068115234375 0.25390625 0.0541725158691406 0.0676765441894532
0.060089111328125 0.32769775390625 -0.0140380859375 0.163375854492188
0.164810180664063 0.19287109375 -0.366668701171875 0.471527099609375
0.146133422851563 0.136749267578125 -0.16937255859375 0.29803466796875
0.152130126953125 0.038055419921875 -0.132850646972656 0.0951080322265625
0.101890563964844 -0.0223541259765625 -0.199874877929688 0.0667572021484375
0.0628814697265625 -0.0402870178222656 -0.222930908203125 0.0608673095703125
0.0409393310546875 -0.07080078125 -0.3016357421875 0.116119384765625
-0.0024871826171875 -0.0593032836914063 -0.344635009765625 0.21173095703125
-0.00284576416015625 -0.0524864196777344 -0.333160400390625 0.218170166015625
0.00333404541015625 -0.0429115295410156 -0.345367431640625 0.178009033203125
0.00109291076660156 -0.0253200531005859 -0.333953857421875 0.069061279296875
0.0056304931640625 -0.0146951675415039 -0.246383666992188 -0.00077819824218747
0.00445938110351562 -0.0403594970703125 -0.15020751953125 -0.0544281005859375
0.0769424438476563 -0.034820556640625 -0.0176315307617188 -0.0357093811035156
0.154693603515625 0.0281982421875 0.0638885498046875 0.14434814453125
0.149993896484375 0.142105102539063 -0.028472900390625 0.283782958984375
-0.2530517578125 0.07513427734375 -0.0328369140625 -0.326019287109375
-0.150115966796875 0.215301513671875 -0.0679473876953125 -0.1898193359375
-0.0115966796875 0.258819580078125 -0.0342960357666016 0.0128936767578125
0.124069213867187 0.18402099609375 0.0936050415039063 0.0682296752929688
0.174697875976562 0.088165283203125 0.185699462890625 0.070953369140625
0.178131103515625 -0.01898193359375 0.303619384765625 -0.053070068359375
0.15911865234375 -0.0684661865234375 0.322265625 -0.2003173828125
0.141250610351563 -0.0285186767578125 0.272781372070313 -0.227264404296875
0.141433715820313 -0.0279083251953125 0.271194458007813 -0.220001220703125
0.123222351074219 0.018157958984375 0.2479248046875 -0.163253784179688
0.0970230102539063 0.072235107421875 0.155838012695312 -0.122390747070312
0.0442047119140625 0.115730285644531 0.115257263183594 -0.131340026855469
-0.0770645141601562 0.12451171875 0.104888916015625 -0.203414916992188
-0.15142822265625 0.0980377197265625 0.113189697265625 -0.366241455078125
-0.173141479492188 -0.00236511230468753 0.35528564453125 -0.560638427734375
-0.293182373046875 0.263336181640625 -0.07977294921875 -0.297637939453125
-0.186737060546875 0.3712158203125 -0.083831787109375 -0.185089111328125
-0.014190673828125 0.436187744140625 -0.07598876953125 -0.0106887817382812
0.199310302734375 0.32586669921875 0.0242652893066406 0.0600967407226563
0.284454345703125 0.18035888671875 0.106925964355469 0.0980300903320313
0.325347900390625 -0.0130615234375 0.2384033203125 -0.00897216796875
0.29376220703125 -0.117950439453125 0.252914428710938 -0.15606689453125
0.266891479492188 -0.080810546875 0.1932373046875 -0.197463989257813
0.275436401367188 -0.102264404296875 0.19256591796875 -0.20257568359375
0.25592041015625 -0.0278778076171875 0.164520263671875 -0.170608520507813
0.244979858398438 0.079681396484375 0.0772476196289063 -0.12713623046875
0.186431884765625 0.168258666992188 0.0434722900390625 -0.158050537109375
0.010162353515625 0.276458740234375 0.0366668701171875 -0.248855590820312
-0.102386474609375 0.295440673828125 0.06158447265625 -0.39801025390625
-0.189712524414063 0.204391479492188 0.2781982421875 -0.573486328125
-0.295257568359375 0.411102294921875 -0.154586791992188 -0.216476440429687
-0.20233154296875 0.484130859375 -0.110748291015625 -0.144485473632812
-0.020111083984375 0.55999755859375 -0.112106323242188 -0.0304794311523437
0.240875244140625 0.4346923828125 -0.0486564636230469 0.038116455078125
0.351409912109375 0.260650634765625 0.01123046875 0.0985260009765625
0.426055908203125 0.007232666015625 0.132392883300781 0.0246124267578125
0.38604736328125 -0.145050048828125 0.142181396484375 -0.0933074951171875
0.351165771484375 -0.121307373046875 0.084503173828125 -0.137001037597656
0.367706298828125 -0.170257568359375 0.0892486572265625 -0.149093627929688
0.355072021484375 -0.085052490234375 0.0576934814453125 -0.145034790039063
0.374786376953125 0.0611572265625 -0.0131454467773437 -0.105392456054688
0.326385498046875 0.190643310546875 -0.034637451171875 -0.158294677734375
0.118133544921875 0.39453125 -0.029571533203125 -0.258071899414063
-0.024566650390625 0.4559326171875 0.02081298828125 -0.37347412109375
-0.17120361328125 0.381378173828125 0.19598388671875 -0.509857177734375
-0.247650146484375 0.50091552734375 -0.239883422851563 -0.0923614501953124
-0.16815185546875 0.536895751953125 -0.143722534179688 -0.073638916015625
0.00537109374999999 0.60491943359375 -0.139907836914063 -0.0397872924804687
0.26568603515625 0.46917724609375 -0.118339538574219 0.00778198242187502
0.375579833984375 0.290618896484375 -0.0898208618164062 0.076995849609375
0.465423583984375 0.016326904296875 0.00112915039062503 0.0447769165039062
0.4183349609375 -0.15460205078125 0.0061302185058594 -0.0229206085205078
0.382293701171875 -0.144439697265625 -0.0363197326660156 -0.0545730590820313
0.404266357421875 -0.211273193359375 -0.0248298645019531 -0.0651664733886719
0.402496337890625 -0.129638671875 -0.059051513671875 -0.0842437744140625
0.450958251953125 0.0343017578125 -0.104812622070312 -0.05596923828125
0.417572021484375 0.187408447265625 -0.105812072753906 -0.129776000976562
0.2071533203125 0.4549560546875 -0.07684326171875 -0.229507446289062
0.055938720703125 0.545928955078125 0.00262451171875003 -0.2899169921875
-0.128387451171875 0.49554443359375 0.12200927734375 -0.372467041015625
-0.151947021484375 0.52435302734375 -0.31414794921875 0.0603637695312501
-0.083709716796875 0.522674560546875 -0.172561645507812 0.01953125
0.06591796875 0.5477294921875 -0.1593017578125 -0.03131103515625
0.271942138671875 0.410003662109375 -0.178390502929687 -0.0126953125
0.351348876953125 0.254150390625 -0.177474975585938 0.051788330078125
0.4300537109375 0.005859375 -0.130897521972656 0.0572128295898438
0.382781982421875 -0.1492919921875 -0.133583068847656 0.0505752563476562
0.3538818359375 -0.147216796875 -0.152679443359375 0.0380706787109375
0.37762451171875 -0.212493896484375 -0.136123657226562 0.0327224731445312
0.38311767578125 -0.139007568359375 -0.1680908203125 -0.00611877441406253
0.440887451171875 0.019256591796875 -0.182830810546875 0.00386047363281254
0.41888427734375 0.163909912109375 -0.15826416015625 -0.0857391357421875
0.23809814453125 0.434051513671875 -0.09716796875 -0.17352294921875
0.1063232421875 0.534576416015625 0.00929260253906251 -0.166839599609375
-0.071014404296875 0.521026611328125 0.058441162109375 -0.188629150390625
-0.0325927734375 0.4696044921875 -0.358245849609375 0.2237548828125
0.0230712890625 0.432769775390625 -0.186630249023438 0.122695922851563
0.13031005859375 0.39923095703125 -0.166519165039063 -0.00074768066406248
0.248641967773438 0.271743774414063 -0.216461181640625 -0.00500488281249994
0.2774658203125 0.160507202148437 -0.230728149414063 0.0405731201171875
0.33062744140625 -0.023468017578125 -0.233917236328125 0.0746765136718751
0.2867431640625 -0.1300048828125 -0.24835205078125 0.12249755859375
0.270004272460938 -0.126800537109375 -0.247344970703125 0.127166748046875
0.2943115234375 -0.17340087890625 -0.23211669921875 0.121337890625
0.297088623046875 -0.107421875 -0.255569458007813 0.060821533203125
0.342559814453125 0.021240234375 -0.235824584960937 0.0449981689453125
0.321044921875 0.126800537109375 -0.184661865234375 -0.0478057861328125
0.19635009765625 0.3338623046875 -0.0896377563476563 -0.112312316894531
0.121917724609375 0.42291259765625 0.0289497375488281 -0.0361747741699218
-0.00610351562499996 0.451568603515625 0.0105571746826172 0.00624084472656253
0.0838623046875 0.3427734375 -0.365325927734375 0.376190185546875
0.109100341796875 0.286407470703125 -0.181747436523438 0.225265502929688
0.160079956054688 0.20635986328125 -0.155517578125 0.0513458251953125
0.182205200195313 0.110076904296875 -0.21807861328125 0.0325469970703125
0.170806884765625 0.051513671875 -0.239028930664063 0.0492706298828125
0.187149047851562 -0.050750732421875 -0.287445068359375 0.099365234375
0.1490478515625 -0.0942840576171875 -0.31634521484375 0.184295654296875
0.143768310546875 -0.0875396728515625 -0.304718017578125 0.19622802734375
0.162612915039063 -0.10369873046875 -0.300262451171875 0.180084228515625
0.161285400390625 -0.054412841796875 -0.30950927734375 0.0944213867187499
0.180999755859375 0.023193359375 -0.256515502929688 0.048492431640625
0.158935546875 0.0673065185546875 -0.182785034179688 -0.0323333740234375
0.117218017578125 0.166152954101562 -0.0649604797363281 -0.0638084411621094
0.12152099609375 0.232025146484375 0.0462646484375 0.072540283203125
0.065948486328125 0.304534912109375 -0.0212860107421875 0.172805786132813
0.171112060546875 0.158737182617188 -0.33856201171875 0.49737548828125
0.14703369140625 0.11029052734375 -0.156768798828125 0.318817138671875
0.139694213867188 0.0145339965820313 -0.122894287109375 0.115348815917969
0.0838775634765625 -0.0308914184570312 -0.183853149414062 0.085205078125
0.0461692810058594 -0.0381584167480469 -0.20843505859375 0.0690155029296875
0.0265655517578125 -0.0570411682128906 -0.289794921875 0.1268310546875
-0.006500244140625 -0.0401763916015625 -0.32806396484375 0.2275390625
-0.00438690185546875 -0.0356025695800781 -0.31591796875 0.2347412109375
0.00476646423339844 -0.0247859954833984 -0.329833984375 0.19915771484375
0.000244617462158203 -0.00727558135986328 -0.323394775390625 0.0905456542968749
-0.00174140930175781 0.00121164321899414 -0.24224853515625 0.0178070068359375
-0.0100650787353516 -0.0277557373046875 -0.15411376953125 -0.038177490234375
0.053741455078125 -0.0409431457519531 -0.0296211242675781 -0.0297622680664063
0.134201049804688 0.00583648681640625 0.0581512451171875 0.142745971679688
0.145233154296875 0.112152099609375 -0.0279541015625 0.28558349609375
-0.238311767578125 0.0998840332031249 -0.025299072265625 -0.32598876953125
-0.122116088867188 0.21673583984375 -0.0596466064453125 -0.192718505859375
0.0143280029296875 0.249053955078125 -0.0279827117919922 0.0114059448242188
0.137725830078125 0.162628173828125 0.0979537963867188 0.0600357055664063
0.176666259765625 0.0646820068359375 0.188720703125 0.0633544921875
0.166213989257813 -0.042083740234375 0.299560546875 -0.064117431640625
0.144439697265625 -0.086517333984375 0.313018798828125 -0.209228515625
0.133476257324219 -0.0440826416015625 0.263656616210938 -0.230178833007812
0.134544372558594 -0.0466232299804688 0.263397216796875 -0.222686767578125
0.12451171875 0.00165557861328125 0.23760986328125 -0.160781860351562
0.108711242675781 0.0611801147460938 0.143569946289063 -0.11749267578125
0.0597152709960937 0.115509033203125 0.101219177246094 -0.133140563964844
-0.0639190673828125 0.140853881835938 0.091400146484375 -0.210586547851563
-0.139022827148437 0.12054443359375 0.09930419921875 -0.375274658203125
-0.172378540039063 0.02288818359375 0.32806396484375 -0.56927490234375
-0.275787353515625 0.2852783203125 -0.069671630859375 -0.290435791015625
-0.156280517578125 0.37298583984375 -0.072662353515625 -0.183563232421875
0.014678955078125 0.4267578125 -0.0677680969238281 -0.00577545166015623
0.21600341796875 0.300750732421875 0.0323753356933594 0.059112548828125
0.28741455078125 0.1544189453125 0.115615844726563 0.0970077514648438
0.31134033203125 -0.0389404296875 0.240280151367188 -0.0158538818359375
0.276962280273437 -0.138992309570312 0.2496337890625 -0.159866333007813
0.257858276367188 -0.098480224609375 0.188125610351563 -0.1937255859375
0.265106201171875 -0.123275756835938 0.188018798828125 -0.19915771484375
0.253662109375 -0.0447845458984375 0.155563354492188 -0.161163330078125
0.253341674804688 0.0650634765625 0.0675201416015625 -0.116722106933594
0.19915771484375 0.164031982421875 0.0289306640625 -0.152114868164062
0.024383544921875 0.288787841796875 0.0204620361328125 -0.246749877929688
-0.087005615234375 0.31207275390625 0.045440673828125 -0.39788818359375
-0.185760498046875 0.226470947265625 0.24981689453125 -0.5701904296875
-0.278228759765625 0.42742919921875 -0.14044189453125 -0.200271606445313
-0.17437744140625 0.485687255859375 -0.0977554321289062 -0.136253356933594
0.00906372070312504 0.55316162109375 -0.103057861328125 -0.0194320678710937
0.258758544921875 0.41094970703125 -0.0377578735351562 0.0440521240234375
0.357574462890625 0.237030029296875 0.0238037109375 0.104011535644531
0.414520263671875 -0.01800537109375 0.141311645507813 0.0228729248046875
0.369659423828125 -0.1656494140625 0.145095825195313 -0.0920867919921875
0.3416748046875 -0.13726806640625 0.0837326049804688 -0.128379821777344
0.353790283203125 -0.190093994140625 0.0879974365234375 -0.140609741210938
0.34906005859375 -0.10223388671875 0.0518875122070313 -0.129615783691406
0.37750244140625 0.044219970703125 -0.0191802978515625 -0.0897674560546875
0.334381103515625 0.1810302734375 -0.047088623046875 -0.144378662109375
0.13201904296875 0.39959716796875 -0.046295166015625 -0.247787475585937
-0.006439208984375 0.464996337890625 0.00280761718749996 -0.365570068359375
-0.16448974609375 0.396728515625 0.168548583984375 -0.499237060546875
-0.2332763671875 0.50848388671875 -0.223281860351563 -0.0695953369140625
-0.14849853515625 0.537139892578125 -0.130561828613281 -0.0586776733398437
0.0266723632812501 0.599365234375 -0.131484985351563 -0.0231094360351562
0.2802734375 0.451019287109375 -0.106613159179687 0.0212783813476563
0.380706787109375 0.2735595703125 -0.0749588012695312 0.088775634765625
0.45550537109375 -0.00299072265625 0.0142402648925782 0.0487251281738281
0.40411376953125 -0.170684814453125 0.0133018493652344 -0.0162744522094727
0.374267578125 -0.156890869140625 -0.0325927734375 -0.0418663024902344
0.388641357421875 -0.2265625 -0.0210380554199219 -0.053436279296875
0.390899658203125 -0.143798828125 -0.0588111877441406 -0.0655708312988282
0.447540283203125 0.0174560546875 -0.104515075683594 -0.0362167358398437
0.42010498046875 0.173553466796875 -0.114166259765625 -0.111129760742187
0.219024658203125 0.450897216796875 -0.0923004150390625 -0.212371826171875
0.072418212890625 0.544281005859375 -0.0126190185546875 -0.277359008789062
-0.118927001953125 0.50286865234375 0.09710693359375 -0.3565673828125
-0.14434814453125 0.520172119140625 -0.296234130859375 0.08697509765625
-0.072784423828125 0.517730712890625 -0.160385131835938 0.0388336181640625
0.0765380859374999 0.542938232421875 -0.150955200195312 -0.011138916015625
0.279327392578125 0.3975830078125 -0.166152954101563 0.00627136230468753
0.353729248046875 0.2449951171875 -0.163558959960937 0.0658416748046875
0.423095703125 -0.005279541015625 -0.117141723632812 0.0665740966796875
0.374664306640625 -0.158203125 -0.123451232910156 0.0613784790039063
0.346588134765625 -0.153167724609375 -0.14447021484375 0.0531158447265625
0.366485595703125 -0.22308349609375 -0.12713623046875 0.046661376953125
0.371826171875 -0.146270751953125 -0.161773681640625 0.01409912109375
0.434356689453125 0.004486083984375 -0.176773071289062 0.024078369140625
0.41748046875 0.15057373046875 -0.161880493164062 -0.0645599365234375
0.244598388671875 0.425048828125 -0.108718872070312 -0.154861450195312
0.118499755859375 0.525726318359375 -0.00152587890625 -0.153640747070312
-0.06353759765625 0.51885986328125 0.041656494140625 -0.17071533203125
-0.02752685546875 0.45635986328125 -0.33917236328125 0.251373291015625
0.026519775390625 0.421295166015625 -0.1756591796875 0.14447021484375
0.129058837890625 0.391815185546875 -0.158493041992188 0.0208282470703125
0.245162963867188 0.264251708984375 -0.203399658203125 0.0148468017578125
0.275405883789063 0.159103393554688 -0.218231201171875 0.05462646484375
0.323699951171875 -0.024078369140625 -0.220947265625 0.085174560546875
0.2818603515625 -0.13055419921875 -0.2364501953125 0.135498046875
0.26629638671875 -0.126068115234375 -0.2352294921875 0.141754150390625
0.2864990234375 -0.17498779296875 -0.21923828125 0.136245727539063
0.2894287109375 -0.108001708984375 -0.245269775390625 0.0804290771484375
0.335235595703125 0.016387939453125 -0.226165771484375 0.0636138916015625
0.31463623046875 0.120635986328125 -0.183883666992187 -0.027191162109375
0.194915771484375 0.325653076171875 -0.0982208251953125 -0.0956344604492188
0.12493896484375 0.408843994140625 0.0219097137451172 -0.0248489379882812
-0.003387451171875 0.44158935546875 -0.000127792358398436 0.0227241516113282
0.08319091796875 0.321044921875 -0.3458251953125 0.399932861328125
0.10595703125 0.269363403320313 -0.170913696289063 0.245941162109375
0.14923095703125 0.194351196289063 -0.146957397460938 0.0709991455078125
0.170989990234375 0.105926513671875 -0.204238891601563 0.049102783203125
0.162933349609375 0.0557098388671875 -0.227447509765625 0.0579986572265625
0.180160522460938 -0.0414276123046875 -0.277450561523438 0.108367919921875
0.147735595703125 -0.0859375 -0.30340576171875 0.196624755859375
0.144241333007813 -0.0798797607421875 -0.29046630859375 0.209197998046875
0.162673950195313 -0.0966949462890625 -0.28643798828125 0.194580078125
0.160354614257813 -0.0472259521484375 -0.29779052734375 0.11138916015625
0.176422119140625 0.02813720703125 -0.24652099609375 0.0644073486328126
0.1519775390625 0.0707550048828125 -0.180999755859375 -0.015228271484375
0.106918334960938 0.16131591796875 -0.0723190307617188 -0.0510635375976562
0.112106323242187 0.21844482421875 0.04132080078125 0.08001708984375
0.061614990234375 0.2880859375 -0.025909423828125 0.18505859375
0.166854858398438 0.132247924804688 -0.316619873046875 0.51318359375
0.14154052734375 0.0906982421875 -0.144134521484375 0.334381103515625
0.1240234375 -0.00032806396484375 -0.111572265625 0.129707336425781
0.0680732727050781 -0.03271484375 -0.167266845703125 0.0949554443359375
0.0344734191894531 -0.0313625335693359 -0.197021484375 0.070587158203125
0.0207252502441406 -0.0422515869140625 -0.280487060546875 0.131607055664063
-0.00365829467773438 -0.0242881774902344 -0.31689453125 0.236175537109375
-0.000158309936523435 -0.0216312408447266 -0.302398681640625 0.244476318359375
0.0113620758056641 -0.0101652145385742 -0.316650390625 0.21136474609375
0.00532817840576172 0.0070796012878418 -0.313720703125 0.103485107421875
-0.00334644317626953 0.0166034698486328 -0.236312866210938 0.0297698974609375
-0.0185470581054688 -0.01361083984375 -0.154403686523438 -0.0251922607421875
0.0342178344726563 -0.0398292541503906 -0.0379714965820313 -0.0223274230957031
0.112899780273437 -0.00598907470703125 0.0526885986328125 0.145950317382813
0.1337890625 0.0922012329101563 -0.030120849609375 0.2913818359375
-0.226898193359375 0.11859130859375 -0.01959228515625 -0.336578369140625
-0.101882934570312 0.215621948242188 -0.055419921875 -0.203903198242188
0.032318115234375 0.240158081054688 -0.0232982635498047 0.0093364715576172
0.146392822265625 0.145477294921875 0.102104187011719 0.0537109375
0.17755126953125 0.0461578369140625 0.194366455078125 0.0586090087890625
0.155227661132813 -0.0593719482421875 0.300262451171875 -0.071990966796875
0.131309509277344 -0.0993881225585938 0.311492919921875 -0.218109130859375
0.126991271972656 -0.0567703247070313 0.263824462890625 -0.23541259765625
0.127265930175781 -0.0618515014648438 0.264175415039063 -0.227737426757813
0.124382019042969 -0.0112686157226563 0.235763549804688 -0.158889770507813
0.117813110351563 0.0505218505859375 0.138313293457031 -0.113037109375
0.0738754272460938 0.115081787109375 0.0916061401367187 -0.133773803710938
-0.0497589111328125 0.154586791992188 0.08148193359375 -0.217620849609375
-0.126983642578125 0.138816833496094 0.0902709960937499 -0.387542724609375
-0.169403076171875 0.04437255859375 0.313720703125 -0.58203125
-0.26422119140625 0.305877685546875 -0.05963134765625 -0.2945556640625
-0.135528564453125 0.37469482421875 -0.0640869140625 -0.189407348632812
0.0355224609375 0.42218017578125 -0.0606842041015625 -0.00437545776367185
0.227325439453125 0.28363037109375 0.0392532348632813 0.0579071044921875
0.291046142578125 0.13623046875 0.125381469726563 0.0965576171875
0.3026123046875 -0.057373046875 0.246673583984375 -0.0217437744140625
0.26458740234375 -0.154495239257813 0.252700805664063 -0.165451049804688
0.252532958984375 -0.112548828125 0.1895751953125 -0.194366455078125
0.2576904296875 -0.140411376953125 0.189361572265625 -0.199600219726563
0.253570556640625 -0.0597076416015625 0.155044555664063 -0.155136108398438
0.262069702148438 0.053131103515625 0.063568115234375 -0.107742309570313
0.213348388671875 0.162872314453125 0.01953125 -0.146759033203125
0.038787841796875 0.30242919921875 0.00978088378906248 -0.24700927734375
-0.072479248046875 0.330108642578125 0.034454345703125 -0.403778076171875
-0.181716918945313 0.249404907226562 0.23455810546875 -0.57470703125
-0.269561767578125 0.445159912109375 -0.127059936523438 -0.19708251953125
-0.15728759765625 0.4910888671875 -0.0866546630859375 -0.137351989746094
0.028106689453125 0.55438232421875 -0.095001220703125 -0.0132064819335937
0.2728271484375 0.397705078125 -0.0281982421875 0.0477790832519532
0.36474609375 0.222564697265625 0.0365982055664063 0.10858154296875
0.407867431640625 -0.035186767578125 0.151809692382813 0.0213470458984375
0.360626220703125 -0.181884765625 0.151321411132813 -0.0938262939453125
0.338165283203125 -0.151123046875 0.087982177734375 -0.123908996582031
0.347137451171875 -0.207000732421875 0.0914535522460938 -0.136878967285156
0.347412109375 -0.115447998046875 0.052642822265625 -0.119239807128906
0.385040283203125 0.030303955078125 -0.0204086303710937 -0.0769271850585938
0.34698486328125 0.176361083984375 -0.0545120239257812 -0.134361267089844
0.1480712890625 0.40997314453125 -0.0580902099609375 -0.24078369140625
0.00863647460937501 0.478118896484375 -0.00762939453125 -0.363739013671875
-0.159698486328125 0.417724609375 0.153411865234375 -0.49383544921875
-0.23004150390625 0.52325439453125 -0.208786010742188 -0.0579833984375
-0.136444091796875 0.543212890625 -0.118545532226563 -0.05242919921875
0.0435791015625 0.6064453125 -0.123008728027344 -0.0123367309570312
0.2947998046875 0.443023681640625 -0.0959548950195312 0.0297775268554688
0.3909912109375 0.2667236328125 -0.0625 0.0969085693359375
0.45440673828125 -0.015777587890625 0.0264625549316407 0.0506019592285156
0.399871826171875 -0.18426513671875 0.0212650299072266 -0.0130195617675781
0.372528076171875 -0.16864013671875 -0.0271186828613281 -0.0336170196533203
0.383544921875 -0.242584228515625 -0.0149192810058594 -0.0459480285644531
0.39056396484375 -0.155426025390625 -0.055572509765625 -0.051727294921875
0.451690673828125 0.00506591796875 -0.102264404296875 -0.021728515625
0.429412841796875 0.167327880859375 -0.119010925292969 -0.0963058471679688
0.23431396484375 0.456512451171875 -0.102035522460938 -0.200607299804687
0.0866699218749999 0.551177978515625 -0.020782470703125 -0.270401000976562
-0.11590576171875 0.51885986328125 0.084503173828125 -0.34521484375
-0.144989013671875 0.52972412109375 -0.2825927734375 0.104949951171875
-0.067840576171875 0.52093505859375 -0.149078369140625 0.0524749755859375
0.0843505859374999 0.55072021484375 -0.143173217773438 0.00352478027343755
0.287750244140625 0.39617919921875 -0.1558837890625 0.01788330078125
0.361602783203125 0.2435302734375 -0.152099609375 0.0762939453125
0.42584228515625 -0.011505126953125 -0.106185913085937 0.0718460083007812
0.373779296875 -0.16656494140625 -0.115249633789062 0.0690994262695312
0.348907470703125 -0.160125732421875 -0.13800048828125 0.06402587890625
0.363128662109375 -0.232635498046875 -0.119071960449219 0.0567779541015625
0.370849609375 -0.153839111328125 -0.15576171875 0.0293426513671875
0.435791015625 -0.003662109375 -0.17169189453125 0.03973388671875
0.42230224609375 0.146026611328125 -0.163131713867187 -0.048095703125
0.252685546875 0.428863525390625 -0.115234375 -0.140960693359375
0.128387451171875 0.527496337890625 -0.00628662109374999 -0.143768310546875
-0.06268310546875 0.52716064453125 0.031707763671875 -0.154708862304687
-0.029876708984375 0.4552001953125 -0.326446533203125 0.273406982421875
0.0245361328125 0.421142578125 -0.165573120117188 0.1624755859375
0.12713623046875 0.3973388671875 -0.151199340820313 0.0367431640625
0.24566650390625 0.267166137695313 -0.193572998046875 0.0280303955078125
0.279739379882813 0.163665771484375 -0.209213256835937 0.063262939453125
0.32659912109375 -0.0225830078125 -0.21319580078125 0.0918426513671875
0.285491943359375 -0.132415771484375 -0.228805541992188 0.145492553710938
0.270980834960937 -0.127822875976562 -0.228515625 0.154800415039063
0.287872314453125 -0.178009033203125 -0.210983276367188 0.147872924804687
0.29034423828125 -0.10833740234375 -0.238037109375 0.0947113037109375
0.33612060546875 0.0142822265625 -0.219039916992187 0.0775299072265625
0.315582275390625 0.121063232421875 -0.1829833984375 -0.0114593505859375
0.195281982421875 0.32659912109375 -0.103431701660156 -0.0819931030273437
0.1253662109375 0.409515380859375 0.0195693969726563 -0.0143032073974609
-0.00555419921875001 0.44219970703125 -0.00584793090820313 0.0396842956542969
0.078857421875 0.310516357421875 -0.332977294921875 0.422943115234375
0.101058959960938 0.262100219726563 -0.162445068359375 0.266494750976563
0.140411376953125 0.193893432617188 -0.138900756835937 0.086151123046875
0.164718627929688 0.109375 -0.19384765625 0.060546875
0.161285400390625 0.06317138671875 -0.220916748046875 0.0630035400390625
0.182205200195312 -0.033660888671875 -0.272293090820313 0.11407470703125
0.153671264648438 -0.0800933837890625 -0.298583984375 0.20794677734375
0.150543212890625 -0.0747528076171875 -0.284423828125 0.221160888671875
0.168777465820313 -0.093475341796875 -0.278411865234375 0.206649780273438
0.165313720703125 -0.041229248046875 -0.291473388671875 0.124298095703125
0.178253173828125 0.034637451171875 -0.240859985351562 0.076080322265625
0.149856567382813 0.078033447265625 -0.179901123046875 -0.00157165527343749
0.0988922119140625 0.164459228515625 -0.0776214599609375 -0.0390090942382813
0.102462768554688 0.215835571289063 0.040283203125 0.0902099609375
0.053924560546875 0.2825927734375 -0.0292816162109375 0.201614379882813
0.160751342773438 0.114593505859375 -0.30328369140625 0.53118896484375
0.135505676269531 0.0785446166992187 -0.134979248046875 0.352386474609375
0.110801696777344 -0.0075225830078125 -0.10205078125 0.141082763671875
0.0565567016601563 -0.0309677124023438 -0.156570434570312 0.10205078125
0.0270481109619141 -0.0238800048828125 -0.19183349609375 0.0701141357421875
0.0203933715820313 -0.0289115905761719 -0.27874755859375 0.135025024414062
0.00306892395019531 -0.0120964050292969 -0.313446044921875 0.245513916015625
0.00647354125976563 -0.0114603042602539 -0.2974853515625 0.253570556640625
0.0212974548339844 -0.000360488891601563 -0.311309814453125 0.222259521484375
0.0130786895751953 0.0181846618652344 -0.31121826171875 0.112884521484375
-0.00115585327148438 0.0296878814697266 -0.23370361328125 0.0377960205078125
-0.0227203369140625 -0.000186920166015623 -0.155288696289063 -0.01556396484375
0.018310546875 -0.0352096557617188 -0.0443572998046875 -0.0141181945800781
0.0949249267578125 -0.0105133056640625 0.0500946044921875 0.154205322265625
0.121498107910156 0.080078125 -0.034088134765625 0.3033447265625
-0.216827392578125 0.138839721679687 -0.02105712890625 -0.35614013671875
-0.085357666015625 0.21649169921875 -0.0583038330078125 -0.21893310546875
0.0500946044921875 0.235870361328125 -0.0194339752197266 0.00677490234375001
0.156509399414062 0.130935668945312 0.107070922851563 0.0464935302734375
0.179672241210937 0.02923583984375 0.203384399414063 0.0523223876953125
0.144775390625 -0.07513427734375 0.30596923828125 -0.0848388671875
0.118110656738281 -0.112228393554688 0.313018798828125 -0.23553466796875
0.121116638183594 -0.0689468383789063 0.26617431640625 -0.250289916992188
0.120262145996094 -0.0764389038085937 0.26788330078125 -0.241195678710938
0.125251770019531 -0.0248870849609375 0.240280151367188 -0.164291381835938
0.127311706542969 0.0391006469726563 0.137336730957031 -0.113029479980469
0.0899734497070313 0.113853454589844 0.084869384765625 -0.137908935546875
-0.034759521484375 0.168472290039063 0.0716705322265625 -0.230056762695313
-0.113235473632812 0.157455444335938 0.077117919921875 -0.40789794921875
-0.165664672851563 0.064697265625 0.3009033203125 -0.61090087890625
-0.253265380859375 0.331573486328125 -0.057281494140625 -0.30767822265625
-0.117156982421875 0.3829345703125 -0.063079833984375 -0.20220947265625
0.05889892578125 0.424774169921875 -0.0561866760253906 -0.00333786010742185
0.24371337890625 0.2708740234375 0.0469398498535156 0.055511474609375
0.30047607421875 0.12091064453125 0.138595581054688 0.0950241088867188
0.2967529296875 -0.0775146484375 0.2576904296875 -0.0315704345703125
0.256118774414063 -0.174346923828125 0.257553100585938 -0.179855346679688
0.24981689453125 -0.13006591796875 0.194320678710938 -0.203750610351563
0.252395629882813 -0.1614990234375 0.194122314453125 -0.208175659179688
0.2562255859375 -0.07659912109375 0.1580810546875 -0.15509033203125
0.274856567382812 0.0384368896484375 0.0622329711914063 -0.102798461914063
0.23333740234375 0.159866333007813 0.011993408203125 -0.144271850585938
0.06005859375 0.319244384765625 -0.00219726562499999 -0.252548217773438
-0.05364990234375 0.351654052734375 0.02020263671875 -0.417633056640625
-0.1761474609375 0.276596069335938 0.21990966796875 -0.594482421875
-0.25921630859375 0.475616455078125 -0.121231079101563 -0.200439453125
-0.140380859375 0.506072998046875 -0.08160400390625 -0.143295288085937
0.0552978515625001 0.56634521484375 -0.0894241333007813 -0.00875854492187495
0.294281005859375 0.39013671875 -0.0198783874511719 0.05029296875
0.380828857421875 0.21142578125 0.0512619018554688 0.112503051757813
0.409423828125 -0.05560302734375 0.164932250976563 0.0147552490234375
0.35638427734375 -0.2037353515625 0.159347534179688 -0.101531982421875
0.3399658203125 -0.171173095703125 0.092498779296875 -0.125816345214844
0.34375 -0.2310791015625 0.0968780517578125 -0.139457702636719
0.35174560546875 -0.134857177734375 0.055938720703125 -0.113922119140625
0.39825439453125 0.013092041015625 -0.0200767517089843 -0.0669975280761719
0.368133544921875 0.17022705078125 -0.0618667602539062 -0.126022338867188
0.173583984375 0.4249267578125 -0.07080078125 -0.238906860351562
0.031158447265625 0.49957275390625 -0.020904541015625 -0.370452880859375
-0.15142822265625 0.448028564453125 0.139923095703125 -0.5029296875
-0.222686767578125 0.550933837890625 -0.199844360351562 -0.049163818359375
-0.122650146484375 0.56182861328125 -0.1104736328125 -0.0500946044921875
0.0680541992187499 0.62353515625 -0.116844177246094 -0.00316619873046873
0.317474365234375 0.4417724609375 -0.087310791015625 0.037017822265625
0.410980224609375 0.260467529296875 -0.0496139526367187 0.105506896972656
0.462677001953125 -0.033782958984375 0.0389747619628906 0.0498733520507812
0.40167236328125 -0.20556640625 0.0293025970458985 -0.0127239227294922
0.377838134765625 -0.18743896484375 -0.0222835540771484 -0.0273265838623047
0.3824462890625 -0.2642822265625 -0.00960540771484372 -0.0423164367675781
0.3944091796875 -0.1734619140625 -0.0514335632324219 -0.0415191650390625
0.464569091796875 -0.0125732421875 -0.0998077392578125 -0.00775909423828125
0.448944091796875 0.158660888671875 -0.12335205078125 -0.083648681640625
0.258453369140625 0.468597412109375 -0.112319946289062 -0.192306518554687
0.11053466796875 0.56988525390625 -0.0303497314453125 -0.270187377929688
-0.10552978515625 0.54638671875 0.073394775390625 -0.342071533203125
-0.140869140625 0.54998779296875 -0.272308349609375 0.12469482421875
-0.059295654296875 0.5389404296875 -0.139701843261719 0.0644149780273438
0.1005859375 0.5699462890625 -0.13775634765625 0.0164337158203125
0.307891845703125 0.3997802734375 -0.148544311523437 0.0290069580078125
0.384063720703125 0.24420166015625 -0.142547607421875 0.0873565673828125
0.437042236328125 -0.0233154296875 -0.0967941284179688 0.07623291015625
0.379547119140625 -0.1837158203125 -0.108993530273437 0.0766220092773438
0.356475830078125 -0.17523193359375 -0.133003234863281 0.0766448974609375
0.365753173828125 -0.251312255859375 -0.113105773925781 0.06658935546875
0.3760986328125 -0.167572021484375 -0.15155029296875 0.043731689453125
0.447601318359375 -0.01495361328125 -0.166885375976562 0.0557708740234375
0.435943603515625 0.13848876953125 -0.164840698242187 -0.0327301025390625
0.273345947265625 0.4364013671875 -0.122947692871094 -0.12872314453125
0.1466064453125 0.54052734375 -0.0099945068359375 -0.137893676757812
-0.05499267578125 0.549957275390625 0.02606201171875 -0.143112182617187
-0.029815673828125 0.467071533203125 -0.3153076171875 0.301727294921875
0.02923583984375 0.430694580078125 -0.156021118164063 0.182693481445313
0.135955810546875 0.41107177734375 -0.145462036132813 0.0528106689453125
0.257858276367188 0.272048950195313 -0.186477661132813 0.0410003662109375
0.29443359375 0.168853759765625 -0.204574584960937 0.0733337402343751
0.33843994140625 -0.02752685546875 -0.208786010742187 0.100540161132813
0.293487548828125 -0.142547607421875 -0.224945068359375 0.160110473632813
0.2806396484375 -0.13702392578125 -0.225082397460937 0.170501708984375
0.293304443359375 -0.190399169921875 -0.204910278320312 0.162811279296875
0.2979736328125 -0.11627197265625 -0.233917236328125 0.11126708984375
0.346466064453125 0.009033203125 -0.214523315429687 0.0940093994140625
0.326507568359375 0.11956787109375 -0.18359375 0.00366210937500002
0.206756591796875 0.3355712890625 -0.1080322265625 -0.069244384765625
0.134857177734375 0.4158935546875 0.0211868286132813 -0.00491905212402341
-0.00369262695312503 0.457000732421875 -0.007080078125 0.0577621459960938
0.07781982421875 0.309051513671875 -0.3212890625 0.4547119140625
0.10064697265625 0.263137817382813 -0.151214599609375 0.290985107421875
0.138687133789063 0.198593139648438 -0.132034301757813 0.102569580078125
0.16558837890625 0.113845825195312 -0.186614990234375 0.0726470947265625
0.166778564453125 0.0697174072265625 -0.218704223632813 0.0703125000000001
0.18914794921875 -0.030517578125 -0.272811889648438 0.124542236328125
0.163848876953125 -0.0814361572265625 -0.296630859375 0.226593017578125
0.159896850585938 -0.07647705078125 -0.28143310546875 0.239654541015625
0.17742919921875 -0.0965728759765625 -0.2742919921875 0.224212646484375
0.174041748046875 -0.0406341552734375 -0.290496826171875 0.14068603515625
0.186508178710938 0.0388031005859375 -0.2384033203125 0.0900115966796875
0.1546630859375 0.0841522216796875 -0.181121826171875 0.011932373046875
0.097320556640625 0.173309326171875 -0.081512451171875 -0.027099609375
0.100631713867188 0.218780517578125 0.0439529418945313 0.100746154785156
0.05029296875 0.286529541015625 -0.027496337890625 0.222824096679688
0.157196044921875 0.102096557617187 -0.2890625 0.563720703125
0.131507873535156 0.0701522827148437 -0.12188720703125 0.378509521484375
0.100227355957031 -0.011688232421875 -0.0921478271484375 0.155029296875
0.0478248596191406 -0.0281448364257812 -0.147598266601563 0.1107177734375
0.0231952667236328 -0.0165367126464844 -0.191574096679687 0.07305908203125
0.0235919952392578 -0.0191516876220703 -0.2811279296875 0.144378662109375
0.0119791030883789 -0.00401115417480469 -0.31390380859375 0.264068603515625
0.0150871276855469 -0.004638671875 -0.295623779296875 0.27197265625
0.0324630737304688 0.0056610107421875 -0.3104248046875 0.240966796875
0.0231761932373047 0.0259571075439453 -0.312957763671875 0.1278076171875
0.00510025024414063 0.0417594909667969 -0.235031127929687 0.049041748046875
-0.0240116119384766 0.0122470855712891 -0.157989501953125 -0.00569152832031248
0.00555229187011719 -0.0283184051513672 -0.0491523742675781 -0.00450515747070313
0.0810012817382813 -0.0116958618164063 0.052398681640625 0.165817260742187
0.112190246582031 0.0729827880859375 -0.031829833984375 0.32421875
-0.203948974609375 0.162918090820312 -0.035186767578125 -0.37774658203125
-0.0664520263671875 0.219482421875 -0.0710906982421875 -0.233963012695313
0.07122802734375 0.22900390625 -0.0160226821899414 0.00493144989013673
0.167236328125 0.113174438476563 0.112785339355469 0.0370559692382813
0.180099487304688 0.0097808837890625 0.214111328125 0.0401611328125
0.131256103515625 -0.0916213989257813 0.310394287109375 -0.106658935546875
0.103004455566406 -0.124626159667969 0.30999755859375 -0.263763427734375
0.113433837890625 -0.0824203491210937 0.263092041015625 -0.2744140625
0.1103515625 -0.0917510986328125 0.267684936523438 -0.265304565429688
0.123451232910156 -0.038818359375 0.242752075195312 -0.17755126953125
0.136016845703125 0.0242385864257813 0.13555908203125 -0.116691589355469
0.107696533203125 0.10858154296875 0.075775146484375 -0.143386840820313
-0.0133819580078125 0.180450439453125 0.055267333984375 -0.243942260742188
-0.0948638916015625 0.176101684570312 0.050872802734375 -0.431854248046875
-0.158889770507813 0.087158203125 0.272705078125 -0.6494140625
-0.2333984375 0.364410400390625 -0.066650390625 -0.32208251953125
-0.09185791015625 0.39422607421875 -0.0720367431640625 -0.2149658203125
0.092254638671875 0.426055908203125 -0.052215576171875 -0.00225448608398435
0.265090942382812 0.253662109375 0.0543479919433594 0.0514755249023438
0.312896728515625 0.099212646484375 0.15423583984375 0.0893096923828125
0.288787841796875 -0.102081298828125 0.267654418945313 -0.0496826171875
0.242630004882813 -0.196945190429688 0.258880615234375 -0.2022705078125
0.243743896484375 -0.15374755859375 0.193695068359375 -0.220932006835938
0.243255615234375 -0.187530517578125 0.194931030273438 -0.225692749023438
0.257003784179688 -0.0994415283203125 0.160110473632813 -0.162246704101562
0.28887939453125 0.0164794921875 0.0612411499023438 -0.100372314453125
0.258316040039063 0.149917602539062 0.00207519531250003 -0.143814086914063
0.091949462890625 0.33233642578125 -0.0206298828125 -0.258804321289063
-0.02252197265625 0.3731689453125 -0.00631713867187499 -0.43377685546875
-0.161163330078125 0.308502197265625 0.19140625 -0.6221923828125
-0.23828125 0.514495849609375 -0.12286376953125 -0.204971313476563
-0.111663818359375 0.524383544921875 -0.083984375 -0.15020751953125
0.09515380859375 0.578369140625 -0.0845260620117188 -0.00291442871093748
0.326507568359375 0.37713623046875 -0.0103912353515625 0.052276611328125
0.40386962890625 0.191009521484375 0.0687637329101563 0.113189697265625
0.41192626953125 -0.0858154296875 0.17840576171875 0.00262451171874999
0.34698486328125 -0.2344970703125 0.163375854492188 -0.11553955078125
0.337677001953125 -0.20098876953125 0.094482421875 -0.132087707519531
0.334747314453125 -0.263946533203125 0.0987548828125 -0.147415161132813
0.35284423828125 -0.16326904296875 0.0584487915039063 -0.113395690917969
0.41314697265625 -0.014251708984375 -0.0197296142578125 -0.0583915710449219
0.396575927734375 0.154022216796875 -0.070037841796875 -0.118278503417969
0.212738037109375 0.435760498046875 -0.0871124267578125 -0.235671997070313
0.0716552734375001 0.518890380859375 -0.04364013671875 -0.37847900390625
-0.12969970703125 0.48382568359375 0.116485595703125 -0.5169677734375
-0.20196533203125 0.58978271484375 -0.19427490234375 -0.0396423339843749
-0.09503173828125 0.58642578125 -0.106582641601563 -0.0483932495117187
0.10906982421875 0.642333984375 -0.111618041992188 0.0073928833007813
0.353118896484375 0.434326171875 -0.0785064697265625 0.0446929931640625
0.442626953125 0.2447509765625 -0.0335006713867187 0.112678527832031
0.470977783203125 -0.063262939453125 0.0516548156738281 0.0454330444335937
0.39849853515625 -0.238037109375 0.0360336303710938 -0.015899658203125
0.379669189453125 -0.2181396484375 -0.0177154541015625 -0.0234127044677735
0.37579345703125 -0.29974365234375 -0.00495147705078123 -0.0409011840820313
0.395263671875 -0.20233154296875 -0.0476570129394531 -0.0327033996582031
0.4786376953125 -0.042144775390625 -0.0966415405273437 0.00653839111328125
0.475006103515625 0.13739013671875 -0.128730773925781 -0.0699081420898437
0.300079345703125 0.4739990234375 -0.125732421875 -0.182754516601562
0.15093994140625 0.58453369140625 -0.045501708984375 -0.270614624023437
-0.08099365234375 0.5810546875 0.05743408203125 -0.34423828125
-0.12164306640625 0.5810546875 -0.259918212890625 0.149093627929687
-0.03643798828125 0.5611572265625 -0.1297607421875 0.0766754150390625
0.13751220703125 0.59014892578125 -0.131294250488281 0.031829833984375
0.340545654296875 0.39813232421875 -0.13970947265625 0.0422897338867188
0.415069580078125 0.234405517578125 -0.131370544433594 0.0994796752929688
0.449737548828125 -0.04833984375 -0.0876312255859375 0.0804824829101563
0.382537841796875 -0.213348388671875 -0.101478576660156 0.0864486694335937
0.361724853515625 -0.203094482421875 -0.126686096191406 0.0911026000976562
0.361602783203125 -0.28387451171875 -0.106086730957031 0.0779495239257812
0.3782958984375 -0.193511962890625 -0.1455078125 0.0591583251953125
0.46173095703125 -0.0423583984375 -0.160690307617187 0.0734405517578125
0.45989990234375 0.1209716796875 -0.166351318359375 -0.0152587890625
0.30767822265625 0.43902587890625 -0.131195068359375 -0.115242004394531
0.183441162109375 0.55078125 -0.0152969360351562 -0.133819580078125
-0.0303955078125 0.57977294921875 0.020263671875 -0.133949279785156
-0.0157470703125 0.4849853515625 -0.2967529296875 0.336181640625
0.0447998046875 0.44537353515625 -0.140823364257813 0.204193115234375
0.157958984375 0.425445556640625 -0.1373291015625 0.0713272094726563
0.27947998046875 0.273681640625 -0.17822265625 0.0570068359375
0.31829833984375 0.165130615234375 -0.198028564453125 0.0874481201171876
0.351348876953125 -0.04241943359375 -0.204269409179688 0.11163330078125
0.300628662109375 -0.163543701171875 -0.217880249023437 0.18023681640625
0.287994384765625 -0.15625 -0.217193603515625 0.193954467773437
0.295379638671875 -0.213531494140625 -0.196182250976562 0.182098388671875
0.3037109375 -0.134063720703125 -0.228515625 0.131973266601563
0.360076904296875 -0.006256103515625 -0.208206176757812 0.11309814453125
0.34442138671875 0.1102294921875 -0.183364868164062 0.02215576171875
0.229034423828125 0.339080810546875 -0.112159729003906 -0.055206298828125
0.156982421875 0.42315673828125 0.0248298645019531 0.0022392272949219
0.012359619140625 0.476043701171875 -0.0025634765625 0.07598876953125
0.0850830078125 0.311614990234375 -0.29681396484375 0.49530029296875
0.107315063476562 0.265228271484375 -0.131317138671875 0.318634033203125
0.144851684570313 0.203445434570313 -0.121566772460937 0.120948791503906
0.1728515625 0.115310668945312 -0.17791748046875 0.08892822265625
0.177963256835938 0.071533203125 -0.216110229492187 0.0830535888671875
0.199874877929688 -0.035003662109375 -0.271759033203125 0.140396118164062
0.172622680664063 -0.09033203125 -0.29034423828125 0.252166748046875
0.169357299804688 -0.0851287841796875 -0.274154663085938 0.267257690429688
0.1854248046875 -0.107437133789063 -0.265701293945312 0.249359130859375
0.183700561523437 -0.0475311279296875 -0.286956787109375 0.164398193359375
0.199188232421875 0.0360870361328125 -0.234710693359375 0.108993530273438
0.164749145507813 0.08624267578125 -0.180908203125 0.0290069580078125
0.103836059570313 0.1806640625 -0.0839309692382813 -0.013763427734375
0.10577392578125 0.223281860351563 0.0533676147460938 0.11053466796875
0.054718017578125 0.293914794921875 -0.015380859375 0.246414184570313
0.155731201171875 0.0896759033203125 -0.26007080078125 0.606201171875
0.12933349609375 0.0615386962890625 -0.097015380859375 0.406768798828125
0.091522216796875 -0.0157241821289063 -0.0783233642578125 0.171157836914062
0.0412559509277344 -0.0255470275878906 -0.136962890625 0.123023986816406
0.021759033203125 -0.0101680755615234 -0.19171142578125 0.0812835693359375
0.0293674468994141 -0.0123310089111328 -0.28277587890625 0.1617431640625
0.0221080780029297 7.2479248046875E-05 -0.307861328125 0.292938232421875
0.0246715545654297 -0.000936508178710937 -0.2896728515625 0.29949951171875
0.0447235107421875 0.0079193115234375 -0.30474853515625 0.268768310546875
0.0348281860351563 0.030670166015625 -0.314453125 0.150909423828125
0.01446533203125 0.05157470703125 -0.236801147460938 0.0657501220703125
-0.0223941802978516 0.0247688293457031 -0.161224365234375 0.00874328613281251
-0.00468063354492188 -0.0199661254882813 -0.0515327453613281 0.00631713867187501
0.0689201354980469 -0.0120086669921875 0.063140869140625 0.176528930664063
0.105361938476563 0.0684280395507813 -0.016998291015625 0.348419189453125
-0.180633544921875 0.186141967773438 -0.063140869140625 -0.390167236328125
-0.044708251953125 0.219451904296875 -0.092071533203125 -0.241455078125
0.0941619873046875 0.215652465820313 -0.0132293701171875 0.00204849243164064
0.17529296875 0.0914764404296875 0.115898132324219 0.0235824584960938
0.177169799804688 -0.01275634765625 0.221176147460938 0.0215301513671875
0.113136291503906 -0.105018615722656 0.306304931640625 -0.133636474609375
0.0829925537109375 -0.133857727050781 0.29278564453125 -0.294403076171875
0.100456237792969 -0.0945816040039063 0.24725341796875 -0.3006591796875
0.0960159301757813 -0.104545593261719 0.25299072265625 -0.29278564453125
0.11773681640625 -0.0548782348632812 0.236968994140625 -0.196304321289063
0.139694213867187 0.00571441650390625 0.130012512207031 -0.122970581054688
0.125076293945313 0.09698486328125 0.0629730224609375 -0.148956298828125
0.0129852294921875 0.185012817382812 0.030731201171875 -0.254592895507813
-0.0679779052734375 0.18878173828125 0.01007080078125 -0.446868896484375
-0.14581298828125 0.1094970703125 0.21917724609375 -0.6822509765625
-0.19781494140625 0.394989013671875 -0.085968017578125 -0.332061767578125
-0.05718994140625 0.4005126953125 -0.0880889892578125 -0.2218017578125
0.13238525390625 0.4168701171875 -0.0476913452148438 -0.00035858154296872
0.28662109375 0.22625732421875 0.0622634887695313 0.0437889099121094
0.32110595703125 0.06854248046875 0.169158935546875 0.075347900390625
0.273345947265625 -0.12884521484375 0.26971435546875 -0.0751800537109375
0.218856811523437 -0.22021484375 0.24969482421875 -0.228759765625
0.229278564453125 -0.178558349609375 0.183502197265625 -0.23895263671875
0.222305297851563 -0.213775634765625 0.184829711914063 -0.245834350585938
0.24853515625 -0.126815795898438 0.156646728515625 -0.1728515625
0.294403076171875 -0.01348876953125 0.0584030151367188 -0.0993881225585938
0.28143310546875 0.12799072265625 -0.00924682617187498 -0.140007019042969
0.132904052734375 0.333160400390625 -0.0447540283203125 -0.259201049804688
0.019317626953125 0.3836669921875 -0.04510498046875 -0.440277099609375
-0.131439208984375 0.33673095703125 0.1417236328125 -0.64349365234375
-0.194366455078125 0.54931640625 -0.129806518554688 -0.20428466796875
-0.068084716796875 0.537933349609375 -0.0919189453125 -0.153411865234375
0.1474609375 0.57623291015625 -0.0785064697265625 0.0037155151367188
0.35919189453125 0.34869384765625 5.34057617187774E-05 0.0517082214355469
0.425018310546875 0.15692138671875 0.0876083374023438 0.107376098632813
0.4013671875 -0.122344970703125 0.185897827148438 -0.0166168212890625
0.325408935546875 -0.26812744140625 0.161468505859375 -0.133041381835938
0.322235107421875 -0.234619140625 0.0916290283203125 -0.1407470703125
0.31109619140625 -0.2991943359375 0.0946044921875 -0.157684326171875
0.341094970703125 -0.198211669921875 0.0575714111328125 -0.114540100097656
0.418853759765625 -0.053375244140625 -0.0186729431152344 -0.0500946044921875
0.419769287109375 0.121246337890625 -0.07733154296875 -0.10675048828125
0.261322021484375 0.427703857421875 -0.107391357421875 -0.227035522460937
0.12420654296875 0.5228271484375 -0.076416015625 -0.3778076171875
-0.08709716796875 0.5130615234375 0.076873779296875 -0.526031494140625
-0.15704345703125 0.6241455078125 -0.18646240234375 -0.0277099609375
-0.05072021484375 0.60308837890625 -0.103660583496094 -0.0448150634765625
0.16851806640625 0.647216796875 -0.103591918945312 0.0193939208984375
0.39324951171875 0.41143798828125 -0.0659103393554687 0.0519638061523438
0.47296142578125 0.21087646484375 -0.0143203735351562 0.115798950195313
0.468841552734375 -0.10357666015625 0.0624351501464844 0.0360755920410156
0.37994384765625 -0.276336669921875 0.0416069030761719 -0.0208702087402344
0.36676025390625 -0.255218505859375 -0.0131874084472656 -0.0196704864501953
0.351806640625 -0.338165283203125 -0.00201034545898435 -0.0400886535644531
0.382598876953125 -0.239593505859375 -0.0436668395996094 -0.0250663757324219
0.482513427734375 -0.08514404296875 -0.0896530151367187 0.020660400390625
0.498565673828125 0.099884033203125 -0.130874633789062 -0.0522384643554688
0.350830078125 0.459686279296875 -0.139007568359375 -0.167861938476563
0.208984375 0.58135986328125 -0.0661773681640625 -0.266265869140625
-0.0348510742187501 0.60748291015625 0.034332275390625 -0.343902587890625
-0.08203125 0.60601806640625 -0.237533569335937 0.173995971679688
0.00341796874999995 0.57586669921875 -0.115684509277344 0.0888061523437501
0.18707275390625 0.59515380859375 -0.120391845703125 0.0485916137695313
0.37841796875 0.3787841796875 -0.127059936523438 0.0554046630859375
0.44586181640625 0.2069091796875 -0.114532470703125 0.11004638671875
0.45404052734375 -0.084075927734375 -0.07659912109375 0.08349609375
0.3699951171875 -0.25067138671875 -0.0895767211914062 0.0957870483398437
0.35321044921875 -0.236480712890625 -0.114944458007812 0.1065673828125
0.343963623046875 -0.31927490234375 -0.0952682495117187 0.0888442993164062
0.3680419921875 -0.227142333984375 -0.135826110839844 0.075531005859375
0.466156005859375 -0.07952880859375 -0.148956298828125 0.09234619140625
0.479034423828125 0.086334228515625 -0.16314697265625 0.005035400390625
0.352386474609375 0.425048828125 -0.137367248535156 -0.0991134643554687
0.231781005859375 0.545440673828125 -0.0223007202148437 -0.128761291503906
0.0111083984375 0.5992431640625 0.014068603515625 -0.124465942382812
0.01239013671875 0.49749755859375 -0.261871337890625 0.369232177734375
0.071685791015625 0.452667236328125 -0.11627197265625 0.223312377929688
0.192413330078125 0.429595947265625 -0.123367309570313 0.0905838012695313
0.305572509765625 0.26129150390625 -0.164535522460937 0.074310302734375
0.342681884765625 0.146728515625 -0.185333251953125 0.103103637695313
0.357330322265625 -0.0689697265625 -0.194961547851562 0.125762939453125
0.2958984375 -0.19140625 -0.201446533203125 0.201263427734375
0.285491943359375 -0.18243408203125 -0.198516845703125 0.218307495117187
0.284881591796875 -0.241363525390625 -0.178985595703125 0.20220947265625
0.3004150390625 -0.158477783203125 -0.214767456054687 0.155059814453125
0.367828369140625 -0.033050537109375 -0.19403076171875 0.1348876953125
0.35906982421875 0.088531494140625 -0.176544189453125 0.0436553955078125
0.258087158203125 0.3316650390625 -0.112762451171875 -0.0387725830078125
0.1900634765625 0.419464111328125 0.0300769805908203 0.00667190551757815
0.04327392578125 0.488128662109375 0.00865173339843749 0.090667724609375
0.098876953125 0.3099365234375 -0.25079345703125 0.53271484375
0.120941162109375 0.2637939453125 -0.0981445312499999 0.34124755859375
0.157546997070313 0.203125 -0.103492736816406 0.139137268066406
0.182235717773437 0.111297607421875 -0.162521362304688 0.105117797851562
0.190460205078125 0.06488037109375 -0.208572387695312 0.0983734130859375
0.205490112304687 -0.04705810546875 -0.264602661132813 0.161331176757812
0.175018310546875 -0.10565185546875 -0.27093505859375 0.281402587890625
0.172592163085938 -0.0993499755859375 -0.25250244140625 0.29644775390625
0.185958862304688 -0.124099731445313 -0.245407104492188 0.277191162109375
0.189132690429688 -0.060577392578125 -0.274185180664063 0.191314697265625
0.210739135742188 0.0249786376953125 -0.223190307617187 0.13092041015625
0.17633056640625 0.08148193359375 -0.175567626953125 0.049591064453125
0.115570068359375 0.1832275390625 -0.081268310546875 0.000541687011718746
0.11676025390625 0.222320556640625 0.066802978515625 0.115142822265625
0.068756103515625 0.29876708984375 0.00727844238281248 0.264190673828125
0.15325927734375 0.074493408203125 -0.20611572265625 0.64013671875
0.127708435058594 0.0521392822265625 -0.056488037109375 0.427947998046875
0.0827407836914062 -0.0187835693359375 -0.0572662353515625 0.183853149414063
0.0357322692871094 -0.0221710205078125 -0.12060546875 0.134117126464844
0.0218315124511719 -0.00436019897460938 -0.187042236328125 0.093017578125
0.0348644256591797 -0.00863075256347656 -0.276519775390625 0.184036254882812
0.0318260192871094 0.00031280517578125 -0.2884521484375 0.3238525390625
0.0340461730957031 -0.000385284423828125 -0.268157958984375 0.330230712890625
0.0557746887207031 0.00546646118164063 -0.284393310546875 0.300506591796875
0.0466499328613281 0.030487060546875 -0.305084228515625 0.1795654296875
0.0271568298339844 0.0570564270019531 -0.232208251953125 0.0861663818359375
-0.0173072814941406 0.0361251831054688 -0.159408569335938 0.0264739990234375
-0.0124597549438477 -0.00872707366943359 -0.0500373840332031 0.0184898376464844
0.057373046875 -0.0100593566894531 0.0798492431640625 0.18170166015625
0.0994644165039063 0.0628509521484375 0.01104736328125 0.367095947265625
-0.15081787109375 0.199142456054687 -0.09283447265625 -0.388275146484375
-0.022369384765625 0.21124267578125 -0.114105224609375 -0.236648559570313
0.110931396484375 0.19500732421875 -0.0114364624023437 -0.0011615753173828
0.174896240234375 0.0667572021484375 0.113388061523438 0.0102462768554688
0.165176391601563 -0.03253173828125 0.218994140625 0.000457763671874998
0.0910491943359375 -0.111763000488281 0.289215087890625 -0.156707763671875
0.060455322265625 -0.134925842285156 0.262481689453125 -0.3157958984375
0.084991455078125 -0.101020812988281 0.219482421875 -0.31866455078125
0.0775070190429688 -0.111480712890625 0.227386474609375 -0.31085205078125
0.106170654296875 -0.0667266845703125 0.221954345703125 -0.210479736328125
0.136123657226563 -0.0123291015625 0.121528625488281 -0.126518249511719
0.136489868164063 0.079864501953125 0.0478515625 -0.148117065429688
0.0385589599609375 0.179046630859375 0.00373840332031251 -0.252517700195312
-0.039276123046875 0.190567016601563 -0.033843994140625 -0.441497802734375
-0.125389099121094 0.125381469726563 0.15521240234375 -0.68878173828125
-0.15203857421875 0.408203125 -0.1065673828125 -0.32867431640625
-0.0208740234375 0.3916015625 -0.105255126953125 -0.218353271484375
0.166748046875 0.39117431640625 -0.0431404113769531 0.00043869018554689
0.295989990234375 0.190887451171875 0.0659637451171875 0.0349807739257813
0.31573486328125 0.035430908203125 0.176422119140625 0.0576019287109375
0.246917724609375 -0.149185180664063 0.2606201171875 -0.0990753173828125
0.186630249023437 -0.232376098632812 0.227218627929687 -0.248428344726563
0.20526123046875 -0.1956787109375 0.164398193359375 -0.250900268554688
0.192977905273438 -0.22955322265625 0.164459228515625 -0.258255004882813
0.229690551757813 -0.147598266601563 0.1455078125 -0.180068969726563
0.28753662109375 -0.04345703125 0.0540771484375 -0.0965347290039063
0.292144775390625 0.09844970703125 -0.0196151733398437 -0.132614135742188
0.168121337890625 0.316314697265625 -0.06756591796875 -0.248748779296875
0.062408447265625 0.3751220703125 -0.08416748046875 -0.4298095703125
-0.092803955078125 0.34967041015625 0.0865478515625 -0.64093017578125
-0.140045166015625 0.5611572265625 -0.135162353515625 -0.197906494140625
-0.021728515625 0.532440185546875 -0.0995941162109375 -0.15069580078125
0.197601318359375 0.55096435546875 -0.0697135925292969 0.00928878784179689
0.37860107421875 0.308013916015625 0.0101966857910156 0.0479927062988282
0.429107666015625 0.1142578125 0.102279663085938 0.0944976806640625
0.376129150390625 -0.153289794921875 0.18487548828125 -0.0371856689453125
0.2899169921875 -0.28955078125 0.150390625 -0.14697265625
0.294586181640625 -0.258544921875 0.08380126953125 -0.145370483398438
0.2738037109375 -0.321136474609375 0.0848236083984375 -0.163970947265625
0.314605712890625 -0.22467041015625 0.0535659790039063 -0.114166259765625
0.405853271484375 -0.0924072265625 -0.015838623046875 -0.0423545837402344
0.42706298828125 0.081024169921875 -0.0808181762695312 -0.0932693481445313
0.301910400390625 0.3985595703125 -0.123321533203125 -0.210372924804687
0.1746826171875 0.50177001953125 -0.107330322265625 -0.362518310546875
-0.0391845703125 0.52069091796875 0.034027099609375 -0.517181396484375
-0.10162353515625 0.634033203125 -0.174057006835938 -0.0171661376953125
-0.000427246093750013 0.5977783203125 -0.09942626953125 -0.0403518676757812
0.2237548828125 0.62347412109375 -0.089935302734375 0.0292434692382813
0.419921875 0.368438720703125 -0.0514183044433594 0.054656982421875
0.483795166015625 0.16607666015625 0.00485229492187502 0.1112060546875
0.448577880859375 -0.140228271484375 0.0675811767578125 0.0245285034179687
0.34564208984375 -0.304351806640625 0.0431289672851563 -0.0262870788574219
0.338592529296875 -0.2830810546875 -0.00836181640624998 -0.0166015625
0.31451416015625 -0.364013671875 -5.34057617187328E-05 -0.03948974609375
0.35272216796875 -0.2681884765625 -0.0376091003417968 -0.0179901123046875
0.466766357421875 -0.12689208984375 -0.0792236328125 0.0321731567382813
0.500640869140625 0.056488037109375 -0.126083374023437 -0.0357666015625
0.38922119140625 0.42315673828125 -0.146453857421875 -0.14874267578125
0.25860595703125 0.552215576171875 -0.0853424072265625 -0.252288818359375
0.0185546875 0.611328125 0.00918579101562497 -0.33135986328125
-0.03302001953125 0.610107421875 -0.206619262695313 0.188262939453125
0.04742431640625 0.5712890625 -0.0984115600585938 0.0956497192382813
0.23858642578125 0.57635498046875 -0.102714538574219 0.061431884765625
0.406463623046875 0.34307861328125 -0.108802795410156 0.0641326904296876
0.46142578125 0.165985107421875 -0.0950164794921874 0.1141357421875
0.439910888671875 -0.119781494140625 -0.0652389526367187 0.0828399658203125
0.34112548828125 -0.27825927734375 -0.07562255859375 0.099456787109375
0.329620361328125 -0.263092041015625 -0.0976028442382812 0.116523742675781
0.30950927734375 -0.342681884765625 -0.080474853515625 0.0954055786132812
0.341888427734375 -0.25323486328125 -0.120681762695312 0.0878677368164063
0.452178955078125 -0.11785888671875 -0.1312255859375 0.106201171875
0.479522705078125 0.047088623046875 -0.152297973632812 0.0224761962890625
0.38336181640625 0.392333984375 -0.137069702148437 -0.08074951171875
0.273773193359375 0.51593017578125 -0.0284271240234375 -0.120124816894531
0.059814453125 0.59686279296875 0.00953674316406251 -0.11334228515625
0.04656982421875 0.493988037109375 -0.2144775390625 0.386566162109375
0.101837158203125 0.444183349609375 -0.0859832763671875 0.231765747070313
0.22613525390625 0.41473388671875 -0.101905822753906 0.103843688964844
0.32403564453125 0.235931396484375 -0.14404296875 0.08544921875
0.354827880859375 0.11944580078125 -0.167266845703125 0.113128662109375
0.34918212890625 -0.096466064453125 -0.179580688476562 0.135650634765625
0.27691650390625 -0.21502685546875 -0.177230834960937 0.2139892578125
0.2701416015625 -0.204727172851563 -0.172073364257813 0.233261108398438
0.262176513671875 -0.261520385742188 -0.15350341796875 0.214187622070312
0.2838134765625 -0.18035888671875 -0.193405151367187 0.172256469726563
0.361328125 -0.062286376953125 -0.173126220703125 0.149688720703125
0.362274169921875 0.060760498046875 -0.162994384765625 0.0612335205078125
0.28076171875 0.31036376953125 -0.108024597167969 -0.0239028930664062
0.219024658203125 0.3978271484375 0.0357818603515625 0.00820159912109378
0.077850341796875 0.484954833984375 0.0223388671875 0.0990066528320313
0.1124267578125 0.298858642578125 -0.19329833984375 0.545989990234375
0.133087158203125 0.253524780273438 -0.05816650390625 0.34783935546875
0.168411254882813 0.195175170898438 -0.07977294921875 0.14923095703125
0.188720703125 0.101303100585937 -0.14080810546875 0.114105224609375
0.196731567382813 0.053985595703125 -0.19329833984375 0.109954833984375
0.20416259765625 -0.060028076171875 -0.246490478515625 0.177001953125
0.168594360351563 -0.119613647460938 -0.241180419921875 0.3006591796875
0.168136596679688 -0.112579345703125 -0.218841552734375 0.3154296875
0.178192138671875 -0.138534545898438 -0.212799072265625 0.2943115234375
0.185867309570313 -0.0741729736328125 -0.249588012695313 0.212158203125
0.214691162109375 0.009521484375 -0.203811645507813 0.147537231445312
0.183670043945313 0.0713043212890625 -0.162673950195313 0.06634521484375
0.127029418945313 0.179351806640625 -0.0743637084960937 0.0121078491210938
0.126708984375 0.214065551757813 0.0799179077148438 0.11236572265625
0.084228515625 0.29461669921875 0.0342559814453125 0.269241333007813
0.1456298828125 0.0595855712890625 -0.1434326171875 0.6478271484375
0.122451782226563 0.042205810546875 -0.011962890625 0.43048095703125
0.0730819702148438 -0.019012451171875 -0.03265380859375 0.187332153320313
0.0307445526123047 -0.0176067352294922 -0.100044250488281 0.138694763183594
0.0223770141601563 -0.00055694580078125 -0.1768798828125 0.102401733398438
0.0397453308105469 -0.00748443603515625 -0.259063720703125 0.201461791992188
0.0388679504394531 -0.003021240234375 -0.255523681640625 0.34423828125
0.0413436889648438 -0.00384902954101563 -0.233795166015625 0.34869384765625
0.0639305114746094 -0.00060272216796875 -0.25225830078125 0.32080078125
0.0564117431640625 0.0264816284179687 -0.28411865234375 0.203399658203125
0.0388145446777344 0.0570755004882813 -0.217849731445313 0.103500366210938
-0.00905227661132812 0.0438041687011719 -0.150543212890625 0.0426177978515625
-0.0158329010009766 0.0027608871459961 -0.0443801879882813 0.0279312133789063
0.0475387573242188 -0.00643157958984375 0.0970306396484375 0.177978515625
0.092926025390625 0.0579986572265625 0.04302978515625 0.369659423828125
-0.122604370117187 0.20001220703125 -0.11151123046875 -0.376220703125
-0.0077667236328125 0.197860717773438 -0.12744140625 -0.2269287109375
0.117935180664063 0.173110961914063 -0.0100898742675781 -0.00429534912109374
0.166305541992187 0.04833984375 0.107162475585938 0.0012359619140625
0.150924682617188 -0.044647216796875 0.211318969726563 -0.0135040283203125
0.0716552734375 -0.110198974609375 0.269058227539063 -0.167984008789063
0.04339599609375 -0.129043579101563 0.23406982421875 -0.32098388671875
0.0708694458007813 -0.101211547851563 0.194793701171875 -0.322265625
0.0616226196289063 -0.110984802246094 0.201904296875 -0.315399169921875
0.093902587890625 -0.0727157592773438 0.206649780273438 -0.215957641601563
0.127815246582031 -0.0246810913085937 0.113502502441406 -0.124732971191406
0.1390380859375 0.0634841918945313 0.0368499755859375 -0.142913818359375
0.0553436279296875 0.166610717773438 -0.0169677734375 -0.243179321289063
-0.0169219970703125 0.183181762695313 -0.064117431640625 -0.423736572265625
-0.105072021484375 0.131797790527344 0.10479736328125 -0.671630859375
-0.113861083984375 0.40362548828125 -0.117462158203125 -0.318389892578125
0.00433349609375003 0.37371826171875 -0.115341186523437 -0.21099853515625
0.184967041015625 0.360992431640625 -0.0370635986328125 0.000228881835937523
0.291473388671875 0.16058349609375 0.0664215087890625 0.0266838073730469
0.301605224609375 0.011810302734375 0.176483154296875 0.04241943359375
0.220413208007812 -0.155624389648438 0.2459716796875 -0.11322021484375
0.158111572265625 -0.231964111328125 0.20574951171875 -0.25518798828125
0.182418823242187 -0.2005615234375 0.147354125976563 -0.253463745117188
0.165863037109375 -0.23333740234375 0.14666748046875 -0.260848999023437
0.207534790039062 -0.157546997070312 0.135696411132813 -0.181076049804688
0.272491455078125 -0.063629150390625 0.0515594482421875 -0.0916519165039063
0.290863037109375 0.073486328125 -0.0247344970703125 -0.123222351074219
0.188720703125 0.293914794921875 -0.0814056396484375 -0.233505249023438
0.0909423828125 0.354827880859375 -0.109710693359375 -0.4071044921875
-0.06207275390625 0.348480224609375 0.0441284179687501 -0.61993408203125
-0.0969238281249999 0.5538330078125 -0.13525390625 -0.19146728515625
0.011383056640625 0.510894775390625 -0.10302734375 -0.145355224609375
0.226348876953125 0.514984130859375 -0.0594024658203125 0.0112342834472657
0.380950927734375 0.269927978515625 0.01702880859375 0.0417556762695313
0.418426513671875 0.081085205078125 0.110076904296875 0.0811080932617187
0.3472900390625 -0.168304443359375 0.177169799804688 -0.05078125
0.254486083984375 -0.294097900390625 0.138748168945313 -0.154266357421875
0.26568603515625 -0.268096923828125 0.07720947265625 -0.144821166992188
0.23944091796875 -0.3262939453125 0.076080322265625 -0.16424560546875
0.28643798828125 -0.235687255859375 0.0513076782226563 -0.1114501953125
0.384185791015625 -0.11669921875 -0.0112800598144531 -0.034912109375
0.41949462890625 0.0516357421875 -0.0794296264648437 -0.0815963745117188
0.321685791015625 0.365631103515625 -0.129608154296875 -0.1929931640625
0.205108642578125 0.470367431640625 -0.124603271484375 -0.340911865234375
0.000274658203125018 0.5115966796875 0.00430297851562503 -0.494659423828125
-0.0585327148437499 0.62347412109375 -0.159286499023438 -0.0129699707031249
0.03375244140625 0.57891845703125 -0.0936355590820313 -0.0374603271484375
0.2579345703125 0.589111328125 -0.0749740600585937 0.0334396362304688
0.42724609375 0.329437255859375 -0.038665771484375 0.0512313842773438
0.477874755859375 0.1290283203125 0.0186309814453125 0.102531433105469
0.4200439453125 -0.160736083984375 0.0683059692382813 0.014556884765625
0.310577392578125 -0.3138427734375 0.0430107116699219 -0.0309486389160156
0.309661865234375 -0.294647216796875 -0.00318336486816404 -0.0148553848266602
0.276275634765625 -0.37103271484375 0.00271224975585939 -0.0385818481445313
0.321075439453125 -0.277099609375 -0.0317306518554687 -0.0132217407226563
0.441192626953125 -0.15289306640625 -0.0667991638183593 0.0391807556152344
0.487060546875 0.02288818359375 -0.1180419921875 -0.0237503051757812
0.40570068359375 0.386260986328125 -0.146224975585937 -0.131607055664062
0.284423828125 0.5145263671875 -0.09466552734375 -0.235610961914063
0.0577392578125 0.5946044921875 -0.00582885742187498 -0.312225341796875
0.00189208984375003 0.59906005859375 -0.178192138671875 0.1893310546875
0.07696533203125 0.551910400390625 -0.081939697265625 0.0952987670898438
0.26861572265625 0.5478515625 -0.0837249755859375 0.0664901733398438
0.41278076171875 0.307464599609375 -0.0916824340820312 0.0644073486328125
0.45892333984375 0.133026123046875 -0.0779037475585937 0.111587524414063
0.416473388671875 -0.14276123046875 -0.057373046875 0.0791091918945313
0.3109130859375 -0.28948974609375 -0.0639801025390625 0.0992584228515625
0.304412841796875 -0.27618408203125 -0.080902099609375 0.119773864746094
0.27581787109375 -0.3507080078125 -0.0671768188476563 0.0959854125976562
0.313812255859375 -0.263763427734375 -0.105690002441406 0.0933990478515625
0.428558349609375 -0.14178466796875 -0.112800598144531 0.111709594726563
0.467559814453125 0.016510009765625 -0.138389587402344 0.0337295532226563
0.395477294921875 0.35791015625 -0.131317138671875 -0.0670318603515625
0.2940673828125 0.4793701171875 -0.0305862426757812 -0.111557006835937
0.09368896484375 0.57952880859375 0.008758544921875 -0.101829528808594
0.068359375 0.479766845703125 -0.174560546875 0.383392333984375
0.11883544921875 0.4296875 -0.0609893798828125 0.228866577148438
0.245697021484375 0.39532470703125 -0.08074951171875 0.10797119140625
0.327911376953125 0.21337890625 -0.124153137207031 0.0873489379882813
0.355133056640625 0.096160888671875 -0.150039672851563 0.1148681640625
0.33380126953125 -0.1124267578125 -0.165390014648437 0.137893676757813
0.25531005859375 -0.225326538085938 -0.155609130859375 0.216201782226563
0.251953125 -0.215255737304688 -0.1461181640625 0.2371826171875
0.238525390625 -0.269607543945313 -0.130615234375 0.215621948242187
0.264572143554688 -0.189437866210938 -0.171463012695312 0.178482055664063
0.347320556640625 -0.081146240234375 -0.151229858398438 0.155868530273437
0.355377197265625 0.039306640625 -0.1458740234375 0.0702362060546875
0.289703369140625 0.287811279296875 -0.099456787109375 -0.0142440795898437
0.23291015625 0.37274169921875 0.0394668579101563 0.00867080688476565
0.100311279296875 0.469482421875 0.0336990356445313 0.102127075195313
0.11834716796875 0.285736083984375 -0.145294189453125 0.537872314453125
0.137527465820313 0.241409301757813 -0.0267333984375 0.341217041015625
0.173049926757813 0.185775756835937 -0.057586669921875 0.150802612304688
0.188644409179687 0.0921173095703125 -0.120826721191406 0.115058898925781
0.197113037109375 0.043609619140625 -0.178482055664063 0.113449096679687
0.198135375976563 -0.0681610107421875 -0.229568481445313 0.1832275390625
0.158859252929688 -0.127456665039063 -0.212677001953125 0.3048095703125
0.160568237304688 -0.120040893554688 -0.18841552734375 0.31915283203125
0.167526245117187 -0.146347045898438 -0.184417724609375 0.29644775390625
0.17828369140625 -0.082733154296875 -0.2242431640625 0.220443725585938
0.212127685546875 -0.002655029296875 -0.183578491210938 0.154388427734375
0.185165405273438 0.061920166015625 -0.146743774414063 0.0759124755859375
0.133148193359375 0.1724853515625 -0.06610107421875 0.0186424255371094
0.130813598632813 0.203811645507812 0.0884628295898438 0.106185913085938
0.09222412109375 0.285430908203125 0.0540008544921875 0.265457153320313
0.13446044921875 0.0503997802734375 -0.09466552734375 0.63330078125
0.114486694335938 0.0359573364257813 0.022705078125 0.4169921875
0.0655517578125 -0.0173759460449219 -0.0118408203125 0.18316650390625
0.0284461975097656 -0.013153076171875 -0.0818252563476562 0.135429382324219
0.0233669281005859 0.00356483459472656 -0.166015625 0.10491943359375
0.043426513671875 -0.007080078125 -0.240875244140625 0.208465576171875
0.0430870056152344 -0.00649261474609375 -0.22607421875 0.348907470703125
0.04620361328125 -0.00726318359375 -0.201873779296875 0.352752685546875
0.0682449340820313 -0.00664138793945313 -0.22174072265625 0.325439453125
0.0618095397949219 0.0210494995117187 -0.260971069335937 0.21484375
0.047515869140625 0.0538444519042969 -0.202041625976563 0.113388061523438
-0.000873565673828129 0.0477714538574219 -0.138633728027344 0.0526123046875
-0.0157470703125 0.0136337280273438 -0.0375480651855469 0.0332374572753906
0.0400962829589844 -0.00077056884765625 0.107620239257812 0.169235229492188
0.0846939086914063 0.0556793212890625 0.06640625 0.36199951171875
-0.10369873046875 0.195602416992188 -0.120025634765625 -0.3677978515625
-0.00015258789062501 0.185379028320313 -0.134506225585937 -0.218551635742188
0.118377685546875 0.15704345703125 -0.00967693328857421 -0.00691127777099608
0.156829833984375 0.0367431640625 0.100738525390625 -0.00428009033203125
0.137641906738281 -0.050872802734375 0.203704833984375 -0.0209197998046875
0.058380126953125 -0.105155944824219 0.2547607421875 -0.170578002929688
0.0320358276367188 -0.121131896972656 0.215484619140625 -0.32049560546875
0.06097412109375 -0.0991134643554688 0.178680419921875 -0.31988525390625
0.0503692626953125 -0.107872009277344 0.186737060546875 -0.314300537109375
0.0845489501953125 -0.0734329223632813 0.19683837890625 -0.215744018554688
0.119667053222656 -0.0316543579101563 0.10919189453125 -0.121551513671875
0.139274597167969 0.0522384643554688 0.0304946899414062 -0.13702392578125
0.064697265625 0.155899047851563 -0.0287628173828125 -0.232833862304688
-0.00286865234375001 0.173355102539063 -0.08148193359375 -0.406494140625
-0.0896530151367188 0.133399963378906 0.076904296875 -0.6514892578125
-0.088592529296875 0.39434814453125 -0.12158203125 -0.3126220703125
0.016876220703125 0.356689453125 -0.12060546875 -0.204666137695312
0.191436767578125 0.33746337890625 -0.0329055786132812 -0.0017738342285156
0.28155517578125 0.141754150390625 0.0654144287109375 0.0205650329589844
0.287445068359375 -0.00103759765625 0.173660278320313 0.0319671630859375
0.200515747070313 -0.154403686523438 0.234512329101563 -0.118499755859375
0.139266967773438 -0.2252197265625 0.189895629882813 -0.25640869140625
0.165573120117188 -0.199203491210937 0.135787963867188 -0.2508544921875
0.14654541015625 -0.22998046875 0.136260986328125 -0.259124755859375
0.191680908203125 -0.159500122070313 0.130615234375 -0.178741455078125
0.259429931640625 -0.073822021484375 0.0522537231445313 -0.0868301391601563
0.286834716796875 0.058563232421875 -0.026519775390625 -0.116188049316406
0.198944091796875 0.275253295898437 -0.0885009765625 -0.22113037109375
0.105560302734375 0.335693359375 -0.123077392578125 -0.388763427734375
-0.041351318359375 0.343170166015625 0.0231323242187499 -0.5980224609375
-0.06927490234375 0.541900634765625 -0.131668090820313 -0.189208984375
0.028961181640625 0.4912109375 -0.103668212890625 -0.14300537109375
0.238983154296875 0.48834228515625 -0.0502967834472656 0.0106468200683594
0.372955322265625 0.245391845703125 0.02117919921875 0.0356369018554688
0.40618896484375 0.06158447265625 0.113265991210938 0.0703277587890625
0.324951171875 -0.171783447265625 0.169891357421875 -0.0582275390625
0.230865478515625 -0.2904052734375 0.13018798828125 -0.156723022460938
0.24505615234375 -0.26806640625 0.0743865966796875 -0.14422607421875
0.215240478515625 -0.323089599609375 0.07208251953125 -0.163162231445313
0.265533447265625 -0.237503051757813 0.0515213012695313 -0.108558654785156
0.366058349609375 -0.128265380859375 -0.00586318969726561 -0.0308704376220703
0.409881591796875 0.032928466796875 -0.0755996704101562 -0.0740585327148438
0.32806396484375 0.342010498046875 -0.1309814453125 -0.179962158203125
0.2177734375 0.443695068359375 -0.131988525390625 -0.323150634765625
0.021820068359375 0.501373291015625 -0.00915527343749995 -0.473724365234375
-0.0324707031249999 0.61090087890625 -0.147079467773438 -0.0147857666015625
0.050811767578125 0.559722900390625 -0.0880203247070313 -0.0377197265625
0.2735595703125 0.56243896484375 -0.0622138977050781 0.0331878662109375
0.4237060546875 0.303253173828125 -0.029937744140625 0.046356201171875
0.46954345703125 0.1068115234375 0.0264816284179688 0.0934219360351563
0.3985595703125 -0.1690673828125 0.0671577453613281 0.00770568847656249
0.285614013671875 -0.312713623046875 0.0422554016113281 -0.0341835021972656
0.289154052734375 -0.296234130859375 0.00187587738037111 -0.0140552520751953
0.250701904296875 -0.367919921875 0.00526046752929689 -0.0390357971191406
0.29962158203125 -0.2774658203125 -0.0252113342285156 -0.0100994110107422
0.41998291015625 -0.163116455078125 -0.0565948486328125 0.042724609375
0.474395751953125 0.005828857421875 -0.109199523925781 -0.0173263549804688
0.408538818359375 0.359710693359375 -0.142822265625 -0.120651245117188
0.295166015625 0.485198974609375 -0.0976409912109375 -0.22174072265625
0.07781982421875 0.57958984375 -0.011077880859375 -0.296783447265625
0.02166748046875 0.58465576171875 -0.15740966796875 0.183944702148438
0.0897216796875 0.53533935546875 -0.0697250366210938 0.0922012329101563
0.2835693359375 0.524627685546875 -0.068145751953125 0.0669059753417969
0.411956787109375 0.28515625 -0.0795745849609375 0.0606765747070313
0.4522705078125 0.113555908203125 -0.0671157836914062 0.105766296386719
0.399505615234375 -0.151092529296875 -0.0532455444335937 0.0751876831054687
0.289581298828125 -0.290863037109375 -0.0565185546875 0.0961151123046875
0.28656005859375 -0.279449462890625 -0.069061279296875 0.119148254394531
0.253814697265625 -0.347564697265625 -0.0578384399414062 0.0943603515625
0.292694091796875 -0.26287841796875 -0.0941238403320313 0.0952835083007812
0.40924072265625 -0.15301513671875 -0.0986404418945313 0.113365173339844
0.45379638671875 0.000732421875 -0.12615966796875 0.037628173828125
0.3970947265625 0.333648681640625 -0.124740600585937 -0.0590438842773438
0.2994384765625 0.453277587890625 -0.030059814453125 -0.104354858398437
0.10919189453125 0.5643310546875 0.0109329223632813 -0.0927200317382812
0.077728271484375 0.4674072265625 -0.14788818359375 0.37396240234375
0.12786865234375 0.4163818359375 -0.04443359375 0.222183227539063
0.254364013671875 0.3814697265625 -0.0633544921875 0.107475280761719
0.326629638671875 0.199615478515625 -0.109657287597656 0.0839920043945313
0.352203369140625 0.08197021484375 -0.137687683105469 0.112098693847656
0.322418212890625 -0.120147705078125 -0.156845092773438 0.136276245117187
0.24005126953125 -0.228179931640625 -0.1407470703125 0.214187622070312
0.239517211914063 -0.218826293945312 -0.12835693359375 0.235946655273438
0.222183227539063 -0.270034790039063 -0.11578369140625 0.212066650390625
0.250274658203125 -0.190521240234375 -0.155685424804687 0.1796875
0.33441162109375 -0.09014892578125 -0.13555908203125 0.156143188476563
0.3472900390625 0.028564453125 -0.132545471191406 0.073089599609375
0.291900634765625 0.272003173828125 -0.091827392578125 -0.00948333740234374
0.233978271484375 0.35345458984375 0.0423812866210938 0.00830078125000002
0.11004638671875 0.457244873046875 0.0414199829101563 0.104095458984375
0.117431640625 0.277008056640625 -0.116241455078125 0.525054931640625
0.13726806640625 0.234329223632813 -0.00677490234375003 0.3309326171875
0.175048828125 0.180404663085938 -0.040496826171875 0.147171020507813
0.1881103515625 0.087646484375 -0.106269836425781 0.111045837402344
0.196914672851563 0.0393218994140625 -0.168685913085937 0.111679077148438
0.193679809570313 -0.07177734375 -0.218338012695313 0.183547973632813
0.15277099609375 -0.130279541015625 -0.193572998046875 0.303436279296875
0.156097412109375 -0.12396240234375 -0.167327880859375 0.316650390625
0.160018920898438 -0.148696899414063 -0.1651611328125 0.29296875
0.173004150390625 -0.0863800048828125 -0.20758056640625 0.22161865234375
0.208572387695313 -0.0098419189453125 -0.167388916015625 0.155593872070313
0.184478759765625 0.056549072265625 -0.13372802734375 0.0788955688476563
0.13519287109375 0.1689453125 -0.0589179992675781 0.0212326049804688
0.129486083984375 0.1971435546875 0.0932235717773438 0.101165771484375
0.0939483642578125 0.279342651367188 0.065826416015625 0.260971069335937
0.123100280761719 0.0466766357421875 -0.0643310546875 0.61505126953125
0.108177185058594 0.033233642578125 0.0426025390625 0.403564453125
0.0604362487792969 -0.0139808654785156 0.00190734863281249 0.176055908203125
0.0281276702880859 -0.00875663757324219 -0.0698699951171875 0.129081726074219
0.0253334045410156 0.00739860534667969 -0.159317016601563 0.103759765625
0.0468788146972656 -0.00699234008789063 -0.229568481445313 0.208847045898437
0.0461311340332031 -0.0100975036621094 -0.205841064453125 0.347015380859375
0.0494041442871094 -0.0101776123046875 -0.182037353515625 0.349273681640625
0.0711441040039062 -0.0115509033203125 -0.201385498046875 0.32330322265625
0.0657272338867188 0.0168724060058594 -0.243515014648437 0.217437744140625
0.0534782409667969 0.0505867004394531 -0.189132690429688 0.116424560546875
0.00536346435546875 0.0500450134277344 -0.128692626953125 0.056793212890625
-0.0137500762939453 0.0217037200927734 -0.0317611694335938 0.0355300903320313
0.0355491638183594 0.00542831420898438 0.112838745117188 0.162551879882813
0.0776443481445313 0.0571441650390625 0.079071044921875 0.353973388671875
-0.0909423828125 0.1917724609375 -0.124664306640625 -0.369384765625
0.00273132324218749 0.17803955078125 -0.139785766601563 -0.216629028320312
0.11749267578125 0.147598266601563 -0.00991630554199218 -0.00950622558593749
0.150146484375 0.0310211181640625 0.09716796875 -0.00676727294921875
0.129112243652344 -0.0541763305664063 0.20050048828125 -0.02496337890625
0.04998779296875 -0.100852966308594 0.249496459960938 -0.171844482421875
0.0259246826171875 -0.114646911621094 0.20526123046875 -0.320953369140625
0.0551681518554688 -0.0972671508789063 0.171234130859375 -0.32135009765625
0.0431747436523438 -0.105766296386719 0.180450439453125 -0.3157958984375
0.0785903930664063 -0.0738296508789063 0.195281982421875 -0.217086791992188
0.115486145019531 -0.03485107421875 0.108894348144531 -0.119941711425781
0.139724731445313 0.0450439453125 0.0268402099609375 -0.134223937988281
0.0706634521484375 0.148757934570313 -0.0359344482421875 -0.226715087890625
0.00579833984375 0.16644287109375 -0.0909423828125 -0.398162841796875
-0.0795516967773438 0.133758544921875 0.062744140625 -0.643798828125
-0.073028564453125 0.390838623046875 -0.12353515625 -0.314971923828125
0.022491455078125 0.348052978515625 -0.123809814453125 -0.203811645507812
0.194915771484375 0.325469970703125 -0.0292472839355469 -0.00365638732910155
0.2747802734375 0.132537841796875 0.0648612976074219 0.0161552429199219
0.2791748046875 -0.0084381103515625 0.173568725585938 0.025848388671875
0.18902587890625 -0.151382446289063 0.22967529296875 -0.121917724609375
0.128494262695313 -0.219146728515625 0.1827392578125 -0.258712768554688
0.157333374023438 -0.198974609375 0.132568359375 -0.252655029296875
0.135513305664063 -0.228164672851563 0.132461547851563 -0.261428833007813
0.18389892578125 -0.160354614257813 0.130691528320313 -0.178466796875
0.252685546875 -0.078887939453125 0.0547256469726563 -0.0842666625976563
0.286865234375 0.0496826171875 -0.026214599609375 -0.112998962402344
0.20574951171875 0.265625 -0.092315673828125 -0.214996337890625
0.115020751953125 0.32501220703125 -0.13006591796875 -0.379058837890625
-0.029083251953125 0.34307861328125 0.0145263671875 -0.5894775390625
-0.0524291992187501 0.538787841796875 -0.12933349609375 -0.193313598632812
0.03594970703125 0.482940673828125 -0.104324340820313 -0.1439208984375
0.2481689453125 0.47503662109375 -0.0431556701660156 0.00856399536132816
0.370208740234375 0.233367919921875 0.0239086151123047 0.0306568145751953
0.400177001953125 0.0521240234375 0.115386962890625 0.0634231567382813
0.31219482421875 -0.171966552734375 0.167037963867188 -0.0621795654296875
0.21820068359375 -0.286224365234375 0.12652587890625 -0.158905029296875
0.236557006835938 -0.269439697265625 0.074920654296875 -0.144454956054688
0.2022705078125 -0.322174072265625 0.0711517333984375 -0.164596557617188
0.255157470703125 -0.236831665039063 0.0550765991210938 -0.107208251953125
0.3570556640625 -0.134521484375 -0.000217437744140603 -0.0278606414794922
0.4075927734375 0.02301025390625 -0.0727310180664062 -0.0706863403320313
0.33502197265625 0.3314208984375 -0.132110595703125 -0.17340087890625
0.22601318359375 0.43048095703125 -0.1363525390625 -0.313934326171875
0.03509521484375 0.49859619140625 -0.014312744140625 -0.463897705078125
-0.0182495117187499 0.6075439453125 -0.139724731445313 -0.0193710327148437
0.0601806640625 0.552764892578125 -0.084716796875 -0.0401687622070312
0.285400390625 0.548919677734375 -0.0513191223144531 0.031768798828125
0.421417236328125 0.290802001953125 -0.0243492126464844 0.0416069030761719
0.467010498046875 0.09466552734375 0.0313262939453125 0.0872421264648438
0.388031005859375 -0.171844482421875 0.0660972595214844 0.00363159179687499
0.273468017578125 -0.31109619140625 0.0419425964355469 -0.03619384765625
0.27984619140625 -0.298980712890625 0.00659275054931642 -0.0143966674804688
0.24005126953125 -0.366729736328125 0.00759124755859376 -0.0406455993652344
0.288330078125 -0.277313232421875 -0.0193138122558594 -0.00886154174804689
0.41046142578125 -0.17022705078125 -0.047698974609375 0.0446281433105469
0.47039794921875 -0.004058837890625 -0.103141784667969 -0.015106201171875
0.412445068359375 0.348297119140625 -0.14080810546875 -0.114608764648438
0.2987060546875 0.470428466796875 -0.098541259765625 -0.215164184570312
0.08984375 0.57623291015625 -0.01171875 -0.2874755859375
0.0322265625 0.58331298828125 -0.145721435546875 0.17913818359375
0.098480224609375 0.5313720703125 -0.0629959106445312 0.0892105102539063
0.295379638671875 0.514892578125 -0.0550994873046875 0.0655899047851563
0.41424560546875 0.275421142578125 -0.0717544555664062 0.0565414428710938
0.45245361328125 0.10260009765625 -0.060546875 0.101554870605469
0.390289306640625 -0.1551513671875 -0.0514144897460937 0.072540283203125
0.27880859375 -0.29132080078125 -0.0523834228515625 0.0947952270507812
0.280120849609375 -0.282379150390625 -0.0608749389648437 0.119392395019531
0.24237060546875 -0.34954833984375 -0.052825927734375 0.0926895141601562
0.286041259765625 -0.26361083984375 -0.0863800048828125 0.0963973999023437
0.400543212890625 -0.15826416015625 -0.0882339477539062 0.114021301269531
0.450439453125 -0.006103515625 -0.118400573730469 0.0390548706054688
0.400299072265625 0.3258056640625 -0.121353149414062 -0.0548934936523437
0.3018798828125 0.440765380859375 -0.0287857055664062 -0.100982666015625
0.117919921875 0.562744140625 0.0139846801757813 -0.0863800048828125
0.08184814453125 0.466094970703125 -0.13262939453125 0.368743896484375
0.131988525390625 0.4141845703125 -0.0338287353515625 0.21868896484375
0.261383056640625 0.375335693359375 -0.0495758056640625 0.105972290039063
0.32818603515625 0.19293212890625 -0.101051330566406 0.0800323486328125
0.353546142578125 0.07586669921875 -0.13201904296875 0.109626770019531
0.318084716796875 -0.123046875 -0.153976440429688 0.135650634765625
0.232864379882812 -0.229156494140625 -0.133331298828125 0.214706420898438
0.236099243164063 -0.222518920898438 -0.116912841796875 0.235977172851563
0.21502685546875 -0.271713256835938 -0.10791015625 0.210861206054687
0.244827270507813 -0.191116333007813 -0.146072387695312 0.180587768554687
0.32958984375 -0.0958251953125 -0.124862670898437 0.15576171875
0.346099853515625 0.023590087890625 -0.124267578125 0.07379150390625
0.294219970703125 0.2685546875 -0.08782958984375 -0.00749969482421872
0.233062744140625 0.34735107421875 0.0452003479003906 0.00873947143554689
0.114776611328125 0.458465576171875 0.0481948852539063 0.107566833496094
0.11505126953125 0.276382446289063 -0.09991455078125 0.51922607421875
0.136398315429688 0.233489990234375 0.005828857421875 0.32708740234375
0.177627563476563 0.179458618164063 -0.02838134765625 0.144256591796875
0.189437866210938 0.08642578125 -0.09796142578125 0.106918334960938
0.1993408203125 0.037628173828125 -0.164764404296875 0.111038208007812
0.193878173828125 -0.0736846923828125 -0.214492797851562 0.184463500976563
0.149993896484375 -0.132568359375 -0.18426513671875 0.303009033203125
0.155899047851562 -0.127700805664063 -0.15509033203125 0.316436767578125
0.158737182617188 -0.15185546875 -0.155792236328125 0.29229736328125
0.172027587890625 -0.0883636474609375 -0.198318481445312 0.223114013671875
0.208847045898437 -0.0142364501953125 -0.15838623046875 0.155303955078125
0.187255859375 0.0547332763671875 -0.126266479492188 0.079437255859375
0.137741088867188 0.170120239257813 -0.0546035766601562 0.0227928161621094
0.128433227539062 0.196426391601563 0.0968780517578125 0.09930419921875
0.093658447265625 0.2808837890625 0.0740509033203125 0.262603759765625
0.1153564453125 0.04620361328125 -0.04937744140625 0.60943603515625
0.103675842285156 0.0337753295898437 0.055206298828125 0.39752197265625
0.058258056640625 -0.0110321044921875 0.01177978515625 0.17144775390625
0.0288848876953125 -0.00595474243164063 -0.0633621215820313 0.124305725097656
0.0278282165527344 0.0101337432861328 -0.157333374023438 0.103317260742187
0.050567626953125 -0.006744384765625 -0.226455688476563 0.210067749023437
0.0487289428710938 -0.0125885009765625 -0.195770263671875 0.347686767578125
0.0526466369628906 -0.0129890441894531 -0.170562744140625 0.348724365234375
0.0743865966796875 -0.0147857666015625 -0.191864013671875 0.3243408203125
0.0689201354980469 0.0138740539550781 -0.235610961914062 0.219497680664063
0.0583724975585937 0.0482444763183594 -0.181610107421875 0.117904663085938
0.0112228393554687 0.0518302917480469 -0.122245788574219 0.0592193603515625
-0.0117626190185547 0.0287036895751953 -0.0283737182617188 0.0367813110351562
0.0328598022460938 0.0115547180175781 0.117095947265625 0.160659790039063
0.0724945068359375 0.0609130859375 0.087127685546875 0.35406494140625
-0.0812225341796875 0.192733764648438 -0.13580322265625 -0.377593994140625
0.006866455078125 0.176055908203125 -0.148941040039063 -0.2174072265625
0.119415283203125 0.142318725585938 -0.00998115539550781 -0.0120067596435547
0.147064208984375 0.026458740234375 0.0954971313476563 -0.0099945068359375
0.123619079589844 -0.058197021484375 0.202224731445313 -0.030548095703125
0.0428390502929688 -0.0980911254882813 0.248641967773437 -0.1785888671875
0.0211257934570312 -0.111381530761719 0.1990966796875 -0.330841064453125
0.0507965087890625 -0.0980377197265625 0.1649169921875 -0.331451416015625
0.0374069213867188 -0.1065673828125 0.175994873046875 -0.327423095703125
0.0753402709960938 -0.0762405395507813 0.195907592773438 -0.224746704101563
0.11346435546875 -0.0398178100585937 0.110694885253906 -0.121238708496094
0.143402099609375 0.0385589599609375 0.0237045288085938 -0.134666442871094
0.077667236328125 0.145584106445313 -0.04443359375 -0.226455688476562
0.01318359375 0.163330078125 -0.10455322265625 -0.397613525390625
-0.0708236694335937 0.137840270996094 0.046630859375 -0.65008544921875
-0.05828857421875 0.395263671875 -0.1322021484375 -0.32403564453125
0.030731201171875 0.347015380859375 -0.131607055664062 -0.206787109375
0.20404052734375 0.3204345703125 -0.0265140533447266 -0.00602722167968748
0.27655029296875 0.126174926757813 0.0651168823242188 0.0123405456542969
0.277877807617188 -0.016204833984375 0.176406860351563 0.019622802734375
0.182235717773438 -0.15338134765625 0.229461669921875 -0.129409790039062
0.121749877929688 -0.219467163085937 0.177902221679687 -0.267730712890625
0.15216064453125 -0.20330810546875 0.130203247070313 -0.2598876953125
0.127716064453125 -0.232315063476563 0.129852294921875 -0.270553588867188
0.179534912109375 -0.164718627929687 0.133575439453125 -0.184066772460938
0.251251220703125 -0.0877227783203125 0.0586624145507813 -0.0839767456054688
0.292510986328125 0.040496826171875 -0.02850341796875 -0.112602233886719
0.218246459960938 0.261627197265625 -0.100387573242188 -0.213363647460937
0.12530517578125 0.32171630859375 -0.141571044921875 -0.378143310546875
-0.01556396484375 0.350067138671875 0.000732421874999945 -0.59307861328125
-0.035675048828125 0.546844482421875 -0.132919311523438 -0.200851440429687
0.047882080078125 0.486602783203125 -0.108871459960937 -0.147186279296875
0.263427734375 0.471221923828125 -0.036895751953125 0.00660324096679691
0.37640380859375 0.225341796875 0.0260257720947266 0.0266437530517578
0.404510498046875 0.04132080078125 0.120475769042969 0.05718994140625
0.307952880859375 -0.1771240234375 0.167633056640625 -0.069091796875
0.21063232421875 -0.2899169921875 0.124099731445313 -0.165771484375
0.231536865234375 -0.278289794921875 0.0759735107421875 -0.149276733398438
0.193084716796875 -0.32879638671875 0.07037353515625 -0.170623779296875
0.250473022460938 -0.243759155273438 0.05853271484375 -0.109207153320313
0.35601806640625 -0.145294189453125 0.00555801391601565 -0.0264701843261719
0.414337158203125 0.011444091796875 -0.0719070434570312 -0.070037841796875
0.34991455078125 0.325775146484375 -0.13720703125 -0.169967651367187
0.23797607421875 0.426666259765625 -0.145111083984375 -0.311553955078125
0.051666259765625 0.50885009765625 -0.023040771484375 -0.46533203125
-0.00183105468750002 0.6195068359375 -0.137802124023438 -0.0244369506835937
0.074310302734375 0.5582275390625 -0.0846023559570313 -0.0430221557617187
0.30572509765625 0.54888916015625 -0.0419082641601562 0.0302658081054688
0.4327392578125 0.28143310546875 -0.0202789306640625 0.0374870300292969
0.475616455078125 0.08331298828125 0.03643798828125 0.0831451416015625
0.38592529296875 -0.180450439453125 0.0667724609375 -0.000465393066406261
0.26629638671875 -0.31744384765625 0.0430908203125 -0.03912353515625
0.2763671875 -0.310302734375 0.0114583969116211 -0.0159711837768555
0.22882080078125 -0.3748779296875 0.00882339477539064 -0.0429840087890625
0.283843994140625 -0.285614013671875 -0.0145835876464844 -0.00810432434082033
0.409423828125 -0.182830810546875 -0.0404167175292969 0.0465545654296875
0.47711181640625 -0.01629638671875 -0.100624084472656 -0.0132980346679688
0.4273681640625 0.34356689453125 -0.1436767578125 -0.111190795898437
0.31207275390625 0.466705322265625 -0.104049682617187 -0.212646484375
0.1072998046875 0.58740234375 -0.01483154296875 -0.28631591796875
0.044921875 0.59527587890625 -0.138153076171875 0.178131103515625
0.11053466796875 0.53900146484375 -0.057098388671875 0.0884933471679688
0.316070556640625 0.5147705078125 -0.0431900024414062 0.0638504028320313
0.4249267578125 0.268341064453125 -0.0662765502929687 0.0537033081054688
0.463897705078125 0.091400146484375 -0.0559844970703125 0.100112915039062
0.392486572265625 -0.1636962890625 -0.0511932373046875 0.0720977783203125
0.273590087890625 -0.2996826171875 -0.0485382080078125 0.0966644287109375
0.277069091796875 -0.294219970703125 -0.0530319213867187 0.121665954589844
0.23590087890625 -0.3582763671875 -0.0488967895507813 0.0940170288085937
0.28216552734375 -0.269927978515625 -0.0808868408203125 0.0997695922851562
0.4007568359375 -0.16973876953125 -0.0797729492187499 0.116249084472656
0.456329345703125 -0.0167236328125 -0.114486694335937 0.0413284301757813
0.414306640625 0.32159423828125 -0.121711730957031 -0.0519027709960937
0.313201904296875 0.43890380859375 -0.02935791015625 -0.0999832153320312
0.1336669921875 0.57366943359375 0.0171279907226563 -0.0823669433593749
0.092559814453125 0.4749755859375 -0.12060546875 0.37164306640625
0.141632080078125 0.42022705078125 -0.0233612060546875 0.219863891601563
0.278289794921875 0.37701416015625 -0.0369720458984375 0.104598999023438
0.3389892578125 0.18841552734375 -0.095428466796875 0.0786209106445313
0.365081787109375 0.068115234375 -0.129440307617187 0.111106872558594
0.321197509765625 -0.13067626953125 -0.15325927734375 0.139663696289062
0.230392456054688 -0.237411499023438 -0.1279296875 0.220077514648437
0.2349853515625 -0.233474731445313 -0.107406616210938 0.241378784179687
0.211746215820313 -0.280502319335938 -0.101776123046875 0.216018676757812
0.244735717773438 -0.197433471679688 -0.139968872070313 0.186126708984375
0.331512451171875 -0.10552978515625 -0.116531372070313 0.158966064453125
0.35272216796875 0.01629638671875 -0.119667053222656 0.0768890380859375
0.304779052734375 0.26806640625 -0.0866851806640625 -0.00501251220703122
0.2412109375 0.346527099609375 0.0489654541015625 0.00910949707031252
0.126708984375 0.466949462890625 0.0562820434570313 0.113288879394531
0.11785888671875 0.281524658203125 -0.0828247070312499 0.5238037109375
0.141220092773438 0.236984252929688 0.01995849609375 0.328887939453125
0.185714721679688 0.181488037109375 -0.0168914794921875 0.142974853515625
0.195480346679687 0.084930419921875 -0.0924148559570313 0.105415344238281
0.206558227539062 0.03515625 -0.163665771484375 0.114166259765625
0.198150634765625 -0.078277587890625 -0.21539306640625 0.191680908203125
0.149612426757813 -0.138885498046875 -0.176971435546875 0.312591552734375
0.1575927734375 -0.135116577148438 -0.14501953125 0.324005126953125
0.159591674804688 -0.159194946289063 -0.148773193359375 0.300750732421875
0.173934936523438 -0.093017578125 -0.192901611328125 0.230545043945312
0.213150024414063 -0.0196685791015625 -0.15216064453125 0.1591796875
0.193878173828125 0.0525665283203125 -0.121482849121094 0.082550048828125
0.145309448242188 0.173934936523438 -0.0525779724121094 0.0245246887207031
0.1318359375 0.200180053710938 0.102890014648438 0.0991134643554688
0.0986328125 0.28887939453125 0.086151123046875 0.268722534179688
0.11181640625 0.0476150512695313 -0.03204345703125 0.615478515625
0.102867126464844 0.03369140625 0.071685791015625 0.3997802734375
0.057464599609375 -0.00958251953125 0.0218658447265625 0.169677734375
0.0302200317382812 -0.004425048828125 -0.0586776733398438 0.122787475585937
0.0315723419189453 0.0127353668212891 -0.158645629882813 0.10675048828125
0.0553245544433594 -0.00711822509765625 -0.226821899414063 0.218338012695313
0.0520744323730469 -0.0156707763671875 -0.188934326171875 0.35809326171875
0.0569114685058594 -0.0166473388671875 -0.1611328125 0.3580322265625
0.0792617797851563 -0.0198593139648438 -0.185089111328125 0.334320068359375
0.0731124877929688 0.0113067626953125 -0.232162475585937 0.227996826171875
0.0634918212890625 0.0461921691894531 -0.179061889648438 0.121734619140625
0.01666259765625 0.0536003112792969 -0.119606018066406 0.0628433227539063
-0.00787162780761719 0.0350379943847656 -0.0254287719726562 0.0387611389160156
0.0318851470947266 0.016998291015625 0.124435424804688 0.160888671875
0.07110595703125 0.06573486328125 0.09967041015625 0.361114501953125
-0.068115234375 0.196014404296875 -0.157989501953125 -0.384490966796875
0.0142364501953125 0.174835205078125 -0.164825439453125 -0.216064453125
0.125831604003906 0.136383056640625 -0.0102472305297851 -0.0139408111572266
0.147018432617188 0.0190582275390625 0.0950927734375 -0.015350341796875
0.117912292480469 -0.0654525756835938 0.203094482421875 -0.041290283203125
0.03533935546875 -0.0972061157226563 0.246124267578125 -0.193222045898438
0.0146560668945313 -0.109642028808594 0.186187744140625 -0.347198486328125
0.0447998046875 -0.100440979003906 0.151336669921875 -0.347259521484375
0.0291748046875 -0.107559204101562 0.16400146484375 -0.34552001953125
0.0709075927734375 -0.0807342529296875 0.192581176757812 -0.239974975585937
0.112129211425781 -0.0465316772460938 0.110740661621094 -0.12677001953125
0.148666381835938 0.029266357421875 0.017486572265625 -0.137092590332031
0.08837890625 0.141983032226563 -0.058197021484375 -0.22589111328125
0.0236968994140625 0.161819458007813 -0.127166748046875 -0.398101806640625
-0.06036376953125 0.143341064453125 0.01519775390625 -0.6640625
-0.036102294921875 0.403167724609375 -0.1513671875 -0.331298828125
0.04681396484375 0.349456787109375 -0.146347045898437 -0.206924438476562
0.2225341796875 0.313140869140625 -0.0234413146972656 -0.00852203369140624
0.28338623046875 0.114471435546875 0.0662040710449219 0.00723648071289063
0.279281616210938 -0.030059814453125 0.18096923828125 0.0092926025390625
0.174667358398438 -0.159820556640625 0.229156494140625 -0.143569946289063
0.112106323242187 -0.224151611328125 0.1680908203125 -0.282073974609375
0.144058227539063 -0.21337890625 0.121429443359375 -0.273513793945313
0.115463256835938 -0.240264892578125 0.120697021484375 -0.285308837890625
0.173507690429688 -0.1746826171875 0.132156372070313 -0.195785522460938
0.250411987304688 -0.101348876953125 0.0608062744140625 -0.0872344970703125
0.30206298828125 0.024658203125 -0.0334243774414062 -0.112899780273438
0.236663818359375 0.254776000976563 -0.11309814453125 -0.20941162109375
0.144439697265625 0.31829833984375 -0.163360595703125 -0.375518798828125
0.00671386718750002 0.359954833984375 -0.02655029296875 -0.60345458984375
-0.00546264648437497 0.558074951171875 -0.144668579101563 -0.206588745117187
0.070526123046875 0.4915771484375 -0.118728637695313 -0.148757934570312
0.2919921875 0.46514892578125 -0.0302982330322265 0.00343704223632815
0.3907470703125 0.21087646484375 0.0284957885742188 0.0223369598388672
0.412506103515625 0.020965576171875 0.126564025878906 0.0494918823242188
0.30194091796875 -0.19085693359375 0.167526245117188 -0.0795440673828125
0.199493408203125 -0.300537109375 0.11883544921875 -0.176406860351563
0.2227783203125 -0.293487548828125 0.073272705078125 -0.158035278320313
0.17803955078125 -0.343017578125 0.0652313232421875 -0.179885864257813
0.242477416992188 -0.25738525390625 0.0597991943359375 -0.11492919921875
0.354095458984375 -0.16546630859375 0.0104904174804688 -0.026580810546875
0.424652099609375 -0.00970458984375 -0.0755615234375 -0.0676040649414063
0.375396728515625 0.316741943359375 -0.147674560546875 -0.1644287109375
0.261016845703125 0.42169189453125 -0.161834716796875 -0.30743408203125
0.08154296875 0.5208740234375 -0.0417785644531249 -0.47003173828125
0.0318603515625 0.63397216796875 -0.139350891113281 -0.0261459350585937
0.10076904296875 0.5662841796875 -0.087127685546875 -0.0440444946289062
0.34271240234375 0.541961669921875 -0.0321846008300781 0.0264167785644532
0.453826904296875 0.2652587890625 -0.0160579681396484 0.0346908569335938
0.489471435546875 0.060150146484375 0.043701171875 0.0791778564453125
0.384033203125 -0.198089599609375 0.0677947998046875 -0.00555419921875001
0.255035400390625 -0.333251953125 0.042755126953125 -0.0437469482421875
0.26690673828125 -0.330047607421875 0.0151252746582031 -0.0183506011962891
0.213836669921875 -0.391693115234375 0.00860977172851564 -0.0456962585449219
0.276641845703125 -0.301483154296875 -0.0102319717407226 -0.00813102722167971
0.40765380859375 -0.205780029296875 -0.0323371887207031 0.0487861633300781
0.487762451171875 -0.041656494140625 -0.100837707519531 -0.00944519042968752
0.454254150390625 0.330780029296875 -0.150131225585937 -0.104522705078125
0.33740234375 0.460784912109375 -0.113555908203125 -0.208770751953125
0.14056396484375 0.60003662109375 -0.02386474609375 -0.286773681640625
0.0755615234375 0.6094970703125 -0.128311157226563 0.181961059570313
0.137908935546875 0.546295166015625 -0.0514373779296875 0.0890884399414063
0.351776123046875 0.511749267578125 -0.0306549072265625 0.0613899230957032
0.4473876953125 0.253509521484375 -0.0611495971679687 0.0527534484863281
0.48138427734375 0.0689697265625 -0.0501174926757812 0.101203918457031
0.393218994140625 -0.18414306640625 -0.0500106811523437 0.074432373046875
0.265045166015625 -0.315643310546875 -0.0433349609375 0.099609375
0.2698974609375 -0.314605712890625 -0.043121337890625 0.124465942382813
0.22186279296875 -0.375885009765625 -0.0435943603515625 0.0973892211914062
0.27362060546875 -0.285919189453125 -0.0731735229492187 0.105270385742187
0.401123046875 -0.19287109375 -0.0693817138671875 0.120414733886719
0.46728515625 -0.0386962890625 -0.111412048339844 0.0465240478515625
0.437744140625 0.310882568359375 -0.124908447265625 -0.0452499389648437
0.336029052734375 0.432708740234375 -0.0316238403320312 -0.097900390625
0.16534423828125 0.5843505859375 0.0191650390625 -0.0796127319335937
0.1138916015625 0.48651123046875 -0.101104736328125 0.38018798828125
0.1632080078125 0.4261474609375 -0.00846862792968749 0.2225341796875
0.304718017578125 0.37261962890625 -0.0234146118164062 0.102485656738281
0.3560791015625 0.177642822265625 -0.0892791748046875 0.0791244506835938
0.37896728515625 0.05224609375 -0.125106811523437 0.116607666015625
0.323638916015625 -0.148193359375 -0.151611328125 0.148590087890625
0.224258422851563 -0.251846313476563 -0.117965698242187 0.229843139648437
0.231277465820312 -0.2510986328125 -0.0933837890625 0.249954223632812
0.203460693359375 -0.297027587890625 -0.09112548828125 0.224960327148437
0.240966796875 -0.211151123046875 -0.13079833984375 0.19677734375
0.333251953125 -0.123626708984375 -0.106475830078125 0.165023803710938
0.36297607421875 0.000244140625 -0.114593505859375 0.0822601318359375
0.326263427734375 0.262786865234375 -0.0871353149414063 0.000366210937500016
0.25946044921875 0.34576416015625 0.0533485412597656 0.0083122253417969
0.152374267578125 0.4766845703125 0.0687103271484375 0.117645263671875
0.12969970703125 0.2872314453125 -0.055755615234375 0.535980224609375
0.15386962890625 0.238906860351563 0.040557861328125 0.332275390625
0.199249267578125 0.179046630859375 -0.00369262695312498 0.1405029296875
0.204757690429688 0.078765869140625 -0.08544921875 0.106834411621094
0.216522216796875 0.0261993408203125 -0.161209106445313 0.1219482421875
0.201675415039063 -0.088623046875 -0.212295532226563 0.204986572265625
0.148361206054688 -0.14874267578125 -0.163604736328125 0.3271484375
0.15753173828125 -0.147674560546875 -0.12908935546875 0.336822509765625
0.157958984375 -0.172088623046875 -0.134552001953125 0.314666748046875
0.175262451171875 -0.1024169921875 -0.18359375 0.244354248046875
0.217269897460938 -0.0310211181640625 -0.144607543945313 0.166885375976563
0.203506469726563 0.0449676513671875 -0.116279602050781 0.088958740234375
0.15911865234375 0.17523193359375 -0.0511093139648438 0.0283393859863281
0.142166137695313 0.201980590820313 0.112480163574219 0.0969161987304688
0.1131591796875 0.295867919921875 0.105804443359375 0.275115966796875
0.110481262207031 0.04754638671875 0.000549316406250026 0.62652587890625
0.103935241699219 0.032257080078125 0.09613037109375 0.4024658203125
0.0571861267089844 -0.00960159301757813 0.0338897705078125 0.1671142578125
0.0316505432128906 -0.00392341613769531 -0.0513763427734375 0.123512268066406
0.0356330871582031 0.0131912231445313 -0.15777587890625 0.115386962890625
0.0604400634765625 -0.0103874206542969 -0.22369384765625 0.233291625976562
0.0541915893554688 -0.0200614929199219 -0.174346923828125 0.3748779296875
0.05963134765625 -0.0220298767089844 -0.145599365234375 0.372467041015625
0.0833816528320313 -0.0274581909179688 -0.1695556640625 0.3514404296875
0.0781784057617188 0.0055999755859375 -0.225494384765625 0.244873046875
0.0699424743652344 0.0426406860351562 -0.175186157226563 0.130569458007812
0.0239372253417969 0.0545539855957031 -0.115760803222656 0.070159912109375
-0.0032806396484375 0.0416450500488281 -0.0226898193359375 0.0413856506347656
0.0330123901367188 0.0218353271484375 0.136825561523438 0.159072875976563
0.0722122192382813 0.0699310302734375 0.12286376953125 0.368865966796875
-0.0513763427734375 0.197525024414063 -0.188018798828125 -0.381439208984375
0.025146484375 0.171585083007813 -0.1827392578125 -0.20709228515625
0.133888244628906 0.125991821289063 -0.010859489440918 -0.0154285430908203
0.145675659179687 0.009796142578125 0.0923843383789063 -0.02227783203125
0.109687805175781 -0.0730361938476562 0.200393676757813 -0.05584716796875
0.0261001586914063 -0.094940185546875 0.236038208007813 -0.210494995117188
0.00643157958984375 -0.106536865234375 0.161956787109375 -0.3619384765625
0.0369033813476563 -0.102394104003906 0.1278076171875 -0.360809326171875
0.0187530517578125 -0.107185363769531 0.14111328125 -0.3624267578125
0.0639266967773438 -0.085296630859375 0.181167602539063 -0.256973266601563
0.108802795410156 -0.0550003051757813 0.106010437011719 -0.133384704589844
0.151870727539063 0.0170440673828125 0.00713348388671875 -0.137199401855469
0.0994110107421875 0.13385009765625 -0.0753326416015625 -0.220657348632813
0.0360565185546875 0.1571044921875 -0.15667724609375 -0.3885498046875
-0.045623779296875 0.147308349609375 -0.03143310546875 -0.667724609375
-0.00463867187499999 0.405242919921875 -0.177154541015625 -0.32952880859375
0.068511962890625 0.34600830078125 -0.16314697265625 -0.19989013671875
0.2437744140625 0.297576904296875 -0.021463394165039 -0.011199951171875
0.289031982421875 0.096710205078125 0.0657196044921875 0.000907897949218756
0.274871826171875 -0.049468994140625 0.182174682617188 -0.003997802734375
0.161819458007813 -0.167205810546875 0.2213134765625 -0.159759521484375
0.09613037109375 -0.227432250976562 0.149688720703125 -0.296173095703125
0.1292724609375 -0.22393798828125 0.103790283203125 -0.2857666015625
0.0963287353515625 -0.246917724609375 0.10137939453125 -0.297943115234375
0.161575317382813 -0.186309814453125 0.12347412109375 -0.20758056640625
0.243438720703125 -0.119003295898438 0.0601119995117188 -0.0909347534179688
0.307098388671875 0.001953125 -0.041168212890625 -0.109619140625
0.258148193359375 0.239334106445312 -0.128707885742188 -0.200653076171875
0.16619873046875 0.30804443359375 -0.189544677734375 -0.363983154296875
0.03607177734375 0.36285400390625 -0.06671142578125 -0.60260009765625
0.037384033203125 0.561492919921875 -0.160842895507813 -0.205825805664062
0.10260009765625 0.488128662109375 -0.130722045898437 -0.144760131835937
0.327178955078125 0.444549560546875 -0.0250663757324219 -0.00115013122558591
0.405548095703125 0.186920166015625 0.0307331085205078 0.0171489715576172
0.414886474609375 -0.008148193359375 0.131088256835938 0.0381240844726563
0.28875732421875 -0.20892333984375 0.16290283203125 -0.0929107666015625
0.1793212890625 -0.31182861328125 0.108291625976563 -0.187408447265625
0.202911376953125 -0.311126708984375 0.0652618408203125 -0.166458129882813
0.152496337890625 -0.3551025390625 0.0536346435546875 -0.18798828125
0.2264404296875 -0.27337646484375 0.0563201904296875 -0.121124267578125
0.344146728515625 -0.18988037109375 0.0145797729492188 -0.0278873443603516
0.427886962890625 -0.040496826171875 -0.0787506103515625 -0.062713623046875
0.400634765625 0.29248046875 -0.159271240234375 -0.152511596679687
0.291107177734375 0.40478515625 -0.181915283203125 -0.2955322265625
0.123626708984375 0.520965576171875 -0.072357177734375 -0.468109130859375
0.07757568359375 0.63671875 -0.141403198242188 -0.0240478515625
0.139892578125 0.56439208984375 -0.0907821655273437 -0.0418548583984375
0.3836669921875 0.5208740234375 -0.0230064392089844 0.0209903717041016
0.473388671875 0.23602294921875 -0.012094497680664 0.0309162139892578
0.497802734375 0.024810791015625 0.0507125854492188 0.07342529296875
0.37213134765625 -0.223663330078125 0.0664024353027344 -0.0116729736328125
0.233428955078125 -0.348724365234375 0.0408859252929688 -0.0482139587402344
0.247161865234375 -0.3509521484375 0.01763916015625 -0.0223045349121094
0.185882568359375 -0.407928466796875 0.00663757324218751 -0.0477104187011719
0.25689697265625 -0.31927490234375 -0.00683212280273436 -0.00817060470581056
0.39495849609375 -0.233428955078125 -0.0237884521484375 0.0491485595703125
0.488525390625 -0.07525634765625 -0.0997695922851562 -0.00299072265624999
0.48345947265625 0.30352783203125 -0.156784057617187 -0.091949462890625
0.36871337890625 0.439910888671875 -0.125289916992187 -0.199752807617187
0.187744140625 0.5986328125 -0.03948974609375 -0.282867431640625
0.11859130859375 0.6121826171875 -0.115234375 0.185333251953125
0.174896240234375 0.54473876953125 -0.04388427734375 0.0894317626953125
0.393096923828125 0.490203857421875 -0.0188217163085937 0.055389404296875
0.4669189453125 0.225616455078125 -0.0551376342773437 0.0521125793457031
0.49102783203125 0.033935546875 -0.0413818359375 0.101814270019531
0.38250732421875 -0.2109375 -0.046661376953125 0.076568603515625
0.245269775390625 -0.333282470703125 -0.0354385375976562 0.101791381835937
0.251861572265625 -0.33721923828125 -0.0309295654296875 0.126609802246094
0.196502685546875 -0.39483642578125 -0.0349884033203125 0.101539611816406
0.257476806640625 -0.30340576171875 -0.0624618530273437 0.110397338867187
0.388031005859375 -0.22021484375 -0.0571136474609375 0.123420715332031
0.468231201171875 -0.072509765625 -0.106346130371094 0.0531082153320313
0.465576171875 0.285400390625 -0.126655578613281 -0.0345001220703125
0.36566162109375 0.4146728515625 -0.03509521484375 -0.095062255859375
0.2099609375 0.58270263671875 0.0192184448242188 -0.0774154663085937
0.1484375 0.487884521484375 -0.072235107421875 0.384521484375
0.192962646484375 0.423004150390625 0.00888061523437504 0.221405029296875
0.33624267578125 0.356658935546875 -0.00961303710937497 0.0962982177734375
0.3719482421875 0.15631103515625 -0.08111572265625 0.0807571411132813
0.389801025390625 0.024383544921875 -0.1163330078125 0.122772216796875
0.3189697265625 -0.17138671875 -0.14434814453125 0.15911865234375
0.210357666015625 -0.267562866210938 -0.101333618164063 0.23919677734375
0.2171630859375 -0.271102905273437 -0.0720977783203125 0.2554931640625
0.18450927734375 -0.314422607421875 -0.0735015869140625 0.233367919921875
0.230026245117187 -0.227706909179687 -0.115371704101562 0.206939697265625
0.327239990234375 -0.146759033203125 -0.092498779296875 0.17022705078125
0.3670654296875 -0.024993896484375 -0.107009887695312 0.08953857421875
0.3499755859375 0.244720458984375 -0.0853958129882812 0.00830078125000002
0.28314208984375 0.3321533203125 0.0570106506347656 0.0053672790527344
0.187164306640625 0.475128173828125 0.08331298828125 0.117210388183594
0.148193359375 0.285614013671875 -0.0159606933593749 0.540069580078125
0.1700439453125 0.233566284179688 0.067352294921875 0.328948974609375
0.214080810546875 0.169479370117187 0.0111770629882813 0.135368347167969
0.21221923828125 0.0672760009765625 -0.076385498046875 0.108474731445313
0.223907470703125 0.0115966796875 -0.153411865234375 0.131622314453125
0.201171875 -0.103317260742188 -0.202011108398438 0.22039794921875
0.140731811523438 -0.160858154296875 -0.14129638671875 0.34161376953125
0.15032958984375 -0.161972045898438 -0.1029052734375 0.34625244140625
0.148529052734375 -0.187042236328125 -0.111053466796875 0.326690673828125
0.171707153320313 -0.11553955078125 -0.166091918945313 0.258941650390625
0.21759033203125 -0.0467376708984375 -0.131072998046875 0.17474365234375
0.210525512695313 0.031219482421875 -0.108818054199219 0.0962371826171875
0.175247192382813 0.169403076171875 -0.0476913452148437 0.0334587097167969
0.154861450195313 0.19793701171875 0.122978210449219 0.0906448364257813
0.133941650390625 0.296539306640625 0.130813598632813 0.272705078125
0.110862731933594 0.0448379516601563 0.0457763671875 0.6270751953125
0.105308532714844 0.0272903442382813 0.128753662109375 0.39520263671875
0.0557899475097656 -0.0108451843261719 0.0477752685546875 0.16021728515625
0.0320320129394531 -0.00468254089355469 -0.0419998168945313 0.122589111328125
0.0397529602050781 0.0125007629394531 -0.152008056640625 0.125015258789063
0.0640373229980469 -0.015380859375 -0.2117919921875 0.250946044921875
0.0559616088867187 -0.025238037109375 -0.1485595703125 0.390533447265625
0.0610237121582031 -0.0284957885742188 -0.117767333984375 0.384368896484375
0.0847702026367188 -0.0375823974609375 -0.14312744140625 0.366729736328125
0.0812835693359375 -0.0012664794921875 -0.209182739257813 0.262344360351563
0.0753555297851563 0.0368118286132813 -0.166366577148438 0.141616821289063
0.0309982299804687 0.0533714294433594 -0.108596801757813 0.0774765014648437
0.00325393676757813 0.0458145141601563 -0.018218994140625 0.0445671081542969
0.0345802307128906 0.0250091552734375 0.150390625 0.15087890625
0.0759048461914063 0.07037353515625 0.1533203125 0.366180419921875
-0.033477783203125 0.192520141601563 -0.213592529296875 -0.363922119140625
0.0352630615234375 0.163421630859375 -0.194686889648437 -0.190109252929687
0.137779235839844 0.112167358398438 -0.0113191604614258 -0.0162487030029297
0.139968872070313 -0.00011444091796875 0.0863265991210938 -0.0283584594726563
0.097869873046875 -0.0777206420898437 0.190826416015625 -0.0678863525390625
0.016754150390625 -0.0895233154296875 0.217941284179687 -0.22149658203125
-0.000648498535156245 -0.100776672363281 0.1329345703125 -0.365325927734375
0.027618408203125 -0.101203918457031 0.0986328125 -0.362640380859375
0.00896453857421875 -0.102989196777344 0.11029052734375 -0.366302490234375
0.0552978515625 -0.0867691040039062 0.161651611328125 -0.266799926757813
0.101005554199219 -0.0615768432617187 0.0978012084960937 -0.136505126953125
0.149658203125 0.00347900390625 -0.00296783447265624 -0.13262939453125
0.106689453125 0.1219482421875 -0.090118408203125 -0.207901000976563
0.0468902587890625 0.148193359375 -0.1807861328125 -0.3660888671875
-0.02996826171875 0.14617919921875 -0.0787353515625 -0.6478271484375
0.027557373046875 0.39361572265625 -0.1986083984375 -0.31488037109375
0.088897705078125 0.3309326171875 -0.17474365234375 -0.18572998046875
0.258392333984375 0.271087646484375 -0.0193691253662109 -0.0144386291503906
0.286590576171875 0.074310302734375 0.0633010864257813 -0.00527191162109375
0.2615966796875 -0.068023681640625 0.177154541015625 -0.0179595947265625
0.145492553710938 -0.169921875 0.206329345703125 -0.17144775390625
0.078826904296875 -0.225296020507813 0.125762939453125 -0.301513671875
0.110061645507813 -0.226974487304687 0.082763671875 -0.288360595703125
0.0746917724609375 -0.245101928710938 0.078033447265625 -0.300018310546875
0.144149780273438 -0.191619873046875 0.109832763671875 -0.21435546875
0.229293823242188 -0.133377075195313 0.05657958984375 -0.0932159423828125
0.300506591796875 -0.02154541015625 -0.0475082397460937 -0.103256225585938
0.270217895507812 0.216079711914062 -0.139663696289062 -0.183807373046875
0.183319091796875 0.28741455078125 -0.2099609375 -0.339935302734375
0.065460205078125 0.3529052734375 -0.1068115234375 -0.58154296875
0.078521728515625 0.546234130859375 -0.17352294921875 -0.19537353515625
0.13336181640625 0.468719482421875 -0.139152526855469 -0.1341552734375
0.352386474609375 0.40869140625 -0.0203418731689453 -0.00666809082031248
0.406524658203125 0.153900146484375 0.0306720733642578 0.0107612609863281
0.403106689453125 -0.038055419921875 0.130950927734375 0.0257492065429687
0.266876220703125 -0.220123291015625 0.152435302734375 -0.10260009765625
0.154296875 -0.313140869140625 0.0922088623046875 -0.19219970703125
0.17681884765625 -0.318450927734375 0.0540924072265625 -0.169815063476563
0.122344970703125 -0.35504150390625 0.03961181640625 -0.188949584960938
0.20220947265625 -0.281341552734375 0.0505218505859375 -0.125007629394531
0.321746826171875 -0.209747314453125 0.0170707702636719 -0.0291576385498047
0.4163818359375 -0.071044921875 -0.0800094604492188 -0.0555038452148438
0.41644287109375 0.258819580078125 -0.164398193359375 -0.135208129882813
0.311798095703125 0.375335693359375 -0.196792602539062 -0.274154663085938
0.160888671875 0.5035400390625 -0.100341796875 -0.449554443359375
0.12542724609375 0.618408203125 -0.1409912109375 -0.0196380615234375
0.174652099609375 0.542938232421875 -0.0922317504882812 -0.0376663208007812
0.413848876953125 0.480010986328125 -0.0163784027099609 0.0132083892822266
0.47894287109375 0.1993408203125 -0.00902938842773434 0.0265293121337891
0.488372802734375 -0.012115478515625 0.0555686950683594 0.0642318725585938
0.34857177734375 -0.242156982421875 0.0631599426269532 -0.0167617797851563
0.205322265625 -0.354461669921875 0.0368003845214844 -0.0519065856933594
0.216522216796875 -0.362701416015625 0.0181407928466797 -0.0252418518066406
0.150787353515625 -0.41033935546875 0.00529098510742189 -0.0476417541503907
0.230133056640625 -0.328582763671875 -0.00350093841552733 -0.00907135009765627
0.368865966796875 -0.253997802734375 -0.0153045654296875 0.0479583740234375
0.47357177734375 -0.10955810546875 -0.0960464477539062 0.00335693359374998
0.4967041015625 0.265228271484375 -0.15625 -0.075958251953125
0.389495849609375 0.40570068359375 -0.13348388671875 -0.185272216796875
0.22821044921875 0.576171875 -0.0537261962890625 -0.270675659179687
0.16265869140625 0.5924072265625 -0.0992889404296875 0.184051513671875
0.209503173828125 0.521087646484375 -0.036102294921875 0.0878753662109375
0.42333984375 0.450653076171875 -0.0096473693847656 0.0463752746582032
0.4735107421875 0.18853759765625 -0.0485992431640625 0.0493354797363281
0.48553466796875 -0.003387451171875 -0.0317459106445312 0.0988311767578125
0.3621826171875 -0.233367919921875 -0.0424270629882812 0.077972412109375
0.216461181640625 -0.341217041015625 -0.026824951171875 0.101242065429687
0.223846435546875 -0.349822998046875 -0.0180587768554687 0.122657775878906
0.16448974609375 -0.398468017578125 -0.0240859985351562 0.101715087890625
0.232635498046875 -0.313873291015625 -0.0502853393554687 0.111770629882813
0.364471435546875 -0.24224853515625 -0.0435104370117188 0.121971130371094
0.454010009765625 -0.104766845703125 -0.0981369018554687 0.0586090087890625
0.47821044921875 0.249298095703125 -0.122734069824219 -0.0228042602539062
0.383880615234375 0.382049560546875 -0.0373916625976562 -0.0890655517578125
0.248321533203125 0.560302734375 0.0194015502929688 -0.0741195678710937
0.1793212890625 0.471282958984375 -0.042205810546875 0.376190185546875
0.215789794921875 0.40252685546875 0.0262908935546875 0.213455200195313
0.355743408203125 0.32611083984375 0.00123596191406252 0.087005615234375
0.376373291015625 0.127960205078125 -0.072296142578125 0.0790023803710938
0.38531494140625 -0.004638671875 -0.104324340820312 0.125114440917969
0.30194091796875 -0.18975830078125 -0.13262939453125 0.165756225585938
0.188507080078125 -0.276565551757813 -0.081024169921875 0.240814208984375
0.195404052734375 -0.2828369140625 -0.0498504638671875 0.252334594726563
0.1590576171875 -0.32122802734375 -0.0518798828125 0.233230590820312
0.211013793945313 -0.237442016601563 -0.0951690673828125 0.210250854492187
0.309173583984375 -0.16522216796875 -0.075653076171875 0.169601440429688
0.3582763671875 -0.050201416015625 -0.0957794189453125 0.0931243896484375
0.361724853515625 0.218719482421875 -0.0798416137695312 0.0158843994140625
0.298095703125 0.307952880859375 0.0596504211425781 0.00136947631835939
0.218353271484375 0.457122802734375 0.0957260131835938 0.111442565917969
0.16302490234375 0.274185180664063 0.025146484375 0.524688720703125
0.18115234375 0.219985961914063 0.090576171875 0.314178466796875
0.2222900390625 0.152725219726563 0.022705078125 0.125129699707031
0.213287353515625 0.0526885986328125 -0.0658493041992187 0.106407165527344
0.222824096679688 -0.004302978515625 -0.140640258789062 0.136886596679688
0.192459106445313 -0.116500854492188 -0.18505859375 0.2313232421875
0.1287841796875 -0.167495727539063 -0.112579345703125 0.344146728515625
0.137588500976563 -0.1712646484375 -0.072998046875 0.343597412109375
0.132888793945313 -0.196304321289063 -0.0811767578125 0.327484130859375
0.1619873046875 -0.1251220703125 -0.141891479492188 0.2652587890625
0.210113525390625 -0.0605621337890625 -0.114578247070312 0.17724609375
0.209991455078125 0.0150299072265625 -0.0968704223632813 0.100303649902344
0.187164306640625 0.15594482421875 -0.041717529296875 0.036956787109375
0.164657592773438 0.186843872070313 0.1290283203125 0.0796356201171875
0.152069091796875 0.285888671875 0.152664184570313 0.259658813476563
0.109031677246094 0.0409088134765625 0.0908813476562499 0.60675048828125
0.103462219238281 0.0217514038085938 0.155670166015625 0.374847412109375
0.0526237487792969 -0.0112457275390625 0.0577545166015625 0.149093627929688
0.0312786102294922 -0.00524520874023438 -0.0320281982421875 0.119621276855469
0.0429229736328125 0.0111846923828125 -0.140670776367188 0.13134765625
0.0644187927246094 -0.0213890075683594 -0.192962646484375 0.261489868164063
0.0546531677246094 -0.0303077697753906 -0.11724853515625 0.393707275390625
0.0596351623535156 -0.034576416015625 -0.086181640625 0.382720947265625
0.081939697265625 -0.0467681884765625 -0.11065673828125 0.36907958984375
0.0817184448242188 -0.00885772705078125 -0.185012817382812 0.272232055664063
0.0775222778320313 0.0295486450195313 -0.152755737304688 0.147750854492188
0.03717041015625 0.0493316650390625 -0.0985946655273438 0.0830078125
0.0108833312988281 0.0470771789550781 -0.0135040283203125 0.0456619262695313
0.0361175537109375 0.0267295837402344 0.15966796875 0.137481689453125
0.0786285400390625 0.0692062377929688 0.17974853515625 0.3497314453125
-0.02166748046875 0.183395385742188 -0.225738525390625 -0.343658447265625
0.0398101806640625 0.153411865234375 -0.197280883789063 -0.174423217773437
0.136314392089844 0.0999298095703125 -0.011383056640625 -0.0177440643310547
0.132301330566406 -0.00640106201171875 0.08001708984375 -0.0312423706054687
0.0865631103515625 -0.078033447265625 0.179718017578125 -0.0733184814453125
0.0111541748046875 -0.08245849609375 0.202346801757813 -0.223358154296875
-0.00439453125 -0.0938339233398437 0.110565185546875 -0.35919189453125
0.0213546752929688 -0.0974655151367188 0.077117919921875 -0.354339599609375
0.002410888671875 -0.096282958984375 0.08795166015625 -0.35955810546875
0.0480728149414063 -0.0853805541992188 0.145294189453125 -0.267501831054688
0.0936126708984375 -0.0641250610351563 0.0909271240234375 -0.134857177734375
0.144256591796875 -0.005584716796875 -0.00907897949218749 -0.125724792480469
0.108901977539063 0.111587524414062 -0.0970458984375 -0.1937255859375
0.0517654418945313 0.138053894042969 -0.19110107421875 -0.341766357421875
-0.018951416015625 0.140792846679687 -0.1065673828125 -0.616943359375
0.0465087890625 0.3743896484375 -0.208770751953125 -0.29736328125
0.0997314453125 0.31353759765625 -0.178054809570313 -0.171371459960937
0.260696411132813 0.246383666992188 -0.0182838439941406 -0.0181522369384765
0.27734375 0.05914306640625 0.0587387084960938 -0.00937271118164062
0.245269775390625 -0.0767822265625 0.168975830078125 -0.025726318359375
0.130828857421875 -0.165206909179688 0.1907958984375 -0.174789428710938
0.065948486328125 -0.2164306640625 0.106536865234375 -0.29742431640625
0.0950164794921875 -0.223159790039063 0.06561279296875 -0.2830810546875
0.058837890625 -0.2362060546875 0.06024169921875 -0.294525146484375
0.129806518554688 -0.190292358398438 0.0987701416015625 -0.214691162109375
0.214157104492188 -0.138671875 0.0541458129882813 -0.0915374755859375
0.288970947265625 -0.0367431640625 -0.0498886108398437 -0.09588623046875
0.272750854492188 0.19549560546875 -0.14129638671875 -0.16839599609375
0.18914794921875 0.267471313476563 -0.21673583984375 -0.31524658203125
0.082794189453125 0.337554931640625 -0.128387451171875 -0.55035400390625
0.103912353515625 0.52008056640625 -0.178390502929688 -0.184707641601562
0.148712158203125 0.446441650390625 -0.141433715820312 -0.12445068359375
0.35882568359375 0.37481689453125 -0.0177230834960937 -0.01300048828125
0.396881103515625 0.1298828125 0.0292701721191406 0.00603866577148438
0.38446044921875 -0.05615234375 0.127082824707031 0.0171737670898437
0.246002197265625 -0.22027587890625 0.142013549804688 -0.106033325195313
0.134918212890625 -0.3056640625 0.0794830322265625 -0.191070556640625
0.1552734375 -0.316253662109375 0.044769287109375 -0.168472290039063
0.099090576171875 -0.344482421875 0.030059814453125 -0.1851806640625
0.182373046875 -0.27886962890625 0.0459060668945313 -0.125205993652344
0.3001708984375 -0.21575927734375 0.0191669464111328 -0.0296707153320313
0.3984375 -0.089202880859375 -0.0788040161132812 -0.0490798950195313
0.41558837890625 0.230987548828125 -0.161422729492187 -0.120513916015625
0.31585693359375 0.34649658203125 -0.199386596679688 -0.2535400390625
0.18304443359375 0.479766845703125 -0.11419677734375 -0.4246826171875
0.1522216796875 0.59014892578125 -0.137954711914063 -0.0167083740234375
0.19244384765625 0.515472412109375 -0.09088134765625 -0.0334396362304687
0.423309326171875 0.440032958984375 -0.0121831893920898 0.00477600097656253
0.469940185546875 0.16973876953125 -0.00718498229980466 0.0216217041015625
0.467620849609375 -0.034912109375 0.0565071105957032 0.0566368103027344
0.323577880859375 -0.24664306640625 0.0583343505859375 -0.01904296875
0.182861328125 -0.348785400390625 0.0333671569824219 -0.0530204772949219
0.19281005859375 -0.361572265625 0.0178394317626953 -0.0279407501220703
0.125732421875 -0.39996337890625 0.00477218627929688 -0.0474128723144532
0.20684814453125 -0.325347900390625 -0.000520706176757799 -0.0105991363525391
0.34375 -0.26141357421875 -0.00891876220703123 0.0447311401367187
0.451080322265625 -0.128143310546875 -0.09100341796875 0.00714111328124999
0.49407958984375 0.234222412109375 -0.149887084960937 -0.064544677734375
0.3919677734375 0.37451171875 -0.134307861328125 -0.171096801757813
0.2520751953125 0.547821044921875 -0.0592041015625 -0.255264282226562
0.185546875 0.56573486328125 -0.0871124267578125 0.1778564453125
0.224517822265625 0.4949951171875 -0.0301055908203125 0.0842819213867188
0.42913818359375 0.4140625 -0.00408554077148435 0.0361213684082032
0.4652099609375 0.160369873046875 -0.0439491271972656 0.0450172424316406
0.467620849609375 -0.026947021484375 -0.02569580078125 0.0930252075195313
0.33782958984375 -0.2406005859375 -0.0391006469726562 0.0775375366210937
0.194854736328125 -0.338470458984375 -0.020599365234375 0.0978927612304688
0.2000732421875 -0.349609375 -0.00959014892578125 0.116104125976562
0.138397216796875 -0.391357421875 -0.0155105590820312 0.0977859497070312
0.21112060546875 -0.310272216796875 -0.0399627685546875 0.108863830566406
0.339324951171875 -0.248748779296875 -0.0329742431640625 0.116256713867187
0.431488037109375 -0.12158203125 -0.089813232421875 0.0595855712890625
0.475128173828125 0.219940185546875 -0.114784240722656 -0.0144805908203125
0.38568115234375 0.352508544921875 -0.0370635986328125 -0.0841598510742187
0.269256591796875 0.531982421875 0.0208969116210938 -0.0696220397949218
0.195556640625 0.447906494140625 -0.02227783203125 0.36151123046875
0.225738525390625 0.381195068359375 0.0361175537109375 0.202728271484375
0.35919189453125 0.29815673828125 0.00722503662109377 0.076568603515625
0.36920166015625 0.106597900390625 -0.0644912719726562 0.0744476318359375
0.373138427734375 -0.023773193359375 -0.0934371948242188 0.122169494628906
0.28411865234375 -0.19732666015625 -0.122283935546875 0.167160034179688
0.170394897460937 -0.274856567382813 -0.065460205078125 0.235824584960937
0.17523193359375 -0.284576416015625 -0.03448486328125 0.242446899414062
0.13861083984375 -0.318389892578125 -0.035430908203125 0.2259521484375
0.194107055664063 -0.23785400390625 -0.0794830322265625 0.2060546875
0.290191650390625 -0.172454833984375 -0.0631256103515625 0.164108276367187
0.3436279296875 -0.0655517578125 -0.085662841796875 0.092681884765625
0.362884521484375 0.1951904296875 -0.0724716186523437 0.0199737548828125
0.30023193359375 0.285888671875 0.0604362487792969 -0.00202941894531248
0.233154296875 0.4366455078125 0.102561950683594 0.104393005371094
0.169204711914063 0.26068115234375 0.049102783203125 0.501922607421875
0.183395385742188 0.2064208984375 0.103271484375 0.296539306640625
0.221817016601563 0.139007568359375 0.0277862548828125 0.113838195800781
0.208984375 0.0422821044921875 -0.058013916015625 0.101036071777344
0.217681884765625 -0.0147247314453125 -0.129356384277344 0.135711669921875
0.18231201171875 -0.122177124023438 -0.169662475585937 0.232315063476563
0.117385864257813 -0.168060302734375 -0.090728759765625 0.337158203125
0.12603759765625 -0.174392700195313 -0.05291748046875 0.331878662109375
0.119781494140625 -0.197265625 -0.058868408203125 0.317474365234375
0.1522216796875 -0.12860107421875 -0.122970581054688 0.262237548828125
0.20098876953125 -0.06842041015625 -0.101638793945312 0.173309326171875
0.20416259765625 0.0046844482421875 -0.0870132446289062 0.0997695922851563
0.190704345703125 0.143295288085937 -0.0360908508300781 0.0385360717773438
0.166961669921875 0.175979614257813 0.130027770996094 0.0699691772460938
0.160171508789063 0.273590087890625 0.163894653320313 0.244384765625
0.1048583984375 0.0383224487304688 0.11688232421875 0.57763671875
0.098907470703125 0.0177688598632813 0.168548583984375 0.3505859375
0.0493927001953125 -0.0101814270019531 0.0620498657226563 0.137733459472656
0.0304660797119141 -0.00514030456542969 -0.0249710083007812 0.112380981445312
0.0447196960449219 0.00962448120117188 -0.130340576171875 0.131172180175781
0.0638084411621094 -0.0255203247070313 -0.175872802734375 0.2618408203125
0.0528144836425781 -0.0331611633300781 -0.09271240234375 0.385467529296875
0.0575294494628906 -0.03802490234375 -0.063690185546875 0.371917724609375
0.077850341796875 -0.05255126953125 -0.0858154296875 0.35882568359375
0.0792617797851563 -0.013824462890625 -0.164840698242187 0.271957397460937
0.07757568359375 0.0241470336914063 -0.140274047851562 0.147750854492188
0.0400276184082031 0.0455970764160156 -0.0888595581054688 0.0837173461914062
0.016082763671875 0.0464363098144531 -0.00911331176757812 0.0454635620117188
0.0373077392578125 0.0280914306640625 0.161941528320313 0.12451171875
0.0786056518554688 0.067596435546875 0.192657470703125 0.32977294921875
-0.0154266357421875 0.175048828125 -0.228729248046875 -0.330169677734375
0.041046142578125 0.146163940429688 -0.1953125 -0.166046142578125
0.132621765136719 0.0921554565429688 -0.0114307403564453 -0.0206413269042969
0.125526428222656 -0.008575439453125 0.0747222900390625 -0.03173828125
0.0787353515625 -0.0758819580078125 0.17181396484375 -0.072601318359375
0.00839996337890625 -0.075592041015625 0.192520141601563 -0.22149658203125
-0.00578308105468751 -0.0883712768554688 0.0972900390625 -0.351715087890625
0.0173721313476562 -0.093475341796875 0.066162109375 -0.3463134765625
-0.000602722167968746 -0.0901870727539063 0.0751953125 -0.351470947265625
0.0435333251953125 -0.0828704833984375 0.136123657226563 -0.264724731445313
0.0884475708007813 -0.0646514892578125 0.0886001586914063 -0.132194519042969
0.139610290527344 -0.0103912353515625 -0.0117340087890625 -0.119659423828125
0.107864379882813 0.105018615722656 -0.0991058349609375 -0.183486938476562
0.0534133911132813 0.130844116210938 -0.19183349609375 -0.324798583984375
-0.0120315551757812 0.135086059570313 -0.11749267578125 -0.59210205078125
0.054840087890625 0.35980224609375 -0.21112060546875 -0.28668212890625
0.101226806640625 0.3009033203125 -0.177230834960938 -0.163436889648437
0.256759643554688 0.231094360351562 -0.0175857543945312 -0.0235481262207031
0.267684936523438 0.0518035888671875 0.0550460815429688 -0.0111541748046875
0.232330322265625 -0.079010009765625 0.162017822265625 -0.028106689453125
0.122406005859375 -0.158615112304688 0.1824951171875 -0.17401123046875
0.0603790283203125 -0.208892822265625 0.094696044921875 -0.292144775390625
0.0866241455078125 -0.218490600585938 0.056884765625 -0.277389526367188
0.05078125 -0.227859497070313 0.05096435546875 -0.28887939453125
0.1209716796875 -0.185867309570313 0.09295654296875 -0.212677001953125
0.204025268554687 -0.138824462890625 0.0546035766601563 -0.0905990600585938
0.279388427734375 -0.0430450439453125 -0.0499725341796875 -0.0912017822265625
0.26995849609375 0.183624267578125 -0.139846801757812 -0.158477783203125
0.188385009765625 0.253982543945313 -0.21514892578125 -0.2991943359375
0.091766357421875 0.325531005859375 -0.134307861328125 -0.528228759765625
0.113067626953125 0.499481201171875 -0.179153442382812 -0.17840576171875
0.150482177734375 0.429046630859375 -0.139389038085938 -0.118576049804687
0.354339599609375 0.3529052734375 -0.0170326232910156 -0.0200824737548828
0.385589599609375 0.11724853515625 0.0276298522949219 0.00253486633300782
0.36773681640625 -0.06329345703125 0.123184204101563 0.0126113891601562
0.232467651367188 -0.215301513671875 0.135360717773438 -0.105888366699219
0.124908447265625 -0.296966552734375 0.071929931640625 -0.188400268554688
0.143035888671875 -0.310943603515625 0.040283203125 -0.166473388671875
0.087860107421875 -0.334136962890625 0.0259857177734375 -0.1815185546875
0.170135498046875 -0.2724609375 0.0437088012695313 -0.124626159667969
0.28607177734375 -0.2152099609375 0.0219783782958985 -0.0308036804199219
0.38397216796875 -0.096038818359375 -0.0763397216796875 -0.0462265014648437
0.411102294921875 0.216033935546875 -0.155685424804688 -0.112060546875
0.311859130859375 0.329925537109375 -0.196533203125 -0.240081787109375
0.191802978515625 0.462738037109375 -0.115966796875 -0.405853271484375
0.16156005859375 0.5689697265625 -0.135238647460938 -0.0168075561523437
0.195068359375 0.49774169921875 -0.088897705078125 -0.0317840576171875
0.421356201171875 0.415435791015625 -0.0109434127807617 -0.00373744964599607
0.4580078125 0.154510498046875 -0.00707817077636716 0.0173444747924805
0.45220947265625 -0.045928955078125 0.0565910339355469 0.0512466430664063
0.3084716796875 -0.244049072265625 0.0556373596191407 -0.0192642211914063
0.170379638671875 -0.33990478515625 0.0308647155761719 -0.0530357360839844
0.179718017578125 -0.35626220703125 0.0176372528076172 -0.0302543640136719
0.11114501953125 -0.3887939453125 0.00524139404296875 -0.0479545593261719
0.195343017578125 -0.317596435546875 0.00188636779785157 -0.0122747421264649
0.32745361328125 -0.260589599609375 -0.00414276123046873 0.0413551330566406
0.43402099609375 -0.134490966796875 -0.0859832763671875 0.00743865966796875
0.486663818359375 0.216064453125 -0.14227294921875 -0.0584869384765625
0.38616943359375 0.355438232421875 -0.130889892578125 -0.162551879882812
0.25921630859375 0.527984619140625 -0.0579376220703125 -0.244049072265625
0.193206787109375 0.5460205078125 -0.08038330078125 0.17095947265625
0.22705078125 0.477691650390625 -0.0269241333007812 0.0811080932617188
0.427734375 0.39154052734375 -0.00285911560058591 0.0269393920898438
0.454620361328125 0.145111083984375 -0.040924072265625 0.0398445129394531
0.4537353515625 -0.03778076171875 -0.0223846435546875 0.0878448486328125
0.32281494140625 -0.23846435546875 -0.0371856689453125 0.0772933959960937
0.182647705078125 -0.331695556640625 -0.0172042846679687 0.0943756103515625
0.1866455078125 -0.34686279296875 -0.00524902343749999 0.110397338867187
0.12420654296875 -0.382568359375 -0.0106964111328125 0.093109130859375
0.199737548828125 -0.304595947265625 -0.0341644287109375 0.104812622070313
0.32305908203125 -0.24749755859375 -0.027130126953125 0.1107177734375
0.415069580078125 -0.127655029296875 -0.0836105346679687 0.05810546875
0.469696044921875 0.204681396484375 -0.107063293457031 -0.0117568969726562
0.38037109375 0.335357666015625 -0.0348663330078125 -0.0811538696289062
0.275604248046875 0.513336181640625 0.0242195129394531 -0.0661506652832031
0.198638916015625 0.43353271484375 -0.013153076171875 0.34747314453125
0.226318359375 0.368682861328125 0.04034423828125 0.19451904296875
0.356201171875 0.281158447265625 0.00879669189453127 0.0666313171386719
0.3614501953125 0.096038818359375 -0.0603370666503906 0.0693435668945313
0.363250732421875 -0.0325927734375 -0.0877227783203125 0.117195129394531
0.272354125976563 -0.197280883789062 -0.116073608398438 0.166336059570313
0.160675048828125 -0.270584106445313 -0.056854248046875 0.229644775390625
0.165374755859375 -0.282440185546875 -0.026336669921875 0.2340087890625
0.126617431640625 -0.3123779296875 -0.0265045166015625 0.217910766601562
0.184249877929688 -0.233749389648438 -0.0705413818359375 0.200149536132812
0.27783203125 -0.172286987304688 -0.055999755859375 0.157272338867188
0.331634521484375 -0.071502685546875 -0.0793380737304687 0.089813232421875
0.358184814453125 0.183563232421875 -0.0659751892089843 0.0209121704101563
0.294769287109375 0.273681640625 0.0608367919921875 -0.00368881225585936
0.238067626953125 0.42205810546875 0.107627868652344 0.100349426269531
0.168853759765625 0.252670288085938 0.05889892578125 0.4818115234375
0.181228637695313 0.199722290039062 0.107940673828125 0.283721923828125
0.2186279296875 0.132431030273438 0.0291671752929688 0.105888366699219
0.20440673828125 0.03753662109375 -0.0532608032226562 0.0952606201171875
0.2138671875 -0.019500732421875 -0.122383117675781 0.131706237792969
0.1756591796875 -0.12347412109375 -0.161712646484375 0.23046875
0.112060546875 -0.166763305664063 -0.079071044921875 0.329559326171875
0.119964599609375 -0.17486572265625 -0.04254150390625 0.32122802734375
0.111480712890625 -0.19635009765625 -0.047271728515625 0.307464599609375
0.146194458007813 -0.127334594726562 -0.111099243164062 0.25689697265625
0.194259643554687 -0.0702362060546875 -0.0941009521484375 0.16778564453125
0.1986083984375 -3.0517578125E-05 -0.0794677734375 0.0974655151367188
0.191665649414063 0.136734008789063 -0.0311851501464844 0.0386314392089844
0.165939331054687 0.170486450195313 0.129165649414063 0.0642318725585938
0.162521362304687 0.265960693359375 0.167617797851562 0.233352661132813
0.10107421875 0.038360595703125 0.127655029296875 0.55230712890625
0.0948867797851562 0.0166854858398437 0.171661376953125 0.3349609375
0.0470771789550781 -0.00789260864257812 0.06182861328125 0.130264282226563
0.0291156768798828 -0.00373649597167969 -0.0217514038085937 0.105735778808594
0.0467033386230469 0.00820541381835938 -0.124794006347656 0.1278076171875
0.0630645751953125 -0.0275611877441406 -0.167205810546875 0.259613037109375
0.0514678955078125 -0.0348663330078125 -0.079132080078125 0.37646484375
0.0561676025390625 -0.0405120849609375 -0.052093505859375 0.36126708984375
0.0745773315429688 -0.0556869506835938 -0.0723876953125 0.348724365234375
0.0781097412109375 -0.0162506103515625 -0.151779174804688 0.26763916015625
0.07708740234375 0.0211410522460938 -0.133102416992188 0.144851684570313
0.0415306091308594 0.0422134399414063 -0.0823516845703125 0.0819168090820312
0.0196113586425781 0.04583740234375 -0.0062255859375 0.0447425842285156
0.0381431579589844 0.0295066833496094 0.16094970703125 0.11700439453125
0.0777816772460938 0.0682296752929688 0.196868896484375 0.316619873046875
-0.0126190185546875 0.170196533203125 -0.2318115234375 -0.32861328125
0.040679931640625 0.142730712890625 -0.196060180664063 -0.16400146484375
0.130989074707031 0.0886459350585938 -0.0125045776367187 -0.0240383148193359
0.122398376464844 -0.00908660888671875 0.0712356567382813 -0.0315170288085938
0.073486328125 -0.073760986328125 0.1690673828125 -0.072113037109375
0.007568359375 -0.071380615234375 0.190505981445313 -0.222122192382813
-0.00559234619140624 -0.085479736328125 0.090423583984375 -0.3497314453125
0.0157546997070313 -0.0917587280273437 0.060791015625 -0.344390869140625
-0.001373291015625 -0.0866165161132813 0.070068359375 -0.349639892578125
0.0412445068359375 -0.08197021484375 0.1331787109375 -0.2667236328125
0.0865402221679688 -0.0654144287109375 0.0901565551757813 -0.13116455078125
0.137779235839844 -0.0132904052734375 -0.0131607055664062 -0.117225646972656
0.108650207519531 0.102882385253906 -0.100753784179687 -0.178665161132813
0.0533370971679688 0.127243041992188 -0.19366455078125 -0.317901611328125
-0.00804901123046874 0.132080078125 -0.1217041015625 -0.58135986328125
0.058990478515625 0.3538818359375 -0.213470458984375 -0.28497314453125
0.102264404296875 0.29681396484375 -0.1781005859375 -0.162109375
0.255828857421875 0.224395751953125 -0.0188064575195312 -0.028635025024414
0.2625732421875 0.048583984375 0.0526885986328125 -0.0129852294921875
0.226409912109375 -0.07928466796875 0.160415649414063 -0.02899169921875
0.119430541992188 -0.154129028320313 0.180862426757813 -0.173995971679688
0.0594635009765625 -0.205398559570313 0.08953857421875 -0.291595458984375
0.083099365234375 -0.217636108398438 0.053253173828125 -0.276611328125
0.047943115234375 -0.222900390625 0.047882080078125 -0.287872314453125
0.117874145507813 -0.18426513671875 0.0909271240234375 -0.214752197265625
0.200363159179688 -0.1396484375 0.0572357177734375 -0.0905914306640625
0.276840209960938 -0.0467376708984375 -0.0502090454101563 -0.0896530151367188
0.27166748046875 0.17901611328125 -0.138259887695312 -0.154617309570313
0.187652587890625 0.249755859375 -0.214935302734375 -0.292755126953125
0.09698486328125 0.32049560546875 -0.136199951171875 -0.5216064453125
0.11737060546875 0.4935302734375 -0.180862426757813 -0.177886962890625
0.153076171875 0.42413330078125 -0.140380859375 -0.118247985839844
0.354644775390625 0.343902587890625 -0.0180397033691406 -0.0268192291259765
0.38165283203125 0.1124267578125 0.0261783599853516 -0.000576019287109368
0.3616943359375 -0.0653076171875 0.122184753417969 0.0105056762695312
0.227203369140625 -0.211715698242188 0.133621215820313 -0.105499267578125
0.1224365234375 -0.29327392578125 0.067962646484375 -0.188613891601563
0.138671875 -0.311370849609375 0.0377655029296875 -0.167327880859375
0.083404541015625 -0.3299560546875 0.0243988037109375 -0.182144165039063
0.167098999023438 -0.270370483398438 0.0444564819335938 -0.126853942871094
0.28204345703125 -0.21612548828125 0.0251312255859375 -0.0320396423339844
0.379913330078125 -0.099456787109375 -0.0753097534179687 -0.0459136962890625
0.412689208984375 0.210723876953125 -0.152099609375 -0.10980224609375
0.310577392578125 0.32513427734375 -0.194854736328125 -0.235260009765625
0.198028564453125 0.457275390625 -0.1143798828125 -0.40057373046875
0.1651611328125 0.56243896484375 -0.134979248046875 -0.0182571411132812
0.19818115234375 0.492828369140625 -0.0882492065429687 -0.0320358276367187
0.42108154296875 0.40582275390625 -0.0117835998535156 -0.0120143890380859
0.453704833984375 0.147796630859375 -0.00705623626708982 0.0130271911621094
0.4468994140625 -0.051116943359375 0.0565338134765625 0.0478591918945313
0.302276611328125 -0.24224853515625 0.0548591613769531 -0.0192070007324219
0.167236328125 -0.337432861328125 0.0290107727050781 -0.0536880493164063
0.1739501953125 -0.35784912109375 0.0176200866699219 -0.0322341918945313
0.107177734375 -0.385955810546875 0.00617218017578125 -0.0495376586914063
0.191864013671875 -0.315704345703125 0.0035991668701172 -0.013758659362793
0.32183837890625 -0.260345458984375 -0.000801086425781234 0.0391921997070312
0.42938232421875 -0.1380615234375 -0.0841064453125 0.00683593749999999
0.4891357421875 0.209747314453125 -0.137542724609375 -0.0573348999023438
0.3851318359375 0.3507080078125 -0.127822875976562 -0.160171508789063
0.2664794921875 0.523040771484375 -0.054443359375 -0.239837646484375
0.195892333984375 0.54095458984375 -0.0779876708984375 0.1668701171875
0.229278564453125 0.475372314453125 -0.0244827270507812 0.0792236328125
0.428619384765625 0.383270263671875 -0.00288581848144529 0.0192699432373047
0.450103759765625 0.139373779296875 -0.0396156311035156 0.0355682373046875
0.44989013671875 -0.042755126953125 -0.0207138061523437 0.0842971801757813
0.319610595703125 -0.238311767578125 -0.0370330810546875 0.0781478881835937
0.17974853515625 -0.330078125 -0.0157623291015625 0.0935134887695312
0.1815185546875 -0.349151611328125 -0.00326538085937498 0.107437133789062
0.119659423828125 -0.379852294921875 -0.0075531005859375 0.090423583984375
0.196258544921875 -0.30230712890625 -0.0305328369140625 0.102935791015625
0.318267822265625 -0.247467041015625 -0.02374267578125 0.10699462890625
0.410675048828125 -0.130889892578125 -0.0814056396484375 0.0559616088867187
0.4715576171875 0.198883056640625 -0.102218627929687 -0.0113677978515625
0.377899169921875 0.33026123046875 -0.0326309204101562 -0.0807037353515625
0.2808837890625 0.508331298828125 0.0284690856933594 -0.0651588439941406
0.2010498046875 0.429779052734375 -0.00906372070312497 0.341400146484375
0.227386474609375 0.367431640625 0.04302978515625 0.191497802734375
0.35760498046875 0.276702880859375 0.00905609130859377 0.0609893798828125
0.358856201171875 0.0933837890625 -0.0583229064941406 0.0647697448730469
0.36163330078125 -0.037139892578125 -0.0862960815429687 0.113800048828125
0.269332885742188 -0.1982421875 -0.1148681640625 0.167251586914063
0.158065795898437 -0.269271850585938 -0.0531158447265625 0.22802734375
0.1619873046875 -0.285003662109375 -0.022705078125 0.2298583984375
0.122467041015625 -0.312408447265625 -0.022369384765625 0.213424682617187
0.182632446289062 -0.232666015625 -0.065582275390625 0.19891357421875
0.274383544921875 -0.17327880859375 -0.052520751953125 0.15362548828125
0.326995849609375 -0.072662353515625 -0.0762405395507812 0.0875930786132813
0.3612060546875 0.179046630859375 -0.0609817504882812 0.0207252502441406
0.29425048828125 0.27105712890625 0.0619850158691406 -0.00522232055664061
0.242889404296875 0.42041015625 0.111961364746094 0.0987014770507813
0.168472290039063 0.252151489257813 0.06365966796875 0.4736328125
0.180770874023438 0.198760986328125 0.111251831054688 0.2789306640625
0.218399047851563 0.131988525390625 0.02947998046875 0.101318359375
0.2030029296875 0.0362091064453125 -0.051849365234375 0.0908050537109375
0.21392822265625 -0.022674560546875 -0.121315002441406 0.128578186035156
0.17486572265625 -0.124710083007813 -0.159255981445313 0.231689453125
0.111282348632813 -0.166976928710938 -0.072479248046875 0.32708740234375
0.118377685546875 -0.176467895507813 -0.0380859375 0.31689453125
0.109161376953125 -0.198532104492187 -0.041229248046875 0.30206298828125
0.145767211914063 -0.128189086914063 -0.106399536132812 0.255233764648438
0.192352294921875 -0.0712127685546875 -0.091461181640625 0.165130615234375
0.196990966796875 -0.00201416015625 -0.076171875 0.0948638916015625
0.194564819335938 0.133560180664063 -0.0275115966796875 0.0383644104003906
0.1656494140625 0.169998168945313 0.129966735839844 0.061279296875
0.165191650390625 0.266128540039062 0.172561645507813 0.230453491210938
0.0988693237304688 0.040252685546875 0.13165283203125 0.544189453125
0.0931167602539063 0.0180511474609375 0.17425537109375 0.32958984375
0.0464897155761719 -0.00482940673828125 0.062286376953125 0.1279296875
0.0293922424316406 -0.00260353088378906 -0.0212478637695313 0.101821899414063
0.0486335754394531 0.00708389282226563 -0.124763488769531 0.125724792480469
0.0639686584472656 -0.0297508239746094 -0.165176391601562 0.260635375976563
0.05255126953125 -0.0367202758789063 -0.073028564453125 0.37579345703125
0.056884765625 -0.0427436828613281 -0.046600341796875 0.356689453125
0.0729904174804688 -0.0591278076171875 -0.06585693359375 0.344512939453125
0.0787353515625 -0.01812744140625 -0.146774291992188 0.267547607421875
0.0778961181640625 0.0191802978515625 -0.131027221679688 0.14324951171875
0.0427742004394531 0.0412139892578125 -0.0784759521484375 0.0810012817382812
0.0230140686035156 0.0455970764160156 -0.003814697265625 0.0438804626464844
0.0395164489746094 0.0319671630859375 0.161468505859375 0.11346435546875
0.0778427124023438 0.0710372924804688 0.200927734375 0.31298828125
-0.00877380371093751 0.169769287109375 -0.243927001953125 -0.330841064453125
0.043212890625 0.141693115234375 -0.204360961914063 -0.164459228515625
0.132568359375 0.0855941772460938 -0.014892578125 -0.0274276733398437
0.121894836425781 -0.01116943359375 0.0699806213378906 -0.0331230163574219
0.070220947265625 -0.0735549926757813 0.171356201171875 -0.0741729736328125
0.00662612915039062 -0.0691032409667969 0.191070556640625 -0.229782104492188
-0.0064544677734375 -0.0849685668945313 0.083892822265625 -0.356964111328125
0.0134963989257813 -0.0929794311523438 0.0535888671875 -0.35150146484375
-0.00313568115234375 -0.0851898193359375 0.063507080078125 -0.357940673828125
0.0388031005859375 -0.082794189453125 0.131439208984375 -0.276397705078125
0.0858230590820313 -0.0679931640625 0.0922622680664063 -0.135398864746094
0.139411926269531 -0.0178070068359375 -0.0164337158203125 -0.116996765136719
0.11285400390625 0.102424621582031 -0.106292724609375 -0.1776123046875
0.0562591552734375 0.126945495605469 -0.20166015625 -0.3173828125
-0.00373840332031251 0.13262939453125 -0.13311767578125 -0.586181640625
0.0665283203125 0.355316162109375 -0.22393798828125 -0.287841796875
0.107818603515625 0.29852294921875 -0.1839599609375 -0.162872314453125
0.263214111328125 0.22113037109375 -0.021585464477539 -0.0338077545166015
0.265274047851563 0.0450286865234375 0.0511703491210938 -0.0149726867675781
0.225128173828125 -0.0829620361328125 0.162689208984375 -0.0316925048828125
0.11883544921875 -0.154296875 0.18170166015625 -0.180877685546875
0.057281494140625 -0.207427978515625 0.083740234375 -0.2977294921875
0.079376220703125 -0.22357177734375 0.0469970703125 -0.283203125
0.0446929931640625 -0.225601196289062 0.04241943359375 -0.294891357421875
0.116424560546875 -0.188247680664063 0.08984375 -0.222518920898438
0.200592041015625 -0.145492553710938 0.0600662231445313 -0.0942459106445313
0.280899047851563 -0.053802490234375 -0.052703857421875 -0.0900115966796875
0.28131103515625 0.1767578125 -0.1419677734375 -0.154312133789063
0.194488525390625 0.25048828125 -0.2222900390625 -0.29241943359375
0.1068115234375 0.3238525390625 -0.146392822265625 -0.52484130859375
0.12933349609375 0.49822998046875 -0.188339233398438 -0.179977416992187
0.160980224609375 0.428131103515625 -0.145187377929688 -0.118484497070312
0.365966796875 0.341522216796875 -0.0211753845214844 -0.0338878631591797
0.3873291015625 0.107269287109375 0.0246105194091797 -0.00378990173339843
0.363616943359375 -0.0728759765625 0.124755859375 0.0074920654296875
0.22808837890625 -0.214813232421875 0.134986877441406 -0.109970092773438
0.121063232421875 -0.298065185546875 0.0643768310546875 -0.193069458007813
0.133880615234375 -0.320159912109375 0.0346527099609375 -0.172836303710938
0.078460693359375 -0.33575439453125 0.02093505859375 -0.188247680664063
0.165512084960938 -0.276153564453125 0.0438919067382813 -0.131820678710938
0.281219482421875 -0.223785400390625 0.0289344787597656 -0.0346965789794922
0.384246826171875 -0.10888671875 -0.0777740478515625 -0.0457305908203125
0.4266357421875 0.20562744140625 -0.154617309570313 -0.1094970703125
0.32012939453125 0.324737548828125 -0.199981689453125 -0.235626220703125
0.212188720703125 0.461669921875 -0.1199951171875 -0.40350341796875
0.17877197265625 0.56787109375 -0.13836669921875 -0.018768310546875
0.21026611328125 0.499237060546875 -0.0895843505859375 -0.0324859619140625
0.435089111328125 0.40380859375 -0.0141963958740234 -0.0189571380615234
0.46295166015625 0.140899658203125 -0.00780582427978513 0.00953865051269532
0.4517822265625 -0.06024169921875 0.0584831237792969 0.0455093383789062
0.30401611328125 -0.24798583984375 0.0560684204101563 -0.0200843811035156
0.165283203125 -0.3446044921875 0.0276679992675781 -0.0553359985351563
0.168914794921875 -0.369384765625 0.0172863006591797 -0.035125732421875
0.101287841796875 -0.39361572265625 0.00621795654296875 -0.0529136657714844
0.18994140625 -0.323272705078125 0.00473022460937501 -0.0162057876586914
0.32177734375 -0.27093505859375 0.00227737426757814 0.036895751953125
0.43310546875 -0.147674560546875 -0.0858612060546875 0.00713348388671876
0.5042724609375 0.20404052734375 -0.137222290039062 -0.0575408935546875
0.395477294921875 0.349945068359375 -0.130966186523437 -0.16094970703125
0.283203125 0.527801513671875 -0.0554351806640625 -0.242385864257812
0.20849609375 0.54876708984375 -0.0766448974609375 0.167739868164063
0.241485595703125 0.48187255859375 -0.0223617553710937 0.0801773071289063
0.44384765625 0.3814697265625 -0.00420665740966794 0.0135250091552735
0.4598388671875 0.13397216796875 -0.0401649475097656 0.0319175720214844
0.455810546875 -0.05352783203125 -0.019989013671875 0.082427978515625
0.320709228515625 -0.245269775390625 -0.035888671875 0.0812606811523437
0.1785888671875 -0.3375244140625 -0.013885498046875 0.094696044921875
0.177276611328125 -0.36114501953125 -0.000907897949218742 0.106971740722656
0.114227294921875 -0.388397216796875 -0.004669189453125 0.08880615234375
0.1951904296875 -0.3095703125 -0.02752685546875 0.103668212890625
0.31939697265625 -0.2559814453125 -0.0203933715820312 0.106269836425781
0.415130615234375 -0.13909912109375 -0.08154296875 0.0562973022460937
0.485443115234375 0.19232177734375 -0.100494384765625 -0.0118865966796875
0.388275146484375 0.33087158203125 -0.0326461791992187 -0.0826644897460937
0.29779052734375 0.515655517578125 0.0329704284667969 -0.0670318603515625
0.211212158203125 0.436737060546875 -0.00289916992187499 0.343963623046875
0.2366943359375 0.371856689453125 0.048980712890625 0.192581176757813
0.368499755859375 0.277496337890625 0.00856399536132815 0.0571784973144531
0.3658447265625 0.089935302734375 -0.0579910278320312 0.0619087219238281
0.368316650390625 -0.046295166015625 -0.0858688354492187 0.113471984863281
0.271926879882812 -0.205322265625 -0.1142578125 0.173660278320313
0.158538818359375 -0.2772216796875 -0.0481719970703125 0.232650756835938
0.158416748046875 -0.296478271484375 -0.017547607421875 0.231979370117187
0.11822509765625 -0.3212890625 -0.0161590576171875 0.2144775390625
0.184127807617188 -0.238723754882813 -0.06109619140625 0.2027587890625
0.275588989257813 -0.180816650390625 -0.0499420166015625 0.15386962890625
0.331756591796875 -0.08001708984375 -0.0756912231445312 0.0880889892578125
0.373443603515625 0.17510986328125 -0.05853271484375 0.020263671875
0.30322265625 0.272216796875 0.0650672912597656 -0.00749206542968748
0.256378173828125 0.42413330078125 0.119888305664063 0.0977249145507813
0.174484252929687 0.256423950195312 0.073760986328125 0.477691650390625
0.186492919921875 0.202850341796875 0.12017822265625 0.281585693359375
0.22589111328125 0.133193969726563 0.0309295654296875 0.100387573242188
0.207687377929688 0.0354766845703125 -0.0505142211914062 0.0897064208984375
0.2191162109375 -0.028472900390625 -0.121978759765625 0.130104064941406
0.1767578125 -0.13043212890625 -0.158859252929688 0.240631103515625
0.111618041992188 -0.172897338867188 -0.065277099609375 0.333831787109375
0.11712646484375 -0.185562133789063 -0.03106689453125 0.32183837890625
0.106338500976563 -0.206451416015625 -0.03460693359375 0.30517578125
0.147445678710938 -0.133804321289063 -0.101150512695313 0.260955810546875
0.195053100585938 -0.0753173828125 -0.090301513671875 0.166534423828125
0.201095581054687 -0.005645751953125 -0.0746688842773437 0.0957183837890625
0.202957153320313 0.132827758789063 -0.0243949890136719 0.0379447937011719
0.171707153320313 0.17205810546875 0.134414672851562 0.0588912963867188
0.174560546875 0.271713256835938 0.183059692382812 0.231369018554688
0.0996856689453125 0.0426177978515625 0.142852783203125 0.547515869140625
0.0941619873046875 0.018768310546875 0.183624267578125 0.330841064453125
0.0472831726074219 -0.00223159790039062 0.0650634765625 0.128273010253906
0.0303726196289063 -0.00211334228515625 -0.0200653076171875 0.100723266601563
0.0519180297851563 0.00568771362304688 -0.126235961914063 0.127540588378906
0.0658378601074219 -0.0329971313476563 -0.165069580078125 0.269729614257813
0.0539131164550781 -0.0397071838378906 -0.064056396484375 0.382781982421875
0.0575904846191406 -0.0468292236328125 -0.039581298828125 0.361785888671875
0.0729217529296875 -0.0650405883789063 -0.059234619140625 0.348785400390625
0.0808181762695313 -0.0209197998046875 -0.143280029296875 0.275009155273437
0.0804519653320313 0.017913818359375 -0.131088256835938 0.147079467773437
0.0457344055175781 0.0408935546875 -0.077178955078125 0.0822906494140625
0.0265617370605469 0.0457344055175781 -0.00109481811523437 0.0446014404296875
0.0424842834472656 0.0344352722167969 0.16668701171875 0.112197875976563
0.081787109375 0.0748748779296875 0.2125244140625 0.31414794921875
-0.00157165527343751 0.17181396484375 -0.265655517578125 -0.33099365234375
0.048797607421875 0.141815185546875 -0.218124389648438 -0.160400390625
0.137496948242188 0.0797271728515625 -0.019256591796875 -0.0304889678955078
0.12213134765625 -0.0161895751953125 0.0678787231445313 -0.0358467102050781
0.0665969848632813 -0.0754547119140625 0.173553466796875 -0.082122802734375
0.00402069091796875 -0.0678520202636719 0.18695068359375 -0.244461059570313
-0.00968933105468749 -0.0856552124023438 0.0682373046875 -0.36865234375
0.00914764404296876 -0.0943450927734375 0.0382080078125 -0.361907958984375
-0.00583648681640625 -0.0854110717773438 0.047515869140625 -0.36968994140625
0.0357666015625 -0.0856781005859375 0.122528076171875 -0.2911376953125
0.0838775634765625 -0.0736312866210938 0.0931549072265625 -0.142562866210938
0.141555786132813 -0.0254669189453125 -0.0213394165039062 -0.117233276367188
0.120567321777344 0.0991134643554688 -0.116256713867187 -0.175308227539063
0.0621566772460937 0.126136779785156 -0.219390869140625 -0.314971923828125
0.00392150878906249 0.1339111328125 -0.16046142578125 -0.59136962890625
0.08367919921875 0.359283447265625 -0.24346923828125 -0.28717041015625
0.1220703125 0.300262451171875 -0.1973876953125 -0.160079956054687
0.2760009765625 0.212539672851563 -0.0268058776855469 -0.0382232666015625
0.27154541015625 0.034393310546875 0.0489349365234375 -0.0182075500488281
0.224639892578125 -0.0924072265625 0.166458129882813 -0.0389556884765625
0.116317749023438 -0.15899658203125 0.180145263671875 -0.19378662109375
0.0511322021484375 -0.21343994140625 0.071014404296875 -0.307861328125
0.0706024169921875 -0.232009887695313 0.035491943359375 -0.292755126953125
0.0366973876953125 -0.23114013671875 0.028656005859375 -0.305755615234375
0.110565185546875 -0.196441650390625 0.0825958251953125 -0.234939575195313
0.199249267578125 -0.157501220703125 0.0615310668945313 -0.100433349609375
0.284942626953125 -0.06768798828125 -0.0588760375976562 -0.089111328125
0.2987060546875 0.168731689453125 -0.150787353515625 -0.151611328125
0.208282470703125 0.248016357421875 -0.2379150390625 -0.28973388671875
0.12677001953125 0.326385498046875 -0.1690673828125 -0.528778076171875
0.154144287109375 0.50372314453125 -0.202011108398438 -0.178619384765625
0.1824951171875 0.431793212890625 -0.15460205078125 -0.116607666015625
0.3880615234375 0.331085205078125 -0.0265884399414062 -0.0390434265136719
0.39715576171875 0.09393310546875 0.0232677459716797 -0.00736999511718749
0.36712646484375 -0.088714599609375 0.128448486328125 0.00119018554687499
0.225555419921875 -0.225921630859375 0.134254455566406 -0.118598937988281
0.111541748046875 -0.308868408203125 0.0559539794921875 -0.200164794921875
0.1217041015625 -0.335479736328125 0.0277862548828125 -0.178848266601563
0.06658935546875 -0.345703125 0.0132293701171875 -0.195571899414063
0.158416748046875 -0.288909912109375 0.0399093627929688 -0.140052795410156
0.278793334960938 -0.240631103515625 0.0308647155761719 -0.0392646789550781
0.389862060546875 -0.129119873046875 -0.082183837890625 -0.0440292358398438
0.448638916015625 0.192138671875 -0.159942626953125 -0.107498168945313
0.340362548828125 0.320098876953125 -0.2127685546875 -0.233154296875
0.241943359375 0.46258544921875 -0.13714599609375 -0.40692138671875
0.20660400390625 0.57427978515625 -0.143096923828125 -0.0164947509765625
0.235565185546875 0.504364013671875 -0.0926589965820312 -0.0310440063476562
0.462005615234375 0.3934326171875 -0.018533706665039 -0.024484634399414
0.476959228515625 0.126434326171875 -0.00910186767578122 0.00598144531250001
0.457611083984375 -0.0819091796875 0.0623626708984375 0.0414619445800781
0.302276611328125 -0.263427734375 0.0574913024902344 -0.0223197937011719
0.15667724609375 -0.358917236328125 0.0255584716796875 -0.0580673217773438
0.155548095703125 -0.38751220703125 0.01666259765625 -0.0383262634277344
0.085723876953125 -0.4066162109375 0.00381469726562501 -0.0579071044921875
0.182342529296875 -0.33746337890625 0.00591659545898439 -0.0191879272460938
0.3179931640625 -0.289825439453125 0.00664520263671877 0.0348110198974609
0.4376220703125 -0.169403076171875 -0.0883712768554687 0.0091400146484375
0.52960205078125 0.18670654296875 -0.140228271484375 -0.0564804077148437
0.418548583984375 0.34368896484375 -0.1385498046875 -0.159988403320312
0.317169189453125 0.530029296875 -0.062744140625 -0.245742797851562
0.236541748046875 0.554046630859375 -0.071044921875 0.171707153320313
0.26776123046875 0.485504150390625 -0.01806640625 0.0816116333007813
0.471343994140625 0.3717041015625 -0.00605869293212888 0.00888347625732424
0.475311279296875 0.11944580078125 -0.0402603149414062 0.0293388366699219
0.46484375 -0.0748291015625 -0.0169906616210937 0.08203125
0.3193359375 -0.262359619140625 -0.0325546264648437 0.0849990844726562
0.1702880859375 -0.352813720703125 -0.0099029541015625 0.0974884033203125
0.164642333984375 -0.3800048828125 0.00441741943359377 0.107444763183594
0.099334716796875 -0.4027099609375 -0.000328063964843737 0.0875091552734375
0.18902587890625 -0.3245849609375 -0.0223159790039062 0.105781555175781
0.316009521484375 -0.275604248046875 -0.0152816772460937 0.106758117675781
0.41851806640625 -0.160247802734375 -0.081573486328125 0.058868408203125
0.50946044921875 0.17626953125 -0.0997085571289062 -0.010772705078125
0.41058349609375 0.323974609375 -0.0344696044921875 -0.08465576171875
0.331787109375 0.517669677734375 0.0351104736328125 -0.0701446533203125
0.233367919921875 0.441314697265625 0.01190185546875 0.348846435546875
0.2589111328125 0.374053955078125 0.0606842041015625 0.194122314453125
0.392578125 0.269805908203125 0.0108871459960938 0.0548133850097656
0.378143310546875 0.076324462890625 -0.0578498840332031 0.06146240234375
0.376861572265625 -0.0645751953125 -0.0846939086914062 0.116905212402344
0.2716064453125 -0.221237182617187 -0.10968017578125 0.184234619140625
0.151947021484375 -0.291290283203125 -0.037811279296875 0.239944458007812
0.149322509765625 -0.313232421875 -0.0067138671875 0.23602294921875
0.106231689453125 -0.335479736328125 -0.00665283203125001 0.21630859375
0.179901123046875 -0.252349853515625 -0.052032470703125 0.208709716796875
0.275253295898437 -0.195556640625 -0.044708251953125 0.1568603515625
0.33636474609375 -0.095367431640625 -0.0736846923828125 0.0909347534179688
0.393310546875 0.16278076171875 -0.0559120178222656 0.0205917358398438
0.319854736328125 0.2672119140625 0.0672836303710938 -0.0123519897460937
0.2825927734375 0.42694091796875 0.130531311035156 0.0942916870117188
0.188507080078125 0.25933837890625 0.095428466796875 0.481903076171875
0.200057983398438 0.202987670898438 0.136993408203125 0.281951904296875
0.23895263671875 0.130020141601563 0.0355606079101563 0.0993194580078125
0.214279174804688 0.0289306640625 -0.0484237670898438 0.0892410278320313
0.224929809570313 -0.0394134521484375 -0.121658325195312 0.13446044921875
0.177734375 -0.142227172851563 -0.153305053710937 0.25469970703125
0.1090087890625 -0.182830810546875 -0.050933837890625 0.343780517578125
0.111251831054688 -0.197021484375 -0.0166015625 0.327728271484375
0.0986785888671875 -0.217575073242188 -0.020965576171875 0.310516357421875
0.147140502929688 -0.143646240234375 -0.09051513671875 0.270523071289063
0.19732666015625 -0.0859527587890625 -0.0857696533203125 0.1727294921875
0.20550537109375 -0.013763427734375 -0.071929931640625 0.0988388061523437
0.216400146484375 0.126754760742187 -0.0208816528320312 0.0380020141601563
0.18316650390625 0.170654296875 0.141036987304688 0.0532379150390625
0.191787719726563 0.272567749023438 0.2005615234375 0.228118896484375
0.103126525878906 0.0428009033203125 0.16876220703125 0.550537109375
0.0966949462890625 0.017547607421875 0.2044677734375 0.330657958984375
0.0499420166015625 -0.00121688842773438 0.072723388671875 0.127876281738281
0.0315608978271484 -0.00181770324707031 -0.015960693359375 0.100807189941406
0.0550422668457031 0.00246810913085938 -0.126373291015625 0.134017944335938
0.0667228698730469 -0.0381278991699219 -0.1593017578125 0.285491943359375
0.0548515319824219 -0.0442848205566406 -0.048248291015625 0.39434814453125
0.0577201843261719 -0.0525398254394531 -0.02288818359375 0.3712158203125
0.0708770751953125 -0.0718002319335938 -0.043609619140625 0.358154296875
0.0831985473632813 -0.0266342163085937 -0.13201904296875 0.287567138671875
0.0843429565429688 0.0139923095703125 -0.12890625 0.155059814453125
0.049072265625 0.0394401550292969 -0.07373046875 0.085723876953125
0.0315322875976563 0.0458869934082031 0.00249099731445313 0.045013427734375
0.0458602905273438 0.0354194641113281 0.176712036132813 0.106826782226563
0.087860107421875 0.076019287109375 0.23223876953125 0.313079833984375
0.00921630859375002 0.171096801757813 -0.291534423828125 -0.319000244140625
0.0562515258789063 0.137527465820312 -0.232696533203125 -0.148422241210938
0.141067504882813 0.069671630859375 -0.0245857238769531 -0.0317821502685547
0.120155334472656 -0.0236968994140625 0.0641021728515625 -0.0389785766601563
0.0604782104492188 -0.0780258178710938 0.171157836914063 -0.0930023193359375
0.000343322753906256 -0.0659332275390625 0.174591064453125 -0.26031494140625
-0.0147552490234375 -0.0844802856445313 0.04412841796875 -0.37579345703125
0.00266265869140626 -0.0952606201171875 0.013916015625 -0.366912841796875
-0.01031494140625 -0.084259033203125 0.02191162109375 -0.3770751953125
0.02996826171875 -0.0876693725585938 0.1041259765625 -0.30426025390625
0.079559326171875 -0.080047607421875 0.088134765625 -0.151275634765625
0.140472412109375 -0.0367202758789062 -0.0293731689453125 -0.114982604980469
0.128776550292969 0.0920867919921875 -0.1282958984375 -0.168014526367188
0.0706863403320313 0.121742248535156 -0.2403564453125 -0.303314208984375
0.0137939453125 0.132659912109375 -0.19952392578125 -0.5850830078125
0.107147216796875 0.35577392578125 -0.26483154296875 -0.275497436523437
0.14093017578125 0.2940673828125 -0.210037231445313 -0.14892578125
0.289459228515625 0.194610595703125 -0.03350830078125 -0.0400390625
0.273147583007813 0.0182952880859375 0.0456886291503906 -0.0219459533691406
0.218521118164063 -0.105209350585937 0.166336059570313 -0.0502777099609375
0.108306884765625 -0.163833618164063 0.170974731445313 -0.208282470703125
0.0392913818359375 -0.2171630859375 0.05059814453125 -0.3145751953125
0.055267333984375 -0.238876342773438 0.015228271484375 -0.298095703125
0.023345947265625 -0.234771728515625 0.00814819335937499 -0.312408447265625
0.09991455078125 -0.204193115234375 0.067901611328125 -0.245086669921875
0.190811157226562 -0.17218017578125 0.0595016479492188 -0.107498168945313
0.28302001953125 -0.088775634765625 -0.0653915405273437 -0.0849533081054688
0.31427001953125 0.149993896484375 -0.161087036132812 -0.143463134765625
0.223968505859375 0.236968994140625 -0.257553100585938 -0.276809692382812
0.151336669921875 0.319671630859375 -0.202789306640625 -0.521636962890625
0.187469482421875 0.499237060546875 -0.2161865234375 -0.169662475585937
0.21136474609375 0.424835205078125 -0.164047241210938 -0.109039306640625
0.41156005859375 0.308502197265625 -0.0333061218261718 -0.0419998168945312
0.404205322265625 0.0697021484375 0.0200977325439453 -0.0112018585205078
0.36285400390625 -0.11163330078125 0.129707336425781 -0.00876617431640625
0.215240478515625 -0.238327026367187 0.129714965820313 -0.129776000976563
0.095123291015625 -0.318115234375 0.043212890625 -0.204986572265625
0.099365234375 -0.347564697265625 0.01544189453125 -0.18365478515625
0.0452880859375 -0.35308837890625 -0.000915527343749997 -0.2015380859375
0.142303466796875 -0.30035400390625 0.031829833984375 -0.146514892578125
0.266693115234375 -0.260482788085938 0.0313644409179688 -0.0446014404296875
0.3856201171875 -0.155548095703125 -0.0870513916015625 -0.0397262573242188
0.467803955078125 0.162750244140625 -0.1676025390625 -0.1002197265625
0.361328125 0.302947998046875 -0.227859497070312 -0.222183227539063
0.27691650390625 0.451446533203125 -0.161285400390625 -0.400665283203125
0.244873046875 0.56866455078125 -0.146484375 -0.0101623535156249
0.26995849609375 0.494232177734375 -0.0950164794921875 -0.027191162109375
0.4918212890625 0.366302490234375 -0.0232982635498047 -0.0277385711669922
0.48663330078125 0.097381591796875 -0.0109062194824218 0.00309753417968751
0.457244873046875 -0.11102294921875 0.0643539428710938 0.0352897644042969
0.290557861328125 -0.28216552734375 0.0575141906738281 -0.0271644592285156
0.1373291015625 -0.37237548828125 0.0223617553710938 -0.0599822998046875
0.12994384765625 -0.402557373046875 0.0139656066894531 -0.0419197082519532
0.060791015625 -0.416839599609375 -0.000789642333984375 -0.0619697570800782
0.164642333984375 -0.3511962890625 0.0056591033935547 -0.0220890045166016
0.303192138671875 -0.311920166015625 0.0108776092529297 0.0315132141113281
0.431488037109375 -0.197662353515625 -0.0897293090820312 0.014190673828125
0.549163818359375 0.152557373046875 -0.143020629882812 -0.0511474609375
0.441741943359375 0.321380615234375 -0.147857666015625 -0.154205322265625
0.35626220703125 0.5146484375 -0.0755767822265625 -0.244155883789063
0.27374267578125 0.548370361328125 -0.0612945556640625 0.174545288085938
0.301483154296875 0.475372314453125 -0.0114898681640625 0.08203125
0.50006103515625 0.346160888671875 -0.00684309005737301 0.00533342361450197
0.486328125 0.09051513671875 -0.04071044921875 0.0280838012695313
0.4654541015625 -0.105621337890625 -0.0135574340820312 0.0802764892578125
0.30987548828125 -0.284149169921875 -0.0276412963867187 0.088226318359375
0.152496337890625 -0.368377685546875 -0.00229644775390624 0.0985946655273437
0.140167236328125 -0.396514892578125 0.0116500854492188 0.105979919433594
0.072784423828125 -0.414154052734375 0.00476837158203125 0.0845413208007812
0.171661376953125 -0.339691162109375 -0.0137405395507812 0.1060791015625
0.30206298828125 -0.29705810546875 -0.00826263427734373 0.10565185546875
0.412445068359375 -0.188323974609375 -0.0797882080078125 0.0631103515625
0.528228759765625 0.142059326171875 -0.0994720458984375 -0.00859069824218751
0.432220458984375 0.3033447265625 -0.0382614135742187 -0.0848770141601562
0.37005615234375 0.50201416015625 0.0347976684570313 -0.0742416381835937
0.2635498046875 0.434539794921875 0.034149169921875 0.3480224609375
0.285675048828125 0.364410400390625 0.0759429931640625 0.190261840820313
0.41534423828125 0.248687744140625 0.0140151977539063 0.0509567260742188
0.38665771484375 0.05584716796875 -0.054962158203125 0.060638427734375
0.376800537109375 -0.089599609375 -0.080108642578125 0.119804382324219
0.262680053710937 -0.2403564453125 -0.099029541015625 0.193756103515625
0.13775634765625 -0.304962158203125 -0.0214385986328125 0.24365234375
0.129180908203125 -0.327667236328125 0.00912475585937503 0.235977172851563
0.08447265625 -0.345855712890625 0.0074005126953125 0.215301513671875
0.167190551757813 -0.266921997070312 -0.0372772216796875 0.212417602539062
0.2662353515625 -0.214691162109375 -0.0356597900390625 0.158798217773438
0.333404541015625 -0.117095947265625 -0.0692901611328125 0.09478759765625
0.4093017578125 0.13720703125 -0.0530853271484375 0.0207138061523438
0.33935546875 0.252532958984375 0.0688705444335938 -0.0184593200683594
0.3153076171875 0.414947509765625 0.141021728515625 0.085479736328125
0.206710815429688 0.252975463867188 0.127838134765625 0.476715087890625
0.215240478515625 0.194915771484375 0.158309936523438 0.274276733398438
0.251266479492188 0.118087768554688 0.042755126953125 0.09588623046875
0.21868896484375 0.0172576904296875 -0.043426513671875 0.089111328125
0.225692749023438 -0.0551300048828125 -0.117141723632813 0.141220092773438
0.172607421875 -0.155654907226562 -0.139205932617188 0.268829345703125
0.10064697265625 -0.193450927734375 -0.027618408203125 0.349334716796875
0.0994415283203125 -0.208938598632812 0.00555419921875 0.3294677734375
0.0847930908203125 -0.227432250976563 -0.00140380859375 0.311279296875
0.14129638671875 -0.155258178710938 -0.0719757080078125 0.278732299804688
0.194595336914063 -0.0988006591796875 -0.0766143798828125 0.17852783203125
0.20709228515625 -0.0264434814453125 -0.06573486328125 0.102439880371094
0.228500366210937 0.113388061523437 -0.01702880859375 0.0369300842285156
0.195938110351563 0.163009643554688 0.146591186523438 0.042694091796875
0.213485717773437 0.26593017578125 0.21917724609375 0.21612548828125
0.106025695800781 0.0397872924804688 0.2044677734375 0.542236328125
0.0987777709960938 0.0135040283203125 0.228240966796875 0.317596435546875
0.0523757934570312 -0.00161361694335938 0.0820541381835938 0.123382568359375
0.0322170257568359 -0.00218009948730469 -0.010894775390625 0.0994796752929688
0.0573654174804688 -0.00201797485351563 -0.122604370117187 0.141860961914063
0.0657196044921875 -0.0440940856933594 -0.144012451171875 0.30047607421875
0.053466796875 -0.0501365661621094 -0.020294189453125 0.399566650390625
0.0550193786621094 -0.0587196350097656 0.000976562500000007 0.373687744140625
0.0661163330078125 -0.0789566040039063 -0.019775390625 0.361480712890625
0.0834579467773438 -0.0334396362304688 -0.113494873046875 0.298736572265625
0.0866012573242187 0.00865936279296875 -0.121337890625 0.163772583007812
0.0532417297363281 0.0365982055664063 -0.0678787231445313 0.0891265869140625
0.0366935729980469 0.0438461303710938 0.00672149658203125 0.0436325073242188
0.0502052307128906 0.0341720581054688 0.185287475585937 0.0953216552734375
0.0946884155273438 0.0744400024414063 0.256927490234375 0.300506591796875
0.020050048828125 0.165023803710938 -0.308349609375 -0.29534912109375
0.06243896484375 0.129806518554688 -0.2406005859375 -0.131179809570312
0.140899658203125 0.0586090087890625 -0.0290851593017578 -0.0301742553710937
0.115150451660156 -0.0299911499023438 0.0591163635253906 -0.0407600402832031
0.0529327392578125 -0.0782699584960938 0.164505004882813 -0.102127075195313
-0.0029754638671875 -0.0620613098144531 0.15643310546875 -0.269775390625
-0.01885986328125 -0.0818634033203125 0.018646240234375 -0.3714599609375
-0.0037689208984375 -0.0934066772460937 -0.011962890625 -0.361297607421875
-0.01458740234375 -0.081329345703125 -0.00378417968749997 -0.372344970703125
0.0235366821289063 -0.0874786376953125 0.081939697265625 -0.308502197265625
0.0727691650390625 -0.08453369140625 0.0803680419921875 -0.15625
0.135414123535156 -0.046539306640625 -0.0359268188476562 -0.109298706054688
0.133758544921875 0.0818328857421875 -0.137176513671875 -0.15484619140625
0.0761566162109375 0.114669799804688 -0.25567626953125 -0.281829833984375
0.0235214233398438 0.127273559570312 -0.2305908203125 -0.55902099609375
0.12884521484375 0.342742919921875 -0.280609130859375 -0.25640869140625
0.155853271484375 0.279312133789063 -0.21795654296875 -0.13372802734375
0.296142578125 0.17181396484375 -0.0389404296875 -0.0395660400390625
0.267074584960938 0.001312255859375 0.0415992736816406 -0.0242385864257813
0.206695556640625 -0.115982055664063 0.161911010742188 -0.060546875
0.09808349609375 -0.1654052734375 0.15594482421875 -0.217819213867188
0.0264129638671875 -0.21612548828125 0.02947998046875 -0.311553955078125
0.03802490234375 -0.238555908203125 -0.00561523437500003 -0.294219970703125
0.00843811035156251 -0.231903076171875 -0.014801025390625 -0.309600830078125
0.08587646484375 -0.206741333007813 0.0504913330078125 -0.247817993164062
0.177154541015625 -0.182281494140625 0.0545806884765625 -0.112236022949219
0.273468017578125 -0.106170654296875 -0.0704879760742187 -0.0780715942382813
0.32061767578125 0.12591552734375 -0.167877197265625 -0.131866455078125
0.235137939453125 0.219696044921875 -0.270034790039063 -0.255584716796875
0.171478271484375 0.30267333984375 -0.23040771484375 -0.498931884765625
0.2171630859375 0.47894287109375 -0.22491455078125 -0.155136108398437
0.23406982421875 0.40570068359375 -0.168502807617188 -0.0978851318359375
0.422943115234375 0.274871826171875 -0.03802490234375 -0.0423774719238281
0.400299072265625 0.045135498046875 0.0164470672607422 -0.0132436752319336
0.348663330078125 -0.132080078125 0.127250671386719 -0.0173492431640625
0.199417114257812 -0.245529174804687 0.120796203613281 -0.137283325195313
0.074859619140625 -0.31982421875 0.0290679931640625 -0.203887939453125
0.07476806640625 -0.349029541015625 0.0022125244140625 -0.182464599609375
0.02197265625 -0.350616455078125 -0.0164794921875 -0.200302124023438
0.12213134765625 -0.3045654296875 0.0224456787109375 -0.148727416992188
0.24627685546875 -0.273773193359375 0.0302581787109375 -0.049346923828125
0.369598388671875 -0.177947998046875 -0.0894241333007812 -0.0327835083007813
0.4732666015625 0.12811279296875 -0.1702880859375 -0.090301513671875
0.3740234375 0.2769775390625 -0.236709594726563 -0.20526123046875
0.30377197265625 0.425811767578125 -0.180999755859375 -0.38397216796875
0.2779541015625 0.546142578125 -0.145645141601563 -0.00294494628906248
0.29736328125 0.471343994140625 -0.0950469970703125 -0.0223007202148437
0.508941650390625 0.3284912109375 -0.027008056640625 -0.0297737121582031
0.482391357421875 0.066375732421875 -0.0131559371948242 0.000874519348144533
0.44207763671875 -0.137939453125 0.0654144287109375 0.0285720825195312
0.2718505859375 -0.294342041015625 0.0559539794921875 -0.0311622619628906
0.11431884765625 -0.3759765625 0.0191993713378906 -0.0606651306152344
0.10052490234375 -0.4068603515625 0.0103950500488281 -0.0436897277832031
0.032623291015625 -0.415069580078125 -0.00683975219726562 -0.0634002685546875
0.139434814453125 -0.356292724609375 0.00509643554687501 -0.0245761871337891
0.279388427734375 -0.326141357421875 0.0137519836425781 0.0266189575195312
0.411895751953125 -0.22381591796875 -0.0891265869140625 0.019439697265625
0.552490234375 0.1121826171875 -0.143844604492187 -0.0447540283203125
0.454986572265625 0.29193115234375 -0.15374755859375 -0.143646240234375
0.387908935546875 0.482696533203125 -0.0867919921875 -0.236648559570312
0.30548095703125 0.5255126953125 -0.0499420166015625 0.173065185546875
0.327972412109375 0.45086669921875 -0.00514221191406247 0.079315185546875
0.5169677734375 0.308929443359375 -0.0080461502075195 0.00130414962768556
0.483856201171875 0.0595703125 -0.040435791015625 0.0259819030761719
0.45068359375 -0.1348876953125 -0.00999450683593747 0.07769775390625
0.2894287109375 -0.299835205078125 -0.0211181640625 0.08843994140625
0.1287841796875 -0.374053955078125 0.00513458251953125 0.096771240234375
0.11102294921875 -0.40087890625 0.0182418823242188 0.101104736328125
0.045257568359375 -0.413330078125 0.008697509765625 0.0797271728515625
0.149322509765625 -0.345703125 -0.00518035888671873 0.103416442871094
0.28009033203125 -0.311126708984375 -0.000946044921874978 0.101554870605469
0.393463134765625 -0.2113037109375 -0.0764389038085937 0.066436767578125
0.531829833984375 0.104736328125 -0.0975570678710937 -0.00655364990234373
0.444427490234375 0.27496337890625 -0.0423660278320312 -0.0831832885742187
0.399871826171875 0.46917724609375 0.0323257446289063 -0.077178955078125
0.287506103515625 0.414642333984375 0.054840087890625 0.337738037109375
0.3056640625 0.342742919921875 0.0890350341796875 0.179901123046875
0.42718505859375 0.219970703125 0.016510009765625 0.0464019775390625
0.385406494140625 0.03228759765625 -0.0522041320800781 0.0587882995605469
0.3663330078125 -0.1134033203125 -0.0740280151367187 0.120704650878906
0.247222900390625 -0.25482177734375 -0.0850372314453125 0.197479248046875
0.119110107421875 -0.311767578125 -0.00355529785156249 0.24017333984375
0.104644775390625 -0.333404541015625 0.0239715576171875 0.228973388671875
0.0595703125 -0.347015380859375 0.019989013671875 0.208282470703125
0.149826049804688 -0.2730712890625 -0.02130126953125 0.209915161132813
0.2493896484375 -0.227752685546875 -0.0253143310546875 0.156051635742187
0.322113037109375 -0.13525390625 -0.063507080078125 0.095855712890625
0.41357421875 0.107391357421875 -0.0503044128417968 0.0195198059082031
0.34942626953125 0.230499267578125 0.0675315856933594 -0.0249977111816406
0.340240478515625 0.3902587890625 0.146682739257813 0.073577880859375
0.220550537109375 0.240371704101563 0.1536865234375 0.458251953125
0.225189208984375 0.181167602539062 0.175018310546875 0.257339477539063
0.258285522460938 0.101959228515625 0.04888916015625 0.089752197265625
0.217208862304688 0.0049591064453125 -0.039306640625 0.0866165161132813
0.220489501953125 -0.070281982421875 -0.110000610351562 0.145187377929688
0.16265869140625 -0.166000366210937 -0.120620727539062 0.275070190429688
0.089263916015625 -0.19940185546875 -0.00241088867187496 0.34466552734375
0.0843353271484375 -0.214553833007813 0.026885986328125 0.321441650390625
0.067291259765625 -0.230804443359375 0.018707275390625 0.303741455078125
0.131072998046875 -0.162750244140625 -0.051483154296875 0.2774658203125
0.186691284179688 -0.109390258789063 -0.06475830078125 0.178970336914063
0.203079223632813 -0.0382537841796875 -0.0587921142578125 0.103614807128906
0.234100341796875 0.09503173828125 -0.0136566162109375 0.0341777801513672
0.203475952148438 0.150863647460938 0.14794921875 0.030853271484375
0.229690551757813 0.250091552734375 0.231216430664063 0.197662353515625
0.106895446777344 0.0356979370117188 0.234039306640625 0.5172119140625
0.0981292724609375 0.0088958740234375 0.246826171875 0.296905517578125
0.05352783203125 -0.00276947021484375 0.0898971557617187 0.115089416503906
0.0331020355224609 -0.003173828125 -0.00540161132812501 0.0956497192382813
0.0576934814453125 -0.00654220581054688 -0.115127563476562 0.146408081054687
0.0635604858398437 -0.0492439270019531 -0.123504638671875 0.30755615234375
0.0512504577636719 -0.0550003051757812 0.00735473632812499 0.39324951171875
0.0509681701660156 -0.0633621215820313 0.02587890625 0.36541748046875
0.0585556030273437 -0.083099365234375 0.00378417968750004 0.354278564453125
0.0808639526367188 -0.039764404296875 -0.090362548828125 0.300048828125
0.0869827270507813 0.0020751953125 -0.109664916992187 0.169601440429688
0.0554122924804688 0.0324211120605469 -0.060791015625 0.0900039672851563
0.0404167175292969 0.0407676696777344 0.0102272033691406 0.0404815673828125
0.05267333984375 0.0324363708496094 0.188690185546875 0.080596923828125
0.0992813110351563 0.0696029663085938 0.272628784179688 0.279022216796875
0.0271759033203125 0.157623291015625 -0.314300537109375 -0.274261474609375
0.0638885498046875 0.122329711914062 -0.240646362304688 -0.116439819335937
0.136566162109375 0.0497283935546875 -0.0318660736083984 -0.0278701782226562
0.109085083007813 -0.0330734252929688 0.0548667907714844 -0.0404205322265625
0.0471267700195313 -0.0760726928710938 0.15753173828125 -0.107101440429688
-0.00430679321289063 -0.0578422546386719 0.141143798828125 -0.271697998046875
-0.0223388671875 -0.0777587890625 2.07283909346796E-17 -0.360870361328125
-0.00844573974609375 -0.0902328491210938 -0.02911376953125 -0.349273681640625
-0.0178146362304687 -0.0783462524414063 -0.02325439453125 -0.361480712890625
0.0190048217773438 -0.085540771484375 0.06512451171875 -0.3052978515625
0.0656661987304688 -0.0861740112304687 0.073333740234375 -0.158172607421875
0.128768920898438 -0.0525894165039063 -0.0389633178710937 -0.102455139160156
0.134689331054688 0.0718154907226563 -0.139678955078125 -0.142105102539063
0.0792007446289063 0.106658935546875 -0.260147094726563 -0.261245727539063
0.0288848876953125 0.120155334472656 -0.247039794921875 -0.52972412109375
0.14080810546875 0.32611083984375 -0.28546142578125 -0.237640380859375
0.162872314453125 0.264129638671875 -0.218658447265625 -0.120437622070312
0.293121337890625 0.1527099609375 -0.0419387817382812 -0.0377044677734375
0.25811767578125 -0.009063720703125 0.0374031066894531 -0.0246162414550781
0.194656372070313 -0.119842529296875 0.15576171875 -0.0663604736328125
0.09002685546875 -0.162261962890625 0.142547607421875 -0.221237182617188
0.016448974609375 -0.21099853515625 0.014007568359375 -0.303985595703125
0.025177001953125 -0.2337646484375 -0.01947021484375 -0.284942626953125
-0.00204467773437498 -0.2255859375 -0.0306396484375 -0.30047607421875
0.0745086669921875 -0.203842163085938 0.03717041015625 -0.245391845703125
0.164520263671875 -0.185699462890625 0.050018310546875 -0.115066528320313
0.260513305664063 -0.117202758789063 -0.0723190307617187 -0.0712203979492188
0.31927490234375 0.1063232421875 -0.168716430664062 -0.120849609375
0.237625122070313 0.203506469726563 -0.272048950195313 -0.236404418945312
0.181854248046875 0.28564453125 -0.244354248046875 -0.47369384765625
0.233673095703125 0.45611572265625 -0.226730346679688 -0.142181396484375
0.2452392578125 0.383697509765625 -0.168548583984375 -0.0883636474609374
0.421966552734375 0.2467041015625 -0.0419044494628906 -0.041900634765625
0.38824462890625 0.02630615234375 0.0126810073852539 -0.0150613784790039
0.33203125 -0.1424560546875 0.123390197753906 -0.0234298706054688
0.185928344726563 -0.245681762695313 0.1116943359375 -0.140594482421875
0.06060791015625 -0.315582275390625 0.019561767578125 -0.199844360351563
0.055328369140625 -0.343475341796875 -0.00694274902343748 -0.17803955078125
0.00531005859375001 -0.341156005859375 -0.027740478515625 -0.194671630859375
0.10638427734375 -0.30084228515625 0.0147552490234375 -0.14801025390625
0.22802734375 -0.27777099609375 0.0289077758789063 -0.0530929565429688
0.3526611328125 -0.190399169921875 -0.0892257690429687 -0.02655029296875
0.468353271484375 0.1005859375 -0.169815063476563 -0.0826416015625
0.376434326171875 0.254852294921875 -0.238113403320313 -0.18939208984375
0.316162109375 0.400146484375 -0.18994140625 -0.3668212890625
0.297149658203125 0.519317626953125 -0.142913818359375 0.00134277343750003
0.3106689453125 0.44464111328125 -0.092864990234375 -0.018951416015625
0.509918212890625 0.29400634765625 -0.0299243927001953 -0.0309295654296875
0.47216796875 0.045166015625 -0.016366958618164 -0.00144004821777344
0.422332763671875 -0.153350830078125 0.0637779235839844 0.023223876953125
0.253997802734375 -0.297393798828125 0.0528106689453125 -0.0339813232421875
0.095184326171875 -0.373382568359375 0.0167007446289063 -0.0604934692382813
0.07745361328125 -0.40216064453125 0.00738906860351563 -0.04364013671875
0.01165771484375 -0.404632568359375 -0.012115478515625 -0.0633773803710938
0.122283935546875 -0.35284423828125 0.00406646728515626 -0.0261344909667969
0.258758544921875 -0.33050537109375 0.0147418975830078 0.0223808288574219
0.392120361328125 -0.2354736328125 -0.08746337890625 0.0237884521484375
0.544525146484375 0.081695556640625 -0.14208984375 -0.040863037109375
0.45391845703125 0.266998291015625 -0.155029296875 -0.135223388671875
0.40118408203125 0.45098876953125 -0.092010498046875 -0.226943969726563
0.323455810546875 0.49908447265625 -0.041473388671875 0.167922973632813
0.339996337890625 0.4256591796875 -0.000350952148437475 0.074981689453125
0.518951416015625 0.27685546875 -0.00906085968017575 -0.00184726715087889
0.4722900390625 0.038238525390625 -0.0413398742675781 0.0232391357421875
0.4327392578125 -0.152130126953125 -0.00807952880859372 0.0745391845703125
0.2716064453125 -0.305328369140625 -0.0162811279296875 0.0870895385742188
0.11090087890625 -0.373260498046875 0.0109634399414063 0.093017578125
0.08837890625 -0.397003173828125 0.0217056274414063 0.0958786010742187
0.023651123046875 -0.404388427734375 0.009765625 0.0750885009765625
0.131500244140625 -0.342498779296875 1.40995288738506E-17 0.0987701416015625
0.258819580078125 -0.3143310546875 0.00325012207031251 0.0960922241210937
0.37457275390625 -0.221832275390625 -0.073089599609375 0.0682601928710937
0.524322509765625 0.0740966796875 -0.0963897705078125 -0.00590515136718749
0.44317626953125 0.2506103515625 -0.0439300537109375 -0.0810089111328125
0.411590576171875 0.438629150390625 0.0305023193359375 -0.0774307250976562
0.30084228515625 0.392059326171875 0.068115234375 0.323028564453125
0.313812255859375 0.321929931640625 0.0960540771484375 0.168777465820313
0.429229736328125 0.19500732421875 0.0173072814941406 0.0407981872558594
0.376068115234375 0.01593017578125 -0.0509262084960937 0.0557098388671875
0.351898193359375 -0.128265380859375 -0.069580078125 0.119651794433594
0.231246948242188 -0.259674072265625 -0.074371337890625 0.197357177734375
0.103607177734375 -0.3121337890625 0.00933837890624998 0.231826782226562
0.085723876953125 -0.3304443359375 0.0337066650390625 0.21875
0.04071044921875 -0.3411865234375 0.02703857421875 0.19927978515625
0.135330200195312 -0.272964477539063 -0.010223388671875 0.202972412109375
0.233596801757813 -0.2330322265625 -0.0185394287109375 0.151031494140625
0.306976318359375 -0.14501953125 -0.0587234497070313 0.095703125
0.40850830078125 0.083648681640625 -0.0483245849609375 0.0175819396972656
0.35089111328125 0.212005615234375 0.065032958984375 -0.0293235778808594
0.35101318359375 0.36248779296875 0.1478271484375 0.06341552734375
0.226226806640625 0.22625732421875 0.16876220703125 0.435302734375
0.22821044921875 0.167739868164062 0.183441162109375 0.240142822265625
0.258865356445313 0.0886383056640625 0.0515060424804688 0.0824127197265625
0.212692260742187 -0.0028839111328125 -0.0365066528320312 0.08245849609375
0.213058471679688 -0.0791473388671875 -0.103851318359375 0.145645141601563
0.152999877929688 -0.170120239257813 -0.105560302734375 0.27532958984375
0.0789337158203125 -0.20086669921875 0.01495361328125 0.333343505859375
0.07177734375 -0.2142333984375 0.040771484375 0.308837890625
0.053924560546875 -0.2281494140625 0.031097412109375 0.29193115234375
0.12139892578125 -0.164932250976563 -0.03570556640625 0.271148681640625
0.177749633789063 -0.115493774414063 -0.0556640625 0.176055908203125
0.196578979492188 -0.046142578125 -0.0528945922851562 0.101638793945313
0.232864379882812 0.081207275390625 -0.011728286743164 0.0309734344482422
0.20489501953125 0.140335083007813 0.144744873046875 0.021575927734375
0.236373901367188 0.234573364257813 0.234710693359375 0.180389404296875
0.105690002441406 0.0326080322265625 0.2489013671875 0.489715576171875
0.0963287353515625 0.0057525634765625 0.25531005859375 0.275527954101563
0.054718017578125 -0.00409317016601563 0.093170166015625 0.106590270996094
0.0326080322265625 -0.00309562683105469 -0.0027618408203125 0.09033203125
0.0568733215332031 -0.0105628967285156 -0.109359741210938 0.147903442382813
0.0604515075683594 -0.052886962890625 -0.106689453125 0.30718994140625
0.0484848022460938 -0.0578498840332031 0.026458740234375 0.380615234375
0.046722412109375 -0.0655441284179688 0.0418701171875 0.35125732421875
0.05242919921875 -0.0848922729492187 0.0198974609375 0.342498779296875
0.0775985717773438 -0.0436553955078125 -0.072418212890625 0.2950439453125
0.085479736328125 -0.00229644775390625 -0.100112915039062 0.169845581054688
0.0566329956054688 0.0292701721191406 -0.0547409057617188 0.0893096923828125
0.0423660278320313 0.0371589660644531 0.0116386413574219 0.0374488830566406
0.0540008544921875 0.0308418273925781 0.1868896484375 0.0684814453125
0.101455688476563 0.0655899047851563 0.277755737304688 0.258743286132813
0.03070068359375 0.151824951171875 -0.3160400390625 -0.261383056640625
0.0640487670898438 0.117362976074219 -0.240264892578125 -0.106353759765625
0.132713317871094 0.045654296875 -0.0336418151855469 -0.0271854400634766
0.104408264160156 -0.0344314575195312 0.0523147583007813 -0.0396804809570312
0.04339599609375 -0.0732269287109375 0.153533935546875 -0.109756469726563
-0.00452041625976563 -0.0542793273925781 0.131393432617187 -0.272445678710937
-0.0233840942382812 -0.0747833251953125 -0.00991821289062501 -0.352752685546875
-0.011688232421875 -0.0879135131835938 -0.0379638671875 -0.33905029296875
-0.0185699462890625 -0.0761184692382813 -0.0338134765625 -0.352569580078125
0.0160064697265625 -0.0835342407226563 0.05438232421875 -0.301971435546875
0.061676025390625 -0.086822509765625 0.0695953369140625 -0.159286499023438
0.124343872070313 -0.0560760498046875 -0.040130615234375 -0.0980453491210938
0.134361267089844 0.0661468505859375 -0.139846801757813 -0.133758544921875
0.0796432495117187 0.101150512695312 -0.260116577148437 -0.247512817382813
0.0319290161132813 0.115097045898438 -0.252716064453125 -0.510528564453125
0.14776611328125 0.3134765625 -0.2860107421875 -0.22607421875
0.16461181640625 0.253280639648438 -0.218048095703125 -0.111984252929688
0.28887939453125 0.14044189453125 -0.0441474914550781 -0.0370330810546875
0.250320434570312 -0.013671875 0.0345687866210938 -0.0247364044189453
0.186370849609375 -0.119964599609375 0.152542114257813 -0.0702362060546875
0.08642578125 -0.159088134765625 0.134353637695313 -0.2232666015625
0.0112152099609375 -0.207443237304688 0.00524902343750001 -0.298248291015625
0.016632080078125 -0.230712890625 -0.027496337890625 -0.278076171875
-0.00807189941406248 -0.22149658203125 -0.040740966796875 -0.292999267578125
0.06781005859375 -0.200637817382813 0.029541015625 -0.242767333984375
0.155517578125 -0.186752319335938 0.0472412109375 -0.117050170898438
0.252639770507813 -0.121688842773437 -0.0727920532226563 -0.066253662109375
0.31634521484375 0.09368896484375 -0.16790771484375 -0.113693237304688
0.237060546875 0.194168090820313 -0.272323608398438 -0.223983764648437
0.186492919921875 0.2725830078125 -0.248687744140625 -0.45440673828125
0.24188232421875 0.43988037109375 -0.226608276367187 -0.133895874023438
0.250732421875 0.36724853515625 -0.167526245117188 -0.0826568603515625
0.41961669921875 0.229278564453125 -0.0446662902832031 -0.0421371459960937
0.3785400390625 0.0189208984375 0.00898075103759768 -0.0155868530273437
0.32110595703125 -0.146575927734375 0.120986938476563 -0.02764892578125
0.178253173828125 -0.244110107421875 0.105758666992188 -0.142791748046875
0.05145263671875 -0.311492919921875 0.014251708984375 -0.19683837890625
0.04296875 -0.338897705078125 -0.012481689453125 -0.174102783203125
-0.00457763671874999 -0.334808349609375 -0.0350189208984375 -0.190139770507813
0.09765625 -0.29644775390625 0.0107574462890625 -0.1470947265625
0.216323852539063 -0.278961181640625 0.0275726318359375 -0.0558967590332031
0.3408203125 -0.19647216796875 -0.0892791748046875 -0.0222015380859375
0.46246337890625 0.084136962890625 -0.169708251953125 -0.078033447265625
0.37408447265625 0.240692138671875 -0.237396240234375 -0.179946899414063
0.3209228515625 0.38226318359375 -0.19305419921875 -0.352386474609375
0.30584716796875 0.50091552734375 -0.140426635742187 0.00322723388671881
0.316253662109375 0.428131103515625 -0.0912322998046875 -0.01751708984375
0.508148193359375 0.272674560546875 -0.0327205657958984 -0.0329265594482422
0.46173095703125 0.034423828125 -0.0187397003173828 -0.00274276733398437
0.40924072265625 -0.16119384765625 0.0632209777832032 0.0198822021484375
0.243927001953125 -0.29705810546875 0.0513191223144531 -0.0357170104980469
0.084503173828125 -0.37017822265625 0.0162239074707031 -0.0611991882324219
0.062957763671875 -0.396575927734375 0.00580978393554687 -0.0443077087402344
-0.000366210937500032 -0.3974609375 -0.0164833068847656 -0.061920166015625
0.111358642578125 -0.3472900390625 0.00333595275878907 -0.027557373046875
0.24493408203125 -0.330108642578125 0.0156021118164063 0.0180625915527344
0.377593994140625 -0.2413330078125 -0.0863189697265625 0.0271148681640625
0.536285400390625 0.062957763671875 -0.1419677734375 -0.0389404296875
0.451416015625 0.251373291015625 -0.155014038085937 -0.12908935546875
0.40582275390625 0.43182373046875 -0.093780517578125 -0.22021484375
0.330230712890625 0.480712890625 -0.03668212890625 0.1630859375
0.3453369140625 0.4078369140625 0.00247955322265628 0.0711746215820313
0.516387939453125 0.2550048828125 -0.011117935180664 -0.00494289398193358
0.463714599609375 0.0286865234375 -0.0428504943847656 0.0219650268554688
0.42095947265625 -0.16070556640625 -0.00728607177734373 0.0724029541015625
0.261383056640625 -0.305755615234375 -0.0135574340820312 0.0858917236328125
0.10040283203125 -0.37115478515625 0.0150680541992188 0.0886917114257812
0.073974609375 -0.393096923828125 0.0236663818359375 0.09130859375
0.01190185546875 -0.396575927734375 0.00914001464843751 0.0724105834960937
0.12298583984375 -0.338470458984375 0.00311279296875 0.0942535400390625
0.247039794921875 -0.31658935546875 0.00536346435546876 0.0910415649414062
0.36163330078125 -0.2255859375 -0.0711746215820312 0.0699310302734375
0.51605224609375 0.056884765625 -0.0955886840820312 -0.00637817382812501
0.4422607421875 0.2362060546875 -0.045257568359375 -0.0804595947265625
0.41693115234375 0.41900634765625 0.0298080444335938 -0.0778427124023437
0.306243896484375 0.379547119140625 0.073944091796875 0.31121826171875
0.317626953125 0.30889892578125 0.0990142822265625 0.160430908203125
0.428680419921875 0.178375244140625 0.0168571472167969 0.0363311767578125
0.368438720703125 0.007476806640625 -0.0514640808105469 0.0532951354980469
0.3426513671875 -0.1356201171875 -0.0668792724609374 0.118980407714844
0.222427368164063 -0.262130737304688 -0.0674285888671875 0.19671630859375
0.093658447265625 -0.311737060546875 0.0168914794921875 0.22467041015625
0.074432373046875 -0.328704833984375 0.038360595703125 0.211669921875
0.029632568359375 -0.334991455078125 0.030181884765625 0.192626953125
0.127593994140625 -0.271224975585938 -0.0037689208984375 0.19671630859375
0.22320556640625 -0.234222412109375 -0.0147247314453125 0.146682739257812
0.297637939453125 -0.148651123046875 -0.055633544921875 0.095733642578125
0.402557373046875 0.070404052734375 -0.0484580993652344 0.0154647827148438
0.3492431640625 0.200836181640625 0.0626411437988282 -0.0325851440429687
0.354400634765625 0.347503662109375 0.1474609375 0.05731201171875
0.228652954101563 0.218734741210938 0.17620849609375 0.4190673828125
0.228851318359375 0.159439086914063 0.186630249023438 0.227767944335938
0.259201049804688 0.0800933837890625 0.0521240234375 0.076446533203125
0.209487915039062 -0.00628662109375 -0.03594970703125 0.07867431640625
0.20733642578125 -0.0850067138671875 -0.100418090820312 0.145965576171875
0.146255493164063 -0.173355102539063 -0.095794677734375 0.275238037109375
0.0732269287109375 -0.201980590820313 0.025115966796875 0.32403564453125
0.0641326904296875 -0.213211059570313 0.04791259765625 0.2984619140625
0.0458831787109375 -0.225296020507813 0.037353515625 0.28289794921875
0.116256713867188 -0.166030883789063 -0.026702880859375 0.2640380859375
0.172088623046875 -0.117843627929688 -0.050750732421875 0.17340087890625
0.1920166015625 -0.0494842529296875 -0.0504379272460937 0.100624084472656
0.231002807617187 0.0718841552734375 -0.0116729736328125 0.0279655456542969
0.2056884765625 0.133560180664063 0.14190673828125 0.0156097412109375
0.240310668945312 0.2247314453125 0.234512329101563 0.169662475585938
0.104591369628906 0.0317535400390625 0.254791259765625 0.47052001953125
0.0947952270507813 0.0039825439453125 0.256484985351563 0.26068115234375
0.0553359985351562 -0.0050201416015625 0.0941848754882813 0.0999298095703125
0.0328578948974609 -0.00288200378417969 -0.00250244140624999 0.0859756469726563
0.0565719604492188 -0.0130691528320313 -0.106491088867188 0.148971557617188
0.0578384399414063 -0.0550422668457031 -0.09637451171875 0.306915283203125
0.0465126037597656 -0.0605545043945312 0.037567138671875 0.37017822265625
0.044952392578125 -0.0666885375976563 0.050750732421875 0.34051513671875
0.0481948852539063 -0.0854644775390625 0.028167724609375 0.332122802734375
0.0758514404296875 -0.0461196899414063 -0.0625 0.289794921875
0.0848922729492188 -0.00514984130859375 -0.0939483642578125 0.169235229492187
0.0573616027832031 0.0273818969726562 -0.0510025024414063 0.0878677368164063
0.043487548828125 0.0350074768066406 0.0120868682861328 0.0344772338867188
0.055419921875 0.0303115844726562 0.184600830078125 0.060821533203125
0.103546142578125 0.0636367797851563 0.278106689453125 0.245529174804688
0.033782958984375 0.14892578125 -0.320648193359375 -0.25439453125
0.0643539428710938 0.114921569824219 -0.241226196289062 -0.100967407226563
0.130874633789063 0.0430374145507813 -0.0352439880371094 -0.0263595581054687
0.102287292480469 -0.0354080200195312 0.0514030456542969 -0.0396347045898438
0.0414505004882813 -0.0711593627929688 0.152755737304688 -0.11376953125
-0.0034637451171875 -0.0516357421875 0.125640869140625 -0.277023315429688
-0.0246963500976563 -0.0723724365234375 -0.017852783203125 -0.35089111328125
-0.0140304565429688 -0.0871658325195313 -0.044708251953125 -0.33587646484375
-0.0200653076171875 -0.075469970703125 -0.042449951171875 -0.350189208984375
0.014129638671875 -0.082489013671875 0.047515869140625 -0.302459716796875
0.0584182739257813 -0.088043212890625 0.067840576171875 -0.162521362304688
0.121841430664063 -0.0592727661132813 -0.041107177734375 -0.0947723388671875
0.135467529296875 0.0621414184570313 -0.141189575195313 -0.128753662109375
0.08050537109375 0.0977783203125 -0.26287841796875 -0.239883422851563
0.0337066650390625 0.112350463867188 -0.258758544921875 -0.50164794921875
0.15411376953125 0.3087158203125 -0.2901611328125 -0.219573974609375
0.1685791015625 0.249267578125 -0.220046997070312 -0.107223510742188
0.288909912109375 0.133209228515625 -0.0464286804199219 -0.0372352600097656
0.2476806640625 -0.0167694091796875 0.0328865051269531 -0.0251102447509766
0.182876586914063 -0.120681762695313 0.152084350585938 -0.0747528076171875
0.0853729248046875 -0.158050537109375 0.129592895507813 -0.227569580078125
0.00721740722656249 -0.206680297851562 -0.00109863281249997 -0.297454833984375
0.0109710693359375 -0.230072021484375 -0.0334625244140625 -0.275299072265625
-0.0123443603515625 -0.220733642578125 -0.04827880859375 -0.290374755859375
0.06500244140625 -0.201339721679688 0.024017333984375 -0.244720458984375
0.151046752929688 -0.18994140625 0.0456466674804688 -0.121078491210938
0.249786376953125 -0.127273559570313 -0.0736541748046875 -0.0626296997070313
0.31768798828125 0.085968017578125 -0.170013427734375 -0.11016845703125
0.24041748046875 0.188812255859375 -0.27496337890625 -0.217849731445312
0.191543579101563 0.267562866210938 -0.253448486328125 -0.448699951171875
0.251708984375 0.43310546875 -0.228530883789063 -0.130523681640625
0.255218505859375 0.36102294921875 -0.1688232421875 -0.0799255371093749
0.4224853515625 0.218231201171875 -0.0476226806640625 -0.0432090759277344
0.3765869140625 0.013641357421875 0.00657939910888674 -0.0157299041748047
0.31561279296875 -0.151580810546875 0.121292114257813 -0.03216552734375
0.17608642578125 -0.245452880859375 0.102264404296875 -0.146270751953125
0.04534912109375 -0.3123779296875 0.010162353515625 -0.198043823242188
0.034454345703125 -0.3389892578125 -0.016357421875 -0.173110961914063
-0.011688232421875 -0.333740234375 -0.04144287109375 -0.188369750976563
0.093109130859375 -0.296600341796875 0.00634765625 -0.148666381835938
0.209625244140625 -0.28314208984375 0.0269737243652344 -0.0592727661132813
0.33660888671875 -0.20294189453125 -0.0894927978515625 -0.018035888671875
0.4625244140625 0.07318115234375 -0.17156982421875 -0.0753326416015625
0.37701416015625 0.234649658203125 -0.239501953125 -0.175582885742187
0.3284912109375 0.37445068359375 -0.196441650390625 -0.348175048828125
0.31768798828125 0.4937744140625 -0.140228271484375 0.00479125976562503
0.323394775390625 0.42041015625 -0.0912246704101563 -0.0167083740234375
0.51251220703125 0.259613037109375 -0.0355682373046875 -0.0349655151367187
0.45989990234375 0.028594970703125 -0.0218029022216797 -0.00326919555664063
0.40472412109375 -0.167877197265625 0.0632095336914063 0.017303466796875
0.239776611328125 -0.302215576171875 0.0502395629882813 -0.0371589660644531
0.07733154296875 -0.37249755859375 0.0154762268066406 -0.063140869140625
0.05291748046875 -0.39776611328125 0.00420379638671875 -0.0447425842285156
-0.00915527343749998 -0.395751953125 -0.0200843811035156 -0.0613594055175781
0.106597900390625 -0.348724365234375 0.00259971618652344 -0.030324935913086
0.23876953125 -0.335235595703125 0.0153141021728516 0.0149335861206054
0.3736572265625 -0.246490478515625 -0.0862884521484375 0.0309600830078125
0.537384033203125 0.051605224609375 -0.143646240234375 -0.0382080078125
0.45526123046875 0.244476318359375 -0.156585693359375 -0.127334594726563
0.414825439453125 0.421783447265625 -0.0951995849609375 -0.218414306640625
0.34185791015625 0.473846435546875 -0.0340423583984375 0.161346435546875
0.353424072265625 0.40087890625 0.00405883789062503 0.0691719055175781
0.52264404296875 0.240997314453125 -0.013336181640625 -0.00760555267333983
0.46221923828125 0.022613525390625 -0.0450553894042968 0.0206756591796875
0.416473388671875 -0.169708251953125 -0.00646209716796872 0.071441650390625
0.25665283203125 -0.3123779296875 -0.0113906860351562 0.08599853515625
0.09259033203125 -0.3759765625 0.0180282592773438 0.0855941772460937
0.06396484375 -0.394561767578125 0.024810791015625 0.08917236328125
0.00177001953124999 -0.39532470703125 0.00820159912109375 0.0718841552734375
0.11767578125 -0.340057373046875 0.00530242919921875 0.0917282104492187
0.239105224609375 -0.321044921875 0.00631713867187501 0.0893707275390625
0.357452392578125 -0.230377197265625 -0.0699996948242187 0.0727462768554688
0.51458740234375 0.046722412109375 -0.0974273681640625 -0.0072479248046875
0.44573974609375 0.22906494140625 -0.0469970703125 -0.080963134765625
0.42596435546875 0.4093017578125 0.0292282104492188 -0.0790634155273437
0.314697265625 0.374786376953125 0.07867431640625 0.30596923828125
0.32421875 0.302032470703125 0.10296630859375 0.155960083007813
0.433013916015625 0.167816162109375 0.0163211822509766 0.0329513549804688
0.369659423828125 0.0040283203125 -0.0529136657714844 0.0519828796386719
0.339935302734375 -0.144012451171875 -0.0659027099609375 0.119979858398437
0.218338012695313 -0.268173217773438 -0.0627593994140625 0.19891357421875
0.087738037109375 -0.3167724609375 0.0229339599609375 0.220794677734375
0.066436767578125 -0.330841064453125 0.041961669921875 0.208358764648437
0.0218505859375 -0.3345947265625 0.0317840576171875 0.190597534179688
0.123321533203125 -0.2734375 0.000473022460937521 0.194259643554687
0.2193603515625 -0.23822021484375 -0.0128326416015625 0.145187377929687
0.295135498046875 -0.15313720703125 -0.054412841796875 0.0973434448242187
0.40374755859375 0.061309814453125 -0.0497207641601562 0.01348876953125
0.35308837890625 0.19586181640625 0.0608100891113281 -0.0352134704589844
0.36260986328125 0.340606689453125 0.148574829101563 0.0535430908203125
0.233139038085937 0.21649169921875 0.181671142578125 0.41204833984375
0.231979370117188 0.155654907226563 0.190811157226563 0.2215576171875
0.261856079101563 0.07415771484375 0.0532684326171875 0.07305908203125
0.21026611328125 -0.008575439453125 -0.0367965698242188 0.0777511596679688
0.205780029296875 -0.089935302734375 -0.099609375 0.149002075195313
0.143280029296875 -0.178253173828125 -0.0895843505859375 0.27850341796875
0.0684814453125 -0.206695556640625 0.0325927734375 0.319915771484375
0.059417724609375 -0.216232299804688 0.052520751953125 0.294464111328125
0.040863037109375 -0.226181030273438 0.0413360595703125 0.280105590820312
0.1143798828125 -0.168136596679688 -0.020904541015625 0.262557983398437
0.170272827148438 -0.121917724609375 -0.04803466796875 0.172821044921875
0.191619873046875 -0.0519561767578125 -0.0482406616210937 0.101646423339844
0.23187255859375 0.066497802734375 -0.0127067565917969 0.0260429382324219
0.208709716796875 0.13177490234375 0.140731811523437 0.01055908203125
0.245468139648438 0.220855712890625 0.237030029296875 0.164794921875
0.1053466796875 0.0320816040039062 0.260101318359375 0.461395263671875
0.0941696166992188 0.00299835205078125 0.2611083984375 0.253173828125
0.0567131042480469 -0.00590133666992188 0.0954818725585938 0.0969314575195313
0.0339183807373047 -0.00237464904785156 -0.00244903564453124 0.0842514038085938
0.0566673278808594 -0.0149154663085938 -0.105682373046875 0.152450561523438
0.0566825866699219 -0.0580635070800781 -0.090118408203125 0.311065673828125
0.0454750061035156 -0.0636634826660156 0.045928955078125 0.3668212890625
0.0433807373046875 -0.06903076171875 0.056732177734375 0.336517333984375
0.0461273193359375 -0.0869064331054687 0.034210205078125 0.328582763671875
0.0752639770507813 -0.0489273071289062 -0.055206298828125 0.289520263671875
0.0859756469726563 -0.007720947265625 -0.090728759765625 0.170822143554687
0.0587196350097656 0.0263328552246094 -0.0489578247070312 0.087860107421875
0.0451126098632813 0.0334587097167969 0.0112438201904297 0.0329017639160156
0.057525634765625 0.0309066772460938 0.184219360351563 0.055877685546875
0.106086730957031 0.0633468627929687 0.28216552734375 0.2406005859375
0.0391845703125 0.14794921875 -0.332794189453125 -0.248260498046875
0.067230224609375 0.113975524902344 -0.248306274414063 -0.0940399169921875
0.132293701171875 0.0397720336914063 -0.0373802185058594 -0.0257530212402344
0.101272583007813 -0.0379638671875 0.0508613586425781 -0.0402069091796875
0.0395545959472656 -0.0701675415039063 0.151870727539063 -0.122314453125
-0.00291824340820312 -0.0504722595214844 0.117706298828125 -0.287322998046875
-0.0265121459960938 -0.0715103149414063 -0.030059814453125 -0.35333251953125
-0.0183258056640625 -0.0870590209960938 -0.05706787109375 -0.33642578125
-0.0228118896484375 -0.0760650634765625 -0.054351806640625 -0.351593017578125
0.0118331909179688 -0.0833587646484375 0.0367431640625 -0.308990478515625
0.0554580688476562 -0.0907669067382813 0.0653839111328125 -0.1693115234375
0.120803833007813 -0.0648651123046875 -0.0436630249023438 -0.0929107666015625
0.139694213867188 0.0577621459960938 -0.145553588867188 -0.124313354492188
0.0830764770507813 0.0956878662109375 -0.272018432617188 -0.233657836914062
0.03759765625 0.111503601074219 -0.273223876953125 -0.498565673828125
0.166595458984375 0.306427001953125 -0.30035400390625 -0.21429443359375
0.17755126953125 0.245285034179688 -0.225296020507813 -0.101226806640625
0.29559326171875 0.12481689453125 -0.05035400390625 -0.0369224548339844
0.249160766601563 -0.0221405029296875 0.0310802459716797 -0.0258617401123047
0.180328369140625 -0.125930786132813 0.152801513671875 -0.0825042724609375
0.0844573974609375 -0.161773681640625 0.12310791015625 -0.23675537109375
0.00143432617187501 -0.208511352539062 -0.011688232421875 -0.3011474609375
0.00183105468750001 -0.232894897460938 -0.043701171875 -0.275894165039062
-0.02044677734375 -0.22283935546875 -0.05938720703125 -0.291046142578125
0.060211181640625 -0.205230712890625 0.014678955078125 -0.250473022460938
0.146026611328125 -0.197540283203125 0.0433197021484375 -0.1265869140625
0.249252319335937 -0.137115478515625 -0.0758438110351562 -0.0592803955078125
0.324615478515625 0.07562255859375 -0.17572021484375 -0.105926513671875
0.247711181640625 0.1846923828125 -0.28302001953125 -0.2110595703125
0.201919555664063 0.264373779296875 -0.267242431640625 -0.44537353515625
0.268829345703125 0.4295654296875 -0.235092163085938 -0.1256103515625
0.2698974609375 0.355682373046875 -0.172760009765625 -0.0754089355468749
0.433380126953125 0.205108642578125 -0.0519294738769531 -0.0441360473632812
0.380767822265625 0.005096435546875 0.00402259826660159 -0.0167369842529297
0.315093994140625 -0.161224365234375 0.122444152832031 -0.0386276245117188
0.173507690429688 -0.2535400390625 0.09881591796875 -0.153060913085938
0.03662109375 -0.3179931640625 0.00375366210937502 -0.20196533203125
0.0216064453125 -0.344482421875 -0.0225982666015625 -0.1739501953125
-0.023040771484375 -0.337860107421875 -0.0497589111328125 -0.187759399414063
0.0870361328125 -0.30303955078125 0.00071716308593749 -0.152145385742188
0.20269775390625 -0.29351806640625 0.0251655578613281 -0.0640373229980469
0.33514404296875 -0.21624755859375 -0.09100341796875 -0.0130767822265625
0.470947265625 0.0574951171875 -0.177597045898437 -0.0721893310546875
0.388031005859375 0.2293701171875 -0.246963500976563 -0.170639038085937
0.34454345703125 0.36846923828125 -0.207000732421875 -0.345947265625
0.3399658203125 0.489288330078125 -0.142105102539062 0.00747680664062505
0.339630126953125 0.41302490234375 -0.0923080444335937 -0.0148849487304687
0.526214599609375 0.245086669921875 -0.0392951965332031 -0.0364761352539062
0.464996337890625 0.01800537109375 -0.0248622894287109 -0.00311851501464844
0.40496826171875 -0.183441162109375 0.0650367736816407 0.0133590698242187
0.237548828125 -0.3133544921875 0.0498886108398438 -0.040069580078125
0.066375732421875 -0.381744384765625 0.0135498046875 -0.0670890808105469
0.038818359375 -0.404876708984375 0.001983642578125 -0.045928955078125
-0.0223388671875 -0.400238037109375 -0.0248794555664062 -0.060546875
0.0997314453125 -0.35638427734375 0.000770568847656257 -0.0323200225830078
0.23004150390625 -0.347259521484375 0.0153961181640625 0.012063980102539
0.37213134765625 -0.26202392578125 -0.085906982421875 0.0363998413085937
0.54510498046875 0.034088134765625 -0.149063110351562 -0.035980224609375
0.4677734375 0.235260009765625 -0.163009643554687 -0.124969482421875
0.43426513671875 0.4141845703125 -0.101043701171875 -0.21826171875
0.363983154296875 0.47027587890625 -0.02984619140625 0.162261962890625
0.37042236328125 0.393524169921875 0.00720214843750002 0.0685768127441407
0.536773681640625 0.227386474609375 -0.0155620574951172 -0.0100021362304687
0.470611572265625 0.010284423828125 -0.0480575561523437 0.0210380554199219
0.41680908203125 -0.18536376953125 -0.00383758544921873 0.071624755859375
0.252471923828125 -0.32513427734375 -0.00847625732421873 0.0878372192382812
0.08099365234375 -0.385162353515625 0.021087646484375 0.0828933715820312
0.049713134765625 -0.402587890625 0.0269775390625 0.088775634765625
-0.0111083984375 -0.39990234375 0.00865173339843749 0.0728759765625
0.111053466796875 -0.348052978515625 0.00757598876953126 0.0911788940429687
0.232086181640625 -0.331817626953125 0.00776672363281252 0.0881118774414062
0.357452392578125 -0.243927001953125 -0.0685348510742187 0.0777740478515625
0.523101806640625 0.0294189453125 -0.10162353515625 -0.00643920898437502
0.458648681640625 0.22216796875 -0.050994873046875 -0.0820465087890625
0.44573974609375 0.40234375 0.0287017822265625 -0.0808868408203125
0.332275390625 0.37042236328125 0.0885009765625 0.30523681640625
0.3387451171875 0.296173095703125 0.109451293945313 0.152740478515625
0.44500732421875 0.15679931640625 0.0162944793701172 0.030447006225586
0.376007080078125 -0.004608154296875 -0.0544548034667968 0.0524444580078125
0.339630126953125 -0.157501220703125 -0.063568115234375 0.123260498046875
0.214248657226563 -0.280227661132813 -0.056365966796875 0.2052001953125
0.078277587890625 -0.32720947265625 0.0313873291015625 0.219650268554687
0.05511474609375 -0.338836669921875 0.0479736328125 0.20782470703125
0.011199951171875 -0.339813232421875 0.0363616943359375 0.191864013671875
0.119171142578125 -0.28143310546875 0.00648498535156252 0.194732666015625
0.215072631835938 -0.248443603515625 -0.0096588134765625 0.146453857421875
0.29620361328125 -0.163116455078125 -0.0515213012695312 0.101295471191406
0.410400390625 0.04833984375 -0.0527114868164062 0.0135421752929688
0.364166259765625 0.189666748046875 0.0587654113769531 -0.0393524169921875
0.37982177734375 0.33428955078125 0.15216064453125 0.049774169921875
0.243743896484375 0.213729858398437 0.193817138671875 0.409393310546875
0.23956298828125 0.150802612304687 0.200958251953125 0.216110229492188
0.268447875976563 0.0666656494140625 0.0552902221679688 0.070587158203125
0.2139892578125 -0.0141143798828125 -0.0372314453125 0.0784454345703125
0.206146240234375 -0.0991363525390625 -0.0977783203124999 0.154861450195313
0.140106201171875 -0.186935424804688 -0.081024169921875 0.287139892578125
0.062774658203125 -0.214645385742188 0.044281005859375 0.31951904296875
0.0526885986328125 -0.222457885742188 0.06170654296875 0.29364013671875
0.033782958984375 -0.230377197265625 0.049591064453125 0.280853271484375
0.111923217773438 -0.175033569335938 -0.0127410888671875 0.264617919921875
0.168731689453125 -0.12933349609375 -0.0433502197265625 0.1768798828125
0.193954467773438 -0.058013916015625 -0.0450286865234375 0.104232788085937
0.237213134765625 0.059722900390625 -0.014657974243164 0.0249309539794922
0.216796875 0.127853393554688 0.140884399414063 0.00546264648437501
0.257217407226563 0.216949462890625 0.24468994140625 0.159774780273438
0.107780456542969 0.0318756103515625 0.27423095703125 0.45721435546875
0.0953521728515625 0.001373291015625 0.2720947265625 0.24591064453125
0.0583992004394531 -0.00724029541015625 0.0996322631835938 0.0939102172851563
0.0357131958007813 -0.0023956298828125 -0.0017547607421875 0.0841522216796875
0.0565986633300781 -0.0181007385253906 -0.103836059570313 0.160308837890625
0.0551300048828125 -0.0619392395019531 -0.079620361328125 0.320892333984375
0.043243408203125 -0.0689125061035156 0.059234619140625 0.367218017578125
0.0418853759765625 -0.0731658935546875 0.066558837890625 0.33642578125
0.0438613891601563 -0.089691162109375 0.044403076171875 0.3302001953125
0.075775146484375 -0.0531768798828125 -0.04638671875 0.293426513671875
0.087554931640625 -0.0114364624023438 -0.08624267578125 0.176422119140625
0.0614509582519531 0.0249900817871094 -0.0458526611328125 0.0894546508789063
0.0476417541503906 0.0324211120605469 0.0108108520507813 0.0322132110595703
0.0609512329101563 0.0305709838867187 0.18646240234375 0.0495758056640625
0.111396789550781 0.0617294311523438 0.292633056640625 0.235504150390625
0.137767256227783 -0.088311768063036 -0.00221288202785453 -0.433630711046042
0.0752994778340253 -0.124063018916726 -0.065575477366063 -0.28303670456861
-0.0408991835619601 -0.131146739596494 -0.0208561245373444 -0.0245507529204195
-0.107260559235703 -0.0551858287786053 0.0596460956814722 0.0555128214484066
-0.091554793666487 0.0365487000117864 0.211259132217854 0.0769217478013829
-0.0517692482317451 0.0596736262136341 0.318853272923244 -0.0257159405848358
-0.0470281551440245 0.0813121074001596 0.331014913687769 -0.150441974996577
-0.0424408487934243 0.0915507319384438 0.301953883715082 -0.216919107433507
-0.0543356166946356 0.0893964583615378 0.31012595457062 -0.196307827188374
-0.0685245376888902 0.0630438984210971 0.286096336467029 -0.109308011518386
-0.107612569516597 0.0306060324513964 0.194645122558833 -0.0103127218379058
-0.128978349801135 -0.0549567573761801 0.0545819702601817 -0.0646395996692232
-0.0562473654889242 -0.122404891965147 0.0053216385094583 -0.179795449946186
0.0351165021048397 -0.104864710455284 0.050221829601565 -0.355656702292663
0.0828771009478249 -0.0626835851746475 0.207899318459842 -0.515416417002885
0.191544560392754 -0.27876996829631 -0.0431285593690651 -0.3832687081721
0.107378221108602 -0.296732456253221 -0.0817036627275219 -0.264805691047341
-0.0678413629882497 -0.315455367973947 -0.0536204349509596 -0.0153958882096959
-0.197907472332748 -0.193513080305553 0.0139903751058494 0.0811225429212892
-0.23655681549471 -0.0275366874006417 0.179277798941606 0.123322614891967
-0.192429925142346 0.0592376303699018 0.28645507471327 0.0218584682113225
-0.184741861669233 0.128408830639407 0.300501672607372 -0.0940119826916471
-0.161460831828723 0.168179649835224 0.262992184012859 -0.166752703670689
-0.180158451665599 0.170814554983643 0.262688301674196 -0.162252983602391
-0.195619482657661 0.100534639912009 0.230518726972735 -0.0811066662310797
-0.246793260212854 0.0361949718354599 0.145418842470176 0.0102103196972516
-0.269778899527173 -0.1215905205406 -0.00170498078897942 -0.0541054501182121
-0.17647830433177 -0.258393187494733 -0.0400912033040286 -0.182894638411153
0.00406924147177852 -0.283210444611897 0.00454104782792577 -0.355840002430761
0.116577453714426 -0.268374281216736 0.154722004232836 -0.493657616127833
0.226750755397575 -0.437234402483091 -0.106027278405412 -0.274399854516719
0.130002464513218 -0.443146497601699 -0.107317368991256 -0.202446743886617
-0.0848743930618424 -0.476708809828495 -0.0809070354053149 0.00199417993779868
-0.26667016271996 -0.326591448758583 -0.0313173372133673 0.0923460983722838
-0.359903493513163 -0.10183028603446 0.123196037747548 0.142189403912935
-0.316112085943965 0.0429033285269499 0.207555180704443 0.0575582735264212
-0.302119979400803 0.151441956257612 0.220287665069037 -0.0266301489197314
-0.257361609076284 0.22021946002254 0.185532557355206 -0.0904421449180978
-0.274691876373748 0.23349008728982 0.180863364729686 -0.0997528101789202
-0.291018191988366 0.138837569594326 0.147375620519577 -0.0322799302779368
-0.355320369106054 0.0567216131349375 0.0811616377402951 0.0401577805316719
-0.390229715990607 -0.148671874819506 -0.0542669089081469 -0.0254421728752982
-0.293550447108446 -0.342943470767601 -0.0773760781404194 -0.154929124663482
-0.0493981258003442 -0.416587280973487 -0.0286921472207838 -0.302058127083275
0.120177503545425 -0.436511544408221 0.101307551845313 -0.400308185120031
0.225814167044585 -0.539918513092869 -0.178973854829884 -0.115300110295352
0.121709070700914 -0.542562282093487 -0.140760531510696 -0.0928992179993345
-0.109288888373931 -0.578093980117374 -0.0998332150543645 0.033803547316636
-0.314620591548069 -0.410993563952573 -0.071693234441052 0.0931191699619486
-0.438771160086522 -0.155947116541795 0.0427103329619413 0.134152569117482
-0.396212274759728 0.0223250781412112 0.0892213133651239 0.079645040368663
-0.375534232460754 0.151879563094498 0.0998161592376146 0.0424895583203289
-0.314649134807107 0.239133373094979 0.0800591141156214 -0.000411702578082092
-0.328570179438209 0.260711229334301 0.0792908368690596 -0.0165693935501094
-0.34266866161397 0.155807819159719 0.0490119168514503 0.0335118823593217
-0.411594315964151 0.0698648663428697 0.00720629760381803 0.0772629027797611
-0.45225202311813 -0.156310634009871 -0.096846019686438 0.0136479579071368
-0.364711509670464 -0.37691058033566 -0.0942479682387819 -0.10524832884778
-0.0950681305938473 -0.485180725813387 -0.033797500781024 -0.205020850355401
0.10595931106446 -0.532820615705116 0.0592677247519448 -0.247978558471717
0.181299741844234 -0.563572708984257 -0.246083235007477 0.0729070604674554
0.0750206085703922 -0.559609281971041 -0.168292443966673 0.0492522090262653
-0.135186107732253 -0.579143112752464 -0.108697961867514 0.0758702244641388
-0.323563452436119 -0.414664767883571 -0.104284235075589 0.0872272058799188
-0.445186137782245 -0.168773825008008 -0.0502840012674107 0.105539613656312
-0.407983952541106 0.00642719008117849 -0.0513144775342225 0.0905522500295489
-0.390035932352321 0.133368691084605 -0.0388640453392796 0.106500821910084
-0.324323735828895 0.221425461510764 -0.0369163860514285 0.0895503927211584
-0.333844297970975 0.241509713383447 -0.0307589038619483 0.0714267540428705
-0.346916919045892 0.135364873768756 -0.0536661303694014 0.0994709278987955
-0.402811898212318 0.0546667174512828 -0.0685681286338882 0.106963677181184
-0.428633307184713 -0.155645237180681 -0.125497012863446 0.0464373393543314
-0.35487501213494 -0.362942106213002 -0.0906727226522552 -0.0515211693369413
-0.106037221046918 -0.472133564798763 -0.0130084638126636 -0.0866105761726112
0.0827341724412785 -0.540257875134525 0.0318148306518601 -0.0664845155721264
0.103880925055383 -0.500300139772263 -0.285062998134788 0.259390677056241
0.00687353745567791 -0.476586350357664 -0.175496215746745 0.194324738640641
-0.141067419791852 -0.464121894339033 -0.102728203466881 0.11438375791995
-0.270254077000926 -0.325200035392555 -0.120236333825368 0.0754653655749601
-0.363032540225544 -0.141541082634475 -0.1355574829761 0.0690318228857056
-0.342745047212319 -0.00349374582261218 -0.182165683849161 0.0937205585245958
-0.335791582584089 0.0966682716207884 -0.169653128051282 0.157094991130203
-0.283812459045256 0.167654893148265 -0.146584038591226 0.165333026115184
-0.295996712344284 0.178818289120491 -0.135163685319257 0.14469924060451
-0.303294296673616 0.080232380929103 -0.149007206805175 0.142996531472186
-0.327611736428282 0.00708770744716531 -0.138763672426757 0.110688435963629
-0.322511017959533 -0.156951064130484 -0.139364705004078 0.0572036906576604
-0.261353023197792 -0.30569298549472 -0.0732177177468399 -0.0103222517537442
-0.0800172227843908 -0.385974010221399 0.0168440948567314 0.0277910805145747
0.0576976873767119 -0.461002300521244 0.0136342770293238 0.11219151951544
0.0134499616914224 -0.354605978071905 -0.284292725714984 0.410657861402161
-0.0574248106751534 -0.307696948987888 -0.153312178750089 0.315160453172097
-0.114372335871807 -0.267777353147253 -0.0792579510133438 0.143225221006646
-0.163047924089069 -0.183460017150355 -0.11225319456571 0.0626822538404114
-0.218481729747296 -0.0910699174238582 -0.190201229318997 0.0332976826388953
-0.220355099217784 -0.0138243289158202 -0.27548923425513 0.0934046479279535
-0.228654831965396 0.043979886449099 -0.268916263355283 0.190359246875116
-0.202266216070492 0.0889147583605769 -0.232839017719147 0.21586239428295
-0.214913977564088 0.088736445004305 -0.223078501039394 0.187183410309965
-0.215409606929456 0.0126706882903683 -0.2254077890657 0.147435020330685
-0.207609684361659 -0.0428391064482078 -0.190664405151502 0.0774311878142385
-0.168853548092413 -0.136733911903754 -0.136205636340142 0.0394846532712521
-0.131691496540591 -0.201131364518498 -0.0504762664856009 0.0136341575356098
-0.0413569750672037 -0.240924035310754 0.0379579723726481 0.120157111268118
0.0241220517796157 -0.313404832210898 -0.00142841231074237 0.259491598494497
-0.0691821848134813 -0.151644372742753 -0.244002304826863 0.503140956197733
-0.0919794123067473 -0.0948455092198143 -0.103026612842987 0.392336231872066
-0.0530882414106798 -0.050609957875668 -0.037180378189626 0.158399092775565
-0.028873277331098 -0.0371211056896585 -0.0804163961140965 0.0495289964903287
-0.0479911374569269 -0.0444683852724447 -0.207973209470561 0.00544817360402203
-0.0704293573958494 -0.0329934865029521 -0.317483778895839 0.0905728585701548
-0.0893437348486412 -0.0210609723738583 -0.320485945300408 0.201169124255258
-0.0888547427421514 -0.00411186789116962 -0.283828685701119 0.233809716165439
-0.0999131028015962 -0.00656179832630884 -0.282520888508537 0.193204800519049
-0.0947432800733508 -0.0407985413147622 -0.273456584226376 0.115965545536382
-0.0638181473815765 -0.064273941971277 -0.214590003334073 0.0186868360574866
-0.0152521537564625 -0.0747372924468508 -0.114543361422735 0.00672549379466571
-0.0139036964121748 -0.0579782149332816 -0.0268641460617327 0.0269113494680009
-0.0240040685104938 -0.068795994775487 0.043515112650162 0.18386355358091
-0.0238882966874414 -0.12712550717852 -0.0145595444369754 0.356723766787974
0.129705238849822 -0.0951285012146546 -0.0282770136471786 -0.432540424848694
0.0675696756107841 -0.127234457587592 -0.0843968067952096 -0.27755907679623
-0.0475830184485017 -0.126734453240174 -0.0219840213567317 -0.0248031570401861
-0.109070887998483 -0.0479644822301894 0.0624944557453431 0.0512643314530241
-0.087691895577076 0.0405132501752166 0.216900171338965 0.0615912642509696
-0.0485174881610009 0.061213396804944 0.31668266152815 -0.0489579602345683
-0.0414000456974066 0.0833599592509886 0.318217489705844 -0.171242338223705
-0.0349925362306232 0.0935225924528062 0.284657178361887 -0.233663756529936
-0.0470281311166149 0.0926460975566468 0.294680146272701 -0.216117591362773
-0.0638038207828602 0.0670538344344865 0.277723681329051 -0.128160984546069
-0.104599756574924 0.0383097528077148 0.195838714612359 -0.0236213403654909
-0.131877309734524 -0.0448557076103964 0.0497535436673035 -0.0662629241111507
-0.064757380545393 -0.117700140911318 -0.00584363779917094 -0.177379737627908
0.0294544445505907 -0.105446177371402 0.0278308609686154 -0.354797689407784
0.0777142528485899 -0.0675800079359509 0.176031743040019 -0.52208275302706
0.17189311537705 -0.289323589746534 -0.0657945723922921 -0.378857288178867
0.0883383854971183 -0.299907754993171 -0.0970131694622487 -0.258616683156535
-0.087250693913956 -0.307435939820394 -0.0540823393832352 -0.0145304293551136
-0.206726759505904 -0.181569594796073 0.017736647370798 0.0785996913948867
-0.235647865281456 -0.0133425874759005 0.188895272645393 0.109144537521581
-0.189679870475497 0.0688163832360335 0.287317027338852 0.00213882197037147
-0.176254155856126 0.13920220799541 0.291934059702749 -0.114215433091846
-0.148243874656202 0.17845150338156 0.250108816953176 -0.182579253364036
-0.167162883661575 0.181754142545048 0.249653697475363 -0.178842102409129
-0.189193854448759 0.111358745439185 0.224151392705201 -0.0969090832532228
-0.242544187062462 0.0518764055283696 0.147378085185678 -0.00105758770511736
-0.277800834786022 -0.102214282130885 -0.00540363030395559 -0.0516691814233908
-0.192659471884884 -0.24570932097397 -0.0521972109945343 -0.179146312494423
-0.0127956688850877 -0.282076603885332 -0.017902596046739 -0.353259405660717
0.0985759658194443 -0.27528180675862 0.124265988225915 -0.498734106570553
0.196232524979027 -0.449787760640958 -0.121155150944199 -0.267260698392244
0.103130301360552 -0.447518428223317 -0.118294314400502 -0.194917488380984
-0.115814587744207 -0.467038157398668 -0.0795000751615947 0.00394271307204044
-0.283789918244911 -0.310479555177244 -0.0274274630089348 0.0915300219022656
-0.363477683420854 -0.0789416607582525 0.13368783545436 0.131447894973564
-0.314530447021901 0.0606464764088713 0.211517491304437 0.0433539165663949
-0.291728125842049 0.170426307605728 0.217717259923249 -0.0427754622425252
-0.24027057486687 0.237287737097164 0.177455713734074 -0.102223289851619
-0.257907108887865 0.251601845899963 0.172346952891939 -0.111336325635881
-0.283058554660885 0.155239558281873 0.144452989777435 -0.0429964394225897
-0.349732065589238 0.0801224418630404 0.0847100987270819 0.0324934032593461
-0.399922754712188 -0.12426845688215 -0.0564594848929307 -0.0193672910026485
-0.313980354492524 -0.32332680487161 -0.0877407797739158 -0.151116508485788
-0.0743064853076179 -0.413629545867159 -0.0476701729950372 -0.299168026153656
0.0922055768124183 -0.441743744114119 0.0770529386678407 -0.403407041849944
0.188002602752077 -0.552745623595949 -0.184297357398095 -0.104335125788243
0.0883860666582734 -0.544998206473576 -0.143501584546829 -0.0837903245576136
-0.145283854460935 -0.568052076279218 -0.0966292647265375 0.0366564603581809
-0.337488524718183 -0.392344661840883 -0.0673647668300838 0.0946665088906646
-0.445850266842903 -0.126206290827099 0.0538919203496922 0.128360756817119
-0.395636679178029 0.0456475801106602 0.0944665649010398 0.0742864130354186
-0.365657369736168 0.177381201441216 0.103532149300156 0.0330744623709827
-0.296285074622997 0.260371639712206 0.0790873553464974 -0.00662466174679664
-0.309472053272102 0.282334382818062 0.0760335911397991 -0.022427321249
-0.334454733876756 0.175440624695898 0.0508926983116373 0.0290287817469978
-0.404628314185899 0.0961136334791943 0.0129783559927702 0.0742183149009982
-0.462605198476555 -0.128240647166478 -0.0964385368133754 0.0222946980323367
-0.38609574983494 -0.354181473252726 -0.102536826669829 -0.101402366002973
-0.123844936273119 -0.478332008552757 -0.0473025241974997 -0.202756864179413
0.071662129361611 -0.537611423819413 0.0444971703264261 -0.249722507042314
0.144494355829752 -0.57528506723469 -0.238616305043862 0.0867580488784134
0.0409721467605335 -0.56085202926523 -0.161967405116544 0.0593205111864726
-0.172004474552301 -0.567254380625361 -0.101943161698469 0.0790357420410409
-0.347061002547981 -0.394258690638507 -0.0991620165965274 0.0902140940870649
-0.452334593527573 -0.139091709638625 -0.0417255654403081 0.106509571317687
-0.40770661532406 0.0314263007362071 -0.0446757831990467 0.094631261067591
-0.379896005236018 0.160121299800599 -0.029547418943886 0.105650104268619
-0.307832892929283 0.243309155913974 -0.0306804690082287 0.0901491251237868
-0.317359543252993 0.264259337597533 -0.0271599156986473 0.0722125069406866
-0.339815784014107 0.155633371137069 -0.0467542867246479 0.101588178925127
-0.396473500524713 0.0801459699689488 -0.061383058556257 0.109648028448225
-0.438582825736027 -0.130070247743262 -0.122405158561597 0.0567463369261999
-0.376342180021937 -0.338828676178624 -0.0951347054437205 -0.0484523661852016
-0.134636656816191 -0.46550822292968 -0.0189426014248253 -0.0871216599010753
0.0486722448555534 -0.544461159440235 0.0278279948228371 -0.0675223385974886
0.0732164716364107 -0.507100032920046 -0.266245544404431 0.274276012733403
-0.0221790032762388 -0.474432836454962 -0.15925402608855 0.204471919235713
-0.171264466777714 -0.453341293486205 -0.0937855122902254 0.118010541151832
-0.289745196710941 -0.310310291979865 -0.116106437272567 0.0801079354132643
-0.370752410012836 -0.116334331967639 -0.129915453922745 0.0761267776317658
-0.344004667950919 0.0185316130268684 -0.174858610464163 0.106817761944602
-0.329586744118323 0.121016457930071 -0.156311835650579 0.164728088613536
-0.272254969236773 0.188088062664085 -0.134747491438654 0.172286175429297
-0.282970930391484 0.198305338197067 -0.126310846240266 0.151757841124103
-0.299290286843441 0.0987851242868304 -0.139110389608101 0.150846145739025
-0.325916631047208 0.0278847987799123 -0.131151235343149 0.117889631222546
-0.332536595406203 -0.137497790862407 -0.135048511990933 0.0665243367531157
-0.281350036039522 -0.286919908774579 -0.0753704499480377 -0.0084818800355367
-0.102635540803296 -0.379708442322608 0.0180382566219725 0.0243069802163687
0.0273640765783427 -0.463560505870211 0.0203410733642821 0.111264553315336
-0.00798369929484079 -0.356405829612851 -0.257500667786158 0.423243960160889
-0.0750432680873413 -0.302594617291507 -0.130093607087033 0.322035709616774
-0.130708242240382 -0.260525817271432 -0.0692452949301038 0.145912954394025
-0.174888149201521 -0.174922170201924 -0.108648370039619 0.0676751991235736
-0.223653717135223 -0.0756907422503679 -0.187953215455025 0.0457299718111487
-0.222092666751351 5.38003221843761E-05 -0.26878617562843 0.11357966388046
-0.226033490375309 0.061907531346508 -0.252932871135296 0.204331121589189
-0.195693934493769 0.103502951069547 -0.217245988083726 0.227033332420621
-0.208763342277372 0.102942235176576 -0.20981213635654 0.199191078797285
-0.216097779119771 0.0263868157916181 -0.214813420526118 0.16116618850443
-0.209973461670203 -0.0296232954871595 -0.185359203467282 0.088893167538927
-0.178563981731876 -0.126717635669175 -0.132415401206649 0.0485288699588741
-0.1446816028154 -0.192627930002749 -0.0509678671767058 0.014879428866763
-0.0566991321520198 -0.238921370740061 0.044362833540445 0.114999967665911
0.00398986506405614 -0.314948848403498 0.0141517028782956 0.259356395017114
-0.0768265063364335 -0.14867795259429 -0.212651675614711 0.51280182887914
-0.0960033345113733 -0.0890802896313269 -0.0758710267479384 0.395704481415975
-0.0559229515347153 -0.0480100518872887 -0.026556728121638 0.158782139703919
-0.0317018489642629 -0.0370917213378802 -0.0776682452477363 0.0530058589524177
-0.0506864913644293 -0.0406138777540055 -0.208629724416563 0.0193542495553241
-0.0730433090247269 -0.0274733553840912 -0.311311334717172 0.112755975784545
-0.091381714241949 -0.0133509328341118 -0.304279699921001 0.220084075038099
-0.0895464656592127 0.00341099580966051 -0.267000837291645 0.248159486128346
-0.100951998099923 0.000835243027648879 -0.268324089051959 0.208802797279338
-0.0990747895618316 -0.0337376215225658 -0.264424233035695 0.13342112325132
-0.0688401809031264 -0.0599768360937215 -0.213245167041756 0.0324508256464078
-0.0217581896615926 -0.0739890027745898 -0.112536162913845 0.0139511059755225
-0.0182136960167458 -0.0576595380503119 -0.0268414127527073 0.0273996097802242
-0.0285657520237018 -0.0682281614941595 0.0543114677467788 0.178490727976702
-0.0316226532209272 -0.126754813437346 0.00622961134288054 0.357065048912121
0.119426395596673 -0.0983132034040877 -0.0510840638075284 -0.420904252308992
0.0592633667959505 -0.125934259917791 -0.0970560792372701 -0.265456814820212
-0.0520032399588778 -0.119331613455565 -0.0228575347857409 -0.0242793592046363
-0.106721744607095 -0.0411586566536714 0.0632534926171517 0.0455124437776662
-0.0822241623710034 0.0422525713322309 0.215428037131951 0.0454156437880158
-0.044440404710456 0.0607917703080151 0.305988498199225 -0.067800473032095
-0.0355416605651384 0.0831066236367059 0.29962566299068 -0.184810507790029
-0.0273873519592197 0.092604794853785 0.262726312301177 -0.241711451014352
-0.0395966091945468 0.0932846513887206 0.274364498939933 -0.227580021522508
-0.0578448535890541 0.0684853608244891 0.263625943794434 -0.142536203222414
-0.0985922921986164 0.0436259862967176 0.191076050780227 -0.0357752050374503
-0.131170398426759 -0.0348568998732751 0.0440156780258076 -0.0653202825671278
-0.0698559980555965 -0.110771281201315 -0.015289940293508 -0.171242157526794
0.0232650455142847 -0.103841220974857 0.00742376376132411 -0.34559713368459
0.0708594783813241 -0.0701428028765442 0.14307102934558 -0.517347487577728
0.148792387590921 -0.290133257853528 -0.084472996615171 -0.366847764061258
0.070508022428342 -0.294551210383099 -0.108811665925179 -0.246144414470302
-0.101366163349812 -0.292867250278862 -0.0528641371055938 -0.0136166814569555
-0.209756676447701 -0.165772385533958 0.0207197638851933 0.0740982007209081
-0.229417037009444 -0.00159141709036321 0.191427837662147 0.0928816999813036
-0.182444243336786 0.0762076239516408 0.280856169650764 -0.0164332069164047
-0.163794206848439 0.146293161606834 0.277184337361928 -0.129018830573792
-0.132783748816114 0.182496713202755 0.231571893967657 -0.190013119689426
-0.150978120474165 0.187729869388433 0.231662215706727 -0.189155103443953
-0.178457592087066 0.119315475011909 0.212517968912076 -0.109319095267116
-0.232465661971818 0.0648809921387398 0.145818781807124 -0.0113925088613078
-0.277064259135704 -0.0839774595968799 -0.00924832523730055 -0.0478725497956736
-0.202191200400689 -0.228045690400065 -0.0612043590128732 -0.172284087259098
-0.0270377275296508 -0.274984324576557 -0.0368013002139568 -0.341971673523485
0.0793281860095694 -0.274219830211286 0.0959421813019555 -0.491867741810404
0.16397350871667 -0.448643375451502 -0.130906207835156 -0.254102713286122
0.075750957202975 -0.4397777505724 -0.124182830694907 -0.183032991448389
-0.138430421542094 -0.44532447026582 -0.0768215515874919 0.00434285561294247
-0.291723146751201 -0.2898003940578 -0.0236325703167024 0.0882562036286713
-0.357892591736849 -0.0567707209524993 0.139559329620085 0.117567111979264
-0.305705662005045 0.0749760835235535 0.208978291784985 0.0296644066212138
-0.274986801519476 0.184280596699118 0.208991610665636 -0.0564442432570565
-0.218834512089 0.245265607721598 0.166134712872841 -0.109432945331829
-0.235325943682285 0.260997986699418 0.159503534522232 -0.118808142964909
-0.268437778519154 0.16599114585707 0.138154561917013 -0.0515745061763691
-0.335147977623092 0.097742487496393 0.085707737822042 0.0248185634357257
-0.398005328979129 -0.0976713130161207 -0.0565717492265796 -0.0137614546982976
-0.325281114082164 -0.296830771544226 -0.0955581793781949 -0.143070495186816
-0.0941532116143383 -0.400404933095419 -0.0630150418943256 -0.288661743567436
0.0646478962213786 -0.436350475783989 0.0543999088915373 -0.396077286210168
0.151510119220174 -0.550739221942196 -0.183829609919727 -0.0927308290401636
0.056189788579601 -0.535071788569851 -0.142246506120496 -0.0737765596192717
-0.17467315803281 -0.54189061924231 -0.0914741650792971 0.0377166432330644
-0.351308779628846 -0.366814447679423 -0.0624592755695796 0.0934586941989794
-0.441142210885474 -0.098364285160823 0.0612732211149903 0.119314383693348
-0.386773073274329 0.0666271327046246 0.0978414043216542 0.0667032415982013
-0.346882537077844 0.195326571327915 0.103341983264697 0.0235600109077716
-0.273247960280098 0.272459275740435 0.0762235597200696 -0.0114512231041325
-0.28329819128258 0.29273998800613 0.0708171770019327 -0.0265529667215808
-0.318874078634088 0.189316600702444 0.0509084543514577 0.0243926421019196
-0.388949535743231 0.116605986417427 0.0170043424011781 0.0697023748009233
-0.460577969242088 -0.0984702558070453 -0.0927687239570238 0.0293877302991977
-0.397920528125722 -0.322699795790348 -0.107183133150672 -0.0947590491113199
-0.146975565920074 -0.462187341518907 -0.0577672246505425 -0.195281545408594
0.0393569607228569 -0.529663301744043 0.0298771849127 -0.245318522344676
0.108819281796319 -0.570088620979041 -0.22671734619428 0.0960343835619692
0.0108909425886228 -0.547885402798491 -0.151607242167435 0.0663996856620902
-0.200815486593477 -0.541514258100142 -0.0948822819702617 0.0797971579450174
-0.360772245025726 -0.369438413310963 -0.094062946083749 0.0910942309372821
-0.449541491414275 -0.110835180838865 -0.0330419792543802 0.104029465835085
-0.399509285855904 0.0540700298905214 -0.0370067703551396 0.0956089613956185
-0.362107375227797 0.180869793721805 -0.0217398011407929 0.100764404031346
-0.284450649049977 0.256484640544929 -0.0248855690984404 0.088100285559595
-0.293399724539495 0.277307602480013 -0.0243290077843201 0.0721358496303134
-0.325413243953522 0.171207417177028 -0.0399255132285741 0.101391747683836
-0.381624970472375 0.0995174069576653 -0.0538044793942409 0.108886548324573
-0.437352426610284 -0.10267501762497 -0.115966442857163 0.063611211855632
-0.386928176220797 -0.310161370745602 -0.0981332477628266 -0.0437858580691099
-0.155994173789397 -0.447925420246594 -0.0241946821789296 -0.0847831833798728
0.0160087941930115 -0.537224048552418 0.0233373291289636 -0.0662212570515954
0.0419540622948557 -0.500269004895058 -0.243691614865416 0.280030965079898
-0.0475329043819917 -0.461312741007717 -0.141413418981264 0.206868785252018
-0.193741034427842 -0.43212436794975 -0.0846533480109585 0.117852035024578
-0.300527173205201 -0.29021420254932 -0.11059729653403 0.082441479296771
-0.368414473654437 -0.0914172101319894 -0.121416244615691 0.0804098229545575
-0.336526129354392 0.0384832346899141 -0.163928100170691 0.115979578073584
-0.315229583573639 0.139658228265094 -0.141492045166723 0.165916716572182
-0.253991430411854 0.201170089601545 -0.121295325266511 0.172849193792266
-0.26372619803989 0.211451142007457 -0.115061981013025 0.154430288811607
-0.288948879552752 0.113336780043078 -0.126500010834544 0.155494734340658
-0.316335399050322 0.0457765035476726 -0.121891972774746 0.121341938243823
-0.333632890652379 -0.115835574450826 -0.12701807622164 0.0737999776976563
-0.291065726310373 -0.263852129798765 -0.076085905407847 -0.00599381175414379
-0.120778274225822 -0.36649836478575 0.0171083786199179 0.0214748658490946
-0.000537186989562627 -0.456720832560849 0.025520955675306 0.108720092092391
-0.0270834436556995 -0.349853371006877 -0.227718914527077 0.424871881386053
-0.0874338490998222 -0.291818323056391 -0.106739786050586 0.31921483805125
-0.14326169772057 -0.24756486000491 -0.0589457442066417 0.144584158756125
-0.181663242530772 -0.163783996020658 -0.102990202173633 0.0702670477336601
-0.221736605296887 -0.0604973852964733 -0.180909416407612 0.0544742125506728
-0.218162600198616 0.0131857368080351 -0.254823853180447 0.127906487149884
-0.217997915757959 0.0758607972294857 -0.233186319593731 0.210893861939489
-0.185093209479063 0.114420403406741 -0.198282839240664 0.230796252075295
-0.197956122090054 0.114242829861873 -0.193591655536376 0.205918995198876
-0.211863701625327 0.0386554205470472 -0.199464178383329 0.169761377065521
-0.206773325587871 -0.017477326432084 -0.175936707340372 0.0975303048481765
-0.183357097210193 -0.114792191449706 -0.125130926231008 0.0551423249475439
-0.152554450861687 -0.179825484590733 -0.0507813630770072 0.0158367903298416
-0.0687517887447886 -0.230860021993721 0.0487928909217956 0.108460460415769
-0.0142874610080183 -0.30944035840315 0.0272678888369229 0.253282511621899
-0.0816318741729211 -0.143232491651341 -0.179602074551489 0.50829268742166
-0.0975342793534162 -0.0820087300020299 -0.0500798429530562 0.387841569639449
-0.0577794629174865 -0.0452257873888304 -0.0174438915737949 0.156246469764988
-0.0338213687288968 -0.0355774591801782 -0.0736471618188389 0.0548049992461948
-0.0515882957841202 -0.0363166571456872 -0.203080341986263 0.0312733470202452
-0.0730008574784245 -0.0225980135379899 -0.296751713212973 0.129915029401938
-0.0907229611716837 -0.00596473040355878 -0.28256701415886 0.229770122833945
-0.0879661885200897 0.0101014365723769 -0.244835527785332 0.254092829740881
-0.0991383995221261 0.00808134844646308 -0.249008401694886 0.217618457043083
-0.100359202312702 -0.0263842173729308 -0.249018100614292 0.145608508354769
-0.0716366007325464 -0.0543416357125969 -0.206554363011839 0.044907463698869
-0.0271743769481707 -0.0720190147828744 -0.107543347932864 0.0197200045622361
-0.021622760998861 -0.0555135881518413 -0.0259920887807244 0.0277057043264266
-0.0326242964104565 -0.0660424822907938 0.0614224270518985 0.169668454897881
-0.0380227707160262 -0.123622351084416 0.0245969904895178 0.349194479711955
0.0719467917778019 -0.132522035620777 -0.184374727636599 -0.363052099948283
0.00792022495744438 -0.136761800125322 -0.172978090422801 -0.205138401632044
-0.0884627489206121 -0.0905468496712717 -0.0215344767671901 -0.0175526861231664
-0.110098346122171 0.000537471703179543 0.0769337875636014 0.0152265884113541
-0.0586923204276457 0.0643283408682539 0.211676467161028 -0.0346438964063074
-0.0175887497396513 0.0675481261489116 0.253486483989275 -0.169331894656878
-0.00279580441235531 0.0862163813539579 0.207606885811005 -0.273634059878184
0.0070886610829803 0.0895633706927834 0.152604238543311 -0.306469688623661
-0.00365831528127174 0.0960306927918362 0.171619220307498 -0.296440923862702
-0.0307647454072267 0.0797403869858125 0.192818345720409 -0.217845515438092
-0.0735993942139006 0.0724859269906033 0.163132447977692 -0.0992294449884553
-0.129994928813583 0.0123087828582992 0.0218575071879625 -0.0720866649786607
-0.100213077296865 -0.0771973508946169 -0.0677959596676375 -0.146684867312828
-0.0127529274537646 -0.099372187895415 -0.102894053740326 -0.315931216603953
0.0428758456336258 -0.083030766027561 -0.0279092280780313 -0.511190013654028
0.0319353014625126 -0.322089881580309 -0.191113070307489 -0.297754117866059
-0.0414816982404754 -0.29610273136 -0.169080459865663 -0.178799191210495
-0.193536763712035 -0.230159331226361 -0.0348958507278398 0.00167753491370687
-0.248558740687793 -0.0758917646405837 0.0546016574031057 0.0512707093255191
-0.206034540063398 0.0741702472558949 0.208798340786311 0.0109586767227834
-0.138262668721393 0.127877434723289 0.249403044710285 -0.11828570729134
-0.100302651023176 0.189252010188728 0.209617958198986 -0.219682377703908
-0.058151894344848 0.205253244163148 0.141095794866705 -0.253155462901639
-0.0733835405575222 0.218178338423285 0.144438044123488 -0.249161926260775
-0.125607792147509 0.165375301216164 0.158920165088949 -0.173265918992235
-0.188472002262694 0.136206308295355 0.131329649059781 -0.0652474055960743
-0.279700818522711 0.0153787749410881 -0.0171480984049463 -0.0390095726136367
-0.258232538857194 -0.140682215209301 -0.109916678539259 -0.130495583033651
-0.11487463407644 -0.239725692820544 -0.144364287623636 -0.296458174453475
-0.0133717993452232 -0.275172455043234 -0.0704423488421121 -0.470102219406246
-0.010889565045794 -0.475007573715673 -0.192342120259105 -0.175114352828106
-0.087055922283325 -0.430733770557024 -0.155542954461177 -0.112565587315135
-0.280735654502761 -0.355756511168007 -0.0412454028139346 0.0263796351130624
-0.367406093866716 -0.157516605779631 0.0262274309401212 0.0764385587406422
-0.340889138703542 0.0673776619980507 0.17373540634027 0.0450688436938222
-0.250695246263188 0.168408003355935 0.201519901979382 -0.0562678882066855
-0.190829685464295 0.263802435497686 0.175791371817224 -0.133566126185675
-0.115085694641993 0.290872027651069 0.109002405427071 -0.160932342557636
-0.124353773638843 0.313166917411318 0.101333243410735 -0.163330746611164
-0.192345817074023 0.239012634560986 0.110979412115357 -0.0986726704860288
-0.270764592376515 0.199642036697032 0.0899861174830222 -0.0153010791555743
-0.396062642554172 0.0419689696742387 -0.0468013731569106 0.00650556424214469
-0.392321667793367 -0.16444959230515 -0.131342048225611 -0.0914339128933852
-0.217470241861351 -0.33294548297685 -0.154109449989553 -0.237460144256263
-0.0792896293577181 -0.422510071155772 -0.0823709462230735 -0.366895684193696
-0.0567009152966359 -0.563208789374288 -0.183731884182247 -0.00857258311948549
-0.138450786194654 -0.510259598958773 -0.130823634471323 -0.00518016995099602
-0.348698774288357 -0.431816339526435 -0.0378142625963276 0.061797212817351
-0.452319361511251 -0.205908403342092 -0.0018800014839069 0.0923842842992085
-0.430792289777124 0.0587235101247564 0.105262262753518 0.0691720516416303
-0.328331814963393 0.187316170076986 0.113721228349679 0.0133321175249963
-0.253279175244907 0.30011712918481 0.109271943306038 -0.026617042680884
-0.154759415471898 0.333719908736985 0.0608327040731971 -0.0443546902795086
-0.158005540704293 0.359296596285486 0.0512555669792606 -0.0511326982044427
-0.23030385974622 0.276640064749548 0.0570733849406525 -0.00205091739703675
-0.313427323481138 0.233190944568828 0.0432565894825656 0.0470462059142752
-0.453124382723329 0.0625273698068466 -0.0640549306719858 0.0568004524265321
-0.467301935015085 -0.16377098514962 -0.12579168617779 -0.0426243534484883
-0.286581230494936 -0.372082061794943 -0.119720008538783 -0.153151434607361
-0.132638802555292 -0.500531351959921 -0.0601005386347591 -0.220839657897952
-0.104240570101098 -0.567325927415886 -0.159575554287239 0.17743523798529
-0.184134235111204 -0.506669832307002 -0.092434789074892 0.124160190380698
-0.372767167249963 -0.422907644696384 -0.0264924392849781 0.0996844070322608
-0.461578381204748 -0.206536103459877 -0.0318582171618379 0.100182892660112
-0.443791345461279 0.0528293664916929 0.0149698455161129 0.0861482794483873
-0.345680960587466 0.181955845895364 0.00241094284519628 0.0851587219731041
-0.274630398745353 0.293164718234334 0.023213481548505 0.0864180167424948
-0.171384137816791 0.324948824851193 0.00334198111517534 0.0791692372767812
-0.171364076869084 0.3477461021216 -0.00214271811408371 0.0686859796944909
-0.242339403335727 0.262887992860099 -4.92013315472546E-05 0.0975416709450139
-0.312186267571649 0.215508284366666 -0.0081585910779347 0.106816129503977
-0.434003270224881 0.0502350473292618 -0.0747373032905552 0.0948939787208216
-0.450451460618109 -0.156671526441962 -0.101461046578271 0.000150254447335509
-0.290804749561052 -0.356795658457275 -0.0547666029470995 -0.0630510147936362
-0.156271516140467 -0.500600887421559 -0.0114833365889726 -0.0560630660005442
-0.137440328889565 -0.479412444310779 -0.116511801572587 0.347400343600455
-0.205655830412714 -0.406551496480156 -0.0393704946968574 0.245133404673543
-0.327459715454028 -0.326410292513155 -0.0109388568670426 0.130895452472818
-0.379287558824098 -0.154469800649853 -0.0542433528427452 0.0993498821771709
-0.364868986890582 0.0412318854443036 -0.0760535947334926 0.0970906211794359
-0.295596865206848 0.149087209030134 -0.106150186724314 0.148879563379571
-0.244936320622319 0.240011393657099 -0.0634815720389359 0.188735638737221
-0.161871543031515 0.265270922216673 -0.0534985636368419 0.188971645571224
-0.167897328951965 0.278975938834234 -0.0560328921062717 0.174158686823876
-0.227353963580317 0.199145351219939 -0.0606579436105642 0.17578756119835
-0.271200803783625 0.145202201814829 -0.0647527920178276 0.14296604422986
-0.34450744004956 0.00352923280770476 -0.0833799694047979 0.108029113689655
-0.349697480314597 -0.144968217441454 -0.0702708091943359 0.0264045248474256
-0.232958376386471 -0.295255951488047 0.0171853295733708 0.0192470800806383
-0.145681518160065 -0.422702086322998 0.0457981178160343 0.0998789368272361
-0.146951254038913 -0.313992778880087 -0.058254789734475 0.469120311253614
-0.182319280342696 -0.235628956885031 0.0229121866583328 0.330601611734239
-0.217718466906703 -0.175511466940851 0.0100357096308491 0.147407471627668
-0.225159138187972 -0.0833384359929325 -0.0604574779603236 0.0909171965775654
-0.222852303340979 0.0213160328644947 -0.14203469248911 0.099673199497259
-0.196898845628455 0.0871393126678466 -0.185379410030335 0.195397394920275
-0.177573817750085 0.14810243739641 -0.133417225560529 0.264511978118704
-0.128983832245965 0.165847647956944 -0.102792717104993 0.268776844306479
-0.140838208001492 0.170040137571939 -0.109128035035596 0.246201785863761
-0.180604281396551 0.106415669670238 -0.122701714623805 0.214661689952729
-0.193633194408953 0.052279209418786 -0.12206782830823 0.143018345459013
-0.205622265987855 -0.0448467948810832 -0.0908089576222271 0.0905056748879982
-0.196845763150894 -0.11313535803322 -0.0418804584848117 0.0359250276631063
-0.139904371374198 -0.189269275941468 0.0744239564168394 0.0864623970356326
-0.112241021522435 -0.283953846683683 0.0939761391618958 0.228309234181901
-0.122578514874331 -0.10324941771397 0.00689940551717833 0.522699530827542
-0.115495330088709 -0.0395403031105067 0.0870472292901512 0.368011337211069
-0.0687188273945347 -0.0211732438094084 0.0394049861414972 0.146557999764542
-0.0446379805394522 -0.0199884466371073 -0.0474335074873269 0.0725625893450491
-0.0605627649587269 -0.0140195916651943 -0.174404131765693 0.0937339729130561
-0.0776012142949237 0.00658510210447917 -0.22375042650478 0.217492018054761
-0.0878905571809082 0.0290376061257485 -0.173930611936571 0.303185745363294
-0.0770981036551751 0.0408262093226292 -0.134964152342707 0.308190651335447
-0.0871416427891505 0.0414480456475327 -0.154011308692643 0.276700338205594
-0.100019879216665 0.0112071416881478 -0.176720943247232 0.211989208056286
-0.0841028332818639 -0.0256444322185345 -0.168973330269173 0.108692595718683
-0.0498930725537653 -0.0561411597697592 -0.0890289072198364 0.0523436001322119
-0.0387346865578693 -0.0433282348705542 -0.0162749767880357 0.035121893558602
-0.0526559651274459 -0.0515900715514457 0.107903827449357 0.135982949389352
-0.0752453112293101 -0.105207528204027 0.12551452526936 0.313793273239101
0.0673715264451799 -0.129539076935975 -0.187934044925241 -0.35231652033988
0.0062017644789574 -0.132675046222651 -0.173523901572264 -0.197195218833874
-0.0867574707298205 -0.0862652960966068 -0.0219945377903931 -0.018234672936244
-0.106421344714387 0.00234941340193407 0.074652021658272 0.0116034534713663
-0.0564694573805427 0.062195187295031 0.205485847893874 -0.0399579753112533
-0.0165215518823392 0.0651949001949489 0.242867755562894 -0.173036829575836
-0.000227803894336822 0.0843216384414501 0.195592698490707 -0.271274389538729
0.00930056936068933 0.0867955819346191 0.143304299744998 -0.301024962656312
-0.000521572091843489 0.0932786913053625 0.16000123513521 -0.293319316333571
-0.0284961462769872 0.0783753009294845 0.182704923486304 -0.218608346664179
-0.0689978037566346 0.0723949048232827 0.157505295492973 -0.102790398387069
-0.125475637356662 0.0158401151906706 0.020187156490178 -0.0692637946955391
-0.0996373282348266 -0.0728149417116988 -0.0687756140387977 -0.141305140249948
-0.0139184871905679 -0.0966276159274014 -0.106813906698586 -0.305697125040551
0.0392437691504447 -0.0813193244687347 -0.0368036194598832 -0.497839268842869
0.0222822565247767 -0.31413028864138 -0.19290841689699 -0.286968094248982
-0.0450329250237101 -0.287150587411985 -0.168188749292399 -0.172291906227589
-0.192368745278916 -0.219142557194581 -0.0351981237461253 -2.08489778546993E-06
-0.243656025119342 -0.0700807543973834 0.0522754548595579 0.0482274345614149
-0.19928252097512 0.0755236969009761 0.203775204477825 0.00313184843042909
-0.133866348841693 0.127356519183051 0.240123532060169 -0.122253581596328
-0.0934740140103491 0.187327542248857 0.198531419990046 -0.219095090497147
-0.0509723128302572 0.201612793442067 0.132592795073537 -0.248797138881493
-0.0655429739991974 0.214864951249718 0.134523006387539 -0.246385222567211
-0.119925538292332 0.164720998956634 0.150584011796531 -0.174367062851643
-0.180222763387248 0.136090469723648 0.126837036747551 -0.0686818209030086
-0.273389826416094 0.0227856273113075 -0.0171358971928591 -0.0364988869209466
-0.256408543786052 -0.131678724421566 -0.110598059118555 -0.12497973346965
-0.116703460345991 -0.232850531534818 -0.147143174766754 -0.285899827257369
-0.0204767206647293 -0.26945819701762 -0.0772550520699873 -0.457483859076339
-0.0222242838917335 -0.460675677030252 -0.190839759241552 -0.168216202531131
-0.0923595759577272 -0.418404764542806 -0.153050318420318 -0.107668784659904
-0.280971482127159 -0.338945804469798 -0.0408458074347753 0.0238684876995313
-0.363638276340782 -0.147390711383892 0.0247391140817072 0.0733717261229815
-0.331372618951353 0.0730565273341746 0.169966180139063 0.0366629438848802
-0.24328245998951 0.170548922091419 0.195624944034445 -0.0609089274155875
-0.180395183612796 0.26286180108829 0.167116481392529 -0.134795523661577
-0.104283772763524 0.287521010424381 0.102711832593354 -0.15856845720673
-0.11342929409148 0.30884153933512 0.0937752323458832 -0.161422241548143
-0.184647212730365 0.238494035472126 0.104812977676313 -0.0996579012744802
-0.259641921875801 0.200793207865553 0.0873952070140537 -0.0187328997701393
-0.386811350079458 0.0515717437247122 -0.0445107171835563 0.00873603113053368
-0.388980886541964 -0.152662878284882 -0.131722089749904 -0.0860943962094624
-0.220224168078096 -0.322967294432636 -0.155369134373737 -0.227968305429302
-0.0872615985318668 -0.411840837286414 -0.0870594212245591 -0.356947915471454
-0.0703076297487453 -0.548550082349188 -0.178613499355249 -0.00531724246060142
-0.14338625507798 -0.49744687697674 -0.126817766519372 -0.00413694174061087
-0.349304055918852 -0.411576567834873 -0.0356912781646808 0.0578178779059057
-0.446237324433964 -0.193426486233074 -0.00303521853671776 0.0895470331248362
-0.420042754020335 0.065798971807965 0.104106907975024 0.0614812366559777
-0.318696239921088 0.192751349596096 0.112057595012938 0.00928128176163979
-0.241187754151606 0.300660739007922 0.104090322132255 -0.0300087657049785
-0.142040923653355 0.329824677495874 0.0577688901948965 -0.0446064931067692
-0.143024012870222 0.355025138955399 0.0473633736440884 -0.0503000518312169
-0.221495913181217 0.276085541028521 0.055229869650399 -0.00393582371054651
-0.299409255603139 0.234968721715441 0.0430815933969866 0.0436797368012536
-0.442164917320253 0.0710542824456713 -0.0610291634573876 0.0571758408058393
-0.459744058336693 -0.150191637609757 -0.126154575222847 -0.0394494282654565
-0.28876353930961 -0.359149766530378 -0.121304405751933 -0.145962851808832
-0.142864601754055 -0.489023860773383 -0.0630626403349395 -0.213418472925365
-0.115739518255046 -0.552945606842257 -0.151976586642685 0.175854233190696
-0.188908267256165 -0.491775634275092 -0.0859465496491866 0.121417520727466
-0.373370503788659 -0.403803223096539 -0.0235878354585862 0.0958340655441739
-0.456946468093613 -0.192691970836788 -0.0312493429656562 0.097930831242293
-0.432605373812095 0.061383430820737 0.015969638767821 0.0810929958466841
-0.335580838364968 0.187480464904346 0.00478849321009533 0.0828439599935696
-0.259760970724054 0.295798135926632 0.023060147200926 0.081636289387538
-0.15817031715936 0.322507196090287 0.00396119408194568 0.0763715566930617
-0.157972685574132 0.34465360966684 -0.00121304083294666 0.0678997691700841
-0.233128647643519 0.263950929327864 0.00190333818795878 0.0949720478152232
-0.300208869002134 0.217362831850159 -0.00578217244163805 0.103874456392692
-0.424592880050932 0.0598587521375863 -0.0699620403130332 0.0946798229293395
-0.445807492925067 -0.142921995818998 -0.101696364336074 0.00237550301819653
-0.293152062464162 -0.34403215527659 -0.0565035256012368 -0.0599293490346724
-0.165125209959082 -0.487807487390386 -0.0122655655068613 -0.0539738820080195
-0.147820075540855 -0.46665640881572 -0.105886622969785 0.340445700501733
-0.207082842959602 -0.394187900672854 -0.0320048133793688 0.237757697555837
-0.327582995650089 -0.311180182678476 -0.00806903661488947 0.126660790418859
-0.375045688275356 -0.145370796798279 -0.0528918493519135 0.0981841326836459
-0.355321995948453 0.0492424290466197 -0.0728015670972366 0.0945913237091275
-0.287754621806462 0.154242228251783 -0.0990070378259676 0.148582031837267
-0.233271988194132 0.243107330343262 -0.0591398353659978 0.182715589003468
-0.150397375436169 0.265035885464937 -0.0494325614231391 0.184900172975236
-0.155976050472668 0.277607488307132 -0.0516814677135341 0.17156207560383
-0.220083166985066 0.201192672688989 -0.0555061585458728 0.17317403081795
-0.262313092276695 0.147402946716317 -0.060900891794539 0.141554042828607
-0.338205723439561 0.0110959280143724 -0.0783135554773032 0.106945255853469
-0.347022359846483 -0.135692830079822 -0.0709807168938058 0.0277087286971163
-0.23438504995117 -0.285064036535184 0.0157574431857264 0.0184463051061972
-0.154241364192597 -0.412676557625481 0.0470619606111332 0.0987282862492391
-0.152250618593132 -0.305847193219108 -0.0479651480864533 0.458485114020828
-0.182197717375704 -0.22788423215627 0.0304073682110646 0.320190830316275
-0.217761215588385 -0.167204164620691 0.0134607328258067 0.143203281869622
-0.223031905701702 -0.0773107262434794 -0.0579766988001619 0.0897617260582803
-0.21743793256777 0.0257802686559979 -0.137519535098057 0.100267793995348
-0.19156247226577 0.0914744099890106 -0.176047593605983 0.195709760613554
-0.169842296678298 0.151282211341777 -0.124803045081165 0.259011459145428
-0.121650794069086 0.16694865642497 -0.0954075331258901 0.263205460117751
-0.133233203396961 0.170528501192606 -0.10152218720811 0.243396682539379
-0.175922972617889 0.109883545348674 -0.114262484694092 0.212787848422603
-0.18824795272369 0.0557567899830749 -0.115941083519866 0.142727100949271
-0.204155756919371 -0.0388464057830199 -0.0858498367247786 0.089364461089557
-0.196088363899425 -0.106449747073895 -0.0422244995425747 0.0360464722398468
-0.141684185600066 -0.183887673030694 0.0732255117789003 0.0824026126885061
-0.11770244501958 -0.276900070235121 0.0968251590790504 0.222947070794302
-0.12274681930428 -0.100241048257592 0.0163222010039175 0.509948538889729
-0.112891450721355 -0.0372810083689741 0.0936482557926366 0.356297390085387
-0.0681923611779111 -0.0195034483586709 0.0422206244800701 0.142468675452927
-0.0447471453719176 -0.0190813673869839 -0.0444545291613858 0.0721546579036662
-0.0590100980973773 -0.0123617030871396 -0.16910576020831 0.0957263345195234
-0.0760709148830358 0.00916762836941349 -0.212714627966074 0.218847957413606
-0.0855939360376857 0.0327347097908883 -0.163716025065997 0.297928992744168
-0.0738578573096905 0.0436940615871525 -0.126184000444712 0.302075851351701
-0.0846415928269905 0.0445307860226761 -0.144157094856593 0.273560980259223
-0.0985483121663861 0.014740082428456 -0.166217272878541 0.211155792723423
-0.0835100948098496 -0.0226077523137189 -0.161338196308174 0.110524507954487
-0.0516899819376413 -0.0532147409038721 -0.0850648046109992 0.052182462795605
-0.0401616622638097 -0.0414747115655885 -0.0166170213744465 0.0353054529581713
-0.0533791360912461 -0.0499499958445545 0.106834049440821 0.130380142389221
-0.0769684751182819 -0.10303165145951 0.129740186412337 0.30555645676244
0.0643573235699005 -0.128460310220771 -0.193425222872934 -0.34803289704208
0.00471724911351252 -0.132185872014822 -0.176481479745368 -0.192705748204878
-0.086644511734115 -0.0844936725006028 -0.0236933193863937 -0.0194269639244747
-0.105797369362267 0.00318332849529697 0.0725854521113914 0.00942249741451267
-0.0557694859504515 0.0623928339128509 0.202831762756534 -0.0461397856573565
-0.0163909119603517 0.0641822199056485 0.237402061919368 -0.178312121820397
0.000723555431946571 0.0830226348183114 0.188944366148228 -0.272634545820107
0.0118848745452845 0.0850890644023479 0.136460492567602 -0.299936521203449
0.00205740450394193 0.0921278119395229 0.152384355535761 -0.294614809420088
-0.0267235579176102 0.0782539811082267 0.176183313650186 -0.221882016041101
-0.06676335504686 0.0731092960591517 0.154540528209565 -0.107319595222435
-0.124452934917722 0.0185888840497627 0.0191896225432919 -0.0679544007294267
-0.100936385381369 -0.0695758644086713 -0.0703173037819047 -0.138607188964954
-0.0154770596461388 -0.0956981726762227 -0.110552386336733 -0.300431726766925
0.0365489601414268 -0.0806609023550286 -0.0440381381895427 -0.49363676226717
0.0147100144570458 -0.311369438273043 -0.195795529973662 -0.282724835153211
-0.0489820056106741 -0.284434715770501 -0.169677987966923 -0.168861633046022
-0.193527213695891 -0.213193278136027 -0.0358833014101314 -0.00141790792388424
-0.244162837097716 -0.0669969492387501 0.0502678022908219 0.0464216854296178
-0.197055782140025 0.0777731455730772 0.201356279939561 -0.00364030593303183
-0.133055566020633 0.129604991202377 0.236546739436 -0.128318867384278
-0.0894675721365609 0.188628409541518 0.191581838627714 -0.220965783645269
-0.0454897014131766 0.200534866822722 0.126614322609263 -0.248019917976003
-0.0595517604396079 0.214681708403932 0.12743265119121 -0.247109218716865
-0.117590425514016 0.166855877735054 0.145171627782221 -0.176866886271769
-0.176208363651421 0.139137140953639 0.124086732051508 -0.072065213510646
-0.27183401937682 0.0279276102036555 -0.0173771113240863 -0.0346853558003094
-0.258308118798892 -0.125548629391501 -0.112606682606137 -0.12177548656692
-0.120836682856533 -0.231185442432624 -0.151979446494783 -0.280745967745048
-0.0270422059990511 -0.26774279306312 -0.0831261552897113 -0.453572716212585
-0.034348929756873 -0.458460191395068 -0.192612952307191 -0.163493618493988
-0.0982353880546496 -0.41432327790237 -0.152812370292961 -0.105124826287697
-0.2842676669719 -0.329452945050732 -0.0410894258547578 0.0218169188057891
-0.36385580358615 -0.141137945113877 0.023150719067749 0.0725184337984619
-0.32862313220898 0.0774496433548358 0.168342194692322 0.0302403548800378
-0.241281774019181 0.174915031921231 0.193192740783728 -0.0649373169866811
-0.174047396699416 0.266123693686161 0.161607684535694 -0.137450007428959
-0.0964018187626152 0.287590225416647 0.0979730446487319 -0.158569028641362
-0.104421943025563 0.309576375888837 0.0890896698783578 -0.160916038918351
-0.181568519181284 0.242223182731206 0.101279505920678 -0.101713969135846
-0.253644198275286 0.203579889973402 0.0854067884614704 -0.0212608222129055
-0.385099874348698 0.0599612431933186 -0.0439644607275171 0.0104182893691149
-0.391262025588604 -0.143303187556704 -0.134198000843265 -0.0833056047856661
-0.225289363195748 -0.318311081668322 -0.158839598327722 -0.222837663686084
-0.0979182554864734 -0.409161095217696 -0.0927595205175286 -0.354076945704363
-0.0839579326866727 -0.544096849346639 -0.177644676123953 -0.00273046239842686
-0.151482447858405 -0.489800087394273 -0.124203290204709 -0.00311230247591203
-0.354512039841105 -0.4010133423647 -0.0354380890531226 0.0559807334069903
-0.448019750017058 -0.186599665878262 -0.00401366807916287 0.0888934835360694
-0.416936481385494 0.0742096458081457 0.10337157508895 0.0562360015648179
-0.315935716556334 0.199571293383122 0.112036689195386 0.00641193990945229
-0.233223211568351 0.306517141507967 0.101123201780017 -0.0326637290632001
-0.132494922465056 0.331806445225362 0.0557798543653087 -0.0445780975585166
-0.134010055233741 0.356426126273849 0.0451060585780996 -0.0503344583633722
-0.218136762827396 0.281882005766405 0.0540347941031268 -0.00505755173978987
-0.294742372599272 0.240194642256961 0.043037466102931 0.0423156422913718
-0.441375470459518 0.0811139498435895 -0.0586716921878721 0.058881414702204
-0.463608450601662 -0.139345911151804 -0.129024126101708 -0.035683385903328
-0.294772644161247 -0.355233602935632 -0.124721956736362 -0.141969234413442
-0.153388683155629 -0.484936442583019 -0.0654748520862257 -0.211080002501636
-0.128320376493934 -0.54636692678142 -0.147348942557497 0.176444144037947
-0.196032145849354 -0.48696244393754 -0.0811719639172994 0.120697226021236
-0.378362800185139 -0.393806997753724 -0.0221259295554867 0.0934861506028189
-0.461409397740722 -0.185020061920419 -0.0312883987381134 0.0983080436396154
-0.428911312540934 0.0689750710716188 0.01606835382963 0.0772400199593018
-0.333402834176686 0.196330881754096 0.00783721422089511 0.0828724751348483
-0.253452492239393 0.302799435981709 0.0228420511327819 0.0793227399842804
-0.148350779323192 0.32543500594689 0.00466607512898995 0.0761236162802324
-0.14864646406959 0.346266693596954 -0.000417871423486332 0.0686942166939259
-0.229723562170275 0.26961518346437 0.00364243021291404 0.0945238021494298
-0.294201093024476 0.220687234293814 -0.00449316410912009 0.103173336523158
-0.42384302922652 0.0681677148619304 -0.0667319888043429 0.0958005164746511
-0.448335911853908 -0.132068029185971 -0.103469340839396 0.00530157522634385
-0.297321014956534 -0.33910988769075 -0.0586651987237217 -0.0579438839395052
-0.177683426000552 -0.483856259713375 -0.0123712397345079 -0.0525203182109456
-0.156716297162661 -0.462387471430711 -0.0992745485767425 0.338827076455261
-0.214240736847077 -0.389603696877583 -0.0254241762018972 0.235600142931345
-0.332834202871 -0.303388949912045 -0.00527827750479779 0.125008975398623
-0.378413972468829 -0.139788749078189 -0.0518215006905716 0.0990188097329554
-0.353159151634572 0.0562788613031461 -0.0713422392540888 0.0939941816551384
-0.285144323075211 0.161034084208436 -0.0948559527194706 0.150604765132546
-0.227008102419837 0.250080252545314 -0.0568407151404434 0.181636334544406
-0.14269318049355 0.268659570554839 -0.0467397745813316 0.183531281948393
-0.14797778275942 0.280293825304962 -0.0484042478882663 0.171999057237987
-0.217391024913868 0.207327796684147 -0.0511589804886046 0.173907857409717
-0.257691078366895 0.151636270671596 -0.0571899480518444 0.141995105506316
-0.33801944803268 0.0181379755013951 -0.0751284078717235 0.107575234721267
-0.348869844276201 -0.125949803493052 -0.0721769399008948 0.0293770429610893
-0.238643578874093 -0.281352588913072 0.0142465937802323 0.0189435503861632
-0.16257116339029 -0.410592092746407 0.0495392250519465 0.0985709933301618
-0.15873935285586 -0.302399093618181 -0.0381828965628197 0.455456353544001
-0.184882123296921 -0.225387540745525 0.036811906337819 0.316450401135132
-0.219900638935568 -0.16249119933367 0.0166320276810959 0.141451906014903
-0.225557576964725 -0.0739355261474515 -0.0559957625517556 0.0906920426362887
-0.215602677565501 0.0293469509911839 -0.136038301946642 0.102019589956714
-0.190276792942563 0.0962538572483349 -0.170539600693744 0.199623567758489
-0.165726145135033 0.156862790584948 -0.120468549900309 0.258296568151606
-0.116384399827719 0.17019948043096 -0.0913841901892581 0.262762228356581
-0.127941413054486 0.174424710854674 -0.0951400628584072 0.243783023518934
-0.17486044434704 0.114965759714844 -0.108300703434158 0.214503637500079
-0.187205381545092 0.0585197145507872 -0.112436777614505 0.144759841062548
-0.205702542082772 -0.034286496427802 -0.0830235243084409 0.0903862983375898
-0.198360241274827 -0.101606768358057 -0.0430825459987123 0.0374515395565815
-0.144605366555462 -0.180953936227716 0.0731133763184669 0.0807010764307108
-0.124390850949373 -0.275697310867418 0.101589201900505 0.222056438484687
-0.125098965390604 -0.0987538824127549 0.0240322947784451 0.505553358703533
-0.113165174290173 -0.0360412748035414 0.100338918616482 0.351413157224359
-0.0690887553199787 -0.0188093091954166 0.0459190357949196 0.14104306215625
-0.0455961725359016 -0.0190034095624457 -0.0424438989206165 0.0723809773180684
-0.0584406071928662 -0.0113263758522501 -0.166537703181446 0.0988749711372963
-0.0758432061017736 0.012082236403418 -0.206798498392934 0.22256600500785
-0.0837728689189775 0.0360473806128379 -0.157950808732169 0.297643321041412
-0.0722767537127624 0.0466250336565164 -0.121863356008232 0.301967290932537
-0.0829343198463406 0.0477869226529462 -0.13751508013551 0.274856423604401
-0.0988305328513206 0.0184050859677104 -0.160083800458708 0.213434357396455
-0.0845200741043703 -0.0203723948672062 -0.157239626247807 0.114299904796958
-0.0538755837006084 -0.0513224457229078 -0.0833618334048011 0.0530501226278302
-0.0417691523810504 -0.0405289328321971 -0.0174308595407704 0.0365822143022787
-0.0550517168249648 -0.0496926887319708 0.108366359060977 0.127578203637144
-0.0799885581958131 -0.102831906850745 0.13569575279085 0.304626495489592
0.0605996782328247 -0.129576692416113 -0.20618707473412 -0.343311894686194
0.00123912584734543 -0.132382729605771 -0.183598262668649 -0.186874800699905
-0.0887369476890574 -0.0824584224229455 -0.025759525168326 -0.0195254705607643
-0.106082827365333 0.0062412245640078 0.071448409085388 0.00591860077748581
-0.0543796213675477 0.0636462616293502 0.201048430099697 -0.055369429427142
-0.0158650607241663 0.0640301931137447 0.231263233098944 -0.188969210469125
0.00422775097467077 0.0831509300781212 0.179568750631678 -0.279210420251662
0.0151799149356763 0.083763406502182 0.128126589409317 -0.303895912397284
0.00616499040482751 0.091126081266726 0.14151718776723 -0.301053367588977
-0.0237769073594551 0.0785055190523162 0.166879577899869 -0.229578628421417
-0.063413320534031 0.0754262598965763 0.151386705200522 -0.113873183631934
-0.123247020298585 0.0237201122306187 0.0173858701426682 -0.0675324082638568
-0.103795845998367 -0.0660266463786153 -0.0745559665165033 -0.135850320249162
-0.0185041405652284 -0.0955403405275937 -0.120015056773395 -0.297340036158102
0.0335577415817183 -0.0812680824622764 -0.061427593332383 -0.494632462203912
0.00291049256292032 -0.311297191342073 -0.205532754039499 -0.27766267676178
-0.0582617465596389 -0.28368634381756 -0.175645769920165 -0.163773389627636
-0.200440373651029 -0.206817454865447 -0.0378227192458099 -0.00230674982140258
-0.24653488331383 -0.0591127816134244 0.0495416671952634 0.0444726395950562
-0.195499442599728 0.0844802673923502 0.200511483602887 -0.0128704246071281
-0.130869905311063 0.134606592411819 0.232571811387983 -0.138365062757254
-0.0830124066988497 0.192961907633195 0.184170894306873 -0.228390371656329
-0.0378371882354681 0.202046389111691 0.119738507554616 -0.251006138360666
-0.05093067095352 0.216704686858622 0.117677546687975 -0.251641984776363
-0.113223803253843 0.172292124484682 0.137452320417395 -0.182688302533397
-0.171950859050609 0.144823076863196 0.12188288213676 -0.0775668276652847
-0.271949509808033 0.0383351452339568 -0.0186216159490295 -0.0331370730256334
-0.264846243636937 -0.117110715549797 -0.117954684648407 -0.117223175012105
-0.129707927019269 -0.228933977983848 -0.160682290209192 -0.27487690239615
-0.037991742422402 -0.267519831506969 -0.0998761316299881 -0.452917391654795
-0.0531897916293 -0.457955490838867 -0.19734091760173 -0.158377570159142
-0.110815036394148 -0.411950787838805 -0.155832723298196 -0.101677951812345
-0.295212350262022 -0.320806833580342 -0.0422937730268998 0.0214791231463692
-0.370832351857756 -0.131534524412849 0.0227003596095903 0.0724618247375637
-0.326387525241127 0.0881709766936087 0.167653955359911 0.0219709472792611
-0.238533479566 0.185634638743267 0.191741541044237 -0.0729467066128068
-0.164678940004156 0.275387509030502 0.15571628650906 -0.143845716836084
-0.0852366442679365 0.291444835018003 0.0934479124448194 -0.16064278235249
-0.0922727382518553 0.314157621269524 0.0829948110837972 -0.163825258841091
-0.175246785272329 0.251014897943801 0.0968846587291267 -0.105287484712816
-0.247576374254142 0.212584959616997 0.0841641249366831 -0.0247256111746573
-0.385387624849842 0.074070757685826 -0.0435053115920252 0.0125662017327665
-0.399221559734067 -0.130106879828462 -0.139053901452235 -0.0779526287172772
-0.236990166284086 -0.315165211634571 -0.167474562975806 -0.216841219459588
-0.114448592251986 -0.407697557402635 -0.103756304782102 -0.351323363150977
-0.105268893748569 -0.542686593745599 -0.176851269085537 0.00299110020783742
-0.168342799115117 -0.488370862586587 -0.123442795106872 -0.000500855769092509
-0.368445556971096 -0.38741125278763 -0.034319654925372 0.0543160907904453
-0.457963137509568 -0.172972699595607 -0.00352964006820413 0.0899801752634744
-0.414681958227308 0.0881438874312057 0.103018418925725 0.0500361529052241
-0.312870771763864 0.212933260089954 0.113047072671454 0.00275416410250975
-0.222681938386951 0.319389674107091 0.0987152556095254 -0.0373716872941139
-0.119488777211021 0.337446313409271 0.0541960337879913 -0.0459344690114915
-0.11959053895062 0.362326910139363 0.04306455311441 -0.0504266183400236
-0.210116566590437 0.292489418742665 0.053351414456115 -0.00640032766149652
-0.286721333633655 0.249595351256232 0.0436864843391734 0.0407661539794927
-0.441577616496647 0.0974227575890945 -0.0567390742444619 0.0618714545270958
-0.471350166628442 -0.122347076125117 -0.132904400900935 -0.030577368856645
-0.30833000387286 -0.349687190253756 -0.129954852467565 -0.137151009050647
-0.17467577782644 -0.482270947230074 -0.0724385224767339 -0.209061153561016
-0.150679671075308 -0.544451568780057 -0.140957138289817 0.18078517877826
-0.212844677293293 -0.482452259056766 -0.0755832587568068 0.121345588410578
-0.392481944368909 -0.380091497497712 -0.0197320480045512 0.0923266121801149
-0.470990269387601 -0.172647215679464 -0.0293992153373526 0.100628751136142
-0.427748443308363 0.083651172998451 0.0162063465146602 0.0754170855639593
-0.328687934310438 0.211715851050317 0.0111573754535959 0.0832931658295505
-0.241503947705467 0.315649739161536 0.023766351116009 0.0777683197382164
-0.135760264336339 0.331939450013777 0.00714331874395754 0.0762553496658795
-0.133501150831387 0.352889181734648 0.00145768991738276 0.0694613746646801
-0.223174301160433 0.281319343141739 0.00745938980863751 0.0960103199869807
-0.287798640548391 0.230490785399121 -0.00126427195842268 0.104021712117321
-0.425618207864688 0.0842904239668174 -0.0638538940102398 0.0987202278756896
-0.457159380974925 -0.117912197898609 -0.106802444414167 0.0100828532055631
-0.312853493135464 -0.333852800790558 -0.0613850394745531 -0.0545629663962277
-0.198160846399007 -0.48194508220558 -0.0130899575433154 -0.0511027297440705
-0.177231492100415 -0.458090385200993 -0.0873985967864141 0.34304738109045
-0.226852299219992 -0.386715424883124 -0.017250375529194 0.235292398165007
-0.345178600189623 -0.293095330807961 -0.000599057988302233 0.123870231876625
-0.388724032803225 -0.130810923277961 -0.049539583484765 0.101905288589959
-0.352478937694839 0.0678520780492093 -0.0704763349300076 0.0957613997918635
-0.281929825832328 0.173706714373199 -0.0893648014708923 0.155295645839424
-0.217891407907681 0.26177968879262 -0.0527698106038074 0.182870511377271
-0.131441679605831 0.275323389907045 -0.0422198700210252 0.18580754434347
-0.136788005394959 0.287387476843644 -0.0420382131667993 0.174944704770509
-0.212731351316841 0.218756886668174 -0.0441618077532812 0.176821541335635
-0.254256950250877 0.159541426166562 -0.0529233579925272 0.144424008398415
-0.340983153317282 0.0305130818805596 -0.0715332860439603 0.110544339447992
-0.355650685038709 -0.113110962016245 -0.0741567507862014 0.0333886313799144
-0.249335146775758 -0.275681223849134 0.0136802560448207 0.0192900752764878
-0.181775766718574 -0.408043312671087 0.0541352664314679 0.0979780547470631
-0.171542411891278 -0.298110040884853 -0.0241632751644907 0.455930394596663
-0.193038591975058 -0.220514127291678 0.048864883743967 0.313781510523878
-0.227096463157394 -0.156206160863565 0.0220607687577212 0.140702152733026
-0.23113232664765 -0.0687571138646586 -0.0530535430192255 0.0930235430487642
-0.215400380714252 0.0364154694095095 -0.133681295404669 0.107300627648285
-0.188376369834107 0.105352764337371 -0.163457852701543 0.207529890929729
-0.15999172059179 0.165455066569618 -0.113765130611853 0.262190007166946
-0.10970846751269 0.176393110836132 -0.0844593782624379 0.26578065307084
-0.121588205264232 0.180664792245467 -0.0871162775670536 0.248280453452261
-0.172870938757251 0.124355101823102 -0.100127789150428 0.219641386126651
-0.186818401742571 0.0650151823527222 -0.106580966319786 0.149446507676611
-0.209744403560562 -0.0263461611489255 -0.0801535185315817 0.0926176882700912
-0.204162566085098 -0.0943247680861898 -0.0443367422456473 0.0406414683794829
-0.152178761075053 -0.178841768025985 0.0742293917047338 0.079310515700611
-0.137683866155891 -0.273847200631767 0.11157796419109 0.221054345114413
-0.129764320209119 -0.0957029574748288 0.0400723919713162 0.504346764056123
-0.114342456871051 -0.0335336175834579 0.112781981654595 0.347255283579498
-0.0708221052674664 -0.0165963067121585 0.0522228251734996 0.139178165645182
-0.0477048784597144 -0.0182571917026848 -0.0389775628323882 0.0735158455438276
-0.0590180611890033 -0.0100862439009726 -0.164425227347217 0.106348170857812
-0.0753135325086828 0.0156174983859607 -0.198932238413549 0.23149906106845
-0.0825543064080435 0.0404248435063045 -0.148925908109234 0.302822282975479
-0.0702938353692996 0.0508257209253219 -0.113203385709256 0.304763637351441
-0.0812903922570482 0.0526507307962937 -0.128448260522525 0.279236941243539
-0.0996514475954997 0.023693828095624 -0.151602172910743 0.220168286214264
-0.086600365426929 -0.0164238057771795 -0.152410898524335 0.120281368284706
-0.0574425902077525 -0.0491348486049158 -0.0816343452900008 0.0549709092200459
-0.0443377259728552 -0.0387239645863358 -0.0175845845208035 0.0382472375506535
-0.0575827283885652 -0.0493031714377081 0.111217093053343 0.124861975731932
-0.0852816343160449 -0.10263818701225 0.148080806339433 0.302013310379545
0.053474045497849 -0.130696482568078 -0.222277498272075 -0.33165512424049
-0.00496957105301908 -0.131889870328026 -0.192064994611758 -0.175802914128395
-0.091514663335438 -0.0776312369089339 -0.0276144136132604 -0.0192794633468576
-0.104815190876619 0.0108099720972742 0.0688684934394852 0.00291466547997655
-0.051609416328061 0.0656439407801648 0.195585043587266 -0.0667587061980875
-0.0140881197586847 0.064322363639238 0.219800379443748 -0.201898856728753
0.00869034550540906 0.0824196164596369 0.1654114435573 -0.286734981273059
0.0194126604753486 0.0816136329809684 0.113797331389891 -0.30622563108601
0.0111436004201793 0.0890560453800784 0.124161907914121 -0.305556675494249
-0.0195034150556152 0.0790401452225678 0.153471081054115 -0.237126465734422
-0.0589758020793252 0.0776716553014225 0.144365829120168 -0.121631491157828
-0.120793897967196 0.0298350805935506 0.0141618678257967 -0.0666916581156213
-0.107085361939014 -0.0598282028823089 -0.0800412646968254 -0.130592501759644
-0.0230958577844527 -0.09374704385913 -0.13270070648114 -0.289430917598903
0.028533128097136 -0.0813986623650412 -0.0845234804534597 -0.488337620951463
-0.0145393901361321 -0.308057295520814 -0.21809685057069 -0.266201469601137
-0.071053765396667 -0.278823353426154 -0.182070383660707 -0.153796160758376
-0.208714729840519 -0.195284119280615 -0.0392600878389428 -0.00160784308917808
-0.248747623135314 -0.0492102619938178 0.0484517084784471 0.0427576755320442
-0.190969516815545 0.0925861196751753 0.196502958838119 -0.0245466737404028
-0.12581623405589 0.140752515725848 0.224084029619242 -0.150513578054663
-0.0721863571369089 0.197264231953041 0.170923587014146 -0.236177231425085
-0.0263944106956411 0.202008643135338 0.107594728936305 -0.253892419956806
-0.0382097085043836 0.216407060628431 0.103342264644817 -0.255004554689681
-0.104444983385 0.178059379182801 0.126950479137009 -0.188585641631088
-0.163571869762427 0.152022789967579 0.117286735923926 -0.0837486192691529
-0.269534700997385 0.0520635193717892 -0.0196874695749168 -0.0308256575242054
-0.269411731750252 -0.101843276325473 -0.12328454012155 -0.110307901428553
-0.140392391739896 -0.222798405007694 -0.172042701752382 -0.264594735322659
-0.0531470742173901 -0.26355793069638 -0.121870372631236 -0.443918537875861
-0.0761520633034654 -0.449961617750573 -0.203010600849696 -0.148376267675301
-0.130003955460887 -0.404025464490355 -0.159133109116337 -0.0947479623092616
-0.30694186157065 -0.303311732754825 -0.0425309626969021 0.0207306515865145
-0.376534431622989 -0.114683940264702 0.0230954387780166 0.0722807083347599
-0.320799807396927 0.102590577168303 0.165653704308523 0.0119032860590179
-0.230205402227192 0.197226485065732 0.187015125729802 -0.0833425546510082
-0.149638018456065 0.283354925670054 0.146706998403507 -0.150942873495884
-0.0687573137927864 0.293306530747023 0.0856963698839869 -0.162195362370154
-0.0737509200083438 0.315218846753337 0.0735032845592374 -0.165298070032738
-0.163032298312341 0.260136916256575 0.0897392358701754 -0.109268390359838
-0.236069980596323 0.22275848193964 0.0820518164398997 -0.0286560753422348
-0.380887372522609 0.0931884164573599 -0.0426645166708138 0.0158022696330283
-0.404518460313839 -0.10888734290102 -0.14374397226563 -0.0693119315263944
-0.253509646841135 -0.303626458537089 -0.175683771370278 -0.206316632046027
-0.13774028997002 -0.400244064189516 -0.121398355791981 -0.343801639294281
-0.133922826000539 -0.533111568897664 -0.174911809385088 0.0111366062813481
-0.190202773665787 -0.47720486678535 -0.121641834908881 0.00339668220471348
-0.384108853148267 -0.367177143372552 -0.0328154782241897 0.0538223243909116
-0.466745236142817 -0.154048293680423 -0.0017576206407097 0.0916756927569962
-0.408973365609067 0.107590996730488 0.102546911716576 0.0434317203240752
-0.301683026419117 0.230350728626098 0.113611674103097 -0.00312071970176887
-0.204224835741387 0.33095028355001 0.0947587402674328 -0.0421044226224215
-0.100233929603859 0.341459511381111 0.0519123623844549 -0.0461749239418388
-0.0968722011600491 0.36618671429616 0.0396916635439198 -0.0509952856526109
-0.196759450795753 0.304561294778849 0.0523632868253706 -0.00809923815084466
-0.272313105120718 0.261275195245402 0.0446787106786707 0.03829885058127
-0.436611420049913 0.119598964817081 -0.0539155051058301 0.0651624255904181
-0.476376981713923 -0.0972988281188507 -0.135853835008045 -0.0225117744774924
-0.32568982710809 -0.333818775664803 -0.134929248490796 -0.128383034846888
-0.200966796521761 -0.472559836419757 -0.0826617593043745 -0.204161486112997
-0.179574645528157 -0.531923159193423 -0.130117183472506 0.185898429976238
-0.234105113207693 -0.471528186225389 -0.0690481966840604 0.122784872807177
-0.408248896263787 -0.35888717379453 -0.0158436991263188 0.0905890057854251
-0.479664856812573 -0.151763661952506 -0.0261581462641878 0.102677003618375
-0.422444261532608 0.103767220558612 0.0178911656641933 0.073479176891406
-0.318822272905332 0.228128683681341 0.0163355838725698 0.0824156092825859
-0.223167565409285 0.327996528870176 0.0251202290796236 0.0751551250695239
-0.116638346347906 0.336115853286623 0.00987947390093186 0.0760261016415532
-0.113564247132794 0.35642633559617 0.00426738702148177 0.0700129243243695
-0.208789230792523 0.294154090542849 0.0123380826816315 0.0957234391817407
-0.275674472405857 0.243595147089523 0.00407558316396926 0.103868997067976
-0.420565763972553 0.105764802701646 -0.0587744447307513 0.101616566487329
-0.461711645735276 -0.0918309359225869 -0.107946921665721 0.0170351321174597
-0.328769244204957 -0.319041656718082 -0.0639189298186582 -0.0498252867834003
-0.225278647186229 -0.469108098266932 -0.0142883634623397 -0.0496982875174108
-0.201281493558037 -0.447002021005023 -0.0703092077686216 0.344347012405907
-0.242987892256763 -0.374288181336417 -0.00493696518386025 0.232299866461218
-0.356605176147259 -0.27391357037106 0.00486570174046465 0.121269464331105
-0.39592102433936 -0.112806151591519 -0.0443405871073482 0.10404936332401
-0.347742987740745 0.0844400999683097 -0.06645540122889 0.0984120903401852
-0.272885487000291 0.18966133106318 -0.0795302461058736 0.160358519061219
-0.201325699994673 0.273800708242764 -0.0452704281067703 0.183777990367844
-0.115729548872466 0.281524097481068 -0.0335502760534977 0.187225542852317
-0.119610161238667 0.293146663186027 -0.0328740583026494 0.176131316739194
-0.201824388090193 0.231633175477694 -0.0342049778157644 0.178679879052083
-0.246644346337157 0.17057052665751 -0.0451948283578663 0.14680886185906
-0.340159471776772 0.0484164632068631 -0.0657999534479531 0.11309200763896
-0.361509787413746 -0.0940865176760881 -0.0743263069202454 0.0386151832183125
-0.263733194784937 -0.264341297990782 0.0142234827884646 0.0200454507871385
-0.205233902852779 -0.397140298139064 0.0599905174556844 0.0958185422596781
-0.186761161515016 -0.289314893013384 -0.00317436940249561 0.454371213197947
-0.202166067052154 -0.212285546188511 0.0630868377171799 0.309196934610016
-0.234581830948749 -0.144829365427433 0.0291851059279327 0.137995886642641
-0.235988846703597 -0.0594032170908797 -0.0476970095375573 0.0952351633332426
-0.212839180713402 0.0460339934910685 -0.128670943043102 0.113524308600218
-0.181983009203517 0.115546041331353 -0.151324859857197 0.216520310945938
-0.149225673143265 0.175306369578306 -0.102060223485249 0.26549496486037
-0.0986809028044051 0.18189286476976 -0.0724463469499444 0.2678331537114
-0.109725061423146 0.187129279476829 -0.0739847709340697 0.250341631335767
-0.167120161279514 0.135044518315331 -0.0871883040665886 0.223907623403165
-0.183815612567456 0.0742855253150137 -0.0978590170848088 0.153970284599799
-0.211199144275447 -0.0150347603155334 -0.0749919468400091 0.095076228659175
-0.208727834986058 -0.0825029983557753 -0.0443352326214264 0.0438456953322043
-0.161753906029761 -0.171488812881292 0.0778254146393649 0.0763714576674231
-0.153511850373753 -0.266921991996797 0.12297487844843 0.215745064540938
-0.134853601103749 -0.0901542309622475 0.0631450007851412 0.499363459120133
-0.114961961509417 -0.0284245973946055 0.12862099432033 0.338906238994201
-0.0717811103018534 -0.0137060150141729 0.0598847159876943 0.1354034719139
-0.0489750712961272 -0.0168947929317338 -0.0340935345215587 0.073928157772063
-0.0590526257205324 -0.00807446163521625 -0.158489342730646 0.11499111320146
-0.0738500204002861 0.020256658833232 -0.185547870629036 0.242384651851305
-0.0801526483623241 0.0460235012284319 -0.133922328620868 0.308757693326628
-0.0668763608490213 0.0550577606463911 -0.0995348286340481 0.30876019630565
-0.0773727351607243 0.0580947529835718 -0.112971360138746 0.283668409661754
-0.098108497060945 0.0306697470346666 -0.138298190507218 0.226339284017827
-0.0878840488751543 -0.0115911783117973 -0.144934180125343 0.12732223345874
-0.0607231305726804 -0.0450163989935724 -0.0782856064827106 0.0576014824322242
-0.047211743139971 -0.0356492868434766 -0.016566026770442 0.0407965604498026
-0.061341024871645 -0.0467442660728441 0.1161456880621 0.119653786036693
-0.0924216627340604 -0.0993108405529068 0.163760175227137 0.294883335661838
0.0207987183845249 -0.136112475375 -0.258384296297055 -0.278807578672845
-0.0332422925050659 -0.12568441783979 -0.205667138096152 -0.137075784271286
-0.101467732202012 -0.0595998829837535 -0.0249839331575592 -0.0177388116249059
-0.0968683334912231 0.0280407851391773 0.0667789862128894 -0.0123672348384896
-0.0356467747639342 0.0669659404406056 0.174631584352396 -0.0978598318624765
-0.00318591931882067 0.0560283198741645 0.175291779842479 -0.228776711331214
0.0223336111663789 0.0734585514613091 0.113444953321102 -0.303446185413525
0.0279896521705274 0.0700351895478401 0.0652084440630386 -0.308798858735952
0.0221296870021413 0.0800148427081752 0.079139246014605 -0.310788783731464
-0.00981284556595573 0.0776102453172839 0.117787373068272 -0.251419942829233
-0.0456964060508127 0.0818263560845051 0.123865620967617 -0.13802624043462
-0.112505987148368 0.0484439065532401 0.00902897248171739 -0.0658840417880289
-0.112902234920581 -0.0395363416517579 -0.0904547090681018 -0.114534928922363
-0.0365753278749877 -0.08324623448192 -0.166933375451279 -0.26322657968233
0.0125830253252894 -0.0800155916043349 -0.141440036987156 -0.458948469025595
-0.0747283487047528 -0.293378089584875 -0.235576332010584 -0.216198544689625
-0.122276302279524 -0.254546727791718 -0.184468737755231 -0.118721647393878
-0.232907917524695 -0.15251508059098 -0.0255927671697096 -0.00255840077125598
-0.246408450955786 -0.00427907501583856 0.0602213471462118 0.0249141119983838
-0.164298946118355 0.115282648099233 0.182210274958443 -0.0633167695414957
-0.0973514670692837 0.148264779704706 0.186288541353176 -0.184837601289425
-0.0368027875611904 0.200614260366817 0.128097276300988 -0.261114121057964
0.00165973674746604 0.192850125187826 0.0653715609229435 -0.257801717076831
-0.00457005700302136 0.212625039689165 0.0646341827662613 -0.259688675816827
-0.0766152671839564 0.188316136401459 0.0983719664034198 -0.202238804020101
-0.135246717779263 0.168924446805733 0.103173336041691 -0.0993435579260283
-0.254416912583695 0.0939655240485458 -0.0159867718192904 -0.0282357209939492
-0.27648149391405 -0.0562597332639724 -0.127721616458425 -0.0856004004557603
-0.169877631452762 -0.191365603784834 -0.204259379567833 -0.22997935553047
-0.0926013312123413 -0.246002572160426 -0.174856476491431 -0.408869157476318
-0.158724990267423 -0.41739865849925 -0.196207520896205 -0.104035567241217
-0.199366931393711 -0.363426240904136 -0.14667185225745 -0.065968838415514
-0.346392899333124 -0.238780097296981 -0.0171056930695219 0.0165133755457554
-0.381986388982419 -0.0444194014458871 0.0480570253971429 0.0531100367462227
-0.287531637338476 0.146735568986688 0.158611445255032 -0.0291427240441163
-0.188934007105222 0.221094776701734 0.162100857626906 -0.118430673900053
-0.0967701738662052 0.301060024769031 0.118777402266603 -0.179523274181352
-0.0245781270708673 0.287311559012689 0.0556465624962483 -0.168456541772797
-0.0220534966523074 0.314844712004389 0.046520063933942 -0.169353418787818
-0.120688095424335 0.278960561528963 0.0745350877784807 -0.122116382206334
-0.193862488281878 0.248971195114146 0.0766177672964236 -0.0436474665321257
-0.357306888733343 0.152292649693942 -0.0296295276096761 0.0184894034086397
-0.40678564493795 -0.041950024196385 -0.139458005870866 -0.0420475245100242
-0.290292019461158 -0.254871372939598 -0.201672360790364 -0.169460884481392
-0.194930580046387 -0.36776807508741 -0.164618949674618 -0.307203416298004
-0.226947097705177 -0.482640704709163 -0.140679417991717 0.0431514752871017
-0.267064100398384 -0.423466351525482 -0.0919513811615846 0.0211968631874468
-0.430492954114795 -0.285327110657842 0.00269614488330435 0.0433566733199371
-0.476343626491665 -0.0658527117187187 0.0319533308789769 0.071686087629418
-0.372737901401026 0.166600385340582 0.103327910168564 0.00702661378202028
-0.252080988378883 0.265847338437977 0.104104430114467 -0.033120995766603
-0.141449442905951 0.358444567130988 0.0866909684472729 -0.0696573750783328
-0.0457610437751918 0.339162990493831 0.0384776281021507 -0.053661845665429
-0.0346091905014325 0.368553819822517 0.029366027640554 -0.0544826969734508
-0.144676168709371 0.328673712172636 0.0511659565914287 -0.0199663212153934
-0.222696960160599 0.291876679909826 0.0497571503393177 0.0259659145276029
-0.406361225798435 0.185862880076914 -0.033445816322908 0.0664773453711545
-0.475456037790824 -0.0202235204724759 -0.124262518502993 0.00428896514482688
-0.365468165963219 -0.275229874185205 -0.15279343024818 -0.0957346013203255
-0.267034645619076 -0.429924203359101 -0.111531148678096 -0.174316871764644
-0.268179849013461 -0.474507846908103 -0.070981566338454 0.202278579074278
-0.305915518481555 -0.408755426058001 -0.0226424788969193 0.125529956092091
-0.453069843393153 -0.274933193325536 0.0250119080265603 0.0754694135443583
-0.492094365253564 -0.05979761519793 0.0111946808539433 0.0851133877068416
-0.38740058932521 0.165511873583946 0.0270037417226928 0.0486541434945155
-0.268991034526951 0.270747126882444 0.0252295368947371 0.0636181567693722
-0.158947971050907 0.360895379126046 0.0383949361655564 0.0540638760693283
-0.0615548258651943 0.3391885792425 0.01599043344862 0.0700687289253618
-0.0508709284832963 0.36542402373397 0.0117332453794593 0.0665333966747533
-0.156664322867253 0.321286605622869 0.0260352745243926 0.0860057108891989
-0.227727951462721 0.275525731466038 0.0186935816066236 0.0945934700305278
-0.393925345650582 0.171010139075249 -0.0338251404293481 0.102763027514997
-0.458776018275187 -0.0186484749876717 -0.0929995832008016 0.0386865668623276
-0.366142037230337 -0.261461505906564 -0.0737801840827037 -0.0279749092607687
-0.288986944066436 -0.425182525617583 -0.0279147542284971 -0.0336627129544986
-0.271236320378135 -0.386895880511082 0.00626724457240422 0.341678769335668
-0.294914957726651 -0.313139914895274 0.0513616199765229 0.21893826571643
-0.390055273997611 -0.202286179691866 0.0449618065238502 0.102742437722152
-0.40382230639583 -0.0382701720862749 -0.0105019921269444 0.0918281668123025
-0.321918406605436 0.137763079113639 -0.0499259083402473 0.08966451203442
-0.231657404108634 0.228568806645448 -0.0537510844788296 0.154888244108515
-0.148164627378941 0.307744538451779 -0.0126544200880768 0.171239336772708
-0.0684108360068713 0.287716730432598 -0.00970220999161894 0.182012059371836
-0.0660585361829781 0.304923965642805 -0.0106265218351857 0.17357212278413
-0.157710949951182 0.258800849973779 -0.00816948739782095 0.173306662050027
-0.210582851569423 0.202443154523437 -0.0226066923171451 0.143501669405228
-0.323921739743914 0.102537487201772 -0.0413703676940746 0.115676356162415
-0.361838344635046 -0.0354112176729842 -0.0607173802248905 0.054821277315297
-0.295317904331799 -0.219092465447353 0.0120298966726769 0.0279551607095534
-0.257399897313292 -0.358423454324385 0.0632892699623974 0.0966767149400775
-0.226639083160404 -0.237888229235249 0.080189227440491 0.434676401052293
-0.225725365264503 -0.164626923818215 0.120378683508794 0.28073650577326
-0.249083728437904 -0.0988911682509458 0.0619638572510936 0.118012576531629
-0.240155228985575 -0.0140395053443023 -0.0216308058784269 0.0884737465253388
-0.199613457626218 0.0809733282878643 -0.107322087155862 0.120295272518535
-0.156974750221123 0.146507577015119 -0.111528059573714 0.223188897811195
-0.113350046060867 0.203544628338958 -0.0554591067292095 0.262542377842029
-0.0655289276803875 0.19181766669299 -0.0341378490448432 0.26536115803115
-0.0735313683397814 0.201893528682398 -0.0395741524696646 0.250525317897618
-0.137588879117419 0.160947296301676 -0.0532694466211929 0.22510789627831
-0.164620932888476 0.100680920406189 -0.0729608226242744 0.158789088812481
-0.208276190852474 0.0204967844930583 -0.0558965609402405 0.101267849763137
-0.213048718423768 -0.0475438035471659 -0.0338517696146526 0.054529904428123
-0.182973301148018 -0.145059543449773 0.0814538663961741 0.0713898736666607
-0.187601051694178 -0.24072298954665 0.140717934074917 0.201148650913007
-0.139256291098756 -0.0567384807538192 0.139168794027428 0.464340655124804
-0.108219891098633 -0.0043493491998607 0.178033472645885 0.300599137071214
-0.0697027838679447 -0.000454540467752762 0.0815070950392259 0.116938125507915
-0.0520876239080126 -0.00635957242167421 -0.0184582648214878 0.0733072850339794
-0.0608234380111551 0.00476432918921522 -0.133975259863653 0.133358924042269
-0.0676097328374773 0.038240198530526 -0.139487324482451 0.257873280774468
-0.0684339328639176 0.0651874369922349 -0.0807354616322652 0.314461610716433
-0.0533362739844133 0.0674398720304661 -0.0531905768319879 0.307929853696188
-0.0625291483092414 0.0729090198994587 -0.0726677636766367 0.288300152103166
-0.087485609364175 0.0495920376727512 -0.103208807495692 0.236739623827797
-0.0859495277303667 0.00464145816514186 -0.121679435194346 0.140307317283076
-0.0668343139224652 -0.0319385443992438 -0.0671117549908943 0.0658042940769749
-0.0507618325033252 -0.0271698362679593 -0.0110446572076356 0.0449664720100984
-0.0670982981008958 -0.0395501370019524 0.126886851929143 0.104715659312711
-0.103471811713833 -0.0872843542788493 0.192744084916235 0.269382006543375
0.0164602485999583 -0.129714201158949 -0.25783983318839 -0.260814181168949
-0.0356981131136826 -0.11836266660821 -0.200472651985981 -0.124850906343459
-0.0994175735578753 -0.053964532820921 -0.0251681313556782 -0.0158971337432313
-0.0918923051040511 0.0285022508786615 0.0619243100408602 -0.0125182433821134
-0.0322324007062302 0.065375311215961 0.162570122439427 -0.100284623574285
-0.00296481849235028 0.0545886222664454 0.159311191015977 -0.227009872989453
0.023952011926234 0.0691083381258502 0.0983248265907807 -0.294825037771758
0.0292387232774233 0.0658686044945298 0.0553663500017517 -0.297826812821663
0.0239837119805175 0.0751741019958241 0.0659867010082506 -0.299400878210245
-0.00671125869245539 0.0742847596297619 0.104129741679966 -0.245000856494189
-0.0406250139707972 0.0795004793377006 0.11452343720832 -0.136997567381975
-0.106005542015936 0.0496794310750921 0.00699793211910012 -0.061967224724925
-0.110185748148063 -0.0338979725246067 -0.0895007990707412 -0.107151425013381
-0.0371613148957603 -0.0785245535913151 -0.167303067650856 -0.248104348040122
0.0100407234598331 -0.0761125328214237 -0.1496330002904 -0.436366633594575
-0.0816403064741116 -0.276896806681842 -0.232050357851389 -0.200841510816854
-0.124786527887497 -0.240227631957015 -0.180198662495396 -0.109063103414024
-0.227788798330731 -0.139443098486555 -0.0259254629451816 -0.0021428033413596
-0.237504984538854 0.00231536749612008 0.0573114554436549 0.0242974179536445
-0.155180204713719 0.114837647258271 0.171153210546706 -0.0665221682294871
-0.0906171678919342 0.146712492930586 0.17191986896471 -0.184757183892896
-0.0273278181939103 0.19399190583146 0.112417844465374 -0.255122541019279
0.00817164580463066 0.184464468957945 0.0569335460890489 -0.248506586831527
0.00270569507873151 0.203205823463329 0.053524639891195 -0.249545242850104
-0.0677214952330853 0.184703515650249 0.0875066323136218 -0.196852647458086
-0.125285435618948 0.166208008682689 0.0951966007850151 -0.0988231395144347
-0.241361222163289 0.0989548323942184 -0.0161567966955527 -0.0256408058246531
-0.267921546039191 -0.0441886213263008 -0.125154811313551 -0.0781014707480999
-0.169943136254965 -0.179051330983732 -0.201057888088122 -0.215635717978081
-0.0976000838283595 -0.232615395153244 -0.180107983379529 -0.387056558340096
-0.167347013953161 -0.393477786968562 -0.190013295450295 -0.0948096181431107
-0.20208459223251 -0.342385976195013 -0.142085349271456 -0.0606232976140121
-0.338396411602032 -0.218154268592973 -0.0176538249360491 0.0150902652160339
-0.370827137874201 -0.0319898147044098 0.0468393639609034 0.0514400076807656
-0.273570445492926 0.148740376418362 0.149420587190882 -0.0324501185392271
-0.175953864522434 0.220371288060139 0.15144082089967 -0.120091091836209
-0.0803701596484069 0.292960845168692 0.1062815597344 -0.176756612560709
-0.0140313600287042 0.276221144880854 0.0504356125518287 -0.16230640853109
-0.0102987575634414 0.301890771411782 0.039200311979399 -0.162077478593965
-0.106041435738951 0.273998656481434 0.0670310096724988 -0.118664276532523
-0.18004267250793 0.24452803575818 0.0720688019337369 -0.0439806156736575
-0.33945712532854 0.159414295660694 -0.0280926525508181 0.0202764499429273
-0.39268248675149 -0.0268614564933714 -0.13637168388675 -0.0345500318771579
-0.288114770685016 -0.236321856166004 -0.197548958853967 -0.156324768660033
-0.201182100755283 -0.346163322704845 -0.16814444527803 -0.288855790046
-0.236107780798793 -0.454484694017349 -0.131875850610714 0.0449589802042651
-0.270264653482713 -0.399037496707155 -0.0862075844062358 0.0213930681667192
-0.421719938802687 -0.262672274282594 0.00194132525038755 0.0406691200397338
-0.464197371659645 -0.0489167541582992 0.0323341103774168 0.0699618061886457
-0.354645159605778 0.170333186489755 0.0972183228775569 0.00454985100473098
-0.236342675716157 0.265965812799212 0.0995260632272359 -0.0353022515074614
-0.121256660097177 0.35047254411741 0.0781512779610151 -0.0699236870124823
-0.0325967264657682 0.32727207655256 0.0363327207790761 -0.0507390838392823
-0.0210316298084857 0.353296876800579 0.0261618604302108 -0.0516636414377015
-0.127480397631418 0.322598117524828 0.0484100259422812 -0.0200703797242337
-0.207433589730235 0.287259628493284 0.0485511024047747 0.0237816812499853
-0.386404680684228 0.194045974963629 -0.029935096124615 0.0659739458686293
-0.456598481030616 -0.00405155796936492 -0.120819345168586 0.0100077918482437
-0.363123443327414 -0.253191664585618 -0.148717342465017 -0.0868980275140086
-0.271210842347433 -0.402657998294633 -0.112576141730913 -0.163130715009455
-0.275293184102208 -0.444098414588152 -0.0600698807127623 0.19552764926928
-0.3074031618449 -0.384720536232889 -0.0170748642799567 0.119891296239292
-0.444148913352254 -0.251275150512636 0.0249374367097416 0.0706109311847202
-0.479013893539593 -0.042882920485946 0.0133792962077249 0.0827658899761924
-0.370378550651883 0.171257072354786 0.026010551633794 0.0468621497956233
-0.250466704913943 0.270383388294922 0.0273891135117963 0.0604671442059799
-0.138062120244697 0.353974367473662 0.0359018066389689 0.0511788033187675
-0.0475192399058915 0.328291933480925 0.0175375771379816 0.0679444404571298
-0.035031910811133 0.350309440426918 0.0132019037159033 0.0646164686232659
-0.139887762811655 0.316869969615974 0.0287090169318451 0.0825654442218277
-0.21217375953336 0.271459451307191 0.0207158055148916 0.0909491347254762
-0.374266472698541 0.177999592399397 -0.0303402953473784 0.100295648799678
-0.440949845846852 -0.000916843359347178 -0.0897558448548882 0.042870039306305
-0.362747484935733 -0.239695520642575 -0.0700199681680657 -0.024132495741258
-0.293818922662529 -0.397479198892137 -0.0271731397183791 -0.0305150972077718
-0.274316802807778 -0.361932528763094 0.0175846187089972 0.327087785630127
-0.294161098610712 -0.294711845397675 0.0564693788672947 0.207765036921356
-0.380335093465085 -0.18394400186762 0.0453757703035124 0.096176189301254
-0.394448328968836 -0.0240667855073287 -0.00676430469295039 0.0890841138454001
-0.307343557608977 0.141581187771152 -0.0464002321497219 0.0887219192265278
-0.215821675725516 0.229249166788908 -0.0442197112305645 0.150917652091782
-0.128832679700831 0.302672392545084 -0.00959573157291151 0.164647999877198
-0.0549752307254763 0.278792205898243 -0.0037222060889866 0.176158698289431
-0.0520508169457196 0.293574762209307 -0.00486829161876558 0.167028553570613
-0.14266606854344 0.257434035719529 -0.000910517566363541 0.166710482943475
-0.197465749330369 0.200535710599222 -0.0172411301587594 0.139104606402182
-0.308648254470083 0.110300947786674 -0.0372834336655479 0.112848831878394
-0.348943726214413 -0.0212901114514153 -0.0574437749515535 0.0573685223551647
-0.292822744152393 -0.201945309697452 0.0130272641874609 0.0274807111472159
-0.261461146222866 -0.335609699951101 0.0645714848618058 0.0918925055117465
-0.226899009977545 -0.220674936237276 0.0909169794526355 0.412780690983715
-0.222274726322562 -0.153801929393032 0.124191096629902 0.265413980681655
-0.243856195486675 -0.0885077952159282 0.0626778319127216 0.111086559107109
-0.235402039277514 -0.00583398312494934 -0.01744794902286 0.0850376878006243
-0.191347230442082 0.0832119734925144 -0.0992761193078502 0.119804693663298
-0.145849936077694 0.146343103630015 -0.0980541057436813 0.218575896031177
-0.101190950694297 0.200886118006156 -0.0461347758699415 0.254540914141059
-0.0561662343858382 0.187169996355351 -0.0256308188357836 0.257423494848627
-0.0624984923884765 0.196167520203407 -0.0304424902125248 0.241853220802427
-0.127124221319619 0.161493958717026 -0.0428440246671207 0.217535141017931
-0.157169094000343 0.10242315087684 -0.0649441446462201 0.155253289695516
-0.200572123373499 0.0286904910658932 -0.0508382499950875 0.0985340819559534
-0.206589383839863 -0.038327269924258 -0.0316340025310319 0.0560311522329252
-0.182610897717744 -0.133699726258139 0.0809140915199802 0.0667769870156394
-0.19042113210198 -0.224207310411163 0.142337383255937 0.189849825605671
-0.136860613145363 -0.0511388265215703 0.147462629196755 0.441108800839912
-0.104209679308847 -0.00264423724469543 0.180342924939645 0.283236873176366
-0.0679034111728204 0.000562053746475259 0.0820735025462839 0.109232309158541
-0.0516975402545829 -0.00421216230895421 -0.0152842443183304 0.069164456722807
-0.059285260123799 0.00599848353544049 -0.124102861114107 0.133196941240291
-0.0634427883610772 0.0389437480259202 -0.123777013931436 0.253117879681593
-0.0625309514369414 0.0665695813530996 -0.0678106118421071 0.304531593264097
-0.0485095180497976 0.0672567506481882 -0.0437835463449221 0.298639572076238
-0.0562458800694038 0.0725948273833311 -0.0610729627769372 0.278552383876958
-0.0818592776508677 0.0524054644751594 -0.0901989036927571 0.229888134837827
-0.0831327813113556 0.00840349664918968 -0.111562153985322 0.139200960866826
-0.0657173205795658 -0.0271911473603356 -0.0633158923784448 0.0651616989172871
-0.0500548162327126 -0.0241822993782954 -0.0094160000840247 0.0463654807078671
-0.0681389091876629 -0.0363164506115203 0.125090325840826 0.0973824651647986
-0.104627394957997 -0.0809094232295761 0.194701609203992 0.252946356819365
0.0152667918934432 -0.124608577068845 -0.252287030831445 -0.250432467219431
-0.0337182056565468 -0.113892229250895 -0.19530266975698 -0.120669693809317
-0.0960880826904935 -0.0520459615326434 -0.0257820659782714 -0.0152415538091472
-0.0893964600726099 0.0273407325207724 0.059009020373872 -0.0112561387377925
-0.030966675688139 0.0629984743273073 0.155408903948502 -0.0987027820341687
-0.00359801508253819 0.0538625398547636 0.150620633111873 -0.221758451100401
0.0243132380884906 0.0655887576647709 0.0917200538934245 -0.286853834794725
0.0290178270332283 0.0635906862259899 0.0536033283699494 -0.289207964387856
0.0231305252317048 0.0716160948352623 0.0615287317447878 -0.289523304493435
-0.00612112177243307 0.0712135438862189 0.0978095895890972 -0.237804433721421
-0.0385334162432798 0.0767682866017441 0.109630021272496 -0.134011078864411
-0.101664290826544 0.0485629946955366 0.00749271990183521 -0.058683122146477
-0.106717961879752 -0.031901953199668 -0.0870024690910872 -0.10414765258341
-0.0355221571896289 -0.0755454653550853 -0.162243193580167 -0.240001880575535
0.00952285273133371 -0.0727067972942089 -0.147018823635727 -0.420114720565787
-0.0814277695849382 -0.264624206119537 -0.225849382248613 -0.193693770138847
-0.121795808720113 -0.231270514803312 -0.174795945663761 -0.105652047435167
-0.22041230831677 -0.133802988971038 -0.0267009111320548 -0.0021168266005139
-0.231925914791631 0.00275475215607219 0.0551584973834106 0.0248424745332711
-0.150498736963246 0.111757475318307 0.163711745139996 -0.0656238478911737
-0.0878621813054486 0.144491286071306 0.163866645266024 -0.181468518236207
-0.0235180199280861 0.186861026568443 0.105351494724012 -0.24684090480803
0.00971774200267166 0.17837754443025 0.0561083397605236 -0.241603571931742
0.00444641856174079 0.19527294694903 0.050406336273861 -0.240540325841051
-0.0645080111025058 0.179493837407381 0.0826602555875567 -0.190224295663762
-0.120740969275517 0.161802362559755 0.091193731013047 -0.0965562177632635
-0.233715812785144 0.098194136912358 -0.015947077119484 -0.0224009466382812
-0.25987999033477 -0.0403453500023596 -0.12175558254495 -0.0748014935370422
-0.165888279793575 -0.172150456937974 -0.195430998336294 -0.2078540616133
-0.0970984166842968 -0.223079177454674 -0.177552975435247 -0.370489291716828
-0.166222218050485 -0.375990355948414 -0.183039552417955 -0.0915237267474615
-0.198370679699374 -0.330683518747423 -0.136660925096161 -0.0591714949577673
-0.327817518169883 -0.209016245331827 -0.0187043293220445 0.0139750763889902
-0.36208499591816 -0.0302505812623625 0.0450901912302941 0.0518782317408502
-0.265436738758033 0.145428049417211 0.14218265341971 -0.0319711302226422
-0.170276362832223 0.216658391226405 0.145296270378608 -0.117941306146017
-0.0731300535354065 0.283679783002798 0.0984929553585556 -0.171096060313739
-0.0100612344377164 0.268122333887702 0.04985887490015 -0.15721544710177
-0.00698267314158415 0.290887496769146 0.0372214039682628 -0.156172150525856
-0.100628188642109 0.267714612278625 0.0639250033056396 -0.11457268667676
-0.17326700064583 0.237615177561808 0.0690537568850247 -0.0425867876040138
-0.328311904171636 0.158119974303938 -0.0275840810047907 0.0212447193286428
-0.381615529720253 -0.0221488820532072 -0.132631203740526 -0.030717834461921
-0.283314706736368 -0.227480953438976 -0.190965301114648 -0.150777429807637
-0.198556979968918 -0.331651304822079 -0.164477442304222 -0.276999718182084
-0.231618163929389 -0.433602178137953 -0.125011923251947 0.0429921464418627
-0.264016869666685 -0.38550655563201 -0.0825771443591609 0.0196223744311285
-0.409727300323181 -0.252698579351892 0.000281666159508867 0.0389209728809089
-0.45419495303084 -0.0446148975566163 0.0319459270147897 0.0694487637610715
-0.345004219453524 0.167170754894414 0.093168782897489 0.00462455796649986
-0.227599606714502 0.262722440765434 0.0965170922778401 -0.0356985465145708
-0.111407863789946 0.340373379358321 0.0720151622460378 -0.0671355354582935
-0.0287202857321721 0.317593444874991 0.0372239600333675 -0.048800985912345
-0.0173447242960805 0.340654588953355 0.0255092749138921 -0.0488226178889437
-0.120140924154323 0.316368994004876 0.0474507005829831 -0.019252427978185
-0.199533302267778 0.278949720610688 0.046903774880631 0.0233711106902495
-0.373145525048656 0.193567325694841 -0.0291260865694849 0.0655936040302584
-0.442840912170972 0.000208239436590014 -0.117860501930785 0.0126675021786526
-0.354431321485701 -0.243162465466782 -0.143598973658974 -0.0837461988206444
-0.268662074639932 -0.386256898526799 -0.109978470468762 -0.155932293279112
-0.270608909705445 -0.425363329693158 -0.0553146898190166 0.188242572347062
-0.301164840452535 -0.37230396102939 -0.0149956078357977 0.114493621341759
-0.432398350162029 -0.240754911825732 0.0236774653397515 0.0678012308441252
-0.469396559222249 -0.0373600100327805 0.0138481442274973 0.0807961034976282
-0.359517774722645 0.169193178711178 0.024634497680024 0.0459277769525321
-0.241836141790894 0.266601085817474 0.028675703980174 0.0583542038909248
-0.127983208000281 0.345336056095162 0.0321039895881249 0.0499919438068889
-0.0419010490314621 0.318996335177097 0.0183943470624401 0.0669186370225253
-0.0301627146491242 0.337852867741527 0.0131133721880554 0.0635515204923972
-0.131941479420811 0.310565381353797 0.0294149098387342 0.0799871314657225
-0.205303100641367 0.264589182430019 0.0207491039874465 0.0887879800823703
-0.361424164250912 0.17791029879727 -0.0294290777240398 0.098822590873821
-0.427141246611361 0.003504586510238 -0.0871623412371589 0.0454391906412174
-0.35531720317938 -0.230005129137178 -0.0674309201148987 -0.0227402525711898
-0.289707873378721 -0.380888952397314 -0.0258578806808421 -0.0276610632184465
-0.26934868057051 -0.345754803526823 0.0207171112069277 0.314752737866145
-0.288561619396941 -0.285803607360176 0.0569835033736602 0.200007889893877
-0.371920751674484 -0.176187464802647 0.0444129718379519 0.0928093223190633
-0.386595041296681 -0.0179256797999545 -0.0053345988631938 0.0864248704395446
-0.299303175922391 0.140141281909608 -0.0445002893543703 0.088009247846563
-0.208153088386903 0.224969460209216 -0.0401964020756816 0.146702283320498
-0.119590784323372 0.294607323337823 -0.0101084255826952 0.16130601551931
-0.0503729973202628 0.271716439669787 -0.00254820449159445 0.172006707131125
-0.0467960659182627 0.284096200073195 -0.00372356629332423 0.162645593432955
-0.135325407898637 0.25327305774278 0.00214098175203391 0.161227010246872
-0.191572269540802 0.196922396474854 -0.0152350807291613 0.135127697779077
-0.298633074868842 0.112004177428451 -0.0359050327321972 0.109934220283954
-0.337614777184742 -0.016256042634856 -0.0553088916872046 0.0593612382220846
-0.287257536412844 -0.193496463235275 0.0130804038644315 0.0265818687941321
-0.257662361024015 -0.32076539145429 0.063914264209424 0.0892226416200679
-0.222539731481634 -0.211288344044681 0.0909155224627606 0.397565601438442
-0.217319439705249 -0.14941693623034 0.122682810541873 0.255878113614413
-0.238062700962917 -0.0855147922713917 0.061735848553307 0.107200171447436
-0.231828913108594 -0.0029895692426663 -0.016029571797927 0.0818714276202075
-0.186668590037582 0.0827748959693317 -0.0947189202230792 0.117583836832126
-0.140740725042434 0.143737651134158 -0.0915709369870741 0.213264531559301
-0.0937298631767731 0.197069855091979 -0.044255704668916 0.247773280208655
-0.0517887473039317 0.182673252808998 -0.0244555255387522 0.250179398900484
-0.0575971202606402 0.18985875088188 -0.028971039963558 0.233743242103513
-0.120836910170317 0.160365756412299 -0.0379404481140683 0.210250064023004
-0.152160065235636 0.10100389566389 -0.0614915549235419 0.150891646882759
-0.194424050546582 0.030375077475409 -0.0496382805780916 0.0960486833769324
-0.200359687091817 -0.0349298391473241 -0.0302237473068969 0.057486782054482
-0.180155843577272 -0.127723271614848 0.0797535479677614 0.0648525743115695
-0.188079832096051 -0.215147328613282 0.140902026233862 0.183416324848586
-0.133379685951735 -0.0489755086913101 0.14460216742465 0.426052237376092
-0.101710966258618 -0.00304562060750734 0.176849578992689 0.272507736535728
-0.0668254826348389 0.000256439598521942 0.0808444039569572 0.105123936696535
-0.0516854259071144 -0.00291527407689582 -0.0139359467298674 0.0656340625172138
-0.0581043332677227 0.00605399431170826 -0.119174092724528 0.130156042669833
-0.0612388698574894 0.0378392534681009 -0.116311738608738 0.246846198258217
-0.0588414474812127 0.0662919458508023 -0.0641906779697525 0.295526543045939
-0.0459657222958013 0.0666014490858672 -0.042163983862758 0.290594086954474
-0.0531810970726298 0.0709978585624763 -0.0576005493379415 0.269428316699086
-0.0779493696091178 0.0529512667549379 -0.0845790888980403 0.221953744756837
-0.0812120099970628 0.00980902720585295 -0.10707442279865 0.135526812629406
-0.064060463632507 -0.0242007719081709 -0.0611261395042656 0.0630525642673832
-0.048972408627564 -0.0227695840723794 -0.00871310020514217 0.0473900810136675
-0.067986213722752 -0.0343865448767865 0.122031055998099 0.0937839655234678
-0.103721366407902 -0.0776926328430467 0.191351202690865 0.244758282616237
0.0166040320681279 -0.122119135876112 -0.249240965992717 -0.249120006407418
-0.0320802452987268 -0.112205367416188 -0.192987040989979 -0.120499904777082
-0.0944358901697246 -0.0519393954331161 -0.026374776321804 -0.0155341747862707
-0.0893120599988206 0.0253959021714113 0.0577154608347694 -0.00956494041396922
-0.0317498448479334 0.0614256515510909 0.152975331015712 -0.0969537614843906
-0.00449028404737467 0.0544119503773595 0.147703261636095 -0.220039212034764
0.0240524587394335 0.0630205013926379 0.0909535475281447 -0.282845145764805
0.0288972915572662 0.0622506600866707 0.0565994210006486 -0.286537307557294
0.0227567622335223 0.0705686310533546 0.0625215525852331 -0.285601123326141
-0.0064369068186233 0.0697687421114417 0.096285441211874 -0.234095200541243
-0.0382981793430361 0.0752462029666471 0.109211670517547 -0.13213017578166
-0.101076601674921 0.0476667342951515 0.00879393495059216 -0.0570685881770505
-0.105223835377739 -0.0311581566749318 -0.0857373127046819 -0.104568676894576
-0.0335051557248984 -0.0749284948278472 -0.159869405529301 -0.240006836812183
0.0106762302903496 -0.0716620633884641 -0.143852473913832 -0.41715347770096
-0.0790038172431414 -0.259287321959093 -0.221255438724966 -0.193449744474834
-0.118358708348356 -0.228313962099331 -0.172857444460511 -0.106894581999744
-0.216731947557893 -0.134089148529285 -0.0280436698367748 -0.00299014655254182
-0.23228814918087 0.00105592437544648 0.0542646711154556 0.0263472821149742
-0.150993877477789 0.109382165213494 0.161002216300848 -0.0635994420310905
-0.0890462881498908 0.145298142590159 0.16168637039439 -0.179700611088273
-0.0229565604463392 0.184386122304407 0.102933682336404 -0.243041704777404
0.00984491925859803 0.177344032334398 0.0592263247757846 -0.239483440873562
0.00365728699553931 0.192867875815401 0.051776433186881 -0.236944796130145
-0.0646498678957463 0.178033787379015 0.081540874724196 -0.187691211534159
-0.120405017513718 0.159656872806072 0.0907253173867706 -0.095262944633688
-0.232404728392025 0.0968288075910666 -0.0146438557877658 -0.0209352359935268
-0.257081258347451 -0.0409828467362519 -0.120498254191273 -0.0751216388417467
-0.163663854548283 -0.172363445524662 -0.191966396439726 -0.208431742170617
-0.0947380519155565 -0.220217269445348 -0.17314722491916 -0.367021890294524
-0.161953060331619 -0.369516955710278 -0.178775532721308 -0.0931650206011577
-0.193948026316766 -0.327468602675383 -0.135031417209302 -0.0609823127061255
-0.323168999828 -0.21055340394467 -0.0204969667755698 0.0136196751959565
-0.362195966027829 -0.0307179732224486 0.044563947935592 0.0527230655107094
-0.265166245490947 0.142230478239021 0.139746462221809 -0.0300498491234599
-0.170632925935155 0.217482202844471 0.144527254488562 -0.117220311892169
-0.0723588794807159 0.280734070381696 0.0958500128572492 -0.167747648704336
-0.00998017914548606 0.266212308514887 0.0528594811141582 -0.155706060023927
-0.00853554109689868 0.286618559004574 0.0384647646225274 -0.152839379308116
-0.100607718929489 0.266470821091688 0.0636798137070027 -0.112272391073111
-0.174024332328982 0.234797922794463 0.0690407005442699 -0.041058642401446
-0.326869478351909 0.156544065296076 -0.0268182150949475 0.0228589043706237
-0.377656701848759 -0.0229669320987231 -0.13149219679963 -0.0304850949910142
-0.280414143971733 -0.22653196199258 -0.187617357866307 -0.151789052089085
-0.1956108885647 -0.328622815848932 -0.161545434569905 -0.273374347379517
-0.227771600576616 -0.426092701050289 -0.122015879490954 0.0396041484965681
-0.259729845182362 -0.38304224562407 -0.0808763233555851 0.0168954651579821
-0.403600329981662 -0.25209577476366 -0.00121757281839283 0.0380324869265703
-0.454224853462428 -0.0464912828787424 0.0317848053988839 0.0702474031747663
-0.3444473321799 0.164644316191497 0.0910062554300548 0.00639220650934055
-0.227727099699302 0.261618792596536 0.0967515702836318 -0.0355176062328223
-0.10903553657657 0.336905096479328 0.0684840384156027 -0.0649653987377819
-0.0280600078840604 0.315875476125024 0.0394266720382607 -0.0478202953005994
-0.0182316710954112 0.335072419764237 0.0255457580621789 -0.04677435492425
-0.120490943384904 0.314630181351092 0.0475756896779209 -0.0179221075683159
-0.200953517323281 0.275870779664965 0.0466404498738924 0.0248948138615645
-0.371504608036945 0.19050799206757 -0.0302910388361889 0.066763456741775
-0.438671689473392 -0.00179647879923698 -0.116563555792409 0.0141554595898784
-0.351980846122256 -0.242568718435951 -0.141152692103853 -0.0844563991805233
-0.26585429543567 -0.382171496341841 -0.107582854710505 -0.153551903344167
-0.265910917748185 -0.418943680600253 -0.0538723321890529 0.183707372602448
-0.296137377260133 -0.371090486597265 -0.0139410615672116 0.111697241090263
-0.427327252145471 -0.24281837362184 0.0224491198857556 0.0675263631522087
-0.469548166144502 -0.0388504213629764 0.0142871319965465 0.0814819034043543
-0.360274994366981 0.165975063972872 0.023738404867939 0.0470919206648481
-0.241611216996203 0.265364331954434 0.0296557299604148 0.0570979986370213
-0.125268162237223 0.341274157692746 0.0284385815079056 0.0509896592295704
-0.0415420126843336 0.316573802240479 0.0197516938095557 0.0670386246733414
-0.0314641063221581 0.332714962818309 0.0132292256729083 0.0644336545501327
-0.131065037305645 0.309307902280817 0.0295271552038841 0.0791939626845968
-0.206334996436526 0.261767784850937 0.0203325394325433 0.0891300424402561
-0.360374064293226 0.176459808416012 -0.0302057945554448 0.0994853935597364
-0.424706430388191 0.000703798058499956 -0.0861473031194518 0.0468543430009743
-0.353133114157951 -0.22998322692201 -0.0657132989210696 -0.0230678777281006
-0.286823759405083 -0.377386428690166 -0.0248443966812232 -0.026584283225433
-0.264734630534013 -0.341776130911274 0.0196210381412293 0.309335107993002
-0.28515396432498 -0.284221075727341 0.0566435394599398 0.196828562337475
-0.369583005238092 -0.178672325282959 0.0427323154498858 0.0925649422118224
-0.386670588826523 -0.0185616273325958 -0.00493851707218025 0.0853833498477549
-0.298689592936276 0.138165632345108 -0.044365171695972 0.0875397147313304
-0.208384304987075 0.224573459588346 -0.0379659394636083 0.144916401338926
-0.116539399501454 0.293341712591843 -0.0128214013916707 0.160543552928031
-0.0501365697559615 0.270108440237124 -0.00271896237474631 0.170694659637119
-0.0471034185125177 0.279790106801643 -0.00512324456308948 0.161674345784986
-0.133721741155451 0.25232565819016 0.00192190118860377 0.159741493771186
-0.192158092705227 0.194324819720895 -0.0159402756681176 0.13491132006842
-0.296535499487281 0.111406418701021 -0.0372148071461053 0.110168566739575
-0.33439157093497 -0.0192520166960291 -0.0552586931574471 0.0611957900242108
-0.286024883232606 -0.191616723094256 0.0141977096955023 0.0265149617082617
-0.256055849497306 -0.318540655122344 0.0635191839961805 0.0900543682572534
-0.220163919635518 -0.209582053214558 0.0870406072035579 0.393478397310637
-0.215872840497767 -0.15093855522919 0.120862359393333 0.252785827643791
-0.237499774185724 -0.0868568991226273 0.0607774768082198 0.105945865309619
-0.232607906438249 -0.00273765793039616 -0.0160078857279746 0.0805330459908026
-0.185862405962074 0.0812665238134691 -0.0945516075017415 0.116617846472676
-0.14056645920487 0.142963903194363 -0.0891621404301155 0.211180143647579
-0.0916373799511857 0.195837821101011 -0.0461833212085633 0.245895830514872
-0.0514604799881563 0.182635936538017 -0.0254270556982589 0.249376857865816
-0.0570723609387884 0.187558894526338 -0.030281936655087 0.232242808240561
-0.119084795659621 0.160214647519272 -0.0377384325607531 0.207076061060097
-0.152788281299748 0.100311015603046 -0.0612953190518175 0.149746371457112
-0.19245486665954 0.0308620532294742 -0.051098994421358 0.095610311935733
-0.198141107349435 -0.0354431323518775 -0.0295599928624851 0.0596961571425213
-0.179343392288706 -0.126839178220612 0.0793221379146244 0.0647225250607816
-0.187176704684302 -0.213065203404086 0.138940721001395 0.183290065561235
-0.132743470117885 -0.0493504571478425 0.140332198169615 0.420579416780625
-0.101589089782788 -0.00452177791459598 0.174181112383542 0.270666682328662
-0.067963584096146 -0.000582501254886309 0.0803735999053756 0.103911851083558
-0.0520887548761141 -0.00205148457779586 -0.0145260276345672 0.0633887204548041
-0.0582730413153947 0.00599272526621795 -0.118107474494819 0.12826140571159
-0.0609738181526466 0.0370725845166472 -0.114690812457014 0.244160854160662
-0.0569715260734186 0.0671706261336239 -0.0652667964213851 0.292714263190835
-0.0452328312752072 0.0666034967522714 -0.0445612595325976 0.289151577626742
-0.0521680465567721 0.0705231111495026 -0.0594776521900643 0.266972140708416
-0.076952092487746 0.0539036806149272 -0.0837956659833817 0.21862380709738
-0.0811032608296049 0.0105485230189908 -0.106360341196974 0.13401645201122
-0.062996346381946 -0.0231667038762812 -0.0619059966530433 0.0620452760412363
-0.0492422193739526 -0.0225191515760694 -0.00796503693618418 0.0493612642213628
-0.0686326024936032 -0.0337191807439505 0.121051026568179 0.0945083009602789
-0.103939560660845 -0.0775833693666732 0.189659283302976 0.24360143242877
0.0178572601003951 -0.123460204507613 -0.254142036645983 -0.252345984695958
-0.0315416001835616 -0.113397915560442 -0.1973120297114 -0.122784299259607
-0.0955104387275161 -0.0528097676580038 -0.0275074554043832 -0.0158213836056711
-0.0913876952330522 0.0256937418094478 0.0586129480346877 -0.00893472366562504
-0.0330732933131846 0.062321186401539 0.153886518508925 -0.0995344095154451
-0.00500544917361484 0.0564692281407522 0.147053402816981 -0.225275418989797
0.0241542865208568 0.0626931385281083 0.0903629593897879 -0.286720479630378
0.0304924038814424 0.0627830074829134 0.0585928673808029 -0.293548945431863
0.0229424147580494 0.0711812476059596 0.064170547135179 -0.290237684940161
-0.00679090610552066 0.0704999157095777 0.0966880374289499 -0.237894142830614
-0.0383921541739576 0.0758972116906708 0.110934988949026 -0.134440576688206
-0.102850352555309 0.048555749960246 0.00991506853283439 -0.0572925819939634
-0.10671264389247 -0.0312053647307663 -0.0880471417391668 -0.107390790035213
-0.0331271635420004 -0.0765663434451068 -0.163203221641062 -0.244493657816318
0.0112178076179393 -0.0722844228395547 -0.145689751232133 -0.422314917629684
-0.0804129301619855 -0.261367099132455 -0.224809279504982 -0.196752177621283
-0.119964697389613 -0.231321234721758 -0.176577199472141 -0.109637119302594
-0.22011682591893 -0.136591885602836 -0.0294962764858885 -0.00287113920573606
-0.238668298506246 0.00136729427917119 0.0550828927386851 0.0284939310545472
-0.154924498755632 0.111031222026188 0.16163485183096 -0.0645589584517464
-0.0910665323533075 0.150670222499841 0.163002400368765 -0.183904972239478
-0.022211658943512 0.186684051781839 0.102543670144729 -0.245269996534073
0.0117598768983191 0.180143614582281 0.0623010198445451 -0.245264705525008
0.0038534538311433 0.195666570446922 0.0528546920023321 -0.239807537482855
-0.0656127454682599 0.181947847372574 0.082308184445934 -0.189869484545246
-0.123210394820779 0.162314146783077 0.0920608443711737 -0.095970040977054
-0.237088526845712 0.100361363712492 -0.0144178164588668 -0.0201387379484802
-0.262191179169043 -0.0414012291987465 -0.123588250040334 -0.0763746876106614
-0.166105601390778 -0.175000034833353 -0.19544485401356 -0.212942055606593
-0.0968801282082864 -0.223389695265652 -0.177162538426418 -0.372467133796569
-0.165104098984151 -0.371964492785151 -0.180854529857625 -0.0963261926192366
-0.197493216853166 -0.332557672436348 -0.137253164260317 -0.0639476490360255
-0.329253085890948 -0.215013697579743 -0.022001458530598 0.0142462320000546
-0.371931973616035 -0.0295354863936096 0.046688088807004 0.0550156364822923
-0.271315258751395 0.146326946407619 0.141030731771365 -0.0303432799523617
-0.173911142716088 0.224379554929559 0.146774556459102 -0.120465392656421
-0.0710060160424836 0.284481328221149 0.0945229376246982 -0.167960350553876
-0.0083589872968924 0.271536120930783 0.0559325810266219 -0.159645793299518
-0.00772792122334461 0.2911032645829 0.0395067258535607 -0.154134310476134
-0.101827972997253 0.272753143562489 0.0643663562024807 -0.113652798522521
-0.178264505816076 0.24012778017661 0.0700906053024206 -0.0411223233329698
-0.332886612123034 0.161741893333865 -0.0271963152862107 0.025187696709842
-0.384904022728971 -0.0225195457035923 -0.134402843856142 -0.0299958491709863
-0.287215123449943 -0.228963412187284 -0.190634625925145 -0.155158466047335
-0.201025977315342 -0.33235126457554 -0.164395171637398 -0.277142203461355
-0.233463469564324 -0.430119720658243 -0.121843446832396 0.0379073852013226
-0.264803946443453 -0.388080862069004 -0.0812245973088422 0.0149841578549616
-0.412991088611792 -0.257863426626683 -0.00183431938007367 0.039174726048129
-0.466416074167411 -0.042550691093027 0.0339201263714468 0.0720191451768998
-0.351712905559644 0.16965680179946 0.0921276159029961 0.00721663569804182
-0.23143848139044 0.270422666580236 0.0991302505981075 -0.0372040983903002
-0.107100135676655 0.342139383344321 0.0666483051459553 -0.063291591896003
-0.0254923754031483 0.32230111895304 0.042153398499897 -0.0500613934677746
-0.017552585751728 0.341327885046638 0.0272059884590161 -0.0464840953407044
-0.121369816300326 0.322529397493395 0.0490679490318716 -0.0180867677427274
-0.205438441223488 0.281932053763606 0.0478387396443135 0.0262355898930998
-0.37829481352069 0.198360206134118 -0.0301877297966719 0.0700109498178264
-0.447619493596143 -0.000448185149921228 -0.118581652209944 0.0161383835831394
-0.360477265976836 -0.244433472289047 -0.143257995470068 -0.0869912461527037
-0.271830362054595 -0.387578951213294 -0.108944103229984 -0.155219131570542
-0.270386875771991 -0.421370539196286 -0.053015272532784 0.183127427513743
-0.302226914189453 -0.377481798475476 -0.0131936648487274 0.111018384939821
-0.437583145933498 -0.246636610111181 0.0227365769277807 0.0685870411927007
-0.482209204557616 -0.0353115018937106 0.0159466556044239 0.0825631609494488
-0.36712774817058 0.171315948792738 0.0239110096899407 0.0483175064994256
-0.246657162326223 0.274844561752529 0.0321452292594352 0.0576448431768617
-0.122722491631127 0.348168414933499 0.0266654042685627 0.0546232028161614
-0.0393329317139521 0.323796677382962 0.0218655419213011 0.0675232340640651
-0.0302357464013691 0.338125780336974 0.0142302948244439 0.0663159735542726
-0.131886220523598 0.317187398856248 0.0310947654388171 0.0802513074435205
-0.210810310236158 0.267514901620018 0.0214478230387102 0.0923084137595383
-0.365960027968693 0.182952051260834 -0.0310913678872139 0.102998944434171
-0.431584310374119 0.00274639858303254 -0.0870161058086036 0.050281955693295
-0.361760227085644 -0.230565598935868 -0.0659254716058793 -0.0239186827216839
-0.294127705020838 -0.382841428524469 -0.0250618588144822 -0.0254969656360686
-0.271985883788459 -0.34451004479872 0.0211116501530309 0.311157846116415
-0.291727313592548 -0.289977761378491 0.0592356138313415 0.198548028899241
-0.378570917978058 -0.182327474867927 0.0444660980891727 0.0942797826726703
-0.397047627476451 -0.0153834547730168 -0.00410475197169423 0.0859611122632927
-0.304533059916038 0.142846097649221 -0.0449167302722653 0.089332813716176
-0.211528771611137 0.231430317611518 -0.0363405159805213 0.147239344081762
-0.11430420425909 0.298865649759649 -0.0152697719779449 0.165716345062647
-0.0473527092341475 0.276611537743754 -0.00158498125466027 0.174773292158889
-0.0473936152455593 0.284980561006442 -0.00441894227184165 0.166048410904487
-0.13458268664691 0.2594026530098 0.00304046112384514 0.161373342956682
-0.196781111339721 0.199336754052655 -0.0156717609566747 0.138428871528756
-0.301956242083228 0.115492436041409 -0.0384502275859508 0.114056403265276
-0.341429702772196 -0.0180027602144037 -0.0549045796848167 0.0648736277970516
-0.293340151818292 -0.193114054357293 0.0151753233179703 0.0266098144407376
-0.262789978511101 -0.322002021459608 0.0658564716435242 0.092183913197565
-0.224602512809038 -0.211761731511522 0.0898589468308614 0.397222820036314
-0.220853737493214 -0.153858008208496 0.125231247515811 0.256071735645223
-0.244558541326965 -0.0885914753020772 0.0628892974263743 0.107854285569785
-0.238743710453028 -0.000337801382709153 -0.0154361614596749 0.0806120368550694
-0.190118888415315 0.0841517943818861 -0.0952894656066531 0.119242296052653
-0.14307903310474 0.147383072932003 -0.0884737850614555 0.213900447243
-0.08892476791176 0.200495019766371 -0.0481835864368957 0.251346048398361
-0.0501144785771557 0.186904672552892 -0.0253145668898807 0.254702883816052
-0.0574176054882096 0.191565047431498 -0.0301048872697882 0.236885781205494
-0.119396774356952 0.165625155268344 -0.036591592019058 0.209661867057626
-0.156085578108613 0.103863901071935 -0.0619989009558293 0.152677196507328
-0.196004104163952 0.0336008791820633 -0.0523103990671789 0.0984610210606303
-0.203218607339337 -0.0351445990482306 -0.0287789138734119 0.0630118855043393
-0.184702311533495 -0.127388706593327 0.0815965165124058 0.0655876301241715
-0.19336515572362 -0.215480788437289 0.142987701006815 0.18677144300801
-0.136892202417306 -0.0499891839108977 0.141149825947 0.425318314302591
-0.104053030934351 -0.00537094436599153 0.178555638442509 0.274182414250672
-0.0705894778204032 -0.000795665376908183 0.0830759143224413 0.105115086082556
-0.0534047675122697 -0.00155344114239978 -0.014585654368136 0.0627803685944531
-0.0590927304316252 0.0065052985175414 -0.119114720664612 0.130774205086908
-0.0626096062166987 0.0381020672986509 -0.114616255430917 0.249109588594052
-0.0562615748785706 0.0695592315529498 -0.066277817989537 0.297996692156704
-0.0455003304482038 0.0696397963948598 -0.0456782160139377 0.295484382536252
-0.0518227514108964 0.072533221542891 -0.0609765440568082 0.272196794583404
-0.0771543613109796 0.0566564266322579 -0.0836275625185726 0.221141981250514
-0.0832537026102023 0.0121057420425517 -0.107686629724015 0.136352417938707
-0.0644950765352003 -0.0222162282802192 -0.0633933070176772 0.0640737816378047
-0.0514808100846924 -0.0219777659884607 -0.00658717935278368 0.052644648162717
-0.0712762808511081 -0.0330202413854948 0.12387798606061 0.0955069917239885
-0.108083376432686 -0.078489353337972 0.194737358577703 0.247801309703829
-0.000870912892272407 -0.122951497317756 -0.267551258017215 -0.240173532149971
-0.047042333922323 -0.108025772823997 -0.204099364909724 -0.112788481022949
-0.102588622206281 -0.0418877966178536 -0.024349579009397 -0.0217112366336111
-0.0895029466268727 0.0376275801648822 0.058693946545074 -0.0211709324455607
-0.0269831273633854 0.0632893582354908 0.143091844755836 -0.117017755306465
-0.0018168665929141 0.0547605423874478 0.126647453066247 -0.241868352500782
0.0310552964247102 0.0581637908765592 0.0618106642367531 -0.301703186393012
0.0347334700954139 0.0586767559913524 0.0347326498561592 -0.307736347121022
0.0312159719569962 0.0690286494903671 0.0423819830460587 -0.308162901722959
0.0013303123286264 0.0741429627879156 0.0812217987788927 -0.258458511101697
-0.0298987328313103 0.0820817865947099 0.104961380312418 -0.152518115805414
-0.0986611302014704 0.0617595908590556 0.00898151166122478 -0.0638149454674744
-0.10970398640683 -0.0218133928792931 -0.0970447083186459 -0.106189805872587
-0.0350701262667353 -0.078495611502661 -0.194164103802674 -0.240198671250333
0.0126232347065418 -0.0778235654187231 -0.182606847092052 -0.426752320842042
-0.114415897189794 -0.24795945870542 -0.22210592609262 -0.192325934701815
-0.148220257371574 -0.216169599016428 -0.174497281790918 -0.106925597580133
-0.239077881965228 -0.110774955309822 -0.0166718143581136 -0.0178698340652732
-0.2410797216745 0.0323401467575832 0.0636892310896548 0.00584175041801782
-0.143910932070666 0.126405344431016 0.1507778431537 -0.0895475558635574
-0.0786145778931842 0.159002403429019 0.142603049402415 -0.206679151418568
-8.41487610590205E-05 0.190086045949901 0.0733654936321303 -0.268862384403919
0.0265329745730687 0.179129192478342 0.0408394538019254 -0.257516564834427
0.0258328698239366 0.197999292754035 0.0362500829533707 -0.255330046359491
-0.0466351935213406 0.194610365018517 0.0703634749647568 -0.2102895818595
-0.107340540697016 0.178751334594361 0.0887219590958844 -0.113527052455635
-0.230813406851363 0.129726535823275 -0.0109457408884375 -0.0259646159490547
-0.270984787005633 -0.0166207592259241 -0.124309786122675 -0.0714894006751223
-0.184485248889299 -0.168269525078811 -0.221615528931845 -0.19535176456737
-0.115404331892929 -0.227744497043945 -0.211293910061012 -0.360861368045848
-0.211243084277393 -0.345950931255641 -0.162013437882932 -0.0994925829168873
-0.237542037397998 -0.309228661637618 -0.124074061227977 -0.0677262556464679
-0.35900200391738 -0.176525979375036 0.000421889411664425 -0.0105676335935398
-0.380515608376404 0.0197850189068475 0.0621114302714654 0.0225507512177798
-0.258349991141233 0.175533968385207 0.130829714523061 -0.0603917657878519
-0.155585862741103 0.244038597650817 0.129086193682617 -0.14498279799436
-0.0366531600516425 0.298273033628155 0.0686592221000223 -0.195422603918494
0.0154594447038964 0.274118549657099 0.0408911501806968 -0.168381913782664
0.0251039583835851 0.29546843002457 0.0293037449424047 -0.164136061096137
-0.0739070680298171 0.291257475135755 0.0580132323469066 -0.130236881751581
-0.156329344976539 0.262650491613913 0.0694049690951011 -0.0548910496286851
-0.321999601026514 0.203320794368494 -0.0188163449604039 0.0187976891620097
-0.396511644088612 0.0147465903339396 -0.126312376879421 -0.0227896439132358
-0.316877822141384 -0.21565270683557 -0.207080810179568 -0.128218031808431
-0.235189468704983 -0.334150290899192 -0.190689342086563 -0.251879708367149
-0.282345036541191 -0.397298107988982 -0.0893110613297635 0.0288347445955413
-0.310736297476355 -0.357513781837761 -0.0574679086107563 0.00396871851129418
-0.448751019886085 -0.21036402575679 0.0277432423308234 0.00622619795674953
-0.477919327338773 0.0186140422895465 0.0538460744825115 0.0327889485196138
-0.337292685827593 0.208022553350061 0.0827606702457809 -0.0238796334686095
-0.208417625664413 0.297876203640114 0.0860173623234622 -0.0597884887307555
-0.0661841674033018 0.362620195448387 0.0483102797634124 -0.0899625255915775
0.00282285450174818 0.327551968992853 0.0351426009406609 -0.0537590522190849
0.0199505006402214 0.347973550914112 0.025881425039307 -0.0503527595391388
-0.0889188948081707 0.343657843566018 0.0492729102058784 -0.0300292717022549
-0.180760816564977 0.30796347385502 0.0516625778361367 0.017046474835458
-0.365360282831944 0.245524660606589 -0.0175960002294171 0.0652950660682896
-0.459634146519773 0.0438936975764989 -0.102785117012217 0.0238415234289922
-0.395569397693871 -0.222563854424318 -0.147083539335018 -0.0569367280751092
-0.316327899177253 -0.385185231053035 -0.123022623551827 -0.122125508209783
-0.318632203216789 -0.384909449165932 -0.0102049180016311 0.169915624440809
-0.345922268465239 -0.343731417113249 0.0194123371276701 0.095266197697264
-0.473939979807007 -0.196096515628598 0.055311182576847 0.0320743748782652
-0.492805638145462 0.0278401786631612 0.035589785491132 0.0429429348038781
-0.352034895763814 0.214031848148763 0.0162122716146498 0.0234216525281132
-0.222317480492704 0.305539009583526 0.0260797179257847 0.0410061483482232
-0.0806741843663122 0.372259210119994 0.0180028349336236 0.0324956984886588
-0.00901418348845464 0.331943146373243 0.0250318318515023 0.0689464458695322
0.00690906272920311 0.346973408936336 0.0216189884880877 0.0680987517551184
-0.100251133009411 0.339276096850559 0.0392426785418413 0.0744913772720187
-0.188485281804356 0.294313246862007 0.0299250993748812 0.0881690103563798
-0.353377760254222 0.229136761456565 -0.0155184480335445 0.10065306036851
-0.443291505725001 0.0454895003417399 -0.0672294737219438 0.0573575700494547
-0.398341159532941 -0.206502881798509 -0.0596367005712372 0.00293753089658386
-0.342527722890171 -0.37657363112514 -0.0249633226359411 0.00765558910040154
-0.30655249699438 -0.309058760624312 0.0679757023785782 0.296238189637847
-0.323719742855544 -0.25855476977583 0.0951228991460102 0.179517762619953
-0.406794356110603 -0.137474007920759 0.073143924228287 0.0605388757115018
-0.406209889232701 0.0381639534852027 0.0126129522744674 0.0548686633022839
-0.293416522445062 0.178883657269455 -0.0480484594922999 0.0745573906878518
-0.191362652371891 0.259153674934151 -0.0344230433923239 0.139891760812713
-0.0778020490668703 0.321207142295244 -0.0121962953323519 0.152111003351754
-0.0216760543099596 0.285344772194148 0.00991661466866457 0.180574573322903
-0.0156919329080392 0.294868010419389 0.0107378093216986 0.173468922947834
-0.109109111630026 0.280202370413506 0.0173844478173984 0.162601969419817
-0.181261089083837 0.223197914984678 -0.00359431957870599 0.141243275549307
-0.296772297292434 0.151605014344598 -0.0238026158214217 0.116093981870905
-0.353202402833889 0.0154377224819782 -0.035444719468542 0.0717622991354843
-0.324756565172948 -0.172345163880616 0.0282958753228496 0.0455095525157508
-0.306163180157864 -0.31440234735051 0.0783557779600843 0.120012054059961
-0.244258028723011 -0.182154895228324 0.132574686729448 0.382400887518704
-0.235116517172188 -0.130524369105963 0.157374770776668 0.237909348554372
-0.258625641438568 -0.0596092485637639 0.0842368440077569 0.0841221064293856
-0.24162112701936 0.0327686468388264 -0.00461371939896458 0.0621553103714256
-0.183341884108298 0.108452496299375 -0.092622716983095 0.116875461127205
-0.129752940301596 0.167897558721509 -0.0783465664895496 0.216969779582446
-0.0637284399108568 0.218412933327854 -0.0338485346419009 0.247474520084514
-0.0317966658307579 0.195713643464972 -0.0064317630040218 0.265862670314262
-0.0364165220413496 0.200994812419973 -0.0107413133144151 0.250677084229487
-0.104393422723642 0.181600548078924 -0.0209648341524093 0.218778312073883
-0.149203478065854 0.121293272959293 -0.0510556561040415 0.16261340140984
-0.197165180114013 0.0559736473442864 -0.041412165369652 0.104483271393048
-0.213309012353854 -0.0150487685981351 -0.013673150448394 0.0699608208307249
-0.206938926348006 -0.112826845013769 0.0980217565324555 0.0740789296286392
-0.226458570652683 -0.207601050910535 0.165354939988994 0.20497757406902
-0.13659089119736 -0.033288345548342 0.173660040648368 0.415342598825147
-0.100144999423715 0.00484400382679185 0.203882963227629 0.259566064570864
-0.0711566753871198 0.00823151480692928 0.0947375531590643 0.0927382101679221
-0.0539651128253882 0.00700545273050877 -0.00941294369879399 0.0589015434023041
-0.0593167333290825 0.0157493606147812 -0.110936091692494 0.139757556000356
-0.0576113084380415 0.0488043268592483 -0.0973805623812143 0.259266714089965
-0.0465186056920522 0.0808930470408478 -0.0431520252910429 0.303786501071288
-0.0371089568497851 0.0763329195687303 -0.0219850202734278 0.308919448127108
-0.0442078280849498 0.0804499895268871 -0.0403584434453367 0.289579648767836
-0.0724711623580177 0.0655260123127175 -0.0694683561831565 0.236958407098745
-0.0843535454991517 0.0208714252327649 -0.100552958527738 0.151234046159871
-0.0680698904881903 -0.0157057903497334 -0.05938337816342 0.0732803709345758
-0.057240922180925 -0.0167907861865108 0.0012702202948319 0.0577452767896685
-0.081462852500126 -0.0248538231949802 0.14260614899871 0.0938621946693812
-0.125763286043892 -0.0710486158816309 0.224551636080656 0.255507688960734
-0.00764807306455757 -0.124669728018204 -0.284407012229332 -0.227511945538131
-0.0528462364971551 -0.106915183618859 -0.214738463724472 -0.101751993249372
-0.10672026643613 -0.0372208297303788 -0.0254364608193671 -0.0210298012764645
-0.0899559000335586 0.0434850017018405 0.0584254071015265 -0.0246110163661074
-0.0247313651355794 0.0665898231018585 0.137059499867274 -0.126434525065307
0.00168290709023862 0.0568354102052677 0.112994922419219 -0.252610687516428
0.0338922208459451 0.0562342288214559 0.0454103069157123 -0.308853060707214
0.0386870126929822 0.0562002508833889 0.0180268985651514 -0.31650141249934
0.0358520568281184 0.0679933429562264 0.0246548935259145 -0.316376890737753
0.00546460559381777 0.0748477217722376 0.0670984456296132 -0.266793732564723
-0.0258185953915508 0.0845566439031735 0.0980468640266173 -0.161368304661669
-0.0967232654083882 0.0687545989562848 0.0064801948442287 -0.0655390651193863
-0.111917950027332 -0.0158025181001843 -0.106752614886349 -0.103178581280058
-0.0394545068329404 -0.0783893611027226 -0.212011553891691 -0.232920033494547
0.00916664211343785 -0.0801465047532357 -0.210928179970837 -0.422295100108504
-0.12954082838664 -0.243564505408811 -0.236868062669596 -0.183263724035417
-0.16232523344216 -0.211285256371559 -0.184320470377055 -0.0986093222738341
-0.25026681397269 -0.0988657715528539 -0.0180551364359602 -0.0179322151797443
-0.245240466792404 0.0490323017055265 0.0650820774558403 0.0025975248385172
-0.140354096710496 0.137942473360007 0.147538498325809 -0.0989092222878103
-0.0698440440245902 0.168502277708777 0.132101073672207 -0.218523560838914
0.0108568350037157 0.192876532930229 0.0593495959473735 -0.274024679892579
0.038914068852303 0.17980127374957 0.0275964257034363 -0.266423164674596
0.038335841876925 0.199198624476246 0.0224134014901772 -0.261607221116269
-0.0360341911298808 0.20196942421927 0.0595376976076676 -0.21632088187411
-0.100581855290506 0.188130614061392 0.0839174716420568 -0.119687346970877
-0.227564789755535 0.146672158558956 -0.0116159729859337 -0.0252920929154891
-0.276684649727761 -0.000978607509112259 -0.132497935542856 -0.0657444222150951
-0.197685395144734 -0.161259248477175 -0.238135110254091 -0.186882349313519
-0.130507762722739 -0.224747736890871 -0.236377395863118 -0.352276974786361
-0.233530314440057 -0.337474218825972 -0.169980735808376 -0.0937527224318044
-0.25883660897023 -0.300452148937869 -0.131337348974127 -0.0634475423506799
-0.376828262931303 -0.1582645542821 0.000507132854528016 -0.0114161067567819
-0.387751274297303 0.0442933500325139 0.0647451443535121 0.0199183896402171
-0.254118345845872 0.194370128262719 0.129239938204235 -0.0677788898596642
-0.14186130113612 0.260944120731226 0.122257550690348 -0.155770957516955
-0.0189935432081228 0.304488382560102 0.0586691760444575 -0.19833019764652
0.0338664872468643 0.277711466359128 0.0325437373501671 -0.175674775959462
0.0428894272198413 0.300414460677909 0.0213752263977832 -0.168419372282805
-0.0574249311939595 0.302502533167881 0.0521178527426687 -0.134967896396894
-0.14552908388014 0.277478452736744 0.0689970392277209 -0.0586704896926667
-0.31635062460091 0.228230270405397 -0.0171172115202789 0.0227129557076728
-0.402401946261419 0.038442698205073 -0.131284371316941 -0.0159678643750245
-0.335579846236898 -0.201305988551727 -0.219411908186974 -0.11912224298814
-0.260105945383524 -0.324590210498282 -0.207820016290186 -0.243212213385357
-0.310611449905574 -0.382546444870502 -0.0887799862028896 0.0310956967371088
-0.336588792807049 -0.347856422302622 -0.0589437127540688 0.00494512636814338
-0.471475530650323 -0.186725915883519 0.0294646127849278 0.00367076482497243
-0.487604634997184 0.048794100807785 0.0568193570564082 0.0296618105496841
-0.332389579106813 0.232633792431059 0.0831285480716481 -0.0278005045836793
-0.193777317256982 0.318927051172455 0.0851329933228778 -0.0678155012757423
-0.044527527470184 0.371359860035023 0.0435817023328295 -0.0892573372120115
0.0256305334607776 0.332842462685669 0.0336064747454249 -0.0591648590590092
0.0417966990646513 0.35326075133982 0.0244917971876693 -0.0522890984877512
-0.0685870346443945 0.35666944475056 0.0489295042046597 -0.0328528137873649
-0.167220365543421 0.325321488959985 0.0555278795727561 0.015124165772295
-0.357793344377726 0.273217176657165 -0.0127110284265243 0.0702328394993304
-0.467161466519301 0.0726335007360288 -0.103722111240495 0.0312774801295728
-0.417075487138213 -0.203170855167352 -0.153799101249882 -0.0503717090163845
-0.347451967272855 -0.37183489027164 -0.130919231662686 -0.11513884556416
-0.345439322967075 -0.370058532367693 -0.00106654455590902 0.170103524552577
-0.371704845675989 -0.331430841069368 0.0249197435650045 0.0924483364912341
-0.498263848559605 -0.171909467202251 0.059496078886756 0.028468746469398
-0.502321811695811 0.0606440889996724 0.0390551774190431 0.0407481084805929
-0.34739435957953 0.23946785802907 0.0190877932290634 0.0233372598778153
-0.207579152242456 0.327651544171877 0.0303707995819551 0.0382152030304356
-0.0579280098616152 0.382326634900597 0.0204102356098782 0.0372315235643763
0.0133152653189401 0.338398003353709 0.0302626996157147 0.0671933802712235
0.0287150851156688 0.353373099700013 0.0275125010698114 0.0689127288752561
-0.0807638993778464 0.352887739382381 0.0445811859934488 0.0735947926135332
-0.175922545214935 0.312317432082055 0.0374305034461358 0.089771537889483
-0.347219858511441 0.255682111789962 -0.00849189526130987 0.106011692062727
-0.450523028004253 0.0725584228696659 -0.0641216333503945 0.0632967040803681
-0.4174069027113 -0.186473614263072 -0.0616177553313399 0.00509323408242738
-0.372852303905049 -0.361701517556391 -0.0233561529407569 0.0103335609397122
-0.328463324009851 -0.292894191934372 0.0842587437671046 0.294001630191337
-0.344919076966427 -0.243971022193479 0.106740480640971 0.174656348710918
-0.425083038855209 -0.115908624620908 0.0791056588135633 0.0562612099340423
-0.412984625550859 0.065560497392912 0.0159391536311568 0.0532191196851822
-0.289661402208115 0.199974066127656 -0.043117539815956 0.0793785537221853
-0.178402330965524 0.27799664273784 -0.0251656845557403 0.142297671460548
-0.0576965061252048 0.330784827032091 -0.00357460420813652 0.159647324201795
-0.0021967725622083 0.290842348936747 0.0215302074498501 0.183446119834248
0.00262804273897331 0.301868938903772 0.0221213378558675 0.176656844961273
-0.0925930724021554 0.292440879588244 0.0273296536101784 0.164223642547371
-0.172457995914181 0.239067369395577 0.00567576984541749 0.145494573476627
-0.293093030230131 0.173391690640195 -0.0162981074800116 0.121764305673423
-0.359185815756532 0.0379601254509536 -0.0305962151586778 0.0764888322634503
-0.341065501245229 -0.155767319637395 0.0310587660800733 0.0431568476490236
-0.333205237958605 -0.300959856683701 0.0883025736334681 0.118485055654546
-0.258836439066427 -0.169167896480936 0.155046047725453 0.379498697957704
-0.248237827235771 -0.119591978350977 0.174200521768284 0.230302688970554
-0.269461484833965 -0.0447962121482339 0.0916274113539454 0.0797049644362172
-0.245765745752488 0.0492177821406058 -0.00141017648093168 0.0621400654759788
-0.181747942139694 0.121229081172242 -0.0867252136781957 0.123642137884047
-0.121398803883348 0.180451784466641 -0.0650315680284595 0.22335061817741
-0.0498475844915679 0.225318905253209 -0.0207239678447751 0.256915696446539
-0.0183176254962631 0.20096496470109 0.00902281794776527 0.271004030472497
-0.0237859842426704 0.207640996405058 0.00439477955708768 0.256480114735005
-0.093889425681529 0.192070385512708 -0.00837638807739184 0.223404144213673
-0.145446516712148 0.133400702013809 -0.0413603159208377 0.169547583649913
-0.19710209185111 0.0696639644645952 -0.0359221760907645 0.111143110657673
-0.218936258386044 -0.00183296977109338 -0.00844276569006668 0.0730537135402566
-0.217445402467374 -0.10160741971295 0.104023669571891 0.0685501051158568
-0.245266885302134 -0.197099264426297 0.181632951022516 0.199083816746876
-0.14120070276207 -0.0248656581537713 0.198351789128387 0.410378904364127
-0.102794504564588 0.0107344482018165 0.22268906952284 0.249934073829845
-0.0734574223944096 0.0130079297833266 0.103011914663123 0.0882020410441366
-0.0549741870752111 0.0105747392282274 -0.00664756805462942 0.0590920569714843
-0.0602105141744327 0.0189924162652788 -0.104134290436846 0.147666003146188
-0.0563788945001146 0.0533259706234877 -0.0827260613209204 0.268079141521286
-0.0408564579883626 0.0851641064061928 -0.0268344912280442 0.313081362395396
-0.0317437922749644 0.080736229760914 -0.00468790074277061 0.317172530841437
-0.0394711865423747 0.0855316466991531 -0.0231744426164817 0.29801023847247
-0.0682615760505013 0.0717725045211275 -0.0565173981599619 0.244799666522068
-0.0844031243331773 0.0269591745259936 -0.0929014420735294 0.160046201259884
-0.0706020954029806 -0.0114196847063383 -0.055641814837162 0.0787597884610966
-0.0603132824794959 -0.0123693357056019 0.00726680177518807 0.0601741275298895
-0.0850815617224848 -0.0193904642421686 0.150757652926633 0.0867497451284146
-0.134776535438314 -0.0637746803531001 0.244245246658578 0.245864945553933
-0.0149079642240154 -0.122610764115627 -0.294598012977553 -0.205807782888403
-0.0582322435242131 -0.10251685053681 -0.218905648372687 -0.0856005343507258
-0.108507926151412 -0.0305185392376008 -0.0261760427499965 -0.0194013408098774
-0.0861958174984075 0.0497954855143958 0.0556300501830547 -0.0277330070379212
-0.0205209529546558 0.067966120284125 0.126091384186446 -0.132669899004662
0.00586202656214148 0.0570566901241999 0.092887374743685 -0.256819997374398
0.0363465319715302 0.0529245409606855 0.0259064908208047 -0.307884394934825
0.0420515959781098 0.0519574263214881 -0.00227802962890016 -0.315600543332033
0.0395790978499011 0.0642700255501315 0.004191313726233 -0.314086162571687
0.00961106323557602 0.0734671824243028 0.0488678715050507 -0.267058953615506
-0.0207475468302445 0.0852633092148497 0.0866513298312898 -0.166164995746759
-0.0901783655500137 0.0746744328127921 0.00273624180819784 -0.0640931124236028
-0.111025936679896 -0.00886434309774751 -0.113452459608888 -0.0941913599967151
-0.043537793736682 -0.0753780452501594 -0.225406433470607 -0.215542268520542
0.0044182313088552 -0.079904388883318 -0.234826141665591 -0.402492704504024
-0.143393318808556 -0.23058387358451 -0.244702835443887 -0.166358652111076
-0.17305072138126 -0.197943941167183 -0.189183229942709 -0.0851151217307965
-0.254597932025977 -0.081584829714628 -0.0186684340906108 -0.0176732544160889
-0.239716275767396 0.0667095939367608 0.0646252357777918 -0.00112494166468641
-0.131072625591482 0.146725419876592 0.139335158663348 -0.106012809413911
-0.0569502394159698 0.17347498529883 0.114732711449961 -0.225120925477377
0.024149213501928 0.189171073078665 0.0424259718414541 -0.272951495866152
0.0511798436857841 0.174126426693492 0.0102354232125531 -0.26711168261346
0.0513420277792242 0.19438336098185 0.00554256614580679 -0.260017332964571
-0.022025359903489 0.202315120827151 0.0449467351656588 -0.217525178166336
-0.0876695597935151 0.193457857553004 0.0763898270348149 -0.123758006498337
-0.215163974482896 0.161268295481196 -0.0121209960337696 -0.0223977044202077
-0.274278588133176 0.0172578869543648 -0.137270208787691 -0.0552031685701973
-0.205961787328897 -0.146878920449628 -0.248463490644433 -0.168899226962706
-0.143756560515804 -0.213028801536519 -0.255403900228767 -0.330915390500139
-0.250912010535749 -0.315155970504731 -0.173696182258324 -0.0835778717458324
-0.274067920657572 -0.278901103839656 -0.134670436194417 -0.0557830486002903
-0.384564765644785 -0.131395053574849 5.09475505156468E-05 -0.012504392532244
-0.381919788765812 0.0726686461159388 0.0655124260872424 0.0153586384460165
-0.239816051624195 0.209717608461766 0.12406681991664 -0.0739318537853285
-0.121710729212528 0.269731312383497 0.110586458366617 -0.163092539445097
0.00221785228974534 0.300728946361418 0.0468652909889235 -0.195925682692334
0.0539569623644768 0.270584068507758 0.021220799405292 -0.177909474382213
0.0642996735235548 0.293466707315602 0.0114192874638594 -0.167890119379034
-0.0362292319390422 0.30410980113527 0.0430100311172976 -0.13614831455417
-0.126895740690125 0.285483549556676 0.0662231033592452 -0.0619129777819701
-0.298156843852879 0.248322144555389 -0.0139769779013894 0.0254862702172996
-0.397248312045108 0.0651590389938252 -0.131969778014473 -0.00538527837756607
-0.346204392960797 -0.175514123630768 -0.225662326222779 -0.104392700597138
-0.27886308709713 -0.303476969473213 -0.22039268480854 -0.224951822517768
-0.328591506853974 -0.355322545246138 -0.0865100775442153 0.0336035792719813
-0.353964388523788 -0.321772664350378 -0.0587331557627124 0.00634788666123323
-0.479223041081789 -0.153057315329121 0.0299951207657193 -0.000351918018854004
-0.479844890965738 0.0850241821287324 0.058136398117016 0.0252259598943188
-0.314873579808673 0.254529455649305 0.0811389996955731 -0.0320648132196469
-0.167870948887339 0.331216007236018 0.080126652622691 -0.0744176008450365
-0.0177199532104732 0.368633241594398 0.0395737292448154 -0.0863640688520767
0.0498868844515558 0.325636892745999 0.0296094769988331 -0.0625489666490443
0.0666615372970909 0.346206897490741 0.0223694039651294 -0.0537245776545715
-0.0424221763390673 0.358949947246503 0.0472956651861727 -0.0345579185116777
-0.145492660106578 0.334974895176858 0.0583866392020765 0.0126506718036499
-0.334685732195149 0.297757835767506 -0.00630142240528605 0.0722579527744685
-0.456533123138944 0.102794554873398 -0.101155617504791 0.0390950722944701
-0.426576479098382 -0.172965135395517 -0.156806280729361 -0.0404224013553176
-0.368644413177239 -0.342601741700963 -0.135622936877724 -0.103924584139661
-0.363299701981723 -0.340338443181297 0.00853005839630783 0.164699002229591
-0.390550738865111 -0.30292169586909 0.0297068968361789 0.0869110393973907
-0.504820031238743 -0.135038841435471 0.0616029324130453 0.0222476525997964
-0.496356443393731 0.0978997949944419 0.0423120711507124 0.0365766239453505
-0.329748685464387 0.260634625067349 0.0217311493458053 0.0221794301465022
-0.181265819407437 0.34021130617501 0.0336415560139599 0.0333301572103884
-0.0296136602489844 0.380712218628134 0.0242065129305789 0.0398704333031731
0.0382147160520097 0.33108361048023 0.0345442542721111 0.0632593404293509
0.0537212351327484 0.347496477968588 0.0329616140985879 0.0657666727084635
-0.0541249952546 0.355275102521225 0.050189698324754 0.0705407635012037
-0.155008518128231 0.3215771315613 0.0456937761079592 0.0878041842801529
-0.325558627698739 0.278010229405153 0.00040777334894223 0.107877882957886
-0.441714000968864 0.103356542152081 -0.0591824661434721 0.0685108104457088
-0.42540730966612 -0.15610155362415 -0.0617040831323612 0.0079490410668997
-0.395007796459875 -0.330572031232594 -0.0211125462457464 0.0127683821138104
-0.34272963674208 -0.265572972631262 0.100059475657569 0.282442123016147
-0.357680941274634 -0.221315927589226 0.11546259737611 0.162385354923845
-0.428374507688596 -0.0853388279801054 0.0831775932307707 0.0489134249983514
-0.405497572395248 0.0945709102283094 0.0198645507537692 0.0503586000556722
-0.274324271306306 0.218014841847186 -0.0365796045485001 0.0805462200663457
-0.15689764802616 0.289821098177609 -0.0140612216884875 0.139698714360248
-0.0332084988823569 0.329708753522327 0.00770586560538089 0.162468960113959
0.0197682759248262 0.287082022179148 0.0331690926048745 0.17863411608741
0.0249122314000995 0.298473480895264 0.034572327686398 0.172649203153858
-0.0701074597309866 0.297144952553963 0.0385591462511187 0.16089463287461
-0.156424400375688 0.249652351609201 0.0178906264125188 0.145448391169301
-0.277850444827452 0.193196619488255 -0.00663164714272943 0.123367852902694
-0.354654996178179 0.0631020044530103 -0.0238708334903349 0.0786455706691569
-0.347635134145755 -0.129373824879272 0.0331045860386937 0.0398959541629181
-0.352087282431426 -0.272750772693757 0.0966609920945316 0.111610721724795
-0.265631803197014 -0.148377630168347 0.174630692857277 0.362251207878654
-0.254302545105599 -0.102353141810539 0.186620557997112 0.213537315797043
-0.271147006943529 -0.0246719246918242 0.0961652628864683 0.0709936581722543
-0.241163525863473 0.0664113351398538 0.002799443905954 0.0599991657400612
-0.172882158633205 0.131535362151919 -0.0766305944119437 0.126895035389092
-0.107757631788581 0.188122988104724 -0.0482903482409449 0.223510354446842
-0.0324803604552967 0.225450033895262 -0.00282393397182995 0.259062548794649
-0.00264846010620332 0.199763166145567 0.0267215584507412 0.2679702044669
-0.00791370091081757 0.207527377583995 0.0221827761475315 0.252545587152031
-0.077532201578282 0.197214338201841 0.0068495649889971 0.221308054506686
-0.135559933409999 0.143371557378332 -0.0276039373503839 0.171226447980196
-0.189777723889915 0.0836806552273869 -0.0267252058634977 0.113237850265665
-0.217075636103028 0.0144789240126582 -0.00161833062769673 0.0734470397160923
-0.222194107527137 -0.084489061532523 0.107510747804135 0.0599932279179241
-0.258076298670745 -0.175969959610574 0.194255579927401 0.184436514599922
-0.140768079353257 -0.0145458458254806 0.219623847959493 0.392886965196266
-0.101905003627033 0.0170645831430732 0.236870693063443 0.230219053381065
-0.0726991687880648 0.0190449753308144 0.107890845257117 0.0784480221346167
-0.0539344268041975 0.0140393282092329 -0.00337272105074187 0.0570110085503123
-0.059061472477612 0.022271382056653 -0.0930576139476186 0.150693939160145
-0.052579018870711 0.0573044104108559 -0.0630449389089341 0.269694141323706
-0.033423715381514 0.0868366451551956 -0.00718400495331432 0.312383498619946
-0.0247262374117783 0.0825415557985899 0.0156777163875816 0.31515689190301
-0.031685363297622 0.0875475903607796 -0.00332070985272763 0.296291724136771
-0.061463449917341 0.0765822945100736 -0.0400976605617108 0.24535297306562
-0.0816431035164719 0.0336044429850385 -0.0805421670947368 0.165662747058659
-0.0695341209988888 -0.00562393219235946 -0.0494734731876658 0.0823701113041815
-0.0613295068898961 -0.0064996275826002 0.0134836683853572 0.0596706964742937
-0.0860710283135619 -0.0127728644457279 0.154587648567617 0.0742020603318666
-0.139839033020098 -0.0527835349677007 0.259277265703666 0.225683233677479
-0.0206592605719156 -0.118042848878292 -0.292929907648978 -0.185343191824706
-0.0605227328744894 -0.0965298344841352 -0.21475230684458 -0.0712809661846364
-0.106689246928333 -0.0248143972369148 -0.0263681744593901 -0.0189247651386727
-0.0813255917234256 0.0536406329938034 0.0522390113052846 -0.0291634160419472
-0.0169335295946421 0.0678276973857345 0.114764239829817 -0.132735328248234
0.00881568289633602 0.0559668416464674 0.0762344885818061 -0.251722238587715
0.0370322380114663 0.0495445286880727 0.0117627624246868 -0.298464187858084
0.0427655937377968 0.0472656860736322 -0.0169314012270791 -0.306193734515691
0.0408126531211561 0.0598326215156143 -0.0109250894502944 -0.303479583436746
0.0119534959660692 0.0703498992656959 0.0355820603932652 -0.259563588747642
-0.0164288767280597 0.0835317231658931 0.0764773263962313 -0.165109418381532
-0.0833033013792333 0.0769478745692257 0.000244852299020852 -0.0615307553284747
-0.107483730643643 -0.00423874123812946 -0.115934427218505 -0.0852033250182887
-0.0450739423577515 -0.0717423637362924 -0.228629161644815 -0.196391764925892
0.00088208790295731 -0.0778844363924024 -0.24577811398275 -0.375792982098058
-0.148088441431421 -0.214705421221486 -0.242978532393677 -0.150644373070321
-0.17576626923663 -0.182863852594541 -0.186797604548115 -0.0738587216057601
-0.25076300021418 -0.0659581018861147 -0.0186804754539736 -0.0173124312509671
-0.228821121119566 0.0776723566536386 0.062806809329332 -0.00390145755713224
-0.120531218805787 0.14910315151604 0.13029511593084 -0.107930880417938
-0.044920637905299 0.171737939638961 0.0998154627581674 -0.223803752307479
0.0316728497453008 0.180699595571748 0.0299769790983304 -0.263614948415312
0.0581449924322453 0.164718640388806 -0.00239873615467808 -0.260342494569568
0.059359457731623 0.18528381135119 -0.00652764009234447 -0.250937771735385
-0.0117929873033154 0.197044680151822 0.0342714928106527 -0.211069002018841
-0.0768016918841553 0.192393143015384 0.0697526009698294 -0.123489065617631
-0.199791061320814 0.167568347968767 -0.0118627618059171 -0.0203206910551821
-0.264340554167313 0.0292808568930399 -0.137092783863527 -0.0458846539431624
-0.206054424250513 -0.132707986794366 -0.249194083362613 -0.151210145226891
-0.149581195626805 -0.198718655104463 -0.259825655739432 -0.30512277068824
-0.25490023787115 -0.29028381341653 -0.171761896406986 -0.0749527774068712
-0.276614685468155 -0.257526287349353 -0.134309384549736 -0.0482297939703754
-0.378276282748574 -0.107722880238274 -0.000265421386318377 -0.0143175403047483
-0.366535078914968 0.090765165741137 0.0642511517187955 0.0113695440432293
-0.223598496405224 0.21514697474158 0.117662216945332 -0.0764962346813961
-0.102544780078107 0.268747639014289 0.0989347506566638 -0.165222533813426
0.0165964301825165 0.290050475121837 0.0397322105652645 -0.188922777805501
0.0661328814848744 0.256935025918031 0.011847585931374 -0.174832745913771
0.0772838717903397 0.280857260224386 0.00408173095255401 -0.163128090776888
-0.0190524231279419 0.296543780115054 0.0364851935722461 -0.132768214283062
-0.110765731131674 0.284423513007706 0.0635248891706562 -0.0626074515219434
-0.275295717297798 0.256375475540244 -0.0108096768455967 0.0266121979321996
-0.381859936061786 0.0815659664127934 -0.129076924186278 0.0026477706023206
-0.342761019604787 -0.153055051329387 -0.224437760951971 -0.0901632809000222
-0.285506576791489 -0.277619946435027 -0.221703770778626 -0.204806298990425
-0.331623417495777 -0.324230909204496 -0.0826616206337051 0.0337152163889588
-0.355764911627396 -0.294355827908228 -0.0579932620303658 0.00707414299915799
-0.473356828583196 -0.122535868595196 0.0298099682673644 -0.00377787304296681
-0.461585922311951 0.107686353847242 0.0583092996336898 0.0210623423195409
-0.293022642321746 0.262570847549312 0.0792387459334609 -0.0344239556059979
-0.144294236723089 0.330939488302993 0.0745128273220127 -0.0781582378237896
0.0015831128938449 0.357041595944423 0.0381015688418427 -0.0822202506744445
0.0653765956662859 0.310324963138916 0.025176254020972 -0.0631263363502429
0.0828926008884297 0.330781300909329 0.0199075806431112 -0.0532151920031621
-0.022415812190625 0.349812193684828 0.0450016667144826 -0.0355420317836104
-0.126664058826974 0.333248931037345 0.0603864388309323 0.0100580388341694
-0.309161930492056 0.304920076043117 -0.000599384223734725 0.0720237291611465
-0.439033548409137 0.121703116208382 -0.0962187866232547 0.0449079255243344
-0.421769544842437 -0.146239651456325 -0.154551682072008 -0.0319323636396069
-0.375908423337616 -0.309412262597312 -0.134310917471215 -0.0922809969625837
-0.363464526434615 -0.307752438638422 0.0139513737012526 0.156189192665746
-0.391221734207331 -0.276052850043194 0.0310194163333673 0.0809246591035958
-0.495596469050931 -0.104624252167157 0.0617792664892113 0.0161143786234383
-0.4760252012291 0.12059096214151 0.0427960744905519 0.0324241990502929
-0.307983608787314 0.268585601897782 0.0241758967603555 0.0202412219701382
-0.158050916010071 0.34000230289676 0.0351452015157164 0.0279054426878831
-0.00925706901183224 0.367898555744758 0.0286908774064885 0.0417105356960976
0.0544472303072032 0.317101357806242 0.0351453268650866 0.0584345805669681
0.0699579139504767 0.333235649680428 0.0361491946876781 0.0613437419123216
-0.0338795964034898 0.347586188429757 0.0526444120678819 0.0663185993286331
-0.136258013846706 0.321896326169515 0.0520970509452573 0.0830617829674735
-0.301697605941987 0.286924172577724 0.00725446696713502 0.106037897927472
-0.422936001446771 0.122423652885311 -0.053742313247984 0.0699849116646488
-0.419291315308304 -0.129788332446418 -0.0600632590106889 0.0101811715588703
-0.399709725314156 -0.296824534018214 -0.0182639477836523 0.0143903816134365
-0.339654719554283 -0.237211105986447 0.107342468016309 0.265911775229468
-0.354887253980541 -0.196864195674196 0.117945300844422 0.149538501652078
-0.421418810939964 -0.0601481202127399 0.0836305311884279 0.0410649754400535
-0.389424270024269 0.114566462403587 0.0217272972040684 0.0468069080651842
-0.258084120255452 0.225117094497149 -0.0296803442228163 0.0790879499360204
-0.135944151046989 0.289627171870214 -0.00615086622885515 0.133136402946773
-0.0144354975827563 0.319339870718079 0.0182956963792189 0.160311582386251
0.0350487946924903 0.274886499304338 0.0399263385569937 0.171274158443151
0.0405312032014352 0.28702081297396 0.0418270353519707 0.165023431057642
-0.0524688689470964 0.291422489272578 0.0457077745295072 0.154138868507045
-0.139700509586449 0.251055504509381 0.0269883307247024 0.140051847603921
-0.258490954953001 0.201798556572797 0.00194800379738629 0.120861885527519
-0.33983447844851 0.0795696922129722 -0.0184715159469153 0.0784459236500737
-0.343593638891704 -0.108593161088229 0.0327452071357473 0.0358895252190793
-0.355404775913628 -0.242672257244015 0.10014492839197 0.103225209791973
-0.262375617952406 -0.128832972313935 0.182614964933759 0.341586138865976
-0.251492413274124 -0.0874992672534263 0.189131733783926 0.195928119733779
-0.264983610948634 -0.00954600422321733 0.0975997491399438 0.062066281191723
-0.231389291316593 0.0784443102364949 0.00511462646522878 0.0565713189911398
-0.162971068702735 0.136848144932266 -0.0669380895823811 0.124907394218089
-0.094193803294875 0.188387471504096 -0.0354293383926603 0.215851099225167
-0.0189835527855682 0.219157908020652 0.0109254958965093 0.25336998953785
0.00843447699956387 0.192271828405437 0.0375336834649743 0.258287068731702
0.00402979466222012 0.200875971269224 0.0335775129954219 0.242726638289997
-0.064100014643788 0.195317342917797 0.0176184296290166 0.213197012147028
-0.124782292922535 0.146960013592328 -0.0160949774136042 0.167569055447975
-0.178906894390712 0.0913238510585147 -0.0191737773852859 0.111929324925905
-0.209858443400226 0.0264768995273617 0.00333094118131947 0.0715800003947937
-0.219291310005825 -0.0699552898488373 0.106115265067843 0.0512408355045742
-0.259986894311708 -0.155494074250989 0.197600454752336 0.168159128138629
-0.13626908030825 -0.00654355063049258 0.226857803909897 0.369854881352746
-0.0984060679711061 0.02106488585705 0.238144026727599 0.209543265498107
-0.0696862727029515 0.0226692805732534 0.108573323398723 0.0699685916831022
-0.0519804104137345 0.0163638106457947 -0.000804680065917395 0.0535633108741655
-0.0573537635357107 0.0238056333543487 -0.0831131786517915 0.148568870821183
-0.0480832152462351 0.0585477994235393 -0.0478443283814535 0.26177197822239
-0.0269393808198292 0.0852395626828164 0.00797930646186395 0.304140701293213
-0.0186894489190825 0.0807005033894616 0.0295816337241275 0.304918921212575
-0.0252284637718217 0.0862159112798237 0.0118836905109496 0.286360210030448
-0.0543885834531249 0.0772452983480443 -0.0267559122246022 0.239007735251214
-0.0773065365155888 0.0375530515859542 -0.067961186334457 0.164127457000629
-0.067332095511775 -0.00153814533174927 -0.0428347702564002 0.0831313772116376
-0.0596923403486564 -0.00129782745864963 0.0176237550510452 0.057154060857149
-0.0841984864814957 -0.00691676366410322 0.153188116707087 0.0630071773450652
-0.139021604900056 -0.0420198617712043 0.261695263775786 0.205181998065055
-0.0226928144545809 -0.113374956542193 -0.286002420782566 -0.174106544045197
-0.0599456013165908 -0.092397127874986 -0.209302905280064 -0.0642374984488045
-0.104969623733762 -0.0209845159850601 -0.0259903206153479 -0.0196267827136921
-0.0774286142844161 0.0545892695363809 0.0499623420923023 -0.0288600393370099
-0.0147795562484657 0.0669230073268915 0.108187215052983 -0.130442555970738
0.0102457554022129 0.0546378985220918 0.0663516112010901 -0.245025566020201
0.036402231772202 0.0466672576984763 0.0056057269644046 -0.290381028768111
0.0423338213611692 0.0442758108750983 -0.0222934401852187 -0.298157254225742
0.0405926478882581 0.0570769031834363 -0.0166920659048272 -0.293619957073799
0.012467635257057 0.0682205176840453 0.0288496633960302 -0.252015798689654
-0.0144747161908445 0.0814000981163591 0.0704722674889862 -0.163075993496818
-0.0785839307198148 0.0763036436056076 -0.000444048084600605 -0.0592461944574827
-0.104482162038575 -0.00247935474037237 -0.115898655253675 -0.0787987903193977
-0.044739148008499 -0.0694074400060415 -0.22751796457173 -0.184366142368308
-6.86326520495141E-05 -0.0757172743510382 -0.24419240652949 -0.357436454888186
-0.147274005931072 -0.20318843556018 -0.237971975311797 -0.142600314601255
-0.17274738025429 -0.172850672481392 -0.183214225711828 -0.0675794682606311
-0.245463910400719 -0.057215853693982 -0.018621727285398 -0.0186067381569733
-0.22036683001878 0.0824459271719829 0.061125369170643 -0.00528287787208432
-0.114283920099231 0.148806258937397 0.124704097419873 -0.106858625199586
-0.0383395865545472 0.169105609305152 0.0903658117200533 -0.219088579416327
0.0344838392454284 0.17422959751806 0.0256746587917718 -0.256012242200001
0.0604085368095613 0.157094739876415 -0.00777502340008347 -0.253395310051383
0.0624982216085095 0.177789528780187 -0.0108382058619165 -0.243411265865931
-0.00710278050745528 0.191916828343663 0.0289394567868351 -0.204705255894448
-0.0709049086952498 0.189666592714086 0.0662127498608975 -0.121724812555651
-0.189262493984909 0.168269117104194 -0.0107747895457598 -0.0187319107053916
-0.256632038788847 0.0341170674138544 -0.13510063266155 -0.0396797393708432
-0.203314145439077 -0.124726526087521 -0.246479601177096 -0.140277679851058
-0.149671972573867 -0.18878035927903 -0.25674754753423 -0.288457688852091
-0.251327658924618 -0.273523321704787 -0.16739088699366 -0.0711957902969578
-0.272801454363301 -0.243692650677889 -0.131991917187313 -0.044516474701937
-0.370327423840792 -0.0942787886217414 -0.000577753576165708 -0.0161996617900676
-0.352788829707421 0.0997985766555425 0.0631012691709235 0.00879328359898897
-0.212825773283764 0.21647792133839 0.114045905997915 -0.0770319422097419
-0.0912183205997255 0.264740503555428 0.0917010017992752 -0.163923570603117
0.0232450137142925 0.279794803352066 0.0376955764046964 -0.183024244522071
0.0713272142508535 0.246290945833316 0.00752467440303649 -0.170767840060471
0.0824313471242565 0.269923159777237 0.00126602359550609 -0.158170250133169
-0.0113404948273768 0.288782038962002 0.0336825601953681 -0.129465735268188
-0.101094033241104 0.280004566766085 0.0624601080378341 -0.0631337417848125
-0.259656448204205 0.256692760601911 -0.00810730433028367 0.0273062661206546
-0.369723728075616 0.0884999269026052 -0.126394972533268 0.0074668741006377
-0.33600069109154 -0.141605468390451 -0.221200068136101 -0.0823758059736023
-0.28398286451175 -0.261281106063025 -0.216790994116897 -0.192264781041579
-0.325236882581441 -0.303371223938651 -0.0799771493490384 0.0326250432594662
-0.352094140297696 -0.276898410691741 -0.0576480494751695 0.00717898062990027
-0.4625312549888 -0.105451526883781 0.0291013650340122 -0.00759767704916717
-0.445283318513515 0.118803377879812 0.0572703844483194 0.0178069503232014
-0.280747609517214 0.262694107833559 0.0783001601410213 -0.0360283031239558
-0.129753250097805 0.326411330961211 0.0703302154165678 -0.0802476955620241
0.0108404316505984 0.345115035437085 0.0392268829337203 -0.0785961294834104
0.0717267509480351 0.297999535418395 0.0220457384253129 -0.0623016715226542
0.0899527883143184 0.318042378376046 0.0187914347870279 -0.0524837688045666
-0.0122075201220673 0.340307480980382 0.0444118024672152 -0.0351075248406431
-0.116026266286871 0.32854977738245 0.0614446410111072 0.00771804403361247
-0.291364806557254 0.304535990164572 0.00292613085174377 0.0707107984698128
-0.423258146993698 0.130725129131217 -0.0926221520008357 0.0470187714685601
-0.413446577063813 -0.132175856637618 -0.152455652903858 -0.0275369682784647
-0.373113660339524 -0.290015845909518 -0.13013973614453 -0.0845747969285343
-0.356757274379239 -0.287010002053137 0.0152279789985578 0.148861631106098
-0.384898639608392 -0.257926523315988 0.0302272717140766 0.0761605324789806
-0.48560745217905 -0.0886855708865393 0.0604658522222583 0.0113119960195934
-0.458999114251617 0.131657753240191 0.0423749819717306 0.0289714354659537
-0.295091272197158 0.271263964732656 0.0256419062869499 0.0175238117239954
-0.14274743729011 0.336932593975555 0.0348214718800439 0.0229839130339169
0.000790278481443971 0.356113452315909 0.0333594960530011 0.0420922843720699
0.0616928748667618 0.30390638411199 0.0348262900622359 0.0561314924954071
0.0779315049357546 0.319758988997454 0.0366244000536059 0.0584678076783905
-0.0224918190095621 0.338019741391439 0.0536008321397976 0.0629774518370589
-0.124731038687767 0.317792232664535 0.0552050813768634 0.079270825174516
-0.285013172710044 0.286490059932836 0.0122351901241477 0.103375177979392
-0.407599534031757 0.129373162161683 -0.0499288655628653 0.0706873122685899
-0.409095520190728 -0.115943988918243 -0.0593811870339446 0.0106268099060556
-0.395311175577828 -0.275891155713197 -0.0156167369830112 0.0153236292329147
-0.332813498050148 -0.221389688832528 0.107282132256199 0.254436078532822
-0.350455515993099 -0.184694469362081 0.116494624548294 0.141308781957267
-0.412197627769616 -0.0464343549787783 0.0825731018446936 0.0352646931458597
-0.376234209748691 0.122723906988325 0.02225075954646 0.0432015810675506
-0.247435663467572 0.226060486825372 -0.0257263422388258 0.0750046936139748
-0.123501668675895 0.285998146932554 -0.00266764190749505 0.126502144509096
-0.00485975262493393 0.309149734226887 0.0250620666500258 0.156822158487437
0.0415137561288332 0.264267298791714 0.0420352040617791 0.165676930622874
0.0484000590714951 0.276420364934653 0.0446531794079487 0.158238157841965
-0.0419203028582859 0.284106694879924 0.0489038136751677 0.148283105460082
-0.130359775068997 0.249284679662467 0.033119671863756 0.135253568149308
-0.245154059575053 0.203002540229854 0.00627661446279137 0.118226587312888
-0.327971500632569 0.0870902207020296 -0.0153197524856265 0.0772893889211881
-0.33450333630934 -0.0955685299079545 0.0313291800594573 0.0331245017491232
-0.351051528911154 -0.223843104602384 0.100571202384363 0.0978270733629701
-0.254599686820976 -0.11864543237523 0.181397332260988 0.326643691087751
-0.247367669537081 -0.0796601891079194 0.186644484777739 0.184981538825724
-0.258832598907273 -0.00179401006374539 0.0967150863138773 0.0565215704058067
-0.223344829919287 0.0835290330734977 0.0061051057931895 0.0534141114912667
-0.156795796210642 0.137495907184201 -0.0621418353639215 0.120798234788599
-0.0864196037850264 0.185990791251123 -0.0292729464075707 0.208353989706889
-0.0119592469987712 0.212149566420694 0.0187306664424547 0.246987122451275
0.0143406707195277 0.185287150903835 0.0417110015435576 0.250340092796964
0.0101729154952564 0.193983552487881 0.0379663982896669 0.234943896656515
-0.0559575590582723 0.191255789719842 0.0224826432600699 0.206312056504003
-0.117553679243007 0.14762930844494 -0.00943066323546529 0.163115514401055
-0.17076527614927 0.0937266976879531 -0.0144821101481492 0.10973019634242
-0.202466492165368 0.0323196342843769 0.00660102670221225 0.0698498583241345
-0.213774881793688 -0.061336313284578 0.103111712643308 0.0456419151647676
-0.256788121933984 -0.141381556535613 0.195056586433152 0.158587055756777
-0.131172615332411 -0.0027607956454267 0.224155810550119 0.354235140552786
-0.0955277732285404 0.0221892096721859 0.234906479409303 0.19661696652643
-0.067747538069986 0.0241552331394411 0.107757213272887 0.0638414760267225
-0.0504335422301707 0.0177358292534659 -0.00067296877619059 0.0509633212751564
-0.0564104913829916 0.0244878291694584 -0.078383416509859 0.144903695860205
-0.0455252543655984 0.0582150670709479 -0.0399731592192395 0.253486280772297
-0.0229253675673194 0.0832432969600354 0.0149312505185477 0.296248440543347
-0.0149386416559927 0.0784373557468281 0.0349552696158226 0.296583826463688
-0.0210671169366705 0.0842457213906223 0.0176094969194676 0.277436118022891
-0.0493426377438402 0.0763705989085847 -0.019724915921896 0.232308751938234
-0.0737526130578985 0.0392663951098141 -0.060640797880363 0.161053145337229
-0.0644118581104273 0.000918138733727424 -0.0385911966552278 0.0821127107682241
-0.0574147449480572 0.00190154935480084 0.0199467107881027 0.0549910349509528
-0.0822168008962416 -0.00368259542068693 0.148974096167852 0.056502372429041
-0.137017463609392 -0.0353825546548157 0.258056540735594 0.192230478322277
-0.0431861825160231 -0.101761483776083 -0.317546297217627 -0.124626879228591
-0.0749804906946952 -0.0732621099445179 -0.220122676877731 -0.0284115053641658
-0.103235657133859 0.00227770670298949 -0.0344504301116912 -0.0228630396367132
-0.0607136442696533 0.0673517270476161 0.0372263507608295 -0.0421764125270328
-0.00147454071716234 0.0646910117874218 0.0771113229987063 -0.14676099388815
0.0181261124689704 0.0493483128317369 0.0155345081531109 -0.250523207524566
0.0414164503917856 0.0347744891775311 -0.0508914109861106 -0.281060064333157
0.0462027296673242 0.0330612887018309 -0.0797135453637616 -0.287602724915058
0.0483088475426484 0.0438630447188317 -0.0747735172649259 -0.28827513981549
0.0247677225737871 0.0609118891947024 -0.0239246660526562 -0.257828930003328
0.00222228824691875 0.0770276567912871 0.034662256953113 -0.176447403474159
-0.0595322055287636 0.0861641728799096 -0.0130317131061448 -0.0604223336420303
-0.099572853902972 0.0152199642064748 -0.131216207220506 -0.0570010119664407
-0.0570238910767221 -0.0634389823687242 -0.261331964444097 -0.130280952175233
-0.0161167731858634 -0.0807740783399582 -0.307492315790508 -0.300826844287822
-0.173852070143819 -0.161795293017406 -0.265062627875781 -0.11225445189549
-0.197382523217041 -0.126875552062635 -0.195413124920804 -0.0437975140905965
-0.241366821941737 -0.00237602064775503 -0.0323421181455845 -0.0352219233018508
-0.187507244176652 0.125253553776336 0.04581399682533 -0.0312987847188628
-0.0793317052888239 0.162549264405937 0.0898118036334896 -0.128728051232264
-0.00521548329298956 0.167317979594343 0.0365044820457668 -0.228885574302208
0.0674545140743839 0.15492404939645 -0.0326900033005062 -0.249721143857236
0.0848550544238534 0.136897232142143 -0.0581274218255681 -0.246611436723869
0.0924890643404828 0.154468298142685 -0.0589366608033572 -0.241940355736309
0.0304790953409207 0.183667833766562 -0.0149759821430103 -0.214729194283258
-0.031275793892962 0.190562999560885 0.0380177702352686 -0.136653850071085
-0.147124556174983 0.195672053952368 -0.0148968602241216 -0.0208928005831888
-0.236355186630879 0.0796467916925729 -0.142419139304052 -0.0203502439941294
-0.221399594780308 -0.0837896090293859 -0.262915408341239 -0.085341965028274
-0.184301757577393 -0.158205134945826 -0.296019491926189 -0.230823178525041
-0.283880151747128 -0.207587416686536 -0.181718560649171 -0.0616741784620227
-0.306037591275371 -0.173664013182915 -0.140184388993918 -0.0373480193355856
-0.366567824295701 -0.0112267627385926 -0.0177076302020809 -0.0466399221647355
-0.308203616648285 0.170491723305516 0.0448306154370467 -0.0277099408619053
-0.159659157424624 0.246717215292456 0.0775106035916688 -0.100211859192152
-0.0363357094331716 0.268962488292383 0.0423646669805213 -0.175523106414698
0.0806995180101976 0.256514241564665 -0.0147278209033518 -0.178815141530961
0.110857368221472 0.220725522050838 -0.0273182252416353 -0.16789991645119
0.128356475969067 0.237672762906691 -0.030661369234788 -0.1620381918317
0.045083652372247 0.277484706992016 0.00303109982551694 -0.141637987684737
-0.0434859520114923 0.282644378809008 0.0461337187201737 -0.0793032642803429
-0.19789236671262 0.294079006295767 -0.00407389412949423 0.0210566812068982
-0.333053980321881 0.15497796241509 -0.124104765986952 0.0193039107144585
-0.353551703835667 -0.0707552389630161 -0.219173051439592 -0.0358716736225003
-0.329569800659966 -0.199171567444396 -0.228260592330969 -0.144214912913135
-0.355997523571456 -0.223502138061952 -0.076150061861497 0.0201065052894759
-0.386666278301603 -0.190833580507967 -0.057075677891396 -0.00477775537483892
-0.455479290669766 -0.00443518400772324 0.00960818544384971 -0.0505966938395273
-0.390044020782949 0.207971211613277 0.0359849314834816 -0.0240815839826659
-0.21369225518719 0.306285408456493 0.0432679652614964 -0.0543706383144322
-0.0598030564494382 0.33528178100857 0.0333232602358752 -0.0891689355681394
0.0831930915905792 0.321335471396886 0.00163564584244145 -0.0764650639527759
0.121434876600896 0.270117600982431 0.00795372270792268 -0.0647920835344848
0.145646755544606 0.282859407751385 0.00760626431778069 -0.061124004880335
0.0535201764145062 0.328423851629538 0.0322610550604641 -0.0510954699002093
-0.0480813627176388 0.331849292525254 0.0601495913292135 -0.00934240982826732
-0.218443023993761 0.347052901544745 0.0163614122669867 0.0603944161762398
-0.375770780514745 0.205191931931203 -0.0827410566316149 0.0486003824925043
-0.425782461492141 -0.0444519563153034 -0.135602445666497 -0.00024594751782889
-0.421164255729495 -0.205702495176479 -0.11663752888094 -0.0566734158911502
-0.381351505765885 -0.202469811547923 0.0408212379342309 0.118041509021886
-0.414712891919047 -0.167269456736308 0.0432197973681113 0.04654752199092
-0.473491602124112 0.0176376317962782 0.0422461656974627 -0.0387753910390154
-0.40067487899218 0.224908976565826 0.0214791042213647 -0.0110943237830535
-0.227288870986728 0.317486804491968 0.000924950127265359 0.00809682974478729
-0.0684423616048421 0.347436405286359 0.0168699039322255 0.0182482902531661
0.0777083380479415 0.334027178614595 0.0171232412436884 0.0419729810361149
0.114064614738155 0.277638049221748 0.0426528220222741 0.0485666564781152
0.135258045452224 0.287377524644023 0.0468694966702391 0.0450954065614654
0.0434717042903616 0.328540247753122 0.0620561095885665 0.0445057911514009
-0.0592855964991852 0.324101459621032 0.0689872671187508 0.0622477346429254
-0.214881917132082 0.328070229572667 0.0320324847154687 0.091513775088269
-0.360207781848079 0.203166663431076 -0.0349053738996476 0.063344185452331
-0.418955284761266 -0.0275822331147537 -0.0362924260173115 0.01617668479668
-0.43906653810659 -0.183971822174616 0.0171513983635099 0.0183508261239968
-0.347502467320738 -0.144650770908577 0.152544183073752 0.209835266326732
-0.367389580962473 -0.103996435922272 0.140495528846852 0.0984613486278965
-0.396768284099826 0.041721901740972 0.0709079756721192 -0.0124081539604627
-0.325129802427209 0.199446879462069 0.00705981173017058 0.0127996172086813
-0.189600129340557 0.266813341515006 -0.034410865404208 0.0759622817692725
-0.0598055490012951 0.296909939380817 0.00328025047558869 0.126366833410263
0.0628406608572765 0.2916564917856 0.0336818400487482 0.154949449687459
0.0881045823355239 0.244192670826393 0.0712065345904645 0.155141893067564
0.0983683651492499 0.252890411650298 0.0748910617127646 0.143563586072627
0.0157549284725304 0.280211922736205 0.0755230273091612 0.130596716117968
-0.0767780946170818 0.261060257017448 0.0599286141751537 0.122838014174264
-0.194443008716235 0.241710367411523 0.0311565149899704 0.108473623303477
-0.293024886486142 0.14705740106254 0.00209139263240054 0.0656190528988447
-0.341514749306707 -0.0211053105641986 0.0557562580583624 0.0193677445915421
-0.385009363086202 -0.140742546164627 0.143827376706748 0.0761249726782872
-0.257365710871666 -0.0624270124577618 0.240070591563043 0.276731338454763
-0.248406786363157 -0.0273202843534208 0.218442999582817 0.135716054774166
-0.242720969924828 0.0525393480406682 0.0937080811096633 0.0180447229749888
-0.191186418985044 0.127936901964148 0.00135362471008921 0.0365941368787728
-0.121094081806873 0.16464365648637 -0.0529753990442775 0.128626004094119
-0.0432088863890338 0.195366827047335 -0.0011637704380476 0.211132559465897
0.0360480682196511 0.202657189206607 0.0504054874991803 0.24169942846599
0.0482175980607161 0.174328656485275 0.0883387404669308 0.238058339245061
0.0474382403625521 0.182764342624066 0.0840070706402524 0.221701732647832
-0.0166590363270532 0.194936688155783 0.0633977258296396 0.196273556558136
-0.0839456265993865 0.162621753432297 0.0245746985699955 0.160507526771215
-0.144805163657735 0.122840679910501 0.00970175608715279 0.107384567898846
-0.18456822291256 0.0722312805738613 0.0230229825533138 0.0591161763406925
-0.217832624143263 -0.012488581856719 0.122468680135022 0.0185524703018287
-0.275911631867808 -0.0788575228662117 0.242050608891195 0.116449505371727
-0.121285544604706 0.022691656929463 0.29016766874942 0.306750907365811
-0.0847542810703765 0.0384080561836003 0.269623278179702 0.146739347728489
-0.0589625138978017 0.0362988185028025 0.114258932594157 0.0372615268679611
-0.043453868463269 0.028110345666489 0.00454795550848643 0.0463678856167142
-0.0486820463488936 0.0365579634767217 -0.0537020114780017 0.155681452428544
-0.0293993061505676 0.0657550053913018 0.00432764346571858 0.25624122993556
-0.00128893505311297 0.0840701273499305 0.063635806825837 0.287797120358489
0.00117851300297268 0.0781019173861656 0.0912589157215389 0.284630518621975
-0.00328496331100035 0.0852301897103146 0.0726455352659957 0.270590297740849
-0.032544813778198 0.0839597955707786 0.0278037302644925 0.233302781430382
-0.0624148117731378 0.0526419404106827 -0.0254646603208381 0.170474897995482
-0.0620248982044853 0.0138692032211721 -0.0195476458418525 0.087983075826366
-0.0533944506000182 0.0149834162316384 0.0332377315412891 0.0475261539882908
-0.0791144931319114 0.0168175665312985 0.162779895552575 0.0201030428978666
-0.138097887787565 -0.000258276725198086 0.301269678461922 0.136162412480641
-0.0458748254513793 -0.100843055470347 -0.322644777653422 -0.119857053451092
-0.0760750840238344 -0.072714850202923 -0.2224808278839 -0.0235411013651142
-0.103564635646879 0.00589330409647226 -0.0372586947948022 -0.0241510681678716
-0.0596137009415008 0.0701914138586663 0.0360581151024397 -0.0435053885688479
0.000558771391717533 0.0661391330088722 0.0757893605279163 -0.149097934378088
0.0199661253186081 0.0500074453120806 0.00938482162554683 -0.252154060640059
0.042059490655055 0.0343847789621382 -0.0579179714966165 -0.283891335504968
0.0469037951291159 0.0317744980248059 -0.086546620882943 -0.290595577968827
0.0495953782635511 0.042786026229692 -0.081211527265846 -0.290229428230427
0.0260537689539312 0.0613563408337988 -0.0292609854030048 -0.259491193041558
0.00398833941206049 0.0781256039041902 0.0313705818353143 -0.179654039037148
-0.058385508999435 0.0878188823570542 -0.013397815262111 -0.0601855218797165
-0.100713988024184 0.0166542030376399 -0.134439948747323 -0.0526604830658884
-0.0588936683480525 -0.0641569209743392 -0.266245505164543 -0.123878824369314
-0.0186923025369423 -0.0809018446033614 -0.313677642212856 -0.296339833878364
-0.176675623673486 -0.157815765050724 -0.269690087405393 -0.108908607814672
-0.200323246692565 -0.124301296444858 -0.198213060453683 -0.0390056877408426
-0.243330687934798 0.00458380917203729 -0.035435217993922 -0.0366050402601861
-0.185585101783424 0.132112434567629 0.0448501413811971 -0.0334108269422794
-0.0762470839763186 0.167778584579374 0.0885755448258283 -0.133522220858632
-1.73731616625872E-05 0.16954758644854 0.030787619197479 -0.232504001038899
0.07173294179767 0.154295099302569 -0.0368991245194024 -0.252275218639367
0.0877037402991328 0.135228114625484 -0.0637373334962722 -0.249441642673523
0.0970020513122004 0.153155922662662 -0.063711744034872 -0.243585469016746
0.0350058714273514 0.185652692348921 -0.0195851080137475 -0.215542035479147
-0.0269229201900481 0.194411007904803 0.0366404907502235 -0.139384447782175
-0.142997821848402 0.201053910237811 -0.0148253034647519 -0.0206534829632384
-0.238237933271848 0.0853203892125354 -0.144393460717248 -0.0151951692262676
-0.225343992453787 -0.0804335824423636 -0.267811498576955 -0.0787246783061863
-0.19049028954888 -0.154709313682947 -0.300771808368653 -0.225837912489018
-0.285960196245385 -0.202926590507433 -0.185866667065523 -0.0608790917162742
-0.310168920756988 -0.16863038068099 -0.142816490991239 -0.0342833194970068
-0.368717521297402 -9.12418776581941E-05 -0.0217680421709955 -0.0496411731657274
-0.30615670269018 0.181023320521578 0.0436163657781153 -0.0300476529178749
-0.154913890044456 0.255169180932302 0.076683816587791 -0.105012119701922
-0.0281511516128052 0.272787325401594 0.0371523337522823 -0.179727192365627
0.087371686318844 0.255951117010056 -0.016324884723861 -0.181759001855677
0.116347971456995 0.218246355956188 -0.0312909589507579 -0.170474273080305
0.136249721814515 0.235916724913744 -0.0339391220564299 -0.163448346038136
0.052674362598818 0.280525710722388 0.00127762775711583 -0.143301881269436
-0.0370072567952935 0.288120251499024 0.0470098166764275 -0.0825692050432269
-0.191309468846634 0.302083538710451 -0.00229126592766415 0.0216285562356472
-0.334762069385942 0.163859802677405 -0.124633754667324 0.0244451736010748
-0.358779992201014 -0.0645525129526497 -0.223291276566919 -0.0306576647950867
-0.337586111793121 -0.192066056733051 -0.230772499544634 -0.140096859478458
-0.360094833211784 -0.217129545590701 -0.0776676503339621 0.0203300270865055
-0.392786121667001 -0.184590764006293 -0.0587484672563668 -0.00339014645959789
-0.458605879045713 0.00934237750098471 0.00559963678778969 -0.0541524824409072
-0.387622250414346 0.221225251655289 0.0339637329042902 -0.0263465911067618
-0.209981999865781 0.316854232884182 0.0432402141774336 -0.058547320259636
-0.0508462178826281 0.339863079787389 0.0291869316323005 -0.0933415039708221
0.0919991308977427 0.321621283551259 0.00354606813470337 -0.079003425648693
0.128886980367015 0.267269603489743 0.00684600576721239 -0.0653869824152147
0.154108489834964 0.280324115601478 0.00639459415670069 -0.0627082202279919
0.06259843640981 0.330633857054183 0.0328649682003271 -0.0527117984984981
-0.0402209385752116 0.338844789158436 0.0628980747854198 -0.013073751104908
-0.210608836438845 0.356698494186314 0.0195993124813247 0.0605057189831122
-0.375093480782523 0.217587865992432 -0.081875275753012 0.0530074127488852
-0.430298054082495 -0.0351308012908326 -0.138193728543958 0.00398603812138647
-0.430210494765144 -0.195830948430591 -0.11591626950933 -0.0547738996026274
-0.384868439849894 -0.195863315627835 0.0418125280483777 0.117217830171636
-0.422769347047893 -0.160033424870624 0.0436085052959465 0.0454959883651167
-0.47706109455115 0.0310035241083581 0.0397349352568304 -0.0431196806975992
-0.398928787566681 0.238933984774862 0.0200306902024234 -0.0133382974662408
-0.222168222797883 0.328915291243596 0.00106016972666732 0.00535970090717611
-0.0595945195913732 0.352698408844485 0.0149888849574501 0.0148016802612905
0.086654862349482 0.334800926050327 0.0220660801066742 0.0403034359718566
0.120816383170805 0.275950887371458 0.0446048927347315 0.0487981671675651
0.143909651706736 0.285134968894771 0.0483094554437975 0.0436046474352718
0.0526459931124236 0.330590918193952 0.0649890553374424 0.0433045605346698
-0.0513545336827449 0.330497636999149 0.0741410696163834 0.0591979092632338
-0.207905506077949 0.336797617499139 0.0367086048464218 0.0912121563810473
-0.35815502813964 0.215127013393767 -0.0331812645281494 0.0659424561944939
-0.422978193426072 -0.0177976756682502 -0.0374166777380681 0.0178662004739326
-0.447733143641913 -0.172484669769021 0.0196352494406789 0.0184169894570346
-0.350397159806096 -0.139607256420559 0.156006748393029 0.208840499035271
-0.373276065331187 -0.0970975056730414 0.143134342118482 0.0953418409649653
-0.400345908076135 0.0535125943371331 0.0697837235002703 -0.0170790542420577
-0.323597791418919 0.210678972980715 0.00585614027219879 0.0112844307337807
-0.186421207738257 0.277307590554389 -0.0341927801004132 0.0748885287152619
-0.0528088393249643 0.302245047702288 0.00392850661447535 0.124897446602075
0.0706101477375535 0.292098262455112 0.0407588610760822 0.155005256441161
0.094718722110301 0.242889294467958 0.0756538945462325 0.156068264186986
0.105932779439673 0.251134533767684 0.0786172063665209 0.143168128165068
0.0229170582053176 0.282930958919777 0.0808461979199111 0.12989360488067
-0.0707232391298868 0.267329473887071 0.0648556682438392 0.120360452305056
-0.188829103067359 0.249768812705021 0.0353055361468194 0.108472079872772
-0.291414521637489 0.157640584314324 0.0048865821727958 0.0667617265339303
-0.344963890687975 -0.0132704573824025 0.0548367709994009 0.0189290951159586
-0.390911453963151 -0.129512388434536 0.147957406169083 0.073899819916202
-0.258106813783389 -0.0588759425412683 0.245679824125647 0.274759566116984
-0.252151073941089 -0.0224873832831631 0.222047460656621 0.131172946534028
-0.245240284957877 0.0594465157566675 0.0944394450384566 0.0142012854742105
-0.19014236712893 0.135548469087631 0.000932047389926508 0.0357050817061474
-0.120768559982102 0.171126943694173 -0.0517673060653641 0.129674874036617
-0.0391970913654597 0.198342125439424 0.00173777873361719 0.211200272552324
0.0420781513517314 0.203105459743403 0.0589377854306468 0.243428712337989
0.053238161855657 0.17330759829853 0.0949195200440653 0.240536834849879
0.052733259102269 0.181904134317123 0.0890707637452922 0.222948950315651
-0.010961921862306 0.197111435718024 0.0693438020756896 0.195779867056345
-0.0798633216416541 0.167765911420107 0.0300743768149077 0.159531674983491
-0.142311180136847 0.128047719192425 0.0136501353273346 0.108147796407651
-0.183512481391509 0.0783541161578789 0.0253472917371473 0.0592488086943112
-0.219424714291976 -0.00620342753602827 0.122456574875832 0.0152464023408026
-0.279757875007448 -0.0699867391402237 0.246685709160118 0.111775869958418
-0.12098227640784 0.0242186542771678 0.296400571659216 0.304002003064679
-0.0858113890473878 0.0404304222114451 0.274306900330579 0.141936609029152
-0.0594583721492124 0.0385014395990542 0.11579692266705 0.0338680719135992
-0.0434911466826517 0.0302497901980168 0.00428626309930212 0.0459486518738472
-0.049616382770401 0.0393518585796494 -0.0527998200485031 0.158077937785041
-0.0280860279751954 0.0673821071405306 0.00916430797894214 0.257548145341924
0.00125960512191178 0.0838526286872627 0.0722537548520982 0.290148163020202
0.00351044052949676 0.0784884435651455 0.0988686893912377 0.287420350068658
-0.000483318852282127 0.0854813729584018 0.0790403941890437 0.272454251675439
-0.0300156312202258 0.0853774619970644 0.0338864393420664 0.235141549198865
-0.0605774053485823 0.0553421398651622 -0.0209851438880326 0.172000370865884
-0.0611043779158436 0.0158894824817969 -0.0163383024010303 0.0895387726126727
-0.0527087319336516 0.0181127230715211 0.0361974195692156 0.0469208218207986
-0.0791180810701317 0.0196600959464097 0.162851279190023 0.0162756893319678
-0.139407699396631 0.00472616202783996 0.306532809986275 0.130466900365088
-0.0507298040591397 -0.0992813037098224 -0.331385564475511 -0.106841531134067
-0.0787229707053953 -0.0703050459266914 -0.226496846632472 -0.0119379752599259
-0.103480442583386 0.0118492056623736 -0.0412412163570479 -0.0233746380827853
-0.0560798478845069 0.0745297306801449 0.0330465011192975 -0.0459231337125537
0.00491353490771082 0.0672859614770271 0.0689983864215457 -0.155436986580918
0.0239424653097074 0.0499124052793139 -0.00371402981974506 -0.254329080541365
0.0435120711604133 0.0328943448752311 -0.0728628636048006 -0.285128054460846
0.0487256391647981 0.029757219895225 -0.102359510306613 -0.291833317586961
0.0518956139302167 0.0406199906957419 -0.0951447808511207 -0.289737950558462
0.0288594956522831 0.0610475833086667 -0.0418615912010613 -0.260633548813822
0.0077322543196852 0.0789112901336676 0.0229103079266659 -0.182810148977565
-0.0545169348635822 0.0915544646646053 -0.0157343237001733 -0.0599814692615683
-0.10162841678649 0.0211175581264218 -0.139097503383526 -0.0446574263543319
-0.0629788155683501 -0.0624682675215153 -0.274076795466158 -0.110654142749641
-0.0228775268583046 -0.0809435739647186 -0.328829966585316 -0.284776880538539
-0.184150489795866 -0.150840265684604 -0.277729575874937 -0.0991620793334256
-0.206657460659227 -0.116537257261524 -0.20233672165879 -0.0289668781243459
-0.243832971167026 0.0190228829146794 -0.0405659720376081 -0.0366487182956625
-0.180052411522981 0.144022298412168 0.0424554407720531 -0.0366144173887002
-0.0669782571504783 0.174603970041931 0.0822818896698987 -0.14101762338788
0.0102517501100156 0.171662091353048 0.0177036249714931 -0.237263796510484
0.0799400736812992 0.152165757575354 -0.0494853786573751 -0.25485712299875
0.0951596914456051 0.13154007813826 -0.0770867059955168 -0.250920405152952
0.106378480592345 0.148806987468991 -0.0760526975665608 -0.244163790434188
0.0453692431357035 0.18682408231951 -0.0287700531492388 -0.217528921244041
-0.0173151047484504 0.199136971931818 0.0311695402844673 -0.144047217125172
-0.134325683963704 0.210807037618317 -0.0152241037075615 -0.0198614392149719
-0.237160614578819 0.0996409867305802 -0.147248248774109 -0.00612779118313673
-0.232103936141615 -0.0699060311801755 -0.27385467982199 -0.0654273677089172
-0.200616693670597 -0.145536692181397 -0.312375919975977 -0.21514581442639
-0.295598972114346 -0.191168805429694 -0.191309685667422 -0.0539401930673887
-0.319948137446611 -0.155557786657355 -0.146706449288786 -0.0274078237475383
-0.37219675832418 0.0201821415864369 -0.0272849921876047 -0.0508035414855211
-0.298133891773279 0.20097993100617 0.0408820568032398 -0.0335009723976951
-0.142993961342583 0.268329356652563 0.0715063618317239 -0.11242367909619
-0.0135952157583677 0.277171377536652 0.0264455726549814 -0.185096917191469
0.101110958316696 0.253804049151021 -0.0234513174237679 -0.18571457774701
0.128089891937751 0.214229003699658 -0.0401657131383824 -0.172371532843832
0.150528972298904 0.229679030504106 -0.0421125981861381 -0.164458788746857
0.0683839640558933 0.281464499486833 -0.0036783957388543 -0.145625893112272
-0.0219429457502295 0.295522271454253 0.0449859334628891 -0.0876944128893513
-0.177282244239638 0.316530033887837 2.68071947138976E-05 0.0223633898532828
-0.329886313215802 0.185098612935973 -0.124380767655141 0.0328456914486336
-0.365927087368107 -0.0468658178015505 -0.227448066702668 -0.0188890808550774
-0.351037254565275 -0.174306440028455 -0.237552315143913 -0.130969752601061
-0.370269580318335 -0.202405205845988 -0.0787610773244893 0.0223429531741535
-0.404479993307287 -0.167962938413538 -0.0600078716352251 -0.000416569470091735
-0.462095601314111 0.036042482589122 0.000521788120646474 -0.0581345859979815
-0.379254579069881 0.247058914553959 0.0319000703088679 -0.0298534481166768
-0.196518970676912 0.333860905425125 0.0396071110443038 -0.0641997037206205
-0.032113413804561 0.346703373942006 0.0214532134019936 -0.0983404293385059
0.109105946424483 0.319151013071509 0.00221990939787647 -0.0824052381383739
0.142695903193675 0.262233667391538 0.00388500165787971 -0.067690763226521
0.170949353357947 0.273675033015473 0.00349598286827325 -0.064184575348863
0.0811976208929292 0.331688330797137 0.032658640734599 -0.0550199604927239
-0.0227925786424063 0.346976486003457 0.0644290479161932 -0.0192790100854351
-0.194030041425326 0.371786156812355 0.0240245751182883 0.0606201511061354
-0.368139026001435 0.241714766484772 -0.0790020978744753 0.0595419324723509
-0.437676383851153 -0.0137115021432604 -0.140099286201169 0.0119427473102183
-0.444927746583919 -0.171875431069427 -0.118037502031518 -0.0502289824602033
-0.395583130642363 -0.180847524431017 0.0465759454540528 0.114852512351305
-0.433426045969449 -0.140926902426175 0.0458108503340373 0.0431482296242459
-0.47993059962839 0.0582085723514592 0.0357806955042465 -0.0484910877561158
-0.389420679345124 0.265435379619618 0.0180008236304712 -0.0156538297689553
-0.207569238095103 0.348949115916891 -0.000525230843892425 0.00237796456699661
-0.0413631767609753 0.360362815237327 0.0127702387427044 0.0122937646928549
0.105435641101322 0.332381679414156 0.0276028087870505 0.0374647315821336
0.136114477362138 0.271371213129368 0.0481919221647089 0.0475322272542374
0.160397251713232 0.279313971709388 0.0511418847438978 0.0421455012671666
0.0715840257225943 0.332321743762901 0.0698175337548441 0.0394237608814583
-0.0342073119543252 0.339375213324721 0.079808098696195 0.0527734405108902
-0.191439523402389 0.353049622021421 0.0428193575610552 0.0897588110706131
-0.351518549446226 0.238969258934503 -0.0285494627241236 0.0694659073619404
-0.427844521624088 0.00454085038391589 -0.0385147525682297 0.0211457497272987
-0.46074726196567 -0.146258680186611 0.0228648308635744 0.0168517635653703
-0.359109785177468 -0.124952714517175 0.166466047548959 0.202754871893803
-0.382552241563053 -0.0793403182072883 0.148536312832547 0.0882624251263124
-0.40272074157664 0.0774099411842898 0.0684810369045002 -0.0233744583572128
-0.315397673152421 0.232541445741462 0.00536110325434498 0.0101509797009298
-0.174947696740945 0.29285662400847 -0.032442494330714 0.0752373391410602
-0.0367423087810258 0.308985918961013 0.00740567903286877 0.124224935774308
0.0867388745328978 0.290376755998468 0.0523540060200823 0.153042077012622
0.107542061595359 0.239527878396707 0.0855405037379418 0.154792447494841
0.120681436793471 0.246616752936948 0.0866128425445695 0.141350550275536
0.0388035807027435 0.284786650261604 0.0895622891742587 0.126619267642104
-0.0567938845407111 0.275541110038737 0.0739166383765012 0.115947478035332
-0.177021680716075 0.262392341471209 0.0429075305661986 0.107378189565488
-0.285776526932382 0.176282920721177 0.00931033673127684 0.0680611057634997
-0.348767492475134 0.00531765886554415 0.0543005880358115 0.0164243830326297
-0.400881726090198 -0.106786703798678 0.154260070202827 0.0671113189328376
-0.261811105707437 -0.0489096195280472 0.260484184779965 0.266452935482663
-0.255992196718916 -0.00990513340303045 0.230302466397086 0.120142207765009
-0.245478306095208 0.0749948710960473 0.0950518894240953 0.00732610239822031
-0.18561416541638 0.148855886134758 0.00201986940489021 0.0346598789270585
-0.114221222170016 0.181479722132866 -0.0479928400179011 0.132901210238881
-0.028602560661047 0.203328780772112 0.010366164284312 0.211887753553157
0.0528267349208267 0.201377681599214 0.0739376199122042 0.242870183552974
0.0621813900279241 0.171845816616826 0.108818755041431 0.239865053568108
0.0634022189149564 0.179714602466308 0.101785666295461 0.221938394794037
-0.000185990234708305 0.199120814048482 0.0807466797064787 0.194290325032188
-0.0710763476715868 0.174766097390431 0.0400956388535354 0.158051969423687
-0.136267480871123 0.136937038717898 0.0207658811413899 0.108116389719226
-0.180299087682499 0.0904607487000991 0.0304284456749007 0.0586491925968867
-0.221394333244426 0.00568192750597895 0.122407486860986 0.00938546076273239
-0.284682054441762 -0.0527912640138377 0.255555229008482 0.10090342028095
-0.120722388378366 0.0288689186620194 0.312701128862125 0.294957123412779
-0.0854309943460493 0.0458532644403709 0.283675641024241 0.129056562854605
-0.059361281319924 0.0430227423758842 0.119060485201568 0.026862903721772
-0.0430257483045495 0.0333276927129461 0.00572715231760009 0.0452834877089639
-0.0496014959704651 0.043246890856135 -0.0480469526836284 0.16254218290255
-0.025429611759145 0.0702513523527128 0.0210413264244221 0.259553055742197
0.00615793065011134 0.084262732827486 0.0890168558868689 0.290599043336699
0.00785864822241084 0.0786575576378355 0.116208969692161 0.287733559352499
0.00452445230231313 0.0857383837523276 0.0934283628322903 0.272650529142796
-0.0250153441619658 0.0872288057717729 0.0465734467704733 0.235708110225826
-0.0580204132348675 0.0595331722261506 -0.0109279690401206 0.173995475300039
-0.0603777786683459 0.0193696874886642 -0.0108011941345583 0.0916641946471427
-0.0510688898671964 0.0223152969039814 0.0405708497709397 0.0455461353826418
-0.0780997127582493 0.0250109788687296 0.16335171903093 0.00821061121326662
-0.140226677288208 0.013958244081608 0.315377604866901 0.117506766650664
-0.0560078704310302 -0.0929732346306319 -0.332282514508322 -0.0835986705069463
-0.0812821401104697 -0.064752656183575 -0.222632262272906 0.00517648315391009
-0.0997124604889537 0.0189850089858087 -0.0448837336355775 -0.0201634792719337
-0.0493990274603907 0.0778557807216558 0.028279408504425 -0.0474303987370301
0.0106063369827888 0.0655191532079765 0.0564782907229358 -0.158345843731511
0.027966989291776 0.0475238304768763 -0.0218822303578145 -0.249769814725757
0.0449810228378947 0.0299680114214393 -0.0923601997565511 -0.276393371861953
0.0491392177311197 0.0256911522814224 -0.122037696832359 -0.282109752952618
0.0541504515593623 0.0358228146459676 -0.113868812998139 -0.279497432632118
0.0325873251485017 0.0586147473719621 -0.0584697889775295 -0.253763819779005
0.0128766727337965 0.0771846228638582 0.010197859858218 -0.18166426146489
-0.0468812835118587 0.0936224924692324 -0.0196538992345045 -0.0575424772065
-0.0991474603142418 0.0276763008053306 -0.13988174725866 -0.0325661858176796
-0.0661744095714976 -0.0579271968653756 -0.275358476076204 -0.0884092024607086
-0.0282096847490162 -0.0775066587715219 -0.340325497692502 -0.258917048070412
-0.189305950611902 -0.135853025592134 -0.279897135393919 -0.0800616777145366
-0.209082493924055 -0.100679121150125 -0.200704151643228 -0.0148750404494101
-0.236695234884894 0.0360357825348562 -0.0453417701095175 -0.0337931386907149
-0.165418508191517 0.155721589981552 0.037659547126063 -0.0387665893954026
-0.0528136124020769 0.178210591928612 0.07053131746705 -0.145822755296242
0.0235849474139207 0.16791487646457 -0.000755350277379373 -0.235015780170862
0.0891893389856471 0.144327068603766 -0.0664038949279315 -0.249923082057493
0.10209682287001 0.122434101858531 -0.0935516935809914 -0.243789379594353
0.114615994130732 0.138057275289582 -0.0915848286906572 -0.235773412037663
0.0582757640158267 0.181089276596615 -0.0420878038089209 -0.212460718307318
-0.00223211984198513 0.198399391157315 0.0207411716507398 -0.145006897936648
-0.116241036056458 0.216759979407275 -0.0159389204475713 -0.0173522333654704
-0.22753776993943 0.115235990421325 -0.144541980775832 0.00708509227078011
-0.233841692995564 -0.0532494356898132 -0.273250811005871 -0.0444029336202334
-0.206536165236869 -0.127104291534358 -0.319255704930742 -0.192074311292646
-0.300160094374964 -0.168361367101054 -0.192214939678874 -0.0415621302113645
-0.323397529325091 -0.132253488095716 -0.146191823327379 -0.0170672200920173
-0.36240667742782 0.0479943304335883 -0.033888848730179 -0.0495207263476979
-0.27746506849906 0.219685805908406 0.0360997659508309 -0.0361296832609238
-0.121182042498461 0.276931570095169 0.0608115102530807 -0.117636734356244
0.00820600469333311 0.273488805573324 0.0093275128814252 -0.184683302158218
0.117712778490609 0.242736334969467 -0.035155274386061 -0.18366071429254
0.140243019498555 0.200440554290992 -0.0511956720349119 -0.168609008158556
0.164312078298853 0.213222240730022 -0.0528673184399808 -0.15968940747266
0.087866472761832 0.272964721499291 -0.0122465110222023 -0.143645691251459
0.000146379771677003 0.293967312901759 0.0389901324730628 -0.0921410041933067
-0.150779272082043 0.323619857878135 0.00218180788808171 0.0223086595416731
-0.3123187743338 0.206947232028393 -0.119376550546839 0.0434288660375454
-0.363545848662702 -0.020501023995775 -0.225309028635643 -0.00152349003573914
-0.355833369532623 -0.143032749594161 -0.240711234754147 -0.114072191141464
-0.375032725593083 -0.175932442419418 -0.0769145328751383 0.0253936666639273
-0.408791568978272 -0.136622483931692 -0.0590588464490793 0.00215732891356011
-0.450276661815786 0.0687379302519927 -0.00715559025694329 -0.0583514918668106
-0.353410820011068 0.272757281045193 0.027172122747832 -0.0321759050177544
-0.16746821386926 0.346375862266623 0.0321726875529351 -0.0686409704066386
-0.00539082584276159 0.344108752970672 0.0105995261897678 -0.0992839538523464
0.130336198725422 0.305267113638743 -0.00200244857193352 -0.0843989510336853
0.158633184833917 0.247652970257921 -0.000214820611534091 -0.068091414148817
0.18777318753377 0.255634962961917 -0.000724084604854408 -0.0636962789338868
0.104699600584275 0.321069120243477 0.030220739111851 -0.0578919079766051
0.00356568266488172 0.344496422224162 0.0633112394825322 -0.0266108444865077
-0.162616718643172 0.380568685687133 0.0286394164187231 0.0580578077481389
-0.345857274971 0.265824543313858 -0.0722394645625276 0.065600613621885
-0.430781256968753 0.0182899824157061 -0.137974985810964 0.0224568504147757
-0.446430546849907 -0.132270437451395 -0.117299408999495 -0.0426381673834736
-0.397829989345194 -0.152784270970029 0.0522772372330515 0.108591660290459
-0.435677987785695 -0.109664871854076 0.0477798015845102 0.0381086236255368
-0.466645143472484 0.0931982008564984 0.0289107173014261 -0.0522115125147223
-0.36254584524921 0.292066189368758 0.0148254918111985 -0.0181581941833704
-0.178598466343534 0.361453917691001 -0.00258001008222891 0.000532840529994286
-0.0134450159200498 0.358882411073459 0.00957819892077036 0.00992263549082109
0.127500444577463 0.319054636284092 0.0316794720450015 0.032653062687344
0.151962406474438 0.256905321359407 0.0515365817643052 0.0432068168109457
0.177839552902628 0.261226450226798 0.0530799083847862 0.0381714470241454
0.0952978700531246 0.32218012702133 0.0729970753602843 0.033151585100408
-0.00726622660912336 0.338293994290797 0.0828545076535609 0.0424982484395507
-0.163277410664457 0.36040488107953 0.0496242745901579 0.0856251612846027
-0.32891336220315 0.261516036279517 -0.0217778700489106 0.0719445537627916
-0.421530991753501 0.0357091809503711 -0.0369515646701686 0.0241166728782142
-0.46230770685752 -0.106059486235428 0.0252465136301342 0.0142238292909503
-0.358782162480304 -0.101879308539427 0.175935563407203 0.187145230209735
-0.381700551325248 -0.0519651747067613 0.151521917055086 0.0750047347644346
-0.38963207193749 0.108681054648414 0.0634867783999335 -0.0298526878106367
-0.293799292837622 0.253925381032936 0.00536475980428863 0.0086568440916643
-0.15102796003102 0.304076642303527 -0.0291800599529382 0.0744173402244356
-0.0134756247468192 0.30758860688404 0.0125670209010487 0.120907760695704
0.105862623482177 0.278526659526896 0.0641822073115469 0.145095402841647
0.121736932866151 0.227928690484098 0.0969438854444016 0.147280597404248
0.136485215593127 0.232185596091882 0.0953138108583061 0.133789882921539
0.0594770048793858 0.277360207709989 0.0983722787451801 0.117249512094187
-0.034807335758943 0.276220953128486 0.0818742784075362 0.105304342268899
-0.154158266490418 0.270497495847502 0.050157178422073 0.102145880146966
-0.268150346192948 0.19530234474641 0.0155908336908704 0.0664334787156583
-0.341708762979867 0.0304695097941195 0.0533950574140049 0.0130249066433679
-0.399913994405895 -0.0725556505938719 0.1577659212325 0.0544800753830146
-0.260453192175746 -0.032294557325944 0.272879924492042 0.24467329083477
-0.253528912382645 0.00842923167378071 0.234233074085975 0.100823087136762
-0.236525655919961 0.0930658268870543 0.0932833157966619 -0.00098525806357712
-0.171195994415796 0.161206364335584 0.0031369654374679 0.0335736148378699
-0.0997931839976481 0.189676012611716 -0.039914938662417 0.133434829677176
-0.0136207706477245 0.202919705984806 0.0223924072067705 0.207548922009442
0.0670152283796384 0.193375383094001 0.0914981924199918 0.232973844198577
0.0731839101383094 0.164489399473374 0.125876047997576 0.229763606674898
0.0753534311154419 0.171682226427039 0.116208196786316 0.212098108187824
0.015174374464739 0.19592911078464 0.0939399885463846 0.18473606119269
-0.0565633546198131 0.177665942504938 0.0516880049713484 0.150067995757092
-0.123010913732786 0.144657831622703 0.02892285148148 0.104207691510683
-0.169481383073343 0.103415623263743 0.0352821329343556 0.0552864280742053
-0.216542022638459 0.0219019240947408 0.11889179676015 0.00129274890690151
-0.282648173020675 -0.0289400627892095 0.259008201830485 0.0814145266172566
-0.116515443554437 0.0350710820099489 0.326402326159296 0.269744271885366
-0.0818071211823503 0.0515702045378514 0.286737567740453 0.106061540334161
-0.0559726659113002 0.0481136057576429 0.118425340488363 0.0166113709330896
-0.0399558422115568 0.0361421953002507 0.00778429152742568 0.043475438991206
-0.0465527225333484 0.0474250367153475 -0.0371023167812777 0.163629609159699
-0.0201111432183156 0.0715912676301925 0.0377508338391545 0.254014128313795
0.0121533330447372 0.081408719812706 0.10907061491714 0.279784838563214
0.0132765039681417 0.076793258033458 0.135680978673513 0.276905175405291
0.010788187864969 0.0833313718115272 0.112189529414567 0.263106691913769
-0.0176642186910976 0.0873066477138987 0.0626802613803473 0.228193133942067
-0.0520731987677683 0.0628752769016916 0.00205966716619153 0.170569345672907
-0.0574494046197397 0.0233457997618897 -0.0026443031150163 0.0898184569949861
-0.0469633057042503 0.026995160745025 0.04433255282385 0.0413180924834755
-0.0750051549039685 0.0305932961806095 0.159378709386264 -0.00247318447057453
-0.136208104929902 0.0254560199512709 0.319039265650999 0.0945562823223547
-0.0578465136933519 -0.0845247281480142 -0.31913866613836 -0.0608655566194636
-0.0794769002724319 -0.0581111999847839 -0.209884333188846 0.0181365045774616
-0.0920768963532889 0.0232307147484257 -0.0458896819057796 -0.0165506743650766
-0.0410999850229727 0.0765656882662606 0.0226985470940485 -0.0458947768113872
0.0145179883037767 0.0611722256209239 0.043718230583773 -0.153584824408667
0.0305501583898548 0.0428556375389359 -0.0364733568622165 -0.234444971778719
0.043769614460918 0.0263014643733143 -0.104768929427694 -0.25728921408207
0.0475377830075215 0.0214166468291908 -0.132835292491521 -0.262815280906019
0.0529956457441575 0.0308380024221745 -0.12345893506584 -0.25936849266378
0.033939707066649 0.0543040017205572 -0.0687780978279084 -0.236748354347558
0.0171742598770017 0.0724630350099952 -0.000516347359144682 -0.172240040118832
-0.0395405402172448 0.0906851568410112 -0.0212295813110659 -0.0519327915020107
-0.0931957130370719 0.0317610959427566 -0.134152268790459 -0.0205147873955599
-0.0664735178061612 -0.0515244513908822 -0.264001185497719 -0.0673473573397696
-0.0303334759394458 -0.0715508971650973 -0.336080736115238 -0.226855953840538
-0.185412572390946 -0.118206087991401 -0.269015445871795 -0.0621458154799922
-0.201958033649979 -0.08526451634753 -0.190209665068529 -0.00157541406893976
-0.220094462960568 0.0486248415662074 -0.0480930330984047 -0.029385998380133
-0.146080211321862 0.157582327727832 0.0315855110122265 -0.0386240989848276
-0.039154082012541 0.172410399479956 0.0568660258106255 -0.14294627816306
0.0332141365583739 0.157542036519958 -0.0164807959764766 -0.22195544281834
0.0927926956274997 0.131852237741888 -0.0772817105312496 -0.234635014582265
0.103227550406424 0.110250211547173 -0.103651883539796 -0.228085402480387
0.116710957075929 0.122438351065865 -0.100268185803971 -0.219229234956798
0.0660282338532048 0.168561805567975 -0.0508421288361297 -0.199604694001114
0.00984459970969086 0.188544487071295 0.0119373658474156 -0.140157161729399
-0.0971719373572062 0.211992069028641 -0.0155496522647466 -0.0144310510824913
-0.209681778318057 0.123362138369369 -0.136166286378173 0.0169637794904425
-0.224254217099992 -0.0364808179440868 -0.260690397179334 -0.0255202756336512
-0.200482487809871 -0.105951562185492 -0.311161705892957 -0.164755862254784
-0.292650680734851 -0.142691037769878 -0.184614497336437 -0.0307248086436888
-0.312012820919626 -0.10852794425035 -0.138976291497244 -0.00781239378730348
-0.338654461590066 0.0672163676912435 -0.0383364328802075 -0.0450669248806125
-0.248760589825665 0.22557160791187 0.0305164238298084 -0.0359804363839891
-0.0971456961976097 0.271019701046621 0.0486719843670686 -0.115930943046361
0.0258682833813391 0.258687981875617 -0.0053603091435252 -0.17493646984848
0.125759979430748 0.223200698563841 -0.0441922773298424 -0.174247750914869
0.143987744689414 0.18252765655902 -0.0583992123525426 -0.158304294723124
0.16761166849439 0.191297485965345 -0.058822780060794 -0.14889215042847
0.100264106584465 0.25371224221712 -0.0180719964759697 -0.1364483170232
0.0179764458286082 0.279679384651154 0.0318752805701703 -0.0920654856813415
-0.123244849731561 0.315616843106407 0.00395720884700657 0.0221422948951043
-0.283560315672602 0.216386695579704 -0.108990148053249 0.0498159609510443
-0.344748380749804 0.00315803516119697 -0.212956925131934 0.0121422746493813
-0.342670952392726 -0.112655652556023 -0.232774227533861 -0.0954599315979748
-0.363335155360073 -0.146227217268 -0.0722195125997894 0.0265256874831279
-0.393329231438349 -0.10827440383515 -0.0559297121408965 0.00504628578457992
-0.419935450165907 0.0940854054922136 -0.0137604647317979 -0.0563133569914387
-0.316492298534128 0.2814974454907 0.0219360019341519 -0.032195902912497
-0.138918285435505 0.340188546650326 0.0250918089571615 -0.0676424152558213
0.016430850985794 0.326964029131581 0.00020306222694413 -0.0945264278887199
0.141197773785543 0.281396903456781 -0.0060522599996502 -0.0820699655677985
0.163689146272932 0.225658207780719 -0.00406737930519218 -0.0653999467890817
0.192598392036142 0.228636649579268 -0.00380889687094905 -0.0603914622352701
0.119131566936296 0.298599547534386 0.0269347246075363 -0.0578978422823008
0.0249163224818782 0.328204200960138 0.0587132160377824 -0.0319429773362213
-0.130497559058217 0.369227907394565 0.0314736436691868 0.0538917611172497
-0.311367250468036 0.274797647520549 -0.0628776079757156 0.0675030053588071
-0.405557501460694 0.0436637347468755 -0.129560992596849 0.0298188527004762
-0.427947620190976 -0.0958792439042955 -0.111084602817636 -0.0347176818139883
-0.383228109751765 -0.124983572159183 0.0541088413429451 0.0986580512998383
-0.417338185612799 -0.0778464102209248 0.0468650462896273 0.0314198257667727
-0.434684512279509 0.119137273398518 0.0215944211742996 -0.0531363826189458
-0.325828165433107 0.299962335503848 0.0117321242849873 -0.0184879034953151
-0.146502146679505 0.356254137293874 -0.00414714177433811 -0.000628518346610928
0.00918779602986208 0.341018508239476 0.00626791141202715 0.00911770788854434
0.139279946051396 0.293800281862419 0.033429328413072 0.0262376433283742
0.15810532177908 0.234399235829292 0.0527103325881559 0.037154193554251
0.183126670850489 0.234651227869407 0.0532787453280751 0.0331164350701761
0.109998038134864 0.299466145324463 0.0729200861619624 0.0254286763250119
0.0140019308326314 0.32235416749462 0.0817693208121206 0.0326208908933252
-0.132024322026883 0.351472214471993 0.0528846078034778 0.0781326795567691
-0.293765495458659 0.269998226972725 -0.0145100902776238 0.0692193886686555
-0.39585691206986 0.0598983804722991 -0.0343252953887109 0.0258328761656036
-0.440099136188536 -0.0700173011605902 0.0261486058475509 0.0108358489390297
-0.345387974318833 -0.0778062500691792 0.175586679924044 0.166588764646512
-0.363248405425302 -0.0286960097883459 0.146892190103935 0.0606122133389631
-0.361985935904638 0.127352691664789 0.0564115564840521 -0.0331375345431683
-0.261493010388865 0.259951334461464 0.0041408619112578 0.0066045706135841
-0.124027711413037 0.299994276464291 -0.024903883943245 0.0719592834181967
0.00611608263977397 0.292934350572766 0.0161383086593639 0.113709733833663
0.117025695365872 0.256269941123937 0.0705892166435944 0.132261121565513
0.128746383867807 0.208601706698938 0.101742583299942 0.134255386152751
0.142473413747655 0.210258035876166 0.0990561416156637 0.121861084611677
0.0735190387058245 0.259139854729449 0.101200034156374 0.103765372250903
-0.0158448641736634 0.265320142365434 0.0839081009482412 0.0917466681138229
-0.12886119005959 0.265314100617296 0.0546831567086657 0.0933469403481474
-0.239103918911781 0.202983941294776 0.0207709449169954 0.0617281567845163
-0.320592659057802 0.0503930747956264 0.0501061535893867 0.010068723143702
-0.378887489922342 -0.041622984602186 0.153195840608211 0.0415680722296968
-0.248475980495235 -0.017944171455335 0.269912254112264 0.216031705040647
-0.239638838113681 0.0226256026461194 0.225854302419638 0.0808404377520889
-0.218024605714812 0.104588624485115 0.0870206493619382 -0.00826890771286378
-0.152104873463689 0.164227060548812 0.00420817822944591 0.0305024329869457
-0.08248573155785 0.187824548313686 -0.031821322868357 0.128642075385078
-0.0007426492134377 0.194304356168496 0.0312268417932891 0.195510479687964
0.0746189160996076 0.178344850096812 0.101874590304334 0.214541230939122
0.0786772857748749 0.151823510080937 0.134601228543789 0.211195508521701
0.0815717424032215 0.156943192974835 0.123088951759638 0.194811002897701
0.0267687388957598 0.18427235425426 0.100406593830268 0.168450250375791
-0.0425756275715324 0.172796599486148 0.0584188449248905 0.136387285500168
-0.10695464003612 0.144195573393197 0.0343442956386723 0.0962759139591029
-0.152397412339202 0.108564500125224 0.0382416121058122 0.0497665997507177
-0.202478558849446 0.0344663458210408 0.111460476699743 -0.00481292963013343
-0.26633346223656 -0.00818101783573444 0.24989487491677 0.0617562504957552
-0.109305225907705 0.0386348882680515 0.322941419743942 0.238546454468486
-0.0748381425998337 0.0544283507567104 0.275890632453464 0.0831194721575092
-0.0504424415157091 0.0507759671456025 0.113123367392106 0.00728279269761439
-0.0358665379280597 0.0381587982435521 0.00956592780813845 0.0399614875042662
-0.0416962193044247 0.0491444588348567 -0.0268822060783296 0.157504176776967
-0.014924612693707 0.0696132649948323 0.0492280556199973 0.238120694480585
0.0168393454757705 0.0755755431705175 0.121401912786635 0.259229151074701
0.0172804186483863 0.0719540514152488 0.146936011687893 0.255879876155342
0.0155470874409446 0.0780402021544106 0.123011254636386 0.243069580744591
-0.0109104099761019 0.0832997770378985 0.0735135753945776 0.212440217696744
-0.045147588750666 0.0628060066400192 0.0123352076449638 0.159721415776891
-0.0519122691297848 0.0254599205017681 0.00396865348011581 0.0842761427347992
-0.0411902286996915 0.0289625886050183 0.0458905780902158 0.0354796881090859
-0.068661281672716 0.0341149139953657 0.149318361858737 -0.0109467500220308
-0.12620885213368 0.0337341923160053 0.306708312809928 0.0713636728105774
-0.0668849758555065 -0.0663747761777324 -0.303932119835328 -0.0100202264193226
-0.0794981698304303 -0.040511125850202 -0.194241404467892 0.0482305173104053
-0.0802783829074255 0.0324366580028549 -0.0531818218792537 -0.00743988857772641
-0.0263167538942045 0.0737711337090021 0.00749977239071264 -0.0419795695719394
0.0189537091058251 0.0515092395764197 0.0167830820914721 -0.145383871286794
0.0311751452310695 0.0360042040581911 -0.0678463413093359 -0.211282398544912
0.0412217039822562 0.0193331978285299 -0.134777104466059 -0.226460502927353
0.0436527175392758 0.0143721859639679 -0.163161802973483 -0.226824752768392
0.0501015264254156 0.0221418121497429 -0.156299658723884 -0.226125229086069
0.0368489610719558 0.0453649331968752 -0.102765067220008 -0.210695900807705
0.0225908265424095 0.0640293463091372 -0.0277375735914899 -0.160933854365473
-0.0263232003795941 0.088687401335887 -0.0263196785998708 -0.0458093394690355
-0.0837817136989191 0.0389566821768072 -0.127456816284361 0.00351446787240642
-0.0705167093828133 -0.041661050553053 -0.250298527116216 -0.0205804580333796
-0.0414396459536208 -0.0648114950001461 -0.338658874959426 -0.165338010290687
-0.185619352883119 -0.0837465787549863 -0.264994659291644 -0.0201011245600751
-0.19402473227112 -0.0497394657671595 -0.183536764157037 0.0240375173170953
-0.191772486018022 0.0714011740073683 -0.0667265489630444 -0.0192378706591434
-0.108627627936872 0.161290595843094 0.00773489616609559 -0.0361082779724964
-0.0146294712711074 0.159672655157937 0.0256442844700437 -0.13126206530078
0.0484746963655053 0.140573429794194 -0.0484240434454956 -0.197510705829149
0.0999612904012561 0.108755856236146 -0.106544635428171 -0.204564790463074
0.105068185674346 0.0897206839810014 -0.130712013535311 -0.197814996730115
0.12083587368632 0.098689618610654 -0.130772644440006 -0.192120352956657
0.0827574641452774 0.147991003077496 -0.0824872960905609 -0.179768496228466
0.0294950069897248 0.172224196455276 -0.0114050813660864 -0.134541908207715
-0.0632559613308029 0.208890574687832 -0.0150299673172925 -0.0150745584096016
-0.178654916958837 0.136105089982896 -0.126256270868406 0.0372230765934969
-0.2137384899347 -0.00610542274912806 -0.239732155393229 0.0145409817391955
-0.202316720100318 -0.0754635263137196 -0.305679769583536 -0.112363019284997
-0.283727810245508 -0.0965385129878361 -0.188301680296315 -0.00804248745543554
-0.296835497867867 -0.0572617470221251 -0.14130366102189 0.00813517983316771
-0.294310441613072 0.104229327159114 -0.0690031557837012 -0.0368154872825301
-0.190445673939214 0.237536774996178 -0.00222051434526459 -0.0336313944500421
-0.0536094225601733 0.257877396977416 0.0176419318337678 -0.0989368919771645
0.054881398723854 0.235030936752208 -0.031967832958266 -0.150564283056731
0.143332226501227 0.187376937532616 -0.0660270801651232 -0.148195595990255
0.151335971911134 0.150879130489379 -0.0791630899903286 -0.139206600434344
0.176960928931116 0.154648373140471 -0.0824792603007772 -0.13196263610628
0.125549998009016 0.222218825250255 -0.0445071173462832 -0.125871509366077
0.0474900187944505 0.255645838295692 0.0142826421589356 -0.0941094305539639
-0.0740106708547165 0.308370825106106 0.00892985872534075 0.0137047280883541
-0.235451873802357 0.229748863610772 -0.0970602540070436 0.063103355316026
-0.318584922676279 0.0466531236643367 -0.189428798246363 0.0397922780462036
-0.332225697398018 -0.0629304882217321 -0.223801587251589 -0.0606784897163605
-0.347217490295481 -0.0926779517669611 -0.0796340487343767 0.0261829771162758
-0.370353897587308 -0.0471698518784599 -0.0653068965946073 0.00541053262154465
-0.364987705027848 0.138569621929478 -0.0532866255124996 -0.0515578074024769
-0.244052150034875 0.297274444924503 -0.0156779506294658 -0.0286132028863824
-0.0798296406542014 0.328022638915858 -0.00109667661131018 -0.0461277435694645
0.0557751099821578 0.298497528719084 -0.0158300934657284 -0.0731012457163242
0.166305910864339 0.237992192448666 -0.0180831755659444 -0.0639017088616953
0.175773782138949 0.189046015356076 -0.0142780876194549 -0.0590717120160994
0.20517687035965 0.186098362819248 -0.0185233396169878 -0.0578333355098317
0.150096057309242 0.261422150363418 0.00900992298449182 -0.0603393818109493
0.0595517339488854 0.299540738173712 0.0485404995371457 -0.0436480055721005
-0.0716795292106165 0.358963014848342 0.0383247199813999 0.0371836679937692
-0.253005366055723 0.286090279821489 -0.0522086036842162 0.0717799960327798
-0.367552823910424 0.0930738443920794 -0.110252323544231 0.0412931929628668
-0.405937947932907 -0.0372243198819077 -0.104316503438122 -0.0214985014436617
-0.360984466841153 -0.0697235275337004 0.0469470413484922 0.0730350620860472
-0.38752778218785 -0.0184642073541429 0.0323411122157108 0.0148663828822879
-0.375527302027602 0.163772088397336 -0.0215492394764496 -0.052975489020875
-0.24937590753558 0.316128068701456 -0.0240625856386945 -0.0136528223749917
-0.0849370141099432 0.344562802779439 -0.0187405104974976 0.0216343016176731
0.0522730586206102 0.313010904660967 0.00446392109797143 0.0230275731590203
0.16680652694885 0.248591279210129 0.0347539623026223 0.0336434655701368
0.172585521334994 0.197855423445986 0.0541890446283555 0.0288655596360872
0.198957564690208 0.191858874694627 0.0497632907845988 0.0221943075585911
0.142450120692081 0.26284687885245 0.0647241645960573 0.0097900431874273
0.0490974413380037 0.29578383310522 0.0800605327528486 0.0123099543632014
-0.0757655536112052 0.343142065542743 0.0621869403914317 0.0565048803109307
-0.236737886610943 0.279502797714036 -0.00714796545492268 0.0656820069604552
-0.353292738304072 0.107443132597792 -0.0240227591588082 0.0223627113373305
-0.41106248593787 -0.0108875278587964 0.0285860812352859 0.00112125536828127
-0.317813558606113 -0.0334896496655093 0.171003195202167 0.119679282581165
-0.331879848052842 0.0190806914293224 0.131775778331893 0.0282302411743867
-0.308170247858769 0.161581256953711 0.0190839599612811 -0.0390497619497643
-0.19691060717697 0.271813680227616 -0.0221768343213526 0.00977939736270775
-0.0702552802779192 0.291948775988905 -0.02434067433492 0.0884906841445423
0.0455405631777449 0.269475453690747 0.029257399366032 0.117697136273488
0.141678864452754 0.217332464707036 0.0849450805193935 0.126348847593737
0.143708315570424 0.177163451063064 0.114141083717545 0.11211158897037
0.159094833446961 0.174665095737658 0.107218616491289 0.0985425787145887
0.103639936566229 0.230701403611099 0.105018747480254 0.0788617850953484
0.0161296017084414 0.246470191731275 0.0921219580438492 0.0675693947081323
-0.084385462414292 0.263518003443795 0.0663033609414642 0.0712897864642307
-0.193364132974368 0.212530470261665 0.0249567373222714 0.0523847597494701
-0.284837711640197 0.0886420941817303 0.0499953088223239 -0.00399547998488147
-0.351105095566052 0.00684507633880532 0.148603080866921 0.0134832705677718
-0.222136335690632 0.00994462334202424 0.270121387033414 0.153722106778784
-0.211964036658436 0.048560466475266 0.212211764096475 0.0373138052772776
-0.18222576098656 0.122647093630147 0.0616735547504928 -0.0196259841578013
-0.112124701649887 0.170835175132157 -0.00804209704668956 0.0309715655751273
-0.0469969193837928 0.184204529906192 -0.017946031250783 0.136017471261334
0.0268071655115128 0.179578389813194 0.056209561643295 0.187432524480808
0.0937460756097621 0.151404011246857 0.126016046630695 0.196626114821078
0.0919528379139452 0.130405243030778 0.156677986648491 0.17929228807675
0.0966403246019647 0.133258351277725 0.142415427139145 0.162956028809681
0.0505940605361179 0.167273028664747 0.116283933402035 0.139273475082261
-0.0185537314011986 0.164532860337738 0.0755154796217809 0.114434130194348
-0.0798453966502362 0.148249581626809 0.0483308218676769 0.0793428950869733
-0.124283825640327 0.117013007803987 0.0410362332004307 0.0382507683589525
-0.178474894882363 0.0589239225447239 0.10218875855738 -0.0249831057541029
-0.24215555970119 0.0250490307351433 0.239524104194813 0.0203831078666276
-0.0880011254399856 0.0458713376804211 0.329332856438122 0.170173693275622
-0.058382410745587 0.0555901809548676 0.26464909539828 0.0342594194160756
-0.0381834098662538 0.0524100750373747 0.100960012485015 -0.00973173687386051
-0.0257277644346908 0.0403017412898338 0.0100997152647355 0.0360555270105496
-0.027955069010205 0.0532966503355716 -0.00518358023131848 0.154192652391593
-0.00171047616813883 0.0665224220419945 0.079200577462528 0.219809015368271
0.0272798048274809 0.0650798984876603 0.150310403886894 0.231112276257228
0.0267984449930602 0.0641175676706053 0.174722498522501 0.218990960573466
0.0264396395209059 0.0688515947121089 0.151647087479585 0.208923221314044
0.00252352289944647 0.0792063040890078 0.100615578498171 0.185086247565456
-0.0333932795784544 0.0641900359993594 0.0374570763931815 0.145111278188963
-0.0444096197360638 0.0311056392539608 0.018602984208387 0.0752430576938547
-0.0321917495060409 0.0315514944275799 0.0479802806133237 0.0245156272869727
-0.0562539522348559 0.0413862789125736 0.135012868597168 -0.0338354837069448
-0.108067484974292 0.0467449661229825 0.29289979801434 0.0227388211089363
-0.0613411026876159 -0.0634052044105178 -0.287550112197009 -0.0174687184893806
-0.0746153756502544 -0.0415486793954355 -0.183019503141295 0.0416679625977516
-0.0768204983627467 0.0288082322552266 -0.052105277020283 -0.00648911774621187
-0.0261259719326319 0.0697301371991841 0.00683216952579773 -0.0389302019736233
0.0170022273036546 0.049092291867354 0.0181589581243596 -0.137455614919833
0.0294589132399601 0.033940157872513 -0.0609519625418107 -0.200734079972283
0.0386405154908132 0.0194029457667667 -0.124278516011336 -0.217267735920628
0.0407346527042571 0.0145123214534594 -0.152334094138314 -0.219538374664257
0.0464866155565993 0.0218566309088893 -0.144636450930295 -0.217590060545057
0.0339411264036102 0.0442967445996674 -0.0921706727589043 -0.202406757111195
0.0204534058753071 0.0606895731989303 -0.0222498300373255 -0.152799402985268
-0.0269738983391635 0.0835757069798671 -0.0224186453458781 -0.0434538544969341
-0.0811897145607361 0.0356380398783772 -0.119626182803905 0.0022264690002647
-0.0657101982533267 -0.0418237885634184 -0.235536946330163 -0.0240217617817374
-0.0377187390402119 -0.0625046350817361 -0.314784468584364 -0.164430849599377
-0.173416861687779 -0.0830150225008787 -0.250698193265161 -0.0272045538315316
-0.182700517125972 -0.0530743137313902 -0.173009278351611 0.0193230033040409
-0.182553375465779 0.064252917539413 -0.0650076389698107 -0.0189766766773322
-0.105161868591762 0.151245765964638 0.00689409229474338 -0.0329586151145102
-0.0163659089819664 0.15211280037744 0.0265462912404674 -0.123976456550951
0.0444153718521088 0.133819575996001 -0.0432265951582492 -0.186788733998916
0.0929174299961544 0.105039686235621 -0.0976764768227308 -0.196772552760662
0.0973176477662133 0.087081327793945 -0.122215207529371 -0.192157912696223
0.111815460731557 0.0953085848472856 -0.12064522521688 -0.185556577888122
0.0754483739089693 0.142563742093255 -0.0737282276506979 -0.173423661786331
0.0251074017994067 0.16393474989651 -0.00826942812522993 -0.128429823496075
-0.0639479254209375 0.196332150229609 -0.012620607903153 -0.013440798489408
-0.172263957440394 0.126567318204961 -0.118779878652403 0.0342153674055913
-0.201690675462064 -0.0102697062674129 -0.22668412548517 0.0103837641239411
-0.188151287399925 -0.0757116483225546 -0.286968368219887 -0.113957849767283
-0.266500012310514 -0.0975563495689646 -0.17936606175949 -0.0137812247855433
-0.279646371478179 -0.0615796137312444 -0.133624041098666 0.00440075184944883
-0.279447439582932 0.0933845758290709 -0.0672656449366665 -0.0352333440206416
-0.183347964315734 0.222647492056942 -0.00263222209210071 -0.0310061365846285
-0.0535001118340091 0.24518078408659 0.0174275101156483 -0.0934045662841645
0.0489622681149114 0.223870355338978 -0.0290234218797022 -0.141883347808257
0.132569283653606 0.17972375113404 -0.0606066422340881 -0.143533387928425
0.140594850028353 0.146762353985157 -0.0734604201068575 -0.134598827427582
0.163908267327517 0.149004621432248 -0.0754949234013701 -0.127895470158727
0.116119887129427 0.213604949320513 -0.0390501593840958 -0.122488765647496
0.0416427960373567 0.2439805653968 0.0150924427026306 -0.0905507578559841
-0.0753485726025494 0.290869262084512 0.010336767491554 0.0141725581762704
-0.226467943631931 0.215615271677652 -0.0920585796695903 0.0588532922969845
-0.301201720047372 0.0388896444009087 -0.180062063369375 0.0345587864558179
-0.310042665578188 -0.065128700479714 -0.209997398998667 -0.0635145027133013
-0.326034155893853 -0.0954904928281074 -0.0777116817313807 0.0213392479893765
-0.348966346943386 -0.0534932779152598 -0.0630262043999835 0.00314429345055918
-0.346469238494244 0.12624828584675 -0.0519017989834427 -0.0497156978403653
-0.234633363659268 0.278535620812785 -0.0155768944129721 -0.027176600504075
-0.0799244707948118 0.310984969494216 -0.0013836814878368 -0.0439662581419023
0.0493393180753251 0.284318331801888 -0.0155302901796636 -0.0679091987160999
0.153349340936495 0.228141766983467 -0.015779039230878 -0.0635356392696657
0.163088400469799 0.182697190361969 -0.0122514736362585 -0.0579406176547004
0.190011578873679 0.178217883557587 -0.0157649129284207 -0.0556365307658304
0.138044330554005 0.250092248999397 0.0103163137560716 -0.0588936465720847
0.05247591460358 0.285987109339385 0.0462144168343212 -0.0426086779584632
-0.0752676309321294 0.338519855066768 0.0379317410714143 0.0370358127308698
-0.244331744607343 0.268171829806304 -0.0492891510221489 0.0673346312329819
-0.348306292924132 0.0817723843168862 -0.105580736653506 0.0381894094893001
-0.38038467097062 -0.0409350111336005 -0.0971857193859626 -0.023875811592163
-0.340433827353593 -0.0757067050688943 0.0406702914315422 0.069197538521282
-0.366684954041988 -0.0255190702836434 0.0288815806543467 0.0134466541468595
-0.357067578463703 0.1489475308518 -0.021874286788161 -0.051499291954768
-0.239308930939185 0.295908269558724 -0.0243026394513782 -0.014031126444163
-0.0846098133346556 0.325456549369686 -0.0190037320266532 0.0199904453740108
0.045759671948896 0.298294338763216 0.00160279405213929 0.0238911772257188
0.153344820452306 0.237719250374016 0.0327712382688637 0.0305861310229433
0.16028904710387 0.191343603258529 0.0512796412955713 0.0271650515294269
0.183154079950156 0.183948379602641 0.0477743918630711 0.0218033660407766
0.130239770967879 0.251916686405595 0.0617407025649782 0.00876861135649258
0.0427712472324502 0.282178448395023 0.0748330768682461 0.0106041188367372
-0.0773312335816621 0.322929397346426 0.0591487038784423 0.0549327963713553
-0.228762815807168 0.26221376053548 -0.00691866007282092 0.0615835654722056
-0.33502133873071 0.094861714966861 -0.0235574894900098 0.0216129162735111
-0.386149556543542 -0.017032573316559 0.027528071252985 0.000679021733951345
-0.300568268992991 -0.03854958337307 0.157140696950608 0.116638083391422
-0.314755893449686 0.0109355680469767 0.122003928362143 0.028053694837539
-0.29331151475772 0.148993556360977 0.016453631057733 -0.0375508051921443
-0.18921310600963 0.2559838636692 -0.022978257493019 0.00891610205488351
-0.0699656327647474 0.27720072996693 -0.0261280764581344 0.0838085062410121
0.0389208311054468 0.256923957531045 0.0243480681077355 0.113388528355056
0.130624261223328 0.207818667628264 0.0789486148075056 0.119211604914209
0.132910105124357 0.170915943042243 0.10778226216974 0.107835579970865
0.146148712880262 0.16705474615418 0.100712785950579 0.0952780669937531
0.0943020909026903 0.220014790005857 0.0981570961844416 0.0752068327217193
0.0121275721627059 0.234756288476578 0.0851418404502942 0.0630696970836319
-0.0845095246173472 0.247397407894969 0.0628218157529278 0.0691688157401913
-0.185046139330741 0.198355943949118 0.0233531177163377 0.0494560552990017
-0.270001272612924 0.0793466986030922 0.0466167649705815 -0.00206204967624229
-0.328387601354449 0.00265584596987294 0.14133901264381 0.0150073436633501
-0.21140574708266 0.00392060807760934 0.250996717388628 0.152824417092669
-0.202463645707679 0.0417736484815531 0.19847242174159 0.0391348917586831
-0.173607113164966 0.114867201087987 0.0571520310155785 -0.0186420201255793
-0.108268150895497 0.16126268303385 -0.00985020550177493 0.0281899395725542
-0.0464901694461038 0.176012892036161 -0.0212763587595614 0.128855240645495
0.0228397615069412 0.171566842620035 0.0481994624494341 0.179525536128019
0.0853955461412574 0.144395805309967 0.116835905984745 0.187391229777637
0.0847661089170307 0.12558273182659 0.147280382221301 0.172611335766387
0.0886732405805614 0.12717410772932 0.133453410104947 0.157908408647542
0.045504234722382 0.159142937502204 0.10779095349363 0.133180905649354
-0.0195532755200699 0.156193352838162 0.0689913505395034 0.107260246126983
-0.0776197048468586 0.138337874540248 0.0448880577221457 0.0757184588964064
-0.117649946483843 0.108910827643362 0.038937969337839 0.0363584364106084
-0.169299067590432 0.0530519803724863 0.097012155689456 -0.0212003369326533
-0.227205970774829 0.0199123661203653 0.227311925222636 0.0242041789940784
-0.0855613811526202 0.0410268882769124 0.307226764580598 0.169869659181061
-0.0561833733569042 0.0520234931006006 0.248275388443194 0.0374418560650092
-0.0359724070034967 0.0505245169791936 0.0947276509330562 -0.00924603417511136
-0.0243469009999486 0.0383685054649326 0.00689097122802257 0.0333705368779119
-0.0267313725570492 0.0506438936415081 -0.00926513488173056 0.146886755880795
-0.00248560601673379 0.0636745955907277 0.0697745729118129 0.20993337649205
0.0244693244119801 0.0619675951191063 0.139879407245799 0.221613231882681
0.0245594534265094 0.0610448447209097 0.164371505178047 0.211416147034596
0.0238731668306908 0.0651164682315075 0.141109497859462 0.201807285603951
0.00112829268086161 0.0744628195415203 0.0926564052738976 0.177027755002812
-0.0322681628014424 0.0602789455371198 0.032653981752226 0.136537774072932
-0.0418501699658884 0.0275961589589944 0.0164215717331883 0.0712916571690632
-0.0291833575137238 0.0291723623085711 0.0455001361947868 0.0226158509336246
-0.0537497138914634 0.0393332489776661 0.127877146365336 -0.0292276561381925
-0.101619502125977 0.0432943740800237 0.277512555829933 0.0277457127606084
-0.0569863038194407 -0.0642668353151839 -0.282003000544709 -0.0307071316899286
-0.0723256834211945 -0.0455699339831221 -0.17925513407818 0.0341822384484633
-0.0768430809025015 0.0247409408973372 -0.0523377924861358 -0.00740339066641371
-0.0277871740124358 0.0670310426416669 0.00775573914987956 -0.0370197431051015
0.0147957705120208 0.0492389841424559 0.0227774335190785 -0.134155372200168
0.0282209524348964 0.0339495085375208 -0.052636406822703 -0.198872940853397
0.0380638942899005 0.0209023607657577 -0.115131150161613 -0.218401642882222
0.039213249694677 0.0161790586730972 -0.144214077112881 -0.22312137933144
0.0443353012127003 0.0234558904867899 -0.134083191535263 -0.220829093609961
0.0319075008422616 0.0457270720995549 -0.0822798967190742 -0.203498824052567
0.0172565765187061 0.0605063017412025 -0.0153345959636199 -0.150533200746269
-0.0301208340697737 0.0812714501744837 -0.0189417683775123 -0.0428922461951291
-0.0824985455487486 0.032587600166911 -0.116506740795302 -0.00115442629073642
-0.0631235611082396 -0.0449735998110061 -0.22969848733041 -0.0317706835984978
-0.0343169142814282 -0.0641146341817925 -0.303474427853814 -0.174894982197594
-0.166388597510993 -0.0886018974696939 -0.246563348043649 -0.0384409331642461
-0.17810782541067 -0.0610756605091645 -0.169490334825946 0.0119324142406222
-0.18149020855222 0.0562449397966474 -0.0649954218693712 -0.0198955984206061
-0.107893313062823 0.14519843623653 0.0076902925553275 -0.0312479478088075
-0.0209988085471577 0.150328170754131 0.0296686521578895 -0.121111765418665
0.0395040628517006 0.133061243867164 -0.0364896698051323 -0.183967211709636
0.0879764468280572 0.106604687413004 -0.0890236658047744 -0.198393925014067
0.0929626700766538 0.090033993481105 -0.114857519136264 -0.195045659972419
0.105299863161076 0.0978556729790944 -0.111577136056132 -0.188827681307726
0.0696063697466917 0.143671079313398 -0.0652864931619919 -0.175232437349458
0.019069555868673 0.162721907787716 -0.00273670329101937 -0.127123781068406
-0.0708856387163271 0.191418783404187 -0.0095189001731755 -0.0127172244098674
-0.174875192018045 0.119960502961174 -0.116800951958062 0.0306479469197451
-0.197402523973723 -0.0196795096997297 -0.223242342762881 0.00230159790324306
-0.180881472233744 -0.0821583192273186 -0.277148654995158 -0.124819965527122
-0.256985902657904 -0.106503289682298 -0.177233938594598 -0.0225508349536802
-0.272988429935975 -0.0731227662758073 -0.13098668467583 -0.00158588542539829
-0.27661923935012 0.0820782807394801 -0.0666413770196868 -0.0368475712189804
-0.186908530045816 0.212750951897409 -0.00238067589878951 -0.0293623649986654
-0.0601800891172075 0.240726795920203 0.0204218074977739 -0.0915293381533177
0.0410887491671149 0.222056383521269 -0.0242837673206361 -0.139143426703174
0.123811879821803 0.181619159058868 -0.0537655677022634 -0.144910626349963
0.133461812286428 0.149894299867069 -0.0684118151087496 -0.137200972658174
0.154674271104071 0.152246498978813 -0.0693073861366863 -0.129603755927221
0.106585724302073 0.215725428328837 -0.0327189425475631 -0.123968082603394
0.0322337923191471 0.242359222455989 0.0182325234913826 -0.0900579212166847
-0.0857313381685588 0.283562950501359 0.0116102424088225 0.0153599045711428
-0.230318734190631 0.204801495105788 -0.0915549002528812 0.0557753529549738
-0.297046213883942 0.0253305362300404 -0.178232765561112 0.0285019556546061
-0.300434230141063 -0.0758142688139825 -0.202854256959553 -0.0717757988608179
-0.31645143368623 -0.10804629602871 -0.0799883596687953 0.0166452553225029
-0.341099566913306 -0.0674999817186246 -0.0624097004648168 -0.000468815929077953
-0.344847154189151 0.110451871549222 -0.0520608649971319 -0.0506756671473816
-0.238269294622852 0.266339919417006 -0.015492734924616 -0.0267110266242948
-0.0879944494712322 0.304608632698745 -0.000382457500192531 -0.0432300531252589
0.0389668715775833 0.282103031208852 -0.0137301653670284 -0.0656092636934353
0.142931680232101 0.229173356816407 -0.0124792110018472 -0.0645535884089501
0.154182342606251 0.186737287107396 -0.0101439188213296 -0.059151386767063
0.178576058464178 0.182314668572639 -0.0122898814783974 -0.0555827486955258
0.1272775677398 0.251725024221844 0.0129739639201783 -0.0600800161866877
0.0423296753358498 0.284113400767209 0.0466271553857091 -0.0424481726126959
-0.0867596036248611 0.330337342101598 0.037943669547604 0.0385334680795211
-0.248041356079851 0.256311468561011 -0.0499450702398426 0.0645684021695142
-0.344135407954306 0.0658112198215338 -0.105362610896563 0.0348181503391116
-0.368429109713441 -0.056743623550237 -0.0941855108090479 -0.0286282672250744
-0.332379157641455 -0.0880276313115547 0.0348590234768189 0.0692356685129434
-0.360228104628904 -0.0412106180675366 0.0271251319495153 0.0132929557554422
-0.354393593288356 0.134227441920526 -0.0220680368121138 -0.0516560722745656
-0.244219439440356 0.283584353776065 -0.024397654751139 -0.0144201366277869
-0.0927319767436978 0.320089674472607 -0.0202733671837786 0.0192321889853827
0.0358740511970827 0.295510445384255 -0.000663035934765002 0.0250022013100176
0.141986473114025 0.23974239577514 0.0320950271588963 0.0291087237335434
0.151176442732874 0.194355915211411 0.0502605771033553 0.0273753911959547
0.172271522236544 0.186910462631556 0.0476529838535041 0.0230071339648524
0.120013623174861 0.25261098386664 0.060651286995279 0.00866518576952956
0.0327449860253937 0.279609738408223 0.0723276481146824 0.0106287728394666
-0.0881802861803794 0.314527537541271 0.0582592726997808 0.0569898399035646
-0.231659887967201 0.250364884156451 -0.00824233256015962 0.0607718757132096
-0.331402930855457 0.08031539993547 -0.0244100541237362 0.02170027887897
-0.374689435192263 -0.030835350956743 0.0275646514859926 0.00102990000758815
-0.295054556160214 -0.0509495651593007 0.147263558703534 0.121834514069188
-0.311501139307854 -0.00162954536809518 0.117123538171557 0.0318552822947113
-0.292602024617467 0.137112986295877 0.015561958194978 -0.0375646298451511
-0.193504082151713 0.245947217387801 -0.0239922456317459 0.0073732594035912
-0.0770241456239647 0.27230777360502 -0.0301512647227931 0.0816514932280926
0.0297583828216861 0.255166317295621 0.0180113392155636 0.113735672606508
0.120043274216928 0.208536052089557 0.074669247127954 0.118398140670543
0.125158513234689 0.173277143550848 0.10394002053316 0.109398802341079
0.136453798612352 0.168656537763107 0.097386207065538 0.0975761087337466
0.0853684193588044 0.219911681077881 0.0945756859273018 0.0753035609234842
0.0043841677602126 0.231916305584962 0.0801516604165409 0.0627787686584682
-0.0915684025229982 0.239751882483786 0.0602541052098115 0.0701756917463259
-0.187583354614524 0.188152538094977 0.021975143326534 0.049015520996108
-0.266403911337561 0.0675537213703943 0.0451558081179489 0.000526838592364573
-0.318848903355842 -0.0100660287639856 0.13836154122216 0.0196288755291324
-0.209778688389841 -0.00528012267821005 0.239116177191225 0.161494002301907
-0.200938915978445 0.0340066532006046 0.191611574642535 0.045676812827039
-0.173967193870568 0.108194190287368 0.0557880861216109 -0.0179917182712179
-0.110284080111358 0.156335917578823 -0.0119754214544947 0.0264332508730483
-0.0507050315239853 0.172579229463548 -0.026206499714712 0.126832089282066
0.0171066925936185 0.170672228272644 0.0392680793088125 0.179509432491283
0.0784480683214757 0.144739915134729 0.109500406555733 0.187299058758667
0.0796008144329348 0.126388356765161 0.140767575354779 0.175266030519756
0.081949484426277 0.127056275613182 0.127324631498204 0.160827992320077
0.0393108775485156 0.158068472468 0.101812697094705 0.133661879852579
-0.0240336959978199 0.153241807135264 0.0630026787414055 0.106598466522211
-0.0809324168221644 0.132794202729225 0.0426511614264133 0.0755432071076741
-0.118245815262168 0.102734710681441 0.0376373529823746 0.0359785456033537
-0.167050745433022 0.046100732915317 0.0950208597554326 -0.0166701858547444
-0.220896762224125 0.0120384478244168 0.222988885404421 0.0322931997873157
-0.0871108317061215 0.03645586988263 0.294556273775669 0.181899843284369
-0.0576951937275801 0.04975083826571 0.240787160545492 0.046553305759447
-0.0363031844582636 0.0496494461864523 0.0915907715732713 -0.00704062641315411
-0.0243056930231226 0.0374489589698889 0.00418888852948623 0.0322443290100465
-0.0276681196167059 0.0495190888655876 -0.0158079573833446 0.144677802081849
-0.00443142928241271 0.0631915656872659 0.0596161948706556 0.210420104308228
0.0213709172315646 0.0612092256551713 0.129891147853642 0.22349737208216
0.022529036428761 0.0609768606634912 0.156833549426884 0.214949088160221
0.0211825737810408 0.0642734969076435 0.1322557213121 0.20397886124172
-0.00126746828788862 0.0728463462087525 0.084736452389765 0.177206206841117
-0.0330501597081675 0.0580015418398937 0.0265590046312111 0.134112298876604
-0.0417536978083479 0.0251801681767269 0.0139885155374213 0.0694911971796227
-0.0282988578098752 0.0273522583055874 0.0449137262981148 0.0229679216571007
-0.0534638820627877 0.0378419019232482 0.126054376021919 -0.0234437758163156
-0.0998432842955853 0.0395846471151752 0.272253769630614 0.0379409331138454
-0.0558135478519916 -0.0670818939618227 -0.28769740734866 -0.0420771624263708
-0.0732117026480338 -0.0503891773625841 -0.183051505684618 0.029611524948907
-0.0801125960661554 0.0230040056105427 -0.0544302561760193 -0.00765492537120242
-0.0302744707820673 0.0683508178448968 0.00830801090231407 -0.0360904784886441
0.0137690800485701 0.0511256586902509 0.0263515034466359 -0.137661726436359
0.0280246383017906 0.0351506645977333 -0.0482727392309851 -0.204328868406924
0.0387359325798357 0.0227517124707337 -0.112789511415929 -0.227227848555957
0.0395902235102325 0.0175888838721641 -0.144063944460064 -0.234768803671592
0.0442945454110252 0.0256621253825234 -0.131361528331771 -0.231303394165288
0.0313348280701592 0.0488965507430815 -0.0771401057812971 -0.212494219028522
0.0157743442297852 0.0624127995196901 -0.0104259940213168 -0.15504591087084
-0.0341135410712682 0.082956782427432 -0.0166088857822305 -0.0438622897883361
-0.0863000442756782 0.0313754918442473 -0.118122415935155 -0.00287407932563548
-0.0637348068752923 -0.0498596478126507 -0.232620474268245 -0.038255200284477
-0.0337170368687341 -0.0673777537716015 -0.304541456266352 -0.190299893218978
-0.1667017029597 -0.0956954129512319 -0.252524560525469 -0.0497353043722022
-0.181705212988786 -0.0693669936510724 -0.172160550324386 0.00685201693260451
-0.187588741620661 0.052474093688896 -0.0673056585781616 -0.0203069092519091
-0.114039944805423 0.146651908885437 0.00789088756250117 -0.0304098366944878
-0.0248591508972653 0.153900602016676 0.0335306672005752 -0.122925656716062
0.0373852690050921 0.137479292203282 -0.0326285428700184 -0.188982521789916
0.0870495844109227 0.112245402643034 -0.0865739601064718 -0.206299068693152
0.0923131809723106 0.0959002776295471 -0.114497420848476 -0.204573702519441
0.104322663132633 0.103201298058169 -0.109045103234354 -0.197865154294623
0.0675715432426946 0.150338048020773 -0.0615650376749529 -0.183222458086525
0.0151219853281522 0.167592230111667 0.00159195074298984 -0.13187709619139
-0.078826243636264 0.193980861509671 -0.00748569328271539 -0.0123106820482271
-0.182909625888352 0.118812150280274 -0.119532175831825 0.0293302769695233
-0.201306370744571 -0.027719896919 -0.228208582857972 -0.00337351948538684
-0.182025967830103 -0.0903552546245535 -0.279715737306464 -0.137502463749034
-0.259610023393638 -0.116799091338677 -0.182443866309991 -0.0301152204865757
-0.27843426807975 -0.0842882051752776 -0.133376159986723 -0.00671593310158276
-0.285180987814029 0.0768358482819516 -0.069157861324612 -0.0386125165968615
-0.196024011595381 0.213327482667959 -0.00212554611870944 -0.0295853089245482
-0.0672124433317325 0.246534864255231 0.0231742931682115 -0.0930868942928856
0.0370504516994581 0.228634674949643 -0.021572575357404 -0.141639514007464
0.121488773415317 0.189586196692475 -0.0511227887565541 -0.151638862292727
0.132725012570032 0.158683915129646 -0.0675855433152604 -0.14408440822236
0.152240663951649 0.160115103471194 -0.066729704613418 -0.135519900258659
0.103779459586439 0.224600545237908 -0.0296625595539882 -0.130509278873011
0.0274950467674998 0.249533603501405 0.0212692980645101 -0.0938261633449125
-0.0959536202734478 0.287822472684923 0.0138841383835808 0.016639807721472
-0.241706924404008 0.205208313522204 -0.0934871957902642 0.0549521690976685
-0.304569985689607 0.0154244541649298 -0.183176098977657 0.0256426441932857
-0.303277642055259 -0.0871286323719951 -0.205164162959914 -0.0812144916819356
-0.320315093560019 -0.119464611893907 -0.084718938841684 0.0142535003604224
-0.348645629866619 -0.0804813256126187 -0.0642539918516033 -0.00333684693294738
-0.354102756225943 0.105679265557146 -0.0538156700869396 -0.0533050967884993
-0.249794626569205 0.267074460757475 -0.0158695625742463 -0.0270528532375122
-0.0966096295612604 0.311187890808037 0.00067468905958473 -0.0447473147889179
0.0339490037350113 0.290832250346928 -0.0135373766340347 -0.0659194779032882
0.138952763791313 0.23872014036578 -0.0102344897344716 -0.0686166503821004
0.153077659555781 0.196195708017787 -0.00920399765952777 -0.0619459786458269
0.176512800358487 0.191039147493321 -0.0102806916001607 -0.0583072527788308
0.124425248806019 0.262570979463673 0.0154232442505802 -0.0636927435565252
0.0365289768220808 0.292836347042117 0.0486482983808378 -0.0443073826781223
-0.0989552972543863 0.336129965349405 0.0406556753678808 0.0410562701187946
-0.260708174476794 0.256660979691607 -0.0519410199540181 0.0655930600197737
-0.354192249372065 0.0562218774366356 -0.10859930677046 0.0341931488210009
-0.373700143668188 -0.0680931152813741 -0.0947979038997017 -0.0330083452493945
-0.336852782765128 -0.100265842163683 0.0310266203764072 0.072376166423285
-0.369451446621375 -0.0530275922376973 0.0263716599247681 0.0135653921100506
-0.365236853743256 0.129556912733768 -0.0238137217128831 -0.0543804155243945
-0.254503428400383 0.285437007091266 -0.0255021721442289 -0.0157787621620727
-0.102040574735127 0.327112959398449 -0.0220683953958351 0.0191760558823891
0.0295913671482449 0.305097639624852 -0.00234753333596037 0.0270068157133413
0.137556744190849 0.248357869973052 0.032725760621914 0.02859949113745
0.149920956526609 0.203044341931203 0.0513330417574833 0.0284256636918332
0.169654301380324 0.196259713902388 0.0497451279392445 0.0246236803578995
0.116312540781249 0.26314085012654 0.0626400660131915 0.00830526983442676
0.0268626889616284 0.288147104611224 0.0729827607501146 0.0107803851779072
-0.0995367599731442 0.319070080128457 0.0602094293086505 0.0606698737250752
-0.243058490302607 0.251733549248498 -0.0090523943979103 0.0616540687537719
-0.340609162753276 0.0718027131239441 -0.0260730109283831 0.0226124900129628
-0.379697759805318 -0.0431621843955618 0.0289984951097734 0.00159752119531581
-0.301469160486163 -0.0620330820332752 0.14516428178999 0.130773959836809
-0.319330662799843 -0.011269614907286 0.118166057621106 0.0359348099168623
-0.302084982078719 0.133831109988521 0.0147294609680341 -0.0393557389105482
-0.203108431198993 0.247218684819145 -0.0258380957504754 0.00595460859102666
-0.0848441081725573 0.277704415230549 -0.0340548921923787 0.0829196503569416
0.0254856863576176 0.263605840999046 0.0134166584190409 0.118544939996727
0.116785205087998 0.216535366562164 0.0735902444902344 0.121848785461768
0.123829596426242 0.181392886523885 0.105068705390645 0.113859023155082
0.13396357046008 0.176209915435953 0.0986532168844974 0.103258013915005
0.0814155569424725 0.227792942867517 0.0944022053721178 0.0784955458184928
-0.00076083194940235 0.2383102426258 0.079512887660067 0.0646557638023297
-0.101135695946765 0.242611651976044 0.0613403737718158 0.0741784780032875
-0.196094697471121 0.188239296417065 0.0217253027548375 0.0506602174575372
-0.274117246241794 0.0608981106874583 0.0457157494600854 0.00305427283031956
-0.323673775895338 -0.0191138160343571 0.142185696410398 0.0245399663489731
-0.215859301023726 -0.012301771732485 0.2389830464433 0.175283220405753
-0.207855137468264 0.0289326227022493 0.193363669314565 0.052959885433522
-0.180378968920381 0.10765910150924 0.0551887639420774 -0.0181906504665633
-0.116162977965159 0.157378306729841 -0.0141528771516893 0.0257788254643579
-0.055797581119047 0.176248476611144 -0.0319511887602501 0.129591115342627
0.0139160762186272 0.175950309834439 0.0342109189291484 0.18647045797484
0.0758190407531902 0.15051654586581 0.107340638421572 0.193834740796719
0.0787662632523529 0.131951783950362 0.141658306528504 0.18317259011265
0.0794079926122914 0.132341486209534 0.127472023379216 0.16843812917999
0.0358635324968672 0.163228646121928 0.100393662847778 0.139020463290749
-0.0280812534740065 0.15688940591866 0.0608064112426169 0.109117036415173
-0.0865689182692672 0.132812667931699 0.042321816169011 0.0785549303074882
-0.122096833739271 0.101412178352121 0.0378434799540299 0.0375112939577116
-0.171229668109074 0.0427773702594973 0.0967316614399659 -0.0133391461872562
-0.224125981437562 0.00648198586853486 0.228063588880176 0.0401617316622217
-0.0922355142665114 0.0346405144472704 0.29632019041962 0.198095450284509
-0.0610386517870599 0.0500737650659751 0.243644555732511 0.0556582002438827
-0.0373578258703125 0.0514495873742088 0.0925944065848555 -0.00621899026375715
-0.0250506040316002 0.0380458721459669 0.00182178318041431 0.0325824266715669
-0.0294147487023563 0.0506591723999259 -0.0212678366325325 0.149437805593285
-0.00570411832544649 0.0653977860204676 0.0540926573778587 0.218466729142248
0.0200629980773867 0.0628351722141919 0.127784025632147 0.23213874135089
0.0217127035022329 0.0625656266586075 0.156950960188974 0.224477632751306
0.0196156571274729 0.06610191122027 0.132528656091751 0.213529436356495
-0.00328441398136966 0.074254644854445 0.0818081269220266 0.183475093850817
-0.0346741511901918 0.0587365751781398 0.0227632773041419 0.137453472727088
-0.0430084503848329 0.0235851952825469 0.0126986019900321 0.0712175195726094
-0.0283025895862678 0.0266134399908515 0.0462113867897329 0.0239181422868776
-0.0546584469267895 0.0382902483313747 0.128966181291008 -0.0204054897419808
-0.102339110621149 0.0381129967472525 0.277831383397873 0.0479986401074648
-0.0578127975798857 -0.0703352201622716 -0.303169630882275 -0.0450361568641788
-0.0783740202593817 -0.0533070650149141 -0.18954464554463 0.0309891237524242
-0.0844174509938877 0.024786923854402 -0.0578095401025923 -0.00642655305087767
-0.0316130427422731 0.0721844207111321 0.00785979811121951 -0.036061442860366
0.0153028160036136 0.0539178954402767 0.0261909303435625 -0.144672148188481
0.0302209193278955 0.0360705958190367 -0.0526694729702659 -0.213835424360671
0.0412806702715367 0.0236527875946009 -0.120809387709818 -0.236910898686508
0.0415998398506782 0.0186540754420782 -0.156100687258191 -0.244109834710483
0.0465649907346487 0.0268607797094898 -0.140450180498179 -0.244190911904328
0.0332057521261237 0.0519789307821502 -0.0815333875383551 -0.223154621760051
0.0166163142742475 0.0653724095723922 -0.0101566627174315 -0.162834354564821
-0.0354871634796841 0.0879078371861696 -0.0156553053587277 -0.0453239219973735
-0.0913952242044511 0.0343636520131111 -0.122352129922179 -0.000948892632632897
-0.0683420143673535 -0.0538809497066699 -0.24304667487041 -0.0382063875347903
-0.0359613100979209 -0.0711840340569654 -0.320834529764018 -0.199171134325286
-0.174709734585882 -0.0994568332000555 -0.266778319563952 -0.052537446069889
-0.192116405406738 -0.0731360500151465 -0.179367709446028 0.00708436309426173
-0.195249521842002 0.057325020021941 -0.0714667780338935 -0.0198276005942635
-0.117895490631156 0.154971302212541 0.00737904157952028 -0.0302796151518842
-0.0234271746429981 0.162893554371195 0.033453321313519 -0.130357334747352
0.0414191858921984 0.14304520440805 -0.0357556692214541 -0.196641992852783
0.0926546697956561 0.117075259594036 -0.0931472346552242 -0.216816884678914
0.0982334971871376 0.100036315904483 -0.124564935936076 -0.214691925766908
0.109571993667453 0.107638606844027 -0.116355170678308 -0.208463730495621
0.0725408709510596 0.158534115190219 -0.0653216294245426 -0.193994673592401
0.0176041315669926 0.176124938491531 0.00188165784811888 -0.139416718589861
-0.0819655479640504 0.204904923789872 -0.00506732597811067 -0.011960572063013
-0.190946736227821 0.12699570004945 -0.123159668542889 0.0328245200086853
-0.212686298490682 -0.029483909561034 -0.237916690161666 0.000341807220516887
-0.191310550803758 -0.0944379468951688 -0.293457214429006 -0.143928511521945
-0.271415817101196 -0.12126912886033 -0.193831904543219 -0.0314564880475623
-0.2940550082436 -0.0881400395934111 -0.139822296813188 -0.00720485485937397
-0.29698999045055 0.0833067027920359 -0.0752560886232517 -0.0389215314055868
-0.201592088867143 0.226064674468612 -0.00357806777974828 -0.0294762412188004
-0.0670765548518699 0.260695309437472 0.0230913445907436 -0.0984542563261949
0.042224797963921 0.239548568897921 -0.0238997051089282 -0.146905946944399
0.129136713697104 0.197541685121609 -0.0551534767000717 -0.159827357793681
0.141225965983884 0.165497831326766 -0.0735786738399471 -0.151437423351381
0.160121439068444 0.167123288424067 -0.0709268892548604 -0.143296145753476
0.111592174521874 0.235918903341891 -0.0322353960743825 -0.139155758557722
0.0315014971630883 0.262311683090704 0.0219096290892772 -0.10066810067893
-0.099327499583576 0.3037952614079 0.0179647260058927 0.018421924136664
-0.251552259803155 0.218352688814975 -0.0964330532094016 0.0600598139832619
-0.319125735617496 0.0166801047806193 -0.191742529601067 0.0302383796479352
-0.317245138397461 -0.0909745757786389 -0.215198919837414 -0.0839905846717345
-0.335321610554398 -0.12481092709325 -0.0905627273652092 0.0151783004529304
-0.367923998733318 -0.0835589186748735 -0.0677681811494368 -0.00409884980126831
-0.368800025057257 0.113781759762097 -0.0598524924194747 -0.0550385228109484
-0.25777706603989 0.282099779841459 -0.0178302299824108 -0.0273468879845997
-0.0963351016168109 0.33012643878389 -0.000104110297625705 -0.0472662226589809
0.0398102739001829 0.305095283550145 -0.0148854112938965 -0.0675538721415471
0.148262036057506 0.249244049554349 -0.0115148772985605 -0.074042994752401
0.163312249237817 0.204744017770889 -0.0107950977561844 -0.0662730051769939
0.184782836056553 0.199229286139402 -0.00995188207947667 -0.062142959621111
0.133541685478682 0.275177967113299 0.0153523391046096 -0.0695020983623377
0.0417706534845893 0.306927172281221 0.0503164136872712 -0.0488129818167954
-0.101112330080113 0.354450947575822 0.0459566425069737 0.0436484677963358
-0.270235103959523 0.273111507750211 -0.0526140004909334 0.0702968092098116
-0.370457579644425 0.0591625642485692 -0.11394965490589 0.0381870097940657
-0.390092175946154 -0.0694463065167361 -0.0992303238400361 -0.0348952075823562
-0.354624514261701 -0.10437378201298 0.0312290979076479 0.0767569264270611
-0.388727601871621 -0.0541061402831422 0.0270024176647864 0.0133819546155755
-0.380750215878065 0.139718783469421 -0.0285778931909426 -0.0570608911529089
-0.262430182091766 0.301128464584611 -0.0284697819199592 -0.015812557039428
-0.102608739793308 0.346037034010912 -0.0234102423795425 0.0195528444000442
0.0355391712059824 0.319760015988621 -0.00276816928120482 0.0306108836334029
0.146331884393449 0.259632869053286 0.0345155198636071 0.0271925623619822
0.160078805196164 0.212513599110169 0.0546387280453397 0.0274384668403486
0.177660438342494 0.204352726608461 0.0536644410115363 0.0247249455262075
0.124989319942135 0.275405678635071 0.0654981885963415 0.00616383946467614
0.0319988858220874 0.302111082585723 0.0755678521150075 0.00844069667541837
-0.102296808407415 0.336644322446154 0.0665506734575391 0.0630782119566585
-0.250293515439684 0.265834794763848 -0.00810557986372197 0.0654276409389022
-0.355518954656655 0.0763521604012042 -0.0278504450568798 0.0257476049344666
-0.395148151678756 -0.0415094613501987 0.0305967093810772 0.000407705390182226
-0.31775353992855 -0.0637907270553278 0.151808904175628 0.138124952731889
-0.336586804705301 -0.00964813166442287 0.122567939769334 0.0371210807694026
-0.31394456523448 0.144528599484314 0.0120200271655982 -0.0420902204195066
-0.208979548500686 0.261502670353201 -0.0284914105682689 0.00633313221497946
-0.0849814238390108 0.294091149422919 -0.0355409412910258 0.0868331328168823
0.03028909866175 0.276804250519091 0.0144123545638809 0.126186630437849
0.123428971100093 0.226426751293005 0.0786045709684634 0.124999110887858
0.132309662614952 0.189331130073828 0.112138347790244 0.116880140877395
0.140573099881057 0.184013312835108 0.107270122949165 0.106636708427684
0.0885186235556016 0.238864581056743 0.0994893494529127 0.0799200080543378
0.00222147425217797 0.250572931290193 0.0832566046452011 0.0653834809525956
-0.104951784362028 0.255796919443289 0.0675177285079503 0.0772582945792206
-0.202208455199141 0.199036059365273 0.0237933112369134 0.0530744603688707
-0.284901494505731 0.0652954738755525 0.0471318758076668 0.00412639335542248
-0.336971360792122 -0.0178084790887772 0.14992554711251 0.024526801850928
-0.227681282194138 -0.0111956735633699 0.25181454642253 0.185007680339585
-0.218618301998047 0.0323086912797182 0.201994011396108 0.0549522463623892
-0.185968331595306 0.115778899424548 0.0548550327396715 -0.0206955972495663
-0.118581279258846 0.166024330574974 -0.0161719460151559 0.0263570265042673
-0.0555449312268267 0.186414586396817 -0.0330157676069458 0.136740095377146
0.0172403592954484 0.185731079708902 0.0365242801332931 0.197562340819524
0.0797733866760508 0.157099829592675 0.115088404057954 0.201079855730904
0.0842929616333492 0.137584381055999 0.152422367119192 0.1897479057267
0.0839109889316485 0.138043159403664 0.137566215281573 0.17586744969738
0.0397942115576604 0.17045241127581 0.106185228336878 0.144188008288072
-0.0270270739073791 0.164885984534368 0.063451015353582 0.113089410086367
-0.0896272551816996 0.140011040812007 0.0465050670090401 0.0820576604746243
-0.125229807645312 0.106977396756675 0.040415823606626 0.0388398482227833
-0.177111556680305 0.0458763756856956 0.099745431888612 -0.0139061010147423
-0.233160192407361 0.0083438040261994 0.240672913027678 0.0405947704930175
-0.0980996228247045 0.0374935524940223 0.313210979161039 0.208634840759103
-0.0633472313132771 0.05339792296016 0.254753855261483 0.0579552140309852
-0.0373707801108629 0.0550544771364981 0.0945866854267343 -0.00851985730166362
-0.0246643821529425 0.0397185031571794 0.000807374660648104 0.033471081651624
-0.0297335459823126 0.0535126238273706 -0.0218977648480677 0.158307478379208
-0.00478416890879114 0.0690638374309143 0.057456697464154 0.23098264899295
0.0208465987116044 0.06590260641804 0.135987953932728 0.242676697519422
0.0236429580332342 0.0653255602285854 0.169263599908307 0.233385866576103
0.0210143311807861 0.0686044401268434 0.142678922648717 0.223394299050383
-0.00254518742922464 0.0777520078195522 0.0877661848594227 0.192053451426833
-0.0358018485863547 0.0618912395774676 0.0245779657472493 0.143179255683595
-0.0446001901255442 0.0249331852561899 0.014563023030483 0.0735968100566196
-0.0281193049288777 0.0273670455952599 0.0487546167959733 0.0239789031272305
-0.055405696412247 0.041559492007885 0.134002308666461 -0.0220029294435318
-0.105785520003582 0.0413660669852751 0.29322458255678 0.0488574732426966
-0.0490390014907698 -0.0775387386070207 -0.300677141796037 -0.104611262116859
-0.0705520382993768 -0.0659710337986198 -0.199927803214799 -0.0039125757900887
-0.0904139928841462 0.00958304235619862 -0.0641470716496912 -0.0129699215122925
-0.0447088769256804 0.0670827100049605 0.0100563469016457 -0.030412615223236
0.00302104229304988 0.0565032934734975 0.0505232021205539 -0.142103734051761
0.0220188711832146 0.0406556263958986 -0.0187923484724326 -0.228187941892835
0.0372011279508825 0.0300904313920938 -0.0859550322072353 -0.265247928244508
0.0365388845872666 0.0266756130268287 -0.121189271488832 -0.280259092501873
0.0421803222395987 0.0362706683831209 -0.107355005110735 -0.276995963291108
0.0239255848521244 0.0594467930592038 -0.0485698941538727 -0.246697398446134
0.00276656594388716 0.0698968799274293 0.0176462371534019 -0.171660857051017
-0.0535663813056351 0.0840497400291175 -0.0059487950325042 -0.0538705048590793
-0.103809592393571 0.0151330118202149 -0.121522366255469 -0.0201784954347133
-0.0637724660362078 -0.0740256332696592 -0.236065780038099 -0.0765979785222065
-0.0274193044462004 -0.0855600704679571 -0.291669502935769 -0.262840897580853
-0.160494545715813 -0.13046877379586 -0.267107804617484 -0.107850577100919
-0.181438284703431 -0.106355438030381 -0.189184257081696 -0.0273345699708079
-0.207452820442579 0.0221470628635469 -0.0837454316419797 -0.027259748599345
-0.143970644372381 0.134942647384901 0.000905605031605007 -0.0213140709222107
-0.0551988210612821 0.159777043394691 0.0554234102606642 -0.120181470306772
0.0140684810196799 0.152523847564514 -0.00412255290343938 -0.204779995699775
0.0730922915554406 0.133971760417075 -0.06136649682119 -0.236871951845996
0.0782226828722142 0.122159443733217 -0.0936592988989646 -0.244260369601723
0.0908457573733838 0.131731958119799 -0.0897282820514081 -0.238001025519001
0.0444316633032839 0.176267179699577 -0.0392519058477786 -0.21544920402746
-0.0196702729909036 0.185316769789902 0.0255326487475883 -0.15031086912447
-0.123061363265526 0.196866015182025 -0.00013110346905871 -0.0252441884765906
-0.226465121889086 0.0900949727601408 -0.125298244903518 0.0127839600102424
-0.217356239471047 -0.077188487680977 -0.231427794870292 -0.0371421051526006
-0.185690343316751 -0.141821221058769 -0.266863260606507 -0.195509088248676
-0.252793528884652 -0.171889458788725 -0.201513693530023 -0.0745825170487022
-0.280240138227777 -0.139846751647865 -0.149694267657572 -0.0355196714680363
-0.31371234980858 0.0288151230797804 -0.0908788385430967 -0.0465228820759843
-0.239729877827806 0.191581013881707 -0.017329959800419 -0.0206154923611575
-0.11532695547974 0.250726950214704 0.0380674867858366 -0.0835428517065478
-0.00215348240090735 0.252034017812702 -0.000806710272119851 -0.148419673157413
0.0951843935168871 0.222369653944242 -0.0324371255936002 -0.169555984175285
0.109245241342608 0.198279137515137 -0.05173033190974 -0.169916721804784
0.130863897355096 0.201604596614881 -0.0537327277421946 -0.162571750636117
0.0703026071766386 0.263641035923228 -0.016303037449568 -0.153984013572913
-0.0225160863506431 0.277703218690916 0.0393288778584231 -0.111020922875544
-0.15912342662422 0.296985190966819 0.0177146913653562 0.00355978962518235
-0.306534216912541 0.171066156172785 -0.100305820883305 0.0429380843271722
-0.336275777866393 -0.0500656805494377 -0.185192129207135 -0.000247009508553244
-0.31795183663225 -0.163644908370832 -0.191215275399433 -0.116694185115635
-0.314897722027943 -0.188558922283537 -0.107463806379873 -0.00894478729139145
-0.354781324300361 -0.149206872134966 -0.0796123215459056 -0.0205849031122749
-0.390742134372896 0.045923828083724 -0.0772578275684265 -0.0590643536715819
-0.303948224266393 0.23791852339826 -0.0373816251455337 -0.0195574926343049
-0.156888835575474 0.315258866165829 0.00453138697130914 -0.0304460203937251
-0.0157885411160234 0.318464518967537 -0.00486034159050091 -0.0628992614331397
0.105411472701916 0.279100746619462 -0.00200432464356174 -0.0712309409448148
0.123649742213004 0.243250951333536 -4.71708921652343E-05 -0.0713029391382667
0.149736743306933 0.239498251266538 -0.00438277609642294 -0.0680099358943788
0.0858368177419765 0.308637921361613 0.0203973446106989 -0.0748406407816142
-0.0218942574373579 0.326920179227408 0.0584464932045832 -0.055557118133487
-0.170864408523324 0.348775917495062 0.0422971231444195 0.0309961937244185
-0.337503550485683 0.224918694656521 -0.0562529548214193 0.0582426833422871
-0.395394443478324 -0.0144355805480593 -0.105600802160444 0.0196430669236081
-0.397131847858288 -0.156216867833815 -0.0769804573756506 -0.0422735882820721
-0.334778953873097 -0.173215238440757 0.00370179857870585 0.0768356165254345
-0.379965046678675 -0.125507773031419 0.0126459390913618 0.0150441009282842
-0.405827122867457 0.0694114359943088 -0.0459641011741284 -0.0555969584631664
-0.312866130532956 0.256640369732023 -0.0515853427128404 -0.00883218892383926
-0.164420078230207 0.331490325947622 -0.0306191371228236 0.0354303696709319
-0.0223752519910342 0.335051838676568 -0.00921692818089749 0.0407590411296569
0.102237130396927 0.288993391458397 0.0285744594655186 0.0422662342529269
0.119624818699291 0.251191495973476 0.0514982448805339 0.0376040621516152
0.141991324651607 0.243950118435705 0.0483114075968812 0.0322187013045029
0.0766931989151718 0.307872432362384 0.0600211246925467 0.0116855374199549
-0.0308215477097015 0.320816487088338 0.0754480910177035 0.00793706665939167
-0.168407138927601 0.33063325821879 0.0601760281040909 0.0553405387934969
-0.315536765440782 0.219875558134629 -0.00962180158894338 0.0612668029841308
-0.382140869453107 0.00642739651350066 -0.017041012791085 0.0216772356305579
-0.405832508032073 -0.128419698209657 0.0504144689660842 0.0177623995418505
-0.303597251377675 -0.125647303983779 0.11750484583676 0.162787619060516
-0.334784293186179 -0.0721803847029582 0.107978643212826 0.0576292957105055
-0.3404607307693 0.0855678802203483 -0.00324385251566537 -0.0334664436659454
-0.251870189949868 0.226439485184187 -0.0516805251760415 0.0117673385291947
-0.136908389930591 0.282507729998831 -0.0544969788601668 0.100727868444992
-0.0183385652346283 0.290339611987719 -0.00715682341701298 0.141476769082085
0.0840647687946803 0.252988449853056 0.0585010255529545 0.150312858532902
0.096872929455056 0.22112757582914 0.0963149791942685 0.139413387588103
0.107234243012809 0.215634834150406 0.0911700832653625 0.126836275112327
0.0466053413788705 0.263568465380092 0.0840764007078952 0.0940647537233645
-0.0509399432017842 0.260472358628048 0.0742411480524818 0.0699260045530799
-0.155211804751433 0.2464155865426 0.0590286558920939 0.0744952416535797
-0.249167145956064 0.162128839724402 0.0228100044473363 0.0546609940562976
-0.304681166307186 0.00964182880902659 0.0594109002375013 0.0111356353784804
-0.348388731096937 -0.0897922507759967 0.16666376413861 0.0629922721156805
-0.222320650476152 -0.0562198050581182 0.21294458651246 0.231845510816102
-0.22313330915593 -0.00938986536867907 0.189860808799977 0.0916162120116712
-0.20679895871357 0.0816811873746817 0.0451953828416429 -0.00602996120059695
-0.144988528117694 0.146163393217225 -0.0346451556637799 0.0311053077059647
-0.0868421465090623 0.179996002337122 -0.0595168036850196 0.146388720823655
-0.013728940869272 0.194910903828165 0.00295037658052795 0.216435335486938
0.0531498491464824 0.174517151717418 0.0839055252890005 0.233664342143567
0.0596238886425755 0.158477759812287 0.126131075227139 0.222442373083587
0.0584999975722161 0.156931480489074 0.113035032841998 0.204190906570172
0.00905703729090497 0.183831883824045 0.0831122753542762 0.163102115320606
-0.062742890977775 0.165610383794329 0.0474919123965184 0.119243416367317
-0.118079532118454 0.128784746992399 0.0371520999031299 0.0820051637743984
-0.149767575858132 0.0832943882249788 0.0395838962170714 0.0437297283183856
-0.188858350446745 0.0121897162824576 0.11124799769634 0.00259680607379005
-0.243398176113834 -0.0400195817313051 0.252227657800998 0.0935143719485075
-0.0994349471025635 0.0174447328347381 0.276559841724908 0.26935289311263
-0.0706958627782172 0.0394951743612157 0.2486704921357 0.10483264545146
-0.045861601093529 0.0480220303573577 0.0934690633870318 0.00841316246112921
-0.029615991039391 0.0354460834612666 -0.00941804002532442 0.0355421337538036
-0.0365723999035254 0.0500111760654194 -0.0505153275618343 0.163171471711623
-0.0141610633401026 0.0716120799258326 0.0194421132084517 0.251606210027629
0.00978074948092473 0.0715976847029296 0.100424724263501 0.277908143683413
0.0128032484976078 0.0717929358547845 0.136328999384824 0.2702687537029
0.00771154599493288 0.0735173527780952 0.11160382876725 0.25480901060124
-0.0168928472753282 0.0801511516361088 0.0585468868470465 0.211349234120142
-0.0496085208085371 0.0575999869581588 0.00224809346869238 0.148210392046545
-0.0506643554262632 0.0177277941776633 0.00505005693068269 0.0751427866295636
-0.0329165778109213 0.022109513996431 0.0476128052745004 0.0315508711041673
-0.0620802075376299 0.0333423166558102 0.141455862676954 -0.000120820640324185
-0.11579040524073 0.0219837128542053 0.299265281728054 0.106832081938738
-0.0533741305236877 -0.0741116346325572 -0.308535307122607 -0.0857681497187827
-0.0763715929573579 -0.0617425869171256 -0.199027183230015 0.00790273939663581
-0.0902893707173234 0.0166667458925178 -0.0655456229421835 -0.00728587030636717
-0.0394241107768293 0.0706945495614532 0.00746304317155968 -0.0290762017722278
0.00759022397002695 0.0567216080499573 0.0389673783179901 -0.144672268766712
0.0257007750172601 0.0384825000611986 -0.035399345441537 -0.226350081707635
0.0394425435503925 0.026922239985376 -0.105874671621322 -0.258820863921722
0.0386772179026924 0.0241783575807827 -0.14387001846358 -0.270653761792025
0.0444975341704407 0.0339399177326826 -0.128095407016072 -0.270938321776919
0.0287937200393293 0.058420073752565 -0.0653247153209473 -0.24439904636736
0.007448314900194 0.069639769437292 0.00724560558371983 -0.174066502993231
-0.0483895177171524 0.0883765065474559 -0.00704560258715077 -0.0528337372317985
-0.10298796555993 0.0235137471003009 -0.121043491385046 -0.00930928227461231
-0.0706533470373237 -0.0712119834419401 -0.238427610162621 -0.0588251797071587
-0.0341133743278807 -0.08441254142198 -0.309930078621721 -0.243712632251586
-0.168709498350762 -0.119027127674312 -0.275948597687727 -0.0903351220728371
-0.189936643776478 -0.0942844160700419 -0.19064185376291 -0.0157453802543031
-0.205286377778175 0.0373663168945789 -0.0864077593677223 -0.0197229374807176
-0.132952977003394 0.145698437643876 -0.000882401354820041 -0.0198937943093183
-0.0416481120641655 0.164447815977632 0.0457001409623323 -0.123768455251551
0.0264491335931677 0.15097433852454 -0.0196943410648265 -0.203904533890376
0.0830218787737698 0.128297632573554 -0.0789805494787724 -0.233470800677055
0.0872588351964972 0.116352845156364 -0.113877367856469 -0.236985394752501
0.100018714930379 0.125551538329266 -0.107701648956092 -0.232110509333118
0.0579757896824375 0.173980306725716 -0.0549502661292142 -0.214254146305281
-0.00613836954874751 0.18682245660599 0.0160188248068248 -0.154222274486241
-0.109521396553359 0.207420043262727 0.00144442448331163 -0.0246616272934547
-0.219104562160676 0.107492775524321 -0.122472704866761 0.0234137581353553
-0.223998388773762 -0.063871255579901 -0.232094615174528 -0.019166122895549
-0.195370146850641 -0.129285908951369 -0.280163803618746 -0.177755700160937
-0.263645194724455 -0.154353051885247 -0.208092440156497 -0.0602855331762728
-0.290745617172616 -0.120652494386928 -0.152108801134744 -0.0267202226631776
-0.30925455942133 0.052174505194181 -0.095573737883129 -0.0381894259364368
-0.224223719309564 0.209067709993592 -0.0189751422507872 -0.0175817591023176
-0.0950844971234034 0.260437434989315 0.0311345883562491 -0.087101452649913
0.0178192894033783 0.250985549125113 -0.0115457714707431 -0.147865142055611
0.111536918323433 0.215386416071657 -0.0449533107766723 -0.168816778749811
0.124032801306327 0.190076369457384 -0.0658698638187359 -0.166617838680345
0.144846720203877 0.192362674682653 -0.0661269968152067 -0.160297483229663
0.0910571018448958 0.259612261555139 -0.0277513092436915 -0.155001366889372
-0.00266418157851419 0.279807089631719 0.0316830334533498 -0.116001971569222
-0.13900732843126 0.310047353827369 0.0227181542070593 0.00277521064145952
-0.293225403942862 0.194225156950382 -0.0952605468004354 0.0513031680234543
-0.339851108449389 -0.0281592451106549 -0.183806667256792 0.0147700922350095
-0.328089260968527 -0.140631186489178 -0.19898780436046 -0.103401489668929
-0.326746434067302 -0.166431320078514 -0.109497352509612 -0.000716455849048789
-0.365408317656776 -0.125334144318836 -0.0814405366898481 -0.0161363435762144
-0.383818123672286 0.073674245634078 -0.0841272212608705 -0.0523842231633679
-0.285144641229289 0.259706965982397 -0.0399527531804149 -0.0153019389766546
-0.131106448915045 0.327366771520537 0.00144395157157705 -0.0318163951769383
0.00899799246236088 0.319610581175279 -0.00989091756619715 -0.0616578087334776
0.125749565948805 0.271136416602513 -0.00758229415855551 -0.0734085877963498
0.142020149013007 0.233309411077822 -0.00714561755499332 -0.0718459738575312
0.166184211043264 0.228831472063777 -0.00861534295103763 -0.0691292455373548
0.109072310358659 0.303444451788682 0.0144599565862206 -0.0783447180849459
0.00229989267448882 0.328615292559196 0.0542500293244223 -0.0622951606308618
-0.146184460753527 0.361842539291363 0.0485750438112361 0.0280079929169222
-0.317817598820908 0.248119088264464 -0.0506994257718598 0.0641261113096051
-0.396809697567255 0.0119171195414146 -0.102898671195018 0.0294170087467487
-0.404592044518284 -0.127320649051584 -0.079263472842813 -0.0368697764980141
-0.346849382498556 -0.149931316690676 0.0077748932939808 0.0771831938499551
-0.389711611956165 -0.0985296101157914 0.012738393261575 0.0131157428643875
-0.398085934403209 0.0989926633094887 -0.0531205791633036 -0.0510949710909857
-0.291553063700708 0.278610791664873 -0.053487795533644 -0.00528962968137854
-0.138462488635624 0.343797553896097 -0.0294134553518759 0.0368053953885436
0.00441926509073161 0.335697026875192 -0.00660602719769104 0.0429608562159805
0.122414324917352 0.282954507491607 0.0313836939795712 0.0378687645299318
0.138490356064467 0.241449048456401 0.0537145951917091 0.0323040823508432
0.158119491842575 0.233117695219681 0.0516611774962504 0.0272190246402399
0.100005094766681 0.303154971278051 0.0599269053957355 0.00571614226923181
-0.00699746576501673 0.322317750275558 0.0746480943207605 0.000372674223547745
-0.144476609130472 0.343554187203737 0.0674311794343885 0.0506530879061905
-0.296263056365947 0.24293534434323 -0.00444242271700588 0.0623610610989875
-0.379989337520237 0.0311813615577328 -0.0154385064750661 0.0240241968469734
-0.411175355393629 -0.0985859363003734 0.0530642083301829 0.014238548844327
-0.312134395096852 -0.103833506675499 0.127856002121729 0.156274290748709
-0.340171073035315 -0.0487145844806279 0.110574381256106 0.0496873682158797
-0.331694032078834 0.111412735743349 -0.00872816889596813 -0.0328968386370464
-0.233260527764821 0.244271029022311 -0.0523642849559467 0.015008371469513
-0.114107468844393 0.293264755696921 -0.0482004251151754 0.103483732702331
0.00494864539138204 0.292005587473818 0.00232638544150238 0.143346260007773
0.102161926155611 0.246985433695329 0.0688160623993324 0.144392965115548
0.113598794624546 0.213169642657642 0.106422299533785 0.131448542410887
0.122567697214193 0.207529129238909 0.101205332704461 0.118646063979906
0.06552978351359 0.259791555713823 0.0900745490471247 0.0871711261482191
-0.030755302337728 0.264090129978989 0.0775815734686784 0.0624535224731814
-0.137339809406191 0.258128575942208 0.0672625907093199 0.0696542142635321
-0.234421541866412 0.178966902711689 0.0276515695474941 0.0532428658187416
-0.302335817659431 0.0295983295302816 0.0592320599292439 0.0093581962402731
-0.350820285174904 -0.0646753619317567 0.171355055415572 0.0514315503422454
-0.226438595144176 -0.0398377109195035 0.229147217384261 0.21841158645028
-0.223622556059871 0.00679492990185771 0.194540192172867 0.0785013765215829
-0.198533680512837 0.0975718928595079 0.0414006731074176 -0.00938407988953558
-0.132630565652574 0.15590577927393 -0.034632217451118 0.0323287405735944
-0.0722826822842717 0.186071542223288 -0.049941628894971 0.150242665464508
0.00197199297349279 0.196182130345484 0.0188125253250077 0.217740510704314
0.0652821574871517 0.171436126852132 0.100480269388948 0.226570896063738
0.0708891469131673 0.153664472608772 0.14253895680215 0.211221909632428
0.0692900159233311 0.152378540717351 0.12915161739921 0.194785569963797
0.0229016636152667 0.182773110686747 0.094347066755712 0.156363503340963
-0.0494676008753904 0.170131601422653 0.0545234968717059 0.11472287126783
-0.109081999983303 0.137249986360365 0.0449472324075767 0.0787301569593015
-0.141820412874767 0.0930708683106557 0.0434609457458639 0.0407261773158778
-0.185474189527898 0.0252599440967413 0.109587896165768 -0.00404578029751079
-0.243447779614149 -0.022493503010602 0.259000824962442 0.0755009308755591
-0.0991147904018695 0.0256362203813346 0.296423275582482 0.251449703359028
-0.0673460723148824 0.0454561922558809 0.254274448647593 0.0878689139686178
-0.0405038601622419 0.0524564946220671 0.0909533888310267 0.00171477843207095
-0.0262735721905518 0.0367809058073435 -0.00895819537764172 0.0356233837118882
-0.032645132704274 0.0526006827699472 -0.0398358491678066 0.16724311496175
-0.00859794828797518 0.0730671624421724 0.0374216961902759 0.252049084746548
0.0148545343018408 0.0714866063662605 0.120271643282772 0.270737820140626
0.0180788697102651 0.0703675325321348 0.157558182220827 0.259633835533744
0.0126197663364871 0.0729073746569125 0.132700814480196 0.245925524782732
-0.0106553802505469 0.0807845326877137 0.0742489337804662 0.206668765871927
-0.0447111404748161 0.0609144994083406 0.0120931548824494 0.147773932395173
-0.0491650494459673 0.0200591356934604 0.0116505277244004 0.0740804237866404
-0.0298521862994199 0.0234081619793996 0.0509452129282054 0.0267029421116377
-0.0573998821574931 0.0377770025853374 0.139078421646765 -0.00950141025451081
-0.112521685003482 0.0303892837838946 0.307277957299353 0.0857213049872183
-0.055002138268222 -0.0693079017858259 -0.30310164653046 -0.0681385383594764
-0.0781529333684714 -0.0562274513239349 -0.190979166414836 0.0157769723692218
-0.086375964239735 0.020978883568686 -0.0637791518613428 -0.00240342040558856
-0.0340242457839622 0.0708153475669234 0.00576899147048662 -0.0265574808110237
0.0108751800982171 0.0543684568286778 0.0285915214446013 -0.141014957777504
0.0266200751147508 0.034623416479084 -0.0470052963521584 -0.21606725148449
0.0398639170116688 0.0233188488162833 -0.115724449091857 -0.244512289835841
0.0388570435614128 0.0214020605767132 -0.155032896474074 -0.253281144312641
0.0450036930572979 0.030746705552248 -0.139312380133944 -0.255085249243151
0.0311105716705235 0.055767144209062 -0.0754603529726827 -0.234396334847125
0.010269197731056 0.0671646564689125 -0.000643864995826576 -0.169850636884091
-0.0420411479763741 0.0885875304820862 -0.00760283070744777 -0.0513151742520268
-0.0988598910253138 0.0285479384476431 -0.115591553580706 -0.00131822214765144
-0.0735573518747216 -0.0665816949405721 -0.230803852331156 -0.0444131761360332
-0.0377260203451379 -0.0803127826219476 -0.311074237252121 -0.220496406965061
-0.167261112744765 -0.106964162318902 -0.272249507405324 -0.0744885276986533
-0.18892786230126 -0.081699415733155 -0.1843750550299 -0.00789915946991232
-0.195105360955904 0.0472003163983638 -0.0854000819427175 -0.0130679396745014
-0.119420508212015 0.147631286902349 -0.00197471160054536 -0.0176438059916813
-0.0297134564145727 0.161355464843414 0.0365401675077232 -0.121509741678471
0.0337455717055889 0.143008686772484 -0.0301354664931391 -0.194845103144238
0.0869626041922342 0.118744522570671 -0.0896462008770766 -0.222167879582226
0.090834150725343 0.10773364835698 -0.124395805091855 -0.222007129707777
0.103076383969945 0.116247868476226 -0.116749256799576 -0.219126211798822
0.0660190390049943 0.165817623056894 -0.0644310197461333 -0.206282164271927
0.00354997458805127 0.180849780911606 0.0083699804563092 -0.151377456540145
-0.0951326118503479 0.206809475996992 0.00350475506262466 -0.0240114260011003
-0.205194370899033 0.115503730043295 -0.115833600489225 0.0306663825101954
-0.220959075073112 -0.0519573499593645 -0.222184774894509 -0.00519065792351897
-0.194875151533041 -0.114968517246802 -0.27837026441305 -0.15747834717551
-0.260914780825911 -0.136134334445179 -0.205805115519889 -0.0486858373269775
-0.287136985021403 -0.102077071889459 -0.14830937644078 -0.0202270404279885
-0.293713842445534 0.0665140873735169 -0.0955532547957944 -0.0302536660667944
-0.203216046220113 0.212857275042312 -0.0199479194696445 -0.014398371528152
-0.074993371150682 0.255519372532191 0.0242054751873413 -0.0857123086982524
0.0312573228722029 0.240726216350798 -0.0194109043611032 -0.141207962162378
0.119670812861659 0.201787605524254 -0.0536946792044469 -0.163015740268862
0.130437657283384 0.17675045122561 -0.0734699057853496 -0.15740628083621
0.149702898662141 0.178345003097759 -0.0725397833254891 -0.152565078137559
0.102026999580385 0.245992383063129 -0.0361133077960437 -0.15011948323679
0.0123011820771239 0.270572658545515 0.023790798277301 -0.1159871753404
-0.117816017267028 0.30734453307141 0.0254666058046327 0.00155763189762973
-0.270899999525436 0.204011209457418 -0.0872486344163771 0.0554127832991726
-0.330550276486586 -0.0122543269509527 -0.174874251239906 0.0261549700851774
-0.322742886700651 -0.119576003846138 -0.196201010682567 -0.090540838048265
-0.322393445272595 -0.144239033523987 -0.107194507781854 0.00500924958989527
-0.359392423369384 -0.102493768564176 -0.0799976566650562 -0.012661750077329
-0.363532544029 0.0929736694650965 -0.0863601407993629 -0.0443569871399894
-0.259198592021976 0.265433100450068 -0.040102759391751 -0.0123148965052188
-0.106402045226087 0.323201132984804 -0.00133605559185586 -0.0311538762853414
0.0271284434083092 0.307161215932669 -0.0126881592971472 -0.0580152481956267
0.1350645119561 0.254189924459822 -0.0122790716949413 -0.0726176804180461
0.149702750821859 0.217668832628571 -0.0116748212872343 -0.0697659711246747
0.172284969732306 0.211547226084226 -0.01240761170789 -0.0675815114681656
0.122509515638852 0.287417844034554 0.00898248543999173 -0.0779862596678396
0.0199360581325439 0.317388932537371 0.0475654426258463 -0.0650661640444039
-0.122263395515094 0.35900089413957 0.0519193975236401 0.0239175215830644
-0.290975173639828 0.256004463086751 -0.0440419519428316 0.0649914727386624
-0.381900994818815 0.0284262332479012 -0.0970045335485273 0.0360947184111817
-0.393950156724194 -0.101695811359427 -0.0769809206953623 -0.0324907682473292
-0.341301751786455 -0.127211581074124 0.0105033806461571 0.0750153336036781
-0.38094227066695 -0.075425142103863 0.0117333324283907 0.0113357287253783
-0.376503315888634 0.116333461628243 -0.0567948227562841 -0.044839232874157
-0.264729065776838 0.2842233320853 -0.0533321652007802 -0.00175138395803979
-0.112597046364175 0.339774411338856 -0.0277801337983094 0.0361274800401224
0.0228082605814987 0.32416105476678 -0.00423968945953723 0.0425136289214749
0.132557674991443 0.266375877086456 0.0312232994815737 0.0326224831003572
0.146549104063877 0.225049861470368 0.0526323632502408 0.0277520371519436
0.164117958042915 0.217258177421163 0.0518278371181187 0.0221132088789346
0.113082800465874 0.287172288306682 0.0569593031754347 0.00110567241666837
0.0107490710897985 0.312320135619392 0.0703469221586115 -0.00530550215041008
-0.121050185512779 0.340067895165645 0.0709454713423497 0.0446416763679644
-0.271243739149006 0.249272626293174 0.000320372422358596 0.0606881705290002
-0.363974307926414 0.0477442171354139 -0.0130508999266134 0.0259257348818532
-0.399157951815253 -0.0745908536528504 0.052832897006406 0.0110494117122472
-0.30654334358143 -0.0840051395283486 0.131104812106194 0.145374715638661
-0.330659914145177 -0.0292178885638596 0.108424505887867 0.0424032200558129
-0.311502029215049 0.124879870715313 -0.0128569395421523 -0.0300674185147472
-0.210544058733173 0.246940249120209 -0.0515730227486379 0.0171303809089751
-0.0924962068200928 0.289027826491044 -0.0422665080514415 0.10224280292629
0.0214150629782814 0.281563839791628 0.00972136122895377 0.139374984282015
0.111631319466442 0.233406083122211 0.0731713169645336 0.13376285705984
0.121162506087754 0.199668285249816 0.109732900538746 0.11973115099082
0.128274399185442 0.19407206748264 0.104958691153254 0.107424998159226
0.0777334461921978 0.247497358849268 0.0910305020778744 0.078226341890474
-0.0155012978732095 0.256885558500668 0.0767518770321061 0.055495395541445
-0.119104568759103 0.256549793956157 0.0713518893030871 0.0626966095842827
-0.21471362619568 0.184199836563693 0.0302021482692941 0.049490205212235
-0.288430355968527 0.0427274946925167 0.056962558575372 0.00748629355862119
-0.3387404105471 -0.0446950634849824 0.168807764382988 0.0410490497114364
-0.220899252713023 -0.0266905386697476 0.233377051848089 0.200315893224509
-0.215174235993992 0.0178713692737467 0.19113380799478 0.0666736135215687
-0.184331889243107 0.104535156022457 0.0366914452771814 -0.0103268198350316
-0.117799197902586 0.156980279893075 -0.033447135910077 0.0327353921020203
-0.0587366934502435 0.183979469045095 -0.0415477869574548 0.147837439292957
0.0136787933459109 0.189503738756795 0.0289024322929822 0.211163779034681
0.0724319929124127 0.162549407846441 0.108570291919703 0.212859269548749
0.0762378581378177 0.143847325378316 0.149337683291103 0.195752292080865
0.0748377781960156 0.143846549855389 0.136262848106379 0.179315222237122
0.03184892535466 0.175153036269011 0.099481229706014 0.145439455836706
-0.0385431908672425 0.167211570894853 0.0575773310454016 0.106953601746911
-0.0975819798751289 0.137672733835397 0.0488330319924644 0.072981573643344
-0.13014712604341 0.0958764333455879 0.0444821843421314 0.0363248947537279
-0.175982746281739 0.0332636595263081 0.104469290970175 -0.0082211192894125
-0.233661146470408 -0.00940878936852172 0.255143856351974 0.060262705715961
-0.0950083779794349 0.0307522037840346 0.299454043827673 0.229673079761272
-0.0620008527202986 0.0478637741267229 0.249604376966676 0.0731125822808272
-0.0344125814774099 0.0528875009119711 0.0851980450523715 -0.00279208132896368
-0.0226451702156457 0.03580147378708 -0.00898023590030373 0.0340128118881297
-0.0283840442276146 0.0523087606335926 -0.0307843022851634 0.164274923597264
-0.0031805031399877 0.0712599581208878 0.0489272222476572 0.242750330432752
0.0178965366855572 0.0682983306715502 0.13070370334667 0.255018585191268
0.0210605581114682 0.0665383786944885 0.166881150935842 0.241294228656327
0.0159334597706877 0.0694237620724067 0.142253215294113 0.229988193386397
-0.00583962925014282 0.0782200402048637 0.0827432202791445 0.195347805811939
-0.0397281613465616 0.0609271807776819 0.0187275576695378 0.142063679876091
-0.0463084260574879 0.021069714770708 0.0157431770970036 0.0701297047453892
-0.0263404570408598 0.0232007809093581 0.050681769594461 0.0216863359296942
-0.0511467877911435 0.0392829983762594 0.132633672938616 -0.0154514074783512
-0.105327371859025 0.0350056713790133 0.301774430073786 0.0674701860221849
-0.0529367058402402 -0.0665683876659824 -0.294463603230741 -0.0625928488739454
-0.0771642342554653 -0.0534576608198109 -0.183753975646306 0.0161086684146809
-0.0827821910403439 0.0219869142743676 -0.0613418992297058 -1.17061975083592E-05
-0.0305267662879748 0.0690489596827037 0.0050415137990145 -0.0235091023998273
0.0123655835454325 0.0521773747332202 0.0239031519951456 -0.134774694749557
0.0259346664480357 0.0320152959428839 -0.0491637041488511 -0.206412928369883
0.0388062797344809 0.0210109716672506 -0.116901649409091 -0.233143548876355
0.0376692969819458 0.0197007928751781 -0.154586421628865 -0.239703700035774
0.0439447460507548 0.0288859240343497 -0.139008425764475 -0.243383123009339
0.031465663546312 0.0534393648607081 -0.0769588380818107 -0.225289478717248
0.0106985095179353 0.0643607947252703 -0.0017111999978632 -0.164605448858675
-0.0392301522490174 0.0865129051903452 -0.00587342709991109 -0.0490772605338927
-0.0944897239572956 0.0299020204305307 -0.109324025191514 0.00129572012445578
-0.0738460754127575 -0.0631377082274216 -0.219044430084654 -0.039114293615117
-0.0380882649924114 -0.0763830471957518 -0.303146319613693 -0.207393551348099
-0.16195116939536 -0.10105524732775 -0.26421044511057 -0.0679691809084202
-0.183928974806407 -0.0752603448196547 -0.17759966965437 -0.00642230319365339
-0.185227563866436 0.0487856232993555 -0.0821927238173809 -0.0093772593793243
-0.110742630342859 0.144367866024999 -0.00219347892914942 -0.0152303890955437
-0.0243290848734956 0.155141970272691 0.0318888907669048 -0.117258912019273
0.0352730630945926 0.136402018390487 -0.0323698453912109 -0.186209868287409
0.0855063936992187 0.112039342649239 -0.0913895172043565 -0.212590856978364
0.089444023273508 0.10163686516868 -0.124633861850862 -0.210998509142094
0.101173488450726 0.110161275971338 -0.117304524080632 -0.20979808472905
0.0673258912940259 0.158641335103706 -0.0655776721706168 -0.198464302492402
0.00640171446773677 0.174214810261757 0.00546626979704778 -0.147553234539311
-0.0881653542647687 0.200931222620146 0.00576365628259171 -0.0232473795011748
-0.194799021455681 0.115082672123052 -0.108458065454371 0.0327124978932076
-0.214678030117014 -0.0477443284315735 -0.211279464303356 -0.000525884877315033
-0.188044358743127 -0.107813412612726 -0.270289114619069 -0.148504002083403
-0.251608856001204 -0.127509955856101 -0.199113283678235 -0.0436969218704764
-0.277482031712784 -0.094115831659824 -0.144001775409151 -0.0187061268994751
-0.278691843862792 0.0689968256961838 -0.0937232928006048 -0.0258393916018146
-0.189818887267094 0.207810153297823 -0.0195868375651772 -0.0120896720193741
-0.0656688792288293 0.247623939089359 0.0205373230063788 -0.0827466355255111
0.0343569090352694 0.230242858567882 -0.0214054001665242 -0.134608214806952
0.118337621196579 0.191354207335376 -0.0562055507756365 -0.156468939506405
0.128744754322409 0.167361923930013 -0.0749807076612132 -0.15009446932198
0.146892314959524 0.169676261076348 -0.0732198111282118 -0.146440490679842
0.103416650015533 0.235242803452125 -0.0378024985736807 -0.144885046167234
0.0168380022493902 0.260370155438893 0.0198039228887053 -0.113843032545863
-0.107725075799575 0.298151716001572 0.027981888085818 -0.000206776944354089
-0.255785053292914 0.20007602344665 -0.0816296076697121 0.0560975223780021
-0.318449424560321 -0.00819912949905496 -0.165552212045925 0.0286491437514577
-0.309585842229033 -0.109870048573044 -0.189554260934857 -0.0846693114264798
-0.311169385290721 -0.135153789625712 -0.103657770975358 0.00682115738737965
-0.346605207094109 -0.09333120612947 -0.0783885971861916 -0.0122096079968291
-0.34644631040238 0.0937075227276827 -0.0853598555342441 -0.0390523176053012
-0.242775747647521 0.258286349839052 -0.0396975770650657 -0.00970079998156468
-0.0944473179242817 0.31238409254314 -0.00275745783085295 -0.0305886921014082
0.0323453283336336 0.294234577219439 -0.0136681266769351 -0.0547063318453491
0.134437300840052 0.242859631633189 -0.0150656777576546 -0.0713823929945262
0.148327258405238 0.205856892015971 -0.0132714170755053 -0.0668193195471491
0.16870954719965 0.201282783606717 -0.0137174299096662 -0.0660701442240942
0.123325495415574 0.274160056378152 0.00605234439658368 -0.0762108126932935
0.0254197110463058 0.30510612181229 0.0427317631041364 -0.0653639055134481
-0.111042781416981 0.348219515433509 0.0536171481654168 0.0204714608923392
-0.274980047665466 0.250364131876994 -0.039701842912009 0.0642921331915063
-0.367487723129453 0.0316251476648543 -0.0909471624404684 0.0381192441139934
-0.379010356273842 -0.0917638414917468 -0.073327772658241 -0.0298426314201056
-0.329722170511754 -0.118709490619156 0.0114407821983497 0.0729402972241752
-0.367219427075925 -0.0673807759461852 0.0101690566468802 0.00997818315834011
-0.356855450119914 0.117296306962723 -0.057335258459617 -0.040759047184087
-0.246891501316936 0.275594542563695 -0.0527178783293428 -2.28300325186321E-05
-0.0997710080495074 0.328006075278747 -0.0272631986422053 0.0342791756518592
0.0292856379563993 0.310314598287315 -0.00368104851147988 0.0421601802134391
0.132258476426198 0.254114690077015 0.0290264084131996 0.0293851663329308
0.14495719741299 0.213815758069437 0.0503951619745816 0.0248287848293212
0.161606836375779 0.206116643155471 0.05009754836156 0.018857803063437
0.114389484906975 0.273855334486373 0.0539573076843012 -0.000475234486155875
0.0164297770433872 0.300280875206059 0.0652388463038207 -0.00830183199475383
-0.110841132172194 0.329873488690714 0.072358320130652 0.0399423231326436
-0.254406112379047 0.242337352461211 0.00226896059681811 0.058578392317422
-0.348884479770276 0.0496154462793127 -0.0114569562477209 0.0271472911792236
-0.380740952861838 -0.0673636758167114 0.0519289894753356 0.00976428721722243
-0.295694670490687 -0.076021725014413 0.12866998477904 0.138672621809184
-0.317396048196873 -0.0231103041981929 0.104032441036706 0.0386629845675383
-0.294868646657698 0.124981825095685 -0.0155204576147285 -0.0269593587858559
-0.196527883063916 0.239558834191817 -0.0514276612208825 0.0171743545364753
-0.0824391120239647 0.279277774302669 -0.0404936369102919 0.0979067452864117
0.0272585820244518 0.269836119310574 0.0115267405241008 0.135297209746072
0.111411110810648 0.222867213904179 0.0717052504495821 0.126117934755993
0.119235283465391 0.1892496150196 0.107045429695719 0.112880903552732
0.12681296180858 0.184018572975519 0.103086529099304 0.0999882291266403
0.0796870822093659 0.236792621700669 0.0881465401777564 0.0729269490672825
-0.00955388796924577 0.247420662564302 0.0726060141647148 0.0500968598505977
-0.109590741366774 0.249127142948322 0.072017840676173 0.0570316933020678
-0.201742170488277 0.179183513917065 0.030678198981976 0.047193289336401
-0.275709182374344 0.0438983426613327 0.0545905325570689 0.00824478786512614
-0.322929869987603 -0.0380434187236535 0.164833453886628 0.0368440459937929
-0.212421381422127 -0.0210965089895461 0.228395102289597 0.190022376412824
-0.206207465898274 0.0209847315447752 0.1838163502368 0.0611069559289256
-0.172705795582115 0.103946387889972 0.0323371276194409 -0.009575515438874
-0.109600187278352 0.151994220033714 -0.0341505932677082 0.0313439702218937
-0.0520825098844427 0.177204989852027 -0.0393555986071288 0.14220807846488
0.0176343042717434 0.181789216333329 0.0316754182575549 0.203584725434949
0.0723068054549731 0.155643834185337 0.107362230575082 0.201944015692166
0.0757607167645284 0.136688286633877 0.147372073224842 0.184426336719697
0.0743511593583338 0.13682126941089 0.134923598009692 0.16914510207461
0.0335582786019116 0.167783182769963 0.0975529433213114 0.138057317058766
-0.0331299867887164 0.161071797169762 0.055409252867625 0.100993422068845
-0.091429469141523 0.133750285441566 0.0503640812828489 0.0676056553872184
-0.122286786902312 0.09286391635397 0.0435507272842533 0.0336002004112058
-0.166724856024081 0.0330367722600071 0.0992545001053967 -0.00749679855335796
-0.222161995721092 -0.00518915634245054 0.246914250499514 0.0537069718756751
-0.0905651376431199 0.0324612517962168 0.292927232868535 0.216971015732493
-0.057954141816149 0.0469368387570282 0.240346163918528 0.0662356702224719
-0.0308426637485354 0.0514453153920417 0.0790570797040065 -0.00368176161636404
-0.0204262854456308 0.0342674400537503 -0.01048237515396 0.0326727022520857
-0.0264944321981173 0.0505904382383227 -0.027541444875222 0.159328575919981
-0.000812917940710712 0.0683714769495797 0.0515026800700475 0.234453726951911
0.0184275185402213 0.0658982784970987 0.129920987361478 0.243128323936029
0.0207027769390041 0.0634892890483135 0.165793016842235 0.228411112274327
0.0163316198817558 0.0666677492160667 0.141705919932357 0.217177447140809
-0.00398750677995267 0.0753808036321987 0.0834781731792459 0.186450615166782
-0.036097871842721 0.0591360264845253 0.0203557315941148 0.136569789715027
-0.044406460165501 0.0207427556998724 0.0177355158153305 0.0655506443745919
-0.0242084730200166 0.0219778038899868 0.0490162582678159 0.0182611032195652
-0.0464546603806925 0.0379171391744058 0.12515620593586 -0.0153674630291907
-0.0997647284056597 0.0353498514463143 0.292008912410585 0.060389772735343
-0.0512528634306957 -0.0660875709201193 -0.290399773753961 -0.0644498055471077
-0.076323272446598 -0.0524378318497439 -0.181494667047803 0.0136238542515138
-0.0815055138400892 0.0215160607401537 -0.0605290860140054 0.000573665017910028
-0.030002381450978 0.0684497195566991 0.00510653546317305 -0.0214540273998453
0.0128564642705727 0.0511101832614193 0.0239721735776074 -0.130863835106233
0.0250670965462709 0.0312985747445138 -0.0485285621337384 -0.201967058628735
0.038092768440626 0.0199444771972569 -0.115393734029158 -0.229379952625661
0.0370393206709303 0.0192464741386338 -0.152035713118371 -0.235437884458695
0.0431124287608894 0.0288233541375156 -0.13665833070284 -0.241019459284565
0.0311309736713443 0.0532363965486163 -0.0743615410753473 -0.223990880241455
0.00962227396504111 0.0640663173456285 0.00030953304704943 -0.163524166026538
-0.0389988212784703 0.0859124983980407 -0.00401803297065236 -0.0482584748707784
-0.0929734178209892 0.029814517771362 -0.105089104249673 0.00138363699973313
-0.0738288111043626 -0.0631957576259586 -0.213027042514367 -0.0406500061053793
-0.037805321664124 -0.0756064294341017 -0.296142693074365 -0.206326408670091
-0.158107551641571 -0.10079198197817 -0.260675099883265 -0.0685359132189254
-0.179989452192336 -0.0759226944580687 -0.175569103023298 -0.00911305676165513
-0.181518009355575 0.047125959020494 -0.0813217170554662 -0.00798399644174054
-0.107830928380346 0.141592291388457 -0.00218481217533998 -0.0133678346616426
-0.0223919317710785 0.152541615696117 0.0311225294478377 -0.114092223063245
0.0340076235453239 0.133158228654427 -0.0315733801828409 -0.181802899340407
0.0836541083410483 0.1103634128627 -0.0905472129678419 -0.210314473631733
0.0881118974626759 0.100277275473648 -0.123319952324064 -0.207254036181075
0.099671460871054 0.108875460347285 -0.115760864822725 -0.207565897557688
0.0663368776599799 0.157332479082062 -0.0641692021747213 -0.197056628096094
0.00537560917336383 0.171825198535773 0.00653213595677399 -0.147041644865392
-0.0875009764595446 0.198085243368644 0.00804170894057602 -0.0234350533322608
-0.190945073350982 0.11229959977325 -0.105265894999091 0.0328529991101152
-0.212300574965822 -0.04950916121292 -0.205475500842738 -0.00134399050906643
-0.183887652514038 -0.107789532561141 -0.264513365637432 -0.148313416052858
-0.246087370383217 -0.128051404043894 -0.196093208059562 -0.0443187627160244
-0.272484826850884 -0.0947338291196721 -0.142785608966126 -0.0204456838653235
-0.272266959104806 0.0664794409996774 -0.0926441114928842 -0.0231417031636529
-0.185550752253819 0.20258413088037 -0.0194029266313461 -0.0105129308542883
-0.0631433554362146 0.242319514671614 0.0195144345934527 -0.0810693936995617
0.033938673774066 0.225257684300564 -0.0211580744330799 -0.131356659820036
0.115146479170456 0.188691551327505 -0.0564818018683512 -0.155301757723711
0.126008024051845 0.164204792598764 -0.0739448757497688 -0.147245425783584
0.144044222162212 0.166866842191396 -0.0726725729591607 -0.144911471230063
0.101715785092553 0.232491330188102 -0.0372633280244678 -0.144244817616297
0.0152915660924751 0.255776393129499 0.019154746696964 -0.113956232619279
-0.106686691930153 0.294262497945955 0.0305813382057155 -0.00151684842541819
-0.250928490269401 0.194792029482539 -0.0791316331442694 0.0560702838392084
-0.315059301875781 -0.0111432026325573 -0.160501976762023 0.0285506106050643
-0.302054810592413 -0.110867588759099 -0.184403056627848 -0.0844096199012478
-0.304420425015694 -0.135218498632127 -0.102199565811962 0.00572639547507341
-0.339239936036323 -0.0947991813512963 -0.0783929579040871 -0.0134167666177107
-0.338202837245285 0.0908809773555214 -0.0848551284610169 -0.0369011871956248
-0.237750380580645 0.252426397602131 -0.0398660104160477 -0.00884613339124669
-0.0922583455527716 0.306220606413334 -0.00412662864411696 -0.0309090713002252
0.0313942322765083 0.288688459578202 -0.0134185388952803 -0.0531181711557839
0.131097114624836 0.23896434158926 -0.016660453380619 -0.0714308361780974
0.144436340811062 0.202851388085107 -0.0138931491422163 -0.065586991593339
0.165232516444823 0.198283435149205 -0.0139967894211218 -0.0663461334559986
0.121224758292905 0.270490913132788 0.00604387307296885 -0.0762024494496352
0.0234834648937812 0.300611749002784 0.0407427079859384 -0.0658079915705983
-0.110551073734941 0.342584444519306 0.0563501749172463 0.0182139018612807
-0.2692803272638 0.243439961422263 -0.0380696386553413 0.0634528621426998
-0.362385046050562 0.0273457594423885 -0.0885777601948551 0.0386347293744766
-0.368638433877884 -0.0929815037279214 -0.0705441583538298 -0.0304754405178718
-0.321863104573528 -0.117670575367798 0.010752576671661 0.0716600954079071
-0.359339550148395 -0.0685834435303903 0.00835541241920566 0.00932926986740648
-0.348651832796273 0.113842807686931 -0.0577315325820535 -0.0384646369198763
-0.243055557801864 0.268710079914173 -0.0535776241946192 0.000134783442212047
-0.097405625026482 0.321952841419903 -0.0288116479063898 0.0334357223041451
0.0292141424117918 0.304745174861483 -0.00478336353188502 0.0421239469206014
0.128867050635584 0.250792381430574 0.0267155266442866 0.0277719647360583
0.141239805447222 0.209989376975385 0.0485132784529735 0.0246942381587495
0.157893984035949 0.202816406351049 0.0485751198672531 0.0175382196500281
0.112531812069872 0.271202349714059 0.0524420940727537 -0.00178343386482118
0.0152625337666822 0.295470852211247 0.0618260241849975 -0.0087016271335618
-0.110369446564008 0.324879011645069 0.0737590087158161 0.0372287566257247
-0.24891612196807 0.235103802642673 0.00255454157380921 0.0582288455511879
-0.343039145027311 0.0455703801999777 -0.0105547395837536 0.0283659494915626
-0.370978311625389 -0.0680236725704483 0.0525384084598152 0.00925411457541934
-0.290363204251096 -0.0766575998869273 0.125630899819686 0.136847792900044
-0.311485695917253 -0.0257653578663381 0.100584877625131 0.0384614752156604
-0.288096367233369 0.121714207511604 -0.0169515864130357 -0.0254668680644496
-0.193495751106283 0.233729273480444 -0.0526705315170411 0.0165619085406941
-0.0806280732991942 0.273816524763828 -0.0422951507434502 0.096022514404458
0.0267191008562007 0.265117426476973 0.0103024646991689 0.133929902531731
0.108897763147269 0.220070804060959 0.0685195394274309 0.123520570934822
0.116008302916394 0.186789655195125 0.104821340824002 0.11078726391583
0.12370197646149 0.181255465722888 0.100369454270577 0.0977024909368706
0.0776133847007628 0.233378555259778 0.0859101580014675 0.0715686404338114
-0.00995277100319293 0.243695568700661 0.0687577041473391 0.049068233854935
-0.108690996548048 0.245630345940191 0.0728047307670285 0.0544637218172087
-0.197985136671884 0.173805103430402 0.0302092965800318 0.0461072393960434
-0.26996663635643 0.039741310622272 0.0537202330389446 0.0103755537653338
-0.314553767281451 -0.0399066253992751 0.162449848571882 0.0364909681064395
-0.208373112622118 -0.0218217500146396 0.223942635578751 0.187564643853555
-0.202148364657288 0.0192493355432501 0.179418424864953 0.0609805649029263
-0.167952936946339 0.101251074994208 0.0298992502838687 -0.0076758714939735
-0.107860297887716 0.147721341838507 -0.0363890199454854 0.0309368154830593
-0.0514243194718613 0.173764485401962 -0.0405911258873098 0.140376720237026
0.0182727393290052 0.178182123605227 0.0297459019169292 0.201125274275297
0.0704931356860536 0.154120502602607 0.104449656095982 0.198622187755217
0.0732143856715834 0.134797612611963 0.144441066055833 0.181203123177961
0.0720236870666239 0.134911047115259 0.132300817441008 0.165495462333366
0.0329119902901516 0.165120641304247 0.0956028713835162 0.135452088588686
-0.0328441923870846 0.158675893832821 0.05305176464808 0.0993294134841339
-0.0901587529315258 0.131196271265942 0.0511790888760985 0.0649422922841198
-0.119202463105011 0.0898668485323691 0.042451717903617 0.0319539392105346
-0.162789963651554 0.0305022031797307 0.0963926601968461 -0.00542756576857482
-0.216092253089245 -0.00680437537295043 0.243719575634997 0.0536680426474049
-0.0891914845739566 0.0327545579239773 0.288195653651795 0.214649737603414
-0.0567460484697035 0.0462411394963665 0.235788237272135 0.06715714618736
-0.0284067714383082 0.0503146738160064 0.0753834292653811 -0.00177564151203686
-0.0198278230761652 0.0325937916453271 -0.0127816068065135 0.0314847825149404
-0.0258621019388606 0.0492607574311675 -0.0291018294584583 0.157230016653547
-9.2057339004907E-06 0.0670640335961012 0.0492096144805425 0.231676845440795
0.0183210167807033 0.0652138361925271 0.127595163241716 0.239971124429986
0.019879155972818 0.0625737313586753 0.162788558735577 0.224309013768957
0.0156225102714076 0.0653465258566325 0.13925075923497 0.212858953745933
-0.0043029804276852 0.0737884496394086 0.0820358261489301 0.183116425973308
-0.0354484955485069 0.0579956031102725 0.0184560410462604 0.133752560747745
-0.0433343973938407 0.0192667913346264 0.0180189008936911 0.0632408396072697
-0.0232764176057922 0.0201939709091456 0.0481272209574942 0.0170638811755543
-0.0444796721639838 0.0362154861920138 0.121907378928552 -0.0130552907565022
-0.0970488660650032 0.0340417456893139 0.287505901549554 0.0601985904947497
-0.0705515243800073 -0.0366258296595609 -0.300231781071765 0.0614975667921814
-0.088302911795271 -0.0157781090200415 -0.164107165783952 0.0909607312734453
-0.0652533565421301 0.053370761947393 -0.0546522753739017 0.0315950196681089
0.00111607886246131 0.0732859437068785 -0.00186768488733997 -0.0172563879760469
0.0318035485032813 0.042699785882299 -0.0328824202838317 -0.128889390541715
0.034391388621724 0.0193065461904224 -0.130184860505711 -0.162730548864111
0.0423743025037186 0.00167338639888216 -0.204322601205795 -0.160385431857775
0.0431925045902626 0.00448079651107756 -0.242782055256289 -0.148435264265034
0.0525119642073231 0.00778617452594789 -0.231638341841204 -0.160277830649334
0.0513659237599454 0.0360196271525065 -0.167652518472234 -0.171964990157467
0.0354402964728564 0.0561473435926369 -0.0725190896265045 -0.150436696068259
0.000662196011536233 0.0950251218832065 -0.0295841092052302 -0.0433047542282736
-0.0760046277092474 0.0666023783669511 -0.094273296157453 0.0428896424695444
-0.100072462176346 -0.0278024618823222 -0.206442316779229 0.0462882884480001
-0.0727047019676991 -0.0550322944887063 -0.356377707520504 -0.0696004735869151
-0.182845177904403 -0.0281263720066961 -0.277651394473387 0.0478857657180019
-0.192296202523652 0.00443210534919673 -0.169145824403795 0.0708366686362126
-0.145523773767004 0.116450508602118 -0.0772997178750258 0.0376021625183244
-0.038879115590358 0.170061478057836 -0.00489875930112153 -0.00116798494254114
0.0409364887038862 0.147867474022761 -0.0168466771178764 -0.113486250813997
0.085298909024285 0.109369736885583 -0.104622165840587 -0.14979545307335
0.121240264566593 0.0658655151583544 -0.171202385282924 -0.151607708728128
0.123662041160235 0.0598633947110265 -0.203794020543628 -0.134193142327136
0.137902155654343 0.0592046600542554 -0.199290498267016 -0.137051192165268
0.12790049690785 0.118279189871328 -0.148014499080324 -0.148808221724314
0.077281990429828 0.159168312139383 -0.0659275562725989 -0.136606054184947
0.00503178849427815 0.219118634389807 -0.0167986028863905 -0.0256669732263438
-0.13340463054448 0.18460962881317 -0.0853368145368022 0.0683351265203092
-0.223038003833433 0.0444206347533168 -0.184582764123542 0.0724634138359263
-0.224288586146177 -0.0189183780198351 -0.297872956241584 -0.0363827452245465
-0.27506809333523 -0.0192968851093386 -0.210596824077002 0.0460530775890621
-0.284113996680219 0.0240494388042659 -0.145330942261386 0.0482748264608734
-0.220806985139773 0.169284923440441 -0.0949114720016247 0.0329991059541569
-0.0832079072435428 0.25614022602982 -0.0205270628052571 0.0140182052487961
0.0417484918453124 0.245762125386879 -0.0102641925902695 -0.075751397514925
0.123812096248394 0.19297794304162 -0.0707143855818792 -0.107291170937746
0.182621524229145 0.124468223202698 -0.113930332285018 -0.113602206504651
0.185305511357268 0.104311915944316 -0.133050483190707 -0.09948195153197
0.203345940254455 0.0951412200581153 -0.132505881801824 -0.0978699150815266
0.192545173669856 0.173203547338141 -0.101797896202452 -0.110277768964217
0.122352213163539 0.234259029474125 -0.0445580157334972 -0.1102798307118
0.0292226710714254 0.315721320280486 0.00615909309920069 -0.0136759621570665
-0.154378260555652 0.287109115580694 -0.0557055488907861 0.0764919165471349
-0.301488439042698 0.123976483461109 -0.132530809089994 0.076805518138741
-0.336327583161942 0.0316852674282865 -0.195618725771244 -0.0170801320796233
-0.33232045411124 -0.00590722824662773 -0.104136808992338 0.0557084245068519
-0.346101101612657 0.0500135867275636 -0.0837870148838524 0.0296458395591812
-0.270700452493465 0.217888170277304 -0.0939450517425903 0.0214445641630322
-0.109595274354049 0.321549922916541 -0.0392872616400302 0.0278286898180421
0.0419386831394591 0.314788022922661 -0.00810790364161077 -0.0173769812329215
0.149215079720564 0.251417278609902 -0.0288149135308503 -0.0375166240778953
0.217640582808905 0.164172608660524 -0.0394814515589101 -0.0528394820694766
0.218402677319363 0.132691640595305 -0.0417500602651173 -0.0512450504130525
0.235623885029604 0.115576100089614 -0.0444668472097009 -0.0513013396368901
0.227104752527454 0.200952691222425 -0.0334216628575097 -0.0657505122331506
0.14884083592011 0.273226667298935 -0.00604957390775694 -0.0744377037113658
0.0467483513105299 0.361661568913959 0.0343866787364574 -0.00516010474202881
-0.150823390488467 0.340852709100287 -0.0177345233350352 0.0655279906137299
-0.326010366469922 0.180023628914726 -0.0647099008504935 0.0533510067224641
-0.389178926242817 0.0766384121514087 -0.0674709726682704 -0.0190106389765637
-0.341484236987673 0.0157543158222201 0.0279256647126664 0.0707501691322315
-0.353380694444218 0.0787452642104022 0.00659684125483944 0.0139474417038056
-0.272754573446169 0.243079205031725 -0.0692688401462511 0.00946222385124832
-0.107642382438645 0.338669235337392 -0.04842416268187 0.0424961072390462
0.0437293683175997 0.330527721327035 -0.00254828356642249 0.0524130716592284
0.153843650469382 0.267174108408915 0.0212263158291936 0.0460697055288604
0.221583992131791 0.176155300146175 0.0433999509969983 0.0199341041701302
0.21772359240172 0.140430585735112 0.0550953303391637 0.0036969235304281
0.230503422058201 0.123658303873214 0.0497180019233028 -0.00225450789133451
0.218809395252389 0.204646604120037 0.0418305164927449 -0.0180703165846107
0.13973175807957 0.271655363104362 0.0376290778690152 -0.0317357046111006
0.0400492435878811 0.345312544472577 0.0597541522592086 0.00339259905586464
-0.134474620046914 0.324609698483838 0.0165741109223986 0.0433680477143335
-0.300567704649134 0.187793589659464 0.0012775932892414 0.0142913853034854
-0.378202896921932 0.103405452878726 0.062029302850125 -0.0347049784704976
-0.296693040473359 0.0388686946879925 0.164720274878548 0.0827385858195509
-0.294905900593297 0.0982743069499994 0.105347254988435 0.000907324060663644
-0.213346110489723 0.224646391124609 -0.0255024172390258 0.00183357199367679
-0.0775757193398434 0.286835352156786 -0.0399378875674766 0.0543380387779489
0.0404625532204681 0.280390279486001 0.0111063400637091 0.114280702578168
0.136457989395799 0.230754891305527 0.073852067489948 0.122927791480319
0.191136483904789 0.157414921924445 0.122803896846839 0.089176257435447
0.184940052108821 0.127762376708489 0.143885268497089 0.0576550426674248
0.190166350784529 0.118130590105958 0.132380570852662 0.047605724840721
0.171722426400691 0.184586769662104 0.10482408327427 0.0327165892812545
0.0947772317430695 0.233238860070889 0.0712079284317948 0.0165765206115639
0.0064483168378543 0.27161364520963 0.0712768609819743 0.0171340818059236
-0.112170081219691 0.245055184385594 0.0388824303353759 0.0224056284191372
-0.234008206039109 0.150967358932539 0.0517588984603661 -0.0255097167191987
-0.311629287453761 0.10377760084936 0.173036683800789 -0.0520760106047927
-0.200817785003694 0.056691444013874 0.280190579774387 0.0872066424384658
-0.177621190399883 0.0946797977873861 0.189974329469444 -0.0152098056058563
-0.111932712121186 0.158056562389826 0.0255493890067064 -0.0086724040619814
-0.0356966974290523 0.175354042660116 -0.0195406612174215 0.05396770834635
0.0261292250250002 0.177482151324492 0.0284346144612336 0.151433079189259
0.0927292493088292 0.154246208986109 0.119123513146937 0.175262880673801
0.128777317473697 0.112534007151806 0.186697457070222 0.141958874053735
0.123394451045861 0.0958765994286067 0.211171488211712 0.103404053302141
0.123198182563082 0.0961536288384276 0.191667846147028 0.0942093188510035
0.101233099433367 0.139815473966717 0.142973496787242 0.0849318726499214
0.0373535348828759 0.163287179366679 0.0825446874841117 0.0675709728376838
-0.0253709515171578 0.15954689857768 0.0626405720770208 0.0338922138569661
-0.0733094963974458 0.133308486106554 0.0475738674578127 0.00631402658574923
-0.136973678862475 0.0959414720595666 0.0847220291969191 -0.0517947349285227
-0.203088266170833 0.0905896402072002 0.252129844680862 -0.0646753792501225
-0.0695103456794233 0.0594818844760258 0.354960299612334 0.0821756390249333
-0.0350997583474921 0.0612795577289943 0.24570126260009 -0.036802359857795
-0.00516242664780262 0.0555322943885951 0.0685058816734864 -0.0299662862145634
-0.00427062736529298 0.036470468356502 0.00055860057985784 0.0372495220661036
-0.00145974294909335 0.0544860753413758 0.0425171151381079 0.158967607286369
0.0295713293797544 0.0594762150743222 0.147624642019238 0.192877760586455
0.0442044422933833 0.0533009875036321 0.222966217126812 0.167230164078073
0.0437056532593435 0.0500566366500455 0.247328861833028 0.134270879565196
0.0420615391238657 0.055735316065224 0.219587241645658 0.132903022770683
0.0274575794560793 0.0709034741043426 0.153745238033702 0.131832560592894
-0.00776961378266655 0.0696173300501649 0.0717315293476495 0.112716745022292
-0.031587642009623 0.0368027609601936 0.0399783498924079 0.0455401873465643
-0.0122927731620643 0.028461133193677 0.0491490091067418 -0.00695060027040072
-0.023687639198763 0.0512190198329612 0.104277833904964 -0.0630379017592305
-0.0720991524973072 0.0760442862035229 0.290779025367134 -0.070740273394201
-0.073755373675262 -0.0363779419933245 -0.308168923120009 0.0704458017926079
-0.0917804464190852 -0.0137370856236093 -0.167762531634389 0.0974918472580445
-0.0659999668306571 0.0568665825358744 -0.0543766657032628 0.0338416549224969
0.00371890237139897 0.0750405469369389 -0.000831270879010175 -0.0163595428470895
0.0345097714034863 0.0421080247639801 -0.0372463593513139 -0.130361192818706
0.0354731571430932 0.0192368702667487 -0.137661680248423 -0.163094957041747
0.0431941023152352 0.000376702650154073 -0.214634358276213 -0.159791067899806
0.0445958306997544 0.00306945198198575 -0.254062771723064 -0.145565647482969
0.0548028416687443 0.00690857005795605 -0.243384459320505 -0.158442016909014
0.0542985892019239 0.0356901137590213 -0.177319246098434 -0.174023266528441
0.0374089945161948 0.0577395540184339 -0.0779280023904215 -0.155025522451404
0.00377889804148426 0.0983366659677729 -0.0304891755801018 -0.0449863205478487
-0.0765177251832392 0.0701813278036747 -0.0935583113637584 0.0457016222732707
-0.105231953976868 -0.0253010358628637 -0.209429908776425 0.0498276117777615
-0.0763786080814163 -0.0545824416867785 -0.367865826182119 -0.0626597540562388
-0.188791772844084 -0.0246970412678238 -0.285544093368456 0.0552265213567337
-0.197944883006947 0.00915468342886597 -0.173750774800897 0.0763695446323747
-0.145791525156871 0.122493997679602 -0.0778361171483456 0.0413310520182753
-0.0343076788979779 0.174945278965781 -0.00396541152129852 0.000386126243982962
0.0473982633234126 0.150133087020093 -0.0205887402206625 -0.115638845911658
0.0901971768557846 0.109716184607407 -0.11097037189199 -0.150676998603662
0.125766946290217 0.0644874907220148 -0.181134631057568 -0.150379276246826
0.12892527579746 0.0577234144566318 -0.213632101344306 -0.131869231171728
0.143521732593165 0.0572150849569695 -0.208948706605176 -0.135692912908584
0.135354804390021 0.118080228337929 -0.157738383128006 -0.150384360249242
0.0829844940078238 0.16250057504681 -0.0722325359866181 -0.140362225506422
0.0118951336959397 0.226017378165024 -0.0155221345783565 -0.0279965864234057
-0.132144923370201 0.192022126169711 -0.0831319868896673 0.0723409508726329
-0.22984270061293 0.0513608229429569 -0.18550782071904 0.0769982495704062
-0.230535828902176 -0.0144761210851557 -0.30711553398583 -0.0313676455395904
-0.282643916521117 -0.0143448927353516 -0.216684176535413 0.05195070140287
-0.291711162067161 0.0304721502240941 -0.149346022303741 0.0535851913180908
-0.220577555982659 0.179000533104351 -0.0961112705311804 0.0372020104312966
-0.0778793386185013 0.264154632913522 -0.020496656500477 0.015908141786373
0.0499883462855955 0.24952993588875 -0.0136948714125994 -0.077652899345654
0.132922541256806 0.195338612511083 -0.0755755587689659 -0.107318546755929
0.190955485956468 0.123225790708245 -0.122141754108349 -0.113535259703353
0.193341623336637 0.102767880032812 -0.13933227437664 -0.0986528764454618
0.210782618650169 0.0922396054144365 -0.140060909928686 -0.0966779245133238
0.203947829912729 0.173298475594369 -0.108971825891977 -0.111813162860211
0.132145296669534 0.238243550711866 -0.0498381410658609 -0.112710158975449
0.0389882350004536 0.324265746023794 0.00774867423480211 -0.0167183313787046
-0.151411441166754 0.297570425515876 -0.0530287148682177 0.080241823864851
-0.308865585417112 0.133590210083535 -0.13292295193825 0.0813258688884749
-0.342898827835236 0.0393917159312665 -0.200811002359838 -0.0152361040550388
-0.341239883841371 0.00173282900647728 -0.106546691187001 0.0588909144266735
-0.354287750546799 0.0579620748639346 -0.0876375938315938 0.0326303404798625
-0.269972229893586 0.228127016249643 -0.095482540771156 0.0257280197522714
-0.104860147388944 0.330981251243786 -0.0396709652061866 0.0308874491577617
0.0520995017483793 0.321109266310667 -0.0109444637828392 -0.0177534488627843
0.159742508463694 0.254184452461507 -0.0310328607453457 -0.0370215856505971
0.229145303056485 0.163295435583479 -0.0441598042426744 -0.0525207645634679
0.227957515988252 0.131169216244205 -0.0445329932815912 -0.0517615406139428
0.244386998057888 0.113095688244854 -0.0475480464645193 -0.05136223200985
0.239885841775181 0.200893094315257 -0.0375809195369885 -0.0675726224900916
0.160899972198609 0.277211363344238 -0.010619225437487 -0.0764364889333524
0.0590051635319771 0.371015544023637 0.0364945005459809 -0.0098477435960777
-0.145782674548276 0.352992913480988 -0.014773242782819 0.0673752553541721
-0.333076164019102 0.190942295533126 -0.063477279571703 0.0568234210977467
-0.396277622276036 0.086955346177481 -0.0690212747263177 -0.0196580946559207
-0.35089550140255 0.0236233970588627 0.0296185805139595 0.0709417107066912
-0.363234813928368 0.0885523332271582 0.00529721685787484 0.0148773310496809
-0.270881176951271 0.253317802358412 -0.0709363971743227 0.0134080711349287
-0.102443898274463 0.349196970887104 -0.0494820497693795 0.0461651053606966
0.0539812405666157 0.336923523645807 -0.0031512206021766 0.054068105415964
0.165759605109276 0.269368151745412 0.0223319013513527 0.048113088749996
0.232792448501778 0.175626962277641 0.0426628702199545 0.0201767137904395
0.227644139907973 0.139750341459577 0.0563529480864076 0.00211482143838484
0.239502490828705 0.12148464475268 0.0499819254607993 -0.00371770701897211
0.231713636550919 0.204092985225973 0.0410857794871005 -0.02028492393688
0.151255380999287 0.275833549361302 0.0357281914844848 -0.0332186739030514
0.0511950263360135 0.353790202063136 0.0617191514223718 -0.00129920478335262
-0.130537208787721 0.334756722441834 0.0194517556492569 0.0446206263667237
-0.305307390151712 0.19835404247187 0.00259314705045611 0.0148750667325527
-0.383759125095057 0.112790685077003 0.0638214191490908 -0.0384641281628178
-0.30309044233282 0.0473598304620236 0.170120173878853 0.0806296071697045
-0.300832499452732 0.107119482029898 0.106791797578639 -0.00108932614090909
-0.211777683995248 0.233689716075338 -0.026534595106275 0.0042962536436975
-0.0728020579984782 0.294883608623305 -0.0415947588717945 0.0582303881452466
0.0486389067115984 0.285776541314902 0.0131322191469491 0.117644073125666
0.146342880940888 0.232897979087096 0.0788449751244151 0.126315055409379
0.201138045321104 0.157317117824964 0.126850483726123 0.0887943911652891
0.193595614292604 0.127718855088701 0.148718724583932 0.0545778767338068
0.197995914258836 0.116763085500926 0.136536879079904 0.0442258416187597
0.182212075679276 0.185202951968319 0.108081197720309 0.0302680349346238
0.103650249517078 0.236977460415775 0.072121991723079 0.0162343916476561
0.0149528372145226 0.279138272980784 0.0733075497083766 0.0123310894943265
-0.108881017816924 0.252529020410911 0.0407196160193549 0.0217918156850793
-0.237552671472233 0.159170519435902 0.0535189438255079 -0.0257709408415011
-0.314993404533244 0.112579949630097 0.177138019101014 -0.0593929928078067
-0.203865113529422 0.06342194781803 0.289693364845834 0.0826226760207944
-0.180261937012985 0.100911613371963 0.193678305293371 -0.019358120858931
-0.109645643499175 0.163285503686421 0.0250748799199163 -0.00751240051861625
-0.0332888271639169 0.179619427769913 -0.0205386653625339 0.0572191941573506
0.0310545723302573 0.181275654041924 0.0321641854870392 0.155941255014997
0.0991477065736309 0.155856852727645 0.127245156782714 0.178533095509179
0.136025987718666 0.112604011391024 0.194166065599801 0.141430234547313
0.129332969556411 0.0967948411383987 0.219517942899987 0.0997378293482307
0.128735756916551 0.0961039385200591 0.199369431501357 0.0908444917186531
0.108320170810367 0.141507435277185 0.148415057363305 0.0825763822133062
0.042899028499628 0.16633007006217 0.0852877574130157 0.0678142547916897
-0.022227844288982 0.164357255335974 0.0650015015265875 0.0298277020978579
-0.0717728393120564 0.137220371299457 0.0488066037052721 0.00481193129987546
-0.138444016848717 0.10033900960621 0.0861646174022754 -0.0533975897534477
-0.204780730554683 0.0971145580182134 0.257923846922476 -0.0740899436652626
-0.0691172232413522 0.063248990255968 0.366460288378555 0.0746735262338697
-0.0344617965687456 0.0634001066402311 0.250751290148947 -0.0436591087748513
-0.00259091085943325 0.0556360019639683 0.068752479202746 -0.0307248767517658
-0.00402312021935998 0.0365664796878084 -0.000493014252679586 0.0394541081786684
-0.00084298027768576 0.0561967616268169 0.04750109850557 0.163597744935581
0.032214550723247 0.0599510648059858 0.157220539139356 0.195726162342015
0.0478549019443218 0.0536261807421691 0.234092069839802 0.166289043185629
0.0460757499743257 0.0511429824687928 0.257534023635429 0.129808635262078
0.0439958422886644 0.0568515671439847 0.229491491860738 0.129271250636327
0.0307636705416837 0.0720671275526498 0.161084862677775 0.130326127506135
-0.00591919031994246 0.071381774568586 0.0758709119211817 0.113655862168304
-0.0318402063053688 0.0385288065006832 0.0413243429034674 0.0431539494809524
-0.0116502157376415 0.0288479003645698 0.0494512534459834 -0.00948214139986125
-0.0221802369199964 0.0518925826591587 0.105913430909276 -0.0662392357400433
-0.0713826475169076 0.0792509002943866 0.29736916483578 -0.0807269750093901
-0.0766340358929409 -0.0331173918851625 -0.309751019379573 0.0881160904629747
-0.0940107899498336 -0.00897055412651731 -0.165946082550714 0.107473170655898
-0.0635209403298036 0.0623515968259682 -0.0534692927935984 0.0377102166300995
0.00887840286800013 0.0758286373969159 -0.000632260412793329 -0.0150873416963416
0.0382065990453488 0.0401627327719083 -0.0451432051225256 -0.129017323477648
0.0368692284647318 0.0179407330315603 -0.148051689913448 -0.15767655369248
0.0432309138510045 -0.00172306376212632 -0.227186100272559 -0.150088598147861
0.0455239824865148 -0.000119986636668913 -0.265334941382528 -0.132722240924214
0.0561596465011239 0.00343493052127342 -0.256463379473421 -0.14747522001819
0.0580946288249488 0.0333974522083257 -0.190253949962486 -0.167708093124694
0.0409560872922442 0.0573220521025243 -0.0880058488894336 -0.154951982264017
0.00939450738223786 0.0999616752738105 -0.0319130137197305 -0.0449045000677384
-0.0737760685060205 0.074573021677686 -0.0901149365880016 0.0505853762838084
-0.109162747239082 -0.0193035815962344 -0.208282386085806 0.0586318134804394
-0.0801132537811247 -0.0510653696850276 -0.376598816840886 -0.0455311530287524
-0.192300563042883 -0.0153920508429008 -0.288129329067761 0.0714811657772778
-0.20033323897556 0.019836581044941 -0.173387698082818 0.0866803258387804
-0.14001788691459 0.132446310866391 -0.075700911004199 0.0459215224779743
-0.0251266430825319 0.178389379888562 -0.00309397223346095 0.00162654133478298
0.057291903409719 0.147692752103345 -0.0281727279300283 -0.115284449800661
0.0976494013575539 0.106629972526225 -0.120502726883136 -0.145873677388179
0.13136006844855 0.0586105312077602 -0.193514006992796 -0.142190840850242
0.13380605837219 0.0511853407944734 -0.223331036062957 -0.121911051643027
0.148848144723956 0.0500176473069106 -0.219900889813025 -0.125759632809889
0.144979887918837 0.112652872109522 -0.169085809295936 -0.144963619342711
0.0936031273866017 0.1613611831068 -0.082200426355469 -0.139923526016674
0.024626960478078 0.22883520877263 -0.0161391111112566 -0.0292489871718179
-0.124036505345893 0.200330325637162 -0.0776030718989675 0.0775365096120835
-0.232396707403538 0.0640168710911638 -0.18347898350587 0.0858519774088656
-0.233829476916857 -0.00368803948977478 -0.312832460487996 -0.0166142438238228
-0.286598889184909 0.000623775574922858 -0.218088072437669 0.0636292178750874
-0.294007873593721 0.0455020580287764 -0.149792367878378 0.0617723897942165
-0.212098766501165 0.192084692434209 -0.0943414162713462 0.0433927213005112
-0.0640821829654753 0.270265180403515 -0.0190317626514811 0.0182914280633535
0.065599218944106 0.248519745563594 -0.0195742105409639 -0.0767262003306495
0.144977813653539 0.190209496826777 -0.082740684547101 -0.103674117026609
0.200508171219409 0.114404503020212 -0.132402273275224 -0.107372546640333
0.201727018644695 0.0937967038320311 -0.147243108803465 -0.0920425409541159
0.218834885156217 0.0819645187408786 -0.147876979896683 -0.0903414045394349
0.217813347043922 0.164366302053422 -0.1181456948016 -0.108536929467843
0.146938063254982 0.235591859466752 -0.0586045533977282 -0.111756370993861
0.0574623993368541 0.32721860339494 0.00789009045538894 -0.0205578147608109
-0.137978545917526 0.308604498175308 -0.0464913572875664 0.083980559708702
-0.307370463414757 0.151582241651515 -0.128427463388806 0.087840578494825
-0.344365343572712 0.0563035167290253 -0.204435580750418 -0.00638063975105959
-0.345068370092626 0.0195342886793966 -0.106215659455413 0.0645943546475258
-0.356223928603244 0.0761892538140111 -0.0883935960935148 0.0377082495172679
-0.260088641546822 0.243830344115829 -0.0951350540097352 0.0317884243542441
-0.0880587655518782 0.339120989851588 -0.0379779964119892 0.0345574874891795
0.0709428510144832 0.320710259615782 -0.0134933967991363 -0.0166162236139055
0.176434368709561 0.248940684158956 -0.0337002588234628 -0.0341970231852144
0.241525936936862 0.152944548652711 -0.049968395036782 -0.0498802626143562
0.238162319480651 0.121173082335914 -0.0481413832139445 -0.0496851527542705
0.253399176140922 0.100970705307685 -0.0521024802398158 -0.0496570306816255
0.255316669160413 0.190069032886422 -0.0435326870592933 -0.0671480463033089
0.178144483645026 0.272938016919555 -0.0170885166806044 -0.0761749596344875
0.0805476609179643 0.37383941830612 0.0369158429994671 -0.0156774729664766
-0.128941221733894 0.36341912082477 -0.00893429186049679 0.0696922157821258
-0.328751032308399 0.210196671514133 -0.0600584318926528 0.0605644956754481
-0.394945645919429 0.1080457599069 -0.0710532521477578 -0.0184041085754161
-0.353873528496402 0.0426558137715531 0.0323737322550985 0.0701453347122065
-0.363016864058692 0.106832962572175 0.00447159822612272 0.0155048099428346
-0.259557436617383 0.269896738566181 -0.0708670693675399 0.0179856083907202
-0.0849064521486135 0.357414087475088 -0.047612221384147 0.0511224500623276
0.072928892007151 0.337246701285907 -0.00244964951920625 0.0556537237525791
0.182999471993561 0.264511762986871 0.0254638277749143 0.0489340376030534
0.246317220609487 0.165341534272057 0.0422288375270687 0.0190459199486688
0.238924050974196 0.129950850196744 0.0567762687513062 -0.0012923449249135
0.248504483022662 0.109605865519075 0.0491038417254717 -0.00676040254207248
0.247449900379136 0.194816904724512 0.0389463118764001 -0.0239246113578204
0.168319258015097 0.271642561010302 0.0325689191816534 -0.0343175001668509
0.0717332499666457 0.356787202767035 0.0623401903107846 -0.00836719533888253
-0.114130708406145 0.344713579366913 0.0234754814117138 0.0442837077467096
-0.300631185710448 0.21536235192956 0.00469391950665025 0.0156196765512955
-0.380835751879819 0.131500600686007 0.0624088102330576 -0.0441021823330091
-0.30389233721559 0.0641309199057334 0.174951275358254 0.0722927546870724
-0.299029031940351 0.12326763306677 0.106692739923202 -0.00603572617040412
-0.200157897820526 0.245914722253114 -0.0265435855155323 0.0069272019005344
-0.0587246958800976 0.301930761751988 -0.0402060605987723 0.0624590040437185
0.0649321524517539 0.286343597309865 0.017842279954408 0.119584200938873
0.161202423927342 0.227993226113552 0.0869982024050771 0.125283972353795
0.212990001441683 0.148746412087162 0.131956523453027 0.0848059840392606
0.203118147935401 0.119947942305603 0.153524328411529 0.047190451233032
0.206034706467032 0.107714521641907 0.140058339017276 0.0368017037565782
0.195729428067321 0.177357326909915 0.109400348725553 0.0239532659447168
0.118088044109594 0.234681581646635 0.0722678335399944 0.0133844661300952
0.0311190526119005 0.282533648743831 0.073924039754026 0.00520054789301609
-0.0972197266852882 0.259884623485695 0.0431015481526835 0.0203221861001335
-0.233153963832142 0.172076674301289 0.053798621479291 -0.0276733482074289
-0.311527207626246 0.128521301830261 0.176803912977162 -0.0710823248752481
-0.202495662438034 0.075867150103555 0.296235017057856 0.0675168383708869
-0.177738516236145 0.110916361922055 0.193860707829993 -0.028569401259253
-0.10147222786546 0.169550969509106 0.0249239318878933 -0.00756374517756749
-0.0244902027743746 0.182762357574378 -0.0196221544544976 0.0602020760795649
0.0414426820361513 0.182192838445883 0.040245831358216 0.156946328800695
0.109387109872153 0.152240964901999 0.139285939019846 0.176029299424997
0.144981303468047 0.106893283761262 0.204848351736948 0.133622217619958
0.136568890857865 0.092030505129907 0.22819985325455 0.0887226064276191
0.135014328600934 0.0906748519229832 0.205783591061418 0.0799561677668499
0.118190911645031 0.136729755489241 0.154454706036841 0.0748869323534341
0.0530272651162642 0.165928061815853 0.0894118118480526 0.0645989680329297
-0.0133462987481335 0.167772659187344 0.066270741334073 0.0236044261470988
-0.0657580320303616 0.142237296091751 0.0493881866452214 0.00195847135792639
-0.135410179004347 0.106963334091731 0.0855636982214409 -0.0566379151516844
-0.201297764433427 0.107485452667194 0.258158507867551 -0.0902241415106487
-0.0658989267932997 0.0683272404774928 0.374819285375831 0.0556079550826267
-0.0311563747093193 0.0659960262036859 0.251345034775167 -0.0564938201481121
0.00107994742832457 0.0549325439033496 0.0676771588622953 -0.0328967712435756
-0.00225389513426572 0.0369341676382871 -2.8999117389279E-05 0.0409937152211774
0.0021001744574091 0.0577783010842694 0.0564321861254165 0.164465103926209
0.035922019263917 0.0586064273980985 0.170994421664387 0.191228255671397
0.0516154272954091 0.0516345703381823 0.24706744336955 0.156470392756708
0.0502749252316777 0.0504638343625981 0.26784053932203 0.116798171687589
0.0474909994274496 0.0558810352707058 0.239331370169416 0.116851747059982
0.0346614743168743 0.0714609783796672 0.170199999047658 0.122736412198423
-0.00210564196993775 0.0721902977474697 0.0833816477221602 0.111004925215599
-0.0304035837139372 0.0407174001268606 0.0432021885602281 0.0390550019128799
-0.0102738163756049 0.0294288526318382 0.0483579765900472 -0.0135330879078548
-0.0197797043533095 0.0522738152361414 0.104158184230265 -0.0704014089848964
-0.0675993787288167 0.0838015831803805 0.298079659218107 -0.0984110976952544
-0.077164325490728 -0.0278337260525631 -0.300585625891499 0.104550471385231
-0.0934512929123476 -0.00313732091838377 -0.15778815630777 0.115229355561173
-0.058312037200241 0.065807837002979 -0.0500361811334346 0.0402304145215862
0.0137451267547339 0.0739756963749184 -0.000211318956146467 -0.0139388090723896
0.040675572634546 0.0364194425432787 -0.0519241393396633 -0.122756781285495
0.0376692543365482 0.0154223162004343 -0.15505089497666 -0.14580947969175
0.0419163638997972 -0.00422081596997216 -0.233411151369171 -0.133459286860678
0.0446130561859827 -0.00304690844182248 -0.269069919869619 -0.114154953170582
0.0562129308808863 -0.000237635218246499 -0.260975325413874 -0.128885737716938
0.0598834313964137 0.0295284437306305 -0.197617602561478 -0.15485288237566
0.0443861916836705 0.0547128663635163 -0.096787006116988 -0.149415848138901
0.0155697707066886 0.0983283919609055 -0.0322176915001007 -0.0435546546642913
-0.0688254726978662 0.077989795082077 -0.0829829602242294 0.0538762208411151
-0.109038713618882 -0.011918043250711 -0.200655982454072 0.0662905235111487
-0.0814618525400914 -0.0454623000668447 -0.372857957712227 -0.0228830195631989
-0.189435494718369 -0.00346343411961144 -0.27950476043623 0.086724876787659
-0.19594921243905 0.0305636751637811 -0.165618416889721 0.0949369177725193
-0.128435127044607 0.137882804664546 -0.0711350755327487 0.049475274522978
-0.0129625535824051 0.175302335008187 -0.00170812162911721 0.00268566976271482
0.0655261806650717 0.14062986313288 -0.0353986415406687 -0.110139697570116
0.102783401398991 0.098789805095792 -0.127151501646227 -0.135612508042605
0.132090474244153 0.0498080154923599 -0.200323938686434 -0.127514040701
0.135042532000007 0.041852904931479 -0.227481493276969 -0.106183783943726
0.149099553737217 0.0399601056281835 -0.225125796366298 -0.109972962026884
0.150295441476624 0.101439919011005 -0.176258051711756 -0.133305860085611
0.101423781942503 0.153636482903557 -0.0903446426585358 -0.13355845748198
0.038402672059611 0.223802469743717 -0.0163882054192081 -0.0301626348901481
-0.11098211177956 0.204464117998387 -0.0691362001975065 0.0802108811939743
-0.225838922256719 0.0766251650376574 -0.17385285551218 0.0927782445064277
-0.228126355253636 0.0100753158797271 -0.308233533089503 0.00055932678054126
-0.281447486986046 0.0177458922952125 -0.211728072943804 0.0753219582131829
-0.286638617813912 0.060897089311275 -0.144997184014581 0.0695425550633661
-0.195035759367044 0.199912585207548 -0.0898223981190336 0.0483095204315767
-0.0471185043752771 0.267488658669136 -0.0164357582422366 0.0202201034217952
0.0803936356092197 0.238618977799566 -0.0247812579506931 -0.0734499365060514
0.155095081504874 0.178551493753345 -0.0877001313227904 -0.0958841768485984
0.203957116255127 0.10074827256328 -0.13815718893789 -0.0963696976145474
0.203960907226553 0.0803598248957442 -0.150177103073344 -0.0815533271887601
0.219374708165674 0.0674961898404194 -0.151516982795457 -0.0798380691652441
0.224705984788458 0.1483982738719 -0.123899666010895 -0.100193783751529
0.158527572106781 0.223513650040818 -0.0660418303909502 -0.106919652674191
0.0770978101035316 0.318613028644926 0.00772417711464543 -0.0237934525183819
-0.118131827579701 0.309893439615374 -0.0378466510391592 0.0849051329708856
-0.294424586320733 0.166415291292979 -0.120130530906016 0.0925530028926453
-0.333150705044973 0.0741508622508223 -0.200741134526565 0.00424890461226734
-0.336797368869263 0.0392681746097499 -0.102338044209006 0.069763923244502
-0.346402092536323 0.094627765751273 -0.0864761266032498 0.0424688657266921
-0.239152811816333 0.252586119267424 -0.0912492352803789 0.0366546682411384
-0.0665228194815983 0.336377256786609 -0.0348445902710212 0.0372266693092789
0.0897168314702928 0.308909507253749 -0.0159312142840642 -0.0145337468760391
0.188664555137089 0.234233745539052 -0.0348372088939682 -0.0303441457004774
0.246915579089589 0.136352222476089 -0.0539798173855066 -0.0443067996706668
0.242120113680186 0.105108870217207 -0.050490914303621 -0.0464893200423712
0.25421880613601 0.0845021707115398 -0.0546132776174022 -0.0455427908358546
0.264081994176771 0.171212031480891 -0.0488609104481401 -0.0642105094350999
0.191607349073934 0.257827608027324 -0.0232184294165865 -0.073258233756685
0.102751654784376 0.362584977644034 0.0351212571464193 -0.0207383433453167
-0.1069340286179 0.362715271641728 -0.00236908316163735 0.0684621492047036
-0.312584347879749 0.225162041484222 -0.0539828582232868 0.0624526222836314
-0.379305803587378 0.125631270873742 -0.0708920298069844 -0.0154684803277332
-0.344038250115993 0.0633078796895719 0.0337714885626607 0.066842111722311
-0.351013539341959 0.126047279173821 0.00392247989480991 0.0153174214362138
-0.237745065262316 0.277483879299705 -0.0686078020189188 0.0224222079173433
-0.0634853517211243 0.354455351192442 -0.0439359968447875 0.0537862148787923
0.0921324246941932 0.326650380147933 -0.000756905654563802 0.0558320218123936
0.195958681630223 0.249262418002368 0.0283911647930006 0.0483341791788634
0.25270992963715 0.148614844006816 0.0416566924919016 0.0180376799253787
0.243528233670316 0.114572880056037 0.0554538095388644 -0.00500706054523049
0.249818784181878 0.0937493115072082 0.0472739912528623 -0.00985885346634449
0.255251060228398 0.175576160566362 0.0347650600172321 -0.0259752450616421
0.182156152144804 0.257131685571651 0.028126014548302 -0.0349273777740533
0.0935065228329632 0.346501173472021 0.0594411776263979 -0.0160821771767724
-0.0931156259371722 0.343908897992105 0.0273501464819463 0.0419039973225781
-0.284148776316889 0.227909747514636 0.00665568044115518 0.0153720298212908
-0.364337229541384 0.150067960490439 0.0586421154572342 -0.0491912705542181
-0.293576907728028 0.0806915507556057 0.174477288268795 0.060898669636685
-0.287473288807457 0.137914616775264 0.103742303079402 -0.010728695773078
-0.181059386829486 0.251264407337577 -0.0255906493671462 0.00948241203034628
-0.0407708316895851 0.298275469525201 -0.03636932534453 0.0649411055661821
0.0801531309060902 0.277622155790476 0.0227747448930515 0.117221701844511
0.172668053184465 0.214296797600194 0.0938563284774195 0.12017347878795
0.219193798469208 0.133524358744377 0.134144291078007 0.0770792104195098
0.207810646954038 0.10671846951813 0.153464209089962 0.0364901840453805
0.208347013999403 0.0947482284286269 0.139148035604179 0.0278023316529831
0.203645718757318 0.162103560459514 0.107495716977055 0.0164264945809821
0.130824873143473 0.223754177801894 0.070573665386061 0.00968293735951062
0.0486647588672983 0.275777352178128 0.0715418986860287 -0.00245989551375804
-0.0802305385292248 0.260490828299152 0.0442137041698123 0.0172543991939244
-0.220291348065052 0.181303899712196 0.052546013262164 -0.0292619448382339
-0.297103486816478 0.142550438028372 0.169779905454257 -0.0819003496657114
-0.193414719321766 0.0867932558334314 0.293199923787455 0.0497192670541851
-0.168197279969027 0.119441741335022 0.188119837784051 -0.0385562904806496
-0.0882118118209431 0.169877361305267 0.0243752147237746 -0.00746609305425679
-0.0134290107430991 0.180000233580352 -0.0167284913694439 0.0614942781621346
0.0509728784162904 0.177229177886824 0.0472678471757833 0.152851903339438
0.116899078401887 0.143479560355435 0.148599098545478 0.166305099728701
0.149779657610197 0.0960770474892618 0.209320209222048 0.120075964928997
0.140942058447461 0.0838321877985716 0.229178957842498 0.0726563717685355
0.137450795488282 0.0818624343368201 0.206286647640706 0.0653076260152835
0.124628095949402 0.126887297599694 0.15494055557384 0.0640371795207983
0.0622264099408345 0.159966640641167 0.0910691893328934 0.0587540557386457
-0.00272776405691669 0.165517333191989 0.0646263689244186 0.0172338255231221
-0.0557153432852045 0.142637735934674 0.048005368243997 -0.00109834721198642
-0.127236609546861 0.111845336170451 0.0814412789689286 -0.0592674544077419
-0.189874970154785 0.116364681099224 0.248375005241629 -0.105440436236281
-0.0596248861872132 0.0712006677194576 0.36992593611516 0.0329412212525485
-0.0263611627908568 0.0666480941544036 0.242361154351501 -0.0694976521053891
0.00471715654052574 0.0522226761303589 0.0646828406176183 -0.0349157029681531
-0.000553339899988849 0.0359946378563647 0.000616424626783229 0.0418033179858734
0.0054006567520539 0.0573945710511826 0.0649905319288367 0.158804363433385
0.0388482151752416 0.0555750303581714 0.180964596122384 0.179362311399724
0.0542955478282218 0.0475982376164545 0.253327318267533 0.139422745749981
0.0529842309903166 0.04717200414927 0.270230567374397 0.0972986684277764
0.0497255193932809 0.0528283964423771 0.241256396066722 0.0998265961722998
0.03867483876159 0.0676160207885664 0.174075140653587 0.109294078546896
0.00231343547330188 0.0704408060235606 0.0883331914682455 0.1036424584474
-0.0276486726094433 0.0417076905213379 0.0430048103213881 0.0339843516564783
-0.00792676017220303 0.0290219355472739 0.0456414829303998 -0.0168745868733116
-0.0167939466487995 0.051559473079273 0.098936231687088 -0.0741007658270454
-0.0604849862450589 0.0860227211586524 0.287215991199732 -0.115186575602252
-0.0749558321633042 -0.0238002665259946 -0.285156828611803 0.111230376238599
-0.0898722311542939 0.000679802551388413 -0.147682074899935 0.116685392042709
-0.0524961760721227 0.0661071866375888 -0.0464334173837377 0.0406318999008095
0.0164799220345359 0.070345651508448 0.000804018686537946 -0.0122358458800354
0.0408189186959019 0.031704623122971 -0.0540968188018422 -0.114539387673419
0.0367094077017448 0.0130669095681176 -0.154692026029389 -0.133252458150759
0.0394588776194681 -0.00584493722084374 -0.230178721690242 -0.118033114461367
0.0422795426273564 -0.00521439471212997 -0.263061739208777 -0.098880106152156
0.0542168380755913 -0.00311471224279259 -0.25649490394094 -0.114025692403206
0.0594666795036642 0.0257816207754378 -0.19672052853278 -0.142263575036861
0.0450599706887312 0.0516410214577031 -0.0993886866797017 -0.141203666752122
0.019505842862965 0.0944217997971917 -0.0313755827342411 -0.0420017225197221
-0.0636391683572907 0.0775146061531393 -0.0757318309091683 0.0534209526925784
-0.105740813023827 -0.00644261872865765 -0.19021776990527 0.0688124210363486
-0.0795041965892407 -0.0408172275152387 -0.359504762264853 -0.00845748674948321
-0.181066043659056 0.00396402869136483 -0.26611536441556 0.0937753886183149
-0.187205709378916 0.0361072183125164 -0.156772242861108 0.0976669371191714
-0.116476479791662 0.137077218822412 -0.0665599214640415 0.0500533105950698
-0.00572042816950005 0.16868378470159 0.000167968782644734 0.00350561498343711
0.069052391989767 0.130804954481239 -0.0388262835041162 -0.103144000721411
0.103441869732486 0.090968135083455 -0.127295658810062 -0.124427273282302
0.128798984297855 0.0424282778802086 -0.198245228782734 -0.112643316712836
0.131103231795412 0.0352672513578275 -0.222487723429183 -0.0922400670019335
0.1444330240072 0.0323922497540334 -0.220615089323387 -0.0967288344584593
0.14900715088706 0.0920246313086891 -0.175597016693425 -0.122420832431139
0.104021540872163 0.144770197461212 -0.0927697023215826 -0.125491880108319
0.0459426498443563 0.213874297517096 -0.0156948829306212 -0.0311249967034546
-0.0998129612315148 0.200016438961678 -0.0602981288913396 0.078213712486968
-0.214880765994664 0.0823022925453168 -0.163464907095442 0.0933177434507416
-0.218804759041552 0.016127173774047 -0.297073701652722 0.0114870505952494
-0.267469805955489 0.0275239523302625 -0.201799434031604 0.0802685807077359
-0.272834021960113 0.0684408664317907 -0.137447317087001 0.0725423978045919
-0.178179371031467 0.197995638854038 -0.084476114102643 0.0496579236081876
-0.0349803651960834 0.257307941440225 -0.0140535193679711 0.0208690585626953
0.0862704950250922 0.224707686929661 -0.0277170134125776 -0.0680249028115382
0.156336619265583 0.165758437058086 -0.0872547816254159 -0.0875654863079963
0.199842312693262 0.0883167992753203 -0.137664599320838 -0.0851823592317026
0.19989126780671 0.0691490941917492 -0.147756492496634 -0.0732685654632297
0.212548274875464 0.0569024809063984 -0.148826805289637 -0.0705012455872763
0.222942260408884 0.132967696515821 -0.124949996958874 -0.09184989576987
0.161366592082054 0.209215448560749 -0.0690395796083704 -0.100009307337517
0.0868927347559975 0.303201928453699 0.00640989320671641 -0.026466165740002
-0.103628403370957 0.301668457120891 -0.0300382404162466 0.0818157336034224
-0.27793433973177 0.170403184807875 -0.111036189292552 0.091987222058219
-0.315396946566217 0.0811153870788125 -0.193429588684108 0.0100988987720989
-0.319707437523123 0.0503787155525952 -0.0972879640967335 0.071080366089604
-0.32901443609141 0.102940062823668 -0.082076062464554 0.044656889299621
-0.219638758113458 0.249171271998655 -0.0857005120441979 0.0390108277464341
-0.0517318609159964 0.32444871841631 -0.0316867352255497 0.0376824666821007
0.0974887228831947 0.292335183173796 -0.0173769511403742 -0.0122325538527793
0.191150210686893 0.217249823888645 -0.0336995160014408 -0.0264142614773337
0.242764997193809 0.120921459384976 -0.0543971278257289 -0.0385853204550462
0.237764303719879 0.0920189138703811 -0.0505958551899416 -0.0433651813478666
0.246534453152987 0.0724013143845399 -0.0546448164176631 -0.0416532893531478
0.260623069857912 0.153183935493942 -0.0510963003571929 -0.0602180301126618
0.194504564119004 0.24144567386717 -0.0267046507179662 -0.0689912856869133
0.11381586920395 0.344504415376924 0.0320908746873771 -0.0250933069765258
-0.089852899346449 0.352990064562045 0.00319918393246833 0.0651280167188238
-0.293923323433943 0.227803867487562 -0.0484099828864593 0.0615334761745101
-0.358405327019287 0.132093525201079 -0.0692941805961155 -0.0139954843347738
-0.325144426784939 0.071769198874728 0.0330846062855411 0.0629701364112392
-0.333530313283903 0.132117159202856 0.00344148418789672 0.01522964662595
-0.216371486285071 0.272101958434557 -0.0649051904184166 0.0242339563709481
-0.0484859389316929 0.341281772408401 -0.0406146632334895 0.0541635812331235
0.10019852778566 0.309405090234849 2.40393495961689E-05 0.0538512237708361
0.198992035228864 0.231840651442201 0.0302630677972185 0.0468972009792642
0.249321287587859 0.132296843976822 0.0400150510278903 0.0176939615812636
0.238997579685377 0.101425185123658 0.0526527737498369 -0.00818184701415521
0.242382623545313 0.0813316854122064 0.0448011247229125 -0.0112873455914547
0.252715716936094 0.157742948741292 0.0304957000432252 -0.0263414089423342
0.18521963688627 0.240698548388223 0.0245794184681663 -0.0339383386508074
0.10393957202709 0.329375195897219 0.0548160086645219 -0.0208555384922884
-0.0774984411882591 0.33337459704321 0.0298957783038651 0.0389763866916917
-0.266226892627467 0.228320790249788 0.00867383266458194 0.0152681622835643
-0.341555485089515 0.154793457237247 0.0540357871867658 -0.0509423595490329
-0.277247433347699 0.0882236714542349 0.167718747554128 0.0521748071087075
-0.271120249052923 0.142295161107834 0.0981538069447604 -0.0136536815852823
-0.163830629519476 0.245279445615626 -0.0243208392550948 0.0103872844911907
-0.0283439856024595 0.286851926430508 -0.0333590866718711 0.0646374778797696
0.087511444963156 0.263449917772943 0.0251933408321241 0.112485733400411
0.17504095003825 0.199826472957757 0.0965752686066173 0.11261771639949
0.217189533321796 0.119051971488678 0.13174074151365 0.0704518219482302
0.205072746157056 0.0955378467979906 0.148271930466456 0.0277371378934909
0.202804641294307 0.0840631332916428 0.133572559116148 0.020796573959259
0.202204836171693 0.14786210644821 0.102463943022222 0.0117287642326221
0.134071772218772 0.210070818461303 0.0672057909316991 0.00736623845079341
0.0576949782153123 0.262673998903164 0.0663601892299046 -0.00783826001760039
-0.0672920238570319 0.252068918701648 0.0440178339554837 0.0141856012242287
-0.206079062763079 0.180717270134534 0.0507689854015515 -0.0288004567440865
-0.278323489869055 0.144745826929518 0.158903739101845 -0.0861685411259449
-0.180989261952575 0.090139884312873 0.282231160154765 0.0374730553417079
-0.157710976178374 0.120034167179138 0.178578165869876 -0.0429280040679926
-0.078076974997045 0.164563361722351 0.0232822540378318 -0.00752843894419422
-0.00671328305003667 0.172760929590388 -0.0154237853917165 0.0609071208409153
0.0551443153999076 0.168826721024128 0.0502281139407108 0.14545388365269
0.117790350946316 0.133114584280728 0.150570818954755 0.15517030175941
0.148199203049846 0.0864110704992089 0.206469594348606 0.108740361081462
0.139730499171561 0.0754788842754411 0.222127777985364 0.0594926972587511
0.134813833431618 0.0748398542596199 0.199626235410258 0.0545968581115819
0.124999606184558 0.117036975958947 0.15062587196053 0.0549388568287416
0.0658854282366553 0.150778854659515 0.0890320833790232 0.0534016399809807
0.00444991327809611 0.1589459418395 0.0606473776266048 0.0115905034847662
-0.048268172957691 0.137879491701808 0.0458000770813939 -0.00306352101539487
-0.119107902069833 0.110762797166522 0.0774383844161235 -0.0588829955131512
-0.176501237110881 0.11722136257262 0.233631530534693 -0.111769991612724
-0.0535834563280073 0.0710529497988561 0.355115208679632 0.0184621832452508
-0.022257263890154 0.0650239230065392 0.229671987067213 -0.074427246104283
0.00618117836966029 0.0487400538867531 0.0604620206307685 -0.0345561948295849
0.000229050386460204 0.0340476684484248 0.000549661146789598 0.0412543721198913
0.00721900422805191 0.055526563461818 0.0675533923331665 0.150567737309097
0.0391282837449021 0.0517327424971155 0.182374346873217 0.165868049712712
0.0544950333251015 0.0436074177028125 0.249328381123477 0.124574649500964
0.0534030943061203 0.0439490727040318 0.262637468671902 0.0825247484826199
0.0497628623177596 0.0498447956465762 0.234773132245316 0.085195748059947
0.039397652335789 0.0635105890886583 0.170824524337884 0.0974379745443767
0.00505629349271733 0.0676250631020081 0.0887846019200704 0.0957531825308583
-0.0251038052855608 0.0412437009584528 0.0406452238149363 0.0295575662300278
-0.00611114117567881 0.0271894754947434 0.0415566128330531 -0.017998260425585
-0.014524627723312 0.0488441984945108 0.0936400907471564 -0.0733043497020413
-0.0542184935938467 0.0845490449733884 0.271426044534834 -0.122019588882533
-0.0683737029760799 -0.0260725062994302 -0.281645029832621 0.0952456759466795
-0.0855539205485172 -0.00429502558867615 -0.146773422462906 0.108051444491332
-0.0534313748473952 0.061846433848992 -0.0432678982769837 0.0391014511723088
0.0129529377278072 0.0680183165270439 0.00569562479012302 -0.00981966711800738
0.0367863026304394 0.0329138215537749 -0.0447928595463801 -0.110299514922611
0.0343282624825086 0.0150671302201315 -0.141613274646807 -0.132099148259861
0.0364395070065759 -0.00488477852980561 -0.217063337854985 -0.120729832754568
0.0407034124655028 -0.00414581463392694 -0.249158327887659 -0.100964542892242
0.0507315293385734 -0.00304673777023576 -0.243781992627412 -0.115386084485554
0.0560391167245194 0.0263920825987716 -0.186550397654862 -0.14120958924366
0.0418130062888419 0.0523216771036353 -0.092477790568431 -0.137635331042034
0.014777647184046 0.090727273430335 -0.0289946168203224 -0.0394922738777353
-0.0667196433289898 0.073137527785324 -0.0756105678062321 0.0455144610946843
-0.105564577282503 -0.00850679961820953 -0.184746526119577 0.0513807575119044
-0.0790182727998048 -0.0395277280364876 -0.340578924190972 -0.0304837959322451
-0.173764910486445 -0.00554001989746906 -0.263804372705133 0.0839153605462148
-0.181072513088278 0.0244173513538889 -0.153018463130077 0.0920603573280228
-0.118558020171645 0.125934101895842 -0.0601285763011575 0.0499206506323756
-0.0130841496076311 0.159509649945589 0.00642392030225357 0.00847433414193401
0.0584983393772437 0.128167647743664 -0.0262035576305357 -0.0969688431867159
0.0948733909045641 0.0927272985671078 -0.112702602668972 -0.123168968864425
0.120433617239628 0.0456483149594565 -0.184234257079061 -0.114791617969092
0.126529192799574 0.0403333320071874 -0.209241088704542 -0.0939885171910726
0.137883257653336 0.0355825986746388 -0.209583282000936 -0.096707664579248
0.142579464177597 0.0931905325716646 -0.167360950366845 -0.118751893082689
0.0965503453686289 0.145562479220351 -0.0894881536431991 -0.118447522007703
0.0372673699552089 0.206313529237773 -0.0179732036803444 -0.0240089538626687
-0.106270621488272 0.190331998886552 -0.0656772936159781 0.0709247524896871
-0.213913485669981 0.0735799186334603 -0.162429548596004 0.0742659653238741
-0.212469702594281 0.01138472605974 -0.28487824371636 -0.0122452507248026
-0.260225412443432 0.0115193390987195 -0.201339197939198 0.0777270870030238
-0.266033765097375 0.0502456242445274 -0.132618330473485 0.0710455590261388
-0.181322858898652 0.180115169061835 -0.0745571524010541 0.0506054836734652
-0.045043746163932 0.242624988376368 -0.00605545255719584 0.027814345841161
0.0702017226416796 0.218353727442082 -0.0142771434528882 -0.0619255122589346
0.143156774169234 0.166501092768465 -0.0728434276683118 -0.0865529265418959
0.187613000390024 0.0939443152520801 -0.124310909628465 -0.0862841046873538
0.192249078576844 0.0771090302036625 -0.13749675282564 -0.0733815996306521
0.203582030584208 0.0624516215851211 -0.140977408615496 -0.0687566796492967
0.212919408157413 0.136349688648652 -0.11923271572649 -0.0868547469453623
0.150659395346775 0.210563656697254 -0.0684642422610976 -0.0905294713650813
0.0735094923646791 0.293153622749866 0.000628527845362797 -0.015027894468256
-0.112900012607101 0.288736341069793 -0.0401495175721733 0.0774834318894458
-0.277499897458818 0.155959659737643 -0.115295916173078 0.074150748239822
-0.306429508819138 0.070458334297921 -0.188724892245675 -0.0105730192072697
-0.312773328726082 0.0292963122468147 -0.10070699093374 0.0763288741757295
-0.322753564121221 0.0789232670341531 -0.0770090943938404 0.0483160629602376
-0.224026096020766 0.227043255911054 -0.0738484070898293 0.0425034537215767
-0.0652109694983717 0.304950492211399 -0.0222558904631593 0.0456507591887931
0.0783736528080171 0.283404461930696 -0.00339130043807305 -0.00739493941365907
0.174901236654185 0.217679772799963 -0.0222680716136594 -0.0267557242437594
0.228334375267551 0.127907861717127 -0.0443672200453971 -0.0390612973478087
0.228903579312838 0.101500689385351 -0.045019883614313 -0.0425790877192998
0.236155450768609 0.0796458225731793 -0.0514347578272523 -0.0383614151490501
0.250120645919266 0.157293445829683 -0.0493592362786402 -0.0533167285245386
0.181920995383941 0.242782549056873 -0.0297040225416631 -0.0571631906559584
0.0984553069197843 0.333877194557284 0.0234315514631093 -0.0104590379762474
-0.100832837525678 0.337998593431707 -0.00924652015427316 0.0643043493459186
-0.293842865363736 0.209624309629306 -0.0552317195320799 0.048646231173128
-0.346429514275514 0.118000622109936 -0.071296031011823 -0.0279679596585219
-0.320372655195135 0.0489763403532165 0.025875985601123 0.0764130214094901
-0.329671091738113 0.107203162749034 0.00692102756152823 0.0250330951298698
-0.224618457831636 0.249344948627847 -0.0521006639792358 0.0300788190641204
-0.0628836567024717 0.32123874753806 -0.0316687338380481 0.0614684502129515
0.0801950132850004 0.300105872865267 0.0110911339583844 0.0564666278164218
0.181779426697049 0.231615136469969 0.0364425382904302 0.0449831475281629
0.235177515779734 0.139699729558353 0.0451269175744361 0.0174306713313039
0.231046162297064 0.111141963748413 0.0528619308028692 -0.00590440097188264
0.233083579822617 0.0891239766555294 0.0428960846665814 -0.00642835038270624
0.242293649419586 0.161554537222887 0.0283426779861197 -0.0186344556923779
0.173374455053427 0.242357673886701 0.0181433960076414 -0.0220911900205616
0.0898880434070027 0.318864513143467 0.0449919122023121 -0.00574282908793033
-0.0882155851753033 0.319485506732958 0.0178991286729539 0.0408607719983624
-0.266135224011731 0.211216016116052 0.00154847999506641 0.00830808970293102
-0.331550572536824 0.137943958271871 0.0473358532229929 -0.0553598597080245
-0.274662931595899 0.0660693899311958 0.156817114108037 0.0715917326821182
-0.27165303762005 0.120014585766832 0.0992223385302356 -0.00029710804403759
-0.171821433546906 0.225258216372582 -0.0137797506935737 0.016441241916349
-0.0411143117379468 0.270597708043998 -0.0265161876630432 0.0702119760099726
0.0707571189536339 0.254972831031411 0.0306925286798097 0.111382476571688
0.160281041166366 0.199320716368837 0.0960742877399494 0.110090754795641
0.20512666681141 0.125487629163262 0.131063416755912 0.0712913198663605
0.197847869187835 0.104373422033742 0.143315609611578 0.0308750995154588
0.195552481172971 0.0904735687151443 0.127398314438523 0.0260569267331546
0.194357105111798 0.149448870412838 0.0965078729779892 0.0185922888062217
0.124875919042599 0.210018154565095 0.0579511387630489 0.0168790427028285
0.0483061910780901 0.253047829900052 0.0557661029409444 0.00323252555210294
-0.0744046273639734 0.240549966007473 0.0340075293464331 0.01779914020732
-0.205449339118531 0.165968972424146 0.0451084044947586 -0.029402672635586
-0.268105096395088 0.130337628711076 0.149856948530446 -0.0817193985151153
-0.182261241591818 0.073337141573946 0.26883241597302 0.0591760323445343
-0.16085413001628 0.10529838266503 0.177039422199511 -0.0278659359245098
-0.0853792472357969 0.152427059946514 0.0290862224028395 -0.00159921971894093
-0.0152577895409575 0.162865809245723 -0.0129016959928458 0.0637724783772752
0.0454201759350061 0.163205359153506 0.0496384725211561 0.143161412942459
0.108768037183207 0.132069785136079 0.143632221501503 0.152006110656244
0.141102228590928 0.0912643052705855 0.199836111634742 0.109363002496222
0.135017671234315 0.0818769008808583 0.212368715252734 0.0628794301152006
0.13045150423543 0.0790658008012533 0.189800922856974 0.058985351952544
0.119669831283494 0.117631053666945 0.141427782533902 0.0595459703394907
0.0603489236594075 0.14974717348821 0.0790651129162273 0.0581296525500898
0.000561490821395127 0.151830331318841 0.0509277673592543 0.0176657172894363
-0.0508366618577819 0.130318188497306 0.0389018536490554 -9.90783107555356E-05
-0.118105153192936 0.101735709814306 0.0740110343470747 -0.0542455917518915
-0.169753084891055 0.106416083712846 0.223796450840525 -0.0986275497355283
-0.0575761303732745 0.0622275801066733 0.340705241093423 0.0394199318000349
-0.0269047260724956 0.0601094926075045 0.225002184633685 -0.0598869939534171
0.00241628500893231 0.0457330297420564 0.0612536878066008 -0.0294962281987443
-0.00141093325235378 0.0312265029982767 -0.00155737039065146 0.0419879167186656
0.00579023147254575 0.0525372910361946 0.06142178895358 0.147738820268705
0.0364506621165845 0.0503648103115334 0.16991087521398 0.164884718359889
0.0527391479511118 0.0455804895214053 0.238404769528386 0.127195344438195
0.051506545511424 0.0463946575665637 0.249363269539888 0.0854911944238301
0.049175872508035 0.0520688516440939 0.22259990363417 0.0877310828672239
0.0379040955955877 0.0636051716289648 0.160496917798651 0.0981633183710024
0.00315652452232248 0.0662180066032722 0.0795198907601265 0.0950807262871197
-0.0247681587688323 0.038121446036495 0.0327837660859437 0.0292309710531706
-0.00543965270908778 0.0248924994124752 0.0381378943318999 -0.0152420607316551
-0.0146039334327396 0.0455147342189434 0.0923673155609939 -0.0651935325808352
-0.0512738949107714 0.0774668608013263 0.261677963120341 -0.103640107970817
-0.0667977623824026 -0.0260506174919768 -0.278711012254172 0.0905299854639692
-0.0844345294715537 -0.00517693896509049 -0.145759390685737 0.104745578119572
-0.0517905850769156 0.0609892124872993 -0.0431468431831082 0.0384456980937792
0.0121887921765358 0.0666955222724829 0.00711062410175151 -0.00905796617936891
0.0356246480347208 0.0315894100144586 -0.0418846967458048 -0.107173066152945
0.0336765885895508 0.0151360852312539 -0.137899580667937 -0.130245502243309
0.0359878731629263 -0.00459018942152777 -0.213636488044717 -0.119285135637986
0.0397014777670664 -0.00402989338884612 -0.24434273379553 -0.100861128274411
0.0498587050485857 -0.0032089588942901 -0.239114958670906 -0.11592870269379
0.0559468035772547 0.0264778665347201 -0.183445625395804 -0.142312523346908
0.0410406343513403 0.051883623921046 -0.0901797411488849 -0.137809038131491
0.0140562408820106 0.0899513579530173 -0.0273221275122307 -0.0407656317660809
-0.0670250547135275 0.0720341308360889 -0.0727709301414972 0.042314787897568
-0.10416255920751 -0.00927330065235261 -0.182532444663291 0.0463379454955955
-0.0773949468054561 -0.0400858983371944 -0.335164371381429 -0.0341675445164688
-0.169622837789693 -0.00744127255885163 -0.260161092557409 0.0790946582833363
-0.179026456003011 0.0214906567432659 -0.151672485923426 0.0886756371521989
-0.115987352150948 0.121944233758798 -0.0600912780480712 0.0480308497029418
-0.0142176409117957 0.156206889804384 0.00749279289439317 0.00913127672805595
0.0564513047252512 0.125352963061544 -0.0248777090809881 -0.0942315277155854
0.0928639430019129 0.0922972323022582 -0.109516195010893 -0.121285338184494
0.118508627099485 0.0461541057627515 -0.181115442316075 -0.113155442526985
0.124016405786056 0.0407648655130567 -0.20622996374228 -0.0946043003427808
0.134680243095804 0.0359795953851473 -0.205933661003099 -0.097360284467876
0.14001432060503 0.0930199782092408 -0.164907786370125 -0.119651085807711
0.0938720516243114 0.144634609321215 -0.0880193140037641 -0.118716014498527
0.0349120438733025 0.203683084745305 -0.0167212506383766 -0.0267286378709349
-0.107416479994271 0.185938428727914 -0.0631317000313121 0.0678077769624709
-0.21224668844152 0.0696855366157215 -0.160096106966935 0.0689912587955707
-0.20952173376431 0.00752212947181307 -0.280434609828081 -0.0156784568081435
-0.25360836705806 0.00792896332783941 -0.199690777687677 0.0737946889388048
-0.263218580135003 0.0452679714315431 -0.132059579132317 0.0679543485846324
-0.17886518134614 0.173370502545994 -0.0745439132703482 0.048792554299262
-0.0470202799718106 0.237203572680478 -0.0056779995173763 0.0279006006522945
0.0669121270948143 0.214424255025676 -0.0135115293417646 -0.060206224507164
0.140023924091854 0.16479624612494 -0.0707313176073053 -0.0856896728222604
0.184447054667479 0.0942905031608046 -0.121710201555348 -0.0841556380196602
0.18912880903177 0.0778907166854686 -0.135207280428113 -0.0739650180476086
0.199359911306071 0.063697408423477 -0.13861776302739 -0.0691585894872809
0.208843020523365 0.135547011277588 -0.118203139625971 -0.0868106903774896
0.146460188789476 0.209781662891599 -0.0677232459559543 -0.0896963517610677
0.0704132688296608 0.289417838440394 0.00025710628559687 -0.0179276746154845
-0.115506410438665 0.282334907337496 -0.0379082063961907 0.0740277381971601
-0.276768962534568 0.150030243177619 -0.11285597911948 0.0708681766613351
-0.30237403505236 0.0636360139200057 -0.186143925443087 -0.013352589678938
-0.305008415907077 0.0241344219689709 -0.100591534695049 0.0741930264510478
-0.319144690332685 0.0730865969742146 -0.0771365408484817 0.0469776733372846
-0.221176523917443 0.218033066831421 -0.0744627016333338 0.0408019627634876
-0.0675470877604935 0.298641904735117 -0.022378524758347 0.045314172629041
0.0731674290866204 0.278837826263613 -0.0046769421732897 -0.00662947125240456
0.170799740561634 0.215838408430146 -0.020916314650163 -0.0262683852718841
0.223687788065597 0.128380703251447 -0.0427467121159451 -0.0374396601089999
0.224964652794661 0.103084042963014 -0.0449866191290952 -0.0432198978640729
0.231256993656556 0.0821265822223509 -0.0507951700244284 -0.038822927201867
0.24497627968983 0.157071700985283 -0.049650402264522 -0.0529077740651063
0.176422391036769 0.241778146725261 -0.0293483401056476 -0.0561890165409544
0.0947271335304325 0.329134221693399 0.0222491114203802 -0.0132126584996428
-0.104861112520031 0.330503517582005 -0.00732384314099817 0.0616179159142759
-0.292354777332487 0.201765162048779 -0.0534237345523444 0.0466340683622847
-0.341749881391899 0.108559814692259 -0.0700904635113796 -0.0291684827088728
-0.312727757827084 0.0432268434292646 0.0233262441158738 0.0758646609071759
-0.325962486661413 0.099105180068258 0.00611741171544028 0.0251056552129055
-0.222281794306791 0.239206894830723 -0.0526892899067638 0.0289534523094052
-0.0662768419419709 0.314730253720927 -0.0318648642360091 0.0614085786113976
0.0758327191653282 0.29561774040575 0.00838036575586415 0.0559470821856967
0.177561864799223 0.229679774257815 0.0367814644857465 0.0449560337217471
0.230242261189286 0.139228457367997 0.0452367328009678 0.0188365232011791
0.226820227055962 0.111956720064481 0.0510015848513992 -0.00625167527937065
0.228309534178053 0.0915760909163706 0.041670208871704 -0.00644744939469397
0.237458444382914 0.161014580931166 0.0267324851396487 -0.0180231915925855
0.167440181056381 0.241227596642489 0.0171748706033653 -0.0208321376501959
0.0865027517171485 0.313788162041817 0.0422436100668726 -0.00808140924275821
-0.0902668086582086 0.312244678071243 0.0188758232426005 0.039132373341349
-0.265610667526665 0.203664950362917 0.00271304135917193 0.00805987243692166
-0.326718227027783 0.12902429719865 0.046969242102789 -0.0550079960086309
-0.268933928335878 0.0612732867083204 0.151659028599068 0.073155719288302
-0.268879366550598 0.114059586342874 0.0970876294233281 0.00190529161301609
-0.171488406506916 0.21751634005565 -0.0144500085094229 0.0161495296282916
-0.0451125194811081 0.265093867488149 -0.0279049993381264 0.0702407685099943
0.0671938440105151 0.252319393682018 0.0270283455931696 0.110689557167165
0.156664729350918 0.197578612332975 0.0945705231983512 0.109127788200665
0.201056226633163 0.125951014090035 0.129763110194461 0.0718460944497399
0.194979245520666 0.104285208694163 0.139394719363263 0.0311400409798646
0.191552745571407 0.0924949666264187 0.124312751755262 0.0260676696346435
0.189506055788984 0.148887781347711 0.0935362896017258 0.0195520476904099
0.120757697247214 0.20875770542482 0.0561639958084293 0.0176112222582354
0.0461595406025682 0.248850941469168 0.0524587737354815 0.00213824132766311
-0.0760014957088329 0.234858919384265 0.034255826178377 0.0172609920393416
-0.205458772556053 0.160176777257036 0.0461908908823491 -0.0279479174163995
-0.264632054502087 0.123082899060248 0.148139219659654 -0.0797815653259362
-0.177783528248677 0.0697021020642724 0.262079882763213 0.0624992316344296
-0.158720503635668 0.101139838286992 0.173897385560891 -0.0245765037046373
-0.0853254977102949 0.147433673468092 0.0278865757918594 -0.00094830148984915
-0.0174837624575621 0.159541894058457 -0.0145706872145992 0.0635807405309825
0.0432572507252654 0.161323786591983 0.0459557175960008 0.14186438475289
0.106463756777489 0.131050078212915 0.141433785673645 0.150857908261332
0.138094920834539 0.090650676600633 0.197217952546837 0.110077291116451
0.133433102908303 0.0819030415289123 0.207600479270521 0.0629172359599267
0.127820332276451 0.0803745610335769 0.186200529579312 0.0595845637798517
0.116411528684659 0.117065974559232 0.138083338755129 0.059622739086517
0.0578706397553565 0.148339467860043 0.0764526130483625 0.0574664717933647
-0.000582942411537014 0.148524966971188 0.0472177471528274 0.0164938274301857
-0.0509188569263233 0.126453783079479 0.0383849218701343 0.000154423016830637
-0.118081777103212 0.0975628623195998 0.0748342154720777 -0.0514313152551483
-0.167025638537838 0.100933049396556 0.221436979980596 -0.0960835969652485
-0.0560973497304174 0.0602723831595626 0.333560437325224 0.0434436601756749
-0.0263412259711378 0.0584642037975101 0.221465483472954 -0.0556129556246718
0.00195276333552214 0.0444450822074582 0.0598966454062468 -0.0277554993715071
-0.00251869290452972 0.0300468104654398 -0.00342429733937773 0.0425559184833317
0.00529135677192282 0.0524999176579758 0.0576646223840483 0.146848489111178
0.0354977467982961 0.0497639627207225 0.166981404797534 0.163571902746967
0.0518143620190016 0.0453739920310899 0.234956370799965 0.127403055381359
0.051473179089886 0.0466361190085098 0.244389749060781 0.0853080875935027
0.0482905513243183 0.0523986798864097 0.217264567516669 0.088105637360248
0.0362215275857986 0.0628810147416859 0.156926734128002 0.0983120198123676
0.00239407844538323 0.065134227086211 0.0770007168005414 0.0935077227366536
-0.0249196505833789 0.037138130257898 0.0303174035088912 0.0278944352818628
-0.00564417347696199 0.0235200875075343 0.0369706473789116 -0.0148425569096325
-0.0150219681550279 0.0438127902725697 0.0921362073940966 -0.0620546521779635
-0.0505594209427289 0.0747825479460254 0.259123927350011 -0.0995449300818346
-0.0669809502626873 -0.0269775128888045 -0.281631887138774 0.0875331552837527
-0.0863745119181299 -0.00586385086412436 -0.148692817430106 0.104804220429821
-0.0520977832367695 0.0614845330806571 -0.0439882740973299 0.0387136854739218
0.0123146643171199 0.0675392407115063 0.00932706862100568 -0.00880803144308619
0.0358014053328847 0.0314241078960224 -0.0405305962592412 -0.107443243462594
0.0337926918888125 0.0152638995269351 -0.138351259936305 -0.131939605771173
0.0356656587927669 -0.00406468855622899 -0.215410649304573 -0.121212725305759
0.0392937709410131 -0.00368664081106682 -0.246708264795016 -0.103697732730892
0.0501454650978347 -0.00361543866224897 -0.241444349890664 -0.119652766002417
0.0570244434995508 0.0268509364668106 -0.185555382980446 -0.146446315785849
0.0412302179215018 0.053508199295712 -0.0907257146459962 -0.141486144104837
0.0139832206021404 0.0917770273968047 -0.0260110355730077 -0.0433777930195435
-0.0692587116640066 0.07253421385428 -0.0723272597071235 0.0404518774519176
-0.105977402221036 -0.0101112030593284 -0.184565938486233 0.0424541466216943
-0.0783210493941488 -0.0420186017186027 -0.338636866325474 -0.0380351229825841
-0.169683095477482 -0.00970636986217191 -0.264031442391168 0.0770787135427799
-0.181910349914666 0.0197722759132001 -0.155110797305557 0.0873748509314797
-0.11691098194489 0.12111703126454 -0.0611247552021664 0.0478351305261677
-0.0152626873986897 0.157883500829641 0.00901722276223943 0.00961226971292553
0.0554142791833155 0.126285627488423 -0.0239573882540334 -0.0945041905869383
0.0935853434291902 0.0936570406719103 -0.109618401830309 -0.123223874203373
0.119457040298267 0.0479882089521064 -0.182334696819263 -0.11444690890173
0.124994641321984 0.0419599530678845 -0.208250471178561 -0.0970018333802006
0.135725401352418 0.037641497888772 -0.207373844256462 -0.100163386225199
0.141761033568242 0.0948381727104624 -0.167836209702242 -0.123037818638484
0.0934235602690157 0.148109536125913 -0.0882462236672736 -0.121514534243555
0.0336615217645438 0.207098423586099 -0.0167006215185222 -0.0298251863173128
-0.111753510268814 0.188294471277761 -0.0619604126289614 0.0654192395209058
-0.216501930418233 0.0681177734998289 -0.162121378921182 0.0659196048635733
-0.21154913976687 0.00358716093088376 -0.283837331500395 -0.0193818084311426
-0.253802513932046 0.00412045278163055 -0.20305635586323 0.0720524856509051
-0.26690891338365 0.0422745390288693 -0.134484801290879 0.0673560765486697
-0.180085163454059 0.171181884420918 -0.0763923726443574 0.0482498535880699
-0.049807604338669 0.239220349450425 -0.00499691524380102 0.0286757472430258
0.0655417001007501 0.216345390318329 -0.0137402344490267 -0.0600779076398813
0.140748940567971 0.167461127808354 -0.069851291201614 -0.0868040086921344
0.185840938106527 0.0967895472645091 -0.122036023885453 -0.0847500611061024
0.191082850555583 0.0802683825095212 -0.137165736439652 -0.0756892388674727
0.200360388743042 0.0667750483568389 -0.139883344804583 -0.0715974701214727
0.210820741817928 0.138561152666116 -0.12039062543279 -0.0895537731850573
0.145983251524106 0.214363145464436 -0.068619898276572 -0.091592012152214
0.0694482433235437 0.293620261653815 -0.000111209668984729 -0.0213428062060209
-0.119640366248046 0.284846181983658 -0.036439714822583 0.072609143594172
-0.282321560731392 0.148556171824493 -0.113743100402444 0.068753345214284
-0.305308769641371 0.0588849933338512 -0.188298968644034 -0.0165114903848817
-0.305566669993227 0.0199594322884839 -0.103706083432292 0.0739233060576366
-0.324346475010718 0.0689039017206066 -0.0796263521420134 0.0463149455325079
-0.223836027008771 0.215650915661963 -0.0761256535237341 0.0404938611732894
-0.0713857404708299 0.300501673835126 -0.0227845560981836 0.0466158566274146
0.0714138450290483 0.282209420299468 -0.00651176257194067 -0.00603330429493516
0.17180553433196 0.219348659285426 -0.0203284622164384 -0.0265252534807956
0.22582214699808 0.131241261396443 -0.0420849744500746 -0.0376053926597599
0.227720661505999 0.105985417949469 -0.046326115222743 -0.0443889508068558
0.232736437736168 0.0861129229456258 -0.0515840236152776 -0.0397434760661939
0.247151778135499 0.160880071094396 -0.0513566957698187 -0.0536834266898842
0.176723778984551 0.247427368205491 -0.030339335607589 -0.0569106559229945
0.0935355185189755 0.333936761049288 0.0209418623998301 -0.0162427139856225
-0.109274426961222 0.332795030871962 -0.00593100690167622 0.0606225274014735
-0.299318302628806 0.200560654822068 -0.0535746432950168 0.0459142424614233
-0.345651169038642 0.103117506059479 -0.0712129395824098 -0.0316862866985486
-0.313512660384202 0.0391417254391058 0.0210864462455777 0.0777986232382537
-0.331251520529944 0.0957085468852916 0.00433542216409517 0.0255248385853306
-0.226707315561048 0.236674593198095 -0.0547595458115121 0.0287228404735956
-0.0708647892082859 0.317061296376065 -0.0329832311720092 0.0630881645684453
0.0726677765750448 0.299942246241189 0.00587296406155671 0.0571185411587781
0.178422015505191 0.232557423957232 0.037175125672227 0.0455044962325895
0.231963602255124 0.142134340978095 0.0469038463114848 0.0197360539376835
0.22977191182612 0.115434903400585 0.0503819614316996 -0.00636669610347608
0.229836625452983 0.095609949841029 0.0414545185178076 -0.00635878454397172
0.239046963697395 0.165631066950053 0.0258488161262201 -0.017828455792643
0.167603860017036 0.246559788798948 0.016132634439624 -0.0203941868792446
0.0858058664246057 0.317578351168182 0.0401008850345284 -0.0100204127502331
-0.0953103008265778 0.314319655960498 0.020084559710509 0.0382175573562622
-0.271807132730329 0.201854409372522 0.00386748560504576 0.00820715983113824
-0.330376444915004 0.124274017927682 0.0473045274792597 -0.0565678783673537
-0.270026019491159 0.057378167943002 0.150628713700993 0.0766198024712689
-0.273954147158176 0.110706749197331 0.0974231818048917 0.00322564957202188
-0.174683797111296 0.215304603410588 -0.015985481345782 0.0165550169716855
-0.048477566987074 0.267137358297112 -0.0295399415490907 0.0717044595706583
0.0649437679051827 0.256329605570444 0.0241692618252226 0.11224797931721
0.157482595911346 0.200829386764671 0.0950037778699857 0.110808172805049
0.203028871307665 0.128277004056653 0.132383996903166 0.0736653188782046
0.197348292800345 0.107484116422475 0.139491725179601 0.0316773292266669
0.193216644933215 0.0970105417401012 0.125028206934182 0.0274160838296235
0.190938649069322 0.1520311944803 0.0935269127010158 0.0206328522108669
0.120456729990907 0.213010598841969 0.055937891832981 0.0189586719274891
0.0448344706187339 0.251251374996596 0.0500582630887648 0.000457201942892541
-0.0799648399590548 0.23596037264031 0.0353429405585417 0.0168539109048411
-0.210490209872288 0.158967017922445 0.0482434316084394 -0.0272117189102288
-0.266690604886221 0.119297308645065 0.150125843918228 -0.0810380120429566
-0.178890698137858 0.0674484562243254 0.26211907482151 0.066696803262128
-0.161893095651462 0.099792609568026 0.17541434870871 -0.0222326212223847
-0.0876576743185776 0.146300495620851 0.027232482803995 -9.18452006427748E-05
-0.020131084376799 0.160537043610851 -0.0161956410701177 0.0661763414841836
0.0419581102112632 0.164013773950293 0.042782631774476 0.144457876066888
0.106905503802768 0.133596020750834 0.141709064220633 0.154008751396931
0.139897721887196 0.092947867830513 0.200227372308369 0.11249811790632
0.13547382099025 0.0840965704024732 0.208289671959345 0.0647244205569535
0.129137308862651 0.0836712324945406 0.18603602339154 0.0612960772719211
0.116831009654501 0.119692935617549 0.138593601905128 0.0613676533120943
0.0570564643907122 0.150151436504263 0.0762544171333533 0.0593164384917145
-0.00154634168207653 0.149571705429809 0.0451058617681289 0.0157180152335959
-0.0525586046079919 0.126686289068233 0.0389544504340151 0.000233081854920012
-0.121417695317636 0.096743424627706 0.0774599496165736 -0.050375068287989
-0.168916772018052 0.0987001233387689 0.22427749525949 -0.0960224577332949
-0.0564094113333701 0.0601795950152656 0.334596021554399 0.0487174928598687
-0.0264769670018846 0.0581978006763627 0.223439222204201 -0.0528131605695892
0.00133611024302521 0.0440325625843294 0.0603743789469534 -0.0261652537435993
-0.00357201069298225 0.0298465814159604 -0.00509257805564383 0.0450138178732606
0.00500698498922571 0.0535619490959128 0.0559526164022592 0.149598223475018
0.0356896292949514 0.0508569468731485 0.16866951137034 0.167014941121415
0.0523851790520978 0.045820603970751 0.238413339101224 0.129189287724849
0.0526700509776143 0.0477393893559487 0.245621567161621 0.0875838312163561
0.049101800961824 0.0543816658700155 0.218058265571002 0.0902509806015349
0.0360377734346557 0.0644267939780645 0.157050621438495 0.099914175884615
0.00154621863074115 0.065629793131077 0.0764201948962211 0.0951487403607125
-0.0255382792846726 0.0366126540645614 0.0281889144604441 0.0282928584300889
-0.00555341292690803 0.0226903185796849 0.0362371529280323 -0.0146623850448427
-0.0162037120262753 0.0440522051670555 0.09477586992814 -0.0606869075223105
-0.0508690107201974 0.0742285750687273 0.26216084353123 -0.099536348445835
-0.068588969089968 -0.0274855152255478 -0.289433109825243 0.0923231319396384
-0.0894005262012532 -0.00524483073369304 -0.151530761772017 0.10948922470145
-0.0517273349500873 0.0633625473897424 -0.0443294455951262 0.0407929671315471
0.0141816207721822 0.0697784073231631 0.0111650449062705 -0.00910351259281047
0.0367427452937301 0.0314037831345958 -0.0413163113472339 -0.108927650176092
0.0349738300090004 0.0156888911008028 -0.143417517063369 -0.132791655389517
0.0365755090641125 -0.00447946169350674 -0.223463057494966 -0.120253633481428
0.0397874492098903 -0.00430811883081362 -0.255014100995455 -0.103579205910828
0.0508092214618306 -0.00477767625417099 -0.250436899857535 -0.119976781582488
0.0598195306387091 0.0266110443367049 -0.194220690611912 -0.149353986251603
0.0432981997471681 0.0553550793531528 -0.0954236090002216 -0.146672951830421
0.015931084575138 0.0948501635904917 -0.0262534547178969 -0.0469659743604651
-0.0710755523823288 0.0760996901699642 -0.072245257077787 0.0403683152131475
-0.109723309846466 -0.00919211242990493 -0.190233389667559 0.0429598030824859
-0.0812083101606836 -0.0425934945332876 -0.348938858430046 -0.0354388288303572
-0.173687450092621 -0.00868572957582324 -0.271657429381165 0.080402990866337
-0.187471558452043 0.0222046220168721 -0.158475086739981 0.091795617776546
-0.117468826263277 0.124536731825305 -0.0627453377643671 0.0499584593713953
-0.0130960656144235 0.162685487211676 0.010812404982482 0.00981303879349028
0.0584269833561993 0.129080377642976 -0.0247601496364554 -0.0955392678582186
0.0980596434753261 0.095179421261938 -0.113583862106317 -0.124406474243393
0.123166531816414 0.0479770436760912 -0.18894588543081 -0.113847930278971
0.12916781393897 0.041876092853259 -0.215586500580365 -0.096798119953924
0.139366958044896 0.0369166994203666 -0.214352083798829 -0.101425444720072
0.147655477622846 0.0956685457316698 -0.175491142993476 -0.125095568695114
0.0986568826792211 0.152318769529344 -0.0933467918909586 -0.125172560312255
0.0379398339020631 0.212905949441199 -0.0177472380406887 -0.033218109127423
-0.113934421494615 0.195009861075733 -0.0609117196465851 0.0656352353213855
-0.223754190664101 0.0724471817084739 -0.166054186896929 0.0675131245368878
-0.218211936094367 0.00530242435817777 -0.292108675948493 -0.0175363815848751
-0.258819201848279 0.0056123562454795 -0.208645626471902 0.0756188027048535
-0.274896278403145 0.0452009883889807 -0.138487763441557 0.070506725155217
-0.182360343609765 0.176095766233012 -0.0792494661047597 0.050752406952816
-0.0482402983824779 0.245844215419015 -0.00362360222106517 0.0294282903766682
0.0691871849493913 0.22128732584892 -0.0154112525047531 -0.0607416713561314
0.148124135211697 0.170468231076165 -0.0729730098791011 -0.0882015173985814
0.192417627574766 0.0969579979682827 -0.125648888751923 -0.085257878276919
0.198371510675871 0.0803824660266237 -0.142816296221786 -0.076646151324098
0.206059684202222 0.0673632345818611 -0.144662297529024 -0.0720776177296675
0.220182939117193 0.140222638182462 -0.126895855553277 -0.091163663505961
0.153485628797572 0.220970740026419 -0.0729374764478381 -0.0942757540814082
0.075437523708964 0.301469955119275 -0.00186370416855809 -0.02454776707217
-0.12204303743876 0.294766783857053 -0.0345172248469611 0.0723069037203078
-0.290717280844216 0.155193825775044 -0.116325900996083 0.0707502244489704
-0.313294751647072 0.0614584991451835 -0.194523992243807 -0.0160270140346586
-0.311772812623891 0.0217909176633533 -0.106943788773621 0.076920407872056
-0.333915540008492 0.0732541580148933 -0.0826164997682001 0.0488645045888984
-0.227201436801803 0.220892665972656 -0.0793540027029192 0.0427808633152638
-0.0702345158637911 0.309547696363737 -0.0220270800342546 0.0486058562825001
0.0757185915503463 0.289384051275024 -0.00784595401673036 -0.00561040936146265
0.180251232334897 0.223217998044486 -0.0213601797267699 -0.0273004705667464
0.234345421757731 0.132253655426826 -0.0430961792972878 -0.0371164110923861
0.23679083202575 0.106251493903649 -0.0495723291484909 -0.0451332835770983
0.240413862381415 0.0871565442751798 -0.0540398744418345 -0.0403303581249918
0.256704092167289 0.162827203059836 -0.0550966629720303 -0.054887168695454
0.184661940257827 0.254617009168557 -0.0324587920148146 -0.0582352988741601
0.101189447453161 0.342582713332661 0.0187460908258431 -0.0195725824538949
-0.110954207749467 0.343803295064314 -0.00334117550032585 0.0599168628083652
-0.307528721354357 0.20773743095212 -0.0535214799859938 0.0472766898438063
-0.353720289764121 0.106895245229362 -0.0738793437160971 -0.0328201707708068
-0.319814447333177 0.0418895739977405 0.0211929347448007 0.0806443847761756
-0.340833899829014 0.100449772138607 0.00364786439439992 0.0268943860478613
-0.229484262172922 0.243088946889282 -0.0572457685503767 0.0310497608530403
-0.0704608015806784 0.326182457961095 -0.0331296707722867 0.0659327934033981
0.0782667910598475 0.308067765067834 0.00471473885025576 0.0596849924238223
0.187339540726804 0.237568022317558 0.0387041984556765 0.0462876104607422
0.241800872113343 0.144211442942027 0.0497729070603627 0.0195751884064883
0.239336115508997 0.116447247183601 0.0504665968372792 -0.00771087579822856
0.237362701040261 0.0979528429958097 0.042113917454708 -0.0069735403873434
0.24831407374356 0.167109027557863 0.0249098786667426 -0.0181804193610593
0.175392124982302 0.253108788247187 0.0161033557035193 -0.0208501744187335
0.0923915625320945 0.32617396207253 0.0384081493880805 -0.0130601429804071
-0.0951793676761658 0.324061950043139 0.023037647643633 0.037169039331377
-0.279661845139842 0.209752366166448 0.00557592397961287 0.00839013527024765
-0.337139244819543 0.12809944539803 0.0477065313629996 -0.0598539092254446
-0.275295736265811 0.0603705922387272 0.154514271927753 0.0788525627176899
-0.28158321606232 0.115804174073144 0.0990157581232396 0.00317141329861692
-0.177630897729827 0.220855921271304 -0.017312327260993 0.0184599663257366
-0.0482142107392223 0.27425774529188 -0.029953072455424 0.0757554795570286
0.0690630243223371 0.26275179936671 0.0236895591753456 0.116514778787409
0.165377668121655 0.204326944706465 0.099049891069702 0.113029980175294
0.211024573375381 0.129442520168533 0.138262553339698 0.0728464166334991
0.206029483715241 0.108526779556072 0.142883998028753 0.030352727226035
0.199922046185572 0.0988562737843144 0.128062228123122 0.0271895124632546
0.198684532053889 0.154528580027901 0.0950242234293106 0.0205948108787005
0.126463718769981 0.218827960027978 0.0570791490895318 0.0188558890088866
0.0491996589457498 0.257527854004354 0.0488150233314239 -0.000999776310622096
-0.0795829141696852 0.242757324101523 0.037502570015522 0.0157973206522935
-0.216478567354397 0.165454266462203 0.051232560406027 -0.0278047822063614
-0.272943380065953 0.122459930684384 0.153152013231204 -0.0859724783999187
-0.182171703452426 0.0700187516930063 0.26875153997048 0.0683026792887252
-0.165679254053236 0.103252425004738 0.179964847351939 -0.0239710884961152
-0.0884799662180227 0.149381154199719 0.0273569775977451 0.000769855825320269
-0.0202077069319977 0.165043937177655 -0.0169370642073663 0.0697389200847496
0.0452152286051679 0.169234688414093 0.0437134213043803 0.149382169970198
0.112185440459788 0.13603810350698 0.148276167887697 0.156602651526541
0.145571988588721 0.0933027068993336 0.208564585196108 0.112476035399548
0.141587855620774 0.0846460948736359 0.213622731441181 0.0634910882148302
0.134475107967128 0.0855114702924799 0.191956499227338 0.0608132831479967
0.121805203981607 0.121849249238205 0.142288616891556 0.0615687444317218
0.0609408571583519 0.154712982608997 0.0781103451275073 0.0600281183161032
-0.000151837223180053 0.153004329153934 0.0438765427716407 0.0151435305878058
-0.0529190690339382 0.129735464282616 0.0401033998944855 -0.000671868472421897
-0.12435463482357 0.100443890954447 0.0801078052266022 -0.0518368479265868
-0.171985734863575 0.101268503086105 0.229094262525758 -0.103076579697731
-0.0564195065860637 0.062160192783814 0.343423809518912 0.0488890737986461
-0.0258867552788501 0.0596540886417129 0.228768343823069 -0.0555444157966924
0.00186757252643711 0.0443832798073266 0.0612234894661186 -0.0263862212626822
-0.00393648071084051 0.0301939921947052 -0.00584601422417688 0.0485624395048444
0.00608668427502486 0.0552692156981557 0.0578927916104255 0.154459856218126
0.0376216078642519 0.051515048817366 0.176394100618909 0.169759098216422
0.0547565901392402 0.0465665820064834 0.247898221387641 0.129019463817104
0.0551942043913693 0.0484200696726986 0.25251376796405 0.0864806154620103
0.0521117735617819 0.0562072263798735 0.224418972432346 0.0900171995303746
0.0379602124071997 0.0662592138246484 0.162870515652007 0.0997683804520834
0.00215398062630485 0.0675478612884914 0.0791312436671175 0.096609179507453
-0.0265165825856053 0.0374511224318243 0.027228065620023 0.0281571025952047
-0.0051885273598586 0.0222017815756852 0.0360390277334612 -0.0150419605143339
-0.0164600424894388 0.0448171672005343 0.0979018451702253 -0.062519114218387
-0.0506226290623814 0.0761865385277551 0.268389666284885 -0.106811640619313
-0.071475854179933 -0.0256330884334056 -0.292249408620043 0.105176207113249
-0.0928233600576063 -0.00102148780019172 -0.150688227785384 0.118112465632019
-0.0494094926032206 0.066866494251009 -0.0435536673816782 0.0433404082837732
0.0183807113562028 0.071175307071432 0.0125621124105276 -0.00981120441909801
0.0390791220158332 0.0304360212575268 -0.0447507721742989 -0.109719764375521
0.036857895220038 0.0143128224803345 -0.151796976007529 -0.128997078652692
0.0367412058508359 -0.00534457591631996 -0.233643479552345 -0.111954392718511
0.0400817528980336 -0.00615493111345251 -0.26518132154053 -0.0948046370324603
0.0511645797756106 -0.00769284252868563 -0.261855043089468 -0.112929573727
0.0629875738860212 0.0237925874423278 -0.207134754313241 -0.146084985215776
0.0471287610609921 0.0554838718740991 -0.105000707315514 -0.148254625337794
0.0207826901602535 0.0970865888359474 -0.0286209250485444 -0.0492375625568694
-0.0704880837603033 0.0815714600294473 -0.0708631792182806 0.0414299682325361
-0.113565034332033 -0.00451385299880423 -0.19431658236239 0.0496194995358623
-0.0859327477713977 -0.0410259298553686 -0.358455506876138 -0.0219774869968842
-0.176628351205172 -0.00330221239683043 -0.27517641035959 0.0928040841938374
-0.192001921466379 0.0302725892613948 -0.159074487920421 0.100331781865642
-0.113843638339698 0.130609769027577 -0.0629056314431092 0.0534473422600222
-0.005829476450143 0.167287684107385 0.0130403490294768 0.00946972408080776
0.065131611854297 0.129318476374002 -0.028673592059216 -0.0964247964555477
0.105049548952048 0.0928660708043901 -0.12124125662617 -0.122052218077561
0.128791607774473 0.0441163450326195 -0.197895975172559 -0.107540852730462
0.134203473977433 0.0374710966126751 -0.225188402884546 -0.0902706378713919
0.144310178640921 0.0323144022816259 -0.225044252836582 -0.094662807695964
0.156327701438353 0.0912906219944616 -0.186920735311451 -0.121847444979094
0.107662806095249 0.15350575993966 -0.102125538195201 -0.12632804161546
0.0482745188492702 0.217255143940624 -0.0200696147943901 -0.0357856919589462
-0.110068331398476 0.204788030374128 -0.0576620606764097 0.0667109392794811
-0.228235466408896 0.0835092036137248 -0.167568891756528 0.0746674954299259
-0.223651666178652 0.0118317812990744 -0.300142637277919 -0.00641359638196014
-0.263506556122001 0.0148116838674174 -0.21185606447025 0.0852998589691911
-0.281308990876471 0.0573540202182611 -0.139936310335182 0.0778249946402101
-0.179022652849974 0.184756278618172 -0.079650092064665 0.0555291288390451
-0.038797964185801 0.253527226870407 -0.00110577763242396 0.0309006239175015
0.0796573100799648 0.224424614140981 -0.0182647765836994 -0.0611439153285119
0.159410012346122 0.168147563311443 -0.0780237343224142 -0.086769034993051
0.20202507681513 0.0919423265427066 -0.13168356173617 -0.0814652841900844
0.20670966301603 0.0741312040698174 -0.150701141514892 -0.0723024431658588
0.2145832956225 0.061697708163578 -0.151502181019101 -0.0679246937743215
0.231304353578217 0.13444288154727 -0.135925773864967 -0.0881978653390892
0.166998766262913 0.222092258546506 -0.0795004267089088 -0.0941153360747312
0.090476442291677 0.30661687691349 -0.00479530990977464 -0.0275654452148465
-0.114586426044552 0.307548110386107 -0.0300808202328367 0.0728855904966063
-0.294126302304493 0.170219840943752 -0.115858618744685 0.0757402994327211
-0.31958884982837 0.0726986809639128 -0.199685101001926 -0.00948749876599822
-0.316623254296061 0.0323302981073711 -0.10761018990266 0.0836712943363581
-0.340757398623429 0.0870465860455443 -0.0839518033990097 0.0539363217875639
-0.223461638958801 0.231974724681271 -0.0804395647757453 0.0480999425481785
-0.0597222800716595 0.319593804717002 -0.0198271043237915 0.0512607146071007
0.0888343606804513 0.294020965841607 -0.00957490732508572 -0.00426578594339946
0.19456945829478 0.221554859395103 -0.0224912071461039 -0.0265785183145776
0.245872055532532 0.12514911328571 -0.0444113064694785 -0.0367640482835685
0.248037839852861 0.0994093171478463 -0.0536444753561761 -0.0441726019863575
0.249902940859066 0.0810872174440633 -0.0570361202608998 -0.0389317135432256
0.270509133327322 0.155927032440488 -0.0607054096379032 -0.0537514919297027
0.200794505618398 0.25582258437304 -0.0371382447571317 -0.0585315823482886
0.117829367495027 0.346469785029529 0.0155591819379807 -0.0226975077044003
-0.101268134066654 0.356795532810812 0.000867777588117762 0.0591685397911022
-0.309545972389179 0.225557342241044 -0.0516371232573178 0.0496570168730217
-0.358409445498677 0.120153741000905 -0.0772398248967707 -0.0320345732545151
-0.323940217271214 0.0519084716001667 0.0235328179478828 0.0829683387512415
-0.34698359617645 0.115110081515725 0.00404192546592399 0.0283136941126874
-0.225649064035061 0.253937304998515 -0.0581148829203885 0.0353841373546287
-0.0597368592012257 0.336938262588877 -0.0303114594936233 0.0697825790253168
0.0919777000533926 0.313540419639967 0.00457698002436837 0.0621054740980775
0.202509126816565 0.235581613693303 0.0416517148747693 0.0459010416951722
0.254041573041944 0.137650669548299 0.0527512569828997 0.0175820014300609
0.251058128701919 0.109901365148554 0.0498490052470671 -0.0102905200214639
0.248367644025859 0.092360866094897 0.0429562351195804 -0.0086350938029373
0.262484955997255 0.161337217848263 0.0231612277372606 -0.0191427741887041
0.191138682773654 0.25446874023609 0.0147403193251588 -0.0216605384466277
0.108792971462477 0.330037765078397 0.0358623399083254 -0.0160746748098289
-0.0851966546541347 0.335984103906093 0.0261568503091362 0.0356170142859432
-0.280955203730119 0.225542910894608 0.00771991771599176 0.00822891448268432
-0.341443806955271 0.141179409231267 0.045921333216765 -0.064387777627339
-0.277835519140496 0.0700471522069775 0.160006389656329 0.0767356690052
-0.285277368037644 0.128116408117108 0.10072874978494 0.00101644204703866
-0.173424722881232 0.230346416287853 -0.0172937760603579 0.0210678280575616
-0.0397416025651039 0.283571688491041 -0.0275776549090216 0.0800321175758342
0.0812765152798722 0.268328306028083 0.0263821198322287 0.120226304789474
0.178445197008131 0.202492358195941 0.106148323154912 0.112413738736762
0.222578531188452 0.123735652211414 0.145732605034464 0.0681953854667799
0.216885640104193 0.102994606596631 0.145883362938811 0.0253871082908954
0.209569169836134 0.0944096177822214 0.132236544195219 0.0229749254714385
0.21001712582641 0.150174960202116 0.0974126621621775 0.0174869674834593
0.139791220894436 0.220741708340007 0.0586087268719145 0.01785903553935
0.0609401905327562 0.261272502658328 0.046925257825563 -0.00353800255407801
-0.0724604525491314 0.251457504305088 0.0400415565916193 0.0135333852901966
-0.216672907472724 0.177661415531329 0.053225427112544 -0.0306961088502824
-0.27471598596188 0.134143720101839 0.152975375242329 -0.0953957066005792
-0.182501974916524 0.0777909019580258 0.27764843627746 0.0618804780949085
-0.166058572029602 0.11133595672622 0.183056379192629 -0.0296677326379255
-0.0848398553946975 0.154885295470064 0.027585291676524 0.00127456586504833
-0.0150654909049007 0.169248232138275 -0.0145883273320367 0.0738514774807033
0.0534081295367003 0.172259660541338 0.048643499334835 0.152872077696262
0.120921130635065 0.134297343728052 0.158552722381168 0.154761528947488
0.153625792402723 0.089275387494671 0.219131934655036 0.104441026110945
0.149934714438127 0.0809963639104182 0.220396642852586 0.0561249708685067
0.142588727336928 0.0836234680376733 0.198601477322074 0.0544317745129638
0.130062754176711 0.119884174729832 0.148142991964288 0.0571770812525247
0.068814920859451 0.15629641587975 0.0824443337771452 0.0591726321340765
0.00588415201667364 0.156197496983825 0.042964691011086 0.0135529011281649
-0.0493654178032349 0.133722979996698 0.0410652624996582 -0.00241292518199763
-0.12453828251446 0.107315502180045 0.0817108286304615 -0.0562581624661506
-0.171163680088226 0.109261297263202 0.229557045130285 -0.115537170474354
-0.0543231523124359 0.0656021376379812 0.35255120090166 0.0382849838373038
-0.0233736330887606 0.0614028385538631 0.232112319939128 -0.0643119007596978
0.00407008716456728 0.0444673808429522 0.0617402735665666 -0.027228551974981
-0.0039662675307704 0.0303708835991773 -0.00481357295090373 0.0520730546380796
0.00881863016388529 0.0565606576188571 0.0644619066244971 0.157921249605838
0.0408349619599786 0.0507302433694612 0.18829984248297 0.167024376424706
0.0582039264204586 0.0446228243346168 0.259482122121036 0.120184831065873
0.0596174583256706 0.0472603909580074 0.261487859581567 0.0782501582730417
0.0568320269941925 0.0560463300094813 0.233429806923426 0.08256723528432
0.0415981044055003 0.0666205707488694 0.170902766853368 0.0952536553502177
0.00497442779950537 0.0688666645731439 0.0844771712901107 0.0962200634965227
-0.026550695139162 0.0390016319579641 0.0271657294738747 0.0277292534981837
-0.00423673444573192 0.0217132605819645 0.0353581946467806 -0.0169296544543365
-0.0154048427992217 0.0462875989645712 0.0990168654655084 -0.0675227760737729
-0.048110159313256 0.0791704724733401 0.269618344522854 -0.121360627689539
-0.0494280107396422 -0.0536663873033666 -0.313713516371737 -0.0360447147362824
-0.0822824906780422 -0.0416737096867929 -0.186602136162327 0.0410674448976267
-0.0734386212933761 0.0387363593840647 -0.0560500388568808 0.0190964031129026
-0.0137626290632782 0.0728033441480639 0.0194298776736508 -0.00330265742017558
0.0204546645777728 0.0453939439568822 0.0114010197602332 -0.119705011663333
0.0256426430190434 0.0306725741834596 -0.0771773694960016 -0.184010508980286
0.0330571708920703 0.010963368508192 -0.159679582395753 -0.202884408709827
0.0375675073886446 0.012631190916247 -0.19562481861231 -0.1989222194141
0.0465608832871017 0.0153270541867756 -0.186509191551845 -0.214182149552971
0.0454203604742778 0.0484677952217874 -0.123143597370287 -0.21951257448527
0.0178503793665597 0.0716741283258365 -0.0304994587651531 -0.178665799640508
-0.0240929975350822 0.0956036703419529 -0.00394435992854152 -0.0555140466120821
-0.102073399242618 0.0429150539597102 -0.0828739969208188 0.00229812974194895
-0.104346228590175 -0.0537731529103082 -0.197417720425 -0.0497637926542818
-0.0605236696438559 -0.074016796675544 -0.309488410822696 -0.191807946361186
-0.154031476151791 -0.080413160053399 -0.291068686292973 -0.0360359811962471
-0.185940196340206 -0.0580307596299334 -0.183818296641815 0.0218421381070105
-0.15949462511782 0.0670815283368955 -0.0744591165810084 0.0208021081442746
-0.0769830914388952 0.146852622520707 0.0139731255275977 0.0153476301595911
-0.000298026841113644 0.146081878504044 0.024485277027053 -0.101666766171106
0.0535000531430288 0.130629090897305 -0.0514994190102614 -0.167088135137266
0.0952990664319082 0.0958873948291255 -0.127982642175999 -0.184507015453747
0.104383639236588 0.0945592069487279 -0.161282096721482 -0.178446117965053
0.113344741155718 0.0929020153712223 -0.160746421975964 -0.181690625220348
0.10148062111857 0.150111084821143 -0.116924669549148 -0.188524045487288
0.0306080447991783 0.187876872848732 -0.0398873802673243 -0.154415334042951
-0.052352278832298 0.215349296946037 -0.00548672569446509 -0.0380080575079118
-0.192829841780719 0.135636553218595 -0.0853716461418658 0.0309189283306878
-0.246318397741327 -0.0247426376889981 -0.185210783619508 -0.0180330970256432
-0.207248687325898 -0.0878509379005436 -0.263379910224895 -0.153242258507774
-0.240059326347874 -0.104566638238022 -0.231142858330488 -0.011075593677535
-0.279263558451092 -0.0733807025239623 -0.153883890482369 0.0110917020664387
-0.241865461291501 0.0857387273545553 -0.0883763638419986 0.0163584605936906
-0.145198405434035 0.209841214274533 -0.00588515121417321 0.0289672963134509
-0.0293788034238481 0.237237128676373 0.0211471740700916 -0.0643312046301015
0.0695983029056535 0.221788179987649 -0.027049951434108 -0.117237657549191
0.142231039489041 0.171801306477622 -0.0793151989455144 -0.132495477039983
0.155179796472053 0.160913479970821 -0.102137853424056 -0.130348439231602
0.164934225835189 0.15023527061504 -0.106813976826917 -0.125539771084626
0.151819035962896 0.220643345268997 -0.0857316892928621 -0.133730111349258
0.0540606709555634 0.276262462423286 -0.0348647987555228 -0.112975405058741
-0.0529598030394728 0.312424234767732 0.00238910207673788 -0.0208500178328088
-0.242455868611643 0.2254427229402 -0.0656420409502725 0.0501756471006652
-0.343394098349506 0.0236902947762009 -0.139639582194729 0.00499249966420755
-0.319323156460155 -0.0766321451127765 -0.172307181124524 -0.109676983840691
-0.296547582489272 -0.114347093449996 -0.135664567762542 0.0360176311983616
-0.34622893874618 -0.0735520053584576 -0.0908354286090623 0.015159244047114
-0.304483731493741 0.108034937123432 -0.0834956696766255 0.00969313779046179
-0.19354026668165 0.25887564095598 -0.030569204486587 0.0407091789682232
-0.0514608525738948 0.303791414438533 0.0068647122318846 -0.00986221423473236
0.0785029809872562 0.285569892308182 -0.00341814186789982 -0.0397044680506635
0.167834394856167 0.222454000521948 -0.0203612302265755 -0.0548879256487464
0.182063166240943 0.203028038330903 -0.0275501183786992 -0.0636458199345976
0.189713513072324 0.183823684539936 -0.0347619967601974 -0.0579785895241135
0.178197682375864 0.257957154665271 -0.0336283878435628 -0.0700175653701154
0.0710770043331104 0.322109668333036 -0.0132441107600385 -0.0600076625219359
-0.045469012574891 0.360367479896652 0.0174987732483487 -0.00541693783588132
-0.252582709505359 0.275559371575749 -0.0326517335849468 0.0528745988639656
-0.381205333486073 0.0655353324921807 -0.0699366718861503 0.0114624390046406
-0.375056495218041 -0.05224567777693 -0.0517038982411117 -0.0725864001604783
-0.313477916990995 -0.101037625789729 -0.0155925107604572 0.0951750561550769
-0.367334648219118 -0.0519710907790649 0.000660079173258946 0.0315727369185693
-0.317894077146796 0.127229396128828 -0.0575363165318858 0.00829215929880749
-0.201359669747592 0.274172510054461 -0.0480049670257892 0.0528832839154341
-0.0576004763874543 0.322572654223234 -0.00994218326065094 0.0572588382191318
0.0799755679972486 0.301286332094528 0.0217165076175711 0.0541309879115621
0.170465622292881 0.236716909355274 0.0428450779106451 0.0363062377108713
0.181334191714627 0.212908572753558 0.0503466172865462 0.0122117357492261
0.183481223569478 0.192704601267075 0.0418623460692007 0.0122925238847822
0.168835811682891 0.258680199698825 0.0262755657149616 -0.00260331259552378
0.0639419316455214 0.316766138200398 0.0163401712471828 -0.0045292281366465
-0.0463221811064821 0.341020838217903 0.0313989116374873 0.00918372680550002
-0.228045853185458 0.262857762121382 0.000820383125337155 0.0437035807165467
-0.353874322122399 0.0775620486007146 0.0021008053600596 0.00239392427106368
-0.368309474156513 -0.0255189723052771 0.0744595459132266 -0.0428149727120423
-0.280787394345458 -0.0654354033258607 0.111226588861053 0.150935874608879
-0.317529584872517 -0.0125976741055575 0.100372912841986 0.0486544253575186
-0.259948187327405 0.128124795808245 -0.016348527682739 0.0132206328101665
-0.160359370039419 0.23466947464635 -0.0520314380874038 0.0629616239112238
-0.0465330892095561 0.277103931569469 -0.0186376777147957 0.118741076332626
0.072968374359147 0.261089236895753 0.0494644824501454 0.143576585684996
0.149098772420912 0.20978622514224 0.102768087843911 0.122902469591145
0.154748752915695 0.191242746178486 0.12061105063005 0.0853008054818834
0.1493992278819 0.177886637534243 0.107915062624482 0.0788692035177946
0.127024406386043 0.226367691806288 0.0773073425512093 0.0609905180608793
0.0320307538411479 0.262322386662036 0.0387952014116342 0.0478192511606755
-0.0581537004721507 0.258612382908435 0.0362853465814979 0.0235072097487193
-0.178117304103111 0.192257506503415 0.0242789073246254 0.0302203602397597
-0.273574322258498 0.062703178051444 0.0624282708797467 -0.00942539012892693
-0.304572665405017 -0.0020109431899527 0.184679697405196 -0.0188345234705411
-0.199780231841673 -0.0159311110651374 0.225605362049278 0.187781085745227
-0.202629989587134 0.0247361745275006 0.184644191423328 0.0563816594411818
-0.146135755135685 0.0995494067052248 0.029856575954038 0.0147259113231732
-0.0884322655793871 0.143051892105395 -0.0415746785300131 0.0622930745112288
-0.0280793060761578 0.177355928825286 -0.0175614332448531 0.160109932825341
0.0518280047495006 0.172906440074087 0.0760306527320069 0.206899883009851
0.10263218219002 0.149028761295039 0.151807476732592 0.189069163085987
0.102491381323074 0.141199756237401 0.173117038406628 0.145378527969781
0.0942984992409727 0.138064544987796 0.15405819675366 0.135136437009871
0.0680184193880942 0.164470229874853 0.105548333986856 0.117233526085628
-0.00413746022007542 0.172927038647312 0.0435539739347383 0.0928061199017285
-0.0619793533525047 0.141433372901929 0.0265627744303186 0.0338943393617814
-0.103899809002259 0.0973901283279387 0.0343931494340671 0.0161539346004343
-0.159088229663851 0.0400265609760678 0.100777879320742 -0.0160238780845642
-0.200134486892783 0.02189628160987 0.26219995111182 0.00119137215813642
-0.0798019586106226 0.0306421459614021 0.30366515387096 0.197423546157185
-0.0512917680825659 0.0423291835000061 0.240323000228529 0.0456650562932894
-0.0166807021305943 0.0408255338763514 0.0688915428586759 0.00385791269025907
-0.0178408435320368 0.0239963207665285 -0.0277807504060866 0.0468997096958496
-0.0158540032753449 0.0527421279276345 -0.011401095689648 0.171965217670821
0.0158673179220242 0.0621539307980832 0.0951585114226498 0.233905206043799
0.0357865310185971 0.0667399738055963 0.180249092613668 0.221825143508155
0.0350524968133904 0.0699265011902224 0.200410356067173 0.182158356811908
0.0290657046606238 0.0753501864609823 0.172786485639001 0.174388152767264
0.0105852636812678 0.0784578066006221 0.11034345548066 0.15857490622656
-0.0248555251307105 0.064429248100847 0.0315360782482816 0.123901228364874
-0.0405656096874236 0.0227849390395816 0.00870548656767723 0.0368327192353631
-0.0128035153676011 0.0159527645682737 0.0383017077094233 0.00148467279094691
-0.0325920890019902 0.0336454689328725 0.120521989824686 -0.0152189474137454
-0.0764610358768734 0.0486448508398673 0.299484328809464 0.0175051107666385
-0.0507243277138851 -0.0506657429658366 -0.309909926654 -0.0222951379123465
-0.0836836307815518 -0.0364474656185428 -0.180889301089037 0.0480116422875501
-0.0695570114589007 0.0414617372643589 -0.0535826514513722 0.0210815316807678
-0.00899255566293823 0.0725303258926735 0.0201017464036311 -0.00445810797546261
0.0219550258492634 0.0436280702038594 0.00675377020170875 -0.117305286616616
0.0270064292830103 0.0288705768803461 -0.0836432226249594 -0.176496583932162
0.0330890021726984 0.00934075239439594 -0.165814087256075 -0.190722292206398
0.0366860882299117 0.0105710094023526 -0.200809371722339 -0.186274097085873
0.0457501434554156 0.0126935127752326 -0.193158912492494 -0.201841656358904
0.0475152176233648 0.0455126735327271 -0.132687814889404 -0.211723736500738
0.020909918265132 0.0709693290001716 -0.0390115893775008 -0.176397322500869
-0.0190812807788253 0.0954990433784193 -0.00517051833687755 -0.056633410091708
-0.0991286068456834 0.0476675711670016 -0.0789435057801921 0.00375128301203414
-0.105511414325099 -0.0479626994308007 -0.196143944459503 -0.0412777849399033
-0.0635874983245949 -0.0702788348408355 -0.311948948752201 -0.173732927981997
-0.153750325667653 -0.0726859070485744 -0.288001905244942 -0.0228505822716062
-0.186314451958614 -0.047983036325743 -0.179213076778961 0.0298038259195542
-0.152325845579059 0.0716586712268385 -0.0727092575144351 0.0235642363550054
-0.0676103591753977 0.148302129557926 0.0153488804474608 0.0142175443646311
0.00652628812405005 0.143218369819901 0.0196445106923194 -0.10008382138962
0.0594678631476886 0.126140624116398 -0.0582844416774481 -0.160502135846505
0.0988352281545378 0.0897500699000043 -0.134115457958135 -0.174132473113484
0.107189432235826 0.0878857201697229 -0.166292710782673 -0.166838531018907
0.115449880376028 0.0860595688233152 -0.166312506657537 -0.170704673395858
0.107217067107862 0.141764906620334 -0.12530881950486 -0.180168956877718
0.0393387239001798 0.184728219803947 -0.0478028214845151 -0.151683910044781
-0.0405590178375886 0.21365176381856 -0.00683292843398498 -0.0387419947481462
-0.184241333675751 0.142581865078609 -0.0792937963728899 0.0321074121916872
-0.244579028017121 -0.0140676063697818 -0.182203858644776 -0.0111834579152918
-0.207824049502425 -0.078633617959044 -0.264587616167373 -0.139190430286487
-0.237521315543072 -0.0930068373170601 -0.227986210005573 -0.00124492247759008
-0.278039494926536 -0.0593194722878645 -0.151039994385038 0.0177875446097871
-0.232399239054183 0.0927442479729928 -0.0864022670386216 0.0196299531588063
-0.132280713465626 0.212155671414508 -0.00364648760346556 0.0296808169217855
-0.0176739589084089 0.23447582760135 0.0172279231649894 -0.0640009527077061
0.0802071478089141 0.214926143530285 -0.0316027952056471 -0.113446868258516
0.147860593900649 0.161209867166859 -0.0833761084300586 -0.126471979361513
0.16087257710713 0.150590942511331 -0.1060280959477 -0.123088603459478
0.168754908433634 0.140693087214897 -0.110599909463725 -0.118651571952458
0.159817682565509 0.209944816136861 -0.0926610297119923 -0.128011767366064
0.0668362527121527 0.270928645497341 -0.0412526967905697 -0.110196485388907
-0.0371015265771524 0.309450709749464 0.000568776970661767 -0.0223142257190567
-0.229602096977966 0.232854287340091 -0.0592416986895485 0.0492711832883133
-0.338625940920556 0.0376384998255917 -0.135652193203464 0.0102589868407667
-0.317270579246216 -0.0630823251602219 -0.173069503494875 -0.101037118156359
-0.293480610553073 -0.100582941162482 -0.132268462017269 0.0412716402740999
-0.344963266414514 -0.0576843319892188 -0.0889817745120934 0.0198120751103466
-0.293258805419141 0.11571595864613 -0.0821191557357002 0.0139655278649949
-0.177896330300492 0.262471167572442 -0.026948907643007 0.0421639108402846
-0.0364466739446566 0.300888066294704 0.00453673631144188 -0.00923212082954443
0.0912053325528908 0.27665303580578 -0.00523214809425108 -0.0380965600869437
0.175768145763522 0.209311178253238 -0.0218297510413174 -0.052964828562248
0.189848401891005 0.190524288088529 -0.0304070546199007 -0.061343220898113
0.194619641613614 0.173306178666247 -0.0364228248171033 -0.0561824879228396
0.187127312316071 0.244610116355789 -0.0384822863204605 -0.0668998388849664
0.0848645971350194 0.314968748344582 -0.0174435291585769 -0.0591420091548614
-0.0282157358061455 0.356132945360505 0.014912525224183 -0.00757270524434433
-0.237076018332398 0.281607668872487 -0.0267779354701006 0.0511588084925165
-0.374139836771321 0.0804860141427668 -0.0666413449173323 0.0136625781770908
-0.370692307170962 -0.0369306077703022 -0.0534963929673831 -0.0702168027345105
-0.309314885439943 -0.0868698636251866 -0.0124127121011032 0.0955181673129341
-0.363645889916537 -0.0355289317929388 0.00130769570221519 0.0318072299397476
-0.305312007932543 0.135145388718458 -0.0565185843871083 0.0119128623281697
-0.18535907498039 0.277984511030158 -0.0447880341730136 0.0548488733603061
-0.0422600959149364 0.320013460578252 -0.00935228981913233 0.0573313832229637
0.0932088478818133 0.292116322570573 0.0237080328899503 0.053416122176298
0.178981271389128 0.223504777517921 0.0445102572292387 0.0332650163648937
0.189597096461362 0.200420299860561 0.0483817894068042 0.00923604637110735
0.190221528805138 0.182434703331782 0.0416969812405856 0.00979728635202367
0.178119422037508 0.246663988283928 0.0242210933502831 -0.00350831621716885
0.0778394844317605 0.309817406968972 0.0149128913629766 -0.00503173569709615
-0.0288618543389599 0.337090033840161 0.0295622106272397 0.00671199778572266
-0.213430293359881 0.268286619483619 0.00470725496250554 0.0412082641865199
-0.346477937507982 0.0909533091566681 0.00426873202443934 0.00248932313821885
-0.362845604390763 -0.0111211238350041 0.0716399441986416 -0.0460399832299125
-0.276181853073882 -0.0532220989589618 0.114894930013255 0.144512437667451
-0.313225107753333 2.13043159438485E-05 0.0998995286614533 0.0449492702375785
-0.249625289201156 0.134674846568788 -0.0149881359052887 0.0144695697214476
-0.148009956506898 0.237605984695389 -0.0486049258006469 0.0653132777582428
-0.0328379487346906 0.275200425025642 -0.0157190319194395 0.119589985555979
0.0844918938639572 0.252039639599168 0.0555029231503363 0.140094932191408
0.156585534762968 0.198279405968181 0.107872103802443 0.115547270437713
0.161911282375904 0.180632559780382 0.121134359044903 0.0780931930396767
0.155741121159387 0.168916305008453 0.109960338469021 0.072300449055105
0.135280632467494 0.216603471750806 0.0775948198248007 0.0568280712389676
0.0448595072312976 0.257907417474542 0.0398276177092797 0.0461719563636123
-0.0444255531435463 0.256265304990075 0.0345980401613765 0.0206935223498413
-0.166856339131495 0.19627564122016 0.0263968923569759 0.0277283286657882
-0.26755601014496 0.0728989810459457 0.062507207609337 -0.0117740677742964
-0.298048825448626 0.00970929720349516 0.179818779676982 -0.0280488333794763
-0.194654048992734 -0.0081120185577463 0.227740280602965 0.176570087362989
-0.197789364568155 0.0319996309427579 0.183566607293842 0.0481008243604554
-0.138452712249814 0.102668622059214 0.0304342201869534 0.0145596955898276
-0.0813568685044189 0.144519899703665 -0.0388493646103882 0.0643955039765967
-0.0194301608445032 0.176318225408279 -0.0124760940103853 0.159956238796704
0.0587899095876498 0.167219972438008 0.0845024401215115 0.201415680707862
0.107966070625874 0.140734909972312 0.159233228036609 0.177630709212287
0.108583894725348 0.133659118298773 0.17545505425927 0.134393295361159
0.100190835129174 0.131550567102875 0.157457187641741 0.125172387283728
0.0740666096647321 0.158588302541952 0.108614370234765 0.1101165241507
0.00409909411796688 0.170521392061589 0.0466481036293624 0.0898149691431344
-0.0542421525422655 0.140751504955671 0.0257676166852246 0.0318744163579831
-0.0972563040872886 0.0987800536003491 0.0343263659660365 0.0145292564089204
-0.154901143016214 0.0462517404381574 0.0988047310800018 -0.0199833633812713
-0.19463576239489 0.0288654527995757 0.256543401928122 -0.0124635912714003
-0.0756613757864962 0.0330469035507441 0.305555550599114 0.181792105920024
-0.0473393168335093 0.043018027086036 0.237693346346051 0.0355883069058134
-0.0136802026539379 0.0394937922205346 0.0681917914373422 0.00213885191135898
-0.0171546739452759 0.0237420156462113 -0.0258201073033311 0.0487847880692929
-0.0130658098946393 0.0525233544409786 -0.00419472981025618 0.171657515010124
0.0183532545272627 0.0598504590810676 0.105182737373011 0.226740051344578
0.0381690106829652 0.0628698136302045 0.188390898724602 0.208812834397912
0.0389560789765325 0.0668865911352828 0.203085045570555 0.170080521781621
0.0337872439025366 0.0730009791509082 0.177158211621694 0.163226132435331
0.0136692292463305 0.0770129388648498 0.11559655327462 0.150379461651894
-0.0213296707402475 0.0641005311688792 0.036750930945836 0.120433747440395
-0.0395230944915743 0.0233930768561188 0.00797212898832124 0.0354767673946188
-0.011221739465419 0.0152204000651372 0.0361597577986452 0.00040465754395475
-0.0305219126112661 0.0341686369900475 0.118736548703519 -0.020263881956752
-0.0720561925360655 0.0503837807597042 0.293844823381368 0.00245859120975047
-0.0511439385849001 -0.047698426826104 -0.303686434245159 -0.0144921758323031
-0.0840960037974308 -0.0320291358494161 -0.175360072615555 0.0516213669095092
-0.0663290642841608 0.0426306145794819 -0.0517719566555956 0.0217799206883809
-0.00514428399602502 0.0713528903191346 0.0210826387415512 -0.0048790601032395
0.022872407526948 0.0416063475859894 0.00416466500533006 -0.11511785802806
0.0273793786150378 0.0279188428852399 -0.0867393770987068 -0.169179951708602
0.0323067601099268 0.00813676825482712 -0.167063296281248 -0.179728035526825
0.0355347312378154 0.00895205056728145 -0.200367325564598 -0.175269321925765
0.043948205009984 0.0108170541685809 -0.194816131652893 -0.192196370207104
0.0478440700398597 0.0423901857662504 -0.137662431314327 -0.203193317122051
0.0228072974516601 0.0694555756655549 -0.0438438737827377 -0.172745286958371
-0.0155696532100572 0.0940718065294701 -0.00585973396108345 -0.056560525983617
-0.096134764251398 0.050278426307074 -0.0749714024886871 0.00319566352981742
-0.104913469852913 -0.0436001331266166 -0.19256994281668 -0.036357576097344
-0.0651058881551943 -0.0667384797357063 -0.307068508297231 -0.160965655779538
-0.150600709672287 -0.0671405741759033 -0.282214814674352 -0.0157597781977208
-0.183774239479809 -0.041048289441398 -0.174179902197373 0.033986441438262
-0.145736712932028 0.0729982934667049 -0.0706831608615165 0.0244801801885046
-0.0598369129637847 0.145830636282203 0.0164282135656073 0.0138045899508763
0.0106534199748732 0.139333016404964 0.0162813907388488 -0.0982862371046978
0.06213156949682 0.120578561706351 -0.0608839524347858 -0.154489735740014
0.0986203334822921 0.084215783516024 -0.135155768529954 -0.164691479678351
0.106857908124913 0.0826188470075423 -0.166415972827918 -0.157611586447678
0.11395576935513 0.0805081757753683 -0.166861432016255 -0.162101701743286
0.109063326092911 0.135099769086752 -0.129530927306893 -0.172267071519191
0.0437029007103152 0.180730465670623 -0.0519609363068581 -0.147700603772701
-0.0332528859312825 0.21066402409699 -0.00776506971985465 -0.0394930936671911
-0.177165036958794 0.144830078365518 -0.0743779340500565 0.0305447464936938
-0.240996460051228 -0.00726327715591357 -0.176896702864056 -0.00717815512196772
-0.205621796335035 -0.0716135309884536 -0.260800211609337 -0.128929645797559
-0.232584948801274 -0.0858297545966021 -0.222484274406923 0.00498123379339835
-0.273315127475247 -0.0508175037762711 -0.146982268790907 0.0216474878351025
-0.223227553262079 0.0946655292675499 -0.0843466155556227 0.0214782884799188
-0.121281748837463 0.210449872490818 -0.00180675830324987 0.0289824620950771
-0.0100745980688733 0.228988308588028 0.0145656626180695 -0.0621467032063528
0.0849176861609755 0.206404745497858 -0.0338398664480719 -0.10895085089229
0.148727245758363 0.152353839571132 -0.0843273730928643 -0.120310806236172
0.161178250336047 0.142029765370301 -0.107494735470842 -0.117148858155138
0.16800477821635 0.132727759809056 -0.110678467736014 -0.113463678286914
0.161962166227129 0.200352017642005 -0.0960205987034425 -0.122332949027187
0.0740329430348058 0.264498397777495 -0.0446489483557709 -0.106764291134519
-0.0275312660688992 0.303150426583378 -0.0007214480303067 -0.0233949890589103
-0.218766655195922 0.233344832244875 -0.0539087456017259 0.0466467970912518
-0.331799702697721 0.0456903513259178 -0.13100849255381 0.0133256924160156
-0.312000143906015 -0.0543632014240662 -0.170508125286623 -0.0952123261100333
-0.285671456649848 -0.0923914307852457 -0.128624355613643 0.0439137923402571
-0.339151494301089 -0.0475245265859639 -0.0864410653045891 0.0222498100162909
-0.282376651246262 0.11783304649511 -0.0797616300510917 0.0158705790064555
-0.165837982597572 0.260253082477175 -0.0240264389602536 0.0425480195405272
-0.0269477373876001 0.295513568893044 0.00237200833409396 -0.00808831358206456
0.097631973903979 0.266528438982881 -0.00577696560836986 -0.0359205726257283
0.177385322889913 0.198945571070276 -0.0220586829844525 -0.0512578664072139
0.191293218908391 0.179502213737736 -0.0322800212383012 -0.0587499811707847
0.19469130183717 0.164671771654128 -0.0363150916653699 -0.0543418930171586
0.189665873795877 0.233585916372732 -0.0414552823366544 -0.0638180839223706
0.093492682236692 0.307087024125084 -0.0201057588860949 -0.0572993905642678
-0.0171448792432289 0.34825147068481 0.0130938371648355 -0.00902306994505485
-0.224936085808335 0.281797268437456 -0.0231322898569747 0.0479554693662297
-0.364927148186441 0.0877050404937945 -0.0630915778974133 0.0147684694472801
-0.362495271964269 -0.0283877542763108 -0.0537723809829198 -0.0685861036126605
-0.301291249623196 -0.0798010580157196 -0.0101093791731148 0.0940483622714559
-0.356951950680368 -0.0267859316420031 0.00205605762138115 0.0320265939473402
-0.294345744190209 0.136283010631579 -0.0543371752030161 0.0133656141517195
-0.174130713605861 0.276332207976087 -0.0413059758616355 0.0555653141469854
-0.0310498988275979 0.313953642775959 -0.00981076839487975 0.0575243142246833
0.0998240715608391 0.28174139623263 0.0251857788200249 0.0527169945516444
0.181087177348665 0.211974581763771 0.045777736292363 0.0306140732851348
0.192060584149503 0.189869655382768 0.0465358650809971 0.00781573101543614
0.191236508716755 0.174107207001547 0.0418184767160278 0.00817658315105287
0.181275722797658 0.235881233904197 0.0223576400258204 -0.00361915822068757
0.0864024001545479 0.301826164825966 0.0129656366199755 -0.00483691031859745
-0.0188539034263978 0.328907798874939 0.0269211158486342 0.00518052322926506
-0.202302835171489 0.267301804306282 0.00782983106923838 0.0385875811404686
-0.337972979871775 0.0977512923251996 0.0059257367567228 0.00246833689476646
-0.353097812468483 -0.00310458732899579 0.067920633794691 -0.048533689185263
-0.268797249866907 -0.0470287004776309 0.115426902467424 0.140082180614849
-0.306410666255562 0.00668140715527154 0.098850251451884 0.0425875505689023
-0.239617680121159 0.135141778731573 -0.013741314610257 0.0151052164206716
-0.138347817361828 0.235740288413239 -0.0451262465544225 0.065837442372329
-0.0237569032804444 0.269863447142047 -0.01500972287414 0.11897494605433
0.0902141459425877 0.242800996154302 0.0583415380509376 0.136341348060371
0.158645358045583 0.187868534259257 0.109588529033605 0.108695186021914
0.164492707315916 0.17117390736422 0.119223868372755 0.0727851062091548
0.158126978474825 0.160746066472695 0.109717898740917 0.0672319265260249
0.13831278237391 0.20804562916362 0.0764702332207168 0.0537708483343281
0.0522158619649705 0.251012446987602 0.0391651467928159 0.0445969945477377
-0.0360881047266803 0.250204050369005 0.0317065152924359 0.0187832861796801
-0.157888574263766 0.195664227632728 0.0275240997223099 0.0254492918248477
-0.260680536284894 0.077758985601918 0.0621589183595913 -0.0128115178510027
-0.289526972617071 0.0153809549322484 0.173787572311528 -0.0340398074156992
-0.188169325082645 -0.00412078984501234 0.226286841330928 0.167379270972945
-0.192265925950049 0.0348536950511881 0.180163301438102 0.0432634516718849
-0.132533508992714 0.101846887723048 0.0305246931657228 0.0144663540604297
-0.0764597723496561 0.142570743637304 -0.036036643613777 0.0652297918132879
-0.013464739377381 0.173046705483009 -0.00992255438094667 0.158216875579024
0.0622824339327394 0.160796547044314 0.0889383965953865 0.195284504534774
0.10964793196785 0.133133810672811 0.160833997317612 0.167543816202101
0.111179930287231 0.126776529105148 0.173645366580604 0.126617060985976
0.102996119236987 0.126352815107335 0.157011060229261 0.117369142059883
0.0771046318631567 0.153067721425418 0.109396349312057 0.103996068015552
0.00968419962878099 0.165959406955127 0.0473355606254227 0.086793595770651
-0.0494055890021133 0.138060004917676 0.0240509227994241 0.0301359031171154
-0.092310275255284 0.0981649422924401 0.0342509893905805 0.0134168118362418
-0.150116442999648 0.048701642484548 0.0972496711118901 -0.0217957659738977
-0.187826461970076 0.0316343074377103 0.248899809784534 -0.0206379726900965
-0.0719345619632332 0.0335058269358867 0.301301970067494 0.17105152304989
-0.0445938607178095 0.0417908346635834 0.232731475945942 0.0291477452961574
-0.0118943895752847 0.0371009864422059 0.0668239896827427 0.00157042517169455
-0.0175644707688288 0.0230761658242932 -0.0244321971863855 0.0498002338337376
-0.0110459159289657 0.052104795154417 -0.000850750986362675 0.169730878070009
0.0194105034773398 0.0565213016024193 0.109686313973459 0.219487534831506
0.0387745165686506 0.0601076172775881 0.189844611938779 0.197629911144554
0.0406005132281031 0.0637469643610044 0.201979070786104 0.159961066800859
0.0361123940912909 0.0705368816656528 0.177438333582123 0.15378360556038
0.0160139111492144 0.0748515574115623 0.117297417550143 0.142528428269579
-0.0192968984983699 0.0627836207998819 0.0390567458256045 0.116624673987342
-0.0385694318727658 0.0231214594136826 0.00745871666823233 0.0342544002536548
-0.010419258005031 0.0137540728162919 0.0345066563324953 -3.44614175194543E-05
-0.0288869304866057 0.0337402751809234 0.115730556740745 -0.0224676481444879
-0.0677138864215628 0.0502136000570825 0.285112568688628 -0.00718452991611586
-0.0508764411596014 -0.0457448033146647 -0.298967289129246 -0.0102256899385394
-0.083624564069875 -0.0290656072109273 -0.171923292711647 0.0534343805109591
-0.0636987619725831 0.043385854019007 -0.0512242146017117 0.0219661870702869
-0.00204397876922705 0.0698393010826798 0.021643518010126 -0.00504593241345545
0.0232537217231267 0.0405311051323241 0.00372666858981043 -0.113225022297872
0.0278410501612975 0.0268834430175861 -0.0872423422741459 -0.164279512593487
0.0318822617121822 0.00750370585007909 -0.166839770935983 -0.173411430146797
0.0344848310088389 0.00842678725524304 -0.199044253299773 -0.169246979304972
0.0421478091642146 0.0100161448907439 -0.195189885634751 -0.186643138809377
0.048259458189574 0.0400736048374847 -0.140449695314994 -0.197979883323067
0.0245546833681092 0.0687340933369678 -0.0479316826858727 -0.170832895390474
-0.0133936187643347 0.0936821576985141 -0.00593863361157858 -0.0572236666459109
-0.0942585764729052 0.0516141081957509 -0.0723148182167145 0.00198722256406758
-0.105354442978289 -0.0413096146148756 -0.189362244732689 -0.0339916246710208
-0.0661153753614682 -0.0644799763912921 -0.303283993668736 -0.153408246056071
-0.147760903941598 -0.0646300541512769 -0.277566957271769 -0.0115374791691333
-0.182001068674017 -0.0369150060308341 -0.170818558653257 0.0359684368898972
-0.141359334294015 0.0729956339811814 -0.0694733928197423 0.024666554614479
-0.0549177716778815 0.14411912275002 0.017252581231289 0.013080052440141
0.0134165430352476 0.136583262133267 0.0145267732719 -0.0965642329588575
0.0639630907431454 0.117211319181574 -0.062224101796411 -0.149643079894793
0.0982968557401798 0.080446724591193 -0.134884719662699 -0.15948489731113
0.106634973191046 0.0790942641931912 -0.165784901810138 -0.152370496419908
0.113024565041547 0.0774420551946695 -0.167379565626748 -0.157552124668226
0.110102380921211 0.130372920203218 -0.132474549838368 -0.167202640545259
0.0474354770616788 0.178564841545405 -0.0549946063740855 -0.145201558899272
-0.02900491004459 0.207699739938483 -0.00852140265348232 -0.0401061377218505
-0.172444328829631 0.146024810677689 -0.0708827137649627 0.0281283539461455
-0.238557312837568 -0.00442205876137065 -0.173777786603139 -0.00502017103088857
-0.204652122180043 -0.0676564137573085 -0.256982384931771 -0.123338550839311
-0.227580931235636 -0.0828853317536404 -0.218980123246265 0.00753441267068093
-0.27017878782508 -0.0454173256004492 -0.144594191445912 0.0238577926789407
-0.217410275391611 0.0939826447658798 -0.0828814092096991 0.0216652908280971
-0.114674780636269 0.207894310897975 -1.58944660828925E-06 0.02874341188604
-0.0055247271443623 0.225336732279932 0.0123451183364903 -0.0607104589662255
0.087330217580013 0.200892756361145 -0.0348963194866311 -0.10578804103139
0.149065782167981 0.146731548969635 -0.0839761209292784 -0.116862872263052
0.161228965282566 0.137122552557343 -0.107222922293353 -0.113555618642124
0.167094001226021 0.128748008469604 -0.110454255518002 -0.110526112128295
0.163308571701407 0.193805686847304 -0.0981073099262966 -0.118101221337586
0.0780916055090525 0.260506308000384 -0.0469603780925951 -0.104668024264454
-0.0217468754591268 0.299208387973492 -0.00241914250552051 -0.0240786508791005
-0.21202878107111 0.233365942724817 -0.0511374449916664 0.0439831822806548
-0.328297788109744 0.0485678786296364 -0.127121472816472 0.0141286087591953
-0.307416558480062 -0.0504565173164227 -0.168871283918201 -0.0921957613605942
-0.280171660712654 -0.0893642093746574 -0.126408928248472 0.0453199467387573
-0.335472832526728 -0.0428609889051146 -0.0852698178869472 0.0237894312799725
-0.2759555206333 0.117144242019643 -0.0788842559072207 0.0166570290931214
-0.158791503529487 0.258316378452531 -0.0220841100517295 0.0422156732986018
-0.0209562017215141 0.291240316729071 0.000708266417322716 -0.00702251111248981
0.100542714828764 0.259578777168685 -0.00619289743403735 -0.0340638110765886
0.177937795997637 0.191339350272746 -0.0214782680688828 -0.0503490674883827
0.191962636433637 0.173136682841403 -0.033563793821389 -0.0571117235225486
0.195084565347487 0.158998473964854 -0.0364265746122291 -0.053233333310884
0.19028895168493 0.226605319436296 -0.0430909148324727 -0.0610860111631345
0.098470111522436 0.302383646423461 -0.0221638134144703 -0.0555413443035464
-0.0107247466168106 0.342241769645228 0.0108485545877172 -0.00947224382899271
-0.217493006376499 0.280841805452909 -0.0202454510212663 0.0451700416659557
-0.360338368373946 0.0902031366103335 -0.0605182551739714 0.0159627861108607
-0.35707730306646 -0.0244297032504539 -0.0540518780381081 -0.0681990129475936
-0.294717881300272 -0.0767713071424812 -0.00935416851916389 0.0933604264232026
-0.353133396563429 -0.0224852919796789 0.00242233741714518 0.0324381484128025
-0.287615263145732 0.135382920500905 -0.0535147276656678 0.0141677457581975
-0.16707111539848 0.273446637846975 -0.0394471665689881 0.0558690429648685
-0.0247646599471521 0.309796675550166 -0.0112374184032523 0.0590530294741133
0.103223960421681 0.274394043456215 0.0258401240703647 0.0529635331827113
0.181694649901725 0.204420225985535 0.0460247654567993 0.0284306951673397
0.192614821042691 0.182815066963675 0.0446881746157936 0.0077950039865609
0.192216887803375 0.16834199789658 0.0411156939012023 0.0066752536651227
0.182275596081405 0.229029278019784 0.0206210748323996 -0.00279184429393927
0.0910553784557588 0.296787816127404 0.0116220771185698 -0.00438127228611437
-0.0135299189743989 0.323788473362265 0.0244950357919467 0.00421252690192414
-0.195171410431115 0.2658486627837 0.00923252119863184 0.035672928105284
-0.333217879000026 0.100355338785165 0.00730766788649229 0.00292516929236302
-0.347063442172128 -0.000434932448570414 0.0651040423467961 -0.0504562387182479
-0.262703320165251 -0.0446852632627549 0.114849848800469 0.137199178765159
-0.302597309181079 0.00982073886259934 0.0976128552974745 0.0416266006000435
-0.235010824642383 0.133427853469863 -0.0131477045266694 0.0154114487198949
-0.133006033961714 0.2335253944084 -0.0435489589522426 0.0665061086299176
-0.0185897107270228 0.266509768521808 -0.0149451515355597 0.119147551863168
0.0922598623427285 0.236881807427858 0.05992232331522 0.134799478823821
0.159024715539675 0.181163022014334 0.110351171784424 0.104301147886919
0.165360987259201 0.164609576373645 0.116761978978715 0.0705167132419977
0.159485724990305 0.155654610179158 0.109475657300319 0.0636521905505554
0.139934212336995 0.202373774249019 0.0753867679213389 0.0518053633624204
0.0567908818152556 0.246456419934889 0.0383554474746273 0.0441074412687812
-0.0318240724450682 0.24623501161692 0.0298404030548092 0.0180462850090612
-0.151814547788054 0.194110052536272 0.0279984824002304 0.0242030272256381
-0.256809840817607 0.0794754470005554 0.0620993555110275 -0.0130545317626133
-0.282989144230215 0.0180409374887218 0.168743826049516 -0.0375341813075124
-0.183523498980405 -0.0032166338521507 0.223664563120275 0.163638241303951
-0.189653030001069 0.0354234072395329 0.178312413153352 0.0408146061745907
-0.128839342644592 0.0991416683038091 0.0302593644509585 0.0140971750821933
-0.0739901420350089 0.141002870867019 -0.0348169770848815 0.0656316919827862
-0.0106256063075463 0.170429971898758 -0.00899450464216849 0.158414833064149
0.0638184931979952 0.156142604635744 0.0915674523821479 0.191847471025399
0.10963267463621 0.127935522860347 0.161721720440372 0.16154472252109
0.112029747596317 0.122143218098922 0.171501706839589 0.121908354298507
0.104611852267735 0.122191510598808 0.156102808716878 0.112635587499783
0.078561655071963 0.149378367444555 0.108781094375485 0.100151760985813
0.0126295393724368 0.162913237191772 0.047620636139824 0.0849789408258686
-0.04702563520043 0.135468067446647 0.0218599398788578 0.0293315847205554
-0.0889767737590072 0.096820961410049 0.033486965722522 0.0125162417411754
-0.147829670396966 0.0499044815553874 0.0958739517398693 -0.0222425626280286
-0.182694966756991 0.032655300294099 0.242454198307962 -0.0252107092556764
-0.0686876307279174 0.033186031725152 0.297572976570087 0.165245061758641
-0.0432327454562212 0.0400367075985256 0.229576530532799 0.0261534743700686
-0.010875172920842 0.034978720714157 0.0659444572989755 0.00146971880302061
-0.018324394185383 0.0227422231102649 -0.0236456153033404 0.0506436699145455
-0.0103058856428703 0.0514397301985043 0.0011887627030603 0.168936373936337
0.0194108689299651 0.0551316171289517 0.112556831958682 0.214479051781878
0.0393332747564859 0.0578170274456469 0.190511131324317 0.190494887384467
0.0416179687658543 0.0616834733231748 0.199958999245568 0.154525373863706
0.0381261958455882 0.0682164540349944 0.176527273062259 0.148168347536991
0.0167646852864794 0.0736530997840799 0.117446498987705 0.137690502721838
-0.0180858338983295 0.0617447065737733 0.040496929583758 0.11423281598544
-0.0382221867814029 0.0227985999069305 0.0058132858500008 0.0341445707722775
-0.00968176716479564 0.0122065175796102 0.03323091821559 0.000220073343576855
-0.0278823182420027 0.0328727140404159 0.113582639993999 -0.0238043222353558
-0.0645556275019988 0.0493618504574279 0.278533126010505 -0.0123374320579069
-0.0504874567091308 -0.0447349574572478 -0.296603878307417 -0.00646857685058029
-0.0835418550144345 -0.0263474451345771 -0.169398464001037 0.05495687441449
-0.0623259891106249 0.0446353676567703 -0.0512422030099084 0.0220264113452162
0.000704862615845026 0.0688829197700029 0.0221070033767064 -0.00537227801902873
0.0244588164865505 0.0392740654951217 0.00188752479676515 -0.112887599751463
0.0286518421990745 0.0261297225909451 -0.088790004567887 -0.161797459702548
0.0319832173149554 0.00711452908885232 -0.167632232570663 -0.168735436907552
0.0340245748140537 0.0079292390822577 -0.199825375241867 -0.166308435772656
0.0411065308340006 0.00929982905333555 -0.196914584769178 -0.18216218133778
0.0494557674718971 0.0385989887949588 -0.14445187432754 -0.194698988135408
0.02603167585816 0.0690702612954499 -0.0509040455521398 -0.17062127804014
-0.0116812841628531 0.0940910218495799 -0.00588865875467779 -0.0583980505590205
-0.0934536220594353 0.0535344884174226 -0.0706518554366261 -7.441505178142E-05
-0.106185205916157 -0.0394399164713652 -0.188541085349356 -0.031996000600381
-0.067204219867649 -0.0623929616468338 -0.30129929055163 -0.149229631994432
-0.146015195077736 -0.0634012141904704 -0.275883465839142 -0.00774466531047332
-0.182026949829957 -0.0335136619035336 -0.169369237169217 0.0383050108170205
-0.138369995780537 0.0732533669541322 -0.0693244957829497 0.0252353026153271
-0.0517718419365773 0.143203130675224 0.0182779090989679 0.0129037604976796
0.016692969628935 0.135402552548578 0.013251187516293 -0.0958037915563122
0.0656085620867977 0.115036833856953 -0.0637048236669495 -0.147435848918544
0.0985499330638093 0.0782702812904714 -0.135704630702849 -0.156282347228839
0.106724493176848 0.0771933026603037 -0.166837066352671 -0.149429872120886
0.113135699076994 0.0761475981764203 -0.168631201581176 -0.154611748045698
0.111319518297915 0.1278580441306 -0.135423836380662 -0.163438449115135
0.0507106407554285 0.177748478054086 -0.0584621960057036 -0.144139325172637
-0.0253488501792222 0.207520826887556 -0.00928317196962142 -0.0410730700335521
-0.16989791940247 0.148068449867312 -0.0688376368239949 0.026115179040849
-0.239211136217973 -0.000373580735286153 -0.171540065749712 -0.00329518135623372
-0.204388222907588 -0.0648132769140787 -0.256924428533962 -0.120646106105019
-0.225267803042948 -0.0809774261720291 -0.218421072656299 0.0108506289080473
-0.269750659080904 -0.0417786079637775 -0.144268960556069 0.026638337797292
-0.214241226763474 0.0941815469012263 -0.0828500743284848 0.021921607368034
-0.110153614861675 0.206782095872012 0.000587177533827364 0.028504535033724
-0.00132686485830737 0.224040905861347 0.0103167367721906 -0.0597045823642895
0.0903615295792835 0.197475536788581 -0.0361347159183902 -0.103351028027183
0.150064131747089 0.142294818676739 -0.0846420430539364 -0.114960428098293
0.162699277213197 0.133932771056089 -0.108114081370379 -0.111282644547549
0.168389897000595 0.125614984592665 -0.112162126757374 -0.109036682419521
0.165512463154275 0.189564408666236 -0.101493480936219 -0.114240540061063
0.0826634850730395 0.258620820094939 -0.0497612892495198 -0.103204619274353
-0.0182772522479344 0.297774027139594 -0.00381682326411353 -0.0249558538950562
-0.208541555555412 0.235705833803248 -0.0492528396222375 0.0417205962890137
-0.328360314348305 0.0531101839295335 -0.125168916766669 0.0154837557727485
-0.30634611432671 -0.046474492197764 -0.168046669358633 -0.0913276787175355
-0.277769688276334 -0.0879282064156117 -0.125222461438257 0.0470993471152452
-0.336339520367052 -0.0381884992548131 -0.0844180983468328 0.0259566328275381
-0.272406881622279 0.116808671998839 -0.0785865374485072 0.0173902628263324
-0.1537224752873 0.257930264119393 -0.0212621775000659 0.0423252951824916
-0.0162700169395783 0.290005025004005 -0.00176128139305012 -0.00532259067281216
0.104655551576201 0.255070198111813 -0.00635367986622436 -0.032422581946329
0.17872827630359 0.186521356758844 -0.0214882769955654 -0.0505102363744994
0.193017467383635 0.168356675997549 -0.0342722201719325 -0.0560741039798135
0.196721772206954 0.155958802616011 -0.0372878907934539 -0.0536469935113877
0.193141931841319 0.223257434377986 -0.0455279899413237 -0.0589237408535821
0.103563705648716 0.300854507945897 -0.0241733687271817 -0.0547585259727958
-0.00527527058032932 0.341309889991393 0.00886270552289313 -0.00985415611864961
-0.213035301273824 0.283509025285776 -0.0183613566584143 0.0423063625121274
-0.35981932642269 0.0941503062893478 -0.0592205152136238 0.0165149106317593
-0.355382373381859 -0.020423514286643 -0.0555542469228246 -0.0681647660173587
-0.292554079093788 -0.0757851397667948 -0.00865633666903829 0.0939684960701189
-0.353358901673504 -0.0200126615410288 0.00268868813228416 0.0337372008517146
-0.285326457527197 0.134437557053576 -0.0531654146270866 0.0148182337204625
-0.162581708004103 0.274007106493191 -0.0382434749758358 0.0562259314552699
-0.0201099066150287 0.309294841111594 -0.0133303916097788 0.0608074686466075
0.106690523826048 0.270241052130659 0.027126477573465 0.053629527087334
0.183796287222186 0.199905768941776 0.0467957824830645 0.0268927312643676
0.195097158372383 0.178285491488428 0.043724709876664 0.00773229352500224
0.193963798743584 0.164362253692758 0.041074457286939 0.00499795259361101
0.184794549320683 0.225127098028005 0.0189983292752638 -0.00223266892587012
0.0965827169571672 0.295058571508386 0.0103381042586344 -0.00333914249470742
-0.0081405107026137 0.321659007693517 0.0221562182426259 0.00457035509855449
-0.190649610803331 0.267514625710302 0.0104091575577412 0.034056808727695
-0.332278126916616 0.103868545374142 0.00897451482148095 0.00240310300628363
-0.34416473476894 0.00373611232476062 0.0631104070380426 -0.0525879718875153
-0.260305581969076 -0.0434408755407362 0.114823831205544 0.136767116691602
-0.301934621697465 0.0116964581300789 0.0972546623219131 0.0411092424561352
-0.23219147106423 0.132620128579829 -0.0134504280942362 0.0151466266516768
-0.12958803533481 0.232913257826389 -0.0420108076620896 0.0669358105061218
-0.0141507744683542 0.265416354509396 -0.0154914006450529 0.121967405475163
0.095060584028764 0.232949451160278 0.063050160255947 0.134250692670874
0.160486554392504 0.176770943139434 0.112391270452014 0.10072581263043
0.166928050724157 0.159924415680989 0.115988616570214 0.0696545505505217
0.162345339444153 0.152242746305388 0.10926610686211 0.0613141232293243
0.14285111351669 0.20005288045472 0.0750998373831424 0.0510339709588266
0.0610409663815512 0.244509777989016 0.038165439450915 0.0445088294611005
-0.0273795805367197 0.243880220838829 0.0277363427416636 0.0189369063607088
-0.147795381412777 0.194504931156644 0.0288415815780339 0.0229072581520123
-0.255145191498177 0.0823200558983354 0.0625773674219339 -0.0133289703150952
-0.279828686302694 0.0205242615475448 0.166127328604829 -0.0409088043357617
-0.181258893419107 -0.00248152556241029 0.223293050220395 0.161175876764082
-0.189071892341612 0.036546555394199 0.177594630432287 0.0394455369848965
-0.127822004405327 0.097971243801261 0.0305848618615025 0.0137468258415484
-0.0722554503398375 0.140908422789566 -0.0344683539007472 0.0664083409784247
-0.00806522353715545 0.170410190593941 -0.00862866314621896 0.160583593077408
0.0653844505558495 0.153995803196949 0.094180667070248 0.190113120452275
0.110508310100486 0.125011703458134 0.163946708895107 0.156311844251807
0.114515426992001 0.118762734128104 0.17085649814515 0.120100286320536
0.107102812548315 0.119600202210417 0.156273176228987 0.108875315553405
0.0811737440812211 0.147725036888924 0.109036036360228 0.0980864293794146
0.0152730491955188 0.16141784043344 0.0484727386108276 0.084652926490551
-0.0453139440463889 0.134559758309306 0.0204613025603153 0.0296242895085406
-0.0864850995597459 0.0959436102932803 0.0341795455930785 0.0123624005947957
-0.146774485126457 0.0503825325164409 0.0956564534839939 -0.0233074239955969
-0.179793421508734 0.0326635136622986 0.238517842799973 -0.0291720434748192
-0.0669402551735469 0.0329435329428554 0.297097499155752 0.162720224959073
-0.0432041824496399 0.0391589636535061 0.228503836675384 0.0239356268004024
-0.0106088524358477 0.0331143531311142 0.0665492728598415 0.00136374810948998
-0.019092408988878 0.0227502531815489 -0.0235967090172782 0.0517583391665377
-0.00967326540005381 0.0513864693982589 0.00245266006466671 0.170861713727397
0.0191348093144473 0.0540115902120561 0.116113219025184 0.212645399343283
0.0396365450456294 0.0566704672908844 0.192719099158867 0.185295082652129
0.042616661299462 0.0601899784026703 0.200242817789553 0.151932828015469
0.0401107778039135 0.0666218920187364 0.176598406623391 0.143975800041034
0.0185805071815533 0.0737799627051481 0.119132796081432 0.134586118363684
-0.0174570278280098 0.0612476673863114 0.0422402577284913 0.112826097412456
-0.0388641215381106 0.0223634163621175 0.00471539137167899 0.0337249489249343
-0.00937003076041501 0.0112342280527157 0.032396286496366 0.00112298078172068
-0.0271892072947357 0.0324418127689504 0.113099599966527 -0.024647866609044
-0.0625420937819415 0.0480657413260104 0.274127795874822 -0.0164369145242748
-0.0369812966688467 -0.0554045948378673 -0.289578385932741 -0.0628884143901571
-0.0742955044789212 -0.0413880951884004 -0.174568773682202 0.020187276255118
-0.0669677222134362 0.0308332907190046 -0.0561183097943388 0.00908101326164674
-0.0110197369616681 0.0655070839816854 0.0220363677383927 -0.000727368214759413
0.0171266069136749 0.0440576203979978 0.0236185198511295 -0.110591721707982
0.0238395865215342 0.0320897407133867 -0.0566588865039329 -0.175788390432661
0.0287251760235714 0.0137678090402618 -0.130887794960606 -0.199542593133925
0.0317158957437029 0.0151190918094541 -0.160635197560656 -0.202176288517736
0.0381446957349142 0.0186527310204316 -0.155578682915919 -0.217204122501645
0.0396355265255386 0.0474476544100911 -0.101214130349063 -0.216649263763589
0.0120020953938355 0.0731338886767655 -0.0156930784028485 -0.174983191303849
-0.031194012274599 0.0881547307931255 0.00675646219829049 -0.0574287848188263
-0.104451523214784 0.0323591260436535 -0.0715818485021899 -0.0147847849797889
-0.0974813422096675 -0.0596907804631616 -0.181145403791446 -0.0734206911767619
-0.0533289099617554 -0.0739220241815315 -0.27020237575667 -0.216961184155361
-0.123640939021542 -0.0931725802365526 -0.271563426781746 -0.0614725818769024
-0.166904813751056 -0.0662451243825792 -0.170694659231077 -0.000617171247629351
-0.146005956795042 0.0428814947632956 -0.0750036061929888 0.00563939504902493
-0.0747895982630752 0.125357446377279 0.0127881480437205 0.015241137245327
-0.00871759539251916 0.134031008759996 0.029592674033938 -0.0928354172228108
0.0424311471246027 0.124836548459662 -0.0368123747194771 -0.15717241118586
0.0806065437853731 0.0948330995641216 -0.101956732027037 -0.180250194546084
0.0901644656152433 0.0975703831226 -0.131443132554851 -0.179498437396725
0.0939076885965852 0.0981280731395287 -0.133661752723172 -0.184428820279284
0.0824976414433603 0.146320872597168 -0.0989677507945804 -0.182352878809033
0.0126794717136941 0.184590779464134 -0.0281080177369943 -0.146536402889842
-0.0695557683938715 0.194514450174549 -0.00064578779477174 -0.0369262268127134
-0.200974247589293 0.108342460992758 -0.0769926392102799 0.0141407326159266
-0.235346972132458 -0.0507437316603199 -0.172424009386381 -0.0430166949366428
-0.186500203146781 -0.106299668749411 -0.232489300636371 -0.178748701005893
-0.196260976857344 -0.126407311152047 -0.218662821622469 -0.0328624920313828
-0.250468257450181 -0.0906018347888252 -0.142450578502187 -0.00989294166314327
-0.222771435726518 0.0476793082271549 -0.0874040485727591 -0.00222291413402794
-0.141536902653681 0.174171575567219 -0.0081712989244438 0.0262046130987478
-0.043221011355833 0.215406611783825 0.0197166199347879 -0.0587540385927301
0.0500735775858643 0.20858748521847 -0.0199494308128571 -0.109090450020528
0.117981834107411 0.166607621681277 -0.0603479876344657 -0.128825909878693
0.134290585439549 0.164104703948601 -0.0826105626049737 -0.130470315272872
0.137537780615549 0.157940293504366 -0.0879988761894181 -0.127828814821284
0.122829221081862 0.21749294798985 -0.0754731773240569 -0.126994537030956
0.0276473849159602 0.270098738900011 -0.0270302543988578 -0.101953376609276
-0.0817724695520132 0.281464501339524 0.00137342344898862 -0.0163323229805378
-0.258761959068356 0.184851732058678 -0.0620486726170604 0.036246892590888
-0.333387953679002 -0.0182196433372561 -0.131267760804434 -0.0150208975466203
-0.289635010771985 -0.111267883289772 -0.150793060166062 -0.129749159078531
-0.245770677531482 -0.142675310103111 -0.135467884971727 0.0206410052164269
-0.314278085822001 -0.10037796980352 -0.083932905447066 -0.00148060106638035
-0.283884628277548 0.0582252068078944 -0.0822711246415552 -0.00818055700784739
-0.193297144346782 0.213763347415772 -0.0333654127890371 0.0344065908286292
-0.0711286348075358 0.27569304349308 -0.00246467923794992 -0.00913045411579322
0.0516288626244216 0.267297269807974 -0.00557875233576018 -0.0341624760796979
0.138306379425023 0.214960974114189 -0.0112370920284106 -0.0522419608946482
0.157503882044061 0.204199998145464 -0.0228003033227036 -0.0613662522090759
0.15894455514226 0.193005316110362 -0.0267329551482825 -0.0586838709225929
0.142583785065592 0.255291831718494 -0.031748024417185 -0.060398862812907
0.0388129934582103 0.314881927461528 -0.0111909575951218 -0.0472409912903305
-0.0792066816179572 0.325849274753933 0.00998767521542606 0.00291260095332496
-0.27364119800693 0.229063481124391 -0.0322395014709164 0.0454431719852895
-0.373293601974403 0.0142616223799596 -0.0661115339261992 0.000252985266235074
-0.342060992051809 -0.0971810548833952 -0.0430444231582571 -0.0818744996040837
-0.263852151156179 -0.133678918475559 -0.0303169259562864 0.0892431257494636
-0.335764626133033 -0.0840579154349551 -0.000456420484623554 0.0215948741646963
-0.299948373526565 0.0724807454545954 -0.0576687515825178 -0.00611319829116171
-0.205202328891112 0.226576366360055 -0.0533438703648831 0.0446151072970976
-0.0797709182294812 0.292626083459678 -0.0263438182357432 0.0539973669301485
0.0504188111607393 0.281317359008399 0.00978522960861005 0.0569394791486477
0.140499884942276 0.227816213351793 0.0403144556127412 0.0380796831843131
0.157692991010826 0.213030368379672 0.0402759883037684 0.0167818651887974
0.154534445334563 0.200628457451523 0.0378691791076503 0.0145767274180878
0.134322128111933 0.255595007123044 0.0192573640267747 0.00769487855473251
0.0338191883339179 0.307538078314125 0.0123529863262059 0.00962570565824948
-0.077595853106179 0.306400412470545 0.0199702426168821 0.0192327612441403
-0.247137869646665 0.219022745528405 -0.000791074223223798 0.0431770018367012
-0.348577100956997 0.0307897214293859 0.00464577305013509 0.000996731612738196
-0.336688705067781 -0.0713507040631901 0.0723533706136811 -0.0394498413375106
-0.241253153960139 -0.0950396527484988 0.0837021912632414 0.155398308252225
-0.294234581962526 -0.0437182318612175 0.089397131211718 0.0479507946916947
-0.2490091772966 0.0813700483979408 -0.0190584929367361 0.00393768512426446
-0.167300323288378 0.19478547130829 -0.0587590931962884 0.0547088158495425
-0.0653704214080234 0.250735404765791 -0.0399944977101295 0.114284927760884
0.0453491593289254 0.242143171416589 0.030621657414114 0.143568419190588
0.122969107361382 0.200775737411822 0.0895992466938279 0.123252351561891
0.133756143592285 0.189987568083762 0.0974883631248861 0.0917060596962257
0.126079117858095 0.181716978730804 0.0932545406562405 0.0831225105212212
0.0989884589686217 0.222116705044887 0.0627659627922272 0.0695814149280794
0.00948780061438612 0.250884114125444 0.029329687912785 0.0597386707378001
-0.0791031903497016 0.227602370744006 0.0211102402831844 0.0317960255969997
-0.187892337660537 0.156468668521014 0.0198248234819909 0.0343191142856982
-0.267446190555343 0.0250018086161996 0.0621008621210666 -0.00343064049859145
-0.277101336239223 -0.0420422038948213 0.173024806675281 -0.00473028697162233
-0.175069830647521 -0.0390010363779176 0.185942645607373 0.200774123936221
-0.191100858989197 0.000781907774608956 0.166372346266706 0.0650561142808259
-0.14234113143908 0.0684922279298274 0.024468934588946 0.0147358430614678
-0.0962944030454963 0.118071502960316 -0.0493726555242463 0.0575214786017361
-0.0414680908262228 0.159912309479648 -0.040029610127522 0.155018233774838
0.0318363958969263 0.159138295942877 0.0523735949940677 0.204706156766491
0.0837857821699463 0.140614645043299 0.128988926935589 0.188741064942158
0.0886784255154451 0.138759408181983 0.140824553327439 0.151902938467173
0.0790980255905903 0.137529038164975 0.129186605134198 0.139073768292157
0.0500750677970521 0.159581238485205 0.0850105070431329 0.119954944432082
-0.0184202709676982 0.159716911512053 0.0304155753618299 0.0984640081657149
-0.0725433263683262 0.118496825919539 0.0111044847340177 0.0382384123455651
-0.105736272180361 0.0733032618136704 0.0289197367568405 0.0228521719311249
-0.153627225945375 0.0169678829828731 0.0980060456671968 -0.00497945285716446
-0.181996165938137 -0.00789398383591344 0.244289828882646 0.023339121830162
-0.0742811052686855 0.0190790128073964 0.258691717789972 0.216382608995538
-0.0511234319867653 0.0308441959751467 0.217425078057368 0.0644583138996084
-0.0178606978349524 0.0291272477484038 0.0628191272899093 0.0136682970942082
-0.0236428637699338 0.0165070971212107 -0.0338587639477695 0.0469868285884242
-0.0207637202753239 0.0453481048795088 -0.0298991655491469 0.168469056467215
0.00641712808852439 0.0536511032275643 0.0725226038366913 0.23168607491577
0.0284944540526919 0.0607656582172817 0.151752038347012 0.221642177296299
0.0306732783603938 0.0671543933972802 0.1630089634586 0.188865109475225
0.0251545108649707 0.0721546498393155 0.142048566255309 0.17633819368412
0.00379723730889854 0.0750147652394101 0.086600043946044 0.154649789373225
-0.0301636190987236 0.0553855027310828 0.017713331954228 0.12024741460508
-0.0427258006586366 0.0127323746705493 -0.00535397695521222 0.0351652366654148
-0.0110104006391229 0.00744704629523123 0.0315480748328885 0.00883928919538683
-0.0329032593289246 0.0244659675377419 0.116800590343867 -0.0013880716526252
-0.0715573551764044 0.0320868310658269 0.278300308216392 0.0437776871415676
-0.0372564204409367 -0.0545957711045683 -0.288152814617451 -0.0581425303278674
-0.0742567545591915 -0.0387184817339297 -0.17271729086974 0.0238483292699817
-0.0643076978150965 0.0324066782630205 -0.0563317609237173 0.0104094429744263
-0.00818226977521252 0.0651225406725858 0.0223164901428324 -0.000549975073313834
0.0183117950134738 0.0427839808213632 0.0215403851547998 -0.109704697342499
0.0251136695574943 0.0310724017062995 -0.060231961377123 -0.171942842696217
0.0283674837966369 0.0132149576202352 -0.133568840650192 -0.193816677463016
0.0311585924876518 0.0146135676288999 -0.162137132944621 -0.198137087061076
0.0376094163864082 0.0177649070807316 -0.159002161038777 -0.212731018309492
0.0400947319747246 0.0455398375460831 -0.106137413746829 -0.212867488222521
0.0140289492240144 0.0733368499722147 -0.0199974247233266 -0.174580262867598
-0.0283248969156329 0.0885772929789929 0.00621501736766891 -0.0585728366298469
-0.103262283162725 0.0357131098972607 -0.0702250654120565 -0.0164234018145328
-0.0985425673029181 -0.0563334466056508 -0.180264783504196 -0.0709935012086449
-0.0539408081624712 -0.0708060911584678 -0.269660954993641 -0.210234347708375
-0.122922579006478 -0.0904312284335143 -0.268580961741993 -0.0556168841041486
-0.166542217337211 -0.0619460305532438 -0.169002976517413 0.00305300705662096
-0.142306604849753 0.0449946187851241 -0.0753510228958597 0.00690050029964395
-0.0696958777951659 0.124701680195716 0.0137578452752646 0.0153953042050742
-0.00525903019017535 0.132126692917976 0.0269155912374203 -0.091714932457018
0.0451490652107802 0.122339152400411 -0.0397740390716397 -0.154324788880982
0.0812488463010004 0.0917008066103357 -0.104727315151236 -0.175855163303401
0.0910747264933841 0.0949855638360263 -0.133954557680785 -0.176468341561437
0.0945384712186017 0.0954180433316604 -0.136742534612516 -0.180531342980866
0.0847484209161431 0.142523459364809 -0.103341964013803 -0.177931888970535
0.0174986591643398 0.183479716617598 -0.0320974515995911 -0.145319311646516
-0.0646412170206483 0.193891238553127 -0.00136450484259584 -0.0385067117001991
-0.196973359317409 0.111659853942563 -0.0751777473920405 0.0128041775662154
-0.235684177810807 -0.0457011336895867 -0.169895234185692 -0.0406753978698148
-0.185654213650247 -0.101459267585118 -0.23326667202147 -0.173018259164963
-0.194214749223581 -0.12355219875608 -0.216652317168322 -0.0287946773950464
-0.249578324782429 -0.0851057156775336 -0.141584115913913 -0.00651186343983593
-0.218596370375236 0.0493395167935987 -0.0881658276569506 -0.000493222723191889
-0.135513124798667 0.174577465779747 -0.00735540599708575 0.0268065590159958
-0.0376363703307755 0.21356353801227 0.0169333133538166 -0.0574683612598326
0.0543987690491095 0.205242762150929 -0.0217203072933334 -0.106369425411873
0.119435028814601 0.161728332330805 -0.0621369745118743 -0.12649612899372
0.136888436297416 0.159391155631469 -0.0850240497000717 -0.127732573731545
0.139208869297279 0.153991816567553 -0.0901181657023128 -0.125710750973444
0.125876740940929 0.212625902715437 -0.0783954150498775 -0.122868610070895
0.0337792469557698 0.269150547216173 -0.0305620145022213 -0.100404005541975
-0.0749276118909348 0.281311229443979 0.000457199607528177 -0.017476489662857
-0.253032901496893 0.188088930680554 -0.0597916412727322 0.0344736121819846
-0.33294043984247 -0.0122919835224221 -0.128942962187073 -0.0128068961210728
-0.287585631020631 -0.105797020419232 -0.15278995558737 -0.127098259411343
-0.243294232092877 -0.139449252807387 -0.133981633346913 0.0236170885011701
-0.314472618625455 -0.093676815605114 -0.0830597017858577 0.0007572801260312
-0.279807625940358 0.0604967101059641 -0.0836598908290334 -0.00697050120942989
-0.18682207074805 0.214232653302742 -0.0322027483582314 0.0353810533954599
-0.0641134578687816 0.273702439783724 -0.00442212658433583 -0.00631522827793304
0.0563295211664883 0.262462000839768 -0.00607119731122043 -0.0322420584651293
0.14096945339538 0.208846012671376 -0.0117535449572165 -0.0524428220144489
0.160924128571081 0.198900619135256 -0.0245242616705316 -0.0597894238537531
0.161821404098582 0.187999177777915 -0.0282383977756837 -0.0579814866586861
0.147296965608064 0.249941874055019 -0.0341902697950788 -0.0579095239541374
0.0467093503242724 0.312969583767675 -0.0130365294113982 -0.0456626746416702
-0.0716804809546968 0.325060255631733 0.0090537498371377 0.00202214981245648
-0.267193840561078 0.232498071169632 -0.0301973082660223 0.0432037990438061
-0.372087456082238 0.0206609798651826 -0.0635563854894814 0.0010604919489273
-0.338657906320342 -0.091095033126526 -0.0451498451583849 -0.0809991599244941
-0.261142295112422 -0.130164516830032 -0.0286515928606039 0.0903163381893649
-0.336603123749831 -0.0774302938884584 0.000126543850593969 0.0223155262117449
-0.296000591642159 0.0745848626285767 -0.0590187423445147 -0.00561033872192983
-0.199501981189209 0.226892639533825 -0.0515646667571226 0.0452495157963854
-0.0729669064027623 0.291010268545046 -0.0268492113264988 0.0571715108804543
0.0549978175817038 0.277166760427239 0.011337049232073 0.057328750448066
0.143018943445221 0.222101422835289 0.0409587152079719 0.0347583999102448
0.160669920157158 0.20775364252222 0.0394599343155665 0.0167698938997011
0.157871434816604 0.195270896185297 0.036743816211742 0.0134598628772618
0.138796931491837 0.250926837840011 0.0181114060028177 0.00867625547627079
0.0409681008184543 0.304902635858489 0.0115826840803567 0.0104190311695789
-0.0693208298799229 0.304545279820418 0.0181567488145307 0.0191403546270628
-0.240844049174462 0.22141279171949 0.000261045120310745 0.0415833255856791
-0.346323800597403 0.0363001336064525 0.00610483145645294 0.00144705243507586
-0.332361998724849 -0.065579581947228 0.0694106462263244 -0.0411236451560469
-0.238181342608044 -0.0923225988673039 0.0848362407706294 0.154082883382886
-0.293736107874584 -0.0394942061132749 0.0898348058403899 0.0468832140320453
-0.246215381698544 0.0826202340954912 -0.0200227267397538 0.0039998282994709
-0.162337344328343 0.195596438157613 -0.0579160110377273 0.0554422343681684
-0.0598776411570358 0.250295594545875 -0.0393329027210166 0.117152568308709
0.0491987210096483 0.238918322992513 0.0337010606142205 0.142739487625067
0.125205350307965 0.195890595338369 0.0915779399282636 0.118513376225663
0.137261200310816 0.184692000798072 0.0976217184961908 0.0899137553739321
0.129134316173375 0.176675792459219 0.0928409358242619 0.0798498550777203
0.102973392118271 0.217734846857305 0.061994216815805 0.0684927452165651
0.015100405767725 0.248494678590666 0.0295439410357389 0.059461712375768
-0.0733227865803446 0.226367051904121 0.0196699017257249 0.0317561506965754
-0.182887133256825 0.15780177206802 0.0213596836101454 0.0328249969760079
-0.265216468381856 0.0294667980352264 0.0619248124725168 -0.00417797514197269
-0.27342222529336 -0.0376010559828472 0.169381474839156 -0.00869246451257941
-0.172440120089698 -0.0370287815382252 0.186395296676114 0.197398567094755
-0.19002793291402 0.00358371984731936 0.165280723189929 0.0616239658092583
-0.140604003990434 0.068517182598055 0.0238136991994868 0.0142430691974477
-0.0936570318953008 0.118175779035872 -0.0486561211271776 0.0583570337746788
-0.0379216732573312 0.159383590243296 -0.0376903787461358 0.157040534333212
0.0336776518382296 0.157272748009269 0.0570422525434185 0.20250783291475
0.0850593232214576 0.136996720963232 0.132492128917171 0.181486740682749
0.0919901666229086 0.13452872725872 0.142425747010494 0.148454119079254
0.0823193991431237 0.134007124687739 0.1302265949668 0.134694212702068
0.052851693698745 0.156795439662837 0.0862900157324921 0.117415728464347
-0.0146764076216151 0.158611457385272 0.0319993613309081 0.0967867833874174
-0.069800054326547 0.118165747478784 0.00992368323956861 0.0381844269784319
-0.102878110086663 0.0734872383609725 0.0293375023926497 0.0219492677043063
-0.152290233011601 0.0190231004779743 0.0968443441181128 -0.00594518998008782
-0.178453202870022 -0.00628617728514198 0.239893467778111 0.0172308947689439
-0.072006136883643 0.0196443864609233 0.258547514409196 0.211381651443494
-0.0507778026282016 0.0310302140002523 0.2162029955316 0.060272220018119
-0.0172052717925012 0.0275470221509973 0.0624168904256068 0.012943696508562
-0.0244543006489331 0.0166804009696601 -0.0332995493463557 0.0477892790771283
-0.0200340051304004 0.0450610413377019 -0.0267666280828728 0.169799428487216
0.00683080801096838 0.0530310516233974 0.0769755637332094 0.228470405461829
0.0290760668736083 0.0592890519531492 0.154266887377244 0.215040871373974
0.0325505862761713 0.0653134566779779 0.164601598387604 0.184799721524094
0.0271565857162878 0.0707463386905 0.143463905352919 0.17138499058565
0.00619437269534988 0.0741215578865016 0.0884762414557057 0.150994996823589
-0.0290496570888297 0.0555054270748521 0.0202487955468418 0.11876262557384
-0.042915529193613 0.0129561355356265 -0.00557791657415525 0.0358225853997256
-0.0105660368231967 0.0059390468461342 0.0314467576812748 0.00914878454579443
-0.0321367485505549 0.0238324318092094 0.115141454325348 -0.00286719050288531
-0.0699682362117779 0.0315532996413595 0.27381331085289 0.03785958928943
-0.0370705297324032 -0.0538070670410372 -0.284614530794958 -0.0554005091275653
-0.0731588074853525 -0.0366176832194554 -0.170126590502151 0.0253174591406751
-0.0618565990389501 0.0324565477166232 -0.0568239475961327 0.0115493782930013
-0.00602343841373289 0.0638910926986834 0.0229736996522773 -0.000157761178706945
0.0195135767339048 0.0415231041930265 0.0195154962560795 -0.109273433912456
0.0264810688249775 0.0305052781640576 -0.0612569649019774 -0.169096994738772
0.0284841872949853 0.0131211664662765 -0.13399296224146 -0.189151333663626
0.0298483944319979 0.0142524201365608 -0.163261624425936 -0.195261364821889
0.037209193402549 0.0174678007820395 -0.159701440966266 -0.209290446720863
0.040536427670588 0.0443164582967392 -0.108430060773846 -0.208902975461624
0.015971270801701 0.0730131291516812 -0.0231261729857341 -0.173168742267513
-0.0259941113088241 0.0886361296212599 0.00574275633578256 -0.0593071144816006
-0.102111200470233 0.037104368125279 -0.0695812377010749 -0.0178931619380301
-0.0988988268058171 -0.0544049774724765 -0.177548904585767 -0.0704718143025412
-0.0533123039939562 -0.0678511399774944 -0.268131998763214 -0.206627054726982
-0.121406368935006 -0.0897095791302901 -0.265876932525419 -0.0532594797755884
-0.165082852659213 -0.0587541570203701 -0.166895332494219 0.00513229887852634
-0.139029553806254 0.0447313934982031 -0.0762712878194746 0.0080231919556063
-0.0663061549210367 0.123367778458679 0.0144701181666454 0.0157456880924011
-0.00290790732141238 0.129824414394142 0.0253587300436264 -0.0899049822855913
0.0468336241178224 0.119939955228138 -0.0411801662347535 -0.150827137214025
0.0810015789632374 0.0897437747867557 -0.105367919239162 -0.17225594431475
0.0912806782177496 0.0929766200526709 -0.13473370767626 -0.173575792463042
0.0946549113178319 0.0937170282411037 -0.138504574229123 -0.177627163755095
0.0857025362554009 0.140047722423062 -0.105308635579479 -0.174117648346425
0.0202453235266473 0.182517084702877 -0.0345136755836492 -0.144416672222836
-0.0609047975917771 0.193181276504492 -0.00225620541312697 -0.0387930619895684
-0.194275103547671 0.112332387685576 -0.074169463355972 0.0109371242403119
-0.235022273669729 -0.0429618467477145 -0.167976742676463 -0.0399179606554955
-0.183122362538906 -0.0979122285538058 -0.232691988457381 -0.170044689409388
-0.191806064176712 -0.122122462524433 -0.214323236541945 -0.0259299426801956
-0.248846081067728 -0.0814473235962357 -0.138998603059896 -0.00446698838878493
-0.215458024920934 0.049455744939997 -0.0896113571298125 -6.43675638807399E-05
-0.131256361185942 0.172605258690666 -0.00622074918804369 0.0273159770589707
-0.0344778818853708 0.210552638622746 0.0150850710889585 -0.0549774870831453
0.0566533431982355 0.202437817887899 -0.0224297511945816 -0.103790742642133
0.119304882434498 0.158582745238474 -0.0630830363774079 -0.125108400999442
0.136975102205364 0.156132347194403 -0.0851608179762601 -0.12568264540621
0.139589807649015 0.151020517993788 -0.0916092161786161 -0.12453262129311
0.126606161666483 0.208933770525728 -0.0805385685509849 -0.11951579999118
0.0377618847965401 0.267239011280869 -0.0324784539251817 -0.0992656295473694
-0.0702398295467811 0.279561861291798 -0.000674192147329032 -0.0175624796434059
-0.249372265910544 0.188200128641747 -0.0582602249535845 0.0327151967752446
-0.331440238235767 -0.00917642138385454 -0.126682969450373 -0.0126489215970359
-0.284105216354459 -0.102135561656998 -0.153165151310292 -0.124903993441906
-0.24037736588971 -0.138828409093553 -0.132381384013387 0.0254510041861041
-0.313289569721565 -0.0898516330400377 -0.0820807442693609 0.00243228578228016
-0.276363986003005 0.0600791263407673 -0.0851945493802425 -0.00598302347634328
-0.181945190872237 0.212553922051653 -0.0305936168940041 0.0364285066581141
-0.0601648108577422 0.271336587801142 -0.00591288379719756 -0.00326298701214899
0.0591386970850917 0.258941577561585 -0.00549054537518789 -0.0305657079529001
0.140440277027684 0.204890374376182 -0.0122269866295451 -0.0529525579544517
0.161808174105718 0.194937280850908 -0.0246830876896817 -0.0589198756490439
0.161685356186337 0.18439617895875 -0.0295989358843477 -0.0576377151037809
0.148261543877327 0.245682195143234 -0.0357491889821549 -0.0549762254825453
0.0514025756816799 0.310438032098607 -0.0148922908287119 -0.044578111989946
-0.0675121035035254 0.322281999437579 0.00783893608558931 0.00234753216753737
-0.261658126354966 0.232611820868031 -0.0290952364492842 0.0414453310606662
-0.370121342346058 0.0239746034519321 -0.061679966628953 0.00131301635917668
-0.334068261136646 -0.0884352900128066 -0.0466372583276892 -0.0807753363273644
-0.257376778558405 -0.128849717325659 -0.0270800111612521 0.090985231668508
-0.334890109180151 -0.0742666468791944 -0.000137547204000599 0.0236748842559284
-0.292513959215118 0.0744127398394459 -0.0603329825435117 -0.00519575349010248
-0.195765881942126 0.225706296654895 -0.0506531406547007 0.0462294898233289
-0.0686692002312553 0.288654500377949 -0.027545577588307 0.0597351603091114
0.0574124000371038 0.273884110418688 0.0125332429162892 0.0584521825271977
0.142792616006902 0.217362858042583 0.0411873191052784 0.0320966638124731
0.16163350530657 0.203126880610924 0.0389684814417117 0.0170124885662416
0.158841366286208 0.191888581665495 0.0358808506723319 0.012444460135905
0.141067518331596 0.246289136451375 0.0173387110756017 0.0100852960447915
0.0448577608082329 0.302190386649576 0.0106143095627545 0.0104438062448756
-0.065686520883832 0.301938835442035 0.0171119061914875 0.0190642921245215
-0.234964715468862 0.221187890551044 0.00113017192697787 0.039006888125041
-0.343722487419422 0.0384814221079349 0.00685869444854488 0.00154451080828849
-0.328408653734375 -0.0635075223314884 0.0669704424561696 -0.0418504152696203
-0.234471992378409 -0.0918215919206188 0.0850765636219356 0.153551857054169
-0.29287835697969 -0.0358406382326911 0.0890198656900327 0.0468124705602109
-0.243829979636975 0.0815680113984939 -0.0217768172952935 0.00425798263240579
-0.159797422025611 0.194033718776856 -0.0569232879862967 0.0566044373573784
-0.0567694840971459 0.248474214454761 -0.0391815158418829 0.119965904046305
0.0505371671253181 0.236198793144964 0.0354666897966409 0.142272836721016
0.125214430863981 0.191720121576112 0.0914275262984573 0.114099550196183
0.137936401514226 0.180195793344851 0.0975868514020026 0.0891177337566688
0.129595965936215 0.173215753027768 0.0922338813029413 0.0780888904349541
0.105211764697613 0.214770986110234 0.0616614648148626 0.0681647598330773
0.0187166102642555 0.245964873567641 0.0296912677501118 0.0595374531331645
-0.0707607996524819 0.224397250978875 0.0186233991665711 0.0319362196527761
-0.178984466368575 0.15701164817081 0.0216437474246915 0.0320217200011402
-0.262907328497916 0.0310015875652248 0.0621437097631821 -0.00371041447529475
-0.269232775048689 -0.0366996553718793 0.165620673926948 -0.0106270750608136
-0.168799731638101 -0.0366888623460327 0.185627494152073 0.196139508169402
-0.189256359450749 0.00529320511896524 0.163980227244676 0.0609536486750142
-0.139389126772471 0.0672457323318337 0.0225207547879562 0.0138034069973173
-0.0931423230878658 0.117405794921783 -0.0485109101773704 0.0584248993653792
-0.0362478276400166 0.158869428236472 -0.0370649355435477 0.158660594330849
0.0340921585327798 0.155513730438212 0.0596465612289417 0.200938731558906
0.0848720762563446 0.134155801477729 0.132348118683076 0.17669486964578
0.092251203990554 0.132080300318007 0.142504484183113 0.147102375425922
0.0833703749003835 0.130994433068986 0.129567065841064 0.131444983205025
0.0550165296591822 0.154194508376782 0.0857760505828551 0.114847085428444
-0.0124037836769985 0.157172721216813 0.0327923425556424 0.0956533418991931
-0.06833276375197 0.116838454734922 0.0086553754993573 0.0384635005870817
-0.100407858698456 0.0723569710875585 0.0292578695294233 0.0216199960731916
-0.150629031373832 0.018941889601309 0.0962239562087867 -0.00585474056294911
-0.176000207686255 -0.0057011059968352 0.235462563346005 0.0146063099251502
-0.0694891152932261 0.019368888013694 0.256542014459648 0.209268035297116
-0.0506623485355715 0.0302996773320623 0.21371375131592 0.0583663685959982
-0.0173911586412842 0.0264835027157542 0.0618755585589433 0.0125252431184108
-0.025166712790927 0.0166807468335298 -0.0330798403907909 0.0481207890266031
-0.0198356652965596 0.0456345453810196 -0.0254901451256978 0.170266377076213
0.0058655076676736 0.052635282633077 0.0792845167927835 0.225656227115617
0.0290693323225797 0.0580872654594176 0.154787490785976 0.209458843341072
0.0327035321219956 0.064348038252491 0.164430888431967 0.182308370538559
0.0284090080717049 0.0693704819376181 0.142967309458787 0.168246256221301
0.00751772435356467 0.073369675548936 0.0888895657604989 0.147386457580906
-0.0290756969826234 0.0553378634957039 0.0218807485258308 0.116556407984876
-0.0434970764139939 0.0129806249183567 -0.00691842360201691 0.0357886520932286
-0.0102320745386254 0.00461493696402395 0.0312743464196715 0.00945549887396191
-0.0314913896543586 0.0233769017453365 0.113946932812643 -0.00271403750609256
-0.0687762417113109 0.0304939277864242 0.269750164798393 0.0343246387436174
-0.0368500887274314 -0.0532125747988119 -0.283432998414557 -0.0562686886929559
-0.072422555530693 -0.0357708379978329 -0.168965619167163 0.0255307791073147
-0.0596898779586516 0.032036949635088 -0.0572514965239284 0.0125351788379822
-0.00427156876903257 0.0627975113974087 0.0245421576789116 0.000373584698417754
0.0202913988231193 0.0408702499883285 0.0197781761985568 -0.108638116433277
0.0273746899781667 0.0301189072243256 -0.0616378605596743 -0.16781937010716
0.028980708847916 0.0127936864046662 -0.133921573595708 -0.187010552379455
0.0298820353886658 0.0146903621234406 -0.163690479656699 -0.196247943074088
0.0368079581706753 0.0175052604210136 -0.160773992003585 -0.209418470172424
0.0406085402692557 0.0439753776984397 -0.109322504839437 -0.208039435568641
0.0174052732303914 0.0737762877626749 -0.0249405569736155 -0.173754895795249
-0.0251710428196025 0.0892003073371347 0.00542195046160361 -0.0608948994375778
-0.102154234367278 0.0377158524083685 -0.0694458352854419 -0.0198086868051268
-0.0995904553926479 -0.053953618456918 -0.176772823564459 -0.0724539330792888
-0.0521693081198746 -0.0668185152063272 -0.267063907130452 -0.206267377349669
-0.120645438550441 -0.0907016819988265 -0.265091938387746 -0.0534415362133109
-0.164796503703503 -0.0581487296871526 -0.16618239599013 0.00526157679881862
-0.137513427180084 0.0436166734099669 -0.0776817453316286 0.00840720549918419
-0.064227030044663 0.121882664971929 0.015512904534847 0.0163837551922431
-0.00183977289363738 0.12917199623624 0.0247070347398097 -0.0889745808770826
0.0476674816177743 0.119597723470728 -0.0411105279478987 -0.149171438615784
0.0808235053523716 0.0896806750658864 -0.105294197068316 -0.171440153438902
0.09087220406279 0.0927991797532669 -0.13541045781194 -0.174122188790373
0.0939107046839217 0.0935194233224344 -0.138287175809669 -0.17770687120818
0.0858976179480454 0.139123645702946 -0.10643395889108 -0.172807658449109
0.0218483113730455 0.183528651646147 -0.0360139079277593 -0.144355014371582
-0.0598357137319446 0.193246596187564 -0.00253501960851904 -0.0392602681666431
-0.194266785317423 0.113166157113917 -0.0734167249308622 0.00851480324412074
-0.236278382920356 -0.042863326923832 -0.167521408382484 -0.0417614386601695
-0.181211155970752 -0.0974658741014969 -0.232131275796335 -0.171186788747887
-0.189924473087457 -0.123990956781766 -0.212656043982475 -0.0268851471491477
-0.249022507007679 -0.0809813473329125 -0.138857733874485 -0.0038004415561597
-0.214437135261981 0.0477649660761542 -0.0915626887884275 0.000675092853396834
-0.12980843493929 0.170818471218308 -0.00556769112293514 0.0274097733758012
-0.0335192102565194 0.210146931041422 0.0145729404121566 -0.0531291325866786
0.0572665211650805 0.201106674603494 -0.0221311131338029 -0.102587892306448
0.118998569103356 0.157510848936699 -0.062848425352698 -0.125251362100854
0.137514199681603 0.155838977706654 -0.0855893219632172 -0.126156094173566
0.138976110495457 0.151032874069647 -0.0922355491966766 -0.124372597186351
0.126967371517186 0.208430171148395 -0.0812437089211596 -0.117471100278494
0.0390296136580412 0.267892141510906 -0.0338222957314768 -0.0985634030998515
-0.0693793707963698 0.279345787166181 -0.0011159749502932 -0.0179173029707762
-0.248669823967101 0.188537520662826 -0.0581765713180543 0.0303165488925581
-0.333054206859971 -0.00956685677665286 -0.124975447281638 -0.0134822307171854
-0.28164565218323 -0.102598853544057 -0.153371164994649 -0.126014166489434
-0.238083967231513 -0.141486824527036 -0.130846171599431 0.025787854639787
-0.313991322184396 -0.0892967129027337 -0.0811210378517026 0.00372419013779277
-0.275487561522563 0.0580712464341139 -0.0872719582386616 -0.0060043981890398
-0.181873791571653 0.211692332796785 -0.0305633594657715 0.0366722570449265
-0.0595659070375911 0.270417495657481 -0.00626570643069359 -0.000759552755240373
0.0590270096447936 0.259291520843838 -0.00486036941770312 -0.0297466532774266
0.139542696180557 0.203724926346633 -0.012449036060501 -0.0545910674897929
0.162057689308177 0.193722498267526 -0.0251990721240509 -0.0583714083451309
0.162091837305187 0.184214290131622 -0.0302415601121715 -0.0581375463785352
0.147835149401901 0.245455097125616 -0.0363991869396917 -0.0533096914468823
0.0528287725938399 0.310765621571707 -0.0160788386128043 -0.0443302324729117
-0.0669251671911423 0.321929642995937 0.00661382728018032 0.00211673166367431
-0.262035887006705 0.2320742908503 -0.0286478975117855 0.0396870056271337
-0.372106064556129 0.0232653957373074 -0.0609716104250927 0.000834843981355996
-0.331739289862519 -0.0888333671401741 -0.0477050205498726 -0.0813009342191904
-0.254314147099556 -0.132634880719052 -0.0268805653006667 0.0922439592509144
-0.336056908239456 -0.0739333690666271 0.000806063387204757 0.0245298923833628
-0.292978002843242 0.0716186860658265 -0.0624693286414706 -0.00452819471707578
-0.195573413014061 0.224722902900323 -0.0503407488338769 0.0470096420996186
-0.0688538726473 0.288487263884263 -0.0283310460770518 0.0631946129161173
0.0570293852060524 0.274071203180979 0.0136381148026154 0.0595245389655383
0.142351473991113 0.217171953153234 0.0405367664196383 0.0303284552664694
0.16209164131113 0.202086747107533 0.0389187923149481 0.0174380507095034
0.158291321470616 0.191223495736243 0.0351998939138026 0.0123780842376367
0.140827485200003 0.245934653991604 0.0165887662304748 0.0116634394466604
0.0469666580486591 0.302494288662718 0.010233593362038 0.0111492950485938
-0.0647432645447344 0.301545501226344 0.0156945946326472 0.0198291275793654
-0.23463158392103 0.220279664459031 0.00211747699300646 0.0381113734800871
-0.344577039734098 0.0380965474328615 0.00818168000082895 0.00177037956785144
-0.325402668261182 -0.0657030410813332 0.0652697249257244 -0.0423350146402891
-0.231797061414425 -0.0944394392855477 0.0850454359676663 0.155152521539208
-0.293104398401861 -0.0360230154342231 0.0894223138005854 0.0482521059677199
-0.244511912810638 0.0801010128264842 -0.0234595323897898 0.00436496460670878
-0.160403094506056 0.193630441965365 -0.0569105839679615 0.056778063304216
-0.0572819617908723 0.24870895152759 -0.0395577992892479 0.122372125177668
0.0499540693568506 0.236708094967557 0.0362612091256777 0.142678229208195
0.124332377792773 0.19147504087658 0.090727828567842 0.111647587466248
0.137598654585546 0.179380782472071 0.0973678363696942 0.0899261032163657
0.130373704803426 0.172763092455397 0.0911161498362908 0.077605747745569
0.105841638418346 0.214167910071391 0.0613828586897469 0.0688502222584698
0.0198777807678566 0.246437964567054 0.0292380103188564 0.0593892592224554
-0.0704285180967631 0.223602948595196 0.017234343134078 0.033006865923812
-0.177583641572418 0.155574445510797 0.0223369135170628 0.031217460470157
-0.264075566371796 0.0302377504450971 0.0627271209067623 -0.00269773859777209
-0.267304769602352 -0.0381186915195107 0.163650295265248 -0.0109752966423322
-0.166622486348456 -0.0388404152125597 0.185138074642588 0.198046203385562
-0.189912583744743 0.00498610498992314 0.163919568960907 0.061701274392879
-0.140011707019501 0.0660060397203757 0.0210923974529683 0.0137612223057094
-0.0939144502683404 0.117082295826149 -0.04878969249812 0.0592425614366181
-0.0366377456362616 0.159139763362339 -0.0372221726260767 0.160937849679658
0.0332326284948132 0.155911078885621 0.0608306966844618 0.201450125536899
0.0842690941591372 0.133660252079922 0.131584283573212 0.174377198853303
0.0930811540274288 0.13076050882064 0.141779724586379 0.147149455634629
0.0836523571274681 0.130854236419314 0.128737926565615 0.131165132183073
0.0552719566699821 0.154508824307429 0.0859692826088508 0.115155416403973
-0.0119188061906366 0.156909381621753 0.0328260005626378 0.0954570864699358
-0.0682482183460199 0.116525059563409 0.00748423059186158 0.0393547135216494
-0.0999647462999173 0.0706063170022839 0.0298614162391388 0.0220565248642132
-0.151285327148097 0.0189034697792161 0.0965070964107429 -0.0047799370004211
-0.175277042241515 -0.00741058597004615 0.232963203638957 0.0139459329639768
-0.0684579736913963 0.0181464046660287 0.254700998013563 0.21157165300257
-0.051353703864855 0.0304016076571885 0.212637745508293 0.0595957335155091
-0.0181924956266565 0.0260877627724226 0.0609148028350893 0.0130701179742268
-0.0257444111835251 0.0172314263411704 -0.034352965073485 0.0484952525452006
-0.0201106374284111 0.0461858119621755 -0.0255643269644591 0.172255047098721
0.00504716288443116 0.0535138669157143 0.0803069181228467 0.226020179867513
0.0281815566053117 0.0582526323160752 0.154404057956992 0.208504649547861
0.0332378751720698 0.0635384319419223 0.16468290256415 0.183186854024318
0.028945208246751 0.0683637512765376 0.142625917248235 0.168268657991154
0.00812127418957447 0.0731624420894513 0.0884884608780568 0.146478354419673
-0.0288003190134997 0.0549638946029181 0.0216994878035547 0.116110880580825
-0.0439218984933952 0.0130723323897236 -0.00775767746308687 0.0363403885079885
-0.00993245328855504 0.00353718682590315 0.0315238323316058 0.0103333163173949
-0.0315045415702529 0.0227544635415342 0.113816589959243 -0.00234854173338974
-0.068683494969496 0.029706335732179 0.26729921634875 0.0336738289690298
-0.0373420070932156 -0.0544778768165223 -0.287485784766423 -0.0583983757596262
-0.0734458503514071 -0.0360695036227781 -0.171339968463522 0.0258406904997496
-0.0596915773567028 0.0318252832428752 -0.0590010242550284 0.013425222230044
-0.00265287508824627 0.0628227242256088 0.0257749337586649 0.000824340679539077
0.0209471926371759 0.0403765506626217 0.0201514758451152 -0.11050565380007
0.0287659040281305 0.0297117669360501 -0.0623245779028549 -0.169480334444044
0.0298432319881225 0.0130993086784363 -0.136074888896898 -0.189284570249896
0.0301738347142542 0.0155288724495782 -0.166879163257514 -0.200007013973483
0.0369125855601818 0.0177976189881866 -0.164367018304748 -0.213384103890209
0.041327734598144 0.0443546831592081 -0.112151353841798 -0.210457681111509
0.0189034730565538 0.0751333645900525 -0.0267563449783203 -0.177521308727729
-0.0245598098252631 0.0909586666023493 0.00600487516734486 -0.0631789839594192
-0.103705585217413 0.0393454601641256 -0.0700772535540957 -0.022631689171334
-0.101847519042622 -0.0541588097396693 -0.180451680964336 -0.0756503870778839
-0.0514863039810857 -0.0675920742483987 -0.270567328197049 -0.210375114413144
-0.121370362058089 -0.0930040237932039 -0.268025008329919 -0.0557340966230155
-0.167182669496284 -0.0588296122041952 -0.167956725546397 0.00556866309939882
-0.138373633583136 0.0425320323869648 -0.0801963425362893 0.00969447483680625
-0.0634738230790773 0.12254385496899 0.0169713830580991 0.0172915151159262
-0.00133255744869602 0.13018658835873 0.0250360289104084 -0.0894862630137171
0.0495316542320494 0.120965261215585 -0.0414408458606576 -0.150965054329086
0.082356712742906 0.0905903895728165 -0.107340086835394 -0.174168712050612
0.0925696863999946 0.0944853994281765 -0.137492522964596 -0.177163555100353
0.0954076899865141 0.0958052187557025 -0.142290596815234 -0.181192753058825
0.0874732660095864 0.142056587007177 -0.109171715220883 -0.174804774621353
0.0237357208187457 0.18777469414351 -0.0385859573604458 -0.146697490357319
-0.0602322979356381 0.196944636512007 -0.00273159102548582 -0.0406434483711829
-0.197868922393826 0.11474897093474 -0.0743820665090003 0.00612952408519849
-0.241322919580417 -0.0436019749530616 -0.169290941819773 -0.0435940513247189
-0.182689892266889 -0.0996025957882392 -0.236107143909282 -0.174918919048615
-0.191173668001403 -0.128820345835179 -0.215595136074115 -0.0279601282721089
-0.252672435947658 -0.0820776467575583 -0.139678968761999 -0.00393763370476239
-0.217204628829302 0.0459034086870761 -0.0945389758725003 0.00124753874018548
-0.131324219204474 0.17264741862585 -0.00385608735368138 0.0292289349719762
-0.0334556870541679 0.213295458863614 0.0150659265038758 -0.0518218138523734
0.0586889881659899 0.204585455863132 -0.021982504080481 -0.10333438457072
0.121066676468896 0.160309035422143 -0.0640349041345859 -0.128234077559792
0.139439671222554 0.157731075068755 -0.0873704414842401 -0.128263598871542
0.141344665900729 0.15395670456311 -0.0948839910723248 -0.126997838133398
0.129115608528157 0.212262223085575 -0.0834168676300025 -0.118025419914551
0.0420758546619035 0.273712716654956 -0.0359075258746136 -0.100244426270649
-0.0699680165527588 0.284747962005675 -0.0022134121352966 -0.0182358857605809
-0.253934893793463 0.191402638603665 -0.0587092527688965 0.0291769934102505
-0.341331018842878 -0.0102918400581734 -0.126796508347535 -0.0146550004088081
-0.283758026973088 -0.105229712819804 -0.156433079995205 -0.12933684215287
-0.240043277639509 -0.147222901791338 -0.132364487261867 0.0268314505579696
-0.319923520408349 -0.0904799622692872 -0.0815061685625633 0.00476745261267992
-0.280069133246476 0.0562966482604292 -0.090620644766474 -0.00542887596973549
-0.184763349579138 0.213270201327917 -0.0298730065759425 0.0381190539657888
-0.0608696953217319 0.27538907679747 -0.00725448663472236 0.00189865499860716
0.0607120412599038 0.263504286119269 -0.00390749059097648 -0.0284336885295209
0.141649032570829 0.20761464828567 -0.0133431077330386 -0.0570430921540462
0.16525700326983 0.196760983192612 -0.0253832144181171 -0.0596131151354467
0.164976892003909 0.188057700986898 -0.0319533343602306 -0.0588176717349045
0.151110085657959 0.250398347034565 -0.0371552958262314 -0.05232013446372
0.0560251596935782 0.318074798724969 -0.0172032230568347 -0.0445935541976772
-0.0670305301102701 0.327483416041521 0.00604238379419528 0.00276913895071334
-0.266791662098742 0.236096570120875 -0.0286979175498368 0.0381565556774524
-0.38002393271103 0.0238242185812276 -0.059990527692037 0.000562365176266859
-0.335275635076297 -0.0930646325747764 -0.049785880384559 -0.0837258391063493
-0.256871479942453 -0.138261146592671 -0.0262975422309605 0.0947119043749822
-0.342439461488653 -0.0757459899626019 0.00260632210509406 0.0264986892311667
-0.298683273628394 0.0705756714438322 -0.0656242266655671 -0.00421297492460071
-0.199713281236172 0.227361766126536 -0.0504637240518344 0.0484455789489079
-0.0697991440772932 0.294201429386242 -0.0292378081512781 0.066808413450323
0.0581807234201961 0.279289720099692 0.0149731538384638 0.0617994599234153
0.14417607342171 0.220370586751946 0.0406958121189111 0.0288952143825717
0.165426113111785 0.205104994122726 0.0400438815633314 0.0183299064730697
0.161591436391414 0.194348923500098 0.0347131841673219 0.0126905936692612
0.144287490246471 0.25073275374116 0.0167952027980453 0.0136152321861918
0.0496969895951932 0.308375087610122 0.00938688855833878 0.011935015783744
-0.0653509021055259 0.306266824796764 0.014659385715927 0.0202673748332783
-0.238891380990345 0.223119182308643 0.00220683299441438 0.0377532793674641
-0.353116695374 0.0382973737672691 0.00949750019630903 0.00219901200184526
-0.329568666897968 -0.0682948030617408 0.0647876148264356 -0.043709336440125
-0.23331577804891 -0.0997646792067143 0.086764764031753 0.15873461867131
-0.299648948950868 -0.0372244996558849 0.0919400871749746 0.0499767191838608
-0.249275434809392 0.0786966727225852 -0.0258373691462334 0.00498542173248397
-0.164671535582054 0.196026707805713 -0.0582366642042733 0.0583459938504976
-0.0584506475700007 0.253718472997693 -0.0408524447572867 0.128393813055793
0.0503687492480601 0.241883578328962 0.038516639514062 0.146271228400427
0.124822245727809 0.194780947496912 0.0913915784282946 0.111099382871861
0.140287780118908 0.181888789239587 0.0999138773991083 0.0922271359898801
0.133189842848645 0.175511651804579 0.0924894763239266 0.0790594233942863
0.108514534325765 0.218104009885267 0.0624875397037627 0.0715892821157458
0.0213770641921542 0.250313767716059 0.0292428859359215 0.0609038990038197
-0.0712525783366736 0.227187974980416 0.0162202032306378 0.0341255281826453
-0.18071985773808 0.156476710166456 0.0234630402905119 0.0315687295506098
-0.269238386181608 0.0301931701321987 0.0651873132421086 -0.0016459946196577
-0.270353156628924 -0.0405637382443569 0.164652090607481 -0.0118306743291883
-0.167836394702727 -0.0428295098584829 0.188390881036694 0.204034191541199
-0.194033110352542 0.00491194517578759 0.167281681126866 0.0641827848954676
-0.142432196914655 0.0661324295304027 0.0198769873543758 0.0149684983179175
-0.0969996492446371 0.118993397018029 -0.0506820025869266 0.0611038067750784
-0.0371472078403234 0.162835084530111 -0.0380470939808776 0.166377350953923
0.0333804620834925 0.159786980710375 0.0622800279856003 0.2055948965785
0.0853033215178252 0.136150587678657 0.1328670491326 0.174847855758844
0.0943050806919306 0.132852683943227 0.144194331318382 0.15048844077034
0.0856326426729378 0.132477989884045 0.130076905098685 0.133782628076836
0.0574630960631219 0.156610729351005 0.0866980699531998 0.117094989561597
-0.0117999936108018 0.159784383344988 0.0329361728946577 0.0973827484567515
-0.0700848947431433 0.118167879965344 0.00642896223311183 0.0400410786034715
-0.101104586939168 0.0695859138030913 0.0305996033045268 0.022485276246136
-0.154183564557393 0.0187863675404338 0.0991212313021276 -0.00411540320449049
-0.177142168412248 -0.00844594546165133 0.235051453890687 0.0144138787215632
-0.0679017866235637 0.0171504409261528 0.258328483042058 0.217489724218859
-0.0521369862046197 0.0307087888189192 0.216359612930721 0.0614477591536707
-0.0190909295875725 0.0260208588651728 0.0617200288451648 0.0142579408262231
-0.0276307361412129 0.0174923958263223 -0.0359302628766042 0.0510686483560354
-0.0208825335412186 0.0476806837675363 -0.0257715203343632 0.177106179829155
0.00432865813945499 0.0552808066791995 0.0823868614491324 0.229135592688088
0.0283139695785033 0.0590024390221242 0.156864907872393 0.210135366824169
0.034281136161691 0.0640942177578121 0.167709216293163 0.187344311055331
0.0299908964002866 0.0691257579816403 0.143921189970697 0.171403440878524
0.0087275667166311 0.0739416167521642 0.0896813291513213 0.148401805661104
-0.029975682989855 0.0562113128983968 0.0222119689232813 0.117081680487835
-0.0459052809306986 0.0135254592865241 -0.00891446366955647 0.0370203882984156
-0.0104156488962744 0.00170515406088081 0.0320728639426994 0.0111895324471816
-0.0326186799608429 0.0226447432547341 0.116289860303797 -0.00101605320212388
-0.0709280325286684 0.0298039723437405 0.270554271681194 0.0344363005356844
-0.0644510710045627 -0.0223821443842801 -0.273289564064583 0.133486796674525
-0.0796828794139185 0.0152724063822295 -0.126211385904324 0.128873502611765
-0.0303174979338222 0.0606173975103161 -0.0402646088527414 0.0513960387483556
0.0344200562797487 0.050828159123147 0.0255660376881482 -0.015352550228813
0.0406688868031885 0.0196388655233708 -0.0506623509505114 -0.102003860701836
0.0412100624746551 0.0063485927073829 -0.155054709359614 -0.0975800544953936
0.0319811832191364 -0.00697915535930914 -0.230597723756462 -0.0690105633638476
0.0337892257491742 -0.00596962783366798 -0.262312876140495 -0.0586358510742882
0.0396652853035519 -0.00791290807648584 -0.270326631256623 -0.0691490415442504
0.0610663980972786 0.010649628980002 -0.226347480681476 -0.102437617436395
0.0635417111583482 0.0494234613934384 -0.134598911126914 -0.127693127997419
0.0364851721539478 0.0915500266911589 -0.0356710880492638 -0.0574190181749462
-0.0636017213972615 0.102750374676022 -0.0721226247193124 0.0236256311689902
-0.122906070630571 0.0230616007843775 -0.196513466098182 0.0509821177653545
-0.0905249589781902 -0.0264995108897459 -0.35671403734235 0.00149720782344189
-0.15699402060485 -0.00855584491737733 -0.25782426190362 0.130066228306237
-0.168790380985023 0.0511980440533319 -0.138777719922074 0.112416845770337
-0.0891162236492248 0.115967324440848 -0.0621657990103762 0.0650815040638491
0.0198553394861912 0.134201324646995 0.0298929536630667 0.00781975709772315
0.0759164816878063 0.105994208254579 -0.0317626145221363 -0.0860352050938526
0.113722514429218 0.067616198236929 -0.124759021433234 -0.0933012190271718
0.121468157764739 0.0231896193674077 -0.196492917239032 -0.0752321793603866
0.134713604723876 0.0193255810463272 -0.224462220340821 -0.0582356931545485
0.13739424772095 0.0192594364029905 -0.23304661611948 -0.0570909980186839
0.161561842238922 0.0618200162231986 -0.200482880504069 -0.0744161458947028
0.140249011595633 0.139933716734652 -0.123879342638746 -0.0963824821241644
0.0737635426410398 0.202531389596621 -0.0277912055354692 -0.0345566137286808
-0.0952217921254853 0.228806325311833 -0.05663311471342 0.0485643322980391
-0.233466124725422 0.123367337636928 -0.168302057562889 0.0661998976402829
-0.221747345211534 0.0318735573779452 -0.300756103548379 0.00350689399766498
-0.23706978727756 0.00124520328010453 -0.198628457458022 0.125428162566666
-0.252233821716116 0.0824082245824583 -0.124969627851421 0.0890294272958489
-0.152490506587829 0.165122521391999 -0.0807932893205493 0.0702539138022701
-0.00573678042805585 0.21464416742837 0.0201830876553136 0.0351323117296379
0.100049422154753 0.19289741940667 -0.0152959959199825 -0.0472746546771137
0.17251199330266 0.130482889911648 -0.0771294894933136 -0.0650526436484143
0.195302161774169 0.0563184936177907 -0.13177079672433 -0.0653501054774774
0.214108461091524 0.0418276639864195 -0.152933978326467 -0.0500943331599045
0.213583214785837 0.038859311914613 -0.160509953767515 -0.0419178108453323
0.240849772465514 0.0938746762483183 -0.144134006862253 -0.0436076568564471
0.210819725385879 0.200508154863359 -0.0909782354174585 -0.0611310534909515
0.120062757081186 0.282694416942435 -0.0134638062241407 -0.0167836140529523
-0.0923583789540392 0.330393368160283 -0.0286619807118872 0.0554400594288694
-0.295112854378204 0.216664455137168 -0.114300612958709 0.0587843636265368
-0.310763916625491 0.093654141768291 -0.202808161291296 -0.014006469102322
-0.288279694060413 0.0127620554159738 -0.0975072520937847 0.121200295987585
-0.31129879320706 0.114206018246979 -0.0737661539951984 0.0612586836317512
-0.198569704170273 0.211239177059321 -0.0828364320558942 0.0654996407152833
-0.0259059858244629 0.279678026439014 0.00452916546877599 0.0621348054413
0.115361906965215 0.259702776069274 0.0017826332572322 0.0113983704747091
0.210054537185748 0.177359710988292 -0.0148410057061295 -0.0138754416235802
0.241501949338166 0.0814204649778577 -0.044098149329609 -0.0392985549786143
0.258609949400301 0.0582429971383907 -0.0585562718372142 -0.0325507793696916
0.255174499260166 0.0524863465742781 -0.0664896828243503 -0.0258906219758685
0.284769572560415 0.11083200824295 -0.0640105963337252 -0.0185027131026813
0.250852609156861 0.228937339031858 -0.0402016877053583 -0.0276898130216065
0.149610354373681 0.317919151922014 0.0062444993044737 -0.00455507110015345
-0.0754174209600154 0.376509782243662 0.00231862436195559 0.0443581041485357
-0.306308982137681 0.269499988090622 -0.0502843082942097 0.0270499278981039
-0.344213703517127 0.138757158992816 -0.0850225136112654 -0.048429940347382
-0.296993946375708 0.0292447127988161 0.0320983333879698 0.112667524982453
-0.321966775672458 0.138775509921904 0.00768700843464279 0.0276893545240608
-0.20515895621471 0.233889502548582 -0.061754612240182 0.0517502998964238
-0.029673457227253 0.300174059893939 -0.00666974919168665 0.0845569776584929
0.119759399120957 0.280958987301588 0.0243857071498167 0.0795180153332959
0.217919029959486 0.191829610363352 0.0573835523094025 0.0477583613740946
0.25075600741367 0.090680484727634 0.0539825313776771 -0.00236413686139044
0.264397441980542 0.0648601313946961 0.0430924514621135 -0.00992198751363942
0.256946675591356 0.0600520380915762 0.0336231896755198 -0.00947844407389243
0.279467656474371 0.115975593320526 0.021658622441308 0.00113004499305542
0.240200182221914 0.224593256542572 0.0172916197061095 0.00190217618191233
0.137454659304236 0.298670199360066 0.0248786418952853 0.00489266102340856
-0.0591602124047481 0.3462145928951 0.0269222773513256 0.0248775123050418
-0.272397645387492 0.263288369488468 0.00812963098923968 -0.0159454474840178
-0.321659615339325 0.155052127912708 0.0341721009030708 -0.0903026656002127
-0.254181382137215 0.0479339962402426 0.166853279214511 0.0933219025321956
-0.264352741373357 0.144154922342234 0.098018706716155 -0.00864109898502998
-0.158834752704818 0.211591627220958 -0.021207574848857 0.0334322852565254
-0.0195980595824814 0.255274144806577 -0.00707761707440968 0.0963105991337375
0.105316370887376 0.241258397409677 0.0524834130954798 0.135329217551047
0.189198414696071 0.166010029992265 0.128182730187501 0.100716379616593
0.220723789059708 0.0805292973230542 0.148182505973819 0.0336236055920723
0.229513786280264 0.0611329540006734 0.138178104592854 0.012801388500319
0.221864827091804 0.0615132597277094 0.122991563691922 0.00852357199054391
0.229419863858761 0.111246567891524 0.0951745435431451 0.0201352136191153
0.179751831956932 0.194865939637378 0.0641234832077297 0.0291266361013449
0.0825379751311253 0.23535867145117 0.0348026160420526 0.0164447748005804
-0.052277175271754 0.251218211744916 0.0401112038366108 0.00773295607613663
-0.206582038639057 0.201094194563913 0.0514124664317002 -0.0525330702549205
-0.252800041496915 0.140674953046273 0.13470084703907 -0.12708075458462
-0.164560508056899 0.058900811021424 0.279526899335849 0.0617841146687683
-0.154217935195077 0.116808801379081 0.171569064406057 -0.0459796724295649
-0.0790657591757224 0.138196988524364 0.0247148763338597 0.00888487728709473
-0.00936618513295984 0.15396551430978 -0.00121975995584299 0.0904209652079306
0.0683407165302655 0.155291156366648 0.0770251042877556 0.163678945199521
0.12563002195479 0.109906102705812 0.182939487742433 0.131695621833778
0.152487013629944 0.0569747341822497 0.221160557202009 0.0598683775350742
0.161263781681334 0.0496965999504128 0.212120367836139 0.0329788090701055
0.155881478178627 0.0556769053131584 0.189586551794276 0.028852484988556
0.148347363612117 0.0929696482801302 0.144123134957238 0.0419264065323192
0.0934939266412359 0.141157146071229 0.0892086753809605 0.056732124365998
0.0150749979554561 0.143756105947729 0.0312344738839955 0.0287139526574715
-0.0409630398480738 0.124748639029629 0.0411538353668979 -0.00305774402648013
-0.116952754530102 0.115079852240318 0.078869908749444 -0.0730054996638296
-0.152055322626298 0.107696485416591 0.205549899928024 -0.148431803909449
-0.0454923612461848 0.0518759240958378 0.348290514143825 0.0226459604298055
-0.0239739085064481 0.0537421344236712 0.214128835193935 -0.0811176406351019
0.000212629794786912 0.0318390032797176 0.0600699372066018 -0.0237569411626505
-0.0115536349025998 0.0315708883997375 0.00195134282361086 0.0676500639500933
0.0123896317333211 0.0512265238185346 0.0913401657161189 0.162159794732328
0.037669927981369 0.0424756196962353 0.212267192881129 0.136065804540502
0.0593218013319302 0.0295754827411526 0.262322023421977 0.0739016221786396
0.069243690051921 0.0308978327962761 0.254479294441836 0.0491808867173817
0.0706189498382211 0.0378579702552602 0.225237563819496 0.0496764923036592
0.0556092648071172 0.0550972548319309 0.165874812447044 0.0653245055706675
0.0115027220399669 0.0670985060191003 0.0927392836577462 0.0805632326840811
-0.030346445556112 0.0412084363488351 0.0162705364075441 0.0367807529958681
-0.00823926909926293 0.0071288897252364 0.0346681071402288 -0.0113606650740401
-0.012065785433199 0.0388101383803862 0.095020666074378 -0.0776773436194521
-0.0365608129251943 0.0715983800793754 0.244336756890338 -0.151400338652409
-0.0672957317136153 -0.0205143732718936 -0.278610257976309 0.147760031638837
-0.0814820699453106 0.0191595071722901 -0.124843574138801 0.138905918480241
-0.0288697412931834 0.0628092404492515 -0.039623773279482 0.0550560527335871
0.0375662558631862 0.04969417894614 0.0268195898083982 -0.0182502804027355
0.0424468577001958 0.0177520121822265 -0.0565830202281333 -0.103652056773584
0.0426326990639053 0.00346351726275881 -0.163537744234532 -0.0934248917291703
0.0318142042331192 -0.009127429400441 -0.240769544069674 -0.0613908721991976
0.0348694385779638 -0.00743450639233963 -0.274555083563117 -0.0495778558655033
0.0398041791197724 -0.00985522941620259 -0.28328058943761 -0.0602415235551099
0.0633748901297476 0.00778374695052283 -0.238522902782988 -0.0958335217684611
0.0691341903405565 0.0473110499954865 -0.145829018236392 -0.125970430071289
0.0428612169910121 0.0926879706912966 -0.0393547343494004 -0.0592271763136441
-0.0610820375749375 0.109685793281405 -0.0757510012959278 0.0255808796638767
-0.126301851374352 0.0296140935585766 -0.203410748440391 0.0604614422667558
-0.0937883842847469 -0.0250254795908675 -0.368206911630185 0.0165086346241276
-0.163894611794031 -0.00389330881148082 -0.261670732276549 0.143097234879133
-0.172465244522681 0.0606317699782038 -0.138131460580251 0.121988470763966
-0.0881866006272234 0.12206672808016 -0.061893395032091 0.0711777631811733
0.0256727537517128 0.13663278164273 0.0322730795496464 0.00551807893531159
0.0835592442252772 0.105822116759704 -0.0360055915573186 -0.0875162026986726
0.120802955371859 0.0639739787550726 -0.131763877824832 -0.0911170294196473
0.126290266237488 0.0190361385738484 -0.206322192145885 -0.0694317290011205
0.14052631090085 0.0139939940308574 -0.235832721635843 -0.0513834180419175
0.142818549527475 0.0149669892127534 -0.24449035549125 -0.0488907806975342
0.17027478478104 0.0571314135447805 -0.210789449683759 -0.0672374212440327
0.153017380624507 0.137921435085847 -0.132945611252288 -0.0936768370232556
0.0849504015561243 0.206743038617626 -0.030664171591373 -0.0349582743177898
-0.0887160088799205 0.241590149729338 -0.058388743464735 0.0506180840248058
-0.238213135475495 0.139507425384993 -0.171832932716435 0.0747318198849679
-0.227976490542997 0.0401933946111903 -0.31142553927456 0.0161833086031462
-0.247071929466492 0.00842409257739856 -0.200047745146313 0.136682790006727
-0.25774736184018 0.0957396035102438 -0.12442031689546 0.096495699803329
-0.152564972224046 0.175521798274949 -0.0812528963784926 0.0780317199280886
0.00219830863949291 0.221253457653564 0.0235298319653715 0.0338898519372819
0.112015891847524 0.195071698523939 -0.0167704148908998 -0.0474891357521196
0.184626734969084 0.127133455667493 -0.081563089302767 -0.0639121670972944
0.204025262650471 0.0499264410989451 -0.139949308602155 -0.0623262066207061
0.223149485527008 0.0340803807254029 -0.161219148772717 -0.0459034086524806
0.222672685616328 0.0322953129219931 -0.168668052232891 -0.0359264039137957
0.254815631381269 0.0871552892758797 -0.149872809686348 -0.0380811036096591
0.228558176958652 0.198249790721658 -0.0978457222275555 -0.0581619444462899
0.137176912306795 0.287802701619399 -0.0146726267987076 -0.0168061936225186
-0.0824159226365031 0.346386931996025 -0.028475760340271 0.0572389552301994
-0.298230302745042 0.238615921913569 -0.115938756438184 0.064408808334361
-0.317741280874016 0.106884156727741 -0.212040249724862 -0.00557059881787313
-0.300524809967076 0.0210362781113234 -0.0955487579824855 0.128634039984428
-0.318561148007189 0.131673746903768 -0.0722137662822995 0.0644205297998798
-0.199243920071782 0.225473299505889 -0.0840521465402166 0.0732126303167023
-0.015697140084676 0.289986957228356 0.00864131008380256 0.0628129532905174
0.130909488037292 0.264177645661085 0.003916700812314 0.0133327977313426
0.226436269493085 0.174697741319121 -0.0141067351126003 -0.0141515804367373
0.253303437610516 0.0747262697618802 -0.0490164061520419 -0.0385082302187231
0.270383119837161 0.0483457857861571 -0.0624737510883031 -0.0320891010541249
0.266568154385663 0.0437955411843349 -0.0704991339330737 -0.0234924670133539
0.300935488902062 0.102795066271673 -0.0661594547513477 -0.0154184426685087
0.271626635827706 0.22649701089385 -0.0437289432238176 -0.0258346738648027
0.169013875600584 0.322580279019946 0.00607992333936714 -0.00475040440120777
-0.0615708244774442 0.393131872536868 0.00333465179067109 0.0442082983067441
-0.308291307959716 0.294798215119804 -0.0496854016126474 0.0286214512349568
-0.350865119600528 0.153791040447222 -0.0910572970529616 -0.04613235641523
-0.309419579694409 0.0386452019965292 0.0391613412381208 0.114572772470937
-0.328125649139386 0.156259026897012 0.0103389618468206 0.0268439684221953
-0.20460432966722 0.249332799448786 -0.0621956414325274 0.0590801773001088
-0.0192402873154292 0.312343072201586 -0.00207851477462183 0.0878508009926714
0.136727883396544 0.285949274820933 0.0305864249937192 0.0826151130095506
0.235909914898198 0.190339703576817 0.0630663920178598 0.0469517518849365
0.2635062451587 0.0840349616033227 0.0535035865622046 -0.00489228523685835
0.276652600409101 0.0557333921131125 0.0440147838681034 -0.0126226109611237
0.268675618225336 0.051396159294831 0.0346115243507961 -0.0109638616744476
0.29525251987243 0.107920797791598 0.0234142834734638 0.000756731392345085
0.260262063126248 0.222189202458308 0.0175037608250767 0.00209519044882521
0.154598415032086 0.302693140075351 0.0264806373283818 0.00558108341549737
-0.046462159188857 0.360763506887435 0.0287676175339558 0.0233327204247743
-0.273498214471755 0.286012129593608 0.009729621284479 -0.0187463604093726
-0.326038488599182 0.171190548985305 0.0299930767525567 -0.0941553143150718
-0.26307441344386 0.0561118914557626 0.178172018954827 0.0896875046052776
-0.268825614575502 0.160902618312206 0.102503707524132 -0.0145178205803698
-0.158129919120024 0.225027347892727 -0.0207828001894493 0.0379346134369116
-0.0109238579590821 0.265549077679407 -0.00248995355433472 0.10094248757744
0.120619755759668 0.245977925971088 0.0616340204236722 0.140331579599917
0.204450567376181 0.165291619953902 0.138435861049395 0.099062805779407
0.231198247654435 0.0755617952565567 0.151997090042383 0.0287785225889443
0.240167483406204 0.0535294198538327 0.144430331542113 0.00781803804126065
0.232452203735755 0.0546450199924361 0.128196845602129 0.00431561944381222
0.243530127204799 0.104561968025833 0.100226719733607 0.0175139928765436
0.195545399078831 0.193484815016409 0.0671881723776048 0.0282036394254175
0.0952286965598259 0.240220524381751 0.0369285386804739 0.0170264582598218
-0.0443734443210811 0.26141638907341 0.0425177692004903 0.00541706349911086
-0.207590446659676 0.21734516183188 0.0528971198143097 -0.0578060561484617
-0.254966737830826 0.153591971442575 0.132640555478659 -0.135425994345954
-0.169630776215031 0.0645004941045023 0.294041217990408 0.0533898254034835
-0.155435497464673 0.126808910464588 0.176545169814067 -0.0550494220719935
-0.0771388319762542 0.145615033821606 0.0259504628797737 0.0104550527702589
-0.00354658294835057 0.160348443896302 0.00325548519311463 0.0945534272044845
0.0778202586982851 0.158166964289545 0.0883638425179081 0.168144140814141
0.135942149774129 0.109280160951582 0.196388873430562 0.128701052519568
0.160692362995318 0.0544852793941646 0.229513704255185 0.0533778513504284
0.16918438196988 0.0443336888518897 0.221727083090555 0.0262169084815413
0.164133471210781 0.0502889531465825 0.19722277783713 0.0218654472485323
0.158345657390666 0.0886362787071362 0.151240978739017 0.0371842121385828
0.10258971433633 0.141963092629143 0.0950416402264162 0.0552455022586926
0.0212270384569334 0.148017251035471 0.033314765226487 0.0300308084937155
-0.0384510462087763 0.129929476949761 0.0437707330048954 -0.00540114152673707
-0.116855017140539 0.124834073890977 0.0800544085435809 -0.0794353247479197
-0.152138758188936 0.116436608904189 0.204860802328255 -0.160431250561508
-0.0461207581346897 0.0538668189963232 0.362269202977789 0.0103415622619037
-0.022676932253388 0.0569174955304772 0.217695978547618 -0.0935033937757462
0.000789442162310643 0.0321340906597779 0.0616441864240381 -0.0258988499959532
-0.0112829159273397 0.0338914624001048 0.00590949483263386 0.0716813185736889
0.0158800734981316 0.053137910821777 0.102765061500625 0.165597942236535
0.041238041499909 0.0432657640525199 0.225776451855205 0.131318250979815
0.0626382180380887 0.0289968495789845 0.273915863415449 0.0653296936399451
0.072998905902495 0.0294468411385685 0.266451830052569 0.0405610730688368
0.0746120862693856 0.0355545215464769 0.235056818709184 0.0423136109528309
0.0599113426291477 0.0534838936422107 0.174018335972343 0.0605831074266564
0.0143912243616874 0.0696847010975078 0.0989993057087274 0.0785551853708079
-0.0305556558679493 0.044158888201949 0.0180239839562666 0.0387244676254596
-0.00981279705440953 0.00711420396935703 0.0365327325121069 -0.0134115864639921
-0.0109693122341262 0.0406361862488626 0.0959496456015807 -0.0851556701548322
-0.0346195946304344 0.0755356317325954 0.245247889301686 -0.166128548509304
-0.0691647863450808 -0.0165326747908819 -0.274183336504857 0.166850341526496
-0.0809544616583113 0.0248929642715247 -0.116555263940968 0.148934050114946
-0.0259379844717146 0.065323104662567 -0.0367972577115058 0.0594245514502811
0.0408684382668103 0.0464663726048252 0.0263372735603654 -0.0221707909898297
0.0434864267719047 0.0145530250704768 -0.06410859135386 -0.102169989471635
0.0429169836968375 -0.0008043388049356 -0.170631942162578 -0.0842750573898842
0.031548002730509 -0.0110849853619109 -0.246952504604783 -0.0464645508137848
0.0347393424050138 -0.00975432566741291 -0.282988306482553 -0.0331571701469972
0.0399428798214503 -0.0116931656931959 -0.292182096689687 -0.0417348368888371
0.065050127715967 0.00435759578707251 -0.248348002770899 -0.0813742764541783
0.0740055745532338 0.0423745735828771 -0.157219827552357 -0.117982056834821
0.0499474465276013 0.0905844766206571 -0.0441474682524772 -0.0581320601456867
-0.0541861500245216 0.115980098060358 -0.077587083732525 0.0295951374673193
-0.125903129024851 0.0390100033221651 -0.203644487776551 0.0742909574580715
-0.0965235435507369 -0.0206242241078509 -0.372148043049143 0.0393648922249458
-0.167327883869217 0.00582101772357206 -0.256860376862374 0.161168217562654
-0.170858150284906 0.0730174493017881 -0.131728541665519 0.131753736783061
-0.0831317947118559 0.128464803965388 -0.0587082925204112 0.0774643002913466
0.0346295184884677 0.13585075676083 0.0336828738440066 0.00139606434525304
0.0913989271643386 0.101448712963254 -0.0409763056567101 -0.0863902810904423
0.126715544024661 0.0563947256167257 -0.138146894923357 -0.0842042866602887
0.129052497260618 0.0111484759437901 -0.214406594882744 -0.056800128111509
0.143439425167149 0.00545967276176643 -0.243490104560252 -0.0380636000797236
0.146019518925352 0.00683690473722786 -0.251842480027727 -0.033324254728451
0.176771772549704 0.0470444808249623 -0.217919897863936 -0.054017920026359
0.164802596156519 0.129366078336444 -0.141818299819608 -0.086055454587864
0.10012986012641 0.203516493260563 -0.0337163566862367 -0.0338108797830991
-0.0750029599974202 0.251539720544332 -0.0581032314541284 0.0535290333890687
-0.233504245221585 0.157876689535149 -0.170828795144494 0.0855573460481959
-0.228342381026042 0.0519170152942044 -0.31397278438278 0.0371907630518445
-0.251587812630325 0.0215940680221596 -0.194620496759208 0.149389679189003
-0.255541830177963 0.114453756399343 -0.118578873732006 0.104210029208019
-0.145470043870456 0.186580336581437 -0.0784185964280125 0.0862901538109566
0.0160153976317625 0.222895613201109 0.0267697059214876 0.0306277239186886
0.126729583961639 0.189364682156977 -0.019139604217018 -0.0466261067429533
0.196378446585224 0.116174538618378 -0.0850811301758213 -0.0601918348402851
0.210210443330585 0.0382066269145615 -0.147474204466285 -0.0534737557082463
0.228670804282195 0.0203346244613119 -0.167444855320259 -0.0369099277294342
0.227987123243401 0.018865954067972 -0.174113549189117 -0.0253617414043393
0.265301756873261 0.0718809723223193 -0.153287207717032 -0.0286147958269836
0.245853948562339 0.186043122523666 -0.104001594135936 -0.0520149429011535
0.157600030399256 0.282992469616023 -0.0162706578619527 -0.0159709538619762
-0.0615401665239579 0.358139452793078 -0.0269074637139718 0.0580766974081693
-0.288965529755879 0.263434871919472 -0.112799102611929 0.0714646749522078
-0.315515691151021 0.124553288761483 -0.21573643959334 0.00828523309784421
-0.306223459062293 0.0378207986185583 -0.0881396034229104 0.134753135588596
-0.315697239515455 0.154028470343523 -0.0685447246916078 0.068070879707707
-0.190528725312553 0.239792788344837 -0.081190871297413 0.0825120663109247
0.00142513741884778 0.295233290577897 0.0133108848009924 0.0612939547860055
0.151040533678381 0.259296213246626 0.00622913362979716 0.0136321193279721
0.242360939806654 0.162436314674929 -0.013766559255959 -0.0139527645035206
0.261650759656797 0.0605313872709885 -0.0549340989787312 -0.0354101025947981
0.278376022233729 0.0326802122811098 -0.0657553064499251 -0.0290262845699687
0.273223597520981 0.0286041022652538 -0.0724954627057737 -0.0192609053886077
0.313018420315838 0.0846468256803881 -0.0667950791410976 -0.0113825314594256
0.292406235384853 0.211827236014629 -0.0465116545998456 -0.0218809446712145
0.192500778166757 0.316235351501563 0.00585894202539463 -0.00453498178626266
-0.0390385023357588 0.403309603736967 0.00510995405338589 0.0430662873246684
-0.294252979809667 0.322388329288972 -0.0478400186632055 0.0302925645616146
-0.347065851603223 0.174727554390884 -0.0964930504346495 -0.0395831748469077
-0.315168805862783 0.055242984725989 0.0476871989005358 0.112409050268645
-0.323733803857102 0.182618216077964 0.012855044844301 0.0246754031078825
-0.194954108917858 0.265420860676156 -0.059646575441152 0.066521861024649
-0.000732318850303395 0.319056835111919 0.00420225891506775 0.0881279061308462
0.158029539000416 0.281865067818605 0.0380869502356414 0.0837435008594001
0.253789708128849 0.178261942507146 0.0692385571488053 0.0430041751946391
0.273444164805128 0.0696182461934754 0.051315411772859 -0.00785769688873864
0.284390573378579 0.0390382119810855 0.044285551680713 -0.0161855214271095
0.276190534565663 0.0352183897825787 0.034553605735057 -0.0128288444292002
0.308841912551546 0.090553826244009 0.0256001318546696 -0.000442382786707247
0.279249708885699 0.20855353329395 0.0181346243249713 0.00194981474639621
0.177215671497017 0.297835485562359 0.0269807396125387 0.00565449585253133
-0.0258490123372037 0.369447421654332 0.0304684262027147 0.0199368564049525
-0.259955558705564 0.310593013541238 0.00990226778742663 -0.0215822541781556
-0.320725170805031 0.190629311758189 0.0231469187394263 -0.095729193104045
-0.26746003231708 0.0714311303917739 0.188102193277489 0.0788936744771086
-0.264121351818961 0.181276565770205 0.102963086206109 -0.0229143334363039
-0.148556250992982 0.236934172467085 -0.0187525889063594 0.0423997838287025
0.00536888356023799 0.270313455339715 0.00446108020789102 0.102054384375183
0.138734532148829 0.242216290309152 0.0735266293680353 0.140444668089298
0.220349497464272 0.154831304236113 0.14868036799391 0.0912179390155943
0.240403593112414 0.063137459945335 0.153300828307421 0.0201902173802703
0.248145986142808 0.0395864493227628 0.147090345709885 -0.00158335249404656
0.239933603915705 0.0403539674671845 0.130592170258164 -0.00402123203041064
0.254700382229252 0.0901953730368227 0.104067768102302 0.0108053293811252
0.211297037962098 0.184009176870952 0.0701940676623476 0.0254478011497036
0.111933744628276 0.237606984483359 0.0389929729682426 0.0161325215347932
-0.0301273553797084 0.267321556178273 0.0441977634808601 0.00118740052210671
-0.196540728216361 0.236632820171524 0.05168065328964 -0.0641696401306237
-0.248675520121791 0.169100736547511 0.123702949154242 -0.144439342803131
-0.170573804024746 0.0741901137968163 0.302768920778759 0.0359135987837718
-0.150851602768648 0.139312649085868 0.175132606194826 -0.0682119479301523
-0.0712396097527319 0.151547764957115 0.0274678349465704 0.010701549638186
0.00623908243463688 0.163372905449407 0.0100760780363651 0.096002499684134
0.0898709774413966 0.155925031277377 0.102011714563198 0.167134416701475
0.146008361277737 0.103568728522932 0.208635135709459 0.11745121984458
0.167061526314678 0.045686749270428 0.23456641383624 0.0400260227056253
0.175440807323657 0.0344237347648637 0.227388859655247 0.0125703022167292
0.169393718266764 0.0404403165683172 0.201758448205994 0.0102295038177265
0.166886049900758 0.0790870402362423 0.156137334710926 0.0278556242408586
0.113852063435779 0.137600059647668 0.0989856401662036 0.0500202870338068
0.0306257717918913 0.149251786420572 0.0357904186837989 0.0297321870470911
-0.0320830076225537 0.133378137471618 0.0452193308361116 -0.00926881782268742
-0.111233088174643 0.135109026630101 0.0767299732717707 -0.0867000008044353
-0.146424855798558 0.125987226700196 0.195390420716138 -0.17370271745305
-0.0444187494801223 0.0561731440369055 0.370109284450386 -0.0107586797490578
-0.0200517124863223 0.0595852873283712 0.214325648588686 -0.108015791021939
0.00240445823009476 0.0320034624097269 0.0615439241408219 -0.0290356359421303
-0.00956383864040596 0.0357215669077079 0.0113643776966273 0.0735998429653209
0.0203101036807181 0.0531289754346851 0.116127867941197 0.163519039399168
0.0455908327000312 0.0421845485023537 0.238198323117992 0.11862288195063
0.0663007620140837 0.0261241577429987 0.280721231250227 0.0497493032889581
0.0767608131179858 0.0249794381996692 0.273730223863967 0.0248137021717121
0.0777476248143791 0.0311745141522496 0.241633056219952 0.028485003484767
0.0647009782504284 0.0499563477194168 0.180469365415513 0.0501403319346389
0.0194544668490428 0.0697416007607928 0.104794879291294 0.0734602465486942
-0.0286695940580267 0.0476748442306908 0.0207654714472448 0.03905288023786
-0.0112736683208785 0.00710495627961493 0.0382028809044413 -0.0165297364519783
-0.00898069586972984 0.0425628942755567 0.0926476993397964 -0.0937223972222698
-0.0302011662876568 0.0787564513167791 0.234915425769892 -0.18174836894483
-0.069001188820173 -0.011732397565166 -0.260376921821253 0.180811244916296
-0.0778878965686672 0.0296925556929433 -0.103778746840261 0.153786169412533
-0.0219170778252473 0.0654121306017366 -0.0324298629090896 0.0612324165649689
0.0430342913598663 0.0430165264324882 0.0248963150182579 -0.0245323984428876
0.043446136153401 0.0113478681249229 -0.0698786360177454 -0.0966753012190076
0.0413636663452925 -0.00451812222498709 -0.173045283738453 -0.0727113388796417
0.0300464393156111 -0.0134386999761899 -0.245790975106723 -0.0305612187793893
0.033362977566493 -0.0115250323950067 -0.282364340138777 -0.0148115590487376
0.0381851856047176 -0.0131945678054191 -0.292180748634007 -0.0224736800990847
0.0636556820225923 -1.14888319340846E-05 -0.250321565280764 -0.0638579711706941
0.075616473305224 0.0361421683845839 -0.163028538446417 -0.105373300722051
0.05576292107719 0.0853630022290681 -0.0474589801628654 -0.0561335447497683
-0.0455741568866533 0.11812090102347 -0.076593833912507 0.0332716433630752
-0.121712276827358 0.0471711591953195 -0.197634509616604 0.0864347202771376
-0.096734874446907 -0.0157388315318688 -0.362536658937944 0.0614876588402689
-0.166084131111284 0.0151543082619972 -0.244696856159573 0.173510110349344
-0.163588758756215 0.0832760874221994 -0.119582746699215 0.137125389300187
-0.0754444380361104 0.131580691983868 -0.0530763248729408 0.08156198068718
0.0419691198748175 0.130762115602075 0.0336944993517751 -0.0026201423822809
0.0959454997108922 0.0932912662546816 -0.0462784036344827 -0.08246953674193
0.127957173451576 0.0456063627495912 -0.141255614402409 -0.0744119909069478
0.12738213249347 0.00302161823438277 -0.214933286820031 -0.0423511920613184
0.142033160440117 -0.00380234950997215 -0.244242377137834 -0.0220975654319697
0.144390918068998 -0.00149965391859041 -0.251413406837386 -0.0163175762823307
0.177387410776875 0.034861377643827 -0.217665665766868 -0.0392473252583964
0.172233455886911 0.116416525062448 -0.146311530065313 -0.0746424485954989
0.11237300189416 0.193862133925269 -0.0355081209737145 -0.0320081839066331
-0.058021212448201 0.253789982423708 -0.0560906954145513 0.0552025509082356
-0.220831493612718 0.17193795059361 -0.163419083165032 0.0950687832917801
-0.222219493221827 0.0635312425951368 -0.306821697321391 0.0550826564618734
-0.249626752581013 0.036397396471031 -0.182251760557589 0.158305008938456
-0.244672669635871 0.130116662046224 -0.109928037186368 0.108421067039153
-0.134324183860351 0.192996540168107 -0.0723158084765741 0.0927386054457894
0.0293665843053011 0.21874438166199 0.0282993152740563 0.0269495642000899
0.136637244732732 0.178554781963972 -0.021173900570312 -0.044746800624801
0.201656074670624 0.101039900687653 -0.0865882897672656 -0.0544111892067209
0.209315638740837 0.0250012816530167 -0.149604114691815 -0.0419821451895209
0.227242140250952 0.00544353346290126 -0.168516300684796 -0.026422591298003
0.225902705306332 0.00559246431404739 -0.17341601493219 -0.0133397636498856
0.266823297861285 0.0540167436692438 -0.152267130327411 -0.0180790975717973
0.256486593890251 0.167097214865117 -0.106503942500496 -0.0430960877607058
0.173979714631612 0.269452999700055 -0.0166112440181469 -0.01517842921614
-0.0388884895779791 0.357898137498216 -0.0248704197944834 0.0579074758422197
-0.268913292800757 0.280554507875431 -0.107102742442837 0.0765161721679382
-0.304612092340593 0.140190845293719 -0.212147164985571 0.0219007067468003
-0.303340986718238 0.0551140376703109 -0.0787041785485555 0.136421391254682
-0.302222898661789 0.173713602077714 -0.0630329425230185 0.0692804653786366
-0.17613192148628 0.248651739742866 -0.0747892940425837 0.0894350451200801
0.0193304488201309 0.291197689897089 0.0172142574191864 0.0572771291201739
0.166337114126829 0.24699301922415 0.00802050536152079 0.0146101106986949
0.251297197336599 0.144125681023239 -0.0128672373294823 -0.0136119483455276
0.262275428272977 0.0440886389616783 -0.0575512315237586 -0.0302235149566593
0.27674386460601 0.0143673472322076 -0.0679802590028092 -0.0252451202366184
0.271857936723298 0.0119854976857331 -0.0730269835048015 -0.0136067884439497
0.31548807485926 0.0635881573626277 -0.0652143060088763 -0.00709862806708601
0.303909557494615 0.189181748649098 -0.0472182855039531 -0.0173233242046335
0.209964753145342 0.300040667836381 0.00618765341036328 -0.00408948124264252
-0.0135038522500128 0.402692935474367 0.00741328734019869 0.0411428433551831
-0.271494816388559 0.338386528515277 -0.0443755691448441 0.0311110567670246
-0.331810513971669 0.191400595950957 -0.0979628149976845 -0.0320876878860005
-0.311029183259557 0.0732914906033755 0.0545923283220669 0.10597902934353
-0.3088340860856 0.20207492141139 0.0141075382298409 0.0209264128315592
-0.179503631409517 0.274262901196102 -0.0539627492894872 0.0716999113698589
0.0183319624106832 0.314855788302923 0.0100740725047159 0.0847417304077827
0.174970054044348 0.268073799690715 0.0446332202348938 0.0820781622665935
0.263774474118699 0.159890526123747 0.0728411610283901 0.0366701705903189
0.274421081078504 0.0521203370574055 0.0477614850249014 -0.00971051796066249
0.283621159377631 0.0209782142786875 0.0426145726242657 -0.0190239085897734
0.274927716254526 0.0177625819709114 0.0340560349096887 -0.0146390909487917
0.311377066362329 0.0683790168001407 0.0265525394019809 -0.00194844076296759
0.291181955342767 0.188309817978658 0.017669171329684 0.00251731959611072
0.193391235305168 0.283105165838402 0.0278282676436037 0.00471617892169348
-0.00335390094993274 0.366821280915712 0.0316356741192685 0.0162300210781728
-0.236920915750542 0.325121311412384 0.00897630938215322 -0.0242745340697435
-0.30532303007765 0.205113985584086 0.0160966978858727 -0.0945248861033115
-0.262858990353792 0.0853224120059881 0.191258979227664 0.0649877176331712
-0.249800556893044 0.19694564332488 0.0998512736125572 -0.0308240167633988
-0.135193843437418 0.243567633232365 -0.0146642066779725 0.0455607945772693
0.0214759360085845 0.267501825453268 0.011034019665445 0.0994897204439189
0.153445302217264 0.231692758105388 0.0833523466680578 0.135555549820085
0.229354889642439 0.139207775928107 0.15457203851356 0.0796808804605744
0.242382427827241 0.0481135508873067 0.150559776026771 0.0117287720353633
0.248145981513488 0.0233276001432164 0.145542930023911 -0.0111069490254856
0.238787479781755 0.0248266481778389 0.129711896104014 -0.0117273288841882
0.257878639054994 0.0718094783397138 0.104031416339802 0.00362365357398417
0.221833927712807 0.168223529748272 0.0707158380202955 0.0216463907752334
0.124935899980557 0.227784246756313 0.0404713902519335 0.0151256021265387
-0.0139022843348373 0.265754799728542 0.0444880789152225 -0.00362728418984795
-0.17925191123898 0.247681360544398 0.0474982653389317 -0.0688208836091535
-0.235271383193913 0.179593952701343 0.111616355679974 -0.147599949121753
-0.165981187424547 0.082334620145069 0.301285407922072 0.0162579343666097
-0.139887439338319 0.148375355912174 0.167505102773282 -0.0787666197539678
-0.0625933808898263 0.153588766985292 0.0288797752307007 0.0105160622118551
0.0155220224957784 0.16147854935968 0.0168581888516378 0.0941814888488474
0.10014919502354 0.148665713731236 0.113230814310824 0.159947773997173
0.152287660712665 0.0929288864715992 0.215295808970477 0.10212672790754
0.16811535744627 0.0356663423534651 0.232756318532221 0.0259157296976389
0.175579484269571 0.0227282750044637 0.22650862119017 -0.00191918289649677
0.170008168374552 0.0294895819469268 0.200542874729534 -0.00265602527679777
0.169833914610624 0.0665362988128033 0.156302139542581 0.0175002942387869
0.121984572502373 0.128849493801029 0.10101586995496 0.0434806528822395
0.0395134923266673 0.145490397059945 0.0375710961946421 0.0284265851010374
-0.0245652850559441 0.133083295722843 0.0450998663514409 -0.0133892294061238
-0.101125251947616 0.141187840499324 0.0711003176879871 -0.0927393713887831
-0.136556340059901 0.132031638104051 0.180690803423775 -0.181362530349277
-0.0414738630038105 0.057429433774551 0.366030415166533 -0.0334463386891407
-0.015906883081507 0.0602823010523926 0.204121483935868 -0.119646343711096
0.0032802932325559 0.0310043211005279 0.0603991502272519 -0.0318105780610758
-0.00716367837828347 0.0359566719639208 0.0163047547000413 0.0731623699629378
0.0237713025568008 0.0511735097991506 0.12805281406614 0.155383345332321
0.0489775130845269 0.0394553907083444 0.24374997941785 0.102625059993453
0.0674587774865018 0.0217872146314214 0.279282820404942 0.0322109952268164
0.0774065444729034 0.0197547780050309 0.273927117492911 0.007558494284678
0.0789281297920075 0.0252465341737161 0.241152546554215 0.0127724269899184
0.0669427687395007 0.0450228981830564 0.180295282396408 0.0371991010484334
0.0237968234084442 0.0689166184550062 0.107208049586153 0.065801792014689
-0.0257203977997679 0.049663446852228 0.0228908487213369 0.038331908763083
-0.0115405911922075 0.00727237351687389 0.0373705820317457 -0.0196438853810477
-0.00690443371925968 0.0428092189560509 0.0853554269400455 -0.0990189396801372
-0.0240786510082961 0.0793282229039812 0.218557177654083 -0.192158139659141
-0.0671515826140497 -0.00831251815416888 -0.244423407972429 0.186348683074002
-0.073795246251462 0.0324838940540532 -0.0925394770076641 0.152849932639686
-0.0193450970351561 0.0643049881688054 -0.0283640626127106 0.0623557431722181
0.0435192188811904 0.0386567020853433 0.0229974350686479 -0.026180376245792
0.0417183394416458 0.00884852124572518 -0.0728977646565428 -0.0908266054456135
0.0391384802056345 -0.00711108859044704 -0.170562924646095 -0.0630034830135404
0.0278570343026084 -0.0144787939527329 -0.23854921597927 -0.0186286817545185
0.0316396891329221 -0.0123139484644063 -0.275783556175502 -0.00173537403455742
0.0366122428345249 -0.0137197344495962 -0.28446330098733 -0.00826011835499156
0.0616927370751117 -0.00316662118286867 -0.245932726311255 -0.050166977450301
0.0751889199629758 0.0306624028200854 -0.163864579316166 -0.0948629735839629
0.0579734878854546 0.0791158271764374 -0.0488853483654515 -0.0533131148521138
-0.0388292178514897 0.117146132809395 -0.0747427393115027 0.0352829302413
-0.114795484991666 0.0520659873005233 -0.187928110561206 0.0922639324770799
-0.0952126562216947 -0.0123133875223637 -0.347194768270113 0.0741675476598695
-0.161472896728668 0.021807553250053 -0.228457006210386 0.177788117213676
-0.154589447377232 0.0883756534511752 -0.109714170592922 0.136673045827164
-0.0686652685446576 0.13087297330364 -0.0470090596042646 0.0836470135098786
0.0461574709142997 0.123937461555691 0.0323143739728521 -0.00546074205158892
0.096955710727633 0.085896463621675 -0.0479478053413937 -0.0777916307576777
0.125777439725421 0.03750077480599 -0.139388958635928 -0.0666094456409783
0.123173451220602 -0.00219645281062066 -0.20959011002797 -0.0302055993211843
0.13694473631922 -0.00973816023392865 -0.238917056053417 -0.0106823646444732
0.139517378031081 -0.00721447775096236 -0.244881673118622 -0.00452973400334129
0.173780589639632 0.0257432222935083 -0.212404038542323 -0.0277544189333313
0.172986678042842 0.104482997210155 -0.145855599132575 -0.0651484680555764
0.117700387125102 0.182778352174495 -0.0355406026367094 -0.0309290700466729
-0.0445780180182318 0.249342411054747 -0.0536695718679569 0.0555872490581531
-0.205632685817948 0.17855855815237 -0.153833707251108 0.0986383288883885
-0.214199299544602 0.0691742812015931 -0.2932945161556 0.0667273696060079
-0.242716972178423 0.0456840812375606 -0.17037642736049 0.159515814648511
-0.231473643781889 0.13792490681686 -0.101707494251492 0.108406676439693
-0.123732262819046 0.192980533361143 -0.0650503324509988 0.095022002705167
0.0367390022969898 0.210448018965874 0.0278924572044006 0.0222756574570988
0.141359657125107 0.16678157773603 -0.0216067338322129 -0.0415935435877497
0.200360664735756 0.0873260046516009 -0.0855265489675541 -0.0499878236590864
0.203854755464956 0.0156817226148425 -0.147357144142225 -0.0331526311981096
0.220431413865989 -0.0045485553801737 -0.166241953563452 -0.0180168330726619
0.219839110688105 -0.003397418967515 -0.168919995513771 -0.00575901971605005
0.262067169596281 0.0400815754796509 -0.147740039287459 -0.0104835699704795
0.258099165869359 0.150122909959939 -0.105489970815328 -0.0361141338448763
0.179959263792016 0.253216559775286 -0.0159189196608566 -0.0142351064122845
-0.0223705135112301 0.350237867030019 -0.0227313045520936 0.0554150438267384
-0.248471199700644 0.286771629245914 -0.0996433250733656 0.0772886179216977
-0.290883188335957 0.145957065823181 -0.203726357935222 0.0311354920439633
-0.295405013246176 0.0663541826859611 -0.0705389625955082 0.133849508674078
-0.28509332965411 0.183990813504613 -0.0584290752124989 0.0678539708877804
-0.16234602414926 0.249366363547071 -0.0675449522356548 0.0923440739834381
0.0302258511551191 0.281534865131028 0.018741315955652 0.0528670255094086
0.172404464173442 0.231412007036002 0.00978112303582465 0.0149385619285471
0.25120783707149 0.12716543346477 -0.0112788059076816 -0.0137934757740133
0.256372292540286 0.0322848546910022 -0.0587383056740242 -0.0253667658805682
0.269651202119472 0.00146682350176555 -0.0676056660111135 -0.0214747855071371
0.264447173825806 0.000720353799797198 -0.0707653351309767 -0.0102399987183755
0.309406673982144 0.047413638732911 -0.0620604404702142 -0.00418557675328619
0.305343149641952 0.169928862509096 -0.0465975566126447 -0.0130335424034485
0.216814720629843 0.281454320318591 0.00724788498049974 -0.00405660545317169
0.00464894587988929 0.391184254021694 0.0081378544689868 0.0373390971001339
-0.247861330069678 0.344166131988845 -0.0413328500981952 0.030035680534575
-0.314500320951457 0.196497321877472 -0.0965271837373928 -0.0258770225823206
-0.301659589159844 0.0839165614082293 0.0575896091839695 0.0985166997863919
-0.290153278988576 0.210959128553761 0.0139918124183688 0.0178236080416064
-0.165181742659509 0.274188699879816 -0.0480592477048511 0.0747046037405285
0.0310272853269736 0.305796650243312 0.012154118468758 0.079980641631588
0.182841808321723 0.252664824334055 0.0490454782077162 0.0782940193800596
0.264054032856862 0.142390725829848 0.0745032803408152 0.0311150769723777
0.269758818021641 0.0403003516147675 0.0452951010796765 -0.0094988605853526
0.27682423913205 0.00755945636202322 0.0395908339834174 -0.0209759449473315
0.268101742360144 0.00689698743335783 0.0325648552309434 -0.01622276919685
0.306388061490615 0.0522402974019751 0.026510861969864 -0.00415357895000047
0.29265794029687 0.168575346839603 0.0177486105277047 0.00287717270429264
0.200461036736051 0.265921982651434 0.0285185945124852 0.00358801865999174
0.012324872880986 0.35667719323919 0.0312244876502369 0.0116452192820064
-0.215384264536892 0.328017268345127 0.00825319080453056 -0.026472393748426
-0.288173670862687 0.208666246729663 0.0113421318203828 -0.0905938203260337
-0.2540480477412 0.0940400093000506 0.187904101177844 0.0531737983929967
-0.23268858151581 0.203349055069172 0.094135635933759 -0.0346474605228427
-0.123048954831792 0.242275014119508 -0.0106949487878446 0.0470186462278549
0.0320431780260494 0.259010164290563 0.0151436968287228 0.094530482321974
0.160701578806479 0.217401475862719 0.089498109949641 0.129261968259092
0.230543746061938 0.124459283688724 0.155341730463317 0.0687290782048942
0.237623965126764 0.036730560527108 0.14531602193627 0.00621989616404002
0.242352046162247 0.011470196204861 0.140749991100814 -0.0172009704510959
0.233352942114547 0.014659172708575 0.12576723053663 -0.017754412994077
0.253993300554693 0.0576383264089829 0.102047453326525 -0.00220003261258714
0.223752558710524 0.153253816778042 0.0701249016461224 0.0190084377877589
0.131043316172791 0.215735400045787 0.0405502569463821 0.0133734403276054
-0.00277631485448319 0.258607722941148 0.0424842886017402 -0.0074184946862552
-0.16264825882706 0.249688884960994 0.0436148823979465 -0.0709635295765168
-0.220494731719307 0.181699309864713 0.101455552337504 -0.1451981384153
-0.159530007047531 0.0864093492334022 0.293517342742579 0.00204062013059684
-0.128939506754844 0.151043373178621 0.158149043398787 -0.0835822463248392
-0.0558541794064899 0.152219053925059 0.0304103301545407 0.0104125512037653
0.0214628272571023 0.156630090961098 0.02020650171545 0.0906260268842546
0.104145337443269 0.139732103937516 0.120109251217542 0.151539999169088
0.154066432681176 0.08358414558243 0.214571645547178 0.0887950604705106
0.16582823660319 0.0274046674751883 0.225631312065104 0.016861416318669
0.171917498195672 0.0143249661348674 0.219958037013195 -0.0116888037123679
0.166338505673438 0.021050428297441 0.194840714426503 -0.011601295174387
0.167846093903868 0.0561442096156548 0.15227236658781 0.00900806313963018
0.124467280112843 0.119696726663419 0.0994372417172836 0.0384438157856606
0.0441680762288287 0.140351344457037 0.0380716209920344 0.0268595690523344
-0.0186983882834178 0.129983858095028 0.0437693439372682 -0.0170470397011693
-0.0914592200277555 0.14216871153907 0.0646430840800375 -0.0942463158055398
-0.126643369374621 0.131724332749058 0.165540326089112 -0.180536854561536
-0.0386670118071828 0.0567445753468315 0.353389466358399 -0.0476654461335177
-0.0128637451103748 0.0595269793336541 0.191506600476561 -0.123208243433426
0.00333530842677767 0.0293192240775484 0.0584248653349946 -0.0329469275536545
-0.00594387894987819 0.035742091185926 0.0202095847727183 0.0702709259008246
0.026313406231954 0.0484980917703105 0.132803375033106 0.14524100843795
0.0504420068824824 0.0366621787949599 0.242919933196978 0.0878070576670205
0.0668335074799867 0.0189142192749363 0.271437578418272 0.0191838186886156
0.0769648857870213 0.0151607450286532 0.266982620785923 -0.00497519029047409
0.0774162934016805 0.020518865570103 0.234678415816562 0.00230607079422491
0.06687371377296 0.0403228007729459 0.175585199295609 0.0281440383592922
0.0265960942861165 0.0660006527758637 0.106210765214321 0.0586326521545098
-0.023313148031244 0.0505141874156869 0.0242740617357065 0.0373657410718949
-0.0121451622602826 0.00753719343876383 0.0367137804698287 -0.0223676630444349
-0.00468348325046194 0.0419749980065834 0.0779264087947475 -0.10027596406862
-0.0192871522301654 0.0773937563157659 0.202512057982495 -0.192740771590879
-0.0565082134597614 -0.0367188770480763 -0.29178327542776 0.0738267741624089
-0.0776576693325529 -0.00305854840865822 -0.140700654987173 0.103201150517367
-0.0439341443616541 0.0494167212856309 -0.0469635481989024 0.0471202930192197
0.0212141326605493 0.0511089431646001 0.0346316869364816 -0.0178816882364753
0.0328131177361854 0.0259308229908354 -0.0273494495020531 -0.111289077440173
0.0366483905952808 0.00883645437734474 -0.124457019266623 -0.125565241636617
0.0295589580804491 -0.00189849931746997 -0.203432208365699 -0.11214726737663
0.0319422883149709 0.00183862249552866 -0.24461693495773 -0.110541150530813
0.0357455220667545 0.00367653920085676 -0.249223354268639 -0.118688883548478
0.0551672919116 0.0220409023079744 -0.1993639456316 -0.141308979381719
0.0544377625067219 0.0566653496873999 -0.106615629947258 -0.148001582172272
0.0212016507314503 0.092998355868027 -0.0224768494435527 -0.0665485829019661
-0.0783415738453548 0.094694224067009 -0.0841804843890832 0.0005134484534673
-0.123350398661461 0.0081139474336764 -0.207079598659779 0.00518424619343541
-0.0876088639790572 -0.0437389748135006 -0.33527836393956 -0.0778017908629619
-0.156172789903831 -0.0514908592489134 -0.269099818036241 0.0819549567497727
-0.171583862574061 0.0121013552720398 -0.146833865969353 0.0858450601409032
-0.116115102175292 0.0872112050380131 -0.0685881427301989 0.0624801213186684
-0.0122429927272527 0.126105683312942 0.0392898902191197 0.00623931302327078
0.0501633179932801 0.115826893303669 -0.00609501779211348 -0.0919636316117638
0.0952833693731986 0.0828371628371851 -0.0916671309601239 -0.118078495092763
0.108767128163391 0.0469975767228295 -0.172848826464567 -0.111834274609764
0.125589638981437 0.0456112675406302 -0.209041826844005 -0.104718276117601
0.125932034145698 0.0499926744768711 -0.21428618070754 -0.0978607015210253
0.144026431953157 0.0901393707714139 -0.177030661461794 -0.106298562988596
0.114573753106275 0.159378987876286 -0.102573002973344 -0.11323142284941
0.0347069627274776 0.207997979447167 -0.0204667707769805 -0.0392700517112913
-0.132925715587971 0.212898058864066 -0.0754156895533276 0.027352745703773
-0.250280921905931 0.0895976780540091 -0.185455631534011 0.0206844996070312
-0.224148337981672 -0.0139406441391575 -0.287579880511084 -0.0691752655844043
-0.241341858114494 -0.0665100253837258 -0.205704868638038 0.0978905860114555
-0.260001710462355 0.0235966286591172 -0.126484778034924 0.0678301905638672
-0.191440446284854 0.119775719102111 -0.0853035354554399 0.0707689261008655
-0.0560456433314133 0.197183097612459 0.029117605984009 0.0316695458393981
0.0550969193617511 0.20469647446511 0.00810895186635057 -0.0494895282228457
0.140506035296055 0.157043753633613 -0.0463948020643524 -0.0832174265861876
0.172338259318647 0.0956646020761823 -0.115383010614866 -0.0901557990549484
0.198674443818916 0.0831951940494185 -0.141136937352993 -0.0829806150243136
0.196700705619492 0.0844613360541915 -0.147144070389837 -0.0681017600921118
0.217719915416735 0.136160022923606 -0.126215155977733 -0.0635914987071897
0.174640458666924 0.23322027139759 -0.0780065189647617 -0.0702835299264227
0.0651038738046418 0.295735615730853 -0.0101711405842759 -0.014913902413681
-0.15011152260007 0.312823971298904 -0.0493395777201927 0.0410171949581911
-0.327997402906394 0.171818570259662 -0.134327759927468 0.0206178991645714
-0.320921325568687 0.0271364978108366 -0.195300740556358 -0.069697488935568
-0.298811647113591 -0.0715277162211124 -0.102834516552765 0.120619499358179
-0.326362682896829 0.0411435346873525 -0.0706360018679838 0.0517653171854674
-0.249570053284792 0.153483840958639 -0.0824917996905153 0.0701583286043013
-0.0920043053135765 0.256940586299349 0.0129983881820681 0.0569375142751751
0.0564903771622348 0.273844467273373 0.0180059095557096 0.0131063918818884
0.169653019192625 0.21248800704825 0.00786006386077901 -0.0225925575084434
0.213026116907773 0.131491425123336 -0.038423529689895 -0.04697853152638
0.240216607763052 0.10796603200422 -0.0529334113873111 -0.0471572773131424
0.23574850725227 0.104911850378131 -0.0584045175533953 -0.0330211870739557
0.258456553937206 0.159313493566555 -0.0520196118945155 -0.0233959016314923
0.210123650172578 0.267448641070313 -0.0339293270072067 -0.0264370135036958
0.0867068131888456 0.334847659862139 0.00626417065012259 0.00503101841639532
-0.140215758750345 0.359372736438007 -0.0156769251080376 0.0377003652288392
-0.347261596862413 0.222925740336892 -0.0660225295421363 0.0016937930823685
-0.359400629802263 0.0635603773269587 -0.0791755194545318 -0.0790137195326303
-0.312409530455578 -0.0590357165726212 0.0273707726283409 0.140540601671955
-0.343775143423478 0.0629271248399345 0.0153081340694556 0.0373860802349608
-0.262704628270873 0.173857608621988 -0.056353739930994 0.062690383168109
-0.101760156910883 0.277540267787395 -0.00221028254611266 0.0796364776104962
0.0559736925330713 0.2964379121171 0.0285635146296838 0.0856859382444479
0.174904071227373 0.231018807868699 0.0660788918127894 0.0517026009883986
0.221050587105348 0.143256174340581 0.0477569132747415 0.00843263468190988
0.245177315848239 0.115361965290998 0.0426539069875091 -0.00343580226460312
0.237193018197329 0.111400533273572 0.0362556368738137 0.00265194054463594
0.253402603893372 0.1620740112283 0.0273637947973826 0.0119767466997621
0.200016791599005 0.261066442707546 0.0161123928660452 0.0131102214725805
0.0770454064920188 0.314026877359083 0.0220606528120924 0.0199606475423644
-0.120237111543907 0.330198718897691 0.0160590041200766 0.0244784694261029
-0.31233065018918 0.21834046970623 0.00139557579095819 -0.0280786430827604
-0.337649436890092 0.0831737399436466 0.0412560701401313 -0.0920384116381597
-0.273361652403663 -0.0291631578629052 0.16224068082078 0.147976501047404
-0.290209452764233 0.0796328033236105 0.107313410411444 0.0197301454114805
-0.211771494840384 0.163251565689695 -0.0131628372825398 0.0497253655398452
-0.0815922305737607 0.238715005419037 -0.0086435028443006 0.0937500936032863
0.0514662329575746 0.255734682350301 0.0426716406484447 0.147640798828203
0.152984921468853 0.201953826588127 0.121437770479252 0.11855773143108
0.194469796393953 0.128228016715889 0.13014169985896 0.063262300894301
0.212170645304418 0.105622326129455 0.131311806445488 0.0401256470867879
0.203119322098561 0.103324677829488 0.118604519024157 0.0377293203168861
0.205541902786157 0.146336489813447 0.0927971475072823 0.0428623020136267
0.144969966241469 0.220600691660059 0.0551471901033777 0.0478050099251946
0.0352765218036756 0.24272051159338 0.0288231650486145 0.03291964939071
-0.0980327824875919 0.234851555294479 0.0365022475112754 0.0106878397720772
-0.235872760479212 0.166083376304381 0.0536733694634512 -0.0529328488477982
-0.264520059645737 0.0815544228367067 0.143299432794092 -0.100702785539879
-0.184069024899078 0.00629033035217203 0.274240654205959 0.135983949674781
-0.176713432771983 0.0774502965686462 0.180545508044826 -0.00284016625001348
-0.114502349764074 0.110720471790649 0.0334853703184889 0.0272641607795933
-0.0472511505262936 0.14527819265336 -0.00866799829670779 0.0914953102444213
0.0341077431812589 0.163930760876404 0.0556182772492875 0.18132271749802
0.101416993708153 0.135305801727943 0.163066358296072 0.161626667907309
0.134836379562625 0.0913825023311257 0.196098438675049 0.105477599797767
0.148834818115399 0.0805216811930515 0.200522023596601 0.0768699111311276
0.141374424878251 0.0823853648072894 0.177488278754314 0.0696040059272253
0.128939429033818 0.112061903479803 0.131745862265354 0.0715213977892259
0.0681087839505794 0.153560903083822 0.0727462113711419 0.0752467411354067
-0.0140015565804 0.142711780360196 0.0217061548338659 0.0419280886189389
-0.065799830855994 0.110747421448731 0.0434438619440673 0.0010288978572616
-0.133549909118205 0.0940133072916961 0.0865646413190438 -0.0628833994761855
-0.159763676298966 0.0700717427556108 0.214079181194312 -0.101841665322061
-0.0606030307604839 0.033461846350159 0.341207329036682 0.104142626745243
-0.0366146810507953 0.0466825749783543 0.222639839447353 -0.0314484258855099
-0.00966653482336536 0.02695629092932 0.0683005144820485 -0.0055472172914285
-0.0205963839869577 0.0287006592194725 -0.00799362427350373 0.0728960063396974
0.00296220290350886 0.0519330349037468 0.0641300109672829 0.182915834609412
0.0295540408760208 0.0527215863900404 0.182883849253123 0.174116005411489
0.0519671711098509 0.0442877254578469 0.235300744381898 0.126524968606276
0.0633188462701613 0.0433670611584518 0.23979523587443 0.101635882754134
0.062745993715359 0.047379653093733 0.207358885646618 0.096102454107436
0.0449005089248672 0.0592870893369576 0.145205139576022 0.0961317039640003
0.00028337585371158 0.0685987728282843 0.0697173598400228 0.0948221117390287
-0.0394534858579725 0.0375229440539723 0.0053134557110109 0.0435209989963992
-0.0149940942139749 0.0016966090667283 0.0423118616656953 -0.00691054017059073
-0.0192833007518665 0.0346943371093496 0.106202555642943 -0.0598322507109396
-0.0424842500310355 0.059873299272435 0.251903535817812 -0.091815765581458
-0.0559952662873181 -0.0352548828404647 -0.286766245259553 0.0768934968507034
-0.077127283993236 -0.00140361663396551 -0.135280579154324 0.103218272396401
-0.0431569364367979 0.0496207905275724 -0.0454774105441707 0.04858839666325
0.0222598249638079 0.049457916558572 0.0338130109527596 -0.0181767461430916
0.0328667873880856 0.0249522754926471 -0.0294388638163209 -0.10954513056698
0.0359155205010225 0.0073030894674869 -0.125747988667676 -0.121392485255653
0.028640304158891 -0.00273535926170189 -0.202655089378764 -0.107200256989345
0.0316454163580258 0.00189192423399164 -0.245601773881781 -0.105850760195289
0.0353164511141688 0.00366915100298183 -0.249141837289756 -0.11232220063437
0.0546582885012401 0.0211017995898812 -0.199992029843859 -0.136042694154922
0.0554133636559627 0.0544576058839666 -0.108711305140435 -0.1441696180475
0.0230470960919617 0.0906555259198675 -0.0231825406817869 -0.0665866843335719
-0.0756417505108015 0.0953900366102787 -0.0849091457808551 0.00157339928916427
-0.121771748663973 0.0103331852666671 -0.203948513236005 0.00847227595886069
-0.0877357896898163 -0.0432222618262927 -0.331194333424159 -0.0731399080775182
-0.156237253483318 -0.0488540729972761 -0.263907230426776 0.0837910680367782
-0.16926736814428 0.015712046649034 -0.142605720845062 0.0851656705641152
-0.114513237633856 0.0887212773916964 -0.0665449666809921 0.0651612404754805
-0.00985191104283265 0.124037315919512 0.0388612844922021 0.00450391355028943
0.0516687571435959 0.113831753090825 -0.00729579255702802 -0.0895123071867338
0.0955554457452251 0.079540088757817 -0.091811905808185 -0.115049211807547
0.108230615062088 0.0446177629575867 -0.172183714628601 -0.107339274450997
0.12488780095993 0.0433897927996498 -0.209555480385097 -0.100545363422763
0.125701496717164 0.0486282576764005 -0.214850592043979 -0.0936696065002882
0.144350742323232 0.0873527327682444 -0.177205982126029 -0.101890239891379
0.117456135856786 0.155706903060868 -0.103842437139111 -0.109478121832243
0.0381938114232346 0.205388699902131 -0.020193628431908 -0.0395702012673619
-0.128217617470765 0.214123783416587 -0.0751797135203009 0.0277092419441339
-0.246293833693608 0.0936192954210748 -0.183039918110742 0.022559419975678
-0.222941120422349 -0.0120038308228077 -0.283772726113813 -0.0647362513272426
-0.241648291379951 -0.0619844505084194 -0.20108648468012 0.0979894556326725
-0.256337356534133 0.0288142864121739 -0.123332825655073 0.0672737692758314
-0.189280396217953 0.12217777348257 -0.0821709234457451 0.0734088309164803
-0.0525962404790977 0.196001115231949 0.0296721988957817 0.0297482862695482
0.0591043643014851 0.201943119304993 0.00817333534916433 -0.0477852044944138
0.142640648838454 0.15164931989432 -0.0465960938550935 -0.0818502878492947
0.172852742877987 0.0922220360117953 -0.115766979911368 -0.0863733162364254
0.198559634668778 0.0789542991650543 -0.143025334135282 -0.080196080515676
0.196616270546672 0.0813659671840359 -0.147520967132512 -0.06506015208965
0.218689839385276 0.131878760029994 -0.124542218397049 -0.061245457300533
0.179203314234553 0.22773075744706 -0.0785535359143864 -0.0672510336385457
0.0689573468303498 0.291898596301055 -0.00964474219856066 -0.015365224250899
-0.143487448895673 0.313515638780371 -0.0487709199719243 0.0396178167518301
-0.32176508562534 0.177440641018156 -0.130958986140409 0.0213193549240367
-0.317642760099755 0.0287994723924004 -0.193296478042014 -0.0663753701353707
-0.29849139565513 -0.0659019725306682 -0.0990833353578983 0.118142045319999
-0.321772223240842 0.0467970311979001 -0.0687690558856595 0.0510217492390062
-0.24734466646529 0.156439805265715 -0.0789629269298227 0.073489617868467
-0.0880927986115665 0.255556118446318 0.0130216353608688 0.054551832939046
0.0611285597712843 0.270801889083644 0.0193148598865472 0.0139650392366786
0.172034306019289 0.206671346699447 0.00846141846254207 -0.023229139632333
0.213575479227963 0.12731436494756 -0.0394876020644338 -0.0450673531201989
0.239965284532065 0.103015239340877 -0.054165491621574 -0.0461566448889859
0.235519132629283 0.10194896424967 -0.0580136017728643 -0.0322569824535478
0.259385330907977 0.153844527102168 -0.0509954526752904 -0.0228531646390772
0.214884325901855 0.261773990543363 -0.0341535562412946 -0.0241378139401582
0.0911243529379195 0.330681193417679 0.00740519519766363 0.00440884829480366
-0.132895801873862 0.359967773734602 -0.0151379902243605 0.0350835446241549
-0.339149679522455 0.228677415920278 -0.0640564271932603 0.00048880869633474
-0.355817309734794 0.0648573715469617 -0.0795754662219468 -0.0762833626534124
-0.312222223405166 -0.053290456417026 0.0293300082375234 0.137038029795392
-0.338099033371122 0.0678185641860592 0.015553884526997 0.0348907508430558
-0.260156130982398 0.177358910042298 -0.0528831512997429 0.0654045844670783
-0.098023761447277 0.277517563403659 -0.00123043225681279 0.0776888220194924
0.0615089656576681 0.293357799018989 0.0317710579600489 0.0861194628641066
0.179460071535949 0.225232730667749 0.0684358227921042 0.0485834617402127
0.222224758663888 0.139799843687621 0.046514438359974 0.00920949039326778
0.244815997348383 0.111292072123859 0.041964593464347 -0.00400627893192414
0.237529106484886 0.107935926311195 0.0361666284506428 0.00154532070711138
0.254757330092904 0.156362885797051 0.0283682632769214 0.0106225136971175
0.204670085995675 0.255817956002135 0.0163653980813161 0.0144103726366765
0.0814183186531741 0.310317057949083 0.0236460286419807 0.019758573063253
-0.11387646329419 0.329524166315481 0.0166364654909963 0.0207833406992716
-0.304860804202751 0.223108486271435 0.00152037445523187 -0.0302048457488984
-0.333957877477152 0.0833585586531358 0.0384765095815907 -0.0907442422284368
-0.273275661807885 -0.0247347260030458 0.162744046427321 0.143384989583855
-0.28527534768003 0.0847612392236854 0.106065961276415 0.0170865924055049
-0.209965413418912 0.165550120783173 -0.0098629189871534 0.0506543501379972
-0.0784975668907724 0.238478306498483 -0.00829112531936582 0.091805113229113
0.0557438159674555 0.252471399434201 0.0467673050034673 0.146791971353407
0.155804820356411 0.196470406874742 0.124355958574742 0.114093829975259
0.196011708741976 0.124813642124667 0.129443785263339 0.0620580781183513
0.212816486081386 0.101467124279155 0.131335539977127 0.0378539189261161
0.203231176945054 0.100715935133701 0.118480988742248 0.0346917304703272
0.20644400628965 0.140820957489067 0.093165375788695 0.0400473763961203
0.14845482721981 0.215668232731403 0.0557173742904134 0.0469763448266327
0.0383048936155061 0.240460045078402 0.0303385703427342 0.0329778741414353
-0.0935373698825876 0.233954725070092 0.0370991472455159 0.00714487396548553
-0.230516213902856 0.169590879099724 0.0521728773072893 -0.0547197433752437
-0.261082251759324 0.0822210144486663 0.139247742129806 -0.100551088152966
-0.183496676622234 0.00902283211291604 0.273191209522694 0.130555726716092
-0.173162821548614 0.0798808516578267 0.178285509748688 -0.00504225500503965
-0.11262097098227 0.111610128601064 0.034548143372483 0.027852351504682
-0.0450768462825326 0.145179883843385 -0.00732670496546649 0.0899763048414129
0.0363149972313431 0.161799548758724 0.0601319833628155 0.179670002564043
0.104101094635056 0.132569248710878 0.165557400056766 0.156278643191871
0.135786830277585 0.0891403068263874 0.195227775787456 0.102157798812235
0.149233029300479 0.076906233184204 0.200427350599969 0.0732133233268605
0.141653995515513 0.079556836519207 0.17697139031198 0.0658815923767275
0.130283006462974 0.108121862523872 0.131782648763785 0.0678586872851071
0.0711249586385574 0.150633949081653 0.0733298251318565 0.0736976857060946
-0.0118523232464908 0.142039188136618 0.0226033725885266 0.0424242272991827
-0.0638902304840005 0.110463938745573 0.0438774824400381 -0.00210152121877572
-0.13017747470922 0.0962085779646218 0.084519083040081 -0.0652108442685744
-0.156832309646899 0.0703818296754129 0.209060317093807 -0.100704576729521
-0.0599613594691849 0.0336694629616866 0.338608637726687 0.099620933890099
-0.0349961628963316 0.0468019374986279 0.218586704396051 -0.0327038210894966
-0.0100563388213375 0.0264666013533356 0.0684993777923595 -0.0062480202243806
-0.0203099470881214 0.0291421590258746 -0.00658300685275956 0.072977496737221
0.0038301150908179 0.0511802764782493 0.0683277283810482 0.180802422274346
0.0312835862516396 0.0518736005976075 0.185823422413398 0.169068530121014
0.0523967883033345 0.0435540632877469 0.234641998073465 0.122493394622805
0.0638058817522838 0.0415211860260348 0.240593791202512 0.0970005528519677
0.0632451535720871 0.0450515403115205 0.20711218991631 0.0921574838566178
0.0459358503802619 0.0572278599652094 0.144703970361552 0.0921368095547194
0.00138521648741459 0.0685722823663632 0.0706443737747084 0.092077226158681
-0.038368362795527 0.0388880510023417 0.00580912247476345 0.0443710371690095
-0.0155281838158356 0.00183964699424341 0.0421211376598771 -0.00926287521024785
-0.0182472388396348 0.0348650319081383 0.102162282756045 -0.0622659086909794
-0.0398327931112138 0.0591828900362925 0.246502410813441 -0.0921916617270533
-0.0570938325172484 -0.0339648226662268 -0.283729950947687 0.0825473021738574
-0.076831897073439 0.00135103055576498 -0.130852292763523 0.104480234842584
-0.0424018890872864 0.0518848798492587 -0.0434219432934592 0.0517012239772194
0.0238310166034235 0.0476315310030316 0.0337466208280709 -0.0197487160432303
0.0337214199020131 0.0237603398581659 -0.0325037235293663 -0.107708782203472
0.0351687837426791 0.00565273516607495 -0.128190703486456 -0.117205766686138
0.0275005057789941 -0.00363880548934776 -0.204253000526499 -0.101763034644191
0.0316969084491379 0.0016214562728434 -0.249773329087031 -0.0987826420452923
0.035062702495061 0.00360784728409013 -0.252867736946244 -0.105737633069251
0.0550079822084001 0.0198255211994357 -0.204100656691887 -0.129383336595839
0.0576068860858481 0.0522162950131614 -0.113351132549643 -0.141570891776806
0.0256287692836224 0.0897728983468084 -0.0248477019408249 -0.0680507140041879
-0.0732013753552496 0.0983464585322043 -0.0865648035965029 0.00370728981738742
-0.121463780226796 0.0137881976464363 -0.202544413417389 0.0138808036341835
-0.0896628312929324 -0.0414207334607888 -0.331218008277097 -0.0668158083748298
-0.157811720616851 -0.0442862289950573 -0.261254950862592 0.0886779331636232
-0.168206004280262 0.0212657856842417 -0.138324475142359 0.0868086522809092
-0.113018836786754 0.0932009778106882 -0.0634207137825565 0.0686392918475549
-0.0063124809885209 0.12362646599222 0.0388008778804345 0.00237487374667361
0.0556164011533247 0.111962267667364 -0.00927011681312763 -0.0889734689711736
0.0978019067267102 0.0760930275323142 -0.0948208982619737 -0.112269069907563
0.109258042399385 0.0421480205858087 -0.174821192259487 -0.102189380376018
0.126847921663816 0.040516915101911 -0.214132706098735 -0.0943707669498777
0.127212194585424 0.0471739502459804 -0.218482906766899 -0.0872066834820366
0.146760276755329 0.0836975568774282 -0.179750555005203 -0.0967861820947485
0.123387431843438 0.152156298986973 -0.107505087909801 -0.106516932826334
0.0437512891635722 0.204575411740315 -0.0209094005664995 -0.0405184052269191
-0.12292869221238 0.218571619849387 -0.0762220085347302 0.0284071157002186
-0.244198293500433 0.101917772837858 -0.181099560815596 0.0264143963129592
-0.225113519103825 -0.00831127617663395 -0.284475714380778 -0.058814326081134
-0.244143148097433 -0.0556127237757829 -0.198036327364051 0.100753914037602
-0.254163197648407 0.0364845267854389 -0.12041733166109 0.0680567721053402
-0.187427905364467 0.128404284637584 -0.0793208033963967 0.0778344553354407
-0.0480397140173058 0.197127602081636 0.0298498141269446 0.0275757323807596
0.0654612226779446 0.20011161782129 0.00807819165700154 -0.0469007754411403
0.147932968195942 0.147328060354126 -0.0478656273927531 -0.0810517685937941
0.175870890620475 0.0878408986623976 -0.117885426321434 -0.0826773289638801
0.201566319382378 0.0742638210717473 -0.14655986631326 -0.0764627029507077
0.199853052856608 0.0787368802800231 -0.149397874310896 -0.0613218953361172
0.223362144145503 0.125655769974837 -0.126263993904518 -0.0582782499702601
0.187379162368744 0.222390962861365 -0.0805686303591872 -0.0635139247339451
0.0769817152908088 0.290955158138275 -0.00965439800281322 -0.0161678141915098
-0.134765983527899 0.318713098399977 -0.0490818853639675 0.0390207341090967
-0.31662876480832 0.187526182919449 -0.130032363168114 0.0231677830155274
-0.318655973190264 0.0345877044507543 -0.194331351513888 -0.0611962135447351
-0.301864122132703 -0.0579574245305335 -0.0959830268135995 0.1185655115538
-0.320477983326488 0.057358844182023 -0.0669892716190077 0.050073893554966
-0.245426602527839 0.165066420877832 -0.075507967152361 0.0772459649623285
-0.0819566830794258 0.25886474859313 0.0140572145550785 0.0525878811911216
0.070469826631368 0.270072556017754 0.0218106882418105 0.0152355955088789
0.179832337271119 0.201640832907119 0.00932941883577099 -0.0248678827708401
0.217826198888219 0.122260375646764 -0.0410679763085998 -0.0435458546773037
0.243847112921801 0.0973923443252145 -0.0566590346355085 -0.0451725141038119
0.239552388272101 0.097616712665442 -0.0592210944724782 -0.0313761871790828
0.264933236152337 0.14712882085745 -0.050846964108884 -0.0220839526373148
0.224624333532667 0.255984377330641 -0.0347789959376764 -0.0217655848721536
0.100538838596547 0.329885751390268 0.00849592672938036 0.00315526697877595
-0.123300626466592 0.365759810933177 -0.0146939389910717 0.0333942931049494
-0.334169810353781 0.24028913730664 -0.0633742183498896 -0.000594839693102158
-0.35560815808053 0.0704068381728712 -0.0805485155019629 -0.0742020394082344
-0.315723705793754 -0.045795060658884 0.0334878441114386 0.134136104297884
-0.33616839984781 0.0787411687331378 0.0169101638130337 0.0335813433037149
-0.257846847712824 0.186105416320797 -0.0487999283289351 0.0685000757173246
-0.0916229580953254 0.281642552910225 -0.000399503567196555 0.0762866366558446
0.070786228038999 0.292315854675006 0.0366630039302531 0.0865564896483768
0.187474203886482 0.219878939728802 0.0715440945282452 0.0456755417478987
0.228058139882995 0.13456025046699 0.04662202817225 0.00814018192796068
0.249083413467454 0.104369042750751 0.0415256946837283 -0.00562501908564446
0.242230063642878 0.103576022242504 0.035997108561023 -0.00046371313316606
0.260414197495086 0.149739748295898 0.0293784442150392 0.00859747818633086
0.214628126103165 0.250288047228103 0.0172800117121886 0.0155357604484092
0.0910323687710771 0.309609012150884 0.0252531948550672 0.0193277958251775
-0.104709700969002 0.333247028446056 0.0165455847542176 0.0177178369214707
-0.29858865531424 0.2338697833207 0.000712186407410077 -0.0327174233943627
-0.332254245316592 0.0893713544235685 0.0366337655430849 -0.090010740970394
-0.275675101538807 -0.0175929948955927 0.166575890498122 0.138434998313392
-0.282911471959372 0.0929874195623953 0.106648236990784 0.0139371495878266
-0.207994566885268 0.172315309059211 -0.00687497485462612 0.0524326559115122
-0.0733986615779394 0.242382443377923 -0.00655639422317794 0.0916217921926221
0.0641187944585688 0.251371827650304 0.0529793676832751 0.147494139455807
0.162930482914208 0.192471000202513 0.128870978848487 0.108758268316326
0.201055131462749 0.120201567670133 0.130524904841213 0.0602900568009513
0.216588698188731 0.0953950874877728 0.132382087911761 0.0344222357134262
0.207593906756214 0.0959548597133949 0.119645578374275 0.0309570864848965
0.21169741642983 0.134926762534325 0.0948087426760198 0.0362557026558995
0.156797772552043 0.211932631330404 0.057865936607641 0.0464242893650781
0.0451019232358293 0.240241654615669 0.0322839830009046 0.0323958679840497
-0.0875354369538225 0.236668537509013 0.037284018095246 0.00377363543669469
-0.225282363539824 0.176717290166993 0.0505870440132278 -0.0585175854456324
-0.259166851887476 0.0858011447587556 0.136724824422199 -0.102122350646623
-0.184506144264335 0.0134049575564624 0.276159961976368 0.123859287091815
-0.170740828825707 0.0850127551933864 0.177705886177791 -0.00925544115232709
-0.111301673398162 0.115059917127853 0.0373206113548411 0.0274791070788252
-0.0421384194751152 0.147420473962412 -0.00597232732477899 0.0904427447498162
0.041818936391209 0.161439001117305 0.0673867976803236 0.179311046570021
0.109388209009979 0.12926653861818 0.171101928487699 0.150095212206182
0.139899029895369 0.0858151362895805 0.198493837263986 0.0983636676030746
0.15207110706576 0.072733388479598 0.203169275202455 0.0674407713455424
0.145231659791442 0.0766019697554139 0.17963696130753 0.0609196569838571
0.133870918353515 0.104391064172307 0.133470739935756 0.0635701170005961
0.0760822438849994 0.149002997436789 0.0754483714320421 0.0721095961540736
-0.00777648513668567 0.143752928604003 0.0246530111478733 0.0424078828205074
-0.0611932366352958 0.112466250205084 0.0438594413697051 -0.00581448958762028
-0.12611201899618 0.0995725027873645 0.0816905116990292 -0.0685248503854237
-0.154279209535046 0.071873847647342 0.206070558533638 -0.104096968379053
-0.0596147619463905 0.0354449510906442 0.341928713407947 0.0920944722833701
-0.0334450964012857 0.0473164883169116 0.216723052970257 -0.0364944602714762
-0.0103239100508798 0.0266415359610162 0.0688891352050922 -0.00759281569691446
-0.0198223267353263 0.0307714793884886 -0.00457258982542489 0.0734805686856675
0.00527857611123521 0.0511687983650079 0.0753527147433494 0.179980335782364
0.033182096294624 0.0515906623157501 0.190876207671426 0.163296825090166
0.0549397821250397 0.042369153755053 0.238054554090421 0.117049062423467
0.0654645544102619 0.0393402872388589 0.244366276078723 0.0906706398342344
0.0644393486636524 0.0433671024969162 0.210164195215211 0.086335504772215
0.0476719858231497 0.0558914163991262 0.146390829693084 0.0878754145717224
0.00389090962538987 0.0691418599388284 0.0727322627080456 0.0902734737281851
-0.0378184337657693 0.0409249624546205 0.00734151165923271 0.0447668224625435
-0.0163889837503959 0.00159585194629052 0.0421841638827824 -0.0127123558179476
-0.0167337074236648 0.0353476827752813 0.100073715240502 -0.0649309227929869
-0.0375275222321874 0.0590034613431303 0.242430216770602 -0.0963396387384261
-0.0579561651208563 -0.0311680900136155 -0.276973961433197 0.0923602614675894
-0.0757245390242005 0.00557577901172944 -0.124022478874015 0.107856952551698
-0.0396712237136337 0.0538428607468091 -0.0396640261419007 0.0540439374463906
0.0255747500674215 0.0451422758802535 0.0325522902987394 -0.02189391625837
0.0345784707462354 0.0220334538158078 -0.0371311016981946 -0.105271027704357
0.0345127539960058 0.00366204701220068 -0.132173106099344 -0.109928269922518
0.0269461759100217 -0.00481086494900248 -0.206585639454735 -0.0923143622610872
0.0317201394451504 0.00076111946683549 -0.25312845054504 -0.086509107484036
0.0353007261120195 0.0028610888289023 -0.256493118363726 -0.0920943324842371
0.055096001004556 0.0173489028065362 -0.208116923807627 -0.11878018162424
0.0599531054355971 0.0486898036214372 -0.119930648148301 -0.135017624976798
0.0298686982564602 0.0870699060647694 -0.0284824256089196 -0.0679539876823611
-0.0672945042465213 0.10139051425948 -0.0869543394994545 0.00725858426519007
-0.120277163224404 0.0195295474040866 -0.199279317815738 0.0216155755716656
-0.0917277858905502 -0.037333013454 -0.330387578819986 -0.0525430991159073
-0.158779720952509 -0.0368053830745645 -0.254387994692705 0.0972928000570796
-0.164720386375861 0.0294746124482179 -0.132740896845935 0.0903139035116821
-0.107965797752278 0.0986557455460112 -0.0589926615235017 0.0721140018785306
-0.000753395129655617 0.122294413839795 0.0388518194636896 -0.000559632296928931
0.0610389453165974 0.107516016966095 -0.0130499148408624 -0.0874749656401699
0.100125200359431 0.0697197192872121 -0.0983955217214203 -0.10640228920713
0.110083149866878 0.0367646486749642 -0.177613643065813 -0.0932491722528112
0.128279164703612 0.0347609789037982 -0.21861269792058 -0.0841408485996573
0.129016303834761 0.0423516651502686 -0.220950036997984 -0.0762531829297484
0.149949742367483 0.0765343792785773 -0.182550216484528 -0.0876673003409524
0.130305743608782 0.144482864359491 -0.111682266330311 -0.099750226571613
0.0528737238168347 0.201041660980455 -0.0227602876292237 -0.0406052271358802
-0.111047021183795 0.223206333096349 -0.075014511441035 0.0305212675448481
-0.236913806454877 0.112590049424881 -0.176483535810154 0.0326444527373237
-0.224695149614421 0.000389434805664427 -0.283212886525608 -0.0465004219609185
-0.245201849930187 -0.0446509323238234 -0.191772308973684 0.106075812766632
-0.24935664206206 0.0490658753200367 -0.116261106032749 0.0702717947660619
-0.180587092143911 0.137902806360609 -0.0731276694291624 0.0820121708492606
-0.0390307873063169 0.197515168777263 0.0307434375473787 0.0245645326280092
0.0754629188491055 0.19434008322242 0.00723831562520778 -0.0462798842682031
0.154163216185551 0.137785998782968 -0.049950429775791 -0.0786824215056888
0.179682688491019 0.0795121064645389 -0.120706864554726 -0.0760812349159267
0.203635734309473 0.0644217147910712 -0.15019141311935 -0.0690381199784552
0.203299543800277 0.0700488814675183 -0.151514350491816 -0.0544396238798767
0.227893534238668 0.114905625505847 -0.127038520649361 -0.0520807086037565
0.198131495787373 0.211159610722956 -0.0831991933216978 -0.058452066654306
0.0904732458425349 0.285495146779729 -0.00948456042832615 -0.0173006001478457
-0.118887994827063 0.324147445024125 -0.0482271954429771 0.0392427887052387
-0.306205291732084 0.201676882094197 -0.127039383309799 0.0261344247023047
-0.316095496491595 0.0466742480864136 -0.194411731049836 -0.0526343935717933
-0.303458442256731 -0.0442871508311938 -0.090053288130744 0.118955072756907
-0.313614999380279 0.0718623181976454 -0.0639384619687246 0.0510581563405956
-0.236886446763837 0.17652087836086 -0.0694727306947861 0.0819325396620225
-0.0694286948376155 0.26119385135701 0.015328111367539 0.0507297194086749
0.0835368719240847 0.263435146015601 0.0243715799524625 0.0147208358043762
0.189227655331456 0.189948985719394 0.00899313467915322 -0.0263802363724503
0.223764558931647 0.112018550714107 -0.0422243967864526 -0.0403554823072943
0.247659948465922 0.0855591169877729 -0.0596369217903473 -0.0419504985260867
0.243712003846875 0.0872363615820181 -0.0608160551498527 -0.0290431246855953
0.270672777332006 0.134380634865799 -0.0506762621743504 -0.0203030739789343
0.237902500279734 0.242219136300477 -0.0351292465671764 -0.0188142943282439
0.115037455660254 0.322247234656097 0.00961513170801092 0.00215960437618366
-0.104913338638743 0.368784196240563 -0.0141477767290596 0.0315060747097296
-0.320300440046905 0.254734081304901 -0.0625349134963788 -0.000251411542341642
-0.351007526401937 0.0837889618961696 -0.0827860195505394 -0.0694894619391055
-0.316156629728296 -0.0310640913427954 0.0386188089626228 0.129778077073289
-0.329433578105001 0.0939891585370588 0.0181693177245607 0.0307504176361527
-0.248962629088119 0.197899199810169 -0.0434990866573034 0.0710489905916707
-0.0782528759022865 0.284638890174431 0.00161985606842341 0.0746951471899579
0.0860697063129924 0.286241351316893 0.0424156882667822 0.0846797893673842
0.197384813691846 0.208297474096726 0.0739741826731597 0.039774573020874
0.233611370836699 0.123459483834906 0.0460965306138264 0.00754669382504864
0.252836494581855 0.0921942168839525 0.0399596540474936 -0.0075188258186266
0.246095700169738 0.0924494315417554 0.0356449868554101 -0.00260392261639993
0.266597605983991 0.135538422069832 0.0299617892799778 0.00677878654336901
0.226154286117565 0.237307975051347 0.0185491413740634 0.0155318509651913
0.104676977412097 0.30400010900892 0.0272241322298823 0.0175637578147902
-0.0883756733025232 0.336513148302851 0.016389356820144 0.0143096646306811
-0.285077963118836 0.246027529576406 -0.000120833018222116 -0.0348942783538243
-0.327419857745848 0.100336993769645 0.032555789715577 -0.0903690139899365
-0.274796125960038 -0.00504551300548743 0.170881188185974 0.1284116283724
-0.276181113432397 0.105142875312782 0.106674343670691 0.0087691181618724
-0.199595168699281 0.181606432022301 -0.00237439378568201 0.0524725173088874
-0.0624352821403505 0.244413798032885 -0.00374884491217214 0.0905718534658851
0.0757796647304518 0.247195889129174 0.0620679495089364 0.144498782399712
0.172428208535932 0.182642817048417 0.134115627188001 0.100247353966909
0.206644749631876 0.110447855405879 0.13218577328845 0.0544927530955761
0.220190477745067 0.0846742494331338 0.133550758995651 0.0277859932081059
0.211660953412176 0.0867040023062758 0.12016039817829 0.0250169024124443
0.216968263992837 0.123675342823825 0.0953719250260334 0.0310478018894602
0.166755004689061 0.20256369643108 0.0603567224999347 0.0444054525401263
0.0557682255961349 0.237627279151105 0.0346156821998036 0.0306965156049256
-0.0751948062023419 0.238517520984069 0.0360519720184884 -0.00140439577344005
-0.214130744628126 0.186248926462731 0.0473358571406976 -0.0615705191833216
-0.253149398822562 0.0945137153470291 0.131063686075381 -0.105709138677205
-0.182937318583162 0.0211759000784263 0.280102194986714 0.111260784241949
-0.164569377362356 0.0919619370272164 0.175919748342541 -0.0166399004140469
-0.106457247610109 0.119425644381656 0.0392205077018022 0.026102387326606
-0.0356857237026612 0.14955072256682 -0.00249112228759216 0.0900954526564663
0.0492846066553442 0.157894841926116 0.0774326491331072 0.175513173178284
0.115430176630372 0.122925247416019 0.177527658826559 0.139971231047994
0.144358933508935 0.0792951797203239 0.202051381104571 0.089012391796901
0.154936230401248 0.0650780661292224 0.205556654929311 0.0575992281791616
0.148075926433436 0.0695876479289998 0.181224415201366 0.0518636513952962
0.138171021266614 0.0966040902597512 0.134784734724541 0.0562217492873918
0.0835823916607558 0.144120349815524 0.0782498937113276 0.0682717641941404
-0.00103361377455749 0.143628993533438 0.027313076575131 0.0412866620234619
-0.0561418047623183 0.113618965022072 0.0425005235985996 -0.0103585540250353
-0.119337440017426 0.104629710904844 0.0767092127765791 -0.0722314931136161
-0.149998092616129 0.0762076230363295 0.199654468423668 -0.110580790796296
-0.0574511956868952 0.0376677461299901 0.343512637320838 0.078473910441181
-0.0304921701380471 0.0482923961822456 0.213719058890554 -0.0438969162487759
-0.00989787545904676 0.0269269967686116 0.0690493682828081 -0.0101421640345636
-0.018349983704668 0.0318262925452016 -0.0013497660341968 0.0739744225120569
0.00797856519321273 0.0503819397148806 0.0843935841524933 0.175036046245236
0.0358410213328582 0.0490960346199248 0.197414821800016 0.152149898607841
0.0577377482472668 0.0395514660670297 0.241665489777671 0.105747307368478
0.0672878756546273 0.0360365200187252 0.248486238850398 0.0784379745649213
0.0657926773395121 0.0395570706899417 0.213525020346037 0.0755323083853396
0.0496635559967765 0.0527944232406438 0.148881517586306 0.0795835507474105
0.00718318195491337 0.0687011487922302 0.0765386767326955 0.0863542557685443
-0.03531058133416 0.0430906995293109 0.00995518754921525 0.044649425010277
-0.0167521871397084 0.00206490794760384 0.0407495668103411 -0.0165753508735157
-0.0143672529230739 0.035761125814016 0.0947919455286795 -0.06850310578124
-0.0337696185751512 0.0590414239700254 0.235389431419025 -0.103924686777267
-0.0574620682055096 -0.0278082168483991 -0.263922484022657 0.0992145503618296
-0.0720241799247239 0.00891227460147675 -0.114336401392085 0.106997081191651
-0.0350338256728268 0.0541696067981868 -0.0348808826034236 0.0547434230411402
0.0264126590654756 0.0415991591491471 0.0303778557326633 -0.023788368900193
0.0343254035232833 0.0186288789562639 -0.0406306788185224 -0.0997802948083176
0.0326567041383246 0.00164737203738898 -0.131675503740276 -0.0998098038211547
0.0247676809464434 -0.00549925503542781 -0.203308870340207 -0.0801521895141145
0.0311153990802363 -0.000417758429980496 -0.249344353387165 -0.0717744989333868
0.0340018634984201 0.00229197188028088 -0.252073325797924 -0.076671343745344
0.0542535376351912 0.0142912171234235 -0.205893925687668 -0.104526703458565
0.0604694151992585 0.0436748802924805 -0.122961903368499 -0.124900478182845
0.0325774435762468 0.0822972614416372 -0.0311253260291075 -0.0659852730158646
-0.060151301155694 0.101260099149284 -0.0845686509544191 0.0109196220225646
-0.115619340969512 0.0246532416242332 -0.190065042605987 0.0287210933305169
-0.0906120864194062 -0.0326412237170145 -0.320645615119885 -0.0383857514723033
-0.154929711799024 -0.0287470139623166 -0.24164439361061 0.101940051286391
-0.156508743985881 0.036239519610123 -0.123713828661415 0.0905866583815757
-0.0991346314384086 0.101240928431275 -0.0519486795733331 0.0735592673000521
0.00522064246520918 0.117781477355372 0.036610106821567 -0.00308540905209871
0.0645918262935383 0.100290969689458 -0.0154196148147677 -0.0830192218098665
0.100127808089337 0.061771536043493 -0.0989090047266081 -0.0985754628052857
0.107795198312409 0.0308725548719879 -0.175109188744427 -0.0818730220802726
0.12554842028361 0.0281007836401014 -0.216035833260429 -0.0703954980711721
0.127022395189863 0.0359207181363521 -0.217225185098429 -0.0633395821288749
0.148656208925088 0.0668306654618653 -0.179976970098338 -0.0755464400288518
0.133725313099875 0.133071229701536 -0.113013356644139 -0.0908424989653622
0.0605384449348737 0.191577119892991 -0.0238534662359136 -0.0398019852292481
-0.0970701104827239 0.2211525701579 -0.0727994653147259 0.0318596518796415
-0.224152135685877 0.119985571328402 -0.168528257026008 0.0373664548365661
-0.217973198016992 0.0090001148379105 -0.274924379021895 -0.0334900730117706
-0.239501222058482 -0.0315843061225643 -0.181192977200576 0.10806078308714
-0.237424953874013 0.0588334589335572 -0.109197247306078 0.0707107238169941
-0.168155065492051 0.143271244666483 -0.0653045885778609 0.0839174357653497
-0.0284569125557234 0.192234788810203 0.029634153213936 0.0216794310216652
0.082601449859994 0.183540987856395 0.00630219902709831 -0.0450695283871409
0.155456821391629 0.124575243800875 -0.051061858565176 -0.0745908248681556
0.177930914567955 0.069023082012272 -0.120029339244094 -0.0679126981303356
0.200765015401837 0.053293714531531 -0.149734615309865 -0.0597725725223371
0.200806746654798 0.0596918663021086 -0.149551076951555 -0.0455139782269319
0.226341015859021 0.100591631319057 -0.12502396874063 -0.0448648395478127
0.203214938465823 0.193787534440496 -0.0828097618302098 -0.0517562738942258
0.100973484078208 0.272232713371489 -0.0100151261411346 -0.0172852402698403
-0.100039980877884 0.318994360208295 -0.0460000403085247 0.0386438135611245
-0.286246195932862 0.208785522827355 -0.121024951855567 0.0289718116580627
-0.305088957179892 0.0570008948385483 -0.190316023939123 -0.0431337619582399
-0.295446513864211 -0.0286932650152696 -0.0824583981199494 0.116551267199525
-0.298435382337473 0.0841001742429102 -0.0596361036161652 0.0495033516029369
-0.220881783519719 0.183264916909175 -0.0617457224105786 0.0827063208537811
-0.0559265370554187 0.256803847900312 0.0159279046629924 0.0473753652689035
0.0940626540602024 0.250058192447686 0.0258050329302315 0.0136903789895377
0.192343340606717 0.173293747700771 0.00862242142169587 -0.0275468155475227
0.222395190731246 0.0983920497341961 -0.0426593948936909 -0.0369526823800519
0.243692005301563 0.0711649015321977 -0.0604702404971559 -0.0373431376731428
0.241660762477559 0.0747011913448339 -0.0607308977283905 -0.0254080454920583
0.269225204709566 0.117109433205659 -0.0492169055425944 -0.0178197492223517
0.242898385059396 0.22260412716096 -0.0341680707060389 -0.0152820012406004
0.12743572772986 0.307629983786591 0.00989107651323003 0.000994711864045218
-0.08416686529374 0.362221554256466 -0.0141573978072539 0.0287439676581771
-0.296373744560433 0.261240605889537 -0.0604455549624566 0.000484100596825877
-0.338086459843713 0.0943768458256062 -0.0822741971715012 -0.0639869721791062
-0.308497626073611 -0.0162135324183293 0.0425613167571007 0.121262377494739
-0.311453147002819 0.106431726874858 0.0188096784952602 0.0265266071813922
-0.231894006969104 0.204326675708747 -0.036685412102971 0.0708541857551506
-0.0633993465774416 0.279572425199901 0.00426038746250921 0.0718194554237052
0.0968069723252351 0.272370858021037 0.0472664641179113 0.0805366210304465
0.201574286018489 0.191238404941701 0.0743887564461176 0.0331035256730449
0.233024954191977 0.108834019234746 0.0447890316644667 0.00527568032738023
0.249979038673223 0.0775085274162963 0.037924115266863 -0.00853112229351753
0.244504140347268 0.0786349387093727 0.033685536812237 -0.00418824926492024
0.264681160673157 0.118754609739234 0.0294417267461087 0.0042295801017186
0.231977134133734 0.218149640134891 0.0193157927005537 0.014832561763127
0.115910037827823 0.289814591699986 0.0275178034646599 0.015042182120416
-0.069563437236909 0.329104718309492 0.015053259014361 0.0107831193135495
-0.262858587448141 0.251186717603976 -0.00194486136101689 -0.0360829818352875
-0.312644627700425 0.108159888744337 0.0278904497225938 -0.0876234808998687
-0.266458182666895 0.00680073603378743 0.170625712732111 0.115888048035777
-0.260724320416859 0.114432840048436 0.103384932955625 0.00247011889783105
-0.185709645918548 0.185986503066434 0.00202208793564955 0.0511670586674784
-0.0497860993118065 0.240517897926852 -0.000692457117799506 0.0873596121427565
0.0856851303995858 0.235104417848222 0.069485156008568 0.137016915489633
0.176164978599984 0.167767178518775 0.135069706089197 0.0893997885240623
0.206453103315153 0.0975358802784446 0.130566193878056 0.0472679764829316
0.21742259290028 0.0718091625816349 0.130046028251479 0.0207189718192002
0.210041966015179 0.0748459638688354 0.117082144887993 0.0186327996705949
0.21575693615072 0.10903999955018 0.0934156333953768 0.0249881419623698
0.171567489991287 0.187526682680317 0.0610139472816838 0.0409930769462806
0.0657859515987073 0.227700169138343 0.0355689956455468 0.0287812592194833
-0.0629726185794203 0.233868400611867 0.0331682095337529 -0.00531198135341551
-0.197291414479599 0.189480684881789 0.0423746108640515 -0.0638028821517123
-0.241577691426201 0.0991296508655191 0.121895915232824 -0.105965682680257
-0.175767632389562 0.0283134321215395 0.275319881354936 0.0951445335116196
-0.154518729388823 0.0955317352595742 0.169673431481152 -0.0233687077586272
-0.0984486115664352 0.121417430027029 0.0408169441999738 0.0235610192142182
-0.0281524395346411 0.146460768491085 0.00101647790557901 0.0880419168066982
0.0555986395055032 0.150576031223944 0.0855052795979297 0.166274155708007
0.11768329370773 0.112896564765764 0.17872080301249 0.126028829826646
0.144249377745345 0.0701226035123002 0.199507781995738 0.0776668378231633
0.153066085153844 0.0555507349290122 0.202198526860209 0.0470905216842404
0.146733461768673 0.0603205831938062 0.177377957171864 0.0417017761845339
0.137437729484078 0.0864794593802701 0.132207382152886 0.0478365472450641
0.0882322882221673 0.135203244141813 0.0801245864086445 0.0629481387837385
0.0059470589331431 0.139289367583983 0.0287342366923711 0.0388382733104779
-0.0494970249468603 0.112032929900361 0.0396728681577513 -0.0143546646636784
-0.109574089453217 0.10674593985456 0.0707279453396841 -0.0739270390479574
-0.14163933112689 0.078063811673277 0.187531489168344 -0.113037025556177
-0.0542009823501161 0.038316205431733 0.335906195017525 0.062019897784417
-0.0268815005953963 0.047828155729019 0.204792790380378 -0.0501909752351888
-0.00912898671257344 0.0256379074192201 0.0671313596005737 -0.0131268073751968
-0.0167979432355723 0.0319759153427622 0.00180652321515241 0.0721757390106005
0.00999181713511041 0.0488692865709471 0.0912427805850898 0.165458506248344
0.0377262762184862 0.0460722415780685 0.198302222800488 0.137335343930824
0.0583000642705385 0.0356982291308583 0.239377566543749 0.0917944539186394
0.0663864340561719 0.0313179314917962 0.244199940004108 0.0647772492431717
0.0656021900390282 0.0346325080640498 0.209508816050961 0.0637328106555555
0.0500744075911759 0.0484768093215036 0.146102540222225 0.0701726162715222
0.0108274971779899 0.0664540817564131 0.0779448228753718 0.0794389819187394
-0.0320660950971207 0.0439279488478703 0.012107084052723 0.0429798245460856
-0.0165601161455449 0.00304852146464556 0.0384545793282472 -0.0198067239958866
-0.0117717290835363 0.03524596406256 0.0875751063104087 -0.0698499112632004
-0.0301935447335174 0.0575286283219345 0.221633857825062 -0.107959196627583
-0.0604625977078549 -0.018142832797947 -0.232874652071635 0.122652470705747
-0.0670834973073783 0.0167234046418622 -0.0937820254545949 0.111871221244203
-0.0267417546498725 0.0551771645632769 -0.023819954429913 0.0537903619509951
0.028924330403558 0.0362676966443736 0.0259247294835435 -0.0288758289617041
0.0347293544570742 0.0135695370933209 -0.0515018925141161 -0.0905559772032752
0.0296247363133142 -0.00151321378794848 -0.135789403939367 -0.0806199335287349
0.020533176772903 -0.0071999910172002 -0.20341461734303 -0.0554314411398912
0.02935408308884 -0.00332351583743008 -0.242912447902379 -0.0383294593004827
0.0329747443037605 -0.000281453356739005 -0.245520081048091 -0.0440673804141628
0.0530373409316872 0.00839096766227524 -0.204596142800837 -0.0751533971883762
0.0621623288696411 0.0345642380071556 -0.128492560640159 -0.105355251104038
0.0387156547286619 0.0727802251475611 -0.0348182137827729 -0.0600078258539677
-0.0423895918615895 0.102340023468279 -0.0783250880675009 0.0240009330726102
-0.101705514846454 0.0382611679976394 -0.179477647681076 0.0526689902599549
-0.0885885417966505 -0.0153999900001877 -0.310593962676945 -0.00400832032775982
-0.154740678643757 -0.00726401107560706 -0.203925922569658 0.121102014854461
-0.143353606961978 0.0504724682428568 -0.102236739548723 0.0965138816291434
-0.0808728693770294 0.106886298025057 -0.0345656374156777 0.0721020662462321
0.0158079886517841 0.109319967111252 0.0355116458741443 -0.012218436308932
0.0712826277154197 0.0862651824515156 -0.0242706968019116 -0.0814971601455968
0.0993953934058363 0.0469290650113644 -0.104627545240223 -0.0866998859516657
0.102896740446356 0.0186380185767239 -0.175351109158898 -0.0624568822229868
0.122170785422962 0.0124219820245692 -0.211287571491784 -0.041471255750576
0.125243461276224 0.020683215797771 -0.210708009083102 -0.0368236092154395
0.146935169464247 0.0468143069976498 -0.174727717926345 -0.0520731036134699
0.141206871688967 0.108915696012252 -0.112341311103403 -0.0750236445810269
0.0769390494720478 0.171749412054705 -0.0222272078972761 -0.0354920944406767
-0.0620861942282552 0.21887797178409 -0.0623389473309015 0.045274121965532
-0.191566668188496 0.137177120176036 -0.159538198985575 0.0636810609642779
-0.200927522117585 0.0373764241445924 -0.271355921359844 -0.00350412818727687
-0.236795462020943 0.000264875328868016 -0.13912947150357 0.118345885389231
-0.21685030425033 0.0807349196499804 -0.088163550089986 0.0748134967807658
-0.141687828052469 0.154366866663871 -0.0424521646030523 0.082009735629492
-0.00756007048098776 0.183441776825009 0.034274183224276 0.0104447208809687
0.0976423962118137 0.162406171633808 0.00210093842106714 -0.0515777090857682
0.15904274280742 0.100103225977443 -0.0561457493868886 -0.0732877572253147
0.172667198890563 0.0462899791897969 -0.11977099229648 -0.0564755519772936
0.195718182716746 0.0280572217667654 -0.147231562053857 -0.0384089051146013
0.197135613066165 0.0349377575401863 -0.143316124709956 -0.0284371425529187
0.223265236701338 0.0690000547111067 -0.117353624068551 -0.0304558512418482
0.213400152177907 0.158215599553655 -0.0776113203865277 -0.0430949005361041
0.123473124910574 0.243001142011197 -0.00328329558226856 -0.0148851815283347
-0.0533568913593623 0.309740992535466 -0.0340731465178584 0.0505321908699086
-0.238325767903541 0.226244570883741 -0.116699215917286 0.0550801380293458
-0.276063150712154 0.0899531988471305 -0.194431818485821 -0.0203752227360431
-0.290177493125389 0.0090684789601154 -0.0408317490067359 0.114966256783737
-0.271725217536418 0.110642705139993 -0.041647198756847 0.047576000575235
-0.187490499153039 0.198063186606268 -0.0359453026527647 0.0789611441987555
-0.0273452458057645 0.247034980917889 0.026986834219955 0.0352589284717183
0.114950793131679 0.224587431910681 0.0302612791505732 -0.00188163146560626
0.199664841823789 0.142261429487484 0.00608376066817098 -0.0380749931435435
0.21896855899127 0.0688036265725697 -0.0414074762890882 -0.0365037465437401
0.238402990549951 0.0400358688576654 -0.0606693682112887 -0.0285390197040842
0.237632219778425 0.0434012380931794 -0.0564163836001726 -0.0196899546579249
0.264904778146738 0.078658966384773 -0.0422673999071569 -0.0144719310166653
0.25420750937928 0.179658649390889 -0.0263600724327519 -0.0144903209017827
0.151649643543268 0.273239832304649 0.0194305492818507 0.000157789998873097
-0.0328146612812552 0.347289232243933 -0.0034166264404987 0.0379341035541587
-0.243573779403324 0.27429048287323 -0.0623616290837694 0.0227156792823022
-0.30125489628508 0.12651417523774 -0.0958192881225096 -0.0494711351797194
-0.299954899885116 0.0233978614263337 0.0789565393968516 0.10452308528366
-0.283466051251587 0.132000465722543 0.0298064585798642 0.0173552396516798
-0.197119606854071 0.219101249266301 -0.0131873096917706 0.0641018750211597
-0.0324029111714463 0.269779024664647 0.0200338773931143 0.0597430593908088
0.119753075814562 0.245893718762581 0.0590553789599225 0.0584453661307812
0.210464800314468 0.158098784726181 0.0757658762777336 0.0111370373032256
0.230596499440376 0.0775333585560233 0.0487020907981171 -0.0061674843396801
0.244466193138134 0.0453895527892336 0.0358441290246617 -0.0126189531308406
0.240527753315227 0.046300544536179 0.0349796660385245 -0.0101705531721831
0.260104897003011 0.0803318122642906 0.0346928576192087 -0.00254795769578714
0.242938158255421 0.176869792083295 0.0282629257815957 0.00780486067837669
0.139744699955126 0.257390714744909 0.0374723379119655 0.0120113714964309
-0.024476969643263 0.315242803722552 0.0212502471340218 0.0160722203866947
-0.213653669487563 0.261037810804152 -0.0112642818514402 -0.0184557068441057
-0.277277914354327 0.135789967678545 0.00748273732964356 -0.0840987567702464
-0.25651315544993 0.0395435640390283 0.1965723887289 0.0850698047154571
-0.233424141894986 0.133265092836614 0.1059640741153 -0.0148865699029175
-0.155282689586211 0.19661211565303 0.0185786175583225 0.0412664970052807
-0.0238208539546652 0.231380748150574 0.0160955222117648 0.0768365072362914
0.105116346798772 0.212545587225398 0.0871083400414055 0.111004394292554
0.183980831580667 0.138871753022097 0.139496447855392 0.059129963878382
0.204935291655606 0.0698466356344365 0.135285490475361 0.0255562464253876
0.21321218408621 0.0438612105774635 0.126804688640453 0.00542643652482546
0.20731551278967 0.0462761345829912 0.116445223380278 0.00245296629830977
0.212760829387234 0.0766416738438725 0.096170983060319 0.0101701077163923
0.182521962249991 0.154148387727613 0.0691253290165317 0.0292405718581561
0.086217002807957 0.204876867913882 0.0440653577296951 0.0241620796292646
-0.0296494305755452 0.225688084368288 0.0342488661093561 -0.00399493229409176
-0.161133939549217 0.195509731252459 0.0283393727646227 -0.0528930235243623
-0.212654335075657 0.11696503269885 0.0967936392146919 -0.110921904194342
-0.165180772867863 0.0482015159899268 0.285380674892297 0.0546891847495275
-0.134697007130644 0.105088429076127 0.162652290877395 -0.0450758639987821
-0.0800592637258778 0.125089587614102 0.0474176387075343 0.0127206180253515
-0.0130179140979143 0.141364619638454 0.0157841016911037 0.0796549311220362
0.0676805451107113 0.136630463588388 0.104352711992486 0.140060444470687
0.123802136764055 0.0934566172985065 0.184327932166024 0.0924211297125402
0.144610456249259 0.0497753322775436 0.20343238132651 0.0489321466508292
0.151197759817434 0.0356090568720223 0.196719798985812 0.0204968046124367
0.145565782558114 0.039360227114147 0.174583397182778 0.0188736498820761
0.136790687765259 0.0639856146042561 0.133543138836673 0.028300228184541
0.0975787998018183 0.115365306334281 0.0867126439948709 0.0494819470894772
0.0210112828537324 0.129046164338433 0.0358424946998447 0.0359142875921564
-0.0330319769082302 0.109817526015622 0.0362934219641776 -0.0156473878824859
-0.0900871616256455 0.108586054951368 0.055496416657039 -0.0703096430647677
-0.122864915695489 0.085676626178196 0.161770212928891 -0.124602243863394
-0.0447907686570727 0.0428005368949426 0.329492286285324 0.0187768521080401
-0.0197824268572544 0.0467213929662446 0.189402707088113 -0.0713250320306521
-0.00631022257735292 0.0252008328565361 0.0629903746300357 -0.0211716922608523
-0.0129056361470322 0.0324294673732525 0.0121616053972411 0.068275719342909
0.0138807917659495 0.0456198242272873 0.10934257355426 0.142745667024938
0.0410363830853957 0.0390350172704276 0.203610290959519 0.105231463258012
0.0606697656791175 0.0271756297153818 0.241665457902395 0.0598962494900066
0.0665499885059741 0.0217816673643766 0.237967887910445 0.0321268858834522
0.0651039444577602 0.0241299382821342 0.206576881777007 0.0365140036357731
0.0513426916446018 0.0386079829015992 0.146572759736221 0.0490602322187264
0.0172520521276703 0.0603671888046813 0.0838938643578193 0.0671707644249122
-0.0243181692261334 0.0446539493573315 0.0173813486153429 0.0412069270926552
-0.0161268864609233 0.00464623048992653 0.0330532778804543 -0.0237090141883682
-0.00819366636590871 0.0325619560039726 0.0736199761208984 -0.073974297612584
-0.021845823764157 0.0525476733055009 0.197813394709529 -0.123578138484199
-0.0573830598019095 -0.0185340801522234 -0.225654779146265 0.110948600012391
-0.0637224138451785 0.0151714417855012 -0.0914313993859655 0.103500125386252
-0.025551269402509 0.052483886669939 -0.0226870499511245 0.0511421572961506
0.0263730905735769 0.0342574109139901 0.024735227305826 -0.027196382118572
0.0324583420311366 0.0125898486950149 -0.0482929828369944 -0.0863979142007331
0.0279228156879871 -0.00121783283014701 -0.127948251104284 -0.0785333697549905
0.0194925720084747 -0.00593958283617574 -0.192679660844688 -0.0560433126698198
0.0281892875544813 -0.00272788402483524 -0.231975469170325 -0.0402791075530235
0.0319567671138466 0.00115706017753004 -0.233660287488368 -0.0461896173367553
0.0502615836816005 0.0090451682059526 -0.193929545371554 -0.0746806734572182
0.0590853392662231 0.0329050472132253 -0.122007713249822 -0.102367483632092
0.0356112213396142 0.0696652960269541 -0.0335614362311763 -0.0587766255963588
-0.0412108792139735 0.097392710711856 -0.0753613307076162 0.0216728524213173
-0.0974474668023446 0.0351477732891235 -0.170756405468108 0.0454114472821376
-0.0846617288667733 -0.0157684823831817 -0.296328117733465 -0.0104625960255024
-0.14833337546187 -0.00906230782441134 -0.19778035997292 0.109981229448961
-0.136200178524003 0.0466356129901364 -0.100138982035657 0.0881604060398712
-0.0775968112158679 0.100670261478163 -0.0333512660837333 0.0689628270404238
0.0135852880235931 0.104195225091949 0.0338754530657174 -0.0116121408941026
0.0670805921559577 0.08249889177963 -0.0222033031076017 -0.0772128468489104
0.0937645298387255 0.0457513253911992 -0.0980038104992813 -0.0847101139634643
0.0974411164098224 0.0192344410943921 -0.166460508724842 -0.0618546875161855
0.116530884389785 0.0133952428108105 -0.202009702515259 -0.0417709363592063
0.119923468827293 0.0220343652438097 -0.200506214134368 -0.0378634417566592
0.139705403183614 0.0475336504038463 -0.165526009671576 -0.0526786955786717
0.134112644601034 0.104837918585751 -0.10643197884599 -0.072447566323305
0.0711750062256567 0.164754583357126 -0.0211368015778176 -0.0350929926785874
-0.0616184819429589 0.208246884365157 -0.0618730541159984 0.0417743041739566
-0.185252198418063 0.128284742561462 -0.153503519414547 0.0563212361615987
-0.193847490041165 0.0307986180821456 -0.257862131264612 -0.00983245512971068
-0.225669556922068 -0.00310733314818683 -0.137034224975954 0.108874361763375
-0.206769729193342 0.0730622432043397 -0.086480972791404 0.0676993784810474
-0.135975519804872 0.144896511272592 -0.0406328669485215 0.0781581128170485
-0.00997833005578032 0.174345881842105 0.0317551707867372 0.0102884212767182
0.0914519649741208 0.155312322478223 0.00341832658343959 -0.0490759002716299
0.14947149481908 0.0959645117712063 -0.0521628832839754 -0.0717570505609605
0.164636083238474 0.0467201658777374 -0.113689715253935 -0.0551805341744949
0.187136046904983 0.029338640061658 -0.141337082307252 -0.0378774257605793
0.189558000921725 0.0364678042653289 -0.136946659596559 -0.0291635395718289
0.2123170998744 0.0691697677535254 -0.111401587872186 -0.0312725326727206
0.202055225511723 0.151954212757572 -0.0727701711762004 -0.0411012976095671
0.114606072360183 0.23326312560576 -0.00321553397290553 -0.0156526595949281
-0.0543403754280505 0.295245071153941 -0.0348301479186276 0.046555255260239
-0.231090856120165 0.212098645190795 -0.112948061747471 0.0482876011698284
-0.266009368474408 0.0798731446033579 -0.184809703785234 -0.0229639340467517
-0.278314805367091 0.00444281317425014 -0.0426310841146022 0.106530458857448
-0.259147939518004 0.10025639441871 -0.0424617338262662 0.0427642656821454
-0.181092142186996 0.186324019149898 -0.0340951596741216 0.0744469240996241
-0.0288211395084402 0.234612039364358 0.0232578967829517 0.034125562846759
0.107683213487881 0.214767806230143 0.029984345723429 -0.00140833841037301
0.188286566352133 0.136633350731071 0.00630140678280762 -0.038005177001347
0.209006296900761 0.0682828855432639 -0.0395903265012543 -0.0350000532129512
0.228042793020273 0.0413795284104203 -0.058301334746757 -0.0271129133806062
0.228450037075261 0.0450839990589203 -0.0541628586730341 -0.019334204198762
0.252755383208231 0.078557565554832 -0.0398861599812611 -0.0149757695894328
0.241555251124289 0.173044250546846 -0.0242909374424164 -0.0136718924206225
0.142440132740947 0.262192173752588 0.0178168739506267 -0.000617384174916064
-0.0367362611558617 0.331314039311622 -0.00594592721742112 0.0346961015788104
-0.235390373874369 0.257379073293741 -0.0609618077542939 0.0192271531628308
-0.291525164238949 0.114627754733832 -0.0909067000878327 -0.0494096518714299
-0.286936690757419 0.0172286809571728 0.0716231426265828 0.100092796304421
-0.270776076316273 0.120622006678048 0.0273407589032076 0.0148526007752842
-0.190302285920642 0.206860042442612 -0.012102954891584 0.0604843311230922
-0.0346175974070335 0.257462415140218 0.0162868837429515 0.0576408565958935
0.111323197864297 0.236241858612132 0.0573343486652413 0.0562943786362498
0.199063976653259 0.15247986636401 0.0717831129766021 0.00989782055749558
0.220657838513443 0.0769727117574401 0.0456352774426021 -0.00500884663781506
0.234256940703715 0.0466570152286233 0.0343634940602267 -0.0108321632277825
0.230869929795355 0.0484510625352813 0.0333141918048107 -0.00857987860102482
0.248043145932993 0.0800331931997554 0.0333665383964236 -0.00272153776560537
0.230963368021543 0.170622899899383 0.0280954736823868 0.00873934267250676
0.130950760051636 0.247450687634622 0.0361514970711942 0.011153477290481
-0.0273608242566854 0.300412795588019 0.0176655592476549 0.0135795082120158
-0.207408214595367 0.245494991117706 -0.0115156535776285 -0.0194751391352252
-0.269281480090289 0.123294632424394 0.00901425621579488 -0.0793762049084915
-0.245992401696886 0.0330239145163574 0.184982029191255 0.0839008046179175
-0.223898620564608 0.122932456991783 0.100556160608115 -0.0140975289314947
-0.151090323486077 0.185502687231846 0.0185920418718501 0.0388359776434941
-0.0260217274586917 0.221025853863264 0.0134138628642349 0.0744058742394522
0.0974041661868542 0.20425794788455 0.0826030671270326 0.106588719750252
0.173785188572234 0.134357191140321 0.131494056949075 0.056816747359485
0.196353985951461 0.0691923565866254 0.12874337166868 0.0266299869313414
0.204536759838105 0.0449893584502584 0.121242307398631 0.00692893101506486
0.198304332548589 0.0468602866978755 0.110940968412553 0.00481972883085217
0.202637339710917 0.0753382423990951 0.0913671344444724 0.0107888662379015
0.173690903600807 0.148816610678174 0.066168845063025 0.029811667269703
0.0805598416504309 0.196623810938068 0.0422065289959075 0.0231409049816688
-0.0319117210874134 0.213999628719519 0.0306547017289871 -0.00439352292452107
-0.155733344166394 0.183823866814916 0.0273896953716308 -0.0511353359450215
-0.206002008008412 0.106200940460603 0.0946906448115537 -0.102586066234215
-0.158353552370563 0.0430420916520314 0.271448611051565 0.057630991504457
-0.129941475605731 0.0973054662481867 0.156081270552005 -0.0407685989316256
-0.0788336938128365 0.118328424546711 0.0464834832713189 0.0121046101238762
-0.0145293770168423 0.134663945903063 0.0128230477298997 0.0768590681233426
0.0628055534963478 0.131364929902354 0.0991769462293996 0.134718432769621
0.116985619032688 0.0904007677953249 0.173935815139514 0.0892832076505846
0.138261751142418 0.049202557523385 0.19377794915167 0.0496450559718596
0.144016012275076 0.0359356382821542 0.189025147032406 0.0225544429093083
0.13814264076568 0.0397517976029645 0.166922471453439 0.0207575602702323
0.12949218048606 0.0624934972744144 0.12668234065023 0.0293163069207605
0.0926028347557046 0.11084309208338 0.0826024464431089 0.0487044859977078
0.0192870606299552 0.123255551103353 0.0342735786608297 0.0347385503571489
-0.0332933569635258 0.103847264756108 0.0332826865070153 -0.0155982844571916
-0.0874509696728598 0.101880410798975 0.052707816333779 -0.0661809789252476
-0.119184841671962 0.0773794382646466 0.156684859390573 -0.113881683059193
-0.0432469784287912 0.0395279339494026 0.31479267167798 0.0243005831166119
-0.0194247466332739 0.0433432208518658 0.182500310088527 -0.0642618027392254
-0.00670369685643408 0.0243294321653968 0.0613863756677543 -0.0197992509793669
-0.0129449032937319 0.0308957184912433 0.0107784412432634 0.0659378657155993
0.0130995165743031 0.04405273788779 0.103171298542016 0.137555508743382
0.0387830960308735 0.0377596784521181 0.192924089933995 0.102694922606295
0.0580931281201016 0.0259321998166396 0.230354402967977 0.0612483560915142
0.0634716198704322 0.0217107254130446 0.228153677294236 0.0340226278082032
0.0615677471536248 0.0240464030869791 0.19725545459063 0.0384054562115207
0.0475396892286609 0.0371567520645276 0.139063712898605 0.0494829880400086
0.0161404610209817 0.0578973254045496 0.0789764548002064 0.0647647830073868
-0.0236151405316225 0.0425922213138198 0.0162759093139275 0.0400936504067797
-0.0162891940319421 0.00411387135684967 0.0308566378119814 -0.0230562912644539
-0.00800634710444357 0.031021446745993 0.0711582574825753 -0.0680953797531247
-0.0220269400733978 0.0487868547947046 0.190972386930859 -0.112156774754846
-0.0555971571436638 -0.0201593287620641 -0.227533067779843 0.0979149890693694
-0.0626442889419096 0.0125471190458945 -0.0944897744531191 0.0968385236961376
-0.0262186915588138 0.0504790902851348 -0.0234683686359808 0.0497742616307949
0.0246379227399445 0.0342596465447557 0.0258393795240072 -0.0262568211001948
0.0311380839154671 0.0132353756280929 -0.0441016507518506 -0.0854525212690528
0.0269683790291886 -0.00058282332367664 -0.122056157369401 -0.0825352294485979
0.0190367601028594 -0.00445164931563966 -0.187061735395342 -0.0632233150372861
0.0282064497288846 -0.00158669890507885 -0.227848195839864 -0.0480092049289814
0.0321062496732147 0.00256182532748964 -0.228523474332037 -0.0544003994878689
0.0497138081949921 0.0111049918995782 -0.188039650659641 -0.0810132330074416
0.0568998959798553 0.0335646619040706 -0.115679802143752 -0.104681867607134
0.0321516042602726 0.0691956945693998 -0.0316007819931528 -0.0596620461337314
-0.0443142768818618 0.094323121488234 -0.0756850990586294 0.0184646491264227
-0.0975814987550466 0.0308968036509105 -0.169206898711451 0.036178472043691
-0.083337446780183 -0.0188921695879855 -0.290138986902234 -0.0246345431215165
-0.144829117926589 -0.0147850415018865 -0.201066772265896 0.0974346583972979
-0.134944779434873 0.0395102775701951 -0.102428731261079 0.0814489871944954
-0.0793400221622298 0.0960453804895591 -0.0340101922329843 0.0663086128420522
0.0096253088843714 0.102166513621346 0.033120555014888 -0.00972995086317465
0.0628046098779667 0.0826946980069825 -0.018759784637335 -0.0762871713925952
0.0902050734159529 0.0477470322735771 -0.0929068412226299 -0.0878799860494459
0.0958155340348507 0.0228123834859925 -0.161633475278928 -0.0671403593177495
0.114481350911555 0.0178828882890392 -0.197883388840249 -0.0482847954854158
0.1182700426934 0.0272283984650097 -0.1960667682661 -0.0447959502383053
0.136780263162567 0.0521456053430192 -0.161012245007581 -0.0583948109667264
0.12821941191866 0.107161613396217 -0.101731971733742 -0.0740956509126278
0.0638756625055067 0.164793555593673 -0.0202296225602806 -0.0366041905237522
-0.0690597563108642 0.20234406036941 -0.0635698101454736 0.03876074461355
-0.186863996848145 0.119253102362674 -0.152984442797924 0.0470407774898763
-0.192868912468465 0.0220605429271038 -0.253628649380712 -0.0215174166314064
-0.222676664553465 -0.0118604935978054 -0.14082424931122 0.0991395287656307
-0.205059647538879 0.0636293395434536 -0.0895297596001036 0.0616409001947658
-0.1383141361628 0.137161714096996 -0.0417786362548796 0.075327434838563
-0.0162444172252796 0.171045101235916 0.0296746703901225 0.0112156695315274
0.084265137889228 0.155620226341687 0.0060205972090722 -0.0479316225173599
0.143628943421889 0.0991983074517545 -0.0488876006727463 -0.0736045034138839
0.161188946952192 0.0513571331684759 -0.110724611228946 -0.058461076302463
0.183883924386708 0.0360013234440849 -0.137857019462805 -0.0421918537749218
0.186787089855796 0.0431209508052495 -0.134165461273572 -0.0332571972866498
0.208027797544018 0.0760090361906466 -0.108509856546074 -0.0351877694977857
0.194754106342034 0.155929851995544 -0.0696652983242642 -0.0420543953878339
0.10482656547103 0.233701709016134 -0.00340395284214417 -0.0165008180984547
-0.0648397927173169 0.287917097129202 -0.0381393420146181 0.0440580849342585
-0.235788494037531 0.199616103206589 -0.113379357322444 0.0409364954052567
-0.267045868552786 0.0663472903738132 -0.181705375835217 -0.0317836419541444
-0.273834828001273 -0.00671754577682364 -0.0484764216458364 0.10137642805881
-0.257967847182991 0.0877744144148581 -0.0448897996849949 0.038562480992907
-0.18481646394631 0.176687672200415 -0.0351876904124668 0.0720776159897976
-0.0371525678044464 0.230069466742971 0.0208410646231393 0.0348922513832207
0.0986731097552201 0.214800319794087 0.0303387857528981 -0.000765608292148909
0.180123249571164 0.140387344065875 0.00716463102071776 -0.0384704653012996
0.204001981846458 0.0749927051784122 -0.0383253809788736 -0.0351983702468243
0.223929770911303 0.0488731308661823 -0.0563855953988317 -0.0277070502446177
0.224375751936501 0.0536500444521426 -0.0529116917448129 -0.0207071684639948
0.246863400780984 0.0872159841442553 -0.0391808444564668 -0.0167181390360139
0.233205263397542 0.178502566129175 -0.0224713523681952 -0.0128833005273778
0.131346117613083 0.263170303304549 0.0179656517880339 -0.000978255022323191
-0.0488796540260604 0.323971337268765 -0.00889422145271641 0.0329315712198844
-0.242122087060532 0.243963603232505 -0.061943160959275 0.0148678220016635
-0.293656020897174 0.0981322988801407 -0.0877837591555664 -0.0524658935078695
-0.28305216145782 0.0054676943381428 0.0646991557321655 0.100237571856549
-0.270218389520613 0.107464626376485 0.0244902045939119 0.0136575859926327
-0.194931285857195 0.195965057001012 -0.0134340174634773 0.0590962565308544
-0.0441561531495665 0.252891961525233 0.0124713127379325 0.0577730041010641
0.101880048702983 0.23564632619521 0.0554748404794944 0.0569265053186075
0.189975031652528 0.156196503289094 0.0696000556514737 0.0109921385755465
0.215771745622814 0.083440637395175 0.0448043728417363 -0.00251127170243399
0.230063993360979 0.0546527982155366 0.0344107716893637 -0.00895643077237099
0.226420656953052 0.056097933317367 0.0329363710756157 -0.00627017818771855
0.24227195251608 0.0876859867146288 0.0324716022585249 -0.00150027956699919
0.222240096348715 0.174560670129967 0.0280139747927109 0.0111755934825988
0.120337157771723 0.248012566482398 0.0352064225610027 0.012222735073795
-0.038952424501083 0.293894392919311 0.0146030659091416 0.0129211874568387
-0.214114841042261 0.232898403135709 -0.0115925153657673 -0.0205460745451276
-0.270904522327654 0.10834515014988 0.0114098919560136 -0.077393951431599
-0.243361212022653 0.0224017658782379 0.17758270388474 0.0898527394099411
-0.224348441953679 0.111010633450096 0.0979945543814903 -0.0113460700227242
-0.155580362204651 0.176247948726566 0.0178514169728955 0.0387154277369533
-0.0346308532605256 0.21725073437646 0.00906222062032658 0.0744697308179406
0.0893376112458378 0.204273503597483 0.078691328157964 0.107272090894158
0.166065684814748 0.137587164034724 0.127175963925289 0.0598147209054481
0.191244999625444 0.074551769405208 0.125437192561048 0.0315842282357531
0.200183305451551 0.0518198945106405 0.119793570669641 0.01174636824445
0.194857251345946 0.0534387661649949 0.109385952309021 0.00934112683460725
0.197018127052603 0.082233471194397 0.089377199667042 0.0141615763855569
0.166521203548729 0.151943674886328 0.0647791420256 0.0321036164412647
0.0724974410341016 0.196041342045228 0.0414068147852961 0.0242213887041825
-0.0396477535356527 0.208905546609884 0.0282947959743086 -0.00455891714236304
-0.16124124238809 0.173996483742778 0.0279189630143564 -0.0495351246277035
-0.208994480157398 0.0945585688883105 0.0978385497821399 -0.096397298305167
-0.157499575934035 0.0349033040275071 0.26452439264444 0.0681560490097743
-0.131050847591188 0.0894677670538795 0.154333983053135 -0.0340009306246674
-0.0820551581423628 0.113450161738703 0.0460217322190109 0.013408541527827
-0.0197461721717949 0.132641093523607 0.00949031745958714 0.0775643390150587
0.0573340161710559 0.131411176691499 0.0933257644867802 0.135334546638789
0.112170327578619 0.0932754670289751 0.168264152214122 0.0940746498220816
0.134726532169628 0.0532718380620952 0.188971657386622 0.0573454566758924
0.141463728464834 0.0401324982286863 0.185910406383713 0.0295893956311852
0.134829093935064 0.0439653039400503 0.164144778910297 0.0274164090486763
0.12504487959386 0.0659471273873988 0.122997989642934 0.0337512840293556
0.0880213588113939 0.112247114085537 0.080296569708943 0.0511986393152499
0.0146638431015967 0.121667421757038 0.0330359931390686 0.0354520683520772
-0.0375957646235233 0.100122301233083 0.0317763706268613 -0.0154351917627559
-0.0900298442223643 0.0962404609864935 0.0542835792348329 -0.0626006878979953
-0.121479351231728 0.0696828128726731 0.15896350675961 -0.104469687589013
-0.04405042461332 0.0362647324058564 0.310085085483217 0.0383183245665854
-0.0204975002513717 0.0415252503174629 0.182614151402446 -0.0552304239165283
-0.00772269533296733 0.0232135896628092 0.0612934912057935 -0.0172260017500427
-0.0142083776102626 0.0303153251639596 0.00835854531651051 0.0662764245110002
0.0113940833891771 0.0437050400376848 0.0968223737650686 0.138553262026969
0.0372050944336938 0.0389718381253623 0.186090505112542 0.108663142818692
0.0564044296199662 0.0270073954875009 0.225035644975508 0.0687078980145114
0.062191964612884 0.0236227239668784 0.223921301746924 0.0413766670399321
0.0598180221303183 0.0258118861981267 0.193354739990749 0.0455203146445922
0.0447404211847358 0.0381436903681773 0.134379988118039 0.0542803302733862
0.0142551523487595 0.0583431020156769 0.07524671908736 0.0667021720289974
-0.0245735960694697 0.041032876608569 0.01479327850543 0.0404476616310136
-0.0166880679281827 0.00357610692827881 0.0297792715870028 -0.0228277766853106
-0.00933998595760343 0.0291562395092651 0.0728479779834171 -0.0632557781051704
-0.0234742206788683 0.045644846708144 0.193211191585373 -0.100463094580482
-0.0564317907232586 -0.0226541503656665 -0.237994626770937 0.0895408241953034
-0.0645153913127588 0.010380195451462 -0.100588520203823 0.0945572485333437
-0.0284798678638053 0.0506614017744437 -0.0256731163170878 0.0510123096997352
0.0239626607349606 0.0354077006660941 0.0266214742410391 -0.0265209119487303
0.0310380865556956 0.014751519610003 -0.0414470201324917 -0.0883281966221195
0.0272778149458469 0.000562373174505199 -0.121347652028358 -0.0892368608562462
0.0197991373124583 -0.00343220221475693 -0.189612857117716 -0.0719310664717231
0.0288614026907634 -0.000574776415220976 -0.232112850262749 -0.0573323191116807
0.0330484604034242 0.00444453069080833 -0.232953006298213 -0.0645166822422729
0.0511626050607957 0.0134497991450035 -0.189574577399827 -0.0898131070566864
0.056516161768806 0.0353684677913945 -0.114903370572901 -0.11036568154653
0.0304143828749573 0.072319585708542 -0.0309741053285744 -0.0630224904499955
-0.0481533316225576 0.0949041275554686 -0.0787252740347374 0.0163451216534547
-0.100600593022718 0.028072476501436 -0.174740552652296 0.0284232113661171
-0.0850798352630874 -0.023115454277758 -0.296225468480763 -0.0398080101209295
-0.147901567384127 -0.0207759062263968 -0.211255567813675 0.0903027825059896
-0.138566906622911 0.0354271845059112 -0.109525515351259 0.0770583796263925
-0.0838491097820253 0.0945360839822212 -0.036708217380534 0.067520456881482
0.00616437829954074 0.104400101982402 0.0334553815155889 -0.00940921583036282
0.0613401979097449 0.0865942385024199 -0.0157789407460871 -0.0781884780304592
0.0901530354262514 0.0513566377576063 -0.0919574037874369 -0.0941047895002968
0.0974090736303462 0.0271939803659461 -0.163220554968286 -0.0749286517747138
0.117277408584415 0.0224811600541221 -0.201717257491649 -0.0566741918515417
0.121727526513727 0.0327445337348813 -0.199698981441068 -0.0533214687685239
0.138967542696614 0.0583379924832927 -0.162546336532787 -0.06591185921256
0.127769781169533 0.113219189456044 -0.100755928523309 -0.0787810253886
0.0593094431810987 0.170052340404698 -0.0199990357450345 -0.0391965023334893
-0.0778518130451416 0.203927519170941 -0.0677575245402427 0.0365545915893744
-0.196085580910813 0.114970931615873 -0.159046472792747 0.0403736841491981
-0.199336126917053 0.013917163017918 -0.259382287105064 -0.0340581796170865
-0.227640891725527 -0.0209908198020621 -0.150520813903765 0.0941004449099636
-0.211126751592912 0.0566236810438976 -0.0952272277445321 0.0573187742975557
-0.145244615148952 0.134415753550062 -0.0448309557069217 0.0753111383819166
-0.0229684845527212 0.173585222553922 0.0290922346441627 0.0131966564435156
0.0810185754276816 0.160982255129612 0.00800400142135184 -0.048434391940509
0.14319547125892 0.105764775095148 -0.0475240035444564 -0.078242442112644
0.163853843175061 0.0589266039733019 -0.111214942490243 -0.0637990478916865
0.188029457362189 0.0430968127390745 -0.140349981669692 -0.0474990696408633
0.191790140856131 0.0518072618012506 -0.137288111729368 -0.0392625480505401
0.211043541607121 0.0860988124139938 -0.110009464213155 -0.0403635542762349
0.195041409936505 0.165453250824716 -0.0693006586143446 -0.0440449512877259
0.0988355192850907 0.242569773426088 -0.00311544005795773 -0.0178543437734942
-0.0771323956960145 0.292187784528173 -0.0424850456616207 0.0428980778052417
-0.249132057580668 0.195688138478872 -0.11869752596205 0.0351903777508656
-0.277708255717905 0.0556580485718746 -0.185293810320683 -0.0408028980936725
-0.28036274086739 -0.0178514061263629 -0.0563081015984578 0.100668410431657
-0.266694397546486 0.0792839648785622 -0.050249514061452 0.0355853677154028
-0.194684025512379 0.173046334552819 -0.0377032236775648 0.0721580733833903
-0.0467885752035953 0.234402970002214 0.0191131689157247 0.0362723585756325
0.0930854411417351 0.222457487876655 0.0320278161384593 0.000662031088122973
0.179933367497635 0.149650133050658 0.00847145954736434 -0.0406848495323709
0.207932157485932 0.0839226846864159 -0.0383330695631434 -0.0371490195768167
0.229662187137102 0.05780407358917 -0.0569645808638742 -0.0297964497006384
0.230542950712247 0.0632625414433084 -0.0541126714475133 -0.0224862305120797
0.251220691856271 0.0985598498217578 -0.0395090370603963 -0.0184769323308097
0.233394361748304 0.190323425468377 -0.0211448036566862 -0.0127993442118646
0.125617861621033 0.274624334564187 0.0177297097592144 -0.000859791360655564
-0.0617625268903636 0.330024642174116 -0.0130735995801352 0.032499732988617
-0.257752121710367 0.241376342726394 -0.0650792153261262 0.0112804783713607
-0.306552533431577 0.087659164827945 -0.0886589164328384 -0.057007471644654
-0.29095850729035 -0.00582314159888013 0.0603163905040081 0.105160678910939
-0.280114181480032 0.0988935378050435 0.0218524971282354 0.0131651764468231
-0.206798242099864 0.193173538472357 -0.014663278697124 0.0592421178427457
-0.0553687026065513 0.257590380251496 0.00984581368989765 0.0603738293141931
0.0957700881355481 0.244947875463302 0.055768524628899 0.0598180368847194
0.189619693040734 0.165898465691641 0.0709681719267101 0.0130332726089743
0.219472490581116 0.0926155559940008 0.0453642269512778 8.30119282927496E-05
0.235623518497762 0.0642102234789391 0.0356960233384057 -0.00697169304137282
0.232120784034356 0.0659495504735337 0.0340043124347241 -0.00521032430399129
0.246072733027806 0.0987889945144794 0.0330468069587939 -0.000154380319980691
0.22289452984308 0.186249628125493 0.0294518225860941 0.0129300195334985
0.115193157881447 0.258093262258399 0.0356871768871905 0.0132835343706847
-0.0507803940669517 0.298890144084076 0.0119127056992163 0.0131538317974898
-0.228588164791283 0.231137664828102 -0.0120416593792275 -0.023042527168171
-0.284097284888855 0.0981803431984918 0.0147354470576862 -0.0781843747382337
-0.250451997089225 0.0117481214839093 0.176799131143054 0.0988943068288011
-0.234227801421706 0.103833706479914 0.0993335751120424 -0.00877795356752582
-0.166416382870308 0.174299191071623 0.017839378754436 0.0397366604033779
-0.0436207770969393 0.222226701485786 0.00560294861973031 0.0777185732795433
0.0836899671865202 0.212137015113584 0.0773244296821857 0.112003019754333
0.165636129098577 0.1468388049137 0.128309005367238 0.0650796809248821
0.194766817074268 0.0834527781276588 0.127163733761482 0.0379863090246862
0.205177519423882 0.059522130415841 0.12307519691563 0.017019544573197
0.199430577574303 0.0617796298455298 0.11201705547455 0.0145652403509338
0.199634479011784 0.0913191642636867 0.0908676227856289 0.0178101999762974
0.165779957353083 0.160973964762813 0.066213116370892 0.0354763659020812
0.067549554807653 0.202552681115841 0.041784232920601 0.0262482727478177
-0.0484885967109365 0.21149006348662 0.0269252994741782 -0.00420531333088732
-0.171783818443916 0.17207075525412 0.0295498644571467 -0.0498966689582767
-0.21922832181934 0.08664903127675 0.103982947665618 -0.09404302443417
-0.162606070493407 0.0284319807173522 0.268545608689439 0.0815312241303741
-0.137898945117382 0.0856262012449956 0.158774056754784 -0.02914729446581
-0.08854183402345 0.112066130167542 0.0475310571108623 0.015139802761302
-0.0258920153652441 0.135490223007509 0.00631075044260835 0.0809783464829211
0.0540126503688412 0.136564932968465 0.0920416494638713 0.141485128097342
0.111391977378426 0.0999139289722291 0.168986192605111 0.102588410181608
0.137123899985955 0.0591037494345964 0.192308840692575 0.0664459782978587
0.144352691856716 0.0461092756754217 0.191033790469422 0.0373039803296661
0.137102938935721 0.0500808189056324 0.168098805978328 0.0348490050592821
0.125270656171838 0.0722475777166843 0.124514886505232 0.0393760518113508
0.0867906775703675 0.117626481973091 0.0801403126556588 0.0551111436613183
0.0110475551915263 0.125199178248745 0.0328066981912482 0.0374202338727287
-0.0426047553975753 0.100555405453531 0.0312569983771917 -0.0154662503231059
-0.0961223740127008 0.0947652704307832 0.0575579969356816 -0.0613653264234178
-0.128180556903729 0.0650480039944546 0.167714606203839 -0.098586749179109
-0.0463715632757394 0.0343363277622243 0.316406824693761 0.0529704223459537
-0.0225140182336198 0.0406900849870344 0.189064223244733 -0.0491275088475552
-0.00915135643579266 0.0237878490088689 0.0647302125004879 -0.0153528775790792
-0.0159713198692204 0.0307808950109221 0.00529854830531634 0.0690429790463362
0.0103947761585608 0.0449759322591482 0.094640606344312 0.145100660207933
0.0369385165135851 0.0412505123207687 0.187288861383157 0.118229841802533
0.0573395175736416 0.0297574508816059 0.228619482719316 0.0794188638788001
0.0631061843856312 0.0263496787613947 0.229993710296457 0.0518259107467471
0.0603149992426929 0.028887145882537 0.197883291047859 0.0544118973625627
0.0438885160388396 0.0407189020989371 0.135217680051925 0.0612181738723579
0.0128250729839367 0.0604013448706847 0.074874148042179 0.0707174301252036
-0.0263308391898463 0.0416877645578332 0.0146196616770351 0.0419370791628656
-0.0176453439113373 0.0028275135925506 0.0302500135433156 -0.023062141664996
-0.0103493690130158 0.0288898492434046 0.0761220032594752 -0.0608690054384756
-0.0263074115307356 0.0453037447718781 0.202771611278078 -0.0927564616521484
-0.0594096915245712 -0.024262473055936 -0.254763792769776 0.0902744668257424
-0.067755349767026 0.0108273454432212 -0.108184702692738 0.0974670918219443
-0.0297152267658183 0.0525722066570245 -0.0271941397997654 0.0536964004829895
0.0249024800227641 0.0374946599239189 0.0287831836704254 -0.0287463162464682
0.0327586597013679 0.016222843951892 -0.0430957923414993 -0.092661296623023
0.0281940596446363 0.000304179945432213 -0.127755540543763 -0.0958601418014593
0.0213694615894008 -0.00331864569955777 -0.200441534257106 -0.0795030916391207
0.0310226975524807 -0.000440208665595129 -0.246722936893916 -0.0628773561655435
0.0356892410532655 0.00598792996290148 -0.246390408996156 -0.071257087036896
0.0546951508787482 0.0145927888090207 -0.200100690578577 -0.0973976789207862
0.059953453808311 0.0372867185650837 -0.120981007065308 -0.117549833015762
0.0310643928760727 0.0765519992362992 -0.032954235768444 -0.0681638348800332
-0.0513384910157937 0.0999514324832445 -0.0842418402793429 0.0164755643238235
-0.107291301867843 0.0289743890946198 -0.185581604577289 0.0262222801247165
-0.0897531260615405 -0.0259751355865617 -0.314100709589796 -0.0471653613699494
-0.156463417425033 -0.023540446191472 -0.227214029014844 0.0905292697560769
-0.146505257581085 0.0358595359707093 -0.117536605417691 0.0791279760997874
-0.0889222992437292 0.0986159237458239 -0.0389938579674706 0.0709561261586458
0.00579838796162078 0.109644262038373 0.0349436925827558 -0.00986862010363508
0.0639845241883223 0.0914560712416389 -0.0158928199456579 -0.08235821178564
0.0944381993292044 0.0546856407193508 -0.0964813326436434 -0.100604385899436
0.103683116168682 0.0293166536781881 -0.172427238794823 -0.0809411512693144
0.124669872174256 0.0247142457225352 -0.214448432035717 -0.0613827099344396
0.130068956793456 0.0365504354652258 -0.21256018136026 -0.0586701343285993
0.148295396905154 0.063285225180104 -0.171751088323274 -0.072031549785354
0.134706958866301 0.119895936636691 -0.106083719840388 -0.083723926988843
0.0611936088916392 0.180965619783166 -0.0220396403601013 -0.0425330034058755
-0.0843170531182451 0.215715724080627 -0.0737413435438757 0.0382497918011179
-0.209884193829692 0.120138803777128 -0.169349302784962 0.0386508410162101
-0.213118388017183 0.0120646464217827 -0.275185264784544 -0.0407576014369425
-0.240798717291309 -0.02504153880801 -0.162916880408068 0.0966149394191935
-0.222859174447289 0.0569505551277438 -0.103953628630967 0.0581290706571672
-0.153946286090184 0.140297942203602 -0.0474640686076164 0.079715320819346
-0.0250081425691476 0.18286005749805 0.0300834004507732 0.0140810135755702
0.0843925769080189 0.170742812420758 0.0097541746658923 -0.0507563937249183
0.150722163348833 0.112371285935679 -0.050215580431032 -0.083441652963989
0.173899618636462 0.0634850773826504 -0.117866690934565 -0.0673120589448312
0.199265454200329 0.046915501780544 -0.149230789289652 -0.0509219259088268
0.204220835587947 0.0574629757187195 -0.145482572025671 -0.042521116140077
0.224427896737908 0.092950964390059 -0.116263390175756 -0.0439986105475795
0.205652529254703 0.17640982566234 -0.0717487622159489 -0.0467578702650792
0.103409650067425 0.257653907049334 -0.00363537875817943 -0.0199942314448121
-0.0847371439478032 0.309017829026805 -0.0476384194300085 0.0443947122809775
-0.266376049153461 0.205722789616328 -0.126973675813975 0.0343405647564032
-0.297101579091791 0.0548719491431822 -0.196697778490296 -0.0458832746810145
-0.296552063109387 -0.022345608901847 -0.0636289109798434 0.105396339643452
-0.282428866292083 0.0800259334445987 -0.0560795619278667 0.0355107083077746
-0.207251028477272 0.180853359729316 -0.0401685732683434 0.0765319426701531
-0.0511352289498629 0.247536734904715 0.0192778740959717 0.0393006683974511
0.0969705076727993 0.235496531048495 0.0344982485542919 0.00127493449467709
0.189461840163525 0.158537324051594 0.0084092613931904 -0.0438040030780667
0.220964477163137 0.0900120274277748 -0.0416216673678074 -0.0385801929718246
0.244088354256483 0.0630226967791613 -0.0599677546724179 -0.0310657337252695
0.245950287573358 0.0690895518730102 -0.057337492357704 -0.0239627681552288
0.266872033506906 0.106681538702673 -0.0418800258250513 -0.0199060620532174
0.247657514399403 0.201558682851037 -0.021221832920438 -0.0124973457617805
0.13114923548718 0.290738963232762 0.0188870667844903 -0.00187994167788954
-0.0696065499623224 0.348197135044997 -0.0164581809667495 0.0337007335964607
-0.276050678005362 0.253592794256049 -0.0704385399256674 0.00880167396565615
-0.328250223089189 0.0878313444215676 -0.0939162311635768 -0.0620767312865191
-0.308808976830706 -0.0103898787142024 0.060313456518599 0.111511024250105
-0.297360786869655 0.100361419812257 0.0207686381005855 0.0125587635299376
-0.220580822164903 0.201675770525978 -0.0153333695330869 0.0617610640725311
-0.0604191066734145 0.27190326777805 0.00898870487831351 0.0649555915074026
0.0993568414873784 0.259339066052211 0.0592233659637856 0.0636156371709421
0.199655076957824 0.177061514854924 0.074450831783246 0.012848573971934
0.233217209110962 0.099464531722624 0.0474359689376534 0.00181386274428916
0.250144194867621 0.0694801815019697 0.0382309845145117 -0.00680759922247427
0.248189008289128 0.0726033926435678 0.0363164658890815 -0.00435029659383171
0.26147528578226 0.106425270076168 0.0351497938065387 -0.000471924000690641
0.236255040213071 0.197125181226213 0.0324474044070136 0.0150696675604491
0.121441040631868 0.273637764711326 0.0372200418635597 0.0134071198674218
-0.0568444591483083 0.315886181640419 0.00993613077811192 0.0134726829235463
-0.2448538291316 0.243338924915906 -0.0144263657085062 -0.0255836489356486
-0.304548330348296 0.0986666550189808 0.0159240403582163 -0.0824644827762242
-0.265509594610062 0.00943488854976747 0.185107543602365 0.10711841091327
-0.248933466318994 0.10646288076553 0.103240852425255 -0.00952830285513347
-0.178369024025693 0.182010478905932 0.0188895364902235 0.0410822741092549
-0.0486803335728562 0.23497521927521 0.00454775053534616 0.0834354503290253
0.0874114912659061 0.225310483952356 0.0821815730007691 0.119185443043196
0.175666428371443 0.156537819146791 0.134939836505425 0.0692646495173455
0.206353286908124 0.0890393180241912 0.1348505774465 0.0426193006934759
0.218102799296702 0.0643497978353546 0.131021794020789 0.0190463028700283
0.212132065059111 0.0671123741734431 0.119362119570425 0.0165147647038802
0.211346407094496 0.0976777601862232 0.0964880116612506 0.0196440926101749
0.176244822841096 0.170695901044091 0.0715778605158957 0.0388432958336076
0.0705276160464469 0.214824347296436 0.0438028265735701 0.0275813728555568
-0.0537328339099762 0.222853072520801 0.0259448306919127 -0.0050740702608177
-0.184049600266756 0.180830248359496 0.0304315399319913 -0.0533452776075691
-0.234862735260964 0.0877985268178749 0.11148214687885 -0.0970746998783579
-0.173159810034788 0.0274056680467295 0.283925508818574 0.0904971847945237
-0.147270134028568 0.0877543139919755 0.166943085075535 -0.0294047935500902
-0.0955667973602693 0.117684928744366 0.0501673407774665 0.015803552170594
-0.0285846424844459 0.143670323768493 0.00561550948202611 0.0871183409847834
0.055678249376744 0.144779037141718 0.0966100657883642 0.150150032237365
0.118129315886927 0.106376731247634 0.177966272939735 0.109401005205564
0.145384345146493 0.0634443454080187 0.204479739354725 0.0734374932541566
0.153431512547644 0.0497111934120068 0.203849317999552 0.0419409393949423
0.14589294688727 0.054101924086049 0.179494554615568 0.0388325282935312
0.132051951157429 0.077820758664287 0.131553601119753 0.0434004800389073
0.0916689023431933 0.125366175077654 0.0851132853236121 0.0596668534229141
0.0105546742017151 0.131923861279853 0.0346848991787552 0.0397427852701727
-0.046797171726151 0.105283374595923 0.0311318129664309 -0.0166744669578747
-0.103326124523318 0.0995249852610653 0.0612383696594958 -0.0645001734279125
-0.137185989222914 0.0654183684824519 0.179653302808874 -0.101147447623647
-0.0491222792913787 0.0345808001962417 0.336999615987866 0.0611708458545464
-0.0244473750172159 0.0421387965965853 0.201189769505939 -0.0488402038625411
-0.010659592262296 0.0245634470756082 0.0685430495264247 -0.0160530148631397
-0.0180211734242993 0.0329913433829638 0.00567645509434634 0.0748621951657842
0.0101630475918757 0.0475566092169914 0.0992066143860659 0.154004431763575
0.0396518102559771 0.0441173664899944 0.197998557947461 0.127358757202544
0.0606433223577995 0.0318099209591466 0.242636034773137 0.0871307925930045
0.0667742258247565 0.0278937542105852 0.244895383120335 0.0565843496227734
0.063667661436529 0.0308681053481432 0.210318536272469 0.0597338364610806
0.0453221798945642 0.0441808778849435 0.142498340101526 0.0663207852903454
0.0137954446829731 0.0644994227753284 0.0778630009997769 0.0751673217172317
-0.028348498171405 0.0438861260987448 0.014811831679375 0.0446432203610924
-0.0192487052521908 0.00211931875543542 0.0306462553687431 -0.0250288126604634
-0.0117312250214346 0.0305776952536589 0.0820916666296995 -0.0627526703003585
-0.028573526810477 0.0471187002585854 0.216542441170177 -0.0942803337454522
-0.0671786363835541 -0.0181358505374206 -0.253837932444224 0.135505473853784
-0.0703504489014024 0.0201196295276199 -0.0966939911163168 0.11796645935066
-0.0228277002398366 0.0600634477034127 -0.0190738486114044 0.058484719101517
0.0321455859448934 0.0357372496793376 0.0230929651525206 -0.0375610934470996
0.0383729335107733 0.0115314828480956 -0.063202721142631 -0.0908549268821558
0.0304526987668487 -0.00387895523064529 -0.152337466568875 -0.0809632428641192
0.0221608172892867 -0.00667031145437537 -0.230109740472765 -0.0505100168755533
0.0340515531990787 -0.00609867121521571 -0.27060171092153 -0.0270677162256157
0.0402590767848302 -0.000982079608484836 -0.274242790241815 -0.0367713056921481
0.0619990709599725 0.00516028209426347 -0.226896400248222 -0.0718064765835782
0.0695281830226906 0.0284676282862648 -0.147700536096217 -0.107161073350591
0.0441550007632561 0.0755509630006846 -0.0467338677807226 -0.0691985723777036
-0.036833080886464 0.112775804425656 -0.0851936614077447 0.0304478714161944
-0.104994446270726 0.046247046241421 -0.191520258272854 0.0573487759367633
-0.096631671842897 -0.0109654287470906 -0.342529354747599 -0.00616808500334125
-0.171533571164984 5.63970140064415E-06 -0.218484355764845 0.126064950034478
-0.150035713357 0.0573832748607329 -0.108065946564685 0.0976580323346957
-0.0786142657292887 0.116025831087048 -0.0266874762403339 0.0744284358513045
0.0215822690693827 0.114584643165421 0.0338860416129231 -0.0216329517003271
0.0820921534478201 0.086099513668968 -0.0337327897525536 -0.0875520550128098
0.108635177159524 0.0429502086054156 -0.124005423004896 -0.0930801306354383
0.114336068219852 0.0160704487372935 -0.201741869579278 -0.0584844240532699
0.136468616116911 0.00566869088597062 -0.23686175768569 -0.0307315371175954
0.143959469876662 0.0165446796782208 -0.235715785813573 -0.0294451389867032
0.166671933856868 0.0415091749940713 -0.192838044162134 -0.0509573169873015
0.160769982520977 0.102785480641284 -0.126359744986067 -0.0744120865343701
0.0906144698757484 0.180539352137127 -0.0304598774739852 -0.0457468420538754
-0.053264210720915 0.237694809665361 -0.0691728916949081 0.0509154941712554
-0.198571041639848 0.156630854401288 -0.170374911948924 0.070204866078269
-0.218826091696635 0.0451454209378729 -0.301175367715413 -0.00409048956293891
-0.262714197056647 0.0132034748041382 -0.143729377555828 0.116442616407866
-0.228082281463106 0.0917435637369819 -0.0957674291620657 0.0698592381024871
-0.141587180056198 0.170100364778178 -0.0317349527609086 0.0806632848664086
-0.000376883498717369 0.196561085917061 0.0339359341730665 0.000596078065567593
0.114257845543931 0.166216266615434 -0.00312800727299615 -0.062996885789334
0.176398552333536 0.0952490347579725 -0.0757737172465396 -0.0856207367363472
0.194107614362437 0.041999433943531 -0.143068732422775 -0.0554526649442308
0.219179561482327 0.0177852650065439 -0.167379856945402 -0.0294089803452222
0.225175597620811 0.0262633713215491 -0.162701749413411 -0.0225624234225923
0.251626367736705 0.061601141839702 -0.129785795517376 -0.0310490751647194
0.243291047217848 0.150077114620013 -0.0842632493353677 -0.0417238352100624
0.145738255017381 0.254743123211482 -0.006808917893586 -0.0262284592393093
-0.0385418929390998 0.33630816304455 -0.0393866774560758 0.0529068517697749
-0.245871852125175 0.25421297720002 -0.12559166140225 0.0601262736478968
-0.30093931318579 0.102664693429797 -0.218166637118341 -0.0197231536745291
-0.324322436784811 0.0265159948359202 -0.0315182242042356 0.105681897785433
-0.288626496068497 0.125396935687662 -0.0474400120061578 0.0356465314292795
-0.192565475201915 0.221610819909944 -0.0233323739677645 0.0713850620849399
-0.0196269411648237 0.268189384837388 0.0278646022736282 0.0262061935167698
0.137045718760581 0.233176149800696 0.0307337560189683 -0.0169862327423182
0.224085306881818 0.13831130467198 -0.00901871336508888 -0.0547810927823412
0.247080099999517 0.0624420006814887 -0.0559566336061355 -0.0384133198722855
0.269068483386937 0.0282634053565589 -0.0704058585963187 -0.022935016015692
0.27087739010908 0.0326175886357271 -0.0661082670285635 -0.0166179509467699
0.2974999120065 0.0689894703842544 -0.0469953264750654 -0.0181172793282574
0.290581062942026 0.169740275594097 -0.0249068936231343 -0.0140707383020038
0.180284517762831 0.285605953593494 0.0199344712630491 -0.0112998133116427
-0.0165231234373998 0.374940976872936 -0.00825564997652308 0.0361643384989743
-0.249052742711615 0.306471508017812 -0.0685977345764869 0.0260082465509379
-0.329141597817998 0.14140949940714 -0.111620278315461 -0.0510943545938242
-0.335658927492015 0.0425204679465184 0.102846034647976 0.0896758252425281
-0.303308112447424 0.15008988091498 0.0306501355698865 -0.0017875650199152
-0.204562289092148 0.246633631930713 0.000842730982438451 0.0506490800273826
-0.0257729689960134 0.296877443579519 0.0225311712859742 0.0538780205600418
0.14154739106495 0.258146916662341 0.0671753895796547 0.0435921514105535
0.23796794614216 0.156147638626759 0.0693409903934638 -0.006422549531524
0.261528253464885 0.0709335306921792 0.0470997592426676 -0.0117223776562105
0.276620849369544 0.0341952796072395 0.0381543176173599 -0.012693116887688
0.273294626285983 0.035628007324147 0.0373709189254502 -0.0111018747821456
0.291652518705577 0.0713370702016865 0.0378060467606009 -0.00940582938028174
0.279142756016987 0.16803773881601 0.0365423130054365 0.00752651148938471
0.166582210856189 0.268111866446727 0.0422089485868509 0.00292730469199527
-0.00902349257453154 0.337990151037419 0.016093320544145 0.0104127006769878
-0.218736324279958 0.290929672289235 -0.0147635021492352 -0.0202881435752942
-0.303311039068943 0.148620818009287 0.00304764154573827 -0.087797103305028
-0.287246289392215 0.0564426259534449 0.23210297758519 0.0662034586075854
-0.251287545109136 0.149880365977007 0.112933156121489 -0.0374971405557355
-0.162762410493901 0.219969086199556 0.0317746466409027 0.025008471995769
-0.0190110196262542 0.255676276844413 0.0213454384702996 0.07678275787174
0.122883089766654 0.22480560904152 0.10242849105093 0.0999054548317493
0.208089061626853 0.139022079716292 0.14447143130555 0.0438609423779773
0.231940724581072 0.0641204078409463 0.148699301250084 0.01734797638752
0.240927709467022 0.0348769706888614 0.140349264084436 -0.000505295014329262
0.234365399429232 0.0370030395893255 0.130102838544669 -0.00216617420119911
0.236082615896039 0.0701275084204012 0.106134990734226 0.0034140913972679
0.210529456681585 0.150004069553951 0.0816735823296576 0.0264385268693676
0.104861239027988 0.214211004910716 0.0522709714874037 0.0188169524427272
-0.0209613482642895 0.240615645446432 0.0282677449093039 -0.0107315445930238
-0.164767445777408 0.216599214596948 0.0271278736767928 -0.0572428161933189
-0.233769140060943 0.126003957644651 0.103505578190035 -0.11834150901358
-0.184379808034459 0.0603474485848683 0.32887656612348 0.0367110538709938
-0.145366595818469 0.115793829115857 0.175641727427939 -0.065776743286391
-0.0851860408254875 0.139404018652366 0.057936673945066 -0.00177419116002041
-0.0116969931398287 0.156439615424314 0.0228575216497531 0.084632768850672
0.0768804018236357 0.14513864843793 0.12465296160389 0.134372303366608
0.139654600858178 0.0955177680997628 0.200762299372812 0.0823683355066726
0.162900630383133 0.0459202288285289 0.22941967613789 0.0393292700233996
0.169881413628257 0.0299917052419675 0.220785233984593 0.0115655836662547
0.162376086283422 0.0345018658248344 0.197151073759875 0.0124032355966796
0.149942679687954 0.062471945005764 0.146701359550244 0.0238968679175454
0.115154368544904 0.116037670401698 0.0997444807868858 0.047949574997891
0.0297984527545146 0.136445320182483 0.0443403761032394 0.0344632625897291
-0.0324584472579418 0.117200839388757 0.0302054710850081 -0.0233552933443195
-0.0928359413695219 0.119210831366211 0.0565361308722502 -0.0749598943995762
-0.134879954292169 0.0877100296645323 0.176460624559078 -0.132251487935835
-0.0499741672423319 0.0473818521178678 0.373228708147363 0.00416772633193468
-0.0209235979094011 0.0498821385411646 0.206933197908208 -0.0862007312403251
-0.00798659990240104 0.027764560711554 0.0702003465438815 -0.030335204726773
-0.0149760094690113 0.0376046631337464 0.0204458518780819 0.0766919160952317
0.0148996734131291 0.0494263250001819 0.130907467036287 0.143039086894682
0.0469830711937611 0.040823331955095 0.228666049212983 0.0998812315408553
0.0689981599436375 0.02468540552969 0.276123632159542 0.0495600573584556
0.0743757138211017 0.020869050182881 0.2676617590885 0.0209673749390976
0.0711855885043233 0.0234037938977053 0.233806316557872 0.0302382039779455
0.0529309585088131 0.0404995200001899 0.161086060437035 0.0476880761156625
0.0238883920046723 0.0656114696269237 0.0946454274220349 0.0673247310283736
-0.0231471666890756 0.0498605810680398 0.0241594407384383 0.044846173634913
-0.020418872640538 0.00542147941870483 0.0269421800370209 -0.0316250640837241
-0.00858759190210547 0.0339356520179671 0.0768904508473702 -0.0782838895731289
-0.0244091969989621 0.0514114297576863 0.217201752472211 -0.130257212212451
-0.0700764424849367 -0.01229700800121 -0.251801155260402 0.15945257409922
-0.0697749942737365 0.0264078942775775 -0.0906424057300397 0.127507398056996
-0.018151913222018 0.0625743675502458 -0.0131900739243613 0.0620502252410581
0.0356938271957125 0.0336113336124182 0.0198703016195991 -0.0403777053127675
0.0405898832451162 0.00821617962261495 -0.0713116981545049 -0.0867164663148862
0.030149342520423 -0.00628213435814619 -0.16379423619614 -0.0704392708920096
0.0221833569942497 -0.00858820605211213 -0.241120271547289 -0.0326109993107515
0.0340362660846214 -0.00899193366704466 -0.281413254523194 -0.00386985403338562
0.0420457165582061 -0.00421839486187393 -0.285701276900668 -0.0133586535052257
0.0642433372271611 -0.000533707710611276 -0.239938990020836 -0.0548367958800879
0.0730396359177136 0.0222576299750144 -0.160620233868942 -0.0972748360052825
0.0517076232953699 0.0738939271320154 -0.0546691554980861 -0.0676528198497555
-0.028073040929618 0.118710472102225 -0.0851193755298848 0.0386725509927574
-0.103920691495602 0.0570429012706933 -0.192154193537939 0.0733119282012866
-0.100249916263808 -0.00305923125304953 -0.353973663531786 0.0214280629353514
-0.175354572516568 0.0149120036302781 -0.217240680896333 0.147008551202945
-0.148339661641747 0.0714779498851251 -0.105344992600468 0.108022788054833
-0.0700614027496809 0.125276995336111 -0.0199518598496025 0.0788813018478105
0.0318278492266634 0.114872425428095 0.0323827261402846 -0.0247633106773139
0.0921180121702209 0.0803135702002644 -0.0420792888068503 -0.086288703313086
0.114206851149937 0.0343952861924966 -0.136136814399448 -0.0855030006336871
0.118600515882656 0.0059890094865123 -0.212617198072077 -0.0427201415885083
0.141291929724378 -0.00604044798172567 -0.247112832570432 -0.00988961459075098
0.151395123238953 0.00429846493431466 -0.246249598974384 -0.00924880382430724
0.175720668333029 0.0281718694621479 -0.20215005456419 -0.0357362587375693
0.173090389358972 0.0908775081474385 -0.135328853412595 -0.0651007224278615
0.107946960997516 0.177534006925343 -0.0358080254493046 -0.0447138231904582
-0.034343282662172 0.249555762667349 -0.0681172166083728 0.0583755402121913
-0.190180054416042 0.178340862732659 -0.171130212487789 0.0846080201777593
-0.222565525840851 0.064994076516623 -0.311281987100021 0.0200879540067793
-0.268334671944388 0.037106821772693 -0.141748279654187 0.131124410391096
-0.225383943250505 0.112959134091246 -0.0958977984898776 0.0787212055334451
-0.130487094335108 0.185511628698815 -0.0250258447975515 0.0850470143181714
0.0167297028347547 0.200930801219022 0.033750865000161 -0.00215593580894307
0.132848336480451 0.159878792238205 -0.00835470629292147 -0.0645187840810979
0.18909880633438 0.0815410054817364 -0.0861739335627867 -0.0815224427476915
0.203309401656389 0.0246175019085582 -0.151099371367826 -0.0432140289000765
0.228495413394046 -0.00152221788328228 -0.174609142313256 -0.0151044764251147
0.236376756987018 0.00698834864960171 -0.169832175119661 -0.00897015060095497
0.265233765341164 0.0406121419907419 -0.13636497872615 -0.0213813218601758
0.263587754757736 0.131908044464923 -0.0889045409642028 -0.035088728325962
0.171978328885902 0.24808788929846 -0.0104735101994837 -0.0269750924672772
-0.0107780174346783 0.348399295854687 -0.0385390698829618 0.0577666101553417
-0.229821399436966 0.282791303743809 -0.125776654805528 0.0712511868068051
-0.302465702930558 0.129961973719889 -0.22864133421899 -0.00183013426695735
-0.330414106047146 0.0559466620999259 -0.0265233991302058 0.111304205083407
-0.285021327857458 0.153114017571135 -0.0499531298101654 0.0400474267753774
-0.178309003777831 0.242913450942541 -0.0171752978429607 0.0741780901855753
0.00349822783710231 0.276847130004708 0.0301816106138939 0.0246514667944929
0.161962845999247 0.226732836748478 0.0312427777133804 -0.0200713558225489
0.242327194874255 0.121003287123529 -0.0151997882110496 -0.0563515043125328
0.260454228086531 0.0414728101296278 -0.060465475067517 -0.0340893078953446
0.280035372647271 0.00467186035172543 -0.0746443412895994 -0.0170603179650381
0.283930088670167 0.00883986364971 -0.0696865397050374 -0.0113823451459206
0.313482722221122 0.0441582182678925 -0.0502644440341671 -0.0151776498213377
0.314460782418499 0.147276923163501 -0.0247392006617795 -0.0123071991563689
0.210235100713819 0.276591353043789 0.0188256520492149 -0.013583399550949
0.0158441983432144 0.385739211024535 -0.00821873576145651 0.0381637507286951
-0.228327152815987 0.33704491367052 -0.0702487459727233 0.0309620196857523
-0.328305183758081 0.171499525902547 -0.120421594409148 -0.042205730357396
-0.341476805235431 0.0727245875401337 0.11112683705142 0.0839162158637345
-0.297942115457169 0.179281823095612 0.0269043319368024 -0.0049912589411898
-0.189158404735262 0.269883434938043 0.00557226006588967 0.0507471162408113
-0.000418650773279005 0.307064369528638 0.0273003431704477 0.0533353739677624
0.168901685083425 0.253143393339162 0.0743761301916059 0.0383958999099048
0.258075890624007 0.13858378876524 0.0701646693719333 -0.0136386960384019
0.275333559444312 0.0487195313252447 0.0474773085358515 -0.0153607857100593
0.288597806175236 0.00988959198778524 0.0388922132668373 -0.0162510743571103
0.285246648172103 0.0111870985552202 0.0383230813303191 -0.0149575364339513
0.306267938276263 0.0465500188461402 0.0376263236784677 -0.0136262383745435
0.302224883977833 0.146068277707667 0.0405364512614056 0.00342294807414812
0.194418280429098 0.260405082701463 0.0435991140557286 -0.000912306570974202
0.0207506553809319 0.346922777061697 0.0139775427072458 0.00961449788933934
-0.198380071870982 0.318985166094007 -0.0189588191483506 -0.0201868335752528
-0.301019525110567 0.178273262848595 -0.00510758083301692 -0.090239635610852
-0.290743468889695 0.0815489294623082 0.24403880044605 0.0487632412710309
-0.245511752298852 0.1750814590844 0.11034715601265 -0.0477430179045978
-0.149102506754424 0.23877973410599 0.034864500976966 0.0221904836796998
0.00210520317820825 0.264852597732599 0.0284407574908172 0.0777431484733403
0.145634064693057 0.220703817996086 0.114447685566911 0.0929092791401765
0.226846669248727 0.123510476649561 0.152014200657436 0.031924085039461
0.244623958732885 0.044394699651637 0.155113603003537 0.00501545140143313
0.251913439183597 0.0137546918268622 0.145300573097682 -0.0129587099085178
0.245572835414886 0.0170100120272848 0.13398008080883 -0.0140983037932246
0.249964305193695 0.0507872151882535 0.108051981506425 -0.00628885416496189
0.230901191247433 0.134257485245019 0.0878986315193835 0.0198697112923294
0.126823567537734 0.209591280392674 0.0554774772158443 0.0142394931993716
-0.00171528421243371 0.248294169927749 0.0252444725973273 -0.0134530353078467
-0.149359324014737 0.23718425545794 0.0212141015324952 -0.0608186778686333
-0.230812689907591 0.147683063659147 0.0963457021089965 -0.128416981741788
-0.185572800859746 0.0767122722391982 0.342153439682223 0.0101051797105047
-0.140455605716661 0.130149326720148 0.173945697859365 -0.0809540688111451
-0.0761700713043124 0.149466122873297 0.0596325254497493 -0.00696076849874538
0.00105476149969854 0.162477660201187 0.0311907040676728 0.0858403603609887
0.091606521508791 0.1432730532596 0.140470206040313 0.12635341080481
0.152770464615132 0.0849734135364231 0.214424553066147 0.0660055573501059
0.172413044797387 0.0323415109345486 0.240084687582799 0.0199323836591705
0.178187106117557 0.0154251408322954 0.228677226716542 -0.00819717952868115
0.170431858110163 0.0205077553562572 0.205035872368936 -0.00560690235794817
0.159573052620385 0.0507527944317007 0.152375522673823 0.0112614861884605
0.128858666479084 0.107999728658372 0.107319512466249 0.040114856209185
0.0426100917613411 0.136909116095985 0.0486229890792363 0.0320027232966071
-0.0240985833531062 0.122549598421874 0.0262586961340518 -0.0267585774975451
-0.0848922516880181 0.130546560956596 0.04994501297696 -0.0813004492841687
-0.132208449525666 0.100705245794444 0.170754762562624 -0.149324014146812
-0.0477700266049502 0.0519094378748739 0.385881927296975 -0.0272078629252646
-0.0179693372291262 0.052081209730537 0.205044871688702 -0.104401042593531
-0.0063806085607466 0.0291155584147744 0.0699287942656813 -0.0369535859736172
-0.0121549117106768 0.0407026592140895 0.0280835101118399 0.0775647720651259
0.0192413203026332 0.0499586941022763 0.147142530886321 0.134813289838424
0.0526417772539269 0.0378681321995756 0.245352600834527 0.0825059735886574
0.0737751156728291 0.0189191990010102 0.288986472605502 0.0264692174441837
0.0784495036447778 0.0139590484665635 0.278193248860292 -0.00238085684444878
0.0749566110642193 0.0174718673760969 0.244510384085187 0.00947668985881277
0.0579178442053502 0.0377550606640231 0.170142067128849 0.0350890706067523
0.031412284112912 0.064634155719948 0.102932850186972 0.0606875479784182
-0.0193312436064348 0.0536864528767236 0.0284301897137061 0.0441602604508645
-0.0212510346576838 0.00755641678618999 0.0229372899320832 -0.0347333702326925
-0.0061797315608638 0.0348972478726083 0.0719042329904648 -0.0857355649203493
-0.0209908529599871 0.0539122654477326 0.2145049946536 -0.15016573510733
-0.0686777341091995 -0.00547161910950389 -0.236477676921813 0.175106657634262
-0.0651087891038274 0.0315850848184981 -0.0799382921887738 0.129611526000632
-0.0123422147726625 0.062202193187159 -0.00735610367914293 0.0608804687054004
0.0376547298861301 0.0293354896509014 0.0155056777342483 -0.0410840112902754
0.0408488281159924 0.00428526350132738 -0.0761290692752589 -0.0780958824893987
0.0284136300635485 -0.00820179475464861 -0.165957128794502 -0.0554557636963469
0.0206674111492747 -0.00992387209178339 -0.238791442634221 -0.0123547831192715
0.0331174015297813 -0.0115893623379435 -0.275965922236439 0.0195032450617113
0.042064775543139 -0.00811585825825209 -0.281050831208776 0.0101526005683608
0.0629639165073488 -0.00646697642944767 -0.238464049439743 -0.0342077687737061
0.072665231398407 0.0156185121555641 -0.165065648970127 -0.0815806257198218
0.0559803162640795 0.0673779963955696 -0.0601385581020339 -0.0616868394249894
-0.0168347059670622 0.11744463248151 -0.080780851891759 0.0449034249656555
-0.0959639675027667 0.0637962155051332 -0.18200991633834 0.0844115647131868
-0.0985010489632489 0.00524649265585379 -0.345101557112328 0.0463526330813418
-0.169696723722305 0.0290110060920603 -0.203658095834973 0.160449376068895
-0.137725516200029 0.0809130190227888 -0.0964158311903354 0.112032228718295
-0.0581622003006392 0.126255268565266 -0.0122346156727866 0.077916616999405
0.0403898247799987 0.108899613424938 0.0288971387046831 -0.0269562014674032
0.0966886920141978 0.0703931283189775 -0.0466283413504233 -0.080563550090272
0.113904219858684 0.0241386833511363 -0.139986817638775 -0.072703196443129
0.116250535868719 -0.00380894493814462 -0.211297201536035 -0.0235989925556521
0.137960790235646 -0.0179955483944432 -0.242370464240106 0.0103867021899987
0.149954546577946 -0.00835059330981019 -0.241619347092326 0.0109024908984787
0.174609815328309 0.0125573411613523 -0.201078901947176 -0.0195238684991448
0.176162528267473 0.0732245216190331 -0.136660537911761 -0.0529429676830579
0.119504033060665 0.163399669449346 -0.0394330175402056 -0.0413843416205753
-0.0131161146989883 0.245921159938295 -0.0630827762192377 0.0626226245305778
-0.170256377628287 0.189275391854022 -0.161592247167957 0.0944505931183051
-0.213121576200118 0.0800902081775711 -0.30421963857576 0.0429640792487327
-0.258367201996491 0.0578157671996983 -0.130805304344447 0.138970468624511
-0.210224312886432 0.127215277149185 -0.0903222040873074 0.0839248989905802
-0.112259612746056 0.190233087675615 -0.0167420211163734 0.0841152173634302
0.0319308757047566 0.193619714655092 0.0325383489821356 -0.0048375101774158
0.142578189223872 0.144076604251399 -0.0117996270747643 -0.0623383731710132
0.190641602428047 0.0634432044542529 -0.0905353246755439 -0.0730064200329848
0.200228829087888 0.00702941777719993 -0.150837061737571 -0.030094162802935
0.223555336748159 -0.0208690995942665 -0.172883827082052 -0.00043203711351974
0.232681116550941 -0.0133802932311185 -0.166899134698339 0.00616678414407441
0.263277378636607 0.0171595795704481 -0.135060930011658 -0.0103259513089089
0.267088328714344 0.105387003999187 -0.0874977521743263 -0.0273725507214019
0.187759974433347 0.227877060717415 -0.0134563783218602 -0.0260547600151013
0.0172621892579196 0.3403508871531 -0.0347254398845889 0.0602402178732662
-0.201455111187767 0.295144261182806 -0.119286173056485 0.0784501163066216
-0.286980729095502 0.150185525618459 -0.224785844169187 0.0163693965269952
-0.317379909232344 0.0812209927046192 -0.0200049803508993 0.110546273552055
-0.265318761415311 0.171425472087456 -0.0488167309161388 0.0430679564214204
-0.154947439234146 0.24956579644713 -0.0102532555757073 0.0733786813208301
0.0259235723222251 0.269170734224629 0.0310747322661944 0.0222140459405447
0.176337420708958 0.206829194158034 0.0292297099644624 -0.0229467123808386
0.246005157010667 0.0971836252601435 -0.0199756035594291 -0.0545062425859424
0.257197101480695 0.018028257062356 -0.0610998659706479 -0.0272673847899875
0.27462890574041 -0.0198643508941934 -0.0742557589806781 -0.00999996829864552
0.27913269461536 -0.0157182587140111 -0.0689464959544004 -0.00512472883015786
0.311119050399219 0.0161303499330401 -0.0511998419037387 -0.0113950294751444
0.319249828176923 0.116577140382273 -0.0229374220458526 -0.010834679814235
0.227109208343076 0.252602047122815 0.0163038195503275 -0.0151034347026252
0.0463257156007147 0.374862660513882 -0.00719651118055757 0.0385910933359367
-0.194249974666161 0.347209025104778 -0.0683110187986484 0.035846762363898
-0.309182367641641 0.1926680421465 -0.121720766915718 -0.0304346493239613
-0.327628231775431 0.0974851686554905 0.113038056662611 0.0736688190633227
-0.275965539083522 0.197266278325191 0.0226894596062882 -0.00573299043072915
-0.163568980915203 0.276773481405004 0.00952336905447261 0.04782056717942
0.0240372431279519 0.299774901500526 0.0305241461090415 0.0505268638284473
0.186088121022625 0.232097506449722 0.0758137413509395 0.030412109802921
0.263313018292172 0.11241751214645 0.066887261772068 -0.0198414459695979
0.273471288561027 0.0235267195537291 0.0464874092668014 -0.0183682354850316
0.283330342652464 -0.0149704139547434 0.0363198179248427 -0.0188856856514033
0.281663399327361 -0.013663626656879 0.0359369465246625 -0.0181611890978368
0.304293078483414 0.0190515369555969 0.0347868996146936 -0.0164772826556854
0.307542729069921 0.115031065245385 0.0422288227707485 -0.000632950975250578
0.210954053790903 0.237149491331125 0.0423948952067298 -0.00494787610547628
0.0473446672569112 0.336425203074708 0.011599616911198 0.00938064667243561
-0.166126752094619 0.326144995500503 -0.022904039308191 -0.0177071749770072
-0.281957506698026 0.196139271249026 -0.0123942768569325 -0.0855134596183749
-0.277351855137061 0.102043640922068 0.240197599214523 0.0292248249650795
-0.225743269699733 0.188481316004029 0.100294318970042 -0.053663969491954
-0.127340038483734 0.244437548190904 0.0360397490241245 0.01784402348611
0.0223444706693037 0.258857362163356 0.0343494156781639 0.0739364614957613
0.160664651435386 0.203726761967119 0.119249369256887 0.0802302356761211
0.230849615597761 0.100813801485459 0.150917078897216 0.0175181378126587
0.243118495876032 0.0220238963242529 0.1522569172963 -0.00772497086070174
0.247598803563996 -0.00794751591953346 0.141593210936531 -0.0250335704472542
0.241434132999568 -0.00430917400016053 0.130303980617901 -0.0258675321134319
0.248866985268723 0.0282721549050783 0.104414549274429 -0.0151695149890115
0.23659260740421 0.10943034766953 0.0891607601251542 0.0111011007336892
0.14060827750125 0.19394680685872 0.0548397355223776 0.0091742276630572
0.0175372061990155 0.24122658156504 0.0206347416266579 -0.0135425739052079
-0.12564865609153 0.242952444405168 0.013485743026524 -0.0603321192846328
-0.215142719635349 0.161439277195909 0.0841950122179711 -0.131753004139078
-0.175270229175131 0.088610056495585 0.334340290067136 -0.0170045234788983
-0.127350643973362 0.137007231656078 0.161897644367507 -0.0910443772862855
-0.0633137245090481 0.150724692734662 0.0573105972135233 -0.0117634397335981
0.0138066067219592 0.158973493301778 0.0377948416277262 0.0818012963177954
0.101322072187532 0.13241328149686 0.146700032437661 0.110803449012066
0.156916289367958 0.0695449037383563 0.214186544709898 0.0461001472157019
0.171754657828911 0.0166520589251572 0.237561607654869 -0.000771344538223366
0.175932801384755 -0.000536517126586858 0.224528395136337 -0.0273986966818281
0.167784173878603 0.0066740012960101 0.200582509735358 -0.0233196000389483
0.160735261421918 0.0367320489401403 0.14924874233024 -0.00103731757458321
0.136262775278399 0.0936103663134566 0.108700287391381 0.0291811271173683
0.0527437424346181 0.13029530045169 0.0502595784737729 0.0267771709708602
-0.0148735887676839 0.120845299694647 0.0213283418153187 -0.0270909720741958
-0.0721504722147048 0.133874086820728 0.0415903591898279 -0.0823427427759076
-0.122519558137042 0.107684790794233 0.156489032913759 -0.157621865727657
-0.0435959304733728 0.0529994840635959 0.376138187150949 -0.0573812634947249
-0.0143854370579486 0.0513791432489386 0.192844471414801 -0.116438059452243
-0.00398660623107706 0.0284580052896912 0.0647069097921056 -0.041490361855802
-0.00890580972196281 0.0411190544144404 0.034381341519207 0.0742397146030808
0.0231869023008853 0.0470998063501399 0.154537219166367 0.118628755485149
0.0549086073560265 0.0318522479953909 0.245980242490109 0.0600735155687672
0.0739225465051036 0.0119072159428209 0.285461340840156 0.00212397001537896
0.0779390281857483 0.00652904324825122 0.272470037734359 -0.0260741957657834
0.0745267728921894 0.011676828609926 0.24017036703082 -0.0122730879919705
0.059706837159766 0.0327622817117896 0.168670587900187 0.0212074370943535
0.0366684339578176 0.0605439959530842 0.105226927749225 0.0507992357324934
-0.0140878195737399 0.0541306064910702 0.0317393760045524 0.0410207395508292
-0.0210247524106151 0.00876819094647137 0.0177204690316037 -0.0353523414317197
-0.00269978207669945 0.0347292962877217 0.062971185762342 -0.0885127966218816
-0.0165261443811363 0.0533647739107871 0.199322691519514 -0.16259062895616
-0.064588109122335 -0.00158096463456077 -0.219820161392682 0.175206816711844
-0.0597455871902476 0.0325886924583566 -0.0724817608324735 0.125194534559133
-0.00942319240052223 0.0596735293915776 -0.00365690617639417 0.057358196523106
0.0365138878498268 0.0255111008033552 0.0124778903660837 -0.0395917443288012
0.0391203096657858 0.0020739103617502 -0.0743958813015841 -0.0705656934972153
0.0259922660966737 -0.00851427989625496 -0.16048810992768 -0.0450399507906942
0.0189293586160066 -0.00942171327907721 -0.228492478556243 -0.00141133188776079
0.0306818202234273 -0.0123170571976445 -0.262850538136648 0.0307040412907691
0.0403804061825194 -0.00945816705551017 -0.266964673243373 0.0225000367808974
0.059880428854081 -0.00942608597708684 -0.228673777067347 -0.023063693535185
0.0688854830542718 0.0116135422722402 -0.159587565738852 -0.0706799928775269
0.055512486787512 0.0614115371066293 -0.0599306206971414 -0.0564359311635462
-0.0104916436641013 0.112542087937623 -0.074851928076031 0.0457107413970305
-0.0887756559237544 0.0642087038486572 -0.170324171920594 0.0860520109350929
-0.0933922582564957 0.00862642538085271 -0.328598245728456 0.057344853179897
-0.159060821770457 0.0355243580831011 -0.189439892031356 0.160108094643064
-0.126627843617385 0.0821486916645305 -0.0898330860449264 0.109754419141996
-0.0502874275354138 0.121734789837221 -0.00728882534012398 0.0734588334656247
0.0418905051523948 0.10046251432045 0.0259005776255623 -0.026509311223277
0.095249160789117 0.061425803506442 -0.0467935400077652 -0.074316166453852
0.109003945965179 0.0180929873895712 -0.136601140029911 -0.0628624250541202
0.109990512303998 -0.00887692928058325 -0.20268643720254 -0.0134618070800632
0.131198884402594 -0.0232836879280674 -0.230795943943618 0.0208627591549011
0.14295566497245 -0.0151487502392195 -0.22950725048699 0.0214460928031099
0.167078726747844 0.00365919907752347 -0.192443057065981 -0.0102014088660186
0.169906202711821 0.0618965806880756 -0.131120219475511 -0.0446771988123717
0.119628319928808 0.150428968390775 -0.0404883373101468 -0.0380087104755222
-0.00213865747412066 0.23422769012232 -0.0585879052720668 0.0627121689912027
-0.153889272938088 0.186112734228564 -0.151230689760568 0.0947308141370755
-0.200932894331166 0.0846824425987553 -0.289712940925205 0.0530412605796306
-0.24154421359186 0.0662412428866044 -0.121516067849821 0.138136574129091
-0.193578711327662 0.129196264841984 -0.0856793312873019 0.0833993315863775
-0.0984724875141797 0.183710157403554 -0.011765610574008 0.0797284550082751
0.0382934091285043 0.181393971401253 0.0297038554438353 -0.00575350204014464
0.142088048066428 0.128963117558831 -0.0135392044505344 -0.0590554874822781
0.183742546453458 0.0513571653842214 -0.090234909803093 -0.0663001456616163
0.190788131417417 -0.00245571490395087 -0.145272382334027 -0.0214237749731911
0.212152755024963 -0.0302867026427577 -0.165082507953831 0.00763900770267472
0.222295432810943 -0.0236856678779311 -0.159393093421092 0.0133611604063882
0.251909072654067 0.00465992231078153 -0.129382218384796 -0.00439425795640981
0.258386631257822 0.0880671363772464 -0.0830940935796304 -0.0233411626469423
0.186897901829546 0.208102043377429 -0.0147971469948325 -0.0247914516942251
0.0313098451051187 0.32203858323173 -0.0326149690771369 0.0595736399205344
-0.178580811751878 0.288294440722465 -0.112110113814794 0.0789286926129835
-0.268824483024386 0.154051816675626 -0.214599411110277 0.0259152937597713
-0.296685154623346 0.0898522012778831 -0.0172679578901489 0.106639559519806
-0.244306472412706 0.172585675785637 -0.0482903221058985 0.0439952900879088
-0.136698448012402 0.242101371927202 -0.00642306859159814 0.0694222652213666
0.0356218846484622 0.25415758040081 0.0295176906527541 0.0196349383769801
0.1770751539452 0.187821358900943 0.0270391964909163 -0.0234150058876395
0.237614585454512 0.0803937273778495 -0.0220699345301351 -0.0519982455994172
0.245330071273032 0.0051246956715019 -0.0590836419467739 -0.0228909251497564
0.261055557127974 -0.0315310495330245 -0.0711146289137378 -0.00606786344715357
0.26649556608833 -0.0279749871992628 -0.066175643685588 -0.00169326161145286
0.297369384634929 0.00117769099126962 -0.0495355115868462 -0.00928772481657727
0.308050372917858 0.0951308357201708 -0.020786223775619 -0.0106842302658727
0.226577571110615 0.229921403108241 0.01426182362452 -0.0155544548230865
0.0595521308562599 0.353747362394357 -0.00799613758519825 0.0375913245683383
-0.16978710195589 0.337777305342913 -0.0666127081034123 0.0366293205918747
-0.288640440031108 0.195183151280319 -0.117730361641678 -0.0222002904529902
-0.306379428560811 0.105799374569268 0.108396342602568 0.0657697016836078
-0.253999210880964 0.197803570435388 0.0179279077347628 -0.00507984238184269
-0.145286887732597 0.268330261038357 0.0110520164945695 0.0444091861254205
0.0352185189012208 0.283620897598966 0.0307065880173153 0.0472909784608824
0.187422245071406 0.212489270566488 0.0734832777993421 0.0245396755380106
0.255180129854712 0.0941160281690512 0.0618820624794454 -0.0232338160203746
0.261521065785345 0.00931055844926702 0.0434470050599457 -0.0195732385658922
0.26939386115647 -0.0277474483897119 0.0343609350925273 -0.0195556907947468
0.268247752104016 -0.0255155679781856 0.0333593168526771 -0.0189054055082261
0.291445206751346 0.00377558386674819 0.0317025540907447 -0.0178060043259596
0.297671831431523 0.0942485654737357 0.0412305803187154 -0.00424599568658608
0.210296418364924 0.215929171487468 0.0392686381455767 -0.00677227006182915
0.0586896522246925 0.317580867697222 0.00895729018333621 0.0100213393502294
-0.143669472065316 0.315566638498128 -0.0242409824798856 -0.0154124012576336
-0.26234913194698 0.197750662574924 -0.0150220176807517 -0.0793077314691505
-0.259591774757331 0.108241650791317 0.228756461473262 0.0181735520849662
-0.207293243439569 0.187644138430665 0.0915534968193946 -0.0530581531138468
-0.112011441640198 0.23588557958086 0.0341742513978585 0.0152271794532765
0.0328503001358591 0.245559971714943 0.0350934970279216 0.0690813481042087
0.162224658958054 0.185728990910125 0.11586424150598 0.069967696373126
0.224446443189275 0.0846658075725552 0.143539610785105 0.00896331035526227
0.232208262234896 0.00925033109909161 0.145359857650629 -0.0143834695941388
0.236174226334371 -0.0199871896989678 0.134487186653019 -0.0302658351802943
0.230501102443852 -0.0148908839107935 0.122496254170984 -0.0305828122276846
0.238453383275069 0.0160252872179156 0.0978570633254818 -0.0192983130377184
0.230255319052859 0.0917910391114655 0.0861970574829634 0.00515121797762031
0.141961464978454 0.177730998169629 0.0524408117347492 0.00568037856542752
0.0263497599527583 0.228045699499138 0.0164174095636037 -0.0125322526541903
-0.108491635968025 0.235233914062704 0.00925668890618222 -0.0568776479354643
-0.200053489889081 0.161951745001708 0.0753120136875328 -0.127411524648105
-0.163292771881673 0.0909601609637458 0.318072668096728 -0.0297428882792338
-0.116278136662587 0.13455736489527 0.14945054438295 -0.0914298580183424
-0.0545459282692482 0.14513067769056 0.0542712094936838 -0.0136569579708268
0.019709595889736 0.15123451357518 0.039193824101156 0.0769615229093624
0.102327860545263 0.121619049078817 0.143687364800379 0.0985295238953838
0.152194292514889 0.0587515460947353 0.205872065872227 0.0333215557874642
0.163843163690497 0.00773922525440398 0.226298363720626 -0.0114969716983849
0.167594451151752 -0.00856336229920135 0.213540463655703 -0.0361493138236347
0.160527018649145 -0.00166540947929446 0.190529913121722 -0.031501491616445
0.154300345038188 0.0280561642112982 0.141405564629061 -0.00753604121404904
0.133425440392269 0.0814911119414872 0.105028920928567 0.021844980632697
0.0559605108132462 0.121431959940078 0.0490016861655451 0.0234729317122019
-0.0101249353403164 0.115099124759063 0.0165625797511403 -0.0258384241812345
-0.0621981578158886 0.12891742511293 0.0353929188904858 -0.0785013571830395
-0.113450538415374 0.106551746515109 0.143954029010635 -0.155170070098066
-0.0395933531793554 0.0512698699710612 0.356411491738573 -0.0700589764101604
-0.0124187966293902 0.0486687888817561 0.179757943729374 -0.117329370862343
-0.00386161096076466 0.0265964841459681 0.0600783349270087 -0.042161124270636
-0.00658764187060395 0.039859893483472 0.0361690435149036 0.0696105538180408
0.0238981368405881 0.0440744678578524 0.150663721246833 0.106434061077958
0.0540556470557883 0.0271226616863229 0.237438287822032 0.0457532490729993
0.0709233126731165 0.00682186455050389 0.272303645902194 -0.0115127494747327
0.0746489549410836 0.00239262546607088 0.259755089656007 -0.0368990617792912
0.0714483901309525 0.00787796998430319 0.228795865307816 -0.0228811020483418
0.0587290095087199 0.0292660159028383 0.161016633200912 0.0130920384888557
0.038366220506704 0.0544756623236495 0.102269512495916 0.0428230069815581
-0.0104663420476924 0.0522421340848381 0.0324059324357279 0.0371109736044491
-0.0201376730133093 0.00933793393270672 0.0139466572989599 -0.0335406562403873
-0.00128227403920693 0.0328162499991581 0.0570681757738661 -0.0854536754560049
-0.014212598028013 0.0505957240658111 0.184771753538428 -0.16198152770621
-0.0618365336279069 -0.00126419956121998 -0.214571407781079 0.169666532880832
-0.0564899221544264 0.0318122900887156 -0.0725152244061697 0.119325688793166
-0.00910430226694003 0.0571862366900145 -0.00318686881734903 0.0548600509567595
0.0348644850509663 0.024138819520294 0.0115324637598116 -0.0382483287416532
0.0377466204491269 0.0012550972095649 -0.0710883442110391 -0.0670908490526654
0.025190611605181 -0.00742735976489786 -0.154496827619788 -0.0419847337442366
0.0183462793605529 -0.00871611417278933 -0.220813251291826 0.000437886005028263
0.0302226918247314 -0.012375532900514 -0.254198145257108 0.0307475933405585
0.0400917202747731 -0.00968272945559485 -0.257585001048651 0.0220468349635092
0.0578589808139754 -0.0102304270546534 -0.220248671438854 -0.0220171771660071
0.0654884531396677 0.010652295051487 -0.153775060571887 -0.0672874748431944
0.053312118688598 0.0590561115471874 -0.0591151125681021 -0.0542874678899155
-0.00946306632330973 0.107226881739525 -0.0723799441919041 0.0443956456191433
-0.0844410488532292 0.0618944067734381 -0.165346623462045 0.0807282363864344
-0.0904661432694064 0.00931113530798545 -0.318632071644655 0.0547739852834577
-0.152282795638357 0.0343337972910402 -0.185028108272909 0.155800276749724
-0.120806742699458 0.0790835662081619 -0.0889261011358946 0.105179482430093
-0.0479940077958649 0.116501668366277 -0.00693392761041675 0.0699103811479764
0.0408961931451812 0.0956371014090889 0.0239609356360839 -0.0255912417027502
0.0917710152432791 0.0576355596314732 -0.044406506484899 -0.071046586551155
0.104528203070219 0.0172739780940768 -0.132286895168899 -0.0595047241066963
0.106154730925617 -0.0079691736903097 -0.195784287981541 -0.0116279131005085
0.12635098921286 -0.0234027652278244 -0.223980715232746 0.0213062743007774
0.138938964786129 -0.0157826751066024 -0.22192224455962 0.0219150487303098
0.161629586537019 0.00213426292276463 -0.186025777613532 -0.0101716444412161
0.163444411889704 0.0583885129715628 -0.125924193493907 -0.0431887375841665
0.114839259543069 0.144629374094965 -0.0399399943967522 -0.0365921609273075
-0.00204926252162424 0.224769809860216 -0.0571605307191117 0.0612192807413551
-0.147803452900234 0.179084201385296 -0.147010599469354 0.0904122709019268
-0.195751717109724 0.0817567706572353 -0.281104740637979 0.051927337435726
-0.231275131495256 0.064076713184622 -0.119537815524578 0.133146158863907
-0.185050358334495 0.123845693922462 -0.0857755769912803 0.0811501222677863
-0.0949769774486751 0.175611316433643 -0.0110869578255638 0.0761960445941654
0.0374696394944809 0.173898219830385 0.028022534107533 -0.00508223436116598
0.137234703371567 0.122119640568346 -0.0128028238943786 -0.057069831309949
0.176174525605805 0.0478727392058516 -0.0883569331282406 -0.063901777700239
0.183388865595676 -0.00320015249829202 -0.139755091634067 -0.0200627618595266
0.205015755766871 -0.0307472741814187 -0.159290792446258 0.00886091799716258
0.215238378243816 -0.0250279145448522 -0.153975021979256 0.0135412920721089
0.243942983431828 0.00173304713593189 -0.126197936753853 -0.00415974924602841
0.248839629249545 0.0826428676821731 -0.0789879185249407 -0.0235356515134396
0.180501123459241 0.20014634862103 -0.0152751551811595 -0.0240914310199018
0.0299054584717258 0.309650012446299 -0.0332335168050161 0.0580981537607126
-0.170328664724453 0.277265244997796 -0.110418899127984 0.0757183849318519
-0.261198268895561 0.148901967450651 -0.208125075537413 0.0268327225923061
-0.284679214343496 0.0877134923101834 -0.018767570843539 0.103354571546648
-0.234014702414434 0.166291177785839 -0.0496161869640235 0.0438084115108006
-0.132320012909323 0.232896176750439 -0.00575032452544251 0.0656621489922295
0.0350450434833064 0.244639478397873 0.027787367606183 0.0193942539184426
0.171498841481821 0.178466977979211 0.0257776267568173 -0.0235849225005651
0.228449317069678 0.0757847866589854 -0.0226465473493347 -0.0506708922018235
0.236386751233008 0.00262681776279634 -0.057414179305728 -0.0217839252173397
0.252220560719113 -0.0329517285362058 -0.0688373114759572 -0.00552062159075243
0.257636609308615 -0.0286873293782359 -0.0642345649425751 -0.00184651023130342
0.287847604457895 -0.00172637503516289 -0.0490988960703013 -0.00919545059402219
0.297890196181155 0.0893265299223641 -0.0186986193180631 -0.0118336978457956
0.218244363303413 0.219968848918967 0.0130782305060133 -0.0160443248095013
0.057124771513879 0.339879819728119 -0.00970343645260643 0.0380722618549161
-0.16256584353118 0.324439975398329 -0.0655981040894274 0.0363604608927478
-0.280279667271246 0.188918005359921 -0.114329219695963 -0.0194305571758325
-0.293663158063181 0.102355817538452 0.102776537477656 0.0633769069005301
-0.24363789753738 0.190275093579465 0.014542234068791 -0.00271126977567285
-0.139774025428226 0.258229325467078 0.0111197736898601 0.0415915808171269
0.0347237342612458 0.274009107956692 0.0287873115702474 0.0456696790906989
0.181957946638021 0.20203935224504 0.0698178413120307 0.0225920027922375
0.245335779050813 0.0876128483863992 0.0579999455375587 -0.0237083471295212
0.251693289593425 0.00727919183906372 0.0419649955490581 -0.0188956039721986
0.260451912758043 -0.0296334069645554 0.0334111808268528 -0.0197812924712972
0.259630612711945 -0.0265199668381684 0.0322767281496344 -0.0190242526309052
0.281925795963319 0.00161790953855654 0.0294306252004366 -0.0170826251430317
0.28737614741115 0.0874119891339945 0.0411726177081844 -0.00606870119082612
0.203551221176815 0.206567322519345 0.0376721647830272 -0.00700034991650104
0.0554162118671668 0.304541931578661 0.00651488265958178 0.0115517570951216
-0.137281918971575 0.303552256721964 -0.025275169838693 -0.0131685013424124
-0.254702051805014 0.190162314834976 -0.0144630693221782 -0.0739981733877351
-0.248844768151726 0.103959214031606 0.21946631172058 0.0172358182123286
-0.200204671731161 0.180100968603576 0.0864201506256553 -0.0498846315397685
-0.109356824586471 0.226753597187166 0.0335755921254817 0.0139867669007434
0.0317962151398134 0.237321385040318 0.0330266157810509 0.0670007429157011
0.157055977369962 0.178234602697297 0.111573492094899 0.0666465458681301
0.21638997361018 0.0792119267661773 0.137172413745179 0.00641624249621167
0.223948737180708 0.00747295916490143 0.140398659523665 -0.0152692934093505
0.227836920595654 -0.0208402623411752 0.130393105420958 -0.0302137916562166
0.222470507229269 -0.0162136001321318 0.118603389361373 -0.030634478048498
0.230792426240473 0.0132259739203169 0.0937231616720857 -0.0187140623048696
0.222229510697566 0.0855241212940938 0.0838152119304174 0.00307178529509615
0.136992075430097 0.170298352622681 0.0503298488391487 0.00498432574864423
0.0245761194895247 0.218808262389838 0.0135938932989122 -0.0106064915549074
-0.103092721155819 0.225892697472611 0.0074057851916684 -0.0532131081503771
-0.19404387260659 0.155058257425578 0.0733094566528344 -0.121563381883813
-0.157708232928325 0.0865701283127533 0.306346498623829 -0.0289751188483593
-0.112345530383307 0.129079213364488 0.14398646082121 -0.086680916191981
-0.0544982210214907 0.139446214660955 0.0528167912917414 -0.0137643509799701
0.0192510369835233 0.146774421744525 0.037669272711591 0.0743290001359956
0.0990012558175662 0.116962185328648 0.138085990224881 0.0939037325024268
0.146650541715247 0.0547359632461264 0.197305847649946 0.0294570171169219
0.158603436880843 0.00548631890900985 0.218448915919352 -0.0133492125409292
0.161746437214283 -0.0101492101777323 0.206606643523815 -0.0373097039945539
0.155649218096859 -0.00231750583040472 0.183371391359504 -0.0323258352011109
0.149806033293436 0.0258758909310996 0.135883708515578 -0.00758187897640951
0.128557271364625 0.0766955969310583 0.101637661702449 0.0199081339768853
0.054364650492673 0.116463754371196 0.0470692546022688 0.0219892217497432
-0.010349259083028 0.1105248188258 0.0147932514032953 -0.0232845515447867
-0.0600211693458306 0.123828574526195 0.0334957361101101 -0.0741436029108481
-0.110061171534646 0.1019408412424 0.139859629374343 -0.149268757565366
-0.0388899984241281 0.0486203071788851 0.344323822773604 -0.0683753066873718
-0.0125097993538672 0.0467129786172361 0.174629381676052 -0.112593799273943
-0.00445869784015788 0.0247905193624364 0.0581833565889061 -0.0404104891311557
-0.00634352165847006 0.0393338565304615 0.0351827730552008 0.0672613239380027
0.0233387896304135 0.0427282207203221 0.144980247232464 0.101786288724762
0.0521192715282214 0.0249630193974971 0.228468251935253 0.0419017794902582
0.0685341389070961 0.00568865031342617 0.262291639842759 -0.0134395093340432
0.0722012231511595 0.00138065067022792 0.251275840078846 -0.0385837117337483
0.0687616871465113 0.00728704121858698 0.221209106210037 -0.0236579040806592
0.0573022260506236 0.0282597213199246 0.155682302206431 0.0123480955288083
0.0374992701160127 0.0516536857679719 0.0981852550761763 0.0408702541682853
-0.00970730328116161 0.0505661044213153 0.0313633244374971 0.0354645470523391
-0.0205327696174062 0.00946650425673256 0.0120203389592901 -0.0318228589387238
-0.00134294495257859 0.0312816264826793 0.0550968014154437 -0.0808273998190644
-0.014053758727242 0.047549756377637 0.180082547321961 -0.156030585193089
-0.0583173172062103 -0.00969645052062418 -0.235221593859639 0.135504751101739
-0.0593518680742293 0.0220669207819409 -0.0904150858734866 0.105466281782908
-0.0164991161962119 0.0546047439235344 -0.013233409245986 0.0508851467189217
0.0298241646004276 0.0289289755977982 0.0143355070369846 -0.0359792975052746
0.0363344726588834 0.00627434890722855 -0.060942731935779 -0.0746188545171302
0.0259595893603845 -0.00195186176499709 -0.147966066219622 -0.0621466286815598
0.0186777191309461 -0.00369790101626479 -0.219548750388214 -0.0284441509738963
0.0302703552791089 -0.00612465157329196 -0.255491946553847 -0.00814707924782331
0.0390948922054401 -0.00158491214688853 -0.258519331013619 -0.0176678406643877
0.0560875399914507 0.000328591343368699 -0.213825281587754 -0.0575000730809778
0.0595485112986683 0.0221011081315509 -0.141418564626745 -0.0920033847873294
0.0408387143852429 0.0670638590990727 -0.0510653424456999 -0.0649643847583266
-0.0253923067142297 0.104866610178258 -0.0763751364637471 0.0315105374012889
-0.0915080561172335 0.0486760763240497 -0.17422674000028 0.0526394908161294
-0.0903932461505863 -0.00127278461902341 -0.326899865179276 0.00123005660195036
-0.151574892433583 0.0129906569440617 -0.20326220699638 0.117380703657059
-0.128946472294698 0.0580295664960063 -0.105304309851321 0.0849404770627743
-0.0636848022550842 0.106175461216587 -0.0205506880895349 0.0610972410220339
0.0241034268137443 0.099336610221014 0.0229126322125277 -0.0243393656507521
0.0792669446007197 0.0691727609037744 -0.0376295297887901 -0.0766731917672399
0.0997394450033506 0.0331937948031397 -0.127205561597639 -0.0744785870356992
0.105223527563848 0.00954177864017391 -0.195239919669217 -0.0371688871876579
0.127370512664746 -0.00268085950804666 -0.224039958500409 -0.0123604044674669
0.137007640186808 0.00752854222626016 -0.223145267419166 -0.013599884925588
0.155617380510357 0.0279511329005999 -0.181861341569542 -0.0423635340624668
0.146784317737567 0.0835884729076325 -0.116635974937273 -0.0661176134977076
0.0877814042238539 0.160480197326344 -0.0349410632715038 -0.0460189172332309
-0.0358230776774902 0.21988730047817 -0.0633874631832088 0.0499262579048637
-0.171763824961899 0.151690843221032 -0.155301690422111 0.0661094468715062
-0.205670444915843 0.0520791438616591 -0.287725484161238 0.0056173208900507
-0.233824576201047 0.0322546308208787 -0.134028149047268 0.0989052711457908
-0.198143921768766 0.0923165960156107 -0.0992781173041499 0.0580127273622551
-0.118917840973563 0.156825294004917 -0.0266347650811114 0.0618832473602139
0.00776722705431819 0.174507783002256 0.0221063339766744 -0.00696812074894304
0.112699295285796 0.138851847765313 -0.0116784064775542 -0.0610307972994339
0.164490671012758 0.0735183078079532 -0.086897391228711 -0.072651880435563
0.180837327604029 0.0263525558317925 -0.140081491797469 -0.0386857069243617
0.205342795266886 0.00176408446627115 -0.15781450474093 -0.0152057607148522
0.213054305991123 0.0101774103300327 -0.154040295324426 -0.0114336334373472
0.236497890257446 0.0395849835959014 -0.123809322554147 -0.0289764904207904
0.227802892615878 0.119253113931908 -0.0732185519029843 -0.0407624432543985
0.142898758568016 0.225303917274642 -0.0127995659094075 -0.0311326568405136
-0.0186323039071223 0.307134376710113 -0.0382179576631074 0.0503623983588688
-0.209851187465428 0.243953808566475 -0.113777735722304 0.0584767367010991
-0.281999631631947 0.105266748955814 -0.209925518111935 -0.00649629273448754
-0.290098960048011 0.0477934011946845 -0.0293929519519103 0.078527586302397
-0.253094551670704 0.125775687231685 -0.0584579417706932 0.023217397566624
-0.163566680466098 0.206483234483921 -0.0219813142243685 0.0483730403269015
-0.00553595452803419 0.242641666597629 0.0162585961746713 0.0136682227113282
0.136408758056529 0.199469590019474 0.018750803265505 -0.0247537191012126
0.211179821791475 0.107863074071952 -0.0270841836773556 -0.0498900669900928
0.232759747062482 0.0397685527839178 -0.0587581559802934 -0.0302685757947568
0.253223396915804 0.0065200014636805 -0.0655861815076325 -0.0155238112787316
0.255644803950747 0.0118304716463351 -0.062839374776288 -0.0132877169593879
0.280721252042894 0.0415348837134609 -0.0479286372014465 -0.0220834302197193
0.274392238792688 0.131271097991507 -0.0154146653750127 -0.0216706671927086
0.177370280139149 0.250212192396783 0.0137722292008454 -0.01891303781091
0.0032177961670336 0.338920801538946 -0.0120894791893628 0.0337788468252652
-0.209721149116868 0.289703285171871 -0.0626781292947303 0.0262789929109159
-0.307875261628361 0.139124698619127 -0.106784051424254 -0.0360735401235295
-0.301158984529477 0.0604703224055109 0.0960807764026484 0.0541306192402529
-0.267096148044032 0.148634407758492 0.0118028602368683 -0.0154532571772203
-0.175917317179856 0.230777361762557 -0.00358631608240466 0.0256965560381341
-0.0108342785196166 0.271474465621011 0.0135457283097392 0.0386966344772963
0.142533588511257 0.2257170152078 0.0548044439595896 0.0252165641212478
0.225143567224253 0.122450466377701 0.0480741456693047 -0.0119575431277459
0.247567695698857 0.0450863090024055 0.0386881601142675 -0.01524978631944
0.261196090122457 0.0100830909345714 0.0371530159166752 -0.0139320326729516
0.256872660100654 0.0132238130819544 0.0348148886673675 -0.0162352027241501
0.274538401424186 0.0430434158968003 0.0303929738707116 -0.0181539412833806
0.264682507892454 0.127076664743102 0.0420959734907578 -0.00664755142351838
0.164797148041843 0.23405245066446 0.0368636387938989 -0.00643815003947609
0.00710702998653865 0.304662415120439 0.00720137624601947 0.0111452577498073
-0.182055979175507 0.272870484698111 -0.0153636934194504 -0.0155562339645146
-0.283153607678647 0.14381556778455 0.00187512131917205 -0.0742194765262866
-0.25910501699124 0.0683126038225802 0.217172891088258 0.0263089751051003
-0.223649405594651 0.145946166839341 0.0898178487388737 -0.0495162266433727
-0.141994053564249 0.204895244288278 0.0235764949928245 0.00401231454289672
-0.00790664553079247 0.235987045349246 0.0168082975902379 0.0615903266305861
0.121782636991144 0.198705347387003 0.0904201272738409 0.075069731548187
0.197742735742214 0.108971006220753 0.123750197379468 0.0285437220327467
0.220985089790118 0.0405070058702528 0.136015018470208 0.000608689264518093
0.228523829876243 0.0130207647521937 0.134315413361201 -0.0105084221642104
0.220133640123923 0.0173541926357185 0.122748735868224 -0.0147598755577536
0.22369495638303 0.0466876864689168 0.0946435444067084 -0.008425489647506
0.202162953779371 0.114859364794901 0.0830915018279458 0.0103884220222657
0.106430776223267 0.187489003919027 0.049355398653791 0.00936726647916906
-0.0103705591245905 0.215904159236808 0.0168056366596687 -0.00842770871137097
-0.136847542439071 0.202409141898802 0.0216538232404135 -0.0497576596374699
-0.217969289075594 0.117969978676955 0.0972713593721071 -0.107274235211924
-0.167150634076541 0.063239909924109 0.30790335053426 -0.00106250176036222
-0.130995363938527 0.109555958968374 0.15384977481172 -0.0734104841313177
-0.0756210656102757 0.1278357641704 0.0492068312560574 -0.0139214823087658
-0.00523975736674305 0.146469687479837 0.0230516779994792 0.072968772035153
0.0764722028590082 0.130883839860828 0.115433244934656 0.107525110502571
0.133553201809473 0.074198723588635 0.183411603505171 0.0590616161252707
0.156329559799054 0.028771195641725 0.214885004605853 0.0134086402494897
0.162419566328596 0.0144843737978729 0.210099597674322 -0.00554721901094448
0.152751467183904 0.0199736458282401 0.187486155197301 -0.00537666157772969
0.142948747602288 0.0471471994812881 0.135019174165611 0.0109061870900445
0.114110166909534 0.0922360762059124 0.0980333849667213 0.0318397239722564
0.0349296618477436 0.12232320844203 0.0437978797258482 0.0264901339678522
-0.0279461004136132 0.105579511811151 0.0181126209362996 -0.0200080865245802
-0.0785615173252116 0.109375179766006 0.0482204022006848 -0.0659632950166485
-0.126602735272106 0.0776134308407438 0.167154798917725 -0.124475642798699
-0.0467035921934978 0.0421566281429827 0.349462375678382 -0.0265823798249552
-0.020834462291084 0.044252330196245 0.189202491103659 -0.0891958732541427
-0.00952135654727885 0.0232830083607358 0.0625392450060986 -0.0333894556232987
-0.0127430039698819 0.0378737755080944 0.0255317071612451 0.0691561490276035
0.0148306123031696 0.0466738478917028 0.126195215489136 0.118276766414825
0.0457928025638565 0.0309797308683409 0.217269400195956 0.0735210031605258
0.0677130891446513 0.0143409166814975 0.261197848424158 0.0193987043746811
0.0718155208708 0.0115591212370882 0.254292562906271 -3.78256035703944E-05
0.0678368233643455 0.0160436929453411 0.222657867951251 0.0087651584445439
0.0528732411843771 0.0354683468313887 0.151515562310919 0.0352346731262783
0.0289342755213376 0.0546234934551126 0.0914459111429962 0.0540006900883042
-0.0166018844680571 0.0472956689302927 0.0260185899442198 0.0395495626337183
-0.0223551494286709 0.00580274247494911 0.0155535027603024 -0.0284742033548123
-0.00694306488761912 0.0283649213352666 0.0679547885241993 -0.0701121642813627
-0.0237372714482213 0.0399957404168628 0.207752520623824 -0.125837336170696
-0.0587781443875246 -0.00977655110592581 -0.242710811978374 0.139465086552537
-0.0595587186699771 0.0220283357527953 -0.0943306571164141 0.109030458501646
-0.0161990303351336 0.0559647201301429 -0.0135783953744967 0.0519572790931286
0.0303242315354593 0.0289739075135622 0.0147457236519053 -0.0365511313062089
0.0377436423906182 0.00533172589600131 -0.0610983023229377 -0.0757914390231043
0.0268723338091386 -0.00188196843238598 -0.151122839313132 -0.0609204096105731
0.0191211729441058 -0.00327085113794581 -0.225420701465488 -0.0264489403899566
0.0313052755226962 -0.00666069736886839 -0.263304407684412 -0.00642620024031782
0.0405633560480282 -0.00215657206485852 -0.265538959721437 -0.0161205191688406
0.0575836405279632 -0.000178812916359574 -0.219551502331783 -0.0583832526334042
0.0603897637706516 0.0220753272614716 -0.145151820733428 -0.093338275909746
0.0416491191738419 0.0686678357660106 -0.0530708056425343 -0.0662337095617227
-0.0258312155951668 0.106470872901842 -0.0781423408892859 0.0323341218184514
-0.0934649646873318 0.0495360148359514 -0.178983573833963 0.0527540169253104
-0.0930608729833153 -0.000599963752735246 -0.336698178766346 0.00195052331559197
-0.153630611036356 0.0134481570163143 -0.21001913432705 0.122321587387325
-0.130480956938326 0.0590660136770105 -0.110648285583603 0.0884011561689823
-0.0645230755576147 0.107538036058593 -0.0206375120394318 0.0628608264038661
0.0250783376678127 0.100608065247525 0.0229594102100893 -0.0245579911760454
0.0810811784055399 0.0689094291470375 -0.0380651034993178 -0.0775059125722178
0.101656975616363 0.0336649059876574 -0.13049743255048 -0.0753662897412336
0.107649670025766 0.00942003793375077 -0.1995661647376 -0.0361276748444533
0.13095463886077 -0.00335203577462708 -0.230011263509253 -0.0109039005276373
0.140842913148838 0.00685893417747415 -0.228986561409148 -0.01233942764024
0.159855630852991 0.0269959619077269 -0.187613576728703 -0.0431025885087892
0.150323625648943 0.0843959174457896 -0.118847856956128 -0.0675403419693031
0.0891289747732831 0.164299601552619 -0.0366835705649121 -0.0472980315915442
-0.0366483245477507 0.224008013424052 -0.0656897868075771 0.0517976444338624
-0.17526908751736 0.155992266777958 -0.160012107383615 0.0677544560054054
-0.212007982326839 0.0542130335909837 -0.29564351798843 0.00808078139587503
-0.237249440535327 0.0319195636188453 -0.139556791623952 0.102981474760947
-0.201018663582274 0.093865609002384 -0.10388914436078 0.0610693549576649
-0.121387368183368 0.15964436299389 -0.0267766972425047 0.0626765529193154
0.00881670421602981 0.177539783258126 0.0220586474957313 -0.00641405566845131
0.115639931826076 0.139965648054689 -0.0118088369305341 -0.0614552780272184
0.167993555545279 0.0734196576730205 -0.0896977424211789 -0.0729032867189363
0.185300050352276 0.0250519308471455 -0.143780494574582 -0.0378856390245262
0.211035263589357 -0.00021035876728885 -0.162430020414141 -0.0144648562348969
0.219153617987402 0.00865623252193195 -0.158904581283609 -0.0103879443627547
0.24349079391112 0.0380820847569676 -0.128885380291487 -0.0291367224597323
0.233258674150379 0.119972679288515 -0.0743300704144054 -0.0433197580701041
0.146061334888968 0.229543244361368 -0.0141045768690086 -0.0318829467109448
-0.018335773423452 0.313006464649298 -0.0408868291573581 0.0530327620965357
-0.214423927619355 0.248599360411463 -0.117733955446045 0.0603537225993912
-0.290384722998139 0.108672771309667 -0.214583766143461 -0.00353745224584292
-0.294077100365532 0.0487096648696261 -0.032140947352836 0.0808909491360183
-0.25757783576353 0.128472092179686 -0.0616454600430437 0.0260580360369343
-0.167330953095942 0.210555267730275 -0.0224992594459287 0.0489110556731204
-0.00422684091489897 0.24717805097052 0.0162020552979407 0.0148662947332877
0.140070613033617 0.202070622993581 0.0190336071897804 -0.0251501148201364
0.214829355618032 0.107881183383825 -0.0288689720146182 -0.0508335284763533
0.238118152393104 0.038701831789353 -0.0603857930236823 -0.0301721287074624
0.259223289267026 0.00416863495512983 -0.0681712816015938 -0.0155049211005685
0.262220261578652 0.0101080557960503 -0.0646587983632421 -0.0130627280466636
0.288931941869384 0.0398707644272286 -0.0506735447599556 -0.0225092108407296
0.280957702176822 0.130937080609139 -0.015082866002529 -0.0240019631250336
0.18246787752136 0.254725692616824 0.013136291645887 -0.0197539735337668
0.0032639932471246 0.346463119856159 -0.0146454690305531 0.0368379318934213
-0.213423779098017 0.296239657817871 -0.0652966724562423 0.0284708146425158
-0.317376101316917 0.1440497027819 -0.108511551037074 -0.0336472889529898
-0.306990610025898 0.0612974886816962 0.0959925782955244 0.0555586534637921
-0.272399369410194 0.151820064978808 0.00997215983136586 -0.0131540387319493
-0.181123439601117 0.235595677250576 -0.00283741544239788 0.0257932979950259
-0.00940091216189848 0.277465048196388 0.0134324265859394 0.0402138233260435
0.146585303959591 0.228710203576744 0.0558714240382457 0.0263916499889922
0.229553942799637 0.122439508407601 0.0474279527562484 -0.0131894272679179
0.253216376117744 0.0439210798446206 0.0391904102101224 -0.015765976366484
0.268225871029186 0.00803888659531883 0.0378130645455563 -0.0151663215508279
0.264588591578236 0.0117673238573436 0.035652884160572 -0.0168601233993645
0.282320483244407 0.0401182431202711 0.0303389491755272 -0.0184475620906424
0.271541317821857 0.126241927548921 0.0440433385771182 -0.00918686412696134
0.169781403220051 0.238044947909456 0.03791376503746 -0.0067194247330625
0.00701537815454919 0.31018541655538 0.00516999285909895 0.0132442505549679
-0.185281387384966 0.278877984795467 -0.0167318614233162 -0.014004498318819
-0.291267385874124 0.147678010743096 0.00303395274889153 -0.0730501942078451
-0.264081785688848 0.0691058346385396 0.221153891257769 0.0265850456902001
-0.229059694309056 0.148555683563467 0.0907818119719437 -0.0488602838602189
-0.146527726241253 0.208965259805608 0.0250648531985507 0.00325701973579075
-0.00640457134556506 0.242011125876123 0.0165282740488124 0.0635479423784625
0.126255957864052 0.202237016372108 0.091925053674054 0.0770450751492888
0.201892900856122 0.109680945812897 0.125271842324903 0.0275033243909986
0.225696519132081 0.0393153956783925 0.13872215627049 -0.000258966802562361
0.234423086465046 0.0111434874658804 0.137925805763325 -0.0125299813218044
0.225809266662936 0.0162458110409097 0.125356442109083 -0.0164267932192749
0.229670528009971 0.0448966624807854 0.0957718847221517 -0.00880857973428047
0.207626889541561 0.114342751816498 0.0851824218507076 0.0077886181493818
0.109624942011131 0.190645819317359 0.0492603953421815 0.00901601683768358
-0.0108467174004053 0.220383850646454 0.0147716740271262 -0.00650361365529232
-0.139854090994454 0.205557965497399 0.0212918691397906 -0.0481527315017696
-0.224447540909482 0.120795262618995 0.100578426358616 -0.108063853377455
-0.171750425605685 0.0638294088746891 0.314940195221051 -0.00228608234560711
-0.135182860545747 0.111830868640765 0.156789891945987 -0.0746468103556629
-0.0790228415770967 0.130221272889898 0.0504900856027039 -0.0152347526048642
-0.00500387422373333 0.150374847253841 0.0240252103196197 0.0752731966484685
0.0789384852258265 0.133298762224745 0.117829098175238 0.11035373998458
0.136136151696617 0.0745033173757429 0.186040690264342 0.0582714136214614
0.160366121199669 0.027387408197681 0.219320719621366 0.0118821609889112
0.166244705800797 0.0126520153634271 0.215936964228925 -0.00841625875875245
0.157602762327317 0.0197529253202003 0.191881172587064 -0.00777246614376372
0.14721617139526 0.0470073185344941 0.138177038249308 0.0107552573893492
0.117422361321713 0.0921390441425815 0.100195022847133 0.0308731996977829
0.0363274260365872 0.124282592034498 0.0452521571387267 0.0262925705378021
-0.0298854902787246 0.107699241315472 0.0164228875269009 -0.0192035023710403
-0.079805017656507 0.111628181855206 0.0489959153929129 -0.0656775883456083
-0.130897781711502 0.0798949954718199 0.172839543304798 -0.126683656548601
-0.0484051383080617 0.0428843660484402 0.35853791352133 -0.028862926272541
-0.0221761575292672 0.0448404972241933 0.194759697711052 -0.091068172340724
-0.0110192906910914 0.0236688052308388 0.0650670303461834 -0.0343190829745492
-0.0121473064563446 0.0391847464796246 0.026340137190477 0.0716810510592486
0.0151874337572154 0.0482295289503836 0.129101102629607 0.120953551021466
0.0467241645693998 0.0309328507841741 0.22186474807051 0.0724443516845841
0.0691749000164922 0.0133440768496087 0.267244168030771 0.0169281683964936
0.0734657646097301 0.011020101724709 0.261495943281581 -0.00317721923614886
0.0694539530509704 0.0161652292275526 0.228983772381077 0.0065896162795229
0.0544087061337615 0.0365792548289805 0.156000926925194 0.0353224965028378
0.0306386821391777 0.0551567028245328 0.0937972646606075 0.0540344548058217
-0.0162383472458855 0.0485654940960744 0.0269269489418597 0.0397972115994998
-0.0235528388898852 0.00658868054794513 0.0150170741649612 -0.0286803922975455
-0.00759082677635289 0.0290500687453088 0.070615207209958 -0.0702200153984729
-0.0246240573613932 0.0403844677039675 0.214472691101119 -0.129569978980182
-0.0591874080680447 -0.00803664055881911 -0.245884069172948 0.154146308813311
-0.0592692496773223 0.024432775145844 -0.0945102202393766 0.116238898530785
-0.013689157442724 0.0574305413595534 -0.0119045019070587 0.0540697943269849
0.0319099271939294 0.0278638356173184 0.0135940189264886 -0.0379296571540771
0.0385377090513657 0.00301234995377788 -0.0648118269847909 -0.0748034327626802
0.0281118838128066 -0.00299807924368032 -0.156638059993642 -0.0556038080082457
0.0196145595121543 -0.00332768831927612 -0.232833352680449 -0.0172710195762796
0.0319706815270885 -0.00817817464437301 -0.271737703234586 0.00487813554271832
0.0424239089570895 -0.00426179354303395 -0.274300846100342 -0.00507616622991004
0.0587330490253477 -0.00409007966142368 -0.228623791022543 -0.0511004722912751
0.0626274086664342 0.0208521769726771 -0.152443082673125 -0.0899520277401579
0.0452954843688327 0.069062198481968 -0.0580695811910501 -0.0661161510691546
-0.0219782083990598 0.109934687437891 -0.0795724384223928 0.0366579036466277
-0.0942238796285478 0.0537571109360497 -0.182666166520147 0.0592035373680378
-0.0954495456095328 0.00271743888581281 -0.346647457167132 0.0152860031624711
-0.15539348785119 0.0188779884407989 -0.213125653858869 0.135235891824991
-0.13024179588621 0.064582855162195 -0.11197069422993 0.0964389256750586
-0.0614717376917853 0.112297610670497 -0.0185347830875386 0.0648355996186407
0.0289622550877902 0.10144768888949 0.0223764374371791 -0.0252563169482321
0.0860109941151193 0.0660903779860051 -0.0407332909961547 -0.0782590995508405
0.105233658379702 0.0296999842053444 -0.136349326586168 -0.0709820398521034
0.110601834594884 0.00555907192360141 -0.206517714542094 -0.0277912706962879
0.133961728531152 -0.00942504010173185 -0.238384787737791 -0.00109051823253868
0.145562718814146 0.000335307708432892 -0.236787174531646 -0.00232621103773585
0.16534161182011 0.0196318243346137 -0.195619315710194 -0.0363716533739064
0.157517227552307 0.0806024843712877 -0.124614428714692 -0.0655825155098557
0.0979940931786331 0.164811888687745 -0.0403218563822446 -0.047181004309874
-0.0293037179935223 0.230865500235657 -0.0667356334308176 0.0571044205091933
-0.174712875506328 0.165798793648836 -0.163469592455644 0.0744243979040051
-0.216360770749365 0.0640363583973766 -0.304151111575888 0.0214003525387623
-0.240973405755194 0.0412896626386562 -0.141450141534386 0.112338070539959
-0.202168174853136 0.102467894274629 -0.10632843228508 0.0688835785034642
-0.118546576845333 0.167458370233488 -0.025237506869287 0.0649419493607378
0.0159502777835364 0.181289567263693 0.0222473641615373 -0.00717365142955524
0.123923102347424 0.137438358799788 -0.0133245530291822 -0.0625775582696532
0.174503234984243 0.0680074024625958 -0.0950770683571994 -0.0701637593548748
0.191066305514638 0.0177929080759073 -0.149131573056807 -0.0319401938127083
0.217218475798865 -0.00934617786396859 -0.168605613890749 -0.00744571838072705
0.225626627176334 -0.000427414477814205 -0.163763653243523 -0.00333492390951583
0.252501493153791 0.0269077685786043 -0.134760981276953 -0.0245162031805254
0.243213144416285 0.113553147457145 -0.0778610959684538 -0.0422407508349437
0.159008234320491 0.229995208489026 -0.0165915038020987 -0.0324714523478908
-0.00826701737419538 0.321964774436788 -0.041488037380468 0.0582179163606979
-0.210802615916192 0.262736505464879 -0.119690572029363 0.0662925355068552
-0.29572666732079 0.123755227683251 -0.22040926807475 0.0073137020659858
-0.298340515005483 0.059698656611491 -0.0322858191167591 0.0852576670242456
-0.258710862715018 0.140564685384481 -0.0649402590619496 0.0312560082115987
-0.164620730095002 0.220758677869083 -0.0208785002854919 0.0502665642123849
0.00556750842549762 0.253808162695458 0.0167032892604733 0.0149653225196789
0.151533889287913 0.199681664529915 0.0191429091930187 -0.0258442859619939
0.22373399781873 0.100957615672242 -0.03273537442584 -0.0507124816808272
0.24562631928738 0.0285713232704907 -0.0637985616872713 -0.0275657698420833
0.2670659874847 -0.00783733363955893 -0.0716024585842411 -0.0132644984581393
0.270988523071055 -0.00165686952811551 -0.0677344764216614 -0.0106672084821194
0.298683077209903 0.0267617962082937 -0.0541209149222721 -0.0207008180425407
0.293719069291907 0.122074309724044 -0.0164291115283566 -0.0257761798185956
0.196972501824778 0.253755062247982 0.0121844484905257 -0.0206558229269156
0.015878009641195 0.35554887394513 -0.0149564771834308 0.041636449503283
-0.208002826669196 0.311751352107488 -0.0667323018223759 0.0332231462976016
-0.322009475457192 0.160753605705278 -0.111798067076437 -0.0275748563350623
-0.311732401200406 0.0730893385163077 0.0992594890080126 0.0540905232814289
-0.274387817007871 0.164878262965676 0.00790116400835791 -0.0117824457208508
-0.177921816515069 0.247924876968682 -0.00207103926699389 0.0256249242521244
0.00190058888258089 0.285322315178139 0.0141718788379831 0.0412242993287987
0.159076494850762 0.227874229910288 0.0577497224509862 0.0252522743694847
0.238890590658267 0.11508594218125 0.0462229515746772 -0.0157048002400365
0.261476819978179 0.0336175032842799 0.0389819546594629 -0.0172961526458523
0.275779872017879 -0.00385542088686159 0.0379586415211645 -0.0177804744610386
0.27283600785609 0.000330985981057121 0.0358529715768749 -0.018746829473043
0.292372617230487 0.02763540542532 0.0290633676168108 -0.0193429649172398
0.282940960964969 0.117281443476749 0.0443547979244055 -0.0133086857841003
0.183249591778848 0.236864873284962 0.037914419993234 -0.00835218890712404
0.0183656494149451 0.318563776846087 0.00445785353691945 0.0167846589128394
-0.179015680204914 0.292832844359037 -0.0179502032644936 -0.0116508798995352
-0.295321233972713 0.164656498946906 0.00246603961911684 -0.0731879902830277
-0.268121619615582 0.0792580837994774 0.226880705157275 0.0189047445100356
-0.22981885841303 0.161175316401219 0.0907808266421208 -0.05218910370576
-0.144660241881215 0.220893566074565 0.0263164423632205 0.00134246742960541
0.002810986169858 0.249327773337956 0.0192420245305643 0.0661695586182299
0.137279681511373 0.202148986685188 0.0973762234895684 0.0766754069028004
0.210165966561607 0.103912919283286 0.127434886775476 0.0226096811091734
0.232816936086022 0.030223851822895 0.141609953881864 -0.00601944170696579
0.241289816644891 0.000662636327313464 0.141107852176076 -0.0199593921746957
0.234107593623853 0.00650368922802366 0.127927578805555 -0.0225440597736928
0.238252273298678 0.0348196087627764 0.0975664501471217 -0.012627988071966
0.216773027531393 0.10722297292557 0.086703638872233 0.00290271220219953
0.120036597017124 0.191221068217815 0.0510384211135615 0.00696138520482493
-0.0040977516103295 0.226244729687301 0.0132722019363614 -0.00481196692053329
-0.135288693848501 0.215762394934748 0.0202649508528282 -0.0482667454351656
-0.226801143476577 0.133554388882809 0.100962054872538 -0.113075128091092
-0.173848714130051 0.071248350720422 0.322499858121483 -0.0150839172104631
-0.135039614492327 0.11949938377722 0.158293618524873 -0.0815545807292915
-0.0778985586128555 0.137168915481191 0.0512496888542893 -0.0185999090471294
0.00170515526552681 0.155177527672249 0.0272412854739832 0.0771260669943399
0.0865206311319048 0.134357457081265 0.125113909525905 0.109727063995029
0.141385230925957 0.0710388224102355 0.191598684318285 0.0513971747572894
0.165301998670496 0.020787199104157 0.224881253476812 0.00245125411301283
0.171250587901913 0.00573284754386967 0.222348090936446 -0.019151140245381
0.163327669883513 0.012919282996842 0.197467882017479 -0.0174093677758012
0.153145203206736 0.0405035560018332 0.142239733096325 0.00571620512632617
0.12375604153214 0.0887071481669138 0.103525640074319 0.0261147390791253
0.0424881045219279 0.125886652919313 0.0474505522369308 0.0256524458883934
-0.0273012052388212 0.112590406497309 0.0142229976496017 -0.0183830478607944
-0.0779976468353071 0.117153410924252 0.0482636937015877 -0.0670630448677961
-0.132502532890226 0.0863561571682073 0.174583544473676 -0.136286100803851
-0.0490825746587287 0.0450888071405688 0.367189281253392 -0.0437384389158722
-0.0224841135337308 0.0474203152885709 0.197248143583948 -0.101830945707899
-0.0120654646851245 0.0251792392266843 0.0653550177732201 -0.038489616699846
-0.0106545089189047 0.0413742210701091 0.0302578900791066 0.072584316592218
0.0181713778966335 0.0493573487970483 0.137129520656999 0.11981491570055
0.0487445881323947 0.0298477570759802 0.229260796807051 0.0647668851002494
0.0715808994096776 0.00980243231953678 0.274297360003772 0.00553991335258227
0.0760995333422411 0.00797301869662704 0.269975250491739 -0.0163708926680527
0.0721868650537875 0.0141183878097988 0.235619070659105 -0.00434367907806934
0.0577870911957585 0.0347403767719965 0.161515837536757 0.029943912563685
0.0338144495767738 0.0549750154095429 0.0970707682968385 0.0505381797863946
-0.0139227398509413 0.0501815999049093 0.0292421169569601 0.0392802004682652
-0.0249060783181738 0.00830839416060646 0.0126677126752921 -0.0286640674727265
-0.0068091688014534 0.0298823371973726 0.0705215254302712 -0.0735876606201648
-0.0247658284865273 0.0416443815602318 0.216512151881793 -0.140962130159037
-0.0585774375686887 -0.00476585828889214 -0.237311918340521 0.170989928340712
-0.0564648671444894 0.027172909947305 -0.0884231676706984 0.122889460080817
-0.00930396421979424 0.0575674283576019 -0.00815996124797641 0.054791033045171
0.0330010432443167 0.0256483652421907 0.011223482180539 -0.0384414002528351
0.0384207210142345 -0.000421836007861747 -0.0674603373446906 -0.0715999265805283
0.0283668045452599 -0.00521715794026681 -0.157955340217429 -0.0451083623212407
0.0191043671521783 -0.00441804100621445 -0.23270616527721 -0.00106779266918516
0.0315247330881755 -0.0101082466703178 -0.272423136317771 0.0240396830662954
0.0418803535544455 -0.00837513743937944 -0.274337989750631 0.0131477566262403
0.0582721623566995 -0.00789161550156654 -0.23203798300123 -0.0366770260848948
0.0635402576325426 0.0169166124013905 -0.157383159337395 -0.080337317424743
0.0492256874445827 0.0658478484598248 -0.0622476630995115 -0.0622724075126676
-0.0155944759148423 0.109831052398227 -0.0767499017467938 0.0416033678837811
-0.0908935458241205 0.0590654397699639 -0.180236141430192 0.0686239584141177
-0.0951782500679286 0.0094165584871878 -0.345507947170587 0.0379865740644142
-0.153302381255497 0.0271887935833567 -0.205752570033601 0.149536623144221
-0.124778626980054 0.0712968981180471 -0.107716778025486 0.105101378676087
-0.0542294797711067 0.114439043944273 -0.0149004994860082 0.0657347671738665
0.0348179905709136 0.0984548009341124 0.0212521121477252 -0.0268817759440319
0.0889502601886875 0.0589968901432539 -0.0438640110076893 -0.0756554428877715
0.106940678640528 0.0223060585903689 -0.139007265252071 -0.0609836174003192
0.110488448743533 -0.00148034597721493 -0.207388588189869 -0.0131427241067969
0.133727510622228 -0.0186947240609696 -0.239163468714125 0.0156688427157674
0.145699736474463 -0.0100219206492736 -0.236404157073879 0.0137898112346777
0.166968683059584 0.00850994002814503 -0.198244672140307 -0.0229570062820872
0.162154281686667 0.0705596799691577 -0.128341631549925 -0.05826308983567
0.107606816966709 0.158100900454688 -0.0445924139223083 -0.0443476084354491
-0.01618588841988 0.231952738971353 -0.0631693101495044 0.0621931656727628
-0.164875414319436 0.17539363557859 -0.158998555917307 0.0834833256628945
-0.213056573345909 0.0779197410388099 -0.301978787153763 0.0421986814532792
-0.23654391875417 0.0539823987084285 -0.135834604276152 0.122453816630347
-0.19406802802507 0.113169446784246 -0.103230272279946 0.0775894657201699
-0.10780224320063 0.172441244598294 -0.0214765008697381 0.066118395723931
0.0269232319839401 0.17877619289706 0.0215628981097378 -0.00792684511392317
0.131218075919649 0.127365355897815 -0.016065644962989 -0.0615074396233872
0.17693176222016 0.0560909101628567 -0.0993547627706947 -0.0631097051208402
0.191289102537031 0.00544266226232454 -0.150030912692089 -0.0215842181548751
0.215861439557726 -0.0244217565058767 -0.17018268350863 0.00483256644845312
0.226823195949584 -0.0159654916238745 -0.164221442097933 0.00758731010713034
0.25384413901096 0.00958048490929877 -0.137551764077112 -0.0149663630992061
0.250732804808359 0.0970100919098794 -0.0804449480908831 -0.0395714139540716
0.172264334902496 0.218989315905729 -0.0188810631814485 -0.0310354834649682
0.0097294942305259 0.32241134695805 -0.0380718849328646 0.0632473009508846
-0.194965189552918 0.274378507095715 -0.115456899766537 0.0743289688507161
-0.288827728901508 0.142147483674657 -0.217291203036747 0.0229978918262776
-0.293381310559838 0.0755065359834724 -0.0288478290825013 0.0886728284225173
-0.248899372252871 0.154900714453864 -0.0641709907063882 0.0385802039447023
-0.151931163958788 0.230126784091697 -0.0174633903097193 0.0502104011983003
0.0211437886734061 0.251912413620297 0.0177650517146919 0.014971250435033
0.162876021007861 0.188477965036525 0.0184747160871438 -0.0270241182983659
0.227888531545392 0.0858690814757986 -0.0366283475717728 -0.0476141021941043
0.246056531958569 0.0129377556462308 -0.0648762564726926 -0.0226434089745276
0.266200640261843 -0.0255893970908807 -0.0727640074682677 -0.00834796442057459
0.270887497303395 -0.0198612573211634 -0.067886287625661 -0.00573455590007865
0.299469005987081 0.00509555785413155 -0.0569458806009419 -0.0162208223616157
0.300913743745173 0.102187670182723 -0.0183525032616177 -0.0268238309225433
0.212322214392845 0.240465285605628 0.00956282646270164 -0.0212109672503849
0.0365782812713059 0.353917796301271 -0.0129251718198113 0.0455229781436153
-0.189181321112864 0.323351885319249 -0.0647466309195652 0.0388629597324543
-0.312008003871683 0.181142253285663 -0.110794982939628 -0.0185367358508279
-0.305565510964057 0.089712415180995 0.100582676693682 0.0491594430044835
-0.263145446481056 0.180390721082082 0.00657408865601387 -0.0100036309882364
-0.164571105931699 0.258382349602842 -7.45882423918116E-05 0.0235811388528895
0.0195889809847184 0.283936655702072 0.017169805474287 0.0417349597762493
0.172807429965034 0.216073976501936 0.0599801892428013 0.0227106639342513
0.244023660215984 0.100242909680189 0.0442613259384142 -0.0182283631743103
0.261922689666092 0.0163435653905055 0.0379294456340686 -0.0189414913381931
0.2746069570207 -0.0223504333554087 0.0361880882321729 -0.020481949219942
0.272940143187767 -0.0179691174823816 0.0345475537478768 -0.0212727489740661
0.292838061628448 0.0062257415411853 0.0264595118397004 -0.0203676541378615
0.290116723415893 0.0974527075583692 0.0423308411172357 -0.0182842244954608
0.197842600374953 0.224074218124794 0.0366727028686774 -0.0112431534255925
0.0365367139304676 0.317024864021114 0.00483173580518336 0.0199036517926007
-0.161075298899995 0.302888027463043 -0.0183114317382494 -0.0084553910434943
-0.286237401118508 0.182938135504709 0.000806521324901856 -0.0710859838649351
-0.262735101311088 0.0942900974345867 0.22565961709126 0.00635274631868857
-0.219356008950549 0.174618818847751 0.0865168037105176 -0.0561974170963809
-0.132673286296182 0.229339965136753 0.0254695506223149 -0.00202273367497684
0.0192665863691898 0.24796512716785 0.0234471328123016 0.0653037050911395
0.150424718775586 0.193354416382725 0.102141117221614 0.0704883383386829
0.214659886599627 0.0908148357685668 0.126642583834766 0.0144994833947223
0.233744188950393 0.0140680561586189 0.14077081061642 -0.014938036099553
0.240969608696657 -0.0156014875415576 0.138972529141254 -0.0300726253106139
0.234225840221197 -0.00902903991890279 0.126837815448809 -0.0322146912154198
0.239541817371517 0.0174803641709519 0.0955835158118429 -0.0182305400120277
0.222846399170544 0.0915194393656195 0.0859631472355406 -0.00393233780252536
0.1318625651476 0.18197215171055 0.0509518591912661 0.0035173373579829
0.00899978795203086 0.226499274399268 0.0124894129766701 -0.00248301391215677
-0.12190614981508 0.223820766239181 0.0180984178289474 -0.0473480211713731
-0.219225250575515 0.147292024997413 0.0961610748965325 -0.117895486702768
-0.170332347639533 0.0809549404371413 0.319871413107811 -0.0343034340099285
-0.128506249586414 0.128097621839226 0.15350962294842 -0.0909550441991893
-0.071977473418176 0.142054451805812 0.0505684684222967 -0.0225925390260905
0.0114109542156198 0.154874449295735 0.0318299935444862 0.0757758382534583
0.0948934094860369 0.12909239893376 0.131858475275374 0.102592644819174
0.144423464371316 0.062202206454958 0.192673424200348 0.0391297201346561
0.165536912935661 0.00911988732027066 0.224240161407515 -0.0122342102175755
0.171527696399312 -0.00590514715615949 0.22085911452264 -0.0349771537524917
0.163734299341978 0.00252462981873342 0.195822911251869 -0.0313779294873929
0.15552479506981 0.0295403006162692 0.14186272412064 -0.00337296249976262
0.128816707055719 0.0793327394935447 0.103759685757947 0.0186735004315046
0.0509412250912555 0.122611777385395 0.0482808771207644 0.0221899926054808
-0.0207930269049574 0.114569024416309 0.0122642787379679 -0.0164343960818995
-0.0701208838273928 0.121427216164774 0.0456310964405911 -0.0683637017403981
-0.127539397349648 0.0940927173456817 0.16707049465488 -0.146947110531738
-0.0471120464261847 0.0472208504139978 0.363413105384751 -0.0661558679176196
-0.0200780254025364 0.0494043929093907 0.191146396078675 -0.114144377330233
-0.0113480538358653 0.0264083010133339 0.0629130034791819 -0.0427081015313486
-0.00756306142617961 0.0419094274773358 0.0351445681171774 0.0713628015313149
0.0214290543778358 0.0489330414236195 0.144052213001182 0.111485960052127
0.0496192460324397 0.0274204025722937 0.231498434972998 0.0499411905093657
0.0711685564092745 0.0043328048008545 0.273900204190026 -0.0126484918249191
0.0766037804316141 0.00283608501035394 0.268832365009138 -0.0346947333093331
0.0731408572531561 0.00917214646612195 0.234950530593339 -0.0213755130828894
0.0601654746107759 0.0314159444484401 0.163389880375025 0.0191476732677536
0.0370900104133655 0.0519096216002243 0.099429382466683 0.0440947660788305
-0.0104486032381856 0.0510142127066732 0.0314184757358986 0.0371072848843349
-0.0247370716782259 0.0109013100363544 0.00942833344678154 -0.028646754805688
-0.0051367610813301 0.0303377391157791 0.0666054810127952 -0.0766644145854389
-0.0225705163031625 0.042472064315485 0.20828450298988 -0.155782139352968
-0.0558396492368017 -0.00235379728561029 -0.219658111667416 0.176774494517091
-0.0526652582268015 0.0277616746483604 -0.0787908596073122 0.124066596102979
-0.00531808114559677 0.0547526713210945 -0.00506556647236834 0.0532421904119331
0.03244115751367 0.0228824013108063 0.00884654760741178 -0.0377357793086964
0.0361960063727826 -0.00328498545959918 -0.0671349629695266 -0.0654437704434725
0.0271829483220358 -0.00677375770960051 -0.152695050813837 -0.0338510425594705
0.0188950033363258 -0.00419444416104426 -0.223174526023918 0.0121193648677401
0.0300283510713996 -0.0113649356537805 -0.261762933787049 0.0392197747542394
0.0402259991697408 -0.0104994589809352 -0.263509695737682 0.0277124885188175
0.0549481667419731 -0.0106834281586123 -0.225264999933076 -0.0224038362522418
0.062021552081438 0.0134807399705574 -0.155401113208012 -0.0689169813258115
0.0500145350903375 0.0604184884819744 -0.0634264675910517 -0.0561773406748139
-0.00964009147036545 0.10598682772838 -0.0715192132916134 0.0432743685440744
-0.0848252429314511 0.0603731456719514 -0.171240550440368 0.0736883185120789
-0.0905411314500091 0.0139450281778539 -0.329759410032404 0.054515795250781
-0.144974245012351 0.0325381686213885 -0.192032761017213 0.155672599696984
-0.115653464244951 0.0732798142972565 -0.0990315653504905 0.108250479567253
-0.0461370316040721 0.111378674310353 -0.0110478997768608 0.0637426956793425
0.03821917667258 0.0924444818973251 0.0192789334474999 -0.0263315922167951
0.08750530084431 0.0506931711112627 -0.0443608560820949 -0.0708195064670947
0.103444529738672 0.014900631767294 -0.135339489251552 -0.0504896822797019
0.106245801017715 -0.00676030704108112 -0.199586637903372 -0.000897018838273617
0.127290213600264 -0.0254265445634197 -0.23069978150772 0.0297324982637657
0.139719183119933 -0.0178620661252415 -0.22699438632203 0.0268336519329319
0.160541292683636 -0.00170463590473318 -0.192271297960893 -0.0111183208584332
0.160060984279619 0.0590961239604165 -0.12649100072645 -0.0504692324327471
0.110912366241662 0.146814844250845 -0.0447471285913207 -0.0398565920371161
-0.00475874332263332 0.222471456975407 -0.0570543005439409 0.0643926213406002
-0.15027473688634 0.176094102724232 -0.149882458330744 0.0876150413406877
-0.201062904870028 0.0864284628731309 -0.286705629687694 0.0565173716473878
-0.22381504841384 0.0619121614907042 -0.125981224903527 0.125686541373097
-0.179556246718772 0.116953612411424 -0.0961585370028771 0.0822140795072024
-0.0958791304284992 0.170336976276607 -0.0170657109651037 0.0638312039459223
0.0350129448815573 0.169073463750772 0.0204208430490022 -0.00790038122056537
0.130978733905364 0.114281356652265 -0.0176010264364823 -0.0583038762980093
0.171654994279636 0.0439119422180143 -0.0985432988139592 -0.0548850746554851
0.183299899688824 -0.0045289372755387 -0.143918927296171 -0.012001452084439
0.206403051347527 -0.0350910561161767 -0.163994626076396 0.0147973462183843
0.217554211451186 -0.0280655204734621 -0.156987461835494 0.0171156804438315
0.243298789194553 -0.00561636152721147 -0.133151752695024 -0.00606298756646438
0.246107596830289 0.0794116603848831 -0.0800561680002427 -0.0346848303352153
0.176337888356347 0.201840870380314 -0.0205294368723291 -0.0283428045650945
0.0242841273504292 0.308794887803244 -0.0332407703449988 0.0653790911455859
-0.174597132402983 0.272943699513213 -0.107824786064824 0.0778391400829239
-0.270516097720766 0.152899744185777 -0.205637697225579 0.0350248065676032
-0.277815297306693 0.0859185027461492 -0.0241707662053743 0.0882567366578826
-0.229909646263261 0.159444675403075 -0.0602130389585456 0.043064112575498
-0.135278288520582 0.228080586962685 -0.0141244790506582 0.0480208262085004
0.0329452583749586 0.239615331227908 0.0180900948227149 0.0143969678559012
0.165133211796356 0.171572305727474 0.016889722029274 -0.0269554234442516
0.221506488905939 0.0701185246317596 -0.0379073915351082 -0.0431671955402273
0.235870147208024 -0.000430474443599156 -0.0630478212641617 -0.0173803239049015
0.254412343112743 -0.0394418419797607 -0.0711558342386626 -0.003313686357001
0.260405101521599 -0.0343024875961595 -0.065598314784724 -0.0016236880560621
0.287429961787769 -0.012368077057695 -0.0559498779752239 -0.0113594720197895
0.293440978731874 0.0804159659618962 -0.0205795194861451 -0.0257408512442137
0.215639542145887 0.219762218958177 0.00819439662078927 -0.0208713401037384
0.0516364217619709 0.33878439730268 -0.00962205933325385 0.0474236198994169
-0.165716947980144 0.319783861188126 -0.0594064197612076 0.0415750778843463
-0.291361329325742 0.190740534814237 -0.104253268587107 -0.0105524415185491
-0.2891193907763 0.10022844507093 0.0975636408650655 0.0433724944146096
-0.243248373720073 0.185910616671919 0.00442514655641375 -0.0076635593364171
-0.146708591181265 0.256379771612438 0.000423770145147091 0.0214233002959793
0.0335299589435933 0.270939685701138 0.0185073463396358 0.0394948586140649
0.176741003549723 0.19771452168438 0.0598578657382978 0.0188822124338874
0.238680476478998 0.0833002103315923 0.0401029501322635 -0.0191865364898188
0.25146434823038 0.00110646582303849 0.0352573546681901 -0.0199848105775083
0.262613430037825 -0.0374207232297258 0.0329557546645944 -0.0214885688731109
0.262248783227369 -0.0328150263998613 0.0318072415416201 -0.0224536733646896
0.281723297822659 -0.0117555101607465 0.0236562201303875 -0.0201419916309209
0.282647065827459 0.0757783927535337 0.0385058148966754 -0.0210703881212161
0.201417186167844 0.203745085677903 0.0341807827085481 -0.0123848423972721
0.0505720998860866 0.303699794752471 0.00566912787144147 0.0217507224418459
-0.140106374661991 0.298053421538621 -0.016519837860727 -0.00574769821968478
-0.265143513975492 0.190796498451398 -0.000292061618938108 -0.0683055332496217
-0.248051064803304 0.101804569876557 0.215486897771585 -0.00489767899382677
-0.202736002450364 0.178512949941699 0.0801696941824967 -0.0569933374076921
-0.117663479694663 0.227737268908653 0.0235753510553055 -0.00464029736964352
0.0311115681608917 0.236822307856849 0.026533290095607 0.0625336227557545
0.153750926030846 0.177841492406742 0.102702557458727 0.0639615425671945
0.210124546540181 0.0766907499322559 0.120288655712663 0.00711982322551869
0.224503827996685 0.00111488897321751 0.133824000844956 -0.0213894248386067
0.230685432413021 -0.028468964717571 0.131975009421445 -0.0373702817947985
0.225329892906568 -0.0216801310190378 0.119912932071357 -0.0384796891333012
0.230509179987455 0.00267590496293402 0.09033171045131 -0.0219493924678227
0.218075902584439 0.0742460402784377 0.0809539079950789 -0.00992799716225456
0.136375712942471 0.167000675342769 0.0485965892561077 0.0011874420809863
0.0195425190654904 0.217940568348767 0.0119747465349952 0.000328969690026655
-0.106209010212268 0.220296761415493 0.0165150622133697 -0.0447504045917794
-0.204187194403217 0.1523275102656 0.0886703405064498 -0.118366604340279
-0.160994587907446 0.0849040353727236 0.304146931173784 -0.0487807457229692
-0.117145912994399 0.129602079800646 0.141966602369051 -0.094651713652779
-0.0633290948428305 0.141048810118073 0.0473799846834385 -0.0255257071904114
0.0192184257066943 0.147785238471384 0.0348263345171884 0.0719118176330189
0.0983430232971831 0.119171407578266 0.132417443319052 0.0925290297617202
0.141615569569033 0.0532714404088093 0.18515229293068 0.0278199418451949
0.15906494283535 -0.000598040781539157 0.213885795740297 -0.0241720711493959
0.164727415862316 -0.0155533573079655 0.210093352372701 -0.0470401186370373
0.158253671534979 -0.00662232345528325 0.186022437440384 -0.0418669079969338
0.150292414592539 0.0192908110362501 0.136219726510372 -0.010241271724134
0.127260767715582 0.0679523325930163 0.0990805503018115 0.0114097272993266
0.0554174178810545 0.114397855075504 0.0467068214651228 0.0186801522543554
-0.0147421698916688 0.111927410160867 0.0103789146597266 -0.0141653512162249
-0.0618758841471771 0.119870946920327 0.0418114974936801 -0.0663008167573193
-0.118927365541782 0.0964896659429065 0.154959652409039 -0.150125602818255
-0.0438884847299512 0.0479289855881583 0.345560417483822 -0.0827287106812758
-0.0171546888260797 0.0488782668430792 0.177683707773565 -0.119871856979498
-0.0110173300351423 0.0267138517487852 0.0583984089907241 -0.0451429988120327
-0.00477259785502494 0.0409047191861759 0.0379317460629769 0.0676706660114291
0.0240448878804256 0.0460293947881616 0.14439941404713 0.101134547262917
0.0486635335553673 0.0244874570319457 0.223285951954748 0.0356479545722864
0.0681497325999869 4.07004461348221E-05 0.260758410771522 -0.0270996803746358
0.073646828468543 -0.00147564745422312 0.256795303201666 -0.0506205526530534
0.0714117432333886 0.00537133943876067 0.224862644562526 -0.0343680526679425
0.0594796028500493 0.0260884299142735 0.157862723648893 0.00954515400888708
0.0381258111209501 0.0471787617216761 0.0969412790999609 0.0369569914068041
-0.00708747858139302 0.0492204557046576 0.0318825321111062 0.0340987679952429
-0.0231541153994626 0.0126374251578464 0.00685907089443066 -0.026374932621621
-0.00362067013438745 0.0293415004303644 0.0621722086849288 -0.0765103384507048
-0.0213487049540666 0.0416525295939086 0.192670900776683 -0.161750009408937
-0.050252379216677 -0.00967403059742778 -0.223780780667501 0.138060171043855
-0.0515031587807602 0.0173508689678366 -0.090011139402 0.106980909904588
-0.0117722431443165 0.0483154576047284 -0.013435899808266 0.0502362456820766
0.0266983260055493 0.0255651140745548 0.011433778520383 -0.0329041700924014
0.0333321835030431 0.00141203224222109 -0.0540400133488043 -0.0666019895408428
0.0278950309289467 -0.00364486488993606 -0.136113358019009 -0.0471626578299248
0.0192056398138718 -0.00048249962181875 -0.209953780881387 -0.0121444248814156
0.0291398689129071 -0.00697059629285537 -0.251245102607239 0.0076808413006611
0.0398220029828433 -0.00442990452122189 -0.253613339689753 -0.00375485580876636
0.0537472912939885 -0.00277107823612532 -0.21299879387782 -0.0477613668613385
0.0573501407354964 0.0212993395928074 -0.141730673488094 -0.0860623185523254
0.0403769133938099 0.064925662114739 -0.056218334089197 -0.0632106539766815
-0.0198785350995903 0.0988490873484675 -0.0719745598338524 0.0298407239864634
-0.0864241252049065 0.0478489947539421 -0.170313038951505 0.046378766774778
-0.0862502178015397 0.00448543409869913 -0.322683556390439 0.0124535920053714
-0.136063159055982 0.0117294210182959 -0.200019524061611 0.116091738072177
-0.115402595088157 0.0507914080266453 -0.110412122699538 0.0886172336851388
-0.0572562087941682 0.0949829892704175 -0.0239985034877696 0.0574961146367957
0.0216579784796273 0.0898696897715247 0.0165951233576985 -0.0207503188721387
0.0725658415557463 0.0590740030457407 -0.0361363561101831 -0.0683920960858066
0.0945550926598421 0.0271843996188168 -0.120004791852185 -0.0575571936190053
0.10130263903362 0.00795072440687676 -0.186962180422738 -0.0211974256416167
0.123792658398145 -0.00772520384551267 -0.220800988972745 0.00120681745137636
0.135988274616762 0.000707578511226707 -0.220674619580218 -0.00201921779569642
0.151001687247651 0.0183778148729635 -0.185770681699201 -0.0353301095809458
0.143565365129809 0.0766944252692688 -0.119536505630234 -0.067489294265861
0.0871561602246425 0.154051105492673 -0.0419881313112176 -0.0474727489171066
-0.0295654486840296 0.210763042056217 -0.0599379949096276 0.0484786239821773
-0.162504598780103 0.149292099214136 -0.148106155049658 0.0582624984614086
-0.200098946740444 0.0607501188117759 -0.277926609136931 0.0145788098772356
-0.212822826365363 0.0282026427505073 -0.139577058076003 0.0916160159350014
-0.179660772573349 0.081904125003396 -0.108672337877024 0.0635010478962801
-0.111054796244057 0.142569143063821 -0.0336675842342079 0.0550383778331529
0.00747621545227344 0.160444120394699 0.0127499237183091 -0.00437636570071943
0.104088807815643 0.124796828274075 -0.0153100269487192 -0.0535817729677322
0.15404461832898 0.0632404755706006 -0.0856522889917945 -0.0546168047574077
0.173595118900393 0.0189377883266468 -0.135398266404762 -0.0244639652921115
0.200415337852348 -0.00832628918015041 -0.156148830925521 -0.00611429302218934
0.209936218410361 0.000429950407925695 -0.15449621968202 -0.00408500304482165
0.22963940955952 0.0240699570218745 -0.132372927742515 -0.0236160092236995
0.222023440711414 0.105687176790653 -0.0801893056022977 -0.049697438216334
0.142275832544069 0.21430189208773 -0.0224069038790453 -0.0355396201130258
-0.0119521168337473 0.295477292554599 -0.036868799025383 0.0502585757681481
-0.197302921766045 0.238407027739746 -0.105249689608885 0.0493518414397557
-0.275372041248428 0.115275981892173 -0.194364117632918 -0.0013943796124964
-0.264678885743869 0.042891023750752 -0.0459542843472246 0.0650351443325424
-0.231296898041574 0.115145511643297 -0.0744482762730855 0.0295079791872751
-0.155468611015617 0.190800150365531 -0.0338067430350619 0.0395625246971163
-0.00431710302606548 0.225710744414982 0.00481744023939024 0.0158181984023553
0.127248561225562 0.183304139495343 0.0101103746060115 -0.0195118120456157
0.196260252996333 0.0948839295580443 -0.0320257480800816 -0.0347107985280154
0.221651822611205 0.0279617645426648 -0.0594593057205757 -0.0211638458077579
0.246150015738424 -0.00687359545253508 -0.066384038820957 -0.0130091473977776
0.250916512639193 -0.000262300458920093 -0.0653877975725757 -0.0111539129090453
0.270845329652602 0.022807927960564 -0.059950918295106 -0.0198608636309655
0.266862852778883 0.112433977973006 -0.0260352586352452 -0.0352968446067925
0.176338609501046 0.235300851204406 0.00317301826332002 -0.0245663260666902
0.0104763976428342 0.327728261778081 -0.0124845509133736 0.0354670528380675
-0.19442542662981 0.283950624451463 -0.0546253694190369 0.0189367002903013
-0.300566403710479 0.149736677423656 -0.0902691248692721 -0.0350434932685383
-0.277925029897012 0.0551116367286175 0.0705094241598673 0.0363691892453116
-0.247090561596685 0.137279652278606 -0.00981813668788811 -0.0100020861811185
-0.169858844638465 0.216084090477505 -0.0189586000018468 0.0162916410563422
-0.00831060156692819 0.25489744563653 0.00142908112270361 0.0392856097150846
0.133659220267254 0.209766459880694 0.0427471535231359 0.027754006852206
0.208574080485785 0.109854844058809 0.0369479903402676 -0.00342037622489946
0.236408386565088 0.0310208928919864 0.0321095536576336 -0.0126938735240677
0.25415538255827 -0.00454220985716071 0.0338323943039331 -0.0190594779744545
0.252012571188679 0.000958351268248222 0.0295980133939522 -0.0207595099019862
0.265065997115638 0.0225965508564971 0.0169978550617628 -0.0194266446866182
0.255671443307435 0.106289322636157 0.0290809790217664 -0.02265333805757
0.165073178752652 0.218061879828186 0.0277671406465268 -0.01322971244008
0.0124903036032155 0.293267869425005 0.00478040727185807 0.0142981535791579
-0.16756667446173 0.266393129215483 -0.00862748388251213 -0.0197921430681415
-0.275858099563774 0.152351720621808 0.0161497140403854 -0.0784219550748201
-0.240928608914024 0.0617630456405309 0.185809372646499 0.00666473886633808
-0.209571540901978 0.136336307563057 0.0669055523682853 -0.0464688380853315
-0.140294158383976 0.194312366640571 0.0072033158876772 -0.00445247290289303
-0.0059915410248654 0.223128210090532 0.007190249778676 0.0608371082416495
0.115916541934321 0.188252654150693 0.0781775169321536 0.0733354856129791
0.182831061295979 0.0997503699900127 0.108448909252232 0.0288907413556269
0.210130443364555 0.0272926081141541 0.123935947751528 -0.00400368226416947
0.223159771180504 0.000386586156516877 0.128940136178517 -0.0224378520302089
0.215544859550597 0.00663471411407676 0.115153775575006 -0.0253136115140452
0.215200857007623 0.0293940558996831 0.0818983874155699 -0.0129518933725281
0.195465439389671 0.0959619754623095 0.0701139771751393 -0.00652619401667185
0.108426917545926 0.174439037134622 0.0418147047400897 0.00221869136136539
-0.00689220150467322 0.209310718966809 0.0128085613389055 -0.00292806393142184
-0.126343538658954 0.196386756345533 0.0264395727546527 -0.0499565757645478
-0.214111200223777 0.123069474005795 0.106332364500937 -0.114507940574026
-0.158063211849988 0.0576673367121687 0.276100084167343 -0.0197189331367143
-0.12496120398924 0.103358449124892 0.133517255148137 -0.0734471565957012
-0.0778304516087468 0.12250611649359 0.0367836675152822 -0.0202023988348805
-0.0037840080201878 0.139421219261146 0.0181158104319482 0.0708269570521912
0.0738842346856551 0.125854498189074 0.105348935973429 0.102494860258554
0.122611396459235 0.0696700663695723 0.166622451823084 0.0528044310275074
0.148335646066036 0.0175932606845237 0.200712684526955 0.002356870325479
0.159301841458865 0.00449794164859907 0.203845828107393 -0.0222389112443001
0.149947783799743 0.0123241035677089 0.179249764601883 -0.0209325265554621
0.1380169401844 0.0359035127335496 0.126216229368838 0.00309984346052896
0.110442180694193 0.078760364353645 0.0886709937342267 0.0180297575597869
0.0382384742390839 0.114323489355777 0.0409897448812176 0.0199890812143975
-0.0274256333338568 0.105177032928838 0.0133996934441184 -0.0138721527014373
-0.0725629631965959 0.106182790103798 0.0516939373331498 -0.0633364765217636
-0.126292686260891 0.0783851810883326 0.1707789118741 -0.133901153464451
-0.047049635589248 0.0383066505489986 0.323444900269455 -0.0410082132335608
-0.022018232352577 0.0435974418091272 0.175987292787708 -0.092292220585958
-0.0142318141051096 0.0243273964687158 0.0571376054386847 -0.0358871247364419
-0.0104751599766058 0.0366599051388311 0.0251650915385727 0.0662295672979217
0.0156580377724618 0.0470397450774154 0.120044484260773 0.110088947953182
0.0400159190677351 0.0302810265693155 0.202256869031802 0.0603599547144908
0.062690521128706 0.00681109176498149 0.245601022615981 0.0028546426041993
0.0710646305701753 0.00690010505705174 0.248179925151661 -0.0201003207127599
0.0662790988188698 0.0125204394558603 0.21648218939264 -0.00948254319487207
0.0523121389752674 0.031436346216872 0.146682088980306 0.0254206305541495
0.0296109445839367 0.0482206251162248 0.0861085958721641 0.0439773159735608
-0.0124117769012506 0.0449299700108238 0.026564517501336 0.0339859864624015
-0.0238978254354741 0.0103958389396379 0.00995076089568892 -0.0232697716001378
-0.00721026981618136 0.0276381885496407 0.0688789381831106 -0.0667976639723841
-0.027379274294466 0.0367629494983061 0.206089886012977 -0.136323182299791
-0.0476308145011645 -0.0104940195043478 -0.219786843345274 0.128523888110266
-0.0498648201881821 0.0146793804478875 -0.0895351416915934 0.102269620676942
-0.0123886072749758 0.0457791444143069 -0.013326990419212 0.0483373194151453
0.0252254559131869 0.0250303362714186 0.0116028788573974 -0.0312516024315083
0.0318565475594546 0.00178729955307434 -0.0500357300106793 -0.066348968539523
0.0266416930296843 -0.00324798135337472 -0.12917280529631 -0.0481352257324208
0.0191746108743108 0.00055592798137011 -0.20224681116183 -0.0153283257822977
0.0283889809125182 -0.00585484209561482 -0.244471130177505 0.00424256061431497
0.0384940278207095 -0.00397246472421317 -0.245981547770673 -0.00797036193526756
0.0519829326197176 -0.00199939573444086 -0.205229985769481 -0.0502376857279027
0.0549211183309499 0.0213850349723442 -0.134381562818861 -0.0858110071104837
0.0371026210658473 0.0643032214178272 -0.0534500817496066 -0.0624959419528034
-0.0223210820658091 0.0945711540191919 -0.0701243112466239 0.0264860882814359
-0.0848002024548381 0.0436556850268205 -0.167018072258969 0.0394104789827001
-0.0831361364730159 0.00208367639459016 -0.311197485897265 0.00497610465183622
-0.131218553639794 0.0070142442337097 -0.196825968695609 0.108933730473676
-0.111677947258023 0.044937319475968 -0.108762125463835 0.0845832340443025
-0.0577906711234463 0.0896264640673914 -0.024291112256877 0.054725836134505
0.0188400748022074 0.0870775878611413 0.0167810547167352 -0.019949772004221
0.0685463986993723 0.05831193042488 -0.0325360933797393 -0.067167447420921
0.0903838117685974 0.0278062507613567 -0.113660673878452 -0.0574040050941541
0.0986036682671148 0.0104901784502325 -0.179412705709877 -0.0241849324458128
0.119910576905698 -0.00521237501884167 -0.214659919357732 -0.000747553723611492
0.131424686546132 0.00347985658341297 -0.213209842843235 -0.00612232174270046
0.145619792254401 0.0208176803279675 -0.179383485113096 -0.0367877192528463
0.137430842411399 0.0765595015922933 -0.11456602779276 -0.0683492393053686
0.0800961343955405 0.151107707999694 -0.0400274017048246 -0.0469038742689545
-0.034880842865215 0.203459191272606 -0.0586281381610971 0.0459966677984179
-0.16152597997149 0.140976584800148 -0.14486432723852 0.0509567989050768
-0.194834165432491 0.0540474751110301 -0.266670963485658 0.00857291193241732
-0.205276548053902 0.0218043052993754 -0.137468682989605 0.0864689205229104
-0.175026710046417 0.0738876303046167 -0.107288455574025 0.0606786061886591
-0.111059568749769 0.133929625601941 -0.034464208057939 0.051854223781687
0.0032249455537773 0.154052709030833 0.0126511278113284 -0.00406275568498598
0.0968010945506749 0.122164816613768 -0.01262609992386 -0.0516876044926716
0.146269677464859 0.0644032136295371 -0.0815389397558053 -0.054201096352076
0.167586890935267 0.0223359211853563 -0.12995411033394 -0.0259831919100277
0.193670508543143 -0.00388827613245967 -0.151891783623539 -0.00680021390873873
0.2037058375727 0.00392949819109616 -0.149450562110126 -0.00645753523012376
0.221033505414662 0.0271803467585135 -0.12761959847437 -0.0244650771096554
0.212530338805965 0.10607128968181 -0.077657997232852 -0.0499334661542563
0.131943280656132 0.210065428783814 -0.0209468012669989 -0.0346298973612066
-0.0192811539697769 0.28647956433215 -0.0362224310772137 0.0484271607281192
-0.196828311640354 0.226185086153637 -0.102937889021988 0.0448662780778718
-0.268428788963457 0.106050622362255 -0.185660727887886 -0.00491195104748887
-0.256404338356043 0.0343203236077371 -0.0462093252848502 0.0627606994852314
-0.225571799371296 0.104016312430174 -0.0731837249121158 0.0286337226049513
-0.156004895414506 0.180560615053499 -0.0341470954032616 0.0362936979661613
-0.00955690402261939 0.217029738851668 0.00435641009827684 0.015519124772087
0.118684930954291 0.179417656640388 0.0109715011318701 -0.0188264645936254
0.186750962415274 0.0957547131340203 -0.0304476949565295 -0.0338943665272047
0.213858111857253 0.0317080932272429 -0.0569025674709159 -0.0213831555368056
0.238808068207441 -0.00239650573611042 -0.0644330771280258 -0.0129715824043301
0.243673152901058 0.00354158190766714 -0.063166878682038 -0.0120437963692828
0.260720214163306 0.0261288112990483 -0.057295763052299 -0.0191260638934253
0.255850676945079 0.112517860020164 -0.0264491364295108 -0.0352567972931455
0.165570100586518 0.230582346632487 0.00352134962388017 -0.0239159186341474
0.001866551333837 0.316802273692376 -0.0117747824337388 0.0359086477350713
-0.195239475238467 0.270725828278555 -0.0523234472992596 0.0171695468600791
-0.293650460565577 0.138312626845796 -0.0835538370199256 -0.036014757056262
-0.269349668860952 0.0455251762176182 0.0663958245406433 0.0376972992800391
-0.241779193110593 0.125543068738311 -0.00999967976710151 -0.00880190805395238
-0.169979694091137 0.205082823029497 -0.0198822571105915 0.0140809440517402
-0.0144409568496189 0.245098843485348 0.000546802814416897 0.0380602004602858
0.124854553310204 0.205340430251455 0.0414676623044839 0.0277428592154964
0.198985129807476 0.11137668306621 0.0346393683864157 -0.00165003710372939
0.226824863652451 0.0355910316786783 0.0310726425623287 -0.0110120460937149
0.246353523456924 0.000416677318187097 0.0324434020793419 -0.0179051394528
0.244473087871549 0.00541082014378525 0.0293385399954513 -0.0194497986333257
0.254839204231113 0.0263956592284199 0.0168379981320803 -0.0166636145111998
0.245229806409171 0.105970130848899 0.0268972112062372 -0.0220475789822166
0.154482622310478 0.213421871859929 0.026655391402148 -0.0121713966273605
0.00541855981195834 0.284403784527718 0.00582672766519412 0.0163860808282894
-0.167911476625993 0.253847540030813 -0.00698661509208745 -0.0193395807429687
-0.270433473577558 0.140593975090716 0.0199008155655977 -0.076094682916362
-0.234725460509837 0.0531017175226638 0.178088758076945 0.0115760005905885
-0.205336140420492 0.126076068785999 0.0650003831759927 -0.0425705226200019
-0.141347689176717 0.185059960755268 0.00584072818011268 -0.00536917008523233
-0.0115341154037462 0.215417704857398 0.00571365223999574 0.0590724688673393
0.108272750136337 0.184606140022293 0.0751399003873582 0.072828539592836
0.174142698024873 0.101179032953791 0.102847788500963 0.0314639399310347
0.202164611472783 0.0305617930970527 0.11980739533856 -0.00086644027533312
0.216719759165761 0.00417652987758619 0.124898352829764 -0.0201632398659755
0.209494633321877 0.0103621669052771 0.111794567267889 -0.0225766334908257
0.206453999936967 0.032000551928166 0.0798840951931296 -0.00999870967977283
0.186005481241275 0.0948037354709503 0.0658738875427777 -0.00449931873843458
0.10017724445967 0.170123185655671 0.0405014353298439 0.00315335918518115
-0.0115633113813363 0.202413538392349 0.013481366928249 -0.000395866587645463
-0.126788288295288 0.187014487174206 0.0286448895456306 -0.0471925102204925
-0.209306741618982 0.112791214867555 0.107254532962455 -0.108791647595851
-0.155081979872685 0.051146956769973 0.266799730039387 -0.0118199716840081
-0.123166257848617 0.0968099196358067 0.130255621201381 -0.0675329545080643
-0.0792576044805575 0.117393128784169 0.0346560483033452 -0.0194746101862077
-0.00730185964287729 0.134945728840689 0.0163342830590541 0.069698624879601
0.0689690729053326 0.123420567291828 0.100479020560665 0.101706864539383
0.117036572669607 0.0704264857365423 0.158968785233692 0.0545716026026434
0.142221861055878 0.019644618145673 0.192573203174044 0.00541760216265121
0.153788838327108 0.00720752431197661 0.197490256122569 -0.0194838568095401
0.145708258785701 0.0150125613247722 0.173849784507079 -0.0172851758441595
0.13227120420694 0.0369941626367136 0.121976531228614 0.00581797893453685
0.104908919616476 0.0776059578261208 0.0833285355267801 0.0191323919487069
0.0349054532585577 0.110379741781373 0.0387364155274851 0.0204348487441746
-0.0284927848788134 0.101943981467098 0.013130002163198 -0.0111075629044806
-0.0728987936344792 0.100811732525141 0.052915424191855 -0.0600094317430416
-0.124638453932599 0.0719052068006322 0.16887436787276 -0.126551448899747
-0.0469844755422575 0.0355474685665506 0.312641081890173 -0.0321906538761583
-0.0223029500318491 0.0416813144054522 0.171414273691463 -0.0853162277065391
-0.0152875332678353 0.0237334412861671 0.0555168756998542 -0.0336429789474565
-0.010945287087001 0.0355910135899011 0.0237300979552702 0.0650676955298279
0.0142931222891254 0.0459762679724126 0.114028153028734 0.110034376435966
0.0381445717712628 0.0310897858931893 0.193142910418877 0.0628640092088321
0.0597579382292813 0.00741676771032998 0.236313575774741 0.00756374352945012
0.0682276672852291 0.00749870374499127 0.240177142357345 -0.0164840432856159
0.0640805735650833 0.0135709411269379 0.20919920022403 -0.00575019555831632
0.049998992718197 0.0316673366471561 0.141127534604942 0.0269429112069621
0.0273694587993814 0.0470360240186193 0.0817334809815819 0.0440752481481338
-0.0128761383179111 0.0425659496893176 0.0248262832344609 0.0338010168768396
-0.0232719277225417 0.0100103979697515 0.00971259086316908 -0.0210584469163667
-0.00765221504237057 0.0261614912324177 0.0697472374458044 -0.0625531303972188
-0.0281726538778203 0.0344192131288578 0.202413103452226 -0.128448242051824
-0.0470313468990935 -0.0125766670321974 -0.225356998815438 0.122146391458311
-0.0506020424428498 0.0121157949222345 -0.0935131902916211 0.100369188638243
-0.0138913450777582 0.044377795718361 -0.0150645727920237 0.0489099677271105
0.0241970725609389 0.0257954121314126 0.0122936321192822 -0.0314027078106978
0.0315243189201436 0.0027623863574614 -0.0478348915247465 -0.0687056414735927
0.0269507346323232 -0.00291598828074151 -0.12659676635674 -0.0528058637306272
0.0199271585307418 0.00162648368773506 -0.202387961094115 -0.0210841956392612
0.0290206522266924 -0.00468443239712183 -0.246876927594658 -0.00177128698616472
0.0387311915362012 -0.0030033723217852 -0.246491892455856 -0.015420807176887
0.0521999800004007 -0.000784365270834605 -0.204698493517776 -0.0569758175511284
0.0542259147456766 0.0240251329783677 -0.132211874775921 -0.0907226036965565
0.0349218361503664 0.0661150705076256 -0.0511516952636997 -0.0649279326127382
-0.026147680969099 0.0937109622533725 -0.0712275599112337 0.0236734247188888
-0.0876763442523288 0.041483355437676 -0.169808867427061 0.0313838224220685
-0.0830699454147885 5.94322657829771E-05 -0.312331752338608 -0.00628341900766704
-0.131395709994151 0.00166638795726063 -0.201823363277063 0.103399910796597
-0.113743875799646 0.0403850074564829 -0.112673482664556 0.0825685853688853
-0.0616965198753053 0.0867492546831646 -0.0264898309560128 0.0542508386697249
0.015026592624809 0.0872271123426723 0.0170779013263856 -0.0199140931289811
0.0660314843678364 0.060551330594541 -0.0296278547718837 -0.0686968695397461
0.0898383723166028 0.0302236844938303 -0.110921717578171 -0.0614286906140683
0.0994701064410583 0.0144962330828478 -0.179322739354911 -0.0293980619099172
0.120942288595051 -0.00086663950932122 -0.216062228875591 -0.00602481052244725
0.132224248580151 0.00730696688663129 -0.214375501197739 -0.0123030498497481
0.145445904916632 0.0250669395214551 -0.178771700954736 -0.0419340080946791
0.135326709599136 0.0811905070066919 -0.113187290667148 -0.0727445853809152
0.0748032820330752 0.155140327892905 -0.0389925556669142 -0.0487290515433157
-0.0420278620310359 0.203104495017289 -0.0596896305764729 0.0447043405021175
-0.168225616267297 0.13566251915539 -0.148476398528545 0.0445237520586554
-0.197093630045766 0.0478882703727572 -0.267244456159833 -0.000676687447474017
-0.206481742688055 0.013044934689244 -0.142577278850306 0.0832458087968675
-0.177190951613095 0.0667895405209717 -0.110480851373031 0.0584174023464736
-0.116384187850418 0.130270859899187 -0.0370840025049232 0.0502555924682408
-0.00241084190108495 0.154041739198425 0.0124909578324693 -0.00359064900029097
0.0927726450216578 0.125606185872946 -0.0104638416703578 -0.0532663164608372
0.144530054534408 0.0693085362853271 -0.0790538510154549 -0.0560470189158039
0.167553262721158 0.0281270028123914 -0.129713403274893 -0.0295027198785633
0.195588375549924 0.00181120180582075 -0.152632143431681 -0.0104913475090802
0.205936315776316 0.0104139457833661 -0.149650208500485 -0.0111803181406316
0.220735883743573 0.0338190780208974 -0.127613943506641 -0.0273713008399861
0.209890927540722 0.112399369255381 -0.0776664149795157 -0.0530660642507783
0.124892013525682 0.215760220232717 -0.020470969309372 -0.0356835537488913
-0.0299318554515975 0.287411464311494 -0.0365802391059203 0.0487068300863831
-0.206206658047686 0.220758411008316 -0.104874318032446 0.040223580579441
-0.273609027540315 0.0974197136331343 -0.183741172469074 -0.0118701565906395
-0.258853381089116 0.0242461291508861 -0.0495513500219406 0.0626993402428036
-0.229367036029279 0.0949554418225742 -0.0754961833906609 0.027834769046381
-0.163322532918781 0.175554878041616 -0.0370692478492815 0.0341218900351497
-0.0173520098518185 0.216233545977806 0.00324876834572667 0.0156471265703073
0.11260787716256 0.183758907511746 0.0129502392863981 -0.018795243012222
0.183713023228015 0.10258337109219 -0.0296317155326879 -0.0342767710892695
0.213594717523461 0.0394500245008955 -0.056043781202883 -0.0221928621826562
0.240329926661652 0.00480442092695378 -0.0648524173964483 -0.013756565517033
0.24540905426694 0.011054887268423 -0.0632940065054438 -0.0140870526346486
0.260993027762325 0.0334694170686892 -0.0569088293000484 -0.019980962957945
0.252616116005915 0.119969918857064 -0.0262021278404162 -0.0361298873103899
0.158003569736183 0.236998039333989 0.00397896693801449 -0.0238770550766564
-0.00943660459679758 0.319966016847087 -0.0116532751940207 0.0366513567506544
-0.205503221474806 0.265257661280039 -0.0525325481006587 0.014149359938352
-0.300026462617262 0.128976615877768 -0.0805177226800371 -0.0392611893881492
-0.272551136217798 0.0350874123136196 0.0640350172388501 0.0411033242128443
-0.24689230988387 0.116632191244393 -0.0108356464601482 -0.00738225498346927
-0.179720412501281 0.200083327711073 -0.0228771286034355 0.0121354977833074
-0.0236133454647369 0.24525362886977 -0.00120881574696716 0.038546107745695
0.118270217339867 0.210486695245487 0.0427768276978224 0.0290588481083702
0.195773900910495 0.118438273928252 0.0341165722436779 -9.48264990489417E-05
0.226988278280522 0.0428468626358242 0.0309567746278703 -0.00994603832489418
0.248411548898206 0.00772787226347493 0.0325590673262559 -0.0166924929259526
0.24672283046411 0.0127849867278671 0.0296645184181461 -0.0190258815767978
0.253820031010631 0.0335124309815527 0.0179190237528477 -0.0152722453774326
0.242211894241402 0.112772424332479 0.0262682785854927 -0.0214809297223369
0.147731849850255 0.218991373571078 0.0274858594038321 -0.011250312617891
-0.00503230373691202 0.287080800214616 0.00670873070006129 0.0179478404772786
-0.177429279556268 0.250024899782896 -0.00477444265155739 -0.0206838456263758
-0.276693611518464 0.131580032658579 0.0245320876470066 -0.0763310189074441
-0.237328667868289 0.0435905287948294 0.177316255852586 0.0185663051261031
-0.210713168798911 0.118384393969664 0.0658572390383944 -0.0395427775271384
-0.149574523090357 0.18181595752498 0.0041206140944219 -0.00610826939252326
-0.0193598463651713 0.215948628023516 0.00354957026754331 0.0601867533209252
0.102420814993681 0.188806804586312 0.073343411411903 0.0754580417436298
0.171884339706876 0.108283731054299 0.101204190447474 0.0356942015982101
0.201638898405615 0.0380911706324792 0.119838175054378 0.00273958130809348
0.21760923799833 0.0104004349819666 0.125073286467696 -0.0168386932990884
0.210912975674671 0.0160252565030227 0.112885126110588 -0.0196087265476814
0.205102596206762 0.0377424922255056 0.0806812246215401 -0.00675959270333542
0.183410282706236 0.099715650021744 0.0651661218972801 -0.00211811689665369
0.0949678532320499 0.172656647983517 0.0407933827442444 0.00417960890612839
-0.0186043162799358 0.20374322357968 0.0144999812752654 0.0016470460183969
-0.13381496255703 0.18340878970992 0.0315026689112439 -0.0469867440438114
-0.214991919779363 0.105485555588509 0.113036336895389 -0.106868060303118
-0.158903143338778 0.044626074043058 0.267469436906449 -0.00210158239376615
-0.127133523449605 0.0921986490859442 0.132322488785295 -0.0631347675968413
-0.0851483829624783 0.116096670590765 0.0346165741632267 -0.0194409074329066
-0.0120381221777454 0.135284507114269 0.0144544632199124 0.070734479958416
0.0654237543890802 0.126709188523364 0.098144542010232 0.106121722654501
0.115182186805688 0.0759381638221406 0.156290520272813 0.0610918932113209
0.142006324171662 0.0249227199353755 0.192626581005515 0.0116908026798731
0.154866712321864 0.011146818199303 0.198342334658589 -0.0142879722103705
0.146983248294573 0.0194099144397084 0.174955761870398 -0.0131947282542234
0.130740440339936 0.0414315081291598 0.122027158125407 0.0103909069592783
0.101910340932646 0.0800044007025454 0.0822765837896421 0.0221859703139376
0.0309699672149492 0.110641727522109 0.0378647621437552 0.0218382966402771
-0.0320789947835348 0.101111771379732 0.0141256197771287 -0.00948676902091618
-0.0764378175355702 0.0982255376940919 0.0568898564625485 -0.0583329330518589
-0.12797980076449 0.0677630135176093 0.174668168558577 -0.12265634690839
-0.049581247012375 0.0336192912658962 0.314568093277337 -0.0205849439585977
-0.0241585869524205 0.0411300101245456 0.174434302172039 -0.0798408965764243
-0.016657141211714 0.0244584600641008 0.0569768112967198 -0.0324480717086953
-0.0124450860142517 0.0354218851741624 0.022650431421987 0.0665994106733439
0.0131040773034025 0.0465764968684766 0.111389513935698 0.114279423155197
0.037845109629506 0.0328300827608989 0.190588632966488 0.0705087275949109
0.0588666218577746 0.00963926048687827 0.23682879007226 0.0141865063164988
0.068630941460447 0.00928067917676271 0.241035723060206 -0.0113900509997829
0.0645065989824609 0.0159563224574199 0.21002573705798 -0.000820323325157229
0.0487142855461422 0.0339736974983478 0.140757653770022 0.0316800964128548
0.0255299108818987 0.04775114866522 0.0797923573473624 0.0471608220411054
-0.0139944073047295 0.042220488485519 0.0236606363417797 0.0338250788659996
-0.0231356451761266 0.00973735503189342 0.0103985385741432 -0.0200316552381771
-0.00878685649696839 0.0260386349873858 0.0734950282893894 -0.0606439905903395
-0.0304683610754877 0.0330591685447578 0.207631714681881 -0.12305657819505
