TRXV5
3
4
4
9
string Extension=J
integer IsArchMeasurement=1
integer IsSpherical=1
string Generator=SPM
string GeneratorVersion=1.3.1 Dev
double ArchRadius=0.449999988079071
integer FrequencyAxisIndex=0
integer AzimuthAxisIndex=1
integer ElevationAxisIndex=2
Frequency
5 136 690000000 960000000 LIN
Azimuth
7 8 0 2.74889357189107 LIN
Elevation
7 15 -2.74889357189107 2.74889357189107 LIN
Polar H Real Part
13
Polar H Imaginary Part
14
Polar V Real Part
13
Polar V Imaginary Part
14
Polar H Magnitude (dB)
12 0xC0000002 0 1
Polar H Phase
7 0xC0000003 0 1
Polar V Magnitude (dB)
12 0xC0000002 2 3
Polar V Phase
7 0xC0000003 2 3
0.0118589401245117 0.00194644927978516 -0.129341125488281 -0.108978271484375
-0.00587177276611328 -0.0146799087524414 -0.0475273132324219 -0.0419883728027344
-0.0189590454101563 -0.000297546386718751 0.0474891662597656 -0.0185699462890625
-0.00798416137695313 0.0140008926391602 0.0953216552734375 -0.0697097778320313
0.00430011749267578 0.00914382934570313 0.0823745727539063 -0.113815307617188
0.00375223159790039 0.00205469131469727 0.036224365234375 -0.1556396484375
-0.00144767761230469 -0.0107126235961914 -0.0185089111328125 -0.15386962890625
-0.00377750396728516 -0.00898265838623047 -0.049560546875 -0.115036010742188
-0.00419807434082031 -0.00896072387695313 -0.0571212768554688 -0.0762557983398438
0.00285959243774414 -0.00815248489379883 -0.0553321838378906 -0.0498466491699219
0.00398612022399902 -0.00114536285400391 -0.0711669921875 -0.0180587768554687
-0.00991344451904297 0.00623226165771485 -0.076568603515625 0.000564575195312508
-0.0218563079833984 -0.0102519989013672 -0.103790283203125 0.00882720947265624
-0.00449752807617188 -0.0253810882568359 -0.15179443359375 0.028778076171875
0.00209140777587891 -0.0150337219238281 -0.161346435546875 0.0347442626953125
0.0758743286132813 0.0287094116210937 -0.105812072753906 -0.105796813964844
0.05963134765625 0.00481414794921875 -0.0239105224609375 -0.0380744934082031
0.0388870239257812 0.002471923828125 0.0593452453613281 -0.0201339721679688
0.0429267883300781 -0.000629425048828125 0.103294372558594 -0.0696563720703125
0.0406723022460937 -0.0186843872070312 0.0867843627929688 -0.110885620117188
0.0230331420898437 -0.0451316833496094 0.037994384765625 -0.152572631835938
-0.00103759765625 -0.0588035583496094 -0.0160369873046875 -0.142471313476563
-0.00408172607421875 -0.0536918640136719 -0.0482025146484375 -0.0994720458984375
-0.00703048706054688 -0.0576934814453125 -0.0566635131835938 -0.0605087280273438
0.00762939453124999 -0.0598907470703125 -0.0585174560546875 -0.0389862060546875
0.0247688293457031 -0.045013427734375 -0.0724029541015625 -0.00816345214843751
0.0258998870849609 -0.0308628082275391 -0.074005126953125 0.00518798828125
0.0284137725830078 -0.0252513885498047 -0.0997543334960938 0.0142059326171875
0.0534820556640625 -0.0245933532714844 -0.1353759765625 0.0343170166015625
0.0653228759765625 -0.006683349609375 -0.141815185546875 0.040924072265625
0.12908935546875 0.0523910522460938 -0.0645294189453125 -0.093780517578125
0.118934631347656 0.02532958984375 0.0126457214355469 -0.0255451202392578
0.0954971313476563 0.0057830810546875 0.07513427734375 -0.0170135498046875
0.0924758911132813 -0.016021728515625 0.109359741210938 -0.0641098022460938
0.0743331909179688 -0.0462722778320313 0.0860366821289063 -0.0996322631835938
0.039581298828125 -0.0869369506835938 0.0364227294921875 -0.136405944824219
-0.000129699707031248 -0.0980453491210938 -0.01177978515625 -0.113914489746094
-0.00396728515625 -0.0896530151367188 -0.0395889282226563 -0.0692024230957031
-0.0104293823242187 -0.0984344482421875 -0.0471305847167969 -0.0310935974121094
0.00707244873046875 -0.1029052734375 -0.055328369140625 -0.0141639709472656
0.0379409790039062 -0.084259033203125 -0.0694770812988281 0.0113525390625
0.0531997680664063 -0.0666656494140625 -0.0720367431640625 0.0148849487304687
0.0723037719726563 -0.0432815551757813 -0.0941848754882813 0.0176162719726563
0.103996276855469 -0.02508544921875 -0.107841491699219 0.0339202880859375
0.117973327636719 0.00167083740234375 -0.103309631347656 0.0489883422851562
0.162124633789063 0.0657958984375 -0.0104598999023437 -0.0750732421875
0.162551879882813 0.0380401611328125 0.0554046630859375 -0.009521484375
0.138740539550781 0.00263214111328125 0.09112548828125 -0.0119552612304688
0.1285400390625 -0.0339508056640625 0.110038757324219 -0.0535125732421875
0.0956497192382813 -0.0709304809570313 0.0791854858398438 -0.0806655883789063
0.0472640991210938 -0.117904663085937 0.0315170288085938 -0.106292724609375
-0.00232696533203124 -0.122978210449219 -0.00554656982421875 -0.0722732543945313
-0.00459289550781251 -0.11114501953125 -0.0257415771484375 -0.0277862548828125
-0.0128021240234375 -0.123298645019531 -0.0314750671386719 0.00611114501953124
0.00762939453125001 -0.130020141601563 -0.0456161499023438 0.0178604125976562
0.0475082397460938 -0.110488891601563 -0.0619850158691406 0.0350494384765625
0.0736541748046875 -0.0921554565429688 -0.0678977966308594 0.0260429382324219
0.107353210449219 -0.0545196533203125 -0.0858993530273438 0.0170135498046875
0.141799926757813 -0.0207672119140625 -0.0706100463867187 0.0275115966796875
0.153213500976562 0.0132904052734375 -0.0510406494140625 0.0569915771484375
0.168975830078125 0.0679931640625 0.0481224060058594 -0.0584983825683594
0.180130004882813 0.0410003662109375 0.0989837646484375 0.000434875488281253
0.157150268554688 -0.0037994384765625 0.101875305175781 -0.008544921875
0.141143798828125 -0.048187255859375 0.104408264160156 -0.03863525390625
0.0990142822265625 -0.0863876342773438 0.0693168640136719 -0.0534553527832031
0.0427703857421875 -0.131782531738281 0.027374267578125 -0.0659675598144531
-0.00621795654296875 -0.128013610839844 0.00375747680664062 -0.0244865417480469
-0.00559997558593751 -0.115760803222656 -0.0081939697265625 0.016484260559082
-0.0120773315429687 -0.12982177734375 -0.013916015625 0.0474205017089844
0.0107650756835937 -0.137855529785156 -0.035369873046875 0.0538978576660156
0.0560760498046875 -0.117874145507813 -0.0547752380371094 0.0605659484863281
0.0883941650390625 -0.100273132324219 -0.0628623962402344 0.036285400390625
0.129188537597656 -0.0511398315429688 -0.0723419189453125 0.01373291015625
0.159957885742188 -0.0073699951171875 -0.0283050537109375 0.0193767547607422
0.162918090820313 0.02899169921875 0.00644302368164064 0.0680427551269531
0.147216796875 0.0608062744140625 0.100791931152344 -0.0466842651367187
0.168121337890625 0.036651611328125 0.133430480957031 0.00138092041015625
0.146957397460938 -0.009613037109375 0.106979370117188 -0.0097808837890625
0.127273559570313 -0.0536651611328125 0.0937881469726563 -0.022613525390625
0.0842132568359375 -0.0879669189453125 0.0592994689941406 -0.0243339538574219
0.029571533203125 -0.123992919921875 0.0263080596923828 -0.0218486785888672
-0.010284423828125 -0.113243103027344 0.0167789459228516 0.0232353210449219
-0.00603485107421876 -0.101921081542969 0.0102806091308594 0.0598526000976562
-0.00844573974609375 -0.117271423339844 0.000648498535156243 0.0865020751953125
0.015380859375 -0.124298095703125 -0.0293121337890625 0.0894088745117187
0.0607833862304688 -0.105697631835938 -0.05126953125 0.08343505859375
0.0950164794921875 -0.0884170532226563 -0.0599098205566406 0.0461196899414062
0.132438659667969 -0.03326416015625 -0.05670166015625 0.0122833251953125
0.15435791015625 0.0135650634765625 0.0141582489013672 0.0183448791503906
0.147430419921875 0.04425048828125 0.0619125366210938 0.0861663818359375
0.103546142578125 0.0454864501953125 0.139518737792969 -0.0430221557617187
0.130592346191406 0.0283050537109375 0.154129028320312 -0.005279541015625
0.112648010253906 -0.0126266479492188 0.104171752929688 -0.0135421752929688
0.0932998657226563 -0.0485153198242188 0.08197021484375 -0.00942230224609376
0.0557098388671875 -0.072601318359375 0.0537796020507813 -3.05175781250045E-05
0.0108795166015625 -0.0958175659179688 0.0309333801269531 0.0156536102294922
-0.0133514404296875 -0.080535888671875 0.0324287414550781 0.060638427734375
-0.00724029541015624 -0.0716781616210938 0.0270462036132812 0.0936660766601562
-0.00677490234375001 -0.08685302734375 0.0101547241210937 0.119468688964844
0.0152511596679688 -0.0935211181640625 -0.0288848876953125 0.119842529296875
0.05517578125 -0.078460693359375 -0.0546798706054687 0.101737976074219
0.0848846435546875 -0.0619354248046875 -0.0608329772949219 0.0556983947753906
0.113693237304687 -0.0102310180664062 -0.0438079833984375 0.0150871276855469
0.124320983886719 0.0303726196289063 0.0475807189941406 0.0265960693359375
0.10821533203125 0.0517501831054688 0.105026245117188 0.107978820800781
0.0435218811035156 0.029327392578125 0.1590576171875 -0.0464935302734375
0.0752487182617188 0.0221176147460938 0.157669067382813 -0.0182952880859375
0.0638618469238281 -0.00821685791015625 0.0967330932617188 -0.0184555053710938
0.0487556457519531 -0.0302276611328125 0.0728683471679688 0.000518798828124998
0.0237045288085938 -0.0427627563476563 0.0521202087402344 0.0160598754882812
-0.00445175170898438 -0.0502891540527344 0.0392570495605469 0.0405387878417969
-0.0112857818603516 -0.0342350006103516 0.0450515747070312 0.08306884765625
-0.0069122314453125 -0.0305061340332031 0.0389404296875 0.113243103027344
-0.00650787353515625 -0.0432624816894531 0.0124664306640625 0.13983154296875
0.00689697265625 -0.0506782531738281 -0.0363082885742188 0.138908386230469
0.0351943969726563 -0.0441665649414063 -0.06396484375 0.112297058105469
0.0567131042480469 -0.03326416015625 -0.0655364990234375 0.0651626586914063
0.0755386352539062 0.00514984130859375 -0.0383758544921875 0.0228652954101563
0.0741195678710938 0.0337066650390625 0.0641021728515625 0.0412559509277344
0.052154541015625 0.0467643737792969 0.128890991210938 0.128532409667969
0.0140485763549805 0.00231647491455078 -0.140975952148437 -0.100051879882813
-0.00645732879638672 -0.0145530700683594 -0.0516891479492188 -0.0377044677734375
-0.0189914703369141 0.00161933898925781 0.0482673645019531 -0.0235557556152344
-0.00587081909179688 0.0145406723022461 0.0919570922851563 -0.0809402465820313
0.00617837905883789 0.00804519653320313 0.0748214721679687 -0.125885009765625
0.00476646423339844 0.000506877899169922 0.022674560546875 -0.1636962890625
-0.00210285186767578 -0.0122995376586914 -0.0352325439453125 -0.155609130859375
-0.00378513336181641 -0.00965690612792969 -0.0635299682617188 -0.111244201660156
-0.00402641296386719 -0.00941658020019531 -0.0672683715820312 -0.072265625
0.00345325469970703 -0.00961112976074219 -0.0633430480957031 -0.0464134216308594
0.00486326217651367 -0.00137758255004883 -0.0763320922851563 -0.0119476318359375
-0.00913333892822266 0.00797939300537109 -0.0801544189453125 0.00659942626953125
-0.0232143402099609 -0.0070037841796875 -0.107215881347656 0.0156326293945313
-0.0075531005859375 -0.0248603820800781 -0.155014038085938 0.043609619140625
0.00088787078857422 -0.0147514343261719 -0.164718627929688 0.0528564453125
0.0833358764648438 0.0224838256835938 -0.116218566894531 -0.099273681640625
0.0630455017089844 -0.00164031982421875 -0.0263214111328125 -0.035552978515625
0.0411033630371094 -0.00104141235351563 0.0608558654785156 -0.024932861328125
0.0450096130371094 -0.005523681640625 0.100845336914062 -0.0814056396484375
0.0401229858398438 -0.0245170593261719 0.079864501953125 -0.1224365234375
0.0185928344726563 -0.0493812561035156 0.024658203125 -0.1605224609375
-0.00648117065429688 -0.0610198974609375 -0.031646728515625 -0.1434326171875
-0.00967025756835937 -0.0560989379882813 -0.0605087280273437 -0.0950698852539063
-0.0125923156738281 -0.0596351623535156 -0.0655860900878906 -0.0555267333984375
0.00255966186523437 -0.0627021789550781 -0.0660285949707031 -0.0340080261230469
0.0223808288574219 -0.0490837097167969 -0.0773773193359375 -0.000755310058593763
0.0244655609130859 -0.0334873199462891 -0.0774459838867187 0.0114974975585938
0.0267562866210937 -0.0267715454101563 -0.102943420410156 0.022796630859375
0.0518226623535156 -0.0299263000488281 -0.137100219726562 0.0482330322265625
0.0669479370117188 -0.0123634338378906 -0.143951416015625 0.058868408203125
0.139549255371094 0.0411453247070313 -0.0725936889648437 -0.0894088745117188
0.125518798828125 0.0137863159179688 0.0121784210205078 -0.0248012542724609
0.0990447998046875 -0.0031890869140625 0.0779800415039063 -0.0219192504882813
0.094268798828125 -0.026123046875 0.108779907226563 -0.0753936767578125
0.0718307495117188 -0.0557937622070313 0.0797958374023438 -0.110130310058594
0.031646728515625 -0.0931015014648438 0.024139404296875 -0.14227294921875
-0.0101470947265625 -0.100700378417969 -0.0237045288085937 -0.114433288574219
-0.0132522583007812 -0.0921554565429688 -0.0480232238769531 -0.0643234252929688
-0.0209732055664063 -0.100349426269531 -0.0531425476074219 -0.0253829956054688
-0.00287628173828124 -0.106948852539062 -0.0611152648925781 -0.00913238525390625
0.031097412109375 -0.0909423828125 -0.0733108520507813 0.01904296875
0.048431396484375 -0.073272705078125 -0.0749893188476563 0.0213851928710937
0.0697898864746094 -0.0503501892089844 -0.0972442626953125 0.0264816284179687
0.103858947753906 -0.03546142578125 -0.108718872070313 0.045867919921875
0.122276306152344 -0.0095672607421875 -0.10382080078125 0.0632781982421875
0.174407958984375 0.0516510009765625 -0.0147323608398437 -0.0756301879882813
0.171173095703125 0.0230255126953125 0.0577316284179688 -0.01220703125
0.143218994140625 -0.0105743408203125 0.0952911376953125 -0.0176925659179688
0.129135131835938 -0.0488052368164063 0.110565185546875 -0.0641098022460938
0.0908660888671875 -0.083160400390625 0.0748367309570313 -0.0897750854492188
0.0352020263671875 -0.12445068359375 0.0216751098632813 -0.110504150390625
-0.0153274536132813 -0.125106811523438 -0.0132369995117188 -0.0723114013671875
-0.0166091918945313 -0.113716125488281 -0.0295925140380859 -0.0238876342773438
-0.026519775390625 -0.125389099121094 -0.0333099365234375 0.0113811492919922
-0.0059356689453125 -0.134956359863281 -0.0489768981933594 0.0237007141113281
0.0382080078125 -0.1187744140625 -0.06365966796875 0.0429191589355469
0.0667190551757813 -0.102333068847656 -0.0697174072265625 0.0326156616210938
0.10394287109375 -0.0657272338867188 -0.0878982543945313 0.0260009765625
0.143234252929688 -0.0349273681640625 -0.0715789794921875 0.0355758666992188
0.159149169921875 -0.001373291015625 -0.0490913391113281 0.0667839050292969
0.181289672851563 0.052398681640625 0.0468826293945313 -0.0636711120605469
0.188980102539062 0.0237884521484375 0.103469848632813 -0.00566864013671875
0.160781860351563 -0.0181121826171875 0.107032775878906 -0.01446533203125
0.140640258789063 -0.0640106201171875 0.106292724609375 -0.0473556518554688
0.09228515625 -0.0991973876953125 0.0669059753417969 -0.0608329772949219
0.0291976928710937 -0.138328552246094 0.0211601257324219 -0.0685462951660156
-0.0206069946289062 -0.129867553710938 0.00183868408203125 -0.0244274139404297
-0.017913818359375 -0.117652893066406 -0.00693321228027344 0.0199642181396484
-0.026458740234375 -0.131813049316406 -0.0111274719238281 0.0520439147949219
-0.00437927246093749 -0.14239501953125 -0.0338668823242188 0.0602226257324219
0.0451736450195313 -0.127067565917969 -0.0530357360839844 0.0683059692382812
0.080780029296875 -0.112693786621094 -0.063507080078125 0.0435218811035156
0.126930236816406 -0.0646286010742188 -0.0748825073242187 0.021514892578125
0.16351318359375 -0.0229339599609375 -0.0289115905761719 0.0237998962402344
0.171401977539063 0.0131683349609375 0.0113296508789063 0.0729293823242188
0.158767700195313 0.04571533203125 0.101585388183594 -0.0571212768554688
0.175582885742188 0.0201416015625 0.1395263671875 -0.00804901123046875
0.149795532226563 -0.0238494873046875 0.111328125 -0.0160369873046875
0.125930786132813 -0.068634033203125 0.0972061157226563 -0.0298004150390625
0.076416015625 -0.0986175537109375 0.0598602294921875 -0.0294418334960938
0.0164413452148438 -0.12884521484375 0.0251426696777344 -0.0235481262207031
-0.0227737426757812 -0.113121032714844 0.0201892852783203 0.0220260620117187
-0.0177841186523438 -0.103080749511719 0.0168075561523438 0.0614776611328125
-0.0223312377929687 -0.117996215820313 0.00887298583984374 0.0905075073242187
0.00134277343749999 -0.128433227539063 -0.0230712890625 0.096221923828125
0.0511627197265625 -0.115104675292969 -0.0471725463867187 0.0913543701171875
0.0878143310546875 -0.101005554199219 -0.0592575073242188 0.0537261962890625
0.132331848144531 -0.0471115112304688 -0.058441162109375 0.0192489624023438
0.160125732421875 -0.00213623046875 0.0147438049316406 0.0175991058349609
0.15692138671875 0.0300445556640625 0.0690994262695313 0.0853424072265625
0.111251831054688 0.0351333618164063 0.141281127929687 -0.0579681396484375
0.136955261230469 0.0158233642578125 0.159713745117188 -0.0178070068359375
0.114730834960938 -0.0231475830078125 0.107978820800781 -0.020538330078125
0.0918121337890625 -0.0592041015625 0.0864181518554688 -0.0145111083984375
0.0490646362304687 -0.0804367065429688 0.056365966796875 -0.00336456298828125
6.86645507812509E-05 -0.0975265502929688 0.0339984893798828 0.0143184661865234
-0.0222854614257813 -0.07861328125 0.0402908325195313 0.0591316223144531
-0.015869140625 -0.070953369140625 0.038330078125 0.0934906005859375
-0.017059326171875 -0.0867538452148438 0.0226287841796875 0.122734069824219
0.00458526611328126 -0.0967483520507813 -0.0196456909179688 0.127197265625
0.0480880737304688 -0.0870437622070313 -0.048187255859375 0.110481262207031
0.0802078247070313 -0.073944091796875 -0.0582962036132812 0.0634651184082031
0.114913940429687 -0.0213165283203125 -0.0445327758789062 0.0213623046875
0.130508422851563 0.0185394287109375 0.0500564575195313 0.0225296020507813
0.116767883300781 0.0418243408203125 0.115386962890625 0.102958679199219
0.0478286743164063 0.0245513916015625 0.161346435546875 -0.0634307861328125
0.0793228149414063 0.0140304565429688 0.1629638671875 -0.03155517578125
0.0653114318847656 -0.0148162841796875 0.0997085571289063 -0.0252227783203125
0.0470046997070313 -0.0369987487792969 0.0771102905273438 -0.00423431396484375
0.0195503234863281 -0.0456733703613281 0.0568618774414062 0.0127944946289062
-0.0112876892089844 -0.0493202209472656 0.0450248718261719 0.0382003784179687
-0.0155582427978516 -0.0318813323974609 0.0561141967773438 0.0796585083007813
-0.0103435516357422 -0.0291576385498047 0.0516815185546875 0.111839294433594
-0.0117149353027344 -0.0417556762695313 0.0263671875 0.14276123046875
0.00113677978515625 -0.0516204833984375 -0.024505615234375 0.146804809570313
0.0309944152832031 -0.0491981506347656 -0.05670166015625 0.121742248535156
0.0539779663085938 -0.0412101745605469 -0.06256103515625 0.0735244750976563
0.0770111083984375 -0.001678466796875 -0.0381889343261719 0.0275039672851563
0.0794448852539062 0.027099609375 0.0681610107421875 0.0349388122558594
0.0581398010253906 0.0411911010742188 0.142501831054688 0.12127685546875
0.0160245895385742 0.00154781341552734 -0.146133422851562 -0.0880584716796875
-0.00624942779541015 -0.0137815475463867 -0.0532035827636719 -0.0321426391601563
-0.017578125 0.00348663330078125 0.0472640991210938 -0.0270957946777344
-0.00359535217285156 0.0142879486083984 0.0853424072265625 -0.0887374877929688
0.00681591033935547 0.00642013549804688 0.0643539428710938 -0.13201904296875
0.00530052185058594 -0.0015110969543457 0.00848388671875001 -0.165618896484375
-0.00249290466308594 -0.0137081146240234 -0.0500030517578125 -0.150146484375
-0.00355339050292969 -0.0111770629882813 -0.0736083984375 -0.102981567382813
-0.00362968444824219 -0.00977993011474609 -0.0749282836914063 -0.064361572265625
0.00415992736816406 -0.0106077194213867 -0.0693550109863281 -0.0408897399902344
0.00603723526000977 -0.00258159637451172 -0.07818603515625 -0.00528717041015624
-0.00698566436767578 0.00978469848632813 -0.0808486938476563 0.0121078491210937
-0.0230083465576172 -0.00375175476074218 -0.10687255859375 0.0227737426757812
-0.00997161865234375 -0.0238533020019531 -0.1512451171875 0.0558013916015625
-0.000307083129882812 -0.0128822326660156 -0.160598754882813 0.06951904296875
0.0866546630859375 0.0153884887695312 -0.121368408203125 -0.0887451171875
0.0636520385742188 -0.00795364379882813 -0.0277328491210938 -0.031341552734375
0.0416221618652344 -0.00493240356445313 0.0603485107421875 -0.0293426513671875
0.0451011657714844 -0.0110740661621094 0.094940185546875 -0.0889434814453125
0.0374221801757813 -0.0288047790527344 0.0695953369140625 -0.129066467285156
0.0142402648925781 -0.0507583618164062 0.010650634765625 -0.16162109375
-0.0121421813964844 -0.0612754821777344 -0.0444869995117187 -0.138160705566406
-0.0136795043945312 -0.0552215576171875 -0.0691680908203125 -0.0862808227539063
-0.0176963806152344 -0.0591087341308594 -0.07183837890625 -0.0475540161132813
-0.00266647338867187 -0.063232421875 -0.0712966918945312 -0.02783203125
0.0187416076660156 -0.0508956909179687 -0.0788192749023438 0.00636291503906249
0.0224895477294922 -0.0344390869140625 -0.0782928466796875 0.0173721313476563
0.0242118835449219 -0.0279788970947266 -0.10235595703125 0.030120849609375
0.0483436584472656 -0.0327606201171875 -0.133903503417969 0.06005859375
0.0657005310058594 -0.0172386169433594 -0.139801025390625 0.0739517211914062
0.144332885742188 0.0289764404296875 -0.0765457153320312 -0.0826492309570313
0.126792907714844 0.001708984375 0.0125865936279297 -0.0233726501464844
0.0988082885742187 -0.0125274658203125 0.0784683227539063 -0.0264663696289063
0.0914993286132813 -0.035064697265625 0.103492736816406 -0.0829238891601563
0.0659103393554688 -0.0627288818359375 0.071441650390625 -0.116653442382813
0.022216796875 -0.0946197509765625 0.01171875 -0.142669677734375
-0.0196304321289062 -0.09893798828125 -0.0341262817382813 -0.109687805175781
-0.0218048095703125 -0.0906524658203125 -0.05389404296875 -0.056915283203125
-0.0304183959960938 -0.097991943359375 -0.0565948486328125 -0.0183525085449219
-0.012237548828125 -0.106048583984375 -0.0642738342285156 -0.00190353393554689
0.0234146118164062 -0.0933685302734375 -0.0735015869140625 0.0260696411132813
0.04241943359375 -0.07745361328125 -0.0748367309570312 0.027740478515625
0.0649375915527344 -0.0542488098144531 -0.0959548950195313 0.0345840454101563
0.0996170043945312 -0.0431137084960937 -0.106109619140625 0.0559921264648438
0.120567321777344 -0.0200119018554687 -0.0992355346679688 0.0752944946289063
0.179367065429688 0.0352935791015625 -0.0183029174804687 -0.0737762451171875
0.17181396484375 0.0061492919921875 0.0588912963867188 -0.0143089294433594
0.141845703125 -0.0225982666015625 0.0958099365234375 -0.0227127075195313
0.124343872070313 -0.060882568359375 0.106887817382813 -0.0717239379882813
0.0820159912109375 -0.0913009643554688 0.0682449340820313 -0.0943450927734375
0.0230712890625 -0.126068115234375 0.011932373046875 -0.110443115234375
-0.0269317626953125 -0.121963500976563 -0.0192756652832031 -0.0692825317382813
-0.027099609375 -0.111640930175781 -0.0317764282226563 -0.0184726715087891
-0.0383377075195313 -0.121810913085937 -0.0329742431640625 0.0170192718505859
-0.018951416015625 -0.132797241210938 -0.0486259460449219 0.0292854309082031
0.0269012451171875 -0.121971130371094 -0.0618247985839844 0.0497245788574219
0.0565414428710937 -0.10791015625 -0.0689888000488281 0.038299560546875
0.0982208251953125 -0.07257080078125 -0.0870742797851563 0.0341873168945312
0.138954162597656 -0.0464935302734375 -0.0697479248046875 0.0427818298339844
0.158737182617188 -0.01580810546875 -0.0451126098632812 0.07354736328125
0.1859130859375 0.035247802734375 0.0441398620605469 -0.0671577453613281
0.1888427734375 0.0054473876953125 0.105026245117188 -0.011810302734375
0.1585693359375 -0.0322265625 0.10797119140625 -0.0200119018554688
0.134147644042969 -0.0770263671875 0.104812622070313 -0.053985595703125
0.082366943359375 -0.107566833496094 0.0628166198730469 -0.06500244140625
0.0152435302734375 -0.138092041015625 0.0154457092285156 -0.0682296752929688
-0.0318832397460937 -0.124771118164063 -0.000373840332031254 -0.0225486755371094
-0.0294189453125 -0.114479064941406 -0.00464820861816406 0.0226612091064453
-0.0394287109375 -0.127166748046875 -0.0067901611328125 0.0543212890625
-0.0190582275390625 -0.140350341796875 -0.0311546325683594 0.0641899108886718
0.0329437255859375 -0.131057739257813 -0.0492401123046875 0.0743255615234375
0.0688934326171875 -0.119316101074219 -0.061279296875 0.0492591857910156
0.119880676269531 -0.0746002197265625 -0.0737762451171875 0.0300369262695312
0.160659790039063 -0.0369415283203125 -0.0280666351318359 0.0268955230712891
0.172393798828125 -0.003265380859375 0.01544189453125 0.0748367309570313
0.161758422851563 0.03021240234375 0.0987701416015625 -0.065582275390625
0.175445556640625 0.002960205078125 0.14019775390625 -0.0174407958984375
0.147262573242187 -0.0361785888671875 0.112289428710938 -0.0215682983398438
0.119094848632813 -0.0802001953125 0.097015380859375 -0.0356903076171875
0.0662841796875 -0.104827880859375 0.0585365295410156 -0.0333633422851563
0.00304412841796875 -0.1263427734375 0.0229911804199219 -0.0243377685546875
-0.0333099365234375 -0.108108520507813 0.0227298736572266 0.0207843780517578
-0.0271148681640625 -0.0991058349609375 0.0227241516113281 0.0604782104492187
-0.0344619750976563 -0.113777160644531 0.0170822143554687 0.0909576416015625
-0.0120773315429687 -0.126380920410156 -0.0167388916015625 0.09942626953125
0.0391616821289063 -0.119606018066406 -0.0410690307617187 0.0967483520507812
0.0769805908203125 -0.109161376953125 -0.0557022094726562 0.0586433410644531
0.126594543457031 -0.058013916015625 -0.0580863952636719 0.0251655578613281
0.158721923828125 -0.0162200927734375 0.0143842697143555 0.0174150466918945
0.159133911132813 0.014739990234375 0.07427978515625 0.0812149047851563
0.114395141601562 0.0234832763671875 0.138092041015625 -0.070068359375
0.136558532714844 0.0023345947265625 0.159149169921875 -0.0297698974609375
0.112266540527344 -0.0328521728515625 0.107994079589844 -0.0265731811523438
0.0855789184570313 -0.0677413940429688 0.08740234375 -0.0197982788085938
0.040618896484375 -0.08367919921875 0.0573387145996094 -0.00725555419921876
-0.0101699829101562 -0.0946121215820313 0.0357246398925781 0.0122337341308594
-0.029449462890625 -0.0740432739257813 0.0460739135742187 0.0551223754882812
-0.0221214294433594 -0.0679740905761719 0.0467147827148438 0.0891036987304687
-0.0261917114257812 -0.0827865600585938 0.0339126586914063 0.120429992675781
-0.00584411621093751 -0.0949783325195312 -0.010040283203125 0.128883361816406
0.0381546020507813 -0.0902099609375 -0.0403289794921875 0.115272521972656
0.0717849731445313 -0.0816421508789063 -0.0541610717773437 0.0682945251464844
0.112167358398438 -0.0318145751953125 -0.0439224243164062 0.0253181457519531
0.130989074707031 0.00591278076171875 0.0498390197753906 0.0185089111328125
0.120445251464844 0.0288009643554688 0.121734619140625 0.0948104858398438
0.0490379333496094 0.0185012817382813 0.157470703125 -0.0775604248046875
0.080169677734375 0.00568389892578125 0.161331176757812 -0.0446624755859375
0.0635871887207031 -0.0206031799316406 0.0992202758789063 -0.0311508178710938
0.0430984497070313 -0.0416679382324219 0.07916259765625 -0.0090179443359375
0.0140647888183594 -0.0476493835449219 0.0591888427734375 0.00875091552734375
-0.0165023803710937 -0.0458450317382813 0.0496101379394531 0.0346565246582031
-0.0183582305908203 -0.0284881591796875 0.0643768310546875 0.0726470947265625
-0.0129337310791016 -0.0260658264160156 0.0623626708984375 0.105445861816406
-0.0159416198730469 -0.03790283203125 0.04034423828125 0.138763427734375
-0.00514984130859375 -0.0498580932617187 -0.0122222900390625 0.148818969726563
0.024871826171875 -0.0519065856933594 -0.0466842651367188 0.127021789550781
0.0494346618652344 -0.0461463928222656 -0.0572509765625 0.0794677734375
0.0755767822265625 -0.0088653564453125 -0.036651611328125 0.0311164855957031
0.0800018310546875 0.0191268920898438 0.0687599182128906 0.0282936096191406
0.0615768432617187 0.0340957641601563 0.15008544921875 0.109573364257813
0.0170354843139648 0.00152778625488281 -0.145721435546875 -0.0792236328125
-0.00649833679199218 -0.0138692855834961 -0.0525894165039062 -0.0276298522949219
-0.0159111022949219 0.0043478012084961 0.04638671875 -0.0289421081542969
-0.001922607421875 0.0134449005126953 0.0793685913085937 -0.0920028686523438
0.00759029388427734 0.0051884651184082 0.0562210083007813 -0.134185791015625
0.00498056411743164 -0.00305795669555664 -0.000808715820312516 -0.163131713867188
-0.00373649597167969 -0.0158138275146484 -0.057769775390625 -0.143157958984375
-0.00336837768554687 -0.0122509002685547 -0.0784988403320313 -0.094085693359375
-0.00307750701904297 -0.0109243392944336 -0.0788421630859375 -0.05767822265625
0.00425434112548828 -0.0116710662841797 -0.0727157592773438 -0.0363082885742188
0.00681161880493164 -0.0030980110168457 -0.0792770385742188 -0.000839233398437494
-0.00510406494140625 0.0108718872070313 -0.080078125 0.0153732299804687
-0.0225582122802734 -0.00169563293457031 -0.105361938476563 0.0257644653320312
-0.0115413665771484 -0.0216484069824219 -0.146636962890625 0.063232421875
-0.000776290893554688 -0.0108175277709961 -0.15472412109375 0.07989501953125
0.0874557495117188 0.0103759765625 -0.120765686035156 -0.0809555053710938
0.0629234313964844 -0.0119667053222656 -0.0270442962646484 -0.0276889801025391
0.041015625 -0.00720977783203125 0.05938720703125 -0.0308761596679687
0.0441017150878906 -0.0138511657714844 0.0895767211914063 -0.0923538208007813
0.034698486328125 -0.0316371917724609 0.0619430541992188 -0.130638122558594
0.0105972290039063 -0.0514640808105469 0.00132751464843749 -0.15838623046875
-0.0158233642578125 -0.0602645874023437 -0.0521240234375 -0.13134765625
-0.0162582397460937 -0.0548515319824219 -0.0724029541015625 -0.0776901245117188
-0.0201454162597656 -0.0579872131347656 -0.0745010375976563 -0.0401687622070313
-0.00575637817382813 -0.0628623962402344 -0.0743865966796875 -0.0221405029296875
0.0159721374511719 -0.0515975952148438 -0.0791397094726563 0.0112686157226563
0.0208225250244141 -0.0346660614013672 -0.0782089233398438 0.0206222534179687
0.0226707458496094 -0.0270557403564453 -0.100120544433594 0.0338592529296875
0.0456657409667969 -0.0338516235351563 -0.128265380859375 0.067352294921875
0.063720703125 -0.0193443298339844 -0.134361267089844 0.0836029052734375
0.145263671875 0.0194091796875 -0.0761947631835937 -0.0770492553710938
0.1248779296875 -0.0067596435546875 0.013031005859375 -0.0214786529541016
0.0972061157226563 -0.0174102783203125 0.078277587890625 -0.0284881591796875
0.0879745483398437 -0.0414276123046875 0.0987472534179688 -0.0865249633789063
0.0605125427246094 -0.0655708312988281 0.0642471313476563 -0.117607116699219
0.0154647827148437 -0.0936126708984375 0.00360870361328124 -0.139404296875
-0.0252685546875 -0.095855712890625 -0.03973388671875 -0.103950500488281
-0.026824951171875 -0.0883560180664063 -0.0552940368652344 -0.0494575500488281
-0.0355682373046875 -0.0945663452148438 -0.0577545166015625 -0.01214599609375
-0.0190200805664062 -0.103652954101563 -0.0663185119628906 0.0031890869140625
0.0179824829101562 -0.0934982299804688 -0.072998046875 0.0314178466796875
0.037322998046875 -0.0780181884765625 -0.0743408203125 0.0309677124023437
0.0612411499023438 -0.0552597045898438 -0.0938186645507813 0.039276123046875
0.0956878662109375 -0.0468521118164063 -0.101539611816406 0.062103271484375
0.117630004882813 -0.026214599609375 -0.0946273803710937 0.0830001831054688
0.17962646484375 0.0231781005859375 -0.0182647705078125 -0.0714340209960938
0.169097900390625 -0.00494384765625 0.0595359802246094 -0.0155105590820312
0.138053894042969 -0.0299911499023438 0.0962371826171875 -0.0244140625
0.118247985839844 -0.0676498413085938 0.1043701171875 -0.0746383666992188
0.0748367309570313 -0.0951309204101563 0.0627975463867187 -0.0954132080078125
0.0147171020507812 -0.124000549316406 0.00509643554687499 -0.107376098632813
-0.0336227416992187 -0.117103576660156 -0.0229568481445313 -0.0647697448730469
-0.0335845947265625 -0.107681274414063 -0.0310173034667969 -0.0133247375488281
-0.0452346801757813 -0.116317749023438 -0.0322036743164063 0.0207061767578125
-0.0275497436523438 -0.128990173339844 -0.0488777160644531 0.03411865234375
0.0191650390625 -0.121650695800781 -0.0605201721191406 0.0541000366210937
0.0493011474609375 -0.109603881835938 -0.0678176879882812 0.0420761108398437
0.0920944213867188 -0.0760650634765625 -0.0850372314453125 0.0395050048828125
0.134544372558594 -0.0534591674804688 -0.0671272277832031 0.04742431640625
0.15484619140625 -0.0254364013671875 -0.0417556762695312 0.0789794921875
0.18524169921875 0.02227783203125 0.0423049926757813 -0.068511962890625
0.185134887695313 -0.0066375732421875 0.104408264160156 -0.015472412109375
0.153610229492188 -0.03997802734375 0.108375549316406 -0.0223007202148438
0.126640319824219 -0.0844573974609375 0.102981567382813 -0.0570449829101563
0.0742568969726563 -0.110420227050781 0.0594596862792969 -0.0660018920898438
0.00652313232421875 -0.135101318359375 0.0112266540527344 -0.0655593872070313
-0.03863525390625 -0.118560791015625 -0.000446319580078129 -0.0213184356689453
-0.0362777709960937 -0.109550476074219 -0.00178718566894531 0.0245475769042969
-0.0475997924804687 -0.120933532714844 -0.00367736816406251 0.0556106567382812
-0.0281753540039062 -0.135276794433594 -0.0288619995117187 0.067230224609375
0.023284912109375 -0.131156921386719 -0.04644775390625 0.0772552490234375
0.0601806640625 -0.122352600097656 -0.0597419738769531 0.052215576171875
0.113410949707031 -0.0791778564453125 -0.0715179443359375 0.0345993041992187
0.156097412109375 -0.0456390380859375 -0.0275478363037109 0.0296669006347656
0.1690673828125 -0.014404296875 0.0177688598632813 0.0763473510742188
0.160980224609375 0.018890380859375 0.0960845947265625 -0.0701065063476563
0.171157836914063 -0.007843017578125 0.138565063476563 -0.0233688354492188
0.141571044921875 -0.0433349609375 0.112419128417969 -0.0241546630859375
0.111839294433594 -0.0867385864257813 0.0965042114257813 -0.038330078125
0.0580978393554687 -0.106735229492188 0.0571823120117188 -0.034210205078125
-0.00532531738281251 -0.122566223144531 0.0218620300292969 -0.0233364105224609
-0.0391845703125 -0.101814270019531 0.0243148803710937 0.019622802734375
-0.032928466796875 -0.0940017700195313 0.0267982482910156 0.0589485168457031
-0.0415878295898438 -0.107574462890625 0.022186279296875 0.0887298583984375
-0.02130126953125 -0.122566223144531 -0.0120468139648438 0.10009765625
0.02984619140625 -0.120048522949219 -0.0371170043945313 0.0995025634765625
0.0676727294921875 -0.112403869628906 -0.0535125732421875 0.0619735717773438
0.120773315429688 -0.0637664794921875 -0.0563774108886719 0.0290756225585937
0.155349731445313 -0.02496337890625 0.013336181640625 0.0169105529785156
0.157241821289062 0.003326416015625 0.0755615234375 0.0790176391601563
0.11297607421875 0.0145416259765625 0.134170532226563 -0.0778045654296875
0.133247375488281 -0.0069580078125 0.156707763671875 -0.0371551513671875
0.107887268066406 -0.0390625 0.107376098632813 -0.02960205078125
0.079437255859375 -0.0721664428710938 0.0879058837890625 -0.022247314453125
0.0336761474609375 -0.0843887329101563 0.0575714111328125 -0.00886917114257813
-0.0169143676757812 -0.090057373046875 0.0368270874023438 0.0111885070800781
-0.0334396362304688 -0.0683860778808594 0.0496292114257813 0.0500869750976562
-0.0257072448730469 -0.0630226135253906 0.0525970458984375 0.0848846435546875
-0.0308914184570312 -0.07684326171875 0.0406646728515625 0.116432189941406
-0.0135650634765625 -0.0909194946289063 -0.00279998779296874 0.128700256347656
0.0306930541992188 -0.0913009643554687 -0.0344772338867187 0.117340087890625
0.0643234252929688 -0.0847320556640625 -0.0509567260742187 0.07110595703125
0.107833862304688 -0.037384033203125 -0.0417251586914063 0.0283927917480469
0.128974914550781 -0.002227783203125 0.0479927062988281 0.0157318115234375
0.119277954101562 0.0198822021484375 0.122352600097656 0.0884933471679688
0.04901123046875 0.0138931274414062 0.151962280273438 -0.087005615234375
0.07763671875 -0.0008544921875 0.157867431640625 -0.0524444580078125
0.061553955078125 -0.024810791015625 0.0979156494140625 -0.0338363647460938
0.0394668579101563 -0.0441780090332031 0.0803756713867188 -0.011077880859375
0.00959396362304688 -0.0476303100585938 0.0605506896972656 0.00629425048828125
-0.0203628540039063 -0.0415802001953125 0.0522537231445312 0.0313835144042969
-0.0199146270751953 -0.0245208740234375 0.0683479309082031 0.0664405822753906
-0.0140380859375 -0.0226230621337891 0.0688323974609375 0.098175048828125
-0.0184726715087891 -0.0344753265380859 0.048248291015625 0.133323669433594
-0.0090484619140625 -0.0466880798339844 -0.00411987304687499 0.147323608398438
0.02044677734375 -0.0523109436035156 -0.0397567749023438 0.128883361816406
0.045135498046875 -0.0481071472167969 -0.053009033203125 0.0815200805664063
0.0730209350585938 -0.0128173828125 -0.0353240966796875 0.0320587158203125
0.0800094604492187 0.013580322265625 0.067291259765625 0.0231056213378906
0.0615768432617188 0.0279083251953125 0.151107788085938 0.100799560546875
0.0176601409912109 0.00208282470703125 -0.144622802734375 -0.0768890380859375
-0.00632095336914063 -0.0136289596557617 -0.0511436462402344 -0.0250358581542969
-0.014948844909668 0.0041046142578125 0.0472526550292969 -0.0299072265625
-0.000153541564941405 0.0126237869262695 0.0777435302734375 -0.0933609008789063
0.00804662704467773 0.0047297477722168 0.0532913208007813 -0.135414123535156
0.00562524795532227 -0.004547119140625 -0.0054931640625 -0.162322998046875
-0.00439834594726562 -0.0181007385253906 -0.0611648559570313 -0.139266967773438
-0.00317287445068359 -0.0145235061645508 -0.0809478759765625 -0.0890579223632813
-0.00212001800537109 -0.0125370025634766 -0.08203125 -0.05401611328125
0.00506591796875 -0.0132350921630859 -0.0766830444335938 -0.032867431640625
0.00800848007202148 -0.00414419174194336 -0.0802230834960938 0.000747680664062489
-0.00267314910888672 0.0118303298950195 -0.0810089111328125 0.0162506103515625
-0.0214900970458984 0.000350952148437496 -0.106910705566406 0.025909423828125
-0.012908935546875 -0.0199069976806641 -0.145065307617188 0.066314697265625
-0.00040435791015625 -0.00920486450195313 -0.152786254882813 0.08551025390625
0.0879440307617188 0.00850677490234375 -0.119827270507813 -0.07794189453125
0.0621910095214844 -0.0138015747070313 -0.0251445770263672 -0.0252017974853516
0.0419273376464844 -0.00846481323242187 0.0612297058105469 -0.0312232971191406
0.0442428588867188 -0.016204833984375 0.0876617431640625 -0.0938949584960937
0.0341739654541016 -0.0326709747314453 0.0587310791015625 -0.1314697265625
0.00921630859375 -0.0517196655273438 -0.00297546386718751 -0.157272338867187
-0.0180435180664063 -0.0607452392578125 -0.0554046630859375 -0.1270751953125
-0.0173606872558594 -0.0555458068847656 -0.0734481811523438 -0.0720901489257812
-0.0215377807617188 -0.0580101013183594 -0.0762252807617188 -0.0356063842773438
-0.00728988647460938 -0.0634651184082031 -0.077850341796875 -0.018341064453125
0.0153045654296875 -0.0520553588867188 -0.0808563232421875 0.0135421752929687
0.0208511352539063 -0.0348033905029297 -0.0790939331054687 0.0222015380859375
0.0228958129882813 -0.0256633758544922 -0.100990295410156 0.0351333618164063
0.0439796447753906 -0.0339851379394531 -0.127243041992187 0.070953369140625
0.0634040832519531 -0.0192184448242188 -0.132843017578125 0.0901641845703125
0.145278930664063 0.01483154296875 -0.0749893188476562 -0.074920654296875
0.124114990234375 -0.0111846923828125 0.0153636932373047 -0.0194435119628906
0.0961990356445312 -0.0196151733398437 0.0800094604492188 -0.02886962890625
0.0868759155273438 -0.0450820922851562 0.0980453491210938 -0.0876083374023438
0.0582542419433594 -0.0676727294921875 0.0612564086914063 -0.118736267089844
0.0131912231445313 -0.0936508178710938 -0.000480651855468745 -0.137458801269531
-0.028594970703125 -0.0947113037109375 -0.0418472290039063 -0.0998764038085938
-0.0289459228515625 -0.0881195068359375 -0.0559120178222656 -0.0447349548339844
-0.0383987426757813 -0.0928802490234375 -0.0583763122558594 -0.00741195678710937
-0.021820068359375 -0.102745056152344 -0.0684051513671875 0.00778961181640623
0.0158157348632813 -0.0940780639648438 -0.074432373046875 0.0346298217773437
0.0358657836914063 -0.0784912109375 -0.076141357421875 0.0328826904296875
0.0603408813476563 -0.0546150207519531 -0.0935592651367188 0.0413665771484375
0.093963623046875 -0.0483551025390625 -0.100090026855469 0.0657501220703125
0.116142272949219 -0.0282745361328125 -0.09295654296875 0.0888290405273438
0.178970336914063 0.01739501953125 -0.0173912048339844 -0.0699501037597656
0.167999267578125 -0.0107574462890625 0.0622711181640625 -0.0145225524902344
0.1375732421875 -0.0334320068359375 0.0980148315429688 -0.0243301391601563
0.116592407226563 -0.07171630859375 0.1043701171875 -0.0750274658203125
0.0710296630859375 -0.0970687866210938 0.0611190795898438 -0.0959625244140625
0.010345458984375 -0.123046875 0.002685546875 -0.105079650878906
-0.036529541015625 -0.114486694335937 -0.0237045288085937 -0.0621986389160156
-0.0366363525390625 -0.106536865234375 -0.0297222137451172 -0.0101451873779297
-0.049346923828125 -0.113754272460938 -0.031829833984375 0.0242080688476562
-0.032135009765625 -0.126899719238281 -0.0505943298339844 0.03826904296875
0.01483154296875 -0.122200012207031 -0.0611381530761719 0.0578651428222656
0.0461349487304688 -0.111038208007812 -0.0691947937011719 0.0448112487792969
0.0904083251953125 -0.0758819580078125 -0.0847549438476563 0.0418930053710938
0.132270812988281 -0.056365966796875 -0.0664443969726562 0.0509147644042969
0.153411865234375 -0.0296630859375 -0.0408172607421875 0.08392333984375
0.184677124023438 0.0150604248046875 0.0437736511230469 -0.0699462890625
0.183700561523438 -0.012420654296875 0.106468200683594 -0.0158004760742187
0.152740478515625 -0.042724609375 0.111061096191406 -0.0223312377929688
0.1229248046875 -0.0882110595703125 0.104209899902344 -0.0579299926757813
0.0694580078125 -0.11175537109375 0.0592079162597656 -0.065704345703125
0.00181579589843751 -0.13348388671875 0.01031494140625 -0.0638961791992188
-0.042083740234375 -0.115577697753906 -0.000217437744140628 -0.0194778442382813
-0.0392608642578125 -0.106964111328125 -0.000480651855468754 0.02618408203125
-0.051971435546875 -0.116981506347656 -0.00219345092773437 0.0573158264160156
-0.0332412719726562 -0.133018493652344 -0.0295257568359375 0.0706939697265625
0.0186233520507812 -0.131828308105469 -0.046600341796875 0.0801544189453125
0.054840087890625 -0.124015808105469 -0.0609931945800781 0.05462646484375
0.110916137695313 -0.081298828125 -0.0712127685546875 0.0381240844726562
0.153884887695313 -0.0498046875 -0.0270099639892578 0.0321826934814453
0.167800903320312 -0.0195465087890625 0.0186386108398438 0.079254150390625
0.1597900390625 0.011993408203125 0.0960845947265625 -0.072845458984375
0.169403076171875 -0.01385498046875 0.139747619628906 -0.0255966186523437
0.139572143554687 -0.0467758178710937 0.114212036132813 -0.0242767333984375
0.10784912109375 -0.0895156860351563 0.0984573364257812 -0.0388336181640625
0.0543746948242188 -0.108230590820313 0.0579261779785156 -0.0343742370605469
-0.00907135009765624 -0.120086669921875 0.0223731994628906 -0.0215816497802734
-0.0412063598632812 -0.0981674194335938 0.0254669189453125 0.0192451477050781
-0.0356826782226563 -0.0912017822265625 0.029998779296875 0.0587806701660156
-0.04583740234375 -0.103073120117188 0.0250015258789063 0.0891876220703125
-0.0266647338867188 -0.119155883789063 -0.0102081298828125 0.102806091308594
0.0243148803710937 -0.120384216308594 -0.0354537963867187 0.101303100585937
0.0628128051757813 -0.114051818847656 -0.0537338256835937 0.0636482238769531
0.118080139160156 -0.0669174194335938 -0.0559616088867187 0.0318183898925781
0.154434204101563 -0.0311126708984375 0.0131111145019531 0.0177822113037109
0.156158447265625 -0.0027618408203125 0.0753707885742188 0.08026123046875
0.112014770507813 0.0104217529296875 0.133453369140625 -0.0820159912109375
0.130828857421875 -0.0118637084960938 0.156005859375 -0.0402374267578125
0.106201171875 -0.041290283203125 0.109161376953125 -0.029327392578125
0.0765457153320313 -0.0750045776367187 0.0901718139648438 -0.0229415893554688
0.030426025390625 -0.0848312377929688 0.0596542358398438 -0.00967025756835938
-0.0201187133789063 -0.0866317749023438 0.0383415222167969 0.011627197265625
-0.0343475341796875 -0.0643882751464844 0.0511474609375 0.0480537414550781
-0.0278244018554688 -0.0603713989257813 0.0553207397460938 0.0825119018554688
-0.0336380004882813 -0.0729141235351563 0.0434417724609375 0.114234924316406
-0.0176010131835938 -0.088623046875 -0.000549316406249996 0.129539489746094
0.0265960693359375 -0.0916213989257813 -0.0319747924804687 0.118515014648438
0.0602798461914063 -0.0860443115234375 -0.0502395629882812 0.073089599609375
0.105628967285156 -0.0397109985351563 -0.0421676635742187 0.0303115844726562
0.12847900390625 -0.0069732666015625 0.0468559265136719 0.0148124694824219
0.119407653808594 0.0140533447265625 0.122535705566406 0.0875320434570313
0.0487823486328125 0.0105361938476562 0.14984130859375 -0.092071533203125
0.0770034790039063 -0.003936767578125 0.156845092773438 -0.056243896484375
0.0607070922851563 -0.0260047912597656 0.0984954833984375 -0.0335540771484375
0.0373764038085938 -0.0449638366699219 0.08294677734375 -0.0112533569335938
0.00679397583007812 -0.0474853515625 0.0627517700195313 0.00527191162109375
-0.02197265625 -0.0391082763671875 0.0541496276855469 0.03057861328125
-0.0199184417724609 -0.0212287902832031 0.0711288452148438 0.06256103515625
-0.0144386291503906 -0.0203418731689453 0.0717315673828125 0.0937347412109375
-0.0192813873291016 -0.0306167602539063 0.0519485473632812 0.130111694335938
-0.0114288330078125 -0.0439033508300781 -0.000396728515625011 0.147613525390625
0.0171890258789063 -0.0521163940429687 -0.0371475219726563 0.130172729492188
0.0419692993164062 -0.0494003295898437 -0.0515060424804687 0.0829925537109375
0.0717926025390625 -0.01513671875 -0.0348720550537109 0.0328445434570312
0.0795059204101563 0.00981903076171875 0.0659942626953125 0.0207901000976562
0.0615425109863281 0.0235023498535156 0.151382446289063 0.0987548828125
0.0196609497070313 0.00299835205078125 -0.147369384765625 -0.077789306640625
-0.00613784790039063 -0.0133056640625 -0.0511322021484375 -0.0232162475585938
-0.0142240524291992 0.00471687316894531 0.0492095947265625 -0.0305900573730469
0.000478744506835937 0.0116987228393555 0.07904052734375 -0.097686767578125
0.00872039794921875 0.00321674346923828 0.0528564453125 -0.140457153320313
0.00678062438964844 -0.0056614875793457 -0.008758544921875 -0.166488647460938
-0.00473785400390625 -0.0203742980957031 -0.0654296875 -0.140243530273437
-0.00323677062988281 -0.0171527862548828 -0.08428955078125 -0.0867843627929688
-0.00141429901123047 -0.0155858993530273 -0.0863418579101563 -0.051116943359375
0.00576210021972656 -0.0150842666625977 -0.0817337036132813 -0.0315780639648438
0.00946426391601563 -0.00499629974365234 -0.0841827392578125 0.00255584716796874
-0.000636100769042968 0.0125570297241211 -0.0857086181640625 0.0170669555664063
-0.0218009948730469 0.00216484069824219 -0.1114501953125 0.026702880859375
-0.0146198272705078 -0.018585205078125 -0.148880004882812 0.0706634521484375
0.000503540039062499 -0.00671243667602539 -0.156448364257813 0.0935821533203125
0.0910797119140625 0.007781982421875 -0.121025085449219 -0.079437255859375
0.0642623901367188 -0.0160598754882813 -0.0238590240478516 -0.0235347747802734
0.0434074401855469 -0.00934219360351562 0.0645904541015625 -0.031585693359375
0.0452880859375 -0.0190277099609375 0.0899581909179687 -0.097869873046875
0.0344924926757813 -0.0358772277832031 0.0586395263671875 -0.135665893554688
0.00901412963867188 -0.0543975830078125 -0.00613403320312499 -0.159698486328125
-0.0197525024414062 -0.0635108947753906 -0.05902099609375 -0.127601623535156
-0.0193367004394531 -0.0585060119628906 -0.0757598876953125 -0.0702285766601563
-0.0230369567871094 -0.060882568359375 -0.08013916015625 -0.031768798828125
-0.007843017578125 -0.0658073425292969 -0.0827865600585938 -0.0148239135742187
0.0159339904785156 -0.0547943115234375 -0.0849761962890625 0.0164794921875
0.0227928161621094 -0.0352554321289063 -0.0837326049804688 0.0234909057617188
0.0231590270996094 -0.0249805450439453 -0.104598999023438 0.03643798828125
0.0440635681152344 -0.0339889526367188 -0.129608154296875 0.0756301879882813
0.0648040771484375 -0.0192184448242188 -0.134574890136719 0.0988235473632812
0.15020751953125 0.0120697021484375 -0.0745010375976562 -0.0769882202148438
0.126815795898438 -0.0141677856445312 0.0185680389404297 -0.0184192657470703
0.0993576049804688 -0.0217132568359375 0.084991455078125 -0.0280685424804688
0.0880126953125 -0.0494461059570313 0.101516723632813 -0.09075927734375
0.0583267211914062 -0.0710220336914063 0.0620574951171875 -0.121170043945313
0.0111770629882812 -0.0965728759765625 -0.00252532958984374 -0.138999938964844
-0.030609130859375 -0.09735107421875 -0.0442276000976563 -0.0998764038085938
-0.0320968627929688 -0.0912246704101563 -0.0566864013671875 -0.0413894653320313
-0.0420074462890625 -0.0956802368164063 -0.0610694885253906 -0.00368881225585939
-0.0244216918945312 -0.105514526367188 -0.072906494140625 0.0125045776367187
0.0153656005859375 -0.097442626953125 -0.0784530639648438 0.0384902954101563
0.0359115600585938 -0.0808639526367188 -0.0803375244140625 0.0349960327148438
0.0618667602539063 -0.0555000305175781 -0.0970230102539063 0.04400634765625
0.0948638916015625 -0.05047607421875 -0.102210998535156 0.0713653564453125
0.118751525878906 -0.029937744140625 -0.094635009765625 0.0979766845703125
0.184783935546875 0.0130615234375 -0.0158538818359375 -0.07269287109375
0.17193603515625 -0.0153656005859375 0.0663604736328125 -0.0138015747070312
0.141159057617188 -0.0367584228515625 0.104400634765625 -0.0242233276367188
0.116775512695312 -0.07733154296875 0.108924865722656 -0.0778961181640625
0.0708236694335937 -0.101486206054688 0.0616226196289063 -0.0975875854492188
0.00864410400390626 -0.125289916992188 0.001678466796875 -0.104644775390625
-0.0393600463867187 -0.116630554199219 -0.0247955322265625 -0.0604782104492188
-0.0403900146484375 -0.1080322265625 -0.0295791625976563 -0.00684738159179688
-0.0541610717773437 -0.115501403808594 -0.031768798828125 0.0286102294921875
-0.0363082885742187 -0.129005432128906 -0.053497314453125 0.043548583984375
0.0123291015625 -0.12615966796875 -0.0647926330566406 0.0627250671386719
0.0450363159179688 -0.114051818847656 -0.0729827880859375 0.0480728149414062
0.0913925170898438 -0.0789718627929688 -0.0873641967773438 0.0459136962890625
0.134658813476562 -0.060638427734375 -0.0682296752929687 0.0553855895996094
0.156845092773438 -0.03314208984375 -0.0412521362304687 0.0913772583007813
0.189254760742188 0.010772705078125 0.0463714599609375 -0.0731124877929688
0.186904907226563 -0.0180206298828125 0.1112060546875 -0.0159912109375
0.15576171875 -0.04656982421875 0.116943359375 -0.021453857421875
0.124748229980469 -0.0942459106445313 0.10919189453125 -0.05987548828125
0.068267822265625 -0.116050720214844 0.0611190795898438 -0.0668258666992188
-0.0015106201171875 -0.134445190429688 0.00996398925781251 -0.0630378723144531
-0.0449371337890625 -0.116615295410156 -2.09808349609401E-05 -0.0186824798583984
-0.0434417724609375 -0.108596801757813 0.00176620483398437 0.0284881591796875
-0.0561981201171875 -0.117286682128906 -0.00117111206054688 0.061309814453125
-0.0386276245117187 -0.133705139160156 -0.0303802490234375 0.076080322265625
0.0145339965820312 -0.135337829589844 -0.0483016967773438 0.0861968994140625
0.0537643432617188 -0.128433227539063 -0.0638008117675781 0.0585403442382812
0.112655639648437 -0.0849685668945313 -0.0730361938476563 0.040496826171875
0.1580810546875 -0.055389404296875 -0.0291118621826172 0.034942626953125
0.17083740234375 -0.0252227783203125 0.0192489624023438 0.0855255126953125
0.163543701171875 0.007781982421875 0.0990219116210938 -0.0780792236328125
0.172195434570313 -0.019287109375 0.1441650390625 -0.0261383056640625
0.143020629882812 -0.048797607421875 0.120338439941406 -0.0237503051757813
0.1085205078125 -0.0944442749023438 0.103790283203125 -0.0393524169921875
0.0524673461914062 -0.111297607421875 0.0606460571289063 -0.034271240234375
-0.012420654296875 -0.120674133300781 0.0233936309814453 -0.0206623077392578
-0.0435409545898438 -0.0978546142578125 0.0281639099121094 0.0203495025634766
-0.03863525390625 -0.0915908813476563 0.0325698852539062 0.0605545043945312
-0.0488357543945313 -0.103111267089844 0.0267562866210937 0.0918197631835938
-0.0315017700195313 -0.119766235351563 -0.00991821289062499 0.106964111328125
0.0207672119140625 -0.124504089355469 -0.036285400390625 0.107429504394531
0.0606002807617188 -0.11859130859375 -0.0563201904296875 0.0682449340820312
0.119766235351562 -0.071075439453125 -0.0575218200683594 0.0349197387695313
0.157424926757813 -0.0355987548828125 0.0123271942138672 0.0194377899169922
0.159652709960938 -0.0074310302734375 0.077880859375 0.0859222412109375
0.114540100097656 0.00479888916015625 0.136817932128906 -0.0877914428710938
0.132537841796875 -0.0167160034179688 0.161422729492188 -0.0419921875
0.108901977539063 -0.0439834594726563 0.114662170410156 -0.0289154052734375
0.0760955810546875 -0.078948974609375 0.095855712890625 -0.0236740112304688
0.0276947021484375 -0.0879592895507813 0.0628547668457031 -0.00973892211914063
-0.023284912109375 -0.0862197875976563 0.0417861938476562 0.0120086669921875
-0.0363693237304687 -0.0630226135253906 0.0556678771972656 0.0478973388671875
-0.0291252136230469 -0.0590629577636719 0.059295654296875 0.0828704833984375
-0.0367050170898438 -0.0710220336914062 0.047210693359375 0.117111206054688
-0.0212326049804687 -0.0880203247070313 0.00169372558593749 0.134735107421875
0.0229568481445313 -0.0947799682617188 -0.0324554443359375 0.124664306640625
0.057708740234375 -0.0898590087890625 -0.0520401000976562 0.0766143798828125
0.10675048828125 -0.0432586669921875 -0.0430908203125 0.0317955017089844
0.131607055664063 -0.0118789672851563 0.047149658203125 0.0143775939941406
0.122108459472656 0.009918212890625 0.1258544921875 0.0916900634765625
0.04913330078125 0.0076141357421875 0.15435791015625 -0.100173950195312
0.0777816772460938 -0.007598876953125 0.16070556640625 -0.0599365234375
0.0621261596679687 -0.0291366577148437 0.103523254394531 -0.0337066650390625
0.0364990234375 -0.0483207702636719 0.0880508422851563 -0.0117263793945313
0.0040130615234375 -0.04803466796875 0.067626953125 0.004913330078125
-0.0251617431640625 -0.0380668640136719 0.058502197265625 0.0305213928222656
-0.0204048156738281 -0.0194301605224609 0.0752487182617188 0.0611724853515625
-0.0149612426757813 -0.0185909271240234 0.0756759643554688 0.0929489135742188
-0.020599365234375 -0.0280494689941406 0.055419921875 0.131256103515625
-0.0137557983398438 -0.042572021484375 0.00210571289062499 0.15087890625
0.0150299072265625 -0.0535850524902344 -0.0356903076171875 0.135726928710938
0.04022216796875 -0.05169677734375 -0.0530624389648438 0.08636474609375
0.0726394653320313 -0.016754150390625 -0.0365486145019531 0.0345916748046875
0.080902099609375 0.00710296630859375 0.0656929016113281 0.019866943359375
0.0626487731933594 0.020538330078125 0.154678344726563 0.100875854492188
0.0213603973388672 0.00483894348144531 -0.154953002929688 -0.0789794921875
-0.00546741485595703 -0.0130882263183594 -0.0524177551269531 -0.0220260620117188
-0.0136623382568359 0.00557994842529297 0.0534439086914062 -0.0330429077148438
0.00208473205566406 0.0115814208984375 0.0809860229492188 -0.105110168457031
0.00966644287109375 0.00145626068115234 0.05108642578125 -0.149688720703125
0.00673484802246094 -0.00836801528930664 -0.0153045654296875 -0.175735473632813
-0.00676536560058594 -0.02337646484375 -0.0743865966796875 -0.14471435546875
-0.00443458557128906 -0.0208816528320313 -0.0909271240234375 -0.0862197875976563
-0.00113868713378906 -0.0188102722167969 -0.0943832397460937 -0.04766845703125
0.00672149658203125 -0.0180835723876953 -0.0901641845703125 -0.0294265747070312
0.0113124847412109 -0.006134033203125 -0.0919418334960938 0.00566864013671876
0.00190162658691406 0.0138378143310547 -0.0926055908203125 0.0202102661132813
-0.021942138671875 0.0049285888671875 -0.119903564453125 0.029449462890625
-0.0159578323364258 -0.0164880752563477 -0.155029296875 0.079742431640625
0.000880718231201172 -0.00410008430480957 -0.160980224609375 0.108245849609375
0.0977706909179688 0.00608062744140625 -0.128028869628906 -0.0807113647460937
0.0675582885742188 -0.0191726684570313 -0.0228672027587891 -0.0226650238037109
0.0459785461425781 -0.0115547180175781 0.0697059631347656 -0.0340194702148437
0.0476760864257813 -0.02276611328125 0.0934677124023438 -0.105239868164062
0.035186767578125 -0.0396614074707031 0.0579681396484375 -0.144729614257813
0.00796127319335938 -0.0586433410644531 -0.0126190185546875 -0.167327880859375
-0.0239181518554688 -0.0673828125 -0.0661163330078125 -0.130386352539063
-0.0235786437988281 -0.0633430480957031 -0.0818557739257813 -0.0675506591796875
-0.0263099670410156 -0.0649032592773437 -0.0865859985351563 -0.0269699096679687
-0.0100746154785156 -0.0701446533203125 -0.090667724609375 -0.0102386474609375
0.0163688659667969 -0.0592842102050781 -0.0924758911132813 0.0214691162109375
0.024383544921875 -0.0377426147460938 -0.0907211303710938 0.0273056030273437
0.0248298645019531 -0.0251750946044922 -0.111740112304688 0.0411148071289062
0.0447311401367188 -0.0356674194335938 -0.134063720703125 0.0851364135742188
0.0682373046875 -0.0204734802246094 -0.138763427734375 0.112525939941406
0.158187866210938 0.008331298828125 -0.0785903930664063 -0.079559326171875
0.134132385253906 -0.02032470703125 0.0216560363769531 -0.0179710388183594
0.104827880859375 -0.02691650390625 0.0918502807617188 -0.0305252075195313
0.0907821655273438 -0.0564422607421875 0.10693359375 -0.0981521606445313
0.0587005615234375 -0.077880859375 0.0620651245117187 -0.128738403320313
0.00803375244140624 -0.102455139160156 -0.00756835937500001 -0.14385986328125
-0.0363616943359375 -0.10186767578125 -0.04913330078125 -0.1011962890625
-0.0378036499023438 -0.0954971313476562 -0.0596122741699219 -0.0386695861816406
-0.0473556518554687 -0.099853515625 -0.0646896362304688 0.00195693969726562
-0.029876708984375 -0.110305786132813 -0.07879638671875 0.0194931030273437
0.0124053955078125 -0.10443115234375 -0.084503173828125 0.04541015625
0.03668212890625 -0.0865020751953125 -0.0864791870117188 0.0409317016601562
0.0633964538574219 -0.0588569641113281 -0.102394104003906 0.0497055053710937
0.0976409912109375 -0.0557022094726562 -0.105445861816406 0.0795364379882813
0.124160766601563 -0.0347671508789063 -0.0966415405273437 0.111274719238281
0.194717407226562 0.00732421875 -0.0159530639648437 -0.0774917602539063
0.179901123046875 -0.0240631103515625 0.0726318359375 -0.0146255493164063
0.147613525390625 -0.0430908203125 0.112472534179688 -0.0266265869140625
0.120323181152344 -0.0863876342773438 0.115730285644531 -0.0843276977539063
0.0705184936523438 -0.109367370605469 0.0641098022460938 -0.103279113769531
0.00398254394531251 -0.1318359375 -0.0013580322265625 -0.108406066894531
-0.0459823608398438 -0.120704650878906 -0.0269889831542969 -0.0610389709472656
-0.0473785400390625 -0.112136840820313 -0.0292186737060547 -0.00409889221191407
-0.0612335205078125 -0.118499755859375 -0.0337543487548828 0.0344371795654297
-0.0443572998046875 -0.134033203125 -0.0571136474609375 0.0521888732910156
0.00844573974609376 -0.133613586425781 -0.0689010620117187 0.0705795288085938
0.043121337890625 -0.122421264648438 -0.07891845703125 0.0542526245117187
0.0936965942382812 -0.085906982421875 -0.0916824340820313 0.0517044067382812
0.139312744140625 -0.0684432983398438 -0.069915771484375 0.0630989074707031
0.163177490234375 -0.0404052734375 -0.0399169921875 0.103218078613281
0.198074340820313 0.002960205078125 0.0485458374023438 -0.0791397094726563
0.19476318359375 -0.0277862548828125 0.120063781738281 -0.0183486938476563
0.162704467773438 -0.0539093017578125 0.126388549804688 -0.0241165161132813
0.126518249511719 -0.103912353515625 0.117012023925781 -0.0648574829101563
0.0668411254882812 -0.124794006347656 0.064910888671875 -0.0707778930664063
-0.00718688964843749 -0.140525817871094 0.00996017456054688 -0.0631294250488281
-0.0511932373046875 -0.119842529296875 0.000968933105468748 -0.0176563262939453
-0.0498046875 -0.112159729003906 0.00477027893066406 0.0316047668457031
-0.0642166137695313 -0.119606018066406 0.00123214721679688 0.0675582885742188
-0.0474166870117188 -0.138099670410156 -0.0310211181640625 0.085479736328125
0.00912475585937499 -0.143875122070313 -0.0502777099609375 0.0950241088867187
0.05023193359375 -0.137489318847656 -0.0676956176757813 0.0656661987304687
0.115425109863281 -0.0929794311523437 -0.0765762329101562 0.0472488403320313
0.163467407226562 -0.0653228759765625 -0.0293617248535156 0.0401077270507812
0.178695678710938 -0.0333404541015625 0.022705078125 0.0952301025390625
0.171356201171875 0.00018310546875 0.103744506835938 -0.08624267578125
0.178466796875 -0.0286712646484375 0.154037475585937 -0.0312347412109375
0.1494140625 -0.057342529296875 0.129707336425781 -0.0260696411132813
0.110359191894531 -0.103752136230469 0.112167358398438 -0.044219970703125
0.04937744140625 -0.118843078613281 0.0653419494628906 -0.0370368957519531
-0.0187835693359375 -0.124374389648437 0.0258865356445312 -0.0202770233154297
-0.049346923828125 -0.099456787109375 0.0315017700195313 0.0206737518310547
-0.0447158813476563 -0.0930252075195313 0.0385284423828125 0.0624618530273437
-0.0564727783203125 -0.103347778320313 0.0317535400390625 0.0972061157226563
-0.0391921997070313 -0.122032165527344 -0.00809478759765625 0.11724853515625
0.0150604248046875 -0.131011962890625 -0.0358352661132813 0.117156982421875
0.05706787109375 -0.127555847167969 -0.0591049194335937 0.0752182006835937
0.123085021972656 -0.0786209106445313 -0.0602989196777344 0.0396614074707031
0.16357421875 -0.0455322265625 0.0130939483642578 0.0214748382568359
0.16680908203125 -0.0164031982421875 0.0844802856445313 0.0923995971679688
0.118896484375 -0.00034332275390625 0.142318725585937 -0.0981597900390625
0.137115478515625 -0.0248794555664063 0.169464111328125 -0.0485992431640625
0.112686157226563 -0.0500106811523438 0.122909545898438 -0.03192138671875
0.0761260986328125 -0.0859375 0.1038818359375 -0.0273361206054688
0.024169921875 -0.0929718017578125 0.06915283203125 -0.0116119384765625
-0.0288543701171875 -0.0875778198242188 0.0458717346191406 0.0135002136230469
-0.0402870178222656 -0.0632667541503906 0.0606575012207031 0.0480995178222656
-0.0334548950195313 -0.0599136352539062 0.066558837890625 0.0834732055664063
-0.0410728454589844 -0.0700912475585938 0.0541229248046875 0.121536254882813
-0.0274581909179688 -0.0882415771484375 0.00573730468750001 0.143630981445312
0.0176773071289063 -0.0995254516601563 -0.0306015014648438 0.134361267089844
0.0559844970703125 -0.0970458984375 -0.0538406372070313 0.0839004516601563
0.110198974609375 -0.0500640869140625 -0.0456733703613281 0.0358734130859375
0.13690185546875 -0.0196762084960937 0.0485916137695313 0.0142860412597656
0.12725830078125 0.00324249267578125 0.135185241699219 0.0958709716796875
0.0509147644042969 0.0048980712890625 0.15924072265625 -0.112960815429688
0.0806045532226563 -0.0133132934570313 0.168289184570312 -0.0673370361328125
0.0639610290527344 -0.0337982177734375 0.110450744628906 -0.0368194580078125
0.0353317260742188 -0.0538253784179688 0.0966339111328125 -0.0141677856445313
0.000400543212890628 -0.051025390625 0.0741653442382813 0.00334930419921875
-0.0290069580078125 -0.0362434387207031 0.0653572082519531 0.0301132202148437
-0.0220851898193359 -0.0173530578613281 0.0826797485351563 0.059844970703125
-0.0154027938842773 -0.0170679092407227 0.0833740234375 0.0929031372070313
-0.0224456787109375 -0.0256309509277344 0.062591552734375 0.135040283203125
-0.0181312561035156 -0.041717529296875 0.00669860839843748 0.159896850585938
0.0112152099609375 -0.0551872253417969 -0.0337371826171875 0.145401000976563
0.0389060974121094 -0.0554885864257812 -0.0544509887695313 0.0941543579101562
0.0757064819335938 -0.0207443237304688 -0.0396499633789063 0.0379104614257813
0.084381103515625 0.00131988525390625 0.0679168701171875 0.0179214477539063
0.0652732849121094 0.0169105529785156 0.165069580078125 0.10400390625
0.0249481201171875 0.00691604614257812 -0.16796875 -0.075469970703125
-0.00621604919433594 -0.0125398635864258 -0.0538978576660156 -0.01873779296875
-0.0128030776977539 0.00709724426269531 0.0567893981933594 -0.0380172729492188
0.00366306304931641 0.0104579925537109 0.0801544189453125 -0.116775512695313
0.0112533569335938 -0.00145816802978516 0.043914794921875 -0.16259765625
0.00734519958496094 -0.0119991302490234 -0.02935791015625 -0.184768676757813
-0.0102787017822266 -0.027740478515625 -0.088775634765625 -0.146804809570313
-0.00722122192382812 -0.0250530242919922 -0.101173400878906 -0.0824737548828125
-0.00227546691894531 -0.0227775573730469 -0.103866577148438 -0.039947509765625
0.00742340087890625 -0.0219593048095703 -0.100563049316406 -0.0224609375
0.013972282409668 -0.00938606262207031 -0.100181579589844 0.0129547119140625
0.00523948669433594 0.0142316818237305 -0.099884033203125 0.0263824462890625
-0.0225772857666016 0.00946807861328125 -0.128822326660156 0.0384750366210938
-0.0186424255371094 -0.0139884948730469 -0.159423828125 0.0949249267578125
0.0023648738861084 -0.00124263763427734 -0.16314697265625 0.12884521484375
0.104721069335938 0.00131988525390625 -0.138542175292969 -0.0789031982421875
0.0706405639648438 -0.024261474609375 -0.0222949981689453 -0.0209026336669922
0.0497856140136719 -0.016326904296875 0.075653076171875 -0.0396728515625
0.0490455627441406 -0.0288734436035156 0.09454345703125 -0.1175537109375
0.034820556640625 -0.0462684631347656 0.050994873046875 -0.1568603515625
0.00349044799804687 -0.0644569396972656 -0.02459716796875 -0.174224853515625
-0.030975341796875 -0.07232666015625 -0.0786361694335938 -0.131111145019531
-0.0306320190429687 -0.0676956176757813 -0.0895309448242188 -0.0624923706054687
-0.0318374633789063 -0.0694580078125 -0.0942153930664062 -0.0192337036132813
-0.01446533203125 -0.0747222900390625 -0.0994873046875 -0.000167846679687502
0.01483154296875 -0.0650444030761719 -0.0990982055664063 0.0321197509765625
0.0258941650390625 -0.0416946411132813 -0.0973739624023438 0.034912109375
0.0262718200683594 -0.0265865325927734 -0.118125915527344 0.0514450073242188
0.0444297790527344 -0.0387916564941406 -0.135887145996094 0.100730895996094
0.0713348388671875 -0.0233154296875 -0.138374328613281 0.133758544921875
0.16937255859375 -0.0012359619140625 -0.0862197875976562 -0.0807037353515625
0.140098571777344 -0.03216552734375 0.0248317718505859 -0.0191192626953125
0.110191345214844 -0.0359115600585938 0.0998382568359375 -0.0368194580078125
0.0919952392578125 -0.0680160522460938 0.109024047851563 -0.110671997070313
0.0557708740234375 -0.0880279541015625 0.0591201782226562 -0.139350891113281
0.00104522705078124 -0.109420776367188 -0.0173187255859375 -0.149826049804688
-0.0464706420898437 -0.106414794921875 -0.05926513671875 -0.100776672363281
-0.0480422973632813 -0.100349426269531 -0.0629615783691406 -0.0339469909667969
-0.0574722290039063 -0.102668762207031 -0.0687522888183594 0.00971984863281248
-0.0398635864257812 -0.114753723144531 -0.0842132568359375 0.0310592651367187
0.00682830810546874 -0.111175537109375 -0.0896835327148438 0.0573577880859375
0.0340194702148437 -0.0929946899414063 -0.0926055908203125 0.0509872436523437
0.0651702880859375 -0.0648612976074219 -0.106773376464844 0.06011962890625
0.0993118286132813 -0.0646209716796875 -0.106285095214844 0.0932846069335938
0.129402160644531 -0.0448379516601562 -0.0937118530273437 0.129966735839844
0.205245971679688 -0.0056304931640625 -0.0192184448242187 -0.0813140869140625
0.18701171875 -0.0390167236328125 0.0795364379882813 -0.0190200805664063
0.153900146484375 -0.05615234375 0.121986389160156 -0.0329666137695313
0.121307373046875 -0.101303100585937 0.120552062988281 -0.0959548950195312
0.06561279296875 -0.121322631835938 0.0634078979492187 -0.112434387207031
-0.00596618652343749 -0.139297485351562 -0.00729370117187501 -0.110542297363281
-0.0567474365234375 -0.123725891113281 -0.0305099487304688 -0.0605087280273438
-0.0587997436523437 -0.115760803222656 -0.0294475555419922 0.000251770019531239
-0.0736236572265625 -0.1195068359375 -0.0335884094238281 0.0421524047851562
-0.0560531616210938 -0.138053894042969 -0.0579490661621094 0.0642585754394531
-0.000976562500000003 -0.141799926757813 -0.0699615478515625 0.0839157104492188
0.0374908447265625 -0.132316589355469 -0.0825042724609375 0.0652618408203125
0.0943374633789062 -0.0971298217773437 -0.0937957763671875 0.0620498657226563
0.140945434570313 -0.0817718505859375 -0.0695037841796875 0.074188232421875
0.169387817382813 -0.05438232421875 -0.0355682373046875 0.118560791015625
0.208328247070313 -0.0101470947265625 0.0480880737304688 -0.0879058837890625
0.202102661132813 -0.0443267822265625 0.129325866699219 -0.0259780883789063
0.169265747070313 -0.0681304931640625 0.137016296386719 -0.0309295654296875
0.125251770019531 -0.119384765625 0.124214172363281 -0.0747299194335938
0.0615921020507812 -0.13714599609375 0.0667190551757813 -0.0774765014648438
-0.0181121826171875 -0.14617919921875 0.00722503662109374 -0.0646896362304688
-0.0623626708984375 -0.12152099609375 0.00135231018066406 -0.0170888900756836
-0.0609893798828125 -0.113372802734375 0.00916290283203125 0.0351486206054687
-0.0775375366210938 -0.119758605957031 0.00559997558593749 0.0737075805664062
-0.0605926513671875 -0.140190124511719 -0.0279312133789063 0.0971755981445312
-0.00254821777343751 -0.152297973632813 -0.0481185913085938 0.108161926269531
0.042572021484375 -0.149276733398438 -0.0704498291015625 0.0758819580078125
0.114631652832031 -0.106475830078125 -0.0793609619140625 0.0557937622070313
0.166259765625 -0.081939697265625 -0.02850341796875 0.047088623046875
0.185623168945313 -0.049713134765625 0.030517578125 0.10540771484375
0.179046630859375 -0.0135345458984375 0.105628967285156 -0.0987777709960938
0.184280395507813 -0.04541015625 0.163589477539063 -0.041900634765625
0.154251098632813 -0.0709686279296875 0.139839172363281 -0.0342025756835938
0.107444763183594 -0.118240356445313 0.120658874511719 -0.0540237426757813
0.042938232421875 -0.128791809082031 0.0709991455078125 -0.0423660278320313
-0.0300750732421875 -0.127754211425781 0.0293254852294922 -0.0198478698730469
-0.0595779418945312 -0.09967041015625 0.0361976623535156 0.020660400390625
-0.05450439453125 -0.0938339233398438 0.045928955078125 0.0642127990722656
-0.066650390625 -0.102577209472656 0.0393218994140625 0.103103637695313
-0.0525054931640625 -0.12396240234375 -0.001220703125 0.128318786621094
0.00325012207031251 -0.139320373535156 -0.0311965942382813 0.129486083984375
0.0485610961914062 -0.13922119140625 -0.0597000122070312 0.0859832763671875
0.124168395996094 -0.0929336547851563 -0.06195068359375 0.0469017028808594
0.168258666992188 -0.062713623046875 0.0138397216796875 0.0242443084716797
0.173324584960938 -0.0320281982421875 0.0960235595703125 0.0966720581054687
0.1246337890625 -0.0114669799804688 0.144866943359375 -0.115676879882813
0.140396118164062 -0.0378036499023437 0.177642822265625 -0.062591552734375
0.116798400878906 -0.06219482421875 0.131683349609375 -0.0397567749023438
0.0723342895507813 -0.0977096557617188 0.112884521484375 -0.0344619750976563
0.0169143676757813 -0.0999221801757812 0.076202392578125 -0.015899658203125
-0.0378036499023437 -0.0860824584960938 0.052734375 0.01165771484375
-0.0466537475585938 -0.060943603515625 0.0698280334472656 0.0458106994628906
-0.0392227172851562 -0.0587654113769531 0.0775375366210938 0.082794189453125
-0.048797607421875 -0.0680274963378906 0.06561279296875 0.12530517578125
-0.0361785888671875 -0.0872726440429688 0.01495361328125 0.153976440429688
0.0100173950195313 -0.104476928710938 -0.024017333984375 0.146148681640625
0.0491714477539063 -0.106559753417969 -0.0532455444335937 0.0946502685546875
0.112617492675781 -0.0621566772460938 -0.0488243103027344 0.0421905517578125
0.141159057617188 -0.0337982177734375 0.0505294799804688 0.013946533203125
0.132194519042969 -0.008087158203125 0.148635864257813 0.0964508056640625
0.0527877807617188 -0.000743865966796875 0.160873413085937 -0.133895874023437
0.0823898315429688 -0.0213623046875 0.173995971679688 -0.083831787109375
0.0639266967773438 -0.0404205322265625 0.11822509765625 -0.0438919067382812
0.0315437316894531 -0.0601615905761719 0.105140686035156 -0.0215072631835938
-0.00586318969726563 -0.0540580749511719 0.082275390625 -0.0015716552734375
-0.0355110168457031 -0.0326652526855469 0.0748748779296875 0.0266494750976562
-0.0251216888427734 -0.0138473510742188 0.0918045043945312 0.05487060546875
-0.0171041488647461 -0.0138139724731445 0.0937118530273438 0.0904312133789063
-0.025390625 -0.0224685668945313 0.0746841430664062 0.137420654296875
-0.0224380493164063 -0.0396881103515625 0.0179290771484375 0.169021606445313
0.00609970092773437 -0.0574226379394531 -0.026214599609375 0.1572265625
0.03497314453125 -0.0613861083984375 -0.0521087646484375 0.103630065917969
0.0767822265625 -0.0282440185546875 -0.0406532287597656 0.0427627563476563
0.0860443115234375 -0.00617218017578125 0.07037353515625 0.0144729614257813
0.0671119689941406 0.0105819702148437 0.17987060546875 0.1016845703125
0.0313301086425781 0.00809860229492188 -0.178619384765625 -0.0639495849609375
-0.00562763214111328 -0.0113019943237305 -0.0540390014648438 -0.0116920471191406
-0.0119361877441406 0.00911140441894531 0.0565757751464844 -0.0450057983398438
0.00569725036621094 0.00981998443603515 0.0728073120117188 -0.129295349121094
0.0125837326049805 -0.00429821014404297 0.030059814453125 -0.173202514648438
0.00532054901123047 -0.0166206359863281 -0.0481414794921875 -0.188720703125
-0.0160560607910156 -0.0310115814208984 -0.105575561523438 -0.141128540039063
-0.0115299224853516 -0.0286102294921875 -0.111785888671875 -0.072845458984375
-0.00440025329589844 -0.0287799835205078 -0.112701416015625 -0.0291900634765625
0.00691604614257813 -0.0276107788085938 -0.1092529296875 -0.00863647460937502
0.0157842636108398 -0.0124244689941406 -0.104995727539062 0.0251007080078125
0.0103120803833008 0.0146608352661133 -0.105911254882813 0.0382843017578125
-0.0212001800537109 0.0141258239746094 -0.134330749511719 0.051605224609375
-0.0206069946289063 -0.00852203369140625 -0.157485961914063 0.1138916015625
0.00491905212402344 0.0010223388671875 -0.154739379882813 0.153945922851563
0.1107177734375 -0.0043182373046875 -0.14849853515625 -0.068634033203125
0.0724411010742187 -0.0321578979492187 -0.021026611328125 -0.0187587738037109
0.0521354675292969 -0.0227699279785156 0.078765869140625 -0.0473709106445312
0.0488357543945312 -0.0373039245605469 0.0870361328125 -0.1314697265625
0.0315513610839844 -0.0541725158691406 0.0385284423828125 -0.166427612304687
-0.00252532958984374 -0.070556640625 -0.0423126220703125 -0.177413940429688
-0.039764404296875 -0.0724258422851563 -0.091796875 -0.125205993652344
-0.039764404296875 -0.0695075988769531 -0.0956573486328125 -0.0532150268554688
-0.0393524169921875 -0.0701179504394531 -0.0989227294921875 -0.00490570068359377
-0.0212326049804687 -0.0800933837890625 -0.105278015136719 0.013092041015625
0.0111961364746094 -0.0699539184570312 -0.103012084960938 0.0459976196289063
0.0252265930175781 -0.0464057922363281 -0.101768493652344 0.0484466552734375
0.0249595642089844 -0.0268802642822266 -0.11968994140625 0.0623931884765625
0.0423774719238281 -0.0401420593261719 -0.13055419921875 0.117431640625
0.0732192993164063 -0.0295486450195312 -0.1285400390625 0.155975341796875
0.174560546875 -0.018218994140625 -0.094329833984375 -0.07537841796875
0.142196655273438 -0.047119140625 0.0297813415527344 -0.0188751220703125
0.110687255859375 -0.04791259765625 0.10498046875 -0.0460128784179688
0.087432861328125 -0.080841064453125 0.108085632324219 -0.125137329101563
0.04681396484375 -0.0990982055664063 0.0496673583984375 -0.148773193359375
-0.00984954833984376 -0.114967346191406 -0.030120849609375 -0.1478271484375
-0.0599288940429687 -0.108421325683594 -0.0702133178710938 -0.0965423583984375
-0.06085205078125 -0.0987472534179688 -0.0669479370117188 -0.0245170593261719
-0.0713272094726562 -0.1021728515625 -0.0705108642578125 0.0228424072265625
-0.0515060424804688 -0.116500854492188 -0.0856552124023438 0.046966552734375
-0.0038909912109375 -0.117294311523437 -0.0884246826171875 0.0733566284179687
0.0261306762695312 -0.100494384765625 -0.094970703125 0.0617218017578125
0.0624427795410156 -0.0700836181640625 -0.109519958496094 0.0731201171875
0.0959854125976563 -0.0755233764648438 -0.100151062011719 0.11041259765625
0.130844116210938 -0.056610107421875 -0.0830230712890625 0.14959716796875
0.212905883789062 -0.0282745361328125 -0.0240402221679687 -0.0845489501953125
0.1875 -0.05950927734375 0.0853347778320313 -0.0252227783203125
0.155044555664063 -0.073486328125 0.131103515625 -0.043365478515625
0.113441467285156 -0.117538452148438 0.119682312011719 -0.110527038574219
0.0547637939453125 -0.132431030273438 0.0568771362304687 -0.122123718261719
-0.02130126953125 -0.144454956054688 -0.016448974609375 -0.110435485839844
-0.0716552734375 -0.123039245605469 -0.0341224670410156 -0.0558433532714844
-0.0734100341796875 -0.112556457519531 -0.0284881591796875 0.00487136840820312
-0.089263916015625 -0.117057800292969 -0.0288429260253906 0.0513916015625
-0.0743789672851563 -0.135536193847656 -0.0533447265625 0.0786590576171875
-0.0172576904296875 -0.147659301757813 -0.066192626953125 0.098907470703125
0.025909423828125 -0.141067504882812 -0.0834808349609375 0.077911376953125
0.0885086059570313 -0.107276916503906 -0.09320068359375 0.0753402709960938
0.139175415039063 -0.0977020263671875 -0.0617294311523438 0.084716796875
0.168014526367188 -0.07232666015625 -0.0232925415039063 0.133201599121094
0.214920043945313 -0.0337371826171875 0.0416717529296875 -0.0970611572265625
0.201812744140625 -0.066864013671875 0.135330200195313 -0.0367660522460938
0.169143676757813 -0.0872650146484375 0.145645141601563 -0.042236328125
0.117385864257813 -0.137443542480469 0.124641418457031 -0.0897598266601563
0.047271728515625 -0.149124145507813 0.0656204223632813 -0.0850296020507813
-0.0341796875 -0.149200439453125 0.004241943359375 -0.0645294189453125
-0.0766525268554688 -0.117752075195313 0.00166606903076171 -0.0153036117553711
-0.0751571655273438 -0.111503601074219 0.0148544311523437 0.0353279113769531
-0.0922470092773437 -0.114654541015625 0.0113754272460937 0.0812606811523437
-0.0780868530273438 -0.137321472167969 -0.0201568603515625 0.108314514160156
-0.0208587646484375 -0.156204223632813 -0.041778564453125 0.12237548828125
0.0266265869140625 -0.15924072265625 -0.0675201416015625 0.0913238525390625
0.109428405761719 -0.122123718261719 -0.0784912109375 0.0664138793945312
0.161834716796875 -0.101348876953125 -0.0237884521484375 0.0544815063476562
0.184051513671875 -0.0699615478515625 0.044464111328125 0.111305236816406
0.18280029296875 -0.0336761474609375 0.0989151000976563 -0.112655639648437
0.182830810546875 -0.06646728515625 0.166839599609375 -0.056884765625
0.151809692382813 -0.0864105224609375 0.147171020507813 -0.0436248779296875
0.0970611572265625 -0.132736206054687 0.123611450195313 -0.0654144287109375
0.0305328369140625 -0.135848999023438 0.071502685546875 -0.0513153076171875
-0.0437698364257812 -0.127372741699219 0.0320167541503906 -0.0215530395507813
-0.0704727172851563 -0.09619140625 0.0403594970703125 0.0195198059082031
-0.0656967163085938 -0.088104248046875 0.0551910400390625 0.0609283447265625
-0.0795440673828125 -0.0963211059570313 0.0526199340820313 0.105247497558594
-0.066314697265625 -0.118400573730469 0.0100021362304687 0.137588500976563
-0.0136566162109375 -0.141159057617188 -0.0196685791015625 0.140960693359375
0.0338897705078125 -0.147857666015625 -0.0540924072265625 0.0995941162109375
0.116592407226563 -0.107551574707031 -0.0611305236816406 0.0561676025390625
0.164932250976563 -0.084228515625 0.0167503356933594 0.0276947021484375
0.17388916015625 -0.0516357421875 0.108932495117188 0.0965728759765625
0.127090454101563 -0.02679443359375 0.1357421875 -0.134048461914063
0.139007568359375 -0.0540390014648438 0.179489135742188 -0.079986572265625
0.111854553222656 -0.0767745971679688 0.136184692382813 -0.0516357421875
0.0622711181640625 -0.108535766601563 0.117462158203125 -0.0466232299804688
0.00542449951171874 -0.102546691894531 0.0805587768554688 -0.0263671875
-0.0502777099609375 -0.0811614990234375 0.0593681335449219 0.00928115844726562
-0.0543289184570313 -0.0573921203613281 0.0781021118164063 0.0397872924804687
-0.0461311340332031 -0.0545921325683594 0.0890045166015625 0.0760421752929687
-0.0552444458007813 -0.0585670471191406 0.077972412109375 0.126899719238281
-0.0475921630859375 -0.0796585083007813 0.03118896484375 0.158935546875
-0.00350189208984375 -0.107223510742187 -0.0100250244140625 0.15887451171875
0.0367507934570312 -0.115493774414063 -0.0485687255859375 0.10675048828125
0.105613708496094 -0.076934814453125 -0.046875 0.0468063354492187
0.140419006347656 -0.051788330078125 0.053375244140625 0.00881576538085937
0.131217956542969 -0.024749755859375 0.164520263671875 0.0898590087890625
0.0523757934570313 -0.00720596313476563 0.150909423828125 -0.15496826171875
0.079071044921875 -0.0334625244140625 0.173736572265625 -0.101425170898438
0.0606727600097656 -0.0504875183105469 0.120376586914063 -0.0540618896484375
0.0236282348632813 -0.0641059875488281 0.111312866210937 -0.031524658203125
-0.0145187377929687 -0.0555801391601563 0.0877304077148438 -0.0101852416992188
-0.0406417846679687 -0.0239715576171875 0.0822830200195313 0.0215911865234375
-0.0270156860351563 -0.00935935974121093 0.10107421875 0.04400634765625
-0.0192031860351563 -0.0100765228271484 0.106155395507813 0.0811004638671875
-0.0263824462890625 -0.0177440643310547 0.0891494750976563 0.136512756347656
-0.0272960662841797 -0.0326251983642578 0.03302001953125 0.173233032226563
-0.00319290161132812 -0.0599861145019531 -0.01239013671875 0.166900634765625
0.0276756286621094 -0.0655136108398438 -0.044219970703125 0.115043640136719
0.0751495361328125 -0.0366668701171875 -0.0432472229003906 0.0486106872558594
0.0841751098632813 -0.0167999267578125 0.0702743530273438 0.00885772705078125
0.0685691833496094 0.00275421142578125 0.196533203125 0.089385986328125
0.0355987548828125 0.00767135620117188 -0.183578491210938 -0.0514678955078125
-0.00430774688720703 -0.0105009078979492 -0.052093505859375 -0.00773239135742187
-0.00672626495361328 0.00829648971557617 0.0578689575195313 -0.0515098571777344
0.00846052169799805 0.00655078887939453 0.06195068359375 -0.138015747070313
0.0108785629272461 -0.00775814056396484 0.0129241943359375 -0.177001953125
0.00372886657714844 -0.0216312408447266 -0.0664520263671875 -0.183547973632813
-0.0207500457763672 -0.0326633453369141 -0.119010925292969 -0.130104064941406
-0.0168380737304688 -0.0318050384521484 -0.116813659667969 -0.0610427856445313
-0.00889205932617188 -0.0329532623291016 -0.112602233886719 -0.0130691528320312
0.00478744506835938 -0.0312004089355469 -0.111915588378906 0.00455474853515624
0.0172204971313477 -0.0158271789550781 -0.107063293457031 0.0383682250976562
0.0165071487426758 0.0123138427734375 -0.105972290039062 0.0477142333984375
-0.0163993835449219 0.0181980133056641 -0.1322021484375 0.062652587890625
-0.0200538635253906 -0.00300216674804687 -0.145858764648438 0.126296997070312
0.00731372833251953 0.00420045852661133 -0.138504028320313 0.17047119140625
0.114608764648438 -0.0147476196289063 -0.151824951171875 -0.058563232421875
0.0707168579101563 -0.0403366088867188 -0.0185146331787109 -0.0164451599121094
0.0517578125 -0.0278816223144531 0.0783462524414063 -0.0555419921875
0.0449943542480469 -0.04278564453125 0.0787200927734375 -0.1396484375
0.0255584716796875 -0.0589179992675781 0.024383544921875 -0.170578002929687
-0.0106277465820312 -0.0731353759765625 -0.05706787109375 -0.170272827148438
-0.0501632690429688 -0.0722885131835938 -0.102928161621094 -0.114273071289063
-0.0487747192382813 -0.068359375 -0.0975265502929688 -0.0423126220703125
-0.0491485595703125 -0.0714340209960938 -0.0972824096679688 0.00864410400390624
-0.0295333862304688 -0.0793838500976563 -0.105384826660156 0.0289154052734375
0.00499725341796875 -0.0729141235351563 -0.101325988769531 0.0592117309570313
0.0243568420410156 -0.0489540100097656 -0.101142883300781 0.05926513671875
0.0257472991943359 -0.0266227722167969 -0.116950988769531 0.0755233764648438
0.0391921997070313 -0.0406875610351563 -0.120025634765625 0.131072998046875
0.0715866088867188 -0.0329513549804688 -0.1099853515625 0.17352294921875
0.176422119140625 -0.0328521728515625 -0.0979843139648437 -0.0683822631835938
0.136932373046875 -0.061798095703125 0.0333404541015625 -0.0227336883544922
0.110519409179688 -0.0591888427734375 0.106689453125 -0.0555648803710938
0.0797653198242188 -0.0895614624023437 0.0987167358398438 -0.13525390625
0.0376358032226563 -0.105148315429688 0.0383453369140625 -0.154205322265625
-0.0209121704101563 -0.115913391113281 -0.0416259765625 -0.143356323242187
-0.0713119506835937 -0.10186767578125 -0.074310302734375 -0.0865631103515625
-0.0724563598632812 -0.0943756103515625 -0.0652046203613281 -0.0166549682617188
-0.080810546875 -0.0973281860351562 -0.0651702880859375 0.0352058410644531
-0.0632781982421875 -0.112457275390625 -0.0825881958007813 0.0604934692382812
-0.0150070190429687 -0.117790222167969 -0.0850448608398437 0.08642578125
0.0196990966796875 -0.102958679199219 -0.092071533203125 0.0767669677734375
0.05633544921875 -0.0748977661132813 -0.102752685546875 0.085113525390625
0.088470458984375 -0.0806045532226563 -0.0885543823242188 0.120262145996094
0.124534606933594 -0.0670623779296875 -0.064422607421875 0.16339111328125
0.209762573242188 -0.046112060546875 -0.0316925048828125 -0.0821075439453125
0.180023193359375 -0.0794677734375 0.0884552001953125 -0.0308761596679688
0.14935302734375 -0.088775634765625 0.132225036621094 -0.0548019409179688
0.101364135742188 -0.128303527832031 0.114051818847656 -0.121726989746094
0.0406875610351562 -0.13885498046875 0.049285888671875 -0.125785827636719
-0.03509521484375 -0.14105224609375 -0.0216064453125 -0.1053466796875
-0.0856246948242188 -0.115653991699219 -0.0373115539550781 -0.0511894226074219
-0.0856170654296875 -0.105911254882813 -0.0243167877197266 0.0111713409423828
-0.0992355346679688 -0.108406066894531 -0.0215606689453125 0.0608901977539062
-0.0862350463867187 -0.127655029296875 -0.0474929809570313 0.09039306640625
-0.031158447265625 -0.1453857421875 -0.058868408203125 0.111228942871094
0.0117340087890625 -0.142776489257813 -0.077117919921875 0.0915908813476563
0.0794906616210938 -0.113166809082031 -0.0879592895507813 0.0858535766601562
0.126251220703125 -0.110610961914063 -0.053558349609375 0.0942611694335937
0.16021728515625 -0.0866241455078125 -0.00601196289062498 0.140899658203125
0.20892333984375 -0.0532379150390625 0.0357742309570313 -0.1007080078125
0.192062377929688 -0.08721923828125 0.137046813964844 -0.0478057861328125
0.1611328125 -0.102874755859375 0.148269653320313 -0.0538330078125
0.102020263671875 -0.147811889648438 0.123626708984375 -0.101799011230469
0.03204345703125 -0.151580810546875 0.0612945556640625 -0.0908126831054688
-0.047607421875 -0.143081665039063 0.00373077392578124 -0.0624122619628906
-0.088409423828125 -0.109786987304688 0.00457763671875 -0.0149030685424805
-0.0867996215820313 -0.101646423339844 0.0208702087402344 0.0368080139160156
-0.102066040039063 -0.103256225585938 0.0228424072265625 0.0842132568359375
-0.0920486450195312 -0.126091003417969 -0.00866699218750001 0.116470336914062
-0.035736083984375 -0.151580810546875 -0.0306167602539063 0.130905151367188
0.0107269287109375 -0.15985107421875 -0.0610275268554688 0.10076904296875
0.097259521484375 -0.132041931152344 -0.0718307495117187 0.0770034790039063
0.150405883789063 -0.118682861328125 -0.018035888671875 0.059722900390625
0.175567626953125 -0.0872955322265625 0.0582122802734375 0.114753723144531
0.176483154296875 -0.0521697998046875 0.0898208618164063 -0.125144958496094
0.17218017578125 -0.0847015380859375 0.166030883789063 -0.07012939453125
0.142776489257813 -0.103179931640625 0.149658203125 -0.0560302734375
0.0831298828125 -0.142196655273438 0.123504638671875 -0.0778884887695313
0.0138397216796875 -0.138801574707031 0.0726470947265625 -0.0575027465820313
-0.0562210083007812 -0.117568969726563 0.0341014862060547 -0.0223445892333984
-0.0795669555664062 -0.0851516723632813 0.0464057922363281 0.0149002075195312
-0.07293701171875 -0.0802993774414063 0.0621299743652344 0.0575714111328125
-0.086761474609375 -0.0845260620117188 0.062652587890625 0.104598999023438
-0.0789566040039063 -0.107040405273438 0.024383544921875 0.1400146484375
-0.0294418334960938 -0.1378173828125 -0.00750732421875001 0.148361206054687
0.0174560546875 -0.150146484375 -0.0473785400390625 0.107292175292969
0.104972839355469 -0.120948791503906 -0.0556907653808594 0.0644645690917969
0.153213500976563 -0.10089111328125 0.0200366973876953 0.0264663696289062
0.165817260742187 -0.06915283203125 0.120880126953125 0.0925979614257813
0.119178771972656 -0.0396041870117188 0.123764038085938 -0.149642944335938
0.128929138183594 -0.070068359375 0.174545288085938 -0.0958251953125
0.104904174804688 -0.0885696411132813 0.136566162109375 -0.0613327026367188
0.0506439208984375 -0.115226745605469 0.118484497070313 -0.055877685546875
-0.0072784423828125 -0.102302551269531 0.0829238891601563 -0.0323944091796875
-0.0570144653320312 -0.073272705078125 0.0644645690917969 0.00182723999023437
-0.0581436157226563 -0.0465164184570312 0.082427978515625 0.0299758911132812
-0.0499534606933594 -0.0452613830566406 0.0945892333984375 0.0693817138671875
-0.0599899291992188 -0.0510025024414062 0.0907363891601563 0.119552612304688
-0.0564956665039062 -0.07275390625 0.0458221435546875 0.16015625
-0.0166397094726562 -0.102561950683594 0.00326538085937499 0.161270141601563
0.0226058959960938 -0.115234375 -0.0386123657226563 0.113136291503906
0.0976791381835938 -0.0857391357421875 -0.0432243347167969 0.0546340942382813
0.128639221191406 -0.0651473999023438 0.0525474548339844 0.00790786743164062
0.126091003417969 -0.0391159057617188 0.1727294921875 0.0792236328125
0.0492439270019531 -0.0164833068847656 0.134429931640625 -0.172607421875
0.0721435546875 -0.0431137084960938 0.164794921875 -0.11712646484375
0.0542755126953125 -0.0585594177246094 0.1202392578125 -0.0637435913085937
0.0146331787109375 -0.0690383911132812 0.112632751464844 -0.0425643920898438
-0.0236892700195313 -0.050506591796875 0.0919723510742188 -0.0208282470703125
-0.0436859130859375 -0.0161285400390625 0.0878677368164063 0.0089569091796875
-0.0258445739746094 -0.00189208984375 0.10565185546875 0.032257080078125
-0.0190048217773438 -0.00591468811035156 0.111572265625 0.0691299438476563
-0.0259647369384766 -0.0103378295898438 0.101356506347656 0.128158569335938
-0.0318241119384766 -0.0260219573974609 0.0503692626953125 0.171783447265625
-0.0103759765625 -0.0534133911132813 0.00253295898437501 0.169876098632813
0.0180931091308594 -0.0667800903320313 -0.036224365234375 0.120445251464844
0.0685081481933594 -0.0447959899902344 -0.0387191772460937 0.0536880493164063
0.0781402587890625 -0.0270538330078125 0.0698928833007813 0.00258636474609375
0.0634651184082031 -0.00774002075195313 0.203399658203125 0.0772857666015625
0.0412521362304688 0.00666427612304688 -0.182205200195312 -0.0408477783203125
-0.000440597534179687 -0.010955810546875 -0.0470008850097656 -0.00569152832031251
-0.00345373153686523 0.00792598724365234 0.0570259094238281 -0.0563240051269531
0.0108661651611328 0.00279331207275391 0.0541839599609375 -0.141128540039063
0.0109462738037109 -0.0119352340698242 0.000869750976562492 -0.175201416015625
2.86102294921863E-05 -0.0264148712158203 -0.0781097412109375 -0.175247192382813
-0.0259952545166016 -0.0333576202392578 -0.125053405761719 -0.118675231933594
-0.0222587585449219 -0.0332450866699219 -0.116706848144531 -0.04986572265625
-0.0141716003417969 -0.0367851257324219 -0.11114501953125 -0.00123596191406252
0.00204849243164062 -0.035980224609375 -0.111198425292969 0.0169448852539063
0.0173072814941406 -0.0199909210205078 -0.105377197265625 0.0481948852539062
0.0198135375976563 0.00874900817871094 -0.104522705078125 0.0559463500976563
-0.0116081237792969 0.0217647552490234 -0.130325317382813 0.0712432861328125
-0.0174074172973633 0.00295257568359375 -0.135734558105469 0.133903503417969
0.0114049911499023 0.00713062286376953 -0.120635986328125 0.179412841796875
0.115692138671875 -0.0212936401367188 -0.150421142578125 -0.04986572265625
0.0688896179199219 -0.0450363159179687 -0.0139455795288086 -0.0151023864746094
0.0520515441894531 -0.0323677062988281 0.0778884887695313 -0.06134033203125
0.0417976379394531 -0.0477828979492188 0.070831298828125 -0.144332885742188
0.0205154418945312 -0.0622673034667969 0.013885498046875 -0.169281005859375
-0.0165557861328125 -0.0746231079101563 -0.0668487548828125 -0.161911010742188
-0.0573768615722656 -0.0698509216308594 -0.106536865234375 -0.103363037109375
-0.0557785034179687 -0.0658493041992188 -0.096649169921875 -0.0320205688476563
-0.055084228515625 -0.0703201293945313 -0.0920791625976563 0.020263671875
-0.0339508056640625 -0.0795364379882813 -0.101051330566406 0.0417938232421875
0.00188446044921874 -0.0737152099609375 -0.0979385375976563 0.070465087890625
0.0240325927734375 -0.0506362915039063 -0.0991134643554688 0.0688629150390625
0.0272712707519531 -0.0247402191162109 -0.112930297851563 0.0834732055664062
0.0377655029296875 -0.0383720397949219 -0.108177185058594 0.137275695800781
0.0705642700195313 -0.0337448120117188 -0.09185791015625 0.1820068359375
0.173171997070313 -0.04351806640625 -0.097564697265625 -0.0627212524414063
0.13055419921875 -0.0707550048828125 0.0363922119140625 -0.0243797302246094
0.104972839355469 -0.0686111450195313 0.107460021972656 -0.0627288818359375
0.0727462768554688 -0.0959243774414063 0.091278076171875 -0.140464782714844
0.0292205810546875 -0.107147216796875 0.029541015625 -0.153366088867187
-0.0301895141601562 -0.113784790039062 -0.0476608276367188 -0.136260986328125
-0.079864501953125 -0.0967941284179688 -0.0754852294921875 -0.0780258178710937
-0.0802001953125 -0.089202880859375 -0.0614242553710938 -0.010040283203125
-0.0875244140625 -0.09161376953125 -0.0570869445800781 0.0441055297851562
-0.0699539184570313 -0.107177734375 -0.0752716064453125 0.072052001953125
-0.0213394165039063 -0.115631103515625 -0.0784454345703125 0.0973434448242187
0.01446533203125 -0.104301452636719 -0.08770751953125 0.0857772827148437
0.0538177490234375 -0.0750732421875 -0.0966949462890625 0.0920562744140625
0.0820770263671875 -0.081817626953125 -0.0764083862304688 0.126541137695312
0.118278503417969 -0.0710525512695313 -0.0472412109375 0.170425415039063
0.203582763671875 -0.0604400634765625 -0.0325546264648437 -0.0799713134765625
0.169815063476563 -0.090240478515625 0.0911636352539063 -0.0360565185546875
0.141677856445313 -0.098419189453125 0.134193420410156 -0.0626296997070313
0.0894317626953125 -0.135017395019531 0.109062194824219 -0.128280639648438
0.028594970703125 -0.139907836914063 0.0440826416015625 -0.126602172851563
-0.0444564819335937 -0.135963439941406 -0.0239028930664062 -0.0998153686523438
-0.09271240234375 -0.107414245605469 -0.0366744995117188 -0.0457000732421875
-0.0933456420898438 -0.0981369018554687 -0.0180950164794922 0.0141754150390625
-0.105949401855469 -0.0995635986328125 -0.0132522583007813 0.0668563842773438
-0.0940704345703125 -0.118858337402344 -0.037933349609375 0.0993804931640625
-0.0415420532226563 -0.140388488769531 -0.0499725341796875 0.120498657226563
0.00241088867187499 -0.141510009765625 -0.0719757080078125 0.100143432617187
0.07159423828125 -0.116630554199219 -0.0810317993164063 0.0925445556640625
0.115989685058594 -0.114936828613281 -0.0435333251953125 0.0984725952148437
0.150863647460938 -0.0947265625 0.00836181640625002 0.145492553710938
0.200180053710937 -0.0684967041015625 0.0308914184570313 -0.102104187011719
0.178207397460937 -0.0989837646484375 0.136123657226563 -0.0551986694335938
0.151412963867188 -0.11370849609375 0.1502685546875 -0.0628509521484375
0.0886688232421875 -0.152908325195313 0.120071411132813 -0.107902526855469
0.0181121826171875 -0.150405883789062 0.0590057373046875 -0.0938796997070313
-0.0573959350585938 -0.134918212890625 0.00569152832031249 -0.060089111328125
-0.0945281982421875 -0.099884033203125 0.00689411163330078 -0.0134878158569336
-0.09124755859375 -0.0921554565429688 0.0266876220703125 0.0369873046875
-0.106292724609375 -0.0925140380859375 0.0322723388671875 0.0858917236328125
-0.0987014770507812 -0.113906860351562 0.00177764892578124 0.121719360351563
-0.047637939453125 -0.145034790039063 -0.0197219848632813 0.137176513671875
-0.00222778320312501 -0.157012939453125 -0.0546798706054687 0.10870361328125
0.0848388671875 -0.135101318359375 -0.0663299560546875 0.0828170776367187
0.136734008789063 -0.126350402832031 -0.0111923217773437 0.06170654296875
0.1641845703125 -0.09759521484375 0.0691299438476563 0.114814758300781
0.167205810546875 -0.064178466796875 0.0806884765625 -0.128669738769531
0.157501220703125 -0.095245361328125 0.16278076171875 -0.07904052734375
0.133491516113281 -0.112045288085938 0.150238037109375 -0.06494140625
0.0697784423828125 -0.14508056640625 0.12139892578125 -0.0848770141601563
0.00146484375 -0.1357421875 0.0722503662109375 -0.0617752075195313
-0.0624313354492188 -0.108451843261719 0.0375823974609375 -0.0248947143554688
-0.0828094482421875 -0.0754470825195313 0.0490989685058594 0.0115280151367187
-0.0768661499023438 -0.0703353881835938 0.0680694580078125 0.0529899597167969
-0.0895156860351562 -0.0732879638671875 0.072052001953125 0.102485656738281
-0.0843887329101562 -0.0953292846679688 0.0352020263671875 0.1412353515625
-0.0400161743164062 -0.129425048828125 0.00303649902343749 0.151199340820313
0.00450134277343751 -0.14697265625 -0.0402297973632813 0.113433837890625
0.0928268432617188 -0.124771118164063 -0.0516242980957031 0.0691337585449219
0.139495849609375 -0.110275268554688 0.0224018096923828 0.0271282196044922
0.153594970703125 -0.0798187255859375 0.128662109375 0.089202880859375
0.111259460449219 -0.0498504638671875 0.110336303710938 -0.15618896484375
0.116119384765625 -0.0783462524414063 0.16693115234375 -0.104095458984375
0.095001220703125 -0.094879150390625 0.137924194335938 -0.0676498413085938
0.0383453369140625 -0.115577697753906 0.118606567382812 -0.06500244140625
-0.0178604125976563 -0.0966873168945313 0.0830841064453125 -0.0396499633789063
-0.0600662231445313 -0.0622329711914062 0.06744384765625 -0.00360870361328125
-0.0590057373046875 -0.037261962890625 0.084869384765625 0.023773193359375
-0.0506668090820312 -0.0378227233886719 0.0987625122070313 0.0607376098632813
-0.05963134765625 -0.0418815612792969 0.0998458862304688 0.113838195800781
-0.0591163635253906 -0.061553955078125 0.0564117431640625 0.156112670898438
-0.0260696411132813 -0.0953369140625 0.015167236328125 0.161865234375
0.0116806030273438 -0.113723754882812 -0.0318374633789062 0.117012023925781
0.0870132446289063 -0.0916976928710938 -0.0403480529785156 0.0585212707519531
0.118125915527344 -0.0751724243164063 0.05096435546875 0.00531768798828125
0.116195678710938 -0.0489120483398438 0.177215576171875 0.0716400146484375
0.0443687438964844 -0.0229759216308594 0.117828369140625 -0.180343627929687
0.0634498596191406 -0.0496940612792969 0.15374755859375 -0.124420166015625
0.0470848083496094 -0.0634994506835938 0.119873046875 -0.0707168579101563
0.00535583496093751 -0.0693435668945313 0.11346435546875 -0.0512008666992188
-0.0299758911132812 -0.0445632934570313 0.0926361083984375 -0.0298690795898438
-0.0427436828613281 -0.00670623779296876 0.0901718139648438 -0.0003662109375
-0.0234203338623047 0.00417709350585937 0.105598449707031 0.0214767456054688
-0.0165538787841797 -0.00111675262451172 0.113197326660156 0.0591506958007813
-0.0227394104003906 -0.00354576110839843 0.109016418457031 0.119789123535156
-0.0303077697753906 -0.0177631378173828 0.0600433349609375 0.167266845703125
-0.0156631469726562 -0.0475311279296875 0.0141448974609375 0.169265747070313
0.0101203918457031 -0.0650482177734375 -0.0284194946289062 0.1240234375
0.0601654052734375 -0.0485725402832031 -0.0376129150390625 0.0570945739746094
0.0699501037597656 -0.033416748046875 0.0653839111328125 -0.000389099121093752
0.0569000244140625 -0.0136795043945313 0.205337524414063 0.0654754638671875
0.0472526550292969 0.00682830810546875 -0.181610107421875 -0.036773681640625
0.00376319885253906 -0.0117626190185547 -0.0430374145507813 -0.00519561767578126
0.000772953033447265 0.00563144683837891 0.0577278137207031 -0.06036376953125
0.0122613906860352 -0.000733375549316406 0.0495147705078125 -0.144210815429688
0.0102262496948242 -0.0156049728393555 -0.00695800781249998 -0.174057006835938
-0.00413894653320313 -0.0306167602539063 -0.0851593017578125 -0.169586181640625
-0.0317401885986328 -0.0346851348876953 -0.127410888671875 -0.110862731933594
-0.0280342102050781 -0.0353355407714844 -0.115577697753906 -0.0431594848632812
-0.0192642211914062 -0.0412712097167969 -0.107070922851563 0.00738525390624997
0.000289916992187501 -0.0418891906738281 -0.109954833984375 0.0267868041992187
0.0189533233642578 -0.0238780975341797 -0.104164123535156 0.0571365356445313
0.0245018005371094 0.00531387329101562 -0.104545593261719 0.0623016357421875
-0.0053863525390625 0.0244235992431641 -0.130668640136719 0.0770034790039063
-0.0128288269042969 0.00820446014404297 -0.129013061523438 0.137283325195313
0.0159435272216797 0.00978183746337891 -0.107284545898438 0.184677124023437
0.118049621582031 -0.0251541137695313 -0.148025512695313 -0.0459136962890625
0.0682640075683594 -0.0484809875488281 -0.00845623016357421 -0.0156641006469727
0.0522994995117188 -0.0373153686523438 0.080718994140625 -0.0659408569335938
0.0401878356933594 -0.0520439147949219 0.0666961669921875 -0.14801025390625
0.016632080078125 -0.0647926330566406 0.00779724121093749 -0.16845703125
-0.0228195190429687 -0.0764999389648438 -0.0711212158203125 -0.155975341796875
-0.0633354187011719 -0.0684356689453125 -0.106880187988281 -0.0957412719726563
-0.0623359680175781 -0.0648002624511719 -0.09326171875 -0.0255203247070312
-0.0604019165039062 -0.0715560913085938 -0.0862045288085938 0.02899169921875
-0.03802490234375 -0.08154296875 -0.0974655151367188 0.0518417358398437
0.000976562499999998 -0.076812744140625 -0.0948410034179688 0.0797348022460937
0.0253219604492187 -0.05364990234375 -0.0977706909179688 0.0757293701171875
0.0310325622558594 -0.0229721069335938 -0.111068725585937 0.0884857177734375
0.0391998291015625 -0.0349502563476563 -0.0998687744140625 0.140762329101563
0.0715713500976563 -0.0326004028320313 -0.0776824951171875 0.188156127929688
0.171783447265625 -0.05084228515625 -0.0962142944335937 -0.0597457885742188
0.126609802246094 -0.0764236450195313 0.0421180725097656 -0.02679443359375
0.103431701660156 -0.0752410888671875 0.110755920410156 -0.0680313110351563
0.0668411254882813 -0.100181579589844 0.0886077880859375 -0.144729614257813
0.022216796875 -0.109169006347656 0.0257415771484375 -0.153289794921875
-0.0369720458984375 -0.112861633300781 -0.0486907958984375 -0.130950927734375
-0.0854949951171875 -0.0931015014648437 -0.0739288330078125 -0.0716781616210937
-0.086151123046875 -0.0849761962890625 -0.0568618774414063 -0.00497055053710937
-0.09307861328125 -0.0891647338867188 -0.0492439270019531 0.0514755249023437
-0.0745620727539063 -0.105323791503906 -0.0690536499023437 0.0813827514648438
-0.0252151489257813 -0.11572265625 -0.0731277465820313 0.106674194335938
0.0126495361328125 -0.104942321777344 -0.0855484008789062 0.0937118530273438
0.0543746948242188 -0.0747528076171875 -0.0937576293945312 0.0975265502929688
0.0799713134765625 -0.0816726684570313 -0.0676956176757813 0.129302978515625
0.11529541015625 -0.0722808837890625 -0.0325164794921875 0.174911499023438
0.198532104492188 -0.06817626953125 -0.03228759765625 -0.0792999267578125
0.162246704101563 -0.0970458984375 0.09564208984375 -0.0397720336914063
0.136817932128906 -0.105384826660156 0.138626098632813 -0.0686416625976563
0.0815277099609375 -0.138763427734375 0.10833740234375 -0.133277893066406
0.0202560424804687 -0.140380859375 0.0422286987304687 -0.127983093261719
-0.051116943359375 -0.132614135742188 -0.0222091674804687 -0.0963973999023438
-0.097747802734375 -0.101722717285156 -0.0330429077148438 -0.0420265197753906
-0.0978469848632813 -0.0916061401367188 -0.0128622055053711 0.016972541809082
-0.110031127929688 -0.0931015014648437 -0.00421142578125001 0.071197509765625
-0.097869873046875 -0.112709045410156 -0.0304107666015625 0.106605529785156
-0.0469131469726563 -0.136528015136719 -0.0432891845703125 0.12884521484375
-0.0029144287109375 -0.14031982421875 -0.0679931640625 0.108375549316406
0.0682373046875 -0.117088317871094 -0.076934814453125 0.0976409912109375
0.109466552734375 -0.11651611328125 -0.03662109375 0.101402282714844
0.145355224609375 -0.09832763671875 0.021575927734375 0.1494140625
0.193389892578125 -0.07659912109375 0.0285873413085938 -0.103607177734375
0.168121337890625 -0.105453491210938 0.138992309570313 -0.0595016479492188
0.1451416015625 -0.1199951171875 0.1552734375 -0.0684814453125
0.0793609619140625 -0.154586791992188 0.120445251464844 -0.113082885742188
0.00970458984374999 -0.148269653320312 0.0590133666992187 -0.0963287353515625
-0.0615005493164062 -0.129234313964844 0.00908279418945312 -0.0587654113769531
-0.097412109375 -0.0919876098632812 0.0111465454101562 -0.0124893188476563
-0.0949325561523437 -0.0839157104492188 0.0325775146484375 0.0363235473632812
-0.108451843261719 -0.0847396850585938 0.0412673950195312 0.088531494140625
-0.101783752441406 -0.105445861816406 0.00992584228515624 0.126579284667969
-0.0542068481445313 -0.139106750488281 -0.011688232421875 0.14398193359375
-0.010589599609375 -0.1541748046875 -0.0494918823242187 0.116195678710938
0.0774002075195313 -0.13671875 -0.0627517700195313 0.0876998901367187
0.127311706542969 -0.129508972167969 -0.00588226318359374 0.0640907287597656
0.155670166015625 -0.102920532226563 0.0794830322265625 0.11773681640625
0.158447265625 -0.0728302001953125 0.0755615234375 -0.130470275878906
0.147048950195313 -0.0999298095703125 0.162506103515625 -0.083404541015625
0.125900268554687 -0.116950988769531 0.155502319335937 -0.0697479248046875
0.0603485107421875 -0.145523071289063 0.122947692871094 -0.0906982421875
-0.00699615478515625 -0.130790710449219 0.0733184814453125 -0.0657424926757813
-0.0646591186523438 -0.100502014160156 0.0422134399414062 -0.0270156860351563
-0.08355712890625 -0.0669479370117188 0.0527572631835937 0.009246826171875
-0.0777130126953125 -0.0630416870117188 0.0723800659179688 0.0504074096679687
-0.089263916015625 -0.0649261474609375 0.0801162719726563 0.101486206054688
-0.08697509765625 -0.084686279296875 0.043548583984375 0.142852783203125
-0.0465850830078125 -0.122413635253906 0.01171875 0.155166625976563
-0.00474548339843749 -0.143081665039062 -0.0346908569335938 0.118362426757812
0.0836715698242188 -0.126808166503906 -0.04876708984375 0.0736846923828125
0.128700256347656 -0.115364074707031 0.0254249572753906 0.0279693603515625
0.14398193359375 -0.085662841796875 0.136161804199219 0.0885848999023438
0.103378295898437 -0.0561294555664062 0.101455688476563 -0.158187866210937
0.106025695800781 -0.08331298828125 0.164443969726563 -0.10748291015625
0.0879745483398438 -0.09881591796875 0.140304565429688 -0.0729827880859375
0.0291824340820313 -0.114433288574219 0.120521545410156 -0.07159423828125
-0.0245590209960938 -0.0915679931640625 0.0853500366210938 -0.0457077026367188
-0.0594558715820313 -0.0530166625976563 0.0718231201171875 -0.00945281982421875
-0.0569076538085937 -0.0294265747070313 0.0865936279296875 0.0178146362304687
-0.0492286682128906 -0.0318183898925781 0.100906372070313 0.0558013916015625
-0.0572662353515625 -0.0343437194824219 0.106315612792969 0.111091613769531
-0.0588035583496094 -0.0525016784667969 0.0644073486328125 0.157058715820313
-0.0316848754882813 -0.0877685546875 0.0234832763671875 0.164306640625
0.002532958984375 -0.110115051269531 -0.0261611938476562 0.121063232421875
0.0782928466796875 -0.09356689453125 -0.0385513305664062 0.0626449584960938
0.107673645019531 -0.079620361328125 0.0508575439453125 0.00463104248046874
0.107887268066406 -0.0553665161132813 0.181045532226563 0.069000244140625
0.0382118225097656 -0.0271110534667969 0.1055908203125 -0.183135986328125
0.0552902221679688 -0.0533485412597656 0.148849487304687 -0.127944946289063
0.0406951904296875 -0.0667190551757813 0.121589660644531 -0.0743789672851562
-0.00197601318359375 -0.0673828125 0.115234375 -0.058258056640625
-0.0352363586425781 -0.037841796875 0.093414306640625 -0.037994384765625
-0.0407600402832031 0.00182342529296876 0.0920181274414063 -0.0091400146484375
-0.0199604034423828 0.0103130340576172 0.104423522949219 0.013885498046875
-0.0130577087402344 0.00401973724365234 0.113395690917969 0.0529937744140625
-0.0185012817382813 0.00194931030273437 0.113601684570313 0.114799499511719
-0.0279884338378906 -0.0102691650390625 0.067474365234375 0.165664672851562
-0.0186996459960938 -0.04058837890625 0.0214385986328125 0.169326782226563
0.00423812866210937 -0.061614990234375 -0.0236434936523438 0.126472473144531
0.0535125732421875 -0.0502357482910156 -0.0372238159179688 0.0604629516601563
0.0615501403808594 -0.0359077453613281 0.0631866455078125 -0.00116729736328125
0.050506591796875 -0.0185585021972656 0.207229614257813 0.060211181640625
0.0554771423339844 0.00561904907226563 -0.18389892578125 -0.03509521484375
0.00819110870361328 -0.0131654739379883 -0.0395088195800781 -0.00693511962890626
0.00422787666320801 0.00191211700439453 0.0606040954589844 -0.0669288635253906
0.014073371887207 -0.00582408905029297 0.046356201171875 -0.150466918945312
0.00896453857421875 -0.0206527709960938 -0.0124969482421875 -0.176239013671875
-0.0092010498046875 -0.0358085632324219 -0.092681884765625 -0.167816162109375
-0.0387077331542969 -0.0372467041015625 -0.132194519042969 -0.106048583984375
-0.0348701477050781 -0.0382080078125 -0.115928649902344 -0.0377578735351562
-0.0262374877929688 -0.046112060546875 -0.10552978515625 0.0145645141601563
-0.00325393676757813 -0.0487289428710938 -0.10980224609375 0.03582763671875
0.0205249786376953 -0.0304889678955078 -0.105178833007813 0.0662078857421875
0.0292587280273438 0.000843048095703125 -0.107414245605469 0.0696258544921875
0.00117111206054688 0.0270538330078125 -0.1336669921875 0.0842514038085938
-0.00696563720703125 0.0135602951049805 -0.126632690429687 0.142990112304688
0.0230159759521484 0.0135402679443359 -0.097259521484375 0.19158935546875
0.124565124511719 -0.02923583984375 -0.149200439453125 -0.04498291015625
0.070587158203125 -0.0531768798828125 -0.00278472900390624 -0.0185775756835938
0.0552520751953125 -0.0427093505859375 0.08538818359375 -0.072723388671875
0.0389404296875 -0.0581512451171875 0.0656585693359375 -0.154556274414063
0.0127792358398438 -0.0698051452636719 0.00408935546874999 -0.170257568359375
-0.0295562744140625 -0.07989501953125 -0.073974609375 -0.15374755859375
-0.0715408325195313 -0.06878662109375 -0.108100891113281 -0.0914764404296875
-0.0696640014648438 -0.065521240234375 -0.0907211303710938 -0.0206298828125
-0.0688247680664063 -0.0733642578125 -0.0810089111328125 0.0366439819335937
-0.0431976318359375 -0.0860748291015625 -0.094512939453125 0.0628585815429687
0.000228881835937492 -0.0820159912109375 -0.0932083129882812 0.0912551879882813
0.0279922485351562 -0.0585098266601562 -0.0984420776367187 0.0851593017578125
0.0364265441894531 -0.0224418640136719 -0.112289428710937 0.0963134765625
0.0433807373046875 -0.0319099426269531 -0.0949554443359375 0.145751953125
0.0762863159179687 -0.0311508178710938 -0.064697265625 0.195526123046875
0.1751708984375 -0.056488037109375 -0.0944366455078125 -0.0599594116210938
0.125541687011719 -0.08331298828125 0.048614501953125 -0.0306854248046875
0.104026794433594 -0.0819473266601562 0.11767578125 -0.0764007568359375
0.0633621215820313 -0.107009887695313 0.089813232421875 -0.152206420898438
0.0168075561523437 -0.1131591796875 0.0241851806640625 -0.15570068359375
-0.0441513061523438 -0.114830017089844 -0.0486602783203125 -0.12908935546875
-0.0931777954101562 -0.0916976928710938 -0.0718917846679688 -0.0688247680664062
-0.0933990478515625 -0.0832977294921875 -0.0515785217285156 -0.000823974609375006
-0.09991455078125 -0.089019775390625 -0.0411033630371094 0.0592842102050781
-0.0800552368164063 -0.106437683105469 -0.0631942749023438 0.0923690795898437
-0.0278549194335938 -0.118598937988281 -0.0681991577148438 0.118453979492188
0.0114059448242188 -0.108436584472656 -0.0840530395507813 0.104057312011719
0.0563888549804688 -0.07574462890625 -0.0929718017578125 0.104751586914062
0.0811538696289063 -0.081024169921875 -0.0612335205078125 0.133674621582031
0.117057800292969 -0.0731201171875 -0.0184783935546875 0.183502197265625
0.1988525390625 -0.075897216796875 -0.0315933227539062 -0.0799942016601563
0.158920288085938 -0.103683471679688 0.103401184082031 -0.0449447631835938
0.135673522949219 -0.113380432128906 0.1475830078125 -0.0777435302734375
0.076629638671875 -0.143936157226563 0.111251831054688 -0.141403198242188
0.0134429931640625 -0.14215087890625 0.0430755615234375 -0.131179809570313
-0.05792236328125 -0.131866455078125 -0.0188751220703125 -0.0962905883789063
-0.103477478027344 -0.0980453491210937 -0.029083251953125 -0.040130615234375
-0.104225158691406 -0.0882034301757813 -0.00668907165527344 0.0200977325439453
-0.115242004394531 -0.0898056030273438 0.00576782226562499 0.0781173706054688
-0.103294372558594 -0.109664916992187 -0.0220947265625 0.116256713867188
-0.051788330078125 -0.137062072753906 -0.0353775024414062 0.139427185058594
-0.00704956054687499 -0.142059326171875 -0.0643768310546875 0.118606567382813
0.0665969848632813 -0.119598388671875 -0.0749893188476563 0.106170654296875
0.107421875 -0.119789123535156 -0.0298233032226563 0.105232238769531
0.14306640625 -0.101654052734375 0.0360260009765625 0.156936645507813
0.189437866210938 -0.084075927734375 0.0289077758789063 -0.105583190917969
0.162506103515625 -0.11151123046875 0.145599365234375 -0.0645294189453125
0.141891479492188 -0.127700805664063 0.164276123046875 -0.07666015625
0.0727691650390625 -0.1585693359375 0.124336242675781 -0.121185302734375
0.00242614746093751 -0.148757934570313 0.0617218017578125 -0.100906372070313
-0.0667343139648438 -0.125457763671875 0.0147933959960937 -0.0604324340820313
-0.100334167480469 -0.0875473022460938 0.0162391662597656 -0.0133018493652344
-0.0984039306640625 -0.0781326293945313 0.0397186279296875 0.0377578735351562
-0.111099243164063 -0.079193115234375 0.0527420043945312 0.0926666259765625
-0.1060791015625 -0.099334716796875 0.0196151733398437 0.135040283203125
-0.060546875 -0.136062622070313 -0.00337219238281249 0.153488159179688
-0.0169677734375 -0.153823852539063 -0.045135498046875 0.125587463378906
0.0738601684570313 -0.139671325683594 -0.0597686767578125 0.0949020385742187
0.121665954589844 -0.134292602539062 0.000385284423828135 0.0666770935058594
0.151092529296875 -0.108016967773438 0.0924453735351563 0.122520446777344
0.153244018554688 -0.0796661376953125 0.0735244750976563 -0.133506774902344
0.139633178710938 -0.10498046875 0.167984008789063 -0.0879669189453125
0.12188720703125 -0.123771667480469 0.1630859375 -0.0776519775390625
0.05255126953125 -0.147354125976563 0.1282958984375 -0.0985565185546875
-0.0131759643554688 -0.128242492675781 0.076995849609375 -0.0714797973632813
-0.0670547485351562 -0.094940185546875 0.0477867126464844 -0.03070068359375
-0.0837173461914062 -0.0606460571289063 0.0584716796875 0.00685501098632812
-0.0780181884765625 -0.0564956665039063 0.0791091918945313 0.0489883422851563
-0.0888442993164062 -0.058837890625 0.0908966064453125 0.103713989257813
-0.0878372192382812 -0.07720947265625 0.05328369140625 0.14971923828125
-0.0523529052734375 -0.117019653320313 0.020965576171875 0.16302490234375
-0.0128173828125 -0.140960693359375 -0.0298690795898437 0.127471923828125
0.07733154296875 -0.130157470703125 -0.0467529296875 0.0799713134765625
0.120834350585937 -0.1201171875 0.0291938781738281 0.0297470092773437
0.138137817382813 -0.0923309326171875 0.147201538085938 0.0906524658203125
0.0961074829101562 -0.0621871948242188 0.09722900390625 -0.162353515625
0.0974578857421875 -0.0874862670898437 0.167312622070313 -0.11248779296875
0.0826187133789063 -0.103630065917969 0.148101806640625 -0.080169677734375
0.0222549438476562 -0.114585876464844 0.125038146972656 -0.0789108276367188
-0.0305099487304688 -0.0861358642578125 0.0886611938476563 -0.0527114868164063
-0.0593032836914063 -0.04522705078125 0.0766983032226563 -0.0155181884765625
-0.0539779663085937 -0.0230903625488281 0.0896377563476562 0.0136566162109375
-0.0468521118164063 -0.0254287719726562 0.10565185546875 0.0524368286132812
-0.0539016723632812 -0.028472900390625 0.116264343261719 0.110023498535156
-0.0580863952636719 -0.0443496704101563 0.07440185546875 0.161224365234375
-0.0355072021484375 -0.0815353393554687 0.0321197509765625 0.169906616210937
-0.00392150878906249 -0.106735229492188 -0.0213623046875 0.128242492675781
0.0718460083007813 -0.0956878662109375 -0.0375785827636719 0.0678901672363281
0.0989761352539063 -0.0842132568359375 0.0522994995117188 0.00579071044921874
0.101600646972656 -0.0600509643554687 0.189895629882812 0.069366455078125
0.0315074920654297 -0.0308780670166016 0.097900390625 -0.18792724609375
0.0468406677246094 -0.0570335388183594 0.148941040039063 -0.132522583007813
0.0346336364746094 -0.0701408386230469 0.127243041992188 -0.0806427001953125
-0.00984954833984375 -0.0652542114257813 0.120475769042969 -0.06646728515625
-0.0399360656738281 -0.0309791564941406 0.0956039428710938 -0.0460128784179688
-0.0376434326171875 0.0103034973144531 0.09405517578125 -0.0170974731445312
-0.0139608383178711 0.0169858932495117 0.10479736328125 0.0071258544921875
-0.00811862945556641 0.0088958740234375 0.1156005859375 0.04888916015625
-0.012425422668457 0.00766754150390625 0.120903015136719 0.113052368164063
-0.0240497589111328 -0.00345420837402343 0.0756072998046875 0.168182373046875
-0.0202350616455078 -0.0341930389404297 0.028594970703125 0.173934936523438
-0.000152587890625 -0.0577201843261719 -0.0197372436523437 0.13262939453125
0.0482635498046875 -0.0496597290039063 -0.0369491577148437 0.0656814575195313
0.0540428161621094 -0.0381965637207031 0.0620918273925781 -0.00128555297851563
0.0435104370117188 -0.0215377807617188 0.212997436523438 0.058807373046875
0.0668373107910156 0.00339889526367187 -0.19140625 -0.0322113037109375
0.0129013061523437 -0.0174226760864258 -0.0366020202636719 -0.00962066650390626
0.00847101211547852 -0.00286340713500977 0.0628890991210938 -0.0765838623046875
0.0149936676025391 -0.0123395919799805 0.0412750244140625 -0.160980224609375
0.00655937194824219 -0.0268936157226563 -0.0209808349609375 -0.181610107421875
-0.0169105529785156 -0.0409317016601563 -0.103042602539062 -0.167068481445313
-0.0485954284667969 -0.038787841796875 -0.139236450195313 -0.102119445800781
-0.0446434020996094 -0.0393905639648437 -0.117752075195312 -0.0316085815429688
-0.0366172790527344 -0.0512008666992188 -0.103538513183594 0.0236740112304688
-0.00962066650390625 -0.0569648742675781 -0.110092163085937 0.048492431640625
0.0213356018066406 -0.03924560546875 -0.105461120605469 0.0799407958984375
0.0348491668701172 -0.00588607788085938 -0.110664367675781 0.0817184448242187
0.0109939575195313 0.0288219451904297 -0.137840270996094 0.0955276489257813
0.0020294189453125 0.0187644958496094 -0.124542236328125 0.1519775390625
0.0321025848388672 0.0159130096435547 -0.08563232421875 0.201980590820313
0.133293151855469 -0.0361404418945313 -0.153274536132813 -0.042755126953125
0.0736846923828125 -0.0605545043945313 0.00259017944335938 -0.0231399536132813
0.0569000244140625 -0.0515785217285156 0.0897445678710938 -0.0848464965820313
0.0370979309082031 -0.066619873046875 0.062957763671875 -0.166152954101563
0.00730133056640625 -0.076324462890625 -0.00123596191406251 -0.176513671875
-0.0397262573242188 -0.084136962890625 -0.0802764892578125 -0.15380859375
-0.0827255249023438 -0.0684127807617188 -0.111442565917969 -0.0880279541015625
-0.08050537109375 -0.0654067993164063 -0.088714599609375 -0.01507568359375
-0.0799102783203125 -0.0762863159179687 -0.0745086669921875 0.0457077026367187
-0.051300048828125 -0.09130859375 -0.0904006958007813 0.0768356323242187
-0.00214385986328125 -0.0904769897460938 -0.0898971557617188 0.106285095214844
0.029998779296875 -0.0656471252441406 -0.0989456176757813 0.0983810424804687
0.0441513061523438 -0.0233001708984375 -0.113510131835937 0.1077880859375
0.0501480102539062 -0.0304718017578125 -0.0888519287109375 0.154251098632813
0.0832595825195313 -0.0317535400390625 -0.049652099609375 0.2059326171875
0.181991577148438 -0.06640625 -0.0962982177734375 -0.0600662231445313
0.126312255859375 -0.0924072265625 0.0568199157714844 -0.0378761291503906
0.103965759277344 -0.09381103515625 0.125404357910156 -0.0901260375976563
0.0592498779296875 -0.115745544433594 0.089569091796875 -0.16448974609375
0.00858306884765625 -0.118896484375 0.02191162109375 -0.162628173828125
-0.0548171997070313 -0.117973327636719 -0.05010986328125 -0.131095886230469
-0.10394287109375 -0.0893783569335938 -0.07049560546875 -0.066375732421875
-0.10333251953125 -0.0812835693359375 -0.0463600158691406 0.00333023071289063
-0.111297607421875 -0.08856201171875 -0.0305900573730469 0.0670089721679688
-0.089263916015625 -0.108283996582031 -0.0537185668945312 0.106704711914063
-0.0335235595703125 -0.124191284179687 -0.060821533203125 0.134078979492188
0.00961303710937501 -0.115463256835938 -0.0811614990234375 0.118690490722656
0.0601882934570313 -0.0792312622070313 -0.0906982421875 0.11724853515625
0.085205078125 -0.0832366943359375 -0.0527801513671875 0.141159057617188
0.121086120605469 -0.0774078369140625 -0.000228881835937488 0.192581176757812
0.20068359375 -0.0873260498046875 -0.0310134887695312 -0.0827560424804688
0.156845092773438 -0.11419677734375 0.112907409667969 -0.0538177490234375
0.134010314941406 -0.12646484375 0.157424926757813 -0.0924835205078125
0.0706787109375 -0.15283203125 0.113754272460938 -0.154510498046875
0.00485229492187499 -0.146728515625 0.0438995361328125 -0.138633728027344
-0.0667037963867187 -0.132476806640625 -0.0163803100585938 -0.0988235473632813
-0.112205505371094 -0.0945510864257813 -0.0246772766113281 -0.0405197143554688
-0.111503601074219 -0.0839385986328125 0.00210380554199218 0.0220775604248047
-0.123924255371094 -0.0868606567382812 0.0199127197265625 0.0836563110351562
-0.111412048339844 -0.107391357421875 -0.00901031494140625 0.130126953125
-0.0594940185546875 -0.137985229492188 -0.0245513916015625 0.154327392578125
-0.0136871337890625 -0.146499633789063 -0.0582427978515625 0.13360595703125
0.0654373168945313 -0.124435424804687 -0.0718002319335938 0.116935729980469
0.1058349609375 -0.125259399414063 -0.0206756591796875 0.111732482910156
0.143096923828125 -0.108566284179687 0.055328369140625 0.163497924804688
0.187423706054688 -0.094573974609375 0.0289230346679688 -0.110511779785156
0.15753173828125 -0.120651245117187 0.156112670898438 -0.0745697021484375
0.138999938964844 -0.139076232910156 0.175094604492188 -0.0918426513671875
0.0653839111328125 -0.165252685546875 0.130134582519531 -0.1348876953125
-0.00651550292968749 -0.149688720703125 0.0642013549804688 -0.10906982421875
-0.0729217529296875 -0.123207092285156 0.019989013671875 -0.0644454956054688
-0.105560302734375 -0.08148193359375 0.0228443145751953 -0.0147762298583984
-0.103179931640625 -0.0725555419921875 0.0493736267089844 0.0375785827636719
-0.116409301757812 -0.0742111206054688 0.0689315795898437 0.0958938598632813
-0.111778259277344 -0.0939407348632812 0.0348358154296875 0.14569091796875
-0.0681838989257813 -0.133743286132813 0.010589599609375 0.166275024414062
-0.025848388671875 -0.15521240234375 -0.037261962890625 0.139175415039063
0.06793212890625 -0.145156860351563 -0.055633544921875 0.10595703125
0.116592407226563 -0.1419677734375 0.00837707519531251 0.0705108642578125
0.148086547851563 -0.116851806640625 0.112236022949219 0.126754760742188
0.147811889648438 -0.0887298583984375 0.0724563598632813 -0.139320373535156
0.132499694824219 -0.112869262695313 0.176315307617188 -0.0981597900390625
0.117057800292969 -0.133262634277344 0.173934936523437 -0.091461181640625
0.04510498046875 -0.150955200195312 0.134780883789063 -0.111442565917969
-0.021392822265625 -0.125762939453125 0.080596923828125 -0.080322265625
-0.0700454711914063 -0.0899581909179688 0.0542068481445312 -0.0366439819335938
-0.0841140747070313 -0.0539016723632813 0.0643463134765625 0.00270843505859375
-0.0786514282226562 -0.0504379272460938 0.0892257690429687 0.0471725463867187
-0.089447021484375 -0.0521240234375 0.107421875 0.1041259765625
-0.0903396606445312 -0.0698165893554687 0.0698089599609375 0.15802001953125
-0.0587615966796875 -0.111793518066406 0.0349578857421875 0.173583984375
-0.0220794677734375 -0.140190124511719 -0.0220260620117187 0.139434814453125
0.0701217651367188 -0.135643005371094 -0.0429229736328125 0.0889663696289062
0.113052368164063 -0.128372192382813 0.0347423553466797 0.0314311981201172
0.132171630859375 -0.100639343261719 0.165084838867187 0.092803955078125
0.0889053344726563 -0.0688934326171875 0.0923919677734375 -0.169265747070313
0.0892333984375 -0.0932235717773438 0.172042846679688 -0.122100830078125
0.0751495361328125 -0.110984802246094 0.156646728515625 -0.091552734375
0.0129776000976562 -0.114471435546875 0.131172180175781 -0.0909347534179688
-0.0372467041015625 -0.0797805786132812 0.0918045043945313 -0.0619430541992188
-0.0582771301269531 -0.0381546020507812 0.0812225341796875 -0.023956298828125
-0.0490608215332031 -0.0159759521484375 0.094390869140625 0.00732421875
-0.0429725646972656 -0.0194816589355469 0.114738464355469 0.0487213134765625
-0.0492324829101563 -0.0224952697753906 0.130462646484375 0.109092712402344
-0.0559921264648438 -0.0359840393066406 0.089111328125 0.167190551757812
-0.04010009765625 -0.074859619140625 0.0456390380859375 0.178863525390625
-0.0115432739257813 -0.103286743164063 -0.0137557983398438 0.138351440429688
0.0643768310546875 -0.09912109375 -0.0351409912109375 0.0760345458984375
0.0905227661132813 -0.0894241333007812 0.0554885864257813 0.00560760498046874
0.093353271484375 -0.0671157836914063 0.205230712890625 0.067138671875
0.0228977203369141 -0.0347576141357422 0.0885467529296875 -0.196197509765625
0.0377845764160156 -0.0607490539550781 0.149551391601563 -0.141571044921875
0.0253143310546875 -0.0753631591796875 0.13299560546875 -0.0913162231445313
-0.0183601379394531 -0.0616226196289063 0.126167297363281 -0.0781097412109375
-0.0443763732910156 -0.0214614868164062 0.0985260009765625 -0.05792236328125
-0.0328273773193359 0.0193195343017578 0.0971908569335937 -0.028289794921875
-0.00574493408203125 0.0229015350341797 0.106391906738281 -0.000106811523437499
-0.00133514404296875 0.0140409469604492 0.120559692382813 0.0439071655273438
-0.00435161590576172 0.0120677947998047 0.132492065429687 0.111457824707031
-0.0182933807373047 0.00442886352539062 0.08819580078125 0.17266845703125
-0.0209197998046875 -0.0265541076660156 0.0400390625 0.181594848632812
-0.00576782226562499 -0.0529861450195313 -0.0128631591796875 0.142257690429687
0.042572021484375 -0.0503196716308594 -0.0360641479492188 0.0735015869140625
0.0458183288574219 -0.039398193359375 0.0625457763671875 -0.0014190673828125
0.0353469848632813 -0.0245895385742187 0.225967407226563 0.0552825927734375
0.0798110961914063 -0.0029449462890625 -0.199783325195312 -0.0244598388671875
0.0180072784423828 -0.0236530303955078 -0.0346164703369141 -0.0129203796386719
0.01177978515625 -0.0101137161254883 0.0608139038085938 -0.0895919799804688
0.0137596130371094 -0.0207977294921875 0.0305328369140625 -0.17254638671875
0.00138664245605469 -0.0335979461669922 -0.0352325439453125 -0.185699462890625
-0.0287818908691406 -0.0451393127441406 -0.117156982421875 -0.163116455078125
-0.0615425109863281 -0.036773681640625 -0.14892578125 -0.0934600830078125
-0.0569953918457031 -0.0384902954101563 -0.118995666503906 -0.0225906372070312
-0.0516395568847656 -0.0536270141601562 -0.0992584228515625 0.0353012084960938
-0.020416259765625 -0.0644760131835938 -0.105842590332031 0.0648574829101562
0.0187759399414063 -0.0503273010253906 -0.101371765136719 0.0971908569335937
0.0398902893066406 -0.015899658203125 -0.10986328125 0.0981979370117188
0.0234184265136719 0.0283737182617188 -0.137901306152344 0.112358093261719
0.0145225524902344 0.0210952758789062 -0.119155883789062 0.164077758789062
0.0446891784667969 0.01666259765625 -0.067535400390625 0.212631225585938
0.142181396484375 -0.0477447509765625 -0.158248901367187 -0.0377044677734375
0.0748977661132813 -0.0718231201171875 0.00677299499511719 -0.0299854278564453
0.0565719604492188 -0.0626716613769531 0.0908584594726563 -0.101509094238281
0.0311965942382813 -0.076873779296875 0.0542755126953125 -0.179580688476563
-0.00203704833984375 -0.0828628540039063 -0.012176513671875 -0.183135986328125
-0.0533981323242187 -0.0859603881835938 -0.089141845703125 -0.152511596679688
-0.0971221923828125 -0.0640869140625 -0.11572265625 -0.0822296142578125
-0.0939559936523438 -0.06060791015625 -0.085113525390625 -0.00839996337890624
-0.0960540771484375 -0.0750732421875 -0.0637741088867188 0.0551795959472656
-0.0646209716796875 -0.0962905883789063 -0.0804290771484375 0.0937728881835938
-0.00901794433593749 -0.0997314453125 -0.0799942016601563 0.124320983886719
0.0305709838867188 -0.076141357421875 -0.0941085815429687 0.115707397460938
0.0535964965820312 -0.0273056030273437 -0.110397338867188 0.12396240234375
0.0593185424804688 -0.0323829650878906 -0.0783233642578125 0.164642333984375
0.0922393798828125 -0.0351791381835938 -0.02587890625 0.215408325195313
0.18585205078125 -0.081817626953125 -0.0984725952148437 -0.058135986328125
0.124229431152344 -0.105903625488281 0.0637359619140625 -0.048828125
0.100395202636719 -0.108184814453125 0.12872314453125 -0.109542846679688
0.0507736206054688 -0.126602172851563 0.0852813720703125 -0.180694580078125
-0.00332641601562501 -0.124778747558594 0.01531982421875 -0.170989990234375
-0.0701141357421875 -0.118339538574219 -0.0542984008789062 -0.132080078125
-0.117637634277344 -0.0827484130859375 -0.0704574584960938 -0.064178466796875
-0.116561889648438 -0.074737548828125 -0.0387344360351563 0.00709152221679687
-0.12591552734375 -0.0833969116210938 -0.0148239135742187 0.0732498168945313
-0.102638244628906 -0.107246398925781 -0.0379867553710938 0.1217041015625
-0.043731689453125 -0.129989624023438 -0.0456390380859375 0.151657104492188
0.00441741943359374 -0.123641967773438 -0.0718841552734375 0.136451721191406
0.0637893676757813 -0.0853424072265625 -0.0844345092773438 0.131881713867188
0.0880050659179688 -0.0886764526367188 -0.03955078125 0.148727416992188
0.124412536621094 -0.0844879150390625 0.026275634765625 0.198974609375
0.200485229492188 -0.102767944335938 -0.0320358276367187 -0.0846405029296875
0.151229858398438 -0.1273193359375 0.121734619140625 -0.0688400268554688
0.127593994140625 -0.141769409179688 0.163238525390625 -0.114273071289063
0.059539794921875 -0.162185668945313 0.111465454101563 -0.173248291015625
-0.00839233398437502 -0.149566650390625 0.0407257080078125 -0.14959716796875
-0.0793991088867187 -0.130912780761719 -0.0159988403320313 -0.103240966796875
-0.12274169921875 -0.086517333984375 -0.0199241638183594 -0.0416831970214844
-0.121452331542969 -0.075164794921875 0.0133876800537109 0.0224666595458984
-0.135002136230469 -0.079132080078125 0.0392532348632812 0.0861434936523438
-0.12255859375 -0.101600646972656 0.0120086669921875 0.141448974609375
-0.0703887939453125 -0.138504028320313 -0.00512695312500002 0.169235229492188
-0.0237884521484375 -0.150192260742188 -0.0457611083984375 0.1502685546875
0.061614990234375 -0.131362915039062 -0.06231689453125 0.130668640136719
0.10235595703125 -0.132965087890625 -0.007720947265625 0.11614990234375
0.1409912109375 -0.11798095703125 0.08203125 0.166763305664063
0.182968139648438 -0.108749389648438 0.02740478515625 -0.115921020507813
0.14898681640625 -0.13201904296875 0.164077758789063 -0.0916290283203125
0.130203247070313 -0.1529541015625 0.182754516601562 -0.114028930664063
0.0543365478515625 -0.172515869140625 0.1302490234375 -0.153884887695313
-0.0184326171875 -0.149383544921875 0.0644607543945313 -0.120513916015625
-0.08197021484375 -0.118850708007813 0.0234375 -0.0718612670898438
-0.11114501953125 -0.07379150390625 0.0297203063964844 -0.0190715789794922
-0.108489990234375 -0.064239501953125 0.0621681213378906 0.033660888671875
-0.122291564941406 -0.0654067993164063 0.0895919799804687 0.0941009521484375
-0.118522644042969 -0.0847702026367187 0.0586700439453125 0.153549194335938
-0.0791168212890625 -0.129081726074219 0.0319366455078125 0.177566528320313
-0.038116455078125 -0.154312133789063 -0.021728515625 0.153411865234375
0.05938720703125 -0.15155029296875 -0.0459518432617187 0.118217468261719
0.106857299804688 -0.151229858398438 0.0186614990234375 0.0731124877929688
0.140792846679688 -0.127792358398438 0.137107849121094 0.125587463378906
0.139015197753906 -0.0992507934570312 0.0679779052734375 -0.1475830078125
0.121429443359375 -0.12164306640625 0.182281494140625 -0.1153564453125
0.106246948242187 -0.144378662109375 0.180496215820313 -0.1124267578125
0.032958984375 -0.15350341796875 0.137161254882812 -0.129402160644531
-0.0313262939453125 -0.12109375 0.0820693969726563 -0.0935211181640625
-0.0738677978515625 -0.08319091796875 0.0584678649902344 -0.046295166015625
-0.0830001831054688 -0.0461502075195313 0.0714035034179688 -0.00449371337890625
-0.0786819458007813 -0.042816162109375 0.101318359375 0.0405654907226563
-0.0892105102539063 -0.0447006225585937 0.128707885742188 0.0990982055664062
-0.0921173095703125 -0.0601348876953125 0.0941162109375 0.1622314453125
-0.0668182373046875 -0.103981018066406 0.0570526123046875 0.181243896484375
-0.0347518920898437 -0.135993957519531 -0.00665283203125002 0.151473999023438
0.0591278076171875 -0.139907836914063 -0.0349197387695312 0.0993881225585937
0.100173950195313 -0.135894775390625 0.0420875549316406 0.0313911437988281
0.122169494628906 -0.110671997070312 0.187484741210938 0.087432861328125
0.0784835815429688 -0.075347900390625 0.0842437744140625 -0.178390502929688
0.0766143798828125 -0.098785400390625 0.1744384765625 -0.137603759765625
0.0627288818359375 -0.118133544921875 0.162002563476563 -0.1097412109375
0.0019073486328125 -0.112846374511719 0.135078430175781 -0.107894897460938
-0.0434112548828125 -0.070648193359375 0.0934906005859375 -0.0761489868164063
-0.0553474426269531 -0.0295562744140625 0.0844955444335938 -0.03643798828125
-0.0422744750976563 -0.00969696044921875 0.098907470703125 -0.0017547607421875
-0.0374603271484375 -0.0138664245605469 0.124458312988281 0.0408477783203125
-0.042938232421875 -0.0166778564453125 0.1495361328125 0.101699829101563
-0.051910400390625 -0.0269012451171875 0.111099243164063 0.16839599609375
-0.0435943603515625 -0.0649452209472656 0.06671142578125 0.1839599609375
-0.0205612182617187 -0.0974807739257812 0.000427246093749984 0.14923095703125
0.05401611328125 -0.10137939453125 -0.0290679931640625 0.0851974487304687
0.0781707763671875 -0.0944137573242188 0.0592460632324219 0.00413513183593749
0.0819091796875 -0.0737228393554688 0.224411010742188 0.0590057373046875
0.0124320983886719 -0.0370330810546875 0.0749359130859375 -0.204513549804687
0.0258140563964844 -0.0634346008300781 0.147140502929688 -0.155380249023438
0.0124664306640625 -0.0772781372070312 0.136665344238281 -0.10675048828125
-0.0284805297851562 -0.0553665161132813 0.128929138183594 -0.0952377319335937
-0.0467758178710938 -0.00868225097656249 0.09820556640625 -0.0723419189453125
-0.0243701934814453 0.028656005859375 0.096954345703125 -0.0422744750976563
0.00708580017089844 0.0273113250732422 0.107200622558594 -0.0102310180664062
0.00887203216552734 0.0175485610961914 0.126502990722656 0.03521728515625
0.00729465484619141 0.0152177810668945 0.147796630859375 0.103775024414063
-0.00953769683837891 0.0117769241333008 0.108612060546875 0.173675537109375
-0.019683837890625 -0.0168018341064453 0.0595550537109375 0.18719482421875
-0.0102348327636719 -0.0458717346191406 0.00016784667968749 0.15167236328125
0.03509521484375 -0.0486869812011719 -0.0322799682617188 0.0829925537109375
0.0354576110839844 -0.0387001037597656 0.0627250671386719 -0.00274658203125
0.0240535736083984 -0.025726318359375 0.240692138671875 0.044830322265625
0.0917816162109375 -0.0147476196289063 -0.2034912109375 -0.011810302734375
0.0215225219726563 -0.0324115753173828 -0.0342025756835938 -0.0170440673828125
0.0126476287841797 -0.0199546813964844 0.0530166625976563 -0.10211181640625
0.00959014892578125 -0.0303325653076172 0.0135345458984375 -0.179611206054688
-0.00807952880859375 -0.0395126342773438 -0.0525665283203125 -0.18505859375
-0.0430755615234375 -0.0452804565429688 -0.13079833984375 -0.153091430664063
-0.0751953125 -0.0298004150390625 -0.155654907226563 -0.0805816650390625
-0.0705642700195313 -0.0326309204101562 -0.117263793945313 -0.0122909545898438
-0.0687255859375 -0.0502433776855469 -0.0900039672851563 0.0450668334960937
-0.0354118347167969 -0.0691642761230469 -0.0945053100585938 0.0804901123046875
0.0113067626953125 -0.0618629455566406 -0.089599609375 0.113967895507813
0.0410079956054688 -0.0290794372558594 -0.102378845214844 0.114425659179687
0.0369071960449219 0.021759033203125 -0.130897521972656 0.129119873046875
0.0291614532470703 0.0192012786865234 -0.106781005859375 0.173919677734375
0.0586700439453125 0.0130729675292969 -0.0438385009765625 0.21539306640625
0.1475830078125 -0.0634613037109375 -0.159469604492188 -0.02996826171875
0.0721054077148438 -0.0833663940429688 0.00851058959960938 -0.0389747619628906
0.05157470703125 -0.0749893188476563 0.0840377807617187 -0.11761474609375
0.0220489501953125 -0.0855331420898438 0.0393218994140625 -0.18975830078125
-0.0149993896484375 -0.0863800048828125 -0.0265045166015625 -0.184280395507813
-0.0701675415039063 -0.0833511352539063 -0.0985260009765625 -0.145980834960938
-0.110977172851563 -0.0539703369140625 -0.118316650390625 -0.0740127563476563
-0.10711669921875 -0.05096435546875 -0.0781173706054688 -0.00187683105468751
-0.112899780273438 -0.0671310424804688 -0.0489959716796875 0.0613059997558594
-0.0800323486328125 -0.095367431640625 -0.0626144409179688 0.106491088867187
-0.0198822021484375 -0.108070373535156 -0.0624237060546875 0.139533996582031
0.0270462036132812 -0.0872573852539063 -0.0815048217773438 0.131988525390625
0.0620307922363281 -0.0352439880371094 -0.0997848510742187 0.138290405273438
0.0681495666503906 -0.0366020202636719 -0.0629730224609375 0.17034912109375
0.100265502929688 -0.0413360595703125 0.00270080566406249 0.215164184570312
0.184890747070313 -0.0993804931640625 -0.0993118286132813 -0.0556182861328125
0.115776062011719 -0.119667053222656 0.0664863586425781 -0.0632095336914063
0.09033203125 -0.12255859375 0.123893737792969 -0.130348205566406
0.0368881225585938 -0.134986877441406 0.0715789794921875 -0.195480346679688
-0.0182571411132812 -0.125556945800781 0.00419616699218748 -0.176223754882813
-0.08538818359375 -0.1123046875 -0.0592193603515625 -0.13067626953125
-0.129066467285156 -0.0704727172851562 -0.0685577392578125 -0.0615158081054688
-0.126876831054688 -0.0621566772460937 -0.0282764434814453 0.00769805908203124
-0.139266967773437 -0.0724334716796875 0.00484466552734374 0.0739212036132813
-0.116195678710938 -0.100883483886719 -0.0142440795898438 0.130485534667969
-0.0559158325195313 -0.131271362304688 -0.0222015380859375 0.1636962890625
-0.0042266845703125 -0.129341125488281 -0.05438232421875 0.15130615234375
0.0648956298828125 -0.0927963256835937 -0.0706329345703125 0.14483642578125
0.0888824462890625 -0.0946578979492188 -0.022552490234375 0.151840209960938
0.124588012695313 -0.0918197631835938 0.056976318359375 0.19525146484375
0.193115234375 -0.119140625 -0.0333251953125 -0.08709716796875
0.138687133789062 -0.140174865722656 0.124412536621094 -0.088409423828125
0.1142578125 -0.154754638671875 0.16058349609375 -0.138336181640625
0.0433502197265625 -0.168853759765625 0.1021728515625 -0.190963745117188
-0.022918701171875 -0.147476196289063 0.032928466796875 -0.158370971679688
-0.0932159423828125 -0.122772216796875 -0.0166854858398438 -0.106552124023438
-0.130416870117188 -0.0745773315429687 -0.0155792236328125 -0.043914794921875
-0.128593444824219 -0.0629425048828125 0.0252971649169922 0.0178756713867188
-0.143936157226562 -0.06671142578125 0.0612716674804687 0.0806198120117187
-0.131782531738281 -0.0912094116210937 0.03887939453125 0.145431518554688
-0.0827560424804688 -0.133682250976563 0.02227783203125 0.177093505859375
-0.0351715087890625 -0.149627685546875 -0.024566650390625 0.161529541015625
0.0556411743164062 -0.136520385742188 -0.0465087890625 0.14227294921875
0.0946884155273437 -0.139198303222656 0.00878906250000002 0.11590576171875
0.13360595703125 -0.127113342285156 0.112258911132813 0.159042358398438
0.171218872070313 -0.122207641601563 0.024169921875 -0.12091064453125
0.134185791015625 -0.141769409179688 0.16644287109375 -0.112152099609375
0.11474609375 -0.163925170898438 0.180328369140625 -0.139541625976563
0.037872314453125 -0.174453735351563 0.1234130859375 -0.173110961914063
-0.030426025390625 -0.143539428710938 0.0588455200195313 -0.132621765136719
-0.08990478515625 -0.109703063964844 0.0244827270507812 -0.079833984375
-0.113533020019531 -0.0633697509765625 0.0352554321289062 -0.0265541076660156
-0.109886169433594 -0.0529251098632812 0.0746383666992188 0.0248870849609375
-0.124649047851563 -0.0535049438476562 0.112236022949219 0.0832901000976563
-0.12200927734375 -0.0722732543945313 0.08721923828125 0.152145385742188
-0.0879669189453125 -0.119186401367188 0.060546875 0.180755615234375
-0.05126953125 -0.147872924804688 0.000244140625000009 0.162826538085938
0.0471343994140625 -0.15374755859375 -0.0308074951171875 0.127426147460938
0.09234619140625 -0.15631103515625 0.031890869140625 0.0711212158203125
0.127899169921875 -0.135459899902344 0.163101196289063 0.114425659179688
0.124061584472656 -0.107376098632812 0.059967041015625 -0.153717041015625
0.105255126953125 -0.125923156738281 0.181289672851563 -0.134780883789063
0.0896759033203125 -0.149932861328125 0.178863525390625 -0.136032104492188
0.019195556640625 -0.151718139648438 0.132064819335938 -0.149169921875
-0.0388107299804688 -0.11138916015625 0.0781707763671875 -0.106712341308594
-0.0750274658203125 -0.0736923217773438 0.0600929260253906 -0.0580406188964844
-0.0792312622070313 -0.0382232666015625 0.0765609741210938 -0.0139541625976563
-0.0746536254882813 -0.0340347290039063 0.112236022949219 0.0285797119140625
-0.0850982666015625 -0.0358657836914063 0.1484375 0.085235595703125
-0.08917236328125 -0.0481948852539062 0.121047973632812 0.156494140625
-0.071380615234375 -0.091705322265625 0.085052490234375 0.180587768554688
-0.0458755493164063 -0.126205444335938 0.014739990234375 0.158111572265625
0.0447463989257812 -0.139991760253906 -0.0215225219726562 0.107551574707031
0.0830078125 -0.139350891113281 0.0500526428222656 0.0286102294921875
0.105873107910156 -0.116020202636719 0.208602905273437 0.072601318359375
0.0632171630859375 -0.0786056518554688 0.0711517333984375 -0.183502197265625
0.06005859375 -0.0989608764648438 0.170135498046875 -0.153976440429688
0.0452804565429688 -0.118690490722656 0.159805297851563 -0.13031005859375
-0.0093536376953125 -0.104827880859375 0.130752563476563 -0.127143859863281
-0.0459442138671875 -0.0575942993164063 0.0886459350585938 -0.09088134765625
-0.0490188598632813 -0.0196380615234375 0.083251953125 -0.0498046875
-0.0318698883056641 -0.0055694580078125 0.100288391113281 -0.0130767822265625
-0.0285491943359375 -0.00945854187011718 0.131362915039063 0.0275192260742187
-0.0336322784423828 -0.0122146606445313 0.165557861328125 0.0861358642578125
-0.0437240600585938 -0.018585205078125 0.1363525390625 0.160400390625
-0.0426139831542969 -0.0528984069824219 0.0921478271484375 0.1817626953125
-0.0279769897460937 -0.0866317749023438 0.020233154296875 0.154022216796875
0.0411224365234375 -0.0993804931640625 -0.0187454223632813 0.09307861328125
0.06134033203125 -0.0942764282226562 0.0620040893554688 0.00174331665039062
0.065887451171875 -0.0758743286132813 0.240432739257813 0.042510986328125
-0.000274658203125002 -0.0357131958007813 0.05584716796875 -0.207794189453125
0.00997161865234374 -0.0604782104492187 0.137908935546875 -0.167633056640625
-0.00388336181640626 -0.0736923217773438 0.132781982421875 -0.123481750488281
-0.0366744995117188 -0.0435523986816406 0.12451171875 -0.113746643066406
-0.0443267822265625 0.00594711303710937 0.0911026000976562 -0.0882110595703125
-0.0117340087890625 0.0362472534179688 0.0904159545898438 -0.056488037109375
0.0215492248535156 0.0267925262451172 0.102622985839844 -0.0213623046875
0.0212879180908203 0.0172576904296875 0.129417419433594 0.0231399536132813
0.0208969116210938 0.0150566101074219 0.15948486328125 0.0896759033203125
0.00357437133789062 0.0157794952392578 0.129486083984375 0.165969848632813
-0.0139617919921875 -0.00629234313964844 0.081878662109375 0.184585571289063
-0.0124053955078125 -0.0357284545898438 0.01739501953125 0.15618896484375
0.0270271301269531 -0.0445098876953125 -0.0241851806640625 0.0912628173828125
0.0230255126953125 -0.0339603424072266 0.061981201171875 -0.00323486328125
0.0108299255371094 -0.0225296020507813 0.25152587890625 0.0283660888671875
0.100273132324219 -0.0295639038085937 -0.202163696289063 -0.00183105468750002
0.0218925476074219 -0.0427017211914063 -0.0346279144287109 -0.0219631195068359
0.0106105804443359 -0.0295066833496094 0.0424270629882813 -0.111099243164063
0.00173187255859375 -0.0385780334472656 -0.00305175781249999 -0.179779052734375
-0.0188407897949219 -0.0425338745117187 -0.065704345703125 -0.176895141601563
-0.057586669921875 -0.0409355163574219 -0.1383056640625 -0.138938903808594
-0.08587646484375 -0.0188827514648438 -0.155715942382813 -0.0672149658203125
-0.0810775756835937 -0.0223388671875 -0.109947204589844 -0.00448608398437501
-0.0840530395507813 -0.0415573120117187 -0.076995849609375 0.0508804321289062
-0.0515861511230469 -0.0689888000488281 -0.0789566040039063 0.0898666381835938
0.000724792480468757 -0.0708084106445313 -0.0724105834960938 0.124198913574219
0.038055419921875 -0.0427970886230469 -0.0892715454101562 0.126335144042969
0.0483932495117188 0.0106582641601563 -0.119781494140625 0.141220092773438
0.0432243347167969 0.012237548828125 -0.094146728515625 0.177108764648437
0.0718536376953125 0.0048980712890625 -0.022430419921875 0.207672119140625
0.148529052734375 -0.078521728515625 -0.15655517578125 -0.023956298828125
0.06622314453125 -0.09344482421875 0.00814437866210937 -0.0486183166503906
0.04339599609375 -0.08489990234375 0.0731735229492188 -0.129753112792969
0.00984954833984375 -0.0908355712890625 0.023223876953125 -0.193954467773438
-0.027984619140625 -0.0854644775390625 -0.037841796875 -0.180572509765625
-0.08428955078125 -0.0747756958007813 -0.103202819824219 -0.137474060058594
-0.120712280273438 -0.0404434204101563 -0.115257263183594 -0.0656967163085938
-0.115715026855469 -0.0381317138671875 -0.0685615539550781 -0.000423431396484371
-0.126319885253906 -0.0550994873046875 -0.0323524475097656 0.0606880187988281
-0.095123291015625 -0.0902938842773438 -0.041168212890625 0.111724853515625
-0.03204345703125 -0.111961364746094 -0.03997802734375 0.146957397460937
0.0209426879882813 -0.0971145629882813 -0.06475830078125 0.141738891601563
0.0684051513671875 -0.0455818176269531 -0.0857086181640625 0.147415161132813
0.076507568359375 -0.0439300537109375 -0.047760009765625 0.169082641601563
0.106285095214844 -0.048614501953125 0.0269927978515625 0.20379638671875
0.178604125976563 -0.113143920898438 -0.0966720581054687 -0.0544662475585938
0.104255676269531 -0.12847900390625 0.0654144287109375 -0.078094482421875
0.0771102905273437 -0.130836486816406 0.112701416015625 -0.147506713867188
0.0217132568359375 -0.137847900390625 0.056671142578125 -0.202835083007813
-0.0313339233398438 -0.120903015136719 -0.006072998046875 -0.176437377929688
-0.098052978515625 -0.1015625 -0.0614166259765625 -0.129165649414063
-0.136405944824219 -0.0564346313476563 -0.0647735595703125 -0.0593910217285156
-0.13250732421875 -0.0483551025390625 -0.0170440673828125 0.00414657592773437
-0.148345947265625 -0.058074951171875 0.0236587524414062 0.0666160583496094
-0.126449584960938 -0.0915374755859375 0.011138916015625 0.13018798828125
-0.0678024291992188 -0.129631042480469 0.00422668457031249 0.165679931640625
-0.012542724609375 -0.132659912109375 -0.0330810546875 0.156906127929688
0.065521240234375 -0.0994186401367188 -0.05352783203125 0.151260375976563
0.0887603759765625 -0.0992355346679688 -0.00593566894531251 0.147537231445313
0.123497009277344 -0.0971832275390625 0.082305908203125 0.181381225585938
0.181198120117188 -0.12982177734375 -0.0323715209960937 -0.0887603759765625
0.124313354492188 -0.145462036132813 0.122062683105469 -0.105827331542969
0.0983428955078125 -0.161102294921875 0.149688720703125 -0.158035278320313
0.0284576416015625 -0.167312622070313 0.088653564453125 -0.202590942382813
-0.0352706909179687 -0.139617919921875 0.0245208740234375 -0.163070678710938
-0.1014404296875 -0.111900329589844 -0.0181121826171875 -0.110038757324219
-0.133293151855469 -0.061370849609375 -0.0109748840332031 -0.0474662780761719
-0.12957763671875 -0.0498199462890625 0.0362014770507813 0.00903701782226562
-0.146942138671875 -0.053436279296875 0.0796966552734375 0.0669631958007813
-0.136009216308594 -0.0792007446289062 0.0661849975585937 0.139068603515625
-0.0903244018554688 -0.125846862792969 0.0499420166015625 0.17431640625
-0.0437469482421875 -0.1451416015625 -0.00137329101562499 0.165130615234375
0.04937744140625 -0.137619018554688 -0.02783203125 0.145706176757813
0.0870208740234375 -0.140716552734375 0.0240478515625 0.110542297363281
0.125274658203125 -0.129600524902344 0.135604858398438 0.142364501953125
0.1558837890625 -0.127487182617188 0.0214309692382813 -0.123847961425781
0.116806030273438 -0.14208984375 0.162033081054688 -0.130905151367188
0.097747802734375 -0.165878295898438 0.171096801757813 -0.160171508789063
0.024658203125 -0.170074462890625 0.112335205078125 -0.187255859375
-0.0377883911132813 -0.13330078125 0.05169677734375 -0.140838623046875
-0.0931930541992188 -0.0990142822265625 0.0238723754882812 -0.0876617431640625
-0.110336303710938 -0.0531768798828125 0.03912353515625 -0.0344924926757812
-0.106422424316406 -0.0428848266601562 0.0836944580078125 0.012176513671875
-0.12139892578125 -0.0434036254882812 0.128578186035156 0.0655670166015625
-0.119659423828125 -0.0605087280273438 0.112258911132812 0.141006469726562
-0.0909042358398437 -0.106781005859375 0.0875244140625 0.1732177734375
-0.05865478515625 -0.137374877929688 0.02337646484375 0.162384033203125
0.0364227294921875 -0.15008544921875 -0.012786865234375 0.129646301269531
0.078277587890625 -0.153778076171875 0.0432548522949219 0.0651893615722656
0.113128662109375 -0.135498046875 0.18328857421875 0.096343994140625
0.107177734375 -0.108116149902344 0.0533599853515625 -0.155624389648438
0.087890625 -0.122734069824219 0.17535400390625 -0.15106201171875
0.072021484375 -0.147903442382813 0.17108154296875 -0.1546630859375
0.008331298828125 -0.142608642578125 0.123077392578125 -0.1646728515625
-0.0411834716796875 -0.0990066528320313 0.0708694458007813 -0.116744995117188
-0.0714950561523438 -0.0644683837890625 0.0568695068359375 -0.068145751953125
-0.0713348388671875 -0.0329742431640625 0.0779495239257813 -0.0249710083007813
-0.0666999816894531 -0.0285568237304687 0.117843627929688 0.0140228271484375
-0.0774002075195313 -0.0296859741210938 0.161041259765625 0.0648345947265625
-0.0820770263671875 -0.0383377075195313 0.144454956054688 0.141983032226563
-0.0700454711914062 -0.078277587890625 0.10968017578125 0.170242309570313
-0.0504837036132813 -0.112350463867188 0.0361480712890625 0.155624389648438
0.0319595336914062 -0.132575988769531 -0.00630950927734375 0.109779357910156
0.0660324096679688 -0.134086608886719 0.0570106506347656 0.0239639282226562
0.0882644653320313 -0.113960266113281 0.222061157226563 0.0536041259765625
0.0474700927734375 -0.0750961303710938 0.05950927734375 -0.18218994140625
0.0433197021484375 -0.0925216674804688 0.161407470703125 -0.165420532226563
0.0302047729492188 -0.112213134765625 0.152572631835938 -0.145309448242188
-0.0163116455078125 -0.0926971435546875 0.122512817382813 -0.1424560546875
-0.0428199768066406 -0.0442314147949219 0.080322265625 -0.101806640625
-0.0387763977050781 -0.0135879516601563 0.0772781372070313 -0.0610885620117188
-0.0202102661132813 -0.00562095642089844 0.0977935791015625 -0.0234603881835937
-0.0170936584472656 -0.00894927978515625 0.133354187011719 0.0135040283203125
-0.0219268798828125 -0.0119342803955078 0.174087524414063 0.0667266845703125
-0.0317726135253906 -0.0136432647705078 0.15618896484375 0.144577026367188
-0.0367813110351563 -0.0415992736816406 0.11322021484375 0.169921875
-0.0296783447265625 -0.0729522705078125 0.03857421875 0.151321411132813
0.0302352905273437 -0.0905227661132813 -0.0068817138671875 0.09637451171875
0.0464096069335937 -0.0868301391601563 0.064971923828125 -0.00162887573242188
0.0495681762695313 -0.0700950622558594 0.248504638671875 0.024139404296875
-0.0134868621826172 -0.0296878814697266 0.039794921875 -0.20147705078125
-0.00424575805664063 -0.05218505859375 0.126296997070313 -0.173187255859375
-0.0178298950195313 -0.0630455017089844 0.125442504882813 -0.135459899902344
-0.0394515991210938 -0.0290946960449219 0.115348815917969 -0.128349304199219
-0.0360641479492188 0.0194664001464844 0.0793838500976563 -0.0993499755859375
0.00359344482421875 0.0391693115234375 0.079010009765625 -0.0665206909179688
0.0355339050292969 0.0215339660644531 0.0954055786132812 -0.029083251953125
0.0344181060791016 0.0125980377197266 0.126731872558594 0.0121841430664063
0.0342826843261719 0.00896835327148438 0.164642333984375 0.0726776123046875
0.0176486968994141 0.0157089233398438 0.14556884765625 0.15106201171875
-0.00427842140197754 0.00168371200561524 0.100189208984375 0.174026489257813
-0.00999259948730469 -0.0238361358642578 0.034027099609375 0.1531982421875
0.0205802917480469 -0.0355415344238281 -0.0145034790039063 0.095703125
0.0124340057373047 -0.0237350463867188 0.0616607666015625 -0.00336074829101563
-0.00211524963378906 -0.0142831802368164 0.254135131835938 0.0113677978515625
0.106788635253906 -0.0445632934570313 -0.19964599609375 0.00138854980468747
0.0216522216796875 -0.053375244140625 -0.0373039245605469 -0.0277671813964844
0.00625991821289062 -0.0397796630859375 0.0321502685546875 -0.115364074707031
-0.00772857666015625 -0.045166015625 -0.01495361328125 -0.176315307617188
-0.0301322937011719 -0.0431137084960938 -0.0726165771484375 -0.168243408203125
-0.07025146484375 -0.0332412719726563 -0.139083862304688 -0.128852844238281
-0.09490966796875 -0.00699615478515626 -0.151809692382813 -0.0580596923828125
-0.0895767211914063 -0.0113983154296875 -0.102226257324219 -0.00211334228515625
-0.0966567993164063 -0.0304412841796875 -0.064910888671875 0.0495567321777344
-0.0661735534667969 -0.0654067993164063 -0.0638046264648438 0.0931472778320312
-0.0115966796875 -0.077392578125 -0.056793212890625 0.128646850585938
0.0325393676757813 -0.0550537109375 -0.077911376953125 0.131851196289063
0.0564384460449219 -0.00282669067382813 -0.11126708984375 0.146316528320312
0.0552902221679688 0.00165557861328125 -0.0867919921875 0.175796508789063
0.0841827392578125 -0.00457000732421875 -0.010101318359375 0.196578979492188
0.149002075195313 -0.091064453125 -0.152694702148438 -0.02484130859375
0.0609130859375 -0.101600646972656 0.00577545166015626 -0.0581398010253906
0.0347137451171875 -0.0921096801757813 0.0632247924804688 -0.137733459472656
-0.00153350830078125 -0.0942840576171875 0.01226806640625 -0.193466186523438
-0.0388946533203125 -0.0822982788085937 -0.04388427734375 -0.17559814453125
-0.0957412719726563 -0.06488037109375 -0.102912902832031 -0.1326904296875
-0.126609802246094 -0.026611328125 -0.109992980957031 -0.0623855590820313
-0.121192932128906 -0.0259628295898438 -0.0592193603515625 -0.00278091430664061
-0.135093688964844 -0.0424728393554687 -0.0181159973144531 0.0542755126953125
-0.106834411621094 -0.0840606689453125 -0.0221633911132813 0.109725952148438
-0.043487548828125 -0.115089416503906 -0.020751953125 0.147018432617187
0.014404296875 -0.105323791503906 -0.0498046875 0.144775390625
0.0740432739257813 -0.0568695068359375 -0.0743408203125 0.150726318359375
0.0847930908203125 -0.0516433715820312 -0.0380401611328125 0.164169311523437
0.114227294921875 -0.0547637939453125 0.042449951171875 0.188247680664063
0.173660278320313 -0.120590209960938 -0.09210205078125 -0.0578765869140625
0.0952987670898438 -0.132041931152344 0.0621719360351563 -0.0910491943359375
0.0663375854492188 -0.135330200195313 0.102523803710937 -0.158050537109375
0.0102310180664063 -0.136978149414063 0.0469818115234375 -0.206344604492188
-0.040740966796875 -0.115196228027344 -0.010986328125 -0.17596435546875
-0.105766296386719 -0.0908203125 -0.059539794921875 -0.128250122070313
-0.138763427734375 -0.0438385009765625 -0.0587882995605469 -0.0613212585449219
-0.134140014648437 -0.0371932983398438 -0.00794982910156251 -0.00338792800903321
-0.152542114257812 -0.0467376708984375 0.0383834838867187 0.054718017578125
-0.132514953613281 -0.0840377807617188 0.0324325561523438 0.122474670410156
-0.0749435424804687 -0.128044128417969 0.026397705078125 0.16156005859375
-0.017913818359375 -0.13525390625 -0.0150909423828125 0.157852172851563
0.066802978515625 -0.105461120605469 -0.0394744873046875 0.151565551757813
0.0923995971679688 -0.103034973144531 0.00456237792968751 0.139617919921875
0.125526428222656 -0.0992660522460937 0.099395751953125 0.163131713867188
0.17181396484375 -0.131805419921875 -0.0293426513671875 -0.0928802490234375
0.1126708984375 -0.144485473632813 0.117866516113281 -0.11993408203125
0.0857696533203125 -0.160934448242188 0.139511108398438 -0.171463012695313
0.018310546875 -0.163772583007813 0.0790252685546875 -0.208984375
-0.0408554077148438 -0.131576538085938 0.0197601318359375 -0.166244506835938
-0.105064392089844 -0.10150146484375 -0.0166015625 -0.114913940429688
-0.13165283203125 -0.052154541015625 -0.00639724731445314 -0.0539131164550781
-0.127326965332031 -0.0413970947265625 0.0438079833984375 -0.00297927856445313
-0.145233154296875 -0.0435333251953125 0.0929183959960937 0.05145263671875
-0.135978698730469 -0.0713729858398438 0.087005615234375 0.126861572265625
-0.0930404663085938 -0.119651794433594 0.0725555419921875 0.165328979492188
-0.047454833984375 -0.14111328125 0.0182037353515625 0.161666870117188
0.0480804443359375 -0.137466430664063 -0.013336181640625 0.144515991210938
0.0839004516601563 -0.138320922851563 0.0341949462890625 0.101821899414062
0.120658874511719 -0.127037048339844 0.15167236328125 0.124130249023437
0.144027709960938 -0.124847412109375 0.0221786499023438 -0.126853942871094
0.105155944824219 -0.135704040527344 0.157455444335938 -0.14404296875
0.08599853515625 -0.161209106445313 0.161697387695313 -0.173507690429688
0.0175933837890625 -0.162979125976563 0.103866577148437 -0.196441650390625
-0.0392990112304687 -0.124473571777344 0.0471649169921875 -0.146728515625
-0.0912704467773438 -0.0911483764648438 0.0233688354492187 -0.0954055786132813
-0.104652404785156 -0.0481338500976563 0.0418128967285156 -0.0433197021484375
-0.0999526977539062 -0.0383834838867188 0.0890579223632813 -0.000816345214843752
-0.11553955078125 -0.0378875732421875 0.138526916503906 0.0477981567382813
-0.113441467285156 -0.0537261962890625 0.131759643554688 0.125358581542969
-0.0884475708007813 -0.0986785888671875 0.107925415039063 0.161453247070313
-0.0591583251953125 -0.127655029296875 0.0417022705078125 0.157150268554688
0.032196044921875 -0.14324951171875 0.00154113769531251 0.1280517578125
0.070526123046875 -0.14666748046875 0.052337646484375 0.0580635070800781
0.10369873046875 -0.129249572753906 0.19720458984375 0.0787353515625
0.09454345703125 -0.101272583007812 0.0517578125 -0.154800415039063
0.0766830444335938 -0.112144470214844 0.169921875 -0.1612548828125
0.061981201171875 -0.138565063476563 0.163894653320313 -0.16693115234375
0.00548553466796875 -0.132095336914063 0.115493774414063 -0.174606323242188
-0.0370864868164063 -0.0889205932617188 0.0651016235351563 -0.124519348144531
-0.0635719299316406 -0.0592765808105469 0.054229736328125 -0.0769577026367188
-0.0623435974121094 -0.0330657958984375 0.0774612426757813 -0.0336837768554688
-0.057647705078125 -0.0285911560058594 0.119865417480469 0.00112152099609375
-0.0674476623535156 -0.0293540954589844 0.167739868164063 0.0464019775390625
-0.0709228515625 -0.034637451171875 0.159820556640625 0.1251220703125
-0.0628089904785156 -0.0692100524902344 0.126739501953125 0.157379150390625
-0.0484695434570312 -0.0999603271484375 0.0523529052734375 0.149871826171875
0.026336669921875 -0.121841430664063 0.00589752197265625 0.108100891113281
0.055328369140625 -0.123016357421875 0.0628204345703125 0.0186805725097656
0.0760421752929688 -0.104515075683594 0.23211669921875 0.038177490234375
0.0340499877929688 -0.0654487609863281 0.05462646484375 -0.176605224609375
0.0317916870117187 -0.0794754028320313 0.15625 -0.170501708984375
0.0203857421875 -0.0989837646484375 0.146392822265625 -0.155731201171875
-0.016510009765625 -0.0793075561523438 0.113632202148438 -0.153076171875
-0.0342025756835938 -0.0341720581054687 0.0718841552734375 -0.108932495117188
-0.0268478393554688 -0.0114498138427734 0.0703506469726563 -0.0684585571289063
-0.00835037231445313 -0.0105218887329102 0.0946273803710938 -0.0306930541992188
-0.00628471374511719 -0.0129251480102539 0.131988525390625 0.0026702880859375
-0.0102882385253906 -0.0164604187011719 0.1767578125 0.0504302978515625
-0.0184478759765625 -0.0137767791748047 0.1676025390625 0.127670288085937
-0.0259590148925781 -0.0338401794433594 0.127456665039063 0.156387329101563
-0.0249595642089844 -0.0600738525390625 0.0527801513671875 0.14447021484375
0.0251312255859375 -0.0781707763671875 0.00356292724609376 0.0964813232421875
0.0351638793945313 -0.0727920532226562 0.0670738220214844 -0.00300216674804688
0.0372200012207031 -0.058746337890625 0.252883911132813 0.0110626220703125
-0.0251007080078125 -0.0201625823974609 0.031707763671875 -0.19122314453125
-0.0151023864746094 -0.0394248962402344 0.120040893554688 -0.173553466796875
-0.0267333984375 -0.0483360290527344 0.119552612304688 -0.143829345703125
-0.03759765625 -0.014923095703125 0.106559753417969 -0.1383056640625
-0.0241317749023438 0.0289821624755859 0.0676193237304688 -0.105445861816406
0.0182456970214844 0.0379104614257813 0.0684967041015625 -0.0713272094726563
0.04840087890625 0.0128631591796875 0.0877914428710938 -0.0323028564453125
0.0457191467285156 0.00484085083007812 0.122421264648438 0.00567626953125
0.0468482971191406 0.00023651123046875 0.164047241210938 0.060211181640625
0.0318489074707031 0.0113697052001953 0.153640747070313 0.137603759765625
0.00885200500488281 0.00689315795898438 0.111190795898437 0.161834716796875
-0.00318813323974609 -0.0138254165649414 0.045623779296875 0.148590087890625
0.0180644989013672 -0.0240726470947266 -0.00557708740234375 0.0977935791015625
0.00535297393798828 -0.00960254669189453 0.0620994567871094 -0.00132369995117188
-0.0116243362426758 -0.00215625762939453 0.253570556640625 0.00164794921875
0.113510131835938 -0.0615005493164063 -0.202255249023438 -0.000793457031250038
0.0198822021484375 -0.0654296875 -0.0414581298828125 -0.0341606140136719
-0.000564575195312504 -0.0498199462890625 0.0242843627929687 -0.119834899902344
-0.0193557739257812 -0.0512886047363281 -0.0230865478515625 -0.17523193359375
-0.0419654846191406 -0.0426063537597656 -0.0760498046875 -0.164382934570313
-0.0836105346679687 -0.024200439453125 -0.139236450195313 -0.124427795410156
-0.103691101074219 0.00507354736328124 -0.148651123046875 -0.0554962158203125
-0.0974807739257812 -0.000373840332031265 -0.0976409912109375 -0.00397491455078123
-0.109100341796875 -0.0185165405273438 -0.0562553405761719 0.0459823608398438
-0.081634521484375 -0.0610504150390625 -0.051239013671875 0.0927886962890625
-0.0249557495117188 -0.0836563110351563 -0.0441970825195313 0.130424499511719
0.0252494812011719 -0.0672187805175781 -0.0696563720703125 0.136604309082031
0.062225341796875 -0.0184974670410156 -0.106338500976562 0.15283203125
0.0668487548828125 -0.0121269226074219 -0.0853424072265625 0.175796508789063
0.0970611572265625 -0.0161972045898438 -0.00556945800781249 0.187271118164063
0.152481079101563 -0.103775024414063 -0.1522216796875 -0.030609130859375
0.0569839477539063 -0.110305786132812 0.0018768310546875 -0.068572998046875
0.0272369384765625 -0.100173950195313 0.05548095703125 -0.144561767578125
-0.012542724609375 -0.09771728515625 0.00527954101562501 -0.195419311523437
-0.0494155883789063 -0.0797500610351563 -0.0458831787109375 -0.175567626953125
-0.105934143066406 -0.0555877685546875 -0.101577758789062 -0.1334228515625
-0.132896423339844 -0.015045166015625 -0.105308532714844 -0.0648727416992188
-0.126998901367188 -0.0160369873046875 -0.0528984069824219 -0.0100212097167969
-0.144393920898438 -0.031005859375 -0.00801086425781251 0.0448875427246094
-0.119064331054688 -0.0792694091796875 -0.00661468505859376 0.105201721191406
-0.0550155639648437 -0.119789123535156 -0.00404357910156252 0.145401000976563
0.00753784179687499 -0.115776062011719 -0.0379180908203125 0.147018432617188
0.079925537109375 -0.0702667236328125 -0.0665130615234375 0.15374755859375
0.0956878662109375 -0.0630111694335938 -0.0340118408203125 0.16021728515625
0.125534057617188 -0.0628890991210938 0.051666259765625 0.175399780273437
0.1741943359375 -0.128387451171875 -0.0900039672851562 -0.0660552978515625
0.0908889770507813 -0.136077880859375 0.0595321655273438 -0.104515075683594
0.0579299926757812 -0.138900756835938 0.095458984375 -0.167495727539062
0.00106811523437501 -0.137336730957031 0.0402069091796875 -0.212142944335937
-0.04766845703125 -0.111129760742188 -0.0128173828125 -0.179855346679688
-0.113670349121094 -0.0827255249023437 -0.0584640502929688 -0.133529663085938
-0.142044067382813 -0.035125732421875 -0.0541267395019531 -0.0685234069824219
-0.136978149414063 -0.0294570922851563 -0.000833511352539072 -0.0140380859375
-0.157608032226563 -0.0375518798828125 0.0492286682128906 0.0407905578613281
-0.140457153320313 -0.0794219970703125 0.0496139526367188 0.11328125
-0.0828781127929688 -0.129806518554688 0.04443359375 0.156219482421875
-0.0227508544921875 -0.14154052734375 -0.000167846679687512 0.156356811523437
0.0715408325195313 -0.114654541015625 -0.0287017822265625 0.152786254882813
0.099395751953125 -0.109642028808594 0.0111007690429688 0.132926940917969
0.132774353027344 -0.102363586425781 0.11199951171875 0.147857666015625
0.169723510742187 -0.13348388671875 -0.0260772705078125 -0.102104187011719
0.108154296875 -0.142730712890625 0.115951538085938 -0.134880065917969
0.0795745849609375 -0.160293579101563 0.133804321289062 -0.183197021484375
0.0122528076171875 -0.161514282226562 0.0732574462890625 -0.218399047851563
-0.0435638427734375 -0.127044677734375 0.0177764892578125 -0.173004150390625
-0.107528686523438 -0.095550537109375 -0.0153121948242187 -0.123558044433594
-0.130905151367188 -0.046844482421875 -0.00191116333007813 -0.0637397766113281
-0.126045227050781 -0.03668212890625 0.0504112243652344 -0.0160369873046875
-0.145370483398438 -0.038848876953125 0.103546142578125 0.0351333618164063
-0.137237548828125 -0.0679473876953125 0.105010986328125 0.113838195800781
-0.0944976806640625 -0.1195068359375 0.091217041015625 0.15618896484375
-0.0483245849609375 -0.141860961914063 0.034088134765625 0.158218383789062
0.0505599975585937 -0.140388488769531 -0.00119018554687499 0.143280029296875
0.086639404296875 -0.139060974121094 0.0421066284179687 0.0939102172851562
0.1236572265625 -0.125045776367188 0.165756225585938 0.107772827148437
0.139175415039062 -0.119483947753906 0.026580810546875 -0.134269714355469
0.100822448730469 -0.128715515136719 0.156997680664062 -0.157470703125
0.0812835693359375 -0.15631103515625 0.157958984375 -0.18603515625
0.01641845703125 -0.157989501953125 0.0991058349609375 -0.207687377929687
-0.0367279052734375 -0.119094848632813 0.0443878173828125 -0.154205322265625
-0.0881118774414062 -0.0877532958984375 0.0238037109375 -0.104698181152344
-0.101165771484375 -0.0481643676757813 0.0449638366699219 -0.053741455078125
-0.094482421875 -0.0382537841796875 0.0935440063476563 -0.0146636962890625
-0.110916137695313 -0.0378036499023438 0.147232055664062 0.0301971435546875
-0.108589172363281 -0.0522918701171875 0.148208618164063 0.110321044921875
-0.0841903686523438 -0.09515380859375 0.125244140625 0.149948120117188
-0.056243896484375 -0.123641967773438 0.0576019287109375 0.151641845703125
0.0329666137695312 -0.139183044433594 0.0138473510742187 0.125473022460938
0.069061279296875 -0.140518188476563 0.0597190856933594 0.0508995056152344
0.10186767578125 -0.121124267578125 0.210296630859375 0.063995361328125
0.0877227783203125 -0.0912551879882813 0.0560455322265625 -0.157958984375
0.0715484619140625 -0.100555419921875 0.171417236328125 -0.171234130859375
0.0587310791015625 -0.128593444824219 0.1611328125 -0.179000854492187
0.007080078125 -0.124778747558594 0.111404418945312 -0.186553955078125
-0.0301971435546875 -0.08367919921875 0.0612030029296875 -0.132186889648438
-0.0553932189941406 -0.0591506958007813 0.0527114868164063 -0.08624267578125
-0.0543098449707031 -0.0377464294433594 0.07855224609375 -0.0426254272460938
-0.0490837097167969 -0.0329132080078125 0.121910095214844 -0.0103836059570313
-0.0593376159667969 -0.0335350036621094 0.173431396484375 0.030548095703125
-0.0611572265625 -0.0369796752929687 0.173263549804688 0.109634399414062
-0.05279541015625 -0.0656814575195313 0.141448974609375 0.144317626953125
-0.0417404174804687 -0.0921859741210937 0.067291259765625 0.143798828125
0.0267486572265625 -0.112342834472656 0.0174331665039063 0.106498718261719
0.0512008666992188 -0.111343383789062 0.0693397521972656 0.0137786865234375
0.0707855224609375 -0.0926361083984375 0.244216918945312 0.0260162353515625
0.0248603820800781 -0.0534553527832031 0.056854248046875 -0.17474365234375
0.0259437561035156 -0.0653076171875 0.1575927734375 -0.176559448242187
0.0164718627929688 -0.0855560302734375 0.144989013671875 -0.16546630859375
-0.0123558044433594 -0.0684471130371094 0.110275268554688 -0.163330078125
-0.0232658386230469 -0.0278873443603516 0.0651931762695313 -0.115921020507813
-0.0141201019287109 -0.0133905410766602 0.0659027099609375 -0.0748062133789063
0.00220870971679687 -0.0192279815673828 0.0928421020507812 -0.0357894897460937
0.00413322448730469 -0.0213031768798828 0.131996154785156 -0.005157470703125
0.000646591186523436 -0.0254707336425781 0.179519653320313 0.037628173828125
-0.00511932373046875 -0.0188388824462891 0.177490234375 0.114059448242188
-0.0125293731689453 -0.0307731628417969 0.137893676757813 0.1453857421875
-0.0165023803710937 -0.0513381958007812 0.0638961791992187 0.139976501464844
0.025665283203125 -0.065673828125 0.012481689453125 0.095977783203125
0.0303192138671875 -0.0575714111328125 0.0719528198242188 -0.00432586669921875
0.0299568176269531 -0.0442581176757813 0.261611938476563 0.002044677734375
-0.0352249145507813 -0.00789642333984376 0.0307159423828125 -0.183731079101562
-0.0226879119873047 -0.0250930786132812 0.121063232421875 -0.17462158203125
-0.0310459136962891 -0.0324878692626953 0.118484497070313 -0.151336669921875
-0.0330982208251953 -0.0014190673828125 0.0997314453125 -0.148178100585938
-0.0111770629882813 0.0352058410644531 0.058746337890625 -0.10992431640625
0.0333671569824219 0.0352668762207031 0.0593643188476563 -0.073455810546875
0.0589103698730469 0.00222396850585938 0.082916259765625 -0.0328750610351563
0.0567741394042969 -0.0057373046875 0.118782043457031 0.001983642578125
0.0582656860351563 -0.0111961364746094 0.163955688476563 0.0527496337890625
0.0462532043457031 0.00372695922851563 0.160919189453125 0.127334594726563
0.023712158203125 0.00799369812011719 0.119293212890625 0.153579711914063
0.00714683532714844 -0.00532341003417969 0.0545806884765625 0.145217895507813
0.0197238922119141 -0.0111217498779297 0.00141143798828126 0.10076904296875
0.00174379348754883 0.00713014602661133 0.0645790100097656 0.0020294189453125
-0.0183277130126953 0.0132617950439453 0.259368896484375 -0.0020904541015625
0.120590209960938 -0.082733154296875 -0.211868286132813 -0.00277709960937498
0.01568603515625 -0.0813140869140625 -0.0494766235351563 -0.0411949157714844
-0.00986480712890625 -0.0613746643066406 0.0158233642578125 -0.125595092773438
-0.0345306396484375 -0.0564498901367187 -0.031524658203125 -0.178314208984375
-0.0563926696777344 -0.0399093627929688 -0.0808868408203125 -0.165771484375
-0.098358154296875 -0.0126266479492188 -0.143524169921875 -0.124160766601562
-0.112617492675781 0.0210342407226562 -0.149871826171875 -0.055084228515625
-0.106925964355469 0.0129165649414063 -0.0965805053710938 -0.00786590576171875
-0.122528076171875 -0.00319671630859376 -0.0507736206054688 0.0407829284667969
-0.0993499755859375 -0.0545120239257813 -0.041015625 0.0921401977539063
-0.0413360595703125 -0.0891647338867188 -0.032073974609375 0.133743286132813
0.0153274536132812 -0.0812225341796875 -0.06256103515625 0.143829345703125
0.0672988891601563 -0.0374183654785156 -0.104644775390625 0.1619873046875
0.077880859375 -0.0305023193359375 -0.0866241455078125 0.181777954101563
0.111282348632812 -0.0327377319335938 -0.00439453124999999 0.182723999023437
0.159210205078125 -0.12109375 -0.157852172851562 -0.03961181640625
0.0533370971679688 -0.123687744140625 -0.0042877197265625 -0.0814971923828125
0.0177383422851563 -0.109817504882813 0.048675537109375 -0.155380249023438
-0.0260162353515625 -0.101913452148438 -0.00167846679687501 -0.202667236328125
-0.0620269775390625 -0.0767440795898438 -0.04974365234375 -0.1810302734375
-0.119369506835938 -0.0448760986328125 -0.103935241699219 -0.139556884765625
-0.140579223632812 -0.00196075439453127 -0.10516357421875 -0.0714645385742188
-0.135673522949219 -0.00429534912109378 -0.0492591857910156 -0.0192451477050781
-0.156341552734375 -0.0182647705078125 0.000442504882812492 0.0343494415283203
-0.135566711425781 -0.0736770629882812 0.00724792480468749 0.0998382568359375
-0.0707321166992187 -0.12567138671875 0.0115966796875 0.144744873046875
-0.000938415527343751 -0.129371643066406 -0.02703857421875 0.151046752929688
0.0855865478515625 -0.0885086059570312 -0.06011962890625 0.15985107421875
0.1064453125 -0.0789108276367187 -0.031890869140625 0.160858154296875
0.139640808105469 -0.0760498046875 0.05889892578125 0.166030883789063
0.180252075195313 -0.13958740234375 -0.0921249389648437 -0.07891845703125
0.08843994140625 -0.145477294921875 0.05615234375 -0.12127685546875
0.0509033203125 -0.146636962890625 0.0901336669921875 -0.18231201171875
-0.00904846191406251 -0.140914916992188 0.0348663330078125 -0.224441528320313
-0.0568618774414063 -0.109161376953125 -0.0158538818359375 -0.18963623046875
-0.12261962890625 -0.0754013061523438 -0.0597686767578125 -0.144256591796875
-0.147918701171875 -0.025726318359375 -0.0524444580078125 -0.0796966552734375
-0.142410278320313 -0.02252197265625 0.00398063659667968 -0.0279445648193359
-0.166091918945313 -0.028594970703125 0.0586318969726562 0.0248146057128906
-0.152755737304688 -0.0763092041015625 0.0668258666992188 0.103340148925781
-0.09393310546875 -0.134918212890625 0.0631866455078125 0.150527954101562
-0.0289306640625 -0.152145385742188 0.014404296875 0.15655517578125
0.0765914916992187 -0.1297607421875 -0.0187835693359375 0.155181884765625
0.109100341796875 -0.122085571289062 0.0167465209960938 0.128807067871094
0.144989013671875 -0.110916137695313 0.123733520507813 0.134307861328125
0.174758911132813 -0.136749267578125 -0.0245742797851563 -0.117080688476563
0.107818603515625 -0.145217895507813 0.1156005859375 -0.154708862304688
0.07574462890625 -0.163604736328125 0.130569458007813 -0.200271606445313
0.00796508789062501 -0.163253784179688 0.0697021484375 -0.2330322265625
-0.0460433959960938 -0.126228332519531 0.0158843994140625 -0.184967041015625
-0.111595153808594 -0.092529296875 -0.0169677734375 -0.137008666992188
-0.134323120117188 -0.0443115234375 7.62939453124865E-05 -0.0777130126953125
-0.127220153808594 -0.0348968505859375 0.05474853515625 -0.0315818786621094
-0.15045166015625 -0.0357818603515625 0.112907409667969 0.0161666870117187
-0.142471313476562 -0.06707763671875 0.122703552246094 0.09942626953125
-0.100212097167969 -0.122703552246094 0.111297607421875 0.147064208984375
-0.0508575439453125 -0.147506713867188 0.050750732421875 0.154220581054688
0.0546722412109375 -0.148345947265625 0.0111236572265625 0.143020629882813
0.093292236328125 -0.144775390625 0.0502471923828125 0.0865478515625
0.132423400878906 -0.126579284667969 0.182281494140625 0.09234619140625
0.141220092773438 -0.115890502929687 0.031707763671875 -0.147796630859375
0.10302734375 -0.124641418457031 0.159698486328125 -0.177047729492188
0.081207275390625 -0.1546630859375 0.1575927734375 -0.203948974609375
0.0169525146484375 -0.157943725585938 0.096405029296875 -0.223800659179688
-0.0336837768554687 -0.119056701660156 0.0418853759765625 -0.1678466796875
-0.0872116088867188 -0.0887527465820313 0.0228652954101562 -0.118629455566406
-0.0994110107421875 -0.0516891479492187 0.0476112365722656 -0.067718505859375
-0.0925979614257813 -0.0414276123046875 0.0977859497070313 -0.0301895141601563
-0.109893798828125 -0.0406036376953125 0.156494140625 0.011260986328125
-0.106842041015625 -0.0552597045898438 0.165573120117188 0.0941314697265625
-0.0819778442382813 -0.098480224609375 0.144393920898438 0.138656616210938
-0.0533905029296875 -0.124954223632813 0.0745086669921875 0.146774291992188
0.0374221801757813 -0.139900207519531 0.02685546875 0.123458862304687
0.072296142578125 -0.138404846191406 0.0692062377929688 0.0424652099609375
0.106163024902344 -0.116729736328125 0.22894287109375 0.048583984375
0.0857467651367188 -0.08135986328125 0.0631103515625 -0.168075561523438
0.0728607177734375 -0.0903778076171875 0.177322387695313 -0.187835693359375
0.0609054565429688 -0.120956420898438 0.16314697265625 -0.195877075195312
0.0123291015625 -0.121612548828125 0.1094970703125 -0.202911376953125
-0.0215606689453125 -0.0833206176757813 0.0573883056640625 -0.143112182617188
-0.0490646362304687 -0.0630149841308594 0.0504989624023437 -0.0973663330078125
-0.0491409301757812 -0.0461959838867188 0.08062744140625 -0.0539932250976563
-0.0434684753417969 -0.0413894653320313 0.125480651855469 -0.0236740112304688
-0.0528831481933594 -0.0426979064941406 0.1810302734375 0.01385498046875
-0.0529060363769531 -0.0430679321289062 0.18798828125 0.0942230224609375
-0.0435676574707031 -0.06646728515625 0.157501220703125 0.133499145507812
-0.0342559814453125 -0.0891494750976563 0.0818557739257812 0.139083862304688
0.0310516357421875 -0.105316162109375 0.0290145874023438 0.105255126953125
0.0524215698242188 -0.100990295410156 0.0779571533203125 0.00710296630859374
0.07110595703125 -0.0821075439453125 0.262466430664063 0.011871337890625
0.0203208923339844 -0.0395851135253906 0.063720703125 -0.179977416992188
0.0244674682617188 -0.0510444641113281 0.1641845703125 -0.18896484375
0.017486572265625 -0.071746826171875 0.146728515625 -0.181777954101563
-0.00494384765624999 -0.0604476928710937 0.10784912109375 -0.178726196289063
-0.011077880859375 -0.0251884460449219 0.0606613159179688 -0.124343872070313
-0.00126457214355469 -0.0198841094970703 0.0616912841796875 -0.0820541381835938
0.0101833343505859 -0.0314960479736328 0.0932083129882812 -0.0420455932617187
0.0127620697021484 -0.0335769653320313 0.133514404296875 -0.0138778686523438
0.00939178466796875 -0.03839111328125 0.184829711914063 0.025665283203125
0.00789070129394531 -0.0288238525390625 0.190444946289063 0.101654052734375
0.00244331359863281 -0.0325412750244141 0.151458740234375 0.136093139648438
-0.00452423095703125 -0.0457839965820313 0.076934814453125 0.136360168457031
0.0304412841796875 -0.0542221069335938 0.0232696533203125 0.0970077514648438
0.0309944152832031 -0.041412353515625 0.0797195434570313 -0.0068359375
0.026885986328125 -0.0279102325439453 0.27783203125 -0.00811767578125
-0.0438232421875 0.00778961181640625 0.0351409912109375 -0.182785034179688
-0.0273170471191406 -0.00867271423339844 0.126266479492188 -0.181900024414063
-0.0317058563232422 -0.0150566101074219 0.119110107421875 -0.164794921875
-0.0246925354003906 0.0113353729248047 0.0952606201171875 -0.161026000976562
0.00329971313476562 0.0414848327636719 0.0505752563476563 -0.116058349609375
0.0497665405273437 0.0287590026855469 0.05157470703125 -0.07568359375
0.0706710815429688 -0.01226806640625 0.0810317993164063 -0.0326995849609375
0.0670738220214844 -0.0202484130859375 0.118927001953125 -0.000297546386718751
0.0693283081054688 -0.0272445678710938 0.168014526367187 0.04718017578125
0.0595970153808594 -0.0077056884765625 0.169723510742188 0.119827270507813
0.0407218933105469 0.00568008422851563 0.128692626953125 0.147903442382813
0.0208511352539063 0.00022125244140625 0.0639495849609375 0.144393920898438
0.0256938934326172 0.00218582153320312 0.00935363769531251 0.105026245117187
0.00291061401367188 0.0263595581054688 0.0718841552734375 0.00435638427734375
-0.023040771484375 0.0319385528564453 0.273208618164063 -0.00665283203125
0.124549865722656 -0.113510131835937 -0.229080200195313 2.11030454359329E-17
0.00599670410156251 -0.100715637207031 -0.0630111694335938 -0.0472564697265625
-0.0256881713867188 -0.0732269287109375 0.0046539306640625 -0.1336669921875
-0.0546379089355469 -0.0585975646972656 -0.044921875 -0.181976318359375
-0.074249267578125 -0.033416748046875 -0.0916595458984375 -0.16839599609375
-0.112968444824219 0.00708007812499998 -0.15289306640625 -0.124496459960937
-0.121116638183594 0.0432205200195312 -0.156097412109375 -0.0540618896484375
-0.115837097167969 0.0329742431640625 -0.0981521606445313 -0.01092529296875
-0.135673522949219 0.0180740356445313 -0.047454833984375 0.0356826782226563
-0.1202392578125 -0.0414047241210937 -0.0300827026367188 0.0909957885742187
-0.0641555786132812 -0.0923004150390625 -0.0177459716796875 0.136955261230469
-0.000984191894531255 -0.0947723388671875 -0.053009033203125 0.153335571289062
0.066375732421875 -0.0622100830078125 -0.0999908447265625 0.17779541015625
0.0854949951171875 -0.05517578125 -0.087249755859375 0.193893432617188
0.125503540039063 -0.0578765869140625 -0.000930786132812493 0.183212280273438
0.16473388671875 -0.148635864257813 -0.172378540039063 -0.0469207763671875
0.0444183349609375 -0.141250610351563 -0.015777587890625 -0.0957107543945313
0.0031890869140625 -0.121910095214844 0.0374755859375 -0.168548583984375
-0.044403076171875 -0.104537963867188 -0.0140380859375 -0.21331787109375
-0.077301025390625 -0.071990966796875 -0.059539794921875 -0.190444946289063
-0.133552551269531 -0.0283966064453125 -0.1131591796875 -0.14678955078125
-0.149566650390625 0.01727294921875 -0.110824584960938 -0.0787887573242188
-0.14483642578125 0.012359619140625 -0.0509262084960938 -0.0302658081054688
-0.170150756835938 -3.05175781249977E-05 0.00556564331054686 0.0205307006835937
-0.156494140625 -0.063018798828125 0.0221710205078125 0.0916671752929687
-0.0931396484375 -0.129638671875 0.030670166015625 0.1414794921875
-0.0167388916015625 -0.144866943359375 -0.0123291015625 0.155075073242188
0.0873336791992188 -0.114570617675781 -0.050628662109375 0.16986083984375
0.116203308105469 -0.104637145996094 -0.02716064453125 0.164627075195313
0.155242919921875 -0.0995941162109375 0.068328857421875 0.157073974609375
0.186386108398437 -0.160476684570312 -0.101005554199219 -0.0951309204101563
0.0840301513671875 -0.159347534179687 0.0464630126953125 -0.143417358398438
0.040863037109375 -0.15777587890625 0.081085205078125 -0.201766967773438
-0.0231170654296875 -0.145584106445313 0.02392578125 -0.240936279296875
-0.0682220458984375 -0.107048034667969 -0.0243682861328125 -0.204437255859375
-0.134475708007813 -0.06378173828125 -0.0678863525390625 -0.158782958984375
-0.156036376953125 -0.0133514404296875 -0.0571746826171875 -0.0938339233398438
-0.15069580078125 -0.0113067626953125 0.00359344482421874 -0.0446662902832031
-0.178298950195313 -0.016143798828125 0.0660591125488281 0.00492477416992187
-0.169387817382813 -0.067535400390625 0.0847244262695312 0.0872039794921875
-0.112747192382812 -0.140289306640625 0.086578369140625 0.141036987304688
-0.042327880859375 -0.166091918945313 0.032928466796875 0.155807495117188
0.0782318115234375 -0.15167236328125 -0.004730224609375 0.158660888671875
0.11737060546875 -0.143096923828125 0.0247650146484375 0.124977111816406
0.159576416015625 -0.129730224609375 0.138801574707031 0.11749267578125
0.182159423828125 -0.14923095703125 -0.02899169921875 -0.137596130371094
0.10821533203125 -0.1539306640625 0.110580444335938 -0.1807861328125
0.0719451904296875 -0.171737670898437 0.124160766601563 -0.225433349609375
-0.000244140624999983 -0.169097900390625 0.0591583251953125 -0.255599975585937
-0.0525894165039062 -0.127830505371094 0.00709533691406247 -0.202972412109375
-0.120307922363281 -0.088043212890625 -0.0238800048828125 -0.154937744140625
-0.139556884765625 -0.0393905639648438 -0.002410888671875 -0.0952301025390625
-0.13311767578125 -0.0308761596679687 0.0558586120605469 -0.0520095825195313
-0.157791137695313 -0.030120849609375 0.121109008789063 -0.00772857666015625
-0.153030395507813 -0.0641632080078125 0.143310546875 0.0783233642578125
-0.111137390136719 -0.127349853515625 0.134742736816406 0.132392883300781
-0.0587005615234375 -0.157745361328125 0.07110595703125 0.148818969726563
0.0568084716796875 -0.163665771484375 0.02728271484375 0.142044067382813
0.0992431640625 -0.157623291015625 0.0598983764648438 0.0774307250976562
0.142868041992188 -0.136917114257813 0.201858520507813 0.06982421875
0.147293090820313 -0.117202758789063 0.0322723388671875 -0.170318603515625
0.107017517089844 -0.12469482421875 0.1597900390625 -0.206008911132813
0.083892822265625 -0.157058715820313 0.153640747070313 -0.230682373046875
0.0164337158203125 -0.162673950195313 0.0880889892578125 -0.24951171875
-0.0338058471679688 -0.123039245605469 0.03436279296875 -0.1859130859375
-0.0895309448242188 -0.09222412109375 0.0162887573242188 -0.136688232421875
-0.103157043457031 -0.0549392700195312 0.0462722778320313 -0.085845947265625
-0.095001220703125 -0.0452346801757813 0.0996322631835938 -0.050994873046875
-0.113494873046875 -0.0435028076171875 0.164443969726563 -0.0139617919921875
-0.10968017578125 -0.0584182739257813 0.185195922851563 0.0706329345703125
-0.0838470458984375 -0.10308837890625 0.16668701171875 0.121536254882813
-0.0534820556640625 -0.130027770996094 0.0946044921875 0.137603759765625
0.040802001953125 -0.145828247070313 0.0433349609375 0.119804382324219
0.077728271484375 -0.141677856445312 0.0792007446289063 0.030364990234375
0.113479614257813 -0.117599487304688 0.25152587890625 0.0236358642578125
0.08843994140625 -0.0728836059570313 0.0669403076171875 -0.1873779296875
0.0772857666015625 -0.0833663940429688 0.1806640625 -0.215225219726563
0.06610107421875 -0.11712646484375 0.161788940429688 -0.222412109375
0.0188446044921875 -0.122383117675781 0.103240966796875 -0.227264404296875
-0.0138626098632813 -0.0871810913085938 0.050933837890625 -0.16015625
-0.0442428588867188 -0.07110595703125 0.0452804565429687 -0.111923217773437
-0.0476493835449219 -0.0576972961425781 0.0806732177734375 -0.0693435668945313
-0.0416946411132812 -0.0531806945800781 0.128456115722656 -0.0411911010742188
-0.0515975952148437 -0.0542793273925781 0.18914794921875 -0.0083465576171875
-0.0483894348144531 -0.0527992248535156 0.2060546875 0.072113037109375
-0.035919189453125 -0.0731430053710938 0.177078247070313 0.117340087890625
-0.0267105102539062 -0.0911331176757813 0.100715637207031 0.131111145019531
0.0373992919921875 -0.102806091308594 0.0437774658203125 0.101966857910156
0.0573577880859375 -0.093353271484375 0.088165283203125 -0.00326538085937501
0.075439453125 -0.072723388671875 0.2855224609375 -0.011962890625
0.0185947418212891 -0.0236186981201172 0.0699920654296875 -0.193695068359375
0.0269966125488281 -0.0357551574707031 0.170669555664063 -0.211639404296875
0.0238914489746094 -0.0612983703613281 0.1458740234375 -0.2054443359375
0.00581741333007812 -0.0560951232910156 0.0996246337890625 -0.20050048828125
0.00421333312988281 -0.0262546539306641 0.0521926879882813 -0.13726806640625
0.0106887817382813 -0.0312519073486328 0.0554580688476563 -0.0913314819335938
0.0162162780761719 -0.0488548278808594 0.0926513671875 -0.05206298828125
0.0180587768554687 -0.0514411926269531 0.136695861816406 -0.0255355834960938
0.0152854919433594 -0.0571746826171875 0.192794799804688 0.0090484619140625
0.0174140930175781 -0.04351806640625 0.203903198242187 0.0838775634765625
0.01629638671875 -0.0407066345214844 0.167160034179687 0.123184204101562
0.00983047485351563 -0.0461387634277344 0.0928497314453125 0.130851745605469
0.0408554077148438 -0.0446701049804687 0.0365447998046875 0.0967864990234375
0.0368156433105469 -0.0247268676757812 0.0905227661132813 -0.013519287109375
0.0285587310791016 -0.0111122131347656 0.301300048828125 -0.026458740234375
-0.0503463745117188 0.0292243957519531 0.038360595703125 -0.187744140625
-0.0286235809326172 0.0120258331298828 0.132003784179688 -0.197647094726563
-0.0277595520019531 0.00501441955566406 0.117431640625 -0.18438720703125
-0.0111064910888672 0.0234165191650391 0.086517333984375 -0.178939819335938
0.0220222473144531 0.0424079895019531 0.0403518676757813 -0.12384033203125
0.0682525634765625 0.0165481567382813 0.044189453125 -0.0786666870117188
0.0804519653320312 -0.03155517578125 0.0809402465820313 -0.0346221923828125
0.0758743286132813 -0.0400619506835938 0.121665954589844 -0.00411224365234375
0.0781631469726563 -0.050201416015625 0.175079345703125 0.0379486083984375
0.0733566284179687 -0.0261077880859375 0.182571411132812 0.108016967773438
0.0595512390136719 -0.0029754638671875 0.142684936523437 0.141159057617188
0.0388717651367188 0.00078582763671875 0.0782623291015625 0.143844604492188
0.0379562377929688 0.0156021118164063 0.0221710205078125 0.109275817871094
0.0100669860839844 0.0478019714355469 0.0825271606445313 0.0042724609375
-0.0232124328613281 0.0546188354492188 0.29473876953125 -0.019927978515625
0.117874145507813 -0.150390625 -0.249465942382813 0.01129150390625
-0.0141754150390625 -0.119163513183594 -0.0801620483398438 -0.0483474731445313
-0.0486831665039062 -0.0809555053710938 -0.0125885009765625 -0.138626098632813
-0.079681396484375 -0.0529251098632812 -0.063507080078125 -0.1832275390625
-0.09234619140625 -0.0181350708007813 -0.106674194335937 -0.167800903320313
-0.122894287109375 0.035430908203125 -0.16680908203125 -0.11859130859375
-0.122207641601563 0.0728073120117188 -0.163970947265625 -0.0489349365234375
-0.119285583496094 0.0591659545898438 -0.103256225585938 -0.0114974975585937
-0.143234252929688 0.0491943359375 -0.0459442138671875 0.0294151306152344
-0.139205932617188 -0.0180435180664062 -0.0183868408203125 0.0873641967773438
-0.0916595458984375 -0.0862960815429687 0.000518798828124996 0.13519287109375
-0.0250701904296875 -0.105384826660156 -0.03759765625 0.1619873046875
0.05718994140625 -0.089599609375 -0.08721923828125 0.195449829101563
0.0847702026367188 -0.0878372192382813 -0.080810546875 0.208602905273438
0.13140869140625 -0.0932083129882813 0.00576782226562502 0.183700561523438
0.159713745117187 -0.183944702148438 -0.1927490234375 -0.049285888671875
0.0268096923828125 -0.160736083984375 -0.0353851318359375 -0.108085632324219
-0.0187149047851563 -0.130836486816406 0.018646240234375 -0.181732177734375
-0.0683364868164063 -0.101638793945313 -0.034637451171875 -0.222564697265625
-0.0949859619140625 -0.059661865234375 -0.076446533203125 -0.197540283203125
-0.144622802734375 -0.00250244140624999 -0.128555297851562 -0.151336669921875
-0.153106689453125 0.0439605712890625 -0.120643615722656 -0.0841903686523438
-0.150146484375 0.03582763671875 -0.05718994140625 -0.0408058166503906
-0.179840087890625 0.0288238525390625 0.00654554367065428 0.00379657745361328
-0.177017211914062 -0.0419921875 0.0364761352539062 0.0777740478515625
-0.121200561523438 -0.12628173828125 0.0514984130859375 0.131202697753906
-0.0418701171875 -0.157638549804688 0.00631713867187501 0.155502319335938
0.07794189453125 -0.144805908203125 -0.0345458984375 0.178070068359375
0.116165161132813 -0.138763427734375 -0.018951416015625 0.16845703125
0.163497924804687 -0.133499145507812 0.0781402587890625 0.144302368164063
0.185577392578125 -0.189788818359375 -0.120216369628906 -0.109046936035156
0.0717010498046875 -0.176498413085938 0.027740478515625 -0.1658935546875
0.023345947265625 -0.167312622070313 0.061431884765625 -0.22283935546875
-0.0427703857421875 -0.1466064453125 0.00183105468749997 -0.257980346679688
-0.08294677734375 -0.09991455078125 -0.0430755615234375 -0.218215942382813
-0.146636962890625 -0.0456390380859375 -0.0847015380859375 -0.171005249023438
-0.161895751953125 0.00566101074218747 -0.0682830810546875 -0.107566833496094
-0.157501220703125 0.00650024414062503 -0.00331497192382813 -0.0637130737304688
-0.1881103515625 0.0062103271484375 0.0668678283691406 -0.0202865600585938
-0.187149047851562 -0.0511474609375 0.1005859375 0.0645370483398437
-0.137771606445313 -0.137619018554688 0.109344482421875 0.122589111328125
-0.064605712890625 -0.177352905273438 0.054443359375 0.147781372070313
0.069915771484375 -0.178863525390625 0.01434326171875 0.159286499023438
0.116943359375 -0.172988891601563 0.03485107421875 0.118354797363281
0.167572021484375 -0.157745361328125 0.15350341796875 0.0927734375
0.184661865234375 -0.167724609375 -0.043365478515625 -0.1610107421875
0.103912353515625 -0.1661376953125 0.094024658203125 -0.213287353515625
0.0621795654296875 -0.182525634765625 0.10546875 -0.252883911132813
-0.013397216796875 -0.174407958984375 0.036773681640625 -0.278656005859375
-0.0634918212890625 -0.127090454101563 -0.011138916015625 -0.220611572265625
-0.129905700683594 -0.079376220703125 -0.0399169921875 -0.171630859375
-0.147476196289063 -0.0299835205078125 -0.0136642456054687 -0.115158081054688
-0.139595031738281 -0.0222015380859375 0.0498580932617187 -0.075958251953125
-0.167449951171875 -0.01885986328125 0.123115539550781 -0.0398406982421875
-0.166152954101562 -0.05517578125 0.158416748046875 0.0480804443359375
-0.128082275390625 -0.12725830078125 0.157546997070313 0.107376098632812
-0.0738983154296875 -0.166671752929688 0.093414306640625 0.13519287109375
0.051239013671875 -0.183013916015625 0.0477828979492188 0.135368347167969
0.10040283203125 -0.178131103515625 0.0700950622558594 0.0633354187011718
0.1510009765625 -0.155227661132813 0.218536376953125 0.03619384765625
0.152114868164063 -0.124603271484375 0.0227508544921875 -0.197494506835938
0.109504699707031 -0.130561828613281 0.147857666015625 -0.242141723632812
0.0824432373046875 -0.165084838867188 0.1385498046875 -0.26287841796875
0.011932373046875 -0.170562744140625 0.0669097900390625 -0.276870727539063
-0.0371017456054687 -0.12762451171875 0.0172119140625 -0.205215454101563
-0.0957260131835938 -0.0933761596679687 0.001739501953125 -0.155426025390625
-0.109306335449219 -0.056854248046875 0.037628173828125 -0.107337951660156
-0.100715637207031 -0.0481796264648438 0.09521484375 -0.0760345458984375
-0.120391845703125 -0.0445709228515625 0.166000366210938 -0.0477142333984375
-0.116302490234375 -0.0597457885742188 0.199447631835938 0.03692626953125
-0.089996337890625 -0.107017517089844 0.1876220703125 0.0935516357421875
-0.0586013793945313 -0.13616943359375 0.116012573242188 0.120964050292969
0.0410003662109375 -0.155776977539063 0.06158447265625 0.109954833984375
0.08038330078125 -0.14862060546875 0.0877609252929688 0.0131149291992187
0.121528625488281 -0.123443603515625 0.270523071289063 -0.015594482421875
0.094146728515625 -0.0666275024414063 0.063629150390625 -0.214691162109375
0.0845260620117188 -0.0782546997070313 0.174346923828125 -0.251266479492188
0.0724334716796875 -0.117637634277344 0.14886474609375 -0.254470825195313
0.0237655639648438 -0.127998352050781 0.0834808349609375 -0.255050659179688
-0.00920867919921875 -0.0946273803710938 0.0348968505859375 -0.1766357421875
-0.0432891845703125 -0.0818099975585937 0.0333709716796875 -0.127861022949219
-0.0528030395507812 -0.0703353881835937 0.0746002197265625 -0.088104248046875
-0.0451736450195313 -0.0658073425292969 0.126213073730469 -0.0640106201171875
-0.0565071105957031 -0.0674667358398438 0.191299438476562 -0.0388336181640625
-0.0489311218261719 -0.0643768310546875 0.219696044921875 0.038848876953125
-0.0320053100585938 -0.0833053588867188 0.195449829101563 0.090087890625
-0.02001953125 -0.0963363647460938 0.120895385742188 0.114166259765625
0.0452728271484375 -0.103660583496094 0.0615615844726563 0.09246826171875
0.0650634765625 -0.0880126953125 0.09661865234375 -0.021087646484375
0.0828018188476563 -0.0662078857421875 0.305511474609375 -0.050933837890625
0.0232734680175781 -0.00550460815429688 0.068450927734375 -0.214706420898438
0.0344772338867188 -0.0220375061035156 0.166961669921875 -0.24273681640625
0.0348587036132813 -0.050750732421875 0.136611938476562 -0.23388671875
0.0195083618164063 -0.0552597045898438 0.0821685791015625 -0.225021362304688
0.0171623229980469 -0.0339126586914063 0.0371246337890625 -0.149063110351563
0.0187225341796875 -0.0482292175292969 0.0456314086914063 -0.101425170898437
0.0148696899414063 -0.0703582763671875 0.0901718139648438 -0.0641555786132813
0.0178375244140625 -0.0729904174804688 0.136154174804688 -0.041839599609375
0.0135650634765625 -0.0810165405273438 0.19635009765625 -0.014617919921875
0.0212020874023437 -0.0643081665039062 0.217391967773438 0.0565185546875
0.0294456481933594 -0.0542716979980469 0.184188842773438 0.101943969726563
0.0247840881347656 -0.0513763427734375 0.111618041992188 0.118522644042969
0.0553741455078125 -0.0388107299804688 0.0531387329101563 0.090850830078125
0.0498199462890625 -0.00962448120117188 0.0994796752929687 -0.02703857421875
0.0368080139160156 0.00733566284179688 0.32220458984375 -0.061492919921875
-0.0489578247070313 0.0562973022460938 0.038421630859375 -0.198883056640625
-0.0232639312744141 0.0346050262451172 0.1297607421875 -0.221359252929687
-0.0149154663085937 0.0241622924804688 0.107177734375 -0.207855224609375
0.00880622863769531 0.0318031311035156 0.06829833984375 -0.19854736328125
0.0436439514160156 0.0376510620117188 0.0243759155273438 -0.129493713378906
0.084136962890625 -0.00447845458984375 0.0352249145507813 -0.0801162719726563
0.0841827392578125 -0.05950927734375 0.0802230834960938 -0.0376815795898438
0.0782546997070313 -0.0674972534179688 0.124862670898438 -0.0120697021484375
0.0793304443359375 -0.080352783203125 0.181549072265625 0.023345947265625
0.0813446044921875 -0.0534820556640625 0.19537353515625 0.0892333984375
0.077484130859375 -0.0208740234375 0.158248901367188 0.127532958984375
0.0594253540039063 -0.00482559204101563 0.0972518920898438 0.136474609375
0.0578575134277344 0.0244941711425781 0.0396347045898437 0.109893798828125
0.0274276733398438 0.0692672729492188 0.0951919555664063 -0.00194549560546875
-0.0139846801757812 0.0816192626953125 0.31463623046875 -0.045654296875
0.095245361328125 -0.186538696289063 -0.265243530273437 0.030853271484375
-0.0441970825195313 -0.129325866699219 -0.0992355346679688 -0.0418167114257813
-0.0769500732421875 -0.0792694091796875 -0.0330429077148438 -0.136474609375
-0.102607727050781 -0.0367889404296875 -0.083465576171875 -0.175918579101563
-0.104690551757813 0.00487518310546874 -0.1224365234375 -0.15875244140625
-0.121795654296875 0.0696487426757813 -0.178421020507812 -0.106430053710938
-0.111381530761719 0.103866577148438 -0.168914794921875 -0.0394287109375
-0.112007141113281 0.0889434814453125 -0.108283996582031 -0.00946044921874997
-0.137374877929688 0.0836639404296875 -0.0473899841308594 0.0233116149902344
-0.148727416992188 0.01416015625 -0.00765228271484377 0.0792999267578125
-0.116981506347656 -0.0676040649414063 0.0193862915039062 0.126655578613281
-0.0554733276367187 -0.106544494628906 -0.0183563232421875 0.164138793945313
0.0358200073242187 -0.114448547363281 -0.0664215087890625 0.207748413085937
0.0692977905273438 -0.121124267578125 -0.06707763671875 0.222259521484375
0.123054504394531 -0.133155822753906 0.014007568359375 0.181686401367188
0.14031982421875 -0.219375610351563 -0.21527099609375 -0.0431518554687501
-0.00122070312500001 -0.172714233398438 -0.0610427856445312 -0.112403869628906
-0.0457077026367188 -0.130592346191406 -0.00588989257812501 -0.1876220703125
-0.0924606323242188 -0.088287353515625 -0.0594940185546875 -0.223526000976563
-0.108657836914062 -0.0387039184570312 -0.0967254638671875 -0.196502685546875
-0.145401000976563 0.0289306640625 -0.146804809570313 -0.14801025390625
-0.145248413085938 0.0737152099609375 -0.132965087890625 -0.0840911865234375
-0.145431518554688 0.063720703125 -0.0676040649414063 -0.0490226745605469
-0.178070068359375 0.0621490478515625 0.00123882293701171 -0.0135774612426758
-0.187789916992188 -0.0103759765625 0.0449142456054687 0.0587959289550781
-0.149810791015625 -0.109954833984375 0.069183349609375 0.111312866210938
-0.0745849609375 -0.159881591796875 0.0268707275390625 0.147628784179687
0.055633544921875 -0.171844482421875 -0.0136566162109375 0.17962646484375
0.102142333984375 -0.1744384765625 -0.0076141357421875 0.169113159179687
0.157684326171875 -0.173477172851563 0.0844268798828125 0.126914978027344
0.171615600585938 -0.220870971679687 -0.145538330078125 -0.117584228515625
0.050628662109375 -0.189895629882812 -0.00317382812499998 -0.181976318359375
0.0013580322265625 -0.170806884765625 0.032501220703125 -0.236572265625
-0.0644912719726563 -0.13787841796875 -0.027862548828125 -0.266815185546875
-0.0957717895507813 -0.0846023559570313 -0.067901611328125 -0.223846435546875
-0.151153564453125 -0.0211029052734375 -0.106887817382813 -0.175796508789063
-0.159194946289063 0.0289154052734375 -0.0850143432617188 -0.117210388183594
-0.157211303710938 0.0276031494140625 -0.0175857543945313 -0.0798416137695312
-0.189529418945312 0.0334320068359375 0.0571174621582031 -0.0469245910644531
-0.199752807617188 -0.026580810546875 0.106002807617187 0.03436279296875
-0.16326904296875 -0.12371826171875 0.124732971191406 0.0928573608398438
-0.0928192138671875 -0.179214477539062 0.0723037719726563 0.130439758300781
0.0493621826171875 -0.20355224609375 0.0347900390625 0.149581909179688
0.104721069335938 -0.203659057617188 0.0428009033203125 0.1065673828125
0.162887573242188 -0.190475463867188 0.158111572265625 0.061187744140625
0.17913818359375 -0.190750122070313 -0.0689849853515625 -0.179946899414063
0.09283447265625 -0.177154541015625 0.061798095703125 -0.238876342773437
0.046630859375 -0.18902587890625 0.0745391845703125 -0.274627685546875
-0.029449462890625 -0.173416137695312 0.00427246093750002 -0.294891357421875
-0.075408935546875 -0.122032165527344 -0.037994384765625 -0.23138427734375
-0.137290954589844 -0.0650405883789063 -0.0643310546875 -0.181488037109375
-0.150924682617188 -0.0159912109375 -0.032440185546875 -0.131240844726563
-0.143661499023438 -0.010711669921875 0.033233642578125 -0.09783935546875
-0.172027587890625 -0.00305175781249997 0.111068725585937 -0.0724868774414063
-0.175399780273438 -0.041412353515625 0.161163330078125 0.0102996826171875
-0.14617919921875 -0.120223999023438 0.169921875 0.0707550048828125
-0.09295654296875 -0.168685913085938 0.110908508300781 0.111106872558594
0.0371551513671875 -0.200576782226562 0.0661468505859375 0.118873596191406
0.0917205810546875 -0.199554443359375 0.0737686157226563 0.043701171875
0.150177001953125 -0.178817749023437 0.222579956054687 -0.00653076171875001
0.155563354492188 -0.133392333984375 0.000747680664062503 -0.224044799804687
0.109107971191406 -0.136444091796875 0.117691040039063 -0.275848388671875
0.078704833984375 -0.173004150390625 0.108612060546875 -0.28948974609375
0.0041961669921875 -0.17578125 0.034149169921875 -0.296600341796875
-0.0431671142578125 -0.130348205566406 -0.008453369140625 -0.21795654296875
-0.102981567382813 -0.0920333862304688 -0.0212249755859375 -0.168289184570313
-0.116508483886719 -0.0554122924804688 0.0197677612304687 -0.126312255859375
-0.108070373535156 -0.048004150390625 0.07958984375 -0.100135803222656
-0.128761291503906 -0.0426864624023438 0.154830932617188 -0.083038330078125
-0.124404907226562 -0.0576324462890625 0.19915771484375 -0.0037841796875
-0.0984115600585937 -0.109085083007813 0.196380615234375 0.055328369140625
-0.0674285888671875 -0.141036987304688 0.130882263183594 0.0932846069335937
0.036590576171875 -0.1661376953125 0.077789306640625 0.0901031494140625
0.0810699462890625 -0.1588134765625 0.0907440185546875 -0.0102386474609375
0.125885009765625 -0.131858825683594 0.27392578125 -0.0644683837890625
0.103790283203125 -0.0635910034179688 0.046600341796875 -0.240631103515625
0.0931243896484375 -0.0777740478515625 0.151397705078125 -0.286712646484375
0.0785064697265625 -0.121963500976562 0.12261962890625 -0.285003662109375
0.0266265869140625 -0.136062622070312 0.0531158447265625 -0.275390625
-0.00749969482421875 -0.103927612304688 0.0113372802734375 -0.18707275390625
-0.0483474731445313 -0.0937118530273438 0.014617919921875 -0.139564514160156
-0.062042236328125 -0.0811920166015625 0.0611572265625 -0.105796813964844
-0.0545196533203125 -0.0775985717773438 0.113685607910156 -0.0867919921875
-0.0669784545898437 -0.0790481567382813 0.181625366210938 -0.0721282958984375
-0.0538177490234375 -0.076080322265625 0.218536376953125 -0.000396728515625005
-0.031951904296875 -0.0943603515625 0.202423095703125 0.054473876953125
-0.016082763671875 -0.104789733886719 0.1339111328125 0.0878372192382812
0.0521011352539063 -0.107078552246094 0.0758438110351563 0.0739974975585938
0.0745773315429688 -0.0855178833007812 0.0987625122070313 -0.0439682006835938
0.093170166015625 -0.0623321533203125 0.309295654296875 -0.10137939453125
0.0334682464599609 0.0118026733398438 0.0574188232421875 -0.236709594726563
0.0491142272949219 -0.00922775268554688 0.150848388671875 -0.273956298828125
0.050506591796875 -0.0452995300292969 0.114028930664062 -0.2607421875
0.0337181091308594 -0.0613899230957031 0.053466796875 -0.242706298828125
0.027679443359375 -0.0476264953613281 0.01776123046875 -0.15557861328125
0.0191421508789063 -0.0685195922851563 0.032073974609375 -0.107963562011719
0.0079498291015625 -0.0914840698242188 0.0833587646484375 -0.0770339965820313
0.00678253173828124 -0.0954513549804688 0.130744934082031 -0.0590438842773438
0.00197601318359375 -0.105392456054687 0.1920166015625 -0.0423126220703125
0.0158462524414062 -0.0876998901367188 0.217376708984375 0.0231170654296875
0.035736083984375 -0.0743408203125 0.190963745117188 0.072784423828125
0.0374259948730469 -0.06329345703125 0.124931335449219 0.0961532592773438
0.0726852416992188 -0.0388717651367188 0.0686798095703125 0.075592041015625
0.0689163208007813 -0.000728607177734375 0.104255676269531 -0.0465850830078125
0.0534706115722656 0.0227127075195313 0.32977294921875 -0.106842041015625
-0.0368194580078125 0.084991455078125 0.032012939453125 -0.210159301757813
-0.0084991455078125 0.0557212829589844 0.116912841796875 -0.243682861328125
0.00662994384765625 0.040069580078125 0.08599853515625 -0.228378295898438
0.0331573486328125 0.0311775207519531 0.042236328125 -0.21014404296875
0.0634994506835938 0.0247268676757813 0.00584411621093751 -0.1285400390625
0.0920257568359375 -0.0327987670898438 0.0250091552734375 -0.0780105590820313
0.0780105590820312 -0.0883255004882813 0.0774993896484375 -0.0420455932617188
0.069305419921875 -0.09661865234375 0.124755859375 -0.0213623046875
0.0679397583007813 -0.111091613769531 0.1822509765625 0.00520324707031249
0.0788040161132813 -0.0841064453125 0.199966430664063 0.0652008056640625
0.088043212890625 -0.0465621948242188 0.167404174804688 0.105514526367187
0.0792465209960938 -0.0207138061523438 0.113021850585938 0.121040344238281
0.08184814453125 0.0264816284179687 0.0572586059570313 0.101654052734375
0.0553741455078125 0.0846405029296875 0.104896545410156 -0.0149993896484375
0.00665283203125001 0.105781555175781 0.32452392578125 -0.081756591796875
0.0611419677734375 -0.212539672851563 -0.275680541992188 0.053802490234375
-0.07501220703125 -0.129074096679688 -0.115333557128906 -0.0292892456054688
-0.102058410644531 -0.065948486328125 -0.0503463745117188 -0.125816345214844
-0.117698669433594 -0.0131378173828125 -0.0972747802734375 -0.161346435546875
-0.107627868652344 0.0302734375 -0.131729125976563 -0.146591186523438
-0.106971740722656 0.100044250488281 -0.182479858398438 -0.090179443359375
-0.0895462036132813 0.129493713378906 -0.170455932617188 -0.03131103515625
-0.0932693481445312 0.113052368164063 -0.112640380859375 -0.00774383544921877
-0.118614196777344 0.1146240234375 -0.05242919921875 0.0184974670410156
-0.145797729492188 0.04779052734375 -0.0014801025390625 0.068267822265625
-0.133781433105469 -0.0418014526367188 0.031494140625 0.111808776855469
-0.08245849609375 -0.0954742431640625 -0.00265502929687501 0.15887451171875
0.00462341308593749 -0.129150390625 -0.0435943603515625 0.212493896484375
0.04180908203125 -0.14654541015625 -0.049285888671875 0.228485107421875
0.099945068359375 -0.16766357421875 0.0172271728515625 0.177230834960938
0.109222412109375 -0.244277954101563 -0.234390258789063 -0.0313873291015625
-0.031005859375 -0.175582885742188 -0.0864791870117188 -0.108161926269531
-0.0714187622070313 -0.120147705078125 -0.0301513671875 -0.182891845703125
-0.109016418457031 -0.0657730102539063 -0.079620361328125 -0.21240234375
-0.112571716308594 -0.0135879516601562 -0.115676879882813 -0.189102172851563
-0.133316040039063 0.0567398071289062 -0.159713745117188 -0.13861083984375
-0.128654479980469 0.0973358154296875 -0.1451416015625 -0.0809326171875
-0.130752563476563 0.0860214233398437 -0.0811309814453125 -0.0513763427734375
-0.163742065429688 0.0913543701171875 -0.0114192962646484 -0.02655029296875
-0.187850952148438 0.023223876953125 0.0452842712402344 0.0366439819335938
-0.16864013671875 -0.084075927734375 0.07611083984375 0.0881576538085938
-0.102462768554687 -0.150680541992188 0.0384674072265625 0.130477905273438
0.0252227783203125 -0.189102172851563 0.00613403320312499 0.17156982421875
0.0755767822265625 -0.202117919921875 0.00283813476562501 0.164581298828125
0.139083862304688 -0.207534790039063 0.0827713012695313 0.108375549316406
0.148880004882813 -0.245376586914063 -0.175048828125 -0.116073608398438
0.0264434814453125 -0.194778442382813 -0.036590576171875 -0.185302734375
-0.0211944580078125 -0.165328979492188 0.00448608398437502 -0.2392578125
-0.0810775756835938 -0.12261962890625 -0.057098388671875 -0.263870239257813
-0.103324890136719 -0.0670166015625 -0.0911712646484375 -0.221572875976563
-0.145462036132813 0.00354003906250003 -0.129791259765625 -0.17242431640625
-0.149993896484375 0.0496673583984375 -0.105033874511719 -0.11981201171875
-0.147171020507813 0.047943115234375 -0.0375518798828125 -0.0906448364257812
-0.181396484375 0.05682373046875 0.0395355224609375 -0.0680503845214844
-0.199737548828125 0.00210571289062499 0.100288391113281 0.00496673583984375
-0.179367065429688 -0.102706909179688 0.127464294433594 0.0614776611328125
-0.119827270507813 -0.170562744140625 0.0819091796875 0.107582092285156
0.0234375 -0.219268798828125 0.0472793579101563 0.1331787109375
0.08306884765625 -0.229568481445313 0.0440521240234375 0.0936660766601563
0.150634765625 -0.221664428710937 0.15008544921875 0.0310516357421875
0.167388916015625 -0.206527709960938 -0.0995025634765625 -0.189285278320312
0.07684326171875 -0.18359375 0.024810791015625 -0.251922607421875
0.0323486328125 -0.189895629882813 0.037628173828125 -0.281280517578125
-0.0442352294921875 -0.166732788085938 -0.03125 -0.29693603515625
-0.0815277099609375 -0.112716674804687 -0.0638275146484375 -0.229507446289063
-0.138328552246094 -0.0525283813476563 -0.0910797119140625 -0.18310546875
-0.14788818359375 -0.00328063964843752 -0.0578842163085938 -0.137741088867188
-0.142227172851563 0.00175476074218753 0.0098724365234375 -0.111175537109375
-0.17181396484375 0.0132598876953125 0.08697509765625 -0.0970840454101563
-0.17889404296875 -0.0228118896484375 0.14825439453125 -0.025634765625
-0.159423828125 -0.108688354492187 0.166793823242188 0.0361785888671875
-0.11309814453125 -0.163986206054688 0.114593505859375 0.0821762084960938
0.01959228515625 -0.212432861328125 0.0751876831054688 0.09442138671875
0.0781402587890625 -0.2181396484375 0.0705490112304688 0.0212478637695312
0.142776489257813 -0.19854736328125 0.20953369140625 -0.04864501953125
0.155105590820313 -0.143585205078125 -0.030517578125 -0.239044189453125
0.106185913085938 -0.143173217773438 0.0802001953125 -0.29693603515625
0.0744171142578125 -0.177627563476563 0.072296142578125 -0.30279541015625
-0.00505065917968752 -0.180023193359375 -0.00094604492187499 -0.302490234375
-0.0496139526367187 -0.1312255859375 -0.0355682373046875 -0.220993041992187
-0.107612609863281 -0.0884323120117188 -0.045684814453125 -0.171432495117188
-0.123947143554687 -0.0517349243164063 -0.00423431396484375 -0.137809753417969
-0.1131591796875 -0.0459442138671875 0.0562820434570312 -0.11602783203125
-0.136436462402344 -0.0378494262695312 0.129180908203125 -0.108871459960938
-0.129829406738281 -0.053863525390625 0.182098388671875 -0.041961669921875
-0.108299255371094 -0.109954833984375 0.189910888671875 0.0173797607421875
-0.073974609375 -0.141921997070313 0.13262939453125 0.0612106323242187
0.0301666259765625 -0.1741943359375 0.0835723876953125 0.0664901733398437
0.0783538818359375 -0.165512084960938 0.0839309692382813 -0.0348587036132813
0.128372192382813 -0.140792846679688 0.258926391601563 -0.108383178710938
0.116355895996094 -0.0630645751953125 0.02130126953125 -0.260177612304687
0.103225708007813 -0.078125 0.117034912109375 -0.3079833984375
0.0860519409179687 -0.126472473144531 0.0892333984375 -0.30078125
0.027099609375 -0.146499633789063 0.019012451171875 -0.284637451171875
-0.00935363769531251 -0.114158630371094 -0.0119171142578125 -0.18792724609375
-0.0550079345703125 -0.101211547851563 -0.00608825683593751 -0.143905639648438
-0.075897216796875 -0.089385986328125 0.04327392578125 -0.115402221679688
-0.0692138671875 -0.0850982666015625 0.0932083129882812 -0.100021362304687
-0.080902099609375 -0.085723876953125 0.159164428710938 -0.096954345703125
-0.0645828247070312 -0.0850906372070312 0.201644897460938 -0.0367431640625
-0.0377120971679688 -0.107284545898437 0.194351196289063 0.0194854736328125
-0.0148849487304687 -0.11639404296875 0.13665771484375 0.0580215454101563
0.061187744140625 -0.115150451660156 0.0795059204101563 0.0501632690429687
0.0857162475585938 -0.0884780883789063 0.0904769897460938 -0.0667190551757813
0.106826782226562 -0.059906005859375 0.296905517578125 -0.145599365234375
0.0526351928710937 0.0233306884765625 0.0417633056640625 -0.251449584960938
0.0667076110839844 -0.002471923828125 0.122833251953125 -0.299041748046875
0.0665168762207031 -0.0455436706542969 0.0833282470703125 -0.27459716796875
0.0457992553710938 -0.0706100463867188 0.0236053466796875 -0.247772216796875
0.0336494445800781 -0.0663948059082031 -0.00393676757812499 -0.152236938476562
0.0127410888671875 -0.0887985229492188 0.0177688598632812 -0.109115600585938
-0.0124359130859375 -0.10943603515625 0.0717544555664063 -0.0882186889648438
-0.0103988647460937 -0.111907958984375 0.115890502929688 -0.0712814331054687
-0.0186309814453125 -0.125724792480469 0.174209594726563 -0.061859130859375
0.00428009033203126 -0.108474731445313 0.205642700195313 -0.00759887695312501
0.03558349609375 -0.0981903076171875 0.184371948242188 0.0434417724609375
0.0481719970703125 -0.0821914672851563 0.127410888671875 0.07025146484375
0.0917816162109375 -0.0445175170898437 0.0763092041015625 0.0573959350585938
0.0918426513671875 0.00472259521484375 0.101638793945313 -0.0671844482421875
0.074859619140625 0.0331573486328125 0.3182373046875 -0.150726318359375
-0.012420654296875 0.105125427246094 0.023956298828125 -0.220062255859375
0.014801025390625 0.0732498168945313 0.100540161132813 -0.261138916015625
0.0321159362792969 0.0455093383789063 0.0615997314453125 -0.239349365234375
0.0555305480957031 0.0202598571777344 0.0127105712890625 -0.210342407226563
0.0796432495117187 0.0029296875 -0.01123046875 -0.119094848632813
0.0878219604492188 -0.061492919921875 0.0174789428710938 -0.072235107421875
0.0605087280273438 -0.112930297851563 0.0745773315429688 -0.04498291015625
0.0488815307617187 -0.120353698730469 0.1204833984375 -0.0297012329101563
0.0457611083984375 -0.137321472167969 0.178009033203125 -0.00981140136718751
0.0640411376953125 -0.112716674804687 0.195632934570313 0.043121337890625
0.0897216796875 -0.0743255615234375 0.167098999023438 0.0822296142578125
0.0923690795898438 -0.0424575805664063 0.121749877929688 0.0987319946289063
0.106307983398438 0.0179061889648438 0.0703201293945313 0.0865554809570312
0.0881805419921875 0.0901412963867188 0.109542846679688 -0.0293426513671875
0.0346755981445313 0.120719909667969 0.323822021484375 -0.117767333984375
0.0243377685546875 -0.2264404296875 -0.281021118164063 0.0757446289062499
-0.104728698730469 -0.121612548828125 -0.126899719238281 -0.01220703125
-0.123176574707031 -0.049102783203125 -0.0593643188476562 -0.114555358886719
-0.126663208007812 0.0153884887695313 -0.104476928710938 -0.147674560546875
-0.10198974609375 0.0568313598632812 -0.136390686035156 -0.13580322265625
-0.08416748046875 0.124046325683594 -0.183456420898438 -0.0813293457031249
-0.062896728515625 0.144760131835937 -0.172470092773438 -0.02471923828125
-0.0721282958984375 0.129112243652344 -0.11492919921875 -0.00464630126953126
-0.0960693359375 0.136970520019531 -0.0566864013671875 0.0146217346191406
-0.133712768554688 0.074951171875 -0.000923156738281264 0.05633544921875
-0.142776489257812 -0.0146026611328125 0.034759521484375 0.0954437255859375
-0.105033874511719 -0.0765533447265625 0.009674072265625 0.150100708007813
-0.02496337890625 -0.133659362792969 -0.0255126953125 0.208282470703125
0.0119171142578125 -0.1632080078125 -0.0382843017578125 0.230453491210938
0.073150634765625 -0.190887451171875 0.019317626953125 0.173492431640625
0.07733154296875 -0.26025390625 -0.251907348632813 -0.01702880859375
-0.0576019287109375 -0.168106079101563 -0.108993530273438 -0.0953903198242188
-0.0905914306640625 -0.104698181152344 -0.0475616455078125 -0.174530029296875
-0.118179321289063 -0.0413894653320312 -0.0962371826171875 -0.203628540039062
-0.108085632324219 0.00847625732421873 -0.125900268554688 -0.18115234375
-0.114921569824219 0.0805206298828125 -0.169647216796875 -0.130401611328125
-0.106842041015625 0.113525390625 -0.15484619140625 -0.0793609619140625
-0.112640380859375 0.104301452636719 -0.0932388305664063 -0.0537185668945312
-0.14398193359375 0.114593505859375 -0.0270633697509766 -0.0346813201904297
-0.17926025390625 0.0491943359375 0.0376815795898437 0.0186424255371094
-0.179916381835938 -0.05792236328125 0.0741348266601562 0.0657501220703125
-0.127731323242188 -0.135330200195312 0.04364013671875 0.1175537109375
-0.00555419921875 -0.19610595703125 0.01708984375 0.161026000976563
0.04608154296875 -0.220230102539063 0.00523376464843751 0.157867431640625
0.11328125 -0.233749389648438 0.07452392578125 0.0948028564453125
0.125259399414063 -0.259475708007813 -0.2003173828125 -0.112030029296875
0.00505065917968751 -0.190460205078125 -0.067596435546875 -0.180618286132813
-0.0374755859375 -0.155029296875 -0.020965576171875 -0.234573364257813
-0.090301513671875 -0.105537414550781 -0.0806732177734375 -0.256988525390625
-0.101119995117187 -0.0499725341796875 -0.109970092773437 -0.214828491210938
-0.133819580078125 0.0204315185546875 -0.14617919921875 -0.166946411132813
-0.135917663574219 0.0619277954101562 -0.124038696289063 -0.11962890625
-0.137542724609375 0.0612411499023437 -0.0563278198242187 -0.0937042236328125
-0.169540405273438 0.0753326416015625 0.0153961181640625 -0.07952880859375
-0.195327758789063 0.0243377685546875 0.085113525390625 -0.0187759399414063
-0.191009521484375 -0.0817108154296875 0.117713928222656 0.0338134765625
-0.14044189453125 -0.158889770507813 0.080718994140625 0.0848312377929687
-0.00386047363281249 -0.226791381835938 0.0533218383789062 0.114555358886719
0.058074951171875 -0.243896484375 0.0405349731445313 0.0793609619140625
0.13262939453125 -0.243118286132813 0.133796691894531 0.00625610351562498
0.154739379882813 -0.220687866210938 -0.132659912109375 -0.192245483398437
0.067352294921875 -0.185592651367187 -0.0121917724609375 -0.252670288085937
0.0221710205078125 -0.187423706054688 0.0106201171875 -0.28131103515625
-0.053741455078125 -0.15972900390625 -0.058441162109375 -0.2923583984375
-0.0836334228515625 -0.103691101074219 -0.08740234375 -0.226058959960937
-0.134490966796875 -0.0392532348632813 -0.111114501953125 -0.181076049804687
-0.14501953125 0.00514221191406249 -0.0791244506835938 -0.140182495117188
-0.141143798828125 0.00941467285156248 -0.0144805908203125 -0.117973327636719
-0.168167114257813 0.0242462158203125 0.058380126953125 -0.112617492675781
-0.178634643554687 -0.0087127685546875 0.126510620117188 -0.0507583618164063
-0.168411254882813 -0.097137451171875 0.152008056640625 0.00572204589843749
-0.126693725585937 -0.158737182617188 0.108383178710937 0.0563201904296875
0.00209045410156248 -0.2188720703125 0.0744171142578125 0.0732421875
0.063873291015625 -0.229080200195312 0.0601997375488281 0.00450515747070311
0.13671875 -0.216552734375 0.188369750976563 -0.0780487060546875
0.158035278320313 -0.152053833007812 -0.0623626708984375 -0.249786376953125
0.107650756835938 -0.146820068359375 0.04388427734375 -0.303253173828125
0.072723388671875 -0.183319091796875 0.042388916015625 -0.30633544921875
-0.0107269287109375 -0.181427001953125 -0.032684326171875 -0.30133056640625
-0.0535202026367188 -0.132888793945313 -0.0577850341796875 -0.215545654296875
-0.112892150878906 -0.087005615234375 -0.066802978515625 -0.171417236328125
-0.130226135253906 -0.0494537353515625 -0.0275726318359375 -0.141738891601563
-0.121025085449219 -0.0441970825195313 0.0317611694335938 -0.124641418457031
-0.143035888671875 -0.0349578857421875 0.100212097167969 -0.125152587890625
-0.135002136230469 -0.050994873046875 0.15948486328125 -0.066253662109375
-0.116058349609375 -0.108566284179687 0.1719970703125 -0.0102081298828125
-0.0827178955078125 -0.146728515625 0.122604370117188 0.0358428955078125
0.0268096923828125 -0.181442260742188 0.0797042846679687 0.0416336059570312
0.0770263671875 -0.175247192382812 0.0702438354492188 -0.0535087585449219
0.132186889648438 -0.151290893554688 0.235336303710937 -0.144317626953125
0.129684448242188 -0.0626296997070313 -0.00651550292968749 -0.276138305664063
0.113662719726562 -0.0811004638671875 0.0844726562500001 -0.3245849609375
0.094635009765625 -0.133880615234375 0.0589599609375 -0.306549072265625
0.027130126953125 -0.156707763671875 -0.01202392578125 -0.283203125
-0.01123046875 -0.125785827636719 -0.0316314697265625 -0.1844482421875
-0.0662307739257813 -0.110893249511719 -0.0233612060546875 -0.143280029296875
-0.0895614624023437 -0.0947418212890625 0.0238037109375 -0.123428344726562
-0.08306884765625 -0.0914688110351562 0.0736236572265625 -0.110580444335938
-0.0972976684570313 -0.0914077758789062 0.133964538574219 -0.112998962402344
-0.0770721435546875 -0.09295654296875 0.178207397460938 -0.0582733154296875
-0.0435867309570313 -0.118629455566406 0.176910400390625 -0.00479125976562501
-0.0162429809570312 -0.127105712890625 0.125297546386719 0.0331039428710937
0.0671920776367188 -0.123863220214844 0.0777664184570313 0.028717041015625
0.0984878540039062 -0.0946884155273437 0.08026123046875 -0.0858612060546875
0.120704650878906 -0.062530517578125 0.274795532226563 -0.182525634765625
0.07537841796875 0.0318145751953125 0.0228271484375 -0.26727294921875
0.0878829956054687 -0.0014495849609375 0.09918212890625 -0.311767578125
0.085845947265625 -0.0534515380859375 0.056304931640625 -0.282928466796875
0.0537185668945313 -0.0881805419921875 -0.00462341308593752 -0.245315551757813
0.0369949340820313 -0.0818405151367188 -0.0182952880859375 -0.146331787109375
0.00109100341796876 -0.108596801757813 0.00608825683593751 -0.106178283691406
-0.03033447265625 -0.121971130371094 0.0597457885742188 -0.0899887084960938
-0.032958984375 -0.12274169921875 0.102188110351563 -0.0796890258789063
-0.0428009033203125 -0.135353088378906 0.157699584960938 -0.0761260986328125
-0.013519287109375 -0.12371826171875 0.185455322265625 -0.0250244140625
0.0271759033203125 -0.119865417480469 0.17205810546875 0.02313232421875
0.0492782592773438 -0.102935791015625 0.121543884277344 0.0488815307617187
0.107505798339844 -0.058837890625 0.0754013061523437 0.037628173828125
0.116355895996094 -0.00295257568359375 0.0963134765625 -0.0838851928710938
0.100326538085938 0.0363388061523437 0.30267333984375 -0.1837158203125
0.013580322265625 0.121063232421875 0.015472412109375 -0.229232788085938
0.04046630859375 0.0793609619140625 0.0821685791015625 -0.271316528320313
0.058349609375 0.0424079895019531 0.0388336181640625 -0.241409301757812
0.0735855102539063 0.00273895263671875 -0.006988525390625 -0.203353881835938
0.08441162109375 -0.0193634033203125 -0.0189743041992188 -0.110252380371094
0.0772018432617188 -0.089385986328125 0.0141067504882813 -0.0657119750976563
0.0368118286132812 -0.133384704589844 0.0736236572265625 -0.0464324951171875
0.02593994140625 -0.136177062988281 0.11602783203125 -0.0357742309570313
0.0180206298828125 -0.154891967773438 0.168502807617188 -0.019775390625
0.0428314208984375 -0.133171081542969 0.182479858398437 0.0286407470703125
0.082427978515625 -0.102119445800781 0.160995483398438 0.068511962890625
0.0966262817382813 -0.0681915283203125 0.121253967285156 0.0819244384765625
0.128181457519531 0.00396728515625 0.07568359375 0.070770263671875
0.117774963378906 0.0830459594726562 0.113128662109375 -0.0454025268554687
0.0644760131835937 0.128074645996094 0.315765380859375 -0.14520263671875
-0.0122528076171875 -0.2349853515625 -0.2894287109375 0.096954345703125
-0.131507873535156 -0.10833740234375 -0.135276794433594 0.00555419921874997
-0.139144897460938 -0.027496337890625 -0.064849853515625 -0.104072570800781
-0.128974914550781 0.0433120727539062 -0.106758117675781 -0.137977600097656
-0.0921401977539062 0.0797500610351563 -0.13861083984375 -0.1295166015625
-0.0588912963867188 0.140487670898438 -0.184494018554687 -0.074737548828125
-0.0367584228515625 0.154617309570313 -0.175949096679688 -0.02191162109375
-0.0485076904296875 0.141250610351562 -0.121726989746094 -0.00414276123046874
-0.070587158203125 0.153060913085938 -0.0647125244140625 0.0130348205566406
-0.117401123046875 0.0970230102539062 -0.00437545776367188 0.0458908081054688
-0.144546508789063 0.0133209228515625 0.0334625244140625 0.0832901000976562
-0.121528625488281 -0.0557327270507812 0.016326904296875 0.143783569335938
-0.0536422729492188 -0.131538391113281 -0.0128326416015625 0.204757690429688
-0.0209808349609375 -0.172073364257813 -0.0293731689453125 0.235565185546875
0.042938232421875 -0.209869384765625 0.0180206298828125 0.175643920898438
0.0466461181640625 -0.271224975585938 -0.272552490234375 -0.00144958496093752
-0.0814056396484375 -0.158645629882813 -0.1279296875 -0.0821685791015625
-0.104774475097656 -0.087066650390625 -0.0611724853515625 -0.165908813476562
-0.120704650878906 -0.0174713134765625 -0.107391357421875 -0.1951904296875
-0.100242614746094 0.02880859375 -0.135757446289063 -0.1754150390625
-0.0945892333984375 0.0962142944335938 -0.17901611328125 -0.125625610351563
-0.0853118896484375 0.123298645019531 -0.168731689453125 -0.0772705078125
-0.09454345703125 0.115715026855469 -0.107643127441406 -0.0535430908203125
-0.123771667480469 0.129875183105469 -0.0433273315429688 -0.0386428833007813
-0.16693115234375 0.0708160400390625 0.0260105133056641 0.00584602355957032
-0.185684204101563 -0.033172607421875 0.0661659240722656 0.0488243103027344
-0.14617919921875 -0.11737060546875 0.0429763793945312 0.10626220703125
-0.03436279296875 -0.199203491210938 0.02288818359375 0.150726318359375
0.015655517578125 -0.233016967773438 0.005706787109375 0.154937744140625
0.0879669189453125 -0.255966186523438 0.0632095336914063 0.0877304077148437
0.1048583984375 -0.271697998046875 -0.229888916015625 -0.102371215820312
-0.0115203857421875 -0.187698364257813 -0.0949859619140625 -0.171417236328125
-0.0485687255859375 -0.144439697265625 -0.0411224365234375 -0.22821044921875
-0.0955657958984375 -0.0890731811523437 -0.09820556640625 -0.251205444335938
-0.0984420776367188 -0.036041259765625 -0.12493896484375 -0.209930419921875
-0.120330810546875 0.0333099365234375 -0.162109375 -0.162567138671875
-0.122894287109375 0.0713043212890625 -0.144241333007813 -0.118560791015625
-0.126869201660156 0.07080078125 -0.0780715942382813 -0.0943603515625
-0.157470703125 0.0893096923828125 -0.00897216796875001 -0.0862884521484375
-0.188034057617188 0.041473388671875 0.0655517578125 -0.0348701477050781
-0.199066162109375 -0.0624542236328125 0.102638244628906 0.0146408081054687
-0.1583251953125 -0.146591186523438 0.0731124877929687 0.0697479248046875
-0.026885986328125 -0.231353759765625 0.0525741577148438 0.09918212890625
0.0335693359375 -0.258575439453125 0.0331573486328125 0.0700950622558593
0.115493774414063 -0.26513671875 0.115272521972656 -0.00900268554687501
0.147720336914063 -0.234130859375 -0.166427612304688 -0.190765380859375
0.0585174560546875 -0.187820434570313 -0.044708251953125 -0.249771118164062
0.01611328125 -0.186752319335938 -0.0128936767578125 -0.280197143554688
-0.0598907470703125 -0.15399169921875 -0.0819091796875 -0.2886962890625
-0.0849456787109375 -0.09698486328125 -0.105819702148437 -0.222640991210938
-0.131202697753906 -0.0321731567382813 -0.131134033203125 -0.177230834960937
-0.143142700195313 0.011383056640625 -0.102264404296875 -0.140380859375
-0.138847351074219 0.0162582397460938 -0.03753662109375 -0.118919372558594
-0.166152954101562 0.0338134765625 0.0319366455078125 -0.120819091796875
-0.178878784179688 0.00120544433593747 0.103652954101562 -0.0678024291992188
-0.177841186523438 -0.0861358642578125 0.132911682128906 -0.0147781372070313
-0.1412353515625 -0.15386962890625 0.09576416015625 0.0381927490234375
-0.0127105712890625 -0.226776123046875 0.0677375793457031 0.0545082092285156
0.0496063232421875 -0.241561889648437 0.0470924377441406 -0.00839614868164064
0.129776000976563 -0.234222412109375 0.1649169921875 -0.100494384765625
0.162200927734375 -0.162933349609375 -0.0957489013671875 -0.256149291992188
0.109939575195313 -0.153427124023438 0.011383056640625 -0.30755615234375
0.0731353759765625 -0.190414428710938 0.015350341796875 -0.309326171875
-0.0169830322265625 -0.1873779296875 -0.0576171875 -0.299041748046875
-0.0578689575195313 -0.136131286621094 -0.0767364501953125 -0.211441040039063
-0.11865234375 -0.0859756469726563 -0.087005615234375 -0.169036865234375
-0.138114929199219 -0.0477294921875 -0.049591064453125 -0.141998291015625
-0.130172729492188 -0.0419540405273438 0.00933074951171873 -0.126029968261719
-0.151687622070313 -0.0307464599609375 0.0729141235351562 -0.1337890625
-0.143722534179688 -0.048858642578125 0.133316040039063 -0.0825424194335937
-0.125938415527344 -0.110374450683594 0.151199340820313 -0.0291290283203125
-0.0924224853515625 -0.151260375976563 0.107696533203125 0.0180587768554687
0.022186279296875 -0.192001342773438 0.0700721740722656 0.0226516723632812
0.076019287109375 -0.186965942382813 0.0542945861816406 -0.0694007873535156
0.13897705078125 -0.16497802734375 0.211196899414063 -0.171875
0.144439697265625 -0.0691070556640625 -0.03338623046875 -0.28778076171875
0.128166198730469 -0.088348388671875 0.055267333984375 -0.33489990234375
0.103118896484375 -0.147247314453125 0.0328369140625 -0.311309814453125
0.025634765625 -0.171279907226563 -0.0354461669921875 -0.280426025390625
-0.0173568725585938 -0.138290405273437 -0.046722412109375 -0.1800537109375
-0.0785293579101563 -0.118011474609375 -0.0384674072265625 -0.140625
-0.106246948242187 -0.09796142578125 0.00512695312499998 -0.124183654785156
-0.099761962890625 -0.0936737060546875 0.0546188354492187 -0.113510131835938
-0.116989135742188 -0.0935134887695313 0.111221313476562 -0.119979858398437
-0.09136962890625 -0.0988311767578125 0.155014038085938 -0.0712127685546875
-0.055389404296875 -0.131034851074219 0.158416748046875 -0.020355224609375
-0.02166748046875 -0.14263916015625 0.111488342285156 0.016204833984375
0.07415771484375 -0.138648986816406 0.0681343078613281 0.0101242065429687
0.110786437988281 -0.105659484863281 0.0656280517578125 -0.102447509765625
0.138496398925781 -0.070556640625 0.252914428710938 -0.211822509765625
0.100997924804688 0.0340805053710938 0.0020904541015625 -0.280975341796875
0.108833312988281 -0.005279541015625 0.074798583984375 -0.325958251953125
0.104515075683594 -0.0663909912109375 0.032623291015625 -0.287872314453125
0.0592880249023438 -0.108474731445312 -0.024139404296875 -0.241546630859375
0.0319976806640625 -0.102188110351563 -0.02838134765625 -0.139739990234375
-0.0166397094726563 -0.125343322753906 -0.00262451171875001 -0.102210998535156
-0.054107666015625 -0.131431579589844 0.0491790771484375 -0.09222412109375
-0.0554428100585938 -0.130882263183594 0.0905380249023438 -0.0837173461914063
-0.068267822265625 -0.141693115234375 0.142013549804688 -0.0822296142578125
-0.0341567993164063 -0.135940551757813 0.16656494140625 -0.0348052978515625
0.0151519775390625 -0.139602661132812 0.156967163085938 0.0113983154296875
0.047821044921875 -0.124870300292969 0.112083435058594 0.03350830078125
0.122940063476562 -0.076629638671875 0.0702896118164063 0.0204925537109375
0.13983154296875 -0.0141677856445313 0.0869522094726563 -0.0999832153320313
0.126220703125 0.0339813232421875 0.288238525390625 -0.212371826171875
0.0446319580078125 0.128715515136719 0.00697326660156251 -0.2392578125
0.0677261352539063 0.0809402465820312 0.067626953125 -0.28509521484375
0.0838088989257813 0.0334701538085938 0.0202484130859375 -0.244903564453125
0.0860443115234375 -0.017333984375 -0.02325439453125 -0.197433471679688
0.0848617553710938 -0.0424118041992188 -0.0244293212890625 -0.0999603271484375
0.060150146484375 -0.110435485839844 0.0145187377929688 -0.0614089965820313
0.0119476318359375 -0.146591186523438 0.0732650756835938 -0.0479354858398438
-0.00030517578125 -0.147598266601563 0.112258911132813 -0.0387725830078125
-0.01177978515625 -0.166152954101563 0.162551879882813 -0.02557373046875
0.01849365234375 -0.148422241210938 0.172210693359375 0.0215301513671875
0.0698623657226563 -0.127449035644531 0.153884887695313 0.059234619140625
0.0959014892578125 -0.0952224731445313 0.116226196289063 0.0680313110351563
0.14739990234375 -0.0162353515625 0.0767898559570313 0.0563735961914062
0.1474609375 0.0727386474609375 0.111930847167969 -0.0615615844726562
0.0968475341796875 0.130607604980469 0.31036376953125 -0.17169189453125
-0.0494537353515625 -0.238739013671875 -0.2996826171875 0.12506103515625
-0.157089233398438 -0.0904541015625 -0.141815185546875 0.0252532958984375
-0.152603149414063 -0.00299072265625 -0.0695114135742188 -0.0953445434570313
-0.1256103515625 0.071990966796875 -0.111114501953125 -0.131301879882813
-0.0782012939453125 0.10113525390625 -0.1446533203125 -0.126235961914062
-0.03125 0.153366088867188 -0.188674926757812 -0.0706024169921874
-0.00886535644531251 0.160842895507813 -0.18389892578125 -0.01776123046875
-0.02386474609375 0.149749755859375 -0.130203247070313 -0.000343322753906256
-0.0427703857421875 0.164337158203125 -0.0755996704101563 0.0144424438476563
-0.0995025634765625 0.11639404296875 -0.0109405517578125 0.0395622253417969
-0.14239501953125 0.040496826171875 0.0300521850585937 0.0745315551757813
-0.133987426757813 -0.0330581665039063 0.0222091674804687 0.139793395996094
-0.0830078125 -0.125038146972656 -0.00210571289062502 0.20355224609375
-0.0559234619140625 -0.175750732421875 -0.0197601318359375 0.2440185546875
0.00827026367187498 -0.225784301757812 0.018646240234375 0.183181762695313
0.0149688720703125 -0.280624389648438 -0.29656982421875 0.0216064453125
-0.104827880859375 -0.146133422851562 -0.146163940429688 -0.06439208984375
-0.117141723632813 -0.0681915283203125 -0.07275390625 -0.159011840820313
-0.119613647460938 0.00640869140625 -0.119598388671875 -0.1900634765625
-0.0892715454101563 0.0451889038085937 -0.148468017578125 -0.171676635742188
-0.0720596313476563 0.107406616210938 -0.19256591796875 -0.120986938476562
-0.0639114379882813 0.130409240722656 -0.185989379882813 -0.0728607177734375
-0.0757980346679687 0.124732971191406 -0.124534606933594 -0.0499420166015625
-0.10296630859375 0.143783569335938 -0.062042236328125 -0.0383224487304687
-0.154266357421875 0.0912322998046875 0.0123500823974609 -0.00308227539062499
-0.188613891601562 -0.00796508789062501 0.0550727844238281 0.0370559692382813
-0.163604736328125 -0.098297119140625 0.0415878295898437 0.0978012084960938
-0.0630950927734375 -0.198699951171875 0.0261688232421875 0.143783569335938
-0.0181427001953125 -0.242645263671875 0.00556945800781249 0.157119750976562
0.05828857421875 -0.277755737304688 0.0536422729492188 0.086517333984375
0.083038330078125 -0.286956787109375 -0.262847900390625 -0.0864410400390625
-0.0282745361328125 -0.183273315429687 -0.121109008789062 -0.158432006835937
-0.05804443359375 -0.136260986328125 -0.06005859375 -0.224609375
-0.0986785888671875 -0.073822021484375 -0.11859130859375 -0.247116088867188
-0.0916595458984375 -0.025115966796875 -0.14276123046875 -0.206512451171875
-0.107421875 0.04241943359375 -0.181915283203125 -0.158065795898438
-0.111831665039062 0.0785140991210938 -0.1680908203125 -0.114608764648437
-0.116600036621094 0.079498291015625 -0.100227355957031 -0.0912704467773437
-0.14593505859375 0.10150146484375 -0.0340118408203125 -0.0873031616210938
-0.182327270507813 0.058013916015625 0.0453758239746094 -0.0444488525390625
-0.206558227539063 -0.0430450439453125 0.0867843627929687 0.000999450683593747
-0.176559448242188 -0.132843017578125 0.063995361328125 0.059326171875
-0.052947998046875 -0.23602294921875 0.0486907958984375 0.087188720703125
0.00642395019531252 -0.272384643554688 0.0240669250488281 0.0654640197753906
0.094696044921875 -0.2891845703125 0.0962600708007813 -0.0193557739257813
0.138656616210938 -0.250961303710938 -0.205154418945313 -0.184173583984375
0.0509490966796875 -0.193023681640625 -0.0767822265625 -0.244308471679687
0.009552001953125 -0.19012451171875 -0.0372314453125 -0.2802734375
-0.0670013427734375 -0.151123046875 -0.106903076171875 -0.28594970703125
-0.0869140625 -0.0937957763671875 -0.126678466796875 -0.219757080078125
-0.129196166992188 -0.0264205932617188 -0.15423583984375 -0.172470092773437
-0.142913818359375 0.01678466796875 -0.128860473632813 -0.136985778808594
-0.139617919921875 0.02313232421875 -0.0616455078125 -0.116767883300781
-0.166549682617188 0.0439605712890625 0.00466918945312498 -0.122703552246094
-0.18170166015625 0.012725830078125 0.0796661376953125 -0.0786666870117188
-0.189865112304688 -0.075347900390625 0.113296508789062 -0.0285110473632813
-0.158432006835938 -0.149307250976562 0.0815582275390625 0.0267333984375
-0.03033447265625 -0.235549926757813 0.0571136474609375 0.0398788452148437
0.033782958984375 -0.257400512695312 0.0306262969970703 -0.0181369781494141
0.121856689453125 -0.257369995117187 0.140205383300781 -0.119415283203125
0.167587280273437 -0.180084228515625 -0.134613037109375 -0.258529663085938
0.113616943359375 -0.165725708007813 -0.023101806640625 -0.31072998046875
0.0725250244140625 -0.205047607421875 -0.0107421875 -0.313201904296875
-0.02557373046875 -0.195907592773438 -0.085479736328125 -0.2977294921875
-0.0658721923828125 -0.141845703125 -0.09649658203125 -0.208847045898438
-0.128829956054688 -0.086151123046875 -0.108657836914063 -0.165267944335938
-0.149871826171875 -0.044525146484375 -0.0742034912109375 -0.140174865722656
-0.14044189453125 -0.0381011962890625 -0.0138473510742188 -0.125099182128906
-0.164260864257813 -0.02435302734375 0.046722412109375 -0.137229919433594
-0.154586791992188 -0.0437469482421875 0.108535766601562 -0.0918350219726562
-0.14031982421875 -0.110176086425781 0.130409240722656 -0.0410842895507813
-0.106277465820313 -0.15673828125 0.09051513671875 0.00572967529296874
0.014892578125 -0.207321166992188 0.0571022033691406 0.00761795043945311
0.07391357421875 -0.204254150390625 0.0342864990234375 -0.0830078125
0.142852783203125 -0.184890747070313 0.185226440429688 -0.197341918945313
0.162796020507813 -0.0819854736328125 -0.06781005859375 -0.297637939453125
0.141708374023438 -0.103012084960938 0.0228271484375 -0.345489501953125
0.11181640625 -0.168212890625 0.00585937499999999 -0.31805419921875
0.018890380859375 -0.19049072265625 -0.06121826171875 -0.279541015625
-0.0272369384765625 -0.151947021484375 -0.062530517578125 -0.176681518554688
-0.096649169921875 -0.125244140625 -0.0546035766601563 -0.139503479003906
-0.1282958984375 -0.0986175537109375 -0.0128097534179688 -0.12506103515625
-0.120208740234375 -0.09344482421875 0.0368728637695312 -0.114204406738281
-0.13946533203125 -0.091949462890625 0.0893707275390625 -0.124504089355469
-0.11053466796875 -0.101898193359375 0.133338928222656 -0.0785064697265625
-0.071929931640625 -0.142593383789063 0.140037536621094 -0.0298385620117188
-0.032958984375 -0.159576416015625 0.0953369140625 0.00473022460937499
0.07769775390625 -0.158584594726563 0.0548553466796875 -0.00436782836914063
0.12286376953125 -0.124015808105469 0.0482711791992188 -0.118919372558594
0.156692504882813 -0.0852813720703125 0.230987548828125 -0.242706298828125
0.128486633300781 0.0261764526367188 -0.02294921875 -0.295318603515625
0.133216857910156 -0.016693115234375 0.0482177734375 -0.341278076171875
0.120849609375 -0.087188720703125 0.00875854492187503 -0.294036865234375
0.0585784912109375 -0.132865905761719 -0.044403076171875 -0.239364624023438
0.0239486694335937 -0.122024536132813 -0.0374832153320313 -0.133865356445313
-0.0379791259765625 -0.138389587402344 -0.00932312011718751 -0.101837158203125
-0.081329345703125 -0.136550903320313 0.0402374267578125 -0.0943984985351563
-0.0814208984375 -0.134368896484375 0.0807647705078125 -0.0857391357421875
-0.09820556640625 -0.1448974609375 0.1290283203125 -0.0872573852539063
-0.059478759765625 -0.144332885742188 0.152175903320313 -0.03985595703125
-0.0036163330078125 -0.159881591796875 0.144989013671875 0.00413513183593749
0.0385589599609375 -0.150390625 0.100067138671875 0.0232772827148437
0.134422302246094 -0.100990295410156 0.0621376037597656 0.00743103027343749
0.1636962890625 -0.0326995849609375 0.0754547119140625 -0.117820739746094
0.15478515625 0.0235137939453125 0.273269653320313 -0.24383544921875
0.0763320922851562 0.130508422851563 -0.00636291503906249 -0.253646850585938
0.097686767578125 0.0768203735351563 0.04937744140625 -0.299957275390625
0.107688903808594 0.0180206298828125 0.00105285644531249 -0.249069213867188
0.093048095703125 -0.0422897338867188 -0.0367889404296875 -0.191497802734375
0.0811691284179688 -0.065948486328125 -0.026580810546875 -0.0925216674804688
0.0390090942382813 -0.129997253417969 0.0159835815429688 -0.0588874816894531
-0.0166473388671875 -0.156524658203125 0.0744400024414063 -0.0511474609375
-0.0284576416015625 -0.154129028320313 0.11175537109375 -0.0419769287109375
-0.04437255859375 -0.17218017578125 0.159332275390625 -0.0313720703125
-0.0087890625 -0.160354614257813 0.166336059570313 0.0184173583984375
0.0510406494140625 -0.151351928710938 0.149398803710938 0.0539703369140625
0.089019775390625 -0.123825073242188 0.110038757324219 0.057769775390625
0.163192749023438 -0.0416412353515625 0.075042724609375 0.0442428588867188
0.177658081054688 0.05548095703125 0.110275268554688 -0.0795822143554687
0.131355285644531 0.126678466796875 0.307342529296875 -0.201934814453125
-0.0924530029296875 -0.235702514648438 -0.3067626953125 0.16351318359375
-0.181594848632813 -0.06268310546875 -0.145095825195313 0.050445556640625
-0.160934448242188 0.028594970703125 -0.0740890502929688 -0.0872421264648437
-0.114646911621094 0.102493286132812 -0.117057800292969 -0.12493896484375
-0.0576171875 0.119926452636719 -0.154144287109375 -0.122421264648438
0.00126647949218751 0.159805297851563 -0.198104858398438 -0.063568115234375
0.0224151611328125 0.161102294921875 -0.195770263671875 -0.008514404296875
0.00485229492187501 0.153228759765625 -0.14105224609375 0.00765991210937503
-0.010589599609375 0.171173095703125 -0.08563232421875 0.0208282470703125
-0.0757827758789063 0.133598327636719 -0.0185775756835938 0.0364456176757813
-0.133880615234375 0.0690994262695312 0.0259056091308594 0.069732666015625
-0.141983032226563 -0.00514221191406252 0.029449462890625 0.137229919433594
-0.1126708984375 -0.111129760742188 0.0118560791015625 0.204193115234375
-0.0947723388671875 -0.1705322265625 -0.00379943847656248 0.2559814453125
-0.03314208984375 -0.235153198242187 0.02606201171875 0.19317626953125
-0.02264404296875 -0.2869873046875 -0.318817138671875 0.057525634765625
-0.127334594726563 -0.128005981445313 -0.16180419921875 -0.0407257080078125
-0.126449584960937 -0.044952392578125 -0.0865936279296875 -0.151229858398438
-0.113204956054688 0.0317840576171875 -0.13555908203125 -0.18359375
-0.0744781494140625 0.0607757568359375 -0.166152954101563 -0.166183471679688
-0.0469131469726563 0.114715576171875 -0.210723876953125 -0.11260986328125
-0.0402145385742188 0.133987426757813 -0.20697021484375 -0.061798095703125
-0.053924560546875 0.130828857421875 -0.143569946289063 -0.04119873046875
-0.0787811279296875 0.154739379882812 -0.08197021484375 -0.0318603515625
-0.137657165527344 0.110244750976562 -0.00381422042846681 -0.00683259963989257
-0.18798828125 0.020263671875 0.0435371398925781 0.0307235717773437
-0.1795654296875 -0.074249267578125 0.0391616821289062 0.0933303833007813
-0.0966949462890625 -0.193008422851563 0.0299224853515625 0.137924194335938
-0.0579071044921875 -0.246444702148438 0.00875854492187501 0.162277221679687
0.019744873046875 -0.296356201171875 0.0463180541992188 0.0893020629882813
0.054595947265625 -0.300994873046875 -0.299285888671875 -0.057403564453125
-0.0475006103515625 -0.177505493164063 -0.149200439453125 -0.139724731445313
-0.0685653686523438 -0.127410888671875 -0.0822296142578125 -0.219451904296875
-0.0996780395507813 -0.058349609375 -0.143463134765625 -0.240753173828125
-0.0853195190429688 -0.0150604248046875 -0.166763305664063 -0.199966430664063
-0.0929946899414062 0.0493011474609375 -0.206588745117187 -0.147842407226563
-0.0997085571289062 0.084686279296875 -0.195404052734375 -0.10198974609375
-0.105621337890625 0.0882720947265625 -0.124443054199219 -0.0820388793945313
-0.133346557617187 0.115921020507813 -0.060699462890625 -0.0823516845703125
-0.174957275390625 0.0767822265625 0.02313232421875 -0.0495796203613281
-0.212783813476563 -0.019866943359375 0.0689697265625 -0.00738906860351563
-0.196792602539063 -0.115142822265625 0.0546112060546875 0.0523681640625
-0.0842437744140625 -0.23724365234375 0.0427474975585937 0.07794189453125
-0.027374267578125 -0.281707763671875 0.01446533203125 0.065155029296875
0.064788818359375 -0.31451416015625 0.0768966674804688 -0.0258636474609375
0.124053955078125 -0.273834228515625 -0.248519897460938 -0.16412353515625
0.039794921875 -0.2012939453125 -0.112106323242187 -0.2333984375
-0.000320434570312498 -0.196945190429688 -0.06573486328125 -0.277481079101563
-0.0768280029296875 -0.147216796875 -0.137603759765625 -0.280624389648438
-0.0902633666992187 -0.09136962890625 -0.15240478515625 -0.213150024414063
-0.129562377929688 -0.0206222534179688 -0.181808471679688 -0.16290283203125
-0.144821166992187 0.0253753662109375 -0.158721923828125 -0.125686645507813
-0.140762329101562 0.0324554443359375 -0.0878448486328125 -0.109123229980469
-0.166473388671875 0.0584564208984375 -0.0257797241210938 -0.120086669921875
-0.184005737304688 0.027313232421875 0.0529632568359375 -0.0835494995117187
-0.202423095703125 -0.0603485107421875 0.0920639038085937 -0.0374603271484375
-0.180084228515625 -0.139862060546875 0.0660743713378906 0.0194053649902344
-0.0558929443359375 -0.244720458984375 0.0441322326660156 0.0289154052734375
0.00878906249999997 -0.273406982421875 0.0117721557617188 -0.0239486694335938
0.10498046875 -0.28521728515625 0.112594604492188 -0.134902954101563
0.168487548828125 -0.205780029296875 -0.181060791015625 -0.251541137695313
0.112045288085938 -0.184341430664063 -0.062469482421875 -0.3094482421875
0.065765380859375 -0.224746704101563 -0.043487548828125 -0.315948486328125
-0.0411376953125 -0.205963134765625 -0.118011474609375 -0.293182373046875
-0.0784759521484375 -0.146728515625 -0.120513916015625 -0.203292846679688
-0.141357421875 -0.0833892822265625 -0.133712768554688 -0.157745361328125
-0.165252685546875 -0.036346435546875 -0.100425720214844 -0.132400512695313
-0.154052734375 -0.029327392578125 -0.0371170043945313 -0.1204833984375
-0.177459716796875 -0.0117645263671875 0.0187149047851562 -0.136688232421875
-0.16839599609375 -0.03521728515625 0.0830001831054687 -0.0966262817382812
-0.159332275390625 -0.1063232421875 0.108901977539063 -0.0494613647460938
-0.12847900390625 -0.15948486328125 0.0726547241210937 -0.00142669677734376
0.000122070312499988 -0.223907470703125 0.0398292541503906 -0.00354003906250001
0.06463623046875 -0.225814819335937 0.01055908203125 -0.0927963256835938
0.142120361328125 -0.212677001953125 0.152511596679688 -0.222488403320313
0.17889404296875 -0.106048583984375 -0.111297607421875 -0.301177978515625
0.152740478515625 -0.126495361328125 -0.0166015625 -0.3541259765625
0.113067626953125 -0.196868896484375 -0.027313232421875 -0.3228759765625
0.00325012207031251 -0.210540771484375 -0.092254638671875 -0.276351928710938
-0.0443267822265625 -0.165084838867188 -0.0809326171875 -0.171798706054688
-0.120170593261719 -0.12677001953125 -0.0738983154296875 -0.134864807128906
-0.153884887695312 -0.091827392578125 -0.0327987670898438 -0.122085571289062
-0.144088745117187 -0.0871124267578125 0.0190811157226562 -0.112358093261719
-0.16522216796875 -0.0823211669921875 0.0680084228515625 -0.127113342285156
-0.134712219238281 -0.0980758666992188 0.113082885742187 -0.08319091796875
-0.0966949462890625 -0.149826049804688 0.122665405273438 -0.036468505859375
-0.0531158447265625 -0.175186157226563 0.0782699584960937 -0.00192260742187501
0.073394775390625 -0.184432983398437 0.039215087890625 -0.0150947570800781
0.129058837890625 -0.150772094726563 0.0235977172851563 -0.132637023925781
0.171966552734375 -0.111358642578125 0.200057983398438 -0.274322509765625
0.157028198242187 0.0095367431640625 -0.05718994140625 -0.307861328125
0.154495239257813 -0.0376434326171875 0.014892578125 -0.356658935546875
0.131423950195313 -0.117301940917969 -0.021148681640625 -0.300750732421875
0.0493927001953125 -0.1595458984375 -0.0691375732421875 -0.235610961914062
0.007476806640625 -0.141860961914063 -0.048492431640625 -0.129692077636719
-0.0672149658203125 -0.146636962890625 -0.0193252563476562 -0.100013732910156
-0.113906860351562 -0.134353637695313 0.0296554565429688 -0.0963211059570313
-0.112998962402344 -0.131187438964844 0.0712356567382813 -0.0880661010742188
-0.13250732421875 -0.139007568359375 0.116058349609375 -0.092437744140625
-0.09051513671875 -0.146316528320312 0.139846801757813 -0.042144775390625
-0.03106689453125 -0.175506591796875 0.134147644042969 -0.000480651855468761
0.0201263427734375 -0.17486572265625 0.0879592895507813 0.0164566040039062
0.139999389648438 -0.133377075195313 0.0504264831542969 -0.00339126586914063
0.183670043945313 -0.062591552734375 0.056976318359375 -0.136322021484375
0.183502197265625 0.00262451171875 0.25128173828125 -0.2801513671875
0.113288879394531 0.123794555664062 -0.0291748046875 -0.268142700195313
0.127166748046875 0.062774658203125 0.0240478515625 -0.317352294921875
0.128372192382812 -0.00684356689453125 -0.02313232421875 -0.252899169921875
0.093353271484375 -0.0707931518554687 -0.053070068359375 -0.18572998046875
0.0706024169921875 -0.0898666381835938 -0.0285720825195313 -0.0862808227539062
0.010406494140625 -0.145156860351562 0.0171585083007813 -0.0592269897460938
-0.051422119140625 -0.16015625 0.075164794921875 -0.0573348999023438
-0.061920166015625 -0.15509033203125 0.112113952636719 -0.0474929809570313
-0.082061767578125 -0.170913696289063 0.157958984375 -0.0383453369140625
-0.04229736328125 -0.166030883789062 0.163619995117188 0.0151824951171875
0.0234527587890625 -0.17236328125 0.146942138671875 0.049163818359375
0.07244873046875 -0.15277099609375 0.103561401367188 0.0506515502929687
0.1741943359375 -0.07562255859375 0.0717010498046875 0.032257080078125
0.20556640625 0.0269622802734375 0.102630615234375 -0.101142883300781
0.168182373046875 0.111541748046875 0.298583984375 -0.24053955078125
-0.137710571289063 -0.217880249023437 -0.2982177734375 0.210418701171875
-0.196884155273438 -0.0252838134765625 -0.138336181640625 0.0778045654296875
-0.158554077148437 0.063568115234375 -0.0781173706054688 -0.07733154296875
-0.0914764404296875 0.129997253417969 -0.123527526855469 -0.116256713867188
-0.0294570922851563 0.132064819335938 -0.16650390625 -0.112350463867188
0.0369415283203125 0.154525756835938 -0.20562744140625 -0.051544189453125
0.055419921875 0.151092529296875 -0.203659057617187 0.00877380371093753
0.035491943359375 0.146652221679688 -0.148483276367188 0.021514892578125
0.0251312255859375 0.16802978515625 -0.0939712524414063 0.03240966796875
-0.0457000732421875 0.14288330078125 -0.0264778137207031 0.0373725891113281
-0.114509582519531 0.0954742431640625 0.0224380493164062 0.066741943359375
-0.1409912109375 0.025146484375 0.0371017456054687 0.132057189941406
-0.139083862304688 -0.0858001708984375 0.028228759765625 0.200546264648437
-0.133956909179687 -0.150894165039063 0.02056884765625 0.261947631835938
-0.0807342529296875 -0.231124877929688 0.041412353515625 0.200485229492187
-0.0664520263671875 -0.280517578125 -0.328338623046875 0.106475830078125
-0.146453857421875 -0.10040283203125 -0.170425415039063 -0.00971984863281248
-0.129997253417969 -0.0188827514648438 -0.101325988769531 -0.139015197753906
-0.0981369018554688 0.0554962158203125 -0.152938842773437 -0.170318603515625
-0.0535125732421875 0.0716476440429688 -0.185882568359375 -0.152511596679688
-0.0186691284179688 0.113365173339844 -0.227340698242187 -0.095611572265625
-0.0150909423828125 0.130622863769531 -0.225540161132813 -0.0389404296875
-0.0292205810546875 0.1309814453125 -0.160140991210937 -0.0228118896484375
-0.049407958984375 0.158859252929688 -0.0999526977539063 -0.017913818359375
-0.113998413085937 0.125831604003906 -0.0196571350097656 -0.00505065917968749
-0.17791748046875 0.0497283935546875 0.0322322845458984 0.0273246765136719
-0.189132690429688 -0.0430145263671875 0.0384750366210937 0.088531494140625
-0.1300048828125 -0.1754150390625 0.0339279174804687 0.131805419921875
-0.101455688476563 -0.237152099609375 0.0160369873046875 0.166748046875
-0.02899169921875 -0.303863525390625 0.0430526733398438 0.093353271484375
0.018157958984375 -0.309417724609375 -0.324920654296875 -0.010284423828125
-0.0666961669921875 -0.165771484375 -0.172637939453125 -0.109954833984375
-0.0780563354492187 -0.113754272460938 -0.106704711914063 -0.206314086914063
-0.0965347290039063 -0.0419540405273437 -0.170669555664063 -0.225006103515625
-0.0764541625976563 -0.00695037841796874 -0.191879272460938 -0.183273315429688
-0.0776748657226562 0.052734375 -0.22991943359375 -0.127578735351562
-0.0856170654296875 0.0887374877929688 -0.219955444335938 -0.0776214599609375
-0.0907821655273438 0.0943832397460938 -0.146881103515625 -0.062896728515625
-0.11444091796875 0.126815795898438 -0.0854110717773438 -0.0669784545898437
-0.16107177734375 0.0955963134765625 -0.00020599365234376 -0.0478096008300781
-0.212509155273438 0.00854492187500002 0.0507316589355469 -0.00992584228515625
-0.212570190429687 -0.0880126953125 0.0448265075683594 0.0493125915527344
-0.119125366210938 -0.227066040039063 0.0350875854492187 0.0706405639648437
-0.070098876953125 -0.2818603515625 0.00658035278320312 0.0665359497070312
0.021026611328125 -0.331024169921875 0.0568428039550781 -0.0270538330078125
0.097900390625 -0.294586181640625 -0.287811279296875 -0.12664794921875
0.0230865478515625 -0.206527709960938 -0.14752197265625 -0.209716796875
-0.0157470703125 -0.200027465820313 -0.0980377197265625 -0.267288208007813
-0.0878143310546875 -0.140899658203125 -0.171859741210938 -0.263900756835938
-0.0942001342773438 -0.086273193359375 -0.180206298828125 -0.197235107421875
-0.128105163574219 -0.01348876953125 -0.208847045898438 -0.141983032226563
-0.143951416015625 0.0366058349609375 -0.186141967773438 -0.102203369140625
-0.138389587402344 0.0445785522460937 -0.112136840820313 -0.0914077758789063
-0.16180419921875 0.0749969482421875 -0.0543670654296875 -0.107139587402344
-0.182342529296875 0.04632568359375 0.0268783569335937 -0.0810546875
-0.211715698242188 -0.0380401611328125 0.0696525573730469 -0.0397720336914063
-0.201065063476562 -0.121170043945313 0.0504188537597656 0.0167045593261719
-0.0871124267578125 -0.244369506835937 0.0285053253173828 0.0221004486083984
-0.024383544921875 -0.282440185546875 -0.009429931640625 -0.0235919952392578
0.073822021484375 -0.309539794921875 0.0784149169921875 -0.1435546875
0.157867431640625 -0.234848022460938 -0.228103637695313 -0.22613525390625
0.101760864257813 -0.20489501953125 -0.106903076171875 -0.29608154296875
0.0484466552734375 -0.244522094726563 -0.08154296875 -0.308074951171875
-0.06329345703125 -0.210159301757813 -0.154708862304688 -0.277191162109375
-0.0954132080078125 -0.147842407226562 -0.146865844726562 -0.18853759765625
-0.154953002929688 -0.07373046875 -0.1595458984375 -0.14013671875
-0.177978515625 -0.020233154296875 -0.127243041992188 -0.114128112792969
-0.165802001953125 -0.0138092041015625 -0.0600814819335938 -0.10693359375
-0.188064575195313 0.00839233398437504 -0.0100326538085938 -0.127456665039063
-0.179595947265625 -0.0177154541015625 0.057403564453125 -0.0947036743164063
-0.179458618164063 -0.0933685302734375 0.086517333984375 -0.0509719848632813
-0.153350830078125 -0.153305053710938 0.0541458129882812 -0.00230407714843751
-0.024566650390625 -0.236587524414063 0.0194187164306641 -0.00870323181152345
0.0440216064453125 -0.246353149414063 -0.0188674926757812 -0.0946807861328125
0.128021240234375 -0.243270874023437 0.11004638671875 -0.238906860351563
0.185134887695312 -0.138580322265625 -0.159698486328125 -0.28961181640625
0.152984619140625 -0.156539916992188 -0.0640869140625 -0.3504638671875
0.0999298095703125 -0.228622436523438 -0.066680908203125 -0.318511962890625
-0.02294921875 -0.225906372070313 -0.125411987304687 -0.26251220703125
-0.0682220458984375 -0.172805786132812 -0.101181030273437 -0.1611328125
-0.145675659179687 -0.118560791015625 -0.0937881469726563 -0.123046875
-0.179641723632812 -0.074798583984375 -0.0535507202148438 -0.112297058105469
-0.167129516601562 -0.0698394775390625 0.00112152099609375 -0.10565185546875
-0.189178466796875 -0.0620880126953125 0.0442733764648437 -0.123298645019531
-0.157989501953125 -0.084930419921875 0.0912322998046875 -0.0817413330078125
-0.125473022460938 -0.1468505859375 0.10455322265625 -0.0381546020507813
-0.082183837890625 -0.181915283203125 0.0605964660644531 -0.00350189208984376
0.05743408203125 -0.2105712890625 0.0191364288330078 -0.0211238861083985
0.124008178710938 -0.1820068359375 -0.00701141357421875 -0.139434814453125
0.175979614257813 -0.144943237304688 0.15631103515625 -0.300445556640625
0.1790771484375 -0.0196075439453125 -0.10089111328125 -0.306793212890625
0.167190551757813 -0.06927490234375 -0.031494140625 -0.361663818359375
0.129364013671875 -0.15240478515625 -0.05767822265625 -0.2965087890625
0.0266571044921875 -0.1837158203125 -0.09588623046875 -0.22357177734375
-0.0167236328125 -0.156723022460937 -0.0589599609375 -0.122383117675781
-0.0995941162109375 -0.1431884765625 -0.029937744140625 -0.0953826904296875
-0.14776611328125 -0.119277954101563 0.0175399780273437 -0.096160888671875
-0.1431884765625 -0.115036010742188 0.0606460571289062 -0.0881195068359375
-0.1671142578125 -0.119033813476562 0.101547241210937 -0.0957107543945313
-0.123321533203125 -0.136367797851563 0.127609252929688 -0.0435943603515625
-0.0662689208984375 -0.181854248046875 0.123626708984375 -0.00384521484375001
-0.010223388671875 -0.192596435546875 0.0737380981445313 0.01361083984375
0.13128662109375 -0.1683349609375 0.0354499816894531 -0.0110511779785156
0.191558837890625 -0.10125732421875 0.0303802490234375 -0.149658203125
0.20440673828125 -0.0310516357421875 0.21356201171875 -0.31488037109375
0.148193359375 0.102767944335938 -0.0615997314453125 -0.274688720703125
0.153060913085938 0.0364990234375 -0.012451171875 -0.3265380859375
0.139984130859375 -0.0410842895507813 -0.052093505859375 -0.249237060546875
0.081787109375 -0.100059509277344 -0.0702667236328125 -0.174758911132813
0.0510330200195312 -0.110794067382813 -0.0309906005859375 -0.0800018310546875
-0.0234222412109375 -0.149917602539063 0.0159988403320313 -0.0609779357910156
-0.087799072265625 -0.151229858398438 0.0730667114257813 -0.0651626586914063
-0.0960845947265625 -0.143539428710938 0.110389709472656 -0.0549850463867188
-0.120742797851562 -0.155960083007813 0.154434204101563 -0.0489654541015625
-0.0786895751953125 -0.159576416015625 0.162338256835938 0.0101776123046875
-0.0130767822265625 -0.184097290039063 0.145828247070313 0.0433807373046875
0.04290771484375 -0.175735473632813 0.0977630615234375 0.0443649291992187
0.171707153320313 -0.115570068359375 0.0656356811523438 0.0212249755859375
0.224472045898438 -0.01416015625 0.0862503051757813 -0.121505737304688
0.201858520507813 0.0818023681640625 0.273193359375 -0.28228759765625
-0.17364501953125 -0.185256958007813 -0.26983642578125 0.252273559570313
-0.19696044921875 0.01580810546875 -0.121284484863281 0.101974487304687
-0.14324951171875 0.09649658203125 -0.0793228149414063 -0.0666580200195313
-0.0596466064453125 0.146530151367188 -0.127517700195313 -0.104667663574219
0.000999450683593756 0.132156372070313 -0.17303466796875 -0.0978546142578125
0.0681686401367188 0.136398315429688 -0.20941162109375 -0.034698486328125
0.081146240234375 0.129692077636719 -0.20513916015625 0.02880859375
0.0617904663085938 0.129302978515625 -0.151412963867188 0.0385284423828125
0.0572509765625 0.15069580078125 -0.0955734252929688 0.0465164184570312
-0.014404296875 0.141021728515625 -0.0323524475097656 0.0403861999511719
-0.087158203125 0.111404418945313 0.0197601318359375 0.0641822814941406
-0.128578186035156 0.0537872314453125 0.0441513061523437 0.1240234375
-0.153640747070313 -0.05279541015625 0.0430755615234375 0.190170288085938
-0.162551879882813 -0.1185302734375 0.0468292236328125 0.257781982421875
-0.123016357421875 -0.209579467773438 0.0590972900390625 0.199966430664063
-0.106674194335938 -0.259796142578125 -0.31707763671875 0.157867431640625
-0.1536865234375 -0.0678558349609375 -0.166717529296875 0.0229034423828125
-0.122550964355469 0.00698089599609374 -0.110649108886719 -0.12164306640625
-0.0753021240234375 0.0708999633789063 -0.16522216796875 -0.1510009765625
-0.0303421020507812 0.073516845703125 -0.19866943359375 -0.131683349609375
0.00581359863281251 0.102134704589844 -0.237442016601563 -0.071685791015625
0.00720977783203125 0.119194030761719 -0.233718872070313 -0.0107574462890625
-0.00645446777343751 0.122474670410156 -0.168548583984375 0.00122070312500003
-0.020172119140625 0.152297973632813 -0.110321044921875 0.0020599365234375
-0.0868606567382812 0.132652282714844 -0.0337810516357422 0.00279808044433594
-0.15850830078125 0.0723876953125 0.0215263366699219 0.0283603668212891
-0.186019897460938 -0.011474609375 0.0360565185546875 0.0849990844726563
-0.154495239257812 -0.146774291992188 0.0354766845703125 0.124595642089844
-0.138565063476563 -0.211868286132813 0.0261688232421875 0.166519165039063
-0.077301025390625 -0.29156494140625 0.0430450439453125 0.0972442626953125
-0.022247314453125 -0.303009033203125 -0.33111572265625 0.04364013671875
-0.0811309814453125 -0.146759033203125 -0.183120727539063 -0.0738372802734375
-0.0831375122070313 -0.0979385375976562 -0.125717163085937 -0.185516357421875
-0.0884780883789063 -0.0278396606445312 -0.190597534179688 -0.199432373046875
-0.0654678344726563 -0.00268936157226561 -0.209808349609375 -0.15875244140625
-0.0624656677246094 0.0501213073730469 -0.245208740234375 -0.0980224609374999
-0.0708160400390625 0.0887985229492188 -0.233688354492188 -0.044281005859375
-0.0748748779296875 0.0959091186523438 -0.159698486328125 -0.0369720458984375
-0.0930252075195313 0.131546020507813 -0.103057861328125 -0.0442962646484375
-0.14080810546875 0.108856201171875 -0.0195655822753906 -0.0371551513671875
-0.201812744140625 0.034698486328125 0.0337028503417969 -0.00649642944335937
-0.21807861328125 -0.0562744140625 0.0354232788085937 0.0490303039550781
-0.147903442382812 -0.205062866210938 0.0261116027832031 0.0663681030273437
-0.109939575195312 -0.26544189453125 0.000335693359374992 0.0711212158203125
-0.02685546875 -0.330474853515625 0.0383415222167969 -0.0224227905273438
0.0650634765625 -0.30438232421875 -0.3095703125 -0.075164794921875
0.00384521484375 -0.2044677734375 -0.171920776367188 -0.175033569335937
-0.0337066650390625 -0.19708251953125 -0.126434326171875 -0.2447509765625
-0.0959548950195313 -0.129562377929688 -0.198379516601563 -0.234725952148437
-0.0973052978515625 -0.0800323486328125 -0.200714111328125 -0.170211791992188
-0.124961853027344 -0.006103515625 -0.226486206054688 -0.11187744140625
-0.138778686523438 0.0485458374023438 -0.2025146484375 -0.069488525390625
-0.131805419921875 0.0551071166992188 -0.126876831054688 -0.0662765502929688
-0.150894165039063 0.089813232421875 -0.0763702392578125 -0.0844039916992188
-0.173065185546875 0.0649261474609375 0.00362014770507811 -0.0697860717773438
-0.213027954101562 -0.01300048828125 0.0492286682128906 -0.0341606140136719
-0.214324951171875 -0.094818115234375 0.0355911254882812 0.0201454162597656
-0.116195678710938 -0.2320556640625 0.0118503570556641 0.0219707489013672
-0.06011962890625 -0.279037475585938 -0.0286827087402344 -0.0152950286865235
0.034088134765625 -0.3203125 0.0435791015625 -0.14019775390625
0.135284423828125 -0.259231567382813 -0.263412475585938 -0.181838989257813
0.0832977294921875 -0.219863891601563 -0.1435546875 -0.26531982421875
0.02325439453125 -0.25640869140625 -0.114654541015625 -0.28656005859375
-0.08624267578125 -0.20526123046875 -0.183624267578125 -0.249221801757812
-0.111312866210938 -0.141708374023438 -0.1663818359375 -0.164840698242188
-0.165008544921875 -0.0590362548828125 -0.177322387695313 -0.113983154296875
-0.18414306640625 0.00103759765624997 -0.144302368164063 -0.0871734619140625
-0.169281005859375 0.00524902343750002 -0.0756454467773438 -0.0866546630859375
-0.189041137695313 0.0318145751953125 -0.0329971313476563 -0.10882568359375
-0.18316650390625 0.00360107421875004 0.034149169921875 -0.0841217041015625
-0.192901611328125 -0.07220458984375 0.0662727355957031 -0.0453300476074219
-0.174896240234375 -0.136688232421875 0.0375595092773437 0.00331497192382812
-0.0522918701171875 -0.238449096679688 -0.000959396362304691 -0.00654840469360353
0.01605224609375 -0.257278442382813 -0.0466537475585937 -0.086181640625
0.10186767578125 -0.26593017578125 0.064697265625 -0.239639282226563
0.177078247070313 -0.171646118164063 -0.201812744140625 -0.258163452148438
0.140609741210938 -0.183761596679688 -0.1087646484375 -0.329864501953125
0.074798583984375 -0.2529296875 -0.102752685546875 -0.298492431640625
-0.0540924072265625 -0.229171752929688 -0.152847290039062 -0.236526489257813
-0.0936431884765625 -0.17022705078125 -0.116241455078125 -0.143142700195313
-0.166610717773438 -0.101043701171875 -0.1085205078125 -0.105293273925781
-0.19573974609375 -0.0477752685546875 -0.0695571899414062 -0.0953292846679688
-0.181564331054688 -0.0455474853515625 -0.0131072998046875 -0.09381103515625
-0.2030029296875 -0.0320587158203125 0.0239486694335937 -0.111991882324219
-0.17431640625 -0.062835693359375 0.0721511840820312 -0.0743484497070312
-0.15191650390625 -0.132614135742188 0.0872039794921875 -0.0346908569335938
-0.111831665039062 -0.176483154296875 0.0447158813476562 0.00209426879882811
0.032257080078125 -0.228500366210938 -0.000509262084960936 -0.0182113647460938
0.105758666992188 -0.208969116210938 -0.039581298828125 -0.133506774902344
0.165985107421875 -0.178298950195313 0.1053466796875 -0.308746337890625
0.188308715820313 -0.05523681640625 -0.142303466796875 -0.28887939453125
0.167068481445313 -0.103256225585938 -0.076751708984375 -0.34942626953125
0.113143920898437 -0.18585205078125 -0.0909423828125 -0.278579711914063
-0.00289916992187499 -0.196807861328125 -0.116729736328125 -0.202224731445313
-0.0449371337890625 -0.160537719726563 -0.0673370361328125 -0.110176086425781
-0.12890625 -0.128250122070312 -0.0394439697265625 -0.0878372192382813
-0.1734619140625 -0.092437744140625 0.00521087646484374 -0.0913467407226563
-0.165420532226563 -0.0892181396484375 0.0503616333007812 -0.0859756469726563
-0.190673828125 -0.0887298583984375 0.0867538452148437 -0.0940322875976563
-0.149169921875 -0.114471435546875 0.1158447265625 -0.0422210693359375
-0.10125732421875 -0.173126220703125 0.112953186035156 -0.00394439697265626
-0.0452117919921875 -0.197372436523438 0.0613059997558594 0.0155563354492187
0.109039306640625 -0.198715209960938 0.0193157196044922 -0.0124149322509766
0.184310913085938 -0.140365600585938 -0.000289916992187478 -0.151138305664063
0.21051025390625 -0.07080078125 0.16424560546875 -0.334228515625
0.17279052734375 0.0693206787109375 -0.0945434570312499 -0.2672119140625
0.166763305664063 0.002685546875 -0.051422119140625 -0.322021484375
0.136199951171875 -0.0765304565429688 -0.07781982421875 -0.234344482421875
0.0601654052734375 -0.122276306152344 -0.0825042724609375 -0.159347534179687
0.026580810546875 -0.123237609863281 -0.0311431884765625 -0.0739593505859375
-0.0569915771484375 -0.141815185546875 0.0143547058105469 -0.0622825622558594
-0.119361877441406 -0.128791809082031 0.0674819946289062 -0.0719985961914063
-0.123672485351562 -0.119659423828125 0.106163024902344 -0.0633697509765625
-0.15093994140625 -0.12701416015625 0.1474609375 -0.0579833984375
-0.110519409179688 -0.139862060546875 0.160171508789062 0.00387573242187499
-0.0520477294921875 -0.17974853515625 0.142791748046875 0.0368499755859375
0.00714111328125 -0.18695068359375 0.0906600952148438 0.040496826171875
0.153549194335938 -0.152359008789063 0.0564041137695313 0.0132598876953125
0.225631713867187 -0.0599517822265625 0.06201171875 -0.134849548339844
0.221832275390625 0.0413665771484375 0.231964111328125 -0.31365966796875
-0.1942138671875 -0.146881103515625 -0.233963012695312 0.278610229492188
-0.183609008789063 0.04962158203125 -0.0995254516601563 0.116180419921875
-0.120475769042969 0.119132995605469 -0.0761642456054688 -0.0572509765625
-0.0283203125 0.149795532226563 -0.126419067382813 -0.094512939453125
0.0259628295898438 0.122955322265625 -0.175094604492188 -0.0833282470703125
0.0876541137695312 0.112846374511719 -0.206756591796875 -0.021026611328125
0.0963668823242187 0.104164123535156 -0.19989013671875 0.045196533203125
0.0775375366210938 0.107383728027344 -0.147857666015625 0.0532073974609375
0.077850341796875 0.125785827636719 -0.0928192138671875 0.0583572387695312
0.010711669921875 0.128883361816406 -0.0359535217285156 0.0452423095703125
-0.0592269897460938 0.115806579589844 0.0154800415039062 0.0629539489746094
-0.109657287597656 0.0722808837890625 0.046142578125 0.115219116210938
-0.154830932617187 -0.0205535888671875 0.0520782470703125 0.177520751953125
-0.175674438476563 -0.08209228515625 0.06646728515625 0.24639892578125
-0.1522216796875 -0.178680419921875 0.07318115234375 0.193145751953125
-0.132827758789062 -0.2298583984375 -0.291046142578125 0.1964111328125
-0.148818969726563 -0.0385284423828125 -0.153335571289063 0.0482940673828125
-0.109024047851563 0.027252197265625 -0.113304138183594 -0.104522705078125
-0.0517196655273438 0.0764923095703125 -0.168624877929688 -0.131301879882812
-0.0111427307128906 0.0674057006835938 -0.202880859375 -0.110794067382812
0.023040771484375 0.0848312377929688 -0.238571166992188 -0.049285888671875
0.0224151611328125 0.102210998535156 -0.231964111328125 0.0154571533203126
0.0088348388671875 0.107093811035156 -0.167877197265625 0.0227203369140625
0.00100708007812499 0.136619567871094 -0.11199951171875 0.0220718383789063
-0.0622024536132812 0.128959655761719 -0.04217529296875 0.0133094787597656
-0.134895324707031 0.08575439453125 0.0130062103271484 0.0328388214111328
-0.173583984375 0.0139007568359375 0.0323410034179687 0.0827713012695313
-0.16558837890625 -0.115371704101563 0.03411865234375 0.117950439453125
-0.161911010742188 -0.1795654296875 0.0338287353515625 0.164154052734375
-0.114547729492188 -0.266876220703125 0.0435562133789063 0.0996856689453125
-0.052215576171875 -0.28607177734375 -0.318603515625 0.09130859375
-0.0860137939453125 -0.126632690429688 -0.18060302734375 -0.0404510498046875
-0.0817413330078125 -0.0833206176757813 -0.134521484375 -0.161895751953125
-0.076568603515625 -0.0191421508789063 -0.1990966796875 -0.172134399414063
-0.0546493530273438 -0.00360107421874999 -0.21636962890625 -0.132080078125
-0.0502738952636719 0.043670654296875 -0.248458862304687 -0.0701751708984375
-0.0590744018554687 0.0843048095703125 -0.234329223632812 -0.012939453125
-0.0624008178710937 0.0917434692382813 -0.162033081054688 -0.011260986328125
-0.0737686157226563 0.127761840820313 -0.109573364257813 -0.020050048828125
-0.120391845703125 0.112960815429688 -0.0323982238769531 -0.0223636627197266
-0.1844482421875 0.0525970458984375 0.0215797424316406 0.00205230712890625
-0.213043212890625 -0.02874755859375 0.0273170471191406 0.0522880554199219
-0.165023803710938 -0.17816162109375 0.0164566040039062 0.0660362243652343
-0.13787841796875 -0.239791870117188 -0.00415802001953126 0.076904296875
-0.06500244140625 -0.315277099609375 0.0242195129394531 -0.0127677917480469
0.0333251953125 -0.302032470703125 -0.312103271484375 -0.02490234375
-0.010650634765625 -0.196701049804688 -0.181777954101562 -0.137496948242188
-0.046356201171875 -0.189682006835938 -0.142120361328125 -0.217391967773438
-0.0989608764648438 -0.118370056152344 -0.210372924804688 -0.203292846679687
-0.0969696044921875 -0.0750961303710937 -0.208480834960937 -0.14154052734375
-0.120353698730469 -0.00136566162109377 -0.230850219726563 -0.0806427001953125
-0.130767822265625 0.056243896484375 -0.205108642578125 -0.0376434326171875
-0.123390197753906 0.0615615844726563 -0.132026672363281 -0.0410842895507812
-0.137489318847656 0.0986099243164063 -0.0864181518554688 -0.0592575073242187
-0.159088134765625 0.076141357421875 -0.0115547180175781 -0.0530891418457031
-0.204788208007812 0.00791931152343751 0.0347003936767578 -0.0236873626708984
-0.2166748046875 -0.0699462890625 0.0248394012451172 0.02783203125
-0.13720703125 -0.21380615234375 -0.00316047668457032 0.0270271301269531
-0.088348388671875 -0.264389038085938 -0.0431747436523438 -0.00254821777343752
-0.00170898437499999 -0.317352294921875 0.0164108276367188 -0.126762390136719
0.109054565429688 -0.272140502929688 -0.277801513671875 -0.134613037109375
0.063232421875 -0.226272583007812 -0.164993286132812 -0.229995727539063
-0.00125122070312502 -0.258575439453125 -0.136199951171875 -0.25775146484375
-0.10308837890625 -0.194198608398437 -0.197463989257813 -0.216262817382813
-0.122482299804688 -0.131614685058594 -0.173690795898438 -0.139602661132812
-0.16845703125 -0.04388427734375 -0.183670043945312 -0.08648681640625
-0.182083129882812 0.020904541015625 -0.149993896484375 -0.0594024658203125
-0.166656494140625 0.0216522216796875 -0.082305908203125 -0.0654983520507812
-0.182540893554688 0.0511932373046875 -0.0455322265625 -0.0860519409179688
-0.179443359375 0.021453857421875 0.0185661315917969 -0.06829833984375
-0.197479248046875 -0.0511016845703125 0.0516929626464844 -0.0342483520507813
-0.186553955078125 -0.116256713867188 0.0252246856689453 0.0134048461914062
-0.0758819580078125 -0.232147216796875 -0.0179519653320313 0.00246620178222654
-0.01080322265625 -0.257949829101562 -0.0687179565429688 -0.0693931579589844
0.073150634765625 -0.2764892578125 0.0264892578125 -0.225845336914063
0.160537719726562 -0.196502685546875 -0.2269287109375 -0.218368530273438
0.122207641601563 -0.202468872070312 -0.13885498046875 -0.297698974609375
0.046478271484375 -0.26556396484375 -0.125762939453125 -0.27099609375
-0.0799102783203125 -0.2232666015625 -0.1663818359375 -0.20770263671875
-0.114166259765625 -0.16082763671875 -0.122276306152344 -0.123443603515625
-0.178680419921875 -0.0807037353515625 -0.114570617675781 -0.0860137939453125
-0.201217651367188 -0.0206451416015625 -0.0772018432617188 -0.0761260986328125
-0.18536376953125 -0.0206756591796875 -0.0206298828125 -0.0797653198242188
-0.205352783203125 -0.00390624999999999 0.0108489990234375 -0.0962905883789063
-0.180892944335938 -0.0392303466796875 0.059417724609375 -0.0624465942382812
-0.167892456054688 -0.112197875976563 0.0755233764648437 -0.0256423950195313
-0.133880615234375 -0.162185668945312 0.0333271026611328 0.0119247436523437
0.005950927734375 -0.236114501953125 -0.0172653198242187 -0.00994491577148439
0.0826263427734375 -0.22515869140625 -0.0647506713867188 -0.118339538574219
0.147674560546875 -0.201812744140625 0.060394287109375 -0.299835205078125
0.183883666992187 -0.0882720947265625 -0.171066284179688 -0.26043701171875
0.155715942382813 -0.131027221679688 -0.1104736328125 -0.3250732421875
0.088836669921875 -0.208084106445312 -0.112442016601563 -0.254150390625
-0.03240966796875 -0.198562622070312 -0.12725830078125 -0.178970336914062
-0.0695648193359375 -0.155792236328125 -0.0698471069335937 -0.09771728515625
-0.148345947265625 -0.106353759765625 -0.044036865234375 -0.0783004760742188
-0.18548583984375 -0.06170654296875 -0.00259399414062502 -0.08331298828125
-0.176101684570313 -0.060821533203125 0.0434646606445312 -0.081573486328125
-0.20037841796875 -0.0547943115234375 0.0750350952148437 -0.08746337890625
-0.164596557617188 -0.0883636474609375 0.107826232910156 -0.03717041015625
-0.126846313476563 -0.154739379882813 0.104934692382812 -0.00052642822265626
-0.0749664306640625 -0.1890869140625 0.0517044067382812 0.0215492248535156
0.0821685791015625 -0.217880249023438 0.00460338592529297 -0.00881481170654298
0.164962768554688 -0.171096801757813 -0.026763916015625 -0.143890380859375
0.203414916992188 -0.105514526367188 0.11846923828125 -0.334228515625
0.18280029296875 0.0340728759765625 -0.119613647460937 -0.250137329101563
0.166748046875 -0.0304107666015625 -0.081817626953125 -0.3056640625
0.122764587402344 -0.106315612792969 -0.0936431884765625 -0.213760375976562
0.0350723266601562 -0.133552551269531 -0.0871429443359375 -0.142486572265625
0.00159454345703124 -0.125679016113281 -0.0289344787597656 -0.0695037841796875
-0.08135986328125 -0.124900817871094 0.0125694274902344 -0.0629615783691406
-0.137374877929688 -0.100006103515625 0.0613250732421875 -0.0755233764648438
-0.138023376464844 -0.092132568359375 0.100700378417969 -0.0688323974609375
-0.166763305664063 -0.09283447265625 0.138572692871094 -0.0631103515625
-0.1298828125 -0.113761901855469 0.156356811523438 0.000198364257812493
-0.082061767578125 -0.164215087890625 0.138290405273438 0.0331344604492188
-0.02569580078125 -0.183181762695313 0.0842361450195313 0.0400390625
0.1273193359375 -0.177108764648438 0.045562744140625 0.00962448120117186
0.212478637695313 -0.098876953125 0.0378036499023438 -0.138145446777344
0.225540161132813 0.0017547607421875 0.1885986328125 -0.32635498046875
-0.20111083984375 -0.112518310546875 -0.20184326171875 0.291534423828125
-0.1650390625 0.072265625 -0.0795364379882813 0.122016906738281
-0.0968170166015625 0.132217407226563 -0.071746826171875 -0.0518569946289063
-0.00247192382812501 0.145416259765625 -0.124099731445313 -0.0885238647460937
0.043426513671875 0.110244750976563 -0.173233032226563 -0.073638916015625
0.0974884033203125 0.089324951171875 -0.202651977539063 -0.012969970703125
0.102142333984375 0.0805130004882813 -0.194091796875 0.0561370849609375
0.0847625732421875 0.0865478515625 -0.142807006835938 0.0637664794921875
0.0879058837890625 0.101829528808594 -0.0882034301757812 0.0668869018554688
0.0271377563476563 0.11419677734375 -0.0384979248046875 0.0502853393554688
-0.037353515625 0.112411499023438 0.0120697021484375 0.0637016296386719
-0.090545654296875 0.0833206176757812 0.0447311401367187 0.109466552734375
-0.149246215820313 0.00532531738281247 0.0546722412109375 0.167633056640625
-0.177734375 -0.050994873046875 0.0783233642578125 0.2340087890625
-0.168075561523438 -0.14892578125 0.0818023681640625 0.18560791015625
-0.14703369140625 -0.200607299804688 -0.264907836914063 0.222442626953125
-0.137870788574219 -0.016571044921875 -0.1375732421875 0.0659561157226562
-0.0926742553710938 0.039703369140625 -0.110984802246094 -0.0915069580078125
-0.0308380126953125 0.0753326416015625 -0.167816162109375 -0.116790771484375
0.00242996215820313 0.0575828552246094 -0.201187133789062 -0.0942230224609375
0.0321731567382813 0.0676002502441406 -0.234634399414063 -0.0327453613281249
0.0296554565429688 0.0858688354492188 -0.225845336914063 0.0348052978515625
0.0172042846679687 0.0931015014648437 -0.1634521484375 0.039276123046875
0.0129241943359375 0.120079040527344 -0.109519958496094 0.0378494262695313
-0.0450515747070313 0.120262145996094 -0.0467529296875 0.0239143371582031
-0.114372253417969 0.0890350341796875 0.00692367553710936 0.0389595031738281
-0.158905029296875 0.0298614501953125 0.0288543701171875 0.0830001831054688
-0.166900634765625 -0.089324951171875 0.0299224853515625 0.114730834960937
-0.172378540039063 -0.149978637695312 0.0374755859375 0.162094116210938
-0.136917114257813 -0.24072265625 0.0441055297851562 0.102287292480469
-0.072174072265625 -0.266693115234375 -0.300140380859375 0.12548828125
-0.0846633911132813 -0.110893249511719 -0.170989990234375 -0.0145721435546875
-0.077362060546875 -0.072845458984375 -0.136077880859375 -0.143630981445313
-0.0649986267089844 -0.0153999328613281 -0.199905395507813 -0.150543212890625
-0.0467262268066406 -0.00788497924804687 -0.2154541015625 -0.111129760742188
-0.0441093444824219 0.0350532531738281 -0.245574951171875 -0.048187255859375
-0.0513381958007813 0.0776443481445312 -0.2286376953125 0.0105743408203126
-0.0542755126953125 0.0848464965820313 -0.158859252929688 0.00926208496093752
-0.061370849609375 0.120689392089844 -0.108955383300781 0.000564575195312526
-0.104415893554688 0.11126708984375 -0.0384101867675781 -0.00739288330078125
-0.168289184570313 0.061798095703125 0.0138339996337891 0.0119600296020508
-0.202713012695313 -0.00959777832031245 0.0210342407226562 0.0584869384765625
-0.171661376953125 -0.154373168945313 0.00701522827148436 0.0695953369140625
-0.152740478515625 -0.214569091796875 -0.00808715820312501 0.0842361450195312
-0.091552734375 -0.29510498046875 0.014897346496582 -0.00213623046875002
0.0111083984375 -0.295257568359375 -0.30328369140625 0.014404296875
-0.0192718505859375 -0.188812255859375 -0.180389404296875 -0.106216430664062
-0.054290771484375 -0.1824951171875 -0.146820068359375 -0.194793701171875
-0.0984344482421875 -0.109878540039063 -0.212890625 -0.177520751953125
-0.0967483520507813 -0.0724105834960938 -0.207962036132813 -0.119338989257813
-0.116722106933594 0.000366210937499981 -0.229278564453125 -0.05706787109375
-0.124382019042969 0.0608978271484375 -0.20172119140625 -0.0125732421875
-0.116798400878906 0.0643463134765625 -0.130126953125 -0.0205078125
-0.126106262207031 0.101638793945312 -0.0888137817382813 -0.0370330810546875
-0.147857666015625 0.0817413330078125 -0.0190658569335938 -0.0358734130859375
-0.195205688476563 0.02130126953125 0.0263957977294922 -0.0106773376464844
-0.212966918945313 -0.0504913330078125 0.0175247192382812 0.0378074645996094
-0.14825439453125 -0.197280883789063 -0.0150909423828125 0.0360794067382812
-0.1070556640625 -0.248153686523438 -0.0526351928710938 0.0118598937988281
-0.02777099609375 -0.307586669921875 -0.00182342529296875 -0.110038757324219
0.086029052734375 -0.278427124023438 -0.279220581054688 -0.0951690673828125
0.04766845703125 -0.228073120117188 -0.173324584960938 -0.196884155273438
-0.0199127197265625 -0.256362915039063 -0.14508056640625 -0.233078002929688
-0.11468505859375 -0.18310546875 -0.201904296875 -0.189208984375
-0.129112243652344 -0.123832702636719 -0.174636840820313 -0.119277954101563
-0.169174194335938 -0.0320587158203125 -0.18243408203125 -0.0645904541015625
-0.177764892578125 0.035186767578125 -0.148178100585938 -0.036895751953125
-0.162948608398438 0.0341033935546875 -0.082183837890625 -0.04766845703125
-0.175033569335938 0.065032958984375 -0.0497970581054688 -0.0656814575195313
-0.173233032226563 0.0345001220703125 0.0120162963867187 -0.0515975952148438
-0.197357177734375 -0.0344696044921875 0.044158935546875 -0.0208740234375
-0.192230224609375 -0.099212646484375 0.0184097290039062 0.0253353118896484
-0.092803955078125 -0.224380493164063 -0.029693603515625 0.0141868591308594
-0.0308685302734375 -0.254135131835938 -0.082122802734375 -0.0505218505859375
0.05078125 -0.279708862304688 0.000442504882812505 -0.207534790039063
0.142532348632813 -0.214263916015625 -0.236709594726562 -0.183258056640625
0.105087280273437 -0.215087890625 -0.15496826171875 -0.266571044921875
0.0212860107421875 -0.270645141601563 -0.136611938476562 -0.246231079101563
-0.0992431640625 -0.2137451171875 -0.169876098632813 -0.183273315429687
-0.127883911132813 -0.15087890625 -0.122825622558594 -0.108428955078125
-0.184417724609375 -0.0620574951171875 -0.115203857421875 -0.06964111328125
-0.200241088867188 0.00202941894531246 -0.077911376953125 -0.0603103637695313
-0.184539794921875 -0.00205993652343747 -0.0229263305664063 -0.0674057006835938
-0.201675415039062 0.018096923828125 0.00555419921874998 -0.0809097290039063
-0.181488037109375 -0.020294189453125 0.0541877746582031 -0.0494728088378906
-0.176651000976563 -0.0931396484375 0.0690879821777343 -0.0145797729492188
-0.14862060546875 -0.147384643554688 0.0271625518798828 0.0227432250976562
-0.0155792236328125 -0.2373046875 -0.029083251953125 0.00105857849121092
0.0605316162109375 -0.2349853515625 -0.0821380615234375 -0.100334167480469
0.129547119140625 -0.21820068359375 0.0283203125 -0.28363037109375
0.174362182617188 -0.11346435546875 -0.18548583984375 -0.231658935546875
0.141921997070313 -0.15203857421875 -0.130462646484375 -0.299591064453125
0.0648193359375 -0.221160888671875 -0.122726440429688 -0.232086181640625
-0.0550079345703125 -0.194564819335938 -0.129302978515625 -0.159500122070313
-0.0879058837890625 -0.147628784179688 -0.068511962890625 -0.088958740234375
-0.159027099609375 -0.085540771484375 -0.0459442138671875 -0.070098876953125
-0.188613891601563 -0.034912109375 -0.00614166259765627 -0.0758514404296875
-0.178604125976563 -0.0372772216796875 0.0397796630859375 -0.0768814086914063
-0.200637817382812 -0.0274505615234375 0.06842041015625 -0.0799484252929688
-0.16986083984375 -0.0654449462890625 0.10406494140625 -0.03021240234375
-0.142807006835938 -0.135284423828125 0.100166320800781 0.00605010986328124
-0.09686279296875 -0.176986694335938 0.0467681884765625 0.0293769836425781
0.0568389892578125 -0.22735595703125 -0.005828857421875 -0.00127220153808595
0.144515991210938 -0.191848754882813 -0.0460205078125 -0.130851745605469
0.190994262695313 -0.13140869140625 0.08367919921875 -0.325592041015625
0.182952880859375 0.0031890869140625 -0.133895874023437 -0.23248291015625
0.160537719726562 -0.056884765625 -0.101348876953125 -0.288665771484375
0.105026245117188 -0.126556396484375 -0.101119995117188 -0.196044921875
0.0127792358398437 -0.137466430664063 -0.0862503051757812 -0.130027770996094
-0.0178680419921875 -0.122962951660156 -0.0254096984863281 -0.0671157836914063
-0.0974044799804687 -0.106864929199219 0.0110588073730469 -0.0630416870117188
-0.145828247070313 -0.074188232421875 0.0566329956054687 -0.0777587890625
-0.144744873046875 -0.0677490234375 0.0968170166015625 -0.0721054077148438
-0.17059326171875 -0.0638427734375 0.132469177246094 -0.064605712890625
-0.139457702636719 -0.0890274047851562 0.153915405273438 -0.00117492675781251
-0.101638793945313 -0.14532470703125 0.135017395019531 0.032318115234375
-0.050567626953125 -0.173248291015625 0.0789337158203125 0.0422210693359375
0.101242065429688 -0.19134521484375 0.0365638732910156 0.00906372070312499
0.193756103515625 -0.1268310546875 0.01763916015625 -0.135383605957031
0.220611572265625 -0.0303955078125 0.154693603515625 -0.327239990234375
-0.20416259765625 -0.083984375 -0.177215576171875 0.300994873046875
-0.148468017578125 0.0885009765625 -0.0627899169921875 0.125968933105469
-0.0765228271484375 0.140609741210938 -0.0677719116210938 -0.0493049621582031
0.0184097290039062 0.138969421386719 -0.123786926269531 -0.08599853515625
0.0553665161132813 0.09832763671875 -0.173385620117188 -0.0679168701171875
0.101844787597656 0.0697250366210938 -0.202972412109375 -0.00683593749999998
0.1043701171875 0.06121826171875 -0.191162109375 0.065521240234375
0.0876007080078125 0.0699691772460938 -0.139495849609375 0.07244873046875
0.0919342041015625 0.0818557739257813 -0.0854110717773437 0.0741729736328125
0.03759765625 0.100631713867187 -0.0404586791992187 0.0561676025390625
-0.0204238891601562 0.107200622558594 0.00917816162109375 0.0667686462402344
-0.0738601684570313 0.0891571044921875 0.0434417724609375 0.108253479003906
-0.141281127929688 0.02508544921875 0.0548095703125 0.162628173828125
-0.176254272460938 -0.02581787109375 0.08660888671875 0.227508544921875
-0.177734375 -0.123092651367188 0.08746337890625 0.181655883789063
-0.155242919921875 -0.17816162109375 -0.24285888671875 0.242019653320313
-0.126991271972656 -0.0024871826171875 -0.123680114746094 0.078369140625
-0.0777206420898438 0.0475997924804688 -0.108573913574219 -0.0832138061523437
-0.0152511596679688 0.0713958740234375 -0.167388916015625 -0.108108520507812
0.011444091796875 0.0479049682617187 -0.200653076171875 -0.0837249755859375
0.0358505249023438 0.0520362854003906 -0.233612060546875 -0.0213470458984375
0.0321197509765625 0.0723037719726562 -0.221420288085937 0.0495758056640625
0.0206146240234375 0.0813522338867188 -0.159896850585938 0.052886962890625
0.0191650390625 0.106758117675781 -0.10662841796875 0.0509490966796875
-0.0342636108398437 0.1116943359375 -0.048919677734375 0.0345687866210938
-0.09942626953125 0.0889511108398438 0.00398254394531249 0.0462150573730469
-0.146209716796875 0.04107666015625 0.0249786376953125 0.0872650146484375
-0.165878295898438 -0.069915771484375 0.0259323120117187 0.116142272949219
-0.178024291992188 -0.125930786132812 0.04071044921875 0.163375854492188
-0.152435302734375 -0.219635009765625 0.044464111328125 0.10662841796875
-0.0850830078125 -0.252197265625 -0.283599853515625 0.153564453125
-0.0811614990234375 -0.100151062011719 -0.1612548828125 0.00453186035156247
-0.0714569091796875 -0.0669479370117188 -0.135490417480469 -0.130516052246094
-0.0555419921875 -0.0156822204589844 -0.199722290039063 -0.136199951171875
-0.0420951843261719 -0.0126152038574219 -0.214691162109375 -0.097747802734375
-0.0415573120117188 0.0272750854492187 -0.244369506835937 -0.03216552734375
-0.04742431640625 0.072357177734375 -0.223831176757813 0.0293731689453125
-0.0502700805664062 0.0800018310546875 -0.155776977539063 0.0245208740234375
-0.0547409057617187 0.114952087402344 -0.106704711914062 0.01708984375
-0.094268798828125 0.108924865722656 -0.0412178039550781 0.00592422485351564
-0.157028198242188 0.0663909912109375 0.0107021331787109 0.0227794647216797
-0.1944580078125 0.00270080566406251 0.0176544189453125 0.0663490295410156
-0.176361083984375 -0.1378173828125 -0.000114440917968757 0.0768356323242187
-0.1634521484375 -0.195953369140625 -0.00975036621093751 0.0931625366210937
-0.109695434570312 -0.280364990234375 0.00979423522949218 0.00828456878662108
-0.00552368164062501 -0.29083251953125 -0.293487548828125 0.04608154296875
-0.0235748291015625 -0.18389892578125 -0.1767578125 -0.083709716796875
-0.058837890625 -0.177993774414063 -0.14910888671875 -0.17889404296875
-0.0980300903320312 -0.105934143066406 -0.213638305664062 -0.160446166992187
-0.0981216430664063 -0.0725326538085938 -0.207763671875 -0.105010986328125
-0.11553955078125 0.00107574462890623 -0.227035522460938 -0.039215087890625
-0.12066650390625 0.063873291015625 -0.196670532226562 0.00767517089843748
-0.113624572753906 0.0666580200195312 -0.127159118652344 -0.00447082519531249
-0.119758605957031 0.104164123535156 -0.0866546630859375 -0.01922607421875
-0.13958740234375 0.085418701171875 -0.0213642120361328 -0.0211753845214844
-0.189071655273438 0.030670166015625 0.0236492156982422 0.00172233581542969
-0.211181640625 -0.03692626953125 0.0149116516113281 0.0486907958984375
-0.158340454101563 -0.185302734375 -0.0235252380371094 0.0478401184082031
-0.12109375 -0.23590087890625 -0.0594940185546875 0.026702880859375
-0.04730224609375 -0.302459716796875 -0.0139694213867188 -0.095794677734375
0.069122314453125 -0.283782958984375 -0.277877807617188 -0.0626678466796875
0.0369415283203125 -0.230880737304688 -0.176300048828125 -0.172195434570313
-0.0348052978515625 -0.25665283203125 -0.150161743164063 -0.215164184570313
-0.123397827148438 -0.176284790039062 -0.202407836914063 -0.171371459960937
-0.1370849609375 -0.11871337890625 -0.173965454101563 -0.105712890625
-0.170791625976563 -0.0235443115234375 -0.1805419921875 -0.048095703125
-0.1744384765625 0.0471038818359375 -0.144195556640625 -0.020050048828125
-0.160629272460938 0.0431060791015625 -0.08050537109375 -0.0347442626953125
-0.169677734375 0.0756072998046875 -0.0489349365234375 -0.0498580932617187
-0.1695556640625 0.0443267822265625 0.0101432800292969 -0.0377311706542969
-0.19696044921875 -0.0218048095703125 0.0423812866210937 -0.00896072387695313
-0.197250366210938 -0.085845947265625 0.015777587890625 0.037322998046875
-0.106689453125 -0.22021484375 -0.0388679504394531 0.0278739929199219
-0.0480804443359375 -0.251602172851563 -0.0916061401367188 -0.03314208984375
0.033355712890625 -0.283966064453125 -0.016815185546875 -0.1922607421875
0.127960205078125 -0.228805541992188 -0.242080688476563 -0.155105590820313
0.0909271240234375 -0.225784301757813 -0.164291381835937 -0.243560791015625
0.000793457031250001 -0.276535034179688 -0.142288208007813 -0.228302001953125
-0.11541748046875 -0.207107543945313 -0.170928955078125 -0.16650390625
-0.140289306640625 -0.14306640625 -0.122276306152344 -0.0988845825195313
-0.189208984375 -0.046905517578125 -0.114814758300781 -0.0575332641601563
-0.198196411132812 0.0204010009765625 -0.0766754150390625 -0.047637939453125
-0.183853149414063 0.0133819580078125 -0.021942138671875 -0.0592765808105469
-0.197830200195313 0.0359649658203125 0.00507354736328123 -0.0683441162109375
-0.18084716796875 -0.00466918945312503 0.0539932250976562 -0.038543701171875
-0.183395385742188 -0.078125 0.0683631896972656 -0.00498580932617188
-0.16070556640625 -0.135757446289063 0.0251522064208984 0.0344429016113281
-0.034454345703125 -0.23968505859375 -0.0376091003417969 0.0140113830566406
0.0426177978515625 -0.24346923828125 -0.094512939453125 -0.0840835571289063
0.115081787109375 -0.232330322265625 0.00724792480468753 -0.270248413085938
0.165390014648438 -0.1353759765625 -0.195404052734375 -0.210433959960937
0.12969970703125 -0.169677734375 -0.143753051757813 -0.280975341796875
0.0437164306640625 -0.233200073242187 -0.127960205078125 -0.215499877929688
-0.0748291015625 -0.190170288085938 -0.128890991210938 -0.147384643554688
-0.103553771972656 -0.140007019042969 -0.067413330078125 -0.085052490234375
-0.167144775390625 -0.06781005859375 -0.0462913513183594 -0.0636749267578125
-0.189682006835938 -0.0128936767578125 -0.0071258544921875 -0.0703353881835938
-0.179336547851563 -0.018035888671875 0.0395278930664062 -0.0737838745117188
-0.199356079101563 -0.00473022460937502 0.068206787109375 -0.0737762451171875
-0.173294067382812 -0.0463409423828125 0.105239868164062 -0.0241851806640625
-0.154495239257812 -0.118331909179688 0.100685119628906 0.0118865966796875
-0.113677978515625 -0.165557861328125 0.0450439453125 0.038238525390625
0.03448486328125 -0.235397338867187 -0.0138225555419922 0.00648880004882811
0.125396728515625 -0.208938598632813 -0.0611801147460938 -0.119483947753906
0.1805419921875 -0.15301513671875 0.05914306640625 -0.317718505859375
0.180282592773438 -0.0220489501953125 -0.144943237304688 -0.220169067382813
0.152511596679688 -0.0788116455078125 -0.1146240234375 -0.275558471679688
0.08819580078125 -0.142837524414063 -0.104263305664062 -0.183792114257813
-0.00592803955078124 -0.13848876953125 -0.0841827392578125 -0.123138427734375
-0.0344696044921875 -0.118873596191406 -0.022369384765625 -0.0684471130371094
-0.107757568359375 -0.0904388427734375 0.0100975036621094 -0.0645637512207031
-0.149765014648437 -0.05181884765625 0.0536346435546875 -0.079925537109375
-0.147018432617188 -0.04815673828125 0.09454345703125 -0.0754165649414063
-0.170867919921875 -0.0401153564453125 0.130844116210938 -0.0662841796875
-0.143997192382813 -0.0691375732421875 0.15533447265625 -0.000473022460937504
-0.115577697753906 -0.128700256347656 0.134902954101562 0.0342483520507812
-0.069671630859375 -0.163101196289063 0.077484130859375 0.046661376953125
0.0794219970703125 -0.202255249023438 0.0289039611816406 0.0120601654052734
0.176605224609375 -0.148468017578125 0.00176239013671877 -0.131607055664063
0.214080810546875 -0.05767822265625 0.12994384765625 -0.329132080078125
-0.206832885742188 -0.05877685546875 -0.153228759765625 0.315277099609375
-0.133087158203125 0.103057861328125 -0.0475082397460938 0.129554748535156
-0.0557403564453125 0.148391723632813 -0.0665931701660156 -0.0481758117675781
0.0365371704101563 0.132240295410156 -0.126930236816406 -0.0844192504882812
0.0667572021484375 0.0870590209960937 -0.176162719726563 -0.063079833984375
0.105758666992187 0.0517120361328125 -0.206695556640625 -3.0517578124968E-05
0.105712890625 0.0450210571289062 -0.190521240234375 0.0766448974609374
0.0901412963867188 0.0555648803710938 -0.138420104980469 0.0836639404296875
0.0948486328125 0.065216064453125 -0.0820770263671875 0.0832366943359375
0.0457992553710938 0.08856201171875 -0.0413856506347656 0.0631675720214844
-0.00732421875 0.101844787597656 0.00891876220703125 0.0720596313476563
-0.0590744018554688 0.0944366455078125 0.0441741943359375 0.110153198242188
-0.132621765136719 0.0435562133789062 0.057769775390625 0.162139892578125
-0.173965454101563 -0.00207519531250003 0.0977020263671875 0.224945068359375
-0.187789916992188 -0.0993804931640625 0.0967559814453125 0.180694580078125
-0.1639404296875 -0.15899658203125 -0.222518920898438 0.26458740234375
-0.117530822753906 0.00959014892578124 -0.110076904296875 0.0900955200195313
-0.0645561218261719 0.0538711547851563 -0.108924865722656 -0.0771026611328125
-0.00131607055664062 0.0662918090820312 -0.170440673828125 -0.101409912109375
0.0187225341796875 0.0387802124023437 -0.2041015625 -0.0744781494140625
0.0380783081054688 0.0395927429199219 -0.236587524414063 -0.00910949707031254
0.0344429016113281 0.0619583129882813 -0.220504760742188 0.0662994384765625
0.0229949951171875 0.0724029541015625 -0.157943725585938 0.0675506591796875
0.0238418579101563 0.0958328247070313 -0.10345458984375 0.0638961791992188
-0.02581787109375 0.105148315429688 -0.0496139526367187 0.0450325012207031
-0.088897705078125 0.0895156860351563 0.00378799438476562 0.054443359375
-0.136459350585938 0.05023193359375 0.0263595581054687 0.0934982299804688
-0.1661376953125 -0.0525054931640625 0.0248260498046875 0.121551513671875
-0.1837158203125 -0.1044921875 0.0470428466796875 0.16796875
-0.168197631835938 -0.201126098632812 0.0480270385742188 0.11181640625
-0.098052978515625 -0.242202758789063 -0.268600463867188 0.181930541992188
-0.0797500610351563 -0.0928421020507813 -0.152786254882813 0.022216796875
-0.0679359436035156 -0.0619544982910156 -0.137847900390625 -0.121284484863281
-0.0492973327636719 -0.017425537109375 -0.203964233398438 -0.124298095703125
-0.0409164428710938 -0.0183029174804688 -0.218597412109375 -0.0853271484375
-0.0409355163574219 0.0211944580078125 -0.245468139648438 -0.0165252685546874
-0.0453224182128906 0.06976318359375 -0.221572875976563 0.0487060546875
-0.049285888671875 0.0772552490234375 -0.152786254882813 0.0406646728515625
-0.049957275390625 0.112152099609375 -0.103347778320313 0.0322189331054688
-0.0869293212890625 0.108528137207031 -0.0416259765625 0.0190048217773438
-0.150177001953125 0.0725860595703125 0.0109386444091797 0.0327129364013672
-0.190338134765625 0.015472412109375 0.0175018310546875 0.0765380859375
-0.183319091796875 -0.123199462890625 -0.00427246093750001 0.0876235961914062
-0.175918579101563 -0.179061889648437 -0.00873565673828127 0.104637145996094
-0.129135131835938 -0.269180297851563 0.00633239746093749 0.018625259399414
-0.021942138671875 -0.290283203125 -0.28533935546875 0.077056884765625
-0.0301361083984375 -0.183700561523438 -0.174163818359375 -0.0625762939453125
-0.0670166015625 -0.1776123046875 -0.15386962890625 -0.166839599609375
-0.100906372070313 -0.103599548339844 -0.219024658203125 -0.145278930664062
-0.102783203125 -0.0726470947265625 -0.21063232421875 -0.092071533203125
-0.117782592773438 0.00309753417968749 -0.227508544921875 -0.0215301513671875
-0.1181640625 0.0695266723632813 -0.193450927734375 0.0264434814453125
-0.112602233886719 0.07171630859375 -0.124099731445313 0.00947570800781249
-0.115188598632813 0.109451293945313 -0.0846939086914063 -0.00391387939453124
-0.134689331054688 0.0916671752929687 -0.0209503173828125 -0.00839805603027344
-0.186492919921875 0.0394744873046875 0.0246658325195312 0.0124015808105469
-0.21258544921875 -0.024322509765625 0.0151481628417969 0.0610084533691406
-0.170181274414062 -0.176239013671875 -0.029449462890625 0.0624160766601562
-0.136962890625 -0.227432250976563 -0.0625267028808594 0.043182373046875
-0.067657470703125 -0.30023193359375 -0.023529052734375 -0.0829010009765625
0.051513671875 -0.292236328125 -0.276718139648438 -0.033111572265625
0.024200439453125 -0.237289428710937 -0.1805419921875 -0.1513671875
-0.0522003173828125 -0.25958251953125 -0.15643310546875 -0.203201293945313
-0.134368896484375 -0.171112060546875 -0.20770263671875 -0.157058715820313
-0.147567749023438 -0.11468505859375 -0.177520751953125 -0.09429931640625
-0.17437744140625 -0.013336181640625 -0.180831909179688 -0.0322418212890625
-0.17218017578125 0.0605316162109375 -0.141799926757813 -0.00350952148437499
-0.160614013671875 0.05487060546875 -0.0779800415039063 -0.0237808227539062
-0.16583251953125 0.0883636474609375 -0.0469284057617188 -0.0368804931640625
-0.16748046875 0.05535888671875 0.0121746063232422 -0.0265178680419922
-0.199691772460938 -0.00962829589843752 0.0444259643554687 0.000976562499999999
-0.205490112304688 -0.0731658935546875 0.0171318054199219 0.0500717163085937
-0.124313354492187 -0.217422485351563 -0.0445404052734375 0.0430374145507812
-0.06695556640625 -0.252578735351563 -0.100074768066406 -0.0146865844726563
0.014068603515625 -0.2913818359375 -0.032806396484375 -0.179962158203125
0.11212158203125 -0.2454833984375 -0.248275756835938 -0.128768920898438
0.0754852294921875 -0.239425659179688 -0.174774169921875 -0.225204467773438
-0.0220947265625 -0.283966064453125 -0.150527954101563 -0.216156005859375
-0.134140014648438 -0.200515747070313 -0.175155639648438 -0.15447998046875
-0.1551513671875 -0.135650634765625 -0.12408447265625 -0.0914382934570313
-0.19561767578125 -0.0311737060546875 -0.115379333496094 -0.0463790893554687
-0.198028564453125 0.0401611328125 -0.0748977661132813 -0.0377349853515625
-0.184463500976563 0.0299530029296875 -0.020538330078125 -0.0528907775878906
-0.195205688476563 0.05474853515625 0.00676727294921873 -0.0601158142089844
-0.181976318359375 0.010498046875 0.057098388671875 -0.0310134887695313
-0.1925048828125 -0.0637969970703125 0.0722122192382812 0.00257110595703125
-0.174636840820313 -0.124420166015625 0.0271530151367187 0.0455551147460938
-0.05548095703125 -0.243911743164062 -0.0432624816894531 0.0279884338378906
0.0224456787109375 -0.253372192382813 -0.105911254882813 -0.0671615600585938
0.0987396240234375 -0.248992919921875 -0.0132598876953125 -0.261688232421875
0.154678344726563 -0.157882690429688 -0.206802368164062 -0.190902709960938
0.115676879882813 -0.187728881835938 -0.159454345703125 -0.26531982421875
0.0207672119140625 -0.2449951171875 -0.135589599609375 -0.20513916015625
-0.0948333740234375 -0.185867309570313 -0.130882263183594 -0.139144897460937
-0.120429992675781 -0.133003234863281 -0.0680618286132813 -0.0831756591796875
-0.175262451171875 -0.049591064453125 -0.046905517578125 -0.0598220825195313
-0.190399169921875 0.00918579101562496 -0.00761413574218751 -0.0672187805175781
-0.181671142578125 0.00146484375000003 0.038970947265625 -0.0738296508789063
-0.198486328125 0.0168914794921875 0.0693283081054687 -0.07183837890625
-0.175811767578125 -0.02825927734375 0.110038757324219 -0.0216140747070312
-0.166519165039063 -0.102325439453125 0.105300903320312 0.01611328125
-0.131576538085938 -0.155776977539062 0.0470771789550781 0.0462875366210937
0.0119476318359375 -0.244461059570313 -0.0201511383056641 0.0163688659667969
0.105194091796875 -0.226486206054688 -0.074798583984375 -0.108345031738281
0.168960571289063 -0.177017211914063 0.0361328125 -0.3157958984375
0.176910400390625 -0.045684814453125 -0.157562255859375 -0.209213256835938
0.144027709960938 -0.100418090820313 -0.131729125976562 -0.267410278320313
0.07025146484375 -0.158096313476563 -0.109100341796875 -0.176651000976563
-0.0249862670898437 -0.138748168945313 -0.084228515625 -0.120780944824219
-0.050628662109375 -0.1151123046875 -0.0220489501953125 -0.0717926025390625
-0.117782592773437 -0.0742721557617188 0.00836563110351561 -0.0670928955078125
-0.152618408203125 -0.030853271484375 0.0512313842773437 -0.0843658447265625
-0.150054931640625 -0.02923583984375 0.0936813354492188 -0.0815353393554688
-0.172515869140625 -0.018310546875 0.131660461425781 -0.0701751708984375
-0.148269653320313 -0.049957275390625 0.161224365234375 -0.004180908203125
-0.128623962402344 -0.112159729003906 0.140045166015625 0.0343093872070312
-0.0883941650390625 -0.154220581054687 0.0790481567382813 0.0507965087890625
0.0562286376953125 -0.21331787109375 0.0235481262207031 0.0156936645507812
0.158981323242188 -0.170196533203125 -0.013458251953125 -0.128456115722656
0.208175659179688 -0.083465576171875 0.1065673828125 -0.336181640625
-0.20831298828125 -0.0306243896484375 -0.123321533203125 0.332122802734375
-0.115425109863281 0.117828369140625 -0.0301437377929688 0.132499694824219
-0.0323333740234375 0.15460205078125 -0.0680084228515625 -0.0461349487304688
0.0559768676757812 0.123336791992187 -0.133255004882813 -0.0802154541015625
0.0777969360351563 0.0741119384765625 -0.182647705078125 -0.053253173828125
0.10797119140625 0.0330734252929688 -0.2115478515625 0.011871337890625
0.105110168457031 0.0273666381835938 -0.189559936523438 0.093597412109375
0.091339111328125 0.040191650390625 -0.134170532226563 0.0982208251953125
0.0957489013671875 0.048126220703125 -0.0767593383789063 0.0937881469726562
0.0532760620117187 0.0761566162109375 -0.0395278930664062 0.0721893310546875
0.00608062744140625 0.0957489013671875 0.011932373046875 0.0769882202148438
-0.0431900024414063 0.0979690551757812 0.049468994140625 0.112777709960938
-0.121673583984375 0.061981201171875 0.0661773681640625 0.162612915039063
-0.168228149414063 0.0228271484375 0.113677978515625 0.220535278320313
-0.19671630859375 -0.072509765625 0.109970092773438 0.177627563476562
-0.174072265625 -0.137252807617188 -0.19537353515625 0.29058837890625
-0.107322692871094 0.0207748413085938 -0.0952911376953125 0.101821899414063
-0.0499305725097656 0.05841064453125 -0.111236572265625 -0.0699844360351563
0.0117301940917969 0.0599098205566406 -0.17681884765625 -0.0906829833984375
0.0239982604980469 0.0286540985107422 -0.210037231445313 -0.061309814453125
0.0382957458496094 0.0268974304199219 -0.24078369140625 0.00799560546875001
0.0358085632324219 0.0517768859863281 -0.216644287109375 0.0876007080078125
0.0250663757324219 0.0639495849609375 -0.153488159179687 0.08538818359375
0.0269699096679687 0.0869064331054688 -0.0972213745117187 0.0788497924804688
-0.0175933837890625 0.100151062011719 -0.0478134155273438 0.0568923950195313
-0.0779266357421875 0.0917587280273438 0.00669479370117187 0.0627212524414063
-0.126411437988281 0.0605850219726562 0.0306549072265625 0.100257873535156
-0.165191650390625 -0.033599853515625 0.0284576416015625 0.128852844238281
-0.188827514648438 -0.0803375244140625 0.0584564208984375 0.1719970703125
-0.18585205078125 -0.178909301757812 0.0557403564453125 0.117042541503906
-0.116165161132812 -0.229507446289063 -0.2474365234375 0.21405029296875
-0.0798492431640625 -0.0864791870117187 -0.142074584960938 0.0403594970703125
-0.0658531188964844 -0.0589027404785156 -0.142349243164063 -0.11016845703125
-0.0452728271484375 -0.0196533203125 -0.211135864257813 -0.10986328125
-0.0414352416992188 -0.0228004455566406 -0.223464965820313 -0.0689544677734375
-0.0420570373535156 0.0172462463378906 -0.247344970703125 0.00434875488281252
-0.0431747436523438 0.0690803527832031 -0.216201782226563 0.072235107421875
-0.0464859008789063 0.0774688720703125 -0.148300170898438 0.058624267578125
-0.0445175170898437 0.112060546875 -0.0982589721679687 0.0487594604492188
-0.0790634155273437 0.110565185546875 -0.0393524169921875 0.0310401916503906
-0.14227294921875 0.080780029296875 0.0141105651855469 0.0415000915527344
-0.186111450195313 0.030059814453125 0.0223846435546875 0.0857162475585938
-0.192123413085938 -0.106033325195313 -0.00355529785156251 0.100234985351563
-0.188507080078125 -0.159271240234375 -0.00318145751953126 0.116584777832031
-0.153152465820313 -0.255294799804688 0.00591278076171874 0.0291671752929687
-0.045379638671875 -0.289093017578125 -0.2730712890625 0.112045288085938
-0.039764404296875 -0.183563232421875 -0.170486450195313 -0.0410308837890625
-0.078857421875 -0.175674438476562 -0.161468505859375 -0.153778076171875
-0.106773376464844 -0.100250244140625 -0.2265625 -0.128585815429687
-0.110603332519531 -0.0707550048828125 -0.216415405273438 -0.074798583984375
-0.120567321777344 0.0086822509765625 -0.227859497070313 -0.000717163085937509
-0.115463256835937 0.0783157348632813 -0.18817138671875 0.047821044921875
-0.110855102539062 0.0798568725585938 -0.120925903320312 0.0251617431640625
-0.109100341796875 0.1182861328125 -0.0799407958984375 0.0112075805664063
-0.1285400390625 0.100410461425781 -0.0183162689208984 0.00355911254882813
-0.184219360351563 0.0535736083984375 0.0285186767578125 0.0211200714111328
-0.214492797851563 -0.00755310058593754 0.019989013671875 0.07147216796875
-0.186630249023437 -0.163009643554688 -0.0294265747070313 0.0783920288085938
-0.156784057617188 -0.214645385742188 -0.0623626708984375 0.0611190795898437
-0.09429931640625 -0.296295166015625 -0.0328712463378906 -0.0701217651367188
0.0267333984375 -0.302215576171875 -0.274093627929688 0.000564575195312462
0.00599670410156251 -0.243988037109375 -0.185089111328125 -0.12908935546875
-0.0754241943359375 -0.2611083984375 -0.166412353515625 -0.189132690429688
-0.149490356445313 -0.163406372070313 -0.216171264648438 -0.139877319335937
-0.161697387695312 -0.105422973632813 -0.182754516601562 -0.0798187255859375
-0.178253173828125 0.000503540039062535 -0.180831909179688 -0.013946533203125
-0.168502807617188 0.077606201171875 -0.136985778808594 0.0130081176757812
-0.158828735351563 0.070526123046875 -0.0755844116210938 -0.0130081176757812
-0.16015625 0.10455322265625 -0.04376220703125 -0.02545166015625
-0.164474487304688 0.0698394775390625 0.0154094696044922 -0.0181503295898437
-0.203079223632812 0.00740051269531254 0.0494537353515625 0.00811004638671875
-0.2142333984375 -0.056396484375 0.0234413146972656 0.06146240234375
-0.146957397460938 -0.21099853515625 -0.0455703735351563 0.0611190795898437
-0.0908355712890625 -0.250350952148438 -0.104660034179688 0.00635528564453121
-0.012359619140625 -0.29901123046875 -0.0501708984375 -0.167144775390625
0.0900726318359375 -0.262969970703125 -0.254104614257813 -0.0993194580078125
0.0542755126953125 -0.252487182617188 -0.188140869140625 -0.203628540039063
-0.051300048828125 -0.289337158203125 -0.161605834960937 -0.202728271484375
-0.155059814453125 -0.190460205078125 -0.182968139648438 -0.140838623046875
-0.173507690429688 -0.123214721679687 -0.129356384277344 -0.0825881958007812
-0.200653076171875 -0.011077880859375 -0.115463256835938 -0.0335845947265625
-0.194869995117188 0.062469482421875 -0.073455810546875 -0.0276718139648438
-0.183380126953125 0.05023193359375 -0.0203399658203125 -0.0489120483398438
-0.19091796875 0.0762939453125 0.00833892822265623 -0.0546112060546875
-0.181503295898437 0.0289154052734375 0.0620841979980469 -0.0275421142578125
-0.200881958007813 -0.0450897216796875 0.078704833984375 0.0073089599609375
-0.189865112304688 -0.108505249023438 0.0329666137695312 0.0552940368652344
-0.083160400390625 -0.245010375976562 -0.0455055236816406 0.0441207885742187
-0.00389099121093751 -0.26153564453125 -0.116096496582031 -0.0477294921875
0.0759124755859375 -0.266464233398438 -0.0374755859375 -0.253158569335938
0.138900756835938 -0.180801391601563 -0.219284057617188 -0.16888427734375
0.0962982177734375 -0.206390380859375 -0.178680419921875 -0.248382568359375
-0.00851440429687503 -0.254852294921875 -0.146270751953125 -0.1934814453125
-0.118362426757812 -0.17822265625 -0.137557983398437 -0.130683898925781
-0.139884948730469 -0.120887756347656 -0.0721588134765625 -0.0800933837890625
-0.181777954101562 -0.02813720703125 -0.0492973327636719 -0.0546379089355469
-0.188339233398438 0.0344696044921875 -0.00897979736328127 -0.0652847290039063
-0.18084716796875 0.023284912109375 0.0375823974609375 -0.0759506225585938
-0.194931030273437 0.0415496826171875 0.070587158203125 -0.073577880859375
-0.177841186523438 -0.00679016113281252 0.116325378417969 -0.0240554809570312
-0.178085327148438 -0.08343505859375 0.112136840820312 0.0167465209960937
-0.150146484375 -0.1419677734375 0.05279541015625 0.0535354614257812
-0.0179443359375 -0.25103759765625 -0.0227603912353516 0.0274295806884765
0.07989501953125 -0.243667602539063 -0.0884780883789063 -0.0941925048828125
0.151275634765625 -0.202011108398438 0.00741577148437501 -0.315155029296875
0.170303344726563 -0.0713043212890625 -0.173599243164063 -0.195556640625
0.129989624023438 -0.122314453125 -0.152862548828125 -0.255645751953125
0.047332763671875 -0.171096801757812 -0.117523193359375 -0.168228149414063
-0.0455398559570312 -0.135635375976563 -0.0890579223632813 -0.118232727050781
-0.0675811767578125 -0.107307434082031 -0.0248260498046875 -0.0747833251953125
-0.126319885253906 -0.0555953979492187 0.00548553466796874 -0.0698738098144531
-0.153366088867188 -0.00761413574218748 0.0466537475585938 -0.089813232421875
-0.151031494140625 -0.00834655761718752 0.0903701782226562 -0.0902786254882813
-0.169540405273438 0.00553894042968748 0.131668090820312 -0.079193115234375
-0.150665283203125 -0.029144287109375 0.16839599609375 -0.011627197265625
-0.14129638671875 -0.093658447265625 0.147018432617188 0.030670166015625
-0.107391357421875 -0.14190673828125 0.08447265625 0.0529327392578125
0.0285797119140625 -0.221694946289063 0.0199756622314453 0.0199947357177734
0.136566162109375 -0.191360473632813 -0.0301284790039062 -0.122756958007813
0.197982788085938 -0.111907958984375 0.0762939453125 -0.344757080078125
-0.20318603515625 0.000915527343750037 -0.0823059082031251 0.34173583984375
-0.093017578125 0.129035949707031 -0.0108871459960938 0.131523132324219
-0.00575256347656249 0.153671264648438 -0.0694770812988281 -0.0422439575195313
0.0739593505859375 0.109085083007812 -0.140281677246094 -0.0707321166992187
0.0858383178710938 0.057342529296875 -0.187088012695313 -0.038726806640625
0.105056762695313 0.0131683349609375 -0.212997436523438 0.0302734375
0.10113525390625 0.00922393798828125 -0.180435180664063 0.112686157226563
0.08953857421875 0.024505615234375 -0.123825073242188 0.113655090332031
0.0939178466796875 0.0307540893554687 -0.0668563842773437 0.103851318359375
0.0583305358886719 0.0618133544921875 -0.0341949462890625 0.0804977416992188
0.0192337036132812 0.08685302734375 0.0176315307617188 0.0801010131835938
-0.0260009765625 0.098297119140625 0.0573043823242187 0.112258911132813
-0.105270385742187 0.0783157348632813 0.0771636962890625 0.159088134765625
-0.1556396484375 0.0478057861328125 0.13299560546875 0.209365844726562
-0.199813842773438 -0.041015625 0.12530517578125 0.169097900390625
-0.180984497070313 -0.110794067382812 -0.156585693359375 0.31121826171875
-0.09527587890625 0.0321884155273438 -0.075469970703125 0.11083984375
-0.0340843200683594 0.0598831176757813 -0.113021850585937 -0.059539794921875
0.0234718322753906 0.0498275756835938 -0.181930541992188 -0.0750885009765625
0.0272312164306641 0.0178318023681641 -0.213104248046875 -0.0424041748046875
0.0357666015625 0.0142555236816406 -0.238815307617188 0.0308837890625
0.0354995727539062 0.0416755676269531 -0.20526123046875 0.111236572265625
0.0261650085449219 0.0559196472167969 -0.141494750976563 0.103713989257813
0.0303115844726563 0.077423095703125 -0.0864028930664063 0.093048095703125
-0.00884246826171875 0.0939254760742188 -0.0418548583984375 0.0681228637695313
-0.0657424926757813 0.092254638671875 0.0131340026855469 0.0681343078613281
-0.113487243652344 0.0703506469726562 0.0389251708984375 0.103904724121094
-0.160888671875 -0.0124053955078125 0.0375289916992188 0.133132934570313
-0.188201904296875 -0.053619384765625 0.0742034912109375 0.170974731445313
-0.20098876953125 -0.149307250976563 0.0662765502929687 0.117706298828125
-0.1341552734375 -0.211868286132813 -0.213790893554687 0.244476318359375
-0.0805130004882812 -0.0781021118164063 -0.126518249511719 0.0577774047851562
-0.0644035339355469 -0.0549240112304687 -0.147232055664063 -0.0950927734375
-0.0416450500488281 -0.0216941833496094 -0.216049194335938 -0.08843994140625
-0.0445137023925781 -0.0254669189453125 -0.226089477539063 -0.0476837158203125
-0.0439453125 0.0143394470214844 -0.243606567382812 0.029449462890625
-0.0386085510253906 0.06842041015625 -0.204299926757812 0.0966949462890625
-0.0420379638671875 0.0783538818359375 -0.138053894042969 0.0772171020507813
-0.0364456176757813 0.111656188964844 -0.0886993408203125 0.0641632080078125
-0.0685882568359375 0.112739562988281 -0.0332069396972656 0.0423393249511719
-0.131271362304688 0.0899505615234375 0.0209388732910156 0.0477294921875
-0.177978515625 0.046844482421875 0.0318984985351562 0.092803955078125
-0.197647094726563 -0.082977294921875 0.00402832031249999 0.111625671386719
-0.199111938476563 -0.133575439453125 0.00812530517578125 0.125556945800781
-0.177658081054688 -0.232177734375 0.00838851928710937 0.0383758544921875
-0.072967529296875 -0.281524658203125 -0.249191284179688 0.147918701171875
-0.053863525390625 -0.178970336914063 -0.162033081054688 -0.0177459716796875
-0.092559814453125 -0.169158935546875 -0.16864013671875 -0.13604736328125
-0.113128662109375 -0.0924453735351563 -0.232284545898437 -0.10443115234375
-0.119140625 -0.0634918212890625 -0.218673706054688 -0.052581787109375
-0.121505737304688 0.016876220703125 -0.222137451171875 0.02496337890625
-0.107231140136719 0.087677001953125 -0.176132202148438 0.0700531005859375
-0.104293823242187 0.0893707275390625 -0.112289428710938 0.0407867431640625
-0.0976791381835937 0.127090454101563 -0.07293701171875 0.0247879028320313
-0.117759704589844 0.109901428222656 -0.0127334594726563 0.0129413604736328
-0.176498413085938 0.0698089599609375 0.035247802734375 0.0261039733886719
-0.212051391601562 0.0138092041015625 0.0302581787109375 0.0797500610351562
-0.2015380859375 -0.142288208007813 -0.0227203369140625 0.0948715209960937
-0.17596435546875 -0.194046020507813 -0.0553970336914063 0.0784988403320313
-0.124664306640625 -0.2825927734375 -0.0399322509765625 -0.0545692443847656
-0.005401611328125 -0.304901123046875 -0.26141357421875 0.0378265380859375
-0.01800537109375 -0.245681762695313 -0.186386108398437 -0.102203369140625
-0.103103637695313 -0.25372314453125 -0.17718505859375 -0.169586181640625
-0.165328979492187 -0.147598266601563 -0.222763061523437 -0.117019653320313
-0.174148559570312 -0.0900726318359375 -0.185455322265625 -0.0608367919921875
-0.1783447265625 0.018951416015625 -0.175689697265625 0.00752258300781254
-0.15838623046875 0.09539794921875 -0.128578186035156 0.0303268432617188
-0.151336669921875 0.087432861328125 -0.0711669921875 -0.00201416015625001
-0.147384643554688 0.121551513671875 -0.0393142700195313 -0.0149383544921875
-0.155242919921875 0.086090087890625 0.0204219818115234 -0.0123081207275391
-0.200942993164062 0.0288543701171875 0.0559120178222656 0.0111885070800781
-0.218765258789063 -0.033447265625 0.0326576232910156 0.0691642761230469
-0.170455932617187 -0.19451904296875 -0.0400924682617188 0.0786514282226562
-0.11785888671875 -0.238494873046875 -0.103370666503906 0.0291671752929688
-0.0447998046875 -0.297760009765625 -0.067840576171875 -0.149627685546875
0.05987548828125 -0.276290893554688 -0.253189086914063 -0.06414794921875
0.0251312255859375 -0.260009765625 -0.198745727539063 -0.17547607421875
-0.087371826171875 -0.2835693359375 -0.173858642578125 -0.18438720703125
-0.176956176757813 -0.171661376953125 -0.190414428710938 -0.121475219726562
-0.189239501953125 -0.102828979492188 -0.133255004882813 -0.068878173828125
-0.199813842773438 0.0135498046875 -0.113296508789063 -0.0187759399414063
-0.18292236328125 0.08642578125 -0.0699119567871094 -0.0171241760253906
-0.175918579101563 0.072662353515625 -0.0204544067382813 -0.0439682006835937
-0.178558349609375 0.0988922119140625 0.0102081298828125 -0.0503883361816406
-0.175857543945313 0.0500030517578125 0.0667228698730469 -0.0274162292480469
-0.204559326171875 -0.0201263427734375 0.085174560546875 0.00661468505859375
-0.20159912109375 -0.0849151611328125 0.0423660278320312 0.0615386962890625
-0.113861083984375 -0.235260009765625 -0.0417671203613281 0.0605201721191406
-0.0359649658203125 -0.26129150390625 -0.120674133300781 -0.0244903564453125
0.0439605712890625 -0.278121948242188 -0.0640411376953125 -0.23773193359375
0.114501953125 -0.20184326171875 -0.228591918945312 -0.13922119140625
0.0688934326171875 -0.22125244140625 -0.1962890625 -0.222640991210938
-0.043304443359375 -0.2542724609375 -0.157135009765625 -0.177459716796875
-0.1419677734375 -0.161392211914063 -0.144271850585938 -0.117279052734375
-0.156906127929688 -0.101943969726562 -0.07733154296875 -0.0743408203125
-0.182266235351562 -0.00238037109375003 -0.0500373840332031 -0.0485877990722656
-0.178131103515625 0.060150146484375 -0.0115890502929688 -0.0628204345703125
-0.173965454101563 0.048248291015625 0.0332183837890625 -0.0787200927734375
-0.184280395507812 0.0677032470703125 0.0689544677734375 -0.0764389038085938
-0.173812866210938 0.0164337158203125 0.120964050292969 -0.0305404663085937
-0.186203002929688 -0.0579071044921875 0.11956787109375 0.0117568969726562
-0.166427612304688 -0.119964599609375 0.0609397888183594 0.0561447143554687
-0.051055908203125 -0.248077392578125 -0.0222015380859375 0.0399742126464844
0.0454559326171875 -0.252899169921875 -0.100074768066406 -0.0753326416015625
0.124038696289063 -0.223968505859375 -0.027008056640625 -0.306060791015625
0.15570068359375 -0.0965576171875 -0.187911987304687 -0.173828125
0.110000610351563 -0.141098022460938 -0.174942016601562 -0.235092163085938
0.01910400390625 -0.177658081054687 -0.127120971679687 -0.156448364257813
-0.0664825439453125 -0.1258544921875 -0.095733642578125 -0.112152099609375
-0.0840225219726563 -0.0945053100585938 -0.0307998657226563 -0.0760269165039063
-0.130142211914063 -0.0333786010742188 -0.000183105468750008 -0.0713424682617188
-0.146881103515625 0.0172271728515625 0.0390625 -0.0948867797851563
-0.145660400390625 0.014434814453125 0.0824432373046875 -0.100021362304688
-0.161331176757813 0.03009033203125 0.12744140625 -0.0905303955078125
-0.148284912109375 -0.00636291503906252 0.172637939453125 -0.025238037109375
-0.14984130859375 -0.0708465576171875 0.154144287109375 0.0207672119140625
-0.124320983886719 -0.122283935546875 0.0907821655273437 0.0508499145507812
-0.00402832031250002 -0.222061157226563 0.0183219909667969 0.0247211456298828
0.105606079101563 -0.207611083984375 -0.0465316772460937 -0.113204956054688
0.177108764648438 -0.140655517578125 0.036773681640625 -0.345977783203125
-0.187591552734375 0.029510498046875 -0.03900146484375 0.334991455078125
-0.0684051513671875 0.132217407226562 0.00817108154296875 0.123664855957031
0.0186920166015625 0.143478393554688 -0.0687484741210938 -0.0358505249023438
0.0854873657226563 0.0890579223632813 -0.141708374023438 -0.057708740234375
0.08673095703125 0.0390243530273438 -0.184341430664062 -0.0227813720703125
0.0958709716796875 -0.004302978515625 -0.205886840820313 0.0482330322265625
0.0919647216796875 -0.0063323974609375 -0.164093017578125 0.127670288085938
0.082763671875 0.0113601684570312 -0.108489990234375 0.123626708984375
0.086212158203125 0.0156478881835938 -0.0535125732421875 0.108604431152344
0.0586128234863281 0.0464096069335937 -0.0260467529296875 0.0845489501953125
0.0282440185546875 0.0744094848632813 0.0229415893554687 0.0799331665039063
-0.00966644287109375 0.0924758911132812 0.065093994140625 0.106269836425781
-0.084320068359375 0.08740234375 0.0872955322265625 0.149520874023437
-0.135505676269531 0.0663681030273438 0.146133422851563 0.18963623046875
-0.190231323242187 -0.00920104980468749 0.135040283203125 0.152587890625
-0.178237915039063 -0.0821075439453125 -0.110137939453125 0.31671142578125
-0.0804367065429688 0.038665771484375 -0.053466796875 0.112762451171875
-0.0185928344726562 0.0556106567382813 -0.110542297363281 -0.0477523803710938
0.0310173034667969 0.0377616882324219 -0.180633544921875 -0.055938720703125
0.0262413024902344 0.00717544555664063 -0.207489013671875 -0.02264404296875
0.0299816131591797 0.00394058227539063 -0.228302001953125 0.0525665283203126
0.0322055816650391 0.0315914154052734 -0.184844970703125 0.129730224609375
0.025726318359375 0.0478248596191406 -0.123947143554687 0.11724853515625
0.0309829711914062 0.0679855346679688 -0.07147216796875 0.101844787597656
-0.00226593017578124 0.0849227905273438 -0.0322647094726563 0.0748367309570313
-0.0526275634765625 0.089630126953125 0.0201377868652344 0.0700912475585938
-0.0976638793945312 0.0755615234375 0.0486679077148437 0.103012084960938
-0.1488037109375 0.00633239746093748 0.048309326171875 0.132087707519531
-0.178009033203125 -0.027435302734375 0.0882110595703125 0.162551879882813
-0.204574584960937 -0.115371704101563 0.074859619140625 0.112991333007813
-0.145721435546875 -0.185897827148438 -0.1707763671875 0.259994506835938
-0.07818603515625 -0.0684356689453125 -0.105712890625 0.0695724487304688
-0.0618896484375 -0.0505447387695312 -0.14599609375 -0.0776519775390625
-0.0391693115234375 -0.0231132507324219 -0.213058471679688 -0.0652313232421875
-0.0471649169921875 -0.0261878967285156 -0.2198486328125 -0.02490234375
-0.0457038879394531 0.0131568908691406 -0.230133056640625 0.0525360107421875
-0.0344467163085937 0.0657386779785156 -0.182601928710938 0.115203857421875
-0.0369644165039063 0.0774459838867188 -0.121383666992188 0.091552734375
-0.0278244018554688 0.108924865722656 -0.0740509033203125 0.0747756958007813
-0.056854248046875 0.11102294921875 -0.0246772766113281 0.05023193359375
-0.116706848144531 0.0957870483398437 0.0275154113769531 0.050201416015625
-0.163070678710938 0.0604095458984375 0.0423431396484375 0.0932235717773438
-0.194183349609375 -0.0584869384765625 0.0150299072265625 0.117088317871094
-0.19915771484375 -0.10394287109375 0.0218429565429687 0.128364562988281
-0.192367553710937 -0.200225830078125 0.0129470825195312 0.0447731018066406
-0.09637451171875 -0.261795043945313 -0.213180541992188 0.17236328125
-0.066192626953125 -0.16864013671875 -0.147109985351563 0.00207519531250002
-0.103042602539063 -0.156707763671875 -0.170211791992187 -0.114608764648438
-0.116416931152344 -0.0826492309570313 -0.2294921875 -0.0776519775390625
-0.122756958007813 -0.0528030395507812 -0.212356567382813 -0.029693603515625
-0.117546081542969 0.0258102416992187 -0.207565307617188 0.0467987060546875
-0.095703125 0.0938949584960938 -0.156723022460938 0.08734130859375
-0.0935134887695312 0.0954132080078125 -0.0999374389648438 0.0527114868164063
-0.08294677734375 0.131431579589844 -0.0612106323242188 0.0353813171386719
-0.103729248046875 0.114936828613281 -0.00548934936523438 0.01922607421875
-0.162872314453125 0.082855224609375 0.0412368774414062 0.0282554626464844
-0.200653076171875 0.0338287353515625 0.0404739379882812 0.082672119140625
-0.207473754882813 -0.115203857421875 -0.0113372802734375 0.104965209960937
-0.186630249023437 -0.166458129882813 -0.0427780151367188 0.0916748046875
-0.14837646484375 -0.257583618164063 -0.0429801940917969 -0.0381431579589844
-0.036712646484375 -0.294219970703125 -0.236160278320313 0.0684814453125
-0.040985107421875 -0.23638916015625 -0.178543090820313 -0.0750579833984375
-0.126861572265625 -0.235519409179688 -0.18121337890625 -0.14593505859375
-0.173568725585938 -0.126663208007813 -0.221282958984375 -0.0904541015625
-0.179473876953125 -0.069915771484375 -0.180648803710938 -0.0400390625
-0.169998168945313 0.0365447998046875 -0.16326904296875 0.02618408203125
-0.140823364257813 0.108642578125 -0.11395263671875 0.044219970703125
-0.136993408203125 0.100570678710938 -0.0637931823730469 0.00706100463867189
-0.128623962402344 0.13275146484375 -0.0328445434570313 -0.00733757019042968
-0.139732360839844 0.0979766845703125 0.0254764556884766 -0.00970649719238281
-0.190567016601563 0.048431396484375 0.061798095703125 0.0103607177734375
-0.213668823242187 -0.00907897949218749 0.043426513671875 0.0716476440429688
-0.18646240234375 -0.169570922851562 -0.0288925170898438 0.0916213989257812
-0.138168334960938 -0.216552734375 -0.0934295654296875 0.0495452880859375
-0.075836181640625 -0.283447265625 -0.0781402587890625 -0.126487731933594
0.0258026123046875 -0.275741577148438 -0.240386962890625 -0.030426025390625
-0.00479125976562498 -0.255859375 -0.199081420898438 -0.143692016601563
-0.118057250976562 -0.265304565429688 -0.179397583007813 -0.159713745117188
-0.189010620117188 -0.14508056640625 -0.190216064453125 -0.0984649658203125
-0.196243286132812 -0.0776214599609375 -0.132026672363281 -0.0537872314453125
-0.18975830078125 0.03607177734375 -0.105842590332031 -0.00580596923828125
-0.162918090820313 0.1041259765625 -0.0629844665527344 -0.00802612304687498
-0.159530639648437 0.090667724609375 -0.0191078186035156 -0.0394973754882813
-0.158462524414063 0.115951538085938 0.0112380981445312 -0.0470809936523437
-0.161300659179687 0.0672607421875 0.0695648193359375 -0.0297050476074219
-0.198593139648438 0.00402832031250001 0.0900650024414062 0.00251007080078125
-0.202239990234375 -0.0588226318359375 0.051910400390625 0.06298828125
-0.138504028320313 -0.21405029296875 -0.0326385498046875 0.0729141235351563
-0.0660552978515625 -0.247604370117188 -0.117172241210937 -0.000610351562499999
0.00927734374999997 -0.275985717773437 -0.084716796875 -0.21240234375
0.0839691162109375 -0.211441040039063 -0.225845336914063 -0.106475830078125
0.0387725830078125 -0.222625732421875 -0.203750610351563 -0.1895751953125
-0.07623291015625 -0.240875244140625 -0.162948608398438 -0.155838012695313
-0.156356811523438 -0.13653564453125 -0.146514892578125 -0.0997161865234375
-0.165359497070313 -0.0767364501953125 -0.0793685913085938 -0.0651702880859375
-0.1729736328125 0.02203369140625 -0.049713134765625 -0.0410919189453125
-0.1593017578125 0.0813140869140625 -0.0133132934570313 -0.0588569641113281
-0.157821655273438 0.0690765380859375 0.0274810791015625 -0.0794219970703125
-0.164230346679687 0.086883544921875 0.0646438598632812 -0.0790557861328125
-0.160781860351563 0.03692626953125 0.120590209960938 -0.0398406982421875
-0.18359375 -0.03179931640625 0.1226806640625 0.00331878662109375
-0.1728515625 -0.093658447265625 0.0682296752929687 0.0547637939453125
-0.0823822021484375 -0.230758666992187 -0.0173149108886719 0.0500869750976562
0.010498046875 -0.247772216796875 -0.104156494140625 -0.0534820556640625
0.0894622802734375 -0.233139038085938 -0.057373046875 -0.284912109375
0.133125305175781 -0.115119934082031 -0.193130493164063 -0.146347045898437
0.084014892578125 -0.150863647460938 -0.187591552734375 -0.205307006835937
-0.00880432128906251 -0.173324584960937 -0.132110595703125 -0.140609741210938
-0.081573486328125 -0.109375 -0.100349426269531 -0.102325439453125
-0.0944900512695312 -0.07623291015625 -0.0362701416015625 -0.073883056640625
-0.125465393066406 -0.0118255615234375 -0.00583267211914064 -0.06951904296875
-0.133056640625 0.037384033203125 0.02911376953125 -0.095977783203125
-0.13336181640625 0.0341873168945313 0.0704345703125 -0.105598449707031
-0.14508056640625 0.050628662109375 0.117141723632813 -0.0999069213867188
-0.137260437011719 0.0137252807617187 0.169509887695313 -0.0406951904296875
-0.149063110351563 -0.0458831787109375 0.1549072265625 0.008087158203125
-0.133087158203125 -0.0976486206054687 0.094970703125 0.0459442138671875
-0.035003662109375 -0.210357666015625 0.0182952880859375 0.0290031433105469
0.0709991455078125 -0.211196899414063 -0.059051513671875 -0.097320556640625
0.148696899414063 -0.158355712890625 -0.00299072265625 -0.332000732421875
-0.166030883789063 0.0481719970703125 -0.00677490234375 0.31695556640625
-0.0475616455078125 0.127815246582031 0.0202102661132813 0.111946105957031
0.0350570678710938 0.128326416015625 -0.066253662109375 -0.0315017700195312
0.0891342163085938 0.0698318481445313 -0.137779235839844 -0.047515869140625
0.083251953125 0.024566650390625 -0.177398681640625 -0.0113525390625
0.0839309692382813 -0.0152664184570312 -0.194732666015625 0.0596923828125
0.0791168212890625 -0.0158309936523438 -0.146270751953125 0.13427734375
0.0742645263671875 0.0010528564453125 -0.0926361083984375 0.127281188964844
0.07586669921875 0.00563812255859375 -0.042083740234375 0.108467102050781
0.0543785095214844 0.0344772338867188 -0.0188827514648438 0.0863876342773438
0.0313148498535156 0.0624198913574219 0.0272979736328125 0.0783920288085938
0.00218963623046876 0.0834503173828125 0.06927490234375 0.0993881225585937
-0.0644149780273438 0.0882949829101563 0.0916976928710938 0.137466430664063
-0.114028930664063 0.0750274658203125 0.150070190429688 0.169769287109375
-0.174652099609375 0.01300048828125 0.137008666992188 0.137588500976563
-0.167373657226563 -0.059600830078125 -0.072906494140625 0.305694580078125
-0.0660171508789063 0.0406379699707031 -0.035430908203125 0.107719421386719
-0.00771713256835937 0.0482940673828125 -0.105087280273437 -0.0385284423828125
0.0335578918457031 0.0259342193603516 -0.17303466796875 -0.0419769287109375
0.0232048034667969 -0.00064849853515625 -0.197250366210938 -0.00912475585937497
0.0223541259765625 -0.00266075134277344 -0.212448120117188 0.0659637451171875
0.0270633697509766 0.0244102478027344 -0.164138793945313 0.137176513671875
0.0229644775390625 0.0410614013671875 -0.106185913085938 0.121856689453125
0.0291213989257813 0.0596427917480469 -0.0576934814453125 0.103309631347656
0.000457763671874992 0.0758209228515625 -0.0233306884765625 0.0777435302734375
-0.0436172485351563 0.0837173461914063 0.0253372192382813 0.0694808959960938
-0.0833892822265625 0.0746994018554687 0.055084228515625 0.0989761352539062
-0.133995056152344 0.0167770385742188 0.0548782348632812 0.127517700195313
-0.162887573242187 -0.00982666015625003 0.09539794921875 0.151046752929688
-0.196624755859375 -0.0871429443359375 0.0792694091796875 0.106742858886719
-0.146469116210938 -0.161331176757813 -0.131546020507812 0.259506225585938
-0.0735626220703125 -0.060577392578125 -0.085357666015625 0.0725860595703125
-0.0577125549316406 -0.0480079650878906 -0.138969421386719 -0.06414794921875
-0.0370941162109375 -0.0252647399902344 -0.202621459960938 -0.0472259521484375
-0.0487174987792969 -0.0257225036621094 -0.206573486328125 -0.0093536376953125
-0.047119140625 0.0123825073242188 -0.211685180664063 0.066650390625
-0.0318183898925781 0.0622749328613281 -0.160171508789063 0.124008178710938
-0.0329208374023438 0.0742568969726562 -0.104255676269531 0.097137451171875
-0.0219955444335937 0.103546142578125 -0.06024169921875 0.0792770385742188
-0.0488052368164062 0.104522705078125 -0.0154037475585938 0.0535507202148438
-0.103767395019531 0.0955123901367187 0.0335769653320312 0.0502128601074219
-0.147567749023438 0.06689453125 0.0498123168945313 0.0919189453125
-0.18408203125 -0.0408477783203125 0.02508544921875 0.117912292480469
-0.190139770507813 -0.080841064453125 0.0327911376953125 0.126411437988281
-0.19342041015625 -0.170608520507813 0.0165863037109375 0.0492286682128906
-0.108718872070313 -0.238983154296875 -0.1766357421875 0.18170166015625
-0.071014404296875 -0.156021118164063 -0.128105163574219 0.0141830444335937
-0.10821533203125 -0.143905639648437 -0.164077758789063 -0.096282958984375
-0.114524841308594 -0.072601318359375 -0.218185424804687 -0.0566558837890625
-0.122840881347656 -0.043548583984375 -0.199234008789063 -0.01385498046875
-0.112541198730469 0.0311355590820313 -0.189117431640625 0.0596466064453125
-0.084869384765625 0.0939865112304687 -0.136054992675781 0.094818115234375
-0.0832901000976562 0.0970687866210937 -0.0859756469726563 0.0587081909179688
-0.0697097778320313 0.129264831542969 -0.0503807067871094 0.0408172607421875
-0.0910491943359375 0.113601684570313 0.00114059448242187 0.0221481323242188
-0.1474609375 0.088134765625 0.0460395812988281 0.0271797180175781
-0.186248779296875 0.04595947265625 0.0489959716796875 0.0815353393554688
-0.2032470703125 -0.0933380126953125 0.00103759765624999 0.109962463378906
-0.185073852539062 -0.141204833984375 -0.0302200317382813 0.09808349609375
-0.1580810546875 -0.230270385742188 -0.0405197143554688 -0.0241279602050781
-0.0578460693359375 -0.275833129882813 -0.206039428710938 0.086517333984375
-0.055511474609375 -0.222061157226562 -0.162811279296875 -0.054840087890625
-0.138412475585937 -0.214584350585938 -0.176284790039063 -0.125030517578125
-0.173248291015625 -0.106704711914063 -0.210983276367188 -0.069366455078125
-0.176910400390625 -0.0516815185546875 -0.1702880859375 -0.0252227783203125
-0.15887451171875 0.047088623046875 -0.146636962890625 0.0370025634765625
-0.123970031738281 0.112808227539063 -0.0987167358398438 0.0500869750976563
-0.121559143066406 0.106193542480469 -0.0558204650878906 0.01202392578125
-0.1104736328125 0.136100769042969 -0.0258617401123047 -0.00210189819335936
-0.124305725097656 0.101898193359375 0.0296669006347656 -0.00821304321289062
-0.17626953125 0.06024169921875 0.0643119812011719 0.00886154174804688
-0.202407836914062 0.00791931152343746 0.0513916015625 0.0708160400390625
-0.189987182617188 -0.145339965820312 -0.016876220703125 0.09844970703125
-0.146881103515625 -0.192672729492188 -0.0809783935546875 0.0623855590820312
-0.0948944091796875 -0.262359619140625 -0.0808944702148438 -0.104866027832031
-7.62939453125219E-05 -0.2645263671875 -0.218353271484375 -0.00765991210937504
-0.0262908935546875 -0.243087768554688 -0.189346313476563 -0.117294311523438
-0.136154174804687 -0.241424560546875 -0.176193237304688 -0.138824462890625
-0.190597534179688 -0.120254516601562 -0.182846069335937 -0.079010009765625
-0.192642211914063 -0.0555572509765625 -0.125396728515625 -0.0417556762695312
-0.17486572265625 0.0501251220703125 -0.0954055786132813 0.00324249267578125
-0.142135620117188 0.112518310546875 -0.0551605224609375 -0.00305175781249999
-0.1417236328125 0.099578857421875 -0.0171737670898438 -0.0357589721679687
-0.137199401855469 0.12286376953125 0.0127639770507812 -0.0439567565917969
-0.145172119140625 0.0760498046875 0.0701065063476562 -0.0313835144042969
-0.185882568359375 0.0210418701171875 0.0915145874023437 -0.00153350830078125
-0.196319580078125 -0.037689208984375 0.0588874816894531 0.061065673828125
-0.150421142578125 -0.189849853515625 -0.0219497680664063 0.08038330078125
-0.084075927734375 -0.227737426757813 -0.107765197753906 0.0164871215820312
-0.0158233642578125 -0.263916015625 -0.094207763671875 -0.185760498046875
0.057464599609375 -0.2099609375 -0.212020874023438 -0.0809478759765626
0.0142974853515625 -0.215087890625 -0.1990966796875 -0.159988403320313
-0.0965728759765625 -0.220504760742188 -0.160324096679688 -0.136993408203125
-0.160232543945312 -0.112930297851563 -0.1427001953125 -0.0856475830078125
-0.163558959960938 -0.0549468994140625 -0.0776596069335938 -0.0570449829101562
-0.158157348632813 0.037628173828125 -0.046112060546875 -0.0353355407714844
-0.137626647949219 0.0916366577148438 -0.0135726928710938 -0.0555152893066406
-0.139915466308594 0.0790481567382812 0.0227584838867187 -0.077911376953125
-0.142959594726563 0.096954345703125 0.0595474243164062 -0.0796051025390625
-0.144943237304688 0.0489959716796875 0.117141723632813 -0.0455856323242188
-0.17388916015625 -0.0117645263671875 0.121498107910156 -0.00360107421875
-0.170700073242188 -0.0706787109375 0.0728073120117187 0.052001953125
-0.100341796875 -0.209091186523437 -0.0109405517578125 0.0559730529785156
-0.0153045654296875 -0.234603881835938 -0.101142883300781 -0.0352020263671875
0.0609283447265625 -0.230239868164063 -0.074981689453125 -0.257354736328125
0.109909057617188 -0.123138427734375 -0.186843872070313 -0.123214721679687
0.060821533203125 -0.151473999023438 -0.18743896484375 -0.177536010742187
-0.02960205078125 -0.161972045898438 -0.1309814453125 -0.125518798828125
-0.08856201171875 -0.0919113159179688 -0.100883483886719 -0.0919952392578125
-0.0968246459960938 -0.0593948364257812 -0.039642333984375 -0.0693435668945313
-0.115478515625 0.00344848632812498 -0.00907135009765626 -0.0664787292480469
-0.115631103515625 0.050079345703125 0.0218963623046875 -0.0942153930664062
-0.117599487304688 0.0463943481445312 0.059906005859375 -0.106704711914062
-0.126274108886719 0.0617599487304687 0.1065673828125 -0.103134155273438
-0.121925354003906 0.0266342163085938 0.161468505859375 -0.0510101318359375
-0.141433715820313 -0.026123046875 0.15118408203125 -0.0013580322265625
-0.132400512695313 -0.0769500732421875 0.0960159301757812 0.0412445068359375
-0.05535888671875 -0.191680908203125 0.0184249877929688 0.0322093963623047
0.043060302734375 -0.203582763671875 -0.0644989013671875 -0.0807876586914063
0.120086669921875 -0.164382934570313 -0.029296875 -0.3079833984375
-0.14642333984375 0.0571441650390625 0.0128173828125 0.29693603515625
-0.0330810546875 0.120758056640625 0.0275497436523438 0.100929260253906
0.043792724609375 0.113655090332031 -0.0620956420898438 -0.02862548828125
0.088134765625 0.054931640625 -0.133384704589844 -0.0412139892578125
0.0778884887695313 0.0144882202148438 -0.170150756835938 -0.00517272949218752
0.0723876953125 -0.0208206176757813 -0.185455322265625 0.06573486328125
0.0677299499511719 -0.0207443237304688 -0.132621765136719 0.134986877441406
0.0659713745117188 -0.003692626953125 -0.080841064453125 0.126228332519531
0.0666007995605469 0.000743865966796875 -0.0347518920898437 0.10614013671875
0.0484619140625 0.0269279479980469 -0.0135116577148437 0.0859527587890625
0.031524658203125 0.0522956848144531 0.0295944213867188 0.076904296875
0.008148193359375 0.0742568969726563 0.0703277587890625 0.09442138671875
-0.0505523681640625 0.084747314453125 0.0911865234375 0.128456115722656
-0.0966644287109375 0.076080322265625 0.148361206054688 0.154922485351563
-0.157745361328125 0.026397705078125 0.13421630859375 0.126785278320313
-0.154205322265625 -0.045501708984375 -0.047607421875 0.291229248046875
-0.054779052734375 0.0386505126953125 -0.0227127075195312 0.100776672363281
-0.001373291015625 0.0401573181152344 -0.0980072021484375 -0.0335235595703125
0.0336475372314453 0.0155525207519531 -0.163726806640625 -0.03424072265625
0.0189685821533203 -0.00682640075683594 -0.187271118164062 -0.00202941894531246
0.0146484375 -0.00593280792236328 -0.1988525390625 0.0722503662109375
0.0208854675292969 0.0199317932128906 -0.146286010742188 0.13873291015625
0.0193405151367188 0.0361213684082031 -0.0925445556640625 0.121978759765625
0.0251693725585937 0.0538215637207031 -0.047637939453125 0.10296630859375
-6.10351562500001E-05 0.0687713623046875 -0.01678466796875 0.0783538818359375
-0.0379257202148438 0.0765609741210938 0.0291099548339844 0.0685195922851563
-0.07305908203125 0.0711898803710938 0.0583114624023437 0.0954055786132813
-0.120872497558594 0.0211105346679688 0.0588226318359375 0.122894287109375
-0.1478271484375 -0.000946044921874972 0.0981292724609375 0.142318725585938
-0.184951782226563 -0.0685272216796875 0.0803298950195312 0.102516174316406
-0.141815185546875 -0.143844604492188 -0.103286743164063 0.251708984375
-0.0670318603515625 -0.0569381713867188 -0.0698013305664063 0.0712051391601563
-0.05426025390625 -0.0479240417480469 -0.130615234375 -0.0556716918945312
-0.0358085632324219 -0.0280075073242187 -0.190994262695313 -0.0363616943359375
-0.050537109375 -0.0265655517578125 -0.194595336914062 -0.00151062011718746
-0.0487709045410156 0.0117073059082031 -0.195587158203125 0.0725860595703125
-0.0309257507324219 0.0588722229003906 -0.142623901367188 0.125396728515625
-0.030853271484375 0.0708160400390625 -0.0914382934570312 0.0981597900390625
-0.0192947387695313 0.0984725952148438 -0.0499191284179687 0.0797271728515625
-0.0433502197265625 0.0989303588867188 -0.00936889648437501 0.0547904968261719
-0.0941009521484375 0.0921401977539063 0.0367393493652344 0.04974365234375
-0.134872436523438 0.0675888061523438 0.0550765991210937 0.089630126953125
-0.173004150390625 -0.0300445556640625 0.0316390991210937 0.116996765136719
-0.178237915039063 -0.0666961669921875 0.0391845703125 0.123908996582031
-0.187408447265625 -0.149154663085937 0.0202674865722656 0.0530281066894531
-0.11248779296875 -0.219955444335938 -0.148101806640625 0.180557250976562
-0.07159423828125 -0.146652221679688 -0.11077880859375 0.0183639526367188
-0.107757568359375 -0.13427734375 -0.154983520507812 -0.0850830078125
-0.111442565917969 -0.0672531127929688 -0.205398559570313 -0.04486083984375
-0.1207275390625 -0.0376358032226563 -0.186233520507813 -0.00517272949218754
-0.107582092285156 0.0327072143554687 -0.172225952148438 0.0648193359375
-0.0772705078125 0.0913925170898438 -0.120185852050781 0.0960922241210937
-0.0767745971679688 0.0962753295898437 -0.07489013671875 0.0604019165039063
-0.0614089965820312 0.125885009765625 -0.040863037109375 0.0427474975585938
-0.081939697265625 0.110099792480469 0.00663566589355468 0.0230350494384766
-0.135894775390625 0.0889511108398438 0.0493583679199219 0.0267906188964844
-0.17352294921875 0.0512847900390625 0.05499267578125 0.080047607421875
-0.19573974609375 -0.0788726806640625 0.00966644287109373 0.111640930175781
-0.179290771484375 -0.124114990234375 -0.0202102661132813 0.100753784179687
-0.159439086914063 -0.20916748046875 -0.0367584228515625 -0.0132026672363281
-0.0688629150390625 -0.258529663085938 -0.179733276367188 0.0928955078125
-0.062774658203125 -0.209243774414063 -0.147018432617188 -0.043487548828125
-0.142807006835938 -0.197402954101563 -0.168777465820313 -0.111785888671875
-0.16888427734375 -0.094268798828125 -0.198715209960938 -0.056610107421875
-0.1724853515625 -0.04119873046875 -0.15911865234375 -0.016998291015625
-0.147979736328125 0.052215576171875 -0.133102416992188 0.0416107177734375
-0.110580444335938 0.112052917480469 -0.0862960815429688 0.0514373779296875
-0.110038757324219 0.106781005859375 -0.0484771728515625 0.0135688781738281
-0.097381591796875 0.133636474609375 -0.0188808441162109 0.000146865844726573
-0.112861633300781 0.101119995117187 0.0329341888427734 -0.00785827636718749
-0.163482666015625 0.0657196044921875 0.0666885375976562 0.00743484497070313
-0.1907958984375 0.017669677734375 0.0576820373535156 0.0691261291503906
-0.187408447265625 -0.127838134765625 -0.00640869140625001 0.101570129394531
-0.147567749023438 -0.174957275390625 -0.0694198608398438 0.0703506469726562
-0.103134155273438 -0.244354248046875 -0.0784912109375 -0.087860107421875
-0.0167388916015625 -0.251693725585938 -0.196304321289062 0.00427246093749999
-0.0387420654296875 -0.229415893554688 -0.17529296875 -0.100738525390625
-0.144363403320313 -0.221847534179687 -0.169113159179687 -0.12432861328125
-0.186767578125 -0.1033935546875 -0.172821044921875 -0.067230224609375
-0.1871337890625 -0.0402984619140625 -0.118453979492188 -0.0345306396484375
-0.161163330078125 0.0574188232421875 -0.0852203369140625 0.00652313232421877
-0.1251220703125 0.113876342773438 -0.0478096008300781 -0.00127029418945313
-0.127166748046875 0.1025390625 -0.0151138305664063 -0.033905029296875
-0.120887756347656 0.123619079589844 0.0147628784179687 -0.0418281555175781
-0.131179809570313 0.07891845703125 0.0703811645507812 -0.0327606201171875
-0.17352294921875 0.03082275390625 0.0910186767578125 -0.00433349609375
-0.187164306640625 -0.0244903564453125 0.0640335083007812 0.0596961975097656
-0.154159545898437 -0.170761108398438 -0.0129165649414063 0.0845870971679687
-0.0929718017578125 -0.21063232421875 -0.0973281860351563 0.027923583984375
-0.031036376953125 -0.249801635742188 -0.09521484375 -0.164871215820313
0.0387725830078125 -0.204086303710938 -0.195785522460938 -0.0661926269531251
-0.000839233398437512 -0.20556640625 -0.188812255859375 -0.140426635742187
-0.10772705078125 -0.202499389648438 -0.154449462890625 -0.124069213867188
-0.157913208007813 -0.095184326171875 -0.13629150390625 -0.075958251953125
-0.15875244140625 -0.039886474609375 -0.0747299194335938 -0.052215576171875
-0.144943237304688 0.04583740234375 -0.0417366027832031 -0.0320854187011719
-0.120361328125 0.0945205688476562 -0.0124893188476563 -0.0526542663574219
-0.124671936035156 0.08404541015625 0.019012451171875 -0.0754776000976562
-0.125877380371094 0.0999374389648438 0.0566253662109375 -0.0782623291015625
-0.131263732910156 0.0539627075195312 0.113655090332031 -0.0493011474609375
-0.162765502929687 0.0008697509765625 0.120109558105469 -0.00823211669921875
-0.163772583007813 -0.0550384521484375 0.0758056640625 0.0496139526367188
-0.108413696289063 -0.190353393554687 -0.00487899780273438 0.0604324340820312
-0.0302581787109375 -0.219451904296875 -0.0953521728515625 -0.0221481323242188
0.0404052734375 -0.222885131835938 -0.0817718505859375 -0.233963012695313
0.09173583984375 -0.124656677246094 -0.176773071289063 -0.1087646484375
0.0439910888671875 -0.146881103515625 -0.180938720703125 -0.15863037109375
-0.04248046875 -0.150177001953125 -0.126609802246094 -0.115158081054688
-0.0902938842773438 -0.0775527954101562 -0.0987167358398437 -0.08544921875
-0.095123291015625 -0.0462570190429688 -0.0398139953613281 -0.0660018920898438
-0.10498046875 0.0128631591796875 -0.00960922241210939 -0.0637626647949219
-0.100303649902344 0.0546875 0.0170211791992187 -0.09185791015625
-0.104095458984375 0.0514678955078125 0.052459716796875 -0.105224609375
-0.10992431640625 0.0657806396484375 0.0987091064453125 -0.103775024414063
-0.109390258789063 0.0323638916015625 0.154647827148437 -0.056732177734375
-0.132072448730469 -0.0137176513671875 0.146835327148437 -0.0075225830078125
-0.127700805664063 -0.0611419677734375 0.0956344604492187 0.0378341674804687
-0.0660552978515625 -0.174560546875 0.0201148986816406 0.0355262756347656
0.0243988037109375 -0.19293212890625 -0.0650978088378906 -0.0674591064453125
0.0990447998046875 -0.162765502929688 -0.043060302734375 -0.2855224609375
-0.131797790527344 0.0618820190429687 0.024658203125 0.282806396484375
-0.0231475830078125 0.114448547363281 0.0318756103515625 0.09234619140625
0.0487442016601563 0.102752685546875 -0.0593185424804688 -0.0280342102050781
0.0858612060546875 0.0433731079101562 -0.131065368652344 -0.0384902954101563
0.0733108520507813 0.00691986083984375 -0.166778564453125 -0.00280761718750003
0.0637969970703125 -0.0235099792480469 -0.179840087890625 0.0689849853515625
0.0584869384765625 -0.022857666015625 -0.124832153320312 0.135490417480469
0.0591316223144531 -0.00645828247070313 -0.0737228393554687 0.126083374023438
0.0601119995117188 -0.00120925903320313 -0.0303497314453125 0.105598449707031
0.0432052612304687 0.0224494934082031 -0.0101394653320312 0.0871658325195313
0.0299720764160156 0.0451126098632813 0.0315399169921875 0.0766983032226562
0.0120849609375 0.0671806335449219 0.0706405639648438 0.0915756225585938
-0.0413970947265625 0.08087158203125 0.090423583984375 0.123733520507813
-0.0850448608398438 0.0758514404296875 0.145965576171875 0.147476196289063
-0.144973754882813 0.0340423583984375 0.131370544433594 0.121910095214844
-0.142959594726563 -0.037353515625 -0.03094482421875 0.28009033203125
-0.0464515686035156 0.0359420776367188 -0.01409912109375 0.0940780639648438
0.00290298461914062 0.0328922271728516 -0.093109130859375 -0.031402587890625
0.032562255859375 0.00763511657714844 -0.158233642578125 -0.0301513671875
0.0149745941162109 -0.0110235214233398 -0.181259155273438 0.00167846679687498
0.00879096984863281 -0.00812721252441406 -0.190750122070313 0.075347900390625
0.0158214569091797 0.0175027847290039 -0.135986328125 0.138801574707031
0.0157642364501953 0.0337486267089844 -0.0839614868164063 0.12164306640625
0.0224380493164063 0.0512580871582031 -0.04119873046875 0.102912902832031
-0.001953125 0.0638656616210938 -0.0119857788085938 0.0793609619140625
-0.0359649658203125 0.0714492797851563 0.0322151184082031 0.0689506530761719
-0.0672035217285156 0.0675277709960937 0.0606918334960937 0.0937881469726563
-0.11212158203125 0.0222091674804688 0.0607376098632813 0.120719909667969
-0.136619567871094 0.00302124023437498 0.0993804931640625 0.137451171875
-0.175140380859375 -0.0575408935546875 0.0806655883789062 0.101531982421875
-0.136672973632813 -0.133522033691406 -0.083953857421875 0.244949340820313
-0.0620155334472656 -0.0550498962402344 -0.0581817626953125 0.0678863525390625
-0.0515632629394531 -0.0491981506347656 -0.124794006347656 -0.0520553588867187
-0.0351524353027344 -0.0316925048828125 -0.182785034179687 -0.0315399169921875
-0.0520401000976563 -0.0273246765136719 -0.187210083007813 0.00250244140624998
-0.0511093139648438 0.0114212036132813 -0.185134887695313 0.075286865234375
-0.0320358276367187 0.0565872192382813 -0.131553649902344 0.12469482421875
-0.0303802490234375 0.069671630859375 -0.0827713012695313 0.0983200073242188
-0.0179824829101563 0.0956649780273438 -0.0430374145507813 0.080169677734375
-0.042236328125 0.0947113037109375 -0.00421905517578125 0.0557479858398438
-0.0888595581054688 0.0892257690429687 0.0401535034179687 0.0497703552246094
-0.127388000488281 0.0674057006835938 0.0591583251953125 0.0889511108398437
-0.164703369140625 -0.0247955322265625 0.036590576171875 0.117401123046875
-0.16912841796875 -0.059234619140625 0.04437255859375 0.122444152832031
-0.181838989257813 -0.136505126953125 0.0229263305664062 0.0563774108886719
-0.112091064453125 -0.208694458007812 -0.12774658203125 0.1785888671875
-0.07061767578125 -0.141921997070313 -0.09765625 0.0195693969726562
-0.107955932617188 -0.129493713378906 -0.1495361328125 -0.079742431640625
-0.109199523925781 -0.0653457641601562 -0.196090698242188 -0.0388946533203125
-0.120010375976563 -0.0346221923828125 -0.178054809570313 -0.00148010253906249
-0.105270385742188 0.0339279174804688 -0.161468505859375 0.0666961669921875
-0.0739974975585938 0.0901718139648438 -0.109199523925781 0.0959014892578125
-0.0728225708007813 0.09564208984375 -0.0676002502441406 0.0608749389648438
-0.0566177368164063 0.123764038085938 -0.0344734191894531 0.04412841796875
-0.0772781372070313 0.107635498046875 0.0113410949707031 0.0243148803710938
-0.129631042480469 0.0885009765625 0.0521430969238281 0.0267105102539063
-0.165634155273438 0.053375244140625 0.0600357055664062 0.0796661376953125
-0.190032958984375 -0.07061767578125 0.0170211791992187 0.113334655761719
-0.173812866210938 -0.114669799804688 -0.0121917724609375 0.103591918945312
-0.158737182617188 -0.196365356445312 -0.0326328277587891 -0.00532150268554689
-0.0748138427734375 -0.248291015625 -0.16064453125 0.0944366455078125
-0.0663909912109375 -0.202117919921875 -0.134117126464844 -0.0385055541992188
-0.1461181640625 -0.187530517578125 -0.162399291992188 -0.103836059570313
-0.1658935546875 -0.0869903564453125 -0.189682006835938 -0.0496978759765625
-0.169754028320313 -0.0339813232421875 -0.152236938476563 -0.0130767822265625
-0.142425537109375 0.0538482666015625 -0.12322998046875 0.0431060791015625
-0.102851867675781 0.111083984375 -0.0779800415039063 0.0511245727539063
-0.10284423828125 0.107490539550781 -0.0435028076171875 0.0145034790039063
-0.0891952514648438 0.132522583007813 -0.0141286849975586 0.000849723815917977
-0.10589599609375 0.100044250488281 0.0363082885742187 -0.00767135620117187
-0.155746459960938 0.06842041015625 0.0689964294433594 0.00675582885742188
-0.184005737304688 0.0225372314453125 0.0627365112304687 0.06878662109375
-0.185714721679687 -0.118118286132813 0.00221252441406249 0.104057312011719
-0.147369384765625 -0.164321899414063 -0.0602874755859375 0.0751953125
-0.107711791992188 -0.233245849609375 -0.074615478515625 -0.0757904052734375
-0.026641845703125 -0.244140625 -0.17950439453125 0.00956726074218747
-0.0458831787109375 -0.222396850585937 -0.16375732421875 -0.0916900634765625
-0.150497436523437 -0.208480834960938 -0.163726806640625 -0.116806030273438
-0.183929443359375 -0.092254638671875 -0.165634155273437 -0.061492919921875
-0.182388305664063 -0.0303497314453125 -0.113265991210938 -0.0314178466796875
-0.152297973632813 0.0606842041015625 -0.0777816772460938 0.00731658935546875
-0.114326477050781 0.113243103027344 -0.0426406860351563 -0.00127410888671874
-0.117965698242188 0.104583740234375 -0.0136337280273438 -0.0328960418701172
-0.11053466796875 0.123748779296875 0.0177040100097656 -0.0413169860839844
-0.123031616210937 0.0796127319335938 0.0718994140625 -0.0345230102539062
-0.164993286132813 0.0359649658203125 0.0925445556640625 -0.006072998046875
-0.18084716796875 -0.016876220703125 0.0683746337890625 0.0589332580566406
-0.155792236328125 -0.159622192382813 -0.00538635253906252 0.0877914428710938
-0.09747314453125 -0.1998291015625 -0.0890426635742187 0.0351409912109375
-0.040863037109375 -0.241806030273438 -0.0941162109375 -0.150283813476563
0.0265045166015625 -0.199676513671875 -0.183517456054688 -0.059844970703125
-0.011688232421875 -0.19989013671875 -0.179122924804688 -0.12994384765625
-0.115921020507813 -0.190277099609375 -0.150131225585938 -0.116836547851562
-0.1566162109375 -0.0835723876953125 -0.1312255859375 -0.0709152221679688
-0.154586791992188 -0.029296875 -0.072540283203125 -0.0499038696289062
-0.134262084960938 0.0509872436523438 -0.0380134582519531 -0.0310897827148437
-0.107978820800781 0.0959320068359375 -0.0113143920898438 -0.0522422790527344
-0.113700866699219 0.0858383178710938 0.018157958984375 -0.0748519897460938
-0.113731384277344 0.100387573242188 0.0558013916015625 -0.0780563354492187
-0.12200927734375 0.0557785034179688 0.112785339355469 -0.0521926879882812
-0.15521240234375 0.00842285156249998 0.118988037109375 -0.01025390625
-0.159423828125 -0.0459442138671875 0.0792999267578125 0.0486984252929688
-0.113555908203125 -0.1771240234375 0.000717163085937489 0.0639419555664063
-0.0394287109375 -0.20947265625 -0.0895919799804687 -0.0127487182617188
0.0279998779296875 -0.217132568359375 -0.0847320556640625 -0.218505859375
0.0786819458007813 -0.125312805175781 -0.168304443359375 -0.101608276367188
0.032562255859375 -0.143814086914063 -0.174148559570312 -0.147109985351563
-0.05169677734375 -0.140884399414063 -0.123161315917969 -0.110763549804688
-0.0910491943359375 -0.0678558349609375 -0.0965728759765625 -0.0819320678710938
-0.0938949584960937 -0.0371475219726563 -0.0402488708496094 -0.0646400451660156
-0.09698486328125 0.0185775756835938 -0.00893020629882813 -0.0625114440917969
-0.0886001586914062 0.0572128295898437 0.0146484375 -0.090606689453125
-0.0937118530273438 0.0544281005859375 0.0473480224609375 -0.104820251464844
-0.0988006591796875 0.067626953125 0.0943527221679688 -0.104148864746094
-0.0996856689453125 0.0356674194335937 0.150848388671875 -0.06048583984375
-0.124038696289063 -0.00563812255859376 0.144302368164063 -0.0103759765625
-0.123672485351562 -0.0513229370117187 0.096435546875 0.0367431640625
-0.0718994140625 -0.162307739257813 0.0218544006347656 0.0388755798339844
0.0121917724609375 -0.184677124023438 -0.0642585754394531 -0.0583000183105469
0.0847625732421875 -0.160476684570313 -0.0502777099609375 -0.26959228515625
-0.120529174804688 0.0664596557617187 0.0363922119140625 0.274566650390625
-0.0150833129882812 0.110603332519531 0.03631591796875 0.0859298706054687
0.0541000366210937 0.094146728515625 -0.0579910278320312 -0.0283851623535156
0.08544921875 0.0340805053710938 -0.131668090820313 -0.0352554321289062
0.0697174072265625 0.00139617919921875 -0.166458129882812 0.00177001953125001
0.0570716857910156 -0.0262184143066406 -0.177642822265625 0.0749053955078125
0.0519676208496094 -0.0241127014160156 -0.118461608886719 0.139503479003906
0.054168701171875 -0.00859832763671875 -0.0675811767578125 0.1285400390625
0.0551872253417969 -0.00345611572265625 -0.0260848999023437 0.107200622558594
0.038787841796875 0.01947021484375 -0.00734710693359376 0.0893020629882813
0.0288467407226563 0.0403251647949219 0.0345458984375 0.0779571533203125
0.0149765014648437 0.0613746643066406 0.0729751586914063 0.0903854370117188
-0.0334320068359375 0.07855224609375 0.0916671752929687 0.121017456054688
-0.0756988525390625 0.0762252807617188 0.147552490234375 0.142440795898438
-0.1357421875 0.0411224365234375 0.132308959960938 0.119400024414063
-0.136543273925781 -0.0310745239257812 -0.0158843994140625 0.275131225585938
-0.0401268005371094 0.0338249206542969 -0.00702667236328126 0.08978271484375
0.00606727600097656 0.0268688201904297 -0.09124755859375 -0.030670166015625
0.0312175750732422 0.00022125244140625 -0.156463623046875 -0.0265350341796875
0.0113773345947266 -0.0152397155761719 -0.178970336914063 0.00559997558593747
0.00347471237182617 -0.00877857208251953 -0.18682861328125 0.080841064453125
0.0105552673339844 0.0165214538574219 -0.128326416015625 0.14227294921875
0.0125598907470703 0.0327320098876953 -0.0767440795898438 0.124458312988281
0.0205078125 0.0499687194824219 -0.0354156494140625 0.104812622070312
-0.00374984741210937 0.0620346069335938 -0.0077362060546875 0.0814971923828125
-0.0349006652832031 0.0684547424316406 0.0364913940429688 0.0697250366210938
-0.0630760192871094 0.0659065246582031 0.0649642944335938 0.093841552734375
-0.105995178222656 0.0239028930664062 0.064697265625 0.120719909667969
-0.129707336425781 0.00644683837890623 0.103424072265625 0.135154724121094
-0.16943359375 -0.048858642578125 0.0840301513671875 0.101768493652344
-0.13482666015625 -0.126701354980469 -0.067108154296875 0.241897583007812
-0.0593414306640625 -0.0557403564453125 -0.0490913391113281 0.0657234191894531
-0.0518913269042969 -0.0515861511230469 -0.122184753417969 -0.0490264892578125
-0.0369834899902344 -0.0354423522949219 -0.179412841796875 -0.0263824462890625
-0.055633544921875 -0.0281639099121094 -0.183563232421875 0.00679016113281251
-0.0543289184570313 0.0115585327148438 -0.179122924804688 0.079864501953125
-0.033538818359375 0.0563774108886719 -0.123092651367187 0.127815246582031
-0.031036376953125 0.0700035095214844 -0.0753402709960937 0.100456237792969
-0.0168075561523438 0.0953750610351563 -0.0364837646484375 0.0822067260742188
-0.0415725708007813 0.0940628051757812 -9.15527343750088E-05 0.0576248168945313
-0.0865707397460938 0.088470458984375 0.0439414978027344 0.0500984191894531
-0.123207092285156 0.0685348510742187 0.0651092529296875 0.0892715454101563
-0.161605834960938 -0.021148681640625 0.0429306030273438 0.1190185546875
-0.165237426757812 -0.0542144775390625 0.05047607421875 0.123184204101563
-0.180343627929688 -0.127960205078125 0.0274238586425781 0.0600318908691406
-0.115951538085938 -0.203048706054688 -0.110855102539063 0.178817749023438
-0.0716552734375 -0.140159606933594 -0.0882492065429688 0.019775390625
-0.112113952636719 -0.127044677734375 -0.14691162109375 -0.07513427734375
-0.110748291015625 -0.064544677734375 -0.191207885742188 -0.0332489013671875
-0.122421264648437 -0.0314865112304687 -0.174118041992188 0.0034027099609375
-0.105461120605469 0.0366668701171875 -0.154953002929688 0.0707244873046875
-0.0716323852539063 0.0908279418945313 -0.10150146484375 0.0971527099609375
-0.0698928833007813 0.0971527099609375 -0.0625495910644531 0.0625152587890625
-0.0523834228515625 0.124313354492188 -0.0286369323730469 0.0451889038085938
-0.0752182006835938 0.107231140136719 0.0153770446777344 0.0244865417480469
-0.125068664550781 0.090789794921875 0.0554237365722656 0.0260467529296875
-0.1624755859375 0.0573577880859375 0.0670700073242187 0.0798797607421875
-0.189956665039063 -0.064544677734375 0.0249862670898437 0.115486145019531
-0.1728515625 -0.108444213867188 -0.00473785400390626 0.106666564941406
-0.161972045898438 -0.189498901367187 -0.0291900634765625 0.00167465209960936
-0.0828704833984375 -0.243270874023437 -0.14605712890625 0.097625732421875
-0.0718994140625 -0.198806762695313 -0.125068664550781 -0.0356292724609375
-0.151687622070313 -0.181503295898437 -0.161056518554687 -0.099639892578125
-0.167129516601562 -0.0815582275390625 -0.185836791992187 -0.044097900390625
-0.16986083984375 -0.0272064208984375 -0.148040771484375 -0.00964355468749998
-0.139305114746094 0.0578155517578125 -0.116683959960938 0.0450363159179688
-0.0969772338867188 0.111953735351562 -0.07159423828125 0.0517730712890625
-0.098785400390625 0.110221862792969 -0.0403556823730469 0.0155487060546875
-0.0826416015625 0.13409423828125 -0.00980949401855469 0.00219440460205079
-0.1019287109375 0.101799011230469 0.0395965576171875 -0.00882339477539062
-0.151290893554688 0.0725860595703125 0.0718460083007812 0.0050811767578125
-0.181228637695313 0.028472900390625 0.0693855285644531 0.0692062377929688
-0.18804931640625 -0.11016845703125 0.0105361938476562 0.107078552246094
-0.15045166015625 -0.157623291015625 -0.052337646484375 0.0808181762695312
-0.114395141601562 -0.227493286132813 -0.0728378295898438 -0.0673141479492188
-0.0374603271484375 -0.241226196289063 -0.16851806640625 0.0139923095703125
-0.0550994873046875 -0.218994140625 -0.1563720703125 -0.0870513916015625
-0.158676147460938 -0.199508666992188 -0.162673950195312 -0.111526489257813
-0.184738159179688 -0.0841064453125 -0.162673950195312 -0.056060791015625
-0.182342529296875 -0.0217437744140625 -0.110908508300781 -0.0284271240234375
-0.146804809570313 0.0660400390625 -0.073455810546875 0.00836944580078126
-0.106597900390625 0.114936828613281 -0.0389404296875 -0.00122833251953123
-0.111259460449219 0.107261657714844 -0.0129680633544922 -0.0328445434570312
-0.103256225585938 0.125648498535156 0.0198173522949219 -0.0415763854980469
-0.117843627929688 0.0821151733398437 0.0739898681640625 -0.0367050170898438
-0.160934448242188 0.0424957275390625 0.0949859619140625 -0.00856781005859375
-0.179458618164063 -0.00894165039062498 0.0746688842773437 0.05889892578125
-0.16162109375 -0.151016235351562 0.00261688232421874 0.0913619995117187
-0.104415893554688 -0.1937255859375 -0.0819473266601563 0.0419845581054688
-0.050506591796875 -0.238296508789063 -0.0948257446289062 -0.140335083007813
0.0149688720703125 -0.199630737304688 -0.175750732421875 -0.05419921875
-0.0222930908203125 -0.196807861328125 -0.173965454101562 -0.123214721679688
-0.125961303710937 -0.181427001953125 -0.149932861328125 -0.112380981445313
-0.157150268554687 -0.0738525390625 -0.129173278808594 -0.0668716430664062
-0.15362548828125 -0.0197601318359375 -0.0723648071289063 -0.048492431640625
-0.128753662109375 0.0556106567382813 -0.0350742340087891 -0.0316028594970703
-0.0989608764648438 0.097625732421875 -0.0104904174804688 -0.0527687072753906
-0.106315612792969 0.08978271484375 0.015594482421875 -0.0754165649414063
-0.105232238769531 0.103073120117188 0.0558929443359375 -0.0804519653320312
-0.115524291992188 0.0586166381835938 0.113128662109375 -0.0564727783203125
-0.149627685546875 0.015045166015625 0.12103271484375 -0.0132980346679687
-0.158187866210938 -0.0375823974609375 0.0838241577148437 0.0481643676757813
-0.120819091796875 -0.168655395507812 0.00634384155273437 0.0669937133789062
-0.048980712890625 -0.203903198242188 -0.0862350463867188 -0.00558471679687501
0.015777587890625 -0.216400146484375 -0.089263916015625 -0.20867919921875
0.0684585571289063 -0.127151489257813 -0.164505004882813 -0.097869873046875
0.022613525390625 -0.14337158203125 -0.172073364257813 -0.141098022460937
-0.0608291625976563 -0.134231567382813 -0.123176574707031 -0.107711791992188
-0.0925140380859375 -0.0595626831054688 -0.0971755981445312 -0.079833984375
-0.0930633544921875 -0.0287628173828125 -0.0417709350585938 -0.0644187927246094
-0.0909652709960937 0.0229644775390625 -0.00899887084960938 -0.0637626647949219
-0.0798797607421875 0.0587081909179687 0.0121688842773437 -0.0919189453125
-0.0855178833007813 0.057586669921875 0.042999267578125 -0.1053466796875
-0.0903854370117188 0.0695037841796875 0.0912094116210938 -0.107192993164063
-0.0933914184570312 0.0378875732421875 0.150314331054687 -0.0659942626953125
-0.11895751953125 0.00180053710937502 0.144989013671875 -0.0139007568359375
-0.122306823730469 -0.0429916381835937 0.0999298095703125 0.0354690551757813
-0.07891845703125 -0.153762817382813 0.0250244140625 0.0416030883789062
0.00131225585937499 -0.180328369140625 -0.0641555786132813 -0.0508346557617188
0.073394775390625 -0.161819458007813 -0.0593109130859375 -0.260910034179688
-0.109550476074219 0.0727157592773438 0.0527801513671875 0.266815185546875
-0.00518798828124999 0.106857299804688 0.0411224365234375 0.079437255859375
0.0604400634765625 0.0850143432617188 -0.0583724975585938 -0.0274467468261719
0.0840682983398437 0.02435302734375 -0.133293151855469 -0.0294723510742188
0.06622314453125 -0.00558090209960937 -0.167434692382812 0.00964355468749999
0.05059814453125 -0.0289497375488281 -0.1749267578125 0.0843505859375
0.0454330444335938 -0.0257720947265625 -0.109878540039063 0.146194458007813
0.0499267578125 -0.0115699768066406 -0.0589599609375 0.132293701171875
0.0509300231933594 -0.00600051879882813 -0.0197906494140625 0.110343933105469
0.0362663269042969 0.0169715881347656 -0.0014495849609375 0.0916671752929687
0.0283317565917969 0.0354957580566406 0.0403366088867188 0.0773162841796875
0.0183219909667969 0.0570945739746094 0.077972412109375 0.0881576538085938
-0.0253143310546875 0.077056884765625 0.095672607421875 0.118858337402344
-0.0666961669921875 0.0774765014648438 0.15325927734375 0.136322021484375
-0.126495361328125 0.0495681762695312 0.137054443359375 0.115760803222656
-0.131721496582031 -0.0237350463867187 0.00363159179687501 0.271224975585938
-0.0343341827392578 0.0321044921875 0.0010833740234375 0.0853347778320313
0.00824165344238281 0.0211925506591797 -0.0900421142578125 -0.0281753540039063
0.0295486450195313 -0.00694084167480469 -0.155471801757813 -0.0200042724609375
0.00706100463867188 -0.0187091827392578 -0.178298950195313 0.013641357421875
-0.00147914886474609 -0.00946140289306641 -0.182098388671875 0.090301513671875
0.00715732574462891 0.0164203643798828 -0.118804931640625 0.148529052734375
0.01092529296875 0.0319576263427734 -0.0672378540039062 0.128585815429688
0.0201377868652344 0.0490989685058594 -0.027313232421875 0.108154296875
-0.00355529785156249 0.0615043640136719 -0.001434326171875 0.08392333984375
-0.0330429077148438 0.0677261352539063 0.0418968200683594 0.0695648193359375
-0.059539794921875 0.0657196044921875 0.072021484375 0.0923919677734375
-0.101348876953125 0.02691650390625 0.071380615234375 0.119491577148438
-0.123985290527344 0.0113372802734375 0.111259460449219 0.131874084472656
-0.166549682617188 -0.0386505126953125 0.09039306640625 0.102119445800781
-0.13677978515625 -0.11895751953125 -0.047027587890625 0.240615844726563
-0.0586128234863281 -0.0560073852539062 -0.0401420593261719 0.0640792846679688
-0.0536041259765625 -0.0534553527832031 -0.121788024902344 -0.0448455810546875
-0.0400123596191406 -0.037841796875 -0.177536010742188 -0.0191192626953125
-0.060150146484375 -0.0272254943847656 -0.181198120117188 0.01513671875
-0.0573806762695313 0.0142936706542969 -0.173294067382813 0.0885467529296875
-0.0336875915527344 0.0586776733398438 -0.113204956054687 0.133377075195313
-0.0302658081054688 0.0718536376953125 -0.067047119140625 0.104423522949219
-0.0137176513671875 0.0960540771484375 -0.0288314819335938 0.084991455078125
-0.03924560546875 0.0951461791992187 0.0060882568359375 0.0591621398925781
-0.0832061767578125 0.0912933349609375 0.0493927001953125 0.04949951171875
-0.118522644042969 0.0730743408203125 0.0729751586914062 0.0878829956054688
-0.160568237304688 -0.01416015625 0.0516204833984375 0.119583129882812
-0.164398193359375 -0.046844482421875 0.05987548828125 0.123313903808594
-0.183624267578125 -0.117691040039063 0.0329093933105469 0.0630760192871093
-0.124801635742188 -0.196014404296875 -0.092437744140625 0.180801391601563
-0.0762557983398438 -0.138046264648438 -0.0800094604492188 0.0211639404296875
-0.117973327636719 -0.1224365234375 -0.148208618164063 -0.068817138671875
-0.114288330078125 -0.0610809326171875 -0.189163208007812 -0.0243377685546875
-0.12591552734375 -0.0260009765625 -0.171737670898437 0.010833740234375
-0.105117797851563 0.041412353515625 -0.147506713867188 0.077056884765625
-0.0687332153320312 0.0940704345703125 -0.0924530029296875 0.101104736328125
-0.0665969848632813 0.101097106933594 -0.0561065673828125 0.0656280517578125
-0.046173095703125 0.126930236816406 -0.0223503112792969 0.0474166870117188
-0.0702056884765625 0.110130310058594 0.0197601318359375 0.0244884490966797
-0.120552062988281 0.0960464477539063 0.0600967407226563 0.0244903564453125
-0.158554077148438 0.064910888671875 0.0753021240234375 0.0783004760742188
-0.192214965820313 -0.05517578125 0.0350112915039062 0.117027282714844
-0.175949096679688 -0.0998992919921875 0.00487518310546874 0.109718322753906
-0.17071533203125 -0.1800537109375 -0.0253620147705078 0.00791931152343749
-0.095916748046875 -0.238876342773437 -0.131141662597656 0.101478576660156
-0.081787109375 -0.196640014648438 -0.118721008300781 -0.0316314697265625
-0.1627197265625 -0.173141479492188 -0.163436889648438 -0.0911712646484375
-0.170166015625 -0.073272705078125 -0.183456420898437 -0.0352783203125
-0.171951293945312 -0.0174713134765625 -0.1461181640625 -0.00260925292968753
-0.135665893554688 0.064727783203125 -0.109748840332031 0.0494384765625
-0.0906448364257813 0.116409301757813 -0.065704345703125 0.0536727905273438
-0.0923690795898437 0.115837097167969 -0.03717041015625 0.0173492431640625
-0.07464599609375 0.138137817382813 -0.00608491897583008 0.00226163864135743
-0.0969009399414063 0.105964660644531 0.0425758361816406 -0.0108757019042969
-0.147018432617188 0.079742431640625 0.0757675170898437 0.00189971923828125
-0.178970336914063 0.0381927490234375 0.0778045654296875 0.0675506591796875
-0.19366455078125 -0.09991455078125 0.02081298828125 0.109367370605469
-0.15789794921875 -0.14984130859375 -0.0431289672851563 0.0866928100585937
-0.12774658203125 -0.221572875976562 -0.0731201171875 -0.058258056640625
-0.05303955078125 -0.239013671875 -0.15869140625 0.0200042724609375
-0.0682525634765625 -0.2159423828125 -0.152587890625 -0.0802459716796875
-0.171890258789063 -0.188430786132813 -0.165786743164063 -0.103530883789063
-0.187789916992187 -0.0719451904296875 -0.161575317382813 -0.0482940673828125
-0.182357788085938 -0.00965881347656247 -0.110244750976563 -0.0235061645507812
-0.141510009765625 0.0733642578125 -0.0691452026367188 0.00980758666992188
-0.0976638793945313 0.119613647460938 -0.0362319946289063 -0.00109481811523436
-0.103469848632812 0.113357543945313 -0.0134391784667969 -0.0325469970703125
-0.0930709838867188 0.13055419921875 0.0212440490722656 -0.0439453125
-0.112159729003906 0.0868148803710937 0.0749740600585938 -0.0417327880859375
-0.15631103515625 0.0514068603515625 0.097564697265625 -0.0130844116210937
-0.178497314453125 0.00189208984375004 0.0826187133789062 0.0567245483398437
-0.170089721679688 -0.141128540039063 0.012481689453125 0.0933074951171875
-0.115310668945312 -0.18646240234375 -0.0753097534179688 0.0492782592773438
-0.06610107421875 -0.2359619140625 -0.0990753173828125 -0.130210876464844
6.10351562500099E-05 -0.200424194335938 -0.17156982421875 -0.0483856201171875
-0.035888671875 -0.195083618164063 -0.174118041992187 -0.1148681640625
-0.139083862304687 -0.169891357421875 -0.153610229492188 -0.105865478515625
-0.160537719726563 -0.0616455078125 -0.130157470703125 -0.0608749389648438
-0.153076171875 -0.00798034667968751 -0.07293701171875 -0.0455703735351562
-0.12176513671875 0.0627593994140625 -0.0335750579833984 -0.0321140289306641
-0.0896835327148438 0.100555419921875 -0.0121078491210938 -0.0536422729492187
-0.0982513427734375 0.0948410034179688 0.0123748779296875 -0.0765457153320313
-0.0957107543945312 0.1083984375 0.0534439086914063 -0.0845718383789063
-0.109352111816406 0.0642471313476563 0.112457275390625 -0.064361572265625
-0.145172119140625 0.024505615234375 0.123016357421875 -0.0194320678710938
-0.157501220703125 -0.026763916015625 0.0904083251953125 0.0450897216796875
-0.130844116210938 -0.159164428710938 0.013702392578125 0.069183349609375
-0.0623016357421875 -0.19830322265625 -0.0828704833984375 0.00334930419921874
0.000503540039062478 -0.216415405273437 -0.0982513427734375 -0.198562622070312
0.0557403564453125 -0.131401062011719 -0.16473388671875 -0.091888427734375
0.01055908203125 -0.1427001953125 -0.174148559570313 -0.132705688476563
-0.0714569091796875 -0.126312255859375 -0.1278076171875 -0.10302734375
-0.0941314697265625 -0.0501785278320312 -0.100265502929687 -0.0759201049804688
-0.0924453735351563 -0.0201492309570312 -0.0455245971679688 -0.0632095336914063
-0.0864639282226563 0.0289459228515625 -0.011566162109375 -0.06463623046875
-0.0713119506835938 0.0618057250976562 0.00742340087890625 -0.09320068359375
-0.07830810546875 0.0615310668945313 0.0365219116210937 -0.108375549316406
-0.081756591796875 0.0741119384765625 0.0866851806640625 -0.113700866699219
-0.0870437622070313 0.0421676635742187 0.148117065429687 -0.0753631591796875
-0.114547729492188 0.00974273681640623 0.146194458007813 -0.0212554931640625
-0.121383666992188 -0.033172607421875 0.103904724121094 0.0321121215820313
-0.088836669921875 -0.1451416015625 0.0290718078613281 0.0432014465332031
-0.0115814208984375 -0.176681518554688 -0.0651779174804688 -0.0430870056152344
0.059295654296875 -0.165115356445313 -0.0727386474609375 -0.253280639648438
-0.0963897705078125 0.0789718627929687 0.0723114013671875 0.254562377929688
0.00524139404296874 0.101730346679687 0.045928955078125 0.071197509765625
0.0655059814453125 0.0742263793945313 -0.0584945678710937 -0.0252799987792969
0.0821685791015625 0.0137405395507813 -0.133186340332031 -0.0211639404296875
0.0617485046386719 -0.0126953125 -0.164413452148438 0.020538330078125
0.0431747436523438 -0.0312461853027344 -0.166702270507813 0.0961151123046875
0.0385284423828125 -0.0262641906738281 -0.0968475341796875 0.15203857421875
0.0448875427246094 -0.0141983032226563 -0.0470199584960938 0.134910583496094
0.0468482971191406 -0.00831222534179688 -0.0104827880859375 0.111831665039062
0.0333290100097656 0.0146255493164063 0.006256103515625 0.0928497314453125
0.027801513671875 0.0309925079345703 0.046539306640625 0.0753936767578125
0.0219612121582031 0.0512046813964844 0.0835418701171875 0.082977294921875
-0.016998291015625 0.0742568969726563 0.101127624511719 0.112869262695312
-0.055816650390625 0.0783538818359375 0.158615112304688 0.12481689453125
-0.114639282226563 0.0583877563476562 0.142684936523438 0.107620239257812
-0.125595092773438 -0.0144424438476562 0.02630615234375 0.262130737304688
-0.0283317565917969 0.0294418334960938 0.00885772705078124 0.0795516967773438
0.00991725921630859 0.0146341323852539 -0.0900039672851563 -0.0232772827148437
0.0257091522216797 -0.0131340026855469 -0.153411865234375 -0.00997924804687499
0.00189208984375 -0.0208911895751953 -0.174072265625 0.024688720703125
-0.00650882720947266 -0.00829458236694336 -0.172637939453125 0.10150146484375
0.00433540344238281 0.0174350738525391 -0.104782104492187 0.15478515625
0.0102367401123047 0.031951904296875 -0.0553741455078125 0.131820678710938
0.0207633972167969 0.0473213195800781 -0.0168228149414062 0.109535217285156
-0.00209426879882813 0.0608253479003906 0.00631713867187499 0.0848312377929687
-0.0302848815917969 0.0672950744628906 0.0484695434570313 0.0666427612304688
-0.0537872314453125 0.0662040710449219 0.079620361328125 0.0875778198242188
-0.0955734252929688 0.0311660766601562 0.079132080078125 0.115753173828125
-0.117515563964844 0.017791748046875 0.119758605957031 0.123908996582031
-0.161270141601563 -0.0258636474609375 0.0972976684570312 0.0975570678710938
-0.139625549316406 -0.107612609863281 -0.02276611328125 0.236557006835938
-0.0587539672851563 -0.0542144775390625 -0.0306358337402344 0.061920166015625
-0.0560722351074219 -0.0526885986328125 -0.121574401855469 -0.0366668701171875
-0.0438003540039062 -0.03875732421875 -0.173553466796875 -0.00746154785156248
-0.0648269653320313 -0.0240516662597656 -0.176406860351563 0.0258941650390625
-0.0589599609375 0.0184860229492187 -0.162811279296875 0.0985107421875
-0.0321846008300781 0.0604515075683594 -0.09967041015625 0.138137817382812
-0.0268096923828125 0.0736007690429688 -0.0563812255859375 0.107589721679688
-0.0077667236328125 0.0956954956054688 -0.0185394287109375 0.0865478515625
-0.0337905883789063 0.0960159301757813 0.012603759765625 0.0590400695800781
-0.0767440795898438 0.0943069458007813 0.0554962158203125 0.0464630126953125
-0.112022399902344 0.0785293579101563 0.0818099975585938 0.0831451416015625
-0.157806396484375 -0.00408935546874997 0.0612716674804688 0.116706848144531
-0.1614990234375 -0.0365447998046875 0.0704879760742188 0.119140625
-0.185897827148438 -0.102783203125 0.0398178100585937 0.0641517639160156
-0.134567260742188 -0.184188842773438 -0.070343017578125 0.180587768554688
-0.08380126953125 -0.133918762207031 -0.0713882446289063 0.0230636596679687
-0.124961853027344 -0.114990234375 -0.14862060546875 -0.057708740234375
-0.117355346679687 -0.054962158203125 -0.185073852539063 -0.0126800537109375
-0.128150939941406 -0.0166473388671875 -0.166122436523437 0.020599365234375
-0.102989196777344 0.0481948852539062 -0.137397766113281 0.0850753784179688
-0.062408447265625 0.09716796875 -0.0818099975585938 0.104644775390625
-0.0597991943359375 0.105545043945312 -0.048553466796875 0.0681648254394531
-0.0366973876953125 0.128501892089844 -0.0151596069335938 0.04803466796875
-0.0632705688476562 0.113105773925781 0.0242862701416016 0.0233230590820313
-0.113166809082031 0.102378845214844 0.0639076232910156 0.0204200744628906
-0.151519775390625 0.0746002197265625 0.0843048095703125 0.0730743408203125
-0.192855834960938 -0.0419158935546875 0.0462570190429687 0.114814758300781
-0.178359985351563 -0.0876312255859375 0.0168533325195312 0.110153198242188
-0.179779052734375 -0.165725708007813 -0.0208663940429688 0.0141391754150391
-0.112136840820313 -0.227752685546875 -0.113410949707031 0.105140686035156
-0.094024658203125 -0.189422607421875 -0.112770080566406 -0.0264968872070313
-0.17388916015625 -0.157974243164062 -0.165023803710938 -0.0784454345703125
-0.172439575195312 -0.0608367919921875 -0.179977416992188 -0.0234222412109375
-0.1712646484375 -0.00347900390625 -0.141845703125 0.0060577392578125
-0.129753112792969 0.0734634399414062 -0.101394653320313 0.053985595703125
-0.0805206298828125 0.120033264160156 -0.0579719543457031 0.055877685546875
-0.0828399658203125 0.121322631835937 -0.0336780548095703 0.0195198059082031
-0.062774658203125 0.141311645507813 -0.00244808197021485 0.00162744522094727
-0.0882492065429687 0.110305786132813 0.0440902709960937 -0.0143280029296875
-0.138427734375 0.0891342163085937 0.0779876708984375 -0.00321197509765624
-0.17303466796875 0.051025390625 0.0857315063476562 0.061431884765625
-0.198471069335938 -0.0853729248046875 0.032684326171875 0.107551574707031
-0.165603637695312 -0.136825561523438 -0.03253173828125 0.0909576416015625
-0.1424560546875 -0.208908081054688 -0.0720596313476563 -0.0482559204101563
-0.0723876953125 -0.231430053710938 -0.14691162109375 0.02764892578125
-0.0839080810546875 -0.207870483398438 -0.149520874023438 -0.0711669921875
-0.184539794921875 -0.170654296875 -0.167724609375 -0.089691162109375
-0.1888427734375 -0.056793212890625 -0.159194946289063 -0.0379638671875
-0.179977416992188 0.00537109375000003 -0.107986450195313 -0.0169754028320312
-0.133132934570313 0.08245849609375 -0.0639877319335938 0.0120201110839844
-0.085693359375 0.122940063476563 -0.0337848663330078 7.05718994140704E-05
-0.0919570922851563 0.11895751953125 -0.0142383575439453 -0.0312519073486328
-0.0804595947265625 0.134666442871094 0.0202674865722656 -0.0461387634277344
-0.103675842285156 0.0927047729492188 0.0736923217773437 -0.04791259765625
-0.1485595703125 0.0619049072265625 0.0984954833984375 -0.0196380615234375
-0.174392700195313 0.015533447265625 0.0899124145507812 0.0507049560546875
-0.178787231445313 -0.125274658203125 0.0225982666015625 0.0924072265625
-0.128189086914062 -0.174453735351563 -0.0666465759277344 0.0565757751464844
-0.084564208984375 -0.227249145507812 -0.104057312011719 -0.116958618164063
-0.0192718505859375 -0.196517944335938 -0.165512084960938 -0.0383148193359375
-0.052032470703125 -0.188232421875 -0.173385620117188 -0.103286743164062
-0.15081787109375 -0.153076171875 -0.15667724609375 -0.0935516357421875
-0.160720825195313 -0.0469207763671875 -0.129867553710938 -0.0524063110351563
-0.150115966796875 0.00572204589843747 -0.0733795166015625 -0.0409469604492188
-0.113067626953125 0.0703887939453125 -0.033294677734375 -0.0312156677246094
-0.0781707763671875 0.104072570800781 -0.0143051147460938 -0.0532913208007812
-0.086822509765625 0.0999679565429688 0.0066070556640625 -0.0762710571289063
-0.0832138061523438 0.113166809082031 0.0481796264648437 -0.0883407592773437
-0.101638793945313 0.0693283081054688 0.109085083007812 -0.072479248046875
-0.138458251953125 0.0349578857421875 0.122604370117187 -0.0282516479492187
-0.1552734375 -0.0135345458984375 0.0959091186523437 0.0394439697265625
-0.141250610351563 -0.145309448242187 0.0214881896972656 0.06951904296875
-0.07763671875 -0.189193725585938 -0.0783538818359375 0.0119476318359375
-0.0182952880859375 -0.212844848632813 -0.1092529296875 -0.184539794921875
0.0407943725585938 -0.131927490234375 -0.164764404296875 -0.0819549560546875
-0.003692626953125 -0.139457702636719 -0.177001953125 -0.120132446289063
-0.0819549560546875 -0.114852905273438 -0.132270812988281 -0.09356689453125
-0.0951461791992188 -0.0391845703125 -0.102981567382813 -0.0687637329101562
-0.0908660888671875 -0.0100936889648438 -0.0488357543945313 -0.0605201721191406
-0.07977294921875 0.0347061157226563 -0.0145416259765625 -0.0644569396972656
-0.0620956420898437 0.0642852783203125 0.000946044921875001 -0.0935897827148438
-0.0688209533691406 0.0654830932617187 0.0270843505859375 -0.108833312988281
-0.0715408325195312 0.0779571533203125 0.0772247314453125 -0.119346618652344
-0.0793380737304687 0.0465240478515625 0.142288208007813 -0.0863189697265625
-0.107650756835938 0.0187530517578125 0.1448974609375 -0.0308837890625
-0.119155883789062 -0.0216827392578125 0.10693359375 0.0258636474609375
-0.0986480712890625 -0.132774353027344 0.033843994140625 0.0425186157226562
-0.02679443359375 -0.169830322265625 -0.0658035278320313 -0.0342483520507813
0.04241943359375 -0.165390014648438 -0.089080810546875 -0.23895263671875
-0.0811080932617188 0.0813217163085937 0.087310791015625 0.23443603515625
0.013275146484375 0.0925979614257813 0.0478630065917969 0.0619239807128906
0.0672149658203125 0.0614967346191406 -0.0572547912597656 -0.0220413208007812
0.076324462890625 0.00391387939453125 -0.129165649414063 -0.0118865966796875
0.0541648864746094 -0.0177993774414063 -0.156845092773437 0.0304107666015625
0.0356636047363281 -0.0314140319824219 -0.154205322265625 0.10467529296875
0.0319309234619141 -0.0257225036621094 -0.0817718505859375 0.152740478515625
0.0399665832519531 -0.0154609680175781 -0.033966064453125 0.132408142089844
0.0414543151855469 -0.0101585388183594 -0.0005950927734375 0.109176635742188
0.0302677154541016 0.0118637084960937 0.0129852294921875 0.0902557373046875
0.0262908935546875 0.0265579223632813 0.0511016845703125 0.0697402954101562
0.0237045288085938 0.0444908142089844 0.0858612060546875 0.0756072998046875
-0.00876998901367188 0.0688209533691406 0.103569030761719 0.104011535644531
-0.0452804565429687 0.0759429931640625 0.160018920898438 0.110458374023438
-0.100852966308594 0.0635910034179687 0.143768310546875 0.0970306396484375
-0.116134643554688 -0.00598907470703127 0.046234130859375 0.244125366210938
-0.0233268737792969 0.0257453918457031 0.0152664184570313 0.0716476440429688
0.0100679397583008 0.00863170623779297 -0.0865020751953125 -0.0178451538085938
0.0208892822265625 -0.0180797576904297 -0.146591186523438 -0.000915527343750011
-0.00302696228027344 -0.0214023590087891 -0.164581298828125 0.034515380859375
-0.0103025436401367 -0.00661182403564453 -0.157882690429688 0.108810424804687
0.001922607421875 0.0183486938476563 -0.087890625 0.1551513671875
0.00928878784179687 0.0310287475585937 -0.0420913696289063 0.129463195800781
0.021026611328125 0.0445327758789063 -0.00530242919921874 0.106742858886719
4.57763671875034E-05 0.0583419799804688 0.013916015625 0.082275390625
-0.026336669921875 0.0651397705078125 0.0527000427246094 0.0617218017578125
-0.0473594665527344 0.0645217895507813 0.0839080810546875 0.0792160034179687
-0.0877914428710938 0.0336380004882812 0.0843429565429688 0.108085632324219
-0.108375549316406 0.0226364135742187 0.124259948730469 0.112152099609375
-0.152481079101563 -0.013885498046875 0.101737976074219 0.0894241333007813
-0.137016296386719 -0.09442138671875 -0.000366210937500001 0.223388671875
-0.0578041076660156 -0.051666259765625 -0.0224647521972656 0.0567474365234375
-0.0581817626953125 -0.0505523681640625 -0.11688232421875 -0.0279998779296875
-0.0465202331542969 -0.0373802185058594 -0.164657592773438 0.002288818359375
-0.0663566589355469 -0.0194015502929688 -0.165557861328125 0.0350189208984375
-0.0580978393554688 0.0224494934082031 -0.147354125976562 0.104248046875
-0.0287132263183594 0.060760498046875 -0.08367919921875 0.138351440429688
-0.0225982666015625 0.0737152099609375 -0.0441970825195313 0.106544494628906
-0.0021514892578125 0.0926513671875 -0.00877380371093749 0.0845260620117188
-0.0275650024414063 0.094146728515625 0.0187568664550781 0.056427001953125
-0.0686569213867187 0.094512939453125 0.0579452514648437 0.0409507751464844
-0.101799011230469 0.0811767578125 0.0864410400390625 0.0742721557617188
-0.150299072265625 0.00450134277343751 0.069183349609375 0.110000610351563
-0.154510498046875 -0.0254974365234375 0.0782852172851562 0.111045837402344
-0.1827392578125 -0.0856475830078125 0.0454940795898437 0.0619735717773438
-0.139541625976563 -0.166839599609375 -0.048187255859375 0.172805786132813
-0.0878372192382813 -0.124969482421875 -0.0617942810058594 0.0224647521972656
-0.128738403320313 -0.102653503417969 -0.143478393554687 -0.0458221435546875
-0.117790222167969 -0.0467071533203125 -0.175125122070312 -0.00105285644531251
-0.12567138671875 -0.00696563720703123 -0.155502319335938 0.029693603515625
-0.0968399047851563 0.0541000366210938 -0.123458862304688 0.0878982543945312
-0.0540695190429688 0.0979766845703125 -0.0684127807617187 0.104583740234375
-0.05047607421875 0.106040954589844 -0.0391082763671875 0.0683822631835937
-0.02606201171875 0.125762939453125 -0.00841903686523438 0.0462760925292969
-0.0539321899414062 0.112571716308594 0.0271339416503906 0.0206985473632813
-0.101905822753906 0.10504150390625 0.0654792785644531 0.0154991149902344
-0.139762878417969 0.0812911987304688 0.0896377563476562 0.0647430419921875
-0.187728881835937 -0.0280609130859375 0.0551071166992187 0.108573913574219
-0.1754150390625 -0.0732574462890625 0.0273513793945313 0.106033325195313
-0.18267822265625 -0.146560668945313 -0.01568603515625 0.0179786682128906
-0.12335205078125 -0.209930419921875 -0.09423828125 0.104286193847656
-0.103515625 -0.176010131835938 -0.103828430175781 -0.0214691162109375
-0.178253173828125 -0.138397216796875 -0.1605224609375 -0.0632171630859375
-0.16973876953125 -0.0471954345703125 -0.171127319335938 -0.0118560791015625
-0.16522216796875 0.00933837890625001 -0.133384704589844 0.0136032104492188
-0.119606018066406 0.0790252685546875 -0.0908966064453125 0.0559463500976563
-0.0694198608398438 0.1207275390625 -0.0488243103027344 0.0558586120605469
-0.0701446533203125 0.122169494628906 -0.0291576385498047 0.0207309722900391
-0.0489425659179688 0.139595031738281 0.000755369663238522 0.000559687614440927
-0.0773086547851563 0.111824035644531 0.0434837341308594 -0.0177116394042969
-0.126449584960938 0.0947418212890625 0.07733154296875 -0.00833892822265624
-0.1614990234375 0.0609130859375 0.0911636352539062 0.0531005859375
-0.196975708007813 -0.0678863525390625 0.0419158935546875 0.102119445800781
-0.16748046875 -0.119903564453125 -0.0204010009765625 0.0905380249023437
-0.15191650390625 -0.190536499023438 -0.0687026977539063 -0.0377044677734375
-0.08734130859375 -0.215682983398438 -0.132583618164063 0.0322265625
-0.096099853515625 -0.192916870117188 -0.142532348632813 -0.0610504150390625
-0.18975830078125 -0.147537231445313 -0.164535522460938 -0.074615478515625
-0.184036254882813 -0.0400848388671875 -0.152313232421875 -0.0263519287109375
-0.170791625976563 0.019500732421875 -0.102378845214844 -0.0102081298828125
-0.120391845703125 0.0876235961914063 -0.0576515197753906 0.0132942199707031
-0.0724258422851563 0.122589111328125 -0.0305919647216797 0.000349044799804692
-0.07891845703125 0.12109375 -0.0144062042236328 -0.0287723541259766
-0.0655593872070313 0.133888244628906 0.0177726745605469 -0.0468025207519531
-0.0925445556640625 0.0953903198242188 0.0694694519042969 -0.0524711608886719
-0.136871337890625 0.069122314453125 0.0959625244140625 -0.026153564453125
-0.165054321289063 0.028228759765625 0.0931854248046875 0.0426177978515625
-0.180419921875 -0.106338500976562 0.0309906005859375 0.0877838134765625
-0.134933471679687 -0.15765380859375 -0.0558204650878906 0.0612640380859375
-0.09881591796875 -0.211471557617188 -0.104248046875 -0.101463317871094
-0.0355682373046875 -0.18548583984375 -0.156158447265625 -0.0297698974609375
-0.0655670166015625 -0.175506591796875 -0.16876220703125 -0.0894927978515625
-0.15673828125 -0.132095336914063 -0.153854370117188 -0.0787200927734375
-0.155624389648438 -0.031890869140625 -0.126029968261719 -0.042144775390625
-0.141357421875 0.0182952880859375 -0.0724105834960938 -0.0353469848632812
-0.101234436035156 0.0754547119140625 -0.0323200225830078 -0.0300846099853516
-0.0650863647460938 0.103569030761719 -0.0161323547363281 -0.0514678955078125
-0.0742034912109375 0.101547241210938 0.00173187255859374 -0.0732040405273438
-0.0690536499023437 0.112747192382813 0.0407562255859375 -0.089447021484375
-0.090850830078125 0.0721664428710938 0.100730895996094 -0.0788803100585938
-0.127388000488281 0.0428543090820312 0.117706298828125 -0.035858154296875
-0.147506713867188 -0.000396728515624998 0.0973587036132812 0.031219482421875
-0.145919799804688 -0.1260986328125 0.0279541015625 0.0658721923828125
-0.0884857177734375 -0.172576904296875 -0.0712509155273438 0.019134521484375
-0.035797119140625 -0.201431274414063 -0.115585327148438 -0.164398193359375
0.0253372192382813 -0.127944946289063 -0.160537719726563 -0.0704193115234375
-0.016845703125 -0.130836486816406 -0.174514770507813 -0.104888916015625
-0.0878524780273438 -0.0996475219726563 -0.131370544433594 -0.0813522338867188
-0.09185791015625 -0.0281524658203125 -0.102249145507813 -0.0604324340820313
-0.0851821899414063 -0.000991821289062501 -0.0506782531738281 -0.0555000305175781
-0.0711135864257813 0.0391159057617187 -0.0174522399902344 -0.0627365112304688
-0.0517082214355469 0.0639419555664063 -0.00547027587890626 -0.0901107788085938
-0.0585250854492188 0.0660934448242188 0.018218994140625 -0.105789184570313
-0.0593414306640625 0.0777816772460937 0.065460205078125 -0.121101379394531
-0.0706558227539062 0.0487899780273438 0.130844116210938 -0.0940322875976563
-0.0985565185546875 0.0257797241210938 0.13824462890625 -0.038482666015625
-0.113105773925781 -0.0103607177734375 0.106468200683594 0.018157958984375
-0.104286193847656 -0.11614990234375 0.0366973876953125 0.0404243469238281
-0.039520263671875 -0.157012939453125 -0.0637969970703125 -0.0249824523925781
0.0248260498046875 -0.160110473632812 -0.10211181640625 -0.21868896484375
-0.0673599243164063 0.078643798828125 0.0926055908203125 0.2138671875
0.0183181762695312 0.0828933715820313 0.0467453002929688 0.0541343688964844
0.0649948120117188 0.0508079528808594 -0.0546379089355469 -0.0207977294921875
0.0690422058105469 -0.0023345947265625 -0.122047424316406 -0.00671386718749998
0.047119140625 -0.0198173522949219 -0.147018432617187 0.0347900390625
0.0286617279052734 -0.0292987823486328 -0.141754150390625 0.1064453125
0.0261573791503906 -0.0234527587890625 -0.0693817138671875 0.14825439453125
0.0348243713378906 -0.0151309967041016 -0.025299072265625 0.125968933105469
0.0368804931640625 -0.0110206604003906 0.00559234619140625 0.103866577148437
0.0275669097900391 0.0109977722167969 0.0175323486328125 0.0856094360351563
0.0231513977050781 0.0228519439697266 0.0518341064453125 0.0644035339355469
0.0230560302734375 0.0381050109863281 0.0846481323242188 0.0686798095703125
-0.00398635864257812 0.0619773864746094 0.102005004882813 0.0960922241210937
-0.0371017456054687 0.071441650390625 0.155609130859375 0.09820556640625
-0.0880355834960937 0.0631637573242188 0.13970947265625 0.0877456665039063
-0.105300903320313 -0.00222778320312501 0.056121826171875 0.223648071289063
-0.0193347930908203 0.0216407775878906 0.0177116394042969 0.0641403198242188
0.0087118148803711 0.00391483306884766 -0.0810470581054688 -0.0145492553710937
0.015716552734375 -0.0208377838134766 -0.137168884277344 0.00411224365234372
-0.00713729858398438 -0.0206546783447266 -0.153305053710937 0.038238525390625
-0.0130529403686523 -0.0037832260131836 -0.14404296875 0.109619140625
0.000572204589843749 0.0195350646972656 -0.074798583984375 0.149795532226563
0.00830459594726563 0.0305957794189453 -0.0315628051757813 0.123321533203125
0.0200996398925781 0.0422592163085938 0.00200653076171875 0.100791931152344
0.000507354736328121 0.0554122924804687 0.0182647705078125 0.078094482421875
-0.0243759155273438 0.0616188049316406 0.0537796020507813 0.0563583374023438
-0.0424461364746094 0.0611114501953125 0.084503173828125 0.072296142578125
-0.0804901123046875 0.0332107543945313 0.0855560302734375 0.100700378417969
-0.0988540649414062 0.0235824584960938 0.122962951660156 0.101432800292969
-0.14141845703125 -0.00738525390625 0.101417541503906 0.0834884643554688
-0.129737854003906 -0.0838394165039063 0.0133209228515625 0.205673217773438
-0.0559158325195312 -0.0500373840332031 -0.0166015625 0.0512046813964844
-0.0584259033203125 -0.0478286743164063 -0.109893798828125 -0.0217132568359375
-0.0476493835449219 -0.0357322692871094 -0.153884887695313 0.00746154785156252
-0.0664329528808594 -0.0153694152832031 -0.153411865234375 0.038604736328125
-0.0562210083007813 0.0248031616210937 -0.1337890625 0.104080200195312
-0.0263175964355469 0.0609359741210938 -0.070556640625 0.133804321289063
-0.0193023681640625 0.072235107421875 -0.0346832275390625 0.102127075195313
0.000755310058593746 0.0882720947265625 -0.00164794921875 0.0795822143554688
-0.0235824584960938 0.0903244018554688 0.022186279296875 0.0528450012207031
-0.0620498657226563 0.0919036865234375 0.0586624145507813 0.0363273620605469
-0.0929031372070312 0.0801239013671875 0.088043212890625 0.0674896240234375
-0.1414794921875 0.00927734374999999 0.0718231201171875 0.102928161621094
-0.145660400390625 -0.019317626953125 0.0809860229492187 0.102394104003906
-0.173980712890625 -0.073455810546875 0.0481071472167969 0.0591583251953125
-0.137832641601562 -0.151275634765625 -0.032928466796875 0.160247802734375
-0.0878524780273437 -0.116363525390625 -0.0542755126953125 0.0194435119628906
-0.1268310546875 -0.0927963256835938 -0.135108947753906 -0.0371780395507812
-0.114372253417969 -0.0408706665039063 -0.16363525390625 0.00492858886718749
-0.120414733886719 -0.000640869140625015 -0.144073486328125 0.032501220703125
-0.0906906127929688 0.0557098388671875 -0.110595703125 0.0865554809570312
-0.04736328125 0.095306396484375 -0.0577468872070313 0.100341796875
-0.0433425903320313 0.103691101074219 -0.0316505432128906 0.0660247802734375
-0.0193405151367187 0.120468139648438 -0.00305938720703125 0.0436172485351563
-0.0471038818359375 0.108421325683594 0.0286903381347656 0.0181903839111328
-0.0925521850585937 0.104217529296875 0.0645027160644531 0.0119094848632813
-0.128288269042969 0.0821685791015625 0.0904464721679688 0.057464599609375
-0.178543090820313 -0.018707275390625 0.059112548828125 0.101585388183594
-0.168075561523438 -0.0621795654296875 0.0337295532226562 0.100006103515625
-0.178009033203125 -0.130630493164063 -0.0106277465820313 0.020599365234375
-0.125457763671875 -0.191848754882812 -0.0788192749023438 0.0971527099609375
-0.105255126953125 -0.162918090820313 -0.0950241088867188 -0.0193405151367188
-0.174758911132813 -0.122314453125 -0.151229858398438 -0.05328369140625
-0.16241455078125 -0.037628173828125 -0.15936279296875 -0.00529479980468752
-0.155960083007813 0.017120361328125 -0.123687744140625 0.0169143676757812
-0.109474182128906 0.0801239013671875 -0.0813674926757812 0.0541305541992188
-0.0604248046875 0.1165771484375 -0.0418853759765625 0.0529441833496094
-0.0606002807617187 0.119598388671875 -0.0245018005371094 0.0206451416015625
-0.0396499633789063 0.133834838867188 0.00262618064880371 -0.000112056732177726
-0.0689849853515625 0.108795166015625 0.0422821044921875 -0.0194358825683594
-0.115165710449219 0.0948333740234375 0.0744781494140625 -0.0118331909179687
-0.149200439453125 0.064666748046875 0.0915374755859375 0.0461349487304688
-0.189910888671875 -0.05511474609375 0.046722412109375 0.095489501953125
-0.163375854492187 -0.106170654296875 -0.011383056640625 0.0883407592773438
-0.15283203125 -0.173095703125 -0.0636329650878906 -0.0297622680664063
-0.09381103515625 -0.197952270507813 -0.118019104003906 0.0313796997070312
-0.100677490234375 -0.178131103515625 -0.132354736328125 -0.055419921875
-0.1859130859375 -0.128997802734375 -0.1551513671875 -0.063018798828125
-0.174545288085938 -0.0293731689453125 -0.142257690429688 -0.019866943359375
-0.159698486328125 0.027618408203125 -0.0960922241210938 -0.00689697265625
-0.108871459960938 0.0878829956054688 -0.0519866943359375 0.0119705200195313
-0.0619735717773437 0.118484497070313 -0.0271949768066406 -0.000326156616210927
-0.0679473876953125 0.117561340332031 -0.0135059356689453 -0.02740478515625
-0.0540924072265625 0.128585815429688 0.0156288146972656 -0.0457992553710937
-0.08294677734375 0.093597412109375 0.0644149780273438 -0.0541419982910156
-0.12530517578125 0.0711517333984375 0.0912246704101562 -0.0293045043945312
-0.153076171875 0.0339202880859375 0.0927200317382812 0.035675048828125
-0.176055908203125 -0.0909576416015625 0.0358047485351562 0.0827789306640625
-0.134719848632813 -0.142257690429688 -0.0465469360351563 0.0618095397949219
-0.104583740234375 -0.195159912109375 -0.0992965698242188 -0.0879592895507813
-0.045318603515625 -0.1719970703125 -0.144744873046875 -0.025238037109375
-0.0713348388671875 -0.16107177734375 -0.158447265625 -0.080230712890625
-0.154083251953125 -0.113754272460938 -0.145675659179687 -0.06732177734375
-0.146697998046875 -0.021087646484375 -0.119499206542969 -0.0355224609375
-0.130538940429688 0.0247116088867188 -0.0687637329101563 -0.0314369201660156
-0.0908737182617188 0.0752029418945312 -0.0301780700683594 -0.029815673828125
-0.0549697875976563 0.0993270874023438 -0.0172233581542969 -0.0499114990234375
-0.0633087158203125 0.0987472534179688 -0.00120925903320314 -0.0690078735351563
-0.0580368041992188 0.107696533203125 0.0344314575195312 -0.0872802734375
-0.0811080932617188 0.0715408325195313 0.0924453735351563 -0.0800094604492188
-0.116340637207031 0.0453033447265625 0.111808776855469 -0.039459228515625
-0.137725830078125 0.00753021240234376 0.0963134765625 0.0261154174804688
-0.143814086914062 -0.11053466796875 0.0312957763671875 0.0620613098144531
-0.0921478271484375 -0.156982421875 -0.0633125305175781 0.0235061645507813
-0.045562744140625 -0.187637329101563 -0.113815307617188 -0.147018432617188
0.0144805908203125 -0.11981201171875 -0.152114868164063 -0.0634918212890625
-0.0241241455078125 -0.120834350585938 -0.166366577148438 -0.0932159423828125
-0.0880661010742188 -0.0864486694335937 -0.125999450683594 -0.0718612670898438
-0.08612060546875 -0.0204086303710937 -0.09881591796875 -0.0537567138671875
-0.0786819458007813 0.00397491455078125 -0.0495758056640625 -0.0510520935058594
-0.0632514953613281 0.0397224426269531 -0.0187835693359375 -0.06060791015625
-0.0436553955078125 0.0611000061035156 -0.00952911376953126 -0.0859375
-0.0500030517578125 0.0641403198242188 0.0123291015625 -0.1002197265625
-0.0501174926757812 0.0746383666992188 0.055938720703125 -0.117202758789062
-0.0623435974121094 0.0473899841308594 0.119827270507813 -0.095184326171875
-0.0888748168945313 0.0277252197265625 0.130805969238281 -0.0429534912109375
-0.103874206542969 -0.00347900390624999 0.103874206542969 0.0131378173828125
-0.103248596191406 -0.101264953613281 0.0382194519042969 0.0382194519042969
-0.0459136962890625 -0.143325805664062 -0.0590972900390625 -0.0178260803222656
0.0136871337890625 -0.150039672851563 -0.103988647460938 -0.19775390625
-0.0582504272460938 0.073699951171875 0.09197998046875 0.198699951171875
0.0186080932617188 0.0757904052734375 0.0445823669433594 0.0495071411132813
0.0612220764160156 0.0438728332519531 -0.0519828796386719 -0.0206184387207031
0.0623283386230469 -0.00580596923828125 -0.115509033203125 -0.00582885742187499
0.0418357849121094 -0.0200233459472656 -0.138908386230469 0.0339431762695313
0.0249366760253906 -0.0268516540527344 -0.133346557617188 0.104270935058594
0.0232715606689453 -0.0201301574707031 -0.06201171875 0.142562866210937
0.0308742523193359 -0.0141582489013672 -0.0211257934570312 0.120323181152344
0.0332794189453125 -0.00961685180664062 0.00869750976562499 0.0986099243164063
0.0241413116455078 0.0106105804443359 0.0191116333007813 0.0827865600585938
0.0202808380126953 0.0211963653564453 0.0507965087890625 0.0609283447265625
0.0213108062744141 0.0338401794433594 0.0821685791015625 0.0648727416992187
-0.00194931030273437 0.0567588806152344 0.0989837646484375 0.09228515625
-0.0320053100585938 0.0655097961425781 0.14886474609375 0.0923004150390625
-0.078765869140625 0.0609512329101562 0.134307861328125 0.0837554931640625
-0.0961685180664062 -0.00170898437500001 0.0593109130859375 0.20751953125
-0.0173397064208984 0.017542839050293 0.018798828125 0.0584449768066406
0.00670099258422852 0.000229835510253906 -0.076171875 -0.0142440795898437
0.0115737915039062 -0.0225620269775391 -0.129501342773438 0.00431823730468749
-0.0103359222412109 -0.0198745727539063 -0.14501953125 0.0363311767578125
-0.0152215957641602 -0.00182247161865235 -0.135147094726563 0.106582641601562
-0.000564575195312499 0.0204677581787109 -0.0666961669921875 0.143508911132813
0.00698089599609375 0.0302314758300781 -0.0268707275390625 0.117462158203125
0.0185890197753906 0.0409088134765625 0.00537109375 0.0958480834960937
-0.000530242919921874 0.0533638000488281 0.020111083984375 0.07440185546875
-0.0240287780761719 0.0593070983886719 0.0528678894042969 0.0529861450195313
-0.0406646728515625 0.0569381713867187 0.0829620361328125 0.0682907104492188
-0.0754547119140625 0.03076171875 0.083465576171875 0.09661865234375
-0.0919036865234375 0.0215988159179688 0.119529724121094 0.095245361328125
-0.131477355957031 -0.00510406494140626 0.0990219116210937 0.0800018310546875
-0.121345520019531 -0.0782546997070312 0.0194549560546875 0.190444946289063
-0.0529289245605469 -0.0496101379394531 -0.0126457214355469 0.0453529357910156
-0.0569915771484375 -0.0465812683105469 -0.102684020996094 -0.02020263671875
-0.0492210388183594 -0.0352058410644531 -0.144485473632813 0.00747680664062497
-0.0654182434082031 -0.0134429931640625 -0.145156860351563 0.0363922119140625
-0.0543632507324219 0.0256462097167969 -0.124359130859375 0.0995712280273438
-0.0250663757324219 0.059783935546875 -0.0631103515625 0.127517700195313
-0.0182418823242188 0.0706024169921875 -0.0294647216796875 0.0971527099609375
0.001739501953125 0.0841827392578125 0.00189208984375 0.07550048828125
-0.0222244262695313 0.086883544921875 0.0236282348632813 0.0505447387695313
-0.0588607788085937 0.0886001586914063 0.057708740234375 0.0339889526367188
-0.086944580078125 0.0758514404296875 0.0873184204101563 0.0628662109375
-0.13421630859375 0.0098114013671875 0.0717544555664062 0.0981521606445313
-0.137619018554687 -0.0177078247070313 0.0807113647460937 0.096954345703125
-0.165283203125 -0.0668182373046875 0.0492439270019531 0.0573997497558594
-0.131851196289063 -0.1417236328125 -0.02423095703125 0.147506713867188
-0.0851974487304688 -0.11212158203125 -0.0482139587402344 0.0161018371582031
-0.122909545898437 -0.0873794555664063 -0.126632690429688 -0.0338211059570313
-0.110992431640625 -0.038055419921875 -0.152801513671875 0.0057220458984375
-0.115959167480469 0.00167083740234373 -0.136161804199219 0.0311355590820313
-0.0864410400390625 0.0548629760742187 -0.102508544921875 0.081787109375
-0.0442733764648438 0.09246826171875 -0.0514907836914062 0.0948867797851563
-0.039825439453125 0.1009521484375 -0.0274276733398438 0.0626564025878906
-0.0165481567382812 0.114982604980469 -0.000141143798828124 0.041015625
-0.04388427734375 0.104217529296875 0.0290012359619141 0.0165786743164063
-0.0872573852539063 0.0996627807617188 0.06292724609375 0.00969314575195313
-0.120574951171875 0.0801544189453125 0.0898818969726562 0.0530166625976563
-0.171234130859375 -0.0152740478515625 0.0601806640625 0.0968856811523438
-0.15997314453125 -0.0574798583984375 0.0367889404296875 0.0949554443359375
-0.171295166015625 -0.121444702148437 -0.0071086883544922 0.0219039916992187
-0.122100830078125 -0.179534912109375 -0.06854248046875 0.088134765625
-0.103378295898438 -0.153961181640625 -0.0867385864257813 -0.0203933715820312
-0.168960571289063 -0.112945556640625 -0.141647338867188 -0.0480194091796875
-0.155319213867188 -0.033172607421875 -0.149490356445313 -0.00382995605468753
-0.148040771484375 0.0196990966796875 -0.116035461425781 0.0159454345703125
-0.102684020996094 0.07861328125 -0.0748291015625 0.049652099609375
-0.05499267578125 0.111442565917969 -0.0373382568359375 0.04888916015625
-0.0551376342773438 0.116065979003906 -0.0214290618896484 0.01922607421875
-0.0340805053710938 0.127189636230469 0.00395894050598144 -0.00103282928466796
-0.0640029907226563 0.104209899902344 0.0414810180664063 -0.0201988220214844
-0.107826232910156 0.0918426513671875 0.0723190307617188 -0.013275146484375
-0.140228271484375 0.0644760131835937 0.090850830078125 0.0422744750976563
-0.18206787109375 -0.0485687255859375 0.0478439331054687 0.0914077758789063
-0.157196044921875 -0.09844970703125 -0.0058746337890625 0.084625244140625
-0.14886474609375 -0.162368774414062 -0.0575103759765625 -0.025054931640625
-0.09368896484375 -0.18548583984375 -0.107353210449219 0.0266876220703125
-0.099822998046875 -0.16741943359375 -0.123291015625 -0.0535736083984375
-0.179458618164062 -0.117568969726563 -0.145797729492188 -0.05718994140625
-0.16595458984375 -0.0240020751953125 -0.134140014648438 -0.0182647705078125
-0.15020751953125 0.0299072265625 -0.089935302734375 -0.00624847412109374
-0.101203918457031 0.085235595703125 -0.0479393005371094 0.00922012329101563
-0.0563430786132813 0.112777709960938 -0.0247821807861328 -0.00151443481445312
-0.0616989135742188 0.113914489746094 -0.0119819641113281 -0.0255298614501953
-0.04815673828125 0.122795104980469 0.0149688720703125 -0.0445442199707031
-0.0772705078125 0.0902099609375 0.0617103576660156 -0.0532913208007812
-0.116790771484375 0.0698699951171875 0.0880966186523437 -0.0303115844726562
-0.144500732421875 0.035888671875 0.0919723510742187 0.0325164794921875
-0.170394897460938 -0.0825653076171875 0.0372467041015625 0.0791778564453125
-0.131294250488281 -0.131500244140625 -0.0397148132324219 0.0602149963378906
-0.104766845703125 -0.182846069335937 -0.094085693359375 -0.0794525146484375
-0.048431396484375 -0.160720825195312 -0.134872436523438 -0.02508544921875
-0.0733184814453125 -0.150421142578125 -0.148971557617188 -0.076812744140625
-0.14874267578125 -0.102828979492187 -0.137382507324219 -0.06201171875
-0.138137817382813 -0.0159378051757813 -0.112571716308594 -0.03326416015625
-0.122390747070313 0.027587890625 -0.0652885437011719 -0.0299453735351562
-0.0833892822265625 0.0728912353515625 -0.0283927917480469 -0.0304851531982422
-0.0492019653320313 0.0939178466796875 -0.01641845703125 -0.0484580993652344
-0.0569076538085937 0.09454345703125 -0.00194168090820313 -0.0658950805664063
-0.0515213012695313 0.102287292480469 0.0317764282226563 -0.0836944580078125
-0.0754241943359375 0.0682601928710938 0.0868301391601563 -0.0789566040039063
-0.108146667480469 0.0447158813476562 0.106941223144531 -0.0397720336914063
-0.12799072265625 0.0100250244140625 0.0941619873046875 0.0227890014648438
-0.138809204101563 -0.0994338989257812 0.0326423645019531 0.0598106384277344
-0.091033935546875 -0.146087646484375 -0.0571327209472656 0.0253028869628906
-0.0492095947265625 -0.176193237304688 -0.108818054199219 -0.135025024414062
0.00867462158203124 -0.111930847167969 -0.143157958984375 -0.060882568359375
-0.0270233154296875 -0.112228393554688 -0.15777587890625 -0.087799072265625
-0.0855178833007813 -0.0767593383789062 -0.119476318359375 -0.0673828125
-0.080291748046875 -0.0158462524414063 -0.0942153930664063 -0.0499649047851563
-0.072845458984375 0.00682830810546874 -0.0478591918945313 -0.0486335754394531
-0.0578231811523437 0.0390663146972656 -0.0183906555175781 -0.0592269897460938
-0.038909912109375 0.0571556091308594 -0.0104141235351562 -0.08233642578125
-0.044769287109375 0.0613555908203125 0.00974273681640626 -0.0947799682617188
-0.0437431335449219 0.0702285766601563 0.0505294799804688 -0.112571716308594
-0.0572662353515625 0.0452308654785156 0.112174987792969 -0.0940628051757813
-0.0813674926757812 0.02740478515625 0.124908447265625 -0.042816162109375
-0.096649169921875 -0.000625610351562511 0.100265502929688 0.0116424560546875
-0.0997314453125 -0.0917510986328125 0.0377311706542969 0.0369758605957031
-0.0472412109375 -0.132591247558594 -0.0542373657226563 -0.0134010314941406
0.00726318359375 -0.141433715820313 -0.101226806640625 -0.182632446289062
-0.05230712890625 0.0696258544921875 0.0901336669921875 0.189865112304687
0.0190963745117188 0.0710372924804688 0.0429649353027344 0.0465011596679688
0.0577659606933594 0.0389823913574219 -0.0507431030273438 -0.0217704772949219
0.0576591491699219 -0.00770187377929688 -0.112709045410156 -0.00709533691406248
0.0378074645996094 -0.0199699401855469 -0.13629150390625 0.0321578979492188
0.0219707489013672 -0.0236797332763672 -0.129661560058594 0.102310180664062
0.02154541015625 -0.0176105499267578 -0.0592727661132812 0.13873291015625
0.0286483764648438 -0.0125236511230469 -0.019256591796875 0.117149353027344
0.030853271484375 -0.00875473022460938 0.00987243652343751 0.0963592529296875
0.0224227905273438 0.0110492706298828 0.0198211669921875 0.0814743041992188
0.0180931091308594 0.0204410552978516 0.0496101379394531 0.0604972839355469
0.0194034576416016 0.0309581756591797 0.0808486938476562 0.0643844604492187
-0.00119781494140625 0.052093505859375 0.0963973999023438 0.0912933349609375
-0.030029296875 0.0613059997558594 0.143829345703125 0.0901031494140625
-0.0733642578125 0.0595855712890625 0.131484985351563 0.084228515625
-0.0893325805664063 -0.00325775146484373 0.059478759765625 0.198013305664063
-0.0163173675537109 0.0138425827026367 0.0186691284179688 0.0540771484375
0.00468683242797852 -0.00282669067382813 -0.0732650756835938 -0.01513671875
0.00786018371582031 -0.0240116119384766 -0.125480651855469 0.00261688232421876
-0.0126495361328125 -0.0190753936767578 -0.141799926757813 0.0345611572265625
-0.016636848449707 -0.000503540039062503 -0.130828857421875 0.10308837890625
-0.00193977355957031 0.0217494964599609 -0.0627517700195313 0.138916015625
0.00579071044921875 0.0305118560791016 -0.024078369140625 0.11419677734375
0.0170516967773438 0.0401191711425781 0.00716400146484374 0.0930938720703125
-0.00177764892578125 0.0524177551269531 0.02093505859375 0.073822021484375
-0.0246620178222656 0.0576972961425781 0.0525703430175781 0.0520210266113281
-0.0397529602050781 0.0541763305664062 0.0825119018554688 0.0671615600585938
-0.07305908203125 0.0278244018554688 0.0821914672851563 0.0955734252929687
-0.0885848999023438 0.0195236206054688 0.117279052734375 0.0932846069335938
-0.125213623046875 -0.00493621826171877 0.098297119140625 0.079833984375
-0.115715026855469 -0.0771713256835937 0.021484375 0.1807861328125
-0.0515403747558594 -0.0512008666992188 -0.0108985900878906 0.041534423828125
-0.057586669921875 -0.0480918884277344 -0.0982742309570313 -0.02099609375
-0.0501251220703125 -0.0358734130859375 -0.139442443847656 0.00666046142578126
-0.0658607482910156 -0.0128669738769531 -0.14111328125 0.03424072265625
-0.0549736022949219 0.0257186889648438 -0.120399475097656 0.095855712890625
-0.0253562927246094 0.0593986511230469 -0.058807373046875 0.122726440429688
-0.0178298950195312 0.0701713562011719 -0.02691650390625 0.094268798828125
0.00115203857421874 0.082733154296875 0.00364685058593751 0.0725631713867188
-0.0225830078125 0.084564208984375 0.025115966796875 0.0499382019042969
-0.0579986572265625 0.0862808227539063 0.057708740234375 0.0330924987792969
-0.0851058959960938 0.0734634399414063 0.0871429443359375 0.0613861083984375
-0.131637573242188 0.00853729248046877 0.0714950561523437 0.09698486328125
-0.133056640625 -0.0188827514648438 0.080535888671875 0.0948486328125
-0.159622192382813 -0.0657958984375 0.0501556396484375 0.0582237243652344
-0.126457214355469 -0.137939453125 -0.0201568603515625 0.139320373535156
-0.0832290649414062 -0.111381530761719 -0.044830322265625 0.0127830505371094
-0.120956420898438 -0.0858154296875 -0.12054443359375 -0.0330276489257813
-0.109550476074219 -0.0380935668945312 -0.147491455078125 0.00416564941406249
-0.114204406738281 0.00238037109374999 -0.131607055664063 0.0289688110351562
-0.0852737426757813 0.0541000366210937 -0.0986099243164063 0.0778884887695312
-0.0433502197265625 0.0904998779296875 -0.0473175048828125 0.0905685424804688
-0.0383071899414063 0.0996475219726563 -0.0247421264648438 0.0602149963378906
-0.0154190063476563 0.112068176269531 0.0022735595703125 0.0390892028808594
-0.043426513671875 0.101875305175781 0.0301303863525391 0.0155792236328125
-0.0850753784179688 0.0979461669921875 0.0629425048828125 0.00927734375000001
-0.117408752441406 0.0774765014648437 0.0898666381835937 0.0518722534179688
-0.167404174804687 -0.01507568359375 0.0607681274414063 0.096038818359375
-0.15576171875 -0.056732177734375 0.0391616821289062 0.0934295654296875
-0.166549682617188 -0.117416381835937 -0.00365066528320314 0.0232925415039062
-0.1195068359375 -0.174072265625 -0.06280517578125 0.081634521484375
-0.10198974609375 -0.151107788085938 -0.0817947387695313 -0.0230026245117187
-0.1656494140625 -0.109039306640625 -0.134613037109375 -0.0463790893554688
-0.151901245117188 -0.0325775146484375 -0.143112182617188 -0.0045166015625
-0.144607543945313 0.0199737548828125 -0.112159729003906 0.0142059326171875
-0.100494384765625 0.0764389038085937 -0.0719680786132813 0.0456466674804688
-0.0532150268554687 0.108802795410156 -0.0346717834472656 0.04608154296875
-0.0528564453125 0.114173889160156 -0.0192699432373047 0.0184173583984375
-0.03228759765625 0.124427795410156 0.00544357299804687 -0.00153064727783202
-0.0625381469726563 0.101707458496094 0.0412330627441406 -0.0201835632324219
-0.105232238769531 0.0900192260742187 0.0723953247070312 -0.01312255859375
-0.136375427246094 0.0627517700195312 0.0905380249023437 0.0408096313476563
-0.17852783203125 -0.0463104248046875 0.0491409301757812 0.0902252197265625
-0.153121948242187 -0.095672607421875 -0.00342559814453127 0.0828781127929687
-0.146728515625 -0.156875610351562 -0.0535736083984375 -0.0215721130371094
-0.09259033203125 -0.178482055664063 -0.101028442382813 0.0216217041015625
-0.0989837646484375 -0.162399291992188 -0.117744445800781 -0.0553817749023438
-0.17529296875 -0.111846923828125 -0.138427734375 -0.0556182861328125
-0.16058349609375 -0.0223541259765625 -0.127716064453125 -0.0175857543945312
-0.145797729492188 0.0301361083984375 -0.086517333984375 -0.00736236572265625
-0.0978622436523438 0.0832061767578125 -0.0457229614257813 0.00640487670898438
-0.0541229248046875 0.108932495117188 -0.0231037139892578 -0.00362968444824218
-0.0581741333007812 0.111053466796875 -0.0109062194824219 -0.0252017974853516
-0.04510498046875 0.119255065917969 0.0150527954101562 -0.0439643859863281
-0.0751266479492187 0.087615966796875 0.0606842041015625 -0.0533180236816406
-0.11309814453125 0.0680007934570313 0.0873794555664063 -0.0296249389648438
-0.139144897460938 0.0351333618164063 0.0918121337890625 0.0312957763671875
-0.166015625 -0.0778045654296875 0.0384979248046875 0.0783462524414062
-0.128494262695312 -0.127113342285156 -0.0361175537109375 0.0599212646484375
-0.104141235351563 -0.176788330078125 -0.0888595581054688 -0.0744705200195313
-0.0494232177734375 -0.15386962890625 -0.128410339355469 -0.02886962890625
-0.0730743408203125 -0.1451416015625 -0.143051147460938 -0.076995849609375
-0.144882202148438 -0.09710693359375 -0.130996704101562 -0.060455322265625
-0.133056640625 -0.0142898559570313 -0.108283996582031 -0.0331649780273438
-0.117225646972656 0.0278091430664062 -0.0630683898925781 -0.0301475524902344
-0.0795822143554687 0.070709228515625 -0.027252197265625 -0.0323677062988281
-0.046356201171875 0.090423583984375 -0.016357421875 -0.0487594604492187
-0.0536956787109375 0.092132568359375 -0.00164031982421875 -0.0637893676757813
-0.0479660034179687 0.0990066528320313 0.0309295654296875 -0.0817184448242188
-0.0723114013671875 0.065704345703125 0.0845489501953125 -0.078704833984375
-0.104202270507813 0.0435638427734375 0.106063842773437 -0.0396194458007812
-0.12286376953125 0.0101394653320313 0.0942459106445312 0.0225982666015625
-0.1357421875 -0.09466552734375 0.0329437255859375 0.0594940185546875
-0.0894546508789063 -0.139968872070313 -0.0533409118652344 0.0260810852050781
-0.05120849609375 -0.170089721679687 -0.104759216308594 -0.128135681152344
0.00579071044921875 -0.106231689453125 -0.138038635253906 -0.0624771118164062
-0.0281829833984375 -0.106948852539063 -0.151809692382813 -0.0875396728515625
-0.0831375122070313 -0.0720367431640625 -0.114784240722656 -0.0660552978515625
-0.0767288208007813 -0.0140762329101563 -0.0911941528320313 -0.0494537353515625
-0.0696983337402344 0.00792694091796876 -0.0470008850097656 -0.0480613708496094
-0.0539016723632812 0.0382194519042969 -0.018157958984375 -0.0596351623535156
-0.0362319946289063 0.0542335510253906 -0.0118560791015625 -0.0812835693359375
-0.041595458984375 0.0587272644042969 0.00887298583984374 -0.0916290283203125
-0.0406265258789063 0.0673179626464844 0.0486526489257812 -0.109458923339844
-0.0543098449707031 0.0429344177246094 0.10882568359375 -0.0927200317382813
-0.0768508911132813 0.0262985229492187 0.1224365234375 -0.0418548583984375
-0.0910797119140625 -0.0001678466796875 0.0989532470703125 0.012054443359375
-0.0969619750976562 -0.0857009887695312 0.03765869140625 0.0374526977539062
-0.047698974609375 -0.126243591308594 -0.0510940551757813 -0.01092529296875
0.004119873046875 -0.135833740234375 -0.0978851318359375 -0.173583984375
-0.0481948852539062 0.06744384765625 0.09130859375 0.186676025390625
0.0202827453613281 0.068145751953125 0.0436286926269531 0.0448875427246094
0.0563087463378906 0.036468505859375 -0.0508232116699219 -0.0231971740722656
0.0543060302734375 -0.00979995727539062 -0.113014221191406 -0.00753784179687501
0.035308837890625 -0.0201377868652344 -0.137161254882813 0.0320892333984375
0.0204868316650391 -0.0219402313232422 -0.12890625 0.10357666015625
0.0213890075683594 -0.0164260864257813 -0.0566482543945312 0.138252258300781
0.0273056030273438 -0.0120506286621094 -0.0166549682617188 0.117088317871094
0.0294780731201172 -0.00835037231445312 0.01202392578125 0.0960311889648438
0.0207786560058594 0.0118293762207031 0.0211105346679687 0.0834197998046875
0.0162410736083984 0.0205535888671875 0.0506095886230469 0.0606002807617188
0.0181980133056641 0.0294475555419922 0.0820999145507813 0.063720703125
-0.000377655029296878 0.0495185852050781 0.0972442626953125 0.0918197631835937
-0.0284576416015625 0.0593986511230469 0.14410400390625 0.0901641845703125
-0.0694808959960938 0.0590362548828125 0.131980895996094 0.085693359375
-0.08624267578125 -0.00481414794921874 0.0624847412109375 0.193801879882812
-0.015751838684082 0.0109701156616211 0.0197563171386719 0.0524520874023438
0.00325727462768555 -0.00486421585083008 -0.0722198486328125 -0.0161056518554688
0.00450706481933594 -0.0257434844970703 -0.124771118164063 0.00180053710937502
-0.01507568359375 -0.0188503265380859 -0.1424560546875 0.0337066650390625
-0.0181465148925781 0.00180435180664063 -0.130325317382812 0.104324340820313
-0.00218772888183594 0.0230998992919922 -0.0600357055664062 0.138778686523438
0.00535011291503906 0.0316009521484375 -0.021270751953125 0.113685607910156
0.016326904296875 0.0410079956054688 0.00953674316406249 0.0925750732421875
-0.00226211547851563 0.0530624389648438 0.0237960815429688 0.074249267578125
-0.025787353515625 0.0577011108398437 0.0538558959960938 0.0521354675292969
-0.0405311584472656 0.0531463623046875 0.0847854614257813 0.0665206909179688
-0.073455810546875 0.0266189575195313 0.084442138671875 0.0964508056640625
-0.087310791015625 0.0178451538085938 0.118476867675781 0.0931625366210938
-0.12261962890625 -0.00498962402343749 0.0998764038085937 0.0811233520507813
-0.113578796386719 -0.0774612426757813 0.0251922607421875 0.175857543945313
-0.0514907836914062 -0.0538902282714844 -0.00844955444335938 0.0386619567871094
-0.0597190856933594 -0.0492820739746094 -0.0967025756835937 -0.0207901000976563
-0.0524749755859375 -0.0370521545410156 -0.138153076171875 0.00531768798828127
-0.0679893493652344 -0.0122032165527344 -0.14105224609375 0.0334014892578125
-0.0560379028320313 0.0274887084960938 -0.119590759277344 0.0956268310546875
-0.0257759094238281 0.0604972839355469 -0.0561370849609375 0.122154235839844
-0.0178375244140625 0.0715484619140625 -0.0242080688476563 0.0937118530273438
0.00156402587890624 0.0831680297851562 0.00661468505859376 0.0725860595703125
-0.0231475830078125 0.0858383178710938 0.0271949768066406 0.0498085021972656
-0.0586395263671875 0.0873260498046875 0.0585098266601562 0.0330047607421875
-0.0850830078125 0.0735397338867188 0.0897674560546875 0.0609054565429688
-0.1317138671875 0.00902557373046873 0.0744247436523437 0.0983734130859375
-0.132148742675781 -0.019378662109375 0.0831680297851562 0.0950241088867187
-0.1588134765625 -0.0646514892578125 0.0532188415527344 0.059967041015625
-0.125907897949219 -0.137496948242188 -0.015625 0.133575439453125
-0.0848464965820313 -0.112579345703125 -0.0422325134277344 0.00989151000976562
-0.122825622558594 -0.084991455078125 -0.117584228515625 -0.0327682495117188
-0.111312866210938 -0.0382919311523437 -0.144424438476563 0.00398254394531249
-0.11566162109375 0.00399017333984374 -0.130889892578125 0.027984619140625
-0.0860748291015625 0.0553665161132813 -0.0980606079101562 0.0770950317382813
-0.0433197021484375 0.0911941528320313 -0.04534912109375 0.0894851684570312
-0.037139892578125 0.101577758789063 -0.0228614807128906 0.0599403381347656
-0.013916015625 0.113006591796875 0.00402450561523438 0.03887939453125
-0.0431594848632813 0.102378845214844 0.0312461853027344 0.0158233642578125
-0.0847625732421875 0.0989990234375 0.0642776489257813 0.00914382934570313
-0.116775512695312 0.07806396484375 0.0931854248046875 0.0513763427734375
-0.16839599609375 -0.0134429931640625 0.0637741088867187 0.0968475341796875
-0.155685424804688 -0.05633544921875 0.04150390625 0.0933990478515625
-0.168136596679688 -0.1162109375 -0.00156402587890626 0.0261440277099609
-0.120529174804688 -0.173263549804688 -0.0588150024414063 0.07684326171875
-0.104339599609375 -0.151275634765625 -0.0794677734375 -0.0257720947265625
-0.167572021484375 -0.107284545898437 -0.131980895996094 -0.0467147827148438
-0.152099609375 -0.0308685302734375 -0.14117431640625 -0.00466918945312502
-0.144393920898438 0.0218353271484375 -0.111534118652344 0.0135116577148437
-0.0999679565429688 0.0777664184570313 -0.0710220336914063 0.0444183349609375
-0.0525588989257813 0.109336853027344 -0.03271484375 0.0443992614746094
-0.0504531860351563 0.115341186523438 -0.0177726745605469 0.0176467895507813
-0.0305099487304688 0.124977111816406 0.00673437118530273 -0.00196838378906249
-0.0622406005859375 0.102310180664062 0.0416412353515625 -0.0212059020996094
-0.104362487792969 0.0913009643554688 0.073211669921875 -0.0135421752929687
-0.135337829589844 0.0642318725585937 0.0941696166992188 0.0398178100585938
-0.180389404296875 -0.04376220703125 0.0523910522460937 0.09161376953125
-0.154067993164063 -0.0947265625 0.000427246093749995 0.0834121704101563
-0.149032592773438 -0.155517578125 -0.0516319274902344 -0.0192146301269531
-0.0943450927734375 -0.177581787109375 -0.0980224609375 0.0179443359375
-0.10198974609375 -0.16180419921875 -0.115806579589844 -0.0572280883789063
-0.17730712890625 -0.108200073242187 -0.135879516601563 -0.0556564331054688
-0.159957885742187 -0.0205841064453125 -0.1265869140625 -0.0181655883789062
-0.144882202148438 0.03271484375 -0.0864715576171875 -0.00825500488281249
-0.0973968505859375 0.0838775634765625 -0.0456886291503906 0.00411605834960938
-0.0522537231445313 0.108726501464844 -0.0228004455566406 -0.00514221191406249
-0.055267333984375 0.112060546875 -0.0104885101318359 -0.0256786346435547
-0.0429840087890625 0.119293212890625 0.0158119201660156 -0.0441703796386719
-0.0739593505859375 0.0875473022460938 0.060394287109375 -0.0547294616699219
-0.111984252929687 0.0684585571289063 0.0879135131835937 -0.0305099487304687
-0.137557983398437 0.0362472534179687 0.094818115234375 0.0304718017578125
-0.167922973632813 -0.07489013671875 0.0406341552734375 0.0792465209960938
-0.129508972167969 -0.12530517578125 -0.0335197448730469 0.0611724853515625
-0.108322143554688 -0.175308227539062 -0.0877838134765625 -0.071014404296875
-0.051910400390625 -0.152053833007813 -0.126747131347656 -0.0316619873046875
-0.0761260986328125 -0.143234252929687 -0.14190673828125 -0.078125
-0.146408081054688 -0.09320068359375 -0.128364562988281 -0.0607452392578125
-0.131629943847656 -0.0116958618164062 -0.107185363769531 -0.0333786010742188
-0.116287231445313 0.0303268432617187 -0.0627784729003906 -0.02996826171875
-0.077789306640625 0.0711288452148438 -0.0279636383056641 -0.0347251892089844
-0.0449371337890625 0.0890274047851563 -0.016571044921875 -0.0498428344726562
-0.0509796142578125 0.0929031372070313 -0.00173187255859375 -0.0636444091796875
-0.0455169677734375 0.0985031127929688 0.0303421020507812 -0.0821990966796875
-0.0723953247070313 0.0656356811523438 0.0839385986328125 -0.0802841186523438
-0.102783203125 0.0439224243164062 0.1064453125 -0.0410995483398438
-0.121490478515625 0.0116500854492187 0.096099853515625 0.0224533081054688
-0.136077880859375 -0.091064453125 0.03533935546875 0.0604705810546875
-0.0916213989257812 -0.137130737304688 -0.0509872436523438 0.0277290344238281
-0.0551300048828125 -0.168106079101563 -0.104011535644531 -0.125030517578125
0.00310516357421874 -0.1046142578125 -0.138099670410156 -0.064666748046875
-0.03057861328125 -0.104957580566406 -0.151016235351563 -0.0881805419921875
-0.083709716796875 -0.0691146850585938 -0.113510131835937 -0.0663375854492188
-0.0748367309570312 -0.012451171875 -0.0911788940429688 -0.0494918823242188
-0.0685462951660156 0.00969314575195313 -0.0473098754882813 -0.04852294921875
-0.0528030395507813 0.0388450622558594 -0.0187339782714844 -0.0618209838867187
-0.0342788696289063 0.0529441833496094 -0.0130233764648437 -0.0818862915039063
-0.0391464233398438 0.0585823059082031 0.0074615478515625 -0.0909042358398438
-0.0380134582519531 0.0663604736328125 0.0471649169921875 -0.109626770019531
-0.0529212951660156 0.0421295166015625 0.107536315917969 -0.095184326171875
-0.0745773315429688 0.0262832641601563 0.12310791015625 -0.0432662963867188
-0.0887298583984375 0.000930786132812517 0.100845336914063 0.0116958618164062
-0.0969085693359375 -0.0819549560546875 0.0391654968261719 0.0386619567871094
-0.049652099609375 -0.122482299804688 -0.0503273010253906 -0.00874710083007814
0.0001373291015625 -0.133880615234375 -0.0985107421875 -0.16973876953125
-0.0431060791015625 0.0670661926269531 0.0983428955078125 0.182418823242188
0.0222320556640625 0.0651626586914063 0.0456314086914063 0.0425682067871094
0.055755615234375 0.0334625244140625 -0.0521812438964844 -0.0233421325683594
0.0512313842773438 -0.0126953125 -0.113922119140625 -0.005767822265625
0.0326499938964844 -0.021148681640625 -0.138969421386719 0.0360260009765625
0.0190277099609375 -0.0210781097412109 -0.12713623046875 0.109016418457031
0.0196990966796875 -0.0155067443847656 -0.052032470703125 0.141647338867187
0.0260086059570313 -0.0121021270751953 -0.0125808715820312 0.11810302734375
0.0282478332519531 -0.00815200805664063 0.0161209106445313 0.0973052978515625
0.0204639434814453 0.0120983123779297 0.025177001953125 0.0847702026367188
0.0153408050537109 0.0203094482421875 0.0535392761230469 0.0605926513671875
0.017730712890625 0.0276927947998047 0.0850753784179688 0.0625991821289062
0.00101852416992187 0.0474090576171875 0.101104736328125 0.0909652709960938
-0.0263671875 0.0587692260742188 0.147811889648438 0.0875701904296875
-0.0649833679199219 0.060546875 0.137397766113281 0.0843734741210937
-0.08404541015625 -0.00518798828125 0.0692901611328125 0.190078735351562
-0.0153436660766602 0.00834369659423828 0.0224494934082031 0.0501937866210938
0.000202655792236328 -0.00687313079833984 -0.0730743408203125 -0.015655517578125
0.000507354736328126 -0.0270767211914063 -0.125076293945313 0.00409698486328122
-0.0179367065429687 -0.0182209014892578 -0.1434326171875 0.037567138671875
-0.0197811126708984 0.0037078857421875 -0.128387451171875 0.108688354492188
-0.00251388549804687 0.0247211456298828 -0.0547637939453125 0.140495300292969
0.00601768493652344 0.0327301025390625 -0.0167999267578125 0.114425659179688
0.0167350769042969 0.0414810180664063 0.0140228271484375 0.0934371948242188
-0.00204849243164063 0.0547256469726563 0.027679443359375 0.0754241943359375
-0.0248374938964844 0.0598220825195313 0.0565147399902344 0.0518875122070313
-0.04058837890625 0.0539283752441406 0.0887832641601563 0.0649948120117188
-0.0741729736328125 0.02764892578125 0.0893630981445313 0.0964202880859375
-0.0865249633789063 0.0189285278320312 0.123138427734375 0.0904693603515625
-0.121490478515625 -0.00177764892578125 0.105110168457031 0.0803298950195313
-0.114501953125 -0.0771865844726563 0.0332489013671875 0.172134399414063
-0.0539817810058594 -0.0549507141113281 -0.006195068359375 0.0368690490722656
-0.0634498596191406 -0.0491371154785156 -0.0967025756835938 -0.0197525024414063
-0.056610107421875 -0.0368270874023438 -0.137489318847656 0.00848388671875003
-0.0707855224609375 -0.00994873046875 -0.141998291015625 0.0363922119140625
-0.0569725036621094 0.0310020446777344 -0.117034912109375 0.0995025634765625
-0.0245780944824219 0.0627365112304688 -0.0515518188476563 0.122856140136719
-0.0158157348632812 0.0737457275390625 -0.0198516845703125 0.0942230224609375
0.00413513183593749 0.0846481323242188 0.0109710693359375 0.0727081298828125
-0.0214767456054688 0.08819580078125 0.0299835205078125 0.0499839782714844
-0.0573654174804688 0.0902099609375 0.0613670349121094 0.0318641662597656
-0.0846481323242188 0.0762863159179688 0.0945510864257813 0.058563232421875
-0.133369445800781 0.0128097534179688 0.0797271728515625 0.098419189453125
-0.133148193359375 -0.0170440673828125 0.088653564453125 0.0931320190429688
-0.160812377929688 -0.0605621337890625 0.0577735900878906 0.060272216796875
-0.1307373046875 -0.136360168457031 -0.00897979736328127 0.130905151367188
-0.089599609375 -0.112556457519531 -0.0400276184082031 0.00813674926757813
-0.127906799316406 -0.0833663940429688 -0.1171875 -0.0312118530273438
-0.11517333984375 -0.03619384765625 -0.14447021484375 0.00692749023437501
-0.117607116699219 0.00839996337890627 -0.131813049316406 0.0314483642578125
-0.0863571166992188 0.0594940185546875 -0.0960617065429688 0.0787506103515625
-0.0408172607421875 0.0945892333984375 -0.0415573120117187 0.0896682739257813
-0.0341644287109375 0.104179382324219 -0.0189361572265625 0.06024169921875
-0.010833740234375 0.114288330078125 0.00698089599609375 0.0387306213378906
-0.0412139892578125 0.105300903320313 0.0334835052490234 0.01507568359375
-0.0832290649414063 0.103294372558594 0.0664863586425781 0.00713729858398438
-0.115760803222656 0.0819778442382813 0.09783935546875 0.048614501953125
-0.17193603515625 -0.0079345703125 0.0697021484375 0.097381591796875
-0.1588134765625 -0.0529327392578125 0.0470046997070313 0.0928955078125
-0.173614501953125 -0.112518310546875 0.00170898437499999 0.0275535583496094
-0.126510620117187 -0.171142578125 -0.0543136596679688 0.0750274658203125
-0.111434936523437 -0.1507568359375 -0.0792160034179688 -0.0265579223632812
-0.173736572265625 -0.102127075195313 -0.131355285644531 -0.0443115234375
-0.15509033203125 -0.027252197265625 -0.140243530273437 -0.00195312500000002
-0.145309448242188 0.0279083251953125 -0.112251281738281 0.015777587890625
-0.0993194580078125 0.0815353393554688 -0.0698890686035156 0.0448036193847656
-0.0496368408203125 0.111701965332031 -0.0309829711914062 0.0435028076171875
-0.046539306640625 0.11895751953125 -0.0158290863037109 0.0178718566894531
-0.0264968872070313 0.126296997070313 0.00796985626220703 -0.00256872177124023
-0.0602188110351563 0.105239868164063 0.0423698425292969 -0.0233192443847656
-0.102607727050781 0.095977783203125 0.0753173828125 -0.0162353515625
-0.134292602539063 0.0681915283203125 0.09869384765625 0.036895751953125
-0.184249877929688 -0.0374755859375 0.0575637817382812 0.091888427734375
-0.158248901367187 -0.091278076171875 0.00513458251953123 0.0844802856445313
-0.15667724609375 -0.151611328125 -0.0500755310058594 -0.0158424377441406
-0.101943969726563 -0.175521850585938 -0.0961990356445313 0.01702880859375
-0.109390258789062 -0.160125732421875 -0.116676330566406 -0.0569000244140625
-0.182830810546875 -0.102340698242188 -0.135673522949219 -0.0532913208007813
-0.161773681640625 -0.0159454345703125 -0.126640319824219 -0.015472412109375
-0.144683837890625 0.038330078125 -0.0868377685546875 -0.00630950927734373
-0.0954132080078125 0.087615966796875 -0.0462455749511719 0.00316619873046876
-0.0490264892578125 0.111045837402344 -0.0226936340332031 -0.00644493103027343
-0.0506668090820313 0.115264892578125 -0.0101146697998047 -0.0258960723876953
-0.0379791259765625 0.120880126953125 0.0146903991699219 -0.0451545715332031
-0.0720596313476563 0.0904617309570312 0.0594329833984375 -0.0579414367675781
-0.110298156738281 0.072967529296875 0.0892868041992188 -0.0346145629882812
-0.137191772460938 0.0410842895507813 0.09912109375 0.0277175903320313
-0.172439575195313 -0.068328857421875 0.0457382202148437 0.0794906616210938
-0.135383605957031 -0.121986389160156 -0.0295295715332031 0.0636978149414062
-0.116226196289063 -0.171875 -0.0888900756835938 -0.066802978515625
-0.0585479736328125 -0.150497436523438 -0.127227783203125 -0.0319747924804688
-0.0828704833984375 -0.141021728515625 -0.144454956054688 -0.0764617919921875
-0.151138305664062 -0.087677001953125 -0.129249572753906 -0.0592727661132813
-0.131591796875 -0.007843017578125 -0.108062744140625 -0.03082275390625
-0.114921569824219 0.035369873046875 -0.0644874572753906 -0.0294876098632813
-0.0759429931640625 0.074066162109375 -0.0294761657714844 -0.0355110168457031
-0.04193115234375 0.0901565551757813 -0.0186309814453125 -0.0513153076171875
-0.047119140625 0.0947189331054688 -0.00287246704101562 -0.0640029907226562
-0.041290283203125 0.0999221801757813 0.0276718139648438 -0.0839080810546875
-0.0702323913574219 0.0674400329589844 0.082000732421875 -0.0844879150390625
-0.101409912109375 0.0467758178710938 0.107254028320313 -0.0446624755859375
-0.120399475097656 0.0148544311523438 0.100082397460937 0.0189361572265625
-0.1409912109375 -0.085601806640625 0.0386428833007813 0.0614433288574219
-0.0972518920898438 -0.133804321289062 -0.0486373901367188 0.0309524536132812
-0.0626983642578125 -0.166641235351563 -0.106834411621094 -0.119735717773438
-0.00129699707031251 -0.104110717773438 -0.140159606933594 -0.064422607421875
-0.035919189453125 -0.102989196777344 -0.155227661132813 -0.0859375
-0.0865402221679688 -0.06396484375 -0.115180969238281 -0.0650787353515625
-0.07476806640625 -0.00962829589843751 -0.0930328369140625 -0.0482406616210938
-0.0672225952148438 0.0128440856933594 -0.0492630004882813 -0.0476112365722656
-0.0503387451171875 0.0402565002441406 -0.0210800170898438 -0.0634040832519531
-0.0317611694335938 0.0531692504882813 -0.016754150390625 -0.0830764770507813
-0.0362548828125 0.0594482421875 0.00482940673828124 -0.0918502807617188
-0.0351333618164063 0.0668792724609375 0.0435791015625 -0.111854553222656
-0.0520133972167969 0.0429534912109375 0.104248046875 -0.0997848510742187
-0.0732192993164063 0.0272293090820312 0.123878479003906 -0.0477523803710938
-0.0873031616210938 0.00320434570312499 0.104042053222656 0.00928497314453125
-0.099639892578125 -0.0769882202148437 0.0415611267089844 0.0394668579101562
-0.054412841796875 -0.120132446289062 -0.0491714477539063 -0.00520706176757814
-0.00600433349609374 -0.132743835449219 -0.103439331054687 -0.164794921875
-0.0371131896972656 0.0655441284179687 0.1072998046875 0.173995971679688
0.02557373046875 0.0615119934082031 0.0475883483886719 0.0386161804199219
0.0557670593261719 0.0287551879882813 -0.0535888671875 -0.0221595764160156
0.0466499328613281 -0.0153656005859375 -0.114311218261719 -0.00137329101562498
0.0292987823486328 -0.0224075317382812 -0.137481689453125 0.0423965454101563
0.0174484252929688 -0.0202732086181641 -0.122108459472656 0.115806579589844
0.0188865661621094 -0.0155448913574219 -0.0438232421875 0.14337158203125
0.0244560241699219 -0.0128936767578125 -0.00533294677734376 0.117782592773438
0.0263023376464844 -0.00819969177246094 0.0223236083984375 0.0957412719726563
0.0194873809814453 0.0119209289550781 0.0306472778320313 0.0843505859375
0.0152721405029297 0.0198707580566406 0.0568046569824219 0.0582389831542969
0.0171546936035156 0.0260944366455078 0.0883331298828125 0.0581207275390625
0.00257492065429688 0.0451011657714844 0.105545043945313 0.08673095703125
-0.0227928161621094 0.0580940246582031 0.151885986328125 0.080596923828125
-0.0590667724609375 0.062347412109375 0.141921997070313 0.0790863037109375
-0.0819168090820313 -0.00358581542968751 0.080078125 0.18255615234375
-0.0151815414428711 0.00657272338867188 0.0257225036621094 0.0463714599609375
-0.00175380706787109 -0.00868797302246094 -0.073089599609375 -0.01385498046875
-0.00378990173339844 -0.0275745391845703 -0.1241455078125 0.00850677490234375
-0.0211296081542969 -0.0165042877197266 -0.142013549804688 0.0435943603515625
-0.0200366973876953 0.00646018981933594 -0.123046875 0.11480712890625
-0.001922607421875 0.0261383056640625 -0.0464935302734375 0.142120361328125
0.00656318664550781 0.0334968566894531 -0.00918579101562499 0.114189147949219
0.0181617736816406 0.0412445068359375 0.020599365234375 0.0920333862304688
0.000259399414062505 0.0552520751953125 0.0324783325195312 0.0746383666992188
-0.0231475830078125 0.0611915588378906 0.0603485107421875 0.0493011474609375
-0.0385551452636719 0.0550804138183594 0.0929946899414062 0.0600433349609375
-0.072967529296875 0.0298919677734375 0.0951156616210938 0.0927734375
-0.0848007202148438 0.0215606689453125 0.127937316894531 0.0851898193359375
-0.119522094726562 0.00321960449218752 0.110748291015625 0.0766677856445313
-0.11669921875 -0.0735702514648438 0.0433807373046875 0.165573120117188
-0.05670166015625 -0.0544319152832031 -0.0029144287109375 0.0346164703369141
-0.0676078796386719 -0.0468254089355469 -0.0954055786132812 -0.0168533325195313
-0.0609893798828125 -0.0344886779785156 -0.135299682617188 0.0134735107421875
-0.0730209350585937 -0.0052642822265625 -0.140106201171875 0.0422897338867187
-0.0568962097167969 0.0348129272460938 -0.112373352050781 0.104301452636719
-0.0219841003417969 0.0645942687988281 -0.0437545776367188 0.123733520507813
-0.0116424560546875 0.0757293701171875 -0.0128097534179688 0.0941162109375
0.00798797607421874 0.0847549438476563 0.0161514282226562 0.071136474609375
-0.0175399780273438 0.0893707275390625 0.033782958984375 0.0483894348144531
-0.0536956787109375 0.0936508178710938 0.063690185546875 0.0293464660644531
-0.0813217163085937 0.0796890258789063 0.0991592407226563 0.0532989501953125
-0.133743286132813 0.0193023681640625 0.0865325927734375 0.0950927734375
-0.133750915527344 -0.0116043090820313 0.0943756103515625 0.0890350341796875
-0.16241455078125 -0.052459716796875 0.0628089904785156 0.0588569641113281
-0.13616943359375 -0.131378173828125 -0.000122070312500004 0.126350402832031
-0.0958786010742187 -0.109474182128906 -0.0384750366210938 0.00728988647460936
-0.133514404296875 -0.0766067504882813 -0.116859436035156 -0.02728271484375
-0.118141174316406 -0.0305252075195313 -0.14208984375 0.012359619140625
-0.118293762207031 0.0149078369140625 -0.12969970703125 0.0363540649414063
-0.084014892578125 0.0641708374023438 -0.091827392578125 0.0823516845703125
-0.0368194580078125 0.0968551635742188 -0.0363693237304688 0.0894241333007813
-0.0273818969726562 0.106544494628906 -0.0141563415527344 0.0599784851074219
-0.00466156005859375 0.11505126953125 0.0108642578125 0.0380096435546875
-0.0365142822265625 0.107879638671875 0.0352134704589844 0.01287841796875
-0.077880859375 0.107437133789063 0.0676651000976562 0.00405883789062501
-0.111442565917969 0.0874252319335938 0.102439880371094 0.042327880859375
-0.172698974609375 0.00125122070312497 0.0765533447265625 0.0952529907226562
-0.161300659179688 -0.045867919921875 0.0536727905273437 0.0907363891601563
-0.179367065429687 -0.10284423828125 0.00532913208007811 0.029449462890625
-0.1356201171875 -0.165206909179688 -0.0481719970703125 0.0722274780273437
-0.120208740234375 -0.144973754882813 -0.0786819458007813 -0.0252761840820312
-0.179107666015625 -0.09222412109375 -0.130851745605469 -0.0393753051757813
-0.1563720703125 -0.0189666748046875 -0.138198852539063 0.00379943847656247
-0.1444091796875 0.0356292724609375 -0.110176086425781 0.0207748413085938
-0.095794677734375 0.0870819091796875 -0.0680503845214844 0.0466957092285156
-0.0435638427734375 0.114021301269531 -0.0279998779296875 0.042755126953125
-0.0387191772460938 0.121315002441406 -0.0136470794677734 0.018056869506836
-0.0186538696289063 0.128013610839844 0.00909709930419922 -0.00350570678710937
-0.0547256469726562 0.108650207519531 0.0417213439941406 -0.0263023376464844
-0.0976028442382812 0.101119995117188 0.0751113891601563 -0.020538330078125
-0.131019592285156 0.0747146606445313 0.102798461914063 0.0311355590820313
-0.186996459960937 -0.0265960693359375 0.0642852783203125 0.0896530151367188
-0.162948608398438 -0.082733154296875 0.0115737915039062 0.0846939086914063
-0.164794921875 -0.14215087890625 -0.0483856201171875 -0.0107345581054688
-0.111587524414063 -0.170318603515625 -0.093017578125 0.01708984375
-0.119094848632813 -0.153457641601562 -0.117424011230469 -0.0535888671875
-0.188201904296875 -0.09075927734375 -0.13568115234375 -0.0479278564453125
-0.161605834960938 -0.00714111328124999 -0.124832153320312 -0.00963592529296876
-0.141921997070313 0.047210693359375 -0.0865020751953125 -0.00286865234375
-0.0903778076171875 0.09222412109375 -0.0462837219238281 0.00369644165039063
-0.0433349609375 0.112770080566406 -0.0226478576660156 -0.00716018676757812
-0.0436630249023438 0.11767578125 -0.0105991363525391 -0.0254364013671875
-0.0311431884765625 0.122077941894531 0.0135879516601562 -0.0462760925292969
-0.0675888061523437 0.0939407348632813 0.0562362670898437 -0.0611152648925781
-0.106712341308594 0.0788040161132812 0.08831787109375 -0.0390853881835937
-0.134757995605469 0.04730224609375 0.102890014648438 0.02178955078125
-0.176467895507813 -0.0579376220703125 0.0519790649414062 0.07843017578125
-0.141647338867188 -0.114028930664063 -0.0242538452148438 0.065155029296875
-0.126434326171875 -0.164031982421875 -0.0896682739257813 -0.0597763061523437
-0.0673065185546875 -0.146270751953125 -0.127265930175781 -0.0293502807617187
-0.0915069580078125 -0.134941101074219 -0.146682739257813 -0.0710906982421875
-0.155258178710937 -0.0770721435546875 -0.130203247070313 -0.0540771484375
-0.130989074707031 -0.000663757324218726 -0.108169555664063 -0.0263290405273438
-0.111930847167969 0.0420074462890625 -0.0652046203613281 -0.0265922546386719
-0.0712432861328125 0.078155517578125 -0.031951904296875 -0.0365104675292969
-0.0363388061523437 0.0915679931640625 -0.0221405029296875 -0.0516128540039063
-0.0405349731445312 0.0968017578125 -0.00612640380859376 -0.0640754699707031
-0.03515625 0.100967407226562 0.0239105224609375 -0.0850830078125
-0.0664825439453125 0.0709991455078125 0.0768661499023438 -0.0890350341796875
-0.0979385375976563 0.0511245727539062 0.105735778808594 -0.0506973266601563
-0.118911743164062 0.0209503173828125 0.102615356445313 0.0137786865234375
-0.144393920898438 -0.0759735107421875 0.0437583923339844 0.0606155395507813
-0.104347229003906 -0.126800537109375 -0.0450973510742188 0.0336112976074219
-0.07275390625 -0.160324096679688 -0.110740661621094 -0.110641479492188
-0.00772857666015624 -0.102149963378906 -0.1429443359375 -0.0605010986328125
-0.042083740234375 -0.0984573364257813 -0.15789794921875 -0.0799560546875
-0.0901565551757813 -0.0572738647460937 -0.117401123046875 -0.0606002807617188
-0.0733566284179688 -0.00534820556640624 -0.0951690673828125 -0.04412841796875
-0.0654335021972656 0.0169792175292969 -0.0512886047363281 -0.0458030700683594
-0.0470085144042969 0.0425834655761719 -0.0253257751464844 -0.0638198852539063
-0.0290145874023438 0.0533523559570313 -0.0219039916992188 -0.0824203491210938
-0.0313873291015625 0.0604171752929687 -0.000221252441406244 -0.0912322998046875
-0.030120849609375 0.067474365234375 0.0372848510742188 -0.113296508789063
-0.0488662719726562 0.0444564819335938 0.0985870361328125 -0.104698181152344
-0.0707015991210938 0.0303421020507812 0.122428894042969 -0.0537796020507813
-0.0857391357421875 0.00762176513671875 0.105575561523437 0.004241943359375
-0.101844787597656 -0.0698089599609375 0.0444984436035156 0.0384330749511719
-0.0605545043945313 -0.114273071289063 -0.0479621887207031 -0.00113296508789064
-0.0144119262695313 -0.129989624023438 -0.110443115234375 -0.156539916992188
-0.0306015014648438 0.0628929138183594 0.11346435546875 0.161209106445312
0.0278587341308594 0.0569877624511719 0.048095703125 0.0336799621582031
0.054473876953125 0.0240478515625 -0.0534133911132813 -0.0205764770507813
0.041961669921875 -0.0171318054199219 -0.111831665039062 0.00321197509765626
0.0259284973144531 -0.0220699310302734 -0.133636474609375 0.0475997924804687
0.0157661437988281 -0.0195674896240234 -0.113540649414063 0.120193481445312
0.0172290802001953 -0.0150566101074219 -0.0344390869140625 0.141433715820313
0.0222644805908203 -0.0128707885742187 0.00218200683593751 0.114524841308594
0.0251045227050781 -0.00867652893066406 0.0280914306640625 0.0923080444335938
0.0193309783935547 0.0111408233642578 0.0355453491210937 0.081695556640625
0.0148544311523438 0.0190410614013672 0.0593070983886719 0.0548591613769531
0.0164585113525391 0.0238037109375 0.0894317626953125 0.0526046752929688
0.00384521484375 0.042205810546875 0.10858154296875 0.0805130004882813
-0.0192718505859375 0.0561370849609375 0.152297973632813 0.071380615234375
-0.0517082214355469 0.0621528625488281 0.143569946289063 0.0718231201171875
-0.0786819458007813 -0.00213623046874999 0.0882568359375 0.169754028320313
-0.0146865844726563 0.00486087799072266 0.0279426574707031 0.0418319702148438
-0.00308990478515625 -0.00931072235107422 -0.0715103149414063 -0.011505126953125
-0.00806808471679688 -0.0264396667480469 -0.120452880859375 0.0129241943359375
-0.0234928131103516 -0.014251708984375 -0.137153625488281 0.0489883422851563
-0.0203514099121094 0.00810432434082031 -0.114288330078125 0.118194580078125
-0.000822067260742189 0.0267829895019531 -0.0373687744140625 0.139724731445313
0.00792503356933594 0.0331268310546875 -0.00177764892578124 0.110618591308594
0.0196266174316406 0.040313720703125 0.0266189575195313 0.0881576538085937
0.00213623046875 0.0545768737792969 0.03759765625 0.0716705322265625
-0.0201835632324219 0.0616340637207031 0.0622787475585937 0.045654296875
-0.0361480712890625 0.0552864074707031 0.0950851440429688 0.0539093017578125
-0.0704498291015625 0.0321884155273437 0.0988006591796875 0.0868377685546875
-0.081817626953125 0.0233383178710938 0.130340576171875 0.0768203735351563
-0.114501953125 0.00848388671875002 0.113090515136719 0.0703887939453125
-0.116493225097656 -0.0684890747070312 0.0518035888671875 0.155136108398438
-0.0592117309570313 -0.0524559020996094 -0.000579833984375003 0.0311431884765625
-0.0696296691894531 -0.0431556701660156 -0.0928726196289063 -0.0135879516601562
-0.0634727478027344 -0.0307044982910156 -0.130905151367187 0.0180511474609375
-0.0734710693359375 -0.000778198242187486 -0.135292053222656 0.0475082397460938
-0.0548324584960938 0.0382614135742188 -0.104072570800781 0.106636047363281
-0.0189628601074219 0.0656471252441406 -0.0355072021484375 0.121170043945313
-0.00714111328125001 0.0750961303710938 -0.00646972656250001 0.0913619995117188
0.0123291015625 0.083465576171875 0.0214157104492188 0.0677642822265625
-0.0131683349609375 0.0888595581054688 0.0372314453125 0.0459556579589844
-0.047576904296875 0.0943832397460938 0.0654563903808594 0.0253944396972656
-0.07574462890625 0.0817031860351563 0.100929260253906 0.046142578125
-0.130081176757813 0.0253372192382813 0.0914077758789062 0.0903778076171875
-0.13153076171875 -0.00600433349609372 0.0980148315429687 0.0821990966796875
-0.160568237304688 -0.0434112548828125 0.0660858154296875 0.0552482604980469
-0.139511108398438 -0.122299194335937 0.00727081298828124 0.117744445800781
-0.100677490234375 -0.103805541992188 -0.0354347229003906 0.00603103637695312
-0.135574340820313 -0.068115234375 -0.113761901855469 -0.0224456787109375
-0.118133544921875 -0.0241470336914063 -0.136695861816406 0.0174942016601562
-0.115798950195313 0.0216598510742187 -0.124588012695313 0.0411758422851563
-0.07989501953125 0.068328857421875 -0.0854110717773437 0.0838699340820313
-0.0312118530273438 0.0971298217773438 -0.0302505493164063 0.0868453979492188
-0.0206527709960937 0.105690002441406 -0.00925445556640625 0.0582008361816406
0.0018463134765625 0.112648010253906 0.0143280029296875 0.0358963012695313
-0.030029296875 0.107734680175781 0.0361289978027344 0.0104560852050781
-0.07086181640625 0.110038757324219 0.0677337646484375 0.000434875488281257
-0.104965209960937 0.0916061401367188 0.104484558105469 0.0355377197265625
-0.16925048828125 0.0110321044921875 0.0824813842773437 0.0899124145507813
-0.160049438476563 -0.0380096435546875 0.058868408203125 0.0858688354492188
-0.179931640625 -0.0904388427734375 0.00907516479492186 0.0294322967529297
-0.1412353515625 -0.155136108398438 -0.0421485900878906 0.0681495666503906
-0.125617980957031 -0.13580322265625 -0.076446533203125 -0.023834228515625
-0.180618286132813 -0.080169677734375 -0.127479553222656 -0.03271484375
-0.154205322265625 -0.011260986328125 -0.13299560546875 0.00886535644531252
-0.139007568359375 0.0431976318359375 -0.106132507324219 0.0247650146484375
-0.0894622802734375 0.090118408203125 -0.064056396484375 0.0473556518554688
-0.0375289916992188 0.114059448242188 -0.0253257751464844 0.0415840148925781
-0.0308685302734375 0.1209716796875 -0.01141357421875 0.0171747207641602
-0.0112991333007813 0.125633239746094 0.0106487274169922 -0.00382900238037109
-0.048553466796875 0.109588623046875 0.0400161743164063 -0.0272750854492187
-0.090362548828125 0.104248046875 0.0736083984375 -0.02392578125
-0.123878479003906 0.080230712890625 0.104141235351563 0.0244293212890625
-0.184707641601563 -0.0152587890625 0.0698623657226562 0.0849227905273438
-0.16400146484375 -0.073028564453125 0.0176315307617187 0.0824661254882813
-0.168838500976563 -0.129928588867188 -0.0456314086914063 -0.00658035278320314
-0.118621826171875 -0.159820556640625 -0.0893478393554688 0.01678466796875
-0.125732421875 -0.142333984375 -0.116195678710938 -0.0486221313476563
-0.188751220703125 -0.0774383544921875 -0.132705688476563 -0.0415878295898437
-0.157455444335938 0.00137329101562502 -0.12103271484375 -0.00476074218749999
-0.135398864746094 0.0541000366210938 -0.0843353271484375 0.000404357910156238
-0.0835952758789062 0.0954742431640625 -0.0451202392578125 0.00424194335937501
-0.0364303588867188 0.112136840820313 -0.0227775573730469 -0.00729942321777343
-0.0350418090820313 0.117355346679688 -0.0108833312988281 -0.0250034332275391
-0.022735595703125 0.120460510253906 0.0121879577636719 -0.0460052490234375
-0.0613327026367188 0.095062255859375 0.0516433715820312 -0.0630340576171875
-0.100234985351563 0.0822830200195313 0.0854873657226563 -0.0436630249023437
-0.128456115722656 0.053253173828125 0.103279113769531 0.0152511596679688
-0.174530029296875 -0.045654296875 0.0567474365234375 0.07513427734375
-0.144546508789063 -0.103744506835938 -0.0181617736816406 0.065826416015625
-0.133377075195313 -0.152542114257813 -0.0888137817382813 -0.0518417358398438
-0.0745697021484375 -0.138290405273438 -0.124732971191406 -0.0257797241210938
-0.0974044799804688 -0.125686645507813 -0.14544677734375 -0.064239501953125
-0.1552734375 -0.064697265625 -0.1280517578125 -0.0475082397460938
-0.126365661621094 0.00659942626953124 -0.105514526367188 -0.0217132568359375
-0.105911254882813 0.047760009765625 -0.0643234252929688 -0.0240859985351562
-0.0641708374023438 0.0797042846679687 -0.0332489013671875 -0.0355300903320312
-0.0308456420898438 0.090484619140625 -0.0245857238769531 -0.0501327514648437
-0.0330276489257813 0.09515380859375 -0.00886917114257813 -0.0619773864746094
-0.0278701782226563 0.0992279052734375 0.0199508666992187 -0.0839004516601562
-0.0615158081054688 0.072174072265625 0.0698928833007812 -0.0912628173828125
-0.0928878784179688 0.0543060302734375 0.102012634277344 -0.0553741455078125
-0.113784790039062 0.0256729125976563 0.103309631347656 0.00791168212890625
-0.144546508789063 -0.065093994140625 0.0470695495605469 0.0579414367675781
-0.10870361328125 -0.116943359375 -0.040435791015625 0.0367507934570312
-0.0809783935546875 -0.151153564453125 -0.11181640625 -0.101020812988281
-0.0144119262695313 -0.0979232788085938 -0.14227294921875 -0.0544281005859375
-0.047271728515625 -0.0922470092773438 -0.15777587890625 -0.0713043212890625
-0.0907058715820313 -0.0487213134765625 -0.117080688476563 -0.0550384521484375
-0.0706939697265625 -0.00105285644531249 -0.0943832397460938 -0.0389022827148437
-0.0613479614257813 0.020599365234375 -0.0521240234375 -0.0418624877929688
-0.0428237915039063 0.0436477661132812 -0.0289726257324219 -0.0620346069335938
-0.0250053405761719 0.0523300170898438 -0.0268325805664063 -0.0796279907226563
-0.02667236328125 0.0599327087402344 -0.00497436523437501 -0.08917236328125
-0.0249862670898438 0.0655784606933594 0.0304183959960937 -0.111541748046875
-0.0454444885253906 0.04510498046875 0.0901031494140625 -0.10760498046875
-0.066986083984375 0.0319976806640625 0.118240356445313 -0.0598907470703125
-0.0817642211914063 0.011260986328125 0.104873657226563 -0.000717163085937499
-0.101997375488281 -0.0606765747070312 0.0463142395019531 0.0366172790527344
-0.064971923828125 -0.105880737304687 -0.0455551147460938 0.00280761718749999
-0.0219497680664063 -0.123832702636719 -0.113449096679687 -0.143722534179688
-0.0266265869140625 0.058746337890625 0.114089965820313 0.149185180664063
0.0287513732910156 0.0518646240234375 0.047607421875 0.0297660827636719
0.0521583557128906 0.0205116271972656 -0.0527496337890625 -0.0193214416503906
0.0377464294433594 -0.0172576904296875 -0.108963012695313 0.00489807128906251
0.0233078002929688 -0.0214424133300781 -0.129035949707031 0.0505447387695313
0.0141677856445313 -0.0183067321777344 -0.105888366699219 0.120246887207031
0.0163059234619141 -0.0135793685913086 -0.0277862548828125 0.137161254882813
0.0206089019775391 -0.0122642517089844 0.00666809082031251 0.109512329101563
0.0231857299804688 -0.00788116455078125 0.030548095703125 0.0876922607421875
0.0183200836181641 0.0111789703369141 0.0386276245117188 0.0785140991210938
0.0143413543701172 0.0189590454101563 0.0598297119140625 0.0511856079101562
0.0154399871826172 0.0221138000488281 0.088104248046875 0.0485916137695312
0.00424575805664062 0.039276123046875 0.107231140136719 0.0741653442382813
-0.0166816711425781 0.0531120300292969 0.14935302734375 0.0648193359375
-0.0458984375 0.0598602294921875 0.1414794921875 0.06622314453125
-0.07501220703125 -0.00217437744140624 0.090606689453125 0.157241821289063
-0.0147228240966797 0.00294685363769531 0.0286598205566406 0.0373497009277344
-0.00545406341552734 -0.010045051574707 -0.068817138671875 -0.0100975036621094
-0.0108108520507813 -0.0248870849609375 -0.116355895996094 0.0151214599609375
-0.0245819091796875 -0.0122108459472656 -0.131973266601563 0.0514678955078125
-0.0194053649902344 0.00993919372558594 -0.106201171875 0.118537902832031
-4.95910644531275E-05 0.0269107818603516 -0.0307998657226562 0.135002136230469
0.00872993469238281 0.0333023071289063 0.00329589843750001 0.105422973632812
0.0201568603515625 0.0394058227539063 0.0298309326171875 0.0836029052734375
0.00341033935546875 0.0539817810058594 0.040130615234375 0.0684280395507813
-0.017913818359375 0.0607261657714844 0.0621681213378906 0.0425338745117188
-0.0341072082519531 0.0546340942382812 0.0944671630859375 0.04876708984375
-0.0672416687011719 0.0322608947753906 0.0994033813476563 0.0813751220703125
-0.0777740478515625 0.0240020751953125 0.128959655761719 0.069915771484375
-0.109001159667969 0.0102615356445312 0.112922668457031 0.0649337768554687
-0.114608764648438 -0.0640487670898437 0.05615234375 0.143264770507813
-0.0599441528320313 -0.0506858825683594 0.00132560729980469 0.0277805328369141
-0.0703048706054688 -0.0398941040039062 -0.0893783569335937 -0.0114593505859375
-0.0643043518066406 -0.0279579162597656 -0.124984741210938 0.0202789306640625
-0.0719451904296875 0.00301361083984375 -0.128875732421875 0.0496597290039062
-0.0524940490722656 0.0398788452148437 -0.0970687866210938 0.106231689453125
-0.0164070129394531 0.0654487609863281 -0.0298309326171875 0.11663818359375
-0.00436401367187499 0.0737838745117188 -0.00173187255859375 0.0866470336914063
0.0148849487304688 0.0806808471679688 0.0240440368652344 0.0639152526855469
-0.009857177734375 0.0872573852539062 0.0392875671386719 0.0429458618164063
-0.042938232421875 0.093841552734375 0.0649147033691406 0.023101806640625
-0.0713882446289062 0.0811920166015625 0.101028442382813 0.0409317016601563
-0.1259765625 0.029449462890625 0.0929794311523438 0.0848846435546875
-0.127273559570312 -0.00273895263671873 0.0984878540039062 0.0758056640625
-0.155319213867188 -0.037078857421875 0.0670242309570312 0.0523338317871094
-0.138221740722656 -0.114967346191406 0.0121994018554687 0.109176635742187
-0.101631164550781 -0.0973892211914062 -0.0331974029541016 0.00431251525878906
-0.134231567382813 -0.0614242553710937 -0.108444213867188 -0.0193099975585938
-0.116020202636719 -0.0193023681640625 -0.129661560058594 0.020294189453125
-0.111961364746094 0.02532958984375 -0.118972778320313 0.0425949096679687
-0.0752334594726563 0.06915283203125 -0.0799713134765625 0.08258056640625
-0.0277557373046875 0.0955963134765625 -0.0257568359375 0.0834884643554688
-0.0157623291015625 0.103736877441406 -0.00617218017578125 0.0550270080566406
0.00605010986328125 0.109642028808594 0.0170326232910156 0.0327854156494141
-0.0263442993164063 0.10552978515625 0.03668212890625 0.00910568237304688
-0.0648117065429687 0.108955383300781 0.0665359497070313 -0.00159454345703124
-0.0989532470703125 0.0916671752929688 0.103874206542969 0.0291900634765625
-0.164154052734375 0.0173187255859375 0.084716796875 0.084503173828125
-0.156173706054688 -0.0321044921875 0.0610504150390625 0.08123779296875
-0.17657470703125 -0.0819549560546875 0.0118217468261719 0.0295867919921875
-0.141983032226563 -0.145462036132812 -0.0373039245605469 0.0625381469726563
-0.127342224121094 -0.126502990722656 -0.0738754272460938 -0.0229721069335938
-0.178085327148438 -0.07012939453125 -0.122451782226563 -0.0289688110351563
-0.149627685546875 -0.00558471679687498 -0.126235961914062 0.011505126953125
-0.1329345703125 0.0472564697265625 -0.101776123046875 0.0259780883789063
-0.0839157104492188 0.0915908813476562 -0.0601463317871094 0.0461959838867188
-0.0322036743164063 0.112480163574219 -0.0231361389160156 0.0391387939453125
-0.0245742797851563 0.118034362792969 -0.00921821594238281 0.0161857604980469
-0.00539398193359375 0.121879577636719 0.0114688873291016 -0.00541019439697265
-0.0430755615234375 0.10748291015625 0.038116455078125 -0.0285377502441406
-0.0837249755859375 0.104087829589844 0.0715789794921875 -0.0256195068359375
-0.117050170898438 0.0810775756835938 0.103584289550781 0.0190887451171875
-0.178848266601563 -0.00698852539062503 0.0729217529296875 0.0810775756835938
-0.16119384765625 -0.0651092529296875 0.021697998046875 0.078948974609375
-0.167892456054688 -0.118896484375 -0.0422554016113281 -0.00365447998046877
-0.121231079101562 -0.149887084960938 -0.08453369140625 0.0150604248046875
-0.128013610839844 -0.132545471191406 -0.112884521484375 -0.0453262329101563
-0.1849365234375 -0.0662689208984375 -0.127601623535156 -0.037322998046875
-0.151351928710938 0.00650024414062498 -0.115005493164063 -0.00246429443359373
-0.128425598144531 0.0578460693359375 -0.08026123046875 0.00241851806640626
-0.0770263671875 0.0955810546875 -0.0434989929199219 0.00373077392578125
-0.0315399169921875 0.109916687011719 -0.0232353210449219 -0.00770187377929687
-0.0290145874023438 0.113853454589844 -0.0106143951416016 -0.0243473052978516
-0.0169219970703125 0.116203308105469 0.0114631652832031 -0.0456161499023437
-0.0567550659179687 0.0946121215820313 0.0480155944824219 -0.0631942749023438
-0.0938262939453125 0.083099365234375 0.082427978515625 -0.0454788208007812
-0.122047424316406 0.0553817749023438 0.102752685546875 0.0101089477539063
-0.170425415039063 -0.0367584228515625 0.0596160888671875 0.0715408325195313
-0.143814086914063 -0.094757080078125 -0.0136375427246094 0.0645027160644531
-0.134307861328125 -0.141464233398437 -0.0849609375 -0.0449295043945313
-0.0778961181640625 -0.129867553710938 -0.121589660644531 -0.0240554809570313
-0.0993423461914062 -0.116012573242187 -0.142303466796875 -0.0589599609375
-0.151657104492187 -0.0551300048828125 -0.124015808105469 -0.0435943603515625
-0.120941162109375 0.0106277465820312 -0.101654052734375 -0.0184860229492188
-0.0998153686523438 0.0503768920898437 -0.06195068359375 -0.0219230651855469
-0.0592727661132813 0.0789794921875 -0.0337295532226563 -0.0348339080810547
-0.0266036987304687 0.0886688232421875 -0.0264244079589844 -0.0482521057128906
-0.0284194946289062 0.093353271484375 -0.00993728637695312 -0.0598907470703125
-0.0226058959960937 0.0957717895507812 0.017059326171875 -0.08172607421875
-0.0573959350585937 0.071685791015625 0.0640335083007813 -0.0906524658203125
-0.087738037109375 0.055572509765625 0.0978164672851563 -0.0573501586914063
-0.107917785644531 0.0282516479492188 0.101356506347656 0.00351715087890625
-0.140838623046875 -0.05657958984375 0.0490379333496094 0.054901123046875
-0.108299255371094 -0.108512878417969 -0.0356178283691406 0.0374755859375
-0.0844879150390625 -0.141464233398438 -0.109458923339844 -0.0912857055664062
-0.01812744140625 -0.0930252075195313 -0.139320373535156 -0.0503921508789063
-0.0498046875 -0.085601806640625 -0.154434204101563 -0.0643310546875
-0.0881271362304688 -0.0419692993164063 -0.113853454589844 -0.0507125854492188
-0.0673713684082031 0.00144577026367186 -0.0918350219726563 -0.0351181030273437
-0.0576858520507812 0.0225868225097656 -0.051300048828125 -0.0398216247558594
-0.0388603210449219 0.043304443359375 -0.0308341979980469 -0.0600547790527344
-0.0218315124511719 0.0505180358886719 -0.0289688110351563 -0.0764694213867188
-0.0225448608398437 0.0577621459960938 -0.00746917724609374 -0.08477783203125
-0.0212554931640625 0.0624885559082031 0.0258331298828125 -0.108596801757813
-0.0424728393554688 0.0447502136230469 0.0831756591796875 -0.106353759765625
-0.0628318786621094 0.0325660705566406 0.112831115722656 -0.0615997314453125
-0.0774078369140625 0.01275634765625 0.102729797363281 -0.00461578369140625
-0.0993423461914063 -0.05328369140625 0.0469284057617187 0.0355644226074219
-0.0657424926757812 -0.09759521484375 -0.0419235229492188 0.00612640380859374
-0.0264816284179687 -0.1168212890625 -0.113105773925781 -0.133399963378906
-0.0239181518554687 0.0550994873046875 0.113235473632813 0.141006469726563
0.0286445617675781 0.0480728149414063 0.0471954345703125 0.0265312194824219
0.0501708984375 0.0179595947265625 -0.0518074035644531 -0.01910400390625
0.0341987609863281 -0.0169525146484375 -0.106758117675781 0.00577545166015624
0.0208721160888672 -0.0207424163818359 -0.125953674316406 0.0514373779296875
0.0134429931640625 -0.0173568725585938 -0.101539611816406 0.120033264160156
0.0150175094604492 -0.0128345489501953 -0.0240859985351562 0.133003234863281
0.0192012786865234 -0.0114707946777344 0.00855255126953126 0.105751037597656
0.0219764709472656 -0.00745391845703125 0.0325164794921875 0.0848159790039062
0.0179595947265625 0.0117664337158203 0.04034423828125 0.0763931274414063
0.0139446258544922 0.0187206268310547 0.0596122741699219 0.0494422912597656
0.0140857696533203 0.0209674835205078 0.08685302734375 0.046539306640625
0.00395584106445312 0.0368194580078125 0.105751037597656 0.0717697143554688
-0.0152359008789063 0.050994873046875 0.145889282226563 0.06121826171875
-0.0418434143066406 0.0572586059570313 0.139213562011719 0.0641555786132813
-0.072723388671875 -0.00337219238281251 0.09033203125 0.148895263671875
-0.0150690078735352 0.00100135803222656 0.0289268493652344 0.0340652465820313
-0.00678634643554687 -0.0104761123657227 -0.0672531127929688 -0.0101318359375
-0.0132503509521484 -0.0240802764892578 -0.112983703613281 0.0144577026367187
-0.0249996185302734 -0.0109786987304687 -0.128776550292969 0.0519027709960938
-0.0197696685791016 0.0109348297119141 -0.101715087890625 0.117355346679688
0.000217437744140624 0.0274429321289063 -0.0272140502929688 0.130844116210938
0.00905799865722656 0.0331077575683594 0.00586700439453124 0.101249694824219
0.0200424194335938 0.0389022827148437 0.0315322875976563 0.0804443359375
0.00386428833007812 0.0531654357910156 0.041748046875 0.0663833618164062
-0.0167350769042969 0.0604743957519531 0.062408447265625 0.0406227111816406
-0.0336036682128906 0.0532760620117188 0.0936279296875 0.0460205078125
-0.0659751892089844 0.0321273803710938 0.0994415283203125 0.0785751342773438
-0.0755691528320313 0.0232391357421875 0.126976013183594 0.0658721923828125
-0.104225158691406 0.0108795166015625 0.112129211425781 0.0630340576171875
-0.112442016601563 -0.0623855590820313 0.0565872192382813 0.134712219238281
-0.05987548828125 -0.0502052307128906 0.00236701965332031 0.02471923828125
-0.0710906982421875 -0.0384292602539063 -0.0860519409179688 -0.0106582641601562
-0.0652236938476562 -0.0257377624511719 -0.121177673339844 0.0199127197265625
-0.071136474609375 0.004486083984375 -0.125732421875 0.0501632690429688
-0.0511817932128906 0.0408859252929688 -0.0920944213867188 0.1044921875
-0.0153274536132812 0.0652008056640625 -0.027008056640625 0.112869262695313
-0.00259399414062501 0.0729522705078125 0.000564575195312504 0.0831527709960938
0.0157623291015625 0.0789947509765625 0.026611328125 0.0610237121582031
-0.00848388671875 0.0855636596679688 0.0404891967773438 0.0412178039550781
-0.0407562255859375 0.0928955078125 0.0648994445800781 0.0213356018066406
-0.0686264038085937 0.08026123046875 0.100151062011719 0.0373916625976563
-0.122489929199219 0.03033447265625 0.0941390991210937 0.0815277099609375
-0.124114990234375 -0.00177001953125 0.0982284545898437 0.0724563598632813
-0.151031494140625 -0.0340576171875 0.0679855346679687 0.0509109497070313
-0.137626647949219 -0.111106872558594 0.013702392578125 0.101417541503906
-0.101394653320313 -0.0940628051757813 -0.0313796997070313 0.0023040771484375
-0.132827758789063 -0.0572509765625 -0.104866027832031 -0.0186614990234375
-0.114128112792969 -0.017181396484375 -0.125297546386719 0.0196533203125
-0.109046936035156 0.0274124145507812 -0.115676879882813 0.0427703857421875
-0.072509765625 0.0703887939453125 -0.0760345458984375 0.0809783935546875
-0.0252151489257812 0.0951461791992188 -0.0238494873046875 0.0798492431640625
-0.0128402709960938 0.101852416992187 -0.00376129150390625 0.0521087646484375
0.00885009765624999 0.106414794921875 0.0184955596923828 0.0306968688964844
-0.023773193359375 0.10418701171875 0.0369720458984375 0.00856781005859376
-0.0615310668945312 0.1085205078125 0.0659446716308594 -0.00276184082031249
-0.0952682495117188 0.0907211303710938 0.10321044921875 0.0259017944335938
-0.159011840820313 0.020172119140625 0.0861587524414062 0.0819549560546875
-0.153305053710938 -0.02923583984375 0.0623626708984375 0.0779800415039062
-0.172332763671875 -0.0764007568359375 0.0138683319091797 0.0297260284423828
-0.141220092773437 -0.13958740234375 -0.0351028442382812 0.0572280883789062
-0.127708435058594 -0.121040344238281 -0.07073974609375 -0.0233993530273438
-0.1749267578125 -0.063995361328125 -0.117477416992188 -0.0286331176757813
-0.145767211914063 -0.00337219238281251 -0.121429443359375 0.01171875
-0.128746032714844 0.049346923828125 -0.097930908203125 0.0264816284179688
-0.0802078247070313 0.0909271240234375 -0.057861328125 0.0445823669433594
-0.0294570922851563 0.110984802246094 -0.0226097106933594 0.0374526977539063
-0.0204544067382812 0.115791320800781 -0.0074930191040039 0.0145273208618164
-0.00235748291015625 0.1182861328125 0.0126314163208008 -0.00641536712646484
-0.0406417846679688 0.105552673339844 0.0376930236816406 -0.0277214050292969
-0.0796432495117188 0.103507995605469 0.0709915161132813 -0.0271530151367187
-0.112899780273437 0.0810317993164063 0.102973937988281 0.015380859375
-0.173828125 -0.00320434570312496 0.0745086669921875 0.07818603515625
-0.158676147460938 -0.061309814453125 0.0240402221679687 0.0768356323242187
-0.165679931640625 -0.111968994140625 -0.0387649536132813 -0.00150680541992188
-0.121688842773438 -0.143463134765625 -0.081634521484375 0.011688232421875
-0.12744140625 -0.125862121582031 -0.109443664550781 -0.0441741943359375
-0.181655883789062 -0.059234619140625 -0.1226806640625 -0.0359268188476563
-0.146942138671875 0.00894165039062503 -0.110183715820313 -0.00170135498046876
-0.123527526855469 0.0592880249023437 -0.078033447265625 0.00276184082031249
-0.073486328125 0.0943756103515625 -0.0427665710449219 0.00305175781250001
-0.028961181640625 0.107765197753906 -0.0233612060546875 -0.00782775878906249
-0.0252532958984375 0.111259460449219 -0.00989913940429688 -0.0243301391601562
-0.0135574340820312 0.113128662109375 0.0112838745117188 -0.0451011657714844
-0.05364990234375 0.0929107666015625 0.0459823608398438 -0.06195068359375
-0.0901107788085937 0.0824050903320313 0.080780029296875 -0.0460357666015625
-0.117904663085937 0.0555648803710938 0.101509094238281 0.00713348388671875
-0.165969848632813 -0.031463623046875 0.0614204406738281 0.0693778991699219
-0.141754150390625 -0.089752197265625 -0.0100822448730469 0.0637245178222656
-0.13372802734375 -0.134841918945313 -0.0812454223632813 -0.041351318359375
-0.0792922973632813 -0.124214172363281 -0.118095397949219 -0.0249099731445313
-0.10028076171875 -0.109542846679687 -0.138397216796875 -0.0566253662109375
-0.14825439453125 -0.048370361328125 -0.120201110839844 -0.0420150756835937
-0.11651611328125 0.011932373046875 -0.0976409912109375 -0.017669677734375
-0.0945892333984375 0.0514907836914063 -0.0601997375488281 -0.0213699340820313
-0.0555343627929687 0.0782928466796875 -0.0340099334716797 -0.0349388122558594
-0.0244903564453125 0.0864334106445313 -0.0274276733398438 -0.0465850830078125
-0.02484130859375 0.0897445678710937 -0.0103492736816406 -0.0584259033203125
-0.0192642211914063 0.0928115844726563 0.0155410766601562 -0.0804214477539063
-0.054901123046875 0.0701560974121094 0.0612716674804687 -0.0888137817382813
-0.0843582153320313 0.0551986694335937 0.0957183837890625 -0.058349609375
-0.104446411132813 0.0285797119140625 0.1005859375 0.000579833984375002
-0.137420654296875 -0.0510482788085937 0.0502586364746094 0.0541038513183594
-0.107406616210938 -0.10260009765625 -0.0321807861328125 0.038543701171875
-0.0850067138671875 -0.134910583496094 -0.105621337890625 -0.0854263305664063
-0.0204849243164062 -0.0888900756835938 -0.137809753417969 -0.0492019653320313
-0.0502090454101563 -0.0802459716796875 -0.151168823242188 -0.0613555908203125
-0.08551025390625 -0.0372543334960937 -0.11114501953125 -0.0484237670898438
-0.0645866394042969 0.00240325927734375 -0.0895462036132813 -0.0337142944335937
-0.0543670654296875 0.0233116149902344 -0.0500106811523437 -0.0388450622558594
-0.0362739562988281 0.0423812866210938 -0.0316963195800781 -0.0595970153808594
-0.0209541320800781 0.0494804382324219 -0.0307540893554688 -0.073883056640625
-0.0205230712890625 0.0551910400390625 -0.00829315185546876 -0.0824050903320312
-0.018890380859375 0.0605010986328125 0.0233993530273438 -0.106246948242187
-0.0404052734375 0.0431404113769531 0.0784835815429688 -0.104995727539062
-0.060211181640625 0.0322990417480469 0.110000610351563 -0.06280517578125
-0.0743942260742187 0.0123977661132813 0.101432800292969 -0.00656890869140625
-0.0961837768554687 -0.049346923828125 0.0476112365722656 0.0345687866210938
-0.0652084350585938 -0.0924148559570313 -0.0390663146972656 0.00801086425781249
-0.02862548828125 -0.111602783203125 -0.110572814941406 -0.125381469726563
-0.0226554870605469 0.052276611328125 0.112953186035156 0.136917114257813
0.0283584594726563 0.0452804565429688 0.0471534729003906 0.02471923828125
0.0486564636230469 0.0161628723144531 -0.0522651672363281 -0.0197563171386719
0.0317420959472656 -0.0162239074707031 -0.1064453125 0.00557708740234373
0.01947021484375 -0.0201187133789063 -0.125679016113281 0.0530166625976563
0.0131969451904297 -0.0163717269897461 -0.0994338989257813 0.121002197265625
0.0149431228637695 -0.0122976303100586 -0.021942138671875 0.1317138671875
0.0187816619873047 -0.0109386444091797 0.0102310180664063 0.103462219238281
0.0213909149169922 -0.00697898864746094 0.033538818359375 0.0838470458984375
0.0176792144775391 0.0126838684082031 0.0427780151367187 0.0760726928710938
0.0133876800537109 0.0187892913818359 0.0601463317871094 0.0489387512207031
0.0128974914550781 0.0205364227294922 0.087249755859375 0.0456466674804688
0.00333404541015625 0.0353469848632813 0.105964660644531 0.0713424682617188
-0.0140228271484375 0.0494613647460938 0.145553588867188 0.059417724609375
-0.0395126342773438 0.055206298828125 0.1395263671875 0.0634536743164063
-0.0719833374023438 -0.0050506591796875 0.0906829833984375 0.143463134765625
-0.0158443450927734 -0.000370025634765626 0.0290298461914063 0.0319690704345703
-0.00854682922363281 -0.0116109848022461 -0.0663566589355469 -0.0105552673339844
-0.0152206420898438 -0.023101806640625 -0.112258911132813 0.014404296875
-0.0265522003173828 -0.00964927673339844 -0.128562927246094 0.0530471801757813
-0.0193843841552734 0.0122814178466797 -0.09930419921875 0.117698669433594
0.00042152404785156 0.028106689453125 -0.0252761840820312 0.129447937011719
0.00901603698730469 0.0337371826171875 0.00698089599609376 0.098907470703125
0.0203323364257813 0.0390434265136719 0.0329437255859375 0.0782318115234375
0.0042266845703125 0.05389404296875 0.0439300537109375 0.0655403137207031
-0.016082763671875 0.0607490539550781 0.0636482238769531 0.040191650390625
-0.0336380004882812 0.0535507202148438 0.0940780639648438 0.044769287109375
-0.0659637451171875 0.0325279235839844 0.100341796875 0.0777740478515625
-0.075042724609375 0.0228805541992188 0.126663208007813 0.0645904541015625
-0.101951599121094 0.0100173950195313 0.112777709960938 0.0632553100585938
-0.112640380859375 -0.0625381469726563 0.05780029296875 0.129386901855469
-0.0604248046875 -0.0504226684570313 0.0033111572265625 0.0221271514892578
-0.0718612670898438 -0.0371932983398437 -0.0845718383789063 -0.0114059448242188
-0.0661506652832031 -0.0253143310546875 -0.119667053222656 0.019500732421875
-0.0718460083007813 0.00601959228515624 -0.125244140625 0.0502700805664062
-0.0509071350097656 0.0420112609863281 -0.0908966064453125 0.104347229003906
-0.0135879516601562 0.065765380859375 -0.0250930786132812 0.111373901367188
-0.00136566162109374 0.0732955932617187 0.0019989013671875 0.080474853515625
0.0173110961914062 0.0788040161132813 0.028045654296875 0.0586738586425781
-0.00777435302734374 0.0860977172851562 0.0414199829101562 0.0410270690917969
-0.0390243530273437 0.0936126708984375 0.0658302307128906 0.0207405090332031
-0.0681076049804688 0.0806427001953125 0.100868225097656 0.035491943359375
-0.121231079101563 0.0316543579101562 0.0958709716796875 0.0805740356445313
-0.123565673828125 -0.00160980224609373 0.099395751953125 0.0707015991210938
-0.14935302734375 -0.033416748046875 0.0693893432617187 0.05108642578125
-0.138359069824219 -0.109611511230469 0.0150299072265625 0.0965728759765625
-0.102737426757812 -0.0929489135742188 -0.0298690795898438 0.000101089477539058
-0.133773803710938 -0.0546875 -0.102531433105469 -0.0189895629882813
-0.114814758300781 -0.0156478881835938 -0.123023986816406 0.0188446044921875
-0.108871459960938 0.0293121337890625 -0.114616394042969 0.042816162109375
-0.0720138549804687 0.07171630859375 -0.0746383666992188 0.0802078247070313
-0.02392578125 0.0959701538085938 -0.0232925415039063 0.0787353515625
-0.010986328125 0.101997375488281 -0.00250625610351563 0.0503959655761719
0.00998687744140624 0.105934143066406 0.0193538665771484 0.0289516448974609
-0.0225448608398438 0.104202270507812 0.0375823974609375 0.00779342651367188
-0.0593185424804688 0.108734130859375 0.06744384765625 -0.00368881225585937
-0.0942611694335937 0.0915374755859375 0.103988647460937 0.0235977172851563
-0.157943725585937 0.0223846435546875 0.0887374877929687 0.0807342529296875
-0.152755737304688 -0.0279541015625 0.0644989013671875 0.0768203735351563
-0.17193603515625 -0.0746612548828125 0.0156993865966797 0.0302867889404297
-0.143264770507813 -0.137527465820313 -0.0341453552246094 0.0527458190917969
-0.128913879394531 -0.118270874023438 -0.0693168640136719 -0.0251884460449219
-0.174850463867188 -0.0601959228515625 -0.115394592285156 -0.0287322998046875
-0.14532470703125 -0.002166748046875 -0.118820190429688 0.0108718872070313
-0.127098083496094 0.0513153076171875 -0.0972976684570313 0.0261077880859375
-0.0788497924804688 0.0920867919921875 -0.0568580627441406 0.0437393188476563
-0.0277099609375 0.111305236816406 -0.0219879150390625 0.0363616943359375
-0.01837158203125 0.114715576171875 -0.00697040557861328 0.0131645202636719
-0.000686645507812511 0.117073059082031 0.0132341384887695 -0.00772857666015624
-0.039764404296875 0.105934143066406 0.0378379821777344 -0.0279121398925781
-0.0780563354492187 0.104095458984375 0.0712814331054688 -0.0278701782226562
-0.111351013183594 0.0815353393554688 0.103858947753906 0.0123443603515625
-0.172988891601562 7.62939453124953E-05 0.0767745971679687 0.0770416259765625
-0.158309936523438 -0.0589141845703125 0.0264129638671875 0.0757522583007813
-0.166183471679688 -0.109588623046875 -0.0365943908691406 0.000354766845703123
-0.123947143554688 -0.1407470703125 -0.0812225341796875 0.00901031494140623
-0.128593444824219 -0.12200927734375 -0.107597351074219 -0.044769287109375
-0.180419921875 -0.05560302734375 -0.121070861816406 -0.03643798828125
-0.145858764648438 0.00996398925781251 -0.108467102050781 -0.0026092529296875
-0.120712280273437 0.0608139038085937 -0.0769882202148438 0.00182342529296875
-0.0710220336914062 0.094635009765625 -0.0422210693359375 0.00148773193359375
-0.0272140502929687 0.108062744140625 -0.0239429473876953 -0.00800132751464843
-0.0228118896484375 0.110610961914063 -0.00940132141113281 -0.0252685546875
-0.0119400024414062 0.111839294433594 0.0114479064941406 -0.0457077026367187
-0.0525131225585937 0.0931549072265625 0.0455780029296875 -0.0618820190429687
-0.0881500244140625 0.0829620361328125 0.0809326171875 -0.0470428466796875
-0.116607666015625 0.05584716796875 0.102409362792969 0.00505828857421875
-0.164932250976563 -0.0287628173828125 0.0633468627929687 0.0684127807617188
-0.142166137695313 -0.086639404296875 -0.00694656372070313 0.063262939453125
-0.1343994140625 -0.131027221679687 -0.078582763671875 -0.0388717651367188
-0.0816421508789063 -0.121841430664063 -0.117599487304687 -0.0261077880859375
-0.100357055664063 -0.105201721191406 -0.136665344238281 -0.0564804077148438
-0.146728515625 -0.044677734375 -0.118293762207031 -0.0422515869140625
-0.11492919921875 0.0130538940429688 -0.0958633422851563 -0.0183563232421875
-0.09283447265625 0.052642822265625 -0.0595779418945313 -0.0212974548339844
-0.05364990234375 0.0782089233398438 -0.0346832275390625 -0.0357170104980469
-0.0230789184570313 0.0860977172851563 -0.0283241271972656 -0.0472526550292969
-0.0222396850585938 0.089019775390625 -0.010162353515625 -0.0583038330078125
-0.017852783203125 0.0908126831054688 0.01483154296875 -0.0795059204101562
-0.0539703369140625 0.070404052734375 0.0597457885742188 -0.088775634765625
-0.0829849243164063 0.055633544921875 0.0953521728515625 -0.0595321655273438
-0.103157043457031 0.0284042358398438 0.100776672363281 -0.000801086425781248
-0.135650634765625 -0.047943115234375 0.05255126953125 0.0539321899414062
-0.107452392578125 -0.0993881225585937 -0.0300674438476563 0.0388069152832031
-0.0860519409179688 -0.131996154785156 -0.103721618652344 -0.082183837890625
-0.0225601196289062 -0.0862274169921875 -0.1368408203125 -0.0493621826171875
-0.0514373779296875 -0.0764312744140625 -0.149642944335938 -0.0602874755859375
-0.0841751098632812 -0.0342330932617188 -0.110328674316406 -0.04876708984375
-0.062835693359375 0.00297164916992187 -0.0880508422851563 -0.0332412719726563
-0.0526161193847656 0.0237884521484375 -0.0498237609863281 -0.0390243530273437
-0.0342864990234375 0.0425338745117187 -0.0329933166503906 -0.060028076171875
-0.0204505920410156 0.0485992431640625 -0.032623291015625 -0.0724105834960938
-0.0189285278320313 0.0543060302734375 -0.00901031494140625 -0.0812835693359375
-0.0174407958984375 0.058685302734375 0.0218124389648437 -0.104988098144531
-0.0398368835449219 0.0431709289550781 0.0768508911132813 -0.105072021484375
-0.058929443359375 0.0320091247558594 0.109474182128906 -0.0636672973632812
-0.0730438232421875 0.0123062133789062 0.101692199707031 -0.00756072998046875
-0.0943145751953125 -0.046722412109375 0.0490493774414062 0.0352935791015625
-0.0651397705078125 -0.0893707275390625 -0.0375289916992188 0.0091094970703125
-0.0298995971679688 -0.108421325683594 -0.109123229980469 -0.121604919433594
-0.0212249755859375 0.0511856079101563 0.116050720214844 0.133041381835938
0.0285568237304688 0.0430831909179688 0.0484199523925781 0.022369384765625
0.0476722717285156 0.0143013000488281 -0.0538482666015625 -0.0196342468261719
0.03033447265625 -0.0155582427978516 -0.108375549316406 0.00764465332031249
0.0178318023681641 -0.0204105377197266 -0.12628173828125 0.0572662353515625
0.0128879547119141 -0.0159368515014648 -0.09698486328125 0.125679016113281
0.0150661468505859 -0.0121135711669922 -0.0193099975585938 0.132499694824219
0.0185985565185547 -0.0107612609863281 0.012725830078125 0.103050231933594
0.0215167999267578 -0.00634002685546875 0.0361557006835938 0.083465576171875
0.0182113647460938 0.0128612518310547 0.0457382202148437 0.076019287109375
0.0134525299072266 0.0194587707519531 0.0622215270996094 0.0485916137695313
0.0122585296630859 0.0205364227294922 0.08892822265625 0.0448989868164063
0.00284004211425782 0.0347957611083984 0.108810424804688 0.0700302124023438
-0.0131912231445313 0.0484428405761719 0.147018432617187 0.0571746826171875
-0.0373344421386719 0.0548515319824219 0.142044067382813 0.0626068115234375
-0.0727157592773438 -0.00570678710937499 0.0938873291015625 0.139617919921875
-0.0163164138793945 -0.00205421447753906 0.0302715301513672 0.029693603515625
-0.0105009078979492 -0.0117835998535156 -0.0671119689941406 -0.0105705261230469
-0.0173854827880859 -0.0224361419677734 -0.112800598144531 0.0164337158203125
-0.0280342102050781 -0.00799751281738281 -0.129081726074219 0.0566635131835938
-0.0200634002685547 0.0139179229736328 -0.0973052978515625 0.121635437011719
0.00121307373046875 0.0294246673583984 -0.0223007202148438 0.129737854003906
0.0107059478759766 0.0341434478759766 0.0098876953125 0.0980758666992187
0.0217437744140625 0.0401535034179688 0.0362930297851563 0.0773544311523438
0.00593948364257812 0.0550422668457031 0.0470046997070313 0.0654258728027344
-0.0150184631347656 0.0622024536132813 0.065673828125 0.0390510559082031
-0.0339736938476562 0.0552024841308594 0.0966796875 0.042633056640625
-0.066375732421875 0.0342216491699219 0.1041259765625 0.0764541625976563
-0.0751724243164063 0.0231399536132813 0.129302978515625 0.0624923706054688
-0.101760864257813 0.0110931396484375 0.116012573242187 0.0623626708984375
-0.115432739257812 -0.0618515014648438 0.0604171752929688 0.125091552734375
-0.0631752014160156 -0.0505180358886719 0.00403022766113281 0.0194377899169922
-0.0752334594726562 -0.0364303588867188 -0.0850982666015625 -0.0109405517578125
-0.0688209533691406 -0.0230064392089844 -0.119979858398438 0.0210723876953125
-0.07366943359375 0.00843811035156248 -0.125350952148438 0.0533218383789063
-0.0505447387695313 0.0443496704101562 -0.0889434814453125 0.1068115234375
-0.0120582580566406 0.0677223205566406 -0.0224380493164063 0.111381530761719
0.000831604003906243 0.0738525390625 0.00469970703125 0.0799484252929688
0.0197296142578125 0.0797653198242188 0.0304985046386719 0.0576629638671875
-0.00635528564453124 0.0874099731445313 0.0447731018066406 0.0405235290527344
-0.037109375 0.0954513549804688 0.0683021545410156 0.0191841125488281
-0.0677947998046875 0.083099365234375 0.103263854980469 0.0325775146484375
-0.121963500976563 0.0356063842773437 0.100021362304688 0.0792770385742188
-0.124801635742188 0.000686645507812508 0.101966857910156 0.068756103515625
-0.151016235351562 -0.031005859375 0.0718994140625 0.05108642578125
-0.142440795898438 -0.107986450195312 0.016265869140625 0.092742919921875
-0.106498718261719 -0.0914764404296875 -0.0297565460205078 -0.00171470642089845
-0.137107849121094 -0.0515899658203125 -0.10247802734375 -0.018402099609375
-0.117790222167969 -0.0139007568359375 -0.122383117675781 0.0200042724609375
-0.109596252441406 0.0327529907226563 -0.114204406738281 0.0455551147460938
-0.0713729858398438 0.07452392578125 -0.073211669921875 0.0808486938476562
-0.0211257934570313 0.09783935546875 -0.0208740234375 0.0788650512695313
-0.00762939453125001 0.10284423828125 -0.000770568847656248 0.0491104125976563
0.013885498046875 0.106857299804688 0.0216064453125 0.027374267578125
-0.0209426879882812 0.106277465820312 0.0396461486816406 0.00704956054687501
-0.057098388671875 0.112319946289062 0.0687713623046875 -0.00559234619140624
-0.0935897827148437 0.0946044921875 0.106193542480469 0.0202865600585938
-0.158889770507813 0.0269927978515625 0.0934371948242187 0.0798492431640625
-0.1551513671875 -0.0253143310546875 0.0675125122070312 0.07574462890625
-0.175338745117187 -0.0714263916015625 0.018167495727539 0.0318470001220703
-0.14886474609375 -0.134735107421875 -0.0333251953125 0.0504913330078125
-0.133369445800781 -0.115211486816406 -0.069549560546875 -0.0261001586914062
-0.17767333984375 -0.055755615234375 -0.115257263183594 -0.0281829833984375
-0.147079467773438 0.000732421874999997 -0.118705749511719 0.0117950439453125
-0.126922607421875 0.055755615234375 -0.097320556640625 0.0277023315429688
-0.076995849609375 0.0954437255859375 -0.0566596984863281 0.0434303283691406
-0.024688720703125 0.113822937011719 -0.0217399597167969 0.0363197326660156
-0.0147171020507813 0.116622924804688 -0.00597667694091797 0.0120420455932617
0.00305938720703124 0.117828369140625 0.0140209197998047 -0.00924587249755859
-0.0374221801757812 0.1087646484375 0.0382575988769531 -0.0292282104492187
-0.0762710571289063 0.1075439453125 0.0721206665039063 -0.0301742553710937
-0.111259460449219 0.08502197265625 0.105987548828125 0.00899505615234375
-0.17431640625 0.00494384765624998 0.0815658569335937 0.0766372680664063
-0.161834716796875 -0.0561370849609375 0.0300216674804687 0.0760650634765625
-0.169448852539063 -0.106735229492187 -0.0349178314208984 0.00243949890136719
-0.12939453125 -0.137710571289063 -0.0813980102539063 0.00798797607421874
-0.133499145507813 -0.117942810058594 -0.109046936035156 -0.04534912109375
-0.182769775390625 -0.049346923828125 -0.121551513671875 -0.0354156494140625
-0.14666748046875 0.0130462646484375 -0.108192443847656 -0.00180053710937501
-0.119659423828125 0.064971923828125 -0.0775070190429688 0.002777099609375
-0.0691070556640625 0.09747314453125 -0.043487548828125 0.00116348266601563
-0.0237655639648438 0.109855651855469 -0.0245895385742188 -0.00800132751464843
-0.0194931030273437 0.112129211425781 -0.00943374633789062 -0.0256824493408203
-0.00880432128906251 0.112640380859375 0.0113334655761719 -0.047119140625
-0.0513763427734375 0.0956878662109375 0.0448989868164063 -0.0635185241699219
-0.0867462158203125 0.0863265991210937 0.0817031860351563 -0.050445556640625
-0.116806030273438 0.0586776733398438 0.104270935058594 0.0011444091796875
-0.166351318359375 -0.0238494873046875 0.0680885314941406 0.0678749084472656
-0.144989013671875 -0.08331298828125 -0.00368118286132814 0.0642585754394531
-0.139122009277344 -0.1280517578125 -0.0784988403320313 -0.0359649658203125
-0.0860671997070312 -0.118949890136719 -0.119735717773438 -0.0267333984375
-0.104148864746094 -0.101783752441406 -0.138969421386719 -0.0558242797851563
-0.148162841796875 -0.0395660400390625 -0.11932373046875 -0.0414047241210938
-0.114784240722656 0.015777587890625 -0.0963516235351563 -0.01788330078125
-0.0906219482421875 0.05523681640625 -0.060699462890625 -0.0215644836425781
-0.051422119140625 0.079742431640625 -0.036468505859375 -0.0367774963378906
-0.0212020874023438 0.0873336791992188 -0.0306739807128906 -0.0462265014648438
-0.0200347900390625 0.0901336669921875 -0.0116424560546875 -0.0584335327148437
-0.015625 0.0918350219726563 0.0139541625976562 -0.0812835693359375
-0.053436279296875 0.0721969604492188 0.0586624145507813 -0.0909957885742188
-0.0820083618164063 0.0579605102539062 0.09521484375 -0.0629043579101563
-0.103195190429687 0.0303726196289063 0.102737426757813 -0.0046234130859375
-0.136932373046875 -0.0445175170898438 0.0560722351074219 0.0544509887695313
-0.110549926757813 -0.0969696044921875 -0.0274734497070313 0.04052734375
-0.0904083251953125 -0.129524230957031 -0.104629516601563 -0.0786209106445313
-0.0254592895507813 -0.0851364135742188 -0.139183044433594 -0.048553466796875
-0.0529708862304687 -0.0741348266601563 -0.151824951171875 -0.059326171875
-0.084869384765625 -0.0307540893554687 -0.111900329589844 -0.047607421875
-0.0627593994140625 0.00483703613281249 -0.0896148681640625 -0.0325469970703125
-0.0513763427734375 0.0255393981933594 -0.0518646240234375 -0.0395088195800781
-0.0331077575683594 0.0432929992675781 -0.0359077453613281 -0.0610008239746094
-0.0187530517578125 0.0497474670410156 -0.0353927612304688 -0.0720596313476563
-0.017669677734375 0.0538520812988281 -0.0101852416992188 -0.0813980102539063
-0.0160140991210937 0.0587005615234375 0.020263671875 -0.106185913085937
-0.0394210815429688 0.0436820983886719 0.075225830078125 -0.106880187988281
-0.0587272644042969 0.0328483581542969 0.109565734863281 -0.0673599243164063
-0.0727996826171875 0.0128173828125 0.103172302246094 -0.0104141235351562
-0.094757080078125 -0.043914794921875 0.0518646240234375 0.0358505249023438
-0.0676422119140625 -0.0866775512695313 -0.0354499816894531 0.0113601684570312
-0.0336532592773438 -0.107322692871094 -0.1109619140625 -0.118362426757812
0.0354376581675021 -0.0216233324959573 -0.0505405421361623 0.164710985212702
0.0105888952896961 -0.0495910795155506 -0.00570643879576501 0.0540411052391929
-0.0102599929643567 -0.0456109323596874 -0.0183988179391466 -0.0529470427229774
-0.024038123276881 -0.0159722371555124 -0.0609350272476064 -0.0850813756448791
-0.014426716557755 -0.00525863681643949 -0.122402007037612 -0.0810992578795216
-0.00769371272005472 -0.0112582663661767 -0.154502631871745 -0.0266736317211089
-0.0165812049086785 -0.0148019159770992 -0.131453465055209 0.0314956092272304
-0.0205516538383141 -0.0132733681332393 -0.0918244226642179 0.0632648862293078
-0.0179166469904904 -0.0214054888392641 -0.063613186511095 0.0717925284401697
-0.00476506465955027 -0.0264344443463912 -0.0453229491473696 0.0757882063506229
0.00302378572132644 -0.025805073720921 -0.01748683518134 0.0809184667512228
0.00625509731180898 -0.0248935860260074 -0.00127371798611768 0.102781756829557
0.0150727650557565 -0.0327476925706671 -0.000523561283831376 0.125636446766073
0.0360998687977545 -0.0218166529223378 0.0226279124099709 0.148774758257524
0.0511238807672186 -0.000743634098560339 0.0395700937624709 0.140460435968355
0.0202893349148525 0.0485694315035224 -0.0562510255856442 0.147890318641379
0.00488201917162482 0.0145229255437829 -0.00774831949520284 0.0398147193755441
0.0035616310561587 0.0161645276271683 -0.0215726335768007 -0.0698785343480987
0.00458623530611613 0.0286837116727618 -0.0627187345481745 -0.096218299388502
0.0281674119576914 0.0192088105600487 -0.123475410351852 -0.09088189073207
0.0357189313496785 -0.00441802279543886 -0.152920492422345 -0.0353617549907627
0.027263856075838 -0.0248346881034569 -0.131952573553893 0.0214674843508365
0.0169051042342916 -0.0362134323325467 -0.0917301882545746 0.0555127867620664
0.0211439882062011 -0.0482755191685796 -0.0610406896739615 0.0649357822554055
0.0359289987095472 -0.0431170554162651 -0.037572072115639 0.0662505112308541
0.053060348981877 -0.0341005545067411 -0.00790156313497063 0.072160209366631
0.0630623977993169 -0.00707468961362612 0.00773082355027838 0.0994320982005227
0.06476876990545 0.0128613067411308 -0.00291735868618808 0.121620498568814
0.0545415816221629 0.0394984969711327 0.0170438150977722 0.13624407160457
0.0515313688276491 0.0704746806799516 0.0316621333394112 0.125008499471341
0.00204878698502994 0.113154039477974 -0.0519232658471673 0.110227530563959
-0.00182460531401767 0.0836013866072576 0.00249075201280169 0.00956191551928609
0.0227123063910396 0.0833017461274362 -0.0171814123555073 -0.0988558975543939
0.0396852851215386 0.0728418221394481 -0.0630727586652265 -0.112569895160129
0.0726503944846631 0.0397325249794927 -0.119235666883849 -0.0969960254155142
0.0780072704765989 0.000294507713939173 -0.138600906226688 -0.0409509996299975
0.0686651368286366 -0.0328180486422348 -0.1174167585834 0.00817104063724006
0.0517607032774273 -0.0539358179030111 -0.0790735905821399 0.0389437480411401
0.0558846529979706 -0.0679676440225432 -0.0477707122420128 0.0475355134563661
0.0697799454102631 -0.0538222719865355 -0.0196385106249938 0.046973300211645
0.0923134466570197 -0.0400320508453296 0.0107684690274345 0.059064865148012
0.107935381975765 0.00507120221648848 0.0220051440748262 0.093576501391354
0.10602433959361 0.0479611240790874 -0.00272644170557029 0.11579940209374
0.0686074536288006 0.089455407002164 0.00504911117196695 0.1162769187869
0.0461025342800213 0.129358670481225 0.0189963058522186 0.089858033906159
-0.0142072250467629 0.162453547104057 -0.0404106525732856 0.0555755918091697
-0.00276891628529859 0.145189111445587 0.0176006918073066 -0.0344553527906896
0.0492358730723729 0.143303809874151 -0.00886556423142007 -0.131040762312034
0.0824734568612129 0.108212293210168 -0.0599278812308747 -0.12954209054676
0.115888349179889 0.0485788400276053 -0.107589304790571 -0.0980550390870236
0.110988580380995 -0.000654441645469741 -0.110607202118297 -0.0442634981064484
0.0996494402122384 -0.0387056119752572 -0.0880722448806079 -0.00724131483844244
0.0786864178572524 -0.0650143172491132 -0.0550767824314122 0.0172115204262463
0.0824114549206662 -0.0763004488109008 -0.0248636070911131 0.0235220106793215
0.0947092792579082 -0.0524246347248658 0.00673461393060615 0.0234271322402054
0.117457041156108 -0.0350233245412975 0.0352710264767784 0.0443850763034465
0.132800271070914 0.020239430408754 0.0372665885193012 0.0863260701695639
0.127313945281542 0.0779868237259839 -0.0034963877009324 0.108943822902578
0.0697329702738097 0.127064077445721 -0.0133692716394282 0.0914779910188302
0.0303016150451216 0.168321671786094 0.00497716844909748 0.0413631338235347
-0.0255623306608101 0.184828341955994 -0.028950283385467 -0.0100554490353831
4.77533583067118E-05 0.18290764612586 0.0280351821327551 -0.0847438380519402
0.0717602892601151 0.178904377532661 -0.00119373867031656 -0.157553174083442
0.11585054639836 0.123573797860925 -0.0499840516023288 -0.139383237535526
0.142675722776566 0.0461241262320563 -0.0845089834491857 -0.0947249761262962
0.127927151596744 -0.00549489391674593 -0.0722617360717714 -0.0487803085658309
0.11509225238247 -0.0416670872602127 -0.0496501408329017 -0.0251747368177255
0.0933146560271189 -0.0652908103397541 -0.0231028030695492 -0.0067655993076934
0.0978548061839076 -0.0715155161893672 0.0057834025959281 -0.000846499128236024
0.107964374371684 -0.0385884474590662 0.0380145992055118 0.00335157843662373
0.126811682642361 -0.0172922151771551 0.0617965162566089 0.0335744558258575
0.135711271748869 0.0419430735687925 0.0506899420696477 0.0792252816042497
0.125178914338372 0.104446897797573 -0.00414402629222249 0.0974591600058478
0.0534701740536917 0.150095514353881 -0.0302818013059273 0.0626183788346505
0.00388290790948003 0.182801329259753 -0.0046832237019753 -0.0126403340481137
-0.0315465043609813 0.174887110548299 -0.021520850742084 -0.071642595598394
0.00253866201341575 0.185388035273262 0.0260366214345779 -0.130946115878855
0.0797403716900858 0.179276955432474 0.00108465501493965 -0.168141417684983
0.124255883397323 0.114360592930043 -0.036630584931971 -0.138128484767819
0.142292978669119 0.0362701854061929 -0.0519692975067992 -0.0899386052662733
0.122200643988589 -0.00878399150417737 -0.0291559045211508 -0.0557713319159289
0.111275685144737 -0.0376450827479281 -0.00900549072190243 -0.0427151223085034
0.0928915705178611 -0.0565124106618402 0.0118343115216001 -0.0286295438732667
0.0988842651798281 -0.0551436665567544 0.0405949079050027 -0.020096349659629
0.107015427188095 -0.0180915207901496 0.072503472108451 -0.00781812447162926
0.117737849274127 0.00649591513179794 0.088601509916971 0.0327310484500548
0.116452903684296 0.0633160050789292 0.0604479463796674 0.0770826699802643
0.100529473411467 0.120331054226306 -0.00365377706837487 0.0842560778860818
0.0248897692401391 0.154062843482737 -0.0376588931044009 0.0316804583256974
-0.0249846461365733 0.171579549003509 -0.00435543449016694 -0.065573053209646
-0.0340890323005022 0.133447459153618 -0.020549638570428 -0.119663018461556
0.000546417446030073 0.151068218953329 0.0143151945800677 -0.160746706337091
0.0678481554414782 0.144807374089005 0.0011868775539132 -0.163130122467801
0.103159088308506 0.0861204423331266 -0.0220584443604514 -0.127176966907441
0.111882901664434 0.0246871577204154 -0.0195360921705663 -0.0837728776486311
0.0957126764452221 -0.00708764438594917 0.00886490998729654 -0.0632477714867629
0.0898769909947687 -0.0260436946139073 0.0267233076111589 -0.0590991444144812
0.0778711908308616 -0.0396562459752567 0.043961573499386 -0.044811750207341
0.0836307480751039 -0.0344617247103217 0.0754847384669954 -0.0309251385212874
0.088946776446934 0.000628428249083737 0.104687522151089 -0.0067766344349275
0.0930860406955055 0.0228153748360144 0.109469862575482 0.0432167727060312
0.084020383568705 0.0696973523358036 0.0661489711444046 0.0778707734966788
0.0660421736512015 0.116497420471356 0.000246712208546109 0.070581251055709
-0.00427894907772382 0.136893283414198 -0.0319476849299095 0.00275217537418355
-0.0481004955651973 0.136217610697512 0.00744337602050225 -0.110271552626221
-0.036936107875258 0.0682383749263899 -0.0229293754960347 -0.143829407162158
-0.00855534121841394 0.0912451159963413 -0.000462651708361188 -0.170878283570803
0.036533815761433 0.0880242140896218 0.00174803691574366 -0.146598142630134
0.0558297366088906 0.0514727438076333 -0.00841558919522684 -0.113585739673724
0.061168099982454 0.0204868663363529 0.00561305559161737 -0.0784288145677462
0.0557392510315469 0.00402779973179047 0.0344402526486656 -0.0682137013693289
0.0554944580233098 -0.00564494271632411 0.0523773063913699 -0.0676650893860353
0.0509139574323004 -0.0165672064102916 0.0692752246018656 -0.0533552232197565
0.0549586530825289 -0.0130196398872242 0.10348105413229 -0.0318508641195078
0.0572913498039345 0.00925005551663899 0.126293617303367 0.00381173145692515
0.0578227765751886 0.0233381219390603 0.120146832381671 0.0594007092903841
0.0494219236569676 0.0548184939145739 0.069059587107254 0.0805418993970206
0.0352831030807046 0.0892707023593139 0.00903205995366978 0.0597207134843716
-0.0222311993399192 0.0998962492701864 -0.0160907153877394 -0.0176359133523403
-0.0585419536445657 0.0829984382087839 0.0270454617832245 -0.140846330714314
0.0331122018119752 -0.0223431751612194 -0.0392686001461808 0.164317668071048
0.00749156261714766 -0.0477910325760257 -0.000846715144228698 0.0530280389731554
-0.012158277746998 -0.0432203493235939 -0.0208507202518122 -0.0523755013070609
-0.0226046714449511 -0.0140137244227379 -0.0648473355730752 -0.0824915130058699
-0.0129557860046567 -0.00386573190807769 -0.126587879018091 -0.0731404099372626
-0.00740668922654939 -0.011298990652042 -0.15553084621346 -0.0166701522885069
-0.0164050573358299 -0.0140609125172821 -0.12793385588383 0.0377969677559462
-0.0204610735799589 -0.012036355008942 -0.0868620221886169 0.0671005428177502
-0.0183883169945289 -0.0201021713698698 -0.0584367436704951 0.0753138076664823
-0.00618892936422574 -0.0260278420723354 -0.040530067392421 0.0790205017334281
0.00187695132693318 -0.025450658642263 -0.0133002273580775 0.0813705095105025
0.00579760983055058 -0.0247923330584132 0.00469548542058663 0.102396288897565
0.0132756536430019 -0.0328359002212641 0.00627924056008631 0.125217432894172
0.0335219275664665 -0.0224789770690678 0.0300732226139875 0.14610494500947
0.0490849005423038 -0.00293339841049117 0.0464356777617514 0.138760073551348
0.0221939535317724 0.0481862051793246 -0.0455820769522612 0.147512171872807
0.00512244210387563 0.0164547260122038 -0.003497448662645 0.0384859531135305
0.00511565003681088 0.0173343623825959 -0.0242308301517036 -0.0688061029143257
0.00793676391869364 0.0293599642765009 -0.0662382534290099 -0.0933786645262057
0.0308236091048299 0.0176448895927474 -0.128237267369659 -0.0831839408667236
0.0363092161642953 -0.00700581750173248 -0.153830462483294 -0.0258985901655005
0.0263176715779154 -0.0268280384328078 -0.128829637051306 0.0285372418825205
0.0148968681714208 -0.0373236324126917 -0.0865389141996874 0.0590683244024407
0.0182767482109467 -0.0495847801162664 -0.0558341994643884 0.068269271593998
0.0333070511433034 -0.0451702468207458 -0.0326684438366156 0.069222128193211
0.0510756340542193 -0.0369271222433563 -0.00343838106520243 0.0725674112132338
0.0634755798065363 -0.0105363998164799 0.013096467820062 0.0986316372743638
0.0655178887501345 0.00934139955906712 0.00427697849384559 0.121580540713719
0.0554491345140872 0.0369148297975403 0.0248083852268702 0.134104637351812
0.0538804042578713 0.0674730426769294 0.0376250348153138 0.123930373637614
0.00820460454549127 0.113400852772656 -0.0429338939792138 0.109653462419875
0.00288205184258208 0.0841312139190233 0.00527401276741602 0.0080937838755618
0.0283870968077613 0.082346104227736 -0.020837849045688 -0.0968366765739051
0.0460364607290833 0.0714072569524061 -0.0671887065373263 -0.109387119402027
0.0762723646223092 0.0351312339406694 -0.124448135479413 -0.0898099467914401
0.0784348596432862 -0.00406948668898263 -0.138857977728012 -0.0329455970094942
0.0668679361110244 -0.0369129999536839 -0.114312774909558 0.0144080624150432
0.0487017018052652 -0.0570252153028087 -0.0749386574210903 0.0422091573638591
0.051227219526563 -0.0714313284229144 -0.0430142710529312 0.0499168282046814
0.0665880636116118 -0.0578567534475121 -0.0154841122790307 0.0487402071689689
0.0890299123760875 -0.0453671017679673 0.0150228916662344 0.0586464367106078
0.108509532869877 -0.00136962479198449 0.0279501313323122 0.0914433057901728
0.108070941202037 0.0413364427768333 0.00497112846733748 0.116571644118312
0.0725945998440165 0.0860967370830793 0.0116187249161895 0.115830249690225
0.0517582025504925 0.126073866756012 0.0237724981877939 0.0900387581637106
-0.00421325081125317 0.163248627762554 -0.0349377771087606 0.0540786572358547
0.00584592869579306 0.145136464749306 0.0177642145837378 -0.0362006161196167
0.057488189035005 0.139365034154905 -0.0143452504906627 -0.12902036534292
0.0890478934057778 0.103880578170477 -0.0650901385652399 -0.125327475393641
0.11847922460885 0.0412420545433658 -0.113142646682385 -0.0909734728829044
0.111131544564238 -0.0072525316755967 -0.11169949144995 -0.0379448485553319
0.0967307638241391 -0.0449019625308413 -0.0866880302590993 -0.00176325891032053
0.0736387371921374 -0.0690380915628437 -0.0515941388076783 0.0193818901729361
0.0766514966003478 -0.0815956990015874 -0.0219148457569716 0.0246630082573414
0.0912131466434784 -0.0576280252651038 0.00880849278012925 0.0237473699180924
0.114433997477736 -0.0424508269892671 0.0382547432811663 0.0423168352130761
0.134461956542102 0.0123195396768396 0.0426914523740912 0.0830098676896696
0.131079470881522 0.0699163221253343 0.00451242934834564 0.108922328148708
0.0763827433197936 0.123003419440329 -0.00749748860296977 0.0925011078036029
0.0394698090979187 0.165703211784648 0.00741998354868332 0.0427560539330279
-0.0132611248184263 0.186282099371799 -0.0268044238445739 -0.0102463132088061
0.0113944086974457 0.181550519738758 0.0247430429194603 -0.087006409647044
0.0819916339336087 0.173000051263094 -0.00817792099487706 -0.155893487899168
0.122249452781568 0.116561761849995 -0.0554826631128255 -0.135858118184089
0.144543811323509 0.0368865246292309 -0.0889960740041568 -0.0895543254839705
0.126952805746201 -0.0131481639404933 -0.0737502655284645 -0.0450956848325658
0.1114153935658 -0.0491360820740401 -0.0502811357201007 -0.0216877120438198
0.0878900201662799 -0.0707258252279563 -0.0222054573469437 -0.00572111417818327
0.0919931854117192 -0.0768618042834755 0.00674352070294056 -0.00118468922831368
0.105209753387791 -0.0448900112312958 0.0385160549663162 0.00145898010937057
0.124420767229786 -0.0251108054144535 0.0646432907942 0.0300819966802844
0.13812284276388 0.0341145145845019 0.0565132677633752 0.0752245037611098
0.130095427800595 0.0956324168455748 0.00310672175320872 0.0985422248432707
0.0617863510073805 0.14645386677404 -0.0251676816791433 0.0647058300886416
0.0154214426811599 0.181314654424474 -0.00480795692807316 -0.00978028573359974
-0.0194253348240446 0.17579458024035 -0.0236114409718566 -0.0727171859458814
0.0137300816894951 0.182917676738552 0.0204426222043809 -0.131997255248023
0.0906458031367107 0.172173256801654 -0.006294603331611 -0.16693552185676
0.129596627438577 0.107095724088253 -0.0416158573662533 -0.134676980067755
0.143015068777073 0.027478368117113 -0.0561815059366125 -0.0867574732427108
0.120741913099751 -0.0158949955093428 -0.0315405934154813 -0.0550486896313032
0.10864647735574 -0.0442701064672117 -0.011245562908562 -0.0424825942892473
0.0879745331163602 -0.0619503713187171 0.0113632410353358 -0.0292142417287494
0.0941542182098694 -0.0608251990613659 0.0401733484083763 -0.0219610049674194
0.105479721190206 -0.0240315072945665 0.0720007047495038 -0.0116173739066169
0.11701539265829 -0.000578713115995519 0.0910653532843668 0.0279705146685207
0.120117351517399 0.0565159533725405 0.066038790526882 0.0723915168268358
0.106889081134382 0.112960808729788 0.00247311786150932 0.085240045284915
0.0336538270146617 0.151816286886702 -0.0344281350435284 0.0345818414443608
-0.0141233397743842 0.171685677554951 -0.00799025339598868 -0.0630236132504631
-0.0245980715916782 0.134709857816161 -0.0250906649103849 -0.119520330102777
0.0102368342137699 0.148470733549277 0.00652003289433672 -0.161140341409895
0.0754998599282127 0.138012152683929 -0.00676193467117181 -0.161949833796107
0.106621914748734 0.0797350651913824 -0.0269904571728256 -0.124720500749009
0.112033326481826 0.0176694196912264 -0.0230280994154106 -0.082259329768801
0.0944352481916333 -0.0131272523383856 0.00522631470088429 -0.0648799564509164
0.0867112766057093 -0.031635455660242 0.0225668225142202 -0.0600351509234998
0.0739503006969685 -0.0434799892186969 0.0415525232026598 -0.0472763041677274
0.0805985267343864 -0.0390045969219598 0.0728221836956671 -0.0340332497408708
0.089312009363494 -0.00420184263874357 0.103553833474425 -0.0128225031112994
0.0933523053221254 0.0172199209030662 0.111634846697084 0.0358172139184011
0.0873600686021363 0.0655743150885399 0.0703044076276638 0.0734399362886146
0.0721127568927115 0.110055727024088 0.00518130665093991 0.0716493241534599
0.00403870226822836 0.135384619680781 -0.0309372400379621 0.00544734034737129
-0.0387423097325151 0.137845162906564 0.00127682650108937 -0.108869968185138
-0.0308270559985528 0.070124715712413 -0.0293949200491797 -0.143271826282614
-0.0022842699241893 0.0894807677611375 -0.00932949231043389 -0.169913572520292
0.0414937778486346 0.0829115336069985 -0.00603793024971355 -0.14525101581172
0.0576900423595031 0.0471191769104138 -0.0136637553957897 -0.112136319951901
0.0610352335375439 0.0159180887429251 0.00156656026291558 -0.0782611493358857
0.0545137729368927 0.000971522001689826 0.0306402378178991 -0.0710590616435905
0.0540599166513373 -0.00891612238842606 0.0469517257500802 -0.0702908852648952
0.0487083441674372 -0.0189238985546214 0.0656786667250985 -0.0567629501965658
0.0532188842518918 -0.0159123361697817 0.100480106264254 -0.0375780620025281
0.0577818401283596 0.00643180542083522 0.12606734186859 -0.00381767777674507
0.0581766030967661 0.0197197804424545 0.124021191691106 0.0513253611674944
0.0518191060858749 0.0520895495346639 0.07357516792563 0.0765331719378629
0.0401011204147295 0.0851530458131567 0.0126720149222732 0.0607074597707842
-0.0158046789478758 0.09927385765009 -0.0163817887203084 -0.0154440958086844
-0.0517420311193029 0.0851361964729757 0.019112688173326 -0.139698196492518
0.0297656642604451 -0.0224410217161677 -0.0290295496441084 0.159148185112287
0.00473963620270196 -0.044958709204073 0.00350442185298962 0.0504415783847164
-0.0134817654865219 -0.0400751822812374 -0.0221794121041965 -0.0512555585295727
-0.0212895167828176 -0.0124743161545831 -0.0674215925360246 -0.077777736821379
-0.011174645602195 -0.00306968734156001 -0.127353941184307 -0.0647980362182778
-0.00751905878491817 -0.0104086440607838 -0.151313316439426 -0.00709734327857195
-0.0164745682434882 -0.0125261904426427 -0.121474902939589 0.04305923625293
-0.0201472834684755 -0.0107963919722875 -0.0799666561294427 0.06873627867607
-0.0186893555744171 -0.0190038936362441 -0.0525341074952572 0.076939930074124
-0.007314690616821 -0.0260237919366065 -0.0345427806271332 0.0796780775409248
0.00125293240958775 -0.0255057056616834 -0.00901211650888146 0.079719791940443
0.0051651282272529 -0.0238696272704767 0.0094746995588768 0.0994862242253369
0.0116762503278395 -0.0317125804198096 0.0118709223775211 0.121721977136915
0.0304965766290893 -0.022675422189409 0.0352533306680928 0.139908439504281
0.046185045884874 -0.00474467999954036 0.0508830216074156 0.134447649161361
0.0233075403783257 0.0467151990619571 -0.0352987485081884 0.142634980275257
0.00601432887205522 0.0177627277989231 0.000643222457368166 0.036518237376985
0.00684550256418367 0.0179113426381525 -0.0256911412975828 -0.0665372574118626
0.0104850290543546 0.0286292048494269 -0.0683675889478022 -0.088087760253137
0.0324929861776813 0.0152188319283164 -0.129436431216583 -0.074376845666388
0.0359210097850933 -0.00920396338333342 -0.150673080193057 -0.0169441633887155
0.0247155010394474 -0.0280749584438583 -0.123226103564282 0.0339426011218932
0.0129308574158174 -0.0370173119043162 -0.0799806713843802 0.0602257384978148
0.0147733153453863 -0.0489011782265679 -0.0497408448555204 0.0694450343363904
0.0303313640186769 -0.0460454182327583 -0.0278278433939794 0.0692473336344623
0.0482417450066998 -0.0386807142789984 0.000267385909329091 0.0712454078181365
0.0620856641325252 -0.0128916428484339 0.0186566397602106 0.0950361470780843
0.0637669576552792 0.00601064422564824 0.0110895337993438 0.118766895674896
0.0555927960787378 0.0341753714852664 0.0307858345465091 0.128392508900098
0.0543689630267885 0.06326303242403 0.0424598216828865 0.120470557315058
0.0138625083845096 0.11104189457333 -0.0344857563399746 0.106192013688514
0.00696224308193329 0.0834052079158025 0.00767616993719167 0.00566363875329288
0.032556694507733 0.0790335257374294 -0.023749793871437 -0.0936224817986673
0.0493214162718961 0.0680617908434355 -0.0690581587349602 -0.103779499397851
0.0772634144793373 0.0299801901632973 -0.125112496628504 -0.0806981984723112
0.0771769048346374 -0.00797142751834911 -0.136233452934266 -0.0254560680827421
0.0635150230869678 -0.0399980445233878 -0.109312869538074 0.0192182028096387
0.0439900412759646 -0.0580860746442794 -0.0687593049458182 0.0433029479224618
0.0452475584414166 -0.0725159721558305 -0.0380940803742753 0.0510604297306655
0.0617242694379881 -0.0596095510139533 -0.0113056931303594 0.0492223349209744
0.0842548986177722 -0.0490105637513556 0.0179238213502194 0.056642147607418
0.106014433505109 -0.00668764842797891 0.0320417963456923 0.0876200166541761
0.106884748292294 0.0347732061558579 0.0116759280056298 0.114154242422969
0.0748383200920157 0.080745891396615 0.0175873508178975 0.112275708987723
0.0562514365353054 0.120325880002948 0.0281555848665196 0.0878317599685696
0.00491937373404734 0.159234759013924 -0.0290015421594651 0.0516884967821881
0.0123934336140387 0.141511935787514 0.0177273568456035 -0.037646590053635
0.063839733632773 0.132319978103136 -0.0183282363257107 -0.125178410965782
0.0925367558764228 0.0970591498657192 -0.0664564189704884 -0.11961762008733
0.118398069995632 0.0337396319306311 -0.113802623136717 -0.0825406951195657
0.108533174322914 -0.0129768051561754 -0.110191899588435 -0.0317842163493479
0.0918945908521202 -0.0498475614332815 -0.0834296398689855 0.00202066172432436
0.0671756493457353 -0.0713600170403105 -0.0478910562446265 0.0208462754141565
0.06959291479774 -0.0832110380762019 -0.0189463603506231 0.0250396864987797
0.0861557266812702 -0.0613399300300415 0.0101326655306151 0.0229420551869252
0.108746509484556 -0.0471180425793111 0.0403484499345378 0.0390690185899369
0.131774617256407 0.00526019825382836 0.0469656341995729 0.0779854487009678
0.130946011228632 0.0605555331223584 0.011241960194378 0.106961337654333
0.0806243284417801 0.116497516721063 -0.00167035767340735 0.0905906901387311
0.0464985748028795 0.159358426583631 0.0100397392222745 0.0431377047356452
-0.00226068487771526 0.181430334218456 -0.024355911389446 -0.0114657430960878
0.0202921494164615 0.175814030960565 0.0212589229572371 -0.0867665625783764
0.0888177706047533 0.163123539737291 -0.0138201506226216 -0.150602854074164
0.125402727457881 0.107685114398187 -0.0582613563492602 -0.129402692366082
0.142476194921874 0.0283436526749266 -0.0904172850532817 -0.0826496713453953
0.123055627198491 -0.019570544989141 -0.0733786939888403 -0.0413253937138538
0.106242824506663 -0.0536177684230825 -0.0489257263994761 -0.0184952883602786
0.0808165715833588 -0.0734746896316492 -0.0202205689642761 -0.00529745785814496
0.0843511768117309 -0.080211073480911 0.00745470373982643 -0.00134686456502213
0.101120831745304 -0.0496401234772144 0.0379520691857352 -0.000569843969573264
0.119682258886797 -0.030839684891051 0.065413829434746 0.0260105959681329
0.136830638040637 0.0263990669633122 0.059475081539914 0.0698640478093311
0.131403203334745 0.085905671886336 0.00947853653078267 0.0965953607838623
0.0675987487287342 0.139444800610711 -0.0202798069485144 0.0645974388416084
0.0241750803964172 0.175511467227037 -0.00437800930047637 -0.00775408863866204
-0.00847941571311362 0.17285863189516 -0.024474854644777 -0.0714303886950066
0.0235317589100926 0.176355072484513 0.0145123793444992 -0.129965357575478
0.0967364496472191 0.160777971689362 -0.012705603817879 -0.16120335772933
0.131143699909411 0.0973750673458211 -0.0445160133531744 -0.128844852930942
0.139478260580335 0.0183787134653503 -0.0580476486173971 -0.0814123931906556
0.116795844356329 -0.0220968956103543 -0.0330676893798746 -0.0522548871954384
0.102220696038248 -0.0495061132214233 -0.0126315261641432 -0.0405695174221966
0.0814935887412599 -0.0646866390874143 0.0102464526941369 -0.0294929592873754
0.087707672694105 -0.0640956738100368 0.038602711794868 -0.0237437530510626
0.101844534165014 -0.0286146305026376 0.0697586934089267 -0.0148433295043744
0.113719429172371 -0.00693778376031899 0.0907616877691535 0.0217209604152355
0.119732845154695 0.0492247134393722 0.0682364534324292 0.0670448465081016
0.109701361981306 0.103281649144645 0.00814561465139558 0.084392217889424
0.0407863437234771 0.145447858322926 -0.030306720307126 0.0360712126928807
-0.00384153854612688 0.167855977995486 -0.0101272849036553 -0.0590328382077595
-0.0149056772452406 0.132308060400102 -0.0289839296243803 -0.116790721817316
0.0184852961790106 0.142365857783236 -0.000559474534474291 -0.157747984176026
0.0804380331505302 0.128305199089822 -0.0130951336339992 -0.156600733371443
0.107096138676621 0.0725793855396617 -0.0301887058802981 -0.120208515874143
0.108153229558552 0.0107362234718571 -0.0259354557851339 -0.078729584118809
0.0903179530744038 -0.0173052674292166 0.00226801386257261 -0.0638804871497257
0.0817659009441535 -0.035414623743909 0.0190742000476835 -0.0596469816883161
0.0686941487162713 -0.0467028071458112 0.0387024050909805 -0.0477586628225025
0.0754602111198637 -0.0418340805001612 0.070012274429243 -0.0367995959150757
0.0864596359579771 -0.0089188655611081 0.100042961107366 -0.0180454163648157
0.0913059103722682 0.0123039676820852 0.111270938741279 0.0290739971547051
0.0885104557723654 0.0593369150201821 0.0728357638672142 0.0675869415325562
0.0749891731764483 0.102856808646323 0.00973641715188652 0.0704848707508434
0.0115742395736376 0.130468523294236 -0.0286641387137478 0.00838119361207868
-0.0293404836367752 0.135492876736519 -0.00360127478335182 -0.10354757859624
-0.0245038172277099 0.0699244646141957 -0.0344471872762456 -0.139731704373051
0.00345812174017034 0.0860890136126691 -0.0171844705476438 -0.164792753324998
0.0439067005862577 0.076742484128668 -0.0121934277503717 -0.141274026654342
0.0575034291738083 0.0427678008256993 -0.0176795318961354 -0.108645424368504
0.0593575909454077 0.0117910575344466 -0.00193018462638668 -0.0770820226555918
0.0524343707872585 -0.00199392798716703 0.0258203831179269 -0.0717183661533084
0.0514388931115193 -0.0114766616100779 0.0416730086477119 -0.0709323812744616
0.0457784484396563 -0.0207126501592082 0.060307895840715 -0.0576382912939959
0.0502676308015646 -0.0179059213113 0.0956327243243971 -0.0410799330601248
0.0559623330949912 0.00384171325248277 0.121887126631905 -0.0099792088473156
0.0572074330012936 0.0167298324240156 0.123499513715946 0.0433367543400778
0.0525780758361484 0.0487981349513556 0.0757771052438453 0.0709658734045665
0.0420603268570236 0.0792660296397091 0.016152846396527 0.0595079385098616
-0.00979632248737136 0.0955590144597288 -0.0168026106852588 -0.0127033401254967
-0.0451278670822145 0.0849666644182038 0.0119633679405661 -0.134654351751264
0.0209722112091535 -0.0290753220095041 0.0253504381403433 0.154108960232288
-0.0100573932777108 -0.0403300779278386 0.0219946313335446 0.0443509995020582
-0.0253739818392924 -0.0311206751665136 -0.0336411498223064 -0.0407546130764253
-0.0225421925480098 -0.00387467992264949 -0.0857862871580218 -0.0519004837734894
-0.0114549635759187 -0.00030752542975029 -0.137078875991353 -0.018230190621437
-0.0118828459838877 -0.00781230423768629 -0.138668502182759 0.0439865723363578
-0.0201687040881156 -0.00661742239558874 -0.0943692102826769 0.0797686571223961
-0.0208959464002156 -0.00308148971463326 -0.0492214871837819 0.0868424041205561
-0.0228095542384007 -0.011012308179435 -0.0220602012637185 0.08607759115065
-0.0149534806459689 -0.0209321225992674 -0.00488441157155938 0.084467974923717
-0.00713779031307586 -0.0232038064643949 0.0177494195800726 0.0755882264900022
-0.00213931273853423 -0.0235402468539069 0.0404641908151139 0.0878661816855855
0.00139311475993494 -0.0316286824857066 0.0487632343707282 0.107519799497882
0.0199465316600289 -0.0301997692691448 0.0737489368921773 0.116026592525654
0.0391294291730895 -0.0186972043205338 0.0851039776211338 0.10654095359708
0.0388105181695554 0.0373305085445047 0.0120844031505216 0.138689899960625
0.0123351682678087 0.0160376109091571 0.0125449202386652 0.03085792384435
0.0129670038515342 0.0148754868869427 -0.0453062085503206 -0.0538205902884598
0.0210146218430826 0.0217931004047401 -0.0928844565063674 -0.0599998036448121
0.0344504841496783 0.00224208651676149 -0.142589040975554 -0.0257029874835614
0.0282108537936949 -0.0203809522143068 -0.141729377455428 0.0355716060033013
0.0130110209854368 -0.0343961894892932 -0.100122474260182 0.0725602612153869
-0.000204677421234768 -0.036799975232603 -0.0509819558785159 0.0803658704940131
-0.00262423917465214 -0.0492163931333406 -0.0210524667919566 0.0786061063344479
0.0129777689557936 -0.0520264259186008 -0.00219124006055622 0.0728546699377271
0.0305896340842102 -0.0505861269236858 0.0231993582380953 0.0659226384879557
0.0527856190815087 -0.0315322303164005 0.0456671925849656 0.0810597174209308
0.0603854161812765 -0.0148634605569329 0.0465165692390503 0.104114508950488
0.061086569355884 0.0132175881940462 0.0669723659338145 0.106706403235796
0.0682514901007039 0.0412678179718796 0.0747525000451365 0.0948662366305962
0.0523117849376741 0.0997495496264221 -0.00073783395048469 0.102757514560923
0.0359115738553106 0.0752000611542645 0.00617652952255747 -0.000562250952295271
0.0569300455967121 0.06154635860047 -0.0553410128508288 -0.0788322328758461
0.0697048709616803 0.0439873417823581 -0.100436442715596 -0.0728979706006596
0.0796965993088802 0.000514039151417241 -0.142130411995678 -0.0309984036780523
0.0653674151115673 -0.0334080878897039 -0.132014648498702 0.0240942313444294
0.0441749317536761 -0.0581347390110173 -0.0932687049397246 0.0562684994174248
0.0201923340705935 -0.0658964021472883 -0.0468467665233561 0.0620486924570574
0.0171047721710487 -0.0796509044672359 -0.0162788156344427 0.0581059057210955
0.0369087120304866 -0.0742918123624566 0.00582467531626014 0.0499093869918546
0.0599253804817868 -0.0717038489760562 0.0343875007677085 0.0476462184793734
0.0947837020432906 -0.0407821946518064 0.0548242987400825 0.0697921883283489
0.108180576410969 -0.00233732660302344 0.0460934668230649 0.0986349194317618
0.0943440631059161 0.049393806596272 0.0510581590683219 0.0940249110980101
0.0887509914512745 0.0933384769808883 0.0538704189034588 0.0687899445259309
0.0608730576812404 0.146976097979786 -0.0142776555043106 0.050045274190146
0.0612202904042531 0.125878617413745 -0.000886259138082223 -0.0448658156470034
0.103042223958994 0.0982063158522241 -0.0636077269909999 -0.108300700951719
0.118608727872508 0.0545073741183099 -0.105160236285181 -0.0860915017365563
0.117231064637831 -0.0095506643280679 -0.132465546134976 -0.0349511611319641
0.0925242568525824 -0.0478005313443923 -0.110457111175326 0.010994273242133
0.0673059193238278 -0.0769265090272361 -0.0763904484441274 0.0320122592902631
0.0371879593299407 -0.0850937921841455 -0.0349054641468357 0.0351071895648881
0.0348894574918413 -0.09739374452409 -0.00705265421658796 0.0289203200914606
0.059019419644065 -0.0834188926257871 0.0171970672652709 0.0193685294222209
0.0824065935121167 -0.078256651217627 0.0484223827141193 0.0254136050073442
0.121999520631482 -0.037580633228678 0.0644876239670445 0.0563186623043136
0.138078169999771 0.0131853210658264 0.043546754737413 0.0916425524587163
0.111370090278478 0.0796983534453773 0.0280483706024016 0.0803626778618435
0.0922120334551637 0.132109019326859 0.0254761274926249 0.0335121426201011
0.062506476685449 0.169558106641702 -0.0311436406570155 -0.00999079654507372
0.0799046535426475 0.154051972760751 -0.0149287316577535 -0.0916036039992394
0.135441843168956 0.116469523972727 -0.0692724056332642 -0.1316094013913
0.150637873373518 0.0526419739181994 -0.101063826849243 -0.0962218617790433
0.136461276578208 -0.0222144181938405 -0.110818658645597 -0.0410942315926291
0.103911308638344 -0.0583624919512521 -0.0804995772954503 -0.00982946835200587
0.0786929528223439 -0.0854045881767471 -0.0523861589410413 0.00234508820810194
0.0481887493090298 -0.0916156325096677 -0.0188268646761491 0.0029387894939683
0.0494037536643919 -0.0988749889065365 0.00806328719393247 -0.00338259846068376
0.0754925553084574 -0.0775395493139724 0.0339640298310889 -0.0103037123155012
0.0973628540352098 -0.0669307081259832 0.0660036626693672 0.00491307497761913
0.132548870180045 -0.0202885834110437 0.0731194546778731 0.044756104121981
0.145850481116697 0.0351086912125727 0.0393523020979086 0.0823735513199392
0.107087028893149 0.104587604186359 0.00433424611391126 0.063204443552316
0.0774599292747615 0.154106242982613 -0.00191183241022339 -0.00837273213711688
0.0527163947708207 0.161710942082847 -0.0496943326209948 -0.0643170610809787
0.0824718142837038 0.151856330479027 -0.0353965690053181 -0.128455766539727
0.141769232143832 0.111543016323704 -0.0725991132924339 -0.141631791585665
0.152811931733016 0.0404583804053897 -0.0887523016355662 -0.0996305867825165
0.130608483800877 -0.0299935750971109 -0.0809536719893171 -0.0498795866060831
0.0971616833490759 -0.0582030771499931 -0.0477233664941796 -0.0340470965287024
0.0773717182441255 -0.0803195515288073 -0.0271978519931661 -0.0301420174033465
0.0517771392901292 -0.0833226920572304 0.000684756655861819 -0.0285561635623632
0.0571457111445601 -0.0855697775748896 0.0284901347805924 -0.0325677592877237
0.0828855308940649 -0.0596933507361664 0.0578558999821876 -0.033988480557505
0.0998143600995521 -0.0431172234599348 0.0872969408689857 -0.00767406584539943
0.124872503797548 0.0064473553048856 0.0805683915700575 0.0380494906352294
0.131695097809828 0.0579247997254436 0.0342301663806768 0.0712744501031028
0.0846117579903276 0.11828822747376 -0.0137209760622275 0.04029185976352
0.049302306847686 0.155631118260899 -0.0213913972414485 -0.0519329069403582
0.0324384803639756 0.126637652286153 -0.0672622450911635 -0.103061761841972
0.0657719328799074 0.122844475443987 -0.0571141692419507 -0.148274856561194
0.115937398409457 0.0875484178850342 -0.0696955249441554 -0.1373402691257
0.121452310839336 0.0267167399922912 -0.0710398038693776 -0.0973115112382529
0.10048723196908 -0.0266345645395009 -0.0501967196640586 -0.0602998976879793
0.0755616352702119 -0.0455781366878546 -0.0193004459853057 -0.0568606592584342
0.0634359419241581 -0.0604895910591519 -0.00538055693609088 -0.0586424038783924
0.0466678141632926 -0.063516191652081 0.0197094313530473 -0.0541543859249607
0.0531178265720004 -0.0616869273684136 0.0522393992471639 -0.0552343133887791
0.0750348574958803 -0.0365189975374957 0.083786630329085 -0.0464528088684544
0.0863669801682241 -0.0182554928015985 0.107816828456884 -0.00895778689785504
0.0998106951929266 0.0256291844899025 0.0858553274472812 0.0380761360535926
0.100262679047542 0.0685663301719205 0.032186057234706 0.059191558022321
0.0527620144200278 0.114159327878308 -0.0207363909756924 0.0155529284405989
0.0162876462174107 0.133840153651512 -0.029369317269038 -0.0928532429188281
0.00136782143333785 0.07231471778371 -0.0773504872186334 -0.120105197189331
0.0313884222090074 0.0755738108712283 -0.0716442885140997 -0.148277998622554
0.0651684125767123 0.0529261615600677 -0.0610256679370028 -0.12480113434259
0.0659338940929959 0.0179464373752426 -0.0535565317925482 -0.0925273486455359
0.056293427462705 -0.00909723799516148 -0.0271361989641013 -0.0676492169479435
0.0464347163292964 -0.0191696605619709 -0.000654658305956995 -0.0725189124344192
0.0435354968925906 -0.0281098727324953 0.0119044750465273 -0.0769748281984363
0.0340712486715227 -0.0329234831343007 0.0354463412513249 -0.0709546481422518
0.039177052957687 -0.0314415269671431 0.0735942292606052 -0.06684603567287
0.0514888280384361 -0.0150149279613097 0.106386814222331 -0.0466081612027282
0.0565615281089696 -0.00289316575896952 0.123745313979364 -0.000954206743409403
0.0631162622923988 0.0273867571134118 0.0896086393865853 0.0403275556340159
0.0621004760513257 0.0578995454261709 0.0345256425324231 0.0481775210261599
0.0223575297235674 0.0887680174852001 -0.0167496099009873 -0.00616480396840467
-0.0136375243447966 0.0923246797942197 -0.0264154733553879 -0.123754582865855
0.0194406688488268 -0.0271082811431883 0.0270402338163613 0.14684730476295
-0.00979717330094725 -0.0379077141186036 0.0231287858388685 0.04065417598784
-0.0247190761031488 -0.0287431621131376 -0.0332449821501554 -0.0398433227194305
-0.0213350882303044 -0.00395407203149788 -0.0844238608547836 -0.0499480059899034
-0.00994156062015282 -0.00103118352956015 -0.133388292790467 -0.0154280991380074
-0.011517948596521 -0.00785604542871786 -0.13350868544534 0.0456260312355932
-0.0193290816005445 -0.00617243928011497 -0.0907740325522734 0.0783328064330886
-0.0200507310918832 -0.00274331327529316 -0.0465448494195851 0.0847857282860392
-0.0223319460797939 -0.00999374565912614 -0.0191544277220518 0.0844017734751154
-0.0149530791229705 -0.0208497569345843 -0.00298215086630189 0.0821174723489017
-0.00680203986851008 -0.0229645968427582 0.0186636730193251 0.073801850246276
-0.00143750978488329 -0.023077082493156 0.0402400745959954 0.0849195839596738
0.0011092971604432 -0.0306817146509279 0.0489223566005169 0.104189894553533
0.0192810491020782 -0.0288852455608901 0.0727990561515127 0.112103528105378
0.0367455128857202 -0.0179728651824512 0.0844065121535062 0.104087945844419
0.0382867070336369 0.0366207861227401 0.0141509808402595 0.132135205324732
0.012429765254445 0.0169097600129441 0.0134008442728589 0.0278361550138658
0.0135951951043609 0.0147209850723111 -0.0437981477691548 -0.0527019042725674
0.0219287994496877 0.0205628545099483 -0.090701914583156 -0.0574068264663069
0.0346555021198906 0.000775466095065843 -0.139034402143667 -0.0229538636600092
0.0273732816003018 -0.0206478418690348 -0.136478841195017 0.037225538100241
0.0116769263594345 -0.0338507716023752 -0.0952126210195184 0.0712093645932075
-0.000922119147270312 -0.0359996874864561 -0.0480383533204728 0.0778936101168507
-0.00338594615594163 -0.0476960296140913 -0.0185126077033309 0.0762714595477247
0.0119106578209334 -0.0505274816713945 7.3616765299789E-05 0.0714272329650776
0.0291545035041617 -0.0498504107364584 0.0239490268942066 0.0638973278356834
0.0513947736066598 -0.0323274587211618 0.0459775204837262 0.0782743558280215
0.0586589498185727 -0.0149199252868965 0.0478624638220172 0.101059407010993
0.0602295691416175 0.0133178664875207 0.0667299539985611 0.102430008884438
0.0665276335849902 0.0400815900996752 0.0748851029921349 0.0928622786272616
0.0525765613634592 0.0967538988304301 0.00164059271832096 0.0967645780318725
0.0366737774634324 0.0740049737870725 0.00737964615920138 -0.00269395798368689
0.0566405143757858 0.0588404543481987 -0.0538218540184679 -0.0764054874597899
0.0701765250442696 0.0419549376935947 -0.097366396262337 -0.070566354373788
0.078352600996825 -0.00164499175708181 -0.137924709146854 -0.0275956778844943
0.0637145524911941 -0.0343919744114489 -0.12762986572439 0.0257799648950979
0.0415270368301992 -0.0579742347866168 -0.0889119289817053 0.0552884198339199
0.018038203379528 -0.0645222049037834 -0.0442820166939838 0.0598306801317103
0.0147085501317435 -0.0778421165925248 -0.0140271998306991 0.0561112036959979
0.0352666611459714 -0.0733746973019959 0.0074623877273589 0.0486846626767053
0.0564317184007533 -0.0711562826668144 0.0349795112552891 0.0456782911857917
0.0917160649049103 -0.041204270796859 0.0551661851476728 0.0670816857825922
0.105362916346556 -0.00399776134002915 0.0476815135119326 0.0952070898210207
0.0930410105466103 0.0471747863308116 0.0517980118824451 0.0909307363308842
0.0869678487071825 0.0895907577106225 0.0544802111801675 0.0675681604093148
0.0627939827246119 0.142356027390694 -0.012663652998211 0.0455238460242903
0.0618881062470228 0.122279779572335 -6.59354442120813E-05 -0.0448660348788468
0.101567339451385 0.0934133247741985 -0.0624020119546645 -0.104573301866919
0.117080316830556 0.0514965954563073 -0.102026280799961 -0.0838070374589712
0.1138137520966 -0.0114826144698361 -0.128499829653074 -0.0308673752678565
0.0894408123941771 -0.049273006886864 -0.107475789930151 0.0117257544582681
0.0638472635182242 -0.0766113053039477 -0.072290096993812 0.0316609296909492
0.0340017362123913 -0.0833967540466686 -0.0329668010295461 0.0334443541942424
0.0307536433793586 -0.0948927448857583 -0.00500501246631122 0.0276847045311229
0.0563668672205247 -0.0831130120508959 0.0175572871787021 0.0191002165859317
0.078485154355269 -0.0775955981344689 0.0487187326032344 0.0234394048174893
0.118409362761923 -0.0390644519295297 0.0645410448641176 0.0540245431976514
0.135199408034489 0.0104371573488157 0.0455748979122082 0.0886114360318099
0.109970448398674 0.0763433523382598 0.0294014827018503 0.0776853131450003
0.0926257070825895 0.127207841899167 0.0266446354978715 0.0332574920696825
0.0648563861241219 0.163485752554156 -0.0297289985445185 -0.011850419892093
0.0805137682432411 0.148300251061921 -0.0144265755201579 -0.0904669712374442
0.133840432222461 0.110399180351146 -0.0684020293809683 -0.128017313947758
0.148420631726365 0.0489053446430743 -0.0983999863611928 -0.0930275425142874
0.132431805818833 -0.0244869476152007 -0.107466194990866 -0.037926559669617
0.100442773960983 -0.0591764109163939 -0.0776668907729053 -0.00885013714938521
0.074257785856972 -0.0849640624143449 -0.0498151649565785 0.00217522627116535
0.044681141879182 -0.0895454800417459 -0.0173498191270165 0.00218079829729584
0.0454106060218606 -0.0964665934837732 0.00895296843294766 -0.00373612148038427
0.0725555790183478 -0.0777156874844522 0.0337677630543398 -0.0108557664154386
0.092993404538364 -0.0667858422932855 0.065169128130127 0.00307539335337278
0.129604876502595 -0.022174915858536 0.0726308819169911 0.0419658783704179
0.141790353404891 0.0317852130889736 0.0412547048481962 0.0799933668906563
0.106715435011467 0.100001484641887 0.00609551578866865 0.0610364582331332
0.0787679618849459 0.148738043652044 -0.000753467684408429 -0.00652911527264774
0.0557274828692427 0.155531957594995 -0.0492393073090778 -0.0642110437998462
0.0825876702263448 0.145843730608292 -0.0354880038549498 -0.125743732335736
0.138747030328888 0.10483468969256 -0.0710741389779276 -0.137098093377492
0.148884896811612 0.0378803097409196 -0.0859021730391403 -0.0969540157022991
0.125599866592545 -0.0315453115318206 -0.0776801243713377 -0.0480299222575023
0.093359014246973 -0.0590703199338029 -0.0465908318160191 -0.0329237391514565
0.0726258112164614 -0.0799862871676452 -0.0264373114857909 -0.0286112636240303
0.0479283846169646 -0.0821328052030838 0.000869092731502497 -0.028128654865243
0.0532342602361243 -0.0841552575965626 0.0280024047316522 -0.0325155203272048
0.0802728476423902 -0.0603467242225957 0.0558432452766224 -0.0340487174820246
0.0962113109250222 -0.0436186126681156 0.085240306606762 -0.0100655412382852
0.122345427265669 0.00388626854964829 0.0795681499881158 0.0359505878145414
0.128889937761423 0.0534905222544346 0.0359691229121873 0.0686479597918956
0.0843260050411961 0.113236700764842 -0.0117387219304175 0.0396941558401277
0.0510595509412104 0.150533655713886 -0.0208557119250637 -0.0487115275925003
0.0349052494793221 0.121648074287931 -0.0668552575873213 -0.101405437969802
0.0662050078908422 0.116823345975278 -0.0568694435337973 -0.143930487647571
0.113110391116936 0.0811813670992183 -0.0687751920945683 -0.13325909961215
0.117570051031445 0.024097516719578 -0.0694632885262551 -0.0944095570678855
0.0958340178002571 -0.0279822703653143 -0.0486778321298723 -0.0577357278840989
0.0727586784067454 -0.0451302678260972 -0.0203174562589709 -0.0559979323586118
0.059743731037382 -0.0602930373087555 -0.0055916156057521 -0.0563238430892271
0.0432572113145206 -0.0621228478284919 0.0184941977121123 -0.0532073203755938
0.0501999039137738 -0.0602783861346643 0.0501348241006354 -0.0546812413001176
0.0726010354806325 -0.0369333540225176 0.0804834526144074 -0.0467865063864294
0.0829602233796488 -0.0190169166824307 0.105236270004609 -0.0110308251856356
0.0980060213557403 0.023647391336234 0.0842168707413988 0.0353827475610651
0.0978377133624888 0.0646057700099491 0.033567973589173 0.0571519278890603
0.0528930325591675 0.109521370219662 -0.0187847203190359 0.0161309193863967
0.0182868213365169 0.129445571606828 -0.0292559723243759 -0.0883864060671773
0.00344651953836974 0.0688841352455072 -0.077194988057641 -0.117968826590397
0.0317730295397 0.0722760113741575 -0.0709445719102892 -0.14388462222524
0.0629749356263117 0.049480339836716 -0.060512636458916 -0.120752837506498
0.0639437441571559 0.0159695864460643 -0.0525414255425582 -0.089771350389467
0.0536795619244124 -0.00987007786021832 -0.0272269125188276 -0.0659910702325565
0.0438487580864519 -0.0189291620115345 -0.00217755659816176 -0.0716921222040509
0.041211333181093 -0.0280772331837071 0.0101689225685023 -0.0748043895730069
0.0319483671834665 -0.0323772189907669 0.0337188856530271 -0.0689553053043414
0.0371049388482125 -0.0306898573536899 0.0707431216497737 -0.0661553331280135
0.0505202957654814 -0.0157018082872167 0.102638004603294 -0.0472618254944222
0.0550236506956728 -0.00352205286072982 0.120847408201286 -0.00335619882909049
0.0618884403330823 0.0262273294230237 0.0885742525238091 0.0380560123276415
0.0603162852208028 0.0546919699394175 0.0351054247547294 0.0468723760500659
0.0225937763849532 0.0853454249341025 -0.0157635298259455 -0.00485828288341558
-0.0110296366315492 0.089480849922779 -0.0265679386933607 -0.118690049644068
0.018064843121395 -0.0263310256385455 0.0287726079849828 0.142834973784971
-0.00991119548695837 -0.0359105287068184 0.0238434115889784 0.0388433898529106
-0.0232999110504658 -0.0273964424358157 -0.0333003480947775 -0.0398349265192879
-0.0194856005426526 -0.00400184555528704 -0.0841819704967217 -0.0483605076431084
-0.00862688502998407 -0.00161984142220664 -0.132173449980339 -0.0133187392787401
-0.0110549694185038 -0.00756809016736025 -0.131183877961449 0.0473204050123349
-0.0196825134672975 -0.00565728058000084 -0.0883197094358668 0.0785422884277864
-0.0194656696689774 -0.00267421901917897 -0.045816855810378 0.0835850648553585
-0.0217465712454607 -0.00968085820078549 -0.017135514580781 0.0837660441520503
-0.0151346983180077 -0.0204907112573146 -0.000685259895218852 0.0822031660439505
-0.00685962739031525 -0.0230089293759693 0.019460114829107 0.0736177725607395
-0.000943613797692913 -0.022925453521682 0.0412144676476041 0.0833409485863083
0.00102427970039252 -0.0294107102878024 0.0500472848313112 0.102407462949743
0.0193201315503491 -0.0277610475273331 0.072881807005432 0.109984975195412
0.0357964263861101 -0.0181241843365921 0.0850615371741543 0.103939724348105
0.038285557330961 0.0362356470499001 0.0155399533050995 0.128002158156639
0.0138138067119691 0.0184290926429636 0.0143050749228834 0.0254362308046855
0.0144949816362539 0.0146653842173499 -0.0433091831487156 -0.0524337582704008
0.0236600977924116 0.020379853412398 -0.0897174851567919 -0.0571217379460727
0.0353192568771754 -0.000604232059891675 -0.137481220367094 -0.0204930937861023
0.0267962054345463 -0.0218144653438991 -0.133952870138499 0.038771719170277
0.0112051328290628 -0.0343558793530985 -0.093267770554874 0.0711145335419554
-0.00138895293956672 -0.0361045493662916 -0.0467049705325822 0.0770145302263603
-0.00413253334511521 -0.0470215945622715 -0.0162367842729805 0.0756126594333947
0.0110108014121863 -0.050826931110645 0.00244039885368143 0.0708420571921506
0.027665894850536 -0.0504451379293524 0.0247677446178599 0.0636801678322769
0.0509697005607361 -0.0329423645990265 0.0469830580519091 0.076842542656953
0.057656842616044 -0.015034488258935 0.0497901768954358 0.0995837292051928
0.0596569817565977 0.0131713655723534 0.0675240879291324 0.100624389483357
0.0662189143505554 0.0388805993654028 0.0758495915065152 0.0925922143227709
0.053369763643792 0.095777913094725 0.00309999591697343 0.0929880344211528
0.0379574568009265 0.0740608218903191 0.00809547831186572 -0.00464473433538489
0.0576738031397081 0.0579526810134795 -0.0532274361972013 -0.0760117291213111
0.0705409897819328 0.0405431287089237 -0.0964236660487636 -0.0695662404651095
0.0780439463230633 -0.0032232087543102 -0.13589518491489 -0.0250077875051691
0.0631504846611146 -0.0357661098454375 -0.125089795365145 0.0268355673431521
0.0402531897591607 -0.0588343044582121 -0.0868832681650564 0.0548971347692013
0.0167844001547232 -0.064442725110579 -0.0424831037174896 0.0589521832374344
0.0128542293875958 -0.0771885886319363 -0.0117965512630284 0.055446108610596
0.0337616727991217 -0.0737100629082821 0.00922215031678361 0.0478455694880169
0.0545824336863776 -0.0711830227403691 0.0360450835657965 0.0450170181453885
0.0909353055170243 -0.0425493099804995 0.0559456544773843 0.0650976335734685
0.104519505454993 -0.00533820810632255 0.0498137017132288 0.0937637228198697
0.0929624201744511 0.0465764949332163 0.0527226770227959 0.0891140347135596
0.0878764865763861 0.0880705742567609 0.0553232248505281 0.0677265418940465
0.0643632799146083 0.140066484183515 -0.0111397706453131 0.0426392659448425
0.063192461177117 0.121183060408024 0.000300416404873994 -0.0459048035031364
0.102563090141399 0.0912227199906562 -0.061708952859008 -0.103949306958829
0.117792303607964 0.0494931006491203 -0.100258213617293 -0.0827010469043249
0.112749204026183 -0.0137449579570342 -0.12602393210774 -0.0291737143634082
0.0882660944443694 -0.050616617047779 -0.105240423114703 0.0122147251994751
0.0617735216711193 -0.0774804457327337 -0.0704542265185758 0.0317723318146698
0.0319816159018587 -0.0828999340995663 -0.0320895938527654 0.0321261273934706
0.0286011588809795 -0.0942057923814391 -0.00387424525525665 0.026867200808125
0.0541891796618829 -0.0831224842832652 0.0191170401836609 0.0182041580206691
0.0759849992395316 -0.0779069735817168 0.0489088757125445 0.0227263540065219
0.11707687051487 -0.0411009224488453 0.0659151854667591 0.0522052331439375
0.133713268300866 0.0083483968969047 0.0477976314715017 0.0867302612840131
0.110527763402356 0.0744558978026236 0.0311514633544416 0.0760858169345187
0.0935097187943452 0.124833233554832 0.0278532634547446 0.0337825727466513
0.0670951592949613 0.160634745769788 -0.0285617912880755 -0.0140603308370016
0.081833707060057 0.145854741715012 -0.0145816201882395 -0.0902796512427088
0.133593164069151 0.107015241427484 -0.0676380245916094 -0.126223952916503
0.147696479884213 0.047078042361256 -0.0966483959462028 -0.0926354700847441
0.130072470664648 -0.0262923543295799 -0.105271494362347 -0.0366644763368265
0.0982949568976675 -0.061088825740707 -0.0770683107559594 -0.00861981304939038
0.0714619114405373 -0.0857852170366281 -0.0484214474526102 0.00254081710708525
0.0421640183858665 -0.0892291776136356 -0.0162770872160668 0.00154930831521068
0.0421313667640437 -0.0959050863727914 0.00944075119240298 -0.0046818209905525
0.0710536172865273 -0.0788031238103646 0.0335683930199156 -0.0117287481592819
0.0908300530085923 -0.0671544251287291 0.0652700124568849 0.00137786471938354
0.128450165241905 -0.023907583534229 0.0734930687631644 0.0408237490893211
0.14148391043838 0.0286219677106089 0.0431029739938981 0.0784003258696627
0.107019863368788 0.0978780824061294 0.00789817885138165 0.0599349770919812
0.0804300484210572 0.145997604280682 0.000444513891576433 -0.00537782287098103
0.0580874067642011 0.152993856037767 -0.0487148441359265 -0.0654922281557657
0.083986141220792 0.142531242476203 -0.0360250845920661 -0.124671796396334
0.137972030230748 0.101113078911509 -0.070443920990902 -0.135650927778891
0.14794610287349 0.0358040652667895 -0.0841204056768064 -0.0959843067927278
0.123482809925875 -0.0327627139991512 -0.0768201014444599 -0.0469277972737068
0.0912387700801958 -0.0593422150660083 -0.0462082490863811 -0.0330182998005566
0.0699987823853058 -0.0805438648275297 -0.0255779640600407 -0.0285203030713868
0.0450803332073533 -0.0820131192344376 0.000923534255071633 -0.0283613106339019
0.0499809434637198 -0.0835816526591739 0.0280355618749262 -0.0330691140901291
0.0789064703462387 -0.0609436591494765 0.0558289609120004 -0.034706820882188
0.0940260949093412 -0.0440833775575688 0.0846778704472233 -0.0113796513246126
0.122115789484719 0.00169835091133191 0.0799968406142626 0.0341208908618542
0.127856604556549 0.0506787273330329 0.0384237824771351 0.0677550122988976
0.0851682188628592 0.111186886669793 -0.0095281528654698 0.0394713442464456
0.054003807689972 0.148087825453078 -0.0202839570684144 -0.0470969666051896
0.0374196691485579 0.118967645423014 -0.0666297211365181 -0.101263658383561
0.0665782842453222 0.113981688821038 -0.0576400676565845 -0.142450791187688
0.111902469024119 0.0784185674604444 -0.0688052843605999 -0.130651539381866
0.116308520798199 0.0227971455350856 -0.0684512314137297 -0.0937176801370407
0.0934664070296575 -0.0289409352983159 -0.0482392271207792 -0.056918745770547
0.0702997944345507 -0.046084155856104 -0.020545523959255 -0.056041137162384
0.0576857138946177 -0.0603027155867603 -0.00568336522362746 -0.0555275154348891
0.0409858731832642 -0.0615883527702424 0.0189560732749722 -0.0532662024184255
0.0481941260407972 -0.0597893983838428 0.0492205355580653 -0.0552475871244865
0.071624140751656 -0.03836081857182 0.0792600674409087 -0.0479046644118364
0.0818025216594499 -0.0194353554641407 0.1040190109793 -0.0129409127284144
0.097262934091351 0.0222038314333827 0.0849424916432576 0.0341139255810814
0.0969538471720027 0.0618176211336068 0.0353990720178507 0.0565592388245275
0.0540446140259035 0.107023334913133 -0.0175142104700246 0.0167433373838358
0.0212394251898603 0.127646189059496 -0.0293662354685713 -0.0864047086545964
0.0052409575444315 0.0674704486094613 -0.0776673871427031 -0.117471577786603
0.0326928243018739 0.0700448934160308 -0.0722867668941278 -0.141802308773235
0.0617781683487953 0.0472498024195273 -0.0608771237366238 -0.119490844158213
0.0623332273616385 0.0155531401185306 -0.0526093597898129 -0.0887192981245061
0.0513722872487076 -0.0103627947155212 -0.0268700974191109 -0.0657069872586799
0.042725649591816 -0.0192953701275911 -0.0031239003772693 -0.0714974106899978
0.0396443519912852 -0.0281112429415797 0.00898612275865284 -0.0738216722149364
0.0303761085017943 -0.0320299701327927 0.0324252981750865 -0.0688791539132025
0.0359164731101314 -0.030394032825224 0.0691050861536339 -0.0670055079532274
0.0495044556447023 -0.0160869294711271 0.100768648628187 -0.0478345761713394
0.0541666794179704 -0.00403576178422405 0.118769487206733 -0.00539577279393726
0.0618100100296128 0.0252808807833061 0.0886069133406848 0.0365761315228297
0.0591300211800436 0.0529434299599474 0.0365155664441152 0.0467135114264485
0.0231219147164675 0.0824347809190757 -0.0146823203562299 -0.00393274693061467
-0.00892402150915592 0.0874550460437674 -0.0273325753181623 -0.115850609848448
0.0169169310614252 -0.0258499471209093 0.0321142909153542 0.140056714317494
-0.00979855711504262 -0.0337636329444777 0.0243619144830396 0.0358818993202392
-0.0231096500828554 -0.025552046656119 -0.0339871605815778 -0.0396643107902874
-0.0191220071358862 -0.00378582182139073 -0.0852684286904115 -0.0468220122556875
-0.00769388932287793 -0.00194895803535935 -0.131997466807611 -0.00940637468519707
-0.0113486174003832 -0.00746620263611415 -0.129155890669856 0.0508866285246371
-0.0199112552852115 -0.00546920888213971 -0.0866401048852159 0.0803607654821669
-0.0187512865556833 -0.00236649843614209 -0.0436471443577641 0.084147504009298
-0.021694352029884 -0.00991693321420733 -0.0142159048194172 0.0841535000873108
-0.0158825113216955 -0.0202279835021069 0.00175462167122936 0.0823321027829702
-0.00743176634304664 -0.0229091551758947 0.0217043238512321 0.0733755421505979
-0.0008008354631385 -0.0232950886179863 0.0434452151490083 0.0819151762850728
0.000462993048836386 -0.0291466282702587 0.0523206514707375 0.101662549190618
0.0185909420986868 -0.0275510880043784 0.0748803105131773 0.108377929778837
0.0340205245825321 -0.0182920435093789 0.0880698999526998 0.10330140545437
0.0393500804703515 0.0361882282260478 0.01906405661401 0.1248307837689
0.0147702095118302 0.0191663193270013 0.0154901565345306 0.0238916302519928
0.0158784513318008 0.0151861647622663 -0.0440324458162844 -0.0522531201411316
0.0251210184190607 0.0187938789064346 -0.0908752387996672 -0.0556918101711778
0.0360097830316353 -0.0028092717640828 -0.137766801168531 -0.0163271041466284
0.0269686770793006 -0.0236502522377045 -0.132968127127247 0.0421561918556604
0.0101211816882776 -0.0343761617788628 -0.0908793213754023 0.0733146177515753
-0.00192287385212307 -0.0356012799029403 -0.0449709661106433 0.0771059233925992
-0.00565058059196094 -0.0468899864802336 -0.0133015765925943 0.0754234082637914
0.0095584161052534 -0.051090341023629 0.00536569439154416 0.070843678647818
0.026262948979905 -0.0507024218878337 0.0270193036836112 0.0629207238714203
0.0505479039517688 -0.0345537473137231 0.049356592369736 0.0752107878317692
0.0578822836236498 -0.016897505671794 0.0526026900043984 0.0978836124511837
0.06068136217372 0.0123858917092175 0.0691126488557233 0.0987333623671234
0.066621967442722 0.037358923454155 0.0792420759456857 0.0914958498141408
0.0568561608765205 0.0938836734454218 0.00518583361694176 0.0901858003616889
0.0402311294157233 0.0740452963825207 0.00828688859625275 -0.00586570319063959
0.0596172857726435 0.0565960024057413 -0.0531797610219163 -0.0751318205146082
0.0726615575029446 0.0385836298883474 -0.0966411518803004 -0.0687508798803676
0.078613635809146 -0.00648456136987046 -0.136021464555382 -0.0217503762363843
0.0626977528042629 -0.0384789658046704 -0.123959460101913 0.0294294785036058
0.0381517191067933 -0.0601060304213392 -0.084640770884355 0.0567588546204421
0.0150758482622523 -0.0643914757266962 -0.0412661512984756 0.0583605769635567
0.00979493309868059 -0.0766315550398251 -0.00912926181523407 0.05496958611722
0.0320235413157647 -0.0752777181536816 0.0114177669194375 0.0474492489110901
0.0522331430163877 -0.0727451384728287 0.0378517468596787 0.0441946377404868
0.0897410030223286 -0.0457486490349762 0.0586355068145644 0.0638305297561498
0.104052206616694 -0.00794261042806238 0.0531097032210578 0.0922787851151443
0.0949558784089719 0.0445889303992573 0.0546221940091807 0.0873289873006105
0.0898305889682357 0.0859208560688355 0.0586035093999917 0.0672785090990304
0.0687598255079054 0.137226732134545 -0.0100454641389002 0.040394558161735
0.0670262662910848 0.119502428391941 -0.000210496289332132 -0.0476860422893449
0.104196205858124 0.0881527023152473 -0.0621587416132622 -0.102823135143351
0.120476887369247 0.0467464218884098 -0.100763915077159 -0.0817206039455506
0.11279365180213 -0.0170669169305642 -0.125634289632211 -0.0265314592766522
0.0869599066986481 -0.0538447038414008 -0.104666307164672 0.0142644031290499
0.0581434512051524 -0.0798484578106449 -0.0686665506970408 0.032998071380259
0.0292365382694103 -0.0835080556008472 -0.0306767569643886 0.0317667814216549
0.025093209931568 -0.0945312356639283 -0.0021728646743832 0.0261696961109112
0.0523675362234436 -0.0857651375529209 0.0202959531185989 0.0173970277911083
0.0729206652819575 -0.079743534243459 0.050507037669646 0.0208350490540803
0.116529565418915 -0.0443974916570789 0.0674151305589049 0.0501706665690884
0.134054519570937 0.00393606421148856 0.0513448869822543 0.0850948001283083
0.11305502692947 0.0719124704981231 0.033299973403814 0.0747943125273036
0.0973649013354742 0.122266590782695 0.0300743499654559 0.034469864846303
0.0725838379703305 0.1568314299713 -0.0291423433394888 -0.0159217230314117
0.085654304537739 0.142967713569111 -0.0162757439505681 -0.0907233150225329
0.135534827412694 0.102514406816572 -0.0691640825558068 -0.125117908541246
0.149912100365927 0.0429297512784087 -0.0975103068362526 -0.0913681191919026
0.129537144341885 -0.0302498949320364 -0.104531748543437 -0.0337232108612108
0.0963947288639255 -0.0641226525807376 -0.0771513729276144 -0.00690238008682406
0.0681607839703067 -0.0883539382877091 -0.047426860297902 0.0029107242183745
0.0385163965878913 -0.0899456435889203 -0.0159365648313548 0.000483720891423651
0.0387112627232985 -0.0969291102998541 0.00983827375211596 -0.00559602402263213
0.0684070822347005 -0.0813266684116217 0.0341323902198375 -0.0125731805820441
0.0882648019151702 -0.0699209400224764 0.0658925492107447 -0.000541722271090831
0.127551079143649 -0.0279032612287238 0.0752549671270957 0.0386008765561231
0.142124535413043 0.0242579400302563 0.0472658970223403 0.0763288734539506
0.110536317801184 0.0950611221621015 0.0104239242801422 0.0594342428680878
0.0854441134427177 0.143292870393042 0.00100550723414723 -0.00418674360039257
0.0636651097813633 0.149950770931455 -0.0500287824152753 -0.0663487028123909
0.0880142544842982 0.1399098535456 -0.0382484267923181 -0.124006628273369
0.139464599507433 0.0963335375530404 -0.0726246999104673 -0.133372786946075
0.14885663767953 0.0321933861756329 -0.0858771982620632 -0.0951279543053656
0.121755355899609 -0.0362764329256028 -0.0763300914331934 -0.0452702713857995
0.089199376965445 -0.0624624868033498 -0.0470551433535808 -0.0327670957871779
0.0665079653214532 -0.0829481227407074 -0.0254936179948882 -0.0279157744101346
0.0418845945147403 -0.0826461519650378 0.000629353592333146 -0.0290638171621845
0.0469350740796271 -0.0840175344207871 0.0280474840278891 -0.0340326924399191
0.0762523778786131 -0.0640201462614886 0.0543855783375864 -0.0364636167008007
0.092247942660444 -0.0467089175298477 0.0842847514534695 -0.0141393735100443
0.12207805431311 -0.00196136580530176 0.0816652675598276 0.0324430441121723
0.128843650810493 0.0468462402083826 0.04165481365457 0.0670272803333966
0.0886011253851991 0.108345934399705 -0.00790322492233309 0.0400328292565695
0.0589940645515662 0.145688955857659 -0.0206126707369382 -0.0459759036304476
0.0418663792464927 0.116668568699109 -0.0691685101395153 -0.101605802360695
0.0696471129790551 0.111133959185439 -0.0612152490145872 -0.140692327036425
0.11285320506374 0.0742491955929267 -0.0711889025923712 -0.129533139423098
0.116545639795463 0.0203608723624175 -0.0696954705507925 -0.0929224048423319
0.092032121592215 -0.0306283219284198 -0.0483666460041163 -0.0560629718901545
0.0684045342037755 -0.0475565601931729 -0.0216810071080246 -0.0563235853754873
0.0550348029976532 -0.0624471532026824 -0.00676862829113183 -0.0557957063248049
0.0381901637440451 -0.062159630931631 0.0174589569697598 -0.0543027763364941
0.045373072947982 -0.0609205595218125 0.0480197035629416 -0.0568634861561707
0.0702941706892672 -0.040525440888416 0.0777947803034857 -0.0499307423444456
0.0811680017822511 -0.0217080525505934 0.104249141005577 -0.0163388554326951
0.0984207407677535 0.0184981319721336 0.0863303805140369 0.0317190955687996
0.0979000621336053 0.0589137248139075 0.0380467292173344 0.0558926271542404
0.0566461757573371 0.105358943650445 -0.0154165116151091 0.0168513235562545
0.0260194905125785 0.125986348804796 -0.030958906583727 -0.0842128582338154
0.00858748318842995 0.0661294203155236 -0.0807086469355248 -0.116741768714878
0.0340642953639979 0.0676304399009604 -0.0761968289920211 -0.139797082238033
0.0617813648588576 0.0445328314706233 -0.0629581674341515 -0.118023071910861
0.0623395651684218 0.0141234797074824 -0.0543637869157112 -0.0878087313964597
0.0504462706777878 -0.0113730766827893 -0.0276800722343316 -0.0653882907044487
0.0415784904049452 -0.0205131764202751 -0.00525912452628701 -0.0724393699092027
0.0377396846439875 -0.0293731919779197 0.00730828807247006 -0.0742106114198104
0.0290233266034265 -0.0322932964887835 0.0311963987381804 -0.0693690661696291
0.0339931531078233 -0.0309171756246785 0.0675122722468567 -0.0680866186275002
0.048648375410893 -0.0176702800846877 0.0987312335562849 -0.0512294400897799
0.0532498973810429 -0.0055516620390953 0.118632443456811 -0.00786023136580446
0.0626132279027047 0.0230344837038586 0.0896094794483265 0.034788014652471
0.0599908493211049 0.0516709622092962 0.0387350425468056 0.0458202892933849
0.0250300656168742 0.0814927073576141 -0.0138630819840947 -0.00297699656031369
-0.00578577809148337 0.0867205786365603 -0.0304462910990448 -0.11398541430127
0.0152850244267708 -0.0258257907130062 0.0376584806290867 0.135323566778583
-0.0101229391618866 -0.032153205463678 0.0256541145393654 0.0327843982681109
-0.0232232660482253 -0.0238446032146596 -0.0345834834850406 -0.0388041768757974
-0.0182957321482355 -0.00410515761322117 -0.0865983313157742 -0.043753354608511
-0.00727633382494248 -0.00330725590388376 -0.131435269375103 -0.00385495259450658
-0.011111283929706 -0.00706143602188409 -0.125651708904756 0.056405532268144
-0.01970615876688 -0.00459417392894384 -0.0823173267634035 0.083011705282351
-0.0183421041692163 -0.00152360959991636 -0.0400483374677771 0.0846151031335237
-0.0220011277010129 -0.00811200886134857 -0.00960338243255704 0.0835855401968283
-0.0162712032307462 -0.0188002589210102 0.00630307007401587 0.0813100924005977
-0.00827952736798081 -0.0227850488438323 0.0250511894191878 0.071616904551001
-0.00181248335747676 -0.0234279100510066 0.0463780712968763 0.0793832056027615
-0.00022837230260226 -0.0284924169801805 0.0561471683543721 0.0986471774996979
0.0180210134998299 -0.0274652221624356 0.0777921730773629 0.10461103412969
0.0321062418184685 -0.0194664614269397 0.0930207361934892 0.0998343387048755
0.0401665306368864 0.0346341321582876 0.0235039493790625 0.121414099488218
0.0163949915762234 0.0192965946207201 0.0161147507245973 0.0213576058856551
0.017255480743561 0.0151797088714412 -0.0446305869552993 -0.0503068166714617
0.0271433422457708 0.0177521743528714 -0.0912542015363513 -0.053001519129445
0.0363534301273386 -0.00517980099512564 -0.136348342923618 -0.0107804628170771
0.0263214637766253 -0.0246775772789729 -0.128991743904336 0.0477621719527449
0.00808947210527696 -0.0353706069870619 -0.0867231839118458 0.0761064424914514
-0.00352198209400389 -0.0353801400062454 -0.0419121365672126 0.0771650709549453
-0.00805695702583905 -0.0463211304370041 -0.00926288850012508 0.0747725992633155
0.00759956913816397 -0.0515754377722311 0.00906257400214289 0.0697310770913754
0.0234901318712003 -0.0518757218478636 0.0302158545468916 0.0615627999070684
0.0489177159313216 -0.0366641976084678 0.0523189679671821 0.071800965486035
0.0564700264053589 -0.0185066462202963 0.0569474271230342 0.0947232495099793
0.0609006081916049 0.00983691566715534 0.0720061918962089 0.0949069081500642
0.0669863844497337 0.0345865670779629 0.0834450682107271 0.0888378409256036
0.060157400737211 0.0909210671621163 0.0092738192047278 0.0869134765611028
0.0442194172050932 0.0724428294851473 0.00799537196748601 -0.00792464018682025
0.0619505465089721 0.0540404315834152 -0.0546160516169793 -0.0735860989183695
0.0752111517430393 0.0353887395398181 -0.0971534854839425 -0.0656787022249757
0.0781652831746698 -0.0104166243032351 -0.13440207304175 -0.0165782823791174
0.0602504845280105 -0.0416063527821131 -0.121412530464649 0.0346503904336469
0.0348552516042999 -0.0622524630494395 -0.0810663088832869 0.05949722298196
0.0120951594000789 -0.0643119266721831 -0.0383526690317718 0.0583275750746896
0.00632391658004093 -0.0766060689942088 -0.00616344139596183 0.0542503857325119
0.0283370020955825 -0.0764462882932022 0.0140784278116325 0.0463364775550865
0.0484695300968957 -0.0741057966503892 0.0396711951528065 0.0418836340788321
0.087852728223953 -0.0495113664864797 0.061410790222273 0.0599638586035496
0.102974546530402 -0.0127048877620881 0.0576890399344827 0.0890476354762588
0.0969212941936378 0.040191313828283 0.0577364137445902 0.0841257555863121
0.0927861171383866 0.0811439174726937 0.062076962367532 0.0653137208416258
0.0747371668398013 0.132844234703774 -0.00805334002528961 0.0380157351893016
0.0715280012448077 0.115978170669658 -0.0016047839270592 -0.0478823517151712
0.107404182268636 0.0834178991143181 -0.0640131942823712 -0.100203374213563
0.121798014482197 0.041885171216065 -0.101525483043918 -0.0787098629962462
0.111412415279499 -0.0224143566654976 -0.124271675858184 -0.0210881266624065
0.0839882856365129 -0.0574189313300815 -0.102720346048347 0.0183122370937779
0.0542773079937524 -0.0814383336466559 -0.0658715753020029 0.0349857368504957
0.0248794840484296 -0.0835819847221276 -0.0291411899122378 0.031589674194742
0.0198938869353386 -0.0943097183808295 -0.000553295635868087 0.0249112082415637
0.0479215264756809 -0.088554337319978 0.0217973924560218 0.0163566444385208
0.0688768156818484 -0.0822941781738619 0.0510498764244568 0.0180966765970324
0.113512164860658 -0.0499578014798213 0.0696549974693768 0.0467771286012662
0.132481498967695 -0.00156542794907662 0.0559870064993688 0.0819508646278968
0.115686550982103 0.0668377992596068 0.0363424568992176 0.0732780833533728
0.102211058839767 0.116270347253768 0.0323678823822715 0.0339801459618101
0.0795859027301936 0.15137810962028 -0.0295763771303055 -0.0168084856069903
0.0914229203085638 0.138028575102532 -0.0190980746750273 -0.0897290518143086
0.138090785090358 0.0958513194971005 -0.0711788044147994 -0.120830296230922
0.150686030569756 0.0368611605179776 -0.0990534837602976 -0.0884371907806573
0.126192045944807 -0.0353203878583517 -0.103583286741363 -0.0294906056681855
0.0928743009827859 -0.0676676416940702 -0.0764456624689003 -0.00511758671516531
0.0628745891301953 -0.0905390115060568 -0.04589984935783 0.00452938525516951
0.0334640866474108 -0.0904505907551374 -0.0159423832923862 0.000757171329980937
0.0330384594196943 -0.0963694031675818 0.0102287096058236 -0.00624236343700699
0.0641912178449454 -0.0842903737681258 0.0340689172672238 -0.0145807967491657
0.0839275072552488 -0.0724166606183845 0.0655102477010703 -0.00313310966161578
0.126372162400449 -0.0339800366676236 0.0767860716951271 0.034818399519111
0.141795323356704 0.0174116793757823 0.0514085055080222 0.0734403158291996
0.114067389902146 0.0893179681444229 0.0128508268947142 0.0583573305535199
0.091636048215616 0.137450507784807 0.00213163312022007 -0.00340126190745785
0.0701209577385606 0.144390522985623 -0.0521720421802766 -0.0657542966754365
0.0930824803823417 0.134644116528596 -0.042514184161404 -0.12263152774629
0.141461668908184 0.0887900799750024 -0.0758885099712893 -0.129490366378531
0.148776365904886 0.0268337835276728 -0.0872036055526712 -0.0923289769366702
0.117899902039596 -0.0405252194144254 -0.0759382195733603 -0.0420080239704679
0.0854643473597691 -0.0657823761993971 -0.0478226757973504 -0.0315007003476153
0.0608411424202573 -0.085036442256691 -0.0255948610974821 -0.0272962677551188
0.0369168151902173 -0.08265205007018 -0.000154628010239701 -0.0298375802475802
0.0416783403785937 -0.0848728896553006 0.0261732921094875 -0.0357123704994665
0.0731802259982763 -0.0677652661279484 0.0522821120392836 -0.039021059169233
0.0895721699677429 -0.050424046789839 0.0833671646795152 -0.0174528664922216
0.121528658818886 -0.0071403077935557 0.0827636299368756 0.0286405863538813
0.128984508895106 0.0407023666127787 0.0454439287461229 0.0638777889260691
0.092971022853398 0.103336784081153 -0.005111721803803 0.0393181631789307
0.0657382354986946 0.140650952211035 -0.0215975129353718 -0.0434476454215255
0.0472927147431204 0.112772091071423 -0.0729638283514463 -0.100308776810302
0.0734129254932124 0.106413125004297 -0.0656585429825866 -0.137226276306776
0.113049643709126 0.0685177315389111 -0.0742069011784782 -0.125278624570358
0.115688002066553 0.0157933903459416 -0.0723079954324689 -0.0901658187701762
0.0885459818153029 -0.0334617129018238 -0.0489296465984796 -0.0547284095396571
0.0650724724938231 -0.0506053296228739 -0.0239098302472714 -0.0558807658045877
0.0506608874061325 -0.0637637959201258 -0.00826228051048874 -0.054793687831041
0.0347462489791571 -0.0623028114591517 0.0153310051637272 -0.0543702392254203
0.0419344505666536 -0.0616195890104678 0.0454066755775431 -0.0579430033111995
0.0683973200211033 -0.0439491034272426 0.0747341496802898 -0.0528168598588226
0.0787706519676052 -0.0254912513182201 0.102253076471326 -0.0200576779039086
0.0984395757755185 0.014333176594594 0.0874705544138319 0.027932347390902
0.0988657804431202 0.0535478729288527 0.0411724790086694 0.0534181464787861
0.0605345665096769 0.100929687970048 -0.0144601545298153 0.0171335789067767
0.032251285001499 0.122918705506781 -0.0332332886723463 -0.0813256588649707
0.0114152833665592 0.0635927766588633 -0.0850166333038454 -0.113998357807369
0.0360491339153327 0.0643894170560332 -0.0809104120847909 -0.135646849356733
0.0617660604077721 0.0418016514901488 -0.0665197845454571 -0.114497781038467
0.0616221632895183 0.0119923037508172 -0.0568713161160991 -0.0852383277757837
0.0484819887829652 -0.0128105754703322 -0.0296441796750886 -0.0644624060828085
0.0392447203952614 -0.0214463479860724 -0.00878068618731307 -0.0724647198679799
0.03551265398758 -0.0306292208207703 0.00413454770070534 -0.0729302151435541
0.0268469973221553 -0.0322927914601155 0.0289144986739944 -0.0700859337346865
0.0319819954937636 -0.0316449424804818 0.0638784125912304 -0.0706618146377749
0.0470924462616449 -0.0196531080464771 0.0953184700556543 -0.0548193111414425
0.0522269653675548 -0.00734779265243152 0.117333676700685 -0.013361985253792
0.0629168704730778 0.0208458165593598 0.0908366590859147 0.031104851488573
0.0602968098420203 0.0478836735285654 0.0410224751666881 0.04436026719175
0.0281517314276127 0.0788460621060585 -0.0135863522190408 -0.00221909331432128
-0.00118252664292761 0.085740727911282 -0.0344341447287481 -0.110486923234469
0.0123855979672711 -0.0241756597120494 0.0543110238732594 0.123783728098429
-0.0130014710736898 -0.0286736191910848 0.0303939628505185 0.0270771340677196
-0.0253845747339484 -0.0189580438969783 -0.0374373161219956 -0.0341975766451177
-0.0192490337952525 -0.00174498396651089 -0.0885022105410712 -0.0313623507017878
-0.0102175839638031 -0.00232327085490264 -0.126612820502201 0.0148478033618269
-0.0137525487573597 -0.00271184112055123 -0.110445812782479 0.071889645237871
-0.0196808649097459 0.000506740371781675 -0.0662669396436212 0.0913093050941453
-0.0169408566660765 0.00160646778289345 -0.0272063944994647 0.0862747919431339
-0.0216354927905892 -0.00454449549278946 0.0016643492847211 0.0814578978995885
-0.017666418677169 -0.016057905192374 0.0166340717675175 0.0786910030429841
-0.0105025172010954 -0.0211709991680365 0.032511105581847 0.0664968871801083
-0.00418783310854483 -0.0234934809023276 0.0541315633487464 0.0719013309400246
-0.00291713651403383 -0.0281468065594949 0.0649632518908646 0.0895606117559938
0.0136773213744116 -0.0304354839136884 0.0862888901936386 0.093101188426
0.0279967497475276 -0.0236399109187455 0.0993919789363146 0.0860581201629808
0.0460558617741045 0.0289450808976665 0.0367379806556761 0.110726269327004
0.0209491114567204 0.0163301467791306 0.0170708394875155 0.0169415221872709
0.0189115841396226 0.0114826110409434 -0.0508413346537032 -0.0423932032116406
0.027973055382326 0.0116021078540558 -0.0965892141046745 -0.0387079251705719
0.0310367676122469 -0.0104202273215903 -0.132771419111011 0.00998392852616059
0.0192936423441673 -0.0253716446302374 -0.115045682449302 0.0646221928852977
0.00185115736164971 -0.0345704847779104 -0.071829429184847 0.0863078351566875
-0.00724821948323893 -0.032226651034609 -0.0293563826206869 0.0787935125478368
-0.0137182294033247 -0.0424846279689182 0.00104286024337138 0.0726582830612539
0.00053129741509446 -0.0512406439505263 0.0179135304324535 0.0670745437661408
0.0158410141884766 -0.0534118069313106 0.0365416696192971 0.0564796672221401
0.0428022504125178 -0.045001278005394 0.0578219428114746 0.0648532082270855
0.0532239415140215 -0.0268061836327662 0.0648891967718509 0.0844960612294628
0.0605593440663095 -0.00021875306429346 0.0804859357731093 0.082569435410204
0.0698906533949154 0.0240445613242392 0.0909105795205824 0.0751650121673952
0.0744405151497531 0.078748983013521 0.0150321374173743 0.0796290202308048
0.0548111685096134 0.0621380248307475 0.00256536021423711 -0.00895534397771494
0.0673148895642685 0.041460528712716 -0.0661735641453288 -0.0611485702159821
0.0774928984947256 0.0204220880543641 -0.106462498353508 -0.0486978300899818
0.0704621156374875 -0.0215708544645829 -0.131837907907036 0.00656905748035544
0.049373799482584 -0.046695076163647 -0.109046874950647 0.0520766702285185
0.0230110812610855 -0.0647513336264895 -0.0689373026526464 0.0700817073421209
0.00309171318190548 -0.0617464843498084 -0.0283638254344054 0.0607726652096784
-0.00479900899463043 -0.0741338146943406 0.000896968590304189 0.0519385816282021
0.016642741629324 -0.0793208125067917 0.019813717210989 0.0441108819464589
0.0361083089907839 -0.0782921355283913 0.0436397873591712 0.0368515040384764
0.0785973741952002 -0.0628432651082278 0.0645057539972198 0.0520998730658728
0.0978241148267565 -0.0278323003661569 0.0639023499924988 0.0778727267362985
0.0995526053659923 0.0246411183144719 0.0660381625511693 0.0725147486239995
0.10128904302921 0.0658945673287751 0.0680685381931818 0.0532543860479523
0.0944635692831577 0.114820720631917 -0.0103018062028033 0.0343117890663734
0.0876711394423136 0.0981326367044801 -0.0145803423737566 -0.0459450500074018
0.114608753722929 0.0619553576148158 -0.081207031720274 -0.0839736946418448
0.123288006199978 0.0185986505238789 -0.114148733148452 -0.058242200243079
0.100270657963165 -0.0379297435953502 -0.121905242022879 0.00147866989862593
0.0697048684268997 -0.0658834291188374 -0.093486190517455 0.0345992245897863
0.0382680160010757 -0.0879407649267614 -0.0585762648692364 0.0462158618428346
0.0123952938373402 -0.0816613987888318 -0.0229231613236196 0.0339522249202671
0.00541083680921248 -0.0938073666679318 0.00350527819125393 0.0237740720179268
0.0328021403896518 -0.093321492327674 0.0226613700860725 0.0144396443816854
0.053927919706792 -0.0888983000913045 0.0520220773176402 0.0132433794400377
0.103281066175609 -0.0671631448631719 0.0702506866045312 0.0380532285227222
0.128106057800863 -0.0218569231532611 0.0614083098480792 0.0707867736177968
0.121487256401244 0.0471652307164761 0.0448724861060964 0.0623962258115419
0.114794041827794 0.0993392503196324 0.0370579043749705 0.0256421467774308
0.101412895786237 0.131378266074629 -0.0385663156426474 -0.0144580797704592
0.109202968990606 0.115654407249902 -0.0384841509208961 -0.0829576500173081
0.145686706543353 0.0685381511499893 -0.0926369540824312 -0.102172003856539
0.149200059536972 0.00953075682250605 -0.113117536963679 -0.0664568659798111
0.112793873268378 -0.0519569911452484 -0.102708267476579 -0.00916322700933427
0.0767602175459985 -0.077201002654974 -0.0721935588836817 0.00915545362541225
0.0453663172365417 -0.0983777473455541 -0.0442439740633355 0.014269837581405
0.0194936891668192 -0.0896731970001501 -0.0139255910645188 0.00296200312889122
0.0168311948177067 -0.0982707788021814 0.00995142193688716 -0.00802125207886191
0.0493159603722691 -0.0926920770691441 0.0306763270895452 -0.0163438883030751
0.0699929168064675 -0.0820969487930752 0.0625281108412235 -0.00979296019289111
0.1176853793484 -0.0537146080522698 0.075668803755053 0.0252030630469338
0.139239681787927 -0.0037979322120754 0.0559867413299607 0.0627366057793436
0.122561457471568 0.0695673698255737 0.0212969964576071 0.0511042630821403
0.107443148873079 0.120997609703169 0.00492748561686836 -0.00711728213996826
0.0905555265335965 0.124362474772282 -0.0673676470420639 -0.0581176658944257
0.108731915768052 0.110704054382903 -0.0654993659544929 -0.110034773127883
0.146577134188703 0.0616070983116969 -0.0973387557793729 -0.108667718009266
0.145333702249463 -0.000605441972141813 -0.102468830851116 -0.0714590247146768
0.104326990868099 -0.0565585846924452 -0.0781376432592294 -0.0249801198523445
0.0697507907273382 -0.0746778197119138 -0.0488108277756362 -0.0206165864018545
0.0445629215896191 -0.0930205194637488 -0.0295137908143795 -0.0187779837589921
0.0236308459590181 -0.0836623169691663 -0.00305490399137655 -0.0282745528182043
0.0273630663449132 -0.0884514649305827 0.0215690497469617 -0.037324803039989
0.0600481167668339 -0.0775460568663054 0.0456979928548795 -0.0420677959315152
0.0783919255627411 -0.0618637578672374 0.0774584474022762 -0.0253202968565634
0.117350101839357 -0.0268207998031091 0.0810780813734595 0.0184152612085822
0.129822280921921 0.0195869614079353 0.049846544820991 0.0539723615874385
0.104021261433486 0.0860638371031165 0.00163000937167198 0.0353648693087674
0.0825982899356885 0.12799126205674 -0.0214566568128868 -0.041963371573609
0.0622202289129955 0.0974026639570765 -0.0896315125996796 -0.0874545985151423
0.0847319998583596 0.0871728405552416 -0.0883748809814561 -0.121170156027811
0.116325049027319 0.0461930564190976 -0.0938966066972511 -0.105843954997502
0.112134364930058 -0.00424496921469235 -0.0859001732857651 -0.0722151416083181
0.0776890430609 -0.0459478464791816 -0.0541410930861972 -0.0423235418374237
0.0527414524384324 -0.0577676638435768 -0.0303904902782689 -0.0480550410309637
0.0378005992489095 -0.0712522055739925 -0.0169874125313631 -0.048945839475576
0.0239798327014636 -0.0643221002129522 0.00836961466424699 -0.0539493755285278
0.0305554310158109 -0.0667025862000564 0.0372862380807641 -0.0615142052009962
0.0583532103885655 -0.0540206476816829 0.0645309159769454 -0.0589087932687268
0.0717868230164759 -0.0363096239019899 0.0955144983801861 -0.0312153459281606
0.0981443052644742 -0.00223177881405062 0.0855228360459451 0.0166939790956015
0.102137703211512 0.0366928450962326 0.045330758051805 0.0445819625678264
0.0724066779251513 0.0884449177226968 -0.00888054521583233 0.0157634418939832
0.047214378523047 0.114792765450755 -0.0377224397949507 -0.0763693015109178
0.0192976050692986 0.0570609606591544 -0.100422949463023 -0.0992697560764113
0.0414484962457158 0.0535082711749079 -0.100521472212424 -0.117417117731122
0.0627827545947263 0.0287514181910094 -0.0826705876713728 -0.0979302767873919
0.0595425051044047 0.00110079531752771 -0.0689818455833849 -0.0728051864562294
0.042878743729677 -0.0205269064985403 -0.0370207982758403 -0.05596225277194
0.0327679690870198 -0.0271391785526697 -0.0186487454382309 -0.0666030918146743
0.0286699234703879 -0.0361886145268535 -0.00763219865640642 -0.0690583981368869
0.0204883102570937 -0.0355135876000868 0.0192038164174795 -0.0703432994466216
0.025432946156389 -0.0361603236689041 0.0535929383615793 -0.0752187438409537
0.0421427712864807 -0.0277003770118368 0.0852291589368807 -0.0638340723537983
0.0489869373334349 -0.0156586348522561 0.110352669490037 -0.0265845728872374
0.06445635457745 0.00897498900666541 0.0904761153548604 0.0195935736671141
0.0642599722183812 0.0367527424763439 0.0447220727389787 0.0363561801254359
0.0372913520251023 0.0712974016001543 -0.0110389071374036 -0.00176247130432494
0.00941711700047587 0.0831196116496385 -0.0422777467174942 -0.102982548560814
0.0110429986227202 -0.0227473050820124 0.0545097246585929 0.116008132414053
-0.011591429744739 -0.0268156821613286 0.0293198859267597 0.0243323134532883
-0.023720873803365 -0.0176796322161806 -0.0365803531942237 -0.0325943552087974
-0.017808836005459 -0.00170451287931762 -0.086077384824029 -0.0292433372283028
-0.00976361825189365 -0.00247161865031835 -0.120305536585625 0.0173450261910244
-0.0124020093329536 -0.00300952710834737 -0.103572950402359 0.0715720710459914
-0.0186608792839198 0.00102875820005304 -0.0612994136875794 0.089102559755913
-0.015774911001775 0.00164499696776606 -0.0247417566077243 0.0828860813492378
-0.0198475326788678 -0.0039892037701661 0.00339716036014581 0.0773719031846304
-0.0174203120496797 -0.0153884715208016 0.0184838204399929 0.0751923215025978
-0.0107876028663488 -0.0202296798612021 0.0327440866230718 0.0639464933704147
-0.0042937306194425 -0.0233179828029216 0.052824542830841 0.0671093353464813
-0.00277107947035439 -0.026852706603525 0.0640988381430479 0.084864335226627
0.0124829788611162 -0.0296271843337808 0.0844642586547617 0.0877078450470147
0.0253960408981373 -0.0222545656776036 0.0978010230297169 0.0813764309632401
0.0451578135361385 0.0263993631211719 0.0366942604847222 0.103887828461214
0.0210510660560981 0.0156932874371504 0.0162689863311135 0.0152287752285682
0.0195939771077878 0.0104665515931875 -0.0492925042333912 -0.040621025533121
0.0278192780890129 0.00961149918230485 -0.0938856664439453 -0.0364406488869335
0.0301944136644485 -0.0116833413202591 -0.126447340957562 0.0126554407202905
0.0183500738418137 -0.0253615211762058 -0.108181762990708 0.0647702992903759
0.000935907751272317 -0.0330059444559324 -0.0659867272938305 0.0842689894664173
-0.00757687983677488 -0.031243862338632 -0.0273645632969598 0.0761150534628673
-0.0138929883818497 -0.0411173884807166 0.00267667878108719 0.0686877659495722
-0.00116726647605288 -0.0497866470181456 0.0190889861274972 0.0637237071708815
0.0134735902661827 -0.05140427007639 0.0365565166842768 0.0535193203799282
0.0401003861624865 -0.0444125446002991 0.0565074982111233 0.0604877136859818
0.0506845831322554 -0.0266977810427012 0.0636136775351564 0.0796469737114869
0.0588553909732541 -0.00147189046012288 0.0786125922727344 0.077791773904922
0.0667264967746674 0.0216116672763481 0.0890981721757942 0.0708603381354261
0.0737139780989025 0.0729957138560999 0.0152232683868284 0.0738812763182555
0.0551901845948728 0.0585450298022969 0.00275855703798702 -0.00967857685062122
0.06592021614845 0.038296484683029 -0.06370019120713 -0.0588393907861017
0.0761074954478102 0.0175866821134686 -0.103646212042148 -0.046140383044013
0.0677266970080059 -0.0232603932844786 -0.125526405366976 0.00800817113447381
0.046520374558964 -0.0468349282254889 -0.102992902577072 0.0524652656959057
0.0200930547482675 -0.0629778301760139 -0.0637347888180336 0.0687659922203674
0.00138121315783919 -0.0594883292445457 -0.0267696675468026 0.0583063891018068
-0.00686096099606343 -0.0707139278283502 0.00239789297060047 0.0490350904546751
0.0136227913159731 -0.0763251997138329 0.0206936091113712 0.041965397748936
0.0325627998851364 -0.0760167304961765 0.0433146440961999 0.0345618792228072
0.0736362755473078 -0.0629157691426997 0.0627390108620983 0.0484025638319182
0.0935302020148078 -0.0289741801120883 0.0631174464719567 0.0734196727427718
0.096100227638915 0.0212152657881587 0.0646227881340863 0.0687403715217771
0.0978035435909605 0.060176340217709 0.0673815959443738 0.0502819918932469
0.0933704717022458 0.107004458168016 -0.00948899347449025 0.0320011484632177
0.0871404479822853 0.0923286831571364 -0.0143483848460169 -0.0445277104982893
0.111270215764991 0.0567690490626573 -0.0781524424431334 -0.0799298309299506
0.119779046536679 0.0149404946197659 -0.110682888864471 -0.0550771028558426
0.0958732749303073 -0.0389378467941959 -0.115959302057724 0.00255332037428883
0.0654614383749326 -0.0652976580007916 -0.088630044869495 0.0346043030139621
0.033597645465499 -0.0854727721734171 -0.0545677397404607 0.0448291238000315
0.00990208184252373 -0.0790263310399023 -0.0218738280236069 0.0321928302398366
0.00286749339032889 -0.0895751433532153 0.00388449604202698 0.0217212347262806
0.0290774114736428 -0.0906448650983041 0.0229003863320335 0.0136557598629431
0.0494964853786507 -0.0865567252090069 0.0496596687545231 0.0111965065864056
0.0975152496140497 -0.0675208009650893 0.0687379795819748 0.0344351130592862
0.121506452409916 -0.0242301339083173 0.0611274223082857 0.0658937762437727
0.117927911515149 0.0422166465039269 0.0437731347440477 0.059365603201633
0.112127630309766 0.0917096506838711 0.0374639676951779 0.0240657449362352
0.100605976128914 0.12194258232798 -0.0387828704273311 -0.0147944348809683
0.1074739246242 0.108107037450215 -0.0385500436017276 -0.0794353053246742
0.140805723649457 0.0627867945839748 -0.0896245951125008 -0.0964916577450675
0.144384048916181 0.00537284831260838 -0.109596117864831 -0.0630823938326055
0.107287941849738 -0.0527534294725077 -0.0975499210958996 -0.0079617515591567
0.0718227428155713 -0.0758806056576595 -0.0684855718547743 0.00949518184301424
0.0399906327361476 -0.0951889129007147 -0.040904471334249 0.0143599559474554
0.0166238860366989 -0.0861034717083758 -0.0138896503120474 0.00178144598853688
0.0133405912979993 -0.0937241816517829 0.00916393654681391 -0.00857072340965308
0.044313132972303 -0.0906363501487989 0.0287447005419575 -0.0162917324394597
0.0649540353118086 -0.0803085527151721 0.0599515115733312 -0.0112116878710052
0.11175586616276 -0.0550807928168862 0.0732490251631554 0.0222166218778184
0.132704436751475 -0.00809700808445851 0.0557160431521029 0.0582246927487715
0.119910830594298 0.0633548983092875 0.0218876198952743 0.0480978418689707
0.105974068378302 0.112319374204756 0.00565949035312006 -0.0062266480112433
0.0894276073050088 0.115834780886003 -0.0661015097771225 -0.0551242507832949
0.106928582380598 0.103443077023352 -0.0651619865368239 -0.104328401215022
0.141913248398538 0.0559886105540424 -0.0943611762693685 -0.103659493098869
0.140735353199877 -0.00376051787103924 -0.0995187273371253 -0.0676213874661202
0.0989070872015652 -0.0562148981071613 -0.0740727730519528 -0.023239618544467
0.0654026448632973 -0.0736352203460307 -0.0477425014486052 -0.0196142575593085
0.0389054601716493 -0.090106560522709 -0.0277912470633255 -0.0181598122418816
0.0205969366488168 -0.0804124652525647 -0.00417521894478002 -0.0278265862596223
0.0232806572331069 -0.0845722596253207 0.0198501327320911 -0.0369159074751161
0.0549954451206597 -0.0766197745337045 0.0423824938511102 -0.042029130131215
0.0737541718103001 -0.0608707752291735 0.0738982472882423 -0.0267895420760112
0.112143047704549 -0.0299397205292307 0.0783475562806659 0.0155455147992544
0.124759030154945 0.0152706530916906 0.0496324322696039 0.0496999519413036
0.102177753106618 0.0793714255418295 0.00257896230564666 0.0337117617304489
0.0825345831613988 0.119289365990784 -0.020897936389619 -0.0390956054533288
0.0618858907543548 0.0904424247210289 -0.0878243701960013 -0.0829534893846445
0.083002895985707 0.0809216134407972 -0.0869751003564185 -0.114056519516905
0.111932543911938 0.0419636315319754 -0.0914497135747944 -0.100479564299748
0.107277473425854 -0.00711779029509484 -0.0838585064196821 -0.0684534047964026
0.0725757508721703 -0.0450115019853344 -0.0517751451579978 -0.040203223936811
0.0491955957653593 -0.0557809782241507 -0.0309528169934105 -0.0458319882790312
0.0336466080048954 -0.0691755488885683 -0.016877939737921 -0.0466151801786927
0.0212614089748952 -0.0618535175983762 0.00677234402278276 -0.0522881760514481
0.0274671418925957 -0.0636413289915743 0.0346296307811156 -0.059661900828564
0.05415629169488 -0.0537705842532083 0.0607067355506965 -0.0577626902091934
0.068127422243197 -0.0365112094268826 0.0907658678845393 -0.0323587468242197
0.0938506065037922 -0.00495966012250077 0.0830532322116796 0.013887020292683
0.0977625422312538 0.0323332845646044 0.0449645760345208 0.0410797451950218
0.0712958208315845 0.0822978581050822 -0.00794614495473851 0.015311041155396
0.0483565204787856 0.107381294108782 -0.0371397875789774 -0.0715996354887212
0.0202232259061735 0.0527460463553793 -0.0985089043762428 -0.0935267064879353
0.0409183035741372 0.0498682242250991 -0.09880759998022 -0.110777350831342
0.0600630765159884 0.0264054272497726 -0.0809651123241404 -0.092327977521436
0.0572966991826779 0.000320922982309211 -0.0676468363135756 -0.0686836470996691
0.0404238765633172 -0.0198429537165479 -0.0368562400295692 -0.0536930474272136
0.0306400989086509 -0.0260476326710259 -0.0200069704451577 -0.0642141719309312
0.0265219182317265 -0.0356161369886848 -0.00852426455523087 -0.0661044428661626
0.0187679976406579 -0.0342323486383197 0.0163633478738721 -0.0675955779879518
0.0237926047029536 -0.0352493435742065 0.0499172541285359 -0.0730950406930728
0.0392358486471896 -0.0278966629016452 0.0795191077327295 -0.0624745212597857
0.0464223806459894 -0.016128491532593 0.10534399930702 -0.0278247434227814
0.0618867265521257 0.00691367160152627 0.0875336320690014 0.0169351299568045
0.0614996885028696 0.0338977710887282 0.0443218522703643 0.0336748804051163
0.0369021532972581 0.0666143529758071 -0.0101298988147758 -0.0010605166683333
0.011337220933131 0.0778572016881111 -0.0425392606887098 -0.0964053171046071
0.0103592688232411 -0.0212451342506998 0.0519013459691233 0.111174808269822
-0.0105837199020283 -0.0254930505954627 0.0280608914657506 0.0230355416345329
-0.0215248511664124 -0.0175863507670235 -0.0359345982075613 -0.0324067362139727
-0.0163221143926004 -0.00233465897971632 -0.0841193263137128 -0.0290838287306503
-0.00947185042458761 -0.00373176245458072 -0.116837289683445 0.0159274791030383
-0.0119213484375948 -0.00342278118005154 -0.0992692091750289 0.0690647840614984
-0.0176685664658235 0.00113915745334164 -0.0592842045248942 0.0856899164295633
-0.0144537449895417 0.000907021985496062 -0.0250327423216792 0.0805631599763522
-0.0189053685444322 -0.00420448878644019 0.00344240243189601 0.0745123833008613
-0.0170552111486499 -0.0149717688780379 0.0181264866659446 0.0730079980011733
-0.0102889619493516 -0.0195634441593347 0.0311240947510377 0.0614259191318197
-0.00382065202495967 -0.0229543615741341 0.0500961349972813 0.0649304887874215
-0.00157486371488973 -0.0258212123193802 0.0612462024214825 0.0827843604301832
0.0123392046009504 -0.0282436057947866 0.0801599027424221 0.0854593495068127
0.024161799530147 -0.0209563222228935 0.0946778853193393 0.0796006635653441
0.0429691405724352 0.0261184162353181 0.0346800977372762 0.0988389343067951
0.0215854613582269 0.0151058693949915 0.0157214927124621 0.0143728948235794
0.0201136043708694 0.0103009857439048 -0.0472246102326671 -0.0406897590894526
0.0285321753188426 0.00904444443371103 -0.0909750177989185 -0.0368442878196339
0.0293936652165454 -0.0122451569081939 -0.121824503818905 0.0112945734636653
0.0179973168949981 -0.0255093957037941 -0.104132943003907 0.0622488623711939
0.000967518565080167 -0.0318260083881326 -0.063524077135185 0.0806896056187371
-0.00692019176333946 -0.0305524920969973 -0.027283693769305 0.0734327102792035
-0.0132338709983171 -0.0394275046989063 0.00243363118222697 0.065942889955025
-0.00126714718873106 -0.0481114690918844 0.0189728253224734 0.0618998123434174
0.0129717183536124 -0.0494802759003737 0.0352623223500552 0.0517648813650522
0.0390628875911475 -0.043183018126927 0.0543409719759819 0.0578987712238877
0.0496730292598819 -0.0262871560471654 0.0609144323466489 0.0777165864145496
0.0565001305962161 -0.000787945431395745 0.0753027237192041 0.0756374979348336
0.0638789939785083 0.0214299552910773 0.0864292532087142 0.0692474063724711
0.0708208934603022 0.069972936110489 0.0135742750131653 0.0703977287043384
0.0539035768541553 0.0567406448790332 0.00318457690878148 -0.0100854827685906
0.0646211545392362 0.0373760493751626 -0.0607879941009413 -0.0582651688036556
0.0749018181419956 0.0167381979675722 -0.100384104762102 -0.0463092994097489
0.0659544047115632 -0.0229783820031647 -0.121076182810272 0.00665126191410329
0.0459799428083901 -0.0460605070314143 -0.0994055545396143 0.0499147287809187
0.0194906790598592 -0.0609536635277867 -0.061134057690084 0.0651249414120654
0.00180584506845275 -0.05804912972794 -0.0264627918765571 0.0558024887170724
-0.00686432181118665 -0.0682467532924894 0.00248616240863086 0.0467793080287881
0.0132868428536615 -0.0740438265353548 0.0206216153193727 0.0405085442207609
0.0318303059340048 -0.0730719692120514 0.041944289115277 0.0330622832876922
0.0714252311223554 -0.0606424029662143 0.0607149454932517 0.0463212820443187
0.0906247329735379 -0.0279502474336019 0.0612772567001053 0.0708492112834554
0.0931098033872928 0.0201662547903585 0.0617595886981292 0.0658956066702007
0.0941732950413863 0.0587812986119897 0.0657621521510996 0.0489985282695194
0.0900891969657785 0.102753429076445 -0.0102100710949408 0.0292835547521905
0.0845144081455016 0.0892897452601322 -0.0137741686699137 -0.0438147857783671
0.10800676553542 0.0559101909359717 -0.0741570041660663 -0.0787025764274884
0.117066549885666 0.0136611309255336 -0.107131851780082 -0.0553527094957676
0.0927972816846195 -0.0379717682076492 -0.111314852176393 0.000994447599628445
0.0637651875089137 -0.0637363818293458 -0.0856583999648626 0.0327345730669979
0.0321370406858287 -0.082174094485971 -0.0517257597455639 0.0420760739019519
0.00934016709616347 -0.0764734088310886 -0.0221804045093582 0.0306332208760219
0.00226731627555719 -0.0855494933622597 0.00395292972993927 0.0204771613327021
0.0276557478965984 -0.0881570276759798 0.0221199607740748 0.0128654803977116
0.0483548259678961 -0.0834330034025459 0.0488638320774737 0.0108075405468935
0.0946768689627726 -0.0655351687052004 0.0661346071774797 0.0329728653471294
0.117964918794397 -0.0231348351327598 0.0587340998551587 0.0632902468396699
0.114141591448926 0.0405113401003575 0.0423330373880537 0.0577954368561413
0.108332196302549 0.0882913686207117 0.0370002832405541 0.0239022361874853
0.0966811492714746 0.116397545255362 -0.0380261665729472 -0.0151637063787937
0.103794808836221 0.104495922269894 -0.0367722631098622 -0.077217668030012
0.135794607955115 0.0610593952545128 -0.0852987965779024 -0.0950731884158739
0.141283628707383 0.00547014499960013 -0.105684005193305 -0.0630691065016378
0.103989555215963 -0.051296893304976 -0.0937990647110294 -0.00929798581882624
0.0695724188182772 -0.0740776642586018 -0.0663825857433668 0.00831145203920794
0.0378233805211689 -0.0920172785190526 -0.0389782964342738 0.0127241279589272
0.0157579815395583 -0.082989540329978 -0.0141669593904307 0.00138218541967611
0.0127026689323729 -0.0896156927266798 0.00923430346343775 -0.00895709655737336
0.0422125964335661 -0.0879897904438942 0.0276409143939587 -0.0160885400562857
0.0632952907837578 -0.0774908065992062 0.0580330586994733 -0.0112138542403945
0.107875623572773 -0.0535827775720526 0.0708878265823581 0.0211622421333521
0.128479153270677 -0.00776090516365356 0.0538701688206488 0.055430339351285
0.116257944090791 0.0609154990857025 0.0203259146108689 0.0462332516711775
0.102551294623916 0.107953767184738 0.00599408297893273 -0.00549400573260142
0.0868743400807467 0.110285657062154 -0.0648317510469311 -0.0544090825474912
0.103254596669065 0.0991703850405048 -0.061847950849193 -0.101139716912258
0.136371869473407 0.0543385538875821 -0.090322504721585 -0.101018179543688
0.136654834165878 -0.00403121188748808 -0.0959338026548707 -0.0666572743647866
0.0954361181226065 -0.0541869346075958 -0.0709089522989938 -0.0245473194263394
0.0634412576935193 -0.0708023056748185 -0.0465868728133143 -0.0198359010438655
0.0372456683576611 -0.0868275713463145 -0.0260208238691092 -0.0179145647736105
0.0203333480753617 -0.0776535154562803 -0.00413048135587224 -0.0274104352541283
0.0223824940784387 -0.0810579557186547 0.0197050085738002 -0.0359057394356174
0.052741212331594 -0.0750680463681696 0.0401900268430095 -0.0403638611383161
0.0709471924507642 -0.0593263175192493 0.0715075750356801 -0.025602839780659
0.108121494905535 -0.0295611892032266 0.0766677829330026 0.014554906523752
0.119879175213528 0.0150846341387632 0.0482558831719972 0.0476979059115181
0.0986281012919135 0.0763740438877849 0.00257942725424364 0.0322828093947924
0.0797196361903341 0.11410574386127 -0.0194617931023143 -0.0375060660147121
0.0598634503729003 0.0858096135422591 -0.0855499101459384 -0.080987237483206
0.0795778123125814 0.0779421129311326 -0.0834984749797423 -0.111057737636317
0.107039419553112 0.0405738643553801 -0.0869066980236312 -0.0982851221601125
0.104681634263395 -0.00666047120344289 -0.0807233377251783 -0.067575643798959
0.070517985444271 -0.0434196393019603 -0.0500010063217317 -0.0404900588652437
0.0480805454447669 -0.0538600869752151 -0.0305016605290955 -0.0457944560473064
0.0315252215066472 -0.0664781070528679 -0.015366932044047 -0.0455807176299208
0.0206024832223117 -0.0598241470061979 0.0062199103077655 -0.0511086770867132
0.0261284317501054 -0.0603824222828625 0.0336596352677794 -0.0578300994435863
0.0520068785576394 -0.0527220052722361 0.0582562969525855 -0.0554246381554587
0.0655741390600274 -0.0352384578822658 0.0879330629889281 -0.0311637678739718
0.0908845466101164 -0.00541205412509341 0.0810522553423625 0.0138957369301863
0.093954120124256 0.0315957490637794 0.0439339785795793 0.0391132032466398
0.0685061278691394 0.0788530670593453 -0.00810204830972707 0.0146541539162508
0.0471761098949725 0.10265856239666 -0.0354268065612835 -0.068145889514065
0.0197179573572701 0.0501225288443656 -0.095701595757374 -0.0914440796779536
0.0392220327885912 0.0478592886802763 -0.0946124039359145 -0.107435340181419
0.0573457349215244 0.0255588363820565 -0.0771072363804473 -0.0898911297996319
0.0552732539818544 3.67699305351844E-05 -0.0655907669987378 -0.067000855302479
0.0384805976784122 -0.0188705728107562 -0.0353725808284173 -0.0527780241220551
0.0299144456333561 -0.024524732654241 -0.0200839983617596 -0.0632259117796019
0.0252891343786439 -0.0342181124454195 -0.00765676075093834 -0.0639366164988383
0.0184010549891905 -0.0329910041297649 0.0163925625836809 -0.0659905368345024
0.0220545551938697 -0.0330049705577855 0.0484633628067002 -0.070385765198132
0.0377734983937145 -0.0273573915320151 0.0762164048178092 -0.0595229628201268
0.0447707022771741 -0.0153501664785598 0.102283694661045 -0.026415325153303
0.0595601011622879 0.00633152743246738 0.0849139243309722 0.0170421673600151
0.0587749840604693 0.0329605932050479 0.0432885993556069 0.0319744867473234
0.0351346709496314 0.0633721608225085 -0.00984776483258282 -0.00105114530440732
0.0112125803043153 0.0741007128564949 -0.0408538747806071 -0.0925436896667814
0.0100585280072332 -0.0197916103306929 0.0491379921277678 0.109037780267772
-0.00941333981586053 -0.0254815715401947 0.0271872952819632 0.0227018813573417
-0.0198761722155455 -0.0179849934292883 -0.0352922931603075 -0.0335669035043066
-0.0156044423888905 -0.00327808845435755 -0.0835564347092833 -0.0309736767268018
-0.00912194309431623 -0.00445869930508053 -0.116055598578762 0.0145648705611652
-0.0113396892544773 -0.00409465488995787 -0.0981799593513649 0.0664986677202036
-0.0171088925720306 -0.000156433608613882 -0.0598620769553085 0.0836017213999594
-0.0145892037021813 0.000376923211312391 -0.0260873904673141 0.0794692403189487
-0.0184650252508522 -0.00472041372078147 0.00225157425612742 0.0737963836528119
-0.0160201991352941 -0.0148444408789386 0.0175658913713266 0.0722201735950814
-0.00992691946379502 -0.0198236339863067 0.0298143517572808 0.0618849083382578
-0.00281776840779119 -0.0229695204581222 0.0480453949967637 0.0652854226206486
-0.000519848357565592 -0.0258439511182351 0.0587706828483285 0.0831206889503261
0.0121363796971018 -0.0269459131631506 0.077882080193991 0.0860222908688552
0.0233879893019039 -0.0191884708148043 0.0930175140886353 0.0806556425539393
0.0424722802059686 0.02684544358671 0.0321670460547179 0.0971238363360906
0.0216097865759408 0.015317919485143 0.0153355356460258 0.0138265007043195
0.0209519881401747 0.0106337888724473 -0.0462595312829939 -0.042190374463955
0.0290993767228506 0.0082639007885163 -0.0906630583743207 -0.0388701107764536
0.0295317100239634 -0.0124115807156053 -0.121226074139242 0.00884526081975415
0.0184456674956474 -0.0260268910384312 -0.103211548117286 0.0594730609582689
0.00148114958936919 -0.0315506579658929 -0.0638108489295307 0.0781449007492463
-0.006300427448604 -0.0307321014047585 -0.0289395935425933 0.0723491915263618
-0.0121106983273185 -0.0393139496534863 0.00155017135979201 0.0642574305966251
-0.000487154884977196 -0.0476214789602103 0.0182681994419223 0.0611088806815892
0.0138602866412479 -0.0492683869530514 0.0341183097256891 0.0515147227665726
0.039293821298602 -0.0426617711587049 0.0525503743268265 0.0579427546820962
0.0494790950170713 -0.0249441492467281 0.0594217598705514 0.077811574323929
0.0559078650388005 3.7030840152219E-05 0.0733600156869667 0.076412651962201
0.0621839130074788 0.022581963729712 0.084896877226363 0.069951463054824
0.0688561685459009 0.06985117972002 0.0121674530568288 0.0686579707170195
0.0527936027652527 0.0569361192672029 0.00318130415790475 -0.00999924321920669
0.06473090196701 0.0380180130112565 -0.0591473462820897 -0.0602398194928745
0.0753898407645288 0.0167944919649873 -0.0991506404779503 -0.0489838542202196
0.065784204998988 -0.0226389425473749 -0.119599249712763 0.00381809025101392
0.045831189274023 -0.0456745814357101 -0.0988356692287798 0.0474603594663723
0.0196116158558368 -0.0598571297482952 -0.0601919446692876 0.0628259000052832
0.00259259463633653 -0.0573603507242377 -0.028324078245442 0.0548000458782485
-0.00545076189677798 -0.0666288993000236 0.00139085852148146 0.0454656576482915
0.0136712546142252 -0.073439735319087 0.0196493815228411 0.039959153192792
0.0324740906641747 -0.0717595330984427 0.0409643061629854 0.0332240560554441
0.0716450139661438 -0.059829881827149 0.0590302338089367 0.0463324845767187
0.0899142211872755 -0.0266909620742662 0.0595930328433681 0.0706219816469784
0.0922240691582501 0.0214421543571984 0.0601526613014751 0.0667588708299837
0.0922151867752133 0.0591563851768648 0.0648852512610432 0.0501162932706332
0.0870345738342474 0.101769710237694 -0.0112308167608626 0.028238485598452
0.0826465217410602 0.0896331872625171 -0.0124444017546029 -0.0436738343599604
0.106549455543331 0.0566847110108161 -0.0721561373660193 -0.0806559385583267
0.117186144837428 0.0149873978014323 -0.105601358260645 -0.0582606086676143
0.0929236692633177 -0.0366560825624247 -0.110070681003735 -0.00160941568993019
0.0640615465199765 -0.0630500011715369 -0.0857659366213063 0.0302543904805503
0.0323224649440727 -0.0807557135637954 -0.0502534500492355 0.0395425321638757
0.0105671313793215 -0.0757902315259094 -0.0229959629681495 0.0298253195407775
0.00363082184944727 -0.0841702203697864 0.00299109216500748 0.0194512028387776
0.0278492549551701 -0.0873904872747035 0.0217419760182202 0.0127475893379945
0.0489952739275793 -0.0818769242297403 0.0481351143129698 0.010556754199773
0.0942713628730398 -0.0639461362200538 0.0652730598885722 0.0329552940826573
0.117073739242818 -0.0216226689888809 0.0573830049945152 0.0635469205078627
0.112794749890557 0.0412856048318728 0.0406352929955181 0.0578199338151748
0.106017153316665 0.0885000835523935 0.0362988124557453 0.0247685332468952
0.093848671847431 0.11510185970963 -0.0380548379866072 -0.0165461070829268
0.101902900283786 0.104454636344193 -0.0350408377465375 -0.0769485027245389
0.133930586856893 0.0625166000234866 -0.0818323637885085 -0.0965539694807817
0.140608604463044 0.00717862621830515 -0.10412371815897 -0.0655991701209731
0.103899106431371 -0.0494867442867363 -0.0926206103120764 -0.0116331459826749
0.0700151030562705 -0.073037429485202 -0.0658550161148668 0.00622486643640591
0.0374243323336587 -0.0902229312547066 -0.0373634207182061 0.0106990801022244
0.0166273563541794 -0.082196659532957 -0.0149796003295509 0.000784172683861378
0.0137845006704633 -0.0878803734671579 0.0088101067377081 -0.00900577605178816
0.0425038455793071 -0.0869259913895371 0.0281211471819921 -0.0153068779975742
0.0637881624074019 -0.0757171250730285 0.0572662465019877 -0.0108016069320229
0.107358407358461 -0.0523870765059748 0.0706052893156101 0.0216667141522767
0.126985300218818 -0.00560614582711531 0.0528523388292896 0.0554454062739896
0.114126904961739 0.0616669324614024 0.0194464508716917 0.0466425974727453
0.0994858206106494 0.107477336495341 0.00636568570247383 -0.00501471575170667
0.0837856386766058 0.109277930963891 -0.0635147271067356 -0.0557427676945112
0.101225460613542 0.0996664589432622 -0.0597923302138303 -0.101338965907954
0.133955926280843 0.0562445162240098 -0.0865150281486561 -0.102722941337683
0.135863166553957 -0.00201069116849339 -0.0944686388723645 -0.0689786659772454
0.0949657099627182 -0.0520999514470573 -0.0699828155529017 -0.0266208854748912
0.0639077019355589 -0.0694248421904477 -0.0459641960303001 -0.0211181903878514
0.0371199372828344 -0.0847712521499058 -0.0247364346079342 -0.0196167179612884
0.0205177516901484 -0.0764385493049339 -0.00412231001085787 -0.0275950386312093
0.0230401994277763 -0.0785504734881427 0.0202505423146328 -0.0358662513940477
0.0525251505148223 -0.07362045489646 0.0409350890517855 -0.0388227985419095
0.0717809983424654 -0.057056318616425 0.0711888168761534 -0.0253460485227485
0.107467758043355 -0.0279148189560065 0.0757704484340961 0.0154805983743015
0.118219500121739 0.016656984039302 0.0470093285317075 0.0474315730498264
0.096195567955706 0.0762969405150708 0.00185322925315907 0.0322896837296767
0.0776001096039814 0.112913875811541 -0.0183216263816034 -0.0372359229574066
0.058281575324311 0.0846932723875855 -0.0839441650515778 -0.0819635645400418
0.0779979344832277 0.077640652041215 -0.0807555195989404 -0.110649288750878
0.105456929545043 0.0422246846953803 -0.0838373743886572 -0.0997248900928287
0.10361226862263 -0.00550113301733959 -0.07902824623871 -0.0687920461292872
0.0703701267606457 -0.0419158329646247 -0.0491766050494285 -0.04193886464103
0.048248619098076 -0.0522775380027375 -0.029867101966541 -0.0458981589161329
0.0317923292177038 -0.0649260122826716 -0.0145094961737697 -0.0460761908002441
0.0212107182139078 -0.058543185447017 0.00716321966472501 -0.0511820616724291
0.0265694800500404 -0.0590157124624525 0.034075572301457 -0.0566946285627719
0.0511129657891195 -0.0515127812139897 0.0579456060636434 -0.0533927216785369
0.0660223496107579 -0.0339252467361806 0.0871875430984042 -0.0300215613775452
0.0902232994214988 -0.00415723114530856 0.0800839708193032 0.0143800853677988
0.0919434563143085 0.032760993838092 0.0430750153785772 0.0393258759603113
0.0663744430788316 0.0779945723213212 -0.00847749528820815 0.014609893440125
0.0448312228052073 0.10127023965102 -0.0330659883943492 -0.0673753008809881
0.0190113067825319 0.04890980604165 -0.0939368669561727 -0.0923732953547253
0.0376532908398106 0.0471861781543062 -0.0921564767626971 -0.106738760158409
0.0563153640519267 0.0267167717163674 -0.0747271082199837 -0.0910467247490344
0.055015431283885 0.000886149644585077 -0.0647681399125858 -0.0680444872450838
0.0379915188138562 -0.0180789179173224 -0.0345398830769821 -0.0536026320767409
0.0296224993365686 -0.0237311490670622 -0.0195918897453793 -0.0628851888128768
0.0245502864455663 -0.0328546370489093 -0.00614581786619784 -0.0635914035923235
0.0186069439991752 -0.0319397857714272 0.0173506088063498 -0.0655012180675569
0.0222188276733623 -0.0318030443774068 0.0492047924348027 -0.0688001167925453
0.0372791929592706 -0.026585084047068 0.0761752737516555 -0.0568910265695961
0.0447909483315309 -0.0142905370163223 0.100997947439365 -0.0251029496139784
0.0590774673046002 0.00664913704202671 0.0839317274716947 0.0179935424836683
0.0572693300812872 0.0335511952873943 0.0421265108457907 0.0326997128642681
0.033148329064604 0.062691654350126 -0.00950577590054997 -0.00070100791655946
0.0101759062742097 0.0728457914240144 -0.0384608882385708 -0.0911931693144674
0.0106799995409793 -0.018569334614537 0.0490514790276505 0.110120819026565
-0.00893590624609785 -0.0255335423042733 0.0273656837839286 0.0227259182597465
-0.0191373523178439 -0.0184143478822086 -0.0360296487768164 -0.0355396854638685
-0.0155672833364917 -0.00407713258474637 -0.0853657814107169 -0.032256060341893
-0.00889512130003635 -0.00528799194380109 -0.117999600752817 0.0133069924131859
-0.0113693142365272 -0.00503742481660198 -0.0998832807041481 0.066828147973049
-0.0169742487775237 0.000756196848599022 -0.0606727639373384 0.0841040471168008
-0.0149084376774334 0.00013024414483308 -0.0275556944521463 0.0809834513893907
-0.0183295981832792 -0.00518425735787877 0.00119912507853757 0.0746210741927545
-0.016388453192438 -0.0148272254493759 0.0177213492414071 0.0737979314283955
-0.0103727532289093 -0.0201537455312365 0.0298943354593423 0.0633491892526624
-0.00235103918020638 -0.0233141615378734 0.0478211119836619 0.0668593297148416
0.000148144062407478 -0.0261915976985609 0.0593704527909308 0.0856107812311728
0.0126696656058409 -0.0264351799351959 0.0785648737697325 0.0885017672979047
0.0235262118294948 -0.0188813939589178 0.094089213852912 0.0836507577144984
0.0423893899142628 0.0280458749896384 0.0313345749100319 0.097802587443357
0.0223840837006071 0.0163718105255896 0.0160654419752003 0.0136321234768491
0.0222332193942212 0.010297203473059 -0.0470698714489965 -0.044475787370351
0.0307012522987461 0.0080532029883574 -0.0926020163302808 -0.0413544486440182
0.0302475006782302 -0.0134725718722338 -0.123309003962052 0.00791090599734296
0.0190860872579749 -0.0273490007807421 -0.10498107631167 0.0593908690058777
0.00174810820723939 -0.0319103760955053 -0.0650732805280531 0.0781670605148897
-0.00668639420015528 -0.0316122783862479 -0.0304832509565571 0.0736470895861699
-0.0122190302928017 -0.0402108562828199 0.000452950684023756 0.0656210176163029
-0.00015715391317541 -0.0486560813249254 0.0188565497599953 0.0624457056029068
0.0145346409528718 -0.0496134996652661 0.0340875343343079 0.0526617376948773
0.0405585329403807 -0.0432323011859518 0.0524121476806047 0.059109455116266
0.0511646592369757 -0.0252209620661623 0.05970356959329 0.0801297349259565
0.0570095986225643 0.000908167996795445 0.0737443415472922 0.078890735320776
0.0629545299412474 0.023823083893777 0.0861832602702165 0.0726437184180821
0.0691940696982308 0.0714621287093871 0.0104932508549037 0.0686919362659789
0.053500218548404 0.0585840298677042 0.00384368802172236 -0.0109411937976542
0.0660552450110597 0.0395059839341572 -0.0595201956179351 -0.0627047442965101
0.0778867771196457 0.0165924450202596 -0.101250818154991 -0.0515630878062083
0.0676257870087239 -0.0232182513970464 -0.121571222175558 0.00199811448510146
0.047054448863537 -0.0475163664476524 -0.100590723719672 0.0465184456118344
0.0198432055946864 -0.0601056554201239 -0.0613992673167226 0.0621327621641586
0.00250274651243471 -0.0591858275206817 -0.0297582652273698 0.0555946546138452
-0.00480660189047437 -0.0680653145758126 0.00102357258226922 0.045787753782166
0.0142887090306709 -0.0746377121278629 0.0199171208959618 0.0402884876649718
0.0334495471719705 -0.0729992111687824 0.0409645363478356 0.0333500264507689
0.0732041418873561 -0.0611272957893459 0.0596959119579786 0.0477408715461107
0.0921860213947804 -0.0265349995877288 0.0601758745736671 0.0727820147392017
0.0937960541608681 0.0228548249023662 0.0604952703942465 0.0689163699028998
0.093476523229068 0.0609750851591492 0.0665101060699945 0.0514137431644044
0.0875423929830694 0.103414322214206 -0.0126748528049662 0.0276991506494112
0.0832495868404383 0.0914043619953458 -0.0121205119755318 -0.0448168375524158
0.108879744656703 0.058901336449715 -0.0719494026744835 -0.0839690496948794
0.120444151422909 0.014929436680729 -0.107871489354905 -0.0613323510797671
0.0953493004670646 -0.0372881867725449 -0.111996725569117 -0.00356221272858567
0.0657841460435505 -0.0647649682934906 -0.0867349715877119 0.0294237832230679
0.0325801296556159 -0.0814112129782686 -0.0508135470347819 0.0384749264706558
0.0107870787730415 -0.0771751297303681 -0.0245959512272062 0.0300661323938857
0.00432555186570837 -0.0848260251307426 0.00258798349640151 0.0197208082458306
0.0286781904351092 -0.0891614717705003 0.0227083372604056 0.0129286730983043
0.0505328020331701 -0.082464994666385 0.0487313923234315 0.0103175789870893
0.0969302764136822 -0.0654100250056733 0.0660713081996565 0.0344610478027539
0.119531294146476 -0.021411699329992 0.0582727114458536 0.0649291981360208
0.114294087348467 0.043350159373149 0.041205222721656 0.0592765868976937
0.107151422556272 0.0903008757671825 0.0374878475354879 0.0256683576538877
0.0944847965456066 0.117089207596057 -0.0390936366284832 -0.018499812295021
0.102644128022767 0.106984000393945 -0.033829195366453 -0.0785700456491583
0.135883915202224 0.0653055705551098 -0.0818987742885973 -0.100519336877319
0.144553549108581 0.00724127537800593 -0.106390160678911 -0.0687909099481123
0.106547920101653 -0.0496875297703743 -0.093745971355831 -0.0141611973800901
0.0722898816016217 -0.074397744955608 -0.0675545241033167 0.00498213500812374
0.0381708764072139 -0.0911532773462323 -0.0373604122802733 0.00905134516556935
0.0169223414489235 -0.0840284232195204 -0.0157407255232131 0.000539435581011611
0.0152313338337751 -0.0888953093035553 0.00869054037157205 -0.00945927138126139
0.043258342882751 -0.0892717618703775 0.0285974570794756 -0.0148412152892188
0.0655534932049608 -0.0771096281857597 0.058971190671077 -0.0106972541019877
0.109774906565286 -0.0528155633766906 0.0716077908563593 0.0220017041075693
0.129073121490125 -0.00488818034489472 0.0534290981441459 0.0567170455117481
0.115370033825528 0.0628158519455309 0.0193441332084077 0.0480186711929438
0.101084069668168 0.109133961495934 0.00709141239309347 -0.00441897291880297
0.0846552455532101 0.11032826736652 -0.0646471608727876 -0.0582248796854012
0.101785655081946 0.101753508403276 -0.0595038783475345 -0.103258550913834
0.136181934947807 0.0588245607106933 -0.0861222964556151 -0.10658022510592
0.138871936533863 -0.0020063655986939 -0.0957294595507624 -0.0713285325214749
0.0977369042524281 -0.0518506563273121 -0.0708720815808691 -0.0290123063523656
0.0656856887935658 -0.0704972238543687 -0.047349290148047 -0.0224848115278922
0.0375391117717724 -0.0854007766796509 -0.0238224968652817 -0.0217515660600641
0.0210047472235549 -0.0774592423203288 -0.00480356574836671 -0.0289051767402578
0.02446485336056 -0.0797076309537724 0.0203050586622243 -0.0368111087690941
0.0531912116612895 -0.075296108601113 0.0416332133217144 -0.0387725832126134
0.0730541347280826 -0.057979262904107 0.0730273929690859 -0.0251829843726766
0.109362811891257 -0.0282378841874138 0.077238147654488 0.0159384173707452
0.11991609965632 0.0178019850401228 0.0472872575247215 0.0481105314412849
0.0971992528043588 0.0782070653291355 0.0013473917838643 0.0328735117748859
0.0777713310746926 0.115076780709236 -0.0177827966179871 -0.0371451342533397
0.0581726798569449 0.0854779010202197 -0.0849350606219249 -0.0848444590733003
0.0782648199991412 0.0792441594693725 -0.0808421932969956 -0.113450659447637
0.107103088072454 0.0439069089584567 -0.0839013192114408 -0.102706109512668
0.106093679116974 -0.00518846132980008 -0.0807262274243988 -0.0711322463253325
0.071641455438215 -0.0415965047731051 -0.0494729352465252 -0.0438158354929
0.04976413946018 -0.0533301286994716 -0.0307161457781308 -0.0477807951364425
0.0314562052029519 -0.065366152094805 -0.013201027641849 -0.0479732435168347
0.0213981871870773 -0.0591761100557289 0.00708732399607945 -0.0523058807204538
0.0276810768640739 -0.0591876308599734 0.0350772352674849 -0.058009959975641
0.052595086050524 -0.0523282160129589 0.0593673768816686 -0.0534703434662393
0.0670905496215622 -0.0335373590856099 0.0890161721680656 -0.0299144400324993
0.091654422770315 -0.00443034603956732 0.0815913901600851 0.0153156891908427
0.0934501506274353 0.0346166395814794 0.0435651558820521 0.0398436242267095
0.0667518850341185 0.0792648808888507 -0.0090151723104517 0.0151463654346231
0.0455655415874072 0.102848220054248 -0.0330206510991448 -0.0682544746182247
0.0189487078537714 0.0490245481126713 -0.0947569648274574 -0.0945578779853175
0.037535967583434 0.0480122055290345 -0.092578838191843 -0.109915593376938
0.0566433149620863 0.0278098912201727 -0.0752260667052214 -0.0940963028840917
0.0565768887845208 0.00111454887581991 -0.0656334127924997 -0.0697389168555517
0.0384912309552349 -0.017118107909024 -0.0346845988523619 -0.0555698082081873
0.0306711553961213 -0.023498250232995 -0.0201901389961452 -0.0649476854204066
0.0242816085821702 -0.0330944775989871 -0.00561481534024209 -0.0644762985788017
0.0189241506140245 -0.0322414562284731 0.0180898440395705 -0.0670182540623831
0.023070915197216 -0.0314133306644637 0.0505173803869058 -0.0697248647773953
0.0375804602953239 -0.0269815071192921 0.0774453354713684 -0.0570971982987823
0.0455411054701854 -0.0137454147303939 0.103612590011859 -0.0242971119175583
0.0596142470948274 0.00710645555489301 0.0857275979540917 0.0189254893307129
0.0573868533617733 0.0343549141380997 0.0424570739789835 0.0333241945866286
0.032787404270148 0.0632628595213067 -0.0104053678148532 -0.000542657633404318
0.0102323491919007 0.0732077780622799 -0.0384786907443717 -0.0925059720747333
0.010323763527729 -0.019630374427413 0.0564214755749883 0.109939763563801
-0.010381085614871 -0.0246760103766061 0.0315797589309639 0.0201476822103248
-0.0214489060394384 -0.0164557937765462 -0.0380312300170333 -0.0352737935996969
-0.0169761890480436 -0.00263632885729695 -0.089642609553254 -0.0284796041395242
-0.011072424535416 -0.00340715551646475 -0.11947292731085 0.0216629795343361
-0.0122925408979406 -0.00257707014421527 -0.0967761562392641 0.0738478418746916
-0.0168455524124112 0.00237872786849132 -0.0550742129940205 0.0897678669956532
-0.014779993051841 0.000806898409458841 -0.0225953063432382 0.0859754352841957
-0.0190659500522915 -0.00351215569362852 0.00700943967708137 0.0778231200002456
-0.0188512960014607 -0.0139196933999552 0.0249144277993237 0.0765937794102663
-0.0134533081724099 -0.0190046063344363 0.0363645094109792 0.0649747268832365
-0.00555637958807901 -0.0242617999572669 0.0550402329864246 0.0680239784711962
-0.00383853758192531 -0.0264928225113678 0.0690780076688053 0.0875187837399154
0.0089484918781397 -0.0269471277104962 0.0877808384454772 0.0891756199285067
0.0216760567500755 -0.0195764008963344 0.101291239292254 0.0832265411246594
0.0473023827556268 0.0236325244561482 0.0343367366157072 0.100175296580989
0.0250327978278846 0.0138443082600045 0.0168411857943961 0.0133190975476177
0.0235629615293997 0.00832714986922744 -0.0525232938321984 -0.0412499912336879
0.0311306102447468 0.00422413070482818 -0.0996760544912381 -0.0339426880417977
0.0276268745600069 -0.015039923032009 -0.124412776085399 0.0183444583486044
0.0167836921944653 -0.0278539613504426 -0.101600618627876 0.0681008015478493
-0.00144591884636851 -0.0321537782883048 -0.0585959588635899 0.0857428235224725
-0.00889246692454846 -0.0314804436006639 -0.0252583090666681 0.0783859896984705
-0.0159761125531822 -0.0394706729329176 0.005467267907637 0.0680195489902792
-0.00559887739085651 -0.0495562995480945 0.0251554865045274 0.0647959867222613
0.00907137292062443 -0.0515116012206708 0.0401634040362043 0.0539995945024233
0.0361171622767621 -0.0486462310983119 0.0590953505330238 0.0610917854733164
0.0485986233948629 -0.0304070970292191 0.0670357194752238 0.081632624627141
0.0580997526448383 -0.00242611602849465 0.0806256859224882 0.0762086362517339
0.0665024322198767 0.0222367142726209 0.0924105393035496 0.0673175584082383
0.0777220313967963 0.0641219813442199 0.00825799032259313 0.0735506451303147
0.0603254591723914 0.0534305609031209 -0.000125389173705359 -0.00891037179026203
0.0710697865686343 0.0330182100516679 -0.0689306836165611 -0.0557082511513648
0.0803865866330305 0.00696616396332101 -0.110744181963303 -0.0402323078492025
0.0645834695403891 -0.0294256011517165 -0.122960284933666 0.0149186793779876
0.0433889135015272 -0.0514765730112376 -0.0970710553188655 0.0567604890354992
0.013562572384886 -0.0632100448850758 -0.0552202421165876 0.070960539477831
-0.00216797803119826 -0.0593313824340728 -0.0253105519390048 0.0594519975226915
-0.0119596689155725 -0.068749003074406 0.0041553424544569 0.0479193050941631
0.00631226629923383 -0.0778942287730379 0.0248973066804262 0.0429146341708411
0.0266012966757058 -0.076192610701001 0.0463435677109261 0.0338473917496169
0.0674523573665073 -0.0693170840698018 0.0655132541132682 0.0492995198718154
0.090556981167272 -0.0348919309896782 0.0652338463684578 0.0745266474671248
0.0985270289394407 0.0165462155459829 0.0648940722351364 0.0643035881216931
0.101296295429143 0.0587656157479467 0.0701361842017702 0.0442637316459305
0.09927617705435 0.0936922337008705 -0.0200523364405924 0.0337772183981161
0.093214626745286 0.0841888585634452 -0.0201125528054711 -0.0409930877051588
0.11621095294329 0.047785547217592 -0.0855010307420801 -0.0735760280407606
0.12268338613723 0.000421817141240011 -0.117998450972461 -0.0462892490492499
0.0915531278145621 -0.0463174474693163 -0.112805668757794 0.00972602547816998
0.0608041673413313 -0.0705425226336384 -0.0840323424991912 0.038575768201901
0.0234151772738724 -0.0866729794427214 -0.0462466847203243 0.0479727843931932
0.00463811955711709 -0.078747805526156 -0.0223735507350818 0.0325454403800954
-0.00368425967602987 -0.0865670284615316 0.00370473651795419 0.0201151666975075
0.0197522841923853 -0.0936559139691672 0.0250583843637751 0.013906466220654
0.0429994355624684 -0.0882464789494889 0.0525010603889501 0.0094739557454044
0.0913808448982415 -0.0764028440968706 0.0707715943080307 0.034671310536254
0.11895966064605 -0.0318486016390785 0.061138403115173 0.0658755413938776
0.121468741645463 0.0352146588761498 0.0429587348636051 0.0543682175951451
0.118933179709007 0.0879917729478353 0.0389556541358841 0.0164308423958098
0.106527256472167 0.106312084135972 -0.0505059500711582 -0.0113780942454953
0.112969106727856 0.0968131469429394 -0.0460794033163508 -0.0736350768023337
0.14399010376974 0.0510996207707665 -0.0975794392061575 -0.0875753160869343
0.145721133065061 -0.0108041809078714 -0.11683819672978 -0.052012685662519
0.101276364529167 -0.0597633857220991 -0.0942341409873353 -0.00186507879951486
0.0661044004829275 -0.0814000148097041 -0.0658869751181706 0.013637456873797
0.0279097158094823 -0.0962606536678321 -0.0338494969558037 0.0167905649484971
0.0105399916177603 -0.0861963793379883 -0.015378105433464 0.00103817412005978
0.00609115267754626 -0.0918609547729559 0.00820624569429729 -0.0110616015014697
0.0349924913412403 -0.0949647039725087 0.029374602350082 -0.0154947237951703
0.0589707857495293 -0.0832292575434052 0.0613136521511818 -0.013859538651468
0.106137782089925 -0.0649399506790353 0.0750096953759611 0.0214786948830664
0.130957072193451 -0.0168247500320888 0.0545543826434082 0.056750031771561
0.125170228434159 0.055549991023353 0.0194398482613917 0.0423248220826429
0.114257255112191 0.107705262801149 0.00617500648520004 -0.0139130894136392
0.0948705384887368 0.10105053074227 -0.0786123251139271 -0.0508773179118019
0.110786410941311 0.0920051262796844 -0.073245924156562 -0.0968245150220195
0.143267015173302 0.0441055146645921 -0.101913529226339 -0.0932641755312071
0.138754344868974 -0.0184118174604437 -0.105694416361259 -0.0557338453520639
0.0922186299346595 -0.0617580451123318 -0.0717287637779403 -0.0194865569581422
0.0601968516015545 -0.0772251027922345 -0.0472958999201373 -0.0163774572667769
0.0277260663750193 -0.091173849006194 -0.0230710090971091 -0.0152087953197147
0.014900765980663 -0.0802236411259681 -0.00624532451663286 -0.0294407324820961
0.0166565558497422 -0.0829112649817014 0.0181828837801778 -0.0403183222760176
0.0463588285937946 -0.0811271980364332 0.0410929551751838 -0.0415008746297012
0.0689002034758342 -0.0642484656267147 0.0741619395164277 -0.0307963534758418
0.10846230389824 -0.0387940167187027 0.0801921665650314 0.0128627482666533
0.123548287745327 0.00731561082046915 0.0478893269312883 0.0471690073146004
0.106705935861895 0.072143402677891 0.000921862181216334 0.0274498575364721
0.0915579332797573 0.114455671146108 -0.0199081352735705 -0.0465769647513004
0.0658233701579682 0.0790562689083662 -0.0980802340248304 -0.079216024050117
0.084420502405174 0.0715390556596594 -0.094356196493943 -0.106615359772334
0.111447572896009 0.0321958441792422 -0.0981195385222901 -0.091434744312118
0.105146018261108 -0.0180542677921118 -0.0888097106361148 -0.058947811037321
0.0670041633794094 -0.0485555501609464 -0.0513904073916649 -0.0377973835182649
0.0453015140572026 -0.0580163744648666 -0.0328840702223572 -0.0441990852529003
0.0240905067293887 -0.0700553532173172 -0.0147328800059193 -0.0443597602884162
0.0162862621255828 -0.061543426587145 0.00416511007008268 -0.0545450504307682
0.021870401908499 -0.0628436715890907 0.0322289219121251 -0.0637455368226114
0.0475467325066699 -0.0580938054505053 0.0586971328372417 -0.0588219642572817
0.0649438879722922 -0.0395025524633527 0.0908596744882382 -0.0365292732497189
0.092603052837612 -0.0127752167235771 0.0851527440845943 0.0123161369681202
0.0976490653011014 0.0268095162052434 0.0442380102243103 0.0386316160603109
0.0756615433768102 0.0764808756796681 -0.00910658563953984 0.0107973700903904
0.05635816765094 0.103882943449781 -0.0364799885331616 -0.0760209728318232
0.0221495708154837 0.0471194531900958 -0.105543135771605 -0.0918767049295502
0.0399903019640261 0.0446210452861237 -0.104454090374076 -0.104389366812589
0.0585345232552642 0.0219767864139143 -0.0856684803710543 -0.0863319027108997
0.0552987804149267 -0.0057094343549854 -0.0729457503135997 -0.061871239624796
0.0354544659153802 -0.0211685393205703 -0.0387404131865022 -0.0526669284732691
0.0285950073557955 -0.0264958697223401 -0.0249765184861431 -0.0634349201111721
0.0203260258545764 -0.0365560444607934 -0.00966963111859478 -0.0630823754722077
0.0159234275263856 -0.0340668455209307 0.0142503240148193 -0.0706231503882507
0.0208285297221635 -0.0341668256775142 0.0478137436639411 -0.0775905095773942
0.0354985723357694 -0.0306411493567154 0.0776582388405506 -0.0643357502801425
0.0448300921720487 -0.0170496752888403 0.106356683404911 -0.0329272111068914
0.0606824221568006 0.00223079189500022 0.0899886825374666 0.0145342752511549
0.0611827778102989 0.0303070609595929 0.044088739462773 0.0309203409292415
0.0386341161781844 0.0626144312941641 -0.0105680569200375 -0.0039646450449793
0.0177244835975995 0.0752822706187783 -0.0427844065737291 -0.0974432911201002
0.0101118212684455 -0.0187882223361805 0.0624820385456585 0.107382827851435
-0.0109789528101317 -0.0242724828294889 0.0332943116183634 0.0181992343630818
-0.0219014367589956 -0.0162019713953372 -0.0411188451106939 -0.0351778189809231
-0.0170727189167745 -0.00279270285821706 -0.0935607889416819 -0.0251148332981432
-0.0116839531059503 -0.00396531594399982 -0.121101310892209 0.0280736085377397
-0.0128696018176798 -0.00215401710647889 -0.0945934801595717 0.0796750265516527
-0.016150119762007 0.00401614361580534 -0.051835359488557 0.0942682951144612
-0.0145913391539191 0.00178718703173779 -0.0188021932047186 0.0893593204968549
-0.0199151369105583 -0.002840940448778 0.0113165708305564 0.0791146354866913
-0.0198997729461563 -0.013184065718939 0.0296611321932578 0.0766802276970131
-0.0144990791703483 -0.018568086014187 0.0400330763335309 0.065006389868919
-0.0073912337661951 -0.0246412649631236 0.0589779594777932 0.0673314076743989
-0.00509063206339865 -0.0270981016691261 0.0749430584598846 0.0864369356681611
0.00862875083648307 -0.0277439800549422 0.0931151211219376 0.0863985394497482
0.0208386919802672 -0.0199841973396083 0.107845117304488 0.0808209913702365
0.0496956460453275 0.0225998627870383 0.038994306153823 0.0991962080706583
0.0267729979105189 0.0135640182887855 0.0177632242412115 0.0119097034790863
0.0252866860858019 0.00687110490161776 -0.0561377740505814 -0.0408223565882345
0.0326416248043326 0.00164983885877098 -0.104130319629302 -0.030312452248224
0.0275927891897743 -0.0184538856067097 -0.126341893842122 0.0241909424591694
0.0153791962194221 -0.0301439757851643 -0.0995447632830621 0.0742536313069111
-0.00302153434341986 -0.0325806733528586 -0.055482872973493 0.0893388365647441
-0.0110686476832277 -0.031753139461055 -0.0222211942385236 0.0811113910287081
-0.0186478284569999 -0.0394687757097708 0.00908893496512951 0.0692929612169775
-0.00799815685721735 -0.0503339786330219 0.0294252248258316 0.064730688885599
0.00670706708223544 -0.0527899185239976 0.0433547972145627 0.0533664206584138
0.0342796116025272 -0.0520808653008822 0.0629069369152399 0.0598700073071447
0.0480242911163353 -0.0330012822777592 0.0732141792136601 0.0806189356536164
0.0593497082055535 -0.00502617629651138 0.0858405101246851 0.0739488274994895
0.069062835661043 0.0196851422894584 0.0981156793193614 0.064905010118848
0.0825059330538463 0.0619005400673037 0.0112533410860274 0.0732940258511151
0.064927949157411 0.0525381004450651 9.97481571584614E-05 -0.0102724216721553
0.0753424121930235 0.0295587243366014 -0.0730977543836735 -0.0547801928534595
0.0827668800124415 0.00155974571665405 -0.115640605476549 -0.0363480765910197
0.0645381879377962 -0.0337201516591164 -0.124292027650256 0.0205329418947677
0.0416023163248493 -0.0554558701091691 -0.0963236579962757 0.062584451537788
0.010369816813293 -0.0648419444725663 -0.0529604211342994 0.0733984130299881
-0.00522871511866129 -0.0606414457193369 -0.0235260855310304 0.0624001998046098
-0.0157119000251341 -0.0694049857783101 0.0064717606279166 0.0482712160861507
0.00212756174906492 -0.0802421739781725 0.0280430237722712 0.0418647945809063
0.0237725548597294 -0.0787477518018066 0.0486342738917263 0.0323302746704843
0.0652220410643002 -0.0747893790416005 0.0687299168381673 0.0469054173637568
0.0909433567504132 -0.0406153179157333 0.0708976053960927 0.0728371455708491
0.101213798581688 0.0123870883101149 0.0693187446732683 0.0626969130487492
0.106829732049057 0.0551637131333001 0.0739957345371093 0.0418631308392632
0.105565845589537 0.0902403617130729 -0.0193375100299162 0.0343564936322526
0.0992582595870123 0.0812738498027303 -0.021718421331503 -0.0410283990292432
0.121831367206393 0.0431591433930431 -0.0907133814967657 -0.0722820559475914
0.125391424507384 -0.00657420218528913 -0.123214433333365 -0.0420249351516113
0.0908510768502106 -0.0526740750431067 -0.114650308834521 0.0143394934346363
0.0582509621297238 -0.0761176096343363 -0.0837710050105153 0.0430976613102244
0.0194313289579947 -0.0887042903746258 -0.0445786503142776 0.048635312567833
0.000217614473191145 -0.0801350092766118 -0.0213680690963792 0.0341733372017885
-0.00883037523805646 -0.0882276983501699 0.00457206829645561 0.0195530707183821
0.0152635165663749 -0.0970051131480717 0.0269310057291901 0.0130187505943631
0.0398744868867482 -0.0922017365880286 0.0537583284732362 0.00683410948737818
0.0891112870497747 -0.0826586031149726 0.0740713168623953 0.0311433183157389
0.119921112164317 -0.0388612040141148 0.0667222482728881 0.0648127247710053
0.126208598900533 0.0304663918923878 0.0470069028274636 0.0532857668018493
0.125646800286026 0.0841499847351718 0.0407137176171417 0.0153032674636296
0.113555901112619 0.102446956683593 -0.0523057935169586 -0.00944112319277575
0.120287703070079 0.0934461348956215 -0.0496663320634949 -0.0732607500987517
0.150272170147415 0.0448798553621886 -0.103469664401775 -0.0863119242247651
0.148443457226441 -0.0194831339896675 -0.121839523612346 -0.047923021383069
0.100454029374254 -0.0661210367967558 -0.0960291762946539 0.00139484970415987
0.0628619759319635 -0.0871038158261819 -0.0667073935917805 0.0161980459641118
0.0234207033990766 -0.0989430884831569 -0.0337247857841297 0.0165990287388795
0.0054524278809557 -0.087782583295581 -0.0158322209396507 0.00201190191975985
0.00170120672214681 -0.0938996906558939 0.00744397460862736 -0.0115846584358679
0.0302249971031957 -0.0986617974430554 0.0298650646351683 -0.0178076581580207
0.0566789840559949 -0.0879765814648993 0.0612868389071711 -0.0181355078134072
0.104962323360823 -0.0725136275634768 0.0775535648042754 0.01751930106144
0.133262267354478 -0.0234475245664365 0.0591280716097376 0.0554922621393798
0.129946730744566 0.0509085391973026 0.0223718250962065 0.0429434841304412
0.122884091194401 0.104309972108619 0.00630057316838403 -0.0150643905610286
0.101428753909555 0.0973570213676034 -0.0822443635485058 -0.0492250012831008
0.117539528868289 0.0875720125910081 -0.0784553766724568 -0.095396159016691
0.148501750379836 0.0383199832955966 -0.108029695734504 -0.0913565447956497
0.141527671747047 -0.0258810453416495 -0.110429244462759 -0.052488479485038
0.0911725716223553 -0.0671452990008185 -0.073914065018586 -0.0173122263765079
0.0572197231983799 -0.0823235459297969 -0.0495432799297219 -0.0152515031522551
0.0225471641461127 -0.0932006340426407 -0.0236473434937651 -0.0163805379941901
0.0106431147576776 -0.081821219571483 -0.00849255347783076 -0.0298837676951832
0.0129048718028835 -0.0854260996793941 0.0164942561702271 -0.0428179313587823
0.0430484306849875 -0.085610360618134 0.0405720849335358 -0.0445705316914579
0.0673272564963028 -0.0691764276309852 0.0742535444884324 -0.0354574062374077
0.108642169134654 -0.0463977205776025 0.0823246002162565 0.00904236440383643
0.12651993799899 0.00166700107416296 0.0518379410059898 0.0460495616229804
0.11264247969506 0.0687460611520578 0.00230350833475284 0.0284992030986264
0.0995759549092688 0.11169309118227 -0.0225986272095252 -0.0459598191385376
0.0709288234598792 0.0761166368456935 -0.103982424914539 -0.07642146585196
0.0894790162881089 0.0687976136225534 -0.101105617545712 -0.104506317926565
0.115471549070676 0.0281615744389521 -0.103160867316005 -0.0891258457560909
0.106165309403086 -0.023490372077576 -0.0936776883432968 -0.0558893196833621
0.0658624295825311 -0.0522672468249891 -0.054136607598351 -0.036884229273156
0.0428200842496257 -0.0615283501731027 -0.0362755699517704 -0.0436111419552355
0.020504468664953 -0.071593490270235 -0.0173329114682498 -0.0454798795880733
0.0123370985850446 -0.0635318667750948 0.00115170279781639 -0.0564309809729366
0.0197763398084743 -0.0649757579791799 0.0300439727797729 -0.0675248719754678
0.0453073672667613 -0.0617278479749372 0.0574571575837113 -0.0629974715785696
0.0649123548066634 -0.0433738538358788 0.0907313315883899 -0.0422711909935821
0.0939081820306346 -0.0178592640140943 0.0878211358738105 0.00711895543108424
0.101022604759425 0.0227236121818061 0.046935953861343 0.0366922100466966
0.0802492576649455 0.0741818000553727 -0.0093211131175865 0.0115715064150244
0.0630096907350846 0.102266856921976 -0.040951596848495 -0.0751739790597751
0.0253541562993882 0.0462712493592608 -0.112454426554799 -0.0886373058597876
0.0420101639648891 0.043449050948954 -0.111032130479197 -0.101206943815294
0.0604461634660325 0.0196752248325511 -0.0912020787413095 -0.0850258769673368
0.0561298008069631 -0.008471652753407 -0.0770598963631613 -0.0595648453417058
0.0351837880473857 -0.0222455107235697 -0.0427571627752087 -0.0526966666717703
0.0278400129686019 -0.0280446626302832 -0.0291584911672453 -0.0638791275543602
0.0182996360225299 -0.0380909488176436 -0.0128144942406364 -0.0646839941443308
0.0139800676900753 -0.035873124262271 0.010757594803513 -0.0732479979550922
0.0191298380584286 -0.0361240003833255 0.0444949269679741 -0.0815810130680092
0.0338852292403115 -0.0322547562133812 0.0770426566871612 -0.0690974679332704
0.0450172127936257 -0.019489541206081 0.106975506520808 -0.0387455870243494
0.0617892912663726 -0.000891451409663819 0.0933514520784369 0.0104260217037425
0.0637842842269719 0.0286386453084618 0.0468462492758842 0.0298944392609504
0.0420239757546786 0.0613816235829391 -0.01107718082421 -0.00249753456197072
0.0219004204431988 0.0752059613284534 -0.0481197118861021 -0.0967449089179086
0.00941330800908347 -0.018297473465459 0.0667120595077373 0.101398611188994
-0.0115454679421052 -0.0229835046306824 0.0340171424554595 0.0147970021996304
-0.0224021483002269 -0.0151184079250629 -0.0433883032539471 -0.0327492280643103
-0.0168793188614699 -0.00235481292783436 -0.0949935484300214 -0.0195184763736465
-0.0120717248290683 -0.00362102177687763 -0.118667756045675 0.0344694157038312
-0.0127099572305628 -0.0022485045761207 -0.0887058521607812 0.0839942749848863
-0.0157367576532404 0.00491559295849586 -0.0465588260470313 0.0959659279225744
-0.0141769125083606 0.00254082672987873 -0.0133493728735498 0.0897488886352325
-0.0190425112606706 -0.00205259769014628 0.0158731721295319 0.0777872368323242
-0.0199485639526777 -0.0113627828286981 0.0342285581325401 0.0741939612534948
-0.0150687187068661 -0.0176910722543504 0.043394573717111 0.0628935897022785
-0.00846665155364702 -0.0244884475539407 0.0622090912372567 0.0642472767877226
-0.0066463513537682 -0.026052516772114 0.0800660580640998 0.0817978181320709
0.00707427189464568 -0.0271717894260653 0.0971230202526227 0.0807053726771519
0.0191337158551104 -0.0205471447515862 0.112090285260313 0.0739815272238422
0.0508491608216068 0.0200797679567651 0.0433511648067215 0.0948959079367664
0.0283527286829028 0.0128026380296802 0.018846933207833 0.00943354588831963
0.0260727835476109 0.0050666023545481 -0.0582159641684183 -0.0374802833511486
0.0323502204405179 -0.00162279246528717 -0.104951877619041 -0.024370729848978
0.0260616323641833 -0.0203037393930776 -0.123577651411985 0.0309390180558788
0.0131390667253077 -0.0314587639303521 -0.094489831967607 0.078815022661089
-0.00495824649521733 -0.0319986402229313 -0.05023496012071 0.0906376498370145
-0.0127099767776517 -0.0306707803982816 -0.0176950548957567 0.0821570460730814
-0.0207383173126145 -0.0383362622795265 0.0127449579938506 0.0677700388841973
-0.0112437157898093 -0.0496798325841001 0.0330947396027873 0.0619241237403691
0.00428008276310068 -0.0527967114961133 0.045898147232052 0.0510674521853823
0.0307215424140893 -0.0537161294537393 0.0659900740203253 0.0557963930900886
0.0458705769085654 -0.0353714097760923 0.0781656999317848 0.0751440552510947
0.059099280622168 -0.00777037828798251 0.0891735430663833 0.0685258772629002
0.0694813733685924 0.0165658008920615 0.101256782101052 0.0590432645459073
0.0852300266148706 0.0563784032464931 0.0144979229332152 0.0711104268858787
0.0677674743585123 0.0484156800058594 0.000391587233867511 -0.0112561205182358
0.0769136010190169 0.0245815240450269 -0.0762093505175063 -0.0511335384792555
0.0823872933297002 -0.00441913009708075 -0.117077421098723 -0.0300588363295248
0.0619921084504489 -0.0379384686339924 -0.123027223287181 0.0260150146630095
0.0372230532450607 -0.0580575966747609 -0.091875046029093 0.0662180056820467
0.00650630133396221 -0.0649338308804665 -0.0487543882214834 0.0744464962332394
-0.00962927274725701 -0.0598060240989894 -0.0198616422118413 0.0634656977201926
-0.0197761300233921 -0.0680624098191078 0.00907228263280902 0.0471012119029344
-0.00264173475380313 -0.0793281618599437 0.0304169728277508 0.0394858113390889
0.0191387554994777 -0.0797359557038979 0.0500517083047226 0.0290659798233529
0.0602732232773614 -0.0790260795990747 0.070773685115215 0.0423030509315926
0.08773498304792 -0.0453902978388734 0.0751116827688569 0.0682258592578194
0.101455095407823 0.00687525853648786 0.072224284437471 0.0586758543569783
0.109119222949001 0.048898538807885 0.0765945404503929 0.0374819506290956
0.109558179243355 0.0830681022494916 -0.017985113299469 0.0344577161606939
0.10326820289127 0.0754431466160394 -0.0232743533957288 -0.0406295663749418
0.124292026162146 0.0356133055997147 -0.0942575531503437 -0.0674646788295677
0.125250229305048 -0.0147818877509612 -0.12500261650518 -0.0357269052091712
0.0871102482629844 -0.057842127105475 -0.113497576655503 0.0196535886735758
0.0528945442387161 -0.0801344148762736 -0.0813809105588642 0.0471753903616584
0.0145049308180137 -0.0886204639523065 -0.0421081826769788 0.0483590371130223
-0.00477727113969954 -0.0790399869831805 -0.0191982737450145 0.0353478082456938
-0.0143289479325628 -0.0865540225330696 0.00612945121365371 0.019177284184632
0.00864743953057358 -0.0973866942090443 0.0279525453083531 0.0107071930770057
0.0344219885659165 -0.0941043773051045 0.053348506915388 0.00326964504326671
0.0830522888298733 -0.0884600528068544 0.0747261093781414 0.0267945734879336
0.116989695989969 -0.0458084398099579 0.070038336559339 0.0597209815418595
0.127118532527859 0.0229263992764315 0.0497228252690155 0.0503847385751217
0.130028011689317 0.0761144609769779 0.0416947891837407 0.0124723343070117
0.117511721171209 0.0947426471739824 -0.0525990620746819 -0.00741439165736032
0.12468206197812 0.0859986809015656 -0.0524805051541364 -0.0702094206267273
0.152626884074293 0.035269296762737 -0.107780040205642 -0.0804226676003661
0.146555362144357 -0.0285799632983046 -0.123831840320388 -0.0409634415391761
0.0962913791974477 -0.0720709129884555 -0.0956154150407613 0.00581933681869355
0.0566528611437071 -0.0908093921555803 -0.0655236121902189 0.0195510764382098
0.0171208165849575 -0.0991539249603946 -0.0326403170782613 0.0163114896727529
-0.000258034551140742 -0.0866469570576198 -0.0159597353321047 0.00330273872127137
-0.00419383641418998 -0.0935313883357598 0.0065707166430621 -0.0125094275615199
0.0236984969448241 -0.0998755517532509 0.028938074557722 -0.0201361043641046
0.0516253750059009 -0.0907798145679274 0.0595755942052382 -0.0218625836956643
0.0999297290068922 -0.0792088092383403 0.0778066026231346 0.0130946155523579
0.130629664383277 -0.0316413446682524 0.0623412058265421 0.0514434594470885
0.131638283033937 0.0427169429058072 0.0252165889084609 0.0415317164646598
0.127921695236644 0.0956773453998334 0.00602285910277759 -0.0146735015568212
0.105730513047666 0.0896510148798594 -0.0844276048686435 -0.0449120603246851
0.121330770493594 0.0801020136830993 -0.082020191241829 -0.0901740200724265
0.150200505449978 0.0285509698460747 -0.112527249765658 -0.0852915458167981
0.138847774841864 -0.0350283908211657 -0.112624571943012 -0.0462181738443544
0.0867707552859013 -0.0714964321945038 -0.0746279900697737 -0.0139650325753797
0.0517100711695769 -0.0854820556144544 -0.0505184481268585 -0.0125724361704521
0.0168428262151565 -0.0930856019527241 -0.02490082498556 -0.01755158074816
0.00445412014596406 -0.0812215255362063 -0.00977742262124627 -0.0289353342091829
0.0070015571133688 -0.0858298056994999 0.0134044847056532 -0.0433971540169528
0.0369049669018682 -0.0875386066184835 0.0383007843305305 -0.0471061553414887
0.0634282798195056 -0.073039491426071 0.0710758526943133 -0.0402470354090107
0.105294340038445 -0.0533672631908421 0.0824163149965099 0.00380797883649766
0.1257759156126 -0.00584843216752533 0.0541420461075428 0.0424613173071143
0.115744517526148 0.061718920313444 0.0042157312408752 0.0287082998091566
0.105513203000195 0.104416297302989 -0.0244441542040607 -0.0438957611391287
0.0744647367326917 0.0707045991933808 -0.107441893681425 -0.0707681630965603
0.0920432050790363 0.0629476892867604 -0.105063207306113 -0.0975458446712202
0.116386601055261 0.020752434810303 -0.108317676755433 -0.0838147931970594
0.104726912461307 -0.0295681333647257 -0.0957957939322679 -0.0502591479844246
0.0626283887696219 -0.0546528850992184 -0.0565199175115348 -0.0344753017484692
0.0392872781133895 -0.0637714189181404 -0.0394503079942106 -0.0418698403960385
0.0154704043931459 -0.0708599181282282 -0.0196594715796557 -0.0462188786448044
0.00856149253506884 -0.0630978482401174 -0.00237095718007505 -0.056228795227506
0.0151404830543493 -0.0651572792752171 0.0257052403124372 -0.0683741719811041
0.0408905290568187 -0.0636448413257293 0.0537083686422856 -0.0653797310307239
0.0613435905262183 -0.0464445298711359 0.0876165250350244 -0.0483568820563859
0.0914594679973232 -0.0235885711019805 0.0874337779228775 0.00202612107326447
0.101344052119738 0.0163637102507839 0.0488817691095637 0.0336273387844221
0.083088341778771 0.0690901337704154 -0.00802158244498241 0.0127780790145375
0.0693216846478226 0.0971752907164294 -0.0444391238968249 -0.0712945491858072
0.0278202570136991 0.0436164283775898 -0.116599165235607 -0.0828497030243213
0.0439373012820891 0.0410656475215565 -0.115331780774342 -0.093779292281859
0.0614403940598597 0.0159996726788861 -0.0954805435196671 -0.0793589913210773
0.054810122398824 -0.0113607271545946 -0.0794931353885385 -0.0548855508978658
0.0336330787965513 -0.0235252939441074 -0.0450957307239797 -0.0500517317295672
0.0259416036017216 -0.0295292519615538 -0.0333401442371035 -0.061729619322689
0.0158938440921533 -0.0379556549219288 -0.0161910077503545 -0.0649174693475573
0.0118007834358228 -0.0359282655086855 0.00637033416244741 -0.0731238874737567
0.0166170691457088 -0.0364151409760567 0.0393313282478926 -0.0840160659514253
0.0315130717302137 -0.0341112718948745 0.072776610301012 -0.0732446811823351
0.0436375603441064 -0.0215344659716165 0.104303719910879 -0.0452479646323207
0.0612891522381529 -0.00475725384737388 0.0932622539245561 0.0048718205818539
0.0646839473849323 0.0245857952789814 0.0480601946406388 0.0271940669007722
0.0446335842415008 0.0585493573743172 -0.011144903948151 -0.000964375254580586
0.0268762987902822 0.0726069195939525 -0.0535455454171709 -0.0924297385935248
0.00904804775607799 -0.017292813719839 0.0674830840947108 0.0952718928433737
-0.0111908562648933 -0.0218081176022488 0.0332277264289691 0.0118514778752796
-0.0216889748667333 -0.0140671137926636 -0.0438092102811124 -0.030212343925633
-0.0167674455457784 -0.00231410388562271 -0.0927505316993309 -0.0151051486460639
-0.012428453222138 -0.00378960489556542 -0.113652981891832 0.0378902550104373
-0.0124985849378974 -0.00173849053230557 -0.0823689103310025 0.084558491664028
-0.0145354896602073 0.00553792701209046 -0.041469768404598 0.0950524520785742
-0.0134709268178807 0.00285176029049583 -0.0091393145497036 0.0879811356514449
-0.0190887856307447 -0.00117966530388104 0.0183859951366397 0.0748676429386755
-0.0193901731150559 -0.0103834583560381 0.0364699297767378 0.0702273410262345
-0.0154790442960022 -0.0165481769305436 0.0448302274294276 0.0602454236589974
-0.0102440238114635 -0.0235066790516699 0.063121553495967 0.0600014662986453
-0.00746005577277903 -0.0252415281950978 0.081235403835301 0.0754994686174482
0.00593981783384209 -0.0259367560309339 0.0976014895293895 0.0746170728951428
0.0174145963663007 -0.0199579164440675 0.111555195284784 0.0678946776278628
0.050305125544882 0.0179066645595095 0.0447115729518536 0.0900101994564676
0.0282641358090403 0.0109902588974985 0.0187937486096858 0.00698636399302297
0.0263083553458889 0.00383338171611329 -0.0588903752642016 -0.0346409814004713
0.0314572248293327 -0.00407521325315898 -0.103697467859998 -0.0195911687348608
0.0243062029276564 -0.0218023749987223 -0.119594881707231 0.0341259458639975
0.0110627117538892 -0.0317219441884629 -0.0886884677925779 0.0797359544713453
-0.00542554787057746 -0.0310968910555984 -0.0458527745271319 0.0894993058804665
-0.0137679659244347 -0.0291881533246957 -0.0137116639157101 0.0811074309454098
-0.0219659143583713 -0.0361481239649169 0.015142598962806 0.0654476029193419
-0.0128984246967493 -0.0477334838132932 0.0346349006353473 0.0586749486495719
0.00222952765739006 -0.0512367679616393 0.0468881341642822 0.047767292744715
0.0272852784154865 -0.0544196003266454 0.0660053666948403 0.0520078667155979
0.0434933527619059 -0.0360211043315884 0.0789793659047289 0.0698945971753437
0.0571971177873583 -0.00974441592834764 0.0892512028309172 0.0633624105085705
0.0675882861795985 0.0135674057717473 0.101099613869081 0.0532604217287218
0.0851119358897435 0.0510513723669095 0.0163525372027922 0.067735400695035
0.0684149765487535 0.0444559521084964 0.000161118516478542 -0.0118137761754327
0.0770898231201091 0.0204994799503966 -0.0765312285685487 -0.0471938810413601
0.0803489254455262 -0.00895720722494097 -0.115087553360645 -0.0253373583904528
0.0588791109831827 -0.0404562629332516 -0.118424453429507 0.0300510656184938
0.0329431271668524 -0.0591277586429337 -0.0868669974834322 0.0677804246771115
0.00410689126084404 -0.0627697095418696 -0.0452630262394014 0.0732875944343632
-0.0117859072574044 -0.0575482173022273 -0.0169751589151832 0.0624033214207215
-0.0225145588125962 -0.0648588598108151 0.0104629764157039 0.045659134891178
-0.00666821065181845 -0.0774319668135658 0.0314746344295083 0.0361522589988506
0.0154315624194281 -0.0785478883237366 0.0494233967841287 0.0267226237372546
0.0546159958416272 -0.0797294805901765 0.0708575656261977 0.038725952277178
0.0840132108991539 -0.0481009703830075 0.0761476200011393 0.062763969804878
0.09929470287507 0.00301704715623839 0.0728939103662039 0.0535603942057803
0.107806490380805 0.0430962351727606 0.0764070540534389 0.0332209899927435
0.108609146072708 0.0760583329574731 -0.0165541543084317 0.0334681292718158
0.103802194932421 0.0691893120579383 -0.0233627544482663 -0.0397740755617721
0.123182624468859 0.0284607079622297 -0.0947559848616114 -0.0622256028053737
0.120910278266217 -0.0210310126104207 -0.123236162780947 -0.0299662693244961
0.0828991330556183 -0.0602326738714615 -0.110028313636631 0.0226200494644626
0.0473859151922394 -0.0804075800275748 -0.0770532692875617 0.0484396343972724
0.0100923234486277 -0.0862201714758838 -0.0398956571369848 0.047046718455148
-0.00825681574692758 -0.0762701395062107 -0.0171203500287676 0.0354898597916691
-0.0180656937231229 -0.0835350695284813 0.00618246180660832 0.0181940114314567
0.00382249256667824 -0.0947354803556764 0.0277597309482784 0.00879212762295659
0.0299870545339576 -0.0923777354053923 0.0517377647820791 0.000935645602495223
0.0765097045599433 -0.0898971596254188 0.0737959038863679 0.0231906857029293
0.112071871771051 -0.0493117365562066 0.0709978212225699 0.0550600547913255
0.124499915585412 0.0171959310059553 0.0503544192849614 0.0470080326235766
0.129418805698615 0.0678135756140576 0.0417424498415714 0.0108130564773283
0.117660501307451 0.0862933255747285 -0.0515031736823462 -0.00548731361115437
0.124798948979711 0.0783417819303949 -0.05235031791715 -0.0668290596525587
0.150463026841271 0.0271468425512191 -0.107935399925761 -0.0745153171921085
0.141509841030214 -0.0351067106237369 -0.122288979754665 -0.035160050207287
0.0908380937708278 -0.0739146703546769 -0.0936705248541924 0.00867431506143814
0.0509814685413658 -0.0909960146678907 -0.0637637439233896 0.0213021058986395
0.0121568169835729 -0.0963610617923075 -0.0325730794082588 0.0151259495835376
-0.00433668868461333 -0.0837922868281473 -0.0152509591242804 0.00366215813872631
-0.00883033539870793 -0.0895204255675773 0.00588923810785766 -0.0122094483207278
0.0179331244241383 -0.0976629267721598 0.0276186493743982 -0.020792363770359
0.0465306888766989 -0.0906471300702001 0.0560535557591256 -0.0233114404642426
0.0928124482872364 -0.0817636482470447 0.0764051333967947 0.00916797217364521
0.125874475585612 -0.0358168032426379 0.0631945094574577 0.046976228604595
0.130093462701017 0.036148170158855 0.0261604538644581 0.0393143117551797
0.128282540932319 0.0867944729768022 0.00559423379331577 -0.0137446830285922
0.104784226164697 0.0823464835825739 -0.0832859007699494 -0.0405864544568902
0.121153486972284 0.0732401570199625 -0.0823692414383367 -0.0849101947830686
0.147454143441314 0.0213405168408362 -0.112977230542007 -0.0788694014921287
0.133520373710416 -0.0409926547029958 -0.110737853705046 -0.0406291414695113
0.0817993900796916 -0.0734431219017944 -0.0736388366219437 -0.0114299885760257
0.0459508687825643 -0.0855117720400505 -0.0499933187053518 -0.0101094605436449
0.0123951951551473 -0.0903559082219948 -0.0257912708284176 -0.0178924119185467
0.000253178994796553 -0.0782308138576062 -0.0108217286574118 -0.0280627274125805
0.003092209806031 -0.0828921453743294 0.0110540839833576 -0.042621898354895
0.0313139153626985 -0.0865497518682251 0.0351430584161435 -0.0470669816392787
0.058761361088187 -0.0734582913336273 0.0672471865651432 -0.0414636516732924
0.0994318909948343 -0.0567173305788775 0.0802393276077721 0.000451797054592189
0.121469137884108 -0.0109567307956723 0.0550428994269222 0.0389443528709369
0.115060702291562 0.0547654624061151 0.00534288675746128 0.0281357416514839
0.107273867462571 0.0960194823408269 -0.0246986907975365 -0.0412606729248325
0.0744222926147166 0.0647349472763357 -0.106419780064707 -0.0653594344519515
0.091291887284619 0.0573857642274279 -0.104565076213676 -0.0910079807241678
0.113382395737008 0.0149782814680564 -0.108312050205467 -0.077114195241582
0.100117310256047 -0.0336030993381076 -0.0950228415112277 -0.0450075021465653
0.0589358227477925 -0.0554086989778888 -0.0567298009652172 -0.031568497207184
0.0354768246749074 -0.0639949120143169 -0.040716501364953 -0.0391958469303183
0.011895905689329 -0.0691207159991711 -0.0211890613554441 -0.045831307466024
0.00522237908880446 -0.061043633051196 -0.00411350474885655 -0.0548352303007459
0.0111621222656042 -0.0641911484971199 0.0219392629912205 -0.0677806905396789
0.0359928369799371 -0.0638140133314858 0.0498983169800968 -0.0655507597808966
0.0583706689249165 -0.0481368477011615 0.082751970739754 -0.0500983287705805
0.0877299686432254 -0.0277798678439545 0.0856563877865992 -0.00134095174891428
0.0990939235927956 0.01202792395544 0.0492949044957077 0.0309625487237357
0.0832381118531448 0.0639600244782514 -0.00656218174929169 0.013698013328348
0.0715271497429601 0.0905786710281625 -0.0452106257256908 -0.0664841624204203
0.0282047833875498 0.0403713389780295 -0.115643057644776 -0.0760754025017613
0.044347769282804 0.0376602128106005 -0.114990018255715 -0.0865985562991449
0.0600161741382291 0.0134673462373343 -0.0960192118578991 -0.0740484712893521
0.0528149615858279 -0.0130276008589781 -0.0795771074898768 -0.0502444898625546
0.0317397642511926 -0.0240156450633108 -0.046052519700005 -0.0472651406913835
0.0240091651740369 -0.0295389888332352 -0.0354238978530399 -0.0588249976761206
0.0134960734894001 -0.036788426782121 -0.0176299179496445 -0.0635897425253055
0.00933085319092011 -0.0347447781239121 0.00361538052346384 -0.0716074182858162
0.0143017326767945 -0.035775852792468 0.0349577938747948 -0.0832413558757776
0.0285619384484379 -0.0344951841804747 0.0683630735164596 -0.0733555741993867
0.0415198960548611 -0.0224963014857839 0.0997137251697211 -0.0480424913324224
0.0591844945286161 -0.00720939583859701 0.0910574936839293 0.000900315517805607
0.063441106573581 0.0209025951379101 0.0478926856053518 0.0245019292950812
0.045230341290318 0.0553399583912395 -0.0104916584142452 -1.70851666726012E-05
0.0289668350538473 0.068350854875784 -0.0546832598961417 -0.0859658094495657
0.0095230101172385 -0.016498102067496 0.0663249824348163 0.0909309698804597
-0.0106043504754524 -0.0212205052497134 0.0320661631067056 0.0102416782214127
-0.0209205481948805 -0.0142107144172954 -0.0436070883071635 -0.0280014204339592
-0.0164761215996918 -0.00274857378371593 -0.0912180011318433 -0.0130799327583863
-0.0127283060341882 -0.00397704289749307 -0.109542303876324 0.0387808297233919
-0.012558006623123 -0.0018246348643562 -0.0788505291005719 0.0833340834491736
-0.013595910401048 0.0049283385788564 -0.03882310951363 0.0933591957673666
-0.0133879422671522 0.00265798569102572 -0.00718295915593387 0.0867888210170257
-0.0184668510212414 -0.00125239987517603 0.0193876321201169 0.0729024221462725
-0.0192661985332218 -0.00954166261011906 0.0370739544933755 0.0676556424333741
-0.0150348362964377 -0.0159450198660749 0.0447831230950973 0.0580587933968307
-0.0102749782570866 -0.0231089269919862 0.0624020906416231 0.0579576653801267
-0.00706961399611854 -0.0241393354080663 0.0805853727844854 0.0720857083265978
0.00604206486139575 -0.0254062348291466 0.0952258349322076 0.0712844659478831
0.0164324190714547 -0.0184274150114665 0.110295521501866 0.0646663083670502
0.0494397111910986 0.0165052950326384 0.0439096016165666 0.0861074605880234
0.028936317451193 0.0103673553933676 0.0183261495335136 0.00595325296415914
0.0262623346208156 0.00231035750371163 -0.0580710214816103 -0.0324859050412215
0.0307420350345523 -0.00530118806121423 -0.101589237072283 -0.0175559429246875
0.0230457548595017 -0.0224194207872538 -0.115953479379387 0.0350017709673847
0.00964173242296058 -0.0316335069471997 -0.0850351325700575 0.0789411520585828
-0.00592583902880755 -0.0304185392225841 -0.0438018995137921 0.0879851129818963
-0.0134102849374618 -0.0288156916761422 -0.01180079511002 0.0795497028301216
-0.022166261842188 -0.0350347041377752 0.0156668802640561 0.0636547236744723
-0.0138673569954656 -0.0464313003161075 0.0352365656143561 0.0563758320412175
0.00096702603870688 -0.0502807492158861 0.0466525603723208 0.0461812075595179
0.0254558745536904 -0.0538721964331405 0.0653069288410213 0.0499177327566709
0.0414828278678409 -0.0356312709448081 0.0785956866306675 0.0660627028071426
0.0563915350472559 -0.0101372865000861 0.0883234820338324 0.0600954428807314
0.0659135980993168 0.0127029251129564 0.0996854139840061 0.0506785955403915
0.0833408464025811 0.0485595103889572 0.0162526931130754 0.0652015549028428
0.0678749152622646 0.0424122067652343 0.000699605151650357 -0.0125024886797422
0.0764834167292155 0.0178359764886743 -0.076078162778499 -0.0444775146581221
0.077836682915355 -0.0110139988422769 -0.113179444045538 -0.0225310767670777
0.0566840576636925 -0.0412367715394936 -0.115760362829723 0.030235680344147
0.0302889678739201 -0.0584750021762027 -0.0835959533185489 0.0670644214509626
0.00285375116536799 -0.0616585359361221 -0.0440389676746162 0.0706556584029792
-0.0121997337043501 -0.0550563798564157 -0.0150840985413138 0.0618497293317165
-0.0233748753346072 -0.062902535532884 0.0111381421093308 0.044397732264076
-0.00763060458422643 -0.0753498456254849 0.0312016857684352 0.0350193584879372
0.0138407369786317 -0.0770742037084411 0.0482928425725506 0.0255574229077247
0.0512696783727297 -0.0789812177300904 0.0697281012692619 0.0366602924140038
0.0811642044999744 -0.0477977887057576 0.0759825899660654 0.0587464934429937
0.0970551781337093 0.00153908787005493 0.0720909108104953 0.0516829098425719
0.105758670231893 0.0403497958777705 0.0751502968728893 0.0320506905858162
0.106787503143766 0.0717885186552779 -0.0158659746636725 0.0323539066054854
0.103302677661454 0.0656422453786571 -0.02260264947536 -0.0393766902881998
0.121103595670308 0.0246829545437371 -0.0933874226864582 -0.0590448396285242
0.117748220181954 -0.0234594910058019 -0.120218007646883 -0.0276239215683037
0.0801707792171813 -0.0611252626658559 -0.106892994190386 0.0234565067102633
0.0436179043264217 -0.0800723944012516 -0.074411111534393 0.0487224863544291
0.0080748682763819 -0.0839235357535515 -0.0393699248427579 0.0457477518328759
-0.00978625363730778 -0.0738854220835481 -0.016127866564825 0.034511871980825
-0.0194731524160107 -0.0807996249558566 0.00632119862635893 0.0183196725765998
0.00193067077295509 -0.0922263664440278 0.0272651145560265 0.0080553493630506
0.0277283513276223 -0.09151955770818 0.0499533271914619 0.000288099550517232
0.0725619710255412 -0.0900384370265606 0.0724614013838633 0.0217004022354326
0.108750987342281 -0.0498307482945473 0.0705681311885009 0.0516512289305237
0.121879096738531 0.0144736559612661 0.0505103247956029 0.0455730061529059
0.12720347327471 0.0633913661467055 0.041642608577937 0.0103886364355789
0.114774826714794 0.0814100065488985 -0.0505690937362935 -0.00479062953520846
0.123198878262728 0.0747526044580348 -0.0514683886443354 -0.0653853622412834
0.147862043116364 0.0236112413619822 -0.106565732895912 -0.0711720083745731
0.137131279462974 -0.0373341951186604 -0.119460253132693 -0.0325033836284512
0.0880422543704743 -0.074333302200761 -0.0916567469423488 0.00991718604572443
0.0477783802441435 -0.0900093990934179 -0.0621941436775735 0.0222365452734506
0.0104552542165998 -0.093881853109597 -0.0328894955031171 0.0138588849607114
-0.0059112326044786 -0.0806541557710744 -0.0147038984467509 0.00401030147261687
-0.0105792817534376 -0.0866973039391062 0.00516894663695285 -0.0118502015076276
0.0152231346835543 -0.0956045828480576 0.0266334422837277 -0.0207982372329745
0.0440915118195379 -0.0899129377705422 0.0535067937523715 -0.0240868485491311
0.0887986230493639 -0.0818552081680055 0.0743531886953553 0.00757867769783273
0.122508501506345 -0.0375698533149912 0.0627450057433059 0.0440455480329204
0.127042764500366 0.0328464875882369 0.0261769793376677 0.0385841000163107
0.12695236843808 0.081886371830118 0.00599957340089282 -0.013410795692626
0.103456204143703 0.0772931505635246 -0.0815986640013386 -0.0391453932002232
0.119499274179468 0.0692911573803173 -0.0804193069720163 -0.0825065816023354
0.144273376646853 0.0175050081850514 -0.111471877615855 -0.075014389823552
0.12916870371185 -0.0423115975249043 -0.109005916165366 -0.0380440406500104
0.0789764546528562 -0.0730797426848105 -0.0726520917037372 -0.009972138006587
0.0431797992542287 -0.0841312417149843 -0.0492603356454135 -0.00910733369293392
0.0107632763029502 -0.0872088820784083 -0.0270941588193208 -0.0188338004392625
-0.00103572098746231 -0.0754339178915999 -0.0105749946638599 -0.0274015374199102
0.00102378327147276 -0.0803006003996299 0.0102437713504619 -0.0416796323193344
0.0280658576326854 -0.0846617082651385 0.0340396940988469 -0.0467806255524836
0.0562140702315848 -0.0737041024074646 0.0634595493713318 -0.0422067155691942
0.0951290734981027 -0.0575717143707606 0.0780314918202453 -0.000623692918509918
0.118478245205649 -0.0133112424262154 0.0543813109888877 0.0369892579590604
0.112595045389685 0.0512979415190094 0.00633530394836513 0.0279316740137378
0.106394898249774 0.0906056736555429 -0.0239920889713227 -0.0387785918599233
0.0731881352889966 0.0612847695478588 -0.10502559210419 -0.0626442552737066
0.0904198379990441 0.054130036629704 -0.102868905531378 -0.0872399843211472
0.111167212933945 0.0128206560949358 -0.107120615014534 -0.073744588556221
0.096961189155225 -0.0348607430335094 -0.0929771402274902 -0.0423288589455935
0.0576343111865057 -0.0551038088843589 -0.0558643579817836 -0.0300325340491132
0.0329420577841712 -0.0626847648274547 -0.0405356099424299 -0.0375260782515929
0.0106316055138067 -0.0663324973218936 -0.022650310749937 -0.0460370165946046
0.00367037539300063 -0.0591670684551725 -0.00510853166155162 -0.0531068559187556
0.0096452722701018 -0.0620413559564429 0.0203317496264232 -0.0664360827922972
0.0333743942953928 -0.0621562225260202 0.048081177659729 -0.065162721126117
0.0559644252856348 -0.0483790716796641 0.0791221316699781 -0.0504292450098534
0.0847387139777031 -0.0290507763708755 0.0830706487389691 -0.00292242253004673
0.0961983878476206 0.00956454299015184 0.0489304695246044 0.0291535565725405
0.0818696617240165 0.060106500390643 -0.00655085301591481 0.0145911040325588
0.0709011403016874 0.0856139502320296 -0.0445552624892181 -0.0631190839375257
0.0280190086227146 0.0381244791242928 -0.11366920522141 -0.0730926236278107
0.043596004085154 0.0358976659932602 -0.112592349435366 -0.0826495483044599
0.0588589118094508 0.0118562507305925 -0.0951506939325144 -0.0714303172719637
0.0512080742455825 -0.0139575543923181 -0.0777142350192317 -0.0469705943561824
0.0310037266506707 -0.0232546140371985 -0.045528167703256 -0.0455661506802887
0.0227392248020695 -0.0293622257549532 -0.0354679800977256 -0.0565322431965309
0.0126210176894077 -0.0359117276725555 -0.019136964422456 -0.0627943689148308
0.00797125334238769 -0.0332735392553157 0.00223645683604321 -0.0701966946279805
0.0130408554968827 -0.0346502672048682 0.0324727048605302 -0.081869970728871
0.0267373628528457 -0.033539461774249 0.0658439762241416 -0.073243587592397
0.0398942130438807 -0.0228442740107502 0.0955892199625096 -0.0487115443534954
0.0569837198222278 -0.00896536057646143 0.088977962249064 -0.000394552718533615
0.061841798531631 0.0194872522265341 0.0474576699359613 0.023272987788124
0.0444520899492674 0.0532358639799511 -0.00997869417176785 0.00106753117564381
0.0295956590403444 0.0649646706117384 -0.0537189211310409 -0.082058021583921
0.00703694509186882 -0.0171629180878417 0.0846266835897761 0.0789153553040927
-0.0134778428453924 -0.0188049741769287 0.0341325671675411 0.00286315152717118
-0.0227627160313545 -0.00972045511349416 -0.0490312326382686 -0.0216506475144635
-0.0176541821620124 0.00158307326200464 -0.0934911821013662 0.0026981282327959
-0.0140842444768343 0.000623504362019525 -0.101899234678119 0.0586157797455824
-0.0116876008484206 0.00131084040447233 -0.0624619351530699 0.0957240302675238
-0.0110922845100027 0.00748700167324289 -0.0212513541709001 0.0981877809042697
-0.0118535814880839 0.00518348262802486 0.00971657422767209 0.0869849908374641
-0.0173996707786385 0.00308071316911794 0.0335848838069319 0.0689771939890024
-0.0200349881931761 -0.00515294204749663 0.0517201998522142 0.0601542441752141
-0.016900628037036 -0.011503529201608 0.0573388561984263 0.0494548243231509
-0.0147482028199713 -0.0189722789817733 0.0748868632739258 0.0458128673046619
-0.0108247142055107 -0.0197921935749493 0.0964500648518136 0.0555005786980081
0.0013633126676437 -0.0237397403169695 0.11070944364469 0.0523363176565733
0.013712254806563 -0.0190728171672322 0.122594241996845 0.0452873557805223
0.0498296818049838 0.0067003667519474 0.0620055857271882 0.0810648863098891
0.0299683935172781 0.00367390894022191 0.0198031162889815 0.00321906429678167
0.0254796618415388 -0.00391867428596938 -0.062775562526959 -0.0188154219198266
0.0261524439692609 -0.0111408527052967 -0.103056595845845 0.00363325161523973
0.0164653105145915 -0.0248473881835079 -0.106821463124905 0.0575524156689191
0.00358938191243911 -0.0311679196405705 -0.0673544222523857 0.0932943346743175
-0.0115505004430831 -0.0269290626487621 -0.0249843709016896 0.0928887338508601
-0.0181271933679307 -0.024663341749209 0.00372172144117244 0.0806929588485814
-0.0274810439901049 -0.0285017913874236 0.0282720713773492 0.0611012335604109
-0.0218061223653288 -0.0410116845462521 0.0483286505782909 0.04957091675414
-0.00766502945428274 -0.0468905646448416 0.0568248388512269 0.0369349212442363
0.0135170602858467 -0.0544554961714909 0.0765982221879501 0.0374443867175326
0.0333294243203892 -0.0401422099452672 0.0936080680465628 0.0519381878992892
0.0528130843930061 -0.0195699620596755 0.0980575400027577 0.0443204511623344
0.0684862626373766 0.00128831320551895 0.106067655735081 0.0333274874560467
0.0864242801499661 0.0303757962123901 0.0297346083647624 0.0679661027882407
0.0732821824036635 0.0269182783136488 -0.00193036081159134 -0.00943612748843758
0.0750084995613917 0.000754140092241637 -0.0809667615782534 -0.0241617884334387
0.0700323805819743 -0.0267886144187001 -0.11348582743862 0.00414175098498566
0.0448979454975938 -0.0494089751015774 -0.10433308508011 0.0532532451506282
0.0179743038941188 -0.0609213830047976 -0.0661080539937025 0.0814865447750861
-0.0102021763481649 -0.0582470270433424 -0.0266622659989216 0.0765843626352732
-0.0215849032946408 -0.050370146672771 -0.00287868380481026 0.0634082578789837
-0.0337528712523903 -0.0546270991699487 0.0198872708546333 0.0432176484822273
-0.0212721844937146 -0.0698931759462065 0.0405167554135745 0.0296579564857106
-0.000365401988097377 -0.0748490894975924 0.0547269092365279 0.0158675806234601
0.0340456822678844 -0.0840354841391273 0.0786667309379077 0.0243329977267309
0.0681972620553036 -0.0593555439111921 0.0898094434941312 0.0472958816581842
0.0944218354887592 -0.0168125405147374 0.0790553384678887 0.0395049687957968
0.112680808357092 0.0193448821105446 0.0747076673497754 0.0184855236261223
0.112372093416548 0.0479259841761404 -0.00827115872686472 0.04369419735658
0.11108614598381 0.0422372850481267 -0.0297176524309911 -0.0301058080044198
0.119088247213977 -0.00104664832974433 -0.099887490482997 -0.0322248020401374
0.104246647337146 -0.0474665783261269 -0.119691062369849 0.00309883443854086
0.0632805367959133 -0.0728757397968336 -0.0954447582094191 0.0450896825097804
0.0266789562122986 -0.0839013215146305 -0.0592368598635813 0.0615301918739164
-0.0098045779848771 -0.0808926242598253 -0.0250380272742602 0.0499046950268049
-0.0220825618570489 -0.0685042342415123 -0.008262917799571 0.0371749479227804
-0.0334126599159372 -0.0727115542241383 0.0102642026007076 0.0186177903123196
-0.0158205578394813 -0.088556901886233 0.0308178469378678 0.00380862012673816
0.0105702962646904 -0.0911912424538659 0.0512800421444338 -0.00858676506858283
0.0520624649667016 -0.098349296116459 0.0784488126122731 0.00921265047837271
0.0937693903482704 -0.0667680719328789 0.082271651136225 0.0415261315506957
0.12131368539696 -0.00949313332184287 0.0546633599988805 0.0382453070646908
0.137640714003563 0.0373015288288116 0.0350040544986734 0.00358252971458584
0.121946827545897 0.0554642615650785 -0.0507242383117799 0.0125048139238784
0.13104354769241 0.0473595805601015 -0.0630573458047765 -0.0491822937366298
0.143325771431059 -0.0077449453298451 -0.113913103630761 -0.0393555412086574
0.119887520981043 -0.0641079091071846 -0.117881538180542 -0.0016210749240068
0.0683094103359866 -0.0872743177947627 -0.081377707171456 0.0278918617312741
0.0283895485362231 -0.0947499024669328 -0.0509974754930108 0.0322657464286773
-0.00972375380383298 -0.0901635721510465 -0.0241254171659353 0.0176642606104222
-0.0197423218902307 -0.0759212881405966 -0.0130905682849069 0.00620109886253896
-0.0261156072505263 -0.0805585391187224 0.0032997976241725 -0.011436535617424
-0.00317384629331076 -0.0942038978785122 0.0240208530331315 -0.0244616672661271
0.0262252448481246 -0.0931074421568168 0.049852557236875 -0.0334321743310472
0.0695526244063573 -0.0939051565737989 0.0773578568107482 -0.00488757777393477
0.108675576903268 -0.0579696666840925 0.0722226282324644 0.0369998388976562
0.129608227356512 0.00717958094038507 0.028783674136335 0.0360436759697962
0.140236046707471 0.0537662913031221 -0.00518027456724352 -0.0138949866135818
0.109969738954447 0.0534218443578363 -0.0896834597658873 -0.0163351182224953
0.126187918698403 0.042726002559557 -0.0957617499797224 -0.0611490579831767
0.13828295463615 -0.0124273271557978 -0.119158481467083 -0.0435415958546682
0.111548860833275 -0.0671760690433755 -0.10813646061071 -0.00907969132951986
0.0604235833889046 -0.0843149663102663 -0.0662197750412117 0.0045333788539539
0.0246305496120675 -0.088443348378122 -0.0453222890764773 -0.000800425631480478
-0.00868016507560181 -0.0842740502244681 -0.0243029916129797 -0.0150665550783438
-0.0142643452828928 -0.0721902338036051 -0.0150786401260232 -0.0250142060785421
-0.0139318563925715 -0.0764191268278337 0.00223704201471188 -0.0423419242157123
0.0114015782930934 -0.0867825755591162 0.0253599004867078 -0.0518367612995376
0.0405740949759158 -0.0800258554539427 0.0556107924276169 -0.0536756231177497
0.0805805247164856 -0.0722839867567357 0.0783155163693259 -0.0144009091993257
0.109798937980304 -0.0345388319554406 0.0616444299371265 0.030956358656555
0.118779875822255 0.0276009790203868 0.00587665781862769 0.0282917172569099
0.121260124497478 0.0659958689203102 -0.0392271081045962 -0.0345226282353851
0.0788804509684162 0.0438728806548116 -0.117535045633646 -0.0375678143890454
0.0954061600809957 0.0343957773879328 -0.119558098156478 -0.0634433932844664
0.106758322674893 -0.00984553054847776 -0.115811436329116 -0.044937979870116
0.0828022480563191 -0.0527373816627151 -0.0938847178730404 -0.0187297547642107
0.0429985878607174 -0.0633123365598618 -0.0555213514494193 -0.0193211452690455
0.0187577487852299 -0.0659932119980501 -0.0433248455369304 -0.0303205489215919
-0.00404354967565879 -0.0652693387920426 -0.0262868068337863 -0.0421743151806309
-0.00687741225456999 -0.0566384841631082 -0.0147996843792423 -0.0516838743025987
-0.00225208295174453 -0.0611261212301326 0.00705318234652939 -0.0690395504740974
0.0207787868146903 -0.0664867741885375 0.0351670368906363 -0.0737047221562671
0.0455198480524395 -0.0561949716639002 0.0689209798008749 -0.0655336951468953
0.0759062503216682 -0.0428059500801266 0.0822667562835331 -0.0178520113099618
0.0930146129718048 -0.00851480039700148 0.0533801392924628 0.0233401005484589
0.0908587253647885 0.0418112380006436 -0.00879849417288287 0.0162797893745783
0.0856870784742506 0.0675648025717557 -0.0618929335357107 -0.0555136612107002
0.0326305379422185 0.0301077166366426 -0.129988822105975 -0.0497180831315685
0.0475967727920356 0.0266544613968962 -0.129104744022305 -0.0589626009625438
0.0562153838321243 -0.000238745369456336 -0.106070875003558 -0.0475462348831305
0.044415527009872 -0.0231902399616862 -0.0827277075368963 -0.0290791826644825
0.0243452425288689 -0.027721849088642 -0.0511948854658206 -0.0357239691432912
0.0157343342299557 -0.0318825350748264 -0.0438645925882631 -0.0492174801265293
0.00428042578740105 -0.0362004808245071 -0.0275852293937601 -0.0591873658308977
0.00143405205721864 -0.0331956342459358 -0.0110702306009084 -0.0695941346554507
0.00606984186861144 -0.0357771630667536 0.0159421607407882 -0.0868248649251013
0.0201204974769031 -0.037719254747367 0.050888398037924 -0.0855266191684374
0.0348422531369794 -0.0287719650203534 0.0858828212202289 -0.0673944699195072
0.0532958699139717 -0.0176426525951737 0.0885228701896353 -0.0174016888249451
0.0618820440944463 0.00730849337493848 0.0504583676422237 0.0165089574923922
0.0531710552711057 0.0422692770302201 -0.0128356316227512 0.00344772180818827
0.041068456886842 0.05546980482269 -0.0724439041511195 -0.0730801897215346
0.00690903033178945 -0.0174397172560222 0.0868099072822126 0.0784660742456066
-0.0132426155671796 -0.019437374276901 0.0348756272721265 0.001924519612652
-0.0231767636119707 -0.00998720723363367 -0.049361687571156 -0.0205371336215453
-0.0178569068466908 0.00149915419777106 -0.0946987544249854 0.00450461379044553
-0.0145160152072179 0.000466268539659428 -0.102637688572518 0.0609816172757754
-0.0121293341740836 0.00168978261799643 -0.0619185742331913 0.0980408149683651
-0.0108650671220912 0.00734133017201384 -0.0199846064968898 0.100302769846834
-0.0116530318925089 0.00495858481348954 0.0108876083132449 0.0883924007234063
-0.0173976479716083 0.00302315269157511 0.0353700696578698 0.0700233320941176
-0.0204121738646848 -0.00510329397449475 0.0536668555259092 0.0601590996679528
-0.0174185811892616 -0.0110477565951998 0.0592752939363628 0.0493869786164468
-0.0157528011219743 -0.018804523752431 0.0773476135401086 0.0453939884241299
-0.0113484793857888 -0.020040508529904 0.0987268257360575 0.0542270780040969
0.00133702070235124 -0.0238736766715855 0.11278248576686 0.0511115989782943
0.0137985007251789 -0.0189045586090881 0.125488768531985 0.0443346401184605
0.0506978717520518 0.0052708839214738 0.0633938280516686 0.0811807449083888
0.0305352719837674 0.00272272612557642 0.019754074363261 0.00218736948075728
0.02539423501902 -0.00538785106666783 -0.0632898977179412 -0.0179057741035151
0.0259955216719627 -0.0130122144685357 -0.104442988195167 0.00587880812317668
0.0158809231989728 -0.0254792583939027 -0.107422344708977 0.0597150202523103
0.00227443092764133 -0.0322754673829692 -0.0666726013554233 0.0950302696354345
-0.0121868611047654 -0.0280831585603472 -0.0239422427274571 0.0951599821003921
-0.0183984862044565 -0.0245480327341468 0.00560146688575421 0.0819524519429914
-0.0287607340950498 -0.0280302527609413 0.0297755822345155 0.0617350933475723
-0.0227970939158783 -0.0415129234940105 0.0492541297602483 0.0493542358886109
-0.00827230430024165 -0.0473640093295064 0.0588323926959946 0.0369031688068111
0.0121275284732335 -0.0557672699855776 0.0788520104611226 0.0370591649445401
0.0329417452189871 -0.0417683762314995 0.0956952912364058 0.0504040117674997
0.0539762567788408 -0.02061684819973 0.100293092761318 0.0428592363773652
0.0697032306125241 0.000105160065927869 0.1076707343907 0.0327589398926701
0.0877250911741103 0.0293866579459112 0.0314841290274655 0.0687688786459077
0.0751106631529792 0.0254856187756579 -0.00188710983046394 -0.0104986708354223
0.0759821547642715 -0.0014982511072792 -0.0825320173457888 -0.0226956100989926
0.0692941974181146 -0.0293203050323336 -0.114187004957575 0.00572027250795895
0.0442667041437164 -0.0514559005493417 -0.105524368355657 0.0562416881932476
0.0164013642344544 -0.0623294194838414 -0.065730084029555 0.0834734218936364
-0.0110012766848147 -0.0592822643113354 -0.026566449045509 0.0783454769658691
-0.0225415426521166 -0.0504501432428082 -0.00182093653718546 0.0646432689644832
-0.0356022914981264 -0.0551148998984737 0.0209798285259757 0.0436619044851134
-0.0233910639481217 -0.0710562542833857 0.041270352780745 0.0293424740016863
-0.00167403126966471 -0.0765028532405428 0.0554664278812776 0.0158880296533604
0.0319289009431865 -0.0859565712209542 0.0802611221950198 0.0231427458052748
0.0682328044303631 -0.0616358426937097 0.0916888735996075 0.0455577564917435
0.0960567101365598 -0.0189649319635496 0.0808710012450868 0.0391068856702671
0.11426460967968 0.0172372747134058 0.0760988863315333 0.0185429598145476
0.113508909949399 0.0462949276746782 -0.00832941526283919 0.04375941830115
0.11308834545743 0.0403545946827428 -0.030676423819979 -0.0306494800837938
0.120460364562823 -0.0043603521823183 -0.101293109382735 -0.0305339910252082
0.104675122509989 -0.0512426611181432 -0.121004449051745 0.00536938624316513
0.0625838868227515 -0.0766776437509577 -0.0960674721806175 0.0474259793937421
0.0251726468720379 -0.0862244509447333 -0.058864625855127 0.06329214180007
-0.0115169532904345 -0.0817180691645258 -0.0260189323982149 0.0512533371306539
-0.0239064349335348 -0.0686585061933136 -0.00816308316875428 0.0385621123715094
-0.0355581991609706 -0.0730493984048186 0.0106947142081075 0.0185378208351128
-0.0178909238625216 -0.0895946126629604 0.0310871122261288 0.00342999064130417
0.00920236466612227 -0.0938010086997539 0.0512332269945496 -0.00883695872951476
0.0500923762187297 -0.100663840883486 0.0798346041325715 0.00739119802670267
0.0939105698383538 -0.069772928506657 0.0843129695183103 0.0406100875934067
0.122987227637294 -0.0115088965488179 0.0564321197786335 0.0380428895460664
0.140227538224402 0.0340220700315093 0.0361605101798267 0.00349402574973467
0.12330886056146 0.0540099486769365 -0.0512824133453079 0.0134014812649667
0.134285574508066 0.044533651533548 -0.0648288501670832 -0.0497167318848727
0.144834742198462 -0.0119228334152254 -0.115686234909932 -0.0382742572266281
0.120189598635902 -0.0684612246281012 -0.119020014676416 0.000636836364974347
0.0674618214675974 -0.0911421924827517 -0.0820228032127455 0.0299620692888002
0.0260221722847482 -0.0967311790399048 -0.0510311547985457 0.0339128877211872
-0.0116726470328752 -0.0910070576685496 -0.0258637037603396 0.0183268781504762
-0.0214069874371936 -0.0761608372882324 -0.013008085953491 0.00612513997277347
-0.028280759414034 -0.0804326944249798 0.00318676171529924 -0.0115099390588882
-0.00561874360514384 -0.0954439354442316 0.0241334877166216 -0.0256720196239795
0.0244523061484027 -0.0957029351574587 0.0497735868346738 -0.0340258930185432
0.0680497829824233 -0.0973086881872003 0.078520593218778 -0.00606626196222912
0.109075438500431 -0.0616033277787473 0.0738261806629921 0.0356574785200528
0.131511070056329 0.00430725877741194 0.0301149702517907 0.0363542640010734
0.143073252679471 0.0507783252873602 -0.00506542643528424 -0.0134763748448368
0.111461624226034 0.0521259950314437 -0.0917662338164482 -0.0149994800138661
0.128351425700505 0.0403855528799154 -0.0981247750313799 -0.0606155492360908
0.14021748131471 -0.0160992231102182 -0.121533181635195 -0.041621895476628
0.111820472155586 -0.0707744709927898 -0.108545695182965 -0.00758358134362438
0.0600151177195978 -0.087818045160122 -0.0672332827012655 0.00611601926481644
0.023034898687427 -0.0904320716655892 -0.0458311591417922 -0.000274764273316958
-0.0102485764698886 -0.0851412585100035 -0.0267033803715741 -0.0153429377465592
-0.0156777321179873 -0.0720878895304572 -0.0160484139821857 -0.0257808618661222
-0.0163134833651501 -0.0768083482603683 0.00133045463981183 -0.0427018187436761
0.0091478042605196 -0.0880162097995852 0.0247860517587008 -0.0529959181893682
0.0396830807648705 -0.0829634021026075 0.0547914924531852 -0.0544422417217187
0.0795105130708071 -0.0751454432273202 0.0795305791186385 -0.0158917411488225
0.110456621272735 -0.0375512563210698 0.0629924970181137 0.0302564378789029
0.120508712541387 0.0251946764806079 0.0071222126504092 0.0292391887964318
0.124232550177761 0.0632898646888043 -0.0399778562119736 -0.033884589493815
0.0801498386197922 0.0426810501470805 -0.120599298874093 -0.0367197449379748
0.0973842791873845 0.0324762071396452 -0.121686921966666 -0.0621613835049508
0.107315070272753 -0.0124202605292871 -0.117621758137606 -0.0432801198889622
0.0829689256992874 -0.055350581157204 -0.0951698334417275 -0.0179070519008818
0.0426693031643713 -0.0651205097631725 -0.0563964118678873 -0.0185176109866393
0.0175245850272482 -0.0672066664264449 -0.0440622343493487 -0.0299252239163902
-0.00561003577066866 -0.065389614030002 -0.0287296427995616 -0.0431512032495324
-0.0080908355265183 -0.0564840027600745 -0.0157782223514456 -0.0525883585277603
-0.00385857842281045 -0.0612856566469844 0.00544067853814136 -0.0699309104952025
0.0191847907751563 -0.0677130434610461 0.0346566944011934 -0.0756115523913922
0.0448248931058062 -0.0581296826250994 0.0682799998237967 -0.0678244688734527
0.0752859516097005 -0.0452255346453978 0.0835682353315111 -0.0193239386275611
0.0944855404861668 -0.0106639937339202 0.0548157659925444 0.0227418645817455
0.0925052926167125 0.0405000080321551 -0.00751253713211078 0.0177351850308783
0.0884127797507681 0.065605626221813 -0.0634940196621843 -0.0553868920366593
0.0325398861818346 0.0290922292990239 -0.132394566743599 -0.0489314053758014
0.0486089849349909 0.02560103312889 -0.131379972264457 -0.0574810047130776
0.0577971945721427 -0.000818834787907301 -0.107958957742761 -0.0465260131641475
0.0447692524001318 -0.024241422923564 -0.0833001954469081 -0.0286209866335045
0.0243907796124239 -0.0282501607020258 -0.0524882749049604 -0.0358352948383371
0.0152103018430996 -0.0327949395266446 -0.045507953734481 -0.0492311110999052
0.00343867516819 -0.0363913501611783 -0.0302143439556959 -0.0600316341177487
0.000915185386965281 -0.0331641553176762 -0.0127004716170738 -0.0707212614530844
0.00509037033874693 -0.0363038421675587 0.0148335110204075 -0.088289603267967
0.0193542341222179 -0.0380141363732531 0.0502607673579303 -0.0878146817656913
0.0347198320337257 -0.0302535736616395 0.0854909583851119 -0.0696140035175882
0.0530153885977282 -0.0189437992716781 0.090017178847994 -0.0191091372550202
0.0626170785980217 0.00624099382427065 0.0518720738916709 0.0158624140356411
0.0542680050735864 0.0419712609506894 -0.0121208861289699 0.00420328751756685
0.0427268295258809 0.0547163152070072 -0.0735109521910677 -0.0721751317657072
0.0067292095585551 -0.0181745514520797 0.0907523487274441 0.0754970401362447
-0.0140097626159012 -0.0192137259906286 0.0352095527048779 -0.00014022873597983
-0.0244911339347223 -0.00984876805641583 -0.0507728597783626 -0.0180580583309974
-0.0187310788545073 0.00210073694409062 -0.095019881357201 0.00954660050701524
-0.0154916292976473 0.00173064353807526 -0.101265973241017 0.0662910108669587
-0.0125253800037002 0.0017043647181732 -0.0582151780498679 0.102029375069334
-0.0105956237359097 0.00725523803412876 -0.0153267430931366 0.102377961020747
-0.0115386590134798 0.00561010516675996 0.0162091773175598 0.0897712853150437
-0.0175682692865761 0.00357390947469492 0.0394988299630713 0.0696016752255301
-0.0208067712217774 -0.00400073519908814 0.0573146061214908 0.0588034337821508
-0.018060103014225 -0.0104843216238695 0.062765216982679 0.0477553978282664
-0.0174666177820269 -0.0178171848262974 0.0804143046042651 0.0422931549915858
-0.0121684483518672 -0.0198994242318625 0.102347127220262 0.0506768203215472
0.000774662105158896 -0.024319981705395 0.116488369304384 0.0473152808372544
0.0137690504745038 -0.0193030018250361 0.129539154272567 0.0392163952313649
0.051281429059052 0.0033998573836904 0.0682119473487538 0.0794060573263595
0.0315405192233083 0.00122220360858976 0.0199654811578605 0.000954556473125809
0.0256826202313744 -0.00788414741799454 -0.0645781180532809 -0.0150165786180335
0.0254136804994478 -0.0151922855813015 -0.105192143746427 0.0111856926020292
0.014353241269303 -0.0272447328493506 -0.106303528860908 0.0660442519126729
0.00028138852641722 -0.0329208538598552 -0.0633877902294553 0.0995081752491336
-0.0133353751686872 -0.0286656813886493 -0.0203561466035845 0.0980407228553586
-0.0195682788629397 -0.0244549151425881 0.00951103346763471 0.0837116992000221
-0.0305950059881262 -0.0270942930691716 0.0331909229217092 0.0616869814434881
-0.0251023365263314 -0.0409568395676635 0.0522434192201231 0.0476867393021789
-0.0110295372475796 -0.0484085905431349 0.0614056245415864 0.0355068838202001
0.00931770551177349 -0.0566567295138413 0.0823607387751097 0.0337129538880092
0.0320918559720964 -0.044176758265717 0.0991640871574433 0.0463846675000704
0.0540885112528254 -0.0235815271631789 0.103686169959643 0.0393292452481394
0.0711002712372126 -0.00321215982235728 0.111158330710473 0.0283657800678876
0.0901224911925538 0.0258067681902226 0.034051961792344 0.0683157461841099
0.0776078460595576 0.0218747021590974 -0.00223996454339929 -0.0110512458642492
0.0771780039099135 -0.00625105518348486 -0.0834924584091174 -0.0191577436203413
0.0690143826606479 -0.034120027694264 -0.115652614517569 0.0110644261903715
0.0419514281230219 -0.0552042907977156 -0.104735392104691 0.0619871208657191
0.0132399191796497 -0.0645241882015192 -0.0628036011409413 0.0878591188121361
-0.014355294402377 -0.0596068785362854 -0.023941555617855 0.0810313443308216
-0.0249851718985014 -0.0505673284621176 0.0015595770244478 0.0658599281639078
-0.0384299691263247 -0.0533260033011134 0.0231948029668356 0.0439103399085801
-0.0270387669887399 -0.0702823406787033 0.0432546060436096 0.0273067363964236
-0.00548011318528313 -0.0779396816817196 0.0571779298288254 0.0144070626007997
0.0278558816134376 -0.0886758687163315 0.0831181934915177 0.0198685911985149
0.0665258930174444 -0.0662673685677369 0.0948639830349445 0.0417232244084281
0.0970761631193505 -0.0245288290998903 0.0842187069731377 0.0357330892390141
0.117110857130754 0.0116334407285577 0.0784763316287541 0.0158550264674083
0.117216623197263 0.0423779922969997 -0.00694993828479957 0.0447522202332171
0.116753048069316 0.0352280524693998 -0.0321977848301463 -0.0306541033468965
0.121919426651692 -0.0116646939292715 -0.103394590644985 -0.0261897398508123
0.103241533611374 -0.0581367363182404 -0.121962051158793 0.0105427708765683
0.0596025727940562 -0.0810361340300589 -0.0954095769045188 0.0528266384641215
0.0206432096168433 -0.0885983351142989 -0.0563742513216393 0.0672499281392041
-0.0157301009704702 -0.0826973004322798 -0.0251843671613859 0.0536357252989069
-0.0271425570053797 -0.0681851412328999 -0.00641513730270742 0.0393807814517198
-0.0394390123947445 -0.0718584455225695 0.0119432104615263 0.0184083073697085
-0.0230700757086293 -0.0899766317631455 0.0316488074504089 0.00152586488169187
0.00429522210958849 -0.0957970601187439 0.0515955855298033 -0.0108972338926811
0.0454228166852457 -0.105114368255973 0.0818851126619522 0.00391620391900328
0.0923990170916998 -0.0763358015387255 0.0879120511756452 0.0368821245773852
0.124566660347408 -0.0182884169109437 0.0591380555843269 0.0361069838498047
0.143948286722583 0.0266416416775963 0.0368711438998817 0.00227911779190525
0.126708042160774 0.0495071127912065 -0.0524664951449511 0.0153716338192383
0.138431829029523 0.0388933401660546 -0.0677254814845096 -0.0477250292391395
0.146379235655891 -0.0201476541056455 -0.118529065480957 -0.032500461780117
0.11812861575902 -0.0760663426448975 -0.120300786035459 0.00613202146659666
0.064250452752786 -0.0967197194017475 -0.0817732127449656 0.033670249432887
0.0214136112374021 -0.0996900542315749 -0.0498701482358875 0.0365235021167498
-0.0157912661357438 -0.0921223239225787 -0.0269249328511598 0.0198366667949851
-0.0252423983676688 -0.0761126345012132 -0.0132040497180727 0.00693439482220876
-0.0326082181321445 -0.0797881311471417 0.00322937504577434 -0.0122141608735199
-0.0110753428345168 -0.0968994483993194 0.0229604550980846 -0.0271758686675231
0.0199577126544721 -0.0989969129560948 0.0485206558082666 -0.0363897097245134
0.0637160516558519 -0.102009783201904 0.0798034303007491 -0.010103883199303
0.108126223691477 -0.0680248738127713 0.0767384796585304 0.0321324563347451
0.134250449128616 -0.00250570664866375 0.0330714057741396 0.0355761205467582
0.147509020804637 0.0434645663316575 -0.00496022046492032 -0.0131187848078646
0.115041009913989 0.0479092529755137 -0.0942050072101197 -0.0116648322872578
0.132804789957196 0.0349845583621574 -0.102087899357637 -0.0573318885947187
0.141156621589401 -0.0235612926662525 -0.123996823817967 -0.0361035751621331
0.110498882639196 -0.0780809271660117 -0.110490577468108 -0.00306869864071889
0.0565583217592606 -0.0927518706127238 -0.0681042420555652 0.00883882482341269
0.0185370134210275 -0.0924709629360996 -0.0459424455801974 0.00178586709168577
-0.0138692275666167 -0.0858783462982551 -0.0296132417256429 -0.0148036293533987
-0.0193105873069638 -0.0716495692753999 -0.0175603307745508 -0.0255790472674829
-0.0204200056956747 -0.0764251693207991 -0.000145199698841319 -0.0437601582313672
0.00457402715823587 -0.0893901043480694 0.0225600079553462 -0.0556102048764954
0.0358999400221309 -0.0864698801662244 0.0531323267264672 -0.0574788319177619
0.0765148806416497 -0.0807094812146683 0.0805712932505206 -0.0201181072875693
0.110314551372063 -0.0439352489922333 0.0655135677090152 0.0274765177246098
0.123694675413812 0.0194177422396806 0.0094815968894461 0.0301909446179567
0.128805084945208 0.0569201410141491 -0.0420570970546088 -0.0322672454849322
0.0822688985276414 0.0394010171455037 -0.124260289327421 -0.0324571935134618
0.10045507765202 0.0283342183654298 -0.126478735456115 -0.0576134084845734
0.108377757443677 -0.0190197892557814 -0.120674535132527 -0.0380172950236923
0.081676741707613 -0.060309333459275 -0.0969219657235441 -0.0139626224876745
0.040587173476141 -0.0685185081476141 -0.0581819273900934 -0.0162702021307338
0.0149996942060998 -0.0691150678958372 -0.046151401370391 -0.0286450357876316
-0.00870276419292247 -0.066091921639172 -0.032548813629106 -0.0427477639682702
-0.0107688328285252 -0.0569001469892799 -0.0190835029596438 -0.0530518414762449
-0.00730101072445165 -0.06108272848172 0.00227931803373893 -0.0715174717078158
0.0160650657883785 -0.0690886949386783 0.0313663433313746 -0.0780801913429321
0.0427567453113646 -0.0618235791666428 0.0659010174418147 -0.0714527516816311
0.0735346739506088 -0.0495101812801961 0.0845435683501601 -0.023726051577082
0.0949672357048667 -0.0157461385559955 0.0564831995507362 0.020875499467205
0.095934008964254 0.0369676095031438 -0.00598267476003844 0.0186539103105077
0.0921915324042003 0.0612006185853731 -0.0663273251281792 -0.0524682667024733
0.0340998938840161 0.0283115885084913 -0.137027717997143 -0.0445067377795332
0.050315973057516 0.0238935047696778 -0.13576574556012 -0.0523031795469368
0.0583856438092146 -0.00390702269749301 -0.111101565288063 -0.0423828314529528
0.0442183506439539 -0.026834791247186 -0.0859051796966499 -0.0253538653259036
0.0240475803609841 -0.0299402455120805 -0.0545019041305481 -0.0346636110360832
0.014006332324793 -0.0338044242487434 -0.0489240686962337 -0.0478352766854273
0.00159409587933924 -0.0369739730830009 -0.0345027675380089 -0.0601817581190026
-0.000641775733524275 -0.0331884690789847 -0.0165190047505665 -0.0719923976372108
0.00386935157688987 -0.0361687906481179 0.010345046454909 -0.0905568279857681
0.0175208054913526 -0.0392069622838127 0.0474486493070607 -0.091633843896062
0.0338075276360331 -0.0326425892813608 0.0829777724357816 -0.074770213949144
0.0526638346073208 -0.0220360657916707 0.0904664884383281 -0.0232544255377915
0.063557806826268 0.0033929605152126 0.0534230768993452 0.0139724753691207
0.0564819524082486 0.03968531068342 -0.0110451272352676 0.00620979541555436
0.0458159925120946 0.0525979150720326 -0.077342669601387 -0.0693217099195821
0.00561418612916363 -0.0188016439828044 0.0943565610422403 0.0685174903985095
-0.0152910907309736 -0.0183432231230247 0.0345953444902702 -0.00247399519260406
-0.0247561961543762 -0.00816952105358444 -0.0500658518123341 -0.0148646755772187
-0.0185787599994903 0.00304740957829359 -0.0927470062022804 0.0149244574331237
-0.0156693463612445 0.00283301854754223 -0.0959612903416366 0.0718116769919912
-0.0129300860341611 0.00250123281514663 -0.0509105008869425 0.104243343736874
-0.0100322325495407 0.00750857485987482 -0.00782081680830763 0.102565211479812
-0.0108229742528374 0.00554586310260877 0.022618288443056 0.0881080259758255
-0.0172613174548472 0.00491797179700545 0.0441476069439193 0.066582466231808
-0.0204671517676559 -0.00259903126203869 0.0606882454374312 0.0539903297072886
-0.0186636299605985 -0.0091044421107006 0.0658426267531001 0.0434207325492317
-0.018563856283755 -0.0160012448981809 0.0825670748168268 0.036275195173113
-0.0127839221864038 -0.0186846568545589 0.104233595697951 0.0428515821393943
-0.000546541606925192 -0.0242762158862505 0.117331407017168 0.0390707206974293
0.0122873038901034 -0.0194372530937582 0.130406389937228 0.0308160904374963
0.0507475115437954 5.0277691400126E-05 0.0715084358763406 0.0738977314824802
0.0315563292281893 -0.00101873938783879 0.0199330521648954 -0.00141728082594858
0.0242543010378886 -0.0100267923713789 -0.0637021523950101 -0.0104576981392491
0.0233550064793727 -0.0173922262016058 -0.102963505763111 0.017150499659226
0.011434169992663 -0.027992961686764 -0.100777869900913 0.0723636114266604
-0.00267703479728605 -0.0326676599736916 -0.0563355908563435 0.102214242336245
-0.0152983418843021 -0.0275276997636455 -0.0135731675194087 0.0984576969385573
-0.0206882551860063 -0.0230859318436536 0.0158010142405295 0.0824648371539422
-0.0319030163905659 -0.0247348955536529 0.0372486408978625 0.0592946206831039
-0.0275016498689211 -0.038844169618328 0.0548014119709573 0.0437364581122524
-0.0141938220243272 -0.0469217448718633 0.0628967265273469 0.0313928513954364
0.00476296425162628 -0.056137883463892 0.0833905314838027 0.027816829375514
0.0290630080849863 -0.0459880508491966 0.100988080313104 0.0388182947994051
0.0520903351030741 -0.0274124767420529 0.104533117127781 0.0320783392926188
0.0697568321138308 -0.00814081816737032 0.111917425241072 0.0210653333552322
0.0901204124762883 0.0199159989540616 0.0377798198572846 0.0648981293866922
0.0780775453173431 0.0161553998465327 -0.00275671064510079 -0.0113245221170021
0.0752894119352658 -0.0124250494774464 -0.0827881119821076 -0.0129896042735018
0.065085686747572 -0.0396553648788506 -0.113165103209476 0.0185094712584426
0.0373431391131659 -0.0578182966378441 -0.0993865662090882 0.0680004894456855
0.00778414999297202 -0.0649106103370612 -0.0559250492045892 0.0911036339482517
-0.018779518540535 -0.0586212218149707 -0.0180633557851174 0.0818801710561543
-0.0277749646905449 -0.0480199311381301 0.00643645485132164 0.0658127480266223
-0.0415531721778045 -0.0498165711060866 0.0265007657714578 0.0417617281489646
-0.032223815328092 -0.0678121445114532 0.0441789106901733 0.0240375296667951
-0.0108515198678138 -0.0769390339636475 0.0579345985088282 0.0107443241537993
0.0208930888102497 -0.0892713190568643 0.0835971690798526 0.0137222449012947
0.0614207116707014 -0.070651837913859 0.0964335884291952 0.0340355024694266
0.0942411257392735 -0.0307492294301053 0.0856615119946381 0.0299852458850529
0.11567234905569 0.00229077480775261 0.0788064577037423 0.0109780828440367
0.117665069598683 0.0346648507006664 -0.00449620035164218 0.0441354989202627
0.117505944552476 0.0265439913485369 -0.0340854790671645 -0.0279176555752327
0.119454681618019 -0.020977518636372 -0.102542124709146 -0.0189441221838436
0.0974285557902619 -0.065098592294439 -0.119298422546228 0.018411109397417
0.0529264896286155 -0.0852056397369104 -0.0906169135241532 0.0583912661361745
0.0133738996257264 -0.0892603760463144 -0.0509124536226015 0.0696242622930586
-0.0210695577377923 -0.0807920795823273 -0.0218760248570137 0.0551452253925335
-0.0312501460419625 -0.0653635370217887 -0.00363358075140484 0.0390108963329301
-0.0443612235390546 -0.0672094410452003 0.0133094249522764 0.0176477385303226
-0.0290853812031733 -0.0872137940277429 0.030947843955379 -0.000653612055628578
-0.00283774282490728 -0.0953931232571642 0.0505813071876853 -0.0137608485419873
0.0371986573915003 -0.10640551479636 0.0820872096206207 -0.00258754382607264
0.0857870955191863 -0.0821308676853936 0.0888643733498483 0.0301066869552017
0.122073928788307 -0.0271450455681965 0.0609662912704409 0.0317389028161678
0.143608597399569 0.0152320523337272 0.0368828989395105 0.000427760351442098
0.128054885872217 0.0407245353553216 -0.0507643825657252 0.0185100233975928
0.138678546081415 0.0282783703324433 -0.0697513187038308 -0.0427426323429509
0.142988118941817 -0.0307037310970775 -0.117767321999899 -0.0243036051421568
0.111548384169758 -0.0841014184859808 -0.118107922590028 0.0131819423418772
0.0566897943448561 -0.100671126709921 -0.0788602209063833 0.0387270266424262
0.0137231677526921 -0.100736592217447 -0.0472676796575416 0.0390301844603065
-0.022421613847411 -0.089530316166808 -0.0263763807227975 0.0217164664110673
-0.0296889124961071 -0.0731265617137667 -0.0127038611598484 0.00758232208679147
-0.0378275902536213 -0.0754212684463382 0.00260120606691681 -0.0120462465803631
-0.0174684725816069 -0.0945376332861876 0.0204243322111322 -0.0283027764948842
0.0125670260207065 -0.0995680057448194 0.0453604499315853 -0.0380941160490834
0.05501574664054 -0.105187477213405 0.0785293962728894 -0.0155366732704519
0.101760381233584 -0.0750083556184158 0.077685854724411 0.0267108740152637
0.132425230729504 -0.0122481262249234 0.0352509050546275 0.0333314812994945
0.148272079995835 0.0310355004891505 -0.00563420806493067 -0.0122421365551721
0.116279411763499 0.0400757637450521 -0.0936445290654008 -0.00541387022491248
0.132964526847707 0.0248641319560894 -0.104007225043617 -0.0494387143864654
0.137948925644871 -0.0342002065079415 -0.124209369028551 -0.0270668670058452
0.103064512791564 -0.085294249080529 -0.108963696573283 0.00355917350011327
0.0493854697352991 -0.0960750889430393 -0.066504206944561 0.0125945596069303
0.0113989107702772 -0.0934284595014526 -0.0455219019052147 0.00433530286946233
-0.0198112316287394 -0.0839863076720981 -0.0316217579967561 -0.0122279647194465
-0.023233367747801 -0.0692729626830988 -0.019574614209216 -0.0242748850144175
-0.0249174086689039 -0.0737300947825214 -0.00354842148566919 -0.0429708408245655
-0.00214241476938861 -0.0883387365722216 0.0182300059468545 -0.0562070825650828
0.0289005425099015 -0.0880582277865024 0.0485416072670496 -0.0597857153488921
0.0695390604499464 -0.0846130976822181 0.0782444844957747 -0.0253011115651139
0.105774828859172 -0.0515346773634036 0.0663963795599562 0.0225780252208565
0.123245074558577 0.0108800051103177 0.0119664283369072 0.0293800202178083
0.130863134571289 0.0459152248388728 -0.0430127101882233 -0.028678045274695
0.0837476371366394 0.03312165573245 -0.12498924085056 -0.0248135574648955
0.100908439456919 0.0205640579456214 -0.127974897535291 -0.0484802780370561
0.105400662724178 -0.0264810814214154 -0.12091938497159 -0.0293882525068868
0.0764850842701269 -0.0657515961331575 -0.0959791682810505 -0.00733130222792783
0.035992020151844 -0.0709851352930883 -0.0586400206673829 -0.0128802840525982
0.0101096724793264 -0.0696283587213286 -0.0475788997191724 -0.0251965778865587
-0.0126314383022876 -0.0644796265469146 -0.0368285134958119 -0.0399375337393922
-0.0141731794712866 -0.0550446517962549 -0.0228061251683428 -0.0519713643608169
-0.011150567777954 -0.0598789500253091 -0.00277043036731212 -0.0710366341161015
0.0109080345637147 -0.0689201917674486 0.0254537778951699 -0.0793556121761922
0.0378584607338315 -0.064201367786185 0.0598090583193827 -0.0743861166726543
0.0688096791655192 -0.0541231293304731 0.0820501451239086 -0.0295075519573615
0.092490572026787 -0.0221562641927788 0.0573507146007191 0.0169249466981809
0.096776412189976 0.0299989584103116 -0.00375308008754042 0.0189276781542952
0.094701292026514 0.0525114293868513 -0.0687745094391646 -0.0468746360901753
0.0355333268912319 0.0255426036993253 -0.138518136410157 -0.0350550316358909
0.051336269964696 0.0196074876394039 -0.136637666550373 -0.0421250047281385
0.0576671440646049 -0.00871989928323602 -0.112009855892096 -0.0335882851283231
0.0418099805233167 -0.0297163033027724 -0.0857479990173772 -0.0194836932086162
0.0217920782590745 -0.0319276290235026 -0.0564506550362187 -0.0313058331121708
0.0119354643977317 -0.0345800327810132 -0.0518184278405401 -0.0444280092613156
-0.000521206284019777 -0.036039281317087 -0.0390963217343305 -0.0576034609236627
-0.00251948042608852 -0.0322974647779446 -0.0217328449541744 -0.0707604956477042
0.00113303448183078 -0.0359876501935978 0.0045314029446451 -0.0902282132211972
0.0145290666316908 -0.0397009865037984 0.0395117466809946 -0.093825090609932
0.031605939317646 -0.0343873758561257 0.0765811301222612 -0.0793713843303714
0.0500799318739404 -0.0251785911841334 0.0878431398878521 -0.0295487492714514
0.0628465888300156 -0.00115689310073116 0.0534279015781922 0.0105331846699067
0.0580427330489384 0.0351453604424326 -0.0102713120913902 0.00715443173560184
0.0486651279496265 0.0473161253430328 -0.0806341116066947 -0.0628670762662186
0.00468809212690464 -0.0182566796539856 0.0927390698229553 0.0594258383880809
-0.0155118286971373 -0.0165253154845103 0.0324864642095254 -0.00519260904738239
-0.024335764117112 -0.00659951493177965 -0.048110392021259 -0.0115530700629601
-0.0175961489171971 0.0040919614897019 -0.0876464460803733 0.0188962012392779
-0.0145015820769584 0.0038005553673047 -0.087423046790271 0.0738119459446262
-0.0123635718301522 0.00321746172848918 -0.0429276384116736 0.101595019055566
-0.00940949146859908 0.0065981973900279 -0.00116956405354683 0.0979580650586767
-0.0102687845208493 0.00576962021274615 0.0270533757373016 0.082959617793961
-0.0157362011711997 0.00553397001137848 0.0455361434740608 0.0608875022618356
-0.0193554794246828 -0.00138276372994807 0.0610642180744601 0.0480123024034421
-0.0182981974172815 -0.00726046773875051 0.065547814146399 0.0376433129278597
-0.0183838480603286 -0.013887901718997 0.0801032235951114 0.0298344172258087
-0.0129011020116503 -0.0171658764307235 0.100968754025711 0.0346377752037293
-0.00109341851139002 -0.023101765295786 0.112708393654246 0.0315276486611642
0.0105160786215625 -0.0188817525188815 0.126008698792666 0.0230643677533583
0.0481717477483169 -0.00256409735630227 0.0715668617444374 0.0663813391948813
0.0301463694399561 -0.00282243086538951 0.018434552418396 -0.0023031297034846
0.0221245865926667 -0.0111593790056119 -0.060467076743553 -0.00718628594002789
0.0207087320245353 -0.0180042005263402 -0.0965509049088349 0.0217336442857112
0.00965072257386736 -0.0272151201205612 -0.0916063527355217 0.0737336314515823
-0.0047194887743419 -0.0307578854650352 -0.047313245054378 0.100210844905711
-0.016312657844415 -0.0255132847700235 -0.00764219950462564 0.0941244688407712
-0.0210865639701427 -0.0210892043618015 0.0198099309243259 0.0777655164102448
-0.0313122103860748 -0.0214892838729301 0.0392860655241257 0.0540673963710188
-0.0283608751742115 -0.0355706822553317 0.0544440352655466 0.038555832928339
-0.0162757166893163 -0.0439827501393825 0.0623741255697336 0.0266573779264346
0.00117251959146737 -0.0540215231006558 0.0809452736084796 0.0213373063019462
0.0255627507246216 -0.0458118111134223 0.0974186932206559 0.0305958904323239
0.0482617814566076 -0.0292489861367891 0.101066836513611 0.0249919144692177
0.0652818957012617 -0.0120080331420876 0.107758586992119 0.0147588332818744
0.0864855089739421 0.0139709390856905 0.0389769201757667 0.0595362028061043
0.0753002523263002 0.0113018761191403 -0.00338682616281348 -0.0116305616473352
0.0701927601304131 -0.0164694785794265 -0.0782778193475387 -0.00853467553629296
0.0587815525245258 -0.0414947118411052 -0.106091157275628 0.0235567919337033
0.0315306726627938 -0.0577260763561432 -0.0904356256631906 0.0701478182715006
0.00326398256179759 -0.0619631789621722 -0.0476514263657046 0.0889219976936785
-0.0213804154783778 -0.0552623195308654 -0.0133862101916437 0.0789739639949958
-0.0290611911237064 -0.0443870807474264 0.00961687690315136 0.0624260468634307
-0.0419185181317394 -0.0444316963505496 0.0275692576070301 0.038329316843711
-0.0347610133192218 -0.0625303769364569 0.0430799401957716 0.0208261391696345
-0.0152763694910728 -0.0725953162760959 0.056170340299377 0.00743094100544786
0.0141409548782325 -0.0854753451631098 0.0801805447822758 0.00778414678898728
0.0546816635495432 -0.0709816856738611 0.0931378989786084 0.0266817948471911
0.0878216745463253 -0.0351306034863539 0.0829591980007125 0.0242224252147029
0.1101256013544 -0.00488365414823524 0.0761347735744341 0.00631873767417238
0.113423517790723 0.026531838131829 -0.00204640489165627 0.0424055342255209
0.113659095353696 0.0190787173749694 -0.0331546217103859 -0.0252722562813872
0.1112462563979 -0.0275679577748679 -0.0977611827471654 -0.0126398655835508
0.0881820490382479 -0.0681938189461818 -0.112370918897438 0.0233985500731103
0.0449586281814462 -0.0841733625505744 -0.0830377316178242 0.0600858734916976
0.00710108139907962 -0.0861527675759986 -0.0442772144873687 0.068252869075088
-0.0249066390395332 -0.0754729391175209 -0.0186334305970395 0.0539304329821919
-0.0331447994772687 -0.0606514147382992 -0.00131365670598906 0.0374083836174473
-0.0449941594499896 -0.0606467731700947 0.0139310308025365 0.0156752620672983
-0.0329801653577319 -0.0811933732597641 0.029051323744864 -0.00198505958895141
-0.00847403924051545 -0.0910323174137795 0.0475315380313787 -0.014978473529765
0.0286997661214511 -0.102994951437245 0.0773083231972676 -0.007301180498831
0.0769861511791069 -0.0839793022027462 0.0858005478431567 0.0232700609299916
0.114164947290815 -0.0338764367256824 0.0597797387903822 0.027677961269475
0.136834262668474 0.00539967263631044 0.0353630353397502 -0.00118802133172265
0.123842835611366 0.0319116511099306 -0.0472963256817907 0.0206078796285294
0.133690293925808 0.019399376864258 -0.0682563274428599 -0.0369104030783545
0.133163337005181 -0.0381710678648074 -0.112370320250684 -0.0166303173416609
0.100338923056843 -0.0869495418507401 -0.110985782636674 0.0188230350105527
0.0479022601566483 -0.0995103032224778 -0.0723650951108709 0.0409664728812357
0.00660860361857032 -0.0964368458792456 -0.0420290685437422 0.0391229443287229
-0.026371035539051 -0.083733604935699 -0.0247967583032306 0.0225583476156388
-0.0317942145343608 -0.0678826364343183 -0.0121696910121955 0.0080216482273796
-0.0398759982605969 -0.0689875011360734 0.00165943399905855 -0.0115159965278753
-0.0227457300886615 -0.0886888785397059 0.0175628666089903 -0.027729826264208
0.00578946055704573 -0.0954832211729924 0.0409479515111301 -0.038230215903861
0.0454287382619586 -0.102763124908749 0.0739172300720588 -0.0201754311326896
0.0921831897013606 -0.0782830176428596 0.0751571402029963 0.0210633243090252
0.124613850120399 -0.019188451358004 0.0359618665615791 0.0300739995039064
0.141312112305077 0.0201509561236517 -0.0058833001969804 -0.0106775637058626
0.112325882149479 0.031187755337976 -0.0895885031367277 -5.71974858393921E-05
0.127499394487187 0.0161549281822114 -0.101146936354156 -0.0410852733803595
0.128286863938802 -0.0406299248982341 -0.118667595131359 -0.0192683422445225
0.09302055705134 -0.0878273039447656 -0.103025327266396 0.00916178008605524
0.0413489492110307 -0.0948531887912336 -0.0624801076134056 0.0154309209043003
0.0052158298196377 -0.0898821808291077 -0.0430310713788062 0.00678176212880107
-0.0234920603269192 -0.0778592942192739 -0.0318559136081285 -0.00960302306223588
-0.0257863239609747 -0.0645810116101885 -0.0203112054682341 -0.0224453595274839
-0.0281667360511198 -0.0677437054687174 -0.00577827173303367 -0.0412519642131146
-0.00715587055325242 -0.0833173857532111 0.0139354583402599 -0.0542597811144145
0.0221776198119286 -0.0859403215159774 0.0426003222642051 -0.0587009375419802
0.0602665536525319 -0.0843679671586974 0.0731941337569026 -0.0288425527458149
0.0971321200537336 -0.0551640116143142 0.063997852506775 0.0181215667446004
0.116917116151447 0.00290009726683689 0.0137627866353701 0.0272060702169891
0.126033480790933 0.0348222086331847 -0.0422943747649163 -0.0241039097113008
0.081172079855669 0.0272435663469392 -0.120421611545105 -0.0165242621459907
0.0969402137117895 0.0141116567828795 -0.123038828570335 -0.0386265503566078
0.0986799584032391 -0.0316822043138532 -0.116012671823251 -0.0216458731306559
0.0691341481816574 -0.0670900272000295 -0.091150476127403 -0.0027443213210799
0.0298453765835968 -0.0697187508030383 -0.0563757715239815 -0.00971632145192663
0.00506775486930659 -0.0670701174880093 -0.0466832062127085 -0.0216149886090797
-0.0159113463395268 -0.0604907866603742 -0.0386352987840923 -0.0360663469547864
-0.0162845001528109 -0.0513202915047348 -0.025095311933614 -0.0479898745477909
-0.0138482474235462 -0.0556294479567915 -0.00654796250603741 -0.0674026317077838
0.00617532440431558 -0.0654501540823537 0.0195118177416792 -0.0770096411843681
0.0317695538977361 -0.0639639535918181 0.0527813863907811 -0.0733236948081681
0.0621470094555182 -0.0552550748369717 0.0764151587197421 -0.0327789760110986
0.0861708397701756 -0.0264789518282799 0.0548655735121147 0.0130645583389479
0.0926880391297957 0.0222840281861126 -0.00176176263710302 0.018703460556226
0.0924200654522202 0.0438053224381658 -0.0670998695581794 -0.0404499908772994
0.0354235848550431 0.0222159254990759 -0.134146803906563 -0.0267911046314718
0.0496912244977363 0.0150559550386556 -0.131433196698694 -0.0321813197361305
0.053859193901919 -0.0112416646573773 -0.107865633401646 -0.0265893250867868
0.0386852690137796 -0.031138156801436 -0.0822741389955415 -0.0144200030310031
0.0198134582311746 -0.0314360657145485 -0.0555609243899445 -0.0268702044402371
0.00914365433666214 -0.0339534358989596 -0.0517120007479303 -0.0392516517419974
-0.00240582950965772 -0.0337673887561223 -0.0417407988494309 -0.0528468264690249
-0.00406104111706374 -0.0300546211753249 -0.0249614201885127 -0.0664030139668323
-0.000731169124558218 -0.033813303550423 -0.0011188993580077 -0.0862711572335533
0.0114495181863 -0.0379332668898141 0.032828772858107 -0.0914872164364318
0.0273108519916543 -0.0347435636264837 0.0679621396059236 -0.0791220022416366
0.045863937997954 -0.0259873371599475 0.0822538949857548 -0.0330007654955378
0.0594116447524412 -0.00483693267107792 0.0512939765722534 0.00753158807070585
0.0569326688643787 0.0307894596376757 -0.00830855899161106 0.00716138098599169
0.0486814855726093 0.0415510750336197 -0.0797656419208604 -0.0552229848544226
0.00410554090070054 -0.017656527433882 0.0944148386827509 0.0392279895136276
-0.0158664571455772 -0.0140170601495557 0.0291018573704788 -0.0112330972943339
-0.0235709393164999 -0.00169564880332266 -0.0473238213891078 -0.00498081322057836
-0.0157024935838406 0.00792862064908486 -0.0802523613910537 0.029533576332768
-0.0115422968302839 0.00772651276571524 -0.0716152566039882 0.0822548629372844
-0.0102848648217039 0.00499226160353066 -0.0263033165610948 0.101143789195442
-0.00702586072893715 0.00707143465650407 0.0125419533869489 0.0929361286942424
-0.00802331809950093 0.00619472718211497 0.0374155410410854 0.0733015527681625
-0.0130249407354731 0.00654290518140882 0.0527604642942506 0.0501354873246788
-0.0178061645542015 0.0011933497773352 0.0650523163866939 0.0353146578221121
-0.0170195519855537 -0.00501912207892799 0.0674346516916206 0.0247151581272261
-0.0172907906350749 -0.00995016244155809 0.0789505023473691 0.0154974848205281
-0.0120894806000569 -0.0136579817241336 0.098542415335188 0.016169015032041
-0.00275407637678031 -0.019939382486399 0.109127255770895 0.011812647150118
0.00951916790698558 -0.0187531711262834 0.120417893254912 0.00487892670034164
0.0456073352350746 -0.00817083250790289 0.0782219282938178 0.0499086054822652
0.0271352799321487 -0.00693877558380139 0.0179220252390449 -0.00592710477522708
0.0173817460259634 -0.0120183649286071 -0.0547893034957808 0.0015735599286806
0.0158605816565854 -0.0172097568388916 -0.0851085384227925 0.0338989840551721
0.00570526944096328 -0.0241804900484234 -0.0732953707445417 0.0814614159066285
-0.0073167264066304 -0.0269720867493414 -0.0303669139446857 0.0992096089173133
-0.0178322405828144 -0.0213009423655917 0.00622154445643106 0.0887646622965836
-0.0213485138268187 -0.0173828582659327 0.0303752615531081 0.0699766789649571
-0.0309958988215025 -0.0161857619994748 0.0458753709773884 0.0452890974941586
-0.0306011364509593 -0.0293835723729516 0.0585445012549776 0.0274660974424711
-0.0191836609638249 -0.0387461655798354 0.062453116450649 0.015076970627516
-0.00477597704262067 -0.0490613148644145 0.0783051679583755 0.0083491711751708
0.0191305406047345 -0.0444123894990078 0.095998261623069 0.0133813853635932
0.0419203142656468 -0.0324893746824059 0.0963709397628609 0.00872739677932182
0.0611066577143162 -0.0188652329798098 0.101744333319308 0.000462440819274262
0.0817458773257922 0.00346777335421208 0.0492712315481034 0.0492900092367041
0.0696464187769532 0.0010291127703519 -0.00225470635247299 -0.0099110609463848
0.0601896279837505 -0.0232523421242636 -0.0684974573463192 0.00375028785743508
0.0464966422694491 -0.0442375795666371 -0.0903205879269091 0.0370266619036987
0.0216045893477181 -0.0550211741103175 -0.0713146141330127 0.075663264128575
-0.00409676667407896 -0.0570315641779869 -0.0314921406112251 0.0873142017715357
-0.0261762500980996 -0.0476017639850859 -0.00146862073857952 0.0742288155366549
-0.0312453655430064 -0.0378477972783626 0.0184364634407694 0.0565126819232895
-0.0437726990195254 -0.0360745271842989 0.0332032545282059 0.0322920074852528
-0.0398140543163377 -0.0533699677714481 0.0453396800820266 0.0127177895619667
-0.0211095471778629 -0.0659683566834394 0.0540135443459892 -0.00127310053685337
0.00355525707022555 -0.0805126733261339 0.0761747404198418 -0.00386626890323941
0.0428759368703011 -0.0712139372717093 0.0916442110030682 0.010423457210546
0.0767221519977925 -0.0433830402174407 0.0799493347738132 0.0116179107534482
0.102087591640127 -0.0177335711197461 0.0705645785387572 -0.0027708051542599
0.106840961479842 0.0119000592838444 0.00998419046347113 0.0415111314720426
0.104770593683377 0.00298575709308937 -0.0308059577668139 -0.0172066912485183
0.0958160820712074 -0.0379309359117048 -0.0837829875983663 0.00261012076685374
0.0688033205677042 -0.071944268693667 -0.0930407863697129 0.0375828003488115
0.0300461115516605 -0.0815055912102049 -0.0646038099726737 0.0633392816760028
-0.00380368692680102 -0.0798101034202895 -0.0308854258191686 0.0663566320472788
-0.0326331633914305 -0.0659928377492954 -0.00989304652618132 0.0502900865721922
-0.0370021549082359 -0.052227828886224 0.00463281554006929 0.0348507431499997
-0.0488597104265974 -0.0502744864051676 0.0169062086940478 0.0130608447232207
-0.0408592311665496 -0.0706821701273977 0.0294911691582975 -0.00654398018750503
-0.0179457125373067 -0.0832806351407195 0.0425056704707649 -0.0203684846939327
0.0142628939715878 -0.0990415116618057 0.0713961980629181 -0.0169731438429304
0.0612241044035161 -0.085509529197608 0.0848923282506858 0.00864754637244764
0.100977515465136 -0.0448671583527491 0.0593768169324022 0.0178702059170106
0.127012361225661 -0.0111164065303405 0.0329169938642252 -0.0045269337229202
0.115801051725457 0.0158900720261481 -0.0346719784347395 0.0286624100594932
0.122690307601048 0.000952096044544487 -0.0642282781548895 -0.0221965521399028
0.113713342081848 -0.0499797103747308 -0.0964432539713269 0.000554925629470457
0.0776046935371027 -0.0906537341266783 -0.0914731738890955 0.0318393530495483
0.0303280918185575 -0.0955958805589384 -0.0572600009781676 0.042757058797677
-0.0061022839760247 -0.0892091322141513 -0.0331424461747924 0.0379621093083364
-0.0353139851202871 -0.072871927410809 -0.0205297556807941 0.0212138944881901
-0.0370776833221265 -0.0585022558675184 -0.00991837092228751 0.00846153214827775
-0.0454591276973633 -0.0585459925250541 0.00112193085539512 -0.0108687069287759
-0.0328391354013204 -0.0792635897626065 0.0145492301219113 -0.0285038395663039
-0.00527285765921958 -0.0898626112063453 0.0326158188816561 -0.0410759002321884
0.0300962620781636 -0.101263361091841 0.0654749226772106 -0.0277504501611515
0.0758970030164885 -0.0818890554196687 0.0752869525815737 0.00824332833127926
0.111921657321032 -0.0337172943180394 0.0372691448585717 0.0242131987455768
0.133125714650268 0.00128951975614422 -0.00686312944772594 -0.00739702480353239
0.104930226420863 0.0172210843034373 -0.0774259564210563 0.0159411691477978
0.116422762765413 -0.000850892038434314 -0.095225602533026 -0.0211844064429193
0.108825386641456 -0.0518187080699978 -0.103049745563956 -0.000700568560872331
0.0705212009770479 -0.0906217092076427 -0.0857149041966147 0.0217792223633588
0.0246276572923981 -0.0909028748741624 -0.0522246134704579 0.0175138155149685
-0.00621298596591334 -0.0826890341596465 -0.0389818467283159 0.00824989368665346
-0.0320705855833232 -0.067703892845563 -0.0315843223805598 -0.00825665175438738
-0.031183989080618 -0.0562602594503379 -0.0223632890542482 -0.0185008485879172
-0.0346619537091738 -0.0589799817284782 -0.0100817579460873 -0.0372475904805057
-0.0175903115890771 -0.0767148253636662 0.00621139493982012 -0.0524010385863328
0.0109647632561142 -0.0825775337922044 0.0302770743250774 -0.0604619791206708
0.046034095205998 -0.0857267420306657 0.0629493484348349 -0.0364814260106553
0.0831260367936456 -0.0617231296397224 0.0642465604841244 0.00790822711159569
0.107951691882773 -0.0122809219595313 0.0164085845746142 0.0247093043435335
0.119533187455648 0.0168637094568465 -0.0425943975333369 -0.0154516549843176
0.0750245571765984 0.0166114668706984 -0.110066225120368 0.00556116482651092
0.0882505634089528 0.00205073067680228 -0.11635618964125 -0.0149528705666047
0.0837602326180352 -0.0396927059610791 -0.103248202768475 -0.0031923862018717
0.0521464029678636 -0.0687366190813612 -0.0787416613138267 0.00959717012167611
0.0176019805092943 -0.0671499560166545 -0.0519967034946168 -0.00533185092241721
-0.00415640715802121 -0.0619842399516064 -0.0471825464567211 -0.0168770069336305
-0.0225377864975603 -0.0521179580557116 -0.0415476047232148 -0.0314413994129301
-0.0208773411847972 -0.0449725216476894 -0.0311718865826743 -0.0418060375880759
-0.0200618729982142 -0.0492896671344967 -0.0160433481769236 -0.0620102063159174
-0.00328829510848221 -0.061819674478437 0.00814545822130501 -0.0742241531079407
0.0224639471604096 -0.0627923118073866 0.0376569053607733 -0.0758391771265274
0.0510507788612586 -0.0592114111609171 0.0652226207603095 -0.0409248271179467
0.0759125952940008 -0.0340432074579414 0.0546712565243403 0.0046521879315683
0.0882407512608591 0.00902350946600103 0.000152228945989639 0.0182749271523373
0.0892828626572572 0.0287874283564567 -0.0680727045196949 -0.0269672532471329
0.0323025917513238 0.0170793131027609 -0.126498562296234 -0.00217182922369841
0.0460742212808045 0.00921318032056576 -0.124414204541819 -0.00852022010225595
0.0463282678075573 -0.0162350890093868 -0.100392559652027 -0.00777875152473676
0.0302666288698794 -0.0322945321310337 -0.0755112644817038 -0.00166871350160332
0.0132443055322075 -0.0311149077729847 -0.0542720836145201 -0.0193891931410246
0.00393213271767802 -0.0316964220943566 -0.0544385874194525 -0.03119098455337
-0.00743456011382004 -0.0304612258164779 -0.0469811717671083 -0.0453156657570549
-0.00730337821455984 -0.0271266616166546 -0.0334967361286047 -0.0591455056541147
-0.00553184487532723 -0.031422372601908 -0.0144105877648191 -0.0802725440569085
0.00533296960091166 -0.0369037852165581 0.0173330462427772 -0.0900633503113916
0.0220414298424644 -0.0357618339154246 0.0509909983969606 -0.0843932487945432
0.0402036308881026 -0.0302275285458712 0.0705920188205305 -0.04207373770961
0.0537924042054361 -0.0103740978212615 0.0498873170594321 -0.000196680482921004
0.0560586684914849 0.0208843992865599 -0.00752638645027888 0.00834539004141699
0.0483733309628881 0.0317733796613312 -0.0815388472431776 -0.0397489520389722
0.0043187444023906 -0.0170954877309859 0.0885190293567246 0.0395916515220235
-0.0145610401847649 -0.0131622954806483 0.0272378457498195 -0.0104046213621437
-0.0227033681698549 -0.00246348674649968 -0.0443400310704185 -0.00683705596345389
-0.0151173167004935 0.00742147324177611 -0.0763228113281066 0.0260841552766563
-0.0112898682283218 0.00688304180385839 -0.0696567693337855 0.0763625236427644
-0.0102298079828965 0.00488762143336241 -0.0274953957269813 0.0956060758156926
-0.0071340677413419 0.00631944532531091 0.0102657106711869 0.0877723139435753
-0.00791101156727348 0.00512696240005648 0.0346967335622388 0.071153297309458
-0.0124345933927286 0.00542949587810361 0.0494668474646815 0.0493642613023683
-0.016611898091066 0.000323830452059063 0.0616353076997097 0.0346517141680798
-0.01593968708987 -0.00504284320094943 0.0633840603790285 0.0245820210977535
-0.0162461991425467 -0.00962542698357473 0.0740679926656353 0.0164679048063319
-0.0110677132133309 -0.0136556694854167 0.0931094348281254 0.017208279405267
-0.00229639594879626 -0.0192776591628774 0.103056392328332 0.0139255162664232
0.00952093154901635 -0.0173299609385625 0.114356013369824 0.00789270960534391
0.0433542207512184 -0.00664079294717602 0.0727691581048069 0.049127390770499
0.0261334973889765 -0.00602945389990531 0.0170054602029648 -0.00582324042424852
0.0166840253129696 -0.0111171942336026 -0.051483559167757 -0.000536883475733715
0.0146799238225016 -0.016202387048253 -0.0813722317246379 0.0302197026544547
0.00558187823521125 -0.0226120448300851 -0.0716006072164299 0.0756435665255411
-0.00701845155655216 -0.025883931904521 -0.0307862507826825 0.0931135489927157
-0.0169777597509463 -0.0211210373451123 0.00398512590908445 0.0844206525473897
-0.0199560843016477 -0.0167122632732208 0.028189169276641 0.0673998401954876
-0.0285397267073688 -0.016377791369327 0.0429578147287626 0.0439918279170119
-0.028273039467454 -0.0283244956002033 0.0549678582973396 0.0276247714990281
-0.017660495021066 -0.0373740719515749 0.059412179659058 0.0160362897436198
-0.0030756215262991 -0.0464123767128095 0.0735159849674198 0.0091001874356094
0.0190001777437323 -0.0422105460139957 0.0906054842671165 0.0143574203812975
0.0399125044877039 -0.0301699371904357 0.0917514050393542 0.0106862966325497
0.0575339970633246 -0.0162064821756934 0.0970868611813415 0.00282936429862144
0.0769439310454001 0.00486092683950985 0.0459298301146703 0.0487245556270657
0.0665846224563383 0.00160403277574708 -0.00208421043738689 -0.0095886298038704
0.0573321109960659 -0.0215920209020462 -0.0641357307298909 0.000895071030510758
0.044653919666696 -0.0411634968461393 -0.0865444821706076 0.0326043356217283
0.0213825574854065 -0.0523718138660584 -0.0697161199287022 0.0702227538639487
-0.00358855534851569 -0.0542835880441935 -0.0319474016387986 0.0812020656723467
-0.0240958478575567 -0.0457436305854675 -0.00292355508740358 0.0707411654311514
-0.0289929047767388 -0.0369050296327904 0.0163717914291271 0.0541832186785777
-0.0403248909950147 -0.035063273273924 0.0309976298574151 0.0316028642041932
-0.0370270917143544 -0.0520164056323174 0.043034983542131 0.013149036804318
-0.0193282131408133 -0.0626523330713888 0.0517675579542356 0.000673707669731152
0.0051073543646873 -0.0760538347681528 0.0718593083441776 -0.00257559865031967
0.0416257900507889 -0.0671265156508483 0.0868220142270973 0.011970351086979
0.0737183952022133 -0.0393136135356747 0.0756843076589086 0.0123468261755047
0.0965371158039573 -0.0144607007433594 0.0680332440445273 -0.000971310142404306
0.101217558271819 0.0138080629797234 0.00956394996583521 0.0397545022712494
0.0997342157339701 0.00523495995569122 -0.0284870484539134 -0.0176440174942942
0.0906504801132502 -0.0346525460554925 -0.079203795506742 0.000183395368070354
0.0659559271179013 -0.067730881438345 -0.0890718801506558 0.0330372733139352
0.029570520653176 -0.0770898458952536 -0.0631189721048516 0.0582533951818787
-0.00257161409802178 -0.075553649113526 -0.0311348557295791 0.0616190932878495
-0.0295418335331178 -0.0626983953809831 -0.0108328776971175 0.047807895294136
-0.0342039835475227 -0.050652829331155 0.00342466740078307 0.0334822541901835
-0.0449871878056919 -0.0487709990617733 0.0160648372920138 0.0126129500195753
-0.0377002787459172 -0.0679599208445314 0.0280005974055713 -0.00490332323150662
-0.0158503938616452 -0.0794199839718222 0.041808041663298 -0.0183420474843595
0.0150982015979075 -0.0934460053048825 0.0676590640524298 -0.0148874184561568
0.0598612824244128 -0.0804167272851741 0.0801426018467555 0.00997229265354286
0.0960284406260402 -0.040901203679551 0.0563349244392935 0.0181758618982131
0.120201472585261 -0.00859418049512394 0.0310986773035043 -0.00271414634979583
0.109501968110866 0.0174817432378224 -0.0333047520375023 0.0269188693827521
0.116486951375476 0.00321740533286706 -0.0592381606781627 -0.0228109365890336
0.10830822997308 -0.0457581680373477 -0.0908782192706024 -0.00185860614570156
0.0744966663397237 -0.0849633601637879 -0.0875826669089955 0.027771830462656
0.0301468098466498 -0.0905475144279925 -0.0552246649673423 0.0393608349197965
-0.00440841657548975 -0.0846651749646821 -0.032514326350643 0.0347802781031105
-0.0317890270646609 -0.0697340369265005 -0.0206502716970813 0.0201750127692099
-0.0339532773978943 -0.0567966050100435 -0.0100225156532618 0.00812305964904105
-0.0414619301189359 -0.0564725917256843 0.00154662340604025 -0.0107133606582938
-0.0291936501530265 -0.0756497766957409 0.0142258298645233 -0.02643645364649
-0.00410971710263911 -0.0852604297521568 0.0325753029326897 -0.0376507398113493
0.0307994795792825 -0.0954381344332602 0.0622424877531365 -0.0258200488048107
0.0733239495112572 -0.0764907401856719 0.0717204585975009 0.00991221043355288
0.106429557772425 -0.0295526891252803 0.0353222955202599 0.0234165159250985
0.125259313970193 0.00336593465714642 -0.00621037340275881 -0.00686816820115521
0.0986915119569455 0.0182564530944638 -0.0738387849774172 0.0132096991948502
0.11041349897294 0.00180609119137391 -0.0889378104290816 -0.0224329782411172
0.103267639184258 -0.0474983002889304 -0.0970076270486645 -0.003891891471221
0.0682802764228644 -0.0846379148032785 -0.0813735266151244 0.0186740374300216
0.0250128048293507 -0.0861377288828442 -0.0499546483974386 0.0152254460353389
-0.00490992138181945 -0.078477603628207 -0.0376398040560067 0.00583322475861793
-0.0286564223447612 -0.064820551516198 -0.0306930389481917 -0.00810494614313157
-0.0284955412341438 -0.0538890476748646 -0.0212482407782218 -0.0178615584947251
-0.0314971048974316 -0.0563161246430291 -0.00920480379929585 -0.0355061839679443
-0.0155509390447482 -0.073153617049598 0.0075778723094387 -0.0493242683488055
0.0116812118758065 -0.0779272318543198 0.0304212597759027 -0.0560600144092715
0.0450696551075146 -0.0805702051594146 0.0605551970778086 -0.0331273702688076
0.0790065225186589 -0.0571472219517918 0.0610076502049792 0.00882877640936202
0.102488654843813 -0.00937174252823361 0.0154042392051293 0.0235825920276609
0.111925905471465 0.0179376230787005 -0.039630049508769 -0.0151841033838022
0.071039292815868 0.0170828843201888 -0.104716263381267 0.00231165105014528
0.0837622743298886 0.00338280523428754 -0.109389578738362 -0.0172439933108434
0.07928646010372 -0.0363106644907638 -0.0972963440775581 -0.0060363103595211
0.0507548173527913 -0.0649053912840727 -0.0752707450549426 0.00651108500918448
0.0180008813042957 -0.0635689098006213 -0.0491607711645623 -0.0064892512561406
-0.00305082814971891 -0.0588595909290711 -0.0444114213956065 -0.0172585475569564
-0.0202199834764506 -0.049652114967367 -0.0400788436630016 -0.0304751265380749
-0.019124256671481 -0.0431137442234621 -0.0291857085690254 -0.0402740961042544
-0.0177500639614887 -0.0472550075703257 -0.0142180527514748 -0.0593170170493187
-0.00172398501586838 -0.0587082134061265 0.00916647872794175 -0.0703462709865412
0.0222784625404739 -0.0593265379520448 0.0380391952571024 -0.0706522709102608
0.0496230195604648 -0.054885201768006 0.0630364097605649 -0.0376572599492289
0.072288041655772 -0.0310495855040431 0.0522089104886949 0.00577528084117516
0.0827114024451465 0.0108141498454239 0.0008292784453902 0.0175401162400658
0.083416099575716 0.0286987015982558 -0.0637027284041634 -0.0271526623108658
0.0300662972217211 0.0165568686282101 -0.120023688186164 -0.00566506322773099
0.0432227663681689 0.00986349012669056 -0.117295296944952 -0.0111744804075669
0.044040996340528 -0.0147338794189456 -0.0940443031371323 -0.00973959386761576
0.0293145962544238 -0.0303573539181089 -0.0711321690478187 -0.00334680330509552
0.0136481076486766 -0.0291560979204001 -0.0508860842099874 -0.019801796813433
0.00442166305259019 -0.0300006909060277 -0.0513342663413259 -0.0308221885048794
-0.00597353489202906 -0.0285466740555334 -0.0448953207793427 -0.0441498019921249
-0.00658024343313279 -0.02553439676106 -0.0307812948173049 -0.0571622165034092
-0.00426002523906442 -0.0292693957221086 -0.0120798620360698 -0.0767019425153281
0.00609867208062607 -0.0344499407694781 0.0181393681226684 -0.0854204299237702
0.0209769664648733 -0.0336567118290531 0.0499326604545129 -0.077879837270424
0.0384054572530574 -0.0277147305191574 0.0678608997324411 -0.0386212424763478
0.0507557980537314 -0.0089742775586193 0.0476925511741493 0.00129405951119034
0.0523996506147477 0.021246767516314 -0.00601332318325752 0.00809773516245891
0.044740853066294 0.0302625351353263 -0.0756601157573124 -0.0386795982553956
0.00472182994630103 -0.0170988264242095 0.0849996357197426 0.0424620933432432
-0.0136798570476094 -0.01395116019562 0.0271587374842191 -0.0100088417110085
-0.0221755310071362 -0.00325691092213148 -0.0429529042901109 -0.00936238963811194
-0.0154545632957354 0.00623800661338304 -0.0762155466978044 0.0221595467183527
-0.0115641365851771 0.00629967523636475 -0.0718455209557827 0.0724866820620383
-0.0105392625843204 0.00479913430702637 -0.0311124917757153 0.0929399850604007
-0.00755214752519232 0.00546350674072104 0.00720736152472569 0.087090963642472
-0.00821140728118487 0.00444524134181984 0.0320150836202424 0.0718373955656991
-0.0121743758542502 0.00424385340408426 0.0470503977658715 0.0513551075148629
-0.0167607079406998 -0.000552695392528258 0.0591602551640221 0.037174087498512
-0.0156327541719803 -0.00506579526850955 0.0614800632614151 0.0268984023895559
-0.015475997406935 -0.0104819662207901 0.0714070385015731 0.0197623677173354
-0.010268308654523 -0.0142381564804772 0.0904397493714089 0.020631608264716
-0.00127332906300168 -0.0189590228612741 0.100834746245739 0.0181791213671828
0.0103918550605131 -0.0157179319887482 0.112303405520607 0.0127282394171952
0.0424966181442317 -0.00504764130345899 0.069927705192089 0.0516347069509843
0.0260360794180767 -0.00487082262467717 0.017105160465782 -0.00538000126981985
0.0165259617711526 -0.0107979437442081 -0.0502924016929377 -0.00360845596836039
0.0147440998255275 -0.0155402368666609 -0.0810568668042964 0.0251479080470962
0.00648289299830651 -0.0227391325769702 -0.0743934004489022 0.0712379599707196
-0.00651395398405681 -0.0255563298210766 -0.0343760391003432 0.0902291305584817
-0.0158776226050268 -0.0215477905315586 0.000857314630476613 0.0834190932883298
-0.0190584716891507 -0.0179622131478443 0.0251434678636357 0.0675624667224613
-0.027509898239153 -0.0174470079631943 0.0407688753883479 0.0454380199288243
-0.0267358986722655 -0.029300251927177 0.0535411379989661 0.0297776275748869
-0.0161848162469065 -0.0376021370324641 0.0579906371283302 0.0185762333394846
-0.00143853281570466 -0.0459571739783192 0.0717525575742968 0.0120180530134998
0.0206273230007157 -0.0415445367779053 0.0883252851416079 0.0182991279465792
0.0409388843050052 -0.0275386357636535 0.0900853215901382 0.0144602127850906
0.0575535921372466 -0.0135410323094347 0.0957021775102403 0.00750297221532866
0.0756995080543014 0.0080463627410309 0.0434540831294767 0.0499102847114558
0.06598682120986 0.00459384990511851 -0.00155749115415297 -0.00978047956320749
0.0565467219438846 -0.0190560013412606 -0.0626963218275393 -0.00281385358546787
0.0446346175098328 -0.0393907056161995 -0.086067633271967 0.0275458151018827
0.022696552085577 -0.0510833144277965 -0.0717008899567547 0.0663129703205627
-0.00205497940075978 -0.0536028600774864 -0.0347248528733088 0.0784964226842355
-0.022338535698406 -0.0461872465495441 -0.00587688767905361 0.069502910522492
-0.0274462715636013 -0.0377646785043806 0.0145284464804289 0.0544543292398228
-0.0383710174590213 -0.0363820154234803 0.0293070162249468 0.0327912861722217
-0.0342683928815644 -0.0525252750340659 0.0420898046162504 0.0151101330534038
-0.0170691201390662 -0.0627266805475688 0.0512730409608433 0.00295695463304701
0.00800952142154359 -0.0748127968936954 0.0704357494701576 0.000149084237857102
0.0432932041375925 -0.0651399192944526 0.0849948826251241 0.0147393821658
0.0738581791248975 -0.0363121692458571 0.074604623284243 0.0150524883753435
0.09530612285032 -0.0104190798037142 0.0675273439897016 0.00249956314869604
0.0990891475449001 0.0173873172764541 0.00785276673281023 0.0395645064939038
0.0983992340603192 0.00905221408225308 -0.026929320294594 -0.0183118732007352
0.0902367554643087 -0.0309782353391989 -0.0765851991121432 -0.00413604678590502
0.0671414695009961 -0.0644155545776534 -0.0892346245203145 0.0282637602230153
0.0314705356066331 -0.0759536029304188 -0.064477669040046 0.0547001101538141
-0.000711945364211319 -0.0743043940119996 -0.0331667468600816 0.0591369361313834
-0.0269570514279924 -0.0632191776683992 -0.0133142244707638 0.0468894386982172
-0.0318646332152754 -0.0516816835848569 0.00236314896003142 0.0335920453026663
-0.0426204523329035 -0.0497661640162289 0.0150013517797455 0.0133708072146647
-0.0347343076534641 -0.0680977577662482 0.0280997818174812 -0.00359078964075074
-0.0127382135785927 -0.0793051597296618 0.0421718680698591 -0.0154833564957762
0.0194536003467191 -0.0915542872043815 0.0664325392099012 -0.0121545589902599
0.0614818314858429 -0.0775961072218722 0.0790643766693522 0.0130315084545736
0.0960852076826169 -0.0362447575141965 0.0552866751370762 0.0202748512973516
0.117670364838752 -0.0031090598721797 0.0317994896414497 -0.00075275842294462
0.106686797255443 0.0216822670752071 -0.0332890113092016 0.0243106226716566
0.114852998456679 0.00795153507859499 -0.056897108707906 -0.0255013308575554
0.10764422069836 -0.0412539931063284 -0.0882133768980219 -0.00595492318208427
0.0759459309797392 -0.0812895421589648 -0.0867022078445808 0.0233988095469329
0.0324397913703722 -0.0892001337323119 -0.0567895819611694 0.0360239408656125
-0.00170501541841868 -0.0837934401313274 -0.0338667851704533 0.0322783531521055
-0.0287413691309059 -0.0700389812465661 -0.0218552641762505 0.0189548606242228
-0.0315639076422004 -0.0574893493838437 -0.0103861064797672 0.00812476498142158
-0.0382234874343274 -0.0566693472447015 0.00141988097885826 -0.0103906746127819
-0.0262910158380753 -0.0757931888935181 0.0152641582937741 -0.0249358479227791
-0.00102344131327352 -0.0841899519886041 0.0342826141683226 -0.0351886821531182
0.0335342176212583 -0.0926542162470068 0.0621188807478941 -0.0232350517077482
0.0742093451219376 -0.0731631731572924 0.0706887742684617 0.0127973495867748
0.10566233064891 -0.0249200009619209 0.034279364734186 0.0251229840428592
0.1219992291343 0.00837898297632736 -0.00518753041684877 -0.00623004089607333
0.0968829750006824 0.0217131714151264 -0.0727065733382429 0.00953599303731337
0.109177131233192 0.00640093915378672 -0.0856417935329013 -0.0267500213096581
0.103645718014144 -0.0433837141883476 -0.0945897352050697 -0.0079141796029154
0.0695552882320882 -0.081441466277801 -0.0802575796222445 0.0143141282688337
0.027578482161737 -0.0844316790434924 -0.050307612465131 0.0122692989691312
-0.00257447911407885 -0.0782547023964744 -0.037712056887114 0.00379266202771536
-0.0258841853226365 -0.0645224130873478 -0.0307944832082355 -0.00832637172219356
-0.0259955215353681 -0.05410682861774 -0.0213590917855641 -0.0185778068715269
-0.0279803736564377 -0.0564564501280113 -0.00822319422135179 -0.0359083208591228
-0.0123638486762559 -0.0721590386924967 0.00939717854150197 -0.0477904262275565
0.0141114677167702 -0.0765844299197313 0.0326811134891555 -0.0536687700496257
0.0478289914636213 -0.0778342593760465 0.060694856185799 -0.0307812778077648
0.0796662239592254 -0.0533065180527739 0.0601747295689857 0.0113867927517551
0.100692648737938 -0.00491047780096863 0.0148252687480446 0.0240681789667379
0.108675191166507 0.0214973822103512 -0.0380213310831907 -0.0161997257371674
0.0691081146500884 0.019682269356315 -0.102520712880591 -0.00294373427713604
0.0819027835469267 0.00658866812698462 -0.105646040453534 -0.0215155489269472
0.0793499966465515 -0.0331185401897515 -0.0947577652543802 -0.00965549349315443
0.0522211083674902 -0.0626824772888854 -0.0738573208559094 0.00330007775323756
0.0195889464137358 -0.0625810814637102 -0.0483120901456808 -0.00893553488535425
-0.000825576141486406 -0.0584404769458827 -0.0437385179270461 -0.0195273526987941
-0.0177158989232304 -0.0497047262161867 -0.0389666099345578 -0.031408692929408
-0.0167174789037257 -0.0435128308329934 -0.027950075879035 -0.0413340836897224
-0.0153937159248985 -0.046677749258541 -0.0115988342611077 -0.0589782778324728
0.000451068297200521 -0.0577993387325621 0.011917082571773 -0.0684930029100249
0.0236837988553214 -0.0577455651564486 0.0397332938400622 -0.0680477236038495
0.0508304151064216 -0.0522493246132127 0.0631352707376 -0.0346003203910058
0.0717101394302243 -0.0275472914524632 0.0513421341971965 0.00785849541278222
0.0814315149440024 0.0137613354610477 0.000546409061143967 0.0173102580542927
0.080254883876128 0.0308836600120882 -0.0611869470452534 -0.0287304340545691
0.0289623957199024 0.0176574173072399 -0.118612232142224 -0.0115048651821696
0.0416890863069072 0.0112846001336577 -0.113507523863937 -0.0161875141540044
0.0438582757588836 -0.013107232768412 -0.0919283439158987 -0.0139361272241833
0.0296773415668193 -0.0291949884912899 -0.0697743907508255 -0.00710383136512094
0.01392287597799 -0.0288060244667147 -0.0497145764818911 -0.0223186495815387
0.00513690473176249 -0.0298133738649042 -0.0498170910862721 -0.0331547425594378
-0.0045625212341184 -0.0282109159882666 -0.043425170733669 -0.0453797051812139
-0.00533334387621888 -0.0254364599414166 -0.0298243079645424 -0.0576523931901489
-0.0030547363711559 -0.0287016122250207 -0.00870402937017634 -0.0767075416712498
0.00741548529468207 -0.0336026857204018 0.0213936759810499 -0.0831887677098067
0.0218286328435286 -0.0326315538540155 0.0524845347329932 -0.0745726382182423
0.038601072863027 -0.0257228088239435 0.0684064944193491 -0.035180226086874
0.0498188962911512 -0.00661005638110183 0.0472932510725665 0.00378721050168757
0.0505100386616352 0.0229806412796453 -0.00584362613810746 0.00797940216550274
0.0421191948757489 0.0312050731615352 -0.0728461130810845 -0.0412675525137768
0.00491874106820788 -0.0175166668291482 0.0854385678404123 0.0466316267829988
-0.0138855973814711 -0.0151367432196714 0.0283526401593136 -0.00963071332562723
-0.0226754994831133 -0.00402115914137375 -0.0433404040611391 -0.0123229206214679
-0.016123788952684 0.0063011026848492 -0.0789561461160996 0.0195309852615966
-0.0118484871458065 0.00642766972224415 -0.0762067421050448 0.0720251094434654
-0.0107751601812908 0.00488518471696404 -0.0348307527305305 0.0944623876716347
-0.00826989101443244 0.00507371033523338 0.00440530214768379 0.089146360434998
-0.0088098874579969 0.0041271589256373 0.0312307239475802 0.0746190027270358
-0.0127528847655124 0.00388678076216902 0.0476317134258015 0.0545202892852177
-0.0169464059492513 -0.00123471093404378 0.0600163183120717 0.0402149559910447
-0.0151339829210989 -0.00592160584194164 0.0622542285586545 0.0301731318284802
-0.0154450742975443 -0.0110383760638662 0.0720177093822565 0.0224955434190002
-0.0103672704145396 -0.0150272757366001 0.091939764005765 0.0243561751868711
-0.000440975750390532 -0.0192866771833404 0.102218109381969 0.022017839764293
0.0115055816514748 -0.015558152611251 0.115580824374491 0.0174026438169257
0.043600324897846 -0.00384847455803487 0.0700285007235952 0.0557913679480762
0.0272617395183803 -0.00424455232351558 0.0173113279736188 -0.00574306314452759
0.017363681484179 -0.0105908320157227 -0.0509680258223263 -0.00612807533908892
0.0156256993965788 -0.0157308378924158 -0.0836890917266881 0.023033108927159
0.00676910638741143 -0.0235065097955037 -0.0781907577349706 0.0711896464951397
-0.00632370882947757 -0.0263423773698046 -0.0382233842595782 0.0912987497257254
-0.0159773784741534 -0.0229659968371514 -0.00175728477820486 0.0857592190904406
-0.0192160175834254 -0.0193392463060724 0.0247752337190242 0.0709009980199418
-0.0275854145935175 -0.018884058193944 0.0414754485492841 0.0485703350125911
-0.0266413644888364 -0.0313944747031237 0.0541320678438106 0.0327496764419405
-0.0151564301237307 -0.0386564821617244 0.0596059752800693 0.0212432964442121
0.000117208689495082 -0.0469936043389913 0.0724584310742776 0.0152521602382609
0.0219578575861672 -0.0423708632342049 0.0896715237484387 0.0215510140701717
0.0429791060436878 -0.0267365383047311 0.0915610743848811 0.0175463532847521
0.059200049233499 -0.0116651146570522 0.0984981990103192 0.0115126986707066
0.0772339343984946 0.0106995455732827 0.0434727128077265 0.0530897274846718
0.0678585901809996 0.00655501817677742 -0.00104700535556757 -0.0109192542739712
0.0583527689109947 -0.0181255159912758 -0.063873773791628 -0.00572421107507617
0.0467503911159215 -0.0394071302101056 -0.0894114570530426 0.0252426937690589
0.0242266888527411 -0.0520054463749265 -0.0759404813879804 0.0656622463531008
-0.000994803264634941 -0.055078235475432 -0.0385295232085748 0.0792081418998965
-0.0217404210864977 -0.0480785920133349 -0.00870598091892135 0.0714421483825067
-0.027448680348285 -0.040114541426287 0.0140375147122224 0.0565378631504085
-0.0376881474859951 -0.038337167126681 0.0298913338728739 0.0349850584984494
-0.0337609597205321 -0.0557807821200846 0.0434337878331608 0.0174751767381825
-0.0154707860068347 -0.0648672034493533 0.0532193886631982 0.00505291169314987
0.0109066549686738 -0.0764125161026107 0.071302182244419 0.00263642559841304
0.0461528742028118 -0.0657467690449886 0.0866075129561625 0.0179630213247282
0.0770424088855591 -0.0339745611685741 0.0760097818744481 0.0178960187723376
0.0976415752633579 -0.00791025655450921 0.0695540280354917 0.00572112403020158
0.100827871966147 0.021221502671389 0.00728933493274917 0.0405027029921862
0.100927751795083 0.0119408298048095 -0.0264518633300204 -0.0208630093707142
0.0928573093495893 -0.0293506499027871 -0.0780255257269704 -0.00765804394031469
0.0701663863940551 -0.0646547928124037 -0.0920581924328998 0.0255424320546635
0.0337516512404973 -0.0770599875553479 -0.0684534497341524 0.0542375285963613
0.00091094119587269 -0.0769320443724058 -0.0360697890700444 0.0590679226858491
-0.0260487489666034 -0.0658094837098802 -0.0154131705510535 0.048244240036154
-0.030932990966624 -0.0544710171328348 0.000942334051391219 0.0347430773618368
-0.0414096474078653 -0.0522192430502215 0.0155750231418327 0.0140860280790232
-0.0341101550113444 -0.0714096536600718 0.0294915605286203 -0.00178360041772772
-0.0109274235566671 -0.0819561816253531 0.0440754873764618 -0.0144847550107166
0.0225259675238629 -0.0935886045398837 0.0686408777118262 -0.0105910160238732
0.0649156055211378 -0.0777673975470056 0.0804294203996644 0.015674203497341
0.0995429385141252 -0.0338652949866945 0.0562714430467729 0.0224620251938519
0.120505240303931 0.000210504550418985 0.0330859135629268 0.000327596670487752
0.108904246272092 0.0258244364932774 -0.0338437210540226 0.02330139945712
0.117572627098164 0.0115769307849438 -0.0564154730558045 -0.028388311417458
0.111035408603891 -0.0394298588622809 -0.0897542720815896 -0.0104914895460304
0.0797277524504024 -0.081527589487944 -0.0895875973876708 0.0205924051696672
0.0351462310663328 -0.0908209340179524 -0.0593900746597286 0.0348308812908018
-6.8575561591378E-05 -0.0863397505741936 -0.0361136933020095 0.0312049414231384
-0.0272676649215173 -0.0722591224442878 -0.023641515110506 0.0194344556252104
-0.0303035269739404 -0.0601928524071343 -0.0112011528952636 0.00829424513580445
-0.0366774109594016 -0.0595425389662005 0.00179797496863199 -0.0100335362751172
-0.025006192566536 -0.0784283709552572 0.0170473884245678 -0.0246941148772568
0.0008880882598948 -0.0868153636767746 0.0368796295891697 -0.0345747536932718
0.0377632024837746 -0.0941763665214337 0.064021905752062 -0.022119580669504
0.0782074150552263 -0.0730307833070332 0.0719455961263821 0.0148609538096913
0.109018920920555 -0.0218624255069776 0.0350202789671733 0.0263039592507524
0.124415730321635 0.0120385820062208 -0.00456259748734376 -0.00630929748166434
0.0986103894686242 0.0257170883003872 -0.0741989539447725 0.00679387863185949
0.111664088454432 0.00949370899837593 -0.0859768377690735 -0.0304242570497531
0.10678111890355 -0.0418251637706587 -0.0958974975912168 -0.011774964727555
0.0733157357416159 -0.0823487850751713 -0.0831517914423302 0.0113633803036179
0.0301968256675048 -0.0864662424347421 -0.0527136393419296 0.0104368363056988
-0.000616354250460216 -0.0802519067869621 -0.0391931958767761 0.00210407577743956
-0.0243031822580685 -0.0669896528852165 -0.0326219656034816 -0.00919182527444167
-0.0245302651436183 -0.0566466193602812 -0.0215842227647312 -0.0194688735832134
-0.0267734090282178 -0.0586465867967976 -0.00722579340454018 -0.0365113481563138
-0.010495649323084 -0.0747581695816491 0.0115408770466692 -0.0489791246004327
0.0161541315683717 -0.0785413343439338 0.0353939811088225 -0.0533052772493376
0.0511169100966579 -0.0784170647765014 0.0632200792643966 -0.0296700701018359
0.0827365077619371 -0.0526246876770672 0.0614884566481697 0.0139795982949714
0.103439251055117 -0.00159300994831181 0.0152042257206389 0.0248108907972388
0.110056179374088 0.0252657673926887 -0.0382719864598606 -0.0170742305757531
0.0702443765557115 0.022437037606363 -0.105025604112925 -0.00661341623557427
0.0837048364163518 0.00953958966036452 -0.106674510327797 -0.0268962078182777
0.0819081455395397 -0.0317552878831658 -0.0960305758367426 -0.0135458454515247
0.0548783045629064 -0.0635706200825758 -0.0748547676615134 0.000477148405848823
0.0223525805409386 -0.0643265639894088 -0.0499916150891911 -0.0115924309920314
0.000446150580333576 -0.0603195282786594 -0.0447770991203388 -0.0220529154094109
-0.016444748131003 -0.051486056659017 -0.0406249341479854 -0.0326543125966762
-0.0158902134648063 -0.0444486783640531 -0.0286517737705247 -0.0429318718133807
-0.0141778170820297 -0.0483389451732213 -0.0107704459986694 -0.060909986830423
0.00242605916105458 -0.0589286920943196 0.0146554748424528 -0.0698216387958386
0.0256104200676481 -0.05883877710165 0.0430089135731246 -0.0676020399219366
0.0541124065737256 -0.0521769498415785 0.0658405388667019 -0.0331675209255113
0.0740066600719599 -0.0261068641440357 0.0532114245672133 0.0102211353800819
0.0829208508029043 0.0167038132632405 0.000539304948861651 0.0178129052896862
0.0805580592162877 0.0336480160834568 -0.0616517896264068 -0.031366426513637
0.0292758499278299 0.0186376825775837 -0.120889572671219 -0.0163065181042706
0.0426671225102933 0.0124520322785398 -0.114982346681922 -0.0209532730755004
0.04446728598995 -0.0122092693604819 -0.0927963958413583 -0.0172676146169171
0.0310224000416575 -0.0298078312941558 -0.0706825827288333 -0.0099027293471787
0.0157428266787436 -0.0294198628060487 -0.0508512991483085 -0.0258778250425709
0.00622359647756086 -0.030647993085054 -0.0504098366821788 -0.035958908137838
-0.00394778904585092 -0.028938589908632 -0.044335571243959 -0.0475187633922108
-0.00432255048468446 -0.0262621206503667 -0.0297003673939383 -0.0599869967871465
-0.00195965562773178 -0.0292752903843459 -0.00724250369563919 -0.0787868902890282
0.00871125029458542 -0.0339979101152422 0.0248626262950554 -0.0849514269156616
0.0230758063905709 -0.0324597079465449 0.0565441923505834 -0.0745197509744961
0.0403923404586256 -0.0252688142648608 0.0715391333177257 -0.0338109767477348
0.0509199979518298 -0.00521250261207825 0.0487165518132584 0.00566643559198522
0.0511070257356817 0.0250896100955804 -0.00562910834946825 0.007727614597656
0.0413850762992075 0.0326979458378974 -0.0730316334680193 -0.0443214618852877
0.00465576303664157 -0.0183883167632283 0.0902344905023699 0.0488588755168505
-0.0143867514379954 -0.015601068827948 0.0286227256337921 -0.0105388149948134
-0.0237549269120612 -0.00414388952715639 -0.0454769357891775 -0.0137587895556686
-0.0171003129378897 0.00655329772993077 -0.0828394290713251 0.0201555477198564
-0.012242809544858 0.00632227452452646 -0.0800701440942399 0.0768852907847401
-0.0114403331096466 0.00508121783455985 -0.0371794496895699 0.0997957475733221
-0.00917824050344148 0.00504975850167687 0.00520716660869484 0.0937418024684343
-0.00922056593450002 0.00386640470190068 0.0346902494068377 0.0782586560567729
-0.0137768892779208 0.00324101836685581 0.0512658061877998 0.0573990383221941
-0.0178848247097649 -0.00167410235512246 0.0642169265040183 0.0423487115437049
-0.0161259878575101 -0.00608033571608801 0.0651580795546775 0.0311169144793857
-0.0162779578112692 -0.0115106398069806 0.0757470266674975 0.0246189431410816
-0.0107457499470599 -0.0163547589564454 0.0959323332238016 0.0249116435287148
-4.3050148338687E-05 -0.0198718479092018 0.106912978335353 0.0232700539038808
0.0122622758685729 -0.016334163685973 0.12182039168327 0.0190875436399667
0.0455017000275386 -0.00422203336737906 0.0741381649485982 0.058070078207223
0.0290346542433341 -0.00512488193522494 0.0179874740428338 -0.00651606605177313
0.0183968539433492 -0.0115260409328041 -0.0534465664892106 -0.00747542811733216
0.0157392908259368 -0.0171308679951244 -0.088181180544247 0.0237181830327418
0.00651449775149378 -0.0251311149993969 -0.0823225605347769 0.0755629907362215
-0.00684702438553275 -0.0275468689990384 -0.0403287296671417 0.096238178081853
-0.0175537122245506 -0.0246810137765114 -0.00131118716599429 0.0902003009165041
-0.0206714103046453 -0.0210779247415405 0.0271253486706143 0.0744004718511938
-0.0288216437935653 -0.0205530451973397 0.044464771838661 0.0513784808131818
-0.0283058224264268 -0.0328438533510025 0.057595474223867 0.0342482095024599
-0.0162946645673674 -0.0408531795820604 0.0627726445276238 0.022581079990738
-0.000138076706334533 -0.049838724205309 0.0763418593705386 0.0154910396783423
0.0226789551012498 -0.0450225172856865 0.0941965252020374 0.022364084081507
0.0452196588143182 -0.0281436547150355 0.0959081275549483 0.0179984144316026
0.062305206894561 -0.0124420449486933 0.104159260199593 0.0119276950096601
0.0807664071576086 0.011151090344349 0.0463065320083415 0.0551002460433235
0.0717822557960699 0.00637766292211304 -0.000873694452973393 -0.0118692357325456
0.0608258457498421 -0.0197466025475097 -0.0665333843955121 -0.006701509205399
0.048221493224599 -0.0423414793131498 -0.093737441360301 0.0263089046391066
0.0246558814711042 -0.0556188350791498 -0.0793228462718887 0.0696569324517776
-0.00193638664773554 -0.0570808658190187 -0.0408927138652639 0.0835612234589485
-0.0235619576187511 -0.05015546130307 -0.00870837039221001 0.0750986042329476
-0.0291520746315623 -0.0424466419828252 0.0151509714482327 0.0602369857659655
-0.0399761117996013 -0.0408388173238438 0.0320683230986853 0.0368299552274505
-0.0360976749820267 -0.0579771778894557 0.0459811844513463 0.018538500144595
-0.0170376199871915 -0.068290131247894 0.0559159482939506 0.00557589260932969
0.0111925076849166 -0.0805452294456683 0.0747507722232984 0.00289920003821723
0.0481592653176548 -0.0701921139768626 0.0908716916168444 0.0183324926072268
0.080579919098458 -0.0359762361600496 0.0800800999633418 0.0185048723183822
0.102189483070711 -0.00792164927380781 0.0737763167548717 0.00626404154349362
0.105636757427127 0.0220761490117257 0.00853792412542697 0.0422193888099079
0.10611403085382 0.0121583247178554 -0.0271810732831327 -0.0220757079587902
0.0969994698788471 -0.0317409675900303 -0.0810177292579137 -0.00882220784286324
0.072876449397119 -0.0688824203690633 -0.0962603221294386 0.0262879793275758
0.0342755360655475 -0.0819105252892077 -0.0722324747293751 0.0572405193954479
-9.14005874857525E-05 -0.0806406721770469 -0.0387821688229854 0.0618512088487486
-0.0278685792970859 -0.0690919218704489 -0.0162433584168473 0.0513380634684766
-0.0334303592521475 -0.0570974031270195 0.00167352068506691 0.037354903941343
-0.0432293012819018 -0.055147939400986 0.0166660464109206 0.0152451053090028
-0.0360565550524714 -0.0752049177180207 0.0314820978143167 -0.00181397788607843
-0.0123405592049067 -0.0857694787777083 0.0466872456798128 -0.0152183305974047
0.0230785565636386 -0.0988858062400723 0.0708803735202692 -0.0113839204855709
0.067346646046344 -0.0825790778691603 0.0851386868651993 0.0159793794374364
0.104213985821017 -0.0363635326481958 0.059284822335206 0.0232138565517956
0.125896745767493 -0.000806435874546191 0.0348639803193725 0.000576903780679011
0.114179870572971 0.026461640546274 -0.0350331060760001 0.0239419989346281
0.123632381623202 0.0115132139779818 -0.0592000407692801 -0.0307721092036119
0.116142938999584 -0.0425231660193006 -0.0929790244605819 -0.0114909635035655
0.082882210026815 -0.0869337835642136 -0.0937874666532185 0.0214231529673093
0.0357164595585882 -0.0963896432334203 -0.0632543847400482 0.036831838486359
-0.00125920230098115 -0.0907066878320707 -0.038565389779888 0.0326781808820684
-0.029385007450487 -0.0757846395244435 -0.0253440839224637 0.0213000653132085
-0.0324654702309456 -0.0632157649376956 -0.0119697049000774 0.00903293211431327
-0.0393249282407738 -0.0623118011223011 0.00191120754014877 -0.0103602665937571
-0.0267282950990797 -0.0828803409214821 0.0179379899125602 -0.0260470401434961
-7.9233687293013E-05 -0.0911184912636917 0.0386896088691206 -0.0361056756110192
0.0388160825047906 -0.0995356329778698 0.0670010308736058 -0.0237345087475748
0.0810357306664201 -0.0778606692511544 0.0765387195908426 0.0155075680841731
0.114412240076432 -0.0234407660964801 0.0378584134001368 0.0272918994204137
0.12986591979055 0.0119350111110747 -0.00446067789279271 -0.00613156566738006
0.103285684410763 0.0262802978541253 -0.0774269823943813 0.00645982463588624
0.117400979629287 0.00903104142847464 -0.089282306896502 -0.0327346921773109
0.111089894502823 -0.0447432961918058 -0.0996551647268365 -0.0133150791630305
0.0760593123945721 -0.0874032126276759 -0.0865732682251742 0.0114943883303422
0.030411436542441 -0.0915471407124197 -0.055375072758217 0.0107476266584114
-0.00179169007796486 -0.0844830994260263 -0.0415592455435462 0.00153806126916585
-0.0256474746388025 -0.0703926773316538 -0.0350820631096355 -0.00847720803296324
-0.0264546886944001 -0.0597065934054935 -0.0234290222394432 -0.0194786619593859
-0.0283058801206268 -0.0619936000972595 -0.00815610283506973 -0.0382352390047952
-0.0116897216974046 -0.0781130953248233 0.0125182018834217 -0.0511208992595648
0.016532482222984 -0.082742660388306 0.0379115847977832 -0.0560335325256784
0.0534894170845138 -0.0827228547873331 0.0656989037510292 -0.0315073374743282
0.0858135870521056 -0.0562369747004176 0.0655018945850243 0.0141852894319357
0.108370312033784 -0.00225701125174138 0.0168929009968893 0.0264061495756319
0.115266038899891 0.0255847344041977 -0.0397835750291543 -0.0176107503004468
0.0737919334673358 0.0226735813462335 -0.110635507738354 -0.00812974185822333
0.0882143749524685 0.00881807840756787 -0.11082440966802 -0.0290786159320408
0.0852827718238546 -0.0343160631121763 -0.0998888730743936 -0.0149196052509935
0.0565390990018495 -0.0667986486669889 -0.0788505293631633 0.000327103012296428
0.0220226846646417 -0.0682765008530134 -0.0528603644268116 -0.0123912437883832
-0.000561926124562456 -0.0632451906631217 -0.0476202994079026 -0.0234159311740401
-0.0171096805811641 -0.0538329068804379 -0.0434441982150744 -0.0337501443072411
-0.0172724616342913 -0.0468307846585393 -0.0308937857612704 -0.0440255709455813
-0.0149694197990239 -0.0507859048771605 -0.0120137887931657 -0.0637862463763586
0.00158254720877598 -0.0620905819624021 0.0150721549513142 -0.0738157483948915
0.0266402032151239 -0.0621697283269957 0.0455106642009535 -0.0709521329470201
0.056399962426845 -0.0554010070584919 0.0689070713461419 -0.0356212308581681
0.0766895777331295 -0.0280752748584882 0.0563762320584871 0.0107036299060592
0.0871804584645456 0.0174121324820407 0.0011311669657496 0.0186663494170024
0.0844018317427848 0.0346240922512916 -0.0649670698020317 -0.0324331848888758
0.0308610205500652 0.0192240614145974 -0.127755193354729 -0.0179706054111005
0.0447154320064762 0.0125657697863373 -0.119954923940838 -0.0229925147005241
0.0466600842339875 -0.0136700354669132 -0.0970515230590365 -0.0182332205085546
0.0317367381652322 -0.0319745099806727 -0.074142674591298 -0.0106527474651308
0.0158210257706734 -0.0315934685552404 -0.0542147193889422 -0.0273335853731314
0.0054309602956755 -0.0320814310595558 -0.0536228235603144 -0.038035456550818
-0.00441424097039152 -0.0301596419965133 -0.0476944130755959 -0.0495521307295156
-0.00463070431057288 -0.0270634285098162 -0.0323961076528872 -0.0625249821961186
-0.00193107856548503 -0.0311767123057167 -0.0081558012704266 -0.0825310672324135
0.00883789143002454 -0.0357061157671985 0.0258194239632869 -0.0897013169008909
0.0239731052843172 -0.0346394421473796 0.0591672186251787 -0.0784189866430804
0.0420299875403689 -0.0267635408921577 0.0752564820860216 -0.0355720066532358
0.0529995314049819 -0.0057870681172523 0.0517232608925725 0.00619725796931989
0.0538276343041655 0.0260946612471266 -0.00536579097813057 0.00796932663195973
0.0435209141969631 0.0332575408965693 -0.076867016000256 -0.0459055672991326
0.00984587148536196 -0.0180828214304947 0.0830658306156201 0.06536251663174
-0.0107452191453431 -0.0187126542968834 0.0304901101301486 -0.0073240754900358
-0.0235186756964624 -0.0078804275655794 -0.0463220533921824 -0.0231681265370745
-0.0183356584953243 0.00503209581443047 -0.09051014319083 0.00571156702497395
-0.0128941322156396 0.00568032717218377 -0.0964960486557802 0.0665075725098758
-0.0117958655351174 0.00419022909652351 -0.05556880862471 0.0972884800074986
-0.0106834848382692 0.0035223315091194 -0.0107177945836393 0.0981740878306033
-0.00995182750957889 0.0017365793958379 0.0229660733203523 0.087988439874377
-0.0152612324189253 0.000561314613482058 0.0450414704316375 0.0688022801978946
-0.0174758041766632 -0.00514500303125539 0.059675022051393 0.0545903305076782
-0.0149675397507423 -0.00965451929487715 0.0626534370263205 0.0444905052068669
-0.013896289522524 -0.0140891316833054 0.074290299490659 0.0391212376174229
-0.00680971305877774 -0.0185140027606401 0.0940593743978685 0.0428978841705182
0.00605669619540197 -0.0192998679861308 0.104300136693118 0.043385476298933
0.0180126838729284 -0.0145645900118539 0.121087572342894 0.0438264372283508
0.0481602423040407 0.00440780238870268 0.0665094294414034 0.0724092378136795
0.0304907942640297 0.000213147815958247 0.0202556726993104 -0.00420460177912302
0.0196365876874262 -0.0077414112337777 -0.0524142098254664 -0.0186352976262954
0.0180905720183872 -0.0127498605494031 -0.0941159040657335 0.00765740299179594
0.0121523603947471 -0.0223526741760996 -0.0979999224814963 0.0627397601518641
-0.00154247395747879 -0.0282076679060958 -0.0586262897229019 0.0921308936367896
-0.0135183388627069 -0.0275161793244265 -0.0167769108372697 0.0927700159899556
-0.016196552992088 -0.0263479283034293 0.0160153275308539 0.0821054119765222
-0.0258108316680471 -0.0270341060991835 0.039512155273242 0.0612777502471703
-0.022759197638946 -0.0397202499939362 0.0555429670066206 0.0454941510642795
-0.00732861533498657 -0.0456005642604505 0.0609807957223958 0.0354132236341032
0.0104577255564193 -0.0505894818248056 0.0756608244080064 0.0327593729061526
0.0339003943552896 -0.040706183994212 0.0918746622281374 0.039683477437117
0.0537419958378621 -0.0187910687036344 0.0923277773246612 0.036684922140437
0.0700514015670891 0.000137828098473488 0.102218511243981 0.0322885824388296
0.0809837442764588 0.0270099112314369 0.0407222482258679 0.0653154583880672
0.070631736413755 0.0194725928018103 0.00282086711401428 -0.0123480348406675
0.0638134717457523 -0.00774593568736175 -0.0627321994738808 -0.020727177669812
0.0548750538565857 -0.0321336271270025 -0.0977498989132696 0.00886146138960516
0.0354331487072145 -0.0503945827335756 -0.0936346321392577 0.0546964004262953
0.00935441450034028 -0.0585345504669911 -0.0564355716903948 0.0778525581399172
-0.014898317580689 -0.0558605936320475 -0.02171219424499 0.0753791953089175
-0.0202504205887393 -0.0497334768518439 0.00581074922680458 0.06518556478645
-0.0327209084820403 -0.0496462738362372 0.0290542181907592 0.044356995989043
-0.0251805103912559 -0.0667806714111203 0.0467459728167892 0.0277904813524451
-0.00195560316724587 -0.0742870978953278 0.056969934281936 0.0179780777382194
0.0277891412409676 -0.0807045296440921 0.0768041924252898 0.0204464768788335
0.065224076183036 -0.0612660227820661 0.0889083313581525 0.0357449533938795
0.0915263454655522 -0.0196350270142497 0.074541025374905 0.0340964064421705
0.111233740462482 0.0132496805952137 0.0700663773691849 0.0189433431558722
0.103026378933778 0.0430845299487367 0.00546017737646567 0.0452681077741884
0.104666455533434 0.0314406053834018 -0.0204019199007508 -0.0275111314590586
0.102532711110795 -0.0125118525431648 -0.0754511551068669 -0.0258821358428878
0.0840825448117269 -0.0539648258763928 -0.0979063635805839 0.00732675771116571
0.0501373740660827 -0.0754300089707212 -0.0834983698103594 0.0425960026540412
0.0151608061048387 -0.0817001934383239 -0.0511505398191662 0.0547762316125446
-0.0156138343497828 -0.0752199974219281 -0.0250247880580436 0.0485847894415841
-0.0220751234664611 -0.065678756403704 -0.00416150016657623 0.0389515961143032
-0.0337881046200092 -0.0646200439198226 0.0167279005738557 0.0194648157708935
-0.0228042609632126 -0.084488639041894 0.0351902101609507 0.00400448568464428
0.00614558292446907 -0.0918305385598803 0.0512230871927234 -0.00344910653832433
0.0432960359312479 -0.0970913193321747 0.0757409515766962 0.00655089642164328
0.0877457082264236 -0.070120224690045 0.0827033463654291 0.0323229493625897
0.115949405845983 -0.0147677491818013 0.0523296878310277 0.0348339926171359
0.134066957716518 0.0258577721290083 0.0302116830559384 0.00540411943949319
0.109890320147924 0.0497901406288331 -0.035437248245263 0.019312204890445
0.12175341461775 0.034216839492881 -0.051071412020332 -0.0419556404388276
0.122994904767541 -0.0196940362859465 -0.0858937880270472 -0.0312381208428224
0.0970924886906183 -0.0711059990594204 -0.0929484539846028 0.00147739862715129
0.0538052804825267 -0.0898655961920647 -0.0705587232128674 0.0216748830717869
0.0155583998584914 -0.0926204646603222 -0.0456046656969307 0.0245579710749313
-0.0163192642581669 -0.0827109713031562 -0.0296784992320705 0.0154074595736005
-0.0199689289793458 -0.0718092940938811 -0.0141118827904009 0.00853980101788021
-0.0277018662279975 -0.0718264459459046 0.00552306812965818 -0.00990327642110438
-0.012143788446958 -0.0903126790551104 0.0258023816308483 -0.0223595139966304
0.0204339537708251 -0.0948897246529602 0.0463130481379988 -0.027171147897343
0.0595076196733561 -0.0960150454720656 0.0721291647968831 -0.00593334384809038
0.0999753560735998 -0.0622075655590803 0.0732586393319054 0.0302675351460886
0.123403952149987 0.000188506824089651 0.028880987155808 0.0344059223014336
0.134689148965093 0.0398473032909675 -0.00895731036296696 -0.0104091829000477
0.0981724397030097 0.0477985535454024 -0.0754958743476213 -0.00660909874833027
0.115455906777912 0.0319807091852434 -0.0815183159750546 -0.04908572736546
0.11919942011301 -0.0228067871839919 -0.0919063782932584 -0.0337190984332429
0.0904000634696603 -0.0730644350908229 -0.0848113417984831 -0.00710564030465974
0.047030366027551 -0.0863027386027025 -0.0593913240944942 -0.00429846417132189
0.0134692208695257 -0.0865080890762852 -0.0438142072229124 -0.00788033082523225
-0.0136368103188821 -0.0765017274055674 -0.0343852639608715 -0.016681746763235
-0.0148209961300415 -0.0664647417192134 -0.0208307389084597 -0.0236109917612454
-0.0170467830675239 -0.0686061840146218 -0.000912254815722874 -0.0398826683803692
0.00310478849816059 -0.083470515687565 0.023176255753947 -0.0494755678016547
0.0348676241504201 -0.0830176437269184 0.0481038032904561 -0.0480010377853253
0.0715978983702086 -0.0759505833868473 0.0719156395312903 -0.01493708038681
0.100915498903407 -0.0387600091356025 0.0624662947917049 0.0267642612686724
0.112321786581407 0.0203413158497497 0.00826306660888441 0.029324097819769
0.11558821057613 0.0512512705430694 -0.0422452053319634 -0.0299093289165244
0.0684604778423588 0.0389340042753138 -0.10818560134912 -0.0275863040046954
0.0860239232925998 0.0263573719708466 -0.105600769350594 -0.0494392406245149
0.0909585542094514 -0.0171760288032078 -0.093809418444135 -0.035369898513812
0.06675304598385 -0.056889270309272 -0.0761281097238555 -0.0168299954594477
0.03421798858858 -0.063695562631934 -0.0525410344623138 -0.0264045836048756
0.0111270143114937 -0.0642963019226017 -0.0460294160546577 -0.0345533648110422
-0.00806670761371516 -0.0580804446192614 -0.0398820718643911 -0.0437137143669691
-0.00725934450361311 -0.0516678697497578 -0.0251137138618389 -0.0510549674135862
-0.00531502539696601 -0.0550685479920021 -0.000802348489095576 -0.0674985784024585
0.0139121774495936 -0.0637343954006282 0.0290775995582587 -0.072925249145493
0.0408779802321942 -0.0592304705234701 0.0581362418680334 -0.0623213751891489
0.0694533938289795 -0.0470623884803939 0.0752636937266909 -0.0198410989962085
0.0853552941083677 -0.0118088934079849 0.0543695477175037 0.0210475680311963
0.0858980660648721 0.0357571409206657 -0.00482498805939036 0.0179332659389002
0.0807923909655805 0.053863393943479 -0.0631861913872227 -0.0493895321330837
0.0247883502315603 0.0270610745386309 -0.125924852605391 -0.0412713045438003
0.0414158534710382 0.0221054296683685 -0.117011553769987 -0.044508714083738
0.048190511236013 -0.00370997015523395 -0.0922848310321395 -0.0369425421636628
0.0365290555016013 -0.0255150351797407 -0.0717781360940965 -0.0255664547015194
0.0213252537910912 -0.028568542724467 -0.0505365941738484 -0.0401663733987907
0.011075948684204 -0.0316122108236997 -0.0493534679964694 -0.0496863668250609
0.00163851056830426 -0.0315140870286614 -0.0415345545222689 -0.0607489278468178
0.000630985775708295 -0.0285183028205487 -0.0237341153335025 -0.0696733696345034
0.00360397477397465 -0.0316543910796342 0.00579423169544652 -0.0864415100940957
0.0164590371332091 -0.035306872321227 0.0421832530599394 -0.0878738516031944
0.0328772326672227 -0.0308102057673814 0.0730013013349826 -0.0693139791140652
0.049644567609158 -0.0196324033262071 0.0820132644669981 -0.0215643951673252
0.0560592470340438 0.0064455212249338 0.0511296246565169 0.0147774293500787
0.050590320059715 0.0375046629447318 -0.0090026789125541 0.00593866196179173
0.0376525878408375 0.0435462820310577 -0.0715053776092608 -0.0640887765471287
0.00823288517984498 -0.0186351733969034 0.0874549363987973 0.0595071057205668
-0.0122353013521088 -0.0182696183253003 0.0298304189375816 -0.00956989170465509
-0.0236762178872935 -0.00674201828113697 -0.0481081142976909 -0.0207084816980048
-0.0183761220572208 0.00613507799496258 -0.0906117824069542 0.0111120250319714
-0.0122616128083844 0.00687676435265727 -0.0921324000825747 0.0733921998430789
-0.0114403617327904 0.00521382991828151 -0.0492186466946679 0.101583313164747
-0.0105146674698531 0.0037374683810883 -0.00365000513803036 0.0992797813416261
-0.00983001758082089 0.00211711999455753 0.0299229526997886 0.0861649674701808
-0.0154638978044282 0.00137294169134702 0.0506072401405672 0.0663582011615876
-0.0180095144653093 -0.00410824011303501 0.0638795712193074 0.0504785591225686
-0.0149601937408198 -0.00851855589558089 0.0655506431725708 0.0407283692209349
-0.0149912785769669 -0.0131298183925333 0.0767960801501584 0.0349470622831733
-0.00785788310329475 -0.0182956824030363 0.0967011298701641 0.036184315151986
0.00521107441766877 -0.0198398388681552 0.106535638140385 0.0366655643328025
0.0172006022869721 -0.0160367725050766 0.124774796359748 0.0367958964103548
0.047846326287891 0.00151452944172811 0.0722266146879949 0.0675253328438886
0.0307997049111244 -0.00208353050472964 0.0195764859217785 -0.00592694989499572
0.0190713110841397 -0.00936890395846759 -0.0534257629131268 -0.0163372146334797
0.0171324395997714 -0.0143544864118574 -0.0939534398378944 0.0135495222175808
0.0103062211492278 -0.0235367433924463 -0.093618625268747 0.0700436342824142
-0.00356746450186523 -0.0280208761137838 -0.0525621277202967 0.0965587415353579
-0.0159363404392622 -0.0271023567231684 -0.0100177977117523 0.0943865467178655
-0.0181323879101186 -0.0253194916106813 0.0225584187936546 0.0810963958710255
-0.0280499864326262 -0.0254991058791714 0.0444511052069071 0.0592574653294759
-0.0252374881192866 -0.038156700297612 0.059195785941671 0.0421947029625544
-0.00988934421245785 -0.0452983044735701 0.0638685940309415 0.0321941201217279
0.00678490694311751 -0.0513534151035818 0.0780982132759526 0.0276202649989806
0.0308085856622182 -0.0434532509276123 0.0942853241191196 0.0331463557090648
0.0528816286106964 -0.0224428348695634 0.0940227099795122 0.030158373979439
0.0701327356437063 -0.00462008945220961 0.104921876634194 0.0264537519547195
0.0821605586356132 0.0215653570778539 0.0455807934902864 0.0618953911886559
0.0727123103899201 0.0143584262919796 0.00225256503285151 -0.0136421525250765
0.0633552490579628 -0.012357254247535 -0.0643812717897488 -0.0173464813633036
0.0521409004663564 -0.0363166843026758 -0.0970199087657597 0.0146545131467716
0.0315383611398552 -0.0533917605482259 -0.0898932980450629 0.0619551916315523
0.00498389292953115 -0.0589486637598398 -0.051628771508603 0.0820170406671393
-0.0193593396253835 -0.054999843184274 -0.0165793464980257 0.0782360128135214
-0.02420918646493 -0.0486911506016496 0.011811038333114 0.0649397708749418
-0.0362512514299823 -0.0479409759602777 0.0330837865773372 0.0426359529251711
-0.0307222083352372 -0.0652731319519675 0.0493967758230194 0.0242952290358127
-0.00719878063936375 -0.0742486121828315 0.0591367664611723 0.0145980969915848
0.0219993585294989 -0.0833150572416613 0.0777928585800522 0.0161840568824429
0.0600981592576775 -0.0660183243266936 0.0912992195701556 0.0293947239916003
0.0909136399616003 -0.025882071056315 0.0765035653041826 0.0288560954563534
0.111537969503343 0.00516570365693903 0.0719101154086476 0.0147359138651263
0.105786850128675 0.0363029527748231 0.00910965314593407 0.0443808846172525
0.107078280945216 0.024025163712558 -0.0224684998327278 -0.0269495572989202
0.100914068703714 -0.020269463958231 -0.0763867618349598 -0.0219891996855672
0.0793199886303178 -0.0606703857282692 -0.0973711530501804 0.0132133203013602
0.0437948333403548 -0.079121990424258 -0.0803511897713412 0.0484336554431918
0.00921351929495136 -0.0826832019981972 -0.047323548043864 0.0580051235025275
-0.0216972577773032 -0.074735427180311 -0.021922644416741 0.0510191642393061
-0.0265738397302111 -0.0643590165095962 -0.00111826890942916 0.0397032161536554
-0.0389431822724506 -0.0631295544539112 0.0186724142748253 0.0186175561977833
-0.0287543169963169 -0.0837026428369327 0.0364002614506041 0.00185901238340504
-0.000252070170153999 -0.0924454513357098 0.0516520271058791 -0.00657169134096551
0.0365758761959732 -0.101151012655632 0.0753215224007339 0.00181662553011569
0.0819469420525282 -0.0768751950836354 0.085148816321295 0.0265846951276863
0.115216044864369 -0.0226520381413171 0.0545678916103089 0.0312399239082426
0.135039200302329 0.0162075189054109 0.0312073864227434 0.00358500727986178
0.11324340638321 0.0425468784262027 -0.0339786835679073 0.0209885805627036
0.124156482320453 0.0262082244750471 -0.053081292933799 -0.0395488523185121
0.1214063042038 -0.0290652123684624 -0.0867565777203455 -0.0264773974876726
0.0911640027189659 -0.0783225092117346 -0.0927536514019065 0.00797043884554476
0.0471573434992537 -0.0945741041109546 -0.069574345253414 0.0265912313281598
0.00863631822973348 -0.0939587636839502 -0.0447561489913413 0.0273595730667032
-0.0220138160017962 -0.0820357464113966 -0.0292093682989121 0.0184268289125539
-0.0251348830991446 -0.0705349599687881 -0.0130680366526916 0.00953587099772337
-0.0324258383887117 -0.0699308035808037 0.00492622454267837 -0.00951313290155715
-0.0182970241521715 -0.0897798826704068 0.0246225259433198 -0.0243598013567741
0.0138392163050577 -0.0966079441958664 0.0452480145915303 -0.0299000627087483
0.0531228824297997 -0.101158245592859 0.0710981159300661 -0.0105122089013736
0.0952373094951949 -0.0694311092887461 0.0759903087016906 0.0249367869285627
0.123543653981992 -0.00809525646937435 0.0313694792836933 0.0323388166652537
0.13722751973631 0.0298582476936519 -0.010187868897521 -0.00971002381227806
0.101413023349495 0.0412233212314833 -0.0764022484083408 -0.00205313083576942
0.117482844567747 0.0233117096078587 -0.0845900680634112 -0.0450749743003299
0.117328334184096 -0.031697363470126 -0.0933960192557087 -0.0283288094420061
0.0844212535213493 -0.0797535061090569 -0.0842661206911577 -0.0014972383730321
0.0405948032845015 -0.0901801123659026 -0.0597377864779374 0.000119412519599209
0.00703467758155981 -0.0876228546111359 -0.0454385643725684 -0.00458566878599072
-0.0190763003783349 -0.0757975205328995 -0.0364032310701871 -0.0140789349722443
-0.0192904156962476 -0.0656861798360045 -0.0229758306223126 -0.0215758854295332
-0.0216888534093787 -0.0676286392461205 -0.00333669271525084 -0.039754144935149
-0.00333790759449634 -0.083649106350117 0.020074910252151 -0.0510443507503871
0.029066062813339 -0.085645407934477 0.0452105752623131 -0.0507720382762613
0.0657498589224234 -0.0821330772139752 0.070098268773827 -0.0199961353771146
0.0972362512881485 -0.0458609151670127 0.065553864083308 0.0221073030508375
0.114288290764189 0.01272208157745 0.0104004616261545 0.02844354502321
0.117970215982509 0.0422648355100977 -0.044210359883566 -0.0259178854203497
0.0711123162100741 0.0340415676746188 -0.110552346460986 -0.0215793620650804
0.0875519974913876 0.0204208126331091 -0.108283501641926 -0.0432826902952914
0.0889917708540726 -0.0241065215959935 -0.095639596804329 -0.0292275522572382
0.062782220166331 -0.0617037494867121 -0.0767895706197577 -0.0117828342512603
0.0289569532835238 -0.0668452532418695 -0.0546046688934311 -0.0231078073489064
0.00565187907399467 -0.0655073904790058 -0.0490646637591382 -0.0316983316836116
-0.0121626188491454 -0.058291439754811 -0.0433384130279867 -0.0407123391219756
-0.0111349734028368 -0.0509676934260642 -0.0284379038846094 -0.0487228781911834
-0.00938742994408611 -0.054170312164351 -0.00555811633035493 -0.0669820222438465
0.00952636791267152 -0.0645906049754 0.0240336415698594 -0.0754383812027161
0.0364984372677679 -0.0624971733756833 0.054603034073642 -0.0662970435794362
0.0662592426836788 -0.0523313855949534 0.0735045040294535 -0.0250618946590804
0.0841854564313207 -0.0175519208447993 0.0561031830072317 0.017368499156674
0.088829126635958 0.0301417787848553 -0.00365206822210157 0.0184868885508982
0.083498424442922 0.0469374106918112 -0.0672579649275067 -0.044335351175513
0.0271738490419405 0.0247597719808164 -0.129735741221716 -0.0340111879488949
0.0423789532832659 0.0192823886115416 -0.119256957271855 -0.0377397335603948
0.0476240961945395 -0.00724345569995264 -0.0942411165996643 -0.0306466794381698
0.0341786996706302 -0.0285335334610264 -0.0729256790180753 -0.0208209924174406
0.0187252571271405 -0.0297715091472522 -0.0543703653460341 -0.0371216029032393
0.00872925016360884 -0.0325509022529055 -0.0538563424550193 -0.0468374740510479
-0.00107761521802929 -0.0318611688085023 -0.046502385990692 -0.057217484332241
-0.0013946568606481 -0.0287255626939605 -0.0289832207271603 -0.0681363224592392
0.00154905046129042 -0.0322325368735946 -0.000964177307015731 -0.0867258376624331
0.0139356591456925 -0.0365066236371698 0.0359632241703453 -0.0910592246472373
0.0306845594653357 -0.0336992883837371 0.0695067079901628 -0.0736979921073857
0.0476718512787636 -0.023073762171416 0.080869840437072 -0.0264150430736775
0.0559626777401211 0.00274909379456747 0.0521331629715932 0.0118451316248075
0.0522716143656945 0.0338606281133481 -0.00787221080369781 0.00690688188142271
0.0399207828300897 0.0399185284657323 -0.0757749965621866 -0.0591022427240115
0.00687977046999321 -0.0181086435264311 0.0875075635034426 0.0534127719930581
-0.0125304566239796 -0.0170133815003887 0.0276225899244996 -0.0107032532969286
-0.0233899881340361 -0.00514627858209126 -0.0476469531633825 -0.0183435594157256
-0.0171033589248452 0.00657333014917003 -0.0874815969425793 0.0143367928259554
-0.0113406629074993 0.00691987675975796 -0.0849822259148306 0.0758692164483525
-0.0105930476947122 0.00557480732780718 -0.0429103443566025 0.101154073677583
-0.0103411942088267 0.00433749063478815 0.000881720516712639 0.0956617572403698
-0.00966595321367556 0.00205214565814548 0.0341974551425145 0.0818705726225649
-0.0144572270141196 0.00186711859711023 0.0534282381177157 0.0610768332735818
-0.0176227100003002 -0.0032044478483534 0.0649837654140414 0.0459792266991687
-0.0149981728626204 -0.00739512089794936 0.065391094923264 0.0367344041761113
-0.015081412899671 -0.0121631373615288 0.0758116175428894 0.0309733579290711
-0.00902212919036582 -0.0171364654341019 0.0945168397593173 0.0303409357929468
0.00464890617919631 -0.0195987555961354 0.103479581863222 0.0304258995010271
0.01614965924012 -0.0161922823484304 0.122949483723333 0.0305487018763721
0.0464888858775296 -0.000199253423939375 0.0732256117046492 0.0618439127016565
0.0298552144458564 -0.00364161279088606 0.0182402119768201 -0.00726233244592186
0.0179978484257532 -0.0103304059434777 -0.0529999921582603 -0.0142934417354627
0.0156096723899095 -0.0151150214606446 -0.0898076677380875 0.0169678626952147
0.00858116465150871 -0.0234906552653914 -0.0868391368326003 0.0725050999255668
-0.00466184396477924 -0.0272252710045852 -0.0461745834427372 0.0959001895143676
-0.0169891947177961 -0.0253076146737821 -0.00490780387444915 0.091606816004322
-0.0195819830147041 -0.0239530872172124 0.0268489378709762 0.077475761530863
-0.0279646256852971 -0.0236148150904945 0.0467953148035986 0.0550148041245564
-0.0262590185009414 -0.0361439471517792 0.0600382154793154 0.0383786326054238
-0.0121872159978715 -0.0430642516165335 0.0640496132204878 0.0286343940302299
0.00440383397366838 -0.0499404940480271 0.0763122455199638 0.0237951570799691
0.0270964338041002 -0.0433512237633834 0.0921675616704577 0.0275429162794118
0.0508757195520591 -0.0243606745264716 0.0916514909408131 0.0249403953188474
0.067361360648837 -0.00839092272068298 0.103244085123539 0.0209323560652355
0.0804443867522295 0.0174978738428029 0.0472017375700278 0.0571832309794135
0.0710246579752169 0.0102314859396064 0.00122726307061813 -0.0130523344976629
0.0600279427101149 -0.0153122840626512 -0.0630218166773841 -0.0150320656585025
0.0480052949978552 -0.0377882830030117 -0.0928565508664598 0.0178833946661924
0.027023108370761 -0.0530062288699009 -0.0836876105547269 0.0649456734489317
0.001584358813574 -0.0572736453708306 -0.0461498092205007 0.0817513702281531
-0.0216432846709746 -0.0525362777690049 -0.0119735096172255 0.0761755425367052
-0.0262557547065009 -0.0463384510587464 0.0149636463913892 0.0621324931585642
-0.0378974323514076 -0.0446692664053317 0.0349781924772591 0.0389937482162983
-0.0331070845290001 -0.0617619196653804 0.0496164748786775 0.0211698762635747
-0.0108080138403213 -0.0717835808153142 0.0586985736593717 0.0119860176509164
0.0173690801221199 -0.0818004292302917 0.075518972047798 0.0113158194893997
0.0544732391580747 -0.0669062937917004 0.0895494881285991 0.0240195137168775
0.0874426337191153 -0.0291007473577045 0.07479912426514 0.0240297839782782
0.107353311208276 -0.000501753563383338 0.0704305251691906 0.0114677502775965
0.104082460033237 0.0300316525011608 0.0110820901098763 0.0418419267115757
0.104550154803242 0.0181205088919465 -0.0228854681890527 -0.0256393793296453
0.0961683780675268 -0.0250299657430499 -0.074762771431664 -0.0184131252988403
0.0729877247576629 -0.0630802846455828 -0.0932609022569871 0.0166414171107992
0.037761613855986 -0.0794624294680496 -0.0756666263433271 0.0514116197856684
0.0037679180136531 -0.0802484474541641 -0.0438283585071604 0.0591234017274441
-0.0244384720277257 -0.0709592045635721 -0.0189402207754363 0.0514331901274017
-0.0293678765494602 -0.0611049803976188 0.00158170861548662 0.0383263798778672
-0.0403888265178895 -0.0593460853210378 0.0196648723153297 0.017337343954879
-0.032055922646713 -0.078702635243873 0.0357123978440917 0.000304598665808441
-0.00466866302295496 -0.0899673869550115 0.0504510481689776 -0.00874820347374585
0.030504119268995 -0.10010193949998 0.0724021236164535 -0.00137030867993512
0.0745320656938408 -0.0783032175692083 0.0834870813572945 0.0213315920956791
0.11066828231449 -0.0268366968863916 0.0545533959888631 0.0269180156103596
0.130859041191382 0.00900691569242989 0.0303146279948626 0.0021891941005916
0.111273321705245 0.0356997170502673 -0.0316855080376346 0.0215113274045858
0.121415312272208 0.0186981815368365 -0.0527250338585988 -0.0359122298120936
0.115218283993039 -0.0343442318665603 -0.0847616599179629 -0.0225162752957825
0.0835980744863784 -0.0809247636818145 -0.0892543219956957 0.0112921135629485
0.0398583377389618 -0.0939299249141501 -0.0662929852589674 0.0290869018008541
0.00314821956707432 -0.0913659169730621 -0.0427597303631909 0.0287773001313991
-0.0255853575169493 -0.0780039590976222 -0.0274469292497855 0.019870462889641
-0.027739444076522 -0.0667719554711126 -0.0120387867959877 0.00972581159665139
-0.0349096571292559 -0.0663019099590822 0.00507636069935617 -0.00985069885768745
-0.0226547958096621 -0.0858966554041155 0.0228158341366516 -0.024959976420689
0.00795639460510176 -0.094376659633237 0.0430229692357491 -0.0305018472376425
0.0455678551314999 -0.100568175789717 0.0681342859423586 -0.0138917391509694
0.0877821935888064 -0.0718412998078009 0.0747086288810544 0.0201794802519801
0.119318704913077 -0.0139040723715591 0.03174244147643 0.0294483409386917
0.132524149983893 0.0216339609013172 -0.00997351262604882 -0.00847923055920782
0.100158038484122 0.0348638887467316 -0.0744366593276831 0.000837086518429312
0.114863404771803 0.0168810043351152 -0.0833392894780198 -0.039966745343969
0.111063706183141 -0.036366328984764 -0.0909099377210283 -0.0239330210681006
0.0769827355144981 -0.0813966197602114 -0.0812809387958012 0.00213125631443095
0.0341486870026818 -0.0896264698870648 -0.0581522303227622 0.00313034144361255
0.00197228349376283 -0.0852142696780994 -0.0450275447407081 -0.00268524488372038
-0.0221332569478182 -0.0724802994509242 -0.0361875924496526 -0.0106925590312752
-0.022120201281281 -0.0627626040898257 -0.0232578952510689 -0.0195769920068133
-0.0240866605673396 -0.0645985753389136 -0.00521908068744326 -0.0381900930955712
-0.00719105473035763 -0.0806207853844311 0.0169025591532643 -0.050516936166098
0.0234478356693298 -0.0845918890900607 0.0419562236408975 -0.0510360840771133
0.0596020357950744 -0.0830499307010375 0.0666860412293576 -0.0223311713559885
0.0911995491557525 -0.0492165282719698 0.0643710285127437 0.0180324296777443
0.11074136094159 0.00667855127168201 0.011759875250449 0.0271660969308862
0.115126268938446 0.0344836505478594 -0.044384224170244 -0.0224211565490034
0.0703517056526676 0.0293716828686157 -0.108707533042393 -0.0162633946535788
0.0857440646454962 0.015583684469757 -0.106607952342524 -0.0379974151635392
0.0845633549584691 -0.0278904251619649 -0.0929713891250604 -0.0248289406275075
0.0568026044545926 -0.0629947743229092 -0.0741799879287308 -0.00837298599939162
0.024464737140576 -0.0663766563211028 -0.0542522138901018 -0.0194828483093485
0.002157335145713 -0.0639958683634986 -0.0502318632203373 -0.0283971409881334
-0.0148443571562496 -0.055815055987454 -0.0442712351982495 -0.0365226241306715
-0.0133533712247607 -0.048807152169268 -0.0301245103244313 -0.0453090732642181
-0.0115525226768503 -0.0517920720086388 -0.00863151916934438 -0.0647322476084717
0.00611293172834231 -0.0633562191825778 0.0193875130010543 -0.074308225176839
0.0318205660286029 -0.0628384544836127 0.0501127087513601 -0.0661220317195459
0.0604402139964775 -0.0535421381132618 0.0702120302721476 -0.0275521088843189
0.0803109927648667 -0.0210231073100702 0.0557825618274932 0.0140967617757535
0.0872899483830892 0.0245118004616568 -0.00244604640461485 0.0177577042362784
0.0822505189416927 0.0409453228860812 -0.0666986746292635 -0.0391563757946882
0.0275856588396867 0.0226337612024624 -0.127784744476652 -0.0269160973323507
0.0418552427791757 0.0164037562845645 -0.116904009154556 -0.03184785746399
0.0451032793734636 -0.00922298038810003 -0.0921442980053074 -0.025829965448308
0.0307931972533723 -0.0297046320452521 -0.0710570825195549 -0.0169682435927875
0.0164495721688411 -0.0296152464547549 -0.0549945998441464 -0.0335489571702417
0.00669273432206291 -0.0322302979939184 -0.0548310427160175 -0.0424299906103218
-0.00272502513445647 -0.030507019989264 -0.0488554572962793 -0.0533668625513485
-0.00266450091171261 -0.0273757425556848 -0.0318926626130497 -0.063873512933055
-0.000128690593849028 -0.0310533760039518 -0.00501512574084395 -0.084371593369665
0.0118366166523392 -0.035539401993569 0.0301851732511314 -0.0905163898327026
0.0276065185113125 -0.034348499466383 0.0636985326043844 -0.0745046189829046
0.0447971592804564 -0.0249429049146401 0.0769182697314276 -0.0293720981095086
0.0538784876958683 -0.000126522160395182 0.0511610035541407 0.00906201641953449
0.052004154160156 0.0300842743374277 -0.0072445210552948 0.0066949346174725
0.0397450083395431 0.0356916986799764 -0.0762615986039696 -0.0530858411207696
0.00642664369617863 -0.0170176268212708 0.0852588774726493 0.0501906058709613
-0.011723089708852 -0.0165441634184496 0.0265936047214713 -0.0107673657943676
-0.0223769234848178 -0.00452938636272325 -0.0469010988408181 -0.0177554753388184
-0.0161449942595681 0.00727956878045303 -0.0845243695267288 0.0150863225801996
-0.0110536204998194 0.00658000781416086 -0.0807388172640259 0.0741222963879828
-0.00959050735867338 0.00560960100793611 -0.0395379810017243 0.0983197240899638
-0.0102810663583057 0.00440281150738044 0.0029048099932325 0.0922481320193232
-0.00969235732607236 0.00202404378905406 0.0344378253569499 0.0777666193302211
-0.014357834603727 0.00169036292532937 0.0533562142392606 0.0578929313973472
-0.0166954584398701 -0.00311094908844389 0.0629495053489097 0.0432645644933046
-0.0140240619009043 -0.00716677315796675 0.0636455820486801 0.0347865912463604
-0.0143106471817367 -0.0113888058696504 0.0733197775430826 0.0290087776598117
-0.00850771322028872 -0.0163440655991416 0.0905050262256391 0.0276746938668769
0.00454876489227826 -0.0189681748532037 0.0993838014706281 0.0287719465283034
0.0153792464763263 -0.0158749715637838 0.118748195497243 0.0282838574703412
0.0445883103248938 -0.000619522812885701 0.0713667498457877 0.0580325889163524
0.028996455788166 -0.00432119758532477 0.017931799710698 -0.0067382071015406
0.0172532870250804 -0.0103528275573847 -0.0515096324582632 -0.0136895199973545
0.014395234466033 -0.0144910235315251 -0.0867058685589254 0.0168649846981575
0.00750935252638017 -0.0229851306013551 -0.0828441242509468 0.0707056015650803
-0.00517703574817862 -0.0259500315592957 -0.0431242799868734 0.0936073639187961
-0.0169120024355155 -0.0241497736022836 -0.00333813152822341 0.0888780665709154
-0.0193249393585254 -0.0231004841201437 0.0278390855079814 0.0735203117232824
-0.027843604615691 -0.0221757214943092 0.0470280625742436 0.0517892845989667
-0.0262375751013546 -0.0346419418489429 0.0585411640680865 0.0356947097886684
-0.0117799956953974 -0.0415515040680487 0.0623781568162701 0.026860344287943
0.00353931098689134 -0.0482744198410183 0.073459689378362 0.0222021296845541
0.0256415418786792 -0.0423162859307563 0.0884210434367777 0.0247972437286237
0.049104258641909 -0.0239782875498494 0.088075626277608 0.0228493977991558
0.0643810129738527 -0.00845587367249567 0.0998243007298077 0.0195943262525061
0.0774665271813289 0.0161942697802243 0.0465795040974045 0.0538894121808268
0.0689052400943781 0.00888450380565582 0.00127544926678615 -0.0133702580621191
0.05735910922863 -0.0161373604959119 -0.0606104694206695 -0.0147066096743351
0.0453893187432308 -0.0372384538567505 -0.0893708815424372 0.0176805749201504
0.0245661813009644 -0.0518944504933226 -0.0799602788188457 0.0641021259011479
0.000507431999718456 -0.0550101807909556 -0.0436846665407094 0.0797809292479183
-0.021782238231599 -0.0501648504440553 -0.00999754879508122 0.0739532397003124
-0.0262926394702822 -0.044345326050129 0.0158535454432686 0.059589959176723
-0.0370477662360871 -0.04226716600766 0.0351743356274035 0.0371770314932577
-0.0327907920455685 -0.0594281287585866 0.0483910075712718 0.0196650887537262
-0.0111947902975889 -0.0693525519426695 0.0572946161491875 0.0105763190698378
0.015281180589171 -0.0793799342137188 0.0727147426220694 0.0109183753595274
0.0512938735901678 -0.0651481857802576 0.0862865476049581 0.0214087056173538
0.0838881946644191 -0.0291071618690257 0.0718844425753725 0.021396488664465
0.103357054316937 -0.00196333249242353 0.0681354540772002 0.0104359968466759
0.100290045740898 0.0273838033351289 0.0113914975401577 0.0392243624777274
0.101457048103295 0.0154736887362791 -0.0217635961052489 -0.0249470388319968
0.0916753447564362 -0.0259860999893632 -0.0720995386137665 -0.0179191847712376
0.0689238034643907 -0.0615743176244835 -0.0896499793316944 0.016915880230874
0.0344157053377278 -0.0769118652141777 -0.072172826865929 0.0501887018557885
0.00212180534205501 -0.0772376001424541 -0.041365239105963 0.0575519056055855
-0.0255469399936107 -0.0675933209746131 -0.0176534658093568 0.0499309972791143
-0.0296612631096539 -0.058351219209292 0.00253531506736916 0.0367912650331268
-0.0398599310356538 -0.0561769932957597 0.0195236156001937 0.0160851277654395
-0.032525394333925 -0.0760203622097897 0.0351885754450028 -0.000459704075536944
-0.00599971304266945 -0.0865686402553033 0.049366446938032 -0.00906192981876938
0.0279236721081696 -0.0970953963442711 0.0690659803739044 -0.00254364626613831
0.0700276470585457 -0.0763280169984878 0.0807281421084041 0.0191737632395727
0.106247743802578 -0.0276913914010911 0.0521870808001721 0.0249430008596194
0.124895483823081 0.00655543223097139 0.0295110390225604 0.00240101585845488
0.108123240090167 0.0325412940341265 -0.0299665394826016 0.0195484704477647
0.116962047762069 0.0164014717295863 -0.0509966511898703 -0.0347908836970822
0.109866882434568 -0.0347480645149233 -0.0818051409889883 -0.0217977702325134
0.0781765673693307 -0.0789683899967419 -0.0851251261023728 0.0112480487566473
0.0359656895801033 -0.0912628443303522 -0.0630753056828068 0.0292833226752234
0.000855838152756797 -0.0878902495177379 -0.0409626741832748 0.02847293073145
-0.0263822604874653 -0.0753728385291003 -0.0262478991048955 0.020072674334401
-0.0276674533189307 -0.0640432393390445 -0.0107064602681024 0.00943598642248839
-0.0349715821794175 -0.0631601281376539 0.00515590706767606 -0.00946975417226106
-0.0231717198093554 -0.0826151828262383 0.0221680607846921 -0.0242302339982779
0.00592896135648794 -0.0913241933267287 0.0419225679294636 -0.0295650129782172
0.0425077941989675 -0.0979886666449587 0.0651434618373996 -0.014176764795451
0.0829176758041062 -0.0702942764534272 0.0720516820109427 0.0177088842904459
0.114506645076678 -0.0150193151357502 0.0305784402837748 0.02720022789596
0.126683565324587 0.0188014343583378 -0.00932906010457869 -0.00724476159437737
0.096615435471716 0.0317825262659077 -0.0718095057278649 0.000356491977750007
0.110793263015216 0.0143470765973615 -0.0807708141016175 -0.0383438169363626
0.105181022628736 -0.0373525053086085 -0.087690579419866 -0.0229993690253148
0.0721211183677804 -0.0795687588885959 -0.0776491608806648 0.00244377484858341
0.030718793801317 -0.0866620542840706 -0.0557257646136513 0.00377625081051604
-0.000226661026319928 -0.0822351997364479 -0.0436842133296969 -0.0018632382110381
-0.0230888152881219 -0.069587988360036 -0.0355752463009665 -0.00983151269498743
-0.0222360269598717 -0.0601028650757044 -0.0224379047305376 -0.0181570135731467
-0.0243892402050556 -0.0616590841374067 -0.00567943454547866 -0.036750573514201
-0.00834330205578236 -0.0778865666361939 0.0161318211254064 -0.0492361315248279
0.0205791701069789 -0.0823008971316576 0.0410099152252219 -0.0490667647520314
0.0556168526290909 -0.0811375142784079 0.0637050733316788 -0.0225285763962778
0.0867604554371561 -0.048462648225765 0.0624672425069929 0.0161399634858012
0.106931106281661 0.00524638767067651 0.011233945053546 0.0253064927584544
0.110395581574932 0.0311120953743814 -0.0427979826121988 -0.0206864850227033
0.0678905160027959 0.026708591112079 -0.105239903935496 -0.0153618789633689
0.0828427108539997 0.0132706364884468 -0.102482396047282 -0.036335099780431
0.0805305126201566 -0.0281142051088557 -0.0897272277169323 -0.0234797024496303
0.0529364015980233 -0.0617313792930387 -0.0712236182592015 -0.00751710880049697
0.0222130269266998 -0.0643973847974192 -0.0525942778309331 -0.0179794056181601
0.000403505822095946 -0.0611442181070035 -0.04927605640142 -0.0268677661692761
-0.0149325599006362 -0.053077645688541 -0.0440815783814101 -0.034499031633802
-0.0136608962284746 -0.0465751674705046 -0.0297264232059922 -0.0422675571343243
-0.012231839619079 -0.0499426328637676 -0.00946324090972193 -0.0619829869547554
0.0049064342741048 -0.0610577437538241 0.0179510591655502 -0.0720030840688754
0.0293022250421234 -0.0612966809555204 0.0479372846973211 -0.064334831374156
0.0576902323367722 -0.053135304517104 0.066960027194762 -0.0283333226673561
0.0760775524035625 -0.0206480438352097 0.0540583218107538 0.0124700498812412
0.0841325616684492 0.0221720045290188 -0.00165560538929329 0.016780421210442
0.0786159012447032 0.0371769705423869 -0.0652140293457213 -0.0365503471613606
0.0264908163525274 0.0211413327785702 -0.124258293460514 -0.0248314241359223
0.0404243504138849 0.0150913613951593 -0.112568797808969 -0.0303018975797069
0.042724448587721 -0.0101502124141518 -0.0883533235229133 -0.0247762407826743
0.0289396524661643 -0.0291955442078763 -0.0684689287726231 -0.0158768058247776
0.0151729868084203 -0.0293775817921089 -0.0538791904819628 -0.0315784260134645
0.00595103695444325 -0.0314223931450644 -0.0540281530995135 -0.0403922805579321
-0.00292364963178845 -0.0293700709743799 -0.0485342478705715 -0.0502945297314934
-0.00270927061380802 -0.0263222222072209 -0.0320607953229185 -0.060734412090134
-0.0003303310145016 -0.0295423278994506 -0.0066012269339847 -0.081086115204149
0.0109152410647725 -0.0344438801920657 0.0276120751744591 -0.0876066342373287
0.0256096547960739 -0.0335420244877224 0.0608345150480086 -0.0725886564514796
0.0426929083116911 -0.0242580474196328 0.0736692340785249 -0.0296335180594508
0.0516759176319848 -0.00026048652144456 0.0497898148786146 0.00797365266705055
0.0501065644536416 0.0282258651222497 -0.00616767408048028 0.00704066188991042
0.0378465532671643 0.0337591674418312 -0.0740734786012137 -0.0497083725968729
0.0064099196916394 -0.0165889689573353 0.0836032754081279 0.0503624043149005
-0.0115177683409165 -0.0167935784211102 0.0261393773357338 -0.0103457353073172
-0.0218206740220308 -0.00468873179686635 -0.0467625426515828 -0.0186133522645927
-0.0159930731536109 0.00647802101623945 -0.0839138677540957 0.0128186936668643
-0.0108677193779563 0.00682729255458919 -0.0798299057064446 0.0722707157112689
-0.00933925903487753 0.00513335079003375 -0.0393605724945943 0.0967473860412657
-0.0103303772306394 0.0042611434568378 0.00215206667456552 0.0907915161586097
-0.00955131396029509 0.00123653481263259 0.0341396065399888 0.0762990205411439
-0.0140984377271297 0.00140418558285341 0.0528601480026087 0.0568160300147283
-0.0165521843682281 -0.00347360100436202 0.0621222393533924 0.0432366942631103
-0.0135883455688313 -0.00715500338928314 0.0623642109543133 0.0349232508058339
-0.0137813599952758 -0.0107666252613877 0.0722436792236757 0.0294392582197883
-0.00810813535518741 -0.0164947432285763 0.08774129172224 0.0283601236269609
0.00518740699080021 -0.0192662112956412 0.0963127790332298 0.0299280101588211
0.0150593543452167 -0.0151408252186047 0.117432581161338 0.0296465978090459
0.0441663358071545 -2.02229884781651E-05 0.0699344940551631 0.0575886070430811
0.0291292033974269 -0.00401212441454119 0.0176775573840993 -0.00679292682885715
0.0169975397283831 -0.0101441752624366 -0.0507834542215139 -0.0145487329785215
0.0135818478321636 -0.014118456426979 -0.0857964027054504 0.0154415920058351
0.00736654098756785 -0.0225849101509972 -0.0819000810107581 0.0696861122710999
-0.00455917484716679 -0.0256486777330153 -0.0430090341070817 0.0921240812517654
-0.0169118011689723 -0.0236478105121471 -0.00404606468561362 0.0876771609094992
-0.0188831573762961 -0.0230392260510318 0.0272562129439476 0.0724807728544331
-0.0271931311694171 -0.0222842963850388 0.0467757210625486 0.051262345107588
-0.025462905724413 -0.0341810498353173 0.0576559125007826 0.0359292410914955
-0.0114370038089173 -0.0410511567198739 0.0614579945475143 0.0276513253934206
0.00385421418405883 -0.0474888287596609 0.0723050934626114 0.0228911582425527
0.0251191328003275 -0.0416874803875724 0.0864683386488714 0.0249113685552366
0.049018130005269 -0.0231038717068218 0.0854557544869405 0.0232658112120028
0.0633839798990005 -0.00757945163496829 0.0986328041014568 0.0203210043902246
0.0760816771027275 0.0169264284727498 0.045790199425144 0.0531250580332894
0.0679470819417867 0.00911653935864797 0.00211072927373237 -0.013209112343962
0.0564567122795767 -0.0158976517350661 -0.0600167575455496 -0.0158343819194928
0.0440794629663426 -0.0362406005035583 -0.0882202730865443 0.0161167221130502
0.0241421180555449 -0.0510491300592338 -0.078974814154764 0.0620573240157704
0.000397055975852431 -0.0542632639977659 -0.0434803103170255 0.078007254275976
-0.0213109780138472 -0.0490165835851254 -0.0103239177703424 0.0731178355831091
-0.0256017112925264 -0.0442409631730182 0.0159885067726264 0.0583408258541167
-0.0362731066853101 -0.0421086969371646 0.035377630847991 0.0364309021733735
-0.0322540161373512 -0.0590528286194812 0.0481022558601628 0.0197540353721123
-0.0104339592060573 -0.0681598767358558 0.0575518142125617 0.011121162665159
0.0157824773790711 -0.0776840564533398 0.0710519291518649 0.0110222893224844
0.0504210681471941 -0.0635116778508698 0.0840204635556803 0.021424920103693
0.0832982457110802 -0.0280049940116552 0.0699610394671595 0.0218960389021127
0.100909778961607 -0.0010178933121385 0.0673408715151535 0.0114009401359765
0.0988276676844757 0.0283255380358891 0.0113305762407483 0.0380254586610105
0.0997434631288109 0.0160531185989899 -0.0209029627584588 -0.0255977638287785
0.0900645808321774 -0.0247505146294257 -0.0708378977245347 -0.0194037886207546
0.0676979031591005 -0.0601308748393258 -0.0882320376118983 0.0150142662533547
0.0335770387499219 -0.0757345904465471 -0.0711026124332023 0.0492982864618566
0.00270082423016984 -0.0758159943469502 -0.0412707974451229 0.0563197854212298
-0.0247173661603713 -0.0669630808026777 -0.0174424906221091 0.0491036814842346
-0.0287848537705727 -0.0581531321494767 0.00313489566367048 0.0359978547418426
-0.0388557590716237 -0.056000411465041 0.0203403766965439 0.0155801423785169
-0.0315806038951768 -0.075249802752753 0.0345999589997912 -0.000375162469089612
-0.00550976478574818 -0.0854043909651528 0.0493836789100845 -0.00792645202058014
0.0280268741774332 -0.0958993614614326 0.0679439322289071 -0.00167142170113306
0.0691702784289909 -0.0742251611784044 0.0788966317436811 0.0187790517827813
0.105215827743194 -0.0259212600617613 0.0507420532802596 0.0246540574976665
0.121825982661892 0.00780222998838314 0.0293745431576381 0.00316974339307656
0.106468803286827 0.0329441521768146 -0.0296745446120709 0.0186473138229027
0.115325847503468 0.0169235484236393 -0.0493448232222974 -0.0354746042979692
0.107668962927463 -0.0337539456486222 -0.0796576895535109 -0.0234423682102156
0.0774048045978435 -0.0770678240693383 -0.0834754577583727 0.00990720201710652
0.035316910540308 -0.0890901249679867 -0.0624916062465548 0.0287792755239512
0.0013405553749861 -0.0864998822726899 -0.0410396684820309 0.0274979000425456
-0.0257773989888891 -0.0737735297276563 -0.026057058123143 0.019755363968603
-0.0274451626188539 -0.0632439549981214 -0.0105243114435927 0.0094582689342673
-0.0339940364542173 -0.0622341630935863 0.00572146697280805 -0.00942300024207817
-0.0221780961750848 -0.0818019858141061 0.0222067702223331 -0.02433027702053
0.00620686311207923 -0.0897597002485037 0.0425542661908445 -0.0291672064250517
0.0423285205901688 -0.0968765574944179 0.0639074575466171 -0.012957738550894
0.0820712213315176 -0.0681228761862389 0.0710220434245567 0.0179147008592079
0.1133620657602 -0.0137286411969039 0.0298532805011503 0.0274983034211142
0.123913324991052 0.019739077895443 -0.00907030181261819 -0.00702603624549282
0.095407114100843 0.0324229647668408 -0.0711761882859036 -0.000680815856492025
0.109049032691038 0.0149299954197237 -0.0784902081538408 -0.0394009196347249
0.103513156706445 -0.0360178927704069 -0.0860119085625694 -0.0245940550974227
0.0711765800086557 -0.0779190203206916 -0.0761701510977778 0.000556257341115557
0.030145515649862 -0.0850838861329052 -0.0550951575680162 0.00358080929314939
-6.97424786356998E-05 -0.081017723791856 -0.0436070310996729 -0.00173977354583359
-0.0223658045231451 -0.0689285012429817 -0.0348065309283469 -0.00940140310952498
-0.0213658673245385 -0.0592443105218061 -0.02195988260281 -0.0181762467246731
-0.023777463153647 -0.0601887993703049 -0.00448737080263258 -0.0364156044380921
-0.00757943359139398 -0.0771540272458453 0.0159003636946246 -0.0489272462444701
0.0206204184833334 -0.0809021261598946 0.0416093736216683 -0.0486200981941976
0.0551010364184571 -0.0793901040931815 0.0629191776174313 -0.021671995446671
0.0851957746725531 -0.0468744515513218 0.0612003839408303 0.0159341289696668
0.105458158835947 0.00587281523195043 0.0115071307916376 0.0245709772318586
0.107517534437405 0.0314360285247409 -0.0417909447306469 -0.0208954848321852
0.0672863227434822 0.0268216208416038 -0.104425101733248 -0.015843962666166
0.0810249937757121 0.0136320830928644 -0.10076643193979 -0.0371764157885533
0.0785845527605992 -0.0275190398748076 -0.0877296604373208 -0.0248147952969978
0.0522145829342546 -0.0604266407538857 -0.0692697694125959 -0.00871244195387266
0.0223120888510002 -0.063451909694318 -0.0514945348055077 -0.017869738309381
0.000287286618128135 -0.0606944133545459 -0.0486480273041294 -0.0267783451988494
-0.0151721982934949 -0.0523378671356569 -0.0436097129253534 -0.0341164632311504
-0.0125559525104524 -0.0458761849093181 -0.0295353818361288 -0.0421323681362499
-0.01179297394677 -0.0488318556937034 -0.00835850784797817 -0.0613606526785707
0.00508718279960945 -0.0601020909135366 0.0181182247129516 -0.0708402217261337
0.0291903854751605 -0.0596931422260166 0.0485390197708969 -0.0629475810112465
0.056650453369172 -0.0520692556879012 0.066032065937245 -0.0269477590738575
0.0751241677525566 -0.0199262139996935 0.0532634642709002 0.0127616303463016
0.0822584561244289 0.0226965918524493 -0.00169854259453108 0.0166719126592755
0.076256448063928 0.0373975739239111 -0.0639336411613425 -0.0361924565524729
0.0260535105950615 0.0202979680089368 -0.122803028426677 -0.0257533062193717
0.0396679014357466 0.0153533116221946 -0.111297586589486 -0.0317028207242889
0.0419960569071577 -0.00950591807666324 -0.0863975052008968 -0.0254073885227621
0.0282856331283934 -0.0281848475822294 -0.0666863929768769 -0.0167525255466996
0.0148509392318487 -0.0291723552636863 -0.052951048915471 -0.0318735037062785
0.00535241785988827 -0.0308409784724282 -0.053828331502306 -0.0398005971954379
-0.00276449957117623 -0.0287308539348897 -0.0480838189800826 -0.0493638271433279
-0.00237591861022087 -0.0255167825745051 -0.0315696762794479 -0.059212863704737
-0.000440047564307304 -0.0287835096791961 -0.00564733439610477 -0.0802016011083842
0.0108690638744055 -0.0337579689524456 0.0275078044643561 -0.0860752066287247
0.0247684159680422 -0.0326962527918794 0.0612033065592343 -0.0711068324972784
0.0417740661897747 -0.0239111769288194 0.0728510839598298 -0.027731959312533
0.0511910606926586 5.70647686114409E-05 0.0490102982205559 0.00868986809540364
0.0488268349506505 0.0281609061421067 -0.00628343472339327 0.00660434265006776
0.03596628050216 0.0328235980863876 -0.0728395402740391 -0.0491073063258162
-0.000335337007787664 -0.018828146550163 0.0978680514078718 0.0110738251293861
-0.0172976595832928 -0.0109546754645091 0.0188516798970133 -0.0209276530686732
-0.0209848474462929 0.00482710035968469 -0.051657456002762 0.00331370636602851
-0.0106918614627614 0.0133629117057555 -0.0726329390018399 0.048732634442615
-0.00518564267543673 0.0103538745622007 -0.0414755803708671 0.101627395143877
-0.00554189227411291 0.00827967649598334 0.00548030374403395 0.106342847175595
-0.0077532358045746 0.00845921231494505 0.040763605172982 0.0828928942124702
-0.00876657659421505 0.00455125727391265 0.064750186027154 0.05473504042256
-0.01267539037274 0.00738772071437292 0.0738622750969384 0.0281525502794016
-0.0170210998101055 0.00361196857866163 0.0764050939711994 0.0126060044925673
-0.0150521004338033 -0.00156223363729913 0.072728026474141 0.00551654882148058
-0.0164996273643828 -0.00405600806089346 0.0788451106069825 -0.00405771671390771
-0.0138034442479793 -0.011429674970654 0.0921643303142455 -0.0118431090999899
-0.0018360647095125 -0.0196226562841573 0.101570308237487 -0.0114118049358875
0.00844917546359719 -0.0206655064802933 0.122908157172936 -0.0202940090856184
0.0407099452665283 -0.0184726110388356 0.0900597358653803 0.022732159719811
0.0246123354870917 -0.0159084514376133 0.0133039378758064 -0.0149660790052771
0.0115210377599603 -0.0152530816528533 -0.0532736929517645 0.00672444356441351
0.00785234995508008 -0.0177269644632341 -0.0737082886947269 0.0492566245780951
-0.000922497255341757 -0.0234712751644365 -0.0455881836466826 0.0982063260369747
-0.0140234841199508 -0.0220968048693104 -0.000512471147398864 0.102803059120993
-0.0256604706040166 -0.0149500922799505 0.0334348566284967 0.0815381702268121
-0.0278981238799023 -0.0148865153784959 0.0567984741717356 0.054025900453434
-0.034658509283416 -0.009234575034289 0.0656918634513328 0.0250874140477782
-0.0382877832786179 -0.0218950865648543 0.0690966807275274 0.00671107332758077
-0.0275429995025748 -0.0344372760985057 0.0700418733655275 -0.0023044751007773
-0.01545614557968 -0.0451371229077664 0.079375334846833 -0.0102214369678569
0.00751932832658484 -0.0486983466295687 0.0902181090537744 -0.0131700499567109
0.0371133177855945 -0.0421576772367666 0.0892094209434333 -0.0105477792220617
0.0573282930340376 -0.0354436299377099 0.10036450016842 -0.0178799286838226
0.0780334189564037 -0.0150519416934406 0.0666206332692864 0.0269115775156987
0.0653507781042918 -0.0189974230579384 -0.00302080961962418 -0.0152625339505789
0.045339339175016 -0.0359815376321435 -0.0617198139591405 0.00759104440043902
0.0261434825814354 -0.0491932934226482 -0.0748826614051432 0.0490432156173079
0.00226083633646119 -0.0562533700078911 -0.0462410741614519 0.0892161810248195
-0.0216278246136971 -0.0505641093622449 -0.00709093217665502 0.0892559300271506
-0.0402431022083697 -0.036437665004271 0.0200914647183893 0.0702943636513457
-0.0425543146580069 -0.032009330348343 0.0402363634275881 0.0450827707405242
-0.051055808614718 -0.0245222281293512 0.0489998660439614 0.0166043613216156
-0.0545922138491432 -0.041685304325822 0.0543753767274345 -0.0047784828828326
-0.0383680155399483 -0.06044362773538 0.0608906318226426 -0.0149847855895364
-0.0175074618606171 -0.0787518315142778 0.075854063379603 -0.0210386022131008
0.0218962996606818 -0.0799849846076374 0.0881653599408954 -0.0149115705526075
0.0668705601171303 -0.0609429269185239 0.0748031275623855 -0.00442137270384542
0.0955281912792018 -0.0461941265897619 0.0668116383260513 -0.0115631650944511
0.103260849334612 -0.0125420572541976 0.0292837871267604 0.0272414874628597
0.0978240647410633 -0.0249822043109919 -0.0287449627533468 -0.0171721114007014
0.0728543667973928 -0.057609726428191 -0.073262555509996 0.00617763838016136
0.0369699844264977 -0.0800339796305307 -0.0750460225269227 0.0464440097904818
0.00121265037181531 -0.0824678522823159 -0.0457020493387989 0.0730925798767539
-0.0288960803508478 -0.0710548705282767 -0.0154432325386661 0.0682817243041789
-0.0503058245982488 -0.051019756336228 0.00334224802028384 0.0507179984992231
-0.0510629524114275 -0.0435522431129801 0.0186407821395855 0.0306675331132303
-0.0592408776868059 -0.0360623730741937 0.0259619666700921 0.00382417002810826
-0.0610792003662442 -0.0570251520711197 0.0332559068776768 -0.0180677128933785
-0.0409624804614449 -0.078577255702347 0.0462046312867832 -0.0297019126363934
-0.0144405635244596 -0.100472163623694 0.068756772413419 -0.0315601052213606
0.034464820193744 -0.0984607377157759 0.0834771728279787 -0.0143737735513044
0.0879931785282857 -0.0684919468535778 0.0581070532181495 0.00727460614229207
0.118855772086161 -0.0479221387957532 0.0268348133572771 -0.00227045847852055
0.111692874433166 -0.0103971423745707 -0.0166535671496219 0.0258691911184604
0.112541256209932 -0.0292888033317822 -0.0597958381715232 -0.015152496535939
0.0855537706999782 -0.0726139592535633 -0.0834176422431821 0.00575963069587664
0.038803058303738 -0.0992836196665262 -0.0738118700840987 0.0385145897769131
-0.00330637966242139 -0.0953055170160783 -0.0467701346921388 0.049849313938175
-0.0348227085722285 -0.0797300022365101 -0.0276457456023084 0.0412016501759598
-0.0542500096744799 -0.0571371559364644 -0.0176097914962949 0.0276817187787753
-0.051559265615243 -0.0488574918693637 -0.00530435074380858 0.0124334120114644
-0.057614255368629 -0.043708279792585 0.00206411471208416 -0.0126438967376401
-0.0553506101202289 -0.0675894359709824 0.0115487050217565 -0.0339453940556392
-0.032622799566089 -0.0877475631295213 0.0312162800878061 -0.0453997493576274
-0.00170045554871336 -0.107029773008061 0.0610247693721433 -0.0392958997893014
0.0489643455494685 -0.0981030664229209 0.0756931884619536 -0.0114289441310193
0.100716400748654 -0.0604526842721661 0.0396744383750552 0.0181300924695417
0.125434024797237 -0.037538209015155 -0.0138163828543284 0.00443218829352733
0.101514038096766 -0.00701669442471627 -0.0630841934476976 0.0256539053779746
0.106402832589427 -0.0281713285109897 -0.0884254705172634 -0.00651536339346586
0.0809164583509731 -0.0724862000497902 -0.0890279085084763 0.00713447459828863
0.0328550128357357 -0.0976424652056828 -0.0701421818239277 0.0273278451807168
-0.00638310882318886 -0.0891729616050763 -0.0517947018072103 0.0243839418779629
-0.0337089379452518 -0.0740650848195765 -0.0432409382897763 0.0154964340591366
-0.0490941181343492 -0.0539332345194414 -0.0388031599278024 0.00476157520790296
-0.0442903255755801 -0.0472565627086228 -0.0277592593169608 -0.00799850018089545
-0.047236016463618 -0.046302971639348 -0.0192387556872309 -0.0324881069996084
-0.039873073865326 -0.0686835964015996 -0.00492385871752084 -0.0535536353696196
-0.0152339511208867 -0.0854164616122718 0.021446098622701 -0.0621827309868618
0.016689647908014 -0.0970806574814201 0.0559701132752326 -0.0452901777581384
0.0611404594017237 -0.0795399736478539 0.0655007557491748 -0.00864502172611669
0.100908713890126 -0.0390355388856662 0.0205394910067519 0.0234593727556757
0.114988817211445 -0.0184360329722022 -0.0503864275607859 0.00466025232132887
0.0733681688991992 -0.000340601074026619 -0.101690515552121 0.026069354626717
0.080687304372837 -0.0180250145974799 -0.108331003839706 0.00615436468214749
0.0617235744697861 -0.0555455387476069 -0.0908094376122286 0.0092257306598216
0.0225978435681405 -0.0740096370422971 -0.0678971038097063 0.0172035724132195
-0.00588743723995878 -0.0659810898316079 -0.0572585230074797 0.00324574535949062
-0.0254764601600886 -0.0553066637818967 -0.057865915069849 -0.00423134752880352
-0.0355019694877349 -0.041993762127361 -0.0564196286341627 -0.0136946143565456
-0.0304428063517383 -0.0378291298602863 -0.0454078171347439 -0.0265442304860395
-0.0305869737058273 -0.040848391259869 -0.0339972273308833 -0.0537795563055964
-0.0206305716309061 -0.05892402551207 -0.0128705326423988 -0.0737453353916744
0.0014609197714789 -0.0690639164023854 0.0204001623563276 -0.0782144400769487
0.0297531062107938 -0.0716427331343462 0.0552309411615177 -0.0505910517040906
0.0627226930332316 -0.049749181643556 0.0558843824399564 -0.00795479761094825
0.0864733330734882 -0.0132601745345856 0.00491123248708815 0.0199799973068417
0.0877762068896068 0.000958232279103387 -0.077205099616358 -0.00231726053042568
0.0327511080574563 0.010251915156271 -0.12421660575483 0.0261327132832445
0.0434474780525915 -0.000672116573326411 -0.115569532768705 0.016638305967457
0.0349482198994308 -0.0242928473316025 -0.0900482199663397 0.00986014527751486
0.0136571576488742 -0.0356578342501504 -0.0689397404566225 0.0101906000724917
0.00166333609435489 -0.0318330311685482 -0.0633775488885805 -0.00787376230352372
-0.00833073326716989 -0.0298559782242564 -0.0677242562800061 -0.0138629930261793
-0.0145113048767257 -0.0252472231966261 -0.0670759170230831 -0.0249446277438375
-0.0120150026414381 -0.0229575906021599 -0.0554464827870573 -0.0412390675047117
-0.0116786120005708 -0.0266640735764798 -0.0402107623198388 -0.070620985259594
-0.0043298451350644 -0.0367196928050336 -0.01146322041561 -0.0912407502288027
0.00945548076987838 -0.0415270695307863 0.0272667292513305 -0.0904756689569802
0.0288366046247371 -0.0403541891902158 0.0579157334758453 -0.0544583557068616
0.0486499854296537 -0.0203437390309189 0.0494081619288663 -0.0106017828649599
0.056958131786243 0.00575188154820773 -0.0039509744359691 0.0110740798769662
0.0477133553599688 0.0148332285897003 -0.0902470485837757 -0.0129692575788808
-0.00063120928760754 -0.0193953119930527 0.101029060582123 0.00821211153053497
-0.0179169668042148 -0.0112275983940389 0.0191888785870727 -0.0215181642448897
-0.0217501717194699 0.00518357144495721 -0.0534428826262109 0.00460920033987195
-0.0106595484540419 0.0140417777103111 -0.0743968851571349 0.0514406191778301
-0.00537680801009502 0.010270206159145 -0.0409636466181191 0.10515221177229
-0.00544902307448601 0.00828660517750507 0.00844620608670003 0.109564326805566
-0.00740212638122398 0.00897364397799943 0.0441217611518571 0.0847572534564318
-0.00935150274982657 0.00533865293128566 0.0684274645317008 0.0549840354644375
-0.0128388800501931 0.00812119986359245 0.0770105965283744 0.0267932249142966
-0.0176496757009603 0.00358576362784291 0.0796006882362467 0.0111248025660244
-0.0154004862995323 -0.00133502049452152 0.0752934843830693 0.004081858769685
-0.0164390161806586 -0.00359656596867604 0.0810445668577118 -0.00539357775611023
-0.0143955832368734 -0.0112595892735245 0.0936683718818916 -0.0131128490431791
-0.00220606278652015 -0.0204823880371166 0.104500551515862 -0.0130583095063536
0.00865929439125597 -0.0212620266401236 0.127340760670175 -0.0236074523503416
0.0421482728872175 -0.0197803630685041 0.0933745634704898 0.0198096783373319
0.0248827932739728 -0.0168782913967443 0.0131355569180597 -0.0160048862854698
0.0117411066667152 -0.0161075049949026 -0.0552679842145804 0.00760573164830361
0.00794740961399557 -0.0182537194021646 -0.0753873155293525 0.0518433145774046
-0.00230295771246188 -0.0240468652265104 -0.0443315201068271 0.102251569436742
-0.0152418617702699 -0.0226509865349078 0.00182145502068576 0.106197743417958
-0.0266775038196813 -0.0144698023947443 0.036180920203059 0.0835505588773661
-0.0293140789978433 -0.0147032176252399 0.0599413954174561 0.053736142906922
-0.0362243878204075 -0.00910519103402222 0.0688692079678434 0.0233903366727089
-0.040690742817323 -0.0213797174262762 0.0726381937452533 0.00512123728571944
-0.0291925175655227 -0.0350803613552448 0.0726891075026891 -0.003792901316627
-0.0169217150890913 -0.0467610280391806 0.0810230951880273 -0.0120395117887263
0.00645488808189007 -0.0500493209227675 0.0928860125361333 -0.0154143525521457
0.037966108909055 -0.0442806258761553 0.0914304032731445 -0.0123269221830287
0.0581940598924159 -0.0371725448944084 0.104101327229998 -0.0207370459042603
0.0798013455609851 -0.0174271996571029 0.069240623202123 0.0254830853006104
0.0671991365170017 -0.021638970949373 -0.00377817774076912 -0.016429275305015
0.0458107971090399 -0.0382687207368827 -0.0640200102827849 0.00805705216282928
0.0257828773947449 -0.0513520120914187 -0.0765876160941187 0.0516623581965541
0.000299145697881453 -0.0574182395035212 -0.0455700202114085 0.0930129087744315
-0.0233721647451525 -0.0513454294358139 -0.00550512452797825 0.0925932951894187
-0.0422483362916809 -0.0359278156581957 0.0224830490508195 0.0721526100393256
-0.0451072593090836 -0.0321145394822941 0.0428552960163996 0.0452781110037795
-0.0534198488136996 -0.0237339753418716 0.0509913307247341 0.0147491375576488
-0.0576462899364427 -0.0420796210123958 0.0561558728132988 -0.0061655693946299
-0.0409496819666326 -0.0612049409562508 0.0629640569001487 -0.0173704870732345
-0.0199351717471569 -0.0808522001992513 0.077482900728195 -0.0233085298489661
0.0204106948220215 -0.0825387842761475 0.0899163308780535 -0.017551454186965
0.0679646354346802 -0.0644358125694537 0.0766258873308307 -0.0057537903279248
0.0975476423392524 -0.0490768361068743 0.0692574025777424 -0.0130316284955511
0.105922551100203 -0.0157965574449315 0.030821122725735 0.026382619120383
0.0998278129953537 -0.027350100696262 -0.0299274451720526 -0.0177378955251306
0.073233904658762 -0.0609857963568176 -0.0753682926827093 0.00743064225565309
0.0363952679722834 -0.0832320638698691 -0.0763333024038297 0.0479730467344357
-0.00150233339630061 -0.0845849870063998 -0.0450950595681997 0.0760450107252706
-0.0320634325578406 -0.0726197772027458 -0.0146437516991394 0.0705466609933735
-0.0533396673971801 -0.0510489818869825 0.00453061223588248 0.0528856665996581
-0.0542034066156781 -0.0442976468739366 0.0195005710591811 0.0310468301951889
-0.0617971705843012 -0.035506331064728 0.0270627870012272 0.0025495968639005
-0.06507137794116 -0.0573627217351208 0.0341671464129068 -0.0197465235721796
-0.044714232571251 -0.0803716324442138 0.0473729707461505 -0.0325369242663042
-0.0176972290447128 -0.1035581784146 0.0704582463422054 -0.0333915659046153
0.0335156424553918 -0.101692133621014 0.0851210347382902 -0.0174574492070525
0.0898965845944147 -0.0727281692337425 0.0597243277641129 0.00608101975732669
0.120976654011558 -0.0509166954555139 0.0278659428512598 -0.00270255857448745
0.114616625917167 -0.0137483105116912 -0.0175142859705399 0.026439395947828
0.115219755349274 -0.0328464807699495 -0.0620250841887549 -0.0150302387342467
0.0858254875909941 -0.0763493746409208 -0.0860414425188566 0.00720701545820254
0.0374541180178524 -0.102896094020073 -0.0750781244202793 0.0403318111119647
-0.00610871535998793 -0.0979362642690086 -0.04701927577749 0.0520898898799553
-0.0380438777107297 -0.08075499889505 -0.0276504519408121 0.0434334122362176
-0.0575792328150931 -0.057242514058833 -0.017137813516894 0.0288973711487589
-0.0545526639297503 -0.0492086315565133 -0.00548920545735014 0.012735493618903
-0.0597857829886813 -0.0438670152683391 0.00165532487763887 -0.0141921799218357
-0.0593945553985053 -0.0680883580003247 0.0117341516541995 -0.03547485092468
-0.0357184681927055 -0.089331135703257 0.0319323568287702 -0.0484778879391674
-0.0050643110612858 -0.110442062178997 0.0620682376319878 -0.0416183830505126
0.0485520074402509 -0.101645958985802 0.077539503350113 -0.0142244766766375
0.102785443650633 -0.0649670058159848 0.0411056139946871 0.0175364022312854
0.128275751475423 -0.0406953735617619 -0.0137517433046534 0.0051373278575416
0.104478422686498 -0.00954385544569007 -0.0650851488932773 0.0270687819150851
0.109125831652261 -0.0309530040693731 -0.0914922709232223 -0.00524171820498241
0.0807848409623866 -0.0768292711773443 -0.0918406894698758 0.00833479488499006
0.031052394878724 -0.101096451306331 -0.07207863664964 0.02858219707156
-0.00937305120271044 -0.0916981563467282 -0.0522066962336143 0.0257721477740068
-0.0366782541435664 -0.0752214290987603 -0.0441128202123613 0.016641698606381
-0.0520720455053773 -0.0539151283591369 -0.039882505558901 0.00631831223560013
-0.0467125427044093 -0.0477688588535363 -0.0288846486407 -0.0071988798266044
-0.0497094766047796 -0.0464670374170399 -0.020588435648941 -0.033805444147101
-0.0432780198519538 -0.0700546551231899 -0.00616448361397215 -0.0556211955363573
-0.0177576403285724 -0.0874840562731151 0.0214908847473771 -0.0650124340852743
0.0147438112687553 -0.100729259475439 0.0559998136675514 -0.0479438895241637
0.0609736139363536 -0.0829310855446372 0.0674789163336382 -0.0111866375036659
0.103394923228939 -0.0425644530064604 0.0216571494312454 0.0235585166816126
0.117416071959798 -0.0212304635714949 -0.0516258985981695 0.00639651440014139
0.0754929145510968 -0.00238619122584919 -0.104304413042685 0.028639699943916
0.0829481153243981 -0.0208660739581018 -0.111590308828996 0.00817556135922447
0.0617045520532544 -0.0583694951066987 -0.0930592197149271 0.0102515006004019
0.0213280490477083 -0.0765947916645999 -0.0699262888909555 0.0179782170971139
-0.00799886520146237 -0.0677828772932509 -0.0591030755116723 0.00473006311164957
-0.0275172694973661 -0.0560816863357983 -0.0597098670723298 -0.00304897413626799
-0.0377990326869227 -0.0422000839859639 -0.059010741297992 -0.0120867612106109
-0.0323831270655353 -0.0388289844758034 -0.0478074635961421 -0.0257992626016397
-0.0325979803501076 -0.0412949873430055 -0.0366377391202775 -0.0549892217269338
-0.0230381031033154 -0.0602617618304892 -0.0152860548808747 -0.0762209339314919
-0.000544603222418786 -0.0708963945762734 0.0200299462959459 -0.0810663722280117
0.0292069725842702 -0.0748579514918053 0.0554682936943484 -0.0528548249476679
0.0632869664638107 -0.0523359275594816 0.0571627931461609 -0.00969026063089194
0.0884984582559294 -0.0159383980401311 0.00495294599318218 0.0204472047577507
0.0899041964697578 -0.000569622420390303 -0.0796271815141872 6.75430863248584E-05
0.0339195411338527 0.00915818462103359 -0.128456778224911 0.0293767936353197
0.0447725688936511 -0.00177624640246714 -0.118523183184581 0.0191407783651895
0.0351321264003856 -0.0257641490077192 -0.092125061045073 0.0110372974266547
0.0133154540245467 -0.0368868972725895 -0.0704816619295118 0.0114400749632182
0.00102869779091123 -0.0328713962719098 -0.0656807539868949 -0.00642416981679322
-0.00873166524251546 -0.0304241891450795 -0.0710300684571941 -0.0127567835792516
-0.0157352671352342 -0.0257992850152206 -0.0707821097994042 -0.0236699095685074
-0.0127016682924613 -0.0233620742304434 -0.0579972557789519 -0.0408213574223817
-0.0124552408361865 -0.0271832679982534 -0.0434655603092545 -0.0723419615594518
-0.00470372099661033 -0.0375588403999344 -0.0144060966889622 -0.0941477790267018
0.00884679495844187 -0.0427729550225196 0.0263257242907835 -0.094531503311298
0.028688343277154 -0.0416849301824204 0.0584674010732035 -0.0574546060790539
0.0496704229812808 -0.0221545522512643 0.0508896148133764 -0.0122588205519349
0.0589483819306102 0.0048073405583197 -0.00364380310668872 0.0113602570518206
0.0487672789003668 0.0144243363623985 -0.0934366508627717 -0.0107563572869362
-0.0017355419021533 -0.0197446394290414 0.103453264934638 0.0027852170894267
-0.0190902922467289 -0.0109226990724542 0.0182463810543063 -0.0232382300150286
-0.0217414605491334 0.00628195786790358 -0.0540829609060652 0.00676277939056298
-0.0099919226200935 0.0151652687554247 -0.073971252088799 0.0557564057689815
-0.00539986868820351 0.0109555394909176 -0.0356719152855911 0.109102458503806
-0.00550333187540785 0.00885013831330401 0.0143968849422738 0.11124534562376
-0.00745979039494209 0.0097064874826259 0.0496675942445359 0.0842004144329778
-0.00952703027301042 0.00592943258327586 0.0726732360030797 0.0512116635970047
-0.0132251318251403 0.0086395092296931 0.0805104531527104 0.0226877247472051
-0.0178255719502544 0.00466415508779559 0.0817706179059223 0.00688146666450354
-0.0155239563031443 -0.000708573261595408 0.0770585102611072 0.000648951045104742
-0.0165612480964032 -0.00318148357000481 0.0823370249531907 -0.00977643659943641
-0.014987087070018 -0.0103370243241362 0.0939781577578428 -0.0180290690644778
-0.0032693213920872 -0.0209514962324887 0.105181347289845 -0.0171425937352575
0.00816263690263598 -0.0218505651666215 0.128757188757233 -0.0304892459020786
0.0418711913765053 -0.0222937726131139 0.0958333016381885 0.0150532291663692
0.0242915031809314 -0.0184961618304419 0.012595994501335 -0.0176206709089489
0.0105275389523146 -0.0173075499462893 -0.0564414052728527 0.0100429076006741
0.00705749889678474 -0.0183891158543278 -0.0738894343505366 0.0557661228211223
-0.00387084654326463 -0.0239665163067789 -0.0392294686826358 0.105539990610775
-0.016982166507777 -0.0219947812408863 0.00773416275790832 0.107750448473053
-0.0276630931209553 -0.0132190597446946 0.0417784337897167 0.0827525465011166
-0.0311833455935396 -0.0132100577915726 0.0638194772812334 0.0507827903736957
-0.037232531061683 -0.00742171753618023 0.0716991070905924 0.0195341217090796
-0.0425367341435893 -0.0199999455785928 0.0745501510368755 0.00120254889193097
-0.0313108879785744 -0.0344285531331643 0.0741039865845056 -0.00747057002982476
-0.019459065281988 -0.0462148406674517 0.0819652562646887 -0.0162477455473097
0.00423261558965534 -0.0506148151187672 0.0924611714389766 -0.0202207795193505
0.0362673349762434 -0.0475928850407008 0.092328033668831 -0.0164232043759977
0.0573918053233966 -0.0404467725880917 0.105528958668383 -0.0266765070387219
0.0803861920100495 -0.0215518551835992 0.0716249231625001 0.0219160500895921
0.0671448927729651 -0.0252422500863651 -0.00428228932488259 -0.0166672219970699
0.0439724250707369 -0.0411848575312262 -0.0653924135697415 0.0109566993542862
0.0230121399070211 -0.0531741429646371 -0.0757137806992088 0.0554589755083443
-0.00296379101159449 -0.0581081996866931 -0.0412592782888786 0.0964291904593163
-0.027242920858505 -0.0508595585825184 -0.000664589752091801 0.0945938990809106
-0.0449661685222094 -0.0342201847823283 0.0275756441619023 0.0717855659199033
-0.0479978540650004 -0.0302483547354344 0.045722681217976 0.0435010437621768
-0.0558847026261122 -0.0210358979835657 0.0530579782706658 0.0112076291115107
-0.0620834089755456 -0.039653781569111 0.0571083066352989 -0.00967107086594156
-0.0452050742921924 -0.060748612553002 0.0638254406277336 -0.0211891302052281
-0.024959532933583 -0.0812621107759534 0.0774943559018979 -0.0270168550945499
0.01670645360946 -0.0850294044386511 0.0897785926172299 -0.0222846545013674
0.0663075754414492 -0.0696300444487547 0.0779240810726481 -0.00895970366683494
0.0959666205872024 -0.054567941611497 0.0705403137167036 -0.0164016949153103
0.106708083788944 -0.0216378512630208 0.0324625279091603 0.0245924100101006
0.100347812341963 -0.0329999550535661 -0.031630190188692 -0.0171764824717921
0.0700370757048162 -0.0655020124996511 -0.0766995823364574 0.0104729078210794
0.0322766160448494 -0.0863885793860305 -0.076071525398017 0.0523287922385307
-0.0063367120041656 -0.0854541093333583 -0.0414938187633854 0.0794218294757375
-0.036951954023629 -0.0718005416853515 -0.0108765279570428 0.0725547125028336
-0.057523259670395 -0.0490621300836338 0.00810567706720313 0.0533421559462628
-0.0576774743346001 -0.0416948367322559 0.0216657740671367 0.0298729783443521
-0.0646160191876636 -0.0328590489803795 0.027943578312045 0.000331544784279556
-0.0699385609974788 -0.0548479581895926 0.0339507665283873 -0.0221569770930469
-0.0496640316169286 -0.0793223873349984 0.0478463829033261 -0.0366023801612049
-0.0235817340355265 -0.104180769934126 0.0699374996371479 -0.0366079965769368
0.0290598034502874 -0.104753802717034 0.0856212644173499 -0.0223420451379135
0.0883831885635396 -0.079264319171776 0.0613222087851069 0.00366068526368696
0.120393739168567 -0.0574958278994262 0.0292481614618713 -0.00410570780147594
0.115685542645607 -0.019944582486715 -0.0162808668276538 0.0270172492354237
0.115693549722628 -0.0391797018856548 -0.0632183186080575 -0.013437763785612
0.0825072793943019 -0.0817168749888714 -0.0872532251091508 0.0102927651444603
0.0322770397995221 -0.105928655015645 -0.0748217306355015 0.0434330691768511
-0.0121064043449647 -0.0985896987300032 -0.0448900018162704 0.0555699623354807
-0.043302807340978 -0.0802488919280232 -0.0260704620477483 0.0451798352929719
-0.0619558012814677 -0.054966982160054 -0.0158221090430069 0.0300528836785749
-0.0584775319856482 -0.0477607431617016 -0.00475499452421941 0.0126980749399166
-0.0631086141136685 -0.0412963688227257 0.0011244660102748 -0.0153011577196793
-0.064880316499515 -0.0657088884227154 0.0102319140716153 -0.0373527057880033
-0.0411203753448741 -0.0897818373185292 0.0303284434230847 -0.0516666403721383
-0.0113009274131607 -0.112289786874644 0.0611468402352664 -0.0446777201605778
0.0439220896041355 -0.105465648399454 0.0777294322161292 -0.0189760906059081
0.101484516200301 -0.0710297421383074 0.0428104326205853 0.0159643351687076
0.127934324507679 -0.0472355717839985 -0.0134159241812204 0.00651226980474294
0.105508513520122 -0.015568567852476 -0.0650397396519899 0.0309758737749958
0.108920102976743 -0.0375415171046321 -0.0934594939134014 -0.00127082274482793
0.0776255544186366 -0.0813117335700921 -0.0934121657564262 0.012477459321437
0.0262678630967528 -0.103688580493084 -0.0723215772606536 0.0319936195382326
-0.0145631953786705 -0.0926816175654071 -0.0516360662915644 0.0287613507992354
-0.0416660356969452 -0.0741904765611947 -0.043955353702644 0.0189398241192307
-0.0561724533638107 -0.0517267636433846 -0.0401081297730997 0.00848671268992222
-0.0500855016418832 -0.0460829881831076 -0.0299663120981576 -0.00605643608600401
-0.0522588631490147 -0.0447333382335226 -0.0229160722270947 -0.0337135427336627
-0.04834684774806 -0.068681628060658 -0.0088864583569662 -0.0557277161653924
-0.0235370395388583 -0.0876523459636122 0.0190416366262463 -0.0682893998417007
0.00901452309687206 -0.102939866831264 0.0549186618454021 -0.0509348354802751
0.0580463990836531 -0.0872910681733722 0.0678139046553142 -0.0151510638264291
0.103396884418219 -0.0484417934124857 0.0234757462658776 0.0223640441019074
0.117701490138385 -0.0269229225905975 -0.0516845087235669 0.00970097038683719
0.0762849207422061 -0.00672757262212834 -0.105352829905363 0.0344975969757328
0.0826473761548553 -0.0252661775823799 -0.113176374148444 0.0128039177405518
0.0588364081218517 -0.0622246447098181 -0.0945514001597424 0.0144846680638842
0.0171767465309185 -0.0785874601795215 -0.0702793424073563 0.0215431878119422
-0.0120278973502989 -0.0685024319592741 -0.060454179632779 0.00713357464846191
-0.0313230854753803 -0.0555080598058424 -0.0613617766521781 -0.00043330902333358
-0.0412410978931987 -0.0405315932924616 -0.0609772305596891 -0.00916115370313271
-0.0344201285038232 -0.0376080443746789 -0.0500818505530337 -0.0235985530725263
-0.0350249089187674 -0.0399363977542128 -0.0402008419963603 -0.0536783113785701
-0.0273510365560559 -0.0595411225074235 -0.0196621097581584 -0.0765148231497332
-0.00439311887073828 -0.0719593970086348 0.0163645388552015 -0.0849061826243173
0.0254620010202704 -0.0778142907938825 0.0541602849845756 -0.0565004381710483
0.0616982815989804 -0.0565088111534101 0.0581606286645837 -0.0134755959525284
0.0896619491527444 -0.020454623466266 0.00624686039159383 0.0199189963703587
0.0906649783842357 -0.00506891217596376 -0.0807358516689854 0.00462203556741154
0.0345931698685003 0.00697567341856069 -0.129692679434226 0.0366702263545406
0.0448554138565948 -0.00406540650899187 -0.120017108642879 0.0252940930335393
0.0338287621532457 -0.0279157399351281 -0.0935346097281852 0.0154440295000366
0.0114384857492361 -0.0379594631229541 -0.0710976124729012 0.0144972766059461
-0.00114232078192239 -0.0331117759038077 -0.0678772217370564 -0.00327512537442002
-0.0114137958987873 -0.0303739274371135 -0.0731711696082386 -0.009628404692143
-0.0171540858995747 -0.0252947581535439 -0.0729341667486363 -0.0204837435753778
-0.0137989700822464 -0.023645937853901 -0.0611129884856111 -0.0381239381531182
-0.0139636697153739 -0.0264730648170388 -0.0482031430891112 -0.0713870153042868
-0.0076002689622675 -0.0381478647498374 -0.0197910377436617 -0.0941204217466941
0.0065529488570312 -0.043683888989647 0.0219866809777452 -0.0980477637155111
0.0269371513659035 -0.0437385489517321 0.0570382437865567 -0.0609016948273748
0.0493862491636185 -0.0254974293253336 0.0513396164968263 -0.0149245964810677
0.0597761493536807 0.00189705906148079 -0.00311449188471307 0.0116141893995723
0.050097515357418 0.0124725707527382 -0.0954058112021856 -0.00556719006000112
-0.00263332893886257 -0.0187341502014872 0.101650498009367 -0.00381423035518882
-0.0196184120456532 -0.00954638714658172 0.0166167232099369 -0.0247746020238374
-0.0212242845948109 0.00715196927606992 -0.0533805754585456 0.00969692514753895
-0.00861966869310991 0.0152078031254051 -0.0702105097497192 0.0591940765959726
-0.00502445058400555 0.0115957107899471 -0.0288024569818194 0.109224957885231
-0.00551557403098924 0.00891708723320751 0.0216559536661755 0.108992367100919
-0.00652214382711393 0.00977671605372689 0.0534176675955714 0.0800759817112862
-0.00926786086227351 0.00643664397331684 0.0748281213239393 0.0456904727383126
-0.0127387774446441 0.00926378538642153 0.0803246748234826 0.0169561259851525
-0.0173829226014901 0.0054269831723775 0.0814477479772047 0.0020904518236605
-0.0146008798617735 -0.000303275143680877 0.077039643553729 -0.00366899763563206
-0.0164190776842288 -0.00173742660527547 0.0809011302792287 -0.0141339347881534
-0.0151211381463788 -0.00926986488257783 0.0909470944230597 -0.0220344103975231
-0.00460931447515736 -0.0206941384393994 0.102727839825181 -0.0219420418518217
0.0067947883459256 -0.0216024669223367 0.126231457647533 -0.037925087175281
0.040227217987835 -0.024162915776287 0.0956245257054372 0.00896547124534515
0.0227294094019136 -0.019745474757798 0.011737530313401 -0.017957247373881
0.00894726831606246 -0.0177231922341363 -0.0551548587586175 0.012863926043681
0.00592396570783377 -0.0185875637556232 -0.0708220464238123 0.0592667414725484
-0.00557316554228904 -0.0231790153360168 -0.032009932887546 0.106058581029859
-0.0185268734321388 -0.0206824952740339 0.0142912830663111 0.105594874460772
-0.0282637649063773 -0.0113397862994297 0.0464184177680742 0.0788892869830202
-0.031800932314657 -0.0114352036041731 0.0661673185930617 0.0458057038580723
-0.0375107843010585 -0.00491670679279486 0.0719552043382588 0.0143163047668423
-0.0442062151187114 -0.0172457591782274 0.0744787280676975 -0.00355424761780325
-0.0326972247811705 -0.0327020652980171 0.0736236697893541 -0.011608085066031
-0.0219002446217173 -0.0448582235911607 0.0797202953431648 -0.0202502436824011
0.00173688786176297 -0.0504246188958562 0.0893315946168757 -0.0251929439832388
0.0332894804409386 -0.0489655126600227 0.0897397956546125 -0.0203614701309231
0.0541358899711849 -0.0423993109731355 0.103315361017203 -0.0323767411282408
0.0778031284979926 -0.0262470340782472 0.0714274277121476 0.0166260031954092
0.0650469464402385 -0.0285388513970229 -0.00517179503839004 -0.0166744502147335
0.040310944502783 -0.0429176455204506 -0.0636104884107947 0.0135975732250673
0.0198722080094688 -0.0538182129667 -0.0723421013429181 0.0584537850852483
-0.00708274209014962 -0.056667164824637 -0.0349438820142319 0.0965613163499247
-0.0302833212793608 -0.0488643565004422 0.00488218789160571 0.0929357774775726
-0.0471560605328094 -0.0312726898027375 0.0315319792846933 0.069282982031534
-0.0495350594625266 -0.0267137918374543 0.0481255070308259 0.0396650155537595
-0.05631393902555 -0.017513190598952 0.0531544672821878 0.00748719695833469
-0.0639152554182931 -0.0352608674985688 0.0565113257360549 -0.0129928972678943
-0.048055302455128 -0.0575814374782994 0.0622884489191499 -0.025234134938589
-0.0294892532252553 -0.0790388108656494 0.0753126022173926 -0.0301215796438845
0.0119227763621156 -0.0846199695367509 0.0864458953964163 -0.0271544757913167
0.0622791166086864 -0.0722889381172724 0.0760018442118332 -0.0131474715090101
0.0914967349371291 -0.0585142851657498 0.0693889833453407 -0.0207034053538991
0.103531802445613 -0.0276541873013542 0.0329703082306135 0.0214453392867268
0.0971890634193966 -0.0383703429450383 -0.0317636399612599 -0.0161605559227619
0.0649376702386721 -0.068452531270701 -0.0752095684201229 0.013968353234339
0.0269703178608489 -0.0866177409885883 -0.0728210493660877 0.0551803124109732
-0.0119390162104692 -0.0835163564786119 -0.0362971661154149 0.0803771052313015
-0.0414333243111899 -0.0685939985715112 -0.0066768251438625 0.0715519962239076
-0.0595455224341726 -0.0447183596986315 0.0113229819902069 0.0517437017418897
-0.0602661790075702 -0.0377823589437693 0.0233316575118519 0.0282012446122495
-0.0657378264138282 -0.028412392411336 0.027364405803237 -0.00236342569847168
-0.0727417275754372 -0.0496340024767241 0.0329035029658732 -0.0242235835547972
-0.0539379000989882 -0.0753863487108952 0.0451152791473623 -0.0391944726129937
-0.0302019869287867 -0.101420308695332 0.0670327227498205 -0.0397911577790572
0.0228873790600118 -0.104885329826417 0.081921484438703 -0.0270991445773658
0.082843605843936 -0.0830438106625493 0.0605424123797141 -0.000386626518365325
0.114553399437499 -0.0631712122669404 0.0293539517795159 -0.00537015796100592
0.112809280574176 -0.0270461083584341 -0.0146806342249536 0.0269457893316901
0.111647610389386 -0.0451116021478325 -0.0632629768907227 -0.00987776057002957
0.0759198216132653 -0.0848100208342054 -0.0857696777543515 0.0145786079346243
0.0256765783708894 -0.106176926226827 -0.0715238276898914 0.0463073092441943
-0.0179179508172202 -0.0961690601729883 -0.0410854146006079 0.0565031430899208
-0.0482112157857532 -0.0763308059747688 -0.0229773904297062 0.0456150397599504
-0.0644658460663233 -0.0503525066144724 -0.0136772015391402 0.0308274438442276
-0.0613020867899851 -0.0440717555511592 -0.00421844805365133 0.0130151936181189
-0.0647363876193526 -0.037010153140463 0.000185552632449317 -0.0153583977492386
-0.0685617713223291 -0.0606938673761897 0.00835605556449624 -0.0375093431866399
-0.0464122754177043 -0.0857709168922694 0.0273219466679792 -0.0539397748950334
-0.0186944771127227 -0.110089646530237 0.0579806322728194 -0.0470808476183306
0.0373995867514479 -0.106104615009708 0.0747454513100807 -0.0238652297293072
0.0966419741753516 -0.0761409225496021 0.0431895735878631 0.0127955365579112
0.122578725826399 -0.0535600878568562 -0.0118267212010306 0.0077603445581512
0.102545587873647 -0.0220572311292606 -0.0627991540466514 0.0338911920809846
0.105149690833098 -0.0429334628017107 -0.0918626705873254 0.00308126507433634
0.07103392143886 -0.0842040271504754 -0.0916825105149286 0.0165988594882806
0.0193218024036565 -0.103247972333685 -0.0695102863164907 0.0350639408996325
-0.0203277519800521 -0.0902219460454188 -0.0492068548711409 0.0304132674600778
-0.0464815261482511 -0.0706118961015935 -0.0437733714613683 0.0209081841248655
-0.0590148611600734 -0.0476990771964209 -0.0394940994049018 0.0106743301155241
-0.0526698463767735 -0.0427901263312389 -0.0302555124558912 -0.0039164642712351
-0.0543478679155984 -0.0411728263309628 -0.0250109244171925 -0.0323712463539516
-0.0527072657396969 -0.0644013169341122 -0.0118956463851864 -0.0551332084921499
-0.0286906766506459 -0.0848183944769168 0.0152126111280047 -0.0692403485180277
0.00238337942472088 -0.102233152859836 0.0520608024455195 -0.0532405844087144
0.0520812610395565 -0.0889943133151808 0.0656304320093102 -0.019360763997713
0.0993545849982246 -0.0539143635778302 0.024629335787461 0.0206606660712961
0.113510874101343 -0.0327040501522005 -0.0491901298951136 0.0131231276491779
0.0744692143342739 -0.0115111615168437 -0.102456356375355 0.0404931905809213
0.0800574547057771 -0.029799343461774 -0.110863839253478 0.0186562371585992
0.0538521925159449 -0.0638749151695069 -0.092763917334215 0.0191927775851478
0.012188173794566 -0.0779629412707455 -0.0682365178847131 0.0243658402414764
-0.0163109674958665 -0.066585781699604 -0.0592724165531323 0.0101770172948139
-0.0346599215127062 -0.0524374099302078 -0.0619290800304714 0.00295443493421879
-0.0429826683638133 -0.0374028930097793 -0.0607129308275802 -0.00470818784894877
-0.0369854281088429 -0.0356043485443997 -0.05056038259297 -0.0198665413052738
-0.0367125958281772 -0.0373769433111219 -0.0433894528098845 -0.0507311167784053
-0.03121242854904 -0.0570630624532339 -0.0233578434220729 -0.0741935456705703
-0.0090839921404041 -0.0704001408413571 0.0111966799521232 -0.0849804988884339
0.0199619313618085 -0.0778157230475491 0.0502383288445296 -0.0583106988607943
0.0576549139912977 -0.0595356297981815 0.0564352567103294 -0.0172641666414777
0.0872440222946703 -0.0254110997405978 0.00760267339606886 0.0193006553468368
0.0888923458096816 -0.00945959754939703 -0.079031969818517 0.0103845987809771
0.0341099785451003 0.00498103118760002 -0.126565582605972 0.0441864678073667
0.0436123460896578 -0.00670090069522409 -0.117008066830531 0.0311793740591584
0.0310196079655999 -0.0289795695558478 -0.0913533660278647 0.0200534383952922
0.00848621597508039 -0.037590124280186 -0.0695490794617525 0.0179627994576203
-0.00342049458084322 -0.0324160943355776 -0.0672511848464623 0.000212910955041264
-0.0133747586144012 -0.0285140828730732 -0.0736774434071934 -0.00566906197494723
-0.018389560279715 -0.0231714467105259 -0.0736563237901443 -0.0153329899696216
-0.0150904004799533 -0.0224534567900064 -0.0631738873771975 -0.0333389587817756
-0.0148491746271644 -0.025189152161908 -0.0518192176575043 -0.0671945561565387
-0.0101669825138291 -0.0368986718417274 -0.0252762267471775 -0.0918569658415165
0.00358824302580159 -0.0428247371294853 0.0161818211715726 -0.0983615060975193
0.0240474575342792 -0.0445775854525042 0.0528501134642576 -0.0636781587138607
0.0471153380156765 -0.0278604620848541 0.0501026612309651 -0.0177827401301199
0.058620690824555 -0.00133080543773745 -0.0022441632250529 0.0118415538642511
0.0491533498711324 0.00971372995451081 -0.0939967682354309 0.000564795469338771
-0.00320055263765793 -0.017473984739828 0.0971629773354328 -0.0084880845874706
-0.0190336446524752 -0.00840907599195453 0.014775361257512 -0.0244760755936572
-0.0200029011768369 0.00762851358104744 -0.0513975816426492 0.0108905732372022
-0.00752404015729624 0.0151671912338544 -0.0661444786390219 0.0597054888002911
-0.00460053223641113 0.011372766952164 -0.0233637299717605 0.105574689788842
-0.0046453187461623 0.00896667440258802 0.025299929567291 0.103915262904172
-0.00563275081322401 0.00978407645528344 0.0550993239247062 0.0749131221479604
-0.00893318549863864 0.0067890553456041 0.074251287606958 0.0407084993617584
-0.0119961704908248 0.00950746956075764 0.078708289215774 0.0122472653498747
-0.0167158169338115 0.00618513020769639 0.0790750371811631 -0.00148198853784
-0.0145766641662492 0.000210977136658805 0.0744762677550504 -0.00624010071385457
-0.0156960559585515 -0.00123947423090444 0.0772955335747379 -0.0161602438538196
-0.0149379326412379 -0.00805171720699504 0.0861168187431076 -0.023817480791152
-0.00489003879789531 -0.0202943392492338 0.0982953916485477 -0.0239237881968688
0.00610808873738335 -0.0206230685796739 0.120934071377917 -0.0412393865636431
0.0376425091311486 -0.0243030137513629 0.0918750578938947 0.00394065052978895
0.0213997660488975 -0.0202842082765748 0.0106124227408891 -0.0181056341266896
0.00761560695663656 -0.017716941416928 -0.0533074351434601 0.0143604025490287
0.00513412024186074 -0.0177831521800966 -0.0667789839921726 0.0591623092892756
-0.00669526604834309 -0.0217408645056038 -0.0269346385751782 0.103199804607803
-0.0189894169005003 -0.0191494202757926 0.0180491424244373 0.101173871865939
-0.0279001660658855 -0.00958900977188079 0.048302039866367 0.0741488604711552
-0.0314483802181353 -0.00912099602717433 0.0658274222409511 0.0410263554051985
-0.0364725479058925 -0.0031246570647351 0.0697242913388929 0.00981582186269539
-0.0433883567722982 -0.0143192727931165 0.0720306941304836 -0.00659043476127074
-0.0329855841163808 -0.0307141273838444 0.0708235289705186 -0.0143602869140879
-0.0225442438130577 -0.0424076987260636 0.0760429953839932 -0.0219885868535604
-0.000425367225471014 -0.0483341679437589 0.0842213309734173 -0.0266287808128392
0.0303437347601515 -0.0485151486648887 0.0862447748108716 -0.0223842432703764
0.0511066925180989 -0.0426844721554486 0.0990521475124008 -0.0354302757723197
0.0739472084525345 -0.0286342184100961 0.0693708807058175 0.0125500988712136
0.0610687671773994 -0.0301380974201161 -0.00555747107211994 -0.0165278160742296
0.0362454095025458 -0.042544996410775 -0.0612518445934184 0.015087319300306
0.0173897198509816 -0.0524403510024672 -0.0681906189593517 0.0584370534275702
-0.00937104712561118 -0.0537142028983133 -0.0293705253664939 0.0940333452167536
-0.0313482280077994 -0.0454932276526215 0.00850156806083828 0.0888608274562672
-0.0463992950381386 -0.0280662887773708 0.0332788432203626 0.0650519772396637
-0.049495523532912 -0.0235186131905383 0.0479534296278371 0.0359531988784334
-0.0547761163606134 -0.0144117747694034 0.0510778414597421 0.00453022043489761
-0.0634171663308469 -0.0308911548467779 0.0542950374714972 -0.0153322471640347
-0.0491067461010262 -0.0539412958524575 0.059548391489643 -0.0268075201205936
-0.0317061856445628 -0.0747633124229235 0.0712222052453289 -0.0315704549467232
0.00829675496508533 -0.0816923049061722 0.0814942407466222 -0.0294941920813147
0.057069351641042 -0.072396196524116 0.0727632694472989 -0.0148435465387276
0.0859913425766318 -0.0593075521097955 0.0671554606341412 -0.0227056249514512
0.0983060030616366 -0.0307632089935045 0.0326296862721398 0.0189079936892116
0.0922420308318409 -0.0410054579652143 -0.0312408500601018 -0.0148694941756356
0.0592558657460653 -0.0677491945497096 -0.072337192819942 0.0154336253123654
0.0227870699690774 -0.084260021635257 -0.0679816594052968 0.0551431769331754
-0.0149781180832942 -0.0795778783677099 -0.0310093462003786 0.0778963145856009
-0.043235004925064 -0.0642295385341812 -0.00358570986350762 0.0686398741807097
-0.0599546524470777 -0.0404654154838184 0.013244543546361 0.0488176201240476
-0.0601000524061864 -0.0338800798755634 0.0233299802883092 0.0258633657800128
-0.0645311509406406 -0.0250631052380412 0.0260798317401812 -0.00395443864965069
-0.0730045826822557 -0.0447732255472527 0.0307975548790166 -0.0248540841232225
-0.0552945666481584 -0.0707454634058187 0.0424894637059052 -0.0400834989585857
-0.0333605377096184 -0.096789609708467 0.0629404784635967 -0.0405492875957792
0.0179319104187929 -0.101870651493997 0.076798856833236 -0.0292274334225401
0.0767619220928414 -0.0835140178960352 0.0583435302621737 -0.00271807349861385
0.107931380294008 -0.0647772378328967 0.0290785700778735 -0.00636181412870171
0.106728507859518 -0.0304691007731791 -0.0131858958044075 0.0257722445547518
0.106059589235464 -0.0479087729046618 -0.0612038940526428 -0.00775650053027136
0.0690090718914852 -0.0844289118538786 -0.0829001842869563 0.016766896313518
0.0202219612260805 -0.102924901386842 -0.0674583303043474 0.0471389642177045
-0.021467283930394 -0.0915630579330224 -0.0369000286162798 0.0555651660674672
-0.0497919109191066 -0.0713405430791086 -0.0211187556594483 0.0447551389551569
-0.0643973351350737 -0.0456177649813739 -0.0118568348488632 0.0301272264618362
-0.0607428773797597 -0.0396545417266923 -0.00314952752058405 0.0125701891218817
-0.063480421372759 -0.0331462388729228 -0.00102596271610758 -0.0155954255930171
-0.0690204164111979 -0.0550325928856577 0.00696261036346272 -0.0367932259502124
-0.0488749676073265 -0.0811834834566156 0.024761351438211 -0.0535786188244481
-0.0226995924247583 -0.105333080376753 0.0543576794232951 -0.0475679470062261
0.031616591690372 -0.103865209280674 0.0702582847602053 -0.0261921157798509
0.090081249751839 -0.0772794200206298 0.0420185412861376 0.0112268099366336
0.115770504583501 -0.0552374147330764 -0.0103229290897509 0.00801351036463969
0.0972091759096393 -0.0257978831359739 -0.0591442779040633 0.0344446502217173
0.099727576465615 -0.0456809583886909 -0.0877183651714904 0.00612226061267239
0.0646029064049538 -0.0835704876563776 -0.0878667684181138 0.0191034246517606
0.0143574686011531 -0.100069234276615 -0.0656729606894356 0.0355334009949782
-0.0234671160065105 -0.0859218942053297 -0.0457304285022362 0.0309964376920953
-0.0477793896345332 -0.0657501855228311 -0.041474571802267 0.0217592614249417
-0.0589962276312474 -0.0432703487002479 -0.0376723960874568 0.0119490621945676
-0.053113109388637 -0.0396127052110881 -0.029150323873933 -0.00238249710464512
-0.0536680710429675 -0.0371852413474048 -0.0251845799402097 -0.0305112731144238
-0.0538014513599337 -0.0597274770013964 -0.0133079766066424 -0.0525560842756568
-0.0311709925939754 -0.0805868127126278 0.0121032471994842 -0.0680335305548391
-0.00235100109447863 -0.0981136588878367 0.048414292604552 -0.0528899924882913
0.0468357840692338 -0.0878450400544627 0.0618675003722378 -0.0215085099018064
0.0937804120512854 -0.055333009228202 0.0245785162454429 0.0188181583229992
0.108013007957141 -0.0358037401885552 -0.0470347248390275 0.0150287624655898
0.0702515890518423 -0.0144307632358305 -0.097352187690516 0.0429450138054912
0.0761470228387263 -0.0321322936441463 -0.105949138256329 0.0222570053696953
0.0490090205685993 -0.0633787438096496 -0.0887722652438469 0.0216914607092342
0.00826677054316425 -0.0753970961213414 -0.064527996997215 0.0253179265750869
-0.0186497066697577 -0.0632474938535173 -0.0565297076848723 0.0121773360973302
-0.0359050406538443 -0.0489405843924708 -0.059895219774409 0.00532505395869447
-0.04321528297735 -0.03412132752583 -0.0591372132760827 -0.00177145870260561
-0.0370366108387771 -0.0329681473250675 -0.0493558161434182 -0.0166381006007063
-0.0363476007499123 -0.0343526239613484 -0.0439988435555648 -0.0467765661636777
-0.0328420845751159 -0.0535180320551997 -0.0255676255966815 -0.0707087821791772
-0.011576298750676 -0.0673332790055224 0.00806085546961505 -0.0832873795054765
0.0153803623302969 -0.0757947242655006 0.0467303582177189 -0.0582366741548819
0.0529005994580938 -0.0595565294649892 0.0534058249409396 -0.0188489872894839
0.0832517152081847 -0.0278986634651373 0.00792355873002915 0.0180667361752871
0.0845230737856337 -0.0126055110333905 -0.0747938937099955 0.0130498344453711
0.0326404635520955 0.00295998145190763 -0.120611438898658 0.047443163783442
0.0416126014974393 -0.00841842444064991 -0.111471497705957 0.0345718632021719
0.0285083222978119 -0.0290520487266329 -0.0871294751916684 0.0223781337780859
0.006680593797299 -0.0361057663662801 -0.0658289704284295 0.0191658936396407
-0.00502184052782029 -0.0311139668046895 -0.0652093346878452 0.00295191110392462
-0.0138003301291541 -0.0267495956488304 -0.0719842072835535 -0.00265660991834646
-0.0186577094132 -0.0215202836554808 -0.0719195872480989 -0.0106339946898878
-0.0154905062873697 -0.021428579691697 -0.0617160066149438 -0.0292842330620987
-0.0151592541489476 -0.0241361642777566 -0.0535338482102581 -0.0621386288700023
-0.0110492399078573 -0.035105287342989 -0.0279615637352725 -0.0873020788286547
0.00175417262749562 -0.0414132498724548 0.0115003469056402 -0.0955317698570157
0.0208707705914351 -0.0437651968085849 0.0492089069825389 -0.0626930468751167
0.0438985506232498 -0.0284519765426144 0.0480119993622467 -0.0188077897371027
0.0562460130225869 -0.00351356363642799 -0.00152331658683694 0.0111368659163679
0.0474965114608942 0.00708643386900672 -0.0903135489576598 0.00531474416305683
-0.00199362990429243 -0.0178877428342882 0.0933941209458861 -0.00399150805499313
-0.0181626992778871 -0.00910708135998236 0.014957589038124 -0.022676178184034
-0.0200067569878281 0.00679901607908657 -0.0493405747759421 0.00907501010403999
-0.00712240028119181 0.0142523851089442 -0.0659744882760179 0.0546598742347025
-0.00329619102744883 0.0103214468762376 -0.0258036220403933 0.0995329775440977
-0.00405082058869071 0.00836795474317197 0.0211031353321092 0.10017371160028
-0.0054613927447019 0.00955196257041577 0.0516324296979847 0.0737817870592525
-0.00894598677504588 0.00657222498044794 0.0707902451745285 0.0400924797272269
-0.0112274232689539 0.00916487513352924 0.075305394656396 0.0131073850891942
-0.0161445973586736 0.00562734758244764 0.0765650759733996 0.000236541287151461
-0.013603206030847 -0.00106448163676801 0.0719015286370106 -0.00349876573389022
-0.013430882808351 -0.00199244548272569 0.07403804592081 -0.0131606025106116
-0.0122174337576474 -0.00872584586442111 0.082197378434153 -0.0192885250684699
-0.00264421051927404 -0.0197981641215722 0.0957384607172518 -0.018149344471377
0.00739970150348997 -0.0208482291804179 0.118541396687213 -0.033168610763392
0.0379886679413365 -0.0227138830031812 0.0877381906810849 0.00572047037433871
0.0215864098254017 -0.0181127970614805 0.0101189628805676 -0.0182549772410337
0.00797992469797193 -0.0156731165785908 -0.0519608118369501 0.010164801808616
0.00646381255648984 -0.0164031165532672 -0.0675363715545136 0.0529154861776132
-0.00376610747292018 -0.0212298182742134 -0.0297500738158056 0.0959554205632656
-0.0171203577343028 -0.0194864016511043 0.0129252891898463 0.0964143263284106
-0.026270459828031 -0.00994478413913232 0.0434402654147685 0.07275145990477
-0.0308053510662762 -0.0103062292330419 0.0618807491388948 0.0401724295199625
-0.0351243855776979 -0.00408467086804051 0.0666467644204853 0.0102512619814362
-0.0416679864074073 -0.0154720488229154 0.0694136184853897 -0.00614015264891064
-0.0311414541867843 -0.031814016366426 0.0691194293199685 -0.0129877061290229
-0.0186757346488903 -0.0419744378530865 0.0741584823286126 -0.0201828371762343
0.00314208401694901 -0.0469191474919648 0.0819308552563147 -0.0225021437254724
0.0323303635730004 -0.0464197346560036 0.0849663145457909 -0.0168592705413562
0.0508630658515405 -0.0410084660434124 0.0987067145400419 -0.0276297475484231
0.0734305371038492 -0.0238780535967911 0.0657127188152203 0.0116135944622993
0.0609869311184331 -0.0253543643516478 -0.00561945838650301 -0.0185994523330219
0.0375183893858582 -0.0379099102692685 -0.0610123223695076 0.00959053892858428
0.0192838753269945 -0.0489562287435381 -0.0691034578246653 0.0505933698416372
-0.00510262708892558 -0.0517446066172128 -0.0331512305948138 0.086937716908252
-0.0282285233102796 -0.0448941549672036 0.00352875390732415 0.0846989978763928
-0.0437220259072276 -0.0285312158124868 0.0289060602235869 0.0634858818923293
-0.0480352903263462 -0.0252139478458977 0.0444419540767287 0.0352299310336035
-0.0529368826615799 -0.0157272797945556 0.0490435732686193 0.00395277337066502
-0.0609948237167951 -0.0321716131165391 0.0533512598331823 -0.0152990572522638
-0.046178376029831 -0.0555101150587265 0.0592816500144347 -0.026831429879818
-0.0271610189762883 -0.0742264900457869 0.0706894494338705 -0.0310523695952829
0.0124409731001054 -0.079268031783283 0.0802282309429342 -0.025786006123275
0.0590028183203888 -0.0685764379372091 0.072487172439535 -0.00933591666236225
0.0842347936581634 -0.055867611791902 0.0676176782744105 -0.0163447721775537
0.0978115249320377 -0.0244167477404773 0.0301818673106973 0.0147581985668625
0.0917454784776032 -0.0339266790635999 -0.0303729916834331 -0.0186534486985135
0.0608651325221448 -0.0609326260030209 -0.0724395557270112 0.00840635969881677
0.0261477290619761 -0.0783913805205982 -0.0701692283765258 0.046624635192123
-0.00922009603511023 -0.076391050018207 -0.0358907621606032 0.0714890630407556
-0.0389478638183145 -0.063327694862858 -0.00827312684608633 0.0651057842568917
-0.0563858719094182 -0.041310710672774 0.00911771387486125 0.0476144773585157
-0.0580795143405575 -0.035700295405779 0.0213796401563008 0.025382329290879
-0.0618202937391629 -0.0262598882150515 0.0249528857872261 -0.0049257552224074
-0.0702941456653407 -0.0457170428365133 0.0310069755210421 -0.0252795453835554
-0.0520733038566641 -0.0722168754717923 0.0436292841534417 -0.0403635366205445
-0.0286304745050047 -0.0945826675924034 0.064149485827031 -0.0402493148026395
0.0223913383358115 -0.0985673732157122 0.0764510742785907 -0.0258831059932523
0.0781541303115774 -0.0782974874992352 0.0585761595266879 0.00229132728564092
0.105527029176209 -0.0600382568935135 0.0313511364241313 -0.00187009899041688
0.106604344845891 -0.0233126893932966 -0.0139764215154475 0.0190150946243089
0.105853103260971 -0.0400077092936511 -0.0598043929994521 -0.0136023492419171
0.0715292796352344 -0.0766064805676387 -0.0828278624744025 0.00825542224806719
0.0247988843577037 -0.0965083917616591 -0.0692686514967086 0.0381969733542634
-0.0156455572439795 -0.0887351924311439 -0.0408119655202764 0.0495736710119995
-0.0451906287867578 -0.0703498433014982 -0.0246870954730219 0.0414185794695139
-0.0606578825453887 -0.0465188577428316 -0.014563733834124 0.0286696401153793
-0.0586382558835596 -0.041722432396483 -0.00400987258572251 0.0118065861872115
-0.0610195509019779 -0.0346403005171637 -0.000902165921699829 -0.0160912259398958
-0.0664077625992521 -0.0559658877286784 0.00770304114299941 -0.0373089258557037
-0.0455242260788935 -0.0815337818299827 0.0274979318883186 -0.0542226768526786
-0.0184812011064749 -0.102978723833778 0.0569869352882632 -0.0475195861409156
0.0354224282169677 -0.0999167218626828 0.0707195457408349 -0.0227967310225752
0.0903318257897461 -0.0719208654248571 0.0425997838126143 0.014420453123051
0.112556393023209 -0.0509805269477188 -0.00767081819726553 0.0100268358904474
0.0963393188325301 -0.019163244067766 -0.0584649529883013 0.0255610964773862
0.0998350638436509 -0.0380561962088142 -0.0864180935368361 -0.00134272627738389
0.0674359314323881 -0.0758615674759689 -0.0874669779002786 0.0108803994228412
0.0190657694250535 -0.0941388685943243 -0.0674649008397866 0.0278144112071291
-0.018142958532547 -0.0828456645524513 -0.0483480381434384 0.0264116124349937
-0.0438162807805524 -0.0647973684129016 -0.0431143988556944 0.0192288503619958
-0.0555421938159508 -0.0439632678735892 -0.0387332432310532 0.0108512466169316
-0.0507198957763187 -0.0409102494124451 -0.0280612804664779 -0.00376064919785495
-0.0512742472245496 -0.0386487232448937 -0.023851037165216 -0.0305430376023624
-0.0512964826845209 -0.0598870689837461 -0.011095993376812 -0.0526738806465512
-0.0285596397222038 -0.0808225058443966 0.015564212146529 -0.0672301264262792
0.000354012724035662 -0.0955397320940092 0.0518273449259136 -0.0520950461468824
0.0491364987700706 -0.0838926505519055 0.0623575281313884 -0.0179565746976113
0.0928720013773204 -0.0508101540757658 0.0240752008591258 0.0210009710868614
0.10423662621249 -0.0318228148994043 -0.0433708257833246 0.0150620187185646
0.0702633172551837 -0.00947357809840811 -0.0958511914789209 0.0335858275427333
0.0761895507828909 -0.0259524705256693 -0.103925690561321 0.0145039390984605
0.0511539422475777 -0.0572616776436664 -0.0880687958627264 0.0133146895365642
0.0119594971782587 -0.0708744922734723 -0.0647751294404522 0.0189044522472461
-0.014564987866412 -0.0610122140970996 -0.0569658449379791 0.00837129815307355
-0.0324182734952102 -0.0478868860118162 -0.0600705738872888 0.00300459061296554
-0.0406014255057826 -0.0347799792017302 -0.0589389168568843 -0.0029685616515056
-0.0356900624397131 -0.0343531891495996 -0.0475274676673415 -0.0172118291020938
-0.0349845602893576 -0.035879441117814 -0.0413516823413488 -0.0470599369258208
-0.0306919929561286 -0.0529284070638672 -0.0227394582948008 -0.0700594084856988
-0.00986960489870351 -0.0667662548031056 0.0120522493877162 -0.0805462930361698
0.0172006605549689 -0.0731707439273666 0.0502080676348401 -0.0554917567927029
0.0535618365538652 -0.0560095150295964 0.054024815699975 -0.0154557847500993
0.0811265724553598 -0.0236376950724095 0.00807708948138246 0.0195463758544895
0.0806342179848784 -0.010157040971528 -0.0709329821311791 0.0117633243614371
0.0322696344554644 0.00506770644672875 -0.117938080185221 0.03889015303931
0.041816828271079 -0.00492546520591127 -0.108449931269717 0.0272802830644543
0.0297912033065506 -0.0249814394109995 -0.0856670401373999 0.0151776078358033
0.0086443841845525 -0.0331847383560254 -0.0650832217646492 0.014012598958736
-0.00308386765022859 -0.0294977143117022 -0.0633783585692085 -0.000306980362358847
-0.0125958216033443 -0.0255447930698988 -0.0699894552457332 -0.00446828115191377
-0.0179669528977789 -0.0218786571246349 -0.0705155891504543 -0.0121013842104659
-0.0140886265755435 -0.0221884548135647 -0.0590304795471119 -0.0293707386268679
-0.0139013547622986 -0.0243574699043081 -0.0493716781271958 -0.0615230042134745
-0.0105475396906779 -0.0347346980182655 -0.0239623674547249 -0.0848887026772685
0.00309778704492307 -0.0406202277682454 0.015583702718193 -0.0920058853793594
0.021582469427544 -0.0424504020317997 0.0522001933673654 -0.0594145755486498
0.0442032577611486 -0.0256411646734209 0.048136592144804 -0.0155277341698799
0.0545666076518329 -0.00107031657223861 -0.00158617982286888 0.0121558685827391
0.0446930152073768 0.00823279360323632 -0.0856654120051976 0.00189011069890505
-0.00191999667556712 -0.0174317652726303 0.0910382700177105 -0.00302752162501665
-0.0175440985235576 -0.00860494980714885 0.0154463822205621 -0.0225427882612473
-0.0197335400501145 0.00679164270364064 -0.0490504716314776 0.00798867237266657
-0.00656917472995241 0.013776596608834 -0.0661707946912842 0.053252523335757
-0.00303333869685114 0.0101445375740744 -0.0261933125566551 0.0975002581002957
-0.00412413423929823 0.00809841974315481 0.0206545894881182 0.0985614817641366
-0.0051657334165445 0.00965266367172976 0.0507160651468202 0.0731110591678975
-0.00886973076145827 0.00637213487547929 0.0688731056481908 0.039245337027736
-0.0114997239097504 0.00880588293910661 0.0742603229701218 0.0130766865626487
-0.0161323139571887 0.00569585489598223 0.075854554900313 0.000639289608900397
-0.0132773994618762 -0.00158822348247948 0.0712303493231382 -0.0024481440875935
-0.0128852432030433 -0.00252398894755991 0.0724690125164132 -0.0112435493059565
-0.0116349972212185 -0.00885072228283943 0.0806508257183899 -0.0169960493032111
-0.00253144404471591 -0.0198480775251521 0.094416312515932 -0.0159969153605617
0.00848606843251737 -0.0199095610542485 0.11763726253832 -0.032009286402068
0.0376920989604611 -0.0216405663851706 0.0855785412204656 0.00615254311775556
0.02173017962186 -0.0172078418695306 0.0107019550454867 -0.0183273656585199
0.00791070727457279 -0.015108259954285 -0.0519266468063247 0.0092356153796462
0.00640071263589815 -0.0163295987431361 -0.067215614150029 0.0517460364901904
-0.00378627978735932 -0.0210894070036919 -0.0307635126363738 0.094063156445852
-0.0166242039135925 -0.0190250073555309 0.0121836260382671 0.0949827829299447
-0.0262136196049171 -0.0100720315546274 0.043151577976686 0.0718403822862498
-0.0306146804373447 -0.0101439671773449 0.0606927723898183 0.0391507578452617
-0.0343550096836771 -0.00417732884252614 0.0658688900657583 0.0103317344039852
-0.0409969744823061 -0.0151002464551436 0.0690491414079608 -0.00541923478153221
-0.0302981100052236 -0.0318216766890539 0.0686906435789429 -0.012455405253654
-0.0185375067665835 -0.0419852549323516 0.0730262645338952 -0.0186403533722159
0.00395212545883296 -0.0463937794292522 0.0799261193031392 -0.0204680897983967
0.032550223218839 -0.0457984749546751 0.0832034323165763 -0.0149634492226838
0.0505557310124143 -0.0396401242274379 0.0974982623707283 -0.026619629608489
0.0724504423517404 -0.0224862030830469 0.0642511579070473 0.0110383595366738
0.0605695541222812 -0.0246343038442038 -0.00538577393764087 -0.0185974066169209
0.0368736185820632 -0.0367194683174216 -0.0598105247601481 0.00880703097739497
0.0195660325362818 -0.0477862441625181 -0.0695630218208833 0.049025168561182
-0.00441290589656045 -0.0508858768761314 -0.033619990358317 0.0844862781988368
-0.027692088118579 -0.0442857666152672 0.00280879183782782 0.0831961726928494
-0.0431482935314089 -0.0285912940377334 0.0283293199715397 0.0621431793263823
-0.0475613213936293 -0.0253458728432524 0.0439900465040189 0.0346044361090289
-0.0519649932434465 -0.016854592521317 0.0482160029860895 0.00400837808520634
-0.0604385790685847 -0.0318707126233555 0.052824896782925 -0.0149435138177004
-0.0455773095390059 -0.0555146994407256 0.0586843521550527 -0.0256620863482306
-0.0263696075636022 -0.0731900818379461 0.0703029916571611 -0.0289636309676637
0.0133453692932588 -0.077698761674639 0.0782312952889005 -0.0236660378453351
0.0588137068396977 -0.0673125389756738 0.0713304110796054 -0.00793199992874482
0.0836530350159841 -0.0538095964235193 0.0676330924975311 -0.0155255958878705
0.0957693126132848 -0.02344107148437 0.0296542631716713 0.014376409277349
0.0902634247407112 -0.0323069939541027 -0.0298206242877732 -0.0194741958750948
0.0599743377983595 -0.0587644180512633 -0.0714118262159272 0.00745134874338677
0.0261484431699755 -0.076849208686673 -0.0695541527772351 0.0443036962355491
-0.00910037906268284 -0.0754463612805581 -0.0356751584435096 0.0695514260979048
-0.0383450875087221 -0.0625676752410295 -0.00929527685882516 0.0642378552962733
-0.0548044382059394 -0.0406690276568712 0.00814424967107478 0.0464157794937225
-0.0573560509083232 -0.0357494220945218 0.0211974675730707 0.0243982301891324
-0.0608269798123396 -0.0266759040994952 0.0244782888356104 -0.00490208931328809
-0.0692064809817365 -0.0454488809747855 0.0307489515912264 -0.0253438531338235
-0.0511689853505604 -0.0717733654347768 0.0433947929557637 -0.0395840235655442
-0.0280956703827317 -0.0935368898439196 0.0642725403077997 -0.0390237766279372
0.0229804145248834 -0.0968820033605357 0.0747557243704487 -0.0241722260304503
0.0781343413728248 -0.0766720095102926 0.0573912803960699 0.00278193125759235
0.104397128072374 -0.0574685028474083 0.0313475455237898 -0.00120432421157171
0.104066705148641 -0.0222494470389 -0.0139680829604993 0.0174225854326696
0.104703352075554 -0.0382869076556207 -0.0582756546222669 -0.0137851609959136
0.0709552442782182 -0.0736031943427729 -0.0811875167009678 0.00698528370207533
0.0251062639760119 -0.0947794955772378 -0.0693362806151659 0.0359896624242026
-0.0144487533379295 -0.0869183442824086 -0.0402313825745671 0.0480880045661948
-0.044352254475363 -0.0692473965267707 -0.0249798456253775 0.0409718975269268
-0.059808425722047 -0.0453928367560151 -0.0151774051015924 0.0283454581877401
-0.0577752096596423 -0.0412623004913112 -0.00415396384560696 0.01150334043585
-0.0597206486332616 -0.0347143867873198 -0.000788705592401159 -0.0163149635436599
-0.0649904887374801 -0.0552786454577131 0.00796202297874515 -0.0371381929089889
-0.044663560420918 -0.0806661780607898 0.0272654155559444 -0.0532163024905379
-0.0178763193824691 -0.101253854164261 0.0568693856498154 -0.0456214275293006
0.0356675114412423 -0.098377105152116 0.0690980554730209 -0.021361058623699
0.0902114814080005 -0.0699218985966539 0.0409594172028168 0.0146383599114376
0.110555258441538 -0.0487953450915336 -0.00686222059743577 0.00994230970972681
0.0943950373158521 -0.0178492934283462 -0.0585554267236766 0.0242125377195613
0.0985600861135804 -0.0366427208543591 -0.0847571912545357 -0.00228533505688234
0.0663731910034772 -0.073211759037724 -0.0866380506162779 0.00953461847770555
0.0193702399451636 -0.092746468057602 -0.0664326258670304 0.0258832674130894
-0.0174419280707742 -0.0816512288175025 -0.0477017541540836 0.0252602017702147
-0.0430096732644664 -0.0635804235323981 -0.0427931155823719 0.0189165863855551
-0.0547685870212649 -0.0433498622375912 -0.0386977250715549 0.0108399394101647
-0.0505037367789465 -0.0410890326248747 -0.0277966850541523 -0.00368400139475956
-0.0498798423646517 -0.038462552108567 -0.0237614249357644 -0.0306189968088707
-0.0504164043021653 -0.0587033763162165 -0.0107301300203695 -0.0522224816118267
-0.0278354926729534 -0.0797305209741928 0.0162157971404234 -0.066662010059076
0.000301589638496635 -0.0936559479205165 0.0522119638074377 -0.0506367850127456
0.0488257201393862 -0.081971266365244 0.0608391692518793 -0.0174442908395311
0.0921416026967554 -0.0492133262771814 0.0235116802115478 0.0211192857565651
0.102588328756424 -0.0302831368540514 -0.0420730574856556 0.0149852836759888
0.0684988983995345 -0.0091781390297171 -0.0946619946392471 0.0315700194241743
0.0749772427169865 -0.0251603056200146 -0.101880117167496 0.0125761330230828
0.0506851477679681 -0.0558941695408766 -0.0867429279368163 0.0118122634228206
0.0123902112211606 -0.0693443965893386 -0.0639305995684384 0.0174281943788087
-0.0140096841887723 -0.0602219986232503 -0.0560406765333822 0.00734564281116982
-0.0321603051846245 -0.0470971365585206 -0.0596799970372508 0.00294102495892783
-0.0397950658553018 -0.0345481479057664 -0.0586923018240875 -0.0025274045563073
-0.0350396287228893 -0.0340923041802835 -0.0466553720282795 -0.01764095774828
-0.0337900368639499 -0.0357316776032933 -0.0406805929049702 -0.046208742410081
-0.0306218273739868 -0.0522973239043982 -0.021578357709669 -0.0684916972407029
-0.00944160849967111 -0.0659417992329192 0.0123196086505899 -0.0807060447178966
0.0170492491472312 -0.0716321688478869 0.0504401554308088 -0.0538812000685522
0.0529126489326273 -0.0543650484341726 0.0529996300806135 -0.0147011372759781
0.0807632396132375 -0.023197905536263 0.0075962470896439 0.0197679279687791
0.0793457579176334 -0.00927346911641982 -0.0692745751106475 0.011501393469221
0.0309310579260966 0.00540386647800961 -0.11669071674541 0.0373128701480191
0.0408155757192186 -0.00474928335570006 -0.106790678162613 0.025168822997732
0.029144448206758 -0.0241250652008881 -0.0842272160777785 0.0140135459400248
0.00834482513035231 -0.03261516708608 -0.0634125096636763 0.0128499298109778
-0.00299856228831808 -0.0288661652832688 -0.0628458718516916 -0.000549824383468131
-0.0124632092494778 -0.0248111057942635 -0.0699704198731129 -0.00426776901404526
-0.0171235817672511 -0.0214023428992295 -0.069654707916778 -0.0118698728816883
-0.0141242828755244 -0.0220263715362139 -0.057889332115088 -0.0284368944576114
-0.0135446386621477 -0.0244200075221735 -0.048771565480203 -0.0606093397950262
-0.00986581794408045 -0.0343751154332305 -0.0233712102347425 -0.0838264001100546
0.00275351703960874 -0.0404944483741445 0.0159241127359103 -0.0904328532450839
0.0216301594778997 -0.0414947072180083 0.0526481232929073 -0.0573982328286749
0.0432734907585048 -0.0254039584709767 0.0475605976875544 -0.0145648115182327
0.0539362280913374 -0.000769795398369527 -0.00198173190684491 0.012229543514856
0.0435078635518969 0.00857929675182543 -0.0843381626788284 0.00213982971595601
-0.00151098617299095 -0.0171650500021298 0.0917859283716333 -0.00282355354169318
-0.0176203438069349 -0.00906204247726856 0.0160557956565697 -0.0226689602622218
-0.0201061556161812 0.00648314405807676 -0.0498145514452374 0.00698155754896822
-0.00667453635650183 0.0132021602576279 -0.0678460394625076 0.0533275401796094
-0.00277129708733 0.0102810598636588 -0.0278918303652909 0.0973287850549811
-0.00420384084697013 0.00840818561415088 0.0203205796276872 0.0990490078452862
-0.00524902381642748 0.00913342575885447 0.0513848886748964 0.0734418890168849
-0.00897074436410831 0.00627293986764189 0.069617501510264 0.039874126631686
-0.011416375106329 0.00905833749655441 0.0747736226940135 0.0132234559682196
-0.0161802082045775 0.0055029168309077 0.0775144976664742 0.000957812997198023
-0.0135451182650819 -0.00165965879145298 0.0720401796387295 -0.00187293125310627
-0.0125574840080178 -0.00254699076780597 0.0733188981717216 -0.0105353609645849
-0.0114680734525637 -0.00911347557180026 0.0812473710714798 -0.0154623129225288
-0.0019944600071378 -0.0201602224350419 0.0957337516913656 -0.0144838069423273
0.0088240433039572 -0.0200702602595716 0.119491409188276 -0.0314292448644093
0.038117933441848 -0.0211662821131416 0.0860305956211525 0.0064203039785806
0.0221044405066048 -0.0173421687318933 0.011111719160755 -0.0186571805266028
0.00742787030986364 -0.0147856673569168 -0.052736033100181 0.00877397811766601
0.00666159586353523 -0.017133222865686 -0.0691114183108322 0.0512339081964565
-0.00327393930471429 -0.021208740532684 -0.0319659743298426 0.0938619320942088
-0.0167054262857864 -0.0188857896809379 0.0119995927235463 0.0953877190044573
-0.0263921863627851 -0.0103843467795206 0.0431823197259955 0.0723981508417098
-0.0311348459397164 -0.0105351334859165 0.0611781069662038 0.039550685740375
-0.0347734684501921 -0.00455224473554889 0.0664034976326109 0.0100722018463376
-0.0416541031902158 -0.0158331490729057 0.0705476098860851 -0.00553231911949917
-0.0307534058533194 -0.0324529762536303 0.0698098437518012 -0.0120015228542554
-0.0182960066457955 -0.0427733996238232 0.074243222798449 -0.0174055610602919
0.00438354342193055 -0.0471011593281334 0.0796977229591185 -0.0192387622061287
0.0336397765685236 -0.0461433683762358 0.084040951496726 -0.0136748077415044
0.0520529108766288 -0.039207902962443 0.099733331680974 -0.0264433895586279
0.0727590611695267 -0.0223115826712915 0.0645799129905667 0.0109084742144681
0.0619529987504645 -0.0242191077576986 -0.00465329898256715 -0.0194083789545315
0.0370145875848049 -0.0362087682971913 -0.0610815828284339 0.0081367066302573
0.0201672444489812 -0.0484878063576061 -0.0708621097867184 0.0486844322399497
-0.00426044480445767 -0.051392333685421 -0.0345067830212449 0.0845673214210858
-0.0275148818027477 -0.0448072803523788 0.00242297996271375 0.0838236935957357
-0.0436233054316056 -0.0282940647496059 0.0279871748510503 0.063105283806643
-0.0483613900752509 -0.0259487342258765 0.0438931066700065 0.0342397941615712
-0.0520264561536959 -0.0173204199083663 0.0485016159845686 0.0036723256902011
-0.0614703995952954 -0.03205998032604 0.0541221001295584 -0.0153385341613284
-0.0457826313486256 -0.0560142736810823 0.0600611343656772 -0.0260661275173494
-0.0267583719594127 -0.0744966156251436 0.0715238110162105 -0.0283926212288514
0.0140475163612977 -0.0788111522526754 0.0783665326096367 -0.0226597344629179
0.0604807265260152 -0.067971668112645 0.0713470523060848 -0.00751495785577208
0.085322771683104 -0.0534586715608892 0.0685277076606636 -0.015026031743295
0.0962555179971042 -0.0224688140868423 0.0295002936874901 0.013727866851513
0.0921717132854681 -0.0321987965617531 -0.0292611961667674 -0.0200148828297456
0.060226191671137 -0.0581229228932612 -0.0720056058470231 0.00629925757722509
0.0268610510961374 -0.0772855868720812 -0.0713781596019694 0.0438831548134142
-0.00856054280320241 -0.0759701283180708 -0.0362017486655547 0.0690315527482753
-0.0384210663159596 -0.062761445436672 -0.00985370271387532 0.065005183131576
-0.0560695508518241 -0.0413480309774762 0.00824138089729566 0.0472650240834058
-0.0584685004429556 -0.0361678456056237 0.0210094793911158 0.0243263625586457
-0.0616981691615288 -0.0274596971107263 0.0244954386142244 -0.00479612708470603
-0.0698141521925081 -0.0454858695716899 0.0317958486700572 -0.0260661995139737
-0.0516012825330599 -0.0732240409622975 0.044215867812397 -0.0399886408544186
-0.0283931107381457 -0.0952244138138977 0.0658158351971779 -0.0381122708947328
0.0237749894640692 -0.0977336664658677 0.0752949470789462 -0.0236533144724072
0.0796447330754803 -0.0771810207665623 0.0577588514168276 0.00377399598200167
0.106000464659391 -0.0570876901757003 0.0317838491733622 -0.00131032314249859
0.104164303260041 -0.0216447370627244 -0.014741233663071 0.0175290317868188
0.106565905388725 -0.0380860878980472 -0.0581417148273605 -0.0160584458611061
0.0715218365936905 -0.0728153365379769 -0.0816969334902193 0.00595338542907182
0.0259939679362655 -0.0955695570576935 -0.0704791424213537 0.0350294232381256
-0.0145780603056372 -0.0881722727130077 -0.0403124402116722 0.0472266465345727
-0.0449558730837076 -0.0698695439078248 -0.0253678333777254 0.0416468952081997
-0.0603552818270918 -0.0466142105840152 -0.0155767393881009 0.0286793813906632
-0.0590140123396988 -0.0421870116255959 -0.00403385172909725 0.0114444013052725
-0.0602635206241059 -0.0358761671189841 -0.000919601851693653 -0.0165857445888518
-0.0659790379450647 -0.0554195708484671 0.00848350133211211 -0.0381378215373613
-0.0447474077330145 -0.0819794212845141 0.0278979147551033 -0.0542091762444444
-0.0180135489662894 -0.102091612994775 0.0586751931603119 -0.0455898808009017
0.036971499769096 -0.0990352497566519 0.0691086064937157 -0.0205597725142134
0.0918795154910583 -0.0705699244413789 0.0413772626379578 0.0150748248377851
0.112126106359888 -0.0480454418796943 -0.00628860278880958 0.0106731141536375
0.0943137360439285 -0.0175987162835112 -0.0590921044385274 0.023358400938043
0.100239028571288 -0.0362340181765635 -0.0851914294460456 -0.00351962302085673
0.0668131165954724 -0.0730197020682474 -0.0870129666100195 0.00821894296580934
0.0200561052730058 -0.0932069272971484 -0.0676108875878028 0.0244577690883268
-0.0178394055617756 -0.0825547349629219 -0.0481672342752195 0.0242500803476219
-0.0431968008485017 -0.0641991417309045 -0.0439972539216885 0.0193552046774397
-0.0552064363280187 -0.0436293983113098 -0.039873122981552 0.0111550986167016
-0.050895219472521 -0.041507651127972 -0.0280330483942651 -0.00337572262196171
-0.0502803704771504 -0.0392602949175714 -0.0239013067217174 -0.0311225406232074
-0.0509527539767883 -0.0591539262903227 -0.0101573173355592 -0.0530067432007243
-0.0281243774036151 -0.0811568774057286 0.0166610580685995 -0.0676070637803109
0.000474383698288055 -0.0943181098261328 0.0534058252841168 -0.0501952851512003
0.0495352140199852 -0.0822447850239045 0.0610931696379267 -0.0167171414144715
0.0935507592483806 -0.0495614422917564 0.0236465360723559 0.0215202852871439
0.103294962693849 -0.029603588454265 -0.0420611125350128 0.0153801040206942
0.0681824750939469 -0.00874252085108023 -0.0957916558020344 0.0314407493475565
0.0760548123091892 -0.024821298597899 -0.102516240681469 0.0118955921651987
0.0512768600410165 -0.0552229343272292 -0.0873807135862138 0.0108624732013183
0.0122710481478692 -0.0693505569126353 -0.0649977877197154 0.0167125298231002
-0.0142647566680034 -0.0611453899931172 -0.0565446161296498 0.00691595167907399
-0.0323978919120926 -0.0475073911649164 -0.0609010811461224 0.00346324532482564
-0.0404208736437902 -0.0344531658146335 -0.0598567454152775 -0.00257168079198607
-0.0358238612035175 -0.035020416619106 -0.0467855207497857 -0.0171555996080874
-0.0340862030252665 -0.0362794827246809 -0.040775969039596 -0.0468020944684288
-0.0304810236423426 -0.0527331903600793 -0.0213155316244033 -0.0696534881130599
-0.00954616962684831 -0.0664057848656074 0.0132556673327031 -0.0813965587268634
0.0170936374053579 -0.0724547921801605 0.0519778012483448 -0.0542309843064349
0.0535717951834064 -0.0538808506742605 0.0532087299048414 -0.0146374698001305
0.0811976986938674 -0.0229112907487042 0.00720594963128418 0.0196426141100083
0.0791381743395443 -0.00862589546728931 -0.0698743592394637 0.0121421443204594
0.0304366666149456 0.00564314973284301 -0.1181577440206 0.036755306789774
0.0413162040475262 -0.00425446607401537 -0.10794265538081 0.0252081940430123
0.02982302440444 -0.0244213150491086 -0.0846212106341661 0.0130056146317386
0.00813683941480207 -0.0323120680734698 -0.0647032722827481 0.0117075913165379
-0.00334924326238564 -0.0293499906842114 -0.0632728530839242 -0.00165993643791411
-0.0123382808030347 -0.02495294999909 -0.0711528706742185 -0.00430724047808753
-0.017340756147122 -0.0214579460052461 -0.0710497513078288 -0.0108559393251246
-0.0145027144020274 -0.0223111817887476 -0.0581376102985613 -0.0290240511414156
-0.0137438829566183 -0.0250079314694203 -0.0489756154263042 -0.0611554396924224
-0.0099595082625877 -0.0345818994020001 -0.0231181763487932 -0.0845827109832894
0.00339150498544345 -0.0400792241272171 0.0162190717206137 -0.0910072573556406
0.0215003519723493 -0.0412744709187442 0.0541167744817829 -0.0572466092535273
0.0440526174971431 -0.0250978995270347 0.0482328288885145 -0.014358531568073
0.0542488047237325 -0.000399520451205812 -0.00238267495643538 0.0121437821199449
0.0430328170271535 0.00855896689457209 -0.0850250442363086 0.00283644579817203
-0.00123427239526073 -0.0170119228777936 0.0937334058164208 -0.00457415248411731
-0.0176760342261873 -0.00922229156810266 0.0157228397242935 -0.0237753662083485
-0.0203705634871522 0.00751961519159288 -0.051760579854899 0.00790980077787194
-0.00662011119665518 0.0135461986235741 -0.0698404626003954 0.0554298946771083
-0.00271110764842673 0.0105564884834232 -0.0275798087694434 0.100036236382968
-0.00388240444940396 0.00813692765150149 0.0222520868920295 0.100978437403854
-0.00515153403378296 0.00928295521545261 0.0543736999561746 0.0740804091387202
-0.0089217782101848 0.00640807488147908 0.0720268435217001 0.0390175248544489
-0.0112200432209489 0.00971633957245171 0.07758862516208 0.0119266062449074
-0.0167779442042855 0.00594902075731901 0.0797668592978684 -1.02102396383557E-05
-0.013994879686008 -0.00193367481506708 0.074554346729816 -0.00272827476868255
-0.0127250695856318 -0.00309179750307631 0.0750590803614879 -0.011050815548095
-0.0116686972331195 -0.00919674529669105 0.0826503950714641 -0.0158202474995211
-0.00248060901188434 -0.0208171277264175 0.097928400867877 -0.0152406074806433
0.00953802821305621 -0.0203892601657863 0.122882431150093 -0.0347971331765602
0.0388703656758732 -0.022011153257787 0.0880962993946986 0.00499907914366962
0.0232861922361484 -0.0186204398385698 0.011215674395119 -0.0194439174828092
0.00746169733411022 -0.0148733956296722 -0.0540569691336398 0.00948319266032167
0.00625417950340766 -0.017805109246671 -0.0707389555238578 0.0535980636952505
-0.00364928725897235 -0.0215660556203775 -0.0319222269486698 0.0963131720569587
-0.0175246329508544 -0.0195218328003813 0.0137176762714054 0.09788885109259
-0.0270392733670265 -0.0104159831823169 0.0456268484427727 0.0730302219969369
-0.0322779355936321 -0.0100739692836769 0.0637955672019431 0.039378301007069
-0.0359512470505749 -0.00414219378427444 0.0683927098286207 0.00880994907652559
-0.042643751240006 -0.0153187691233802 0.0727417472463233 -0.0067064347235611
-0.0322719848359796 -0.0335947430214638 0.0725526521715898 -0.0132476910471064
-0.0191435201051686 -0.0440327323554487 0.0760766187253604 -0.0184528457598881
0.00428422868281505 -0.0484100847505749 0.0812937125403951 -0.0197795665754898
0.0340851450943003 -0.0480880330387455 0.086577015674177 -0.0143180388165119
0.0531223473461429 -0.0406739863433593 0.10216780552869 -0.0288441823925834
0.0741610151672502 -0.02359963211798 0.0657875653069508 0.00989331109893766
0.063514766177155 -0.0259964128153679 -0.00481413555058311 -0.0204534636430568
0.0369989998963165 -0.0373003882501424 -0.0623479725764533 0.00847593441516017
0.0196487813677198 -0.0501080067151326 -0.0728103993139189 0.0505537299981656
-0.0049509085868175 -0.0528369483616546 -0.0346956470172039 0.0866714803706869
-0.0297160218165402 -0.0453707558668187 0.00353186191221037 0.0860191067106285
-0.0451456825189882 -0.0282104671728566 0.0296079478534813 0.0642794994545055
-0.0503214282238243 -0.0253334586822315 0.045795551245914 0.0344574591207911
-0.0544662746644054 -0.0170163336044135 0.0496752906380645 0.00267717870581559
-0.0636214408260003 -0.0320034559941362 0.0554823780140745 -0.0167272738038967
-0.0481408864393445 -0.0578053993807636 0.0617437786937416 -0.0278756039419252
-0.0283579921335951 -0.0758971887804526 0.0737506279012476 -0.0294964914551664
0.0141826494272094 -0.0815357198056891 0.079616637969375 -0.023306534053992
0.0620174803913764 -0.0708344186718557 0.0731970096637246 -0.0080972835213163
0.087135255218789 -0.0559928137108228 0.070933645006089 -0.0165753802294704
0.0982344564181486 -0.0237839078430927 0.0298326958832773 0.0133289277297972
0.0948921642640182 -0.0338553959527413 -0.0296116276704941 -0.0215304085972076
0.0611061762014796 -0.0599977641303806 -0.0739164541192496 0.00697186577513899
0.0262895314463019 -0.0801674221541415 -0.073139523417291 0.0450566959854998
-0.00990518704832031 -0.0781874289489284 -0.03622411787934 0.0709346671209809
-0.040771772792983 -0.0639603586344932 -0.00898277570908424 0.0665288410261239
-0.0583036618146779 -0.041306693390904 0.00861958594328145 0.0482188427108316
-0.061054434372141 -0.0363987688711579 0.0222702324306858 0.0247604975088951
-0.063578102038256 -0.0278674755866994 0.0247909018266261 -0.00607883643253046
-0.0726402845093031 -0.0456634520361287 0.0324432739298112 -0.0274134074284728
-0.0547439579052538 -0.0751250630509094 0.0449982530628046 -0.0420130787308667
-0.0306452533763913 -0.0970468113732411 0.067634702896906 -0.0397677310619356
0.0232936370544964 -0.101412381759491 0.0760533249989828 -0.023948033603333
0.0815311980802261 -0.0805996826710193 0.0588423244117567 0.00322048572201874
0.107673904953515 -0.0592928503310063 0.0333528483296064 -0.00155790881754422
0.106174111863298 -0.022983028758511 -0.0148892072429756 0.0172523442862647
0.108954251240521 -0.0402650043723381 -0.059473555273869 -0.0159420180722021
0.0721849638292164 -0.0750623949590657 -0.0838831684960002 0.00690822165710368
0.0251645194619327 -0.0983686565170711 -0.072306842562014 0.0358233544695906
-0.0161991819618566 -0.0903971983319813 -0.0411568838126432 0.0484495711985357
-0.0472973462134614 -0.0706597328568969 -0.0256418326076382 0.0431559042866192
-0.0630207479694948 -0.0463743697956395 -0.0161620603609144 0.0302254705101857
-0.0624658414497013 -0.0423292821087868 -0.00379363402976569 0.0114302724061317
-0.0627915244748849 -0.0363187847389843 -0.00177427567139875 -0.0174893359778174
-0.068812470407705 -0.0559011434168243 0.00893313662390668 -0.0394771749425372
-0.0475477799051925 -0.0842963338439203 0.0284138851252893 -0.0561695120509904
-0.0206365082801252 -0.104604431740572 0.0603328129426966 -0.0471038671585929
0.0367686993164852 -0.102130974148513 0.0699281355038025 -0.0217252194208679
0.0939478878195477 -0.0736671232932702 0.0423506545079098 0.0152401859283324
0.114627750544497 -0.0500422873553056 -0.00599271915495888 0.0111719756502707
0.0960243195591195 -0.0185851560735291 -0.0604252084888488 0.0242457724400678
0.102422619054531 -0.0383568655809 -0.0866409861132423 -0.00320947029295928
0.0676674064101123 -0.0754213564592376 -0.0887576184804015 0.00870890281253882
0.0186861553948754 -0.0958606826015597 -0.0693413742212513 0.0256912427259827
-0.0190906845744096 -0.0849756030074385 -0.0487314820616037 0.0247768382150454
-0.0458072979632173 -0.0648819570974148 -0.0452474072957381 0.0205464059788959
-0.0578771668033127 -0.043928966543842 -0.0411442708839622 0.0128161511027359
-0.0535637414123898 -0.041700277811867 -0.0285231632951496 -0.00311513672474593
-0.0526359124424891 -0.0401678431348529 -0.0252455345555423 -0.031956415426644
-0.0535508784513413 -0.0601822820486486 -0.0108628080073862 -0.0546238790533596
-0.0303658637056302 -0.083036783133915 0.0161648702840974 -0.0700138611404464
-0.00115757991460472 -0.0969223628276722 0.0552020111950746 -0.0526129698669693
0.049868394947413 -0.0854679947284058 0.0619487002553556 -0.0178539574842726
0.0962786989821126 -0.0523529063280649 0.0238733360620101 0.0220229742188769
0.105653962639869 -0.0313302991461293 -0.0425777632774085 0.0164575605124507
0.0695757881757628 -0.00962664946247153 -0.0981688386682819 0.0324393594266122
0.0775561420468398 -0.0266875703611281 -0.104526195794938 0.0131064936676062
0.0515193744801677 -0.0570760345902757 -0.0892997662283009 0.0119144156573732
0.011164932955503 -0.0714602857811211 -0.0667061486385746 0.0164861649629295
-0.0158897785979934 -0.06207658190194 -0.0577229161959633 0.00734549538623216
-0.0344279810331268 -0.0478972786095543 -0.0630240224708072 0.00432982974282963
-0.0421688711864702 -0.0343391151025838 -0.0619739625488646 -0.000570902684102757
-0.0372835626709301 -0.0349796829580473 -0.048565138655465 -0.0165963993759272
-0.0356622905681468 -0.0366233163560581 -0.0428056374671753 -0.0472954322335707
-0.0324702799563095 -0.0537936749960355 -0.0229365306998739 -0.0713070180191164
-0.0111138876749814 -0.0683051332551747 0.012687244200566 -0.0836395611415057
0.0161375275157532 -0.0741012802299919 0.0535235694535662 -0.0563731192424026
0.054521659934384 -0.0564493637844802 0.05441178765059 -0.0154283022431424
0.0831913917736385 -0.0248697380794489 0.00759898860516015 0.0206847829301865
0.0809509563495244 -0.00947787102011948 -0.070829894490552 0.014178263930972
0.0311233074286701 0.00511374502953649 -0.120749576447034 0.0391581435083132
0.0417017259961492 -0.00509701455651521 -0.10983965566661 0.0268742862284614
0.0297759549446625 -0.0247953065792115 -0.0865980776209953 0.0142095045665275
0.00782348313837299 -0.033208977390615 -0.0655626032789642 0.011814702116202
-0.0043199834496009 -0.029903618919961 -0.0648789415486627 -0.00126383297080643
-0.0130991789122091 -0.0251842929019752 -0.0735049593133416 -0.00332987499817375
-0.0185435614696634 -0.0213739768559596 -0.073723557223735 -0.00883314106941711
-0.0154051067618864 -0.0229267921586759 -0.05995612447252 -0.0281405251403084
-0.0141402642703026 -0.0257094886219655 -0.0518207825072974 -0.0616844880454979
-0.0110271659614846 -0.035561872166329 -0.0251642994157343 -0.086352885301348
0.0023439363262556 -0.0414899862509292 0.0157296383128643 -0.0942435896200133
0.0213580147706972 -0.0425522382831183 0.0549965396385297 -0.0598255329569694
0.0445397537011169 -0.0262643044749463 0.0493570855548435 -0.0154640175408909
0.0560944839427537 -0.000844753040710625 -0.00231449353321665 0.0123102039520652
0.0437833756273194 0.00837670559193352 -0.0864533590569915 0.00462342517184355
-0.00168438036564331 -0.0175025361008439 0.0950540067935794 -0.00857560136352087
-0.0183445772383512 -0.00880622238176705 0.016025139891269 -0.0253950718979
-0.0200894210017087 0.0082586011509532 -0.0527281684501709 0.0103985140351098
-0.00615176475213584 0.0137507914539153 -0.0697722418331847 0.0596634928967776
-0.00230881701922563 0.0104541849791488 -0.0248692284399163 0.102863022893768
-0.00355465507544977 0.00857534962100623 0.0269255072804115 0.101903055121344
-0.0050946687718559 0.00979182228819183 0.0591576365392008 0.0736028056937436
-0.00938851105587664 0.00730859360422656 0.0749825258136541 0.0367860165098481
-0.0112754535261443 0.0104394853338552 0.0795185178701775 0.00850541735545655
-0.0165850357878686 0.00668830931153409 0.0826723055158212 -0.00341297326078536
-0.0143624959323306 -0.0017124108298097 0.0764667914146781 -0.00531505776870578
-0.0127566594759192 -0.00300120160850739 0.0758612129783926 -0.0139293547222767
-0.012040758776963 -0.00902948101557702 0.0832111871258725 -0.0189194862706328
-0.0032322823143618 -0.0214910575098757 0.0997790024129025 -0.0182407141986516
0.00903902664211079 -0.0216558141952589 0.124334901403107 -0.0407921004867854
0.0390585357275295 -0.0240686182355386 0.0895359559534631 0.00101918425496997
0.0232077392731623 -0.020326615970999 0.010813982262162 -0.0214557869273382
0.00736451076555843 -0.0150557758634334 -0.0550865884475633 0.0118793742953465
0.00573465290287003 -0.0185464596136886 -0.0709778634440693 0.0579254013619345
-0.0048470180072293 -0.0224347151443139 -0.0289355845283439 0.099324520568931
-0.0189132723840054 -0.0190497480882572 0.0185175270880016 0.099300884416786
-0.0283952618487996 -0.0087829851428769 0.0501258066738875 0.0724478560736433
-0.0337296365265103 -0.00917779484560601 0.0665105552204196 0.0370097162798611
-0.03665771060029 -0.0029190615858838 0.0700848689342639 0.00586242426538069
-0.0448421626312181 -0.0135130350892753 0.0749799913383586 -0.0105154452906238
-0.0344674871490675 -0.0336847705755817 0.073805599073937 -0.0161889095137873
-0.0214216370340774 -0.0445992214699854 0.0770586160610854 -0.0215500059421629
0.00289599236665844 -0.0497914445659424 0.0815175165053712 -0.0225655606886488
0.0331152092683633 -0.05079690637962 0.0878306559672335 -0.0179500442322708
0.053620711927801 -0.0435642972707857 0.103342186273 -0.0340464851192606
0.0743575725795566 -0.0265323826913816 0.0674532930353032 0.00705585359173635
0.0643915950741248 -0.0293460800259984 -0.0053526747617325 -0.0212602698878695
0.0363618237142874 -0.0386374549704652 -0.0634490005365203 0.0110068774917174
0.0178442037534915 -0.0519355890953007 -0.0731909265103793 0.0545401906453034
-0.00742545435847304 -0.0539062159164457 -0.031953395604596 0.0894006967147511
-0.0323175468519706 -0.0446628332396782 0.00722770780787013 0.0873602474766753
-0.0480988876043469 -0.0267928577563286 0.0329334871831215 0.0638121142342751
-0.0532586046590395 -0.0232954568731948 0.0483408375246227 0.0324927001283038
-0.0559484444428735 -0.0149652578046723 0.0503112158700972 -0.000477084976674648
-0.0666347854112433 -0.0293314461901439 0.0566072678057746 -0.0201762556408117
-0.0519108720415919 -0.0574886016291649 0.062072501291328 -0.0307758020362438
-0.0324920502915427 -0.0771354373839249 0.0743916847533216 -0.0329325040025447
0.0112438412096267 -0.083902597103142 0.0792623065289878 -0.026453762994392
0.0605817061822241 -0.0752357228433439 0.0746140228733604 -0.0103501340166502
0.0869737684610054 -0.0601364037404353 0.0718015025435872 -0.0202601066829218
0.0986637803437397 -0.0279238125557259 0.0306797663622526 0.0115197291237351
0.0956816117206965 -0.0391986889133602 -0.0307524863033168 -0.0209700759095153
0.0602788909075148 -0.0626304170660233 -0.0750757148151634 0.00973256847425653
0.0230718666599772 -0.0836067761505443 -0.0736394485364918 0.0486832451792444
-0.013754273434969 -0.0797387915408823 -0.0343531400281006 0.0730524077827873
-0.0441028825537779 -0.0632638670967481 -0.00625571325700384 0.0682462782334577
-0.0615237473950591 -0.0391923296576612 0.0106265840620266 0.0492113858367571
-0.0644901717212993 -0.034324603475859 0.0237552907748821 0.0236028001863453
-0.0660666413431433 -0.0259007238684338 0.0246622796254742 -0.0071940979411095
-0.0766013376465615 -0.0429667302355081 0.0323825992391961 -0.0297581362869846
-0.0592904773526878 -0.074869356107704 0.0448796955754188 -0.0452378251261224
-0.035799978388179 -0.0980160698422961 0.0681355043156982 -0.0436902982745896
0.0201265277435216 -0.104515093923948 0.0754659777675197 -0.0273330188696591
0.079819179081602 -0.0863019986034057 0.0602176849416736 0.00144007471218268
0.108266143661427 -0.0648607399301549 0.0345201581729204 -0.00296874196140533
0.106667139377836 -0.0272023139713157 -0.0145792415563038 0.0174627014147247
0.110253453849466 -0.0457677723523377 -0.0608274040132138 -0.0146485862239568
0.0702979638124844 -0.0788909181390392 -0.0850863494381467 0.00947112138268741
0.0212164680517344 -0.101758733589207 -0.0725460205609351 0.0390662040185447
-0.0208102785437101 -0.091598151683351 -0.0397443007744525 0.0504889438894948
-0.0515548642998426 -0.0696373386567595 -0.0245987573923328 0.0448720409928903
-0.066325950691794 -0.0444866793613404 -0.0158291637927687 0.0321154595797097
-0.0659210215024126 -0.0398620985824314 -0.00361257479824966 0.0119503266080844
-0.0659041375916698 -0.034758321582584 -0.00293130988099851 -0.0181310326782619
-0.0729880216924101 -0.0538605816327853 0.00739869365170459 -0.0413961120627209
-0.0528019943071622 -0.0847281785079117 0.0269485380354642 -0.0586686127653878
-0.0259048497894207 -0.106103252042348 0.0605551996990264 -0.0509852763570894
0.0328932994718377 -0.106253255750313 0.0698117715010523 -0.0243214852549128
0.0935944243495278 -0.0799793813398137 0.043281983787264 0.0139066398988742
0.115002544476379 -0.0556162206355305 -0.00524084409202081 0.0121366382300487
0.0968525744200566 -0.0226465097311001 -0.0610596308671924 0.0265658000538351
0.103443532768265 -0.0439128453645707 -0.0880458700617687 -0.000673656949935421
0.0663125118615017 -0.0789103773975825 -0.0902808711806532 0.0120512111626374
0.0150668963515741 -0.0984237819711242 -0.0697339659598815 0.0278407531190168
-0.0240527595188659 -0.0859423890884312 -0.0483469049782948 0.0267644654383082
-0.0496773365878083 -0.0637739668289766 -0.0458088275916974 0.0229277687927045
-0.0610363345454408 -0.0420885897348987 -0.0418427631891384 0.0156423217608635
-0.0573732806934317 -0.0401434196543678 -0.0291154036575159 -0.00176672473687807
-0.0557194334726462 -0.0390997877420517 -0.0276172650301445 -0.0319531048128587
-0.0577987997299765 -0.0587428884626361 -0.0132544678382655 -0.055728242611429
-0.0350383684613107 -0.08391523228951 0.013993904122056 -0.0728232222681763
-0.00576844641907536 -0.0986242916956941 0.055191265212768 -0.0560376854466876
0.0475572139969783 -0.0895436457399783 0.062285450342633 -0.0205194325975607
0.0961474909920201 -0.0576006978682542 0.0250229897633789 0.0213471866173737
0.105959114186024 -0.036516720589156 -0.0419317268551105 0.0194991576388791
0.0695753900158299 -0.0124701902121043 -0.0988686125702871 0.0367644560336255
0.0782308833927493 -0.0306280539831518 -0.10549389554985 0.0168251084734015
0.0499666737910929 -0.0603488443634432 -0.0899378610238262 0.0158932394338362
0.0084781843065154 -0.0737313197295606 -0.067413733772316 0.0183307312540472
-0.019433346693188 -0.0625934172122872 -0.058108677030694 0.00863168831789233
-0.0375513769267414 -0.0471015087287025 -0.0643807144342032 0.00756996112167437
-0.0448092974217797 -0.0328532287393876 -0.0636019194732123 0.00330689400968085
-0.0405900903126696 -0.0338248612239743 -0.0502803431652722 -0.015640823082405
-0.0382850983019552 -0.0364279781274812 -0.0463452908412626 -0.0471515831158839
-0.0354367490655347 -0.0527776808616251 -0.0263938593643159 -0.071979990687701
-0.0146356179317277 -0.069049509829059 0.00874650537400378 -0.0863900478371315
0.0130522701555628 -0.0758964670014579 0.0528670864543244 -0.0600209454925465
0.0535982831884746 -0.0604032476422075 0.0549208411424004 -0.017724428413207
0.0844702901892297 -0.0289564044940827 0.0080276888280547 0.0204148000783036
0.0819132332632033 -0.0127155839154852 -0.0709385808787212 0.017939924660485
0.0312996520543174 0.00424003208545449 -0.122093359516717 0.0445391586311611
0.0421805911606433 -0.00723507932115669 -0.110153895465832 0.0312677745838435
0.029310913540066 -0.0265422667609652 -0.0876024319246258 0.016966445850966
0.00657109294994067 -0.033849372321645 -0.0668866800713503 0.0141529892114104
-0.00595754125395963 -0.0298592649415341 -0.0664295213534064 0.000710181186492365
-0.0146399995817149 -0.0248310219482669 -0.0757888695493655 0.00058484605200025
-0.0196213288798627 -0.0208569927282136 -0.0759055120108773 -0.00478052709556947
-0.0169045351731288 -0.0227891799505795 -0.0625589758209374 -0.0262262688333081
-0.0158280018953726 -0.0259275505069397 -0.0552503584830673 -0.0605612280807085
-0.0126330004482711 -0.0353603891466821 -0.0295903047090529 -0.0869033278321149
0.000946226564904827 -0.042090614938432 0.0117274327974128 -0.0972545949495513
0.0200127770534631 -0.044137785279356 0.0543390650622876 -0.0635841951507403
0.0444710780993269 -0.0285990957168875 0.0494301835434205 -0.0176052208154255
0.0571187646440138 -0.00350709185939315 -0.00183599085529893 0.0132072672275333
0.0443636310769887 0.00730705731505718 -0.0874551461904086 0.00963939242576241
0.00590296620055712 -0.0173271767118687 0.0889305011543802 0.0345693657904236
-0.0127154183620941 -0.0159042215202663 0.0266516743520517 -0.0157753912243397
-0.0213500495275445 -0.000561150238129096 -0.0509669190157624 -0.0137725660437403
-0.0107499486398481 0.00901887614209976 -0.0886785173630006 0.0233271802895779
-0.00553961327280949 0.00782028118985823 -0.0675814648075417 0.0812270271990594
-0.00532602598860659 0.00536595350041465 -0.0209238185950564 0.103085332390994
-0.0085171297931042 0.00661183972195131 0.0213199355344511 0.0916691318112932
-0.0112072211011561 0.00281354371897597 0.0521395767507633 0.0643139140145899
-0.0144476752754124 0.00384699217968672 0.0681207666573719 0.0414599106523063
-0.0174140088642083 -0.00125711542532256 0.0754016896203711 0.0321460705934863
-0.0116965330875243 -0.00875887826620509 0.0706188344215245 0.0287751093678722
-0.00932132117484228 -0.00891072136236136 0.0740774043422505 0.0220569954870988
-0.00495069916507738 -0.0135227973620094 0.0826247426870492 0.0212624994740631
0.00788289478869028 -0.0207182480166091 0.0993423943648594 0.0306324864456524
0.0179781738035928 -0.015380090853842 0.131337670988752 0.0227142355587141
0.045243749817457 -0.00482713438502761 0.0800901338115894 0.0398516231653498
0.0297963032540765 -0.00844501969785551 0.0187422215268971 -0.0146050905430545
0.0138403119202342 -0.00986601945139601 -0.0545369043673458 -0.0141343703595824
0.013947797380849 -0.0140925066553669 -0.0902729108391826 0.0201724083273311
0.00705116482985319 -0.022307848612707 -0.0711055159183996 0.075900446083694
-0.00802637600611745 -0.0255485954733152 -0.0277382426535074 0.0975320266733709
-0.0211213485216351 -0.0205064386122826 0.0126002889144087 0.0865220700734838
-0.026908874821117 -0.023069775074803 0.0431304574744402 0.0613989140643831
-0.0312747217965739 -0.0192225415095859 0.0604368214212635 0.0348478307552237
-0.0349276765248257 -0.0314495412623328 0.0716246739564429 0.0217742541667376
-0.0164239382800655 -0.0463589317509389 0.0738611523675094 0.0163307270426267
0.000888829328088409 -0.0494167875318747 0.0788702776649471 0.01421747735814
0.0258240811542429 -0.0435763948055146 0.083397829544513 0.0177712113433499
0.0536640887796257 -0.0311725862745363 0.0875590749837148 0.0263878973164963
0.0668324201849431 -0.0161635083862511 0.109773910833301 0.0202161519209986
0.0783044315120341 0.00874129953778256 0.0563436796416582 0.0340684972712108
0.0710678934336094 0.00181532726902475 0.00361692392621391 -0.0221163641039874
0.0507768445542176 -0.0181502458793109 -0.0638179439425021 -0.0190931044560638
0.0391074882784787 -0.0384118500086759 -0.0919962395781293 0.0156748799568203
0.0186194241189943 -0.0522470716553258 -0.071272839191386 0.0658479020871527
-0.0087758426793583 -0.0544934618218231 -0.0335793874710715 0.082428460605647
-0.0308754703417377 -0.0448936786292843 0.0011156317046066 0.0717258892591518
-0.0380667263804379 -0.0448353359460715 0.0283400788695911 0.0500926652164715
-0.0437171446227107 -0.0383807948029771 0.0457096173131044 0.0208271861979858
-0.047046409601209 -0.0552659395932876 0.0601289273414831 0.00493184940950607
-0.0219170502963996 -0.0754483407021482 0.0705451027083534 -0.00255397212821386
0.00563494598000923 -0.0833178017572508 0.0822703117580909 0.00186330409778995
0.0487035904744901 -0.0708731061232899 0.0842885262077597 0.0125124389854564
0.0885120512784294 -0.0417528924425109 0.0731546630146614 0.0276227897273572
0.105264424167747 -0.0159163068358781 0.0746673128871465 0.0179853651027074
0.101396963818609 0.0194307495046903 0.0218002428010605 0.021059660810279
0.104262300419408 0.00728162683157627 -0.0209048416812184 -0.0342977402962014
0.0828905924322181 -0.0288568511407322 -0.0744388581987637 -0.0253710086326352
0.0579290530163094 -0.0637242330384781 -0.09056507581327 0.0103806543447925
0.0248342800920931 -0.0779804818169213 -0.0664642023127595 0.049293798469686
-0.0123514823385474 -0.0760754272963795 -0.0372184402768032 0.0590264521634547
-0.0384414837906477 -0.0616341523416958 -0.0128608989738768 0.0488181196511994
-0.0439130562389065 -0.0599683178101991 0.0104229972234856 0.0316349621640555
-0.0486822928322426 -0.0524539511979758 0.025144407130426 0.00287048866957734
-0.0513669180580577 -0.0713604041039133 0.0424931041584768 -0.0147860776278877
-0.0215944016452112 -0.09432119649542 0.0618709033772661 -0.0237760835193531
0.011132693835949 -0.104084367994753 0.0827026063681644 -0.0112709146014166
0.0659816105302726 -0.0851139841644733 0.0819989176606236 0.010476945141353
0.111195412268823 -0.0423494483049303 0.0542814173808631 0.0325505137745315
0.125548070166022 -0.0112235832329602 0.0320675433929628 0.0160539416952033
0.108569943076468 0.0234779182494623 -0.0220646492008313 0.00536109761665491
0.120960933641754 0.00753914953196482 -0.050904557347772 -0.0412698792834895
0.0994227427668999 -0.0386644340314214 -0.0835883731909702 -0.0306999007142847
0.0640319513580319 -0.0814388575409866 -0.0857160312194195 0.00167066144941549
0.0231248641845563 -0.0913912658429867 -0.0615139540660906 0.0274447996834595
-0.0161191463204432 -0.0849062448418919 -0.0435020566302872 0.030567597770585
-0.0412365876740008 -0.0681702956718238 -0.028865144078921 0.0225650406703947
-0.0425430006841895 -0.0657180389649116 -0.00853644742668286 0.00930318714990767
-0.044806865956565 -0.0596254498637687 0.00481552727662854 -0.0183609161093646
-0.0438248861568917 -0.0799279516324754 0.0253204029697273 -0.0352666102514518
-0.0121743945323319 -0.100662920748348 0.0516260648035979 -0.0435528475379439
0.0223569094734871 -0.106862683152413 0.0788319103912165 -0.0212650830630587
0.0783210694513581 -0.0805242198113605 0.075521127219662 0.0101781370726878
0.119739301790369 -0.0303426089159166 0.0335205949516217 0.0361047772106088
0.127398388519568 0.000216351758690867 -0.0110402643580485 0.0107669441227489
0.0974414498760326 0.0230816275028861 -0.0679076222563531 -0.00706520505942198
0.11424622882253 0.00670240943453542 -0.0816990699256231 -0.0404547082476344
0.0959668553581091 -0.0405452908733999 -0.0893765824025146 -0.0308941928410957
0.057188352629741 -0.0813892018629358 -0.0782531359385397 -0.00654529997627051
0.0172378346534481 -0.0871693695408903 -0.0595583772777729 0.00198419824594353
-0.0172828437859809 -0.0784712475782568 -0.0526215524948603 0.00115559038246036
-0.0372274035409512 -0.06393568868632 -0.0455854837936403 -0.00367622845394252
-0.0349524369300305 -0.0621326604773039 -0.0258938407184426 -0.014245476404707
-0.0338491402741608 -0.0592571279262071 -0.011305358618098 -0.0407077183399212
-0.027256132430665 -0.0773054958250185 0.0130930062035353 -0.0564539983122488
0.0037099741513081 -0.091943110966046 0.0462439418064027 -0.0613092455463726
0.0373282356252386 -0.091094891221042 0.0770258508063547 -0.0273138397795426
0.082944983346328 -0.0595719794711635 0.0667265812632 0.0105639164482323
0.112592982583949 -0.00934987188379903 0.0129651793117462 0.0332867822846572
0.111012177374039 0.0134567436474974 -0.0477069027897711 -7.0952635479263E-05
0.0690875414866594 0.0211694686858171 -0.106603825457458 -0.0140432435858548
0.0854924868536808 0.00748294670482168 -0.103057639482474 -0.0322027700978973
0.072757621078733 -0.0310962585793143 -0.0899632522969456 -0.0274002199375779
0.0400624271895116 -0.0608887957786247 -0.0705233245115477 -0.0138053841061773
0.0109701308781932 -0.0643664925270448 -0.059168959797194 -0.0185974835952635
-0.0128398098984524 -0.0577508545385073 -0.0621562864360249 -0.0211468564952779
-0.02645805444383 -0.0488236588328205 -0.05933778298747 -0.0237474124948161
-0.0223839773963102 -0.0483602785311924 -0.0384466080428058 -0.0349696947154142
-0.019686522939883 -0.0488974641464905 -0.0207236764411946 -0.0616271848621218
-0.0101233945408324 -0.0627403906337096 0.00825766400637017 -0.0758014754861584
0.0162418136761219 -0.0700073332335417 0.0476289171876993 -0.0742124857942542
0.0437526321824647 -0.0631703070113376 0.0771612387664031 -0.0311724035592549
0.0745407614865224 -0.0298518797759423 0.058367117685974 0.00943483877240883
0.0893016051342613 0.0108573124974138 -0.00313844020633661 0.0248192291548728
0.0786115823511246 0.0242888086669183 -0.0731250712538356 -0.0160359899372231
0.0271468546239886 0.0182855368703025 -0.130511892451312 -0.0153512671105168
0.042736168977814 0.0125535254859505 -0.113319776910019 -0.021384105449988
0.0388810828525461 -0.0103242026274422 -0.086988924933936 -0.0252644191348718
0.0214797634573333 -0.0267091471810311 -0.0672061492666236 -0.0175628440829875
0.00748649744386801 -0.0282724244540699 -0.0611221601243336 -0.029074534720692
-0.00239166782119762 -0.0276362775841307 -0.0689775750253621 -0.0334948559937915
-0.00899027689941883 -0.0271835474040316 -0.0658688738576467 -0.0368502011626491
-0.0057505528494966 -0.0280818409934974 -0.0449031243116636 -0.0500387913138285
-0.00376195192906316 -0.0300528206253174 -0.0236104958070527 -0.0773297743103571
0.00267184090518265 -0.0376845242017147 0.0117348910726591 -0.0900640440883245
0.0182478039277926 -0.0384823207555654 0.0545337536725916 -0.0822064470322235
0.0363901332544597 -0.0321894756055122 0.0785447832486969 -0.0329233986237856
0.0531614578256947 -0.00611225394002772 0.0543628138599642 0.00744087267259033
0.0524191050728588 0.0220915295019226 -0.00906451002940826 0.0129160848607221
0.0365351383335204 0.0262213641726404 -0.0833977787417248 -0.0313701157390838
0.00573210689256846 -0.0168558315788726 0.0884016464999545 0.0300578448905823
-0.012725758376786 -0.0157183970746395 0.025543729268289 -0.0171107710803157
-0.0204283521257447 0.000143788280624961 -0.0502802390037596 -0.0115011343600725
-0.00981635171142339 0.00906598526065453 -0.0866297376458163 0.0266246307116248
-0.00431767877908719 0.00777134549936955 -0.0632323728293991 0.0819503580859716
-0.00518128344432462 0.00564956374100657 -0.0152229003004386 0.101478963243251
-0.00744435816718441 0.00685912314100282 0.0252953519955651 0.0876204853538778
-0.0107041451673125 0.00277308637830352 0.0534252717728638 0.0602593796348504
-0.0131904882626105 0.00459681333361525 0.0682209681696894 0.0368150690542928
-0.0171452432239909 -0.00069878182864537 0.0762963107314812 0.0274456646126711
-0.0116786103222376 -0.00808793928428549 0.0712078612657759 0.0255568771821635
-0.00873458241527289 -0.00856066684674511 0.0725891540447356 0.0187402791068639
-0.00514932301941923 -0.0134421749853015 0.080536522796643 0.0186699605180025
0.00712540365909548 -0.0213185732961679 0.0982113911539192 0.0260028100487443
0.0175996195994857 -0.0160407915419128 0.129838543587025 0.0157969942684058
0.0443376366459059 -0.00666977073021747 0.0794476915151407 0.0344582269198139
0.0294397247285883 -0.00966923597955112 0.0187089906527234 -0.0154308327846668
0.0130512716212314 -0.00992466675495298 -0.053813135324767 -0.01129901472389
0.0126746409760753 -0.0147009823300241 -0.087951388606552 0.0237158206470354
0.00591944608356482 -0.0225459128821213 -0.066746063508098 0.0773381206341129
-0.0091276317149027 -0.0248734685003456 -0.022684943811074 0.0959186360925409
-0.021370620327663 -0.0188855820882728 0.0167485823782775 0.083470229927832
-0.0277682605096946 -0.0212078842597209 0.0449941605886925 0.057602042887972
-0.0314687985771682 -0.017515025318057 0.0609319466042363 0.0306205419819794
-0.0351348174864907 -0.0292955682128341 0.071935539563919 0.0177117323693764
-0.0184716583471228 -0.0449760326090822 0.073608528612815 0.0131137282229475
-0.000887753216985463 -0.0488847421732303 0.077582146385595 0.0106898221570434
0.02386245660327 -0.0441675552541711 0.0810055144587766 0.0144938330315465
0.05146914899709 -0.0336987726203619 0.0869071480104939 0.0224649300696835
0.0654308506958554 -0.0188251106460224 0.107930663052738 0.0141057393401684
0.0769658764641488 0.00544297886190469 0.0566208450191159 0.0299857493218066
0.0699840616402536 -0.00155509403155379 0.00281524457484945 -0.0228810282730012
0.0486116615630549 -0.0190222536267475 -0.0618661371913572 -0.0166157435118901
0.0363620074508754 -0.039647647576144 -0.0893526094940003 0.0190998968087359
0.0154930413850115 -0.0522940244871343 -0.0665990717728683 0.066925695332641
-0.0117095958644802 -0.052972456728054 -0.0288926995183782 0.0816358518454813
-0.0324923387102363 -0.0419298998981727 0.00384553964663473 0.070084933946506
-0.0401356279796469 -0.0422868830155859 0.0302822035221471 0.0470941142957409
-0.0446301625428765 -0.0356609239093752 0.04502826741346 0.0178956825471549
-0.0495309975487301 -0.0522140230969862 0.0592457260299263 0.00214219981790256
-0.0255264451327296 -0.0734186078692611 0.0694398218593767 -0.00556238041484917
0.00108023549793481 -0.0823062456307413 0.0811761928158131 -0.00167616819255633
0.044595050328362 -0.0718602787068654 0.0814576486265009 0.00954096072464998
0.0853187276186096 -0.0446874212524485 0.0724027257564413 0.0240103452572992
0.101655764266382 -0.0202008360292086 0.0739977039476402 0.0139933854265287
0.0990366384817928 0.014580073155657 0.0220339546967054 0.0183812146380106
0.1026159288115 0.00201645436702566 -0.020381563481745 -0.0328794826687583
0.0795106480314586 -0.0310155444739397 -0.0730867070768458 -0.0223417619924347
0.0536873848490541 -0.0651669142836266 -0.0883114707044242 0.0133946286155732
0.0197286221083906 -0.0774289504337432 -0.0628656826282081 0.0510698531071211
-0.0156467009234842 -0.07346560582213 -0.033949040770045 0.0593972648102406
-0.0406317758233764 -0.0582790457000066 -0.0107242308511021 0.0487953055088437
-0.0461636976777281 -0.0563534026437734 0.0115180045152842 0.0298497208606795
-0.0503069166435604 -0.0495991990598869 0.0244349825756784 0.00155496101925985
-0.0534764418604981 -0.0678651145077438 0.0416966024424087 -0.0164722341910986
-0.0265732764280151 -0.0921984222067056 0.0595577356974854 -0.0260091965035353
0.00564933462995544 -0.101977127136407 0.080492307890824 -0.0149188255128091
0.0604890188296222 -0.0866089537840015 0.0792693239220453 0.0071446501792602
0.107637037842854 -0.0466765885004038 0.0544654458773063 0.0291522485404164
0.122367836333364 -0.0161388233858822 0.0326225162826422 0.0143448157993294
0.106132968711927 0.0187932229053902 -0.0214761516856815 0.00590141998187688
0.118612700157158 0.00157870208058557 -0.0506084161803736 -0.039215858076484
0.0960227813643015 -0.0413969508341069 -0.0825428403869917 -0.0268500961886456
0.0588124476779564 -0.0821152424987918 -0.084112850185581 0.00493072887138968
0.0177635168790761 -0.0908506432678667 -0.0591522337949541 0.0286641608555985
-0.0199872309637126 -0.0821043639683235 -0.0415472695860408 0.0316201920049113
-0.0434192199510979 -0.0647236254242648 -0.0275113084261489 0.0241101025586364
-0.0454833678229435 -0.0621725161332966 -0.00793782396518015 0.00901978610478659
-0.0468997871694136 -0.0566750236914603 0.00403072810805607 -0.0183671888250651
-0.0468155080011697 -0.0757316204364037 0.023438557365261 -0.035859640342493
-0.0174230769101761 -0.0983500644594701 0.0489969841733601 -0.0456256742073092
0.0170333232730412 -0.105182418211764 0.0770395552502622 -0.0244779112854292
0.0729352227101219 -0.0830556997949472 0.0733852216407796 0.00654625241625459
0.116437975938068 -0.0356006438017709 0.0338742820279439 0.0334621897310322
0.123914256302221 -0.00522953155202654 -0.00959699599643247 0.0113871189651706
0.0955713946845807 0.0191372416023856 -0.0666427129214735 -0.00434231664139687
0.11182722221897 0.000623505062411753 -0.0805547914576722 -0.0368069709068046
0.0917801252642425 -0.0436220237121388 -0.0877787016064298 -0.0266200510602065
0.0518785002931474 -0.0815237247942274 -0.0764917378896854 -0.00414757279915557
0.0123813408786309 -0.0859826671062511 -0.0575193841440233 0.00367552530706595
-0.0207535087379656 -0.0756557326511638 -0.0513577156786497 0.00340878060385832
-0.0397650180729062 -0.0601834323922114 -0.0444842733692141 -0.000707079979677313
-0.0380197153718659 -0.0587356198613425 -0.0256687807436665 -0.0124665162430736
-0.0362324006833752 -0.0567190090712131 -0.0131650607639557 -0.039360699507408
-0.0313314643550911 -0.0741608146248532 0.0101947611680781 -0.0568227854940265
-0.00155220740265582 -0.0903528278120029 0.0422879087964769 -0.0623256427163246
0.0314456021599723 -0.0910482214320349 0.0750141984246948 -0.0310879467171635
0.0779927450066222 -0.062079719684504 0.0649841988345968 0.00754012107200097
0.109886401778685 -0.0147500972847845 0.0139657748719284 0.0324922340980552
0.108518654531364 0.00847170568656841 -0.0460638837796912 0.00309791052903352
0.0675189520426076 0.0173819583581501 -0.104922848951891 -0.00930335828926678
0.0838897479177439 0.00314624664853656 -0.102075257102824 -0.0277369812188259
0.0695380857021103 -0.0331109502364127 -0.0882040322135748 -0.0234873408594296
0.0365697878310221 -0.0616986952931106 -0.0696514673407714 -0.0110064368570804
0.00685343109456646 -0.0631645709990329 -0.058341191992597 -0.0159468489187275
-0.0159245723920577 -0.0551615166055048 -0.0619649931383093 -0.0181758270232909
-0.0287179837420062 -0.0458832763732292 -0.0588942566966359 -0.0195086066842266
-0.0248239302535924 -0.0465160641247975 -0.039071396207561 -0.0321990438525789
-0.0218433553771421 -0.0472269412667864 -0.0239354386165543 -0.0590079622877573
-0.0131720061582976 -0.0606451824546159 0.00452172399441499 -0.0755687549947231
0.0118948142023098 -0.0687406954520731 0.0430966717424128 -0.0751850420379282
0.0396044618093357 -0.0636004546834818 0.0745829876372785 -0.0342005622534689
0.0716653292699222 -0.0327862002364649 0.0571426580406823 0.00703564681209751
0.0874597552129989 0.00645890405068991 -0.00182393027164626 0.0245026864104466
0.0769292939342107 0.0199724723782077 -0.0709770609814214 -0.0105592798382497
0.0270613866368349 0.0168206604810011 -0.128184738189569 -0.00924714494475037
0.042169023031208 0.010138410481629 -0.111032372984298 -0.0167231702866319
0.0372170062814416 -0.0114318175691086 -0.0853968942506572 -0.0215547443445258
0.01954525681956 -0.0263327447012421 -0.066078061751016 -0.0153375175397877
0.00606026735024125 -0.027844674784709 -0.0612952448501068 -0.0266360087520441
-0.00370041438365004 -0.0263460981675823 -0.069195821152998 -0.029024819973774
-0.0102873342526989 -0.0253380214508242 -0.0661683429449124 -0.0323974236245682
-0.0074580480328845 -0.0273603145037992 -0.0458448223313955 -0.0465002213447597
-0.00546146613654666 -0.0293832778105044 -0.0269698461220407 -0.0745063516726033
0.000891176020657487 -0.0362999729970231 0.00719175903593667 -0.0887826906023171
0.0157782971213935 -0.0380555879425839 0.0491918587365377 -0.0829547023820363
0.0342795235496269 -0.032501647064201 0.0758773358570168 -0.0362093876068829
0.0513424706188508 -0.00785935709229097 0.0528279651508641 0.0054607317395783
0.0521781203696843 0.0191203234572879 -0.00855966809761543 0.0129945503554994
0.0357088690174342 0.0236786963440418 -0.0823223164348016 -0.0257054207978055
0.00532706622843532 -0.0164587941800723 0.0870415163992579 0.0262273692878305
-0.0124785534268427 -0.0154198935958076 0.0247224455252969 -0.0180363575020623
-0.0193641443346945 0.000573436731640807 -0.0490482839833196 -0.00991137064066705
-0.00961762966771227 0.00902792183376411 -0.083638649525228 0.0284612048008888
-0.00413152368569578 0.00713275374378751 -0.0596071145525289 0.0814035814915695
-0.00506473237177561 0.00501965198610244 -0.0118512153572614 0.0986791284711053
-0.00678568695802707 0.00627545867696037 0.0274798012639004 0.0840767344328998
-0.0102716411122736 0.00284570101547089 0.0535880642542372 0.0570008756683577
-0.0128374520794764 0.0043045909091291 0.0678039926473336 0.0335519203973797
-0.0168570927223396 -0.000615229582366623 0.0756511054903115 0.0247214533145838
-0.0120185198168439 -0.00786578981298037 0.0703469032198733 0.0232624579256444
-0.00867502022334713 -0.0081339632313738 0.070937997200148 0.0171289036405614
-0.00555215671983831 -0.0128221752852622 0.0778840750535185 0.0168986708841835
0.00611740634262569 -0.0210939454105857 0.0957348172639956 0.0232566105080298
0.0168488286330478 -0.0164281298723672 0.126281795874382 0.011385888965127
0.0429467138873003 -0.00760816567659491 0.078207897502277 0.031020569208753
0.0281475916475302 -0.0110466617524708 0.0184336228745482 -0.0162502974357241
0.0123132462815109 -0.00995872967976796 -0.0523971409165863 -0.00990122484626985
0.0118319418490475 -0.0148937673696379 -0.0849389824412895 0.025417271068804
0.00472813356282763 -0.0222797597736303 -0.0628597910997876 0.0763356499233611
-0.00948311486858918 -0.023961422639447 -0.0187928919448429 0.0937580805269196
-0.0218229502202984 -0.0174684854284734 0.0189876973242488 0.0802821199197242
-0.0278452831439066 -0.0199306156230412 0.045344958698307 0.0544914068065042
-0.0310208679184287 -0.0160595482468127 0.0598630023280748 0.0276144950545548
-0.0354007391803654 -0.0274943949044498 0.0711661216404841 0.0149134530130454
-0.0194992424018294 -0.0437604049490461 0.072123785928182 0.0111071581906509
-0.00202747398606526 -0.0478483954114062 0.0760809187981426 0.00888594534994417
0.0222149096908385 -0.0437347550152805 0.0781755743962067 0.0131110927474619
0.0492108267865093 -0.0342298332384106 0.0847038529062382 0.0201782871353858
0.0632115048888535 -0.0199058184824372 0.105495557446246 0.0106253997026894
0.0743665975885239 0.00357931931399133 0.0559698909691487 0.0273323526243533
0.0681482659648814 -0.00401222371414483 0.0033662397228341 -0.022693711725
0.0470894545958504 -0.0194926937130176 -0.0605291725999532 -0.0143154223754786
0.0337907680892865 -0.0398387534618147 -0.086145907346296 0.0205916458073894
0.0129451247717634 -0.0515572364840673 -0.062409167919439 0.0659644108852927
-0.0129517851728612 -0.0509142614977845 -0.0254413579091744 0.0792759314580727
-0.033075124375023 -0.0398380067795843 0.00633623248862022 0.0679602192525611
-0.0402569786659603 -0.0395874055367892 0.0304385439647965 0.0447399055786621
-0.0447695561905335 -0.0335976917380951 0.0443394676294363 0.0158235297454056
-0.04979897846945 -0.048573270649105 0.0582310030236603 -0.000682020735770439
-0.0275624288624236 -0.0716894908725347 0.0677640661676942 -0.00764175671491535
-0.000982624637869798 -0.0800762985966871 0.0786189901607197 -0.00361038915036997
0.0416917376402585 -0.0713035140682907 0.078702312222263 0.00800330100117136
0.0826839873903001 -0.0455815815837814 0.0706304413398439 0.021567201625583
0.0982800200698817 -0.0225937758399525 0.0728131428634756 0.0116033641431068
0.0958312039059421 0.0122604785597915 0.0218532260740769 0.0172000613048376
0.099872510931613 -0.000888189517979721 -0.0195705781899705 -0.0320050497863145
0.0766320618795905 -0.0316053899712224 -0.0709395474833518 -0.0203312036542894
0.049847183004751 -0.0648045708796294 -0.0858073023181837 0.0148859688452141
0.0165628301738465 -0.0758875788425182 -0.0597423529381204 0.0501849816614945
-0.0174736176545771 -0.0706949901773881 -0.0312059597276705 0.0582579160593313
-0.0411673111008564 -0.0551544257487941 -0.00923781486545946 0.0480491940421266
-0.0470851511231023 -0.0529212152381053 0.0125202072736173 0.0286068394402995
-0.05068094946985 -0.0466065040834878 0.0237748099744958 0.000524932835409467
-0.0542947946990531 -0.0638469282233489 0.0401981594436194 -0.0179791368418525
-0.029160381273104 -0.0892485850964799 0.0579166786932427 -0.0271925427336981
0.00256641440815886 -0.0994537007246267 0.0777999937847201 -0.016502387209336
0.0565424291504813 -0.0863912775933084 0.0763184701329312 0.00600022761488546
0.10386228005311 -0.0487934237966282 0.0531152834616398 0.0269829888851739
0.118418013724427 -0.0190483340356419 0.0322970772295161 0.013536500361911
0.102710739959412 0.015938825224168 -0.0209722533827182 0.0053773549165954
0.115465663277316 -0.00157273292479864 -0.04893854065146 -0.0377701448634239
0.0920501366940413 -0.0421646017509087 -0.0802810442947274 -0.0247664835767914
0.0546838166124369 -0.0810562792867425 -0.0814039615265055 0.0063540059447859
0.0141567230905255 -0.0892485187611774 -0.0564939967588141 0.0284269788352032
-0.0218105791952175 -0.078788302572373 -0.0394389139928758 0.0314205056132132
-0.0442997383864702 -0.0610571214762427 -0.0263067871873768 0.0239385508760629
-0.0467931922120104 -0.0586620749893796 -0.00712252631042243 0.00885274897510947
-0.0474474617852387 -0.0536142973139424 0.00280436912373735 -0.0182208330037607
-0.0475489404697955 -0.0720267711831178 0.0216103617908035 -0.0364406611721111
-0.0205309828085459 -0.0954419154360924 0.0464478896855333 -0.0458171635412157
0.0130413856674224 -0.102937391974973 0.0746310042723506 -0.025840011272297
0.0682718938046959 -0.0826911717645878 0.0704012853085935 0.00528415230481253
0.112641503831373 -0.0381570859471675 0.0333066583579589 0.0316371348282687
0.120295259444667 -0.00889881633358225 -0.00823897295410712 0.0121611203378424
0.0926509808838866 0.0162017356790606 -0.0651132495854192 -0.00310723639203725
0.109032765667252 -0.00226084688912172 -0.0781665126328209 -0.0346002197478304
0.0876292778412176 -0.0444091063258488 -0.0854634068756318 -0.023859032353765
0.0479854305954787 -0.0806667830431993 -0.0746412690986853 -0.00226553126924779
0.00891718360501697 -0.0842545276329536 -0.0551827845173103 0.00406323883452706
-0.0225436747090454 -0.0724946912941509 -0.0503246197055793 0.00448201576932277
-0.0406140113929929 -0.0567214976807326 -0.0434679792742854 0.0012173111592915
-0.0390156911018439 -0.0555785224571834 -0.0247826054665648 -0.0114747508322014
-0.0374213000861634 -0.0539143271309401 -0.0140863448047523 -0.0379670144844042
-0.032586856330489 -0.0711931853388497 0.00810565948167644 -0.0554957814056266
-0.00501534079314697 -0.0876073970932468 0.0400341424140654 -0.0619962242663373
0.0274582459966734 -0.0890093696163301 0.0720539048316274 -0.0319769523461333
0.0742852143043844 -0.062673839163203 0.0625899238538744 0.00614154418064168
0.106403165348135 -0.0176607195264642 0.0136571498943172 0.0312540626071433
0.105373171002756 0.00551486871686705 -0.0437033243205339 0.00471770666380631
0.0655542248573506 0.0151611626467696 -0.102290377935425 -0.00664132591976381
0.0816245504308295 0.000736397249005743 -0.0989020366193468 -0.0247612186284384
0.0666527219337989 -0.0336378306754419 -0.0861668579002026 -0.0215691395099465
0.0336997860134633 -0.0608261731904225 -0.0676452513684435 -0.00934968220760412
0.0043531945484323 -0.0617995846426065 -0.0565134916978379 -0.0153036302212803
-0.0170574724090722 -0.0525874330134462 -0.0615625267978667 -0.0161039970523566
-0.0290504083043083 -0.0431460994175995 -0.0575482228677662 -0.0172895878112607
-0.0259293926937992 -0.0441779042231483 -0.0387870738190208 -0.0300595921746373
-0.0228206132244396 -0.0452173227591503 -0.0248169388772689 -0.0565633861205065
-0.0154302591648744 -0.0583364338465665 0.00209764697590337 -0.0731550040926664
0.00842534343222772 -0.0669207898961293 0.0400839387490886 -0.0745834928860176
0.0362979581440147 -0.0627212735627117 0.071712176946603 -0.0358871193604415
0.0684229113866257 -0.0339221801779716 0.0554183926247013 0.00514434414434916
0.0850323082935473 0.00350609509476717 -0.00146835881037593 0.0245852140458743
0.0749429528657514 0.0172415733392973 -0.0684212397119055 -0.00746767501819848
0.0261545721240265 0.0158168527908259 -0.124733692575997 -0.00590596380415187
0.0405566702211069 0.00904575586869324 -0.107336497810248 -0.0138494237179274
0.0357205831033276 -0.0118894130616161 -0.0831955313692881 -0.0189695424899915
0.0178679979918877 -0.026207727209125 -0.0638829714077477 -0.0135680771340574
0.00483758690619658 -0.0268107879084372 -0.0599115949792098 -0.0252748956395834
-0.00409047408256403 -0.0251329539076687 -0.0687861694524526 -0.0262005810446384
-0.0104668778258216 -0.0242402748145271 -0.0654687782786486 -0.0288008579962742
-0.00808667252609786 -0.0258323096182735 -0.0451778376773659 -0.0436658658110465
-0.00620660657031658 -0.0281668685299574 -0.0277320188010421 -0.0713560942995607
-0.00018177104645922 -0.0352817291753612 0.0042301519835021 -0.0864747425572694
0.0135765355738782 -0.0370036811766415 0.0451213503334078 -0.0821991426997358
0.0319093502280427 -0.0322614667581076 0.0736800318067282 -0.0374744849698941
0.0492831347764212 -0.00890756089353434 0.0517492828364726 0.00348210516469956
0.0509826707643518 0.0171138206380811 -0.00813956303207647 0.0134793840437579
0.0346597296680031 0.0216255781392129 -0.0798905280542411 -0.0218036219713529
0.00540216174256404 -0.0165618237834097 0.084856089285385 0.0241492812336556
-0.012266334260246 -0.0151378747874214 0.0248966077966506 -0.0187602611396596
-0.0186869274584502 0.000251930753227146 -0.0475240314896259 -0.00937728715777711
-0.00913568447319237 0.00885320510814319 -0.0813230233698826 0.0295899778433711
-0.00388348221154354 0.00720588952708374 -0.058116405294341 0.0804312135321915
-0.00431138236201596 0.00451163477340341 -0.00978128343361879 0.0963519435601039
-0.0067354930718669 0.00614804727868095 0.0288341209433334 0.0814814844427073
-0.0102009983480919 0.00269897406598354 0.0531648507995766 0.0546055507361598
-0.0119658140761799 0.00474480367538005 0.0675203922201968 0.031381532089357
-0.016471167702249 -6.01033070882304E-06 0.0747316130741757 0.0226064997624013
-0.0117576366177156 -0.00793395714487483 0.0696167487464433 0.0220159773286711
-0.00781822241554526 -0.00803454334434587 0.0688874079731704 0.0159536484180057
-0.00550059509099701 -0.0127547798786645 0.0756345396500758 0.0169777150129817
0.00611226740814973 -0.020844687158738 0.0935166864882914 0.0223312923842485
0.0164520026295194 -0.0162812895986296 0.123322388201231 0.00958334034553565
0.041858295784255 -0.007905704688836 0.0766773897752887 0.0292866946322709
0.027746705442966 -0.0113800493166174 0.0182421224016034 -0.0170375224247077
0.0121853660331075 -0.00968543669028124 -0.0505464737228305 -0.00928192381706411
0.011122940093535 -0.0147234410207317 -0.082576518624464 0.0259648911522598
0.0038532968873208 -0.0222914776428176 -0.0605540117384346 0.0751674058128629
-0.00964541859326417 -0.0238562448607911 -0.017045895690347 0.0910728269787174
-0.0214143904684569 -0.017409027965698 0.0201483043484109 0.0781610886574544
-0.027777662188438 -0.0192425424630922 0.045795485255508 0.0521036353126658
-0.0309013814721125 -0.0156085391156463 0.0591318411372395 0.0258588762055967
-0.0351267225255121 -0.0262657078509142 0.0702989112053423 0.0130281468903381
-0.0200588103419657 -0.0430053272974066 0.0714537084847618 0.0096395074590936
-0.00289022274272391 -0.0470762420736105 0.074144033570714 0.00821674321868811
0.0215890869584218 -0.0433879052146657 0.0759928896615453 0.0129616272826634
0.0479737846480926 -0.0348436494246736 0.0823793259706487 0.018870217242869
0.0618141693820116 -0.0207867491725235 0.103358902255634 0.00914680574547167
0.0726195706123026 0.00295336334091824 0.0546360490630208 0.0252224727009747
0.0668964947486684 -0.00546967788289817 0.00415691710978319 -0.0236459025472271
0.0458591983883001 -0.0192652237960009 -0.0585144477942034 -0.0135310877365216
0.0322766642848134 -0.0395251176303409 -0.0839730476552578 0.0210686503990269
0.0119069911406343 -0.0503391029090827 -0.0606248359855951 0.0654461643762717
-0.0135003677987137 -0.0496299489259056 -0.0236925021671855 0.0775602940546095
-0.0330327089316175 -0.0380836029152933 0.00704624000095727 0.0659626900998692
-0.0408596452897333 -0.0380285053281685 0.0301746551309649 0.0428190149031249
-0.044401275839698 -0.0322759027401962 0.043514491294583 0.014733996146377
-0.0495326272294383 -0.0467432683375058 0.0578567961120999 -0.00219718700451535
-0.0289354712743901 -0.069654019389203 0.0665315650376559 -0.00827625335059709
-0.00240216439075824 -0.0788681933567385 0.0768963050626393 -0.00454590439961927
0.0398401717823853 -0.0705666686988416 0.0763004954622861 0.00859260294826584
0.0804320169454328 -0.0462583216429145 0.0686658946600107 0.0206945730921709
0.0958232262856558 -0.0233832096601374 0.0711377536584261 0.0112788798281391
0.0939239042289919 0.0110915162272068 0.0210069762095309 0.0160557707889752
0.0979463403126532 -0.00276471925647646 -0.019057081970543 -0.0325988346400963
0.0742647275641952 -0.031443489400725 -0.0686622453968205 -0.0195971286732396
0.0473214785968925 -0.0640984991548561 -0.0834076198043601 0.0152686011173172
0.0148360791152666 -0.0742687867080105 -0.057402487768638 0.0496010351784327
-0.0182492837781613 -0.0691212446124763 -0.0297370001377234 0.0566688505650971
-0.041032531309392 -0.0523559935864722 -0.0081444935362086 0.0471063729301226
-0.0472215866004596 -0.0511585338835806 0.0124444588758571 0.0274397625608089
-0.0502725170817254 -0.0449481951472761 0.0231065063256397 -0.000486419413948211
-0.054262307657059 -0.0616749082581605 0.0392478780027122 -0.0187801435192921
-0.0301617657917723 -0.0874396223059948 0.0560853529721014 -0.0279448032535318
0.000662121440718241 -0.0973426257970088 0.0765226084563868 -0.0172655549319989
0.0541129715993314 -0.0854514894477042 0.0740335863591802 0.00550608334929025
0.100966244374949 -0.0496738286835179 0.0518875583316569 0.0261281887011918
0.115090253223529 -0.0202859518447846 0.0327579869809286 0.0131690667932229
0.100495661990469 0.0148107894309969 -0.0206779739304218 0.00492429671532584
0.113358947039614 -0.0032011903792097 -0.0476712026645291 -0.0374081073349855
0.0894868133468403 -0.042008293999593 -0.0779713300798721 -0.0234318792003754
0.0520368303926323 -0.080552248759791 -0.0798725775331102 0.00721150032438022
0.0124030162163961 -0.0875117916693865 -0.0545162027976948 0.0271007917660109
-0.0228091883083858 -0.0765132183628334 -0.0383272520824007 0.0304658961177822
-0.0439818037916468 -0.0586433986591923 -0.0253318951648684 0.0248255628732998
-0.0467620276618651 -0.0562312567935933 -0.00686456690896981 0.00870278583981949
-0.0474128525473358 -0.0516875144385421 0.00265683313890302 -0.017726733767371
-0.0481926737541154 -0.0698659957393831 0.0203441048412113 -0.0363853224538268
-0.0223343951919976 -0.0931010712235498 0.0448496574454206 -0.0459972414811869
0.0107991182094793 -0.101022369266261 0.0735255024472809 -0.026632825956709
0.0652147212036035 -0.082425734555318 0.0682843963875311 0.00516040151387827
0.110336606969702 -0.0392267592018538 0.032786383192345 0.0306502198655714
0.117100306889253 -0.00995647116815319 -0.0069196628768449 0.0119190886034736
0.0902152940805074 0.0151790604810101 -0.0635517234961701 -0.00270016414440765
0.106475109660094 -0.00424373471817065 -0.0761640887507779 -0.0341303928467946
0.0855152753413809 -0.0439802051243972 -0.0831317278637672 -0.0232251465166895
0.0454582784412969 -0.0794199588017573 -0.0729900362204154 -0.0021671383317164
0.00662715113003646 -0.0824274908897084 -0.0537344509952345 0.00372871567444433
-0.0234323260908518 -0.0699617173887375 -0.0492082333349275 0.00461120368592088
-0.040484438337349 -0.0546238040402221 -0.0424848706128397 0.00241410208515624
-0.0392127787200734 -0.0537097907641893 -0.02445523995801 -0.0112650511182141
-0.0376259907422751 -0.052303766779047 -0.0144491131650094 -0.0371170635656245
-0.0332670311991168 -0.0685866654854829 0.00733192746571049 -0.0550043624895155
-0.00691076785790049 -0.0858680679518674 0.0380007680310771 -0.0621737719750678
0.0254571321130039 -0.0873098823441164 0.0707208052939418 -0.0329027880207002
0.0714399997578311 -0.0623683518870879 0.060807949978296 0.00543664943179043
0.103999116763996 -0.0194299682963584 0.0133910983997043 0.0310700940569534
0.102152441750011 0.00432918640375983 -0.041677169167509 0.0057473675524774
0.0635209004974544 0.0141690170153954 -0.100179562001294 -0.00529593665305629
0.0793217985655905 -0.000488364238336233 -0.0962269986772634 -0.0239716361257835
0.0644940206736626 -0.0334077594503361 -0.0839907012322429 -0.0203924375408693
0.0317895651022548 -0.0595687452753999 -0.0657514405498557 -0.00936619794500027
0.00291282827552855 -0.0602730395080084 -0.0555992086160116 -0.0154524803583608
-0.0175506000669569 -0.0508599050951242 -0.0609369133030226 -0.0149544213324336
-0.0290410647727454 -0.0412658950877995 -0.0566425733138461 -0.0149840925360353
-0.0259471432808364 -0.0424917068346338 -0.0380835578224557 -0.0285869779726535
-0.023227284424914 -0.0436275000683778 -0.0253873821822501 -0.0549700224352117
-0.015923118604192 -0.0568474846426803 0.000558628053019353 -0.071937127380911
0.0070324022383983 -0.0652642296868138 0.0376242367890955 -0.0739254743260758
0.0339049584533805 -0.0611674923884182 0.0705445286196325 -0.0362482493890924
0.066267603416958 -0.0342373932117343 0.053947433943947 0.00482177037277943
0.0829668118752124 0.00223210745338174 -0.00107733520860682 0.0238735551205963
0.0725236491348643 0.016088905835305 -0.0661270640296277 -0.00579208628256397
0.0250036914898828 0.0150004102010067 -0.121791764718086 -0.0048737245784813
0.0395803027318092 0.00822437623119426 -0.104192224261153 -0.0130543495193344
0.0346213650020393 -0.011958097714099 -0.0810674738131749 -0.0182094691880104
0.0172632121410724 -0.0257789125518546 -0.0627342659170882 -0.0131392110824262
0.00399489115547942 -0.0264044851037003 -0.0596139014636803 -0.0250374361124652
-0.00436560551106909 -0.0242557308839346 -0.0683853379877924 -0.0248079182412378
-0.0105959229052516 -0.0232113793501445 -0.0644538277831299 -0.026780216515813
-0.00866191863814957 -0.0252045909393306 -0.0447797610177806 -0.0419869977244754
-0.00676305114218697 -0.0271531453922512 -0.0287393555011717 -0.0693475751790811
-0.00127227979539539 -0.0346784272424678 0.00258788678687478 -0.084500531869121
0.0128332643857131 -0.0362247386666854 0.042935803113973 -0.0810263919388713
0.0304789471093551 -0.0317188042887845 0.0718991262526127 -0.0379907666095689
0.0476995177824714 -0.00920937109710014 0.050052707991528 0.00302534698526791
0.049507769811755 0.0157405822250474 -0.00745758927955326 0.0140190117974939
0.0333773742574561 0.0210526908746062 -0.077385431645467 -0.0193492839993931
0.0053963780681388 -0.0165700826077132 0.084221696198194 0.0227326669528381
-0.0125416504766125 -0.0153559488324283 0.024782088225639 -0.0191088462056451
-0.018227700861522 -0.00023221937412603 -0.0463279760838004 -0.00916305645131303
-0.00857085384188792 0.00860872146737043 -0.0797911899658137 0.0296050941643784
-0.00389812568918969 0.00656627143651514 -0.0564028074653569 0.0801570656714768
-0.00413985245045415 0.00430744182560658 -0.00832338705433141 0.0944313837807496
-0.00659813756477873 0.00578524610778622 0.0299664717466508 0.0796548588091297
-0.0101637280473173 0.00256396931536551 0.0534476341001347 0.0533266185564437
-0.0116344951949613 0.00371137818134971 0.0670303617249274 0.0300834987763575
-0.0160622327186894 4.30433620104941E-05 0.074758169962969 0.0208564906725696
-0.0119567769528767 -0.00805664670939548 0.0698338397810585 0.0216280102885179
-0.00784531341954413 -0.00858984360427262 0.0678933703447809 0.0160820868566159
-0.00479027523865266 -0.0129585574158746 0.0746179206366474 0.017292019341191
0.00546085782122163 -0.0205307181184257 0.0927624367427757 0.0215046848210089
0.0161597867139014 -0.0164934531918436 0.122240200644099 0.00811352354396894
0.0413349466587233 -0.00787907467028236 0.0757281883501123 0.0276370191081355
0.0273426551336962 -0.0122257637827868 0.0187858411865217 -0.0186743286724761
0.012088139406619 -0.00970545239832975 -0.0495578363243899 -0.00896957014256078
0.0105514159053196 -0.0144720929552902 -0.0811930010828349 0.0263002210185809
0.00357768491064452 -0.0222571240094711 -0.0593009158311953 0.0748130243018284
-0.00995695933174849 -0.0236495345371665 -0.0157726628693264 0.090090838281333
-0.0221869823300474 -0.0168162784393148 0.0210745868547506 0.0764142207492704
-0.0282117317917951 -0.0189135852970754 0.0453568007905396 0.0511324085144301
-0.0305954200136123 -0.0156112399041863 0.0583119185256293 0.0245524853096179
-0.0353280068219961 -0.0257783781555438 0.0702436764283832 0.0114109014634985
-0.0208482870024974 -0.0426590910030397 0.0713057047745118 0.00885748230474854
-0.00317747816503185 -0.0469935572953831 0.0733088400065541 0.00765925481766012
0.0208920294885725 -0.0438835106933798 0.0750099901985211 0.0129657189740299
0.0473891953222106 -0.034991877565642 0.0819402906475771 0.0189556513076768
0.0609254159212664 -0.02145279808312 0.102632734275445 0.00767017501492374
0.0719356107226106 0.00246899417348701 0.0539428536534306 0.0240858007145203
0.0660659452772364 -0.00626486291092777 0.00367025791650203 -0.0246571586511406
0.0450507845075224 -0.0192941101477749 -0.057149478576098 -0.0137728681491579
0.0306616422902331 -0.0393110130264924 -0.083312515090161 0.0219114414300049
0.0102505619146487 -0.0502965050915744 -0.0594075233534203 0.0642130663955121
-0.0140882072038767 -0.0489096264476207 -0.0224646365294524 0.0762114791086364
-0.0331207314413179 -0.0374109929069 0.00786321924185143 0.0652150736316381
-0.040930728987788 -0.0372358969745308 0.0308091704169236 0.0423641998853809
-0.0440171384338992 -0.0318763913440615 0.0431887339818078 0.0138854857689686
-0.0501015530475069 -0.045157946408012 0.0576516724223176 -0.00357205849434496
-0.030450927044226 -0.0692178433586213 0.0663109993858503 -0.00933514447553644
-0.00358055140396043 -0.0778087316856141 0.0763968203800116 -0.00533254432894001
0.0387774643017729 -0.0705421522974873 0.0749328544573033 0.0089839870074152
0.0791744360168777 -0.0471381706627639 0.0679638121271797 0.0200083067770419
0.0945511859991987 -0.0240699642721413 0.0707434849324489 0.0102418385251538
0.0926873279293194 0.0109032375415504 0.0208331270374467 0.0147844854695088
0.0968680368876102 -0.00434267382967026 -0.0181194224368625 -0.0333798363226646
0.0735573000365291 -0.0314136313829552 -0.0675220607957431 -0.0194211308196088
0.045884554366894 -0.0638890002377958 -0.082397789303629 0.015663130490709
0.0127509451740084 -0.0742118230908564 -0.0563362539133979 0.0481824552323301
-0.019070552480182 -0.0676493991690227 -0.0291368055030772 0.0553698340081232
-0.0415465375526371 -0.0512836963796346 -0.00745933924159177 0.0466719089839133
-0.047935969690221 -0.0497604309448534 0.0131456129423543 0.0265261109418275
-0.0502916020580073 -0.0436847360516113 0.0222059886154779 0.00011320432923377
-0.0548966389293451 -0.0601001250843362 0.0389188360474931 -0.0197525147714264
-0.0322466728380971 -0.0860586767810508 0.0561104311896213 -0.0289094792399735
-0.000433443409780951 -0.0967952050885851 0.0755131333444981 -0.0180705762363637
0.0523843443449698 -0.0857258340123271 0.0727470434265357 0.00605275448693205
0.100355894081677 -0.0507769275259087 0.0508698743764085 0.0251766629262723
0.11333282128294 -0.0210584742608653 0.0322228274930546 0.0128418241843813
0.0992920659381581 0.0142805302697893 -0.020417161637465 0.00438389829849978
0.111976290153394 -0.00544177500169313 -0.0465053498315284 -0.0375728578220987
0.0887044146141707 -0.0417113061147305 -0.0769426916615234 -0.0232941942791194
0.0501581399923388 -0.0801903938950655 -0.0787351729150421 0.00712111363027427
0.0102386397047427 -0.0869239631413395 -0.0537114368531217 0.0262519101971142
-0.0235444200123393 -0.0750753858019153 -0.0375356636321176 0.030204783506194
-0.0444625613945239 -0.0566216908490626 -0.0243836156908813 0.0245212777872581
-0.0477104612609568 -0.0547760248856838 -0.00641478275744811 0.00848526595486782
-0.0480836034838287 -0.0506740647988501 0.00195060265246802 -0.0176040632334878
-0.0483055940296267 -0.0683201846401999 0.0204061380519468 -0.0373406011744651
-0.0236044239938057 -0.0918401901653906 0.0437765310476004 -0.0465328197349035
0.00902989782426637 -0.0996435665180593 0.072910616515271 -0.02813847481578
0.0637765094789715 -0.0821652782656966 0.0671396991159007 0.00563136641694515
0.10901847292913 -0.0405031085122016 0.0320631836539511 0.0300079924297197
0.115238175263243 -0.0110969281688061 -0.0065744151105773 0.012484305919658
0.0887278443261478 0.0142282707066278 -0.0625090634979658 -0.00241906755183891
0.105077188398194 -0.00484962524612856 -0.0746706200937459 -0.0335774138054811
0.0840148579382767 -0.0442871451257297 -0.0820333400117008 -0.0227090536501498
0.0433606820477699 -0.0793062953065169 -0.0717193205268662 -0.00117604688299925
0.00538887882832499 -0.0816216873950644 -0.0529317704983408 0.00277110344617467
-0.0237196089917022 -0.0688460373270541 -0.0491656293627361 0.00442584345456401
-0.0407460314197585 -0.0523705773711476 -0.0415287177703239 0.00307479410757948
-0.0401551701302707 -0.0524132613240701 -0.0238036809813296 -0.0111878165602341
-0.038177262875359 -0.0504668479659914 -0.0152112518762593 -0.0364526065447249
-0.033886180887882 -0.0675701687247202 0.00610579674411195 -0.055026984660401
-0.00849886037061584 -0.0846981025135508 0.037248916572312 -0.0618103829284969
0.0236329923286736 -0.0864297513075273 0.0698339425675103 -0.0336403006116913
0.069708028526364 -0.0629846422567448 0.0597864335157289 0.00560118917475877
0.102983231085411 -0.0208787337147644 0.0131900396004394 0.0307757104134035
0.100088397465851 0.00279782893601913 -0.0400889976608428 0.00688294200960182
0.0629965766635409 0.013578542650157 -0.0988163994967741 -0.00517316783307865
0.078531494128397 -0.00164430973732923 -0.0946609091942753 -0.0243132582554575
0.0633576876867907 -0.0337229865995198 -0.0828568572035382 -0.019714540828407
0.0301324651499119 -0.0591688476689258 -0.065319045794822 -0.00895015538452292
0.00145577011124442 -0.0591202514592101 -0.0558693330648989 -0.0155497252984592
-0.017832787754946 -0.0501574893494285 -0.0607128784892637 -0.014768452154673
-0.029139907088634 -0.0402781130963341 -0.0564074987219076 -0.0137168573555132
-0.026840061528946 -0.0418282272095666 -0.0376112696881419 -0.0286777230427264
-0.0238807420283896 -0.0424766621247502 -0.0263197975807288 -0.0537985861460633
-0.0164443744029042 -0.0559344256120264 -0.000331817968149944 -0.0710380299918959
0.00628066447992605 -0.0643060406688379 0.0364420263828139 -0.0745017128028084
0.0327296365161335 -0.06073363362855 0.0695179607255726 -0.0367156510553053
0.0642524165578339 -0.0350870661723005 0.052807973983849 0.00441799874428691
0.0822517779741138 0.000839397884282508 -0.000747613278422946 0.0241982939441577
0.0714501543454415 0.0150562081652969 -0.0647636847622312 -0.00424980710981558
0.0247239551257705 0.0148693667896119 -0.12017636641818 -0.00380948909972171
0.0385841851759494 0.00785920226951302 -0.102353379542856 -0.0125805797958248
0.0342177378565416 -0.0122445515222112 -0.0799453668474129 -0.0182227928895003
0.0169064632266573 -0.0255993310777153 -0.0614157285045718 -0.0132011849094895
0.00374825095495259 -0.0259351798708233 -0.0595278552374761 -0.0248269896666057
-0.00434960623309273 -0.0236175349372771 -0.0679906474632439 -0.0237032351639157
-0.0105145675653981 -0.0226810301246107 -0.0637846432825096 -0.0252619092004655
-0.00881619969156544 -0.0248870853906755 -0.0444206179337141 -0.0412654616134606
-0.00715150040961178 -0.0265470745974462 -0.029694303974175 -0.0683573593173433
-0.00154718221438798 -0.0340246306745259 0.00159596847336244 -0.0833477623784177
0.011838755966232 -0.0353871905867795 0.0418981006378234 -0.0802958315106861
0.0294157531058865 -0.0314286871213822 0.0707245000027662 -0.0383757373786514
0.0463153534502896 -0.010035619038653 0.0493078245655778 0.0023624468276102
0.0494671083526874 0.0153689274209534 -0.00780155141230544 0.0143389336349824
0.0325117371612972 0.0207009684234762 -0.0757303257546224 -0.0175439342600172
0.00766767659820581 -0.0139162533647594 0.0777429603550226 0.0380448561237864
-0.00946237303031824 -0.0173484740006575 0.0287815593407861 -0.0158991620290382
-0.0174121624995981 -0.00380634723960399 -0.0421867400535063 -0.0190868431672951
-0.00963600253360094 0.00531500054263107 -0.0832497778163747 0.0126809844916189
-0.004669114125476 0.00400222517017956 -0.0704756538598152 0.0670413312199589
-0.00488083179398499 0.00187445742109441 -0.0273067282861952 0.0901406178227033
-0.00714374712115205 0.00358654413760078 0.0131789898320611 0.0833190091607609
-0.0108289407821882 -0.000381534310678156 0.0406281999897738 0.0625127213539014
-0.0124879670404126 0.000815724401321069 0.0593779866603351 0.0423554992703969
-0.0155926028588836 -0.00331023125718679 0.0680147434656568 0.035214646509363
-0.0100861797759649 -0.0105372833441973 0.0630890953896152 0.0353711292619146
-0.00512240799508511 -0.0107984384540579 0.0622596287057597 0.0303730723990719
-0.00168730281286121 -0.0141559970869396 0.069055575166998 0.033010659732638
0.0103404078973564 -0.0198336233208373 0.08681383686476 0.0416357699566748
0.0192531774426462 -0.0132161853410556 0.120216532815383 0.0353906977978314
0.039747885759308 0.00149198762970758 0.069117252778158 0.0411424216447709
0.0277548300167627 -0.00712134360596599 0.0221318951210119 -0.0144381084023092
0.0137528181076432 -0.00752946445597364 -0.0448459703854675 -0.0188384957218369
0.0125948967330382 -0.0127376791876063 -0.083904345551107 0.00951265301474643
0.00791519378950601 -0.0222158951938322 -0.0725303869833697 0.0612882898192104
-0.00498201366552632 -0.0255419321365225 -0.0326270671059787 0.0843723394964161
-0.0172122079630407 -0.0207551442768752 0.00541195002138915 0.078738033884229
-0.0241026919110512 -0.0244726498313056 0.0336801976346629 0.0583531410141793
-0.026781748717749 -0.021318387309906 0.0525673721735042 0.0352656633459997
-0.0289503835302245 -0.0316834778898181 0.0656538988607214 0.024391905470444
-0.0112929528931165 -0.0461262551565242 0.0672422059369099 0.0222172703205125
0.00771909070047341 -0.0462148742907611 0.0694476428203129 0.0220743011300161
0.0309275811219358 -0.0380777974843628 0.070766754222671 0.0285605387532809
0.0540886269997647 -0.0241019471165694 0.0777112338576895 0.0364555309539709
0.0635124880170203 -0.00790453922202061 0.100676125927289 0.0305513798025336
0.0669301675813642 0.0176529589149056 0.0488698491412355 0.0336791032893722
0.0644650399133417 0.00578920540952969 0.00932348326320369 -0.0219944014987903
0.0473625795500611 -0.0101366917626181 -0.0512603389955777 -0.023561646495674
0.0370902669217573 -0.0321582486848245 -0.0838899347221356 0.00466510411088689
0.0201792431357378 -0.0472672364635831 -0.0698484426950556 0.0514715122852826
-0.00374917779151244 -0.0504713014386421 -0.0358437743285335 0.0701621291745121
-0.0246160859297373 -0.0428067767016352 -0.00488006082882015 0.0647434643177795
-0.0333867874914785 -0.0450007498458526 0.0216147139630573 0.0463329280588995
-0.0366739034689432 -0.0397345827549815 0.039027772266967 0.0212914899567443
-0.0389142494328738 -0.0541214495775468 0.0556219110213909 0.00688956125033038
-0.014852090744946 -0.0735583270824716 0.0653901806543 0.00251395343695626
0.0139642123124519 -0.0754401339187582 0.0754150761170976 0.00904341803533108
0.0543080842652084 -0.0602061719729354 0.0723687961894826 0.02276767155634
0.0884906481069042 -0.0289726170627116 0.0643624178366408 0.0352483623623471
0.0968695326661519 -0.00383020701345935 0.069190536989698 0.0257403818940148
0.0855178851243955 0.0289519049778358 0.0184102475385047 0.0187476942265003
0.0944150142142451 0.0141807922702843 -0.0112336655346354 -0.0337180680247665
0.0775852947435955 -0.0160936526799029 -0.0603475331811037 -0.029835280194672
0.0558522133466554 -0.0517341538466132 -0.0810576900591349 -0.000817346045462267
0.026959589459197 -0.0694415078435261 -0.0637905385322894 0.0367105736747587
-0.00511222511108761 -0.069517291989819 -0.0379832086624208 0.0487256069428053
-0.0300455228184006 -0.0573598100286155 -0.016770807490832 0.0434612315967655
-0.0377134371942177 -0.0584078183756267 0.00711562332081228 0.0282549407776591
-0.0401730405305554 -0.0532127663904864 0.0223250186048076 0.00374583892664381
-0.0406520202050868 -0.0687562990439039 0.0412222434670155 -0.0132397247566785
-0.0137616798722223 -0.0904942666385062 0.0592858306880205 -0.0199685736696094
0.0200789667044131 -0.0936129824598855 0.0772090694640923 -0.00481534667363775
0.0714665561047292 -0.0718625827369208 0.0713578457969408 0.0187589352301251
0.108762963248378 -0.0275367003985159 0.0465954441112631 0.0367301174235582
0.114698945609626 0.00397543886465164 0.0306683678921358 0.0195643587622553
0.0914104003437193 0.0337001552005052 -0.0198863285410146 0.000990629830389924
0.108639419147427 0.0153515506555251 -0.0381842197034612 -0.0422608528198419
0.0935751210153472 -0.0236047000529492 -0.0677479362526868 -0.0350299084969467
0.0630239833401429 -0.0662847525518016 -0.0753621194866414 -0.0074930851916702
0.0265955413683011 -0.0816739488856147 -0.0571525811463938 0.0157710564708209
-0.00799868867544487 -0.0774686502894835 -0.0417333196416425 0.0218234985953176
-0.0316784533006487 -0.062835807275316 -0.0290993614514824 0.018393388583137
-0.0360457670434606 -0.0628776315479859 -0.00766974556497966 0.00622985246939024
-0.03627531814533 -0.0588430358378071 0.00563048912277433 -0.0178922189025585
-0.0333889918364487 -0.0750544685088767 0.02689637627941 -0.0335878689480012
-0.00447644391439157 -0.0939001283494935 0.0518904632840233 -0.0395235554305512
0.0301911679627494 -0.0941244937554863 0.0771939096791619 -0.0148864806754762
0.0813768508400214 -0.0669328481912641 0.0660980110593938 0.0169142242157322
0.11500544651937 -0.0164500968506803 0.0269684459225089 0.0380548376974663
0.114284674937911 0.0139570648479796 -0.00792575055218248 0.011386125282351
0.082268776519848 0.031074414335861 -0.0596549735099168 -0.0143741695729414
0.102516491995164 0.0134198168257543 -0.0660210894144203 -0.0440558862906953
0.090215063718704 -0.0267211048071612 -0.0726888789573088 -0.0356470726473746
0.0565751896867884 -0.0669142190399399 -0.0667830542148094 -0.0152824444016403
0.0217677353849761 -0.0775910851704819 -0.0515958181921249 -0.00689663133483502
-0.00860202050786107 -0.0707589549649983 -0.0484888660275211 -0.00499479144060572
-0.0284828494963884 -0.0582574363663347 -0.0416203662282372 -0.00593419321328775
-0.0291963979123256 -0.0592728877912691 -0.0206264919624226 -0.0158563742472009
-0.0259614837775888 -0.0565627498697876 -0.00720004964238134 -0.0387621448314014
-0.0196416222329526 -0.0715587567335746 0.0173157046773236 -0.0529527694668528
0.00859142671950962 -0.0837124904974038 0.0484793169697202 -0.0557888291191933
0.0401772463401185 -0.0777730526069171 0.0760368086984373 -0.0217008955558883
0.0822262037112204 -0.0455725509609305 0.0585814977591963 0.0160178765848317
0.104715155469556 0.00204406468486507 0.00784345315700336 0.0343647377908575
0.0963179376127156 0.0245753722268767 -0.0404597446113151 -0.00162896561645072
0.0576026276139065 0.024981888511999 -0.0947183969158859 -0.0234667023487831
0.0764415811794092 0.0119195102846703 -0.0877509660678204 -0.0391786396252568
0.0679287212926942 -0.0205474973200834 -0.0740111950966184 -0.0335896583902442
0.0403385855727752 -0.050310089368317 -0.0593216343521036 -0.0213687440709067
0.0135899539059557 -0.056733405042596 -0.0508747454317275 -0.0260153068843152
-0.00692375414337394 -0.0511818499271241 -0.0562498467464269 -0.0260618739436067
-0.0207821502157385 -0.0435650009802357 -0.0521807117582745 -0.0253611257563091
-0.0181472155010623 -0.0461058596828566 -0.0306819529500945 -0.0350691543255292
-0.0141774973958295 -0.0457592090149398 -0.0143598368934501 -0.0576383758525483
-0.00547171240575939 -0.0565342976656545 0.0144351873580196 -0.0699280574146032
0.0184602823079524 -0.0610456178235542 0.0501949769688312 -0.0663249567890286
0.0436968300296046 -0.0512712481729674 0.0766029923872498 -0.0237045587389658
0.0708216595435054 -0.0195736155545578 0.0524997637330115 0.0143449261114394
0.0794006686746568 0.0186113735335147 -0.00530593864541132 0.0253160060707834
0.0653761678667068 0.0303684282333265 -0.0627619100824445 -0.0182460110508432
0.0210970456238458 0.0178291157859878 -0.116937388846875 -0.0260058102209025
0.0368094741990009 0.0135617662045044 -0.0970104837438388 -0.0310708877337891
0.0355495501463633 -0.00552043721150965 -0.0732390989987138 -0.0326287694050914
0.0210623014191631 -0.0215020304683422 -0.0558984086793834 -0.0252479644004204
0.00913300861090789 -0.0238525950655536 -0.0525354660980564 -0.0360682576915909
0.0011436602733583 -0.023104189615615 -0.0624061205704333 -0.036708134190415
-0.00632927864730484 -0.0229946798728109 -0.0574108357438584 -0.037845475375394
-0.00431749428507025 -0.0259501741236764 -0.0348175725761944 -0.0488582350896274
-0.00110542719499629 -0.0272372152030857 -0.0145283447218544 -0.0717148724690437
0.00487338979671886 -0.0327584904054136 0.0183778558317805 -0.0805252262233999
0.0187426141078889 -0.0315855209347247 0.0566541415970985 -0.0704618023212515
0.0344079540831547 -0.0236086378300868 0.0778938451233719 -0.0239626851738105
0.0481983761414088 0.000992890242560499 0.0490243536372158 0.0119668292500307
0.0440520403822775 0.0252769450758725 -0.010094088976943 0.0137552689097138
0.0267104689821791 0.0274149210922603 -0.0711205140539541 -0.0338035252265323
0.00770002070375492 -0.0138679262373357 0.0768954137869137 0.0364799578581615
-0.0101129530464781 -0.0172177141161661 0.0287156019766142 -0.0170087824110257
-0.0172523432203376 -0.00369758220918941 -0.0415666554733399 -0.0191158882511579
-0.00949070337868391 0.00554765212518184 -0.0821861831625154 0.0134794165002547
-0.00496818661865821 0.00388343328958114 -0.0690097542874748 0.0672271700116023
-0.00587603569465582 0.00130121904365115 -0.0254724400717553 0.0890811657857847
-0.00686316374503429 0.00299414425319083 0.0145499273198561 0.0814021914261547
-0.0106117790894341 -0.000482996378332369 0.0417306388567859 0.0606973108258514
-0.0121038421547473 0.000286720404623405 0.0590926449235792 0.0406031007056058
-0.01523077464033 -0.0026172698555729 0.0679477020395326 0.033749475480219
-0.00992550478658141 -0.0106372675950726 0.0631165312282615 0.0345737033762328
-0.00541198687110183 -0.0104353105009184 0.0614386784905921 0.0298601225864991
-0.00113220224291602 -0.0138312321226758 0.0675810239690878 0.032508580166977
0.0100187258870453 -0.0201319130175567 0.085674953779996 0.0404527068210198
0.0182134513626953 -0.013339967868166 0.118737236015997 0.0327325223511074
0.0394077747930862 0.000888916909149281 0.0684599107634441 0.0391884993546086
0.0275743071475804 -0.00734049554843363 0.0221374987143329 -0.0155920565606902
0.0131450497307419 -0.00753923686899246 -0.0438596872798579 -0.018641434641385
0.0128511122243518 -0.0128088345985415 -0.0818854703142963 0.00998061693739687
0.0072016485155174 -0.021782254332854 -0.0704655616477293 0.0613458599733455
-0.00550194282188144 -0.0253655056410741 -0.0309393027025703 0.0833903433894043
-0.0169042162250209 -0.0204432849994621 0.00687478024515735 0.0769134801881028
-0.0245273477698438 -0.0236303309103034 0.0340560901327139 0.0568120193752704
-0.0265939544456576 -0.0210758861874899 0.0522463560586526 0.0335879792415376
-0.029002298959747 -0.0311457897881479 0.0651232481551012 0.0227016360723396
-0.0126317052454081 -0.0452779606226189 0.0668780471846177 0.0212795882944462
0.00662700644957361 -0.0461515927818688 0.0684910090103746 0.0212085335993683
0.0298396417417788 -0.0382651648850308 0.0694280324947006 0.0281467281942639
0.0532820578441238 -0.0248864237585229 0.0764847679822436 0.0355186976266142
0.0623228412773811 -0.0083102619630908 0.0998375963237402 0.0291164223800219
0.0659023366716487 0.0171190836663699 0.0483921235187736 0.0322181929616943
0.0632266774311561 0.00447931337961442 0.00944211621881214 -0.022964866466705
0.0468563339859811 -0.0104156758373051 -0.0503432340988259 -0.0235040165813576
0.0360582200109709 -0.0317987260890286 -0.0821403844148619 0.0051991776837416
0.0187959238603741 -0.0472816183880663 -0.0683881357403892 0.0511627502235231
-0.00469941986968767 -0.0500060920064348 -0.0343509167108776 0.0685917994701697
-0.0248658714095764 -0.0415071609085253 -0.00401120589710216 0.0634357739729007
-0.0344149193204642 -0.0436311894100912 0.021857986050257 0.0450893605795006
-0.0371274534326403 -0.0392525978735723 0.0390892843728633 0.0201887518119956
-0.0394975624534554 -0.0524479128781818 0.0550980182005629 0.00543672930146754
-0.0160619025040601 -0.0725232973339261 0.0649090297567044 0.0013269248815652
0.0123453335180215 -0.0755538370300369 0.0740245077795621 0.00792407691652912
0.0530774344158614 -0.0612783552996717 0.070823917062968 0.0224151645629244
0.0869221757962162 -0.0304703273950171 0.0632311636423338 0.0346752152115063
0.0952830749095826 -0.00480842902676291 0.0691348045682398 0.0243699442392556
0.0844001346539904 0.0282301108659603 0.0180654448777611 0.0182156523278641
0.0930796933825658 0.0123310744537571 -0.0107348729390447 -0.0343341974166057
0.0761895249874088 -0.0170768883072698 -0.058315313157509 -0.029278190321811
0.054075550098093 -0.0519569125572575 -0.0799173072759738 3.13854474896358E-05
0.0249200335798384 -0.0692841105338026 -0.0626650566324497 0.0354289805206255
-0.00630292395030491 -0.0689000264611658 -0.0366233594296898 0.0478248277470721
-0.0300107259451534 -0.0562024905379607 -0.015984244334506 0.0430437377709009
-0.0382455871365864 -0.0568824292066076 0.00779013666466661 0.0270998297068377
-0.0404910224945468 -0.0517719423883372 0.0219505760771492 0.00246073620982388
-0.041540062694167 -0.0674463349833765 0.0407494515987796 -0.0146809986577841
-0.015493198580915 -0.0891576176839985 0.0583692100203218 -0.0201253864271185
0.0177924598069359 -0.0924140259521675 0.0762647290308677 -0.00562226171646007
0.0691468006054939 -0.0720225532591753 0.0697853682803988 0.0183448364739955
0.107999347637689 -0.0295000769147592 0.0461833858345035 0.0358883034911811
0.112947459745227 0.00210260236645424 0.0311719314642425 0.0191338188960122
0.0902741387715037 0.0323521074284566 -0.0194914625573747 0.000356656556824538
0.107665697658262 0.0135016284445512 -0.0373339194028364 -0.0424681655925096
0.0924781343370883 -0.0240018179398947 -0.0666435971006574 -0.0339323901673541
0.0606622229520252 -0.0662958390063661 -0.0740321679067744 -0.00736220556707622
0.0243279628098444 -0.0811184307245106 -0.055620225015486 0.0153076355108766
-0.00882901497950265 -0.0760606253105145 -0.0414368486646857 0.0215799397305326
-0.0326187536645106 -0.0613146058295304 -0.0285964680206293 0.019197653787226
-0.0372424523282418 -0.0613133506104702 -0.00763805537774609 0.00561460615054301
-0.0362847454784123 -0.0576138372502154 0.00523167375732663 -0.0175144544130673
-0.0343489757131556 -0.0740167720111857 0.0259388371166728 -0.0343272053945793
-0.00737627169279748 -0.093105546202632 0.0504752143320664 -0.0402790292882418
0.0273476279808244 -0.0926278617517955 0.0756690905977311 -0.0162825641370007
0.0789598653199751 -0.0670732318254251 0.0645511271447499 0.0163359767643179
0.113689177233082 -0.0181265190037135 0.027037683837031 0.0375526839884525
0.112011549213855 0.0127375618671914 -0.00719226847905047 0.011426490554807
0.0805532787663094 0.0301670157226352 -0.0593967599140269 -0.014358345011208
0.101474191096543 0.0119883505139696 -0.0648285330241155 -0.0435879108203835
0.088722614613426 -0.0272361047983957 -0.0712784555068082 -0.0343820719726368
0.0545634607019758 -0.066568780771877 -0.0659964898745707 -0.0151192201730431
0.0194514615691552 -0.0767044230917713 -0.0509210376286341 -0.00788670150805602
-0.00962336758612372 -0.0695661614723403 -0.0480985329795215 -0.005353248732899
-0.0291504119491412 -0.056474850805814 -0.0411169291816559 -0.00450219845356347
-0.0304417040673075 -0.0571175544578396 -0.0203819295012436 -0.0159850982165586
-0.0271076999919743 -0.0548601026015728 -0.00762709052388046 -0.0385073190618985
-0.0205126202489846 -0.0698423083672 0.0163358306094517 -0.053525937040024
0.00654257543704678 -0.082505319094019 0.0471654602323016 -0.0555287190955092
0.0379450419030286 -0.077036712281988 0.0749350510426668 -0.0224077151064532
0.0800562699814631 -0.0463013776453661 0.057908958233037 0.0152391269169726
0.103517686287128 0.000116370831500143 0.00796473867097549 0.0342165391019359
0.0946940389246694 0.0234172161410578 -0.0392455395535542 -0.00125073730534953
0.0563176743179773 0.02387217380425 -0.0933497119650695 -0.0226900580258092
0.0752443966861039 0.0105939687387646 -0.0861195457846435 -0.039016489383322
0.0668506533129147 -0.0208243590044561 -0.0732910779854364 -0.0330986041233282
0.0394788791570442 -0.0505090855134456 -0.0580895945075977 -0.0208256864797026
0.0124561479610257 -0.0558142810437205 -0.0506001072196713 -0.0258909683283752
-0.00760325098818103 -0.0501668458144857 -0.0567906410980338 -0.025521725838094
-0.0201425426572258 -0.0422318048162023 -0.051957612484931 -0.0235930909438437
-0.0187382219069028 -0.0446070751018784 -0.0304694315599046 -0.0345164787944608
-0.0148554575892926 -0.0448230845149384 -0.0149476921832834 -0.0568707553327074
-0.00636736002264477 -0.0555577378432862 0.0137725391293216 -0.0693596370904751
0.0169821170952627 -0.0597669663346262 0.0484836495862849 -0.0661831001143401
0.0418101951030326 -0.050410918954094 0.07510093455973 -0.0248258912429825
0.0692789388943747 -0.0197872926713017 0.0515647375827719 0.0139523807008061
0.0784194288088233 0.0168693026310278 -0.00468355971742035 0.0253231256404591
0.0638836219158617 0.0294686948416147 -0.0610636214475726 -0.0165026892580033
0.0203905318179793 0.0174395028873698 -0.114843032758718 -0.0249491440590643
0.0363841766093483 0.0130289510807761 -0.0949272610877275 -0.03047541957088
0.0353809394839959 -0.00563473760365363 -0.0720658594493686 -0.0322190688837665
0.0208390580114302 -0.0212870617732876 -0.054842369856347 -0.0245746870698143
0.0086056313302107 -0.0231123688336357 -0.0533248799949236 -0.0354039678018654
0.0010769547490123 -0.0227854447164577 -0.0628648338670373 -0.0350221289745713
-0.0058097545459435 -0.022393576181843 -0.057999943991708 -0.0355616056765875
-0.00451160628389612 -0.0256349667934659 -0.0351638568149339 -0.048165942891197
-0.00198931187943787 -0.0266490972129571 -0.0151709240719774 -0.0707077518243812
0.00416462961240562 -0.0316676123679826 0.0171770191716605 -0.0793387562481728
0.0181292210846618 -0.0309656234125862 0.0546773032183418 -0.070855889573594
0.0335460106062001 -0.0237325886126336 0.0765626285641197 -0.0246113370572598
0.047000121947948 0.000229595280772674 0.0477947803875974 0.0115940992509412
0.0435610369226216 0.0242410453216956 -0.00965671833199737 0.0145499112173815
0.0264700589734143 0.0269800438425245 -0.0700734686055333 -0.0314203165985178
0.00733855527733811 -0.0133734245988061 0.0760256084849631 0.0352814979446296
-0.0103729323331498 -0.0168267350377328 0.0282521699913994 -0.0180950673632983
-0.0170838200371551 -0.00355965983568184 -0.0409632853116911 -0.0197169752323575
-0.00946437177804438 0.0049029773566452 -0.0806265165662593 0.0131975532900039
-0.00501194459092411 0.00357685226078429 -0.0682440008095064 0.066661654983077
-0.00554149967070404 0.000891998776910972 -0.0246789480150763 0.0878906873459357
-0.00651093969973739 0.00282896375711538 0.0152097622133629 0.0794478006675941
-0.010812107467224 -0.000754765704309554 0.0413485824754582 0.0596110813511119
-0.011757059376501 0.000149908634668054 0.0590748394335091 0.0392984697441157
-0.0147632581826166 -0.00296691957230335 0.0681606816063395 0.0325529698460155
-0.0101225232027706 -0.0106079751243535 0.0628875359440676 0.0348049938647406
-0.00541294462936201 -0.0109162239795511 0.0601698924482278 0.0298696957766858
-0.00117181533054515 -0.0138128646725678 0.0664058493774212 0.0333288589358124
0.00989066269782162 -0.0199083429274506 0.0841666163630637 0.0403840716046453
0.0184445479634621 -0.0133264273598142 0.117285632142712 0.0318607364857031
0.0390740933014235 0.00137517599020324 0.0673035535727612 0.038099011226486
0.026773651537897 -0.00752611808621623 0.0221190774115438 -0.0167606140895723
0.0129140753493178 -0.00720782191705681 -0.0431113484159569 -0.019086509639232
0.0122927267122874 -0.0124083876978276 -0.0806737358014504 0.00957991221910134
0.00631147946466232 -0.021963006120844 -0.0691610005670341 0.0602668738091307
-0.00616205007728825 -0.0251318533546743 -0.0300694006532717 0.0818127143101067
-0.0168297087327914 -0.0204387244958242 0.00723992653552083 0.0749483137798239
-0.0247307366497495 -0.0233772206120849 0.0345106913169603 0.05545256075907
-0.0266047931362007 -0.0209882628863236 0.0520098486793192 0.0326352444939102
-0.0286318510575865 -0.0302668664816596 0.0651595448913188 0.021631069403404
-0.0128673165535271 -0.0451861654246192 0.0665358423957132 0.0209861214770015
0.00590937710194324 -0.0458743267665303 0.0671190341091343 0.0215905349293384
0.0301053027848199 -0.0376656030740802 0.0679826651183733 0.0284372101721404
0.0523629395120446 -0.0256669828534624 0.0753137593285628 0.0357147248589016
0.0612562459641199 -0.00879065598081957 0.0991193297111849 0.0280033048139424
0.0649048336559392 0.01668346964527 0.0470272990583676 0.0311205437404017
0.0629792704681956 0.0040247003455825 0.0094251140584205 -0.0237735102629925
0.0461096316579978 -0.0104790679482607 -0.0485764274264668 -0.0232951206346395
0.0346132277554906 -0.0315894046567897 -0.0805943829759752 0.0050051154805637
0.0178771512159709 -0.0464772989505375 -0.0668436533230746 0.0499867855950754
-0.00567955558188196 -0.0494777592400579 -0.0342067723031787 0.0677302492661755
-0.0248053847444538 -0.0409318820735125 -0.00330643811742976 0.0623729954502295
-0.0342797224578113 -0.0422566454772468 0.0222580274371964 0.044063657902604
-0.0371486974511718 -0.0388504301735138 0.0384059679563559 0.0198596838422819
-0.0391069405926037 -0.0517044819285006 0.0548248716521611 0.00396637353279081
-0.0168819050518548 -0.0719903729519933 0.0647387739488258 0.000281494465916919
0.0114333552078553 -0.0746472734518488 0.0733610756913916 0.00716660304865443
0.0522507330856741 -0.0608399530348207 0.0696322513925585 0.0228441220684855
0.0859469485944706 -0.0307462092539936 0.0615922635721068 0.0338979563825204
0.0928897078392902 -0.00490466389964906 0.068464249044657 0.0238469826817193
0.0829823382805477 0.0278605570427319 0.0181018656899416 0.0171246388908393
0.0913875987238297 0.0112973345316363 -0.0104013323328586 -0.034927724321954
0.0750578891697645 -0.0163115638135737 -0.0564984405494702 -0.0296396772524102
0.0530602666255251 -0.0514408549773394 -0.079093353031092 -0.000947332800130023
0.024403815547602 -0.0686746396563483 -0.0615224996647381 0.0343449074543739
-0.00654819465644953 -0.0679220874527857 -0.0364417107436096 0.0471716193013772
-0.0302856316565002 -0.0550852139762314 -0.0153628239642382 0.0424789211251642
-0.0386813711845146 -0.0553011006894664 0.00764132957678897 0.0262697291207015
-0.0405286223348512 -0.0513720591269186 0.0213326143024023 0.00220730070988234
-0.0417211538333863 -0.0655560678427432 0.0401063046704795 -0.0153678480760151
-0.01667834082145 -0.0884625929754327 0.0583722046641852 -0.0208104507971756
0.0170081418633653 -0.0915048723302445 0.0752657480794557 -0.00614180096292611
0.0680892234237618 -0.0722961901069209 0.0684797327383999 0.0187252487761344
0.106525322189484 -0.0301216598438223 0.0447136749592347 0.0356598247992739
0.110858621162098 0.00178740209960762 0.03135259242681 0.019179015724266
0.0882434898375926 0.032410967598605 -0.0194303524872223 -0.000135427687748299
0.106295026837627 0.0131724568293725 -0.0366663811900615 -0.0435010815445083
0.0911374478723577 -0.0238904343720231 -0.0639966222762162 -0.0342366916572151
0.0593647702460878 -0.0655235694099437 -0.0727400259029266 -0.00783553287617483
0.0236061217650167 -0.0798354093121501 -0.0549576009795337 0.0142419495306255
-0.00942674391573721 -0.0753104167040217 -0.0410381048773319 0.0207962174007437
-0.0320947788217326 -0.0602088463597343 -0.0279323869216774 0.0187726636254256
-0.0377650354765537 -0.0597297034716823 -0.00750962239507101 0.00556055315443066
-0.0368755015123404 -0.0567456020214876 0.00509222661533812 -0.0174348480125233
-0.0344839166528699 -0.0720712945936666 0.0254096695288025 -0.0349249303690689
-0.00800372075222396 -0.0914649031512044 0.0504243289601876 -0.0405436391594388
0.0260604610235596 -0.0919654999930358 0.0748260365892335 -0.0168282933692891
0.0773908904511854 -0.0665320811692797 0.0635485197006096 0.0169242857951893
0.112227923347649 -0.0189508390440417 0.0259033219118205 0.0373424450755723
0.110110359478441 0.0122034042284691 -0.00642340062737762 0.0113929564867467
0.079020976513565 0.0299740365951898 -0.0586868505946119 -0.0138553449789853
0.100483003665839 0.0115925470508313 -0.0639017112733426 -0.0443193335955016
0.0874404736566971 -0.0269349086963105 -0.0697428428313621 -0.0344018307672952
0.0535917033339619 -0.0659088036334857 -0.0636040040893114 -0.0153963903273815
0.0185991704351681 -0.0757725211889769 -0.0508727916553506 -0.00865940360430958
-0.010100108177367 -0.0690648360629926 -0.0485224545625382 -0.00521652860293183
-0.0289513128964981 -0.0554331186255203 -0.0405727589066986 -0.00412660131233384
-0.0305334292448592 -0.0559494787488175 -0.0210361195500163 -0.0157669806077588
-0.0274310972247272 -0.0537305129215471 -0.00740554476827706 -0.0385181342369806
-0.0212436898352719 -0.0686147023776083 0.0153368517737998 -0.0530333584804645
0.0053785240219838 -0.0811193040540836 0.0459469355722645 -0.0564009095874423
0.0369082145496026 -0.0758928613952339 0.0743431588061119 -0.022563715553388
0.078741192584274 -0.0459340684291358 0.056412975168041 0.0158279806442415
0.102293442307056 -0.00072931409584451 0.0076637192020762 0.0334424815661661
0.0925177411061703 0.0228621332840194 -0.0380693264518898 -0.000508842425958473
0.055171929313755 0.0237745266867998 -0.0917972204925456 -0.0228102090074511
0.0746660011444886 0.0101566371664575 -0.0840276183389245 -0.0387748100967379
0.0659923552418335 -0.0206007070341609 -0.071103245638115 -0.0323308958747657
0.0383800059539775 -0.0499398293050982 -0.0565617520622272 -0.0214065345368783
0.0116603966307749 -0.054986767899981 -0.0501208085334982 -0.0264681265389327
-0.00766378281401914 -0.0498451368189003 -0.0571358987541461 -0.0246297041194536
-0.0206633987342426 -0.0415801888104236 -0.0512982021707023 -0.0224500144101845
-0.0193819441416776 -0.0434672384973267 -0.0304582302058543 -0.0345653799994544
-0.0147023995438616 -0.0433252121572406 -0.015278023653271 -0.0563970099578599
-0.00691439375057109 -0.0543361322518076 0.0127055996424939 -0.0684086338353304
0.0159452163861685 -0.0584479527989195 0.0475657990417975 -0.0657663678108104
0.0406939715181526 -0.0497015437254451 0.0743905993412367 -0.0251599269039271
0.0677883069622891 -0.0197303120564918 0.0500563962232273 0.0139552183595899
0.0774131363914579 0.0168733799083782 -0.00490558549112759 0.0250300046336683
0.0625484372275833 0.0291374805483412 -0.0594529464431714 -0.0155079548585642
0.019959061234907 0.0174427570031351 -0.112805923156023 -0.0245973019968321
0.0356823561110121 0.0123739955325573 -0.0934973270338428 -0.0303613773178686
0.0348905089243643 -0.0059324714524558 -0.0711660979017946 -0.0315248028912374
0.0199505897453301 -0.0207136428234424 -0.0536558179328344 -0.0247228615749313
0.00808369748319016 -0.022892482723251 -0.0528426409695563 -0.0355041259827488
0.000978486133248748 -0.0224119670711762 -0.0629956389174035 -0.0339374859036261
-0.00579519719660907 -0.0218894887571365 -0.0575632428875036 -0.034461360047317
-0.00540850789480675 -0.0245260075103785 -0.0349834625584729 -0.0476908187864123
-0.00199804577516547 -0.025801453621878 -0.015821338401849 -0.0694974205237897
0.00370408983257885 -0.0314388952211286 0.0166502401681431 -0.0782478450108367
0.0176193411627858 -0.030235407077488 0.0537231052039094 -0.0695272010400389
0.0325451056020946 -0.0233277789250482 0.0758882579440912 -0.0250963105796964
0.045862163150768 0.000232799943610865 0.0468891338638225 0.0114621808832714
0.0426383392595097 0.023510129314291 -0.00972489141241756 0.0141001096170038
0.0252070441302692 0.0271418252168269 -0.068269157240494 -0.030087862786245
0.00761072925002915 -0.0134585273615995 0.0750787020063706 0.0351717402039434
-0.0104262465124334 -0.0170015677922441 0.0282310724302778 -0.0188106813156635
-0.0172259157172837 -0.00373571814503104 -0.0404973716957861 -0.0206381554568746
-0.00978416602816642 0.00515573934662723 -0.0807467391090074 0.0118135216393097
-0.00514955423415013 0.00341451655602328 -0.068360680265939 0.0660785256602493
-0.00637593561419968 0.000842222608522054 -0.0251270784406623 0.0871866162098028
-0.00711643723168632 0.00186837851853701 0.0147616892876995 0.0783808435362985
-0.0109264498916101 -0.000748957751115127 0.0414402667337301 0.0592308473453017
-0.0118099972013529 -0.000110121601003002 0.058773552406419 0.0388576234584059
-0.0144736159999838 -0.00320499840715097 0.0678966987549581 0.032431336766364
-0.00988331898061261 -0.0102759102658339 0.0631590752277783 0.0349792843722873
-0.0049785985294524 -0.0109290098091158 0.0593950039856017 0.0305563889403286
-0.000770683811534047 -0.0143634082369248 0.065222784087277 0.034370683121657
0.00998132112307303 -0.0203508215334642 0.0832433047740729 0.0422259683795604
0.0179602795113127 -0.0128776594182977 0.116577267963674 0.0323670561548682
0.0387254402292075 0.00130464748858956 0.0667865739010462 0.0386143379647569
0.0262911472027391 -0.00753942350488611 0.0225151606596315 -0.0176997945955827
0.0130929868560103 -0.00710635986840088 -0.0422007611821055 -0.0203260898176166
0.0122153235952013 -0.0126931020569804 -0.0804930970298139 0.00815264746704443
0.00617944368267642 -0.0219117981313506 -0.0688819190765505 0.0590250954047546
-0.00616906235111051 -0.0252650238142395 -0.0308678879169656 0.0811141105370514
-0.0173409244544692 -0.0202935418295868 0.00696762909352877 0.0747022178297355
-0.0251489958111436 -0.0233863192952756 0.0342545990201268 0.0553037376529477
-0.026537842230462 -0.0215155594314945 0.0521383571073363 0.0325043522305048
-0.0284324392131969 -0.0302614972728927 0.0651580832023201 0.02092035024402
-0.0129292379491331 -0.0455898952562624 0.0667531250658332 0.0212694386539973
0.00614460528363618 -0.0459092250959184 0.0665914533259473 0.0222557766280757
0.0302947637887845 -0.0378702934869738 0.066732405624889 0.0294733376103398
0.0529585744116756 -0.0252360333287311 0.0737406213855381 0.0368624713410596
0.0604287696785386 -0.00818571598626001 0.0984046952891806 0.0281934428530867
0.0650172146060126 0.0175335644420134 0.0472016433531021 0.0312350546554095
0.061963295810483 0.00380827243184193 0.00984676591111001 -0.0248410591447615
0.0460373345904745 -0.00948441399420551 -0.047652930166652 -0.0246340992972968
0.0346488931769975 -0.0309661191385536 -0.0810039777831822 0.00342447156932261
0.017840610844148 -0.0463468999863592 -0.0669423533651016 0.0486473038932448
-0.00636517371954436 -0.0496841291900368 -0.0344291228403976 0.0666892822886
-0.0250119723792863 -0.0406021806448077 -0.00380809054987616 0.0616369039336117
-0.0349460616495014 -0.0424975640864346 0.0217773777245742 0.0438851570062535
-0.0369908193489016 -0.0391359007438018 0.0384829079134439 0.0192939269026138
-0.0386649947937339 -0.0514430898389905 0.0548009468381901 0.00348908105457406
-0.0178166283992345 -0.0721082278019407 0.0650380344456851 0.00107153664787363
0.0113823106393297 -0.0750334460114381 0.0729468674784978 0.0083107543407571
0.0527630023603844 -0.0606177294490713 0.0684033878682816 0.0243621481424209
0.0862143267305657 -0.0305309640071523 0.0610508680617491 0.0350269547668482
0.0928301119558292 -0.00373180622313339 0.0679929110855581 0.0238623781285276
0.0820417605196452 0.0289434538941796 0.0177823390254202 0.0164793083747769
0.0913804470114873 0.0117792009857586 -0.00949042289744166 -0.0364323549390136
0.0751217959511794 -0.015358670579812 -0.0551044875397153 -0.0311846735703945
0.0526355694742169 -0.0509201509577171 -0.0783111463483775 -0.00239786631744208
0.0238495027563899 -0.0681455395128676 -0.0614516134983916 0.0334510056179305
-0.0068865167471184 -0.067725918938861 -0.0371242637033043 0.0459508581335391
-0.0300782111085729 -0.0548626481174359 -0.0154189160934288 0.0423213988290114
-0.0386257560372244 -0.054927106323833 0.0070719952341677 0.0260069258822242
-0.0409646957589277 -0.0512576144985179 0.0220990872864996 0.00198363717910639
-0.0407375794693934 -0.0659079739170847 0.0402760873484845 -0.0156263449554626
-0.0170210862101227 -0.088325624286485 0.0579103742721107 -0.0202025491201317
0.0168584179055948 -0.0912156983113394 0.0750374122153057 -0.00522836221655196
0.0681118786636104 -0.0717719713710544 0.0674447951235291 0.0203943451201812
0.106824479715023 -0.0299580194841549 0.0437821008987593 0.0366429872274748
0.109632373236832 0.0033142003640355 0.0312444083614958 0.0193326323512193
0.0875054747499529 0.0330535854348856 -0.0193584643678076 -0.000771133643116891
0.106318699210362 0.0130784450769482 -0.0357092303428855 -0.0445780468640899
0.090964149701807 -0.023544602720115 -0.0628434626686937 -0.0353924503571777
0.0597144686906557 -0.0649566239775623 -0.072255480099123 -0.00954165066037851
0.0234275476021566 -0.0796771378930967 -0.0552039043897668 0.012532711980463
-0.00951085131510129 -0.0752287352521108 -0.0419505072645296 0.0200426694096121
-0.0316665715942181 -0.0597734658622577 -0.0283374911123379 0.0189197184917577
-0.0378315728474622 -0.0593874585974016 -0.00823086390620668 0.00427499561774758
-0.0364018051452537 -0.0560848419617521 0.00476152760794686 -0.0178705137361655
-0.0344338312820419 -0.0720691552166252 0.0254411150366687 -0.0349505879828393
-0.0084668959479246 -0.091600783318608 0.049653523518912 -0.039848763993925
0.025711580187238 -0.0913067331492039 0.0744495818490194 -0.0162989894976052
0.0774571038167315 -0.0660729666295507 0.0618986937729156 0.0182582158382395
0.112214174382939 -0.0184868368304828 0.0252670741904203 0.0372540819836849
0.108543610078566 0.0131818058837588 -0.00616684977303926 0.0112222917546671
0.0780336326140691 0.0309699290966191 -0.0577442099004869 -0.0152209404511795
0.100337163476411 0.0111189646019872 -0.0628513236361722 -0.0460907326555437
0.0877586919560237 -0.0257910210960577 -0.0685649130109611 -0.0354003640707219
0.0537160430537552 -0.0654876379693048 -0.0636214253224858 -0.0171323594503468
0.0185036368872624 -0.075605258017723 -0.0504631537157358 -0.0108288420154759
-0.00998367140853457 -0.0687240660179534 -0.0490586588906024 -0.00519659578630057
-0.0289003998876478 -0.0553673688607654 -0.0406122864720536 -0.00380287737020586
-0.0305140145418329 -0.0554182784860899 -0.0203482558708215 -0.0164650325868564
-0.0269570066516771 -0.0539582298515809 -0.00793336130960491 -0.0380692423115494
-0.0211000691188942 -0.0681486844790863 0.0155459840751257 -0.0528202148499204
0.00515928428876851 -0.0804911845790431 0.0462115622762812 -0.0554316602457112
0.0366813663005236 -0.075199337967359 0.073848905318507 -0.0226602305788454
0.0783340951199889 -0.0454534006448568 0.0554611662805349 0.0169377467034566
0.101982712625317 0.000149664846484966 0.00702370624693257 0.0338806023063075
0.0913931964239042 0.0241350761945151 -0.0371169897723866 -0.000774939285532791
0.0541807498396747 0.024430575297299 -0.0913220284458913 -0.0240714958415119
0.073886319981618 0.0107659899529038 -0.0832947474572864 -0.040469324167595
0.0661724092686124 -0.0199613321611823 -0.0700809839066582 -0.0337755769236321
0.0380437934972702 -0.0490829433769024 -0.0554904800736708 -0.022432738898379
0.0116773383172053 -0.0544501081356872 -0.0495699883444041 -0.0281138947166109
-0.00733743296087984 -0.0494615106660027 -0.057178442539848 -0.0244588652266932
-0.020372193847377 -0.0411333801658852 -0.0516630269942732 -0.0221004016601188
-0.0195402042453048 -0.0430631242483041 -0.0303143805450849 -0.0347733398462098
-0.0147935479378002 -0.0431434141372507 -0.0150320711571232 -0.0563697223870766
-0.00672139480045101 -0.0534904875160851 0.012817824231522 -0.0679874473525606
0.0157601548282683 -0.0576473743164743 0.0478612004933703 -0.0650386687942778
0.0402667521433365 -0.0486709183599115 0.0742147645911507 -0.0254247036834361
0.0671546573552939 -0.0189796575594641 0.0494379441707354 0.0144723370637902
0.0771992546823994 0.016773978242449 -0.00552033784523417 0.0248590837909878
0.0614695654284491 0.0301406172887627 -0.0584202701054911 -0.0158272889675539
0.0187857946835314 0.0174337806637723 -0.111746017745018 -0.0261919936724011
0.0355262529002075 0.0129832311583278 -0.0922820669354273 -0.0321501562418366
0.0349314731490904 -0.00517490920957898 -0.0700942884149295 -0.0328809380758271
0.0202043667861607 -0.0203250857526227 -0.0523725943315608 -0.0263424487074569
0.00799172495382322 -0.0227879755666255 -0.0529474642889708 -0.0368692134368939
0.00101909733379897 -0.0223127317551589 -0.0637013922291914 -0.0340881335214413
-0.00542859699609225 -0.0216769836815346 -0.0569949277309563 -0.0340001454873612
-0.00523454403543718 -0.0241286194930674 -0.0345384527540033 -0.0476886850418191
-0.00218003516186536 -0.0259522672272518 -0.0155108132240598 -0.0689780794627394
0.00352005827478628 -0.0309141998998207 0.0166130717846693 -0.0778074103949176
0.0177073639043213 -0.029657547538666 0.053441783772675 -0.0686029378862312
0.0324325314609364 -0.0223583792243769 0.0754992829853292 -0.0248278178270179
0.0456626702960365 0.000430864817684037 0.046181507026736 0.0122459948150538
0.0421142483907325 0.0240773187540266 -0.00959133052553078 0.0143571766849886
0.024771190719868 0.027633116556611 -0.0673668746100602 -0.0298375314275994
0.0081239785078628 -0.0136471268915398 0.0766979885575433 0.036624289801955
-0.0108682667944646 -0.0168644031340988 0.0293117295419665 -0.0196816460584805
-0.0176131652599556 -0.00345987641775527 -0.0409682346875932 -0.0221267281844927
-0.00976798107548005 0.00490609441708709 -0.0818005159272896 0.0111897662498129
-0.00578194050635386 0.00340116803119356 -0.0699839887992807 0.0662692597319606
-0.00666534656543153 0.000770454580445915 -0.0256443278829024 0.0885001563083397
-0.00726353334821475 0.00182640751903991 0.0148307264149508 0.0787789840928829
-0.010960101531547 -0.00113101097837235 0.0420331018969607 0.0606382762562227
-0.0123387270873641 -0.000204863612963615 0.0598563856991711 0.0397578332974509
-0.0145312686771567 -0.00319398650748743 0.0687067702341465 0.0330298737968681
-0.00985702492552006 -0.01118219719441 0.0645916072712752 0.0359171673654917
-0.00510344736770959 -0.011252091176059 0.0599717365772984 0.0324571168369663
-0.000330996381075532 -0.0147513296728952 0.0655589487623559 0.0369261858325167
0.0099965415071529 -0.0205688464485091 0.0838359187862293 0.0448333759719179
0.0180862002787532 -0.0128239062251743 0.118126666105116 0.033614073740283
0.0396736915039902 0.00178519700416587 0.0677023077491258 0.039616032717347
0.0267601105896684 -0.00729224472176024 0.0228454061066257 -0.0186228062602078
0.0132578110812157 -0.00703703295568523 -0.0424161605539153 -0.0220389734962702
0.0122791945277888 -0.0127479074682326 -0.0820869109600935 0.00705128400818027
0.00631961510854265 -0.0218553675151335 -0.0711129313360052 0.0594184068032646
-0.00693142568870429 -0.0262425475926169 -0.0314010411305666 0.0816437834381226
-0.0177987776325536 -0.0211659645377693 0.00651108297626396 0.0752661731180888
-0.0252179951976118 -0.0238263735829587 0.034379497684365 0.0558911395934768
-0.0273542796626068 -0.0220818969832401 0.0525910453396225 0.0326676907067011
-0.0286241586454787 -0.0307118192423532 0.0661981497259639 0.0210178901973094
-0.0137039775204084 -0.0460333691666192 0.0683412210709335 0.0224875582412157
0.00656075925167236 -0.046555671105005 0.0672880302037437 0.0229226930548413
0.0312914338950796 -0.0386678397314965 0.0677787612516611 0.0318562657033448
0.0536572487977783 -0.025770862158328 0.074658326057866 0.03874729819649
0.060699407287941 -0.00742444531745935 0.100180822721558 0.0294840312548512
0.0656889171280206 0.0188321191742609 0.0476215078169024 0.0314351891660671
0.063428299797219 0.00444233640434092 0.0106959061684953 -0.0266268417831384
0.0467533505847282 -0.00921087903966057 -0.0474555274872236 -0.0266172350430348
0.0352880356860536 -0.0312716584443931 -0.0821272550337311 0.00227350858557709
0.0178811989288167 -0.047528189705228 -0.0690094277258901 0.0488367478638359
-0.00650390439868852 -0.0506691338091504 -0.0361091639962761 0.0675632535588048
-0.0250920406666197 -0.0418849401288219 -0.00425439025906216 0.0628184441714618
-0.035304885434888 -0.0433547944190627 0.0222386085714219 0.0439129057703166
-0.0375705723346137 -0.0400226139059279 0.0388806996725902 0.0192541294748707
-0.0397067405329802 -0.0524890399775636 0.0556403731244957 0.00364670405636938
-0.0182110873304242 -0.0735979134454039 0.0661745500515185 0.00156352855997524
0.0115769063851362 -0.075606186819157 0.0735719785410454 0.00894866690465834
0.0539120293649904 -0.0614671532894586 0.06884050550834 0.0264410606785346
0.0881606337697923 -0.0314544103147166 0.0609056553666058 0.0365716728774804
0.0934235982902852 -0.00269422253070859 0.0696276860618307 0.0249977550719036
0.082971125559545 0.0309059364799022 0.0177271407315514 0.0162308167770811
0.0934217915007419 0.0126764802066732 -0.0094044729240712 -0.0386305177052604
0.0766008310646085 -0.0150553207939755 -0.0552913535310892 -0.0324848269271117
0.0536785536597364 -0.0513551225012314 -0.0795018999376014 -0.00334730773388331
0.0240054699337199 -0.0691915381006283 -0.0630779921709358 0.0320649542658054
-0.00711067079627776 -0.0692998462642066 -0.0387242421036785 0.0460787083817771
-0.0301215495826866 -0.0559325129399475 -0.0158167295292218 0.0427322743572119
-0.0397070338262096 -0.0561192079365961 0.00663054199003758 0.0261806413773477
-0.0409482063079462 -0.0521228679836085 0.0221964562137622 0.00187756631788365
-0.0418226762776573 -0.0669889247971486 0.040500987014319 -0.0161103667550688
-0.017442723333255 -0.0898640147227775 0.0594127778798045 -0.0210502979679199
0.0171412198723942 -0.0927476442608703 0.0761302245273338 -0.00490807936713848
0.0690166358114381 -0.0730711108582068 0.0670592782055292 0.0222234672035013
0.109283906068081 -0.0301891843849684 0.0439645509137529 0.0378513856532209
0.110289649981166 0.00441653966140999 0.0324070297348251 0.0194672794174775
0.0883504129527876 0.0353986958663659 -0.020072936314784 -0.00176657567537835
0.107807538300347 0.0137393063656639 -0.0355305770060811 -0.047169117522649
0.092894779456664 -0.0221603702825204 -0.0623820612802679 -0.0372144760403235
0.060546918490626 -0.0660719989401405 -0.0729136888751126 -0.0115031100753801
0.0238811707656361 -0.0815307556938479 -0.0563334644874752 0.0108820098265318
-0.00966182229716882 -0.0766167121935106 -0.0427161407449163 0.0198461058440371
-0.0319882014522524 -0.0607895245080997 -0.0280145898540313 0.019603653819959
-0.0382291619317601 -0.0599520429941856 -0.00810578888979943 0.00439746622203792
-0.037158161957513 -0.0573515016475427 0.0048981591048471 -0.0191805922672874
-0.0343274859473744 -0.0729478785313281 0.0255833095739371 -0.0361604687874787
-0.00869566188991239 -0.0926598359931841 0.0512016509807057 -0.0408080616239399
0.0266118896510822 -0.0925592366831646 0.0758317159175337 -0.0163194619126648
0.0790388696852345 -0.0672909848901057 0.062782174336785 0.0204805153970537
0.114629094413679 -0.018481275837932 0.0249823026155689 0.0384312329291521
0.10944759700988 0.015381452447327 -0.00549794867698804 0.0114594650102164
0.0783084243904092 0.0330180354130174 -0.0592522510793093 -0.0167975993484874
0.101567324188867 0.0120884446948391 -0.0633411811313865 -0.0485657380256618
0.0890971036322809 -0.0253900739741805 -0.0678434979500143 -0.0378358434355545
0.054655134347688 -0.0664414446044455 -0.063926072531437 -0.0188500654086724
0.0187731106000519 -0.0767872006816394 -0.051475996407966 -0.0121129149493741
-0.0100045798878787 -0.0699031079353561 -0.0499872198254047 -0.00617737236979304
-0.0286738203366172 -0.0561364087776437 -0.0405631911375463 -0.00382035349767338
-0.0310033761446434 -0.0559149399711205 -0.0214895703665166 -0.0172861831652529
-0.0274628830741458 -0.0545992554908605 -0.00807969984093428 -0.0394493742268231
-0.0213104881703242 -0.0692722790596918 0.0159199659572058 -0.0546226703403393
0.00511578647392677 -0.081577687212452 0.0473121508466403 -0.056276219068178
0.0374983709757082 -0.0755028178145815 0.0751737173323916 -0.023369879824648
0.0791221550549836 -0.0458977712372954 0.0559097679893631 0.0180288659062566
0.103469922446601 0.000541681238428236 0.0065265075088619 0.0346092828977738
0.0920896214268313 0.025473550557463 -0.0375101605197821 -0.000797982591702039
0.0541105592912504 0.0257695798753939 -0.0921502783903507 -0.025696998449851
0.0750820623575262 0.0109710360847742 -0.0843459206718478 -0.042778655047972
0.0672456039749306 -0.0200628394228112 -0.0697550039633739 -0.0356845385071061
0.0391314987206884 -0.0501687684338484 -0.0555774363246523 -0.0245340846315775
0.011788246759652 -0.0557823706192469 -0.0507443196207764 -0.0302026336106355
-0.00713546928693924 -0.0508788697266966 -0.0584927767314133 -0.0249782608224386
-0.019992329483822 -0.0417217481415961 -0.0519624661520014 -0.0225170468346484
-0.0195004909757972 -0.0432985886823964 -0.0310962399489433 -0.0358008870591422
-0.0149439793694983 -0.0438458883141498 -0.0147510908513069 -0.0575242141522922
-0.00667322745107011 -0.0540869842859543 0.0132159166938339 -0.0695354483657369
0.0156214187838291 -0.0591445914686195 0.0486631340545859 -0.0657626215127257
0.0412582572569796 -0.0488536321655961 0.0756143713256718 -0.0253851657189377
0.0679734861003616 -0.0194217584514764 0.0495585115146756 0.0159250693694006
0.0778763970522067 0.0177290686399918 -0.00558394585776866 0.0254695928083546
0.0620824261479973 0.0313207621057159 -0.0587310058406251 -0.0155116775450724
0.0190199142864534 0.0184973956030976 -0.113402587869169 -0.0280881322321513
0.0361679596287601 0.0132946783974269 -0.0934085286089296 -0.0342354479471032
0.0356213182863884 -0.00546411132829951 -0.0701650511555824 -0.0338051836916609
0.0205469820858701 -0.0208671022258449 -0.0527235311521454 -0.027995009702658
0.0083131411832066 -0.0231715407079308 -0.0536966326402894 -0.038796861613153
0.0016074749812468 -0.0224502591113603 -0.0646450443818155 -0.0345482658856859
-0.00545290335635039 -0.0218477585391629 -0.0576215346895479 -0.0343731773478509
-0.00521189368777725 -0.0241918586380062 -0.0353462816565055 -0.0485616483814455
-0.00220119592924935 -0.0255639401682646 -0.0156364213665187 -0.0704591625440031
0.00356621929789814 -0.0314119160686035 0.0173251620858284 -0.0785209786267008
0.0177071857785674 -0.029420242058133 0.0544802204473604 -0.0696967228118921
0.0330444356964694 -0.0221630483259786 0.0765728700185498 -0.0242663532927457
0.0461071700032754 0.000873363640185091 0.0464121407786808 0.0131274372957298
0.0428196439368118 0.0250026417679301 -0.00982744216253595 0.0151793183199991
0.02450833928615 0.0280948113334605 -0.0674419620923358 -0.0301469581415955
-0.000217852741798804 -0.0165458129963648 0.0843218522325327 -0.0187323581045545
-0.0184722548277743 -0.00753211524238998 0.0102290245202612 -0.0347040133406865
-0.0162265210223165 0.00755173644122994 -0.0487122345699633 0.00671779601705959
-0.00502251089748519 0.0102571048544532 -0.0615018135014535 0.0607340016136857
-0.00218860463111464 0.00611614635088563 -0.0162951574029348 0.0977975997256598
-0.00454415654492137 0.00472202413766857 0.0337661718133811 0.0872688403500404
-0.00499275009954992 0.00599537484087929 0.0614223293022637 0.0553555305935863
-0.0104653030088414 0.00672750137000781 0.0718122436902258 0.0225803151016922
-0.00986215136121482 0.00757957778413628 0.0740011009936199 -0.00560267170936968
-0.0139191167239519 0.00593594241911485 0.0779433303674681 -0.01605844133904
-0.0152549673318368 -0.00328562777224543 0.0762438727663873 -0.0106611652712134
-0.01066283261042 -0.00706039371822521 0.0703027511918132 -0.00991198110132197
-0.00878885682069826 -0.0133209136049513 0.0777465726056334 -0.00972368426632727
-0.0040369543168965 -0.0241817809273267 0.0992775455057707 -0.0169091366285007
0.00867345411959623 -0.0217737106102854 0.120003081917156 -0.0474503926632861
0.0353218882293352 -0.0206658943561493 0.0790528008801766 -0.0126905258222191
0.0169832135038694 -0.0218138188137403 0.0072882535259368 -0.0312112114143213
0.0066874299393637 -0.0129810577133451 -0.0482962530585625 0.00622233053301363
0.00210683786581645 -0.016480277369925 -0.064539235864079 0.0559550223816531
-0.00772172081217086 -0.0212751506289101 -0.0223355257176666 0.0915586688249711
-0.0214944622355069 -0.0165079295348907 0.0242184730053078 0.0852827718250724
-0.0271707660910331 -0.00654513146453284 0.0518229493699361 0.0573115813705947
-0.0356652223901621 -0.00325118210417786 0.0635855953640329 0.0240790064734457
-0.0363676749701561 -0.00121891117028629 0.0633595670196812 -0.00671594104422723
-0.0430848239454394 -0.00816272214844013 0.0681830200226149 -0.0243367152847417
-0.040365289479709 -0.030965975304823 0.0699591619273351 -0.0242399722038396
-0.0234651691583637 -0.044361353616271 0.0703195724685542 -0.0222846540388832
0.00242147771467468 -0.0546573486382976 0.0755575627875429 -0.0149001885467488
0.02986855129787 -0.05736157781025 0.0880787634815351 -0.0146406616545132
0.0486255376562458 -0.045281039812954 0.100923606087022 -0.0375186424981454
0.0671350216161731 -0.0214170266265555 0.0592783045405708 -0.00840848296981611
0.0535604760989361 -0.0333559656521965 -0.00666470575605266 -0.0311229324065738
0.033020612952852 -0.0347784762451601 -0.0551707218641328 0.0037641987447707
0.0100787277513401 -0.0449513547635283 -0.0683755350258025 0.0497136351753393
-0.0133623036903847 -0.0491568938140599 -0.0278056393310088 0.0804991401914017
-0.0361343051815585 -0.0373819188862241 0.011426502114783 0.0757395580205093
-0.0456399274207986 -0.018962503538616 0.0348463387768531 0.054109180375579
-0.0559650429998538 -0.0127841116248648 0.0453566175467281 0.0224896439935517
-0.0564107459112404 -0.00938148642569467 0.044400543188699 -0.00929492717118902
-0.0655138546294415 -0.0193825442016266 0.0483795391159993 -0.0324688633797808
-0.062330619441564 -0.0505475875659795 0.0550781404348768 -0.0401117259327255
-0.0373602985463834 -0.0724260544571861 0.0661443064261174 -0.0378578438390935
0.00748862919527879 -0.0885883859001937 0.0734190718255852 -0.0201592413449815
0.0552147514240015 -0.0840557225766842 0.0751581289432056 -0.00605996764947883
0.0782541977602725 -0.0625648664404944 0.0722490652635248 -0.0211376916710731
0.0885679677900798 -0.0211344651124881 0.0252720079635023 -0.0041220380248835
0.082256663682248 -0.0445517366124812 -0.029003011137274 -0.0292999738526595
0.0538981029444053 -0.0572822185777739 -0.0647591091587141 0.00143427301199974
0.0137159372273131 -0.0719547981874968 -0.0698426301717484 0.0419070247216249
-0.0215180304242541 -0.0703959502693489 -0.033407165844507 0.0641342130703788
-0.0479382560849112 -0.0521329601519325 -0.00450273969101422 0.0596539930080412
-0.058251951204741 -0.0275484561832332 0.0131881858297462 0.0455190984872705
-0.0677217460835686 -0.0208880096153292 0.0216913852522643 0.0170983882716022
-0.0670217718802173 -0.0172971012257203 0.0191409122068459 -0.0130461426452055
-0.0775387650201237 -0.029181543095688 0.0233929499780342 -0.039036269832218
-0.0725704171613364 -0.0644643892454168 0.0350153854049723 -0.0536788059852258
-0.0431674055949354 -0.089277919034033 0.0594135130929204 -0.0513592848229647
0.0131430052575859 -0.10861513587312 0.0692542821900793 -0.0226396805495476
0.0726993640063321 -0.0967237071021164 0.0618196166186097 0.00607270826727045
0.0970087376664148 -0.0677458653210711 0.0371052002702099 -0.000339667656911948
0.0949880898320605 -0.0200177324980865 -0.0163565272403683 0.00356322875447803
0.0955529234916911 -0.0515563902538192 -0.0558025470211301 -0.0200966866343424
0.0627092712082524 -0.0730597836934569 -0.0734626558013135 0.00149433072227958
0.0111790491799314 -0.0882004211356908 -0.0689377863536449 0.030658291950391
-0.029144888685015 -0.0798006803115389 -0.0412753166900438 0.0419038284668817
-0.0540934449079353 -0.0564002939952728 -0.0243717656073094 0.0412876990703923
-0.0630919445145628 -0.0304664488728633 -0.0120305101085676 0.0338483867075249
-0.069128844592043 -0.0255389884118798 -0.0039130295952406 0.00868250416025525
-0.0668935996808898 -0.0243036969359352 -0.00733379658910517 -0.0189588144449184
-0.0754279346476809 -0.0385149272219452 -0.00147671701831387 -0.0465408641447449
-0.0669727437619173 -0.07227882087707 0.0160651179126359 -0.0646551763986581
-0.0355189132883537 -0.0945626041131703 0.0517597861350996 -0.0607046091659533
0.0245693203241643 -0.109662423647319 0.0634791110689002 -0.0217048852395605
0.0852117779449657 -0.089966593876078 0.0458660292140752 0.0200501776160697
0.10264596914565 -0.0580506918323133 -0.00027148517391502 0.0172207809614
0.0852657545026073 -0.0160259475889887 -0.0578305147834918 0.0166999102661397
0.0891767198135928 -0.0488896896984541 -0.0788276894938493 -0.00421520154630831
0.0581010729797825 -0.0733518552741969 -0.0778846541371081 0.00431567451357309
0.00602978465321452 -0.084718577166902 -0.066064538667737 0.0194753338655004
-0.0306618706964768 -0.0732150595170181 -0.0518488760713831 0.0202608278752187
-0.0510064733267579 -0.0505129278126919 -0.0461603277360934 0.0249162405476237
-0.0571813009173551 -0.027986305007961 -0.0371594405409221 0.0229376605086134
-0.0602361825632376 -0.0263180626237113 -0.0286596289660863 -0.00101314944316589
-0.0571165092534935 -0.0285401809668554 -0.0307231116545799 -0.0277662489909095
-0.0616319388890157 -0.0438333705767931 -0.0206648093015907 -0.0552837343648581
-0.0482567281666128 -0.0717240029992496 0.00254176385416316 -0.0749062696420173
-0.0159188923600409 -0.0878526077626336 0.0471918469718787 -0.0658198454090512
0.0390223597699302 -0.0909179563727967 0.0566881051308291 -0.0186285513192263
0.0876110966367227 -0.0667333907652765 0.0283018710323268 0.0271973589134808
0.0944574003877924 -0.0373538682040462 -0.034106918524673 0.0263314267440218
0.0604656692750147 -0.00814664030762611 -0.090728471034009 0.0313580179976401
0.0670517291403544 -0.0342972535095931 -0.0938457854592116 0.0142486986748207
0.0435139497562869 -0.0562334058013439 -0.0784828437506198 0.00897975552625171
0.00207288203091151 -0.0625954760410583 -0.0626812749250788 0.0102431886853447
-0.0237664664291883 -0.0518378829040203 -0.0617543378442313 0.00540436099620701
-0.0362808140433675 -0.0366038961461851 -0.0650935953600787 0.0146795564463623
-0.0413935095227406 -0.0216067940439874 -0.0572790489936292 0.0142398731653144
-0.0431256233709074 -0.0227498458308027 -0.0485179286517069 -0.009773997124898
-0.0398234198742734 -0.0270615160197627 -0.0483932302193258 -0.0385400987463642
-0.0405587003740321 -0.0409068009061113 -0.0323370659803316 -0.0654849822671785
-0.0238697430110043 -0.0594415580555424 -0.00172227041525286 -0.084262923661833
0.00433199968696835 -0.0669762991064529 0.0456472211338 -0.0676311413539684
0.0465975682818591 -0.061030341700986 0.0500071261411793 -0.0175009596570325
0.0763886906349564 -0.0350277964192028 0.0115477060020974 0.0275874410228338
0.0719441518392042 -0.0135386126518931 -0.0609070527506293 0.0264677504745761
0.0259906990310706 0.00592817224361593 -0.109333076289316 0.0453308494739173
0.0363776094266962 -0.00954590501023908 -0.0965315567546077 0.0278912696338911
0.0255022454941063 -0.0251016526547092 -0.0783759887986173 0.011809811363708
0.00398641531466559 -0.0284321669425991 -0.0611343102479656 0.00655267798631461
-0.00732088880587827 -0.0231856816258812 -0.0684522244017462 0.00012657959993236
-0.0128169469553429 -0.0189668139020121 -0.0746615822342624 0.0117117445605768
-0.0179230044626106 -0.0140931710115234 -0.0693317705981424 0.00851934121427154
-0.0195474150506094 -0.0162637587027503 -0.059734528596737 -0.0185113019167067
-0.0178917894807943 -0.0202032405986352 -0.0568799931570247 -0.0483081383167831
-0.0165830255319713 -0.0279613446199368 -0.0344472126656336 -0.0759116711064728
-0.00392280635079813 -0.0365529244482986 0.000888527278582048 -0.0904039604865513
0.0138467713304303 -0.0397931447139584 0.0474200374372929 -0.0682271133563939
0.0404808870432044 -0.0291734126896492 0.0455837154116956 -0.0179708155583245
0.0518157729169693 -0.00646485158630628 0.000674110495061801 0.0206152746323861
0.0388184884902676 0.00848419277292421 -0.0771524726310188 0.0187044889462108
-0.000908332988985333 -0.0169260685077665 0.0866591302838567 -0.0224612914194155
-0.0194062403881088 -0.00722411230135746 0.0085116401391494 -0.0373275410189097
-0.0163573480825602 0.00836000456888173 -0.0501836782298857 0.00780469175131748
-0.0045561413661946 0.0111828924038472 -0.061958685402002 0.0649269459519827
-0.00201790200711064 0.00609984714043528 -0.0131627209555823 0.102157105554071
-0.00518910215036412 0.00552291564072947 0.0381135444111277 0.0896420553193044
-0.00539334764031518 0.00614998311431412 0.0648076686250248 0.0550317290129938
-0.0103890558402125 0.00732848674806883 0.07564560105591 0.0208071736505673
-0.0104373776020037 0.00791933903496977 0.0760748044572151 -0.00932454088508437
-0.0143157462349379 0.00607604172663247 0.0807693164954057 -0.0201126985203231
-0.0160061954677923 -0.00303850765430517 0.0795859639259552 -0.0139344940298633
-0.0116708512046027 -0.00681811198681839 0.0725520838638835 -0.0118465023314683
-0.00974505681710313 -0.0135738319079526 0.0810770195385785 -0.0115376139926841
-0.00551269151844391 -0.0251867415092225 0.102670553714605 -0.0207606386958102
0.00836867308924568 -0.0225258784215876 0.122180378061363 -0.0539128450924852
0.0360029768803935 -0.0225085589776488 0.0815066334073643 -0.0162192488827799
0.0170969650671187 -0.0230487267701197 0.0054681208387613 -0.033721079032251
0.00697441355927451 -0.0135540897408686 -0.0501190739889181 0.00750043072179798
0.00200315035531027 -0.016939799750001 -0.0657558859055615 0.0603963517806495
-0.00910979910712332 -0.0218194943842614 -0.0202644407655689 0.0960383599791381
-0.0232183567717564 -0.0163020475072796 0.0278393567193447 0.0875278111682652
-0.0287291935667519 -0.00616054487826274 0.0557994265817505 0.056539086637918
-0.0373249068353296 -0.00197507607566764 0.0663539604985612 0.0223480426803303
-0.0378072432992745 -3.02497036286668E-05 0.0657097500278304 -0.00982981181516695
-0.0454781321434981 -0.00673977260859865 0.0699415432023022 -0.0283429875461325
-0.0436222655553871 -0.0300635587896154 0.072468145552672 -0.0282997444829407
-0.0261816757240044 -0.0448254405775746 0.0721616221404101 -0.025620096470883
0.000685778078532971 -0.0571539181577435 0.0786067348226242 -0.0167897150599819
0.0284544733406093 -0.0608276173096224 0.0912220422629678 -0.0174221793188986
0.0485270980014603 -0.0479609415404805 0.10312287602252 -0.0431973194959773
0.0687777617849437 -0.0240172604473981 0.0606276887625559 -0.0115261346500365
0.054111725335538 -0.0365820071252797 -0.00928493987511407 -0.0323424101378842
0.0331932366454087 -0.0366499121566304 -0.057431872679787 0.00474596571566435
0.00958271644579808 -0.0469907792173696 -0.069717421951658 0.0536191593161102
-0.0161225527988069 -0.0498205985464731 -0.0263335411202809 0.084183798148344
-0.0387876446226409 -0.037041250734586 0.0141756190528824 0.0776676697498364
-0.0486699832813419 -0.0176439798524875 0.0383977539826419 0.0542268677791438
-0.0587099192854344 -0.0110559781519506 0.0481704145240946 0.0211576466193868
-0.0590826698402499 -0.00755311493935367 0.0446258574792546 -0.0115970007216556
-0.0691776964268798 -0.0171391159011366 0.0483562508529999 -0.0358822763043349
-0.0672439512917749 -0.0499225357808311 0.0558246359860451 -0.0442681674735021
-0.0420974678076038 -0.0737028445240547 0.0669526779926389 -0.0415381537988261
0.00391155510880946 -0.0924254626326415 0.0764479478541986 -0.0221947996581711
0.0535865574366822 -0.0900027040503413 0.078495203624396 -0.00844204336955617
0.0794433111087502 -0.0670653824289028 0.0742104368779252 -0.0247763030458052
0.0920557891580315 -0.0242262045434631 0.0259737823142487 -0.00551568048661179
0.0834687299637442 -0.0491682667088344 -0.0318610432862733 -0.0295254853750875
0.0541961903078574 -0.0613352709571694 -0.0669763356812274 0.00222370955530863
0.0114264586873344 -0.0750951140710775 -0.0712636539078204 0.0458269654239375
-0.0252411490836665 -0.0717836606492318 -0.0328705022722599 0.0670683620878211
-0.0524463904787262 -0.051609481706308 -0.00293807395158377 0.0626059935507078
-0.0620007580753277 -0.0258684834503815 0.0154106678866993 0.0460988378376198
-0.0714516757167154 -0.01861216146498 0.0233555113515371 0.016565660990795
-0.0700469359704014 -0.0153233910565579 0.0189726103070097 -0.0149105784534619
-0.0813328922836139 -0.0272315514971831 0.022294423910137 -0.0417195871444044
-0.0782555243081715 -0.0638528355055604 0.0345491250460105 -0.0574823970302233
-0.0494434727921038 -0.0915432284410701 0.0596525988610073 -0.0556338099594134
0.00924742110771966 -0.113401001269475 0.0718765252840788 -0.0249271535743827
0.0720707108653523 -0.103706978673729 0.0642688918818075 0.00515160919615615
0.0984018263165773 -0.0725872934222224 0.0386122157439963 -0.00219459043227757
0.0989315711968665 -0.0230746593483747 -0.0174912019669685 0.00477682587639098
0.0967488664762792 -0.0573863618983966 -0.0596884817560833 -0.0200129874929125
0.0628097365257811 -0.0785411370923291 -0.0751811474399834 0.00259845082668715
0.00772847087027698 -0.0916156973022576 -0.0714194987032223 0.0343860943978747
-0.0334365233918415 -0.0815010623782006 -0.0416994433934724 0.045187293647891
-0.0590304711597592 -0.0557466292706372 -0.0245460872126833 0.044095827692265
-0.0664501910757279 -0.0288277756820754 -0.0105332963253772 0.035441094589263
-0.0724488851262179 -0.0231842046367019 -0.00397757842462198 0.00897909387340107
-0.0707534368509225 -0.0224165222770146 -0.0089765493485782 -0.0195352140107558
-0.0799250701101536 -0.0370265506639042 -0.00367882473903029 -0.0480416060793619
-0.0723665183114063 -0.0722546839102112 0.0136545251289709 -0.0682439478597863
-0.0409351516740356 -0.0971047203379914 0.0513648260990492 -0.0646497346743195
0.0210175773685425 -0.114721111740528 0.066158499119611 -0.0238678712954361
0.0845754913288213 -0.0970390715095566 0.0477856030944003 0.0192807683803133
0.104402802736828 -0.0627983709430914 0.00137675899289949 0.0174589624175868
0.0886088598606355 -0.0192788993498126 -0.0598427494577048 0.0191182167652141
0.0908643990953845 -0.0546139864712181 -0.0829870603331798 -0.00207868723306213
0.0576226202474105 -0.078164910593264 -0.0806141813789352 0.00578940056794898
0.00261352501622056 -0.0880712994035902 -0.0680804433099434 0.0213736277115271
-0.0351382831422026 -0.0743306992373203 -0.0537571060962672 0.0225236590366937
-0.055625927525887 -0.0503339115936974 -0.0480832733593666 0.0276454075061492
-0.0604645742667506 -0.0266870811464724 -0.0367380765274554 0.0250172822494293
-0.0637410213233606 -0.0247454810216571 -0.0301921564511872 0.00017009172662052
-0.0603074635355567 -0.0266124235951743 -0.0337100557544338 -0.0274183644727961
-0.0658409552544149 -0.0426671755470791 -0.0238864382677241 -0.0564352042274115
-0.0530385276645569 -0.0723099947104291 -1.38015481259393E-05 -0.0777687904444035
-0.0198738506257799 -0.0895774149738017 0.0460473403498367 -0.0699497677632268
0.0363431867396597 -0.0960020616217518 0.0583626284540713 -0.0203567120870073
0.0882265041308188 -0.0721144886345473 0.0304426309009354 0.028210198662312
0.0956215950549948 -0.0418326379105567 -0.0340994352166953 0.02842680061862
0.0627529970365562 -0.00982167521854552 -0.0935513974131497 0.0354346554198976
0.067770395586708 -0.0382761309967232 -0.0970579812527005 0.0167194824978563
0.0426566664905371 -0.0597387907457382 -0.0811645644604798 0.0103406825472824
-0.000249857909147189 -0.0651295939145679 -0.0652545187193828 0.0115041973484299
-0.026980430106381 -0.052260813073907 -0.0650981629081312 0.00722851322401302
-0.03983147203218 -0.0361729751441167 -0.066850577347364 0.0179720809188344
-0.0435987106120076 -0.020684625762093 -0.0580397467599855 0.0172829850298443
-0.0458330251019404 -0.0217349236662122 -0.0512919801895003 -0.00887363945301809
-0.0425445153777899 -0.0262057517128435 -0.0520786644961323 -0.0382041260178331
-0.0437736391584408 -0.0401212668584673 -0.0363242946533705 -0.0666717341397366
-0.0270178086938377 -0.0601493894651549 -0.00490185507755437 -0.0875673851573915
0.00178395631603865 -0.0694185579727309 0.0447652514681421 -0.0723611723891092
0.0456412430886408 -0.0638882417996311 0.051576080904645 -0.0190522535378205
0.0780078957935724 -0.0394536426585254 0.0133561254958296 0.0286801576409759
0.0737902677525264 -0.016051086311961 -0.0616922569605026 0.029675136364621
0.0274718014483304 0.00596539820544907 -0.112157483217124 0.0498671288062005
0.0375232144726318 -0.0109088144563598 -0.0991000229119986 0.0320519503559025
0.0254840322950106 -0.0274529884025766 -0.0808131075862088 0.0138447295903699
0.00251866627643897 -0.0300332032150846 -0.0634963726503972 0.0079162361277984
-0.00843478657316402 -0.0239540007029327 -0.0718564364603564 0.00285305965790731
-0.0137167612708414 -0.0196504363056331 -0.0770194407804316 0.0154991678542919
-0.018844469825807 -0.0135825330970859 -0.0714398712921976 0.0116580309420026
-0.0208920567500253 -0.0159727778428032 -0.063294962720799 -0.0161407059664331
-0.0191706945689772 -0.0201036554861706 -0.061097938090863 -0.0480855535366703
-0.0180737052122013 -0.0282024768326826 -0.0388603569752985 -0.0767219543102951
-0.00512237868982348 -0.0380127529634512 -0.00271237742306424 -0.0939630685068901
0.013261917757887 -0.0416160046695391 0.0465255276952075 -0.0724535220793567
0.0407241937882442 -0.031752997528172 0.0467811107048746 -0.0200115815811058
0.0539082542688601 -0.00790115134981166 0.00216623156327112 0.0217759855247737
0.0407075886413938 0.00676864626512714 -0.0785380329761783 0.0229464727495518
-0.00181646288251203 -0.0177246259711297 0.0871803356514297 -0.0288611646460063
-0.0205665674495124 -0.0058362205406114 0.00523516305098415 -0.0398601485233399
-0.016268833435639 0.00943503896524244 -0.0513347512095959 0.0111323359469596
-0.00417223255097429 0.0114367661235866 -0.0593282792863909 0.0694958728367086
-0.0017147443294559 0.00689310218908136 -0.00691018857135774 0.104130521717876
-0.00492579803205607 0.00606272777050847 0.0441841049756593 0.0886093588753795
-0.00519259880198882 0.00683588642773929 0.0683416538436887 0.0510691694141582
-0.0105632080236404 0.00795637541978555 0.0781281961960527 0.0162563127039277
-0.0108171966663942 0.00869773189969865 0.0764907965534523 -0.0141274286416733
-0.0142923538547684 0.00721785981712764 0.0810858714723871 -0.0259567932367657
-0.0166468039089015 -0.00221577347462873 0.0805574595260355 -0.019676616205166
-0.0122116237299764 -0.00622709097484409 0.0733501466918551 -0.0158382629334717
-0.0108597400464789 -0.0135085196540481 0.0826107838598981 -0.0154852206702488
-0.00781838636959686 -0.0246375363534819 0.104128244873125 -0.0264787575000779
0.00702674266463616 -0.0230215450791094 0.120173577089154 -0.0620479431124816
0.0352634603751019 -0.0251885600221979 0.0817902345636885 -0.0219004861447353
0.0152893914966409 -0.0247236472664434 0.00259514336513947 -0.0349923201891053
0.00632092939098516 -0.0140482944873263 -0.0515294562548117 0.00921702632422671
0.000864084732469672 -0.0170017515876872 -0.0629459328173481 0.0656584595088618
-0.0109286510803478 -0.0214465102561003 -0.0146140580778775 0.0988736346925295
-0.0251955524428476 -0.014804722905971 0.0335469364246351 0.0869631259073088
-0.0297772340321296 -0.00424786601689843 0.0595465146688191 0.0542496261726932
-0.0385985525002879 0.000687455881685266 0.0694703546215563 0.0184027549148325
-0.0388656372892729 0.00273432636369085 0.0656160864336389 -0.0142875088478978
-0.0468367847491052 -0.00419409945066083 0.0692624223092576 -0.0333402610177664
-0.0465215063382203 -0.0281042926425266 0.0724609701065702 -0.0332810976754181
-0.0291454043342621 -0.0441208078109541 0.0719393466471163 -0.0289766490018263
-0.00343316604596795 -0.058120215610228 0.080478445416533 -0.0206561921581781
0.0248746433761631 -0.0638896310892278 0.0920573405537887 -0.0225698337632686
0.0469891163026398 -0.0514339097516392 0.101669358434162 -0.0505927122197469
0.0691178455237758 -0.0282358676820058 0.060671372116053 -0.0153869550111997
0.0527038019526449 -0.0410382510006394 -0.0120258262061292 -0.0336401533203399
0.0320237336672375 -0.0398598543373595 -0.05766563759768 0.0071740384894572
0.00649142872181478 -0.0482046898890926 -0.0675499880875062 0.0592561177349732
-0.0197068011727239 -0.0492221790902405 -0.0219845268925144 0.0881599089938763
-0.0424522400708035 -0.034847964433077 0.0185527079474679 0.0784220848943411
-0.0506069060750718 -0.0151533300331175 0.0424255278160975 0.0524156989780173
-0.0609694028942356 -0.00725532085455821 0.0504265078411028 0.0186116494300923
-0.0607505070932197 -0.00369999782702413 0.044563018732623 -0.0146696126537494
-0.0718453394523246 -0.0135370972593264 0.046681825762626 -0.0398602985860406
-0.0716302663222841 -0.0464702689328356 0.0543511351810935 -0.0487394347684439
-0.0479500590901964 -0.0720712421202562 0.0661966956227353 -0.0455902623446787
-0.00197130058509102 -0.0947130906348635 0.077280862262715 -0.0256467750395947
0.048419813630081 -0.0952286064447374 0.0793160970003104 -0.0126448306311014
0.0769030336531338 -0.0721110312358215 0.0734588042474517 -0.0294765596654591
0.0929105838274824 -0.0298991017579756 0.0252603811767728 -0.00703992741075544
0.0817417857626291 -0.0557981483147528 -0.0351862392218924 -0.0287149648028601
0.0518117906806625 -0.0659420681580597 -0.068171872509441 0.00489831799370657
0.0070698868272954 -0.0771507764286145 -0.0704835438956457 0.050660878172093
-0.0306830343504756 -0.0711250099788968 -0.0302264235281898 0.0697174621882024
-0.0568659983860299 -0.0489960726812664 -7.76595098265165E-06 0.0637368977139079
-0.0652097008799219 -0.0224104588483396 0.0194281172704687 0.0460267501304803
-0.0740105352287983 -0.01442626678708 0.0243561437980721 0.0152445549422459
-0.0725432327497254 -0.011313079848424 0.0179918205586192 -0.0157839645320289
-0.085317738828215 -0.0224610348905854 0.0195712036502103 -0.0439844610540884
-0.0837516043073678 -0.0596396073472366 0.0315113568098528 -0.0611548259656741
-0.0556576289141915 -0.0893159414496291 0.0569830196048621 -0.0594904009309857
0.00187363060383667 -0.1162428583525 0.0728038007473702 -0.0281542945545383
0.0664478007034549 -0.1106997605266 0.0658886704633854 0.00215040059585008
0.0955369785244911 -0.0790762053803873 0.0391925764204776 -0.00465432556626016
0.10038279641222 -0.0292393350389561 -0.0184257437332724 0.00536118401944965
0.0948582324048284 -0.0650422146085749 -0.0619676248136112 -0.0164866241499413
0.0598603939882819 -0.0833402481620742 -0.0772763578272667 0.00481348383855133
0.00217056406737088 -0.0936374084959535 -0.0708700089693654 0.038719664455327
-0.04004826233056 -0.08056111158003 -0.041070410971347 0.0472539589877718
-0.0646015376685076 -0.0531067994792585 -0.0228740334920646 0.0463728567761731
-0.0694673769710529 -0.0254237011192888 -0.0074053875187936 0.0366643260765773
-0.0757849738819088 -0.0188181648541963 -0.00407974069683062 0.00956588492260756
-0.0732867933952673 -0.0183728619430638 -0.011281798345381 -0.0195679543073767
-0.0840321507156812 -0.0328593186556229 -0.0074515680363153 -0.0485481024864411
-0.0790092373673972 -0.0681813675287762 0.00989210234119641 -0.0704357098573891
-0.0475238589598762 -0.0956640181042701 0.0481406883224169 -0.0689349975772508
0.0140023935895713 -0.117553236737053 0.0666161251587787 -0.0263327014851418
0.08005307346512 -0.104137750208749 0.0505617793228182 0.0176091529932401
0.102257996394995 -0.0694905315782471 0.00262686241788799 0.0175182739773624
0.0897610966992927 -0.024002157488563 -0.0606038344239662 0.0225462917756521
0.08865205682135 -0.06148389219051 -0.0852374433356965 0.00247756765036641
0.0539046667729151 -0.0834427320273528 -0.0821104795189133 0.00910812280881021
-0.00332755971897777 -0.0898537630828146 -0.0686319218475206 0.0251838743962178
-0.040807446193782 -0.0729074609637366 -0.0542239729487993 0.0251771472858747
-0.059791863336306 -0.0473703095411105 -0.047287344815361 0.0313522555226782
-0.0634442387066642 -0.0236226328382828 -0.0350334334669892 0.0276664189238767
-0.0668617075807288 -0.020829729850023 -0.0308628245160063 0.00221385003569492
-0.0633560142305435 -0.0234582382400111 -0.0361332033731107 -0.0263071854099003
-0.0698281527907623 -0.0389061055717434 -0.0283663017686865 -0.0556551737456108
-0.0583391821819484 -0.0697565120176465 -0.00462729020858878 -0.0799479929636792
-0.0255680067060361 -0.0897090076918596 0.0424923387775963 -0.0740983749923554
0.0308639375671022 -0.0993424266884552 0.0589774821098299 -0.023578508672063
0.0848868482890687 -0.0794261929121805 0.0324341079775503 0.0282323847109924
0.0954334953390894 -0.0475992843713209 -0.0319904757595157 0.0306480152424537
0.0635655811644331 -0.0126712092901022 -0.0937952234411994 0.0411572534431439
0.0668343637371147 -0.0433161624194678 -0.097627461164988 0.0229108018189343
0.0399164877917167 -0.0635467995275636 -0.082264904312492 0.0137560403751762
-0.00498760977799539 -0.0661366350582179 -0.066184834146229 0.0147516240241119
-0.0309152603066945 -0.0511839438464709 -0.0663052422452221 0.01075452315967
-0.043039753319842 -0.034036627464742 -0.0672521382828133 0.0231481134671849
-0.0456710583207371 -0.0183934516697401 -0.0574060394059926 0.0213857838965208
-0.0479216689344834 -0.0185749243949756 -0.0524479005441986 -0.00545122850624285
-0.0446106450380276 -0.0246591781684674 -0.0558808418979919 -0.0348639791798
-0.0462602662518779 -0.0381035495734113 -0.0409167434615323 -0.0654682167980668
-0.0313277125885413 -0.0594996835712841 -0.0103539570379451 -0.088458002281732
-0.00206681046488136 -0.0707386395643241 0.040807190380354 -0.0758729412409534
0.0424530592405725 -0.0680658273919883 0.0514089435584795 -0.0212548671496429
0.076833551942408 -0.044903878840104 0.015174790233906 0.0293138390163835
0.0740306287190634 -0.0195868512949573 -0.0595881463387057 0.0333444130237206
0.0283585551484771 0.0047944548011715 -0.111463007652073 0.0572364328516282
0.0370655777010304 -0.0136786404068084 -0.0990196472175825 0.0380984066052187
0.0239292879865784 -0.0291888702746857 -0.0811189185488764 0.0180323537012009
0.000580756145796766 -0.03038450974029 -0.0646368765306594 0.0104879036466432
-0.0100050224428754 -0.0230693152538621 -0.074522279799205 0.00659200697665271
-0.0154395511021652 -0.0188265757947834 -0.0775078247689908 0.021007418135275
-0.0197544845245643 -0.0132941413816968 -0.0714591795410782 0.017147112434918
-0.0220589773103927 -0.0147783803788695 -0.0657211356120636 -0.012866090308162
-0.0207722157786682 -0.0188710858430819 -0.0655867002060859 -0.0447118296151184
-0.0203598002042111 -0.0272679543898852 -0.043955179389671 -0.0757508990386249
-0.00754367762734564 -0.0381370487881284 -0.00723780840835743 -0.0953338645626029
0.0113201471467173 -0.0421790846318626 0.0433348219737263 -0.0765140965827836
0.0400064086351041 -0.0343014503708001 0.046484979666071 -0.0222985765378204
0.0539569546414882 -0.010732772994644 0.00328102774476902 0.0229355774389743
0.0414938859456594 0.00538617987914531 -0.0771546363560478 0.0276334890080642
-0.00316283084468855 -0.0175038896687113 0.0837135362866755 -0.0343238614297105
-0.0204409551193332 -0.004606533853444 0.00140262983767921 -0.0396691690061347
-0.0153286992479783 0.00998639818740985 -0.0503607980039159 0.0135345284743375
-0.00329091511814879 0.0115647933364955 -0.0542398818257223 0.0722940777563219
-0.00086797423354928 0.00648316288838364 -0.000317340455939732 0.104315992646851
-0.00430390062848664 0.00666992441937065 0.0490412890501133 0.0853061880147852
-0.00571424295539768 0.00742625188806151 0.0701097876354761 0.0463217315750194
-0.0105970942161363 0.00908278718505341 0.0786641091430704 0.0105860993713466
-0.0102217618285228 0.0092048815014628 0.0745370151901985 -0.018708149435885
-0.0139890806956466 0.00773407042313544 0.0781003745526818 -0.0314576599777127
-0.0168733426161906 -0.00134131643414087 0.0791270476882942 -0.0245158206544536
-0.0127426622167869 -0.00589589327139307 0.0723446018493849 -0.0188153438141735
-0.0118266112841461 -0.0130477081375532 0.0826344302896248 -0.0195183669351081
-0.00906985533835749 -0.0236896011081946 0.101790322715536 -0.032972120418789
0.00628728236013625 -0.0227228610646727 0.114895083383257 -0.0680302436103355
0.0341379692495931 -0.0268889196233418 0.0791702133582627 -0.026975151340268
0.0137767879536407 -0.0253796180622652 -0.00101462101642932 -0.0353316267489953
0.0059475436203534 -0.014708828017797 -0.0505705570010224 0.0114551108624503
0.000164342564024818 -0.016892185601865 -0.0586633114707333 0.0680223074992851
-0.0120973121245601 -0.0203418012315696 -0.00827386530678153 0.0987759883362633
-0.0255835019975916 -0.0125503642950011 0.0383428012536021 0.083937967434352
-0.0305062621323465 -0.00205396634112397 0.0617702415404202 0.0503241720330929
-0.0384550829221108 0.00374996638872117 0.0696651923177499 0.0137562362698854
-0.0384777549896329 0.00511138103866442 0.0633903284319877 -0.018169893356067
-0.0462560183081814 -0.000977060559012212 0.0658970078806388 -0.0375319461441926
-0.0485098393079567 -0.0247253834727645 0.0698078694885614 -0.0382618305378865
-0.0319258337490552 -0.0421460509247742 0.0695650247147661 -0.0325628987702803
-0.00725720717270737 -0.0576250238725537 0.079614941729032 -0.0243846738297297
0.0202109333389819 -0.0640524292790169 0.0901110539510154 -0.0279493934083239
0.0434942172552222 -0.0528913452101274 0.0969482062738497 -0.0556071847666228
0.0674894197030197 -0.0322569214694415 0.0585652319027839 -0.0189460763074486
0.048896756906091 -0.0442607970052567 -0.0148313928951808 -0.0326087421078421
0.0292299415793171 -0.0417771195217137 -0.0575420365314663 0.00879727124721845
0.00333899919898548 -0.048000306634857 -0.0638379837171046 0.0624881236427035
-0.0229210711374916 -0.0473744137312245 -0.0163590920034447 0.0882579781898775
-0.0444603045768293 -0.0314858197327288 0.0227130214643076 0.0769327899548281
-0.0515805834082343 -0.0120056494090954 0.0448624179422499 0.0492968967579622
-0.0607061392868466 -0.00264740393101206 0.0506969535568449 0.0150785752525651
-0.060371618904975 -0.000232575983261026 0.0429930056170716 -0.0173523325558544
-0.0721795295562977 -0.00853101101208781 0.0428981958975899 -0.0424227646873903
-0.0745377920724968 -0.0410643077360537 0.051046072921421 -0.052447566992815
-0.0514632296468597 -0.0684054949571952 0.0627553639145589 -0.0487422208552351
-0.00837101719530661 -0.0940152392233415 0.0762699950961464 -0.0294424700553427
0.0415144700901225 -0.0979455035301955 0.0782938807004016 -0.0165691369109911
0.0720178300281034 -0.0756511613525385 0.0698861791706965 -0.0341955756215635
0.0908339127690006 -0.0352199977230426 0.0248275360761651 -0.00803816460823357
0.0775775704468683 -0.0612973538932825 -0.0375250561664969 -0.0266118612751657
0.0477362380778898 -0.068751306214214 -0.0672635094306294 0.00713022585715538
0.00206452736545632 -0.0767640143404386 -0.0670473092020618 0.0545222260899521
-0.035724214560185 -0.0688060844668755 -0.0255367260947264 0.0704445285574569
-0.0599830699650694 -0.044485653195461 0.00357866752172769 0.0634203519728327
-0.0658321929736155 -0.0185839586640375 0.0219945733491344 0.0443847143140834
-0.0742318223688391 -0.00865474698440793 0.0250515478372491 0.0144452736809213
-0.0725414371424673 -0.00631313645244967 0.0159132038358908 -0.0167428635717626
-0.0860111376834627 -0.0168254519082792 0.0159978405671715 -0.0446497529243648
-0.0878216498421202 -0.053547072381504 0.0273150224238367 -0.0628602112736835
-0.0609518821408145 -0.0848052542137293 0.0527937350765735 -0.0623488629708431
-0.00626552067810466 -0.115147905471933 0.0713748259400863 -0.0316140537529112
0.0585722242376508 -0.114589203715106 0.0651361677482177 -0.000995366395481742
0.0905236358378459 -0.0829951695770582 0.0382978136511886 -0.00722774334035145
0.0985961133604088 -0.0347984104377338 -0.0180441920617949 0.00669893477018988
0.0896943434433734 -0.0705079779692928 -0.0628582331867564 -0.0131961798101055
0.0540220617997036 -0.0868915188273034 -0.0767868708439483 0.00793972911875694
-0.00342687208512319 -0.0929372200273248 -0.0684279352690798 0.0417425176779187
-0.0452519738549687 -0.0767278069108606 -0.0385035711051305 0.0492238914064486
-0.0678025353851585 -0.0478172850712902 -0.0201441183201388 0.0476250509536175
-0.0708209117903897 -0.0200888471581078 -0.00482899112283394 0.0363284319281941
-0.0760401885148832 -0.0136602738476832 -0.00368189001237412 0.0103632761021294
-0.0732296140666694 -0.0136649470545105 -0.0129073774432494 -0.018053680380625
-0.0853360375114154 -0.0262818431864146 -0.0110030578370862 -0.0471958555264836
-0.083150629093264 -0.0626064656766398 0.00556503503118769 -0.0707967119214838
-0.0531709812421883 -0.0912191891423773 0.0428184236790061 -0.0711349655591576
0.00586960184251396 -0.117364805972542 0.0648438292849003 -0.0291124404166124
0.0718075110363689 -0.108947045792968 0.0516690329535625 0.0148837934670798
0.0975437092773665 -0.0740323705623955 0.00339787788407638 0.0167124927316179
0.0884240718121375 -0.0289100974157894 -0.0592921312169596 0.0264829776905028
0.0841157380188864 -0.0665676347744457 -0.0843217336127816 0.00782266255550486
0.0483374478721918 -0.0858963627367756 -0.0808789318647529 0.0125013975358464
-0.00901598122585012 -0.0880060283303452 -0.0669998277205632 0.0286322828712045
-0.0458093259046656 -0.0695704786194956 -0.0529011695585824 0.0278810146516582
-0.0630172959749359 -0.0427954836355861 -0.0455285662700747 0.0345078425981642
-0.0641781340869153 -0.0189969535598009 -0.032133802553041 0.0292427772044718
-0.0673690766764697 -0.0154244851061974 -0.030423051745325 0.00415546499297562
-0.063843415490497 -0.0198057786384672 -0.0385490817802609 -0.0232884447461482
-0.0717301686529741 -0.0338298200324773 -0.0323613052092449 -0.0531291204159486
-0.0623026974152883 -0.0649719107534957 -0.00977993692427736 -0.0793187042214005
-0.0311742882291254 -0.0866702675750596 0.0372152645907512 -0.0758901440712173
0.0242930390067065 -0.100513810369272 0.0571912434776514 -0.0254589909166268
0.0788580541526945 -0.0846539572416582 0.0336729411079978 0.0263135163404862
0.0911182261591641 -0.0522394845179438 -0.0298081866408419 0.0317514148418725
0.0631542850012049 -0.0167966845867647 -0.0909060961600932 0.0466593824411799
0.063155385248698 -0.0471392445849289 -0.0955240953558126 0.0283338925497899
0.0349970220973243 -0.0654627654088283 -0.080647591708471 0.0178633318013467
-0.00885878852904305 -0.0646257757665864 -0.0646282981179906 0.0173711908599333
-0.0344536552512852 -0.0480049492451054 -0.0658523389430728 0.0142539391592562
-0.0448252165000769 -0.0312593828495567 -0.0649863268430635 0.0271435508019858
-0.0462753183529102 -0.0152666697118542 -0.0549400102331373 0.0243075243305516
-0.0484181952174945 -0.0148936385042337 -0.0525401267756167 -0.00180173181922564
-0.0452938951437459 -0.0208413175308228 -0.0584683237532679 -0.0310125684612564
-0.0487131798126023 -0.0342923510235196 -0.0448064406560522 -0.0622485348630231
-0.034838953021191 -0.0567526458683899 -0.0158538491821514 -0.0875029312610983
-0.00677345123471607 -0.0689490454900064 0.0354110964921165 -0.0781898630113971
0.0375837910571828 -0.0697165439820716 0.0496443209496856 -0.0232671808649088
0.0729585424028505 -0.0489087915043677 0.0171538770629128 0.0284076095561265
0.0724115982708196 -0.0234428096645098 -0.0567592898970914 0.0365576816185693
0.0287533150635383 0.00290259602644899 -0.107203871498166 0.0633473678083945
0.0357994512270983 -0.015663473623938 -0.0955917417886511 0.0432710891485968
0.0214150872665944 -0.0300820277597392 -0.0790594054601085 0.0215540299104739
-0.0012779533595503 -0.0295790862274884 -0.0642925398959837 0.0132088321617001
-0.0117080919853724 -0.0222201257295406 -0.0740634313496899 0.0110677879876742
-0.0167360185128631 -0.0181326967271321 -0.0755942995299843 0.0258986406198534
-0.0201676452654492 -0.0116863652554522 -0.0691185446430224 0.0208988975942195
-0.022404231949742 -0.0125649305618577 -0.0665347291502858 -0.00841002558478808
-0.0214760909280027 -0.0173580310704697 -0.0684818744346935 -0.0401233176677096
-0.0214916945597574 -0.0253945810279397 -0.0482249395390313 -0.0716189419582106
-0.00927765440372169 -0.0376420197982884 -0.013441682800145 -0.0936812753801421
0.00843367433126975 -0.0420823292007024 0.0371334771790558 -0.0779833780286476
0.0374187603475176 -0.0360927247962577 0.0450847361516669 -0.0241314224149486
0.0525717807060537 -0.01388278980757 0.0050748433482563 0.0227191695179397
0.0411897116220054 0.00280046119931592 -0.0732291084223149 0.031689413521496
-0.00379454034282002 -0.0168222778425193 0.0795089869438833 -0.0367282685723198
-0.0202119862196905 -0.00343084540087841 -0.00141919954143567 -0.0389424040434806
-0.0146104788212248 0.0103166954651473 -0.048771889217406 0.0144238992656492
-0.00310595567393724 0.0109179966848187 -0.0498673173487286 0.0722330942191601
-0.000964229751717844 0.00617567552385389 0.0041881287763595 0.10081390458818
-0.00349479524199092 0.00671503261640529 0.050722950884191 0.0799156046985379
-0.00504129008572796 0.00745668698710484 0.0699460148012707 0.0412309701626663
-0.00964333520599842 0.00941261857172547 0.076920972816022 0.00646602763150129
-0.00920252318454013 0.00921439578553295 0.0713834527050191 -0.0215641619790449
-0.0130835732676125 0.00769701829840201 0.0742468531267408 -0.0346050974428151
-0.0163633153627808 -0.000696884682384972 0.0758442206250122 -0.0275570032894215
-0.0119895470921023 -0.00527058331891274 0.0697189433593102 -0.0201017433917055
-0.0118034179270523 -0.0121005224204267 0.0797440634277359 -0.0214629868928419
-0.00998116509868953 -0.0221433683631673 0.0978068417887089 -0.0361681529269606
0.00539051172429453 -0.0222259280050673 0.107549603398745 -0.0705329002164336
0.0321764245131587 -0.0282283087921496 0.0750346400159411 -0.0299414612520215
0.0118639138351313 -0.0253237793115614 -0.0036518513821081 -0.0342871415772001
0.00522915518965012 -0.0143081748521018 -0.0487772473459598 0.0127890430902101
-0.000781675262277998 -0.0160771785215644 -0.0546233668085505 0.0683043903081883
-0.0128296722032208 -0.0194746219059689 -0.00387296206740203 0.096423646490143
-0.0254235436778806 -0.0110644563994413 0.0405900441292543 0.0800314350950028
-0.0296405363957722 -0.000639618352426714 0.062120280727825 0.045301022029174
-0.0372943468016817 0.00503957418816821 0.0680344867075197 0.0100057877021577
-0.0374977607857116 0.006543164753475 0.0605608844089516 -0.0205827820424373
-0.0458818380056157 0.000829059403757162 0.0619423969869265 -0.0398224018821238
-0.0486093926868217 -0.0221715844863349 0.0663311202131797 -0.0407769543031408
-0.0331016545348831 -0.0393697273837955 0.066513450796856 -0.0332669153003488
-0.00998973052827981 -0.0557171401673973 0.077325469070086 -0.0262509189992497
0.0167223697672924 -0.0635376502471526 0.0866122696436763 -0.0304021672774523
0.0407119285012149 -0.0531971985500083 0.0907960528864058 -0.0577662107487938
0.0650550307418962 -0.0344672990165858 0.0559436454034319 -0.0211697683846022
0.0457102653519808 -0.0450352084094921 -0.0162763114488246 -0.0306490148277289
0.027067130369682 -0.0424822015230501 -0.0557697590570996 0.00974066151155445
0.0011774911299482 -0.0465155777947585 -0.0592288141554347 0.0630814265853063
-0.0248625200253106 -0.0447532008207965 -0.0122277037527022 0.0860602507016283
-0.0449056284242211 -0.0280657952298352 0.0258178190897418 0.0736801711720285
-0.0510291388555186 -0.00862821645362588 0.0457163689653005 0.0446852039415872
-0.0590240610636513 0.000538625225000038 0.0499058437684696 0.0125243485055969
-0.0588848670405535 0.00257903156712367 0.0402588499974941 -0.0187578376201039
-0.0699720366934732 -0.00491566111312894 0.0399636187248484 -0.0434344412695997
-0.0747095095955627 -0.0363403191176905 0.0472812300015543 -0.0536125378320397
-0.0531442621690082 -0.0636768969294375 0.0587603001330249 -0.0489403401311239
-0.0119488827014074 -0.0909715044601416 0.0736585630616632 -0.0307852920120828
0.0361178914321378 -0.0971513563120627 0.0751828142756449 -0.0188208223752388
0.0667768368796386 -0.0757352363395554 0.0664414170909899 -0.0359596984297552
0.0880269020337532 -0.0382227394399293 0.0227335660533954 -0.00907165421440784
0.0721655787076362 -0.0630491504728735 -0.0380412836453425 -0.0238705767000813
0.04342495425628 -0.069072564849959 -0.0660294891658524 0.00858519739295353
-0.00162290736505899 -0.074211341122833 -0.0625956747436373 0.0552767290701161
-0.0381565005376158 -0.0642748686948288 -0.0227489066173077 0.0696107815078194
-0.0608414143638731 -0.0394563716086451 0.00527992005842813 0.0617920467346293
-0.0651265969518703 -0.0145056927235866 0.0232832681260174 0.0406440173466857
-0.0720473270116344 -0.0043961296087348 0.0248402550133557 0.0126308358631442
-0.0708002649045173 -0.00319949217087522 0.014431824246184 -0.0165770649707928
-0.0841906479733747 -0.0117860194492415 0.0127916153142837 -0.0441613410053514
-0.0880496245986332 -0.047323909680988 0.0243099293217983 -0.0622931866790828
-0.0631176616744899 -0.0793818714368925 0.0482821059822595 -0.061914985376191
-0.0120091921657545 -0.112119580927385 0.0686464661614437 -0.0330901373652452
0.0513085972520202 -0.114200377693097 0.0637565498547453 -0.00269267369597024
0.0848482694189573 -0.0839075315371896 0.0364034834408722 -0.00915956710093259
0.0951238027239986 -0.0380859784779599 -0.0179097853650212 0.00766491302047164
0.0832863128930556 -0.0726311906802472 -0.0625482932396335 -0.00967080904751226
0.0488936557708437 -0.0874421364579373 -0.0747739833648714 0.00933548497457151
-0.00807545427875678 -0.0897861043816931 -0.0644391356816858 0.0431815198964132
-0.0479836157317141 -0.07203168643159 -0.0360144449698769 0.04883329072989
-0.0684581420062238 -0.0427281899120264 -0.0180610382210358 0.0476726595106045
-0.0701171185345565 -0.0171765326943603 -0.00320906973383426 0.0354206405052829
-0.0746931737589637 -0.00925396038758758 -0.00275826319428847 0.0106929331291893
-0.0723674003746218 -0.010486454164916 -0.0140899721885774 -0.0162258345544069
-0.0845674112295471 -0.0213094958647327 -0.0130877389354614 -0.0450633878467639
-0.0842228363425417 -0.0567057921074419 0.00171823695920681 -0.0697493299889928
-0.0559343345829399 -0.086315234337278 0.0379892700105597 -0.0700114371588475
-0.000164038672475456 -0.114284354225713 0.0624277994393308 -0.0307773855444941
0.0645292452850914 -0.109662030102637 0.0503910104186827 0.013770435801613
0.0915750952505101 -0.0755162254231814 0.00446915829065298 0.0159775420114874
0.085722848419694 -0.031878727199026 -0.0565737905118465 0.0284559594577993
0.0773596672011825 -0.068747608539517 -0.0813218550665017 0.0111836716619903
0.0431752196862115 -0.0862258160993933 -0.0791403886231307 0.0137652612726442
-0.0128088275412653 -0.085122274153166 -0.0640889946467883 0.029430370067063
-0.0476647940417299 -0.0648803616889681 -0.0513077472469804 0.0288546873668976
-0.0635416034281545 -0.0379766859507192 -0.0427419025125359 0.035927040549532
-0.063631097913403 -0.0164113263593818 -0.0302796285948408 0.0290852106249007
-0.0659243461521497 -0.0123537511557062 -0.0303964655544912 0.00593118515033121
-0.0629335424754911 -0.0162649511147394 -0.0391311542900338 -0.0201743169161959
-0.0711768125485895 -0.0287938090493858 -0.033829385096157 -0.049882475293741
-0.0640587242323851 -0.0600647457033122 -0.0129859693068749 -0.0770108256230622
-0.0339850997193312 -0.0825586733284661 0.0321482992136513 -0.0750943076885669
0.0183977664201863 -0.0981942106952 0.0552449132975144 -0.0262431078710401
0.0719729184933974 -0.0860244311072282 0.0345600200106402 0.0250857372542091
0.0870593450315716 -0.0534144604419744 -0.0270497596775172 0.0317932768838162
0.0610807429958194 -0.0191416308535367 -0.0866096181642757 0.0489863198761597
0.0586072909115632 -0.0488555858407805 -0.091428894379597 0.0318966125714228
0.0309979091238678 -0.0650297323955444 -0.0788796738445142 0.018909775530555
-0.0122037415228731 -0.0623816635687701 -0.0624747560388436 0.0186864210674704
-0.0360300204131028 -0.044745355362372 -0.0646423385597318 0.0164412715434568
-0.0455770804590913 -0.027214233897563 -0.0623179532882576 0.0301272983504771
-0.04578548573197 -0.0129099551770247 -0.0519536718531648 0.0256121371838333
-0.0475569370190497 -0.0124000852916967 -0.0521116755620918 0.000909149193469947
-0.0449669334884114 -0.0179529428408142 -0.058658076953058 -0.0269250764714262
-0.0487151938256164 -0.0302640156518794 -0.0462793169659636 -0.0579988014582001
-0.0367631978285876 -0.0530526856638191 -0.0189170725324663 -0.0842513878659609
-0.00902337269388396 -0.0664457923908732 0.0313133457712171 -0.0768693954864762
0.033219513038815 -0.0690459504758286 0.0478322557734753 -0.0237324343764267
0.0687979556855756 -0.0501479736924301 0.0177238087501369 0.0275118555605443
0.0693339663546267 -0.0253242665978078 -0.0528461465228379 0.0373260711985389
0.0287904210380593 0.00212033405551347 -0.101799496719166 0.0654761139257951
0.0337603415981934 -0.0172883008793179 -0.0906404286751388 0.0453429063373373
0.0191214835577652 -0.0303680955521321 -0.0764377056011923 0.0233603714039096
-0.00294358198309827 -0.0281597356923737 -0.0620912497219414 0.0142732757168986
-0.012488402944555 -0.019778057353605 -0.0723692606278465 0.0134168153284669
-0.0171791228056404 -0.0164123313566571 -0.0723899114547695 0.028407937541069
-0.0202157356646491 -0.0110602995183966 -0.0656254771862542 0.0230853036092682
-0.0224359284865851 -0.0113985536058299 -0.0653470642646125 -0.00484853748467838
-0.0214182766186686 -0.0156125416087648 -0.0684544799558073 -0.0354603915961675
-0.0217970679891248 -0.022956260303122 -0.0498414223023729 -0.0675803483343993
-0.0105626438306958 -0.0356276144203815 -0.0162398960636885 -0.0907111644919239
0.00650211710509081 -0.0416181738623951 0.0329364553055958 -0.0772366640726233
0.0344899355396023 -0.0367283567186648 0.0429633833572913 -0.0237788255719849
0.0509726107889613 -0.0153475601660618 0.00622829771139143 0.0228062080648727
0.0402957919833844 0.00107587376652308 -0.0690532304206228 0.0339053390226909
0.00455544815640529 -0.0169985668424531 0.08348563006637 -0.00110991929273624
-0.0158763159301325 -0.0111201428680082 0.0127937070451822 -0.0337564382243988
-0.0170395079934476 0.00285926603284524 -0.0491181927635396 -0.00610707730509832
-0.00657231811410109 0.00851122275892561 -0.0735877445841104 0.0447416049736571
-0.00307189933038554 0.00435508783491055 -0.0367578934600887 0.0910317145504997
-0.0058453448943478 0.00400581378128203 0.0137364935557819 0.0914576907357992
-0.00776309230471776 0.00458957104453851 0.0454686945938969 0.0649042261616179
-0.0123558419006402 0.0045201837977707 0.0655820839192286 0.0359713693597045
-0.0117836274259779 0.00401586797263329 0.0717172677286098 0.00864525417921067
-0.01444440859034 0.00114678846288267 0.0804838718006533 -0.00145363856736001
-0.0145546823882446 -0.007916067369822 0.0785746992146131 0.00570390295475544
-0.0088550693406059 -0.0104030241687828 0.0698332365668638 0.010677890944703
-0.00600009544978145 -0.016937643604489 0.0800807240998069 0.0131588690508306
-5.88003009945343E-05 -0.0246174762087394 0.101895734515311 0.00520581535471141
0.0151031257859055 -0.0195503061292564 0.124282322270235 -0.0189517276615855
0.0420536089194424 -0.0111158047540217 0.075670547671004 0.000491254060925047
0.0207857671698749 -0.0170832663463972 0.00849504481674363 -0.0331279140524197
0.0109827697492208 -0.0109200136534975 -0.0503825071281209 -0.0102663191526133
0.0067216002831746 -0.0143780106304815 -0.0771125333516959 0.0393773516462187
-0.0031576273733174 -0.0230195672326748 -0.0430656538540005 0.0836131381159446
-0.0179383597627213 -0.0197888821160063 0.00330089382235371 0.0875331148834742
-0.0259893472864173 -0.0121561518527208 0.0363849224254034 0.065330633999323
-0.035202993459969 -0.00930564581173703 0.0566034914557285 0.0360729788706628
-0.0356535817883092 -0.00952099995489091 0.0616571219455961 0.0048553171383999
-0.0409747246490239 -0.0174421033558001 0.0710562178311263 -0.0122511645797181
-0.0353883886763413 -0.0388261635942292 0.0744949173938424 -0.00996813535956488
-0.0149402814310146 -0.04879069453435 0.0731052547499518 -0.002779177628079
0.0119337709270032 -0.0563295894646438 0.0799621560368696 0.00788059407037974
0.0380111615897577 -0.0522403031667849 0.0918723486619499 0.00702797303673428
0.0572020350176366 -0.0344892171722548 0.105599884532586 -0.0123596003629224
0.0747582611702128 -0.00302306918246201 0.0521477921569163 -0.00302106976963637
0.0584566883865723 -0.0204647422269499 -0.00594157029713708 -0.0372095499646455
0.0413220672389625 -0.0263072669169793 -0.0570727031528891 -0.017117546353433
0.0209685181148472 -0.0394146890542306 -0.0813590442041176 0.0319546510329541
-0.00323498591228206 -0.0500386809464662 -0.0483378336444037 0.0717100553691956
-0.0284912935475579 -0.0423273588900518 -0.00958797603975745 0.0763455470077271
-0.041461301123021 -0.027778349112316 0.0211071536297515 0.0586631208894196
-0.0533049956050555 -0.0225090037570762 0.0392734772258023 0.0315004395010626
-0.0537307187052428 -0.0207117632697856 0.042078347748101 -0.00122687635968178
-0.0618365116980028 -0.0315173088593295 0.0519726866788364 -0.0244188712182114
-0.0541667060324214 -0.0615234689416793 0.0623389043915113 -0.0293748251961579
-0.0237022432726044 -0.0784127151851786 0.0720044297593972 -0.0208966151752735
0.0218325158621771 -0.0892634011464193 0.0793858810220222 0.00195970190698421
0.0672297569651118 -0.0755793888550304 0.0787504002603201 0.0131087342748933
0.0888171023707437 -0.0448753158909103 0.0753242098180337 -0.00077474263652086
0.0970008369157096 0.00443808470163762 0.0173707294669485 -0.00765393048820508
0.0891761153538123 -0.0248079731252365 -0.0275300897936379 -0.0413880257659996
0.0671629726748384 -0.0434582824396503 -0.0671016438583493 -0.0249147548172893
0.0299437081330011 -0.0653375961933427 -0.0833938673892128 0.0227160852326073
-0.00662768366383047 -0.0724689426000869 -0.0521148169725576 0.0534444483276262
-0.0375228358755933 -0.0585704307479892 -0.0229166827787252 0.0584393653193106
-0.0518649505405039 -0.0388182238660882 0.00298947418702826 0.0465119006986947
-0.0632146528845353 -0.0323669002591042 0.0175439107116824 0.0210577017050883
-0.0623118224654156 -0.0311000471114581 0.0183670246248381 -0.00962001536471529
-0.0712165804312979 -0.0424657257111795 0.0283846804855008 -0.0357945079447775
-0.0624434951901689 -0.0758379554021811 0.0454758172901314 -0.0465324600187946
-0.0268764765073923 -0.0959405690102687 0.0680617020259751 -0.0367447433743691
0.0303737349994595 -0.107921339424553 0.0765729880305459 -0.00197470759881167
0.0870233022007952 -0.0851415522687267 0.0633175871132921 0.0234044966724697
0.107872981611475 -0.0460964211247138 0.0384433010331213 0.0124077359519884
0.104133498876153 0.00763150690860678 -0.0250336502411354 -0.0103352152353636
0.103648806387954 -0.0288686150489348 -0.055334487907301 -0.0390436019752398
0.0796414860645876 -0.0574827939214808 -0.0763316111140583 -0.0274429484729971
0.0305408417643513 -0.0810463815631111 -0.0813543388053841 0.0114757729468949
-0.0124760975624752 -0.0831278308973526 -0.0567150643876826 0.0296641530501279
-0.0428691880084525 -0.0648200060020931 -0.0389457015953383 0.0364110391241538
-0.0552227650788069 -0.0427687235932221 -0.0182106109309821 0.0300759615651116
-0.0633828748869678 -0.0368820514190716 -0.00657644492086131 0.00816389433321569
-0.0607710078163727 -0.0373895637252532 -0.00674667528261544 -0.0209684798897974
-0.0675095172189698 -0.0507230243989743 0.00560337308837419 -0.0470763603150665
-0.0553725112698577 -0.081969895206758 0.0288424742893213 -0.0618583829427929
-0.0177439525040076 -0.0991463652547235 0.0629607811973054 -0.0478981575683631
0.042071677666138 -0.105693101873256 0.0697561252405995 -0.00160936884832892
0.0975993845249732 -0.0760806278452423 0.0457067984215144 0.0344787423928955
0.111054043704417 -0.0348529377655915 -0.000307177280580575 0.0213434949721188
0.0922582227893266 0.00864064144644627 -0.067690934431169 -0.00635775759234674
0.0970316465198136 -0.0271216190914818 -0.0806290897703135 -0.0280682097512702
0.0741254036980395 -0.0585282959791421 -0.0819707465646118 -0.0248401638954949
0.0245122259670519 -0.0792703092458266 -0.0751656331291293 -0.00111811439975617
-0.0151614207737922 -0.0761753832184311 -0.0621445354498325 0.00572558918442598
-0.0401229308193797 -0.0588905792723725 -0.056282637282135 0.0158839562261339
-0.0498725120369773 -0.0392451336707791 -0.0395208483893657 0.0139008541526674
-0.054511409546705 -0.0361461729967217 -0.0295224035819188 -0.00662432093651213
-0.0499809838293461 -0.038398992217493 -0.0274577117136075 -0.034701692411807
-0.0531754980902616 -0.0521446039632676 -0.0103296685216726 -0.0592797281131062
-0.0364565113045462 -0.0777183635071124 0.018588266080421 -0.0738468421416999
0.000816668487117156 -0.0875670412585551 0.0590623118295422 -0.0544234051368908
0.0532564563480368 -0.0843433965437986 0.061181305663128 -0.000515753493362125
0.0959844010983966 -0.0510796315606312 0.0258327512819275 0.0388389529717295
0.0979433884992555 -0.0166557665173891 -0.0356209406155583 0.0226146816266106
0.064064680029884 0.00993795340885884 -0.10078847738098 0.0027400832496032
0.0716136282731328 -0.017982299953027 -0.096498299401254 -0.0122677412036311
0.0543202832334541 -0.0446891110490023 -0.0821430129777803 -0.0187354598072728
0.0153785333520583 -0.0585141492441694 -0.0679328336110542 -0.00941541808109811
-0.0129171403453253 -0.0534827051469374 -0.0678899306826233 -0.0108200311588944
-0.028966315626602 -0.0422340905366568 -0.0700856494721526 0.0019781098714571
-0.0357681275597045 -0.0295953424864711 -0.0573293659196667 0.00194726337407892
-0.0378583100996457 -0.0297710864735631 -0.0467866523344263 -0.0192011340575516
-0.0336406178231587 -0.0330894620421915 -0.0415385269663475 -0.0474682539279625
-0.0322530926443321 -0.0448921920776371 -0.0181857429457163 -0.070891025949075
-0.0139238214724294 -0.0613014106671396 0.0165849596818781 -0.0826113443900079
0.016286777996406 -0.0638075192271449 0.0591869446519376 -0.055854223861626
0.0552875294080956 -0.0518909960295558 0.05314996684632 -0.000379334233054309
0.0803446835545422 -0.0206738330348567 0.00849444573273956 0.0353530820141624
0.0717742230318849 0.00286750726933207 -0.0613255612472056 0.0160023615109069
0.0253537198435221 0.014534430347229 -0.117922028296615 0.0145337719650593
0.0367470240148938 -0.000470805040799089 -0.0993832015277883 0.0027260459323232
0.0291770773611295 -0.0189725131341592 -0.0800242257089848 -0.0129156885441234
0.00934601214757975 -0.0254159973260654 -0.0636934128751746 -0.0134031787164906
-0.0022569796772622 -0.0225297618186578 -0.0718897815843434 -0.0173638698365115
-0.0082081047338638 -0.0216512573992581 -0.076953645919285 -0.00292870287685119
-0.0135569747967658 -0.0174937499700476 -0.0677308703445826 -0.00544991578492113
-0.015286817896638 -0.0181529081968461 -0.0569431687501843 -0.0297545994025787
-0.0133848774744271 -0.0221893344456094 -0.0473430428887032 -0.0581019522143054
-0.0113010488153138 -0.0283403924207986 -0.0175197273942962 -0.0803993815618728
0.00269550142305761 -0.0361045342491912 0.0218096206329916 -0.0864545747383404
0.0211392197837659 -0.0351656768594121 0.0610845446634092 -0.0550303450920864
0.0445806003072782 -0.021638242894169 0.0488132104121045 -0.00292615419400084
0.0514208553859103 0.00429761015905981 -0.0017144030380631 0.0250558527431984
0.0358125223220605 0.0168034748869688 -0.0752545131757309 0.00443323584659734
0.00404167772831917 -0.0168967654569806 0.0817425039776409 -0.00261241010619815
-0.016049746053715 -0.0104866756174586 0.0115083853761459 -0.0340665139699044
-0.016480304952719 0.00280327960461559 -0.0489219442463378 -0.00619862223372659
-0.00615122532776728 0.00846728386347134 -0.0722159748340836 0.0447495096392453
-0.00259306151755622 0.00390962409588377 -0.0347137656799332 0.090391449955452
-0.00587003346773751 0.00381714651918028 0.0151808770890546 0.089738729547809
-0.00774145213641256 0.00480522699891324 0.0448777076526922 0.0628554341952163
-0.012703240856441 0.00490810821466764 0.0656872142251368 0.0342873930485502
-0.0121197037039564 0.00418270744090306 0.0710609803686795 0.00712858670535739
-0.0147205524713564 0.0010685318032753 0.0791818236757626 -0.00377340020616458
-0.0147641859102405 -0.00778812791577173 0.0779969498105779 0.00435457450817737
-0.0087576337123115 -0.0104505223112914 0.0698485692137604 0.0107517174165555
-0.00615132585458061 -0.0168335828247947 0.0795477000826234 0.0125099143558445
-0.00020511248962562 -0.0239326425566293 0.100301300440966 0.00390354881974355
0.0149912639073488 -0.0188491365273089 0.122284387915748 -0.0203176166389799
0.0411624716051927 -0.0113477027450166 0.0735391957271553 -0.00140402276493613
0.0202234729764447 -0.0169713418754045 0.00719098019946031 -0.0322760632053002
0.0109593386984742 -0.0113732872272054 -0.0499212415014495 -0.0102397194356299
0.00612810643906566 -0.0144425875390642 -0.076383325164154 0.0397317867177812
-0.0038223241333716 -0.0222211966577161 -0.041461627020149 0.0831199993768119
-0.0187279636556838 -0.0190682647355913 0.00448994021322402 0.0865641372252291
-0.0267736237441686 -0.0113425527771037 0.0364514359005809 0.0635250274660605
-0.0348368344283885 -0.00827579651900787 0.0565875361112857 0.0344285893506993
-0.0356124259113597 -0.00913187797379522 0.0602169117460575 0.00322576971203639
-0.0410405086186823 -0.0164670108194083 0.0693663195987807 -0.0133885985158881
-0.0360622454950757 -0.0377372872315203 0.073007340112324 -0.0115409753164335
-0.0147530380984771 -0.0481603852703767 0.0720281348150548 -0.00285145699993751
0.0106317599689474 -0.0558874617892976 0.0799092307365839 0.00753048229823028
0.0365344479169403 -0.0524349754070257 0.0902988613426023 0.00539142813111026
0.0565458318876837 -0.0345571641562431 0.103299459765361 -0.0131346890963501
0.0743830636946096 -0.00429568327449535 0.0510407631001755 -0.00381900003037681
0.0574738725804413 -0.0214018022949627 -0.0062464477575382 -0.0362026436379531
0.040950119609133 -0.0270274702847809 -0.0575397432496189 -0.0174623080150725
0.020210808829407 -0.0397335662629624 -0.0805637281110199 0.0324930230861265
-0.0044938656018242 -0.0493227064956708 -0.0472486789275171 0.0710041776108037
-0.0293793554690788 -0.0413066694534329 -0.0078168265108221 0.0755416480271296
-0.0418003410090746 -0.0267625282069304 0.0220637305640116 0.0571525636621094
-0.0534446135806946 -0.0211630014590032 0.0393867695826605 0.0300387466668542
-0.0539197962859454 -0.0203424906431171 0.0413581616802856 -0.00193582128198334
-0.0615820477530474 -0.0300568049080641 0.0501726607258491 -0.0249412210806106
-0.0554723623514033 -0.0595514920891621 0.0609344380156889 -0.0304319547307381
-0.025086591939517 -0.0769498348502745 0.0709249666175873 -0.0204269639997221
0.0196884158147966 -0.0890527150630633 0.0790393456287016 0.00169252824747364
0.0651343952215488 -0.0760895803767329 0.0781997996182578 0.0125621990173004
0.0875468380131438 -0.0452250033352282 0.0743070732498297 -0.00182522677500696
0.0967794783398988 0.00199623563347848 0.0170755676790362 -0.00768580382220149
0.0874826684854853 -0.0262896502193181 -0.028362868725869 -0.0402711095986313
0.0660857756880506 -0.0448561857993631 -0.0675768949333266 -0.0246826100871921
0.0285367851124633 -0.0649652558656863 -0.0819846115607356 0.0228766198732696
-0.0082649923509494 -0.0714634837809621 -0.0513764806994297 0.0524540475695365
-0.0390128399470331 -0.0570397593710227 -0.0216801946156024 0.0579896131481988
-0.0522300824891124 -0.0372069150079298 0.00379877364716869 0.0453727947176495
-0.0631630993904506 -0.0304686557808162 0.0170729918000846 0.0212342442805234
-0.062550875081059 -0.0295997399053072 0.017651160161819 -0.00967776627450528
-0.0714456577481124 -0.0406470558504983 0.0266179131781593 -0.0359789646153741
-0.0638935705123352 -0.0739709266489509 0.0435992062312678 -0.0475642165536131
-0.0285349404456553 -0.094374001291237 0.0664411913837497 -0.037172834827666
0.0281641424403703 -0.107340482253714 0.0760893705587985 -0.001840783715825
0.08435629555942 -0.0864659031663185 0.0625417483368519 0.023171417791009
0.106285836257215 -0.0464461342044695 0.0381464722326269 0.0115095856574685
0.103555528753114 0.00508709120058107 -0.0256244908640569 -0.00919029044057606
0.101346945211802 -0.0306675870915851 -0.0554657700684965 -0.0381534174529918
0.0776874298147728 -0.0585071268245003 -0.0765046016948814 -0.027265627118651
0.0287434624837414 -0.0811699557955156 -0.0797582396922377 0.0116685025545439
-0.0140069930490728 -0.0819072408645138 -0.0562792870884543 0.0295249587071115
-0.0441961568918508 -0.0633550712505511 -0.0380081282091622 0.037336131410879
-0.0559844212230054 -0.0415917578909063 -0.0176739507597402 0.0295936413594409
-0.0631270105333225 -0.0350065480582625 -0.00632568205023193 0.00813335767046582
-0.0610797175976351 -0.036090362157744 -0.00749674929602768 -0.0198299475132413
-0.067900593051602 -0.0486026220841123 0.00435745198552817 -0.0465907122738361
-0.0570319317910179 -0.0800480423687225 0.0274049169184463 -0.0618943483348875
-0.01923099048218 -0.0979741123045442 0.0607532499723635 -0.0483348141173833
0.0393282520075253 -0.105741054859783 0.0694463086885702 -0.0015752731951401
0.095151467912089 -0.0771019872101388 0.0450000213730343 0.0342445788845223
0.109454597325033 -0.034959735667134 0.000387582200344041 0.0208859843251466
0.091960229285405 0.00703289638605937 -0.0673367984122421 -0.00522992526950307
0.0947688931973213 -0.0293809108748727 -0.0800452271293666 -0.0261601776138988
0.0720889313113302 -0.0591941063149226 -0.0813978588733324 -0.0245231986051434
0.0227083280432833 -0.0785092157695215 -0.0742699745772904 -0.000243017002226625
-0.0174525186319382 -0.0744335098135854 -0.0621547514884665 0.00604078192794627
-0.0416369007886734 -0.0568281371566725 -0.0554765841790826 0.0171437763679691
-0.0503316607912871 -0.0377009235694113 -0.0390547836048094 0.0146438483242181
-0.0544188778692435 -0.0346039692773358 -0.0293724695958958 -0.00538210040303427
-0.0501185420069994 -0.0374888920683565 -0.0285109307104434 -0.0326323433661552
-0.0535386521541281 -0.0504114174632338 -0.0118478501162171 -0.058213368537656
-0.0377213771762867 -0.0757259529755388 0.0168536060712873 -0.0737124903452
-0.00151925234385953 -0.0863420758713894 0.0574111958436282 -0.0544289526666328
0.0502761744598719 -0.0833558653932988 0.0612850554383761 -0.000552284184369122
0.0937260468443116 -0.0526724130533203 0.0261233087759477 0.0388247962318236
0.0967519786607044 -0.0168171735010423 -0.0343671640461945 0.0220700680771235
0.0642906128430352 0.00913572636716036 -0.0995151719089809 0.0040801180573341
0.070357652860104 -0.0192132355113052 -0.0948398670916139 -0.0110884054616832
0.0527164102658889 -0.0449119575072881 -0.0815978631749377 -0.0181043642765621
0.0139198678241471 -0.0578863195410545 -0.0678171969471961 -0.0099856177347548
-0.013402769047416 -0.052139387039037 -0.0683992754613982 -0.0105452328475881
-0.0301391172626272 -0.041221217412658 -0.0697170733172924 0.00380148331769857
-0.0357067201001333 -0.0285353654082475 -0.0567808420926779 0.00252318533559127
-0.0380986461895367 -0.0278204116724106 -0.0468434854443607 -0.0182031801490885
-0.0334316477433464 -0.0327836954359036 -0.0425699010405748 -0.0454405989146758
-0.0329030875521298 -0.0433085194179975 -0.0191165914631797 -0.0696241712845995
-0.0149331982329172 -0.0604448658932178 0.0149531449640919 -0.0824317784128635
0.0155571749853765 -0.0629663960178443 0.0570688964752649 -0.0564498113309397
0.0537514235665838 -0.0515714276489839 0.053366234975603 -0.000440450723839255
0.0787336116947822 -0.022061803713658 0.00939312017020746 0.0355617680497414
0.0710248982315643 0.00221582565935635 -0.0599765800405185 0.016412404932851
0.0256529761446341 0.0137832345446311 -0.116577101893798 0.0148838703130585
0.0358361955411475 -0.0011641810787495 -0.0979298993170762 0.00329800798502715
0.0277618560504053 -0.0193474048506835 -0.0795533238915124 -0.0118890548211163
0.00877314432855943 -0.0250372935899694 -0.0638422960905752 -0.0133032672389033
-0.00234777795528181 -0.0213962231676728 -0.0724747774103397 -0.0161746767691775
-0.00941165671484268 -0.0209846695005766 -0.0760659843487526 -0.000944228477596238
-0.0138296685691147 -0.0172193247181262 -0.0670239015408537 -0.00473146444646808
-0.0155741419348895 -0.0173472532609872 -0.0569518211941899 -0.0277857691469456
-0.0138229927464261 -0.0214276432413274 -0.0482830306318829 -0.0562922330113422
-0.0116231164884252 -0.0276280036377841 -0.0182381112279141 -0.0787798529485447
0.00200157552472177 -0.0356194822594923 0.019348646309363 -0.0862259091974724
0.0200233853923606 -0.0352232275958826 0.0595343317234444 -0.0553879079496458
0.0433096840780862 -0.0222434275900491 0.0482124117749077 -0.00288302794000381
0.0511264724614523 0.00318596531769876 -0.00104208289677 0.0264776700206318
0.0350758228968494 0.0161380515321293 -0.072987843754446 0.00510585244206137
0.00383470885358251 -0.0168004508086847 0.0811119950697989 -0.00505078422342216
-0.0164918535943728 -0.00968846613245811 0.0100691768612589 -0.0340006301305703
-0.0163668557937045 0.00309772384570093 -0.0489897334972855 -0.00550865213970077
-0.00592195950633887 0.0085950918209244 -0.071891427306306 0.0463769676412227
-0.00272353624212309 0.00411199634759547 -0.0321441844849643 0.0902324803161514
-0.00552999251490231 0.0038459052110686 0.0177724865228656 0.0893590760304893
-0.00817216363361346 0.00492074107918607 0.0461599724493842 0.0620924160942032
-0.0120217662995461 0.00532317251587076 0.0670873918783886 0.0318798598339431
-0.0123944173640923 0.00403691218246626 0.0710780600408789 0.00462816660647234
-0.0145721512021296 0.00106831346929434 0.0788909445800444 -0.00594035243590758
-0.0150307390236054 -0.00743023010579962 0.0779040814598644 0.00200066080234101
-0.00899717134235434 -0.0103788175694698 0.0706355457041602 0.0102572686684936
-0.00715708309234021 -0.0166212123630963 0.0809309577986489 0.0110208063666635
-0.000705483454787659 -0.0235674403331654 0.0995166136664261 0.00194991758829531
0.0156645238659542 -0.0188295998956078 0.120354186346239 -0.0229225291351482
0.0412990300613925 -0.0126490308608593 0.0729181651106054 -0.0031918009651545
0.0196829546489322 -0.0177941114562522 0.00558893591024722 -0.0325678615448826
0.0103999262710035 -0.0123660928446393 -0.0507586281238911 -0.0102259953165719
0.00615270095480796 -0.0145608585247043 -0.0750740446899791 0.0404816031047426
-0.00453759961787982 -0.0227948255807717 -0.0391073323134357 0.0837447387720039
-0.0190432642393507 -0.0183968298933456 0.00690274137965935 0.085712004801904
-0.0269658661073757 -0.0106265787181226 0.0372227863689685 0.0624974377481398
-0.0358837548669817 -0.00698314009283104 0.0577228015286214 0.0324094673382922
-0.0361788905826822 -0.0077658085457696 0.060353201731285 0.0020973248700871
-0.0414641673005666 -0.015401748316494 0.0686046072514904 -0.0162822291691308
-0.0377266142725753 -0.0364341275883239 0.0729238003991802 -0.0134546683854192
-0.0166853802704108 -0.0480058173402127 0.0718292050967051 -0.0036062615477674
0.0088761737938389 -0.056188699573697 0.0805770945057084 0.00608338393435384
0.035412758339533 -0.0528693630909057 0.0901637412251972 0.00380961728726858
0.0561614394052789 -0.0352928689341075 0.102152739191942 -0.0157601773347576
0.0740774702036443 -0.00634013837312502 0.050785402542116 -0.00463532891784797
0.0559678157149384 -0.0228104419383217 -0.00753008896151592 -0.0361469919777793
0.0398686379224205 -0.0288406684170364 -0.0582024085075511 -0.0175236945902235
0.018772233927084 -0.0400258461463687 -0.0796357411445731 0.033368901475311
-0.00645700070498153 -0.0488728572567198 -0.0452071206080474 0.0714925954606122
-0.0308934235753545 -0.0398672754386147 -0.00579960699836588 0.0755357220590383
-0.042848595052236 -0.0252628716388263 0.0232501402195825 0.0562597903929501
-0.0536888015076906 -0.0193738489227093 0.040151681897862 0.0285872684294241
-0.0546470122039908 -0.0184937490103689 0.0413532416452802 -0.00287685901090053
-0.0628871902899622 -0.028045091344048 0.0493074433339335 -0.0268433254858416
-0.0573826553794868 -0.0577639911433569 0.0597338640537893 -0.0322697528527295
-0.0275035723127728 -0.0769004021466738 0.0698804647443755 -0.0218637154131482
0.0168317534371521 -0.0895006493470233 0.0797821760010988 0.000606336600780193
0.0626549236000801 -0.0775871673312648 0.077596373227481 0.0115591939475344
0.0870332513575046 -0.0470735966619158 0.072864127588453 -0.00321680145288265
0.0971927735002713 -0.000959026712349198 0.0165633195277896 -0.00824786105412631
0.0859794301052107 -0.0293962795574961 -0.0294045825116518 -0.0395945479949565
0.0646615615193022 -0.0474397674398368 -0.0686618873680901 -0.0239746308424448
0.0264602275384944 -0.0654773616727717 -0.0816776045375147 0.0247517937563025
-0.0112262650232091 -0.0705863699855267 -0.0502416656619904 0.053326623031842
-0.0410472428175043 -0.0557011086540459 -0.0206709404771948 0.0589390486108558
-0.0534389250473669 -0.0359342817874917 0.00464529550826632 0.0449003620316888
-0.0638573860201351 -0.0280546909460466 0.0177257170088846 0.02010303540915
-0.0638464112397649 -0.0281818669347206 0.0170567048999399 -0.00970219038927798
-0.0725295339555948 -0.0385444895137233 0.0256246468859704 -0.0363328432918625
-0.0665749495057696 -0.0717521345058134 0.0418294763445052 -0.0485709994354006
-0.0312384996296036 -0.0934376085434331 0.0650072450656786 -0.0377585557904144
0.0239871702814535 -0.108333493373779 0.076543149002699 -0.00276641086147432
0.0811316138915577 -0.0882169158011902 0.0636155211298154 0.02299319391544
0.105261766582606 -0.0480182325091182 0.0379403460799775 0.0108076316216139
0.103998769446728 0.00223754633454648 -0.0257196249017586 -0.00837194769412294
0.0998423621102678 -0.0335327243698641 -0.0566148923959491 -0.0360136137798411
0.076258232112264 -0.0609994924185284 -0.0777028371474881 -0.0264211590974407
0.0267020829149026 -0.0818041392129693 -0.0792496734154967 0.0127330261441797
-0.0170289609007973 -0.0805400703464974 -0.055962729172945 0.0299206114516192
-0.0464759947528487 -0.0609739914736342 -0.037154934585528 0.0387444652738002
-0.0572477664798987 -0.0397556613437837 -0.0173430859288775 0.029952744985409
-0.0642710613115839 -0.032881939849047 -0.00652211148229878 0.00860108797556623
-0.0625833766660836 -0.0346737816099397 -0.0081890907744231 -0.0192586829501841
-0.0696872589026599 -0.046155933738603 0.00266257244830892 -0.0463639630170926
-0.0601501798766485 -0.0777975017393024 0.0246901855730173 -0.0626204022998773
-0.0222791996624846 -0.0974322908974891 0.0591733218988576 -0.0493184080710994
0.0357390533702841 -0.106276554268672 0.0696040631909844 -0.00276380579273559
0.0921224611864328 -0.0797187119491283 0.0461304377841633 0.033967736869675
0.108679409848569 -0.037436148126263 0.000634672746585438 0.0207756005798541
0.0927057224814861 0.00450681259113591 -0.0676672309602656 -0.00383697678494071
0.0935130726011861 -0.0320638386018662 -0.0803612503517046 -0.0247126884752946
0.0697920635508817 -0.061441907611216 -0.0826492336136052 -0.0234560375247602
0.0199541689517345 -0.0792178095276838 -0.074135132344046 0.000463265695998452
-0.018911334548106 -0.0741009701021894 -0.0628687931239805 0.00662003214501697
-0.0436503462252675 -0.0554029102956387 -0.0549997494373781 0.0190478475160488
-0.0517764504781676 -0.0363624127948631 -0.0392175740339994 0.0152098313408799
-0.0553752998001838 -0.0330319797491159 -0.0296190783379252 -0.00461081044580189
-0.0517711682249369 -0.0364566199334607 -0.0294686012373437 -0.0311145826356963
-0.0549409368420989 -0.0484817721445281 -0.0134904140247949 -0.0575117646237059
-0.0406717003541271 -0.0739405002496855 0.0147342561807334 -0.0734729600440776
-0.00324971126853617 -0.0861626072517658 0.0554553011905884 -0.0559138079299565
0.04740924213684 -0.0852351543216116 0.0615502738985428 -0.000894857757351679
0.0916922217054367 -0.0549736166505871 0.0274090812175282 0.0389024924229055
0.0964136386892515 -0.0189052920535332 -0.0341379400459173 0.0237269994655104
0.0647456190474631 0.00695969244048802 -0.099382723243562 0.00675832852008294
0.0689231727962174 -0.0212859341242157 -0.0946335868568841 -0.0086455380042377
0.0513174203829524 -0.0467172299347312 -0.0823320015617738 -0.0171500984879902
0.0124553025758007 -0.0577165291907317 -0.0678127879236005 -0.00938054923252428
-0.0151603680308502 -0.0510718531560559 -0.0694775778575313 -0.00888324565956866
-0.0312952182306354 -0.0398728080973813 -0.069448926855034 0.00656914222092703
-0.0373582362938467 -0.0276632594745608 -0.0568142934703036 0.00418619435702157
-0.0381510303167949 -0.0264048704218345 -0.0479215172320794 -0.0162980409376665
-0.0343317563346313 -0.0318654232116054 -0.0444899955256034 -0.0434176505557021
-0.0338373860475404 -0.0418329900188509 -0.0213447200640664 -0.0689340382649537
-0.0171367910747185 -0.0592122905932478 0.0126073709219158 -0.0825051526724078
0.0131617765949595 -0.063295204551025 0.0557069255960597 -0.057917504375877
0.0515190850388516 -0.0532537320584642 0.0536305134807536 -0.000739115191428747
0.0773703652624005 -0.0241237090868951 0.0110759509822568 0.0356411426271708
0.0714189399519465 0.000929409441508782 -0.0593292319255657 0.0175013682230492
0.0268300542902884 0.0132362020458094 -0.115879923719811 0.0175898079455622
0.0355301256176159 -0.00227201197280442 -0.0969596512610223 0.00462876786659843
0.0271225575422484 -0.0198501401106179 -0.0801764361208457 -0.0107240734550639
0.00784508954529819 -0.0246491006531633 -0.0642175603679254 -0.0130912648820234
-0.00308155888832194 -0.0211105590268857 -0.0733667251518239 -0.0146659911978222
-0.0094595743939215 -0.0207102497413031 -0.0764279044798274 0.00122795762274665
-0.0152273628363855 -0.0171698208190275 -0.0673988849568035 -0.00268274488891915
-0.0157118529689332 -0.0163051697783792 -0.057646573023426 -0.025739341440344
-0.0142545710043948 -0.020748018832417 -0.0501600194673016 -0.0541746657275106
-0.0118979410736802 -0.0269838073577561 -0.0206676516444599 -0.0778222524759121
0.000956945811105195 -0.0354720330240925 0.0169755368980548 -0.0865505305806222
0.0193447579724642 -0.0355365204132191 0.0577429437317489 -0.0566236229901498
0.0426731093813112 -0.0225253256216223 0.0479763463629624 -0.00334092870465419
0.0505852663696118 0.00264803876536989 0.000648022422646547 0.026299592495697
0.035633397266564 0.0157264217202288 -0.0724902979987321 0.00655340587856899
0.00321807853297269 -0.0168669106791334 0.0794657376201914 -0.00863689685761719
-0.0166691053659354 -0.00908435670826629 0.00830677415310735 -0.0337276330123425
-0.0159940455136376 0.0038812406736657 -0.0490895157718731 -0.00412177903988537
-0.00548575387121445 0.00877339388338322 -0.0686085852461084 0.0485162385090193
-0.00262917482281316 0.003911292695799 -0.0275019040703925 0.0907875881287092
-0.00554989647590017 0.00429702576983517 0.0214723667016428 0.0859957689068752
-0.00706476649438085 0.00576197765588316 0.0481592570428291 0.058982726142068
-0.0120637976078024 0.00552641875179309 0.0671085924869495 0.0283062092555663
-0.0117177748814529 0.00484148996796098 0.0702459824172802 0.00171199121731377
-0.0147246419686199 0.00159493162713868 0.0776510606876319 -0.00981670177123356
-0.0154840577951934 -0.00670728327091851 0.0773294419679283 -0.00143822299382709
-0.00926746066385689 -0.0093615882398467 0.0702085034325846 0.00772776819685953
-0.00777832796089292 -0.0161332097178455 0.0806891930419862 0.00768773590795539
-0.00165770526194928 -0.0229005023319495 0.0981966325126109 -0.00212605542874925
0.0148290554939388 -0.0196312122023151 0.116849143734601 -0.0270413543022642
0.0403354522939422 -0.0147936960718161 0.0719273761425099 -0.00613191929478824
0.0181424135612198 -0.0184316282894658 0.00384958411790622 -0.0318911405016803
0.00934152853918835 -0.0131211839952933 -0.0511256595257844 -0.00824490675453197
0.00541056398320958 -0.01484100240784 -0.0724701070769873 0.0428613133597915
-0.0060039810237988 -0.0221087601648486 -0.0352029769852541 0.083934267935668
-0.0196050046175106 -0.0171285366047049 0.0103777573265773 0.0840862143853705
-0.0272900029729496 -0.00842244279638416 0.0395456415368652 0.0596632169503643
-0.0356170057667644 -0.00504873586246031 0.0582521947257144 0.0291585668588069
-0.0365071851551029 -0.00646869556971813 0.0593294891569867 -0.000446665015765819
-0.0416889328126558 -0.0133082571978357 0.0668467559111348 -0.0187815751568103
-0.0394742609860517 -0.034147622373489 0.0719675915571017 -0.0165360486911879
-0.0185657171390598 -0.0467062438757553 0.0714073317995227 -0.00586036872507672
0.00626268331476434 -0.0561738786708419 0.0805462646411058 0.00305796182939082
0.0326863997354605 -0.0537653720359611 0.0885613588617137 0.000637013818712154
0.0549370371543243 -0.0373346609898822 0.100036859708783 -0.0194216336323384
0.073514682270438 -0.00976423152822141 0.049627580836299 -0.0068662788825999
0.0538343982172786 -0.0256120120362139 -0.00932884389395785 -0.0345668130720744
0.0383584939654476 -0.0307749741421819 -0.058805726461424 -0.0153915892686047
0.0164418003301471 -0.0404399512428645 -0.0768267858258312 0.0358677655636491
-0.00892561046498624 -0.0477236261071844 -0.0418129585252389 0.0725316500870616
-0.0330472385199872 -0.0375103488907381 -0.00227010351868942 0.0743377427977719
-0.0443935029566139 -0.023079196867085 0.0252884374128203 0.0542718546289024
-0.0544264545051139 -0.0156099864701952 0.0410413568384743 0.0266799891456966
-0.0552816597441159 -0.0155973719339388 0.0403721450327486 -0.00440705411386217
-0.0640070792035677 -0.0246946218989967 0.0471588197363723 -0.0283294671320929
-0.0602699111412089 -0.0534036014696107 0.058036406548206 -0.0344756097043128
-0.0310513848568832 -0.074617280697192 0.0686794166998465 -0.0235202069262932
0.0119434240481085 -0.089593305979981 0.0794031079286918 -0.00243986386993489
0.0582664625042854 -0.0799700753250066 0.0771330091782969 0.00866268288764451
0.0846772086667919 -0.0494624658351849 0.0720397267756191 -0.00661518608430074
0.0961068981513752 -0.0055149481554809 0.0157853104023275 -0.00796767917403036
0.0829339112355275 -0.0328964482454964 -0.0314142529000266 -0.0371666487688477
0.0616402884313504 -0.0503152527720166 -0.0693330777010809 -0.022073895822526
0.023329021561562 -0.0663733827344847 -0.0793660038993357 0.0273006911667052
-0.0149964740161832 -0.0687632497623018 -0.047781757348687 0.0546299460190586
-0.0435094932468278 -0.0528508839130604 -0.0178606237322471 0.0591284778500339
-0.0556959879166641 -0.0322151047891771 0.0063848551418892 0.0436263969049287
-0.0649838565769954 -0.0241358533014962 0.0187898573030159 0.0192342272364765
-0.0644605706601944 -0.024998202288738 0.0159645420898465 -0.0100008512226159
-0.0742554383446208 -0.0346831681507756 0.0233465478517716 -0.0369029166221788
-0.0702243621456453 -0.0673189856580161 0.0393529988648686 -0.050125042369401
-0.0354979247994028 -0.0908513598571019 0.063140162781849 -0.039320382240429
0.0181877502615884 -0.107439628557641 0.0764345751705992 -0.00523542776090397
0.0760356159190411 -0.0911287686145998 0.0635236670564467 0.020633339817568
0.102775737739844 -0.0516079865361563 0.0380618045724098 0.00907562206152645
0.103191826831178 -0.00275310794844013 -0.0260409177679351 -0.00662084935041754
0.0966822216839867 -0.0378124410719938 -0.0569782363223962 -0.0335798950592048
0.0722720993997721 -0.064608161865334 -0.0791153299706727 -0.0236228665978613
0.0223563218559631 -0.0820782596302149 -0.0779572785667588 0.0156401816150418
-0.0209919977136895 -0.0785553915397302 -0.0552767706955293 0.0316059020897285
-0.0491393120566666 -0.0575951969214325 -0.0353523926904415 0.0398543018791772
-0.0591929491943591 -0.0361280016582248 -0.0161268047824099 0.0300891953568827
-0.0654145738326628 -0.0292023358976472 -0.00603339724539128 0.00888195724334013
-0.0638999825179978 -0.0316278725122617 -0.00971857289556973 -0.0177096465878179
-0.0710825514528226 -0.0421123175719214 7.22903596441721E-05 -0.0456741038680761
-0.0637212393730614 -0.0736591549767405 0.0217188005725805 -0.0630868713533177
-0.0269804888983732 -0.0949821086325099 0.0564648771865032 -0.0501606628344672
0.0296708735710755 -0.106278745129817 0.07036008561711 -0.00491259575068439
0.0874802101127521 -0.083328923149205 0.0476938353278007 0.0324944567484279
0.106570527207102 -0.0416028716192552 0.00110107006592167 0.0207612426088716
0.0920357077998972 -0.000162116772032748 -0.0670757635607762 -9.6970276480743E-06
0.0905488999588712 -0.0357523018585606 -0.0801292917584067 -0.0204954216450364
0.0664702765822911 -0.0648530543885752 -0.0832584029020113 -0.0202507485082933
0.0164820011519981 -0.0792059868522708 -0.0734577448401906 0.00243899574377067
-0.0228322229349894 -0.0713503019354429 -0.0629852369599593 0.00860051863974266
-0.0462790171593909 -0.0520024297184898 -0.0539215020467324 0.0215962456305998
-0.0531469956881246 -0.0333587811221829 -0.0376922690981205 0.0166621037742061
-0.0562091168309137 -0.0289205799437041 -0.029542151330249 -0.00310429062197944
-0.052856757015395 -0.0338529089180297 -0.0312102731703725 -0.0285188768716437
-0.0569691221973663 -0.0445209106586377 -0.0164260686687289 -0.0559523470917016
-0.0438107576200033 -0.0710631570538322 0.010927992444227 -0.0739681012746218
-0.00778091316561879 -0.0846495159216988 0.0522052415195048 -0.0568905028688842
0.0429998545567902 -0.0862926169400678 0.0612595443407777 -0.00218790092258674
0.0878521795951433 -0.0585529539770582 0.0291090226748437 0.0385374978051158
0.0948194757217068 -0.0224760754846342 -0.0325962898876464 0.024399944445049
0.0645819268733792 0.0041729739066055 -0.0984705803051357 0.0106845277659705
0.0669914640180344 -0.0240353060564038 -0.0934671047343984 -0.00472784883522181
0.0481968132124825 -0.0485167740684495 -0.0827606361605658 -0.0140533315933095
0.00963876778314438 -0.058046858210894 -0.0678448518701035 -0.00723805102116719
-0.017863067222691 -0.0494771668281484 -0.0702927243826036 -0.00629338009869965
-0.0326712405565971 -0.037629315630848 -0.0684250083860384 0.00958149161659786
-0.0382286542016911 -0.0254143626016047 -0.0563341190448034 0.00655469572765745
-0.0391706004454065 -0.0239159792601942 -0.0484608553154431 -0.0141108977635906
-0.0356603931001085 -0.029379188026541 -0.045646063846418 -0.0404937776601679
-0.0353051912834129 -0.0395668954074748 -0.0248163023760352 -0.067100756947881
-0.0196255264536047 -0.057378733871308 0.00809262415055752 -0.0822385520959501
0.0104366699378162 -0.0631832639057936 0.0518137073888901 -0.0593543684436151
0.0484736702134895 -0.0547436591458881 0.0530010521319301 -0.00246409438578994
0.0758714534562059 -0.0272606681631928 0.0129250985245529 0.0351384327953801
0.0710453211816661 -0.00220041498754366 -0.0576852661203363 0.019803310220486
0.0267416331069571 0.0113834693636084 -0.114085603776797 0.0221762171189136
0.0352260951202346 -0.00352070986188119 -0.0954288865087063 0.00825142841309072
0.0255738479330472 -0.0208336270520142 -0.0798102248443223 -0.00789821258220674
0.00650267556298266 -0.024436524546256 -0.0641910280491606 -0.011278601566259
-0.00399521638610047 -0.0204178628154611 -0.07459600757991 -0.0116930290248062
-0.0108361527131564 -0.0195130722301229 -0.0757678974196674 0.00476011108642184
-0.015379441232751 -0.0155130838927878 -0.0668610900303162 -5.88995914203699E-05
-0.0158553608634326 -0.0154456555473201 -0.0593122147578221 -0.0225486692713633
-0.0146660277361903 -0.0200060022172403 -0.0521121597719764 -0.0505141243553842
-0.0128349971210132 -0.0254445301423656 -0.0242313395497984 -0.0756872975768176
-0.000458173792924078 -0.0349587283442252 0.0132254478413718 -0.0860339894454928
0.0177768490758679 -0.0354866835605119 0.0542007076616729 -0.0581807797333525
0.0410971161877467 -0.0241586361475289 0.0480745113438252 -0.00412707395039504
0.0503503365749518 6.34708311348304E-05 0.00219387004713958 0.0266574292778237
0.0359310378063505 0.0135551195962304 -0.0710023480538187 0.0095353339322363
0.00234627462234674 -0.0164056521242846 0.0756743045110146 -0.0113433623216056
-0.0158071430511538 -0.00785123835433964 0.00663690969300886 -0.0330361017199291
-0.0152126040113368 0.0040362966672954 -0.047793621817796 -0.0025137992110164
-0.00455014050432834 0.00869605502357251 -0.0647161376981748 0.0484267155507107
-0.00257706924864223 0.00372961227741411 -0.0225224033491951 0.0884441571562726
-0.00548694858156616 0.00473943775260303 0.0244453252158472 0.0818558779944397
-0.0067143711472215 0.00590173286923483 0.048680472851448 0.0545611692664087
-0.0113011225320982 0.00671801271236686 0.0662388827573117 0.0236081860386523
-0.0111783564318396 0.00522604532268806 0.0678827738355882 -0.00180381143449701
-0.0142315491443564 0.00242755930453194 0.0740626565754628 -0.0133348880399478
-0.0150937930159257 -0.00574506229936054 0.0748969031909417 -0.00514156185730677
-0.00867365726512629 -0.00928149099082633 0.0693004600311274 0.00580123323961912
-0.00808384945986233 -0.0149808441943464 0.0784325228453998 0.00408658590284271
-0.00236018631954024 -0.0214931910643722 0.094150963909177 -0.00569653163413018
0.0136842301730427 -0.0194512840859074 0.111338411282768 -0.0305656709283308
0.0384095035578685 -0.0161004222452637 0.0683517293009853 -0.00858331346299789
0.0167620314674674 -0.0183505684958474 0.00219162335266252 -0.03111361222033
0.00807518079521389 -0.0130222121962988 -0.0501986816270077 -0.00640934926960914
0.00479665302156061 -0.0143426542773531 -0.0686105519522431 0.0440902587070629
-0.00694583317576537 -0.020359835747515 -0.0305453717946111 0.0821788007092517
-0.0202354290964572 -0.0154039869605759 0.0136347859093877 0.0801418540609273
-0.0268208996029768 -0.00698075189085122 0.0405624578095244 0.0557207719311751
-0.0348353012051891 -0.00329561405566253 0.0577249274142539 0.0253226912851402
-0.0357569009179454 -0.00453407505672965 0.0570209169005371 -0.00308844705198986
-0.0414164394598037 -0.0107541519546222 0.0632623422548901 -0.0214717031417953
-0.0399610929393354 -0.0305790249131755 0.0687613919826041 -0.0195574905821261
-0.0203658231444265 -0.0440598062842647 0.0693790928343631 -0.00728608183844168
0.00315581328674457 -0.0539204401737474 0.0786757424250137 -0.000474852722141543
0.0291846704501844 -0.0527439185804516 0.0851382677469248 -0.00222380931799139
0.0514072097130716 -0.0380132931719387 0.0953492966036725 -0.0220312755090677
0.070448770833137 -0.0127267634573673 0.0474551931871242 -0.00847609093011626
0.050588171967479 -0.0269840780681831 -0.0102689235144834 -0.0329956702798149
0.0348031039004482 -0.0314324828871981 -0.0581562160105017 -0.0137080072606212
0.0148028948427575 -0.039712600069732 -0.0731706210501993 0.0371543269647398
-0.0113710005242391 -0.0450716405694066 -0.0376797891399552 0.0711702700220907
-0.0336031952189996 -0.0341922772129858 0.000501806755991974 0.0718980171169778
-0.0439782628006675 -0.0198430327526737 0.0263670859548889 0.051576678415644
-0.0535157348207491 -0.0124224141299305 0.0413923701625503 0.0238306440531545
-0.0541544165188172 -0.0127927419899259 0.0383629836924417 -0.00543042109896836
-0.0626251574519203 -0.0206558836429004 0.0437530744271283 -0.0297911819624066
-0.0611067468644315 -0.048758980360278 0.0546340481684765 -0.0366617217829393
-0.0331511899189359 -0.0708757231252776 0.0658792683230668 -0.0246887708181687
0.00773480177303872 -0.0862432849600981 0.0774265783026555 -0.00474409555787496
0.0522749893996988 -0.0791875437573651 0.074704791158132 0.00624781669861601
0.0800699738916142 -0.0510670483959726 0.0692146066810728 -0.00838830237589643
0.0926144888891008 -0.00956535484080644 0.0149513004937165 -0.00786222547005628
0.077755661421661 -0.0356307692322456 -0.0311595977981688 -0.0345095523964258
0.0566564396177599 -0.0515200535297385 -0.0684754626364492 -0.0189787535639697
0.019536219845873 -0.0648309810620948 -0.075850527359565 0.0281835970297914
-0.0175213718530578 -0.0651820081732369 -0.0449283755279759 0.0536967400290856
-0.0446757820778113 -0.047619181314925 -0.0146974027300877 0.0577470090497243
-0.0552556269180393 -0.0283717190169829 0.00782921294998213 0.0425502161596676
-0.0633813461519589 -0.0204071124544217 0.0194146088828262 0.0175052943994084
-0.063719683995957 -0.0210980779737135 0.0150462858956503 -0.00970023811106286
-0.073192800206996 -0.0297297073020545 0.0200846951821689 -0.0363214463540623
-0.0712194957576942 -0.0607854178185128 0.0355825133276354 -0.0506951192841084
-0.0384390329777017 -0.0863729554161896 0.0584885545235641 -0.0404168082462535
0.0126998356689498 -0.104922571566323 0.0738028494250614 -0.00754149335351252
0.0689358192789309 -0.0909860836047294 0.0626058187019639 0.018420306103262
0.0975227090423085 -0.0536131155977397 0.0367878638499541 0.00731664134259548
0.0996625266536952 -0.00706389088286051 -0.0251632611340062 -0.00514286120816576
0.090322223542639 -0.040625941202109 -0.0558374452672712 -0.0290361151863021
0.0658527453548241 -0.065527848042911 -0.0774552333010976 -0.0208096077405496
0.0178331488948631 -0.0804476555973252 -0.0746251963391037 0.0168639739272847
-0.0240491518444013 -0.0740816074466654 -0.0531367798670026 0.0323381428447005
-0.050859571522093 -0.0528061705984333 -0.0326132806820598 0.0401374946286709
-0.0591713678234161 -0.0315445713108952 -0.0145901692214525 0.029927871206575
-0.0644041184409169 -0.0246853553938875 -0.00538443786818405 0.00843397218105873
-0.0633248450739329 -0.0270242504107419 -0.00983058200031664 -0.0163592144694716
-0.0710474712339512 -0.0369027609963968 -0.00203814850716361 -0.0437395822073422
-0.0647260661287483 -0.0673478200551502 0.0178614646733134 -0.0623252648320758
-0.0303609689829886 -0.0906113740733518 0.0517293416289769 -0.0503699029746377
0.0231213327941514 -0.104001263041149 0.0677832030547846 -0.00676524418093637
0.0797027841846168 -0.0844129816252085 0.0473431745165898 0.0299503823701576
0.101154914490203 -0.0439709916142207 0.00245717281278618 0.0206246739006444
0.088636474652251 -0.00395642066491881 -0.0644887242557184 0.00309526613824923
0.0848869682187534 -0.0381907709748935 -0.0779515625978437 -0.0164208658236694
0.0605524170022258 -0.0652426042727716 -0.0815782502525871 -0.0166859922544711
0.0118481690492599 -0.0769526765232785 -0.0705779384390547 0.00421973924911305
-0.025362943325656 -0.0677318870470851 -0.0614462258564821 0.0110425788258387
-0.0470562655948543 -0.0472345546298105 -0.051414244717558 0.0238739158851889
-0.0531889882470541 -0.0289300022774337 -0.0360040723481594 0.0173510659000187
-0.0555543164784667 -0.0255319779718482 -0.0288312367592911 -0.00181610352494772
-0.053142691055442 -0.0297082421520014 -0.0310276000643985 -0.0259580577090395
-0.0566237650765306 -0.040428531125882 -0.0187087586127446 -0.0529241569438009
-0.0458135551246116 -0.0659668793410879 0.00634416390149285 -0.0721603227730906
-0.0115168560800015 -0.0811018487798625 0.0475272108899671 -0.0563684242809812
0.0372200379103666 -0.0841707010928254 0.059893594818478 -0.00443100833059858
0.0817460003222936 -0.0604337435937766 0.0300724487884295 0.0363349151046942
0.0912484079176482 -0.02501737721708 -0.0299792723619292 0.0247104799884036
0.0624087650905429 0.000664720445124917 -0.0943891347645498 0.0140157372503795
0.0626822971203768 -0.0252908320963339 -0.0899455686186294 -0.000991883060509653
0.0441350335586308 -0.0493597818687511 -0.0810306259902121 -0.0102336194211988
0.00632894004315412 -0.055665798934644 -0.0657648848517834 -0.00522709824300872
-0.0193171096533513 -0.0467238711723464 -0.0693675024622846 -0.00384193156856806
-0.0340848241870148 -0.0341445011981576 -0.0658562115766022 0.0128722946122015
-0.0386611478332717 -0.0221951955838088 -0.0542500468277251 0.00844081070796205
-0.0382535703560886 -0.0208796667844909 -0.0474482336138152 -0.0112554800154386
-0.0362526393870538 -0.0270781657893206 -0.0464732432115085 -0.0355490888062197
-0.0357118767005697 -0.0357054128575748 -0.0268855202335545 -0.0630419353753459
-0.0216812903276489 -0.0539012700593774 0.00393122252120716 -0.0798118599155969
0.00720591541082052 -0.0610891213401781 0.0477016994343402 -0.058787776103675
0.0435302817705222 -0.0539636198636582 0.0515101646150982 -0.00378298972850952
0.071657899227913 -0.0291942499195132 0.0138849617921775 0.0339950392548045
0.0680917431883251 -0.0045972360381945 -0.0543468501593069 0.0207134734554694
0.0265443464171073 0.0100075153739228 -0.109637035426556 0.025766277590579
0.0329101260867857 -0.0048941814603883 -0.0908544260318179 0.0111540841390912
0.0236630106402234 -0.0211976320807783 -0.0773281564068139 -0.00456524197828273
0.00521819853293163 -0.0241397703366414 -0.062974921855536 -0.00949246057141735
-0.00459354813586904 -0.0191885328662454 -0.0733061627437937 -0.00787728158560869
-0.0113799181419196 -0.0180759633902719 -0.072710787445318 0.00832497933791137
-0.0159643518782672 -0.0138298929323019 -0.0643347998138655 0.00344741776614077
-0.0157827194293188 -0.0140041577720972 -0.0584201544549368 -0.018977409046089
-0.0149664258591196 -0.0184762341340149 -0.0531442963338879 -0.0455886388707978
-0.0136092634950958 -0.0237487800004821 -0.0266477276921576 -0.0725144415998871
-0.00208525108812147 -0.033732994560513 0.00906898602254807 -0.0835363935986361
0.0154241182220134 -0.0353589679882126 0.0501512222762589 -0.0576130681964644
0.0378378771876156 -0.0247901057485281 0.0459581339879531 -0.00516085374343716
0.0483374466430862 -0.00210749695093939 0.00363568954477957 0.0259360503016802
0.0351483356285022 0.0119472989850331 -0.0674974220955784 0.0116183990455947
0.000912800404577626 -0.0164050719984526 0.0700145543665229 -0.017754131623022
-0.0162718684826615 -0.00588093613007682 0.00330766545686849 -0.0313137223235601
-0.0146739043912521 0.00571029031152654 -0.0452580531591903 0.00225081107175905
-0.00328171983051617 0.00828608501870379 -0.0553631201843941 0.0537307209619041
-0.00269322051812174 0.00355291399636903 -0.010283065161787 0.085323083889081
-0.0039460700174606 0.00487882051683863 0.0314420493290408 0.0740962903794206
-0.00552123940978353 0.00636295730026676 0.0526472787383807 0.0470079582814038
-0.00989507450720934 0.00755062678489114 0.0640243971661185 0.0147768788314939
-0.010720061931007 0.00589332830323266 0.0629465094852834 -0.00862355550707271
-0.0135247054403373 0.00343011842983784 0.0674102632578861 -0.0211069277409506
-0.0155373679431631 -0.00384109795670194 0.0702839271346747 -0.0126764236965962
-0.00986254176291671 -0.00810963816489386 0.0660981934527237 -0.00139312822823977
-0.0103280738204644 -0.014058176393946 0.0739524856557671 -0.00436130534256214
-0.00476622089549444 -0.020451630306644 0.0870289967314868 -0.0164042741372515
0.0104465393987298 -0.0210882732708939 0.102426019562565 -0.0407789544415887
0.0354101519096001 -0.0207292080087589 0.0608015295705729 -0.0135319320206233
0.0134381668181398 -0.018731470851091 -0.00157874600660732 -0.028382891267911
0.00539567023423592 -0.0129852505465369 -0.0488533697808908 -0.000848011762626686
0.00293152983548115 -0.0138250132715019 -0.0599188616503774 0.0501501727632315
-0.00906002381669718 -0.0185669549777557 -0.0195044325353623 0.0817849247411345
-0.0203134152559957 -0.0121020848321088 0.0209931893135915 0.0746806032650183
-0.0257831193623329 -0.00337278669125543 0.0444464800976889 0.0490823609427469
-0.0328416295549645 0.00102171890316776 0.0571084145507039 0.0169843551268214
-0.0345990065079611 4.58661239960047E-05 0.0530910429143246 -0.00823721305627287
-0.0402284617070553 -0.00585028148440622 0.0557273179830838 -0.0269852898687974
-0.0416797910101312 -0.0238276507405327 0.0620402812368174 -0.0249648797014227
-0.0242512415075304 -0.0395102607920518 0.06363295860461 -0.0143707428171457
-0.00438523269411884 -0.0510637164531291 0.0727090981490895 -0.00943152203874022
0.0203322659363728 -0.0525728539519402 0.0795185747877792 -0.013980748799668
0.0430994624622244 -0.0417503672481336 0.0885268702512448 -0.0318497419682451
0.0666939858459994 -0.0212787463523297 0.0382539462835962 -0.0108201228702571
0.0444113756870011 -0.0303902241777113 -0.0147307820146343 -0.028944197730597
0.0282312561600381 -0.0328073476425678 -0.0586032454443468 -0.00560662138298145
0.00969039953140485 -0.0382977976563719 -0.0654447821264355 0.0443573560495073
-0.0155791725925715 -0.0405196871272527 -0.0279526772247177 0.0728242884406657
-0.034906699256208 -0.0280922197886114 0.00780752488857846 0.0696627399806443
-0.0427781571719299 -0.0130163074063905 0.029648845047762 0.0474399760127054
-0.0512759484415615 -0.00578979976424523 0.0409643582777111 0.0172579285524769
-0.0532575306312537 -0.00609323139538786 0.0347813628513093 -0.00856479065654437
-0.0610431010926829 -0.0126350088518544 0.0360940416851042 -0.0321378065064315
-0.0627746530109561 -0.0377900058798035 0.0460408315593203 -0.0393328110831093
-0.0388517624066918 -0.0622950915810858 0.0577420855137196 -0.029872467120268
-0.00449889817046293 -0.0814691931480007 0.0707007688106599 -0.0146553367447858
0.0389783825324768 -0.0791896418156106 0.0712268276703929 -0.00633749751998403
0.0673433826433443 -0.057070731261018 0.066700283102351 -0.0166600167448908
0.088137491824119 -0.020942487676225 0.00572642935383107 -0.00675535071948839
0.0688617266934207 -0.0406842930494871 -0.0348127561421609 -0.0276039721733023
0.0469029083731922 -0.0542988613212815 -0.0702654104921398 -0.00870418778302635
0.0117257824119199 -0.0625706277249499 -0.0696823987482704 0.0373262567887553
-0.0240964930041404 -0.0592023408421428 -0.0369981212612402 0.0587468169682435
-0.0465865919611064 -0.0396614154524308 -0.00785802580356287 0.058718154881634
-0.0545203724354448 -0.0203765506920671 0.0111450866343134 0.0408671742527547
-0.0614073706853798 -0.011762351134776 0.0195481761634899 0.0139532428917998
-0.06310539413426 -0.0124040086170301 0.0120417357100252 -0.00974261481085875
-0.0719835757467941 -0.0188673391285522 0.0128792296072923 -0.0356825151052302
-0.0737301706915106 -0.0482638382323893 0.0261678665610883 -0.0500628711214385
-0.0458379053965898 -0.0759915302487383 0.049114072257258 -0.0437047937335077
-0.00212786922191884 -0.0988632575598944 0.0672864112841356 -0.0170020220557158
0.0525489720011229 -0.0924264367652516 0.0615419019165944 0.00537274348223364
0.0833260710323449 -0.0613159328407547 0.038509982601926 0.00197314172239416
0.0951811077096878 -0.0194551830477987 -0.0324048040220217 0.000473673869286746
0.0801879755821575 -0.0467932679071273 -0.0578459761175421 -0.0197264942184315
0.0543358012248064 -0.0686592713060621 -0.0800391026099808 -0.00853258161958595
0.00854063463265318 -0.0761293072556254 -0.0703118426780003 0.0265576797970241
-0.0305071324663218 -0.0665240781373472 -0.0475561204305992 0.0397219846972203
-0.0529858584204034 -0.0434131417699937 -0.0269463709027407 0.0447074000820265
-0.0584105873848935 -0.0225449642062876 -0.0115444090968282 0.03147200988884
-0.0629150483577167 -0.0159540907282755 -0.00512764270286446 0.00886533123519331
-0.0628437921232619 -0.0180774459829266 -0.0125063320311201 -0.0131210743940547
-0.0704851553769522 -0.0258339373394126 -0.00890600364462706 -0.0402290663564673
-0.06906050278228 -0.0544272930027587 0.0077090901959765 -0.0595727759487894
-0.0386399101506781 -0.0805889644739894 0.0416987296781015 -0.0528006092802397
0.0086850729092349 -0.099135806962944 0.061538500463722 -0.015845000820742
0.0636074563251197 -0.0865917488457874 0.0493748925162858 0.0178006665331317
0.0884280489552201 -0.0518077376813134 0.00732643937255877 0.0178110617352981
0.0850648875292578 -0.0146895366898985 -0.0675921973894924 0.0112029551954472
0.0750799513370939 -0.0437001285002072 -0.0771744539030126 -0.00564124370581854
0.0491143268792656 -0.0675646120631345 -0.0827616130492534 -0.00508988192337799
0.00364116190901965 -0.0731233774106605 -0.0683167790943022 0.0143085627128165
-0.0312566350402975 -0.0600201505524354 -0.0584946042710508 0.0202563792640903
-0.0495397199898449 -0.0394525879766163 -0.0459904742642685 0.0310815870420802
-0.0534157859760172 -0.0208893069863441 -0.0337292636554166 0.022338818866028
-0.0544858960342125 -0.0173306217057712 -0.0276174249929702 0.00209045585459128
-0.0535180312140492 -0.0219218310734604 -0.0332568345689364 -0.0197533869809137
-0.0570223811279854 -0.0301536104273769 -0.02522726175625 -0.0470840476283551
-0.0507228529486733 -0.0550439606676919 -0.00328050571838347 -0.067681585470084
-0.0202810515836405 -0.0742122698330031 0.0372268688504609 -0.0592528162891631
0.023663830799144 -0.0827704524550378 0.055654037841414 -0.0126949443866265
0.0682221630216351 -0.0650098143779594 0.0346401335171285 0.026832178543555
0.0812603971377186 -0.0330374612808964 -0.0221709599196734 0.0258411510534554
0.0598009020451158 -0.00654078580395231 -0.0928146235361052 0.0245312250861346
0.0561647931554389 -0.0295312142857864 -0.0867040591044757 0.00910411012569336
0.0354565813184851 -0.0498841812677635 -0.0802351596669038 0.000711913552072623
0.000343938116652439 -0.0522226833198078 -0.0642890902015923 0.0039643497170256
-0.022979093119352 -0.0414872518365233 -0.0669452123330013 0.00712539227807415
-0.034824883817429 -0.0280611905509166 -0.0609441688780398 0.0208139993847341
-0.0386945960483455 -0.0159633062653107 -0.0520849396465443 0.015842831327477
-0.0381687822681198 -0.0152489294015757 -0.0459997284357327 -0.00477635856795626
-0.0367322478500979 -0.0206261900293368 -0.0488126683487238 -0.0280068902710455
-0.0367403768276588 -0.0283554175629173 -0.033210746123 -0.0558687693964823
-0.0268101083034229 -0.0467619524254158 -0.00572593289792064 -0.0752370056115631
-0.000728669652317022 -0.0568237423954386 0.037495180126945 -0.0610064026795582
0.0333642956978271 -0.0554424945366425 0.0489840366889366 -0.0104545694796245
0.0625096424181774 -0.0351939354435429 0.019960359607369 0.0279708205979541
0.0624077299402258 -0.0113081694629478 -0.0466666658794223 0.0259795038549786
0.0259724604533096 0.00696589594347922 -0.102659909809917 0.0352873988630695
0.0299134699921461 -0.00722420655950529 -0.0852255632161573 0.0203401254326202
0.0192330013621471 -0.0216962567638503 -0.0751116449867866 0.00406991243629893
0.0019451870978301 -0.0222331111762547 -0.0618951218358714 -0.0011081956402903
-0.00609871318744446 -0.0174477609086531 -0.0708215103373173 0.00175802832351911
-0.0129482414852858 -0.0155394569198424 -0.0678148140516102 0.0165752928362846
-0.0165291639288778 -0.0110098608844506 -0.0616207338221893 0.0101991439765413
-0.0156454543497754 -0.0113317341011003 -0.0569821041600754 -0.0105950090104665
-0.0161247148913842 -0.0152275568651751 -0.0547265998652373 -0.0364107727429594
-0.0148626919814101 -0.0198586144740923 -0.033774691643692 -0.0645674977973765
-0.0058586512005297 -0.0305505341322418 -0.00153496550542376 -0.0799172258912181
0.00996924396605972 -0.0342474492386394 0.0406334944225873 -0.0605538472213447
0.0314958775341031 -0.0275762526870832 0.0437346246855019 -0.0109520092933026
0.0443245724951091 -0.00781639127760405 0.00870530945980939 0.022840629305729
0.0339815178918698 0.00748051637211739 -0.0612601098075071 0.0192228803055822
0.00111844945732075 -0.0156377397349604 0.0668779280566316 -0.0152156489539292
-0.0148633765119273 -0.00550290391375002 0.00419826948064251 -0.0299562432398633
-0.0139094467797567 0.00479723404960876 -0.0434457284730005 0.000984318351122402
-0.00338145773015024 0.00753976452116909 -0.0540416235954262 0.0492641251003496
-0.00223764340362863 0.00361741400398554 -0.0116154579487054 0.0807185290964981
-0.0042573888115604 0.00437144887852062 0.0284127694824989 0.0708874983710697
-0.00553490632900685 0.00604106929832079 0.0490946585794633 0.0458375751331986
-0.00945453630969146 0.00711553819559582 0.0607875759284306 0.0149502053306977
-0.0107863397474425 0.00521945642552467 0.060204034484359 -0.00731160165842353
-0.0134134166806562 0.00259538180231389 0.0642718815349805 -0.0190855900262682
-0.0145845341155988 -0.00371654888177635 0.0671408092988699 -0.0108523525282549
-0.00916387088083665 -0.00806109425836844 0.0638668298932326 0.000506258588249557
-0.00919923013998454 -0.013136040120686 0.0715086873520023 -0.0027716436150863
-0.00391713718122481 -0.019513672076 0.0829157642481964 -0.0126915360212426
0.010574781826421 -0.0201924092076302 0.0986624030878625 -0.0354499679852276
0.0342968683886547 -0.0193722912270171 0.0577481349447867 -0.0110291661532543
0.0128768164426444 -0.0174029157452059 -0.000682452761610495 -0.0271632335081351
0.00535720111450711 -0.0121847509745891 -0.0467518293880225 -0.00227062249181135
0.00295368519426572 -0.0131189322769144 -0.0582310524382646 0.045381870920143
-0.0082029220643884 -0.0174916344327432 -0.0204050221397255 0.0769170368118782
-0.0190767433710742 -0.0113710928906845 0.0185321181094388 0.0712927831271623
-0.0243329997633184 -0.00332834094799516 0.0416058896538861 0.0473357366905244
-0.0314981975294449 0.000838219114910453 0.0537827376965369 0.0167300527293532
-0.0334844655042623 -0.000724889143651618 0.0506522687163834 -0.00749957433837677
-0.038205090715058 -0.00607564367033817 0.0529737876373376 -0.0242293528600635
-0.0393667550088261 -0.0235055817174347 0.0595519850804806 -0.0229337917571184
-0.0222776412913278 -0.038154385512579 0.0615746959415523 -0.0116504556062618
-0.00320925506132113 -0.0483171285608904 0.070219564108899 -0.00711762805362211
0.0204426117548035 -0.049792448592424 0.0761825921310265 -0.0106862492664453
0.0417170390495051 -0.0390413495527787 0.0851675340133929 -0.027493005082499
0.0638187367392096 -0.0190504643429431 0.036967990480046 -0.00954831740717414
0.0420509640878888 -0.0275090176707366 -0.0129259980327906 -0.0277152168902188
0.026552184015896 -0.0308889736101708 -0.0559962364447108 -0.00693984523411277
0.00942177121678779 -0.0362672378534493 -0.0636110594524667 0.0404053616860074
-0.0139089529200633 -0.0386048208105029 -0.0282971695932693 0.06846538919572
-0.0323295009698931 -0.0265115828875938 0.00601835662900633 0.0659889503918408
-0.040478713956275 -0.0131828647660386 0.0280091456482878 0.0451272281364152
-0.0488559820072888 -0.00581610898224927 0.0385783267742342 0.01680642148501
-0.0506758834988972 -0.00626633257459359 0.0333138266212764 -0.00775351299254904
-0.0576857363507183 -0.0128876753784933 0.0340975095750727 -0.0295660627837638
-0.059626502552193 -0.0364902048178373 0.0442586254595923 -0.0358518523731158
-0.0365518469412119 -0.0598768569979935 0.0557474311071651 -0.0268642162557103
-0.00307833374725337 -0.0770885414858435 0.0681975662109654 -0.0121187150126397
0.0382194146559442 -0.0742520171482406 0.0677311623678614 -0.00359069830761519
0.0654490338000779 -0.052553805124909 0.063742723732545 -0.01329553410251
0.0844473149031685 -0.0184267831006839 0.00594230394160794 -0.00667762334461194
0.0654708563543732 -0.0366797298559123 -0.0320762876586062 -0.0265521944772911
0.0451109637643756 -0.0506325582619776 -0.066889764713831 -0.0106305730818711
0.0119070294951926 -0.0590934798609728 -0.0674174629784986 0.0331660917521729
-0.0214768985232784 -0.0556959898173668 -0.0367715231463619 0.0547762499565369
-0.0441781452931123 -0.0375903303674805 -0.00910107779186947 0.0560199328726395
-0.051641232998335 -0.0191417822188837 0.00966012497212054 0.0380735393613903
-0.058711154605592 -0.0119857767557353 0.0187859718881026 0.0138783145766321
-0.060441578556619 -0.0126634150885456 0.0120978668318924 -0.00838696057347089
-0.0681143472587314 -0.0192311311588059 0.0129166511407501 -0.0333062907902691
-0.0696024006248625 -0.0462783904174229 0.0253578293494693 -0.047066365903102
-0.0425305926035521 -0.0731206607783743 0.0482185489289709 -0.0397425436524421
-0.00065085938593033 -0.0938767248624734 0.0651683980363234 -0.0148504130447335
0.0516504993910734 -0.0865581241025445 0.0587708786694252 0.0073437102220371
0.0809534204200224 -0.0562028220636832 0.0368585484388087 0.00294828802549355
0.0905141398801667 -0.016723249765141 -0.0300561094122434 -0.000300295591706784
0.0769384831789131 -0.0425961284912445 -0.0541968628129661 -0.0197601795120803
0.0520807452351298 -0.0640183517019107 -0.0752295875472576 -0.0104598412493663
0.00915874174967595 -0.0723734244804794 -0.0682556511415405 0.0233016780562882
-0.0279748545238281 -0.0631106537941845 -0.0462787974628473 0.0367311518615109
-0.0497558274876972 -0.0415700911002236 -0.026688876189056 0.0420425080808672
-0.0551961570871271 -0.0217570984225367 -0.0116676940234023 0.0303237980065094
-0.0600504453959447 -0.0156572874490421 -0.00503199886002576 0.00836868317308561
-0.0603729955127868 -0.0181478067944429 -0.0110797034414793 -0.0124261715219609
-0.0666928990998471 -0.0255041802561278 -0.00819522304561497 -0.0378995914163196
-0.0648827088202066 -0.0520923736810206 0.00802794494676459 -0.0565171049275335
-0.0359478947840968 -0.0768230110245896 0.0409284064164965 -0.0494779836993777
0.00962406780783644 -0.0936508534469756 0.0600038032329888 -0.0131685325568916
0.0618076292384427 -0.0811616068756436 0.0469640765985911 0.0189258373783117
0.0853873500341874 -0.0479132637282233 0.00709900921407445 0.0167714132593225
0.0810321620132937 -0.0123901037298848 -0.064146379478922 0.00997869363848236
0.0716747389233927 -0.0396799941142612 -0.0720325122109763 -0.00682600326662193
0.0473079839993073 -0.0633016993650625 -0.0788960877876278 -0.00691075996380842
0.00434988864627036 -0.0686541803480861 -0.0656789665924683 0.0109653020475031
-0.0284619438885664 -0.0574275300241972 -0.0567929847809685 0.0185350773617708
-0.0465599590807202 -0.037405283703856 -0.044352734498225 0.0289853581255868
-0.0503450963478494 -0.0204583535317111 -0.0327275145105482 0.0208150972095734
-0.0518064125885 -0.0170421961612561 -0.0266967624673689 0.00143109064715127
-0.0508476144212733 -0.021112717300624 -0.0311165763446217 -0.0188167559434829
-0.0536758680207355 -0.0295367349465536 -0.0234479049724031 -0.044678785282432
-0.0475968752164289 -0.0530559647039094 -0.00263162038489146 -0.0646326611135074
-0.0180760588383684 -0.0702210748268523 0.0364871614431616 -0.0548939942784016
0.0235432430368867 -0.0774169786297164 0.0542335728030426 -0.0105897846580109
0.0657823268214964 -0.0603439418938592 0.0329573839950889 0.0267714613576214
0.0782280840988472 -0.0302927808161093 -0.022133939476477 0.0244853771541846
0.0568342786095421 -0.00506631261620983 -0.088444732177256 0.0213669881714468
0.0535253872155737 -0.026960431361752 -0.0818130960536751 0.00662846416944816
0.0337565351093452 -0.0468461773617357 -0.0760715745083706 -0.00138532326069264
0.00119034994035739 -0.0496962159914072 -0.061922163124678 0.00120195834503803
-0.0211548554592907 -0.0395436808638096 -0.064556731382023 0.00609799786894271
-0.0328924258465177 -0.027005976037023 -0.0587432207735454 0.0196257743974126
-0.0361767954802476 -0.0157328698227662 -0.0495998623627737 0.0137269791808351
-0.0357999609173019 -0.0154504159130679 -0.0435368115123038 -0.00480555964846881
-0.0348045666854224 -0.0201974034353619 -0.0454396770551013 -0.0267752069130406
-0.0342878044531148 -0.027559620417811 -0.0310869425354151 -0.0536118440557526
-0.0247725492888398 -0.0446644331363575 -0.00470094203108857 -0.0713935663630632
-0.000187783897643175 -0.0540117437115173 0.0366317346007058 -0.0573455772778042
0.0329383438424376 -0.0512970081245248 0.0473084067321205 -0.00853753344364618
0.0597581953851287 -0.0324211546661618 0.0185373665280828 0.026948359282406
0.0593060518130032 -0.00942015225357685 -0.0446983579071015 0.0235462127775713
0.0243552176779234 0.00672866293528115 -0.0986165773760551 0.0315795298226568
0.0288895717667646 -0.00658826171195249 -0.0814143666072053 0.0172639314804583
0.018407489262182 -0.0199090469732224 -0.0710224480889686 0.00234791135814023
0.00224449554267616 -0.0208110136874315 -0.059191097804809 -0.00294963466707291
-0.0056000857870619 -0.0166195218622116 -0.06840917359669 0.000970507827244572
-0.0118423290897487 -0.0146550579077205 -0.064793746469907 0.0147111885172739
-0.0152739880452535 -0.0105259508062923 -0.0590921545866805 0.00974041167798966
-0.0144555080123736 -0.0112302326782006 -0.0543570267982167 -0.0111137054202682
-0.0149391204666404 -0.0146487609520412 -0.0515388303982039 -0.0354223986713854
-0.0132145363502124 -0.0188249766936603 -0.0309265185895563 -0.0619772478144059
-0.00537223995774277 -0.0289059291602418 -0.000101562237465807 -0.0753190574843976
0.00960091805319125 -0.0321991985311356 0.0396214715597891 -0.0568078631275992
0.0301712466075473 -0.0255028534018938 0.0423211198060988 -0.00866938132360985
0.0421663381779206 -0.00657066285977123 0.0085816790512628 0.0217034082396723
0.0324079493165766 0.00779416543133776 -0.0582008942438579 0.0166290137747008
0.00216322887699944 -0.0149216337545007 0.0662800008344983 -0.0117210357014509
-0.0140043138686746 -0.00595484258829949 0.00552323724575418 -0.0296953085926261
-0.0141009364697543 0.00414965787419873 -0.0425380560674566 -0.00161179894572984
-0.00343971295360026 0.00718457779570071 -0.0555609008845829 0.0455677881728417
-0.00249326774301894 0.00320237100432982 -0.0151393926732506 0.0781462918625694
-0.00477076693908921 0.00403238977001887 0.0248729108651965 0.070923614230509
-0.00574810265114225 0.00591396117310355 0.0459905768042212 0.0470317138553059
-0.00971525315348329 0.0065107872892232 0.0597826838333332 0.0169668275215108
-0.0105640792361604 0.00470242560242147 0.0589694402265255 -0.00369018198602749
-0.0133154602448288 0.00161873179048139 0.0635472919464729 -0.015673345697215
-0.0143134078625594 -0.00431461406012488 0.0664141762339086 -0.00749462229676757
-0.00844052396429831 -0.00845695744227436 0.0631592599599927 0.00382184272948541
-0.00846942051229567 -0.0129459266326077 0.0697387203461998 0.00138396773824611
-0.00304333126195971 -0.0192897931829337 0.0815826390391157 -0.0079100886751458
0.0116535212797992 -0.0194162470926748 0.0973362712851153 -0.0300012628288678
0.0343806268353381 -0.01738864964614 0.0574344581832702 -0.00815145844477476
0.0136708366749528 -0.016245815470304 0.00138440185898402 -0.0270561629351896
0.004999988265067 -0.011152307632638 -0.046028020654626 -0.0050952929549338
0.00322177308754507 -0.0128106894273216 -0.0594450466861608 0.0415296386642156
-0.00757249913564296 -0.0173520726368358 -0.0227269080542066 0.073921902095394
-0.0181785311380014 -0.0115784794859269 0.0151582931434122 0.070194711519731
-0.0239465127833813 -0.0036887776845437 0.0383460580976349 0.0485702946443438
-0.0307722217386422 -0.00047658403356954 0.0520451068324605 0.0183144825321768
-0.0328194234824392 -0.00178230971877525 0.0499104143493563 -0.0044974668247623
-0.0374573551428238 -0.00791383677201061 0.0532093039640493 -0.02185239136915
-0.0377520233778978 -0.0243015239181173 0.0594459251587994 -0.0200064231454858
-0.0203303883855574 -0.0382011774302903 0.0614394103005187 -0.0078586693951546
-0.00129931224285439 -0.0475954773471354 0.0691052295936539 -0.00384615621585186
0.0221113470962593 -0.0478549368004971 0.0746231382426404 -0.00632564368235631
0.0431687706909109 -0.036517940321373 0.0843761882450536 -0.0222676196475962
0.0631777437660973 -0.0159577122245761 0.0374817153085945 -0.00725461617538807
0.041719358251992 -0.0246597999710981 -0.0105326713462764 -0.027908248193599
0.0269266339925247 -0.0290490966580132 -0.0544554637215411 -0.00995462386379901
0.0106346322121644 -0.0350215768822046 -0.06437301083562 0.0366957957472681
-0.0121346958107227 -0.0380210224255271 -0.0307567577457911 0.065393289791325
-0.0308089230223555 -0.0268613070312003 0.00291280236561645 0.0652644915641512
-0.0389595777507862 -0.0141595156499721 0.0252931270426953 0.0456555056856227
-0.0477048398737498 -0.00735152920218755 0.037145823896809 0.0174600010835425
-0.0500370092985611 -0.00821119202126938 0.0331005178171057 -0.00584466396626584
-0.0565489585019114 -0.0148384164909834 0.0349438593335949 -0.0275522858372765
-0.0577756700107742 -0.0381131274746086 0.0446262543601026 -0.0338597034968478
-0.0333972577539474 -0.0598738374578106 0.0564175206644035 -0.0235656522910091
-4.11459478391468E-05 -0.0758969222327319 0.0682657826555246 -0.0083828847770517
0.0403369385973941 -0.0710590190740078 0.0669630904278792 0.000608402143057496
0.0670702582720245 -0.0486551981925335 0.0638065993471991 -0.0100614478938842
0.0831274837107432 -0.0146030770355195 0.00679767426499869 -0.00557656710887542
0.0656822035405292 -0.0331126712387136 -0.0296715148466452 -0.0273123075900991
0.0453458128146072 -0.047444030994532 -0.0657008535478485 -0.0136427136579884
0.0137033296543134 -0.057013948785316 -0.0681091878639088 0.0291118074412977
-0.0185667471072695 -0.055262108143519 -0.0385400701345269 0.0522219501928158
-0.0417677733642634 -0.0383090089516899 -0.0107839738829676 0.0544638104055662
-0.0497042320346027 -0.020895861942857 0.0077941910875796 0.038611289529623
-0.0570673643946732 -0.0134447067943678 0.0171830217783752 0.0143986204922123
-0.0588430610473363 -0.0144853927283291 0.012018404763889 -0.0080244957805609
-0.0660363893446195 -0.0216237777005028 0.0138533993267029 -0.0314576666895603
-0.0667228770521453 -0.0472832692415156 0.0265354670818308 -0.0454799959498613
-0.0391932566917657 -0.0727476598401761 0.0491140755770512 -0.0365391430398527
0.0030413870357792 -0.0915001334856279 0.0651962458735712 -0.010810953157054
0.0543208646633061 -0.0825077537367902 0.0576595347487601 0.0104448125955992
0.0822884261055174 -0.0512832943200681 0.0366487358097157 0.00436737125215005
0.0897337027825717 -0.012470313031284 -0.0291396582971807 -0.00155205393225829
0.076726997662848 -0.03841481332551 -0.0519253447389318 -0.0217483846790879
0.0531741618615493 -0.0601789080934228 -0.073974327167677 -0.0139330421130976
0.0115732621439633 -0.0704876712651009 -0.0684130132230903 0.0189294519370943
-0.0249974020106898 -0.0627951183625443 -0.0476116542485407 0.0341957392432226
-0.0471420157453109 -0.04225125888031 -0.0277472966478538 0.040710973760959
-0.0534051570715761 -0.0230598856507544 -0.0128888926200643 0.029016283153882
-0.0580391746166898 -0.017662098482774 -0.00533468122733926 0.00764648726110617
-0.0590851271623626 -0.0196786929733583 -0.0104585683987881 -0.012408352677283
-0.0644154550430142 -0.0273655861855051 -0.00612106151704285 -0.0371750488993915
-0.0623496491177302 -0.0533289830665287 0.00975781423282886 -0.0545925378289098
-0.0320715141413885 -0.0765787458308731 0.0419686731878802 -0.0463026188240233
0.0128555678799822 -0.0908296777493306 0.0604729173162101 -0.010224553670541
0.0640252163497527 -0.0766256349206181 0.0455011167782422 0.0209070333757624
0.0863597345719108 -0.0427857015190537 0.0062897535690244 0.0170402230813533
0.0797935435455559 -0.00907790206834954 -0.06267253228851 0.00630207543634304
0.0719799728438752 -0.0359467727251536 -0.0698913668591226 -0.00991221476445355
0.0483505378087854 -0.0594168802479801 -0.0772433232709551 -0.0104355638905678
0.00676983618612329 -0.0672702114308847 -0.0652072948629535 0.00709561268859727
-0.0256875817628327 -0.0568395275279372 -0.0567651459336896 0.0157338612391615
-0.0442482108995276 -0.0383648322652546 -0.0446975315591366 0.0266673849503497
-0.0482925100852066 -0.0214573811309192 -0.0326783138726514 0.0190600815962805
-0.0498420464668025 -0.0185759069593469 -0.0266513525312549 0.000546033180129945
-0.0493098757002251 -0.022911089648532 -0.0300848166032583 -0.0192815584793275
-0.0514700053115939 -0.0309180139415949 -0.0211049816387548 -0.0445654541977236
-0.0446111714494405 -0.0531785350826125 0.000619385712229811 -0.0631090338108733
-0.015013538024515 -0.0692491732963234 0.0380189366837813 -0.0518611573591885
0.025939401471424 -0.0742217050284433 0.0539644366399381 -0.00716461741556499
0.0667257667030476 -0.0561906488070235 0.0315532786520312 0.0281020843023855
0.0785474661708635 -0.0254915546521288 -0.0224075592234995 0.0226706885487509
0.0561870764158631 -0.00226519360527735 -0.0876343433121975 0.0163908579384906
0.0531624204745314 -0.023902415512077 -0.0796790338577238 0.00333478223145707
0.0348500203330689 -0.0444041137581782 -0.0749049922974965 -0.00532793447125869
0.00278790769035345 -0.0478026332291448 -0.0607493179462306 -0.00246121413574562
-0.019179366961668 -0.039483564536967 -0.0645181119652108 0.00252477049432094
-0.03121190919206 -0.027078739696645 -0.0580178260080648 0.0169987381429806
-0.0348038074972745 -0.0166835501391375 -0.0495826930621622 0.0118311114330726
-0.034269919541973 -0.0165626623843645 -0.0433578583762798 -0.00591984378496566
-0.0335350100650435 -0.0210281033711905 -0.0430535059353504 -0.0282686295801328
-0.0324970182122064 -0.0285424398289759 -0.0282476230691507 -0.0532451792280373
-0.0232091390769262 -0.0448723935099101 -0.00141506111306718 -0.0699253166242267
0.00165230735007131 -0.05274058542316 0.03879136596972 -0.0538947230580596
0.033824190501172 -0.0483356048457107 0.047856269709925 -0.00544602145951642
0.0591105497203158 -0.0288225013441559 0.0176265502324102 0.0274528519264582
0.0589935847733171 -0.0065127247629015 -0.044991616692253 0.0209349914850297
0.023956098526982 0.00783723850415133 -0.0983872919888398 0.0253119147857812
0.0279954914569033 -0.0049396955630389 -0.0806145109459344 0.012475283895647
0.0188352440696004 -0.0187499888514897 -0.0700127142400331 -0.00158804176115578
0.0034635520125899 -0.020315649206177 -0.0587021738729468 -0.0069225061866253
-0.00457573950048961 -0.0161947210980819 -0.0673001326223509 -0.00157935336465738
-0.0113463981086735 -0.0146156564092527 -0.0639213820721425 0.0117651917131541
-0.0148664205715589 -0.010921697692356 -0.0585939941095655 0.00701331478529582
-0.0140572239436276 -0.0117119264792911 -0.0530791577348003 -0.0125795909909256
-0.0135739933782171 -0.0148209332534926 -0.0488456899200922 -0.0366675199501894
-0.0120099397624043 -0.0187623742108161 -0.0278777776129696 -0.0613201603172992
-0.0038702160800455 -0.0282212587541024 0.00329746847279649 -0.0738917091900469
0.0105418337176974 -0.0308195134494256 0.041000608384776 -0.0533702906595708
0.0312918488022154 -0.0229590790888359 0.0428669856715036 -0.00608372433368253
0.0413614200756805 -0.00446421097737083 0.00759071571364714 0.0215539338189125
0.0305864296504321 0.00935638488911093 -0.0573488221922205 0.0134306393440516
0.00356209917526996 -0.015723938966405 0.0682204991614658 -0.00893053133209048
-0.014018857437629 -0.00681088950558964 0.00668249087328264 -0.0302796340388567
-0.0150367845925132 0.00362210491412972 -0.0436384458722349 -0.00398654366690338
-0.00418643270441152 0.00686417391582318 -0.0598492477631185 0.0441293193397765
-0.00246592610861281 0.00301014751211282 -0.0187857526945068 0.0785074647550719
-0.00479616913076355 0.00386617173691344 0.0218339717469406 0.0725830550071367
-0.00635079045336304 0.00564367171302921 0.0452880608740062 0.0502421011370537
-0.00995680404319233 0.00626454385022062 0.0598903241521447 0.0197889713604117
-0.0117978752719351 0.00431366914048506 0.0606386900697465 -0.00152039195442197
-0.0137376094246696 0.000998988513510503 0.0648749054824164 -0.0130270405240412
-0.0145402024496534 -0.00487058949203409 0.0683032967720433 -0.00441146180383075
-0.00849011988055804 -0.00931286801080254 0.0649798486468613 0.00718076164212396
-0.00822347899512734 -0.0134308094361114 0.0716818440075254 0.00477700145081807
-0.00229071829294601 -0.020468520367116 0.0831550967686687 -0.00302831711735939
0.0124551166969893 -0.0193269161976533 0.101077772820348 -0.0247344429927157
0.0361292244627513 -0.0162730406612891 0.0589683806364217 -0.00599615671870558
0.0143139379434655 -0.015554099115423 0.0027884476810665 -0.0276332931675428
0.00549578233023837 -0.0110962000747241 -0.0469377677014884 -0.00729693363184223
0.00376406103482414 -0.0130699128890027 -0.0631701743987826 0.0396872661340145
-0.00719819127089071 -0.0177793649831393 -0.0272477305463732 0.073516781107595
-0.0184627085020656 -0.0124765225999655 0.0120191782354791 0.0725048650735004
-0.0239799196273498 -0.00484010123455718 0.0368947680779875 0.0509067633644291
-0.0316742348567342 -0.00154886815995723 0.0526043429099956 0.0210365414185218
-0.033714924158505 -0.00330288933275875 0.0511389245389755 -0.00231526246622399
-0.0382562340462939 -0.00972606145718215 0.0548317061195148 -0.019509499413362
-0.0377249816487047 -0.0261792360522335 0.0607964286590331 -0.0178141433166067
-0.0191632397614758 -0.0399689198563635 0.0640950436948568 -0.00475039841081827
0.000720024348062788 -0.0482425438249304 0.0710978457361537 -7.23239971732163E-05
0.0245653221553351 -0.047821536487792 0.076557656653276 -0.00162205342330761
0.0460704039617304 -0.0348029144363452 0.0871412388651395 -0.0181349127356879
0.0656445658936641 -0.0137151609979344 0.0389861467579825 -0.00572433352296033
0.043889303802807 -0.0231363479336697 -0.00907314450586139 -0.0291147533897725
0.0283826285219771 -0.027997540643425 -0.0558711412615025 -0.0132728871463015
0.0123949157440262 -0.0353216013141251 -0.0678222362064822 0.0338166939173236
-0.0111397653473262 -0.0390561782735007 -0.0347747725983023 0.0648777203127129
-0.030498179352566 -0.0285316396354761 0.000464860865345521 0.0662459397781946
-0.0399401732959966 -0.0158826979283977 0.0237019734438031 0.0470188498903773
-0.0483301068004064 -0.00922965674964261 0.0372358900873617 0.0197826602933175
-0.0514038393400747 -0.0102994905376497 0.0339268119315916 -0.00466384492847862
-0.0575236792344903 -0.0176356156532057 0.0370959368181225 -0.0264993224111896
-0.0572136127494023 -0.0409932778030817 0.047333551309869 -0.0330348816468047
-0.031534330432482 -0.0620790543191356 0.0594048425008751 -0.0207206341579185
0.00314359177242895 -0.0767626313495813 0.0707258422445595 -0.00498220585220794
0.044489429306132 -0.071230582033128 0.0687249305779609 0.00422883923531981
0.0710958707829832 -0.0463311752172356 0.0654901473015879 -0.00689453316117312
0.0856101628406154 -0.0109602679619213 0.00790568823694636 -0.00559029659733242
0.0682262307700448 -0.0305672023294543 -0.0276271336119017 -0.0299006868005551
0.0480626099143576 -0.0459781347509138 -0.0664738458002022 -0.0173885754465069
0.0163221973899048 -0.057362854063401 -0.0715955459154206 0.0256828443074756
-0.0171155497159572 -0.0569538291197728 -0.0426261337746595 0.0508705941724779
-0.0410537230457239 -0.0398020366184523 -0.0132488719571625 0.0554062354361653
-0.0502520905440952 -0.0228797377292061 0.00689508104441286 0.0392614006222017
-0.057935459661981 -0.0156737044322892 0.0168778844303758 0.0151865857203336
-0.0602763139514034 -0.0173613476767418 0.0131753776254414 -0.00742275575207285
-0.0672657956090372 -0.0247167193395024 0.0152877676694876 -0.0318042007836573
-0.0667091105681673 -0.0504532710663515 0.0289026433393009 -0.0453735920254619
-0.0373345909838587 -0.0758867256016328 0.0520246007065539 -0.0344573536836869
0.0067567094992529 -0.0930460908319013 0.0682404161466113 -0.00750036769705834
0.0583255703597041 -0.0820303403487063 0.0589144962074732 0.0139065036745565
0.086779879093031 -0.0486523213995319 0.0372923659429135 0.00682664295710428
0.0923022364380283 -0.00903437520446724 -0.0293469963410411 -0.00301111784280874
0.0799637279677983 -0.0353192471223219 -0.0501370822040011 -0.0245516478554981
0.0557636819607943 -0.0589301722273729 -0.0750845769073937 -0.0181605314616627
0.0146312190255 -0.0713281401200935 -0.0711894573122623 0.0155157319740232
-0.0229714373230152 -0.0649681870961216 -0.0509225253108204 0.0326006770921432
-0.0467759914066025 -0.0444645601266743 -0.0296276628382545 0.0406018395829685
-0.0537403008864477 -0.0255543918586425 -0.0135776073900636 0.0287629682223121
-0.0587123500836859 -0.0203597942083847 -0.00595465794179405 0.00853726107560314
-0.0598021927913672 -0.0227814395282384 -0.00996161346333844 -0.0131111811087454
-0.0646126894617323 -0.0312148403892558 -0.00498230447643419 -0.0381370503257149
-0.0617244132373856 -0.0562904521103408 0.0125517215968221 -0.0559180209345823
-0.0300012288543987 -0.0786106578726804 0.0454293121831213 -0.044670926411609
0.0169452232330531 -0.0914042762995735 0.0632196555072657 -0.00684753288580062
0.0682591282297602 -0.0759373029604197 0.0468173090754583 0.0246635859913386
0.0905956038986131 -0.0390961251850533 0.00602963438849428 0.0178751927826469
0.0816777496305955 -0.00582536738267858 -0.0640385105505805 0.00321812570268459
0.074364874904442 -0.0331590651405841 -0.0697647839290354 -0.0136244025630237
0.0515353055040884 -0.0587158974157978 -0.0785998913898296 -0.0144604628057237
0.00964301983100343 -0.0684541933817489 -0.068104863509209 0.00343759270965223
-0.023906545842325 -0.0589525926562353 -0.0598799492854571 0.0137598345057137
-0.0436771876793544 -0.0402763565445648 -0.0463943406214818 0.0253589767582306
-0.0491008981036291 -0.0235617500336349 -0.0346292174011905 0.0183150056881037
-0.0503768854265903 -0.0212633861122037 -0.0277697151091446 -0.000690040925832189
-0.0497869229840547 -0.024974885227002 -0.0294006415280125 -0.0211006980861434
-0.0515072203283468 -0.0333725137868561 -0.0200833010065147 -0.0461810902419761
-0.0438802239915031 -0.0551831847277603 0.00304419648701539 -0.0642677510542399
-0.0126397645244126 -0.071195671164859 0.0415869060703695 -0.0505840010286115
0.0293782007438876 -0.074125530970201 0.0569026457473492 -0.00425366363926378
0.070717500254569 -0.0544299432357534 0.0314195038690448 0.0303907208386225
0.0815651457633398 -0.0228839045519088 -0.0234913838361807 0.0224341850253772
0.0573226186210944 0.000116973013283016 -0.0898235386998577 0.0123539343567537
0.0554045510315758 -0.021485714330049 -0.0803589727241419 -0.000950291764093914
0.037332226903965 -0.0433998021166868 -0.076358628854217 -0.0092546542087002
0.00513719643358857 -0.0489009571679713 -0.0634148653356421 -0.00577644937306438
-0.0177195012862758 -0.0407407698938578 -0.0667793301194541 0.000233563228691105
-0.0308835460142086 -0.0293458817834674 -0.059628534634983 0.0143104228436454
-0.0346979298831322 -0.0179704477484818 -0.0509946272880629 0.00963915816728156
-0.0343685787638555 -0.0180071292070728 -0.0445170463088819 -0.00783510003807154
-0.0333364496587068 -0.0229420627892698 -0.0432361800033794 -0.0296579221350838
-0.0322333444393042 -0.0298756593171232 -0.0265883042789774 -0.0556105447784255
-0.0214931716163352 -0.0461265540963682 0.00116313547514128 -0.0711563389640522
0.00430058454823254 -0.0528661264413832 0.0418522136840249 -0.0528619405940497
0.0364734302006376 -0.0474485520343924 0.0495751450142083 -0.00288067506092174
0.0621628006800723 -0.0267389797697051 0.0174392272543158 0.0296016342604297
0.0606704273732769 -0.00364466016439454 -0.0469092973525297 0.0193752654860942
0.0238147909417777 0.00892107214161072 -0.101409092396278 0.02150105093024
0.0286615875522213 -0.0034145426085296 -0.081516889574013 0.00856717253729707
0.0195743436839796 -0.0181489314990243 -0.0718608383104573 -0.00510662174748036
0.00393671239122103 -0.0203944067920954 -0.0599225083764563 -0.0103678880347241
-0.00431407495348451 -0.0167753846604769 -0.0695637985456355 -0.00451424291401158
-0.0112345516626707 -0.0151816613588311 -0.0658978592365821 0.00895932768194264
-0.0149282836117536 -0.0112460713819593 -0.06050334201832 0.00498989794433323
-0.0134245909331662 -0.0127232293950578 -0.0538443958168196 -0.0146208896402638
-0.0132604387845111 -0.0153542243575876 -0.0487941938911682 -0.0387303286944262
-0.0115620965465567 -0.019632343269871 -0.0257091433972444 -0.0642358040879156
-0.00283171107780908 -0.0290356477287179 0.00646597321569672 -0.074716074878422
0.0126894128407502 -0.030678007162014 0.0447077969348917 -0.052430521792218
0.0321544581575247 -0.0218427313588949 0.0441116342887666 -0.00309971362470827
0.0420785184066425 -0.00251776051643954 0.00708966311224995 0.0231388857790044
0.0310814350815287 0.0103518032154218 -0.0594711976377255 0.0112715223685165
0.00368190332185235 -0.016861505589018 0.0726717040565845 -0.00829517235303837
-0.0145864270042177 -0.00745396115014885 0.00762782484553557 -0.0326141181799367
-0.0155397132220152 0.00384607379591062 -0.0464839430078452 -0.00533852080843664
-0.00431612415026213 0.00691639534923085 -0.0643344954649727 0.0454178971244888
-0.0029447692519099 0.00272379334900704 -0.0217707559156282 0.0819457164052669
-0.00515438929456274 0.00395507136121773 0.0221108339139321 0.0768895743660058
-0.00623316248890273 0.00568865915317538 0.046967788815165 0.0534383945858864
-0.0110753226701633 0.00666228396228714 0.0632948335070509 0.0215642144019485
-0.0127303559221595 0.00457245302841575 0.0643336835573548 -0.000622871242065399
-0.0149392258023688 0.000863719850476155 0.0692448217959487 -0.0127588209966716
-0.0152453325065096 -0.00526614075208691 0.0725923359560772 -0.00396875687645656
-0.00868405508735634 -0.0105061298175077 0.068892370676916 0.00921353345683367
-0.00826292111934955 -0.0151061247733187 0.0755892470627978 0.00694065018403588
-0.00188493096452096 -0.0211114753120501 0.08866446938105 -0.000904888954328335
0.0147085759068821 -0.0208419565911265 0.107369300164374 -0.0234256966936267
0.0384318308748458 -0.0166096380626771 0.0630780470580814 -0.00459560252420997
0.015069652404313 -0.0163289170728203 0.0037912838246784 -0.0294620430095387
0.00542858904064354 -0.0111469974045231 -0.0498411476185405 -0.0100982049501927
0.00414254028056316 -0.0133507434468312 -0.0685398138910387 0.039903460730963
-0.00715118541364173 -0.0189111083902983 -0.0302602540959063 0.0768573320877065
-0.0190397650777283 -0.0134310213771415 0.0116891527127001 0.0765058852023298
-0.025151805364958 -0.00535869185369442 0.0387090685216809 0.0545090351516068
-0.0333272450052655 -0.00178877403975062 0.0553073267647765 0.0228652460635239
-0.0362623233216463 -0.00405966030526218 0.054071949596802 -0.00135031151274102
-0.0414485401842315 -0.0109065237471981 0.0584160055976466 -0.0196424528254519
-0.0393540043086783 -0.0282833954594305 0.0650714786165039 -0.0180729271794692
-0.0197623343130044 -0.0425710929995737 0.0683457508575124 -0.00350655644049433
0.00136242933402331 -0.0508667986028818 0.0758736335341903 0.00206862698436786
0.0272024583078797 -0.0498544982383433 0.0812707187494858 0.000559106781591764
0.0496906246522095 -0.0364274499002154 0.0931383833015574 -0.0164448140788749
0.0695923410511619 -0.0136118464897111 0.0412542518756355 -0.00542848547964492
0.0464431839256595 -0.0236328698092672 -0.00832761545724215 -0.0314272964454857
0.0302454600120979 -0.0281892580127137 -0.0592291381686612 -0.0155221469097848
0.0130037696337185 -0.0371953995521013 -0.0731134723215901 0.0340183095379886
-0.0112837215567059 -0.0415445110694738 -0.0381176445161649 0.0674231121581155
-0.0318253269681467 -0.0301572995227037 -0.000490835150927138 0.0701905860104
-0.0416233877435424 -0.0168506782935948 0.0247054102105342 0.0502664086890161
-0.0514300633689948 -0.0104333035632905 0.0393226958944796 0.0210783620752717
-0.054491837088631 -0.011220658500672 0.037011576468518 -0.00402426881214557
-0.0611514516731483 -0.0189892478908118 0.0394403738903411 -0.0261608891714008
-0.0602961854060738 -0.0433979551676526 0.0498747912674167 -0.0342859986928707
-0.0330280512077137 -0.0665984094567883 0.0636820614896529 -0.0197150924619369
0.00430775736567726 -0.0807209781880958 0.0755266897809274 -0.00309935617092929
0.0478962948818651 -0.0744859919838116 0.0729594328367985 0.00700069226301539
0.0768162170010422 -0.0477296270779987 0.0692559437903441 -0.00541509357560908
0.0909383820778561 -0.0104748041839854 0.00910927943289108 -0.00586981383116423
0.0726452914850082 -0.0306167967786288 -0.0280197759862471 -0.0323126352657985
0.0506451206585376 -0.0472966429152343 -0.0701065928240336 -0.0211486683315782
0.0176869883869527 -0.0603916921305188 -0.0764515258240705 0.0253530866275899
-0.0177951380129717 -0.0602529204083283 -0.0462605391855945 0.052526133694459
-0.0426900131604906 -0.0423373283740493 -0.0147922806296009 0.0583911900038375
-0.0531009615655188 -0.0242908559682601 0.00651937979576184 0.0414301754309614
-0.0611385492357879 -0.0176465299585269 0.017798078248912 0.0158850824308844
-0.0638900225268434 -0.0183901958255319 0.0137996671884602 -0.00733053845185106
-0.0708698310797917 -0.0266187423336437 0.0170674140162936 -0.0331877710474976
-0.07048484126188 -0.0539745610054024 0.0307125673095094 -0.0473985893709238
-0.0384648688018353 -0.0799741569937583 0.0556785202667502 -0.0347390008631337
0.00900861123147731 -0.0980269238968039 0.0725636965784223 -0.00612414321761016
0.0631836187347188 -0.0858490875706652 0.0627700591829763 0.0163801699912459
0.0929376550143006 -0.0495370863921772 0.0398212336381891 0.00853950269296178
0.0976090072917953 -0.00733542922976921 -0.0300088751631614 -0.00436567971653363
0.0851008417789565 -0.0361318791471694 -0.0510476602155217 -0.0277554455962894
0.0602862186928555 -0.0606560473351792 -0.0792881293110666 -0.0218906889037899
0.0164277314281934 -0.0748464002107374 -0.0761945461689805 0.0139912842809361
-0.0235956687704621 -0.0682425391660095 -0.0551256712310634 0.0330873067874232
-0.0489862021054397 -0.0474439550926505 -0.0317512538308599 0.041992890659839
-0.0567486116727192 -0.02706817155085 -0.0148701290303412 0.0301705233244917
-0.0616554954978023 -0.0215969185425248 -0.006654390984321 0.00828694506218591
-0.0634026685266894 -0.0239638709365616 -0.0102463591982565 -0.0130813680184762
-0.0683990337219301 -0.0331350815640981 -0.00477159364107262 -0.0398307176518234
-0.0645459318913405 -0.0597960306597486 0.0135276726791549 -0.0583329335638438
-0.0313540367829103 -0.0838127436532818 0.0491195302397441 -0.0456600869957818
0.0185888144420995 -0.096266508286985 0.0676459208262561 -0.00572046216940625
0.0734678517256883 -0.0788604919372943 0.0488555290453211 0.0269037966115501
0.0967617934100917 -0.0396966173376 0.00627074014121474 0.0192744668621534
0.0870544161284226 -0.00464570942448555 -0.0675546007707044 0.00255568981122755
0.0795701567586974 -0.0335521115236341 -0.0719537274706397 -0.0159473078021075
0.0553225722890466 -0.0600269389863025 -0.0829335617606293 -0.0171993025336489
0.0116136134570623 -0.0718302385463469 -0.0724116362425367 0.00154479353745736
-0.0243786918019765 -0.0622475980543212 -0.0640141090140564 0.0131993097572383
-0.0454710379937779 -0.0424381110198497 -0.0494819230165456 0.0262491663409939
-0.0511005759262067 -0.0258706743856476 -0.0367776351598164 0.0183612833518011
-0.0532708720773768 -0.0224003608280657 -0.0293476016785519 -0.000333489120958827
-0.0524221502757973 -0.0265773806893181 -0.031141344203899 -0.0224268717808469
-0.054278815406412 -0.036080195640794 -0.0204084730030598 -0.0487372653300653
-0.0455072974581421 -0.0584861165429713 0.00362391076691574 -0.0680213640305851
-0.0128709468121039 -0.0754145892040342 0.044689845277053 -0.0519693916706853
0.0321202177925138 -0.0777943636388485 0.0614203370486006 -0.00258460538679091
0.0750201458231931 -0.0563137920173323 0.0333991497273241 0.0332998845937499
0.0870212638634334 -0.022295666120358 -0.0250701298926269 0.0234150515037719
0.0607302641659875 0.000899336894895316 -0.0952774620778023 0.0111413143735891
0.0584340326542032 -0.0220976357615765 -0.084151955742186 -0.00315011332634347
0.0396154374415915 -0.0447503019987711 -0.0807677138071321 -0.0116233828808678
0.0062936939027354 -0.0512589906150201 -0.0672200724814195 -0.0080610588354036
-0.017979032698909 -0.0432579067960322 -0.0712680548540645 -0.000572989429031357
-0.0322365435561394 -0.0308252918614832 -0.0633224034729965 0.0144228686441554
-0.036851974964085 -0.0194330661662154 -0.0540953545461605 0.00962052617074132
-0.0358235312449555 -0.0194545823517264 -0.0468996952382711 -0.00874426735066296
-0.0346859501602731 -0.0243766615262627 -0.0452331842268262 -0.0318778758346015
-0.0331932062479677 -0.031874581169961 -0.0273111724456423 -0.0586959523314108
-0.0223069239291543 -0.0485536845961972 0.00208707163139615 -0.0753023444604755
0.00532749788204311 -0.0559674143709964 0.0453482806418468 -0.0545100960042539
0.0395663023845626 -0.0491687557919849 0.0535184916034588 -0.00166985625966853
0.0657799187990519 -0.0275472380937005 0.0183465844349884 0.0315444089814185
0.0645035616234724 -0.0031706806796477 -0.0494525794338777 0.019724542251191
0.0253825229665711 0.00984106351331133 -0.108196275663584 0.0197912574166579
0.0305819624236831 -0.00310847547207938 -0.0863283185728735 0.00658931350505193
0.0205971244319032 -0.0178060329911252 -0.0755275253259798 -0.00790517570561418
0.00514760889072273 -0.0208494149008828 -0.0646362995083092 -0.0129690471850373
-0.00390033018133413 -0.0174013536901714 -0.0740754911037341 -0.00621909759790902
-0.0115425884098374 -0.0159597273241185 -0.0701727027679614 0.00885773884444505
-0.0148697091140889 -0.0119777632608419 -0.063752290493682 0.00433750365265955
-0.0136991949468494 -0.0136201804592401 -0.0565657397310797 -0.0157546638817409
-0.0140424572147722 -0.0169251167604912 -0.051233591211833 -0.0413784882725425
-0.0109436486239088 -0.0208618504547357 -0.0259724275606553 -0.067639824047959
-0.00299738771251918 -0.030650446405129 0.00829483443451004 -0.078160757293874
0.0134943799439364 -0.0324165143307061 0.0484617569803282 -0.053825505453958
0.0344199612758478 -0.02206213250395 0.0477818459589586 -0.00241664483177248
0.0445371889620823 -0.00183128308505267 0.00740526690838463 0.0247862247880354
0.0330188310107487 0.0116982366382862 -0.0624864446523196 0.0105785990054147
0.00103822133368792 -0.01819899136943 0.0771390339862585 -0.0192671652044707
-0.0157798133948648 -0.00563167469337729 0.00364791630910281 -0.0364513620498455
-0.0155255096255906 0.00618189538583297 -0.0506128688137551 -0.000287099591918153
-0.00411549065829439 0.00691880784667853 -0.0604292649999649 0.0583459027221595
-0.00412173871067221 0.00262554135026647 -0.00961320664984217 0.0898178216492119
-0.0055265289236964 0.00411053088478774 0.0355653530547597 0.0776150946095025
-0.00632758391265658 0.00670026816178035 0.0594122677948573 0.0499189330569596
-0.0107774721719045 0.0087768581316924 0.0695974983473312 0.0131362142293553
-0.0127388231791867 0.00757505142031931 0.0685708717961964 -0.0101389160411948
-0.0160483075103067 0.00408650333886986 0.0712668848912013 -0.0234075067009038
-0.0176140232435415 -0.0026251153166057 0.0769901391196172 -0.0139121000296787
-0.0107283305420332 -0.0101016424918781 0.0753091735863286 0.000961291835116634
-0.0108783922676482 -0.0142488929428053 0.0813269722161662 -0.00346747049921507
-0.00532394820773504 -0.0217440328029174 0.0931388657077543 -0.0128183073097626
0.0111713678019061 -0.0238360618114467 0.111580785865565 -0.038985351568676
0.0382321505756592 -0.023603563501878 0.065536114218346 -0.01230263829625
0.014270938921683 -0.0191506080704052 -0.000572253102029401 -0.0316815048708524
0.00506998037941357 -0.012936723594419 -0.0556712856547491 -0.00257312165907128
0.00219970280580304 -0.0155364668753423 -0.0658073907500113 0.0551205626613994
-0.0113819647044151 -0.0196980082820124 -0.0192785963314902 0.0869726493679076
-0.0228677306652063 -0.0114167003979523 0.0254754167701347 0.0795801401124407
-0.0278215167031576 -0.00247788322911286 0.0511151060785521 0.0522189606552999
-0.0356731705183128 0.00319019338695876 0.0614603705334286 0.0155074318752799
-0.0393857129374447 0.00214494287332922 0.0577924184321581 -0.00946061275881515
-0.0449754047624916 -0.00419154993763624 0.0584265335449418 -0.0287394893640931
-0.0455193872696107 -0.0222541766634242 0.0666157740163903 -0.0278355133638421
-0.02716894668009 -0.0417768692659496 0.0727006129598386 -0.0121880390608114
-0.006538522875149 -0.0536523509245717 0.080613787575075 -0.00830442974486367
0.0203548417873348 -0.0559610682206595 0.0848577770069504 -0.0110082136325413
0.0462668361037868 -0.0453580051274147 0.0968266466365085 -0.0300937271298241
0.0722759901950934 -0.025726563141899 0.0400411085174392 -0.00747438882879886
0.0462443855534714 -0.0311607217031078 -0.0143388257871164 -0.0308569632825439
0.028379332929246 -0.0342355346754294 -0.0668086530847568 -0.00554595508616928
0.00870574566476733 -0.0413908326585798 -0.0722039557535365 0.0499126136731145
-0.0184686761544671 -0.0420285392649997 -0.0285881880149158 0.0788194698849485
-0.0383661737342822 -0.0272900055750484 0.0123542834183572 0.0755851643636229
-0.0464618625883178 -0.0117950899984864 0.0363858504559989 0.0508977195756728
-0.0558105927842516 -0.00326499062400327 0.0451882401415033 0.0166226644390857
-0.0593190933880138 -0.00337291440555494 0.0390028630029859 -0.00927621513327081
-0.066921151812306 -0.0107187812087559 0.0373212513820756 -0.0332117779292181
-0.0689530887714922 -0.0352203329294675 0.0481736813540016 -0.0420850593249937
-0.0438592614344301 -0.0650203840514561 0.0651274859356017 -0.0287440180759439
-0.00775170802733905 -0.0854711510459552 0.0787146678115666 -0.0144133824984674
0.0386561403637398 -0.0842232012211947 0.0771395852250249 -0.0041248996907041
0.0724462464069088 -0.0615354467432669 0.0739652614151626 -0.0150104652509079
0.0962697347378454 -0.0264616824556232 0.0040723537207701 -0.00155747514509052
0.0731301748878082 -0.0429433971717982 -0.0359506323186738 -0.02790237301364
0.0477224641683013 -0.0573399462985233 -0.0800099583311114 -0.00690992661343629
0.0107995932112052 -0.0669415435865891 -0.078012008549382 0.0419036905676383
-0.0274934413714696 -0.0608465282732227 -0.0396653683191827 0.065713674305381
-0.0512621597113075 -0.0384635167206447 -0.00398537483541318 0.0654601106607222
-0.0591316576611607 -0.0182186443398351 0.0150851114059851 0.0446848919494057
-0.0671787878883391 -0.00927713786959208 0.0210734273799458 0.0143544181086502
-0.070082801732433 -0.00893927669851109 0.0136086837752268 -0.00976927191618804
-0.0776974883816843 -0.0173557461040224 0.0126931861429185 -0.036070983293449
-0.0807998718107699 -0.0446032330357325 0.0265692099640239 -0.0538802314911304
-0.0519624538036048 -0.0779806339302568 0.05501889337947 -0.0436730209824734
-0.00619917642807722 -0.102793860772561 0.0756742295193587 -0.0164951692838107
0.0527368876766814 -0.0981407093902086 0.0666990902636913 0.00799723758264311
0.0902102927863815 -0.0649159160527554 0.0443627489012138 0.0034996577492156
0.103515234557735 -0.0255387125395836 -0.0378238070084749 0.00715952663925073
0.0857606821448333 -0.0504100985604241 -0.0603950218886219 -0.0185704547870061
0.0555092028184892 -0.0732953280315387 -0.0897807067438382 -0.00589480442586974
0.00747156904905906 -0.0814665247885497 -0.0794218958936138 0.0310088138835106
-0.0345485425414986 -0.0690255572348929 -0.051705477173833 0.047712143714358
-0.0585727241364237 -0.0426295483202974 -0.0244368888124528 0.0517660347788537
-0.063968831880625 -0.0208719551050839 -0.00989263478617616 0.0363046133906583
-0.0683059023906097 -0.0134063876185773 -0.00505742648557884 0.0100713156986452
-0.069929365842021 -0.0157910657761351 -0.0127071612944284 -0.0116660913914132
-0.0758319123870816 -0.0240245273935227 -0.0112177759106735 -0.040329136375004
-0.0760729718915204 -0.0513436799059624 0.00608947436576894 -0.0629134679571676
-0.0443500676396612 -0.0824408563559399 0.0454609991942915 -0.0544154710382335
0.00468816756645502 -0.102674123535293 0.07061107995425 -0.0152554837103047
0.064348769284171 -0.093182762003014 0.0546187019104476 0.0203082606447134
0.09540734994008 -0.0557542748770254 0.0101085233869363 0.0195343390179584
0.093137182366466 -0.0199884824714682 -0.0768217451801418 0.0189559684796323
0.0806359628359107 -0.0472353845614433 -0.0805313338026232 -0.00317705297341563
0.0502894620403986 -0.0720440132093855 -0.0927807272150403 -0.00120526945127658
0.00257652086658129 -0.0777862803279579 -0.0774737122208023 0.0167272318379189
-0.0345579696207091 -0.0626715341097448 -0.0642927873683795 0.0279020210327495
-0.0545203599266682 -0.0382925102115112 -0.0458660230968469 0.0373806423698517
-0.0574930756082202 -0.0189623178625183 -0.0353903491601963 0.0278383266192931
-0.0591679967403846 -0.0163047536188028 -0.0309090483062178 0.00419530083529034
-0.0593201451041839 -0.0202269114472875 -0.0363148703879908 -0.0180569833307204
-0.0610442994629464 -0.029243706880196 -0.029305914829463 -0.0474788068749416
-0.0558266506523242 -0.0530837465863283 -0.00620052601127535 -0.0713562072489321
-0.023727857528779 -0.0760135709340623 0.0399405360534518 -0.0609633073749078
0.0217555163554513 -0.085227759734084 0.0636110014987956 -0.0112480554813071
0.0696618438200469 -0.0696538606293319 0.0387287017290129 0.0285459244344135
0.0874156823736699 -0.0361853814894983 -0.0223946362487298 0.0286397916120771
0.0660970374135008 -0.00997222691784548 -0.104589345039232 0.0306494659654228
0.0606871798452581 -0.0323294709225558 -0.0910877034530748 0.0112327052153578
0.0360747470501597 -0.0531881070962708 -0.0887574857830202 0.00285131303509726
0.000567268515012844 -0.0554894144398134 -0.0739377668372845 0.00492591531526491
-0.0246409672703815 -0.0434851737471499 -0.0744054779235911 0.0136097057482949
-0.0386646540973848 -0.0279215945974933 -0.0635210161348875 0.0268844172200185
-0.0410231206653501 -0.0151620002262373 -0.0561252766820602 0.0206665694120544
-0.0404463433982288 -0.0155150685161481 -0.0509903168089862 -0.00101115800951772
-0.0401055133300803 -0.0203794246612888 -0.0528354447015619 -0.0262232352376836
-0.038703448196678 -0.0286796001587 -0.0383427259889849 -0.0571700334133861
-0.0295620858574415 -0.0466394336922913 -0.0086964387202785 -0.078843031136286
-0.00210082927916039 -0.0583986210146764 0.0401018977535947 -0.0636543701406846
0.0335692835733386 -0.0571047939819192 0.0561972677223651 -0.00924084323729092
0.064008467737733 -0.038157444778167 0.0238296131724063 0.0297220129229885
0.0667570479299739 -0.0126833998425299 -0.0492079971112325 0.0283238486003483
0.0294817465758265 0.00508898023729413 -0.114781775983394 0.0397760983278247
0.0326622900202524 -0.00795034950422589 -0.0913030631474427 0.020111956575669
0.0197845329189186 -0.0226716607686502 -0.0818052597946655 0.00513379577903962
0.00302438994113632 -0.0230152149866682 -0.0712475285651028 -0.00195974169015136
-0.00616018394639288 -0.0187997374987743 -0.0795982658003796 0.00721692884882844
-0.0145031937289866 -0.0154959958663038 -0.0724008632183877 0.0208675544399042
-0.0172736047728604 -0.01042935508232 -0.0675338582523143 0.0161543430566621
-0.0163466335161075 -0.0127188733492417 -0.0620241845431957 -0.00758706879871316
-0.0166640899611823 -0.016008212319033 -0.0602279857105574 -0.0351525718489773
-0.0142223574588072 -0.0201593875632003 -0.0379095418590342 -0.066647051587399
-0.00690180930026211 -0.0306223991550586 -0.00294876981627509 -0.0836608297251864
0.00926888927586309 -0.0349916132645289 0.0438007871772468 -0.0631585755076301
0.0324013873356285 -0.0279805245010258 0.0509863331036583 -0.00908399676323516
0.0459163433595074 -0.00856377253717881 0.0119808731532914 0.023694927106757
0.0360787971642525 0.00739738091514273 -0.0645042926855419 0.0203212232628448
-8.16809887008295E-05 -0.0192787975204215 0.0780224661909318 -0.0260749531351681
-0.0169467190342934 -0.00482863354757424 0.000683918150074785 -0.0381163486313822
-0.0158826180849741 0.00781236830866276 -0.0526537190732432 0.00380266304955105
-0.00347303540239519 0.00749105501696842 -0.0587396961355276 0.0651905306474599
-0.00415204479978535 0.00290917585065102 -0.00356030796349369 0.0926553318802925
-0.00546690013231038 0.00501744981834094 0.0420646810793791 0.0770248896521
-0.00564308654060701 0.00791129876259104 0.0653420248810368 0.0464783800497252
-0.0104558573120598 0.0103452470950931 0.0730670452776642 0.00819914902304108
-0.0132819114909609 0.00881264264811875 0.0704874491970458 -0.0163002771529116
-0.0167221851895251 0.00543036597141792 0.0712642306223148 -0.0297577726606198
-0.0180887212683357 -0.00176570287162288 0.0783204236429758 -0.0205545558333438
-0.0117393179615514 -0.00985106237734858 0.0780930071425396 -0.00465874371278611
-0.0120374207449859 -0.0135860617075669 0.0835770359476859 -0.00887672268478762
-0.00747683110208408 -0.021692601339985 0.0942838277648473 -0.0192407915060306
0.00983881423975708 -0.0259416249265448 0.111456077855136 -0.0476721173944148
0.0372499499753186 -0.0277897419357033 0.0672304163466861 -0.0174779283848193
0.0133658014242067 -0.0209777692210029 -0.00324829704716172 -0.0334327456928576
0.00425889716864873 -0.0130656305481139 -0.0578110392676985 0.00117388705045617
0.00121519080761698 -0.016745445667763 -0.0637296146045321 0.061100336915419
-0.0137265353097335 -0.0190818386010913 -0.0140306097594985 0.0900126380113883
-0.0242103518103403 -0.00986803348794257 0.0326912824545387 0.0801986717835576
-0.0286477671905127 -0.000175506419853073 0.0568230611407739 0.0499512593574747
-0.036401445451623 0.0065766696979473 0.0647786031565442 0.0110926060199999
-0.0404354716999646 0.005547586673383 0.0591276802670481 -0.0146216553572113
-0.0466347273841184 -0.000838767298018742 0.0573358031786234 -0.0339109766452449
-0.0486272534582613 -0.0190232096549968 0.0665712176758946 -0.0338642882991479
-0.0311369761169313 -0.0407362886144216 0.0742228099200783 -0.018073722455179
-0.0108018982999006 -0.0543001359870274 0.0821121218502672 -0.0148266729352033
0.0169302390065705 -0.0586764553425672 0.0879829955908199 -0.0169918244006395
0.044207558998019 -0.0505588240885717 0.0980094303021073 -0.0377039190268651
0.0720534238208728 -0.0321446438468089 0.0415448296638367 -0.0112936949996404
0.0452482428431956 -0.0357785866906239 -0.0167365629310024 -0.0314825447577588
0.0264174120369585 -0.0371034795283403 -0.0700882473823429 -0.00102882138237335
0.00596920061932869 -0.0434473548253426 -0.0717494479047704 0.0563708362830273
-0.0225652611700353 -0.0417351892849644 -0.0242070400470008 0.0833969678396284
-0.0414554001092904 -0.0247148905738597 0.0183396915809698 0.076481527793157
-0.0488932506115105 -0.00812785409890287 0.0407045828880547 0.0492629057355891
-0.0577722418908514 0.00138743603735882 0.0471889575419419 0.0128696877550677
-0.0613910102402021 0.00209351783979356 0.0392401715015323 -0.0125837017653062
-0.0703863337963503 -0.00528564736244906 0.0357994326277242 -0.0361438028319648
-0.0740419362951138 -0.0302731446248165 0.0458895773462131 -0.046916971103424
-0.0505389553437423 -0.0630160713904857 0.0650957888566529 -0.0341980690754972
-0.0146462112830712 -0.086281120493208 0.0813962391958553 -0.0202242736502277
0.0332398032493856 -0.0896035381964231 0.0792932055210213 -0.00916073749036377
0.0707696620942306 -0.0687136225766381 0.0754333245642659 -0.0214893574067942
0.0967241817827507 -0.0351388857151034 0.00435204305619055 -0.00248290552278562
0.0717293220983768 -0.0495364712195165 -0.0385582738317639 -0.0272081172420622
0.0442806519280505 -0.0617975592196386 -0.0834773286326558 -0.00183190505219035
0.00597258109824355 -0.0693117315447759 -0.0770372213460126 0.0492312692631588
-0.0331666447119022 -0.0599741593660934 -0.0364238512478702 0.0710034218273384
-0.0561374043921528 -0.0348336698988388 0.000918535631492263 0.0679572988281529
-0.0624596207877399 -0.0138882304834068 0.0188877708792501 0.0443800557661339
-0.0700586470570588 -0.00316196446589264 0.0229072324369176 0.0127557062522557
-0.0731153573526621 -0.00283271933779868 0.0138263397644393 -0.0109948108651664
-0.0823613934678824 -0.0107676733237264 0.0104049902732698 -0.0378663137903662
-0.087008375145207 -0.0382066082281712 0.0221614481364381 -0.0569049534885756
-0.0595470874844813 -0.0762855603190466 0.0539071069133495 -0.0486480476867949
-0.0144815316024435 -0.104633285582671 0.0774964436077247 -0.0229312828730298
0.0459550499148636 -0.10512268975568 0.0704457043750022 0.00347456070884509
0.0878750009803738 -0.074129227769413 0.0455856881661115 -0.000241261854067243
0.105107604333388 -0.0342959977014696 -0.0382745813049439 0.00942585363447376
0.0846377316924534 -0.0582068277943572 -0.062650595273695 -0.0152975518746755
0.051362899565052 -0.0787980895397795 -0.0935287316220278 0.00049842846916044
0.0010033928306101 -0.0843101569192133 -0.0798316731578027 0.0376688329012878
-0.0411856196691207 -0.0678448257928608 -0.0499226624219411 0.0530073901545286
-0.063620995083689 -0.0382299783518081 -0.0208367714205852 0.0555515304285585
-0.0671439682143999 -0.0157626211411424 -0.00759953523614272 0.0382066210147687
-0.071688651311078 -0.0077868022772168 -0.00459635213391994 0.0105163829360292
-0.073682005876353 -0.00969839516132565 -0.0136049891010913 -0.0110592372150776
-0.0805781363949245 -0.0182655759783738 -0.0147725326511317 -0.0397011358699464
-0.0825762735769454 -0.0457710479751841 0.000408582386473043 -0.0643166218123984
-0.0525270349607205 -0.0811813408103872 0.042848284485692 -0.0587844865446016
-0.00323280684183804 -0.10562226582187 0.0725719884499164 -0.0209729501691099
0.0580653714211488 -0.100548575732924 0.0587819572683264 0.0171800054853817
0.0938518789198287 -0.0644769458419491 0.0124701818475952 0.0189227507105042
0.0940967049128462 -0.0284323642861523 -0.0771037445675251 0.0246551645576322
0.079451953468971 -0.0543521969593566 -0.0821125802339379 0.00120848440084636
0.0462958701182718 -0.0778542258290271 -0.0952302581682913 0.00570317224869775
-0.00310580100927958 -0.0801308636490795 -0.0790271846706951 0.0230009669806494
-0.0401622916182307 -0.061591015077263 -0.0648296549980869 0.0341207049346283
-0.0590779224269725 -0.0343204658904887 -0.0444160880629808 0.0419029874411332
-0.0607725264963456 -0.0143596558970727 -0.034429184129677 0.0312101943552079
-0.0623814051647435 -0.0116287206852189 -0.03180522720541 0.00694694420464328
-0.0627064509679092 -0.0152225207547496 -0.039175476902208 -0.0149053246711256
-0.0659536929233884 -0.0247955341065378 -0.0333785137770562 -0.046342014878531
-0.06166990353739 -0.0493760217928545 -0.0129937052761814 -0.0721670739104491
-0.0305696559992662 -0.0756305279878247 0.036888105895486 -0.0648652883044978
0.0154516455714623 -0.0886436555424498 0.0654702980520332 -0.0167717924006132
0.0657187370836868 -0.0774339319222094 0.0437645967224269 0.0267501429434062
0.0871867473206572 -0.0438776628385615 -0.0209097539952701 0.030667656581083
0.0673293663411544 -0.0157497058632699 -0.10457468797516 0.0392803826063684
0.0594537160749862 -0.0377595324082482 -0.0927325725819093 0.0166491139990502
0.0332550106207646 -0.0572719775707222 -0.0908024084030951 0.00950719271242984
-0.00381814970403209 -0.0567331330605426 -0.0762390340827853 0.0105736359967243
-0.0285840672029659 -0.0424372114235081 -0.0758762696563949 0.0200975907452745
-0.0422164761162564 -0.0252124060361633 -0.0636049799152188 0.0327854862443715
-0.043462442541049 -0.0120341354005127 -0.0560528942406104 0.0260004337050245
-0.0433030825291417 -0.0130092976956983 -0.0525875310572125 0.00283374255005006
-0.0430287704214032 -0.0170731721609696 -0.0564151932605087 -0.0218045967380301
-0.0421593703145316 -0.026207292252913 -0.0433665725794413 -0.0555124561830944
-0.0343875883783855 -0.0448288147518616 -0.0157777072074441 -0.0803202976874568
-0.00677270080586167 -0.0596111540910135 0.0364860132810232 -0.0680887504472609
0.0300213668098592 -0.0606794478767162 0.0582021391194272 -0.013774075887721
0.0624461818879758 -0.0440569375369721 0.0269582664007144 0.0287948835871143
0.0678647438715793 -0.0181848580374529 -0.0484749070691716 0.0325027470490289
0.0303650986410007 0.00284869613612013 -0.11556388544544 0.0498294802350258
0.0330405137318336 -0.0109099625456634 -0.0927987023169878 0.0263414827466861
0.0186546938540882 -0.0241514810239434 -0.0838317381316927 0.0113675777947605
0.00109792753570427 -0.0238539362542155 -0.0742702000521676 0.00353329557129202
-0.00777301816134049 -0.0189382900022771 -0.0811838239488766 0.0147020850657123
-0.0162605705421762 -0.0141510798014722 -0.0733907997744356 0.0277882321022616
-0.0183077791776176 -0.0095600534451053 -0.0687600247602488 0.0222981532796599
-0.0175215569601118 -0.0122118713511774 -0.0650881953188336 -0.00234505070974682
-0.0179207387801778 -0.0147409083372178 -0.0647382506167546 -0.0305803743834391
-0.0159435200404782 -0.0198253768995705 -0.0442658574979799 -0.0651171516373007
-0.00947969235456581 -0.0307389662516174 -0.00992962705646757 -0.0859744017793112
0.00696695374877388 -0.0367378333580569 0.0398079534298568 -0.0684498521019891
0.031172097652586 -0.0302485255164919 0.0519535116537312 -0.0130251779831585
0.0461244050396562 -0.0126704880245841 0.0145573849245989 0.0237989184009122
0.0374580664379408 0.0049814007649066 -0.064908826483006 0.025747671152018
-0.00185299251958017 -0.0188343695552285 0.0756289244718615 -0.0314993904978444
-0.0166053980401571 -0.00373605721989451 -0.00291278830759234 -0.0376241453465449
-0.0140058538693961 0.00881937711383865 -0.0517743477268837 0.00673304094001519
-0.00298811099039165 0.00718743477100457 -0.0529234363872865 0.0677955763073585
-0.00441986387235052 0.0034515222971677 0.0035594804944308 0.0909129860012328
-0.00483253299785985 0.00494388736012862 0.046700649152546 0.0718151595430711
-0.00535873962849546 0.00781915818285111 0.0675590291722784 0.0405090948324251
-0.00888440837953823 0.0103153562812294 0.0721553964793435 0.0023938253673477
-0.0121271919951529 0.00987497760336207 0.0678284285666148 -0.0210024476261595
-0.0162195218346146 0.00657037041460684 0.0675643314434052 -0.0335306545265719
-0.0177026503964337 -7.82597795745401E-05 0.0747037983000384 -0.0259571355297492
-0.0127630642855812 -0.00890903071949269 0.0772393383749665 -0.00968422931739736
-0.0125017401461751 -0.0127371150404121 0.0810365506101797 -0.0144847160062337
-0.00818133903003482 -0.0204606663581223 0.0915732610738983 -0.0246753486458984
0.00789756662085451 -0.0263881508773529 0.106022309341378 -0.0542408382291535
0.0345121772751258 -0.0300002602373189 0.0649206408434874 -0.0229254628574126
0.011678943371923 -0.0210160114527175 -0.00530008560821355 -0.0328660214732722
0.00349030088461193 -0.0130714966515127 -0.0570193340139865 0.0052729356720494
-0.000342780205168682 -0.0163183448290007 -0.0589559806029259 0.0645399201551615
-0.014611374570089 -0.0176213028549112 -0.00732724282113682 0.0891408993607117
-0.0242665300689484 -0.00799225267084595 0.0374383649587486 0.0754475384291417
-0.0280192078181979 0.00252695615551444 0.0594864804027046 0.044265141141796
-0.0352509088079752 0.00931344131794665 0.0639367042151096 0.00526892089333128
-0.0393811768746615 0.00890707461915325 0.0578453176818523 -0.0184705092217247
-0.0458868565215214 0.00275404568937202 0.0535899478416371 -0.0369456159384711
-0.0484868405863509 -0.0151407562511706 0.0622163527585942 -0.0377520102130449
-0.0334146238681602 -0.0376762338473126 0.0719772399550076 -0.0226913541500593
-0.0144202227715372 -0.0521399636484847 0.0801287908368302 -0.0200183071393462
0.011820735813745 -0.0586885628256696 0.084825767909451 -0.0224592262933069
0.0397105578236651 -0.052634271404653 0.0935095920969865 -0.0445646495193683
0.0680211785161485 -0.037975309513083 0.0409689899234126 -0.0143803766118431
0.0419147595361432 -0.0381066042414857 -0.0178077814140209 -0.0301151524965491
0.0237139788184563 -0.0374595210562194 -0.0690188028203435 0.00281357936203184
0.00300344491710434 -0.0429165382453954 -0.0665702628537404 0.0601059229502456
-0.025136710263869 -0.0387965713121548 -0.0181536246302271 0.0834625340241078
-0.0420668163957545 -0.0204028282811868 0.0236711580058868 0.0729444745034187
-0.0480280851483908 -0.00401158430621128 0.0438693810819289 0.0446971165570477
-0.0559409813733252 0.00624652122438262 0.0472632855670391 0.0086190015844583
-0.0600925713038133 0.00699612290586427 0.0378831146278684 -0.0155975434553191
-0.0690559771755768 0.000591733982051022 0.0323194882638536 -0.0382407536305407
-0.0745280535247056 -0.0235867410185768 0.0412994658022941 -0.0490798953906175
-0.0542717205551105 -0.0576930964743994 0.0621491959753134 -0.0377392318782951
-0.0204405026352163 -0.0829645565458831 0.0779467261563083 -0.0254374049673307
0.0251954442009862 -0.0897281587895651 0.0779875824919629 -0.0139108346557531
0.064651316737248 -0.0718461986401184 0.0729909362766782 -0.0262866692709157
0.0917395893093726 -0.0417578822067639 0.00485292092720954 -0.0037463802241149
0.0663147482170321 -0.0534905068656064 -0.0385164489466373 -0.0248055735125756
0.0386294640069909 -0.0634791566236124 -0.0822746276587188 0.00340784172083841
0.000161098471563509 -0.0680818390942478 -0.0725813593628529 0.053496716715219
-0.0374039561165746 -0.0562453355978906 -0.0303631326895631 0.0716658552430103
-0.0575146462622601 -0.0289330566172787 0.00612962899620065 0.0658962469798708
-0.0619353433284547 -0.00797617533784361 0.0217678705265989 0.0418447269431537
-0.068508317122234 0.00215815131534076 0.0235308526693375 0.0106797269087118
-0.0718464852279035 0.00287144630621 0.0131578703535315 -0.0117332255691021
-0.0816884901689491 -0.00366618140779901 0.00738334949145565 -0.0369007370750808
-0.0880339196622029 -0.0304472390586543 0.0170217339355587 -0.0567650658477168
-0.063928955199599 -0.0691220300846687 0.0498802949624746 -0.0508584551935125
-0.0215926297151109 -0.100881162892565 0.0750408056052636 -0.0277768194826708
0.03707215780199 -0.105650700816529 0.0698488238561646 -0.00201069559488573
0.0805221215438568 -0.0790553527181557 0.0454613305824116 -0.00391922844300903
0.0995446611385222 -0.0414668329516756 -0.0362731523792794 0.0113027834096139
0.0778742749034498 -0.0627011192873843 -0.0611669181515885 -0.0118726812043843
0.0447263944862958 -0.080479512489509 -0.0917639990177418 0.00712990684688234
-0.00505995707616725 -0.0825762233267357 -0.076153141982395 0.0424721960119741
-0.0455606273190506 -0.0626184468456988 -0.0455032159744448 0.0558860363264627
-0.0646198477596054 -0.0315501191852595 -0.0165410212565523 0.0549525030640474
-0.066893192065241 -0.00986017731345283 -0.00464617043419715 0.0377805648233774
-0.0703612007333993 -0.00230937523762048 -0.00363586066547488 0.0111278058109221
-0.072612349624478 -0.00347440558840902 -0.0139377524582701 -0.00923116202618099
-0.080258557298761 -0.0109552005339792 -0.0172132022954494 -0.0373886902753043
-0.083727597672258 -0.0378778051639239 -0.0046841160768171 -0.0626731985984279
-0.0572899196446374 -0.0749950272784784 0.0383834375264655 -0.0600288592960013
-0.0111558289506536 -0.102410409063222 0.0703815022665372 -0.0258945517758356
0.0493774412785795 -0.102052353251442 0.0596975272208007 0.012217965494761
0.0871840876505443 -0.0703785704704973 0.0135916100309716 0.0172443794741039
0.0900475661493473 -0.0348852185879594 -0.0735919064669005 0.0294828511167758
0.073248111061365 -0.0594440384941657 -0.0795173030142178 0.0061771308811303
0.0396492103007424 -0.0787696307365451 -0.0934028541740794 0.0114756903732144
-0.00886154506294325 -0.0772404134615455 -0.0764469821750319 0.027178294625079
-0.0443598814957723 -0.0567060089683793 -0.0609100671103297 0.0384592518019658
-0.0602049411150308 -0.0282330857710529 -0.0405274433989454 0.0448363548794339
-0.0601620385337704 -0.00949791580134 -0.0316521433700865 0.0329954062978584
-0.061376089017279 -0.00665594537575836 -0.0300682322249401 0.00980040902447717
-0.0625365286359841 -0.00994132437643346 -0.0386727614138676 -0.0112935442549514
-0.0660892788837864 -0.0188258627637765 -0.0364815102646239 -0.0417214815954268
-0.0642141624787353 -0.0433035255127561 -0.0175996970981031 -0.0693537005736599
-0.035590173742668 -0.0713700784016919 0.0317380307888824 -0.0661528914559158
0.00908939735117869 -0.0877063330647597 0.0641507957768571 -0.0216237383580042
0.0580358710940177 -0.0797847239958288 0.0446696484595826 0.0228157275136356
0.0825639286226946 -0.0492564807460272 -0.0184463218497103 0.0314816253939618
0.0649488773811479 -0.0203747708447703 -0.0996642870198025 0.0452872000239911
0.0554179735724101 -0.0408466250522437 -0.0889761301790563 0.0217571917703091
0.0284352499090428 -0.0578841339453297 -0.0884613372167979 0.0156580744087744
-0.00788882514554181 -0.0555215978936708 -0.0755874929891315 0.0150639693588044
-0.0310344448403285 -0.0392025618744536 -0.0728537928403357 0.025528785322415
-0.0428772709620645 -0.0204631586552205 -0.0597056131994188 0.0370119263529074
-0.0428270874871853 -0.00826685365505535 -0.0530850538024634 0.0299184911358421
-0.0429571288324575 -0.00948438041823266 -0.051242128403781 0.00738007312145738
-0.0430255022988756 -0.013771565453627 -0.0565621947816225 -0.0161498130804571
-0.0427883318572515 -0.0223360714283421 -0.0465683943659823 -0.0500725934997006
-0.0367307327692726 -0.0408603936526767 -0.0217672267364353 -0.0765080375056118
-0.0107298853726113 -0.0574917035474955 0.0312076676139827 -0.0692100883355588
0.0256456667247897 -0.0612720111864922 0.0562942807020891 -0.0173769190428637
0.0579485940392423 -0.047719127801008 0.0291620740925007 0.0259965770416584
0.064583118883356 -0.0222423770204906 -0.0447334244271195 0.0354607024880017
0.0300006379229079 0.000808345076942886 -0.109349340824219 0.0557606736860797
0.0314082464159878 -0.0128053931395536 -0.0889905057555288 0.0311733345543699
0.0167978614009066 -0.0243080163048188 -0.0816712637713538 0.0162253082353845
-0.000272262508066143 -0.0235202970238942 -0.0733137090100667 0.00889487501914777
-0.00873358282709426 -0.0178218848373698 -0.0786724663477079 0.020217590725334
-0.0170331281727117 -0.0122418797749057 -0.0694555315597415 0.0323571242486425
-0.0187054196361392 -0.00783969928142108 -0.065740445025285 0.0272538836285511
-0.0181229968743534 -0.0107071940385005 -0.0637468720613214 0.00266464466408453
-0.0187099359233309 -0.0127994435088123 -0.0657510947545562 -0.0241946233405142
-0.0169220739168477 -0.0184308283218227 -0.0475829732318334 -0.06036738560819
-0.0115168318730795 -0.0289169823397849 -0.0160086768799386 -0.0827917298905867
0.00412035553530717 -0.0358439234717219 0.0342656578990663 -0.0697134913902467
0.0284647897787072 -0.0316409294119449 0.0505288083926316 -0.0160963195667396
0.0437646765535913 -0.0154114250716486 0.0163255589336928 0.0219713570128609
0.0365185292235462 0.00260835207728002 -0.0614393227807544 0.0298131477717355
-0.00260995685104646 -0.0183816666116702 0.0709134783535259 -0.033298046107712
-0.0155952201368817 -0.00329811219180454 -0.00404255917064847 -0.0361771185284405
-0.012602924560207 0.00808830060582258 -0.0497347311206771 0.00770547748644211
-0.00282464694932541 0.00677759376573392 -0.0488582242716643 0.0667953480572379
-0.00424870016429217 0.00323094791665608 0.00547503312059957 0.0858714457651344
-0.00461743407678025 0.00529855559902212 0.0476838225951196 0.0663081260554291
-0.00447839460931126 0.00732943090510569 0.0659657885328624 0.0356463410612791
-0.00863675089783825 0.0103310389174799 0.0691562236247181 -0.000936313880182942
-0.0110451327057888 0.0103264143053517 0.0644276797474823 -0.0224951211971586
-0.015465991611879 0.00711288928417941 0.0632179162271056 -0.0340694372901879
-0.0168677069319639 3.68733445912115E-05 0.0707093499760674 -0.0270934231559342
-0.0126046229006146 -0.00795352943947297 0.0740306276935994 -0.0112783113830925
-0.0127648821237282 -0.0115461957212581 0.0769857649498242 -0.0155993071764573
-0.00835936040577072 -0.019442937142656 0.0870726110593374 -0.0257361716691578
0.0067521054905914 -0.0253148163538087 0.0998886847299266 -0.0545616602602944
0.0314232826396088 -0.0305168577747419 0.0617132696913324 -0.0245365064581115
0.0103942622686481 -0.0206814359725036 -0.00591471493481716 -0.0314370877323936
0.00297100605152562 -0.0123406513072668 -0.0547736056787376 0.00641769564589308
-0.000583581655714867 -0.0155232191045162 -0.0544919225739631 0.0634975353437239
-0.0150813619471721 -0.0158813303976652 -0.00424163370039238 0.0849466645797367
-0.0234626586961769 -0.00596540287144725 0.0386876639772066 0.070070390895451
-0.0260837576359659 0.00298048727815015 0.0582534804359041 0.0397820198261607
-0.0332629358893303 0.0100790223611518 0.0615356118257267 0.00304462002842681
-0.0375610444476324 0.0106421011581264 0.0540029899515461 -0.0197744164546741
-0.0440380147860595 0.00506704338120635 0.0504158577558465 -0.0371030414312396
-0.0471518115264368 -0.0127864361877626 0.0575266677080474 -0.0380288975533059
-0.0335421697047154 -0.0348765626867574 0.0689202212957927 -0.0238739892204251
-0.0153405305937315 -0.0492036118065135 0.0761486248372234 -0.021457066229379
0.00934565411352791 -0.0558047261476677 0.0800000361440267 -0.0234029364358854
0.0363828863371417 -0.0516516427100088 0.0886570665620592 -0.0449502083975048
0.0626079701178236 -0.038143901571933 0.0388055159346209 -0.0156821858204632
0.0385151359080255 -0.0373226562572484 -0.0180298180962135 -0.0289199089051841
0.0218467190685673 -0.0358866467672939 -0.0661829642518373 0.00486739560003236
0.000944535920432975 -0.0408272614000009 -0.0618491765893594 0.0591416627356428
-0.0256009958176929 -0.0357664214952974 -0.0148346302788125 0.0799492980573165
-0.0407624508562821 -0.017431288104379 0.0252626823064845 0.0687064757478244
-0.0455296015781772 -0.00203373799396366 0.0435683515064925 0.0408212410664502
-0.0534891028959951 0.0081140932737043 0.0457529333295904 0.00678074696354114
-0.0571636251882001 0.0096626587785142 0.0356197056156437 -0.0158544669986601
-0.0661132922589886 0.00387580053370722 0.0300819583531205 -0.0368514395530747
-0.0722955146437542 -0.0194680713930135 0.037581031081917 -0.0474962219802349
-0.0539460012758348 -0.0527233159865172 0.0586931834326208 -0.0382208868233247
-0.0221896492273897 -0.0782636739123361 0.0742785866953543 -0.0267938408107079
0.0215144651171997 -0.0859474731343131 0.0741134573414848 -0.0154984784137055
0.0598319671826292 -0.0708772204209675 0.0693228234607031 -0.0277773409133087
0.0857648356534352 -0.0434674248142494 0.0048761549591658 -0.00465630576457317
0.0616899789896883 -0.0530757967891293 -0.0371540768389577 -0.0235840583793025
0.0352986304134848 -0.0613421694451736 -0.0786941517480468 0.00512628584442926
-0.00197343759069798 -0.0647761513536279 -0.0679375944598234 0.0532922597633245
-0.0377230998171218 -0.0517558808886763 -0.0272795068381222 0.069617084212747
-0.0554014097153341 -0.0251562474746106 0.00791201056832304 0.0622670188705269
-0.0590947915212801 -0.00508143728855481 0.0228976867550496 0.0391344561787997
-0.0649122447317906 0.00499481169505387 0.0230485674309287 0.00944392729032158
-0.0690005928689285 0.0057533506014965 0.0118524459819407 -0.0111146258804268
-0.0778239916558023 0.000274766474276589 0.00586332106392326 -0.0355602235551788
-0.0849026982941421 -0.0251395989795691 0.0141522110359074 -0.0540057630330003
-0.0638476089350615 -0.0642134136571058 0.0463214324546943 -0.0501132514893433
-0.0244497367182128 -0.095106091343331 0.0711380649732387 -0.0294231417333131
0.0315264696536435 -0.101977823208582 0.0675804400020751 -0.00403856152946159
0.0752841225417537 -0.0780751143577443 0.0439689501373568 -0.00552018815521983
0.0928696645906523 -0.0435350431385429 -0.0333883754019593 0.0113747791664987
0.0718230036096952 -0.0628473246864375 -0.0578434970109682 -0.01054447888438
0.0398775007811455 -0.0777883300174382 -0.087634831314385 0.0083492069600338
-0.00848162760482418 -0.0783975602172492 -0.071405282375024 0.0429470285137004
-0.0459260247944986 -0.057530417859307 -0.0417673282995896 0.0548795386555461
-0.062600078606367 -0.0272521736418882 -0.0141322134419759 0.0531054501514112
-0.0636601136912798 -0.0063608953456563 -0.00282014898167167 0.0358312384217834
-0.0674033508701297 0.000770787175435979 -0.00283284263181645 0.0108437998064255
-0.0696212889349077 0.000106158700646738 -0.0137352185512161 -0.00802648609490336
-0.07706899096326 -0.00686150503483347 -0.017468850739785 -0.0351052957038526
-0.0813081810048893 -0.0320509702642061 -0.00709626406469604 -0.0582585007666613
-0.0570128092887661 -0.0684359806843044 0.0347884767509811 -0.0581415528812385
-0.0136839142220839 -0.0965454918857066 0.0666798880247538 -0.027007609934384
0.0428123904812634 -0.0990399477149657 0.0581107674997063 0.0100959461930045
0.0817432314346198 -0.0696097840024206 0.0136805676123996 0.0158987521824029
0.0841526372265696 -0.03665766239709 -0.0693299274244212 0.0293618066166712
0.0678557624948084 -0.0587033009509202 -0.0756224256910732 0.00663793676217856
0.0352964095831927 -0.0757151743351966 -0.0884046145215736 0.0133563477045732
-0.0116738108009582 -0.0734637593996855 -0.0723413661002487 0.02872841695326
-0.0445468461387259 -0.0522691767716866 -0.0569779481841697 0.0389939471552781
-0.0584854977073015 -0.0236505598107521 -0.0366841265192114 0.0437826432706626
-0.0575672799576451 -0.00645912415382096 -0.0289191282497051 0.0334209057181661
-0.059077147598172 -0.00356911603031635 -0.0287983326357864 0.0108717708675872
-0.0594772345851428 -0.00641593828628247 -0.036920043635156 -0.00906826733003178
-0.063878558991962 -0.0148712432253515 -0.0354690323832528 -0.0382313684997829
-0.0629667198941197 -0.0381974397609081 -0.0202239467644818 -0.0645103582129517
-0.0371304867015256 -0.0666914563194048 0.0281225202777505 -0.0634204717623178
0.00548878181530128 -0.0831352817984325 0.0615835080755046 -0.0228731261271336
0.0519786522120018 -0.0778668001867928 0.0444256168023468 0.0202044105679396
0.0767940445220846 -0.049932938562364 -0.0157426649975629 0.0306575207550019
0.0603659653665709 -0.0214730853891124 -0.0935369876963536 0.0461124189016313
0.0515689195681882 -0.0408225189852809 -0.0837637143911542 0.0229289590881719
0.0251958699608872 -0.0551652580800901 -0.084083848668447 0.0171808019678577
-0.00957215319489929 -0.0520580109949391 -0.071069780376124 0.0166143822931445
-0.0314000690486125 -0.0359574961060268 -0.0689662006116666 0.0271968292172696
-0.041828400748019 -0.0172771124543254 -0.0557832044384238 0.0375922021572069
-0.0416205390865927 -0.00570981486964361 -0.0494793330478638 0.0308008205101789
-0.0415518187224367 -0.00718683695627741 -0.0483867477263261 0.00908590000867397
-0.0411998270878458 -0.0108842217742362 -0.0544325499836975 -0.0132871696597207
-0.0414713242522741 -0.0191421809239032 -0.0461404985491359 -0.0459409051495232
-0.0366412840933546 -0.0371454547503818 -0.0233165276833161 -0.0716251181765142
-0.0125152694416477 -0.0546241703122771 0.0275884591051188 -0.0667017953064142
0.0222852783419398 -0.0584638733670452 0.054414473987664 -0.0187723715826698
0.0525709189754129 -0.0467906490572994 0.0292192123175371 0.023276351467959
0.0610951270511959 -0.0236824239699238 -0.0413056965044168 0.0349861559684392
0.0282675113540411 -0.000518930572429975 -0.102868568125143 0.0566511068576275
0.0296453620986264 -0.0133859592943763 -0.084473260238849 0.0321966837911781
0.0148784283735194 -0.0237719844990996 -0.0778602349015119 0.018015780261172
-0.00111760965145364 -0.021883285072552 -0.0701231263037527 0.0105972482357459
-0.00909641464368628 -0.0167315315026631 -0.0741952025523683 0.0227760422757734
-0.0167708044726006 -0.0103715675846158 -0.0652177820402287 0.0339470628262427
-0.0182783302598651 -0.00623118441827841 -0.0619984379102859 0.0285751489215888
-0.0178423719567653 -0.00945121186869304 -0.0609809956127901 0.00585502033275407
-0.0177964254165707 -0.0113817925255643 -0.0628970960685995 -0.0206643544225781
-0.0164182358855094 -0.0167717359483847 -0.0478244430153923 -0.05542195198578
-0.0123035077713801 -0.0274996112404751 -0.0184580557420246 -0.0776271424814368
0.00260962950255698 -0.0346008390107296 0.0310131459188351 -0.0673739800874216
0.026325592232217 -0.0308903611824549 0.0486717276551227 -0.0169100325721655
0.0412426921316936 -0.0161974703686377 0.0168629129812398 0.020397408903427
0.0345907226811414 0.00147794345188459 -0.0571333830532251 0.0306775367686915
-0.00274387319684302 -0.0179805897228059 0.0688909707515103 -0.0324362438379798
-0.0148765178911393 -0.00370826487379952 -0.00378466467896362 -0.0353924578525411
-0.0123428321935962 0.0077552856620606 -0.0484401000129182 0.00769079894105924
-0.00294013556226679 0.0066665921600978 -0.0472761394209982 0.0642326874731736
-0.00395713824817237 0.00330711664174218 0.00449384248713274 0.0826440428456597
-0.00392482195658833 0.00539310457246878 0.0463258136605214 0.0635038013297779
-0.00442330607935569 0.00741252480671158 0.0647558179331111 0.034194837046453
-0.00806016366237603 0.00999051366779835 0.0672742018529767 -0.00147989232755153
-0.0110365107427381 0.00992512269958543 0.0625079737637238 -0.0220563482051202
-0.0147529951248513 0.00712501214667412 0.0617667072156753 -0.033107465854281
-0.0164172967182211 8.09886321789918E-05 0.0685393951183748 -0.0257097090208458
-0.0116224979665046 -0.00820843449740394 0.0721358114234945 -0.0107937001579358
-0.0120143269381433 -0.0110230071331568 0.0744442716305952 -0.0151166146920139
-0.0076410684803166 -0.0182669088087814 0.0844084608328191 -0.0243071237406538
0.00661658206554867 -0.0247736304983599 0.0968943137686529 -0.0518193052189934
0.0301024510308826 -0.0290148326203955 0.0600344479926176 -0.0248985553571895
0.0101442421851078 -0.0199845055739915 -0.00560425507242095 -0.031116169903883
0.00315664291394202 -0.0121184701254453 -0.0537504211109377 0.00565632519881228
-0.000450809351669456 -0.0150114837247484 -0.0531489278778495 0.0608983381618237
-0.014637751250016 -0.0151346749492998 -0.00522564258633045 0.0819053812628819
-0.0225821619853951 -0.00589328776583535 0.0371394649126802 0.0675601269223809
-0.0257332712058192 0.00300090362912889 0.0566323741464452 0.0383541853587726
-0.0321627132535622 0.00959244168312564 0.0601351776985929 0.00215196073403617
-0.0357453810807573 0.0106051909062429 0.0530145181272478 -0.0196896848115171
-0.042524389075371 0.00501451348591568 0.0494038981876959 -0.034990356704491
-0.0453021840661281 -0.0121051148767962 0.0563054679065712 -0.0363358120803874
-0.0322287063797552 -0.0339964546026608 0.0670644337395412 -0.0226028656415266
-0.0146848771613027 -0.0472835979746918 0.0743296552728526 -0.0203659230194169
0.00973175751799646 -0.0536225824687149 0.0785988452692576 -0.0219897503148084
0.0362502594122756 -0.0498424149030007 0.0864635993088082 -0.043114147998958
0.0603001198189796 -0.0372565162500637 0.0377121438919139 -0.0160109829504985
0.0367634969100679 -0.0360630292186035 -0.0168435290785603 -0.0294932196505437
0.0211986705335909 -0.0345016266881248 -0.0644430288003182 0.00473941123768942
0.00106898262777052 -0.0393686654144175 -0.060121982242634 0.0570480262604549
-0.0247800475938744 -0.0340005843469683 -0.0150306581475587 0.0761377633558934
-0.0391339768642128 -0.016498535174349 0.0243233015516223 0.0658431142551531
-0.0440733364603066 -0.00188050206282669 0.0419068556842298 0.0390709017896339
-0.0513619459033174 0.00818505993057288 0.0439115989641124 0.00656776509545653
-0.0552164563238457 0.00998406935298327 0.0354080029888164 -0.0152576545681567
-0.0644692590101901 0.00382600663147054 0.0294609578092767 -0.0353183712756003
-0.0698097406853976 -0.0183102715790929 0.0358261544973615 -0.0455839377886005
-0.0517643449245681 -0.0512893445676176 0.0579443139427725 -0.0364090381989625
-0.0214973067179225 -0.0753373182302108 0.0726125695374728 -0.0258281309255512
0.0208248565455848 -0.0826379426657418 0.0726963808286058 -0.014884833553001
0.0585652433459405 -0.0686074930864414 0.0674243798326884 -0.0266735331062504
0.0823936087450116 -0.0417758381435576 0.00547339554677716 -0.00528041578915972
0.0593072289493491 -0.0513155270945527 -0.0353857837318659 -0.0243762013773997
0.0347740073989685 -0.0585700056833256 -0.0758771009308911 0.00453331698918241
-0.00184094683202956 -0.0625583568911971 -0.0668562381230084 0.0511824652895881
-0.0367025553637672 -0.0496612013206145 -0.0270663673125282 0.066989416654595
-0.0531719065052226 -0.0237589278974115 0.00818701762949962 0.0598424726178681
-0.0570326990654913 -0.00446544798166447 0.021417590086049 0.0377898815764725
-0.062820322244902 0.00496750010415013 0.0222942738082729 0.0087479685142438
-0.0666506087691031 0.00607475632479069 0.0122001225487697 -0.0105193250984549
-0.0759676096856031 0.00081777887894318 0.00667169774454314 -0.0336553496958424
-0.0816721345442939 -0.0237027519620255 0.0135578285692164 -0.0514115480498421
-0.0614083650937932 -0.0609721317280169 0.0451181896184863 -0.04805633756361
-0.0232383228607075 -0.0912069650066054 0.0695538873494981 -0.0279708525930961
0.030440462925369 -0.0981285666337872 0.0656731183640885 -0.00331639899770052
0.0730712872008899 -0.0752522828874935 0.042347209892858 -0.00597651916579533
0.0898616635537466 -0.0416955643831443 -0.0322492273573746 0.0102697930480178
0.0696217638519449 -0.0598235130705945 -0.0557584373801087 -0.0121741431312253
0.0388158893474624 -0.0741877797093468 -0.0848335390825539 0.00771965307685036
-0.00735378292045822 -0.0752978045643754 -0.0697693043046293 0.0405334176134886
-0.0447242520301283 -0.0553796927006139 -0.0405597775240341 0.0531292923410509
-0.0602409344232531 -0.0253024127523841 -0.0132896171145804 0.0511103629992992
-0.0609509031674966 -0.00575877876979254 -0.00261074447026219 0.0349533627371269
-0.065571284023874 0.00131240535150222 -0.00308543472465563 0.0108962861574693
-0.0671205294684366 0.000665649521089033 -0.0127876305894622 -0.00780159040848587
-0.0748192644951429 -0.00620375877803384 -0.0163106149681494 -0.0332921988070573
-0.0784693305066684 -0.0302303452726014 -0.0063971839546251 -0.0559704986890639
-0.0551956102157605 -0.0660593759116198 0.0349977375939125 -0.0561714860536631
-0.0131568813971228 -0.0932430542691874 0.0657496111110787 -0.0265698022783167
0.0412395176719605 -0.0952308019465706 0.0569840820733331 0.00959363236745503
0.0791625750760048 -0.0673574587005291 0.0136527273270714 0.0147142311507766
0.0813893653086828 -0.034851978448145 -0.0665651177948259 0.0280912623395888
0.0655614518748238 -0.0566366515012375 -0.0723562192459104 0.00494740332360502
0.034389468437887 -0.072212807211613 -0.0856927685286235 0.0121742947312538
-0.0112813402006116 -0.0705750769427317 -0.0706211430301234 0.0276520690168337
-0.0429309991258481 -0.0500370161466583 -0.0554150445876982 0.0374937406677592
-0.0555673131059552 -0.0225087620098942 -0.0356447093575188 0.0427811004251904
-0.0556693256927517 -0.00592866277110441 -0.0279309464832712 0.0320434004385241
-0.0576356950727985 -0.0033640914397787 -0.0278351771110718 0.0109404407652857
-0.0579316547638529 -0.00584744368513706 -0.0354150812603179 -0.00816113443564398
-0.0618187226486007 -0.0139674599674649 -0.0338768464736703 -0.0368101846309549
-0.060242430956162 -0.0359814927948281 -0.0196131841328631 -0.0619897658509652
-0.0352113008340314 -0.0638969214395134 0.0280815283773797 -0.0615165536920153
0.00567312067090802 -0.0798944461737991 0.0601896041108366 -0.0221873213761025
0.0501403918337725 -0.074734546761273 0.0429680854077723 0.0198605663248186
0.0745433977505967 -0.0479956146209807 -0.0149459626912723 0.0294647684699237
0.0583857742970303 -0.0212672096280688 -0.0906178037509758 0.0440323801278846
0.0494887205592265 -0.0392370019349707 -0.0810655256865657 0.0206518471747569
0.0243557799441831 -0.052921087309902 -0.0809998682515325 0.0151751632823045
-0.0093307892255995 -0.0503114584999973 -0.0694668022600907 0.0157271295239102
-0.0299280791733333 -0.0351393806266462 -0.0668579981252648 0.0262031597916244
-0.0397916566920465 -0.0161340065982666 -0.0536050690527004 0.0361425646524887
-0.0398813288923163 -0.00521624828916582 -0.0478614999894487 0.0302109702981964
-0.0403376600960933 -0.00690788131875456 -0.0472041770207936 0.00941054807209501
-0.0396406228703652 -0.010970013659242 -0.0523466411242483 -0.0120157713821843
-0.0404430807055691 -0.0180869139082211 -0.0443147782736979 -0.044194634626084
-0.0352264312932303 -0.0353047193771796 -0.022195745733128 -0.0690478234725053
-0.0122153272786421 -0.0524609984832782 0.027255541222732 -0.0637016898676409
0.021838682417569 -0.0558917790331035 0.0532675269934036 -0.0179030044727331
0.0505510753425781 -0.0451171168214149 0.0283227503962499 0.0227377112898285
0.05918627663403 -0.0220269513474648 -0.0400740277489985 0.0339486575748493
0.027473609053281 -0.000504860678670975 -0.0998302198891876 0.0544445313251538
0.0283630093789461 -0.0128588401946799 -0.0815866636571843 0.0300777988833088
0.0145656866956584 -0.0224736739502214 -0.0754506143734619 0.0162451323518538
-0.000657789183408303 -0.0213661557796739 -0.0688826142831293 0.0100655205023931
-0.00895734237739561 -0.0163505161701872 -0.0723954312356597 0.0211924273040591
-0.0160518536163857 -0.00968371599784401 -0.0634006495879706 0.0330559428394491
-0.0175928431195093 -0.00571488214940385 -0.059891909258834 0.0280625013458017
-0.017063199060489 -0.00900168773701373 -0.05934577531003 0.0063669138640994
-0.0175812991419297 -0.0116003298789484 -0.06064955066291 -0.0191243379241691
-0.0158074516261228 -0.0168044770847456 -0.0456220229655389 -0.0533348739474338
-0.0116438470443061 -0.0257524260405241 -0.017440449660151 -0.0743673704957176
0.00239613738293848 -0.0330744565553469 0.0304198278803022 -0.0638925914383084
0.0252868389082667 -0.0295667629121433 0.0475824379065375 -0.0161082523788733
0.0401878449335878 -0.0147647878937328 0.0164053824399587 0.0195436117275877
0.033363025555105 0.00190250305841699 -0.0559147589113001 0.0292933896127511
-0.000634930679403015 -0.0179975355696113 0.0746519410093481 -0.0231122790688519
-0.0143370221553969 -0.00602997103056981 0.0020400046576223 -0.0365723089152915
-0.0131017685619184 0.00550512812783195 -0.049361743211026 -0.000495468427588548
-0.00416822764329094 0.0054847772489426 -0.0556707737028713 0.056363766860117
-0.00552497277070558 0.00233966103430647 -0.00780771767667595 0.0816482818127675
-0.00475957632582591 0.00361191868808378 0.035988503569503 0.0689080604889058
-0.0056843260343425 0.00581378661807292 0.059729232952434 0.04190698141655
-0.00941432748963751 0.00844387389399732 0.0669177785407845 0.00863659542787618
-0.0121600751848314 0.00742603796082648 0.0658674632824551 -0.0123135258346566
-0.0158346905351585 0.00443298925354364 0.066332017297218 -0.0226421137719785
-0.0161345849005008 -0.00385404916954701 0.0723670643249704 -0.0143895116700008
-0.0105596748625842 -0.0110650886475981 0.074108059110291 0.00148401727805908
-0.00955744272250427 -0.014353160034322 0.0758039314010742 -0.00181903468475744
-0.00425507293250293 -0.0207854133889163 0.0872985094973686 -0.0082448448274556
0.011140596985915 -0.0249608606573087 0.106561134271988 -0.0344197762400544
0.0330851630737606 -0.0247808994184342 0.0642343110270595 -0.0137468729540267
0.0132919383482629 -0.0180419574486046 -0.000395220317965041 -0.031856531956278
0.00516869775825761 -0.0110298482130771 -0.0534560021697362 -0.00144861539658855
0.00149846225136183 -0.0148471019425561 -0.0601263712486036 0.0532696219286874
-0.0124322475257899 -0.0171068109219265 -0.0157796102331408 0.0796582799425676
-0.0211266754749038 -0.00957954432636791 0.0282577916092621 0.0711487066070781
-0.0251907138676287 -0.00118047237211077 0.0517408652742169 0.0451738998801374
-0.0331719541510358 0.00441666559113689 0.0590821067872185 0.0114156628029365
-0.0367711711866976 0.00406189388029927 0.0558224521035357 -0.0106267609797074
-0.0424580350740671 -0.00186479731171643 0.0549253752531227 -0.0264317186327237
-0.0422732517169089 -0.0199266100443582 0.0618790311394677 -0.0255276105409782
-0.0262375989745654 -0.0398941504277384 0.0712000049851837 -0.0102812446920254
-0.00624397431387123 -0.0499319965275181 0.076362244502086 -0.00673083193403617
0.0187574411037074 -0.0523421374914381 0.0806361678793086 -0.00770878184073129
0.0439232193480321 -0.0440462483130012 0.0935001894199774 -0.0277819484415916
0.0643244398004141 -0.0277751854160919 0.0402804880694984 -0.00641071785373456
0.042071469509192 -0.0293999275984479 -0.0117992762997453 -0.0299821152425666
0.0260356414045941 -0.0309682243410983 -0.0639810962232815 -0.00342890706053662
0.00695987592686796 -0.0383994782203642 -0.0664211371921413 0.0494322684374138
-0.0190625699970692 -0.0370700125059224 -0.0242325609056152 0.0741947070344801
-0.035252995369275 -0.0223477646202276 0.0166336934802762 0.0682180139019996
-0.0436268839837874 -0.00861504318387508 0.0372215966020771 0.0449038815287919
-0.0520999190778479 -0.000411023193626907 0.0424215783162026 0.0132178908630031
-0.05551902076451 0.000329117533030877 0.0376953360824757 -0.00929147154330983
-0.0634152781867965 -0.00617060721862213 0.0354719887207293 -0.0289177850959316
-0.0650629254163963 -0.0294966379944046 0.0431228044192056 -0.037534663719312
-0.0427911191252544 -0.0595543743480264 0.0642009306986056 -0.0255510806743795
-0.00887042764880312 -0.0786283722689719 0.0753580704335586 -0.0124769431804248
0.0338607905986591 -0.0787053692032633 0.0728029978954609 -0.00192061109870677
0.0691292636853002 -0.0586829910525996 0.071220012946875 -0.0147594187371761
0.0859351418727387 -0.0298969659242467 0.00603867324052686 0.00162245197004354
0.0659097904799993 -0.0407917836399487 -0.0307398955397568 -0.0263543636492272
0.0431283799262142 -0.0523629862787764 -0.0749998479521656 -0.00277432480095977
0.0080692385272489 -0.0618295714095442 -0.071017634759327 0.0433571595717953
-0.0280233325714731 -0.0537778872361499 -0.0333404457359019 0.0638425680043348
-0.0480935795776739 -0.0311897242638832 0.00168639465719142 0.0592217377152851
-0.0554971341809013 -0.0134421191186679 0.0182484606414785 0.0404995512787295
-0.0631301277667361 -0.00484086806936817 0.0207644131569544 0.0125684198879631
-0.0658091512250685 -0.00425861469843792 0.0147031071285457 -0.00808621824670911
-0.0746503327866902 -0.010451470016472 0.0118417275026701 -0.031077915349932
-0.0763873653869385 -0.0361315380473476 0.0215297517150208 -0.0468293012056598
-0.050219148003949 -0.0709289261236954 0.0538112105761455 -0.0384525605311206
-0.00774343707413582 -0.0940372669289451 0.0732229381867193 -0.0155828953896275
0.0461446900529056 -0.0919387905705764 0.0636108944006708 0.00757298957718866
0.0848375615506157 -0.0621921712340838 0.0421437403852147 0.00103965154283869
0.0937803735847999 -0.0292403515372796 -0.0336128568414031 0.0124347472501695
0.0777793354930272 -0.0482870524127042 -0.0530140646821938 -0.0168694541341898
0.0500596255123463 -0.0669257187387788 -0.0828600920187744 -0.000514233815040179
0.00482847835159466 -0.0746053267083456 -0.0723431330358231 0.033142566635805
-0.0343782550717826 -0.0613532509914266 -0.0449535609848311 0.0478987965778201
-0.0543809185991939 -0.0339066406324511 -0.0175577601512214 0.0478203531723594
-0.0602774550838057 -0.0150994418209596 -0.00624562410796693 0.0346981689006049
-0.0647348110922527 -0.00879745284782796 -0.00468950062115124 0.0103904247207591
-0.0650642366917133 -0.00927461318771592 -0.0113623914910384 -0.00871011586253556
-0.0723108259667859 -0.0169600558027129 -0.010417270435981 -0.0337312496483274
-0.0721210831688512 -0.0415337406020898 0.00242853198126997 -0.0544602543339584
-0.0435919725397253 -0.0742576023384445 0.0445993798593947 -0.0481182214590914
0.00212032996993274 -0.0942010622856737 0.0686923261502179 -0.014479813452716
0.0557241005631016 -0.08638697353845 0.0522099056305395 0.018683522157387
0.0893386655531289 -0.0528829336028583 0.00991289187930151 0.0172741423247483
0.0848458099135885 -0.02377315687266 -0.0707476913257734 0.0244852284561006
0.0731048303841591 -0.045901712393771 -0.072007280444823 -0.00234876480959693
0.0452726630440698 -0.0658635128684948 -0.0850756045192433 0.00364350003661805
0.000569485566549713 -0.0711372300343966 -0.0707613706679099 0.0196603832550597
-0.0337777954366003 -0.0558551197872301 -0.0567631402397077 0.0304681950564128
-0.0506077825625675 -0.0297929939410387 -0.0383176411842866 0.0364017155146389
-0.0540808176942535 -0.0137655715661009 -0.0306997376559222 0.0290330882461919
-0.056449505861062 -0.0119212986798496 -0.0291157265279944 0.00681970297089872
-0.055477576391822 -0.0146843152582863 -0.0331896466459434 -0.012608902931429
-0.0591128918245916 -0.0229676524322418 -0.0275728986370446 -0.0400017455694703
-0.0534443373235517 -0.0435869661311229 -0.00920844240576441 -0.0616711511727945
-0.0246173424574549 -0.0689990045311406 0.0385146601459453 -0.0549442372501605
0.018637533935092 -0.0778830153687315 0.0628592871307138 -0.012065445677433
0.0616868088355382 -0.0646538868309533 0.0377199114272936 0.0259411137869587
0.0818905190621622 -0.0338952720359384 -0.0214013971921966 0.0258426116797406
0.0610762668672395 -0.0129546526776361 -0.0969581329892078 0.0353836007565765
0.0551613289170652 -0.0315231603757734 -0.0838015345623152 0.0110212110557676
0.0325531843491367 -0.0480980526694716 -0.0813982827673572 0.00686342120767122
-0.000972802956909537 -0.0508045583042476 -0.0695298606967261 0.00751092349794686
-0.0242403424271028 -0.0396221444024143 -0.0672645166101841 0.0177225266703182
-0.0359878341742724 -0.0212549964266579 -0.0568992794615142 0.0276489682185097
-0.0390703945118609 -0.0107030302421862 -0.0509455270191061 0.0245921794878593
-0.0395238334437894 -0.0129934095250712 -0.0485880980905268 0.0024034315966701
-0.0376745768159025 -0.0160714956690342 -0.0499573405160922 -0.0200626571019659
-0.0368996570904944 -0.0240076375101841 -0.0366247071480787 -0.0494390584775452
-0.0292537548410995 -0.0393988233322811 -0.0114748542667262 -0.0702496174124571
-0.00409217574940662 -0.0538688837138831 0.0382093595813457 -0.0581440939256751
0.0308095665873794 -0.0520314581941886 0.055724209717397 -0.00927358633661569
0.0574862000047712 -0.0350667395956069 0.0226072884455644 0.0258850623151202
0.0622453732544968 -0.0108507025335821 -0.0465499435220324 0.0269310060525445
0.0276408185730779 0.00282596191592734 -0.108566427909079 0.0413582873267126
0.0302351763016597 -0.00850876741990223 -0.0864960656957949 0.019104230507992
0.018266018799208 -0.0194420903230656 -0.0763783546455907 0.00638919208790058
0.00266988178648947 -0.0209812442794865 -0.0682220571748837 0.000159875702777633
-0.00542593690494876 -0.0174038809885164 -0.0732268443973425 0.0108405793003914
-0.01326951201267 -0.0112337733912437 -0.0672194377749761 0.0229182905485929
-0.0169952560684856 -0.00844718711150556 -0.0630950768167541 0.0208140315351626
-0.0158735231818746 -0.0115091965171083 -0.0589243509742413 -0.00260715501833142
-0.0148867311098096 -0.0137423386821073 -0.0573761242037961 -0.0277646319752976
-0.0134471702755933 -0.0182726411113008 -0.037178888766218 -0.0593995163710512
-0.00835997055103117 -0.0266649015463771 -0.0052567687052241 -0.075773179114742
0.00731836245523358 -0.0324986625300756 0.0410277249428191 -0.0584986014579186
0.0304561958090383 -0.0254141665193337 0.050285793093537 -0.00795081725893775
0.041155083139711 -0.00797277371573794 0.0121696684561053 0.0214697510402142
0.0327878042464243 0.00848340185982616 -0.0608395737969174 0.0201110021305643
-0.000871139333799053 -0.0188089582327014 0.0762385740473298 -0.0244314365979829
-0.014299784486958 -0.00561423643181494 0.00172222891649817 -0.0384029671473245
-0.0137841390057023 0.00518985451957126 -0.0505815849782238 -0.001265790504122
-0.00464132051733226 0.00611739316132699 -0.057196170059293 0.0577329661315528
-0.00569548127869976 0.00273123799796721 -0.0080923089637449 0.0835222654604263
-0.00536934368866522 0.00372015603491818 0.0368673860239527 0.0693118415452009
-0.00576576706849509 0.00618309013666347 0.0615520612616729 0.0422617219902344
-0.0101537131337602 0.00843055997816441 0.069271384296097 0.00856430463278567
-0.0122008223012801 0.00804627648216821 0.0681157316326439 -0.0127840076368877
-0.0159901965258925 0.00443798921107552 0.0686941515777494 -0.0229724772661192
-0.0161399907546408 -0.00361850909233935 0.0753336218800056 -0.0142153273252772
-0.0110930021880253 -0.0117394284895606 0.0768278001140847 0.00160911737001962
-0.00988694663997138 -0.0151051780191295 0.0782373879647553 -0.00118682615018814
-0.00398670581766535 -0.021101393070434 0.089573550965204 -0.00804900516975678
0.0105514765747574 -0.0261255471454188 0.11029439684773 -0.0352729214080215
0.0335628382229081 -0.0254859068006967 0.0658482331015209 -0.0151915849240521
0.0131978100154478 -0.0186417588613688 0.00025381826798238 -0.0329544610944119
0.00542337166452109 -0.0118377101681122 -0.0557539506065667 -0.00210311031561132
0.0015361876058749 -0.0150619641789325 -0.0623310130111929 0.0543257949453918
-0.0126330138392531 -0.017088547181175 -0.0164251142429925 0.0814564892812533
-0.0213619635819271 -0.00997885248350064 0.0283775105275255 0.0720943082513871
-0.0262061267341052 -0.00121102006706159 0.0534095848594569 0.0452123090740547
-0.034001520919145 0.00446299290003736 0.0606233801443591 0.0114362478167695
-0.0372962716847135 0.00447959915026496 0.0577102274006013 -0.0117753998720705
-0.0437482273989344 -0.00129523185875502 0.0564114981983558 -0.0266897522738901
-0.0437044762935377 -0.0200550277603348 0.0636337207049354 -0.0256967195020636
-0.0266823383895541 -0.0407344336939919 0.0738633856851547 -0.0105304681671531
-0.00632112259741541 -0.0511849963877249 0.0780674830281625 -0.007212255616051
0.0193259654249048 -0.0533317314537058 0.0825649281229777 -0.00767507052835139
0.0450789477870662 -0.0454548072439371 0.0964882193200345 -0.0286881820777552
0.065390085782565 -0.0290711944717611 0.0418344212092541 -0.00775569818831166
0.0430769252449164 -0.0303695570755002 -0.0115168695659471 -0.0319984307035623
0.0266570618970367 -0.0319690543861607 -0.0658432106327671 -0.00378774842290678
0.00702080369197366 -0.0392025743781524 -0.068432977529699 0.0505805261665195
-0.0197747113038327 -0.0376035280500122 -0.025603046171612 0.0757296074688873
-0.0363501079890395 -0.0224544473429315 0.0166410571466376 0.0693774269337371
-0.04470068100539 -0.00864834585810012 0.0387553408957741 0.0455215591765495
-0.0537809272167771 0.000460715316036193 0.0444182271166873 0.0130554075620561
-0.0572554784816721 0.00117950984429908 0.0392740602264119 -0.0102470079754385
-0.0655077022003202 -0.00541066224092145 0.0366164973212869 -0.0297781913700834
-0.0668226981627442 -0.0298106561405856 0.0448802617666079 -0.0376330583583329
-0.0443477609979051 -0.0611025640317403 0.06681341281569 -0.0255578503693063
-0.00867392655649518 -0.0803821549291067 0.0780152061130106 -0.012733291295787
0.0350461932333744 -0.0800657047327588 0.0748211595809731 -0.00146784794392459
0.0717524820239518 -0.0608366942746648 0.073370456736075 -0.0155404635592472
0.08770545504651 -0.0306976263207607 0.00648301928315751 0.000399421210372527
0.0679006328953992 -0.0422853613277564 -0.0304541657913789 -0.0281838333393171
0.0444086350443522 -0.0534616718341362 -0.0771243611732075 -0.00420068269854316
0.00812837924023094 -0.0626141621303133 -0.0729135335032706 0.0439680730498472
-0.0288011347247266 -0.0547196691717678 -0.0347563428198073 0.064739173133683
-0.0489458356407653 -0.0313238119921861 0.00179733317366069 0.0608755307982088
-0.0566814739719458 -0.0129063925688786 0.0191112254694621 0.0410827089726391
-0.0658087266682258 -0.00394962277350079 0.0209590004450894 0.012645952717928
-0.067889791039075 -0.00334001117319394 0.0148453327742758 -0.00843987234254704
-0.0767277627441805 -0.00974605582088312 0.0133397253205283 -0.0313613966271677
-0.0790246872843469 -0.0362826334248023 0.0222120176175355 -0.0467248885603391
-0.0520314167444035 -0.0721003717443747 0.0556140313879569 -0.0397666509660879
-0.00809162942677153 -0.0962930270803575 0.0758205431884517 -0.0158436411647859
0.0472513926856211 -0.0935585491279911 0.0658776544158291 0.00790813349057527
0.0879893761501494 -0.0646327471776889 0.0434169095470912 0.001026040859194
0.0956844599565466 -0.0298577222227462 -0.0341011515538719 0.011334218411974
0.0793950853613522 -0.0493933627949621 -0.0533303472842553 -0.0185933047683759
0.0519032149531879 -0.0687132700937466 -0.0854766276710433 -0.0010988129542177
0.00439678420226918 -0.0765559148947093 -0.0742369594385611 0.0335036847242681
-0.0356127750713142 -0.0623309125864279 -0.0459830309613033 0.0488386632273909
-0.054972369459245 -0.0340104262188453 -0.0177768171506365 0.0486028414099741
-0.0611155695924664 -0.0149972603210729 -0.00610101486200233 0.0351674829448143
-0.0664129726788267 -0.00829717975130204 -0.00467453577379295 0.0104605673637543
-0.0677911352767143 -0.0094056269303689 -0.011278045954422 -0.00894598213080441
-0.0746360362399995 -0.0165057187271951 -0.00989930677593685 -0.0345544897328783
-0.0737461735237935 -0.0425005062633942 0.00241366800240561 -0.0540437341857055
-0.0459276166441691 -0.0756344184686988 0.0460465157762917 -0.0499968156844187
0.00272006345797767 -0.0961500326322627 0.0712289875934086 -0.0154859365036614
0.0574595257190446 -0.0885185874678316 0.054308887674717 0.0188690043685221
0.0925477117245491 -0.0546940253094439 0.0107983869227599 0.0168446485895735
0.0867566189607734 -0.024006766268385 -0.0729578419262628 0.024673467956297
0.0751455167660868 -0.0465656031640568 -0.0738241173973807 -0.00378724449545387
0.0471652967721716 -0.067512939468565 -0.0872902864738841 0.00327898029897681
0.000705915563053634 -0.0728755226050794 -0.0735038471630595 0.0194521618583103
-0.034976520223319 -0.0568663228892379 -0.0587117027850575 0.0308424678177353
-0.0513212057844877 -0.0298188976295704 -0.0397206763529937 0.0366108253961343
-0.0554400559875355 -0.013187827641478 -0.0312834039811806 0.0301670425587372
-0.0575781760097532 -0.0115698345123064 -0.0300168289459289 0.00712782083667139
-0.0570296918450462 -0.0144567030080648 -0.0338683496306552 -0.0122530451479867
-0.0602926182584392 -0.0224263829699946 -0.0280767356370532 -0.0411722564141989
-0.0554543419373888 -0.044451352363051 -0.00956572886462258 -0.0630195970946271
-0.0260198321011927 -0.0701675303078032 0.0396156103522107 -0.0553708757873282
0.019324392546712 -0.0796759915463107 0.0654793346197188 -0.0120852573547131
0.0629310700204438 -0.0662026897979349 0.0391771288999432 0.0264442841716016
0.0841823381632374 -0.0347159048537675 -0.0214992468454648 0.0268398548473667
0.0617900098379421 -0.0133683617383365 -0.100061135118991 0.036146138976197
0.0563843912477572 -0.0322966794704172 -0.0857682889153022 0.0107600012111808
0.0336902079922707 -0.0492039277248617 -0.0838965150748323 0.00626456045348447
-0.000757331803462096 -0.0523594211163878 -0.0717708887930184 0.00780491745132215
-0.0249236752688229 -0.0398096664665478 -0.0689899951134499 0.0176747025942442
-0.0364195744467633 -0.0207493035072818 -0.0584190502126622 0.0288652490918346
-0.0399200122802737 -0.010500440294559 -0.0517409458996113 0.0255488578929283
-0.040506988592656 -0.012592767183393 -0.0492960040027125 0.00293876719791245
-0.0390465467985647 -0.0160365991039292 -0.0508759194130906 -0.019299076982485
-0.037940366930939 -0.0240630124947823 -0.037399300734161 -0.0506024147711547
-0.0301146837223837 -0.0398150711090826 -0.0122182251510454 -0.0710849299335887
-0.00480199800735037 -0.0545274531464045 0.0395227501846392 -0.0591790480873812
0.0319777747476353 -0.0529177066710837 0.0577257191511457 -0.00886768809646173
0.0581563963477116 -0.0361999210003009 0.0240487688644067 0.026592701984888
0.0638053915368407 -0.0115736841087598 -0.0475085611741286 0.0274146429925049
0.0281791920370156 0.00337182416731266 -0.111786651142844 0.0427873831378265
0.0306640228969739 -0.00855940125703516 -0.0886139025914718 0.0190860977447564
0.0189297487050876 -0.0201083833085737 -0.0784747198333289 0.00603758637294093
0.00296289686254756 -0.0218684149220956 -0.0708449800427212 5.26990870043995E-05
-0.00612363062916653 -0.0182544399733348 -0.075373518739691 0.0116002573431495
-0.0136538075518559 -0.0110105959160381 -0.0691002171018326 0.0238769061457457
-0.0169816678793893 -0.0080685097624384 -0.0647019729126197 0.021729691326193
-0.0170221938769002 -0.0125901959739346 -0.061511557810755 -0.0023157413553134
-0.0159310474979019 -0.0142746720038641 -0.058261831359298 -0.0276676918811506
-0.014166967100064 -0.0186850067273604 -0.038068293795113 -0.0605351027367236
-0.0084457779687354 -0.0271961118076198 -0.0056249525796901 -0.0771978882616749
0.00728973528538555 -0.0327635060873314 0.0419748249100841 -0.0599569914644607
0.0310364391713727 -0.0257146415269686 0.0522160142564385 -0.00842680417082589
0.0417503884795499 -0.00833650577766929 0.0130095026839478 0.022162575701831
0.0336503128316549 0.00874640126481777 -0.0623937311894622 0.0206822677089204
-0.00172651636062867 -0.0194268998978279 0.0774211557460622 -0.028897381495271
-0.0157917484761273 -0.00602784093025581 0.00115686807340639 -0.0405199426967322
-0.014073492189636 0.00595548984571636 -0.0533436565907155 -0.000299776602490904
-0.00408669437999876 0.00608091779890746 -0.0570102830029004 0.0611742561259525
-0.00637507092284079 0.00318485779309197 -0.00583803672115444 0.0865134756883485
-0.00537338700870889 0.00416677803329021 0.0399290894057119 0.0695826436588286
-0.00517949484982091 0.00639503278611149 0.0645523925887308 0.0401362990974145
-0.00980040846343161 0.00899644149765519 0.0721188226008264 0.00559967553868831
-0.012357252820305 0.00887363517827726 0.0700354644663566 -0.0162733538404748
-0.0160256986797267 0.00592208496149207 0.0701593435463958 -0.0265303024439328
-0.0170022116656332 -0.00376356622861658 0.077348164453083 -0.0173106253894308
-0.011933387902007 -0.0116101291007901 0.0799096548618109 -0.0010701686434795
-0.010532102164081 -0.0152074364925506 0.0805031537371162 -0.00370704228142924
-0.00529490401834229 -0.0215895992151821 0.0924040715095914 -0.0104688733059209
0.0101519583109882 -0.0269325394616441 0.112603149346617 -0.0399437989940286
0.0335996820150862 -0.0276617497486748 0.066676220301453 -0.0193456692236574
0.0130853744362162 -0.0195142171420058 -0.00124465464292223 -0.0355524988031838
0.00554988872775126 -0.0120483982059625 -0.0581454811922233 -0.000785194379048794
0.00129682639486293 -0.0153153455673778 -0.0624931702561645 0.0583649272145064
-0.0141296856011513 -0.016773402062416 -0.0146683070323818 0.0841228662738598
-0.0221857243973556 -0.00869048247643571 0.0315257324913793 0.0720290087208931
-0.0274216716448122 -0.000158150539615209 0.0564737832751576 0.0442695831280365
-0.0351853464591119 0.00676545341935774 0.0637135595457406 0.00873896039250386
-0.0382251924811772 0.00667550940865523 0.0594273905617289 -0.0147159497524372
-0.0454216189638434 0.000987544401153301 0.0578640691830292 -0.0301722863583297
-0.0462247590779687 -0.019233462966052 0.0650186545177125 -0.0289341743391251
-0.0296338608412906 -0.041022270394932 0.0762489359510982 -0.0137074890887488
-0.00847455801024763 -0.0526022283598572 0.0807145105442696 -0.0098364473443406
0.0174928882412106 -0.0556755710740421 0.0855644431023804 -0.0100377205434617
0.0454570766273708 -0.0491606263003328 0.0987296150498565 -0.0333451227505073
0.0663693592055953 -0.0318823870610337 0.0424055374049925 -0.0105208040302904
0.0426523150777195 -0.032817159670497 -0.0129765675076923 -0.0334129583176535
0.0267638056497429 -0.0333904769920095 -0.0682775783657609 -0.00179676847113865
0.00579645995900224 -0.0403013868724187 -0.0688935143170887 0.0539378619651971
-0.0221156832784673 -0.0372529604096219 -0.0239897025681036 0.0790569375482007
-0.0380610042498501 -0.0210914478228667 0.0195764012950663 0.0696745688223979
-0.0456683309540074 -0.00671132208659132 0.0415184902408435 0.0441655656171852
-0.0549794687911583 0.00228481731019559 0.046641095946825 0.0110317544074457
-0.0595026733825703 0.00377445603469112 0.0404057652444478 -0.012024696885106
-0.0676993182471199 -0.00244405736488833 0.0372808761468766 -0.032184285843991
-0.0697435600040023 -0.0274579005363712 0.0446331681046442 -0.0400503202863045
-0.047438565362625 -0.0609274636636735 0.0680707967957655 -0.0286555710295373
-0.0119372932229948 -0.0824293624486426 0.0796620368861326 -0.0166253939026311
0.0332819160521811 -0.0841524894046626 0.0775379977427203 -0.00509434535955355
0.0722829760153328 -0.065245288011595 0.0749207372175646 -0.0195718771107763
0.0889740299504199 -0.0341111456166997 0.00654208678827686 -0.00104058068055125
0.0675499520698252 -0.0457427158422862 -0.0321443884067178 -0.0295400911645243
0.0435630728003806 -0.0564082050022472 -0.0802698434481667 -0.00134904579868747
0.00580153484438813 -0.0643525867573781 -0.0735347836030068 0.047097153244254
-0.0318648794300361 -0.0544468086279495 -0.0340457099563663 0.0681570574215896
-0.0512919100275116 -0.0301976643595824 0.00433326989950294 0.0615622784995852
-0.058781310985805 -0.0109195613793503 0.0208847674893492 0.0414518896555522
-0.0671861812266345 -0.00127824019501116 0.0226530979780931 0.0116394882999478
-0.0697147946877269 -0.000288309211611341 0.0155326385044423 -0.00940838909917939
-0.0794268065268567 -0.0060891667647111 0.0126922276251943 -0.0331452757981303
-0.0823460280580447 -0.0337262006783408 0.0220072877357843 -0.048604545025734
-0.0567291553752107 -0.0722677900156325 0.0568702941688232 -0.0427521871251547
-0.0112461483220729 -0.0991551333276707 0.0780343740921975 -0.0197178497083811
0.0449038848843998 -0.098117701559229 0.0686975420389897 0.00583607709746254
0.0885131567497431 -0.0705773624933458 0.0450650090059149 -0.000988659641605432
0.0973642938486163 -0.0342051478159188 -0.0347968849613464 0.0124938451555063
0.0796731881204957 -0.0541915308829181 -0.0552253313585255 -0.0186791534191777
0.0509714639773438 -0.0722678244062809 -0.088074243621027 0.000984133261740528
0.0012450684154444 -0.0787239761169894 -0.0762920335584027 0.0370834434528216
-0.0392765406053571 -0.0618757510411473 -0.0459665044627984 0.0516590505363775
-0.0577961115886909 -0.0321747826196938 -0.0164406654515647 0.0505460208316539
-0.0631314167993354 -0.0120447297710504 -0.00456949086023191 0.036491653229672
-0.0688164494206717 -0.00572846150169675 -0.0041531021191831 0.0111691522722088
-0.0697649967348496 -0.00617975788362068 -0.0113024064365824 -0.00898243597532247
-0.0774709178479896 -0.0128021455204943 -0.011889434748568 -0.0351076229963123
-0.0780469023785161 -0.0391788200802661 0.00102743032333494 -0.0555369885553048
-0.0502858984038851 -0.0764112343559188 0.0458886566698768 -0.0525161451409312
-0.000241662180653065 -0.0985613925291351 0.0737168595541915 -0.0190309772565938
0.0556275820307196 -0.0934222132699034 0.0563271538706667 0.0173838459900746
0.0939962832009034 -0.0602800582914996 0.011025580169898 0.016589274513611
0.0877032099163948 -0.0281130808545515 -0.0736794423878418 0.0272800878910955
0.0753866076778677 -0.0505666407026893 -0.0756526279793671 -0.00197935753223599
0.0462493211632422 -0.0710752940221312 -0.0901717805424092 0.00619715140496347
-0.00243609981198599 -0.0748232759459709 -0.0754646597629507 0.0225646010500769
-0.0386632895189778 -0.0565268319695926 -0.0592715798410959 0.0344448769417894
-0.0536078711707949 -0.0283014685722175 -0.0395317647261156 0.0396495975149591
-0.0570710953286273 -0.0109898149969532 -0.0311677495493946 0.0318841943967133
-0.0599807725097924 -0.00946907056762979 -0.0306074009275775 0.0089205205905584
-0.0594552920333796 -0.0121194676270716 -0.0352187500242036 -0.0107753729537132
-0.0629337906191337 -0.0198255280557355 -0.030214381622886 -0.0407530432250873
-0.0582068912548796 -0.042969601022387 -0.0116875674419028 -0.0634992587936195
-0.029294248355583 -0.0707622446343948 0.03923208973534 -0.0587451465461114
0.0176832497702362 -0.0829175898616774 0.0678252521285766 -0.0152787743600278
0.0624612756165855 -0.0706129806677674 0.0409446027971135 0.025099450954636
0.0854277327192848 -0.0391742601760258 -0.0216251981110949 0.0279117770140638
0.0630456098865447 -0.016515801791824 -0.101462489468359 0.0405487426906
0.0570145792928789 -0.0353691229896571 -0.0879588847109609 0.0129632747176582
0.0334041793277575 -0.0515200509385488 -0.0861675680125239 0.00846954502282365
-0.00331599613537806 -0.0535577043047025 -0.0729554275710313 0.0102384130579449
-0.0273904400213856 -0.0398837148897637 -0.0711666746414806 0.0208673309516506
-0.0378714574252698 -0.0193589067240204 -0.0584123331350836 0.0314412689303425
-0.0411054342160337 -0.00884244313728609 -0.0529126062464276 0.0289501982789161
-0.0425521264874519 -0.0113876615000308 -0.0509768174489121 0.00616353080734251
-0.0403822379916566 -0.0153802854743997 -0.052478738787818 -0.0172090973374483
-0.0402073724099831 -0.0224440147244063 -0.0404830670260933 -0.050185609385657
-0.0322751019319118 -0.0392138330016121 -0.0147839707886785 -0.071742099949714
-0.00705328447097807 -0.0556992857860925 0.0382333502259153 -0.0621487665129604
0.0312236188516222 -0.055468216128663 0.0609282875408251 -0.0122952131877856
0.0588579499889937 -0.0391062538435531 0.0259162629878213 0.0258766477438384
0.0657976627926821 -0.0141341032076441 -0.0475605436304566 0.0301766780756802
0.0288426522326339 0.00201440087337405 -0.113607183600708 0.0480393975574788
0.030967184652635 -0.0106086069638349 -0.0913064489059734 0.0230098087700199
0.0189001121907084 -0.0211190417640364 -0.0805330670132103 0.00894565815454966
0.00178584977225114 -0.0224673956836048 -0.0730633900520936 0.00230327407582564
-0.00718538368752174 -0.0181300573328276 -0.0771973247656076 0.0143806988579865
-0.0134487865991678 -0.0109197261810438 -0.0703964089572176 0.0278336674816766
-0.017596230698841 -0.00733002300106914 -0.0655968663746633 0.0253527936164947
-0.0172709360964569 -0.0118973630305575 -0.0625793504218966 0.00166375047870415
-0.0169005221700758 -0.0143351209006592 -0.0606318845547685 -0.0254483598525966
-0.0150423519475903 -0.0189372746364953 -0.0408842038632469 -0.0603272323255774
-0.00982720778804961 -0.0277044252353478 -0.00837119236883676 -0.0784091023664286
0.0061572988947149 -0.034030589685536 0.0415745212096392 -0.0631392985121619
0.0314263860162759 -0.0276782893761863 0.0550761599165556 -0.0103680271146551
0.0432332762273548 -0.00968926583210576 0.013946683915364 0.0217955505033521
0.034750597968 0.00787269381286061 -0.0633865063604786 0.023743039644815
-0.00279904374910659 -0.0187308573520482 0.0750713451662361 -0.0346995993929645
-0.0159741265826224 -0.00506078244423484 -0.00222464480347006 -0.0409346480348178
-0.0136408401351604 0.00683035441672715 -0.0535706711549303 0.00249769710081326
-0.00379846039746964 0.00641071481284425 -0.0541131612673284 0.0649650205796124
-0.00596929285384099 0.00408809755767913 -0.00140048004334424 0.0864131135562428
-0.00546348265015919 0.00467493906399443 0.0434992252908154 0.0662974320544664
-0.00547919359832806 0.00639691694529716 0.0669759123801501 0.0355199408805467
-0.00950356642964485 0.00939178288584129 0.0719563209464363 -6.60862420119027E-05
-0.0112884531319913 0.00981542141342931 0.0691368616448303 -0.0212279831656792
-0.0157764915264011 0.00714195291226582 0.0691069890158976 -0.0312832520015876
-0.0170674894731642 -0.00239808399343257 0.0760564647562783 -0.0220759550440632
-0.0125699700069076 -0.0109463079394399 0.0802055938382141 -0.00528925557499901
-0.0113652011660072 -0.0143004829227411 0.0800354607658432 -0.00839844826753999
-0.0059801619510805 -0.0207661398240215 0.0919485558922887 -0.0153759499742732
0.00857959731758169 -0.0277430844889837 0.110409800158175 -0.0468912453685398
0.0315494117931107 -0.0289853461245299 0.0654254556612845 -0.0242354064663034
0.0110226486701548 -0.0201733155560064 -0.00352369672960827 -0.0368302210900998
0.00402594881695306 -0.0122207648161725 -0.0581045288106891 0.00253476106899371
0.000272983693490527 -0.0154743281159579 -0.0589999957292261 0.0614416896235301
-0.0149687151059359 -0.015375155964472 -0.0104683363031374 0.0850939067371955
-0.0233232544360692 -0.00711282302660378 0.0357371625573542 0.0697198194474158
-0.0273846714485038 0.00122504703319782 0.0593219779336678 0.0398210954751484
-0.0347316788134641 0.00891040277059623 0.0650900703307468 0.00384230903570443
-0.0381693577577284 0.00916427124058592 0.0595210485573178 -0.0189007365062754
-0.0451813709758904 0.00403885684866416 0.0563129839237125 -0.0337897026990371
-0.0472584788989864 -0.0157726500579013 0.0635136385093498 -0.0319543306208897
-0.0324915139888084 -0.0393923830776048 0.0755862340065118 -0.0178425586907067
-0.0110206937100147 -0.0525316064678768 0.0800422652334967 -0.0148276465904745
0.0148176327701826 -0.0566239542218973 0.0849395105213888 -0.0150410363864916
0.0429760960938547 -0.0521151965589542 0.0966530494847598 -0.0390218083733182
0.0637086009578867 -0.0360493556262946 0.0415342513772264 -0.0137537161744137
0.0400946425228608 -0.0351382748207656 -0.0143279624604791 -0.0342208235894369
0.0251613637441914 -0.0349307244453587 -0.0690619566063875 0.0014449743763989
0.00326549535938101 -0.0404813849063271 -0.0659230009593757 0.057945821837783
-0.0242610000925104 -0.0350494143499921 -0.0194181018013009 0.0799131545767394
-0.0393792007311004 -0.018759890510003 0.0236433209460771 0.0679387762364929
-0.0460341809753936 -0.00369814898982339 0.0444088063320707 0.04091157168378
-0.055232868949137 0.00623125608622487 0.0474749843133745 0.00729586432846447
-0.0586760349833823 0.00832004179533387 0.0399215984169967 -0.0152518362900925
-0.0675768087026832 0.00295311064518066 0.0357589798013724 -0.0348314357473976
-0.0719131204700476 -0.0229180237221412 0.0427771669723162 -0.0420674261851336
-0.0519413577211553 -0.057362309582881 0.0669001297647469 -0.0334945836104409
-0.0163172379365052 -0.0815000168419727 0.0795706061674608 -0.0219504168857768
0.0281102797732908 -0.0861041874510157 0.0769185089758302 -0.00877461777820584
0.0681734608611711 -0.070261501059653 0.0736197901798775 -0.0244354024537597
0.0860102733740587 -0.0394815382176555 0.006749325576369 -0.00122971870994359
0.0644044912689087 -0.0494693702973664 -0.0337410968439924 -0.0290702000832069
0.0408677609034511 -0.0593469652524554 -0.0812609743158149 0.00271944204056418
0.00189749518306733 -0.0647741199568102 -0.0713814928677992 0.051451814461904
-0.0354557142880205 -0.0517764301503958 -0.0301778171776418 0.0697485391521335
-0.0529030906581901 -0.0262980087487982 0.00715002361446567 0.0611438504460275
-0.058932631949412 -0.00632213313141027 0.0232405877291081 0.0394341722312484
-0.0672276305437751 0.00334733117021957 0.0235383034734548 0.0098640975935488
-0.0697385436138576 0.00444871123811854 0.0150090751900043 -0.0108821553706991
-0.0794989980928625 0.000147128258668001 0.0109677792397701 -0.0340371700123965
-0.0845971908496546 -0.0281089289043624 0.0194763523388741 -0.0492012373745393
-0.0614726875713578 -0.0683075384004255 0.0547008287908181 -0.045350836033355
-0.017561223571414 -0.0977930711502345 0.0774140575852058 -0.0256919444566073
0.0386824710879994 -0.100745851385487 0.0685746605029526 0.00130671864726682
0.0844733390674805 -0.0763326384376919 0.0441975874794012 -0.00437573331397952
0.0945115488713822 -0.0402114796428273 -0.0344303058346767 0.0140697719791527
0.0760863766420592 -0.0586068084695443 -0.0562507549667944 -0.0163391776945398
0.0465976357730026 -0.0753207323586407 -0.0886678835409563 0.00608297042074704
-0.00316143555841376 -0.0780451853131318 -0.0737613261711947 0.0403966882196186
-0.0435087365755547 -0.0588151984604765 -0.0429226094163521 0.0541771920357356
-0.0592519992382115 -0.0281414666479561 -0.0133231242732055 0.0508268988249148
-0.0632847208128521 -0.00769387364225866 -0.00205985880564133 0.0367294315080963
-0.0698139093216124 -0.000906578555722101 -0.00357773280637543 0.0114389748087242
-0.0704162695353359 -0.00147524071051789 -0.0118598479161517 -0.00782857112312279
-0.077772583330793 -0.00714354762560478 -0.0132830857764914 -0.0341589590577765
-0.0803006807632995 -0.0335836281302859 -0.00212557107509675 -0.0547978667633936
-0.0547341486578918 -0.0726691014257555 0.0432051166315085 -0.0553947657410036
-0.0064458567150806 -0.0989552520710723 0.0728517476661741 -0.0242131532336267
0.0498590160760074 -0.0960527881261244 0.0574137958551978 0.0136693291303445
0.0897406686468064 -0.0664364495137138 0.0113230962422457 0.0157770768853232
0.0858402802025008 -0.0332907860712929 -0.0718381344265839 0.0311370325408603
0.0715235478173537 -0.0551526158443862 -0.0755564829412271 0.000973400895991883
0.0418544456987472 -0.0737153501695952 -0.0896318228290653 0.0114406817719173
-0.00733141360539753 -0.0744439813821399 -0.0740187003436779 0.0266853762126702
-0.0419784517760195 -0.0537283469225042 -0.0577877032636978 0.0367492058836431
-0.0551954344702141 -0.0248917289042005 -0.0371322716063202 0.0418242820756094
-0.0573755150273498 -0.00721952149986096 -0.028328876978342 0.0338549585743942
-0.060670095280232 -0.00553216125811919 -0.0300795749938505 0.011429389913542
-0.0598199649829331 -0.00769889613446048 -0.0360878463047007 -0.008938938792241
-0.0644271818904599 -0.0151204089371283 -0.0328237795225932 -0.0389096629648244
-0.0608453455891522 -0.0380867486418799 -0.0152426664478505 -0.0618838672716724
-0.0339221198197874 -0.0686182269404901 0.0362522319890713 -0.0610974392822935
0.0128271127916669 -0.0838354837778578 0.0673745640782435 -0.0202339331589643
0.0577810213946515 -0.0740857842889783 0.0428917120244207 0.0222076322181268
0.0832407836065863 -0.0444617270798041 -0.0197457575597483 0.0297222472786463
0.0614551289001303 -0.0199041884544142 -0.0990469207206761 0.0466374346256564
0.0543846355616572 -0.0384857642802006 -0.0870596108414417 0.0177830904214472
0.0301395455530986 -0.0531896288532609 -0.0855056902895613 0.0136264552017392
-0.00683538418504933 -0.0525923053124755 -0.0727040082544256 0.0133956980421257
-0.0300435843297172 -0.0374196679240559 -0.0691333330685421 0.0245124033036559
-0.0385887014625724 -0.0174701143466058 -0.0563062446466605 0.0351315766185014
-0.0409678786811182 -0.00537380667291128 -0.050456122538506 0.0321844116076827
-0.0431522749218019 -0.00858458043352105 -0.0498481727457296 0.0100750080461019
-0.0411481087355841 -0.0124281847248244 -0.0531636335936873 -0.0130356804728236
-0.0411795391075368 -0.0194695148481321 -0.0430330446661471 -0.0474649680667897
-0.0346519680137245 -0.036782560317868 -0.0183375294280131 -0.0696055527433694
-0.0103685136438033 -0.0551026666944921 0.0349302367578256 -0.0642986634423289
0.0277775493785505 -0.0577367018349968 0.059934996836935 -0.0162065326298376
0.0563213317057478 -0.0427299444711133 0.0262458609232895 0.0245894992077548
0.0645567324386015 -0.0177408775076094 -0.0457998110223438 0.0325971601247049
0.0288121031835743 -0.000154741973053287 -0.110962492076883 0.0553977568735149
0.0302342569082696 -0.0124349014661068 -0.0897837920173875 0.0274843067956041
0.0175626432284725 -0.0222612153496645 -0.080782606133425 0.0132177805000236
-0.000184187662177669 -0.0222175646765626 -0.0731239599856757 0.00644602149059937
-0.00851132139842567 -0.0177774727811153 -0.0762242149581984 0.0188161189929292
-0.0136755992235469 -0.00958340390052543 -0.068638453160106 0.032061033170774
-0.0176822883828 -0.00554204025979899 -0.0635136157314521 0.0307386293691651
-0.0190237965870822 -0.0107260713907005 -0.0630535298116386 0.00649796859369623
-0.0172126997016571 -0.0131345072390609 -0.0623042201289774 -0.0202486144606223
-0.0159265758752116 -0.0176445471272895 -0.0444807543278601 -0.0574891659354022
-0.0110871827592359 -0.0263811187874344 -0.0132227021476319 -0.0768772987846667
0.00369129317993812 -0.0344537300411898 0.0379369548959442 -0.0651196597162484
0.0300099561042451 -0.0298054186435784 0.0544418725391087 -0.0138711993249631
0.0418415296510925 -0.0120708319142832 0.0155143383992561 0.021567636016014
0.0352930176296995 0.00553786705201618 -0.0614523133501946 0.0284070767690764
-0.00408275691199184 -0.0182316803014247 0.0695060719200546 -0.0382895248245315
-0.0155397529128891 -0.00355387136284119 -0.00459171908813544 -0.0400000310306066
-0.0127892741140048 0.0075084376788539 -0.0516532287381858 0.00472446096581826
-0.00328816818684915 0.00622226444532955 -0.0482669898549937 0.0647203738189828
-0.00544750004334851 0.00396569504617146 0.00264886797464325 0.0832275671398718
-0.00516246394252598 0.00495415613128057 0.0440653540027554 0.0605921994755232
-0.00499590861130918 0.00641369955958853 0.0655104235691024 0.0294709508731941
-0.00867917871146289 0.0097357357990171 0.0702572335973733 -0.0053286243352063
-0.010273036339583 0.0100453668377519 0.065797039374077 -0.0249663006476548
-0.0147746171290609 0.00740186693242134 0.0648765894380813 -0.0334680443569574
-0.017372551004799 -0.00122421342418224 0.0727513601317175 -0.0248836957232473
-0.012287647528719 -0.0099448076782848 0.0767864923516802 -0.0090351363476954
-0.0114862904353321 -0.0133935753211442 0.0768195033317374 -0.0113960973867807
-0.00648304126316213 -0.0199713531849632 0.0879586835881925 -0.0189098890795617
0.00709546948966901 -0.0277802318231186 0.104058336298204 -0.0509669650168036
0.0284723659592439 -0.0293134501126215 0.0617659347037748 -0.0272111271512615
0.00992633463996258 -0.0197861618441911 -0.00537301466639227 -0.0365348516034162
0.00360461818937819 -0.0121511836825981 -0.0562987672205746 0.00474495112221163
-0.000763385335853179 -0.014512523081213 -0.053496652801354 0.0617628782895155
-0.0149382255906654 -0.0137063272538834 -0.00613610651792077 0.0823343380520091
-0.0221190589098654 -0.00523466571493962 0.0368457649687028 0.0643343827636493
-0.0260128839350147 0.00266821940038439 0.0585668633021545 0.0341981174384861
-0.0329859792129076 0.0107707164939634 0.0624008401261693 -0.00120323170294172
-0.035693628032872 0.0113858004807412 0.0561100723401693 -0.0217136642786464
-0.04295079418676 0.0064009149270395 0.0525242241653233 -0.0356223819399138
-0.0467962271504277 -0.0124830221928452 0.0596173183784902 -0.0338143444483185
-0.032738571428838 -0.0360636657504404 0.0722135509122842 -0.0206070458924824
-0.0136882117242805 -0.0495115353485867 0.0764428295227287 -0.0181846108665633
0.0115305049841582 -0.0557065853207802 0.0808871650385747 -0.0176266900494595
0.0379467537345041 -0.0534466309551634 0.0905520146100709 -0.0430639993846407
0.0590523411390611 -0.0373920733251672 0.0390350807363686 -0.0167631226221843
0.0370348578312647 -0.0354318678523325 -0.0157793837142144 -0.0334770298833795
0.022201161452138 -0.0345672018278077 -0.0665125058914353 0.00422018483219258
0.00140470119753834 -0.0386788218775065 -0.0603945555624125 0.0587097910438946
-0.0251949451425621 -0.032283628807961 -0.0154105501636881 0.0771630561674337
-0.0383707498567367 -0.015678268137193 0.0259192720997647 0.0629918024503546
-0.0440567840348305 -0.00078984765908871 0.0441047385350309 0.0365385059627635
-0.0529348421154274 0.00982212258091872 0.0464085392524494 0.00408153644763747
-0.0557210423170049 0.0116832881895188 0.0373890013940901 -0.0169101951817599
-0.0650538136312352 0.00707882378477645 0.0332088135763274 -0.035931342161714
-0.0708148165158128 -0.017456924666324 0.0395972583749741 -0.0424459302138868
-0.0525453583431323 -0.0527734632102181 0.0624867110549297 -0.0350928699803769
-0.0201801411395214 -0.0778800756460443 0.0751000501543218 -0.0253318405821726
0.0225802875094291 -0.0839936311063241 0.0738058640626754 -0.0124844162808682
0.0618527987909056 -0.0715224464435127 0.0694476452055869 -0.0275976265895713
0.0806973671981524 -0.0427611155345111 0.0058661763507356 -0.00312422935051289
0.0591402251159424 -0.0505910096646666 -0.0341419194195234 -0.0279138822442828
0.0364577322962504 -0.0588193358401656 -0.0778075255948725 0.00661515546562753
-0.00190638668175729 -0.0620166068346171 -0.0665284559214992 0.0530646460346649
-0.0365354282000265 -0.0474074258512526 -0.0262431284503325 0.0681493142558486
-0.0514782124100356 -0.0219473681034641 0.0100480997786275 0.0572396127859454
-0.056675202743405 -0.00316935767552635 0.0239955848194545 0.03606093987149
-0.0647611740102975 0.00731001632142353 0.0234595726424466 0.00837845448168791
-0.0670095306292981 0.00909788086127235 0.0141844130009776 -0.0109601083612274
-0.0762413944949899 0.00435669092503803 0.0088902433097594 -0.0334095081972261
-0.0829964551752974 -0.0212426809284158 0.0169272180406406 -0.0475498371444232
-0.0626703355101409 -0.0620911649223503 0.0508491582950333 -0.0468201681657785
-0.0218567517027967 -0.09386490038079 0.0724217851788938 -0.0287103025923258
0.0326895228277983 -0.0987719027102911 0.0658719619102507 -0.0020593977822848
0.0777088576811537 -0.077720656939946 0.0415542594963704 -0.00648437635503933
0.0886843803116673 -0.0424482324418999 -0.0322480261998591 0.0141729053523434
0.0696046283650963 -0.0595021389057454 -0.0550507632026058 -0.0145716552237211
0.0413878424340941 -0.0748631243972367 -0.0852236447554842 0.0100815768763014
-0.00739971473469403 -0.0745067043981402 -0.0695314251102081 0.0420773644515623
-0.0444986513078152 -0.0534804868370841 -0.0393358020817598 0.0539509688890926
-0.0577197395939095 -0.0232661282699854 -0.010509677406487 0.0490772918386573
-0.0608013102280926 -0.0036013175762293 -0.000587648495954521 0.0347500649441203
-0.066710777108869 0.00371386640296518 -0.00257890011234036 0.0111392168321424
-0.0675126233980102 0.00323237635007298 -0.0113474989464203 -0.00664592441916807
-0.0747964006098004 -0.00160890404621002 -0.0139586040968645 -0.0322653790554532
-0.0787439059091211 -0.0270366245837832 -0.00402187607944351 -0.0513616690308485
-0.0563309537401412 -0.0658624664853101 0.0393090424496714 -0.0551804479328814
-0.0108400442903636 -0.0947552318436081 0.0687373963022121 -0.0278326214131752
0.042914972934393 -0.0948456422657646 0.0555611217685238 0.00973624688079104
0.0830387824253582 -0.0688523116703529 0.0114725642930731 0.0152858711787258
0.0806252096246545 -0.036104092239142 -0.0671310125089448 0.0328948470015516
0.0655483714158531 -0.0565275939764138 -0.0721418829690687 0.00434379507579253
0.0365522908900041 -0.0731433522908756 -0.0852826943097663 0.0151815345055167
-0.0107180323594234 -0.0698169097686223 -0.0704124803572259 0.0282982850303337
-0.0435629201170703 -0.0493681214689255 -0.0541142191442466 0.0376957177026958
-0.0534008181580345 -0.0208189465005035 -0.0336591655487271 0.0414816595965489
-0.0552878815580669 -0.00326102324264685 -0.0256220257340758 0.0342562458612654
-0.0587737882934381 -0.00113280298202598 -0.0274283341917993 0.0128844446431363
-0.058530557782925 -0.00404657505010356 -0.0347387971002312 -0.00568064723579946
-0.0618245607553339 -0.0102663444809845 -0.0326325710144904 -0.035568334675969
-0.0605088368559489 -0.032574216103539 -0.0167762639736047 -0.0577352231579012
-0.0358341242968639 -0.0633856679442351 0.0319523777151536 -0.0602723252327278
0.00791140852456639 -0.0814953683247908 0.0633357109202543 -0.0237329423756454
0.0515467682902837 -0.0737593521092973 0.0414996294901624 0.0195383594858186
0.0775628878183181 -0.0474023926830552 -0.0179515196325617 0.0292892965228106
0.0582351734292463 -0.0222546756717095 -0.0927850480813127 0.0494315444582965
0.0495785038163354 -0.0401000574101694 -0.0823897087645368 0.0206714902354627
0.026412334816628 -0.053056745061181 -0.0814445938908587 0.0170673689318553
-0.00941172587831955 -0.0501558987785085 -0.0696635143371981 0.0159934650261206
-0.0308704710798086 -0.0342571892845885 -0.0657657739919613 0.0265041115872374
-0.037743929461395 -0.0145254622994679 -0.0527474277698697 0.0372807410195795
-0.039560877544216 -0.00294162818104107 -0.0468063538657053 0.033560648757459
-0.0424019414525321 -0.00568404215055096 -0.0476324993289071 0.0123618151965923
-0.0403557366468899 -0.0093875380853071 -0.0510125419371963 -0.00911221798323451
-0.0398481685539165 -0.0160074806313969 -0.0435714024412216 -0.0426228526488346
-0.0354034212440427 -0.0332343900622267 -0.0212542193334639 -0.0652751962827419
-0.0129697672110949 -0.051741120621653 0.0309844938796721 -0.063666520429123
0.0237271136856534 -0.0569440830341948 0.057302601411319 -0.0188521701383361
0.0521376984557118 -0.0435891258766505 0.0270747694675268 0.022021262178096
0.0616196933364591 -0.0205121171200828 -0.0421366093566557 0.0345154558538396
0.0270006729195749 -0.00124309672926317 -0.103315573105687 0.0588450536983256
0.0280554762690982 -0.0129515648170869 -0.0847891805717785 0.0309901034600208
0.0164639984334753 -0.0216820170746416 -0.0763702584774791 0.0167301202331856
-0.000865247894803791 -0.0208009726931382 -0.0704548076233392 0.00922013593953851
-0.00912194726444338 -0.0160521156743634 -0.0721403384323055 0.02199638753613
-0.0134302316165566 -0.00882618727662561 -0.0639760054418332 0.0347213761687733
-0.0167069208962547 -0.00401754863768029 -0.0591566659556277 0.032968673094828
-0.0188233812097424 -0.00868103203019436 -0.0601819960992308 0.0101939176369869
-0.0173582394169509 -0.0112650417813698 -0.0602414436767169 -0.0163556943926337
-0.0156075443781117 -0.0156319255033005 -0.0456711009542815 -0.0522153468563396
-0.0122382101193892 -0.0242090294819879 -0.0163141070866109 -0.0728052562137237
0.00162154487424348 -0.0324687826824753 0.0339265722316444 -0.064083751936034
0.0273563652630191 -0.0300063442812993 0.0519764976093575 -0.0164321429900029
0.0400504710127522 -0.013639838894839 0.0155665735748516 0.0194859152871719
0.0345284101652433 0.00358427823209494 -0.05676589099111 0.0307786107993865
-0.00177711231104716 -0.0171060872178794 0.0689953626791692 -0.0285915744544248
-0.0137581450167491 -0.00499302689686967 -0.000739595441721591 -0.0390626417618095
-0.0126503557172158 0.00520079866943538 -0.0490581138167385 -0.00239163787234002
-0.00434275762335609 0.00522313274575543 -0.0523608336432781 0.0529101061165845
-0.00583920478145114 0.00318266282677329 -0.0070168648055335 0.0762239409264601
-0.00572467548536395 0.00355284999729277 0.033093035448474 0.0605607105857443
-0.00546761499778978 0.00469431739650293 0.0578904535011093 0.0345784218442157
-0.00884209120203622 0.00786454173259177 0.0665163282857093 0.00226692389041057
-0.0111910151870619 0.00776355825478717 0.0654132158570317 -0.0161792627136452
-0.0149504453628608 0.0049158286535498 0.0655729887896363 -0.0246711035606662
-0.0164120885533647 -0.00356704448496491 0.0726806948972895 -0.0146405801633792
-0.0120039075446926 -0.0111877598536623 0.0757276003037854 0.000797579084624572
-0.0102535108614699 -0.0149108378319143 0.0745806908475568 -0.000710233369967879
-0.00382952399983301 -0.0202483689988965 0.0865850772511656 -0.00636119150720041
0.00902945293843599 -0.025541573077366 0.106881211237126 -0.0357169301158887
0.0296635820601945 -0.0231394574101262 0.0617463780892414 -0.0182889788561706
0.01166397864897 -0.0167343244009422 -2.71340058894103E-05 -0.0354249840874435
0.0052652570083896 -0.0101232110592776 -0.0522607100790087 -0.002352148805322
0.00131596979984146 -0.0139206458730098 -0.0564235327078661 0.0504683298102931
-0.0121377162696856 -0.0149102540357516 -0.0148443903210491 0.0743385655594523
-0.0202258794591991 -0.0081889229183334 0.0259146260397478 0.0623560202846918
-0.024960780560691 -0.000806734361838998 0.0510836319076274 0.0375050161682935
-0.0322976104852889 0.00629510449417756 0.058585350148876 0.00602087847134683
-0.0353497104465856 0.0063830542608487 0.0561076999855893 -0.0141429561034985
-0.0410296698731572 0.00116127088857113 0.0555447397645822 -0.0273853867186169
-0.0431242317539978 -0.0169689968148886 0.062399795716649 -0.0238640563712325
-0.0279626915012153 -0.0379220024091132 0.0730462179034076 -0.0103420780461885
-0.00796257685023245 -0.0489809749021128 0.0747520017981734 -0.00593518568033263
0.0170653574109432 -0.0514049920274319 0.0794642648750545 -0.00487405182686191
0.0419679938109216 -0.0464791363332174 0.0927930508364579 -0.0280513089692783
0.0585474611113171 -0.0267952472379589 0.0409580664479425 -0.00912383579552368
0.038179913307561 -0.0269389348886952 -0.00906536530999101 -0.0338414058634634
0.0254651591739036 -0.0286898749016016 -0.0601304933285426 -0.00343593404039552
0.00645273127997919 -0.0355802139365538 -0.0610640394813986 0.0466385043357807
-0.018535264950212 -0.0335901781146099 -0.0215771268508512 0.0684499939087137
-0.0337455171460711 -0.019396072495248 0.0167948735763464 0.0592537119191163
-0.0415750342389681 -0.00701662116849019 0.0378599563946266 0.0376427000926522
-0.0509295142189706 0.00332082411705071 0.0429387882309282 0.00869933174260531
-0.0544040109053453 0.0043355901529481 0.0386517345604815 -0.0119123408209393
-0.0616467861816988 -0.000793843523781903 0.0372731509196178 -0.029558781353059
-0.0648470818299125 -0.0245173323797786 0.0455804830357528 -0.0336677268606696
-0.04446484565005 -0.0560896147661225 0.0658924848650465 -0.0241828216421132
-0.0107721159744039 -0.0768308225241853 0.0744436497554758 -0.0122207308406511
0.0309742496685252 -0.0773728019896724 0.0717100253987386 0.000591079927424798
0.0668884682833673 -0.0617716352185838 0.069258688769798 -0.0148327047815615
0.0785586694173875 -0.0286074215826177 0.0101250238430692 0.00149049373060935
0.0602912163892655 -0.0380990844738893 -0.0249201613120341 -0.0301307080332828
0.0415798190429625 -0.0491724530909809 -0.0689111371700322 -0.00298098681024899
0.00681376260020882 -0.057425212062626 -0.0640710357527394 0.0404715196556692
-0.0269300325136059 -0.0489276022671236 -0.0295951794566261 0.0584298987483154
-0.0451416105972175 -0.0273881967346485 0.00274287642637534 0.0520397904070947
-0.0525239978453413 -0.00993613493190682 0.019140117299253 0.0351710526771089
-0.0621320754137682 -0.000614711720650135 0.0206027453913201 0.0105385466514039
-0.0644173165413718 -7.90486160864295E-05 0.0155338169390873 -0.00874505454931462
-0.0717061836882553 -0.00399463436278623 0.0151676431936487 -0.0302517448259055
-0.0757124083954361 -0.0296064583999601 0.0248454225528187 -0.040595724435691
-0.0527726427897169 -0.0654011025944863 0.0567994975728498 -0.0368003704319079
-0.0107422223155713 -0.0915735522202495 0.0723504942837317 -0.0155327852602767
0.0415607503775148 -0.090428842484302 0.0618743882227059 0.0102273402083217
0.0820276842366508 -0.0661082235263012 0.0394083475542875 0.00354784507109232
0.0862672032515523 -0.0281471283795905 -0.0259378306298868 0.0130657748804393
0.0710351329650964 -0.0455211219927339 -0.044915987958522 -0.0199297512921152
0.0482881845764509 -0.0635724227428612 -0.0751147332948943 0.000570355451155907
0.0037456780757834 -0.0701733507606456 -0.0652600659070266 0.0303943832066066
-0.0337624167593143 -0.0562184584295377 -0.039978873800515 0.0441496312221548
-0.050279886050311 -0.0294216400999795 -0.0150670846860727 0.0424188860588243
-0.0563508825288439 -0.0105152709550767 -0.00366084756737237 0.0319465791568207
-0.0636763684739712 -0.00415321181273094 -0.00363031730403695 0.0109189369982883
-0.0642039784479424 -0.00515022664426829 -0.00906220471805422 -0.00737904600944781
-0.0694844913105817 -0.00957105988535984 -0.00767214052100262 -0.0313014113932195
-0.0704834047731659 -0.0341306057476575 0.00522416398204163 -0.0472015103547026
-0.0462032492938237 -0.0685789136258574 0.0459548368265835 -0.0460673639801918
-0.000863945942022034 -0.0914735724246878 0.0681701593986626 -0.0153457444963302
0.0513653987286398 -0.0849688846994123 0.0503546705400278 0.0207272651773938
0.0871487806764341 -0.0563413131473974 0.00689236368819842 0.0197459080676251
0.0778780956723577 -0.0232874317204446 -0.0609188519595828 0.0267837821000763
0.0671082014938639 -0.0433387840042842 -0.0636308562778073 -0.00417335782753296
0.0436642412848682 -0.0618577935607951 -0.0757756361417486 0.00432913835198696
-0.000420848899810685 -0.066369249764802 -0.0651450391635832 0.016780068088644
-0.0333020145256455 -0.0514720668597784 -0.0513842099375052 0.0278692921072054
-0.0465305449855452 -0.0265814437778349 -0.0354074787008281 0.0328242546504333
-0.0507501146590922 -0.00957442079777424 -0.0269189928056868 0.0287817430589188
-0.0559931675411509 -0.00722750681287646 -0.0275713421643495 0.0100453601943949
-0.0547992535075216 -0.010788324607084 -0.0307996702752981 -0.00844293202838995
-0.056031633439189 -0.0161847371555079 -0.0248715709477278 -0.0362050721595997
-0.0525845807953624 -0.0374659313271944 -0.0068431103184292 -0.0546327813556837
-0.0272174426759343 -0.0637663483238526 0.0395316770944532 -0.0517548266939806
0.0159671058577218 -0.0767864892418825 0.0627882080225591 -0.0123095453184426
0.0570685046230549 -0.0638939463600084 0.0355970620968012 0.0267771236228944
0.079407514083681 -0.0365114038334048 -0.0227579004022626 0.0297280254666016
0.0555165848799211 -0.0128865482209144 -0.0878924767572205 0.0378902874678192
0.0503186165775383 -0.0295443589907914 -0.0760103551998706 0.0102614124845054
0.0319103703532042 -0.0450917822419845 -0.0737272949075156 0.0062445747809038
-0.00159530643659777 -0.0471015039091743 -0.0640274732406503 0.00591010586598793
-0.0240381202260915 -0.0363700075415811 -0.0618952772979262 0.0157915594243241
-0.0320220951406682 -0.0187497561990631 -0.05295411069465 0.0264730493423168
-0.0361087805526413 -0.00735127243542799 -0.0462832183039004 0.0264424255320091
-0.0394110159561872 -0.00986087250897596 -0.0466277987306445 0.00707036427260117
-0.0364786535337052 -0.013446246010433 -0.0466071755793435 -0.014104000800037
-0.0354173373034013 -0.0193380220205248 -0.0354902707651737 -0.0440947066499382
-0.0291863005814375 -0.0342736032643259 -0.0104472469016853 -0.062691445602209
-0.00711648679364481 -0.0493139586407799 0.0375239822443971 -0.0557832009260554
0.0284585206037112 -0.0517351032796175 0.0558747147357648 -0.00988710128610028
0.0537636505924456 -0.0357373823053809 0.0205371146644299 0.0264040471206818
0.0611584464183674 -0.0127635562880599 -0.0465641817147619 0.0307987934081093
0.0247653892479813 0.00207833116164186 -0.101268379932425 0.044511370807348
0.0274714090876209 -0.00853380423871932 -0.0807891193317187 0.0197911625026635
0.0181103290274059 -0.0181178941232132 -0.0709225965352339 0.00641527191438176
0.00230189567483733 -0.0191659698359867 -0.0650994134361582 -0.000202389432714698
-0.00659556707115437 -0.0162723596135246 -0.0691489604357808 0.0109287406573766
-0.0107104211506297 -0.0101823868358929 -0.0632764048921541 0.0245497899381584
-0.0145590895847853 -0.00594327401096863 -0.0586320878919167 0.0246556876134789
-0.0168566592690377 -0.0109427192646278 -0.0575812153406824 0.00383490601771961
-0.015044697958689 -0.012860644688799 -0.054902634829809 -0.0209901832827707
-0.013180579976756 -0.0161402615479382 -0.0360598652788308 -0.0534905126950943
-0.00856344577941264 -0.0234184410711163 -0.00597103297858548 -0.0695950478305666
0.00458664419418786 -0.0295110803207625 0.0398903642953808 -0.0561261497129625
0.0283030298182173 -0.0261478891660212 0.0509177775231476 -0.00877424670650258
0.0393419677363993 -0.00842719135505455 0.0106247732371313 0.0210729349539853
0.0328934766393775 0.00788673481723298 -0.0603138691333741 0.0241504443958703
-0.00154830842766409 -0.0161574090913366 0.0668335228820892 -0.0261771971259273
-0.0127570480305516 -0.00540573635981951 4.3143373707531E-05 -0.0385774929238242
-0.0123854010260729 0.00468075673308545 -0.0476172967791386 -0.00372000991571861
-0.00421734308732687 0.00482636090729865 -0.0520425972719432 0.049844600921468
-0.00586643722088467 0.00292434201279601 -0.00908013612243765 0.0735659819541761
-0.00619899882563287 0.00331964231208469 0.0299052635680323 0.0590844419876533
-0.00563302691233011 0.00430818647980657 0.0545294656605691 0.0332377587031319
-0.00919980505861174 0.00773134445602356 0.0641042205191869 0.00269896105629057
-0.0107403784925447 0.0075953471593806 0.0635256249107884 -0.0147767981476469
-0.0144910463257453 0.00480139904233024 0.0642865156739976 -0.0222417348225319
-0.0159821982776656 -0.00391357330999881 0.0705762038781386 -0.0123449165894538
-0.0109440370438783 -0.0113788730754853 0.0730981404148038 0.00306362633028591
-0.00923863126345948 -0.0145596342657465 0.0717921686019034 0.00207636187875522
-0.00246721202918882 -0.0192863883644876 0.0842152546719811 -0.00324328452921659
0.00913146338473608 -0.0248700919119718 0.104036291803504 -0.0319399002073142
0.029393357621091 -0.0212922268393636 0.059650480165424 -0.0171742695061403
0.0117684485127911 -0.0150826722589906 -0.000513046028566545 -0.0348499759017582
0.00537648618352243 -0.0100864967341766 -0.0508365013899952 -0.00398779795514911
0.00183925262006405 -0.0131974813493242 -0.0555172524565169 0.0467246987914543
-0.0113619282471524 -0.0142126659832558 -0.0160081842086735 0.0708640592663653
-0.019276017864833 -0.00803190652258651 0.0234067327063281 0.0601955733968366
-0.0243449193970562 -0.00151728134812512 0.0478022361532128 0.0364330804352132
-0.0314754565362574 0.00519340831067879 0.0565751335275595 0.00580033707801607
-0.0341308342105328 0.00577118571642624 0.0547310902955445 -0.0133611096825058
-0.0398217904872411 0.000362868466562089 0.0543686936550295 -0.0254012308917757
-0.0407888739277893 -0.0173328047195718 0.0612038544202388 -0.0211079005053475
-0.0259130732063234 -0.0373263537921998 0.0706560899788689 -0.00790187097427955
-0.00637605135583785 -0.0477751996789496 0.0722174714344394 -0.00381818109283267
0.0177975097779607 -0.0496696040728225 0.076973802873539 -0.00201136074914006
0.0415521790472649 -0.0443987149187261 0.0896435984520836 -0.024226136573556
0.0571117166860342 -0.0240260748868126 0.0394114114502165 -0.00840286945173846
0.0376263330784838 -0.0250426520969361 -0.00783997747572607 -0.0340783110914695
0.0253831357246155 -0.0268049568911615 -0.0583353715345611 -0.00525043340920421
0.00719735431838906 -0.0338796633987373 -0.0603735958847934 0.0429307456956051
-0.0171554828864299 -0.0323659721973049 -0.022979460331599 0.0652471192966176
-0.0320294559963236 -0.0191241623419433 0.014067833711998 0.0571872362865779
-0.039881563233801 -0.00702596139614056 0.035136000589008 0.0371090773341077
-0.049437253271658 0.00245524844044761 0.0418303900635415 0.00860329627710717
-0.0525537765662833 0.00303551095386783 0.0378331067707013 -0.0108467970051358
-0.0590621996583815 -0.00161983005299041 0.0369680106491191 -0.0282218653993348
-0.0620581910140615 -0.0243247549362587 0.0453844008353314 -0.0311576185894743
-0.0417190105718631 -0.0549378413020889 0.0649795568219465 -0.0218266810336031
-0.00851357958079618 -0.0738282371190817 0.0717520934574733 -0.0101326769064536
0.0323637115889888 -0.0736706487332554 0.0682359456236288 0.00294561622216502
0.0651782923483752 -0.0584082273811944 0.0659933322754085 -0.0125033004760817
0.0766566080769329 -0.0252854132847909 0.00988361433310707 0.000597141653494779
0.0595296691350087 -0.0351234307890986 -0.0231625396811486 -0.0306902758869516
0.0410345320936523 -0.0467003408757283 -0.0667914418628721 -0.00413493227590757
0.00787292044307165 -0.0546077936957379 -0.0631677685327502 0.0367566433065362
-0.0249849057957403 -0.0478188176067807 -0.0306821165473563 0.0555153146820201
-0.0427648991727822 -0.0270543420501762 0.00096736475260478 0.0500495311437064
-0.0509721117056285 -0.00987166052220929 0.0175568236090959 0.0343452432144345
-0.059824183279283 -0.00128532823955723 0.0202519909441307 0.00990770974673297
-0.0621238657544519 -0.000855990021952299 0.0159056809852556 -0.0078823763744727
-0.0688091478705074 -0.0049463064752746 0.0152097889649744 -0.0290949311706191
-0.0722681982106283 -0.0292636953886086 0.0261450506144012 -0.0388209549061056
-0.0493538195514562 -0.063857636255254 0.0556958485376171 -0.0342416128218094
-0.0083089606560415 -0.0880347669060935 0.0699198486913783 -0.0136217196089695
0.0423142012033182 -0.0860599886826004 0.0586976697424122 0.0122846376232142
0.0808193531541412 -0.061985404288496 0.0374174278822963 0.00416285254686626
0.0835081732489926 -0.0248527962093597 -0.0257058736477677 0.0116093706174199
0.0697795093853672 -0.0414129458399366 -0.0426968678046438 -0.0214848000172475
0.0484527401983239 -0.0595880480588433 -0.0722521875094886 -0.00179863905851487
0.00521208246802022 -0.0667353829294503 -0.064023892845729 0.0267677070649616
-0.0314393277001821 -0.0545190659537572 -0.0397975137099125 0.0404959529190888
-0.047358414297092 -0.0295227671284229 -0.0160761679801766 0.0400369461608729
-0.0538550176722998 -0.0112362841200533 -0.0041282728173468 0.0303124129045804
-0.0613709752008736 -0.00482428039447862 -0.0041513309098424 0.0098588430968356
-0.061870288628269 -0.00567949492843855 -0.00852031735666917 -0.00717745897249116
-0.0664392278069949 -0.0104847906089208 -0.00653798025306398 -0.0310147390846871
-0.0674973577825331 -0.0331997657677019 0.00725463993647513 -0.0452189112563129
-0.0433034946107593 -0.0666392549035712 0.0458317537269195 -0.0429255016829163
0.000939036867000915 -0.0884202006550557 0.0661022382496291 -0.0134400293946013
0.0510390114601399 -0.0810457294395086 0.0471569346571161 0.0210638916270033
0.0847729813629234 -0.0523588480060038 0.00645161307308848 0.0195943643643257
0.0752348264181694 -0.0199249358966107 -0.0596271760472254 0.0239631150178772
0.0653502140598775 -0.039821569766473 -0.0604937800283948 -0.00631942773583517
0.0443162067681108 -0.0592500734414452 -0.0733112865978782 0.00203221008096257
0.00164330921628284 -0.063534067545847 -0.0637791480233139 0.0137097967744636
-0.0312990287766029 -0.0497388409886204 -0.0506198652060395 0.025241217422469
-0.0438064539454374 -0.0263642115812242 -0.0352320640992532 0.0303019310254807
-0.0484113540035604 -0.00983232848391327 -0.0266161802442631 0.0271407058114885
-0.0535587770438544 -0.00804188635799642 -0.0264120901320442 0.00912175522972703
-0.0523032398659398 -0.0112668042103345 -0.0295991801392477 -0.00847107399376246
-0.0534040326988795 -0.0162224045685828 -0.0231082472494379 -0.0354007606910648
-0.0497665002733503 -0.0356575931517201 -0.00431097347841657 -0.0525431464430138
-0.0250465882586947 -0.061176551100311 0.039920348047162 -0.0488317866603736
0.016905207601025 -0.07357857418353 0.0610708750590328 -0.0112958102915714
0.0564062069207961 -0.0608880481583252 0.0332431172642719 0.0268854801926762
0.0773271248097151 -0.0337417571472472 -0.023083928222165 0.028957972307421
0.0536782542672231 -0.0111453232938038 -0.0853388447655902 0.0343784735864046
0.0490325998906373 -0.027630392443589 -0.0731946620618742 0.00724611014781271
0.0318360716736689 -0.0430303749232429 -0.0710010961492415 0.00446253620916083
-0.000222314131882372 -0.0449764327383858 -0.0629899074080949 0.00336939384099826
-0.0224781173931397 -0.0352819091681262 -0.0608530509328293 0.013489868074718
-0.0304352558574983 -0.018837350191665 -0.0515806964078284 0.0246753989713477
-0.0343697376812461 -0.00775191673659789 -0.0454093003206201 0.0248005440371989
-0.0378396323506041 -0.00954658598616063 -0.0450632840309434 0.00683114767911259
-0.0353624239869139 -0.0135163675534652 -0.0446123691852684 -0.0137616469867154
-0.0333417197026812 -0.0190497406510127 -0.0324285354942031 -0.0431108985970374
-0.0273029069197675 -0.0326066075325375 -0.00811290930935525 -0.0607528616880307
-0.00544970259762578 -0.0472819494614081 0.0381604223838182 -0.0523830117236677
0.0288825604110105 -0.0493290122528021 0.0549634557765456 -0.00880620813270738
0.052988384127476 -0.0325345534692429 0.0186712560491157 0.0265521662833286
0.0589534412378466 -0.011195023209738 -0.0457265084673355 0.0283590877320144
0.0239668320006731 0.00299951460013935 -0.0984964795199366 0.0404107712472446
0.0261152967829877 -0.00754285823719393 -0.0777789604852755 0.0166200907228676
0.0181958909250501 -0.0170210200311071 -0.0683693744063873 0.00410296287323243
0.00249859800588513 -0.0186208037902713 -0.0634213932545688 -0.00199787003090826
-0.00572451075606325 -0.0157141791586422 -0.0676545122627038 0.00875277117313626
-0.00971843102436239 -0.0101126617544896 -0.0618198004752912 0.0220619704603457
-0.0136650164718946 -0.0055518169607 -0.0564776565990027 0.0230096407229965
-0.0165804567913277 -0.0100188926188545 -0.0558801045194878 0.00308017921400998
-0.0141938254185134 -0.0129505574405229 -0.0515953991045406 -0.0208844475160567
-0.0119082032951982 -0.0161623110922168 -0.0337859523332013 -0.0516720516817633
-0.00765510110065147 -0.0224227901633363 -0.00381648177094146 -0.0663765089286401
0.0053463795799628 -0.0280228800550851 0.0399891067489518 -0.0530436462006026
0.0284809804928637 -0.0245207123050204 0.049597505279711 -0.00709224184499526
0.0383871696639278 -0.00710284081842909 0.00941797562896156 0.0214020682093491
0.0310118285191422 0.00799964787307757 -0.0580615711885348 0.0221049188634514
-0.00119149077118747 -0.0157747819871152 0.0676288784048559 -0.0248007705297148
-0.0124865886853643 -0.00575664545981129 0.000999609391921986 -0.039227485232737
-0.0123231009247144 0.00429161111158829 -0.048552714820535 -0.00665016323473013
-0.00445168101037246 0.00436605733138272 -0.054057639444167 0.0480382648615903
-0.00580980872149062 0.00272685785566886 -0.0118288597779298 0.0727130885577788
-0.0059772358374753 0.00359153065714497 0.0268730575683029 0.0598017947916314
-0.00622507440946004 0.00415895408703043 0.0527480902892376 0.0348135962525958
-0.00961974013439936 0.00737878249431071 0.06367774298418 0.00415324879066083
-0.010567353944773 0.00757655465304895 0.0641352747741411 -0.0135533152283418
-0.0146286462860904 0.00413618688952027 0.0648231238133599 -0.0199361083889572
-0.0162524177914122 -0.0040473662164904 0.0714884584951498 -0.00989606562044194
-0.0106216810266977 -0.0120807852747082 0.0736755496126923 0.00565438849485387
-0.00885676569420702 -0.0148131046883992 0.0719176907836823 0.00565778758341819
-0.00226551404870611 -0.0200128009644078 0.0848800050888071 0.00112229978428872
0.0103549259372049 -0.0248416901816284 0.105299296203887 -0.028168223833837
0.0301301342097935 -0.0202502466377079 0.0596732770047704 -0.0153735786770945
0.0124372794257009 -0.0149267542591711 0.000933180285001018 -0.035750354343287
0.00615917557831367 -0.00955662518026329 -0.0510073101561033 -0.00692215080512215
0.00241610631452175 -0.0130785007552772 -0.0577438558605403 0.0446473755842769
-0.0106209821194092 -0.0149443941697518 -0.0194261439139613 0.0699390232107205
-0.0189608814089247 -0.0084985015161852 0.0204279557420586 0.0609197770589702
-0.0244358515022207 -0.00250844219750878 0.0466611568957754 0.0377213014607031
-0.0319616344130849 0.00435631172992307 0.0563982318443056 0.00685509596559041
-0.0345555692692107 0.00487028958325652 0.0555356859609538 -0.0116121747960753
-0.0396517394261307 -0.000980514514209174 0.0552969259893368 -0.0236123527599107
-0.0406640743115192 -0.0178863881185747 0.0624935135274234 -0.0193723106687849
-0.0252917096509571 -0.0382561408477647 0.0723435683520227 -0.00503695140104034
-0.00434865641273812 -0.0481104420660148 0.0723853786926416 -0.000849379222629682
0.0198785187207212 -0.0488077778291735 0.0774226060626349 0.00135660060946807
0.0426835364090364 -0.0426846195282223 0.0903580575554229 -0.0217507150847702
0.0581375596057468 -0.0216269678679332 0.0394364514172309 -0.00836030740945631
0.0387653032454858 -0.0233365057492716 -0.0068710993562167 -0.0354437887212221
0.0267001953661837 -0.0264990560962007 -0.0578533902964252 -0.00787478815607484
0.00851379898237033 -0.0333302598253524 -0.0621002746913016 0.0406192439265494
-0.0160595461048033 -0.0327835847968922 -0.0257008288816211 0.064318760510326
-0.0309433813977213 -0.0203888916476068 0.0112291398039697 0.0567259426772922
-0.0396763299338324 -0.00834771305481687 0.0338542631220926 0.037533274586998
-0.0497348174160001 0.000923254447652442 0.0408299135679062 0.00904445214560197
-0.0524082776334251 0.00171329017037976 0.0378619212348434 -0.00976631655926766
-0.0585906414398582 -0.0033533202713811 0.0378763771281484 -0.0274324476986087
-0.0615565535371233 -0.0259947037269435 0.0473661451402673 -0.030017024488991
-0.0396045501039392 -0.0559065796115197 0.066600844264829 -0.0194054208499992
-0.00610108191553278 -0.0745895047388323 0.0720447448749979 -0.00697295868526224
0.0347781918069026 -0.0730687364756546 0.0687414364326422 0.0062858110130554
0.0679863273988372 -0.055834561548051 0.0662380549419568 -0.00980400123491586
0.0775146783328548 -0.0223728242458613 0.00945977069048079 0.000383382449026914
0.0600594838028381 -0.0326994228300062 -0.0220023264337505 -0.0334370461035156
0.0429473302863541 -0.0449069632257071 -0.0660116796649918 -0.00771816848284797
0.00996027547663976 -0.0545295270000621 -0.0651118428307778 0.0342426071774361
-0.0234616096959598 -0.0479955400697878 -0.0326067017172693 0.0539125663810168
-0.0411863468972114 -0.0282579458032937 -0.000873398809096869 0.0491759078093498
-0.0505354593187766 -0.0116350802339108 0.0158648473625379 0.0343815356100942
-0.0602682401936902 -0.002361289917962 0.0198211107964527 0.0102609084055284
-0.0622129759974334 -0.00194636955103049 0.0161938227420108 -0.00753031098283876
-0.0681011602261734 -0.00648902402496061 0.0157216747672788 -0.0291543107094033
-0.0710491692727818 -0.0309581787312229 0.0282409593803149 -0.0379049857482195
-0.0471777667783358 -0.0655001019842983 0.0574657561412868 -0.0321127611784739
-0.00525263773811781 -0.0888556795073133 0.0699491631634529 -0.0109597333486245
0.0455383978979873 -0.0849958504920614 0.0587112300120879 0.0146876166682223
0.082399780268088 -0.0596819934142656 0.0367801839821643 0.00572265183672215
0.0843596422551772 -0.0216604787816408 -0.0264182838555991 0.0097138075294911
0.0711841368272147 -0.0391308624371823 -0.042153471022267 -0.0239333831028179
0.0505170856630037 -0.0580107491230578 -0.071799586276948 -0.00535898663780372
0.00735166019997281 -0.066730577717684 -0.0657522101839982 0.0238645826309377
-0.0295265693138683 -0.0550096874875101 -0.0423650613924442 0.0392562720301223
-0.046254895662221 -0.0308933995326622 -0.0174957131530697 0.0387122614249468
-0.0537767806946831 -0.0125480097830471 -0.00492743694766635 0.0298377203942181
-0.0617071060840296 -0.00607720821761238 -0.00404112957527377 0.0100346160850284
-0.061617948115718 -0.00720087864369295 -0.00768334323634962 -0.00708723107340336
-0.0651573018113387 -0.0115954674289329 -0.00481875250521911 -0.0311876594321584
-0.0660418438619676 -0.0350630285052991 0.00942700330506617 -0.0447516522517303
-0.0405391623778246 -0.067793572702236 0.0481690271268397 -0.0418564907969018
0.00458269511654005 -0.0882973823271642 0.0664556934065948 -0.0112106241496667
0.0536779011799044 -0.0794226054721714 0.0466465541256875 0.0242547837929976
0.0862790534246872 -0.049315272824587 0.0054827548369827 0.0201626440682605
0.0757673772960728 -0.017098940109391 -0.0607567447564664 0.0218096983081023
0.0671875933687897 -0.0367148510130744 -0.0598925925153831 -0.00967745027151313
0.0463500174933884 -0.0575095645409875 -0.0727500202874388 -0.00136129366597565
0.00395004181091637 -0.0634927178708197 -0.0646590819436201 0.0116620614319874
-0.029341451940943 -0.0502926936876809 -0.0527275570092084 0.0223113578693308
-0.0427438342845394 -0.0282168090865918 -0.0363797286654661 0.0290727063196515
-0.0481136453849227 -0.0115160298097286 -0.0268903792061582 0.0258124955651793
-0.0537088741891045 -0.00905958367364803 -0.0266258895648164 0.00845544065544484
-0.0518433171315029 -0.012036867355155 -0.0287342795137226 -0.00963105837816281
-0.052481428865038 -0.0174881125650317 -0.0221305207879391 -0.0365155304746941
-0.0484320798367018 -0.0371280125785995 -0.00195523164627936 -0.0524801758706999
-0.0227178920876905 -0.0614645531192064 0.0424815011976605 -0.0476710705688337
0.0195771238863281 -0.0731867084159797 0.060841362577476 -0.00911664904800977
0.0584927308457166 -0.0584801345973218 0.0315864856745735 0.0286094703966838
0.0786602438170325 -0.0302478850436459 -0.0240049802973643 0.0279309033339513
0.0541360075606441 -0.00834163521182593 -0.0863983556047325 0.0308707873251776
0.0501539792981132 -0.0255276987932881 -0.0729326704357435 0.00366419604931699
0.033797877031773 -0.0419782456091379 -0.0707082764027124 0.00105775104498269
0.00161396604878908 -0.0452398219543661 -0.0632870539917988 0.000100812803877688
-0.0211509348767219 -0.0361115375783312 -0.0623933624096966 0.0111708046291091
-0.0297304709340637 -0.0193350549090324 -0.0525275439150744 0.0226262678618418
-0.0339223468361989 -0.00827942682325806 -0.045929995553998 0.0239195214456576
-0.0379916387706196 -0.0105480972501427 -0.0446448609158419 0.0058699576253092
-0.0346066493691501 -0.0151450832716882 -0.0436007740345008 -0.0150585426591564
-0.0322647878244607 -0.0197987937609582 -0.030593120405841 -0.0439784986465963
-0.0255347606307291 -0.0333063238077939 -0.00501467787149198 -0.0597416933526487
-0.00339166476638615 -0.0468929338232125 0.0404848252216076 -0.0510565448484056
0.0304531186083713 -0.0483825278442621 0.0551490110079371 -0.00693394143033692
0.0538470384767901 -0.0304205051093867 0.0178209960655741 0.0271860915746518
0.0595152501611853 -0.00863546183121949 -0.0464830126852304 0.0273883434543897
0.0233074580216431 0.00387982960041661 -0.100170229277053 0.036301655991889
0.026679316555911 -0.00628092615467917 -0.0777925729046911 0.0136093159668577
0.0188051646775165 -0.0168619962187705 -0.0687924655117723 0.00113422171251305
0.00315373690696739 -0.0184760630650836 -0.0636490310590444 -0.00498791742266422
-0.00556649964474742 -0.0155541539980301 -0.0682370617955985 0.00623454231636936
-0.00918660795647841 -0.0105887220761944 -0.0629040276228547 0.0198236027761463
-0.0137814894546259 -0.00628644995299063 -0.058001642264202 0.0214204911253604
-0.0165391804118613 -0.0103170536870539 -0.0559672374636945 0.00235737980007647
-0.014185788254359 -0.0132875496414233 -0.050912482729517 -0.022157206062135
-0.0113000141723149 -0.0160704791882537 -0.0314423293224055 -0.0524029941836425
-0.00683319938730032 -0.0229218286786108 -0.000931879331437705 -0.0663946283060134
0.00633544790055268 -0.0278207208831051 0.0424999898568918 -0.0511843199912163
0.0292708254204889 -0.0237773904268086 0.0499439764960115 -0.00517850028794186
0.0382789761141006 -0.00547969670851603 0.0087062916428476 0.0222654611485347
0.0310165355999485 0.00949590075300882 -0.058444431515237 0.01995224656527
