TRXV5
3
4
4
9
string Extension=J
integer IsArchMeasurement=1
integer IsSpherical=1
string Generator=SPM
string GeneratorVersion=1.3.1 Dev
double ArchRadius=0.449999988079071
integer FrequencyAxisIndex=0
integer AzimuthAxisIndex=1
integer ElevationAxisIndex=2
Frequency
5 136 690000000 960000000 LIN
Azimuth
7 8 0 2.74889357189107 LIN
Elevation
7 15 -2.74889357189107 2.74889357189107 LIN
Polar H Real Part
13
Polar H Imaginary Part
14
Polar V Real Part
13
Polar V Imaginary Part
14
Polar H Magnitude (dB)
12 0xC0000002 0 1
Polar H Phase
7 0xC0000003 0 1
Polar V Magnitude (dB)
12 0xC0000002 2 3
Polar V Phase
7 0xC0000003 2 3
-0.0468063354492187 -0.0645866394042969 0.193161010742187 0.00785827636718749
-0.0628929138183594 -0.0513916015625 0.131149291992187 -0.01214599609375
-0.0798263549804688 -0.000946044921875004 -0.000247955322265629 -0.0135135650634766
-0.0517234802246094 0.0394020080566406 -0.062042236328125 0.0556221008300781
-0.0161895751953125 0.040130615234375 -0.0624847412109375 0.117202758789062
0.0101318359375 0.0397682189941406 -0.017059326171875 0.20361328125
0.0247154235839844 0.0400810241699219 0.0536651611328125 0.243515014648438
0.0157279968261719 0.0363578796386719 0.08642578125 0.234085083007813
0.024749755859375 0.0373344421386719 0.0697479248046875 0.215576171875
0.0169525146484375 0.0524253845214844 0.0212860107421875 0.184341430664063
-0.00227737426757812 0.0610427856445313 0.0115127563476563 0.112411499023438
-0.0331459045410156 0.0677375793457031 0.0314178466796875 0.0518569946289063
-0.0745162963867188 0.027008056640625 0.108238220214844 0.0387802124023438
-0.0683670043945312 -0.0187263488769531 0.251480102539063 0.0940093994140625
-0.0482215881347656 -0.0163955688476562 0.309356689453125 0.242401123046875
-0.15478515625 -0.124923706054687 0.16766357421875 -0.00245666503906251
-0.171966552734375 -0.0988616943359375 0.120292663574219 -0.014984130859375
-0.183303833007813 -0.02099609375 0.0167770385742187 -0.0202903747558594
-0.153839111328125 0.0577239990234375 -0.05328369140625 0.033660888671875
-0.091705322265625 0.0945587158203125 -0.0667037963867188 0.0896224975585938
-0.0304794311523438 0.135810852050781 -0.03143310546875 0.185226440429688
0.022247314453125 0.138908386230469 0.0358428955078125 0.21771240234375
0.0126724243164062 0.126167297363281 0.0726318359375 0.204010009765625
0.0214385986328125 0.134063720703125 0.0608978271484375 0.18603515625
-0.00154113769531251 0.14404296875 0.019500732421875 0.160247802734375
-0.04632568359375 0.131217956542969 0.00997924804687499 0.0859222412109375
-0.0976715087890625 0.122840881347656 0.0336933135986328 0.0279426574707031
-0.16107177734375 0.0481109619140625 0.126976013183594 0.0167007446289063
-0.17413330078125 -0.0318756103515625 0.245376586914063 0.076385498046875
-0.162582397460938 -0.0554046630859375 0.291015625 0.220672607421875
-0.240737915039062 -0.168060302734375 0.108352661132812 -0.0326080322265625
-0.259185791015625 -0.135025024414063 0.084381103515625 -0.0269622802734375
-0.26422119140625 -0.0399017333984375 0.027505874633789 -0.0228290557861328
-0.237274169921875 0.065765380859375 -0.0338935852050781 0.00956535339355469
-0.158096313476563 0.133499145507813 -0.0545387268066406 0.050323486328125
-0.0717926025390625 0.211517333984375 -0.0359268188476563 0.137115478515625
0.012969970703125 0.21661376953125 0.014495849609375 0.155563354492188
0.00706481933593752 0.196914672851563 0.04705810546875 0.142303466796875
0.0176239013671875 0.211196899414063 0.039398193359375 0.129791259765625
-0.0149993896484375 0.219223022460938 0.0112228393554688 0.114509582519531
-0.07928466796875 0.190597534179688 0.00407791137695312 0.0475654602050781
-0.14520263671875 0.171188354492188 0.0318489074707031 0.00254440307617189
-0.22821044921875 0.07269287109375 0.128486633300781 -0.0025634765625
-0.256729125976563 -0.03228759765625 0.207855224609375 0.0604705810546875
-0.254913330078125 -0.0804443359375 0.2340087890625 0.185958862304688
-0.293365478515625 -0.179901123046875 0.0224151611328125 -0.07452392578125
-0.310577392578125 -0.14208984375 0.0264549255371094 -0.045074462890625
-0.305908203125 -0.0404052734375 0.0273513793945312 -0.0240592956542969
-0.281829833984375 0.0718383789062499 -0.0101537704467774 -0.0165300369262695
-0.196273803710937 0.154953002929688 -0.0322628021240235 0.00156021118164064
-0.0991668701171875 0.254058837890625 -0.0325546264648438 0.066314697265625
0.00254821777343747 0.26123046875 -0.00759124755859375 0.0689125061035156
0.000488281250000011 0.238357543945313 0.01318359375 0.0594635009765625
0.011383056640625 0.257736206054688 0.00905609130859375 0.0550613403320313
-0.0277099609375 0.26409912109375 -0.0033416748046875 0.049896240234375
-0.10284423828125 0.2252197265625 -0.00538778305053712 0.000864505767822279
-0.176406860351563 0.197128295898438 0.0257911682128906 -0.0223731994628906
-0.266403198242188 0.0853729248046875 0.113662719726562 -0.013763427734375
-0.30267333984375 -0.030792236328125 0.1434326171875 0.050628662109375
-0.308319091796875 -0.0917968749999999 0.148056030273437 0.142471313476563
-0.299957275390625 -0.157684326171875 -0.0775604248046875 -0.119148254394531
-0.3114013671875 -0.1192626953125 -0.0443382263183594 -0.0643463134765625
-0.295166015625 -0.026519775390625 0.0142707824707031 -0.0258731842041016
-0.272247314453125 0.0718536376953125 0.00922012329101561 -0.0440521240234375
-0.194717407226563 0.151229858398437 -0.00849151611328126 -0.0505218505859375
-0.107040405273438 0.254928588867188 -0.0265884399414063 -0.0167140960693359
-0.00682067871093751 0.263442993164063 -0.0298023223876953 -0.0277805328369141
-0.00784301757812502 0.24359130859375 -0.0222740173339844 -0.031463623046875
-0.00054931640625002 0.26617431640625 -0.0242900848388672 -0.0281295776367187
-0.0425567626953125 0.267578125 -0.0192317962646484 -0.0230674743652344
-0.118667602539063 0.221389770507812 -0.0144309997558594 -0.0477447509765625
-0.188461303710938 0.187606811523437 0.0185813903808594 -0.0442276000976562
-0.267303466796875 0.0736541748046875 0.087158203125 -0.01727294921875
-0.3013916015625 -0.0339965820312501 0.0630264282226562 0.0458793640136719
-0.312744140625 -0.0939636230468749 0.0473861694335937 0.0956649780273438
-0.259109497070313 -0.110107421875 -0.174346923828125 -0.155914306640625
-0.25677490234375 -0.0774230957031249 -0.114311218261719 -0.0812606811523437
-0.230117797851563 -0.00810241699218745 -0.0101261138916016 -0.0292472839355469
-0.211151123046875 0.0585479736328125 0.0163459777832031 -0.0680923461914063
-0.15777587890625 0.120697021484375 0.00705718994140625 -0.094268798828125
-0.0948944091796875 0.213592529296875 -0.0226058959960938 -0.094085693359375
-0.014984130859375 0.22564697265625 -0.0495376586914063 -0.117713928222656
-0.013824462890625 0.212539672851563 -0.0543060302734375 -0.117645263671875
-0.0149688720703125 0.235488891601563 -0.0500411987304688 -0.108428955078125
-0.0563201904296875 0.228424072265625 -0.0267257690429687 -0.0946121215820312
-0.121749877929687 0.179031372070313 -0.0148468017578125 -0.092132568359375
-0.176284790039063 0.140975952148438 0.0162239074707031 -0.06146240234375
-0.228073120117188 0.0409698486328125 0.0572319030761719 -0.0168991088867188
-0.251632690429688 -0.0418548583984375 -0.0162887573242188 0.0385704040527344
-0.268814086914063 -0.0841217041015625 -0.0487861633300781 0.046661376953125
-0.176101684570313 -0.04876708984375 -0.252761840820313 -0.179367065429688
-0.1591796875 -0.0326080322265625 -0.171722412109375 -0.0896453857421875
-0.130744934082031 0.00131225585937499 -0.04034423828125 -0.0284385681152344
-0.122901916503906 0.0290145874023437 0.0115127563476562 -0.0798187255859375
-0.100807189941406 0.06805419921875 0.0121917724609375 -0.120429992675781
-0.072265625 0.140625 -0.0233306884765625 -0.153030395507813
-0.0211944580078125 0.154388427734375 -0.065704345703125 -0.1875
-0.017578125 0.149703979492188 -0.0780181884765625 -0.187057495117188
-0.027191162109375 0.168777465820313 -0.0639495849609375 -0.175643920898438
-0.0607757568359375 0.153961181640625 -0.019989013671875 -0.15447998046875
-0.104324340820313 0.108169555664063 -0.00205993652343751 -0.122947692871094
-0.1328125 0.073944091796875 0.0213165283203125 -0.07098388671875
-0.15118408203125 0.00537109375000001 0.0292110443115234 -0.0163383483886719
-0.162338256835938 -0.0402069091796875 -0.081268310546875 0.023651123046875
-0.185836791992188 -0.0570220947265625 -0.125282287597656 0.000587463378906232
-0.0653305053710938 0.0139083862304688 -0.303253173828125 -0.1864013671875
-0.037353515625 0.00104522705078125 -0.210098266601562 -0.0869598388671875
-0.0207939147949219 -0.00417137145996094 -0.0704574584960938 -0.0178451538085938
-0.0294303894042969 -0.0125579833984375 6.1035156250006E-05 -0.0745315551757813
-0.040191650390625 0.00347137451171875 0.0108413696289062 -0.124885559082031
-0.0465431213378906 0.0473365783691406 -0.02593994140625 -0.18499755859375
-0.0271453857421875 0.061248779296875 -0.0763092041015625 -0.227493286132813
-0.0192222595214844 0.06451416015625 -0.090087890625 -0.227813720703125
-0.031524658203125 0.076263427734375 -0.0636444091796875 -0.217086791992188
-0.0465240478515625 0.0581817626953125 -0.00291442871093751 -0.19097900390625
-0.0583000183105469 0.0272750854492187 0.0187301635742188 -0.135345458984375
-0.0580635070800781 0.00769805908203126 0.03125 -0.0703353881835937
-0.0485610961914063 -0.0113334655761719 0.00567913055419922 -0.0154199600219727
-0.0527801513671875 -0.0139579772949219 -0.123092651367187 0.00470733642578123
-0.0801620483398437 -0.0114364624023437 -0.173553466796875 -0.035552978515625
-0.0524406433105469 -0.0627098083496094 0.206939697265625 -0.004730224609375
-0.0674476623535156 -0.0483932495117187 0.140289306640625 -0.0220108032226563
-0.0808639526367188 0.00428771972656251 0.00119876861572265 -0.0141143798828125
-0.0497856140136719 0.04315185546875 -0.060089111328125 0.0642318725585938
-0.0139541625976563 0.0415191650390625 -0.0555801391601562 0.12762451171875
0.0129776000976563 0.0391998291015625 -0.0010986328125 0.213729858398438
0.0281906127929688 0.0389633178710938 0.0773773193359375 0.250106811523438
0.0187873840332031 0.0361557006835938 0.111480712890625 0.236709594726562
0.0286979675292969 0.0361862182617188 0.09228515625 0.2200927734375
0.0220718383789062 0.0517463684082031 0.0371246337890625 0.192550659179687
0.00278854370117187 0.0631599426269531 0.020172119140625 0.117584228515625
-0.0274887084960938 0.0726089477539063 0.035919189453125 0.052642822265625
-0.07366943359375 0.0337600708007813 0.115623474121094 0.0319290161132813
-0.0723724365234375 -0.0121994018554687 0.269271850585938 0.0760345458984375
-0.0499153137207031 -0.0110092163085937 0.341766357421875 0.22698974609375
-0.170333862304688 -0.117019653320312 0.179763793945313 -0.01275634765625
-0.18621826171875 -0.08917236328125 0.128288269042969 -0.0234756469726563
-0.190155029296875 -0.00889587402343754 0.0178012847900391 -0.0226573944091797
-0.155319213867187 0.0708465576171875 -0.052398681640625 0.0410079956054688
-0.0882720947265625 0.104835510253906 -0.061248779296875 0.100349426269531
-0.0202789306640625 0.142333984375 -0.0149383544921875 0.196029663085938
0.03387451171875 0.14141845703125 0.0575714111328125 0.224227905273437
0.0242538452148438 0.130386352539063 0.095550537109375 0.206329345703125
0.03387451171875 0.137580871582031 0.08160400390625 0.189971923828125
0.01123046875 0.149917602539062 0.0350494384765625 0.16754150390625
-0.037567138671875 0.140464782714844 0.0176010131835937 0.0906448364257813
-0.0905838012695313 0.135902404785156 0.0369377136230469 0.0288887023925781
-0.162872314453125 0.0632171630859375 0.132911682128906 0.0074920654296875
-0.18353271484375 -0.018768310546875 0.2618408203125 0.0590057373046875
-0.1734619140625 -0.0432586669921875 0.32080078125 0.20745849609375
-0.265365600585938 -0.15521240234375 0.115791320800781 -0.0391769409179688
-0.279525756835938 -0.12054443359375 0.0896835327148437 -0.0326080322265625
-0.27685546875 -0.022003173828125 0.0285625457763672 -0.0263805389404297
-0.242874145507812 0.08697509765625 -0.0339736938476563 0.0143566131591797
-0.154495239257813 0.151535034179688 -0.0509147644042969 0.0580978393554688
-0.0561370849609375 0.224700927734375 -0.022369384765625 0.146377563476563
0.032257080078125 0.223281860351563 0.0304718017578125 0.161544799804688
0.024444580078125 0.204833984375 0.063079833984375 0.14447021484375
0.0379638671875 0.219482421875 0.0549163818359375 0.132774353027344
0.00386047363281251 0.230972290039063 0.0233917236328125 0.120307922363281
-0.067291259765625 0.206268310546875 0.00952529907226562 0.0520896911621094
-0.137786865234375 0.19207763671875 0.0332260131835937 0.00331878662109376
-0.231170654296875 0.0933990478515625 0.132652282714844 -0.0128173828125
-0.271392822265625 -0.0140228271484375 0.221588134765625 0.046630859375
-0.27325439453125 -0.0629119873046875 0.257171630859375 0.176345825195313
-0.321807861328125 -0.16473388671875 0.0223236083984375 -0.0755615234375
-0.335113525390625 -0.12371826171875 0.0267791748046875 -0.04608154296875
-0.322052001953125 -0.0194091796875 0.0281791687011719 -0.0275440216064453
-0.28924560546875 0.098175048828125 -0.0113677978515625 -0.014500617980957
-0.192550659179688 0.178878784179688 -0.0305519104003906 0.00611305236816407
-0.0812530517578125 0.272369384765625 -0.0235595703125 0.0722808837890625
0.026336669921875 0.270736694335938 -0.000167846679687507 0.07318115234375
0.02239990234375 0.2503662109375 0.0210952758789063 0.0612602233886719
0.035614013671875 0.269393920898438 0.0163688659667969 0.0573310852050781
-0.00570678710937503 0.279205322265625 0.00348663330078125 0.0546722412109375
-0.089385986328125 0.24493408203125 -0.00357127189636231 0.00429129600524904
-0.168609619140625 0.2227783203125 0.0256843566894531 -0.0217552185058594
-0.27093505859375 0.109344482421875 0.116493225097656 -0.0241165161132812
-0.319793701171875 -0.00888061523437506 0.153152465820312 0.0419158935546875
-0.330963134765625 -0.0712280273437499 0.164016723632812 0.139389038085938
-0.327545166015625 -0.143096923828125 -0.0865707397460938 -0.114410400390625
-0.335479736328125 -0.100250244140625 -0.0495948791503906 -0.0610389709472656
-0.31072998046875 -0.00561523437499993 0.014017105102539 -0.0289440155029297
-0.280014038085937 0.098052978515625 0.00632858276367186 -0.0451545715332031
-0.192596435546875 0.174819946289063 -0.010528564453125 -0.051025390625
-0.088409423828125 0.2742919921875 -0.02392578125 -0.0148124694824219
0.01715087890625 0.274871826171875 -0.0312862396240234 -0.025360107421875
0.01495361328125 0.256423950195313 -0.0246696472167969 -0.0302906036376953
0.024658203125 0.280487060546875 -0.0249595642089844 -0.0265922546386719
-0.02044677734375 0.28436279296875 -0.0185928344726563 -0.020914077758789
-0.106048583984375 0.242843627929687 -0.0167999267578125 -0.0458259582519531
-0.181838989257813 0.214141845703125 0.0166702270507812 -0.0446281433105469
-0.273208618164063 0.097808837890625 0.0889663696289062 -0.0261459350585937
-0.3192138671875 -0.014404296875 0.0689620971679687 0.0442428588867188
-0.33740234375 -0.0733032226562499 0.0548553466796875 0.0981903076171875
-0.28082275390625 -0.0970306396484374 -0.19049072265625 -0.14605712890625
-0.276382446289063 -0.0615997314453125 -0.124870300292969 -0.0727996826171875
-0.243194580078125 0.00868225097656245 -0.0121021270751953 -0.0302906036376953
-0.219146728515625 0.0792999267578125 0.0123977661132812 -0.0707550048828125
-0.15673828125 0.140731811523437 0.00253295898437499 -0.0983657836914062
-0.0797119140625 0.231536865234375 -0.0272140502929688 -0.0965499877929687
0.00610351562500002 0.236282348632813 -0.0606307983398437 -0.118522644042969
0.00614929199218751 0.224411010742188 -0.0662994384765625 -0.11761474609375
0.0069732666015625 0.249313354492188 -0.060028076171875 -0.109062194824219
-0.03759765625 0.245742797851563 -0.0330429077148437 -0.0962677001953125
-0.112808227539062 0.199447631835938 -0.0205307006835938 -0.092987060546875
-0.173171997070313 0.164825439453125 0.0125503540039062 -0.0627479553222656
-0.235763549804688 0.060943603515625 0.0567970275878906 -0.0229835510253906
-0.268356323242188 -0.0261993408203125 -0.0152053833007813 0.043182373046875
-0.29180908203125 -0.06732177734375 -0.0500259399414063 0.0542030334472656
-0.188919067382813 -0.0400543212890625 -0.275146484375 -0.165664672851563
-0.170791625976563 -0.023712158203125 -0.18609619140625 -0.07757568359375
-0.138885498046875 0.0102920532226563 -0.0437126159667969 -0.026275634765625
-0.129241943359375 0.0412368774414063 0.00627899169921875 -0.0834884643554688
-0.101425170898438 0.0814895629882813 0.00580596923828124 -0.126876831054687
-0.062164306640625 0.153839111328125 -0.0332794189453125 -0.158355712890625
-0.006439208984375 0.162979125976563 -0.084381103515625 -0.190017700195313
-0.00276184082031251 0.15997314453125 -0.0980987548828125 -0.187057495117188
-0.01043701171875 0.181365966796875 -0.0806121826171875 -0.178024291992188
-0.048065185546875 0.168182373046875 -0.032073974609375 -0.159408569335938
-0.0994873046875 0.123855590820312 -0.00962066650390627 -0.126113891601563
-0.13323974609375 0.0909271240234375 0.017059326171875 -0.0738296508789063
-0.157608032226563 0.0179443359375 0.0276012420654297 -0.0203418731689453
-0.176101684570312 -0.030731201171875 -0.0853805541992188 0.0328445434570313
-0.202407836914063 -0.045928955078125 -0.134353637695313 0.0111465454101562
-0.0673599243164063 0.016754150390625 -0.328094482421875 -0.170806884765625
-0.0406913757324219 0.00159454345703126 -0.226455688476563 -0.072845458984375
-0.0245399475097656 -0.00366592407226562 -0.0738449096679688 -0.01373291015625
-0.0345230102539063 -0.0101871490478516 -0.00534820556640626 -0.0786056518554688
-0.0435142517089844 0.00831222534179687 0.00325775146484376 -0.132293701171875
-0.0437049865722656 0.0554466247558594 -0.040740966796875 -0.191848754882812
-0.0206527709960937 0.0669898986816406 -0.099578857421875 -0.23095703125
-0.0123291015625 0.0709304809570313 -0.115158081054687 -0.22833251953125
-0.023773193359375 0.08447265625 -0.0846710205078125 -0.220626831054688
-0.0419540405273438 0.0666961669921875 -0.018096923828125 -0.198806762695312
-0.0583953857421875 0.0352897644042969 0.00987243652343751 -0.1417236328125
-0.0608024597167969 0.0156021118164063 0.0267257690429687 -0.0748367309570312
-0.0528030395507813 -0.00716781616210937 0.00256919860839844 -0.0173749923706055
-0.0590324401855469 -0.0115089416503906 -0.131546020507813 0.0161819458007812
-0.0875244140625 -0.00714874267578127 -0.187530517578125 -0.0240020751953125
-0.0554885864257813 -0.0583229064941406 0.213699340820312 -0.0186309814453125
-0.0696258544921875 -0.044158935546875 0.144515991210938 -0.03271484375
-0.079132080078125 0.00780487060546875 0.00213336944580078 -0.0148687362670898
-0.0465354919433594 0.0445594787597656 -0.054290771484375 0.0692825317382813
-0.0118064880371094 0.0414543151855469 -0.0468521118164062 0.133865356445313
0.0157051086425781 0.0372848510742188 0.01519775390625 0.21624755859375
0.0299186706542969 0.0364837646484375 0.0993499755859375 0.246353149414063
0.0213718414306641 0.0337352752685547 0.133346557617188 0.229904174804688
0.0315418243408203 0.0327415466308594 0.112014770507813 0.21551513671875
0.0264625549316406 0.0496559143066406 0.0524139404296875 0.19354248046875
0.00797653198242188 0.0622367858886719 0.0285491943359375 0.119041442871094
-0.020355224609375 0.0736160278320313 0.0394172668457031 0.051605224609375
-0.0700111389160156 0.0392951965332031 0.118400573730469 0.0247573852539063
-0.072723388671875 -0.00577545166015624 0.27667236328125 0.055389404296875
-0.0485610961914062 -0.00601959228515625 0.359130859375 0.20440673828125
-0.1806640625 -0.104598999023438 0.185775756835938 -0.023468017578125
-0.191970825195313 -0.076416015625 0.131889343261719 -0.0316238403320313
-0.190826416015625 0.00271606445312501 0.0184288024902344 -0.02435302734375
-0.151351928710938 0.081146240234375 -0.0481719970703125 0.045928955078125
-0.0821609497070313 0.111412048339844 -0.0533599853515625 0.106781005859375
-0.00988769531250001 0.143844604492188 0.00100708007812502 0.199050903320313
0.0450286865234375 0.139472961425781 0.0771331787109375 0.221786499023437
0.0345611572265625 0.129158020019531 0.114456176757813 0.200286865234375
0.0460968017578125 0.135704040527344 0.0988922119140625 0.186264038085938
0.023223876953125 0.150238037109375 0.0495452880859375 0.169174194335938
-0.028228759765625 0.144821166992188 0.0250396728515625 0.0926284790039063
-0.0802154541015625 0.144210815429688 0.0394973754882812 0.0284004211425781
-0.159027099609375 0.07440185546875 0.133407592773438 -0.00215911865234375
-0.187454223632813 -0.00561523437499997 0.268585205078125 0.03912353515625
-0.17730712890625 -0.0298004150390625 0.335601806640625 0.187347412109375
-0.279067993164063 -0.136627197265625 0.118759155273437 -0.0454177856445313
-0.289215087890625 -0.100616455078125 0.0916748046875 -0.03717041015625
-0.280136108398438 -0.00450134277343754 0.0286808013916015 -0.0289192199707031
-0.238937377929688 0.104904174804687 -0.0314502716064453 0.0188503265380859
-0.145767211914062 0.164169311523438 -0.0445289611816406 0.0637397766113281
-0.039764404296875 0.229019165039062 -0.00842285156249999 0.14910888671875
0.05023193359375 0.221481323242188 0.045440673828125 0.161026000976563
0.0420074462890625 0.205642700195312 0.0771942138671875 0.140411376953125
0.0565032958984375 0.218276977539063 0.067535400390625 0.130630493164063
0.0223541259765625 0.23284912109375 0.0349044799804688 0.121292114257813
-0.05291748046875 0.214019775390625 0.0150604248046875 0.0542068481445313
-0.124496459960937 0.204742431640625 0.0344009399414063 0.00337409973144533
-0.226242065429688 0.109405517578125 0.132003784179688 -0.0233612060546875
-0.275711059570313 0.00448608398437502 0.225921630859375 0.0301055908203125
-0.281402587890625 -0.0419921875 0.2711181640625 0.1607666015625
-0.3385009765625 -0.142730712890625 0.0218429565429687 -0.075103759765625
-0.34747314453125 -0.1009521484375 0.0267715454101562 -0.0458564758300781
-0.3258056640625 0.00161743164062501 0.0272636413574219 -0.0300083160400391
-0.2861328125 0.120849609375 -0.0116138458251953 -0.0113935470581055
-0.182342529296875 0.194976806640625 -0.0280094146728516 0.00954246520996095
-0.0612335205078125 0.279541015625 -0.0146255493164063 0.07440185546875
0.0481719970703125 0.269943237304687 0.00778961181640626 0.0752792358398438
0.0439605712890625 0.251312255859375 0.0278396606445313 0.0608444213867188
0.059173583984375 0.270248413085937 0.02325439453125 0.0565872192382813
0.01751708984375 0.283233642578125 0.011077880859375 0.056060791015625
-0.0720062255859375 0.255706787109375 -0.000937461853027348 0.00752162933349611
-0.153976440429687 0.2388916015625 0.0249347686767578 -0.0213699340820312
-0.265243530273438 0.12799072265625 0.11492919921875 -0.0338211059570312
-0.325592041015625 0.0118713378906249 0.157058715820312 0.031097412109375
-0.341552734375 -0.046600341796875 0.174118041992187 0.131011962890625
-0.343475341796875 -0.121551513671875 -0.0911178588867188 -0.106277465820313
-0.347503662109375 -0.078338623046875 -0.0524406433105469 -0.0548477172851563
-0.315216064453125 0.0150756835937499 0.0126857757568359 -0.0294380187988281
-0.277603149414063 0.12109375 0.0041236877441406 -0.043548583984375
-0.182693481445313 0.192733764648438 -0.0106430053710938 -0.0493049621582031
-0.067840576171875 0.283355712890625 -0.0209197998046875 -0.0137290954589844
0.0393524169921875 0.2747802734375 -0.0320796966552734 -0.0218563079833984
0.0377044677734375 0.258712768554688 -0.0261917114257813 -0.0278778076171875
0.049896240234375 0.28228759765625 -0.0253486633300781 -0.0250930786132812
0.00320434570312497 0.29083251953125 -0.0172767639160156 -0.018930435180664
-0.0892791748046875 0.255752563476563 -0.0173606872558594 -0.0429496765136719
-0.167587280273438 0.232315063476562 0.0146827697753906 -0.0433464050292969
-0.269744873046875 0.1171875 0.0865936279296875 -0.033966064453125
-0.32623291015625 0.00717163085937499 0.0719528198242187 0.0407791137695313
-0.3489990234375 -0.048797607421875 0.0606765747070312 0.0972976684570313
-0.294097900390625 -0.0802307128906249 -0.199493408203125 -0.131393432617188
-0.285736083984375 -0.0441894531250001 -0.130599975585938 -0.0620269775390625
-0.246200561523438 0.02532958984375 -0.0137310028076172 -0.0289173126220703
-0.218536376953125 0.097900390625 0.00765228271484374 -0.0706253051757813
-0.149612426757813 0.156036376953125 -0.00153350830078126 -0.099365234375
-0.06219482421875 0.240203857421875 -0.0308990478515625 -0.0966339111328125
0.02618408203125 0.237564086914062 -0.068939208984375 -0.113182067871094
0.0262451171875 0.227386474609375 -0.07550048828125 -0.112297058105469
0.02984619140625 0.253311157226563 -0.06781005859375 -0.105110168457031
-0.0172882080078125 0.252487182617188 -0.0382003784179687 -0.0949249267578125
-0.09930419921875 0.212326049804688 -0.0247650146484375 -0.0898284912109375
-0.162673950195313 0.182540893554688 0.00959014892578123 -0.0620956420898437
-0.23382568359375 0.0779266357421875 0.0542716979980469 -0.0283622741699219
-0.276046752929688 -0.00883483886718748 -0.0137672424316406 0.04608154296875
-0.302764892578125 -0.046661376953125 -0.0487403869628907 0.060455322265625
-0.196273803710938 -0.030059814453125 -0.286529541015625 -0.145233154296875
-0.1767578125 -0.0137481689453125 -0.193496704101563 -0.0629119873046875
-0.141830444335938 0.0198974609375 -0.0454635620117188 -0.0229988098144531
-0.130325317382813 0.05322265625 0.000877380371093751 -0.0841217041015625
-0.098480224609375 0.091583251953125 -0.00118255615234375 -0.129341125488281
-0.050933837890625 0.16143798828125 -0.0428466796875 -0.158935546875
0.00785827636718751 0.164840698242188 -0.0995330810546875 -0.18475341796875
0.012481689453125 0.162689208984375 -0.113693237304687 -0.1802978515625
0.00654602050781251 0.18560791015625 -0.094696044921875 -0.17340087890625
-0.03399658203125 0.175201416015625 -0.0429534912109375 -0.158584594726563
-0.0913162231445313 0.134590148925781 -0.0169525146484375 -0.125572204589844
-0.128120422363281 0.104713439941406 0.01226806640625 -0.0740966796875
-0.159210205078125 0.0298614501953125 0.0242710113525391 -0.0237178802490234
-0.183197021484375 -0.019622802734375 -0.0855636596679688 0.0410232543945312
-0.211029052734375 -0.03253173828125 -0.137809753417969 0.022308349609375
-0.0682907104492188 0.0179214477539063 -0.34136962890625 -0.14703369140625
-0.0436935424804688 0.00229644775390624 -0.234024047851562 -0.056060791015625
-0.0271739959716797 -0.00228309631347656 -0.0746002197265625 -0.00889587402343749
-0.038116455078125 -0.00618362426757812 -0.0101242065429688 -0.0796127319335938
-0.0449867248535156 0.0133247375488281 -0.00466156005859375 -0.135749816894531
-0.0392684936523437 0.0610733032226563 -0.0536956787109375 -0.192855834960938
-0.0147476196289063 0.0693130493164063 -0.119293212890625 -0.225173950195312
-0.00461578369140625 0.0734176635742188 -0.134765625 -0.220382690429688
-0.01519775390625 0.0887451171875 -0.103485107421875 -0.21661376953125
-0.0356063842773438 0.0724411010742187 -0.03314208984375 -0.200668334960938
-0.0557060241699219 0.041961669921875 0.000808715820312505 -0.142669677734375
-0.0605430603027344 0.0233421325683594 0.0220184326171875 -0.0762557983398438
-0.0548286437988281 -0.0022125244140625 -0.000831604003906251 -0.0185127258300781
-0.063812255859375 -0.00777435302734376 -0.134292602539063 0.0271072387695313
-0.0921783447265625 -0.00149536132812502 -0.194366455078125 -0.00996398925781251
-0.0561637878417969 -0.0535049438476563 0.21710205078125 -0.0265960693359375
-0.0690193176269531 -0.0413780212402344 0.146240234375 -0.0393218994140625
-0.0772247314453125 0.00925445556640625 0.00374603271484374 -0.0151834487915039
-0.0448226928710937 0.0444755554199219 -0.0491790771484375 0.07244873046875
-0.010498046875 0.0404243469238281 -0.0395965576171875 0.136543273925781
0.0156135559082031 0.0353202819824219 0.02606201171875 0.215774536132813
0.0309543609619141 0.0349502563476563 0.112014770507813 0.240493774414063
0.0216197967529297 0.0322456359863281 0.14569091796875 0.221282958984375
0.0327053070068359 0.0302562713623047 0.122955322265625 0.209991455078125
0.0285987854003906 0.0473899841308594 0.06182861328125 0.192291259765625
0.0108451843261719 0.0611953735351563 0.033050537109375 0.118820190429688
-0.0160751342773438 0.0725631713867188 0.0405960083007813 0.0510177612304688
-0.0669403076171875 0.0416679382324219 0.117706298828125 0.019622802734375
-0.071319580078125 -0.00146484374999999 0.27734375 0.0404205322265625
-0.045928955078125 -0.00244903564453126 0.36541748046875 0.18701171875
-0.183303833007813 -0.0948486328125 0.188446044921875 -0.0303497314453125
-0.1927490234375 -0.0677032470703125 0.133705139160156 -0.0367279052734375
-0.188690185546875 0.00830078125000002 0.018890380859375 -0.0251522064208984
-0.147293090820313 0.086212158203125 -0.0441169738769531 0.0495796203613281
-0.0775909423828125 0.113235473632813 -0.0462875366210938 0.109664916992188
-0.00376892089843751 0.141326904296875 0.0120697021484375 0.197830200195313
0.0501632690429687 0.135612487792969 0.0894622802734375 0.216873168945313
0.040435791015625 0.126808166503906 0.125579833984375 0.192672729492188
0.05322265625 0.132354736328125 0.108901977539063 0.180587768554687
0.0305328369140625 0.14837646484375 0.0589752197265625 0.168045043945313
-0.0211334228515625 0.146041870117188 0.0294036865234375 0.0928115844726563
-0.072479248046875 0.1473388671875 0.0403175354003906 0.0283622741699219
-0.154296875 0.079803466796875 0.131752014160156 -0.00742340087890624
-0.187255859375 0.00314331054687496 0.268524169921875 0.026092529296875
-0.176620483398438 -0.0203704833984375 0.34112548828125 0.1715087890625
-0.2845458984375 -0.122314453125 0.120803833007813 -0.0475616455078125
-0.29180908203125 -0.08782958984375 0.0928421020507812 -0.0395126342773438
-0.277847290039063 0.00486755371093749 0.0287303924560547 -0.0296535491943359
-0.234085083007812 0.114410400390625 -0.0294475555419922 0.0217075347900391
-0.138565063476563 0.169525146484375 -0.0391960144042969 0.067047119140625
-0.0288238525390625 0.228408813476562 0.001800537109375 0.148956298828125
0.0604248046875 0.216964721679688 0.054962158203125 0.15887451171875
0.0526123046875 0.202743530273438 0.0854949951171875 0.135978698730469
0.0688629150390625 0.21539306640625 0.075469970703125 0.126518249511719
0.034027099609375 0.230926513671875 0.043182373046875 0.121109008789063
-0.043060302734375 0.2171630859375 0.0188064575195312 0.0558090209960938
-0.11419677734375 0.210540771484375 0.0349693298339844 0.00431251525878908
-0.220565795898438 0.116912841796875 0.129264831542969 -0.0291824340820312
-0.276153564453125 0.0156707763671875 0.226638793945312 0.0198974609375
-0.28167724609375 -0.028076171875 0.275497436523438 0.150054931640625
-0.345184326171875 -0.12677001953125 0.022979736328125 -0.0728378295898438
-0.350433349609375 -0.085540771484375 0.0271644592285156 -0.0444259643554688
-0.32476806640625 0.0130920410156251 0.0269718170166015 -0.0304107666015625
-0.28057861328125 0.133316040039063 -0.010549545288086 -0.00874042510986327
-0.174179077148437 0.202423095703125 -0.0241527557373047 0.0117912292480469
-0.04736328125 0.27996826171875 -0.00700378417968751 0.0743484497070313
0.060882568359375 0.264892578125 0.0137786865234375 0.0755157470703125
0.057159423828125 0.248870849609375 0.0321922302246094 0.0592994689941406
0.0746002197265625 0.26702880859375 0.0270423889160156 0.0558624267578125
0.032379150390625 0.281646728515625 0.0167083740234375 0.0560798645019531
-0.060821533203125 0.26025390625 0.00192451477050781 0.00955104827880861
-0.142166137695313 0.2469482421875 0.0251941680908203 -0.019866943359375
-0.258819580078125 0.137741088867188 0.111083984375 -0.0389633178710937
-0.327301025390625 0.0246276855468749 0.1575927734375 0.0256500244140625
-0.343048095703125 -0.0301513671874999 0.177383422851562 0.124725341796875
-0.350189208984375 -0.107391357421875 -0.0909805297851563 -0.0990982055664063
-0.3504638671875 -0.0635986328125 -0.0528335571289063 -0.0492515563964844
-0.314117431640625 0.0262451171874999 0.0120010375976562 -0.0292091369628906
-0.273330688476563 0.1337890625 0.00290298461914061 -0.0413818359375
-0.174880981445313 0.201766967773438 -0.00998306274414064 -0.0483741760253906
-0.054473876953125 0.2852783203125 -0.0178337097167969 -0.0136680603027344
0.0525054931640625 0.271392822265625 -0.0304794311523437 -0.0192222595214844
0.0520782470703125 0.257003784179688 -0.0261516571044922 -0.0257244110107422
0.065948486328125 0.280624389648438 -0.0253829956054688 -0.0234260559082031
0.0181884765625 0.291229248046875 -0.0150852203369141 -0.0179271697998047
-0.0772247314453125 0.260940551757813 -0.0162200927734375 -0.0402030944824219
-0.15618896484375 0.241668701171875 0.0141258239746094 -0.0414695739746094
-0.26397705078125 0.126754760742188 0.0827560424804687 -0.0380630493164062
-0.328094482421875 0.019683837890625 0.0727920532226562 0.0388031005859375
-0.3515625 -0.032745361328125 0.0631027221679687 0.0963134765625
-0.299102783203125 -0.0690612792968749 -0.201278686523438 -0.119873046875
-0.289306640625 -0.03277587890625 -0.131752014160156 -0.0522613525390625
-0.246856689453125 0.0341796875 -0.0146484375 -0.0269126892089844
-0.2156982421875 0.109405517578125 0.00547790527343748 -0.0695114135742188
-0.143844604492187 0.16424560546875 -0.0039825439453125 -0.0989608764648438
-0.0509033203125 0.2430419921875 -0.0313720703125 -0.0957107543945313
0.0383453369140625 0.234359741210938 -0.0725860595703125 -0.109024047851563
0.0399017333984375 0.22674560546875 -0.0798416137695313 -0.106697082519531
0.045257568359375 0.251907348632813 -0.0717697143554688 -0.101318359375
-0.00367736816406251 0.254852294921875 -0.0396804809570312 -0.0926513671875
-0.0891265869140625 0.218246459960937 -0.0260848999023438 -0.087493896484375
-0.153518676757812 0.192123413085938 0.00813674926757812 -0.0601272583007812
-0.230865478515625 0.0864105224609375 0.0508995056152344 -0.0313644409179687
-0.279708862304688 0.00132751464843746 -0.0127944946289063 0.04827880859375
-0.30615234375 -0.0327453613281251 -0.0479660034179688 0.0637245178222656
-0.19989013671875 -0.0246734619140625 -0.289276123046875 -0.131591796875
-0.180770874023438 -0.00721740722656251 -0.19537353515625 -0.0514373779296875
-0.142669677734375 0.0252838134765625 -0.045623779296875 -0.0200386047363281
-0.130172729492188 0.060516357421875 -0.00228118896484376 -0.0833053588867188
-0.0954742431640625 0.098236083984375 -0.00504302978515626 -0.129798889160156
-0.04217529296875 0.165451049804688 -0.04754638671875 -0.157913208007812
0.0166168212890625 0.164260864257813 -0.107009887695312 -0.17828369140625
0.0224151611328125 0.162445068359375 -0.12078857421875 -0.172012329101563
0.018707275390625 0.18621826171875 -0.102630615234375 -0.167678833007812
-0.024322509765625 0.1783447265625 -0.0491180419921875 -0.15673828125
-0.0847396850585937 0.140525817871094 -0.0200653076171875 -0.123954772949219
-0.122711181640625 0.113365173339844 0.010589599609375 -0.0727767944335937
-0.15863037109375 0.0361480712890625 0.0208168029785156 -0.0245571136474609
-0.187103271484375 -0.0126190185546875 -0.0852279663085938 0.04669189453125
-0.2152099609375 -0.0225677490234375 -0.138885498046875 0.0295944213867188
-0.0692672729492188 0.0173225402832031 -0.344146728515625 -0.132232666015625
-0.0467109680175781 0.00247955322265626 -0.235137939453125 -0.043792724609375
-0.0290851593017578 -0.00114250183105469 -0.0739898681640625 -0.00508117675781249
-0.0400924682617188 -0.00360107421875 -0.0130844116210938 -0.0794677734375
-0.0457000732421875 0.0176277160644531 -0.0102691650390625 -0.136795043945313
-0.0366134643554688 0.0650863647460937 -0.0612945556640625 -0.192047119140625
-0.00999832153320312 0.070281982421875 -0.129592895507812 -0.217987060546875
0.000877380371093754 0.0736770629882813 -0.145187377929688 -0.211212158203125
-0.00788879394531251 0.090789794921875 -0.113815307617188 -0.210006713867188
-0.0302886962890625 0.0758514404296875 -0.042083740234375 -0.198776245117188
-0.0532875061035156 0.0461769104003906 -0.004150390625 -0.14190673828125
-0.0586280822753906 0.028106689453125 0.0186691284179687 -0.076019287109375
-0.055877685546875 0.000972747802734375 -0.00421142578125 -0.0183277130126953
-0.0677375793457031 -0.00579452514648436 -0.134895324707031 0.0352249145507812
-0.0948486328125 0.00228881835937501 -0.197235107421875 -0.00105285644531254
-0.055145263671875 -0.0515251159667969 0.222808837890625 -0.0294647216796875
-0.0679359436035156 -0.0407142639160156 0.150558471679688 -0.042327880859375
-0.07659912109375 0.00869750976562501 0.00511360168457031 -0.0160436630249023
-0.0444068908691406 0.0438957214355469 -0.0464019775390625 0.074493408203125
-0.0109443664550781 0.0395050048828125 -0.0367202758789062 0.139083862304687
0.0159759521484375 0.0334300994873047 0.0297698974609375 0.217971801757813
0.0309982299804687 0.0342617034912109 0.119003295898437 0.240020751953125
0.0220260620117188 0.0318984985351563 0.15264892578125 0.219345092773438
0.0327415466308594 0.0288200378417969 0.129913330078125 0.209915161132813
0.0295906066894531 0.0462112426757812 0.067138671875 0.195663452148437
0.0122108459472656 0.0610198974609375 0.0351486206054688 0.12152099609375
-0.0144195556640625 0.0722579956054688 0.04119873046875 0.0519485473632813
-0.0654754638671875 0.04327392578125 0.1182861328125 0.0179519653320313
-0.0707321166992188 0.00122070312500001 0.28070068359375 0.03558349609375
-0.0441741943359375 -0.00167083740234376 0.37066650390625 0.183807373046875
-0.185302734375 -0.0906219482421875 0.195114135742187 -0.0314788818359375
-0.194046020507812 -0.0658721923828125 0.137664794921875 -0.0390243530273438
-0.1885986328125 0.0078277587890625 0.0197906494140625 -0.0262165069580078
-0.147964477539062 0.0884246826171875 -0.0416069030761719 0.0518150329589844
-0.0780487060546875 0.115234375 -0.0434494018554687 0.111968994140625
-0.00259399414062501 0.141265869140625 0.017242431640625 0.200042724609375
0.0526199340820313 0.134864807128906 0.096343994140625 0.217926025390625
0.0430831909179687 0.127052307128906 0.132217407226563 0.191741943359375
0.0561981201171875 0.131858825683594 0.115646362304687 0.180938720703125
0.0333251953125 0.148956298828125 0.064666748046875 0.170303344726562
-0.019256591796875 0.148223876953125 0.0324020385742188 0.0960845947265625
-0.0707550048828125 0.149642944335938 0.0412750244140625 0.0304222106933594
-0.155532836914063 0.08184814453125 0.132102966308594 -0.010009765625
-0.189208984375 0.00582885742187503 0.270782470703125 0.0205078125
-0.177337646484375 -0.0173492431640625 0.34619140625 0.170440673828125
-0.2891845703125 -0.1181640625 0.125930786132812 -0.04718017578125
-0.294219970703125 -0.084869384765625 0.0966949462890625 -0.0397567749023438
-0.279876708984375 0.00549316406250002 0.0303077697753906 -0.0304470062255859
-0.235809326171875 0.118850708007812 -0.0270957946777344 0.0244293212890625
-0.137847900390625 0.17327880859375 -0.0360565185546875 0.0692176818847656
-0.025726318359375 0.229705810546875 0.00683593749999999 0.14971923828125
0.06390380859375 0.21697998046875 0.061279296875 0.159927368164063
0.0579376220703125 0.204132080078125 0.09051513671875 0.134613037109375
0.0748138427734375 0.21649169921875 0.079620361328125 0.127021789550781
0.0389862060546875 0.233169555664063 0.04913330078125 0.122200012207031
-0.040496826171875 0.2216796875 0.0221443176269531 0.0578842163085938
-0.111663818359375 0.215835571289063 0.0363006591796875 0.00630950927734376
-0.22259521484375 0.120040893554687 0.127548217773438 -0.0317001342773437
-0.281005859375 0.0197296142578125 0.229232788085937 0.016998291015625
-0.2845458984375 -0.023529052734375 0.279129028320313 0.149826049804687
-0.3519287109375 -0.12225341796875 0.0266571044921875 -0.071258544921875
-0.355560302734375 -0.0819091796875 0.0297622680664062 -0.0424995422363281
-0.32861328125 0.014678955078125 0.0283222198486328 -0.0308208465576172
-0.2825927734375 0.139434814453125 -0.00918102264404299 -0.0062875747680664
-0.17401123046875 0.208297729492188 -0.0213222503662109 0.0130500793457031
-0.04364013671875 0.282958984375 -0.00252532958984375 0.07403564453125
0.0659332275390625 0.26605224609375 0.0181961059570312 0.0766372680664063
0.06396484375 0.2510986328125 0.0349502563476563 0.0591316223144531
0.0826873779296875 0.26910400390625 0.0301284790039063 0.0563316345214844
0.03875732421875 0.28564453125 0.0201606750488281 0.0565986633300781
-0.0576171875 0.26617431640625 0.00442981719970703 0.0111913681030274
-0.140045166015625 0.254409790039063 0.0263519287109375 -0.0177440643310547
-0.261993408203125 0.141006469726563 0.109580993652344 -0.0413970947265625
-0.333221435546875 0.0288085937500001 0.158859252929687 0.0243988037109375
-0.348602294921875 -0.0250244140625 0.179718017578125 0.126083374023437
-0.35736083984375 -0.10357666015625 -0.0890808105468751 -0.0952682495117187
-0.357757568359375 -0.0591735839843751 -0.0521430969238282 -0.0461654663085937
-0.319488525390625 0.0290527343749999 0.0129051208496094 -0.0283451080322266
-0.276535034179688 0.14044189453125 0.00402069091796873 -0.0394706726074219
-0.175445556640625 0.208404541015625 -0.00757980346679689 -0.04754638671875
-0.049835205078125 0.28955078125 -0.0143833160400391 -0.0147018432617187
0.0581512451171875 0.272659301757813 -0.0280590057373047 -0.0175666809082031
0.0584869384765625 0.2593994140625 -0.0255260467529297 -0.0252647399902344
0.074981689453125 0.283721923828125 -0.0256233215332031 -0.022470474243164
0.025604248046875 0.295166015625 -0.0132007598876953 -0.0184688568115234
-0.074371337890625 0.2677001953125 -0.0142326354980469 -0.0401763916015625
-0.155441284179688 0.249908447265625 0.0150833129882812 -0.0399208068847656
-0.267578125 0.130477905273437 0.0809173583984375 -0.0402297973632812
-0.33599853515625 0.0231933593750001 0.073638916015625 0.0397415161132813
-0.357940673828125 -0.0278015136718751 0.0634613037109375 0.0981216430664062
-0.30645751953125 -0.0665588378906251 -0.2008056640625 -0.116104125976562
-0.297088623046875 -0.029937744140625 -0.1326904296875 -0.048004150390625
-0.2510986328125 0.0360565185546875 -0.0140724182128906 -0.0255985260009766
-0.219009399414063 0.11627197265625 0.00508499145507812 -0.0681381225585937
-0.144821166992188 0.1707763671875 -0.0023193359375 -0.100303649902344
-0.0466461181640625 0.248687744140625 -0.0300445556640625 -0.0984954833984375
0.043304443359375 0.236724853515625 -0.072723388671875 -0.107337951660156
0.046844482421875 0.228790283203125 -0.0817947387695313 -0.105171203613281
0.053802490234375 0.256149291992188 -0.074432373046875 -0.100028991699219
0.00288391113281252 0.2591552734375 -0.04010009765625 -0.0937728881835937
-0.086944580078125 0.225143432617188 -0.0244064331054688 -0.087554931640625
-0.152297973632812 0.199432373046875 0.00849533081054687 -0.0593757629394531
-0.233963012695313 0.0893402099609375 0.0488662719726562 -0.0335769653320312
-0.287567138671875 0.00469970703124996 -0.0131950378417969 0.0510330200195313
-0.31219482421875 -0.0281066894531249 -0.0499916076660156 0.0674781799316406
-0.2060546875 -0.024322509765625 -0.29132080078125 -0.1268310546875
-0.186981201171875 -0.006378173828125 -0.19677734375 -0.046295166015625
-0.146148681640625 0.026336669921875 -0.0460891723632813 -0.018524169921875
-0.132896423339844 0.0650482177734375 -0.0024261474609375 -0.0827484130859375
-0.0969924926757813 0.104049682617187 -0.00495910644531252 -0.132164001464844
-0.0394287109375 0.17022705078125 -0.048583984375 -0.161376953125
0.0209197998046875 0.165618896484375 -0.110198974609375 -0.1768798828125
0.028045654296875 0.163848876953125 -0.125244140625 -0.170196533203125
0.025299072265625 0.188827514648438 -0.107009887695312 -0.1663818359375
-0.019439697265625 0.182479858398438 -0.0517425537109375 -0.158477783203125
-0.0828399658203125 0.146224975585938 -0.0206298828125 -0.124893188476562
-0.122016906738281 0.119064331054688 0.0103607177734375 -0.0728988647460937
-0.161651611328125 0.038970947265625 0.0182609558105469 -0.0254020690917969
-0.194259643554688 -0.0103912353515625 -0.0867385864257813 0.0502777099609375
-0.221023559570313 -0.019775390625 -0.14306640625 0.0330657958984375
-0.0730819702148438 0.0156478881835937 -0.348785400390625 -0.12872314453125
-0.0509223937988281 0.00162506103515624 -0.23876953125 -0.0391387939453125
-0.0309085845947266 -0.00118827819824219 -0.0740966796875 -0.00362396240234376
-0.0423774719238281 -0.00152206420898438 -0.0148849487304687 -0.0802230834960938
-0.047271728515625 0.0210609436035156 -0.010986328125 -0.139015197753906
-0.0348052978515625 0.0689506530761719 -0.0646209716796875 -0.194427490234375
-0.00785064697265625 0.072265625 -0.134933471679687 -0.217788696289062
0.00431060791015625 0.075103759765625 -0.15045166015625 -0.208709716796875
-0.00305175781250001 0.0928268432617187 -0.1201171875 -0.209671020507813
-0.0281829833984375 0.0786895751953125 -0.046112060546875 -0.201004028320313
-0.0531730651855469 0.0489883422851563 -0.005340576171875 -0.143112182617188
-0.05859375 0.0318412780761719 0.0181655883789062 -0.07666015625
-0.0577545166015625 0.00214004516601563 -0.00695228576660156 -0.0178565979003906
-0.0721969604492187 -0.00493621826171876 -0.137527465820313 0.0394210815429687
-0.0991439819335938 0.00329589843749999 -0.202301025390625 0.00265502929687504
-0.0542221069335938 -0.0511436462402344 0.236923217773437 -0.03216552734375
-0.0690231323242188 -0.0433273315429688 0.15985107421875 -0.0462188720703125
-0.0787429809570313 0.006866455078125 0.00711631774902343 -0.0181961059570313
-0.04644775390625 0.0451545715332031 -0.0450515747070313 0.0777053833007813
-0.0123023986816406 0.0396537780761719 -0.03619384765625 0.145431518554688
0.0147457122802734 0.0328731536865234 0.0342559814453125 0.228439331054688
0.0316505432128906 0.0342254638671875 0.128463745117187 0.247817993164063
0.0226306915283203 0.0322704315185547 0.162078857421875 0.225448608398437
0.0337791442871094 0.0282497406005859 0.1385498046875 0.216964721679687
0.0312423706054688 0.0466384887695313 0.072723388671875 0.2042236328125
0.0135879516601562 0.0626296997070313 0.0370941162109375 0.127899169921875
-0.0137557983398438 0.0740203857421875 0.0422821044921875 0.055816650390625
-0.0669441223144531 0.04498291015625 0.122322082519531 0.0190200805664063
-0.072601318359375 0.00302124023437502 0.2921142578125 0.0318603515625
-0.0433464050292969 -0.00103378295898437 0.384765625 0.187774658203125
-0.19140625 -0.0916290283203125 0.207916259765625 -0.0322113037109375
-0.20074462890625 -0.0681304931640625 0.146240234375 -0.0407562255859375
-0.195953369140625 0.00654602050781246 0.0231094360351562 -0.0271110534667969
-0.153244018554688 0.091705322265625 -0.0406646728515625 0.0552597045898438
-0.0815582275390625 0.119041442871094 -0.0421676635742188 0.117706298828125
-0.00296020507812499 0.145645141601563 0.02191162109375 0.209457397460938
0.0550918579101563 0.1387939453125 0.10540771484375 0.225372314453125
0.0465545654296875 0.132026672363281 0.14044189453125 0.196212768554687
0.060882568359375 0.136878967285156 0.122634887695312 0.18646240234375
0.03692626953125 0.154510498046875 0.0705108642578125 0.177734375
-0.018341064453125 0.15570068359375 0.0353240966796875 0.101860046386719
-0.0720977783203125 0.156646728515625 0.0435256958007812 0.0337295532226563
-0.161087036132813 0.08612060546875 0.135269165039063 -0.0106201171875
-0.197067260742187 0.0086212158203125 0.28192138671875 0.01959228515625
-0.183517456054688 -0.016448974609375 0.360443115234375 0.175048828125
-0.3011474609375 -0.119537353515625 0.136726379394531 -0.0473556518554688
-0.307403564453125 -0.085418701171875 0.103134155273437 -0.040069580078125
-0.291717529296875 0.00402832031249997 0.0327682495117187 -0.0310611724853516
-0.244873046875 0.125289916992187 -0.0252685546875 0.0274276733398438
-0.144332885742188 0.181503295898437 -0.0338897705078125 0.0724411010742188
-0.0261383056640625 0.238357543945312 0.0117950439453125 0.155914306640625
0.067962646484375 0.22442626953125 0.0682525634765625 0.165634155273438
0.062744140625 0.21197509765625 0.0960617065429687 0.138214111328125
0.081512451171875 0.225265502929687 0.0852890014648437 0.131813049316406
0.0446014404296875 0.243118286132813 0.0535736083984375 0.127174377441406
-0.04010009765625 0.232345581054688 0.0246696472167969 0.0621376037597656
-0.115005493164062 0.227157592773438 0.0386085510253906 0.00892639160156251
-0.23175048828125 0.125701904296875 0.131011962890625 -0.0333404541015625
-0.2955322265625 0.0227050781249999 0.23785400390625 0.0159759521484375
-0.295806884765625 -0.02197265625 0.291412353515625 0.15692138671875
-0.3677978515625 -0.12353515625 0.0325851440429687 -0.0706863403320313
-0.372711181640625 -0.082794189453125 0.0331382751464843 -0.0418205261230469
-0.343597412109375 0.0137939453125 0.03094482421875 -0.0304927825927734
-0.2952880859375 0.148468017578125 -0.00676822662353517 -0.00414562225341796
-0.181594848632813 0.219085693359375 -0.018524169921875 0.0138835906982422
-0.042816162109375 0.294952392578125 0.00228118896484375 0.0766754150390625
0.0706634521484375 0.275711059570313 0.0224075317382813 0.0801544189453125
0.0701141357421875 0.261154174804688 0.0385818481445313 0.0611419677734375
0.0907745361328125 0.280227661132812 0.0326004028320313 0.0588493347167969
0.044891357421875 0.299163818359375 0.0240898132324219 0.0589981079101563
-0.0578765869140625 0.28033447265625 0.00744915008544921 0.0122661590576172
-0.144271850585937 0.267745971679688 0.0291309356689453 -0.0162544250488281
-0.2740478515625 0.147598266601563 0.11138916015625 -0.0436859130859375
-0.351165771484375 0.0322265625 0.165939331054687 0.0246429443359375
-0.362579345703125 -0.022674560546875 0.1875 0.132827758789062
-0.375823974609375 -0.105072021484375 -0.0886001586914063 -0.0960235595703125
-0.37677001953125 -0.0601196289062501 -0.0525245666503907 -0.0443496704101563
-0.334930419921875 0.029541015625 0.0145759582519531 -0.0280876159667969
-0.28948974609375 0.150421142578125 0.00582504272460936 -0.038970947265625
-0.1822509765625 0.220733642578125 -0.00546646118164064 -0.0501670837402344
-0.0487060546875 0.30291748046875 -0.0113239288330078 -0.0162582397460937
0.063568115234375 0.283416748046875 -0.0273113250732422 -0.0178508758544922
0.0662841796875 0.270599365234375 -0.0261135101318359 -0.0247535705566406
0.084442138671875 0.295074462890625 -0.0255374908447266 -0.0225086212158203
0.03173828125 0.309722900390625 -0.0118255615234375 -0.0189495086669922
-0.075897216796875 0.2825927734375 -0.0127601623535156 -0.0406455993652344
-0.159576416015625 0.263885498046875 0.0176887512207031 -0.040374755859375
-0.281341552734375 0.136810302734375 0.0810317993164062 -0.042083740234375
-0.354736328125 0.0262145996093751 0.0766983032226562 0.0422897338867187
-0.375701904296875 -0.0258789062499999 0.0657272338867187 0.105941772460938
-0.323760986328125 -0.0679931640625 -0.206008911132813 -0.117172241210937
-0.314239501953125 -0.0289306640625 -0.137382507324219 -0.0455169677734375
-0.264617919921875 0.036834716796875 -0.0135879516601563 -0.0245151519775391
-0.229736328125 0.12567138671875 0.00630569458007811 -0.0684242248535156
-0.150665283203125 0.182403564453125 -0.0012054443359375 -0.104965209960938
-0.0452728271484375 0.26171875 -0.0300445556640625 -0.10357666015625
0.04815673828125 0.247528076171875 -0.075042724609375 -0.110061645507812
0.0533599853515625 0.239013671875 -0.0854034423828125 -0.10736083984375
0.0623321533203125 0.266647338867188 -0.078033447265625 -0.102294921875
0.00865173339843751 0.271499633789063 -0.0417633056640625 -0.0978927612304687
-0.088623046875 0.238296508789063 -0.0248260498046875 -0.0911636352539062
-0.157394409179688 0.212112426757813 0.0103874206542969 -0.0603370666503906
-0.246170043945312 0.094512939453125 0.047210693359375 -0.0343475341796875
-0.304656982421875 0.00708007812500003 -0.0138130187988281 0.0549964904785156
-0.327972412109375 -0.0264892578125 -0.0528945922851563 0.0726776123046875
-0.219100952148438 -0.0250701904296875 -0.301177978515625 -0.12933349609375
-0.199203491210938 -0.00608825683593754 -0.20526123046875 -0.0438995361328125
-0.15643310546875 0.0274505615234375 -0.0467681884765625 -0.0176544189453125
-0.140419006347656 0.0711212158203125 -0.00334930419921876 -0.0852127075195313
-0.101783752441406 0.111686706542969 -0.005340576171875 -0.138626098632813
-0.038238525390625 0.181137084960938 -0.05120849609375 -0.168960571289063
0.024017333984375 0.174560546875 -0.1158447265625 -0.18365478515625
0.0328216552734375 0.17138671875 -0.131820678710938 -0.173492431640625
0.0321807861328125 0.198440551757813 -0.113327026367187 -0.171051025390625
-0.01641845703125 0.192672729492188 -0.05474853515625 -0.164413452148438
-0.085296630859375 0.15478515625 -0.0211105346679688 -0.129936218261719
-0.125732421875 0.128120422363281 0.0119857788085938 -0.074951171875
-0.170654296875 0.0414581298828125 0.016265869140625 -0.0261878967285156
-0.207351684570313 -0.00894165039062499 -0.0912017822265625 0.0556793212890625
-0.232879638671875 -0.0184173583984375 -0.150802612304688 0.037384033203125
-0.0801162719726563 0.0139617919921875 -0.36053466796875 -0.131439208984375
-0.0575180053710937 0.000503540039062508 -0.248794555664062 -0.0370635986328125
-0.0357093811035156 -0.0016632080078125 -0.0765380859375 -0.00281524658203126
-0.0465888977050781 -0.000228881835937501 -0.0155715942382813 -0.0832977294921875
-0.0504188537597656 0.0254135131835937 -0.0124053955078125 -0.146270751953125
-0.0339279174804688 0.0750045776367188 -0.0696563720703125 -0.204071044921875
-0.00627899169921875 0.0768051147460938 -0.143356323242187 -0.2247314453125
0.0071258544921875 0.078369140625 -0.158966064453125 -0.213577270507813
0.000213623046874989 0.0981369018554687 -0.1279296875 -0.215179443359375
-0.0269699096679688 0.084716796875 -0.0511474609375 -0.20880126953125
-0.0541191101074219 0.0538558959960937 -0.00697326660156251 -0.150177001953125
-0.0604057312011719 0.0368156433105469 0.0183334350585937 -0.0791854858398438
-0.0620384216308594 0.00363540649414061 -0.0101642608642578 -0.0174989700317383
-0.0794143676757813 -0.00366973876953125 -0.145095825195313 0.0453338623046875
-0.105705261230469 0.00476837158203123 -0.21405029296875 0.00482177734375002
-0.055206298828125 -0.0531005859375 0.25799560546875 -0.0400848388671875
-0.0721969604492188 -0.0456619262695313 0.173385620117187 -0.054840087890625
-0.0827865600585938 0.00696563720703124 0.00912666320800781 -0.0207080841064453
-0.0479774475097656 0.0475234985351562 -0.0438690185546875 0.0832748413085938
-0.013641357421875 0.0413703918457031 -0.034576416015625 0.15606689453125
0.0150299072265625 0.03338623046875 0.0441741943359375 0.24444580078125
0.0332012176513672 0.0350723266601563 0.145339965820313 0.260757446289063
0.0236072540283203 0.0334129333496094 0.18017578125 0.233154296875
0.0356101989746094 0.0272293090820313 0.155197143554688 0.227813720703125
0.0348625183105469 0.047882080078125 0.084808349609375 0.218185424804688
0.0173149108886719 0.0660362243652344 0.0436248779296875 0.138404846191406
-0.0116500854492188 0.078125 0.0461540222167969 0.0600357055664063
-0.0689620971679687 0.0495719909667969 0.129554748535156 0.0174789428710938
-0.0753097534179687 0.00621795654296874 0.311126708984375 0.025177001953125
-0.0435256958007813 0.000335693359375009 0.414398193359375 0.193328857421875
-0.20404052734375 -0.0920257568359375 0.226806640625 -0.03826904296875
-0.214202880859375 -0.0681915283203125 0.159317016601563 -0.04656982421875
-0.209381103515625 0.00849914550781252 0.0259208679199219 -0.0304698944091797
-0.162200927734375 0.10113525390625 -0.0389556884765625 0.0599555969238281
-0.0857009887695313 0.12860107421875 -0.0402145385742187 0.126800537109375
-0.000946044921874995 0.15380859375 0.031585693359375 0.223220825195312
0.060943603515625 0.146713256835937 0.121536254882812 0.237747192382813
0.0533065795898437 0.139724731445313 0.156204223632813 0.204376220703125
0.068634033203125 0.142837524414063 0.137451171875 0.19677734375
0.045440673828125 0.163742065429688 0.0822906494140625 0.188568115234375
-0.0155792236328125 0.16729736328125 0.0418777465820313 0.109825134277344
-0.072601318359375 0.168853759765625 0.04766845703125 0.0370979309082031
-0.170928955078125 0.0955047607421875 0.141998291015625 -0.014617919921875
-0.212142944335938 0.0149078369140625 0.301055908203125 0.012054443359375
-0.195388793945313 -0.0124359130859375 0.38934326171875 0.18194580078125
-0.323699951171875 -0.1190185546875 0.150497436523438 -0.051422119140625
-0.33001708984375 -0.0845336914062499 0.112258911132813 -0.043670654296875
-0.312713623046875 0.00704956054687504 0.0368499755859375 -0.0336799621582031
-0.259124755859375 0.139694213867187 -0.0231990814208985 0.0314064025878906
-0.151519775390625 0.197174072265625 -0.0315170288085938 0.0777359008789063
-0.0231475830078125 0.254196166992188 0.020782470703125 0.165786743164063
0.0779571533203125 0.236801147460938 0.08050537109375 0.175384521484375
0.073760986328125 0.225509643554688 0.108184814453125 0.145599365234375
0.0952301025390625 0.237106323242187 0.0965194702148438 0.139328002929688
0.055877685546875 0.25897216796875 0.0632705688476563 0.135459899902344
-0.0366058349609375 0.251800537109375 0.0304679870605469 0.0673599243164063
-0.116683959960938 0.246902465820313 0.0428466796875 0.0109291076660156
-0.2464599609375 0.139450073242188 0.136009216308594 -0.0380477905273437
-0.318328857421875 0.0328063964843751 0.254302978515625 0.0104522705078125
-0.316741943359375 -0.015899658203125 0.31402587890625 0.162200927734375
-0.396453857421875 -0.1219482421875 0.0395965576171875 -0.0734786987304688
-0.401611328125 -0.07806396484375 0.0371437072753906 -0.042144775390625
-0.369659423828125 0.020111083984375 0.0345993041992187 -0.0324726104736328
-0.312774658203125 0.166778564453125 -0.00445795059204103 -0.00201368331909179
-0.189956665039063 0.240280151367187 -0.0162782669067383 0.0144491195678711
-0.03857421875 0.316680908203125 0.00868988037109375 0.08056640625
0.082489013671875 0.292724609375 0.0299530029296875 0.0846481323242188
0.0842132568359375 0.278076171875 0.0441017150878906 0.0652694702148438
0.108642578125 0.297821044921875 0.0379142761230469 0.0635871887207031
0.057891845703125 0.319671630859375 0.0291900634765625 0.062408447265625
-0.05462646484375 0.30450439453125 0.0107755661010742 0.0146560668945313
-0.146514892578125 0.292205810546875 0.0329303741455078 -0.0159683227539062
-0.2926025390625 0.1641845703125 0.115013122558594 -0.0490341186523437
-0.379241943359375 0.044525146484375 0.177566528320312 0.023529052734375
-0.390167236328125 -0.014801025390625 0.203384399414062 0.140487670898438
-0.406829833984375 -0.102569580078125 -0.0914382934570313 -0.09722900390625
-0.407318115234375 -0.0529174804687501 -0.0553131103515625 -0.0417518615722656
-0.36175537109375 0.036651611328125 0.0169086456298828 -0.0286006927490234
-0.3076171875 0.1708984375 0.00763320922851561 -0.0380897521972656
-0.191513061523438 0.2431640625 -0.00362777709960938 -0.0544815063476562
-0.043792724609375 0.327239990234375 -0.00844192504882813 -0.0189266204833984
0.076141357421875 0.3021240234375 -0.0254669189453125 -0.0184230804443359
0.080413818359375 0.288330078125 -0.0261955261230469 -0.0247173309326172
0.102264404296875 0.314697265625 -0.0270843505859375 -0.0211334228515625
0.04522705078125 0.3314208984375 -0.0121860504150391 -0.0208415985107422
-0.072845458984375 0.30767822265625 -0.0120887756347656 -0.04296875
-0.163665771484375 0.289398193359375 0.0203132629394531 -0.0414276123046875
-0.300506591796875 0.152191162109375 0.0825576782226562 -0.0462417602539063
-0.3843994140625 0.0386962890625001 0.0828933715820312 0.0443954467773438
-0.40283203125 -0.017059326171875 0.071746826171875 0.114341735839844
-0.35064697265625 -0.065093994140625 -0.218551635742188 -0.117340087890625
-0.3411865234375 -0.0222167968750001 -0.14569091796875 -0.041534423828125
-0.287353515625 0.044891357421875 -0.0136585235595703 -0.0241909027099609
-0.246078491210938 0.142471313476563 0.00717926025390624 -0.0706405639648438
-0.157608032226563 0.202545166015625 -0.000778198242187515 -0.113212585449219
-0.03955078125 0.283477783203125 -0.032135009765625 -0.112350463867188
0.0586395263671875 0.263290405273438 -0.0810165405273438 -0.115959167480469
0.066009521484375 0.254470825195312 -0.0926666259765625 -0.110305786132812
0.078887939453125 0.284393310546875 -0.0854644775390625 -0.105110168457031
0.0185546875 0.29315185546875 -0.04638671875 -0.103660583496094
-0.0881500244140625 0.26019287109375 -0.026763916015625 -0.0967788696289063
-0.162353515625 0.233840942382813 0.0113868713378906 -0.0647239685058594
-0.264144897460938 0.106826782226563 0.0467643737792969 -0.0375099182128906
-0.33184814453125 0.01641845703125 -0.0140228271484375 0.0616912841796875
-0.35430908203125 -0.019622802734375 -0.0567855834960938 0.082305908203125
-0.239028930664063 -0.0230865478515625 -0.321807861328125 -0.129638671875
-0.218734741210937 -0.00108337402343753 -0.220123291015625 -0.03839111328125
-0.1708984375 0.0322265625 -0.0487518310546875 -0.0158004760742188
-0.151885986328125 0.08172607421875 -0.00429534912109376 -0.089385986328125
-0.107063293457031 0.126579284667969 -0.00759887695312499 -0.14910888671875
-0.033721923828125 0.196914672851563 -0.05810546875 -0.181640625
0.0318450927734375 0.186660766601563 -0.128616333007812 -0.192520141601563
0.0425872802734375 0.1829833984375 -0.144790649414063 -0.179656982421875
0.04376220703125 0.21197509765625 -0.12603759765625 -0.17755126953125
-0.00932312011718749 0.209335327148437 -0.0633392333984375 -0.175003051757813
-0.0868682861328125 0.171585083007813 -0.0248489379882813 -0.139129638671875
-0.129974365234375 0.143203735351563 0.0117645263671875 -0.0797348022460937
-0.18402099609375 0.0492401123046875 0.0137119293212891 -0.0281124114990234
-0.227035522460938 -0.00334167480468749 -0.0972442626953125 0.0643386840820313
-0.251907348632813 -0.0131988525390625 -0.1630859375 0.0453948974609375
-0.0895767211914063 0.0157623291015625 -0.386993408203125 -0.131378173828125
-0.0659561157226563 0.00181961059570313 -0.2672119140625 -0.0314788818359374
-0.0409126281738281 -0.001495361328125 -0.080841064453125 0.000106811523437495
-0.0531005859375 0.00268173217773438 -0.01849365234375 -0.08880615234375
-0.0543289184570313 0.0312118530273437 -0.0170135498046875 -0.157760620117188
-0.0320587158203125 0.08441162109375 -0.08038330078125 -0.219207763671875
-0.00345611572265624 0.0834579467773438 -0.159576416015625 -0.236236572265625
0.0114898681640625 0.0839004516601563 -0.1751708984375 -0.221359252929688
0.0062103271484375 0.106224060058594 -0.142562866210937 -0.224868774414063
-0.0236968994140625 0.0931625366210938 -0.0615386962890625 -0.222335815429688
-0.0564651489257813 0.0610504150390625 -0.0107574462890625 -0.160598754882813
-0.0625877380371094 0.0434341430664062 0.01788330078125 -0.0850067138671875
-0.0680961608886719 0.00690841674804688 -0.0136966705322266 -0.0172319412231445
-0.0899658203125 -0.00016021728515626 -0.155853271484375 0.0542755126953125
-0.115692138671875 0.00807952880859377 -0.232589721679688 0.0114288330078125
-0.0584182739257813 -0.0542793273925781 0.27984619140625 -0.0594024658203125
-0.0775070190429688 -0.0461273193359375 0.186492919921875 -0.0714569091796875
-0.0878219604492188 0.00946044921875002 0.0103588104248047 -0.0244293212890625
-0.0482215881347656 0.0512313842773437 -0.0395278930664062 0.0905303955078125
-0.0142669677734375 0.044097900390625 -0.02630615234375 0.170700073242188
0.0150108337402344 0.0330982208251953 0.0651092529296875 0.260513305664063
0.0355682373046875 0.0341148376464844 0.175308227539063 0.2694091796875
0.0260772705078125 0.0341873168945313 0.20904541015625 0.238327026367188
0.0392532348632813 0.0262298583984375 0.182266235351563 0.235687255859375
0.0400962829589844 0.0467300415039063 0.106460571289063 0.230606079101563
0.0225639343261719 0.0697174072265625 0.0562896728515625 0.148681640625
-0.00717926025390625 0.0836181640625 0.0529899597167969 0.0638427734375
-0.0697555541992188 0.0582656860351563 0.139923095703125 0.0120391845703125
-0.0784912109375 0.0121383666992187 0.333648681640625 0.005859375
-0.0446243286132812 0.00339126586914063 0.455291748046875 0.18255615234375
-0.221542358398438 -0.086181640625 0.248153686523438 -0.055206298828125
-0.232559204101563 -0.0610198974609375 0.173126220703125 -0.060211181640625
-0.225067138671875 0.0188751220703125 0.0280952453613281 -0.0356330871582031
-0.168167114257813 0.11651611328125 -0.0351600646972656 0.0673027038574219
-0.086517333984375 0.142684936523438 -0.0338287353515625 0.138671875
0.00579833984375001 0.164703369140625 0.051910400390625 0.238082885742188
0.073211669921875 0.152801513671875 0.147842407226563 0.246353149414062
0.0656890869140625 0.14697265625 0.180999755859375 0.20953369140625
0.083282470703125 0.147628784179688 0.161895751953125 0.204544067382813
0.0597686767578125 0.171890258789062 0.101547241210938 0.198684692382813
-0.00520324707031251 0.18109130859375 0.053070068359375 0.117691040039063
-0.0663909912109375 0.186050415039062 0.0539093017578125 0.0395278930664063
-0.177749633789063 0.113800048828125 0.150390625 -0.0234222412109375
-0.2281494140625 0.0295562744140625 0.322509765625 -0.007232666015625
-0.209930419921875 -0.00112915039062503 0.429168701171875 0.172576904296875
-0.352569580078125 -0.10821533203125 0.165328979492187 -0.062896728515625
-0.360260009765625 -0.070404052734375 0.122085571289062 -0.0506668090820313
-0.338165283203125 0.023468017578125 0.0398101806640625 -0.0383377075195312
-0.270401000976562 0.1656494140625 -0.0199813842773438 0.0355682373046875
-0.152740478515625 0.2220458984375 -0.0266036987304688 0.0843658447265625
-0.010284423828125 0.274734497070313 0.037017822265625 0.17572021484375
0.0972137451171875 0.24957275390625 0.100372314453125 0.181060791015625
0.095184326171875 0.238357543945313 0.126846313476562 0.148818969726563
0.119033813476562 0.24884033203125 0.114517211914063 0.145034790039063
0.0788421630859375 0.275009155273438 0.078948974609375 0.142059326171875
-0.0225830078125 0.2757568359375 0.0383987426757812 0.072052001953125
-0.110458374023437 0.274642944335938 0.0481491088867188 0.0111312866210938
-0.25921630859375 0.164932250976563 0.141250610351562 -0.048553466796875
-0.342498779296875 0.05596923828125 0.273651123046875 -0.00469970703125
-0.34210205078125 0.00350952148437494 0.349090576171875 0.15850830078125
-0.43328857421875 -0.10711669921875 0.0455245971679687 -0.079132080078125
-0.4375 -0.05804443359375 0.0416450500488281 -0.0448455810546875
-0.400360107421875 0.0411376953125001 0.0383529663085937 -0.0355033874511719
-0.32843017578125 0.199554443359375 -0.00030827522277834 0.00044137239456178
-0.191116333007813 0.271499633789063 -0.0135812759399414 0.015864372253418
-0.02239990234375 0.343902587890625 0.0184555053710937 0.084014892578125
0.107208251953125 0.310211181640625 0.04217529296875 0.0877227783203125
0.10992431640625 0.294342041015625 0.05322265625 0.06719970703125
0.1376953125 0.312744140625 0.0466995239257813 0.0677032470703125
0.085968017578125 0.339996337890625 0.037445068359375 0.0662117004394532
-0.038665771484375 0.333770751953125 0.014556884765625 0.0159482955932617
-0.139007568359375 0.32623291015625 0.0362739562988281 -0.0172080993652344
-0.309112548828125 0.19403076171875 0.117408752441406 -0.0585098266601562
-0.40985107421875 0.0723571777343751 0.191986083984375 0.0147552490234375
-0.420623779296875 0.00860595703124997 0.227218627929688 0.142440795898438
-0.44549560546875 -0.085205078125 -0.09698486328125 -0.0963897705078125
-0.44427490234375 -0.03076171875 -0.0582237243652344 -0.0366058349609375
-0.39288330078125 0.0594482421875 0.0187835693359375 -0.0295486450195312
-0.322540283203125 0.20501708984375 0.0101318359375 -0.0394401550292969
-0.191574096679688 0.27685546875 -0.00476837158203126 -0.0604743957519531
-0.026153564453125 0.35601806640625 -0.00743484497070313 -0.0230617523193359
0.100555419921875 0.32159423828125 -0.0257377624511719 -0.0191688537597656
0.107757568359375 0.3060302734375 -0.0276679992675781 -0.0244560241699219
0.133514404296875 0.33172607421875 -0.0289688110351562 -0.0202484130859375
0.07281494140625 0.3558349609375 -0.0123271942138672 -0.0218219757080078
-0.059661865234375 0.34002685546875 -0.0126571655273438 -0.0451622009277344
-0.157958984375 0.325103759765625 0.0213432312011719 -0.046051025390625
-0.318939208984375 0.182159423828125 0.0831832885742187 -0.0531692504882812
-0.41595458984375 0.06536865234375 0.0908966064453125 0.044830322265625
-0.436126708984375 0.00753784179687491 0.0843582153320312 0.122444152832031
-0.38543701171875 -0.0488586425781249 -0.236679077148438 -0.110671997070313
-0.3726806640625 -0.000946044921875051 -0.157135009765625 -0.03106689453125
-0.3134765625 0.065032958984375 -0.0129280090332031 -0.0229167938232422
-0.259445190429688 0.1712646484375 0.00711822509765624 -0.0744171142578125
-0.158676147460938 0.231552124023438 -0.00546264648437502 -0.123985290527344
-0.024017333984375 0.31005859375 -0.0396194458007813 -0.121856689453125
0.0811767578125 0.281341552734375 -0.09130859375 -0.119674682617187
0.0893402099609375 0.270858764648438 -0.103866577148438 -0.111412048339844
0.10662841796875 0.300994873046875 -0.09716796875 -0.10589599609375
0.042938232421875 0.31634521484375 -0.0560989379882813 -0.109161376953125
-0.07781982421875 0.290008544921875 -0.0322723388671875 -0.104011535644531
-0.159515380859375 0.264617919921875 0.0102653503417969 -0.068145751953125
-0.2822265625 0.131988525390625 0.0452842712402344 -0.0425491333007812
-0.361114501953125 0.0399169921874999 -0.0102310180664063 0.0696945190429688
-0.3841552734375 0.00155639648437508 -0.0569686889648438 0.095184326171875
-0.263351440429687 -0.0112457275390625 -0.350311279296875 -0.117950439453125
-0.241226196289063 0.0147247314453125 -0.237777709960938 -0.02337646484375
-0.187973022460938 0.04608154296875 -0.0509796142578125 -0.0123786926269531
-0.162399291992188 0.10162353515625 -0.0080718994140625 -0.09429931640625
-0.108749389648438 0.146224975585937 -0.015655517578125 -0.162628173828125
-0.0218353271484375 0.217453002929688 -0.0732421875 -0.194168090820313
0.047607421875 0.200271606445313 -0.14910888671875 -0.19873046875
0.0597686767578125 0.195770263671875 -0.165328979492188 -0.181350708007813
0.0643310546875 0.22515869140625 -0.146041870117187 -0.181243896484375
0.006622314453125 0.227127075195313 -0.0794219970703125 -0.183624267578125
-0.0819091796875 0.193435668945313 -0.0341796875 -0.148635864257813
-0.129959106445312 0.1651611328125 0.00870513916015623 -0.0860977172851562
-0.19781494140625 0.065093994140625 0.00986862182617186 -0.0297508239746094
-0.25079345703125 0.01336669921875 -0.101104736328125 0.0785064697265625
-0.275741577148438 0.00184631347656245 -0.174087524414063 0.0611114501953125
-0.0989837646484375 0.0209426879882813 -0.42218017578125 -0.118621826171875
-0.075592041015625 0.00633239746093751 -0.289459228515625 -0.01507568359375
-0.0488090515136719 0.00108718872070313 -0.0838851928710938 0.00591278076171875
-0.0601005554199219 0.00875854492187499 -0.024658203125 -0.0941543579101563
-0.0566024780273438 0.040435791015625 -0.027862548828125 -0.17138671875
-0.0269622802734375 0.0954360961914063 -0.101181030273438 -0.232620239257813
0.00359344482421874 0.0924453735351562 -0.187362670898437 -0.24334716796875
0.0190887451171875 0.0895156860351563 -0.201324462890625 -0.2254638671875
0.017486572265625 0.113265991210938 -0.167251586914063 -0.230743408203125
-0.017425537109375 0.103424072265625 -0.08160400390625 -0.23529052734375
-0.0565338134765625 0.0722122192382812 -0.0213623046875 -0.173019409179688
-0.0634803771972656 0.0530891418457031 0.0138397216796875 -0.09246826171875
-0.0751190185546875 0.013458251953125 -0.0184669494628906 -0.0167388916015625
-0.100944519042969 0.00774383544921877 -0.16558837890625 0.070526123046875
-0.127113342285156 0.0160598754882813 -0.2515869140625 0.0275726318359375
-0.0620994567871094 -0.0532646179199219 0.2940673828125 -0.090301513671875
-0.0840225219726563 -0.0440750122070313 0.192489624023437 -0.0938873291015625
-0.0923385620117188 0.0141372680664063 0.010162353515625 -0.0287399291992188
-0.0461997985839844 0.0551910400390625 -0.0311126708984375 0.0974197387695312
-0.0127449035644531 0.0468368530273438 -0.0121612548828125 0.18115234375
0.0153980255126953 0.0324344635009766 0.094146728515625 0.26611328125
0.0394821166992188 0.0308723449707031 0.210220336914063 0.265579223632813
0.0301132202148437 0.0318241119384766 0.241500854492188 0.2283935546875
0.0406761169433594 0.021209716796875 0.212249755859375 0.229705810546875
0.0462074279785156 0.0434608459472656 0.135101318359375 0.234146118164062
0.0307693481445312 0.0694656372070313 0.073699951171875 0.15283203125
0.00138854980468749 0.0858688354492188 0.0616302490234375 0.0636405944824219
-0.0656700134277344 0.0675468444824219 0.145782470703125 0.000137329101562504
-0.077911376953125 0.0207595825195313 0.348785400390625 -0.02716064453125
-0.0433387756347656 0.00735855102539062 0.493072509765625 0.151458740234375
-0.240402221679688 -0.0717926025390625 0.263870239257813 -0.080596923828125
-0.248626708984375 -0.0433807373046875 0.180313110351562 -0.079345703125
-0.237350463867188 0.036712646484375 0.0292129516601562 -0.0404739379882813
-0.169036865234375 0.137176513671875 -0.0276947021484375 0.0744400024414063
-0.0801544189453125 0.157363891601563 -0.0207977294921875 0.148391723632813
0.017425537109375 0.170913696289063 0.0798797607421875 0.243545532226563
0.0877532958984375 0.154251098632812 0.181915283203125 0.243057250976563
0.0821685791015625 0.147201538085938 0.210006713867187 0.199600219726562
0.099822998046875 0.146240234375 0.190444946289063 0.198745727539062
0.0772552490234375 0.173873901367188 0.127487182617187 0.199722290039063
0.012786865234375 0.190399169921875 0.0667572021484375 0.120941162109375
-0.0536956787109375 0.202133178710938 0.0620460510253906 0.0382041931152344
-0.177337646484375 0.134689331054688 0.153091430664063 -0.03564453125
-0.236175537109375 0.0539093017578125 0.3367919921875 -0.03692626953125
-0.21624755859375 0.018463134765625 0.46533203125 0.14300537109375
-0.377532958984375 -0.0819396972656249 0.17596435546875 -0.0804595947265625
-0.3822021484375 -0.042449951171875 0.128921508789062 -0.063873291015625
-0.35723876953125 0.051910400390625 0.0409049987792969 -0.0452651977539063
-0.271148681640625 0.197677612304688 -0.0132598876953125 0.0394630432128906
-0.142837524414063 0.248519897460937 -0.0175628662109375 0.0896530151367188
0.010498046875 0.2882080078125 0.058380126953125 0.178466796875
0.12335205078125 0.253280639648438 0.126373291015625 0.179641723632813
0.12371826171875 0.2412109375 0.148666381835937 0.145919799804688
0.14886474609375 0.2493896484375 0.134994506835938 0.142410278320313
0.109100341796875 0.28070068359375 0.0975189208984375 0.143264770507813
0.00125122070312501 0.29376220703125 0.0508651733398438 0.073150634765625
-0.0887451171875 0.29888916015625 0.0538673400878906 0.00982666015625002
-0.259109497070312 0.197830200195312 0.142135620117187 -0.0622711181640625
-0.3575439453125 0.09039306640625 0.285919189453125 -0.02978515625
-0.357696533203125 0.0341796874999999 0.38116455078125 0.136383056640625
-0.46356201171875 -0.0743408203124999 0.048553466796875 -0.0866241455078125
-0.466217041015625 -0.0191040039062499 0.0458221435546875 -0.0478401184082031
-0.422088623046875 0.0779418945312499 0.0396575927734375 -0.0423164367675781
-0.32830810546875 0.240570068359375 0.00368905067443846 0.00206804275512697
-0.17803955078125 0.30609130859375 -0.00920772552490235 0.015798568725586
0.00717163085937504 0.36419677734375 0.0310287475585938 0.0816268920898438
0.140655517578125 0.317840576171875 0.0557479858398438 0.0871505737304688
0.145172119140625 0.3001708984375 0.0656509399414063 0.0665054321289063
0.175445556640625 0.316162109375 0.0582656860351563 0.067779541015625
0.124969482421875 0.3497314453125 0.04644775390625 0.0665206909179688
-0.010223388671875 0.3572998046875 0.0206851959228516 0.0149326324462891
-0.115325927734375 0.35906982421875 0.0399322509765625 -0.0197334289550781
-0.310333251953125 0.230865478515625 0.115196228027344 -0.0705413818359375
-0.427825927734375 0.11602783203125 0.202911376953125 -0.00196838378906249
-0.44189453125 0.049072265625 0.252685546875 0.1319580078125
-0.477325439453125 -0.049224853515625 -0.104873657226563 -0.0915756225585938
-0.47149658203125 0.0117492675781251 -0.0598258972167969 -0.0291748046875
-0.413238525390625 0.0963745117187499 0.0220947265625 -0.0336418151855469
-0.323974609375 0.248077392578125 0.0109138488769531 -0.0401420593261719
-0.17950439453125 0.311920166015625 -0.00674438476562501 -0.0630416870117187
0.00491333007812499 0.377410888671875 -0.00650978088378906 -0.0269737243652344
0.13812255859375 0.3297119140625 -0.0271224975585937 -0.0189552307128906
0.144256591796875 0.31109619140625 -0.0283374786376953 -0.0208568572998047
0.1732177734375 0.335723876953125 -0.0285129547119141 -0.0166969299316406
0.111724853515625 0.3685302734375 -0.0143623352050781 -0.0213432312011719
-0.028076171875 0.366180419921875 -0.0150375366210937 -0.046722412109375
-0.13427734375 0.35986328125 0.0216789245605469 -0.0491828918457031
-0.322021484375 0.22296142578125 0.0792160034179687 -0.0607223510742187
-0.436187744140625 0.1103515625 0.100936889648437 0.0399322509765625
-0.45819091796875 0.0508728027343751 0.100273132324219 0.124053955078125
-0.411895751953125 -0.018524169921875 -0.250167846679688 -0.093902587890625
-0.396026611328125 0.0353393554687501 -0.165206909179688 -0.0145721435546875
-0.33013916015625 0.0974426269531251 -0.010488510131836 -0.0214157104492187
-0.260787963867187 0.208206176757813 0.00224304199218748 -0.07806396484375
-0.147109985351563 0.262420654296875 -0.0172653198242188 -0.130653381347656
0.00668334960937501 0.331085205078125 -0.0508193969726562 -0.128486633300781
0.1151123046875 0.2916259765625 -0.105339050292969 -0.117195129394531
0.123245239257813 0.27789306640625 -0.11627197265625 -0.106758117675781
0.146240234375 0.30657958984375 -0.10943603515625 -0.101577758789063
0.076995849609375 0.329833984375 -0.0687255859375 -0.108413696289062
-0.053253173828125 0.316131591796875 -0.0420913696289062 -0.105857849121094
-0.14117431640625 0.296905517578125 0.00598907470703124 -0.0731048583984375
-0.288330078125 0.1661376953125 0.0392189025878906 -0.0458641052246094
-0.382843017578125 0.078399658203125 -0.00571441650390627 0.0756607055664063
-0.405059814453125 0.0383300781250001 -0.05010986328125 0.108734130859375
-0.281524658203125 0.01177978515625 -0.372100830078125 -0.092742919921875
-0.256484985351562 0.03961181640625 -0.249755859375 -0.000167846679687495
-0.198257446289063 0.0666046142578125 -0.0512313842773438 -0.00657272338867187
-0.164535522460938 0.125762939453125 -0.0141067504882813 -0.0975341796875
-0.102401733398438 0.168807983398437 -0.0333404541015625 -0.17242431640625
0.000625610351562522 0.231826782226563 -0.093292236328125 -0.200531005859375
0.0720367431640625 0.20904541015625 -0.175094604492187 -0.1956787109375
0.084197998046875 0.201126098632813 -0.189590454101563 -0.175125122070312
0.0946502685546875 0.231491088867187 -0.168014526367187 -0.177947998046875
0.0320587158203125 0.23944091796875 -0.100540161132813 -0.186126708984375
-0.0670013427734375 0.2132568359375 -0.05029296875 -0.152908325195313
-0.121475219726562 0.187973022460938 0.00273895263671874 -0.0918426513671875
-0.205642700195313 0.08941650390625 0.00585365295410155 -0.0295791625976562
-0.267410278320313 0.04034423828125 -0.0987548828125 0.0943222045898437
-0.29144287109375 0.027587890625 -0.178970336914063 0.08294677734375
-0.105186462402344 0.0309600830078125 -0.452117919921875 -0.0877075195312499
-0.0837326049804688 0.0147705078125 -0.30572509765625 0.012298583984375
-0.0555381774902344 0.00712966918945313 -0.0870361328125 0.0140151977539063
-0.0672798156738281 0.0180206298828125 -0.0329971313476563 -0.0975494384765625
-0.0581283569335938 0.0501556396484375 -0.0456085205078125 -0.179534912109375
-0.0158309936523438 0.10418701171875 -0.1304931640625 -0.2376708984375
0.0149993896484375 0.0975189208984375 -0.220977783203125 -0.238494873046875
0.033172607421875 0.0935134887695313 -0.231613159179688 -0.216644287109375
0.0318222045898438 0.119026184082031 -0.196319580078125 -0.226104736328125
-0.00482177734375001 0.112632751464844 -0.1070556640625 -0.238571166992187
-0.0508193969726563 0.083404541015625 -0.03826904296875 -0.178604125976562
-0.0606536865234375 0.0644493103027344 0.00465393066406251 -0.0988616943359375
-0.0788116455078125 0.0246963500976563 -0.0236320495605469 -0.0133876800537109
-0.109748840332031 0.0202789306640625 -0.16790771484375 0.09234619140625
-0.135520935058594 0.0289688110351563 -0.265655517578125 0.055023193359375
-0.0643997192382813 -0.0502433776855469 0.293701171875 -0.121124267578125
-0.0862808227539063 -0.0417327880859375 0.18939208984375 -0.116851806640625
-0.0918197631835938 0.0199737548828125 0.00745582580566406 -0.0298709869384766
-0.0430259704589844 0.0580787658691406 -0.0208587646484375 0.100654602050781
-0.0110244750976563 0.0464515686035156 0.00656127929687499 0.18487548828125
0.0154438018798828 0.0317497253417969 0.123947143554688 0.263153076171875
0.0381927490234375 0.0283088684082031 0.23834228515625 0.2498779296875
0.0311737060546875 0.0290508270263672 0.265289306640625 0.20965576171875
0.0408668518066406 0.0166091918945313 0.239852905273438 0.215606689453125
0.0488357543945313 0.0371932983398438 0.15972900390625 0.227706909179688
0.0386619567871094 0.0652008056640625 0.089813232421875 0.150177001953125
0.00978088378906251 0.0854110717773438 0.068145751953125 0.0607490539550781
-0.0594940185546875 0.073638916015625 0.147994995117187 -0.010833740234375
-0.0749969482421875 0.0283050537109375 0.34918212890625 -0.060089111328125
-0.0404815673828125 0.0116195678710937 0.513031005859375 0.10992431640625
-0.245834350585937 -0.0540313720703125 0.264373779296875 -0.10784912109375
-0.253707885742188 -0.025146484375 0.179550170898437 -0.098907470703125
-0.238662719726563 0.0538482666015625 0.0271110534667969 -0.0448989868164063
-0.158538818359375 0.15008544921875 -0.0182647705078125 0.075225830078125
-0.0695953369140625 0.167190551757812 -0.00608825683593749 0.150909423828125
0.031280517578125 0.173919677734375 0.10626220703125 0.236572265625
0.1019287109375 0.148162841796875 0.208602905273438 0.228683471679688
0.095947265625 0.141510009765625 0.2335205078125 0.184646606445313
0.113677978515625 0.138870239257813 0.214111328125 0.185516357421875
0.09515380859375 0.167892456054688 0.150375366210937 0.194320678710938
0.03057861328125 0.193435668945312 0.0834808349609375 0.117538452148438
-0.0352325439453125 0.209304809570313 0.0673789978027344 0.0345954895019531
-0.169448852539063 0.152587890625 0.150115966796875 -0.048095703125
-0.235031127929687 0.076873779296875 0.33697509765625 -0.06866455078125
-0.217239379882813 0.0388031005859375 0.48541259765625 0.10675048828125
-0.39276123046875 -0.05181884765625 0.17755126953125 -0.100234985351563
-0.390380859375 -0.00903320312499994 0.131462097167969 -0.0768890380859375
-0.361480712890625 0.08282470703125 0.0407943725585937 -0.0504150390625
-0.25946044921875 0.224319458007812 -0.00552749633789064 0.0404052734375
-0.125274658203125 0.2657470703125 -0.00689697265625002 0.0911788940429688
0.036651611328125 0.294158935546875 0.079620361328125 0.171356201171875
0.148223876953125 0.248947143554688 0.147750854492188 0.168914794921875
0.147628784179688 0.234466552734375 0.165740966796875 0.133056640625
0.17364501953125 0.23773193359375 0.154144287109375 0.133895874023438
0.1385498046875 0.27484130859375 0.114616394042969 0.137863159179688
0.029815673828125 0.300567626953125 0.0600204467773438 0.0710678100585938
-0.063690185546875 0.313446044921875 0.057464599609375 0.00590896606445314
-0.250167846679688 0.224288940429688 0.135246276855469 -0.0734329223632812
-0.355712890625 0.12628173828125 0.2867431640625 -0.05517578125
-0.359222412109375 0.0678710937500001 0.4005126953125 0.108184814453125
-0.48126220703125 -0.03497314453125 0.0495147705078125 -0.093109130859375
-0.473907470703125 0.02166748046875 0.0475807189941406 -0.05145263671875
-0.427978515625 0.115234375 0.0403480529785156 -0.0471076965332031
-0.31488037109375 0.275482177734375 0.00842332839965819 0.000760555267334001
-0.155670166015625 0.329864501953125 -0.00652027130126954 0.0150957107543945
0.039337158203125 0.370574951171875 0.042236328125 0.0765380859375
0.171844482421875 0.31201171875 0.0672836303710938 0.081634521484375
0.17681884765625 0.291595458984375 0.0741348266601563 0.0604324340820313
0.210601806640625 0.303314208984375 0.0694465637207031 0.0640220642089844
0.16131591796875 0.343902587890625 0.0556755065917969 0.0638961791992188
0.0252685546875 0.368408203125 0.0241127014160156 0.0152530670166016
-0.083892822265625 0.377166748046875 0.0398063659667969 -0.0234718322753906
-0.298583984375 0.2652587890625 0.106941223144531 -0.0777740478515625
-0.428070068359375 0.158111572265625 0.205596923828125 -0.0184478759765625
-0.444091796875 0.0896301269531251 0.27099609375 0.11383056640625
-0.4935302734375 -0.00958251953124999 -0.105186462402344 -0.0841064453125
-0.4798583984375 0.0556030273437501 -0.0564346313476563 -0.0214271545410156
-0.41851806640625 0.13720703125 0.0228996276855468 -0.0367050170898437
-0.30908203125 0.284637451171875 0.0125045776367187 -0.0423164367675781
-0.153656005859375 0.33880615234375 -0.0119552612304688 -0.0673027038574219
0.041595458984375 0.38623046875 -0.00673484802246094 -0.0311489105224609
0.170562744140625 0.3250732421875 -0.0251026153564453 -0.0180168151855469
0.178375244140625 0.30364990234375 -0.02801513671875 -0.0202541351318359
0.2113037109375 0.3245849609375 -0.0277938842773437 -0.014373779296875
0.15185546875 0.364288330078125 -0.01470947265625 -0.0191841125488281
0.0052490234375 0.37939453125 -0.0180168151855469 -0.0465164184570312
-0.103668212890625 0.38067626953125 0.0189666748046875 -0.0515899658203125
-0.31304931640625 0.255950927734375 0.0710983276367187 -0.0667037963867187
-0.439727783203125 0.155303955078125 0.106452941894531 0.0331192016601563
-0.46368408203125 0.091583251953125 0.11444091796875 0.120635986328125
-0.4256591796875 0.0181579589843749 -0.257797241210937 -0.0737457275390625
-0.402252197265625 0.0744934082031251 -0.163040161132813 0.00486755371093753
-0.334014892578125 0.130462646484375 -0.0109176635742188 -0.0227775573730469
-0.248504638671875 0.239791870117188 0.000625610351562487 -0.0788726806640625
-0.125823974609375 0.2857666015625 -0.026824951171875 -0.134719848632813
0.039276123046875 0.3377685546875 -0.0615463256835937 -0.128410339355469
0.1448974609375 0.287933349609375 -0.115989685058594 -0.112632751464844
0.153335571289062 0.270645141601563 -0.126976013183594 -0.0982208251953125
0.178497314453125 0.29736328125 -0.116775512695313 -0.0923233032226562
0.11328125 0.328704833984375 -0.07861328125 -0.10369873046875
-0.02496337890625 0.3299560546875 -0.050323486328125 -0.103775024414063
-0.11517333984375 0.3172607421875 0.00179290771484374 -0.0749588012695313
-0.282867431640625 0.196380615234375 0.0342636108398437 -0.0481224060058594
-0.385406494140625 0.116485595703125 0.00257873535156248 0.0795745849609375
-0.410491943359375 0.0755615234375 -0.0410079956054688 0.116783142089844
-0.289825439453125 0.03668212890625 -0.382965087890625 -0.0603637695312501
-0.260299682617188 0.065643310546875 -0.249465942382813 0.0275115966796875
-0.202667236328125 0.085540771484375 -0.0498504638671875 -0.00356674194335938
-0.15863037109375 0.147171020507813 -0.020355224609375 -0.098876953125
-0.0882415771484375 0.185211181640625 -0.04742431640625 -0.173126220703125
0.025360107421875 0.23876953125 -0.115219116210938 -0.197845458984375
0.0955963134765625 0.207656860351563 -0.194381713867187 -0.184280395507813
0.106674194335938 0.196395874023437 -0.204513549804687 -0.16162109375
0.1199951171875 0.224960327148437 -0.18463134765625 -0.16265869140625
0.0590057373046875 0.242538452148438 -0.119644165039062 -0.1788330078125
-0.046600341796875 0.22784423828125 -0.0629730224609375 -0.15093994140625
-0.102493286132813 0.205780029296875 -0.00557708740234375 -0.0931167602539062
-0.204483032226562 0.111038208007813 -6.29425048828271E-05 -0.0281600952148437
-0.272598266601562 0.068115234375 -0.091552734375 0.105377197265625
-0.297088623046875 0.055938720703125 -0.17529296875 0.1029052734375
-0.110145568847656 0.0404891967773438 -0.463653564453125 -0.0489807128906249
-0.087890625 0.0251846313476562 -0.306304931640625 0.0450439453124999
-0.0600204467773438 0.0134429931640625 -0.08245849609375 0.0214004516601563
-0.0679092407226563 0.0285263061523438 -0.041229248046875 -0.0962753295898438
-0.0534477233886719 0.0608482360839844 -0.0636444091796875 -0.181808471679688
-0.00341796874999999 0.110397338867188 -0.154632568359375 -0.230606079101562
0.0271072387695313 0.0997695922851563 -0.246353149414063 -0.222274780273437
0.0439529418945313 0.0927200317382813 -0.253524780273437 -0.19940185546875
0.0479812622070312 0.116065979003906 -0.219390869140625 -0.211349487304688
0.00958251953124999 0.116401672363281 -0.13250732421875 -0.231292724609375
-0.0426712036132812 0.0922012329101563 -0.055755615234375 -0.1783447265625
-0.0532760620117188 0.0734786987304688 -0.00266265869140626 -0.0993270874023437
-0.08050537109375 0.0343093872070313 -0.0272331237792969 -0.00936889648437499
-0.114509582519531 0.0347366333007812 -0.162322998046875 0.111328125
-0.137947082519531 0.0431289672851562 -0.267593383789063 0.080780029296875
-0.0647621154785156 -0.0473785400390625 0.28985595703125 -0.14312744140625
-0.088104248046875 -0.0394439697265625 0.183792114257813 -0.132583618164063
-0.090972900390625 0.0214767456054688 0.00735473632812499 -0.0332546234130859
-0.0410270690917969 0.0571937561035156 -0.0128860473632813 0.099639892578125
-0.0109062194824219 0.0460243225097656 0.021148681640625 0.183563232421875
0.0139007568359375 0.0312271118164063 0.143783569335937 0.2530517578125
0.0370330810546875 0.0263633728027344 0.257064819335938 0.2318115234375
0.0310001373291016 0.0269660949707031 0.279327392578125 0.191070556640625
0.0384254455566406 0.0137367248535156 0.256057739257812 0.200164794921875
0.0498085021972656 0.0326728820800781 0.177200317382813 0.218002319335938
0.0439262390136719 0.0605697631835937 0.101089477539063 0.146499633789063
0.0152053833007813 0.0824966430664063 0.0719223022460938 0.0578460693359375
-0.0523757934570312 0.0771865844726563 0.14605712890625 -0.019134521484375
-0.0698356628417969 0.0333175659179687 0.34222412109375 -0.084259033203125
-0.0359878540039063 0.0135345458984375 0.518585205078125 0.077178955078125
-0.247528076171875 -0.0396728515625 0.26214599609375 -0.127777099609375
-0.252853393554688 -0.0117950439453125 0.176773071289062 -0.112030029296875
-0.237777709960937 0.0667266845703125 0.0260162353515625 -0.0480880737304688
-0.150588989257813 0.159027099609375 -0.0102462768554688 0.0741424560546875
-0.0609283447265625 0.1710205078125 0.006683349609375 0.149078369140625
0.0398101806640625 0.172317504882812 0.125274658203125 0.227340698242188
0.109344482421875 0.142791748046875 0.225555419921875 0.212570190429688
0.105300903320312 0.134666442871094 0.246719360351563 0.167922973632813
0.121337890625 0.130653381347656 0.229827880859375 0.172119140625
0.10614013671875 0.160690307617188 0.165802001953125 0.185806274414063
0.0447235107421875 0.191207885742188 0.0930633544921875 0.113716125488281
-0.0197296142578125 0.211013793945313 0.070465087890625 0.03179931640625
-0.15863037109375 0.1644287109375 0.144912719726563 -0.055511474609375
-0.229385375976563 0.0943756103515625 0.330078125 -0.0924072265625
-0.21197509765625 0.0526275634765625 0.4923095703125 0.07647705078125
-0.3951416015625 -0.0277404785156251 0.178268432617187 -0.11322021484375
-0.3897705078125 0.015625 0.131996154785156 -0.0862350463867188
-0.360382080078125 0.103851318359375 0.0395431518554687 -0.0547676086425781
-0.24700927734375 0.24078369140625 0.00154113769531249 0.0396652221679688
-0.109024047851563 0.275253295898438 0.00102233886718748 0.0896224975585938
0.054351806640625 0.292449951171875 0.09368896484375 0.162368774414063
0.163497924804687 0.23974609375 0.161956787109375 0.156524658203125
0.16448974609375 0.223709106445312 0.17755126953125 0.1209716796875
0.190460205078125 0.2265625 0.167343139648438 0.1229248046875
0.157760620117188 0.265411376953125 0.127342224121094 0.1319580078125
0.051971435546875 0.300048828125 0.0682334899902344 0.0672645568847656
-0.04180908203125 0.318389892578125 0.0599555969238281 0.00312423706054689
-0.237579345703125 0.241989135742187 0.128448486328125 -0.0772018432617187
-0.350128173828125 0.153594970703125 0.28179931640625 -0.073699951171875
-0.352783203125 0.091339111328125 0.409271240234375 0.0833740234375
-0.48590087890625 -0.00479125976562501 0.05072021484375 -0.0977706909179688
-0.471038818359375 0.0541687011718751 0.05126953125 -0.0532989501953125
-0.4256591796875 0.14276123046875 0.0401992797851562 -0.0513572692871094
-0.29766845703125 0.298553466796875 0.0132360458374023 -0.00118064880371092
-0.13397216796875 0.342803955078125 -0.00302124023437501 0.0128059387207031
0.06549072265625 0.369293212890625 0.0498847961425781 0.068450927734375
0.194244384765625 0.301300048828125 0.0753021240234375 0.0744171142578125
0.198822021484375 0.278839111328125 0.081451416015625 0.055145263671875
0.23223876953125 0.288543701171875 0.077789306640625 0.0592269897460938
0.18682861328125 0.334075927734375 0.0632438659667969 0.0613136291503906
0.052459716796875 0.368927001953125 0.0286369323730469 0.0128841400146485
-0.058380126953125 0.384735107421875 0.041259765625 -0.0252761840820312
-0.286712646484375 0.28729248046875 0.099884033203125 -0.0808563232421875
-0.4217529296875 0.190093994140625 0.2037353515625 -0.03118896484375
-0.43695068359375 0.11810302734375 0.279891967773438 0.09881591796875
-0.498504638671875 0.02276611328125 -0.102737426757813 -0.079071044921875
-0.47662353515625 0.08856201171875 -0.0515594482421875 -0.0160140991210937
-0.41552734375 0.165283203125 0.0227127075195312 -0.0394020080566406
-0.2921142578125 0.3095703125 0.0150413513183594 -0.0434608459472656
-0.131195068359375 0.35308837890625 -0.0148773193359375 -0.068634033203125
0.069244384765625 0.383819580078125 -0.00649261474609374 -0.0362968444824219
0.19512939453125 0.314910888671875 -0.02398681640625 -0.019235610961914
0.2021484375 0.291259765625 -0.0264225006103515 -0.018350601196289
0.23699951171875 0.30950927734375 -0.0241928100585937 -0.0127334594726562
0.18121337890625 0.35394287109375 -0.0130825042724609 -0.0174169540405273
0.03314208984375 0.382843017578125 -0.0182228088378906 -0.0451278686523437
-0.076416015625 0.389862060546875 0.0176162719726563 -0.0519943237304687
-0.3009033203125 0.278839111328125 0.0649147033691406 -0.0672073364257813
-0.432708740234375 0.187713623046875 0.108551025390625 0.0282058715820313
-0.4564208984375 0.12176513671875 0.124542236328125 0.114990234375
-0.430206298828125 0.045684814453125 -0.254562377929687 -0.058013916015625
-0.3988037109375 0.1031494140625 -0.15521240234375 0.01873779296875
-0.33203125 0.154449462890625 -0.00902175903320315 -0.0232391357421875
-0.2344970703125 0.262130737304687 0.000137329101562488 -0.0791397094726562
-0.105926513671875 0.29901123046875 -0.0355987548828125 -0.134757995605469
0.064788818359375 0.336273193359375 -0.0695343017578125 -0.128753662109375
0.168991088867188 0.278518676757813 -0.121917724609375 -0.106658935546875
0.175811767578125 0.259796142578125 -0.129486083984375 -0.09014892578125
0.20318603515625 0.284210205078125 -0.119735717773437 -0.0853958129882812
0.140625 0.32183837890625 -0.0842132568359375 -0.0975875854492187
0.000488281249999991 0.335235595703125 -0.0557861328125 -0.101608276367188
-0.09295654296875 0.328216552734375 -0.0012664794921875 -0.0753326416015625
-0.274627685546875 0.2178955078125 0.0286140441894531 -0.0456733703613281
-0.383087158203125 0.146820068359375 0.00894165039062498 0.0813827514648438
-0.407562255859375 0.103607177734375 -0.0322647094726563 0.122596740722656
-0.293609619140625 0.055816650390625 -0.38092041015625 -0.0367431640625001
-0.259368896484375 0.0854949951171875 -0.242477416992188 0.04693603515625
-0.202789306640625 0.10211181640625 -0.046875 -0.00145339965820313
-0.15045166015625 0.16436767578125 -0.0249099731445313 -0.0966033935546875
-0.0738677978515625 0.197418212890625 -0.0600738525390625 -0.172210693359375
0.0446624755859375 0.238479614257812 -0.128631591796875 -0.192337036132812
0.114151000976562 0.202560424804688 -0.205673217773438 -0.171218872070313
0.124099731445313 0.188430786132812 -0.213760375976563 -0.147842407226562
0.13995361328125 0.215621948242188 -0.192550659179688 -0.151168823242188
0.0804290771484375 0.23828125 -0.130523681640625 -0.169692993164063
-0.029205322265625 0.234237670898437 -0.0725250244140625 -0.147476196289062
-0.0878143310546875 0.215164184570313 -0.00962066650390625 -0.0927886962890625
-0.20001220703125 0.127731323242187 -0.00363159179687501 -0.0250129699707031
-0.272750854492188 0.09039306640625 -0.083648681640625 0.114692687988281
-0.295379638671875 0.076446533203125 -0.168411254882813 0.116806030273438
-0.112388610839844 0.0463485717773437 -0.462646484375 -0.0195922851562501
-0.0897369384765625 0.0329971313476563 -0.299285888671875 0.067413330078125
-0.0628433227539062 0.0191688537597656 -0.0788421630859375 0.0262832641601563
-0.0682182312011719 0.0384864807128906 -0.0474853515625 -0.0945892333984375
-0.0483436584472656 0.0691986083984375 -0.0771636962890625 -0.177963256835938
0.00799560546874999 0.110855102539063 -0.171676635742188 -0.22088623046875
0.0384979248046875 0.0987167358398438 -0.262588500976563 -0.205474853515625
0.0527725219726562 0.0898284912109375 -0.26593017578125 -0.18231201171875
0.0603790283203125 0.112159729003906 -0.231674194335937 -0.196487426757813
0.0221176147460938 0.1160888671875 -0.148117065429688 -0.22186279296875
-0.034332275390625 0.0985641479492188 -0.0684051513671875 -0.174591064453125
-0.0471038818359375 0.0791168212890625 -0.00856781005859376 -0.0987014770507813
-0.0802993774414063 0.0428619384765625 -0.0288848876953125 -0.00410079956054687
-0.116157531738281 0.0467529296875 -0.154373168945312 0.125167846679687
-0.139259338378906 0.0538253784179688 -0.263763427734375 0.100845336914063
-0.0642967224121094 -0.04693603515625 0.287841796875 -0.158905029296875
-0.0894622802734375 -0.0399169921875 0.181045532226563 -0.14508056640625
-0.0919723510742188 0.0217742919921875 0.00773239135742187 -0.0357513427734375
-0.0414352416992188 0.0556869506835938 -0.00749969482421876 0.097625732421875
-0.0128555297851563 0.0461959838867188 0.0296478271484375 0.18182373046875
0.0117321014404297 0.032073974609375 0.158798217773438 0.246292114257813
0.0349979400634766 0.0261154174804687 0.27056884765625 0.220123291015625
0.0295143127441406 0.025787353515625 0.29046630859375 0.17987060546875
0.0360832214355469 0.0122451782226562 0.268295288085938 0.190505981445313
0.0492134094238281 0.0286827087402344 0.190643310546875 0.213531494140625
0.0464134216308594 0.0571327209472656 0.109115600585938 0.145248413085938
0.01861572265625 0.0798492431640625 0.0744857788085938 0.05755615234375
-0.0479965209960938 0.078826904296875 0.14520263671875 -0.0234222412109375
-0.0654563903808594 0.0360527038574219 0.3388671875 -0.09979248046875
-0.0317859649658203 0.0142269134521484 0.524383544921875 0.058868408203125
-0.250015258789063 -0.031768798828125 0.262481689453125 -0.141098022460938
-0.253738403320313 -0.00386047363281245 0.177627563476562 -0.123260498046875
-0.240371704101563 0.0738067626953125 0.02667236328125 -0.0525360107421875
-0.147415161132813 0.164764404296875 -0.00418090820312502 0.0719833374023438
-0.0576324462890625 0.175262451171875 0.0151519775390625 0.14739990234375
0.044586181640625 0.172683715820313 0.138214111328125 0.219406127929687
0.11474609375 0.140098571777344 0.238922119140625 0.201385498046875
0.110992431640625 0.13116455078125 0.258651733398438 0.157760620117188
0.126762390136719 0.125808715820313 0.242630004882813 0.1634521484375
0.114120483398437 0.15570068359375 0.178817749023438 0.182174682617188
0.0545654296875 0.189773559570313 0.100875854492188 0.111923217773438
-0.0106658935546875 0.212509155273438 0.0734481811523437 0.0312271118164063
-0.15350341796875 0.173492431640625 0.143035888671875 -0.058349609375
-0.225433349609375 0.105499267578125 0.32720947265625 -0.10650634765625
-0.20867919921875 0.060699462890625 0.5008544921875 0.05859375
-0.400634765625 -0.0116271972656249 0.180557250976562 -0.124252319335938
-0.39056396484375 0.030609130859375 0.135093688964844 -0.093658447265625
-0.363616943359375 0.11785888671875 0.0399551391601562 -0.0590057373046875
-0.240631103515625 0.253189086914063 0.00723266601562499 0.0373954772949219
-0.09967041015625 0.2840576171875 0.006744384765625 0.0867538452148438
0.0670166015625 0.293853759765625 0.1031494140625 0.154342651367188
0.175765991210938 0.236282348632813 0.17303466796875 0.148056030273438
0.17633056640625 0.2177734375 0.186782836914063 0.113052368164063
0.202316284179688 0.2196044921875 0.178024291992188 0.115936279296875
0.171676635742188 0.260238647460938 0.137557983398438 0.12841796875
0.067413330078125 0.3004150390625 0.0743560791015625 0.0655441284179688
-0.0274658203125 0.323333740234375 0.0622596740722656 0.0022239685058594
-0.231689453125 0.256515502929688 0.125137329101562 -0.0788803100585937
-0.347503662109375 0.172607421875 0.27978515625 -0.0856781005859375
-0.350341796875 0.10601806640625 0.4173583984375 0.069549560546875
-0.49261474609375 0.0166015624999999 0.0547256469726562 -0.102943420410156
-0.472991943359375 0.0732116699218751 0.0569686889648437 -0.0565834045410156
-0.42938232421875 0.1617431640625 0.0412788391113281 -0.0552749633789063
-0.2899169921875 0.31536865234375 0.0182132720947265 -0.00359153747558592
-0.121124267578125 0.35430908203125 -0.000956535339355476 0.00992298126220705
0.081634521484375 0.37060546875 0.0543212890625 0.0617752075195313
0.211761474609375 0.29638671875 0.0818557739257813 0.0686264038085938
0.215011596679688 0.271438598632813 0.0876922607421875 0.0514984130859375
0.249465942382813 0.2799072265625 0.085296630859375 0.055328369140625
0.206756591796875 0.327850341796875 0.0701255798339844 0.0597496032714844
0.0711669921875 0.37261962890625 0.0319728851318359 0.0112476348876953
-0.04071044921875 0.39263916015625 0.0422630310058594 -0.0265960693359375
-0.2799072265625 0.305023193359375 0.0964279174804688 -0.0800628662109375
-0.419281005859375 0.212677001953125 0.204269409179687 -0.0390777587890625
-0.43560791015625 0.136474609375 0.28875732421875 0.090179443359375
-0.505889892578125 0.0449523925781249 -0.0985794067382813 -0.0778961181640625
-0.477142333984375 0.10992431640625 -0.0435600280761719 -0.0135345458984375
-0.4195556640625 0.186370849609375 0.0246696472167969 -0.0419692993164062
-0.282623291015625 0.32861328125 0.0179557800292969 -0.0460090637207031
-0.115997314453125 0.365631103515625 -0.0161285400390625 -0.0710372924804687
0.088470458984375 0.3853759765625 -0.00775146484374999 -0.0407028198242187
0.214569091796875 0.310150146484375 -0.0229244232177734 -0.0207405090332031
0.219818115234375 0.283843994140625 -0.0241451263427734 -0.0188369750976562
0.256072998046875 0.30023193359375 -0.0211639404296875 -0.0130996704101562
0.20233154296875 0.349212646484375 -0.0111761093139648 -0.0167379379272461
0.0531005859375 0.38800048828125 -0.0173873901367187 -0.0460357666015625
-0.05865478515625 0.399322509765625 0.0180816650390625 -0.0528030395507812
-0.295989990234375 0.298797607421875 0.0615272521972656 -0.0653228759765625
-0.432098388671875 0.21221923828125 0.111198425292969 0.02490234375
-0.457061767578125 0.14080810546875 0.132423400878906 0.1131591796875
-0.437103271484375 0.0657043457031249 -0.251235961914063 -0.0513763427734375
-0.399566650390625 0.1226806640625 -0.147872924804688 0.026336669921875
-0.335784912109375 0.173187255859375 -0.00670433044433596 -0.0232887268066406
-0.226104736328125 0.280075073242188 0.00118255615234373 -0.0802688598632812
-0.09149169921875 0.311676025390625 -0.0414581298828125 -0.1368408203125
0.08319091796875 0.337677001953125 -0.0761032104492188 -0.130760192871094
0.187042236328125 0.2744140625 -0.125831604003906 -0.103233337402344
0.19329833984375 0.253387451171875 -0.131965637207031 -0.0859375
0.221649169921875 0.276565551757813 -0.121849060058594 -0.0825576782226563
0.16094970703125 0.31915283203125 -0.08673095703125 -0.0946502685546875
0.018402099609375 0.342376708984375 -0.0582962036132813 -0.100898742675781
-0.078460693359375 0.337432861328125 -0.00199127197265625 -0.0764846801757813
-0.272048950195312 0.234909057617188 0.0262565612792969 -0.0431251525878906
-0.38482666015625 0.1693115234375 0.0125198364257812 0.083099365234375
-0.408355712890625 0.12139892578125 -0.0265884399414063 0.126655578613281
-0.299713134765625 0.069427490234375 -0.379425048828125 -0.0245971679687501
-0.2615966796875 0.099029541015625 -0.235748291015625 0.059783935546875
-0.206741333007813 0.115798950195313 -0.0440177917480469 0.000534057617187515
-0.146270751953125 0.178985595703125 -0.02557373046875 -0.097076416015625
-0.0637359619140625 0.20745849609375 -0.0680694580078125 -0.172271728515625
0.0592193603515625 0.23980712890625 -0.139511108398437 -0.190963745117187
0.12994384765625 0.19952392578125 -0.214279174804688 -0.164520263671875
0.13775634765625 0.184326171875 -0.220199584960938 -0.139999389648437
0.155441284179688 0.210006713867188 -0.1981201171875 -0.145095825195313
0.096832275390625 0.237335205078125 -0.137954711914062 -0.16534423828125
-0.01580810546875 0.241119384765625 -0.077972412109375 -0.146621704101562
-0.0771331787109375 0.223876953125 -0.0122833251953125 -0.0935211181640625
-0.199111938476562 0.141571044921875 -0.00557899475097658 -0.0213184356689453
-0.274887084960938 0.108840942382813 -0.0789413452148438 0.120697021484375
-0.298736572265625 0.0906372070312501 -0.16510009765625 0.126953125
-0.116676330566406 0.0519180297851562 -0.46282958984375 -0.00393676757812489
-0.0932769775390625 0.0385971069335938 -0.294158935546875 0.082000732421875
-0.0670509338378906 0.0239944458007813 -0.0754623413085938 0.0290985107421875
-0.0674591064453125 0.0466194152832031 -0.0499267578125 -0.0933914184570313
-0.0438461303710938 0.0768508911132813 -0.08734130859375 -0.176910400390625
0.016082763671875 0.111862182617188 -0.184783935546875 -0.216217041015625
0.0485458374023438 0.0977630615234375 -0.273712158203125 -0.195358276367188
0.0613250732421875 0.0877838134765625 -0.275054931640625 -0.172317504882812
0.0699539184570312 0.10833740234375 -0.241119384765625 -0.189407348632813
0.03192138671875 0.1158447265625 -0.1590576171875 -0.216293334960937
-0.0276336669921875 0.103294372558594 -0.075897216796875 -0.172821044921875
-0.0413970947265625 0.0842132568359375 -0.0118026733398437 -0.0994873046875
-0.0795059204101563 0.0515365600585937 -0.030487060546875 -0.000152587890624996
-0.117576599121094 0.057891845703125 -0.150253295898438 0.13543701171875
-0.141510009765625 0.06243896484375 -0.2635498046875 0.114303588867187
-0.0641860961914063 -0.0479583740234375 0.292083740234375 -0.175811767578125
-0.0923614501953125 -0.0420608520507812 0.182601928710938 -0.159637451171875
-0.0952606201171875 0.0228729248046875 0.00681686401367187 -0.0397300720214844
-0.0437393188476563 0.0556640625 -0.0038604736328125 0.097320556640625
-0.015380859375 0.0468215942382813 0.0391082763671875 0.1845703125
0.0100822448730469 0.0333042144775391 0.174560546875 0.244796752929688
0.0343685150146484 0.0272560119628906 0.28802490234375 0.215423583984375
0.02850341796875 0.0263843536376953 0.307281494140625 0.17376708984375
0.0342617034912109 0.0114841461181641 0.28729248046875 0.18701171875
0.0498542785644531 0.0261650085449219 0.207916259765625 0.214279174804688
0.0498161315917969 0.0535621643066406 0.119644165039062 0.14764404296875
0.0219268798828125 0.0795211791992188 0.079345703125 0.0598068237304688
-0.043060302734375 0.0814895629882813 0.148361206054687 -0.02783203125
-0.0621910095214844 0.0379905700683594 0.34100341796875 -0.116119384765625
-0.0285682678222656 0.0142230987548828 0.539947509765625 0.043365478515625
-0.256423950195313 -0.0235748291015625 0.26947021484375 -0.1572265625
-0.261123657226563 0.00151062011718753 0.182098388671875 -0.136886596679688
-0.248550415039063 0.0826873779296875 0.0266036987304687 -0.0573692321777344
-0.148284912109375 0.172760009765625 0.000511169433593742 0.0711669921875
-0.05560302734375 0.183624267578125 0.0216217041015625 0.148025512695313
0.05023193359375 0.1778564453125 0.152359008789063 0.21588134765625
0.1224365234375 0.141571044921875 0.255706787109375 0.195083618164062
0.118011474609375 0.131393432617187 0.27508544921875 0.151260375976563
0.133544921875 0.125045776367188 0.260406494140625 0.15814208984375
0.122970581054688 0.154983520507813 0.196502685546875 0.181854248046875
0.0643157958984375 0.192337036132813 0.110626220703125 0.112663269042969
-0.002044677734375 0.218963623046875 0.0782699584960937 0.0320587158203125
-0.151107788085938 0.185775756835937 0.1455078125 -0.061920166015625
-0.227005004882813 0.11773681640625 0.3310546875 -0.121917724609375
-0.209884643554687 0.06805419921875 0.517364501953125 0.045166015625
-0.4134521484375 0.00277709960937506 0.18817138671875 -0.136428833007813
-0.400543212890625 0.0432434082031249 0.142364501953125 -0.10455322265625
-0.375091552734375 0.134002685546875 0.0409812927246093 -0.0652313232421875
-0.240188598632813 0.2703857421875 0.0126495361328125 0.0344829559326172
-0.093963623046875 0.29827880859375 0.0118637084960937 0.0861663818359375
0.0789794921875 0.301910400390625 0.113021850585938 0.149673461914063
0.191192626953125 0.237899780273438 0.186187744140625 0.142059326171875
0.190673828125 0.217071533203125 0.2005615234375 0.107528686523438
0.218276977539063 0.218765258789063 0.192886352539063 0.110916137695313
0.188705444335937 0.260696411132813 0.152313232421875 0.127792358398438
0.082794189453125 0.308563232421875 0.0828323364257813 0.065582275390625
-0.01580810546875 0.33636474609375 0.0668754577636719 0.00189208984375002
-0.230514526367188 0.275421142578125 0.126060485839844 -0.0810470581054687
-0.35205078125 0.192718505859375 0.284088134765625 -0.0975341796875
-0.356170654296875 0.12066650390625 0.43463134765625 0.058837890625
-0.508575439453125 0.0373535156249999 0.0603179931640625 -0.111648559570313
-0.484588623046875 0.0919494628906251 0.0643081665039062 -0.0623435974121094
-0.4425048828125 0.18377685546875 0.0431098937988281 -0.0603790283203125
-0.287811279296875 0.3380126953125 0.0236320495605469 -0.00755882263183592
-0.11077880859375 0.37298583984375 0.00123167037963867 0.00691747665405276
0.099090576171875 0.380462646484375 0.0590438842773438 0.0559196472167969
0.231597900390625 0.298675537109375 0.0894775390625 0.0642929077148438
0.234588623046875 0.271255493164063 0.0966644287109375 0.047393798828125
0.27069091796875 0.2779541015625 0.094696044921875 0.0512466430664063
0.229095458984375 0.3297119140625 0.0795516967773438 0.0594482421875
0.090545654296875 0.3836669921875 0.0370254516601563 0.0100784301757813
-0.02581787109375 0.409149169921875 0.0454292297363281 -0.0280380249023437
-0.2803955078125 0.329132080078125 0.0965347290039062 -0.0809173583984375
-0.427001953125 0.239105224609375 0.209579467773437 -0.045989990234375
-0.44464111328125 0.154937744140625 0.30328369140625 0.08514404296875
-0.52435302734375 0.066314697265625 -0.0963287353515625 -0.0813369750976563
-0.489410400390625 0.13177490234375 -0.0378303527832032 -0.0137405395507812
-0.432830810546875 0.210601806640625 0.027008056640625 -0.0456657409667969
-0.27972412109375 0.354461669921875 0.0220870971679687 -0.0501861572265625
-0.103790283203125 0.385406494140625 -0.0180587768554688 -0.0755081176757812
0.10870361328125 0.3958740234375 -0.0100212097167969 -0.0464706420898437
0.238555908203125 0.311614990234375 -0.0216808319091797 -0.023599624633789
0.2413330078125 0.283172607421875 -0.0217876434326172 -0.0195026397705078
0.279632568359375 0.29852294921875 -0.0185890197753906 -0.0153617858886719
0.227203369140625 0.35186767578125 -0.00759410858154295 -0.0168466567993164
0.07330322265625 0.401123046875 -0.0166702270507812 -0.0481986999511718
-0.044036865234375 0.41778564453125 0.0199699401855469 -0.0559806823730469
-0.2979736328125 0.322845458984375 0.0617790222167969 -0.0643119812011719
-0.440399169921875 0.238250732421875 0.116622924804687 0.0227127075195313
-0.468353271484375 0.160614013671875 0.143020629882812 0.114288330078125
-0.453948974609375 0.0858154296875001 -0.253509521484375 -0.0480194091796875
-0.41119384765625 0.14312744140625 -0.1434326171875 0.032470703125
-0.34722900390625 0.195587158203125 -0.00429725646972658 -0.0249347686767578
-0.222869873046875 0.30438232421875 0.00347900390624999 -0.0841903686523437
-0.079620361328125 0.3309326171875 -0.0465240478515625 -0.141036987304687
0.1024169921875 0.346435546875 -0.0844039916992188 -0.135162353515625
0.209304809570312 0.274978637695313 -0.13189697265625 -0.103187561035156
0.21356201171875 0.2520751953125 -0.136268615722656 -0.08489990234375
0.244735717773438 0.274002075195313 -0.125144958496094 -0.0832138061523437
0.18505859375 0.32183837890625 -0.0898208618164062 -0.0941162109375
0.036712646484375 0.355712890625 -0.061859130859375 -0.103652954101562
-0.065032958984375 0.354827880859375 -0.00286865234375 -0.07928466796875
-0.27471923828125 0.25823974609375 0.0259895324707031 -0.0408668518066406
-0.3935546875 0.19476318359375 0.0169906616210937 0.0870819091796875
-0.419464111328125 0.139984130859375 -0.0203933715820313 0.133636474609375
-0.312347412109375 0.08447265625 -0.38641357421875 -0.015472412109375
-0.26983642578125 0.114212036132813 -0.234054565429688 0.0704193115234375
-0.215286254882813 0.1317138671875 -0.0418548583984375 0.00100708007812501
-0.143646240234375 0.196304321289063 -0.0264358520507813 -0.100456237792969
-0.0540008544921875 0.2220458984375 -0.077056884765625 -0.1763916015625
0.074462890625 0.245773315429687 -0.15228271484375 -0.193038940429687
0.147216796875 0.19976806640625 -0.22607421875 -0.16217041015625
0.153396606445313 0.183395385742188 -0.230026245117188 -0.136978149414063
0.173736572265625 0.207992553710937 -0.208892822265625 -0.144363403320313
0.115158081054687 0.24017333984375 -0.147537231445313 -0.165252685546875
-0.00205993652343748 0.252960205078125 -0.0846405029296875 -0.149368286132813
-0.0682830810546875 0.236526489257812 -0.0150146484375 -0.0968551635742187
-0.202896118164063 0.158462524414062 -0.00593566894531251 -0.0176753997802734
-0.282989501953125 0.128814697265625 -0.0753936767578125 0.129432678222656
-0.307373046875 0.1063232421875 -0.165206909179688 0.138198852539063
-0.123809814453125 0.0588302612304687 -0.47320556640625 0.00772094726562507
-0.0987091064453125 0.0452423095703125 -0.295928955078125 0.096405029296875
-0.0733642578125 0.030975341796875 -0.0731582641601562 0.0311355590820313
-0.0677032470703125 0.0565681457519531 -0.0533370971679688 -0.0957717895507813
-0.0389938354492187 0.085723876953125 -0.0975189208984375 -0.179916381835937
0.0252532958984375 0.115089416503906 -0.20050048828125 -0.215347290039063
0.0588150024414063 0.0981063842773438 -0.290435791015625 -0.189910888671875
0.070556640625 0.0864791870117188 -0.289031982421875 -0.16729736328125
0.0809249877929688 0.10662841796875 -0.255950927734375 -0.186248779296875
0.0430755615234375 0.117095947265625 -0.173446655273438 -0.216506958007812
-0.0199508666992187 0.110588073730469 -0.08349609375 -0.175552368164063
-0.03570556640625 0.0906906127929688 -0.0153121948242188 -0.1024169921875
-0.080810546875 0.0608444213867188 -0.0314064025878906 0.00433731079101562
-0.121536254882813 0.0706024169921875 -0.149581909179688 0.147079467773438
-0.14752197265625 0.07177734375 -0.269638061523438 0.129409790039063
-0.0657386779785156 -0.0489845275878906 0.299896240234375 -0.2015380859375
-0.0986328125 -0.0431442260742187 0.183349609375 -0.180862426757812
-0.100418090820312 0.0247268676757813 0.00471115112304687 -0.0453910827636719
-0.0465621948242188 0.0577278137207031 0.000831604003906254 0.0997695922851563
-0.0181961059570313 0.050384521484375 0.0514984130859375 0.189544677734375
0.00858688354492188 0.0359649658203125 0.197998046875 0.243209838867188
0.0340671539306641 0.0289096832275391 0.314849853515625 0.20599365234375
0.0282993316650391 0.0271530151367188 0.333282470703125 0.163177490234375
0.0329074859619141 0.0114383697509766 0.315032958984375 0.178924560546875
0.0505104064941406 0.0235404968261719 0.235122680664063 0.213882446289063
0.0535392761230469 0.050140380859375 0.135650634765625 0.150802612304688
0.026947021484375 0.078704833984375 0.087432861328125 0.0617904663085938
-0.0374755859375 0.0863037109375 0.154067993164063 -0.0353546142578125
-0.0582542419433594 0.0412864685058594 0.34783935546875 -0.14111328125
-0.0245246887207031 0.0137977600097656 0.56878662109375 0.01873779296875
-0.26776123046875 -0.0115509033203126 0.279052734375 -0.181869506835938
-0.272445678710938 0.0117950439453126 0.187057495117187 -0.157791137695313
-0.259567260742188 0.0986175537109375 0.0251235961914062 -0.06475830078125
-0.149826049804688 0.187850952148438 0.00572204589843749 0.070709228515625
-0.051177978515625 0.196762084960937 0.0317840576171875 0.151885986328125
0.0604095458984375 0.185028076171875 0.172027587890625 0.213027954101563
0.13519287109375 0.143173217773438 0.28057861328125 0.186874389648438
0.129898071289063 0.131332397460938 0.300018310546875 0.1412353515625
0.146316528320313 0.12451171875 0.286346435546875 0.14984130859375
0.137542724609375 0.154083251953125 0.221832275390625 0.17999267578125
0.0786285400390625 0.196853637695313 0.125961303710938 0.113693237304688
0.0100250244140625 0.22857666015625 0.0864028930664063 0.0319671630859375
-0.146804809570313 0.203460693359375 0.150161743164063 -0.06927490234375
-0.229354858398437 0.136734008789063 0.33770751953125 -0.145111083984375
-0.214035034179687 0.0817413330078125 0.546905517578125 0.02044677734375
-0.43218994140625 0.0264892578125 0.196441650390625 -0.156936645507813
-0.41656494140625 0.06524658203125 0.148880004882812 -0.121826171875
-0.391326904296875 0.16058349609375 0.0410003662109375 -0.0736465454101562
-0.240020751953125 0.2969970703125 0.0179405212402344 0.0319995880126953
-0.082916259765625 0.319854736328125 0.0181198120117188 0.0863494873046875
0.099029541015625 0.314178466796875 0.126815795898438 0.145034790039063
0.214401245117187 0.239410400390625 0.20489501953125 0.134552001953125
0.212615966796875 0.216415405273438 0.220291137695313 0.098907470703125
0.241943359375 0.216552734375 0.21307373046875 0.103164672851563
0.21466064453125 0.261322021484375 0.172531127929688 0.125
0.10662841796875 0.31927490234375 0.0945968627929687 0.0644989013671875
0.00378417968749997 0.35418701171875 0.073211669921875 -6.86645507812283E-05
-0.226531982421875 0.304473876953125 0.1298828125 -0.086700439453125
-0.358612060546875 0.22393798828125 0.291656494140625 -0.116607666015625
-0.366790771484375 0.14471435546875 0.46185302734375 0.041015625
-0.53436279296875 0.0687255859375001 0.0650482177734375 -0.124603271484375
-0.503509521484375 0.122314453125 0.0716018676757812 -0.0731048583984375
-0.46075439453125 0.220123291015625 0.0439033508300781 -0.0685386657714843
-0.283477783203125 0.372955322265625 0.0288314819335937 -0.0131263732910156
-0.09442138671875 0.4002685546875 0.00250792503356933 0.00412487983703616
0.1265869140625 0.394989013671875 0.0643234252929688 0.0504379272460938
0.262725830078125 0.299072265625 0.100013732910156 0.0585403442382813
0.263290405273438 0.268646240234375 0.108802795410156 0.041290283203125
0.302703857421875 0.275421142578125 0.10565185546875 0.04534912109375
0.2630615234375 0.330963134765625 0.0926666259765625 0.0565719604492188
0.121185302734375 0.40069580078125 0.0434532165527344 0.00749969482421877
-0.00201416015624997 0.4329833984375 0.049835205078125 -0.0312347412109375
-0.278045654296875 0.36566162109375 0.09918212890625 -0.0844955444335937
-0.435302734375 0.279327392578125 0.217269897460937 -0.058197021484375
-0.45916748046875 0.1861572265625 0.32666015625 0.075347900390625
-0.548858642578125 0.10113525390625 -0.0973739624023438 -0.085052490234375
-0.508331298828125 0.166900634765625 -0.0313873291015625 -0.0157814025878906
-0.450958251953125 0.251251220703125 0.0292778015136718 -0.051666259765625
-0.273681640625 0.39154052734375 0.0261306762695312 -0.0574455261230468
-0.084564208984375 0.41461181640625 -0.0216751098632813 -0.08154296875
0.138824462890625 0.41033935546875 -0.0137100219726562 -0.052215576171875
0.2713623046875 0.3116455078125 -0.0218601226806641 -0.0268020629882812
0.27294921875 0.28143310546875 -0.0194511413574219 -0.0225353240966797
0.315673828125 0.295196533203125 -0.018075942993164 -0.0182132720947265
0.26385498046875 0.354278564453125 -0.00498008728027342 -0.0183010101318359
0.104736328125 0.420684814453125 -0.0172615051269531 -0.0509757995605468
-0.0194091796875 0.44451904296875 0.0208816528320313 -0.0603408813476562
-0.2969970703125 0.36236572265625 0.0634231567382812 -0.0656700134277343
-0.4521484375 0.28106689453125 0.12481689453125 0.019775390625
-0.483917236328125 0.193603515625 0.160171508789062 0.114303588867188
-0.476715087890625 0.11767578125 -0.26141357421875 -0.0419464111328125
-0.426849365234375 0.176116943359375 -0.140541076660156 0.03955078125
-0.36053466796875 0.23150634765625 -0.00199317932128908 -0.0276107788085937
-0.21600341796875 0.33819580078125 0.00408935546874998 -0.0914688110351562
-0.06048583984375 0.356201171875 -0.0557403564453125 -0.147430419921875
0.131378173828125 0.358856201171875 -0.0966873168945312 -0.139389038085937
0.240936279296875 0.274368286132813 -0.142364501953125 -0.103302001953125
0.242904663085938 0.249969482421875 -0.143997192382812 -0.08355712890625
0.277023315429688 0.27093505859375 -0.134994506835937 -0.0828475952148437
0.217681884765625 0.32489013671875 -0.0962600708007813 -0.0943069458007812
0.064056396484375 0.37457275390625 -0.068359375 -0.106452941894531
-0.044189453125 0.379638671875 -0.00510406494140626 -0.084136962890625
-0.27655029296875 0.292236328125 0.0267677307128906 -0.0395622253417969
-0.404022216796875 0.232421875 0.0241622924804687 0.0923309326171875
-0.436004638671875 0.170928955078125 -0.01214599609375 0.14373779296875
-0.329986572265625 0.108306884765625 -0.40057373046875 -0.000885009765624995
-0.281051635742188 0.137969970703125 -0.23492431640625 0.085174560546875
-0.225387573242188 0.157455444335937 -0.039642333984375 0.00137329101562502
-0.138107299804687 0.221084594726563 -0.02899169921875 -0.106826782226563
-0.0400238037109375 0.241409301757813 -0.090728759765625 -0.181976318359375
0.0971221923828125 0.254638671875 -0.171768188476563 -0.19512939453125
0.171630859375 0.199172973632812 -0.245437622070313 -0.157455444335938
0.17669677734375 0.180618286132813 -0.246307373046875 -0.1318359375
0.199539184570313 0.20538330078125 -0.225921630859375 -0.141357421875
0.140960693359375 0.244400024414063 -0.162078857421875 -0.164764404296875
0.0177154541015625 0.267837524414063 -0.0955047607421875 -0.1534423828125
-0.0539093017578125 0.255126953125 -0.0193939208984375 -0.101585388183594
-0.20489501953125 0.183975219726563 -0.00601959228515626 -0.0137777328491211
-0.2908935546875 0.15777587890625 -0.0710906982421875 0.142379760742188
-0.321258544921875 0.131439208984375 -0.165145874023438 0.156143188476562
-0.132881164550781 0.0709152221679687 -0.49261474609375 0.0294189453125
-0.106201171875 0.0562362670898438 -0.299713134765625 0.116241455078125
-0.0808029174804688 0.04180908203125 -0.0711822509765625 0.0342559814453125
-0.0672531127929688 0.0688400268554688 -0.0588455200195313 -0.099822998046875
-0.032501220703125 0.0959854125976563 -0.113510131835938 -0.184310913085937
0.0365371704101563 0.120315551757813 -0.224288940429688 -0.215179443359375
0.0728759765625 0.0974578857421875 -0.31512451171875 -0.181488037109375
0.0836868286132813 0.0850601196289062 -0.31219482421875 -0.15875244140625
0.0958480834960938 0.10400390625 -0.279327392578125 -0.181808471679688
0.0575180053710938 0.118972778320313 -0.192916870117188 -0.216079711914063
-0.00937652587890625 0.1187744140625 -0.0976104736328125 -0.179656982421875
-0.0282058715820312 0.0998382568359375 -0.0211334228515625 -0.106498718261719
-0.0809249877929688 0.0736465454101563 -0.0323982238769531 0.0103416442871094
-0.124687194824219 0.0882339477539062 -0.147125244140625 0.165740966796875
-0.154541015625 0.0878448486328125 -0.277359008789063 0.153244018554688
-0.0676918029785156 -0.0490455627441406 0.2998046875 -0.23748779296875
-0.105857849121094 -0.0423583984375 0.176071166992187 -0.208343505859375
-0.104904174804688 0.0301284790039062 -3.05175781250056E-05 -0.0501365661621094
-0.0489311218261719 0.0618515014648437 0.00830078125 0.101783752441406
-0.0199546813964844 0.0548591613769531 0.0698699951171875 0.191513061523438
0.00761795043945313 0.03912353515625 0.227874755859375 0.23406982421875
0.0352363586425781 0.0303688049316406 0.34661865234375 0.186126708984375
0.0292949676513672 0.0280055999755859 0.363037109375 0.139923095703125
0.0319938659667969 0.0108394622802734 0.3485107421875 0.15765380859375
0.0513954162597656 0.0185699462890625 0.26904296875 0.203094482421875
0.0578956604003906 0.0445632934570313 0.158843994140625 0.14776611328125
0.0339813232421875 0.0772933959960938 0.0987319946289063 0.0604934692382813
-0.028717041015625 0.0903701782226563 0.157821655273438 -0.048797607421875
-0.0533599853515625 0.0451622009277344 0.346832275390625 -0.175872802734375
-0.0202484130859375 0.0134372711181641 0.5950927734375 -0.02447509765625
-0.27630615234375 0.00903320312499998 0.28118896484375 -0.2174072265625
-0.282745361328125 0.0311279296875 0.184646606445312 -0.185684204101563
-0.26593017578125 0.122528076171875 0.0208358764648437 -0.072418212890625
-0.144546508789062 0.207794189453125 0.0123481750488281 0.0697517395019531
-0.0404052734375 0.210922241210938 0.0466156005859375 0.152450561523438
0.0758209228515625 0.190719604492188 0.197860717773438 0.203231811523438
0.152130126953125 0.13958740234375 0.309661865234375 0.167449951171875
0.145477294921875 0.126724243164063 0.327484130859375 0.117889404296875
0.162017822265625 0.118621826171875 0.316253662109375 0.1282958984375
0.155487060546875 0.147384643554688 0.253280639648438 0.16729736328125
0.09930419921875 0.19677734375 0.145767211914063 0.109634399414063
0.0303802490234375 0.23699951171875 0.0966949462890625 0.0284805297851563
-0.134048461914062 0.225021362304688 0.15240478515625 -0.081817626953125
-0.225234985351563 0.161697387695312 0.3377685546875 -0.178466796875
-0.214218139648438 0.100860595703125 0.57403564453125 -0.02142333984375
-0.44775390625 0.064666748046875 0.198486328125 -0.185317993164063
-0.4281005859375 0.100311279296875 0.149795532226563 -0.145294189453125
-0.399658203125 0.202178955078125 0.0374908447265625 -0.083038330078125
-0.227508544921875 0.330230712890625 0.0241241455078125 0.0272865295410156
-0.06011962890625 0.34283447265625 0.0270233154296875 0.0850372314453125
0.129180908203125 0.320892333984375 0.143661499023438 0.135421752929688
0.245010375976563 0.231613159179688 0.22735595703125 0.118667602539063
0.241165161132813 0.206924438476563 0.24237060546875 0.0793914794921875
0.272857666015625 0.204452514648438 0.23504638671875 0.0852508544921875
0.24810791015625 0.252212524414063 0.197906494140625 0.114227294921875
0.1402587890625 0.324737548828125 0.108642578125 0.0590591430664063
0.035980224609375 0.37030029296875 0.0807418823242188 -0.00505065917968748
-0.210113525390625 0.340667724609375 0.13055419921875 -0.09735107421875
-0.354461669921875 0.2662353515625 0.294677734375 -0.14544677734375
-0.369354248046875 0.180572509765625 0.49017333984375 0.00753784179687501
-0.55194091796875 0.117767333984375 0.0646820068359375 -0.14154052734375
-0.514739990234375 0.16949462890625 0.0750198364257812 -0.087554931640625
-0.46826171875 0.272705078125 0.0422515869140625 -0.0780868530273437
-0.265380859375 0.417510986328125 0.0330848693847656 -0.0205879211425781
-0.06280517578125 0.428985595703125 0.00403881072998047 -0.00030303001403806
0.16693115234375 0.40301513671875 0.0702743530273438 0.0421066284179688
0.30255126953125 0.2886962890625 0.11181640625 0.0475006103515625
0.29986572265625 0.256256103515625 0.1209716796875 0.0287094116210938
0.343475341796875 0.25994873046875 0.117210388183594 0.0342941284179688
0.307098388671875 0.32080078125 0.108207702636719 0.049102783203125
0.16412353515625 0.408721923828125 0.050384521484375 0.00246047973632815
0.0377197265625 0.455291748046875 0.0537147521972656 -0.0374069213867187
-0.25946044921875 0.411163330078125 0.100410461425781 -0.092376708984375
-0.43109130859375 0.331939697265625 0.22308349609375 -0.0772705078125
-0.465179443359375 0.2335205078125 0.3521728515625 0.053436279296875
-0.5673828125 0.15606689453125 -0.101425170898438 -0.0871505737304687
-0.516326904296875 0.219879150390625 -0.027059555053711 -0.0185203552246094
-0.454833984375 0.30877685546875 0.0296363830566406 -0.0589714050292969
-0.25189208984375 0.4368896484375 0.0272216796875 -0.0668716430664062
-0.04840087890625 0.442230224609375 -0.0286102294921875 -0.0865249633789062
0.18389892578125 0.4183349609375 -0.0202903747558594 -0.0573081970214843
0.3148193359375 0.299468994140625 -0.0224742889404297 -0.0298862457275391
0.312591552734375 0.26678466796875 -0.0186805725097656 -0.0263957977294922
0.358428955078125 0.27911376953125 -0.0180702209472656 -0.0214157104492187
0.311798095703125 0.345703125 -0.0013618469238281 -0.02069091796875
0.151519775390625 0.432891845703125 -0.0194282531738281 -0.0539131164550781
0.0211181640625 0.469024658203125 0.0200691223144531 -0.0658187866210937
-0.2811279296875 0.41058349609375 0.064117431640625 -0.0697288513183594
-0.45025634765625 0.336944580078125 0.133720397949219 0.011688232421875
-0.49359130859375 0.24554443359375 0.180938720703125 0.108444213867188
-0.4930419921875 0.168182373046875 -0.270065307617188 -0.0291748046875
-0.434051513671875 0.224517822265625 -0.135772705078125 0.0498123168945313
-0.36334228515625 0.28216552734375 0.00019073486328123 -0.0313549041748047
-0.193634033203125 0.3787841796875 0.00127410888671875 -0.099945068359375
-0.025909423828125 0.3807373046875 -0.0701446533203125 -0.151809692382812
0.172119140625 0.36370849609375 -0.1143798828125 -0.140342712402344
0.2802734375 0.2628173828125 -0.155349731445313 -0.098846435546875
0.278671264648438 0.236602783203125 -0.154251098632812 -0.07867431640625
0.31768798828125 0.256317138671875 -0.147003173828125 -0.0776214599609375
0.261505126953125 0.31817626953125 -0.105049133300781 -0.0915374755859375
0.105377197265625 0.387939453125 -0.0784378051757813 -0.108207702636719
-0.0107421875 0.403717041015625 -0.0100479125976563 -0.0893096923828125
-0.26446533203125 0.3363037109375 0.02789306640625 -0.0395584106445312
-0.404296875 0.28350830078125 0.0353851318359375 0.09576416015625
-0.4449462890625 0.218780517578125 0.00244140624999999 0.152801513671875
-0.3419189453125 0.14532470703125 -0.41485595703125 0.02606201171875
-0.28594970703125 0.17352294921875 -0.231430053710938 0.106796264648437
-0.227615356445313 0.19305419921875 -0.0366287231445313 0.00269317626953126
-0.123077392578125 0.250228881835938 -0.0361175537109375 -0.112586975097656
-0.0140228271484375 0.259078979492188 -0.110549926757812 -0.184310913085937
0.128677368164063 0.258270263671875 -0.197021484375 -0.1907958984375
0.202987670898437 0.189666748046875 -0.268325805664063 -0.145492553710937
0.204330444335938 0.169525146484375 -0.2666015625 -0.118728637695313
0.230224609375 0.19287109375 -0.248779296875 -0.129623413085938
0.174591064453125 0.23980712890625 -0.180770874023438 -0.157852172851563
0.0484619140625 0.279830932617188 -0.111709594726563 -0.153579711914062
-0.02984619140625 0.273483276367188 -0.0276718139648438 -0.105827331542969
-0.197357177734375 0.216903686523438 -0.00508880615234376 -0.0097675323486328
-0.29119873046875 0.197845458984375 -0.0598297119140625 0.156845092773438
-0.328369140625 0.168609619140625 -0.158660888671875 0.179519653320313
-0.139152526855469 0.0880203247070313 -0.51068115234375 0.0661621093750001
-0.111495971679687 0.0718231201171875 -0.298095703125 0.146026611328125
-0.0853500366210938 0.05712890625 -0.0677452087402344 0.0388145446777344
-0.0626449584960938 0.0842132568359375 -0.0684127807617188 -0.10186767578125
-0.0198898315429687 0.106735229492188 -0.135848999023438 -0.184173583984375
0.0534744262695313 0.123252868652344 -0.2535400390625 -0.205459594726562
0.0894393920898438 0.0926132202148438 -0.34405517578125 -0.16217041015625
0.09857177734375 0.0779800415039063 -0.33880615234375 -0.138885498046875
0.113288879394531 0.0970840454101563 -0.308441162109375 -0.165618896484375
0.0759353637695313 0.116279602050781 -0.219940185546875 -0.207626342773437
0.0064849853515625 0.1258544921875 -0.116531372070313 -0.18011474609375
-0.0157928466796875 0.108489990234375 -0.031036376953125 -0.109725952148438
-0.0763092041015625 0.089874267578125 -0.0310821533203125 0.0170688629150391
-0.122467041015625 0.11053466796875 -0.138336181640625 0.1885986328125
-0.157485961914063 0.110702514648438 -0.2779541015625 0.186553955078125
-0.0684471130371094 -0.0484504699707031 0.282135009765625 -0.275299072265625
-0.112411499023437 -0.0387344360351563 0.156356811523438 -0.232925415039063
-0.107002258300781 0.036224365234375 -0.00691223144531251 -0.0526275634765625
-0.0493125915527344 0.0658607482910156 0.0173568725585938 0.10028076171875
-0.02008056640625 0.0596809387207031 0.0907745361328125 0.184722900390625
0.00731277465820312 0.0424041748046875 0.254348754882813 0.20989990234375
0.0356597900390625 0.031005859375 0.370574951171875 0.15093994140625
0.0295467376708984 0.0285625457763672 0.38336181640625 0.101470947265625
0.0298786163330078 0.0110225677490234 0.37249755859375 0.1207275390625
0.04974365234375 0.013885498046875 0.298828125 0.17657470703125
0.0605049133300781 0.0364418029785156 0.180816650390625 0.13543701171875
0.041015625 0.0718154907226562 0.108619689941406 0.05426025390625
-0.0161285400390625 0.09014892578125 0.154388427734375 -0.0638580322265625
-0.0456581115722656 0.0472564697265625 0.329681396484375 -0.211669921875
-0.0150003433227539 0.0120201110839844 0.6016845703125 -0.08331298828125
-0.275360107421875 0.0343170166015625 0.267807006835938 -0.253570556640625
-0.28302001953125 0.0552978515625 0.169219970703125 -0.212570190429688
-0.262664794921875 0.14910888671875 0.0131301879882812 -0.077972412109375
-0.130081176757813 0.225082397460937 0.0208244323730469 0.065582275390625
-0.02325439453125 0.220367431640625 0.0633544921875 0.1461181640625
0.0937957763671875 0.189285278320313 0.21978759765625 0.1817626953125
0.167434692382813 0.12860107421875 0.331695556640625 0.133636474609375
0.159423828125 0.114715576171875 0.345550537109375 0.08123779296875
0.175140380859375 0.104598999023438 0.337493896484375 0.0936279296875
0.171157836914063 0.132278442382813 0.280654907226563 0.140762329101563
0.120758056640625 0.187881469726563 0.164627075195313 0.0958404541015625
0.055389404296875 0.236099243164063 0.104286193847656 0.0211105346679688
-0.110458374023437 0.241470336914062 0.147506713867188 -0.0955963134765625
-0.208755493164063 0.186676025390625 0.32244873046875 -0.213653564453125
-0.205154418945312 0.122573852539062 0.58343505859375 -0.07818603515625
-0.444244384765625 0.111236572265625 0.18829345703125 -0.215133666992187
-0.423828125 0.142578125 0.139862060546875 -0.168899536132813
-0.389892578125 0.24713134765625 0.030303955078125 -0.0909957885742187
-0.200347900390625 0.359130859375 0.0292816162109375 0.0198535919189453
-0.027984619140625 0.356231689453125 0.0361099243164062 0.0791778564453125
0.162384033203125 0.315277099609375 0.158767700195313 0.118209838867188
0.271865844726563 0.210205078125 0.2437744140625 0.0917205810546875
0.265029907226563 0.184234619140625 0.256118774414063 0.049591064453125
0.298370361328125 0.1787109375 0.25054931640625 0.0572662353515625
0.278594970703125 0.228195190429687 0.219802856445313 0.0911102294921875
0.178863525390625 0.31402587890625 0.122085571289063 0.0476226806640625
0.07666015625 0.373046875 0.0857925415039062 -0.012451171875
-0.177001953125 0.369537353515625 0.126579284667969 -0.108818054199219
-0.33135986328125 0.308380126953125 0.283843994140625 -0.174560546875
-0.35687255859375 0.220703125 0.50457763671875 -0.041839599609375
-0.547393798828125 0.17950439453125 0.0579986572265625 -0.158172607421875
-0.50469970703125 0.22406005859375 0.071990966796875 -0.102798461914063
-0.45233154296875 0.32928466796875 0.0377883911132812 -0.0862197875976562
-0.228240966796875 0.45306396484375 0.0351142883300781 -0.03009033203125
-0.0184326171875 0.44281005859375 0.00424766540527344 -0.00512790679931638
0.21197509765625 0.393402099609375 0.0740890502929688 0.0310134887695313
0.338104248046875 0.259613037109375 0.119804382324219 0.031158447265625
0.33172607421875 0.227630615234375 0.128349304199219 0.0103378295898438
0.37762451171875 0.22625732421875 0.125595092773438 0.0180206298828125
0.348907470703125 0.290557861328125 0.121070861816406 0.0345687866210938
0.2138671875 0.39886474609375 0.0557746887207031 -0.00459289550781247
0.088165283203125 0.4603271484375 0.0545997619628906 -0.0442047119140625
-0.220794677734375 0.448699951171875 0.0970535278320312 -0.0999603271484375
-0.40484619140625 0.385528564453125 0.220443725585938 -0.0989532470703125
-0.449951171875 0.28515625 0.36859130859375 0.019195556640625
-0.56341552734375 0.22174072265625 -0.105911254882813 -0.0864791870117188
-0.502410888671875 0.2783203125 -0.0229511260986329 -0.0220451354980469
-0.434356689453125 0.3687744140625 0.0280685424804687 -0.0656890869140625
-0.208831787109375 0.474212646484375 0.0252685546875 -0.0764541625976562
0.00100708007812496 0.455535888671875 -0.03759765625 -0.0880355834960937
0.233367919921875 0.4058837890625 -0.027191162109375 -0.059814453125
0.353668212890625 0.268463134765625 -0.0245170593261719 -0.0332584381103515
0.347442626953125 0.235137939453125 -0.0188941955566406 -0.0306816101074219
0.39825439453125 0.241851806640625 -0.0183372497558594 -0.0231056213378906
0.3565673828125 0.31463623046875 0.00197410583496096 -0.0241813659667969
0.204803466796875 0.42425537109375 -0.0214462280273437 -0.0561599731445312
0.0743408203125001 0.4769287109375 0.0161666870117187 -0.0708084106445312
-0.24310302734375 0.45111083984375 0.0630722045898437 -0.0734710693359375
-0.4241943359375 0.395111083984375 0.139656066894531 0.000137329101562524
-0.477691650390625 0.301483154296875 0.199920654296875 0.0923309326171875
-0.487945556640625 0.22686767578125 -0.272842407226563 -0.00958251953125004
-0.419097900390625 0.278076171875 -0.125892639160156 0.0596160888671875
-0.34332275390625 0.33526611328125 0.00155067443847654 -0.0348434448242187
-0.1541748046875 0.41058349609375 -0.00498962402343752 -0.107154846191406
0.018096923828125 0.3912353515625 -0.08697509765625 -0.149398803710938
0.2176513671875 0.351470947265625 -0.131011962890625 -0.132858276367187
0.316009521484375 0.23333740234375 -0.166488647460937 -0.0883636474609374
0.31024169921875 0.20697021484375 -0.162673950195313 -0.068817138671875
0.35394287109375 0.22198486328125 -0.156204223632812 -0.0663299560546875
0.305450439453125 0.291351318359375 -0.111732482910156 -0.084381103515625
0.155181884765625 0.383880615234375 -0.0890731811523437 -0.104652404785156
0.03619384765625 0.4141845703125 -0.0176849365234375 -0.0917587280273437
-0.23388671875 0.37493896484375 0.0286140441894531 -0.0395584106445312
-0.383026123046875 0.3367919921875 0.048553466796875 0.0954742431640625
-0.4320068359375 0.272857666015625 0.0218505859375 0.156784057617188
-0.33782958984375 0.18878173828125 -0.415985107421875 0.0615234375000001
-0.276336669921875 0.211990356445312 -0.217117309570313 0.128372192382812
-0.21575927734375 0.2305908203125 -0.0328044891357422 0.0026683807373047
-0.095550537109375 0.27410888671875 -0.0451507568359375 -0.114669799804687
0.019439697265625 0.26666259765625 -0.131790161132812 -0.177017211914063
0.162857055664062 0.248443603515625 -0.221023559570313 -0.173995971679687
0.230148315429688 0.166961669921875 -0.2867431640625 -0.121826171875
0.228668212890625 0.147079467773438 -0.281463623046875 -0.0960693359374999
0.259246826171875 0.16748046875 -0.266021728515625 -0.10675048828125
0.207977294921875 0.220855712890625 -0.197708129882813 -0.142608642578125
0.0852203369140625 0.279922485351563 -0.128021240234375 -0.146102905273437
0.00289916992187498 0.28277587890625 -0.0384902954101563 -0.105903625488281
-0.176483154296875 0.24700927734375 -0.00230360031127931 -0.0065326690673828
-0.27569580078125 0.238723754882813 -0.0416259765625 0.1671142578125
-0.319091796875 0.210662841796875 -0.140518188476563 0.20062255859375
-0.139297485351562 0.109230041503906 -0.511016845703125 0.114105224609375
-0.110275268554687 0.0905303955078125 -0.282318115234375 0.175018310546875
-0.0844573974609375 0.0763168334960938 -0.0612678527832031 0.0416717529296875
-0.0522994995117188 0.0987777709960937 -0.0787429809570313 -0.100395202636719
-0.00348663330078126 0.112663269042969 -0.158721923828125 -0.173599243164062
0.0729217529296875 0.119209289550781 -0.280120849609375 -0.181182861328125
0.105674743652344 0.0811080932617188 -0.36590576171875 -0.13018798828125
0.112350463867188 0.0647811889648437 -0.357086181640625 -0.1070556640625
0.129127502441406 0.0817489624023438 -0.330535888671875 -0.135406494140625
0.0952835083007813 0.106620788574219 -0.243637084960938 -0.186569213867187
0.0260391235351563 0.12646484375 -0.136627197265625 -0.171005249023438
0.000938415527343761 0.111976623535156 -0.0427474975585938 -0.108116149902344
-0.0644378662109375 0.105026245117188 -0.026947021484375 0.0242500305175781
-0.111953735351562 0.132766723632813 -0.118316650390625 0.208297729492187
-0.1507568359375 0.1348876953125 -0.2635498046875 0.2213134765625
-0.0679359436035156 -0.0485687255859375 0.25482177734375 -0.299957275390625
-0.116630554199219 -0.0349273681640625 0.130203247070313 -0.246658325195313
-0.107246398925781 0.0405349731445312 -0.0135040283203125 -0.0526542663574219
-0.0491714477539062 0.06854248046875 0.0245895385742187 0.0949554443359375
-0.0195770263671875 0.064361572265625 0.105056762695313 0.170700073242187
0.00700759887695312 0.0464134216308594 0.268280029296875 0.180099487304688
0.0358161926269531 0.0321769714355469 0.376953125 0.1124267578125
0.0295372009277344 0.0286502838134766 0.385284423828125 0.061920166015625
0.026763916015625 0.0110626220703125 0.3798828125 0.080413818359375
0.0449447631835937 0.00911331176757812 0.31317138671875 0.142791748046875
0.0591316223144531 0.0272483825683594 0.194976806640625 0.117202758789063
0.0452651977539063 0.0636100769042969 0.115264892578125 0.0457305908203125
-0.00566864013671875 0.0848236083984375 0.145248413085937 -0.0742645263671875
-0.0371131896972656 0.0458259582519531 0.2999267578125 -0.23529052734375
-0.00955867767333984 0.00850677490234375 0.58355712890625 -0.13360595703125
-0.263992309570312 0.053375244140625 0.243896484375 -0.279510498046875
-0.274368286132813 0.073394775390625 0.146743774414062 -0.229217529296875
-0.249618530273438 0.168594360351563 0.00489044189453124 -0.080047607421875
-0.113479614257813 0.232742309570312 0.0257720947265625 0.0589256286621094
-0.00657653808593751 0.220703125 0.074462890625 0.134109497070313
0.106918334960938 0.181716918945313 0.230697631835937 0.15472412109375
0.1748046875 0.113983154296875 0.33709716796875 0.096435546875
0.164398193359375 0.100250244140625 0.34735107421875 0.04425048828125
0.180282592773438 0.0880889892578125 0.342193603515625 0.0556640625
0.17803955078125 0.113082885742188 0.294525146484375 0.1075439453125
0.13531494140625 0.171600341796875 0.17626953125 0.0779266357421875
0.0762786865234375 0.225357055664063 0.108261108398438 0.0122604370117188
-0.0843963623046875 0.245040893554688 0.137725830078125 -0.104080200195312
-0.185699462890625 0.200439453125 0.296356201171875 -0.23602294921875
-0.18701171875 0.136474609375 0.57037353515625 -0.12841796875
-0.4239501953125 0.1478271484375 0.170516967773437 -0.2354736328125
-0.403778076171875 0.174407958984375 0.123825073242188 -0.184951782226563
-0.365325927734375 0.279998779296875 0.0225906372070312 -0.0954055786132812
-0.167144775390625 0.3720703125 0.0319633483886719 0.0115547180175781
0.00241088867187497 0.353485107421875 0.0419425964355469 0.0700759887695313
0.188201904296875 0.298797607421875 0.16424560546875 0.0969696044921875
0.286102294921875 0.18231201171875 0.247528076171875 0.0623626708984375
0.276382446289063 0.157180786132813 0.257476806640625 0.01885986328125
0.310028076171875 0.14764404296875 0.254058837890625 0.0283660888671875
0.29571533203125 0.1964111328125 0.23028564453125 0.0640411376953125
0.206634521484375 0.291717529296875 0.129310607910156 0.032440185546875
0.111236572265625 0.359100341796875 0.0876541137695313 -0.0209503173828125
-0.1380615234375 0.380279541015625 0.118309020996094 -0.114906311035156
-0.296478271484375 0.336181640625 0.26397705078125 -0.194671630859375
-0.3287353515625 0.24835205078125 0.497344970703125 -0.0845947265625
-0.521148681640625 0.227783203125 0.0473785400390625 -0.169113159179688
-0.474273681640625 0.26470947265625 0.0655899047851562 -0.114990234375
-0.417694091796875 0.3729248046875 0.031341552734375 -0.0920333862304687
-0.183868408203125 0.467681884765625 0.0345954895019531 -0.0395851135253906
0.022796630859375 0.43743896484375 0.00368785858154297 -0.00977802276611326
0.246368408203125 0.36962890625 0.0738906860351563 0.01953125
0.357666015625 0.222808837890625 0.120460510253906 0.0139541625976563
0.346923828125 0.1907958984375 0.127670288085938 -0.00842285156249999
0.39410400390625 0.184295654296875 0.127998352050781 0.00138854980468751
0.37225341796875 0.25048828125 0.127975463867188 0.01702880859375
0.25128173828125 0.371429443359375 0.0586624145507813 -0.0138587951660156
0.13262939453125 0.4453125 0.0539016723632813 -0.0501747131347656
-0.175628662109375 0.46551513671875 0.091156005859375 -0.104087829589844
-0.363037109375 0.421417236328125 0.210403442382812 -0.115570068359375
-0.4169921875 0.321990966796875 0.370819091796875 -0.013671875
-0.533477783203125 0.273162841796875 -0.107406616210938 -0.084503173828125
-0.469757080078125 0.32232666015625 -0.0186958312988282 -0.0264339447021484
-0.396240234375 0.41168212890625 0.0252227783203125 -0.0713043212890625
-0.15966796875 0.49090576171875 0.0215530395507812 -0.0840835571289062
0.045562744140625 0.4483642578125 -0.0452117919921875 -0.0869140625
0.2696533203125 0.3782958984375 -0.0333786010742187 -0.0598373413085937
0.37493896484375 0.22760009765625 -0.0265045166015625 -0.0357742309570312
0.36370849609375 0.1966552734375 -0.020364761352539 -0.0351142883300781
0.416290283203125 0.196807861328125 -0.0192184448242187 -0.0252857208251953
0.38519287109375 0.272308349609375 0.0050163269042969 -0.0291271209716797
0.24774169921875 0.400390625 -0.0233306884765625 -0.0566864013671875
0.121429443359375 0.4635009765625 0.0123291015625 -0.0735549926757812
-0.196685791015625 0.47271728515625 0.060638427734375 -0.0766754150390625
-0.381195068359375 0.432891845703125 0.140960693359375 -0.0116119384765625
-0.44317626953125 0.342987060546875 0.21185302734375 0.0727691650390625
-0.461090087890625 0.275146484375 -0.26556396484375 0.00715637207031253
-0.388458251953125 0.317047119140625 -0.112022399902344 0.0642166137695313
-0.30950927734375 0.37469482421875 0.00294876098632811 -0.0387191772460937
-0.110107421875 0.42431640625 -0.0109100341796875 -0.111274719238281
0.059967041015625 0.383636474609375 -0.0998382568359375 -0.141448974609375
0.252227783203125 0.325164794921875 -0.14208984375 -0.121353149414063
0.33563232421875 0.195831298828125 -0.171646118164062 -0.0760650634765625
0.326019287109375 0.17047119140625 -0.165191650390625 -0.057861328125
0.373291015625 0.180267333984375 -0.1588134765625 -0.053009033203125
0.3333740234375 0.253692626953125 -0.113754272460937 -0.0767898559570312
0.1951904296875 0.363311767578125 -0.0957794189453125 -0.0984725952148437
0.0792236328125 0.4056396484375 -0.0242919921875 -0.09112548828125
-0.193084716796875 0.397979736328125 0.0295219421386719 -0.0397796630859375
-0.3447265625 0.37457275390625 0.0600357055664062 0.0910873413085938
-0.402862548828125 0.31207275390625 0.04052734375 0.15313720703125
-0.319732666015625 0.22430419921875 -0.40106201171875 0.091094970703125
-0.255325317382813 0.240951538085938 -0.196273803710938 0.141387939453125
-0.1917724609375 0.259353637695313 -0.0280284881591797 -0.000307083129882793
-0.064239501953125 0.2850341796875 -0.0523147583007813 -0.114578247070312
0.050018310546875 0.261062622070313 -0.146743774414063 -0.163314819335937
0.1900634765625 0.228347778320313 -0.234527587890625 -0.151840209960938
0.246139526367187 0.137649536132813 -0.29266357421875 -0.0962219238281249
0.241546630859375 0.118728637695313 -0.285247802734375 -0.07122802734375
0.274520874023438 0.133712768554688 -0.270584106445313 -0.0812835693359375
0.231399536132813 0.19183349609375 -0.203887939453125 -0.123809814453125
0.117141723632812 0.2659912109375 -0.139244079589844 -0.134117126464844
0.035400390625 0.278305053710938 -0.0467605590820313 -0.102272033691406
-0.147628784179687 0.265716552734375 0.00141263008117675 -0.00423336029052733
-0.248428344726562 0.268386840820313 -0.0226287841796875 0.170059204101563
-0.29571533203125 0.242767333984375 -0.117599487304688 0.212600708007813
-0.132209777832031 0.1268310546875 -0.493896484375 0.15277099609375
-0.104141235351563 0.10693359375 -0.257675170898438 0.193634033203125
-0.0775375366210938 0.0932693481445313 -0.0537796020507813 0.0407905578613281
-0.0385513305664063 0.108131408691406 -0.0872802734375 -0.0955429077148438
0.0131072998046875 0.112861633300781 -0.173736572265625 -0.156112670898438
0.08831787109375 0.109169006347656 -0.294097900390625 -0.152130126953125
0.115592956542969 0.065093994140625 -0.371612548828125 -0.0939025878906249
0.118736267089844 0.0491867065429688 -0.360076904296875 -0.0728454589843751
0.138313293457031 0.0623931884765625 -0.337249755859375 -0.10211181640625
0.108512878417969 0.090484619140625 -0.254714965820313 -0.160491943359375
0.0441131591796875 0.1204833984375 -0.150360107421875 -0.155548095703125
0.0172576904296875 0.109687805175781 -0.05133056640625 -0.101890563964844
-0.0495834350585937 0.115425109863281 -0.0213184356689453 0.0286026000976563
-0.095672607421875 0.150146484375 -0.0948028564453125 0.2183837890625
-0.13775634765625 0.15362548828125 -0.238922119140625 0.245651245117187
-0.0659370422363281 -0.05126953125 0.230377197265625 -0.310333251953125
-0.11981201171875 -0.0346603393554687 0.109359741210937 -0.250442504882813
-0.108963012695313 0.0414047241210937 -0.0184288024902344 -0.0507736206054688
-0.0513076782226562 0.0699310302734375 0.027618408203125 0.0891265869140625
-0.0211181640625 0.0679473876953125 0.11053466796875 0.156341552734375
0.00586318969726562 0.0513534545898438 0.269195556640625 0.155914306640625
0.0345954895019531 0.0348262786865234 0.3721923828125 0.0848388671875
0.0280933380126953 0.0301628112792969 0.377777099609375 0.03411865234375
0.0234928131103516 0.0138473510742188 0.37481689453125 0.05108642578125
0.0393295288085938 0.00772857666015625 0.31689453125 0.115997314453125
0.0545730590820313 0.02081298828125 0.20159912109375 0.100555419921875
0.0449409484863281 0.0552406311035156 0.118072509765625 0.03955078125
0.00137329101562499 0.0762252807617188 0.135612487792969 -0.0772552490234375
-0.0297126770019531 0.040069580078125 0.274383544921875 -0.242767333984375
-0.00482320785522461 0.00380516052246094 0.55908203125 -0.16070556640625
-0.24932861328125 0.0623931884765625 0.222930908203125 -0.292266845703125
-0.264633178710938 0.08062744140625 0.127593994140625 -0.236068725585938
-0.23797607421875 0.177230834960938 -0.000427246093750008 -0.0800933837890625
-0.102859497070312 0.233551025390625 0.0278892517089844 0.0518836975097656
0.00234985351562499 0.2196044921875 0.0786895751953125 0.122222900390625
0.11273193359375 0.175750732421875 0.2313232421875 0.131744384765625
0.175277709960938 0.10406494140625 0.3331298828125 0.069610595703125
0.163955688476563 0.09002685546875 0.339447021484375 0.0155029296875
0.178375244140625 0.0765533447265625 0.337127685546875 0.0283203125
0.1766357421875 0.098602294921875 0.29693603515625 0.081085205078125
0.140182495117188 0.1561279296875 0.181915283203125 0.0621185302734375
0.08685302734375 0.211593627929687 0.110908508300781 0.00585174560546876
-0.0644073486328125 0.23968505859375 0.130210876464844 -0.106040954589844
-0.16546630859375 0.204574584960937 0.272720336914063 -0.244003295898438
-0.16998291015625 0.139785766601563 0.548431396484375 -0.1568603515625
-0.400177001953125 0.164764404296875 0.154983520507813 -0.246841430664063
-0.381439208984375 0.1890869140625 0.110382080078125 -0.193313598632813
-0.34149169921875 0.295928955078125 0.0163726806640625 -0.0970840454101562
-0.144500732421875 0.373291015625 0.0324440002441406 0.00318145751953127
0.022247314453125 0.34564208984375 0.0436553955078125 0.0606803894042969
0.200164794921875 0.28192138671875 0.163070678710938 0.0797882080078125
0.289306640625 0.161285400390625 0.243484497070313 0.039794921875
0.276779174804688 0.137039184570313 0.249908447265625 -0.00334167480468749
0.310150146484375 0.124481201171875 0.2501220703125 0.00621032714843751
0.299285888671875 0.17010498046875 0.232208251953125 0.0412445068359375
0.22003173828125 0.269149780273438 0.133110046386719 0.0198974609375
0.131561279296875 0.340576171875 0.0885086059570313 -0.0260086059570312
-0.1099853515625 0.377777099609375 0.112480163574219 -0.115875244140625
-0.265655517578125 0.3453369140625 0.246429443359375 -0.202529907226563
-0.302032470703125 0.258453369140625 0.483001708984375 -0.11163330078125
-0.48846435546875 0.252960205078125 0.0403594970703125 -0.176849365234375
-0.44439697265625 0.285369873046875 0.0595626831054687 -0.123008728027344
-0.383270263671875 0.3917236328125 0.0269699096679687 -0.0961380004882812
-0.1510009765625 0.468658447265625 0.0326614379882812 -0.0480461120605468
0.048675537109375 0.4248046875 0.00225257873535157 -0.0144052505493164
0.263397216796875 0.34576416015625 0.0708847045898438 0.00966644287109377
0.3612060546875 0.193817138671875 0.117561340332031 0.000320434570312512
0.348388671875 0.163177490234375 0.123344421386719 -0.0228042602539062
0.396331787109375 0.15301513671875 0.125885009765625 -0.0120849609375
0.378997802734375 0.216796875 0.130821228027344 0.00172424316406251
0.271209716796875 0.34442138671875 0.0604171752929688 -0.0218544006347656
0.1590576171875 0.425537109375 0.0529594421386719 -0.0541305541992187
-0.14007568359375 0.466949462890625 0.0878829956054687 -0.104873657226562
-0.325469970703125 0.435302734375 0.20062255859375 -0.123336791992187
-0.383697509765625 0.338836669921875 0.365478515625 -0.036834716796875
-0.50164794921875 0.30267333984375 -0.104560852050781 -0.085601806640625
-0.435821533203125 0.344085693359375 -0.0151290893554688 -0.031982421875
-0.35906982421875 0.432952880859375 0.0231857299804687 -0.0765457153320312
-0.123046875 0.49078369140625 0.0184326171875 -0.0914154052734375
0.07476806640625 0.433349609375 -0.0486831665039062 -0.085906982421875
0.2899169921875 0.351287841796875 -0.0377731323242187 -0.0607452392578125
0.37939453125 0.19561767578125 -0.0282325744628906 -0.0397071838378906
0.36627197265625 0.165771484375 -0.0224800109863281 -0.03961181640625
0.4195556640625 0.16058349609375 -0.0182762145996094 -0.0275230407714844
0.394500732421875 0.2352294921875 0.00714492797851565 -0.0357284545898437
0.2708740234375 0.371185302734375 -0.0239334106445312 -0.0589065551757812
0.150238037109375 0.445709228515625 0.010711669921875 -0.0749053955078125
-0.16015625 0.47637939453125 0.0605392456054687 -0.0760040283203125
-0.34307861328125 0.45086669921875 0.140457153320312 -0.0190353393554687
-0.409515380859375 0.3638916015625 0.216476440429687 0.056182861328125
-0.434722900390625 0.30279541015625 -0.2540283203125 0.0134429931640625
-0.358123779296875 0.336669921875 -0.0994415283203125 0.0616989135742188
-0.27532958984375 0.394989013671875 0.00375747680664061 -0.0446662902832031
-0.07568359375 0.425079345703125 -0.0150375366210938 -0.114906311035156
0.086761474609375 0.368499755859375 -0.104949951171875 -0.134574890136719
0.27099609375 0.299072265625 -0.146270751953125 -0.112319946289062
0.341644287109375 0.16436767578125 -0.171859741210937 -0.0683441162109375
0.33026123046875 0.141937255859375 -0.164718627929688 -0.0513153076171875
0.376861572265625 0.145355224609375 -0.156219482421875 -0.044921875
0.34466552734375 0.219512939453125 -0.111480712890625 -0.0730743408203125
0.219818115234375 0.339080810546875 -0.0977020263671875 -0.0940628051757812
0.1075439453125 0.3900146484375 -0.027435302734375 -0.0894622802734375
-0.160888671875 0.40484619140625 0.0318031311035156 -0.0393218994140625
-0.311553955078125 0.3948974609375 0.068267822265625 0.0857086181640625
-0.372100830078125 0.3316650390625 0.0541839599609375 0.145584106445313
-0.30029296875 0.245513916015625 -0.38360595703125 0.105133056640625
-0.233673095703125 0.257583618164063 -0.17718505859375 0.142669677734375
-0.167892456054688 0.27655029296875 -0.0237464904785156 -0.0053882598876953
-0.03826904296875 0.28729248046875 -0.0565872192382813 -0.114509582519531
0.0710601806640625 0.251007080078125 -0.152786254882812 -0.15130615234375
0.205429077148438 0.206954956054688 -0.237930297851563 -0.134170532226563
0.251144409179688 0.112640380859375 -0.29107666015625 -0.0790100097656251
0.244277954101563 0.095367431640625 -0.281402587890625 -0.05584716796875
0.277755737304688 0.106277465820312 -0.267486572265625 -0.0633087158203125
0.242050170898437 0.165863037109375 -0.202987670898437 -0.11053466796875
0.137863159179688 0.24896240234375 -0.143112182617187 -0.1240234375
0.058013916015625 0.269241333007813 -0.0505752563476563 -0.0977554321289062
-0.122787475585938 0.273452758789063 0.00533485412597655 -0.0025510787963867
-0.222381591796875 0.285003662109375 -0.00720214843750001 0.167587280273438
-0.273269653320313 0.260330200195313 -0.097686767578125 0.214279174804688
-0.125526428222656 0.139190673828125 -0.471282958984375 0.171295166015625
-0.0967254638671875 0.118446350097656 -0.235015869140625 0.198623657226563
-0.0694198608398438 0.106727600097656 -0.0483779907226563 0.0363235473632813
-0.025482177734375 0.11358642578125 -0.0912857055664062 -0.09228515625
0.0257339477539063 0.109031677246094 -0.1805419921875 -0.141098022460938
0.0985336303710938 0.0985336303710938 -0.296539306640625 -0.129547119140625
0.119651794433594 0.0505218505859375 -0.367950439453125 -0.068389892578125
0.121994018554688 0.034759521484375 -0.354339599609375 -0.05010986328125
0.140579223632813 0.044952392578125 -0.3331298828125 -0.0781860351562501
0.115409851074219 0.0745697021484375 -0.254959106445313 -0.1405029296875
0.0569534301757813 0.1107177734375 -0.15533447265625 -0.141860961914063
0.0298614501953125 0.105010986328125 -0.055908203125 -0.0960540771484375
-0.0354385375976563 0.120651245117188 -0.0153083801269531 0.0310955047607422
-0.0799560546875 0.16021728515625 -0.075469970703125 0.219573974609375
-0.124191284179687 0.165451049804688 -0.21527099609375 0.256423950195313
-0.0651130676269531 -0.0574073791503906 0.21636962890625 -0.318084716796875
-0.124885559082031 -0.0371170043945312 0.095306396484375 -0.252716064453125
-0.114898681640625 0.0410690307617187 -0.0217781066894531 -0.0500869750976563
-0.0569000244140625 0.07244873046875 0.0282821655273437 0.0852737426757813
-0.0232315063476563 0.0736160278320313 0.11151123046875 0.147415161132813
0.00539398193359375 0.0581398010253906 0.267501831054687 0.1409912109375
0.0339279174804688 0.0390281677246094 0.3677978515625 0.067230224609375
0.0264759063720703 0.0332622528076172 0.37152099609375 0.017120361328125
0.0208988189697266 0.0184345245361328 0.370391845703125 0.032257080078125
0.0330638885498047 0.00836372375488281 0.318084716796875 0.098663330078125
0.048797607421875 0.0167198181152344 0.207015991210938 0.09027099609375
0.0430641174316406 0.0489578247070312 0.121955871582031 0.036712646484375
0.00453567504882812 0.0674057006835938 0.131309509277344 -0.0769882202148437
-0.0249538421630859 0.0326595306396484 0.257034301757813 -0.244964599609375
-0.00102400779724121 -0.00318002700805664 0.5450439453125 -0.173065185546875
-0.240493774414063 0.0628967285156251 0.210113525390625 -0.30267333984375
-0.261489868164063 0.08203125 0.11541748046875 -0.241912841796875
-0.235031127929687 0.181732177734375 -0.00443267822265627 -0.0812530517578125
-0.099639892578125 0.236480712890625 0.0277824401855469 0.0455589294433594
0.00613403320312501 0.220672607421875 0.079254150390625 0.112876892089844
0.116241455078125 0.175613403320313 0.2286376953125 0.117019653320312
0.175186157226562 0.100296020507813 0.328216552734375 0.05206298828125
0.163070678710938 0.085845947265625 0.333404541015625 -0.00119018554687499
0.176681518554688 0.0716552734375 0.333648681640625 0.00970458984375001
0.17449951171875 0.0902862548828125 0.298248291015625 0.062255859375
0.141525268554688 0.146316528320312 0.18603515625 0.050445556640625
0.09307861328125 0.202178955078125 0.11444091796875 0.00221252441406251
-0.0536041259765625 0.233810424804688 0.1270751953125 -0.105422973632813
-0.15252685546875 0.203369140625 0.259353637695313 -0.246551513671875
-0.159225463867188 0.138717651367187 0.539093017578125 -0.17230224609375
-0.384063720703125 0.17364501953125 0.146743774414062 -0.25799560546875
-0.3709716796875 0.194580078125 0.101364135742187 -0.202255249023437
-0.32928466796875 0.305908203125 0.0125045776367187 -0.100410461425781
-0.133209228515625 0.375518798828125 0.0316238403320312 -0.00446319580078123
0.03143310546875 0.3431396484375 0.0427970886230469 0.0526580810546875
0.208480834960938 0.274459838867188 0.159957885742188 0.0675048828125
0.28997802734375 0.149505615234375 0.2396240234375 0.0248260498046875
0.276443481445313 0.126083374023438 0.244308471679688 -0.01898193359375
0.309661865234375 0.110626220703125 0.247848510742188 -0.010040283203125
0.299652099609375 0.15374755859375 0.234573364257813 0.024169921875
0.227798461914063 0.254409790039063 0.136459350585938 0.00907135009765627
0.143402099609375 0.329437255859375 0.0911026000976563 -0.0305023193359375
-0.092193603515625 0.375 0.111137390136719 -0.115196228027344
-0.24609375 0.349884033203125 0.237457275390625 -0.2059326171875
-0.285614013671875 0.26318359375 0.47637939453125 -0.12957763671875
-0.469818115234375 0.2659912109375 0.0363922119140625 -0.1856689453125
-0.4254150390625 0.294219970703125 0.0558013916015625 -0.132293701171875
-0.3651123046875 0.40582275390625 0.0239791870117187 -0.101295471191406
-0.1304931640625 0.470733642578125 0.031036376953125 -0.0567474365234375
0.063140869140625 0.417022705078125 0.000305175781250004 -0.0201950073242187
0.274627685546875 0.33197021484375 0.0670852661132813 0.00123596191406252
0.363677978515625 0.176239013671875 0.113563537597656 -0.0104827880859375
0.349517822265625 0.146514892578125 0.118927001953125 -0.0336456298828125
0.395965576171875 0.132049560546875 0.124298095703125 -0.0226287841796875
0.383056640625 0.194305419921875 0.132156372070313 -0.01220703125
0.28411865234375 0.326904296875 0.062103271484375 -0.0296821594238281
0.175689697265625 0.412322998046875 0.0543785095214844 -0.0578956604003906
-0.118896484375 0.466949462890625 0.089019775390625 -0.104591369628906
-0.302490234375 0.444793701171875 0.197402954101562 -0.127700805664062
-0.36468505859375 0.34649658203125 0.36578369140625 -0.052093505859375
-0.481231689453125 0.319183349609375 -0.102470397949219 -0.0913314819335937
-0.413421630859375 0.355560302734375 -0.0122261047363282 -0.0405082702636719
-0.33258056640625 0.4495849609375 0.022308349609375 -0.08294677734375
-0.0992431640625 0.49200439453125 0.0159683227539062 -0.098876953125
0.092864990234375 0.42352294921875 -0.0520706176757812 -0.0883560180664062
0.303558349609375 0.333526611328125 -0.0415687561035156 -0.0623664855957031
0.382080078125 0.17401123046875 -0.0309715270996094 -0.0439682006835937
0.367919921875 0.146728515625 -0.0245819091796875 -0.0443382263183594
0.420684814453125 0.1365966796875 -0.0173492431640625 -0.0318145751953125
0.4012451171875 0.2095947265625 0.00928497314453127 -0.0436286926269531
0.28741455078125 0.352783203125 -0.0242805480957031 -0.0632057189941406
0.1710205078125 0.432373046875 0.0103988647460938 -0.0776901245117187
-0.137451171875 0.4810791015625 0.062957763671875 -0.0771102905273437
-0.318511962890625 0.464630126953125 0.142257690429687 -0.024017333984375
-0.388885498046875 0.3739013671875 0.221755981445312 0.0449066162109375
-0.41583251953125 0.319793701171875 -0.246871948242188 0.0128326416015625
-0.33770751953125 0.351470947265625 -0.0908584594726563 0.0559234619140625
-0.24957275390625 0.4111328125 0.00458908081054686 -0.05145263671875
-0.05169677734375 0.425933837890625 -0.01776123046875 -0.121414184570312
0.10443115234375 0.358551025390625 -0.108306884765625 -0.132843017578125
0.283172607421875 0.280242919921875 -0.150192260742187 -0.107940673828125
0.344451904296875 0.14361572265625 -0.173492431640625 -0.0658111572265625
0.332061767578125 0.12255859375 -0.16485595703125 -0.0492095947265625
0.378662109375 0.122344970703125 -0.154556274414062 -0.042449951171875
0.352020263671875 0.19488525390625 -0.110191345214844 -0.0744781494140625
0.236297607421875 0.323028564453125 -0.0996627807617187 -0.0935745239257813
0.127532958984375 0.380767822265625 -0.0291290283203125 -0.0902099609375
-0.139678955078125 0.411285400390625 0.0358009338378906 -0.039459228515625
-0.288726806640625 0.40875244140625 0.0750350952148437 0.0809097290039063
-0.3544921875 0.344635009765625 0.0647048950195312 0.139427185058594
-0.28912353515625 0.261444091796875 -0.372222900390625 0.10888671875
-0.220748901367188 0.270675659179688 -0.164230346679688 0.1396484375
-0.149810791015625 0.29168701171875 -0.0219955444335938 -0.0117130279541015
-0.019134521484375 0.29083251953125 -0.0600967407226562 -0.117950439453125
0.0858612060546875 0.243438720703125 -0.156753540039063 -0.1451416015625
0.21624755859375 0.192398071289063 -0.240997314453125 -0.124374389648437
0.254653930664063 0.094390869140625 -0.290435791015625 -0.0690612792968751
0.246307373046875 0.0789947509765625 -0.279953002929688 -0.0467376708984375
0.280197143554688 0.0860748291015625 -0.26458740234375 -0.0547027587890625
0.249404907226563 0.144546508789063 -0.2020263671875 -0.105621337890625
0.152923583984375 0.235977172851562 -0.145309448242188 -0.119827270507812
0.07403564453125 0.2615966796875 -0.0526046752929687 -0.0960540771484375
-0.104965209960938 0.280059814453125 0.0103893280029297 -0.00181961059570311
-0.204071044921875 0.29949951171875 0.003753662109375 0.1656494140625
-0.258682250976563 0.272857666015625 -0.0839385986328125 0.214523315429688
-0.122299194335937 0.15069580078125 -0.459075927734375 0.179779052734375
-0.0926742553710937 0.128707885742188 -0.220932006835938 0.1982421875
-0.0600967407226562 0.119407653808594 -0.0467605590820313 0.0294609069824219
-0.0135498046875 0.118789672851563 -0.0950241088867188 -0.0926284790039062
0.03594970703125 0.106529235839844 -0.184478759765625 -0.132659912109375
0.107269287109375 0.0898284912109375 -0.298126220703125 -0.11480712890625
0.123252868652344 0.0391082763671875 -0.36572265625 -0.053741455078125
0.123481750488281 0.023529052734375 -0.351806640625 -0.0361328124999999
0.142196655273438 0.0308074951171875 -0.329437255859375 -0.063720703125
0.120254516601563 0.060760498046875 -0.254409790039063 -0.1295166015625
0.0669631958007813 0.102981567382813 -0.157272338867188 -0.133941650390625
0.0402755737304687 0.100006103515625 -0.0579071044921875 -0.0925140380859375
-0.022796630859375 0.124656677246094 -0.00973892211914063 0.0327739715576172
-0.067108154296875 0.170730590820312 -0.061370849609375 0.220932006835937
-0.11468505859375 0.175369262695313 -0.199966430664062 0.263641357421875
-0.0664482116699219 -0.0674018859863281 0.207794189453125 -0.331573486328125
-0.135055541992188 -0.040740966796875 0.0847930908203125 -0.26043701171875
-0.125114440917969 0.0433425903320313 -0.0255775451660156 -0.0501976013183594
-0.0643768310546875 0.0786285400390625 0.0290451049804687 0.0832138061523438
-0.0260086059570313 0.08251953125 0.113662719726563 0.143035888671875
0.0058746337890625 0.0670623779296875 0.270263671875 0.1314697265625
0.0351791381835938 0.0465583801269531 0.371490478515625 0.054351806640625
0.0264739990234375 0.0392112731933594 0.373748779296875 0.00274658203125
0.0189285278320313 0.0240306854248047 0.37335205078125 0.016448974609375
0.0282115936279297 0.0112838745117188 0.325958251953125 0.0859375
0.0427131652832031 0.0143089294433594 0.216842651367188 0.081695556640625
0.0398788452148438 0.0441665649414063 0.12835693359375 0.0347900390625
0.00614547729492188 0.0590896606445312 0.130599975585938 -0.07745361328125
-0.0227165222167969 0.0245990753173828 0.248504638671875 -0.248519897460938
0.00290966033935547 -0.0114383697509766 0.546417236328125 -0.185546875
-0.239334106445313 0.060791015625 0.204376220703125 -0.318572998046875
-0.267593383789063 0.0831146240234376 0.106658935546875 -0.252670288085938
-0.24053955078125 0.190811157226562 -0.00815582275390627 -0.0844879150390625
-0.100616455078125 0.2457275390625 0.027008056640625 0.0411262512207031
0.00921630859375001 0.228546142578125 0.079376220703125 0.108314514160156
0.122695922851563 0.180099487304688 0.229385375976563 0.107528686523438
0.18011474609375 0.10101318359375 0.330535888671875 0.03863525390625
0.166000366210938 0.0862884521484375 0.333465576171875 -0.01678466796875
0.1785888671875 0.0702362060546875 0.33612060546875 -0.00689697265624999
0.174407958984375 0.0863037109375 0.3056640625 0.0457763671875
0.14349365234375 0.140945434570313 0.19427490234375 0.0399627685546875
0.0968780517578125 0.197540283203125 0.121147155761719 -0.00204467773437499
-0.0458831787109375 0.232101440429688 0.129119873046875 -0.106697082519531
-0.143478393554688 0.203933715820312 0.253677368164063 -0.252471923828125
-0.15234375 0.138275146484375 0.54241943359375 -0.1890869140625
-0.37860107421875 0.18109130859375 0.141311645507812 -0.274658203125
-0.3702392578125 0.201202392578125 0.0947570800781249 -0.2142333984375
-0.3272705078125 0.319610595703125 0.00888824462890622 -0.106674194335938
-0.126190185546875 0.3861083984375 0.0300045013427734 -0.0129108428955078
0.039642333984375 0.34967041015625 0.0411415100097656 0.0464019775390625
0.219711303710938 0.274932861328125 0.158584594726563 0.0582733154296875
0.297088623046875 0.144622802734375 0.23919677734375 0.0117340087890625
0.28173828125 0.12091064453125 0.24383544921875 -0.0328826904296875
0.314361572265625 0.1016845703125 0.249557495117188 -0.024505615234375
0.304779052734375 0.143096923828125 0.239578247070313 0.00765991210937501
0.236846923828125 0.246383666992188 0.141769409179688 -0.00169372558593749
0.1546630859375 0.3253173828125 0.0966110229492188 -0.0357437133789062
-0.0799560546875 0.37969970703125 0.115684509277344 -0.117256164550781
-0.233489990234375 0.359405517578125 0.236099243164063 -0.213531494140625
-0.2764892578125 0.269638061523438 0.484130859375 -0.146026611328125
-0.463043212890625 0.280792236328125 0.0337371826171875 -0.20135498046875
-0.421142578125 0.306182861328125 0.0529937744140625 -0.144363403320312
-0.353912353515625 0.4237060546875 0.0209503173828125 -0.109321594238281
-0.1168212890625 0.481170654296875 0.0285797119140625 -0.067352294921875
0.075469970703125 0.4210205078125 -0.00305747985839843 -0.0267677307128906
0.290252685546875 0.326904296875 0.063079833984375 -0.00622177124023435
0.372314453125 0.165557861328125 0.111404418945313 -0.0208053588867187
0.356903076171875 0.136077880859375 0.117050170898438 -0.0445938110351562
0.40447998046875 0.118438720703125 0.125656127929688 -0.0346221923828125
0.393341064453125 0.17889404296875 0.135429382324219 -0.0266189575195312
0.2998046875 0.31756591796875 0.0645828247070313 -0.0394973754882812
0.192779541015625 0.409942626953125 0.0579490661621094 -0.0629997253417968
-0.102630615234375 0.47589111328125 0.0943984985351563 -0.107376098632812
-0.28631591796875 0.461212158203125 0.200180053710937 -0.135040283203125
-0.35516357421875 0.359130859375 0.3743896484375 -0.06768798828125
-0.472991943359375 0.341033935546875 -0.104255676269531 -0.102645874023437
-0.40496826171875 0.3740234375 -0.0115013122558594 -0.0512580871582031
-0.3165283203125 0.4716796875 0.02081298828125 -0.0928115844726562
-0.078826904296875 0.5030517578125 0.0128250122070312 -0.111198425292969
0.10870361328125 0.4234619140625 -0.0566329956054687 -0.0933303833007812
0.3204345703125 0.323150634765625 -0.0471649169921875 -0.0676727294921875
0.391571044921875 0.15899658203125 -0.0355377197265625 -0.049591064453125
0.3760986328125 0.132232666015625 -0.028167724609375 -0.0502471923828125
0.429595947265625 0.118865966796875 -0.0175399780273437 -0.0384063720703125
0.414306640625 0.19097900390625 0.00966262817382815 -0.0537681579589844
0.307037353515625 0.343963623046875 -0.0251426696777344 -0.069610595703125
0.191375732421875 0.4306640625 0.01019287109375 -0.082550048828125
-0.119293212890625 0.4942626953125 0.069091796875 -0.0803909301757812
-0.30242919921875 0.48541259765625 0.148468017578125 -0.0302581787109375
-0.380706787109375 0.391326904296875 0.2322998046875 0.03424072265625
-0.409576416015625 0.343597412109375 -0.247894287109375 0.00819396972656247
-0.327789306640625 0.369964599609375 -0.086700439453125 0.048065185546875
-0.23248291015625 0.433319091796875 0.00432586669921874 -0.0610275268554687
-0.030609130859375 0.436431884765625 -0.0217056274414063 -0.131828308105469
0.122344970703125 0.356689453125 -0.11505126953125 -0.135604858398438
0.301025390625 0.268707275390625 -0.156707763671875 -0.107955932617188
0.353607177734375 0.127044677734375 -0.178573608398437 -0.0656280517578125
0.340240478515625 0.108001708984375 -0.1695556640625 -0.0502166748046875
0.386810302734375 0.1025390625 -0.155853271484375 -0.0432586669921875
0.3643798828125 0.174957275390625 -0.11199951171875 -0.080108642578125
0.256195068359375 0.313262939453125 -0.103057861328125 -0.096923828125
0.146697998046875 0.378265380859375 -0.0308074951171875 -0.0933837890625
-0.121673583984375 0.4248046875 0.0418434143066406 -0.0420112609863281
-0.2730712890625 0.43048095703125 0.083740234375 0.0775222778320313
-0.345428466796875 0.363067626953125 0.0756301879882812 0.134536743164063
-0.28497314453125 0.28253173828125 -0.37225341796875 0.112548828125
-0.2125244140625 0.2886962890625 -0.157913208007813 0.135910034179688
-0.133636474609375 0.31005859375 -0.0217037200927734 -0.0207042694091797
-6.10351562499749E-05 0.298248291015625 -0.0655364990234375 -0.124732971191406
0.101028442382812 0.24072265625 -0.163528442382812 -0.144393920898437
0.231063842773438 0.181549072265625 -0.247772216796875 -0.119461059570312
0.262100219726563 0.0794677734375 -0.2972412109375 -0.062835693359375
0.252822875976563 0.064788818359375 -0.2847900390625 -0.0421752929687499
0.286712646484375 0.069091796875 -0.267913818359375 -0.0500793457031249
0.25860595703125 0.127716064453125 -0.205764770507812 -0.1058349609375
0.169082641601563 0.227554321289063 -0.15081787109375 -0.119247436523437
0.09063720703125 0.25848388671875 -0.05511474609375 -0.0977935791015625
-0.088623046875 0.291656494140625 0.0161685943603516 -0.00269222259521483
-0.18890380859375 0.318115234375 0.014312744140625 0.16595458984375
-0.2508544921875 0.28997802734375 -0.0736541748046875 0.217269897460938
-0.12139892578125 0.165679931640625 -0.45977783203125 0.188232421875
-0.0900115966796875 0.142593383789063 -0.215423583984375 0.19927978515625
-0.0507965087890625 0.1329345703125 -0.048004150390625 0.0226058959960938
-0.000839233398437509 0.125511169433594 -0.101776123046875 -0.095977783203125
0.0467300415039063 0.105171203613281 -0.192733764648437 -0.127960205078125
0.117218017578125 0.0822372436523438 -0.3055419921875 -0.10546875
0.128486633300781 0.0266189575195313 -0.37017822265625 -0.042510986328125
0.126541137695313 0.0119476318359375 -0.35528564453125 -0.02667236328125
0.144821166992188 0.0173797607421875 -0.33282470703125 -0.05474853515625
0.125984191894531 0.0476837158203125 -0.259017944335937 -0.125350952148438
0.0771942138671875 0.0955429077148438 -0.1622314453125 -0.130783081054688
0.0521621704101563 0.0956268310546875 -0.0593185424804687 -0.091644287109375
-0.00961303710937501 0.130996704101562 -0.00360679626464844 0.0341148376464844
-0.0535888671875 0.183486938476563 -0.0493621826171875 0.225265502929688
-0.108001708984375 0.189422607421875 -0.19073486328125 0.273117065429688
-0.0727081298828125 -0.078765869140625 0.1956787109375 -0.35589599609375
-0.150970458984375 -0.04278564453125 0.0705413818359375 -0.272598266601563
-0.138198852539063 0.0511703491210938 -0.0307426452636719 -0.0504035949707031
-0.0718765258789062 0.0890655517578125 0.0304489135742188 0.0837554931640625
-0.0268402099609375 0.0951156616210938 0.11907958984375 0.141220092773438
0.009765625 0.0785293579101563 0.2794189453125 0.121826171875
0.0402069091796875 0.0552711486816406 0.3819580078125 0.0374755859375
0.0282821655273437 0.046112060546875 0.381134033203125 -0.017120361328125
0.0196552276611328 0.0318164825439453 0.38226318359375 -0.00433349609375
0.0233211517333984 0.0164928436279297 0.33953857421875 0.067138671875
0.0363578796386719 0.0133857727050781 0.231109619140625 0.0693206787109375
0.0360183715820313 0.0397529602050781 0.1396484375 0.0297622680664063
0.0062255859375 0.0503082275390625 0.132034301757813 -0.0798110961914063
-0.0221843719482422 0.0148849487304688 0.240966796875 -0.259902954101563
0.00520896911621094 -0.0222434997558594 0.5548095703125 -0.20989990234375
-0.241607666015625 0.062103271484375 0.19244384765625 -0.344696044921875
-0.278060913085938 0.09063720703125 0.0931549072265625 -0.268844604492188
-0.24652099609375 0.207061767578125 -0.0147628784179688 -0.0888900756835937
-0.0991058349609375 0.261917114257813 0.02618408203125 0.0359153747558594
0.0163726806640625 0.242324829101563 0.0816192626953125 0.103294372558594
0.136032104492188 0.18719482421875 0.23492431640625 0.096405029296875
0.18975830078125 0.102279663085938 0.337371826171875 0.0201416015625
0.173355102539062 0.0858917236328125 0.3385009765625 -0.03790283203125
0.1851806640625 0.0690155029296875 0.34295654296875 -0.029144287109375
0.178482055664063 0.082794189453125 0.31695556640625 0.0242919921875
0.1478271484375 0.1365966796875 0.205673217773438 0.0250396728515625
0.105422973632812 0.19415283203125 0.130516052246094 -0.00927734374999999
-0.0367431640625 0.232940673828125 0.13299560546875 -0.111984252929687
-0.135726928710938 0.208206176757813 0.249160766601563 -0.265945434570313
-0.146286010742188 0.140029907226562 0.5537109375 -0.216552734375
-0.379241943359375 0.195281982421875 0.132293701171875 -0.301239013671875
-0.375152587890625 0.21673583984375 0.083038330078125 -0.23162841796875
-0.324798583984375 0.343536376953125 0.00170898437499999 -0.1151123046875
-0.115997314453125 0.406402587890625 0.0256175994873047 -0.0229454040527344
0.05377197265625 0.36212158203125 0.039398193359375 0.0400161743164063
0.240509033203125 0.276397705078125 0.158798217773438 0.0473785400390625
0.312408447265625 0.138641357421875 0.241943359375 -0.00433349609374999
0.294677734375 0.11309814453125 0.245101928710938 -0.05145263671875
0.327056884765625 0.091461181640625 0.253173828125 -0.0452423095703125
0.3165283203125 0.130645751953125 0.247268676757813 -0.0143585205078125
0.252288818359375 0.239273071289062 0.1492919921875 -0.0169677734375
0.1741943359375 0.324188232421875 0.103309631347656 -0.044769287109375
-0.06304931640625 0.38995361328125 0.121566772460938 -0.1246337890625
-0.217742919921875 0.376251220703125 0.237197875976563 -0.2283935546875
-0.267608642578125 0.2838134765625 0.49664306640625 -0.174835205078125
-0.458038330078125 0.307220458984375 0.024658203125 -0.222793579101562
-0.417755126953125 0.3302001953125 0.0455780029296875 -0.161529541015625
-0.34136962890625 0.453369140625 0.015167236328125 -0.120460510253906
-0.096771240234375 0.50274658203125 0.02276611328125 -0.0808181762695312
0.09783935546875 0.430328369140625 -0.00878334045410156 -0.0341567993164062
0.3154296875 0.322174072265625 0.0595741271972656 -0.0142860412597656
0.389007568359375 0.15234375 0.109359741210938 -0.0331649780273437
0.371246337890625 0.122406005859375 0.115135192871094 -0.058807373046875
0.419952392578125 0.099609375 0.126548767089844 -0.0499343872070313
0.409912109375 0.159637451171875 0.138557434082031 -0.0458602905273437
0.3243408203125 0.30914306640625 0.0656013488769531 -0.0529289245605469
0.2191162109375 0.409942626953125 0.061004638671875 -0.07275390625
-0.0802001953125001 0.49383544921875 0.101089477539063 -0.116241455078125
-0.267120361328125 0.4869384765625 0.205245971679687 -0.148788452148437
-0.345733642578125 0.381927490234375 0.38946533203125 -0.0919189453125
-0.466033935546875 0.3743896484375 -0.111869812011719 -0.114654541015625
-0.395263671875 0.40228271484375 -0.0141029357910157 -0.0638580322265625
-0.295166015625 0.502899169921875 0.0158309936523437 -0.104507446289062
-0.0517578125 0.520477294921875 0.00490570068359375 -0.126182556152344
0.134063720703125 0.428802490234375 -0.06683349609375 -0.100189208984375
0.3482666015625 0.313995361328125 -0.0560684204101562 -0.0722274780273437
0.409515380859375 0.141448974609375 -0.0421257019042968 -0.0559501647949219
0.39276123046875 0.11444091796875 -0.0338516235351562 -0.0573272705078125
0.446319580078125 0.095703125 -0.0206680297851562 -0.047271728515625
0.433349609375 0.168060302734375 0.00759887695312503 -0.0678863525390625
0.33709716796875 0.332733154296875 -0.0287704467773437 -0.079132080078125
0.221588134765625 0.43157958984375 0.00998687744140626 -0.0901718139648437
-0.0931396484375 0.51519775390625 0.0758285522460938 -0.0885086059570312
-0.281097412109375 0.51690673828125 0.1571044921875 -0.0412445068359375
-0.3719482421875 0.41949462890625 0.247726440429687 0.0171051025390625
-0.401275634765625 0.379974365234375 -0.253646850585938 0.00646972656250005
-0.315155029296875 0.40045166015625 -0.08489990234375 0.04107666015625
-0.20697021484375 0.4625244140625 0.00154113769531248 -0.0726089477539062
0.000183105468750033 0.450286865234375 -0.0318603515625 -0.14501953125
0.147674560546875 0.357696533203125 -0.126686096191406 -0.139007568359375
0.325714111328125 0.25482177734375 -0.168548583984375 -0.107254028320312
0.36907958984375 0.10662841796875 -0.189071655273437 -0.0638580322265625
0.35400390625 0.087860107421875 -0.178192138671875 -0.04913330078125
0.401214599609375 0.0784912109375 -0.163482666015625 -0.0437164306640625
0.383270263671875 0.151397705078125 -0.118888854980469 -0.0866928100585937
0.284332275390625 0.303375244140625 -0.110893249511719 -0.100914001464844
0.176483154296875 0.378326416015625 -0.0340194702148437 -0.0981369018554687
-0.095672607421875 0.44610595703125 0.04803466796875 -0.0483360290527343
-0.250335693359375 0.4630126953125 0.0957107543945312 0.0714569091796875
-0.335418701171875 0.3931884765625 0.0902099609375 0.128631591796875
-0.27752685546875 0.314117431640625 -0.378082275390625 0.12109375
-0.200347900390625 0.314483642578125 -0.153656005859375 0.136688232421875
-0.111724853515625 0.334747314453125 -0.0251350402832031 -0.0294189453125
0.0272216796875 0.30889892578125 -0.0765533447265625 -0.133880615234375
0.122817993164062 0.240036010742188 -0.177398681640625 -0.143783569335937
0.251861572265625 0.1669921875 -0.2615966796875 -0.11212158203125
0.273101806640625 0.0594482421875 -0.30865478515625 -0.053497314453125
0.262115478515625 0.0454254150390625 -0.295135498046875 -0.03302001953125
0.295806884765625 0.0457763671875 -0.27618408203125 -0.0431976318359375
0.272491455078125 0.106338500976563 -0.216033935546875 -0.105575561523437
0.190216064453125 0.2171630859375 -0.160980224609375 -0.119232177734375
0.113693237304687 0.25628662109375 -0.0599441528320312 -0.100173950195312
-0.06744384765625 0.3065185546875 0.0237178802490234 -0.00587654113769529
-0.168243408203125 0.34423828125 0.0294189453125 0.166717529296875
-0.24127197265625 0.31573486328125 -0.06011962890625 0.223434448242188
-0.1181640625 0.188323974609375 -0.4671630859375 0.20892333984375
-0.08380126953125 0.161392211914063 -0.210983276367187 0.2060546875
-0.037750244140625 0.149200439453125 -0.0514144897460938 0.0176467895507813
0.0152359008789063 0.131988525390625 -0.113441467285156 -0.0993118286132813
0.0601806640625 0.104225158691406 -0.206344604492188 -0.122604370117188
0.131210327148438 0.0713653564453125 -0.3187255859375 -0.0916748046875
0.134735107421875 0.01202392578125 -0.383575439453125 -0.0262756347656249
0.130645751953125 -0.00301361083984375 -0.366424560546875 -0.01116943359375
0.148040771484375 0.0003204345703125 -0.343719482421875 -0.0430908203125
0.132087707519531 0.0308074951171875 -0.270309448242188 -0.119049072265625
0.0893707275390625 0.0856170654296875 -0.171890258789063 -0.1282958984375
0.0656661987304688 0.0898361206054688 -0.0627593994140625 -0.0921478271484375
0.00821685791015625 0.137351989746094 0.00508689880371094 0.0344295501708984
-0.03515625 0.198944091796875 -0.033935546875 0.232620239257813
-0.0972747802734376 0.208328247070313 -0.1781005859375 0.290069580078125
-0.08447265625 -0.0904159545898437 0.169647216796875 -0.38079833984375
-0.17071533203125 -0.036865234375 0.046142578125 -0.28424072265625
-0.151443481445313 0.0655670166015625 -0.0376052856445313 -0.04913330078125
-0.076446533203125 0.105545043945313 0.0336151123046875 0.08270263671875
-0.0224761962890625 0.111015319824219 0.127334594726563 0.13604736328125
0.0186386108398438 0.091064453125 0.2891845703125 0.104766845703125
0.0491905212402344 0.0630683898925781 0.391510009765625 0.01025390625
0.0337753295898437 0.05419921875 0.384521484375 -0.0455322265625
0.0230026245117188 0.041015625 0.387176513671875 -0.03472900390625
0.0208454132080078 0.0231342315673828 0.352294921875 0.03900146484375
0.0289115905761719 0.0144596099853516 0.244125366210938 0.0482940673828125
0.0306892395019531 0.0354576110839844 0.150680541992187 0.019378662109375
0.00461578369140625 0.04034423828125 0.133636474609375 -0.08544921875
-0.0250778198242187 0.00343704223632812 0.226791381835938 -0.27313232421875
0.0051422119140625 -0.0367088317871094 0.5570068359375 -0.248626708984375
-0.24578857421875 0.067596435546875 0.16680908203125 -0.375152587890625
-0.288970947265625 0.106292724609375 0.0699462890625 -0.285186767578125
-0.246826171875 0.232391357421875 -0.0253219604492188 -0.0921249389648437
-0.089874267578125 0.282989501953125 0.0240821838378906 0.0306186676025391
0.0318145751953125 0.256790161132813 0.0843276977539063 0.0970458984375
0.155349731445312 0.190689086914062 0.239669799804688 0.0814971923828125
0.205047607421875 0.0991363525390625 0.34130859375 -0.00674438476562499
0.184738159179688 0.0827178955078125 0.33831787109375 -0.066436767578125
0.193710327148437 0.0640411376953125 0.344940185546875 -0.060638427734375
0.183853149414063 0.075775146484375 0.32562255859375 -0.005828857421875
0.153656005859375 0.12994384765625 0.214813232421875 0.00241088867187501
0.115982055664063 0.187637329101562 0.139900207519531 -0.0221481323242187
-0.0235595703125 0.232513427734375 0.135223388671875 -0.121482849121094
-0.122802734375 0.212112426757812 0.23834228515625 -0.284576416015625
-0.137649536132813 0.14178466796875 0.556365966796875 -0.262054443359375
-0.373443603515625 0.21563720703125 0.108428955078125 -0.330047607421875
-0.374725341796875 0.240875244140625 0.0630340576171875 -0.250625610351563
-0.313812255859375 0.376068115234375 -0.00944519042968752 -0.122207641601563
-0.094146728515625 0.428680419921875 0.0191593170166016 -0.0324878692626953
0.079925537109375 0.372894287109375 0.0361328125 0.0333404541015625
0.268463134765625 0.269744873046875 0.15728759765625 0.03387451171875
0.33087158203125 0.1246337890625 0.241073608398438 -0.0267486572265625
0.309356689453125 0.098602294921875 0.2420654296875 -0.0768585205078125
0.340301513671875 0.0726318359375 0.252487182617188 -0.072723388671875
0.3291015625 0.11090087890625 0.25091552734375 -0.0438385009765625
0.2718505859375 0.225006103515625 0.152801513671875 -0.0380859375
0.198455810546875 0.315460205078125 0.109588623046875 -0.058746337890625
-0.036895751953125 0.39764404296875 0.124595642089844 -0.137474060058594
-0.193115234375 0.39239501953125 0.2313232421875 -0.2491455078125
-0.25274658203125 0.30023193359375 0.503570556640625 -0.219970703125
-0.444610595703125 0.339630126953125 0.00534057617187496 -0.244308471679687
-0.406280517578125 0.361785888671875 0.029998779296875 -0.179122924804687
-0.315521240234375 0.488037109375 0.00321960449218749 -0.131690979003906
-0.0636596679687501 0.521453857421875 0.0115127563476562 -0.0947189331054687
0.129852294921875 0.434967041015625 -0.0185165405273438 -0.0408248901367187
0.34771728515625 0.306915283203125 0.0514373779296875 -0.0240020751953125
0.408660888671875 0.12908935546875 0.103141784667969 -0.0480728149414063
0.38836669921875 0.09869384765625 0.108757019042969 -0.0756683349609375
0.434600830078125 0.070281982421875 0.12176513671875 -0.0693740844726563
0.4285888671875 0.1285400390625 0.136505126953125 -0.0692596435546875
0.354156494140625 0.288848876953125 0.0624008178710938 -0.0692710876464844
0.255340576171875 0.401153564453125 0.062103271484375 -0.0853195190429687
-0.04345703125 0.509368896484375 0.105201721191406 -0.130973815917969
-0.2325439453125 0.51495361328125 0.204788208007812 -0.170547485351562
-0.323944091796875 0.411163330078125 0.39849853515625 -0.12982177734375
-0.4462890625 0.4154052734375 -0.125274658203125 -0.125877380371094
-0.372161865234375 0.43768310546875 -0.0215682983398438 -0.0779495239257812
-0.2586669921875 0.536285400390625 0.00647735595703123 -0.117698669433594
-0.00848388671875001 0.535736083984375 -0.00976562499999999 -0.141189575195312
0.170196533203125 0.426849365234375 -0.0809249877929688 -0.10498046875
0.380859375 0.291473388671875 -0.06866455078125 -0.0748977661132812
0.427764892578125 0.1114501953125 -0.0527000427246093 -0.060516357421875
0.408935546875 0.08551025390625 -0.0425071716308594 -0.06396484375
0.461334228515625 0.059906005859375 -0.0274200439453125 -0.0554237365722656
0.453643798828125 0.131103515625 -0.000267028808593724 -0.082122802734375
0.369903564453125 0.309417724609375 -0.0375518798828125 -0.0882110595703125
0.2625732421875 0.422637939453125 0.00669097900390627 -0.0995025634765625
-0.052459716796875 0.536041259765625 0.080108642578125 -0.10205078125
-0.241729736328125 0.551513671875 0.16387939453125 -0.0586395263671875
-0.346954345703125 0.454986572265625 0.260940551757813 -0.00907897949218747
-0.380462646484375 0.423187255859375 -0.260818481445313 0.00953674316406255
-0.2872314453125 0.43701171875 -0.08428955078125 0.0348663330078125
-0.16583251953125 0.491851806640625 -0.00650024414062501 -0.0847015380859375
0.04449462890625 0.4586181640625 -0.0485076904296875 -0.157684326171875
0.181793212890625 0.350433349609375 -0.144256591796875 -0.138717651367187
0.3560791015625 0.22802734375 -0.184463500976562 -0.101211547851562
0.384124755859375 0.0755615234375 -0.201828002929688 -0.057098388671875
0.366180419921875 0.057220458984375 -0.188369750976562 -0.0436859130859375
0.412933349609375 0.042449951171875 -0.1724853515625 -0.04083251953125
0.399993896484375 0.114776611328125 -0.130523681640625 -0.0906219482421875
0.31634521484375 0.279876708984375 -0.123832702636719 -0.103103637695313
0.215118408203125 0.37005615234375 -0.0402603149414062 -0.103866577148437
-0.05670166015625 0.464996337890625 0.0536575317382812 -0.0592308044433593
-0.211700439453125 0.496002197265625 0.109054565429687 0.0604705810546875
-0.31182861328125 0.429901123046875 0.107208251953125 0.116592407226563
-0.258026123046875 0.35260009765625 -0.38067626953125 0.13873291015625
-0.176727294921875 0.344879150390625 -0.14764404296875 0.138748168945313
-0.076629638671875 0.356597900390625 -0.0310516357421875 -0.0389175415039062
0.0616455078125 0.313018798828125 -0.0940170288085938 -0.140411376953125
0.151153564453125 0.230331420898438 -0.19610595703125 -0.136871337890625
0.274627685546875 0.141998291015625 -0.27752685546875 -0.097381591796875
0.282928466796875 0.031280517578125 -0.322113037109375 -0.0350341796875
0.269363403320313 0.018463134765625 -0.3060302734375 -0.016754150390625
0.301544189453125 0.015045166015625 -0.287567138671875 -0.030181884765625
0.28375244140625 0.075408935546875 -0.230361938476563 -0.0997161865234375
0.21502685546875 0.197723388671875 -0.17474365234375 -0.114883422851563
0.1427001953125 0.247207641601563 -0.0670318603515625 -0.101821899414063
-0.035308837890625 0.31903076171875 0.0304527282714844 -0.0127124786376953
-0.132659912109375 0.368865966796875 0.0469970703125 0.162841796875
-0.21734619140625 0.34783935546875 -0.03985595703125 0.226638793945313
-0.10626220703125 0.216629028320313 -0.46588134765625 0.23931884765625
-0.070404052734375 0.18316650390625 -0.201705932617188 0.215774536132813
-0.0166168212890625 0.163894653320313 -0.0562324523925781 0.0127639770507813
0.0378494262695313 0.134696960449219 -0.130271911621094 -0.0978469848632812
0.0776443481445313 0.0975418090820313 -0.223129272460938 -0.109527587890625
0.145050048828125 0.0536956787109375 -0.332855224609375 -0.0703125
0.137931823730469 -0.00862884521484375 -0.39361572265625 0.000885009765624945
0.131301879882813 -0.022491455078125 -0.374114990234375 0.01220703125
0.147232055664063 -0.021881103515625 -0.35308837890625 -0.0223388671874999
0.134185791015625 0.00933074951171875 -0.283905029296875 -0.106170654296875
0.101898193359375 0.069122314453125 -0.184280395507813 -0.120193481445313
0.0813140869140625 0.0778884887695313 -0.069183349609375 -0.0914764404296875
0.0317459106445313 0.138557434082031 0.0137367248535156 0.0318336486816406
-0.00646972656250002 0.21173095703125 -0.010650634765625 0.235977172851563
-0.07794189453125 0.229751586914062 -0.15521240234375 0.30731201171875
-0.100959777832031 -0.0978851318359375 0.130828857421875 -0.39666748046875
-0.19000244140625 -0.02490234375 0.01629638671875 -0.285797119140625
-0.1588134765625 0.0847930908203125 -0.0449447631835938 -0.0447463989257812
-0.0748291015625 0.124130249023438 0.0368881225585938 0.0811843872070313
-0.0130386352539062 0.12579345703125 0.133941650390625 0.125755310058594
0.0331039428710937 0.101272583007813 0.29302978515625 0.0833740234375
0.0623970031738281 0.0686607360839844 0.387786865234375 -0.0216064453125
0.0425949096679688 0.0602912902832031 0.376312255859375 -0.077423095703125
0.029754638671875 0.0494346618652344 0.37957763671875 -0.0687255859375
0.0204792022705078 0.0324001312255859 0.35400390625 0.00347900390625
0.0210456848144531 0.0185451507568359 0.251312255859375 0.020416259765625
0.0232868194580078 0.0325870513916016 0.158767700195313 0.0050048828125
-0.00176239013671875 0.0288715362548828 0.133041381835938 -0.091033935546875
-0.031890869140625 -0.00787925720214844 0.20660400390625 -0.280838012695313
-0.000732421875000003 -0.053070068359375 0.542144775390625 -0.289520263671875
-0.245758056640625 0.0738067626953126 0.12725830078125 -0.39605712890625
-0.2943115234375 0.126220703125 0.037628173828125 -0.29266357421875
-0.239181518554687 0.257461547851563 -0.0379180908203125 -0.0912094116210937
-0.0728759765625 0.30078125 0.0202980041503906 0.0266246795654297
0.0536041259765625 0.265090942382813 0.0850448608398438 0.0892562866210938
0.176467895507813 0.187179565429688 0.2376708984375 0.0617828369140625
0.219894409179687 0.0901031494140625 0.33514404296875 -0.037445068359375
0.194625854492188 0.07452392578125 0.32720947265625 -0.09716796875
0.200836181640625 0.0561065673828125 0.334442138671875 -0.09423828125
0.186203002929688 0.06817626953125 0.32257080078125 -0.042633056640625
0.15625 0.121307373046875 0.214889526367188 -0.0249176025390625
0.123184204101563 0.176254272460938 0.14337158203125 -0.0396881103515625
-0.0110626220703125 0.223464965820312 0.134086608886719 -0.131195068359375
-0.108673095703125 0.20965576171875 0.219879150390625 -0.298797607421875
-0.126861572265625 0.139137268066406 0.54095458984375 -0.30889892578125
-0.357330322265625 0.233673095703125 0.07171630859375 -0.350799560546875
-0.363494873046875 0.266937255859375 0.033599853515625 -0.261627197265625
-0.288299560546875 0.4017333984375 -0.025054931640625 -0.125518798828125
-0.062164306640625 0.441986083984375 0.00780487060546875 -0.0404052734375
0.109100341796875 0.372711181640625 0.0293464660644531 0.0268440246582031
0.2943115234375 0.2520751953125 0.150436401367188 0.019866943359375
0.34417724609375 0.1014404296875 0.231048583984375 -0.0513916015625
0.31890869140625 0.07745361328125 0.228607177734375 -0.102752685546875
0.34661865234375 0.049468994140625 0.239837646484375 -0.101837158203125
0.33404541015625 0.0853271484375 0.242279052734375 -0.0772247314453125
0.285491943359375 0.203399658203125 0.146942138671875 -0.0620269775390625
0.221038818359375 0.29736328125 0.110305786132813 -0.0766220092773437
-0.00668334960937503 0.392730712890625 0.123336791992188 -0.152542114257812
-0.16015625 0.399017333984375 0.215423583984375 -0.268829345703125
-0.22735595703125 0.309356689453125 0.489288330078125 -0.268402099609375
-0.41552734375 0.369171142578125 -0.023895263671875 -0.259933471679688
-0.378448486328125 0.39007568359375 0.00717163085937499 -0.19134521484375
-0.274749755859375 0.512603759765625 -0.013153076171875 -0.138923645019531
-0.0190429687499999 0.527374267578125 -0.00627899169921874 -0.104400634765625
0.16485595703125 0.42578125 -0.0319976806640625 -0.0446891784667968
0.3751220703125 0.277679443359375 0.0392799377441406 -0.0311660766601562
0.420684814453125 0.095855712890625 0.0906448364257813 -0.0621871948242187
0.39544677734375 0.067474365234375 0.0952301025390625 -0.0925521850585938
0.439727783203125 0.033447265625 0.110023498535156 -0.0879364013671875
0.433685302734375 0.089752197265625 0.124588012695313 -0.0941314697265625
0.375823974609375 0.255889892578125 0.0527191162109375 -0.0859298706054688
0.288482666015625 0.37713623046875 0.05902099609375 -0.0998764038085937
0.00100708007812495 0.509063720703125 0.103836059570313 -0.147796630859375
-0.1866455078125 0.529998779296875 0.1964111328125 -0.192535400390625
-0.28936767578125 0.430084228515625 0.393402099609375 -0.174407958984375
-0.40618896484375 0.4530029296875 -0.144424438476563 -0.1341552734375
-0.33233642578125 0.466094970703125 -0.034637451171875 -0.0880508422851562
-0.20660400390625 0.55462646484375 -0.00881195068359377 -0.128135681152344
0.039703369140625 0.532012939453125 -0.0315704345703125 -0.151016235351562
0.20635986328125 0.409576416015625 -0.0980987548828125 -0.104843139648437
0.4056396484375 0.253448486328125 -0.0830764770507812 -0.0731658935546875
0.43408203125 0.0731201171875 -0.0645294189453125 -0.061981201171875
0.412750244140625 0.047943115234375 -0.0539054870605468 -0.0685768127441406
0.462188720703125 0.016876220703125 -0.0392227172851562 -0.0604782104492188
0.4603271484375 0.0848388671875 -0.0130157470703125 -0.09564208984375
0.39794921875 0.27301025390625 -0.0497589111328125 -0.0953369140625
0.30169677734375 0.394989013671875 0.000595092773437528 -0.109291076660156
-0.00296020507812505 0.53704833984375 0.07855224609375 -0.118064880371094
-0.187744140625 0.56866455078125 0.162750244140625 -0.0803985595703125
-0.306243896484375 0.4813232421875 0.26361083984375 -0.044525146484375
-0.337005615234375 0.4593505859375 -0.266326904296875 0.012969970703125
-0.24322509765625 0.461700439453125 -0.0848541259765625 0.0280685424804688
-0.11236572265625 0.504547119140625 -0.01812744140625 -0.0955657958984375
0.092437744140625 0.448822021484375 -0.0714569091796875 -0.163726806640625
0.21575927734375 0.327239990234375 -0.1634521484375 -0.131317138671875
0.37591552734375 0.189361572265625 -0.197677612304687 -0.08917236328125
0.384979248046875 0.035614013671875 -0.211715698242188 -0.046356201171875
0.36676025390625 0.01922607421875 -0.196914672851562 -0.0351409912109375
0.409820556640625 -0.001556396484375 -0.181365966796875 -0.0345611572265625
0.403411865234375 0.070037841796875 -0.144561767578125 -0.08990478515625
0.341339111328125 0.243377685546875 -0.136543273925781 -0.100448608398438
0.251220703125 0.344390869140625 -0.048553466796875 -0.10748291015625
-0.00793457031250003 0.4676513671875 0.0560836791992188 -0.0728836059570312
-0.1585693359375 0.513519287109375 0.117233276367187 0.042755126953125
-0.270050048828125 0.458099365234375 0.119422912597656 0.0959930419921875
-0.2213134765625 0.385284423828125 -0.373870849609375 0.155731201171875
-0.138641357421875 0.367156982421875 -0.138801574707031 0.136497497558594
-0.031341552734375 0.365875244140625 -0.0400199890136719 -0.0463409423828125
0.101898193359375 0.301849365234375 -0.114555358886719 -0.140457153320312
0.176345825195313 0.210128784179688 -0.21221923828125 -0.12200927734375
0.28765869140625 0.1060791015625 -0.2872314453125 -0.075836181640625
0.280685424804688 -0.003204345703125 -0.327545166015625 -0.012359619140625
0.265533447265625 -0.01336669921875 -0.309906005859375 0.00381469726562495
0.294158935546875 -0.020751953125 -0.293792724609375 -0.0112304687500001
0.283203125 0.03900146484375 -0.241912841796875 -0.0876770019531249
0.23297119140625 0.16717529296875 -0.187667846679687 -0.105438232421875
0.168563842773437 0.224136352539062 -0.074066162109375 -0.100685119628906
0.00448608398437502 0.319427490234375 0.0350704193115234 -0.0234031677246094
-0.085296630859375 0.382080078125 0.065216064453125 0.150863647460938
-0.18048095703125 0.37109375 -0.017425537109375 0.220809936523438
-0.0818939208984375 0.240188598632813 -0.451873779296875 0.268280029296875
-0.0467376708984375 0.201370239257812 -0.186050415039062 0.222305297851563
0.0115966796875 0.172286987304688 -0.0629043579101563 0.01007080078125
0.062835693359375 0.129188537597656 -0.147171020507813 -0.0908660888671875
0.0939407348632812 0.0832061767578125 -0.234878540039063 -0.08892822265625
0.151809692382813 0.0283966064453125 -0.337493896484375 -0.040191650390625
0.13311767578125 -0.0316925048828125 -0.392730712890625 0.032470703125
0.123992919921875 -0.0444488525390625 -0.372955322265625 0.0408935546875001
0.136894226074219 -0.0453414916992188 -0.35528564453125 0.00341796874999993
0.127517700195312 -0.0154571533203125 -0.292938232421875 -0.08642578125
0.108238220214844 0.0462799072265625 -0.193389892578125 -0.108169555664063
0.0928497314453125 0.0585479736328125 -0.0743942260742188 -0.0888748168945313
0.0577392578125 0.130760192871094 0.0226497650146484 0.0246658325195313
0.02923583984375 0.215011596679688 0.0151519775390625 0.229095458984375
-0.0485687255859375 0.244781494140625 -0.124053955078125 0.31573486328125
-0.119888305664063 -0.101882934570313 0.0922546386718749 -0.3941650390625
-0.204727172851563 -0.00810241699218751 -0.011871337890625 -0.273223876953125
-0.16107177734375 0.105850219726562 -0.0497512817382813 -0.0390815734863281
-0.0692291259765625 0.1435546875 0.0377273559570313 0.0801773071289063
0.001556396484375 0.138954162597656 0.135307312011719 0.116165161132813
0.0507049560546875 0.107353210449219 0.287567138671875 0.06494140625
0.0768203735351563 0.0711441040039063 0.372528076171875 -0.047393798828125
0.0540695190429688 0.0635147094726563 0.35772705078125 -0.10040283203125
0.0402565002441406 0.0559120178222656 0.3614501953125 -0.094818115234375
0.0233726501464844 0.0408134460449219 0.34173583984375 -0.027191162109375
0.0131988525390625 0.02606201171875 0.246902465820312 -0.0058135986328125
0.0134258270263672 0.0340309143066406 0.159530639648438 -0.0095672607421875
-0.0117092132568359 0.0197887420654297 0.131118774414062 -0.0931854248046875
-0.0442581176757813 -0.0187721252441406 0.186370849609375 -0.277008056640625
-0.0119361877441406 -0.0669746398925781 0.516082763671875 -0.313720703125
-0.248977661132812 0.0759124755859375 0.084991455078125 -0.39788818359375
-0.294891357421875 0.1436767578125 0.00607299804687499 -0.2862548828125
-0.226089477539063 0.275894165039062 -0.0487289428710938 -0.0868682861328125
-0.055084228515625 0.312652587890625 0.0131359100341797 0.0232276916503906
0.0743560791015625 0.267486572265625 0.081695556640625 0.0803146362304688
0.19476318359375 0.1773681640625 0.23004150390625 0.0472412109375
0.230133056640625 0.0783538818359375 0.31817626953125 -0.060638427734375
0.199325561523437 0.0653533935546875 0.3055419921875 -0.1212158203125
0.205673217773437 0.0500640869140625 0.31365966796875 -0.119476318359375
0.183700561523437 0.0604705810546875 0.30535888671875 -0.072601318359375
0.15435791015625 0.113052368164062 0.20501708984375 -0.049041748046875
0.122314453125 0.16290283203125 0.144317626953125 -0.0579376220703125
-0.00382995605468751 0.208709716796875 0.130706787109375 -0.141021728515625
-0.099639892578125 0.199859619140625 0.198486328125 -0.3033447265625
-0.118324279785156 0.12811279296875 0.51104736328125 -0.34356689453125
-0.338104248046875 0.23883056640625 0.031341552734375 -0.354095458984375
-0.348052978515625 0.281768798828125 0.00306701660156251 -0.258407592773437
-0.260650634765625 0.415924072265625 -0.040283203125 -0.122276306152344
-0.03277587890625 0.44293212890625 -0.00646972656250001 -0.04278564453125
0.13348388671875 0.364227294921875 0.0200614929199219 0.0225009918212891
0.310302734375 0.231353759765625 0.136611938476563 0.00778198242187501
0.348388671875 0.08062744140625 0.211868286132813 -0.0677947998046875
0.318511962890625 0.057586669921875 0.20623779296875 -0.120025634765625
0.34234619140625 0.028717041015625 0.217208862304688 -0.122055053710938
0.328277587890625 0.0621337890625 0.222503662109375 -0.104171752929688
0.288818359375 0.18035888671875 0.134033203125 -0.083160400390625
0.232955932617188 0.272232055664063 0.104713439941406 -0.0925979614257812
0.01605224609375 0.37420654296875 0.119338989257813 -0.165191650390625
-0.130767822265625 0.389984130859375 0.197021484375 -0.28143310546875
-0.201385498046875 0.303741455078125 0.460479736328125 -0.305450439453125
-0.377410888671875 0.380615234375 -0.058502197265625 -0.265579223632812
-0.34735107421875 0.401336669921875 -0.0177154541015625 -0.19342041015625
-0.234619140625 0.516448974609375 -0.030426025390625 -0.141021728515625
0.019317626953125 0.517303466796875 -0.0274200439453125 -0.1087646484375
0.19012451171875 0.40704345703125 -0.0450897216796875 -0.0453338623046875
0.385833740234375 0.243621826171875 0.0255603790283203 -0.0331058502197265
0.418670654296875 0.065277099609375 0.0739974975585938 -0.0699386596679688
0.390899658203125 0.0384521484375 0.0776138305664063 -0.105636596679688
0.428863525390625 0.00323486328125 0.0909652709960938 -0.101356506347656
0.4249267578125 0.055023193359375 0.104042053222656 -0.111991882324219
0.38140869140625 0.223236083984375 0.0402603149414063 -0.0986251831054687
0.306304931640625 0.34515380859375 0.0522918701171875 -0.114242553710937
0.034912109375 0.490386962890625 0.097991943359375 -0.16375732421875
-0.145416259765625 0.521728515625 0.1827392578125 -0.2095947265625
-0.251739501953125 0.43048095703125 0.37152099609375 -0.211273193359375
-0.359375 0.46502685546875 -0.16363525390625 -0.137420654296875
-0.288177490234375 0.47406005859375 -0.0498428344726563 -0.09735107421875
-0.156768798828125 0.548828125 -0.025634765625 -0.13372802734375
0.08001708984375 0.5111083984375 -0.0557708740234375 -0.152755737304687
0.230682373046875 0.383087158203125 -0.113105773925781 -0.0980911254882812
0.412567138671875 0.21246337890625 -0.09619140625 -0.0691299438476563
0.427764892578125 0.036590576171875 -0.0771255493164062 -0.0595703125
0.40087890625 0.0145263671875 -0.0666351318359375 -0.0701484680175781
0.448516845703125 -0.0179443359375 -0.0516777038574219 -0.0649642944335937
0.445892333984375 0.04547119140625 -0.029693603515625 -0.104080200195313
0.40594482421875 0.229766845703125 -0.06256103515625 -0.0990219116210937
0.321014404296875 0.358612060546875 -0.00665283203124998 -0.117515563964844
0.039520263671875 0.518341064453125 0.0729217529296875 -0.134193420410156
-0.13653564453125 0.56292724609375 0.156387329101563 -0.100677490234375
-0.26287841796875 0.486663818359375 0.254104614257813 -0.0768890380859375
-0.2855224609375 0.47381591796875 -0.269210815429688 0.0120849609375
-0.19427490234375 0.467620849609375 -0.0872802734375 0.018157958984375
-0.061737060546875 0.496337890625 -0.03436279296875 -0.102813720703125
0.12908935546875 0.4234619140625 -0.0948638916015625 -0.16119384765625
0.23333740234375 0.29638671875 -0.176712036132812 -0.118194580078125
0.3763427734375 0.145263671875 -0.20538330078125 -0.0756378173828125
0.3717041015625 0 -0.217178344726562 -0.034088134765625
0.350738525390625 -0.01153564453125 -0.201919555664062 -0.0267791748046875
0.392578125 -0.03662109375 -0.18603515625 -0.024017333984375
0.3876953125 0.02996826171875 -0.156402587890625 -0.086822509765625
0.34979248046875 0.203125 -0.1488037109375 -0.09381103515625
0.2735595703125 0.308837890625 -0.0553665161132813 -0.110488891601562
0.03546142578125 0.449493408203125 0.0509872436523438 -0.087249755859375
-0.10565185546875 0.508880615234375 0.117935180664063 0.0210494995117188
-0.22430419921875 0.464080810546875 0.124267578125 0.0703277587890625
-0.175750732421875 0.40167236328125 -0.36285400390625 0.1640625
-0.0968017578125 0.3707275390625 -0.131294250488281 0.128921508789063
0.0130615234375 0.35711669921875 -0.0499992370605469 -0.0526924133300781
0.132095336914063 0.27850341796875 -0.133125305175781 -0.132240295410156
0.189483642578125 0.180679321289062 -0.221527099609375 -0.104141235351562
0.283782958984375 0.067718505859375 -0.287078857421875 -0.054046630859375
0.265975952148438 -0.032684326171875 -0.324249267578125 0.00802612304687505
0.248977661132812 -0.04022216796875 -0.30804443359375 0.021026611328125
0.27593994140625 -0.049652099609375 -0.291412353515625 0.00537109374999997
0.269439697265625 0.005584716796875 -0.247314453125 -0.075653076171875
0.236221313476563 0.1322021484375 -0.195785522460937 -0.0928802490234375
0.183547973632813 0.193115234375 -0.0811309814453125 -0.101425170898437
0.03851318359375 0.3028564453125 0.0358047485351563 -0.0367164611816406
-0.042266845703125 0.37493896484375 0.0762176513671875 0.130691528320313
-0.137359619140625 0.379547119140625 0.00134277343749997 0.204025268554688
-0.04888916015625 0.254043579101562 -0.42791748046875 0.2822265625
-0.0169677734375 0.208633422851562 -0.171890258789063 0.21820068359375
0.039642333984375 0.170486450195312 -0.0702629089355469 0.00608444213867189
0.08245849609375 0.113983154296875 -0.160858154296875 -0.078338623046875
0.103958129882812 0.0650482177734375 -0.238449096679688 -0.06634521484375
0.148788452148438 0.003631591796875 -0.3316650390625 -0.01409912109375
0.119796752929688 -0.052032470703125 -0.379974365234375 0.0603637695312501
0.109542846679688 -0.06231689453125 -0.3626708984375 0.063812255859375
0.1187744140625 -0.0635452270507813 -0.345916748046875 0.024749755859375
0.113204956054688 -0.0347442626953125 -0.29229736328125 -0.067047119140625
0.105400085449219 0.0236740112304688 -0.19744873046875 -0.0948333740234375
0.0974807739257813 0.0351486206054688 -0.0778732299804688 -0.086151123046875
0.0788955688476563 0.113113403320313 0.0289249420166016 0.0161914825439453
0.063446044921875 0.203399658203125 0.0342254638671875 0.214797973632813
-0.0162811279296875 0.247894287109375 -0.094329833984375 0.307830810546875
-0.141937255859375 -0.103622436523437 0.064178466796875 -0.378326416015625
-0.216842651367188 0.0106353759765625 -0.029022216796875 -0.257339477539063
-0.161758422851562 0.124862670898437 -0.0523719787597656 -0.029693603515625
-0.059051513671875 0.15899658203125 0.0375442504882813 0.07989501953125
0.0157623291015625 0.147216796875 0.132492065429688 0.111152648925781
0.0680084228515625 0.111602783203125 0.278488159179688 0.0541839599609375
0.0925140380859375 0.0707626342773438 0.358856201171875 -0.059661865234375
0.0650596618652344 0.0668830871582031 0.33856201171875 -0.111907958984375
0.0514335632324219 0.06170654296875 0.341400146484375 -0.106842041015625
0.0286140441894531 0.05108642578125 0.326324462890625 -0.04437255859375
0.0090484619140625 0.03717041015625 0.23529052734375 -0.024627685546875
0.002655029296875 0.0381660461425781 0.159927368164063 -0.0221099853515625
-0.0279445648193359 0.0145740509033203 0.133056640625 -0.0936431884765625
-0.0600776672363281 -0.02618408203125 0.178024291992188 -0.268112182617188
-0.0262069702148437 -0.0798873901367188 0.495941162109375 -0.3238525390625
-0.253799438476563 0.0720977783203125 0.051361083984375 -0.38653564453125
-0.295684814453125 0.157196044921875 -0.015167236328125 -0.271926879882813
-0.216705322265625 0.289459228515625 -0.0560684204101563 -0.0799102783203125
-0.037841796875 0.3194580078125 0.00732040405273437 0.024435043334961
0.09063720703125 0.268081665039063 0.0729904174804687 0.0780258178710938
0.20867919921875 0.171737670898438 0.214553833007812 0.0401458740234375
0.238250732421875 0.071685791015625 0.299896240234375 -0.069305419921875
0.205718994140625 0.0626068115234375 0.282470703125 -0.13079833984375
0.209518432617188 0.04656982421875 0.2899169921875 -0.13153076171875
0.182144165039062 0.058837890625 0.283660888671875 -0.09222412109375
0.148422241210938 0.111923217773437 0.191436767578125 -0.0676422119140625
0.116409301757812 0.156005859375 0.138839721679687 -0.0699539184570312
-0.00938415527343749 0.196701049804688 0.1300048828125 -0.145965576171875
-0.100570678710938 0.18548583984375 0.1890869140625 -0.30084228515625
-0.121047973632813 0.112968444824219 0.48626708984375 -0.3572998046875
-0.328460693359375 0.236541748046875 -0.00317382812500001 -0.349212646484375
-0.337554931640625 0.288482666015625 -0.020355224609375 -0.250717163085938
-0.242156982421875 0.420684814453125 -0.0525970458984375 -0.118614196777344
-0.012481689453125 0.441436767578125 -0.0198020935058594 -0.0423011779785156
0.149261474609375 0.356170654296875 0.00746917724609376 0.0224800109863281
0.3189697265625 0.213897705078125 0.122695922851563 0.00816345214843751
0.349517822265625 0.0660400390625 0.192733764648438 -0.0745391845703125
0.315643310546875 0.046875 0.18389892578125 -0.129058837890625
0.339508056640625 0.01763916015625 0.195755004882813 -0.132156372070313
0.318389892578125 0.053253173828125 0.200332641601563 -0.120819091796875
0.2825927734375 0.167724609375 0.118911743164063 -0.09637451171875
0.228363037109375 0.256011962890625 0.0994110107421875 -0.106941223144531
0.020965576171875 0.357330322265625 0.114791870117188 -0.175888061523437
-0.120086669921875 0.373992919921875 0.18414306640625 -0.285369873046875
-0.190338134765625 0.28985595703125 0.4361572265625 -0.3275146484375
-0.3536376953125 0.37396240234375 -0.085968017578125 -0.264190673828125
-0.324310302734375 0.399383544921875 -0.0389862060546875 -0.191558837890625
-0.209259033203125 0.510467529296875 -0.0457916259765625 -0.139434814453125
0.037322998046875 0.50250244140625 -0.0453109741210938 -0.106735229492187
0.20135498046875 0.38970947265625 -0.0607681274414062 -0.0410995483398437
0.388763427734375 0.218994140625 0.0104427337646485 -0.0308113098144531
0.41082763671875 0.047149658203125 0.057373046875 -0.0718917846679687
0.3795166015625 0.023162841796875 0.0572052001953125 -0.107902526855469
0.417236328125 -0.013946533203125 0.0721054077148438 -0.107398986816406
0.409637451171875 0.034637451171875 0.0838470458984375 -0.12432861328125
0.37725830078125 0.19879150390625 0.0224533081054688 -0.106727600097656
0.309844970703125 0.3175048828125 0.043975830078125 -0.126235961914062
0.05072021484375 0.468902587890625 0.09088134765625 -0.177154541015625
-0.120025634765625 0.503631591796875 0.168853759765625 -0.22015380859375
-0.229248046875 0.41741943359375 0.350616455078125 -0.236083984375
-0.322052001953125 0.4591064453125 -0.183975219726563 -0.139434814453125
-0.257415771484375 0.46484375 -0.0668258666992188 -0.100830078125
-0.12646484375 0.5352783203125 -0.042327880859375 -0.135017395019531
0.101531982421875 0.486358642578125 -0.0763397216796875 -0.151168823242187
0.2366943359375 0.3560791015625 -0.127662658691406 -0.0914306640625
0.404632568359375 0.183441162109375 -0.107307434082031 -0.0603866577148437
0.411834716796875 0.01611328125 -0.0887680053710937 -0.0567474365234375
0.3858642578125 -0.004180908203125 -0.0794448852539062 -0.0703964233398437
0.428619384765625 -0.03997802734375 -0.0642776489257812 -0.0663299560546875
0.4276123046875 0.02008056640625 -0.0481719970703125 -0.107765197753906
0.399200439453125 0.201171875 -0.0770797729492187 -0.10028076171875
0.328857421875 0.327728271484375 -0.016571044921875 -0.125999450683594
0.063079833984375 0.496246337890625 0.0656890869140625 -0.149093627929687
-0.102935791015625 0.5462646484375 0.145919799804688 -0.114898681640625
-0.230377197265625 0.475250244140625 0.239837646484375 -0.102142333984375
-0.244110107421875 0.471588134765625 -0.279876708984375 0.0100250244140626
-0.160308837890625 0.458099365234375 -0.0989608764648438 0.00760650634765627
-0.026702880859375 0.475738525390625 -0.0493011474609375 -0.106956481933594
0.1490478515625 0.391937255859375 -0.113601684570313 -0.159027099609375
0.238067626953125 0.267379760742188 -0.186065673828125 -0.108734130859375
0.365081787109375 0.116363525390625 -0.210525512695312 -0.0652465820312499
0.3533935546875 -0.020172119140625 -0.220672607421875 -0.0263671875
0.3331298828125 -0.0311279296875 -0.208023071289062 -0.0220947265625
0.37030029296875 -0.05474853515625 -0.191497802734375 -0.0225372314453125
0.36749267578125 0.005401611328125 -0.167770385742187 -0.08563232421875
0.343170166015625 0.17095947265625 -0.157638549804688 -0.08966064453125
0.278564453125 0.2763671875 -0.0639877319335938 -0.114822387695312
0.05963134765625 0.427490234375 0.0455474853515625 -0.101211547851562
-0.069244384765625 0.49114990234375 0.11444091796875 0.00523376464843753
-0.189483642578125 0.456634521484375 0.119377136230469 0.0464096069335938
-0.137939453125 0.40179443359375 -0.359893798828125 0.16229248046875
-0.064208984375 0.3675537109375 -0.131996154785156 0.115974426269531
0.0428466796875 0.3397216796875 -0.0657691955566406 -0.0573921203613281
0.149368286132813 0.250595092773437 -0.149566650390625 -0.126251220703125
0.192977905273438 0.153915405273438 -0.224517822265625 -0.09027099609375
0.27362060546875 0.0411224365234375 -0.2841796875 -0.0404052734375
0.246368408203125 -0.051544189453125 -0.31829833984375 0.01849365234375
0.228683471679687 -0.0566253662109375 -0.303497314453125 0.0292358398437501
0.2529296875 -0.0652313232421875 -0.289276123046875 0.012176513671875
0.246261596679688 -0.0145111083984375 -0.252761840820313 -0.068695068359375
0.22943115234375 0.104827880859375 -0.19879150390625 -0.086029052734375
0.185317993164063 0.165390014648438 -0.08563232421875 -0.101669311523437
0.0614166259765625 0.2794189453125 0.0330810546875 -0.0482025146484375
-0.00735473632812502 0.357696533203125 0.0780258178710938 0.113632202148438
-0.104278564453125 0.372802734375 0.00675964355468749 0.185134887695313
-0.0214996337890625 0.259506225585938 -0.414215087890625 0.285858154296875
0.00656127929687501 0.21026611328125 -0.166900634765625 0.207870483398437
0.064544677734375 0.161880493164062 -0.0815200805664063 0.00427246093750002
0.09783935546875 0.0961685180664063 -0.170562744140625 -0.06695556640625
0.107582092285156 0.0453872680664062 -0.235336303710937 -0.0498046875
0.140510559082031 -0.018157958984375 -0.32012939453125 0.000732421874999973
0.102249145507813 -0.066558837890625 -0.366912841796875 0.0718994140624999
0.0910186767578125 -0.0718154907226563 -0.35101318359375 0.074951171875
0.0972518920898437 -0.073089599609375 -0.33880615234375 0.03533935546875
0.0935440063476562 -0.0485076904296875 -0.290802001953125 -0.057891845703125
0.0947341918945313 0.003875732421875 -0.19573974609375 -0.0856170654296875
0.0938491821289063 0.01385498046875 -0.0788803100585937 -0.0865554809570313
0.0932235717773437 0.09326171875 0.0302276611328125 0.00351333618164063
0.0893707275390625 0.1864013671875 0.04425048828125 0.196136474609375
0.012451171875 0.243255615234375 -0.07537841796875 0.292938232421875
-0.165756225585937 -0.102828979492188 0.048065185546875 -0.362640380859375
-0.229034423828125 0.0310821533203126 -0.037200927734375 -0.240768432617188
-0.161941528320313 0.146575927734375 -0.0539817810058594 -0.023895263671875
-0.048797607421875 0.17681884765625 0.0379486083984375 0.0825347900390625
0.032745361328125 0.1566162109375 0.130645751953125 0.111709594726563
0.0880661010742188 0.112014770507813 0.273941040039063 0.0529022216796875
0.109809875488281 0.06793212890625 0.35089111328125 -0.064208984375
0.0794143676757813 0.0691299438476563 0.32830810546875 -0.115447998046875
0.0654373168945313 0.0659751892089844 0.329376220703125 -0.111236572265625
0.0373268127441406 0.060577392578125 0.315032958984375 -0.0552978515625
0.00827026367187501 0.0509414672851563 0.227020263671875 -0.0362701416015625
-0.00644683837890625 0.0474586486816406 0.160919189453125 -0.0318450927734375
-0.0467529296875 0.0144081115722656 0.139747619628906 -0.0967941284179687
-0.0809249877929688 -0.0305938720703125 0.181686401367188 -0.261428833007813
-0.0460357666015625 -0.0911102294921875 0.4918212890625 -0.328521728515625
-0.269317626953125 0.0697174072265625 0.029144287109375 -0.373626708984375
-0.30322265625 0.17120361328125 -0.0291900634765625 -0.257888793945313
-0.214202880859375 0.305816650390625 -0.061614990234375 -0.0734634399414062
-0.025604248046875 0.33203125 0.000684738159179684 0.0279464721679688
0.105636596679688 0.272903442382813 0.0662460327148438 0.0809173583984375
0.2259521484375 0.167724609375 0.207626342773438 0.0414886474609375
0.251190185546875 0.06640625 0.285797119140625 -0.0718994140625
0.214828491210938 0.0609893798828125 0.26715087890625 -0.13311767578125
0.2181396484375 0.0465087890625 0.2740478515625 -0.135787963867188
0.185134887695313 0.064422607421875 0.267562866210937 -0.102890014648437
0.146392822265625 0.118118286132812 0.178863525390625 -0.079986572265625
0.108505249023438 0.157806396484375 0.135627746582031 -0.083343505859375
-0.021575927734375 0.191268920898437 0.1329345703125 -0.155029296875
-0.112747192382813 0.177215576171875 0.18621826171875 -0.301116943359375
-0.13214111328125 0.099029541015625 0.475006103515625 -0.37054443359375
-0.33441162109375 0.23065185546875 -0.02996826171875 -0.339874267578125
-0.339935302734375 0.29522705078125 -0.0381622314453125 -0.240432739257812
-0.236968994140625 0.429901123046875 -0.0632781982421875 -0.114509582519531
-0.00158691406249998 0.445465087890625 -0.033233642578125 -0.038360595703125
0.16094970703125 0.356536865234375 -0.00413322448730468 0.026885986328125
0.328460693359375 0.206146240234375 0.110893249511719 0.0132598876953125
0.355438232421875 0.058074951171875 0.177597045898438 -0.073577880859375
0.318756103515625 0.04241943359375 0.166229248046875 -0.130294799804688
0.341796875 0.013641357421875 0.178115844726563 -0.135513305664063
0.315185546875 0.050872802734375 0.180511474609375 -0.130218505859375
0.2796630859375 0.166152954101563 0.102729797363281 -0.107276916503906
0.22369384765625 0.249969482421875 0.0919189453125 -0.120933532714844
0.015777587890625 0.34918212890625 0.11285400390625 -0.189239501953125
-0.122344970703125 0.363555908203125 0.178680419921875 -0.29229736328125
-0.194778442382813 0.274978637695312 0.42059326171875 -0.343505859375
-0.347015380859375 0.367034912109375 -0.11492919921875 -0.2593994140625
-0.31982421875 0.3984375 -0.0595703125 -0.187637329101563
-0.200408935546875 0.50933837890625 -0.0608978271484375 -0.137847900390625
0.04736328125 0.49737548828125 -0.0638656616210938 -0.10308837890625
0.207794189453125 0.3824462890625 -0.0749435424804687 -0.0353851318359375
0.3902587890625 0.20782470703125 -0.00250816345214841 -0.0240726470947266
0.409210205078125 0.0377197265625 0.0416793823242188 -0.0693626403808594
0.375732421875 0.0167236328125 0.0388565063476563 -0.108375549316406
0.41131591796875 -0.02166748046875 0.0547866821289063 -0.109909057617187
0.3990478515625 0.028289794921875 0.0619354248046875 -0.131538391113281
0.37384033203125 0.188507080078125 0.00656127929687501 -0.113410949707031
0.309112548828125 0.305450439453125 0.0328826904296875 -0.138252258300781
0.053558349609375 0.456634521484375 0.084014892578125 -0.19244384765625
-0.11199951171875 0.492218017578125 0.159957885742188 -0.231201171875
-0.22381591796875 0.405120849609375 0.333587646484375 -0.255828857421875
-0.304473876953125 0.45184326171875 -0.209335327148438 -0.1395263671875
-0.244354248046875 0.457611083984375 -0.0858306884765625 -0.104362487792969
-0.1129150390625 0.5225830078125 -0.05963134765625 -0.13751220703125
0.108856201171875 0.470458984375 -0.09698486328125 -0.14776611328125
0.2371826171875 0.343719482421875 -0.141677856445312 -0.0847930908203125
0.400390625 0.168212890625 -0.117889404296875 -0.0524520874023438
0.40252685546875 0.005615234375 -0.101486206054687 -0.0536041259765625
0.375579833984375 -0.011962890625 -0.0951461791992187 -0.0688552856445312
0.417083740234375 -0.047821044921875 -0.078857421875 -0.0666580200195312
0.412811279296875 0.009246826171875 -0.0673675537109375 -0.111404418945312
0.395904541015625 0.18487548828125 -0.0930633544921875 -0.101593017578125
0.329986572265625 0.308746337890625 -0.0282058715820312 -0.135581970214844
0.0728759765625 0.48236083984375 0.0560760498046875 -0.163726806640625
-0.088165283203125 0.533477783203125 0.135757446289063 -0.128677368164062
-0.216583251953125 0.465484619140625 0.224197387695313 -0.122177124023437
-0.218780517578125 0.4666748046875 -0.2987060546875 0.00711059570312505
-0.1397705078125 0.448760986328125 -0.115264892578125 -0.00171661376953122
-0.00903320312499996 0.458282470703125 -0.0677261352539062 -0.111038208007812
0.157196044921875 0.3704833984375 -0.134033203125 -0.153900146484375
0.234695434570313 0.249923706054688 -0.19659423828125 -0.100738525390625
0.35400390625 0.097412109375 -0.217025756835937 -0.05694580078125
0.338470458984375 -0.03106689453125 -0.228836059570312 -0.0218353271484375
0.31732177734375 -0.040771484375 -0.217071533203125 -0.0191650390625
0.353515625 -0.064208984375 -0.201217651367187 -0.02069091796875
0.3492431640625 -0.0072021484375 -0.182525634765625 -0.0850830078125
0.335693359375 0.153045654296875 -0.1695556640625 -0.0883636474609375
0.277908325195313 0.25494384765625 -0.0745010375976562 -0.121116638183594
0.072235107421875 0.409942626953125 0.0363540649414063 -0.114860534667969
-0.04852294921875 0.476654052734375 0.106224060058594 -0.00904846191406247
-0.16961669921875 0.4490966796875 0.108230590820312 0.0279388427734375
-0.110198974609375 0.40057373046875 -0.36993408203125 0.15771484375
-0.040252685546875 0.3592529296875 -0.144775390625 0.1041259765625
0.063507080078125 0.322418212890625 -0.0817947387695313 -0.061126708984375
0.158096313476563 0.2281494140625 -0.165435791015625 -0.118972778320312
0.190277099609375 0.134475708007813 -0.228729248046875 -0.0800628662109375
0.260055541992187 0.0225830078125 -0.285064697265625 -0.0326843261718751
0.227188110351563 -0.0622100830078125 -0.319427490234375 0.024383544921875
0.211700439453125 -0.0637054443359375 -0.306854248046875 0.032928466796875
0.232940673828125 -0.0723876953125 -0.293792724609375 0.015625
0.226226806640625 -0.024383544921875 -0.261672973632813 -0.065460205078125
0.217788696289063 0.08740234375 -0.20635986328125 -0.082489013671875
0.181625366210938 0.144073486328125 -0.0933761596679688 -0.105758666992187
0.0735015869140625 0.25970458984375 0.0272064208984375 -0.0602149963378906
0.016693115234375 0.341094970703125 0.074951171875 0.098968505859375
-0.08026123046875 0.36474609375 0.00386047363281248 0.167266845703125
0.00550842285156249 0.263046264648438 -0.4161376953125 0.284210205078125
0.028717041015625 0.209075927734375 -0.173843383789063 0.198379516601563
0.085418701171875 0.150985717773438 -0.0947799682617188 0.00369262695312502
0.107536315917969 0.0785751342773438 -0.181228637695313 -0.05584716796875
0.107093811035156 0.0282211303710937 -0.234649658203125 -0.0386505126953125
0.127601623535156 -0.0353317260742188 -0.313934326171875 0.00827026367187503
0.0841445922851563 -0.075225830078125 -0.360321044921875 0.07666015625
0.072906494140625 -0.0776290893554688 -0.347991943359375 0.07977294921875
0.0772323608398438 -0.0771560668945313 -0.338226318359375 0.0399169921875
0.0732421875 -0.0543441772460938 -0.292999267578125 -0.05340576171875
0.0808258056640625 -0.010772705078125 -0.19818115234375 -0.082794189453125
0.0849075317382812 -0.00539398193359375 -0.0828475952148437 -0.0898513793945313
0.103256225585937 0.0711669921875 0.0291996002197266 -0.00725936889648437
0.110580444335938 0.168075561523437 0.047393798828125 0.181411743164062
0.0361175537109375 0.236541748046875 -0.069915771484375 0.277908325195313
-0.195037841796875 -0.096527099609375 0.040435791015625 -0.352081298828125
-0.2413330078125 0.0575714111328125 -0.040374755859375 -0.228775024414063
-0.159393310546875 0.17242431640625 -0.054107666015625 -0.01702880859375
-0.0336761474609375 0.197189331054688 0.04071044921875 0.0870590209960938
0.05316162109375 0.165740966796875 0.132598876953125 0.114952087402344
0.112228393554688 0.109992980957031 0.2781982421875 0.053314208984375
0.130630493164063 0.0614242553710937 0.35223388671875 -0.068359375
0.0965347290039063 0.067413330078125 0.325836181640625 -0.119171142578125
0.08441162109375 0.0672073364257813 0.326629638671875 -0.11529541015625
0.0502853393554688 0.0686492919921875 0.30987548828125 -0.064117431640625
0.0132789611816406 0.0667572021484375 0.2210693359375 -0.0476837158203125
-0.0131454467773438 0.0618820190429688 0.164077758789062 -0.0433502197265625
-0.0671958923339844 0.0201225280761719 0.149810791015625 -0.104888916015625
-0.106193542480469 -0.0286331176757812 0.191741943359375 -0.264328002929687
-0.070587158203125 -0.0981979370117188 0.500396728515625 -0.34381103515625
-0.29400634765625 0.075408935546875 0.01202392578125 -0.363372802734375
-0.31524658203125 0.195404052734375 -0.038970947265625 -0.246246337890625
-0.2120361328125 0.331329345703125 -0.0683746337890625 -0.0675888061523437
-0.00967407226562504 0.350372314453125 -0.00426864624023438 0.0343780517578125
0.127044677734375 0.280838012695313 0.0615463256835938 0.0877532958984375
0.247817993164063 0.162887573242188 0.206085205078125 0.0471343994140625
0.271011352539063 0.0583953857421875 0.282501220703125 -0.072540283203125
0.231124877929688 0.058135986328125 0.258895874023438 -0.13525390625
0.235244750976563 0.044769287109375 0.264175415039063 -0.140335083007813
0.195404052734375 0.0694732666015625 0.25555419921875 -0.112136840820312
0.15142822265625 0.12957763671875 0.167892456054688 -0.090972900390625
0.104568481445313 0.167755126953125 0.132492065429687 -0.0986785888671875
-0.0377655029296875 0.195663452148438 0.136245727539063 -0.1695556640625
-0.1318359375 0.178466796875 0.19012451171875 -0.310577392578125
-0.152908325195313 0.0918731689453125 0.473175048828125 -0.388641357421875
-0.3511962890625 0.2340087890625 -0.05535888671875 -0.33050537109375
-0.350372314453125 0.3116455078125 -0.054046630859375 -0.230819702148438
-0.236663818359375 0.4495849609375 -0.075469970703125 -0.109718322753906
0.01202392578125 0.461456298828125 -0.0458641052246094 -0.0310935974121094
0.177764892578125 0.363555908203125 -0.0151863098144531 0.0367393493652344
0.347259521484375 0.199737548828125 0.103912353515625 0.0221939086914063
0.37152099609375 0.04974365234375 0.16839599609375 -0.070831298828125
0.33148193359375 0.03778076171875 0.15240478515625 -0.131301879882813
0.35394287109375 0.008941650390625 0.1636962890625 -0.137435913085938
0.32183837890625 0.051177978515625 0.16180419921875 -0.138168334960938
0.285491943359375 0.170684814453125 0.0864181518554688 -0.11602783203125
0.2237548828125 0.253707885742188 0.0822982788085938 -0.137283325195312
0.00759887695312504 0.352142333984375 0.108245849609375 -0.207504272460937
-0.132598876953125 0.3656005859375 0.1756591796875 -0.3070068359375
-0.208358764648437 0.269943237304687 0.4111328125 -0.366363525390625
-0.351654052734375 0.3668212890625 -0.14556884765625 -0.25286865234375
-0.32269287109375 0.406005859375 -0.0803985595703125 -0.181610107421875
-0.19805908203125 0.5196533203125 -0.078582763671875 -0.13543701171875
0.0562744140625 0.50555419921875 -0.0831146240234375 -0.0965805053710937
0.217864990234375 0.386627197265625 -0.0906524658203125 -0.0253829956054687
0.4012451171875 0.20111083984375 -0.0131053924560547 -0.0133886337280273
0.41754150390625 0.029205322265625 0.0286636352539063 -0.0643959045410156
0.381744384765625 0.0103759765625 0.02215576171875 -0.106842041015625
0.4183349609375 -0.028594970703125 0.0379486083984375 -0.10992431640625
0.40203857421875 0.023345947265625 0.0404815673828125 -0.136604309082031
0.379638671875 0.186004638671875 -0.0129928588867187 -0.118362426757812
0.313201904296875 0.302947998046875 0.0182647705078125 -0.152511596679688
0.052947998046875 0.459197998046875 0.0734405517578125 -0.211257934570312
-0.1134033203125 0.49481201171875 0.151779174804688 -0.247528076171875
-0.228851318359375 0.40289306640625 0.3192138671875 -0.2783203125
-0.299224853515625 0.452178955078125 -0.242050170898438 -0.135574340820313
-0.2391357421875 0.45831298828125 -0.109809875488281 -0.1033935546875
-0.107269287109375 0.523162841796875 -0.0817337036132813 -0.137626647949219
0.115753173828125 0.468048095703125 -0.120269775390625 -0.141586303710937
0.239715576171875 0.341278076171875 -0.158370971679687 -0.0753631591796874
0.401336669921875 0.15875244140625 -0.130477905273438 -0.0427322387695312
0.402191162109375 -0.001312255859375 -0.116172790527344 -0.0460662841796875
0.37451171875 -0.01727294921875 -0.112983703613281 -0.0652084350585938
0.41680908203125 -0.055999755859375 -0.0962905883789062 -0.0641937255859375
0.407806396484375 0.001983642578125 -0.089874267578125 -0.1124267578125
0.39849853515625 0.176483154296875 -0.112564086914063 -0.101997375488281
0.334075927734375 0.30035400390625 -0.0450592041015625 -0.1458740234375
0.08001708984375 0.478729248046875 0.0429840087890625 -0.180984497070312
-0.07965087890625 0.5333251953125 0.12518310546875 -0.143280029296875
-0.212371826171875 0.464508056640625 0.208831787109375 -0.14276123046875
-0.20086669921875 0.464599609375 -0.327545166015625 0.00997924804687507
-0.125701904296875 0.44390869140625 -0.13861083984375 -0.00545501708984374
0.00253295898437497 0.447906494140625 -0.0896835327148438 -0.112281799316406
0.161651611328125 0.35791015625 -0.156600952148437 -0.14654541015625
0.233489990234375 0.240249633789063 -0.210189819335937 -0.0913848876953125
0.347442626953125 0.085479736328125 -0.22747802734375 -0.0489654541015625
0.329833984375 -0.037567138671875 -0.24249267578125 -0.0151824951171875
0.309051513671875 -0.045074462890625 -0.232666015625 -0.0138092041015625
0.344940185546875 -0.070556640625 -0.21759033203125 -0.015838623046875
0.338287353515625 -0.014129638671875 -0.2030029296875 -0.081573486328125
0.332916259765625 0.142120361328125 -0.187362670898437 -0.0849151611328125
0.279144287109375 0.241043090820313 -0.0903701782226562 -0.127288818359375
0.08123779296875 0.40045166015625 0.02386474609375 -0.128463745117187
-0.033416748046875 0.4688720703125 0.0965042114257813 -0.02197265625
-0.156341552734375 0.44561767578125 0.093994140625 0.0117416381835938
-0.084381103515625 0.40057373046875 -0.391632080078125 0.16204833984375
-0.019622802734375 0.354095458984375 -0.165603637695313 0.100265502929688
0.08062744140625 0.30828857421875 -0.102882385253906 -0.0602340698242187
0.164276123046875 0.209793090820313 -0.184616088867188 -0.108566284179687
0.1871337890625 0.120529174804688 -0.236953735351563 -0.07061767578125
0.24749755859375 0.0084228515625 -0.290771484375 -0.026458740234375
0.211868286132813 -0.068206787109375 -0.3289794921875 0.0314331054687499
0.196182250976563 -0.0675048828125 -0.318939208984375 0.0396423339843749
0.218032836914063 -0.0748443603515625 -0.30670166015625 0.0221862792968749
0.209976196289063 -0.0283203125 -0.278091430664063 -0.0608062744140625
0.207778930664063 0.0750579833984375 -0.219924926757812 -0.0789031982421875
0.17547607421875 0.128692626953125 -0.106658935546875 -0.110794067382813
0.0815277099609375 0.242996215820313 0.01800537109375 -0.0725860595703125
0.035003662109375 0.326202392578125 0.0686721801757813 0.087799072265625
-0.06170654296875 0.3603515625 -0.0052032470703125 0.155609130859375
0.0343170166015625 0.26385498046875 -0.430450439453125 0.291290283203125
0.052154541015625 0.206069946289063 -0.189163208007813 0.197921752929687
0.106094360351563 0.137626647949219 -0.112846374511719 0.00890350341796878
0.115150451660156 0.0600128173828125 -0.193130493164063 -0.04266357421875
0.103324890136719 0.0119400024414063 -0.236007690429688 -0.0276641845703125
0.113250732421875 -0.0491180419921875 -0.3135986328125 0.0148010253906249
0.0643234252929688 -0.080413818359375 -0.364410400390625 0.0827941894531249
0.0540924072265625 -0.079376220703125 -0.354095458984375 0.08624267578125
0.0577011108398438 -0.07647705078125 -0.3458251953125 0.04425048828125
0.0531387329101563 -0.0553092956542969 -0.303497314453125 -0.049591064453125
0.0641670227050781 -0.0209808349609375 -0.205902099609375 -0.082122802734375
0.0721282958984375 -0.021881103515625 -0.0915374755859375 -0.0948638916015625
0.107582092285156 0.0486984252929688 0.0244426727294922 -0.0190525054931641
0.128890991210938 0.14581298828125 0.0463714599609375 0.170211791992188
0.059783935546875 0.229293823242187 -0.070892333984375 0.26898193359375
-0.228042602539063 -0.0795135498046875 0.033538818359375 -0.345001220703125
-0.248565673828125 0.0924072265624999 -0.042755126953125 -0.219467163085938
-0.1495361328125 0.203964233398437 -0.0537490844726563 -0.00993728637695312
-0.00862121582031252 0.216033935546875 0.047760009765625 0.0924606323242188
0.0818939208984375 0.170196533203125 0.140556335449219 0.117744445800781
0.139900207519531 0.099090576171875 0.289886474609375 0.0494384765625
0.15313720703125 0.046142578125 0.360137939453125 -0.0799560546875
0.116836547851563 0.0599594116210938 0.32904052734375 -0.129150390625
0.106727600097656 0.0616531372070313 0.328338623046875 -0.125762939453125
0.06842041015625 0.0730743408203125 0.307586669921875 -0.077239990234375
0.0242462158203125 0.0824966430664063 0.21649169921875 -0.0615081787109375
-0.0140609741210938 0.0803985595703125 0.1669921875 -0.059661865234375
-0.0868072509765625 0.0354080200195313 0.159469604492188 -0.121337890625
-0.134056091308594 -0.0165176391601563 0.201431274414063 -0.280166625976563
-0.10162353515625 -0.0984954833984375 0.510772705078125 -0.37469482421875
-0.322479248046875 0.095123291015625 -0.00430297851562503 -0.35443115234375
-0.322662353515625 0.232666015625 -0.0475006103515625 -0.236221313476562
-0.2012939453125 0.367401123046875 -0.075103759765625 -0.0593414306640625
0.018707275390625 0.372711181640625 -0.00666046142578125 0.0435371398925781
0.1580810546875 0.287506103515625 0.0608596801757812 0.0982208251953125
0.2783203125 0.1495361328125 0.211990356445313 0.05096435546875
0.295135498046875 0.040008544921875 0.283966064453125 -0.077239990234375
0.25274658203125 0.04681396484375 0.25347900390625 -0.14166259765625
0.25860595703125 0.034393310546875 0.2584228515625 -0.147003173828125
0.214004516601563 0.069580078125 0.2437744140625 -0.123580932617187
0.1656494140625 0.139999389648437 0.154998779296875 -0.102279663085938
0.1080322265625 0.1812744140625 0.12591552734375 -0.116127014160156
-0.05078125 0.21063232421875 0.135452270507813 -0.191131591796875
-0.151657104492187 0.192947387695313 0.189605712890625 -0.331634521484375
-0.179916381835938 0.096282958984375 0.472503662109375 -0.4241943359375
-0.37200927734375 0.2535400390625 -0.0807800292968751 -0.318023681640625
-0.3565673828125 0.345184326171875 -0.07049560546875 -0.21905517578125
-0.227996826171875 0.483123779296875 -0.0898284912109375 -0.101409912109375
0.038360595703125 0.4813232421875 -0.0574302673339844 -0.0193672180175781
0.2064208984375 0.370819091796875 -0.0235862731933594 0.0517311096191406
0.37518310546875 0.1866455078125 0.103050231933594 0.0324325561523438
0.3922119140625 0.0308837890625 0.16351318359375 -0.0689544677734375
0.350494384765625 0.025604248046875 0.1402587890625 -0.13165283203125
0.3748779296875 -0.005889892578125 0.151016235351563 -0.140777587890625
0.338104248046875 0.045562744140625 0.143264770507813 -0.145584106445313
0.303009033203125 0.1737060546875 0.0677032470703125 -0.123039245605469
0.234237670898438 0.260940551757813 0.067047119140625 -0.154342651367187
0.00454711914062498 0.3682861328125 0.097625732421875 -0.231658935546875
-0.141510009765625 0.382049560546875 0.167236328125 -0.329315185546875
-0.22705078125 0.279129028320313 0.4000244140625 -0.400299072265625
-0.360992431640625 0.383941650390625 -0.178970336914063 -0.23724365234375
-0.326995849609375 0.431427001953125 -0.103118896484375 -0.170867919921875
-0.191741943359375 0.544891357421875 -0.0995330810546875 -0.127922058105469
0.078582763671875 0.520599365234375 -0.103157043457031 -0.0834274291992187
0.239898681640625 0.393310546875 -0.105430603027344 -0.00872039794921875
0.42193603515625 0.1890869140625 -0.0214500427246094 0.000240325927734384
0.433807373046875 0.013092041015625 0.0174713134765625 -0.056365966796875
0.395111083984375 -0.001068115234375 0.00490570068359376 -0.101654052734375
0.433685302734375 -0.04486083984375 0.0205764770507813 -0.107093811035156
0.41290283203125 0.012847900390625 0.0160980224609375 -0.137657165527344
0.397613525390625 0.18084716796875 -0.0363388061523437 -0.118896484375
0.327850341796875 0.3013916015625 -0.00315856933593748 -0.164764404296875
0.059661865234375 0.472015380859375 0.05535888671875 -0.23321533203125
-0.109222412109375 0.51104736328125 0.137130737304688 -0.26776123046875
-0.235748291015625 0.41387939453125 0.30072021484375 -0.30731201171875
-0.293609619140625 0.461761474609375 -0.279693603515625 -0.117904663085937
-0.23382568359375 0.471649169921875 -0.137580871582031 -0.0941314697265625
-0.0994873046875 0.53521728515625 -0.107162475585938 -0.131523132324219
0.12982177734375 0.47357177734375 -0.145355224609375 -0.127700805664062
0.25225830078125 0.342620849609375 -0.177886962890625 -0.0586700439453125
0.41107177734375 0.146728515625 -0.142868041992187 -0.0283050537109375
0.409881591796875 -0.0145263671875 -0.132148742675781 -0.0342483520507812
0.379791259765625 -0.0279541015625 -0.132774353027344 -0.054656982421875
0.42333984375 -0.0701904296875 -0.115394592285156 -0.0548629760742187
0.41217041015625 -0.009368896484375 -0.116737365722656 -0.105995178222656
0.40985107421875 0.166259765625 -0.136772155761719 -0.0961990356445313
0.348114013671875 0.29278564453125 -0.06976318359375 -0.15264892578125
0.092681884765625 0.485565185546875 0.021514892578125 -0.19781494140625
-0.0658264160156249 0.5430908203125 0.109817504882813 -0.15887451171875
-0.20977783203125 0.47589111328125 0.188247680664063 -0.164154052734375
-0.182525634765625 0.470428466796875 -0.363677978515625 0.0288696289062501
-0.111328125 0.44671630859375 -0.167953491210938 0.00279235839843753
0.016326904296875 0.443878173828125 -0.117881774902344 -0.1064453125
0.170135498046875 0.34918212890625 -0.182968139648437 -0.132049560546875
0.236679077148438 0.234161376953125 -0.227645874023437 -0.0763549804687499
0.346221923828125 0.07440185546875 -0.24188232421875 -0.034942626953125
0.326629638671875 -0.046630859375 -0.259445190429688 -0.00032043457031252
0.30596923828125 -0.051727294921875 -0.252655029296875 0.000717163085937454
0.343048095703125 -0.079559326171875 -0.237335205078125 -0.00225830078125002
0.333770751953125 -0.02142333984375 -0.228713989257812 -0.0710296630859375
0.3359375 0.129669189453125 -0.209671020507813 -0.07464599609375
0.28509521484375 0.230438232421875 -0.114089965820313 -0.130287170410156
0.094207763671875 0.396636962890625 0.00376892089843751 -0.14154052734375
-0.01513671875 0.46942138671875 0.0841598510742188 -0.032623291015625
-0.143951416015625 0.451080322265625 0.076202392578125 -0.00115203857421872
-0.055908203125 0.402374267578125 -0.421600341796875 0.1839599609375
0.00268554687500003 0.34979248046875 -0.190994262695313 0.108352661132813
0.098663330078125 0.294403076171875 -0.12847900390625 -0.0516357421875
0.169601440429687 0.192108154296875 -0.205780029296875 -0.0926361083984375
0.183761596679688 0.10748291015625 -0.24884033203125 -0.0561676025390624
0.2364501953125 -0.0028839111328125 -0.302032470703125 -0.014404296875
0.198135375976563 -0.0729217529296875 -0.344970703125 0.04608154296875
0.184661865234375 -0.0697021484375 -0.335205078125 0.0561218261718751
0.20611572265625 -0.077606201171875 -0.324462890625 0.0373229980468749
0.197265625 -0.0301971435546875 -0.300079345703125 -0.047576904296875
0.199142456054688 0.06719970703125 -0.238037109375 -0.0694732666015625
0.170135498046875 0.115570068359375 -0.126548767089844 -0.111244201660156
0.0882110595703125 0.228652954101563 0.00315093994140625 -0.08319091796875
0.052520751953125 0.31219482421875 0.0608139038085938 0.0804290771484375
-0.04168701171875 0.357269287109375 -0.0178680419921875 0.14996337890625
0.0679931640625 0.260650634765625 -0.4495849609375 0.31683349609375
0.077484130859375 0.199295043945313 -0.207595825195312 0.210601806640625
0.125465393066406 0.119071960449219 -0.130958557128906 0.022125244140625
0.118492126464844 0.0385360717773438 -0.206436157226563 -0.023162841796875
0.0978469848632812 -0.004638671875 -0.239059448242188 -0.01348876953125
0.0957183837890625 -0.0604324340820313 -0.31842041015625 0.02618408203125
0.0435867309570312 -0.0805892944335938 -0.374481201171875 0.096954345703125
0.035186767578125 -0.0762939453125 -0.365020751953125 0.101806640625
0.0377273559570312 -0.0711288452148438 -0.36065673828125 0.05889892578125
0.033966064453125 -0.0511970520019531 -0.319488525390625 -0.0394287109375
0.0449409484863281 -0.0258140563964844 -0.219345092773438 -0.0767974853515625
0.054931640625 -0.0352401733398438 -0.105743408203125 -0.0972518920898438
0.107490539550781 0.0232391357421875 0.0161705017089844 -0.0287857055664063
0.144775390625 0.12030029296875 0.044342041015625 0.162460327148438
0.085235595703125 0.216796875 -0.074554443359375 0.267013549804688
-0.25506591796875 -0.047210693359375 0.0264892578125 -0.339080810546875
-0.241500854492188 0.133407592773438 -0.0441741943359375 -0.2105712890625
-0.125335693359375 0.234115600585938 -0.0509910583496094 -0.0023040771484375
0.0263671875 0.2264404296875 0.05865478515625 0.0946884155273438
0.114608764648438 0.163330078125 0.1517333984375 0.11749267578125
0.165130615234375 0.076385498046875 0.3023681640625 0.036865234375
0.170028686523438 0.0198822021484375 0.364776611328125 -0.099578857421875
0.135337829589844 0.0423431396484375 0.328277587890625 -0.147308349609375
0.128433227539063 0.0460281372070313 0.326904296875 -0.142822265625
0.0896759033203125 0.0689010620117188 0.3016357421875 -0.095001220703125
0.0432815551757813 0.0927581787109375 0.207229614257813 -0.0771942138671875
-0.00710296630859375 0.099395751953125 0.163131713867188 -0.0803070068359375
-0.10064697265625 0.0590667724609375 0.161651611328125 -0.144561767578125
-0.157028198242188 0.00848388671874998 0.20233154296875 -0.30401611328125
-0.134384155273438 -0.0861663818359375 0.50811767578125 -0.4222412109375
-0.3427734375 0.131805419921875 -0.0205383300781251 -0.34136962890625
-0.313873291015625 0.27703857421875 -0.055328369140625 -0.223342895507812
-0.17333984375 0.4034423828125 -0.0803375244140625 -0.0478744506835937
0.061309814453125 0.384490966796875 -0.0038909912109375 0.0531730651855469
0.196365356445313 0.279953002929688 0.0671463012695313 0.107948303222656
0.307342529296875 0.12078857421875 0.2220458984375 0.0487213134765625
0.313812255859375 0.00787353515625 0.284881591796875 -0.08782958984375
0.271881103515625 0.0237579345703125 0.2464599609375 -0.151229858398438
0.280746459960938 0.01080322265625 0.249221801757813 -0.156661987304688
0.23480224609375 0.059326171875 0.228805541992188 -0.135574340820312
0.188430786132813 0.142929077148438 0.137428283691406 -0.112892150878906
0.121047973632812 0.193695068359375 0.111930847167969 -0.134529113769531
-0.05523681640625 0.233734130859375 0.123687744140625 -0.215179443359375
-0.163467407226562 0.21905517578125 0.177276611328125 -0.35601806640625
-0.204910278320313 0.114105224609375 0.45269775390625 -0.46783447265625
-0.383270263671875 0.28802490234375 -0.105438232421875 -0.29620361328125
-0.347015380859375 0.387603759765625 -0.08380126953125 -0.202316284179687
-0.200927734375 0.52117919921875 -0.102951049804688 -0.0874862670898437
0.0804443359375 0.49542236328125 -0.0644149780273438 -0.00292968749999998
0.2449951171875 0.366180419921875 -0.0259132385253906 0.0698966979980469
0.403656005859375 0.15899658203125 0.107765197753906 0.0417404174804688
0.410797119140625 -0.0020751953125 0.160629272460938 -0.0680694580078125
0.366973876953125 0.00018310546875 0.127510070800781 -0.1317138671875
0.39312744140625 -0.03363037109375 0.13690185546875 -0.142044067382813
0.355499267578125 0.02801513671875 0.120651245117188 -0.149307250976563
0.32647705078125 0.165740966796875 0.0447463989257813 -0.125556945800781
0.254104614257813 0.26312255859375 0.043792724609375 -0.166702270507812
0.012908935546875 0.388031005859375 0.07452392578125 -0.25274658203125
-0.13897705078125 0.406646728515625 0.145477294921875 -0.352752685546875
-0.240447998046875 0.299468994140625 0.370941162109375 -0.438385009765625
-0.36151123046875 0.410125732421875 -0.210281372070313 -0.20806884765625
-0.314300537109375 0.463226318359375 -0.123458862304688 -0.150482177734375
-0.16864013671875 0.57476806640625 -0.119842529296875 -0.111526489257812
0.1114501953125 0.531341552734375 -0.119049072265625 -0.0618820190429687
0.27197265625 0.39044189453125 -0.114974975585937 0.014801025390625
0.444671630859375 0.16436767578125 -0.0231266021728515 0.0171051025390625
0.447021484375 -0.016510009765625 0.0093650817871094 -0.0452346801757813
0.40728759765625 -0.02496337890625 -0.0114212036132812 -0.0914459228515625
0.44537353515625 -0.0740966796875 0.00344085693359377 -0.098358154296875
0.42333984375 -0.008544921875 -0.0104598999023437 -0.130500793457031
0.41815185546875 0.165008544921875 -0.0617523193359375 -0.111106872558594
0.3507080078125 0.29473876953125 -0.031982421875 -0.170150756835938
0.0800170898437501 0.484527587890625 0.0255126953125 -0.248947143554687
-0.093963623046875 0.53106689453125 0.111572265625 -0.286102294921875
-0.2357177734375 0.4345703125 0.267791748046875 -0.336639404296875
-0.280181884765625 0.477874755859375 -0.3131103515625 -0.0826416015625
-0.21881103515625 0.490631103515625 -0.163253784179688 -0.0719146728515625
-0.0792541503906251 0.548065185546875 -0.133033752441406 -0.114105224609375
0.15411376953125 0.4752197265625 -0.167770385742187 -0.103591918945312
0.27239990234375 0.33880615234375 -0.19097900390625 -0.0339202880859375
0.4237060546875 0.126983642578125 -0.151504516601562 -0.00643920898437499
0.415496826171875 -0.035980224609375 -0.143997192382812 -0.01519775390625
0.384735107421875 -0.04595947265625 -0.15032958984375 -0.0359954833984375
0.428436279296875 -0.09619140625 -0.133056640625 -0.037261962890625
0.416046142578125 -0.0294189453125 -0.142822265625 -0.08856201171875
0.42547607421875 0.1468505859375 -0.160537719726562 -0.0790557861328125
0.36785888671875 0.279266357421875 -0.0992889404296875 -0.14947509765625
0.11553955078125 0.48870849609375 -0.00910949707031252 -0.207351684570312
-0.04144287109375 0.553253173828125 0.086639404296875 -0.170684814453125
-0.196868896484375 0.490203857421875 0.158340454101563 -0.181259155273437
-0.1568603515625 0.4761962890625 -0.39288330078125 0.0680236816406249
-0.089019775390625 0.44964599609375 -0.193206787109375 0.0245513916015625
0.033935546875 0.43975830078125 -0.144454956054688 -0.0877075195312499
0.18310546875 0.340240478515625 -0.206024169921875 -0.106842041015625
0.242813110351563 0.226272583007813 -0.240875244140625 -0.052337646484375
0.344970703125 0.0592041015625 -0.252410888671875 -0.0126953125
0.322540283203125 -0.0594482421875 -0.272720336914063 0.0244598388671875
0.30279541015625 -0.0614013671875 -0.26849365234375 0.0257720947265625
0.339996337890625 -0.09515380859375 -0.252975463867188 0.02294921875
0.330535888671875 -0.03363037109375 -0.252517700195313 -0.046783447265625
0.340057373046875 0.114105224609375 -0.230636596679687 -0.053680419921875
0.2928466796875 0.21563720703125 -0.140884399414062 -0.1219482421875
0.111358642578125 0.390899658203125 -0.022705078125 -0.147216796875
0.00961303710937501 0.467132568359375 0.0676002502441406 -0.0393218994140625
-0.1239013671875 0.457427978515625 0.0532150268554687 -0.00760650634765622
-0.0224609375 0.3953857421875 -0.4417724609375 0.22418212890625
0.02777099609375 0.3406982421875 -0.212921142578125 0.131378173828125
0.115615844726563 0.276016235351563 -0.15087890625 -0.032012939453125
0.172836303710938 0.172378540039063 -0.22344970703125 -0.0658111572265625
0.179000854492188 0.0949859619140625 -0.256195068359375 -0.0347900390625
0.2230224609375 -0.0139007568359375 -0.310333251953125 0.00637817382812504
0.185073852539063 -0.0749359130859375 -0.35614013671875 0.0726318359375001
0.173294067382813 -0.0701904296875 -0.346588134765625 0.083892822265625
0.195999145507812 -0.079498291015625 -0.3380126953125 0.065521240234375
0.18621826171875 -0.0314178466796875 -0.319732666015625 -0.02252197265625
0.191268920898438 0.060150146484375 -0.255905151367188 -0.04937744140625
0.163253784179688 0.105224609375 -0.149032592773438 -0.102783203125
0.093170166015625 0.212753295898438 -0.016632080078125 -0.0880279541015625
0.06964111328125 0.294097900390625 0.0521011352539063 0.0759353637695313
-0.017852783203125 0.349884033203125 -0.03076171875 0.150741577148438
0.102828979492188 0.245651245117188 -0.457061767578125 0.359130859375
0.102935791015625 0.183883666992188 -0.2193603515625 0.234695434570313
0.139755249023438 0.0928421020507813 -0.145217895507813 0.0441436767578125
0.115257263183594 0.015594482421875 -0.212646484375 0.00305175781249996
0.08551025390625 -0.0193634033203125 -0.238021850585938 0.00453186035156247
0.0740585327148437 -0.0659713745117188 -0.321868896484375 0.0433349609375
0.0232467651367188 -0.072906494140625 -0.380523681640625 0.121185302734375
0.0176963806152344 -0.0669212341308594 -0.3704833984375 0.128082275390625
0.0211181640625 -0.0590972900390625 -0.371307373046875 0.0848083496093751
0.0165519714355469 -0.0403060913085937 -0.334686279296875 -0.017913818359375
0.0243072509765625 -0.0233306884765625 -0.233963012695313 -0.0635833740234375
0.0324516296386719 -0.0420417785644531 -0.123603820800781 -0.09222412109375
0.098114013671875 -0.00167083740234375 0.00418472290039063 -0.0370521545410156
0.152572631835937 0.0864410400390625 0.0421600341796875 0.15673828125
0.109298706054688 0.195220947265625 -0.0761871337890625 0.26947021484375
-0.268203735351563 -0.00706481933593752 0.02191162109375 -0.33270263671875
-0.21746826171875 0.168899536132813 -0.0410003662109375 -0.203323364257812
-0.0899505615234375 0.2530517578125 -0.0446929931640625 0.00403213500976564
0.0632476806640625 0.2210693359375 0.0709075927734375 0.0912628173828125
0.142318725585938 0.143142700195313 0.162643432617188 0.11126708984375
0.1793212890625 0.0441131591796875 0.309661865234375 0.018768310546875
0.175567626953125 -0.011688232421875 0.361785888671875 -0.123779296875
0.144775390625 0.0186920166015625 0.320587158203125 -0.164825439453125
0.1416015625 0.0218963623046875 0.319061279296875 -0.1593017578125
0.10772705078125 0.0559844970703125 0.28900146484375 -0.110198974609375
0.0647506713867188 0.0940017700195312 0.192153930664063 -0.0892486572265625
0.0073699951171875 0.113822937011719 0.152191162109375 -0.0987548828125
-0.103599548339844 0.0870132446289062 0.152999877929688 -0.167190551757813
-0.1685791015625 0.0406341552734375 0.1925048828125 -0.32733154296875
-0.159500122070313 -0.0614471435546875 0.48419189453125 -0.46502685546875
-0.34686279296875 0.1739501953125 -0.02972412109375 -0.323486328125
-0.286102294921875 0.3145751953125 -0.0562896728515625 -0.208755493164062
-0.131439208984375 0.4263916015625 -0.0798187255859375 -0.0346221923828125
0.106201171875 0.3782958984375 0.00319290161132813 0.0612411499023438
0.23028564453125 0.257476806640625 0.076934814453125 0.114234924316406
0.32379150390625 0.0821533203125 0.230804443359375 0.0420989990234375
0.319366455078125 -0.031097412109375 0.282470703125 -0.100006103515625
0.280960083007813 -0.0058441162109375 0.23583984375 -0.158859252929688
0.291717529296875 -0.021728515625 0.237472534179688 -0.1641845703125
0.250244140625 0.039459228515625 0.20989990234375 -0.141494750976563
0.210845947265625 0.135238647460938 0.117057800292969 -0.116645812988281
0.138595581054688 0.198806762695313 0.0904693603515625 -0.145965576171875
-0.049713134765625 0.256668090820313 0.102798461914063 -0.233016967773438
-0.162734985351562 0.248687744140625 0.155609130859375 -0.375885009765625
-0.219879150390625 0.140945434570312 0.4183349609375 -0.50323486328125
-0.378997802734375 0.32464599609375 -0.118789672851563 -0.266921997070313
-0.32061767578125 0.423583984375 -0.0897369384765625 -0.181243896484375
-0.16033935546875 0.54571533203125 -0.108924865722656 -0.0678558349609375
0.126129150390625 0.49090576171875 -0.063262939453125 0.0151634216308594
0.280609130859375 0.346099853515625 -0.0192184448242187 0.0872955322265625
0.419677734375 0.11920166015625 0.116462707519531 0.0472640991210938
0.415618896484375 -0.04156494140625 0.157958984375 -0.06756591796875
0.373077392578125 -0.030914306640625 0.115371704101563 -0.127464294433594
0.399261474609375 -0.07049560546875 0.123443603515625 -0.138916015625
0.365081787109375 0.002716064453125 0.0991363525390625 -0.144607543945313
0.3470458984375 0.147918701171875 0.0225753784179688 -0.119087219238281
0.273666381835938 0.256423950195313 0.016571044921875 -0.169601440429687
0.029510498046875 0.402069091796875 0.0436248779296875 -0.263259887695313
-0.124114990234375 0.430419921875 0.115325927734375 -0.366455078125
-0.2427978515625 0.32525634765625 0.327972412109375 -0.4652099609375
-0.34906005859375 0.436370849609375 -0.2259521484375 -0.168228149414062
-0.289459228515625 0.490447998046875 -0.133651733398438 -0.123115539550781
-0.13287353515625 0.593994140625 -0.132133483886719 -0.0879135131835937
0.152191162109375 0.52655029296875 -0.124618530273437 -0.0358963012695312
0.30242919921875 0.37451171875 -0.113761901855469 0.0404815673828125
0.4576416015625 0.129486083984375 -0.0180435180664062 0.0335426330566406
0.449188232421875 -0.05096435546875 0.00659370422363284 -0.0322399139404297
0.4097900390625 -0.053192138671875 -0.022796630859375 -0.0760498046875
0.446990966796875 -0.10888671875 -0.00830841064453122 -0.0847244262695313
0.425872802734375 -0.03558349609375 -0.0316238403320312 -0.114219665527344
0.433929443359375 0.1383056640625 -0.0825042724609375 -0.0938644409179688
0.37091064453125 0.27667236328125 -0.0609130859375 -0.16314697265625
0.104156494140625 0.48919677734375 -0.00912475585937501 -0.250930786132812
-0.067108154296875 0.544189453125 0.08050537109375 -0.2933349609375
-0.225616455078125 0.4544677734375 0.226104736328125 -0.35162353515625
-0.26129150390625 0.48980712890625 -0.32818603515625 -0.0358581542968749
-0.195770263671875 0.50128173828125 -0.175796508789063 -0.0413055419921875
-0.0528564453125 0.55572509765625 -0.149261474609375 -0.087615966796875
0.1800537109375 0.46697998046875 -0.1781005859375 -0.0727691650390624
0.291748046875 0.3265380859375 -0.19390869140625 -0.00433349609374996
0.4285888671875 0.101348876953125 -0.14990234375 0.016937255859375
0.41375732421875 -0.061553955078125 -0.146697998046875 0.00802612304687503
0.382415771484375 -0.06695556640625 -0.159011840820312 -0.0113525390625
0.423492431640625 -0.12255859375 -0.141586303710937 -0.013641357421875
0.413055419921875 -0.05181884765625 -0.159683227539062 -0.06207275390625
0.43353271484375 0.1204833984375 -0.176513671875 -0.0540771484375
0.3824462890625 0.25604248046875 -0.125862121582031 -0.133995056152344
0.141204833984375 0.484405517578125 -0.0412139892578125 -0.20367431640625
-0.011871337890625 0.554473876953125 0.0604400634765625 -0.172775268554687
-0.17889404296875 0.5003662109375 0.122955322265625 -0.186767578125
-0.1324462890625 0.4718017578125 -0.403717041015625 0.116424560546875
-0.066802978515625 0.445159912109375 -0.207870483398437 0.056884765625
0.04974365234375 0.429595947265625 -0.16192626953125 -0.0597381591796875
0.193115234375 0.326202392578125 -0.216598510742188 -0.0734100341796875
0.247055053710938 0.21600341796875 -0.243927001953125 -0.0245056152343749
0.339630126953125 0.04339599609375 -0.252838134765625 0.01287841796875
0.31573486328125 -0.071014404296875 -0.275344848632813 0.0538177490234375
0.2962646484375 -0.072357177734375 -0.273208618164062 0.055908203125
0.331787109375 -0.109954833984375 -0.257369995117188 0.0529327392578125
0.32244873046875 -0.046112060546875 -0.264556884765625 -0.0139007568359375
0.34002685546875 0.095550537109375 -0.241622924804687 -0.0243988037109375
0.297149658203125 0.196990966796875 -0.16278076171875 -0.103012084960938
0.127532958984375 0.37908935546875 -0.04931640625 -0.141937255859375
0.032470703125 0.454345703125 0.0495758056640625 -0.0390052795410156
-0.1014404296875 0.4559326171875 0.0295181274414062 -0.00505065917968747
0.00637817382812499 0.37744140625 -0.44354248046875 0.271148681640625
0.04864501953125 0.32257080078125 -0.222412109375 0.161392211914063
0.123870849609375 0.252349853515625 -0.163604736328125 -0.00387573242187498
0.170074462890625 0.153472900390625 -0.2288818359375 -0.033447265625
0.170135498046875 0.08489990234375 -0.255035400390625 -0.010894775390625
0.206832885742188 -0.019195556640625 -0.310150146484375 0.030487060546875
0.172210693359375 -0.0731201171875 -0.35504150390625 0.1033935546875
0.163986206054688 -0.0670166015625 -0.34619140625 0.115203857421875
0.185546875 -0.078643798828125 -0.3388671875 0.09814453125
0.176559448242187 -0.029937744140625 -0.327178955078125 0.010284423828125
0.18280029296875 0.0550537109375 -0.264663696289063 -0.02252197265625
0.154098510742188 0.096954345703125 -0.166839599609375 -0.0847015380859375
0.0922698974609375 0.1966552734375 -0.0374603271484375 -0.0847930908203125
0.0792236328125 0.27117919921875 0.0420761108398438 0.0751113891601563
0.00222778320312498 0.3333740234375 -0.0411834716796875 0.1566162109375
0.129806518554688 0.2177734375 -0.445465087890625 0.4029541015625
0.120941162109375 0.159378051757813 -0.219818115234375 0.26373291015625
0.142929077148438 0.0628662109375 -0.148422241210938 0.0700836181640625
0.103706359863281 -0.0043182373046875 -0.208892822265625 0.0312652587890625
0.068817138671875 -0.0281181335449219 -0.230300903320312 0.0214691162109375
0.0524520874023437 -0.0623092651367187 -0.317840576171875 0.061767578125
0.00745010375976563 -0.0587730407714844 -0.37554931640625 0.147918701171875
0.00596237182617187 -0.0518341064453125 -0.365814208984375 0.15692138671875
0.0104141235351563 -0.0415077209472656 -0.370635986328125 0.11505126953125
0.00501441955566406 -0.0240592956542969 -0.34027099609375 0.00921630859375006
0.00740242004394531 -0.0131807327270508 -0.242996215820313 -0.0441131591796875
0.0107536315917969 -0.0385665893554688 -0.13812255859375 -0.0799407958984375
0.0807647705078125 -0.0216064453125 -0.0106277465820312 -0.0387382507324219
0.147613525390625 0.0535125732421875 0.03839111328125 0.152008056640625
0.123519897460937 0.165847778320313 -0.0759735107421875 0.2730712890625
-0.2659912109375 0.0307922363281251 0.024566650390625 -0.32647705078125
-0.187149047851563 0.188934326171875 -0.0346527099609375 -0.19989013671875
-0.0553741455078125 0.256591796875 -0.0373268127441406 0.00714874267578127
0.091705322265625 0.20526123046875 0.0800552368164063 0.0843048095703125
0.158676147460938 0.118133544921875 0.170364379882813 0.103179931640625
0.180404663085938 0.012176513671875 0.309661865234375 0.001434326171875
0.169921875 -0.039764404296875 0.353424072265625 -0.140777587890625
0.144943237304688 -0.0037384033203125 0.310028076171875 -0.175537109375
0.145172119140625 -0.0027618408203125 0.307891845703125 -0.169464111328125
0.118980407714844 0.0396957397460937 0.275299072265625 -0.116470336914063
0.0832290649414063 0.0880355834960938 0.175430297851563 -0.09344482421875
0.02392578125 0.121589660644531 0.137229919433594 -0.110206604003906
-0.0974807739257812 0.110733032226563 0.140167236328125 -0.18310546875
-0.16741943359375 0.0713043212890625 0.178131103515625 -0.3438720703125
-0.172607421875 -0.0324249267578125 0.453826904296875 -0.493682861328125
-0.33892822265625 0.20953369140625 -0.028411865234375 -0.307769775390625
-0.251312255859375 0.33636474609375 -0.0508880615234375 -0.198165893554687
-0.09088134765625 0.4326171875 -0.0740432739257813 -0.0242843627929687
0.140289306640625 0.359039306640625 0.0121688842773438 0.0644607543945313
0.24981689453125 0.2291259765625 0.0872802734375 0.116867065429688
0.323974609375 0.044708251953125 0.236923217773438 0.0341949462890625
0.3116455078125 -0.064117431640625 0.278060913085938 -0.1083984375
0.278854370117188 -0.03289794921875 0.225784301757813 -0.160400390625
0.29156494140625 -0.0521240234375 0.22705078125 -0.16583251953125
0.257919311523438 0.0178985595703125 0.193283081054688 -0.139907836914063
0.227554321289062 0.122299194335937 0.0993881225585938 -0.112098693847656
0.154800415039063 0.199142456054688 0.0704803466796875 -0.14886474609375
-0.0381317138671875 0.275466918945313 0.0812530517578125 -0.240493774414062
-0.15380859375 0.274429321289063 0.13262939453125 -0.384918212890625
-0.224945068359375 0.167938232421875 0.37896728515625 -0.5194091796875
-0.367462158203125 0.353729248046875 -0.117156982421875 -0.240142822265625
-0.28643798828125 0.443359375 -0.084625244140625 -0.162979125976562
-0.121002197265625 0.553680419921875 -0.107025146484375 -0.0504989624023437
0.164337158203125 0.4742431640625 -0.0561599731445312 0.0285415649414063
0.302734375 0.319854736328125 -0.00810241699218747 0.100341796875
0.421173095703125 0.082061767578125 0.1260986328125 0.0492935180664063
0.4075927734375 -0.07537841796875 0.15753173828125 -0.0659332275390625
0.369873046875 -0.057769775390625 0.108299255371094 -0.119644165039063
0.393585205078125 -0.102783203125 0.114990234375 -0.131538391113281
0.366729736328125 -0.021484375 0.0826263427734375 -0.132843017578125
0.359375 0.12713623046875 0.00614166259765627 -0.106063842773437
0.288818359375 0.247039794921875 -0.00595092773437498 -0.162704467773437
0.04656982421875 0.4119873046875 0.0166778564453125 -0.261810302734375
-0.105438232421875 0.447540283203125 0.087554931640625 -0.3677978515625
-0.23797607421875 0.34735107421875 0.28717041015625 -0.471435546875
-0.334014892578125 0.453704833984375 -0.223724365234375 -0.132110595703125
-0.262969970703125 0.503997802734375 -0.1307373046875 -0.0979766845703124
-0.10076904296875 0.60064697265625 -0.133430480957031 -0.064208984375
0.1826171875 0.513336181640625 -0.120552062988281 -0.0138015747070312
0.320587158203125 0.354217529296875 -0.104377746582031 0.061065673828125
0.458099365234375 0.098602294921875 -0.00733947753906247 0.0451316833496094
0.441375732421875 -0.07965087890625 0.0095481872558594 -0.0207633972167969
0.404205322265625 -0.075897216796875 -0.0265998840332031 -0.0604591369628906
0.436492919921875 -0.138427734375 -0.012603759765625 -0.0693130493164063
0.42181396484375 -0.058135986328125 -0.0430374145507812 -0.0942459106445312
0.439605712890625 0.1136474609375 -0.0936660766601562 -0.07379150390625
0.38189697265625 0.25921630859375 -0.0825347900390624 -0.147857666015625
0.125579833984375 0.488372802734375 -0.036956787109375 -0.241561889648437
-0.043487548828125 0.550140380859375 0.05389404296875 -0.288787841796875
-0.214752197265625 0.468048095703125 0.18670654296875 -0.350311279296875
-0.244049072265625 0.493560791015625 -0.32501220703125 0.00558471679687508
-0.1751708984375 0.502044677734375 -0.175735473632813 -0.0116577148437499
-0.03167724609375 0.5540771484375 -0.153411865234375 -0.0595703125
0.199188232421875 0.455413818359375 -0.176437377929687 -0.0445404052734375
0.30291748046875 0.313385009765625 -0.186492919921875 0.0196380615234376
0.425811767578125 0.080718994140625 -0.140884399414062 0.0349884033203125
0.405853271484375 -0.079925537109375 -0.141738891601562 0.0269317626953125
0.376251220703125 -0.0819091796875 -0.15838623046875 0.010040283203125
0.41259765625 -0.143707275390625 -0.140151977539062 0.00745391845703123
0.403594970703125 -0.069244384765625 -0.165328979492188 -0.0362701416015625
0.43310546875 0.09735107421875 -0.181381225585937 -0.028594970703125
0.386444091796875 0.236053466796875 -0.142410278320312 -0.113021850585937
0.158233642578125 0.472686767578125 -0.066253662109375 -0.190582275390625
0.010345458984375 0.5491943359375 0.039215087890625 -0.16558837890625
-0.16351318359375 0.503326416015625 0.0926513671875 -0.178359985351562
-0.11444091796875 0.459716796875 -0.397216796875 0.159210205078125
-0.0537109375 0.432952880859375 -0.20794677734375 0.0876617431640626
0.059112548828125 0.419219970703125 -0.166183471679688 -0.0307464599609375
0.1968994140625 0.31341552734375 -0.214126586914063 -0.0437164306640625
0.2467041015625 0.208251953125 -0.237716674804687 -0.000503540039062482
0.33099365234375 0.0357666015625 -0.244842529296875 0.0337524414062501
0.307342529296875 -0.077545166015625 -0.2686767578125 0.077423095703125
0.289764404296875 -0.0770263671875 -0.267501831054688 0.082000732421875
0.322265625 -0.11865234375 -0.25115966796875 0.079010009765625
0.3138427734375 -0.05401611328125 -0.263900756835938 0.015106201171875
0.33514404296875 0.0821533203125 -0.2421875 0.00280761718750002
0.29425048828125 0.184173583984375 -0.174560546875 -0.0800018310546875
0.1343994140625 0.36553955078125 -0.0690841674804687 -0.128273010253906
0.047332763671875 0.439208984375 0.0352859497070313 -0.0324783325195312
-0.086669921875 0.446197509765625 0.0101451873779297 0.00540447235107424
0.022613525390625 0.35394287109375 -0.431793212890625 0.310546875
0.05853271484375 0.3017578125 -0.221237182617188 0.1907958984375
0.122451782226562 0.231399536132812 -0.164718627929687 0.0234375
0.16082763671875 0.140670776367188 -0.222900390625 -0.00688171386718745
0.159652709960938 0.08160400390625 -0.246536254882812 0.00668334960937499
0.193618774414063 -0.0167083740234375 -0.302703857421875 0.0485229492187501
0.164215087890625 -0.0667572021484375 -0.346923828125 0.126708984375
0.157928466796875 -0.0615081787109375 -0.336578369140625 0.141326904296875
0.17926025390625 -0.07342529296875 -0.330169677734375 0.1251220703125
0.169387817382813 -0.0242919921875 -0.3233642578125 0.0384216308593749
0.174667358398438 0.055908203125 -0.263092041015625 0.00282287597656255
0.144668579101563 0.094696044921875 -0.175674438476563 -0.0644989013671875
0.0860137939453125 0.184341430664063 -0.0531692504882813 -0.0750808715820312
0.07940673828125 0.250213623046875 0.033599853515625 0.079071044921875
0.01214599609375 0.3131103515625 -0.0505523681640625 0.16607666015625
0.142257690429688 0.186203002929688 -0.4254150390625 0.434326171875
0.126815795898438 0.134437561035156 -0.212554931640625 0.287750244140625
0.135330200195312 0.03759765625 -0.143325805664063 0.0927734375
0.08758544921875 -0.0163116455078125 -0.196762084960938 0.0526123046875
0.0522689819335937 -0.0292320251464844 -0.218460083007813 0.0315399169921875
0.0359230041503906 -0.0515556335449219 -0.309326171875 0.074859619140625
0.000572204589843753 -0.0406761169433594 -0.365020751953125 0.16693115234375
0.00136947631835938 -0.0353965759277344 -0.35357666015625 0.17730712890625
0.00835609436035156 -0.0229377746582031 -0.36138916015625 0.13897705078125
0.00142955780029297 -0.00663995742797852 -0.3363037109375 0.032501220703125
-0.00284242630004883 0.00135016441345215 -0.243087768554688 -0.025390625
-0.00647163391113281 -0.0291309356689453 -0.1458740234375 -0.0652313232421875
0.0593986511230469 -0.0324974060058594 -0.0234870910644531 -0.035675048828125
0.132209777832031 0.027923583984375 0.032623291015625 0.150680541992188
0.124755859375 0.135780334472656 -0.076934814453125 0.27716064453125
-0.257171630859375 0.0580902099609375 0.031341552734375 -0.32830810546875
-0.159957885742188 0.196380615234375 -0.025848388671875 -0.20245361328125
-0.0285797119140625 0.252120971679687 -0.030548095703125 0.00704956054687502
0.110137939453125 0.186859130859375 0.0864639282226563 0.0777206420898438
0.165634155273438 0.09539794921875 0.17572021484375 0.0975799560546875
0.174072265625 -0.013275146484375 0.308990478515625 -0.009796142578125
0.159317016601563 -0.06103515625 0.348236083984375 -0.15228271484375
0.141067504882813 -0.02056884765625 0.304351806640625 -0.182830810546875
0.142730712890625 -0.02288818359375 0.302459716796875 -0.173919677734375
0.123802185058594 0.0238571166992187 0.265716552734375 -0.117691040039062
0.0972900390625 0.0794601440429688 0.164337158203125 -0.0914306640625
0.0393447875976562 0.125358581542969 0.124214172363281 -0.114723205566406
-0.0877838134765625 0.130027770996094 0.1292724609375 -0.193832397460937
-0.160110473632813 0.0961456298828125 0.167633056640625 -0.356964111328125
-0.177093505859375 -0.00721740722656247 0.4310302734375 -0.510467529296875
-0.32794189453125 0.236114501953125 -0.018768310546875 -0.300445556640625
-0.22320556640625 0.345672607421875 -0.0409088134765625 -0.195465087890625
-0.060211181640625 0.4300537109375 -0.0674247741699219 -0.0178413391113281
0.162750244140625 0.33941650390625 0.0204887390136719 0.0652885437011719
0.259872436523438 0.20477294921875 0.0969696044921875 0.117996215820313
0.317779541015625 0.017486572265625 0.241897583007813 0.0277099609375
0.300689697265625 -0.088226318359375 0.277023315429688 -0.113388061523438
0.27423095703125 -0.0522308349609375 0.222137451171875 -0.159637451171875
0.28582763671875 -0.07501220703125 0.222885131835938 -0.164901733398438
0.259963989257813 0.0002288818359375 0.183990478515625 -0.133255004882813
0.240127563476563 0.109970092773438 0.0878448486328125 -0.103660583496094
0.16943359375 0.199310302734375 0.0554351806640625 -0.146133422851563
-0.026763916015625 0.29180908203125 0.0646209716796875 -0.242507934570312
-0.143280029296875 0.2957763671875 0.11724853515625 -0.38922119140625
-0.22613525390625 0.192718505859375 0.35296630859375 -0.5264892578125
-0.356048583984375 0.375946044921875 -0.105941772460938 -0.222915649414062
-0.26251220703125 0.4530029296875 -0.074249267578125 -0.153472900390625
-0.0919189453125 0.555206298828125 -0.100486755371094 -0.03790283203125
0.18536376953125 0.457763671875 -0.0471000671386719 0.0377006530761719
0.314361572265625 0.299957275390625 0.00365447998046878 0.10882568359375
0.416839599609375 0.0562744140625 0.13568115234375 0.0497970581054688
0.397735595703125 -0.098419189453125 0.160919189453125 -0.065032958984375
0.364501953125 -0.076171875 0.106666564941406 -0.112213134765625
0.38671875 -0.125244140625 0.113235473632813 -0.123748779296875
0.3656005859375 -0.0394287109375 0.0755386352539063 -0.120155334472656
0.3675537109375 0.111236572265625 -0.00291442871093748 -0.0921707153320312
0.300537109375 0.24041748046875 -0.0214385986328125 -0.152664184570312
0.060699462890625 0.42156982421875 -0.00251770019531247 -0.256011962890625
-0.0908203125 0.462005615234375 0.069488525390625 -0.365447998046875
-0.236328125 0.36700439453125 0.259429931640625 -0.46807861328125
-0.324951171875 0.46588134765625 -0.212310791015625 -0.107620239257812
-0.242645263671875 0.509735107421875 -0.120735168457031 -0.0814361572265624
-0.0787353515625 0.60394287109375 -0.128433227539063 -0.046478271484375
0.200225830078125 0.499725341796875 -0.111541748046875 0.00192260742187503
0.332794189453125 0.340118408203125 -0.0924224853515625 0.0757293701171875
0.455291748046875 0.07916259765625 0.00423049926757815 0.0523910522460938
0.43408203125 -0.098297119140625 0.0158100128173828 -0.0126419067382813
0.400146484375 -0.089813232421875 -0.0251083374023437 -0.0471725463867188
0.428619384765625 -0.157135009765625 -0.0111770629882812 -0.0569381713867188
0.415924072265625 -0.0733642578125 -0.0464096069335937 -0.0755538940429688
0.442657470703125 0.096893310546875 -0.0974807739257812 -0.0545578002929687
0.388702392578125 0.24755859375 -0.0947799682617187 -0.131263732910156
0.13970947265625 0.488983154296875 -0.055755615234375 -0.229339599609375
-0.02716064453125 0.554473876953125 0.0365447998046875 -0.280731201171875
-0.20880126953125 0.480438232421875 0.160858154296875 -0.34033203125
-0.23638916015625 0.494384765625 -0.31390380859375 0.035736083984375
-0.164154052734375 0.503204345703125 -0.168243408203125 0.01055908203125
-0.0206298828124999 0.555389404296875 -0.150543212890625 -0.037506103515625
0.208953857421875 0.44708251953125 -0.1688232421875 -0.0242004394531249
0.30914306640625 0.307403564453125 -0.176605224609375 0.036834716796875
0.42315673828125 0.069976806640625 -0.130233764648437 0.0464935302734375
0.401336669921875 -0.090911865234375 -0.134178161621094 0.0401458740234375
0.373138427734375 -0.0906982421875 -0.153549194335937 0.0272979736328125
0.404296875 -0.1568603515625 -0.134735107421875 0.0233840942382813
0.397705078125 -0.07989501953125 -0.163604736328125 -0.01434326171875
0.431396484375 0.082489013671875 -0.180007934570312 -0.00720214843749996
0.387359619140625 0.2254638671875 -0.15032958984375 -0.0931549072265625
0.168365478515625 0.46844482421875 -0.0810699462890625 -0.17449951171875
0.0242919921875 0.544708251953125 0.02593994140625 -0.154891967773437
-0.156219482421875 0.505889892578125 0.0721282958984375 -0.1644287109375
-0.11053466796875 0.449066162109375 -0.385772705078125 0.191131591796875
-0.0494384765625 0.4248046875 -0.202651977539063 0.112533569335938
0.05841064453125 0.413909912109375 -0.16375732421875 -0.00749206542968746
0.195892333984375 0.308380126953125 -0.206314086914062 -0.021575927734375
0.246368408203125 0.207855224609375 -0.228118896484375 0.01470947265625
0.3265380859375 0.034332275390625 -0.236434936523437 0.046356201171875
0.30474853515625 -0.07965087890625 -0.259292602539062 0.093109130859375
0.287872314453125 -0.07781982421875 -0.260086059570313 0.0992431640625
0.317352294921875 -0.122650146484375 -0.242706298828125 0.0961456298828125
0.30780029296875 -0.05548095703125 -0.25860595703125 0.03656005859375
0.331268310546875 0.07647705078125 -0.236953735351563 0.02301025390625
0.29193115234375 0.17742919921875 -0.179000854492188 -0.0600128173828125
0.1353759765625 0.359344482421875 -0.0813522338867187 -0.114036560058594
0.0511474609375 0.429534912109375 0.0264358520507813 -0.0219612121582031
-0.083404541015625 0.43890380859375 -0.00361633300781251 0.0198249816894531
0.025726318359375 0.3341064453125 -0.417022705078125 0.338714599609375
0.05859375 0.2862548828125 -0.21527099609375 0.215362548828125
0.114044189453125 0.219268798828125 -0.160232543945312 0.0446624755859375
0.151412963867188 0.135833740234375 -0.213516235351562 0.01239013671875
0.152114868164063 0.0843505859375 -0.238052368164063 0.0169830322265625
0.186752319335938 -0.009124755859375 -0.295989990234375 0.059326171875
0.162353515625 -0.058807373046875 -0.33856201171875 0.14202880859375
0.158111572265625 -0.053863525390625 -0.327545166015625 0.157745361328125
0.179458618164063 -0.067047119140625 -0.320068359375 0.142608642578125
0.167984008789062 -0.017333984375 -0.316864013671875 0.057525634765625
0.170196533203125 0.06048583984375 -0.257766723632813 0.0198669433593749
0.13763427734375 0.0983505249023437 -0.178466796875 -0.0471343994140625
0.0764923095703125 0.179031372070313 -0.0634613037109375 -0.0641746520996094
0.072845458984375 0.236404418945313 0.027435302734375 0.0860214233398438
0.010101318359375 0.298126220703125 -0.058685302734375 0.178146362304688
0.143203735351562 0.160659790039062 -0.408447265625 0.456390380859375
0.125381469726563 0.114532470703125 -0.20440673828125 0.30792236328125
0.12310791015625 0.020782470703125 -0.134613037109375 0.110198974609375
0.0727081298828125 -0.0210189819335937 -0.18414306640625 0.06573486328125
0.039642333984375 -0.0253562927246094 -0.20892333984375 0.0353851318359375
0.0280952453613281 -0.0378303527832031 -0.303192138671875 0.0819091796875
0.00025749206542969 -0.0245933532714844 -0.356842041015625 0.179046630859375
0.00328826904296875 -0.0209732055664063 -0.344696044921875 0.189910888671875
0.0130338668823242 -0.00763988494873047 -0.352874755859375 0.154541015625
0.00394868850708008 0.00876903533935547 -0.331207275390625 0.0466918945312501
-0.00735282897949219 0.0164203643798828 -0.240768432617188 -0.0124664306640625
-0.0172891616821289 -0.0163784027099609 -0.149276733398438 -0.0531005859375
0.0397987365722656 -0.0347175598144531 -0.0340175628662109 -0.0295028686523438
0.11346435546875 0.0125732421875 0.0268096923828125 0.1544189453125
0.117416381835937 0.114700317382813 -0.0807189941406249 0.282928466796875
-0.250167846679688 0.080413818359375 0.040252685546875 -0.339111328125
-0.140487670898438 0.199722290039063 -0.0197906494140625 -0.213973999023438
-0.00910949707031251 0.2486572265625 -0.0257816314697266 0.00547218322753907
0.122726440429687 0.172348022460937 0.0918960571289063 0.0724258422851563
0.170639038085938 0.0777435302734375 0.183609008789063 0.0939178466796875
0.166641235351563 -0.032623291015625 0.3138427734375 -0.0185546875
0.149566650390625 -0.0769805908203125 0.350830078125 -0.162689208984375
0.137542724609375 -0.0342254638671875 0.306793212890625 -0.18939208984375
0.138771057128906 -0.0394363403320313 0.305572509765625 -0.18121337890625
0.127265930175781 0.0105361938476563 0.265289306640625 -0.11651611328125
0.109138488769531 0.0712203979492188 0.159286499023438 -0.0891571044921875
0.054290771484375 0.12872314453125 0.115676879882813 -0.118408203125
-0.0772705078125 0.14703369140625 0.121856689453125 -0.204803466796875
-0.152099609375 0.117752075195312 0.160858154296875 -0.3739013671875
-0.178817749023438 0.0147857666015625 0.4217529296875 -0.52978515625
-0.32171630859375 0.2603759765625 -0.00781250000000005 -0.303863525390625
-0.20330810546875 0.35369873046875 -0.031402587890625 -0.20159912109375
-0.0390625 0.431793212890625 -0.0616989135742187 -0.0149116516113281
0.178466796875 0.325897216796875 0.027618408203125 0.0657844543457032
0.268630981445313 0.18951416015625 0.107643127441406 0.12042236328125
0.3134765625 -0.0047607421875 0.251235961914063 0.0237884521484375
0.293304443359375 -0.10736083984375 0.28240966796875 -0.119476318359375
0.273834228515625 -0.06842041015625 0.224990844726563 -0.161056518554688
0.28375244140625 -0.095001220703125 0.226791381835938 -0.165908813476562
0.264312744140625 -0.0142822265625 0.183685302734375 -0.127792358398438
0.252838134765625 0.100143432617188 0.0830764770507813 -0.0960769653320312
0.185333251953125 0.201522827148438 0.045623779296875 -0.143524169921875
-0.01446533203125 0.31024169921875 0.053863525390625 -0.246826171875
-0.13250732421875 0.3184814453125 0.10791015625 -0.400390625
-0.228439331054687 0.217422485351563 0.33984375 -0.537139892578125
-0.353240966796875 0.400146484375 -0.0938720703125 -0.218536376953125
-0.246917724609375 0.464752197265625 -0.06378173828125 -0.15283203125
-0.07147216796875 0.5645751953125 -0.0942611694335937 -0.0300521850585937
0.203277587890625 0.448974609375 -0.0385818481445312 0.0432891845703125
0.32611083984375 0.2886962890625 0.0157699584960938 0.116264343261719
0.416656494140625 0.0374755859375 0.148208618164063 0.04974365234375
0.39422607421875 -0.117218017578125 0.168441772460938 -0.0661163330078125
0.36700439453125 -0.090911865234375 0.110267639160156 -0.108169555664063
0.3856201171875 -0.14556884765625 0.116950988769531 -0.120529174804688
0.369598388671875 -0.053497314453125 0.0744781494140625 -0.109954833984375
0.37969970703125 0.10015869140625 -0.00675964355468747 -0.0800247192382813
0.316314697265625 0.23974609375 -0.031280517578125 -0.144699096679687
0.0748291015625 0.437225341796875 -0.0150604248046875 -0.252716064453125
-0.07806396484375 0.48236083984375 0.0584716796875 -0.36761474609375
-0.238372802734375 0.39117431640625 0.24468994140625 -0.4698486328125
-0.32513427734375 0.485565185546875 -0.20147705078125 -0.0930633544921874
-0.234619140625 0.5225830078125 -0.111244201660156 -0.0734710693359375
-0.063720703125 0.61663818359375 -0.122726440429687 -0.0341949462890625
0.21728515625 0.499298095703125 -0.103569030761719 0.0125732421875
0.345458984375 0.33636474609375 -0.0813827514648437 0.0870361328125
0.459014892578125 0.06573486328125 0.0166130065917969 0.0566520690917969
0.434356689453125 -0.114349365234375 0.0236930847167969 -0.00848388671875001
0.40447998046875 -0.10260009765625 -0.0212783813476562 -0.0384407043457031
0.42730712890625 -0.174346923828125 -0.0067024230957031 -0.0485572814941406
0.419281005859375 -0.085418701171875 -0.0460281372070312 -0.0618553161621094
0.45166015625 0.084991455078125 -0.0987167358398437 -0.0391998291015625
0.40069580078125 0.24462890625 -0.102462768554687 -0.117835998535156
0.15325927734375 0.501007080078125 -0.06781005859375 -0.220672607421875
-0.01385498046875 0.56988525390625 0.0269317626953125 -0.276748657226563
-0.20855712890625 0.4998779296875 0.14715576171875 -0.333221435546875
-0.240020751953125 0.50482177734375 -0.3046875 0.0581665039062501
-0.1605224609375 0.51080322265625 -0.16033935546875 0.0260620117187501
-0.01446533203125 0.567626953125 -0.146148681640625 -0.022216796875
0.219390869140625 0.449859619140625 -0.161956787109375 -0.00961303710937496
0.3203125 0.309295654296875 -0.168258666992187 0.0498504638671875
0.4290771484375 0.0640869140625 -0.120574951171875 0.0542068481445313
0.404876708984375 -0.10028076171875 -0.128036499023437 0.0497817993164062
0.378814697265625 -0.09771728515625 -0.150100708007813 0.0400848388671875
0.405731201171875 -0.1693115234375 -0.129592895507812 0.0355224609375
0.40020751953125 -0.087066650390625 -0.161544799804687 0.0015106201171875
0.4376220703125 0.0745849609375 -0.179061889648437 0.00953674316406251
0.39678955078125 0.22119140625 -0.155548095703125 -0.0773468017578125
0.177001953125 0.47479248046875 -0.091461181640625 -0.162765502929687
0.032867431640625 0.553985595703125 0.01898193359375 -0.146865844726563
-0.157135009765625 0.519805908203125 0.0604248046875 -0.152099609375
-0.11279296875 0.449981689453125 -0.37884521484375 0.216827392578125
-0.048980712890625 0.426177978515625 -0.197647094726563 0.133224487304688
0.056640625 0.420806884765625 -0.159744262695313 0.01019287109375
0.19805908203125 0.312042236328125 -0.20001220703125 -0.00663757324218745
0.251449584960938 0.214569091796875 -0.222747802734375 0.0257110595703125
0.3311767578125 0.0360107421875 -0.231201171875 0.054840087890625
0.310546875 -0.081451416015625 -0.25604248046875 0.10546875
0.294342041015625 -0.07879638671875 -0.256942749023437 0.114501953125
0.321136474609375 -0.127593994140625 -0.237640380859375 0.110061645507813
0.311614990234375 -0.056060791015625 -0.2552490234375 0.0531158447265625
0.334625244140625 0.07501220703125 -0.23431396484375 0.03912353515625
0.29461669921875 0.17852783203125 -0.181793212890625 -0.0443572998046875
0.13690185546875 0.36248779296875 -0.089630126953125 -0.100967407226562
0.05340576171875 0.430999755859375 0.0223770141601563 -0.0119132995605469
-0.08599853515625 0.443450927734375 -0.012664794921875 0.0365104675292969
0.02349853515625 0.32513427734375 -0.4112548828125 0.365234375
0.0549774169921875 0.279586791992188 -0.211761474609375 0.238006591796875
0.105987548828125 0.218032836914062 -0.155990600585938 0.061737060546875
0.145156860351563 0.138519287109375 -0.206573486328125 0.026123046875
0.14971923828125 0.0922698974609375 -0.233993530273438 0.0241241455078125
0.18817138671875 -0.0015716552734375 -0.294097900390625 0.066802978515625
0.168487548828125 -0.052337646484375 -0.336395263671875 0.1552734375
0.1641845703125 -0.0483245849609375 -0.325469970703125 0.171295166015625
0.18536376953125 -0.0630340576171875 -0.315948486328125 0.15716552734375
0.17340087890625 -0.0112457275390625 -0.31488037109375 0.07220458984375
0.171981811523438 0.06756591796875 -0.255889892578125 0.0333251953125
0.136093139648438 0.105491638183594 -0.180908203125 -0.033721923828125
0.0687408447265625 0.182205200195313 -0.07080078125 -0.0532989501953125
0.06475830078125 0.233383178710937 0.0248641967773438 0.0966033935546875
0.00399780273437502 0.29254150390625 -0.0653533935546875 0.194839477539063
0.141281127929688 0.142959594726563 -0.40118408203125 0.482208251953125
0.121894836425781 0.102058410644531 -0.199554443359375 0.330413818359375
0.111976623535156 0.011199951171875 -0.127449035644531 0.124130249023438
0.0612716674804688 -0.0212135314941406 -0.1751708984375 0.075225830078125
0.0312042236328125 -0.0189361572265625 -0.20556640625 0.036590576171875
0.0257587432861328 -0.0255374908447266 -0.304046630859375 0.0865173339843749
0.00484752655029297 -0.0112886428833008 -0.3580322265625 0.19049072265625
0.00855636596679688 -0.00984382629394531 -0.343170166015625 0.201812744140625
0.0210113525390625 0.00393867492675781 -0.351348876953125 0.16790771484375
0.00984954833984375 0.0215358734130859 -0.33184814453125 0.0575256347656249
-0.00692939758300781 0.0309104919433594 -0.24169921875 -0.00355529785156245
-0.0240287780761719 -0.00382804870605469 -0.153167724609375 -0.0435028076171875
0.0230846405029297 -0.0329017639160156 -0.0417900085449219 -0.0223655700683594
0.096771240234375 0.00495147705078125 0.02294921875 0.162643432617188
0.107994079589844 0.100570678710938 -0.0869140625 0.297271728515625
-0.245040893554688 0.1031494140625 0.042388916015625 -0.360687255859375
-0.124114990234375 0.205657958984375 -0.020172119140625 -0.231292724609375
0.0102081298828125 0.248611450195313 -0.0217456817626953 0.00427246093750002
0.136581420898438 0.159332275390625 0.0997238159179688 0.0668411254882813
0.176483154296875 0.060638427734375 0.194900512695313 0.0893402099609375
0.159637451171875 -0.05126953125 0.323394775390625 -0.030914306640625
0.139175415039062 -0.09228515625 0.357818603515625 -0.18206787109375
0.134765625 -0.0480880737304688 0.3135986328125 -0.205413818359375
0.135154724121094 -0.0562057495117188 0.3138427734375 -0.195526123046875
0.130599975585937 -0.00222015380859375 0.271896362304688 -0.122116088867187
0.1217041015625 0.0614547729492187 0.159103393554687 -0.0890960693359375
0.0707473754882813 0.130638122558594 0.110023498535156 -0.124259948730469
-0.064178466796875 0.165115356445312 0.114303588867187 -0.22021484375
-0.142959594726563 0.139938354492188 0.151611328125 -0.399444580078125
-0.180328369140625 0.036834716796875 0.41546630859375 -0.5638427734375
-0.316986083984375 0.291107177734375 -0.00320434570312502 -0.319183349609375
-0.18695068359375 0.36785888671875 -0.0287628173828125 -0.215118408203125
-0.014862060546875 0.44097900390625 -0.0570411682128906 -0.0131416320800781
0.19903564453125 0.31719970703125 0.0363273620605469 0.0645675659179688
0.282470703125 0.175445556640625 0.1219482421875 0.122474670410156
0.31317138671875 -0.025238037109375 0.265167236328125 0.01513671875
0.288787841796875 -0.129119873046875 0.292510986328125 -0.133819580078125
0.275543212890625 -0.086669921875 0.232269287109375 -0.170700073242188
0.28350830078125 -0.118072509765625 0.23382568359375 -0.175186157226563
0.272140502929688 -0.0314788818359375 0.187606811523438 -0.127944946289062
0.269943237304687 0.088592529296875 0.0814208984375 -0.0918731689453125
0.206787109375 0.203399658203125 0.037261962890625 -0.143569946289063
0.00427246093750002 0.3333740234375 0.0426483154296875 -0.255645751953125
-0.118194580078125 0.346923828125 0.095703125 -0.41943359375
-0.2283935546875 0.247833251953125 0.329925537109375 -0.5618896484375
-0.349639892578125 0.4342041015625 -0.0878753662109375 -0.221572875976562
-0.23284912109375 0.48565673828125 -0.0578155517578125 -0.159317016601562
-0.0469970703125 0.58367919921875 -0.0899581909179688 -0.024688720703125
0.22918701171875 0.446685791015625 -0.0304832458496094 0.0476417541503907
0.347869873046875 0.28106689453125 0.0295562744140625 0.123817443847656
0.424774169921875 0.016387939453125 0.163406372070313 0.0462646484375
0.396697998046875 -0.14166259765625 0.178543090820313 -0.0727386474609375
0.37469482421875 -0.1121826171875 0.11590576171875 -0.109657287597656
0.388824462890625 -0.171295166015625 0.122856140136719 -0.123252868652344
0.3782958984375 -0.073577880859375 0.0772552490234375 -0.104560852050781
0.399078369140625 0.085540771484375 -0.00796508789062498 -0.0703201293945313
0.341064453125 0.237823486328125 -0.0400543212890625 -0.138252258300781
0.09844970703125 0.46063232421875 -0.0284271240234375 -0.25421142578125
-0.0567626953125 0.510498046875 0.0457763671875 -0.378570556640625
-0.235015869140625 0.426513671875 0.232879638671875 -0.483642578125
-0.324920654296875 0.518585205078125 -0.195297241210938 -0.0831146240234374
-0.22515869140625 0.54669189453125 -0.104248046875 -0.0698928833007813
-0.0430908203124999 0.64373779296875 -0.119071960449219 -0.0241470336914062
0.2440185546875 0.503509521484375 -0.0964279174804687 0.0223236083984375
0.370452880859375 0.33575439453125 -0.0699234008789062 0.0985183715820313
0.473358154296875 0.050262451171875 0.0295257568359375 0.0584449768066406
0.44281005859375 -0.13641357421875 0.0314579010009766 -0.00704193115234376
0.415313720703125 -0.122314453125 -0.0174446105957031 -0.0317096710205078
0.4329833984375 -0.199920654296875 -0.00189971923828123 -0.0445442199707031
0.428955078125 -0.1041259765625 -0.0440864562988281 -0.0513687133789063
0.47149658203125 0.0692138671875 -0.09967041015625 -0.0250244140625
0.425201416015625 0.240509033203125 -0.110313415527344 -0.10614013671875
0.179412841796875 0.51947021484375 -0.0798797607421875 -0.215286254882812
0.00775146484375003 0.59454345703125 0.0169219970703125 -0.279708862304687
-0.205657958984375 0.533905029296875 0.13641357421875 -0.334991455078125
-0.2403564453125 0.53045654296875 -0.299957275390625 0.080047607421875
-0.154693603515625 0.533447265625 -0.15380859375 0.0404510498046875
0.000244140625000065 0.593505859375 -0.143417358398437 -0.00775146484374997
0.240081787109375 0.459503173828125 -0.157028198242187 0.00382995605468754
0.343719482421875 0.314422607421875 -0.16143798828125 0.06317138671875
0.445465087890625 0.053680419921875 -0.1126708984375 0.060546875
0.416412353515625 -0.11767578125 -0.123603820800781 0.0592498779296875
0.39202880859375 -0.113494873046875 -0.147903442382812 0.0536651611328125
0.414306640625 -0.18878173828125 -0.126136779785156 0.0467987060546875
0.410003662109375 -0.10235595703125 -0.160125732421875 0.0166168212890625
0.45458984375 0.064727783203125 -0.178192138671875 0.026763916015625
0.417022705078125 0.217620849609375 -0.161209106445312 -0.0625152587890625
0.197113037109375 0.490325927734375 -0.10186767578125 -0.153045654296875
0.05078125 0.57275390625 0.01422119140625 -0.14202880859375
-0.154052734375 0.547271728515625 0.052215576171875 -0.142074584960937
-0.112701416015625 0.46527099609375 -0.37457275390625 0.2491455078125
-0.04815673828125 0.439544677734375 -0.192001342773437 0.15673828125
0.063018798828125 0.439697265625 -0.157760620117188 0.0273590087890625
0.209991455078125 0.321929931640625 -0.196853637695313 0.00822448730468754
0.2667236328125 0.223052978515625 -0.2205810546875 0.037933349609375
0.346038818359375 0.0333251953125 -0.229873657226562 0.06439208984375
0.32275390625 -0.0906982421875 -0.256149291992188 0.121932983398438
0.307098388671875 -0.08685302734375 -0.256988525390625 0.13311767578125
0.33026123046875 -0.139892578125 -0.2359619140625 0.126846313476563
0.321990966796875 -0.06317138671875 -0.255477905273438 0.0709228515625
0.34808349609375 0.071136474609375 -0.233428955078125 0.0569610595703125
0.307891845703125 0.180206298828125 -0.186477661132812 -0.028839111328125
0.14764404296875 0.374786376953125 -0.0970840454101562 -0.0898208618164062
0.06158447265625 0.44354248046875 0.0223579406738281 -0.00268745422363279
-0.085968017578125 0.460235595703125 -0.0170326232910156 0.0548782348632813
0.023223876953125 0.325469970703125 -0.406951904296875 0.40447998046875
0.05487060546875 0.2818603515625 -0.205780029296875 0.267303466796875
0.104049682617187 0.223861694335937 -0.152587890625 0.0804443359375
0.146026611328125 0.144180297851563 -0.202102661132813 0.0402679443359375
0.155303955078125 0.100082397460938 -0.234344482421875 0.032501220703125
0.196197509765625 0.0032501220703125 -0.297760009765625 0.07794189453125
0.179672241210938 -0.052276611328125 -0.3404541015625 0.175048828125
0.175399780273438 -0.04803466796875 -0.327056884765625 0.193115234375
0.19647216796875 -0.0656280517578125 -0.31683349609375 0.17755126953125
0.183059692382813 -0.0091705322265625 -0.318145751953125 0.089691162109375
0.181289672851562 0.073150634765625 -0.256851196289063 0.04833984375
0.140182495117188 0.113456726074219 -0.185272216796875 -0.019927978515625
0.0662689208984375 0.191146850585938 -0.0777587890625 -0.042877197265625
0.0615692138671875 0.237350463867188 0.0266494750976562 0.108741760253906
0.00042724609375001 0.297332763671875 -0.067352294921875 0.218414306640625
0.141143798828125 0.129959106445313 -0.393890380859375 0.519927978515625
0.120567321777344 0.0923309326171875 -0.191558837890625 0.360687255859375
0.102333068847656 0.00457763671875 -0.121566772460937 0.14068603515625
0.0524253845214844 -0.0198249816894531 -0.1685791015625 0.0864105224609375
0.0258941650390625 -0.0122966766357422 -0.206253051757813 0.0401763916015625
0.0274105072021484 -0.0150527954101563 -0.310882568359375 0.0963745117187499
0.0130062103271484 -0.00110340118408203 -0.3636474609375 0.210113525390625
0.0160255432128906 -0.000971794128417969 -0.34759521484375 0.221771240234375
0.0313625335693359 0.0125617980957031 -0.355621337890625 0.18804931640625
0.0187015533447266 0.0313243865966797 -0.338653564453125 0.07269287109375
-0.002838134765625 0.0443763732910156 -0.246688842773438 0.00773620605468752
-0.0275001525878906 0.00850105285644532 -0.158615112304687 -0.0333709716796875
0.00940895080566406 -0.028656005859375 -0.0485992431640625 -0.0137939453125
0.0831985473632813 0.00080108642578125 0.0241851806640625 0.176055908203125
0.1007080078125 0.0928573608398438 -0.088531494140625 0.320343017578125
-0.2373046875 0.1309814453125 0.03076171875 -0.38739013671875
-0.10614013671875 0.2132568359375 -0.0308685302734375 -0.24951171875
0.0337371826171875 0.247299194335938 -0.017608642578125 0.0026378631591797
0.151611328125 0.144790649414063 0.107963562011719 0.0582809448242188
0.182388305664063 0.0407257080078125 0.21014404296875 0.079315185546875
0.150054931640625 -0.070648193359375 0.333984375 -0.051788330078125
0.127021789550781 -0.108848571777344 0.36090087890625 -0.211944580078125
0.129066467285156 -0.0637741088867188 0.316802978515625 -0.232208251953125
0.128585815429688 -0.0735702514648438 0.31842041015625 -0.22119140625
0.132575988769531 -0.0182342529296875 0.278060913085938 -0.136093139648438
0.133338928222656 0.0483474731445313 0.159027099609375 -0.0947723388671875
0.0905990600585937 0.129280090332031 0.10223388671875 -0.1326904296875
-0.0451812744140625 0.181564331054687 0.100387573242188 -0.2392578125
-0.127044677734375 0.162887573242188 0.1297607421875 -0.4306640625
-0.178451538085938 0.061859130859375 0.39337158203125 -0.6129150390625
-0.30413818359375 0.330108642578125 -0.0101318359375001 -0.3382568359375
-0.164520263671875 0.386627197265625 -0.0354766845703125 -0.23095703125
0.018768310546875 0.451629638671875 -0.0538330078125 -0.0107955932617187
0.2257080078125 0.3055419921875 0.044921875 0.0626182556152344
0.301055908203125 0.15606689453125 0.139511108398438 0.118995666503906
0.31195068359375 -0.05255126953125 0.28070068359375 -0.001617431640625
0.281051635742188 -0.157073974609375 0.29986572265625 -0.15777587890625
0.275833129882813 -0.11236572265625 0.236083984375 -0.188339233398437
0.280227661132813 -0.147552490234375 0.2386474609375 -0.193618774414062
0.278427124023438 -0.055511474609375 0.191757202148438 -0.136123657226563
0.28961181640625 0.06903076171875 0.0804519653320313 -0.0904006958007813
0.235595703125 0.197769165039062 0.0275115966796875 -0.14532470703125
0.03485107421875 0.354095458984375 0.0245819091796875 -0.266098022460938
-0.090728759765625 0.37603759765625 0.07183837890625 -0.442962646484375
-0.219268798828125 0.2850341796875 0.3055419921875 -0.599853515625
-0.33538818359375 0.48004150390625 -0.0892486572265625 -0.22760009765625
-0.207366943359375 0.51458740234375 -0.0589599609375 -0.167694091796875
-0.00695800781249995 0.60736083984375 -0.0867919921875 -0.0179672241210937
0.264373779296875 0.44268798828125 -0.0214042663574219 0.0518951416015625
0.377044677734375 0.26605224609375 0.0484542846679688 0.128700256347656
0.433685302734375 -0.01348876953125 0.180343627929688 0.0359954833984375
0.3948974609375 -0.175811767578125 0.187225341796875 -0.0871429443359375
0.379791259765625 -0.143310546875 0.119789123535156 -0.116714477539063
0.3873291015625 -0.2076416015625 0.127052307128906 -0.132453918457031
0.38653564453125 -0.102569580078125 0.0797958374023438 -0.104766845703125
0.4224853515625 0.05938720703125 -0.00939559936523435 -0.062103271484375
0.37506103515625 0.227203369140625 -0.0502395629882812 -0.132041931152344
0.138671875 0.480712890625 -0.0471343994140625 -0.255615234375
-0.0212707519531249 0.540802001953125 0.02386474609375 -0.39361572265625
-0.2196044921875 0.469451904296875 0.210968017578125 -0.50701904296875
-0.3099365234375 0.56640625 -0.192123413085938 -0.0722503662109374
-0.20147705078125 0.5816650390625 -0.101081848144531 -0.0672912597656249
-0.00274658203125 0.673828125 -0.116371154785156 -0.0121459960937499
0.28387451171875 0.5062255859375 -0.0891571044921875 0.0327835083007813
0.40655517578125 0.326080322265625 -0.0551605224609375 0.109748840332031
0.490570068359375 0.02020263671875 0.044036865234375 0.0568656921386719
0.447967529296875 -0.171844482421875 0.0394935607910157 -0.00820922851562501
0.424530029296875 -0.154144287109375 -0.013763427734375 -0.0264930725097656
0.434906005859375 -0.238250732421875 0.00234222412109377 -0.0422592163085938
0.437042236328125 -0.135528564453125 -0.0423583984375 -0.0418663024902344
0.493927001953125 0.04150390625 -0.0992813110351562 -0.0102005004882813
0.458984375 0.22344970703125 -0.118247985839844 -0.0931777954101562
0.221832275390625 0.5347900390625 -0.0964202880859374 -0.208969116210938
0.04901123046875 0.62261962890625 0.00146484374999998 -0.28521728515625
-0.18560791015625 0.57666015625 0.120025634765625 -0.342071533203125
-0.22705078125 0.569091796875 -0.293060302734375 0.108978271484375
-0.136962890625 0.563232421875 -0.146957397460937 0.0552978515625
0.0345458984375001 0.62530517578125 -0.141281127929687 0.00953674316406252
0.276092529296875 0.465087890625 -0.151535034179687 0.0184326171875
0.379791259765625 0.311798095703125 -0.15252685546875 0.0786895751953125
0.466461181640625 0.031402587890625 -0.104400634765625 0.0675201416015625
0.42730712890625 -0.14923095703125 -0.118209838867187 0.0708770751953125
0.403839111328125 -0.14111328125 -0.145233154296875 0.0702056884765625
0.417572021484375 -0.223175048828125 -0.121749877929687 0.059722900390625
0.419586181640625 -0.130645751953125 -0.158599853515625 0.0339508056640625
0.475433349609375 0.040985107421875 -0.176345825195312 0.046722412109375
0.446868896484375 0.20440673828125 -0.16680908203125 -0.0447235107421875
0.23565673828125 0.501953125 -0.1131591796875 -0.141555786132812
0.0882568359374999 0.5928955078125 0.00770568847656249 -0.140174865722656
-0.13458251953125 0.58367919921875 0.0449905395507812 -0.134895324707031
-0.1031494140625 0.4876708984375 -0.36334228515625 0.291351318359375
-0.033843994140625 0.45916748046875 -0.181854248046875 0.183151245117188
0.084320068359375 0.460479736328125 -0.1536865234375 0.0478820800781251
0.234161376953125 0.32794189453125 -0.19281005859375 0.0264434814453125
0.2940673828125 0.22381591796875 -0.2176513671875 0.0540008544921875
0.363739013671875 0.0191650390625 -0.22735595703125 0.0799560546875
0.334503173828125 -0.11199951171875 -0.253753662109375 0.144149780273437
0.32073974609375 -0.10723876953125 -0.254867553710937 0.15875244140625
0.338348388671875 -0.1644287109375 -0.231857299804687 0.150253295898438
0.3326416015625 -0.08135986328125 -0.254791259765625 0.09393310546875
0.36700439453125 0.05889892578125 -0.231491088867187 0.0784759521484375
0.32916259765625 0.17376708984375 -0.190017700195313 -0.00964355468749998
0.1707763671875 0.386138916015625 -0.104606628417969 -0.0765151977539062
0.084991455078125 0.45721435546875 0.0246315002441406 0.0053672790527344
-0.071868896484375 0.485626220703125 -0.0159225463867188 0.0747146606445313
0.030792236328125 0.33056640625 -0.390960693359375 0.453765869140625
0.061859130859375 0.287017822265625 -0.191680908203125 0.300872802734375
0.110153198242188 0.231353759765625 -0.146102905273437 0.101959228515625
0.154190063476563 0.147857666015625 -0.19757080078125 0.058837890625
0.167327880859375 0.10443115234375 -0.2354736328125 0.0455322265625
0.207992553710938 0.000335693359375 -0.300933837890625 0.095458984375
0.19122314453125 -0.0607757568359375 -0.339630126953125 0.205108642578125
0.186859130859375 -0.056060791015625 -0.326080322265625 0.223724365234375
0.20745849609375 -0.07537841796875 -0.314361572265625 0.206695556640625
0.195404052734375 -0.0150299072265625 -0.320526123046875 0.115234375
0.195693969726563 0.0732574462890625 -0.258010864257812 0.0689392089843751
0.151351928710938 0.117630004882813 -0.18914794921875 -0.00242614746093751
0.071990966796875 0.201095581054688 -0.0828170776367188 -0.029632568359375
0.0670623779296875 0.244064331054688 0.0347671508789062 0.120895385742188
0.003875732421875 0.308319091796875 -0.059356689453125 0.245162963867188
0.1429443359375 0.117034912109375 -0.372802734375 0.57122802734375
0.121353149414062 0.0843658447265625 -0.171630859375 0.397003173828125
0.0947952270507813 -0.0009613037109375 -0.110626220703125 0.160568237304688
0.0456733703613281 -0.0186195373535156 -0.160934448242188 0.1009521484375
0.0232505798339844 -0.0058135986328125 -0.209182739257813 0.0487518310546875
0.0313796997070313 -0.00711441040039063 -0.31683349609375 0.11456298828125
0.0226058959960938 0.00468826293945313 -0.36480712890625 0.24176025390625
0.0252971649169922 0.00440788269042969 -0.347381591796875 0.25299072265625
0.0439987182617188 0.0167579650878906 -0.355926513671875 0.21856689453125
0.0299530029296875 0.0380134582519531 -0.345367431640625 0.096832275390625
0.00506591796875 0.0559768676757813 -0.2520751953125 0.0243377685546875
-0.0285415649414063 0.0218410491943359 -0.16485595703125 -0.0198822021484375
-0.00307273864746094 -0.0216655731201172 -0.0533294677734375 -0.00307846069335937
0.0713653564453125 -0.00130462646484375 0.0331268310546875 0.190093994140625
0.09521484375 0.0868377685546875 -0.078125 0.349456787109375
-0.219070434570313 0.159912109375 0.00451660156250001 -0.40802001953125
-0.082794189453125 0.217987060546875 -0.051788330078125 -0.26275634765625
0.060943603515625 0.238693237304688 -0.014613151550293 0.000388145446777359
0.164993286132813 0.123916625976563 0.113685607910156 0.0451278686523438
0.183975219726563 0.0170135498046875 0.221694946289063 0.0617218017578125
0.134239196777344 -0.0886917114257813 0.336181640625 -0.081634521484375
0.1080322265625 -0.122947692871094 0.351318359375 -0.248626708984375
0.119377136230469 -0.07879638671875 0.306549072265625 -0.264190673828125
0.116462707519531 -0.0902252197265625 0.311187744140625 -0.254150390625
0.129707336425781 -0.0355911254882813 0.277023315429688 -0.1578369140625
0.141830444335938 0.02984619140625 0.15521240234375 -0.102188110351563
0.111190795898437 0.120857238769531 0.090301513671875 -0.1409912109375
-0.0184783935546875 0.1922607421875 0.076873779296875 -0.255096435546875
-0.102645874023437 0.182342529296875 0.090545654296875 -0.45599365234375
-0.1695556640625 0.0876617431640625 0.34552001953125 -0.6605224609375
-0.273956298828125 0.369537353515625 -0.02923583984375 -0.35223388671875
-0.128631591796875 0.40130615234375 -0.051513671875 -0.242233276367187
0.063079833984375 0.4512939453125 -0.049591064453125 -0.00824737548828123
0.25445556640625 0.2823486328125 0.0542259216308594 0.0567245483398438
0.3162841796875 0.126220703125 0.158004760742188 0.108718872070312
0.301544189453125 -0.08428955078125 0.289703369140625 -0.02728271484375
0.26202392578125 -0.186737060546875 0.2955322265625 -0.188262939453125
0.266036987304688 -0.141632080078125 0.230300903320313 -0.211990356445313
0.26544189453125 -0.1793212890625 0.232635498046875 -0.218353271484375
0.276153564453125 -0.085205078125 0.190643310546875 -0.148666381835938
0.303253173828125 0.03839111328125 0.0773773193359375 -0.0902862548828125
0.264572143554688 0.180007934570313 0.0153045654296875 -0.144744873046875
0.077301025390625 0.36346435546875 0.000198364257812512 -0.272689819335938
-0.0484619140625 0.396759033203125 0.0323486328125 -0.46014404296875
-0.19488525390625 0.322174072265625 0.26043701171875 -0.6346435546875
-0.298919677734375 0.52734375 -0.09747314453125 -0.229263305664062
-0.165283203125 0.539276123046875 -0.06719970703125 -0.1724853515625
0.0506591796875 0.617431640625 -0.0819549560546875 -0.00947570800781245
0.307464599609375 0.42059326171875 -0.0104103088378906 0.0539054870605469
0.40679931640625 0.235198974609375 0.0697174072265625 0.126869201660156
0.432952880859375 -0.053924560546875 0.193374633789063 0.017608642578125
0.380401611328125 -0.215423583984375 0.189010620117188 -0.105697631835938
0.37249755859375 -0.182373046875 0.118782043457031 -0.126144409179688
0.371002197265625 -0.24932861328125 0.12469482421875 -0.144454956054688
0.38299560546875 -0.14141845703125 0.079559326171875 -0.106689453125
0.43695068359375 0.01995849609375 -0.00968933105468748 -0.0542831420898438
0.406646728515625 0.199432373046875 -0.0602035522460937 -0.122451782226563
0.191314697265625 0.483612060546875 -0.069915771484375 -0.251907348632812
0.034149169921875 0.558624267578125 -0.01025390625 -0.4010009765625
-0.182281494140625 0.51043701171875 0.173126220703125 -0.526641845703125
-0.2711181640625 0.61090087890625 -0.1873779296875 -0.0581207275390625
-0.157958984375 0.61029052734375 -0.0993270874023438 -0.06317138671875
0.05914306640625 0.6934814453125 -0.110252380371094 0.00204467773437502
0.33184814453125 0.488677978515625 -0.0783157348632813 0.0423583984375
0.446807861328125 0.297760009765625 -0.0359878540039062 0.117050170898438
0.49761962890625 -0.021759033203125 0.057281494140625 0.0494461059570313
0.438018798828125 -0.216278076171875 0.0459060668945313 -0.0126380920410156
0.420501708984375 -0.196014404296875 -0.0102119445800781 -0.0217742919921875
0.419708251953125 -0.2840576171875 0.00515747070312503 -0.0415267944335938
0.4332275390625 -0.177459716796875 -0.0397682189941406 -0.0331916809082031
0.508514404296875 -0.0029296875 -0.0952377319335937 0.00575256347656249
0.49072265625 0.190338134765625 -0.124969482421875 -0.0766220092773437
0.277923583984375 0.531982421875 -0.113906860351562 -0.196640014648438
0.109130859375 0.63214111328125 -0.02191162109375 -0.285064697265625
-0.143310546875 0.61578369140625 0.0954895019531249 -0.34771728515625
-0.1912841796875 0.60711669921875 -0.274765014648437 0.138595581054688
-0.09765625 0.59027099609375 -0.135246276855469 0.0708694458007813
0.0882568359375 0.64373779296875 -0.133438110351563 0.0285873413085938
0.321044921875 0.454620361328125 -0.141510009765625 0.0354156494140625
0.418914794921875 0.289459228515625 -0.137886047363281 0.0934982299804688
0.479156494140625 -0.006805419921875 -0.0931472778320312 0.0731430053710938
0.423583984375 -0.18963623046875 -0.108299255371094 0.0828781127929687
0.403594970703125 -0.178985595703125 -0.136428833007812 0.0889892578125
0.4068603515625 -0.264892578125 -0.112861633300781 0.0736846923828125
0.416473388671875 -0.16656494140625 -0.151947021484375 0.053314208984375
0.49005126953125 0.0015869140625 -0.1678466796875 0.0680999755859375
0.474578857421875 0.173583984375 -0.168121337890625 -0.02349853515625
0.284332275390625 0.497222900390625 -0.123504638671875 -0.125602722167969
0.14019775390625 0.5987548828125 -0.000900268554687495 -0.136550903320312
-0.0935668945312499 0.6160888671875 0.0362396240234375 -0.126914978027344
-0.075042724609375 0.508392333984375 -0.334747314453125 0.33392333984375
-0.00637817382812497 0.474853515625 -0.16064453125 0.208847045898437
0.120330810546875 0.472412109375 -0.143447875976563 0.0706024169921875
0.26556396484375 0.3216552734375 -0.1826171875 0.0472259521484375
0.32391357421875 0.210845947265625 -0.20989990234375 0.07293701171875
0.376312255859375 -0.0064697265625 -0.221359252929687 0.09619140625
0.33697509765625 -0.142333984375 -0.241729736328125 0.171142578125
0.323455810546875 -0.135223388671875 -0.24176025390625 0.188262939453125
0.334686279296875 -0.195098876953125 -0.218154907226562 0.174591064453125
0.33514404296875 -0.109100341796875 -0.246566772460938 0.121307373046875
0.3822021484375 0.03155517578125 -0.222198486328125 0.1031494140625
0.351043701171875 0.15478515625 -0.188858032226562 0.0132293701171875
0.2041015625 0.384857177734375 -0.108688354492187 -0.0603866577148437
0.119720458984375 0.461181640625 0.0293483734130859 0.0108776092529297
-0.0426025390625 0.50830078125 -0.00769805908203124 0.0921478271484375
0.046600341796875 0.333221435546875 -0.350921630859375 0.5042724609375
0.076751708984375 0.288848876953125 -0.161468505859375 0.33221435546875
0.12359619140625 0.234085083007813 -0.131660461425781 0.124542236328125
0.165939331054688 0.145431518554688 -0.185104370117188 0.078643798828125
0.1826171875 0.100799560546875 -0.231109619140625 0.063995361328125
0.2183837890625 -0.0111846923828125 -0.29833984375 0.119659423828125
0.197662353515625 -0.0760498046875 -0.3270263671875 0.239593505859375
0.19403076171875 -0.0705413818359375 -0.31011962890625 0.260162353515625
0.212127685546875 -0.093231201171875 -0.299713134765625 0.2396240234375
0.204299926757813 -0.02777099609375 -0.3133544921875 0.147125244140625
0.210586547851563 0.064117431640625 -0.251739501953125 0.0941314697265625
0.164749145507813 0.115264892578125 -0.188323974609375 0.019378662109375
0.0844268798828125 0.207748413085938 -0.0837631225585938 -0.0149154663085937
0.0791168212890625 0.247283935546875 0.0481491088867188 0.128120422363281
0.017822265625 0.31658935546875 -0.039581298828125 0.269271850585938
0.143829345703125 0.1016845703125 -0.326416015625 0.619873046875
0.121284484863281 0.0737686157226563 -0.13482666015625 0.427764892578125
0.0863037109375 -0.0058441162109375 -0.091583251953125 0.1781005859375
0.0395545959472656 -0.0161819458007813 -0.14642333984375 0.1165771484375
0.0228271484375 -0.00048828125 -0.207855224609375 0.0621185302734375
0.0368194580078125 -0.00242996215820313 -0.314971923828125 0.139678955078125
0.0323677062988281 0.00630378723144531 -0.3519287109375 0.2794189453125
0.0348320007324219 0.00584983825683594 -0.33172607421875 0.290283203125
0.0563201904296875 0.0159072875976562 -0.3438720703125 0.256317138671875
0.0426368713378906 0.0401802062988281 -0.343505859375 0.1292724609375
0.0167045593261719 0.06439208984375 -0.251876831054687 0.04693603515625
-0.0251216888427734 0.0342788696289062 -0.167022705078125 -0.00146484374999999
-0.0132217407226563 -0.0120325088500977 -0.0545883178710938 0.0092010498046875
0.0598030090332031 -0.00133895874023438 0.050018310546875 0.199508666992188
0.0909271240234375 0.0806121826171875 -0.0532531738281249 0.375030517578125
-0.190628051757813 0.180389404296875 -0.027313232421875 -0.413421630859375
-0.0579986572265625 0.214706420898437 -0.07574462890625 -0.263275146484375
0.0826568603515625 0.220443725585937 -0.0119457244873047 -0.00225448608398436
0.16961669921875 0.0988006591796875 0.114250183105469 0.0314559936523438
0.1763916015625 -0.005950927734375 0.224349975585938 0.04052734375
0.113136291503906 -0.100212097167969 0.325347900390625 -0.109588623046875
0.0859527587890625 -0.128753662109375 0.32568359375 -0.27789306640625
0.1046142578125 -0.0895462036132813 0.282012939453125 -0.28900146484375
0.0990676879882813 -0.101211547851563 0.2880859375 -0.279449462890625
0.120658874511719 -0.0503921508789062 0.26519775390625 -0.176681518554688
0.14215087890625 0.0102996826171875 0.147216796875 -0.108154296875
0.126487731933594 0.105110168457031 0.07513427734375 -0.143722534179688
0.00933837890625002 0.191802978515625 0.0482025146484375 -0.259796142578125
-0.0738525390625 0.190109252929687 0.044403076171875 -0.46185302734375
-0.152099609375 0.1087646484375 0.28143310546875 -0.6817626953125
-0.22991943359375 0.39483642578125 -0.051544189453125 -0.35455322265625
-0.089691162109375 0.401031494140625 -0.0700836181640625 -0.242507934570313
0.104888916015625 0.43316650390625 -0.044464111328125 -0.00630950927734373
0.2718505859375 0.24847412109375 0.0608978271484375 0.0482101440429688
0.319122314453125 0.09149169921875 0.17034912109375 0.09149169921875
0.279678344726563 -0.1107177734375 0.285675048828125 -0.054534912109375
0.232925415039062 -0.20611572265625 0.278091430664063 -0.213668823242188
0.245223999023438 -0.165237426757813 0.213653564453125 -0.2286376953125
0.239059448242188 -0.20172119140625 0.215789794921875 -0.236343383789062
0.261627197265625 -0.11187744140625 0.18170166015625 -0.159332275390625
0.3026123046875 0.00653076171875 0.0727386474609375 -0.0890960693359375
0.28338623046875 0.152984619140625 0.00279998779296877 -0.139678955078125
0.117828369140625 0.355194091796875 -0.0261688232421875 -0.267318725585938
-0.00216674804687501 0.397186279296875 -0.010833740234375 -0.45703125
-0.158721923828125 0.344146728515625 0.20123291015625 -0.64642333984375
-0.246673583984375 0.554412841796875 -0.105056762695312 -0.225357055664062
-0.11639404296875 0.543609619140625 -0.0764007568359375 -0.171920776367187
0.10662841796875 0.60284423828125 -0.0741958618164062 -0.00193786621093746
0.337677001953125 0.384307861328125 0.000446319580078142 0.0525360107421875
0.4212646484375 0.19293212890625 0.0880966186523438 0.116714477539063
0.41436767578125 -0.091552734375 0.196441650390625 -0.00373840332031251
0.348419189453125 -0.246826171875 0.182281494140625 -0.123275756835938
0.34869384765625 -0.213623046875 0.112266540527344 -0.134040832519531
0.338653564453125 -0.281402587890625 0.116134643554688 -0.153640747070313
0.3624267578125 -0.175537109375 0.076171875 -0.107810974121094
0.433624267578125 -0.0220947265625 -0.0088386535644531 -0.04571533203125
0.4239501953125 0.159637451171875 -0.0669631958007812 -0.109573364257812
0.2406005859375 0.4635009765625 -0.0902862548828125 -0.23846435546875
0.092193603515625 0.54864501953125 -0.04522705078125 -0.39288330078125
-0.133270263671875 0.530242919921875 0.126861572265625 -0.528228759765625
-0.21490478515625 0.6358642578125 -0.176925659179688 -0.0447845458984375
-0.10589599609375 0.617431640625 -0.0960464477539063 -0.0578842163085937
0.121337890625 0.68133544921875 -0.0988540649414062 0.0149078369140625
0.370758056640625 0.452392578125 -0.063812255859375 0.0482063293457032
0.47137451171875 0.255096435546875 -0.0150909423828125 0.116844177246094
0.486968994140625 -0.064788818359375 0.0654678344726563 0.0383987426757812
0.41015625 -0.253326416015625 0.0489425659179688 -0.0186538696289063
0.398193359375 -0.23248291015625 -0.00541877746582029 -0.0181312561035156
0.38653564453125 -0.318572998046875 0.00749969482421878 -0.0405693054199219
0.409271240234375 -0.213958740234375 -0.0353431701660156 -0.0252304077148438
0.501922607421875 -0.049530029296875 -0.0867843627929687 0.0196075439453125
0.5057373046875 0.14447021484375 -0.124153137207031 -0.0583648681640625
0.32598876953125 0.504913330078125 -0.125640869140625 -0.178787231445312
0.16802978515625 0.61419677734375 -0.0438690185546875 -0.27587890625
-0.0882568359375 0.6307373046875 0.06707763671875 -0.3406982421875
-0.1424560546875 0.62274169921875 -0.246383666992188 0.160415649414063
-0.0501708984375 0.59454345703125 -0.118171691894531 0.0825576782226563
0.14447021484375 0.6356201171875 -0.117813110351563 0.0457382202148438
0.3587646484375 0.42376708984375 -0.125099182128906 0.0474166870117188
0.44451904296875 0.252960205078125 -0.118270874023437 0.102493286132813
0.4739990234375 -0.046783447265625 -0.0820770263671875 0.075286865234375
0.4012451171875 -0.226531982421875 -0.0950164794921874 0.0900726318359375
0.385894775390625 -0.213043212890625 -0.121322631835937 0.102767944335937
0.37860107421875 -0.2984619140625 -0.0991744995117187 0.0839767456054688
0.39605712890625 -0.199920654296875 -0.139533996582031 0.0692138671875
0.4852294921875 -0.041778564453125 -0.152587890625 0.086273193359375
0.48486328125 0.1309814453125 -0.160995483398437 -0.00254821777343749
0.326507568359375 0.46917724609375 -0.12786865234375 -0.107254028320312
0.18994140625 0.5784912109375 -0.00924682617187499 -0.129234313964844
-0.0428466796875001 0.62542724609375 0.0292892456054688 -0.116569519042969
-0.039581298828125 0.515167236328125 -0.289764404296875 0.36175537109375
0.027313232421875 0.473052978515625 -0.131484985351562 0.224166870117188
0.158111572265625 0.466583251953125 -0.124626159667969 0.089202880859375
0.290069580078125 0.30035400390625 -0.164291381835937 0.0631866455078125
0.344207763671875 0.185089111328125 -0.19287109375 0.088134765625
0.375396728515625 -0.03662109375 -0.208053588867187 0.109039306640625
0.323028564453125 -0.172119140625 -0.219940185546875 0.189926147460938
0.313323974609375 -0.162567138671875 -0.217681884765625 0.210159301757812
0.315887451171875 -0.22369384765625 -0.194869995117187 0.19293212890625
0.32373046875 -0.135406494140625 -0.228469848632813 0.143646240234375
0.382293701171875 -3.0517578125E-05 -0.204193115234375 0.124099731445313
0.36175537109375 0.127655029296875 -0.178085327148437 0.0346527099609375
0.234466552734375 0.36920166015625 -0.107086181640625 -0.0437774658203125
0.1552734375 0.446319580078125 0.0344657897949219 0.013875961303711
-0.0048828125 0.512969970703125 0.00487518310546874 0.103836059570313
0.06365966796875 0.325927734375 -0.293792724609375 0.5302734375
0.092254638671875 0.28204345703125 -0.1221923828125 0.34844970703125
0.1380615234375 0.228988647460938 -0.108940124511719 0.140327453613281
0.175247192382813 0.136749267578125 -0.165908813476563 0.0938720703125
0.19268798828125 0.09014892578125 -0.219467163085937 0.079345703125
0.220306396484375 -0.0257720947265625 -0.28472900390625 0.139801025390625
0.19439697265625 -0.092987060546875 -0.300079345703125 0.2667236328125
0.192642211914063 -0.085479736328125 -0.28057861328125 0.285980224609375
0.207916259765625 -0.110794067382812 -0.27099609375 0.2646484375
0.204055786132813 -0.043243408203125 -0.294189453125 0.17425537109375
0.218841552734375 0.04827880859375 -0.23553466796875 0.116043090820312
0.176010131835938 0.106948852539063 -0.179214477539063 0.0401611328125
0.0977630615234375 0.2060546875 -0.0792999267578125 -0.000892639160156252
0.0926055908203125 0.24151611328125 0.063018798828125 0.128349304199219
0.034149169921875 0.31658935546875 -0.0124969482421875 0.280502319335938
0.139556884765625 0.0860671997070313 -0.2625732421875 0.643798828125
0.118141174316406 0.0628738403320313 -0.0884094238281249 0.440826416015625
0.077362060546875 -0.00800323486328125 -0.0667572021484375 0.187835693359375
0.0340538024902344 -0.01275634765625 -0.126861572265625 0.126029968261719
0.0229110717773438 0.00437545776367188 -0.199615478515625 0.074371337890625
0.0418510437011719 -6.866455078125E-05 -0.301788330078125 0.162109375
0.0406265258789063 0.00469207763671875 -0.323089599609375 0.308990478515625
0.0431060791015625 0.00402069091796875 -0.300567626953125 0.317840576171875
0.0661468505859375 0.0110893249511719 -0.314544677734375 0.285003662109375
0.0532379150390625 0.0378761291503906 -0.327056884765625 0.158721923828125
0.0292625427246094 0.0669975280761719 -0.242401123046875 0.0692596435546875
-0.0183868408203125 0.0446739196777344 -0.162124633789063 0.01708984375
-0.0186710357666016 -0.000432968139648441 -0.0505790710449219 0.0201950073242188
0.0493392944335938 0.000244140625 0.068389892578125 0.199005126953125
0.0851364135742188 0.0747756958007813 -0.020172119140625 0.3857421875
-0.16241455078125 0.187820434570312 -0.0491943359375 -0.4068603515625
-0.0407562255859375 0.20452880859375 -0.0926513671875 -0.256332397460938
0.0945281982421875 0.20025634765625 -0.00999069213867187 -0.00531864166259764
0.165878295898438 0.078125 0.109878540039063 0.0204086303710938
0.164505004882813 -0.0215606689453125 0.219833374023438 0.023590087890625
0.093292236328125 -0.1025390625 0.3076171875 -0.1259765625
0.0665283203125 -0.126533508300781 0.29736328125 -0.290496826171875
0.09033203125 -0.092926025390625 0.256927490234375 -0.298736572265625
0.08251953125 -0.104171752929688 0.26348876953125 -0.2913818359375
0.10943603515625 -0.0591506958007813 0.251861572265625 -0.186126708984375
0.136116027832031 -0.0040130615234375 0.139205932617188 -0.108863830566406
0.133369445800781 0.088958740234375 0.0619354248046875 -0.141510009765625
0.0294647216796875 0.183029174804688 0.024658203125 -0.254562377929688
-0.04840087890625 0.187606811523438 0.00805664062500001 -0.451446533203125
-0.1318359375 0.119789123535156 0.2254638671875 -0.67822265625
-0.189208984375 0.400299072265625 -0.066314697265625 -0.347869873046875
-0.060302734375 0.3887939453125 -0.0832977294921875 -0.237899780273437
0.131103515625 0.40631103515625 -0.039031982421875 -0.00585937499999997
0.274520874023438 0.216796875 0.0629615783691406 0.0399360656738281
0.310821533203125 0.0640869140625 0.174179077148438 0.0754547119140625
0.254791259765625 -0.123077392578125 0.27386474609375 -0.0731658935546875
0.203933715820313 -0.21209716796875 0.257598876953125 -0.227310180664063
0.22296142578125 -0.176132202148438 0.196044921875 -0.236236572265625
0.21173095703125 -0.212112426757813 0.197860717773438 -0.243927001953125
0.241928100585938 -0.127059936523438 0.17193603515625 -0.163558959960938
0.292572021484375 -0.01751708984375 0.0698318481445313 -0.0852813720703125
0.288482666015625 0.1268310546875 -0.00445556640625 -0.131507873535156
0.145538330078125 0.336151123046875 -0.0441131591796875 -0.255935668945313
0.032501220703125 0.383270263671875 -0.04296875 -0.44189453125
-0.125335693359375 0.35052490234375 0.15570068359375 -0.63525390625
-0.1983642578125 0.55804443359375 -0.107040405273438 -0.21923828125
-0.0787353515625 0.531646728515625 -0.082000732421875 -0.167922973632813
0.1458740234375 0.57452392578125 -0.0644683837890625 0.00194549560546878
0.34808349609375 0.3455810546875 0.00932312011718752 0.0473251342773438
0.41973876953125 0.157073974609375 0.0987930297851563 0.104408264160156
0.38824462890625 -0.114044189453125 0.191848754882813 -0.0200347900390625
0.3148193359375 -0.26031494140625 0.170974731445313 -0.134323120117188
0.321136474609375 -0.231170654296875 0.105491638183594 -0.135978698730469
0.30499267578125 -0.295318603515625 0.107666015625 -0.15643310546875
0.3367919921875 -0.193511962890625 0.07305908203125 -0.106491088867188
0.417724609375 -0.0537109375 -0.0052986145019531 -0.0378646850585937
0.424835205078125 0.1260986328125 -0.0681533813476562 -0.0980300903320313
0.26983642578125 0.4351806640625 -0.100967407226562 -0.222183227539063
0.129974365234375 0.524200439453125 -0.0700683593749999 -0.375244140625
-0.091583251953125 0.531219482421875 0.091278076171875 -0.513092041015625
-0.16845703125 0.63787841796875 -0.162841796875 -0.0378417968749999
-0.0646362304687499 0.60784912109375 -0.0909881591796875 -0.0540771484375
0.1656494140625 0.655517578125 -0.0850830078125 0.022308349609375
0.38623046875 0.413909912109375 -0.0503387451171875 0.0478096008300782
0.474700927734375 0.21630859375 0.000968933105468791 0.110160827636719
0.463287353515625 -0.09320068359375 0.0681266784667969 0.0279006958007812
0.37628173828125 -0.27069091796875 0.0498161315917969 -0.0239486694335938
0.370513916015625 -0.25177001953125 -0.000272750854492165 -0.0156335830688477
0.35009765625 -0.334625244140625 0.00949478149414064 -0.0401077270507813
0.381011962890625 -0.23248291015625 -0.0299243927001953 -0.0189952850341797
0.48211669921875 -0.081146240234375 -0.0760421752929687 0.0297393798828125
0.50091552734375 0.10784912109375 -0.117843627929687 -0.0445938110351562
0.351776123046875 0.468658447265625 -0.129379272460938 -0.161407470703125
0.20440673828125 0.582763671875 -0.0581817626953125 -0.261245727539063
-0.0433349609374999 0.62548828125 0.04827880859375 -0.326141357421875
-0.10198974609375 0.61932373046875 -0.2174072265625 0.16851806640625
-0.0152587890625 0.585205078125 -0.102020263671875 0.0853958129882813
0.1839599609375 0.61370849609375 -0.0998916625976563 0.0550994873046875
0.375457763671875 0.39129638671875 -0.107650756835937 0.0516357421875
0.451568603515625 0.21746826171875 -0.101005554199219 0.102920532226563
0.456085205078125 -0.07476806640625 -0.0731582641601562 0.073272705078125
0.37237548828125 -0.244903564453125 -0.0832748413085937 0.0918502807617187
0.3631591796875 -0.231536865234375 -0.104759216308594 0.110176086425781
0.346893310546875 -0.31414794921875 -0.0859832763671875 0.0881805419921875
0.36907958984375 -0.2178955078125 -0.125411987304687 0.0782699584960937
0.46722412109375 -0.071563720703125 -0.135971069335938 0.09649658203125
0.47998046875 0.097930908203125 -0.149337768554687 0.0113677978515625
0.348388671875 0.4388427734375 -0.125022888183594 -0.0920867919921875
0.220306396484375 0.547271728515625 -0.0127105712890625 -0.121223449707031
-0.00451660156249995 0.61724853515625 0.0261306762695313 -0.105987548828125
-0.012908935546875 0.507110595703125 -0.248016357421875 0.3681640625
0.0501708984375 0.46380615234375 -0.104598999023438 0.227310180664063
0.18304443359375 0.449981689453125 -0.103294372558594 0.0982284545898438
0.301239013671875 0.27862548828125 -0.144607543945312 0.06939697265625
0.350433349609375 0.16192626953125 -0.176132202148437 0.0933685302734375
0.36480712890625 -0.057220458984375 -0.1949462890625 0.1151123046875
0.304229736328125 -0.188507080078125 -0.197830200195313 0.198028564453125
0.29864501953125 -0.178070068359375 -0.192428588867187 0.220611572265625
0.294036865234375 -0.237762451171875 -0.172271728515625 0.199905395507812
0.307098388671875 -0.1505126953125 -0.207748413085937 0.1551513671875
0.3729248046875 -0.022918701171875 -0.183624267578125 0.134445190429688
0.360260009765625 0.103363037109375 -0.163497924804687 0.0475921630859375
0.24969482421875 0.347808837890625 -0.100883483886719 -0.0323104858398437
0.174346923828125 0.423492431640625 0.0390357971191406 0.015167236328125
0.02264404296875 0.50439453125 0.0166015625 0.109428405761719
0.072174072265625 0.315093994140625 -0.243194580078125 0.534698486328125
0.100067138671875 0.272247314453125 -0.0875244140625 0.34893798828125
0.145904541015625 0.221786499023438 -0.08648681640625 0.146408081054688
0.178726196289063 0.1280517578125 -0.14544677734375 0.09869384765625
0.19635009765625 0.080169677734375 -0.204864501953125 0.086517333984375
0.216690063476563 -0.03558349609375 -0.268951416015625 0.150299072265625
0.187255859375 -0.103408813476563 -0.272125244140625 0.278656005859375
0.187301635742188 -0.0959320068359375 -0.250244140625 0.297882080078125
0.199111938476563 -0.121627807617188 -0.242294311523437 0.274276733398438
0.19921875 -0.053955078125 -0.270584106445312 0.18865966796875
0.219512939453125 0.035125732421875 -0.216552734375 0.127822875976563
0.180145263671875 0.097015380859375 -0.164657592773438 0.0530548095703125
0.105789184570312 0.2017822265625 -0.0718231201171875 0.00776672363281251
0.0994110107421875 0.232376098632812 0.0732574462890625 0.124244689941406
0.04571533203125 0.310577392578125 0.00942993164062503 0.281890869140625
0.129875183105469 0.0737075805664063 -0.2081298828125 0.64013671875
0.112358093261719 0.0552978515625 -0.049774169921875 0.4365234375
0.0693397521972656 -0.00734710693359375 -0.04425048828125 0.187774658203125
0.0310115814208984 -0.00835800170898438 -0.10760498046875 0.125907897949219
0.0234889984130859 0.00847244262695313 -0.189956665039062 0.0796966552734375
0.0463523864746094 0.000896453857421875 -0.28546142578125 0.174102783203125
0.0459747314453125 0.000926971435546875 -0.293670654296875 0.321258544921875
0.0492095947265625 0.001312255859375 -0.269439697265625 0.32855224609375
0.0720291137695313 0.00534820556640625 -0.285491943359375 0.29815673828125
0.0609207153320313 0.0335159301757813 -0.306243896484375 0.176605224609375
0.0401802062988281 0.0652046203613281 -0.2283935546875 0.0820465087890625
-0.0103950500488281 0.0505104064941406 -0.152313232421875 0.03033447265625
-0.0203723907470703 0.01092529296875 -0.0443840026855469 0.0276107788085937
0.0406646728515625 0.0048828125 0.0818328857421875 0.193466186523438
0.0778045654296875 0.07135009765625 0.006134033203125 0.38372802734375
-0.141021728515625 0.187271118164063 -0.06097412109375 -0.401580810546875
-0.030609130859375 0.194671630859375 -0.101943969726563 -0.250228881835938
0.09814453125 0.184173583984375 -0.00916481018066406 -0.00834941864013671
0.158782958984375 0.0640716552734375 0.105171203613281 0.0140228271484375
0.152206420898438 -0.0306549072265625 0.214706420898438 0.0141143798828125
0.0783920288085938 -0.100494384765625 0.2940673828125 -0.132965087890625
0.053955078125 -0.120635986328125 0.277252197265625 -0.295318603515625
0.0799484252929687 -0.092864990234375 0.24005126953125 -0.30194091796875
0.0708541870117188 -0.103996276855469 0.247955322265625 -0.294189453125
0.100326538085938 -0.0626068115234375 0.242462158203125 -0.189804077148438
0.129600524902344 -0.0126113891601563 0.134620666503906 -0.107582092285156
0.136123657226563 0.07794189453125 0.0549392700195313 -0.137733459472656
0.0414886474609375 0.173858642578125 0.00971984863281248 -0.247589111328125
-0.032073974609375 0.180328369140625 -0.0140686035156251 -0.438232421875
-0.116233825683594 0.124740600585938 0.19305419921875 -0.666748046875
-0.160675048828125 0.397430419921875 -0.072540283203125 -0.3447265625
-0.042816162109375 0.374725341796875 -0.09027099609375 -0.233810424804688
0.143096923828125 0.38446044921875 -0.0343723297119141 -0.00691413879394528
0.27001953125 0.19586181640625 0.0641822814941406 0.033050537109375
0.299713134765625 0.046783447265625 0.1748046875 0.06439208984375
0.234603881835938 -0.126922607421875 0.264785766601563 -0.081939697265625
0.183441162109375 -0.209884643554688 0.242218017578125 -0.232955932617188
0.206649780273438 -0.179122924804688 0.185440063476562 -0.237457275390625
0.192123413085938 -0.21392822265625 0.186798095703125 -0.245513916015625
0.227035522460937 -0.132171630859375 0.1666259765625 -0.163909912109375
0.2816162109375 -0.0316162109375 0.0691757202148438 -0.0815353393554688
0.288330078125 0.109405517578125 -0.00748443603515622 -0.124801635742188
0.160064697265625 0.32012939453125 -0.0547027587890625 -0.24566650390625
0.05291748046875 0.36846923828125 -0.060638427734375 -0.426513671875
-0.10302734375 0.35064697265625 0.12725830078125 -0.620849609375
-0.165313720703125 0.553863525390625 -0.104782104492188 -0.217178344726562
-0.05548095703125 0.517608642578125 -0.0837554931640625 -0.16583251953125
0.1656494140625 0.551727294921875 -0.0552406311035156 0.00301742553710941
0.349029541015625 0.318634033203125 0.0150489807128906 0.0416831970214844
0.411712646484375 0.133880615234375 0.105079650878906 0.0941162109375
0.36749267578125 -0.1241455078125 0.186737060546875 -0.0298004150390625
0.29010009765625 -0.262237548828125 0.163040161132813 -0.139511108398438
0.30230712890625 -0.237518310546875 0.102005004882813 -0.136344909667969
0.280059814453125 -0.298980712890625 0.103057861328125 -0.157546997070313
0.316162109375 -0.200164794921875 0.0732192993164063 -0.103851318359375
0.40234375 -0.06976318359375 -0.000192642211914036 -0.0322856903076172
0.420806884765625 0.104949951171875 -0.0660324096679687 -0.089508056640625
0.28338623046875 0.41302490234375 -0.106002807617188 -0.210220336914062
0.15155029296875 0.500457763671875 -0.082427978515625 -0.3603515625
-0.064849853515625 0.52569580078125 0.072723388671875 -0.49749755859375
-0.137451171875 0.6312255859375 -0.151168823242188 -0.0374908447265625
-0.0413208007812501 0.59405517578125 -0.0860748291015625 -0.0535354614257812
0.19158935546875 0.632568359375 -0.0715484619140625 0.0253524780273438
0.39190673828125 0.38671875 -0.040496826171875 0.0441513061523438
0.472015380859375 0.190765380859375 0.0111312866210938 0.102958679199219
0.444244384765625 -0.107757568359375 0.068450927734375 0.0209197998046875
0.351043701171875 -0.277130126953125 0.0499687194824219 -0.0274391174316406
0.352020263671875 -0.2593994140625 0.00468635559082033 -0.0140933990478516
0.324310302734375 -0.338897705078125 0.0122947692871094 -0.0398216247558594
0.358642578125 -0.239532470703125 -0.0240688323974609 -0.0149345397949219
0.464935302734375 -0.09906005859375 -0.0654945373535156 0.0351829528808594
0.4937744140625 0.08685302734375 -0.110671997070312 -0.0367202758789062
0.362884521484375 0.444488525390625 -0.128616333007812 -0.150177001953125
0.2230224609375 0.556182861328125 -0.0643463134765625 -0.248916625976563
-0.0181884765625001 0.61614990234375 0.038238525390625 -0.3125
-0.07781982421875 0.6129150390625 -0.195953369140625 0.167922973632813
0.00360107421874995 0.57379150390625 -0.0900802612304688 0.0851821899414063
0.20660400390625 0.59454345703125 -0.08319091796875 0.05902099609375
0.380157470703125 0.366851806640625 -0.0940933227539062 0.05059814453125
0.4512939453125 0.195037841796875 -0.0885772705078125 0.0999984741210938
0.439422607421875 -0.088287353515625 -0.0684127807617187 0.070343017578125
0.351318359375 -0.25299072265625 -0.07464599609375 0.0908966064453125
0.34661865234375 -0.24163818359375 -0.092132568359375 0.112312316894531
0.322998046875 -0.319122314453125 -0.0761566162109375 0.0881576538085937
0.350433349609375 -0.225067138671875 -0.113975524902344 0.0824661254882813
0.4517822265625 -0.088226318359375 -0.121253967285156 0.101341247558594
0.471710205078125 0.078704833984375 -0.137840270996094 0.0183944702148438
0.354248046875 0.415863037109375 -0.1207275390625 -0.0828475952148438
0.2344970703125 0.5230712890625 -0.0138473510742187 -0.114883422851562
0.01678466796875 0.60687255859375 0.026275634765625 -0.0962600708007812
0.000823974609374997 0.49822998046875 -0.220062255859375 0.365631103515625
0.06201171875 0.45513916015625 -0.085723876953125 0.22509765625
0.1978759765625 0.438201904296875 -0.0852508544921875 0.101226806640625
0.30499267578125 0.262664794921875 -0.129264831542969 0.0690078735351563
0.352447509765625 0.146240234375 -0.164077758789062 0.0935821533203125
0.355194091796875 -0.06829833984375 -0.186203002929687 0.1165771484375
0.2891845703125 -0.195770263671875 -0.183441162109375 0.199905395507812
0.287109375 -0.185302734375 -0.173736572265625 0.223251342773437
0.277923583984375 -0.242584228515625 -0.156112670898437 0.200408935546875
0.293243408203125 -0.155181884765625 -0.1922607421875 0.16021728515625
0.3634033203125 -0.0369873046875 -0.167724609375 0.139312744140625
0.3563232421875 0.089996337890625 -0.150665283203125 0.0539398193359375
0.255645751953125 0.333892822265625 -0.0941390991210937 -0.0255355834960937
0.182037353515625 0.407440185546875 0.0423240661621094 0.0156135559082031
0.037384033203125 0.49652099609375 0.02496337890625 0.113372802734375
0.073944091796875 0.3077392578125 -0.211883544921875 0.527801513671875
0.102630615234375 0.265487670898438 -0.06494140625 0.3438720703125
0.149948120117188 0.217300415039063 -0.06829833984375 0.1468505859375
0.179962158203125 0.12274169921875 -0.130416870117187 0.0975494384765625
0.197479248046875 0.074554443359375 -0.195404052734375 0.088653564453125
0.21343994140625 -0.0411376953125 -0.258346557617188 0.154251098632812
0.181304931640625 -0.10888671875 -0.25311279296875 0.282135009765625
0.18402099609375 -0.101806640625 -0.228302001953125 0.300872802734375
0.192489624023437 -0.12701416015625 -0.222610473632813 0.276443481445312
0.19512939453125 -0.059539794921875 -0.253570556640625 0.194869995117188
0.218719482421875 0.0264892578125 -0.200836181640625 0.133316040039063
0.182037353515625 0.0919342041015625 -0.152679443359375 0.058624267578125
0.110031127929687 0.199172973632812 -0.0652275085449219 0.0118942260742188
0.100387573242188 0.22650146484375 0.0796737670898438 0.120384216308594
0.04888916015625 0.306243896484375 0.023712158203125 0.281402587890625
0.11993408203125 0.0681304931640625 -0.17388916015625 0.63031005859375
0.105789184570313 0.0514450073242188 -0.0247802734375 0.4281005859375
0.0642471313476563 -0.00477218627929687 -0.0279998779296875 0.184188842773438
0.0296287536621094 -0.00410270690917969 -0.094696044921875 0.123161315917969
0.0245037078857422 0.0124473571777344 -0.18328857421875 0.0809326171875
0.0499992370605469 0.00102996826171875 -0.274871826171875 0.17852783203125
0.0500068664550781 -0.00150299072265625 -0.272979736328125 0.325225830078125
0.053192138671875 -0.001434326171875 -0.248077392578125 0.331573486328125
0.0760955810546875 0.00087738037109375 -0.26409912109375 0.301849365234375
0.0655899047851563 0.0293312072753906 -0.2901611328125 0.18402099609375
0.0469589233398437 0.0625228881835938 -0.216171264648438 0.08868408203125
-0.00381088256835938 0.0541114807128906 -0.143341064453125 0.037322998046875
-0.0196418762207031 0.0203304290771484 -0.0392799377441406 0.0312461853027344
0.0345458984375 0.0103015899658203 0.0899810791015625 0.187911987304688
0.0705490112304688 0.0713958740234375 0.02203369140625 0.379974365234375
-0.127578735351562 0.187484741210938 -0.0673828125 -0.405426025390625
-0.025146484375 0.188674926757813 -0.109268188476563 -0.249374389648438
0.099822998046875 0.174545288085938 -0.00857448577880859 -0.0107650756835937
0.152908325195313 0.0565185546875 0.102615356445313 0.00992584228515625
0.144256591796875 -0.0360565185546875 0.213546752929688 0.008575439453125
0.068756103515625 -0.09771728515625 0.2896728515625 -0.136993408203125
0.04583740234375 -0.116020202636719 0.268798828125 -0.30023193359375
0.0741729736328125 -0.0925369262695312 0.233184814453125 -0.3079833984375
0.0629959106445313 -0.103744506835937 0.24212646484375 -0.300079345703125
0.0942459106445312 -0.0646591186523437 0.240921020507813 -0.192886352539063
0.126724243164063 -0.0175552368164063 0.134040832519531 -0.106452941894531
0.138877868652344 0.0698318481445313 0.05078125 -0.136077880859375
0.0501556396484375 0.168228149414062 0.000869750976562501 -0.243911743164062
-0.021575927734375 0.176071166992188 -0.027069091796875 -0.432830810546875
-0.10589599609375 0.128402709960938 0.17529296875 -0.66546630859375
-0.143280029296875 0.398468017578125 -0.075927734375 -0.349456787109375
-0.03436279296875 0.369476318359375 -0.0958709716796875 -0.233612060546875
0.15118408203125 0.373046875 -0.0302982330322265 -0.00813865661621091
0.266708374023438 0.183944702148438 0.0647239685058594 0.0285530090332031
0.2940673828125 0.0374755859375 0.176589965820313 0.0577850341796875
0.222991943359375 -0.127517700195313 0.260955810546875 -0.0879058837890625
0.171218872070313 -0.208419799804688 0.235458374023438 -0.238082885742188
0.198211669921875 -0.181808471679688 0.181777954101563 -0.24139404296875
0.180557250976563 -0.215911865234375 0.183670043945313 -0.250579833984375
0.219009399414062 -0.136337280273438 0.1671142578125 -0.16485595703125
0.27728271484375 -0.0396881103515625 0.0719680786132813 -0.0787200927734375
0.291778564453125 0.099456787109375 -0.00881195068359373 -0.122085571289063
0.170654296875 0.312530517578125 -0.0608673095703125 -0.240631103515625
0.0653076171875 0.3599853515625 -0.072052001953125 -0.419342041015625
-0.088165283203125 0.35443115234375 0.1134033203125 -0.61651611328125
-0.14617919921875 0.55535888671875 -0.102676391601563 -0.222061157226562
-0.044219970703125 0.512969970703125 -0.0856781005859375 -0.16754150390625
0.180755615234375 0.540557861328125 -0.0477714538574219 0.0024223327636719
0.34844970703125 0.30731201171875 0.0185356140136719 0.037261962890625
0.410369873046875 0.121490478515625 0.110084533691406 0.0871124267578125
0.355560302734375 -0.12799072265625 0.185501098632813 -0.0355224609375
0.277084350585938 -0.2630615234375 0.159744262695313 -0.144485473632813
0.2935791015625 -0.242919921875 0.102928161621094 -0.138267517089844
0.2662353515625 -0.303131103515625 0.102890014648438 -0.160186767578125
0.306640625 -0.2049560546875 0.0758514404296875 -0.102745056152344
0.396270751953125 -0.07977294921875 0.0053367614746094 -0.0285758972167969
0.42218017578125 0.09326171875 -0.063873291015625 -0.086090087890625
0.295623779296875 0.403106689453125 -0.1094970703125 -0.20465087890625
0.162628173828125 0.490234375 -0.089508056640625 -0.3531494140625
-0.048187255859375 0.528717041015625 0.064727783203125 -0.49139404296875
-0.12042236328125 0.63433837890625 -0.143478393554688 -0.0408935546874999
-0.02850341796875 0.591064453125 -0.0826339721679688 -0.0547637939453125
0.20794677734375 0.623291015625 -0.0604019165039062 0.0254592895507813
0.396270751953125 0.373809814453125 -0.0336151123046875 0.0404815673828125
0.47393798828125 0.17694091796875 0.0177993774414063 0.0977249145507813
0.435302734375 -0.115570068359375 0.0686874389648438 0.0163803100585937
0.338531494140625 -0.2801513671875 0.0503692626953125 -0.0306053161621094
0.342987060546875 -0.266204833984375 0.00958824157714846 -0.013667106628418
0.309661865234375 -0.343505859375 0.0148124694824219 -0.0413742065429688
0.348663330078125 -0.243560791015625 -0.0188922882080078 -0.0123825073242188
0.457733154296875 -0.109222412109375 -0.0569648742675781 0.0391006469726562
0.492767333984375 0.07342529296875 -0.105697631835937 -0.032958984375
0.3734130859375 0.433990478515625 -0.129226684570312 -0.144241333007812
0.234283447265625 0.543548583984375 -0.06768798828125 -0.242935180664063
-0.00280761718749996 0.61981201171875 0.03521728515625 -0.304473876953125
-0.0657958984375 0.615478515625 -0.182937622070312 0.165878295898438
0.014892578125 0.57244873046875 -0.081573486328125 0.083953857421875
0.22210693359375 0.589599609375 -0.06976318359375 0.060333251953125
0.387481689453125 0.357025146484375 -0.0857086181640625 0.0476303100585938
0.45709228515625 0.18426513671875 -0.08154296875 0.0971908569335938
0.434356689453125 -0.0960693359375 -0.06634521484375 0.0683135986328125
0.34039306640625 -0.2578125 -0.0701904296875 0.0913543701171875
0.339752197265625 -0.248565673828125 -0.0830841064453125 0.114997863769531
0.312103271484375 -0.323944091796875 -0.0705032348632812 0.0878753662109375
0.342376708984375 -0.22747802734375 -0.106101989746094 0.0865478515625
0.445648193359375 -0.09881591796875 -0.110923767089844 0.104766845703125
0.47210693359375 0.06927490234375 -0.130538940429687 0.0216598510742188
0.3631591796875 0.407989501953125 -0.118675231933594 -0.0778884887695312
0.242279052734375 0.511688232421875 -0.0137100219726562 -0.111648559570312
0.0299072265625 0.6092529296875 0.028289794921875 -0.0898056030273437
0.00778198242187496 0.50103759765625 -0.201568603515625 0.364471435546875
0.069061279296875 0.453948974609375 -0.0731201171875 0.224655151367188
0.209197998046875 0.43743896484375 -0.0708541870117187 0.102828979492188
0.310699462890625 0.257659912109375 -0.120086669921875 0.0678634643554688
0.35772705078125 0.1395263671875 -0.15777587890625 0.0934295654296875
0.35296630859375 -0.0743408203125 -0.183746337890625 0.1175537109375
0.282867431640625 -0.20086669921875 -0.17596435546875 0.202865600585938
0.284088134765625 -0.192657470703125 -0.162368774414063 0.227142333984375
0.271331787109375 -0.24761962890625 -0.147720336914062 0.202728271484375
0.288970947265625 -0.159210205078125 -0.1829833984375 0.16455078125
0.361053466796875 -0.044097900390625 -0.156982421875 0.14239501953125
0.357757568359375 0.0833740234375 -0.14288330078125 0.0569000244140625
0.262054443359375 0.329833984375 -0.0909576416015625 -0.0225982666015625
0.18585205078125 0.400421142578125 0.0453414916992188 0.0161628723144531
0.042724609375 0.498809814453125 0.0317840576171875 0.119087219238281
0.073577880859375 0.307464599609375 -0.19061279296875 0.529449462890625
0.103866577148437 0.265853881835938 -0.04949951171875 0.343597412109375
0.154190063476562 0.217758178710937 -0.0546112060546875 0.14617919921875
0.18267822265625 0.12213134765625 -0.121360778808594 0.095855712890625
0.20245361328125 0.0730743408203125 -0.191177368164062 0.0886993408203125
0.214614868164062 -0.0439605712890625 -0.255050659179688 0.158004760742188
0.179519653320312 -0.11370849609375 -0.2437744140625 0.287139892578125
0.18463134765625 -0.10699462890625 -0.21588134765625 0.30517578125
0.192184448242188 -0.131195068359375 -0.212493896484375 0.279556274414063
0.195037841796875 -0.0628662109375 -0.24468994140625 0.199676513671875
0.220794677734375 0.021697998046875 -0.192153930664063 0.135971069335938
0.186050415039063 0.089874267578125 -0.1456298828125 0.0622406005859375
0.11407470703125 0.201950073242188 -0.0614395141601562 0.0140724182128906
0.100326538085937 0.226043701171875 0.0846481323242188 0.118988037109375
0.05072021484375 0.30902099609375 0.032501220703125 0.28558349609375
0.113067626953125 0.0666122436523438 -0.15283203125 0.6292724609375
0.102180480957031 0.0509796142578125 -0.00918579101562501 0.426177978515625
0.0613746643066406 -0.00160598754882812 -0.01641845703125 0.18218994140625
0.0303974151611328 -0.00109100341796875 -0.0868606567382812 0.119880676269531
0.0274085998535156 0.0156917572021484 -0.18194580078125 0.0815887451171875
0.0543174743652344 0.00199127197265625 -0.272109985351563 0.182785034179687
0.0533714294433594 -0.00434494018554687 -0.26361083984375 0.330810546875
0.0579452514648438 -0.00386428833007813 -0.2373046875 0.335845947265625
0.081085205078125 -0.002838134765625 -0.255035400390625 0.3062744140625
0.0700340270996094 0.0267181396484375 -0.283172607421875 0.189697265625
0.0529823303222656 0.0612297058105469 -0.210037231445312 0.092529296875
0.00181198120117188 0.0573043823242187 -0.13787841796875 0.0411376953125
-0.0185966491699219 0.0281486511230469 -0.0356101989746094 0.0332756042480469
0.0309333801269531 0.0164928436279297 0.0950927734375 0.186920166015625
0.0649948120117188 0.0744094848632813 0.0322265625 0.383758544921875
-0.1170654296875 0.191131591796875 -0.080169677734375 -0.417510986328125
-0.0204010009765625 0.187042236328125 -0.121017456054688 -0.253021240234375
0.104415893554688 0.169830322265625 -0.00877666473388671 -0.0131654739379883
0.15203857421875 0.050567626953125 0.10211181640625 0.00616455078125
0.139694213867188 -0.0422821044921875 0.216796875 0.0016937255859375
0.0609664916992187 -0.0971755981445313 0.2908935546875 -0.146575927734375
0.039886474609375 -0.11419677734375 0.2630615234375 -0.314361572265625
0.0695877075195313 -0.0953750610351562 0.228057861328125 -0.32080078125
0.0562286376953125 -0.105628967285156 0.239654541015625 -0.314697265625
0.09149169921875 -0.068206787109375 0.243637084960937 -0.20355224609375
0.126197814941406 -0.023284912109375 0.136199951171875 -0.109298706054688
0.144805908203125 0.0641021728515625 0.0468521118164063 -0.137855529785156
0.0585174560546875 0.166336059570313 -0.00892639160156251 -0.245742797851562
-0.01226806640625 0.174972534179688 -0.042999267578125 -0.436798095703125
-0.0975265502929688 0.134910583496094 0.15679931640625 -0.67779541015625
-0.12725830078125 0.407806396484375 -0.085235595703125 -0.361480712890625
-0.023651123046875 0.371368408203125 -0.104812622070312 -0.23822021484375
0.163818359375 0.371246337890625 -0.0269298553466797 -0.0101680755615234
0.271652221679688 0.177658081054688 0.0656166076660156 0.0244636535644531
0.2958984375 0.028289794921875 0.181915283203125 0.0503997802734375
0.2166748046875 -0.131301879882813 0.264068603515625 -0.0974578857421875
0.164352416992188 -0.210861206054688 0.232589721679688 -0.250640869140625
0.19415283203125 -0.189498901367188 0.17987060546875 -0.25238037109375
0.171951293945312 -0.223281860351562 0.182113647460937 -0.262542724609375
0.215133666992188 -0.143508911132813 0.170608520507813 -0.171646118164063
0.278411865234375 -0.0497283935546875 0.0755767822265625 -0.0784149169921875
0.301483154296875 0.090667724609375 -0.0109481811523437 -0.122673034667969
0.186248779296875 0.31121826171875 -0.07061767578125 -0.240631103515625
0.0792236328125 0.35943603515625 -0.08642578125 -0.422271728515625
-0.074066162109375 0.366455078125 0.09814453125 -0.62628173828125
-0.12811279296875 0.56951904296875 -0.106689453125 -0.231307983398437
-0.030303955078125 0.520416259765625 -0.0909423828125 -0.172332763671875
0.201507568359375 0.5408935546875 -0.0405235290527344 0.00126266479492191
0.360198974609375 0.29779052734375 0.0221271514892578 0.0330734252929688
0.419097900390625 0.109771728515625 0.117034912109375 0.0816192626953125
0.352783203125 -0.136810302734375 0.187774658203125 -0.0437164306640625
0.26898193359375 -0.270660400390625 0.158493041992188 -0.153335571289063
0.28948974609375 -0.254425048828125 0.104644775390625 -0.144287109375
0.257537841796875 -0.31402587890625 0.102554321289063 -0.16790771484375
0.30242919921875 -0.21490478515625 0.07977294921875 -0.106033325195313
0.398345947265625 -0.093658447265625 0.0110034942626953 -0.0263099670410156
0.4339599609375 0.0814208984375 -0.0646514892578125 -0.0850372314453125
0.31451416015625 0.400909423828125 -0.11676025390625 -0.202316284179687
0.181427001953125 0.489776611328125 -0.101287841796875 -0.352874755859375
-0.031097412109375 0.545013427734375 0.053070068359375 -0.49530029296875
-0.10235595703125 0.6527099609375 -0.140975952148438 -0.04534912109375
-0.0125732421875001 0.6021728515625 -0.0824966430664063 -0.0581512451171875
0.234375 0.62744140625 -0.0501518249511719 0.0254096984863282
0.411834716796875 0.3671875 -0.0286636352539062 0.037353515625
0.489410400390625 0.164520263671875 0.0248641967773438 0.0952835083007813
0.4368896484375 -0.12677001953125 0.070831298828125 0.0123291015625
0.33203125 -0.291839599609375 0.0520858764648438 -0.0334663391113281
0.34088134765625 -0.28204345703125 0.0148715972900391 -0.0144720077514649
0.30267333984375 -0.356689453125 0.0165443420410156 -0.0437393188476563
0.3447265625 -0.254180908203125 -0.0138015747070312 -0.0112457275390625
0.46099853515625 -0.125396728515625 -0.049835205078125 0.0426254272460937
0.504364013671875 0.060455322265625 -0.103988647460937 -0.0301742553710937
0.394500732421875 0.4312744140625 -0.133621215820312 -0.14056396484375
0.251739501953125 0.54278564453125 -0.0748138427734375 -0.241485595703125
0.01654052734375 0.63671875 0.0306396484375 -0.305389404296875
-0.04901123046875 0.63330078125 -0.174209594726562 0.167953491210938
0.02801513671875 0.5849609375 -0.07568359375 0.0844726562500001
0.248046875 0.594482421875 -0.0567817687988281 0.0608787536621094
0.40399169921875 0.351470947265625 -0.079803466796875 0.0470123291015625
0.473297119140625 0.172515869140625 -0.0761260986328125 0.0975418090820313
0.43865966796875 -0.109222412109375 -0.0655441284179687 0.0690650939941406
0.337127685546875 -0.26953125 -0.066253662109375 0.0939559936523437
0.339752197265625 -0.263763427734375 -0.0757827758789062 0.119346618652344
0.306121826171875 -0.338653564453125 -0.0664825439453125 0.09088134765625
0.340576171875 -0.238800048828125 -0.100593566894531 0.0914459228515625
0.44915771484375 -0.1136474609375 -0.102310180664062 0.110023498535156
0.482635498046875 0.057220458984375 -0.127311706542969 0.0250625610351562
0.381805419921875 0.405853271484375 -0.120262145996094 -0.0742340087890625
0.25726318359375 0.511383056640625 -0.0147323608398437 -0.110275268554687
0.046142578125 0.625244140625 0.0304336547851563 -0.0856094360351562
0.01824951171875 0.5142822265625 -0.188812255859375 0.373199462890625
0.079681396484375 0.465057373046875 -0.0618743896484375 0.22894287109375
0.228851318359375 0.442138671875 -0.0571975708007812 0.104209899902344
0.325286865234375 0.25439453125 -0.114250183105469 0.0675125122070313
0.372100830078125 0.132110595703125 -0.155197143554687 0.0962677001953125
0.358917236328125 -0.084228515625 -0.184310913085938 0.12261962890625
0.2816162109375 -0.211181640625 -0.170364379882812 0.210861206054688
0.28619384765625 -0.2056884765625 -0.153030395507812 0.235687255859375
0.269683837890625 -0.259933471679687 -0.14202880859375 0.209335327148438
0.289764404296875 -0.16790771484375 -0.17718505859375 0.172943115234375
0.366241455078125 -0.055877685546875 -0.148345947265625 0.148223876953125
0.36846923828125 0.076171875 -0.137992858886719 0.0611419677734375
0.2762451171875 0.33197021484375 -0.0908050537109375 -0.01971435546875
0.19586181640625 0.403472900390625 0.0493278503417969 0.0169715881347656
0.056243896484375 0.512115478515625 0.0398712158203125 0.126373291015625
0.0772705078125 0.314971923828125 -0.17333984375 0.54046630859375
0.108718872070312 0.271453857421875 -0.034210205078125 0.350494384765625
0.164627075195313 0.22088623046875 -0.041961669921875 0.148178100585938
0.190994262695312 0.1214599609375 -0.114799499511719 0.0962982177734375
0.211944580078125 0.0706787109375 -0.190689086914063 0.093658447265625
0.221023559570313 -0.0489959716796875 -0.256988525390625 0.166671752929688
0.180740356445313 -0.120742797851563 -0.23675537109375 0.2991943359375
0.188629150390625 -0.115692138671875 -0.205810546875 0.31744384765625
0.1944580078125 -0.140975952148438 -0.206298828125 0.291168212890625
0.199066162109375 -0.068267822265625 -0.240402221679688 0.210250854492187
0.227188110351562 0.01519775390625 -0.185699462890625 0.142578125
0.195220947265625 0.0884552001953125 -0.141510009765625 0.066925048828125
0.123138427734375 0.207290649414063 -0.0598182678222656 0.0166130065917969
0.10516357421875 0.231491088867188 0.0920028686523438 0.120254516601563
0.0556640625 0.31878662109375 0.04522705078125 0.2957763671875
0.109451293945312 0.0674591064453125 -0.13311767578125 0.6434326171875
0.102104187011719 0.0507583618164063 0.00921630859375005 0.4332275390625
0.0608940124511719 -0.000919342041015625 -0.0050811767578125 0.182281494140625
0.0319194793701172 0.000658035278320313 -0.0810928344726563 0.120079040527344
0.0308189392089844 0.0186958312988281 -0.184646606445313 0.0867462158203125
0.0592269897460938 0.00162887573242188 -0.274337768554688 0.192520141601562
0.05767822265625 -0.00726318359375 -0.257049560546875 0.345001220703125
0.0627250671386719 -0.007537841796875 -0.228515625 0.349090576171875
0.086883544921875 -0.0074310302734375 -0.24945068359375 0.320220947265625
0.0757064819335938 0.0239334106445313 -0.281112670898438 0.201202392578125
0.0598106384277344 0.0600433349609375 -0.207656860351563 0.0982818603515625
0.00799179077148438 0.0601272583007813 -0.135459899902344 0.046661376953125
-0.0156745910644531 0.0360794067382813 -0.0332107543945313 0.0362052917480469
0.0293922424316406 0.0224037170410156 0.10430908203125 0.188613891601563
0.0632095336914063 0.0795364379882813 0.044952392578125 0.3946533203125
-0.103683471679688 0.198028564453125 -0.1051025390625 -0.43072509765625
-0.0106964111328125 0.188247680664062 -0.139312744140625 -0.254257202148438
0.113388061523438 0.163955688476563 -0.00887489318847656 -0.0155620574951172
0.153076171875 0.0426483154296875 0.102500915527344 -0.000450134277343747
0.135269165039063 -0.0514068603515625 0.220352172851563 -0.010162353515625
0.05230712890625 -0.0979385375976562 0.290679931640625 -0.164337158203125
0.0324630737304688 -0.113441467285156 0.251617431640625 -0.3355712890625
0.0638885498046875 -0.09954833984375 0.21636962890625 -0.34234619140625
0.0477523803710937 -0.10888671875 0.229644775390625 -0.33782958984375
0.0872802734375 -0.0743255615234375 0.243408203125 -0.22210693359375
0.125785827636719 -0.0312652587890625 0.137123107910156 -0.116035461425781
0.152450561523438 0.054351806640625 0.039764404296875 -0.142303466796875
0.0713348388671875 0.163467407226563 -0.025238037109375 -0.24871826171875
-9.1552734374987E-05 0.175582885742188 -0.069671630859375 -0.44140625
-0.08673095703125 0.143661499023438 0.1231689453125 -0.70098876953125
-0.1033935546875 0.422943115234375 -0.10546875 -0.373199462890625
-0.00531005859375003 0.378143310546875 -0.122039794921875 -0.24224853515625
0.1865234375 0.366668701171875 -0.0240955352783203 -0.0126781463623047
0.282989501953125 0.166015625 0.0681304931640625 0.0195884704589844
0.2999267578125 0.0120849609375 0.18975830078125 0.0405731201171875
0.209442138671875 -0.14080810546875 0.265106201171875 -0.1136474609375
0.15374755859375 -0.218353271484375 0.223678588867188 -0.270233154296875
0.185577392578125 -0.203140258789063 0.17266845703125 -0.269317626953125
0.1607666015625 -0.235061645507813 0.1737060546875 -0.28155517578125
0.210708618164063 -0.156661987304688 0.170761108398438 -0.185211181640625
0.2811279296875 -0.066253662109375 0.078399658203125 -0.0820159912109375
0.314849853515625 0.073944091796875 -0.0176010131835937 -0.123985290527344
0.20989990234375 0.30718994140625 -0.0862274169921875 -0.239349365234375
0.10137939453125 0.36004638671875 -0.111907958984375 -0.423431396484375
-0.051605224609375 0.381866455078125 0.06842041015625 -0.64324951171875
-0.09619140625 0.5911865234375 -0.119094848632812 -0.239761352539063
-0.00421142578125003 0.532379150390625 -0.102142333984375 -0.17572021484375
0.235870361328125 0.53997802734375 -0.0336170196533203 -0.000495910644531215
0.381195068359375 0.28497314453125 0.0261020660400391 0.029134750366211
0.43255615234375 0.088470458984375 0.125328063964844 0.0741653442382813
0.35040283203125 -0.154052734375 0.1900634765625 -0.0561676025390625
0.2586669921875 -0.28509521484375 0.154617309570313 -0.166656494140625
0.28204345703125 -0.27618408203125 0.103118896484375 -0.154571533203125
0.242919921875 -0.3331298828125 0.0977020263671875 -0.180145263671875
0.29656982421875 -0.23358154296875 0.0813140869140625 -0.112327575683594
0.39996337890625 -0.1170654296875 0.0161876678466797 -0.0263309478759766
0.45001220703125 0.0589599609375 -0.06854248046875 -0.0829086303710938
0.34661865234375 0.39508056640625 -0.130111694335937 -0.198043823242187
0.208587646484375 0.488067626953125 -0.121612548828125 -0.3524169921875
0.000732421875000006 0.56298828125 0.030914306640625 -0.506805419921875
-0.0679931640625001 0.67803955078125 -0.14324951171875 -0.0470123291015624
0.0172119140625 0.6158447265625 -0.0853118896484375 -0.059326171875
0.27679443359375 0.629150390625 -0.0391502380371094 0.0238227844238282
0.440765380859375 0.353057861328125 -0.0234718322753906 0.0352592468261719
0.510040283203125 0.14105224609375 0.0334014892578125 0.092132568359375
0.43701171875 -0.149017333984375 0.0726089477539063 0.00646209716796874
0.322540283203125 -0.31072998046875 0.0530853271484375 -0.0384712219238282
0.3343505859375 -0.307098388671875 0.0196266174316406 -0.016622543334961
0.287109375 -0.380767822265625 0.0161361694335938 -0.0470161437988281
0.338226318359375 -0.2757568359375 -0.00945854187011717 -0.0102825164794922
0.463470458984375 -0.151641845703125 -0.0412864685058593 0.046112060546875
0.52227783203125 0.0350341796875 -0.105064392089844 -0.0258331298828125
0.429290771484375 0.422943115234375 -0.142974853515625 -0.13446044921875
0.282989501953125 0.54278564453125 -0.08734130859375 -0.239715576171875
0.0529785156250001 0.6561279296875 0.018798828125 -0.30853271484375
-0.0175781249999999 0.6561279296875 -0.165008544921875 0.174850463867188
0.0594482421875 0.60064697265625 -0.0687332153320313 0.0871887207031251
0.29150390625 0.5970458984375 -0.0432014465332031 0.0604896545410157
0.431854248046875 0.3394775390625 -0.0739593505859375 0.0469131469726563
0.497161865234375 0.15057373046875 -0.0693435668945312 0.10028076171875
0.4443359375 -0.131561279296875 -0.0639801025390625 0.0716476440429688
0.32928466796875 -0.29248046875 -0.0612869262695312 0.0986709594726562
0.335296630859375 -0.289031982421875 -0.06549072265625 0.125205993652344
0.295440673828125 -0.36297607421875 -0.0613555908203125 0.096343994140625
0.33514404296875 -0.25958251953125 -0.0938720703125 0.0995864868164062
0.45281982421875 -0.138824462890625 -0.0922927856445313 0.116386413574219
0.498931884765625 0.031982421875 -0.125007629394531 0.0318145751953125
0.4144287109375 0.398193359375 -0.125480651855469 -0.0672683715820312
0.28704833984375 0.510040283203125 -0.0179672241210937 -0.109092712402344
0.0819702148437499 0.64483642578125 0.0319976806640625 -0.0829925537109375
0.04278564453125 0.531158447265625 -0.167694091796875 0.388031005859375
0.1038818359375 0.476409912109375 -0.0465087890625 0.234970092773438
0.26068115234375 0.44256591796875 -0.0423583984375 0.104866027832031
0.34722900390625 0.245025634765625 -0.107666015625 0.0705413818359375
0.392333984375 0.115509033203125 -0.151336669921875 0.103912353515625
0.36590576171875 -0.104248046875 -0.18328857421875 0.133682250976562
0.277816772460938 -0.230072021484375 -0.161392211914062 0.224945068359375
0.284332275390625 -0.227020263671875 -0.138763427734375 0.249069213867187
0.263397216796875 -0.2811279296875 -0.13189697265625 0.222976684570312
0.2886962890625 -0.18511962890625 -0.168838500976562 0.187164306640625
0.372467041015625 -0.075927734375 -0.138504028320312 0.157196044921875
0.383148193359375 0.0589599609375 -0.134323120117187 0.0688095092773438
0.301788330078125 0.32977294921875 -0.0920867919921875 -0.01361083984375
0.2196044921875 0.404388427734375 0.0545883178710938 0.016632080078125
0.0836181640625 0.529327392578125 0.0525970458984375 0.133308410644531
0.0908203125 0.32379150390625 -0.144378662109375 0.560211181640625
0.123428344726562 0.275772094726563 -0.01116943359375 0.35833740234375
0.180328369140625 0.220550537109375 -0.0268096923828125 0.149002075195312
0.202590942382812 0.11590576171875 -0.108314514160156 0.0998992919921875
0.224655151367188 0.0627288818359375 -0.190170288085937 0.103683471679688
0.227706909179688 -0.0610504150390625 -0.255752563476563 0.1832275390625
0.180816650390625 -0.132720947265625 -0.225433349609375 0.32012939453125
0.189956665039063 -0.130722045898437 -0.18939208984375 0.33538818359375
0.194061279296875 -0.156478881835938 -0.19293212890625 0.30975341796875
0.202392578125 -0.0799407958984375 -0.23260498046875 0.228515625
0.23504638671875 0.0031890869140625 -0.179183959960937 0.153411865234375
0.20703125 0.081298828125 -0.137214660644531 0.0754318237304688
0.138763427734375 0.210678100585938 -0.05853271484375 0.0216026306152344
0.1168212890625 0.235763549804688 0.103477478027344 0.119720458984375
0.07220458984375 0.329925537109375 0.066864013671875 0.306396484375
0.108856201171875 0.0665740966796875 -0.09881591796875 0.66253662109375
0.104156494140625 0.0493316650390625 0.037322998046875 0.4412841796875
0.0603866577148437 -0.001373291015625 0.0092010498046875 0.181915283203125
0.0333995819091797 0.00120162963867188 -0.0736923217773437 0.122421264648438
0.0359954833984375 0.0204505920410156 -0.18536376953125 0.096649169921875
0.065460205078125 -0.00058746337890625 -0.273422241210938 0.211044311523438
0.0613632202148438 -0.0123977661132812 -0.244140625 0.367706298828125
0.0672836303710938 -0.0131759643554688 -0.212799072265625 0.369903564453125
0.0929794311523438 -0.0154800415039062 -0.235931396484375 0.343170166015625
0.0821533203125 0.0193252563476563 -0.276931762695313 0.221893310546875
0.06719970703125 0.0571556091308594 -0.205886840820313 0.109405517578125
0.015869140625 0.0628776550292969 -0.13287353515625 0.0551528930664063
-0.0116310119628906 0.0432701110839844 -0.0307846069335937 0.0397109985351563
0.0298442840576172 0.0270938873291016 0.119003295898437 0.189727783203125
0.0654373168945313 0.0838699340820312 0.070556640625 0.407623291015625
-0.084716796875 0.203338623046875 -0.1396484375 -0.4327392578125
0.001800537109375 0.186874389648438 -0.161468505859375 -0.247283935546875
0.124481201171875 0.1544189453125 -0.00943756103515624 -0.0171928405761719
0.153640747070313 0.0316925048828125 0.101432800292969 -0.00846099853515625
0.127326965332031 -0.0617446899414063 0.221176147460937 -0.027191162109375
0.0413589477539062 -0.0973358154296875 0.282684326171875 -0.185272216796875
0.0230484008789063 -0.112396240234375 0.228363037109375 -0.35748291015625
0.0547027587890625 -0.103324890136719 0.1917724609375 -0.36285400390625
0.0365066528320313 -0.11065673828125 0.205657958984375 -0.36224365234375
0.080902099609375 -0.0802383422851563 0.232757568359375 -0.243759155273438
0.123382568359375 -0.04156494140625 0.133193969726563 -0.12493896484375
0.15850830078125 0.0410003662109375 0.028656005859375 -0.144424438476563
0.0853729248046875 0.157516479492188 -0.045562744140625 -0.24603271484375
0.0143280029296875 0.173171997070313 -0.10455322265625 -0.43780517578125
-0.0713348388671875 0.150787353515625 0.0699462890625 -0.71466064453125
-0.067840576171875 0.43212890625 -0.135894775390625 -0.375823974609375
0.020721435546875 0.378875732421875 -0.142471313476563 -0.237396240234375
0.2144775390625 0.352569580078125 -0.0213699340820312 -0.0144367218017578
0.29327392578125 0.146240234375 0.0691604614257813 0.0123672485351563
0.29913330078125 -0.010498046875 0.19415283203125 0.0251007080078125
0.197906494140625 -0.152374267578125 0.259628295898438 -0.13385009765625
0.137924194335938 -0.226394653320313 0.20556640625 -0.290069580078125
0.17181396484375 -0.217681884765625 0.1556396484375 -0.286346435546875
0.1402587890625 -0.24664306640625 0.153900146484375 -0.300384521484375
0.199188232421875 -0.171783447265625 0.164093017578125 -0.20159912109375
0.2767333984375 -0.087860107421875 0.0778579711914063 -0.0869140625
0.3243408203125 0.0496826171875 -0.0265960693359375 -0.122528076171875
0.237335205078125 0.29364013671875 -0.105453491210937 -0.232666015625
0.12896728515625 0.35321044921875 -0.14453125 -0.41632080078125
-0.018768310546875 0.3916015625 0.0214843749999999 -0.65118408203125
-0.0488281250000001 0.60321044921875 -0.137786865234375 -0.241241455078125
0.033660888671875 0.535797119140625 -0.116622924804687 -0.17315673828125
0.2802734375 0.52386474609375 -0.0269412994384765 -0.00426673889160153
0.40118408203125 0.25933837890625 0.0294513702392578 0.0235443115234375
0.441650390625 0.055267333984375 0.133041381835938 0.0624847412109375
0.33892822265625 -0.1771240234375 0.187393188476563 -0.071441650390625
0.23883056640625 -0.302734375 0.144424438476563 -0.18115234375
0.2637939453125 -0.29925537109375 0.095428466796875 -0.165908813476563
0.2169189453125 -0.352569580078125 0.08642578125 -0.190994262695313
0.281890869140625 -0.254791259765625 0.0794830322265625 -0.120437622070313
0.394256591796875 -0.147705078125 0.0201683044433594 -0.0271091461181641
0.460296630859375 0.02435302734375 -0.073638916015625 -0.0784378051757813
0.3800048828125 0.373504638671875 -0.1453857421875 -0.186111450195313
0.246673583984375 0.476776123046875 -0.14727783203125 -0.34344482421875
0.04913330078125 0.573486328125 -0.00384521484374997 -0.509765625
-0.0145874023437501 0.69073486328125 -0.146194458007813 -0.04449462890625
0.0626220703125 0.62213134765625 -0.0900802612304688 -0.0577774047851562
0.32891845703125 0.611083984375 -0.0287094116210937 0.0191421508789063
0.4681396484375 0.323974609375 -0.0184478759765625 0.0322551727294922
0.525482177734375 0.102935791015625 0.04241943359375 0.0863723754882813
0.42987060546875 -0.1807861328125 0.0727996826171875 -0.000984191894531261
0.302459716796875 -0.334564208984375 0.0514984130859375 -0.0442581176757813
0.315887451171875 -0.33514404296875 0.0225543975830078 -0.0201225280761719
0.2587890625 -0.403045654296875 0.0147285461425781 -0.0491790771484375
0.32135009765625 -0.30023193359375 -0.00557327270507811 -0.00989913940429689
0.453826904296875 -0.187652587890625 -0.0321922302246093 0.0489845275878906
0.52960205078125 -0.005340576171875 -0.1051025390625 -0.0187454223632813
0.467864990234375 0.395904541015625 -0.152023315429687 -0.1214599609375
0.32403564453125 0.525787353515625 -0.103042602539063 -0.232284545898437
0.1068115234375 0.66455078125 0.00112915039062497 -0.308135986328125
0.0330810546875 0.66839599609375 -0.15020751953125 0.18212890625
0.10205078125 0.6043701171875 -0.0608673095703125 0.0891036987304688
0.34136962890625 0.580810546875 -0.0297470092773437 0.0565452575683594
0.461395263671875 0.31146240234375 -0.0678749084472656 0.0472831726074219
0.515777587890625 0.1121826171875 -0.0601730346679687 0.10260009765625
0.43963623046875 -0.164398193359375 -0.0612564086914062 0.0754928588867187
0.3114013671875 -0.315887451171875 -0.0527801513671875 0.103057861328125
0.319488525390625 -0.3187255859375 -0.0520706176757812 0.12921142578125
0.27008056640625 -0.38702392578125 -0.0519943237304688 0.102180480957031
0.31988525390625 -0.283172607421875 -0.0826187133789062 0.10699462890625
0.4471435546875 -0.173187255859375 -0.0788421630859374 0.121894836425781
0.506927490234375 -0.00494384765625 -0.120689392089844 0.0405044555664062
0.449676513671875 0.37530517578125 -0.129196166992187 -0.0556411743164063
0.32342529296875 0.496826171875 -0.0232696533203125 -0.106674194335937
0.13214111328125 0.65118408203125 0.031982421875 -0.0807876586914062
0.08172607421875 0.538848876953125 -0.1370849609375 0.39935302734375
0.136993408203125 0.476287841796875 -0.0258941650390625 0.2376708984375
0.2991943359375 0.428924560546875 -0.0264434814453125 0.101791381835938
0.3699951171875 0.223419189453125 -0.0997543334960937 0.0735397338867188
0.40948486328125 0.0865478515625 -0.143157958984375 0.113037109375
0.364990234375 -0.130950927734375 -0.176986694335937 0.147216796875
0.264739990234375 -0.251129150390625 -0.144256591796875 0.238525390625
0.272811889648438 -0.253524780273438 -0.116485595703125 0.259719848632812
0.245635986328125 -0.30474853515625 -0.11395263671875 0.235733032226562
0.279342651367188 -0.205703735351563 -0.153778076171875 0.201431274414063
0.368865966796875 -0.10394287109375 -0.123367309570312 0.165863037109375
0.392791748046875 0.031402587890625 -0.126602172851562 0.0779953002929688
0.33050537109375 0.314788818359375 -0.0918960571289062 -0.00498199462890625
0.24725341796875 0.39532470703125 0.0593605041503906 0.0142784118652344
0.122955322265625 0.5338134765625 0.0690994262695313 0.136062622070313
0.111724853515625 0.325592041015625 -0.10015869140625 0.57196044921875
0.143157958984375 0.27325439453125 0.0201416015625 0.359954833984375
0.199661254882813 0.2127685546875 -0.0097198486328125 0.145980834960938
0.213943481445313 0.104171752929688 -0.0986328125 0.103805541992187
0.23553466796875 0.0475921630859375 -0.183258056640625 0.116180419921875
0.22894287109375 -0.078399658203125 -0.247940063476563 0.203414916992187
0.174774169921875 -0.147872924804688 -0.201690673828125 0.339752197265625
0.184783935546875 -0.148040771484375 -0.162567138671875 0.35198974609375
0.1868896484375 -0.1754150390625 -0.1678466796875 0.329071044921875
0.200729370117188 -0.095458984375 -0.216049194335938 0.2476806640625
0.238296508789063 -0.0146026611328125 -0.166656494140625 0.164901733398438
0.21807861328125 0.0667266845703125 -0.129768371582031 0.085540771484375
0.15924072265625 0.20721435546875 -0.0558891296386719 0.0277786254882813
0.1329345703125 0.233489990234375 0.116233825683594 0.113983154296875
0.095245361328125 0.334320068359375 0.095733642578125 0.308258056640625
0.109962463378906 0.0641632080078125 -0.04815673828125 0.67474365234375
0.106849670410156 0.0441360473632812 0.074981689453125 0.440521240234375
0.0593376159667969 -0.00312423706054688 0.02557373046875 0.178054809570313
0.0338878631591797 0.00067138671875 -0.0637054443359375 0.12451171875
0.0398941040039063 0.0199623107910156 -0.180206298828125 0.109115600585938
0.0703582763671875 -0.005706787109375 -0.2635498046875 0.232803344726562
0.0636711120605469 -0.0179405212402344 -0.21832275390625 0.39080810546875
0.0697898864746094 -0.0205078125 -0.184814453125 0.389007568359375
0.0964279174804688 -0.0262603759765625 -0.208526611328125 0.365753173828125
0.0871124267578125 0.0118179321289063 -0.262786865234375 0.245285034179688
0.074249267578125 0.0513229370117188 -0.198501586914063 0.123550415039063
0.0244102478027344 0.0624732971191406 -0.127128601074219 0.0654067993164062
-0.00510406494140625 0.04913330078125 -0.0263557434082031 0.043670654296875
0.0313758850097656 0.0312080383300781 0.136459350585937 0.183319091796875
0.0690383911132813 0.0856552124023438 0.106048583984375 0.409942626953125
-0.0644073486328125 0.201309204101563 -0.171630859375 -0.41900634765625
0.014801025390625 0.179641723632813 -0.17822265625 -0.231155395507813
0.131851196289063 0.139625549316406 -0.00969696044921875 -0.0185737609863281
0.1497802734375 0.0198211669921875 0.0966339111328125 -0.0162429809570312
0.115455627441406 -0.069549560546875 0.2130126953125 -0.04241943359375
0.0304794311523438 -0.0932769775390625 0.265487670898438 -0.201873779296875
0.0141372680664062 -0.107681274414062 0.19635009765625 -0.368316650390625
0.0442886352539063 -0.103424072265625 0.1602783203125 -0.371124267578125
0.0248031616210938 -0.107940673828125 0.17266845703125 -0.372894287109375
0.071502685546875 -0.0841217041015625 0.213302612304688 -0.258956909179688
0.116386413574219 -0.0506057739257813 0.124885559082031 -0.130203247070313
0.158584594726563 0.02606201171875 0.0165252685546875 -0.141586303710938
0.0960693359375 0.145843505859375 -0.0648956298828125 -0.235244750976563
0.028045654296875 0.165512084960938 -0.13671875 -0.41802978515625
-0.054168701171875 0.152191162109375 0.0147705078125 -0.7017822265625
-0.029998779296875 0.424560546875 -0.16314697265625 -0.3634033203125
0.046600341796875 0.36724853515625 -0.158035278320312 -0.223434448242188
0.2362060546875 0.327056884765625 -0.0191860198974609 -0.0176582336425781
0.29461669921875 0.1221923828125 0.0675468444824219 0.00497436523437501
0.2886962890625 -0.033721923828125 0.1912841796875 0.0087432861328125
0.179489135742187 -0.159210205078125 0.246200561523438 -0.150741577148438
0.117095947265625 -0.227798461914063 0.179962158203125 -0.30084228515625
0.151107788085937 -0.225341796875 0.13177490234375 -0.2938232421875
0.116241455078125 -0.249923706054688 0.1287841796875 -0.307647705078125
0.18231201171875 -0.18243408203125 0.149551391601562 -0.211349487304687
0.2637939453125 -0.1065673828125 0.0743942260742188 -0.08984375
0.323089599609375 0.021820068359375 -0.0350875854492187 -0.1160888671875
0.255584716796875 0.269790649414063 -0.120880126953125 -0.216796875
0.152069091796875 0.33489990234375 -0.171875 -0.393829345703125
0.01629638671875 0.386077880859375 -0.0272216796875 -0.63720703125
0.00103759765624995 0.59442138671875 -0.15478515625 -0.231948852539063
0.07159423828125 0.520660400390625 -0.128768920898437 -0.163681030273437
0.313934326171875 0.4898681640625 -0.0217723846435547 -0.00928306579589841
0.410491943359375 0.223968505859375 0.0302658081054688 0.0174560546875
0.434600830078125 0.019561767578125 0.135177612304688 0.0485458374023437
0.31683349609375 -0.19451904296875 0.178436279296875 -0.0850830078125
0.21112060546875 -0.309906005859375 0.127975463867187 -0.189788818359375
0.2366943359375 -0.3133544921875 0.083160400390625 -0.172164916992188
0.183624267578125 -0.35931396484375 0.0709228515625 -0.19482421875
0.257247924804688 -0.268157958984375 0.07330322265625 -0.125503540039063
0.374114990234375 -0.173492431640625 0.0230350494384766 -0.0283241271972656
0.453704833984375 -0.011993408203125 -0.0765380859375 -0.0705490112304688
0.403228759765625 0.337799072265625 -0.154632568359375 -0.168624877929687
0.2750244140625 0.447540283203125 -0.168304443359375 -0.32220458984375
0.094879150390625 0.561553955078125 -0.0389404296875 -0.494842529296875
0.041259765625 0.67926025390625 -0.146926879882813 -0.0392608642578125
0.10650634765625 0.60626220703125 -0.0924530029296875 -0.0528640747070312
0.370849609375 0.57232666015625 -0.020477294921875 0.0127696990966797
0.482330322265625 0.28106689453125 -0.0142440795898437 0.0283756256103516
0.522735595703125 0.05767822265625 0.0493316650390625 0.0783920288085938
0.4071044921875 -0.2056884765625 0.0700263977050782 -0.00746536254882814
0.2711181640625 -0.34820556640625 0.0475044250488281 -0.0485572814941406
0.285858154296875 -0.353302001953125 0.0236663818359375 -0.0242671966552735
0.222320556640625 -0.41314697265625 0.0129127502441406 -0.0496788024902344
0.294189453125 -0.315521240234375 -0.00175857543945311 -0.0103883743286133
0.431060791015625 -0.21630859375 -0.0231437683105469 0.0489082336425781
0.5205078125 -0.0462646484375 -0.102836608886719 -0.0102920532226563
0.4892578125 0.355987548828125 -0.15533447265625 -0.104202270507812
0.353179931640625 0.491973876953125 -0.11480712890625 -0.21746826171875
0.157958984375 0.647705078125 -0.017425537109375 -0.297027587890625
0.0841064453125 0.65521240234375 -0.132095336914063 0.184005737304688
0.14434814453125 0.586181640625 -0.0519027709960937 0.08929443359375
0.381103515625 0.5438232421875 -0.0178413391113281 0.0483436584472657
0.4759521484375 0.269866943359375 -0.0604171752929687 0.0465583801269531
0.517059326171875 0.06976318359375 -0.0490341186523437 0.101593017578125
0.419036865234375 -0.19317626953125 -0.05657958984375 0.0775909423828125
0.2830810546875 -0.330963134765625 -0.0432205200195312 0.104454040527344
0.289886474609375 -0.33843994140625 -0.0372772216796875 0.128227233886719
0.235198974609375 -0.4000244140625 -0.04095458984375 0.104194641113281
0.294097900390625 -0.29901123046875 -0.069580078125 0.110801696777344
0.424591064453125 -0.202056884765625 -0.0642547607421875 0.122955322265625
0.497222900390625 -0.0443115234375 -0.11273193359375 0.0478591918945313
0.47222900390625 0.33734130859375 -0.1278076171875 -0.041748046875
0.35125732421875 0.46429443359375 -0.026519775390625 -0.101303100585937
0.1807861328125 0.63397216796875 0.0307464599609375 -0.0770416259765625
0.119232177734375 0.526947021484375 -0.10211181640625 0.396636962890625
0.1707763671875 0.46148681640625 -0.00520324707031249 0.232101440429688
0.32904052734375 0.399261474609375 -0.01251220703125 0.0935287475585938
0.379638671875 0.193145751953125 -0.0891799926757812 0.0746688842773438
0.41094970703125 0.052520751953125 -0.129745483398437 0.118209838867187
0.349212646484375 -0.155914306640625 -0.165573120117188 0.157623291015625
0.241989135742188 -0.265472412109375 -0.121475219726562 0.244430541992187
0.250823974609375 -0.270736694335938 -0.090850830078125 0.261215209960938
0.21820068359375 -0.318206787109375 -0.0897979736328125 0.239883422851562
0.260238647460937 -0.221145629882813 -0.132247924804687 0.208953857421875
0.354278564453125 -0.1287841796875 -0.105224609375 0.169113159179688
0.38897705078125 0.0008544921875 -0.115814208984375 0.0849151611328125
0.3515625 0.286773681640625 -0.0875778198242187 0.00482940673828128
0.26995849609375 0.372894287109375 0.06256103515625 0.0102424621582031
0.16192626953125 0.519561767578125 0.084197998046875 0.131118774414063
0.132232666015625 0.31573486328125 -0.05230712890625 0.56549072265625
0.158981323242188 0.259628295898438 0.04925537109375 0.3486328125
0.2127685546875 0.195831298828125 0.00459289550781252 0.137458801269531
0.218582153320313 0.0882415771484375 -0.0866012573242187 0.104217529296875
0.23779296875 0.0293731689453125 -0.170394897460937 0.125732421875
0.221969604492188 -0.09429931640625 -0.230926513671875 0.218399047851563
0.162628173828125 -0.158599853515625 -0.170867919921875 0.34881591796875
0.172271728515625 -0.161712646484375 -0.12921142578125 0.3553466796875
0.171646118164063 -0.1885986328125 -0.135955810546875 0.335906982421875
0.191940307617188 -0.108413696289063 -0.191513061523437 0.259674072265625
0.233123779296875 -0.03192138671875 -0.148971557617187 0.171096801757813
0.22027587890625 0.0493011474609375 -0.117820739746094 0.0922622680664062
0.1744384765625 0.19476318359375 -0.0500297546386719 0.0331153869628907
0.146255493164063 0.22308349609375 0.125160217285156 0.103271484375
0.11767578125 0.326324462890625 0.122222900390625 0.297821044921875
0.108970642089844 0.0587310791015625 0.00671386718749999 0.662109375
0.10589599609375 0.0371475219726563 0.109130859375 0.422393798828125
0.0564537048339844 -0.00421905517578125 0.039306640625 0.1676025390625
0.0333309173583984 -0.000394821166992188 -0.0516586303710938 0.122245788574219
0.0437469482421875 0.0184516906738281 -0.168838500976563 0.118911743164063
0.0721282958984375 -0.0126495361328125 -0.243728637695313 0.24896240234375
0.0634117126464844 -0.0240402221679688 -0.1837158203125 0.400970458984375
0.0689773559570313 -0.0273399353027344 -0.1490478515625 0.39398193359375
0.094940185546875 -0.0369110107421875 -0.172271728515625 0.37548828125
0.0884780883789063 0.00354766845703125 -0.237884521484375 0.261566162109375
0.0782928466796875 0.0443191528320313 -0.184555053710938 0.134414672851562
0.0315780639648438 0.0593681335449219 -0.117103576660156 0.0735015869140625
0.00241851806640625 0.0522880554199219 -0.0214385986328125 0.0458297729492188
0.0330829620361328 0.0331363677978516 0.149200439453125 0.169830322265625
0.0723800659179688 0.0842437744140625 0.13812255859375 0.397369384765625
-0.048919677734375 0.193634033203125 -0.189178466796875 -0.3983154296875
0.022308349609375 0.170303344726563 -0.184158325195312 -0.21441650390625
0.132621765136719 0.126136779785156 -0.00931549072265624 -0.0205020904541016
0.142730712890625 0.011199951171875 0.0897979736328125 -0.021026611328125
0.103446960449219 -0.0716781616210938 0.202285766601563 -0.05120849609375
0.0231094360351562 -0.0868453979492188 0.248428344726563 -0.208236694335938
0.00843048095703124 -0.100967407226563 0.16986083984375 -0.36639404296875
0.0360870361328125 -0.100761413574219 0.134490966796875 -0.3670654296875
0.016510009765625 -0.102302551269531 0.146575927734375 -0.370330810546875
0.0631790161132813 -0.0841064453125 0.194076538085938 -0.263275146484375
0.108863830566406 -0.0548934936523438 0.116950988769531 -0.130973815917969
0.154464721679688 0.0147552490234375 0.00865173339843751 -0.135124206542969
0.1007080078125 0.134712219238281 -0.07574462890625 -0.221237182617188
0.0357666015625 0.155670166015625 -0.15374755859375 -0.393707275390625
-0.040496826171875 0.148391723632813 -0.02490234375 -0.6754150390625
-0.00445556640624998 0.408416748046875 -0.17822265625 -0.3470458984375
0.061187744140625 0.350128173828125 -0.165206909179687 -0.208038330078125
0.24444580078125 0.300628662109375 -0.0168743133544922 -0.0212898254394531
0.28759765625 0.102081298828125 0.06341552734375 -0.000270843505859369
0.272064208984375 -0.047149658203125 0.18450927734375 -0.0015716552734375
0.163162231445313 -0.157745361328125 0.22979736328125 -0.158187866210938
0.102432250976562 -0.221160888671875 0.1573486328125 -0.300628662109375
0.133331298828125 -0.2249755859375 0.111572265625 -0.292144775390625
0.096923828125 -0.24383544921875 0.1075439453125 -0.305755615234375
0.165679931640625 -0.183853149414062 0.13653564453125 -0.2139892578125
0.248672485351563 -0.11639404296875 0.0714263916015625 -0.09033203125
0.31304931640625 0.002655029296875 -0.0388412475585937 -0.109344482421875
0.262527465820313 0.247589111328125 -0.126632690429687 -0.20001220703125
0.163055419921875 0.313385009765625 -0.184844970703125 -0.368377685546875
0.039825439453125 0.372589111328125 -0.05902099609375 -0.60858154296875
0.0350341796875 0.571533203125 -0.163131713867188 -0.221084594726562
0.092559814453125 0.498016357421875 -0.133087158203125 -0.152389526367187
0.32867431640625 0.452392578125 -0.0177764892578125 -0.0157833099365234
0.40411376953125 0.195770263671875 0.0300254821777344 0.0119113922119141
0.41748046875 -0.00457763671875 0.132865905761719 0.037994384765625
0.294586181640625 -0.20013427734375 0.167343139648438 -0.091339111328125
0.18853759765625 -0.30633544921875 0.113357543945313 -0.191635131835938
0.21221923828125 -0.315093994140625 0.0727081298828125 -0.172775268554688
0.156707763671875 -0.35308837890625 0.05938720703125 -0.192733764648438
0.234298706054688 -0.270843505859375 0.0675735473632813 -0.126853942871094
0.3514404296875 -0.186065673828125 0.0252494812011719 -0.0290126800537109
0.43817138671875 -0.03662109375 -0.0762939453125 -0.0638275146484375
0.4097900390625 0.306854248046875 -0.1546630859375 -0.1517333984375
0.2872314453125 0.41778564453125 -0.17578125 -0.300140380859375
0.123809814453125 0.539642333984375 -0.0599365234375 -0.4715576171875
0.0768432617187501 0.6524658203125 -0.144088745117188 -0.0351409912109375
0.13153076171875 0.5804443359375 -0.0921096801757812 -0.0483016967773437
0.389190673828125 0.5313720703125 -0.0149345397949218 0.00401782989501957
0.478668212890625 0.249237060546875 -0.0116329193115234 0.0233802795410156
0.506744384765625 0.027740478515625 0.0525321960449219 0.0697441101074219
0.381134033203125 -0.217254638671875 0.0658073425292969 -0.0107803344726563
0.245391845703125 -0.346282958984375 0.0436019897460938 -0.05078125
0.257659912109375 -0.35784912109375 0.0235576629638672 -0.0274314880371094
0.190521240234375 -0.409454345703125 0.0116539001464844 -0.0499267578125
0.267822265625 -0.31695556640625 0.00147628784179689 -0.0115146636962891
0.40338134765625 -0.22998046875 -0.0156593322753906 0.0463142395019531
0.500701904296875 -0.071746826171875 -0.0974807739257812 -0.00518035888671877
0.49462890625 0.320953369140625 -0.150741577148438 -0.0902252197265625
0.364227294921875 0.456298828125 -0.118408203125 -0.202774047851562
0.189208984375 0.62200927734375 -0.027618408203125 -0.281585693359375
0.11572265625 0.63031005859375 -0.117691040039062 0.180130004882813
0.1673583984375 0.56103515625 -0.044464111328125 0.0869979858398438
0.39971923828125 0.503692626953125 -0.0107955932617187 0.0388565063476563
0.47247314453125 0.2386474609375 -0.0537910461425781 0.043182373046875
0.503875732421875 0.03912353515625 -0.0411148071289062 0.0971450805664063
0.395172119140625 -0.206878662109375 -0.0522842407226562 0.0783233642578125
0.257720947265625 -0.332855224609375 -0.0355224609375 0.102043151855469
0.263763427734375 -0.344146728515625 -0.0266036987304687 0.122665405273437
0.20458984375 -0.39776611328125 -0.030517578125 0.101715087890625
0.269927978515625 -0.301361083984375 -0.05828857421875 0.109840393066406
0.398223876953125 -0.215118408203125 -0.05169677734375 0.119598388671875
0.47821044921875 -0.06683349609375 -0.103813171386719 0.0508270263671875
0.476226806640625 0.303497314453125 -0.120529174804687 -0.0321121215820312
0.3599853515625 0.432220458984375 -0.027679443359375 -0.095245361328125
0.2095947265625 0.60601806640625 0.031463623046875 -0.0730361938476562
0.142059326171875 0.506378173828125 -0.076873779296875 0.3836669921875
0.185089111328125 0.43914794921875 0.00827026367187502 0.223052978515625
0.339447021484375 0.370574951171875 -0.00402832031249997 0.0828170776367188
0.377044677734375 0.167938232421875 -0.0803909301757812 0.0714035034179688
0.40234375 0.029052734375 -0.117683410644531 0.117507934570313
0.3311767578125 -0.168731689453125 -0.15447998046875 0.161239624023438
0.222152709960938 -0.268539428710938 -0.103408813476562 0.242630004882812
0.229736328125 -0.2772216796875 -0.071502685546875 0.253738403320312
0.19342041015625 -0.31964111328125 -0.070404052734375 0.235214233398437
0.241256713867187 -0.225448608398438 -0.113906860351563 0.207260131835938
0.3350830078125 -0.141357421875 -0.09033203125 0.165451049804687
0.375640869140625 -0.02001953125 -0.105079650878906 0.0863494873046875
0.357177734375 0.261383056640625 -0.0803909301757812 0.0107955932617188
0.277069091796875 0.349212646484375 0.0641860961914063 0.0064659118652344
0.184600830078125 0.49871826171875 0.0937881469726563 0.125114440917969
0.14215087890625 0.30224609375 -0.0194091796875 0.543609619140625
0.164871215820313 0.245758056640625 0.067474365234375 0.331512451171875
0.215576171875 0.180496215820313 0.0125808715820313 0.126541137695312
0.216201782226563 0.075775146484375 -0.0763473510742188 0.100250244140625
0.23406982421875 0.01617431640625 -0.157150268554687 0.126327514648438
0.212142944335938 -0.103424072265625 -0.214065551757812 0.223709106445313
0.1507568359375 -0.161895751953125 -0.14544677734375 0.346343994140625
0.160079956054687 -0.166702270507812 -0.10443115234375 0.347015380859375
0.15631103515625 -0.19305419921875 -0.109588623046875 0.329742431640625
0.181655883789063 -0.11431884765625 -0.168899536132813 0.260910034179688
0.224319458007813 -0.042236328125 -0.133651733398438 0.1700439453125
0.21649169921875 0.0355072021484375 -0.106269836425781 0.0942535400390625
0.181640625 0.181381225585938 -0.0440292358398437 0.0358734130859375
0.151535034179688 0.211318969726563 0.128608703613281 0.0929031372070313
0.1312255859375 0.314483642578125 0.13787841796875 0.282928466796875
0.105804443359375 0.0547714233398438 0.04058837890625 0.634033203125
0.102470397949219 0.0319671630859375 0.128387451171875 0.3995361328125
0.0527458190917969 -0.00368881225585938 0.04583740234375 0.15643310546875
0.0323867797851562 -0.000394821166992187 -0.0424652099609375 0.116287231445313
0.04632568359375 0.0171127319335938 -0.157821655273437 0.12066650390625
0.0718460083007813 -0.0171661376953125 -0.226394653320313 0.25323486328125
0.0616798400878906 -0.0279579162597656 -0.1551513671875 0.3974609375
0.067352294921875 -0.032135009765625 -0.121978759765625 0.38726806640625
0.0911712646484375 -0.0445327758789063 -0.143341064453125 0.369903564453125
0.087127685546875 -0.00223541259765625 -0.214630126953125 0.26544189453125
0.0796127319335938 0.037841796875 -0.170578002929688 0.137527465820313
0.0357246398925781 0.0550994873046875 -0.106498718261719 0.075927734375
0.00870513916015625 0.0526542663574219 -0.0164718627929688 0.0465164184570313
0.0343418121337891 0.0347099304199219 0.154281616210938 0.155746459960938
0.0733795166015625 0.0824508666992188 0.157470703125 0.378570556640625
-0.0399169921875 0.186111450195312 -0.196868896484375 -0.384063720703125
0.0250701904296875 0.162887573242188 -0.18536376953125 -0.204605102539062
0.130447387695313 0.116874694824219 -0.00922012329101562 -0.0229969024658203
0.135932922363281 0.007537841796875 0.0842819213867188 -0.022491455078125
0.093963623046875 -0.0710067749023438 0.193374633789063 -0.0530548095703125
0.019195556640625 -0.0803756713867188 0.236907958984375 -0.208724975585938
0.0062255859375 -0.0953750610351563 0.153472900390625 -0.361328125
0.0314483642578125 -0.0973892211914063 0.119476318359375 -0.36065673828125
0.01141357421875 -0.09619140625 0.129852294921875 -0.36444091796875
0.0580596923828125 -0.0826416015625 0.183349609375 -0.263046264648438
0.103042602539063 -0.0566177368164063 0.11334228515625 -0.128616333007813
0.15045166015625 0.0081024169921875 0.00404357910156251 -0.129623413085938
0.101387023925781 0.127464294433594 -0.08038330078125 -0.2100830078125
0.0389404296875 0.147140502929688 -0.159423828125 -0.375274658203125
-0.031646728515625 0.144058227539063 -0.0410766601562499 -0.6500244140625
0.00869750976562504 0.393280029296875 -0.183624267578125 -0.334991455078125
0.0673828125 0.33709716796875 -0.166534423828125 -0.198455810546875
0.244140625 0.2823486328125 -0.0161895751953125 -0.0263214111328125
0.27899169921875 0.0921173095703125 0.0599517822265625 -0.00370025634765624
0.259857177734375 -0.0524749755859375 0.17755126953125 -0.0063629150390625
0.152481079101563 -0.152359008789063 0.22015380859375 -0.1590576171875
0.093658447265625 -0.2144775390625 0.143524169921875 -0.297760009765625
0.1231689453125 -0.221633911132813 0.100433349609375 -0.288177490234375
0.086090087890625 -0.235549926757812 0.096282958984375 -0.30078125
0.154937744140625 -0.181167602539063 0.129364013671875 -0.214035034179687
0.2371826171875 -0.119461059570313 0.0714263916015625 -0.0887908935546875
0.304901123046875 -0.006622314453125 -0.0405426025390625 -0.104095458984375
0.263580322265625 0.23321533203125 -0.126556396484375 -0.18939208984375
0.165435791015625 0.29864501953125 -0.18780517578125 -0.35003662109375
0.05194091796875 0.360992431640625 -0.0701904296875 -0.58612060546875
0.05035400390625 0.5526123046875 -0.1651611328125 -0.213607788085938
0.1015625 0.480560302734375 -0.133346557617188 -0.146148681640625
0.330657958984375 0.4278564453125 -0.0158538818359375 -0.0233230590820312
0.395751953125 0.177703857421875 0.0286273956298828 0.0076580047607422
0.40179443359375 -0.015716552734375 0.129676818847656 0.0318603515625
0.278961181640625 -0.197158813476563 0.159759521484375 -0.0925445556640625
0.176116943359375 -0.299407958984375 0.104232788085938 -0.19036865234375
0.19683837890625 -0.3128662109375 0.0664825439453125 -0.171737670898438
0.141143798828125 -0.34503173828125 0.05322265625 -0.190475463867188
0.21978759765625 -0.266677856445313 0.0651397705078125 -0.127250671386719
0.335723876953125 -0.18902587890625 0.0279083251953125 -0.0294265747070313
0.42449951171875 -0.048736572265625 -0.074462890625 -0.0596389770507812
0.4080810546875 0.287811279296875 -0.150497436523437 -0.141769409179687
0.28802490234375 0.396728515625 -0.17633056640625 -0.28485107421875
0.139984130859375 0.52313232421875 -0.065765380859375 -0.45330810546875
0.09442138671875 0.6322021484375 -0.141952514648438 -0.034759521484375
0.14129638671875 0.5599365234375 -0.0907516479492187 -0.0455703735351562
0.39263916015625 0.502899169921875 -0.0122795104980469 -0.00511169433593747
0.47003173828125 0.227783203125 -0.0103569030761718 0.0190544128417969
0.491302490234375 0.011688232421875 0.0534400939941406 0.0638313293457031
0.362884521484375 -0.217742919921875 0.0627059936523438 -0.011749267578125
0.23004150390625 -0.34136962890625 0.0407447814941406 -0.052215576171875
0.240936279296875 -0.356781005859375 0.0232696533203125 -0.029876708984375
0.173126220703125 -0.400177001953125 0.0125770568847656 -0.0502433776855469
0.252716064453125 -0.3131103515625 0.00358772277832033 -0.012969970703125
0.38494873046875 -0.233154296875 -0.00973510742187498 0.0434455871582031
0.48223876953125 -0.0843505859375 -0.0926055908203125 -0.00345611572265626
0.491607666015625 0.29833984375 -0.144485473632812 -0.082366943359375
0.36395263671875 0.434600830078125 -0.11761474609375 -0.192611694335937
0.20367431640625 0.6002197265625 -0.0285491943359375 -0.269485473632812
0.12921142578125 0.61090087890625 -0.109375 0.17352294921875
0.176116943359375 0.543304443359375 -0.0403671264648437 0.0839996337890625
0.402191162109375 0.479339599609375 -0.00751876831054685 0.029073715209961
0.465728759765625 0.21826171875 -0.0498390197753906 0.0385627746582031
0.489959716796875 0.0225830078125 -0.0365753173828125 0.0918197631835938
0.377960205078125 -0.209228515625 -0.0504913330078125 0.0783615112304687
0.242706298828125 -0.32843017578125 -0.0314178466796875 0.0990142822265625
0.248199462890625 -0.343841552734375 -0.0208587646484375 0.117019653320312
0.187042236328125 -0.391265869140625 -0.0243148803710937 0.0982131958007812
0.2547607421875 -0.297943115234375 -0.0507354736328125 0.106903076171875
0.3790283203125 -0.21746826171875 -0.0438003540039062 0.11468505859375
0.461578369140625 -0.079345703125 -0.0973739624023437 0.0500717163085937
0.472686767578125 0.282928466796875 -0.113174438476562 -0.0270767211914062
0.359405517578125 0.410919189453125 -0.026214599609375 -0.092132568359375
0.22320556640625 0.58843994140625 0.034332275390625 -0.0690002441406249
0.150146484375 0.490020751953125 -0.06317138671875 0.370941162109375
0.188934326171875 0.425048828125 0.015472412109375 0.214614868164063
0.339813232421875 0.351898193359375 -0.00106048583984373 0.0736312866210938
0.371337890625 0.15447998046875 -0.0745315551757812 0.0667572021484375
0.392974853515625 0.016876220703125 -0.110870361328125 0.113601684570313
0.3179931640625 -0.172271728515625 -0.147308349609375 0.161666870117187
0.21026611328125 -0.26666259765625 -0.0925750732421875 0.23724365234375
0.216522216796875 -0.278091430664063 -0.06109619140625 0.245956420898438
0.179473876953125 -0.31597900390625 -0.0584869384765625 0.228408813476562
0.230392456054688 -0.223983764648438 -0.103195190429687 0.203781127929688
0.321502685546875 -0.1453857421875 -0.0814208984374999 0.159896850585938
0.363922119140625 -0.028900146484375 -0.0971221923828125 0.0851669311523437
0.356903076171875 0.24652099609375 -0.0734710693359375 0.01324462890625
0.277374267578125 0.3331298828125 0.064361572265625 0.0038414001464844
0.1939697265625 0.483184814453125 0.0998611450195313 0.120903015136719
0.143798828125 0.293182373046875 -0.00372314453124996 0.525726318359375
0.164947509765625 0.237350463867188 0.075592041015625 0.319305419921875
0.213714599609375 0.172210693359375 0.0158843994140625 0.117866516113281
0.212615966796875 0.069061279296875 -0.0709304809570313 0.0949630737304687
0.230545043945313 0.0091400146484375 -0.149276733398438 0.123825073242187
0.2052001953125 -0.107162475585937 -0.204193115234375 0.224365234375
0.143646240234375 -0.162155151367188 -0.130279541015625 0.34088134765625
0.152786254882813 -0.168991088867188 -0.090179443359375 0.33746337890625
0.147323608398438 -0.19464111328125 -0.09375 0.320343017578125
0.17529296875 -0.115585327148437 -0.154922485351562 0.257781982421875
0.21728515625 -0.04638671875 -0.123870849609375 0.166091918945313
0.212066650390625 0.029052734375 -0.0986785888671875 0.0920944213867188
0.184600830078125 0.173171997070313 -0.0385169982910156 0.03692626953125
0.1519775390625 0.204757690429688 0.128463745117188 0.0858917236328125
0.1361083984375 0.307037353515625 0.145858764648438 0.272491455078125
0.101722717285156 0.0540542602539063 0.05859375 0.61199951171875
0.0987396240234375 0.03045654296875 0.1361083984375 0.382965087890625
0.0502967834472656 -0.00149154663085938 0.0478057861328125 0.148223876953125
0.0316638946533203 0.000352859497070313 -0.0387039184570313 0.110649108886719
0.0485916137695313 0.0157089233398438 -0.150711059570313 0.118942260742188
0.0712890625 -0.0200958251953125 -0.214996337890625 0.253662109375
0.0607452392578125 -0.0301284790039063 -0.13836669921875 0.391845703125
0.0662727355957031 -0.0348281860351563 -0.10589599609375 0.3775634765625
0.088104248046875 -0.0491485595703125 -0.126068115234375 0.361907958984375
0.0864105224609375 -0.006011962890625 -0.200103759765625 0.263824462890625
0.079803466796875 0.0340576171875 -0.16241455078125 0.136016845703125
0.0383224487304688 0.0521583557128906 -0.0990676879882813 0.0758514404296875
0.0136642456054688 0.0521926879882813 -0.0126152038574219 0.0466804504394531
0.035247802734375 0.0367698669433594 0.155349731445313 0.14678955078125
0.07257080078125 0.0830841064453125 0.165496826171875 0.364593505859375
-0.0358123779296875 0.181427001953125 -0.20123291015625 -0.381256103515625
0.0265350341796875 0.158294677734375 -0.188140869140625 -0.201995849609375
0.129539489746094 0.111862182617187 -0.0099506378173828 -0.0265941619873047
0.132781982421875 0.005584716796875 0.0807037353515625 -0.0232620239257812
0.0883636474609375 -0.069854736328125 0.191009521484375 -0.05322265625
0.0172500610351563 -0.0756683349609375 0.234329223632813 -0.211105346679688
0.005584716796875 -0.0921630859375 0.14495849609375 -0.3609619140625
0.0287551879882812 -0.0965728759765625 0.11187744140625 -0.35968017578125
0.00965881347656251 -0.092742919921875 0.122711181640625 -0.36395263671875
0.0549545288085938 -0.0819549560546875 0.180007934570312 -0.266372680664063
0.100959777832031 -0.0583114624023438 0.114128112792969 -0.127998352050781
0.14935302734375 0.0042724609375 0.00172424316406252 -0.126945495605469
0.102935791015625 0.124351501464844 -0.082763671875 -0.205123901367188
0.0401763916015625 0.144134521484375 -0.162567138671875 -0.367645263671875
-0.026336669921875 0.141326904296875 -0.0498046875 -0.64105224609375
0.015167236328125 0.3876953125 -0.188812255859375 -0.33233642578125
0.07000732421875 0.3321533203125 -0.1680908203125 -0.196990966796875
0.24407958984375 0.274459838867188 -0.0162162780761719 -0.0325794219970703
0.275527954101563 0.0869293212890625 0.0577468872070313 -0.00585937499999999
0.252838134765625 -0.0547637939453125 0.175994873046875 -0.0079803466796875
0.148513793945313 -0.14886474609375 0.217498779296875 -0.160797119140625
0.09063720703125 -0.211441040039063 0.136260986328125 -0.298187255859375
0.118179321289062 -0.221603393554687 0.0948181152343751 -0.289215087890625
0.0813446044921875 -0.232864379882812 0.090850830078125 -0.30169677734375
0.15045166015625 -0.181198120117188 0.126556396484375 -0.216461181640625
0.233596801757812 -0.121551513671875 0.0735702514648438 -0.0889434814453125
0.302459716796875 -0.01287841796875 -0.0409469604492187 -0.102180480957031
0.266464233398438 0.228973388671875 -0.126846313476563 -0.184356689453125
0.166900634765625 0.2928466796875 -0.1895751953125 -0.343048095703125
0.060455322265625 0.357177734375 -0.0758056640625 -0.577880859375
0.0593566894531251 0.545562744140625 -0.168075561523437 -0.213348388671875
0.106536865234375 0.47503662109375 -0.134597778320313 -0.14495849609375
0.333251953125 0.41632080078125 -0.0162525177001953 -0.0307865142822265
0.393585205078125 0.1705322265625 0.0274066925048828 0.00412178039550782
0.395904541015625 -0.021697998046875 0.129096984863281 0.0286636352539063
0.272705078125 -0.195785522460938 0.157730102539063 -0.09393310546875
0.170623779296875 -0.296417236328125 0.099212646484375 -0.19195556640625
0.19061279296875 -0.31402587890625 0.063079833984375 -0.173202514648438
0.134552001953125 -0.34173583984375 0.0513763427734375 -0.191696166992188
0.215179443359375 -0.266326904296875 0.0649948120117188 -0.129386901855469
0.330047607421875 -0.191619873046875 0.0318889617919922 -0.0304107666015625
0.42059326171875 -0.055419921875 -0.0740203857421875 -0.0589065551757813
0.412261962890625 0.281585693359375 -0.148117065429687 -0.138015747070312
0.289794921875 0.389312744140625 -0.176239013671875 -0.278900146484375
0.149383544921875 0.516632080078125 -0.06884765625 -0.445526123046875
0.102294921875 0.62493896484375 -0.141433715820313 -0.035491943359375
0.146728515625 0.555145263671875 -0.089996337890625 -0.0457839965820312
0.3963623046875 0.49078369140625 -0.0119180679321289 -0.0136709213256836
0.46697998046875 0.219390869140625 -0.00963401794433591 0.0148906707763672
0.48516845703125 0.002777099609375 0.0544891357421875 0.0602149963378906
0.3564453125 -0.218994140625 0.0615997314453125 -0.0119514465332031
0.22412109375 -0.33880615234375 0.0390815734863281 -0.0533981323242188
0.2333984375 -0.359710693359375 0.0236358642578125 -0.0319843292236328
0.166107177734375 -0.399688720703125 0.0134506225585938 -0.0520782470703125
0.246978759765625 -0.3116455078125 0.0056133270263672 -0.0148496627807617
0.3782958984375 -0.23638916015625 -0.0053901672363281 0.0417747497558594
0.477813720703125 -0.090423583984375 -0.0913925170898437 -0.00377655029296877
0.49554443359375 0.29071044921875 -0.139923095703125 -0.0801239013671875
0.36431884765625 0.427459716796875 -0.115936279296875 -0.189208984375
0.2147216796875 0.59515380859375 -0.027099609375 -0.265457153320312
0.13739013671875 0.60491943359375 -0.105072021484375 0.170333862304688
0.180084228515625 0.5400390625 -0.0372772216796875 0.0825042724609375
0.407196044921875 0.468170166015625 -0.00686836242675779 0.0213546752929688
0.464447021484375 0.21044921875 -0.0481300354003906 0.033935546875
0.486541748046875 0.013671875 -0.033599853515625 0.0882034301757813
0.37255859375 -0.21112060546875 -0.0496368408203125 0.0801162719726562
0.237213134765625 -0.32879638671875 -0.0291900634765625 0.098541259765625
0.24127197265625 -0.348175048828125 -0.0177993774414062 0.114547729492187
0.17962646484375 -0.391082763671875 -0.0201644897460937 0.0949935913085937
0.25018310546875 -0.2972412109375 -0.0464324951171875 0.105613708496094
0.373779296875 -0.220062255859375 -0.0394058227539062 0.111305236816406
0.45672607421875 -0.08489990234375 -0.0939483642578125 0.0490341186523438
0.4774169921875 0.2750244140625 -0.107742309570312 -0.0258636474609375
0.360626220703125 0.40509033203125 -0.0243301391601562 -0.0913467407226562
0.233154296875 0.5830078125 0.0389671325683594 -0.0671615600585937
0.1563720703125 0.486419677734375 -0.056304931640625 0.36572265625
0.19287109375 0.42333984375 0.019989013671875 0.211837768554688
0.343048095703125 0.345123291015625 0.000373840332031278 0.0669937133789063
0.371002197265625 0.148651123046875 -0.0718536376953125 0.062713623046875
0.391937255859375 0.0096435546875 -0.107688903808594 0.110725402832031
0.3145751953125 -0.174468994140625 -0.144622802734375 0.164413452148438
0.206375122070313 -0.267166137695313 -0.08721923828125 0.237136840820312
0.211639404296875 -0.2822265625 -0.054718017578125 0.242584228515625
0.173248291015625 -0.31744384765625 -0.0518951416015625 0.225021362304687
0.226699829101563 -0.224563598632812 -0.09716796875 0.203338623046875
0.317535400390625 -0.14813232421875 -0.0772552490234375 0.156356811523438
0.3602294921875 -0.03375244140625 -0.0931625366210937 0.0831756591796875
0.361175537109375 0.24029541015625 -0.0682144165039062 0.014007568359375
0.277618408203125 0.329010009765625 0.0666275024414063 0.00230789184570314
0.202178955078125 0.480712890625 0.105445861816406 0.119773864746094
0.1458740234375 0.29168701171875 0.00399780273437498 0.517913818359375
0.1650390625 0.236236572265625 0.080352783203125 0.315032958984375
0.215133666992188 0.1710205078125 0.0170745849609375 0.113204956054688
0.211868286132813 0.06695556640625 -0.067962646484375 0.0910568237304687
0.232330322265625 0.0051422119140625 -0.146575927734375 0.121826171875
0.203643798828125 -0.109619140625 -0.201858520507812 0.22723388671875
0.141845703125 -0.163116455078125 -0.1220703125 0.34075927734375
0.150726318359375 -0.173309326171875 -0.083221435546875 0.334808349609375
0.143783569335938 -0.197601318359375 -0.08538818359375 0.3179931640625
0.173370361328125 -0.117111206054687 -0.148681640625 0.258041381835938
0.215972900390625 -0.04925537109375 -0.120208740234375 0.163619995117188
0.21112060546875 0.0254058837890625 -0.094451904296875 0.0912628173828125
0.188705444335937 0.169891357421875 -0.0344123840332031 0.0367927551269531
0.153427124023438 0.203887939453125 0.130767822265625 0.0826492309570313
0.140411376953125 0.30694580078125 0.152435302734375 0.268997192382813
0.0993576049804688 0.0552902221679688 0.0670166015625 0.6025390625
0.0960845947265625 0.0308456420898437 0.141571044921875 0.376556396484375
0.0491981506347656 0.00111007690429688 0.0489959716796875 0.14556884765625
0.0314311981201172 0.00148200988769531 -0.0364227294921875 0.10638427734375
0.0512123107910156 0.0146217346191406 -0.149734497070313 0.117462158203125
0.0726852416992188 -0.022705078125 -0.2117919921875 0.256378173828125
0.0610771179199219 -0.0319976806640625 -0.128875732421875 0.39105224609375
0.0669593811035156 -0.0378570556640625 -0.097808837890625 0.375518798828125
0.0870437622070313 -0.0534286499023438 -0.117584228515625 0.359039306640625
0.0871658325195312 -0.00820159912109375 -0.193115234375 0.265579223632813
0.0812454223632813 0.0323104858398438 -0.159500122070312 0.13531494140625
0.0399131774902344 0.051055908203125 -0.095001220703125 0.0755615234375
0.0169601440429688 0.0523223876953125 -0.00983810424804687 0.0461692810058594
0.0365982055664063 0.0394401550292969 0.156890869140625 0.143280029296875
0.073333740234375 0.0857925415039063 0.17242431640625 0.360626220703125
-0.0312042236328125 0.182205200195313 -0.215911865234375 -0.386749267578125
0.02886962890625 0.158065795898438 -0.197021484375 -0.20269775390625
0.1326904296875 0.108436584472656 -0.0124740600585937 -0.0310401916503906
0.132560729980469 0.00289154052734375 0.0792617797851563 -0.0254898071289062
0.0850677490234375 -0.0703353881835938 0.193328857421875 -0.0564727783203125
0.0156936645507813 -0.073272705078125 0.23492431640625 -0.220077514648438
0.00399017333984375 -0.0919342041015625 0.137847900390625 -0.370635986328125
0.02630615234375 -0.0973129272460937 0.104095458984375 -0.36968994140625
0.00790405273437499 -0.092010498046875 0.115142822265625 -0.374481201171875
0.0528945922851563 -0.083740234375 0.177719116210938 -0.278396606445313
0.100410461425781 -0.0618057250976562 0.117393493652344 -0.131996154785156
0.151596069335938 -0.0010223388671875 -0.00149536132812499 -0.127685546875
0.107864379882813 0.123939514160156 -0.089385986328125 -0.204788208007813
0.044586181640625 0.1435546875 -0.173309326171875 -0.368377685546875
-0.0207672119140625 0.142578125 -0.06402587890625 -0.64764404296875
0.02447509765625 0.39068603515625 -0.200531005859375 -0.337249755859375
0.077117919921875 0.3348388671875 -0.176300048828125 -0.197891235351562
0.253692626953125 0.27056884765625 -0.0189628601074219 -0.0385627746582031
0.279678344726562 0.081451416015625 0.0564117431640625 -0.00837707519531249
0.2518310546875 -0.059661865234375 0.178695678710938 -0.011383056640625
0.14691162109375 -0.149642944335938 0.218917846679688 -0.168777465820313
0.08807373046875 -0.214492797851563 0.12896728515625 -0.30670166015625
0.11407470703125 -0.228729248046875 0.088958740234375 -0.29730224609375
0.0779876708984375 -0.23553466796875 0.085174560546875 -0.310211181640625
0.1488037109375 -0.18572998046875 0.125885009765625 -0.2266845703125
0.234390258789062 -0.129364013671875 0.0773468017578125 -0.0925827026367188
0.30712890625 -0.02081298828125 -0.0446090698242187 -0.102622985839844
0.278106689453125 0.226333618164063 -0.132278442382813 -0.18359375
0.17498779296875 0.293701171875 -0.199462890625 -0.343048095703125
0.071929931640625 0.361785888671875 -0.08740234375 -0.58294677734375
0.0723876953125 0.550506591796875 -0.176651000976563 -0.215927124023438
0.117767333984375 0.480499267578125 -0.140335083007813 -0.145751953125
0.346435546875 0.413909912109375 -0.0186767578125 -0.0381698608398437
0.400360107421875 0.165557861328125 0.026662826538086 0.000650405883789072
0.399322509765625 -0.03033447265625 0.13250732421875 0.0255279541015625
0.272216796875 -0.200469970703125 0.159133911132813 -0.0987396240234375
0.167266845703125 -0.30364990234375 0.094635009765625 -0.197769165039063
0.18560791015625 -0.325927734375 0.0599365234375 -0.17919921875
0.128814697265625 -0.3487548828125 0.0478057861328125 -0.1986083984375
0.213287353515625 -0.273956298828125 0.0650711059570313 -0.136131286621094
0.33148193359375 -0.20257568359375 0.0354957580566406 -0.0335540771484375
0.426788330078125 -0.065643310546875 -0.0766220092773437 -0.0591354370117188
0.429718017578125 0.277313232421875 -0.150527954101562 -0.137115478515625
0.300262451171875 0.391357421875 -0.183242797851562 -0.279586791992188
0.16552734375 0.5235595703125 -0.075927734375 -0.44927978515625
0.116455078125 0.63299560546875 -0.144821166992188 -0.03631591796875
0.15936279296875 0.5635986328125 -0.091949462890625 -0.0458145141601562
0.414764404296875 0.488433837890625 -0.0139408111572265 -0.0214519500732422
0.47760009765625 0.21136474609375 -0.0100078582763672 0.0103826522827149
0.49200439453125 -0.0087890625 0.0570030212402344 0.0576133728027344
0.3575439453125 -0.22576904296875 0.0632591247558594 -0.0128822326660156
0.22271728515625 -0.348480224609375 0.0375900268554688 -0.0555191040039063
0.228729248046875 -0.374053955078125 0.0237464904785156 -0.0351352691650391
0.158905029296875 -0.40850830078125 0.0135116577148438 -0.0561485290527344
0.24578857421875 -0.320556640625 0.00783729553222658 -0.0171298980712891
0.379669189453125 -0.247528076171875 -0.00140380859374998 0.0398826599121094
0.4837646484375 -0.10150146484375 -0.0922622680664062 -0.00339508056640627
0.5152587890625 0.28424072265625 -0.1395263671875 -0.0796737670898438
0.377685546875 0.427581787109375 -0.119247436523437 -0.189865112304687
0.23431396484375 0.60260009765625 -0.0283050537109375 -0.267593383789063
0.15167236328125 0.61370849609375 -0.10296630859375 0.171676635742188
0.195343017578125 0.54730224609375 -0.0352935791015625 0.083770751953125
0.424774169921875 0.468353271484375 -0.00746154785156247 0.0146951675415039
0.47552490234375 0.2044677734375 -0.0474815368652343 0.0305900573730469
0.49578857421875 0.001708984375 -0.0323715209960937 0.0871353149414063
0.375 -0.22021484375 -0.0484848022460938 0.0831146240234375
0.23565673828125 -0.337799072265625 -0.0270004272460937 0.0999832153320313
0.23748779296875 -0.36279296875 -0.0144882202148437 0.114593505859375
0.17340087890625 -0.401031494140625 -0.0161895751953125 0.0940170288085937
0.24896240234375 -0.306121826171875 -0.0422439575195313 0.107063293457031
0.374481201171875 -0.232025146484375 -0.0351181030273437 0.110786437988281
0.46148681640625 -0.094879150390625 -0.0942916870117187 0.0499038696289062
0.494537353515625 0.270233154296875 -0.105903625488281 -0.0251541137695313
0.37322998046875 0.405181884765625 -0.0239334106445312 -0.0928192138671875
0.25262451171875 0.59100341796875 0.0431556701660156 -0.0678215026855468
0.166839599609375 0.494232177734375 -0.04815673828125 0.369720458984375
0.204986572265625 0.429290771484375 0.026458740234375 0.214157104492188
0.357818603515625 0.3448486328125 0.0012779235839844 0.0633125305175782
0.3798828125 0.14300537109375 -0.0705184936523437 0.0596771240234375
0.40069580078125 -0.00042724609375 -0.107566833496094 0.110923767089844
0.317718505859375 -0.18328857421875 -0.143875122070312 0.171722412109375
0.205963134765625 -0.276321411132813 -0.0816497802734375 0.24237060546875
0.209686279296875 -0.29547119140625 -0.048370361328125 0.246353149414062
0.168914794921875 -0.328277587890625 -0.0454559326171875 0.227066040039062
0.228485107421875 -0.23150634765625 -0.092041015625 0.207870483398437
0.319061279296875 -0.15692138671875 -0.0738372802734375 0.157821655273438
0.3656005859375 -0.04156494140625 -0.0920181274414062 0.0845565795898438
0.375213623046875 0.2366943359375 -0.0653457641601562 0.0139617919921875
0.287017822265625 0.331634521484375 0.0704574584960938 1.52587890625203E-05
0.21807861328125 0.488555908203125 0.114669799804688 0.119560241699219
0.152313232421875 0.29693603515625 0.0187683105468751 0.5233154296875
0.172286987304688 0.240859985351562 0.09033203125 0.317840576171875
0.222900390625 0.172012329101563 0.0195236206054688 0.1124267578125
0.216964721679687 0.0652923583984375 -0.0663833618164063 0.0896377563476562
0.238174438476563 -0.000885009765625 -0.147491455078125 0.123519897460938
0.2071533203125 -0.116180419921875 -0.200881958007813 0.237289428710937
0.142608642578125 -0.169937133789062 -0.11395263671875 0.349029541015625
0.149887084960937 -0.182876586914062 -0.074737548828125 0.3399658203125
0.141616821289063 -0.2066650390625 -0.0772705078125 0.322052001953125
0.176300048828125 -0.122879028320313 -0.142684936523437 0.2662353515625
0.2191162109375 -0.0545806884765625 -0.118698120117188 0.166091918945313
0.215606689453125 0.0215606689453125 -0.0920639038085938 0.0928115844726562
0.19927978515625 0.169082641601563 -0.0311279296875 0.0372695922851563
0.160446166992188 0.206619262695313 0.135894775390625 0.0803298950195313
0.15106201171875 0.31231689453125 0.164443969726562 0.270339965820313
0.100120544433594 0.0574569702148438 0.0816040039062501 0.606201171875
0.097381591796875 0.0315704345703125 0.153533935546875 0.379608154296875
0.0501976013183594 0.00389862060546875 0.052734375 0.146331787109375
0.0322914123535156 0.00242424011230469 -0.034027099609375 0.105720520019531
0.0550765991210938 0.01324462890625 -0.15216064453125 0.12005615234375
0.0748443603515625 -0.026641845703125 -0.2122802734375 0.267715454101563
0.0631065368652344 -0.0353851318359375 -0.1202392578125 0.40069580078125
0.0685005187988281 -0.0423316955566406 -0.090087890625 0.382232666015625
0.0869293212890625 -0.059478759765625 -0.10821533203125 0.36602783203125
0.0898590087890625 -0.0116119384765625 -0.18902587890625 0.275161743164063
0.0843124389648438 0.0305099487304688 -0.159835815429688 0.139389038085938
0.0433311462402344 0.0509872436523438 -0.0923919677734375 0.07781982421875
0.0212669372558594 0.0536079406738281 -0.00698089599609375 0.0469818115234375
0.03948974609375 0.0419464111328125 0.1634521484375 0.141326904296875
0.0767059326171875 0.0895919799804688 0.185394287109375 0.36376953125
-0.022552490234375 0.184524536132813 -0.24066162109375 -0.3873291015625
0.035888671875 0.157760620117188 -0.212860107421875 -0.2005615234375
0.138748168945313 0.102447509765625 -0.0168533325195312 -0.0345077514648437
0.133201599121094 -0.00295257568359375 0.07733154296875 -0.028839111328125
0.0805282592773438 -0.0732650756835938 0.195724487304688 -0.0646820068359375
0.012786865234375 -0.0729141235351563 0.232192993164063 -0.237960815429688
0.000411987304687507 -0.0928268432617188 0.120697021484375 -0.384735107421875
0.0214614868164062 -0.100250244140625 0.0870361328125 -0.382537841796875
0.00392913818359376 -0.0922470092773438 0.098602294921875 -0.389678955078125
0.048675537109375 -0.0872116088867188 0.169219970703125 -0.295684814453125
0.0988693237304688 -0.068511962890625 0.118453979492188 -0.140960693359375
0.154937744140625 -0.00946044921875 -0.00825500488281248 -0.128410339355469
0.117347717285156 0.121551513671875 -0.101974487304688 -0.203399658203125
0.05126953125 0.143264770507813 -0.19415283203125 -0.367218017578125
-0.0125732421875 0.14520263671875 -0.095458984375 -0.6568603515625
0.04351806640625 0.39599609375 -0.22247314453125 -0.337799072265625
0.093231201171875 0.3377685546875 -0.19073486328125 -0.195709228515625
0.270675659179688 0.261917114257813 -0.0243911743164062 -0.0435256958007812
0.286376953125 0.0711669921875 0.0546836853027344 -0.0123405456542969
0.252304077148438 -0.0711822509765625 0.183563232421875 -0.0195770263671875
0.14337158203125 -0.1558837890625 0.21832275390625 -0.183456420898437
0.0821685791015625 -0.22198486328125 0.116455078125 -0.319793701171875
0.104949951171875 -0.239486694335937 0.075469970703125 -0.308868408203125
0.068878173828125 -0.242828369140625 0.0709228515625 -0.323883056640625
0.143325805664063 -0.195968627929687 0.118484497070313 -0.240768432617188
0.233627319335938 -0.14276123046875 0.0793533325195313 -0.0993728637695313
0.31402587890625 -0.037200927734375 -0.0514373779296875 -0.102622985839844
0.29827880859375 0.217926025390625 -0.141998291015625 -0.18194580078125
0.191162109375 0.292510986328125 -0.218414306640625 -0.34112548828125
0.093414306640625 0.366729736328125 -0.11553955078125 -0.59014892578125
0.1005859375 0.559600830078125 -0.192337036132812 -0.215576171875
0.141357421875 0.486328125 -0.150177001953125 -0.143997192382812
0.373687744140625 0.404541015625 -0.0240058898925781 -0.0444984436035156
0.4139404296875 0.150115966796875 0.0251502990722656 -0.00402450561523437
0.404205322265625 -0.048370361328125 0.1375732421875 0.0187835693359375
0.270187377929688 -0.213241577148437 0.15966796875 -0.108978271484375
0.159576416015625 -0.31658935546875 0.0861053466796875 -0.20684814453125
0.173980712890625 -0.3438720703125 0.0526580810546875 -0.188247680664063
0.11566162109375 -0.361419677734375 0.0396270751953125 -0.208206176757813
0.2061767578125 -0.288238525390625 0.0616912841796875 -0.144760131835938
0.32928466796875 -0.22174072265625 0.0387115478515625 -0.0382919311523438
0.433502197265625 -0.088043212890625 -0.0816802978515625 -0.0577545166015625
0.455841064453125 0.262481689453125 -0.1578369140625 -0.135330200195312
0.323089599609375 0.38665771484375 -0.19775390625 -0.277847290039063
0.198638916015625 0.52880859375 -0.094940185546875 -0.45501708984375
0.148681640625 0.64361572265625 -0.150100708007813 -0.034149169921875
0.189453125 0.57000732421875 -0.0955581665039062 -0.0440292358398437
0.446685791015625 0.47979736328125 -0.0176372528076172 -0.0275230407714843
0.496795654296875 0.194366455078125 -0.0111761093139648 0.00658226013183595
0.502105712890625 -0.030792236328125 0.0612525939941406 0.0534248352050781
0.3565673828125 -0.24395751953125 0.0651779174804688 -0.0157814025878906
0.21343994140625 -0.364959716796875 0.0351715087890625 -0.0582122802734375
0.2149658203125 -0.39630126953125 0.02288818359375 -0.0389404296875
0.14300537109375 -0.4254150390625 0.0117149353027344 -0.0619125366210938
0.23699951171875 -0.337738037109375 0.00894165039062502 -0.0201492309570313
0.3779296875 -0.271087646484375 0.0034599304199219 0.0377273559570312
0.49114990234375 -0.126220703125 -0.09503173828125 -0.00104522705078124
0.5445556640625 0.265716552734375 -0.143295288085937 -0.07757568359375
0.404205322265625 0.420806884765625 -0.128555297851562 -0.189559936523437
0.2724609375 0.60784912109375 -0.036529541015625 -0.271484375
0.181884765625 0.62432861328125 -0.096710205078125 0.177886962890625
0.2254638671875 0.554534912109375 -0.02978515625 0.0862197875976563
0.458038330078125 0.458526611328125 -0.00850868225097653 0.00957679748535159
0.4935302734375 0.186737060546875 -0.0475807189941406 0.0282707214355469
0.507598876953125 -0.02117919921875 -0.0286026000976562 0.0867538452148437
0.375762939453125 -0.240966796875 -0.0454559326171875 0.087677001953125
0.227996826171875 -0.35638427734375 -0.0223464965820312 0.103660583496094
0.224334716796875 -0.38568115234375 -0.00846862792968747 0.115440368652344
0.157379150390625 -0.419158935546875 -0.0110244750976562 0.0936508178710937
0.242889404296875 -0.324127197265625 -0.03668212890625 0.109466552734375
0.372894287109375 -0.2532958984375 -0.0296478271484375 0.111915588378906
0.4676513671875 -0.118072509765625 -0.0946502685546875 0.0528411865234375
0.524261474609375 0.25347900390625 -0.105567932128906 -0.0242996215820312
0.398406982421875 0.40020751953125 -0.0263824462890625 -0.0951004028320312
0.28857421875 0.59381103515625 0.0458602905273438 -0.07171630859375
0.193267822265625 0.502044677734375 -0.0322570800781249 0.376922607421875
0.22930908203125 0.434417724609375 0.039520263671875 0.217071533203125
0.384765625 0.3399658203125 0.00346374511718752 0.0605201721191407
0.39520263671875 0.131103515625 -0.0696067810058593 0.0598983764648438
0.41131591796875 -0.02056884765625 -0.105537414550781 0.114494323730469
0.318756103515625 -0.201690673828125 -0.139495849609375 0.183837890625
0.20111083984375 -0.292724609375 -0.07049560546875 0.25201416015625
0.200103759765625 -0.315765380859375 -0.0372314453125 0.252059936523438
0.156036376953125 -0.345672607421875 -0.0346527099609375 0.230728149414063
0.224472045898438 -0.247421264648437 -0.08184814453125 0.216476440429687
0.319793701171875 -0.174285888671875 -0.0673828125 0.1617431640625
0.37213134765625 -0.058807373046875 -0.0898208618164062 0.08795166015625
0.399261474609375 0.22454833984375 -0.0621452331542968 0.01495361328125
0.309417724609375 0.327728271484375 0.0738067626953125 -0.00442504882812498
0.2490234375 0.491607666015625 0.126930236816406 0.116767883300781
0.16815185546875 0.30145263671875 0.042724609375 0.530029296875
0.187484741210937 0.242034912109375 0.109771728515625 0.320343017578125
0.238052368164063 0.1702880859375 0.0251235961914063 0.111648559570313
0.2257080078125 0.0581817626953125 -0.0632553100585937 0.0901947021484375
0.245803833007813 -0.0134124755859375 -0.147659301757812 0.129806518554688
0.208847045898438 -0.129318237304688 -0.196121215820312 0.254150390625
0.140701293945313 -0.181625366210938 -0.09857177734375 0.361724853515625
0.144851684570313 -0.197494506835938 -0.05908203125 0.349517822265625
0.134170532226563 -0.219955444335938 -0.062835693359375 0.329925537109375
0.176498413085937 -0.134445190429687 -0.131668090820312 0.278594970703125
0.222625732421875 -0.06549072265625 -0.113861083984375 0.173599243164063
0.22210693359375 0.012481689453125 -0.0892181396484375 0.0966720581054687
0.214019775390625 0.163726806640625 -0.0271873474121094 0.0377273559570313
0.173446655273438 0.205917358398438 0.14434814453125 0.074432373046875
0.17095947265625 0.31671142578125 0.184539794921875 0.268844604492188
0.103797912597656 0.0578765869140625 0.11181640625 0.61279296875
0.0999374389648438 0.029937744140625 0.176300048828125 0.380126953125
0.0523910522460938 0.00481033325195313 0.061370849609375 0.146774291992188
0.0337772369384766 0.00257301330566406 -0.0303115844726563 0.106475830078125
0.0587348937988281 0.0102348327636719 -0.152236938476563 0.12744140625
0.0765914916992188 -0.03204345703125 -0.206756591796875 0.285369873046875
0.0647659301757812 -0.0403709411621094 -0.1007080078125 0.415771484375
0.069244384765625 -0.0485687255859375 -0.071990966796875 0.393707275390625
0.0858001708984375 -0.0678787231445313 -0.09246826171875 0.377532958984375
0.093292236328125 -0.0173568725585938 -0.178558349609375 0.29046630859375
0.0888671875 0.0264816284179688 -0.158340454101563 0.149169921875
0.0475883483886719 0.0496635437011719 -0.0896453857421875 0.0820541381835938
0.0264091491699219 0.0537261962890625 -0.00305557250976563 0.0475196838378906
0.0433883666992188 0.0436210632324219 0.17523193359375 0.136459350585938
0.083465576171875 0.0921554565429687 0.20928955078125 0.363006591796875
-0.0103607177734375 0.185089111328125 -0.270904541015625 -0.376495361328125
0.045135498046875 0.154098510742188 -0.230545043945313 -0.188385009765625
0.144195556640625 0.091461181640625 -0.0223960876464844 -0.036651611328125
0.132240295410156 -0.0115432739257812 0.0738372802734375 -0.0328750610351563
0.0742645263671875 -0.0770339965820313 0.195144653320313 -0.07696533203125
0.00858306884765625 -0.070831298828125 0.220062255859375 -0.256439208984375
-0.00540924072265625 -0.0926284790039063 0.0941467285156249 -0.396209716796875
0.0140304565429687 -0.101737976074219 0.060546875 -0.391357421875
-0.00135803222656251 -0.091796875 0.071136474609375 -0.399658203125
0.0430145263671875 -0.0899124145507813 0.150390625 -0.31207275390625
0.0949935913085938 -0.0762557983398438 0.113845825195313 -0.151016235351563
0.15533447265625 -0.0220794677734375 -0.0171966552734375 -0.126914978027344
0.127876281738281 0.114349365234375 -0.1163330078125 -0.196258544921875
0.0610122680664062 0.139663696289063 -0.219757080078125 -0.3558349609375
-0.000869750976562484 0.144622802734375 -0.13922119140625 -0.652099609375
0.07073974609375 0.395233154296875 -0.2481689453125 -0.32794189453125
0.115264892578125 0.332550048828125 -0.207595825195313 -0.1868896484375
0.28790283203125 0.24383544921875 -0.0304527282714844 -0.046234130859375
0.29071044921875 0.05224609375 0.0516700744628907 -0.0167617797851563
0.246810913085938 -0.0862884521484375 0.184707641601563 -0.0322113037109375
0.135589599609375 -0.162551879882812 0.209640502929687 -0.201629638671875
0.0688934326171875 -0.227706909179688 0.094970703125 -0.330047607421875
0.0883026123046875 -0.249221801757813 0.053466796875 -0.316314697265625
0.05389404296875 -0.248489379882812 0.04815673828125 -0.3330078125
0.131729125976563 -0.20611572265625 0.103897094726563 -0.254119873046875
0.22601318359375 -0.159698486328125 0.0772476196289063 -0.108375549316406
0.313995361328125 -0.05975341796875 -0.05902099609375 -0.098968505859375
0.317535400390625 0.199554443359375 -0.154571533203125 -0.17437744140625
0.21075439453125 0.281707763671875 -0.2415771484375 -0.3287353515625
0.12213134765625 0.36224365234375 -0.15380859375 -0.5845947265625
0.138946533203125 0.55712890625 -0.209197998046875 -0.207687377929687
0.173370361328125 0.481048583984375 -0.161605834960938 -0.13690185546875
0.403839111328125 0.37890625 -0.0306930541992187 -0.0481796264648437
0.424591064453125 0.1236572265625 0.0222129821777344 -0.00807571411132812
0.401763916015625 -0.075225830078125 0.140167236328125 0.00835418701171874
0.260116577148438 -0.2283935546875 0.15582275390625 -0.12164306640625
0.141571044921875 -0.329132080078125 0.0725555419921875 -0.213424682617188
0.150390625 -0.360076904296875 0.0398101806640625 -0.194747924804688
0.0928955078125 -0.3719482421875 0.024200439453125 -0.21575927734375
0.18994140625 -0.30377197265625 0.05303955078125 -0.153076171875
0.31787109375 -0.24566650390625 0.0398025512695313 -0.0444107055664063
0.431671142578125 -0.1185302734375 -0.08758544921875 -0.05328369140625
0.48028564453125 0.232940673828125 -0.166351318359375 -0.128082275390625
0.3499755859375 0.368804931640625 -0.216522216796875 -0.26666259765625
0.239501953125 0.52020263671875 -0.122711181640625 -0.4521484375
0.193115234375 0.64044189453125 -0.154647827148438 -0.027313232421875
0.22833251953125 0.56341552734375 -0.0986480712890625 -0.0395965576171875
0.482757568359375 0.452911376953125 -0.0219078063964844 -0.0315933227539062
0.5106201171875 0.163330078125 -0.0124025344848633 0.00326061248779298
0.502349853515625 -0.065643310546875 0.0654678344726563 0.0469436645507812
0.346923828125 -0.2659912109375 0.0657501220703125 -0.0211563110351563
0.192718505859375 -0.382720947265625 0.0320091247558594 -0.0609931945800781
0.188629150390625 -0.4166259765625 0.0204048156738281 -0.0427131652832032
0.115142822265625 -0.43768310546875 0.00690841674804688 -0.0664558410644532
0.218505859375 -0.355987548828125 0.00918769836425782 -0.0230350494384766
0.3636474609375 -0.296661376953125 0.00802040100097658 0.0345611572265625
0.4862060546875 -0.160675048828125 -0.097503662109375 0.00423431396484374
0.57037353515625 0.230712890625 -0.147140502929687 -0.0723419189453125
0.433746337890625 0.401123046875 -0.139495849609375 -0.18377685546875
0.319091796875 0.59539794921875 -0.05157470703125 -0.272003173828125
0.22674560546875 0.6199951171875 -0.0862731933593749 0.181747436523438
0.264556884765625 0.546661376953125 -0.0226669311523437 0.08709716796875
0.493682861328125 0.431854248046875 -0.00909423828124997 0.00557613372802737
0.509765625 0.15753173828125 -0.0475082397460937 0.0260467529296875
0.510223388671875 -0.05670166015625 -0.0240249633789062 0.0857391357421875
0.3653564453125 -0.26507568359375 -0.039459228515625 0.0916671752929688
0.20977783203125 -0.375640869140625 -0.0144729614257812 0.106010437011719
0.198974609375 -0.40728759765625 1.52587890624996E-05 0.114959716796875
0.12890625 -0.43475341796875 -0.00492095947265624 0.0910720825195312
0.22576904296875 -0.34283447265625 -0.0273895263671875 0.111534118652344
0.36053466796875 -0.27984619140625 -0.0211029052734375 0.111488342285156
0.4638671875 -0.149322509765625 -0.0927886962890625 0.0576400756835937
0.549041748046875 0.217071533203125 -0.105422973632812 -0.0209884643554687
0.425201416015625 0.379638671875 -0.0306243896484375 -0.0962982177734375
0.334716796875 0.5833740234375 0.0455093383789063 -0.076263427734375
0.227691650390625 0.498199462890625 -0.00619506835937496 0.3782958984375
0.261383056640625 0.425079345703125 0.057342529296875 0.214614868164063
0.412353515625 0.318359375 0.00746154785156253 0.0576133728027344
0.407257080078125 0.106842041015625 -0.0668449401855468 0.0595893859863281
0.414794921875 -0.0491943359375 -0.1005859375 0.118965148925781
0.3114013671875 -0.22393798828125 -0.129196166992187 0.195785522460938
0.18609619140625 -0.30914306640625 -0.0527191162109375 0.25860595703125
0.179229736328125 -0.334197998046875 -0.0193023681640625 0.253280639648438
0.133514404296875 -0.360443115234375 -0.018585205078125 0.231231689453125
0.21295166015625 -0.264739990234375 -0.065765380859375 0.222579956054688
0.3116455078125 -0.19561767578125 -0.057342529296875 0.165054321289063
0.371551513671875 -0.083221435546875 -0.0851593017578125 0.0926437377929687
0.4208984375 0.198455810546875 -0.0591926574707031 0.0155029296875
0.332489013671875 0.312713623046875 0.0761184692382813 -0.0117721557617187
0.28643798828125 0.481658935546875 0.139564514160156 0.108116149902344
0.18927001953125 0.297088623046875 0.07757568359375 0.528045654296875
0.205169677734375 0.234619140625 0.1348876953125 0.314361572265625
0.253799438476563 0.158721923828125 0.0334243774414063 0.108993530273438
0.231903076171875 0.04559326171875 -0.0583038330078125 0.0911331176757812
0.248641967773437 -0.030548095703125 -0.14324951171875 0.137008666992188
0.20440673828125 -0.14501953125 -0.182144165039062 0.271011352539063
0.131851196289063 -0.194229125976563 -0.0729370117187499 0.370208740234375
0.132949829101562 -0.211166381835938 -0.03460693359375 0.353790283203125
0.1192626953125 -0.23291015625 -0.039398193359375 0.33349609375
0.171478271484375 -0.148239135742188 -0.11199951171875 0.28863525390625
0.221206665039063 -0.081085205078125 -0.103530883789063 0.18096923828125
0.225677490234375 -0.00177001953125 -0.0829315185546875 0.100883483886719
0.230026245117188 0.1500244140625 -0.0228157043457031 0.0370140075683594
0.187911987304688 0.199127197265625 0.151840209960938 0.063720703125
0.195587158203125 0.31109619140625 0.206817626953125 0.257904052734375
0.10760498046875 0.055145263671875 0.15130615234375 0.60821533203125
0.102813720703125 0.0262832641601563 0.20556640625 0.37042236328125
0.0551910400390625 0.00494003295898438 0.0728607177734375 0.142929077148438
0.0346317291259766 0.0022125244140625 -0.0233993530273438 0.105461120605469
0.0618019104003906 0.00547409057617188 -0.149017333984375 0.136886596679687
0.07659912109375 -0.038909912109375 -0.191009521484375 0.304168701171875
0.0640144348144531 -0.046783447265625 -0.071258544921875 0.42510986328125
0.0669937133789063 -0.0558280944824219 -0.0447998046875 0.400146484375
0.0807647705078125 -0.0764007568359375 -0.066558837890625 0.38372802734375
0.09405517578125 -0.0255203247070313 -0.15789794921875 0.305084228515625
0.0922164916992188 0.0200881958007813 -0.150299072265625 0.160202026367188
0.0525665283203125 0.0469741821289063 -0.083740234375 0.0868682861328125
0.0325126647949219 0.0526466369628906 0.00168991088867187 0.0469703674316406
0.0477828979492188 0.0427055358886719 0.18695068359375 0.124862670898438
0.09124755859375 0.090423583984375 0.23724365234375 0.352630615234375
0.002777099609375 0.180313110351563 -0.29302978515625 -0.353759765625
0.0527191162109375 0.1466064453125 -0.241683959960937 -0.169876098632813
0.144790649414063 0.07855224609375 -0.0281143188476562 -0.0354652404785156
0.126953125 -0.0193862915039063 0.0685691833496094 -0.0359344482421875
0.0662765502929687 -0.078216552734375 0.1883544921875 -0.088348388671875
0.00424575805664062 -0.0672760009765625 0.20086669921875 -0.269561767578125
-0.0107498168945313 -0.0898895263671875 0.06512451171875 -0.39459228515625
0.00675201416015624 -0.100761413574219 0.031341552734375 -0.3880615234375
-0.00628662109375 -0.08935546875 0.0406494140625 -0.399658203125
0.035797119140625 -0.0906753540039063 0.12640380859375 -0.319976806640625
0.0877761840820312 -0.0820541381835937 0.1053466796875 -0.158187866210938
0.150604248046875 -0.0340728759765625 -0.0254440307617187 -0.121589660644531
0.134498596191406 0.1029052734375 -0.128067016601563 -0.182846069335938
0.0686416625976563 0.132080078125 -0.238616943359375 -0.334228515625
0.0103912353515625 0.140106201171875 -0.179443359375 -0.6292724609375
0.096405029296875 0.383758544921875 -0.26861572265625 -0.3076171875
0.134033203125 0.31903076171875 -0.21759033203125 -0.169174194335937
0.29766845703125 0.21868896484375 -0.0369300842285156 -0.0457572937011719
0.286712646484375 0.033355712890625 0.0477333068847656 -0.0200386047363281
0.234832763671875 -0.099395751953125 0.181060791015625 -0.043731689453125
0.12469482421875 -0.165695190429688 0.194564819335938 -0.214431762695312
0.0540771484375 -0.228546142578125 0.070648193359375 -0.3304443359375
0.069427490234375 -0.2515869140625 0.03021240234375 -0.3155517578125
0.0371551513671875 -0.2474365234375 0.022247314453125 -0.33319091796875
0.116470336914063 -0.21063232421875 0.084747314453125 -0.259414672851563
0.211959838867187 -0.172775268554688 0.0723724365234375 -0.114089965820313
0.305450439453125 -0.080963134765625 -0.0654449462890625 -0.0925140380859375
0.328125 0.173919677734375 -0.163314819335937 -0.161773681640625
0.225189208984375 0.2640380859375 -0.257537841796875 -0.30731201171875
0.146453857421875 0.34600830078125 -0.1856689453125 -0.5634765625
0.174072265625 0.54052734375 -0.220672607421875 -0.191986083984375
0.2015380859375 0.461334228515625 -0.168716430664062 -0.125030517578125
0.42181396484375 0.34552001953125 -0.0365180969238281 -0.0489730834960937
0.423248291015625 0.094757080078125 0.0189075469970703 -0.0111160278320312
0.3883056640625 -0.09893798828125 0.139030456542969 -0.00231933593750001
0.243072509765625 -0.239151000976563 0.146438598632813 -0.131576538085938
0.1204833984375 -0.333404541015625 0.056671142578125 -0.215240478515625
0.122314453125 -0.36505126953125 0.0251312255859375 -0.195114135742188
0.06658935546875 -0.37213134765625 0.00741577148437502 -0.21636962890625
0.16766357421875 -0.3106689453125 0.0422515869140625 -0.156387329101563
0.297271728515625 -0.26275634765625 0.0390281677246094 -0.0491256713867188
0.41778564453125 -0.146331787109375 -0.0909042358398437 -0.0459136962890625
0.491180419921875 0.19500732421875 -0.17156982421875 -0.118179321289062
0.367401123046875 0.342315673828125 -0.228973388671875 -0.248703002929688
0.27325439453125 0.49566650390625 -0.147674560546875 -0.436309814453125
0.23382568359375 0.618408203125 -0.154434204101562 -0.0195770263671875
0.262176513671875 0.54071044921875 -0.0990753173828125 -0.0340118408203125
0.50579833984375 0.412445068359375 -0.0259933471679687 -0.0342273712158203
0.511505126953125 0.128204345703125 -0.0149250030517578 0.000441551208496103
0.489471435546875 -0.0963134765625 0.0669403076171875 0.0395050048828125
0.3262939453125 -0.2821044921875 0.0641555786132813 -0.0260467529296875
0.16766357421875 -0.390655517578125 0.0282554626464844 -0.0622100830078125
0.156158447265625 -0.423553466796875 0.0169563293457031 -0.0451774597167969
0.084564208984375 -0.4393310546875 0.000274658203124998 -0.0693511962890625
0.193878173828125 -0.3642578125 0.00860595703125001 -0.0259075164794922
0.3392333984375 -0.315826416015625 0.0118522644042969 0.0300884246826172
0.4677734375 -0.1907958984375 -0.097564697265625 0.0100173950195312
0.57843017578125 0.18670654296875 -0.148330688476562 -0.06536865234375
0.450042724609375 0.368133544921875 -0.148117065429687 -0.173126220703125
0.3570556640625 0.56591796875 -0.0651702880859375 -0.264358520507812
0.2655029296875 0.59814453125 -0.072967529296875 0.18170166015625
0.297607421875 0.52203369140625 -0.0148544311523437 0.0852432250976563
0.5179443359375 0.392303466796875 -0.00983524322509763 0.00212097167968752
0.511260986328125 0.1219482421875 -0.0467033386230468 0.0238761901855469
0.5003662109375 -0.090667724609375 -0.0200271606445312 0.08355712890625
0.346099853515625 -0.285186767578125 -0.0322341918945312 0.0924148559570312
0.184722900390625 -0.385009765625 -0.00562286376953124 0.104705810546875
0.167022705078125 -0.41644287109375 0.00795745849609376 0.110671997070312
0.098907470703125 -0.4375 -4.57763671875013E-05 0.0862579345703125
0.201904296875 -0.352447509765625 -0.0180587768554687 0.109375
0.337493896484375 -0.298553466796875 -0.0127105712890625 0.107688903808594
0.44708251953125 -0.179107666015625 -0.0894012451171875 0.0620346069335937
0.557769775390625 0.17657470703125 -0.104110717773437 -0.0186538696289063
0.44384765625 0.347930908203125 -0.0350494384765625 -0.0948333740234375
0.372772216796875 0.551239013671875 0.0430145263671875 -0.0795135498046875
0.258331298828125 0.479248046875 0.01873779296875 0.370147705078125
0.28564453125 0.40460205078125 0.0724029541015625 0.205230712890625
0.430816650390625 0.288360595703125 0.0114517211914063 0.0526847839355469
0.407379150390625 0.081085205078125 -0.0630340576171875 0.0578536987304688
0.406402587890625 -0.076904296875 -0.0939865112304687 0.121002197265625
0.294708251953125 -0.24139404296875 -0.114181518554687 0.202438354492188
0.165252685546875 -0.319610595703125 -0.0324859619140625 0.257095336914063
0.153594970703125 -0.343505859375 -0.000961303710937517 0.248321533203125
0.106109619140625 -0.3648681640625 -0.00315856933593749 0.225128173828125
0.193405151367188 -0.274810791015625 -0.0478973388671875 0.221420288085937
0.2952880859375 -0.21319580078125 -0.045806884765625 0.163848876953125
0.360626220703125 -0.10546875 -0.0791091918945312 0.0946426391601562
0.42962646484375 0.165740966796875 -0.0562553405761719 0.0153770446777344
0.346343994140625 0.289306640625 0.0752334594726563 -0.018768310546875
0.316680908203125 0.457427978515625 0.147735595703125 0.095458984375
0.205810546875 0.28375244140625 0.11102294921875 0.5108642578125
0.21844482421875 0.2205810546875 0.15582275390625 0.2979736328125
0.263442993164063 0.140594482421875 0.0413818359375 0.10223388671875
0.231765747070312 0.0320281982421875 -0.0526275634765625 0.0884246826171875
0.244613647460938 -0.0479736328125 -0.1353759765625 0.142318725585937
0.194442749023438 -0.157623291015625 -0.1622314453125 0.2808837890625
0.120208740234375 -0.20269775390625 -0.044769287109375 0.368621826171875
0.116302490234375 -0.219223022460938 -0.00958251953124997 0.347564697265625
0.100875854492188 -0.238632202148437 -0.01654052734375 0.327301025390625
0.160888671875 -0.157623291015625 -0.08807373046875 0.290252685546875
0.213668823242188 -0.0935821533203125 -0.090789794921875 0.183731079101562
0.222457885742188 -0.0158538818359375 -0.07525634765625 0.102897644042969
0.237899780273437 0.130828857421875 -0.0185680389404297 0.0348587036132813
0.198272705078125 0.1859130859375 0.155120849609375 0.050994873046875
0.214813232421875 0.295745849609375 0.222518920898438 0.238998413085938
0.109016418457031 0.0498733520507813 0.1893310546875 0.584716796875
0.102737426757813 0.0209808349609375 0.228790283203125 0.349212646484375
0.0568351745605469 0.00315475463867188 0.0821762084960938 0.135063171386719
0.03515625 0.00140380859375 -0.0170974731445313 0.101814270019531
0.0624198913574219 0.00045013427734375 -0.140975952148438 0.143081665039063
0.0743560791015625 -0.045074462890625 -0.169464111328125 0.315093994140625
0.0619049072265625 -0.0524406433105469 -0.039825439453125 0.42193603515625
0.0624198913574219 -0.0616264343261719 -0.016571044921875 0.394073486328125
0.0735321044921875 -0.082061767578125 -0.03790283203125 0.37896728515625
0.0916061401367188 -0.0324554443359375 -0.133453369140625 0.30975341796875
0.0935516357421875 0.0136260986328125 -0.138427734375 0.167739868164063
0.0560569763183594 0.0429649353027344 -0.0756072998046875 0.0892562866210938
0.0373764038085938 0.0489501953125 0.005767822265625 0.04425048828125
0.0512771606445312 0.0412559509277344 0.192520141601563 0.10845947265625
0.0969924926757812 0.0861740112304688 0.25775146484375 0.331085205078125
0.011199951171875 0.17315673828125 -0.3031005859375 -0.33123779296875
0.055938720703125 0.137977600097656 -0.244003295898438 -0.15350341796875
0.141448974609375 0.0691680908203125 -0.0312767028808594 -0.0333805084228516
0.121139526367187 -0.0242691040039062 0.0639839172363282 -0.0362815856933594
0.0588760375976563 -0.07647705078125 0.181503295898438 -0.095123291015625
0.00159454345703125 -0.0629615783691406 0.183883666992187 -0.273788452148438
-0.0145416259765625 -0.08624267578125 0.043548583984375 -0.385986328125
0.000968933105468744 -0.0981369018554688 0.010833740234375 -0.37762451171875
-0.00968933105468749 -0.0861892700195313 0.01873779296875 -0.39013671875
0.0300445556640625 -0.0892868041992187 0.10662841796875 -0.31854248046875
0.0804977416992188 -0.0847015380859375 0.09820556640625 -0.160919189453125
0.14410400390625 -0.0416259765625 -0.029754638671875 -0.115005493164063
0.136245727539063 0.09271240234375 -0.132492065429688 -0.169326782226563
0.0730209350585938 0.12371826171875 -0.246917724609375 -0.312408447265625
0.0173568725585938 0.133369445800781 -0.2022705078125 -0.5997314453125
0.11279296875 0.366851806640625 -0.2755126953125 -0.2879638671875
0.14385986328125 0.302459716796875 -0.220413208007813 -0.154754638671875
0.29754638671875 0.19708251953125 -0.0406646728515625 -0.0445404052734375
0.276824951171875 0.0205230712890625 0.043365478515625 -0.0212860107421875
0.222091674804688 -0.10516357421875 0.175765991210938 -0.0511627197265625
0.114944458007813 -0.1632080078125 0.180557250976563 -0.22003173828125
0.0428619384765625 -0.224227905273438 0.052520751953125 -0.323974609375
0.054290771484375 -0.248214721679688 0.013458251953125 -0.307281494140625
0.02447509765625 -0.242385864257813 0.00329589843750002 -0.325408935546875
0.103408813476563 -0.20916748046875 0.0696563720703125 -0.258224487304688
0.197830200195313 -0.179031372070313 0.0676116943359375 -0.117584228515625
0.2935791015625 -0.09466552734375 -0.0686111450195313 -0.0849075317382813
0.329681396484375 0.15106201171875 -0.165542602539062 -0.149795532226563
0.230575561523438 0.24658203125 -0.2637939453125 -0.286163330078125
0.160888671875 0.328094482421875 -0.206207275390625 -0.536956787109375
0.195831298828125 0.516571044921875 -0.224395751953125 -0.17791748046875
0.217498779296875 0.439788818359375 -0.169647216796875 -0.114578247070313
0.4246826171875 0.313812255859375 -0.0404739379882812 -0.0485992431640625
0.412078857421875 0.07354736328125 0.0151910781860352 -0.0130472183227539
0.371734619140625 -0.113189697265625 0.136016845703125 -0.00984954833984376
0.2279052734375 -0.241546630859375 0.137321472167969 -0.136627197265625
0.101837158203125 -0.33026123046875 0.0454559326171875 -0.211349487304688
0.0993347167968751 -0.362091064453125 0.01416015625 -0.190933227539063
0.046417236328125 -0.36419677734375 -0.00634765625000001 -0.212203979492188
0.149017333984375 -0.308929443359375 0.0335693359375 -0.15673828125
0.27691650390625 -0.26983642578125 0.0373573303222656 -0.0534439086914063
0.400299072265625 -0.16217041015625 -0.0923004150390625 -0.0393600463867188
0.488525390625 0.164520263671875 -0.172149658203125 -0.108871459960938
0.3717041015625 0.3182373046875 -0.232452392578125 -0.232208251953125
0.29180908203125 0.467071533203125 -0.161590576171875 -0.41552734375
0.25830078125 0.5914306640625 -0.151504516601562 -0.013641357421875
0.281707763671875 0.513397216796875 -0.0970993041992188 -0.0303878784179687
0.512664794921875 0.374725341796875 -0.0286941528320312 -0.0358467102050781
0.50103759765625 0.103363037109375 -0.0173835754394531 -0.00162124633789062
0.471527099609375 -0.117523193359375 0.0663261413574219 0.033843994140625
0.306793212890625 -0.288238525390625 0.0616035461425781 -0.0296134948730469
0.1466064453125 -0.388916015625 0.0257377624511719 -0.0622596740722657
0.12896728515625 -0.420623779296875 0.0138320922851563 -0.0462532043457032
0.060302734375 -0.431121826171875 -0.00577926635742187 -0.0689353942871094
0.172393798828125 -0.362548828125 0.00787544250488282 -0.0278759002685547
0.314422607421875 -0.323883056640625 0.0138874053955078 0.024820327758789
0.446502685546875 -0.206573486328125 -0.0961685180664062 0.0149002075195312
0.57330322265625 0.15264892578125 -0.147415161132812 -0.0606231689453125
0.45404052734375 0.33935546875 -0.150390625 -0.163528442382812
0.37548828125 0.530517578125 -0.0724639892578125 -0.254104614257812
0.2867431640625 0.57183837890625 -0.0625457763671875 0.177001953125
0.3140869140625 0.493865966796875 -0.00900268554687498 0.0809478759765625
0.52398681640625 0.35711669921875 -0.0105447769165039 -0.00164604187011716
0.50030517578125 0.096832275390625 -0.0475616455078125 0.021881103515625
0.481292724609375 -0.110687255859375 -0.016998291015625 0.0801544189453125
0.326812744140625 -0.29345703125 -0.0268630981445312 0.0917510986328125
0.163482666015625 -0.386688232421875 0.00160980224609377 0.100738525390625
0.141143798828125 -0.414886474609375 0.0123825073242188 0.105079650878906
0.072723388671875 -0.42962646484375 0.00156402587890625 0.081329345703125
0.1807861328125 -0.35113525390625 -0.0108489990234375 0.104904174804687
0.314544677734375 -0.306671142578125 -0.00717163085937497 0.1024169921875
0.42828369140625 -0.193145751953125 -0.0855636596679687 0.0643463134765625
0.551788330078125 0.142791748046875 -0.10223388671875 -0.01715087890625
0.446319580078125 0.321929931640625 -0.0374832153320312 -0.0925140380859375
0.390625 0.51788330078125 0.0408096313476563 -0.0800094604492187
0.274993896484375 0.45599365234375 0.0347900390625 0.3551025390625
0.298553466796875 0.382659912109375 0.0825042724609375 0.193511962890625
0.435302734375 0.25927734375 0.012969970703125 0.0467529296875
0.4000244140625 0.061492919921875 -0.0609397888183593 0.0547561645507813
0.39263916015625 -0.094482421875 -0.0885162353515625 0.120719909667969
0.278182983398438 -0.250167846679688 -0.101898193359375 0.203384399414062
0.148681640625 -0.32208251953125 -0.0168914794921875 0.249755859375
0.1319580078125 -0.34344482421875 0.0102691650390625 0.238937377929687
0.083984375 -0.360443115234375 0.00595092773437501 0.215805053710938
0.17779541015625 -0.276473999023438 -0.0347137451171875 0.215240478515625
0.278472900390625 -0.220840454101563 -0.03717041015625 0.15924072265625
0.346282958984375 -0.11798095703125 -0.0737533569335937 0.0954360961914062
0.426971435546875 0.13897705078125 -0.0541000366210937 0.0130577087402344
0.349365234375 0.268463134765625 0.0726776123046875 -0.0245361328125
0.3314208984375 0.43048095703125 0.149688720703125 0.08465576171875
0.214462280273438 0.269454956054688 0.131500244140625 0.48797607421875
0.22344970703125 0.206344604492188 0.167617797851563 0.28009033203125
0.266159057617188 0.126205444335938 0.0451126098632813 0.0948715209960938
0.228103637695312 0.0222625732421875 -0.0488662719726562 0.0848312377929688
0.23748779296875 -0.05926513671875 -0.12835693359375 0.144393920898438
0.183700561523438 -0.164382934570313 -0.14532470703125 0.28271484375
0.109146118164063 -0.205673217773438 -0.0238037109375 0.358795166015625
0.10272216796875 -0.220611572265625 0.00741577148437502 0.33575439453125
0.0854339599609375 -0.238037109375 -0.00155639648437503 0.31610107421875
0.149993896484375 -0.162063598632812 -0.070892333984375 0.28509521484375
0.204635620117187 -0.1019287109375 -0.0807952880859375 0.181427001953125
0.21624755859375 -0.025238037109375 -0.0689315795898437 0.102485656738281
0.239501953125 0.115493774414063 -0.0165348052978516 0.0314769744873047
0.201934814453125 0.173919677734375 0.15289306640625 0.03997802734375
0.22491455078125 0.279281616210938 0.228469848632813 0.220428466796875
0.108245849609375 0.0465621948242187 0.20928955078125 0.5562744140625
0.101341247558594 0.0169601440429688 0.23980712890625 0.32623291015625
0.0578269958496094 0.0022430419921875 0.0866546630859375 0.125534057617188
0.0350093841552734 0.00107955932617188 -0.0136260986328125 0.0968856811523438
0.0621604919433594 -0.00371932983398438 -0.134368896484375 0.146133422851563
0.071563720703125 -0.0490036010742188 -0.150726318359375 0.317047119140625
0.0588035583496094 -0.0562744140625 -0.017059326171875 0.4102783203125
0.0584564208984375 -0.0643463134765625 0.00326538085937502 0.381195068359375
0.06634521484375 -0.0849533081054688 -0.018585205078125 0.368194580078125
0.0889968872070313 -0.0376129150390625 -0.11285400390625 0.306884765625
0.0925979614257812 0.00860595703125 -0.127456665039062 0.169723510742188
0.0576248168945313 0.0387954711914063 -0.0691909790039063 0.0884323120117187
0.040252685546875 0.045562744140625 0.00798416137695313 0.0409317016601562
0.0530738830566406 0.0396194458007813 0.192657470703125 0.0950469970703125
0.100494384765625 0.0817337036132813 0.266937255859375 0.308807373046875
0.0164642333984375 0.166976928710938 -0.30694580078125 -0.316192626953125
0.056182861328125 0.132591247558594 -0.24505615234375 -0.1422119140625
0.13800048828125 0.0632476806640625 -0.0330448150634765 -0.0317363739013672
0.116203308105469 -0.02557373046875 0.0610885620117188 -0.0354804992675781
0.0541763305664062 -0.0738296508789063 0.177627563476563 -0.0984344482421875
0.00102996826171875 -0.0589637756347656 0.173431396484375 -0.276504516601563
-0.0165481567382813 -0.0828857421875 0.030120849609375 -0.37835693359375
-0.00244903564453125 -0.0956268310546875 -0.00128173828125002 -0.36810302734375
-0.0109786987304688 -0.0839080810546875 0.00515747070312501 -0.381622314453125
0.0268020629882812 -0.0873260498046875 0.094390869140625 -0.316192626953125
0.0755081176757813 -0.0856170654296875 0.0936431884765625 -0.16265869140625
0.139404296875 -0.0461654663085938 -0.0319671630859375 -0.109420776367188
0.1370849609375 0.0862045288085938 -0.13421630859375 -0.16046142578125
0.0743179321289062 0.117935180664063 -0.24981689453125 -0.297210693359375
0.02142333984375 0.127471923828125 -0.212158203125 -0.578369140625
0.121856689453125 0.35498046875 -0.279006958007812 -0.2742919921875
0.148345947265625 0.291107177734375 -0.220703125 -0.145278930664063
0.294677734375 0.18389892578125 -0.0433464050292969 -0.0438919067382812
0.269699096679688 0.013702392578125 0.039947509765625 -0.021575927734375
0.212631225585937 -0.107131958007812 0.1719970703125 -0.056610107421875
0.110198974609375 -0.160171508789063 0.170761108398438 -0.22222900390625
0.0358734130859375 -0.220596313476563 0.041839599609375 -0.318359375
0.044586181640625 -0.245132446289063 0.00317382812499998 -0.300018310546875
0.0168914794921875 -0.23785400390625 -0.00875854492187498 -0.3182373046875
0.0966339111328125 -0.20703125 0.0596466064453125 -0.257354736328125
0.188720703125 -0.18115234375 0.0652389526367188 -0.120048522949219
0.284912109375 -0.101318359375 -0.0698089599609375 -0.079315185546875
0.327789306640625 0.1376953125 -0.166793823242187 -0.141769409179688
0.232284545898438 0.235397338867188 -0.264663696289062 -0.272171020507813
0.1673583984375 0.314422607421875 -0.21337890625 -0.518585205078125
0.207061767578125 0.500091552734375 -0.2255859375 -0.169036865234375
0.225311279296875 0.4234619140625 -0.170318603515625 -0.107833862304688
0.424560546875 0.29449462890625 -0.0434188842773437 -0.0491867065429687
0.403717041015625 0.062652587890625 0.0121946334838867 -0.0141963958740234
0.359588623046875 -0.119873046875 0.133445739746094 -0.0147018432617188
0.219039916992188 -0.2406005859375 0.130935668945313 -0.140396118164063
0.091552734375 -0.3272705078125 0.038970947265625 -0.208953857421875
0.0850830078125 -0.357666015625 0.00805664062500001 -0.1871337890625
0.034454345703125 -0.359100341796875 -0.01495361328125 -0.207717895507813
0.138763427734375 -0.305633544921875 0.0280609130859375 -0.15667724609375
0.264236450195312 -0.2724609375 0.0365371704101563 -0.0567855834960938
0.38751220703125 -0.170013427734375 -0.0924911499023437 -0.0339431762695313
0.48382568359375 0.144500732421875 -0.172393798828125 -0.103057861328125
0.3720703125 0.30157470703125 -0.23309326171875 -0.220947265625
0.3006591796875 0.44677734375 -0.16595458984375 -0.40216064453125
0.272216796875 0.57366943359375 -0.149505615234375 -0.0113525390625
0.289642333984375 0.494598388671875 -0.0959014892578125 -0.0287704467773437
0.512542724609375 0.351531982421875 -0.0313796997070312 -0.0374031066894531
0.491455078125 0.089324951171875 -0.0200119018554687 -0.00360679626464843
0.458160400390625 -0.127777099609375 0.0655860900878907 0.0294075012207031
0.29522705078125 -0.29034423828125 0.0598335266113281 -0.03125
0.133697509765625 -0.387115478515625 0.0247268676757813 -0.0632133483886719
0.1124267578125 -0.417572021484375 0.0117645263671875 -0.0464820861816407
0.0450439453125 -0.423431396484375 -0.0103263854980469 -0.0683364868164063
0.160125732421875 -0.3590087890625 0.00711441040039064 -0.0298118591308594
0.29949951171875 -0.32525634765625 0.0148735046386719 0.0206966400146484
0.431732177734375 -0.214447021484375 -0.0952377319335937 0.0190505981445312
0.56793212890625 0.13055419921875 -0.147171020507812 -0.05828857421875
0.453155517578125 0.32244873046875 -0.151626586914062 -0.157379150390625
0.383636474609375 0.50946044921875 -0.0755920410156249 -0.246902465820312
0.2996826171875 0.553680419921875 -0.05657958984375 0.171981811523438
0.323211669921875 0.4774169921875 -0.00558471679687499 0.0775604248046875
0.52362060546875 0.332122802734375 -0.0122184753417968 -0.00504112243652342
0.493255615234375 0.084075927734375 -0.0485343933105469 0.0193405151367188
0.469146728515625 -0.123931884765625 -0.0152053833007812 0.077880859375
0.313873291015625 -0.2978515625 -0.0239639282226562 0.0912399291992187
0.150604248046875 -0.385711669921875 0.00659179687500001 0.097076416015625
0.124755859375 -0.4122314453125 0.0150680541992188 0.10089111328125
0.057281494140625 -0.422882080078125 0.00133514404296875 0.0782928466796875
0.169921875 -0.347381591796875 -0.00669860839843749 0.100616455078125
0.300323486328125 -0.309661865234375 -0.00455474853515624 0.0978622436523437
0.413177490234375 -0.198822021484375 -0.083770751953125 0.0666732788085938
0.544952392578125 0.121673583984375 -0.10113525390625 -0.0177078247070313
0.44537353515625 0.305450439453125 -0.0391616821289062 -0.0913772583007813
0.397125244140625 0.4970703125 0.0398101806640625 -0.0801773071289062
0.284637451171875 0.442230224609375 0.043121337890625 0.3436279296875
0.303955078125 0.3670654296875 0.0874481201171875 0.1846923828125
0.437103271484375 0.24139404296875 0.0134811401367188 0.0417747497558594
0.394012451171875 0.051788330078125 -0.0610885620117187 0.0525360107421875
0.38348388671875 -0.1055908203125 -0.0858383178710937 0.119842529296875
0.268341064453125 -0.254043579101563 -0.0944366455078124 0.203109741210937
0.1373291015625 -0.3236083984375 -0.00735473632812498 0.243194580078125
0.1180419921875 -0.342376708984375 0.0166168212890625 0.230865478515625
0.07110595703125 -0.354949951171875 0.00987243652343748 0.209579467773437
0.168060302734375 -0.275604248046875 -0.0265655517578125 0.210205078125
0.267471313476563 -0.224380493164063 -0.0327911376953125 0.154891967773438
0.3363037109375 -0.124298095703125 -0.0706863403320312 0.0956344604492187
0.4227294921875 0.12188720703125 -0.053070068359375 0.0108222961425781
0.349578857421875 0.25518798828125 0.07037353515625 -0.0281143188476562
0.33978271484375 0.41265869140625 0.150161743164063 0.0777740478515625
0.219085693359375 0.260711669921875 0.14129638671875 0.470672607421875
0.225433349609375 0.196701049804688 0.173812866210938 0.266693115234375
0.267623901367188 0.116241455078125 0.0465774536132813 0.089019775390625
0.225006103515625 0.017578125 -0.0477752685546875 0.0813064575195312
0.232315063476563 -0.0657958984375 -0.125015258789063 0.145034790039062
0.176864624023438 -0.168136596679688 -0.134490966796875 0.28369140625
0.102783203125 -0.2083740234375 -0.011322021484375 0.3492431640625
0.093963623046875 -0.220870971679688 0.0167236328125 0.32501220703125
0.0749359130859375 -0.235992431640625 0.00704956054687503 0.306732177734375
0.14447021484375 -0.163482666015625 -0.059539794921875 0.279098510742188
0.198760986328125 -0.105377197265625 -0.0745086669921875 0.179092407226563
0.211563110351562 -0.0294342041015625 -0.0649261474609375 0.101737976074219
0.2379150390625 0.10516357421875 -0.0155048370361328 0.0284156799316406
0.203460693359375 0.167266845703125 0.150650024414063 0.0326690673828125
0.230453491210938 0.268646240234375 0.229904174804688 0.2083740234375
0.107101440429688 0.0453262329101563 0.219390869140625 0.535308837890625
0.099700927734375 0.014923095703125 0.244720458984375 0.309722900390625
0.0588569641113281 0.00144577026367188 0.0889358520507813 0.118453979492188
0.0352134704589844 0.00107955932617187 -0.0125350952148437 0.092559814453125
0.0620918273925781 -0.00689697265625 -0.131134033203125 0.147537231445313
0.0690193176269531 -0.0521392822265625 -0.139617919921875 0.318084716796875
0.0569534301757813 -0.0593910217285156 -0.00320434570312496 0.40087890625
0.0561981201171875 -0.0661277770996094 0.014556884765625 0.37030029296875
0.0621185302734375 -0.0855026245117188 -0.00762939453124998 0.3587646484375
0.0873031616210938 -0.040374755859375 -0.100921630859375 0.302459716796875
0.0923385620117187 0.0050811767578125 -0.120498657226562 0.169479370117188
0.058319091796875 0.0364761352539063 -0.0649185180664063 0.087432861328125
0.0416603088378906 0.0432205200195313 0.00858688354492188 0.0380897521972656
0.054656982421875 0.0389060974121094 0.190414428710937 0.086090087890625
0.102485656738281 0.079833984375 0.269622802734375 0.2947998046875
0.02032470703125 0.16455078125 -0.31396484375 -0.3089599609375
0.0573348999023438 0.130500793457031 -0.247482299804688 -0.135513305664062
0.13677978515625 0.0602951049804687 -0.0346965789794922 -0.0313949584960938
0.113899230957031 -0.027374267578125 0.0599327087402344 -0.0355758666992188
0.0518951416015625 -0.0721511840820312 0.177047729492188 -0.1036376953125
0.00128555297851562 -0.0558967590332031 0.1671142578125 -0.281707763671875
-0.018402099609375 -0.080474853515625 0.021697998046875 -0.377685546875
-0.00563812255859375 -0.0949935913085938 -0.010040283203125 -0.365325927734375
-0.0128326416015625 -0.0833969116210938 -0.004180908203125 -0.37933349609375
0.0246963500976562 -0.0871810913085938 0.08660888671875 -0.3192138671875
0.0724411010742188 -0.08782958984375 0.0923004150390625 -0.166366577148437
0.137283325195313 -0.0501708984375 -0.0331573486328125 -0.106407165527344
0.139122009277344 0.0816497802734375 -0.136199951171875 -0.1546630859375
0.0755233764648438 0.1148681640625 -0.25384521484375 -0.288421630859375
0.0241012573242188 0.125007629394531 -0.22003173828125 -0.568359375
0.13031005859375 0.349639892578125 -0.284332275390625 -0.268524169921875
0.153076171875 0.285797119140625 -0.223281860351562 -0.139739990234375
0.296234130859375 0.17523193359375 -0.0457000732421875 -0.0444602966308594
0.266952514648438 0.0095672607421875 0.0380744934082031 -0.0219039916992187
0.209182739257812 -0.108901977539062 0.172271728515625 -0.0617523193359375
0.109375 -0.15997314453125 0.16595458984375 -0.228134155273438
0.03143310546875 -0.21966552734375 0.034576416015625 -0.318511962890625
0.0374908447265625 -0.245315551757813 -0.00402832031250002 -0.2987060546875
0.011962890625 -0.237548828125 -0.0177001953125 -0.316680908203125
0.092498779296875 -0.2073974609375 0.0536041259765625 -0.259124755859375
0.183624267578125 -0.18505859375 0.0635299682617188 -0.124435424804688
0.2822265625 -0.107940673828125 -0.0712966918945312 -0.0755462646484375
0.330810546875 0.12860107421875 -0.169586181640625 -0.137893676757812
0.235702514648437 0.230422973632812 -0.268478393554688 -0.265579223632813
0.173583984375 0.308502197265625 -0.220184326171875 -0.509857177734375
0.21990966796875 0.493865966796875 -0.228607177734375 -0.164871215820313
0.23284912109375 0.4166259765625 -0.171539306640625 -0.104110717773437
0.428253173828125 0.280975341796875 -0.0464591979980469 -0.0504493713378906
0.402130126953125 0.056640625 0.00913143157958987 -0.0154285430908203
0.35552978515625 -0.1259765625 0.134056091308594 -0.0193252563476563
0.216659545898437 -0.24237060546875 0.127716064453125 -0.144287109375
0.085418701171875 -0.328948974609375 0.0345458984375 -0.210189819335938
0.0750732421875 -0.359649658203125 0.00259399414062499 -0.186920166015625
0.025787353515625 -0.35833740234375 -0.02239990234375 -0.205978393554688
0.133575439453125 -0.30731201171875 0.0244140625 -0.159042358398438
0.256759643554688 -0.27783203125 0.0357780456542969 -0.0605392456054688
0.3839111328125 -0.1781005859375 -0.093505859375 -0.02978515625
0.48687744140625 0.131103515625 -0.174896240234375 -0.100936889648437
0.3768310546875 0.294097900390625 -0.23638916015625 -0.215591430664063
0.309112548828125 0.439453125 -0.17169189453125 -0.39617919921875
0.2860107421875 0.56549072265625 -0.149322509765625 -0.00982666015624996
0.3004150390625 0.48614501953125 -0.0956268310546875 -0.0274429321289062
0.52105712890625 0.3370361328125 -0.034576416015625 -0.040313720703125
0.49072265625 0.081024169921875 -0.0227642059326172 -0.00473213195800781
0.45318603515625 -0.1370849609375 0.0664901733398438 0.0269126892089844
0.290283203125 -0.296356201171875 0.0589752197265625 -0.0337944030761719
0.12603759765625 -0.39093017578125 0.0241775512695313 -0.0659523010253906
0.101287841796875 -0.419647216796875 0.00997543334960939 -0.0475616455078125
0.034759521484375 -0.423736572265625 -0.0143165588378906 -0.0678939819335938
0.154541015625 -0.360260009765625 0.00618743896484376 -0.0322151184082031
0.293426513671875 -0.3316650390625 0.0154170989990235 0.0173635482788086
0.42840576171875 -0.221923828125 -0.0955047607421875 0.0230178833007812
0.569580078125 0.11627197265625 -0.149505615234375 -0.0575714111328125
0.458099365234375 0.314788818359375 -0.153915405273437 -0.154296875
0.39508056640625 0.49957275390625 -0.0782928466796874 -0.244857788085937
0.31256103515625 0.547088623046875 -0.0532684326171875 0.170394897460938
0.3326416015625 0.4688720703125 -0.00330352783203123 0.0753707885742188
0.532684326171875 0.31878662109375 -0.013585090637207 -0.00839996337890623
0.49267578125 0.0751953125 -0.0512771606445312 0.0181922912597656
0.466278076171875 -0.134368896484375 -0.0145721435546875 0.0770492553710937
0.309173583984375 -0.303802490234375 -0.0214767456054687 0.0918960571289062
0.142333984375 -0.3914794921875 0.0098419189453125 0.093902587890625
0.113067626953125 -0.415496826171875 0.0165252685546875 0.0982284545898437
0.048126220703125 -0.422088623046875 0.000595092773437503 0.07757568359375
0.164581298828125 -0.3505859375 -0.00442504882812499 0.0982513427734375
0.2939453125 -0.31475830078125 -0.00305175781249998 0.09515380859375
0.409423828125 -0.206085205078125 -0.0828704833984375 0.0698776245117188
0.546844482421875 0.107330322265625 -0.103507995605469 -0.0189285278320313
0.450439453125 0.297271728515625 -0.0410385131835937 -0.0925369262695312
0.409820556640625 0.48651123046875 0.0397491455078125 -0.0814132690429687
0.2945556640625 0.4368896484375 0.04974365234375 0.338348388671875
0.31134033203125 0.360198974609375 0.0915985107421875 0.180191040039063
0.44195556640625 0.2301025390625 0.0131797790527344 0.0385513305664063
0.395111083984375 0.04595947265625 -0.0626296997070312 0.0509910583496094
0.381103515625 -0.114837646484375 -0.0839080810546875 0.121894836425781
0.264053344726563 -0.261428833007813 -0.0892333984375 0.20660400390625
0.1304931640625 -0.329803466796875 -0.000320434570312484 0.239578247070312
0.109649658203125 -0.345733642578125 0.02093505859375 0.227462768554687
0.062042236328125 -0.355712890625 0.0123138427734375 0.207351684570312
0.163864135742187 -0.278717041015625 -0.0215911865234375 0.207977294921875
0.262451171875 -0.229721069335937 -0.030792236328125 0.153762817382812
0.333526611328125 -0.1292724609375 -0.0690536499023437 0.0976333618164063
0.424560546875 0.111663818359375 -0.0546836853027343 0.00849151611328125
0.3555908203125 0.25079345703125 0.0689506530761719 -0.0313796997070312
0.34912109375 0.405792236328125 0.151596069335938 0.073394775390625
0.223968505859375 0.258132934570312 0.14923095703125 0.463531494140625
0.229507446289063 0.192550659179688 0.178741455078125 0.2598876953125
0.271316528320312 0.110336303710937 0.0482406616210938 0.085235595703125
0.225677490234375 0.01483154296875 -0.0483779907226562 0.0794143676757813
0.230789184570313 -0.0725860595703125 -0.124099731445313 0.1483154296875
0.174148559570313 -0.173660278320313 -0.127044677734375 0.288543701171875
0.097930908203125 -0.213943481445313 -0.00134277343750001 0.346099853515625
0.0889434814453125 -0.224533081054687 0.023590087890625 0.32122802734375
0.06982421875 -0.237823486328125 0.0123291015625 0.30426025390625
0.142105102539063 -0.166900634765625 -0.0531158447265625 0.277679443359375
0.196884155273438 -0.109954833984375 -0.0711822509765625 0.179718017578125
0.211380004882813 -0.03289794921875 -0.0626449584960937 0.102577209472656
0.240081787109375 0.098358154296875 -0.016357421875 0.0260257720947266
0.207443237304687 0.164901733398438 0.14984130859375 0.0275421142578125
0.237091064453125 0.264205932617188 0.233840942382813 0.202926635742188
0.107864379882812 0.0459442138671875 0.225982666015625 0.52484130859375
0.0995254516601563 0.0135345458984375 0.251312255859375 0.3018798828125
0.0603828430175781 0.00057220458984375 0.0913314819335938 0.115028381347656
0.0366973876953125 0.00179672241210938 -0.0122756958007812 0.0902557373046875
0.0624732971191406 -0.00954818725585937 -0.130767822265625 0.151443481445313
0.0676078796386719 -0.0555343627929688 -0.131195068359375 0.3240966796875
0.0561065673828125 -0.0635833740234375 0.00704956054687504 0.39739990234375
0.0547142028808594 -0.0687255859375 0.021270751953125 0.366485595703125
0.0595474243164063 -0.0874862670898438 -0.000488281249999989 0.355255126953125
0.0872650146484375 -0.0432968139648438 -0.0928955078125 0.302825927734375
0.0933990478515625 0.002349853515625 -0.116989135742187 0.172393798828125
0.0604286193847656 0.0355873107910156 -0.0623245239257813 0.0882415771484375
0.0437469482421875 0.0423851013183594 0.00835418701171875 0.035980224609375
0.0569343566894531 0.0399208068847656 0.190673828125 0.0802001953125
0.105545043945313 0.079437255859375 0.274200439453125 0.28851318359375
0.02667236328125 0.163726806640625 -0.327606201171875 -0.303314208984375
0.0607452392578125 0.129539489746094 -0.255645751953125 -0.128036499023438
0.13836669921875 0.0565261840820313 -0.0374107360839844 -0.0311241149902344
0.112930297851562 -0.0302200317382812 0.059112548828125 -0.0373954772949219
0.0496368408203125 -0.0720901489257813 0.177658081054688 -0.112808227539063
0.00181198120117188 -0.0545005798339844 0.159759521484375 -0.29473876953125
-0.0202178955078125 -0.0803298950195313 0.00802612304687499 -0.38134765625
-0.0100555419921875 -0.09539794921875 -0.02294921875 -0.366973876953125
-0.0161361694335938 -0.0841293334960938 -0.018157958984375 -0.382720947265625
0.0218734741210938 -0.08795166015625 0.07562255859375 -0.326995849609375
0.0690994262695313 -0.0913009643554688 0.0894317626953125 -0.17413330078125
0.136329650878906 -0.0563735961914063 -0.0367584228515625 -0.105171203613281
0.143585205078125 0.077362060546875 -0.141738891601563 -0.14990234375
0.0791168212890625 0.112373352050781 -0.264984130859375 -0.282470703125
0.028472900390625 0.12469482421875 -0.23748779296875 -0.566162109375
0.144439697265625 0.347900390625 -0.29608154296875 -0.26287841796875
0.1630859375 0.283203125 -0.230621337890625 -0.133621215820312
0.30389404296875 0.16595458984375 -0.0499382019042968 -0.0445404052734375
0.269073486328125 0.0033111572265625 0.0368423461914063 -0.0230255126953125
0.207015991210938 -0.115310668945313 0.174118041992188 -0.070098876953125
0.1082763671875 -0.163894653320313 0.159759521484375 -0.239364624023438
0.02490234375 -0.223251342773438 0.023223876953125 -0.3240966796875
0.027862548828125 -0.249679565429688 -0.014801025390625 -0.301116943359375
0.00347900390625001 -0.241363525390625 -0.03094482421875 -0.31878662109375
0.087677001953125 -0.212677001953125 0.0446014404296875 -0.266159057617188
0.179107666015625 -0.19384765625 0.0611190795898438 -0.131431579589844
0.282379150390625 -0.120025634765625 -0.0740509033203125 -0.0719680786132813
0.3394775390625 0.117706298828125 -0.175521850585937 -0.133468627929688
0.244842529296875 0.226806640625 -0.279693603515625 -0.259170532226562
0.186279296875 0.306243896484375 -0.235687255859375 -0.50811767578125
0.240142822265625 0.490936279296875 -0.236465454101563 -0.16058349609375
0.247589111328125 0.41168212890625 -0.1771240234375 -0.100006103515625
0.44146728515625 0.26861572265625 -0.0506973266601562 -0.0521469116210937
0.407684326171875 0.047271728515625 0.00645446777343753 -0.0159416198730469
0.355804443359375 -0.138427734375 0.135986328125 -0.0260086059570313
0.213973999023437 -0.25201416015625 0.12408447265625 -0.152481079101563
0.075225830078125 -0.336395263671875 0.0279083251953125 -0.215988159179688
0.0616455078125 -0.3671875 -0.00399780273437499 -0.189056396484375
0.01312255859375 -0.364654541015625 -0.0316009521484375 -0.207000732421875
0.127349853515625 -0.314605712890625 0.01824951171875 -0.16375732421875
0.251190185546875 -0.290771484375 0.0343551635742188 -0.0659294128417969
0.383880615234375 -0.193389892578125 -0.0956420898437499 -0.0243911743164063
0.498626708984375 0.114654541015625 -0.181625366210937 -0.09771728515625
0.39093017578125 0.2879638671875 -0.245254516601563 -0.210983276367187
0.3280029296875 0.435028076171875 -0.18359375 -0.39556884765625
0.30902099609375 0.56396484375 -0.151199340820312 -0.00659179687499998
0.31927490234375 0.4814453125 -0.0969772338867187 -0.0254440307617187
0.53717041015625 0.32012939453125 -0.03863525390625 -0.0425567626953125
0.498382568359375 0.06884765625 -0.0262699127197265 -0.005035400390625
0.454071044921875 -0.15277099609375 0.0687408447265625 0.0229644775390625
0.288055419921875 -0.310577392578125 0.0584754943847656 -0.0366630554199219
0.11419677734375 -0.401641845703125 0.0224418640136719 -0.070098876953125
0.085540771484375 -0.42999267578125 0.00775909423828126 -0.0488662719726563
0.020965576171875 -0.42999267578125 -0.0191841125488281 -0.0677146911621094
0.14678955078125 -0.37005615234375 0.00428771972656251 -0.0347156524658203
0.28485107421875 -0.345458984375 0.015462875366211 0.0144243240356445
0.42742919921875 -0.239105224609375 -0.0959930419921875 0.028900146484375
0.58013916015625 0.09820556640625 -0.155380249023438 -0.0555419921875
0.474853515625 0.30584716796875 -0.161209106445312 -0.152984619140625
0.417938232421875 0.491943359375 -0.0849151611328125 -0.246139526367187
0.336822509765625 0.54449462890625 -0.0487823486328125 0.171966552734375
0.3533935546875 0.46240234375 -9.15527343749845E-05 0.0755081176757813
0.5499267578125 0.302215576171875 -0.0162897109985351 -0.0110712051391601
0.502227783203125 0.0643310546875 -0.0540084838867187 0.0182952880859375
0.467620849609375 -0.15264892578125 -0.011871337890625 0.0773849487304687
0.305999755859375 -0.319000244140625 -0.017608642578125 0.0941925048828125
0.1304931640625 -0.404876708984375 0.0138778686523437 0.0908889770507812
0.09930419921875 -0.4259033203125 0.0193939208984375 0.0978012084960937
0.03277587890625 -0.430572509765625 0.00089263916015625 0.0786514282226562
0.15771484375 -0.36065673828125 -0.00135803222656249 0.0977935791015625
0.28564453125 -0.329071044921875 -0.00109100341796873 0.094635009765625
0.41033935546875 -0.222991943359375 -0.0816421508789062 0.0758209228515625
0.557647705078125 0.090118408203125 -0.1080322265625 -0.0183868408203125
0.4661865234375 0.290679931640625 -0.0451278686523437 -0.0937347412109375
0.431640625 0.481414794921875 0.0387649536132813 -0.084320068359375
0.31341552734375 0.4342041015625 0.06048583984375 0.337982177734375
0.326904296875 0.354827880859375 0.10003662109375 0.177093505859375
0.458221435546875 0.2174072265625 0.0135421752929688 0.0354347229003906
0.402740478515625 0.0369873046875 -0.0639915466308593 0.0515785217285156
0.383148193359375 -0.130401611328125 -0.0818328857421874 0.126228332519531
0.260772705078125 -0.274810791015625 -0.082794189453125 0.2139892578125
0.12176513671875 -0.34130859375 0.00836181640625003 0.239349365234375
0.09783935546875 -0.35595703125 0.02801513671875 0.22808837890625
0.050537109375 -0.362884521484375 0.017425537109375 0.208908081054687
0.159515380859375 -0.28802490234375 -0.01513671875 0.208709716796875
0.258514404296875 -0.241317749023438 -0.0266876220703125 0.155426025390625
0.33526611328125 -0.14068603515625 -0.0667190551757812 0.102569580078125
0.434112548828125 0.09796142578125 -0.0579719543457031 0.00833892822265626
0.3680419921875 0.243621826171875 0.0672340393066407 -0.0357780456542969
0.3687744140625 0.400421142578125 0.156524658203125 0.0698699951171875
0.236221313476562 0.2564697265625 0.163848876953125 0.462493896484375
0.238540649414062 0.187423706054688 0.19091796875 0.255233764648438
0.2796630859375 0.101654052734375 0.0509109497070313 0.0829238891601563
0.230911254882813 0.010040283203125 -0.0483016967773437 0.080474853515625
0.232192993164063 -0.082977294921875 -0.121749877929688 0.155929565429688
0.170867919921875 -0.183303833007813 -0.1182861328125 0.2994384765625
0.0917816162109375 -0.223541259765625 0.01123046875 0.34796142578125
0.0815582275390625 -0.233047485351563 0.033660888671875 0.32275390625
0.062469482421875 -0.243484497070313 0.021087646484375 0.3062744140625
0.140380859375 -0.174545288085938 -0.044097900390625 0.28125
0.19635009765625 -0.118392944335938 -0.067291259765625 0.183319091796875
0.214752197265625 -0.039337158203125 -0.059661865234375 0.10626220703125
0.247146606445313 0.0913543701171875 -0.0182418823242187 0.0247459411621094
0.216720581054687 0.162460327148437 0.15142822265625 0.021392822265625
0.250839233398438 0.261398315429688 0.243270874023438 0.197906494140625
0.11077880859375 0.045318603515625 0.24310302734375 0.521484375
0.100799560546875 0.0116729736328125 0.26385498046875 0.2945556640625
0.0627784729003906 -0.00054168701171875 0.0966567993164063 0.112617492675781
0.0383682250976563 0.00162887573242188 -0.0112838745117187 0.0907058715820313
0.0631561279296875 -0.0127143859863281 -0.129623413085937 0.160110473632813
0.06658935546875 -0.0595359802246094 -0.12127685546875 0.335418701171875
0.0544662475585938 -0.0690803527832031 0.02191162109375 0.39947509765625
0.0536346435546875 -0.0739212036132813 0.034210205078125 0.367218017578125
0.0573806762695313 -0.0914077758789063 0.01068115234375 0.3580322265625
0.0879440307617188 -0.0482406616210937 -0.083251953125 0.30865478515625
0.0956268310546875 -0.00174713134765625 -0.112869262695313 0.178939819335938
0.0635566711425781 0.0348930358886719 -0.0596771240234375 0.0898666381835938
0.0464248657226563 0.0414199829101563 0.00802230834960938 0.0353355407714844
0.0609626770019531 0.0400505065917969 0.194046020507813 0.07366943359375
0.111198425292969 0.0785903930664063 0.286041259765625 0.284332275390625
0.157071824901513 -0.0800563369156578 0.0470330450173411 -0.464008508538621
0.0929128748144259 -0.126045669090149 -0.0387149916942096 -0.310757867151816
-0.0310095192519155 -0.145546206095448 -0.0198538269319906 -0.0278464412007915
-0.109743122998521 -0.0697742111348066 0.0573743554521469 0.0669246775914291
-0.102279543900891 0.0302222481118609 0.217171016806037 0.106601501730458
-0.0625174891196065 0.059051076324397 0.344287225373171 0.0079760560013576
-0.0592267287419368 0.0826106072570817 0.371072525672207 -0.124276783346275
-0.0551654555367342 0.0936400523441096 0.34762774198527 -0.198521210719986
-0.0680312858465014 0.0898682275655948 0.354079312268704 -0.17555042272591
-0.0809425801113738 0.0598712416953803 0.31908804991792 -0.0846277588609204
-0.118946059865463 0.0209046671355578 0.210478991963435 0.0106106170808113
-0.132757134289466 -0.0730487098654363 0.0658547429493356 -0.0629499877940659
-0.0477895001921327 -0.137593029034007 0.0263150132484456 -0.191870676923619
0.048913390626103 -0.108991685564835 0.094430616586332 -0.376790165563963
0.0959915129212768 -0.0589047539761834 0.281131313044337 -0.530411361423472
0.237040175469324 -0.2790011020681 -0.00461898446680428 -0.415015983942106
0.147363762574842 -0.30762847027763 -0.0586740182520668 -0.293458157727411
-0.038702895734712 -0.346382174552865 -0.0565226370659094 -0.0217110227126508
-0.191502295949846 -0.22927827341351 0.00530873087073225 0.0901549470380007
-0.250764165600138 -0.0555167331412337 0.178403126612383 0.153260674120343
-0.212993862416125 0.0424691045621425 0.304856729724675 0.0560923082788918
-0.212129991568151 0.117035296844687 0.332323236094274 -0.0661996478909793
-0.191868850710182 0.162654958270374 0.300902651282072 -0.148736720541432
-0.212148917692885 0.16302440292769 0.300593627396959 -0.144181795384453
-0.220753742502921 0.0860224441358111 0.255760177434312 -0.0611757475645585
-0.268099721862591 0.0102409687975766 0.155027530964268 0.0267846417125966
-0.276645058716052 -0.159829825614849 0.00433351543937633 -0.0576819569876525
-0.161156631621131 -0.296448177406844 -0.022868759795121 -0.200394144295781
0.0358329282270135 -0.303167423581956 0.0448633520579968 -0.381330453528481
0.154902818560606 -0.275019500241859 0.221998301948418 -0.513567963710953
0.292196964908601 -0.444351336548414 -0.0831720045595683 -0.304809725175016
0.189201209161154 -0.462121254176856 -0.0937148461410474 -0.228919852854678
-0.0382457636264706 -0.521066596265931 -0.0882919250374849 -0.00713966580479309
-0.250601921233574 -0.379375849423447 -0.0447840074719761 0.0967123267389385
-0.373378597303586 -0.14820816945943 0.115126562791684 0.166769458355642
-0.343525354902836 0.0104823916939066 0.216270371365789 0.0858131669350532
-0.34006524399034 0.128030034629229 0.238642833461918 -0.00326150372188079
-0.300341532743685 0.208069825484475 0.209335396700118 -0.0762871657575561
-0.319841286408051 0.219225653981951 0.205904109548357 -0.0863483413066883
-0.326657002827074 0.115964328642864 0.162248618550174 -0.0179184637495387
-0.386143663007344 0.0209968793987111 0.0829267024464859 0.0518408840090004
-0.401549017808041 -0.203354315070927 -0.0553342298670895 -0.0327660419229142
-0.274821887390346 -0.400482396286847 -0.0653566848295812 -0.175092455011395
-0.00660513796076984 -0.453532063576342 0.00317366871399077 -0.327949108063933
0.177631055503525 -0.453390871532371 0.152871591969454 -0.418161293876898
0.300706992357128 -0.554551760071077 -0.179738665075152 -0.141553341759973
0.189749836333509 -0.569036163112556 -0.141266782160697 -0.11432634534026
-0.0558009172574148 -0.631249239479166 -0.111868604499683 0.026048827575767
-0.295607365330214 -0.474658414435439 -0.0878764007926338 0.0936731194024908
-0.453817238327449 -0.214951002384195 0.0307440353147469 0.149444238578054
-0.427054876306722 -0.0185546518088084 0.0867642993025587 0.0963702997111604
-0.420655156291717 0.122078667901399 0.102520938720291 0.0575604297824815
-0.363135950888351 0.221724719689844 0.0861531854937551 0.00890180607108516
-0.379034689948241 0.242416806735903 0.0868057729691396 -0.00906042790505594
-0.385020884772004 0.129158533833995 0.0494342306834975 0.0413254512708178
-0.448833187593725 0.0309428309476421 9.73782631448581E-05 0.0835097978254124
-0.4680552666603 -0.215224460002478 -0.104497310734919 0.00472542298407597
-0.348339134405593 -0.446373146854441 -0.0896924781228143 -0.123353795757055
-0.0481094522508489 -0.530708275784973 -0.0132967796385299 -0.223857809382357
0.173439300672914 -0.558219364762939 0.0907179298512275 -0.26053349811086
0.257608202372885 -0.583527270746712 -0.271549206296105 0.0528676493767407
0.142293496014456 -0.592644834467948 -0.187112741963083 0.0350558321212985
-0.0801730352597803 -0.63487559239385 -0.126318501365755 0.0690371185589524
-0.301161382190907 -0.479523750576401 -0.122377832260099 0.0825804086417016
-0.456612423608377 -0.231146373543532 -0.0669822777134637 0.108288149581022
-0.437706255642413 -0.0372943802824629 -0.0649485097076263 0.0923996737459988
-0.431352281535028 0.0996678564286559 -0.0533357235516535 0.11001756833502
-0.371527564402187 0.200963013446471 -0.0492422338557163 0.0923956148868813
-0.385203083706011 0.222069472116178 -0.0402977909390501 0.073673334586119
-0.387797627376128 0.10677831260924 -0.0678198305332449 0.100634073458039
-0.436784351919719 0.0148001082842227 -0.084918927126587 0.106987271410321
-0.442393794486147 -0.214821010905156 -0.139311864144914 0.0364415286217899
-0.339624985567936 -0.429043631617365 -0.0911291298868525 -0.0652882706964549
-0.0612852176277055 -0.517728480681201 -0.00367910067456242 -0.0940450998212135
0.148928101883571 -0.570506041133106 0.0413464686808238 -0.0684693544886067
0.166865113657233 -0.523800623242059 -0.334284051929329 0.24737797713556
0.0603679970563403 -0.508284183420745 -0.210861386649387 0.189630958973198
-0.0991851251516251 -0.513712142666654 -0.124343894795121 0.111110801880733
-0.253231644086928 -0.378000374148437 -0.138408657640596 0.0678580582610154
-0.373648421504486 -0.191614287524564 -0.153584696613178 0.0592597831677408
-0.367045141309864 -0.0420156320618855 -0.205572603353777 0.0812857133161426
-0.370927086856186 0.0664962774180652 -0.199607896510744 0.149962209066687
-0.323338609663065 0.147842233334998 -0.175464068192321 0.161334793296707
-0.336876171856591 0.158774551108059 -0.160573231350759 0.140445930197724
-0.333596768789024 0.0530961972282257 -0.174773898709882 0.136003320135125
-0.35203885128478 -0.0288595417312269 -0.160342519770972 0.102643992976961
-0.327730558749851 -0.204265104358322 -0.155056009764415 0.0457935128963326
-0.247643326346237 -0.356160001579615 -0.0768564420987952 -0.0194722424770491
-0.0421155883260909 -0.42080200814646 0.0154278414717871 0.0310578882546597
0.113694505998962 -0.487750618253574 0.00229673057679828 0.120734914643372
0.0535318397661443 -0.378635054728085 -0.350924606175171 0.41042372554685
-0.0271578137320334 -0.334846346307284 -0.199792024954827 0.320813404946348
-0.0917660735713513 -0.300406646414687 -0.101928784221218 0.144916477846969
-0.154382798173084 -0.214146786224979 -0.127863855954349 0.0550006778431449
-0.223822808580908 -0.122294232053486 -0.208196024270212 0.0152124267144124
-0.235164508284695 -0.0399825515380013 -0.305984001333222 0.0708775856011344
-0.250149083248152 0.0212030765814951 -0.309092263065909 0.174450748391123
-0.226484426794306 0.0718348859353332 -0.273787709767734 0.206018025201358
-0.2403471095216 0.0710725650464576 -0.258984598361182 0.175412621106256
-0.232316283220263 -0.0110138204803588 -0.25785036107808 0.132220762534653
-0.21781658646798 -0.0699455003561121 -0.212755712603475 0.0615486229447643
-0.165701980040833 -0.165246776060497 -0.149697475273884 0.0278049876307119
-0.118206282090183 -0.230878454254339 -0.054933665749313 0.00886861075710103
-0.0170055158920191 -0.26244211928597 0.0283060780080971 0.132384220131049
0.0607890861814029 -0.333396105866985 -0.0304885222637094 0.277146024717188
-0.0574975176632479 -0.169361517477424 -0.318759985867438 0.514456352647217
-0.088027898969697 -0.11098393094001 -0.153930586122183 0.409322521930022
-0.0502612457895217 -0.0597449495584459 -0.0579828792348529 0.165490826137342
-0.0260748741095786 -0.0434884640340378 -0.0923016858665253 0.0445421922186814
-0.0464315023776057 -0.0530970930267587 -0.223544466219731 -0.0165142781963552
-0.0717650062202077 -0.04372699805364 -0.351643786675539 0.062817320300744
-0.0940756733700728 -0.0328528489590302 -0.366364003266118 0.180183169645365
-0.0949399755343836 -0.014430647915137 -0.330045242358112 0.21895724917768
-0.106603123477444 -0.018756828953372 -0.323832276955914 0.17449856098163
-0.0975311240041152 -0.0551445822496793 -0.306090056299864 0.0932775247687973
-0.0615777262974076 -0.0765202752469699 -0.232237606116185 -0.00429439594736786
-0.00773979213815311 -0.0822297341963258 -0.123239611713639 -0.00586121441310802
-0.00691938316602251 -0.0638262964498093 -0.0312818871162925 0.0254867604729984
-0.0166520297355906 -0.0756345681858208 0.0269048675860169 0.201755914471365
-0.011270147060834 -0.13803077114791 -0.0545679652849482 0.380174906501075
0.148696558928366 -0.088561395097925 0.0173405355487081 -0.465783338458783
0.0850060378495493 -0.129710696913407 -0.059721176527078 -0.307161229400684
-0.0390040269065009 -0.141120441519498 -0.0214114647400694 -0.0281293459846291
-0.111965919439912 -0.0623351983803581 0.0614650350608504 0.0625705340025634
-0.0984393925919736 0.034731292680977 0.225469025016645 0.0904948803459566
-0.0588808025556408 0.0606674238071742 0.345098461752351 -0.0169837360082935
-0.0533390028479949 0.0855409243191342 0.359505776588642 -0.148546461495652
-0.0473947958768508 0.0971184178088256 0.331272420169668 -0.219467421189693
-0.0604010532037233 0.0945275874886814 0.339991093158728 -0.198877051338957
-0.0756045879731298 0.0648860875425841 0.312692155100921 -0.107081779477056
-0.115989307570893 0.0294333536883916 0.212708671735616 -0.00404383027537705
-0.137026748349766 -0.0623390358784477 0.0608891245686309 -0.0652060064772603
-0.0575059553254964 -0.133254655543377 0.0136397645214691 -0.190614137140747
0.0426037634003875 -0.110984793487818 0.0704841872473729 -0.378044196273507
0.090995689951066 -0.0648381642259058 0.24795880629753 -0.542724728639492
0.21561982377478 -0.292060630301206 -0.0293806836256762 -0.412555993113942
0.127645331627506 -0.313125545755981 -0.0768224789492243 -0.288266982388167
-0.0608596972310508 -0.340205636647074 -0.0569702765160944 -0.0205544401533306
-0.202475100792769 -0.216317112252357 0.01007182535792 0.0871260253908595
-0.251498980309731 -0.0400252253089112 0.190229046125476 0.138585365899376
-0.211125432105906 0.0538116127276607 0.308103638741573 0.0340106446306454
-0.203398753393582 0.130312464612175 0.326248722264308 -0.0896283385515199
-0.178850574285626 0.175309987810849 0.288147147699138 -0.166693667455541
-0.199332625749709 0.177097346301313 0.287612496117988 -0.163845770491288
-0.214671225897977 0.0989830774044334 0.251818626376353 -0.0792941458502462
-0.266153000307361 0.0282333294396751 0.158610241465972 0.0152719067180588
-0.286679065515851 -0.140425985885973 -0.000216956132844674 -0.0555149293089573
-0.180434300602376 -0.283787148716121 -0.0352703547025351 -0.198556331276358
0.0173979486497402 -0.304714838020321 0.0199347091815079 -0.381200074523324
0.135790294599662 -0.28468893782052 0.188388980380108 -0.523029282719423
0.259474231741303 -0.460796071933594 -0.100600171164054 -0.298373808701587
0.159890419310955 -0.468968798968621 -0.106145295752329 -0.221745782438148
-0.0723263351192935 -0.514947868582532 -0.087432444888718 -0.00416615571598986
-0.27030179784256 -0.363836144305129 -0.0401073142438404 0.0961398469958553
-0.380924870108935 -0.124072808448057 0.128290916400926 0.156895759581971
-0.344056640634814 0.030606387103824 0.221850536357603 0.0707521057467861
-0.331652644622431 0.151213375424569 0.238140157169138 -0.0207838132518618
-0.283961448206867 0.228352263039135 0.201595030041984 -0.0893470624593143
-0.303435139513051 0.241625144561947 0.196927023232141 -0.100740900219385
-0.319764782100792 0.135469438186436 0.160200297577398 -0.0304377814193274
-0.382783837986924 0.0473450232787735 0.0879399872263639 0.0444361393193178
-0.415013294757426 -0.177011385501283 -0.0578895780947861 -0.0266377704129854
-0.302187799176512 -0.381481312851818 -0.0772227749885532 -0.171068365986244
-0.032921028781088 -0.451617227456987 -0.0180871682676855 -0.326796410394757
0.147675010258654 -0.464125502079936 0.126637854489936 -0.424364441738851
0.2628598358079 -0.572156581402081 -0.186555290573076 -0.130293996169775
0.1519626762558 -0.577587919070409 -0.146096810998965 -0.104458714016626
-0.0963487332806941 -0.623632266800503 -0.10879703619426 0.0288272449460342
-0.322442201638136 -0.458713488238751 -0.083585149083873 0.0955286666212724
-0.466146288032329 -0.18276377287234 0.0433560877815912 0.144884663303421
-0.429333632842871 0.00678801140829849 0.0934124656266172 0.0904201570648525
-0.411103616203907 0.151341939276268 0.107788993510435 0.0475600408810622
-0.344890914849871 0.247275471926077 0.0857825449090231 0.00189597752584276
-0.362586659438612 0.269462912764816 0.0840741787803025 -0.0156957654563067
-0.377927067697702 0.151349764840327 0.0520154687749396 0.0364250354191356
-0.444412665702053 0.0611456790814516 0.00718048874406804 0.0809771122020398
-0.481858005479205 -0.185231189763012 -0.105037785166619 0.013634371236101
-0.377832674005083 -0.421469772979539 -0.0984818784488561 -0.119586012982448
-0.0810533325014992 -0.527396029909195 -0.0280589303207267 -0.222928465565126
0.135274905304448 -0.569379812665604 0.0742767793771665 -0.263895408129591
0.218031171214397 -0.6017127073524 -0.266004260590539 0.0692962762498697
0.104007788442365 -0.596944054922035 -0.180991826269516 0.0470169375883411
-0.122000272750766 -0.627718082646484 -0.120192878920686 0.0737883933153274
-0.330294269047771 -0.462118886682821 -0.118140721621965 0.0871886539209819
-0.470854394181417 -0.198034602045646 -0.0569333179842342 0.11097290231805
-0.440786246954775 -0.0094184354757212 -0.0582708392489849 0.09763019034731
-0.42477965428042 0.131186235496807 -0.0427441026033651 0.110204671616666
-0.356667353246388 0.227105607599577 -0.0424254338354699 0.093464541682365
-0.368766164404758 0.248212709023539 -0.0371365084016474 0.0744090313799672
-0.382137562160359 0.129945822697506 -0.060876391077568 0.104111788495626
-0.432475574471671 0.043179032283489 -0.0770733178869426 0.110332902423526
-0.457342369691666 -0.186756365127886 -0.136854854091577 0.047405164191752
-0.365353577130886 -0.405213218638272 -0.0967213879223633 -0.0622640470661311
-0.0926650680517519 -0.513807007940163 -0.0104043188141361 -0.0951729778648792
0.110748965713841 -0.5789113975751 0.0368957537731147 -0.0699004897168106
0.133317405537632 -0.535231720167116 -0.315803973619691 0.2664213114716
0.0288652404547742 -0.510119137506936 -0.194899323673025 0.201760274189925
-0.132830055440451 -0.504795824325004 -0.11538615045187 0.116057727528738
-0.276215995047706 -0.364685983400924 -0.134610837320447 0.0735071269596437
-0.385006065273966 -0.165915089034535 -0.148181790223515 0.0682907159805506
-0.37041240771151 -0.0186500290810977 -0.199984435836332 0.096664925029579
-0.366723460947386 0.0937401376657475 -0.185408898556935 0.159548246581524
-0.312662376901849 0.171434115708591 -0.162833139601072 0.17005897530069
-0.325627560745071 0.181182124962935 -0.151512964434992 0.148758850832177
-0.332213258161486 0.0731691770534356 -0.164839123540479 0.147002457657835
-0.352385207176793 -0.00637515068874866 -0.153311025995532 0.111479472535995
-0.340909993372373 -0.184703954316799 -0.151440979938438 0.0565192163820553
-0.269441821661541 -0.339489833644538 -0.0792332436187742 -0.0172486813145634
-0.0691230289835727 -0.417725089680653 0.016801096883058 0.027793269724163
0.0798122746122216 -0.49537924705654 0.00937095512476034 0.12030031953213
0.0309072887474784 -0.382832417862773 -0.322190979421145 0.428339166456269
-0.0467970337248217 -0.332114903897579 -0.176110076135146 0.331413126086988
-0.111164339650391 -0.294055286126184 -0.0912302967139565 0.148978538330574
-0.167674781168489 -0.20673907707243 -0.124597112767391 0.0607925665656793
-0.231098848604134 -0.106179639152189 -0.207221413471638 0.0288491235164069
-0.237829272977438 -0.0249838104149254 -0.301120903979599 0.0937409633126848
-0.249432532809233 0.0409399136811278 -0.293373408407725 0.192409442059253
-0.221425523311523 0.089944286077903 -0.257160246588177 0.220198443394126
-0.235357010083461 0.088109454803392 -0.24696241320855 0.190602896021893
-0.235023375758136 0.00376772160133309 -0.247665463058044 0.148964411645788
-0.222198888839888 -0.0557176856907157 -0.208265686682835 0.0749702569422233
-0.177079649738801 -0.156216486214475 -0.146481351105446 0.037429478459802
-0.133504709791024 -0.222405040198518 -0.055992319191961 0.0103466630717706
-0.0340263560317053 -0.261802047446581 0.0360890993242422 0.128269865363385
0.0390337435592051 -0.337723345848077 -0.0136181188004068 0.278833175717163
-0.0656865758792152 -0.167375411660871 -0.285176212103556 0.528409174541874
-0.0931896300943198 -0.10483780045439 -0.124859238737174 0.416560502453848
-0.0540288756634303 -0.0574801219737656 -0.0462592675945682 0.167484058775651
-0.0293670215211649 -0.0430417238248038 -0.0894618011842848 0.0487438554988258
-0.0499259850114352 -0.0498211954514867 -0.226158290076572 -0.00147174858905852
-0.0752903253659996 -0.0380702872056122 -0.346596325892554 0.0876274414935015
-0.0969069822200991 -0.0247512376689514 -0.350319475228943 0.202344766044191
-0.0967826795211679 -0.00650639971166786 -0.312094484482895 0.236825747536024
-0.108743583612287 -0.0103546660616597 -0.310256134758029 0.194104125776593
-0.102663515492505 -0.0471662752573338 -0.297411848527328 0.113614529941297
-0.067712734064353 -0.0725675839877068 -0.232203940064243 0.0119007156631836
-0.0147731227945571 -0.0831173936330588 -0.121988789238049 0.00220184305067354
-0.0118729421055608 -0.0640213283094257 -0.0311983791400961 0.0260109734427147
-0.02233038770425 -0.0758060719483374 0.0390238136541696 0.19690144452449
-0.01999624448513 -0.138918621815286 -0.0319519191315731 0.383347052086592
0.138633971224154 -0.0937027210931862 -0.00905320761871555 -0.455367987793377
0.0758005349450307 -0.129768162305932 -0.0760940105499332 -0.295382529823267
-0.0449349429906814 -0.134301663160837 -0.0222604355858913 -0.027904062723492
-0.11122608765632 -0.0545309981028728 0.0630255409569843 0.0566114958123919
-0.0926353726721646 0.0375214009628604 0.226233198309005 0.0730652884713774
-0.0542230902834741 0.0607299972412397 0.33581193924884 -0.0395070207627067
-0.0466774545787518 0.0855776825433215 0.340364926952646 -0.166502893524828
-0.0390608499850384 0.0969323241170222 0.307784150677166 -0.231812831403746
-0.0524410247405049 0.095674495552875 0.318748940597978 -0.213704730851366
-0.0692147785114682 0.067292124464815 0.298723922139587 -0.124416628601406
-0.110201518549885 0.0364657989212781 0.210145030537058 -0.0175837801230313
-0.13713121612289 -0.0510675098051153 0.0550147427530238 -0.0652738145713467
-0.0642767652413969 -0.126492636953722 0.0022945005514674 -0.185207056262174
0.0358809968934024 -0.10961784641642 0.046444239798723 -0.371156204592485
0.0836945719446344 -0.0682748586738359 0.21187451650677 -0.541651860581524
0.191434419067527 -0.296321593171443 -0.0507966991898658 -0.40183657294928
0.106480258612365 -0.309523774644044 -0.0904355578976982 -0.275747421527198
-0.0782698126709741 -0.325998263499859 -0.0563837223171863 -0.0197710718436086
-0.207629958436832 -0.200804841888851 0.0135654969626385 0.0827581042448523
-0.2463569203218 -0.0256115110020238 0.195307252459818 0.122205361111875
-0.203615202549541 0.0624599443673534 0.303082612158664 0.0138964411374381
-0.1915587844438 0.139536211982789 0.311509572642825 -0.107502513958362
-0.162327638758243 0.181823048104938 0.268881601150456 -0.178792802292104
-0.182945952491719 0.184772395657468 0.26949323875278 -0.17792289309262
-0.204449407971045 0.108410219363064 0.240361142416034 -0.093992126272436
-0.256793149530095 0.0442496097378354 0.157686412527916 0.00373489397350478
-0.288473127411607 -0.119768203398576 -0.0038802413670525 -0.0523869338229896
-0.192804004438626 -0.266785468473876 -0.0471322683860661 -0.191313265183808
0.000556459116972781 -0.298627429711949 -0.00172124218706749 -0.371494374498078
0.114406139900875 -0.286315266904306 0.155041845858923 -0.519590812271253
0.225002110951213 -0.464098837057259 -0.113081139388535 -0.285637092787286
0.129161197459243 -0.464813000558294 -0.114577857378783 -0.209538402244537
-0.100342689988808 -0.49464329790966 -0.0844151357874665 -0.00247816948836187
-0.283319443054394 -0.341524643945296 -0.0355525095721181 0.0934259708978794
-0.377359630796109 -0.0999006256555563 0.136452747492316 0.142372175023594
-0.336276083962827 0.0480344631362708 0.221191429665213 0.0553749808521523
-0.314621609933201 0.167239042450104 0.230548832922184 -0.0370246444946895
-0.261573230791238 0.240712304483646 0.190147818971962 -0.0989792512673986
-0.280360290652621 0.253988510092263 0.184218887216569 -0.110271042123954
-0.305553924349004 0.149221096288131 0.154499052049404 -0.0406967212501735
-0.369690068290193 0.0686472036362741 0.0895612987400123 0.0357565022078294
-0.416481040167389 -0.147726583764499 -0.0584828734732338 -0.0207154745630452
-0.316787502050715 -0.354465979892497 -0.0865309530904279 -0.164056646014704
-0.057924588130924 -0.441000632868616 -0.0368470649474724 -0.316436887518992
0.116448492780374 -0.462215019505283 0.0996061288728287 -0.42023377648915
0.220972495835315 -0.573750236426441 -0.18721639867571 -0.11741562027406
0.117702058870888 -0.569086792580487 -0.145467512470323 -0.0936210165861966
-0.131257392249715 -0.599703716785222 -0.103430876331609 0.0310957387202498
-0.340835082291875 -0.430663673976551 -0.0778269931013236 0.0954294751645402
-0.464577460108994 -0.151964794033838 0.0529552557411484 0.136035742806996
-0.421576877819527 0.0298469388499142 0.0969980030708159 0.0831208793934382
-0.393365754895758 0.173053732376657 0.108514938700047 0.0368331766406295
-0.320927911561441 0.263574996519954 0.0830564816604258 -0.00405001421828265
-0.335636222701134 0.28557235219379 0.0790422080074803 -0.0206871191654754
-0.361863694043929 0.169452631556122 0.0528351230632398 0.0316266132974569
-0.429661026886469 0.0853606509966038 0.0119719908213924 0.076662990777085
-0.482944498278378 -0.152892723156935 -0.10155141793072 0.0214218437153553
-0.392510944933965 -0.388675626199571 -0.104761673061954 -0.11304138544005
-0.107672914941514 -0.511606234936169 -0.0407499680032789 -0.216203884330479
0.097345536823642 -0.56573046233611 0.0576660168647628 -0.260159150165246
0.175997850682903 -0.600532722077144 -0.253649669942757 0.0808888034365631
0.068990682672244 -0.588198579224348 -0.171118578500135 0.0553687663542983
-0.156118882369369 -0.603167655919639 -0.111802888031097 0.0754934338102524
-0.348461493580987 -0.434950540572026 -0.111976160114083 0.0888503279079575
-0.470909433751926 -0.165500345487064 -0.0469769407785393 0.109348750867654
-0.434219139263148 0.0153684630632665 -0.050177655576097 0.0995988249677624
-0.407211745014629 0.155255141601647 -0.034247850435872 0.106678965138353
-0.332731406160799 0.245255060066877 -0.0361119542130134 0.0919431739765818
-0.344722263961979 0.265817440490252 -0.0333493558136669 0.0746970121129382
-0.368514444737493 0.149342785906927 -0.0531523178033755 0.104387289070549
-0.41864499440703 0.067014438955214 -0.0686731694590585 0.11061013084413
-0.458874674303779 -0.157768200960417 -0.130669978546849 0.0558906227283027
-0.381235879868159 -0.373416248854806 -0.0999397774823085 -0.0576214846436543
-0.118921148383402 -0.497219473965241 -0.0164994238847299 -0.0936113441790874
0.0754531636221656 -0.573545092595131 0.0322367881412566 -0.0697591598551583
0.0987480310715944 -0.532395642522059 -0.29190854124129 0.274860588070911
0.000398930357494465 -0.499290262108461 -0.17493240979098 0.206841293056334
-0.159817460165517 -0.48480881143344 -0.10511951359655 0.117543377423533
-0.290855298233526 -0.343885007417658 -0.128569239271952 0.0775940408138847
-0.385335773594481 -0.138050783742535 -0.139911044740633 0.0737553559996122
-0.365367236532936 0.00465262502924549 -0.188147659006413 0.107872643727862
-0.353759039562883 0.115366417454618 -0.169658948931019 0.16347546838372
-0.294021086679644 0.18844982081561 -0.148725950659194 0.172704747453181
-0.305425092013216 0.197974438528063 -0.139838558885668 0.153056708799925
-0.322203442860173 0.0906456223564474 -0.151714531798356 0.152821659700485
-0.343922028693287 0.0151582492394026 -0.142624889122125 0.116753716522943
-0.345726402316231 -0.161288307219632 -0.143167589884047 0.0650995806648063
-0.283461675611467 -0.315318892082632 -0.0804390898074626 -0.0145165401308583
-0.0907871557874921 -0.405697574547115 0.016832817487673 0.0247076586809924
0.0494522599176603 -0.489052441999284 0.0158069767791003 0.118253304679009
0.0083150228356953 -0.37770749857889 -0.289167864217795 0.433684469287538
-0.0626908826543793 -0.321275014045628 -0.149107118513587 0.331212636118201
-0.126025452052446 -0.281136967413766 -0.0806704936868286 0.148873023332316
-0.176654785210408 -0.195095164312327 -0.119333509406541 0.0649491982360672
-0.231755329195494 -0.0893310290713866 -0.200581376296116 0.039707459059373
-0.235288929461057 -0.00932244870054187 -0.287771408143368 0.110400311222074
-0.242603008869852 0.0567613763100806 -0.272842152342117 0.20180143769237
-0.211165327536879 0.102860982252693 -0.237134804641766 0.226342643840768
-0.224666300598487 0.101004160401961 -0.229431892305714 0.199840725999496
-0.231594333725134 0.0177837044628246 -0.232587963247564 0.159924705841861
-0.219692135147123 -0.0415911247900644 -0.199455289027042 0.0847882165435489
-0.183237153769962 -0.142911262776715 -0.139623308383048 0.0452492579979392
-0.143876472576903 -0.209435001543236 -0.0558118882567656 0.0116451409069779
-0.0481543211580417 -0.255013027885651 0.0410373468445294 0.121116361461953
0.0181835682968761 -0.33298310368637 0.00159926061403621 0.273817166910245
-0.0724183287886686 -0.161636433390219 -0.247276646555131 0.528316668171352
-0.0951036704666313 -0.0978491491774376 -0.096016000599134 0.411069933339254
-0.0561180181727486 -0.0543171414686708 -0.0361486494139792 0.165700667111111
-0.0315252348559217 -0.0419982271196485 -0.0853830939598891 0.0512823998792615
-0.0512399497475968 -0.0445162230604634 -0.221587932419967 0.0123694839128422
-0.0759216842376884 -0.0322376202055785 -0.33306420789106 0.108465246592665
-0.0972609914466803 -0.016519146444727 -0.327198321490757 0.216462340017056
-0.0958034029214314 0.00133265948089028 -0.289623669780496 0.246549166523909
-0.107606437470233 -0.00197714110541883 -0.290404246380164 0.206705717003775
-0.104994650523625 -0.039683107846937 -0.282616414215745 0.12882104824864
-0.0711286859716742 -0.0665775534216435 -0.225862792559013 0.0254268379795947
-0.0211128762164776 -0.0809662728460618 -0.117159077447618 0.00933496318950429
-0.016235981334921 -0.0623193505019776 -0.0303346807367684 0.0264390160144162
-0.0266627718766002 -0.0740387336795747 0.0483246605906987 0.188724264050099
-0.0272920348059242 -0.136056256581148 -0.0108824686520095 0.376609706342241
0.0907387845186907 -0.135700174317586 -0.158674682923249 -0.408645234218381
0.0218891492213555 -0.146270109608667 -0.164158842498947 -0.239014343991904
-0.086732110710299 -0.106439881488933 -0.0214178952507578 -0.0200280113974206
-0.118559045300984 -0.00978579505142232 0.081169500162894 0.0248719176915653
-0.0690896432030778 0.0634542702428682 0.230455738857482 -0.0140178887426685
-0.0258036366004836 0.0710566336476476 0.290281891789082 -0.154421410127238
-0.011926873956975 0.0933783423563618 0.251931818630872 -0.271284366731026
-0.00148095269006392 0.0971469761544931 0.196551657712512 -0.31349123706212
-0.0139411190877129 0.10330397705601 0.215722434247989 -0.300013255400126
-0.0415445659788193 0.082543186938041 0.231097562357566 -0.213327575729939
-0.0865644801330321 0.0703934944599663 0.186058931471747 -0.0898351625099507
-0.140999721711018 0.000177704453997183 0.031660914492882 -0.0749831163270921
-0.100179494339838 -0.0931037602763225 -0.0567001985163674 -0.165420474874331
-0.00361906760887332 -0.108390600912363 -0.0772422405592219 -0.35153283233522
0.0545863009167094 -0.0856439239656574 0.0241767487295699 -0.552006762114635
0.0675071472203168 -0.344175422670457 -0.173334325199182 -0.338828622140318
-0.0141886598346402 -0.322692672291283 -0.162478553075597 -0.210035975614319
-0.185535409414881 -0.267723262323209 -0.0380217554450095 -0.000732466230105452
-0.258887800410394 -0.106900336637571 0.0532204074641808 0.0622605044717084
-0.228739866752167 0.058338106981588 0.2232153530144 0.0347895779828647
-0.161552409792697 0.123161726440545 0.280201819635446 -0.0999031367396968
-0.127340234093853 0.192237535519727 0.248758219071622 -0.212667884848047
-0.0839999556036134 0.214266169203636 0.178803961571708 -0.256981481542395
-0.102302919614742 0.227015842649922 0.182545699985153 -0.252253811283395
-0.15176030548231 0.164422315800681 0.189298909382004 -0.16961838652926
-0.216769046078666 0.125291457265798 0.148397199284911 -0.0563160850422357
-0.302628735855972 -0.0120953943032174 -0.0136895764008871 -0.0439073918947434
-0.262457271311696 -0.178783160980396 -0.103749859273975 -0.152004507397708
-0.0981974033536391 -0.269962828495632 -0.123705114492231 -0.333762624293546
0.0147421935061651 -0.297169986604798 -0.0259544285313336 -0.513500391951199
0.0384956553815823 -0.51152399574412 -0.187401424110132 -0.207321222997828
-0.0477709662366299 -0.471170833190783 -0.155550729327221 -0.13715308334792
-0.263964560932079 -0.41257755189043 -0.0482875553023355 0.0250524013428154
-0.378210542074791 -0.207387908410389 0.0201971219107239 0.0863974176826356
-0.37344846135407 0.0366783565654718 0.18144850011127 0.0679805557359227
-0.286774819129788 0.154692151249018 0.222281188241152 -0.0381546055652359
-0.232446672115505 0.262277498673271 0.203416143700815 -0.123225945460224
-0.154428590864553 0.300521598227176 0.134151529934669 -0.160813972866377
-0.167824910916258 0.32225647380706 0.126281628950282 -0.164518287605308
-0.230967623693597 0.235919134319279 0.12986519700512 -0.0949999879648888
-0.31124180000286 0.184777818169718 0.0985037450956362 -0.00700421633838158
-0.428941120182023 0.00288419859174947 -0.0501239114893402 0.00206946602172936
-0.404002127018583 -0.218137336140354 -0.13016860735922 -0.111741901436083
-0.198219404990375 -0.380900400287128 -0.139740141786015 -0.272152240686445
-0.0404220256331563 -0.461980827440448 -0.0505905940720217 -0.403968868806578
-0.00205304610945074 -0.611554492832042 -0.196047902952881 -0.0264683067477648
-0.0963270814894984 -0.562660821585746 -0.140485938566906 -0.0184253467092225
-0.330803405915015 -0.499153266474614 -0.0476857890851835 0.0629729985776291
-0.463430280890426 -0.267521842762852 -0.0123836861828155 0.0996863043781937
-0.469126273977415 0.0200486366604004 0.106379246018494 0.085820765179947
-0.37175453275352 0.168472880453044 0.121105060470717 0.0270941627084536
-0.303508537800554 0.295905012047116 0.120638193270412 -0.0167031859575037
-0.200775304510013 0.342541745262477 0.0704084389794829 -0.040841207597579
-0.20678353241972 0.368909630747691 0.0604446670500661 -0.0495133389774611
-0.275999431278195 0.272812998304796 0.0619667982611939 0.00306066265916118
-0.360865596974621 0.219383067708448 0.0423232468659836 0.0546876843563694
-0.492427283038961 0.021543854342666 -0.0739426238710122 0.0534822089981236
-0.483804904086506 -0.223623458588924 -0.129616609436847 -0.0589104095029408
-0.26840845325923 -0.430193604674671 -0.112559876190837 -0.17719215757803
-0.0900148260536897 -0.552331569456585 -0.0421006887254588 -0.244142539304012
-0.0504647915902737 -0.620598163935112 -0.189894317936167 0.175302657757275
-0.144872389765138 -0.56417206797917 -0.112860422899679 0.124561367774307
-0.354993534677371 -0.493720912333045 -0.0404102130720863 0.105422486380208
-0.473750392414492 -0.268506412306457 -0.0451233426951409 0.105135694071325
-0.481571007543273 0.0104315584485336 0.00650934640262837 0.0954207509981406
-0.38921169361848 0.160924872134641 -0.00636343677017126 0.0921817643945375
-0.324690660854527 0.285417350535037 0.0163858575270752 0.0961613012776203
-0.218415842542281 0.33041283499637 -0.00421123903428172 0.0853748435720367
-0.221307457646863 0.35526440270524 -0.00905429902061237 0.073463936306449
-0.287912149341156 0.256216057301735 -0.00986143353191499 0.104491940474826
-0.357819023064804 0.19862509401821 -0.0193688438970715 0.112894508572939
-0.47192628756564 0.00809033305226166 -0.0895316896243332 0.0937424036951236
-0.468122783161571 -0.2153931468911 -0.108384183757165 -0.0103504468339469
-0.275830434559967 -0.41417164527503 -0.0521917363681289 -0.0733933876407719
-0.115262911645427 -0.554310959990605 -0.00748110986091263 -0.0627099057210987
-0.0970661152631932 -0.527865352665226 -0.161520439010391 0.361792616163543
-0.176268861006999 -0.458129451886025 -0.0695508408134962 0.259552516649041
-0.317151680992527 -0.385319058038059 -0.0266501090860717 0.140009041354713
-0.390711281467831 -0.206090518941072 -0.0693482204983055 0.102214296270222
-0.396804956912895 0.00638760642005506 -0.0921126126094119 0.0976589352053686
-0.333195011268074 0.127949158266388 -0.129408960280988 0.149697632524041
-0.288899495645613 0.232219064569719 -0.0880873739212497 0.196417913611025
-0.202148902657789 0.267474137765869 -0.0777825030087047 0.196949751064778
-0.209545367497293 0.281493853802433 -0.0784531579929294 0.180464419510074
-0.265169241078441 0.190136010677835 -0.0833182539970693 0.182119508178619
-0.306632284583723 0.126844655440994 -0.0845251167328535 0.145936045513593
-0.369328178170035 -0.0333456470691934 -0.100512451077084 0.105827490006128
-0.360219787682968 -0.194025814636629 -0.0781006368165185 0.0207918067775309
-0.217730067883034 -0.341389790638127 0.0170211993767576 0.0222427140802948
-0.111515183210359 -0.469848377271699 0.0381129470204083 0.111560658277833
-0.123726281891487 -0.35284002773456 -0.111206164006803 0.499457247611939
-0.169946833567532 -0.271899035949191 -0.0109731805573689 0.357817737704062
-0.214186077535213 -0.212420369927109 -0.00592023571726251 0.159984599607266
-0.232671880971237 -0.113051012889722 -0.0747722095159335 0.091948692245295
-0.24133713166745 -0.00125158493933859 -0.163709946168382 0.0929432786307255
-0.220630900399362 0.0721113804267263 -0.219683252698481 0.191193368765622
-0.206992807071061 0.139975538107054 -0.170896005731587 0.270323534234203
-0.156328244317639 0.164036648501472 -0.138368506624872 0.278506050278064
-0.169607365843171 0.167393159470079 -0.143832971946007 0.25277281367861
-0.205592880558949 0.0940217330566841 -0.154906134812796 0.217338150669409
-0.213847686048275 0.0350997420400601 -0.146288938911917 0.139971499853845
-0.216364727985254 -0.0703249840621128 -0.10664842714676 0.0871602625695458
-0.199570202597757 -0.14374859871088 -0.0483381375551599 0.0334029818332376
-0.129568306358505 -0.217928534125933 0.0714271018486952 0.10007985555229
-0.0909328164499646 -0.316520125144219 0.0763317706343283 0.254407217533668
-0.120743813225746 -0.122839193903487 -0.0476210017134309 0.564325896118696
-0.118844818666919 -0.053925159618531 0.0552472112576532 0.405568738106236
-0.0701821306364251 -0.030236248705698 0.0260697016295167 0.161509254596843
-0.0453728513320091 -0.0270375419123514 -0.0589996807665109 0.0736104306483253
-0.0632962599889525 -0.0222770542287459 -0.197093521193764 0.0828941506012206
-0.0840862351673544 -0.0012301096920333 -0.26295542396484 0.21026619228365
-0.0976924516642722 0.0220516818359177 -0.218616831897605 0.306785752816211
-0.08729350128776 0.0358676344484083 -0.178038961801641 0.316333705458246
-0.0986459176573825 0.0358432971475022 -0.194705552114376 0.280100084760571
-0.108869604564456 0.000814902498253616 -0.211836709594044 0.208968082596864
-0.0882025549492527 -0.0365549141632425 -0.192117353638248 0.0990380240402046
-0.0474935026014134 -0.0665856697261384 -0.101073847852006 0.0463406699202712
-0.0360051867357681 -0.0516275111456509 -0.0211070364726125 0.0356714418406511
-0.0502219186063114 -0.0608162973594028 0.102091843441512 0.157498485338972
-0.0695438048113705 -0.120517302621111 0.102962569257404 0.34891206558865
0.0846621039586908 -0.132736641560438 -0.164366202330852 -0.39731021002611
0.0190131528899976 -0.142294678349888 -0.166062849648022 -0.229257301301633
-0.0850982189990263 -0.101311999951049 -0.0222108331907094 -0.0215562539136715
-0.11504712841704 -0.00774721031033008 0.0787642176008426 0.0212677854312099
-0.0662640125281825 0.0617838755862479 0.224954284583199 -0.0217450103290812
-0.0241465465863443 0.0688986479251161 0.27931865063974 -0.159741437053282
-0.00897926156315946 0.0908854912436502 0.237748443619448 -0.270443352652848
0.0014577464792234 0.0944512748932579 0.184912210681095 -0.309050269040181
-0.00993330413949123 0.10030095339 0.202836755431303 -0.298253781758272
-0.0385048774824294 0.0812056593136471 0.219419410006647 -0.215916791378594
-0.0821584128909012 0.0708687072549534 0.17997707303746 -0.0945319012776581
-0.136681823213684 0.00417634683439242 0.0291140718667198 -0.0727203764095591
-0.100598678743638 -0.0880255633971693 -0.0585589436666879 -0.159290657189495
-0.00556959113250156 -0.105694488455962 -0.0821154100078043 -0.340184435768577
0.0505378349708545 -0.0842206513912932 0.0122096665635693 -0.540967821410902
0.0560105308879398 -0.335357323382435 -0.175498839042202 -0.328453350847138
-0.0200416212393581 -0.314019321443285 -0.163020212476928 -0.201777449948534
-0.185396015872636 -0.255467972896479 -0.0382174467047677 -0.00283983697696304
-0.254994530874365 -0.099711837478494 0.0515259738042613 0.0581701670038208
-0.222140316640904 0.0613176857781521 0.219015020313007 0.0251939693163153
-0.156839660937054 0.123592481837303 0.271236460629499 -0.106229353002351
-0.119604952410666 0.191320013662526 0.235917076045097 -0.214041665123585
-0.0754435631214849 0.211736685485992 0.168276536656404 -0.253417851413356
-0.0926743855927737 0.224492434722828 0.170532538338871 -0.250281852620205
-0.145745849349612 0.164561970487057 0.180257832893434 -0.171608678507915
-0.207995064105653 0.1273531520983 0.143786984980345 -0.0611654458420676
-0.296370455633881 -0.00437662825350844 -0.0135311604706904 -0.0413184334517087
-0.262055255559085 -0.168323888855398 -0.105631145678647 -0.14582549288949
-0.101733835640556 -0.262771527586165 -0.128569486521473 -0.322532273991197
0.00569280058647167 -0.29157907474355 -0.0367856929530888 -0.500050769788519
0.0239227318626654 -0.50017016646385 -0.186485462313265 -0.199423639428489
-0.0561963392074528 -0.45954013686158 -0.153652703691351 -0.130824759404442
-0.267048832568946 -0.395080053326366 -0.0473996321610443 0.0230663190497098
-0.374412473529868 -0.194795443354132 0.0188869042745702 0.0825902691193468
-0.362796617916444 0.0439857412678709 0.178680478965521 0.0585153561029891
-0.279399885432794 0.158489131245337 0.217070983863931 -0.0438852138851594
-0.220816114339112 0.26296406908069 0.193169209440022 -0.126815303082975
-0.142294464166481 0.297755118233158 0.126842087708584 -0.159404867911187
-0.15371181323864 0.319396673022177 0.117875757879032 -0.163325598482039
-0.222716943791506 0.237143899385197 0.123772020388812 -0.0965853480733381
-0.299683775173635 0.187740318510706 0.0959000265831219 -0.0112426342169068
-0.420989454073867 0.0138243448699741 -0.0482089957245958 0.00488599299351156
-0.400739913726615 -0.204337796605913 -0.13189773215092 -0.106913475376953
-0.202851715030202 -0.370140722037397 -0.143186941483448 -0.261291198723716
-0.0521319913583099 -0.451938164836551 -0.0574554327943021 -0.393337388234745
-0.0193100541173908 -0.59803429166867 -0.191201078213586 -0.022499613569439
-0.105875750247093 -0.549211496896299 -0.136217435028923 -0.0157934388657109
-0.333025082667467 -0.477193999223069 -0.0457581260618622 0.0592949078105775
-0.460257270668287 -0.253010153158934 -0.012820363589233 0.09695849742043
-0.459139355911664 0.0308371502512059 0.105881844639451 0.0777240660639065
-0.363434522460138 0.175037579555938 0.119961051779227 0.0227639437756273
-0.290038502338076 0.299924350630888 0.115692609953771 -0.0207638792579677
-0.185486169238848 0.33990337088556 0.0665114235074664 -0.0416278636772844
-0.191246437453326 0.367030440499464 0.0562781757455796 -0.0491483623892693
-0.266320896753852 0.2748620705623 0.0601315024940861 0.00113773100862309
-0.346783036538063 0.222626358663437 0.0419457290219169 0.0509394952836603
-0.483996072345229 0.0317787057687891 -0.0707868750727473 0.0553969671573701
-0.480845195729209 -0.208965031983673 -0.131207304198779 -0.0547557978362957
-0.272150849347071 -0.41631951565241 -0.114971257910528 -0.170486598752107
-0.102337251503599 -0.539951099015453 -0.0456821897759128 -0.237081723722306
-0.066845874928003 -0.60577675701112 -0.180343668126478 0.174204500905076
-0.154127764051203 -0.548189993146273 -0.105067884809476 0.122431329690683
-0.359331130220665 -0.471986309486856 -0.0366935089960533 0.101336125342224
-0.471615321839191 -0.254432429934046 -0.0441385358306386 0.103552674720496
-0.470180212145793 0.0218408023172819 0.00837756203591977 0.0893909825893321
-0.380677108601393 0.168662962112807 -0.00282416384206529 0.0901821978836665
-0.310011400958823 0.290041225161126 0.0166446892545392 0.0907353554749497
-0.202964387718886 0.329666559694108 -0.0030135448183987 0.0826091663860328
-0.205365073328157 0.353655132009696 -0.00858551418159553 0.0725906576253651
-0.27781469343447 0.259539353685362 -0.0072136096136731 0.10219051558356
-0.343406381411271 0.203270100355669 -0.0164919646178786 0.110147238657987
-0.463163581495253 0.018810841738521 -0.0842585445372319 0.094295360920863
-0.466020236684857 -0.198987222195807 -0.108766650854262 -0.0073855378930283
-0.278861722559492 -0.401163499867678 -0.0540214397020376 -0.0705988836440482
-0.128136870928747 -0.541371856008987 -0.00766147229585194 -0.0597126323268693
-0.109713257926794 -0.516278898841888 -0.149122874651307 0.355934664301408
-0.180189107621915 -0.445745557126214 -0.0600630493960743 0.253137910983975
-0.318692825392553 -0.368914736406266 -0.0231695939516224 0.136175217937314
-0.388947051292382 -0.194909716327547 -0.0672611030765675 0.101264103965638
-0.387568348437694 0.0157587459606468 -0.0884695227882085 0.0951132704317723
-0.324928531161851 0.135000315667141 -0.12177482596015 0.150291351643993
-0.276359013253313 0.237742105826302 -0.0819129139165591 0.191055224036035
-0.189438154211095 0.268777512116376 -0.0723840309423919 0.193307443447153
-0.196607214146137 0.281700055977825 -0.0729528732015441 0.178676550452104
-0.256816054329665 0.193787467883357 -0.0767457120377075 0.180142814352696
-0.297208455561663 0.130290384077889 -0.0796635578334766 0.144951096910398
-0.363727597663582 -0.0236665386435122 -0.094588283549597 0.10591652892353
-0.358470130709192 -0.180337028694977 -0.0783331412661631 0.0221420740356147
-0.22161394707663 -0.330563975671646 0.0150632584854431 0.0207514443398197
-0.121585138080381 -0.458406213487418 0.0403840431760073 0.109811346863046
-0.131374407958642 -0.343950983675099 -0.0976561717696671 0.489240267399505
-0.171688011778834 -0.2632758152303 -0.00113618544669029 0.347365186583379
-0.215752163368538 -0.202859573965966 -0.00158787759145232 0.156171726816127
-0.231114413270748 -0.107245892196758 -0.0722961156979621 0.0912658403033157
-0.236150352463875 0.00470178777114573 -0.158619967623332 0.0939212746231866
-0.21622771278853 0.0776545755628104 -0.209488351068578 0.193693130580306
-0.198738414365788 0.144557926050288 -0.161372433266709 0.265681287280478
-0.147722182567677 0.166588813909729 -0.129932411620571 0.273092257395155
-0.160918866463514 0.169354867503772 -0.134120017653476 0.250538770601196
-0.201079211105151 0.0992168105418931 -0.14484611690881 0.216478258698644
-0.208704487341164 0.0391030228751321 -0.139621919269864 0.14097834013693
-0.214899326962371 -0.0633544585868593 -0.10094080077271 0.0870995024155093
-0.19938266990742 -0.135634734149676 -0.0488298224964432 0.0337328733820432
-0.13227808059461 -0.211441351134657 0.0705765172680333 0.0955752376908699
-0.0967785605310638 -0.309370323081105 0.0811754605365732 0.249300785710243
-0.121863433322897 -0.119505970110766 -0.0348064139614103 0.55099242791947
-0.11708036830874 -0.0518260588461053 0.0630167996435013 0.39299136648678
-0.0704880693731844 -0.0284808466034922 0.0303431276462797 0.157739148019867
-0.0457702800357051 -0.0256106358754099 -0.0558153031874127 0.0728427077226699
-0.0622163952850013 -0.0200719896095577 -0.191511311574308 0.0863360165554079
-0.0826222246062474 0.00168477539079125 -0.251839843962421 0.213136720224571
-0.0955324111184289 0.0262124295826355 -0.205465192762823 0.302419390748543
-0.0842051016910119 0.0391613649882079 -0.167266708897767 0.311429810772561
-0.0953486523286144 0.0390682755112118 -0.18267786650949 0.27778769915164
-0.107699827427022 0.00534997539188995 -0.200342033996189 0.20915255346323
-0.0880024350518777 -0.0333428027632231 -0.185061323457726 0.102511883933452
-0.0499694061255424 -0.0634160246016147 -0.0971485268552598 0.0465924049293682
-0.0375918816199823 -0.0492324274755354 -0.0212733137041181 0.035582211358726
-0.0512218897615922 -0.0592757766103896 0.101838453904971 0.150696045013346
-0.071485941392325 -0.118225127385855 0.108533515861675 0.34177217888029
0.081363628373566 -0.131987583398274 -0.171842697520114 -0.392981544165359
0.0169019362909344 -0.141557815740259 -0.169902401352932 -0.224404986350488
-0.085460172762591 -0.0989888659961976 -0.0235744725969673 -0.0222052631356084
-0.114337812921134 -0.00583445159824434 0.0774968778662297 0.0181260558964525
-0.0654288398283594 0.0619211499606622 0.222742282571611 -0.0286493554678512
-0.0240923663248749 0.0678310003264402 0.274048946126596 -0.166994597887395
-0.00682954767975493 0.0898733411054476 0.230193478977384 -0.27289337508637
0.00462058855028569 0.0925545747329859 0.177373499207167 -0.308297719757722
-0.006930101485295 0.0993529666818096 0.194058135082961 -0.300915464414444
-0.0366211630482976 0.0815487167015219 0.212690942177024 -0.22060991570909
-0.0787813257054896 0.0717350156261017 0.177116182722361 -0.0997090701805263
-0.135335801198135 0.00798260904823477 0.0282878698764522 -0.0715475727957347
-0.10215664050014 -0.0847994626198185 -0.0611481081678967 -0.156564347587713
-0.00778281698248467 -0.105180519787467 -0.0874413170194404 -0.335772618017648
0.0472262874894922 -0.0836167198601928 0.00166420468531232 -0.537908184367303
0.0468339296382572 -0.333859820766816 -0.181858524152337 -0.323881535406387
-0.0250189381830628 -0.311266669510834 -0.166083654950928 -0.197691334056456
-0.187808276215704 -0.249315602269446 -0.0394099189279809 -0.00421340835143259
-0.255192223301214 -0.0958160396730891 0.0493203470503314 0.056149028625151
-0.220002599979133 0.0645875247250189 0.217610651760706 0.0177050997701632
-0.155615790086877 0.125960180369281 0.267527802795915 -0.113041620279038
-0.115229589214319 0.193630937522762 0.22933602148565 -0.217970927030005
-0.0688935901476566 0.211464342541726 0.161839158448785 -0.253678080680609
-0.0859763176080203 0.225046752299028 0.163143380644854 -0.252361619149634
-0.142921438330835 0.167119087946781 0.173925601595495 -0.176049070276403
-0.203848395755535 0.130961411168051 0.141722252678808 -0.0656063565308608
-0.29527969861072 0.00326819424423257 -0.01420954160826 -0.0394024694234537
-0.265905988737474 -0.161674383058884 -0.108698967324929 -0.142527567307805
-0.106738101471328 -0.260874184357376 -0.133964041392771 -0.317111844174357
-0.00210223130217024 -0.290780430013375 -0.0454471661195581 -0.49721283188852
0.00954725052520326 -0.497243965714674 -0.189297159338771 -0.194655713385099
-0.0639478469902248 -0.455591112972454 -0.154386471955868 -0.128628487841984
-0.272430692341937 -0.384996024746318 -0.0475281898619831 0.0206837601796878
-0.377846750317781 -0.188150118897297 0.0175350051965621 0.0817044936243414
-0.360443894244221 0.050537536482141 0.178182425151505 0.0512514462359193
-0.277124373072772 0.164506232967598 0.215010634202117 -0.0495454282974339
-0.213926703598205 0.268217421319979 0.187807041510829 -0.130805512740435
-0.132462406653053 0.300198666780019 0.122097384411149 -0.15992457523228
-0.1439395906227 0.32178813367358 0.112196312237172 -0.164063094412521
-0.219066591388782 0.241290528430765 0.11953373444059 -0.0991467125393833
-0.293420659691697 0.192718704565809 0.0944257159560703 -0.0145082543753924
-0.419532204581985 0.0239049698272376 -0.0473901889359072 0.00642412274745306
-0.407080248515156 -0.194174198130008 -0.135402612546847 -0.102803476121216
-0.209355128949389 -0.367354445288853 -0.147947323217152 -0.256076102681188
-0.0632992403635878 -0.451137880789262 -0.063576972696822 -0.389667613801989
-0.0359545524986546 -0.593788064965161 -0.189699724896951 -0.0194316502905486
-0.115447944695667 -0.544824605503387 -0.134132719817443 -0.0143865836371501
-0.341548164878964 -0.464535679209289 -0.0443153141971746 0.0571376933346899
-0.464829921392241 -0.243689548140341 -0.0133464409254837 0.096865194452987
-0.456823370363446 0.0388440548473261 0.105287945767147 0.0721225152838721
-0.360378079112238 0.18330507035942 0.120238817014371 0.0197042952622511
-0.282054488912417 0.306241776406363 0.112323685330089 -0.0246195472886117
-0.174593987556787 0.34333441710456 0.0644186114056585 -0.0423456433053459
-0.179586555667356 0.368921999795303 0.0537833132732131 -0.0490288991687535
-0.262165031909765 0.280858581258833 0.058644390376495 -0.000315025981100291
-0.339058843070931 0.228763591282235 0.042595656473171 0.048725534827379
-0.482298323744646 0.043689939526669 -0.0685095451900112 0.056920580849939
-0.484528996105641 -0.195915728114619 -0.134188522557014 -0.051524289693005
-0.280450247563139 -0.411523441911889 -0.119019020841784 -0.166004956080861
-0.115923957939599 -0.536496483539902 -0.0495688780078679 -0.2343841446866
-0.0834893913164328 -0.600866633823243 -0.17467175336549 0.176388397813317
-0.162655380939231 -0.542945278115601 -0.100037604458684 0.122109805674722
-0.367833659723819 -0.460507577511184 -0.0342080737942132 0.0992207015387701
-0.476572844125763 -0.245649261633313 -0.044052197031339 0.103963753357819
-0.467913702731442 0.0308858001958821 0.00912675832413868 0.0858138313623107
-0.376680569003246 0.176919279473978 -0.000543261814080572 0.0905549806867494
-0.3019658503225 0.299387282737167 0.0167712009946859 0.0876008521822372
-0.192186447433904 0.333970592070777 -0.00191106041595797 0.082143116142044
-0.194314463176291 0.356693486944744 -0.00735906626055274 0.0735859391803507
-0.274441199316155 0.26680125188622 -0.00512091113386298 0.102155571985216
-0.337378402132129 0.208252429886548 -0.0145968047126125 0.109561935492502
-0.463064083284851 0.0302558196542926 -0.0812941876749104 0.0958261430540895
-0.468349832646899 -0.188361203055556 -0.11153028455774 -0.00562341277750525
-0.286614555680254 -0.395123963177992 -0.0567566521800625 -0.0682667909415289
-0.141596898175676 -0.53758724116549 -0.00794137731784462 -0.0582228573904979
-0.122892711016792 -0.512061419423181 -0.140893109555262 0.355713565863395
-0.188643787227859 -0.44179994374517 -0.0531833195076622 0.251379500912529
-0.326687015995366 -0.359676992218927 -0.0197177450823291 0.134189320198468
-0.392906206679308 -0.188488109604042 -0.0661598382944034 0.102082901288725
-0.385074709033136 0.0240443873243487 -0.0865080367926206 0.0948734900515131
-0.323239093454805 0.143944909290722 -0.116936974627337 0.153175986934707
-0.269726797627016 0.245572664244028 -0.0794095321944841 0.189258254060298
-0.180819616304154 0.27327188496728 -0.068676343621909 0.192930844506544
-0.187645999305981 0.2861017508666 -0.0691633600606652 0.179637159949813
-0.254588198036109 0.200664844763763 -0.0720161637587997 0.181289550229014
-0.292780062665231 0.135751629432495 -0.0756391104139093 0.145937456902685
-0.365019831768486 -0.0150291666510108 -0.0915166468339696 0.107054331523817
-0.361664681331209 -0.171897127837335 -0.0803179870881293 0.0234960388075153
-0.227578802008856 -0.326200758232244 0.013699549392327 0.021204805393506
-0.134102736531159 -0.457382426776413 0.043013979253078 0.110003991043983
-0.139852832106324 -0.340691944657505 -0.0871573695286119 0.487088461670346
-0.17551930212195 -0.260495783527676 0.00676162023763027 0.344271374344465
-0.219738368354041 -0.197850704050843 0.00242486626588218 0.154716311757892
-0.234172705197697 -0.103201405909933 -0.0703786848218137 0.0927335988855338
-0.235253336044916 0.00951503533941187 -0.156704126634166 0.0965641847924109
-0.214405594278948 0.0842048837330639 -0.20329434564142 0.198760095389304
-0.194204296111821 0.15164246380925 -0.155490734528671 0.265395251807379
-0.142723202150376 0.171371277215809 -0.124322574047917 0.27297613978059
-0.155879881589584 0.174407121678879 -0.127110505490803 0.251808564266565
-0.200018755756794 0.105569653384299 -0.138064472714747 0.219019965315282
-0.20769655713925 0.0433090439517038 -0.135280574311274 0.143635966716412
-0.217774101030141 -0.0582788783276678 -0.0977510551002086 0.0882517123371107
-0.202777826223043 -0.129705282254239 -0.0502226454724847 0.0351651173093053
-0.136172121067987 -0.209140143025371 0.0704816070505909 0.0940990608762042
-0.10588446750145 -0.308374299052192 0.0867790440573696 0.248802358325848
-0.123867394309347 -0.117877021248924 -0.024106400232491 0.546167928172496
-0.117316043577732 -0.0496730573707819 0.0718380839234979 0.388164660243681
-0.0714185102847116 -0.0273291240240917 0.034755056491732 0.156360614071624
-0.046524638962127 -0.0252683365515574 -0.053575824298026 0.0737718303804229
-0.0617792807798537 -0.0183437265951327 -0.189509781127139 0.0911209310066564
-0.0826910537699849 0.00458697580517633 -0.244995135771115 0.218846120185774
-0.094067770003075 0.0298921030825854 -0.199319312754533 0.303643423282594
-0.0830300100668139 0.0426258363741176 -0.160834187613413 0.31188996420718
-0.0942902914676241 0.0429739717376764 -0.175032163859057 0.280620950842687
-0.108395510853764 0.00968306934586159 -0.193471384152 0.212856688396259
-0.0896460400481493 -0.0306070700426885 -0.18035425840237 0.106889837858397
-0.0527671175045725 -0.0621184317955169 -0.0950026976949421 0.0475768216103217
-0.0403070045392912 -0.0484185390997819 -0.0219539821991737 0.036944577506728
-0.0530134135215645 -0.0590263301995993 0.1033781488129 0.147582383136934
-0.0747252085847954 -0.118750077295326 0.115747473776319 0.340329515976892
0.07651954612861 -0.134220212433236 -0.187149350285318 -0.388917254544872
0.0128048497740268 -0.14220454308898 -0.179429897041287 -0.218631192524186
-0.0885069343069056 -0.096567049860832 -0.025388772889231 -0.0231514989981002
-0.114376272115224 -0.00278386340754407 0.0760395395626862 0.0142454991185679
-0.0641034312128411 0.0634370798824775 0.222175483784938 -0.0389306201723278
-0.0229495617459943 0.0678557239699486 0.268188343619805 -0.179639933350411
-0.00355737041424441 0.0902642653588753 0.220350408577554 -0.281514874262654
0.00837631254390997 0.0920653221398042 0.167720682003158 -0.314346455297223
-0.00233111450097303 0.0992475423392688 0.182754210188941 -0.309288627308504
-0.0333415444051841 0.0827309380161947 0.203270373945328 -0.230481132807889
-0.0755878462730634 0.0750253664552162 0.17421921121952 -0.107761076356314
-0.135074714304428 0.013575551082768 0.025630829765237 -0.0712414257743772
-0.106339432616972 -0.0808431543231191 -0.0658823069725034 -0.153654018809123
-0.0113999935308223 -0.104996101510926 -0.099678974626831 -0.332289590526566
0.0436580345418196 -0.0846324090749575 -0.0162854955146732 -0.540193108276635
0.0333885517321861 -0.335146156038956 -0.193419486440515 -0.318608974814772
-0.0357352130144267 -0.311006140232269 -0.173397449717643 -0.192903710936693
-0.196329548229081 -0.2419645908413 -0.040721801855248 -0.00557443741353722
-0.259993275574794 -0.0881036937970856 0.0488071931440384 0.0543747445593473
-0.218343678625263 0.0712677337080194 0.217288120379042 0.00720905160626987
-0.153523709493357 0.131930403717076 0.264287843731129 -0.125184516600645
-0.108135145875323 0.19966119661431 0.220112129617998 -0.22589453404884
-0.0603518761919865 0.213929601427024 0.153261644777198 -0.257933440299046
-0.0761166176001492 0.228396305489664 0.152569002403396 -0.259171947986905
-0.138682490523487 0.174115155719278 0.166394737810805 -0.183631487905304
-0.199671496317061 0.138603211732498 0.138719320746832 -0.0717593990468465
-0.296794403549425 0.0141186715448998 -0.0161227713074905 -0.0380150382976983
-0.272730780235739 -0.151922259080144 -0.114779137209193 -0.138125266662595
-0.116687213827256 -0.259621742170385 -0.145438219893563 -0.311759048516244
-0.0144974928186401 -0.292080557516747 -0.0629731087743118 -0.496994445669531
-0.0104807385929529 -0.498677425314138 -0.195691372185426 -0.188670601687785
-0.0800015474628048 -0.454632615657909 -0.1582749121078 -0.124135468679009
-0.285754759730108 -0.373816751755969 -0.0482059047264053 0.0197034083030283
-0.386900004181984 -0.178315383035817 0.0173089478496967 0.0815607481925213
-0.359887017824746 0.0628022819000254 0.178558544544474 0.0416767143199647
-0.274678530962861 0.17568216721499 0.213931868319906 -0.0586777584557802
-0.205048839160006 0.279271176869886 0.182758789350944 -0.13860229110138
-0.120224516300191 0.305007385498436 0.116563547060797 -0.163228458838585
-0.129953552154971 0.327671142718505 0.104969234584525 -0.167764745741092
-0.213385294733626 0.251986120261953 0.114854718008166 -0.103880537540882
-0.287230977592654 0.203936646068267 0.0937686419324354 -0.0188835531641601
-0.421785140172914 0.0406431499830279 -0.0474853144007959 0.00931942533973707
-0.416059690218762 -0.17942591133593 -0.141134419189487 -0.097733430300401
-0.225235798108053 -0.362236023900375 -0.15745739518093 -0.2494996246866
-0.0818525400884852 -0.450914288397905 -0.0781593786176322 -0.388329303718268
-0.0609516337335048 -0.593566422580444 -0.190104807518233 -0.0132993816362575
-0.133864870860742 -0.542564434351348 -0.133132643363353 -0.0119388233846124
-0.3591821857766 -0.451967362197793 -0.0432077828909073 0.0565456455681403
-0.476405350905013 -0.230981132978899 -0.012938627586168 0.0981584484461023
-0.45501360264157 0.0562287739305212 0.106806391478148 0.065524898457379
-0.356941326589603 0.198215471537079 0.121762551990521 0.0149604695907557
-0.272133466190277 0.322291872914055 0.110507857124229 -0.0294031511026503
-0.161127363682939 0.351615726670692 0.0629365088407459 -0.0435105539983279
-0.163624180379208 0.378383689247321 0.0515136611075447 -0.0500265907210737
-0.25551920634332 0.29392862054389 0.0579875986324571 -0.00197634248784769
-0.331978417394734 0.240652824999215 0.0436147658961927 0.0471869018186114
-0.483458024196608 0.0611285312913226 -0.0665830396607882 0.0600615847614682
-0.496069367501066 -0.178616175188301 -0.139373289779644 -0.0463530691616582
-0.29718947110131 -0.405288783807578 -0.12600316209288 -0.16050248679527
-0.141037687853138 -0.536303257322591 -0.0581155783937228 -0.232295301760558
-0.107966744396898 -0.599681941066832 -0.168651704749684 0.182086314084533
-0.182115803691159 -0.541977230049381 -0.0942373830042522 0.124237112458933
-0.383533942106947 -0.447006163166548 -0.0311464620341977 0.0983294913599828
-0.489255917105151 -0.232277126190647 -0.0425306924936954 0.106040215823859
-0.467972718600143 0.0479019760715463 0.0106207795761509 0.08409268426214
-0.374555834280133 0.193583341811687 0.00384605072682673 0.0916335690356663
-0.29153760359084 0.31517050342646 0.0180745836238344 0.0865357095850175
-0.178384162974932 0.343422108100589 -0.000202047437676694 0.0827229013304137
-0.179309042386442 0.365630315815953 -0.00497916419117604 0.0747135470728469
-0.267425970119508 0.280192800070495 -0.00124469573161954 0.103264629895615
-0.331456227104555 0.220392714817819 -0.0112485912304928 0.11076018142088
-0.465419687201833 0.0479195723398796 -0.0780687339064342 0.0992136630911869
-0.480059754834243 -0.17077986099697 -0.115001543139797 6.39019229130392E-05
-0.303403201687407 -0.390691414655665 -0.0608727755591663 -0.0650513194168865
-0.164925434259186 -0.537591029762088 -0.00914707083104164 -0.0574161721392055
-0.144722720672148 -0.510019980415547 -0.128257635926262 0.361149344356179
-0.204097192737934 -0.436750280292412 -0.0427311788343855 0.251955652343695
-0.341148778961311 -0.34967993071962 -0.0148490029767043 0.134041836717186
-0.403807890941785 -0.177848194253724 -0.0638496392330499 0.105944556756453
-0.385960063042327 0.0380186248209784 -0.0853095708271676 0.0969396073549865
-0.319667131588976 0.158361732810845 -0.110975961014537 0.159011289957978
-0.260399498282458 0.260197287779592 -0.0749730160774409 0.191743620358073
-0.169874413190368 0.282560154245035 -0.0629780535232763 0.195624206947567
-0.175870829372599 0.295362677194911 -0.0622393054685808 0.183025088716396
-0.250232462805109 0.214156432876623 -0.0650713752799409 0.18535159731973
-0.289634698054891 0.14587148295695 -0.07112657616589 0.14943579333869
-0.369324875265539 -0.00172275971404631 -0.0875280718561616 0.110197042534651
-0.371511837660484 -0.158073885879148 -0.0824072766017341 0.027940388317241
-0.242180593852504 -0.321821567457837 0.0134198216812065 0.02255307712118
-0.154202195328552 -0.455763084204035 0.048561768652468 0.110398848748368
-0.154502162416625 -0.338440412634066 -0.0719871642351034 0.490642274952275
-0.184907386539029 -0.255946895201258 0.0202989845329154 0.342815707863685
-0.227743581591026 -0.191325819827551 0.008943910623066 0.154068816624778
-0.241297044029907 -0.0975571210124737 -0.0670766033199561 0.0960002878783552
-0.235117079111914 0.0177571067631593 -0.155099562250731 0.102584184133322
-0.212708905534173 0.0939828701362149 -0.195809757278097 0.208459864263548
-0.188970494517672 0.162074726439814 -0.147844726559807 0.270746992158689
-0.135404851918203 0.178554023255072 -0.116582453825831 0.277970575131458
-0.1482735447292 0.182364216208407 -0.118143709639308 0.257422224304891
-0.199227159914427 0.115722918205737 -0.128918267035603 0.225344322147517
-0.207463963782661 0.0509935258537375 -0.129907406842679 0.148949236827314
-0.22231128417478 -0.0497145976846519 -0.0950507582784711 0.0909549043164557
-0.210035498946911 -0.122299251072417 -0.0514064951994539 0.0382611814876061
-0.14530305322162 -0.206754278447716 0.0731315742182179 0.0922561319843089
-0.119856591562896 -0.308239601822406 0.0977146748929989 0.248031297292414
-0.129676925867981 -0.115215356405198 -0.00539252485267106 0.548080062712148
-0.119087009669118 -0.0467164755910467 0.0864812214411304 0.385323981250075
-0.0732059912273847 -0.0256403200830348 0.0415269777125064 0.15567788442404
-0.0488593093278898 -0.0243633766873251 -0.0498155382282566 0.0759478828954963
-0.0623115661132922 -0.0168375777516764 -0.187253464474186 0.0990135127766334
-0.0827003465014674 0.00885166259172143 -0.237378041292757 0.230658981828092
-0.0934817027926177 0.0353481709217384 -0.189353483392189 0.310920631214471
-0.08087798264354 0.0470994675289026 -0.151691406272203 0.316909082510416
-0.0927591492847207 0.0486929704865698 -0.16550609010084 0.287310819993932
-0.109631001636466 0.0157005894742968 -0.184571284036345 0.220970164892345
-0.0920472639746618 -0.0267448096211121 -0.175979901597826 0.113775537487513
-0.0569338575220599 -0.0591955917493865 -0.0930673739978509 0.0501572617396919
-0.0430671543615969 -0.0468784619988934 -0.0227532288653619 0.0388908218307784
-0.0559511706862837 -0.0585000535216737 0.108043437056151 0.144639856332766
-0.0813911092297006 -0.118428212396546 0.129023226440774 0.339619388684839
0.0691030507753589 -0.135430336662027 -0.205863628202864 -0.378511368444114
0.00638826278719155 -0.142179489925312 -0.189902289964069 -0.207465843463517
-0.0918983530733559 -0.0917455623061843 -0.0279431084212091 -0.0226753071662914
-0.113843264157694 0.00223773437119421 0.0737313566305387 0.0103765888989022
-0.0613340622266841 0.0663342942756593 0.217092627410117 -0.0519635516913186
-0.0208844140340202 0.0678966882379497 0.256507869776772 -0.195533397657974
0.00188413114976729 0.0894925656756443 0.204838656860038 -0.291284843266806
0.0133681871203665 0.089669600596524 0.152254173183164 -0.317918156492415
0.00331170485758652 0.0972278584660273 0.163233610879475 -0.316456442346672
-0.0290549025624581 0.0834983167140234 0.188931721812924 -0.23968542087739
-0.0711624382749283 0.0778666902737205 0.167728516393814 -0.116865663645312
-0.132153828161353 0.0209098599893942 0.0223798022487679 -0.0705873808281637
-0.110011447013056 -0.0745008722394307 -0.0727219303210486 -0.148792443153421
-0.0165958122346954 -0.103245490394334 -0.114303387889384 -0.324958785226703
0.0386518348099001 -0.0850021096243522 -0.045104873855049 -0.535113814699514
0.014024048468478 -0.333195554730074 -0.20820792821552 -0.307249016147927
-0.0498663097163513 -0.307237742523357 -0.18154566766595 -0.183764087553692
-0.206242757780836 -0.229397557265153 -0.0422921991109096 -0.00469720947920328
-0.262353281639421 -0.0761574259725576 0.0480629727985123 0.0517765340415606
-0.213522358599706 0.0809073274758478 0.21441667790992 -0.00567744433495875
-0.147868910578724 0.139395886404721 0.255762099793825 -0.139806558581501
-0.0964217178326281 0.205217780629833 0.207448880654295 -0.236421035204959
-0.0481143511688482 0.215416592954867 0.140504573036373 -0.261647556632561
-0.062346348906317 0.230452583628458 0.136434731018894 -0.264090450726162
-0.129911766775101 0.181442879352816 0.154269126306069 -0.190674000953656
-0.190403354554412 0.147461774572293 0.134183237266686 -0.0792259308200602
-0.294940108537185 0.0306299558735707 -0.0177377332860023 -0.0354459482717524
-0.280216782980376 -0.135681545496099 -0.121617651215546 -0.131219700105911
-0.129969035212838 -0.252855917821777 -0.157931586966612 -0.301819931599555
-0.0313472006749918 -0.289310869240261 -0.088045596566916 -0.490317150828082
-0.0393792913315138 -0.49225811728899 -0.203114584382334 -0.178220206991769
-0.102435838292816 -0.448811635538904 -0.16294955781942 -0.116915944760957
-0.301106649488462 -0.356095885852985 -0.0484578799119084 0.019683994977653
-0.393649183411716 -0.158523666473371 0.0185853750728995 0.0810171078388889
-0.354104556512975 0.079309125356903 0.176838344574307 0.0299797676635767
-0.266932979589719 0.190801302842141 0.20988609176662 -0.0704397807984619
-0.188148824662765 0.289959055199191 0.172999638706483 -0.147806664224409
-0.102568803527811 0.309303661952933 0.108035442770947 -0.166291743444269
-0.110013291994807 0.331892860182533 0.0948939450661045 -0.171060146857816
-0.200811459598262 0.263457645893528 0.107377216024226 -0.108784628720106
-0.275111196192755 0.21650181900905 0.0913184913338409 -0.0231717323741501
-0.419862915306825 0.0628598108294308 -0.0466541066823047 0.0127101407406119
-0.424512135048188 -0.155241368573975 -0.147072643481821 -0.0888786086247449
-0.243352445156727 -0.352690027069718 -0.168664471513553 -0.239212203823235
-0.109175193418368 -0.444998226114342 -0.097304837774837 -0.381478487551942
-0.0939273193335908 -0.586918060091844 -0.188176993545334 -0.00370374624937387
-0.158880362434954 -0.533400778773328 -0.131878174553333 -0.00701441129312569
-0.377710729270813 -0.430591060023453 -0.0415037703832742 0.0555944499888508
-0.48700461676406 -0.208659302439479 -0.0105101541827071 0.0993502405005642
-0.450916433092711 0.0765868022315054 0.107086236559039 0.058128356514845
-0.346975436135379 0.217742223605441 0.123093314133852 0.0085744974046534
-0.250605025909586 0.336330036942985 0.106276271947353 -0.0363299658758995
-0.139757031476851 0.35753844090069 0.0601099268263797 -0.0453281154975014
-0.140228759769264 0.384021926021056 0.0475391695221458 -0.0511051485356334
-0.240629017529458 0.308848299397207 0.0571308565207342 -0.00400603559296463
-0.318621098274876 0.255038070861986 0.0450692465983006 0.0449293649776948
-0.481379031710048 0.0882550058645259 -0.0632653191651286 0.0640588438128411
-0.504244796763669 -0.15040390319631 -0.143151747412262 -0.0370369942946948
-0.318822646498225 -0.392369266915276 -0.133071566986262 -0.151438333757371
-0.172477994802753 -0.526419610131064 -0.0694116118004157 -0.227547420877994
-0.142285403487345 -0.590063110553497 -0.157396276757719 0.189120855366215
-0.207251890759677 -0.529704088597212 -0.086573397725379 0.126351718355079
-0.405066611953268 -0.424949182975787 -0.0264492688209979 0.0972989626183212
-0.502287066613373 -0.209439173484235 -0.0384802481493221 0.109443695431491
-0.464338439190138 0.070572188929479 0.0124741921720936 0.081718783411426
-0.364268017025397 0.215322664392174 0.0100279188428592 0.0913154603069123
-0.271580316054644 0.331545880468088 0.0199818696631767 0.0841855202050555
-0.157707014212119 0.351152076213197 0.00367684609700899 0.0831615093401417
-0.156347021832615 0.374095722256916 -0.00120478553967276 0.0755636922844534
-0.253543668674819 0.295859698496962 0.00413306539963856 0.103618357569795
-0.319450483102533 0.235496636616123 -0.00579917281162944 0.110714725690499
-0.462836570358671 0.0724245613578871 -0.0718481280363743 0.102783621677928
-0.48642383744992 -0.143764464360739 -0.117002890544017 0.00712136319818071
-0.323792629114407 -0.375283745151397 -0.0637039457965608 -0.0595809928767463
-0.197220476115309 -0.526818482714509 -0.0115146989655638 -0.0553647756096711
-0.172976666143305 -0.499412827182042 -0.108599137263911 0.364619379867906
-0.225370334016847 -0.427037090224655 -0.0288723769195427 0.250599180166418
-0.356701964482662 -0.329746499843688 -0.00767346671594108 0.131949522343087
-0.413967049345379 -0.159420839743312 -0.0584910803919776 0.1089165579207
-0.383390991627202 0.0566022170961412 -0.0811752774977249 0.100901351602646
-0.311213519382142 0.176436875491563 -0.10072651796402 0.166186394738003
-0.244872777604405 0.27516292404112 -0.0660481994549401 0.194132881300135
-0.152252189632568 0.290554950416708 -0.0540000875436863 0.198282228884393
-0.15789666269507 0.303620860742446 -0.0521688754692957 0.185483129531024
-0.23961275460245 0.229827023920079 -0.0541500246821581 0.187955502999784
-0.28131924114652 0.159524031441169 -0.0627460382179053 0.15225131931714
-0.370264525822417 0.0185439427505105 -0.0814030708037993 0.114612526740559
-0.379217806520653 -0.136879510644962 -0.0831025031818618 0.0338502057144073
-0.259611066517732 -0.309261539396084 0.0141310820870975 0.0226911219256504
-0.182426762655596 -0.446186801803352 0.055119984055902 0.108648522605242
-0.172782102406077 -0.329310545356876 -0.046687659499638 0.489276920890594
-0.195627278989029 -0.247316493433694 0.0372574303529281 0.337483629367562
-0.237250122165297 -0.179362828144969 0.0170596930735511 0.15174673206996
-0.247520218787738 -0.087098863050477 -0.0611605008299478 0.0986746787533078
-0.233524093559795 0.0284103827959517 -0.149558894070034 0.110679623212097
-0.207204481430369 0.106611590508955 -0.182658664191776 0.218811152707964
-0.178193006098765 0.1740599296384 -0.134932103210035 0.276100207937915
-0.123707486330376 0.185832288878954 -0.103863712976348 0.28167142283167
-0.137004573917843 0.190408352163559 -0.104317080903389 0.261977843583651
-0.192766582381361 0.128913651799834 -0.11550265882253 0.231068138843805
-0.205316724949874 0.0615058613477726 -0.121077282450594 0.155350966277829
-0.225794147948279 -0.0372548995184413 -0.0895979430944553 0.0945381549836319
-0.216023762442066 -0.109987988554411 -0.0509994888138174 0.0420306494791192
-0.156905942301975 -0.200312048770695 0.0762694504191333 0.0890888542263129
-0.138300660935007 -0.302041800071417 0.111016694545449 0.242800485337369
-0.135334130126792 -0.109920151388653 0.0193423518351512 0.544790189355898
-0.120391720913065 -0.0418566287672112 0.104959939990234 0.377418283704339
-0.0744773270485797 -0.0223876765546027 0.0502005135008664 0.152093774854474
-0.0509817175217626 -0.0235419509087743 -0.0445202623606607 0.0773813742511249
-0.0628235963915728 -0.0149772021528412 -0.181546390682177 0.10850981252319
-0.0814463103134366 0.0137494808098463 -0.22370666336612 0.243744167746824
-0.0905505460914424 0.041604559954767 -0.17376632684583 0.318739783946139
-0.0773728750350271 0.0529765587565198 -0.136809324969964 0.321922605966431
-0.0892561836462066 0.0547699414523432 -0.148606448698199 0.293651539157028
-0.108979165136515 0.0236849958923021 -0.170323764841969 0.229632072364143
-0.0938189860298084 -0.021524508599605 -0.168661443399978 0.121814094355281
-0.0615789833704706 -0.0552424612046254 -0.0898305551920412 0.0538176167370856
-0.0464933328947847 -0.0441674556332437 -0.021782953066287 0.0413127981153533
-0.0602258490617653 -0.0569617885606008 0.113175354884462 0.139256484591093
-0.0889623896643548 -0.115782112417743 0.14774151572027 0.333193869743643
0.0345942372895185 -0.144959393355862 -0.250867387579692 -0.324104667876408
-0.0252934999436938 -0.137485082135378 -0.207553963924135 -0.166033464989585
-0.104423225520015 -0.0730310276270555 -0.0251955374008587 -0.0201416316047955
-0.1067843838416 0.0215392510085715 0.0736117858354186 -0.00618248629155085
-0.0444066967536956 0.0694962369285067 0.197698351246423 -0.0884230637184268
-0.00823411679440449 0.0604010848813574 0.211050576276283 -0.22890059466403
0.0174992030495956 0.0813226059336484 0.150235660932671 -0.314808376172237
0.0239907516007134 0.0780810059230215 0.0986624666542261 -0.325814318354368
0.0168633273076453 0.0882545289192028 0.114393922504501 -0.326224090044226
-0.0181485519376502 0.0827234669407587 0.151464559902018 -0.259583105150608
-0.0566693957003885 0.083414693558951 0.146843179660582 -0.136793037929522
-0.12604632948684 0.0417439947708935 0.0163883467363953 -0.0705551015049646
-0.118405069958454 -0.0532647998554566 -0.085948502067894 -0.131891027671899
-0.0321924656619748 -0.0932625382552621 -0.154144305570023 -0.30015687461729
0.0208232188958988 -0.0852401738430975 -0.10884611136337 -0.508570921499065
-0.0539211842076336 -0.323657927102533 -0.232270901633904 -0.253735962521212
-0.107423322420927 -0.285194525558104 -0.187608317725035 -0.145447075048073
-0.237160917571115 -0.185550695063841 -0.0272040962000362 -0.00397885286355613
-0.264222156636343 -0.0272346982985863 0.0626611920265668 0.0339490007099808
-0.188373153804801 0.108863761537518 0.203024152441705 -0.0494506648767741
-0.118178849676609 0.150387356747388 0.21837858630663 -0.180712151593012
-0.0586363584270435 0.212367378266294 0.162822389629845 -0.268054132810567
-0.0163206431046013 0.207165057876848 0.0944774519393662 -0.270611803520489
-0.0250170073833737 0.229171264997641 0.0947137855658159 -0.273135048089057
-0.100443521855674 0.19519455561737 0.125502866083217 -0.20871047874492
-0.161692324160011 0.168863180356618 0.120231001795998 -0.0976538458944062
-0.282706370569642 0.0768782606568853 -0.0144176722959351 -0.0323080515543796
-0.292440434315613 -0.0866388944011047 -0.128880320507065 -0.105052912465204
-0.164813958598395 -0.222372715025274 -0.197212042125532 -0.267269337470487
-0.077264348250504 -0.273770258228372 -0.149891991153037 -0.456677336766407
-0.131913869255451 -0.465530225453517 -0.200536381322239 -0.130230575299109
-0.180620130928972 -0.409882494136175 -0.152207606478921 -0.0842759476826534
-0.350094649129361 -0.290173045397479 -0.0202315074777513 0.0178104849341831
-0.407410374314676 -0.0837317308753222 0.0466491363335963 0.0632313403060055
-0.322768457411192 0.130585087657905 0.173371111620275 -0.0152484254769753
-0.223575784502023 0.220802518152473 0.186067609421997 -0.111297699454961
-0.131604052666947 0.314231935076306 0.145925340836518 -0.181928504176308
-0.0532457791888681 0.307082034976517 0.0760884484264889 -0.175294374963244
-0.0539455715831009 0.336354450210012 0.0667815271918568 -0.177068306819642
-0.155710228073023 0.288963423494107 0.0918296445835397 -0.12457322728707
-0.232049298118298 0.248300270300974 0.0865894727976441 -0.0400835988663585
-0.398742521178949 0.130155749584694 -0.0330881767390478 0.0163864778588738
-0.433756443078161 -0.0834298683156909 -0.145239678134021 -0.0590493645900987
-0.289418610109193 -0.301635203017009 -0.200529304009197 -0.201393111783534
-0.174263819515087 -0.414402363512307 -0.149465831443296 -0.346467311532947
-0.19938352086139 -0.54194897256074 -0.154162419077444 0.0344083973025168
-0.247567474075215 -0.481969709141883 -0.100826446982468 0.0148889656079294
-0.436364859737842 -0.347489006123592 -0.00181168484910031 0.0483644021417496
-0.507271599338173 -0.114254661722463 0.0277290638773273 0.0820129656883337
-0.416493773028242 0.145156876501261 0.111386272985594 0.0186550514784408
-0.296328561003825 0.262819815964304 0.115433902234807 -0.0249654701040207
-0.185135836513963 0.372635134712232 0.100025367620349 -0.0668041421924266
-0.0807255644911138 0.360521181353247 0.0468112507331199 -0.0539067368932986
-0.0736979930555926 0.393366100233231 0.0364090519314843 -0.0560720837603262
-0.185443573210121 0.339502923337337 0.0566073681519125 -0.0173833471326893
-0.267163714579025 0.29360025364188 0.0513157756117186 0.0314408410045616
-0.454741908173798 0.164492108998686 -0.041165428844176 0.0671896970364496
-0.508626363976758 -0.0666783412450112 -0.133940072845858 -0.00759105929352759
-0.366861045745687 -0.330838581192562 -0.155978476989006 -0.118186929062055
-0.247110856910593 -0.487812754409947 -0.104035230778906 -0.198942698433832
-0.243084687883051 -0.536922382399735 -0.0951127275907969 0.212047627100316
-0.290560198368926 -0.467757147799981 -0.0362715302592121 0.13342777581666
-0.461313501715891 -0.338310680755443 0.0189886866689223 0.0846053127766137
-0.523361066988387 -0.110480072004115 0.00393107414591795 0.0941780190754165
-0.433652996726475 0.142750594986616 0.0252956604648225 0.0561371213420297
-0.314584024385193 0.26688490311947 0.0216906396715026 0.0716593723401084
-0.205183881410715 0.374788016517957 0.0368793325824288 0.0616711237909179
-0.0986351736432859 0.358713154627764 0.0104611797402424 0.0765872164054375
-0.0888006068141632 0.386471093207764 0.00625159986099278 0.0724250517798642
-0.198702700587695 0.330584956410789 0.0200746211123387 0.0944838337884571
-0.270722654121464 0.274346705521037 0.0109520172640809 0.102767438625198
-0.439732659836615 0.145875352157711 -0.046290852668397 0.106067089044829
-0.490757787390432 -0.0625569524595697 -0.103448916229326 0.0320068850936522
-0.369194110401681 -0.315840104767173 -0.0761159591727093 -0.0372616372573568
-0.269881010296289 -0.485492786557834 -0.026972548552128 -0.039395433721137
-0.253946674752036 -0.44210020287117 -0.0256114187685293 0.368140824549074
-0.288716596670188 -0.366037307862277 0.0335747904325311 0.241936186649375
-0.399382633146958 -0.25494671583665 0.0372468359554961 0.115944710891039
-0.43069498188925 -0.0790851343947313 -0.0201276357341043 0.0989765448414741
-0.359321775794639 0.117220816120426 -0.0626237217328582 0.0932178170822452
-0.270627486334909 0.223011839856957 -0.0713213829149378 0.161721910375181
-0.189047858658699 0.317099492545298 -0.0301087166726576 0.183990911533763
-0.100545691324212 0.30278971387856 -0.028030794248361 0.194575788522307
-0.100229971541908 0.321586888025937 -0.0278558265311724 0.185835002283923
-0.194220308123893 0.264409447408967 -0.0245170463094062 0.185046577524609
-0.245526006794167 0.196945828222899 -0.0385569699419524 0.150831140290132
-0.356931803080653 0.078504228938313 -0.0558611249762736 0.119338809975398
-0.385760456173146 -0.0727436117966538 -0.0696832316878216 0.0523097416203193
-0.297144350506238 -0.263345233141128 0.0109010554741218 0.030770458828121
-0.242591150046687 -0.410739141266391 0.0589807161961263 0.109146214843772
-0.220615817405119 -0.277602465397886 0.0456239288860349 0.474949392603705
-0.225984375090687 -0.198908927543533 0.102387325133741 0.313303077063328
-0.258278991233741 -0.130657946008368 0.0544396278887674 0.133974007300837
-0.256778358418151 -0.0385192233324432 -0.0321908411195889 0.0944625032251675
-0.222549783629693 0.0674776550890138 -0.126433963459817 0.120291560379863
-0.182429318276723 0.141776025298916 -0.140687808862625 0.230465915450025
-0.142052448197631 0.207976232390395 -0.0845600146382704 0.277920600149338
-0.0886848218047905 0.200117325487598 -0.0618512621466481 0.28252228658409
-0.0981357554689601 0.210233524329235 -0.0667245196495195 0.265301467806848
-0.163747201295145 0.159776645742758 -0.0789016315673133 0.236537345125218
-0.187297986717764 0.0918434739406195 -0.0945280310682213 0.162950765281337
-0.226362862834942 0.00177145907776461 -0.0690507054319574 0.102853099956771
-0.224294648677476 -0.0722835544490876 -0.04115866877156 0.0544030406093681
-0.182780245979156 -0.173037527244386 0.0815602982246942 0.0838795863409814
-0.179071956861552 -0.276464914721549 0.131673312588949 0.229210405099116
-0.143692252488812 -0.0739596815820516 0.107009374183939 0.513039135830109
-0.114893624065534 -0.0149772665654161 0.162996741671233 0.340000026513475
-0.0744904123342795 -0.00778377724953517 0.0755704787572663 0.134074911918558
-0.0552065691913392 -0.012076664206353 -0.0269394958533908 0.0776666480033042
-0.0660105917500936 -0.0014093233336377 -0.156787378610636 0.131459728535212
-0.0766422916675906 0.0344021462514882 -0.174352208367528 0.264557605687873
-0.0800444697504207 0.0635540370845446 -0.116454510969061 0.330042960412322
-0.0641548662485707 0.0674812522719089 -0.0867023947301886 0.325940731630746
-0.0744805631139484 0.0724106659044397 -0.105557040585332 0.302893346020245
-0.099240452099235 0.0446230316625979 -0.133128071590566 0.243817916392154
-0.0933560973369897 -0.00344258883721879 -0.144496516045075 0.139312353318794
-0.0688672480185307 -0.0416202343719568 -0.0784873700326718 0.0638628382886627
-0.0517025492281008 -0.0348173941646664 -0.0160805791638774 0.0464882858380876
-0.0678985237133721 -0.0497345229895419 0.126990003377625 0.124018349514662
-0.102241509205705 -0.103298953614916 0.181840399838441 0.307414955486639
0.0284915845949064 -0.138313233818137 -0.251883280080693 -0.303493996811262
-0.0280114688037278 -0.130438586468086 -0.204384627579975 -0.15313286223627
-0.102214706023889 -0.0669333575500712 -0.0258040609871542 -0.0188879744020213
-0.101630292590028 0.0229717620443296 0.0686004115461695 -0.00678355561308397
-0.0402853772716299 0.0679136601761422 0.185051322320992 -0.0923125723439276
-0.00753049407801873 0.0586288144250037 0.192487481504284 -0.228370160597764
0.020211625687078 0.0765189510347213 0.133485615819448 -0.307636963002569
0.0256614482556362 0.0736032392524018 0.0874404609959798 -0.315035060669718
0.0187515623242775 0.0831121712704423 0.0987060151379801 -0.316174611371208
-0.0143090171034577 0.0793576377183972 0.135162430752758 -0.254397385633784
-0.0511028091184865 0.0816611250019087 0.13634631157713 -0.136950415128773
-0.11894060053447 0.0439445248044199 0.0140141123123567 -0.0668779636781606
-0.115527430383021 -0.0463126879434968 -0.086032274477933 -0.124261873092204
-0.0335655053742677 -0.0876153932181775 -0.155672540274906 -0.283101372074656
0.0175071385765498 -0.0815099541133776 -0.120541322637496 -0.483457776110332
-0.0628779575839377 -0.305927095406685 -0.230524303151496 -0.237468132039771
-0.112383983349666 -0.269957795542381 -0.184280727794486 -0.133732803510277
-0.232484976861331 -0.170557416468392 -0.0272047695582864 -0.00390252624818358
-0.256193841966841 -0.0190427085816494 0.0596484272475921 0.0325348266497555
-0.17764196940508 0.109717363305367 0.190666571241045 -0.0550366259139599
-0.110775831125857 0.14985202412879 0.203053291937203 -0.18187333076724
-0.0468482890336119 0.206163082037484 0.145864171106098 -0.263169483992892
-0.00778556272013718 0.199697714708655 0.0844112132780198 -0.26265949932534
-0.0154694925368754 0.218931752213539 0.0813437053849961 -0.26337998670992
-0.0904478289147368 0.191823340600703 0.112145211949595 -0.203941014283968
-0.150260733302807 0.16672590958679 0.111755026632635 -0.0982338687593434
-0.269370074853207 0.0845719277275763 -0.0141763557036974 -0.0289771387960534
-0.284023689111711 -0.0724575819250394 -0.126135946997513 -0.0960787576881098
-0.166329589472999 -0.208600160294005 -0.196923536043373 -0.25101008928477
-0.0839744475411064 -0.258983481825178 -0.158775317652074 -0.432314011601469
-0.144284578590824 -0.438253176689932 -0.194670505483975 -0.118843477199893
-0.186890333753998 -0.388591945984095 -0.147417972289887 -0.0769973825852834
-0.343759295865089 -0.266776562893707 -0.0206554567197747 0.0162007953304714
-0.396167840930873 -0.0687586112281542 0.0456140760506557 0.0611109798448743
-0.307381644526025 0.134472891137629 0.164021853444491 -0.019773602115919
-0.209937261081826 0.220843885208968 0.174982987739512 -0.114056554000717
-0.11418697647101 0.30657733829881 0.131496889095187 -0.179284319820875
-0.0400903715679567 0.295885223378583 0.0695778462843277 -0.169538069297527
-0.039228314210579 0.323541135816596 0.0580308268459456 -0.170669392778483
-0.139857354962092 0.284442850983279 0.0833752849613487 -0.121860240898375
-0.215846460632947 0.246047690087355 0.0817208349470546 -0.0412458184777798
-0.379809351636722 0.138806383420565 -0.0314200089202946 0.0183791060141391
-0.420380180702919 -0.0649977591584413 -0.142062728361529 -0.0500256847065197
-0.288205531612277 -0.281620656415124 -0.197507444185052 -0.187019669645123
-0.183587481503086 -0.390427999692713 -0.152987167436524 -0.32715989775496
-0.211305113264343 -0.510763774103844 -0.144787331154855 0.0371053294893621
-0.253664911156554 -0.45343751810231 -0.0950290933057822 0.0158534383573625
-0.429577295034892 -0.321134466244226 -0.00238445213164395 0.0455601814576852
-0.495329993697866 -0.0941424533599299 0.028809710523313 0.0797979674183587
-0.397442351592947 0.152556621003414 0.105195699060879 0.014293620015173
-0.277616149145999 0.2654440038778 0.111173166802846 -0.0284936925994229
-0.16136012278663 0.365714843824356 0.0909646278063555 -0.0677488059280345
-0.0651677255831819 0.349062395693363 0.0444205646685618 -0.0510952826111808
-0.0556538972644255 0.378153854671961 0.0333800520367531 -0.0535241951313748
-0.166777002752585 0.335764411554069 0.0544199682272278 -0.0177384787354156
-0.247864757277023 0.290454088396619 0.0501502766784082 0.0293834030229869
-0.432353687586968 0.174137355914422 -0.0379243655888241 0.0672263481094111
-0.492476016703392 -0.0470473066450701 -0.130194431560048 -0.000681707516008243
-0.365795123739622 -0.307556246131728 -0.15180048989862 -0.107855196900527
-0.255966754027507 -0.457894464585952 -0.106002295184304 -0.185801059250014
-0.254443597348847 -0.504392083594834 -0.0823016986530897 0.205726051414517
-0.29489078315928 -0.443214203694545 -0.0296935358361588 0.128362353879193
-0.455323324658037 -0.31149744548292 0.019937683380302 0.0799649574821647
-0.511745081854084 -0.0920606732560059 0.00669074808160355 0.0919830998075493
-0.414195873266718 0.150825287210682 0.0240481117176723 0.0539139495966408
-0.294136394126474 0.268322975303414 0.0247486342508861 0.0682416227456962
-0.18147996513871 0.36846152719125 0.0344680753970097 0.0583553434343566
-0.0808870995249539 0.347888220470195 0.0126870528602565 0.0746277487556242
-0.0710284711711397 0.372619038478451 0.00802148299012519 0.0703703110988839
-0.180232473382592 0.327427557827187 0.0236776780687355 0.0907248852599974
-0.252773577208525 0.273087188720191 0.0139330904069837 0.0985283620919495
-0.418615937293253 0.15770241081005 -0.041665184964367 0.104278616957751
-0.474603944403949 -0.0417282965898276 -0.0996353927883191 0.0374889846335516
-0.36799676370169 -0.292163316181627 -0.0730496620216336 -0.0327520252769992
-0.278814091129688 -0.45540053848647 -0.0267401233437551 -0.0353059447360063
-0.260253820806761 -0.41304916393555 -0.0112251289614579 0.353110720974066
-0.288164487295645 -0.344681460214228 0.0410969006621413 0.229963884018844
-0.391713284975186 -0.232996462604973 0.0390027185126384 0.108785227495942
-0.421977362833773 -0.0627546371976003 -0.0157172638378581 0.0963307829044114
-0.343856942509129 0.123524917108881 -0.0580761458696718 0.0921279406453497
-0.253111831785882 0.22540928694227 -0.0610343841936673 0.158832021231421
-0.167101797104637 0.313293013718272 -0.0250677949646742 0.177173153041981
-0.0857025222180397 0.294305721731546 -0.0208103554104329 0.189042983994907
-0.0834152015434508 0.311054890272639 -0.0210358787336836 0.179005365911641
-0.177302486752562 0.263687910280611 -0.0160935798934867 0.178654239763621
-0.231613159403015 0.197008709850938 -0.0317506670038491 0.146661531642053
-0.342351684082095 0.0899737697474091 -0.0503127056696075 0.116955306908731
-0.372896468581738 -0.0562155852551773 -0.0666142874469115 0.0558555101408847
-0.297480488608618 -0.243741412721682 0.0116643037602774 0.0298942319830864
-0.251001611119201 -0.38494452599543 0.0604522034834857 0.104180683422178
-0.222869261746364 -0.258955010045823 0.059432066122374 0.45405795767376
-0.223733439561481 -0.186501562007167 0.108681220197401 0.297380129013897
-0.253113550134794 -0.118953149848381 0.0564959045060145 0.126308711426846
-0.252691508716841 -0.0287057204500561 -0.0272524514839726 0.091004651376302
-0.212955797429289 0.0714204870867466 -0.11782496150831 0.120210658733275
-0.170936555435812 0.143505667875515 -0.125328709571432 0.227286949751884
-0.127450849235781 0.206653152734033 -0.0731910017897664 0.270110159869209
-0.0776576282209686 0.196026255610813 -0.0516066559146931 0.27422025446361
-0.0854901126332941 0.205482633886096 -0.0557262676433019 0.257058010604622
-0.151921173674697 0.161789890366568 -0.0665487864485247 0.229790990492116
-0.178248420336438 0.0950816828892906 -0.0846238816850922 0.159974910602758
-0.218561959187696 0.0113860241081654 -0.0639438396118922 0.100330046968038
-0.218033802416703 -0.0607231635093476 -0.0390332397459279 0.0566061481299217
-0.183242182874518 -0.160769683055947 0.0815547068267311 0.0786636721277412
-0.183731351326491 -0.258837413694435 0.135535871342241 0.216700769818402
-0.141601839007008 -0.0670874263250791 0.117889786006625 0.488918450998433
-0.11143618958972 -0.0121659514077689 0.167665710782345 0.321253322012258
-0.0726693516019141 -0.00600446559550904 0.077074147789988 0.125838931138369
-0.0553307629197479 -0.0098384580013715 -0.0231223288842389 0.0741558434796192
-0.0646738642664422 0.000872099397534947 -0.146072740775902 0.132148669554244
-0.0721722496076572 0.0355919402554957 -0.157207741758132 0.261230766872044
-0.0741254995728284 0.0658528588713119 -0.101151659838184 0.320970038784866
-0.0588089725689326 0.067761822214109 -0.0752008038286193 0.31649467247665
-0.0673894696297547 0.07282197455452 -0.0918966477438469 0.292930113025901
-0.0930549971875176 0.0484480456545539 -0.118262563853076 0.237999738032524
-0.0909118547165887 0.00104333690393488 -0.133593916262456 0.138541887510466
-0.0685425023370635 -0.036131812737157 -0.0738975954263943 0.0634746874146007
-0.0514119213114788 -0.0313471016054556 -0.0144434031893672 0.0481929919962813
-0.0689496471716281 -0.0458219008658947 0.125681139570318 0.115954903276301
-0.104036296598196 -0.0962322166775522 0.186448926017875 0.289735786437672
0.0267453501892125 -0.132748273017474 -0.247359526145629 -0.292766715790855
-0.0273934003736412 -0.12498683983667 -0.198998482515777 -0.147285649429008
-0.0994121625072414 -0.064096562339079 -0.0259836443126827 -0.017867410230107
-0.0982856136718351 0.0217597613363642 0.0652960856060969 -0.00577229797706773
-0.0386835570342681 0.0650295980105356 0.176800124667768 -0.090979495800827
-0.00839852444592791 0.057692133693244 0.18226193588102 -0.224409308188574
0.0206631855405252 0.0721831345763521 0.124675642341757 -0.298666288170655
0.0258713919771384 0.0708589580397967 0.084275288263846 -0.306203195351844
0.0188420756186621 0.0794156275096192 0.0927252252605668 -0.305638895545093
-0.0127677038401233 0.0759756047693755 0.126935272559534 -0.246757011842913
-0.0486893981351758 0.0788112475241139 0.130598573606514 -0.134197018465326
-0.114080568337173 0.0429738048882121 0.0139820573853104 -0.0628033812853817
-0.112390557799521 -0.0433995193518291 -0.083486554580119 -0.120321135347864
-0.0321616891256022 -0.0842638201999952 -0.152313479149544 -0.273779858398839
0.0162401475742693 -0.0780024229890102 -0.120928801230656 -0.466545791563779
-0.0636562328978151 -0.292156177873081 -0.22443319870785 -0.228732178698725
-0.110491784807085 -0.259244012314121 -0.178573037547945 -0.128980100132338
-0.225684950659646 -0.163111835918931 -0.0288471023073993 -0.00425642033626126
-0.249930455670322 -0.0175743999133993 0.0574740034802347 0.0334401849185914
-0.171735040777899 0.10666932201702 0.182325200737342 -0.0545980603646127
-0.107390666021782 0.147732485563694 0.19381820430406 -0.179701142574805
-0.0420940657633972 0.199080685845732 0.136620500221423 -0.255754349186267
-0.00535949781757041 0.193368443063905 0.0822544496192845 -0.254459530392534
-0.0125569026770492 0.211000469577161 0.0764445067919643 -0.254037006752059
-0.0854351434475365 0.187623495019363 0.106542309750158 -0.197718449322732
-0.144277267916015 0.162598243824498 0.107360968519384 -0.0960342203658991
-0.260817379921514 0.0852105650032441 -0.013973071918611 -0.0266364497262142
-0.275764307822852 -0.0670156987590803 -0.123579179784905 -0.0922152237590871
-0.163408320323555 -0.200676656378914 -0.190820737291774 -0.241888960541729
-0.0842549898992703 -0.249068352232903 -0.156577034081602 -0.416585586439052
-0.144157289604056 -0.418758615840604 -0.187692952942481 -0.115094437884444
-0.183782194687182 -0.374714843684418 -0.142210381536623 -0.0749079315402065
-0.335479000886561 -0.256596502220301 -0.0214917682845386 0.0155769401450212
-0.387654129721537 -0.0643320251148252 0.0441572635837079 0.0609278704073639
-0.298456606680734 0.131838230007059 0.156701385696177 -0.0203176315436539
-0.203230745440602 0.218094502020574 0.168347878680525 -0.113033924757719
-0.104902028683693 0.298388789049864 0.122643958586295 -0.174585625743335
-0.0358973437753037 0.287703300178881 0.0686315375645405 -0.164040502026523
-0.0345668139633288 0.311828181237158 0.0548305742890654 -0.164320022049308
-0.13274024343876 0.278646401883664 0.079427506898946 -0.117782245162362
-0.20812168237894 0.238976313319559 0.0781624625481536 -0.0401160014896894
-0.36808287735409 0.139581730015435 -0.0308627455528113 0.0196588785071449
-0.407520889178447 -0.058674558664948 -0.138640253297236 -0.0463146835394573
-0.283390034787184 -0.271382850176076 -0.191542479985456 -0.180066994609842
-0.181510394258673 -0.376977531153854 -0.15226994969431 -0.314065236200822
-0.210536615219919 -0.489429804090988 -0.13766789984605 0.0361625967131572
-0.250817268186285 -0.437886235916366 -0.090403044403651 0.0147082645470704
-0.417731559753313 -0.308101984796122 -0.00405194890353257 0.0431411303479252
-0.486320549351155 -0.0885700228125903 0.028684634747382 0.0794399738945896
-0.385178613730965 0.148857747456029 0.100180061329825 0.0142017522925845
-0.268422605999807 0.261316011847725 0.108046612483258 -0.0288484750047555
-0.15035386259892 0.356445701303238 0.0844978318363131 -0.0656645171025523
-0.058392344390497 0.339361145138764 0.0445512489864876 -0.0489972320404412
-0.0494753191834077 0.364270133977929 0.0315644643115679 -0.0504279756859451
-0.158536704057553 0.328927461298124 0.0527545175994889 -0.0165047671508855
-0.239446230052834 0.281913417599599 0.0480331118164556 0.0287900531367975
-0.418928132867548 0.174850440846368 -0.0365595385801159 0.0670079533005706
-0.476639784862751 -0.0402946533441027 -0.126946384091153 0.00290222755800662
-0.359337310487671 -0.294608744571489 -0.146579283679137 -0.103590192480839
-0.253944222185487 -0.439904664457619 -0.104029748916427 -0.177892216013951
-0.252108122542628 -0.481343393850951 -0.0752290423659783 0.198015616005148
-0.290262295633787 -0.427955911427502 -0.0263716854932069 0.122848353103802
-0.442702679830351 -0.299052794528719 0.0181020721380734 0.0767394829097179
-0.501482733998369 -0.0848693307731273 0.00737531564889304 0.0902740148628982
-0.40105360166876 0.149580381104062 0.0225036367903454 0.0529331550278394
-0.284027778842515 0.26477042629604 0.0261486386138394 0.0659582494419134
-0.1694506546491 0.360144524692139 0.03108643538773 0.0568592673565827
-0.0750326961493231 0.338938631514468 0.0142480310390971 0.0731928129316606
-0.0642165707414381 0.35979118413682 0.00849155672993875 0.0693277358176864
-0.170930497454905 0.321632045693982 0.0244007205239023 0.0880966025119389
-0.244301436073563 0.266755645744883 0.0139504874065699 0.0960323376795746
-0.405216475444067 0.157869719903031 -0.0405343036853965 0.102684515955458
-0.459320864834 -0.0362227783859822 -0.0969872897151537 0.0395219053327029
-0.36216737945238 -0.279113087894491 -0.0695012435420919 -0.0311341332195046
-0.276098437070574 -0.435783501646898 -0.0254921378163562 -0.0327629388135457
-0.256999683645903 -0.396054120652893 -0.00595765465049274 0.340962815363002
-0.283694673793828 -0.333710759023337 0.0424412878179682 0.221840283769555
-0.383638019078341 -0.225165620812201 0.037727165588434 0.105743258955031
-0.414376907618408 -0.0559200272049851 -0.0139444827612678 0.0941604582973534
-0.333795150864298 0.12307045117435 -0.0560013600126173 0.0903502953410535
-0.244087443474487 0.222262387396396 -0.0560490103548537 0.154498638884884
-0.156021961094086 0.307554553106897 -0.0247890611585295 0.172218189200987
-0.0793728608904243 0.286738026632471 -0.0183311321927096 0.184371916379204
-0.0764567883178754 0.300984872822657 -0.0188305147648086 0.173939687727892
-0.168698670476094 0.260052285045659 -0.0131303631216865 0.173385314421939
-0.224339011572952 0.193336356532575 -0.0294508034227637 0.143380066218903
-0.331164187941751 0.0922548843722247 -0.0490284824038512 0.11378887111028
-0.361645577197934 -0.0502463573366224 -0.064989010983983 0.0580530397120159
-0.293228322432512 -0.232890403777745 0.0127433008796655 0.0292940453410244
-0.248624002732788 -0.369505463032147 0.0604456534855275 0.101760941521517
-0.2189825512886 -0.248131712653713 0.0622825836269568 0.437334101508095
-0.219428767065996 -0.180325038309359 0.108364651104841 0.286752196915523
-0.247795177711198 -0.11425748032136 0.0561010210689658 0.121797520794668
-0.248841576227519 -0.0248342919510248 -0.0251287585929194 0.0881067071834123
-0.208107811079554 0.0713448339565634 -0.1128605059004 0.118700775028552
-0.165047891768891 0.141439303355095 -0.116941230697875 0.222041506128611
-0.119514200190595 0.2032369791398 -0.0698818022459291 0.262513326553091
-0.0725068393008636 0.191758055944591 -0.0488061945827182 0.267069935097852
-0.0793782150002355 0.19918915969178 -0.0528135705131238 0.24915770460923
-0.145151250580665 0.160897550457055 -0.0604561490485261 0.222338189595069
-0.173327524540161 0.0943191421663629 -0.0804255918085857 0.15633598362026
-0.21210867548897 0.0151157629687799 -0.06244198471614 0.0974142475930399
-0.2121110906108 -0.0568071030702724 -0.0374331242965627 0.058317625731279
-0.181124303431209 -0.154407386092494 0.0798345327672425 0.0760480041335825
-0.182886802924169 -0.248510234307765 0.133468107890778 0.209676147920444
-0.138657829761074 -0.0643848073794682 0.116834964136352 0.470554722836748
-0.108146220467126 -0.0130582122485918 0.164873853878675 0.309405571933681
-0.0713210358541823 -0.0062139733840469 0.0764708634103902 0.121245795153478
-0.0553962619215096 -0.0087496550706129 -0.0217445396674591 0.0704529541374744
-0.0635338227953669 0.00102705163809372 -0.139702065694409 0.129998785170906
-0.0697683609432081 0.0345652035770705 -0.1472310530783 0.255539340536223
-0.0701442909276676 0.0659531522265391 -0.0952114991249608 0.312209099611185
-0.0558666452154452 0.0671807356635537 -0.0721448523013039 0.308180333762162
-0.0635289298723672 0.0718536741401963 -0.0871229487980163 0.28369328400942
-0.0894823499788181 0.0502762976178958 -0.110680648849244 0.230897575706694
-0.0888984835745916 0.00322214972990633 -0.128271682294599 0.135426297149452
-0.0668786994286841 -0.032820889850789 -0.0717312712141482 0.0611965738135002
-0.0507794585416341 -0.0296281993061506 -0.0136440180368173 0.0493389732574644
-0.0690037145743347 -0.0435937910953566 0.12289426382657 0.111501532843324
-0.103634115092211 -0.0929870689095939 0.183962507829178 0.280500233291592
0.0279178814061649 -0.1298529919198 -0.244336745209866 -0.29068981165089
-0.0249846262495592 -0.122908608236159 -0.196385650823424 -0.146468017268385
-0.097208529578867 -0.0630650978610777 -0.0265854112501952 -0.0180735884009536
-0.0978796519783802 0.020207738608378 0.0639209567573058 -0.00403499036045102
-0.0392886431516478 0.0634964553950603 0.17349428021224 -0.0899441736771627
-0.00933579192535324 0.0585031317797375 0.178840329873495 -0.223187050329259
0.0206132434825456 0.0701544086157551 0.122793046140834 -0.294475974883911
0.0260718865975565 0.0695485352666363 0.0872628758351705 -0.30378129050855
0.0182871442445057 0.0783534550368719 0.0935817622155124 -0.301732397070782
-0.013245740760646 0.0747799903193904 0.124882626890049 -0.243493877513653
-0.0477147432427763 0.0776871703915323 0.129687655821754 -0.132969631654499
-0.112645698479559 0.0425453225873936 0.0149445660785312 -0.0612377566674999
-0.111098190278156 -0.0423940613691458 -0.0819011773924015 -0.120652551621183
-0.0302024506672248 -0.0836486725290661 -0.148809266021987 -0.272828444348785
0.0171672946225123 -0.0761778865524744 -0.117715163403539 -0.462092984551246
-0.0623324552076363 -0.286988984672377 -0.220394592825475 -0.227577389075583
-0.107671286556763 -0.255641808336425 -0.175982085253002 -0.130123461564626
-0.221681210462103 -0.162810575360252 -0.029880152230306 -0.00438693357833984
-0.249464390993599 -0.0194517781642255 0.0560589042726209 0.0346331594801847
-0.171634471575947 0.103928232651296 0.179095896899654 -0.0528849209608818
-0.10799176161669 0.148159070728152 0.190664427646781 -0.178084880744157
-0.0411163079888835 0.195660624842255 0.133740120822992 -0.250789282091322
-0.00479579196930261 0.191295686455831 0.0854449629753666 -0.252174152975261
-0.0134569762078511 0.207683923141853 0.0774812861085447 -0.249590746679593
-0.0853317500234579 0.18559023908039 0.105061424143932 -0.194841421260652
-0.144333760117562 0.160126149698842 0.106009334805589 -0.094399550488477
-0.25875991857109 0.083370424900254 -0.0131501736167297 -0.0249063539277883
-0.273220889713259 -0.0665663809094973 -0.121639746773225 -0.0920317168740023
-0.160538902970308 -0.19961332482636 -0.187166550669984 -0.242211027970094
-0.0823137753033512 -0.245423377811247 -0.152092362642486 -0.411811176627597
-0.141467281708251 -0.411564886831082 -0.183039367837821 -0.115872000123348
-0.180597258003599 -0.37021687656623 -0.139812663200178 -0.0772758041972646
-0.329577103191502 -0.256804669026437 -0.0231957288076428 0.0145883827392723
-0.386750741546421 -0.0646997381057258 0.0438850918677554 0.0624714792428691
-0.298024350307658 0.129209822250786 0.153939348906646 -0.0185745528463033
-0.203080146599901 0.218085260543418 0.166730863769501 -0.112113231042327
-0.102558790452674 0.294734180151418 0.118713577340815 -0.170956409789712
-0.03497559575832 0.285615868045266 0.0711754497734269 -0.162301919786014
-0.0342434122623089 0.307199954034558 0.0549454042492562 -0.160803213537725
-0.132363711609784 0.27745546064935 0.0787420376070857 -0.115643092855057
-0.208839119249575 0.236983027917882 0.0776819383657164 -0.0386161135581023
-0.364836010017546 0.138881624289963 -0.0304480110207453 0.0208448354268341
-0.404546594878282 -0.0595015894913788 -0.137611302558014 -0.0456723766712267
-0.281143068054741 -0.270200944773565 -0.187592839249725 -0.180416739294026
-0.17999285301822 -0.371460589620637 -0.148569711880482 -0.30979422633987
-0.207465179306802 -0.478789498390283 -0.133492828144028 0.0325157500417447
-0.245696022366949 -0.434509085800884 -0.0885506697679017 0.0119846789021617
-0.412388641763994 -0.308407009547328 -0.00515760686554665 0.0426454437591231
-0.484409233433649 -0.0887742726192585 0.0285298244827998 0.0797858821293358
-0.385542031036365 0.146816096896052 0.0980167974859081 0.0157480951177799
-0.268795973609286 0.260833941310248 0.107903808302071 -0.0287506947555238
-0.146405021286195 0.352641046685527 0.080032492313206 -0.0634488612130004
-0.0579994912693798 0.337070756424233 0.0465550198604839 -0.0481513550734676
-0.0490694464410672 0.358532189181184 0.0318850061729493 -0.0481289293218308
-0.157487676095746 0.327677895334653 0.0528727224589014 -0.0159055478733875
-0.240488735575396 0.279612156468438 0.0477127555276839 0.0297210095435357
-0.416616283481118 0.172757006981733 -0.0375971839254915 0.0680330108509311
-0.473326588109257 -0.0398542920289646 -0.125894776737075 0.00416262761050691
-0.356417055401574 -0.293235203154144 -0.14350925674565 -0.104515904059861
-0.252620387655192 -0.435460515163632 -0.102300166233924 -0.17464250372721
-0.249063153671105 -0.474106436688 -0.0732068596813313 0.193135401766935
-0.286651416797819 -0.425288562599888 -0.0253948010536251 0.119635291281789
-0.438671470722007 -0.299398211548076 0.0173695858192879 0.0759734041233911
-0.503232781213754 -0.0842552004462885 0.00808325454772468 0.0907884931068855
-0.400795177692991 0.146537253516538 0.0214752952761997 0.0537413301696369
-0.282754577020097 0.264680955750307 0.0275137613316487 0.0648290672071595
-0.164615789889846 0.357044300862948 0.0269796106359425 0.0574395645497371
-0.073009455853638 0.337122049607548 0.0154817781349355 0.0737952126159743
-0.0627481803833698 0.355307957539291 0.00812233559080939 0.0694374262573659
-0.168868449444388 0.320879092625372 0.0249358780162304 0.0873231829204545
-0.245064426535892 0.262245207587926 0.0134827127530651 0.0966877447325727
-0.40231117780848 0.157390832505633 -0.0412020050174597 0.102866318721144
-0.455178270499767 -0.0373738340180079 -0.0965136987557581 0.041713661223191
-0.359416367520886 -0.277412364941578 -0.0678804567865725 -0.0312116266733208
-0.274700707099363 -0.431244372848988 -0.024346989100138 -0.0307368499978004
-0.253714056490736 -0.39104540884523 -0.00612579297981825 0.334244823425254
-0.279967454190322 -0.333143435610194 0.0421513844504575 0.218275972024395
-0.381444715389116 -0.225754238235946 0.0372565368797916 0.105136478187973
-0.414372527987996 -0.0553188670330539 -0.0130234325316602 0.092574593363221
-0.334183135619369 0.121125599114678 -0.0557701528512194 0.0908239011356117
-0.243783017207548 0.222008348191518 -0.0533980979941746 0.152971681008216
-0.151847272450244 0.304596873622985 -0.0280595791254066 0.171706554669495
-0.0784657317052599 0.285699193356872 -0.017912587392369 0.183943913972287
-0.0763961349058749 0.297399919587964 -0.0196584932544418 0.173021336735717
-0.166744870309811 0.25942447737704 -0.0118922192327526 0.170686832322958
-0.224763632237391 0.191371564184225 -0.0295233072705564 0.142939830474527
-0.329430062796593 0.0917397680044216 -0.0498400951859569 0.113414288154055
-0.357466724524891 -0.0503115525278897 -0.0640932620687231 0.059913706075957
-0.292054919432888 -0.231093436502134 0.0132118961665591 0.0296586369600869
-0.245839814127413 -0.364635115626252 0.0603983288648882 0.102243906727146
-0.217084365827152 -0.24535323542944 0.059984778801026 0.430886477942475
-0.217386726770222 -0.181898554704241 0.106761839169516 0.283794353360425
-0.246940796131999 -0.115628586203663 0.0550243697161356 0.121190539928565
-0.249532474077304 -0.0244418074294022 -0.0246995386297441 0.086096607655455
-0.207900774089963 0.0708525047105853 -0.112122309982489 0.117994370591174
-0.164242284419749 0.140836515054087 -0.114245589421135 0.219678492576915
-0.115712003480252 0.202247167694827 -0.0719907349770294 0.260665556705642
-0.0717249098621367 0.191378452259218 -0.0499663785743039 0.265601100353432
-0.0783889441223657 0.196759563349111 -0.0533034698669837 0.246170703266244
-0.142995449197301 0.160977207851203 -0.0596486935611866 0.218744773671678
-0.173982088814127 0.0938835646163663 -0.0797906524225078 0.154731621109198
-0.210101569766316 0.0155559700472798 -0.0631193627416135 0.0970519367981327
-0.210086595845277 -0.0567434507211888 -0.0373364206030725 0.0606358132878787
-0.181251025808952 -0.152602070981856 0.079922749630877 0.0760343015305734
-0.181931759899613 -0.246417667690918 0.132719440263438 0.209081361018702
-0.137528483603098 -0.0646460404694822 0.113585429080795 0.465034591325833
-0.108337644789905 -0.0143923914357461 0.162580375599703 0.306826722232457
-0.072174505949101 -0.00725221545706402 0.0762102883149932 0.119833187791943
-0.0558095356819774 -0.00786475510853405 -0.0213302469908095 0.0676478555697549
-0.06344092768213 0.00106903827371598 -0.138580661614324 0.1283661182103
-0.0695108152492481 0.033829233800559 -0.145134197268219 0.253231677960216
-0.0680339065309259 0.0669613952044334 -0.0954501742654147 0.308495609932661
-0.0551782594155105 0.0677605541631601 -0.0735013959748326 0.305800057468745
-0.0624914815611613 0.0715002241762197 -0.0876033143891566 0.280644406490392
-0.0875732868837889 0.0509509240239816 -0.109701530800156 0.226692894754366
-0.0887630462773295 0.00370108645651792 -0.127053938472858 0.133671370596722
-0.0663894865412036 -0.0313873212880982 -0.0722851310322845 0.0606438066687934
-0.0510882366354755 -0.0292603597850487 -0.0132457042545942 0.0516827365047394
-0.070275309311657 -0.0429140137784134 0.122138303607719 0.111912390031981
-0.10369474075683 -0.0928039054508732 0.1820328821018 0.278574742441046
0.029073576031024 -0.131006562580394 -0.249768546204276 -0.294397601711574
-0.0247227581722965 -0.124114203076772 -0.200848285950093 -0.149589726761144
-0.0982745734916198 -0.0644194325543289 -0.0279814414085767 -0.0185299206293616
-0.100904960035205 0.0204613969649724 0.0643716458949999 -0.00307725393225465
-0.0407399409483173 0.064379336260168 0.17432709225013 -0.0927119937983008
-0.010121813860669 0.0607602812870456 0.178932873837438 -0.228161158344689
0.0210108783759462 0.0697701599959173 0.122323640663715 -0.299294541207219
0.0276307590572885 0.0700074483785028 0.0898177706387387 -0.310410096381255
0.0186042600536668 0.0789708609487862 0.0941144245834282 -0.306039521188019
-0.0134612509891735 0.0756100422851411 0.125237196275775 -0.247073064878691
-0.0480495951444924 0.0784071865490439 0.130786736883817 -0.13567957837943
-0.115114035928311 0.0433971011165314 0.0159903170552317 -0.0610733498825608
-0.112465723800449 -0.0425128367139624 -0.0841019153458798 -0.123986371717926
-0.0297910244190983 -0.0850483403933932 -0.153243882910081 -0.277952677304122
0.0176833122442923 -0.0769342325892227 -0.119336055564606 -0.46709897679918
-0.0637528601704407 -0.288577814437141 -0.223482550014496 -0.231530544582799
-0.108630935166428 -0.259173138501495 -0.179427351093151 -0.132878763213927
-0.225463932732015 -0.165195569979611 -0.0308982567669289 -0.00446809762970242
-0.256426557635265 -0.0188944712492638 0.0575349291188598 0.0368717517387973
-0.176570730933636 0.10619122076913 0.180651931831727 -0.0543367708334114
-0.11023226847449 0.153660721345006 0.19188784542157 -0.18249836478518
-0.0404991123359179 0.198088709627364 0.132968808020402 -0.253905540765291
-0.00343166456557814 0.194894920002717 0.0885389563678351 -0.257730564294761
-0.0128647710143772 0.210980193682946 0.0788017009070299 -0.253343417243579
-0.0863464793491854 0.19028863532589 0.10513677891049 -0.197565290249145
-0.146903994575335 0.163200886630742 0.107311054071719 -0.0960578469159998
-0.263262781863637 0.0870295398336997 -0.0130639508870207 -0.0240495775185904
-0.278484602323442 -0.0660557303615777 -0.124492456133791 -0.0934243436481821
-0.164173853847821 -0.202724646032907 -0.190806355785985 -0.247325692370575
-0.0847691906040432 -0.248672547647501 -0.156572767929764 -0.417164619200089
-0.145286348375109 -0.414339126549843 -0.185192790585858 -0.119390751159204
-0.182578900224424 -0.374972811487556 -0.141755512429709 -0.0806099777500303
-0.335173675312398 -0.259621533939712 -0.0248658626434725 0.014786335138352
-0.396899123732246 -0.0644688934341252 0.0457055468442698 0.0650334081432678
-0.304443813535341 0.132866121207547 0.155622619843482 -0.0186092607479407
-0.206586019421814 0.226234414799027 0.168866189817279 -0.116146535875155
-0.100754161441907 0.299377436119263 0.117079084329247 -0.171943606342908
-0.0322639189665894 0.290982832109407 0.0744926843992214 -0.166624005081544
-0.0339014843810363 0.312058058606693 0.0564728152980718 -0.162073209662658
-0.133788150349011 0.284668734739892 0.0797730632381619 -0.116925181185198
-0.212830725990492 0.241513750228963 0.0788488783576776 -0.0386561327734752
-0.372219285645658 0.143718319146091 -0.0310492015337473 0.0234471567571073
-0.412027394816203 -0.0580318912181302 -0.140474740705941 -0.0455386993343155
-0.288481424787739 -0.272888756219945 -0.190802513804766 -0.183865230525096
-0.185810049835978 -0.376431063029455 -0.151717304887601 -0.312577545761264
-0.211897060705494 -0.482925289784927 -0.13350073339871 0.0305510651893802
-0.250572905716463 -0.442495960951748 -0.0894212390694393 0.00995469392744684
-0.420708684706729 -0.31300172664158 -0.00592035655798905 0.0433456322320079
-0.498143961250832 -0.0862480449035666 0.0309833778872853 0.0820631324705891
-0.393470057145394 0.151464789601256 0.0991377144585718 0.0165831625109964
-0.272726635749352 0.270071446322431 0.110691426005996 -0.0309335992186096
-0.145428099436517 0.358644655874787 0.0776844991054135 -0.0618202067149793
-0.0559763140661391 0.343932222467229 0.0500059409251702 -0.0496353088415631
-0.0488324159333195 0.365148358939433 0.0333179492351393 -0.0476987609236417
-0.158036819721158 0.336089528581752 0.0539394420229705 -0.0159173744939591
-0.24469319040218 0.28563281808463 0.0486947037033575 0.0311785350067008
-0.423959232916513 0.180297771848719 -0.0380897539733926 0.0713322871916643
-0.482453924760301 -0.0387124510386624 -0.127915640538461 0.00635558037622279
-0.365165053213671 -0.295522039877283 -0.145539165002786 -0.106496501683289
-0.25946339256542 -0.439915603077745 -0.10354262852449 -0.175829352596728
-0.254305826230908 -0.477260894630264 -0.0718380961486752 0.192898580289878
-0.291810984259635 -0.432795731227516 -0.0239911428425643 0.119135477543987
-0.448429814192077 -0.304870459433901 0.0175353491751428 0.0777435242578155
-0.514779480495799 -0.0810692987359711 0.0100896908286605 0.091773009815921
-0.409350945803258 0.151051861268736 0.0222104966798177 0.0554742037080029
-0.288109758937748 0.273998819420701 0.030174828970944 0.0650776950988634
-0.163237235146636 0.364311699223007 0.0244534221301017 0.0613858025050335
-0.071324559123053 0.344424718220617 0.0182315143417998 0.0745798113820306
-0.0630363252161073 0.360862411240322 0.00934882697492553 0.07226174008892
-0.16969806260894 0.329631892724981 0.0266077911628559 0.0886342707454399
-0.249648453054443 0.2696876283226 0.0145549195486576 0.099614421914348
-0.409231040972284 0.16325703370407 -0.0426267174856653 0.107146456264604
-0.463702533793407 -0.035531779956346 -0.0978113940006473 0.0449728860408952
-0.369050674465219 -0.280592692101622 -0.0685791707966183 -0.0323684416315582
-0.281870136289799 -0.437471490656066 -0.0245736755664587 -0.0301712239035974
-0.261074649854626 -0.392464453508355 -0.00424832797853203 0.337011102664118
-0.286966063445695 -0.339279801883628 0.0452604607681769 0.219712819480133
-0.390975528256183 -0.230050523714252 0.0386172851388775 0.107069917523244
-0.426199660490519 -0.0525451751101679 -0.0120130084084022 0.0941013153013992
-0.340566433065614 0.125909675732131 -0.0558248199091979 0.0933981234632022
-0.247748717833531 0.229317755428918 -0.0512135497523954 0.155159088397424
-0.15000630365931 0.311577770771071 -0.0302247340434094 0.17737863180732
-0.0761192770194711 0.292727282689625 -0.0167949462125573 0.187647617505957
-0.0757221307678531 0.302313491747446 -0.0191549920255088 0.177069011648944
-0.167624700403635 0.266816075229451 -0.0107943399030718 0.173421685170126
-0.229165031651818 0.195861979535271 -0.0296934167192999 0.14644665289265
-0.334710697573394 0.0976471004215587 -0.0511010367551887 0.117563025116831
-0.365321852727481 -0.0504697824040499 -0.0642276596859803 0.0633927572053491
-0.29823050449733 -0.232236869620261 0.0148389011183694 0.0291197188327656
-0.253708215580288 -0.369025849002107 0.0623896643822345 0.104803895945585
-0.22211547115094 -0.246842453983142 0.0619442613316365 0.435221794270851
-0.223482926918331 -0.185340204600759 0.110869313818478 0.287047319195358
-0.254767853093869 -0.1178301706976 0.0574521422763064 0.123189195738348
-0.256335913012964 -0.02246203053759 -0.0240770361069626 0.0865513221544654
-0.211981305217431 0.0729809173955316 -0.112724556304856 0.120820704651145
-0.168011055445579 0.145478008202713 -0.112969162477686 0.223371099070629
-0.114253436257845 0.207305735279774 -0.073618734186823 0.265816488950076
-0.0706171579207561 0.196653445389084 -0.0496273268244777 0.271718143286266
-0.0785599237172918 0.200607835069767 -0.0540961013698176 0.251877485945304
-0.143730472274333 0.166802159817545 -0.0588290789883225 0.221647783670154
-0.177510707842493 0.0971908905595709 -0.0808302971150112 0.158214917910064
-0.214048506129227 0.018536357330081 -0.0653863347571524 0.100201817347183
-0.21482903556939 -0.0566625252354943 -0.0364583940652765 0.0642049897652615
-0.18662982966608 -0.153311357617325 0.0821939887132748 0.076849545509181
-0.18823363633842 -0.24914130229451 0.137195512948592 0.213105963891868
-0.141178255827888 -0.0655183720554009 0.115660625443792 0.471329032007072
-0.11107404516148 -0.0155918542106306 0.167264928531625 0.310903221980011
-0.0756724783826549 -0.00767952317769087 0.0791855285020802 0.121622442847017
-0.0575448032169386 -0.00691681318624692 -0.0216288137711068 0.0675508986891611
-0.0647925013388586 0.00137448678334325 -0.139118842147255 0.131170334986092
-0.0707453881590916 0.0350471172481597 -0.144743214796526 0.257604106748561
-0.0667770407969195 0.0697690415369086 -0.0969224744351756 0.313767359815825
-0.0548110379708485 0.0707281268186603 -0.0749813398497939 0.313698568976136
-0.0625740990412949 0.0735424922183345 -0.0884547234130169 0.286122365933854
-0.0878862015466826 0.0538694579874739 -0.109858221822013 0.229884126873443
-0.0906929499470149 0.00564713316533593 -0.128302735912262 0.136415462030915
-0.0672596165878506 -0.0300471607863268 -0.074305292357051 0.0618732356700357
-0.0535366628944291 -0.028922614515629 -0.0117030945896504 0.0546988106600343
-0.0733008576319566 -0.0424112748769017 0.1251598515675 0.112949849776658
-0.108365786620444 -0.0938453788554556 0.187378508582021 0.283050872303285
0.00890337680327842 -0.131812900762518 -0.265344594160954 -0.281262183393245
-0.0421425070747148 -0.119388035188153 -0.209910298167095 -0.137877705347176
-0.106563137445738 -0.0536629602939281 -0.0237695050085234 -0.0243647564184061
-0.099124963653571 0.0327090460323915 0.0654786128449227 -0.0163894105280859
-0.0339159221240095 0.0655955691148116 0.164295805455159 -0.112484395968511
-0.00615027871032537 0.0585085254623645 0.158441043713637 -0.248289351489087
0.0288196607538323 0.0654892353651655 0.0929072342862677 -0.318471092020524
0.0326519621533664 0.0656143638278152 0.0645878545883817 -0.326555043296035
0.0279268312108789 0.0771616392142161 0.0721749136801274 -0.327733033232735
-0.00503733190477669 0.0796833150447446 0.110007309141351 -0.271427909871726
-0.0395263813373903 0.0857989883703876 0.125197275789073 -0.155500848628106
-0.111075286401813 0.0586029789642239 0.0157009368379642 -0.06946846013711
-0.116255983030397 -0.0329339596711654 -0.0940380361070315 -0.123360188261671
-0.031692625371586 -0.0870544044262825 -0.186644065182375 -0.275705738356513
0.0197977784819386 -0.0825803697939829 -0.159816777862678 -0.475654657208781
-0.102168581478844 -0.276846320459253 -0.221755407243064 -0.226088284133611
-0.141750021902316 -0.244923913242461 -0.177845024531175 -0.129292058547111
-0.247574139914831 -0.138817535787108 -0.0159105540258869 -0.0196448626583444
-0.261808639393024 0.0144471132215804 0.0686963009406328 0.0132221705505154
-0.166094566016456 0.123130265949332 0.171472778124615 -0.0826535920381357
-0.0976239184544588 0.16401283534115 0.172323374849787 -0.209247805745915
-0.0164463723807824 0.204569263246097 0.102741665921108 -0.281294605812074
0.0130837347910659 0.195385943701727 0.0661002364356248 -0.272858923140531
0.0109215754171879 0.21498900437219 0.060845080357952 -0.27109861677687
-0.0671289760188205 0.205280787854406 0.0936424063156774 -0.220178077147617
-0.131152048208702 0.182230122346368 0.104977357476705 -0.114927397920278
-0.259293936322011 0.119215545691499 -0.00879124652492865 -0.0307136860749493
-0.289473674702506 -0.0415509827108563 -0.12676198322194 -0.0887368266922509
-0.183949944864784 -0.197434998318529 -0.2200624155223 -0.230106793891931
-0.10435633349708 -0.255049659624604 -0.195936601220849 -0.407352749365948
-0.197766769364261 -0.391044743811492 -0.164429592189617 -0.120926717459306
-0.228173832562615 -0.352943815391242 -0.127733681970266 -0.0831943396772104
-0.371190151264662 -0.221027215882179 0.00176214831630378 -0.00941947092773802
-0.410369201739333 -0.0115797051427929 0.0653250715097525 0.0310051260092988
-0.29304252741736 0.165675778331083 0.146851180193986 -0.0522552200628685
-0.18782744493996 0.248668933893684 0.152065177634618 -0.144435308945769
-0.0657769980632145 0.316655833035135 0.0917500635504986 -0.203300119716708
-0.00682038562705467 0.295930354648988 0.0584347415928312 -0.176984558946438
-0.000124631899932931 0.320369467099407 0.0458130924715054 -0.17345525838866
-0.104939347396072 0.306444391651196 0.0742453375263797 -0.135614724708684
-0.191190587112284 0.268173482397069 0.0799018846834996 -0.0538022293864009
-0.364608568124992 0.189726863175218 -0.0216152290279083 0.0178782040667376
-0.427326324520144 -0.0196447931759574 -0.133125915060269 -0.0367945271424006
-0.322176352276052 -0.258102801390371 -0.210050895223055 -0.15618128269471
-0.223957389181144 -0.380413579614939 -0.183350152208443 -0.28732975134696
-0.27039146248272 -0.450261300658402 -0.0975185558735712 0.0234672173748951
-0.303635963102527 -0.413631311928872 -0.0622225541043809 0.000602179172326275
-0.465413284165535 -0.26568781274532 0.0292451251752497 0.0108788631074522
-0.514334404733059 -0.0204699164398431 0.055556111472876 0.0413631207595669
-0.380220806506587 0.195282111468399 0.0918728755487696 -0.0175678523979518
-0.250078713942724 0.30167110365972 0.0984822613688571 -0.0563561559467747
-0.102323804175297 0.384151383786457 0.0601533248843322 -0.0926660538954418
-0.0243032482616532 0.352493582203558 0.0430582815337964 -0.0549671828781419
-0.00789371261336532 0.375106981263573 0.031734058722427 -0.0523878216474349
-0.124954327179544 0.362197142847391 0.0555310798020656 -0.0284361963230838
-0.220149130663067 0.316666396056717 0.0543757804041043 0.0212104788315482
-0.413091685384312 0.231907273073099 -0.0246326666703457 0.0671423709717554
-0.498821716479015 0.00657417022263744 -0.111943587324054 0.0154993115968842
-0.408131870323713 -0.274629744371914 -0.152252933110524 -0.0739565272333161
-0.308855948869333 -0.441354040701039 -0.122072794897503 -0.141344892510806
-0.308178595246298 -0.440982706177252 -0.024527383251858 0.182392448729356
-0.342300156878152 -0.399282223794222 0.0126608844437259 0.105243783865451
-0.492272570610128 -0.252074917903947 0.056332414932421 0.0410026144078314
-0.532576815769335 -0.0128848613138694 0.0352056555491027 0.0513670476723797
-0.397674838558179 0.198498128485403 0.0165855089140297 0.0274986239281739
-0.265322074751479 0.307663696917543 0.0247713566334314 0.0471308818230748
-0.119243656466907 0.392971195503933 0.016941479802108 0.0366529790547524
-0.0392723121840607 0.354863635610051 0.0208923460425135 0.0759419083905876
-0.0229172818481061 0.373597440116328 0.0172386387665944 0.0748587565124032
-0.136812890825701 0.355487296677795 0.0352166330752501 0.0827883891192104
-0.227829147709516 0.298984943702539 0.0239635619434322 0.0964896609504359
-0.401560726411085 0.213973076235609 -0.0258225858936445 0.105895191594181
-0.480683400412564 0.00974179716777487 -0.077001516505205 0.0542863129488046
-0.410741964362198 -0.256259416441972 -0.0638985597761026 -0.00307406247139901
-0.335577824644307 -0.434921000657283 -0.0276203492511188 0.0060712450305121
-0.302689910930107 -0.357532685042785 0.0473190361776317 0.324234263615261
-0.3239931174082 -0.307490275765636 0.0852971375000448 0.20313660646786
-0.425164590092463 -0.18381675640599 0.0730382195064532 0.0735997803861801
-0.440052763659072 0.00516369990502955 0.00892419800554979 0.0614615944975502
-0.331536490604917 0.167083771528936 -0.0578685300097288 0.0774099757807324
-0.227734457469532 0.261126093031491 -0.0485161943235735 0.147524195481779
-0.111547533585566 0.33909454749924 -0.0260337841768547 0.162032792186233
-0.0487529399983489 0.304477706535224 -0.0046469335512082 0.195336974395606
-0.0427827547281874 0.314661491564917 -0.00373056449534152 0.186680458522175
-0.141850815188723 0.291416747884705 0.00426938160644105 0.175745786332447
-0.213994107956133 0.222777963471595 -0.0171954904325401 0.150816478912684
-0.331958749181327 0.136689462214588 -0.0356462176146489 0.120727303420918
-0.381503360420954 -0.0149818763666646 -0.0442176474584364 0.0727973171116367
-0.334832973539545 -0.212337137946618 0.0272543253394649 0.050721220932219
-0.302066691097809 -0.365184166496847 0.0732303161253058 0.136015075043159
-0.246241500132567 -0.217001303633331 0.110068527938283 0.42362995798653
-0.241080481503747 -0.161266535411431 0.148015296402145 0.270239218724832
-0.272476020312925 -0.0874996469962031 0.0822982319367169 0.0991331868538209
-0.263062134205063 0.0134005202897642 -0.0104473802344557 0.0683590239372041
-0.207151691794088 0.100029869218386 -0.109838817711015 0.118657892077857
-0.153623194408329 0.168552812026391 -0.101970316697101 0.227062391623596
-0.0881036250317103 0.229009140102739 -0.0573719534133698 0.264049386728456
-0.051700256122654 0.207262388751848 -0.0297723197970265 0.284593674919857
-0.0568835239703934 0.213132371701342 -0.0340343097045808 0.267892168715662
-0.128131745172821 0.185827217156093 -0.0421488007138185 0.232443628549336
-0.171296788014927 0.116823162463778 -0.0698185554654309 0.16927616591145
-0.217380483632739 0.0425859042231615 -0.0540471836859337 0.107788584990302
-0.227649110083911 -0.036473454299994 -0.0209535800799553 0.0728966609598526
-0.211854352762625 -0.139467690026919 0.0991401352029494 0.0871465358683705
-0.224471507062568 -0.243992849298732 0.159725831392305 0.234554562838716
-0.143282506145406 -0.0473056989204807 0.151462191933958 0.462218094128586
-0.107354977825539 -0.00384479902099941 0.196119742774738 0.297659237397478
-0.0771125394525313 0.00167831494713794 0.0931981028267344 0.109798003183621
-0.0587235626505262 0.0018354269094505 -0.0155171690986478 0.063858934310363
-0.0655254178096819 0.0114601854364084 -0.131250569331244 0.14082932354671
-0.0669144346879701 0.0470387568934094 -0.126820037641429 0.270433892382126
-0.0575185217438448 0.0829786451609871 -0.0726240290513991 0.322941595809003
-0.0465459957242121 0.0790245229845054 -0.050693094742717 0.329827917922403
-0.0549832904717696 0.0828256069447404 -0.0685807906777626 0.307174723644779
-0.0838279908264165 0.0639852003249156 -0.0953546117833741 0.24820434292554
-0.0922755286858746 0.014771611300203 -0.121481866696959 0.152572550857713
-0.072649008250979 -0.0237508055857748 -0.0704777015543643 0.0721985886798293
-0.0599686826898105 -0.0237939098534026 -0.00356702145167366 0.0614706385553521
-0.0846487545453276 -0.0346255765471769 0.144863476810677 0.112917426326733
-0.128494147485636 -0.0874445502288165 0.21879732032333 0.293063615798497
0.00190258277195386 -0.13440610231166 -0.285771157770312 -0.269697797184784
-0.0480570195926682 -0.119013694168905 -0.222098207408332 -0.127566581012688
-0.111360968747325 -0.0487589415717247 -0.0257903118772955 -0.0233717790608933
-0.0998192324170461 0.0399538633782303 0.0654421432766527 -0.0201447729042907
-0.0314515161685417 0.0694444590686244 0.158969353813046 -0.123447575760543
-0.00277871431138587 0.0616154640744856 0.143573963980887 -0.262091993448328
0.0318809332125807 0.0632606802862613 0.0758409158417531 -0.327215354539012
0.0374276180828912 0.0636196815017695 0.0470057264510902 -0.338834819916852
0.033135956090115 0.0761822090205283 0.0545659595804876 -0.337952657302876
-0.000171747932858773 0.0813293020105811 0.0954602746821883 -0.281495072735359
-0.0351834951512841 0.0889945061529624 0.119330157175094 -0.165532803894265
-0.109643438275238 0.0663349441475427 0.0130505466502576 -0.0708662921701018
-0.119452170027417 -0.0263986994392982 -0.104576645708267 -0.120595254454732
-0.0362678603187268 -0.087239844418654 -0.207320187393778 -0.269582719495394
0.0159430014343045 -0.0855008785885633 -0.190861941187098 -0.473467510358885
-0.119000262537567 -0.273312861978431 -0.237918699414564 -0.218016064994882
-0.157145922610643 -0.240031557108604 -0.189194569202805 -0.12180156363084
-0.260448112023434 -0.12768551278414 -0.0172249930056937 -0.0191752417611977
-0.267073746952018 0.0317859384255333 0.0708368066312769 0.00962319990383026
-0.162746850914118 0.13617342871774 0.168356263731627 -0.0928246803989161
-0.089146860703781 0.175273107193724 0.161695904561704 -0.222998078716966
-0.00439723644052618 0.207797842553751 0.0882629046490334 -0.288680303967597
0.0267285320665505 0.196607205169451 0.0527016123684851 -0.284288104704363
0.0243297138882464 0.217883605889147 0.0463858853212799 -0.279212068967746
-0.0557021053184726 0.213512435292697 0.0825542850485183 -0.228002323781663
-0.124105297522224 0.1933518069278 0.100679465453475 -0.122307509586207
-0.25717300193334 0.138455651305869 -0.00992024359471758 -0.0291299147844619
-0.297996652678318 -0.0246782944422178 -0.135802598139897 -0.0830102891274759
-0.199112544199546 -0.190761061521538 -0.238882827012111 -0.221560051238844
-0.120974052245166 -0.252586999478034 -0.223805739749079 -0.400645838889009
-0.223172769224579 -0.383235519071111 -0.173587955074857 -0.115008018866847
-0.252049150637443 -0.345171240118575 -0.135358178035114 -0.0787696772384987
-0.391999313082419 -0.204686102594472 0.00145035377615573 -0.0102942731209942
-0.420092133168549 0.0141645750677563 0.0687555535509547 0.0280917649540006
-0.289506559284734 0.186876767199675 0.146170427606592 -0.0601207843843347
-0.175265466066198 0.267776037902922 0.146014452314351 -0.156486145448929
-0.0465106343485524 0.324883281875618 0.0808724632266724 -0.207656967845755
0.0131569992363949 0.301311885754755 0.050461556999669 -0.186151124188038
0.0205138857765194 0.325969429878526 0.0380476638346981 -0.179227178222321
-0.0876917561179786 0.319859983661411 0.0669169854311372 -0.141199434037156
-0.180177695259241 0.285502844023697 0.0791395185969136 -0.0586374855291469
-0.360479458468663 0.21635455340687 -0.0201955466201237 0.0211711096836981
-0.437205465701401 0.00600839209237459 -0.138868221191946 -0.0293160018029396
-0.34226246358025 -0.24449206575871 -0.224287531323836 -0.148507110308187
-0.251208553448447 -0.372565198185969 -0.202201239635527 -0.279597501575167
-0.301155502108404 -0.438585243650943 -0.0972424140992509 0.0262758420466904
-0.33223044185079 -0.402493321901007 -0.0634489125835655 0.00122429673548021
-0.489756447727825 -0.240840603664533 0.0314297997047988 0.00858436329555681
-0.528694211325271 0.0126976993639744 0.0597583759676043 0.0385570588148205
-0.376238505028895 0.22316074888965 0.092491352098729 -0.0220722506700238
-0.234675511074013 0.326471443483761 0.0980949843230787 -0.0647885794678262
-0.0792038160414106 0.396002569212751 0.0554513723649213 -0.0920440822359213
-0.000514514317579041 0.359570125927193 0.041702115887654 -0.0604473109679022
0.0153106981732517 0.383092882496744 0.0310565525181444 -0.0548279166582624
-0.10402343417202 0.377449150786782 0.0551211285469688 -0.0313210915688815
-0.207577220697477 0.335893293179895 0.0580783837728462 0.0202650069516565
-0.406684334680895 0.263932014291033 -0.0201338625547004 0.0724349436728036
-0.507827509146042 0.0378748499084928 -0.113717520516948 0.0232890969180842
-0.431845963696934 -0.255798375285612 -0.160948544246305 -0.0680550507656099
-0.342371136878799 -0.429306661238611 -0.130766166793187 -0.135070074667444
-0.339335203947576 -0.426623667459235 -0.0145853085013623 0.182552456285278
-0.372301425381123 -0.386803877949897 0.0188622944703926 0.1028671964542
-0.518500939213153 -0.228612656092717 0.060598761707871 0.0377324878855224
-0.546451866659848 0.022736753067735 0.0401425307498396 0.0489663993775427
-0.394470304895615 0.228103351216293 0.018962909310032 0.0277235596772058
-0.250720061330458 0.333373655197928 0.0301703848563231 0.0444131515175701
-0.0945757509849898 0.405628976864192 0.018973770973754 0.0414068468119688
-0.0154849354596402 0.362936604509112 0.02674723709757 0.0750265196366079
3.28768126863612E-05 0.382178250083104 0.0238406068255795 0.075957462154808
-0.115959076693165 0.3722770154435 0.0412940677228397 0.082511681398132
-0.216600732964615 0.319940180774034 0.0318641274806074 0.0990500304268417
-0.394618305607444 0.245211730298221 -0.0191482156241593 0.11180236058679
-0.489240902709251 0.0401053932287834 -0.0743131951307301 0.0608624875025245
-0.432938031210404 -0.236367548026203 -0.0656339549525243 -0.000746562247552124
-0.370475531613464 -0.421129543150578 -0.0262434549049527 0.00936883259215041
-0.328939955186673 -0.343149749399262 0.0664407290673099 0.323643622013426
-0.34756230810073 -0.295031973388574 0.0989446339495851 0.197929046105909
-0.445625772574688 -0.16183225583079 0.0795089130994568 0.0694894700309286
-0.449574119123283 0.0340574201343384 0.0130788034984891 0.0605080530197273
-0.328843232350015 0.190027575225546 -0.0530470463176629 0.0820510554844894
-0.2159842388721 0.28327924472276 -0.038132774694891 0.15144453240513
-0.0910526334360123 0.35014899921081 -0.0176711819721154 0.171385340536243
-0.0282175999570226 0.312502527866169 0.00765528610490511 0.198533677044727
-0.0232758616564392 0.324147584714826 0.00839536319014144 0.190960125574494
-0.125525339982485 0.307043862632403 0.0148612854459583 0.178451049467431
-0.206797891780248 0.242035226253196 -0.00734964470895125 0.156126218351504
-0.329518351180207 0.160626704895183 -0.0290078128599377 0.127497313021601
-0.390439493595005 0.00864744008195198 -0.0392608871741156 0.0780098897606996
-0.353846772726621 -0.195078041973568 0.0309028698767029 0.0483735081382819
-0.333079579038713 -0.351666215655724 0.0845574721794186 0.134825724476153
-0.263455454368761 -0.204540346675692 0.135078410927956 0.422067412337474
-0.256046031355263 -0.150448344551707 0.166914909006096 0.263927774506312
-0.285389582039969 -0.0717666415509716 0.0908407522359603 0.0950713615638892
-0.269067206725671 0.0312927633788363 -0.00650308358947773 0.0682702099462102
-0.205831522865733 0.114270946366112 -0.103158037773425 0.126768362526754
-0.146628068245138 0.182956400621843 -0.0885569035790435 0.235581837215382
-0.0736647162530754 0.237761563825916 -0.0438193529314129 0.274521372395311
-0.0372994785276253 0.214465351716418 -0.0132988902586016 0.292048147556161
-0.044010584918492 0.221793219549762 -0.0181272663512837 0.275490940017699
-0.11807646818783 0.198611798424899 -0.0287374257929497 0.238576411925003
-0.168595753331265 0.130616819116176 -0.0599210468589821 0.178058162900206
-0.218529535983886 0.0572579156065233 -0.0485141838289643 0.114763436304117
-0.235045176327983 -0.0214724055421794 -0.0149643085869131 0.0762422011878042
-0.224743262246537 -0.128184226211258 0.10629914778995 0.0818067304858143
-0.246033445797061 -0.233674755720905 0.177853251652185 0.229435229817685
-0.148639576975477 -0.0390649826309793 0.179560953689623 0.459683218433943
-0.110756051084303 0.00214719426427495 0.217666473731016 0.288884813536041
-0.0799408788112954 0.00701982499828476 0.102197797280464 0.105165985969699
-0.0600758870993819 0.00593044472429208 -0.0120469019574392 0.0642613941818817
-0.0665132351746542 0.0147785398051569 -0.124298477874954 0.150236369862764
-0.0654337021436553 0.0522949605716339 -0.111676236426958 0.281964958301453
-0.0517532226618778 0.0881267695719837 -0.055577485500307 0.333361472179467
-0.0413821628402629 0.0842876086118569 -0.0324922997315476 0.34000114368276
-0.0494701547444521 0.0880352971535426 -0.0512624935735716 0.317336469193036
-0.0799640364386384 0.0715071906928146 -0.0828294929798131 0.257301114137347
-0.0933876173843962 0.0219336901660202 -0.114291912955082 0.163646968201873
-0.0752430369127329 -0.0187100409814887 -0.0672690568161657 0.0789412834272033
-0.0638184141989083 -0.0191470749077757 0.00231272194962178 0.0641584361625415
-0.0894703245207206 -0.0289920693774751 0.155150188117427 0.105195120874132
-0.138420687986448 -0.0806599652019905 0.242022044500986 0.285302419490722
-0.00659852210519179 -0.132908652290993 -0.298383618370455 -0.246889180218655
-0.0547067602240936 -0.114408092274025 -0.228012452639998 -0.109813995701248
-0.114088166402755 -0.0411818031618729 -0.0260966327004703 -0.022144141224258
-0.0962903789250216 0.0470222711953512 0.063104074194165 -0.0240302426990291
-0.0274118529216137 0.0716246249011294 0.147690915879538 -0.131118650873676
0.00169213568171396 0.0619082102636805 0.122509399046258 -0.267401578917405
0.0349929360066217 0.0602383645192876 0.0546491279835589 -0.327889275004166
0.0410716380838042 0.0592967598586012 0.0242277454627303 -0.339501096920457
0.037504785866794 0.0726071227792454 0.0313692500602293 -0.337360603999841
0.00399730072117388 0.0801029310693905 0.0755852913702492 -0.282920912521978
-0.0294790735207747 0.0900942350245644 0.107501785161398 -0.171926491053324
-0.103424346946185 0.0726020390952092 0.00857196818511698 -0.0702601390904735
-0.119202712746897 -0.0185551624994191 -0.113293097360838 -0.112828240196405
-0.0411259921280682 -0.0845044165978613 -0.22358345759974 -0.25149921786224
0.0107406730227876 -0.0851583435982974 -0.218691030310169 -0.452592098151828
-0.135173383711756 -0.260031234833536 -0.247757456112145 -0.200750223756278
-0.169705893004368 -0.22613299155731 -0.195725168540113 -0.107734246285474
-0.266958016069779 -0.108323853374385 -0.0175426283649593 -0.0190051889399273
-0.262829166384874 0.05183874301948 0.070625610348959 0.00511342338707649
-0.15355801855426 0.146132051968864 0.160337787426617 -0.101298289175556
-0.0752467675327435 0.181488340733218 0.143549983606781 -0.232035861936947
0.00971366323387277 0.204851374952878 0.0694706292694407 -0.28900973666804
0.0404674250178667 0.191138649870083 0.0340846910182719 -0.28564946844593
0.0390987436222376 0.213725160496411 0.0286164346502252 -0.278855361548481
-0.0407142532835732 0.21549450131232 0.0665363661385625 -0.230051071774657
-0.111391953841875 0.20039895536702 0.0924206973807653 -0.127177324941167
-0.245258727610295 0.155508528958184 -0.0108691667946347 -0.0267593166810468
-0.295613530592011 -0.00434634626706561 -0.142383450957881 -0.0727488569581596
-0.209364701409102 -0.175567086233524 -0.251974075680926 -0.203746038289741
-0.136778297929128 -0.240569769041465 -0.246366706489967 -0.378389555856937
-0.243203066167797 -0.359247018839542 -0.17850747069043 -0.105433123254964
-0.271292612667792 -0.323460013597948 -0.140132549316436 -0.0706382401127598
-0.40068974569751 -0.174157816875807 0.00153832101493178 -0.011863652294963
-0.415567375284931 0.045293525645196 0.0701298138831042 0.0231318166322012
-0.275407315740621 0.205181312412225 0.140505626233434 -0.0679094461733274
-0.153834753307502 0.279452553630681 0.133963390458663 -0.165584955954277
-0.0237597046338094 0.322739205635713 0.0678956430954699 -0.205759287499484
0.0345410381342727 0.295080252677472 0.0381750556383906 -0.189390805004499
0.0431333498430881 0.321296102500648 0.0266988639461299 -0.17951560865669
-0.0641107003833599 0.323858083664192 0.0576125420899613 -0.142864363515249
-0.160958361643921 0.295854237337662 0.0759430415673727 -0.061647704409864
-0.341405659604776 0.241258695087962 -0.0174214315833726 0.0247804913674486
-0.433354932497158 0.0342818763326229 -0.140578482324899 -0.0187831520278454
-0.356921372678189 -0.218808544096606 -0.23292495631124 -0.132448383494208
-0.273141163022732 -0.351007470226068 -0.217724071396515 -0.261341525794832
-0.323820891729353 -0.40939381587879 -0.0941893176665169 0.0289752306835145
-0.354449543814244 -0.373828157763913 -0.0637967701695761 0.00272035759688386
-0.502945636104179 -0.204828683140704 0.0326365034787738 0.00468406335749469
-0.524387709071675 0.0523160811876455 0.0622330297868868 0.0331157743420928
-0.359795481317643 0.247056166476986 0.0914715207228025 -0.0264634274112462
-0.209027201718055 0.341651602634063 0.0939297095834124 -0.0725695159275564
-0.0494873245852135 0.395530384152685 0.0502570818622191 -0.0894284102439296
0.0264381443393788 0.354338185169872 0.0374674608991629 -0.0646107559991989
0.0428515937175202 0.377762329754429 0.028447642991734 -0.0560566910597647
-0.0762165240714367 0.381499443554793 0.0531899531593621 -0.0341800564117821
-0.185246639466008 0.347857029034054 0.0608836379341329 0.0178886687819283
-0.383838813042174 0.291664578767774 -0.0131425672365878 0.0751919446153911
-0.501233631270913 0.0720627352947355 -0.111654549133496 0.0318759375783432
-0.443761863246332 -0.22244207249431 -0.164556291423298 -0.0581188975284791
-0.368446189497574 -0.399428989244428 -0.137456764244879 -0.123137412257726
-0.361605493218561 -0.394718546032032 -0.00315270052421923 0.177802732941116
-0.393839935051252 -0.358528540391252 0.0245898486779377 0.0970994677280528
-0.530397296631759 -0.190289594805309 0.0641695596489773 0.0317320274301208
-0.5410038881217 0.062372281362378 0.043114672622016 0.0446685703332388
-0.377452315982772 0.252207365034833 0.0227566564665687 0.0266780284919067
-0.222758509555267 0.350914757977205 0.0340997885383836 0.0394554214941145
-0.0639289991926316 0.406988868855409 0.0231873877128459 0.0455058517614647
0.0125424252963197 0.359054091367105 0.031970190271968 0.0706304045825238
0.0284731503329427 0.378382690894768 0.0301997350275256 0.0730561544734856
-0.0885199473918236 0.377880941493359 0.0470958244495376 0.0796761632506061
-0.194785545042425 0.333453981323877 0.0407216767456196 0.0972653866126567
-0.373788055993668 0.271253074267112 -0.00964110646406003 0.114433523772922
-0.482646112169142 0.0734860826115168 -0.0693380534015556 0.0667007245721084
-0.445504034944463 -0.204674833132625 -0.0665876584633237 0.00250878205529411
-0.398171599360061 -0.38826652784628 -0.0237447588389942 0.01267689427963
-0.345317744235691 -0.31366205272467 0.0834056964781922 0.311868591903004
-0.365038949189292 -0.269602758118987 0.110356199307568 0.18596198807037
-0.45662044649677 -0.128045051580689 0.085269542015956 0.0615988021494956
-0.44487129260967 0.0670901107926788 0.0178938090053238 0.0577246182941019
-0.314343402371486 0.210854446807661 -0.0452939611277269 0.0844538217470896
-0.193480028025722 0.297329202240816 -0.0262605509005232 0.149598454602459
-0.0639933674905961 0.352151358172818 -0.00445131021301992 0.174780069338354
-0.00403903216818732 0.309878574241914 0.0205809098356501 0.195026483590471
0.00101798520530225 0.322764848886742 0.0221139722184055 0.187909219934483
-0.100838617470059 0.313445331920106 0.0274618330389016 0.175538515957924
-0.189599282860264 0.254539480820959 0.0052892120511517 0.156693196490461
-0.315147444001398 0.182964079025619 -0.0183359071405267 0.130207886597217
-0.386078816254304 0.036506060462271 -0.0329698330972883 0.0808917982012516
-0.363077762144147 -0.1688542026415 0.0328094011256117 0.044580206364107
-0.354974526653961 -0.322498511014034 0.0940064823112038 0.128035444101946
-0.272901044367934 -0.182337236510603 0.157606346903612 0.40527090140774
-0.263968075487668 -0.132362118978183 0.181763001623424 0.246930969301199
-0.28987778506959 -0.0506354308616157 0.0977368546552247 0.0865119027792643
-0.265411014526714 0.0506049799204161 -0.0015859533859185 0.0664398920624216
-0.196932029841312 0.127052918569206 -0.0923466308865457 0.130965450699185
-0.131986568764809 0.192530080526915 -0.0700872597683088 0.236029405710185
-0.0546418308216562 0.239736216380144 -0.0249455053085082 0.277357730973422
-0.0200994650165969 0.214258611047364 0.00657089856722614 0.289618963795051
-0.0263117129781973 0.222665495125577 0.00130322527421932 0.273437560312429
-0.101179197212774 0.205331237312785 -0.0119297107742095 0.237236805848727
-0.158574214874339 0.141980250506208 -0.0461227318768961 0.181207431264122
-0.211767263941374 0.0735588232735213 -0.0395077346900899 0.118691242988853
-0.234900223084658 -0.00387390078560771 -0.00817091136313652 0.0776842498117144
-0.231136960244453 -0.110330272155444 0.110894098486363 0.0718658679037392
-0.262045651313654 -0.211914015859638 0.193120245544121 0.214951818034744
-0.149293993750093 -0.0271258006231636 0.204537578558989 0.440775666118451
-0.110062401588818 0.00866372809632122 0.234101843986872 0.268951449894705
-0.0797114906272075 0.0135350483967564 0.109025424861061 0.0960340646168979
-0.0594419494713819 0.0104391121553415 -0.00801443887078884 0.0624794246729374
-0.0653159110797052 0.018597276878513 -0.111980163825799 0.155391368121923
-0.0617381539812672 0.0567229978512892 -0.0898038878971565 0.284172742055168
-0.0436981292264579 0.0904551979792679 -0.0340580809186241 0.3343315369455
-0.03355031272767 0.0863616845759491 -0.0096790179421116 0.339532211793919
-0.0420932971646977 0.0911307512043543 -0.0285210616247943 0.317840583832877
-0.072656437726544 0.0768738798218745 -0.0644406276683698 0.259764422849872
-0.0910497546993787 0.0290531820311904 -0.101437706461576 0.170316828682485
-0.0749592290958654 -0.0119633870950461 -0.0611193593556879 0.0833358398980152
-0.0655497794705347 -0.0128162268477873 0.00913390319358724 0.0637380774354144
-0.0909859972348201 -0.0218315111531749 0.160059272272872 0.0921493582897563
-0.145095007634035 -0.0691350606786259 0.259801115969688 0.264970594234712
-0.0127908458588955 -0.12812486139742 -0.298972383764138 -0.224380948983522
-0.0571378293892609 -0.107762686835116 -0.225109002791421 -0.0945840625046681
-0.112746028727915 -0.0347594711304181 -0.0259960408280871 -0.0212756826925768
-0.0914958605079055 0.0512134500006728 0.0598101010833097 -0.0256562443445589
-0.0236329520248405 0.0713226716168069 0.135634479300136 -0.132588607765198
0.00513607871083962 0.0605392931067115 0.103993164513502 -0.264540255174576
0.0356711341255096 0.0561117674280005 0.0377695080938614 -0.319003106620051
0.0421369633046036 0.0547012429070588 0.00790433707121334 -0.330368807178039
0.039342691284504 0.0677828646464447 0.0138316449602247 -0.327025159981004
0.0071529905731565 0.0769456532540757 0.0597611438409394 -0.276404647370828
-0.0246432564567074 0.0885382845242701 0.0957940050732596 -0.171986527809278
-0.0961808793865591 0.075502923828482 0.00565288609942903 -0.067967954338647
-0.115405039634715 -0.0126654358719542 -0.116720659615023 -0.102586263263336
-0.0429937449173272 -0.0802245975004731 -0.228859557782861 -0.232037151615638
0.00705245591727035 -0.0830396223121623 -0.232976535362271 -0.42508178717012
-0.141583803791642 -0.242971339528111 -0.248038884882934 -0.183004034890163
-0.173559567752834 -0.21077750153693 -0.194286914342784 -0.0946950569415767
-0.264118119290172 -0.0912560328342141 -0.017525206687245 -0.01918233806601
-0.252167322312166 0.0642320309879111 0.0687872560851034 0.00217453337908392
-0.142045447123485 0.150272789855081 0.150053498309569 -0.104140934576524
-0.0627548966800414 0.180853109063961 0.126632920453304 -0.231833034589459
0.0190659608862976 0.197059334991633 0.0557943919144386 -0.280363124711819
0.049252628121738 0.181632834370022 0.0195451813881288 -0.279958811195796
0.0484561198920562 0.204813189786259 0.0148732847195683 -0.270495373701365
-0.0288589055170334 0.211396902564291 0.0542164929544225 -0.224391236995916
-0.0990517329895842 0.200414008821489 0.0849770095147736 -0.12776575171412
-0.228529623736309 0.16399161580131 -0.0108409503587216 -0.0248778154141869
-0.286747217760415 0.00952958709725811 -0.142789077206511 -0.0620439495309801
-0.210844591602284 -0.160147258615561 -0.255094539868157 -0.184367787542874
-0.144429369526689 -0.225988065538009 -0.255239260131426 -0.351074476927386
-0.250548781048174 -0.333271564480706 -0.177124900736019 -0.0955468734516399
-0.276286669453012 -0.299098695154609 -0.139833823360398 -0.0629548330122255
-0.398551524094303 -0.148354751137566 0.00178180490742115 -0.0134996998294365
-0.400331997831382 0.0673530723952936 0.069762700637783 0.0183538127899963
-0.258024640517974 0.212812606755534 0.134485678411717 -0.0709998293712142
-0.133097618704687 0.280081750969306 0.121427008830586 -0.168767494641736
-0.00641132755928081 0.312786899189886 0.0595431188123729 -0.199352938189911
0.0496995785217265 0.282076788273969 0.0278232471358596 -0.18643535171557
0.0589302322518195 0.308050972315711 0.018685923729156 -0.174772042581939
-0.0452568532499104 0.317061269523168 0.0501289239957069 -0.140204018115558
-0.14341933431782 0.295644724600106 0.0727820076532035 -0.0630524962311811
-0.317748823587484 0.251714831691514 -0.0141322238582197 0.0263463583754109
-0.418295250497283 0.0557846588759706 -0.138485702788558 -0.00972515694865682
-0.356145873480238 -0.195279753978399 -0.233074938966856 -0.116581426354924
-0.282821808391527 -0.324435706449188 -0.220613375385976 -0.239030985138394
-0.330471394333399 -0.377026663208541 -0.0906249953683357 0.0292647387691719
-0.358475308240278 -0.346161313024366 -0.0632671452711564 0.004093751476495
-0.496985691802475 -0.171483517037176 0.0328687103047169 0.000354553801314838
-0.50617994627278 0.0783190948478451 0.0624449483404634 0.0286855935314892
-0.338139851692898 0.257121011304636 0.0894145054232251 -0.0299808861146772
-0.183095982711158 0.344037907490521 0.0876426791116321 -0.0774938516455194
-0.0280823213699212 0.384097088057885 0.0485900986483608 -0.0846715726226161
0.0448916479574809 0.339489371702917 0.0328238021772943 -0.0657173685047018
0.0618156504068069 0.362487394301415 0.0258403608038292 -0.0558555956820668
-0.0528861436177583 0.374403475686088 0.0508676285637572 -0.0345963676692371
-0.162853053699843 0.348539211531651 0.0629641236972545 0.0151877045420918
-0.357899886069081 0.303163026511797 -0.00696398051559406 0.0757107580603604
-0.482773037454239 0.0951215754672096 -0.107083290041976 0.0377867673194809
-0.439467056515854 -0.192802712484124 -0.162944183155044 -0.0487408883435645
-0.376733352283473 -0.365973411032994 -0.136500637455791 -0.110883239216142
-0.364560571606878 -0.359512760109768 0.00305889379713644 0.168963832891355
-0.397349027815576 -0.327987603370468 0.0266571578162048 0.0906716331606984
-0.525459240074697 -0.154640183112768 0.0652875371674504 0.0246009503802932
-0.521835859065464 0.0917597170076059 0.0442715424727699 0.0398549562697092
-0.354245851439329 0.26321041876166 0.0253267753681609 0.0247941841895342
-0.197484240519408 0.352212949398749 0.0364934189503101 0.0336150613459512
-0.0401760532665906 0.395141055329661 0.0281174189265008 0.0471603334126449
0.0314628410216988 0.344595991202697 0.0334863279549897 0.066013741773612
0.0483102125814545 0.363583886358509 0.0333478601096063 0.0686527868777319
-0.0652555409240511 0.370673536652179 0.0505471336093163 0.0748234764180718
-0.173753269697822 0.333633198452049 0.0474021308352729 0.0932467837040391
-0.347580881844535 0.28337116944727 -0.00202840969253591 0.113340538039847
-0.464872691802176 0.0959998411863974 -0.0637320018431328 0.0692529003612702
-0.440978045204388 -0.173999363718719 -0.0648616085281452 0.00479647910548324
-0.404869956175949 -0.35183032393168 -0.020373577807946 0.0137876479405334
-0.346236636031748 -0.284219561685975 0.0932325172967166 0.294908143980593
-0.367403218471724 -0.243287338487919 0.114371200253631 0.172817058258004
-0.448926548126413 -0.101707259938281 0.0868042921996978 0.0538179259040282
-0.429456248366837 0.0894551668114373 0.0204926265302271 0.0536595205909444
-0.297257231293369 0.220302758526392 -0.03761452373602 0.0829455727745969
-0.170955842134937 0.298892673102476 -0.0167598265590127 0.143591914115134
-0.0434585987854774 0.34235741725999 0.00670396840752538 0.174006924645137
0.0135597017741032 0.298587999911456 0.0284661645221779 0.187603293437019
0.0190548039477974 0.31187415597317 0.0313704734098561 0.180173857043083
-0.0804424893374525 0.308752051237125 0.0355497720195263 0.168896995534706
-0.172133921827541 0.257915618611711 0.0160676477638012 0.152118240936027
-0.294924685776167 0.194792385771247 -0.00959691163282151 0.128548332356197
-0.372229859372785 0.0559704263791386 -0.0265870549271433 0.0810400532806988
-0.359838145743454 -0.144327550900492 0.033105287314747 0.0401087137689342
-0.361262573749739 -0.292123956875813 0.0990162718901135 0.119785273342872
-0.270805970730355 -0.162006207660376 0.168388318102029 0.38383563378739
-0.262700149357227 -0.115881887499067 0.186839688720394 0.227366110721486
-0.285131482751948 -0.0336601640872516 0.0997871416665366 0.0771873523156394
-0.255314650704094 0.063997878141373 0.00121780164430377 0.0625768235345159
-0.187256228407759 0.13272421719692 -0.0822080306435953 0.130059184134101
-0.117625610954548 0.194689206277792 -0.0549512422860426 0.229519380319426
-0.0393191577772126 0.233803676482149 -0.00951014245344995 0.273054276123101
-0.00672512999282869 0.207052417297205 0.0191173472748253 0.280381433681902
-0.0126562336196319 0.216220892721726 0.0152117805485605 0.263814944360486
-0.0859398253516592 0.204613133753476 4.83911113007776E-05 0.230445777936586
-0.146967855881649 0.147110760283622 -0.0330168397926211 0.178749675569172
-0.200888136529952 0.0824692976858798 -0.0312875117650292 0.11770687322221
-0.227883181439673 0.00997502234293749 -0.00262441960847428 0.07610360184045
-0.229482058039687 -0.0945364405813124 0.109949060405828 0.062890845705116
-0.265495412618763 -0.189170886259538 0.198220819917024 0.197357891696654
-0.145089079816391 -0.0187498947836483 0.214071125786362 0.416358974037767
-0.10690947268585 0.0134669150884805 0.238768865020545 0.247248345593084
-0.0771792741122029 0.0176420235949448 0.111189289165272 0.0859888215629845
-0.0577472736556627 0.0131874744413565 -0.00529358823998115 0.0596438598187615
-0.0639750251399242 0.0204772764500381 -0.101714132852012 0.153699655977357
-0.0571106288201063 0.0585348699654272 -0.0725383635519753 0.278287986190511
-0.0366235177881777 0.0895738374808938 -0.0167065805720023 0.327020845078141
-0.0269638863627403 0.0852186718533795 0.00608707554518158 0.330275654956105
-0.0342369340752744 0.0905501144848044 -0.0124800013433533 0.307910740143646
-0.0648831257751355 0.0782842729319978 -0.0495400831080054 0.254173671816738
-0.0867059330167468 0.0340295148991414 -0.0883659400098145 0.170901621114825
-0.0724529336424284 -0.00733909386751574 -0.0538808436516752 0.0843748335106482
-0.0643541111370326 -0.00730495576801349 0.0134015028774199 0.0615229123317356
-0.0897839241052914 -0.0154370115109001 0.159185585721143 0.0800181093020915
-0.145547111035755 -0.0578027021781383 0.264484846797557 0.242842913259593
-0.0157758197584493 -0.12314457035379 -0.292628273788196 -0.211565611406119
-0.0569506580262024 -0.103479910799537 -0.22016253351524 -0.0858375068881369
-0.110706578114087 -0.0304329608440103 -0.0257171086312716 -0.0223053697915832
-0.0875858902164726 0.052396578311507 0.0576099393626334 -0.0258366480953897
-0.020798674062176 0.0708946373033558 0.127910578167239 -0.130998034045228
0.00680778577256778 0.0599335372635979 0.0927230561390465 -0.258028305890836
0.0351379546606464 0.053411104228413 0.0303875414494908 -0.311116690441103
0.0418643383528784 0.050519284762255 0.00078952417511446 -0.321918478889729
0.0394479403598506 0.0648020810512907 0.0061368717161786 -0.317190716969266
0.00785219633313114 0.0744961304217565 0.05168734207027 -0.26870738389009
-0.0220326884113371 0.0868423124422318 0.0895150139821992 -0.169592781821679
-0.0912560420264945 0.0757390706179971 0.00453521371067244 -0.0650525595145225
-0.112223019053003 -0.0104984294110316 -0.117127966160701 -0.0959732860102632
-0.0432914782279068 -0.0779448540097297 -0.228081213355162 -0.218432364382011
0.00508454503344375 -0.0812687579837126 -0.232671723470775 -0.403562012899325
-0.1422427581551 -0.230470427455982 -0.243596500461237 -0.174398820192586
-0.17223457883 -0.200023435829608 -0.191242366624684 -0.0871172942658473
-0.258662762438542 -0.0814888296392003 -0.0176850706811144 -0.0203983777520123
-0.243407821011997 0.0707239787792915 0.0673202999761539 0.000233240609891365
-0.135504442620546 0.15048009895617 0.144231677916865 -0.104205162126764
-0.055001198046164 0.178275543814791 0.116575779760638 -0.228576853922253
0.0228379798775767 0.190274068694378 0.0503913678959141 -0.273006037446466
0.0520124327365846 0.173930694546637 0.0128076631298966 -0.273616262581732
0.0526104425722063 0.196581081088921 0.00879580127258273 -0.262501893800246
-0.0229594967862928 0.206506393405483 0.0482212353013485 -0.218454644681075
-0.0921926444755825 0.197803409956131 0.0806226648211121 -0.126133166752397
-0.217615897716695 0.165385221717204 -0.00983129314039142 -0.0223049196603943
-0.278651052851151 0.0159222619136771 -0.141405022370661 -0.0557110746519516
-0.207921889473374 -0.150454639457271 -0.252595674803284 -0.172146642592635
-0.145727052045796 -0.215277037913732 -0.252604365906185 -0.332561813180198
-0.248337358633215 -0.314045725397645 -0.173722477909209 -0.0911456732798448
-0.274111572668349 -0.28488987121158 -0.137916412710927 -0.0581743053782264
-0.390859465406585 -0.132153971913145 0.00155565980732298 -0.0157928912582585
-0.387539158227611 0.0776243637107719 0.0683811104344765 0.0161194126860083
-0.246752608681224 0.214836541269311 0.130894469611875 -0.0724690591342627
-0.120406549957967 0.276927177109143 0.113368983222172 -0.168544863691041
0.0015520460636388 0.302720339207208 0.0570858016574863 -0.193248708654294
0.05634763796041 0.2703860868678 0.0225796264347302 -0.183056599948696
0.0654598897032685 0.2962273082756 0.014527662429147 -0.16977768628047
-0.036177738220588 0.31007689656767 0.0468701980458129 -0.136535608082703
-0.133004990375279 0.29278614523683 0.0720379209788803 -0.0630204186995014
-0.301639035451811 0.254088635026094 -0.0112614932751457 0.027087421815267
-0.405378039565139 0.0639931051239714 -0.135950825545275 -0.00484086161506645
-0.349506659741598 -0.180407137059465 -0.23038234050254 -0.108360804868178
-0.283094638110694 -0.305771008949595 -0.217356384454852 -0.224957885333653
-0.324658368098034 -0.355139205343597 -0.0881199157456605 0.028271639104828
-0.355873296066414 -0.327088689585643 -0.0621527526863535 0.0039045150831548
-0.488248871408635 -0.152786125166711 0.0322090036753132 -0.00364614383329543
-0.489667093636834 0.0922643100639425 0.0619420199550673 0.0249627247223599
-0.32451587302272 0.259684761157669 0.0883323526623089 -0.0320496993480409
-0.167869439460288 0.340385608216877 0.0834158553790367 -0.0803869280118183
-0.0166504952624791 0.371792799094867 0.0498135144267359 -0.0811075727174093
0.0532712735038967 0.326487267290467 0.0295987117455561 -0.0654798932542921
0.0704639019926565 0.34979736392522 0.0243446982351453 -0.0551432930121029
-0.0413995054050485 0.365500917802583 0.0499138675041123 -0.034637578244551
-0.149880386279544 0.344904965131962 0.0644424639214842 0.0125185105063711
-0.339605847685297 0.303962809284491 -0.00353892863285497 0.0751522794752096
-0.466517170344987 0.105683992575485 -0.103526497765044 0.0408366752488734
-0.432950671433442 -0.177699228246663 -0.160826704557275 -0.0432607325483193
-0.376534350603245 -0.343760859616011 -0.132900057982645 -0.10239838820114
-0.358697408421705 -0.338888894081147 0.00536067049583961 0.16148325929767
-0.392826173578932 -0.31054511085508 0.0265507214748783 0.0861444650731845
-0.514601628158835 -0.135038562234202 0.0644818451897956 0.0189839289549146
-0.505941773187069 0.104568784096701 0.0446042451636009 0.0360512039977188
-0.339732303661373 0.266745012082845 0.0274541127170551 0.0216386544895185
-0.180490644434659 0.349221969139102 0.0365550693709372 0.0276889945894041
-0.0279302146315416 0.383319697844605 0.0333151012164088 0.0476196190493607
0.0405835446669908 0.332006603964161 0.0331596210383632 0.0631328997502193
0.0574222070689931 0.349911213266851 0.0344203612104426 0.0651398423916555
-0.0526880812856204 0.362165225979259 0.0516455308443816 0.0720594074006486
-0.160702042619515 0.330239730010044 0.0514327925345269 0.0891078567413091
-0.330310132389108 0.285727404271121 0.00354623812165614 0.111072258434798
-0.449815397553069 0.106381188524854 -0.0598467948416288 0.0703378824164751
-0.432500678027083 -0.157776695793902 -0.0640369757761025 0.00562063582107854
-0.403392521655429 -0.329058468401906 -0.017731950442965 0.0150839494506104
-0.339746216216046 -0.265986776573727 0.0951643274096577 0.282554294092155
-0.362318243059166 -0.229340584944893 0.113152215282475 0.163481889601767
-0.440903957116412 -0.0849098673272944 0.0866297761340629 0.046948945631797
-0.416028237680911 0.100052465912329 0.0212970922347011 0.0496355573179553
-0.285548686980996 0.223199967703491 -0.0333865296384624 0.0792241419653181
-0.157069901153486 0.29636930069295 -0.011953008409578 0.135969943882082
-0.0314247345704873 0.332622546797506 0.0145750667710594 0.171129452261012
0.0218405608676696 0.287551495532564 0.0315868198177743 0.181579338246752
0.0280794461428296 0.301026627406917 0.0342212219974652 0.173876435028239
-0.0687910068696393 0.302498818633588 0.0397756545624923 0.1623541828277
-0.161627580431893 0.256828129235202 0.0223873092017702 0.147580001424426
-0.280583721539242 0.198017676909405 -0.00453061959401065 0.126207241758606
-0.360202061503126 0.065661624909102 -0.0231343825201645 0.0799851168948788
-0.351674561483347 -0.130186611904449 0.0318844801947698 0.0369277499849244
-0.359493032139367 -0.271096147726305 0.099773953291181 0.11381355687067
-0.263579545297273 -0.149783539771428 0.168677914465839 0.367092955131531
-0.258993128799336 -0.107583704197162 0.185132989847016 0.215589421172715
-0.278590806973783 -0.0242532594930995 0.0996238349754456 0.0703292776837004
-0.247879748850205 0.0702392917181198 0.00277497344276818 0.0594846191728345
-0.180791666343473 0.134406726991184 -0.075870399406944 0.126182045478261
-0.108529796053754 0.19306761833779 -0.047664975918989 0.222241003294224
-0.0312445642296181 0.226888895797602 -5.97356743143892E-05 0.267915741780315
-0.000224697682466916 0.200512997226827 0.0244389679660119 0.272849926139237
-0.00547143904038675 0.209333486965263 0.0206133760942392 0.255345168757294
-0.0766410665393881 0.200808195970714 0.00624855229410345 0.223273296991535
-0.139096234906573 0.148511719202562 -0.0253300876408804 0.174064926170223
-0.191795997897556 0.0860916472909612 -0.0258525780434744 0.116045236137781
-0.220941446883535 0.0172615637301796 0.000260087275630653 0.0737379147206951
-0.225078165447399 -0.0847254480340427 0.107303175887642 0.0570543289462928
-0.264496497513557 -0.173717780520575 0.197142683847655 0.18682589387668
-0.140078158259853 -0.0144928608579194 0.214656659205176 0.399058012251429
-0.104582612005751 0.0151751102486845 0.236449026507606 0.232050051907673
-0.0750135633389477 0.0194246670046879 0.110178725771268 0.0794629686319985
-0.0561098561122281 0.0144204885634462 -0.00475997279701821 0.0559272782322388
-0.0631591531309216 0.0213995878885409 -0.095000845464783 0.150080103890659
-0.0542716664243625 0.0581477486643996 -0.0638429247479207 0.270010709512539
-0.0321056279806156 0.0874430401151696 -0.00776051254425556 0.319636594160481
-0.0230591663272853 0.083003887345819 0.0127840918629556 0.322027100203292
-0.0301441226113555 0.0885407552895438 -0.0048331603043253 0.299374987617177
-0.0597676668242029 0.0782615946912035 -0.0416370244511042 0.248241258969764
-0.0830189074106445 0.0365116131511858 -0.0797736965873769 0.167992385438734
-0.0699727574150102 -0.00450692409085626 -0.0493259639270195 0.083963607004344
-0.0624512025398482 -0.00347079091801912 0.0163827675322281 0.059286802731905
-0.0882676105712478 -0.0117796246186721 0.155628770011911 0.0726233817637355
-0.144066422921098 -0.0503236943252582 0.262151040780426 0.227947792937181
-0.038798421660306 -0.112467387450928 -0.331438350283397 -0.160191605386252
-0.0743829819284625 -0.0841465300190793 -0.23457539102725 -0.0480449440787063
-0.110511960134975 -0.00520411335921758 -0.0345771379012194 -0.0266067720003879
-0.0707202405780581 0.067578268366966 0.0447470640580471 -0.0419871473424429
-0.00630284367012511 0.0695601681243545 0.096663944081136 -0.15163642395821
0.0156381620607404 0.0546043088913348 0.0384363608806964 -0.268571224617876
0.042071907457362 0.0402272148244121 -0.0308413926201178 -0.306556207771499
0.0474507502259216 0.0388649970725307 -0.0616210292278412 -0.315883741958424
0.0485810231634247 0.051257453356253 -0.0564955753268832 -0.316550178158564
0.0218170155369653 0.0676798979222182 -0.00485363881557372 -0.279850223040801
-0.00339665852485906 0.083385922739298 0.0518353384897857 -0.188168576446418
-0.0712658294364135 0.0878792819491318 -0.0091495580162692 -0.0677881564674885
-0.108294404874535 0.00877467803567103 -0.136269540862863 -0.073707639266818
-0.0565180389861038 -0.07214857695864 -0.271112960411193 -0.162625946191126
-0.0114111109556521 -0.0874641507607782 -0.306316608880923 -0.349143360646736
-0.174336530503812 -0.187602560167667 -0.275992514365069 -0.142990163445778
-0.201660038826349 -0.152453051555738 -0.206529833043662 -0.0631628390094916
-0.259778482613604 -0.0217351014672514 -0.0306404834180938 -0.0393415204636306
-0.212330705552607 0.119246923417229 0.0536780756610377 -0.029547054474192
-0.098552314929085 0.168328458370149 0.108897278081232 -0.131827067126657
-0.0196825594134919 0.179017329489161 0.059883845201884 -0.244302322853393
0.0604214437589596 0.171546327545128 -0.0133936142927841 -0.270629320065029
0.080217530230865 0.154186864753763 -0.0416230465798339 -0.269742578255606
0.086690598633279 0.173979730459639 -0.0432409898736579 -0.265331296230868
0.0179973861187086 0.199523204658735 0.000800357896688067 -0.231821880514856
-0.0494767738776958 0.202519918897551 0.0518279842582809 -0.144848287385337
-0.174538826077728 0.198262703760663 -0.0152125265496299 -0.0255402762635292
-0.260878693897431 0.0665916957241148 -0.151147965473353 -0.035845134079034
-0.231381798116713 -0.10787965121351 -0.275286545276991 -0.11395806486549
-0.185715759744256 -0.184718279476949 -0.299730501954829 -0.272757639181946
-0.287197583076103 -0.246215574875763 -0.190774810518881 -0.0823755947407275
-0.3147318255727 -0.210896297359211 -0.147189855795007 -0.0511343452438699
-0.393623774759892 -0.0425979287787122 -0.0140278966585219 -0.0509791210730906
-0.345164193437577 0.157753449066117 0.0523362024901962 -0.0252742193012267
-0.191476145203534 0.252356025930106 0.0932071117676191 -0.101146731651404
-0.0608402919934214 0.286073063970317 0.0613980904532087 -0.185268408604291
0.0648987387884122 0.282979599818937 -1.97981469868403E-05 -0.193501597943141
0.101109869263986 0.246084406340611 -0.0148569265288053 -0.1831442754059
0.118832107961532 0.266060574285383 -0.0197629226964679 -0.176733725099304
0.0258234120624397 0.302031925113217 0.0145788504459388 -0.152708340978745
-0.0704871512002279 0.300607635171111 0.0555796973837951 -0.0818760491378813
-0.237647954740982 0.299478473035485 -0.00681299557610159 0.0207818011379433
-0.371484693961124 0.137444914323071 -0.13495498438701 0.00814694510502545
-0.374946411964252 -0.106093059630898 -0.232086363514265 -0.0584237458784617
-0.337734488394978 -0.242403752517925 -0.234464190567005 -0.174185741169977
-0.365840394779108 -0.268674141936769 -0.0832717515754941 0.0147770471343078
-0.400994786270283 -0.237258488439709 -0.0604492737550367 -0.00832437744920801
-0.488377511789535 -0.0420775901732535 0.0154877277706016 -0.0518868660478167
-0.437764804963613 0.194634994716104 0.0427821206741709 -0.0225054853253682
-0.255845692789721 0.311880902877323 0.0530667951916316 -0.0549298098096141
-0.0922659117820379 0.355743620311444 0.0439944378709851 -0.0934878899229917
0.0634264104781811 0.352904126671904 0.00895049943087873 -0.0824757984947096
0.108829916908721 0.299122455240756 0.0144649433577631 -0.0692715750004125
0.133502757399165 0.316108622679439 0.0131772970900443 -0.06523164682189
0.0313196011200775 0.357374273515549 0.0384219973475268 -0.0526360526580063
-0.0778334520715758 0.353066384135598 0.0641315567911982 -0.00562435805886654
-0.263326672185633 0.356118834460167 0.0115101219496844 0.0653949536532912
-0.421807436952413 0.190805710206923 -0.0939562601063721 0.0432542890497314
-0.453162248511149 -0.0838533302742298 -0.145991640961542 -0.0129809014946512
-0.436901420120054 -0.255623827287338 -0.120410836970148 -0.07036942235611
-0.395582881254576 -0.249308765757728 0.0352715268240739 0.130009109906774
-0.432624514052369 -0.21378380197875 0.0428873801297471 0.0551786971403173
-0.510985178197822 -0.0201339360622624 0.0495365365176352 -0.03663328946738
-0.451345303195999 0.210255453808155 0.0259137759737248 -0.00929708146611987
-0.270237940861994 0.323164372009229 0.00234987350669524 0.00887872333320193
-0.1018347343552 0.367126692206223 0.0179713145728902 0.0209921114468158
0.0556822031960396 0.366511434125945 0.0159686154931399 0.0462051223866712
0.0991828430058868 0.308017027725835 0.042375889657459 0.0555173156059664
0.121139936052739 0.320443298424468 0.0464908118527356 0.0519283132865185
0.0207472810882471 0.356987167514849 0.0623036474405209 0.0524804270698192
-0.0909291263312793 0.343302003491005 0.0678402793977257 0.0724841586662167
-0.258795289985152 0.334841993206344 0.0255751245785127 0.0998100749942112
-0.403987320491935 0.189739569028506 -0.0435850338840279 0.0634563912992827
-0.449311525371575 -0.0628155516652943 -0.0395377622035432 0.0133548140934748
-0.458626817137506 -0.233235070982927 0.0175752863645913 0.0207781930419406
-0.362959469770843 -0.183203893951844 0.147433749946816 0.238288861915441
-0.386881853225513 -0.144327848167083 0.143229999103423 0.11894810746068
-0.430724987377049 0.0118823155348453 0.0784976603362637 -0.00584475458842987
-0.368219245807239 0.186339920521853 0.00806860618040159 0.015829227211622
-0.227118002875075 0.272127163617274 -0.0420853835907328 0.0793124603952009
-0.0897503988714793 0.31462151821131 -0.00572475427671665 0.136580809950286
0.0432541573832022 0.320012191524526 0.0238151754811679 0.169372727513367
0.0742652165386902 0.270326551627753 0.0638157066443608 0.172623735173775
0.0847488144933606 0.279934427728134 0.0686673159882939 0.160526788708106
-0.00715458932270624 0.302874588945396 0.0702761610172467 0.146541838886915
-0.104727909621746 0.274882209905603 0.0521415737413349 0.137104963230219
-0.229315116714841 0.244199430508927 0.0226304396711334 0.118283677230377
-0.327755610080879 0.134018141997014 -0.0043486984127051 0.0688723951565711
-0.365665679291817 -0.0503526206781656 0.0583265287179619 0.0240853869775899
-0.403819135310709 -0.184047813298776 0.148597966418156 0.093824053478333
-0.271310866435901 -0.0895120104662117 0.236890483429841 0.319346211457767
-0.264753515897081 -0.0506452616667264 0.22393476403093 0.1640885892558
-0.266479056638824 0.0353912167155826 0.100124192136077 0.0289699397097446
-0.216792900122079 0.122115717662046 -0.000461010885730916 0.0407236962992699
-0.145157935412971 0.167346369373782 -0.0663146736057472 0.135470561296345
-0.0634674136388877 0.206598336232841 -0.0172500940966033 0.227315117023311
0.0216935612969056 0.221406967751962 0.0343348763310407 0.264652350042197
0.0372900093410591 0.191275740494497 0.0756962496073697 0.262922243500863
0.0357974009402293 0.200369228603769 0.0714109276336514 0.246128701896188
-0.0342698884928037 0.208338618023708 0.0507346730756089 0.215979423787612
-0.104044587378694 0.168201896987493 0.0118837769513902 0.174954981369847
-0.16652703519717 0.120217066504038 0.000438468526095481 0.115607824917973
-0.205478717443328 0.0619452753632826 0.0189828929702018 0.0643377737000093
-0.233293025154934 -0.0317083247455475 0.130554167723655 0.0285020540837331
-0.290773945734787 -0.108379342077276 0.251061474015944 0.145449193264149
-0.13199851669563 0.0131847552511869 0.288004698221672 0.353815501489271
-0.0943396821469574 0.0332705039172253 0.278383827578813 0.181518554663491
-0.0663259385040773 0.0336789612237017 0.120198793524571 0.0514045100202392
-0.0495745956990137 0.0267081016487686 0.00211702542865045 0.051804515831058
-0.0558680285351817 0.0356169953069068 -0.0702049726409092 0.16405216701157
-0.037612009686687 0.067805121881584 -0.0154515319475651 0.27692176080873
-0.0087095546584492 0.090711323005459 0.0453528662162403 0.314128237917398
-0.0056499090584759 0.0843131320730992 0.0752186007724582 0.312590432537467
-0.0107848182439127 0.0914141122708133 0.0550825723776624 0.296601517637485
-0.0422688991436794 0.0877556962145988 0.0098115897556521 0.253296374999686
-0.0720397661031595 0.0518510031833185 -0.0431713936231209 0.182048070139598
-0.0682974963812789 0.0099229182548649 -0.0295601084801496 0.0930778443093487
-0.0596164010157516 0.0114824540549319 0.031111833821987 0.0529713717489182
-0.0867756260501646 0.0106539851193941 0.173535854234973 0.034503383796277
-0.148754037924051 -0.0128559793976118 0.313340665839442 0.171488726333949
-0.0412539719984584 -0.111363574822814 -0.337160399603862 -0.156461605202811
-0.0756060963750313 -0.0837208675074149 -0.237903531449528 -0.0434371908156443
-0.111192227728022 -0.00168171268636249 -0.0372328503166682 -0.0281037835523331
-0.0695264615618684 0.0705294365069046 0.044086712334664 -0.043525089009401
-0.00385202062485207 0.070982516202609 0.0950872346739301 -0.155422028484304
0.01786868129674 0.0553203074548794 0.0315347525800032 -0.270482932673192
0.0426007887882329 0.0404237004701713 -0.037837081690522 -0.309814618205291
0.0481967171631546 0.0381333366230245 -0.0692964460955125 -0.319854767456111
0.0501330365914796 0.0504607995583716 -0.0631054524404803 -0.319075839003563
0.0231879781744491 0.0682193608050758 -0.0107052888431633 -0.282130963447397
-0.00187949312890063 0.0846632034707104 0.0474771971860455 -0.190981139526494
-0.0696547820686149 0.0900995317864285 -0.0100916769347985 -0.067892074860688
-0.109578422756706 0.0105116421770208 -0.139936669101393 -0.0701379983676221
-0.0585369280929589 -0.0727977796839564 -0.276094488617225 -0.156882796510146
-0.0139395111205921 -0.0883849709631651 -0.313672371808434 -0.345455887756845
-0.177687809662828 -0.183881388214563 -0.281287410433306 -0.140913137290976
-0.205304857786902 -0.149103280802986 -0.209894368036715 -0.0582676163480572
-0.261305733265093 -0.0145502448697737 -0.0339086852413502 -0.0412712158543568
-0.210587739123009 0.126816223375896 0.0526755865721186 -0.031819552882198
-0.0949071234232066 0.174152942226517 0.107731416693364 -0.13670180406062
-0.013534186592429 0.181876162307546 0.0532846594324537 -0.247653294301588
0.0645201294187195 0.171802810455018 -0.0179650077287298 -0.274969280550071
0.0839067517364557 0.152641796405836 -0.0473571890328296 -0.273599681392752
0.0923107149580116 0.172314754658391 -0.0496160193877963 -0.26776728823057
0.0229069867003701 0.202826239029763 -0.00353078114353014 -0.23409454228779
-0.0452908680453735 0.207542534986077 0.0496854210734743 -0.147953651902667
-0.170471883647726 0.204944680168365 -0.015086023660168 -0.0252811084643642
-0.262570618195108 0.0736329590187789 -0.15432149653662 -0.0308619157920753
-0.236278244938291 -0.104238142447057 -0.280997426324521 -0.107790662690655
-0.19226239345725 -0.181565591917985 -0.304555614871546 -0.269410833056811
-0.291645406755263 -0.240441285041908 -0.194779280988697 -0.081030124142479
-0.320540604994857 -0.207502351698829 -0.15048756248171 -0.0483678230643611
-0.39731972901595 -0.0313751905708755 -0.0175012910869734 -0.0537954578130477
-0.343844486637335 0.170344662785551 0.0511706784309144 -0.0281764157258342
-0.187422448744262 0.261534835992332 0.0924081837290622 -0.106769606525465
-0.0529405616738234 0.291036541748845 0.0555687745325543 -0.190416228953874
0.0725954207110102 0.282883385248892 -0.00143588517923862 -0.197394582220975
0.107989657498355 0.244274889997142 -0.0191660202640021 -0.186209214113809
0.127390384502003 0.265398166983319 -0.0227680652655146 -0.178478705968702
0.0340994949726901 0.30550465048904 0.0126965527653858 -0.15433942512012
-0.0639581334822387 0.307027890301526 0.0560580444374299 -0.0852289482952135
-0.231086041564677 0.309392242163332 -0.00550677859964345 0.0213423673089474
-0.373755861188448 0.14957654342929 -0.136822699314211 0.0135650702627025
-0.381152811758108 -0.0985927458213485 -0.237019940656802 -0.0526624427525818
-0.347810024367108 -0.2351784760054 -0.236869579070683 -0.169809146218816
-0.37055965030414 -0.263731336134202 -0.0849615378852212 0.0144632600135156
-0.409264907383708 -0.230312349863518 -0.0618316157541986 -0.00724735552921948
-0.494868616641355 -0.0278291504361654 0.0123661609860897 -0.0563695254600307
-0.436250412667631 0.209593709165756 0.0412243800236182 -0.0255614423132049
-0.251615317910984 0.325006351044312 0.0529898426268692 -0.0597587297413689
-0.0832586041945463 0.361810895052336 0.0403072472977661 -0.0987606490813821
0.0728342355315228 0.353548531238484 0.0111138833533757 -0.0851376350761655
0.117034932200715 0.298561625466432 0.0130113589111895 -0.0707942057259494
0.143363114226091 0.313896035370483 0.0120938802172946 -0.0668263432145143
0.0410047668027919 0.360904604580681 0.0389273008648702 -0.0541605901011887
-0.0704108179111143 0.361636493257913 0.0672500731629481 -0.009196846516992
-0.255252728735044 0.366872002145676 0.0142000741909179 0.0659030094176553
-0.421713648218982 0.204037816877981 -0.0935203823012123 0.0483810619228907
-0.460581305218343 -0.073117923078471 -0.149311382054081 -0.00894536268525705
-0.446611672946112 -0.24480447496467 -0.120599283357782 -0.0686175087625632
-0.399130876763928 -0.241690989103133 0.0366232841020735 0.128881154895938
-0.441672027444489 -0.206634485421181 0.0440327422721868 0.0538552135001598
-0.516876604753694 -0.00552401866280558 0.0478668384814396 -0.0416810028471108
-0.449203159916635 0.225219570381809 0.024712025603334 -0.0116830414543208
-0.267214742106157 0.33675571206895 0.00248851476739168 0.00615064595437734
-0.0919828008732375 0.375054822663431 0.0162936508833747 0.0173314322415979
0.0667341885972782 0.36676919931082 0.0213579283252058 0.0447208010918238
0.10776132350378 0.306517783651035 0.0440002853054741 0.0557502870669372
0.131618294003077 0.319143279917825 0.0480697764244447 0.051528935947439
0.0298727256769232 0.360413928449417 0.0659186562526553 0.0513857597429486
-0.0831235173171553 0.351400639098399 0.0728709063343006 0.0692336240797222
-0.251270132775041 0.346372576046812 0.0298173689586049 0.100272933778378
-0.403236646425691 0.202576505315586 -0.0420903531296486 0.0666684464611623
-0.453873296690718 -0.0534052618801917 -0.0418976363102026 0.0144865188349386
-0.469854949507629 -0.220195511414396 0.0203008519421115 0.0209729496622154
-0.366475302395224 -0.177481652846015 0.151716617419242 0.236985799560912
-0.394388958727705 -0.136282521644088 0.146245401378031 0.116226214877495
-0.436396143174548 0.0250505357315847 0.0779340217384229 -0.0105339599602733
-0.366560446548124 0.200647519557899 0.00769431318741206 0.0140286373741346
-0.224154619061761 0.283208464016524 -0.0420063668752738 0.0780028943457149
-0.081592655652668 0.320607146085093 -0.00457580657087577 0.13483974195256
0.0521394861145452 0.320506867246349 0.0320663929745807 0.17013359769433
0.0814280852473624 0.268805157412827 0.0691547069345496 0.174040351294305
0.0933943600459979 0.27941220675852 0.0723706449101403 0.160736495625164
0.00160288972325402 0.306414391198506 0.0754340588882852 0.146243559909729
-0.0985457759356318 0.2819933654657 0.0585218744880222 0.134911852706925
-0.224247850727761 0.252711619461463 0.0269565553362584 0.118434951291931
-0.327193494190599 0.145317887360177 -0.00152683861544799 0.0708094244752114
-0.371640368069678 -0.0413916338927716 0.0577103259976781 0.0230819697885491
-0.412004185626423 -0.171974763195393 0.153538072488516 0.0913920782985345
-0.273319355488419 -0.0858104982840858 0.243015343646 0.316880721327812
-0.26993362845541 -0.0453284093725289 0.229316518376785 0.160260620579601
-0.269734440045403 0.0434570884127808 0.101340063532669 0.024537028131982
-0.216313387256381 0.130949194685673 -0.000925977377969476 0.0397219018782788
-0.143879390878742 0.174619004706541 -0.0656734394404098 0.136380276746341
-0.0585267284498804 0.210357300397959 -0.0136141087710583 0.22784573798081
0.0283175248885731 0.221831054735443 0.0435033731700408 0.266521416394867
0.0427485339108201 0.191171628450228 0.0828398881143265 0.266107716757465
0.0420169962116218 0.200498908426903 0.0770341015692922 0.247312659741582
-0.0281974190232576 0.210982552581325 0.0571599644895977 0.216940785333761
-0.100072236906608 0.174241802594331 0.0182613757589193 0.174561590050675
-0.164178361444294 0.126179462600078 0.00447375184272496 0.116382992175255
-0.205278899369919 0.0691637464705386 0.0217290122009973 0.0645253245904919
-0.236130302954585 -0.0254088525648231 0.130291013417593 0.0254966836624511
-0.295516256242133 -0.0993607673200666 0.256868208766387 0.140734885458847
-0.131969381513584 0.0154421584871354 0.296374840201602 0.35175929652185
-0.0956563159189951 0.0357200846394608 0.28385152887322 0.176526881946915
-0.0674902089045605 0.0366971541419616 0.122913620790074 0.0475529201041648
-0.0497907815261467 0.0287899490080069 0.0019270155022006 0.0512154116698447
-0.057164090426474 0.038002937933019 -0.0688945442420599 0.166506354108537
-0.0362904432031801 0.0699977957512892 -0.0101069197829457 0.278658227898232
-0.00541305667623864 0.0908804111675874 0.0547248567684541 0.317484100850202
-0.00300321642358672 0.0844334491500632 0.0838168712183759 0.317133287402049
-0.00785104146321805 0.0919289422399988 0.0626839120575014 0.299681534641407
-0.0394271182868534 0.0895236519721494 0.0162980775656179 0.255565704059929
-0.0707983230862574 0.0552601106686243 -0.0373024228418962 0.18400396077605
-0.068088918307725 0.0120823992225951 -0.0258326532496859 0.0949529458815264
-0.0586726814351336 0.0150030984425742 0.0339558407584059 0.052370548474949
-0.0872924351931171 0.0143467741831454 0.173736790685695 0.0300946089706186
-0.150331725163222 -0.00693575319008683 0.319257263744772 0.165841243877461
-0.0466894180004272 -0.109952106053787 -0.34843323903725 -0.14217016956243
-0.0789921210205964 -0.0815523438831716 -0.242847301187462 -0.0306893074380594
-0.111658653315059 0.00463956837488817 -0.0411661125938489 -0.0279057456213083
-0.0662908696981145 0.076012736925337 0.0415220138884283 -0.0467589429082718
0.000487737226955274 0.0728096721023822 0.0882755100129873 -0.162630724239727
0.0218658270179184 0.0554858672767203 0.0175404878779978 -0.275063212139554
0.0445427665574953 0.0383555518254775 -0.0550282591878112 -0.312695738704527
0.0504352237313442 0.0356890580227219 -0.086682978389705 -0.322996508689342
0.053253807865012 0.0480788712333747 -0.0787525555618655 -0.320407547781883
0.0266563626671888 0.0684276819588449 -0.0245710523699684 -0.284406392955031
0.00246354933006093 0.085879894833081 0.038668801748665 -0.195760499077691
-0.0656348399732264 0.0944692677133988 -0.0132047118391331 -0.0674418665346898
-0.111041468125469 0.0156867759212674 -0.146201431544186 -0.0616967079048048
-0.062853392753418 -0.0719418700905509 -0.286447295958518 -0.14248626309747
-0.0186977125678049 -0.0883074813962091 -0.331838712975566 -0.334694503410331
-0.185965332621097 -0.17681862147569 -0.291711665395735 -0.130070066252595
-0.212369634972703 -0.141421507294524 -0.215445187804909 -0.0477155689473763
-0.263785101599624 0.000465675647561746 -0.0395404764846027 -0.0420797241096848
-0.205512478849705 0.140632268785055 0.0505497548076951 -0.0358401459065363
-0.0869595699932587 0.182394891597691 0.102021964097556 -0.145753519904177
-0.00248759285464824 0.185170240228798 0.0394337277923663 -0.254638462335976
0.0737549953563659 0.169780542421064 -0.0315484168719957 -0.27879632599482
0.0918299044356249 0.149623726795493 -0.062077704106202 -0.276801894422976
0.102779395544823 0.168805835644204 -0.0624046317045773 -0.269445146242833
0.0343612732572297 0.204834452338141 -0.0143596090216364 -0.236884166726907
-0.0350163500476995 0.212874573703658 0.0434077198119345 -0.153585729052167
-0.16111750275633 0.216816424321269 -0.0159814949591075 -0.0248295004490744
-0.263323309684278 0.0885062142433838 -0.15808040829389 -0.0204433763167813
-0.244816922732121 -0.0936782712244512 -0.289652158694933 -0.0934318002026329
-0.204007684931455 -0.171831405429292 -0.318721499327731 -0.256821558877397
-0.302036419696436 -0.227450574578539 -0.201579654989188 -0.0748134625757257
-0.332738773399892 -0.19385589969901 -0.155218709306474 -0.0408249759939057
-0.401966578429722 -0.00819923360974237 -0.0237101083150594 -0.0561008961037123
-0.337823233305099 0.192339115146131 0.0490807395522231 -0.0324276290551555
-0.175670119727937 0.278061700825426 0.0877345769460849 -0.115315801629455
-0.0366790716770111 0.297774011540636 0.0436422320258233 -0.197475847271338
0.0883737971840023 0.282001218115012 -0.00897978262777263 -0.201887005582671
0.121384329854253 0.240556437235436 -0.0285996608142095 -0.189203630484939
0.143034233048081 0.25924501742338 -0.0322137659601971 -0.179791759724273
0.0508610384772418 0.308518793011258 0.00664869867218086 -0.156584240345099
-0.0482353684722788 0.316597182447982 0.0542247672400169 -0.0914335229824539
-0.21661971650959 0.325405771197734 -0.00363481413301737 0.0226244040855565
-0.370699617314625 0.172884229550114 -0.137668455029108 0.0232010329057119
-0.391792046910556 -0.0801790729435532 -0.242734264318795 -0.0394922332333394
-0.364170631075725 -0.215889196143054 -0.24464586359033 -0.160864055358837
-0.384308337133086 -0.24833512412716 -0.0858256179773613 0.0169749719129961
-0.424636000894224 -0.212552329260951 -0.0635265197990298 -0.00458988068471679
-0.50111734485188 0.000723020321540313 0.00693829103387844 -0.0606960800982482
-0.428818320695655 0.236531330570359 0.0389289643019239 -0.0293308056900331
-0.237919962927349 0.346254141076268 0.0494587450937837 -0.0668047288177885
-0.0630074602161521 0.371506717042915 0.0328227685457828 -0.104700831265855
0.0928728106166524 0.353019157345935 0.00961259032121839 -0.0888710121341051
0.133312982146563 0.29421498689102 0.00973873523627062 -0.073103665670489
0.162513610204246 0.308883990965231 0.00903855393610702 -0.0689832175045526
0.061472813475979 0.364004349546473 0.0386972082519988 -0.0570409347743713
-0.0519731065790264 0.37211487334529 0.0695092489297928 -0.0161841488786216
-0.237569349260324 0.385418770812848 0.0184038873671046 0.06556178653244
-0.416801067883825 0.230663035192269 -0.0914307982814838 0.0558819496591569
-0.470928357395287 -0.0501139629774696 -0.152562352735502 0.000119428704631147
-0.464846608213175 -0.219680401522655 -0.122346403202229 -0.0638197074077127
-0.411114572079483 -0.225678795576658 0.0419125025736757 0.127143650849981
-0.456372233909856 -0.186472418276373 0.0468586880308728 0.0516323237552851
-0.523248053767586 0.0251625520701441 0.0443016492225611 -0.0480002497216957
-0.441597059233313 0.255376829053623 0.0227793906551751 -0.0145065779502303
-0.252627085503213 0.358265751482399 0.0015221656504971 0.00250670445959964
-0.0714633796396144 0.385355459257304 0.0134857316947454 0.0140681602847847
0.0864365685223226 0.367097007835151 0.0276088343325684 0.0421070132745872
0.124704071882594 0.302722117093204 0.0484575637723056 0.0547121537796289
0.150374153282282 0.313878556421221 0.0510912726260569 0.0494782311782796
0.0497005653964925 0.363196886424562 0.0710995454364318 0.0482751494025986
-0.063702161034528 0.363090179902458 0.0796958028397849 0.06318403166438
-0.234967640897154 0.365074643695316 0.0364518807444042 0.0992035715121096
-0.398758522555466 0.22942456675068 -0.0379350365625056 0.071340188748874
-0.462584730604229 -0.0281343114818959 -0.0427603613932006 0.0173245602193687
-0.485665942289706 -0.19408058562045 0.0236866229090166 0.0196852022582256
-0.376227051203747 -0.163500979944237 0.163498690981723 0.231118909071548
-0.406821150685841 -0.117409202141403 0.154016754850093 0.109053135946601
-0.440266332027047 0.0507226636230654 0.0769769258025046 -0.0175781899689329
-0.359832567789366 0.22551120710058 0.00715959195300523 0.0124157045974642
-0.212465253060926 0.30220866817578 -0.0397722205789406 0.0788598189455514
-0.0647773284051897 0.329828734301857 -0.000962052215330793 0.134173754414818
0.0697796262171163 0.320596666913163 0.0446613352786703 0.168741225927608
0.0966184040260082 0.266978725059483 0.0803984709431552 0.173710527229319
0.11052379341976 0.275483709664299 0.0815289840276485 0.159201803881107
0.0189978469461851 0.310109480330987 0.0853103222902557 0.143998788583835
-0.083788461861027 0.292349931067979 0.06861106823873 0.130701752880156
-0.212369599232893 0.267997801146607 0.0348126525373726 0.118545873471217
-0.323206679507693 0.167137601380033 0.00352596457676181 0.0726284238987401
-0.376454894596458 -0.0218959092264632 0.0575035282667594 0.0205826708242888
-0.425630627567264 -0.147757908372423 0.160871253013038 0.0843781574709037
-0.278691470694383 -0.0748836990124252 0.260424042267812 0.308330287931568
-0.276544103203702 -0.0314829767301416 0.238851719299149 0.14931642046672
-0.2716882914496 0.0606512215231475 0.103198228028656 0.0171470060331522
-0.212007800398238 0.145823903290102 0.00046138831928385 0.0390783707228246
-0.137446702665683 0.186791608466223 -0.0610832833905806 0.139949461514125
-0.0478085505768889 0.216978027350995 -0.00412257263378481 0.229528787481793
0.0405619960153038 0.222146264405471 0.0610804501391186 0.266971566403485
0.0529522758316367 0.190193635293966 0.0991986862717007 0.267294544826894
0.0535683617819273 0.199126627185595 0.0909242923985748 0.247895842268519
-0.0164292209303637 0.214685022495029 0.0701294573048392 0.21594836935558
-0.0915198018018551 0.182394156917462 0.0290088351136616 0.173719426975453
-0.158049989693279 0.136937053209132 0.0117956918371806 0.1175081716559
-0.202006410726631 0.0828790034091971 0.026254168083014 0.0642625396192096
-0.239765625432324 -0.012548524579182 0.130716079700801 0.0190743951203974
-0.303168712114951 -0.0805042667001567 0.267360287181583 0.129094360502047
-0.132265597673297 0.0208403473351327 0.315718571641172 0.342504758671366
-0.0960562788386932 0.0419159173644245 0.295609418354598 0.162121444354501
-0.0674594158817377 0.0413098343908682 0.126665177279412 0.0403621300240357
-0.0494715848283547 0.0323880847429095 0.00377348680670033 0.0509251810910268
-0.0573482710937497 0.0426105001345008 -0.0634329325951575 0.171947245882741
-0.0332329792141123 0.0733504402926548 0.00257223668561436 0.281439337547091
-0.000437451661325484 0.0911014555620129 0.0730517461523037 0.319607046589443
0.0018881998599502 0.0856744306126987 0.102093009013074 0.318499330273923
-0.0021305868018744 0.092712618053894 0.0797413457772452 0.300772586547163
-0.0345046585919375 0.0925631296393039 0.0301088749585176 0.258086051264662
-0.0674615331560764 0.0595350942317355 -0.0272660447585467 0.186712947344313
-0.0669927753655753 0.0158204448051383 -0.0203027119174753 0.0967694312221261
-0.0577605019199879 0.0199418037999514 0.0391342473289794 0.0512174078804963
-0.0871314608525237 0.0197121699222533 0.174881541441104 0.0212803220639866
-0.152241984107027 0.00289053407359358 0.33157201723863 0.152052569751695
-0.0531343400125279 -0.103691779423009 -0.35263753680976 -0.117135358228083
-0.0812754603780389 -0.0755374079258739 -0.24041122952653 -0.0125496488002802
-0.108044852963372 0.0126760231025668 -0.0452574006371255 -0.0250252184142505
-0.0588990996776692 0.0797495675181068 0.0361135552713864 -0.0489823154944019
0.00656285901094202 0.0716684745425126 0.0742529949315343 -0.167063973588143
0.0267398684478018 0.0531142229541147 -0.00353928266667985 -0.271506397706996
0.0460268734516478 0.0350489405293395 -0.0772313720088414 -0.305426922327595
0.0512989662650867 0.0313414108621374 -0.108945321772617 -0.314017086800648
0.0555579744367894 0.043072679903643 -0.100972141202912 -0.31096832495907
0.0308952576765273 0.0661267602787204 -0.0432725990988202 -0.278600567539563
0.0085776166400451 0.0847203340892647 0.024718515585807 -0.19566213184895
-0.0579578445532331 0.0970471395706865 -0.0180208546465072 -0.0648098138400885
-0.109171182793028 0.0226433856219067 -0.148758713465738 -0.047939425306649
-0.0669994420588645 -0.0672153706654742 -0.290130629890116 -0.119310334833027
-0.0243299830415994 -0.0849479150096102 -0.347317143837147 -0.307182315012333
-0.193589314988299 -0.160405194096931 -0.295819035027916 -0.108971112305892
-0.217016137419969 -0.125060882106168 -0.215195585281834 -0.0315167891004789
-0.257408080214186 0.0206156854152615 -0.0449314531520453 -0.0395237880754306
-0.190269254255308 0.154146680108148 0.0455503404904359 -0.0391986050146472
-0.0712714673538297 0.187518411249422 0.0892173770629973 -0.152806322863049
0.0119405160060269 0.182819786060554 0.0181678742886871 -0.253777415817582
0.0844914511229178 0.162181377161166 -0.0505217762809317 -0.275042819097114
0.100499019941942 0.140127281936224 -0.080865459292564 -0.271007237574209
0.112909418634484 0.157605964978439 -0.0802104328819538 -0.262115944982534
0.0489046273679924 0.199686046910228 -0.0294796697127255 -0.232433854681072
-0.0183223533436328 0.213669559207803 0.0325758106580285 -0.155317815295035
-0.142405543803891 0.225406809114454 -0.0171105749701238 -0.0219265460939284
-0.253801609427793 0.106722448636556 -0.157973693271519 -0.00695671596174365
-0.248220648077191 -0.075294224707122 -0.291108381830708 -0.0705687407971377
-0.212972929569378 -0.152235963170754 -0.329040429938953 -0.230858205209697
-0.311038726762224 -0.20469629365608 -0.203667252922577 -0.0613519012105926
-0.338894912763153 -0.167221868088272 -0.155762761372723 -0.0291266556826053
-0.394170560667949 0.023064038193382 -0.030979604862125 -0.0551890081598124
-0.316225466282119 0.215664327675164 0.0436186803702482 -0.0363772372121752
-0.152102960862689 0.288586102963765 0.076418252602573 -0.122470801910753
-0.0125233641365317 0.295719954488461 0.0259778754590829 -0.198466571092664
0.10697617291938 0.271560484840513 -0.0224822767293266 -0.201062727602607
0.135590518962103 0.227616981310531 -0.0415590156521009 -0.185586364191103
0.160101820892147 0.242942704850533 -0.0443404323590152 -0.175994338175251
0.0730105563742858 0.30100632632395 -0.00255188540760193 -0.155596459658516
-0.0236939262839049 0.317381619041171 0.04765537694842 -0.0964355384545667
-0.188536332721926 0.337080682959516 -0.0011843052454038 0.0226575958381163
-0.352514990585918 0.198092511127035 -0.133722944347789 0.0352905266007662
-0.391389534718234 -0.0506744112452297 -0.242618648731865 -0.021435800458531
-0.372866421523786 -0.183207515760751 -0.249758862079421 -0.142117668419192
-0.391404723836232 -0.219578768836698 -0.0841662967164677 0.0209013133830565
-0.429950728233323 -0.179550312966291 -0.0629011085516909 -0.00106494110731642
-0.49205163995311 0.0391473974593222 -0.000645810750808942 -0.0625401487542604
-0.403328176647355 0.267701711883648 0.0342527849683643 -0.0329152165265763
-0.208699911136845 0.360912078907938 0.0421316338683535 -0.0715395490005087
-0.0335509828110208 0.371714018022923 0.0201950209164991 -0.107034132783406
0.11726242291064 0.340106843157906 0.00510802496327428 -0.0915137616532231
0.151509418305215 0.279339714801441 0.00540667635982947 -0.0732006767890876
0.182443413998978 0.290016091221691 0.00398123033554082 -0.0686230812789135
0.0886075688885476 0.35466925506551 0.035831549566107 -0.0599339830546947
-0.0223864671151685 0.372428626664085 0.0687521253889371 -0.0236023010211673
-0.203144889726613 0.397567076507723 0.0240037096733111 0.0634575619284716
-0.39306275423448 0.259366670786553 -0.0849655099515348 0.0633774910950339
-0.46578862298616 -0.0140244278004846 -0.150566148234802 0.0112947851066096
-0.471046764145811 -0.17867974953579 -0.122581161121934 -0.0552927768031102
-0.417009271999029 -0.195743246856308 0.0486955103972757 0.120563732341493
-0.461492288718124 -0.150662678994853 0.0493574784199276 0.0457215532245624
-0.512023887724552 0.0645345592387903 0.0376852513045862 -0.0525504837302783
-0.414318006177367 0.285333302577757 0.0197455590615751 -0.0173010261245147
-0.222331798179263 0.3749591200952 -0.00060087938002993 0.000175997281794871
-0.0415567695166477 0.385852004763333 0.0108176173802572 0.0112552502365663
0.112074005512385 0.353653805196668 0.032416608082518 0.0371151947401214
0.143186676134145 0.288843072348557 0.0532320105753573 0.0500671363379097
0.171098801616418 0.295052211123292 0.0540271248480332 0.0453894101117852
0.0770791400095579 0.354204229226213 0.0752818287123452 0.0416218640041798
-0.0352169289115554 0.36359238555945 0.0847525540973136 0.0529982605504774
-0.202095887257658 0.375848999714281 0.0441736739394362 0.0951545801639331
-0.374653216398322 0.257744844547821 -0.0308460431039306 0.0739737613765818
-0.45636891434269 0.00700470003216031 -0.0418812225689281 0.0210339740292844
-0.489918512755455 -0.151191670417893 0.0265548448817372 0.0167255916854213
-0.379606900550745 -0.137876297487216 0.17520280857115 0.214936005588222
-0.408897549182054 -0.0866765090353107 0.158719074698518 0.0950184714745454
-0.429711220080703 0.0846180941031169 0.0726273367093896 -0.0255385270592456
-0.33806748091469 0.250256005667321 0.00690131316013384 0.0104344970624681
-0.187314254363363 0.316339085998494 -0.0358260432229877 0.0788737655215644
-0.0389390049746762 0.330433661942363 0.00551096729830842 0.13098964058409
0.0924589796680834 0.30931686686844 0.058310476722801 0.161164062136434
0.113317469562825 0.254859560423914 0.0927278295494068 0.166592896272061
0.129113682037026 0.260814964786264 0.0917834143485992 0.152114976409383
0.0425594575099862 0.303974645449169 0.0958319881042499 0.134075696951677
-0.0599584203341694 0.295194746280161 0.0780862566352975 0.120607593979061
-0.187679614760785 0.279321284451149 0.0440675512472688 0.114094455963878
-0.304389907840834 0.18989906098391 0.0101375507838091 0.0715421353922134
-0.372358242899657 0.00740387872280991 0.0564904704440516 0.0165074057691874
-0.425668872036688 -0.108074102899053 0.16665533857248 0.0707563617244012
-0.278676912738848 -0.0562951764475127 0.275739348636598 0.284156787330631
-0.273995086896109 -0.0115041162029404 0.245038373462962 0.128065184311074
-0.263551696396157 0.0815971384926106 0.10214197004268 0.00799693233868653
-0.198282481569044 0.160847016678652 0.00243252840515206 0.0374887535382132
-0.122457674552205 0.19714334130887 -0.0525074003149225 0.141228213649156
-0.0312239442143877 0.218415006681223 0.00941261335244175 0.225416148391731
0.0565616907897253 0.214376216012185 0.0815196562031049 0.257240724588059
0.065906836866637 0.183496021145533 0.118712834944309 0.257198031066745
0.0674145114063904 0.190661098584667 0.107561539647437 0.237873169593665
0.000499361593598788 0.212763513422604 0.0857625978667961 0.206592993884665
-0.0756048795853959 0.187283898708926 0.042445207707155 0.166546203518488
-0.144366412135057 0.146618704577959 0.0208233819697693 0.114476595339765
-0.191361040661018 0.0979172406538854 0.0322341746191762 0.0614367668442747
-0.235595171276944 0.00627243740397003 0.128101698644472 0.00918793264821077
-0.302427108827238 -0.0538218552041243 0.273016758471227 0.108000805722147
-0.128616326036516 0.0279722269784089 0.331930012541095 0.316370531008533
-0.0924090527433678 0.0485507122268567 0.30106787380718 0.137732798465394
-0.0647700846732501 0.0469486095808343 0.127501843868037 0.0295175295556948
-0.0465584142677427 0.0362909349417877 0.00641056587059973 0.0490804704481398
-0.0542412887338494 0.0476702545540027 -0.0515004235313039 0.173863860785617
-0.0279470264303936 0.0760286564926274 0.0213868665419831 0.276986327840076
0.00641845402653034 0.0889047764983418 0.0958124254732445 0.310105757240272
0.00830636618409946 0.0841267493740491 0.124689636582769 0.309370233814071
0.00488252843341134 0.0911750127921167 0.0999421465439757 0.292041588611797
-0.0260562741351547 0.0928353979535447 0.0485350025376057 0.25155608790393
-0.0613248674929379 0.0640321360868555 -0.0121034362157547 0.18466339180683
-0.0638995857400097 0.0210897789127302 -0.0114953974982805 0.0969400917618705
-0.0538674878816414 0.024826030472008 0.0433905864255574 0.0470143991697093
-0.0837814643099895 0.0264565797143842 0.171924973155447 0.00895972196690469
-0.149003224324803 0.0154978688686444 0.336753048641159 0.126125919036905
-0.0554094878627816 -0.0946383722940659 -0.340152106490145 -0.0913977237576756
-0.0804355995158719 -0.0680788331380008 -0.227588317319225 0.00360916251419998
-0.100631479055636 0.0181523326666587 -0.0469254686696451 -0.0211914221830009
-0.0500015237264426 0.0795024059645196 0.0301165927941297 -0.0484224833140619
0.011101472786059 0.0671454879733227 0.0601462043107172 -0.163187316714691
0.029781769861545 0.0485892783636878 -0.0200832055743172 -0.256807369803708
0.0451374226652991 0.031121158768837 -0.0921434397391232 -0.285073025239638
0.0500544688560199 0.0265248698226821 -0.122953330729564 -0.293889214675239
0.0549116786586436 0.0370848192089491 -0.113215210513318 -0.289385331587592
0.0329149165202665 0.0612366049186978 -0.0567122800793556 -0.261210773305393
0.0132523820250983 0.0800836181537426 0.0114657439268914 -0.187195101025812
-0.049440535106702 0.0951725298056172 -0.0204503961125535 -0.059075052465758
-0.10288286574342 0.0273418932612758 -0.143795312174107 -0.0347391772088101
-0.067079533369867 -0.060167236320606 -0.280106924308712 -0.0949950619469516
-0.0273749956546317 -0.078634099638754 -0.344987922266346 -0.271253519372462
-0.190874181046202 -0.141195369167371 -0.286377258392848 -0.0878646025712934
-0.210472224039651 -0.107002710599159 -0.205176203299362 -0.016070309566537
-0.24084344818226 0.0351621329685417 -0.0481255483709084 -0.0349261014740208
-0.169937898336768 0.158179824264277 0.0390616907424741 -0.0397421529463694
-0.0547771329886683 0.182553910374953 0.0738110582909003 -0.150827481357813
0.0241256749913251 0.172226949685644 -0.000233049639380772 -0.241517695859353
0.0894066088326307 0.149253704876827 -0.0646442457096051 -0.259386630289576
0.102671756443636 0.127163624683699 -0.0935726616225808 -0.254176512043189
0.116509271011843 0.141542228541324 -0.0910703741072092 -0.244805877870399
0.0587649198059926 0.186819497230666 -0.040174764701001 -0.219353238693012
-0.00361433889691676 0.204446290937121 0.0224009488406543 -0.150582257343838
-0.120578703014161 0.221237838667068 -0.0177445458100408 -0.0190339742964751
-0.23459194422319 0.117008577706026 -0.149441999150727 0.00537437402773338
-0.239285864595703 -0.0563201198816933 -0.279087224571393 -0.0491215571627294
-0.208258157741571 -0.129208490705025 -0.323333282390736 -0.202438745729192
-0.304069600830868 -0.176219366132216 -0.197167206373601 -0.0489393764262596
-0.328151488411443 -0.139479073814981 -0.14948289081483 -0.0189101713748913
-0.369067310409106 0.0454045163674754 -0.0359283350577928 -0.0510019511345674
-0.285332272327446 0.224214021753048 0.0373587899737001 -0.0372254708655952
-0.125524571853235 0.284947290880455 0.0632486007918252 -0.121648012236828
0.00680603866856646 0.281568117671785 0.00943847340029292 -0.190139411136739
0.117817580416874 0.250708765067032 -0.032853833334243 -0.191998179968435
0.141371981350556 0.20739782083281 -0.0503145428974168 -0.176015355506127
0.166030833441553 0.218860750677291 -0.0520040228431172 -0.164777351664784
0.0883033577558972 0.28172607567651 -0.00992747103861076 -0.148852556483572
-0.00226782889775712 0.302987491484152 0.0403137057287837 -0.0962415702304099
-0.156995304762284 0.330002149763083 0.000644930170049252 0.0227484289590954
-0.322789024949282 0.211138100905946 -0.123112351660395 0.0432257709379066
-0.373143082728023 -0.022098588156705 -0.230543836369574 -0.00581684800388284
-0.361603203687175 -0.147130265687041 -0.242637913442871 -0.121432648450644
-0.381507153840784 -0.18639934162477 -0.0799609387871092 0.0219777054026993
-0.417224860141784 -0.146430283349058 -0.0595086411921043 0.00165110061210367
-0.461383395745825 0.0693153212665968 -0.00796980145884539 -0.0611331126877455
-0.363877902386964 0.280316950109764 0.028516757629301 -0.0338614495173047
-0.174154886038376 0.357434379808626 0.0332809843821752 -0.0719793571285618
-0.00792695397789477 0.354452014942919 0.00911604993462164 -0.102524346813007
0.131829126451849 0.31490928190347 0.000352350380822952 -0.089975093614385
0.159906952866372 0.256107607435228 0.00125483658311249 -0.0713996694355638
0.189893064014615 0.261736376368968 6.47631325886312E-05 -0.0656873293396208
0.106204243942278 0.330937246169582 0.0325304038015822 -0.060442863033617
0.0017174542990431 0.356238742194167 0.0644331883873031 -0.0296486544715412
-0.168282659711528 0.388065153424666 0.0272017822888101 0.059940169061937
-0.35713681019493 0.272067757300927 -0.0749675124803632 0.0662783193077658
-0.441971507164242 0.0149803198868805 -0.142838999594355 0.0206097230789858
-0.454050421412418 -0.135555862057332 -0.117385526146966 -0.0466984175829834
-0.40482770161676 -0.164025922811198 0.0514556540468177 0.109448465332762
-0.445463713280689 -0.117127246905693 0.0489028945046383 0.0385262090689397
-0.478842140592487 0.0948287186876158 0.0293420101875444 -0.0544055355654056
-0.373753715305275 0.297976698466807 0.0163213188466279 -0.0188078534711616
-0.18670559499366 0.372782280647683 -0.00277867807483125 -0.00168439619731386
-0.0146322207928504 0.368983414656549 0.00674472731185689 0.00974399748760488
0.127901134279739 0.328121312300715 0.0346151875096465 0.0308151026359936
0.152341219411141 0.26507589848845 0.053996186765494 0.0440638372367604
0.17979236955858 0.267079605679897 0.0545009008042264 0.0399298539057439
0.0957114369030622 0.331335286724512 0.0755486170077321 0.0332865684792603
-0.00969016751120602 0.349222421835373 0.0841387640359895 0.0416152566647593
-0.167331032933907 0.369492219899336 0.0482766118284027 0.0878339513252814
-0.338268527554765 0.267944582771636 -0.022998642356421 0.0726972185627308
-0.430186319888855 0.0352773370264224 -0.0390861555487848 0.0234447118402102
-0.468509108547893 -0.108824185301806 0.0279097278090204 0.0130703684015992
-0.366505448134906 -0.111007113575517 0.176034788390394 0.193245565887034
-0.391879627032491 -0.0588028132597289 0.155071391913386 0.0786615176424678
-0.401547696878908 0.109339707567788 0.0658397777410031 -0.0304512618291916
-0.303933655537572 0.260353684023009 0.00612418036209098 0.00776247364146585
-0.157354611530405 0.314751431040584 -0.0309741557533469 0.0754426786189304
-0.0161335134553128 0.315888836480113 0.0095025183072064 0.123805666019447
0.106688798761156 0.286622328385755 0.0670257066736316 0.146851902886798
0.122115141868165 0.235224570479129 0.0997616837103411 0.152140026183299
0.137940601820922 0.237512430386025 0.0969929729764749 0.139321386775296
0.0593290958182031 0.285452040357001 0.1003295044287 0.120390827642082
-0.0375001677231058 0.285021845350528 0.0822909034493702 0.106354967707759
-0.159648752304375 0.27621491407709 0.0490541571130622 0.104972638345567
-0.274411610073322 0.199776018167038 0.0153617125471276 0.0668333928101797
-0.351074141099556 0.0307700014323124 0.0531455806551024 0.0128327417034074
-0.406419598903173 -0.0729699510701386 0.162969004077281 0.0558931526534725
-0.266802292644657 -0.0393641193458213 0.275501440504633 0.253948366282919
-0.261178553338325 0.00521178459759145 0.238510606397799 0.105378928052631
-0.244383385196309 0.0962856847060252 0.0963121078210224 -0.000840709476522831
-0.177033152534811 0.166075297056374 0.00367287364562072 0.0340894786595201
-0.103803690987955 0.196801987622272 -0.0425541624095511 0.136546911248573
-0.0160731316447057 0.210043727048771 0.0204227794784516 0.213165202679449
0.0667557666521594 0.198703641313508 0.0938380363041273 0.238604673292662
0.0732720277782194 0.169610667359842 0.12958023530259 0.237933067748558
0.0761104766596 0.175615408098275 0.116927386331223 0.219912568472188
0.0138552742438151 0.200853697936514 0.0946052027221661 0.190200332809137
-0.0593870746717408 0.18317558688883 0.0510513043275954 0.152905139802839
-0.126797556485214 0.147548680246368 0.0278926014631611 0.106720139960711
-0.173392156982852 0.10588293503244 0.035696864564818 0.055530495740844
-0.221660014798433 0.0209565409159373 0.119918817751849 0.00211974461315582
-0.287337867108357 -0.0298064843209806 0.265568507433926 0.0861390674212792
-0.120849961842761 0.0324494208397507 0.331418928338093 0.282604539714554
-0.0854598583053141 0.0521557622830328 0.292244543395895 0.111815884078065
-0.0590049300394403 0.0506072614822959 0.122486795915889 0.0182815980288609
-0.0419275303230687 0.0384911613929897 0.00824160711938153 0.0451467144713781
-0.0490539104954772 0.0502280526227485 -0.0395998190079146 0.168312303342013
-0.022268688569279 0.0743562206963967 0.0354019595559683 0.260926273218626
0.0120292537833513 0.0830216734716634 0.110888507847694 0.28868190183144
0.0129971928841035 0.0790726786502862 0.138740142528673 0.2871257167594
0.0109441590946437 0.0852413058736429 0.113081974854763 0.272631243716533
-0.0181575281722533 0.0892000633720407 0.0616798142204837 0.234984521764038
-0.0534233714111204 0.0648602776751217 0.000322334014348544 0.174286792128037
-0.0583061564699761 0.0238731186661783 -0.0037802009446381 0.0916618751638655
-0.047445985339052 0.028197759754443 0.0453630215142268 0.0407541155811957
-0.0776990312227398 0.0311937683621315 0.161722153790222 -0.00038732989025474
-0.139551549105888 0.0258626453402215 0.327096149500816 0.10053033674502
-0.0667770587966808 -0.0757320509947762 -0.328695333449782 -0.0340794741008843
-0.082246471221439 -0.0496148033362245 -0.213225846978571 0.0374794207287338
-0.0886324842230657 0.0285687995089459 -0.0559907551795902 -0.0119075937845413
-0.0338437727566911 0.0773103130666699 0.0130472053436359 -0.0457465429106649
0.0164772255355487 0.0568314967449556 0.0302966682522799 -0.156701916382636
0.0311781932538377 0.0407817081799011 -0.0567526887070865 -0.234335907123095
0.0431465445487338 0.0234290616493764 -0.127533535510215 -0.255104313181631
0.0465169560942874 0.0186345276795417 -0.159025637296491 -0.257319305785746
0.0527621180443277 0.0269957119675624 -0.152605103564865 -0.255301751316144
0.0367083495542244 0.0520228346310908 -0.0956635732440906 -0.234910693604005
0.0202500752699006 0.0706240098730525 -0.0190749398630931 -0.175594392683353
-0.0344236813608294 0.093588052796254 -0.0271315402180535 -0.0530273516171758
-0.0930239445476132 0.0359388681339949 -0.139618146662553 -0.00808833910419993
-0.0726642039265021 -0.0497895020718602 -0.26951790437121 -0.0422616609362868
-0.0401174608766425 -0.0717836892349002 -0.352122077486903 -0.203334612302833
-0.194145239386377 -0.103987218198573 -0.285844360116944 -0.0427230374460276
-0.205471050472786 -0.0684310723847276 -0.200096476638458 0.0124227768571709
-0.212070206715749 0.0627211947705511 -0.0692088550654911 -0.026319927417739
-0.12922107374098 0.165864298457648 0.0125678477920575 -0.0393330570898869
-0.0276326045917343 0.171308036010893 0.0389968013425993 -0.14073218954762
0.0417962230268703 0.154688520369811 -0.036724328815161 -0.217994495120114
0.0997491116757776 0.124964047874203 -0.0982531650412059 -0.22956310626527
0.106847609225067 0.104639469073538 -0.125986828250365 -0.223771635711234
0.12372099736941 0.115682863781497 -0.126231952777946 -0.217508306123978
0.0780508686204954 0.165377271757547 -0.0766566315074287 -0.199971834385219
0.0186189869870828 0.187961664218952 -0.00382674935815922 -0.145849431925977
-0.0839938497667549 0.220980686834991 -0.0169162068502651 -0.0184263570207027
-0.20320892228982 0.133773969919399 -0.140489196030336 0.0288941740548342
-0.229713065219091 -0.0222066537873577 -0.259972265744028 -0.00351235993348559
-0.212974536175712 -0.0959047005167404 -0.322656693242078 -0.143731285971105
-0.299132061112984 -0.125129802037713 -0.202981246012429 -0.0235847170490727
-0.315101851469213 -0.0836549010527664 -0.152773076508318 -0.00149036508676759
-0.326899213360343 0.0910989800140037 -0.0698061436846869 -0.0455428081878769
-0.223197257020548 0.24161981142526 0.0017088604866373 -0.0372514395202911
-0.0766398739761247 0.274057182994427 0.0276884999033714 -0.106621537333138
0.0409787928004747 0.258051591906692 -0.0219435808426085 -0.165931806595284
0.139929135008004 0.213136106262316 -0.0591672998791848 -0.165864388155191
0.152549039654826 0.174857254499846 -0.0742088228117593 -0.156148407686866
0.17974718227227 0.180465271070551 -0.0793317936613311 -0.149277238460013
0.11914347343611 0.249256046056236 -0.0392687466111182 -0.139179084214947
0.0315880978067839 0.279846577042399 0.0212673573774965 -0.0997972611923713
-0.103217852682123 0.326878209033034 0.0059943942639711 0.0151761719972305
-0.271963758989066 0.229796743497709 -0.111795862454399 0.0591225622595558
-0.347718545330253 0.0269755148968626 -0.208062825033889 0.0266251167976103
-0.355670497650989 -0.0936335255348112 -0.236713971593077 -0.0826865332028561
-0.36857843052361 -0.125445438267233 -0.088122760613204 0.0209767729747864
-0.395685796633446 -0.078002926823285 -0.0702547030594903 0.00120792477208547
-0.405281169612347 0.122684515957334 -0.0511925655910726 -0.0592697907617692
-0.286292999876065 0.303328973716488 -0.0126799271943881 -0.0328661054152968
-0.110442525418678 0.348947110040549 0.00340998701691466 -0.0512069210757062
0.0380165736256789 0.32643958410521 -0.0106687542436927 -0.0809218283704419
0.162345756134691 0.26966412145913 -0.0143656927942292 -0.071369192185119
0.175997539324149 0.217267966671675 -0.010783267533427 -0.0652647994063517
0.208361299605504 0.215670361196791 -0.0158298007067644 -0.0636636575838592
0.142656429526437 0.293004010729355 0.0130860465278992 -0.0638940585225213
0.042741988900609 0.328444767712561 0.054553055236018 -0.0427496122269458
-0.10486078311178 0.382915691999101 0.0360417665716741 0.0434854251646373
-0.295004686676922 0.290807355330173 -0.0642406429852902 0.0721786386820725
-0.404031983962696 0.0725410878218326 -0.122776664952778 0.0348674367170063
-0.436907727567554 -0.070137840829472 -0.110178257717999 -0.0317398923980294
-0.385187288065724 -0.102984289500291 0.0449347236194027 0.081342956418622
-0.417724113821727 -0.0480622573156443 0.0348804734096164 0.0187775957950149
-0.419345138722685 0.148569439582306 -0.0168779793247497 -0.0583994411137493
-0.292687415431464 0.323083333221056 -0.0228876707766778 -0.0171441333853178
-0.117600101543359 0.365430497823818 -0.0204679876756584 0.0214260148656828
0.0329530050915208 0.342088177138257 0.00379317424340084 0.0248257194956013
0.161383256599702 0.282020873683855 0.0351602277135293 0.0381752857237315
0.171609597749641 0.22666029006885 0.0563219526062684 0.0346973976644663
0.200376628100139 0.22182635912376 0.0522787289093922 0.0272991176444917
0.133740275889159 0.294856030435352 0.0685730213822131 0.0164176534148302
0.0303597898639923 0.323323004019335 0.0838714988834558 0.0201187416352953
-0.107006587519809 0.365252815674005 0.0603991901352554 0.0662512884093289
-0.27636808892128 0.284165368882739 -0.0150162078247176 0.0694317848841311
-0.389129593485828 0.0906616140436149 -0.0283929610167582 0.0207429704014448
-0.444407927232348 -0.0426162796947917 0.0309764970093839 0.00289987539074392
-0.340459932163365 -0.059481846484649 0.175397173004577 0.141403415691484
-0.360675137097223 -0.00450467748194121 0.141147318822821 0.0411020571737042
-0.345837641593582 0.150893124970021 0.0254970209978152 -0.0396863760936989
-0.233639779988864 0.279821178020166 -0.0227971564789197 0.00881244996439714
-0.0982994889690198 0.310207426018167 -0.0317279480533425 0.0934572345574051
0.0272346727886085 0.294145358133602 0.0239137497663067 0.128689080350094
0.136982379428762 0.245918330429182 0.083148486395419 0.1423855002707
0.140634183253116 0.202345786274153 0.114990848701104 0.129795345920682
0.158120020408388 0.200564561322138 0.108122324978011 0.114097872859943
0.0946086603228406 0.256952331230081 0.106283631060672 0.0937952075200557
-0.00172473069168771 0.267883270240325 0.0929672335146724 0.0814809371081899
-0.11120815674147 0.278365782817189 0.0638843904326737 0.0827909786880732
-0.225591855495905 0.215544366059518 0.020586527810636 0.0574337893333074
-0.315313791091693 0.0752421607436728 0.0538696057905593 -0.00200884697607591
-0.381891138716381 -0.0165202717264286 0.160365923460394 0.0256029998317408
-0.240685691137111 -0.00684410969543148 0.281067753149936 0.186263981155904
-0.2332410442719 0.03657045927467 0.227391262476186 0.0567695349572156
-0.206980014579463 0.118903404327638 0.069834480082126 -0.015340103572041
-0.134231769988712 0.176848984957442 -0.00960592495663467 0.0328022719438899
-0.0649432956751716 0.196051017969165 -0.0284270871834422 0.145741643909344
0.0150342203174348 0.195725687740465 0.0477173874093176 0.205709683822827
0.0899181877793252 0.171100356624944 0.122112606204502 0.221313813631312
0.0892924767331428 0.147567434258254 0.155922376843233 0.205138585294257
0.0943928017966452 0.151235043198498 0.141622333023764 0.187446529000968
0.0413712540925671 0.184814953795928 0.113995311131459 0.159831218186983
-0.032971901685038 0.176470608358268 0.0718930294611247 0.130889762896244
-0.0972116131707379 0.154195271853506 0.0444995777540024 0.0901498732703636
-0.143445845568467 0.116993716566524 0.0396979799833211 0.0442792658371754
-0.197901876770707 0.049661927767644 0.111544713656881 -0.0206971876655333
-0.264353835268713 0.00829397477521512 0.258132079648767 0.0399786443602657
-0.0990215678313066 0.0420514919279403 0.34206330564681 0.207762601284768
-0.0678365140247946 0.054785924681497 0.28417656831388 0.0571877553465705
-0.0454034801086315 0.0539571913243381 0.111372310348512 -0.00193338903389619
-0.0312029456526258 0.0419510312985504 0.00962976747958141 0.0402539729831601
-0.0345615515633377 0.0550498371644605 -0.0153134972694822 0.166042493668641
-0.00725886829875112 0.0713496514795253 0.0707593023862775 0.242711997976117
0.024724274149948 0.0728605926932056 0.145718066864491 0.260936102725387
0.0238019556159084 0.0713691597630552 0.172385933321927 0.249412305975895
0.0229729839522559 0.0767824665656787 0.147701671814758 0.237569235017034
-0.00317398942797541 0.0857405493908677 0.0938914976400654 0.208649253176694
-0.0409344139146346 0.0669155551958499 0.0283371928125746 0.160053685984468
-0.0502998916189664 0.0303374916337513 0.012513132265771 0.0836844767249352
-0.0376954556076213 0.0319285453231806 0.0487111559205913 0.0291574660671722
-0.0645121168681665 0.0404196700838884 0.147491170582895 -0.0277418672170252
-0.120642107902221 0.0416183018723404 0.315387758064547 0.0461047438997307
-0.0610386430743498 -0.0724396788523815 -0.309991024339601 -0.0402694420725535
-0.0766157793600588 -0.0503294059445521 -0.200534413413302 0.0323929163340694
-0.0844045573242733 0.0248952736709126 -0.0545783859193623 -0.0113809869739066
-0.0329043508988472 0.072537767257059 0.0119301034628258 -0.0416727948256878
0.0149016407841017 0.0542480965865904 0.0306567089181505 -0.148484677686395
0.029284701852461 0.0387124465678499 -0.0502009401721378 -0.22233639355197
0.040276372267195 0.023798013642546 -0.117900272390341 -0.244025995872118
0.0434585977230834 0.0186457713398225 -0.148418639021813 -0.248567345593789
0.0486392216838524 0.0266338320663814 -0.139699547866931 -0.245515562293723
0.0338484308698183 0.0506808498125064 -0.0851848078411752 -0.225155143677525
0.0176727897826069 0.0672406051583035 -0.0146870323219933 -0.166607629337858
-0.0344864944689879 0.0883351634834262 -0.023238189077653 -0.0494488490991619
-0.0901043135649109 0.032727712145893 -0.130636215193815 -0.00828833063246628
-0.067892325727182 -0.0493255474783122 -0.253239975670197 -0.0445876122564352
-0.036104992660667 -0.0695559046709962 -0.329062459297845 -0.200869566989535
-0.181174769775398 -0.101719527257863 -0.27027205533954 -0.0481342763442122
-0.193256079627972 -0.0707247933548758 -0.18838422397912 0.00841164599011975
-0.201279656623099 0.0559787625365597 -0.0669854991893354 -0.0252553043904315
-0.124469202357035 0.155358562478924 0.0112870716212985 -0.0363303997805953
-0.0281762743808934 0.162674523232452 0.0383680861307208 -0.133161848130286
0.0380476425548782 0.147512146998276 -0.0325349148963845 -0.2056892249093
0.0924739062228467 0.120103378334381 -0.0900580951106798 -0.220403395311615
0.0990383277769605 0.101885409334822 -0.117289173233159 -0.217151632954584
0.114083858166868 0.11115297435977 -0.116192995780394 -0.209506241887364
0.0714150642551767 0.158999196386721 -0.0680757561517662 -0.192527230521835
0.0152161012993694 0.179050121288044 -0.00105037340443301 -0.139064847854519
-0.0832339699672407 0.207822669284767 -0.0142689303962723 -0.0163620643921839
-0.195093418344913 0.124722642330965 -0.132459649197185 0.0262722301815307
-0.216379673878171 -0.0259586147384593 -0.245922402822582 -0.00697371328897661
-0.197238126851734 -0.0942496009343059 -0.301352390944277 -0.144230601795444
-0.280246627108001 -0.123975090334697 -0.193021107468089 -0.0293223955026591
-0.296658805931821 -0.0869206170419206 -0.143996211009159 -0.00493637163077921
-0.308724179647861 0.0800314970464193 -0.0681700201308132 -0.0435079479638559
-0.213532840267575 0.226381181417758 0.00097668123676481 -0.0346894326263353
-0.0762330555393832 0.260776095495635 0.0270851312540726 -0.100779435304555
0.0364086760883683 0.244756104677259 -0.0202834836079962 -0.155988639263578
0.129024240219637 0.204355359951478 -0.0539258004857287 -0.159556972084782
0.141671470535967 0.168633108668479 -0.0684921297981713 -0.151090755643573
0.165995965974439 0.173019976839106 -0.0723004856703844 -0.143227371576511
0.109572826141242 0.238843213683776 -0.0339257976588781 -0.134962140524706
0.0266178901258582 0.266966080125185 0.021538405972665 -0.0962749481835984
-0.103539972779105 0.308431466175549 0.00776887606479514 0.0155632017249437
-0.26196372605482 0.215928180536545 -0.105461795225926 0.055494919778746
-0.328254050708998 0.0188610837407853 -0.197527650559004 0.0226998385812838
-0.331311194029534 -0.0935341284773886 -0.221173199842603 -0.0837449108615939
-0.345668129077623 -0.126960676251179 -0.0861776599079417 0.0166819195220781
-0.373260707720456 -0.0834720492624571 -0.0668263045883055 -0.000924933300372285
-0.383873674038507 0.110242738897263 -0.0503284374280783 -0.0574160931368743
-0.273733491531109 0.284344465335785 -0.0130653880200548 -0.0316274605354012
-0.108614851412933 0.331880275323119 0.00271346290529806 -0.0486736008062716
0.0323788427330735 0.310346975779327 -0.0107751592832503 -0.0753169569987362
0.14954494804318 0.257940751381986 -0.0116393356887068 -0.0699509419324588
0.162953891359668 0.209202806555776 -0.00914188544170008 -0.0636456529719685
0.191983009736327 0.206410693539107 -0.0130148852086041 -0.0606645695275826
0.131411862311508 0.280454702813446 0.0149905744244564 -0.0625450531530555
0.0364323160807175 0.312926510892541 0.0519499687356938 -0.0416692241524729
-0.105713326516042 0.36089872997093 0.0356791806247039 0.0426378140435993
-0.282345407980322 0.272610510447538 -0.0609016170520105 0.0679152788791016
-0.382922380642771 0.0623887431633124 -0.117380988948223 0.0317842838733495
-0.40810864335258 -0.0721625540214721 -0.103087315647851 -0.0336908807701138
-0.362353326850574 -0.106304883656024 0.0387478361773958 0.0772239817557178
-0.395664524749428 -0.0551703564107621 0.0319678127477698 0.0170246520526092
-0.397565783076221 0.135461351737911 -0.0180728673675184 -0.0566796811861147
-0.279252756664815 0.304335911006353 -0.0237419496841737 -0.0176246673736356
-0.116191287339082 0.346527914000459 -0.0206570128399222 0.0196753762530359
0.0281627715817512 0.325431665906139 0.000862721120737368 0.0250131469755364
0.148393588210432 0.268114508584483 0.0335496625826257 0.0348188190389262
0.159055818073548 0.218156492014417 0.0535835784209019 0.0328460673586464
0.184638896577369 0.211946649714291 0.0496604107239467 0.0270395498181528
0.122952232830248 0.280670502522955 0.0654328514068771 0.014440891617918
0.0254033475262633 0.307611258635243 0.0781339948036578 0.0178630033357539
-0.106163905197329 0.342682021804728 0.0575372118101101 0.0640924624544114
-0.264864670185098 0.267611515532557 -0.0139667355865072 0.0654866816458502
-0.36885010024188 0.0785623773663587 -0.02830362645658 0.0201755004270723
-0.41486504725361 -0.0454679713115078 0.030367702662165 0.00173119765775605
-0.323461228553423 -0.0643458109469717 0.161200154921659 0.136453037966169
-0.341512870937902 -0.0105021343848048 0.131185057631441 0.0404650315809643
-0.328607079569238 0.140515906622134 0.0229566419241327 -0.0393924137553511
-0.223835505799635 0.262933487236014 -0.0231820406792554 0.00724646830658291
-0.0955521800410521 0.295004943370439 -0.0331651541030957 0.0886684857468784
0.0229469671647086 0.280348111100357 0.018494316360342 0.123310747849018
0.125681214336798 0.234798373221357 0.0775844099371079 0.134747060294264
0.130155948949044 0.194434182647912 0.108314614273797 0.124405815945561
0.145623904612254 0.191088980601183 0.101694107195622 0.110547452855757
0.086019966071583 0.244538618098393 0.100136574806019 0.0885748745179522
-0.0042692865582126 0.254895505524756 0.0858936502188554 0.0759212043320925
-0.10909982608558 0.260804016296052 0.060149818807071 0.0804831564556608
-0.214916241172756 0.201049778367429 0.0195458043446216 0.0545991204776785
-0.297316808581399 0.0656246437577879 0.0495466934138221 -0.000532619908078821
-0.355542484541881 -0.0211031587480121 0.152100274089739 0.026139867682468
-0.229177082695513 -0.012080696438035 0.260356240739655 0.182359606250641
-0.222186152144517 0.0300046799902318 0.212362035236336 0.0569954040936713
-0.19774986003892 0.112173051042681 0.0649033272321057 -0.0159391676092891
-0.128624071250524 0.166841411173608 -0.010895322949713 0.0296764585250559
-0.0626357763109172 0.187068493848914 -0.0303872135165206 0.137805230220412
0.0120065849837332 0.187092219294903 0.0403473324216542 0.197110514536137
0.0816658050154202 0.16284445567611 0.113575670246588 0.210151256172653
0.0826717822086339 0.141899280085977 0.146930246089499 0.197138770503064
0.0865518483305543 0.14344005520887 0.131896731098553 0.18043750683837
0.0367609877842651 0.175651077780285 0.106012065184292 0.152347796210657
-0.0329686954659611 0.16758360558458 0.0651953069601601 0.122642452925812
-0.0940786028091077 0.144092113654357 0.0413683597516062 0.0855896240123616
-0.135106198343998 0.109237822021515 0.0374953133767121 0.041131855560952
-0.18745289186022 0.0447550214867966 0.105121729521756 -0.0169570070781295
-0.247035942498093 0.00506914788523905 0.244447962957057 0.0420201417781578
-0.0956545836199892 0.0370209849729686 0.319559929753269 0.205191433541675
-0.0656642303331416 0.0515217600214083 0.265924122580704 0.0590313487574817
-0.0432089583415662 0.0522105341864917 0.103917297341942 -0.00206184461426873
-0.0290492486791213 0.0402362321247835 0.00670450681264617 0.0374762423475267
-0.0330408666574324 0.0530834330138865 -0.0186620344788522 0.157935241502631
-0.00779504490178095 0.0687961693995303 0.0610495537435473 0.2317567994276
0.0220995375387801 0.0688653193296735 0.134357086794605 0.249189891073803
0.0220717331841458 0.0683337553241418 0.161818544023901 0.240645396886435
0.0210585826145622 0.0721499674013329 0.137387655968571 0.228733476033825
-0.00430187741550028 0.0806053797970134 0.086250575915899 0.198776846653753
-0.038848659083522 0.0631909146446366 0.0245764256996042 0.150656221751558
-0.0471921954970656 0.0273324807724973 0.0107624673187376 0.0784781420027441
-0.0342459978540406 0.0296651907462078 0.0463128349829441 0.0275065719906351
-0.0615103081215616 0.0383715554716934 0.139524905433601 -0.0228463087778985
-0.113584483604018 0.0389650770385988 0.298348506198868 0.0493142132782849
-0.0565121140798242 -0.0729065973877521 -0.302778909633411 -0.053701859333087
-0.0741871621215275 -0.0539031771143917 -0.196308069598045 0.0243062841495907
-0.0845509609388174 0.0209187334966415 -0.0546758509383103 -0.0116619884433116
-0.0348204516500506 0.0704045942194804 0.0124679396319218 -0.0399893618242084
0.0123062327774622 0.0539108197306944 0.0348194710569266 -0.14527763600345
0.0280326445083962 0.0384372340608557 -0.0423738560120699 -0.219610107551929
0.0393938247817665 0.025069074949548 -0.108473162811598 -0.244176638469083
0.0416268441740654 0.0198213692003681 -0.140389499288845 -0.251906278726849
0.0465044668883387 0.027939791117826 -0.129334271271964 -0.248383161315068
0.0317580734530713 0.051864174166208 -0.0749860395818794 -0.225724967959816
0.0147685655392811 0.0666749411142522 -0.00720016106450434 -0.164129942809775
-0.0382161608510182 0.0856615793766213 -0.0194011407942707 -0.0488039385263588
-0.0908994873603753 0.0293664012686487 -0.127182829016095 -0.0110033121089097
-0.0643056435740062 -0.0529259880930746 -0.246865042328022 -0.052447484684088
-0.0325213255773536 -0.0703726531909464 -0.315833992216461 -0.211367958397391
-0.172766582919777 -0.107091366219721 -0.264256237721842 -0.0603965380336157
-0.187476882628808 -0.0784862062340091 -0.183778722958661 0.00110975284056178
-0.1997905764038 0.0477372692373995 -0.0673869275848603 -0.0261753570760002
-0.127167840097023 0.149197535007353 0.0117365662198349 -0.0340740962062067
-0.0328262353961716 0.160444234268613 0.0417646511318782 -0.129519636514948
0.0330351554860238 0.146143385486546 -0.0258424293635476 -0.202183035236016
0.0870448933107902 0.121368602647332 -0.0818929675246348 -0.220786025399771
0.0939947231431458 0.103924497266926 -0.110200216056978 -0.219535443266668
0.106837418592926 0.112954873088958 -0.106844304413352 -0.211281912500519
0.0650133398152479 0.160151945593357 -0.0593863920812068 -0.193424279726121
0.00915390173559435 0.177096456289441 0.00477327058970466 -0.137396903079613
-0.0901497025558499 0.20184364461681 -0.0117353679721793 -0.0148988744402656
-0.197435546963496 0.116799437745761 -0.129901588242019 0.0224910791729125
-0.211731612766575 -0.0348906532364985 -0.242014311212585 -0.0149805749367309
-0.18936532836383 -0.100735642275303 -0.290419933533656 -0.154961841039342
-0.270387258026441 -0.132859508231475 -0.190804243659753 -0.0374439071071505
-0.289605917435329 -0.0986388336904324 -0.14084551794578 -0.0112570970960342
-0.305134928558931 0.0685274183959414 -0.0678332721244976 -0.0451106006466935
-0.216940971019101 0.216587508552071 0.00114494957423077 -0.0335689371200823
-0.0824575043608635 0.25545930984586 0.0296233209297943 -0.0985938084563923
0.0285479620098862 0.242628671372487 -0.0156580104773059 -0.15277536438473
0.120826474785279 0.204803084275183 -0.0475052108247261 -0.160941598214932
0.13356117290696 0.171880992328074 -0.0636369326844214 -0.153080786073432
0.156377916826581 0.175527085033313 -0.0656420425105428 -0.144785413710642
0.0996084125735885 0.240157082726335 -0.027536733020615 -0.135836215701827
0.017746865739466 0.264148664486734 0.0248212146803828 -0.0955910896669474
-0.112586071098198 0.29993070322198 0.00900246403524957 0.0168973204995267
-0.264865682558053 0.205360904270858 -0.104390009032733 0.0518094109442194
-0.32287403477353 0.00587389317520655 -0.195651617473814 0.0165077584039667
-0.319050928792582 -0.103691327144995 -0.213458479636942 -0.0923805090433109
-0.334554885200479 -0.1368715341913 -0.0878123541367982 0.0113853072671778
-0.364809459566363 -0.0970722716500008 -0.0666766036588926 -0.00483706842572089
-0.379335842321622 0.096665448607229 -0.0506661412715285 -0.0587088280808637
-0.277015457387314 0.271569945836782 -0.012946577023969 -0.031303985054089
-0.116940656056708 0.323551749377474 0.00371396229514846 -0.048055974319792
0.0227199291137903 0.307461299416835 -0.00992510175429752 -0.0728849674076718
0.137969758645787 0.257731182088128 -0.00878950264898774 -0.0712297150502171
0.153582965599906 0.212291519530437 -0.0065493672911487 -0.064611923511839
0.180399568971108 0.208960881000727 -0.00964346717136697 -0.0608111543338413
0.120454171475925 0.281823730252976 0.0173999223862444 -0.0637424864194842
0.0256971618958504 0.310484370064554 0.0523597280236793 -0.0415552568570592
-0.117041750458658 0.351628682813368 0.0360109133410545 0.044435058138023
-0.287200541291945 0.259921757906914 -0.0610168536847629 0.0656935219566769
-0.37711638183282 0.046225247744172 -0.117459147372621 0.0283674540347118
-0.39506176778285 -0.0855947732381283 -0.0989431755678195 -0.0382062553437398
-0.353186053738756 -0.118736968174826 0.0321793683636631 0.0766060395844957
-0.387049838356886 -0.0704134495895545 0.0290673765096047 0.0166216041945282
-0.393333305448483 0.120793508098227 -0.018200538930129 -0.0572850794635227
-0.282859803666699 0.290403168256267 -0.0236419220218982 -0.0180976503550176
-0.124255799539712 0.340264443175899 -0.0218973098927361 0.0181243601801088
0.0183176009690823 0.322537515263932 -0.00147796815025022 0.0262201917490211
0.13591828789198 0.26897875933202 0.0328138448881783 0.0330314234846896
0.149018231791138 0.220659985553847 0.0521791972321818 0.0330391401283897
0.173114769976707 0.214752987894706 0.0494179731445418 0.0286495867742724
0.11134241323208 0.281636180202282 0.0651787241640551 0.0142135909317908
0.0156224992699824 0.304463874250469 0.0760906568347423 0.0181215890762533
-0.117774399921508 0.333510302366868 0.0564225507234203 0.0665743499357809
-0.267877296296565 0.254638063632711 -0.0155402070801632 0.0639104720849892
-0.363936193837684 0.0649614639489455 -0.029090229793871 0.0195269644413792
-0.40194289423854 -0.0591371385898523 0.0302464347519316 0.00201267258353643
-0.315687767930504 -0.0762764597585451 0.150253732549195 0.140857073907938
-0.337554081745468 -0.0236768907088541 0.126265633650886 0.0439863787326926
-0.327112335795113 0.128118500444479 0.0216945334139304 -0.0393457983668359
-0.227118594061324 0.252334490622803 -0.0244837837702642 0.00569435664205931
-0.102713608015666 0.288875805052539 -0.0368103229447762 0.085647135993277
0.0138227042195645 0.277776078739297 0.0122372739019386 0.123505065505455
0.114983306792196 0.234060804060194 0.0724971245739589 0.133243577623064
0.122486944882178 0.196308445342908 0.104360363184343 0.125847415461159
0.135444709137388 0.192401764550403 0.0977421177022555 0.112916004630204
0.0770681086266877 0.244020042257101 0.0954299693904864 0.0888587836288169
-0.011549168943694 0.25125343350577 0.0811349651762034 0.0752410568427203
-0.116184942418907 0.252489637193048 0.058043112888426 0.0807685627405398
-0.216365162400363 0.190909676403432 0.0175057543809936 0.0540789025247816
-0.293746829304508 0.0544424704936479 0.0481231959495808 0.00253885945979134
-0.345103523096945 -0.0332865904571395 0.148698025017943 0.030810698230348
-0.226602043773728 -0.021142240318717 0.247009245762807 0.191076146822669
-0.22067636664874 0.0218507363736014 0.204482212892589 0.0639058035134461
-0.197071159838017 0.105122807013248 0.0629195926071901 -0.0149140957939582
-0.130573586134331 0.161213116522171 -0.0134879526472625 0.0278912470486117
-0.0674349198223211 0.1830762337559 -0.0363732699229445 0.134449313654981
0.00646817377153866 0.185981338752503 0.0313857077823689 0.196145477138948
0.074421724831745 0.162515499235391 0.104533659783648 0.210019478161533
0.0768171865980341 0.142697337688404 0.13993556258498 0.199070234507707
0.079762221594447 0.143704724898497 0.12569918889412 0.183430204883395
0.0309816185011311 0.173786966322978 0.0993257531090925 0.152971660023908
-0.0369625604280853 0.164108425803643 0.0596516013506206 0.121685380647142
-0.0971022847068289 0.137873914376326 0.0388464843243825 0.0854820537643362
-0.135409081253137 0.103049755202277 0.0361879608620681 0.0415169247808326
-0.184288033753097 0.0377813584052993 0.102945559980633 -0.0121622917827658
-0.24032310686424 -0.00297842290453468 0.239560153471611 0.0499790863271957
-0.0974303223646084 0.0323895936335021 0.305715650167789 0.216513610814748
-0.0665675704205855 0.0492592501616449 0.258137701968858 0.0679880203827007
-0.0436631999402426 0.0516705832150067 0.101151050748102 0.000139538685535707
-0.0290203681772507 0.038796401226581 0.0043343023424246 0.0360551406512856
-0.0336248299423375 0.0520109066328361 -0.0251902772871001 0.15551651498047
-0.00933083909038708 0.0681553582075634 0.051128468584014 0.231111452719429
0.0186458290935005 0.0679274967641384 0.124964852170164 0.249911483500214
0.0199494394432975 0.0675813572403744 0.153216783658882 0.242987082097165
0.0181430374433078 0.0711360500176723 0.12875993953858 0.229751201340769
-0.00663803584758372 0.0788298134233264 0.0783027243751001 0.198216021147219
-0.0400301471000492 0.0609169786706638 0.0183728579574356 0.148345763688694
-0.046816991554014 0.0248105769535953 0.00879644123169242 0.0768272669222174
-0.0328478041235588 0.0278895653080472 0.0449813854466687 0.0279941742720624
-0.061486152780638 0.036941307791272 0.137476719522301 -0.0169583375145964
-0.111881725425692 0.0348972389594262 0.291857396262917 0.0602266588633694
-0.0548724518624247 -0.0759329166103473 -0.309027853619953 -0.0660424874414206
-0.0745195221568265 -0.0593661038099488 -0.19961803276744 0.0194561996637828
-0.0878240191789944 0.0189244345553187 -0.0567090224151238 -0.0120055867488618
-0.0379964716570461 0.0711067190949001 0.0132911963153268 -0.0393547524036418
0.0112347723585028 0.0559911915453251 0.039140373591697 -0.147833011953179
0.0283727147541865 0.039547961643561 -0.0378652505552371 -0.22562970392486
0.0401987380370712 0.0271354474817006 -0.10556770538402 -0.253308677933913
0.0415241336906474 0.0215493151045134 -0.139715539231792 -0.262911425363184
0.0467319935372223 0.0307459058779677 -0.126360044681765 -0.25955448760323
0.0309607088415011 0.0550670630647267 -0.0695470476530492 -0.23449065299612
0.0130457844464467 0.0689520701601058 -0.00190815537114373 -0.168479273859917
-0.0418647989874835 0.08732434113983 -0.0168710490303271 -0.0494141621083332
-0.0947972425355117 0.0282279622226247 -0.128938079744119 -0.0130518176166338
-0.0650469278205164 -0.0579792765128582 -0.24988670537132 -0.0594688011719412
-0.0308805775661813 -0.0740329839531846 -0.316772164815147 -0.226602136542003
-0.173066146297324 -0.114443971479588 -0.270287928459006 -0.0712753273720186
-0.190653160790579 -0.0877370659123061 -0.186707915723456 -0.00459626761576961
-0.205588322478774 0.0436247681476313 -0.0698389965859656 -0.027347595233342
-0.133421534271943 0.149562994009725 0.0117492593613024 -0.0337498962884463
-0.0377113057779335 0.164335929761202 0.0459390614815552 -0.132560090726824
0.0310248037132095 0.150324651317732 -0.0217243978882207 -0.207086616952461
0.0866390010399425 0.126902019261964 -0.0782705935937264 -0.229698463512646
0.0935462847379419 0.109863247660976 -0.109616413115195 -0.229799445227823
0.106052281586052 0.118774010140865 -0.103862425385957 -0.221262467702351
0.0629345453969235 0.166938208882692 -0.0542566016755931 -0.201470739239006
0.00452090717528781 0.182250375725384 0.00950625117158992 -0.142022662661441
-0.0983985048908334 0.204540385227114 -0.00961685269228701 -0.0145519810034236
-0.20565242387396 0.115987897218182 -0.132766551051231 0.0211578274033622
-0.215497132860681 -0.0432784446454748 -0.246550960460775 -0.0209678843758389
-0.190000574523003 -0.109397614039298 -0.292839442375394 -0.168358368008512
-0.271853344685504 -0.143562302555287 -0.196048817682178 -0.046085616009412
-0.294661031574373 -0.110953915053823 -0.142991292543536 -0.016388368806885
-0.313313048657546 0.0626096382638933 -0.0703059396863822 -0.0472497318334933
-0.226059010189225 0.216572419678574 0.000998467426870583 -0.033049911360222
-0.0894208364032063 0.261139436117423 0.0325789454239218 -0.100277238423339
0.0238760833935912 0.249565703151803 -0.0130266589425205 -0.155639431117516
0.118003384576707 0.212886420895374 -0.0446234126973784 -0.167640276539497
0.132534528245291 0.180417073130397 -0.063038126230822 -0.160425521940754
0.153789172325598 0.183566067059854 -0.0622594181758936 -0.151154688612658
0.0973921544930193 0.249470735708967 -0.0238783518374917 -0.142669316741412
0.0120521048787237 0.271583830552117 0.0281420269584264 -0.0983803636410056
-0.124275094064235 0.304741336346668 0.0116087286565398 0.0190330248165285
-0.276793045225247 0.204364065980965 -0.107244769945131 0.0517590595347213
-0.330001284285503 -0.00366622137400354 -0.200595398565241 0.0129747945625072
-0.322207023530384 -0.115150153919689 -0.215891731413798 -0.102382047634917
-0.338038998027929 -0.15096861169511 -0.092820575335511 0.00844885543452089
-0.370848192228591 -0.11055709417204 -0.0681212303798624 -0.0078532583914705
-0.389962500615306 0.0893276294698444 -0.0529573375289893 -0.0619995706298454
-0.288782682352332 0.272327485298951 -0.0137638694272077 -0.0314565609843138
-0.125280291847353 0.330451401036597 0.00455512897616892 -0.0493361514151009
0.0166498113318241 0.316507865523215 -0.00931280988173569 -0.0735566586122079
0.133847409641311 0.267648917548135 -0.0063567112699072 -0.0753046967026891
0.152304230322346 0.222231881735718 -0.00578123975819477 -0.0679278953043685
0.177624544538673 0.218381336111981 -0.00729474050240478 -0.0632916527289778
0.116825323336977 0.292390601045539 0.020334493926234 -0.0672884547605461
0.0197132466260625 0.318788383333007 0.0542588811172625 -0.0433869704983613
-0.129991481703501 0.356775258852055 0.0384564864284558 0.04785365979276
-0.299694204446325 0.260408710911173 -0.063414181732239 0.0663444723779543
-0.386057091282261 0.036125169292013 -0.121496327065929 0.027255819284342
-0.399034159856913 -0.0975110287265819 -0.0993883311412213 -0.0431216726205862
-0.357643723819699 -0.131702995474911 0.027549044599892 0.0793164309843504
-0.395173671631932 -0.0834760907633749 0.0283678595952765 0.0170179471756964
-0.404649791862225 0.114171750351478 -0.0194524538181407 -0.0609596787401591
-0.295493246841174 0.291422851463486 -0.0250195403075557 -0.019282225639906
-0.13296720942851 0.34648946747758 -0.0241171038129391 0.0180862068270334
0.0119290698035563 0.330957094794928 -0.00365882257419925 0.0286920573367637
0.132063345479002 0.278926136624862 0.0335361592065815 0.0325580758383336
0.147777410419114 0.230927086569334 0.0535862395860095 0.0338390179551289
0.169800240993391 0.223745935026355 0.0518854626093672 0.0299259715106885
0.107596074115412 0.291813597470475 0.0664917540451418 0.0141649428896109
0.00921413786621701 0.312686082238592 0.0765498499563964 0.0181454825194413
-0.12986154369154 0.338484381240612 0.0584811674884386 0.0704174625833787
-0.280603306651431 0.25465529200983 -0.0168995166486275 0.0656747732909384
-0.372960127876069 0.0543689224210888 -0.0309341950615766 0.020818267504272
-0.407488978605802 -0.072843100278381 0.0316621417600018 0.00245620982751125
-0.321780568345026 -0.0879277213404292 0.147646335413814 0.150428167499167
-0.346249003953856 -0.0345488992568845 0.126004579480097 0.0479017912472636
-0.336557216557568 0.12475381184326 0.0204150638513517 -0.0415406156451643
-0.238019640895073 0.254123964128413 -0.0261122484888617 0.0044647884960048
-0.111320443986626 0.295559368783184 -0.0410465483099257 0.0866172043803658
0.00854289202349168 0.285966849615939 0.00791021757119145 0.128156827599795
0.110949955218299 0.242904568462977 0.0718768358006807 0.136231668453907
0.120896317131693 0.204347804984919 0.105479776271533 0.129862756207402
0.132514203384027 0.200197135521395 0.099444207918244 0.118442858115853
0.0725227783480376 0.252724616849204 0.0962176321402864 0.0921103438955492
-0.0176215042778219 0.257622203689449 0.080480091138184 0.0770822299992263
-0.126519424407353 0.255123510116451 0.0590088792971609 0.085316680813194
-0.22517855735147 0.190580481769971 0.0173749309579118 0.0559977602394267
-0.300728881166775 0.0477361267302871 0.0479513690297186 0.00490150155278172
-0.349257671658002 -0.042825990691481 0.1523167138419 0.0351598018231966
-0.233146501304074 -0.0284046093836957 0.246308188996756 0.205492688756286
-0.227698329966194 0.0164918586321024 0.206197959956627 0.0709129882319206
-0.202325798518398 0.104192453940815 0.0626846300788065 -0.0153948877221663
-0.136242050687126 0.162585257318436 -0.0153066642242034 0.0273584881876392
-0.0725255359195989 0.187458682709698 -0.0416123011181393 0.13760946098678
0.0029347957328178 0.191787580628611 0.025460889345942 0.203357596440756
0.0715196132696217 0.168238361581886 0.103180552481598 0.216673538473053
0.0760494803506944 0.148149486020186 0.141052922970765 0.2070498356273
0.0770226347752397 0.148508332732611 0.12572907673985 0.191673466264888
0.0277583023243386 0.17898161119921 0.0979961232422585 0.158284154940281
-0.0415508105651522 0.167503415946186 0.0570782913940231 0.123950174044862
-0.102772285497811 0.137790542891451 0.0383077406428787 0.0890721377847712
-0.138896637157251 0.101508521996556 0.0362283716431158 0.0431165203949295
-0.188380051139488 0.034619387510349 0.104841386515081 -0.00903792431370209
-0.243567019562463 -0.00865440398210528 0.244610539085814 0.0585079038217328
-0.10267455216157 0.0304688937521195 0.306913646517337 0.234316651008501
-0.0701403044766525 0.0493322024956178 0.259933115395298 0.0774197434550012
-0.0448082439657224 0.0528397086512454 0.102131933196089 0.000427356350665113
-0.0298243611632569 0.0395691260522922 0.00163488354679325 0.0356861823933898
-0.0354278303269124 0.0527374959627391 -0.0310606056194587 0.160169838735885
-0.0109978149219593 0.0706476099317592 0.044759817266599 0.238695917768258
0.0169191455341311 0.0700597286281355 0.122029337411546 0.259228008430485
0.0193225695940958 0.0692829639279722 0.153860797568139 0.252976569808925
0.0166101975593716 0.0728005712166067 0.127629327076822 0.240158658482476
-0.00877275028639105 0.0804710423184236 0.0750940205753617 0.205576337106385
-0.0415384293013795 0.061718767989502 0.0144072815297056 0.151375014403698
-0.048110397733345 0.0235401282534411 0.00746624455539585 0.0784642853171685
-0.0329513056680863 0.0275720896248574 0.0458457340741037 0.0291411343989756
-0.0628584470803629 0.0375023745097265 0.140614247631352 -0.012995541842864
-0.113943816638777 0.033848590845823 0.298352569731291 0.0699339703162508
-0.0566859224331852 -0.0792239052698868 -0.324922191371133 -0.068477551258418
-0.0802981110476604 -0.0634033363630761 -0.206971807374071 0.0204593290447951
-0.0926628387268649 0.0203177371846825 -0.0607992374101047 -0.0108003651238513
-0.0391193325532122 0.0753254439886557 0.0126247992644334 -0.0396227995946997
0.013011286872369 0.0591199651066072 0.038361294850288 -0.156062502891074
0.0303134025006296 0.0406789051987008 -0.0422527461344277 -0.235462182911968
0.0429959207932805 0.0280455754231818 -0.114923428429596 -0.264712956891704
0.0438834761817197 0.0223466860116597 -0.152931870889224 -0.275590619290896
0.0484136976858989 0.0313939768868444 -0.135414556734079 -0.272023946080596
0.033105220839687 0.0578826309483615 -0.0740397233850687 -0.246213713572446
0.0139625740584134 0.0720397064523198 -0.00161712865212098 -0.176175441680096
-0.0442182616710821 0.0922783636954228 -0.016400107315515 -0.0510108732611005
-0.100501548101559 0.0313548258892993 -0.134087647326234 -0.0111630177942181
-0.0694759340022636 -0.0622850437632506 -0.260504667738392 -0.0583800105817031
-0.0336758355430964 -0.0784510361463764 -0.332791158199088 -0.237085673029609
-0.181483827463075 -0.118546323774957 -0.285280296107532 -0.0748233137268403
-0.201613394763506 -0.0921702122680754 -0.193982857944611 -0.00476948032159421
-0.21518504877845 0.0480767998306484 -0.0749520726389412 -0.0268956097731203
-0.137365070096216 0.159213989704574 0.0111430216527153 -0.0337854790837709
-0.036342015671833 0.174497825695044 0.0456892342722191 -0.139623701124784
0.0348844708883065 0.157123107122299 -0.0249029254457465 -0.215960226057057
0.0918882325836314 0.132655887616279 -0.085028496218907 -0.241258129490462
0.0995714578861934 0.114799745962077 -0.119521972897325 -0.240966046069396
0.111072010158374 0.124099891109462 -0.111628170203754 -0.232622597582598
0.0680795832055344 0.175887088727485 -0.0584180161730388 -0.21341691191413
0.00701825092842479 0.191456384103894 0.00961049821658734 -0.149887747665777
-0.102049088872247 0.216172927726903 -0.00783084067890689 -0.0133675471439196
-0.214543973611057 0.124643454209869 -0.137648931473766 0.0255343226372309
-0.227327633974221 -0.045490781060623 -0.257908243382361 -0.0177911378179696
-0.199778313027951 -0.113964319209569 -0.307559579715338 -0.175934941406725
-0.284993858160331 -0.148755510015596 -0.208634067772748 -0.048020297842354
-0.31081663957316 -0.115505769727742 -0.149891206437199 -0.0176340418754551
-0.327059608922868 0.0693590652971993 -0.0765954119130951 -0.0477311591385757
-0.233374176652636 0.230696180596044 2.61376019308022E-06 -0.0337623963091196
-0.0897219175263274 0.277148705157732 0.0325310685118566 -0.106500800427656
0.0299186060097545 0.261789922258601 -0.015480703372942 -0.161484373106219
0.125848007512598 0.222559837950681 -0.0484471815950663 -0.177378248326543
0.141842607089082 0.188453354803895 -0.0688668752825717 -0.169067990423025
0.162294725387489 0.191195708041447 -0.0672513388593119 -0.15894730179519
0.104973675550658 0.262581765880152 -0.0260225593766897 -0.152206986297374
0.016420121261081 0.286025909839818 0.0291520932329705 -0.105889940667998
-0.128376800906353 0.321562557150072 0.0154237632330078 0.0216102326100051
-0.286289761100419 0.219357267252209 -0.110834859389278 0.0562783557025546
-0.347104282667897 -0.00325523421366467 -0.209833360424279 0.0175271389357702
-0.337321071144658 -0.11861749764728 -0.226775299727574 -0.106321331683649
-0.355442438102469 -0.156712795706758 -0.0999483900941397 0.00941750597857223
-0.392550360674767 -0.115014610535854 -0.0714324291836053 -0.00916145666864335
-0.405370697996286 0.0988384652273501 -0.059088664538645 -0.0640274786135832
-0.29807515874596 0.289397214735805 -0.015574838203844 -0.0331519580971048
-0.125355073193666 0.350493620741557 0.00374804547512406 -0.0527627319639246
0.0224985306636463 0.332062147444673 -0.0109644788563888 -0.0752950236240019
0.143507808660145 0.278884693651374 -0.0071126897793994 -0.0815308978021776
0.16304791442773 0.231977143757255 -0.00758309094950605 -0.0728707649002171
0.186919299882152 0.227567350525526 -0.00657528702966732 -0.0677234808760679
0.126164897744463 0.30652186100882 0.020993280697011 -0.073534982582839
0.0254977516034344 0.335061372394552 0.0560568947314519 -0.0487492621540297
-0.132769903396258 0.376638737424291 0.0440859514540475 0.051343825599641
-0.310433968402355 0.276747274394932 -0.065109024177722 0.071689544530625
-0.40412158186208 0.0400469907342631 -0.127217386995215 0.0321349424065632
-0.415804799833521 -0.10001882904631 -0.104402163968263 -0.0456069682304288
-0.376911189120152 -0.13614312022876 0.0277069242549612 0.0839737522612709
-0.417200487937946 -0.083886652337433 0.0296856467147808 0.016717075329178
-0.421476430444865 0.12556533095585 -0.0246007479686047 -0.0638573755633839
-0.304146767854698 0.308557995850544 -0.0276515705815264 -0.0200024688726697
-0.134056972877776 0.367012324491433 -0.0254086808859124 0.0184122882116536
0.0172348439119569 0.348635976121257 -0.00434301429560709 0.0317674779904903
0.140869592284726 0.290990218648869 0.0360031003853342 0.0310645803514158
0.158254481932334 0.240668745040054 0.0568137643716883 0.0330479214661202
0.178819104339804 0.233297585982918 0.0564990173915314 0.0301253280265517
0.117002079648116 0.305842598396662 0.0698197448363867 0.0119659078016329
0.0143048625065738 0.328713077001126 0.0800277565939609 0.0157622416896808
-0.133389005832821 0.358068027775867 0.0650048313111625 0.0740525998644656
-0.288565594739164 0.270703937374326 -0.0165279429384983 0.0696175300075916
-0.389531730625375 0.0604096233667061 -0.032553545797775 0.0240690184710576
-0.424497846632653 -0.0714236434311905 0.0337576412743443 0.001544505950049
-0.339646808514447 -0.0891256929438008 0.154299725249654 0.158337650577482
-0.364554290868615 -0.0328805271232269 0.130894150210026 0.0489010806525889
-0.350111521276842 0.135527928246004 0.0180884538863883 -0.0450248095489257
-0.244338239139453 0.269961843844679 -0.0288933325461534 0.00408927836601873
-0.11105760789221 0.312148518090675 -0.0430853713587349 0.0910674514453617
0.0140160848171117 0.301121072779325 0.00852942686305395 0.136491403811117
0.117846367510526 0.25377774851228 0.0768397458212521 0.140591654324352
0.129588612957249 0.213052752746937 0.113014310026733 0.134063790847146
0.139202182749238 0.208474839453171 0.107776154036543 0.122696471655455
0.0797414194981493 0.264565188340345 0.101920721327877 0.0937259686179604
-0.0146996305845879 0.270851468983218 0.0842564620395956 0.0782504715640277
-0.129827707884629 0.269060776986061 0.0655010778981827 0.0894459364333188
-0.23149444513127 0.201900896738426 0.0192013951197603 0.0587610149293208
-0.313422099066892 0.0526725745395755 0.0494632768742616 0.00594091189899135
-0.363292525189082 -0.0415576451233037 0.160840144984521 0.0357694935112266
-0.246208832334717 -0.0280498582101328 0.260035298133994 0.215854909076319
-0.239268603581383 0.0200424226775387 0.215394421338771 0.0728264244896513
-0.210289827080407 0.113133193576032 0.0624455972557014 -0.01825537751741
-0.139303693725355 0.173121667110617 -0.0174147705524383 0.0274182731291745
-0.0725175451837477 0.198534780494019 -0.0435876660939087 0.145087899268829
0.00652322696909645 0.20178506508878 0.0279721558633739 0.214900470604914
0.0754579696981737 0.17568086667972 0.110440617438741 0.224454596039292
0.0818437897811302 0.154169937451971 0.152322709273154 0.215026315311933
0.0814981791325585 0.15526545864287 0.136399047738301 0.199809629137847
0.0312823587518078 0.187312666395809 0.105043497143393 0.164228044003297
-0.0406348378358323 0.176282434178356 0.0602820754874663 0.128241676622723
-0.106184508661089 0.145702069096576 0.0423946905139428 0.0931455098946243
-0.142361380656351 0.108237115184947 0.0386694642549398 0.0443763457287369
-0.19537834603342 0.0383427061444674 0.108682607675 -0.00957997050193147
-0.253153171734226 -0.0068743920069061 0.257475863245371 0.0596340122992495
-0.109194335918941 0.0332102102630418 0.324217052371582 0.245443117009491
-0.0731837434005672 0.0538402631229645 0.272586835948223 0.0796202347307267
-0.044865865994349 0.0574565136795495 0.104614492274131 -0.00194664180344627
-0.0294747806505882 0.041995032891343 0.000658814287836167 0.0364654282117689
-0.0360194318289776 0.0558475092908107 -0.032309312814324 0.169313621501849
-0.00981509637571032 0.0747302203509619 0.0482126015942337 0.252618261110528
0.0179307598169709 0.0728596233184518 0.131049782236716 0.270442542482749
0.0215747650099179 0.0720044990276467 0.1671780400627 0.263739539030875
0.01801857267558 0.0761208575224492 0.138750025465084 0.250947310741706
-0.00786656305042954 0.0837293065697577 0.0811961591174836 0.2146876597254
-0.0425072827425613 0.0650280628462693 0.0159281504579549 0.157449210158149
-0.0495106753256086 0.0239575944027524 0.00923356518881565 0.0819685089299767
-0.0326087987247174 0.0287141459448475 0.0492544613946942 0.0293579510897088
-0.0639548623555481 0.0412946020227096 0.145512645314476 -0.0150606503389707
-0.117820969798191 0.037123126067437 0.314880378333864 0.0713085947648153
-0.0471280147510952 -0.0863283787925677 -0.318617293277409 -0.133332077608762
-0.0709792651945356 -0.0763585722975851 -0.215631283244371 -0.0164976979149065
-0.0981110521680225 0.00354481115896028 -0.066562037314587 -0.0187400621329331
-0.0528706998460962 0.0688222762791729 0.0142005820804179 -0.0333634830984835
-0.000592593530540406 0.0609557790083016 0.0644854349165267 -0.152157472121295
0.0211011916801467 0.0451147554232598 -0.00461015906258907 -0.24912300306883
0.0382327389509089 0.034619374709769 -0.0754058965602979 -0.292975704648544
0.0374881017378865 0.0312583948761766 -0.113268082978446 -0.310780130119214
0.043246958364924 0.0421348452394986 -0.0973683711990687 -0.306261306340755
0.0225661217005516 0.065633506302144 -0.0374092934253856 -0.268369022521905
-0.000951906327656046 0.0756882221547479 0.0282179095253645 -0.184349735107608
-0.0629447624175846 0.0873205596097468 -0.00537560587466855 -0.0599470669932083
-0.112439820901648 0.00941240462400347 -0.131875546148016 -0.0314430545566747
-0.0634015719814638 -0.0832078393050234 -0.250575319466881 -0.0998127974498181
-0.0236834145770031 -0.0931176173133125 -0.29730114041947 -0.303701132858659
-0.164205480332373 -0.150416630346763 -0.282726767607997 -0.134289771022369
-0.188047130823664 -0.12697511141602 -0.202165805074387 -0.0416095112888757
-0.225541975510347 0.00922618727340802 -0.0869008224654125 -0.0362483743391731
-0.164327864035127 0.135870849277044 0.00417898714160877 -0.0245099545747275
-0.0703995929895956 0.168445187147449 0.0686562040817641 -0.127358483922197
0.0053117162274192 0.165736161544622 0.00951273686009045 -0.22279532164331
0.0696829186186302 0.149464656607876 -0.0496590804423754 -0.260373117785359
0.0764060954245535 0.137140745225626 -0.0853182386746962 -0.270339121423664
0.0902129062161952 0.148155765015086 -0.0812768481975945 -0.262622697873031
0.0370687283116127 0.193446677131589 -0.0291598205598887 -0.234182897247613
-0.0326688241375142 0.198939685728466 0.0358896397404254 -0.160020061347586
-0.14610659877459 0.205344077922043 -0.00127157045588811 -0.0279364245209912
-0.249533719274113 0.0831164998997197 -0.138426523217079 0.00349207104073312
-0.229278698207019 -0.0966648257879257 -0.248057228774605 -0.0573496704860155
-0.190980231436549 -0.164273367328269 -0.275675958015852 -0.228994731992869
-0.261468300433975 -0.201358767676976 -0.213596398934673 -0.0940925437681378
-0.292841882806867 -0.169579529786107 -0.158335485538726 -0.047927838347345
-0.340425520529799 0.00976050201904506 -0.092361995667548 -0.0574483255659929
-0.271344001123254 0.190713876954732 -0.0160683672232327 -0.0251561928110135
-0.141207829795013 0.262984689348861 0.0470340487784322 -0.089372249899391
-0.0185115288185181 0.272197365300716 0.00960134954481316 -0.161854657526578
0.088552244624026 0.247457443566868 -0.0232509223481335 -0.185636980268933
0.105089767140724 0.22176406296351 -0.0442757213184962 -0.188301601911681
0.128700378498665 0.226762017393104 -0.0477299950957057 -0.178742913573616
0.058966534988571 0.289164346111382 -0.00835604055067332 -0.166719311911544
-0.0430699218508728 0.298154521528209 0.0478054579076869 -0.116033103980284
-0.191549932348647 0.310609466044581 0.0164199586778094 0.00538419210001437
-0.341990090764121 0.165072864802831 -0.113961103359526 0.0375361003134996
-0.360430481213651 -0.0758193292025019 -0.200528022558631 -0.0148019478496954
-0.333171975918102 -0.196939615852206 -0.198361291279485 -0.139237336647495
-0.329263200044416 -0.223535973305592 -0.116505481315199 -0.0171791133334522
-0.373887156581795 -0.184926182242424 -0.0831556214259225 -0.0266322407002461
-0.424536770502822 0.0248614149925718 -0.0771352193324553 -0.0698593891086735
-0.344628679374645 0.239173570134863 -0.0376228288603565 -0.0251148315717056
-0.190064643833561 0.331120979548501 0.00804364294846118 -0.0343178909440898
-0.0382364587918847 0.343576745918547 -0.000480885785288703 -0.070047823383199
0.0956653207473834 0.308399236988792 0.00266385167451189 -0.0777567081184181
0.118617734655498 0.270635770807128 0.00398951581077422 -0.0776015303748828
0.146180600855702 0.268306940345918 -0.000859307004405968 -0.0739795832023295
0.0727536473703503 0.339332929064661 0.0262928211532057 -0.0784254938719623
-0.0435857224459205 0.351492721333432 0.0655695250697302 -0.0546108026972543
-0.206081469995388 0.367012497656527 0.0402686471158072 0.0369428807511477
-0.377360180607775 0.22109011762606 -0.0678928833703894 0.058618664142299
-0.425912348349336 -0.041093549446355 -0.116764362850501 0.0123589482993875
-0.419557928089448 -0.192666004777159 -0.0795279141605153 -0.0516617584593513
-0.352209349082686 -0.208636793273975 -0.00222367099120898 0.08189046914998
-0.403164273045567 -0.159994237697395 0.013681812208183 0.0175515673839241
-0.445115880918854 0.0473276606561769 -0.0434934765146784 -0.0629152701523427
-0.355655505356265 0.258235236010936 -0.0534549747033236 -0.0144968085256381
-0.199999319610792 0.347728371456904 -0.0344852345554177 0.0349185415612491
-0.0444837483859137 0.36079386853685 -0.0116961442913237 0.0425795875285715
0.0912326250386948 0.320854169300505 0.0286280183772295 0.0468864524822902
0.113301944924412 0.278243504196848 0.052991040279085 0.0430570182111967
0.136848752547732 0.272486409262656 0.0498417162715445 0.0379226059987017
0.0637146811620504 0.33696935128969 0.0631934087947946 0.0171482569866305
-0.0539196146055043 0.344084351458391 0.0796191500650006 0.0150385278021165
-0.202827930020039 0.347021833681692 0.0581489742813849 0.064791887449457
-0.354878160534299 0.218427558484865 -0.0182201161577002 0.0644640764487059
-0.412460725240064 -0.0163191420771806 -0.020691120502758 0.01890573466632
-0.431185227246483 -0.163628742906458 0.054597711442439 0.0215354384830815
-0.320758158659599 -0.155218220322337 0.114828884041329 0.182349551052068
-0.358312831576986 -0.0997702631011061 0.114315099477846 0.0696511254878987
-0.375270660562624 0.071651598074054 0.0011204135322692 -0.0362184569923565
-0.287069583932916 0.229702233686756 -0.0541443620611119 0.00933234211290278
-0.166047978370059 0.297078330003687 -0.0635103471282727 0.104347002116727
-0.0388794744661484 0.312604836216993 -0.0155700436612777 0.151601222187926
0.0751505039674622 0.279357564543471 0.0537648831185133 0.165825221468536
0.0899712503932029 0.245189834816833 0.0952280815805883 0.156788475725684
0.102084327947778 0.23928586238422 0.0890883515940865 0.142710457424595
0.0323548172501132 0.287497761876723 0.0844748462592807 0.108433686847624
-0.0716692023221206 0.278227454571442 0.0741077709995509 0.082695980146302
-0.182929223437772 0.256177533801992 0.0561484240184825 0.0849724251301904
-0.279677330719489 0.159714601748498 0.0183799428439258 0.0599273498779381
-0.330682660896891 -0.00835047068124805 0.0621978907513423 0.0140661490377438
-0.371668849603186 -0.119306424601209 0.176983409985552 0.0777370675424429
-0.236791144596769 -0.0760187135012828 0.215279258913274 0.263294528695812
-0.24186878490747 -0.0253786911829571 0.199851615800564 0.111305763286751
-0.229975809306318 0.0751182983132324 0.0513200651740545 -0.00316846626827599
-0.166016167153673 0.14956361216745 -0.0376915524914861 0.0316346456501633
-0.10583246196734 0.188845974166919 -0.072163042309213 0.154078305544185
-0.027434061086316 0.209588256078938 -0.00868964452840109 0.233750218988299
0.045933368572649 0.192640596298756 0.0761265933553133 0.257942843654703
0.0537436097782734 0.17501952617532 0.121938902805365 0.247905908440178
0.0530396619649943 0.173808485149544 0.108246742826928 0.228048902571016
-0.00255260337692886 0.199451419913475 0.0779752296812138 0.183231954157346
-0.0785612601133373 0.175189524600909 0.0424056769452982 0.133616931389117
-0.136286056039285 0.131968874252915 0.0327904307124759 0.0924565914305459
-0.167751482266501 0.0809994427192846 0.037617330549209 0.0498731507461298
-0.205651273036709 0.00162962031665555 0.119351646807017 0.00816231925379187
-0.262087694518895 -0.0591912311895802 0.267315377837361 0.11636283283145
-0.108987182807241 0.0117465555164725 0.280870865006221 0.308805994940973
-0.0804734795222948 0.0380552103034432 0.262898740500763 0.129996139085528
-0.0535581537835678 0.0493162182408873 0.102025028257669 0.016708777442651
-0.0345947039529512 0.0368726638391281 -0.0104128834418925 0.0385681035166945
-0.0428823696929842 0.0519402834450415 -0.0628839001938092 0.173176512411703
-0.0203911462717677 0.076517901355551 0.00641798242988706 0.272235220788688
0.00535306041472422 0.0781939107126767 0.090273597538378 0.305568718618499
0.00906495226236034 0.0784059290787986 0.129708287746068 0.300557657793832
0.00358244284711447 0.0805887483936302 0.103939254756617 0.282628796485682
-0.0228894048653693 0.0855342048070021 0.0491511643669936 0.233080636325001
-0.0570059246353473 0.0592956852117793 -0.0083715103698291 0.162321422685005
-0.0554760921712055 0.0161542567012265 -0.000628554308273424 0.083067595437974
-0.0374678857077509 0.0230933016319087 0.0476094065403992 0.0368815677165244
-0.0703376478142378 0.032248943062928 0.152203949897677 0.00805763149477436
-0.127707610231397 0.0150709061760349 0.317995949700045 0.134250044377768
-0.0521273825089757 -0.0829570992684835 -0.328931888759708 -0.111725818417167
-0.0774624676775513 -0.0717927292506132 -0.215129531031427 -0.00300217930553454
-0.0982038511271751 0.0106413856530553 -0.0684903051566211 -0.0124315707456652
-0.0474994820676133 0.0730184405392942 0.0115101978661312 -0.0322898875357929
0.00468387269815563 0.0611983874890915 0.0515347284527874 -0.155728032101573
0.024838996569632 0.0428291320720061 -0.0239931653019036 -0.248371972494023
0.0412407472834107 0.0310164285382177 -0.0973964442752464 -0.286246186176713
0.0403920558990215 0.0284290123089657 -0.138706045570249 -0.302584504392745
0.0466483144792399 0.0391907123110943 -0.121762846973145 -0.30009882457553
0.0275003236696943 0.0648695362325952 -0.0560383237215765 -0.267768988402125
0.00436128332357907 0.075815381375834 0.016813095941082 -0.186963610672558
-0.0573399423596588 0.0921569898229653 -0.00740061256741451 -0.058502285585798
-0.11246313097539 0.0186464461631322 -0.132482058425139 -0.0196763364268446
-0.0709495661703075 -0.0805669108219513 -0.254737723982939 -0.0804079172765508
-0.03095229717667 -0.0923029445054002 -0.319244973560472 -0.281902433660375
-0.173685169580814 -0.138763656937156 -0.293500158193933 -0.114195655689812
-0.197470076737917 -0.114128089547176 -0.204004831126847 -0.0294297088668708
-0.223269526972863 0.026334983836886 -0.0902677043038556 -0.0279784630202822
-0.152786211250191 0.148479499153368 0.00144396535637662 -0.0229296049131481
-0.0561349671196812 0.17433366211928 0.0574873600911519 -0.13299179208436
0.0182840937604723 0.164304232385936 -0.00748914830165101 -0.222192460506544
0.0808449457816528 0.14345707387004 -0.0697250928751291 -0.257771768186602
0.087094308917342 0.130918773303608 -0.107812191906027 -0.263297024538171
0.100544416556257 0.141846569735621 -0.101842133725257 -0.257337548664221
0.0518986244441005 0.191328371624221 -0.0461118481573712 -0.233908435525071
-0.0186092302824482 0.201390546404291 0.0253817614247527 -0.164245843504358
-0.131751427776339 0.216622851252162 0.000428834455728922 -0.026699966470357
-0.24299550246118 0.102082549657551 -0.136856895525829 0.0159614277598972
-0.236963544213919 -0.082843794977276 -0.250366014455579 -0.0369636020414924
-0.202318800113532 -0.150835550288551 -0.291487976024903 -0.209869731539116
-0.274193122303723 -0.1825661227706 -0.222445218166085 -0.080009926513604
-0.305878327777048 -0.148968495977845 -0.161479833040583 -0.0383077011961464
-0.337429878377821 0.035804299083411 -0.0989548866600596 -0.0492896221291002
-0.255156144970382 0.210977566744115 -0.018344390145228 -0.0223403048205585
-0.119070807284637 0.274905524623018 0.0395354605168711 -0.0937531847865232
0.00322852865016269 0.271902203164641 -0.0029172746795384 -0.161572543125507
0.106787569418225 0.240002650693378 -0.0376660781740704 -0.186654744956398
0.122109050099789 0.213433916121652 -0.0601988865005939 -0.184469467483596
0.14487192317239 0.217107491838061 -0.061517196178774 -0.176802139209417
0.0817502167176234 0.285783665709507 -0.020853841349666 -0.168461168671002
-0.0203909939105973 0.301714887577447 0.0396244600695725 -0.121874859258075
-0.169068492345492 0.325492528073699 0.0210722768562123 0.00507414162564027
-0.329548203036592 0.19213728205406 -0.109212849914857 0.0475656852748186
-0.365644277909684 -0.0517868415665641 -0.200310803048488 0.00277673578367331
-0.34552429826431 -0.172003687613589 -0.207061539651186 -0.124873584883968
-0.344290818452638 -0.199204307104453 -0.119922051913985 -0.00833244244868017
-0.386916980639799 -0.157112089768502 -0.0855664071457162 -0.0221446794611514
-0.419332131496216 0.0571889795130521 -0.0852809014497974 -0.0631136158261763
-0.325320557253665 0.26354443676435 -0.0405926663707667 -0.0214069005242194
-0.162061095357444 0.346703871948581 0.00477840881206151 -0.0362480446478625
-0.0106519565428421 0.345542465239481 -0.00611191843610681 -0.0686627109944415
0.118258179600762 0.300937146246105 -0.00329243241007695 -0.0807844006384486
0.139276401069026 0.261399241954506 -0.00312124341101933 -0.0786346027283605
0.164844858362061 0.257256485991327 -0.00535859602052132 -0.0753641417263227
0.0986286966432545 0.334188215989513 0.0199806105462844 -0.0824847325635681
-0.0171649838824979 0.355113460389859 0.060740865643496 -0.0622817185311499
-0.179552801432147 0.382596231630172 0.0474994735685985 0.0348431588413377
-0.358629390664164 0.250342140608191 -0.0620049497596603 0.0649759889893917
-0.428368983499844 -0.0127655266833044 -0.115419340026434 0.0234684859646509
-0.430248212907876 -0.161434131318478 -0.0819402021215167 -0.0463379158026901
-0.365174884597436 -0.182515087202783 0.00273615162993633 0.0827861314079896
-0.41478173222495 -0.130066009112603 0.0142692443158427 0.0153624677669565
-0.43751280362604 0.0821316692365357 -0.0512435035374541 -0.059236078474696
-0.333178075787896 0.28359611436135 -0.0554683620425746 -0.010043144103508
-0.172233695630526 0.364070925227606 -0.0330030058088197 0.036009873689723
-0.015669008475516 0.363892425023448 -0.00901312363609623 0.0445383928464827
0.114651485546991 0.313215311732618 0.0318491139932188 0.0417937839633491
0.134427503899816 0.270041264607215 0.0557927985694639 0.0378618520123901
0.156391487013547 0.261817171753886 0.0541544978243437 0.0330700586696491
0.0891969711546445 0.332831482314004 0.063967893694081 0.0113242872727249
-0.0279264887346639 0.347912986469562 0.079525893071902 0.00688243560965381
-0.177389848360091 0.362421709727772 0.0666183113562606 0.060810700439464
-0.334507078565631 0.243856996055061 -0.0121799425798654 0.066953643235785
-0.413076486037611 0.012117999034189 -0.0194657559975716 0.0231537316198285
-0.439032082396853 -0.131740224536846 0.0572763419514835 0.0176105746348825
-0.331065584941562 -0.131715216765777 0.126662066919518 0.175450180807275
-0.366098532566941 -0.0735559317188583 0.117779460017016 0.0612374966667093
-0.367072767440164 0.0999936145785564 -0.00506343199166482 -0.0365485226961194
-0.267759248384779 0.249974916609725 -0.0553829685155546 0.0123982628845828
-0.14121552278167 0.31037748440585 -0.0571576747391675 0.107951264378356
-0.0132470245314581 0.315661916353582 -0.0046628024744201 0.153978838988117
0.0956696469747552 0.273178258494442 0.0657852957020947 0.159715779884398
0.108555187544507 0.237905467893883 0.106491783448173 0.148194575814687
0.119106524511966 0.232160670295563 0.101224506760215 0.134795910304534
0.0552908639802518 0.285265426697146 0.0922823674093481 0.100807097579129
-0.0506274654818784 0.283866266164862 0.0789599714720177 0.0748062872470575
-0.163784837889796 0.269510531417501 0.0656361483019122 0.0809346846329767
-0.264671444104083 0.179056942553911 0.0234211321747361 0.0591482738377567
-0.329137674456026 0.0140585367986531 0.0620603598029765 0.0117513786700458
-0.376670639954484 -0.0911309570551287 0.182747910329302 0.0650019840252833
-0.24359049256126 -0.0582961556247622 0.233529542988939 0.249121451465458
-0.243374914721502 -0.00641001633382503 0.206586679154414 0.0971138874703426
-0.221844642051244 0.0936195188578343 0.0474245490117791 -0.00711728497319878
-0.153102768840348 0.161625662701382 -0.0371624459206427 0.0330972774066725
-0.089924559858229 0.197561751930009 -0.0613348356826692 0.158465729581798
-0.00998121158410626 0.212250410265951 0.00781431394316068 0.235449781459642
0.0598547134748792 0.189826612062682 0.0948295144732169 0.251062503123105
0.067123336506906 0.170466309037858 0.141770792861716 0.237156415450776
0.0655891655191868 0.16970575082952 0.126979116488315 0.219065771240355
0.0123749795800151 0.199171247052685 0.0914946490846976 0.176462658877157
-0.0647340947570819 0.181060836631863 0.0512738345591368 0.129394392060368
-0.125881147237907 0.14171537992295 0.0415713000403223 0.0899062140928749
-0.159115304908729 0.092562420139903 0.0417663627742565 0.0467408460793255
-0.202952463669263 0.0163676849033529 0.117712023266964 0.000921770811770182
-0.262687389425592 -0.0393444261407048 0.27676831956293 0.0973689033906676
-0.109697360394935 0.0204010418967322 0.303876671707764 0.289362030197461
-0.0769319082986931 0.0445676080171041 0.270658896010815 0.11177149772073
-0.0479760097134626 0.0543882424792231 0.100300303810876 0.00884287098524645
-0.0304200492743065 0.0388928637758231 -0.00991028940008931 0.038137670226148
-0.0385938363832834 0.055020432391164 -0.0513213280907179 0.177913702090715
-0.0140203861626609 0.0789217254079177 0.0255408502126244 0.273749863105927
0.0113868014610559 0.0783075263182065 0.113245834691849 0.298416720365848
0.0150617798101371 0.0772632366419867 0.153935597079186 0.29039750053615
0.00900567527430753 0.0796911809894114 0.126633251543034 0.274874438357565
-0.0166576039654696 0.0866231320758187 0.0670297075160806 0.229561174469536
-0.0517749718102321 0.0635146614159097 0.00325454868436725 0.162491814812262
-0.053570515625026 0.0191566577493014 0.00604553371415996 0.0820478026802866
-0.0341449139568298 0.024805481719276 0.0510287213671116 0.0327155110074722
-0.0654256910075935 0.0375743690972854 0.150660424334998 -0.00235977789547979
-0.124774362837905 0.0254036923736134 0.327961574094606 0.111659845833925
-0.0537035498616416 -0.0779798135379073 -0.324653810818617 -0.0922465786904351
-0.0798440718163892 -0.0665832012124088 -0.206953972368801 0.00596903482283632
-0.0947711225884721 0.0161626562894872 -0.066526069956386 -0.00728991797966937
-0.0418881950673833 0.0738501455851703 0.00876498321006217 -0.0302273463638591
0.00828451052257931 0.0591456173362551 0.039900425948399 -0.152514321726041
0.0264847434687148 0.039244436124907 -0.0369119684250718 -0.237484469884542
0.0418885839464812 0.0274096795233887 -0.110493185721668 -0.270934821355091
0.0406213317241433 0.024856115793008 -0.152108282473814 -0.282807120999411
0.04666041971112 0.0356560508664509 -0.13424116479318 -0.284476474363567
0.0304862900181243 0.0615517825721573 -0.0677384238828425 -0.25693621188677
0.00757403959825171 0.0730240792807854 0.00797255808473714 -0.182353812503753
-0.0508115306517404 0.0927400817681971 -0.00774203728873463 -0.0557637030692857
-0.10787766140205 0.0249481417875141 -0.126687144474777 -0.00977216384456134
-0.0745139439333935 -0.0754747483810526 -0.246920026291725 -0.0638339453516324
-0.0349205099445543 -0.0874663107445702 -0.321005961277596 -0.257845490872471
-0.173278106800886 -0.125269362570174 -0.290996862975091 -0.095842828670998
-0.197434520322516 -0.100419692840819 -0.197649824862829 -0.0202358348848712
-0.213283827454746 0.0378898431066419 -0.0896374588369531 -0.0204533688127132
-0.138828851760134 0.151501910296998 0.000165831260299346 -0.021150802845539
-0.0420788371001925 0.171826347881675 0.0470981661953854 -0.130769681182473
0.0273893569398719 0.156187888821133 -0.0203397774458709 -0.213427857755307
0.0864353338748717 0.133343800314593 -0.0825482503076884 -0.246234750268059
0.0917369712349849 0.12163309703893 -0.12021856099075 -0.247998387200292
0.104171409532814 0.131938837620288 -0.112554273414932 -0.243999486268998
0.0611069745881154 0.182874016291625 -0.0575340303976267 -0.224752554242154
-0.00724641232706291 0.195322207009547 0.0164378534250547 -0.16168315343837
-0.115397271884228 0.217426825625255 0.00217991205494662 -0.02508663556411
-0.228293296417833 0.112025672916083 -0.129431667977343 0.0249725129119342
-0.233987169564327 -0.0692849852845363 -0.241294833628522 -0.0215060485270598
-0.202199372954655 -0.135084519113733 -0.291142743408178 -0.18828029073547
-0.272386549811433 -0.162497282339037 -0.219908256822959 -0.0654818019683768
-0.302484100814746 -0.127996360167141 -0.157859065277409 -0.0306606049654023
-0.321608022594079 0.0529226781504622 -0.0995286856876258 -0.0406409766322038
-0.232739029494146 0.217483747283637 -0.0196280694050003 -0.0193112013147829
-0.09774360566642 0.271700852060866 0.0317364455573624 -0.0927729490420849
0.0190768577236122 0.262110767301318 -0.0121587522403871 -0.154560326971772
0.115931290805972 0.224964854476511 -0.0478585958128032 -0.179487827398557
0.12969720704603 0.198594968905782 -0.0700758819944553 -0.174756322965752
0.150780881258375 0.201843923537036 -0.0692206564101723 -0.168474860649802
0.0948003883490434 0.271975180331197 -0.0298494477736486 -0.162987849270021
-0.00313555683970536 0.292509181030211 0.0314142248462132 -0.121684425321076
-0.146237338568487 0.3240774154193 0.0242346270320095 0.00371617314153469
-0.305692547915772 0.203457428209767 -0.100914665410968 0.0538826572331259
-0.355872728456746 -0.0323247203488797 -0.191771570323536 0.0146310783562992
-0.339750602389149 -0.148259979877344 -0.205352394886908 -0.110442421191692
-0.33952255247266 -0.175432018383695 -0.11735732100855 -0.00191922316275778
-0.382313774039943 -0.131962264527125 -0.0848203364500181 -0.0187170959313731
-0.398481502387885 0.07763460764177 -0.0879023082668066 -0.0546691567968249
-0.297066420396197 0.271133289328796 -0.0413732250359402 -0.0179319893343581
-0.135095263881423 0.343463977677355 0.000717395643287498 -0.0360509708369074
0.0100528461582772 0.333270436777349 -0.00982252536788346 -0.0651910024282652
0.130641073284041 0.283789622354794 -0.00866307530474324 -0.0802539841316075
0.148777367094832 0.243989939359018 -0.00873594618947366 -0.076714676512919
0.172707503921124 0.239415777606228 -0.00925715491483978 -0.0732307549170181
0.11466074895958 0.317863937723283 0.0141382324130695 -0.0822559922430332
0.00275554014647621 0.344110395797807 0.0543088274284457 -0.0656214166676486
-0.153198690239992 0.379986026933317 0.0522106184803191 0.0304560132050334
-0.331196377779757 0.258892386153604 -0.0544362456043746 0.0677865738336797
-0.413635768205528 0.00858291689367855 -0.109366430268746 0.0312420762575912
-0.419885055248889 -0.132838259687489 -0.0805498623384292 -0.0409096596058519
-0.361623967816782 -0.157756388525934 0.00608867464401145 0.0810862441911544
-0.407343071845465 -0.104533171824154 0.0133369930981 0.0135251342354337
-0.414451528448054 0.102725248672482 -0.0561387829048603 -0.0533341424105411
-0.3039816345305 0.290777665372445 -0.0561430427039569 -0.00739958483121727
-0.14215892302193 0.360543101267085 -0.0309707378365676 0.0357661469699706
0.00641662277369319 0.351075600306494 -0.00666350325151397 0.0441505929165722
0.127843805278237 0.296519556757331 0.0321531108900753 0.0364038736839996
0.144658284491319 0.252174908828352 0.054980074396793 0.0328317251640838
0.164217070561624 0.244305419171109 0.0540272042080218 0.0276447576158793
0.105120085510463 0.316377773248594 0.0614712892547696 0.00574271582911543
-0.00761306546712181 0.337345948969426 0.0751968829874402 0.000183236433408756
-0.151524619727765 0.36017800139079 0.0712852336165809 0.0541706774457583
-0.307934296815295 0.252989259486469 -0.00676165355418728 0.0659521538790546
-0.396780878437675 0.0312813444633036 -0.017102424968167 0.0259217327941444
-0.426361004375357 -0.102790448071134 0.057350735380098 0.0133931543749778
-0.326613077432349 -0.109548758650687 0.131410811342335 0.16396412590914
-0.356415521167234 -0.0518794326914647 0.115615637367877 0.0524962408433916
-0.344634815619041 0.117248790575197 -0.0102988639844703 -0.0339145174487581
-0.242325240366259 0.254832184223368 -0.054886725808958 0.0138111364869333
-0.117909373768989 0.307495513802373 -0.0507336518578424 0.106087683680127
0.00600865035056514 0.304603297406286 0.00317212078661669 0.150178015257195
0.106594932000814 0.259356383383918 0.0708026306800271 0.14815943573032
0.117710308489077 0.222649587592684 0.110499659168647 0.136173003682592
0.126759499989716 0.216994607718618 0.106270595572042 0.123320758258854
0.068586140386511 0.272131641043118 0.0933033065688275 0.091348899563987
-0.0326904066018129 0.276710964734261 0.0785779329811122 0.0662439618600939
-0.143789148939115 0.269821690790397 0.0707982993087767 0.0738732608671969
-0.243549026333046 0.186343225345796 0.0266526762176178 0.0561217131176088
-0.31463829939138 0.0292016708807553 0.059239215108832 0.0104368616991354
-0.363171121740529 -0.0676336846749184 0.18090384127476 0.0532218520311063
-0.237879128447456 -0.042496916722751 0.238347033380291 0.229641741812889
-0.23480837262812 0.00707112550102838 0.202755352558408 0.0834439445849322
-0.206378994657408 0.103027104360054 0.0421336511062742 -0.00881018290690987
-0.136995408438981 0.163505820725821 -0.0367514995891362 0.0327263517775273
-0.0744953746118713 0.195109524306955 -0.0523207932965839 0.156279617452163
0.00339196753284533 0.205534469145556 0.0198158119299458 0.228187665015746
0.0678975434119799 0.180575055388525 0.104234923683977 0.235717276266797
0.0733665213116245 0.160353230183347 0.149392465350796 0.21991548669465
0.0719000744517037 0.159807742878107 0.135774203136948 0.203243446609639
0.0234379496573826 0.190996620986979 0.0976306600213472 0.164566780441775
-0.0519732417684584 0.17847971939026 0.0546495874391273 0.121674654513132
-0.113654330932759 0.143094233089978 0.0474378010652017 0.0836091438967198
-0.146445820697789 0.0967692724442829 0.0431305366191684 0.0424398824823392
-0.192269367629949 0.02559167422768 0.111973759992543 -0.00327054905205684
-0.252839933357962 -0.0237000851212733 0.272617128103608 0.079386517634821
-0.105205923649655 0.0269370977243772 0.309557145225564 0.265701080682473
-0.0711692925060204 0.0478803335359611 0.265473179644213 0.0949813070532003
-0.0414461544259906 0.0558571925165258 0.0936277675851175 0.0031074994079449
-0.0261394252923587 0.0382776124288825 -0.00951297541879927 0.0367331596678608
-0.0337155807825986 0.0552058300550481 -0.0402182042174899 0.174843256970174
-0.00805632120253913 0.0766741074739407 0.0389749428835321 0.263870139691008
0.0152203496315795 0.0751638039657531 0.125148241433623 0.282693008854975
0.018778638795185 0.073512604671061 0.165177835637673 0.270496246390662
0.0129616215025413 0.0764014794748625 0.139261861599187 0.256776042274486
-0.0109789891250228 0.0844231160203321 0.0773169672344709 0.217393303432649
-0.0462025343754962 0.0638135063736962 0.0116627345493437 0.156807084901003
-0.05052899985323 0.0205172765044326 0.0115087789644928 0.078180364061571
-0.0300290799214664 0.0246288606861378 0.0511101271996692 0.0268979494236719
-0.058505914422292 0.039841283695491 0.143123922452365 -0.0089656648500765
-0.117565155220378 0.0311149454899607 0.323260788629294 0.0898382999010288
-0.0520370686384017 -0.0744207577546766 -0.314484311294256 -0.0841398319099668
-0.0791921949596924 -0.0627442669559297 -0.198764661780586 0.00644187170101501
-0.0908824275802237 0.0173899112651245 -0.0647433935795422 -0.00478437569870888
-0.0380698457392239 0.0723903471612801 0.0075648879467825 -0.0271765123037386
0.0101678335396585 0.0570321983969452 0.0342842638893831 -0.145829341811339
0.0258210320444144 0.0362140476899345 -0.0410951608885625 -0.226786409439644
0.0404185377473347 0.0247859833989195 -0.112226841123273 -0.25873702732697
0.0396061585790921 0.0232746360179229 -0.153299271996606 -0.267939841562403
0.0456476465126486 0.0337011204636464 -0.135335503980074 -0.27039245701795
0.0310262188299883 0.0594031408302818 -0.0700216559785325 -0.247024965366615
0.00776530528598693 0.0702918811977163 0.0062030774066261 -0.176516742825863
-0.0471471125385676 0.0910953068202467 -0.00655040396583798 -0.0531122661645899
-0.103249693680466 0.0264244503382426 -0.120101692321365 -0.00619873545940168
-0.0745775436281228 -0.0725146950256221 -0.235384657266615 -0.0563436057398977
-0.0356935680689495 -0.0837397004427584 -0.313550182872552 -0.242137891916371
-0.167524566909243 -0.118407454094791 -0.282633659389396 -0.088209832746501
-0.19238260512469 -0.0935179929612352 -0.190753009595121 -0.0177544719887829
-0.202985981192717 0.0408525602897043 -0.0871850806837835 -0.0169707749745363
-0.128673578146828 0.148819466489849 -0.000906028207713415 -0.0185792075816719
-0.0352150832458701 0.166166182675743 0.0412936962171803 -0.125632422212301
0.0296589506799057 0.148922592758789 -0.0244974931868927 -0.203927233866115
0.0850119336698544 0.126062487184129 -0.085298480581501 -0.235976881748926
0.0904113221882035 0.115150908255293 -0.122411581721501 -0.235518858917106
0.10296604398039 0.124906084156481 -0.113736006619714 -0.232871816454773
0.0635124256074845 0.174743087776713 -0.0601576602986589 -0.216765342879144
-0.00354272379399717 0.188210898753486 0.0133277145631312 -0.157635862550941
-0.106913061462534 0.212096445631733 0.00464596071239426 -0.0243808590058863
-0.215991307019474 0.11245189825055 -0.121918353463568 0.0275549719119285
-0.228172894428774 -0.0642927332750174 -0.229554038416105 -0.0149792762596043
-0.195859369120877 -0.126239697884843 -0.282370982910455 -0.176805936523661
-0.263524288687679 -0.152072804474135 -0.213659623287935 -0.058639675359272
-0.292896308607381 -0.119011760520144 -0.153234852313969 -0.0287632499125939
-0.30544103173975 0.0569137658001646 -0.0976209016545904 -0.034555576490983
-0.217287295648637 0.212887020271563 -0.0200701243067113 -0.0168549750179125
-0.0856803445661494 0.262707165624078 0.0271217557065829 -0.0897745766357291
0.0239836667659392 0.250422833761861 -0.0149351550020281 -0.147973083838147
0.115521915973993 0.213399211924322 -0.0503738646442447 -0.173083497525296
0.128913877262139 0.188226483235027 -0.0719009799879219 -0.166500001699723
0.148367165749501 0.191366775123696 -0.0704619799218903 -0.161913669587524
0.0977937414105799 0.2599116970347 -0.0320982222394674 -0.157580959014413
0.00278491944339201 0.281192927685513 0.0269814355117089 -0.119840668216593
-0.134455095980795 0.316009842554408 0.027567515609826 0.00276277353683266
-0.288303097543378 0.199448752763793 -0.0946467131335341 0.0556399180720423
-0.343006082987519 -0.0274254333754979 -0.182071088925003 0.0196614628302367
-0.327277655792154 -0.136460980168924 -0.198501427745188 -0.103894582357671
-0.329057776382383 -0.161985522860237 -0.113767631497285 0.000888243956459843
-0.369161752963575 -0.120773556576862 -0.0832379082736492 -0.018127548011237
-0.378484067898415 0.0811552496515987 -0.0878126457585045 -0.0488968861707147
-0.277602809699924 0.265402333214417 -0.0414992003701394 -0.0154469540148343
-0.119431856094 0.331800771523323 -0.00116051807799641 -0.0353885291318719
0.0176647780219624 0.319655995491408 -0.0112398829587499 -0.0615046517557566
0.130786505828598 0.269416682624168 -0.012014213825963 -0.0786551123466297
0.148038236702137 0.230597570009746 -0.0107911251620694 -0.073413707100171
0.170322952599142 0.226830465995649 -0.0108640054319545 -0.0721329491303289
0.117108513765787 0.303331649545334 0.0108202901727888 -0.0808501126150768
0.00991985461416759 0.330605303550195 0.0495393665131701 -0.066010883086599
-0.139108355381271 0.368983511337435 0.0542657207480337 0.0269457453797056
-0.310474462826643 0.254978714442059 -0.0501093294574375 0.0671521967134132
-0.396614527285679 0.0131518861742364 -0.103129686452686 0.0342623660373037
-0.402279825065536 -0.121657303526424 -0.0772470294154254 -0.0381288717195668
-0.34881401392126 -0.144849227560943 0.00657157585432857 0.078396146665039
-0.39217682619118 -0.0928016548167784 0.0114476934600144 0.0112966656303481
-0.392294493534899 0.107594571860481 -0.0575040229870144 -0.048812062365858
-0.283943932167717 0.283934470596439 -0.0555050639018847 -0.00572311083285855
-0.127826030385072 0.347932857797367 -0.0308631487506783 0.0340534494300317
0.0143980932217159 0.336553513851406 -0.00621630633806791 0.0436559456074954
0.128598012477254 0.281971230364504 0.0295304613348075 0.032166179944891
0.143402417003668 0.238929899492752 0.0525859651243787 0.0293641697998388
0.162029486021939 0.231750041968418 0.0526778751247087 0.0238285687516051
0.107140259299053 0.302639246004531 0.0586480911193816 0.00347212369101515
-0.000298745211706079 0.32524178104368 0.0705378192904086 -0.00260738397749197
-0.138455738747453 0.350229035212231 0.0737388872666596 0.0497329894164433
-0.288884839474043 0.246542607908714 -0.0043869453044883 0.064356297745403
-0.378946694030921 0.0339994218413773 -0.0162184816084856 0.0271100550025417
-0.407766889640104 -0.0922501371512578 0.0560008651315227 0.0120139408422934
-0.314851771335604 -0.0992669907044119 0.129040425298045 0.156000209704763
-0.34244449911698 -0.0431763871653989 0.11046925540366 0.0483689566911242
-0.326204785961186 0.118366874814293 -0.0130500347637684 -0.0315545580096
-0.226602694424884 0.248048116307736 -0.054504846860909 0.0141583069486448
-0.105022149216513 0.297030314098218 -0.0484187765437038 0.102155153734554
0.0128127828050467 0.292407266468795 0.00515896445057564 0.145316835587621
0.106751446688601 0.247317599066598 0.0697392581269685 0.139643662387491
0.11725945603008 0.211250281644742 0.108434599382297 0.127535541741526
0.125996470110276 0.206552426790947 0.1042851619381 0.114308038323314
0.0720084358525112 0.260314314083789 0.0910262360034227 0.0851274586320434
-0.0247284041665521 0.266971270222946 0.0745493756802699 0.0606296860544347
-0.13252485760056 0.26274454257417 0.0725438561191091 0.068434983460637
-0.228137059976823 0.18179169449073 0.0270884789228948 0.0535841135336566
-0.299954423486853 0.0322043068173142 0.0569159681393465 0.0111357460816572
-0.346775198566259 -0.0585149733692327 0.176230454124028 0.0478199519513376
-0.229127151288088 -0.035724590622094 0.23377331482786 0.217910668973818
-0.224971096736409 0.0110854621890428 0.19541772080559 0.0772869133727556
-0.193345922848018 0.102976240239639 0.0374385632506101 -0.008561424034486
-0.127164372004338 0.15849030765591 -0.036913924922047 0.0315530597267424
-0.0672002508024785 0.188809662933094 -0.0488014810652956 0.150351809075589
0.00835426048704136 0.19753148073189 0.0230748722779671 0.220084472440723
0.068750186508957 0.172461575739764 0.104566118484825 0.223425088994211
0.0737113629633803 0.152262379506436 0.148736492919726 0.207195484983684
0.0718330495024083 0.152344679858797 0.134992374932911 0.191071966800875
0.0267450318694462 0.183483774954672 0.0969057554590998 0.155834388633371
-0.045758847586472 0.172252638290195 0.0536890467235339 0.114750402434788
-0.105812373940521 0.139771221590657 0.0490895735643603 0.0780498847498837
-0.136958189625278 0.0945554125386826 0.0426868337970426 0.0394238230946094
-0.182284107227234 0.0267520795112248 0.10606913678627 -0.00354033833873507
-0.240359535463054 -0.0189204749792288 0.263986424870973 0.071198812241916
-0.101082286869826 0.0290967171130769 0.303053734252782 0.2505840665391
-0.0665826270650632 0.0475811607255422 0.256928736150612 0.0865212997556598
-0.0367215216017566 0.0549125731601583 0.0874550856208807 0.00140183496428577
-0.0238758712537689 0.0364719229131455 -0.0111505106894225 0.0345380465986636
-0.0310202753102848 0.0536031783496773 -0.0376358942730221 0.169110423459947
-0.00506138720073218 0.0741062003385263 0.0424932623247703 0.254521251925277
0.0161064175137244 0.0727877344143023 0.126470662117566 0.269090090175545
0.0189190649857919 0.0697866884648337 0.164604534293571 0.255978580412108
0.0137178208904109 0.0731743623828831 0.140701738028603 0.24236489004276
-0.00906184157008187 0.080824857511497 0.079159592799395 0.2075683330672
-0.0420577108876151 0.0618579001271226 0.0137160080962295 0.149837984369869
-0.0480513966167163 0.0196160260461889 0.0139809399739291 0.0735714366223839
-0.0271222825537696 0.0230618860293308 0.0500202906261581 0.0240794485089652
-0.0539225889977583 0.0390683632897589 0.136119462542248 -0.00956921882183129
-0.110831425577138 0.0321937943774928 0.31298322104529 0.0808486503515464
-0.0502303102178325 -0.0743010631707424 -0.310253920106235 -0.0857382257027933
-0.078128611393511 -0.06215568403947 -0.196606863441608 0.00372748655843431
-0.0893174259113443 0.0170624085894692 -0.0639613864249622 -0.00383216931878575
-0.0369159884368649 0.0717647810262162 0.00749509826064203 -0.0247831821952085
0.0107341185148197 0.056044508572818 0.0328391438102864 -0.141650647576271
0.0253871156851335 0.0350780839985258 -0.040314861529939 -0.221806032786482
0.0397768618669146 0.0236395312406167 -0.110728372715223 -0.25470745301951
0.0391648686549708 0.0229842125059677 -0.151061273959546 -0.262817562635348
0.0453024086580225 0.0331049964668542 -0.133184488302585 -0.267121434940214
0.0311006404255504 0.058851632555085 -0.0677386485161163 -0.24430313903184
0.00706318350591612 0.0691625741080449 0.00799495260248084 -0.174833492889782
-0.0470173887110412 0.0897321921259619 -0.00401328159211438 -0.0522605868656127
-0.101962392739757 0.0256944855893989 -0.11570656744142 -0.00488519465609799
-0.0748788470575754 -0.0724925036195504 -0.228627594442272 -0.0570660231363793
-0.034993961639136 -0.0827842308270993 -0.306892554375087 -0.240193652238372
-0.163136299916958 -0.118137188041979 -0.278082494099465 -0.0887011342020506
-0.189132173412655 -0.0932757057486077 -0.188624836245389 -0.0200515893158677
-0.198381747120329 0.0394089742653728 -0.0864032726036058 -0.0151156342782497
-0.125372249023055 0.145620549823347 -0.000974843470689374 -0.0163567539952703
-0.0337272135211946 0.163384589620402 0.0398354924476414 -0.122755766271088
0.028667310493332 0.145708567853075 -0.023566693842461 -0.199439139566707
0.08320870196409 0.123582681467533 -0.0847400317440465 -0.232564124852771
0.0889180202280764 0.112661911925759 -0.120668135064785 -0.231049555932066
0.100634730682589 0.122921286473532 -0.112326193745253 -0.229789064245378
0.0628351361712922 0.172799927800348 -0.0585586781252625 -0.214909485898922
-0.00416144223798985 0.18565820248458 0.0130994022571834 -0.156289096467185
-0.10578810259149 0.209243604378746 0.00740025930645134 -0.0242807107722461
-0.212285080776967 0.109725233978849 -0.118093513885735 0.0285761695761714
-0.225237961983881 -0.065140309997939 -0.222695140814831 -0.0153140319632452
-0.190906285855519 -0.125638967896827 -0.276435581069435 -0.175231160574819
-0.256942080549581 -0.151642898406592 -0.21089542017372 -0.0592127984052065
-0.287132001341434 -0.118415818272636 -0.151301352794982 -0.0304229131303608
-0.297928972408231 0.0548095670594967 -0.0970426215959578 -0.032668352116475
-0.212336895150329 0.207844814290287 -0.0199887870998389 -0.0146818291867952
-0.0820711880503954 0.257780372161558 0.0256922997431751 -0.0879818294704621
0.0232907764553207 0.244918595795225 -0.0154738166166722 -0.144582066694321
0.113096645533752 0.210163487185253 -0.0515659887065006 -0.171514536311865
0.12638677618271 0.184459702106226 -0.0718615145484913 -0.162779465873368
0.145962725469859 0.187955550124522 -0.0698721819952082 -0.159844971969894
0.0964124691124422 0.256126477758459 -0.0318296724151416 -0.156284488997869
0.00168824056755297 0.277119507188891 0.0262056776918766 -0.119402634398948
-0.132547511418022 0.310912643113308 0.030238146019148 0.00182031066613873
-0.281546690206729 0.195086744227781 -0.091934135537876 0.0554836434815709
-0.338312005368432 -0.0307435904018846 -0.176809662727251 0.0197565000601948
-0.318840237012974 -0.13651457751787 -0.193436900435221 -0.102910081171801
-0.321568378280747 -0.162390223536216 -0.11220554870083 0.000498718317599075
-0.361117286511578 -0.121330337839482 -0.0825544018418816 -0.019328724392335
-0.3696187653342 0.0790392310779161 -0.0875233166332585 -0.0464143283014914
-0.270737146914483 0.258149894062615 -0.041838863293786 -0.0142116178398688
-0.115770825939758 0.3254797651484 -0.00254618534772117 -0.0351650154775314
0.017697645673663 0.313095256702174 -0.0113416162919135 -0.0593464487949481
0.127434237163463 0.264979134674787 -0.0133009509071344 -0.0790467225766457
0.144448485104664 0.226684715577384 -0.011337731234599 -0.0716209072446463
0.167167253917593 0.223313420611193 -0.011246031415947 -0.0719334789431858
0.115142547780887 0.299087319201218 0.0101633246690891 -0.0802193732369751
0.00878014908025294 0.324955281738223 0.0469548838805096 -0.0665600787526479
-0.137760152501338 0.363791632570172 0.0566088083679658 0.0251515215650852
-0.305770768976295 0.247594291288964 -0.0481070959994237 0.0673360579187337
-0.390686793627085 0.00938861820615844 -0.0994116689516647 0.0348330686691511
-0.39114834412792 -0.121512148829445 -0.0746354524884388 -0.0383314408104792
-0.341188921097555 -0.145021856902136 0.0060701083925764 0.0771492320252892
-0.385013159643137 -0.0938782779302987 0.0093056419156987 0.0103115781483584
-0.383740352205498 0.103747429758687 -0.0581476372364729 -0.0460726981171128
-0.277875357509975 0.277241663817048 -0.0569396827152851 -0.00517643082031579
-0.124583289156017 0.340133907742772 -0.0319666755189156 0.0326397964839116
0.0145137758381214 0.330523408705479 -0.00700455041032429 0.0435579645747254
0.125077097132086 0.277997266531971 0.0271458336086673 0.0303586169496711
0.139966253475636 0.234237720614861 0.0511652911012148 0.0290280173110106
0.158643658237549 0.227413564933061 0.0509476665163751 0.0222366838273992
0.104591304780434 0.297605127681493 0.0565965908634504 0.00243533604671345
-0.000284438183986974 0.319216145301262 0.0669035457353993 -0.00368932364278271
-0.137039274039445 0.344317597946396 0.0755690611368389 0.0470261037984861
-0.282839426238981 0.240013107453694 -0.00377870713777501 0.0643358271401425
-0.371910504033377 0.029738829473551 -0.0152939238793688 0.028693201011176
-0.396737331598948 -0.0921782717558164 0.0567202622395596 0.0113850537045635
-0.308655786244178 -0.0990574253277681 0.126281417265278 0.154442522652731
-0.335704850970324 -0.0446861782262965 0.10713047593502 0.0475593196369827
-0.317547756467703 0.116370552625785 -0.0153961161457895 -0.0290359975091781
-0.221147036125423 0.241353721171357 -0.0565332586428212 0.0136792790057646
-0.102173212749894 0.291237612834215 -0.0498182531642317 0.099593127213824
0.013485755901586 0.287359683155939 0.004298661318622 0.143602092010844
0.105636984799114 0.24441916122262 0.0670396245980623 0.136127042389736
0.114240230001659 0.20758105148052 0.106046007821695 0.125328523699246
0.12301553710774 0.202743257578745 0.102609551126504 0.1116367714356
0.0706077100870961 0.25642784334545 0.0888097679410483 0.0832773673178984
-0.0245941438805597 0.262195315076028 0.0711653783043305 0.0589567907873715
-0.131194262835913 0.25815255124395 0.0741324622993837 0.0656700782556462
-0.223267412762891 0.176399080513069 0.0273020945864203 0.0527704798469932
-0.294501778187893 0.0283973614168781 0.0554954150264972 0.0130269589971297
-0.337529538145374 -0.0597439104348963 0.174105483209852 0.0475009106651234
-0.224924577766436 -0.0353963026638566 0.22933444079864 0.214867222060189
-0.220037167088573 0.0101011725906273 0.191078983959584 0.0765662594607203
-0.187432989941545 0.100462847606389 0.0345295322610331 -0.00716339256398494
-0.124407526050388 0.153709972316559 -0.0389251113968764 0.0304683759708241
-0.0654300562286196 0.1849887634176 -0.050443653812137 0.147368218451327
0.00938200966477601 0.193909519430535 0.0216284998187031 0.217573473662345
0.0679734879613598 0.170226869955756 0.101247195569146 0.219177369563212
0.0711461694233 0.149724945465301 0.145668345798114 0.203562072383904
0.07021707112108 0.149952579906259 0.132910187442976 0.186355048713778
0.0254588259514527 0.180434147498083 0.0950744301500097 0.153312287669219
-0.0446827474880115 0.169270255354259 0.0508610545171896 0.112021276495271
-0.104330613721519 0.136339202136529 0.0500008260704472 0.0754059415502625
-0.133638764810763 0.0905237167316497 0.0417674326721958 0.038375588465769
-0.177960029073431 0.0240996789328106 0.103384230769195 -0.00118558190976808
-0.233975647773445 -0.0192079331991077 0.26098913302122 0.0710491418564326
-0.0993448129298775 0.0298092627866303 0.297651001026172 0.246780633645191
-0.0649713998132336 0.0469190505781009 0.25073427557657 0.0862295928653459
-0.0338620818581973 0.0537225568526843 0.0832624301083262 0.00247686701952862
-0.0232799086054713 0.0346327081900809 -0.0134040662880358 0.0334003797506509
-0.030729880612532 0.0522636430548947 -0.0386879447602596 0.166356956593123
-0.0041706915910019 0.072593707852132 0.041144449053402 0.251359338666104
0.0162149962710194 0.0720057016264746 0.124118699037022 0.264378888120796
0.0177342641989636 0.0687747614848276 0.162623665449031 0.250868416878284
0.0132723998225692 0.0717787939860897 0.138206593702573 0.237658550386649
-0.00889695737987301 0.0791901469918932 0.0780099747036571 0.203437019138502
-0.0413045787835746 0.0604702156982369 0.0127268874266991 0.147023071108896
-0.0473095663311541 0.0186806585122208 0.0146465531436856 0.0708149030908784
-0.026199625884783 0.0220828314044134 0.0491556953866486 0.0222309814899425
-0.0510090929124834 0.0375321961968253 0.131930447672402 -0.0075215745990387
-0.107916325156798 0.0312110969149786 0.307609912222657 0.0803940778122401
-0.0727860789253253 -0.0443970584808969 -0.32745362002845 0.0500248977422502
-0.0940900064222327 -0.023161282376209 -0.181722898995206 0.0887074901839189
-0.0748723140421922 0.0527021321878388 -0.0603038486874856 0.0287449675194082
-0.00382966174451767 0.079439725476392 -0.00139901914535944 -0.0206677011685451
0.0312361361792344 0.0479900424045423 -0.0293425817318835 -0.141693106075809
0.0357007188257415 0.0231710174562913 -0.132162308553769 -0.183299831434345
0.0455465849708352 0.00438101283347216 -0.210955737102354 -0.18476030165998
0.0464633355532571 0.00702000449044115 -0.25371043308705 -0.173141842281619
0.0563019701780473 0.0110280725272585 -0.240435687394018 -0.185092692357049
0.0532286781665178 0.0414473441930244 -0.170174205003966 -0.193758305476025
0.0346820658462581 0.0623956931986782 -0.0707873792949743 -0.163706913510622
-0.00432923276356873 0.1024005190878 -0.0319051448889351 -0.0466534517579543
-0.0853520233646519 0.0669951586603109 -0.106276083639884 0.041227589897874
-0.105382389205294 -0.0363259951017505 -0.227167844824534 0.037798882506942
-0.0743088226672194 -0.063236896183359 -0.378644485510376 -0.0963064676334214
-0.194363792328319 -0.0411912186302882 -0.303000542144742 0.0374433872548567
-0.207050079550209 -0.0074498542301835 -0.186829074486909 0.0665681049480048
-0.164092124216752 0.115881245876134 -0.0853743651487451 0.0339749679727924
-0.0523925659637945 0.181061944316759 -0.00587608110558554 -0.00322388673003175
0.0356778134858217 0.161821875243713 -0.0123727986627541 -0.124602193340196
0.0854361158605066 0.12213967015732 -0.105063817664557 -0.168804307614902
0.126976571190229 0.0778605962442334 -0.175836112018697 -0.173624962625352
0.129788148918155 0.0709693933226194 -0.211988796877889 -0.156593393446309
0.145160299975157 0.0717640852522706 -0.205898915012034 -0.158331546996604
0.131038996288967 0.133845789353036 -0.151264070751116 -0.166999933014467
0.0737097561072285 0.175843695926793 -0.0638017660390677 -0.148521803744816
-0.00643145490406224 0.236454002970425 -0.0184164465371475 -0.0266033407297745
-0.153270272933964 0.191079509898348 -0.0986271039402282 0.0694309728656814
-0.242336711141816 0.0350593832147297 -0.205062100063973 0.0665491847710394
-0.239063868031013 -0.0325550080147586 -0.319202672161302 -0.0569923066545426
-0.293917633722927 -0.0364598904313056 -0.230740590316674 0.0387336119327636
-0.306743895977375 0.00854536377114181 -0.158917761417461 0.0435121501554194
-0.248061833560805 0.169206129328761 -0.103791066880347 0.0280495505900326
-0.104060831025588 0.271678880186312 -0.0242022624285984 0.0113589418476175
0.0308058201847541 0.266751712609604 -0.00772444943331413 -0.0838536401371159
0.122955129343566 0.215264507503783 -0.0707047165398229 -0.120650710489092
0.189513831533148 0.14459600383887 -0.116595730480706 -0.129852007779955
0.194348920911676 0.122887215035572 -0.137858001688142 -0.115300212642306
0.213434760167878 0.113648282360456 -0.136952994618318 -0.11202916274765
0.197426043596496 0.197554805543558 -0.103267675355065 -0.123597714780747
0.118676535033972 0.259292984496647 -0.0414606863146378 -0.11870481186461
0.0134918661987683 0.341790473363566 0.00583845224202771 -0.0115568471668401
-0.182158594663881 0.299965670878633 -0.0674855088041556 0.0803586819511181
-0.331074838137155 0.11595812481692 -0.149964368236006 0.0745499647557328
-0.363089838830136 0.0153608292699746 -0.209739897272225 -0.0306432539382451
-0.35802690959469 -0.0226239443631047 -0.11653642716003 0.054961167070981
-0.375658496980234 0.0349077816565954 -0.0914664529498668 0.0262467613302957
-0.303824476499625 0.219345198365019 -0.101693814953383 0.0152655221418516
-0.135966963081856 0.34045798907945 -0.0443141031313993 0.025423012506879
0.0282221924610618 0.341650025652112 -0.00895693903654525 -0.0210093410837573
0.146811468494984 0.27907903700673 -0.0294111441070789 -0.0433703418268315
0.226456433915854 0.18890799584456 -0.0398283071612007 -0.0596049291327666
0.227904511133662 0.154750498161188 -0.0422449353948189 -0.0578037326151843
0.247310770237885 0.137740099710784 -0.0448807259474399 -0.0572435284573686
0.234161987945236 0.228892434470406 -0.0322162566908686 -0.0712457126055151
0.146151571623281 0.301731886388391 -0.00241490827731601 -0.0782514287392078
0.0320029964809899 0.392787132527382 0.0360437352032808 -0.000410967426913062
-0.180469597963784 0.359311257276061 -0.0254905774244537 0.0713666550534864
-0.361318466249099 0.174814658779407 -0.0756709607632644 0.0542057772541644
-0.422071577012072 0.0626080189936413 -0.0722397142521277 -0.0260881897693369
-0.369386681370417 -0.00204037214123255 0.0247521120003688 0.0778090775296877
-0.386936496351896 0.0670924717095157 0.00702300564666991 0.0149729148235536
-0.306669633324415 0.247720669033716 -0.0744985620060898 0.00414250776494297
-0.135537496862687 0.359770950548899 -0.0544402246964445 0.0410618479262097
0.0274826948108122 0.359032529300617 -0.00603862757971401 0.0544615278533782
0.15214056106079 0.295324901203126 0.0197253563047122 0.0493153916821539
0.229218998937325 0.202680440741998 0.0452729594029879 0.0232453810495266
0.227242022207188 0.163646071878548 0.0589298383671975 0.0070844744938993
0.241381674311734 0.146048386997695 0.05347103480078 0.00100724061696667
0.224344339518329 0.232535858364457 0.0470533682489306 -0.0163049256848542
0.135427316123492 0.3000410864286 0.0433048838122451 -0.0301287035147222
0.024388777176491 0.373896522034739 0.0635579629295807 0.0105940688390482
-0.162266482561133 0.343053490186808 0.0128847850463305 0.0502257070656599
-0.33414586773654 0.186433448728045 -0.00218983959496078 0.0148241411927493
-0.412238785568011 0.0906732279696417 0.0680619828939509 -0.0350719574960858
-0.321822894093458 0.0258165191258225 0.170474229282551 0.0986838131321927
-0.323996643361276 0.0908493914906711 0.114461927511401 0.0058698387327369
-0.242897750768857 0.23119774510421 -0.0269035661198993 -0.00156692230140851
-0.0993352279182536 0.305277438994785 -0.0458591784225524 0.0543811428641572
0.0287149936160658 0.304641361473564 0.00584381690684442 0.12217500637129
0.133420948858768 0.256310144196262 0.0726869421602085 0.135370092738035
0.197072046521857 0.180010884129662 0.127223379800678 0.102247987463088
0.191408409983702 0.148024343552413 0.151384146582439 0.0700778010039163
0.198202807457517 0.138154125113013 0.140385274778551 0.0589787596002086
0.174831864057825 0.20885135212186 0.111963260956129 0.0422323413075362
0.0887617717116853 0.256083199658551 0.0766286626435693 0.0244980557303056
-0.00756235551547581 0.292126367680371 0.0750091654496529 0.0255272409932292
-0.133957911155701 0.258137998687985 0.0388562358056238 0.0286507795957289
-0.26069904562477 0.151093494998731 0.0552358766672679 -0.0244966369736038
-0.341295360194532 0.0958187833398942 0.189488449501927 -0.047855636802304
-0.220350128396601 0.0504961375940392 0.295708335512768 0.109758684011495
-0.197937096882514 0.0933280408817685 0.206229334448637 -0.00589777081998321
-0.13021860536592 0.16533937732798 0.0292166277907511 -0.00915955946501503
-0.0476771447222415 0.187239016956918 -0.0234409739959903 0.0555908772769834
0.0184584829659048 0.193268311528184 0.023315128790792 0.163129757424753
0.0914263045323025 0.171662219036433 0.118990981996928 0.193584912224554
0.132983301151445 0.128888392265457 0.192494206024355 0.162050541807754
0.127505558691251 0.110020676907126 0.221761150616881 0.123001563711461
0.127527423102991 0.110950972191216 0.201536802663039 0.112608223468909
0.100826226380728 0.15662197696514 0.149622635604478 0.100930140018284
0.030692618853522 0.177944308579149 0.0863798370138699 0.0796960250632122
-0.0358860864870493 0.169920425532989 0.0654902052092494 0.0427069555055844
-0.0861564046443341 0.139924528176906 0.0496464254103055 0.0113794285917056
-0.152574527241581 0.0970234812215558 0.0924982631883235 -0.0514698631342645
-0.224724994487917 0.0872484201665202 0.275176313711187 -0.0576227515684114
-0.0793341522671333 0.0604275233425373 0.376618155340705 0.108079624081105
-0.0420578732406298 0.0647822854192765 0.267452130767185 -0.0264752052371948
-0.00887963626055695 0.0605328583195104 0.0773654733597481 -0.0290953823367596
-0.0064452856795646 0.0388494163682932 0.00025884925571276 0.0388866745646717
-0.00445114206027503 0.058361896919287 0.0380321646722435 0.172047447214291
0.0287577465322715 0.0660691025160267 0.148380081399461 0.214169489078003
0.0451244271289571 0.0600270253816203 0.230695841575572 0.191609009263108
0.0445148537831961 0.0561405902633849 0.258075145763319 0.157434527134299
0.0418658995511485 0.0626565318068641 0.229946173226564 0.155910419625496
0.0259684935215462 0.0775081833739484 0.158431678874802 0.151681695316079
-0.0122213109072381 0.074525450409948 0.072197075898978 0.127218044332033
-0.0352905625452573 0.0381531425014079 0.0408071963058814 0.0536637342897685
-0.0140031534407603 0.0308416697029295 0.0524669333956809 -0.00292827849728468
-0.0286918544016463 0.0555972538733719 0.115380139422986 -0.0626752630214279
-0.0833529045673962 0.0786038566138204 0.318300587690306 -0.0614386840954476
-0.0760934562140257 -0.0440235291341135 -0.336416484459217 0.0599340489513787
-0.09788712686206 -0.0215372426974052 -0.185758789497237 0.0951166766805372
-0.0754140573252926 0.0566431432816526 -0.0603167458291652 0.0315871438062143
-0.000955187773529287 0.0816062904088275 -0.00090502324196755 -0.0192283000585943
0.0345297586572168 0.0477486292825695 -0.0340737673054412 -0.143503102904163
0.0369184860377389 0.022868066770513 -0.140300334469592 -0.183867227265253
0.0464207697933717 0.00326858921832937 -0.222376167518909 -0.183916687161813
0.0478811948166368 0.00555186483887427 -0.265407546586105 -0.169991470032001
0.0584815990464772 0.00989154919552877 -0.252775731362858 -0.182936869441179
0.0564387287336541 0.0414516101174373 -0.180643464885383 -0.195399404804634
0.0371597945854616 0.0637905758685271 -0.0764369811019234 -0.168512862590101
-0.00114233681118272 0.106006723700684 -0.0321314695854691 -0.0480909589049553
-0.0857722210447677 0.0704494439263599 -0.105669875848991 0.0448819192790444
-0.110567807140056 -0.0337443503619236 -0.230637460921538 0.0418808587972925
-0.0777100542288429 -0.0627590981143651 -0.391060922814829 -0.088758834239236
-0.200323819773103 -0.0380809828604163 -0.311223802088246 0.0455892121210395
-0.21314099332777 -0.00217473886288181 -0.191032971546819 0.0722023492715157
-0.164437090925071 0.123182973248006 -0.0862077456352784 0.038271638595623
-0.0479896900291331 0.186350224966828 -0.00566249926325838 -0.00170362745214945
0.0424657750402696 0.163994204137588 -0.017179867539604 -0.126677969227457
0.0910857792354558 0.123114763553467 -0.111910622648821 -0.169235936369568
0.131932624053925 0.0762195294502366 -0.186899723342776 -0.172923352697409
0.135400187388084 0.0690224729473751 -0.222634329544073 -0.153625127319507
0.150789845782477 0.0690042381383976 -0.217039578886581 -0.157090422226302
0.139143480047652 0.133923913817746 -0.1604207590246 -0.168846026112573
0.0807371584966954 0.179481036485026 -0.0702279021878853 -0.152561717188712
0.000251115097029812 0.243514754025894 -0.0176160388633449 -0.0282138341732856
-0.152641837843159 0.198850927825858 -0.0966909088270057 0.0745739250179622
-0.249314331783809 0.0420634509673335 -0.206746405721309 0.0721376129178476
-0.245545393195465 -0.028307905522969 -0.328947305413415 -0.0511429023020068
-0.302106344932659 -0.0306413794273862 -0.237072580128199 0.0452352180760112
-0.314798050112119 0.0156566608272319 -0.163915937815566 0.0480715560444188
-0.248693861306057 0.179733466989548 -0.105457931146013 0.0323022695725975
-0.0994952135012318 0.279968961163024 -0.0242897394326067 0.0138227967091714
0.0403232321821555 0.271410757909508 -0.0113705215080223 -0.0855973810789648
0.131485156328754 0.216753215717183 -0.0760676571796058 -0.121134879481416
0.198560037494661 0.143308513561744 -0.126058996392746 -0.129574552503623
0.202407357785501 0.120940344689554 -0.144984157562034 -0.113837954777839
0.2221752764362 0.111129363557804 -0.144488166822198 -0.111336934555986
0.209885181448713 0.197795402759966 -0.11067924625396 -0.12486879607348
0.128565399936182 0.263662153376607 -0.0472031189512115 -0.121843388597792
0.0237171308219533 0.350913130172662 0.00811775581438371 -0.0146911494696488
-0.179559647981413 0.311527018690944 -0.0643983575830144 0.0852637721056515
-0.338663653399271 0.126565986215832 -0.149976879991007 0.0799004243977883
-0.370697849528724 0.0237391970498636 -0.215366323931129 -0.0283582895784273
-0.366635031073921 -0.0155645300068632 -0.119534024610956 0.0590646688737645
-0.38568551266272 0.043749611969974 -0.0953456050715472 0.0292591243598605
-0.303747603079375 0.231372907175289 -0.103895433967258 0.0199651830462244
-0.129690055985411 0.350902454332531 -0.0450558340600365 0.0284856782733579
0.0400292725880477 0.347757823518721 -0.0117409825624091 -0.0209327516293098
0.158481950012266 0.282444143164524 -0.0323333223640006 -0.0425282948659749
0.237319573382173 0.18848974481793 -0.0452201343516676 -0.0596234050170268
0.23852256216873 0.15306320577275 -0.0454126974532338 -0.0579186035652128
0.257263786831589 0.134932814133356 -0.0485451963087799 -0.0577166964822735
0.247312857727267 0.228379003684378 -0.0358798659648864 -0.0733776423268845
0.158295914284348 0.30643777360132 -0.00625849211607815 -0.0805587185037726
0.0436465318277951 0.402732289366202 0.0392502405762937 -0.00506997623629134
-0.176742821049574 0.371434713063686 -0.0219192062363157 0.0748829140167633
-0.367830177404868 0.187817596890971 -0.0742094409644198 0.0574928361740138
-0.430165612346003 0.0726665664317577 -0.074324591540357 -0.0263010198191872
-0.378944895941941 0.00725712595280349 0.026508702939328 0.0786703758270318
-0.395196412728872 0.0763617616477874 0.00565340503279772 0.015246953261003
-0.305572351698803 0.259088568141404 -0.0767186814112209 0.00767166692495188
-0.12863393757878 0.370624518451445 -0.0558361702395243 0.0449166779002769
0.0397569827127445 0.366562817596647 -0.00747274596973156 0.056307935302518
0.164344123001928 0.298851585648868 0.0212360377282242 0.0515711653801591
0.241485042255564 0.201986840301904 0.0446882944039814 0.0229697700920485
0.237555516114352 0.162570124217138 0.0602718674476962 0.00535652721127518
0.250904113751577 0.143172401947806 0.0540289299131311 -0.000851614782836995
0.238158251593956 0.232416168583494 0.0466149812279763 -0.0186581868051184
0.147487462061659 0.304847450306174 0.0412156534154221 -0.0316659082766214
0.0357673365472106 0.384459971523404 0.0662853163875795 0.00488661898417953
-0.158320860199308 0.354127209795197 0.0165962998064404 0.0519707168196099
-0.340035083059749 0.196704751385035 -0.000715669679969215 0.0168092326078575
-0.41854036247737 0.102419405089214 0.0700511558509176 -0.0396155107673924
-0.329223178898966 0.0352243403057485 0.176661888565312 0.0961210528734572
-0.330430251191337 0.100499309682979 0.115987722710675 0.00410446423509485
-0.240663627902466 0.241626588962785 -0.0281869557208217 0.000558624460048645
-0.0936733999436763 0.314679376516502 -0.0478220677067159 0.0587221334931922
0.0374909247220095 0.310465331655226 0.00692948956991078 0.126004663044852
0.144573489643552 0.258937222896775 0.0771786395450375 0.138817494539135
0.208611591087402 0.179758594346726 0.131045221880662 0.101800560731952
0.200923482737242 0.148056357007108 0.156662646655515 0.067440190821953
0.206780940656226 0.136242384531067 0.145051432657866 0.0558065261403113
0.186298440201959 0.209388302303077 0.115348587014417 0.0391981975066738
0.0986186476296796 0.261056299791809 0.0775714619597873 0.0236654040906289
0.000897104132255652 0.300874599259058 0.0785674983087626 0.0202310383327031
-0.130330869328347 0.266557777004457 0.0409423640195783 0.0285091699405395
-0.26350872162967 0.159390711174183 0.0568501964063085 -0.0247066829988732
-0.346123173903661 0.105525444144358 0.194164773940556 -0.0561298093479444
-0.224279255428623 0.0578418881882575 0.305735193758075 0.104445392838608
-0.20009908531926 0.100401607945316 0.210411102784538 -0.0108431976817063
-0.127049330944478 0.171083748959762 0.0289468490883233 -0.00838042695161234
-0.0442652555431276 0.192468600520597 -0.024382866659463 0.0590611803843214
0.0241792293987204 0.197109700915417 0.0264921344820946 0.167663506936891
0.0990124709683967 0.173209861818004 0.126974054791801 0.19698235051903
0.140651416499394 0.128931696528695 0.201641265691023 0.161793812143788
0.133950944251958 0.111314970162288 0.230691661621631 0.119235173203171
0.133326716145913 0.110484973102468 0.20990412251967 0.109077037729691
0.1086777908904 0.158232905479942 0.156419241366248 0.0982550939030582
0.0371170713136953 0.181167888082786 0.0891993606367924 0.0796922237688893
-0.0316694266034163 0.175537067722405 0.0685897408300321 0.0381488338754772
-0.0845619303808737 0.144905963938709 0.0508053868821849 0.00988249967656497
-0.154623865273273 0.10163137799818 0.0941755547758657 -0.0527462030313422
-0.226463373437848 0.0942668928152408 0.2819882185337 -0.0674589484452899
-0.0787665924345902 0.0648640464266602 0.389344860610447 0.0997937661554329
-0.0412384896043859 0.067575977835413 0.272703420069401 -0.0337450161234305
-0.00559585493315063 0.0609408260185881 0.0774060461641606 -0.0302394947423254
-0.00552465183729806 0.039374259743945 -0.00107842641034536 0.041065246255127
-0.00350535607405193 0.0609603910446418 0.0432273107801788 0.177017125592164
0.0312513453667886 0.0666509277451278 0.158720570796244 0.217799238923137
0.048313204867688 0.0606053670722304 0.242096907408834 0.191378239444397
0.0470685009171091 0.0576934860907046 0.268916273704108 0.1536531820334
0.0444393733910168 0.0634038868008445 0.240492937262821 0.15178458529596
0.0288747301143869 0.0791773196616775 0.167134587343488 0.149993475779124
-0.009936338691239 0.0760068337347961 0.0776459535602318 0.128443975248016
-0.035166409263875 0.0395373925489058 0.0430549572620447 0.0509312172108679
-0.0133954842117782 0.031268581845898 0.0530001441163561 -0.00576359781520022
-0.0272893160822849 0.0562525438783932 0.116975165343757 -0.0647781134632392
-0.0825423238000229 0.0825541140697195 0.325358817029711 -0.0726687490847695
-0.0797468498583411 -0.0407707882861424 -0.337532319217528 0.079095209794697
-0.1005096136788 -0.0163144460190516 -0.184229987356084 0.105973566601655
-0.0735724502507044 0.0625907572748474 -0.0593758362988977 0.035484400069868
0.00411244297318858 0.082558748579276 -0.00110730597595114 -0.0182473817661333
0.0386388289703155 0.0456389395534273 -0.0427141746519298 -0.142463530631194
0.0386524617275873 0.0211789536282235 -0.151889980415756 -0.177763543691628
0.0465491722501687 0.000377940166777202 -0.236503917004752 -0.173117302212004
0.0487042557680671 0.00219930220689446 -0.278975255166817 -0.157245262436572
0.0604576393362955 0.00654160158625151 -0.267145456258153 -0.171121881882851
0.0604186361669011 0.0386554372473725 -0.194247632469008 -0.189622316197922
0.0413663964523163 0.0634606330249649 -0.0868647081099059 -0.16888358750083
0.00481098578237761 0.107850811111852 -0.0333965189184632 -0.0480611148652623
-0.0833129997304342 0.0761526788818793 -0.101806818035688 0.0509433744349338
-0.11522750770892 -0.0274279965906201 -0.229287461344687 0.0518520752753752
-0.0817846943507336 -0.0593014129033221 -0.402023323867647 -0.0701114698796038
-0.204947235932019 -0.0277624070712392 -0.314172929959901 0.062919926068037
-0.216558339836037 0.0086226431961857 -0.19057845094815 0.083710396042837
-0.158929166439374 0.133995159226668 -0.0845401531011987 0.043469571098293
-0.0376100545941604 0.190433955654885 -0.00455839709705581 0.000168564934875482
0.0527606273527076 0.162891004117932 -0.025647771867793 -0.126267373062498
0.0991948133469857 0.119809277547267 -0.123554549641806 -0.164093836707339
0.137503982573103 0.0698289888857177 -0.200945248185772 -0.16409527219223
0.141467541809356 0.0622425226454946 -0.234206348190986 -0.143075970096242
0.157121698277205 0.0616642758748684 -0.229672969941776 -0.146541735157432
0.150088313383831 0.128135775339886 -0.173518995779569 -0.163503526851471
0.0914381302860457 0.178229134668209 -0.0807197102207569 -0.152157290097081
0.0135455636856956 0.247864640216586 -0.0173255955616398 -0.0299175401565327
-0.143992956134046 0.209140681861201 -0.0905503261922676 0.080932475902493
-0.25201208820487 0.0559928486405115 -0.20402568883812 0.0823334103593943
-0.249336741010196 -0.0163816302010013 -0.336363204084331 -0.0352725567312388
-0.307639641708202 -0.0143509531975937 -0.239171399404315 0.0587378849307179
-0.317668013631464 0.0311804575236072 -0.164297831228864 0.0575372353994348
-0.239722101190771 0.194014484069325 -0.104366226248685 0.0393226249778595
-0.0848158251594275 0.287187531526909 -0.0227134517650357 0.016849556678329
0.0566157641592511 0.271603392402779 -0.0185271053130579 -0.0849207519009483
0.145870979270698 0.212850498364776 -0.0843783253996397 -0.116877818348416
0.208883138988727 0.133913426722065 -0.136933040062717 -0.123223714715971
0.21258930869173 0.111580274235848 -0.153450575676082 -0.107468421576764
0.230644568910805 0.100000426124484 -0.153358947128183 -0.104968404973842
0.224631262517288 0.187953818024022 -0.120482371341356 -0.121751231938272
0.145433217512854 0.260766248411931 -0.0562998644831787 -0.121524783142849
0.0440298842232493 0.35447199048618 0.00865050155288512 -0.0181851503536298
-0.165074094132022 0.323302095575055 -0.0570927723952077 0.0904209803727881
-0.33815510311397 0.146847396444711 -0.145622674748595 0.0880674141312482
-0.371903975086 0.0419831535021182 -0.220249817990489 -0.0189084429610448
-0.371229166373366 0.00303008047061788 -0.118970438139217 0.0654220464546387
-0.387891645972885 0.0619637492708367 -0.0965491315140446 0.0349652515866221
-0.292399992820121 0.248006354223444 -0.104163964063233 0.0266473479808359
-0.112689151768157 0.361224535973432 -0.0439703285994897 0.0331145062377969
0.0601510587948785 0.348794097968416 -0.0152007118544619 -0.0200316450234067
0.176367279993449 0.277664291774463 -0.0352623693660213 -0.0394844270537873
0.251678639772568 0.177676871616701 -0.0516772474766062 -0.0570980940144885
0.250114536172838 0.142963059756878 -0.0495759589232092 -0.0563208712231668
0.26714279644485 0.122102057466974 -0.0533259539570531 -0.0555937398362938
0.264381394101297 0.217762779304212 -0.0422998024054915 -0.0734359603269785
0.177459204219072 0.301448803807444 -0.0130792163387753 -0.0806655134676109
0.0679524236841405 0.405944480998165 0.0399010915042142 -0.0112266090857499
-0.159057409490402 0.38380028408981 -0.015426714047641 0.0773136284924228
-0.364353954705975 0.209501460788499 -0.0703262305874035 0.0622121254687277
-0.428416041242912 0.0941584090960195 -0.0761405223799921 -0.0249483786012039
-0.382632045095467 0.0272865341411075 0.0292861357809943 0.0779990338019737
-0.396801424225795 0.0972463298420892 0.00460376459835608 0.0159338049669306
-0.293001341269197 0.27625922346158 -0.0773048384579647 0.0134575420156864
-0.110875705579658 0.380809554835744 -0.0545878605117558 0.0499363765552449
0.0606202835993216 0.367612157659511 -0.00656730844442933 0.0579160005249079
0.183464287187157 0.293270146227012 0.0236764731235375 0.0529819874986572
0.256954229912783 0.191579822553187 0.0438808115479885 0.0223146311207116
0.249506295518116 0.152547423122419 0.061003599589926 0.00172481564274608
0.261107340202871 0.130995535586703 0.0539001394592078 -0.00404705497074039
0.255701846220225 0.222166171501585 0.0442364803515843 -0.0228983473198913
0.166706565633326 0.300327573585422 0.0383055652934474 -0.0333779668857557
0.0588410441873544 0.388042761808878 0.0680943256802333 -0.00267735529509107
-0.142160964502989 0.365885633418184 0.0214910376533303 0.0521274648123725
-0.334367215830271 0.217168814560659 0.00133178228200013 0.0173163034062987
-0.41670490242911 0.123161068112582 0.0691108438258221 -0.0458126342311101
-0.330712684025915 0.0534928223816218 0.182231619884527 0.087824942376031
-0.329395294448637 0.118226599270744 0.115588788570613 -0.00168816694540581
-0.228553621766789 0.255309110025363 -0.0284820738793645 0.00368915088431976
-0.0777526043329758 0.321700432953441 -0.0459162308942262 0.0631948091085247
0.0546835425214448 0.312381923187504 0.0122267307210101 0.127984207579671
0.16129451231551 0.254019988093667 0.0861376996873471 0.138206091912745
0.222045465266578 0.171236238934686 0.137219504884267 0.0976135270360297
0.211703717713241 0.139912688893021 0.162545330047316 0.0586760255759319
0.215885970425257 0.127131924461029 0.14918957425237 0.0479815279042266
0.201379483016422 0.201520099578039 0.117774332421975 0.0321959287764148
0.114880177510821 0.259257507693022 0.0788608124063285 0.0203040292610014
0.0183732312418005 0.304993841815587 0.0799375481591755 0.0123706894502232
-0.117095759003344 0.274738721755822 0.0440867652044709 0.0270094163382552
-0.259291596748103 0.173320462242335 0.0572173718988331 -0.0264699959064937
-0.341587302299489 0.123343163254721 0.193370410177948 -0.0687100791203853
-0.222723290674356 0.0713299973115568 0.313800978184037 0.0887892284879328
-0.197296276706846 0.111817457546982 0.21073926184182 -0.0212396444190694
-0.117279089744683 0.17825033062204 0.0283075347631127 -0.00821068909863962
-0.0348656907358331 0.195809079788876 -0.0232880319873815 0.0620723641950994
0.0349155481644909 0.198645075489482 0.0348461788929017 0.16963079234161
0.109929318685019 0.16941268685569 0.140244028253716 0.194983159138456
0.150549744673059 0.12308555035588 0.212107649843344 0.15369148316942
0.142089456250356 0.106383886367698 0.240427107658573 0.107196221951915
0.140509401951639 0.10492648104653 0.217420445028039 0.0979257230312475
0.11966016750987 0.153852363171661 0.163281795010753 0.089449577747919
0.0477960606613323 0.18116894149187 0.0944928768163347 0.0763839907539226
-0.0221575444868643 0.179528051438004 0.0707483121652525 0.031885872274891
-0.0770452572289864 0.149921467146809 0.0519548542864344 0.00723528192836159
-0.150907845925021 0.109535076181996 0.0934374271741393 -0.0566035666735983
-0.222824072040413 0.106786174322313 0.282300478238058 -0.0851574787781123
-0.0755947910193933 0.0707822575058989 0.398290050295343 0.080389432858549
-0.0373619504516226 0.0706244527535051 0.273442351740177 -0.0479930635026549
-0.00147650099295999 0.0602914926048804 0.0760981923788975 -0.0332352591213387
-0.00379851470144253 0.0396466876918351 -0.000796647091914687 0.0428397293162798
-0.000665453286461498 0.0621582833698104 0.0523274215280776 0.177746931191388
0.0355815263801792 0.0650448132247761 0.17331358930649 0.213170172933689
0.0533593334195592 0.058533790780358 0.256442589244704 0.180501342034901
0.0512070293199533 0.0568468834721158 0.28146719018249 0.139613295380486
0.0482593914704218 0.0626753803236746 0.251773506296125 0.139025844633763
0.0336566760131105 0.0780861886515918 0.176871916762783 0.14165849481025
-0.00559380437082168 0.0769333604569688 0.0856744463226778 0.125447288769099
-0.0341752431137589 0.0416344771731745 0.0452187323206518 0.0465825805624131
-0.0113345762052316 0.0316661082505106 0.052321769101441 -0.00994552501934924
-0.0242922990043673 0.0570808857115849 0.115454786935563 -0.0701630900682292
-0.0782253391115982 0.0880433365329319 0.327056958393959 -0.0924968457792741
-0.0805273439534612 -0.0352986595786614 -0.328046933849113 0.0979574006606885
-0.100485231070345 -0.0100791575529799 -0.175128175877889 0.1151541888018
-0.0675863859551603 0.0670572241414914 -0.0563408218209978 0.0390566782541337
0.00944949539847958 0.0807717384346131 -0.00105102966760575 -0.0163123447106724
0.0416801333187722 0.0414613101599408 -0.0506209650185268 -0.135616525381853
0.0396094527351892 0.0187733906010091 -0.160182693844896 -0.16465868781787
0.0454227894717835 -0.00250258917375362 -0.243600014333874 -0.155345453578286
0.0480973391143141 -0.00145015659759067 -0.283399199248087 -0.13679761086942
0.0599086964923148 0.00238309793209872 -0.27325605343086 -0.151802058555263
0.062595501753871 0.0343197097380985 -0.204002869400821 -0.175401557360731
0.0447279653055557 0.0611349132745305 -0.0958388655085173 -0.162888504159446
0.011219421374349 0.106212928599856 -0.0338712910262578 -0.0463799097301381
-0.0779075313755105 0.0792779431284003 -0.0945645918087951 0.0548961977249287
-0.115673644423185 -0.0195408813069616 -0.221720677729388 0.0614910777311668
-0.0834577521017973 -0.0535557179700696 -0.400048865361697 -0.0452402149712216
-0.202547713733639 -0.0145922736380358 -0.305876219527208 0.0803552641358715
-0.21223745960045 0.0209922892215695 -0.183594289152303 0.0930384662837966
-0.146500603865957 0.141087782313634 -0.0802597532170207 0.0476348663637577
-0.0249264440949334 0.188671053791284 -0.00359986232944977 0.00130849410684383
0.0633725071474656 0.154575892155795 -0.0335152051147 -0.121080603115492
0.104942235953136 0.111763254536601 -0.131267420343438 -0.153094721160366
0.139503277338795 0.0602303106700096 -0.209379878518795 -0.147872992161854
0.142871954760165 0.0522993573757987 -0.239122479155207 -0.12531738908411
0.157940749859033 0.0504382095382744 -0.235194691030424 -0.129862107523608
0.155982452941291 0.116411567998002 -0.181433912433803 -0.151896854782507
0.101495472994084 0.170619963734042 -0.0893867286948118 -0.145871170897821
0.0298490805954014 0.243023225030486 -0.0173601311261811 -0.03055224725458
-0.129987464204431 0.212971362978018 -0.0806457250036124 0.0843678511617722
-0.245334713677287 0.0700783991780684 -0.193807352877653 0.0905329416630793
-0.244447725998145 -0.00190803501698354 -0.332469347659988 -0.0159750041746352
-0.301854160496863 0.00321541112843138 -0.232603821683699 0.0714003366519799
-0.310527615856173 0.0493356869848013 -0.15934212458387 0.0663026869714686
-0.22131814074488 0.204106345608856 -0.10025026393123 0.044864721070598
-0.0655427064619751 0.28570846678419 -0.0206978432000255 0.0193141524310524
0.0731382841079154 0.260839190529842 -0.024519679530097 -0.0806931526369532
0.156568175900963 0.200437928013133 -0.0899665830982584 -0.108495118609443
0.213666605433196 0.119067261874265 -0.144155525111833 -0.111183811800526
0.215787231696267 0.0966344199080976 -0.157135460350626 -0.0961945821280044
0.232312036148443 0.0841118537970883 -0.157577443395041 -0.0931300762479879
0.233505907364458 0.170710284022206 -0.127314512809252 -0.113244461468034
0.158728304299988 0.248063094282756 -0.0643015687442478 -0.115891294484538
0.0657534854225835 0.346414701755358 0.0087149378993721 -0.0223621029203596
-0.143718759635638 0.326567049794772 -0.0473971232617862 0.0917430565490832
-0.325484067497487 0.163110431707718 -0.136983314427569 0.0938680405917232
-0.360640792985455 0.061916131429924 -0.216608081937138 -0.0078198164258744
-0.363476876579434 0.0251043019648998 -0.114481889391739 0.0711969120833879
-0.377744826953264 0.0836838384621231 -0.0941093648039105 0.0400222488040262
-0.270328863459519 0.259638457015782 -0.10064963393361 0.032758346178555
-0.0879222130537116 0.359385963743461 -0.0411667456048429 0.0363302525525064
0.0798882345502267 0.336848026662895 -0.017968547183101 -0.0175737883091441
0.190248778799134 0.261800890359888 -0.0369076395765145 -0.0352126059833905
0.258660405109366 0.159392827924993 -0.0563991631130852 -0.0510168045446375
0.255421740972506 0.125746457251842 -0.0521776648027137 -0.0528288233476859
0.269021386983799 0.104222956203984 -0.0562084346061085 -0.0512925685215639
0.27493537588616 0.197567421740316 -0.0476116971413994 -0.0704141747107117
0.192746054669158 0.286735587179844 -0.0195360528786497 -0.0783696705543453
0.0915845025229666 0.395359600196516 0.0390585002317339 -0.0175413226626935
-0.133608756697656 0.38489221939899 -0.00766528886946253 0.0773906791220544
-0.347905860961583 0.224975910675708 -0.0637479732411219 0.0655106501257009
-0.412922079171969 0.11586094916793 -0.0762251297829565 -0.0222269602595858
-0.372283551085687 0.0489787920055961 0.0317907992032668 0.0747999497689455
-0.384149203800925 0.11693216487916 0.00390802428147959 0.0158724100632091
-0.27013239171485 0.287491380720185 -0.0752908303320917 0.0180144282797576
-0.0868965815507258 0.378698610498632 -0.0511783195384826 0.0537040212665673
0.0816158483559245 0.355997598219254 -0.00441087639503916 0.0582783430741665
0.19796404946297 0.27705800469729 0.0271843378207267 0.0524152708832167
0.264378147935544 0.172320550240815 0.0426318870739425 0.0208642156106297
0.25547114343722 0.135612176212083 0.0599576758171092 -0.00242331597550164
0.263499430759477 0.113890629866232 0.0516404030737092 -0.00764273554844041
0.265483057820619 0.201959873022342 0.0401986124131292 -0.0253026446054041
0.181687756104982 0.286096464398638 0.0339113927142147 -0.0345416634521476
0.0824320528927089 0.377204916532373 0.0657312652708697 -0.0107932024373387
-0.117801581995973 0.364974337856653 0.0261861401041741 0.0499871623316065
-0.31695306235951 0.230653195853832 0.00412161311302949 0.017433079389672
-0.398181882968026 0.142718160773297 0.0646209851731942 -0.0510949459529631
-0.320417558324807 0.0722860195489929 0.182495002194376 0.0755652038966477
-0.316757130476693 0.134247793729421 0.111950646693262 -0.00701297027726373
-0.206915533672612 0.261995288589676 -0.0279213734025724 0.00634577976753867
-0.0575576104276772 0.318723410711477 -0.0428165958222416 0.0661785995550975
0.0722666358556861 0.30278909996914 0.0175639830205398 0.125709884566221
0.174498292564617 0.239504565514551 0.0935487254718154 0.132652894015068
0.229124474753247 0.154875289875629 0.139217895399846 0.0893529198692862
0.217235228045403 0.126024859692302 0.163096767739226 0.0473028441004279
0.218909530451229 0.112465439599486 0.148674500615244 0.0374361711753302
0.210907482017482 0.184881178163566 0.115653598378561 0.0245666659979715
0.129089917244356 0.24738829297802 0.0769908145206672 0.0157235684095636
0.0376601200857533 0.298694806923902 0.078031799382386 0.00337710644723011
-0.099499293857237 0.275872942693961 0.046148646817742 0.023817982577948
-0.245012712291794 0.18438301571497 0.0559005727087695 -0.027888309647942
-0.32617957981352 0.139206764309857 0.186031822576839 -0.0809768852335522
-0.21345734638851 0.0838196929488879 0.311298463055807 0.069180161848301
-0.187204948889549 0.120963017828423 0.204656996110163 -0.0325450515086797
-0.103395307842103 0.179560144892996 0.0273898311837155 -0.00885555479251072
-0.0224033684187102 0.192798231681482 -0.0205805505929111 0.0634018545552607
0.0456120638268562 0.19308244767675 0.0431475528576931 0.165047088513031
0.118308557563958 0.159769239766418 0.150324593151781 0.184896087305771
0.155921049184079 0.111287609821399 0.217905158538538 0.139554887693036
0.147236887152465 0.0972310892650435 0.242079948400371 0.0893088311387736
0.143683662751159 0.0955033883571223 0.21915267299046 0.0818288919771517
0.127443322044561 0.14328065362262 0.164255770217484 0.0774712315860434
0.0582109784240114 0.174706351772139 0.0964142189732298 0.0694848949982783
-0.010542764047466 0.177442388842838 0.0702783941715563 0.0238841832969001
-0.0664154661367638 0.15068196423922 0.0515062628737806 0.00378206727201194
-0.142200501068408 0.114150074631668 0.0893440510560654 -0.0591494680932144
-0.210535300736484 0.116504774111387 0.271449951820182 -0.101534792391334
-0.0690085588186933 0.0748360703600347 0.394786111403552 0.0545375620667531
-0.0321902401347075 0.0715259348919714 0.26490360275729 -0.0622998823742335
0.00270468819311996 0.0572188395306126 0.0724825072588828 -0.0358382446725646
-0.00198493690691948 0.0384442082130563 -0.000132992464858101 0.0429674538108519
0.00281196642479162 0.0617944435904477 0.0618772697939398 0.171895451820586
0.0387990607124234 0.0618249441953965 0.184560286191039 0.199965248809507
0.0562993005661511 0.0540971517784377 0.263263700320159 0.161950942002493
0.0540951938891314 0.0535523581768782 0.284714590438594 0.118865912932202
0.0509525766577705 0.0590635991460711 0.254579186788815 0.119898875946424
0.0379192286076925 0.0746253986082994 0.182730794042492 0.12687736339311
-0.000963157675043053 0.0754862803161007 0.0914337341882496 0.117393452133006
-0.0311883088788867 0.042718699153497 0.0457088157102016 0.0409648760662921
-0.00838354649369494 0.0310790374139362 0.0494089121633313 -0.0137332311137398
-0.0202925948955659 0.0561938384213982 0.109803321572962 -0.0743522009040297
-0.0706673229453867 0.0904576854893007 0.315078615807691 -0.110874417330328
-0.0784385275125171 -0.0308925207124315 -0.310866868121253 0.105890505195983
-0.0974222546039711 -0.00563248509738328 -0.164108870386574 0.117476961015523
-0.0615674264451951 0.0679173419823328 -0.0526056234199614 0.0395197031528664
0.0130855304044015 0.077276008100553 2.07983261739791E-05 -0.0148912676975146
0.0418314653276263 0.0369884618280337 -0.0541651039402266 -0.126170403663442
0.0388207508954576 0.0162151804191414 -0.160848723753829 -0.151612680908586
0.042986351755643 -0.00440573244579723 -0.241390665852543 -0.138203895235893
0.0455633181436658 -0.00357918996385589 -0.2779344776025 -0.119213368363795
0.0584138093129079 -0.000882517902749246 -0.268938397271042 -0.1350816528494
0.0621815447935802 0.0304140649984732 -0.20298747118586 -0.16194358767967
0.0460762662257087 0.057491344675105 -0.0995214205286041 -0.15438407950919
0.0156762090109129 0.102151020424255 -0.0326482840262906 -0.0444139645472434
-0.072811994139262 0.0793330595501121 -0.085725891348148 0.0548179275021429
-0.112688509529763 -0.0135911971807455 -0.210116577223302 0.064733136381421
-0.0822241337211766 -0.0485091925942889 -0.385901379773248 -0.0286742974718334
-0.193804287727496 -0.00655417710060233 -0.29118805441699 0.0884396805813569
-0.20340312392033 0.0276724125828493 -0.1732172202816 0.0964788187420841
-0.133533519317583 0.140988127067117 -0.0753396980103872 0.0487632380440216
-0.0158218321767904 0.181325348923923 -0.0023085078621737 0.00234467328771873
0.0671667782664564 0.144703425324889 -0.0375960677815829 -0.112742979729713
0.106416246194586 0.103514126672019 -0.131747810280796 -0.140700207072739
0.136060283009167 0.0525956392221388 -0.207488176209545 -0.132441903550774
0.139207258732342 0.0442354121137158 -0.234451658865192 -0.111008768765219
0.153731585728417 0.041750518329611 -0.230869190575863 -0.115088140056163
0.155431738808023 0.105181443847987 -0.181642552890546 -0.139051927341656
0.104411442486757 0.160432677374749 -0.0931062358221898 -0.137598197989908
0.0389958656906146 0.232285722975987 -0.0160700421266282 -0.0316457417946459
-0.117656449742606 0.208804186740018 -0.0714299743230233 0.0831059160612266
-0.234187530042069 0.0763762100842639 -0.182105365152353 0.0924463725236122
-0.233739780173802 0.0052470969318662 -0.320262141707281 -0.0037654041911668
-0.28770681377493 0.0151161232152809 -0.221574710969063 0.0779269265728999
-0.296165551422041 0.058165375582123 -0.151215876214822 0.0695799868831273
-0.202824113465866 0.202705913898804 -0.0942704172447057 0.0467461585235147
-0.0518811766481346 0.275555975963711 -0.0182276167073996 0.020437675621898
0.0807127838382355 0.245682231631396 -0.0278576902175426 -0.0750110066742997
0.159244473008011 0.185262311589978 -0.0904133121620534 -0.0989622743631622
0.210236757898666 0.105780110439992 -0.14376651010826 -0.0993781141891633
0.211220121116076 0.0846396038703635 -0.154504664070038 -0.0859546517099491
0.225480380456393 0.0715222300399053 -0.155173251644105 -0.0828471498800563
0.23218253109103 0.154169139004851 -0.128287841138126 -0.104550596725993
0.162366196755207 0.232366784812147 -0.067925662772372 -0.108945669853926
0.0770514273303385 0.330321002350954 0.00823806445270077 -0.0254126476437711
-0.126508367405775 0.318244783037602 -0.0384539181933858 0.0892167318066388
-0.307235976046178 0.168061876904495 -0.126681989780934 0.0939271644692359
-0.34180773147481 0.0699820763755902 -0.209458850645526 -0.000264246954564697
-0.34599716590757 0.0391535791837011 -0.108441508003678 0.0726436387265028
-0.358759753960286 0.0941283308865309 -0.0902728504725967 0.0423086925033035
-0.247353463480282 0.256468440652019 -0.0955564084240721 0.0349506061689967
-0.0707745561426067 0.346131044802248 -0.0377354185605213 0.0371754391045458
0.0902437247788114 0.319133285834682 -0.0195081410929175 -0.0150308823771905
0.194290475386718 0.243484806672029 -0.0362141160385654 -0.0307364584711938
0.254318555075935 0.142578945787743 -0.0571094250115139 -0.0446313620166897
0.250622083652054 0.110969339727775 -0.0525309893226548 -0.0491882968262049
0.261339263411402 0.089995317752917 -0.0562597612881511 -0.0470606738835603
0.272138812713944 0.177932394522318 -0.0504285857337638 -0.0662621137210934
0.197519674030149 0.267592069784207 -0.0236741129372264 -0.0740598026401033
0.105170250996879 0.375494840742882 0.0362045293347214 -0.0227204977617344
-0.114842372184334 0.374154810456539 -0.00113125803262262 0.073330801952951
-0.326534084335849 0.227962993307098 -0.0573824605778184 0.0648347487500523
-0.389998283901246 0.12268762621099 -0.0747803829004553 -0.0194894543382369
-0.352058425188031 0.0615162332049386 0.0312020551238946 0.0709843822413691
-0.364449142891645 0.126746908448261 0.00325542704209936 0.0158002850539899
-0.245703509015316 0.281882642219265 -0.0714013684909218 0.0209180822433901
-0.0690026113312448 0.365223112324775 -0.047528875863406 0.0541622784601166
0.0917312706009132 0.338631529538392 -0.00415072638120818 0.0567492650267618
0.202287593559931 0.258163125542851 0.0292807247162177 0.0510815533528855
0.261064174912621 0.155046882014765 0.0414585519946952 0.020666830680642
0.251454455354818 0.120722097093801 0.0568562616670447 -0.00589582354774487
0.256191218428376 0.0997265927443397 0.0490150842861777 -0.00965699406391385
0.263574963775614 0.182286316094857 0.035549198542182 -0.0260145707595266
0.186361640260593 0.2676882066423 0.0296602162275319 -0.034002907763046
0.0953550548461841 0.359091877642398 0.0614715925878498 -0.0166592589168786
-0.0994405539800474 0.354117984393021 0.0293013505208 0.0464224731552894
-0.295680003349164 0.231798026991152 0.00576404779403043 0.017268567648284
-0.374602790064245 0.149863954427886 0.0597088416323352 -0.0532368453894655
-0.30213429607065 0.0814611986243018 0.175902355930264 0.0658832444470033
-0.299270830456088 0.140265022645339 0.106630650091443 -0.0101638129799531
-0.187811644264972 0.255767491193715 -0.0269250220070139 0.00780467198056177
-0.0438145906280739 0.30724827990702 -0.0396704440562486 0.0658639902148263
0.0809233509361258 0.288094867035859 0.0207605023711965 0.120095171372528
0.177191458567543 0.222856777122484 0.096462209125263 0.125090905346295
0.227096746579759 0.139180533540713 0.137066237926851 0.0815728383272419
0.215271441016204 0.113016313681456 0.157545117080813 0.0377842211568443
0.213652012727744 0.100637598351332 0.142916572166414 0.0294194958150567
0.210418872542957 0.168531168187131 0.110511362483095 0.0180319073055798
0.133673460469271 0.232269721066065 0.0736361441760187 0.0126076396031044
0.0493810978667755 0.284308121382434 0.0728313656521582 -0.00293078203012767
-0.0848029752742736 0.267453692181981 0.0462101222348311 0.0211035638780829
-0.229450920384369 0.184406068759542 0.0540371901354511 -0.0276969699782743
-0.305374812043536 0.142973281646863 0.174309574257957 -0.0863776048222257
-0.199663510251161 0.0888038766305546 0.299425134885167 0.0551587220645245
-0.174779721549939 0.122710920363836 0.194248228233604 -0.0378724403531938
-0.091399926380831 0.173700635997946 0.0258166192184581 -0.00863398131895357
-0.014544038325426 0.185004491595176 -0.0190453410478717 0.0628961687193816
0.0516022676847311 0.183997942012149 0.0461543139275384 0.157281912762005
0.120212227875799 0.149107848477548 0.153328815989727 0.172420573616293
0.154773982595234 0.100450383023719 0.215405564568926 0.126045902232081
0.146240241891713 0.0882687305713361 0.235689306052915 0.0750858101238096
0.14137519165969 0.0871461413486994 0.213006419036075 0.0687805849434
0.12792479104622 0.131887719580575 0.160039943512164 0.067610660952959
0.0631590416125604 0.165320494714912 0.0946881331558136 0.062801663689004
-0.00267032811362313 0.170484000769905 0.0661326326226963 0.017678027850122
-0.0574547899296481 0.145967052517548 0.0494521052544003 0.00127313190463534
-0.132543120381919 0.114162170723613 0.0847710575843686 -0.0585875236987163
-0.195772995690681 0.11889782612574 0.256672643490765 -0.109493946685643
-0.0618403629854157 0.0743707434582465 0.378917524146549 0.0380213868581633
-0.027189690286354 0.0702473531814621 0.251082376019985 -0.0684763355979503
0.00481429465467208 0.0534194136545142 0.0682081277028097 -0.0357637649661129
-0.000662531308905377 0.0362289461040129 -4.35384871636086E-05 0.0423056712324799
0.00515616742211798 0.060090155411338 0.0653989263221343 0.163292600363334
0.0396939871354292 0.0580215138054022 0.186918045265817 0.185879648836585
0.0566175645461597 0.0495539858485432 0.260608100868475 0.145431075337245
0.0552084069249443 0.0501930005737772 0.277384076955906 0.102094233693406
0.0510602445763179 0.0559646698108891 0.248417343900143 0.103189876361427
0.0389541833675109 0.0698802121028728 0.179650391564996 0.113446603209344
0.00194699204016803 0.0724176366682389 0.0924454753170782 0.108496583011265
-0.0281067812150164 0.0419180980188436 0.0430840671310395 0.0356127390852329
-0.00611205013977116 0.0293462471481544 0.0458186082925811 -0.0155677052253889
-0.0174990090000195 0.0538126491618986 0.10329095797629 -0.0736112954692872
-0.0633741768477246 0.0892656917478243 0.297641514577286 -0.119411408991432
-0.071824815733109 -0.0322721124085779 -0.306624219295204 0.0899569792938621
-0.0919684962909501 -0.010460597636611 -0.16279554908499 0.108589785410288
-0.0620125583630254 0.0632887271632422 -0.0489827736398625 0.0382145954395204
0.00931704693029846 0.0742711077857865 0.00521031745889503 -0.0113506108002686
0.0375145858692786 0.0374843413951667 -0.0442806329046334 -0.121079912852077
0.035974057583532 0.0184190616332283 -0.146569517662133 -0.14900699680214
0.039365608404698 -0.00350157281678294 -0.227061254616328 -0.139870923340006
0.0439033562146586 -0.00231009467846029 -0.262825029450764 -0.12038726271377
0.0546369215134157 -0.000759849892683621 -0.25504164467628 -0.135539584092541
0.058705170394611 0.0310260143924822 -0.191909794289074 -0.160086159470931
0.0422325586785633 0.0574920108223921 -0.091369145382483 -0.150121593702742
0.0113219619461873 0.0984239922587717 -0.0305649277676162 -0.0414867142647819
-0.075360417217134 0.0751258240043525 -0.0849173892981756 0.0464594920551701
-0.112079635897783 -0.0157440464944824 -0.202567500505065 0.0463208216136992
-0.0812044216763537 -0.0468572842958825 -0.364012133484555 -0.0507723609051528
-0.185252607619487 -0.015547353739662 -0.287001561099315 0.0779629308427217
-0.19632100402156 0.0154435399151492 -0.169049532889188 0.0903997470100366
-0.134669023724811 0.128587047515157 -0.0681743974981193 0.0485306450489603
-0.0236424969065167 0.171128646599472 0.00462114506683884 0.00870874020517536
0.0562129305277321 0.140784763893167 -0.0244152883669038 -0.105637591017868
0.097291286185956 0.104753430289806 -0.116042833671492 -0.137683873711859
0.126823183367538 0.0555536601416588 -0.192111505344925 -0.132979836797285
0.133453224574851 0.0490435201095404 -0.220216988777086 -0.111150589822091
0.145932104627729 0.0449041493681585 -0.219096479895247 -0.114126383669914
0.148278975636829 0.106473003636818 -0.172508666496174 -0.134982805303342
0.0964014851825025 0.160548767657327 -0.0891762541388858 -0.130100535253247
0.0298056212959685 0.224035524933427 -0.0183714309245198 -0.0237431982262386
-0.123915470812459 0.198772789738531 -0.0766020188855236 0.0750939202827849
-0.232968042365686 0.0673727397512828 -0.179898439552331 0.0717246542183988
-0.22694081087504 0.00165701195411675 -0.305427690912901 -0.0282060879035491
-0.278666264968179 -0.000938803042619063 -0.220846186886819 0.074500255648742
-0.288161378719514 0.0388642888747879 -0.145823329274827 0.0688935172015347
-0.205418422905409 0.183618511538674 -0.0840251817371965 0.0490056096748192
-0.062018564067187 0.258277136258431 -0.00973341190428188 0.028517257280012
0.0641916408534738 0.238036000929529 -0.0135511432467272 -0.0676549171750681
0.1451476983666 0.186186994422438 -0.0749635430247917 -0.0969975487557832
0.196518520893592 0.11069166193236 -0.129310235392399 -0.0998398125778537
0.203030512675812 0.0921690401117972 -0.144265338543469 -0.0858628084434292
0.215045367891112 0.077123553545928 -0.147231688879367 -0.0808317262506807
0.221837289124678 0.156351574916716 -0.122385860432454 -0.0983081285711595
0.151425767976266 0.233246884430576 -0.0677794591654959 -0.0983998713099818
0.0644887050861388 0.318368682770256 0.00158878332842145 -0.0129436845795615
-0.136029960653708 0.303945840951715 -0.0483441156990702 0.0842205675809826
-0.305400277435379 0.153153300417818 -0.129738970469801 0.0748830130307322
-0.331696609485023 0.0601473765038095 -0.202842477291782 -0.0220761388890037
-0.337097211489819 0.0164995386600582 -0.112341803977451 0.0786888327570611
-0.350372259683428 0.0691638321320741 -0.0850967653021038 0.0473930017804376
-0.251215640311341 0.232422886046201 -0.0824611867096868 0.0398415397064208
-0.0846675342937508 0.324661346505362 -0.0280356639669186 0.0463904756858106
0.0701278694918272 0.308548214447751 -0.00497909277264746 -0.00910079305917178
0.176888380252493 0.242469054011282 -0.0235683523988318 -0.0301845327510065
0.238546540844081 0.149153001344898 -0.0461332367638195 -0.0445693156134704
0.240778769411771 0.120295162426048 -0.0468862015047671 -0.0477309881519976
0.249569216273041 0.0972610512884101 -0.0530387138641482 -0.0433948809099805
0.260146933363741 0.180900783704504 -0.0488773040241235 -0.0587090970061864
0.183776307785158 0.269521819759172 -0.0273303996644579 -0.0613945699689044
0.0900875770477807 0.362559523000676 0.0271765611973868 -0.00712016549918431
-0.12563850463212 0.357475735371755 -0.013811724447734 0.0718534802921563
-0.323758259710476 0.209589671907919 -0.0643187550635292 0.0504395816802605
-0.376883182922084 0.108508072242217 -0.0764094766881502 -0.034422049125888
-0.345236397951943 0.0374512129419095 0.0226090770373051 0.0849444809374556
-0.359237768391018 0.099866489760229 0.00678650088063571 0.0261510821547286
-0.253366069422095 0.256319795066056 -0.0580225886525905 0.027423829789793
-0.0841039233170678 0.342158460972516 -0.0381506681862044 0.0629510461086776
0.0714967083351843 0.326550314672345 0.00765258184814448 0.0598985799215101
0.184035926868079 0.25651499593262 0.0359329688641049 0.0494663468518344
0.244922127916716 0.161162405128987 0.0466844817431039 0.0209897185692749
0.242056857650546 0.131043523670179 0.0570472462665221 -0.00368478044289018
0.245855399438672 0.107552555849067 0.0468006222443099 -0.00486962031853695
0.252443335254778 0.185290683479442 0.0329174253447894 -0.0183335721479646
0.17362037289262 0.268682306597517 0.022384130874514 -0.0214149034678127
0.0820377814842817 0.345808619848647 0.0497584294072693 -0.00147306632193115
-0.109722118724099 0.338056811803215 0.0167141628130924 0.0479104782238537
-0.295574693526651 0.214409969374508 -0.00047019663910285 0.0100728090574925
-0.362337158538079 0.133434871907744 0.0527939271472518 -0.0584677970388392
-0.298429347022198 0.0583391892201154 0.162888599676596 0.085788615571322
-0.297443709123928 0.115725473700551 0.107005988543034 0.00442258893724431
-0.195713828610545 0.234680240669027 -0.0158354831294894 0.0147094829114511
-0.0574628365685451 0.288664951938851 -0.0327796379425325 0.0722994937141751
0.0642609083100136 0.277570498869203 0.0265560458755945 0.120385586045121
0.161704575524507 0.221305675496852 0.0966129372400847 0.12226040992182
0.213762947221666 0.145299200783796 0.136654033110197 0.0824574866387108
0.206828251833844 0.121775243091982 0.151869603845532 0.0405582717039956
0.205012025682001 0.106728706891918 0.136015070302172 0.034501839370043
0.200789942767712 0.169984627177107 0.103467222095857 0.025006562212371
0.123872437871752 0.231703660625855 0.0637461973047344 0.0218591043268897
0.0398490800375671 0.273329073501494 0.0609661960179088 0.00900803487814572
-0.090973005421189 0.254753652750508 0.0352103061343125 0.0235238718015498
-0.227635093252673 0.169110396062182 0.0484989915000189 -0.0283214249177873
-0.294092833659497 0.127836810876047 0.164366841738459 -0.0818383844483935
-0.20029514274071 0.0704090338478554 0.283851384382192 0.0775048964249649
-0.177563273019566 0.106474694734412 0.192053297749647 -0.0217354055921022
-0.0989245554064003 0.160834201411931 0.0316607176257867 -0.00224624285180076
-0.0232084473578284 0.173798263910951 -0.0167510724497761 0.0661948885623157
0.041017560492539 0.177568653940016 0.0459239717207893 0.155032394860426
0.110405016928425 0.147412069275428 0.146061715822074 0.169088538765856
0.146870883564644 0.10513325824792 0.208510817118874 0.126885158256399
0.140628050030652 0.0944328856123007 0.225246583483515 0.0778598351926101
0.136189481407632 0.0914804783907522 0.201129730988469 0.0730202892353557
0.121758229475194 0.132137196096547 0.150197513896636 0.071363545468063
0.0572010073710102 0.163638341166603 0.083820871144658 0.0669586006035484
-0.00654082210608634 0.162795896943175 0.0549251268354487 0.0234004997692883
-0.059940103153965 0.137695803238809 0.0418390252524201 0.00393397092939194
-0.130905158080609 0.103933649866659 0.0808644469023891 -0.0542894944614113
-0.187585222251846 0.106887289139167 0.244664713974876 -0.0962608137268494
-0.0658622102636176 0.0646596140640187 0.362870240568681 0.059904849096822
-0.0320555694155838 0.0647157638265851 0.244931536367783 -0.0533707000958876
0.0012473201762924 0.0502419428853494 0.0681253245268239 -0.0298646570555991
-0.00228095545568028 0.0337729322966573 -0.00267330063361908 0.0429972046798616
0.00330208610025452 0.0566343967800115 0.058584437363621 0.159598790501052
0.0367362455877203 0.0560587158195333 0.173648620448771 0.183429483028552
0.0547284896850457 0.0514425775414654 0.248378591658189 0.147628957679466
0.0532991317657745 0.0526287768721352 0.263386596730092 0.103781985750971
0.0498904330086153 0.05786985930246 0.234956849196174 0.105219425475155
0.0373704787529321 0.0694763375881987 0.168362287505235 0.114194322408719
0.000386566898328522 0.071268856805354 0.082380424831072 0.105979662917692
-0.0275066150311686 0.0391201888680496 0.0356378713374984 0.0342262107762023
-0.00586027824448592 0.0267857478131253 0.0420893686710552 -0.0128396086138466
-0.0172372948776937 0.049259661172986 0.101252594251842 -0.0649130772749907
-0.0597927636396846 0.0819115421609964 0.286050212865237 -0.0998593800354155
-0.0695963950285026 -0.0324443895236907 -0.302533815937591 0.0836248035686981
-0.0911628973644395 -0.0111519423990696 -0.161780141925214 0.105157082853914
-0.0605230910689393 0.0625857217357798 -0.0488416293926898 0.0379932930724048
0.0091727158383528 0.0731234560158416 0.00680296205181349 -0.0102384714885098
0.0365891944517651 0.0361918680184385 -0.0415637344331053 -0.117077949551641
0.0353896727082454 0.0179385599829965 -0.142277692458307 -0.146465110900647
0.0384882426371829 -0.00313597568947119 -0.223325794523565 -0.138621249408115
0.0424816475255812 -0.00229180432791022 -0.256870167437212 -0.12048908206667
0.0535750797516736 -0.0010490081129652 -0.249766840363844 -0.13589544931459
0.0584789799395564 0.0305383438487955 -0.188601335714724 -0.160518587867909
0.0416366299188443 0.0576512386465158 -0.0894200750884461 -0.149774673229355
0.0104396076132642 0.0975625556214327 -0.0279057778609132 -0.0426952925243193
-0.0754079378784031 0.0734609324561936 -0.0818682992582195 0.0433254450479722
-0.110976344871951 -0.0164760410336741 -0.199257787170242 0.040869260902601
-0.0798545456894628 -0.047772651619638 -0.357720004877388 -0.0545248799337108
-0.180617137168925 -0.0176837770825705 -0.283768838083268 0.0737859382764337
-0.19320417191291 0.0127292001002041 -0.167568266427996 0.0873015769735588
-0.13191482200019 0.124600999238194 -0.0678533736670567 0.0468667608014165
-0.0241898229662689 0.167956878262262 0.00549542669777827 0.00948692950206946
0.0538086080295282 0.138055102515353 -0.0233819277100337 -0.10239620971569
0.0951721305496958 0.103565888121531 -0.112616115907675 -0.13578099397206
0.124449661458759 0.0558252427590351 -0.18879529620486 -0.130795095820138
0.131163009675729 0.0495191877615909 -0.21621647535183 -0.11139583299402
0.142366119605819 0.0450231658220183 -0.214689662910867 -0.114237603358752
0.145566158270097 0.106085748240942 -0.169833566813457 -0.135671765293265
0.0937614608624412 0.159426135629214 -0.0875040606975616 -0.129459225305768
0.0276867837472072 0.220294886271454 -0.0171687881767372 -0.0265135176844679
-0.125078702702105 0.193896659997867 -0.0721806901045403 0.0714322271763564
-0.230692309235069 0.0637021307050097 -0.176724652726359 0.0669972776775253
-0.223151785868094 -0.00319985384444723 -0.300198073126267 -0.0308560062963933
-0.27118139469748 -0.00486984695592072 -0.218082842232391 0.0707919170362229
-0.283932843972232 0.0341395542262649 -0.145194515065554 0.0659785809628434
-0.200953841944947 0.176749401133324 -0.0838378512955272 0.0465308037645596
-0.0631427973120261 0.252604286912961 -0.0092042590689627 0.0285396742147368
0.0605780164710745 0.233486098696648 -0.01337998715754 -0.0654120509732586
0.142176975014491 0.184086824278669 -0.0720220215728892 -0.0957829897080285
0.192618626237081 0.110758221775653 -0.126748938492819 -0.096945128957723
0.199637599062252 0.0924385492680019 -0.141433909710642 -0.0853117623220675
0.210399490335077 0.0782706382035753 -0.144465114321141 -0.0812867345985997
0.21745170401743 0.154867419035236 -0.121412562712096 -0.0988601987173637
0.14635216680094 0.231744498093858 -0.0665515931209528 -0.0978584136336979
0.0608763795073648 0.313765454804182 0.00142846413785317 -0.0165728927443694
-0.138241316295279 0.296685066477223 -0.0451321265107835 0.0803071750015218
-0.303749992193366 0.146649570020478 -0.127129942774491 0.0712443293087695
-0.325823268634375 0.053287554031109 -0.199122362837436 -0.0248789564062909
-0.32772215634535 0.0116930872866946 -0.112824826399159 0.0761744687125608
-0.345382114839476 0.0623462038268988 -0.0852219895804228 0.0457329164021619
-0.248177726272051 0.222293166658754 -0.0825654355709545 0.0382298929489224
-0.0865452818516865 0.317507164923773 -0.0277696704468259 0.0464925777199439
0.0657858178422203 0.303683216043302 -0.00638064829785756 -0.00807379760209607
0.172312972592515 0.239773766048644 -0.0222950945963016 -0.0294049408254988
0.233290164606351 0.147967087548487 -0.0447545782172144 -0.0428766854024978
0.236683031792935 0.120671547501594 -0.0465505866042791 -0.0478940543489607
0.243588976724713 0.0988891503723102 -0.052106266927892 -0.0438890440801061
0.255346535620123 0.180557635118715 -0.0492105186813645 -0.0588652384252148
0.178090635523565 0.267791570224152 -0.0270771442695377 -0.0605973296638868
0.0857820536366948 0.357168370574167 0.0255290050408536 -0.0100742916233982
-0.128721553387232 0.349347525956148 -0.0115090590215174 0.0687749980641831
-0.322008856011459 0.202048017373432 -0.0618782995986635 0.0481550209861595
-0.371120776333803 0.100063654853806 -0.0751193256894778 -0.0356502891965008
-0.337010200348839 0.0326611346753501 0.019493954708719 0.0841394796961428
-0.353883519270718 0.0930420431240425 0.00531418167122832 0.0261877733876218
-0.250418639770408 0.246064677520648 -0.0585632288354876 0.0264990206943576
-0.0860583429584616 0.334604900354165 -0.0385904845800159 0.0629662154531419
0.0669546355629379 0.320626326961695 0.00476537811833897 0.0596350240789527
0.179643511094261 0.254073825529267 0.0359006800192947 0.0491462871766342
0.239934993059546 0.160767253873324 0.0471234220008862 0.022233830196373
0.238141509745994 0.131149570956176 0.0547827832557413 -0.00410102730873281
0.239867043311054 0.109351590358385 0.045292194339706 -0.00501650244907359
0.246720197124515 0.184131174610473 0.030554007326913 -0.0178918165747641
0.168055982808944 0.266067798737927 0.0211730303693358 -0.0206536802795714
0.0773562417312053 0.340600625109714 0.0470774556837512 -0.00401728112273713
-0.112071947877075 0.330842630171325 0.0179953792724383 0.0458304861877947
-0.294052030119775 0.20543026403635 0.000470847163651467 0.0101454353767551
-0.35528967877004 0.123730317573858 0.0517912791603847 -0.0581479368724482
-0.291020534528954 0.0535030120111106 0.157561549501073 0.0872890551162913
-0.293931004017128 0.109494243133324 0.104287253032754 0.0053838066200122
-0.193972165666786 0.225622223410696 -0.0169943276523726 0.0146459654407365
-0.0599106843608311 0.282353294425616 -0.0336945399725296 0.0721569362098276
0.0598185544481899 0.27401249899538 0.022873205991293 0.118992916806268
0.158054824897277 0.219018487624621 0.0948609865874659 0.12080681480259
0.209557263089199 0.144476605857337 0.134859590715522 0.0827788167030382
0.20359982856656 0.122415692633779 0.14800979499539 0.0399071127112135
0.200880878986266 0.10844798475481 0.132176154032637 0.0347794210841447
0.196323385167709 0.169270017751512 0.100403498989433 0.0255103830659805
0.119759788507922 0.229244537543358 0.0611668096658819 0.0224178870574298
0.0370462355520013 0.268576743188318 0.0577595267287391 0.0069924989288676
-0.0926625844085226 0.248236876776003 0.0360712187389348 0.0226120115065579
-0.226618143824985 0.162841044899873 0.0492893147286544 -0.0269528528271066
-0.2891543398438 0.120486071973982 0.162077812682637 -0.079596853073751
-0.195269916780181 0.0665835118176003 0.276411707689382 0.0800906472851441
-0.175299173263546 0.102110695830928 0.188045271828719 -0.018890873741173
-0.0980779917395502 0.155221015895941 0.0304185708138837 -0.00145336438354775
-0.0252023660695641 0.170054948739464 -0.0186338692506828 0.0662593654816203
0.0386805436460921 0.174994330460422 0.0416682033700581 0.152987511664488
0.107340964848262 0.145910404684161 0.143324233809501 0.167635282441743
0.144169110159223 0.104585733760877 0.205958023766684 0.126947637231375
0.139131329491501 0.0943605460926038 0.219788903883775 0.0777400059644427
0.132924496189834 0.0927208963775769 0.196335710811716 0.0728302942771687
0.119266706957748 0.131452008872532 0.146075453868173 0.0708477385872615
0.0548275252917566 0.161352660329161 0.0810845366380981 0.0665465939133188
-0.0073124816139619 0.159263643924771 0.0516758835176682 0.0216339237644634
-0.0600516400343511 0.133656618534828 0.0412377111793937 0.0040867893427526
-0.130704677165727 0.0998346199850635 0.0813673093560685 -0.0509681252451662
-0.184401377473165 0.101421660406341 0.241844583723146 -0.0934648349796444
-0.0638992230974151 0.0629202990673438 0.354587375237767 0.0632872379776066
-0.031029908449431 0.0630655043391692 0.24056682768156 -0.0494467330637749
0.00046701652295273 0.0481497948990238 0.0669040458710465 -0.0280650144925795
-0.00327711453130623 0.0322718380730792 -0.00497930720469763 0.0440958290605675
0.00335748812397179 0.0563552975527708 0.0544982713503359 0.15820188742565
0.0357273479293283 0.0550975966995373 0.170585880028979 0.181983543038912
0.0534619024133021 0.0510745950621785 0.244512803539491 0.146914993030458
0.0528904020919281 0.0524914919272069 0.257498615409479 0.103601975862393
0.0490506570337696 0.0585031375287991 0.229511556717798 0.104685988460981
0.0360170880641855 0.0695071806406373 0.163984488579395 0.112558555992536
-0.000487771502310287 0.0693323072344649 0.079566454558533 0.104804504916645
-0.0277634579021491 0.0375400263261923 0.0328772898905237 0.033268128862782
-0.0055345647840418 0.025234441761364 0.0406231410257696 -0.0124019950265632
-0.0177229592803561 0.0480638055352499 0.101539750179194 -0.0614362551040076
-0.058383791916142 0.0792014455874559 0.281881917443755 -0.0959933891037702
-0.0696941867343441 -0.0338620496284491 -0.305870897270648 0.0814783965188983
-0.0926718550415418 -0.0119449802384353 -0.164293370513574 0.104463394348032
-0.060684383700491 0.0627598629724451 -0.0495804573211253 0.0380611596473901
0.00938114793355148 0.074069853815366 0.00884095537212091 -0.00990785847068817
0.0367115133415632 0.0363153583656045 -0.0399867416708204 -0.116885070906302
0.035350803589682 0.0184568668257364 -0.142973886863123 -0.147616552398022
0.0386484234886217 -0.00243419268556668 -0.225349589459896 -0.139882320910406
0.0421288633554093 -0.00227942506552212 -0.25973157003034 -0.123459185973161
0.0535290753728961 -0.00156101298054021 -0.251717221063588 -0.139396630724609
0.059733492475781 0.0311407486356656 -0.190910094682946 -0.164813724090778
0.042149703289105 0.0594894591437522 -0.0897152188238336 -0.153943768520701
0.0100207604763788 0.0988413707860749 -0.0265287493491834 -0.0456178420079165
-0.0781832352253075 0.0737316687202536 -0.0809312325850218 0.0411898857092161
-0.112815079140514 -0.0175265868640834 -0.201563246047966 0.0372661115575497
-0.0805779088696034 -0.0497610242201006 -0.360947408182074 -0.0595584569278284
-0.180556895937242 -0.0197489526895815 -0.286663922180792 0.0710816896185161
-0.196328732199721 0.0107277329480814 -0.170435538360845 0.0866879788433673
-0.132537736873592 0.123515812663552 -0.0692998184008393 0.0469334352505794
-0.02467227098013 0.168964897001484 0.00725221403662319 0.00989606496778287
0.0535443659161027 0.138610655576749 -0.0223540854258116 -0.102595390694004
0.0960143077695078 0.10478153090973 -0.112457215135784 -0.137333894070519
0.125247188169043 0.0573590468842429 -0.190465356627271 -0.132096336332776
0.131759459502236 0.0508705360622838 -0.218380511917768 -0.113620908657084
0.143270041645618 0.0464095655507684 -0.21649171292644 -0.117509876905226
0.147741582003926 0.107992976771078 -0.172610719926277 -0.139308726085738
0.093255436295961 0.16273285733502 -0.0882118371733343 -0.132895167318169
0.0264753896387053 0.224084966621463 -0.0165093866176691 -0.0300721173634572
-0.128879321786196 0.19508060836527 -0.0709564455422612 0.0695547652896549
-0.234901060366388 0.0614635652455075 -0.17881644790827 0.0637563029585316
-0.225208683557497 -0.00709554206376262 -0.302669730366853 -0.035140747559657
-0.271743202022666 -0.00810642321002431 -0.221860321158525 0.069022060510587
-0.287998192980306 0.0311520016930548 -0.147527490392422 0.0647341084221081
-0.203298978999648 0.174257001173073 -0.0860272589353311 0.0464549401534598
-0.065929389810102 0.253956216904965 -0.00850391133448918 0.0296995591089156
0.0592163976160464 0.235552612129369 -0.0135018856553276 -0.0649569949047428
0.142860964876729 0.186523248655977 -0.0715696833629916 -0.0967751585638508
0.19415391564144 0.112936460997889 -0.126636270912076 -0.0973254807171493
0.201354547967585 0.0953653251931822 -0.143500867740276 -0.0879652039785335
0.211283138945699 0.0813587825434212 -0.145543506509306 -0.0835384294415303
0.219565229834217 0.158367186628583 -0.12342009744651 -0.10131126962798
0.146034089512156 0.236868551211436 -0.0674206494900857 -0.100144253922536
0.0593909299687801 0.317845888529987 0.00133179319026175 -0.0199988176819012
-0.142972910365337 0.298898740845874 -0.0433832070601021 0.0786653573105483
-0.309991040181505 0.144517901019445 -0.127727141215614 0.0693058707431795
-0.32905602962081 0.0476495467155515 -0.201947751354234 -0.0281138810305389
-0.328449012346655 0.00731426801711227 -0.115548342020552 0.0760331964951302
-0.350374197219493 0.0583193053227184 -0.087410962119792 0.0448408362975934
-0.250379218519165 0.219988905718212 -0.084932742657264 0.0376116562454535
-0.0906910875898099 0.319314477969909 -0.0283193884580349 0.0475660020419984
0.0630030867367442 0.305971491775823 -0.00792475512389196 -0.00735367831331118
0.173206590645424 0.243534843892152 -0.0216878000359419 -0.0296909856556429
0.235515926785541 0.151299632168785 -0.044185963486852 -0.042319189993488
0.239020893304486 0.124170270007665 -0.0475311075155686 -0.0494628298739399
0.245534913261713 0.103174606189384 -0.0529736991692905 -0.0447870375262022
0.256931718558383 0.183648348070507 -0.0513128619303042 -0.0598733990396794
0.177926323789798 0.272885841293215 -0.0277178455179045 -0.0613847607021114
0.0847720110088965 0.361962133909485 0.0241843175514462 -0.0134909564302247
-0.133921907075202 0.352273841996448 -0.00927746702422328 0.0671822889078347
-0.330230479372212 0.199476638420657 -0.0617515395441143 0.0481162283383595
-0.374233283805661 0.093880246586282 -0.0758861809279176 -0.0379379760231069
-0.337715613186122 0.0274086732700742 0.0177529593897466 0.0858636905878243
-0.358933029673556 0.0879234020510405 0.00360127005732175 0.0267903800073593
-0.253682087612106 0.244194389386036 -0.0612275001563105 0.0264875410982745
-0.0909541630782233 0.33559297267753 -0.0399168130755472 0.0645162737679797
0.0635058523598619 0.324699556342541 0.00238228277682461 0.0606145216596388
0.180277072584098 0.257324694434821 0.0361526833303891 0.0499240215785344
0.242364298191519 0.164105895464991 0.0485845816368517 0.023109114640778
0.240649815548281 0.134410966776734 0.0540733998960648 -0.00451123575321094
0.241244406210036 0.113973352101433 0.0451280146611627 -0.0047591946668499
0.248206227019144 0.187708927384648 0.0298250793610797 -0.017782920377199
0.168063775418226 0.272265441489998 0.0207930511498673 -0.021011886008427
0.0768131128962004 0.344364118710167 0.0452648053085947 -0.00669579099336572
-0.115870088440956 0.332228805304734 0.0205528542575799 0.0448534488405745
-0.301185161601083 0.203972320006715 0.00184925002025097 0.0101885759767183
-0.35888354400123 0.117466601021724 0.0525291667640342 -0.0590274957376131
-0.29194680939778 0.0495688131544952 0.156322858178012 0.090853121520977
-0.298556746870428 0.106105238012257 0.103980384548504 0.00715619433898238
-0.19752537924205 0.223354705596056 -0.0182626649412592 0.014970518389883
-0.0640423366077872 0.284316842520167 -0.0356499888644022 0.074251570678506
0.0578541169900931 0.277473669157243 0.0193518350035425 0.120655656097032
0.158550365978297 0.222981571948511 0.0954802519009923 0.122354495286423
0.21216016720274 0.147495351654355 0.137179101692753 0.0848483752573382
0.206004075174354 0.125263691798018 0.147857388985297 0.0409381777761019
0.202055196683315 0.112646190022876 0.132500951478287 0.0360370392385415
0.197692928608802 0.17246634000598 0.10050860999241 0.0266811813909882
0.119235437421969 0.233589022809504 0.060944406109243 0.0234506221566401
0.0359430723205854 0.27117346680923 0.0556275491648025 0.00530796505681486
-0.0953376133940088 0.249050876297644 0.0372495381407022 0.0222259732779386
-0.232366040995633 0.161410886610582 0.0517169769455618 -0.025721127429969
-0.291487293139703 0.115722902134725 0.163930854762036 -0.0801847588299651
-0.19567763879145 0.0647335375896217 0.276251959396248 0.0859440220925828
-0.177700142768276 0.10046117229456 0.189456071293279 -0.0163725324111042
-0.10017417337448 0.153935396984484 0.0294206522687019 -0.000254513473367454
-0.0279228806980619 0.170539209969355 -0.0202325052175368 0.0681808632583727
0.03766595515687 0.177897172172487 0.0381832702889769 0.155185286747933
0.108419390621988 0.14815929504871 0.144007795757676 0.169948270434423
0.145583574918547 0.106640272884498 0.208367302234228 0.129034628018165
0.141197711941189 0.0972963180016334 0.220536066911029 0.078915705828338
0.134609742517711 0.0957648865929372 0.196927001646014 0.0750210581861711
0.119714286471496 0.134213381429433 0.146425974177115 0.0728448064465843
0.0536666698857194 0.163940494453038 0.0809685375332185 0.0678122458315761
-0.0085499684656071 0.160059841535139 0.0492719217614609 0.0207170903918578
-0.0616380311710233 0.132926430911481 0.0421551636582524 0.00398722614143428
-0.133590660064565 0.0989526202223268 0.0841819150181491 -0.0497985384753139
-0.185886388241861 0.0993800574275022 0.24431673881588 -0.09353219949923
-0.0640705491423519 0.0629682370522749 0.354928103292966 0.0687468471067599
-0.0313365881166727 0.0627704047688505 0.24264236524404 -0.0466346859368667
0.000150911680012475 0.0479466615760193 0.0669854880802058 -0.026385401829799
-0.0045252134968692 0.0316420158303243 -0.00689919171357437 0.0460129980356399
0.00334247993883564 0.0574394665918606 0.0525183008431785 0.160626952808661
0.03599998584582 0.0561427790749777 0.171752756398648 0.185533396968629
0.0539665780153127 0.0516198043135946 0.247635542818513 0.149701093477999
0.0540126665009013 0.0536013991272214 0.258703637989913 0.105345072290472
0.0500783249753308 0.060211098152152 0.229631405317063 0.106866442717623
0.0355348155909536 0.070457298498031 0.164689303763952 0.114360141185948
-0.00142667762317333 0.0697331556924383 0.0788789014597791 0.105820879825923
-0.0287038472702375 0.0369703333178122 0.0306029008268846 0.0326632650293127
-0.00526884980567454 0.0243915189103984 0.0400040891992245 -0.0123441599244132
-0.0186254745402686 0.0477793368903993 0.103738846979845 -0.0603241641658838
-0.0582033693962059 0.0790722376394809 0.285718853744058 -0.0963040948913556
-0.0717080730580491 -0.0343948544783684 -0.313074643161458 0.0859128268620709
-0.0964026715673899 -0.0110806055736646 -0.167398220905224 0.109429296417264
-0.0602727022491515 0.0658786175681438 -0.0508333901754091 0.0403581619116336
0.011497535662023 0.0766788628278715 0.0106501613184745 -0.0099884816944075
0.0380914669654997 0.0361762534917222 -0.0406673794102206 -0.118724839560369
0.0368743353023626 0.0185855094872279 -0.148083424826874 -0.148741524323868
0.0392833738525168 -0.00292079253158858 -0.233892089235485 -0.138621706507066
0.0428396277125457 -0.00312217459604643 -0.26832972272619 -0.122207890187152
0.0546120409059354 -0.00312452973932116 -0.261165169045689 -0.140470429876456
0.0623552143366886 0.030792194553033 -0.199618990668416 -0.168507780109848
0.0441159813092087 0.0611337755729388 -0.0946807101533549 -0.159551684200764
0.0122496679882708 0.102669204137924 -0.0262180619825495 -0.0490304232763212
-0.0802687064034574 0.0776680146716279 -0.0801940375963769 0.0408897836047019
-0.116898727311565 -0.01649073709125 -0.20742315699779 0.0379948752552262
-0.0836120754421204 -0.050497725917838 -0.372181819887775 -0.0554316119012132
-0.184544988920288 -0.0191688247729756 -0.294274204458908 0.0756418177480088
-0.20185374224923 0.0130089335922 -0.175023674594128 0.090024303397814
-0.133379068482758 0.12756426441736 -0.0713488241739104 0.0491723540241636
-0.0230995369743002 0.174266716655321 0.0089920744918547 0.0103181635060695
0.0564701647456906 0.141313457306367 -0.023299679378652 -0.103898163053716
0.100574016470514 0.106416208758149 -0.117002399976652 -0.138547743864731
0.130057568131845 0.0572337969349378 -0.197183593481949 -0.131304207597562
0.136288140075122 0.0505779007401941 -0.226110006866905 -0.113740007393451
0.147439748733618 0.046390120065767 -0.224288326438778 -0.118282641773116
0.153779865057337 0.108519163061218 -0.181004120746544 -0.142196323593726
0.0981549943375921 0.167925620854397 -0.0925149370305858 -0.136429256123882
0.0305902292044128 0.230097137664448 -0.0169258754672468 -0.0336402841407693
-0.131110995185247 0.202713855488243 -0.0696835210099933 0.0697827849973344
-0.242930834375306 0.0658471171833975 -0.182947511216909 0.0654484499668973
-0.231978262111232 -0.00610799467752143 -0.312893308291992 -0.0336987846716065
-0.276675323812728 -0.00673842524568061 -0.227576893207943 0.0732878891209613
-0.296715527233068 0.034549421405447 -0.152212887527316 0.0681428380996558
-0.205365536894921 0.179201492604716 -0.0889395381068397 0.0487972198958792
-0.064154423999495 0.261551366037667 -0.00716956970490155 0.030910140385661
0.0631623381130203 0.240735811046873 -0.0149945574788353 -0.0657019483511735
0.150272862219478 0.189721634117759 -0.0749196565830102 -0.0977225159386076
0.201523861436643 0.113904944710928 -0.13121920177056 -0.0974059697579662
0.208408623039113 0.095130942516606 -0.149241203032961 -0.0882763231944454
0.218160742037697 0.081859105470783 -0.150966542003879 -0.0843296450957868
0.228364906921354 0.159792931824577 -0.130062046335486 -0.103573944228175
0.153545014107294 0.243364428362601 -0.0715037001441103 -0.103087860189638
0.0664608488369169 0.326651247323843 -0.000365678805730773 -0.0238126673756905
-0.145049103359498 0.309073633634267 -0.0409574400760862 0.0788689283564977
-0.319185810017125 0.15132713531353 -0.129262697692705 0.0713978416539594
-0.337743046506723 0.0498811207508121 -0.207313377743823 -0.0277878916973524
-0.334653311649321 0.00937055440158113 -0.118580127236494 0.0792341592419748
-0.361616411570657 0.062292740459262 -0.0905249964903169 0.0476451484480795
-0.253957340963696 0.225126977701288 -0.0889386527738365 0.0404552182470584
-0.0895345774387447 0.328860944698666 -0.0278910054194203 0.0504821302526347
0.068011579615193 0.313630169054647 -0.00958511492312104 -0.00665943981389377
0.182985491872699 0.247421791532055 -0.0227082115244003 -0.0300299961139501
0.244468202207107 0.152468288015479 -0.044698860485504 -0.0422730533140846
0.248467017407854 0.125244473176995 -0.0506452053769186 -0.0509192216646804
0.253408074663495 0.104258475984142 -0.0556242373001237 -0.0453063254566871
0.267366851583823 0.185608315621489 -0.0551156477522029 -0.0612436470346575
0.186439891479985 0.280357897922583 -0.0302363736206616 -0.062980633031757
0.0926931344139265 0.37082999715001 0.0222267583936088 -0.0175268515266306
-0.133925230918921 0.362945247265618 -0.00654727104583012 0.0673117707169653
-0.339384058395437 0.208050801897133 -0.0611907416840081 0.0497691763262453
-0.383819076628338 0.0969870874595215 -0.0787904399316376 -0.03949534614547
-0.344326988004879 0.0289394758322051 0.01769068836327 0.088771783589346
-0.370327173864701 0.0937073727012408 0.00305894524814287 0.0276298646895661
-0.256831201278706 0.250467745906573 -0.0641108688024663 0.0286755382667318
-0.0906399139577565 0.346176329279819 -0.0401560595971674 0.0685865414545141
0.0689731991419502 0.33340945761442 0.000838022826398309 0.0632545109803626
0.189759564216535 0.262715319153676 0.0379251931796848 0.0510951269224202
0.251758550814764 0.165655966837682 0.0517138095896858 0.0231269324421061
0.250373540632205 0.135394685763473 0.0543049566783992 -0.0059105386997956
0.249991368812784 0.115453135524891 0.0458611486197236 -0.00515518200342382
0.258364883613982 0.190522672938968 0.0285226740475577 -0.0184900603081341
0.176209912817399 0.279130932876128 0.0197726718056553 -0.0207181079879181
0.0840700947845773 0.353067475143955 0.0439943324101875 -0.00979689073510173
-0.116628417648081 0.342409952010739 0.0232452731207259 0.0439251355210468
-0.309062583416423 0.211958843095587 0.00387826014983769 0.010845961393046
-0.366892074960462 0.121905916544141 0.0527847312757643 -0.0629415995813839
-0.29722364096067 0.0523116282492393 0.159925041347655 0.0933808637862245
-0.306492041543041 0.111101124823133 0.106216377246911 0.00738125998132528
-0.200345501788983 0.229011939292109 -0.0205668972294562 0.016941194662109
-0.0634105634575858 0.291740709910424 -0.0364156800249775 0.0782525358539281
0.0622604808556646 0.284900253455471 0.0186248150480384 0.124711047220644
0.167039161330506 0.227136987846596 0.0996388818093756 0.124833795242568
0.220228989340224 0.1484674765994 0.143710280239559 0.08438374509708
0.214807078216119 0.126396331077858 0.151007315353641 0.0400159834618051
0.209391961045025 0.115557880694329 0.136229154305539 0.0356527758708982
0.205389316573502 0.174844504724051 0.102263819303887 0.0260133538768865
0.125576591692124 0.240327447807016 0.062324889076519 0.0236860599329829
0.0410172671840845 0.277025955471722 0.0541427465253141 0.00315486512192238
-0.0961744267376173 0.255841637467222 0.0396844047630635 0.0215313431485973
-0.238079354161424 0.167328843281451 0.0547740826237281 -0.0263858319994285
-0.29739616011494 0.120187827175263 0.166942990643087 -0.0859881155774519
-0.198810937695838 0.0673806385846952 0.283739350654067 0.0867842758364706
-0.181942113786839 0.10429686131145 0.193598510895669 -0.0175223958155001
-0.101182079923022 0.157666525034903 0.0291020997103212 0.000904075671108506
-0.0278290650936474 0.174803389592688 -0.021248706547235 0.0726779657736505
0.0407883859075895 0.183151288264885 0.0391585574860698 0.160247669262165
0.113776134952382 0.150471763148502 0.150377946070257 0.17323793024491
0.151786481857152 0.107221257018111 0.217141885933504 0.129104719582239
0.147967548203702 0.0972435454534229 0.225747548502408 0.0782423254736312
0.139757530357471 0.0979476095817346 0.203130769262407 0.0742250569192388
0.124656421078066 0.136169246617594 0.150722744998393 0.0728089201201926
0.0575044203085944 0.168230261983226 0.0829944188470629 0.0688673148913045
-0.00665228932184888 0.163066852013528 0.0484302255170155 0.0197569537387648
-0.0614079499629647 0.136142502022174 0.0436641279602122 0.00335713122825223
-0.137154038345272 0.102597025096098 0.087370984096686 -0.0514944134039556
-0.188560291857476 0.101851540788627 0.249652537812316 -0.100753078386624
-0.0639912566107929 0.0649665383142177 0.364391067513079 0.0691612529967521
-0.0303584095538532 0.0643922576136203 0.247863243492421 -0.0489126591555338
0.00108814001683353 0.0485369750646588 0.0680141726225424 -0.0265230007634388
-0.00541440410220201 0.0319323762234122 -0.00796505305510602 0.0495592043084863
0.00428020348010418 0.0593395468562114 0.0543558301166968 0.166108492421855
0.0377924440774418 0.0567406156680141 0.179238146934223 0.188678969505521
0.05663308363018 0.0519705086387543 0.258031075175973 0.149260198609942
0.0570624218758491 0.0545076172456548 0.266011549929349 0.104724815517658
0.0529957672090677 0.0624590367401236 0.237401921079004 0.106274149712017
0.0372485718394704 0.0723641426673633 0.17057665917142 0.114473326829384
-0.000594879887161636 0.0716145485618841 0.0819542360035286 0.107163687482454
-0.0297545510988385 0.0376490766716196 0.0296670055587986 0.0326339623485088
-0.0048144343960688 0.0235118838385292 0.0400862353778188 -0.0134334878425249
-0.0186221324666345 0.0485860203601347 0.106686042457963 -0.0621889820876143
-0.0576990798910791 0.0809804960900063 0.291807356838106 -0.103607923675944
-0.0748199397628641 -0.03264584429768 -0.317455409357934 0.0994215841687502
-0.1004961413885 -0.00694953369674159 -0.167030667805865 0.118642450660311
-0.0578937914370408 0.0695723788142722 -0.0499427065008348 0.0432437142723071
0.0159845953380798 0.07850160327749 0.0121460619526036 -0.0108538731158184
0.0403374062612515 0.0349100228644694 -0.0447047298274256 -0.119406441456046
0.0386013228693693 0.017506284929517 -0.157521209121251 -0.144729032149344
0.039915997180489 -0.0042538409764116 -0.245380640376076 -0.13040530560986
0.043077175542678 -0.00517283298453024 -0.279251224743129 -0.113876839322796
0.054568787435411 -0.00582023849426128 -0.274314029423573 -0.132975714303096
0.0660252606122092 0.028493859612382 -0.213227196713438 -0.165956924320904
0.0482019492127831 0.0618166741018438 -0.10437917004167 -0.161451398770314
0.0172978287552901 0.104720721256922 -0.0284987909197044 -0.0513156656749547
-0.0799191093024713 0.0841685114774901 -0.0788400199844362 0.042919023549867
-0.121775502195922 -0.0117230742360282 -0.211128689900534 0.045323873773618
-0.0885407107911478 -0.0488701276141174 -0.382609821661497 -0.0420048193048575
-0.188745734747785 -0.0131705242549312 -0.297913557376282 0.0878186582982367
-0.208259575674929 0.0216930570326799 -0.175586961545279 0.0997197129113847
-0.129552871205373 0.134710919893434 -0.0715158578350549 0.0536562671230389
-0.0147985286906127 0.17950324151469 0.0113632930247178 0.0103504466914955
0.0633663071675752 0.142208345327933 -0.0274115687203889 -0.104638207925203
0.108132519791943 0.104338112185453 -0.124924737991626 -0.135936954148658
0.135368542226144 0.0531808690989333 -0.206938586620247 -0.124275764708324
0.141480862826141 0.0462667776880421 -0.235986391314472 -0.106567923293519
0.152482725336216 0.0410401156976347 -0.235310187180155 -0.111780225163527
0.162786072592036 0.104514595765531 -0.192732919419926 -0.138424034323848
0.108223257089629 0.169643050116069 -0.101869017493359 -0.138115999103248
0.0418637566803864 0.234738695670212 -0.0195158948968363 -0.036668975680546
-0.126982388705483 0.2138115044053 -0.0658934037133534 0.0714018417738182
-0.247947453960559 0.0774166864808601 -0.184363767945839 0.0726254722330401
-0.238301180766003 0.00129193611764935 -0.320457008425529 -0.0213620370143062
-0.28134768879376 0.002850072470196 -0.230570483103543 0.0829362704416767
-0.30359094235212 0.0466145987433847 -0.153899651970722 0.0756904868631538
-0.201418140936431 0.18850107633286 -0.0901064425986582 0.0541005920553339
-0.0541046843089578 0.270562113609263 -0.00473987816309073 0.0328032913449375
0.0750841364432159 0.244010023002761 -0.0180619345478456 -0.0658209563201839
0.162551422994003 0.187676711497158 -0.0806065763074131 -0.0964594218410229
0.211781725366706 0.10764025023169 -0.137340900134162 -0.0931434807004471
0.218292810634344 0.0888855351252124 -0.157444938727532 -0.0840230968320772
0.226222709497379 0.0762782338494451 -0.158541522170478 -0.0797951457666028
0.241934921943752 0.153311309158836 -0.139867566310385 -0.100806986277844
0.167910774514376 0.24511889219526 -0.0788111447713438 -0.103357398640686
0.0820381355242841 0.33150274674479 -0.00270889251915833 -0.0270054680360334
-0.137351265387299 0.322326406513731 -0.036092207733705 0.0793951283258162
-0.322856534069826 0.167723694457024 -0.129390314045919 0.0769212688294356
-0.343432650549858 0.0617187218889033 -0.213312636566527 -0.0204489356698607
-0.339582056134074 0.0198800704933874 -0.118911695836955 0.086126033301084
-0.368886273317156 0.0768512169336261 -0.0922418499458731 0.0527853951224994
-0.249714762781473 0.237768165076565 -0.090544048734335 0.0460754517601279
-0.078551775492541 0.339919175562187 -0.0255216854445917 0.0537412600443079
0.0825069572250574 0.318720615498316 -0.0114343390994932 -0.00510290244446084
0.197736976854154 0.245684582400238 -0.0243442030451429 -0.0292418761915592
0.257405164932426 0.145829497869712 -0.0466232401800446 -0.0413957741313663
0.260366006832865 0.117258304066536 -0.0554880369288994 -0.0497834091186201
0.263670720650243 0.0984036444141384 -0.0585132275794705 -0.0445591084888344
0.282603473057535 0.178653863284815 -0.0610950185938278 -0.0602726173558976
0.203204123731293 0.282255118345708 -0.0349356818211321 -0.0639804236375395
0.110200199179493 0.375754872419934 0.0194588558620009 -0.0212215689845153
-0.123948859284926 0.377584429118937 -0.00161699906058538 0.0664504111503614
-0.342549475150706 0.225952633225151 -0.0596676602073632 0.0520728976439232
-0.388390061901141 0.111582946127833 -0.0820739594325791 -0.0384892121223421
-0.348121913135564 0.0415112593664243 0.0209917557190235 0.0913897272983236
-0.376244472232107 0.109256630935254 0.00271594757543932 0.0295454650440757
-0.252228410476149 0.262976864211503 -0.0655111705330229 0.0336646413505716
-0.0793183815560905 0.357497828353858 -0.0376151886288222 0.0723806093824486
0.0840081543224005 0.339519460154563 0.00070101968382848 0.066333544647451
0.205817897556486 0.260020723236156 0.040967770460527 0.051212691357018
0.266190779843853 0.158719413888534 0.0547576734952797 0.0210045346616716
0.263886923214763 0.128008796940306 0.0536359309361674 -0.00824621993511804
0.261329888795712 0.110676293706051 0.0466215100636045 -0.00733962123084009
0.273133404014734 0.183893209409723 0.0267799762734639 -0.019712956196613
0.192910098214876 0.280982844076932 0.0188442626687611 -0.0225793896582521
0.101076417818185 0.357362480465195 0.0412647816741393 -0.0132183786545723
-0.105728318659516 0.35538781834268 0.0272563723965631 0.0419803520407808
-0.31038016127568 0.228564771599529 0.00622186668409676 0.0109437908690479
-0.371020683272648 0.136039269763714 0.0510747442553859 -0.0676422866124211
-0.300031247858037 0.0634838115678889 0.166246800042154 0.0914334560566663
-0.310580982169779 0.124771722663864 0.108032631479878 0.00517741559822435
-0.195514443167086 0.239271151356136 -0.0211222598695618 0.0201850408081984
-0.0545559289849593 0.301226261036978 -0.0344376417871294 0.0830240666894364
0.0751974462330807 0.290589382013849 0.0214486506731999 0.128743969662645
0.181107500745547 0.224862864807621 0.107072701579897 0.124521153200068
0.23263698745597 0.141852975973035 0.151495302257537 0.079518243727411
0.227165924889611 0.120113353477448 0.154499731549485 0.033427339611544
0.220163731546103 0.11100995957483 0.141128761784753 0.0306386385009848
0.218264816972432 0.170623242655959 0.104613879838992 0.0231884598664016
0.139459350452751 0.242349900474625 0.0636086861959381 0.0220830064018168
0.0539458128058433 0.281923796352743 0.0524086537179309 3.32946593111288E-06
-0.088290360649333 0.264969058225874 0.0423807319945309 0.0188274608410163
-0.23903800666199 0.179820420839881 0.0568369319146451 -0.0289733079898477
-0.298146423674345 0.132074705363742 0.16673977043013 -0.0965141318729073
-0.19884448198502 0.0755360490672602 0.292587232916791 0.0797361721885308
-0.182202551978678 0.112920224373784 0.19673959144154 -0.023938722458963
-0.0969735201934048 0.16308862951542 0.0294344732714335 0.00137992848345229
-0.0226659006149478 0.180150209558763 -0.0195187082936051 0.0770850161001742
0.0492779426903473 0.186261038106423 0.0444723115864256 0.165052514642647
0.12358979823429 0.148997641940161 0.1618002617046 0.17181693388043
0.160226345686452 0.102353757835392 0.228612914710602 0.121690109075725
0.156656398378556 0.0935766516685429 0.233308564509744 0.0705214892939315
0.148370934416091 0.0959710518479687 0.210778162148079 0.0676376164428508
0.133675611111193 0.134528485274573 0.157256267167154 0.0677936858014478
0.0665083971705188 0.170494444937106 0.0868793212545701 0.0673582439329672
-0.000309559120953764 0.166613293022822 0.0476252193140711 0.0179284831052277
-0.0578145781460717 0.140295435120324 0.0446960926649184 0.00102294057771537
-0.13723050273089 0.109681520873979 0.0892772304565252 -0.0555036153971959
-0.187721310744353 0.110505139348808 0.250295391756362 -0.115065072505476
-0.0618235582906541 0.0686780631771453 0.373729558852348 0.0590801625146042
-0.0278098431391149 0.0661135042346251 0.251752762358149 -0.0585803459802241
0.00350407933972521 0.0480807038622271 0.0681260961447119 -0.0277186686252898
-0.00544764769926391 0.0319375231435605 -0.0069482783622428 0.0533842383815673
0.00694059495569419 0.0608220480786204 0.0610825304044289 0.16958891093609
0.0414538820975251 0.0561817417567854 0.192062711441289 0.186665774286779
0.0603771353605735 0.0505203774475037 0.270685705104057 0.140315104906301
0.0619163393951368 0.0532787146688507 0.276012324864662 0.0960638435737417
0.0578770890100316 0.062288086455346 0.246704613093296 0.0988004240990852
0.0414161857418798 0.0729918336088862 0.179196681941705 0.109967871013502
0.00225230044744541 0.0735212536981961 0.0879380434334716 0.106694766097707
-0.0296837232746859 0.0389454978834806 0.0297067793800213 0.0322221097798058
-0.00375247006676286 0.0225775478812291 0.0394874570034367 -0.0151770678932124
-0.0174787953961588 0.0501271793500396 0.10858671391393 -0.0674858578418895
-0.0550530090163719 0.0844234901430716 0.293423346858747 -0.118958645566702
-0.0496830601190727 -0.0607353127503396 -0.333996923115444 -0.0516273037522234
-0.0864873538649717 -0.0503172452754963 -0.201020261283936 0.03507099742738
-0.0821144664264501 0.0377916712482315 -0.0608265363941132 0.0167599535836218
-0.0191750794836312 0.0780296048406163 0.0196023021612418 -0.00437920765030208
0.0192955462231725 0.0504371851516425 0.0160367423804768 -0.127430846570473
0.0258659891043852 0.0343851985007675 -0.0750896632778084 -0.200631560237241
0.0348624193915743 0.0129762990055575 -0.161576703329973 -0.223662816208058
0.0394401445018941 0.0143579867887437 -0.200151785510537 -0.222112770271121
0.0493677621107657 0.0188357110738945 -0.188995588362273 -0.237562280961294
0.0465507435842546 0.0536271649361693 -0.119809195731266 -0.239207724608531
0.0155630671594223 0.0771856760045315 -0.0239547359377343 -0.190639124621649
-0.030325486578378 0.101552782807186 -0.0027536736521378 -0.057897008972753
-0.111759881397791 0.0414176665646467 -0.0902253159094724 -0.000141426575995547
-0.108418958770524 -0.0634495506207189 -0.21059797573364 -0.0619680814531127
-0.0598351422607387 -0.0829133245553045 -0.321593083924716 -0.220818305641545
-0.160051812796224 -0.0946655248902855 -0.310972323518002 -0.0505476115602914
-0.196665725548194 -0.0718071083015654 -0.197942277769027 0.0150056272101915
-0.175095666094446 0.063408811661661 -0.0820625858484705 0.0172963846899899
-0.0907598382549301 0.154028035929424 0.0122370990417368 0.0156019423003056
-0.00760156231235645 0.156221836409679 0.0285875887462156 -0.107401368973524
0.0506272227104525 0.142714530288286 -0.0489901353036726 -0.181173596279885
0.0975675067125111 0.10716646360985 -0.12908299714785 -0.203383017745885
0.107310210355537 0.105660131141737 -0.164501376639638 -0.197463438169111
0.116536446799438 0.10390629590799 -0.162596750737932 -0.201534117449233
0.102036853577367 0.164183172639261 -0.115120412935752 -0.204955442954536
0.0238888699233146 0.202240142075424 -0.0346469368643967 -0.165048772473595
-0.0653488783505389 0.227608349110264 -0.00429995265493384 -0.0377587150729732
-0.212130053200021 0.135747383102219 -0.0944496344053889 0.0309758627775815
-0.261035555402501 -0.0388114823378164 -0.19874922086366 -0.0282708643457264
-0.215652105435642 -0.103585373934062 -0.274398135115742 -0.175875578998303
-0.250850188443943 -0.123031528911194 -0.247403815096214 -0.0211031230560722
-0.29419273799874 -0.0926341946901682 -0.165355220219631 0.00438223499422519
-0.263548340901164 0.079332497470161 -0.0966894372060068 0.0111677614745258
-0.16582661504572 0.217812144091272 -0.00969514051685717 0.0301079711723249
-0.0426288161577642 0.252764827546066 0.0242987290978316 -0.0680138398925057
0.0646646769476877 0.241542884388325 -0.0241337346368499 -0.127131205232091
0.143656362698524 0.189963680670638 -0.0790882119890374 -0.145936366886096
0.15880057468426 0.179312901156668 -0.101869147258931 -0.143731338610353
0.169295340560278 0.167845796881095 -0.107972474311883 -0.138751949234285
0.152355672269315 0.242326644978659 -0.0848427679975567 -0.146802536324076
0.0452633689016944 0.297090287939637 -0.0312197070563786 -0.120342750657802
-0.0708727250715356 0.331265315104347 0.0035767646035107 -0.0192673609368222
-0.269305071811312 0.228939976380824 -0.0743453736495878 0.0527195477626526
-0.367809901211094 0.0090946735899739 -0.150956774627553 -0.000540513192640514
-0.336052849511837 -0.0963590554626577 -0.178744509491932 -0.126776150097939
-0.311590385310109 -0.135186243432912 -0.147846103883003 0.0337126413824595
-0.368280939789343 -0.0948933543283765 -0.0974492779471182 0.0113198966211728
-0.330930450153989 0.101328708344924 -0.091461518573898 0.00428318962989672
-0.218661380622739 0.268450466419124 -0.0362725320175799 0.0407827185952297
-0.0682355663518886 0.32274674522844 0.00650192604661547 -0.0104457640893818
0.0712600077485437 0.308832450437175 -0.00245780382753349 -0.043201588506512
0.169932391482371 0.244938984417017 -0.0200696927832513 -0.0604502714496668
0.185454361047727 0.22434903338977 -0.0264623307242264 -0.0693341235917347
0.194065006635537 0.2045822935513 -0.0338655679530371 -0.0636936019496224
0.178743425801479 0.282684294586897 -0.031541199778569 -0.0756238525805188
0.0614095101875188 0.347167320523838 -0.00944782147940945 -0.063536463591282
-0.0644374748712007 0.382939564471614 0.0194822745896606 -0.00203591980548219
-0.282536128027934 0.284206660871721 -0.0381986349995059 0.0578515566791291
-0.409658534891261 0.0530299337531717 -0.0777159445953963 0.00865807999761455
-0.398057250569155 -0.0721673571175427 -0.0521969417214145 -0.0814806945141144
-0.329642647227405 -0.121179700073398 -0.0227761461180576 0.101998126425849
-0.388934315429958 -0.0711572071347503 -0.000521768621893252 0.0320170595398746
-0.344374748021948 0.121328092704995 -0.0631174410995114 0.00412417808040086
-0.227370266623916 0.283917555488685 -0.0548177962842581 0.0527985024417635
-0.0754572646932772 0.341726916189179 -0.0138032175500707 0.0591915304240919
0.0720728420722828 0.325261631865852 0.0198627672204485 0.0581389164358738
0.172857813663397 0.260682004426152 0.0429105537146759 0.0400671119536214
0.184235891243601 0.235921169269561 0.0529193360053921 0.0147433934168368
0.187342307193491 0.214524402187498 0.0440721586904055 0.0150043877376649
0.169272391929704 0.283647471898852 0.0292021446370832 -0.00168753319635695
0.0542159171154956 0.341196469163573 0.0198117127615176 -0.00322326831420078
-0.0647637531585308 0.362260853732285 0.0345241900115119 0.0141977640751214
-0.255904061013714 0.270337246807353 -0.00148496340112644 0.0492032291639486
-0.381592351863143 0.0679472755895682 0.000839132516055168 0.00325863141080029
-0.391628692409988 -0.04259192074358 0.0807259974189995 -0.0437283992214618
-0.296908352607609 -0.0815995185925401 0.109544606198961 0.16716749616309
-0.338580161720847 -0.0273858915788519 0.104819217156813 0.055927962915244
-0.282928226197008 0.127034614430828 -0.0181875541824724 0.0110754386751455
-0.180538175288508 0.244148771615466 -0.0593817076168838 0.0637655707554955
-0.0613241111758517 0.293770052080484 -0.0261068957683436 0.125289781097769
0.0654781361978599 0.281886238570607 0.0450565963971288 0.154985693354392
0.150267049314065 0.230937997976582 0.104149908542915 0.135964847038141
0.156002935378698 0.21158955637855 0.124714955090084 0.0964546945174325
0.150821656177715 0.196560329619801 0.112319137110313 0.0891747037594224
0.125590985079063 0.247437674332474 0.0808826709752375 0.0690952474560197
0.0226377715335011 0.28149313560142 0.041260680245352 0.0548569209110779
-0.0737181335246942 0.273621912065957 0.038898098288542 0.0288532735423905
-0.198079369061003 0.197589853265004 0.0247573028772916 0.0362565371292819
-0.294530873173732 0.0557652063784128 0.0650377295262208 -0.00643170446962274
-0.324869291963601 -0.0149669223534369 0.197548668813328 -0.013036414422416
-0.213758251487271 -0.0254396043885359 0.229930772243098 0.21168007606714
-0.217644102657146 0.0193922319359808 0.19466843078901 0.0671832815308433
-0.160479966454697 0.10139462745503 0.0313334827221732 0.0155204800751243
-0.0993862519043911 0.149257931663777 -0.0478846083554598 0.0635497210113446
-0.0373875795509862 0.188520637999051 -0.0264530987108705 0.168821878220199
0.0477189548054322 0.187179024672837 0.0708609248891058 0.223559921855947
0.103112637665416 0.163364069843274 0.153784420927314 0.208742747400362
0.103423800513382 0.156021190440552 0.17860389858125 0.162502232777551
0.0946030953209234 0.151423723150838 0.158418203492058 0.151447911092509
0.0642800126839723 0.178583933582241 0.108475452504035 0.129660330952341
-0.0128890309453153 0.184103335558414 0.0435155938006849 0.102410626379341
-0.0720447610031859 0.1477420631611 0.0285447568062791 0.0394235448492424
-0.113925426378711 0.0990455242014051 0.0360561453209522 0.0216051367115423
-0.170653997116418 0.0369951348755663 0.106584229405089 -0.0126720349325053
-0.215467235143908 0.0151585941403012 0.280327617912593 0.0115421254541661
-0.0874951157793695 0.0298193663106957 0.313762934499274 0.224962767291511
-0.0569085540069663 0.0451285819788641 0.255392099456215 0.0591177848048815
-0.0183624182007278 0.044100687006233 0.0742952832906222 0.00607894196738678
-0.0191689104664106 0.0250377421785146 -0.0303198242024606 0.0473716583976544
-0.0190622888020181 0.0554563499753424 -0.0190095867012378 0.181990212180263
0.0141757741591178 0.066930433883514 0.0899813414805216 0.25315512764105
0.0348931324426332 0.0729484797798061 0.182244747521246 0.244729251248506
0.0343364312906247 0.0764383441677237 0.204834886002235 0.203859712172503
0.0278520066250406 0.0816075353642223 0.17752372122906 0.194431993512037
0.0075839059858758 0.0838556967414825 0.111895486958675 0.174711898153118
-0.0293729492901718 0.067168000040328 0.0299763062261133 0.134393919529433
-0.0430500116118445 0.0209871134131146 0.00866603355177156 0.041313124523846
-0.0124390374710993 0.0178295555227385 0.0404735836816728 0.00501804615892791
-0.0360393011714497 0.0361787084088883 0.129013467601339 -0.0108643351135331
-0.0847115682996278 0.0502227207598452 0.319849893903464 0.0302310129488628
-0.0514702670518561 -0.0572609714004414 -0.329908558380305 -0.0372973960584088
-0.0890053774367702 -0.0447053396061711 -0.19552777150766 0.0429717082050353
-0.0780308981210936 0.0409223520168941 -0.058994961860834 0.0189711794960362
-0.013586689399375 0.0781150181548998 0.0204050272374014 -0.00469942570891295
0.0213510956225576 0.0483180794240448 0.0108182385420407 -0.125689792383098
0.0275083473022048 0.0325586942078443 -0.0827432584988154 -0.192137818906385
0.0347901788153432 0.0114782843305348 -0.168694488057318 -0.21048971744454
0.0387907043622791 0.0124501069635103 -0.206524018056285 -0.207859186730444
0.0481611273553554 0.0154816477088629 -0.196192937057341 -0.224158478864854
0.048570529129557 0.0505625051240909 -0.130845922206701 -0.231463798130283
0.01934114538216 0.0761551288190843 -0.0333233658681664 -0.187910245294191
-0.0248077517121879 0.101362738323552 -0.00395665361013682 -0.0586191973348251
-0.108619959062696 0.045826754486336 -0.0860052717260028 0.00164642973037318
-0.110373305466801 -0.0575656504807307 -0.209068914357059 -0.0523886764448888
-0.0631501435977023 -0.0787525954813043 -0.323850521586908 -0.201282010775892
-0.160040433753739 -0.0858495341773255 -0.307090138834913 -0.0362305602087805
-0.197186277117457 -0.0612736721113938 -0.193185528945135 0.023018511769199
-0.167429210160671 0.0692473361205907 -0.0798801182629974 0.0207161865293225
-0.0802250701452638 0.155778140068054 0.014032196247905 0.0152913642876894
0.000385515295076014 0.153819631620343 0.0240111791901241 -0.106014634831517
0.0576871081403208 0.137559336865736 -0.0557521696185328 -0.174110174501349
0.100810297744049 0.100388497147615 -0.135304594459557 -0.191715712374872
0.110261052316107 0.0984205770705033 -0.170299130124358 -0.185931492892914
0.118802952254025 0.0969683599917782 -0.168604734966375 -0.190015341841254
0.108402812641487 0.155489070325986 -0.124687661245821 -0.196751629067673
0.0332264807577718 0.19891375303538 -0.0427857511154754 -0.161792078954551
-0.053156967884148 0.226807289257548 -0.00613307903745536 -0.0388228792601741
-0.20332059466108 0.143597816203445 -0.0878905221056286 0.0326486880224188
-0.260045218898827 -0.0270242910737053 -0.195028797029332 -0.0195768453076357
-0.217147002106551 -0.0933193805522502 -0.275572379320858 -0.160476204871865
-0.24863410104 -0.110446821887272 -0.244109365871332 -0.010488657247635
-0.294216358961248 -0.0772800291441358 -0.162181335894348 0.0117198231492196
-0.253319430140746 0.0880683299679029 -0.0949020354452589 0.0154498261545139
-0.151480553109334 0.221108501745404 -0.00699367489832093 0.0304812723149022
-0.0291803049219909 0.249969074880435 0.0204839199210811 -0.0672766380026828
0.0758717364587701 0.233308424904572 -0.0300179665932337 -0.122807545324711
0.149744821524975 0.179558715271473 -0.0839429321516861 -0.138423231026598
0.165022162228104 0.168607286200404 -0.10714524450059 -0.136121905599467
0.173684799714171 0.157364620988086 -0.111660858669466 -0.131697364874507
0.161133560015153 0.230473593486694 -0.0915752737511709 -0.140309110948572
0.0593066797208634 0.292079789697639 -0.0372997106452401 -0.11787650718555
-0.0536795910321144 0.32816391762569 0.00210888714740157 -0.021150594303832
-0.255646039334039 0.237306767695686 -0.0669984964859705 0.0526388289345011
-0.363487430269364 0.0241839247255468 -0.14712435188487 0.00574537571820246
-0.334403145645782 -0.0823389497559125 -0.179931789326597 -0.117243125702296
-0.30873190155905 -0.120110637814211 -0.14418192795547 0.0399714070626891
-0.365955549009953 -0.0768947044344402 -0.0958590614159774 0.016468533790844
-0.318311185988238 0.110701675876066 -0.0902614060010827 0.00914957270801645
-0.201770622587063 0.272785509659075 -0.0324254030006366 0.0428416334815877
-0.052814579528146 0.320469139917658 0.00397173447548475 -0.00972646934900275
0.0849590358788555 0.298741742920767 -0.00491038066381404 -0.0411650879922205
0.178378646915115 0.231958107036904 -0.0213047427419927 -0.0577888428334034
0.193600656991023 0.211364643998953 -0.0298885688026179 -0.0667709468295838
0.200071158924081 0.192999128632568 -0.0357677456589762 -0.0608858856093974
0.188392512431361 0.269415964691451 -0.0364477435239536 -0.0725314207260226
0.0777111103732997 0.339808709069101 -0.0137551868950314 -0.062661763037825
-0.0449620291788222 0.379160431703851 0.0173078441178757 -0.00481304612645474
-0.265281945483203 0.290833066445355 -0.031705254935046 0.0561967097948443
-0.402349138485898 0.068361102507859 -0.0744841406089474 0.0126320819153197
-0.392777995523178 -0.0557387619063083 -0.0548497294229443 -0.0786161504037592
-0.325980297043282 -0.106173868802419 -0.0187127188635801 0.102533621341321
-0.387271031657181 -0.0531364105893696 0.00023621141568025 0.0332533052451459
-0.332369869176997 0.131051537457557 -0.0615493358395921 0.00834475533453054
-0.210661105419386 0.288197617120433 -0.0513202270728513 0.0556711546249298
-0.0590585933694037 0.339954330746536 -0.0139855789287129 0.0604374651023889
0.0871243438482626 0.315389009040892 0.0221064115282737 0.0575905084879145
0.181264759107131 0.247197303058724 0.0453079055309932 0.0374198022933774
0.193645180246505 0.22273240863218 0.0514811309928217 0.0119155890802195
0.194937742776532 0.203361373982658 0.0452089353528682 0.0123263718654875
0.179163304586246 0.270780213114336 0.027178534623045 -0.00284857471021857
0.0699950524136076 0.334087196798492 0.0179540800304797 -0.00398387845388422
-0.0455738565081814 0.357712510337185 0.0323786638566996 0.0110379854249152
-0.239904915014892 0.277246744707565 0.00319296597578994 0.0471323131394747
-0.37341569043192 0.0817824934943629 0.00276695250644001 0.00395051532652199
-0.38541312913474 -0.0266198707631914 0.0774504814938553 -0.0479268653845093
-0.29244846295792 -0.068290892795799 0.11427679965634 0.161125075678827
-0.33425213214121 -0.0132209085797649 0.10482106275141 0.0518899033652051
-0.271383547762614 0.13357156280583 -0.017576860787468 0.0130037221991491
-0.167353223236661 0.247030446926022 -0.0554552084215488 0.0661777900670889
-0.0465987400186622 0.292050835297094 -0.023114634700475 0.125665314850635
0.0786711168597039 0.272597359281856 0.0516279502149032 0.151497998514125
0.158448192399271 0.21906688503586 0.109430767843337 0.127935648943561
0.164335696432627 0.200145128537533 0.124920509402815 0.0887964992758816
0.159247095359129 0.18730450663567 0.11480323417166 0.0822608425441971
0.134928823642422 0.237143130300777 0.0819233733771257 0.0642523563641529
0.0360328050531189 0.277103393247149 0.0421928995655298 0.0520056347941523
-0.0586243380399942 0.270974604808394 0.0376106176867734 0.0256974408321951
-0.186019302711157 0.202056971274055 0.0268842089148495 0.0334841231736913
-0.288445879216788 0.0668748799438517 0.0653914345481916 -0.00885013341134466
-0.317976183972899 -0.00156776016007312 0.192601593752879 -0.0233166751008838
-0.207810626177476 -0.0164098740470471 0.234334808708138 0.199695415775244
-0.212332474557887 0.0270263133845769 0.194203059068876 0.0590976420851648
-0.151865729034099 0.104598073941228 0.0317210656196873 0.0157018851906899
-0.0922592167490828 0.150322144805042 -0.0440997008518311 0.0659250386971136
-0.0280729309437511 0.187384800824999 -0.0208115813198744 0.168265874973705
0.0557563148799625 0.18126329873873 0.0805475739332657 0.217265349741804
0.108737944808381 0.154894678572019 0.161048483409765 0.19591580550662
0.110151558494283 0.147844126667082 0.181442016302177 0.151285793962913
0.100711477187374 0.145031769252482 0.162863490266364 0.141119957429672
0.0719787881095216 0.172345843372085 0.11199035991521 0.122051594975519
-0.00305112669731409 0.181453388123604 0.0475620908236573 0.0982578061497302
-0.0639079352288964 0.147492843544569 0.0273655714420378 0.03629788018044
-0.106882822886638 0.101038939175735 0.0362453243422638 0.0188187395805441
-0.166340399331667 0.0434877416512916 0.105204277928202 -0.0165369461481022
-0.208531708295152 0.0233663414593713 0.274473420552512 -0.00355426303750798
-0.0833172873454327 0.0332925100008415 0.316313735643419 0.209461998724068
-0.052436777542008 0.0457135747415063 0.252663290087891 0.0482348768367724
-0.0153776024343364 0.0425045499226605 0.0733115935878051 0.00417837286361079
-0.0190572133499514 0.0245604341649557 -0.0284991871053583 0.0495777277903814
-0.0161554016292226 0.0558074355839477 -0.012311705482381 0.181326814354668
0.016843864311816 0.064096256596235 0.101142205697607 0.245556616765541
0.0382978587981663 0.0689639773730235 0.190618861238322 0.230513231597627
0.0386258081838023 0.073078980844354 0.209121931722757 0.190355036829556
0.0323258910332345 0.0793104282141099 0.182931218412351 0.181557708969643
0.0111049445188881 0.0825327373913418 0.117635624753148 0.165706893987697
-0.0254487930962131 0.0670478864536911 0.0352650141435443 0.130461079862089
-0.0422086793583912 0.0219099911983398 0.00861127596011813 0.0395558295190892
-0.0110346779796929 0.0159305119880329 0.0391565696672253 0.00290780810088359
-0.0333689349385629 0.0368178519348476 0.127060518672156 -0.0157608485880602
-0.0797171027105287 0.0522818814871052 0.313761356369999 0.0133012966587285
-0.0517619819645216 -0.0543801983581915 -0.322613340862743 -0.027963727870108
-0.0892139773991533 -0.0398809002183412 -0.189089960031633 0.047483390238051
-0.0743078652198732 0.0424609675080286 -0.0568932663408788 0.0197998476451592
-0.00939532828188928 0.0769463749003727 0.0209662981402649 -0.00469149844131337
0.0225806771659008 0.0463835856851101 0.00875250278052756 -0.122557484271074
0.0281531248144048 0.0309381883919796 -0.0857621602867158 -0.184238281240497
0.0342377407448632 0.0101519469263432 -0.170445264495653 -0.198744173787846
0.0373913025071658 0.0112039047789158 -0.206177443449363 -0.195697394974227
0.0464768911162265 0.0133534783439615 -0.197938304562734 -0.213587358531589
0.0490719729883623 0.0470713478656998 -0.136508200064286 -0.2224135776287
0.0217154342772719 0.0748423891499967 -0.0384653309824627 -0.184133148526636
-0.020760199809015 0.100313258958157 -0.00454015781136523 -0.0587426340514023
-0.105310042357272 0.0484097423075458 -0.0817405377377432 0.00139967447931568
-0.110123424067967 -0.0526214049901271 -0.204733666492884 -0.0466527992394959
-0.0651558006332483 -0.0752237105717118 -0.32057562658027 -0.186587670270498
-0.157049290775109 -0.0799984022393586 -0.300517880423384 -0.0272617849136875
-0.194986942640106 -0.0538350230013618 -0.187328726119702 0.0281291684365561
-0.16049682546561 0.0713243071451948 -0.0776100243591394 0.0220168760443814
-0.0721456392225917 0.154202768547469 0.0149515300894339 0.0145144487953648
0.00549504486090279 0.149306743732472 0.0206676981009815 -0.103620940909662
0.0607592156744112 0.131504623099842 -0.0591540482086699 -0.167061916463549
0.101463097092983 0.0943313565752666 -0.136971118943782 -0.18192126562494
0.110889306724524 0.0926267675971658 -0.170837878686539 -0.175709450251224
0.118037908409703 0.0908159564361887 -0.170306055212291 -0.180503543557021
0.110240739666858 0.148709044781152 -0.129307151441662 -0.188745114818296
0.0383933111946168 0.195035299161911 -0.048208770081503 -0.158331764350167
-0.0447008677984155 0.222977460352338 -0.00663800819128786 -0.03995104954461
-0.195327142048619 0.146327235445374 -0.0821325064343721 0.0315026353229814
-0.255560226734725 -0.0199354653294099 -0.19056815898564 -0.0150238080863837
-0.2147779419265 -0.0858979305147663 -0.272208566021106 -0.14922229969859
-0.24314150382775 -0.102122299011244 -0.238408307060557 -0.00354939340178391
-0.289318371842097 -0.0671216520541597 -0.15830146459875 0.0160147693835246
-0.243496797348384 0.0900740631915503 -0.0922079344815293 0.0172770573683342
-0.139736874988625 0.219246506134322 -0.00493180041269255 0.0303917921314214
-0.0207269315805686 0.244219805908646 0.0169963524101186 -0.0658727019711355
0.081150705790474 0.223822722230121 -0.0323328043894878 -0.117407683287125
0.152015187886679 0.169093814377974 -0.0849482746896125 -0.132395448642726
0.166646899947535 0.158569810743073 -0.108602319481984 -0.129277792697362
0.173563543472308 0.148947625221688 -0.112256690860394 -0.125429570047971
0.164042205789493 0.219802175503465 -0.0960160790479072 -0.13448860247227
0.0665457315798352 0.285578140696626 -0.0414128200662875 -0.114746542891394
-0.0425576542826351 0.322469314569696 0.000652109648290768 -0.0222276251225519
-0.243749299510274 0.238922241692145 -0.061172039203411 0.0504355746554069
-0.355731490335545 0.0326844322484425 -0.142152416664086 0.00891647407253092
-0.328989946517761 -0.072644001534695 -0.177947109518898 -0.110109443012683
-0.301055777609878 -0.111122983355698 -0.139723816771519 0.0428741914464598
-0.360008226704376 -0.0660285835722828 -0.0933979247860712 0.0194605736767978
-0.30646594482695 0.113250930237622 -0.0876144767406661 0.0117886922583773
-0.188213226644523 0.271097049934393 -0.0296285066784165 0.0432491119587666
-0.0408293003588973 0.314469930810304 0.00158816468165792 -0.00888744153666451
0.0925877934195067 0.287958225478644 -0.00616822026025312 -0.0384553677101079
0.180335414348289 0.219856611691236 -0.0217406137319403 -0.0556299885508067
0.195837174386566 0.200065539898222 -0.0316604444215753 -0.064041626192391
0.200739789788145 0.183099879249457 -0.0358452232879849 -0.0593143547170631
0.192059534735791 0.256842576796954 -0.0396961404216503 -0.0694910078438473
0.0864298186899089 0.331076025819987 -0.0173009998129647 -0.0610798825124127
-0.0327030599377451 0.370491087940547 0.0154542596228753 -0.00648820383304947
-0.251805363628872 0.291591270221732 -0.0266649437844843 0.0529238024993564
-0.393493126181679 0.0768540066869714 -0.0700852784572155 0.0145136785211649
-0.383675664729656 -0.0462253978629477 -0.0553386773794004 -0.0764941963087006
-0.317233514625853 -0.0969590708362828 -0.01629983452658 0.101570279970017
-0.379163232523973 -0.0428538299763369 0.000802864610652147 0.0336031346844392
-0.320479390330145 0.133255500303874 -0.0598632705848331 0.0105715787582452
-0.197747049804239 0.286366553659349 -0.0477368095134394 0.0563739440622375
-0.0469748760458614 0.333531224993748 -0.0144008063498574 0.0605600465173943
0.0945872430945189 0.304079485938199 0.023168091697579 0.0569867968818324
0.184793709100374 0.234174661511243 0.0462756720196797 0.0348415587507551
0.196441987283159 0.21062394923539 0.0494251091858958 0.0102701717812839
0.196875491090783 0.193322417374744 0.0445028830808407 0.0105636512278881
0.18300357936888 0.259626946759671 0.0248601806523637 -0.00312703760917507
0.0789164986866746 0.32546188187345 0.0159078788518198 -0.0043912742367134
-0.0344477992335409 0.350327579277949 0.0300337019988075 0.00877167977666506
-0.226732187879391 0.276232937859129 0.00647933807299794 0.0440464821034155
-0.363969586959015 0.0891665222892246 0.00461461626624444 0.00383520400934678
-0.375493911485976 -0.01875150015487 0.0734538061961909 -0.0503937699997593
-0.284151536087812 -0.0612888630113998 0.115115754604312 0.155276131479605
-0.327185868225773 -0.00553546752948729 0.103787573768698 0.0490385675822952
-0.261101388739802 0.134356729968638 -0.0164905893543385 0.0138482487733542
-0.156756438116926 0.24550276834165 -0.0518433587672269 0.0671661480982858
-0.0365597940354455 0.287181712092629 -0.0214999411706437 0.125298470905506
0.0847853818189984 0.262657968661134 0.0552787725808395 0.147714646089423
0.161551147320623 0.207677409985534 0.111197210765857 0.120729622570843
0.167050970615914 0.189365193813376 0.123562353403114 0.0831460469679898
0.161682678517711 0.178736112852836 0.114492979258202 0.0765232255175754
0.138260881026604 0.227758233255645 0.0807326593234949 0.0608339325049237
0.0444761085706234 0.27007574109294 0.0413108481185212 0.0495691429847704
-0.0491089293928207 0.264901294738707 0.0353548580839229 0.0233932125074349
-0.175414400767509 0.201203790505058 0.0284845854572208 0.0312817517060816
-0.280315331616027 0.0721764069734339 0.0648053847347727 -0.0100736458535008
-0.309041994112036 0.00521972289475267 0.185933989492911 -0.0297142921374241
-0.200853421642753 -0.011697144480409 0.232447239591246 0.189860853837359
-0.206495908862848 0.0301720775385723 0.190487041775806 0.0536091902881637
-0.144898366203251 0.10357335229381 0.0319201312903109 0.0153044528416664
-0.0865444458238106 0.148672978202204 -0.0418593259278265 0.0665084186727783
-0.0217655232156472 0.183885596218364 -0.0179577811075269 0.167516395045896
0.059996097966261 0.173696627212976 0.0858465591924613 0.21184151687446
0.110725707368234 0.14652047354477 0.163499414342805 0.186139497274122
0.112922065414985 0.140351540472487 0.17956006938693 0.142519754899172
0.104207635324257 0.139017951499407 0.162407997101631 0.132320130406796
0.0750948354614964 0.16689266088682 0.112552098693693 0.11561358467277
0.00269745739638697 0.177111600328407 0.0484882959637417 0.0950742051112586
-0.0583210430830411 0.143934193218795 0.0260079606624471 0.0349111309799339
-0.101204232764347 0.100377339672093 0.0364388044421733 0.0171259033812727
-0.161446322864504 0.0460024021053617 0.103424097935588 -0.0183369986419817
-0.20150145006436 0.0271422994763681 0.265858292054324 -0.0127033995661603
-0.0786981622044795 0.0337304230891327 0.312890339853828 0.196496660650711
-0.0496273450979711 0.0441541975673381 0.247026876648975 0.0410179743036896
-0.0133852013275132 0.039896191732697 0.0720915150237652 0.00337277785543575
-0.0194064024441957 0.0235125755686878 -0.0274251454252508 0.0504736097862477
-0.0143727615025891 0.0549531871656742 -0.0083652709838103 0.179116970721938
0.0180369000748423 0.0614456724186992 0.106132748052961 0.237825318481044
0.039005751472583 0.0656930229399038 0.193370178200329 0.218808075731268
0.0406622100773323 0.0696578778011839 0.208342194175912 0.179952479660689
0.035192101707083 0.0765824604716317 0.182981906120042 0.171891953187592
0.0132712877399587 0.08058770716674 0.119818283509175 0.157680191911867
-0.0230587862241086 0.0659184930050192 0.0382437712569974 0.126396720317442
-0.0417093936454287 0.0218859908684892 0.00755808262745936 0.0379407825870829
-0.00985137609930989 0.0144334369076915 0.0373357861168199 0.00254446954812476
-0.0312548875942776 0.0359679044898718 0.124011823582888 -0.0190113292221851
-0.074834665221708 0.0518541456343008 0.304045397017226 0.0030404282437903
-0.0518522643811304 -0.0523366363197889 -0.317350332503633 -0.0232263064051788
-0.0889171125168026 -0.0361299485571624 -0.184992561550824 0.0490837020024165
-0.0717985819821425 0.0433504315806944 -0.0562831315673306 0.020039290120477
-0.00580377129386217 0.0755347314662337 0.0215768883835154 -0.00455113607932831
0.0231967337079587 0.0447050303314321 0.00754990642297662 -0.120352221192129
0.0285901943046377 0.0302627714027081 -0.0870036109731095 -0.179256474936706
0.0334863544704664 0.00958348986479734 -0.169958795569184 -0.191202046487956
0.0362132458867542 0.0102902334681358 -0.205167158392077 -0.18897844914406
0.0445151379699447 0.0121302500944775 -0.198541008287864 -0.206807724829086
0.0496551963341231 0.0447648545326286 -0.140498475141456 -0.216785056104153
0.0232517811892554 0.0747636164225003 -0.0417896271080616 -0.182612798891685
-0.0184702099987987 0.0994423881651222 -0.00451372827686197 -0.0594665881832006
-0.103384030735418 0.0504914908893069 -0.0780057899806419 -7.81339415525492E-05
-0.110475599065351 -0.0497748700953618 -0.20124127866573 -0.0437980709409295
-0.0662689572072816 -0.0724931674121848 -0.31593473519068 -0.179297254572899
-0.153594610172841 -0.0764825892266331 -0.295460082418692 -0.0228680732978217
-0.193209346696628 -0.0487159680916866 -0.18437174616739 0.0298630167944406
-0.155214665090605 0.0707607273934702 -0.0766463767142311 0.0226108000662386
-0.0662461882488252 0.151867729863097 0.016129530507113 0.0145846439760771
0.00870782737954627 0.146683744211673 0.0185243166070408 -0.10172142897369
0.062733136342617 0.128057656820719 -0.0605537481025474 -0.162363161617406
0.101237733016626 0.0905322721936353 -0.136633348481249 -0.175770243033563
0.109883160614364 0.0890017011282478 -0.169884146915627 -0.169966664348894
0.11704679605972 0.0877375626517141 -0.170088674038653 -0.175653072006331
0.111505018919839 0.143511950715162 -0.132046381387828 -0.183304804248737
0.0418147405325037 0.192237449490117 -0.0510834023047462 -0.155486631535101
-0.039977702576387 0.219990017302947 -0.00712428891045918 -0.0409203007644539
-0.190553862973602 0.147843676735562 -0.0781522674065413 0.0289230842738963
-0.25420380826963 -0.0161196327982259 -0.186254823379337 -0.0120570591707298
-0.213634932348965 -0.0818472992361574 -0.268078726825884 -0.144085282167742
-0.238069823510068 -0.098465770825688 -0.234770806671611 8.92473363871194E-05
-0.28651366592225 -0.0621116850329414 -0.155956629886705 0.0184146239905015
-0.237108187479776 0.0899408473773646 -0.0909178769602338 0.0180379286541064
-0.132362695869258 0.216954897443136 -0.0034415122155049 0.0303692354411191
-0.0158809123188143 0.240398733983061 0.0143097975554646 -0.0637778245726084
0.0840603722006363 0.218045582536628 -0.0332867495368357 -0.113746786838869
0.15220553677376 0.163018520667427 -0.0847753087379357 -0.1283550136845
0.165817906515827 0.153053889897359 -0.108895885878948 -0.125402593836186
0.172476556943762 0.143591002122108 -0.112336042837834 -0.122199451312848
0.165508574370652 0.212694927690745 -0.0981763547198509 -0.129705137193612
0.0711220754958753 0.280139467404813 -0.0439435732029075 -0.112269188515677
-0.0368847815678344 0.317575901390843 -0.000646232487202024 -0.0234302444019261
-0.236888410804138 0.238299838919806 -0.0571808650901236 0.0469547233122471
-0.352080011281475 0.0368922828677111 -0.138304691584967 0.0107325535883653
-0.32418308609985 -0.0677518834768197 -0.175893947446945 -0.106831433288636
-0.294636459663446 -0.107400352944133 -0.137378044399943 0.0445882825213362
-0.356200290241465 -0.0610487109325484 -0.0918758859162181 0.0210485517656453
-0.300085636682757 0.112699711110912 -0.0862238041258504 0.0129295488998322
-0.18075828072722 0.268542361028641 -0.0274216002256726 0.043266628819921
-0.0348398743052052 0.309359993401402 -0.000530733547037923 -0.00722107493035946
0.0960636395740166 0.280627693968236 -0.00600740772275424 -0.0366664840606898
0.180978320146392 0.211561557950192 -0.0211967557331894 -0.0546241439076754
0.196870489278575 0.192948016056003 -0.0331990816462924 -0.0624059450358317
0.20057355095586 0.177861796285005 -0.0363942570136659 -0.0585512947394676
0.193531700441741 0.249943789467019 -0.0422604575847208 -0.066995935628479
0.0918152432451319 0.326040535095029 -0.0191865928764968 -0.0592192775344363
-0.0261088761830813 0.364715955468027 0.0132484985768316 -0.00763116300750555
-0.244118606482644 0.290500998974069 -0.0239553492331556 0.0497102643096508
-0.3879482634038 0.080030144393906 -0.0670754594339564 0.0150801298918133
-0.377008561505671 -0.0415791073607121 -0.0558696815177298 -0.0762616711093102
-0.311015979994377 -0.0942453460728247 -0.0150895186868183 0.10144604995763
-0.374395892685492 -0.0380105725296891 0.000742630741905352 0.0339570899032173
-0.312961838302197 0.131701244870039 -0.0592359853786804 0.0111407851068221
-0.19004456306981 0.284364643612894 -0.0463183173268409 0.0567204149453789
-0.0407554141113371 0.329140713023288 -0.0160420007672806 0.0615433647659854
0.0979521603036436 0.296877218124183 0.024355814414613 0.0571297867297069
0.184743687732021 0.226026610352596 0.0470961814553394 0.0328762817874179
0.197446739253676 0.203093829766133 0.0471805443408 0.0103169952649179
0.197138230935859 0.187900825772521 0.044266876019324 0.00891441703827134
0.184231848138678 0.251756349390647 0.023352599781754 -0.00233437189231321
0.0842146539643038 0.320178071573861 0.0146479651733955 -0.00385942603146528
-0.0280120742338482 0.343853319115408 0.0274731998731941 0.00786029007752362
-0.219166551127245 0.275459104975068 0.00860935499760244 0.040763638013691
-0.358969508851148 0.0926136702173901 0.00641392454989664 0.0040501559162632
-0.369075684464091 -0.0139071244541583 0.0709800461703331 -0.0518800109612516
-0.277549538884709 -0.0581245107774892 0.114470750180982 0.15266400496511
-0.322593659109147 -0.0029293168915933 0.102011771789494 0.0478506932679392
-0.254820996991835 0.131987111334577 -0.0156660465108486 0.0141334165858473
-0.151106259984411 0.243029107426494 -0.0501874291335781 0.0673148791391629
-0.031217456581995 0.282626085483224 -0.0225333700016652 0.125850100351211
0.0876494269195799 0.256145226680154 0.0568557688035882 0.145727621499487
0.161873260130074 0.200034194113722 0.112244382045817 0.116047944856296
0.168452489412485 0.182357780115992 0.121131496615713 0.0805049408160985
0.163154953898407 0.173139646337408 0.113930782799654 0.0729731186996126
0.14022672051893 0.222478290629126 0.0793749717825882 0.0587033996939499
0.0492518258293623 0.264735647594608 0.0403292089083763 0.0491220934294477
-0.0439157566183371 0.260459863636606 0.0326287856121438 0.0223231776326841
-0.169418597192748 0.200034474516608 0.0290423404984641 0.0288898580675159
-0.275881023138427 0.0745698419173445 0.0651526650988894 -0.0103864026427347
-0.30219631793408 0.0079623655616673 0.181243104227425 -0.0339469836443439
-0.195547669249714 -0.0102967965880136 0.230409297186224 0.184912409199048
-0.202731177965996 0.0311979229904634 0.187908642775526 0.0509378162697562
-0.141113099480094 0.101154652470875 0.0316154141425461 0.0148036129897641
-0.0837685954979892 0.146891216087152 -0.0402544261747004 0.0669448280712934
-0.018548179701741 0.181223658145555 -0.0174334959718055 0.166875554238091
0.0612514301396046 0.169160622998692 0.0884096056798969 0.207224421362374
0.111010757770416 0.141441064986845 0.164281250936399 0.178979226765697
0.114025619415878 0.135183947859437 0.177562877969939 0.137583784004471
0.105877441949515 0.134557181758063 0.161513014144451 0.127030968736494
0.0772730960327331 0.163335658600416 0.112166426232092 0.111301426163663
0.00621637928479634 0.173577573619894 0.0488180083873265 0.09350211252915
-0.0555877295581072 0.141603469810671 0.0237312026350758 0.0334929096145557
-0.0974272659370384 0.0986841510005839 0.0358505811479375 0.0162809037571405
-0.158286521103446 0.0469192024187177 0.102471481992643 -0.0189165929564591
-0.195757306813903 0.0281321275517993 0.259101622235209 -0.0175914125275799
-0.0756486663771954 0.0335080420115602 0.309371253054086 0.190121712295824
-0.0476841135305578 0.0423070223810385 0.243400424524488 0.0373850529978192
-0.0124281850964967 0.0374242119566775 0.0708609101634626 0.00358517274567066
-0.0196334457701938 0.0233699686396282 -0.026827959120044 0.0516108742636604
-0.013059289210245 0.054006244251506 -0.00657011516878815 0.178838684732373
0.0182397513233371 0.0594070915594506 0.109494394472702 0.232476816755644
0.0397790751327211 0.0632500341763877 0.194099581377192 0.210220146926878
0.0417033130150769 0.0673441856436582 0.206269011187708 0.174138991474346
0.0372892203800298 0.0744413692781576 0.181376140704945 0.165258786666982
0.0151573372502623 0.0794150206548128 0.119928365771768 0.151879147461284
-0.0221829064175325 0.0642855273703401 0.0398663193838768 0.123569136496376
-0.0415208421753969 0.0214209283011928 0.00635612790806408 0.0370043376159995
-0.00933446999084467 0.0127343869948943 0.0362762676126399 0.00290582145319887
-0.0296444918035135 0.035368602602229 0.121793642402337 -0.0196119181615965
-0.0717812481175627 0.0512746411353359 0.297059079827775 -0.00234737090882838
-0.0518218296552646 -0.0507858743511046 -0.314849866430869 -0.0191139291419917
-0.0893362017747485 -0.032932654239357 -0.183051365421106 0.051793522404428
-0.0694904969434404 0.0444443386380794 -0.0563640244623828 0.0204358914990978
-0.00304331959083414 0.0748429071626436 0.0223122394310109 -0.00505150448779965
0.0243266831228295 0.0434583893115813 0.0065785941146465 -0.119946670740611
0.0293543002374744 0.0295402229079498 -0.0881780102718362 -0.175336553192212
0.0335206751059507 0.00889347980590652 -0.171443451069054 -0.186258772375998
0.0357433063961851 0.0100315131046609 -0.20545152067448 -0.185601024184565
0.0432088058682186 0.011613817391231 -0.200496263675238 -0.202450810767908
0.0503587324216178 0.0432184271645212 -0.143868961930785 -0.213249032745296
0.0250506287747468 0.0745266332319019 -0.0459136534963691 -0.18211945043537
-0.0165557429607968 0.099879821431207 -0.00473390678077048 -0.0607852901584475
-0.10253457269016 0.0527423779468347 -0.0763208858932084 -0.00183049360923891
-0.11132544816242 -0.0481742987236123 -0.199732597915211 -0.0417676789945465
-0.0676547128755879 -0.070211291351372 -0.314347767229368 -0.174035862661384
-0.152306681079827 -0.0750630655006292 -0.292949084460278 -0.0190328963322987
-0.193195181572063 -0.0449325504216636 -0.182684211311689 0.0328327230161003
-0.152297150322359 0.0722961253558581 -0.0761451720328213 0.0229464973236807
-0.0621741500364617 0.151011231581891 0.0175372271247601 0.0143318287095149
0.0117348496053991 0.145096335812835 0.0166232269171474 -0.101116220588283
0.0650902674073566 0.12582355510421 -0.0623798394170348 -0.159718038008241
0.10179554512177 0.0875711495029201 -0.138117764815911 -0.17180425190027
0.110382733124156 0.0863578168184672 -0.170940170680005 -0.166704116259011
0.116725211262052 0.0850729324392427 -0.172072667506936 -0.172425440208479
0.113064052749819 0.140037725559064 -0.136429007731612 -0.179329481115183
0.0455610551287933 0.191214072206202 -0.0543085306618254 -0.154682395880572
-0.036023414289938 0.220200546631171 -0.00769617405728255 -0.0422577755353593
-0.18768866590338 0.150254218995201 -0.0755591714462546 0.0267501543472817
-0.2543583718454 -0.0120902773380705 -0.184660426278817 -0.0101377117280554
-0.213926773748928 -0.0787694505886649 -0.267699302797796 -0.140298970522615
-0.235556288934501 -0.0972961201278879 -0.232996030351138 0.00281349434718478
-0.286040529896054 -0.0578016256168674 -0.154931369206092 0.0211245134037056
-0.233994910343417 0.0905518814536078 -0.0913459812533051 0.0193242423927739
-0.127257498292308 0.216250369459989 -0.00230115730181205 0.0305193449378945
-0.010958979206682 0.238798104182722 0.0123459361054271 -0.0630476806329406
0.0872298184134137 0.214416799962281 -0.0347938597077606 -0.111538633333996
0.15342656732799 0.158703694503422 -0.0852720341876614 -0.125933582731568
0.167214613338772 0.149308079637403 -0.110066091852914 -0.122910819474791
0.173593888772306 0.140689365598892 -0.114043097608224 -0.120557281066222
0.167708039625192 0.209251913329199 -0.101489321931849 -0.126279499635593
0.0769018596785479 0.278697331082348 -0.0470092195322873 -0.111159809930556
-0.0319118881392377 0.315937359975389 -0.00190815817870099 -0.0245731462042414
-0.23294280712737 0.241341502718927 -0.0544063421740756 0.044346651077408
-0.351529680659303 0.0409044478897166 -0.135564984394601 0.0119119451586895
-0.323064123510089 -0.0631961032885436 -0.176073987466927 -0.105168559105754
-0.29144397512589 -0.105802261270843 -0.1361370379035 0.0469348993260077
-0.355592524089865 -0.0556694880475325 -0.0912801526250263 0.023127012367337
-0.295703259923019 0.113235026235134 -0.0862713814143695 0.013652328241327
-0.174858307002413 0.267360161365084 -0.0260495614745109 0.0440865114442063
-0.0293139728673925 0.308284924225312 -0.00269046907779931 -0.00548682922782423
0.100230958108237 0.276868897978179 -0.00613857623586759 -0.034649820545727
0.182748474934233 0.206338744074609 -0.0213687400453849 -0.05464491942433
0.198404229689607 0.187997128082975 -0.0343455100202867 -0.0607276448931763
0.202654375491939 0.173664659135343 -0.0369142002425766 -0.0583292377039148
0.196994322774971 0.245013167504863 -0.044799008899881 -0.0646561603363917
0.0977174016492951 0.32333318727126 -0.0217931765357492 -0.0582923532516296
-0.0202793503405557 0.362669970969146 0.0113222708779953 -0.00817968919319682
-0.239913715111409 0.291667642313106 -0.022020616128377 0.0470226040352047
-0.386407701851434 0.0853553980139959 -0.0650311343557625 0.0155438579315119
-0.376018554897288 -0.0377858104846917 -0.0570081521842703 -0.076296158934923
-0.308263100978583 -0.0923689408428739 -0.0147855594873612 0.101371145788166
-0.375270923242575 -0.0346126813492572 0.000916533281934936 0.0355552944026111
-0.309368050288952 0.131207956649782 -0.0588048623112656 0.011794959121264
-0.184859779588899 0.284471966970815 -0.0443040015468312 0.0576212663092913
-0.0347857675739928 0.327906777918693 -0.0177292613599008 0.0640163612812554
0.101839802520359 0.292256933809806 0.025722811202888 0.0580453275350065
0.186712415703956 0.220143712274351 0.048573632602187 0.0308368117796249
0.199776085627221 0.197485751296029 0.0458532892779762 0.0100580507473511
0.199484756538531 0.183679163910049 0.0437075345885542 0.00721745949647617
0.187846873145323 0.247452588328194 0.0214250004837702 -0.00165698040528558
0.0900638222387434 0.317384990405096 0.0132001360817309 -0.00248343567631888
-0.0231839042971685 0.341890078786989 0.0252812534384003 0.00731505017507386
-0.214249061581228 0.276839623223261 0.00999987827669603 0.0390298062802492
-0.358583614340092 0.0970969317522581 0.00824816422669619 0.00461958974123705
-0.365883813588262 -0.0108483419579023 0.0684431895701477 -0.054421040092326
-0.274817421075626 -0.0571056490811318 0.115120715684252 0.152051889744439
-0.321959833833429 -4.6570471279375E-05 0.102162019633751 0.0469549618578623
-0.251980476728277 0.131408749175828 -0.0156806409477105 0.0144451585896164
-0.147512887705268 0.242935630562849 -0.0488127163228285 0.0688226840816592
-0.0260816670750988 0.282246712127562 -0.022496430303675 0.128534838015771
0.0903334137888229 0.252100144021357 0.0602930019502671 0.145547781088693
0.163001374756088 0.194940556434465 0.114425022229933 0.111803333064167
0.170818184277802 0.177972669340542 0.119886495469293 0.0793426509333557
0.165048743117789 0.169383090334285 0.114057838850872 0.0702067189984967
0.142964148965711 0.218676477485904 0.0784930225414143 0.0578026062208438
0.0542813042643385 0.262582705931191 0.0406832852063016 0.0492647316904316
-0.0401934250346119 0.258752037227121 0.0306627504901389 0.0218233790324612
-0.165320266602163 0.2001246717327 0.0303502840037279 0.0279281047285854
-0.274793424680291 0.0763250108142491 0.0654350739736897 -0.0105170056165036
-0.298500875791329 0.0105621797360853 0.177660129385787 -0.0374159419937976
-0.192972714455679 -0.00976487699519706 0.229815130967135 0.18277603515288
-0.203168833016765 0.0320284641140189 0.187059243315003 0.0485790048701418
-0.13920490829288 0.0998164452712884 0.0311723541996473 0.014435676143986
-0.0825988205364249 0.146785402683899 -0.0395618841181106 0.067786445515743
-0.0156182705582191 0.180324691983257 -0.0167982559675747 0.169288564668037
0.0628002799084013 0.16646439532651 0.0917851536926425 0.205941473007485
0.112462744625593 0.138001259415858 0.167030296858978 0.174101593984044
0.115657809493983 0.131911317091591 0.176874914251185 0.135857588368039
0.108573404862695 0.131396009602333 0.162020700305409 0.123142909364332
0.0796548582146278 0.160673362098111 0.113037058640914 0.108848816029021
0.00922598771747846 0.171988327180378 0.0495303291675999 0.0923771518503084
-0.0536826602285122 0.140499724541803 0.0219219801230176 0.0335306829074978
-0.0954811363298846 0.0985495985559751 0.0360523529301925 0.0161258803247099
-0.157507839252792 0.0485465723893106 0.102110705231131 -0.0199463926888396
-0.192377070378049 0.0284593565500101 0.254475108338735 -0.0220597888951354
-0.0732702462517262 0.0328461124321959 0.307947911059791 0.187483718331376
-0.0473559434227349 0.0410753557040721 0.242120759641815 0.0346496505540184
-0.0121841288588706 0.0352683911298886 0.07063498644366 0.00315626394300113
-0.0210423531398688 0.0227785249006713 -0.0264675336454771 0.0529689238438349
-0.012555030239341 0.0535486215401827 -0.00439920650016835 0.180019882564133
0.0184224387431603 0.0584301133211583 0.113951394353308 0.230318566243645
0.0398311077391249 0.0616522806851006 0.195781423528659 0.205638275961189
0.0430197922476243 0.0660840166275501 0.206069708211619 0.170624094213804
0.039230222224747 0.0729117002172663 0.182324491973879 0.161029707403696
0.0165679200064377 0.0789786578988436 0.120927167774167 0.148116865456445
-0.0214571569629759 0.0639162897688497 0.041431893394764 0.121798835876365
-0.0418797577323996 0.0213905243418363 0.00530745532980267 0.0370677040553783
-0.00888770453518048 0.0114414375358712 0.0353778486966544 0.00326728466415645
-0.0289982325808342 0.0345674033176987 0.120689926305995 -0.0209839009415764
-0.0693720951222288 0.0494772605246818 0.292615154757279 -0.00687947003168407
-0.0360637619309619 -0.0619034849905481 -0.306019699063163 -0.0787992847258994
-0.0781573333192375 -0.0491421327349587 -0.186766414479611 0.0135629374492189
-0.0742610316128895 0.0299861280762034 -0.0609473634079276 0.00657719875950813
-0.0153997851290477 0.0704344520695414 0.0222687814756416 -0.000257066708580752
0.0164322483375976 0.0483049884850338 0.0288619650515976 -0.11704483740377
0.0242944091713674 0.0359200496873236 -0.053985411868466 -0.188609668077568
0.0296784094106612 0.015992994965839 -0.130348367417891 -0.217554089020459
0.0324683705926617 0.0177952714371989 -0.16174441605575 -0.222474058164733
0.0394018870144133 0.020948098295037 -0.15480473288239 -0.238367382501951
0.0401599768979843 0.0519398397308257 -0.0971261779632318 -0.234498857244357
0.00920623054360426 0.0783843763302912 -0.00890020990047112 -0.18538032542732
-0.0374379237421527 0.0928202336603045 0.00914849583047444 -0.0591583665556047
-0.113734599727898 0.0298406579194713 -0.0767072990741987 -0.018330267907292
-0.100840977458708 -0.0688540349515907 -0.190644126449793 -0.0858543260049475
-0.0522457967556677 -0.0820573312526593 -0.277071870459436 -0.24510189894873
-0.127295074517049 -0.105307836844892 -0.285945912650715 -0.0758477723036205
-0.175245864200035 -0.0796530520295818 -0.182062759430903 -0.00835471176993932
-0.158201985442885 0.0395330532865194 -0.0812383929882742 0.00215386310054598
-0.0855183486301977 0.130921627312556 0.011978513635368 0.0165499029956847
-0.0149667814761727 0.143034072209499 0.0343177536555996 -0.0972956119993459
0.0396250139067928 0.135036647747194 -0.0334321654161349 -0.168337246216583
0.0815155751776367 0.104682025853319 -0.100674043855875 -0.19600213073575
0.0913948235091055 0.107622807770099 -0.132118046144102 -0.196911828629686
0.0954020684290247 0.107739884107116 -0.133428074450201 -0.201624598110534
0.0813744680196913 0.158437028617129 -0.0962923392735363 -0.197695931202678
0.0056637534400612 0.196841303226393 -0.0226186002543104 -0.15589229241726
-0.0818197683993298 0.203680747988562 0.000594370303483924 -0.0371290774681452
-0.218825381684828 0.106130126422469 -0.0839446465851763 0.0134057507874684
-0.24796390698242 -0.064822725405963 -0.1825326684454 -0.0527494097879133
-0.192344267732462 -0.122329055562161 -0.238980194897652 -0.200953204210954
-0.2025291777858 -0.143528117662264 -0.231990826535504 -0.0431965384198126
-0.26247410084596 -0.108827173212193 -0.151222457581938 -0.0175256256779356
-0.240332203082491 0.0400020371045837 -0.0945175873772972 -0.00703907776182745
-0.159203847657893 0.179177948830116 -0.0117559786937223 0.0273065202280845
-0.0555342099453319 0.227576983479091 0.022194884713512 -0.062165060273808
0.0441610347188172 0.224258979291484 -0.0172482069678108 -0.116561897445769
0.118539040190693 0.182298246782342 -0.0590038548087696 -0.139778521194225
0.135851105886273 0.180541591051957 -0.0823653685750703 -0.141846014202868
0.139220368552802 0.173449640812056 -0.0873839629434964 -0.140035380008605
0.120102994882416 0.236715799920037 -0.0731237433357091 -0.137994247622996
0.017592881702854 0.288636227547741 -0.0232025758670837 -0.108411500549207
-0.0991177724887096 0.2965488689337 0.00270332356128557 -0.0154196552829441
-0.283152842192469 0.184379904478219 -0.0684385800054307 0.0380137810395531
-0.354284856136146 -0.0349073521757447 -0.140231624667143 -0.0204557404594139
-0.301576856842084 -0.131986035737242 -0.1555494791315 -0.145781762615395
-0.254341849753877 -0.162038005750674 -0.146081846365241 0.0180054104485509
-0.330997444789321 -0.119829953067524 -0.0898630639746027 -0.00613907344814859
-0.305319289563155 0.0490498633211392 -0.089029811882342 -0.013363693225835
-0.214837984909389 0.218489619376589 -0.0386545034208654 0.0345098602647385
-0.0868013349093936 0.290447562601384 -0.00334803523973497 -0.00941014624348525
0.0435589953332471 0.286326517306884 -0.00550588581936303 -0.0364378456371795
0.138015967402644 0.234190186047955 -0.0106938532560401 -0.0560940511861418
0.158806806710096 0.22393158060221 -0.0219965865375047 -0.0659905737551143
0.160772261754686 0.211184790169274 -0.0250099763606464 -0.0631414734692553
0.141464694294182 0.277318746035419 -0.0303115682787074 -0.065360258582583
0.0283083606901456 0.336096031368898 -0.00815537446487487 -0.0494010269493082
-0.0983023343879968 0.3432822380076 0.0120889235804881 0.00486386369377095
-0.301225512069027 0.23175266367447 -0.0366406158525243 0.0492008647450732
-0.398409872556304 0.000385884132258055 -0.071331089436406 -0.00207406095588326
-0.359356090582045 -0.11864401782037 -0.0424643185118657 -0.0896410006824544
-0.275258135328274 -0.152669811820219 -0.0374007386570623 0.0951673640288219
-0.355124662761282 -0.103050766624864 -0.00195043473400625 0.022632711702565
-0.322047908690655 0.0649401778488142 -0.0625367039741289 -0.0107999927277776
-0.227749566554812 0.232293046745018 -0.0599067133745719 0.044336738204311
-0.097001743373095 0.307492160295984 -0.0310060760603158 0.0562762384459646
0.0416619858667389 0.301468669237755 0.007271260894296 0.0607527112010504
0.139776508178361 0.247465611843901 0.0407661221036555 0.04152682779379
0.157948758184129 0.234166301113238 0.0417667410456066 0.0196429629925016
0.155302238695141 0.219447327525749 0.0402846613503055 0.0177360775382982
0.132010463567932 0.277698334614032 0.0215115060123815 0.00893740734430201
0.0223589894155554 0.32907477400895 0.0144697207576323 0.0110451681529047
-0.0950854636310616 0.322325555386556 0.0220086151274262 0.0224130141627391
-0.272261142395917 0.222471493432182 -0.00317777302767123 0.0476710082888472
-0.370839478314891 0.0168163335153805 0.00378862764938326 0.0021219328859001
-0.355024328762692 -0.0909563272139345 0.0783157924282608 -0.0399781426835194
-0.25255263078058 -0.111419191844912 0.0801562885378351 0.169815210861724
-0.31092042166837 -0.058230664689054 0.0932891585205192 0.0540247747186936
-0.268069631421588 0.0766568388987067 -0.0215080107462545 0.00223433552869939
-0.185285717392695 0.199907907847671 -0.0654964652896877 0.0548752358439134
-0.0806508779793761 0.263905228912554 -0.0478514168687326 0.118874241764324
0.0380464170587963 0.2599217057676 0.0249161605541976 0.153397488604098
0.121480138488274 0.21859342854869 0.0890379785760855 0.135158155130452
0.133898520823058 0.208012891476489 0.0995029263449707 0.101467538975698
0.126265438772049 0.198613669756653 0.095848803468123 0.0922838188932722
0.0955900093766498 0.240584811884146 0.0643382105343221 0.0764486740830972
-0.00128952035856107 0.266920042889298 0.0298366087140002 0.0653827396402481
-0.0939743306844834 0.238507386495259 0.0227118626150722 0.0362225881414249
-0.206664533713309 0.158053496034837 0.0203889800530612 0.039072064120846
-0.284947133109493 0.0151592648649478 0.0646909419249234 -0.000145057319473125
-0.29220498947944 -0.0557252538464961 0.18372165312574 0.00117698556802874
-0.185038296880538 -0.047859615418122 0.187961051094925 0.222621314698465
-0.202825226819551 -0.00611432511984183 0.17451016462785 0.0758799621201789
-0.153502290127968 0.0673122356195529 0.0251630574258 0.0156029679769449
-0.106610157557345 0.121307303094409 -0.0550600890029209 0.0580870415856712
-0.0507515106305989 0.167735267369243 -0.0495123288891184 0.161367494870487
0.0270351093290829 0.170442805624387 0.0468204294455737 0.219767117879027
0.0832353913874004 0.153125121054215 0.128662439697931 0.205506459645898
0.0886806578354499 0.151706895118584 0.143028414946001 0.167843066906024
0.0781879052745624 0.14962730916298 0.13188279239686 0.153562898924758
0.045746438434443 0.1717176874364 0.0859708322856039 0.131369778992175
-0.0259113962099786 0.169130704399246 0.0297874203128231 0.105898271798484
-0.0816183365257591 0.122464506912831 0.0111164605293394 0.0424827542618314
-0.114333035540353 0.0735568919432677 0.029949652227762 0.0266780163725631
-0.163532302823955 0.0118857093824755 0.103573665482567 -0.00035274737696291
-0.193065212760169 -0.0150747548364023 0.258374274636282 0.0333482261836823
-0.0804096628219417 0.0180608204498781 0.265001776426387 0.242957508230636
-0.0555297157787739 0.0319014940726934 0.228545671255817 0.0776783028689909
-0.0189654548941905 0.0307442896842609 0.0669651031333308 0.0170714836583444
-0.0253672599768355 0.0164738876207897 -0.0366862212982498 0.0468776347050516
-0.0241265873577609 0.0469442178544002 -0.0391558055427398 0.176824819786244
0.00453325831779644 0.0575717746391716 0.0658172195505631 0.248353134105619
0.0275595071482294 0.0662571729246019 0.150704801638177 0.242399094000607
0.0299265883610649 0.0724059916690476 0.164784769687813 0.207703232395102
0.023753263064647 0.0778879594937639 0.143637538063362 0.194062012876701
0.000821415763478505 0.0796648877689693 0.086654453514757 0.168116780415639
-0.0345518181964388 0.0572451384837062 0.0153845425231082 0.128887661119799
-0.0455646211080566 0.0108001627888409 -0.00569952081355826 0.0382430590624472
-0.0104905190354549 0.00746466256695676 0.0337462776382509 0.0117641336852603
-0.035422650437019 0.0257599991456204 0.124280898395399 0.00416446743354489
-0.0776957124909873 0.0323530155822303 0.294369392418494 0.0570591692620344
-0.036727499658405 -0.0605542023894163 -0.303927220149102 -0.0733782370356022
-0.0777630492138072 -0.0455779378525199 -0.18496382745167 0.0175425455073611
-0.0713360596336666 0.0314900441717212 -0.0613164409524554 0.00788432950043183
-0.0121127775787698 0.0695637953601923 0.022714897392802 -0.000265466798789138
0.01812092493052 0.0471281966010705 0.0263612741407711 -0.116264004936109
0.0255166984748308 0.0349504796579047 -0.0569923241260858 -0.184802820097408
0.0299087439961928 0.0152492943389119 -0.133816548590308 -0.211085766196982
0.032302686830337 0.016748422511999 -0.163842985154734 -0.21787853441094
0.0390144815542893 0.019970094879436 -0.158708276927689 -0.233375776346566
0.0407073560560726 0.0500609314955784 -0.102091741921025 -0.229629126325827
0.012056090477369 0.0783475690744996 -0.0134310497137214 -0.184823528663105
-0.0341436551894949 0.0934665272436778 0.00800029812609963 -0.0603613516378999
-0.111830132711279 0.0328782594895765 -0.0751968081541807 -0.0191038051034563
-0.102391371748077 -0.0658881098966946 -0.189329775391622 -0.082355793293701
-0.0528897825809888 -0.0781616115659365 -0.276632136579057 -0.236534052068522
-0.12622610211793 -0.102662938697974 -0.28354528651271 -0.070125288109214
-0.175419712443906 -0.0747520311205782 -0.179221052786246 -0.00432228274175512
-0.154811489703302 0.0407976003858814 -0.0823461849258747 0.00335511195149712
-0.0798656531039405 0.1304082211394 0.0123189330115197 0.0166373684829503
-0.0113671931385156 0.14080827671944 0.0311641252099766 -0.095872850294162
0.0426508912321954 0.132179070956673 -0.0362843117502635 -0.164696716594439
0.082544759321809 0.101969579439297 -0.103803727027289 -0.191154072111045
0.0923397918215346 0.104434559756132 -0.134857467456558 -0.192568996257234
0.0962346137889472 0.105175609756773 -0.136909014803791 -0.197622461309412
0.0840805933269734 0.154637037700508 -0.100917223492516 -0.193396302156955
0.0107626546043103 0.195637174043319 -0.0267962299364596 -0.154324557857461
-0.0763809483285695 0.203143509417069 6.75872029799156E-05 -0.0382089104838471
-0.214723610094344 0.109970759116943 -0.0821145307272658 0.0115867009367834
-0.24796706747024 -0.0601546633147979 -0.180563417755417 -0.0503052025277186
-0.191814580685933 -0.116159103138353 -0.239821748190588 -0.195108244754345
-0.200483948284862 -0.139530063409729 -0.230007759012629 -0.0385358773558981
-0.262101526938303 -0.103222299878231 -0.150304383833211 -0.0137802147137737
-0.236254579292887 0.0423752799570577 -0.0958293362334098 -0.00539718085580352
-0.152605902686278 0.180162587497839 -0.0103880330059101 0.0276111786721691
-0.0494101533764437 0.225950983607269 0.0195650008849932 -0.0601790066381189
0.0487348686187343 0.221073745347326 -0.0194112375710069 -0.113743179120983
0.120216597361135 0.17709966691507 -0.0611718978193238 -0.13725025207984
0.138016260959207 0.175331120338084 -0.0847992195263843 -0.139529943575781
0.140772289181717 0.169289416659347 -0.0899284799794476 -0.137848857488137
0.124326724685974 0.231145507204417 -0.0769571032369126 -0.133485585327243
0.0238949568432291 0.286759877683145 -0.0263920922224066 -0.107113742091314
-0.0915864530862086 0.295799998223783 0.00180832796323668 -0.0161461756565301
-0.277355997658969 0.188681924609162 -0.065598636912832 0.0364300901950814
-0.354705847163991 -0.0281295307436306 -0.137273172636488 -0.0178906971223299
-0.30054671307417 -0.124696402764642 -0.157159630681532 -0.142854732124194
-0.252761138306027 -0.158736026095276 -0.143980897798702 0.0210900192604952
-0.33168275885157 -0.112658625629985 -0.0882017658575981 -0.0026657898451544
-0.300452052163533 0.0520788585399739 -0.0903282334538074 -0.0123004484277715
-0.20786579734182 0.219830420249625 -0.0375676870504656 0.0354983394515959
-0.0795614317015543 0.288816056113734 -0.00568242340532679 -0.00638885098001746
0.0492400603995332 0.28180268011101 -0.00560542390938359 -0.0345194848274635
0.141038294205156 0.228094256590643 -0.0110895150676724 -0.0562790952580602
0.162669281886108 0.218324686090124 -0.0230504038262997 -0.0646665011489714
0.163889487307535 0.205958319945102 -0.0270963689119407 -0.062776281558913
0.145694172600542 0.271520981978025 -0.032776594888591 -0.0627481300142369
0.0357500460816987 0.33399301259121 -0.0103160232413347 -0.0485944904409217
-0.0900860990320481 0.341689224254349 0.0105390450371248 0.00421906625409166
-0.293514055922582 0.235761164016736 -0.0343115250086344 0.04707922571761
-0.39608085191511 0.00633888752834774 -0.0691242864144667 -0.000722105635908233
-0.355677596213471 -0.111433178123105 -0.0450763846683227 -0.0893944801385227
-0.272294535492652 -0.148442486033276 -0.0352016574771299 0.0965282741703247
-0.353064036535076 -0.0953876351594732 -0.00131812694849444 0.0233190994147616
-0.317929017949427 0.0674988335052567 -0.0636695597116613 -0.00979374188525414
-0.221233638226244 0.232854453168535 -0.0584679315457478 0.0453107481049027
-0.0889800000324672 0.305970956833895 -0.0324428042184306 0.0588767452396411
0.0471815971072211 0.297207148425233 0.00876633451603517 0.0619181095276144
0.142699088547701 0.241513343325342 0.0411279334605178 0.0393403983578581
0.162168680197895 0.227443152186546 0.0412526234763488 0.0194245280861004
0.158872633395566 0.214032043646728 0.0393935461501654 0.0163702580283998
0.137048661480131 0.271532663698159 0.0200185842941981 0.00976711748719536
0.0302645898717575 0.325754158291603 0.0134751691158669 0.0117630167085354
-0.0874220263150696 0.320485978685868 0.0202536101376614 0.0227685770031141
-0.264309970110267 0.22412206145843 -0.00110706780892067 0.0463112316119944
-0.368878735220254 0.023725959808022 0.00532580968340466 0.00248433562438326
-0.351097366709 -0.0850481716225698 0.0752028510917262 -0.0414823305183582
-0.249510553953526 -0.107909709918201 0.0816503915599194 0.168478374859933
-0.309692520866188 -0.0539733883347882 0.0928349427723437 0.0528225832443868
-0.264558971233818 0.0773071043179706 -0.0223973177982011 0.00197560859415073
-0.180412206004077 0.200963359127294 -0.064473778572386 0.0561946000710342
-0.0743025675149422 0.263207883700546 -0.0473660078032974 0.121890337551505
0.0420091719750097 0.256148117550004 0.0281610768507302 0.152921041058257
0.124387067315136 0.213187802058302 0.0905221030453065 0.129698806576681
0.137350966642139 0.202004781730086 0.100409615956377 0.0999293815927037
0.129225881691393 0.193326456991882 0.0961411282064197 0.0893201256457435
0.10012863596596 0.236107334593828 0.0639154935943029 0.0755342865140878
0.00557602210409982 0.264462890640204 0.0302610166058182 0.0652150278533444
-0.0887310041301609 0.237003016589692 0.0219089248207759 0.0361091648375167
-0.201163945933552 0.159725149560666 0.0215219372352413 0.0381882612707121
-0.282758332378739 0.0195640521106012 0.0649299590334454 -0.00067137689876414
-0.28828116438585 -0.0513825070310229 0.180050626588146 -0.00314487266956758
-0.182070109162853 -0.0460629676863465 0.188781184312236 0.219378068658532
-0.202201932484882 -0.00297587583898106 0.173255246845698 0.0733269133857223
-0.151546406595492 0.0678831516276511 0.0244345295929675 0.0147330727687373
-0.104294893367229 0.121264032778747 -0.0542979597786791 0.0589859207711366
-0.0473660878046383 0.167453669777896 -0.0475926131548539 0.164385132171331
0.0288674924382909 0.168011289891489 0.0513928256824325 0.217438142355634
0.0851834385734558 0.14891663984507 0.131548543441768 0.198914479901668
0.0912246995290208 0.147438139191071 0.144334384397522 0.164072335638037
0.0811490072510763 0.146218845456672 0.132869623367567 0.148720376317522
0.0494283410704244 0.169068004043917 0.0873102526107701 0.127974778667384
-0.0223866314552934 0.167680496551145 0.0314034684848796 0.104177488031047
-0.0792290396303347 0.121828658456812 0.0104015724931591 0.0420980625888416
-0.111151738025275 0.073421734074429 0.0305381259941339 0.0264097642731961
-0.161661847588845 0.0144916699522222 0.1026181022494 -0.0014557253747226
-0.189627174844911 -0.0130119747521507 0.254060568129974 0.0273457646572755
-0.0776287267669046 0.0190462125226514 0.264580757816659 0.23698011443193
-0.0553000363912468 0.031636262602107 0.226556068111526 0.0737809011288943
-0.0190800130090617 0.0291444256873617 0.0659137366598634 0.0156629315328759
-0.0260794354569089 0.0161691165608482 -0.0364656547382277 0.0482404288842117
-0.0231196421018056 0.0473640231650804 -0.0359276817867821 0.177740188362674
0.00451854971912033 0.0565073939281658 0.0713375993714335 0.245161612890987
0.0285980914886275 0.0642979196471132 0.15511230567825 0.235311874696717
0.0315280747869129 0.0706339816805023 0.166275478882598 0.203401877463766
0.0254232256751631 0.0765182945495909 0.145541780162204 0.188763480974783
0.00313700357208957 0.0791352176549087 0.0886262523308162 0.163734979943628
-0.0336140920846859 0.0568755868113752 0.0177898500362744 0.127024584722342
-0.0462989943783305 0.0107894806903559 -0.0066170348785894 0.0379939256330073
-0.00962590116483824 0.00615689625546519 0.033968676447597 0.0121747870405039
-0.0335276011695811 0.0256853551072148 0.122036451706327 0.00224974536833364
-0.0755447927963398 0.0318937838434333 0.289908787827725 0.0505841683381483
-0.0367164949916267 -0.0594654808658584 -0.299576880067707 -0.070644574177529
-0.0771554255181224 -0.0436408994240249 -0.182222368899847 0.019340152308045
-0.0683812439721609 0.0319163160404751 -0.0616696865869238 0.00907236352735158
-0.00944075177321565 0.0683729036985713 0.0232658826775233 0.000284706836912474
0.0189673137974714 0.0457820314896327 0.0247626936894114 -0.114397299666358
0.0265772080995601 0.0338221962609193 -0.0586865889642525 -0.181498491022479
0.029762335405413 0.0147865338568123 -0.13468709833179 -0.206754201547221
0.0316223743224303 0.016569205937477 -0.164864283453975 -0.214851509372675
0.0384910763753257 0.0197769436370913 -0.16022458331539 -0.229536386876054
0.0407484481546724 0.049010822961051 -0.104497774678574 -0.225527266190562
0.0139321907591814 0.0779304059914183 -0.016495004976445 -0.18352251473969
-0.0316683172594076 0.0936257046437272 0.0081396282574137 -0.0611424478911238
-0.110963708134536 0.0342422102969527 -0.0742595740839005 -0.0205153437778981
-0.102554157448119 -0.0633683861400241 -0.186871390522809 -0.0819350868931076
-0.052805609351435 -0.0754616693020685 -0.275481234966502 -0.232535393125787
-0.124417446029131 -0.101771865360937 -0.280566647653621 -0.0663640624580576
-0.17380887338068 -0.0715899759245318 -0.177890352819488 -0.00211708322614209
-0.150919757405526 0.0412644838118823 -0.0830933212085282 0.00453380564720832
-0.0760008076037539 0.129153112939451 0.0134393724558596 0.0173732157302201
-0.00812076420607688 0.138526457384188 0.0297493467674483 -0.0946190363862019
0.0447621967214173 0.129579968985897 -0.0379135801093462 -0.161915680210469
0.0820904992882259 0.0993829432920187 -0.104373081375804 -0.187344161386884
0.0926556708527957 0.102601215894555 -0.135550868310518 -0.190293817362686
0.0961810931625196 0.103058537822198 -0.137992882098132 -0.194955288297156
0.084923273335994 0.151798313118045 -0.103749929381279 -0.189358680235167
0.0143389811094878 0.194679768102718 -0.0297441590165389 -0.153203403523079
-0.0728242633173515 0.202603847783114 -0.000551222483842081 -0.0392470987069461
-0.211752545516862 0.110975133002392 -0.079874530394609 0.00981046238036993
-0.247701279048425 -0.0567401387405846 -0.178248392917544 -0.049376826997572
-0.189312710102501 -0.112437553144441 -0.238776442118624 -0.192043289942051
-0.197927099923965 -0.138852448887604 -0.226567860551043 -0.0358096427952971
-0.26053832830459 -0.0989871758657213 -0.148327335408534 -0.0112539057375175
-0.231929038019541 0.0424781147224971 -0.0968621420682524 -0.00432990101194127
-0.148037410633155 0.178184340095103 -0.00953375361686677 0.0287246986510799
-0.0456538203333514 0.223342405281351 0.0173175543250676 -0.0574732338816557
0.050416558113936 0.217327769995964 -0.0199698033982041 -0.110924761151791
0.12030596514724 0.173691819531983 -0.0616052654016605 -0.135428341616636
0.139000193865389 0.172001503216281 -0.0853951909818788 -0.13728556100174
0.14092920165766 0.166606322773215 -0.0915704213266562 -0.135562300672522
0.125477664107237 0.226602964678518 -0.0792157749379411 -0.130242783839851
0.0283027373427942 0.285183489723177 -0.0290050153124681 -0.10581677319075
-0.0860425499481646 0.2932692162406 0.000711904766990967 -0.0167212695276601
-0.273420244882054 0.189135200582347 -0.0641241854947551 0.0342311281155831
-0.353760743398562 -0.0249174145203573 -0.134283225571817 -0.0180928471935389
-0.296292655447553 -0.121070635799813 -0.156971296102217 -0.141030981040326
-0.249361237703209 -0.157605313004921 -0.142166659356766 0.0230672918775512
-0.329223508016462 -0.108045906350388 -0.0878360231227168 -0.00106469388987318
-0.296147670320792 0.0519147804795337 -0.0914964365920279 -0.0109819329590663
-0.20300530191948 0.217975880968694 -0.0362346399111305 0.0368012777772389
-0.0753966956724783 0.285801548256997 -0.00717070125891297 -0.0038204370135316
0.0520613341490016 0.277606272912791 -0.0058197934160038 -0.0324464312242589
0.141376050979369 0.223696072664767 -0.011159474608501 -0.0570834595324758
0.163473134889756 0.213908735707527 -0.0239475107347767 -0.0634916336379211
0.163951280593063 0.202611260213558 -0.0284657075622971 -0.0624859487613495
0.147259716343563 0.267050732343891 -0.0343369529375853 -0.0598398951913551
0.040466034416776 0.331629769996534 -0.0124312169526318 -0.0475495755589515
-0.085306569215966 0.339069588923828 0.00903304183524038 0.00443077184120177
-0.288297880385965 0.235861467186209 -0.0327189792936233 0.0450060690835132
-0.393967759573656 0.00963035058494669 -0.0670769883173363 -0.000283387221725692
-0.351800598114443 -0.107568042178795 -0.0460417607180703 -0.0887286137396293
-0.267500119154666 -0.147849491807587 -0.0336181768744235 0.0967337454136681
-0.353370171209223 -0.093060666257169 -0.00117875198474912 0.0243128302850599
-0.314584771241177 0.0669860669379504 -0.0649454291285001 -0.00904745656592596
-0.216746947080138 0.2324690854217 -0.0571320359325335 0.0465345277825261
-0.0855404904040721 0.303273185076456 -0.0334678529523673 0.062361434481724
0.0491657041021204 0.29333922537079 0.00999284806222562 0.0624671661453117
0.142401464811126 0.236354159136847 0.0415490052816104 0.0360079481322727
0.163059773804352 0.222351893954385 0.0414996612381072 0.0193402737063237
0.160244559406075 0.210627202227028 0.0381203577024484 0.014719906819791
0.139137845396405 0.267800681341204 0.0188220751183565 0.0108300261181501
0.0340923297468676 0.32302472231651 0.0127384793008342 0.0120992136264971
-0.0830708278571193 0.318050986121928 0.0187943110129515 0.0225295290566443
-0.259256106566452 0.224578071751561 0.00054111053614052 0.0441696767608831
-0.366640424021216 0.0249995397531522 0.00624097993421527 0.00311077261924509
-0.344313290728798 -0.0818898372208351 0.0719377707330977 -0.0430417501523816
-0.244899994357312 -0.106954595341945 0.0821304257639524 0.168393643466926
-0.30887924664443 -0.0505171355441419 0.0921038201985326 0.0531764670135221
-0.261895822355533 0.0768415960584946 -0.0240479016475502 0.00223252124251611
-0.177218399468719 0.199214119933238 -0.0639642033123101 0.0565235373939951
-0.071250452270889 0.26070885508913 -0.0476010585414888 0.124933236095988
0.0431038479918224 0.252773880418444 0.0302783656913918 0.152037608185032
0.124359281900977 0.208695037130942 0.091594878967843 0.125304912878465
0.138222132967014 0.198013849122902 0.0999110680381691 0.0986121815137263
0.130268156951736 0.189798700538043 0.094824720278508 0.0869012342228444
0.102213214703898 0.232233494877609 0.0632812961109513 0.0749335556597648
0.00933459607778694 0.261937349574109 0.0307358353567651 0.0645230457972647
-0.0849634957301933 0.234586356131361 0.0200740981994318 0.0360684904029255
-0.19575927914946 0.158884347146256 0.0222486969676707 0.0366168089320468
-0.280529396577287 0.0213733720740436 0.0648178048807107 -0.000188740416732647
-0.283866034445214 -0.0495072258185798 0.176330170023013 -0.00544573609834056
-0.178077805165057 -0.0457413667107119 0.187531026685674 0.21722061362023
-0.201510714346988 -0.00153974376413811 0.171865649021615 0.0716501235853467
-0.149929845284344 0.0663211681889066 0.022845909573416 0.0148442221378617
-0.103406296757583 0.12001668779343 -0.0537592144516428 0.0594156277993398
-0.0454684287214729 0.166441110705805 -0.0464744935045506 0.165751582710716
0.0296355753922682 0.166273437253539 0.0540203881061918 0.215803920583679
0.0854919452475978 0.146462957138357 0.132045716292307 0.193289439269954
0.0923669960560116 0.144693028449653 0.144436124827756 0.162578096241101
0.0827347467326091 0.143003725971337 0.131750045451817 0.14572399646417
0.0516169171211156 0.166518837067134 0.0870570228164731 0.125563999772706
-0.0207405137541974 0.166262313226403 0.0316968066715813 0.102866429652985
-0.0775407938874502 0.120543693336348 0.00920644638426362 0.0423329772568545
-0.108878857308989 0.0720538386526371 0.0310325029505104 0.0259629942371724
-0.160139579227725 0.0148926373511346 0.101477786309456 -0.00172714040964299
-0.186706293084041 -0.0124550315345394 0.249450118729051 0.0248366512080232
-0.0754684295021764 0.0182193762108195 0.262895226271604 0.23391383399555
-0.054928037276734 0.0312026420050268 0.224608281239406 0.0715930036872145
-0.0188147836377664 0.028049058361788 0.0653071346358788 0.0154292465358983
-0.0270924405007793 0.0167927308965546 -0.0368564870031076 0.0487642866652827
-0.0229881200294398 0.047396066995464 -0.0346024541908782 0.178114861711889
0.00417629811120133 0.0565553115043649 0.0735765599555506 0.242153202441982
0.0279832555669658 0.0630964415963303 0.155304558589827 0.22978723929691
0.0322469748656465 0.0694298426375665 0.167286699305726 0.20118841255699
0.027236511979274 0.0743071097941523 0.144942112553887 0.185043975830012
0.00444787889499742 0.0777163242125587 0.0887025787991454 0.160167322311834
-0.0333825216647421 0.0565432502972649 0.0197057616558099 0.125305859834174
-0.0465534355748113 0.0112596444533768 -0.00725236441795885 0.0384427105952667
-0.00966454010252773 0.00458562241337548 0.0339448712130767 0.0126570908307949
-0.0337356694448525 0.0247913968281085 0.121032329525419 0.00249106489322762
-0.074532624563645 0.0314768793458906 0.285314289678691 0.0463998630097809
-0.0369616987840622 -0.0594699103000233 -0.298693440664938 -0.0710703000959697
-0.0767378237823323 -0.0422454225936824 -0.180455490619422 0.0194537981627462
-0.0665976822427413 0.0319710908247008 -0.0622641775379547 0.00988936604228248
-0.00796028946251437 0.0677670699318686 0.0245172174853932 0.00086243665954903
0.0196707557892384 0.0446426140189774 0.025188932713609 -0.114031511184176
0.0278998656683182 0.0335635234866829 -0.0584423747148155 -0.180279364897131
0.0300127674496719 0.0148378042646873 -0.134037937170042 -0.204747996567281
0.0313130167471034 0.0166190163658815 -0.164880531792408 -0.215134535348437
0.037724601739983 0.0199437143863462 -0.160756298126675 -0.229647904015987
0.0411056716140062 0.0483563773588383 -0.105864553317065 -0.225052995174024
0.0152357946316058 0.078675927159637 -0.0184942398728805 -0.184221846835477
-0.0305366494357984 0.0942713779263483 0.00846103013978467 -0.0621054942881834
-0.1103595832597 0.0351100648283392 -0.0733517919371999 -0.0231207293356251
-0.103212608361464 -0.0628111579589568 -0.186204679764341 -0.0836797423330155
-0.0516856703483196 -0.0748218553900552 -0.273281802003639 -0.232949882175866
-0.12330719719747 -0.102754757014011 -0.278183519705577 -0.0676185542480956
-0.173343806772632 -0.0703593790278336 -0.176532176944811 -0.00143702247887205
-0.149348418579488 0.0400328042573286 -0.0849532026746364 0.00537859357243146
-0.0745035684902631 0.127737472930303 0.0144070737470106 0.01844452255027
-0.00770677023194194 0.137588469414917 0.0293639962996875 -0.0928912960813308
0.0458583611226455 0.129310744292132 -0.0376916637978838 -0.160481786867896
0.0821755098278381 0.098883952684387 -0.104680155563302 -0.186588573039104
0.0923279615066825 0.102648461970668 -0.135964441864799 -0.190376822803013
0.0954622423587274 0.103095964980733 -0.138773087783417 -0.194865300066583
0.0846978599851621 0.150659870972569 -0.104689238805842 -0.187557234008503
0.0158698209628813 0.19521549604486 -0.0309551846723014 -0.153443652859533
-0.0719919915320532 0.203046327269592 -0.000570511463626279 -0.0401231063335951
-0.211646448723577 0.110623226785848 -0.0794504357940664 0.00745816480162392
-0.2484723673494 -0.056604423587093 -0.177096772060399 -0.0507340319884525
-0.187399200675842 -0.112320304533869 -0.238388410925742 -0.192385568077362
-0.195581897254451 -0.141248369326981 -0.225370946362435 -0.0361666167962632
-0.261227730885144 -0.0981696872724438 -0.147424714019531 -0.0106022818473326
-0.230585524474708 0.0401615235731624 -0.0984471499748706 -0.00419230323516148
-0.146327109752471 0.176018923959487 -0.00869681477890402 0.0298059785939558
-0.0450516267367797 0.221843112790546 0.0168015996664889 -0.0553028383261991
0.0515588446105838 0.216674500310379 -0.0198331641041902 -0.1098824468743
0.119861618530144 0.172822919121476 -0.061488460035778 -0.136088954052562
0.139090301830198 0.17111026668733 -0.0858243007350735 -0.136990896641204
0.140713030372611 0.166426302345313 -0.0921911522138164 -0.136215525326177
0.125410566053383 0.226255139452726 -0.0804071081388092 -0.128469757841532
0.0305433140365306 0.285695094795539 -0.0303420997463481 -0.105675178467313
-0.0856505384962505 0.293375346181097 -5.1061270681311E-05 -0.017151235165479
-0.272626129127129 0.188746408649478 -0.0632313700761942 0.0311867802359759
-0.352889718579516 -0.0259474252445225 -0.13363783202644 -0.0186876497678005
-0.293511855560623 -0.121684718809702 -0.157481639310246 -0.14176759128172
-0.245756481150766 -0.16006176727421 -0.140885716431431 0.0235442772467909
-0.329389323415203 -0.108852481731719 -0.08657178395506 0.00021786725505512
-0.295838237963942 0.0484580691449536 -0.093743687352349 -0.0106401803525939
-0.202150921638053 0.216252286493236 -0.0357492702893114 0.0374796286590611
-0.0753096092102069 0.28529186407279 -0.00799738362522213 -0.0006985906097021
0.0520263936162977 0.277626740915925 -0.00524036363765204 -0.0307975503113857
0.140406978115435 0.221924445109166 -0.0115225683485086 -0.0581165610304137
0.163842003344387 0.212414850422741 -0.0238511716401983 -0.0629045373036378
0.163734476054753 0.202652057896006 -0.0292251486718566 -0.0629583198347784
0.147734395310841 0.266022087708923 -0.0354960601666272 -0.0580770983019181
0.0430489122466832 0.332195990207743 -0.0132143411599816 -0.0473460478124943
-0.0845745185154904 0.339016214659538 0.00848911110519768 0.00448011647467754
-0.287444719453341 0.236011116056376 -0.0322253761508279 0.0434822749026574
-0.395975925131996 0.00895085728174061 -0.0653184811190536 -0.000256272710847417
-0.348341517941867 -0.109257950402596 -0.0473764401932636 -0.0898217302029753
-0.264703623813933 -0.150713120894081 -0.0334684073306364 0.0981411861535227
-0.352099110023944 -0.0928806210243658 -0.000188861138402122 0.0258258785345014
-0.314813833932552 0.0640012215538277 -0.0673164909670339 -0.00898199674086688
-0.217417980615889 0.230303499005538 -0.056862888226356 0.0472856466238792
-0.0849212364350687 0.30309997429031 -0.0339173165975328 0.0655059860451413
0.0489613283721016 0.292868579573072 0.0111375329960874 0.0636922366919794
0.141432918686788 0.23591152772732 0.0413380794966252 0.0341324049417985
0.162991422100212 0.220491648483111 0.0407966018177383 0.0202164173372271
0.159859548765188 0.209535028472411 0.0374350615797989 0.0147054769539615
0.139203680776125 0.267519288202043 0.0183368112975374 0.0125976694163553
0.0359986688413259 0.323823275010483 0.0119303129964119 0.012673583143602
-0.0823148354714102 0.31721213843667 0.0175175804494784 0.0226784721031012
-0.25890025744174 0.223538005265333 0.000686536511169821 0.0427534532586164
-0.367111401736719 0.0248236426861074 0.00747098248039984 0.00334335829597069
-0.342254285218551 -0.0831419988870667 0.0701117822813497 -0.0436236477402768
-0.242012281211525 -0.110195404665031 0.0819235288441982 0.169871682307745
-0.309875485449637 -0.0509485391487072 0.0927089398238405 0.0547417791685995
-0.262315887390933 0.0743741490865135 -0.0258929828311137 0.0026093331050425
-0.177704136422469 0.198487741484181 -0.0638421582994423 0.0572520761057883
-0.0712328466066705 0.261494889768344 -0.0483907558780569 0.127967216424855
0.0428726798120734 0.25332233102157 0.0316210820075896 0.153368224025669
0.12309718416603 0.207806467459415 0.0911788861976236 0.122356383986664
0.139063299378221 0.196375969078376 0.0995132543038984 0.0997560645788075
0.130676010931402 0.189148085500044 0.0945672370464087 0.0867787345134997
0.102868452122495 0.232151552643741 0.0627546879505896 0.0756919630913773
0.0106910683216952 0.262116396353899 0.0297646606365104 0.0643385365670754
-0.0842584324415076 0.233946250858603 0.018743633948811 0.036393027013877
-0.19488207547387 0.157055374974554 0.0226624171001114 0.035838820693257
-0.280973012196137 0.0208216541941715 0.0657420152733865 0.000719198258152512
-0.281249744085135 -0.0512576131297978 0.173684318349677 -0.00582910616504757
-0.175321743304525 -0.0483168562724623 0.186653337824244 0.218955434547935
-0.201767289774988 -0.00210683087237016 0.17159737032265 0.0727813747595413
-0.150297554030135 0.0646473899911268 0.021588193968599 0.0147206995620144
-0.104213839673294 0.119993611033904 -0.0545321509218538 0.0600712965119519
-0.0459646539306048 0.167020912943555 -0.0471516869556449 0.168503220497945
0.0284963917536491 0.166790328702984 0.054872377919597 0.215736207363662
0.0841801269447352 0.145752066965777 0.131491092154093 0.190871505887583
0.0924952143847598 0.143483127252765 0.144161617815234 0.163185042272976
0.0829927941526095 0.142694942602952 0.130721734547831 0.145438087856703
0.052054333184634 0.165786962128277 0.0867322847703423 0.125178970688351
-0.0196904686361304 0.165593738904653 0.0318357439486171 0.10226881396817
-0.0779576614980552 0.120497658602369 0.00789652703616214 0.0425935559612886
-0.107828125794739 0.0703089709970534 0.0317050684749094 0.025714957946176
-0.160390493125218 0.0139969095309109 0.102217995868374 -0.000209425337870613
-0.185383015413784 -0.014281376539264 0.246734054040118 0.0240813800286005
-0.073490313188802 0.0175031151033671 0.260752082575492 0.236137464847262
-0.0552158260632311 0.0313274037652647 0.22420116980225 0.0721251793301417
-0.0194384737763083 0.0273057442071145 0.0642359694378876 0.0159839708550665
-0.028098330494693 0.0163406532729283 -0.0380137493659136 0.0491439739248692
-0.0237798998084715 0.0477205264252215 -0.0347255602441046 0.180046680547937
0.00317532328504442 0.0568012341542644 0.0748858415940245 0.242533106882554
0.0277583972079206 0.0628408032819985 0.154350131693555 0.227560831671968
0.0327661762729267 0.0688138801456805 0.166374965030954 0.201746836539931
0.0276831741588089 0.0741944829837917 0.144299843609336 0.184752310499509
0.00545678786533148 0.0774423279247032 0.0882089928478702 0.158662044116677
-0.0337202123275243 0.0566504493693854 0.0198858957774593 0.124160309785377
-0.0472140169711782 0.0108194461760205 -0.00838321772246163 0.038535948263871
-0.00915981469077361 0.00285850732396204 0.0333161949711402 0.0131364815426767
-0.0332175508367948 0.0239091683455018 0.120422873578198 0.0031945216195809
-0.0747941757270167 0.0300181596058381 0.283106442984384 0.0460612575387792
-0.0376248243989042 -0.0602688120647519 -0.301622499906003 -0.0733188594008827
-0.0777492578298016 -0.0421641109261445 -0.183173385606711 0.0201597042473732
-0.0663039318598955 0.031132108918525 -0.0638617769005839 0.0110543521547688
-0.00653629719902942 0.0674403638266945 0.0263802052428582 0.00197214440141349
0.0204935510490086 0.0446353521651141 0.0251732675371205 -0.116009881243903
0.0294925328539809 0.0333900310068024 -0.0594211705221121 -0.18168053021932
0.0313855068010597 0.0153207300601462 -0.136900550139355 -0.207041788520849
0.0316468821069715 0.017701082998305 -0.167785634092605 -0.219171482425978
0.0379425953139178 0.0204217544609885 -0.164212493725239 -0.233331079735201
0.042001649031508 0.0487322107517968 -0.108445833367516 -0.228165455629298
0.0168201901347115 0.0804812004139294 -0.0201177913456162 -0.188005054613906
-0.030295839006952 0.0954766117975051 0.00853407176208485 -0.0649730440367902
-0.112778223559088 0.0366853145244872 -0.0741463701923234 -0.0257793452189167
-0.105757044309329 -0.0634502258416474 -0.188713427116038 -0.0877399334378895
-0.0508728307591188 -0.0748794117219964 -0.278192572347788 -0.238457606830675
-0.124449242611096 -0.105404690300478 -0.281808264619545 -0.0697288236100768
-0.17604257281343 -0.0714305391274147 -0.178708269147114 -0.00153093024314184
-0.150443078373366 0.0388971257885129 -0.0870577914025945 0.0061953965398715
-0.0738365027295827 0.128052924220281 0.0161720266086456 0.0195878629410551
-0.00724816579085461 0.139070558487828 0.0296525284876902 -0.0931987176233181
0.0475938074823776 0.130860862854211 -0.0381555404908951 -0.161593949669537
0.0837089069973627 0.0998307869175872 -0.106420732552555 -0.189337135838227
0.0942499958163897 0.103703785846415 -0.138434677896689 -0.194412400027179
0.0967739130481802 0.105135462057201 -0.142517382243424 -0.198470783337661
0.086290870580689 0.153591931230404 -0.10724039275705 -0.190021951776691
0.0177098169754288 0.199755934823659 -0.0333318359410708 -0.156352869972875
-0.0719785496032421 0.206427929021394 -0.000797137461697995 -0.0411461132109212
-0.215023613612198 0.114027898352778 -0.0801784446892408 0.00452476369647402
-0.254291145302693 -0.0571530964488752 -0.179420926355554 -0.0532498007610457
-0.188563497459228 -0.114805821712785 -0.242147301918316 -0.196135863219895
-0.19679101754279 -0.145621345955268 -0.227632215271549 -0.0371131649744012
-0.265112398049786 -0.0998120462795778 -0.14832760125734 -0.0101008760928535
-0.232988886052863 0.0386366869874827 -0.102500400405082 -0.00375483127993595
-0.148362962189449 0.177987496611418 -0.00701807273449072 0.0310239654323135
-0.0452297125321642 0.225767588079674 0.0171361801622011 -0.0542892259356762
0.0532320950657572 0.220211235484927 -0.0194044190883082 -0.110048437841542
0.121404976551813 0.175849112043838 -0.0625447173072053 -0.138572187344536
0.141653524577997 0.173689425784891 -0.0872898287079447 -0.140030058431737
0.143038739745296 0.16944371956193 -0.0946250253627577 -0.139056574476279
0.127724144570755 0.23052462481837 -0.0820953469951564 -0.128865428570832
0.032392316763089 0.292535263240018 -0.0322761085960005 -0.107498175775745
-0.086368137226755 0.298424178891919 -0.000202385010585411 -0.0177470424743564
-0.277571239067195 0.192810314163777 -0.0632895485902019 0.0297766170537374
-0.360954073849328 -0.0258751213271667 -0.134737327956024 -0.0203034617655135
-0.295459502114244 -0.124764514178052 -0.160638450570674 -0.14493841129876
-0.247918372866355 -0.166589636433887 -0.142220215052017 0.0244207210270655
-0.335476578073118 -0.110153003342325 -0.0866560851712008 0.000706781336148536
-0.300637227872828 0.0469726554248825 -0.0975696059938479 -0.0105400659499214
-0.205310172214493 0.218293075380955 -0.0350577846895114 0.0395013722062234
-0.0752826886155048 0.290321018077987 -0.00855431993959905 0.0018594875118892
0.0535501674397079 0.282795624993473 -0.0042865515697835 -0.0300175556039451
0.142029101692268 0.226373152772557 -0.0120330794816136 -0.0602908618028493
0.166922757854462 0.215479990777299 -0.0242256829038967 -0.0639440441698798
0.166890740876365 0.206217742280575 -0.0309605717341053 -0.0640745725630286
0.150564403763135 0.2715858139846 -0.0362018963251337 -0.0571775902912791
0.0459442606306714 0.339033184570233 -0.0150357505778303 -0.0476976006235287
-0.0845884458864394 0.344211566532124 0.00725615405107604 0.00416862373382133
-0.292218069677772 0.23837674366783 -0.0318394803424259 0.0420444914051794
-0.403775600621358 0.00852002122435025 -0.0651208451180698 -0.000454498863143464
-0.351076456612362 -0.113105045639521 -0.0494603166960531 -0.0921861052543267
-0.266604923408573 -0.157732241054381 -0.0333243629010831 0.100781681827438
-0.359646296123495 -0.0942526865297416 0.00143812257753162 0.0273218797921232
-0.320299039764319 0.0624756917930947 -0.070519334990039 -0.0084090705942232
-0.221540227479042 0.233327055103284 -0.0569977278620317 0.0492193125242175
-0.0859791272865032 0.308795927728677 -0.0351509486735464 0.0698184208444334
0.0504151019185986 0.298835845269671 0.0124272399853476 0.0665404741678245
0.142854959727442 0.239690823622404 0.0410697221331408 0.0327596906163823
0.166072517556573 0.223842033484442 0.0414252291872039 0.021168157667127
0.163263592513494 0.213381659602489 0.0366245403741217 0.014775382613757
0.142546682816502 0.272782697230555 0.0179691834208966 0.0144173996090012
0.039837162332841 0.329196772309735 0.0109593123930054 0.0136830922813265
-0.0834070564320617 0.322628753672049 0.0168529784325763 0.023804221085098
-0.262582834837805 0.226446494985579 0.00130062139989565 0.0421921237096228
-0.375886734510336 0.0249993539985204 0.0092369115950111 0.003650493462628
-0.345640942144312 -0.0872649817159286 0.0700803713343053 -0.0449473961913874
-0.243729561242943 -0.115837022511283 0.0834929645626974 0.174688179824926
-0.315016049810875 -0.0528489384645595 0.0953575221699946 0.0569725840063421
-0.26683779328608 0.0731615150807872 -0.0283203381275626 0.00358347889767967
-0.182489222386571 0.20097979495574 -0.0652731571429113 0.0591078961635238
-0.072768520900623 0.266842548288756 -0.050207393193566 0.133678232103422
0.0433019831108816 0.258973959715155 0.0334939543352581 0.156334647357438
0.124027262397856 0.211345770289036 0.0909509098344473 0.122264006013856
0.141108220939931 0.199089181260759 0.101742989228605 0.101556016019238
0.133160911425562 0.192327678925698 0.0946018879056889 0.0877326207113765
0.105384331250238 0.236150739319386 0.0635805148082847 0.0779866624207681
0.0117869281784185 0.266685929873822 0.0297716225979481 0.0660169427997227
-0.0858436629160282 0.2376095956994 0.0174901123307571 0.0379401199440477
-0.198387886867024 0.157822769466599 0.0238825708724982 0.035833547455593
-0.286783212900212 0.0199900362088619 0.0684395940852009 0.0022583828063862
-0.283874591949907 -0.0535452158495541 0.174408894879776 -0.00676164931069201
-0.176787720680104 -0.0519973225235912 0.189353583115648 0.224996618415011
-0.205662441027447 -0.00264361629487175 0.17499069539263 0.0747521469547338
-0.153463443420011 0.0639452397474911 0.0201150288263271 0.0163026444572642
-0.107002755911031 0.121765263877253 -0.0563796244232765 0.0620288913285741
-0.0465301260359697 0.170931123205833 -0.0486995720201395 0.174168722100092
0.0279194020803453 0.17092762842894 0.0565508577193313 0.220158112261343
0.0844415002168633 0.148832534859518 0.132424113148784 0.191777958448839
0.0944527745517624 0.144937157106821 0.14669239211518 0.166795095227633
0.085159661961148 0.144328208607311 0.132692793200662 0.148440632064265
0.0540280510289873 0.16854684077357 0.0881113721233133 0.127333443403169
-0.0194826159259539 0.168338672053752 0.0319873839430998 0.104394375517592
-0.0795591131208064 0.12159258140446 0.00660998375854249 0.0437027312358578
-0.109605471967292 0.070038686360142 0.0326436311647324 0.0270429116421025
-0.163518423554095 0.0138363878987552 0.104351816084387 0.0010499737634264
-0.187375820679969 -0.0152726151678827 0.248618862182748 0.023838351120428
-0.0737379488057346 0.0160319850924278 0.263992847395626 0.243229615641515
-0.0563082403602599 0.0317444974058941 0.226831204564362 0.0739989356322566
-0.0201603853508672 0.0268597792095353 0.0646677834306975 0.0166761914167522
-0.0298542358666689 0.0172917869940394 -0.0399859372787061 0.0515366113943103
-0.0241449555288291 0.0497022267256103 -0.0354908452584648 0.185197715135858
0.00253989310035643 0.0585437481386605 0.0765699065074796 0.246052076575748
0.0273688463536869 0.0637431536051548 0.156326224473739 0.229845683627902
0.0334286101349731 0.0697871882313533 0.169069071435126 0.205565941298135
0.0286060664581204 0.0746549171742259 0.145540705480369 0.187290643274184
0.00586873689120483 0.0788851098637701 0.0895237290718588 0.160826312988038
-0.0347344351133236 0.0577162987005606 0.0198260931737091 0.125274165159826
-0.049109143071639 0.0112077131402627 -0.00994809569730655 0.0398234302603932
-0.00940787960909554 0.00126510123678429 0.0345346335020154 0.0139301324814689
-0.0339541810355604 0.023703325140265 0.123154923014165 0.00431062993858839
-0.0763505679661664 0.0299923720698725 0.285334759359671 0.0460130879490969
-0.0677329534022265 -0.0278306423158595 -0.295163659598952 0.130311747525385
-0.0870457721108564 0.0120639619200502 -0.13992951075509 0.13095480673079
-0.0355433252975995 0.0640909893983716 -0.0459972974810043 0.0523688371317449
0.0344820635024419 0.0563929044487595 0.0268696579404973 -0.0143518975908851
0.0428712497231866 0.0229252766415579 -0.0501388876734193 -0.109615699459004
0.0437228783109669 0.00851007240528162 -0.159862291636126 -0.109033584582216
0.0341427847339769 -0.00579175932197647 -0.241821725702992 -0.0828873394741923
0.0360733903928791 -0.0051210076295537 -0.275766942184968 -0.0738934557802459
0.0416873698857922 -0.00689037078072432 -0.283277724898241 -0.0864248620887176
0.0639022815138482 0.0140104488970028 -0.23377937898493 -0.118606659603814
0.0658777484793632 0.0545208972193031 -0.135857902969017 -0.14062985768669
0.0356454512761055 0.0985646764893692 -0.0347400797058786 -0.0608480526180191
-0.0728033813945681 0.10644363017374 -0.0774962111125181 0.0232621329393064
-0.132486322213303 0.0183635788749901 -0.2115955703652 0.0465805792168533
-0.0946927770056239 -0.0330257373703422 -0.379158278776281 -0.0159620651569282
-0.167111369658733 -0.0174919778940301 -0.278247842230906 0.127036645073579
-0.182916959774975 0.046540692398636 -0.152488548542271 0.113183171224069
-0.100726350574609 0.119852808948041 -0.0698516289840003 0.0666416597326579
0.0153085261957404 0.144628390246048 0.0298801816301498 0.0110503412862194
0.0763276245289377 0.116440628964468 -0.0304149513803717 -0.0916719236049206
0.118300662274049 0.0765824283853612 -0.128401593171983 -0.103787941421197
0.128308786672033 0.030349158492071 -0.205166549195932 -0.0885036214993298
0.14201867193719 0.0264671615037829 -0.235487114075685 -0.0720506548547093
0.144469557026707 0.0265730994845291 -0.244386868840782 -0.0716133488859972
0.168164276907141 0.0724302548687813 -0.208179366155739 -0.0879877732502087
0.142968921445468 0.153817960030305 -0.12539122585007 -0.107389671922284
0.0696052312330826 0.218480945196946 -0.0272096617408769 -0.0365445207931048
-0.110627770837011 0.238973658847382 -0.0616306067462925 0.0507937282960402
-0.253789481700621 0.11972514247783 -0.181966836553646 0.0636123025658845
-0.236492763179434 0.0229855297979508 -0.319420843497224 -0.0102561151226124
-0.251363718765571 -0.0102671541310071 -0.215330515544075 0.125757802341206
-0.272563640519678 0.0754558756521847 -0.136690366128491 0.0892305931907049
-0.169806253304336 0.168602316243007 -0.0904545288426196 0.0715232065158046
-0.0156626402069716 0.228593907461206 0.0190027064523032 0.0394479771509026
0.0976566870799422 0.209119693973052 -0.0149278205013468 -0.0498523259406597
0.176879494670961 0.145979759352817 -0.0795748652103006 -0.0714715959228086
0.2051118108154 0.0679354191091996 -0.13667709271354 -0.0744256368903698
0.224513939010509 0.0532433419474064 -0.159975023251986 -0.0595170892845124
0.224209043405548 0.0512181732887733 -0.168451950938087 -0.0518908241957221
0.251907919496163 0.110199793221397 -0.150007037060662 -0.0531387835174071
0.215062788948057 0.221609025138579 -0.0926071112744206 -0.0694010081478832
0.115456540522209 0.305351460034146 -0.0119168963041555 -0.0178620618849846
-0.112906021375914 0.345968244221701 -0.0318969342861681 0.0594921451341604
-0.322450488292387 0.216585295480351 -0.124144771755571 0.0589281697585908
-0.33361013792071 0.0847173883254789 -0.216145909472368 -0.0243598685307784
-0.30561225796554 0.00030566225314209 -0.10815967097951 0.125953590947285
-0.336150119917791 0.107234144315383 -0.0812741485610068 0.0611310345214681
-0.220148441133057 0.215558877627598 -0.0927719257656849 0.0663146704169495
-0.0399629993300324 0.295788409681956 0.000278014794447639 0.0676489879018629
0.111849907459814 0.280299732593844 0.000832384155083757 0.0133782900153377
0.21573720934906 0.197553227644057 -0.0160255056983352 -0.0141873521106938
0.252784708124971 0.0968072217874632 -0.0455472514941878 -0.0425985384460582
0.272469126513757 0.0722909703504303 -0.0609178854792904 -0.0371917421115101
0.268400279225259 0.0662207494483512 -0.0691017276836165 -0.0306411003110501
0.297299960438166 0.129536548070338 -0.066942942940767 -0.0228400289408661
0.256335927332784 0.252971867511289 -0.0405859678014239 -0.0318190847335583
0.145465248853783 0.342717777676399 0.00890550641113759 -0.00478239818575985
-0.0952838220011147 0.396184553127287 0.00172817554355285 0.0487294447810309
-0.336955210982365 0.272451261922887 -0.0546151498966359 0.028507011156703
-0.370786220431198 0.131273102306427 -0.0892251177096639 -0.0559612711857618
-0.315658768633847 0.0184866766911076 0.0296503751350625 0.122305637829534
-0.346299627909924 0.133909389597274 0.00682857453272857 0.0291859349936964
-0.22773163037521 0.239764838295259 -0.0693921547990795 0.0531743519578311
-0.0446853540685026 0.317290907748393 -0.0116221208466783 0.090850755065853
0.115279067392301 0.303017008763202 0.0215764180238408 0.0855105465289802
0.223682683142498 0.213435324337235 0.0581837386044806 0.05369737193165
0.262623688389902 0.106589141815646 0.057726757865186 1.65292514680359E-05
0.276819104218876 0.0796631304089635 0.0461635981674057 -0.00890683642014145
0.270178459813147 0.0750079108499438 0.0365715163307916 -0.00887229169156284
0.29180163348765 0.134237853125383 0.0232233774788532 0.00153923145867112
0.245338350326859 0.249515356200739 0.0193742724045727 0.00153283428955006
0.132817908201236 0.322288404411453 0.0281864272040727 0.00588182793044517
-0.0771982499553871 0.364231206807798 0.0294694968699864 0.0282057493200693
-0.300159507554868 0.266852858838955 0.00885555033249241 -0.0150862558192817
-0.347065760508664 0.150563685770126 0.038823880710025 -0.0951573354503678
-0.271389185369168 0.0402536048983668 0.173007931677669 0.108356724337451
-0.286425800564137 0.141304324294103 0.103441233696067 -0.00518339470668925
-0.177249978916031 0.217487059481868 -0.0255501840699924 0.0344658945742129
-0.0309488418309826 0.269351296888587 -0.0127053804290267 0.102883518737522
0.101650927571583 0.260022071017678 0.0483983545169233 0.1457072770782
0.193454408855643 0.185237977714241 0.130593484538412 0.11314248511439
0.229909913650637 0.095002393390629 0.154646214341668 0.042531258973023
0.241011027404213 0.0751123064494041 0.146280994897274 0.0199927220341595
0.232786087218882 0.0753537654780905 0.130304852037656 0.013321765702165
0.238651276664313 0.128053151331094 0.100465232304208 0.0245626760105802
0.182248182027588 0.214503542802798 0.0678383664226996 0.0325685180475202
0.0766795978421977 0.25345782214829 0.0384806948048004 0.0185916443491448
-0.0666737613295722 0.262965149147483 0.0437681329772633 0.0105912888751553
-0.227605895171483 0.203476124338003 0.0569093245537587 -0.0526900212198924
-0.272702545204096 0.138706176501238 0.147219264065752 -0.129742021769759
-0.177037817163283 0.0557798540920825 0.293269126047265 0.0790635528912686
-0.167624823291094 0.117440041899421 0.183808452797759 -0.0415430866352944
-0.0889255812069593 0.142493076083324 0.0249435180354768 0.0100940254082133
-0.016021456194087 0.162161018050834 -0.00536680957880252 0.0953783188168825
0.0651599512663596 0.167163362469637 0.072819993900322 0.176154559081761
0.128104478976982 0.122075027679161 0.187684162578278 0.147623577865644
0.159465331361486 0.0675920442889186 0.231958013467901 0.0742071223529894
0.169130123997975 0.0598497254010451 0.223785116964418 0.0451725588778581
0.162973610818415 0.06584539195851 0.200326758681398 0.0387594560675174
0.153109220578811 0.104478270870449 0.15141885215886 0.0502271144823503
0.0924222393392024 0.153197476243579 0.0933546068169448 0.0629980246881115
0.00958549208498558 0.152069142071543 0.0332781613128117 0.0311370090677135
-0.0483741673273904 0.129901520815435 0.04482985762581 -0.000143729332820186
-0.12791340652922 0.11676892079545 0.0864940837639221 -0.0729825902999156
-0.164374337530345 0.108743358213568 0.224048172500945 -0.149054317176693
-0.0503898252760077 0.0540371369567136 0.369142220189124 0.039652346382257
-0.0266856860458723 0.0572196474750008 0.230379640690023 -0.0775970520478702
-0.000492193486205733 0.0333677450150392 0.064534742659764 -0.0225948770505622
-0.0138149821924522 0.0323954694292094 -0.000932977631966887 0.0712359313978917
0.0113009183552644 0.0546295438344875 0.0883609217345309 0.175238248002071
0.038210875438207 0.0465626750943724 0.217749212951205 0.153789548321964
0.0616220371575287 0.0339462909389091 0.274512689874816 0.0898050595303904
0.0719632369615733 0.0356468034689547 0.267311792112452 0.0628239017279572
0.0730418638486767 0.0434847509484975 0.236932358432892 0.061725900653925
0.0562892762113536 0.0606283667854967 0.173598661074733 0.0756530705843919
0.00880416176497785 0.0712374907174316 0.0955821902342096 0.088275424038922
-0.0345920955649628 0.0412181309583126 0.0169916795976813 0.0389664991975736
-0.00824800255915945 0.005893689640038 0.0384544284025712 -0.0102173597308121
-0.0128803081317824 0.0406455362044079 0.103654467778827 -0.0777010380880587
-0.0411490156096036 0.075893041769434 0.265203487746326 -0.15105061443549
-0.0711463070468684 -0.0255454365369215 -0.300886279292057 0.14468095350214
-0.0889767141629611 0.0162606654675787 -0.138697084170113 0.141750735365864
-0.0349583701496156 0.0669563342045797 -0.0454207262540772 0.0574300320539688
0.0379691902986554 0.0557047819648901 0.0283745433126545 -0.017080349151633
0.0448720427942537 0.0211073951162189 -0.0559388056275463 -0.111601263233893
0.0458786088423881 0.00573403052799395 -0.168952097345453 -0.105763049169665
0.0346839715207671 -0.00790369044505473 -0.252612350527548 -0.0750515117499578
0.0373005056487503 -0.00642336145020765 -0.289393312365253 -0.0650628093598235
0.0425929025588526 -0.00824325061389785 -0.297947184964021 -0.076358400500717
0.0665005690914714 0.011755221020296 -0.247908160970573 -0.112519653068247
0.071506280792414 0.0528433154390603 -0.148115522371144 -0.139052214219041
0.0420980460653911 0.100265262459292 -0.038849367080669 -0.0629341954329565
-0.0702763173435484 0.114286405651144 -0.0812674201845722 0.0249629899931588
-0.136580305188666 0.0253344562399191 -0.217912334025647 0.0567753334517552
-0.0987967474481118 -0.0317619018533812 -0.39249243752589 4.0693220500069E-05
-0.174279053541412 -0.0124960285346514 -0.283070903694072 0.141596024295017
-0.187224422919414 0.0568596738585548 -0.152147797372517 0.123043948917052
-0.100073940605616 0.126766096840166 -0.0702147734221784 0.0734938951901312
0.0217967312214779 0.147175138841292 0.0328900789121235 0.00860864787686934
0.0842225973149388 0.116283597373146 -0.0342481818620932 -0.0936478429436814
0.125320931646292 0.0731744095516494 -0.135763415862133 -0.101776278067336
0.133072198106848 0.0257034319502625 -0.216453040787993 -0.0819905455695358
0.147839823041066 0.0213655125757273 -0.248085815958492 -0.0647758173575924
0.150649152865336 0.0218231142521114 -0.257075133367735 -0.0629131017685403
0.177040541107252 0.0680941443030862 -0.220040810189326 -0.0808684355770683
0.155988040351266 0.152435741515502 -0.135431560732434 -0.10514286520388
0.0819771835898654 0.222698686509161 -0.0297904111359259 -0.0377179341114371
-0.104281066700555 0.252858329802534 -0.0635102801725253 0.0531328765627828
-0.25880018449466 0.136194748808327 -0.186080348632671 0.0727433656237398
-0.243169687928242 0.0309348973841119 -0.331244841755796 0.00320478102992975
-0.261921350161671 -0.00262115387587209 -0.217812765180946 0.137582965334936
-0.278514888622134 0.0900366917854411 -0.136170528913793 0.096526887673726
-0.170040907870296 0.180061932865739 -0.0917491302197174 0.0796919453671843
-0.00826159709798989 0.235553922389707 0.0222267190219986 0.0383007364825001
0.110536758454678 0.212049219154394 -0.0161301958352558 -0.0501758334733846
0.190325353062553 0.143159841806977 -0.0835487097116538 -0.0707292349260106
0.214481910822523 0.0624614871863832 -0.145791328083906 -0.0718957768182458
0.235020001145682 0.0454357793286069 -0.168869411539832 -0.0557117729620751
0.234139487149826 0.0436079528497561 -0.177073178528594 -0.0459022155899137
0.266870516632048 0.103192753507054 -0.156603149568775 -0.0478932447479802
0.233999413533154 0.21985641277885 -0.0999118220180424 -0.0666390358162854
0.132443538721781 0.311133375149109 -0.0133254220362779 -0.0183110128628322
-0.102895476557803 0.364290958548358 -0.0313470456874033 0.0610531973652154
-0.327014833036662 0.239988327939045 -0.125585875150714 0.064691377152593
-0.341553531136148 0.0983481385186614 -0.225332574358567 -0.016044907401664
-0.318821200630987 0.0091135229525907 -0.105816845979306 0.133415555443559
-0.344547946872889 0.125178234584532 -0.0807533792290622 0.0652898643437633
-0.221273853652065 0.230277324648547 -0.0945031856201378 0.0747165143246287
-0.0292094428114531 0.307130648169658 0.0053834496664538 0.0681165722015168
0.127994856275682 0.285903106294945 0.00261070699638572 0.0152077294918853
0.233097525739343 0.195293651230769 -0.0151048917746387 -0.0143459306348911
0.265157160552802 0.0898586904306801 -0.0510573917589245 -0.0425848753707863
0.284627098158177 0.0635424534229588 -0.0648650198454604 -0.0360968536477316
0.280585876169747 0.0579687808802821 -0.0728748394659229 -0.0286807165286769
0.31499051103417 0.121719239585983 -0.0692470603171249 -0.0197388156901929
0.278084180277433 0.250190360540187 -0.0438194220317205 -0.0297548249467305
0.165744955457396 0.348335695345773 0.00862495522749738 -0.00468256138297237
-0.0828324641517438 0.413934549156422 0.00304313242198178 0.0485302663910178
-0.338580147092419 0.2991532843212 -0.0546340042198655 0.0300394780710024
-0.37837074809501 0.148575769344814 -0.0956821085701489 -0.0532771979137606
-0.328917313434607 0.0274251233972879 0.0367093269419369 0.124873708503542
-0.35475751876106 0.153213355276812 0.00900228233113541 0.0284774918947297
-0.228218042518441 0.256057538846253 -0.0704605618592472 0.0604452395219641
-0.0338471554671353 0.331153395960313 -0.0075072073074331 0.0937921126012151
0.133155593213272 0.308957503082767 0.0280022141516055 0.0898453260029854
0.241810636723787 0.212040607338565 0.0640625816809278 0.0530067090835453
0.275442252279795 0.100279494927645 0.0565740542201905 -0.002232135085446
0.290347474699423 0.0711892509626391 0.0476491819460422 -0.0116119150981155
0.28275994734025 0.0657558703680435 0.0374033212371829 -0.0104547698085496
0.309616618116184 0.127342215429158 0.0260384840542975 0.00163660345807309
0.265785793014977 0.247851308319831 0.0194327283343996 0.00214224990847241
0.151586673021753 0.328048623802249 0.0293087317995979 0.00670223710393399
-0.064955948037552 0.380254915739975 0.0313790381444127 0.0264108474721555
-0.30237013789297 0.290627396600138 0.0104668804566646 -0.0179649521006536
-0.352686700270515 0.167019683629202 0.0341477361860902 -0.099000951494642
-0.281828597462806 0.0484366051784247 0.184967916622056 0.104778974293071
-0.292222168027901 0.158436479669002 0.1081306792666 -0.010901904153934
-0.176347410674372 0.231363929483984 -0.0251511927288586 0.0398842844894524
-0.0226264258138399 0.280899016723999 -0.00791531323216834 0.107246498006208
0.117032135214644 0.265619533754174 0.0586528534961853 0.151455571099984
0.209979005235368 0.184479698371104 0.141917993316922 0.111431259773545
0.242018772069311 0.0898282426039691 0.159109966047023 0.0376608096722887
0.253095610945852 0.0676347876559674 0.152356969427699 0.0151474875386571
0.244197644956819 0.0680877202718421 0.135919710347738 0.00978986599605687
0.253504063858257 0.121791139221405 0.10621879802291 0.0219286604617282
0.199141965150613 0.213493397321561 0.0709834836003769 0.0318722724669824
0.0900824148127568 0.258781104968514 0.040517587549156 0.0191313949259499
-0.0591055869361209 0.27492290241892 0.0465765271205151 0.00823840425736237
-0.228219358748614 0.221733370033162 0.0588397796267412 -0.0581126837224028
-0.275919931035952 0.152256578214835 0.14490711473057 -0.138573931659486
-0.182498207217863 0.0622393414018872 0.309478662749051 0.0707227192409485
-0.169096476919366 0.128781472719119 0.189068054126204 -0.050988410364744
-0.0876223782026677 0.150852974303348 0.0267201807998977 0.0117413770995683
-0.0105806923905219 0.169030859997916 -0.00093870121004506 0.100017202732566
0.0756121789991126 0.171099056539277 0.0850922647451495 0.181894728099493
0.138943327518328 0.122408410259474 0.202100673394404 0.14460389682134
0.168147468854656 0.0645904049560569 0.240152275129147 0.0672886745222569
0.177671937196146 0.0546378034600225 0.234069252898574 0.0379895870267747
0.17150481458507 0.0608105634673476 0.208614095147042 0.0322802755560824
0.163448946530795 0.100652075810637 0.159404373772509 0.0453912663643293
0.102678907705594 0.155100222091676 0.0984683394027522 0.061215747192626
0.0156432372266227 0.156848643984232 0.0350509242569114 0.0324951435079147
-0.0460105839821881 0.134984632378516 0.0478743307017194 -0.00278068229902017
-0.128340806323619 0.126997175632341 0.0883299546049319 -0.0802609384457549
-0.165443113719769 0.117918258371938 0.223894514837459 -0.162659962633977
-0.0509958088947967 0.0564031509400048 0.385070760375744 0.0286441010382503
-0.0256231993345043 0.0602036455110094 0.234854586044199 -0.0896790334733363
0.000195661296845748 0.0338719696730563 0.0659790940533316 -0.0255378285099002
-0.0132210697160707 0.034758659555065 0.00261489406719488 0.075185805268257
0.0146002688253385 0.0570275727104505 0.100490359508486 0.179400434419153
0.0423481656087651 0.0478457865573242 0.232959821337831 0.148885354024823
0.0657566495998484 0.0335237461109706 0.286782238577607 0.0816188508893172
0.0761642909358265 0.0340000451756217 0.280248132267937 0.0549466051442321
0.0772494705365582 0.0413642108954051 0.247634422975041 0.0546868672955066
0.0611398956832682 0.0598636491537316 0.182378502731021 0.0711382126500893
0.0119930940230806 0.0734616392122151 0.102026366116103 0.0872232648276641
-0.0342801776723013 0.045106831799891 0.0183726585487294 0.0407453299979349
-0.00955100177855961 0.00524222019452646 0.0407968836924584 -0.0122663300467693
-0.011956900871329 0.042758415019207 0.105488435999713 -0.0853209780492611
-0.0388847858741627 0.0799028432308161 0.265612610895097 -0.165905228157811
-0.0735603154318453 -0.0215444594115656 -0.296918702426741 0.1652337103417
-0.0888900275042782 0.0227453278371319 -0.130491468258969 0.153271505032553
-0.0312572244228194 0.0695539203395779 -0.0423105125306857 0.0614889681857929
0.0418407427916739 0.0522321897964256 0.0282423625450055 -0.0210812453026384
0.0463029720923779 0.0177870345661218 -0.0636391239116501 -0.109961211419028
0.0460219481670643 0.0010753558084958 -0.177514934349839 -0.0958651603988144
0.0341379538597911 -0.0106439936479069 -0.259696894186862 -0.060207769133643
0.0370725283253254 -0.00852923162118565 -0.298671314058141 -0.0479550860167839
0.0423060004799552 -0.0106231467069577 -0.30792571943849 -0.0581511653503978
0.0681533017430473 0.00731159736854118 -0.258319703461351 -0.0973412788411271
0.0768232789044944 0.0478439183566111 -0.159588745692569 -0.131528596262795
0.0489286656951063 0.0983052631830045 -0.0437294922667688 -0.0626776430351812
-0.0634556337333055 0.120889780535709 -0.0829404398801083 0.0288394485349107
-0.136637888661196 0.0352674365407735 -0.219375806892225 0.0704674488623318
-0.10187250165021 -0.0274143686619053 -0.397215163604495 0.0237070825397812
-0.178693186568652 -0.00225617694007553 -0.278717442020095 0.159410951439035
-0.18615006628673 0.0693213039847259 -0.145406400522517 0.133575348737463
-0.0948149358108452 0.133662973818627 -0.0669800759709833 0.0807746937241394
0.0307684988693682 0.146807995527216 0.034848469020898 0.00450294151485991
0.0929135366412507 0.111360961393296 -0.0405970872572157 -0.0923343846159547
0.132252770766441 0.0648389239897753 -0.143017296714439 -0.0942738935892397
0.136618945542694 0.017507347968732 -0.224532426014615 -0.068981891405858
0.152042438537021 0.012093062249089 -0.256678306080856 -0.0510175576790764
0.153444070242069 0.0135107624116007 -0.264818502149978 -0.046736089844984
0.184566361035802 0.0569953029775698 -0.2273273856056 -0.0674169718944442
0.169097654977329 0.143966805898415 -0.14529053004748 -0.0972534610358592
0.097481766589635 0.220076603214627 -0.0330286773580143 -0.0366087890910316
-0.0901233964181806 0.263620184623898 -0.0629728218611931 0.0556031949870001
-0.255067186874271 0.156436233993821 -0.185033954056349 0.0844533960679028
-0.244671667711863 0.0441887778466963 -0.335199631168144 0.024233038960401
-0.268290029539651 0.0112334963817673 -0.212298623261828 0.150839834260171
-0.277401479920795 0.109893820598647 -0.131428656138625 0.105301807636819
-0.163304867368988 0.192097147351509 -0.0886401961995534 0.0890297417111565
0.00645568892026304 0.238389380278319 0.0263200215557693 0.0351849022438927
0.126085577254752 0.20732249811879 -0.0188455688421656 -0.0495981201076833
0.203368719343427 0.131837375527324 -0.0879013413633475 -0.0665625767384122
0.220695574175812 0.0497295285467035 -0.153869545730524 -0.0630064592283254
0.241589204200367 0.031243217037318 -0.175521356772897 -0.0463418040857429
0.240597516872859 0.0301476567705338 -0.182923948318022 -0.0350764704668815
0.277552338285307 0.087526279812272 -0.161008130882028 -0.0380345577086111
0.25281254713342 0.207440842015093 -0.10676314130117 -0.0602410407993521
0.155366123225176 0.30640675810329 -0.015146470800967 -0.0174502594176359
-0.0816764937716812 0.376538660545147 -0.0298286334325787 0.0619806219394617
-0.318406573522923 0.26626022967213 -0.123640369140841 0.0725073418661516
-0.340809307821593 0.11746021523681 -0.229585671511518 -0.00130348287396724
-0.326336398947898 0.0263412950398817 -0.0983843192159601 0.140622508106804
-0.34177704382329 0.151023092692034 -0.0761931758909428 0.0692114472730255
-0.212769976348486 0.246243700485818 -0.0910231461183437 0.0848448946077129
-0.0114990352691293 0.31303889686501 0.0105581916283022 0.0667642525653426
0.149510227662234 0.281486190848907 0.00521853765468146 0.0165343111850592
0.250524791112993 0.182684845491819 -0.0141870900102606 -0.0139975251117419
0.274668807416668 0.075096781961222 -0.056311742500161 -0.0393369111164239
0.293273308546633 0.0459778887712583 -0.068878957880023 -0.0335282140661931
0.288683453386454 0.0415908568613566 -0.0759709787359909 -0.0236851902293062
0.327948396505215 0.102531825995408 -0.0694701569856458 -0.0155669846862426
0.300086060280657 0.235828361910218 -0.0469546338454841 -0.0263116345801411
0.190643725570114 0.342713463840917 0.00848447847959623 -0.00431073059645417
-0.0578089147563003 0.426135202812515 0.00532979008450476 0.0474782373954528
-0.327321921016979 0.327942524239639 -0.0521351636332012 0.0315946604656286
-0.37529955169603 0.171106878494443 -0.101297555929965 -0.0467792105275765
-0.335839274262989 0.0451358340464735 0.046863312191448 0.122867929522187
-0.35101611660888 0.179073872890018 0.0121032643873452 0.0262283753280576
-0.218537134728375 0.273516734617812 -0.0677054884827316 0.068489630677775
-0.0144989140018853 0.33857164017257 2.53667348990433E-05 0.0941464528092195
0.155476675882176 0.305370733319106 0.0359143288802143 0.0909236939640878
0.261057561348948 0.199317172301038 0.0710546350621393 0.0490585147759589
0.286100088890843 0.0848537054670908 0.0544701961902263 -0.0054617402317435
0.299571289370586 0.0531877065460299 0.0477712407508027 -0.0150155717661058
0.291192051921142 0.0495951896710466 0.0373746860141717 -0.0121476803885536
0.322854271579204 0.109070294891427 0.0276220625227717 0.000366179356181689
0.288177635583124 0.23332574253323 0.0196053326999929 0.00192023316661187
0.174547870603682 0.323774065221392 0.0304574698854575 0.00569925085586738
-0.0433702589379446 0.389797838114644 0.0336922213144605 0.0232213917902288
-0.289233534470179 0.316465869709546 0.0112885710651404 -0.0207740480211781
-0.347996207150573 0.187961071249839 0.0278674141077801 -0.101011380624942
-0.285625584431952 0.0637118736060081 0.196092612357079 0.0938784904701714
-0.287239975723773 0.180534639248045 0.109523055219307 -0.0200573553402076
-0.166878452696865 0.245028960671623 -0.0230135393494871 0.0442146420808675
-0.00584673019292703 0.286489717798731 -0.000243348710745766 0.108672313259676
0.136413810246831 0.263091417953512 0.0706375325071127 0.152420905333652
0.226605633065756 0.173887485792728 0.152943282019445 0.103031254906811
0.252002223437804 0.0768617038081138 0.161383592020487 0.0291435013274149
0.261260162591935 0.0521359433376654 0.156419937536699 0.00492538599834111
0.25197582737634 0.0535512228135283 0.139298582317912 0.00144744648697334
0.26615876018678 0.106985346672539 0.11023192223712 0.0151445892754657
0.216265729409488 0.203613258622314 0.074176615160659 0.0286627453605329
0.10758910092601 0.25658416381021 0.0421725389462317 0.0185012938469897
-0.0434723854467609 0.28148579534353 0.0484660137307738 0.00362974641275106
-0.218293223441555 0.241288022940948 0.0574534490395245 -0.0646784690914098
-0.269630544682727 0.168593626274483 0.13625398596754 -0.147522903409739
-0.184135234283661 0.0716757873148967 0.319671809238939 0.0524905278117008
-0.164462783214207 0.142236035585624 0.18935211067504 -0.0647467549249644
-0.080895342756899 0.157463405309172 0.0279689754030337 0.0126850232731807
-0.000309514777140817 0.173014626056176 0.00590842009267056 0.102333812365283
0.0889065770757325 0.168709860100666 0.0999347091234436 0.181128741048969
0.150238460456424 0.116371068291373 0.215694935217741 0.133929644411423
0.174891995523249 0.0556433434065003 0.246453954894573 0.0537421123528772
0.184295934625405 0.0448899680651458 0.240900170474262 0.0237849362674064
0.17756309195735 0.0500162549999209 0.214288287639256 0.0197881704532253
0.173711338201182 0.0910729152993055 0.164601876151574 0.0354398031881005
0.114784461465305 0.150880374217445 0.103351042281333 0.0566112006043658
0.0255093450851083 0.159018344832253 0.0377397596788231 0.0324240620268795
-0.0393989601049316 0.139403529369647 0.0498682071155576 -0.00743076875750175
-0.122671659541074 0.138058727550911 0.0855936838690619 -0.0883933406915053
-0.160023864852736 0.128179980375496 0.213737491581811 -0.176353889598462
-0.0490266948121205 0.0588573080872 0.393688681648963 0.00593789731683035
-0.0227412882967083 0.0628383919588749 0.231809405273539 -0.105905351545171
0.00208389990275219 0.0336609196640758 0.066214495475742 -0.0285674353065306
-0.0115689176876007 0.0366975249372942 0.00795114157579839 0.0775522793869686
0.019301301513146 0.05721285868629 0.115427400894642 0.177751409012847
0.0467414561421732 0.0469519140127042 0.246611496630189 0.136480513252471
0.0686058710558135 0.0306422749178734 0.295148413465704 0.0656630969875454
0.0802266305172318 0.0294743278062233 0.288731945046589 0.0386935829838615
0.0811242920349664 0.0366436906951718 0.25468105250717 0.039995170345687
0.0662831175698959 0.0563214243397467 0.188683058639458 0.0599661254054898
0.0168062956571807 0.0748156041001399 0.10845661559191 0.0813611194958028
-0.0327227438335298 0.0489567784408733 0.0216286574220143 0.0416251005712351
-0.0111484971068005 0.00565567239092841 0.0422994698394364 -0.0156520105311386
-0.00969494153651942 0.0440961385548256 0.101853422380987 -0.094475057706943
-0.0346922201109164 0.0831888586652016 0.256752348168082 -0.183883605104545
-0.0736518878049376 -0.0164939638713116 -0.283265833802249 0.181048612190159
-0.0855769903938044 0.028322842265858 -0.117133359911817 0.158779614292501
-0.0270410853750967 0.0701135543580762 -0.0382989282686264 0.0644812975663976
0.0441163896301636 0.0479409122747595 0.0271596741941057 -0.0242198317080325
0.0456829889512394 0.0141274287579168 -0.0700180636579744 -0.104922199571443
0.0444774727482378 -0.00300080415025266 -0.180112282291811 -0.0837482594796458
0.0319434673715848 -0.0129859738269912 -0.259335138290526 -0.0420345943986986
0.0356863718292201 -0.0106992149888632 -0.298985201232475 -0.028144657348841
0.0408610713400452 -0.0126920930048536 -0.308287788647165 -0.0377648037911669
0.0678154122628855 0.0026331799239271 -0.261484293599414 -0.0793861496503368
0.0789238339475623 0.0417781389090502 -0.166708332460517 -0.11916736863705
0.0558584619318223 0.0927961073151236 -0.0470617699197029 -0.0601834326269982
-0.0546838754644293 0.123927913812889 -0.082506777630623 0.0329367677979965
-0.132442498295891 0.044366733694715 -0.212943841993289 0.0838821998109239
-0.102065031894609 -0.0222412495452813 -0.388295940862834 0.0471075371758839
-0.177454844234076 0.00818886045833075 -0.265736289883387 0.174063024387877
-0.178749010398667 0.0808740841279502 -0.133928055634832 0.139885941486522
-0.0867210350118408 0.137163738307995 -0.0609342156765032 0.0854733295324518
0.0393345546826938 0.141459673800397 0.0351814220083303 0.000266565447193009
0.0980353801698315 0.103792738257921 -0.0459597740190467 -0.0887776207505641
0.134213256249015 0.054220884004516 -0.146108562517496 -0.084401290543159
0.135429581652324 0.00872362290281267 -0.226058653317516 -0.0530208138705896
0.15003421894909 0.00243997652209722 -0.258075951382218 -0.0343811160919802
0.152385664126447 0.00457917634229506 -0.265372166667402 -0.028981939383499
0.185877124978845 0.045128322736575 -0.228572002031893 -0.051720725760679
0.177024781195996 0.130647796648784 -0.150651705123398 -0.0860065278211593
0.110870232019913 0.210789647731106 -0.0344156993726255 -0.0349088200179426
-0.072151711421787 0.266581692478464 -0.0607231294102674 0.0582120792508304
-0.24160541804629 0.172263728388535 -0.177029340046658 0.0945981889039634
-0.239492218039626 0.0563364809880335 -0.328946042856676 0.0450595287292079
-0.266094541293593 0.0264058439681304 -0.200178856446519 0.160508491395894
-0.266751443924325 0.126774412083968 -0.121981383871043 0.110630266594457
-0.151805664944548 0.199734216318313 -0.0816057587195389 0.095752999526092
0.0209413183845194 0.234150736897456 0.0283118142697083 0.0309186630588998
0.13774968772653 0.196325365610984 -0.0210642165556692 -0.0468114583986877
0.20971047582964 0.116244159986767 -0.0897485013677569 -0.0610176079585474
0.220692202141307 0.0357026660968852 -0.156918228352856 -0.0514200698115127
0.240711161974585 0.0159676616413807 -0.177736978771598 -0.0356891940842387
0.239310313668315 0.0162097692337886 -0.182744281193617 -0.0223955680003581
0.280594305261485 0.068702101585859 -0.159920207239148 -0.0265916606889594
0.264535187994085 0.188211843367982 -0.109850412143608 -0.0511644150296277
0.172539263678178 0.292804913088731 -0.0154827042937678 -0.0162040889543514
-0.0574672714733785 0.379017394933121 -0.027701717893459 0.0612874449143343
-0.297729876306994 0.285963230380789 -0.116432552046207 0.0776942328768939
-0.329856239931489 0.134369628175362 -0.227315666835134 0.0139837402768714
-0.323958866597715 0.0444813069538708 -0.0883442936615527 0.142845588069854
-0.329107908672996 0.171990209437401 -0.0707012475336413 0.0705488649715648
-0.197779477155206 0.256583504560689 -0.084607384123887 0.0927026800422021
0.00777602119616237 0.309488323196553 0.015014827661052 0.0630534684614168
0.166531067328673 0.268309603706321 0.00756444087909349 0.0167795937063399
0.260663206031218 0.163799714751569 -0.0128275214943557 -0.0141838497847415
0.275652001259221 0.0579227571665146 -0.0603245531865135 -0.0340271680727283
0.292705288249766 0.0269310952645097 -0.07149549376062 -0.0293127171193114
0.287630415815914 0.0239367597810488 -0.0763923576515835 -0.0182912241658
0.331357856869632 0.080326160429001 -0.0685440561346995 -0.0106583154972171
0.312856527128793 0.213291856282101 -0.0482927818284684 -0.0214028935521448
0.209755701196231 0.327186199087628 0.00882299046765676 -0.00451225001029278
-0.0314437747576808 0.425568027159081 0.00780851618729601 0.0443588418742008
-0.302498908363998 0.34710949468967 -0.0484846592761582 0.0326712540392744
-0.360459938664679 0.187924235821387 -0.103592465194243 -0.0386175778704031
-0.332485387284611 0.0635085893864323 0.0537570585821975 0.115845582103248
-0.336765068905505 0.201338413645201 0.0136140654654804 0.023051094836781
-0.201852362342514 0.283602466087595 -0.0620336702469064 0.0750895403758372
0.0061759256823709 0.335258690086721 0.00567942622374917 0.0908257547783078
0.17419024987608 0.29206526508585 0.0432349021332555 0.0895208730394245
0.272530266463534 0.179980059776475 0.0750705608774196 0.0430137824592274
0.288584461831097 0.0665821935276589 0.0512934120479683 -0.00730187685308131
0.299897975076085 0.0339857129126715 0.0461113072229286 -0.0183171148563801
0.290426098649362 0.031588024802515 0.036786661569441 -0.014533075835486
0.327433397524932 0.0862089215383803 0.028552027361419 -0.00204105119120092
0.30114176128099 0.212153641832102 0.0195274840377424 0.00164153685584888
0.192632418767488 0.308375366541391 0.0310038212234316 0.00503723148480832
-0.0186478277168533 0.387992923305984 0.03438140714363 0.0188016001745631
-0.265518533201235 0.334752546023219 0.0108478977513406 -0.0238400945768983
-0.331866037381654 0.203340764523715 0.0199192626363883 -0.09941048833395
-0.28253604960262 0.0791515998936879 0.200704817377668 0.0792278469157011
-0.272985105891185 0.19807136440094 0.106066915174398 -0.0281977380932068
-0.152836407400916 0.251933737171068 -0.0189244711167927 0.0481717404256812
0.0117568978914163 0.284021018179188 0.0067119799817487 0.105933777615903
0.152815920117973 0.25174060075327 0.0821508199960956 0.147672501986284
0.236976764626213 0.157385661726373 0.159557402413904 0.0915035611584281
0.25398930845907 0.0612394310335245 0.159294511117082 0.0199236367257199
0.261717099133023 0.035293922580097 0.155159130397169 -0.00505224827048928
0.252565643196386 0.0375602998342864 0.138134283319294 -0.00741808513019123
0.270344017488672 0.0868868850568068 0.110714544573898 0.00778749794363972
0.228302317366838 0.187114640398164 0.0746159955842218 0.0247508703693091
0.121718219267136 0.246870851999125 0.0434566344419615 0.0167880261247361
-0.0253729563459423 0.280352368889549 0.0487539999182453 -0.00151495708861816
-0.201189568442248 0.254245639922037 0.0540110486821028 -0.0694026524354878
-0.256299150738815 0.180323034952044 0.123907279904097 -0.152087912468079
-0.179414248650605 0.0806581856193677 0.320215092310549 0.0314230275785999
-0.154074758088089 0.150958286606032 0.180510707937916 -0.0767014259089525
-0.072081644987661 0.159399087640007 0.0293142875355599 0.0122133241407734
0.0101040732780281 0.171417287017891 0.0130386765985282 0.100372504855667
0.09948134290266 0.161802086833914 0.112506946100034 0.174369351196956
0.157950153355153 0.105362291675947 0.223368660648711 0.117904684365139
0.176634390827736 0.0452063820057748 0.244832728644713 0.0387210067535378
0.18528276394486 0.0321278107146487 0.240255715492717 0.00843070928974248
0.178918972965481 0.0385236724303597 0.213339121444204 0.00592660591586384
0.176899819254158 0.0779442129674793 0.164890693782657 0.0245363865623566
0.123430865214875 0.141789817926404 0.105469140033728 0.049602808666886
0.0349043347208117 0.155693692307652 0.039737698904673 0.0309834062434108
-0.0309688551301806 0.139040947074625 0.0497824468583719 -0.0120414158029272
-0.112884766788384 0.144749470557072 0.079583604319676 -0.0942070903844189
-0.149387171713677 0.134690971291245 0.197763972142892 -0.185242947523728
-0.0458672971855914 0.0600302050781144 0.390508039114849 -0.018306671894031
-0.0184256917557571 0.0640388083326057 0.221229325601819 -0.118427672854094
0.00310529003590713 0.0324386843254101 0.0649343112821974 -0.0313650383094169
-0.00964742105204498 0.037263475192356 0.0140553430941172 0.0772508244748251
0.0229806981406059 0.0552393705975346 0.127205693665871 0.169363311289488
0.0503339094447549 0.0438816342383875 0.253335550742071 0.119552629235413
0.0707219077248573 0.0261889476220681 0.294918423128529 0.0462572340495821
0.0814150519146306 0.0241469333654105 0.289171292388181 0.0201255481536554
0.0825611141910096 0.0302434236793098 0.25490465842303 0.0236254719007467
0.0686882355316712 0.0504649680827521 0.190017140842319 0.0470527851485227
0.0217667800949497 0.073940833938807 0.111388825796231 0.0733922328381139
-0.0296512890433833 0.0510289156612467 0.0236730650158509 0.0408564375845158
-0.0120817343175581 0.00598350494581143 0.0419112527043565 -0.0197376252490267
-0.00747936507094926 0.044537876333825 0.0947150689566025 -0.100604849303306
-0.0276343346326106 0.0837862334074492 0.239475290197673 -0.194738908492454
-0.0713210697473401 -0.0127593547724265 -0.266627280433244 0.187276416184536
-0.0818787744336077 0.0313469301062912 -0.104847647521062 0.158296866067568
-0.0237441360863972 0.0691145781726637 -0.0338429886829317 0.0654891044078315
0.0447853102831702 0.0436918558670993 0.0246306740227865 -0.0254059382313827
0.0445167251326193 0.0116013658611329 -0.0731718104075734 -0.0980846065544418
0.0420546301658928 -0.00559274971505869 -0.177525449762989 -0.0734036742916695
0.0298170583981563 -0.0140911165272488 -0.252277132770847 -0.0298136344326018
0.03399518797247 -0.0112491722018642 -0.292201429023874 -0.0141020879166983
0.0385027697066473 -0.0132301115042923 -0.301074869111271 -0.0217498045274558
0.0653428190267387 -0.000555726521565696 -0.257928149813429 -0.0643747899619938
0.078627785900091 0.0361769931279157 -0.167661049970887 -0.1074681381285
0.0587209387929061 0.0866239037319856 -0.0484505796038869 -0.0576681937398478
-0.0463624362265971 0.123308692630895 -0.0805502565444818 0.0352328083988414
-0.125306333387017 0.0495014194130556 -0.202957731993669 0.0902872625880503
-0.100545982590833 -0.0183674537848106 -0.373193792626781 0.060980239921825
-0.172602957755537 0.0149708703208383 -0.249550634530812 0.178435120652395
-0.168961660444194 0.0872903869230653 -0.122046390310317 0.139485181607225
-0.0789662545248161 0.137017714324617 -0.0549170551253074 0.0872580540676395
0.0440004608015488 0.134554430562583 0.0334708296080016 -0.00305297380252378
0.0995671163403142 0.0957872335105194 -0.0479850080581722 -0.083609315620351
0.132521284952977 0.0453933659309189 -0.144476987685616 -0.0760191144563364
0.131600185720858 0.00312275573141528 -0.221329757454385 -0.0415868859801699
0.145485842063163 -0.00376530617760391 -0.253011496850001 -0.0211272537116031
0.147728982572144 -0.00158856720642322 -0.259077658825167 -0.0157340245005868
0.182449005764391 0.0356260709929396 -0.223367108802189 -0.0391170348756196
0.178799905543314 0.11804147155376 -0.150588111608384 -0.0754935683323683
0.117087107230247 0.19889353224952 -0.0345499522022542 -0.0335340052148119
-0.0589063966415888 0.26284658659799 -0.058082277982042 0.0580177755190241
-0.226500369071996 0.179157958743911 -0.167288533025028 0.0988369704550703
-0.230711149412902 0.0624287073573644 -0.315136888890737 0.0572840134283251
-0.258983252329312 0.0366627343364951 -0.187116128433962 0.162460374872736
-0.252157571078955 0.135286143970728 -0.113178398900829 0.110238811569526
-0.140314994285454 0.200164540567236 -0.0746295082512533 0.0993820418000495
0.0297908778507791 0.225671789259244 0.0285519122761599 0.0263222492779685
0.142480588862562 0.183803267085582 -0.0216208079188117 -0.0437186273718395
0.208835616629513 0.102089587432045 -0.0882059573982965 -0.0560106415688621
0.215591462483862 0.0259510125797836 -0.154919125909169 -0.0415369148934887
0.234031725199254 0.00463781808060664 -0.174920954855622 -0.0263809325389916
0.23247883625401 0.00606762569047792 -0.178348702322296 -0.0137951846651938
0.2758682730097 0.0540413562479543 -0.15548999685041 -0.0189888883540941
0.267011943221939 0.170407037673222 -0.108921802501403 -0.0433817831524285
0.18043364446292 0.27655779207215 -0.0149816144402784 -0.0160135355515417
-0.039271276687781 0.370400430307185 -0.0247730057687612 0.0593779160808579
-0.276367860029832 0.292858654638332 -0.109090829346954 0.0787560763210854
-0.315374711441352 0.140767622169598 -0.218575386455178 0.0238051416265031
-0.315977407608323 0.0565426203269357 -0.0797212934632574 0.139896197548423
-0.311004185714229 0.182755825252098 -0.0655164524194938 0.0693456238160941
-0.183756543173764 0.258035386257095 -0.0765976508370667 0.0962410580927253
0.0201209507492709 0.299384097636907 0.0167374780795227 0.0582187726273951
0.173597954500072 0.253239570609823 0.00959124581677705 0.0174727867065096
0.261193068752514 0.146196898614757 -0.011576993901332 -0.0145648353407879
0.270907259358293 0.0446117531971367 -0.0607838471794704 -0.029030838724476
0.285086315980667 0.0137119927792889 -0.0710342488726705 -0.0257315655135852
0.280085502340319 0.0116107202845677 -0.0746835232243694 -0.0141757566191339
0.3263195989362 0.0624850670292393 -0.0654246214572362 -0.00806493716711511
0.316180662468056 0.192902255175111 -0.0477457080428424 -0.0171794965375909
0.217633669251201 0.307733750467426 0.00903617810936076 -0.00452391068584475
-0.0121539152131018 0.414625421669476 0.00815221160529754 0.0409799367877206
-0.278158458305999 0.3532656250957 -0.0444812950112587 0.0316008025795065
-0.342826168307198 0.194206415792997 -0.101578450892053 -0.0322924524052329
-0.323545099117269 0.0758034476746906 0.0575351244696552 0.108453577272077
-0.316682079710533 0.210818378090276 0.0135960882929973 0.0197201023856179
-0.186535008730357 0.284420112333123 -0.0552440934079873 0.0781666343803535
0.0196266757823093 0.3251760009348 0.00931106514702367 0.086304016735772
0.182844250220554 0.275835380348991 0.0481366826353323 0.08655862015212
0.274286530733847 0.161688515578605 0.0767875129128825 0.0368969756976395
0.28370691790415 0.053325816479446 0.0482011473995912 -0.00798202944251686
0.292759158336365 0.0194430790678648 0.0434167528458162 -0.0201339853948491
0.284024860371245 0.0191420527791159 0.0353594037555517 -0.0161473540856504
0.32149709587107 0.0684792475240956 0.0287922875736615 -0.003938415462354
0.303256529224695 0.191864091332184 0.0191079803677089 0.00286440561852548
0.200450824132597 0.290717701227581 0.0314123109455852 0.00429188686319064
-0.00192080792996316 0.378161927510759 0.0340618991046346 0.0143318519709169
-0.242416442066781 0.337939896131194 0.0105016798559948 -0.0262992699464773
-0.313935925863033 0.207911154974858 0.0143763318017693 -0.095313767519711
-0.273051934350363 0.0879801988922017 0.197573465114079 0.0661550085099964
-0.255738734850924 0.205406116632856 0.100661459382893 -0.0331574472869372
-0.140232905049466 0.251562781334769 -0.0146347823208765 0.0493996451990985
0.0230663081454687 0.275843178686574 0.0110227375897046 0.101504888116378
0.160026500451629 0.237478489607051 0.0882909427166291 0.140992904083971
0.238763275452065 0.142329975032271 0.160867510164311 0.0807550322790291
0.250347232965511 0.0492732490391009 0.154077937830095 0.0140405660501808
0.255896822117171 0.0226680591313244 0.150398420748095 -0.0116342127486488
0.246386870424358 0.0264132823052368 0.133917997340777 -0.0133007211109146
0.266834405591313 0.0720223306452118 0.108637057171791 0.00166896071035591
0.230518898008588 0.171593231602357 0.0739717756262607 0.0214413578431924
0.128613678860947 0.23438339473406 0.0437757041857118 0.0153466520685503
-0.0137896946893324 0.273247184829565 0.0473866747774357 -0.0059792389978746
-0.183403308365891 0.257041849158112 0.0494051023258282 -0.0723506531857648
-0.241398338693978 0.183488904597075 0.112746461830755 -0.150115119012015
-0.172570424390067 0.0849965054184302 0.311561059822867 0.0157976487364288
-0.141711445701673 0.154697312228498 0.171320368805111 -0.0818268373859271
-0.0646924710383017 0.158022598918179 0.0306654151671172 0.0121347543815701
0.0164785909414464 0.166205794730912 0.0170458325203699 0.0969738181739629
0.104481577616611 0.152357861957295 0.120132968916661 0.165413457475016
0.159403225623957 0.0951372780699299 0.223418512511864 0.103702997654973
0.174838848933673 0.0360253651357595 0.237994489711926 0.0283296909577416
0.182100207651834 0.0228409501810282 0.233674777314583 -0.00219142987340397
0.174973588585165 0.0296393220478919 0.20758612568886 -0.00360371239892265
0.175709746388795 0.0670112603259199 0.160802648725635 0.0157712333760462
0.1267389890052 0.131766254294002 0.104507666119583 0.0443795629233194
0.0401817869913238 0.150501449675867 0.0402071290234565 0.0294961939654141
-0.0250763186354724 0.136451991356158 0.0478650802550422 -0.015902746226104
-0.102036444909878 0.146798110561086 0.0726981831143807 -0.0965165531082124
-0.138795580503442 0.134888217122561 0.182211778127132 -0.185198480404676
-0.0430123035039449 0.0593906637203439 0.377488815904999 -0.0337992190973662
-0.0145731900043024 0.0629157248272148 0.208492226273055 -0.123234638069429
0.00297270461512405 0.0311127906143243 0.0624908409487783 -0.0329694178176021
-0.00784166563658849 0.036949908834384 0.0175543799814592 0.0750578728240152
0.0259518992762246 0.0525174759610792 0.133731455919174 0.159402825972603
0.0519196862195842 0.0407899266125022 0.252736584503758 0.104342537434234
0.0705099498869054 0.0227270062628609 0.287402787971112 0.0333927579940779
0.0806222407195865 0.0193318831262456 0.282803938580806 0.00699181657529759
0.0812633100518244 0.0250071134213027 0.248398838263344 0.0120397259524874
0.0691396886426467 0.0452675515121828 0.185207589493096 0.0370131612907251
0.0244732623602615 0.0708575193592884 0.111018704744483 0.0663608573270775
-0.0265399960147796 0.0515059342132164 0.0245247278428237 0.0393965501586397
-0.0126272400121929 0.0059274050818928 0.040421675371474 -0.022837340600977
-0.00517154472284294 0.0436452551807197 0.0874618852612851 -0.102904095340927
-0.0224245676180176 0.0818669037992407 0.221742696530009 -0.196977306879406
-0.0589132212956858 -0.0424606198010655 -0.312027178689403 0.0675608094899075
-0.0838460964912623 -0.00673928733997626 -0.153803403124144 0.103030180523385
-0.0498877590770436 0.0512227336777212 -0.0527625551321468 0.0479036090177577
0.0208512073927924 0.0557489549078738 0.0361384687385398 -0.0158539507286868
0.0342437329854312 0.0292770647386737 -0.0248701210918601 -0.119002692670691
0.0390736374103342 0.0111323574009375 -0.126971215769771 -0.137557928074317
0.0313829358404717 -0.0010789740425677 -0.211328228425016 -0.127662245886886
0.0340564052415832 0.00363216412158984 -0.254600190077482 -0.128211630027317
0.0377427276057106 0.00522794938192846 -0.259139084569024 -0.137241583606082
0.0573658136232604 0.0257586677823279 -0.203570041334256 -0.158559080697567
0.0555599108081498 0.0622535047747336 -0.105563575988379 -0.160689101863058
0.0189932776388477 0.0998728272741206 -0.0204212270334598 -0.070469315134127
-0.0881231200768435 0.0972809190900919 -0.0894133134577593 -0.00157076925755716
-0.131824176271875 0.00256703308828414 -0.219333115756951 -0.00252074760335295
-0.0904609437502693 -0.0516891695599262 -0.352053720619892 -0.0988224955434005
-0.163564601766037 -0.062489299361225 -0.288276143250439 0.0768236128446047
-0.184089003444138 0.00517772059073461 -0.159980517019206 0.0847021666985901
-0.128408670525153 0.0882071651938781 -0.0765649666950244 0.0644323470888399
-0.018011608856933 0.134446399853474 0.0401898791413697 0.00982581513615881
0.047858885064461 0.12547883248908 -0.00271019781388844 -0.0964652294715427
0.0982348395563448 0.0919579904663536 -0.0922753431882054 -0.128376870437356
0.113408243278477 0.0549980412685154 -0.177837472860035 -0.125784400305386
0.131088968421 0.0536879984784814 -0.217386756268793 -0.119939010346808
0.130807986740518 0.0582445703616166 -0.223713587424852 -0.113334857261785
0.148556259538521 0.101745181830196 -0.183004504283889 -0.120029148324902
0.114684146204684 0.173804598801236 -0.102360062247151 -0.124375959403446
0.0278961403505569 0.222175431796212 -0.0188069237387363 -0.0414776503742417
-0.150641049138108 0.220273669469022 -0.0807610620150653 0.0276551169967734
-0.269237276412222 0.0837839708166459 -0.19817354550181 0.0143068865313197
-0.236798454712934 -0.0263596176810959 -0.302047031830845 -0.0871949980014646
-0.253232102622794 -0.0819328322121091 -0.222377596955045 0.0959582297957381
-0.277617220841897 0.0127769470751181 -0.138179917097897 0.0658706795556503
-0.209197424228283 0.119363324892721 -0.0951224560695715 0.071608283472148
-0.0687183009421547 0.207412544334147 0.0290328958556108 0.0361892306828741
0.0500029059531534 0.22035673799531 0.0104647836659179 -0.0509521110296784
0.142476604867079 0.172980126700144 -0.0454402633930668 -0.0891047964602808
0.17920290951227 0.109186257688959 -0.11857465292847 -0.100065116705368
0.207371336864977 0.0964178091610254 -0.146246502515115 -0.0945521013590396
0.204492178323517 0.097841586589616 -0.152691557413197 -0.0789072684800416
0.225489174133514 0.154131076812996 -0.130211959403629 -0.0737979885097222
0.175501917532725 0.254089004619529 -0.0785354310263301 -0.0781512436881048
0.0558978279165072 0.315919946705172 -0.008698295839222 -0.0155716365710295
-0.173550072454602 0.325440696941064 -0.053345214175888 0.0429296487799771
-0.355003185896953 0.167621484604618 -0.143695685215916 0.0175337684953457
-0.341505468935283 0.0142025284242563 -0.204952852610205 -0.0829989083846112
-0.313079753920297 -0.0890151546325614 -0.113872239819685 0.124185875976088
-0.349607488633694 0.0291136205916978 -0.0778763239501314 0.0523037530866346
-0.27224317936374 0.152066876324937 -0.0922556635536372 0.0713994410217396
-0.108258809077459 0.268566151017234 0.00976392301896377 0.0617716053536653
0.0484965771356822 0.293450249512662 0.0183038103911715 0.0152518784313242
0.170603839087758 0.233435146955141 0.00893597929493282 -0.0224888672154246
0.219858923452781 0.148018634144742 -0.038957082454886 -0.0512952069617567
0.25015622185322 0.124094810655596 -0.0542724044540597 -0.0517730853363613
0.245226485555533 0.121255451006699 -0.0602096768093922 -0.0384233215735778
0.267425712017918 0.179711578441777 -0.0536998775190277 -0.0275667664876829
0.210715455799576 0.292080495554969 -0.0341668465276413 -0.0297132411278324
0.0777921753962892 0.358554835341924 0.00781533967293172 0.00529600863244636
-0.164523679187 0.375574069211268 -0.0171803863633922 0.0406925746655763
-0.377978213296019 0.219171675516625 -0.0701837974568726 0.000412722245844231
-0.383911400150326 0.0512911116591188 -0.0813127970475566 -0.0878340102520324
-0.328038726981391 -0.0760495627874458 0.0232061404624754 0.151464092304718
-0.367568461767112 0.0521941325109129 0.0140915982373574 0.0402341775835754
-0.286586000993864 0.174373327378961 -0.0632922426000691 0.0643274790878965
-0.119764539707372 0.290711825579484 -0.00639754004285224 0.0855360148249319
0.0466173896876911 0.316254119019585 0.0253714074102781 0.0930788554923908
0.176014759861433 0.251819470402606 0.0678313807624389 0.0580186192262655
0.227824116837307 0.161207718705824 0.0495947773525586 0.0115356697678269
0.254162925937186 0.132999989234299 0.0451838560829249 -0.00137182320056269
0.247242671439333 0.128183705562088 0.0385086655061338 0.00441143197579277
0.262261619748696 0.182041075344628 0.0291122128370946 0.0129448917545002
0.201083204521267 0.286550681291922 0.0171419157523722 0.0138013434945239
0.0683002439920164 0.336041514394149 0.0246274259052662 0.0223389285320491
-0.140596438152627 0.344502145746368 0.017206248310565 0.0272431557296839
-0.340481601731515 0.218711046073299 0.00245906156401337 -0.0289475285225729
-0.360831330953652 0.0726164541148244 0.0466614509800408 -0.0959102638401839
-0.287587844225591 -0.0427577854376427 0.165513306479584 0.165346191060226
-0.310815433065757 0.0724706968958552 0.112485703392852 0.0255534995307281
-0.231331279753012 0.164278732657327 -0.0172004542308545 0.0518940282518187
-0.0967726433857323 0.249405445985777 -0.0143029246872326 0.0990568245828709
0.0429639636540928 0.272910899372943 0.0377613054250099 0.158631076314528
0.153295245354449 0.220502634160762 0.122811602250606 0.130938851920974
0.200404898600235 0.143592188416013 0.134663083614318 0.0736526112585261
0.22068483013825 0.121142258843386 0.13798573288154 0.0481151158658923
0.210642179247929 0.119457638391364 0.124399912578375 0.0446483186617513
0.211047843064476 0.163606164189378 0.0966392901514427 0.0488050980450578
0.143611309811935 0.239879323466087 0.0575622628437777 0.0514758379253789
0.0261790519888043 0.25859709525578 0.0312143603059849 0.0361332732025966
-0.114327183740942 0.243595741167874 0.039428610880438 0.0138188921515695
-0.257713212950568 0.165387083269105 0.0588688589144953 -0.0526033514994441
-0.283660465446638 0.075065048658704 0.155210535549968 -0.101800074852695
-0.194984331504782 -0.000622298137874178 0.28404253774935 0.156389109361693
-0.189839485213659 0.0752208299758326 0.191999019978334 0.00419686062051812
-0.124759958160605 0.112641748065606 0.0335156266407688 0.030116764712564
-0.0563558648839217 0.151240057066357 -0.0131706730631218 0.0961115536472174
0.0284091998815044 0.175157985746278 0.050891867333248 0.194251407828947
0.101883431588923 0.147840623899587 0.165310909391951 0.178051032346517
0.139421959356754 0.102386482135676 0.203269376283866 0.120591868166053
0.154447566265454 0.0922018575147251 0.209035922683879 0.0907028338243395
0.146228377718118 0.0936333058255153 0.185524861068266 0.0817788280509107
0.132132346908979 0.124541162000507 0.137436813722214 0.0807458405396901
0.0653724557185388 0.16529351875195 0.0746762403034481 0.0820084905469006
-0.0212733233420182 0.150315705237324 0.0226168599118072 0.0455171515547553
-0.0742575291309934 0.113612110876183 0.0471458342604984 0.00344635506819649
-0.144754821074293 0.0936747760963445 0.0946745792376988 -0.0625040578443125
-0.171827766106625 0.0680182171145305 0.230692046592626 -0.0990514867650344
-0.0655877406853497 0.0343126546545256 0.358561689834952 0.126302169080205
-0.0398310381184497 0.0485667284445973 0.236918563174797 -0.0240854038023318
-0.0109385210933227 0.0281503174954305 0.0724709556260706 -0.00309738726953984
-0.0225141385869917 0.0294408513629992 -0.0116547402264607 0.0762413658427731
7.23190398319207E-05 0.05486449647334 0.0592590079083874 0.196268905293337
0.0293939447255161 0.057243085892443 0.186310722993397 0.192611415169386
0.0529948092795038 0.0488730703050029 0.243476630496981 0.144490122657175
0.0654603815090619 0.0486576170737608 0.249191381806718 0.118342351850882
0.0644671409076245 0.0527918042414179 0.215812577031693 0.110414557497939
0.0451129530524957 0.0651268056522551 0.149865737519878 0.107887041181318
-0.0031445199181931 0.0726383614850435 0.0706090193752605 0.102683004952454
-0.0438923680264382 0.0373186624623701 0.00489812850890943 0.0457912416019926
-0.0148698552467218 -0.000404318141506967 0.0458290626251128 -0.00533072673929684
-0.020178567906505 0.0361079732964304 0.114774947340265 -0.0588170511525038
-0.0465829575449608 0.0623782382439293 0.270386475422728 -0.0878056770863054
-0.0587317275638465 -0.0407102349804685 -0.306350390717531 0.0699203968947155
-0.0829286450398003 -0.00475612359406176 -0.148497604107639 0.103294483548398
-0.0492359812019957 0.0515903533420288 -0.0512569588624884 0.0498452263837492
0.0219049949166593 0.0541229215402042 0.0362433602073005 -0.0175186837270251
0.0342058592895767 0.0281895230778535 -0.0263294319582916 -0.116516797031884
0.037642468912894 0.0093017134357933 -0.127718613583358 -0.133082198627367
0.0305325189653898 -0.00152681961602597 -0.210355858762926 -0.122249721675917
0.0333728550969736 0.00344288752152621 -0.255205571644071 -0.122823539788399
0.0366674535474443 0.00540414107781546 -0.259196654988082 -0.130743984024317
0.0568475514882535 0.0249668500909146 -0.205448179326021 -0.152941378801419
0.0562301580789947 0.0599612522251394 -0.107770570056845 -0.157028901714661
0.020898839916622 0.0975535882397355 -0.0206601184484346 -0.0705808980313611
-0.0850886272303257 0.0983485378640509 -0.090059149875727 -0.000919278394894867
-0.131035102116683 0.00523559694867837 -0.216441813794203 0.000744599352322756
-0.0911085844168349 -0.0507741733059128 -0.348049689503039 -0.0943997953436778
-0.16343133796021 -0.0596360565972367 -0.282915567568204 0.078573843380494
-0.181501662464684 0.00877288277049066 -0.154986726196044 0.0845536720090324
-0.126543750220775 0.0901597120167138 -0.0745147624214454 0.0668338718065249
-0.0156790062516444 0.131719586679454 0.0400785859506883 0.00751892797864427
0.0498729580965357 0.123033975639649 -0.00432376048166808 -0.0944856169356367
0.0981401832378928 0.0884682304677569 -0.0926426086865261 -0.125395844989457
0.112590201593512 0.0521510756958037 -0.178301636675736 -0.12006115951372
0.130706238910352 0.0515915833697583 -0.21875402235671 -0.115233925043803
0.130312482406797 0.0569535901422832 -0.22350124601633 -0.108537018953454
0.148702579710583 0.0985637558632009 -0.182941831058418 -0.115912125325392
0.11829036351764 0.1699278750107 -0.104117690389558 -0.1204668417745
0.0318412333957508 0.219364660798643 -0.0191507334076395 -0.0421037109865751
-0.145448892091058 0.221305806517439 -0.0808152700330799 0.0270738866106952
-0.266002836179131 0.0883992714760939 -0.194542449133967 0.0167613426836289
-0.235785436604982 -0.0241764622554968 -0.298429297295844 -0.082404391173875
-0.25313178872154 -0.0773150854845234 -0.217647822282229 0.0964102792721033
-0.274026684882266 0.018888594085364 -0.134734571115408 0.0658206777956402
-0.20734749119532 0.121569839277667 -0.0919700228604156 0.0753021685372249
-0.0649760979238845 0.206016383146937 0.029438161112018 0.0339702740179948
0.0539737749467587 0.216536151166121 0.0103648808586963 -0.049421161416996
0.144514161268114 0.167399275514086 -0.0459015634495191 -0.0880441932178433
0.179457966276073 0.104670278538755 -0.118922499087156 -0.0955394100036346
0.207235378833124 0.0925680395994093 -0.147803914167026 -0.0911436157960421
0.204593827776183 0.0953112173436872 -0.153115630538946 -0.0759817262154433
0.225795017598708 0.148510029953939 -0.129177153918521 -0.0705609428127153
0.179377784043727 0.248946356638372 -0.0793325481791796 -0.0750108730215397
0.0606307771056111 0.31160111924042 -0.00790373018995598 -0.0163094265559801
-0.165606731535487 0.325660155012832 -0.0526385314496912 0.0412744320284901
-0.34825348919619 0.17380322422285 -0.140390071320806 0.0182583532509094
-0.338562358919859 0.0163508255013373 -0.203002987927994 -0.0793401582364062
-0.313380316156935 -0.0833766107389534 -0.109919074834712 0.122552520642993
-0.344180423868447 0.0361101961774347 -0.0755200175710633 0.0508340508579645
-0.269674382678912 0.156130661070327 -0.0888331993837473 0.0750155290115611
-0.103809485724217 0.267313206357537 0.0107066480535249 0.0596914942218916
0.0542176052148363 0.289523597774213 0.0192962538679518 0.0165531739104551
0.175022673261865 0.226560917673652 0.00953611699499657 -0.0238445599990013
0.221470154278191 0.143859422308766 -0.0398760363302341 -0.0491872926627309
0.250525339283403 0.119499580209307 -0.0554513514446788 -0.0513031902638605
0.245332735130715 0.117672524990727 -0.0602842347363457 -0.0374191411355846
0.268808527427653 0.173407126882842 -0.0524491159587011 -0.0272539705784097
0.216846989839487 0.285804853790371 -0.034652077406768 -0.0277438884604384
0.0823925292640143 0.353669055314988 0.00944196268897522 0.00484440886151066
-0.155355572561812 0.375740223101652 -0.016411704452478 0.037718786231512
-0.37119176995556 0.226505340278212 -0.068097903204729 -0.00140111030163173
-0.3796706298032 0.0537567094100429 -0.0812145047912328 -0.0846932522322764
-0.328737167633017 -0.0700831560164313 0.0258182748179473 0.147786966903491
-0.361523155285904 0.0582120197340055 0.014667606277834 0.0377236209007511
-0.283279465868442 0.177697476964882 -0.0597759992079304 0.0673777928035035
-0.115458859950477 0.290160992957645 -0.00562863299828853 0.0825384527023274
0.053191963678751 0.312573612948666 0.0291430604879394 0.0932617922089097
0.180440079639842 0.246395245689317 0.0701292180727673 0.0548703141726099
0.229262346057899 0.156980734410019 0.0486214819845392 0.0119656667089858
0.25516248839132 0.127336243436092 0.0447757454991095 -0.00245492407510305
0.246965598325334 0.124403411809569 0.0382704031535343 0.00266590301584599
0.263407424804588 0.175920205820625 0.0299097120826439 0.012139044925394
0.205843022068028 0.279723885465619 0.0176119465880078 0.0149337420786799
0.0728024467331762 0.332413296538357 0.0253242913879832 0.0217749164204137
-0.134339078034491 0.343534682547017 0.0180657698399808 0.0239656808945976
-0.331893782527434 0.224442111047155 0.00245200534068456 -0.0309511001251642
-0.35607244051773 0.074823335780028 0.044342202797239 -0.0947524906307196
-0.288438192663225 -0.0379685466887745 0.166691159047468 0.160584019890367
-0.305789341458495 0.0776555760849138 0.111302147832994 0.022515391580397
-0.22878497409839 0.166695346362067 -0.0139679620761281 0.0535592554825658
-0.0928928174588844 0.24915532731696 -0.0132715131747303 0.0973896795445375
0.0479835548205989 0.269940439329645 0.0422432862857036 0.158291616394252
0.157080366724993 0.215750053020077 0.125808868572128 0.12667011745006
0.202507390465917 0.140222344788924 0.13364897477757 0.0717318481738758
0.220814787307306 0.116683075978581 0.137699172530461 0.04580701349636
0.211200273886717 0.115806153243787 0.124427881149123 0.0414243992121693
0.212621727306515 0.158203256958045 0.0971168351966127 0.0458435728476588
0.148117052091584 0.234886252879542 0.0577781263488077 0.0514201052664159
0.0296135758414151 0.256691190777159 0.0320186252275382 0.0358716369214386
-0.108789152428901 0.242991922572753 0.0400782096598768 0.01001805057979
-0.2509634810276 0.169637668092218 0.0576664949825016 -0.0557206752077985
-0.278720607858965 0.0760270380991791 0.150606674418089 -0.100835468854604
-0.194661298369962 0.00190696944991352 0.283763739865028 0.150793326605898
-0.186555589470889 0.0779796155097852 0.188889551409344 0.00200154534902044
-0.123665883443301 0.113041934756603 0.0352858866750672 0.0309164630326329
-0.0542355303494878 0.151426504933678 -0.0115191010001945 0.0952955556782605
0.0319707187134614 0.173101132735691 0.0555779850761449 0.192466662920448
0.104618457805823 0.144667620744352 0.168075201508807 0.172447867632322
0.140797919366215 0.100388513554156 0.202074374699255 0.117117205446117
0.155415972641656 0.0878830888551065 0.209421731418918 0.0864329187792519
0.146782000961642 0.0909318035704883 0.185682170260093 0.0773855451078865
0.133027877908903 0.120132925511684 0.137266210771325 0.0770065120607276
0.0686069026534031 0.163019746319504 0.0751899011154998 0.0801977666725603
-0.0190084241726399 0.149915609735381 0.0235057601835242 0.0452120944887076
-0.0719070284067909 0.113267208880961 0.0474752990374185 0.000276836992902213
-0.140800659001129 0.0960897209817512 0.0920767621558614 -0.0648084819662144
-0.167609384556227 0.0680716052372575 0.225549956542927 -0.0992092064768616
-0.0647571766041754 0.0344492548176496 0.356325064832041 0.1202803429784
-0.0384480477066283 0.048990078361985 0.233165037908145 -0.0253063362231168
-0.0110157373388493 0.0272213804215634 0.0726657022577502 -0.00420873645918375
-0.0229380620284515 0.0299445002255806 -0.0101386841575633 0.0759602010063175
0.00164463824714307 0.0546292134699752 0.0635980426851131 0.194286836155733
0.0306473239300657 0.056279596095906 0.188427525728484 0.1868202285008
0.0545910231037058 0.0481560555653684 0.242752520926792 0.139897870020001
0.0661180036323066 0.0469373598460012 0.250483225194888 0.113197807775036
0.0650794000448562 0.0507377766602576 0.215979117979025 0.10604218581593
0.0459416013134427 0.0629336746565159 0.149771883973943 0.103045512442555
-0.00166908794404339 0.0727663553068937 0.071541868501941 0.100402292077143
-0.0430638111427585 0.0384693178807826 0.00504089637602006 0.0466540232009821
-0.0155449652644045 4.55960601389528E-05 0.0463401539749093 -0.00823308259138457
-0.0193476805021038 0.0362145995570086 0.1114081539337 -0.0605848028559299
-0.0438776264955191 0.0615635551177614 0.265351216420502 -0.0890439221528435
-0.0598013650689581 -0.0391800114101333 -0.303658179484424 0.0758478356380326
-0.0831179892093759 -0.00200985077465856 -0.143479959078513 0.105501923783431
-0.0480554189048866 0.0537892386379569 -0.0489518421174582 0.0532057740701943
0.0233566265403564 0.0525033667558788 0.0361728212150051 -0.018849986467502
0.0350324012586757 0.0271455769070898 -0.0297621207719086 -0.115213968541992
0.0374532827201364 0.00781140715744692 -0.131278040525402 -0.129209234836287
0.0293308517240828 -0.00273028437097422 -0.21243575540671 -0.116288508705207
0.0333319810810757 0.0032922131955673 -0.260103026914663 -0.115348677823159
0.0368575365332272 0.00518375509202131 -0.263882152786016 -0.122528800985807
0.057435333982932 0.0229868693958505 -0.209686453561428 -0.146370323772985
0.0593057491958351 0.0579288803616881 -0.113613853591745 -0.154527697225114
0.0243027191745664 0.0961385733589752 -0.0231391845585446 -0.0717968607144356
-0.0822347396955784 0.101316702070245 -0.0914627325435492 0.000898763252966486
-0.131016344206292 0.00882618364753762 -0.215479725857261 0.00655212576372589
-0.0932498376038429 -0.0487970924346166 -0.350029260930329 -0.0856523826773737
-0.165470049231442 -0.0550002426898149 -0.280380427113877 0.0840708848532563
-0.180335468172607 0.014980441157671 -0.151448552189365 0.0867068649577382
-0.12475610721345 0.0948988939281225 -0.0713783922946638 0.0708699969762803
-0.0120116576603206 0.131950832063336 0.0405543030583468 0.00526445574572342
0.0541082737974406 0.121268657731071 -0.0064048886173862 -0.0935332516195541
0.100741005597607 0.0847941938560928 -0.0957290680516717 -0.122344060164661
0.11377034104977 0.049482097933909 -0.180438479050702 -0.114988234819062
0.132533508721683 0.0482449746351345 -0.223143433345613 -0.10914689487331
0.132495174182519 0.0551743700774183 -0.227339326907507 -0.102420761925071
0.151883945326932 0.0945447087785606 -0.185770542366655 -0.11055926450092
0.124484807624353 0.16651239567956 -0.107852799854521 -0.117115215473534
0.0383676651342211 0.219182701682108 -0.0196420911813501 -0.0429525692107571
-0.139357761285876 0.227084768149156 -0.0810719492674775 0.0281234402984224
-0.263490881612041 0.0968900137004625 -0.192912147739757 0.0209476888865079
-0.23782698887009 -0.0196967511599273 -0.299275547586951 -0.0747319546691813
-0.255984472167897 -0.0701239176065177 -0.214049025970266 0.0992373816849305
-0.272123889590039 0.0276047950756932 -0.131771369845187 0.0667573552039489
-0.205297763999723 0.128592625407671 -0.0885625402747268 0.0795523456821141
-0.0595157001727233 0.207459117111427 0.0298502039887855 0.0318735350473402
0.0609282847133849 0.214866162814243 0.00985017644702174 -0.0484448783945229
0.1499966376872 0.162323696096419 -0.0472901153724653 -0.0872695517564132
0.183026793026607 0.100734089480791 -0.121963597687376 -0.0916582664824193
0.21008849304382 0.0869832671624726 -0.151786807320818 -0.0873992103755112
0.208009076460324 0.0918404404018857 -0.155550834150068 -0.0715239417014761
0.230695062245095 0.142768623560955 -0.130745619777864 -0.0671558477487922
0.189304972530594 0.243839786507798 -0.0816461218164905 -0.0709721360857551
0.0693844844200345 0.311337173148145 -0.00806105990069849 -0.0173142165756629
-0.156634468472028 0.332331098316091 -0.0525696909459001 0.0403768830848205
-0.343893556349767 0.18511477645616 -0.138664442855391 0.0197295439348674
-0.339117427310013 0.0223828927760148 -0.204431680376792 -0.0744511295264263
-0.317699186538164 -0.0747013797947363 -0.105934784261556 0.123332114555175
-0.342681254037549 0.0480272097677112 -0.0737718609025137 0.0504662192375099
-0.267838495452035 0.164743000921636 -0.0851063177874209 0.0794140655220577
-0.0975059328472529 0.271211259071358 0.0116717293173627 0.0583265356152924
0.06383221488338 0.288227610345446 0.0220890256892706 0.0178997654878837
0.182678241418684 0.221183276035169 0.0107151875102078 -0.0249783486369062
0.226674686603599 0.138546368270952 -0.0414504348752435 -0.0467088572095959
0.254084589539445 0.112901734183207 -0.0580887071483212 -0.0498559556647099
0.249683964400847 0.112769394797934 -0.061187039661963 -0.035825742614209
0.275031726194873 0.166508323457226 -0.0525065525818009 -0.0260120234815789
0.227394233857874 0.280156369955484 -0.0352190894787394 -0.0249059724397677
0.0926379236141868 0.353159796847799 0.0105525554897676 0.00428906772541598
-0.146574909085315 0.381485335305874 -0.0158759864963232 0.035834423331542
-0.363961898544356 0.238890157114491 -0.0674152033620825 -0.00166748125365643
-0.379588394123744 0.0601852752834338 -0.0833987016803337 -0.082108378329732
-0.332234281668904 -0.060949559176548 0.0303388995640882 0.145394872665138
-0.359659010403606 0.070101469300231 0.0158615455131576 0.0358507556251084
-0.281739289605287 0.187019917544537 -0.0561483141621097 0.0703520431301926
-0.108756452087946 0.294842475543619 -0.00422043099486493 0.0814864650563007
0.0632274497339638 0.31232668414113 0.0338698854189207 0.0941754300872002
0.189380450810328 0.240931393225422 0.0734236874984719 0.0517004885722481
0.235763040956639 0.151657484297403 0.0484657576339406 0.0113340158208517
0.259254632515004 0.120827677222438 0.0443143066186692 -0.00428878580289025
0.251601981880671 0.119256307094323 0.0385941784068914 0.000961765421846476
0.269916461800534 0.168404020433349 0.0308175549234002 0.0102694777260599
0.21652623646264 0.27393077627119 0.0186819943215457 0.0158024689547205
0.082537741356316 0.332024716799649 0.027450643084268 0.021397962470571
-0.124822075704722 0.349376538211109 0.0181487479591632 0.0205085288297331
-0.325816302505097 0.234246302160852 0.0022052347594884 -0.0334827197041616
-0.355522176442575 0.0808570602484684 0.0416944639368944 -0.0946159719910658
-0.290599119123684 -0.0307587458892076 0.170679478866174 0.155516062487402
-0.303288639238581 0.0866366538167984 0.111643921612735 0.0192447318654593
-0.226970983809004 0.173849853483133 -0.0103809073458044 0.0553142891512389
-0.0877373700477708 0.253000035075781 -0.0117609700087718 0.0971105881121069
0.0568709184968168 0.269414108075379 0.0494999843666569 0.158919159979925
0.165039188432856 0.210806653725383 0.131695909030653 0.121934864958641
0.207652103465669 0.135926616858781 0.135666349934319 0.0696103708876782
0.225726269547648 0.110979780362038 0.139060780613483 0.0420235829454285
0.21615017232302 0.110912712335976 0.126175735016271 0.0379487726810177
0.217923291614917 0.152273357129005 0.0986836150311747 0.0423614251672812
0.156578816751655 0.231665390048628 0.0600137007438254 0.0505736301061371
0.0365597569194159 0.256624588823013 0.0343646470869758 0.0356030398660477
-0.102795000687498 0.246568607886131 0.0399990846998894 0.00566937024986042
-0.245409103659205 0.177233159035159 0.0563214571753656 -0.0591274814632387
-0.277118127119133 0.0802450641636884 0.148331602557631 -0.103203317175975
-0.195062021334036 0.00698051749909995 0.288162367025453 0.144251949734332
-0.183924288023754 0.083361770315415 0.188992077850282 -0.00243798657218777
-0.122429152357656 0.117183323596339 0.0375727922539581 0.0301828898783223
-0.0509417522209051 0.153972823222284 -0.0101991514646223 0.0956124638375017
0.037456672206041 0.172975459585351 0.0632353525604238 0.192396395445879
0.110021788546802 0.141831411436255 0.174755507832811 0.166383483987666
0.145103471024227 0.0970390648785968 0.206227703572204 0.112762704301649
0.158519846934414 0.0838713201176131 0.212640556635696 0.0809650712773537
0.150053823465114 0.0877513913257038 0.188201993684032 0.0720748380647177
0.136865512113618 0.116246497411344 0.139155699916408 0.0722255619413187
0.0744505479889685 0.161024341874781 0.077841454978547 0.0794297241964928
-0.014743477789449 0.151455929129425 0.0254661262051055 0.045175457516247
-0.0695730996960684 0.115711926595875 0.0474683596542429 -0.00380740135683379
-0.137254524665548 0.101048192376055 0.0894716119859746 -0.068489378287428
-0.166217700073807 0.0704163391225115 0.222203232393969 -0.102505817882086
-0.0640731371856122 0.0358704241609612 0.35979415708964 0.113194200018033
-0.0365174632714955 0.0495014692514979 0.231782437102389 -0.029845499124195
-0.0109751324274405 0.0272320872075911 0.0733655483220702 -0.00606876148231444
-0.0223736111443071 0.0310675109328984 -0.00847354423932035 0.0770853895709446
0.00357757423330382 0.0543759685681167 0.0713838236966556 0.193288746385046
0.0331582355324847 0.0556993356704792 0.194995840173358 0.181260571680193
0.0566318987081934 0.0472432785588569 0.247293599513168 0.134341196666719
0.0679063211769713 0.044687106979532 0.255365087314488 0.106320083462423
0.0661879845122656 0.0487057811513139 0.219063763988702 0.0999254510534718
0.0478237242111837 0.0612529295025059 0.151509205576895 0.0983771259804067
0.000889004137884324 0.0733691967585107 0.0739669997908649 0.0984162632303462
-0.0422779143030911 0.0407536527479526 0.00670243340080222 0.0473941736916704
-0.016857856724403 -8.19719117580646E-05 0.0462395515587682 -0.0120026404717323
-0.0176715318593595 0.037078204455129 0.108678280242144 -0.0638800553603176
-0.0414046818182401 0.0619779723634874 0.261046258560809 -0.0933302865958649
-0.060335396860474 -0.036624838629929 -0.297307367496187 0.0868104199303653
-0.0818710812108398 0.0023160817321553 -0.135798034881362 0.108374351393859
-0.0453688846697477 0.0563935191540566 -0.0450564291138691 0.0561683489656857
0.0257757142984131 0.0500758678520489 0.0354408228163845 -0.0208849715184031
0.0361483905457537 0.0246472755005846 -0.0352718449747895 -0.112444743681787
0.0364529275446485 0.00525414226507991 -0.135652923562323 -0.121149750246987
0.028238536207743 -0.00411844193767405 -0.215405576124323 -0.106231399949276
0.0331855896703128 0.00195145886178841 -0.264274813140782 -0.102046371299351
0.0367409234902991 0.00497915503209949 -0.268072383478994 -0.109316009535975
0.0576609052458644 0.0209084762041159 -0.214745938113429 -0.135202221365735
0.0618352404718598 0.0538096615325426 -0.120347810141316 -0.147447730572953
0.028261106833498 0.0936558888147003 -0.0266325306306218 -0.0720293150841683
-0.0767810949415744 0.104981999739532 -0.0919719299395508 0.00485023621805114
-0.129216240050682 0.015227473531333 -0.212193937770976 0.0150567204887826
-0.0955623673666565 -0.044717397988834 -0.349026644419005 -0.0706145109443167
-0.166915983633009 -0.0467950123291362 -0.273212552949061 0.0927452641287683
-0.177591452892579 0.0242262578161166 -0.144851686992219 0.0902045419242586
-0.119617154071115 0.101010416754373 -0.0662516417206276 0.0754859511083125
-0.00589702475890007 0.130788061807727 0.0402435191252483 0.00230695034689357
0.0599942251741425 0.117090878271623 -0.0100966064429679 -0.0914980190147559
0.103737705978426 0.0780070195153126 -0.100015709577044 -0.11631776606943
0.11513341292824 0.0439338605110326 -0.183971114790793 -0.10591989082565
0.133924975971182 0.0419561208661014 -0.227576245129353 -0.0980393526476762
0.134771795762115 0.0500952100157698 -0.230920202977005 -0.090691715844007
0.155271906779998 0.0872058842007596 -0.188921376773055 -0.100847474286903
0.131770306241174 0.15862829021825 -0.112736196220661 -0.110793286082688
0.0484897739802216 0.214466605339865 -0.0215245573381549 -0.0434195970791346
-0.127795010756495 0.232115081109131 -0.0809855967357147 0.0308558843442494
-0.257060814150511 0.108175172536147 -0.188460923126359 0.0280876014038796
-0.238179665297586 -0.0105341241727174 -0.298493948616691 -0.0621805736840201
-0.258560704795363 -0.0584100939199745 -0.20765469350174 0.104652337886648
-0.26734844954472 0.0409470164142473 -0.126600075499595 0.069822338725553
-0.198052346070709 0.139289455109301 -0.0824462546959593 0.0849854511618346
-0.0492870315748044 0.208571755392931 0.0305922867071092 0.0285276154862317
0.0720058898995348 0.210040455040992 0.00910110396082732 -0.0478862294797511
0.157016399142055 0.152834953950653 -0.049845211717156 -0.085409442177457
0.186667829336027 0.0916861967391922 -0.125019377185318 -0.0851733372549824
0.213258894583623 0.0767390417036331 -0.156198770796604 -0.0796553789911795
0.21155922826252 0.0827163673451147 -0.158585267631849 -0.0643684066091596
0.23677912405551 0.131189597411414 -0.132099892292315 -0.061144576096225
0.200875887590544 0.232469940241546 -0.0844000974383968 -0.0658849903803511
0.0835455686168563 0.306068714476929 -0.00816638308411968 -0.0181929744874148
-0.140058225966525 0.338525638047999 -0.0517458893203822 0.0404538716444678
-0.332246328537622 0.200702868365435 -0.136245899906381 0.0234783737269956
-0.336340364618955 0.0355377842144736 -0.204902363277973 -0.0649116854076242
-0.319182485934246 -0.0599148971441847 -0.0998392336837569 0.123775666035153
-0.336344610816787 0.0629438728236955 -0.0705007761796504 0.0510816809371325
-0.259257017388778 0.177319910881467 -0.0784653879576341 0.0838801727226741
-0.0848341763547608 0.274084592230704 0.0128191721798248 0.0557738660977856
0.0781197727169865 0.283195115143226 0.0250895469397288 0.0174925922344554
0.192528659842849 0.209568881559082 0.0109644518350141 -0.026893941100326
0.231825695306623 0.12811118279474 -0.0436387410191458 -0.0445758414215074
0.258869119664529 0.101221241273903 -0.0612451539602732 -0.0466631200291986
0.25475301079404 0.102276745124614 -0.062944657382201 -0.0334611672096132
0.281918910735852 0.153020922515531 -0.0525874508010981 -0.0241465752404635
0.241457228317853 0.26619337141515 -0.0356582321480411 -0.0221837088424692
0.108826485465824 0.347252493817099 0.0112788173152436 0.00262530630725401
-0.126112080459267 0.386828382718349 -0.0152787075850517 0.0337173214629521
-0.34987125044493 0.254180811954354 -0.0660857799078994 -0.00103208632507006
-0.375344227703004 0.0737640692479537 -0.0858667235713386 -0.0777391405453517
-0.333374785359798 -0.0457295556699357 0.0362223168217619 0.140455026721162
-0.352733471714308 0.087233317172212 0.0172873143426478 0.0328749159603844
-0.272568189298155 0.200022600364242 -0.0503887978788888 0.0737931272677785
-0.0952220283730491 0.298686160815142 -0.00158984806809486 0.0805318134931656
0.0782510487296446 0.306603840278017 0.0405425067948865 0.0932239917575747
0.200729309935838 0.229051184990062 0.0766823154136633 0.0462263297136395
0.242425176480927 0.1402430793765 0.0485586227702844 0.0101497265398896
0.263986154967402 0.108114412608723 0.0427833964771006 -0.00626929614688806
0.257230089302315 0.108425083203903 0.0378724253086594 -0.00162057484079249
0.277056259103365 0.15434575362682 0.0320421670976111 0.00748437592043969
0.229940014324212 0.260774623778538 0.0196621343193329 0.015873226727641
0.0980984963062605 0.326609329177514 0.0293981073923289 0.019427014174646
-0.107466516391626 0.352292747422518 0.0179651935156958 0.016752074395326
-0.3123512286349 0.248777250013248 0.000989640138322036 -0.0357960659559238
-0.349868413878406 0.092333536671978 0.0374451510777528 -0.0946636200747493
-0.290511089566637 -0.0177409261547252 0.176273601623149 0.145403609512594
-0.296319595075228 0.100065132423935 0.111586989450779 0.0133162647864892
-0.218856634051776 0.183854882132533 -0.00587063520600567 0.0558514327421714
-0.0760696256111394 0.256046728715127 -0.00807652071247358 0.0963817815283395
0.0697662203485599 0.264335716136675 0.0592443875195661 0.156238561951138
0.174886874658326 0.200775827897616 0.137603988625696 0.112571828238855
0.213805534940178 0.126125045451849 0.137536350276786 0.0635589398855356
0.230465300753215 0.0994253432594722 0.140023728397202 0.0353269876679506
0.220574024704837 0.101547619841341 0.126578500743309 0.0314948982117161
0.224429093487736 0.140491278384423 0.100183594897229 0.036388542141635
0.168152857786705 0.221629576110917 0.0626137402201972 0.0489518525620635
0.0487647647262537 0.25424072154752 0.0366228433495569 0.0334765847981254
-0.0899164979173264 0.249114244233296 0.0392450200887578 0.00104260390660129
-0.234585832994579 0.187516998157243 0.0525963111875223 -0.0627361411248844
-0.271865294929803 0.0894748393805828 0.142255525041462 -0.106683153620396
-0.194335188970897 0.0155902689918382 0.291437067357287 0.130139966019568
-0.177528950478936 0.0911041056635061 0.187029582093409 -0.01040512175796
-0.11736338095105 0.121865356392305 0.0406477155273431 0.0291243254690664
-0.0442074929032831 0.156297453072173 -0.0065168269777336 0.0955466238213288
0.0457767677109114 0.169584745936882 0.0743794489978724 0.188958849390843
0.117315662453395 0.134655731705238 0.1816759176459 0.155790303595691
0.15034336555722 0.0901525979584232 0.209588899660591 0.103837296328121
0.161757423784023 0.0754787389260962 0.216120753834718 0.070084888525661
0.153624214333911 0.0801613975050663 0.1901675603451 0.0626415401356757
0.141903006943498 0.107834817533467 0.140505820258619 0.064384483442725
0.0818890570855706 0.156316315393809 0.0811159428596224 0.0753343171690339
-0.00738610814040316 0.151866030722919 0.0281610907532251 0.044042758749813
-0.0640817936312134 0.117094353346925 0.0463047288588798 -0.0087705561295434
-0.130229283812948 0.106091084262863 0.0847186891086171 -0.0729379850214808
-0.161229408412651 0.0749057823324571 0.215221383656738 -0.109086604303142
-0.0621563171065323 0.0384565474109505 0.36217013128545 0.0981632361685523
-0.0337274724844257 0.0507261226954204 0.228310246886262 -0.0379669195116709
-0.0108549010860403 0.0272629200118209 0.0730568881155856 -0.00915881093123508
-0.0211176142638093 0.0326850611534047 -0.00522445823261148 0.0772997632189024
0.00622581204729177 0.0538804194416552 0.081380066627077 0.188871096915639
0.0362570498646642 0.0538961552311928 0.202593542302027 0.169029431073412
0.0594074082887578 0.0444512181688737 0.252232139253226 0.12279682251406
0.0695126646992911 0.0407683881458535 0.259676193131553 0.0938028987631475
0.068180036309287 0.0449133871272551 0.222661338067101 0.0884933803175
0.0501766534468547 0.0579717743006342 0.154241729597256 0.0899869867916612
0.00444423218591537 0.0728185386814111 0.0778558800190627 0.0941735409224379
-0.0397275631569715 0.0436334759294508 0.00928484839702899 0.0470725993374553
-0.0171154669152913 0.00101877778230408 0.0453662774535397 -0.0161650281951831
-0.0156579717074215 0.0372404543417513 0.103322638414462 -0.0684044019964647
-0.0375736560716465 0.0621820602478258 0.253132361422114 -0.101371339079609
-0.0602960501732684 -0.0325876821545422 -0.283092562727636 0.0943924349796909
-0.0783698575667937 0.00657214311590476 -0.125828663654697 0.109142584154075
-0.0403623034882329 0.0570183581492977 -0.0400339238872156 0.0571970443695648
0.0266327230591745 0.046122468806134 0.0334949629100095 -0.0229491417635996
0.0362361822517759 0.0218682609224248 -0.0389824756033215 -0.106587986192236
0.0347655177866932 0.0030807234151325 -0.135439589866505 -0.110193892105027
0.0265401170108736 -0.00506060753035256 -0.212083025857241 -0.0928991151177884
0.0323774804127643 0.000816136021825962 -0.260896059483994 -0.0859318634183525
0.0359675350173366 0.00357848450307826 -0.264180093294292 -0.0921315262969003
0.0569169769199358 0.0173921712068416 -0.213559074336188 -0.120565761699886
0.062601470552746 0.048357986787609 -0.123896420976904 -0.136691298985059
0.0317611630651735 0.088697694033971 -0.029124875603793 -0.0702979919330328
-0.0679348337975114 0.105140287833312 -0.0899591023671479 0.00904865490735705
-0.124096561421561 0.0211329623496689 -0.203020011309509 0.0230400637858601
-0.0949988631708557 -0.039235707792036 -0.338877111377117 -0.0544655256740471
-0.163970465236934 -0.0379790139034985 -0.259621354992981 0.0987396513385624
-0.16891430548499 0.0317016169541459 -0.135587500235373 0.0909079732313408
-0.110093990591355 0.104062576354931 -0.0594257909152109 0.0764421841177506
0.000323367022369353 0.125617274349978 0.038771888036893 -0.000888923186308997
0.0643010759777722 0.109462253908313 -0.0130193425552036 -0.087811530566901
0.103597252049802 0.069464903391245 -0.100602725601546 -0.10776153296256
0.113305391574137 0.037352566560572 -0.182407163491366 -0.0942466001158914
0.13181906906363 0.0347926742370857 -0.225952058984563 -0.0846334631684951
0.132820879674567 0.0436832059752157 -0.227291370640776 -0.0770110695762391
0.154602054114182 0.0774775226282195 -0.186663407534673 -0.0883714101035679
0.136236924512002 0.146309821799112 -0.115050023333826 -0.100759317032736
0.056241961948704 0.204928372067238 -0.0225819363825796 -0.0423448037615113
-0.112487794177923 0.230601296180308 -0.077725926412764 0.0321949904990384
-0.242921252228095 0.117122299722022 -0.180561516161444 0.0333432963385187
-0.231173707640851 -0.000586694500451734 -0.289639019976813 -0.049085529080505
-0.253117404442362 -0.0445093245480168 -0.196125693787851 0.107422844402704
-0.25475544054882 0.0520116657087059 -0.119371590345088 0.0704657119826034
-0.184356408251891 0.144829845555427 -0.0737144985444772 0.0866918512258192
-0.0387492315756274 0.203730547563553 0.0297554611061985 0.0254165419646384
0.0803975565466749 0.198531472084649 0.00832189674780239 -0.0464531845294406
0.159213658720515 0.139166772723725 -0.0505648856094802 -0.0803905672000943
0.185122715002731 0.0803816285454207 -0.124733116709519 -0.0763757063371748
0.210369372491269 0.0650999889393741 -0.155931905843428 -0.0694401788834774
0.20979958295072 0.0722265608458059 -0.156798532000779 -0.0545378270307741
0.23550155066718 0.116175532767174 -0.1296795109275 -0.053407153345012
0.207050418105919 0.214227411739318 -0.0847120581286612 -0.0588542098774275
0.0956292139594725 0.292372402555068 -0.00815959322642367 -0.0184780048221274
-0.119282330182664 0.333491614689562 -0.0493600069880346 0.0404723178560441
-0.31185465956907 0.209877194005158 -0.129279081371147 0.0259535896815423
-0.326160095978224 0.0472230228367222 -0.199754710988162 -0.0540857400953377
-0.311741293942239 -0.0431579355033663 -0.0914877254526108 0.120772096438466
-0.320608797573275 0.0768391234878331 -0.0655821348271538 0.0499271034466084
-0.241971483138969 0.184951519414563 -0.0699147118318712 0.0856727235566239
-0.0700905152496922 0.269456146778599 0.0138968808347271 0.0519848273455423
0.0897907093762347 0.268740013823051 0.026831942299954 0.016075101884016
0.197232633164495 0.192070007658438 0.0101360502959499 -0.0284082194498428
0.231718757687425 0.112929656130753 -0.0443604619827778 -0.0402246529158343
0.255795041932696 0.0850602490865165 -0.0625034604205277 -0.042043501532762
0.252724860106311 0.0883492152665408 -0.0632348634252921 -0.029857227741479
0.280719834206705 0.13473902613774 -0.0515374090377553 -0.0215229319878854
0.247827743069067 0.245015327555424 -0.0349061710437731 -0.0182342685476453
0.122346349645402 0.330509658386866 0.0113813038900037 0.00121322985401942
-0.104403457699897 0.379100685800755 -0.0150027431505787 0.0309783084824645
-0.325725872199084 0.261727809770647 -0.0636988446574372 -0.000565566479165937
-0.361186282624381 0.085182817080009 -0.085675990679099 -0.0716470913998346
-0.325273563391248 -0.0288834673377412 0.0402874875443206 0.131619883914519
-0.335881046967334 0.100123760306729 0.0183539380940729 0.0288036719178008
-0.2550146414669 0.207857239887497 -0.0430361740241657 0.074270570942993
-0.0781236474408451 0.293817398673367 0.00069577003468624 0.0771219312641614
0.0912520528804888 0.292468188515102 0.0466581084630682 0.087885209747372
0.206287234268947 0.210427235062412 0.0774969212459974 0.0386604806808542
0.242320739158832 0.124585487087709 0.047342829668542 0.00789625107120387
0.26135811970836 0.0929194968168412 0.0408439872784526 -0.00743987142107689
0.255717099753516 0.094282498826993 0.0359868439128754 -0.00381145677979896
0.275690877929214 0.136583963407871 0.0314907935127855 0.0052857615949422
0.236568843751434 0.241053596030465 0.0203870644390116 0.0160331309555495
0.110919551929756 0.311455877651967 0.0300769472934047 0.0168380723294923
-0.0873226403535921 0.345341745658562 0.0165602697138577 0.012531060232843
-0.289582173726241 0.255083650018605 -0.000867445139511477 -0.0372114824194075
-0.335222334874089 0.102090010420153 0.0327045735073841 -0.0923943987406346
-0.282313511057364 -0.00386411135454038 0.17601664571775 0.131083130756111
-0.280200309296897 0.110060438742734 0.108935094536363 0.00673841979227798
-0.203920649889841 0.189091286183855 -0.00150337867777988 0.0547962516428086
-0.0624842497839967 0.25262012883858 -0.00500786100744941 0.0935098515870287
0.0806463997386282 0.252533447075519 0.0671136535964462 0.148489401224776
0.179262068004934 0.185165552100147 0.139167722120143 0.100776073329632
0.214010840627011 0.111264239299292 0.136585200557995 0.0563390304137242
0.227793828332962 0.0860232932362508 0.136899374909957 0.028337380552039
0.219345500960259 0.0879618120282745 0.123995704204515 0.0240918551803586
0.223965585653243 0.124343266734306 0.0984899470167498 0.0299887613332205
0.174239152554493 0.205741802552301 0.0637365241638408 0.0446977823006349
0.0594109329934805 0.243693533949465 0.0377391055331499 0.0304833517203558
-0.0758841953471393 0.244438481324926 0.0367905587569943 -0.00390511484327504
-0.216695245780579 0.191840726009158 0.0473823536101906 -0.0646650036188415
-0.259243014825316 0.0957958025307106 0.132913956656014 -0.10759534357331
-0.187596585249644 0.0230305583973931 0.28772750769559 0.113547155521733
-0.167074845922104 0.0954327783725358 0.180157918262875 -0.0179422728827709
-0.108559412912776 0.123669741046785 0.0412504136869797 0.026375980269866
-0.0359397940373189 0.15386263142732 -0.0032594486506469 0.0932705834961546
0.0527252721089862 0.161884683364759 0.0822174068725352 0.179233166137896
0.120354484227359 0.124469633394189 0.183680859964371 0.140500755013871
0.150105811258106 0.0799088114074875 0.207760351813735 0.091316131150255
0.160506175364446 0.0653412809825243 0.212593356440981 0.0583165893247516
0.152856305833441 0.0702059501209364 0.186787348660744 0.0515500055458615
0.142419716342257 0.0971141056129805 0.138201928996588 0.0553397586184671
0.087792045371257 0.146945340754702 0.0825004541255182 0.0693568470349298
0.000451422232027838 0.147616849219491 0.0294970809415413 0.0416933150457123
-0.0568065922362637 0.115753194553746 0.0434096287527737 -0.0133265166596564
-0.120224285931972 0.108173309772376 0.0778999046962184 -0.0742492366108638
-0.15267085017187 0.0771240485829105 0.202457527927279 -0.112551605516881
-0.0581020099723203 0.0392923338364365 0.354350815151778 0.0804180150573771
-0.0299126756945415 0.049965541623039 0.219038636239593 -0.0447592665042943
-0.00973470852447844 0.0266464972843477 0.0709889964641151 -0.0113779656152558
-0.0189436824628192 0.0331535010693916 -0.00138700060705734 0.0765033757224382
0.00822706939807894 0.0522515011532537 0.0894686971093124 0.178838409573174
0.0381866755086846 0.0502354418380656 0.203920143383588 0.152955405549551
0.0606213426223273 0.0403629037699883 0.249966261825048 0.107783087309123
0.0690835466688038 0.0358277253878336 0.25584341477275 0.0785869015552441
0.0681761179148677 0.0398555693290456 0.219680065338716 0.0761536691703331
0.0509005908865969 0.05306636443065 0.15227677026516 0.0799026190958791
0.00799100097445467 0.0707616977691932 0.0793615713734819 0.0869568621190216
-0.0364722777618877 0.044909355535318 0.0111988632358375 0.0456682921518463
-0.017490723686925 0.00101956092397623 0.0421058073169668 -0.0196129029561156
-0.0126344026913888 0.0366844757146899 0.0957815138632763 -0.0701567566827816
-0.0332790000032922 0.0604855717523914 0.239801831714517 -0.105829169686329
-0.0638863838994327 -0.0226629317251565 -0.251479177838859 0.120983895188076
-0.0730187300464998 0.0147727556057568 -0.103976568439787 0.115158099158251
-0.0310925976347835 0.0587523953112079 -0.0278918924655499 0.0566194370847715
0.029307110753812 0.0400300909834315 0.0285092073182954 -0.0286391779209352
0.036665095095338 0.015799836656232 -0.0509107190095495 -0.0974230538494163
0.0319291813264269 -0.000528599490899112 -0.140744739504321 -0.0898662987124542
0.0222423869062183 -0.00633858864829769 -0.212682022494333 -0.0665445456737153
0.0310771306271877 -0.0023157129426818 -0.255763693908966 -0.0508417867782498
0.0347906668686901 0.0013837350561202 -0.257935610978037 -0.0579566539528044
0.0556628208669568 0.0109648501009407 -0.213767358969688 -0.0889857244624516
0.0642635203043796 0.0389535326551185 -0.13085486918095 -0.117380078663906
0.0386872744879722 0.0787557722552706 -0.0341578332557514 -0.0641886753928962
-0.0494322311836749 0.107483948972967 -0.0836178836579468 0.0225171641739785
-0.110088277060528 0.0360270021029479 -0.191369955238001 0.048147301739824
-0.0936089336904734 -0.0201699434862589 -0.329474107693667 -0.0178198587247554
-0.16452067672435 -0.0147247598737179 -0.220164553456887 0.120369841485258
-0.155205848009805 0.0481590658921165 -0.112172574397042 0.09812827152217
-0.0913354709541475 0.110826289626634 -0.040147280258489 0.075518792754066
0.0123133854998459 0.117236376465512 0.0383387954302333 -0.0103753379663097
0.0722802597027036 0.0946960627193596 -0.0226651275128863 -0.0865732656686737
0.104267116128249 0.0538002921454585 -0.107220031796057 -0.0962733848277746
0.108024356881567 0.0232214562429389 -0.183172230053914 -0.0730560476638706
0.128590961748532 0.0183908045977774 -0.222043363793188 -0.053090304723713
0.131409812921186 0.0271751886759735 -0.220857759214863 -0.0478748667245479
0.153701851240053 0.0556094449887343 -0.182279292692011 -0.0630096586588402
0.145487460838982 0.120874698255228 -0.115017312623198 -0.0844205229438186
0.0746983430139617 0.184885414179308 -0.0209226810961398 -0.0382280987027945
-0.0754551809059823 0.229700265445588 -0.067324102002495 0.0464898037672787
-0.20891015679288 0.137291587189913 -0.172088314367075 0.0617917768150361
-0.215022049287386 0.0298480379949877 -0.287323682670744 -0.0155283712349875
-0.251392528990182 -0.0100911064221069 -0.152012921333812 0.120707192254023
-0.233805039268144 0.07601671663191 -0.097084261575519 0.0757820955941715
-0.15735795756771 0.15764881423842 -0.0492164035138652 0.0861923568151539
-0.0163278935249508 0.194744270506165 0.0357582102122444 0.0135910865967313
0.0968746139351918 0.17653508450748 0.00419911164946488 -0.0535597318766615
0.164178813205154 0.112484684416165 -0.0562975305810878 -0.0797153364303937
0.181178785671723 0.0559305896403945 -0.123978481510608 -0.0649644915366994
0.205478462680693 0.0374129049242919 -0.154687189070498 -0.0470568151396767
0.207211339228357 0.0448761934359799 -0.150493728336475 -0.036134929659048
0.23315709168752 0.0825301874517548 -0.122502034675164 -0.0377874761059831
0.219344362575071 0.176246856385985 -0.0796513945927433 -0.049047843954143
0.120317563703475 0.262227501982946 -0.0020945098866972 -0.0163550143682256
-0.0688031705212275 0.326106546357216 -0.0372408891441527 0.0529183229735504
-0.262055314276863 0.229163453575098 -0.125761400666026 0.0539110926839185
-0.296262287277919 0.0832496613442951 -0.205545690901531 -0.0297919990978975
-0.308485369455086 -0.00230042810346946 -0.0471208088649059 0.120865542511542
-0.293900333546389 0.105796230881857 -0.0469722612731533 0.0493788629206004
-0.20722242014609 0.202742255084317 -0.0423319197089605 0.0827992957219588
-0.0392155129281052 0.259967968870313 0.0264440799962571 0.0398189530740366
0.113211863521878 0.242796081980388 0.0318116727011266 -0.000245089672329357
0.205560472483194 0.159046019555586 0.00838815096761554 -0.0395685743938313
0.229071688319325 0.0818050814122432 -0.0422805134061092 -0.0400906153355204
0.251251049245999 0.0524715534351178 -0.0626569840342051 -0.0323630149288921
0.249225416709469 0.0554044315333022 -0.0592889332448171 -0.0231416827594501
0.276816730584795 0.093798189036659 -0.0443189069126935 -0.0173834244274689
0.261403258783401 0.200017274788001 -0.0273778947953508 -0.0174512613321915
0.150010740850391 0.29552610972173 0.021263092271805 4.28899085330733E-05
-0.0502274555058602 0.367298850741654 -0.00392999360562574 0.0402207290446158
-0.26993849425777 0.279161154092084 -0.066934377348943 0.0232892074571737
-0.324475012671278 0.121142442705508 -0.100427957867902 -0.0572782192763307
-0.319370522912627 0.0122345907849227 0.0799371828142763 0.115838760121196
-0.305082753298793 0.1286368841078 0.030510453212481 0.0196064743551453
-0.217261903199072 0.224222972094843 -0.0178348186022997 0.0676524751590156
-0.0456070018994773 0.284926374090622 0.0174488500408371 0.0653226692052365
0.116354441217448 0.265533125051306 0.0598374236964718 0.0650093918010354
0.216332972664327 0.175456667145164 0.0797058828900377 0.0154227950537551
0.240984360139316 0.0909461964642526 0.0512660153661632 -0.00436738297615402
0.256948804476143 0.0583113487824026 0.0382437352138951 -0.011888944207048
0.252347672879271 0.0595358467339542 0.037841924033043 -0.00920293536536671
0.272875046461934 0.095551493089866 0.0369681934584722 -0.0020052847936075
0.250172753524368 0.197170132044561 0.0295938655310222 0.00925873297279523
0.137696673204995 0.278535763685147 0.0401021474608903 0.0134439430603947
-0.0381434884505649 0.332389100938904 0.022743213620688 0.0176134671611483
-0.237148203449938 0.266790162057318 -0.0110103053215747 -0.0192343741827833
-0.298985925014029 0.132106931114435 0.0104419088294762 -0.0890127826189859
-0.272876063775212 0.0307737895626851 0.204341920239868 0.0997019563402257
-0.252936711753232 0.131673983278278 0.112260143264668 -0.0114382688754922
-0.172229320803158 0.200830252757082 0.0173393673429937 0.0446116264625677
-0.0343545146235813 0.243155379850599 0.0133419916412089 0.0828454243183843
0.102262878127674 0.22870347983788 0.086587277769259 0.121826897664859
0.188908013821931 0.154748831014323 0.14461638802746 0.0691276486176085
0.214443107234158 0.0817990056493452 0.141886814101048 0.0324869062461214
0.224448989572834 0.0551310879275305 0.133695825352316 0.0101352026535578
0.217486161583764 0.0572337561802396 0.123089980919458 0.0075715956531112
0.221851177466772 0.0895584955157497 0.10190875658676 0.0145272432616364
0.186401990804803 0.170798624996405 0.0720358735179977 0.0327120257626684
0.0822270919704303 0.220405752199153 0.0468354028797611 0.0262519055524943
-0.0410247596694159 0.23682816262965 0.0377340964978682 -0.00256434705493697
-0.178440368875909 0.200005674334499 0.0325406907932588 -0.0544206854219663
-0.229613242025451 0.115623398617648 0.106310637468588 -0.113678790620654
-0.176406170168516 0.0447284269442552 0.2999720579212 0.0705031362982648
-0.146648333062334 0.105991869137671 0.173966570449197 -0.0411544091853223
-0.0895626430758483 0.128719380249375 0.049102525424629 0.015000016463386
-0.0191310108078977 0.148351326102891 0.0128892613093909 0.0849424670712946
0.0657174657751503 0.14742124169629 0.104469835689739 0.152335969838808
0.126792354449356 0.104213807399665 0.190710572008282 0.105637503561286
0.151258188560272 0.0592887701950546 0.213347871335066 0.0611137972109252
0.158658381211862 0.0438752783379088 0.208205738989259 0.0300426549675368
0.152209221984529 0.0471490770864363 0.184824324226562 0.0270480245071811
0.142371406034996 0.0736165735071434 0.140527435928405 0.034850709957161
0.0992239381868347 0.125862633299595 0.089961622337883 0.05571681350117
0.0166105288488064 0.137385970436101 0.0371915980138205 0.0385812586850755
-0.0398574418356981 0.114377114452712 0.0404224225526904 -0.0156077034057587
-0.09936222430442 0.111657687682038 0.0614018146939642 -0.0718692555201316
-0.133087989174015 0.0852607372005193 0.175364169552104 -0.125209258531958
-0.0489810645189398 0.0439084405539294 0.349393314418125 0.034191654957229
-0.0219117039555269 0.0488974151889202 0.203819432553969 -0.0682672641440403
-0.00692264230643182 0.0261068868686339 0.0671145068754875 -0.0203665669615378
-0.0148334372019966 0.0334685062911656 0.00968277320691395 0.0722263688648937
0.012951700613652 0.0489746337774304 0.108607205573201 0.156204895982902
0.0420288260874757 0.0429416135151374 0.211156993320833 0.119597076981881
0.0631665742293561 0.0310228690524426 0.253649231205474 0.0739835542761188
0.0696996374886284 0.0259427375359138 0.251080626026032 0.0440007194023932
0.0680036937557608 0.0283627348877939 0.217181407393668 0.0468518532542304
0.0522712706818977 0.0428771339186167 0.153460139629025 0.0573441715133269
0.0157382360790081 0.0649969905764512 0.0864825627911395 0.0734945220948778
-0.0282941792488796 0.0458491944149524 0.0169417959063968 0.044043633757835
-0.0170303457181206 0.00285334337542088 0.036407832604102 -0.0240502689328346
-0.00894891890894146 0.0335905846363867 0.0818684819547072 -0.0750506910278463
-0.0242010100458322 0.0555378966646871 0.213851642948946 -0.12346458074355
-0.0604286201188666 -0.0224540852378509 -0.242432468571575 0.108945644810684
-0.0692752431975817 0.0133861456682997 -0.100930265978717 0.106273293724751
-0.0300642316523915 0.0555720456249962 -0.0272436941710811 0.0537680971098694
0.0270585430371672 0.0379628902253196 0.0273930769349906 -0.0277317040083745
0.0343784371106701 0.01503552447602 -0.0474051561187249 -0.0920655453686687
0.0300042496990044 -0.0005153643546539 -0.131786894714569 -0.0882660032194796
0.0208803216457906 -0.00563167035937092 -0.201370547488426 -0.0667118130293787
0.0298245181307925 -0.00149179680471196 -0.243921830124419 -0.0516198163407969
0.0335503667691415 0.00261339464952699 -0.245489763140445 -0.0590339544875257
0.053265036787985 0.0118153214233174 -0.202227914956157 -0.0876000058863258
0.0613149626759395 0.0366317519363817 -0.123487585777031 -0.112791952263794
0.0354092926764546 0.0750433514031016 -0.0325150213875112 -0.0632615903192831
-0.0483576799597853 0.101890666861662 -0.0805510646506364 0.0206544241458829
-0.106081540949051 0.0326424895546835 -0.182618341611453 0.0416784981533514
-0.0893244387432493 -0.021003537280876 -0.313136196728032 -0.024368718104896
-0.156557707732721 -0.0163877349530993 -0.213477287184317 0.108723749191319
-0.147569413964338 0.0435589292221927 -0.109159322178452 0.0897155349274157
-0.0873616456195775 0.104544347451708 -0.0386128203060907 0.0723792204428879
0.0101252685503295 0.111701083775223 0.0358645732681351 -0.00953629032524145
0.0677588320393309 0.0901179706476652 -0.020101273772807 -0.0820942199464618
0.0980306385770661 0.0520197185173285 -0.0997578477167444 -0.0935307390201221
0.103155033967784 0.0245475376724532 -0.173938623958835 -0.0724487642766058
0.122574737991841 0.019481091286044 -0.211948083545458 -0.0530362812497887
0.125621527472861 0.0284504212286981 -0.210744147209951 -0.04904280343086
0.146431498125038 0.055251717725688 -0.173133198929541 -0.0626951530785194
0.137619630102741 0.115877747239595 -0.108777508546878 -0.0811685175417991
0.0687839939547817 0.177165960584659 -0.0202915182996616 -0.0376926145370182
-0.0746327033394959 0.21766364597998 -0.0662060117751593 0.042855280268263
-0.201541380133282 0.127820803507547 -0.164897660666352 0.0540563991125935
-0.206715835471844 0.0242350288570396 -0.27298746110768 -0.021492768709141
-0.239623101367883 -0.0138665223476651 -0.149051710406948 0.11040830060615
-0.223152041149021 0.0685850936076978 -0.0947650446133206 0.0683929428946497
-0.150785212541587 0.148780610439327 -0.0471039878716049 0.081411578954864
-0.0172623207679102 0.185259337501794 0.0324737877077991 0.0130586361687221
0.0908486019087512 0.168888772717824 0.00596111783639364 -0.0509147516111951
0.155253343616571 0.108699982928072 -0.0524078348506131 -0.0777267528545917
0.172806530190916 0.0561148065877865 -0.118119645000937 -0.0624667815708532
0.196829026167005 0.0387631167005913 -0.148080137309164 -0.0466245780991718
0.198083580401504 0.0463166938811881 -0.144155527721654 -0.0365649815861012
0.222445715517701 0.0816758291110891 -0.116692641787755 -0.0382818288986526
0.208198331319301 0.16965985182401 -0.0749637484077734 -0.0473900488001671
0.112169072889057 0.251260449483464 -0.00193740050657449 -0.0164791863518386
-0.0701930493352131 0.310084696140529 -0.038021521297294 0.0487054473914992
-0.253696265358516 0.215418404210267 -0.121205309105229 0.0472093905671056
-0.285303526458179 0.0734072283248867 -0.195654551009161 -0.0326017252635616
-0.294368667481242 -0.00703873546149644 -0.0492337873779134 0.112539778562576
-0.279840761655739 0.0961908209287547 -0.047013453307084 0.0439009771169916
-0.199632087941817 0.190776163612534 -0.0400556193436284 0.0782774749482843
-0.0407462762498196 0.248056491001681 0.0233595261180915 0.0383594723148523
0.10549226053878 0.232230965041793 0.0315746300413135 0.000303870153036233
0.194489994750656 0.152909862097109 0.00844048173135863 -0.0393992585134638
0.21864351824682 0.0809854597731235 -0.0404664476772091 -0.0383941977972263
0.240143664860795 0.05286843342021 -0.0603419993235643 -0.0306938347771368
0.23949690131941 0.0564432211261496 -0.0567022126066289 -0.0229972056826137
0.264753701704195 0.0931778001027934 -0.0418296253417363 -0.0179343903423861
0.248748051683322 0.192972924514855 -0.024312635201329 -0.015680080052672
0.140643061574528 0.284029862277576 0.0204060371525748 -0.000405152631889557
-0.0528880383405114 0.349143773076195 -0.00648854314087964 0.0367347476774927
-0.261098440812772 0.262167159975185 -0.0650462753368701 0.0189029842874813
-0.31333212226126 0.109096402364637 -0.0944505519975533 -0.0563907870088823
-0.304534790360333 0.00606498575306989 0.0725422281735984 0.110083938492035
-0.291507399646332 0.117504802368396 0.0275522832065136 0.016543421148696
-0.210493446351385 0.211472746751665 -0.0158855695962146 0.0641581974483722
-0.0472580553376068 0.271671091247951 0.0145556856929386 0.0626339884522177
0.10860605167015 0.253862084610432 0.0579870819709364 0.0623620267582389
0.204595514338505 0.169274968487072 0.0753489541279232 0.013879551058757
0.230583886600826 0.0899393928016634 0.0485811642100946 -0.00284022204959328
0.245991636021723 0.058845794550421 0.0372772967115115 -0.0101309927636588
0.242291412719987 0.0604667575999081 0.0354592095720826 -0.00788606529727585
0.259905126700969 0.0945649457012746 0.0349418729614149 -0.00189111355561315
0.237706336219507 0.189717336694858 0.0295441022170327 0.00984831907569822
0.129000542554812 0.267894521615109 0.0381926173560039 0.0126478093723344
-0.0412314039192203 0.315940067215712 0.0193223932004638 0.0158219666776123
-0.22802069057498 0.251435155291223 -0.0111526503756339 -0.020432929912377
-0.289308306415797 0.119074494481063 0.0113110001511199 -0.0840079833725074
-0.261185326075504 0.0247724528583888 0.192648940656239 0.0979953280193256
-0.242176587786358 0.121392191959126 0.106775103483097 -0.010895005170494
-0.167107341031568 0.190132348267873 0.0174107477222976 0.0425284437882572
-0.0362356739592639 0.233201495495772 0.0108120528064025 0.0794589335007753
0.0947691363253277 0.219812503151826 0.0828153591320955 0.116636170916473
0.178582925402928 0.148925980427039 0.136952209119878 0.066338523645369
0.204448404602892 0.0807059508472374 0.135006408968376 0.0338778366578521
0.214889078322092 0.0556903532456964 0.127906172555456 0.0123819440597422
0.20799752089228 0.0580533726374741 0.117509238815786 0.00934888670839765
0.211407688502296 0.088213200418539 0.0965209251548573 0.0151070730416302
0.177613356336463 0.164623811767632 0.0696586231108183 0.0325622387193387
0.0771257057664294 0.211306896599653 0.0447720048913134 0.0259257969396501
-0.042936932301057 0.225041705913756 0.0339131553681318 -0.00302709567878898
-0.172725733666351 0.18792636980684 0.030440730995234 -0.0519238967263241
-0.222201537086147 0.104188826088306 0.104224243544763 -0.105659691559538
-0.168919198571411 0.0394530722160201 0.28532204818207 0.0724284597376023
-0.140967355733742 0.0982790950946644 0.16691214180656 -0.0372205057027607
-0.0874984332324172 0.121962256992461 0.0479760691146361 0.0149587344429435
-0.0206526743052239 0.141909819075346 0.0106066295327469 0.0821224663232152
0.0611999895351803 0.141771869503433 0.0985520746120419 0.146461960685168
0.120049910152461 0.100627706686243 0.180548113204683 0.102296788532519
0.144417777741407 0.0581298286687019 0.2033809743539 0.0611366567046146
0.151570671761695 0.044048308384376 0.199410990417928 0.0317325724946345
0.144615233755227 0.0475665761589477 0.175904807028539 0.0288451893809417
0.134591614780163 0.0712575329073362 0.13306100734637 0.0354500842838529
0.0930150981280223 0.121349005523677 0.0855507059018869 0.0539796562994702
0.0149262806169807 0.131310298554134 0.0358786216272069 0.0371482618071261
-0.0400208021345448 0.108097460785282 0.0368993571292933 -0.0155140409528092
-0.0966177980517286 0.103916579636557 0.05915857478347 -0.0673163336109555
-0.128845578909927 0.0771421435648029 0.170222380408937 -0.114916354964215
-0.0469236377172929 0.0406382321954929 0.333492371389164 0.039182303502535
-0.0212890625832857 0.0455365552367344 0.196095067055141 -0.0607969627584223
-0.00741125824755757 0.0248812427343984 0.06482761726097 -0.0183304346544287
-0.015130498496979 0.032072968744682 0.00825623846613128 0.0701662702461925
0.0120742236144319 0.0468969242672089 0.102864935334563 0.149594436282687
0.0396400165417199 0.0415966702706546 0.199546058746369 0.117137107085015
0.0602764992742238 0.029707149015439 0.241763098628033 0.0743406315539057
0.066348061736674 0.0252734273440415 0.239871341974866 0.0453365910647191
0.0641785616195533 0.027573651909281 0.207071787482331 0.0486227544744485
0.0486381920969601 0.0413675530513739 0.144682868985516 0.057171670529613
0.0140556368571652 0.0623623145534883 0.0811730017571162 0.0714678182204678
-0.0272812494499261 0.0434832484092696 0.0162311657772622 0.0424808254324661
-0.0172722668726374 0.00271537342030631 0.0337106808415852 -0.0240496007109101
-0.00894395022800299 0.0314878245462515 0.0785125026776052 -0.0691460064238844
-0.0245310773129356 0.0513649638600111 0.206628437007791 -0.111755471099144
-0.0589279528607341 -0.0242946841012135 -0.244244784254072 0.0951775815397565
-0.0682456610111418 0.0106088940232957 -0.104167279198796 0.0991983787681937
-0.0306928876026674 0.0532461983943981 -0.0277935714265896 0.0526255062898841
0.0250894562816714 0.0382916794603038 0.0280955368743035 -0.0265466314964143
0.0327523308589365 0.0156464732772573 -0.0427798344088695 -0.0917884263161637
0.028905507300997 0.00044944995735325 -0.125233115152443 -0.0918754088150393
0.0203222546388482 -0.00388486422283233 -0.195757187959026 -0.0739602556958956
0.0297353323589408 -0.000470830813493783 -0.238594048763484 -0.0606442623444985
0.0333947214071081 0.0043610695605145 -0.239837873238872 -0.0673109512369937
0.0521359621648337 0.0137966932968405 -0.195040137022512 -0.0937564694607692
0.0587258420419657 0.0377844253773864 -0.11773911138985 -0.115048313855274
0.031606621180284 0.0748532419605885 -0.0304454762912122 -0.0640814763441074
-0.0505607989395324 0.0983151290049263 -0.0806562704409433 0.0171707547750469
-0.105333732310813 0.0284845404302728 -0.180620430553721 0.0317044793358128
-0.0869226810292469 -0.0242466032673118 -0.307042951747551 -0.0387939036590069
-0.153622232733765 -0.0221758456324648 -0.215974214941119 0.0959695649897462
-0.145733543389393 0.0371740718888825 -0.112306678301406 0.0820442578515893
-0.0886149286191732 0.0989420021842742 -0.0396104030099414 0.0703573114773629
0.00606921040945342 0.10923365760241 0.0352850893622925 -0.00853049910202073
0.0632847093751904 0.0902932427559796 -0.0169735178118747 -0.0805966384081574
0.0938993666578973 0.053776014125104 -0.094755622810999 -0.0963308578218142
0.100525802276219 0.0278769581600012 -0.168646643417182 -0.0771707380949541
0.120536518577803 0.0234548918597409 -0.207494787126771 -0.0589012297511131
0.123872373544863 0.0335295633162372 -0.20573972117558 -0.056147425126023
0.142469172248873 0.0601225581845234 -0.167960573098119 -0.0687338343327224
0.131335513049005 0.118293835448132 -0.104059418174977 -0.082964999784706
0.0608289376296584 0.176477586471072 -0.0192926422356267 -0.0389530725938919
-0.0814056586843585 0.211913016771918 -0.068160653327484 0.0391275717752702
-0.202663022248893 0.117953329756261 -0.164095178220036 0.0443725060189361
-0.20553273610791 0.0145047870238801 -0.268395906623092 -0.0341161595222408
-0.234603500301916 -0.0232000568426455 -0.15320537144108 0.100045534479412
-0.220689284176353 0.0585677198190395 -0.0975134249579778 0.0610214753155041
-0.152400155123292 0.140300069389396 -0.0486969926811735 0.0785991738427861
-0.0243885456114946 0.18102636788086 0.0305329304466662 0.0144531294321155
0.0830806011774949 0.167887676748087 0.00811422588479182 -0.0494969612870027
0.148030710909339 0.111273785644222 -0.0482318119305221 -0.0793627828912967
0.16858304831478 0.0618656833802382 -0.114387351246098 -0.0660368406490673
0.192571957305213 0.04509959673552 -0.144215128606117 -0.0499965208599745
0.195510991247874 0.053800689534072 -0.14077999644834 -0.0413849336366501
0.21686126287691 0.0894773612785978 -0.112916123835575 -0.0421388409307691
0.199885313279488 0.173248003701248 -0.0715297966494087 -0.047435697127916
0.101666812280276 0.25133597682397 -0.00177097474049268 -0.0173443767758743
-0.0805637246532869 0.302241690769082 -0.0412589265479561 0.0456549027092794
-0.257830746345996 0.201453529665068 -0.121774026864768 0.0395352378879489
-0.285808244705099 0.0588048752175078 -0.191349534265272 -0.0418351452056715
-0.289786070455869 -0.018281448867579 -0.0548214520868729 0.10703588909375
-0.277733674598355 0.0826109071108467 -0.050010494739189 0.0389191596497575
-0.202631335817422 0.179836462580622 -0.041796275164376 0.0754690348184035
-0.0493501669085735 0.242339842680112 0.020233465831177 0.0384006873951504
0.0959229476060642 0.231408846094844 0.0317088549258157 0.00175534279049092
0.185208077797377 0.156224285309004 0.00940169069024789 -0.0397420532932628
0.213385725673845 0.0877871852634424 -0.0390411145034686 -0.0388486604255812
0.235176871782344 0.060599931341765 -0.0586928474490686 -0.0316999213618508
0.235420619519284 0.0650766323648662 -0.0555430894437527 -0.0244502700045309
0.25766938300168 0.102057950480811 -0.0404936937617709 -0.0194328266657396
0.239186533439818 0.197311549154183 -0.0228708442369834 -0.0150970946375856
0.128481203655375 0.283477802777897 0.0196110598202558 -0.000274736567095209
-0.0649753711552462 0.340747140663764 -0.00991028422741991 0.0349817186759025
-0.267559048107259 0.248037398203056 -0.0656551784086053 0.0139250165172297
-0.314547984528588 0.0921184770991817 -0.0912196742841505 -0.059608369642123
-0.300175021323301 -0.00554068529201144 0.0649850907441154 0.110192013202242
-0.29061427989164 0.102860190043717 0.0242778531930009 0.0151191245489538
-0.214395996024316 0.200056755099477 -0.01721705350816 0.0622557444466609
-0.0568962443426919 0.266030367219372 0.0108900890389755 0.0626081096711078
0.0978266063210724 0.25326331407016 0.0560950855260398 0.0629209991911819
0.195299744639979 0.172971234186114 0.0733866509650573 0.015385355240108
0.224542406792667 0.0968761491035247 0.0474423706925419 -0.00054088686210224
0.241177756375609 0.0670027956469692 0.036784756245359 -0.00755219642702625
0.237801413912058 0.0689460630499949 0.0354378249334247 -0.00599749555647575
0.253254757747024 0.102977732988695 0.0341967296399539 -0.000933839546268558
0.228377173614322 0.194726677405914 0.0295630657910087 0.0125705937616419
0.117757479030366 0.26758819597101 0.0372747683283418 0.0136117233271308
-0.0527514491548368 0.308859735542643 0.0162633431970964 0.0148547281085647
-0.236389313417122 0.238238390589759 -0.0112178826746035 -0.0219350448996393
-0.290968156271428 0.103013355781272 0.0148423029519168 -0.0814083886618506
-0.258097139064476 0.0127970174760576 0.183941897475825 0.103658050743622
-0.241799339946272 0.108562366330259 0.103691042608143 -0.00765621286302429
-0.171822566760797 0.180267668527107 0.0165019946224324 0.0416511128789158
-0.0450015129391097 0.228214844765281 0.00612368216714257 0.0798603024051258
0.0853224470042578 0.219689102616939 0.0785425370700767 0.116749681187341
0.17062686289539 0.153074392697218 0.132149994468636 0.0691452278475431
0.199549182533223 0.0864150345169931 0.131485533742186 0.0389116004806475
0.210589801866626 0.0625264175100105 0.126344035489418 0.0175920895136097
0.203832941854013 0.0646082838150833 0.115794555308231 0.0140350930979834
0.205106730033735 0.0941426425745668 0.0940656103067124 0.0179895595312034
0.169753767285044 0.167630520834685 0.067469645197334 0.0354550331718428
0.0686730892511663 0.210392946524191 0.0433631951772352 0.0268179567525111
-0.0502443932145464 0.218486966434704 0.0309017065505054 -0.003121150421712
-0.177465207083093 0.177176333415057 0.0313763122549869 -0.0504108451492596
-0.224326163752317 0.0912847615626797 0.106472447596152 -0.0982435950885551
-0.168074629351026 0.0313600019587187 0.277894142008567 0.0838219373408061
-0.141979826744362 0.0896194659753996 0.164568155821917 -0.0297933075494813
-0.0908175413889533 0.116379246294355 0.0475959453452118 0.0161664796900303
-0.0266295471737261 0.139173251676617 0.00635515730162568 0.082680490701129
0.055206121582791 0.14145706389858 0.0931653611605289 0.147114685835285
0.114531653734217 0.103084333970415 0.174010428916277 0.106490412153996
0.140910467879943 0.0614843246399487 0.198193501293819 0.0686637487524583
0.148359551124772 0.0486275809721886 0.196235224555237 0.0390552131013469
0.141343208659976 0.052207625404115 0.172775461300985 0.0361165514371483
0.129436215966628 0.0749662124758754 0.129129143877674 0.0400680779608909
0.0880311677948004 0.122198813484711 0.082904297710509 0.0565130024780482
0.0101338910359633 0.129495109389391 0.0336431835305555 0.038126863326423
-0.0436425409552581 0.10376340686599 0.034726624406112 -0.0151429849687047
-0.0992285853816402 0.0981466773384231 0.0602557872534652 -0.0634999035109788
-0.130291258302253 0.0691316879140328 0.171908849037661 -0.10425984566786
-0.0474587564729589 0.0368864393329836 0.327440846812483 0.0536277328841411
-0.0225400895815171 0.0432930987285681 0.195721066319567 -0.0509520175542168
-0.00851688871407843 0.0241553631468129 0.0655899686004881 -0.0157927671977707
-0.0165362197980373 0.0314757335412868 0.00553951474947424 0.0698954426513188
0.0101038203765687 0.0465768522034945 0.0965839587640157 0.150448921216518
0.0377875480954728 0.0427690089213503 0.192204227965752 0.122171854818035
0.0589859733377283 0.0312637669559679 0.235253116965549 0.0828400527696171
0.064798046697151 0.027003312239169 0.23599633507291 0.0537466806126912
0.0622090431614107 0.0297463415706865 0.202485588823869 0.0561762269559399
0.0454990620412441 0.0423991226471546 0.140007153363905 0.0622447025041374
0.011890048053819 0.0621556313989835 0.0770777459774375 0.0731908495734582
-0.028163470499576 0.0421370062420056 0.0145345108172055 0.0428403606550506
-0.0174663731647208 0.00185002803467014 0.033035935933245 -0.0231688990787157
-0.00959392603417274 0.0301954024409494 0.0792911638086571 -0.0641014999738152
-0.0256485550659623 0.0479876882123129 0.208396962777512 -0.0994793481091239
-0.0591248141843355 -0.0265569927129175 -0.255055591415329 0.085419009112095
-0.0700922100771685 0.00859810972375444 -0.111206462355738 0.096144530956264
-0.0329366741050113 0.0534404650225252 -0.0298170090892089 0.0529299619275196
0.0241484576021967 0.0393829894373479 0.0292006167908439 -0.0262847646493384
0.0326053996589761 0.0168128594466154 -0.0403298014174808 -0.0947892502085659
0.0290929620590921 0.00142419466039535 -0.124790256849521 -0.0990451618227014
0.0212947349979758 -0.00285791306855209 -0.19727609703304 -0.0833593063660218
0.0304020184845172 0.000990846594503489 -0.24294884748793 -0.0697448542476567
0.0348848251997865 0.00659526500636006 -0.243226544614411 -0.0785428968026979
0.053964604347415 0.0166402933721302 -0.196675451647294 -0.103598005790017
0.0591949541381842 0.0399445185021933 -0.1170550996915 -0.121795193793574
0.0292927679342649 0.0771469039168548 -0.0294339852719999 -0.0676631852386584
-0.0550154757297388 0.0986834634687063 -0.083865068041774 0.0148076659713345
-0.108811972701058 0.0255696612645025 -0.185986709267043 0.0235989782984858
-0.0893296201158469 -0.0282851058740071 -0.312486578453879 -0.054550153450026
-0.156663292347239 -0.0293574448246865 -0.227770143795343 0.087093049338478
-0.149382992282103 0.0317189420874395 -0.119066530247813 0.0776447767732366
-0.0935264396020865 0.0976660667123969 -0.042320855397943 0.0705376334505065
0.0023904759428231 0.111305090085373 0.0355772923134554 -0.00717355890467297
0.0613410223115512 0.0940014396490459 -0.0135917215296862 -0.082228445952285
0.09363481307776 0.0580543392873424 -0.0928991003816499 -0.10272398924632
0.102264849164329 0.0325386572191586 -0.16969242712479 -0.085763275600973
0.122747671864164 0.0287910555665467 -0.211170191087151 -0.0682733281498105
0.126904685230715 0.0400436399697642 -0.209452895279029 -0.065770440076739
0.144554219595515 0.0675542797725464 -0.169011618928097 -0.0769653209635442
0.130474927291672 0.124433707817717 -0.103541077973334 -0.087746359895495
0.0561321735935158 0.182658202526509 -0.018730195021891 -0.0415159735775537
-0.0914254609220249 0.213573714649435 -0.072361512779143 0.0368178458926799
-0.212874414548085 0.112909575656745 -0.170236389428608 0.0364821123630971
-0.212193358752696 0.00567576304575493 -0.273330386664782 -0.0477393911825445
-0.239970239996648 -0.0321638402597638 -0.163219298885902 0.0940547607908622
-0.226228553577767 0.0503957752524547 -0.104452010371963 0.0563566087594277
-0.160538797324056 0.136691707142089 -0.0520466359040962 0.0792895178423594
-0.0314031186622646 0.183777437710858 0.029926687812607 0.0157317397175888
0.0792684237257598 0.174061531957216 0.0107835305687362 -0.0496560059842894
0.147367710609358 0.117907175984066 -0.0468177010948178 -0.0842285836706677
0.171124777870105 0.0693610320101491 -0.115163349158206 -0.0714993889818419
0.196781375436046 0.0533797665085559 -0.146652848814377 -0.0559228118222778
0.200040724806294 0.063088852195815 -0.143751774336585 -0.0471370051056415
0.220123980685806 0.100061363393696 -0.114016828717508 -0.0475358167958412
0.199319314841578 0.18307030195322 -0.0707086796604686 -0.04991249600356
0.0947852169018899 0.260971072227608 -0.00126410159988406 -0.0188187577998967
-0.0938409167489547 0.306576232902518 -0.0459463242692785 0.044159824263704
-0.272126720074147 0.197470750586533 -0.126982665287933 0.0331001994698549
-0.296758342407672 0.0476454984935054 -0.195291694968354 -0.0508368582917116
-0.295837150992459 -0.0300810892959912 -0.0632935166073211 0.10599232507919
-0.285477252444136 0.0729390867370334 -0.0550230100253027 0.035719450902064
-0.212912141706674 0.175781065831854 -0.0442847584038882 0.0758967537773984
-0.0586614856277035 0.245809287330458 0.0180331918323265 0.0403652591856317
0.0901746456400538 0.239655689250004 0.0334475189216314 0.0024635505267464
0.18433920895516 0.165220401082999 0.0105829686696881 -0.0414412534356858
0.216518709250004 0.0970750300431442 -0.0391083878850299 -0.0401437430264299
0.24063043493534 0.0707462532917812 -0.0587864427052452 -0.0337740529317438
0.241307676915959 0.0759447940117114 -0.0566504403497688 -0.0268682267596798
0.261863549496453 0.114247493125959 -0.0409789267778618 -0.0219994670213951
0.239148178976083 0.210000572839738 -0.0213212853516066 -0.0151914399762852
0.121490918263274 0.29466393504913 0.0199348614192943 -0.00018781805963821
-0.0793542246634844 0.34670275010482 -0.0140035125785362 0.0342115652030354
-0.283356426972605 0.244760961778239 -0.0691867232035766 0.00973835312206654
-0.327969908543085 0.0799417026366371 -0.09183924820877 -0.0645368238642407
-0.30733924483229 -0.0182534674566383 0.0597722949185897 0.114569581986842
-0.300492238091312 0.0928691867756026 0.0223660628332421 0.0147061990455487
-0.227311975149667 0.196756999348717 -0.0189612987542766 0.062777331483302
-0.0681976953858607 0.270644201915288 0.00755943441768261 0.0650197607459807
0.0916396761841527 0.263025333078911 0.0564150644310978 0.0662944743699671
0.194287328745023 0.183416207596294 0.0744147287292838 0.01662439106167
0.228311364105048 0.106496947064068 0.0480728987885654 0.00244097983893026
0.246486940067432 0.0769667795716479 0.0382992962416892 -0.0055792853480834
0.243204114534392 0.079529625598378 0.0361976519426856 -0.00407236702280268
0.256789480702152 0.114366660971037 0.0354391435953275 0.000210373686166863
0.228697321602612 0.205898034359947 0.0309732258116588 0.014759148953779
0.111668209669256 0.277673445490647 0.0378388525529782 0.0146757836880105
-0.065925134468738 0.314477801670761 0.0131719837589253 0.0150697795095604
-0.250819454634611 0.234652497794407 -0.0119733098873829 -0.0240037224690184
-0.303992845903397 0.0920749690751558 0.0177161590001252 -0.0826575336671226
-0.264587064198517 0.00266911593890561 0.183094695392218 0.113547880253648
-0.251725151235101 0.100507035490684 0.105355393240941 -0.00525022212093179
-0.182397235609661 0.177427880448754 0.0164187213382496 0.0430233403943386
-0.0551768315087068 0.232631249583184 0.00253321958526748 0.0829783205655418
0.0803042872697686 0.227802610863961 0.0772671323653957 0.121937323792849
0.169999267905693 0.162499443355354 0.132364467964786 0.0747427394445217
0.202276972885735 0.0958705596654625 0.13320520397031 0.0457922554348032
0.214946989271179 0.0713298547728877 0.12979816685296 0.0230806595494973
0.207554735714766 0.0741521020825255 0.117920249150392 0.019256848858886
0.206969058075753 0.103926157045503 0.0955356788190331 0.0223465253389103
0.169427302182878 0.176721402453627 0.0695310346454796 0.0396325746984356
0.0635823442635322 0.217228016664627 0.0436274205427622 0.0281711668606003
-0.0605831361496476 0.220557562597991 0.02967178999313 -0.00309420846280309
-0.188414929773115 0.174917234645068 0.0330377840816229 -0.0513688049322431
-0.23458042345825 0.0823396127008199 0.113527185012061 -0.0953663871388668
-0.173437715732704 0.0242656856271658 0.281170921026168 0.0981352095205186
-0.148652836711112 0.0855153748049751 0.168932406864983 -0.0239772147789389
-0.0977155774833384 0.114873386488403 0.0490008143016421 0.0176054947737224
-0.0326232806834544 0.142355804964858 0.00284261361232117 0.0859492314436685
0.0514095409527303 0.146308473504576 0.0911044923430152 0.153308471382482
0.114009856001179 0.109904797686217 0.174308057731792 0.115468719541755
0.142753115170778 0.0685027217263818 0.200369021799567 0.0782928245181883
0.150678748465193 0.0550411885472901 0.200526201152499 0.0476855688084369
0.143878417941467 0.0587035217824265 0.177036631395054 0.044019150418872
0.129894519856569 0.0813105545040157 0.130057563695758 0.0463134489159711
0.0864205040615925 0.128149721456659 0.0831202473778698 0.0611542218957558
0.00606024735201602 0.132534658508656 0.0335753215591336 0.0402183826697201
-0.0490841134241783 0.104155190505762 0.0345782288683452 -0.0149268795379631
-0.105076416461523 0.0961855744528778 0.0636531491868726 -0.0626715463510063
-0.137493686932218 0.0640140298835815 0.181008730410732 -0.0982636336700415
-0.0501850785782891 0.0351140373676049 0.334460502791674 0.0690249994050306
-0.0253094340549167 0.0427272758619915 0.202186992237661 -0.0443916850443639
-0.0101818963605398 0.0241891080151034 0.0683926941815811 -0.0143630412986011
-0.0183665681082819 0.0319799100457603 0.00275794956290565 0.0731833107453945
0.00877171399043829 0.0480195679010314 0.0935683316789271 0.15732144971553
0.0379186123447777 0.0455212774824729 0.192886437506512 0.132871505308924
0.0596323288517505 0.0333308662099685 0.23869623656066 0.094734830544987
0.0658741004487798 0.0300127224187714 0.240917130731207 0.0637321421762318
0.0625424871933237 0.03282963562421 0.20670874227697 0.0653806145129174
0.0445238667996049 0.0452734308672343 0.140404918364241 0.0698259134625569
0.0111088652574479 0.0646599325148908 0.0759594683092957 0.0774317856281231
-0.0299143507370114 0.0421564274017825 0.0135686783297424 0.0444110830586764
-0.0186156442905142 0.000948113984013246 0.0331042300277426 -0.0236325553700509
-0.0116312513357913 0.0303924774579578 0.083639209193142 -0.0608671965198964
-0.0287159222915356 0.0472137074216839 0.217787680907016 -0.0905441315618529
-0.0623087246812528 -0.0284902154671004 -0.272634353478317 0.0851143660515742
-0.0732698570508666 0.00857774461048459 -0.118367413413026 0.0992316297045184
-0.034273941426588 0.0559086438359538 -0.0315588648771311 0.0565218264389318
0.0257669473328278 0.0412246562768419 0.0314210346233637 -0.0281426145092853
0.0345261122289917 0.0185781339934688 -0.0414952543538455 -0.0996544669441525
0.0303020722117921 0.00118946139126409 -0.131309743337621 -0.106180325285561
0.0224321927697102 -0.00258621674086897 -0.209238175332843 -0.0910857401178773
0.0330756344596491 0.00134372820930011 -0.258439909383285 -0.0762411419896198
0.0375780946501583 0.00753581769893099 -0.25803747193671 -0.085952015067602
0.0574291713612782 0.0177081607127322 -0.207633568957007 -0.111452526814649
0.0619130717242223 0.0418779199138153 -0.12234014674545 -0.12921026448818
0.0301599460961042 0.0818526003811388 -0.031446270153676 -0.0723980846027803
-0.0591096272159851 0.104105493760611 -0.089842898954769 0.0148860195875454
-0.115387895679582 0.0261691453054894 -0.197305057430495 0.0207236803219242
-0.0943884796182299 -0.0315255129147398 -0.331573143160095 -0.0633683673533452
-0.165408775417785 -0.0321649511033536 -0.243642176120624 0.0881830310998219
-0.157780990087289 0.0321391163442699 -0.127999273787135 0.0792850039190507
-0.0986503318714962 0.101488269111074 -0.0448986930653294 0.0747123020195187
0.00177967782079549 0.116711242887062 0.0376478774382533 -0.0076720760076378
0.0643010822937035 0.0999493720122051 -0.0126771729293072 -0.0868629658121029
0.098159928155739 0.0615654349441745 -0.0979950047116817 -0.110393569560256
0.10842917234196 0.0354375133923887 -0.179822051712596 -0.0919996948463175
0.130227869006555 0.0313273105892741 -0.224038249602223 -0.0738375192729908
0.135712999483504 0.0442523598507927 -0.222235895919635 -0.0709836058269555
0.15431629768714 0.0729717489908744 -0.178971162719902 -0.0836191717076308
0.1374320030942 0.132065530693369 -0.108088326746653 -0.0930404190620565
0.0582400061713862 0.193945951309644 -0.020966188804363 -0.0452426264894999
-0.0981755240772475 0.22542625176385 -0.0787535651949143 0.0377841956425973
-0.226803285140343 0.118454769266949 -0.180929773006278 0.0345912526584708
-0.226356766222821 0.00273821704061868 -0.290084802579537 -0.0555417392292914
-0.253826584900933 -0.0370970327205651 -0.176456945217081 0.0964828909683778
-0.239363283321115 0.0508627201669248 -0.113209336011025 0.0570612124700658
-0.169930509306152 0.142713330375096 -0.0541249510344898 0.0832225184949061
-0.0346676356529111 0.193944500683874 0.031417585779932 0.0169164983621119
0.0826484600556292 0.184361377744496 0.01231390602511 -0.0525677304140042
0.155122435431117 0.125294978241063 -0.0497011598227463 -0.0905704325607926
0.18139894187059 0.0741899255356927 -0.122018153714579 -0.0758211827859809
0.209348648472246 0.0578019986986261 -0.156326163275595 -0.0600896665293217
0.213491755000763 0.0687983173995245 -0.152629890276896 -0.0508429880655077
0.234147694341272 0.107599242588232 -0.121010463039156 -0.051704653937976
0.20998848487037 0.194460147841551 -0.0731887363477439 -0.0521743451635643
0.0988322848024562 0.276679738655897 -0.0023746160749274 -0.020898835478906
-0.10234337714757 0.323787787735196 -0.0513832140236953 0.0464130456763727
-0.290846270705193 0.207043355135095 -0.135985521368251 0.0319806877520382
-0.316362805470946 0.0450385494779539 -0.207436692861015 -0.0574834239441162
-0.313124964924736 -0.0352541686616191 -0.0711565078729866 0.110379027923463
-0.302142314701147 0.0732080928729808 -0.0610801921673822 0.0352005528570083
-0.226736144039688 0.18306883947364 -0.047007931556006 0.0795050834086957
-0.0643921350234022 0.25949064853146 0.0182564376737293 0.0433644880866178
0.0938068673496261 0.253591892246789 0.036254206874773 0.00307013712777937
0.194597172100688 0.175651754054706 0.0107860096321328 -0.045022362208453
0.230221121379039 0.103841739175087 -0.0422576167562475 -0.0420096862110217
0.255714523995933 0.0762030986378639 -0.0626456436905933 -0.0355580749434345
0.257563181710372 0.0823760557953891 -0.0602615147796497 -0.0279334273299427
0.277730121164819 0.123410094743876 -0.043903527607389 -0.023664100548662
0.253071630000598 0.22299762539821 -0.0209284855224469 -0.0146672896431971
0.127646597825016 0.31312235612825 0.0209060514009937 -0.00116316571692125
-0.0866819925334754 0.366041322892506 -0.0177982436209718 0.0356725650304608
-0.302802522076468 0.25646856008707 -0.074742878166876 0.00750873040692169
-0.350734177429812 0.0791196976514667 -0.0976883211359714 -0.06982999874388
-0.32581099874687 -0.0232521214195872 0.0601678280320292 0.12158985280963
-0.319003118406278 0.0944409634182824 0.020658550142378 0.0139463863822134
-0.241879503613762 0.204794571638551 -0.0197478460439453 0.0654311735929421
-0.0745648590730093 0.286505103415422 0.00653094909811864 0.0695820405467365
0.0953139724074241 0.278323889104215 0.0601553433435952 0.0705707946425983
0.205139751440928 0.194882574015576 0.0780333098616359 0.0171945039754442
0.241863258462956 0.11388550985483 0.0506588835812413 0.00414376151144386
0.261858937453798 0.0832641649216395 0.0405336498810299 -0.00519646064265328
0.259307018421805 0.0861687225815586 0.0386497460084944 -0.00358084056732737
0.272651404709261 0.122834863948043 0.0371706228307641 0.000410363108219755
0.241980706455448 0.219372589506449 0.0342166955012492 0.016516223540917
0.116519792488227 0.294791253207672 0.0403152527920576 0.0151648699821765
-0.072290756769055 0.331758379179005 0.0115713867012776 0.0150512171411919
-0.268789185359926 0.247265490283808 -0.0137765952644386 -0.0271205243463805
-0.325360534245043 0.0915924388089132 0.0194888767156215 -0.0866530517148849
-0.281228790718257 -0.000873450368709216 0.19167519501568 0.122443326598264
-0.267568262020351 0.10203899423233 0.10879735079199 -0.00550772221151285
-0.195560729593079 0.185515549544178 0.0176824827022785 0.044931387759557
-0.0607546453956169 0.246868650835693 0.00131566462760873 0.0890095804867717
0.0830849652450461 0.242109548064539 0.081707707146639 0.129917435641708
0.179043529557977 0.173155189301404 0.1396881411734 0.0792259832763835
0.214788814768171 0.101770702455663 0.140917377521877 0.0509854364200868
0.228134064045588 0.0770781803490514 0.138017116319773 0.0258158898482311
0.22124430472309 0.0803709985455082 0.125971164290772 0.0219084176464621
0.218820311772527 0.111980388776042 0.100936553551968 0.0246096018971571
0.179071762977445 0.187279046206813 0.0745728246511526 0.0433016890466594
0.0655793047436931 0.230021880837198 0.0462313038149708 0.0306774379408557
-0.0664399762521516 0.232801198568838 0.0290684702003122 -0.00387934053344805
-0.201504101666848 0.183833965464188 0.0347985034440721 -0.0546644468453436
-0.251149082105914 0.0830963138137817 0.120932873722836 -0.098942886170827
-0.183866795665788 0.0221943089220538 0.297060288279591 0.10777070632834
-0.159258034819755 0.0873372320223768 0.177412842471531 -0.0242236225422109
-0.105308374627135 0.120182838670375 0.0522224766246813 0.0190631455647194
-0.0360180300393508 0.150952437118618 0.00203623326515589 0.0923626185918104
0.0529385598916472 0.155593816015066 0.0949334822701702 0.162615076116033
0.120723255698306 0.117188077776428 0.183540115289013 0.12316147797714
0.151474891219031 0.0731952200926023 0.212963720350346 0.0857092448864777
0.160667829109757 0.0594541867276691 0.213656757941897 0.052103576729484
0.1524844979854 0.0635346129626829 0.18811347533937 0.0480801986214602
0.136417023856758 0.0876830551351716 0.137515174840604 0.0505140324120224
0.0913491922959139 0.135958592592206 0.0880301902192105 0.0657302861868932
0.00587784458418641 0.139724941801452 0.0358314507526527 0.0431465991541861
-0.0540607839248848 0.10905249350991 0.0343968853736332 -0.0168758453798185
-0.112130579703299 0.100971358867255 0.0674460619687787 -0.0650682272141205
-0.14733824674999 0.0642673320670855 0.193650381658994 -0.100296027489414
-0.053401110871709 0.0355254896344964 0.355243445312269 0.0794319472154883
-0.026623581711095 0.0442497994986727 0.215060417523589 -0.0434085745956626
-0.0111885757354567 0.0249985431657335 0.0728158167442826 -0.0146565887634793
-0.0198744335931248 0.0344223177073799 0.00285764786066801 0.0785651997755979
0.00898035572048913 0.0507026400101917 0.0980034905944037 0.166500224562996
0.0402433523837104 0.0484221476827853 0.204394526019454 0.142135849050972
0.0634397840662643 0.0358618330457476 0.253209757035943 0.102799495868113
0.0698303831971854 0.0319019920042765 0.256277294438697 0.0697564386464255
0.0657983386016383 0.0354111249801917 0.219825581974317 0.0713531120987401
0.0461579365376422 0.048519209848366 0.148510927088608 0.0758492566453807
0.0117607974513502 0.0684171259439919 0.0795004052445096 0.0824469099433458
-0.0318756512960766 0.0445407843027432 0.0141775192988421 0.0471816438904966
-0.0205539861835203 0.000894157746435838 0.0342042389962344 -0.0255911893395223
-0.0128101987667769 0.0316809039231736 0.0897271702399422 -0.0629030027985943
-0.0311836446833857 0.0489452923038911 0.233131563324375 -0.092126185828957
-0.0707812352071011 -0.0225558662181251 -0.273235138498711 0.133800405750328
-0.0761299076598845 0.0184800160846311 -0.107222362069121 0.121653322052004
-0.0278407976502775 0.0632050812974776 -0.0228243850102337 0.0618234164113004
0.0326869219324208 0.0398141295491442 0.0259236578955325 -0.0378250430105916
0.040264023164905 0.0139729086986966 -0.0621432958312622 -0.0978092961322257
0.0324086064668503 -0.00290107122577541 -0.157632234672862 -0.0913688380470351
0.0239101874510965 -0.00616505487306998 -0.241174607402451 -0.062021960911737
0.0357585186275965 -0.00522189195431831 -0.284852846629608 -0.0391927024379141
0.0424605550654289 0.000785631702834324 -0.288038592508148 -0.0498265404312436
0.0653078541104769 0.00789014243589676 -0.236956232132791 -0.0858102134542983
0.0723440429069734 0.0325262509982362 -0.150870474148797 -0.1191801741189
0.0438845136242416 0.0820754604292999 -0.0460521326804022 -0.0751244356316026
-0.0441283100821816 0.11814552497617 -0.0906423976239331 0.0295936398724002
-0.114798634958924 0.0449383952345959 -0.204669293961276 0.053482202473333
-0.10163896162193 -0.0163525496235304 -0.362399189476842 -0.0204933252046102
-0.1819373919895 -0.00811050145945101 -0.236186844689523 0.124764021024005
-0.16215357192224 0.0551700648055707 -0.118714204388011 0.0992151689509895
-0.0884194318121784 0.121303564895641 -0.031819557300276 0.0785503539006178
0.0185799210063696 0.122875162751676 0.0367858649920581 -0.0206840317819241
0.0834616855230939 0.094865664009666 -0.0322179039693945 -0.0932892695637947
0.11336346183856 0.0498153133348831 -0.127337502738915 -0.103006757868548
0.120967867472641 0.021354824136883 -0.211438206115752 -0.0698843211027144
0.144284369721395 0.0117951892808683 -0.249294962669287 -0.0417105132294894
0.151807918659121 0.0232841400427043 -0.247844411699854 -0.0409181649234594
0.173877599760058 0.050869549622794 -0.201785852693921 -0.0618942019758321
0.165360192715298 0.114819875509767 -0.129394405963484 -0.0843213443060108
0.0890456444660872 0.194208337517416 -0.0289960536546827 -0.0492371749059565
-0.0662610058906466 0.250435496338103 -0.0741277293732465 0.0521317871292585
-0.218012306415864 0.15782727099524 -0.183094263317696 0.0682052789130852
-0.234161381807313 0.0384200394827802 -0.318845015847327 -0.0177028480071572
-0.279174011549522 0.00160307422080134 -0.15640093079332 0.118063589982419
-0.246900970406307 0.0871903038502219 -0.105157362774754 0.0699650580157273
-0.157892063694134 0.175298633314546 -0.0381368872962648 0.0847795318292717
-0.00869175757634776 0.2085794284187 0.0356516284643362 0.00280990222431602
0.115047334148486 0.180521184077391 -0.000972847163423589 -0.0657692187172884
0.182443929610198 0.10798401703012 -0.076728707501871 -0.0930428289348656
0.203603153175619 0.0518426765267703 -0.148670686069132 -0.0642831323948409
0.231763356149536 0.0279080648743619 -0.175867440250966 -0.0381717062242177
0.237065252997992 0.0371589481930648 -0.171308280612622 -0.0305470069442093
0.264103648561389 0.0755343167610587 -0.136272690100133 -0.0387865289942714
0.251473039750305 0.168102132491351 -0.0869900979220912 -0.0479302343512394
0.144021514387605 0.275261453973733 -0.005232560094873 -0.0279881457707672
-0.0551718650744502 0.354050500578049 -0.0431355810107189 0.0544039547429041
-0.270579989046396 0.259536562567047 -0.134686375754709 0.0596774782103042
-0.322916489506285 0.0956142713733281 -0.231365052872537 -0.030486762431573
-0.343733084364137 0.0145849929980624 -0.0369234963227379 0.11184378004102
-0.311229762346456 0.121668428467469 -0.0520050009664956 0.0358799258965059
-0.212669511968554 0.227161705474206 -0.0284251439233902 0.0755015352202046
-0.0314914889322994 0.283541981463608 0.0278391751629043 0.0300111479041532
0.135741079293544 0.251872674214449 0.0331374600706588 -0.0153902778661969
0.231783598751178 0.155557057351173 -0.00693354213427284 -0.0577626793444308
0.259462294254348 0.0760658246611428 -0.0572356732289068 -0.0424758014549349
0.283174269697271 0.0404031635452293 -0.073591336798676 -0.0269587807705116
0.285221738611254 0.044778926942849 -0.0690996955692529 -0.020760087237864
0.312344326648527 0.0850441189521091 -0.0491027732601167 -0.0215860944873099
0.299750380598347 0.191007524819197 -0.0256859688470782 -0.0166554505361971
0.179252512468516 0.309125856709143 0.0220061908574339 -0.0115259196270957
-0.0321110446977375 0.396122045866946 -0.00872165508799326 0.03756326093149
-0.276772287443391 0.313835156775888 -0.0729818759118824 0.0254511282156913
-0.354601455260223 0.135162731011839 -0.1165793489724 -0.058294313485035
-0.356764919986092 0.0310931820850394 0.105597259243857 0.1004926192275
-0.326764860951412 0.146787293959351 0.0312883077279916 -0.00114071435716464
-0.226178675931421 0.253073128188179 -0.00243497630367385 0.0541787654205002
-0.0390926222027347 0.313037867998995 0.0212640476417594 0.0593199684754854
0.139909573666211 0.279117608271094 0.0695985143205459 0.0495816614849661
0.245617942430798 0.174562332991646 0.0738276016476902 -0.00411490430547798
0.273607714043494 0.0848948097396987 0.0503002817352175 -0.00994581159683246
0.290698800571203 0.0475111483598538 0.0409600843976982 -0.0117223387665824
0.287433219086277 0.0485326165393508 0.040108142509062 -0.010393472133107
0.305197009915605 0.0868904902539604 0.0402480915893584 -0.00862201563229388
0.288205537800464 0.189112234984616 0.0388135108787191 0.00767480453377899
0.165484638045357 0.290699484915113 0.0455234713145875 0.00368276032426112
-0.023289641832804 0.356694044044879 0.0175932212981922 0.0118487071158765
-0.242548406167483 0.299086535919943 -0.0141905177774345 -0.0212972584550188
-0.326753731129718 0.144810595762456 0.006382334843446 -0.0937586558992066
-0.305959811485384 0.0478073686143031 0.243656089598671 0.0809609048840379
-0.271604678415969 0.14799395695159 0.120592553065839 -0.0346903330277851
-0.180286039137958 0.225617571004601 0.0315892043678003 0.0280906962916035
-0.0310441825446804 0.269938399382259 0.0193700374212462 0.0827863460286468
0.120412487160121 0.242573641628922 0.103506357002529 0.109919288616724
0.214535174879733 0.155276632083205 0.151664839580373 0.0528741791887953
0.241913156516681 0.07696282485636 0.156675589153376 0.0243793703557113
0.253852411068801 0.0466153434931705 0.148376331194122 0.00564009665968457
0.246311339198826 0.0490993600732507 0.137506811306986 0.00265366936439795
0.246901755228569 0.0831315480681331 0.111562762295112 0.00705708736923349
0.217324414015284 0.166291084015288 0.0855752500341105 0.0305922567709564
0.101889098746945 0.23053523021162 0.0552298098754456 0.0210037431155096
-0.0319788283698343 0.252999845806609 0.0315437774786104 -0.0105948785459512
-0.182718629922236 0.222431225059663 0.0313115030170293 -0.0592021150695728
-0.251081394230425 0.123510616889188 0.113281659899066 -0.121351715765778
-0.197885646305326 0.0566469930456204 0.346594229558686 0.0524761597491937
-0.157738037143886 0.116864364706648 0.187630097442763 -0.0621310991688367
-0.0945712747848568 0.143335595342095 0.0610725880140067 0.00103774177232826
-0.0187090827437678 0.164946992181567 0.0207962210801959 0.0910161026347064
0.0753206833805476 0.15702726867938 0.126191786706298 0.146814592172643
0.143380677048662 0.106244301780711 0.209298420310329 0.0948075320385234
0.17138930433818 0.0550227410308037 0.241155993188546 0.0504555555276097
0.178774134639779 0.0390003896733003 0.232868874886451 0.0211423593291384
0.169955086326947 0.042984822821636 0.208486080117278 0.0208002647329272
0.155637608125755 0.0720026554634555 0.154004274230514 0.0302099251630205
0.116315375512228 0.127551637848935 0.103437619171661 0.0538430523949439
0.0258036593333736 0.145058662369989 0.0456353428313717 0.0375992741585832
-0.0391147499999683 0.121816619941612 0.0337897330134756 -0.0241348229602393
-0.102388671567555 0.122228568660164 0.0622975781654481 -0.0769849950345589
-0.145477756284043 0.0879123276730246 0.191145944693696 -0.133020947780506
-0.0545505388406454 0.0488685762872191 0.395629229844425 0.019225197358631
-0.0235388689498591 0.0519493624750186 0.221451151885612 -0.0832266945041162
-0.00898047209672684 0.0284272128394448 0.0747715905681024 -0.0296431819995579
-0.0174916351197991 0.039334403389716 0.0178388827031477 0.0817315711277825
0.013958033365469 0.0530635779833383 0.132594663106858 0.155904047881786
0.0482281706253224 0.0452159649126298 0.237949233609451 0.115456396009851
0.0723732719291285 0.0286538971361737 0.289713599216838 0.063449087769565
0.0775776975456786 0.0245898560421933 0.281401970509783 0.0328020098863909
0.0741643246989009 0.0277972657018209 0.246347968743834 0.0407087946384935
0.0544290885889853 0.0452959994467085 0.168800597242844 0.0556746664715737
0.0223518534928888 0.0704186719193177 0.097174265085552 0.0738026156862212
-0.0267857564903942 0.051187877176075 0.0238036812649203 0.0476907120832459
-0.0219296444148884 0.00393546434057996 0.0303593942819801 -0.0326646684013733
-0.00937807768704404 0.0344527196270372 0.0848600800381012 -0.0794295349335375
-0.0267843940436674 0.05402387287166 0.235016301632438 -0.12986052876696
-0.0740869842488465 -0.0160803767687124 -0.272539545405047 0.15895299538822
-0.0760416511119445 0.0256270008703795 -0.101404845341647 0.131428748122872
-0.0220296517213641 0.0668471281548948 -0.017151793793658 0.0655062178074721
0.0370846945348844 0.0373098352325635 0.0228963884754889 -0.0411889566361538
0.0429056524661773 0.0105550620390871 -0.072119405273122 -0.0939763770015162
0.0325770973626535 -0.0054668344404944 -0.170142250734825 -0.0805391496312247
0.0237848697033186 -0.00786289541585824 -0.253962029218659 -0.0434013870891123
0.0368337401786649 -0.00843342736805899 -0.297250173496798 -0.0150323279713489
0.0450133046563994 -0.00253090629513929 -0.302104154078197 -0.0263320055873621
0.0680309453193427 0.00136428225129369 -0.25113408810294 -0.0681794813023646
0.0768555600747032 0.0268681106632058 -0.165689595017268 -0.108898021981786
0.0516344527558822 0.0800826490238057 -0.0544823197932285 -0.0728895057960962
-0.0344224533046251 0.124917593832711 -0.0916549869885059 0.0383419507949984
-0.113125114458444 0.0554956512351678 -0.205517787598468 0.0699623606424019
-0.105835382034682 -0.0081592169196098 -0.375947714729651 0.00674843641716147
-0.187185752810211 0.00764200589615233 -0.235095534357137 0.146969736207282
-0.160740421809168 0.070315456263167 -0.115933692568952 0.109852201074343
-0.0794959959607514 0.13055008590097 -0.0245489204268259 0.0832810644154426
0.0294902416243978 0.12345437048139 0.0354609139617886 -0.0243784970109051
0.0944431448331083 0.0893345819571293 -0.0404969595495783 -0.0924239580712221
0.120263728460911 0.0407842059949564 -0.140059557475807 -0.0954036658082442
0.126085639042712 0.0116087056048298 -0.223510485755525 -0.0531320917379118
0.150045285449995 -0.000764774502262715 -0.260825040183635 -0.0203766373945023
0.159645544677589 0.0106167818968372 -0.259953296522292 -0.0201997753109803
0.184363197077721 0.0367947593150919 -0.212881493338264 -0.0460644125406376
0.179437602569175 0.102047369573812 -0.139719721948121 -0.0751750088416993
0.107518203271995 0.19159368700507 -0.0354341357231294 -0.0487649709044959
-0.0459018167358392 0.26273964906471 -0.0732286454645737 0.060060774308692
-0.208926598566333 0.180755707701852 -0.183830858799672 0.083626266508655
-0.238885429124927 0.0582829913752943 -0.33068783326655 0.00778665316000875
-0.286204625276256 0.0272593029672671 -0.154230918498611 0.133253990430858
-0.244374447020178 0.110099369368928 -0.104962382334519 0.0794701487979207
-0.1461423441468 0.191830688410261 -0.0303783276823655 0.0901444670581095
0.00911425613044299 0.214091751511753 0.0360932572649011 0.000382829416475684
0.134211031239372 0.174556647810091 -0.00573763831426762 -0.06748972949546
0.196790433415949 0.0939262493903087 -0.0874064531712473 -0.0895353710402054
0.214578513739262 0.0347003261606714 -0.15826265619945 -0.0521928305087317
0.240839707904076 0.00767846092066138 -0.184497390364121 -0.022857051111581
0.249319735586674 0.0171804844145106 -0.179287952771856 -0.0157902701343408
0.278742209096905 0.0536968450396283 -0.143254025343117 -0.028792388515324
0.273308365516091 0.149903590676579 -0.0914647517248143 -0.041239430578887
0.172061891109759 0.269278710804999 -0.00895346023847289 -0.0294814068305933
-0.026264074569967 0.368332499120322 -0.0416735428565318 0.0598764157617065
-0.255071507347294 0.291006809305864 -0.135766335159349 0.0709673158458518
-0.325659220685802 0.12468019891477 -0.24280428228406 -0.0116471285227369
-0.351501431876213 0.045621800907099 -0.031080299664356 0.117533976472222
-0.30810843254545 0.150820505067338 -0.0542024634297762 0.0408271737400988
-0.199082051128208 0.250247074312463 -0.0217994119012166 0.0794712000707495
-0.00736001118304702 0.292460866256329 0.030619412880831 0.028590821072817
0.16224626457752 0.246131140723764 0.033443404670105 -0.0191776961598764
0.252216851686572 0.138106834728655 -0.0133096623691731 -0.0595083437449206
0.273679331461103 0.0535525057504381 -0.0625652720893284 -0.0372071053750317
0.29620156743539 0.0160502087528066 -0.0780835918206759 -0.0209028882100721
0.299794092404587 0.020063084264135 -0.0730424444252422 -0.0147757799979507
0.329767996907204 0.0589610686979209 -0.0527733373347042 -0.0180710849229717
0.326185819404789 0.16786224619158 -0.0256545389606213 -0.0149267052883635
0.211491735720507 0.300809294088044 0.0211195361214815 -0.0139937520936087
0.000896393990619129 0.408398273205178 -0.00865957879227408 0.0402203044130884
-0.256548705658581 0.347787206544721 -0.0752141619222506 0.0308024263367174
-0.355124696717174 0.168457547191879 -0.126535040976995 -0.049389633938501
-0.364235825533728 0.0629005071705872 0.114857205969491 0.0940462123346781
-0.322633107745745 0.177551736234583 0.0285305790016073 -0.00391656583143167
-0.210721214792071 0.278618057092866 0.00318316782672903 0.0545422971181022
-0.0127729614416651 0.325465755653687 0.0264519004844343 0.0588362145298586
0.168147689223966 0.273789736333833 0.0768419812262593 0.0443381463503732
0.268111511269112 0.155975401440184 0.0746383523756548 -0.0110116757736737
0.289772101066311 0.0624351222345304 0.0515245642137008 -0.0139395181855579
0.303598675282541 0.0217541524451333 0.041448197649081 -0.0152283332645749
0.302134689339246 0.0240436842459351 0.0410839770422608 -0.0148264747082677
0.323194415120954 0.0609855486882981 0.0399766243764515 -0.0130513068311126
0.31341902067209 0.166378367057007 0.0426132803963805 0.00472079420200576
0.195547073758707 0.282959702679745 0.0471024627235385 -0.000426564884903027
0.00789746580527609 0.367958480975834 0.0155310729029938 0.0105715161307268
-0.221871130601463 0.328446663544105 -0.018608841899238 -0.0213526540553746
-0.326035002652851 0.175249592839981 -0.0023178127845179 -0.0955658279837413
-0.309937205288807 0.0744317481635442 0.256275616690605 0.0632232565744822
-0.266920340908416 0.175208537651899 0.117455438985871 -0.0454013636382848
-0.167507054659289 0.246353105705428 0.0351808235931904 0.0255663817225056
-0.00844027584889582 0.280205491956218 0.0268161546251785 0.0839528033342879
0.145127303196617 0.238845296036159 0.116661954180168 0.103626507596013
0.234150978041129 0.139920469000456 0.159662575800611 0.0402473520027301
0.256924360228736 0.0569746102839887 0.163313080554202 0.0123524054477591
0.265995054080036 0.0243189751215958 0.154416397711749 -0.00785489519204596
0.258308947499362 0.0278621637712028 0.142928662530866 -0.00940922846385534
0.262175444081789 0.0638226532415564 0.114575283911234 -0.00264493195664136
0.238427025196539 0.150394593498523 0.0921889909775842 0.0234809467709855
0.125617163959093 0.227117484037581 0.0584694869183691 0.0162194943379566
-0.0115910035731214 0.261826436654537 0.028214545906545 -0.0133155039341898
-0.167821762942521 0.244375900678228 0.0252201436325161 -0.0631236834556682
-0.24941612025512 0.147142542607728 0.106377392656428 -0.132640665538944
-0.198405950678384 0.0744822903263469 0.361534138174836 0.0249654101745211
-0.152426697182942 0.132404788999929 0.18625874965261 -0.0784089943725702
-0.0861771683281404 0.154665427651588 0.0625213441553382 -0.00500559904108995
-0.00498775828018261 0.171372581327333 0.029433417370868 0.0920731188809372
0.0909897181692977 0.155365046072556 0.142951710131271 0.139326617142554
0.157854849365525 0.0959843542330747 0.223583363919998 0.0783832701332898
0.180800234922452 0.0410546304796909 0.25315367322329 0.0307419816750305
0.187744775685303 0.0234942773345111 0.242984649956375 0.000881826154603627
0.179214904022068 0.0288535927144796 0.217115426329828 0.0024978081322802
0.166503508784083 0.0602540937085757 0.160259257315626 0.0173522998181232
0.132100602851677 0.119261085263455 0.112203747649267 0.0457361888582805
0.0393563875446869 0.146369955844701 0.0509862322423165 0.0350010400137983
-0.0301258742767023 0.127789592011036 0.0294450486404849 -0.0272161036610382
-0.0943068963363194 0.134185059414676 0.0564199460707215 -0.0837347679768339
-0.143380717320209 0.101868353227571 0.186312430971611 -0.150825536325487
-0.0520513107654503 0.0536820578927944 0.409926796861904 -0.0136183405692053
-0.0204731193499705 0.0546191110721756 0.220755221465948 -0.101895140955769
-0.00747455050616347 0.0298111240344583 0.0746009981351764 -0.0367978779002756
-0.0147278868448203 0.0421592575713714 0.0261477531898166 0.0830889732389397
0.0187180429335429 0.0536790773750344 0.149666004666403 0.148150514372399
0.0546578757185335 0.0417478251566343 0.255152259603208 0.0971074548991809
0.077313510822264 0.022730955045201 0.304439422873379 0.0394899364880786
0.0826562298893494 0.0177684653351411 0.293661996911744 0.00888877927408501
0.0786762811130178 0.02212347860763 0.258412343068739 0.0194450777139959
0.0597755307896486 0.0423963963748921 0.177966502762303 0.0435864441754024
0.0299132736460153 0.0699799530733 0.106493742052374 0.067962645243796
-0.0228168655171484 0.0555640127222375 0.0285455066941923 0.0470171671647172
-0.0226797467194546 0.00579841033045985 0.0260881927042909 -0.0363507404736729
-0.00659007682395563 0.0364627301158915 0.0800657356585496 -0.0878105280717036
-0.0231136423396174 0.056034487175103 0.232276008429537 -0.15155537440329
-0.0735178095550977 -0.00896459051568827 -0.256497286685693 0.176060704978708
-0.0712151911784112 0.0312321382062245 -0.0901117881552963 0.134277188998445
-0.0163673248119289 0.0662011893496105 -0.0105804738594679 0.0644578328985177
0.0383073639645482 0.0329282691418588 0.0183243000051533 -0.0422385877857819
0.0427647306443418 0.00620019812574946 -0.0770579208341925 -0.0851600290313401
0.0304265648483963 -0.00751090388278995 -0.172484727289153 -0.0650851734722167
0.0224588161130722 -0.00899705225435006 -0.252258231062569 -0.021722867156593
0.0354009613695912 -0.0111285900348241 -0.293064293834925 0.0092926930947061
0.044761247853526 -0.00638742822641202 -0.297266917119712 -0.000649717783749983
0.0672561373404598 -0.00452104258525164 -0.250543956542949 -0.0459119088354063
0.0760272986719575 0.0190421942470614 -0.170112499531629 -0.0930020299912644
0.0568597908310271 0.073410730526862 -0.0600271249987125 -0.0674846866892782
-0.0230497067438959 0.124536033874919 -0.0861626442380845 0.0446953833840893
-0.105402868685961 0.0639981847746245 -0.195974828204837 0.0826978826503473
-0.104773853144019 0.000643287265650458 -0.368522953469937 0.0340890203864902
-0.181463429049434 0.0235009936903808 -0.220500016342181 0.161544044714192
-0.150345816506678 0.080938454107338 -0.106867493644085 0.114601166092643
-0.0674665471225662 0.132359884979084 -0.0165651345504666 0.0827129859388478
0.0387435109840017 0.116994650281159 0.0316939738623643 -0.0265305345913444
0.0998786529516763 0.0782220524618183 -0.0459536303316796 -0.0862474972979364
0.119731311236036 0.0301397668862314 -0.144648294961216 -0.0818063612659316
0.123226431897086 0.000709049991362965 -0.222544586847496 -0.0334351807366683
0.1467632447817 -0.0135216043195098 -0.257092633709334 0.00142949480181651
0.158562906770595 -0.00301418921582613 -0.255408648172708 0.00196518822691008
0.183945191265502 0.020038005232868 -0.211135850959914 -0.028458439803903
0.18301472144676 0.0841774541860783 -0.141538016378932 -0.0622877335836159
0.119966609325117 0.177129056818814 -0.0393226977099819 -0.0451878281876977
-0.0238574609491555 0.259876084545604 -0.0683444501580307 0.0641572026758001
-0.188429121478868 0.193154511813376 -0.17446830487036 0.0941093198027927
-0.229675052227267 0.0759580129156228 -0.324449787493501 0.0325844866090311
-0.276355678281598 0.0493737679807447 -0.143456277924287 0.142900859057609
-0.228348446052937 0.126470705635192 -0.0991322250139709 0.08527903170694
-0.127113096553455 0.197153646624021 -0.0220288451246332 0.0892556904963883
0.0258829561036303 0.207158474680074 0.035235764950662 -0.00266959052925156
0.145503472766313 0.15793200211458 -0.00958610430201653 -0.0652123728812691
0.199289666322891 0.0750652693678252 -0.0930213084302221 -0.0808144411855588
0.212490616512232 0.0155805337412392 -0.158243398685308 -0.0375232724541
0.236921414010461 -0.0129001372164037 -0.182428621405996 -0.00710380369413054
0.246697639036666 -0.00444175902025812 -0.176866295155326 0.000124475410401805
0.27759528436309 0.0292455889040938 -0.142481557792974 -0.0166853015246991
0.278689810880037 0.122333070301127 -0.0913117863004946 -0.0331796779661407
0.189281296975463 0.248362953814214 -0.0121760508417607 -0.0285623479575245
0.00457137245716845 0.360390736583817 -0.0383284757277131 0.0624118581374817
-0.224937986453653 0.304254220361956 -0.128769749952458 0.0788775405191854
-0.310293036109456 0.146562398101378 -0.239289799153609 0.00776414612307834
-0.339035954667873 0.0729670269870845 -0.0243336835089896 0.117491887586514
-0.288009679071938 0.170681305718541 -0.0536384719683558 0.0440696594002548
-0.173843533666639 0.258455251187775 -0.0146377131789151 0.0781226900077106
0.0160209692551454 0.285995722400081 0.0318443763395447 0.0255088247288013
0.178712859883292 0.226518246175903 0.0322010110455502 -0.0218296856077078
0.256842408752906 0.112733917320861 -0.0187850528948445 -0.0581203712574515
0.271401039324025 0.028789987150146 -0.064231192057623 -0.0310017388376162
0.291264922136085 -0.0103388464976527 -0.0784209743417141 -0.0135663783889755
0.295482635234681 -0.00582541071432773 -0.0726926405893775 -0.00874192499392485
0.327908621185978 0.0291027207758294 -0.0535511089241218 -0.0138394188633556
0.333088283573112 0.136114466513067 -0.0236119054045847 -0.0132024381294834
0.230890523110839 0.275832154121136 0.0185125056400038 -0.0161485402253633
0.033231051454826 0.397569618890435 -0.00825623471587251 0.0406477539270722
-0.220189657723073 0.359722306394909 -0.0738302347602165 0.0359896877117259
-0.335147991290343 0.191151931886315 -0.128286732733985 -0.0374666664199804
-0.350310095714746 0.0900254152513378 0.117263532927809 0.0834094366711951
-0.299743225275202 0.197841799729722 0.0230801723903333 -0.00532155422945812
-0.183719814047279 0.287024075604703 0.00757728466244982 0.0518733809597131
0.0132590476431477 0.317992426596165 0.0301207993707905 0.0562967811747005
0.188180265507659 0.252589912330035 0.0793983909840666 0.0358957391866414
0.274304907388508 0.128933755148749 0.0713923578929687 -0.0179021611751297
0.287781853024525 0.0359040565871961 0.0494191210032524 -0.0175438869323457
0.299595492688464 -0.00509297473345038 0.039834934236342 -0.0181438040096653
0.2976511333502 -0.00241240635073767 0.0387786512169593 -0.017825345120298
0.321629140538663 0.0318629783583628 0.037510249253211 -0.0166443332831899
0.320632011443924 0.134028970726718 0.0441573265120875 0.000108902507296905
0.213547107467902 0.258959241112413 0.0455326733118343 -0.00407159408083642
0.0363224218250543 0.357343457532518 0.0131027642293821 0.0106175819560416
-0.189047535758789 0.337300195881409 -0.0229262321402445 -0.0194727556848038
-0.30632080576809 0.195634429834653 -0.0104235031987992 -0.0914785296032863
-0.297169695644985 0.0972479698952587 0.25368324514895 0.0416379690667546
-0.246295022825164 0.190444006437789 0.108546667309972 -0.0525446560377486
-0.144209531523868 0.252666539599972 0.0364239803272423 0.0209535598583586
0.0145918757580081 0.274164923301504 0.0326083137551258 0.0800291731053249
0.161560793990428 0.220886352172936 0.12236987065993 0.0902462110633287
0.24105085812453 0.116368734382045 0.158992135451861 0.0251885748301578
0.255874492437771 0.0330586217355265 0.161436795155631 -0.00188265026066649
0.262938026360124 0.00105671770127089 0.150923574727019 -0.0204290547921749
0.255053967973672 0.00551213546147858 0.13927992564978 -0.0217872343525464
0.261967944853575 0.040133195693116 0.11053895931617 -0.0124444658943127
0.245675374269837 0.125488709118054 0.0933651047232797 0.0143760154766749
0.140411881143499 0.210744638098327 0.0580823160895848 0.0107871103673586
0.00853817722424778 0.255251453529535 0.023337598431194 -0.0140666630293251
-0.142818872058325 0.251580754819801 0.0172406125724376 -0.0631528377625333
-0.23367569855461 0.162578597524262 0.0940155317442467 -0.135928055540422
-0.188553016616591 0.0866850104878845 0.35540773671209 -0.00359940055959156
-0.139558607176651 0.140200344829116 0.174572600739428 -0.0894580708014548
-0.0727404755224807 0.156808714613197 0.0608463057016396 -0.00977154054390494
0.00823603603377051 0.16844889714934 0.0364783815073156 0.0885847696751194
0.10193009153808 0.144392109814155 0.150274329545429 0.122972239676042
0.162744555559444 0.0796553359348379 0.224513227437173 0.057642305681736
0.180772125783403 0.0245908425391218 0.250519714279494 0.00908486267385512
0.186114932202377 0.00650613756812479 0.238530126323622 -0.0193056530034272
0.177585189362568 0.0136270476824886 0.213313814480966 -0.0166383561905953
0.16816912676496 0.0449244707616063 0.157629077108307 0.00364025437895887
0.139787848234813 0.104497044262704 0.114304416397048 0.0350699822560604
0.0503117244383765 0.139312754888329 0.0526839092557435 0.0292756918295004
-0.0202572896263147 0.126291066346353 0.0242530366251926 -0.028091444256472
-0.0806670690791192 0.137953397911257 0.0474466914564818 -0.0852325490122975
-0.13267159891454 0.109157142630414 0.170867449120992 -0.160816604291287
-0.0475628903516154 0.0553670553139827 0.401249874773758 -0.044916451696073
-0.0163510380521072 0.053634365992088 0.208314564904437 -0.115642757107867
-0.00552786088077694 0.0291381749574076 0.0699297372047017 -0.0416495377845853
-0.0113452794433698 0.0431133352842447 0.0331956693002952 0.0792489753315485
0.0222426684679333 0.051216957288268 0.1575845038416 0.132066489896368
0.0572254376842513 0.0356214083093382 0.257636006603814 0.0734643010252429
0.0777684147429005 0.0148994555532569 0.301832033516587 0.0133765626218355
0.082226261683314 0.00997126403065147 0.289079144244793 -0.0157932167932644
0.0781113033247115 0.0151690964490823 0.254840518335633 -0.00330203782095062
0.0621712003279755 0.0371660579032465 0.17712452657351 0.0285334665206161
0.0362822750627618 0.0651622783432295 0.109494231759868 0.0568206075803492
-0.0173867732133638 0.0561983093674878 0.0322879769222712 0.0430863079769461
-0.0227076481928273 0.00722480887117636 0.02086156406118 -0.0369926690402489
-0.00357355673938492 0.0360849586662662 0.0709953314229819 -0.0911641209675818
-0.0188227976521975 0.0559893551908016 0.216847189934744 -0.16455811065356
-0.0694761049401763 -0.00487399451540829 -0.239794098693807 0.176726630960552
-0.0653685877844052 0.0326182331608376 -0.082195501594442 0.129756480922162
-0.0126385046143442 0.0636269754227693 -0.00653593056097792 0.0613547544981673
0.0380464460560156 0.0293410980262928 0.0153310575193793 -0.0409029148553481
0.0414834448363244 0.00366789058093255 -0.0749375345275842 -0.0772521521279497
0.0282272471745479 -0.00778759130843966 -0.167274022794342 -0.0539256859741833
0.0205628563606466 -0.00926820298288317 -0.241241086893582 -0.00975988049600649
0.0333220742246709 -0.0117915509288573 -0.279413757983346 0.0213421035486796
0.0434110001617508 -0.00799267493667364 -0.283224579412034 0.0123554451718749
0.063746292770912 -0.00769041619511153 -0.240473255387462 -0.0340617203946012
0.0722265130128144 0.0148690203404081 -0.165899340996295 -0.0810397476895345
0.0563251863795226 0.0673266071923571 -0.0612952846350378 -0.0619089309066674
-0.0159522319383116 0.118835763526726 -0.0805616301763331 0.0459218668060086
-0.0969484697162818 0.0646267063618654 -0.183667370855266 0.0841474559895741
-0.0999106615644767 0.00517880771053926 -0.350952736910223 0.0457979600904598
-0.17063525621222 0.029957552246136 -0.206728858386336 0.162726782229978
-0.138530622058674 0.0827622987696121 -0.0998023827039113 0.112821977704992
-0.0583565930678399 0.127647072727149 -0.0113399633683987 0.0786594474192564
0.0414045785332513 0.108611906296347 0.0287039232548879 -0.0262979807496017
0.0982010408691603 0.0689058803928271 -0.0462833342004019 -0.0795179797627814
0.114748661846695 0.0232419191088885 -0.141802152321245 -0.0715615779844903
0.117035274782221 -0.00427962262713149 -0.213806451613314 -0.0223472442095144
0.13930714329944 -0.018879947395119 -0.245679301942686 0.0123822987731797
0.151569419388655 -0.0103478850802393 -0.243876066764367 0.0128445054530088
0.176358333398002 0.0106956943261364 -0.202753601535557 -0.0192888714334705
0.177009252727157 0.0716671355096207 -0.136764903213066 -0.0531703498024356
0.12073193651837 0.163419380474934 -0.0404696522111151 -0.0419104879865147
-0.0118806078564271 0.24749400710732 -0.0637026220396822 0.0647498675804051
-0.1701107370364 0.191026749098731 -0.163541601930612 0.0952379615666881
-0.216469252902524 0.0808455780997102 -0.308772984682995 0.0438300769493829
-0.259373050674933 0.0593911447667918 -0.133340545925643 0.141059779561999
-0.21140836229431 0.128440735605105 -0.0946736793413321 0.0849536229646106
-0.112881887856424 0.190915850027307 -0.0164093056683019 0.0852491232549826
0.0333628493218646 0.194213479812183 0.0320668116082034 -0.00386416522661372
0.14551193313041 0.142364686208267 -0.0112181453553019 -0.0623634952488862
0.192067245279021 0.0618497833601502 -0.0926893517719467 -0.0736267365496097
0.202192579757363 0.00524324851798139 -0.151974656679994 -0.0283050711862241
0.225797443389373 -0.0234474977529564 -0.174642088331961 0.00161665775457944
0.236051473399325 -0.0155236315912865 -0.168542020407863 0.00692666600248495
0.26600757850426 0.014468039528868 -0.1371302980064 -0.0106193394148007
0.269981355511277 0.103559693088394 -0.0865254443448732 -0.0283110430386688
0.1887723086847 0.228235939234425 -0.0135643057858454 -0.0270246130268273
0.0194104802346437 0.341909795622037 -0.0353974212707824 0.0617858930752349
-0.200240624988535 0.298121335068171 -0.122023683877395 0.0796137458625673
-0.291388278137323 0.15154025659925 -0.229043939552038 0.0181662921138514
-0.318038797115585 0.0833996470635071 -0.0214087214454645 0.112675870250764
-0.265726225858955 0.1728988624522 -0.0532749844954071 0.0451086200507391
-0.154534659662808 0.251293030720261 -0.00989028931324208 0.0740617977206352
0.0275397571897346 0.270467658480226 0.0302022330307276 0.0233051340833258
0.180084589980043 0.205581397591092 0.0298449707813479 -0.0231449895933283
0.248480411044269 0.0949948175783513 -0.0211033365442549 -0.0551903370202135
0.259200084662626 0.0150930147009404 -0.0617650059401542 -0.0267465028874796
0.27784566059086 -0.0231395324533187 -0.0749481621925415 -0.00924820164612741
0.282254746027017 -0.0195203937175797 -0.0698984404191779 -0.00511451090036202
0.314724347344848 0.0125301712803464 -0.0525118560000367 -0.0118270514840116
0.32215799953743 0.112798713590201 -0.0214286800885945 -0.0124371365248464
0.229696816873799 0.2516003532514 0.0167682578912984 -0.0168179346577956
0.0491812763035734 0.376198979988686 -0.00898354822435132 0.0399722573288166
-0.194099723688048 0.349050443886945 -0.0709333029898362 0.0366010221979949
-0.313828343953166 0.195474482488208 -0.123889841923399 -0.0289876365486263
-0.327661546338631 0.099890573695017 0.112875067611738 0.0745273289628687
-0.277225006148473 0.199163025866749 0.0189643402746993 -0.00436110667528534
-0.164094601624125 0.279549919250805 0.00946815329679814 0.0484291568185335
0.0261554656476459 0.301743568655578 0.0302679163615874 0.0520723268698269
0.190013414855839 0.23086651638651 0.0763724080120822 0.0296667999068449
0.26613685051392 0.109413502800384 0.0663720109038343 -0.0214924550604064
0.275177914181203 0.0195775367162046 0.0470717531562366 -0.0185729845523126
0.2860601055832 -0.0188257089490564 0.0373204303788735 -0.0191073081161169
0.285139230754071 -0.0158368910923838 0.0361786108582583 -0.0191657199725948
0.30841818127466 0.0150385255058769 0.033811326611689 -0.017803516418945
0.310647300018722 0.111481706942408 0.043773446246942 -0.00337444464405392
0.214143289485226 0.236387573362101 0.0423485863411233 -0.00676154152702766
0.0491632147772013 0.337477177694492 0.0100283394291519 0.0106463498508834
-0.164624689844725 0.328006022458109 -0.0243988739252524 -0.0169551225794305
-0.28533764112529 0.197490827052063 -0.0139613644720373 -0.0845826629013208
-0.278264318406812 0.103744385581217 0.241661402335304 0.0296771659292725
-0.226695511423204 0.190065752836787 0.0985997571256863 -0.0524663329139298
-0.127493425666012 0.244706878202846 0.0352958470358106 0.0180662262489702
0.0252784898985448 0.260351801815053 0.0345270123041121 0.0749605336566168
0.163189721716776 0.203095245441586 0.119755767873767 0.0797489233455562
0.234555813539388 0.0988150888595289 0.151559961586557 0.015275195760598
0.244713965852957 0.0188693953949392 0.154223103149956 -0.0087515645894924
0.250872565174132 -0.0120011366699857 0.143565795124576 -0.026639068432753
0.243540279553485 -0.00656350985500128 0.131416064593362 -0.0276415598478766
0.251400128360335 0.0259739683618619 0.104186458026191 -0.0168898878694626
0.23991100695528 0.106087103732547 0.0909032806223938 0.008509918446995
0.142049006218881 0.194093625120105 0.0559508578498228 0.00780974838117912
0.0182334516129241 0.241184394016248 0.0190056594223771 -0.0130154785435224
-0.124296671150197 0.243625490996619 0.0121368306557563 -0.0593135099987892
-0.216975132253897 0.162751677869537 0.0839149882502995 -0.131640955586729
-0.17602207425145 0.08948572342177 0.338680823354203 -0.0179336777850096
-0.127753707068173 0.137859912621077 0.162127445845887 -0.0902855356873457
-0.063455708846087 0.150950509672267 0.0573350429229679 -0.0118366498308651
0.0145451352850342 0.160309971403056 0.0380166139060296 0.0827935362338518
0.103480044347428 0.132980861565563 0.147435102415378 0.110185586079095
0.158115881722639 0.0680193595346501 0.215689913860904 0.0439388875675631
0.17358064307752 0.0145405459035266 0.239601205831318 -0.00337705261110514
0.17737980611536 -0.00268174686069151 0.226924081142333 -0.0292298181587977
0.169943737368936 0.00480473660170575 0.202427998866396 -0.0263651373535506
0.161820972934268 0.0352443592988344 0.149479395032209 -0.00267926138025145
0.137546438677232 0.0917796059609582 0.110370685392237 0.0272155956980635
0.0538838478197974 0.130306667528744 0.0510628924323843 0.0257423475044996
-0.0153490668934666 0.121046348792991 0.0194886369666361 -0.0266056364407695
-0.0703126911627355 0.133841916123735 0.0407805465873379 -0.0813518646107235
-0.123210888651271 0.10826153873224 0.157361243370391 -0.158244850178931
-0.0435694287438872 0.0535230204487879 0.381713373478216 -0.0593734567263616
-0.0140606483328625 0.0513293575575187 0.19498426933947 -0.117537374544598
-0.00471985517239237 0.0272730733216767 0.0648104991712072 -0.0422797338061623
-0.00875767750937668 0.0418510714356389 0.0347125125504073 0.0745126170138351
0.0234186646772676 0.0479972531198859 0.155355004540833 0.118939571544821
0.0563318237024845 0.0303486372871634 0.248516164524318 0.05783155866079
0.075117809577503 0.00997343592584048 0.28846615105671 -0.000985937220701175
0.0790453792812572 0.00546340757923142 0.275767569940902 -0.0291298730245878
0.0751741767356713 0.0113867481339083 0.243000295298604 -0.0151947841725428
0.0609464963922794 0.0332306834971723 0.169338670698425 0.0195807728878054
0.0376473955350497 0.0599621825048357 0.106614792896126 0.049048775972651
-0.0137930490550179 0.0548543578057425 0.0326476724870439 0.0398574994474531
-0.0219503439398317 0.00809041479980293 0.0160359453981976 -0.0357115463430485
-0.00187584233101235 0.0338920258189302 0.0637992831168561 -0.0875818305141419
-0.0162977308502916 0.0528934674631756 0.202064206343662 -0.164769359925081
-0.0657030171248594 -0.00413943254171402 -0.233231285206828 0.170710715630309
-0.0618673526078844 0.0312872093442548 -0.0813044952004373 0.124348409109675
-0.0118631854496342 0.0610529498636166 -0.00575690824688686 0.0582339815068287
0.0359311313938227 0.0276205967994938 0.0139774670497078 -0.0396187640149805
0.0401712676458753 0.00252298827147582 -0.0719774076043094 -0.0736193673284667
0.0268855220705678 -0.00681252493569153 -0.161863107957805 -0.0508432648650799
0.0197291019294387 -0.00837422986902241 -0.233289742923968 -0.00831975190514452
0.0322649271223475 -0.0117125870850933 -0.270356976835713 0.022274051651844
0.0424236567672012 -0.00894873539929361 -0.273662749534938 0.012918617702749
0.0615845351715158 -0.00806944019785217 -0.232154032663573 -0.0326038751181672
0.0687473894573393 0.0141540833449054 -0.159694382126334 -0.0772949326776095
0.0542551485306615 0.0647264478310363 -0.0596777888493888 -0.0597181960362069
-0.0145569368719471 0.114058146986054 -0.0780160516203195 0.0446568054900262
-0.0928124796181126 0.06182448485852 -0.177852815756596 0.0790456936264063
-0.0963045166922023 0.00609741556072462 -0.339549474745241 0.0441617863333868
-0.162564674419219 0.0300157809780281 -0.201835886977048 0.156954266586795
-0.131800373848361 0.0795134260308706 -0.0987899468936832 0.108216467178822
-0.0555319670029016 0.122207306247564 -0.0106116602238974 0.0747905418782034
0.0397297322720248 0.103749428281995 0.0268325264047044 -0.0256979766587529
0.0952026984455746 0.0647475373870598 -0.0441981757527513 -0.0765858874850408
0.110018701955751 0.0218591456930416 -0.137339426607887 -0.0683269785250514
0.112640681652242 -0.0040819685055904 -0.206376916427321 -0.0195610560804267
0.134761702083086 -0.0191405238451226 -0.237091349539976 0.0138731872828768
0.147449959331978 -0.0113639367659977 -0.2359512203952 0.0138320630900182
0.170373250803293 0.00879661912555342 -0.19682692334248 -0.0184552257401167
0.169917898467317 0.0687351642678554 -0.131022634605052 -0.051303891987224
0.116220881953196 0.157039415631202 -0.0397119822842261 -0.0407149797904274
-0.0106164868241051 0.237725984555736 -0.062699579024865 0.0625211338318949
-0.163550269432206 0.183613929400255 -0.159090706256607 0.0904741147967467
-0.210077264994009 0.077908942799611 -0.299164577941301 0.0429465768190797
-0.247770670830944 0.0577264439065192 -0.131097568004459 0.136945652871151
-0.20134325127395 0.123258015913528 -0.0947450328920375 0.0827011179726153
-0.108702166240086 0.182997448280813 -0.0152310041648622 0.0810230946416807
0.0324975960571307 0.186181317877748 0.0301387475876009 -0.00292388872447161
0.140531547081656 0.134769572596255 -0.010789855898162 -0.060198841512866
0.184600382826792 0.0583022589268203 -0.0904714368275718 -0.0709260207305944
0.194434212832631 0.00378477225432495 -0.14693915061927 -0.0265189823124305
0.217846686107903 -0.0242981514004966 -0.16872924196119 0.0028561403622154
0.228367008615574 -0.0166308376256516 -0.163545382995956 0.00794806923234915
0.257688761598201 0.0121863494928983 -0.132808135418141 -0.0107148403578541
0.260320773868031 0.0972118142970157 -0.0826917667534855 -0.0283816027368394
0.182732223782183 0.218985790996337 -0.0142843920019848 -0.0267999651058436
0.019012675818499 0.328831614360213 -0.0364929981487059 0.0601822408462095
-0.191901046220386 0.286223325918641 -0.119075855705663 0.0760938739419757
-0.282527533769696 0.146425903287778 -0.222035481183618 0.0193959748582141
-0.304315323932592 0.0808681521594577 -0.0230741917840941 0.109377909442887
-0.254126159406437 0.166325463786219 -0.0547010717972748 0.0448553678608866
-0.148659378738111 0.240217848260339 -0.00932498330609497 0.0702572254567215
0.0272232721591724 0.259943811749097 0.0284948766632676 0.0227852744133161
0.174554109254724 0.19588360735133 0.0283549675691582 -0.0233748944680184
0.239212569249771 0.0885138037217626 -0.0221010336256582 -0.0538806830020095
0.250094061974695 0.012166803629947 -0.0596047714491023 -0.0251206069237676
0.267831044486825 -0.0248432582363118 -0.072781184001016 -0.00854537705961056
0.272916583424975 -0.0206114164270282 -0.0676904448923878 -0.00413254950229988
0.304791658675282 0.00915445273075038 -0.0521041995331695 -0.012187340144567
0.310898748859517 0.105783894495845 -0.0189873378378371 -0.0139138188284541
0.222292542612916 0.241201960915526 0.0146873203679357 -0.0165844237113759
0.0463116298429067 0.361110780473371 -0.0110724491943119 0.0402681006737059
-0.185454005921547 0.336835369564201 -0.0705250961882152 0.0362457428113445
-0.304617327647638 0.187840556477989 -0.120875056235157 -0.0255036770313118
-0.315002902233124 0.096444862475685 0.107092612514384 0.0724380967605032
-0.265682344341368 0.191829864501252 0.0150275431724098 -0.00202939357298647
-0.158375576687709 0.26805582855904 0.00973524244319296 0.0457200955918856
0.0259939184677198 0.290675453231001 0.0281923629458589 0.0499524995230743
0.183747513723765 0.220834117880104 0.0731397551722115 0.0269857723890379
0.256185443712651 0.102781133555779 0.0619078625861281 -0.0222566422258884
0.265797333329819 0.0168165699783173 0.0454161634159221 -0.0184184384541772
0.276336487623472 -0.0203556490648438 0.0362892645024298 -0.0198081827720577
0.275158938336681 -0.0177240966573514 0.0349582881767682 -0.0192418056607922
0.298054639950493 0.0120761798165097 0.0313621971646721 -0.0174923496486673
0.299560479772827 0.104349704405821 0.0439500876415488 -0.00550847520005141
0.206913005596259 0.226599046356245 0.0401421256195825 -0.00737080559620654
0.0466243648096622 0.324332864477028 0.00720208850629097 0.011801559080125
-0.157021775714993 0.315373442311752 -0.025821665153959 -0.0149573805069251
-0.276846821267879 0.190532188320015 -0.0132242390770237 -0.0790022492475289
-0.267516449495582 0.0997692499001046 0.232258496966349 0.0279479701743074
-0.218911105647025 0.182524514320283 0.0931080787695345 -0.0487767161838811
-0.123890773580255 0.236006884581406 0.0345593595146041 0.0163514750583258
0.0248634232314868 0.252156353381657 0.0326835942305203 0.0725575686576789
0.15882062793013 0.195064252722151 0.114913435027045 0.0749567146383095
0.226040045851864 0.0926249763283489 0.14536898840967 0.0125249654296785
0.236297692397779 0.0161519891309322 0.1488370146659 -0.00995503997620657
0.242452086441356 -0.0136076963505529 0.139138754529702 -0.0269722995633996
0.235544501829025 -0.00784876445741423 0.126688252283169 -0.0285405629727098
0.243644808086263 0.0230522171482484 0.0994053204972424 -0.0164958034340108
0.231258179933772 0.0992250932367325 0.0882423314081184 0.00583704638798205
0.138000508108981 0.186024204245835 0.0540122823269471 0.0066820798934356
0.0169349510191552 0.231694196531484 0.01595724474523 -0.0108953492893927
-0.118473234778845 0.234480734892613 0.0104137004126501 -0.0559741366160839
-0.211204273509105 0.156147890054318 0.0816859458406882 -0.125430480632415
-0.169474202002388 0.08546721748068 0.326138375680146 -0.0183516522178754
-0.123504293645277 0.132288113218 0.155496025525156 -0.0856151151066558
-0.0622292950054864 0.144595515728122 0.0557340990010562 -0.0115483695219417
0.0145180415427558 0.15517285237978 0.0370939417529138 0.0804804973927339
0.100008002796456 0.12794505066968 0.141536067731313 0.105152556284839
0.152649246606844 0.0634690749211568 0.207507583789046 0.0397588684066202
0.167783476102081 0.0120013107746732 0.231333443390092 -0.00467672877424282
0.171869049135478 -0.00430100760603008 0.220111128047728 -0.0307555994227907
0.164237168213209 0.00373721031358893 0.195659636730606 -0.0266594820881363
0.156966787599978 0.0334322154717719 0.143692342535977 -0.00282974479179951
0.133575296441545 0.0861067065852695 0.106771564767704 0.0245466431045828
0.0523415755157026 0.125495341048555 0.0493988741941555 0.0239231753992703
-0.0150523505829084 0.116211349649657 0.0165737848820261 -0.0244053400048959
-0.0676971143377281 0.128417106264663 0.0386153448023418 -0.0768397623064679
-0.120093954109548 0.103548244796188 0.152611987774484 -0.151859270649403
-0.0421990802158456 0.0505530798589297 0.368130756375325 -0.0583279455538428
-0.0145320011527449 0.0487537014953531 0.188627580434399 -0.112301950247196
-0.00549465628252156 0.0256718640863231 0.06318555970315 -0.0407935850623625
-0.00816070615960055 0.0411082937938642 0.033813045640608 0.0722515691416045
0.0226380593274862 0.0463049579747029 0.149183803876299 0.113583584681689
0.0544798853320903 0.0285903394855518 0.239678471428859 0.0532677709350933
0.0720398645932438 0.00822077834207627 0.278757659991686 -0.00318558630140941
0.0759136195716937 0.00441721289561616 0.267181555848941 -0.0305434283624505
0.0725672135201868 0.0103260750640627 0.234679719703846 -0.0170206022256043
0.0592135085892892 0.0323281618383923 0.163580283670416 0.0186763918560596
0.0368961558033039 0.0564725846315641 0.102490321088467 0.0462848610681617
-0.0126214810422637 0.0525562057260838 0.0312556266019488 0.0379682237179621
-0.0220783388676813 0.00819997167982963 0.0143120332260604 -0.0336034244729836
-0.00188819420241106 0.0322131295678595 0.0609098687580013 -0.0832573883556515
-0.0161803162879276 0.0498861454312232 0.195765938605322 -0.158507318796667
-0.0619964953637525 -0.0130207551051783 -0.254015957385493 0.1335054974429
-0.0647138010802407 0.0209754364205719 -0.0998016526728019 0.108027612364534
-0.0201962155864114 0.0580000587511255 -0.016254523769541 0.0538440920289734
0.0305619703264849 0.0323101201507639 0.0167394316925945 -0.0369348932484147
0.0388933879288992 0.00824914020630374 -0.0612829405490245 -0.0809740960250351
0.0280869525672201 -0.00125991467612955 -0.153835351337035 -0.0708038996832416
0.0198027531214908 -0.00273626851426403 -0.231417667283699 -0.0385446953268287
0.032706846001316 -0.00555653198386276 -0.269981063831945 -0.0192536707778149
0.041467327107709 0.000131571560607541 -0.273137889022513 -0.0291669090579358
0.0588467366342587 0.0025019282719178 -0.223433912483282 -0.0696754973152457
0.0620851664601972 0.0255711129011163 -0.145228612646066 -0.102960455007454
0.0409794729685057 0.0726500776824403 -0.051031357203193 -0.0703343438933634
-0.0312394671103032 0.110132321525705 -0.0814249187312857 0.0304434412911639
-0.100109962152466 0.0477293299386989 -0.186401863043583 0.0491467206243192
-0.0955558354464269 -0.00549477099296479 -0.347222918902778 -0.0122902152820251
-0.16171707821221 0.0069065190432739 -0.219380235281237 0.117014061773999
-0.139930793336473 0.0567345193072714 -0.115426024035531 0.0863545507375259
-0.0720434864376612 0.110542011508914 -0.0248410439776733 0.0652112613129699
0.021528398591061 0.106252480086242 0.0250465878327555 -0.0237452447173088
0.0814032290134415 0.076593336095574 -0.0367897404130065 -0.0823217926498825
0.104148527111185 0.0389054081431206 -0.130932277673147 -0.0844725706486519
0.111090429704367 0.0146694399619251 -0.20443629517174 -0.0469639928335172
0.134608848958224 0.00243085769876601 -0.236080833988361 -0.0218240372486544
0.143812344134359 0.0134721373459981 -0.235618940755857 -0.0228408830612972
0.163647653045223 0.0355138943066077 -0.19050875133104 -0.0521779684122841
0.151997863800167 0.0938531423438981 -0.119829235560593 -0.0745598916289218
0.0862323562311283 0.173128484927941 -0.0342191938941433 -0.0502067895172363
-0.0464904996196808 0.231322236052516 -0.0682173550663299 0.0500058540360118
-0.187987271851949 0.154364535183787 -0.166546458659189 0.0641172076790101
-0.220140248766593 0.0457765043355871 -0.304727810517702 -0.00570487393093473
-0.248810007911295 0.0231780832865798 -0.145192095475112 0.0998004351292992
-0.214318450593001 0.0894934217323905 -0.107458222001641 0.0575058125414913
-0.132561135317278 0.161444072324691 -0.0312310179704732 0.0652999557597216
0.00146084860714386 0.185623517519134 0.0233580529102396 -0.00600232925682004
0.114023806945826 0.152059882990815 -0.00977241348069807 -0.064272126542943
0.171006952552955 0.0846634605536612 -0.0882526471008599 -0.0795109157974558
0.190933680507818 0.0343954809649055 -0.146255896015488 -0.0461392570053087
0.218234961660942 0.0101453853660804 -0.166550476970878 -0.0222324031900878
0.224360792381937 0.0196824018403158 -0.162595035016934 -0.0186875429611345
0.248768116366914 0.0511815476492995 -0.130044372405343 -0.0360895041201286
0.23594429220868 0.135207269101108 -0.0753920765447893 -0.0467495474419746
0.14133251018497 0.243604905386443 -0.0109172489207988 -0.0335162788443864
-0.0317407507643065 0.323700670593845 -0.0415750862380234 0.0517317078620889
-0.231447485523283 0.248977261660274 -0.122387764961623 0.0574822512088473
-0.302676170477821 0.099187947883152 -0.222375354253058 -0.0157557234293173
-0.308129380937013 0.038335692213291 -0.0335771227851366 0.0822534594265444
-0.273020613116425 0.123516509031208 -0.0628508457089482 0.0226508602972588
-0.181935924354019 0.212320097323472 -0.0257859328714508 0.0512532283819597
-0.0152673887696374 0.256523062084717 0.0171632864639027 0.016003407956176
0.136821691156163 0.216481256631077 0.0208288332017208 -0.0250080282151563
0.219294084310236 0.121959828858015 -0.0261681206573198 -0.0529864855980969
0.244246237442087 0.0512751429489401 -0.0611344811540426 -0.0342599837229096
0.267813098069212 0.0167155521536275 -0.0694501698006897 -0.018785075204039
0.268910675490861 0.0227310910984393 -0.0659214580887312 -0.0164270505956029
0.295581364468988 0.0546243737769876 -0.0503743569417041 -0.026150746054663
0.28420671268927 0.149641398607454 -0.0151971908995692 -0.0241132694900762
0.177549561472267 0.271055529884343 0.0160624687328021 -0.0198380995345602
-0.00996495657190842 0.358961319316274 -0.0130378798805871 0.0354644419400803
-0.233501562518355 0.29806788397355 -0.0670529957805929 0.025690730469576
-0.331459600068042 0.135193187791207 -0.112182185683906 -0.0426341106479721
-0.321348100696381 0.0526401735649478 0.1004539067799 0.0617170967988979
-0.28843714001048 0.146884777306936 0.0121925210990072 -0.0156362458434875
-0.195528419345983 0.237258599476402 -0.00514474778070746 0.0282253033695349
-0.0215491952018405 0.287542462105441 0.0126232083160308 0.0420055149276092
0.141727364342814 0.243626249318349 0.0562013190222046 0.0295255752945202
0.23308122427218 0.137759333743358 0.0512629053912754 -0.0105003259674695
0.260160324509667 0.0573281617970646 0.0414973598952407 -0.0145328734542636
0.275815265995507 0.0212311575984452 0.0397956005623264 -0.0131761851419464
0.271271680254425 0.024331344453068 0.0380487795101515 -0.015354510072664
0.289919002276035 0.0554839819302684 0.0324688369780343 -0.0180863131427975
0.274458813713643 0.144655532248348 0.0452303205504791 -0.00581213689243675
0.16519990955154 0.253750328635369 0.0398321731648198 -0.00625882114265021
-0.00364063518378453 0.321713218410432 0.0080354606220558 0.0114976859078079
-0.20309353057819 0.281300269536814 -0.0152356068714604 -0.0170667622247446
-0.305306043503059 0.139975313542887 0.0039946443870646 -0.0782422501592405
-0.27614888441476 0.0617619953859054 0.229586426062347 0.0378234383941937
-0.242395792472384 0.145261669261854 0.0969501067498844 -0.0485177017316005
-0.157848289725201 0.210851913116252 0.024477914669302 0.00613352249057525
-0.0169556106319689 0.249750667216361 0.0151583381591678 0.0664512095109839
0.121592194859949 0.21541588835758 0.091865923124437 0.0834848778699923
0.205000817554204 0.123356035715421 0.129445042927598 0.0352128591345375
0.231692850412445 0.0517141896500633 0.143856489706698 0.00653628862247175
0.242044638598868 0.0228274513641184 0.142686208772012 -0.00565819941044271
0.23203013081269 0.0269375104174289 0.129784604838239 -0.010497934644556
0.234238803176815 0.0585396380972815 0.100266929494827 -0.00554242976992187
0.209994348351061 0.129130071752531 0.087605629292847 0.0134920599056645
0.104766032932184 0.202910026732159 0.0515614511051644 0.0109510740402134
-0.0197627331667915 0.227245705987359 0.0188394826118619 -0.00860344002318121
-0.153394610619654 0.207637039321161 0.0247664061873235 -0.0511084009141844
-0.234963563858648 0.115355389715882 0.106564922310501 -0.109405817003164
-0.179845657264886 0.0604828159952467 0.32609293836643 0.0107812227143999
-0.142201842464437 0.110428129459063 0.16515894280736 -0.0715945311859884
-0.0847222404859123 0.131412584310504 0.0519289534498377 -0.0129916879031532
-0.0116832087769945 0.15429041489471 0.0214302783598032 0.0779813340617809
0.0759880837404525 0.14142787511714 0.117667638687519 0.118477857521644
0.137824119906406 0.0838975418372764 0.191431636134967 0.0694999643660719
0.164165524231342 0.0363575922552522 0.227174022619309 0.0232599783483072
0.170831606576786 0.0208297534323405 0.22281488663851 0.00246111059467903
0.160803530333858 0.0270113023938739 0.197803073561667 0.00169338214190556
0.148970931504166 0.0552216175917717 0.142450372768533 0.016655970488568
0.116776294483563 0.101838392051985 0.102468171184295 0.0372136715586115
0.0315546579638543 0.130311277507146 0.0456082819421839 0.0292711049985417
-0.0333983156911291 0.110173431903171 0.0203176511689638 -0.0210570386910698
-0.086744771791274 0.112626482755374 0.0536564473573554 -0.0676036027654543
-0.137309766653403 0.0777784014988869 0.181319512534257 -0.124802618447176
-0.0505766875169053 0.043678991733607 0.372027956301808 -0.0143747324425234
-0.0229813874107181 0.0457918255589155 0.203029421851454 -0.0868865786016686
-0.0105194730669904 0.0236659837552042 0.0673117595822797 -0.0321694808918527
-0.0150165178280025 0.0392362978111644 0.0235320697677916 0.0738893136710611
0.0141436147100068 0.0499513796307461 0.12814043545207 0.129834068038711
0.0478829662908331 0.034349435852252 0.227224879835398 0.0860757195690114
0.071167343999202 0.017702145055632 0.275264642252194 0.031553345274345
0.0759650274782901 0.0148417337932491 0.269086183359388 0.00989368723294257
0.0710597788806644 0.0200240077560719 0.23534177368353 0.0176654425921487
0.0541494071330756 0.039580099347296 0.159097653934746 0.0429624929280346
0.0284393468662275 0.059056850968319 0.0940768661871837 0.0600541526855866
-0.0199207034575966 0.0496594152235618 0.0260545326664766 0.0420892339904996
-0.0239390229481091 0.00431978149067154 0.0182472486382736 -0.0299555071095622
-0.00822931829539804 0.0299999338736687 0.0747397578792304 -0.0714929419801726
-0.0258447814355467 0.042211850404564 0.224392453023497 -0.12565713561855
-0.0622621941245831 -0.013328586463259 -0.262220688669803 0.138612843027529
-0.0646515451793167 0.0212492694566543 -0.104585690468555 0.111680528011101
-0.0198140203474642 0.0594575120605641 -0.0166781967476794 0.0548612759417921
0.0309574722815134 0.0321178352045963 0.0164536401780231 -0.0375561070836817
0.0399140072196646 0.00742596786934369 -0.0615853947195543 -0.0823131905604473
0.0289681995072769 -0.00104827215309588 -0.156980798720548 -0.0703291430942879
0.0206149942262489 -0.00308407371848811 -0.237180576709914 -0.0372529609832501
0.0335796081069123 -0.00548499778280307 -0.278024977948348 -0.0174212552286
0.042941869003815 -0.000354651777779446 -0.280763407424104 -0.0279363744844448
0.0607656213014301 0.00177633656417693 -0.22989818963122 -0.0708305047572599
0.0633393582883725 0.0260733109413151 -0.149371007478489 -0.104379031710386
0.041443737266104 0.0738751049946168 -0.0530661989249605 -0.0716818624720042
-0.0316149539065128 0.112382958811926 -0.0838180789091239 0.0314625201739615
-0.101912659890182 0.0484112908292209 -0.191315761683189 0.0488199554232113
-0.0981139288068409 -0.0053241048165324 -0.356230927258777 -0.0125436683986549
-0.163392863849917 0.00776550525949924 -0.226354186545475 0.121566697788027
-0.141628604382916 0.0577940209968818 -0.120417973454637 0.0900423317293417
-0.0731206458163383 0.112503632310448 -0.0250148104290206 0.0660191759754521
0.0223627215899014 0.107990779356441 0.0255286040831994 -0.0240603938354849
0.0834786352858578 0.0768870984572472 -0.0365175073035379 -0.0834836765565929
0.106596236065679 0.0392807443425705 -0.134211318734421 -0.0846645641477326
0.113997700520336 0.0147830153414001 -0.209939126732638 -0.045952337207072
0.138378545759485 0.00149609493656505 -0.242953839097872 -0.0204053545525833
0.148561528677216 0.012723951473486 -0.241756296539619 -0.0223996547880097
0.168152904214072 0.0346086167055042 -0.196542205793204 -0.0532514309740299
0.155609176152886 0.0947930622754047 -0.122778134464927 -0.0767260203513938
0.0884406906159848 0.176950050842912 -0.0361394716094894 -0.0512652430958571
-0.0474591340292653 0.235918868710725 -0.0706981793680504 0.052669775601854
-0.191870399903353 0.157659300327305 -0.171373420028365 0.0649874266573508
-0.226745195281514 0.0479359347854548 -0.313227378274513 -0.004422839446906
-0.252703206366638 0.023863780840424 -0.150978022504453 0.103058564199914
-0.217600801531942 0.0912320109277449 -0.112899608668381 0.060722360872348
-0.135687033940253 0.164481830423855 -0.0319508679212255 0.066339522065719
0.00189325590403374 0.188764363034182 0.0235096799452804 -0.00523061177592607
0.117186526939829 0.153172214675525 -0.00965014592630137 -0.0653467931783524
0.174919494036532 0.0850932405103491 -0.0917566131635879 -0.0801033316740675
0.195427136114379 0.0346601857623 -0.150186764789562 -0.0457538851031433
0.223572507999791 0.0082433302465196 -0.171271183329489 -0.0213089292318899
0.231236240264431 0.0185454961276543 -0.167332652961347 -0.0176823019125522
0.25602821544199 0.0496308179617633 -0.134649416939551 -0.0369488036447092
0.241211336378565 0.136432367579603 -0.0763915794864538 -0.0491524297746474
0.145575541297867 0.248524805686348 -0.0124956164679843 -0.0341310675193135
-0.0324928083792848 0.331041713428647 -0.0445438479811551 0.055114551516236
-0.236657058851533 0.254579608042618 -0.126586452604719 0.0589852905795412
-0.312431689485502 0.102621206689232 -0.227744069024184 -0.0125997458709403
-0.313029693898409 0.0388832382911034 -0.0359588510637477 0.0855763932547083
-0.277886391913213 0.125932620473537 -0.0674207107357836 0.0254255368088105
-0.186068455753686 0.216849954097404 -0.0257202211676286 0.0516804421453236
-0.01443411902852 0.262231555513731 0.0162468352333007 0.017426360428882
0.140635576483031 0.219283000858689 0.0210929128825319 -0.0255351251388913
0.223401666503354 0.122987311868921 -0.0286528993689814 -0.0545280371942901
0.250233525695836 0.0498440514819853 -0.0629518114526086 -0.0339906189110035
0.274975039519936 0.0145938946907273 -0.0714993904390055 -0.0189411143149184
0.277115137387588 0.0204420773744989 -0.0678948305895008 -0.0166731259032257
0.304228268080225 0.0526570504354671 -0.0528157134056478 -0.0260811883488047
0.291374019868949 0.150135562408243 -0.0148369630386389 -0.0263841770057982
0.181762679751798 0.276224682873406 0.0156705547972726 -0.0207983430087954
-0.00995595395997481 0.366497404781095 -0.0157814325320132 0.0388667487790699
-0.23847960330751 0.304575166757999 -0.0698047339237563 0.0275127913800984
-0.341912716236796 0.139327637199751 -0.114438356665086 -0.0406205128811905
-0.326302724167511 0.0529930347032606 0.100684067358927 0.0633417582130903
-0.294462152630386 0.149531559333592 0.0101386925225481 -0.0141355735503679
-0.200782772343071 0.242364386902831 -0.00499188747047659 0.0277507125307306
-0.0209750116900464 0.293691926482833 0.0128074684443225 0.0440639173923692
0.146056945801759 0.247266432098914 0.0571519885999484 0.0303333460711816
0.237747226484486 0.138461639660041 0.0510664521494112 -0.0119326379615289
0.265745163466981 0.0565522667396174 0.0416433806648053 -0.0150269409479592
0.28230017105815 0.0186910251435673 0.0402069000071314 -0.0145310896923151
0.278666857006098 0.0230177654824734 0.038443189662986 -0.0164347014692041
0.297340260306943 0.0538901825278892 0.0322301139655612 -0.0189230801511947
0.281971101715319 0.1452064426807 0.0467390168898801 -0.00889928268564177
0.169980359697253 0.258578776994296 0.0404266634226731 -0.00657007438012621
-0.00437766495243026 0.32881708558449 0.00559081271146417 0.0140068698239136
-0.206524062584374 0.287371903479877 -0.0168888147618324 -0.0154048798764802
-0.314321559785652 0.144475085681795 0.00490469800744301 -0.0777710633952253
-0.281864665977829 0.0625160438718338 0.233032331808579 0.0379893075971446
-0.247895813066099 0.148566155907427 0.0978521526903377 -0.0482476028554131
-0.163633638312571 0.215564625248004 0.0252102364928772 0.0047050478783395
-0.0165666998769634 0.255507010865463 0.0147350129300829 0.0686293895567299
0.124714474684226 0.218729203596302 0.0940479962005239 0.0854209056905152
0.209381638033736 0.123774319223413 0.130800343551855 0.034455412504172
0.236858029174179 0.0501163343841805 0.146307742747686 0.00551930841051427
0.248055868671902 0.0215306964303411 0.146276566674702 -0.00752888629858645
0.238336767505957 0.0266758135382151 0.133480744160059 -0.0117214624443929
0.241012993967675 0.0568635104105417 0.10166237240597 -0.00597050120938185
0.214911961915071 0.129083821870705 0.0894659250895276 0.0114430572401286
0.108221837864815 0.206334460371596 0.0527130961239581 0.0103075888596297
-0.0212507431470194 0.232094370741738 0.0170031789442112 -0.00661723251366584
-0.156119210466045 0.212038876719846 0.0248909430114224 -0.0504875088004182
-0.24157821363083 0.118566594983506 0.110164546911717 -0.110217330470726
-0.183739924388625 0.0614318303747536 0.333136436542386 0.0105420519003906
-0.146315307413616 0.113134462629637 0.168686712794206 -0.0727533594460101
-0.0882180381880134 0.134461310311643 0.0534134372225457 -0.0135260905673884
-0.0112536068022846 0.15886539438371 0.0217902418223486 0.080584938677676
0.0781302822935319 0.144325005017917 0.120177607011686 0.12117348955741
0.140746966508334 0.084271282111067 0.194846162745906 0.0687045442490813
0.168762570244319 0.0353019258973954 0.231164711122003 0.0208658848209039
0.175681025094645 0.0201012608319811 0.229248335892103 -0.000203522012479285
0.165289291431322 0.0265740040352594 0.203649524393431 -0.00124243081717282
0.1532598686225 0.0552411203383753 0.145301848711772 0.01601620526531
0.120106274326925 0.102224783802858 0.104929728525053 0.035892657919726
0.0333557953690697 0.13301098465837 0.0465035228793087 0.0293878400843938
-0.0355302008722923 0.112657383134072 0.0184656706995403 -0.0199586640651149
-0.088652708775031 0.114951686579797 0.0547214597935777 -0.0674625049137176
-0.140897966626634 0.0790814359318943 0.187042701842204 -0.127518171895657
-0.0526643797256076 0.0438945639785247 0.381730645198015 -0.0161340464670979
-0.0247351412912542 0.0466381188203116 0.209759861069167 -0.0886592479129543
-0.0122298160232133 0.0243895038900629 0.0696085023504691 -0.0338060966568388
-0.0147574587486739 0.0412248244450842 0.0247264257745683 0.0763445465761418
0.0144760238672663 0.0517203057526624 0.131495885402919 0.133261080576865
0.0482725755907998 0.0342471638478767 0.231878700600399 0.0857655855124994
0.072757740039901 0.0168425747252665 0.282174842531129 0.0291677188471726
0.0774632281261074 0.0142366494345874 0.276577209336882 0.00669350703430534
0.072888873931951 0.0199062737495407 0.241679453082384 0.0156081411165388
0.056246664410731 0.0402171124423833 0.163044393796789 0.0432930357306379
0.0297060393148464 0.0598314003670368 0.0962013147104376 0.0603612460091942
-0.0198740283642661 0.0507220987544785 0.0271016225801341 0.0427480190773505
-0.0255156413357866 0.00484660246617627 0.01650222391666 -0.0298936415279858
-0.00824359131105928 0.0300946097526439 0.0774311739087481 -0.0716938244839616
-0.0270274376607585 0.0415582333559668 0.230947481993059 -0.128349104436937
-0.0633652204810397 -0.0113589774046528 -0.26621803966295 0.153934637145409
-0.0646857268749558 0.0239436715258366 -0.104826334131954 0.119529912942384
-0.0170259401012886 0.0611596018530338 -0.0148790885067307 0.0572828635196062
0.032889933879459 0.0313868000213886 0.0159507965967738 -0.0387348235752675
0.0410846824718328 0.00471866812133921 -0.0646160257591332 -0.0817278524350733
0.030164045862852 -0.00216747082245896 -0.163091013719577 -0.0649246705845189
0.0210957013175919 -0.0029203237558165 -0.245268887815645 -0.0265893387917372
0.0343041127243753 -0.00719749736699021 -0.288165966746183 -0.00533817677484089
0.0444497131871825 -0.00317736361950526 -0.290283242141559 -0.0163340264285288
0.0619695891065826 -0.00160782848687619 -0.239724520918704 -0.0635203347152279
0.065204621605812 0.0241926547237595 -0.156831838131422 -0.101117481492475
0.0455078166052078 0.0745190605147374 -0.0581273196428882 -0.0716931842387561
-0.0277364699180943 0.115325454369042 -0.0851832211889782 0.0355887840349287
-0.102764014756096 0.0532375534120163 -0.195847371424136 0.0553462500058634
-0.101665248414226 -0.00138612247260106 -0.368701258895434 0.00249430524020235
-0.165767691332822 0.0133879311799269 -0.230404693549326 0.134529202725213
-0.141590059951603 0.063635216690269 -0.122868826410571 0.0975347885809211
-0.0704841904990498 0.117347112176783 -0.0228115360715435 0.0682843322051347
0.0272252415490608 0.10885776636424 0.0248934055115234 -0.0254749601895683
0.0886130608368562 0.0733142999357713 -0.0392686256874215 -0.0839508650414702
0.110703103392455 0.0353052935662065 -0.141078447091473 -0.0795633230531923
0.117515636929977 0.0101912145425977 -0.216981404474251 -0.0371188430732239
0.142148549007812 -0.00435018108917434 -0.252326296648753 -0.0103529940865067
0.154088485981434 0.0062234876213035 -0.250656230931182 -0.011450145000149
0.174244741244813 0.0277177108290054 -0.205382323229385 -0.0463823449649492
0.16331069600106 0.0908368771191125 -0.12859976067268 -0.074895749494788
0.0973397734911922 0.17792634264125 -0.0400657530326146 -0.0517617990330402
-0.0400904000184049 0.243150917721009 -0.0726208241208578 0.0581746425046447
-0.191566467734555 0.168612580504123 -0.175064384786402 0.0724191153147152
-0.232043400285282 0.0586000934315711 -0.322973194078369 0.0103489180829872
-0.256572472503005 0.0331838649651211 -0.153612069519922 0.113989077303903
-0.21857855106543 0.100432776583788 -0.115502141423431 0.0688383895015913
-0.132824615673007 0.172907959389851 -0.0300798399631946 0.0685121184952315
0.00974021958055289 0.192788581104623 0.0236393844425927 -0.00553236771132629
0.125726816056486 0.150959061831517 -0.0115451425910921 -0.066373400684354
0.18177866606816 0.0791323791641762 -0.0975870267988332 -0.0777313191775929
0.201658711669243 0.026979809144659 -0.156000408243656 -0.0393444955837176
0.230689744221316 -0.00123629460209235 -0.178103748968589 -0.0142205479740335
0.239219529894822 0.00852317810794603 -0.173367340595213 -0.0108738616611899
0.266054160862923 0.0389927698583645 -0.141050346895351 -0.0314856853765158
0.253706254979493 0.129387669675269 -0.0806311455493443 -0.0488809300860738
0.1584921172398 0.249415143635459 -0.0156588496494056 -0.0351389115976698
-0.0217225959394643 0.340172484466882 -0.0450702701797212 0.0603616412295456
-0.233122917039306 0.269547324457628 -0.129169478898236 0.0665603790517223
-0.318587223561064 0.118754258992781 -0.233501822036815 -0.00136922043242701
-0.318391984600282 0.0503425299611586 -0.0365631263612328 0.0900350176046485
-0.279630521255366 0.138916324061819 -0.0704584474840724 0.0315105991261058
-0.183215432509555 0.228208014182233 -0.0241556557552846 0.0530472566917774
-0.00440937070354326 0.268709910977782 0.0170558832528066 0.0178356251085578
0.153147576703058 0.217634168836467 0.021472979724428 -0.0267010914231757
0.232830066661161 0.115361221847804 -0.0324309907563479 -0.0541552126650474
0.258673011747161 0.0398504279020452 -0.0660208412702296 -0.0314739183420378
0.282915941704385 0.00186656010866986 -0.0745753670505763 -0.0164809499022102
0.286140416706241 0.00865466705054744 -0.070715531043084 -0.0135777938150582
0.314570859663796 0.0397907450046463 -0.0567177397856772 -0.0241254374381328
0.305174531954005 0.14063478840301 -0.0160731615447117 -0.0286828105388132
0.197989563371759 0.275522559808676 0.0142264279611936 -0.0218940463902061
0.00311851277085342 0.376510810097623 -0.016791044081853 0.0434115690441333
-0.233321339125574 0.322456605491226 -0.0712382122836192 0.0335221437178556
-0.347376194147825 0.157460046165356 -0.118141927683749 -0.0339190694061967
-0.332113774044832 0.0654401521349066 0.103586104662136 0.06187113680869
-0.296954906047518 0.164487982949718 0.00901949122839061 -0.0119647866343167
-0.198086014404188 0.255586414591668 -0.00394497723210239 0.0275300862828991
-0.00853928539523054 0.302482223533584 0.0132799412068709 0.0454746712730584
0.160112424594453 0.246797107351656 0.0604664732301398 0.0301473108468849
0.248205345513532 0.131543817337186 0.0502432544159137 -0.0143361896351117
0.274376652866976 0.0451641877656409 0.0421302988122718 -0.0163983258168659
0.290772760253842 0.00649256565229353 0.0409928306448981 -0.0172089928857573
0.288864740190615 0.011107958368382 0.0385668781025124 -0.0191353941478688
0.308842981306579 0.0397755695331655 0.0311131639105084 -0.0198632502979031
0.294981005087168 0.135018631313328 0.0475749405031691 -0.0132681975844322
0.184797842650106 0.25805387276265 0.0406858981591954 -0.00867504351533186
0.00667942252523515 0.337690181039695 0.00453600293462046 0.0176439830682199
-0.201469976090788 0.302380329018082 -0.0185213559993432 -0.0121448392989552
-0.318771310527265 0.16163201699798 0.00436288703827527 -0.0774321820454446
-0.286656954034759 0.0731947265965398 0.239405130658207 0.0302269737797052
-0.249968253419221 0.161185946671199 0.0972865789090249 -0.0512736253425719
-0.160998902392947 0.227341618287987 0.026052270371747 0.00289291246217666
-0.00588313496059354 0.26320991793951 0.0176978388561987 0.0705561193596147
0.137859878132031 0.219648995377333 0.0998271903604946 0.0849495395373318
0.217986525424888 0.117785038781833 0.133597817573762 0.0292178710215274
0.245475105041655 0.0406477182918989 0.150107786242104 -0.000283112758111309
0.25548398272678 0.0104293348693505 0.149883069436199 -0.0158178188592921
0.246849074692542 0.0167779494453267 0.136742650114861 -0.0191743243210301
0.250507178674303 0.0465231436037233 0.103021586764228 -0.00989497412408091
0.225362529688923 0.122246162398748 0.0917361324817368 0.00564179708997885
0.119494113123203 0.206595884199796 0.0541311762221355 0.00895827929364055
-0.0137323554911367 0.239457379284124 0.0149306467814926 -0.00480931439773763
-0.152035060982747 0.22338095420812 0.0234192965419749 -0.0500391051401995
-0.245494739359392 0.131645287135104 0.110792411893427 -0.11602533592012
-0.186617382567036 0.0685346864239631 0.341835496257204 -0.00231640940280761
-0.14732611610785 0.121582595910975 0.170532651527047 -0.0803239110641845
-0.0878231380012538 0.141287685954238 0.0546980817554687 -0.0174724721002655
-0.004577373810916 0.164123041039367 0.0258187595858703 0.0826740728900613
0.0861660371582286 0.145590864259411 0.12755535101092 0.121104967201088
0.146923387039476 0.0803492589896766 0.200690777335657 0.0623384407863223
0.174394512252214 0.0283267899735496 0.237888071691203 0.0116728381223173
0.181486536729014 0.0124630400299521 0.235753833051345 -0.0119256758052292
0.171540041657453 0.0207157312227546 0.209290616165167 -0.0108358938715577
0.160223816551701 0.0493565869987317 0.149700185444696 0.0110520211347005
0.127414375706004 0.0988063308516663 0.108610692011672 0.0312303820310007
0.0401622647512732 0.135327727522461 0.0490317459738487 0.0277217297006085
-0.0336132142218678 0.117418537551388 0.0164039657434775 -0.0187584309352425
-0.0867476090698472 0.120520958809991 0.054131727197487 -0.0689450950899838
-0.142587439741735 0.0862864964989313 0.188914268562487 -0.137698982245136
-0.0528908521831259 0.0462941823805722 0.39128960375433 -0.0323049804015791
-0.0244207359781402 0.0493589104762958 0.212051461820443 -0.0999551936141784
-0.0131895427617846 0.025926760248626 0.0703287948288284 -0.0378072910241087
-0.0129934511092813 0.0431111917650431 0.0285926556858541 0.0779489269740279
0.0172973815663531 0.0531100587784944 0.139684305030627 0.132619781866735
0.0503363107171674 0.0339503099407808 0.239570925824284 0.0775942627742951
0.0749931127438952 0.0131473158182127 0.290372294713116 0.0167202515034074
0.0803488416788929 0.0110096369784566 0.285333784707926 -0.00601304655292726
0.0759655308945845 0.0173965819440788 0.249746533855352 0.00469669675183091
0.0596722599166039 0.0393447085458657 0.170242138609289 0.0375242075586827
0.0331423671841387 0.0595602050717927 0.100716274087821 0.0571591134420437
-0.0175019927344448 0.0523164571547282 0.0294835334075882 0.0423105596149317
-0.0265495172260519 0.00668337690521624 0.0145244289958952 -0.0307918043543044
-0.00739749209744241 0.0311167429706185 0.0773740936656904 -0.0752520667690434
-0.0270305940131317 0.0428071933502279 0.234372034380993 -0.141936481068325
-0.0624052987571628 -0.00769695481535335 -0.257126037031198 0.171240551691871
-0.0618004582485344 0.0267809157074502 -0.0988044875193962 0.126820653992072
-0.0124760085412341 0.0613219828510287 -0.0112387766872612 0.0583317923902854
0.0343320974283811 0.0287804557514039 0.0134075714580727 -0.0393087997228896
0.0409316551669108 0.00126596730318145 -0.0682212684977558 -0.0774760132524831
0.0307007422922565 -0.00392900761364627 -0.16536819366912 -0.0527916627228067
0.0210387763438942 -0.00329388481505002 -0.246119559460562 -0.00958236415031283
0.0336722793357889 -0.00969946947708277 -0.289315733809214 0.0146883855831316
0.0448649123140341 -0.0065766263435189 -0.290563446704519 0.00294079163682619
0.061597307610408 -0.00555827578215217 -0.244291466391508 -0.0477406341752985
0.0667636881765435 0.0202699192665112 -0.1624463551053 -0.0911100555460738
0.0497448729114403 0.0715146057329356 -0.0634041553952948 -0.0677049239339209
-0.0209826050133793 0.116063079837842 -0.0820947272833461 0.0410295429694748
-0.0991462915825751 0.0583284666704533 -0.193074172115014 0.0653605482935488
-0.10122002495855 0.00584653485713673 -0.368430477922977 0.0258659012179447
-0.16354793983538 0.0224565619578338 -0.223247592488803 0.150600303227848
-0.135933593121246 0.0711418682284497 -0.117847628280953 0.107337315870125
-0.0624405310422694 0.120035641086143 -0.0182877317578648 0.0695144742563361
0.0332265302742437 0.106350255292898 0.0233015757596444 -0.0260316255252952
0.0922080817733166 0.0659548182688394 -0.0433289040988137 -0.081357222762016
0.112395845367171 0.027695347910032 -0.145119894534125 -0.0697101485613748
0.117608239759141 0.0032566919640734 -0.218636509135767 -0.0219161492113036
0.142244762753014 -0.0143019504925394 -0.254015404013836 0.00714836441377379
0.154837562145692 -0.00463262307165857 -0.250900212967757 0.00523568565742468
0.175812330372916 0.015644332859442 -0.20886245570631 -0.0331443896326999
0.168870253690472 0.0801265135837266 -0.133290578622818 -0.0673207612501883
0.107792196634502 0.171499728603678 -0.0436080637740343 -0.0489007859745792
-0.0259635485676852 0.244596279116447 -0.0683903439761173 0.0639461340097579
-0.181493934971144 0.179492877373394 -0.171281287477012 0.0829469060947939
-0.22886391457823 0.0732292927054628 -0.321155695353322 0.0317203716041228
-0.253250969759117 0.0468797293626729 -0.147901128469993 0.124703421966851
-0.211309765417136 0.112013524337242 -0.112517961106829 0.0781279905289602
-0.121786265577737 0.178945626915977 -0.0253213403499865 0.0696776928111397
0.0213597366241426 0.190203146219738 0.0238204097075318 -0.00585136695791061
0.133954962345456 0.139991668887748 -0.014862724285296 -0.0649746635305423
0.185205171576635 0.0665571117144873 -0.101986285432777 -0.0705470593762318
0.202674619691571 0.0138007578410356 -0.157555329781938 -0.0279575883720678
0.229922495958122 -0.0169161547247865 -0.180253721071582 -0.00182819852426967
0.240555257938047 -0.0074158694664464 -0.174232309833044 0.00149290825447306
0.267628524764216 0.0196873083461697 -0.144292710246365 -0.0218856780893465
0.26148377834269 0.112433436869092 -0.0830843742035197 -0.0455135560307029
0.173499369421056 0.238204101340526 -0.0178965820958326 -0.0335233276487096
-0.00246576894243157 0.340460841685973 -0.0420254170010715 0.0655615305935635
-0.216853356980467 0.283003328274686 -0.125656662696035 0.074587354406927
-0.310926485250674 0.138912513027102 -0.231949679997288 0.01607638978001
-0.313393695833279 0.0678987742662003 -0.0330227471494475 0.0937143737698981
-0.269227497635838 0.154098441860597 -0.0697575714340761 0.0379444933002939
-0.169600765467908 0.237592578228905 -0.0208832205375839 0.0538186564234178
0.0122993556682642 0.267411607551336 0.0180933712039846 0.0179496616930499
0.16584404438934 0.205573351819664 0.0203542005974443 -0.0272376114866883
0.238550523427358 0.100229921144095 -0.0367701077788819 -0.0515058611162937
0.260049358336205 0.0230134912128983 -0.0674660315662414 -0.0257904663660503
0.282429696743332 -0.0169467613483287 -0.0773243827343104 -0.0111504502673691
0.287531705218177 -0.0106528783284717 -0.0716161988841573 -0.00876332788909475
0.316414041696383 0.0163428938308213 -0.059653589610862 -0.0194870114948546
0.313465355831926 0.119151054962653 -0.0185087450918622 -0.0297908044045333
0.214779233731223 0.262279174495726 0.0123032409307083 -0.0224875771773337
0.0245188115754552 0.375728095817773 -0.0146306468996926 0.0475973806184919
-0.213935853660956 0.335387479360593 -0.068719103809218 0.038985617305591
-0.338195500192789 0.17975122213671 -0.116590589272607 -0.0240843508562942
-0.326920400870276 0.0838310074678266 0.104806128429155 0.0565742403243901
-0.285581832158582 0.180922864286023 0.00645147825803169 -0.0101738956451662
-0.18364130495509 0.267066824936775 -0.00209259194046331 0.0260839607380647
0.0103031010381172 0.301309862883735 0.0164773744814044 0.0455969316999939
0.174871940869295 0.235401905062989 0.062810231592052 0.0265143098164578
0.254193993923702 0.114613093302579 0.0478075178034502 -0.0172147323132889
0.276112165031161 0.0261560430053294 0.0408678022386818 -0.0184309908735671
0.291226130439678 -0.0135447251267143 0.0390441739875816 -0.0201796977247176
0.289247974101656 -0.00825151951328075 0.0379216304646664 -0.0213229681340253
0.309788851339985 0.0178420940691408 0.0288029511109085 -0.0210233247416677
0.302582254986189 0.114012158257869 0.0454488709112387 -0.0184025403397117
0.199861626167866 0.244887902320603 0.0400755259711697 -0.0109212206562653
0.0269549757939452 0.336368161358745 0.00438300308086132 0.0206576622215712
-0.182639453606879 0.313771804083977 -0.0182329697362762 -0.0096950942426607
-0.3093230728606 0.181739305803855 0.00261458460633141 -0.0750080926000425
-0.281762783961714 0.0891727514250974 0.239006904620816 0.0161842060728302
-0.239444986236485 0.175767459414579 0.0934758649769303 -0.0560520034599499
-0.149608620409636 0.236790848549632 0.0262910874846981 -0.000388578115571483
0.0103190883047084 0.262825486692639 0.021973758468308 0.0706251987540191
0.150980471677764 0.21062815104333 0.10510901388399 0.0795078445054083
0.223628711366209 0.104674659117116 0.133452567476263 0.0208387469620884
0.246244846320829 0.0238555425269805 0.149186428209696 -0.0100291800042764
0.256155499291485 -0.00748871421869327 0.148287786322333 -0.0262390446429447
0.248373505140844 0.000338249200854908 0.135011939794737 -0.0290225559308536
0.252757626051871 0.0281678768340623 0.101850213400514 -0.0151516394741775
0.232148426465327 0.105141894326259 0.0912124324491525 -0.0018120343054296
0.132591550174627 0.198001343309284 0.0539786247454038 0.00520251151926826
0.000204027023330612 0.239754809915177 0.0133626078435529 -0.0024098541385286
-0.138308064687195 0.23146355404175 0.0213168342046378 -0.049111644560335
-0.237236816419469 0.14722901679683 0.105909524184098 -0.121568253553558
-0.18279752131631 0.0789963599181399 0.340011651729906 -0.0234367298883224
-0.140157131905176 0.130164219091168 0.165270071628716 -0.0903307096340017
-0.0807895000620289 0.147162184769158 0.0532798762462697 -0.0220542823846091
0.006045100685538 0.163568012931825 0.0310728223850553 0.0819683847194945
0.0955482625910922 0.140348449800937 0.13543646981067 0.112965368454784
0.15056323099046 0.0717472368568338 0.202457845830732 0.0488754767359394
0.175318196188631 0.0161327833470052 0.237748967961014 -0.00436958550181263
0.181635118413433 0.000521594461645633 0.235219273986448 -0.0283501807053
0.173614319967132 0.00929105548845857 0.208472015802685 -0.0254592380556722
0.163238618083521 0.0376164473670755 0.149765939586549 0.00175726865577692
0.132904189490071 0.088730114260854 0.108929512931873 0.0232398597427204
0.0489855981551771 0.131456583687801 0.0502805253018612 0.0250141778568525
-0.0268260304698207 0.119821047490034 0.0136284147684116 -0.0177868565838577
-0.0790271702398697 0.125201145538056 0.0506104466436585 -0.0705021317579964
-0.137980841722815 0.0950783689050535 0.182243696003209 -0.148967164178019
-0.0517113889855331 0.0487218233144186 0.388741642578598 -0.0561340000915553
-0.0223070318040761 0.0513948911848203 0.206278531978942 -0.113768294877933
-0.0129560734783178 0.0268103418133862 0.0681246666045679 -0.0423371094266275
-0.00949243119574219 0.0437392369125123 0.0337454177607795 0.0773908865801063
0.0211975803339191 0.052310940556069 0.147431429372417 0.124060311747071
0.051647461410825 0.0309788729449829 0.242528800954003 0.0615248995738997
0.0749991033740887 0.00749696698266003 0.289877366930112 -0.00223687762014777
0.0811175261915461 0.00576503505250332 0.285397861270324 -0.0265418299659882
0.0770039880833197 0.0132321613298131 0.2496391700196 -0.0136756466979748
0.0622442515398022 0.0349855251221785 0.171566910654394 0.0257219567024754
0.0370484765048551 0.0561782918866528 0.10337504045509 0.0502974812684873
-0.0133386208826053 0.0529769177514407 0.0319418428260913 0.0397996970676025
-0.0268067142694445 0.0093563268746683 0.0114366971309916 -0.0300638673801328
-0.00571852889823039 0.0311697680332457 0.074163789868399 -0.0787148150813439
-0.0252902023090854 0.0437634163760928 0.226326503491811 -0.15735758143837
-0.0594835331354173 -0.00474979157453575 -0.238939497015906 0.179189854569929
-0.0575688221608044 0.0273864133725716 -0.0887541258097537 0.128466574134219
-0.00796897298769116 0.0584425153331838 -0.00756582333419993 0.0570835936447908
0.0340479773228015 0.0254281730789296 0.010937572532814 -0.0388621862834719
0.0382784259892541 -0.00204468013397306 -0.0682531482245357 -0.0713704830859712
0.0294865264450481 -0.00607336421814008 -0.159857757302832 -0.0413682773913481
0.0203006663650375 -0.00368885441802773 -0.236500128533044 0.00464824434709206
0.0318639079796276 -0.0106485589692998 -0.278272958014945 0.031482201954087
0.0425876703093851 -0.00995287481954879 -0.279938184021896 0.0197073648868496
0.0588214785994983 -0.00942419653942884 -0.237795729331948 -0.033340714094177
0.0649834975969943 0.0161422851148628 -0.16128382680103 -0.0785810945404491
0.0510311964644221 0.0659578382389796 -0.0645818452215651 -0.0617679328891944
-0.0140928902965191 0.111749608692413 -0.0768516970190267 0.0437760303319773
-0.0923442993511976 0.0607669193010137 -0.183940548814226 0.0717087748433129
-0.0970921403177287 0.0109333213080217 -0.352309079288732 0.0442703037803177
-0.15527578177245 0.0286054323710924 -0.207821709109146 0.157840793468837
-0.126225942040156 0.0730891196221768 -0.109135992227811 0.110520984762217
-0.0537150496557929 0.116974312598028 -0.0141775276901465 0.0679393908865539
0.0368290749656586 0.0994482103389188 0.0216663253871592 -0.0264744655816079
0.0908999477119063 0.0572910335227437 -0.0445109370888455 -0.0758848968344188
0.109060968893647 0.0200956524573099 -0.141721520988537 -0.0583547548461505
0.112807210218021 -0.00248832100000811 -0.210263599755303 -0.00867634767235343
0.135272817598513 -0.0212478747635311 -0.244821626337333 0.0221276210748865
0.148750530897951 -0.013955660548762 -0.240584682097938 0.0189508892983359
0.169372475561194 0.00430859351331285 -0.203702232975489 -0.0197929476208367
0.166340934222665 0.0681078456715812 -0.131867275674813 -0.0582925866726726
0.112061502461212 0.159305529811771 -0.0457663805893232 -0.0441899342746578
-0.0134140982802564 0.236185205155461 -0.0629956140431115 0.0660195957245877
-0.166008885992756 0.180560005477541 -0.161384595360858 0.0869810507239863
-0.216385804111076 0.0826732213841321 -0.305942465125772 0.048470739751913
-0.239818915499738 0.0564583706259441 -0.137334146641805 0.128781208912469
-0.195354452450849 0.117421771054586 -0.105152883587357 0.083019939369234
-0.10822073024949 0.176963609963193 -0.0207656509319378 0.0676622834524216
0.0303786684427815 0.180822488404941 0.0224223376639367 -0.00675630393384472
0.134629513673823 0.126280828824378 -0.0157441549849495 -0.0616243389283439
0.180506449510843 0.0537899226651126 -0.10162071231363 -0.0619916282387242
0.194468917334781 0.00270193385737544 -0.151769005555053 -0.0174594814393814
0.219606520088154 -0.0289420086871015 -0.174201739847212 0.00930060526626403
0.231484209475263 -0.0207848323313654 -0.167617466146149 0.0115597478811909
0.258050271275911 0.00401213667209716 -0.140481425517538 -0.0120787638602961
0.257190203343818 0.0931870405076732 -0.0834567701904784 -0.0403057347432409
0.178785027357941 0.220027741397811 -0.0195630692344184 -0.0313176593358825
0.0140342337591487 0.327174577767884 -0.0371952872103752 0.0679652127061513
-0.195340994105728 0.282060117806241 -0.116467912129078 0.0786011467260842
-0.293110590452086 0.150270914026085 -0.219505486575427 0.0287485520514668
-0.29694507074787 0.0794258861870481 -0.028663192319863 0.0932869104610373
-0.250618440712006 0.160303347058158 -0.0660999121332616 0.0427099223868731
-0.152200501464154 0.23618793973901 -0.0174641300277235 0.0510961161537053
0.0256025453881964 0.254950851145864 0.0184699781588073 0.0170661721646472
0.168140273523206 0.187792651893013 0.019572268075868 -0.0269775130572512
0.232746864734545 0.0829283242051697 -0.0383102505128852 -0.046879101094252
0.249997911627386 0.00827523576283467 -0.065673881045732 -0.0207252310396395
0.270460848728225 -0.0324356050771021 -0.0753166662443696 -0.00589977853351253
0.276506178676828 -0.0262853406551463 -0.0693687182026843 -0.00390736940763964
0.304019579768142 -0.00310189647159618 -0.0590056176839319 -0.0140921670370406
0.307556647445259 0.0967966639240868 -0.0201725104573335 -0.0293032922881559
0.219290530293196 0.240410549619162 0.00977850467646958 -0.0222749178464223
0.0413434987877672 0.359557457244744 -0.0111051497034599 0.0499915167276838
-0.189608480217793 0.332331469872012 -0.0635808442978044 0.0423142913069302
-0.31593438115341 0.190859303200087 -0.110668094065669 -0.0151398412453756
-0.309345718725833 0.0947011700939262 0.101722302101166 0.0504389813163498
-0.265114518281061 0.188204985810707 0.00467579754009094 -0.00800376708578429
-0.164409914434736 0.266021612872022 -0.00106268354792386 0.0237493255546819
0.0256314337839133 0.28820337962884 0.0181178957007794 0.0438002226173696
0.179960921408271 0.215796760636113 0.06224157047968 0.022826163124247
0.248275066155306 0.097456981513454 0.0433329302126512 -0.01820899735684
0.266629888441002 0.0109866062863349 0.0384508804486014 -0.0194372093952499
0.279601064135864 -0.0295371596697312 0.0354426167785147 -0.0220968044532609
0.278287844248252 -0.024111134020065 0.0349701843714887 -0.0227443941233358
0.298338393903234 -0.00114790528252009 0.0258075730889444 -0.0201961107693944
0.296013351353935 0.0917025817654078 0.0411986730242803 -0.0213717433673347
0.205451666748264 0.223557410822744 0.0371335985696985 -0.0122768816419842
0.0417500552955248 0.3228022828536 0.00600652351916362 0.0233660762294379
-0.160051898727297 0.310713000958144 -0.0168592017783668 -0.00645839132257848
-0.288309121616141 0.190689689813431 0.0017954274100352 -0.0720619162182521
-0.266878999081821 0.0979602177662273 0.228903079633456 0.0048738769307792
-0.221517824540712 0.180693025362457 0.0862714673784282 -0.0569312670667279
-0.133154697415242 0.235640042509594 0.0245322788845858 -0.0031236265358596
0.023731527580433 0.251445147974856 0.0251499060759956 0.0670580510194104
0.155969567763838 0.193436804675814 0.105467244522968 0.0715375005207609
0.218894985631607 0.0892719004428168 0.127420077597354 0.0128178000477745
0.237486304658316 0.00926028573542106 0.14215455193788 -0.0173061058683424
0.245704012622186 -0.021465240013851 0.141878124443235 -0.0340964741339713
0.239453160312804 -0.0139734495136548 0.128443113627857 -0.0360963729485016
0.24340946674865 0.0117469729929097 0.0963199547687815 -0.0197049984628012
0.228001199474719 0.0867042523060454 0.0858673801158251 -0.00790777801650643
0.13785800558511 0.181792623911256 0.0517759668170178 0.00186970983312888
0.011661232203604 0.230642923267715 0.0130469421129841 0.000677637453806082
-0.121004778209286 0.228870199742386 0.0194296080088029 -0.0468012883912754
-0.220310691865765 0.153378810676133 0.0979653375777197 -0.122114855367403
-0.172437223011317 0.0837671718630996 0.324678335408384 -0.0393348043785077
-0.128881584092726 0.132647379759823 0.153799082499046 -0.0947162439583629
-0.0715570851582715 0.146473525477663 0.0498518524413096 -0.0253280166277769
0.0146258809074514 0.15666172392279 0.0340664324195143 0.0779808258098284
0.100117238763108 0.129690176259769 0.136008875391345 0.102710293283981
0.147241447167515 0.0619118871973634 0.19504093199564 0.0367060426321913
0.168288854016536 0.00567869506645511 0.227508302317982 -0.016443470168324
0.175472841144656 -0.0096531887040382 0.224716881616258 -0.0421294988228286
0.167847437173608 -0.0010073401173027 0.198709220368863 -0.0374487230499046
0.158578874084026 0.0257529477140724 0.143508980880152 -0.00607696336350115
0.132223583168963 0.0767958654087014 0.104611032481101 0.0154994960802446
0.0543350453880894 0.122672892784436 0.0488899002070195 0.0206474571397926
-0.0199376227058437 0.117248947133884 0.0119133128821923 -0.0153014705477241
-0.0695430400005103 0.123884877789467 0.0472717964958902 -0.0687461297663843
-0.128971284495435 0.0972998027463955 0.16894049800238 -0.153412756184969
-0.0479693214833515 0.0489717551447909 0.369789516246995 -0.0742797994291491
-0.0192641921229439 0.0513285519753182 0.192398507543127 -0.119910080426902
-0.0120778348984116 0.0276451456375869 0.0631160532891922 -0.045503334721911
-0.00692053905979668 0.0423844960425947 0.0368510134243326 0.0731154058355833
0.0239359308119371 0.0495291002346827 0.148822798411905 0.112188911551192
0.0507099609837637 0.0277831402768377 0.234065209642377 0.0468057887732964
0.0719113257940897 0.00266232685361744 0.278165433364054 -0.0184710827035669
0.0780917024200372 0.00116951445734974 0.273717663878332 -0.0431906169876752
0.0750470195402749 0.00804288446200417 0.238894136820012 -0.0282644726048216
0.0617159895265479 0.0297748873566521 0.16642637673314 0.0160528065330266
0.0383248407573008 0.0516014647347924 0.101060245368378 0.0421490602944588
-0.00956864566965389 0.0514993730719639 0.0323000020766697 0.0362792598395177
-0.0253163372420368 0.011153659901119 0.00844125036452654 -0.028311856949461
-0.00422394545357949 0.0298928434417397 0.068507594005566 -0.0785960910807603
-0.0234394212212334 0.0429692255597244 0.209292336079106 -0.163798510271997
-0.0533398702235251 -0.0123889608967203 -0.241620994194222 0.137330469971782
-0.0560704130045891 0.0168148045770505 -0.0995705003814974 0.109875497735034
-0.0147740309771262 0.0516055006349058 -0.0162787172110046 0.0532696823581146
0.0276148579614689 0.028614477523935 0.0138469008549473 -0.0333226695268103
0.0355878633823847 0.00273739007926434 -0.0549063483731729 -0.0722263314164518
0.0299069471753583 -0.00259015728416497 -0.142117516759996 -0.0544436614306383
0.0203281438148018 0.000345630602252514 -0.222063689169942 -0.0204320148560675
0.0312500368469123 -0.00605266428776042 -0.266522704593976 -0.00117863509902458
0.0423878420069549 -0.0031182803702531 -0.268462596183853 -0.0142337695153704
0.0572334855718669 -0.00108688292157375 -0.223240562328566 -0.0595217740206559
0.059863336282818 0.0247493344513447 -0.145696842489133 -0.0956757177368395
0.0405209392624858 0.0707735534024965 -0.0568510319875169 -0.0686306418757668
-0.0253237491498704 0.103832510995586 -0.0768603216164837 0.0289771436827504
-0.0942110088030344 0.0474631007252427 -0.18183210674498 0.0426273460326707
-0.091870983631487 0.00102766835680234 -0.342317688802732 -3.85186017164574E-05
-0.144820670809111 0.00619513073993161 -0.215215187158371 0.115024296905032
-0.124635638916509 0.04945005949182 -0.120085692070714 0.0900476600423322
-0.0647578612250913 0.0987277922744825 -0.027415559388423 0.0603710186117166
0.0198201502810688 0.0967254230264361 0.0187700351790381 -0.0205335410233178
0.0747389604035037 0.0660710527846533 -0.035201976327583 -0.0731366109785461
0.0995217978107486 0.032137895630821 -0.124527634117964 -0.0647857406230871
0.106858106873005 0.0122826215928185 -0.197109275734771 -0.0296658636644004
0.131120133578595 -0.00365781727459338 -0.233581731624732 -0.00687600400909786
0.143549157627247 0.00639473652500514 -0.233389447578496 -0.0110213660421943
0.159039198748466 0.0253483830970474 -0.195220844553153 -0.0444444456241108
0.148912343138204 0.0864293008509873 -0.123180992553174 -0.0764167112788137
0.086630569198116 0.166276952971707 -0.0422270127964791 -0.0523547846307165
-0.0391087085819696 0.222139191585082 -0.0647375844358598 0.0496151564550757
-0.177761739760592 0.151960953935186 -0.158723181022003 0.0558980127296147
-0.214773945928111 0.0557099354235442 -0.294684152779946 0.00461989714012337
-0.226016274112041 0.0212710693369061 -0.150935091164398 0.0921408615903628
-0.19382558265351 0.0796055369940591 -0.11793584804293 0.0633400437564487
-0.123590268762906 0.147337819285609 -0.0385669613239545 0.057958510571772
0.00166567767811286 0.170249413062227 0.0141368024537211 -0.0029736768913617
0.105840162024448 0.136419447436594 -0.0140445250230768 -0.0567203135385994
0.16038519694628 0.0731815526094161 -0.0879844817574036 -0.0605356321260644
0.183020245469418 0.0262041978089495 -0.142367854160995 -0.0313753566981714
0.212136201803666 -0.00146652017900622 -0.165478232082401 -0.0124010581039718
0.222406604334417 0.00898132037979471 -0.163079495972752 -0.0101093987989578
0.242023871635636 0.0344795684846641 -0.138892148153729 -0.0304802982840712
0.231050517500914 0.120286885133547 -0.0825255560819524 -0.0558617161128283
0.141569758462132 0.232102146737202 -0.0206875116179191 -0.0379915834383492
-0.0243198797844828 0.312555032531453 -0.0405046115559126 0.0516225260469226
-0.217515585871074 0.245043953278289 -0.112955305089167 0.0492113073365612
-0.296180950954887 0.111438336247445 -0.205946320852852 -0.00849732203054756
-0.281640387422971 0.0353905058338289 -0.0502060124173771 0.0680282020851915
-0.24917868311599 0.113067655104846 -0.0808662845383428 0.0289639217771688
-0.17187481718209 0.196070271325074 -0.0379328978074449 0.0413105005531412
-0.0131390179599015 0.238436926122516 0.00462875902122414 0.017436599380663
0.127912804866124 0.199209285735965 0.0115109792216417 -0.0198613287585283
0.204267731102352 0.107495399990687 -0.0324476926516818 -0.0374517233513822
0.234100658592083 0.0378899454487787 -0.061705199946603 -0.0240150606587157
0.26112344256701 0.00138970724946139 -0.0700087717038308 -0.0161982393010226
0.265331561010888 0.00919074031250018 -0.0689050185898543 -0.0149435939518279
0.285819087423003 0.0332006592453708 -0.0625223006058482 -0.0234251487241585
0.278380418193857 0.129211828984325 -0.0265257055244685 -0.0388976701745504
0.178880438025419 0.255300160406876 0.00510528006987659 -0.0266315791964402
-0.00205121379682198 0.345779835580621 -0.0140594448496067 0.0369581798365131
-0.217559409189397 0.292269054486643 -0.0580200973012823 0.0186861260654989
-0.323203289307571 0.148153004905786 -0.0946286158600688 -0.0413344965182661
-0.295881229535285 0.0481161223909441 0.0737928572288584 0.0418223654768774
-0.267289677303974 0.136118478274278 -0.0103157790236394 -0.010933285360514
-0.188044545738304 0.2230919385178 -0.021554183178102 0.0173899196203051
-0.0183367151890961 0.268876754685647 0.000117035141341878 0.0424170291359324
0.133921560848523 0.227092621458013 0.0443738386843468 0.0306759336573718
0.216773899191052 0.123643820981902 0.039155895094953 -0.00199783928582773
0.248330693501335 0.0418054386944907 0.0345445183210281 -0.0120285151193113
0.268919338938061 0.00484409180508945 0.0368416974248099 -0.0187867059708596
0.266594147800164 0.0108837878392865 0.032276038855983 -0.0209409261749997
0.279267293151979 0.0332250725007655 0.0188492340815188 -0.0199695751612214
0.267025695953746 0.122138919110353 0.0315668999899029 -0.0239380894911355
0.16654750542384 0.237167560982031 0.0306563258955189 -0.0139028653143687
0.00289316564581708 0.310741995003624 0.00518066250098707 0.0151690657625209
-0.187612847895642 0.275689644176253 -0.00849665197019204 -0.0208462799177413
-0.297986893166065 0.149950645422957 0.0194701508205714 -0.0822591680135971
-0.256981283393166 0.0565552772895782 0.196547118858242 0.0151197814998147
-0.226365123370487 0.136154201518662 0.0725752967350059 -0.0469034820262191
-0.155327664122662 0.200291254429988 0.00739886177671448 -0.00355588594437873
-0.014785332744786 0.235838886907344 0.00489943174261837 0.0651785428413193
0.115509573164932 0.20392916810962 0.0796108985441682 0.0807375221577207
0.189420035369226 0.112714465457785 0.114108668155915 0.0357327721623175
0.221742870601702 0.0363049781535285 0.131850353332802 0.00102190308312824
0.236369942915601 0.00866974635387273 0.137782595385496 -0.0191678383718925
0.228478758097605 0.0150970320315483 0.122791729057518 -0.0223575079219505
0.226184934395835 0.0398686570254973 0.087460290287332 -0.0107520650590308
0.203192438327457 0.109429194557442 0.0743559350626546 -0.00445490517132853
0.107853632212896 0.18897340320426 0.0448332818327621 0.00322237102420146
-0.015896844544129 0.220748104770165 0.0145207885472619 -0.0023894412278711
-0.141651103134463 0.202383127804089 0.0300868368895152 -0.0514713403351203
-0.230398132654483 0.121081757285422 0.116342571524669 -0.117021904227517
-0.169445172936724 0.0550265616409293 0.293468402028058 -0.0102832173674931
-0.135662981996315 0.10493237444668 0.144261409268976 -0.0728520767532304
-0.0868318584856056 0.126374857932045 0.0394858289467148 -0.019794930678278
-0.0095791446247931 0.147461646351278 0.0163540995370094 0.0751465397849057
0.0734035940266064 0.13629950129666 0.107594423516723 0.112065087950594
0.1267119876779 0.0779352765236156 0.174484073971282 0.0617678959263768
0.156910400255636 0.023772837701018 0.211798496630247 0.0103535463253378
0.168066200627292 0.0106858595889701 0.216621412768142 -0.0161594254698776
0.158398365861731 0.0184653620111584 0.190969853109535 -0.0146660453511599
0.14459750583954 0.0431766003019693 0.133115517038684 0.00790808841241399
0.113914928793141 0.0877539527007889 0.0926551737622837 0.0224956474450088
0.0363924066483767 0.121961729962488 0.0427372129285992 0.0221757106017601
-0.0325764788841787 0.109623569307962 0.0147187556126891 -0.0143265825609462
-0.0808036399695396 0.10990161075518 0.0572275556344616 -0.0653421524498795
-0.136391160606781 0.0783964047323389 0.185000866367253 -0.135504045612469
-0.0505991140160114 0.0391798185323232 0.344161563034881 -0.0303494626606565
-0.0246917908873372 0.0451387638730115 0.189064726974943 -0.0907252981415468
-0.0161248262669222 0.0249023783373978 0.0615039670492647 -0.0356937888039045
-0.0124119855555355 0.0388038340078216 0.0240641937217151 0.0707208959896616
0.0148202544149472 0.0502715890438286 0.122099460682133 0.1208182490292
0.0413292242259554 0.0336031030192573 0.21120435435758 0.0717547413772548
0.0656477523913828 0.00965907715288383 0.260478765183368 0.0125496091387559
0.0748275447420904 0.00949930404604363 0.26270115498794 -0.0116947565734936
0.0693680907471462 0.0159849450919327 0.228660184194874 -0.00164198643736669
0.0538580413278133 0.0353532198920844 0.154261566630813 0.032271366501675
0.0290769950962377 0.0519801162373053 0.0898401825494695 0.0498485214357399
-0.0151392512654201 0.0468682806468656 0.0264960241410708 0.0369532705805006
-0.0253049602312959 0.00895246772364075 0.0119312694774657 -0.0249658037665154
-0.00804801820508941 0.0283607976239703 0.0760490172359835 -0.0684304327981091
-0.0295229036509168 0.038581961080041 0.222079793054976 -0.136905408007077
-0.0504880512845965 -0.0137481025929549 -0.237346276016815 0.127927989871974
-0.0542451004738232 0.0139090637496663 -0.0987066574739221 0.105236361592913
-0.0153498541693821 0.0486755656864583 -0.0161927488239743 0.0516692756396734
0.0257574454491791 0.0277665497990382 0.0135561656576597 -0.0324866072799964
0.0335982072917347 0.00301909943792285 -0.0504684560976063 -0.0712150925736954
0.0288373801904565 -0.00262409887062256 -0.134261707425582 -0.0555148469587028
0.0204044338874361 0.00141717377358362 -0.213204793057406 -0.0233953497341965
0.0304769596108153 -0.00487810754383071 -0.258905069658714 -0.0043719124525299
0.0407393768798869 -0.00272354618814824 -0.259531247890952 -0.0178396999788591
0.0554391451275345 0.000240942972668606 -0.214716680106916 -0.0615904142857891
0.0574755463098364 0.0250476784224488 -0.138984647322708 -0.0957326815398562
0.037084092082675 0.0694044799504026 -0.0533868726216215 -0.067071206850483
-0.0274071596990492 0.0992552410390517 -0.0749092205252976 0.0257979983943992
-0.0924715101464959 0.0429667856193539 -0.177592044471245 0.0353614509612323
-0.0885038332660822 -0.00107168066985067 -0.330821169338286 -0.00712264178411809
-0.139765916406625 0.00216512161114191 -0.21153314540962 0.107459524744579
-0.121493832624742 0.0433983983913392 -0.118472745826332 0.0857767642631031
-0.0649898867589483 0.093649848398582 -0.0281703718731332 0.0576154615825534
0.0163763238104858 0.092955792185133 0.0189301066253565 -0.0197487876205776
0.070079775396291 0.0644408024516144 -0.0316872946602753 -0.0717476645085188
0.0951245320633634 0.0329825808738566 -0.117617343050505 -0.0651107858972133
0.103905125809289 0.014943309361209 -0.189166046576412 -0.0316091637980642
0.127006535523793 -0.000449683695375397 -0.22682765011003 -0.00948917633317486
0.138849878559912 0.00831616128507825 -0.225839705614417 -0.0143802683491889
0.153472887838423 0.0272353159910952 -0.188035031718451 -0.04609246215679
0.141916939832223 0.0862261384353295 -0.117782388932722 -0.0772736521000694
0.0795083848647281 0.162734559821949 -0.0404983374864002 -0.0516266207542679
-0.0440595454595681 0.213663194915615 -0.0629875628348651 0.0468999678294248
-0.175839812413108 0.142518206598337 -0.155561732440984 0.048887147152496
-0.208514494493127 0.048944586287322 -0.283020607425617 -0.00222978550624842
-0.218043332935946 0.014308975155947 -0.149177715389831 0.0870885091238217
-0.188533999110034 0.0712543362598904 -0.116350502512066 0.0601766390748089
-0.122871635226554 0.138628135194785 -0.0389902094536037 0.0542163970700775
-0.00198651996567286 0.16399348252235 0.0134489568387125 -0.00290628575915949
0.0981694892548744 0.133340353395988 -0.0117832683096291 -0.0553357357888178
0.15287284424661 0.0737965814549588 -0.0833518343692716 -0.0597162669220566
0.176131094652237 0.0302523120218325 -0.136370156331999 -0.0321979715961737
0.205092560149077 0.00286841056655871 -0.159952312172363 -0.0134872195218509
0.214822506538681 0.0123406440890581 -0.157569691204148 -0.0126329749270312
0.233071860408804 0.0373858014614907 -0.134132197605904 -0.0309379735280073
0.220738510399395 0.120434078512557 -0.079760742251392 -0.0566310113659095
0.132024905806374 0.227312586579204 -0.0201181759327404 -0.037684834349444
-0.0308447792416192 0.301572206586375 -0.039353012783744 0.0502864225609004
-0.217098542606943 0.231939845937291 -0.110130342839253 0.0437440209906187
-0.288753365741244 0.101726521238721 -0.196398341481965 -0.0126143972918298
-0.273136581833472 0.0260921665983746 -0.0505831676743629 0.0659669573209941
-0.24301839929398 0.102744743693697 -0.0791286384683061 0.027282229161902
-0.171510178882424 0.185181450888139 -0.0384704015185715 0.0377765032522114
-0.0183269114328782 0.228964596557464 0.0039081486494589 0.0170095229214541
0.118824975807549 0.194284292280314 0.0127260448078025 -0.0189596047239358
0.194303051127565 0.108448866291045 -0.0310102789390513 -0.0365659912638158
0.225439728092545 0.0414186524186984 -0.0592030956747682 -0.0245882438140053
0.252826648924252 0.00620838797030738 -0.0681069811789209 -0.0155228146243981
0.257768763060148 0.013407312148696 -0.0662747374447259 -0.015220517512329
0.275016193164569 0.0371338795402686 -0.0602052175942738 -0.022625044456985
0.266139133860342 0.128369140743364 -0.0262239697657307 -0.0388328292566423
0.166604838950178 0.249370939957019 0.00545008239158855 -0.025358806333883
-0.0100725026871181 0.335479575128375 -0.0129980802859161 0.0374606684422021
-0.217531081918015 0.279412340840534 -0.0556381272897064 0.0164030032844316
-0.316031647334794 0.135083885919249 -0.0874953263144503 -0.0411474064527152
-0.287086262807059 0.0381251220968583 0.0690577684698037 0.042933167408161
-0.260640854545589 0.124415698326268 -0.0108562421716025 -0.00903634717937209
-0.188019655784222 0.21128723005422 -0.0223735914471427 0.01489811009404
-0.0242517170864141 0.259605521588975 -0.00124496616760347 0.0414694399564175
0.124676483268902 0.222013305943264 0.0433713814437703 0.0313350070665842
0.205894477068407 0.124686453539037 0.0371974129860993 -0.000100146148603678
0.238483301958661 0.0454388247590048 0.0335219267904094 -0.0109490989550534
0.260141970819467 0.00944292821735833 0.0352391218125009 -0.01755244705189
0.258894230887778 0.0147101206403124 0.0314120364996127 -0.0199823090227434
0.268282546820302 0.0370929328587801 0.0182253047412545 -0.0177554404048232
0.255896327493717 0.121380756813131 0.0292331406754913 -0.0228185245509223
0.155629072402992 0.231883189275031 0.0298705136794628 -0.0123737255769753
-0.00424880444671664 0.300933882024747 0.0063016168867116 0.0171670914836148
-0.186949189543158 0.262045921500034 -0.00607033238127861 -0.0209112001851643
-0.290676535612556 0.138577536402567 0.0227241504892648 -0.0798529474782531
-0.249854500549089 0.0472396587273065 0.188472169169781 0.0198035183067668
-0.221811129630499 0.125618912020468 0.0698007076366299 -0.0422285650103908
-0.156065268959257 0.190075681887219 0.00612471324022274 -0.00483297972950557
-0.019667698103574 0.226919768946825 0.00356192291240956 0.0632896788763698
0.107528288800258 0.199302584134683 0.0764213820050006 0.0802525508054063
0.18065684476287 0.113961329605658 0.107947011947555 0.037276380327114
0.212284540173366 0.0398480515119812 0.126993407247153 0.00391749892928119
0.228917569189185 0.0124794705051155 0.133031124132427 -0.0163496137788643
0.221203723109237 0.0185560905215473 0.118473579958482 -0.0203511407944832
0.217008366704084 0.041917115631999 0.0843843677290346 -0.00775577132527965
0.194049090912492 0.107273613090457 0.0699664223009217 -0.00266366104288624
0.100112610431885 0.183375851265463 0.0431233149748131 0.00383870731249705
-0.0206542079555823 0.213529435372701 0.0148864968618349 -4.54374964204637E-06
-0.141488176771339 0.192807740098615 0.032277478468602 -0.0490683035316538
-0.226024418404627 0.11170440634116 0.117219639125634 -0.111781635293496
-0.165321318134145 0.0483205649269069 0.282660381039632 -0.00259419335585375
-0.133689371970917 0.0984907485642163 0.139993262630837 -0.0672876676563634
-0.0882547668067256 0.120854524648302 0.0371949896055371 -0.0192026194715142
-0.0128646898946947 0.141910522564531 0.0144870697791027 0.0740547959509258
0.068613574001742 0.133387686516614 0.102156150651201 0.111666588165122
0.121082082651311 0.0793445080365269 0.166052940460541 0.0643546936938578
0.150375510135297 0.0265324089761772 0.203725093962538 0.0135978906138142
0.162180436133764 0.012877474313246 0.209855760946234 -0.0127567097675706
0.153920181660736 0.0215649428527188 0.184797197606719 -0.0118220631538006
0.138163456676009 0.0441884547993299 0.128146025977539 0.0107399557982629
0.107982961753406 0.0855305108202062 0.0879297545592812 0.0227128291388353
0.0322261847274398 0.11791269915628 0.0403374386568013 0.0222034421902926
-0.0335394302311652 0.105861072200838 0.0149872188156308 -0.0119911168808174
-0.0803367686696723 0.103777841185507 0.0580268341365108 -0.0616165621173787
-0.133672853187928 0.0722054727898176 0.183376281466536 -0.127891457628875
-0.0504533091974875 0.036124416241952 0.331888645407287 -0.02180322333521
-0.02508579497557 0.0433190186287848 0.18441640166393 -0.0838139389675667
-0.017019529486898 0.0242848136864458 0.0599197227469457 -0.0336039290732002
-0.0128417197220264 0.0368411758171137 0.0223990293292537 0.0698118858559074
0.0138863099848322 0.0489077643446266 0.116026970058699 0.119818776995485
0.0391545516469555 0.0341866627506064 0.201636639282329 0.0739579211009418
0.0626173537222431 0.0100303296441238 0.250316396457633 0.0168743821335062
0.0719106762978415 0.0101497380513679 0.254245797676897 -0.00797114872021585
0.0675341713366422 0.0167045986490853 0.221383659965703 0.00117949093911541
0.0511884307715724 0.0356934264750599 0.148176836297324 0.0337813653655753
0.0269165571337951 0.0505329553409223 0.084511583778756 0.049835083674005
-0.0155225418728616 0.0440342418046973 0.0255052684055756 0.0364760426942873
-0.025186951576162 0.00908174204911925 0.0113651010593188 -0.022293236049455
-0.00864986509614441 0.0267751033791168 0.0763168712900588 -0.0639153142487385
-0.0305046127594551 0.0352405949263146 0.218099272746678 -0.128384339219748
-0.0495527655771769 -0.0153579254549855 -0.244017316759529 0.121266044941018
-0.0548356513817403 0.0117330402519427 -0.10292950931126 0.103351275966466
-0.0165646360957082 0.0474255602748956 -0.0176975833802204 0.0514976833930038
0.0248192672574939 0.0283422308755049 0.0142971660358871 -0.032503889505164
0.0331717485799539 0.00445907163779403 -0.0479549644295092 -0.0739894852259275
0.0287325590731961 -0.00199590207022011 -0.131635486789549 -0.0600437190693037
0.0210079897075281 0.00250219125638678 -0.212819171905111 -0.0296712244667647
0.03130890712044 -0.00383670233218661 -0.260534928984477 -0.0100629817575901
0.0405380828979482 -0.00159067609875461 -0.260249457393189 -0.0260125020160778
0.0554151694287609 0.000977201982708635 -0.21419874687871 -0.0683459940889825
0.0563646987603734 0.0268655821242344 -0.136178714132615 -0.100947391595263
0.0348349690780432 0.070778815103093 -0.0518952285332901 -0.0701161881105962
-0.0313652203792889 0.0984306676081615 -0.0753931035718103 0.0233389329396555
-0.0944083186509019 0.0405011650425237 -0.181327917882822 0.0272655335400021
-0.0878091624773128 -0.00376429911738542 -0.331200167164016 -0.0184666346466472
-0.13940574596431 -0.00336691125606928 -0.216898262859932 0.101543502874879
-0.122772769922947 0.0384627290111069 -0.12212095839254 0.082686168186273
-0.0685195778531765 0.0904544738484345 -0.0303889399353403 0.0567698466489479
0.0129111203468961 0.0931600323266464 0.0185265058415749 -0.0194465465714044
0.0675086247312498 0.0668855387874459 -0.0285184894352056 -0.0737775449756417
0.0941396805089476 0.0356027737004997 -0.115255906216387 -0.069197277366544
0.104699581908367 0.0190213644686093 -0.187642285298135 -0.0366811879413242
0.127988765442883 0.00347820576369706 -0.227714112964756 -0.0145686617145383
0.139560738375517 0.0122685642315455 -0.22656663167746 -0.0211474384186723
0.153091751620556 0.0314735659645027 -0.187648705304828 -0.051498728076677
0.140041522771113 0.0909913711185266 -0.115965051897673 -0.0819042259852312
0.073729104803265 0.166300332104491 -0.0386365459076859 -0.0529918878533128
-0.0519995447607299 0.213923008430789 -0.0640704425521704 0.0456772321872271
-0.182484212434225 0.138084015730651 -0.158827418370955 0.0420638792958328
-0.211297849245381 0.0430911108261434 -0.282881304919601 -0.0110725818703393
-0.219382264097871 0.00613749074797873 -0.153300969474301 0.0829230819652119
-0.190919216107779 0.0636366532794695 -0.119770198756795 0.0576213818309386
-0.128565552643447 0.133764985631238 -0.0416113000333734 0.0520930028243575
-0.00831466890754041 0.163327777300237 0.0129532281617316 -0.00254512762455406
0.0936046761751026 0.136446020353989 -0.00905214990426853 -0.0563462309968161
0.150499803904998 0.0787990820188618 -0.0815149489013583 -0.0621909052294175
0.176366968720446 0.0362226802330224 -0.135279373223391 -0.0357442539857138
0.207004799218705 0.00945975414890718 -0.161474001858278 -0.0163074213352918
0.216647318241273 0.0187133486241133 -0.1580487267363 -0.0172934259260437
0.232501970090353 0.0444532445382531 -0.133823580051107 -0.0345712485959793
0.217837134158325 0.127082420005904 -0.0790469220206052 -0.0591224847678145
0.123944251752513 0.233018974520672 -0.0189569874233379 -0.0387866471405047
-0.0428460142257072 0.302916924068921 -0.0397663456673077 0.0503605018771786
-0.227094534372744 0.226229829893452 -0.112093029695363 0.0388205989449275
-0.293567867554989 0.092775960422506 -0.194836427338504 -0.0199238715400301
-0.274139927178706 0.015959085150336 -0.0545337514053843 0.0651428430419775
-0.247507478012338 0.0921598336475585 -0.081062426338818 0.0269179518108867
-0.179391553563755 0.180003301141821 -0.0412707371630907 0.0355267099906779
-0.0266832394714179 0.228455994347573 0.00323444275290698 0.017601487205608
0.112575359601619 0.198485770444509 0.0145950915769914 -0.0187715291653352
0.190832718389112 0.115397737818498 -0.0300724756016102 -0.0372231025431874
0.224716618290602 0.049218330795839 -0.0584803813904316 -0.0256062793364958
0.254569762391614 0.013815983471316 -0.0683419750247317 -0.0170029371900865
0.259224119621924 0.0206022280969581 -0.0660284951669656 -0.0175452796763123
0.274157172502696 0.044800678530712 -0.059330274204985 -0.0229981151572363
0.262917574049003 0.136212399187315 -0.0266799346257161 -0.0399256369402477
0.158708507696942 0.256567800660501 0.00568164537199043 -0.0253475693371568
-0.021881136101096 0.337932343072419 -0.0129830891676311 0.0386995363897512
-0.228365258965058 0.273452865601014 -0.0555290033382548 0.0132617690171241
-0.321666138815272 0.126295144427369 -0.0839128899900246 -0.045237949522974
-0.28965474174738 0.0266372530373188 0.0669763395072602 0.0464622062706107
-0.265901387995596 0.113976797427674 -0.0114519900066103 -0.00781001741814177
-0.197563554538186 0.205854373516783 -0.0244485649332145 0.0129265802970375
-0.0337563187547496 0.259197319242007 -0.00257152752649484 0.0414717520871341
0.117424258543118 0.22706853137307 0.0437893857182235 0.032478992265958
0.20292727648719 0.132219421227851 0.0361902702690335 0.00146048238656014
0.237560976001882 0.0534150185136466 0.0333854240040395 -0.00915093724437747
0.26213880156959 0.017337828283768 0.0355756236853803 -0.0166184701641165
0.260407951280656 0.0219353767178374 0.0318711978862475 -0.0190589841384197
0.267513238275372 0.0446019852976877 0.0194133754537576 -0.0156321875341842
0.252466758893076 0.127701231243117 0.0287656207153448 -0.0218003343385473
0.14746856291344 0.237159882243923 0.0299485468638729 -0.011253339725342
-0.0150867286200964 0.302458275528515 0.00703868355153338 0.0197987748888537
-0.197381014016972 0.257103066903406 -0.00429820976805925 -0.0218462742890652
-0.297480085735268 0.129040635743475 0.0286595371262802 -0.0800912052437805
-0.253171036242836 0.0371653724198545 0.187997385706243 0.0273731626079357
-0.227541415720259 0.11704580932674 0.0709265131893527 -0.0392992651682135
-0.165230396523329 0.186002213861482 0.00408365288416856 -0.00583091281470116
-0.0282779837704696 0.227056382103775 0.00182737692216944 0.064364963888629
0.101697523005062 0.203695623408989 0.0748367819231021 0.0829029112124504
0.177651827495936 0.12156934274894 0.105822758262214 0.0425006223039348
0.211650517423034 0.0466855346287068 0.126511641069098 0.00769591721012478
0.230593204560985 0.0191046077035142 0.133280322978174 -0.013309303484887
0.222604874927095 0.0248904266536459 0.120059393775729 -0.0171744495134386
0.215521876706427 0.0477020529404174 0.0853359169760402 -0.00412612327092365
0.189935681532332 0.111972738823306 0.0694298087388604 -0.000517859249737122
0.09391183406332 0.186397177239051 0.042962248667286 0.00547910399687983
-0.0280612123533857 0.214465521144345 0.0160858414117506 0.00279358988539299
-0.148476942578185 0.188860807751597 0.034727050003567 -0.0483827249652955
-0.230724740494263 0.103412994327865 0.122961084997247 -0.109661481026035
-0.168708245134614 0.0417260346224937 0.283588393055173 0.00758354514529502
-0.137860653409424 0.0931812574113446 0.141713095919065 -0.0617570656429583
-0.0942549602068788 0.119064506849935 0.0367396570720241 -0.0182776449051968
-0.018283596533925 0.141985262992101 0.0128725087649969 0.0756004552961667
0.0642116259469282 0.135769779057115 0.0999177496485233 0.115022518231453
0.119386437008144 0.0843002143137596 0.163342862178598 0.0710175212923627
0.149497639752861 0.0316556833972413 0.20319665274387 0.0200906536674617
0.16324079473351 0.0174863082754503 0.210935841509197 -0.00804194494419604
0.154318119440493 0.0255669543293098 0.18588927652166 -0.0079054196339435
0.136954782033818 0.0481135266068974 0.128640830988131 0.0151481820572744
0.105376346691138 0.0885329835145007 0.0857779737735014 0.0259889113052673
0.0285692473330168 0.118655509181577 0.0396439704823973 0.0240971170577345
-0.0378571989558447 0.106292661454043 0.0154011693836225 -0.0094596896503327
-0.0843776625380348 0.101046988932793 0.0621386635907073 -0.0595262846389157
-0.138129456598501 0.0671978773546262 0.188611079278174 -0.123110607221258
-0.0530664345922048 0.0342000591521692 0.334156175979475 -0.0100194877196778
-0.0266908998060512 0.0428558774781166 0.187578734088897 -0.0777039058619512
-0.0181561994793637 0.0249242843408787 0.0607556657089339 -0.031815554069577
-0.0143921219335208 0.036734950073516 0.0208430112249873 0.0715890571622005
0.0125220222590465 0.0496074157191321 0.113278357880514 0.125399428082459
0.0386776637450308 0.0362566610769218 0.198832900147239 0.0810074024567628
0.061889065863019 0.0122184828651496 0.250016982672761 0.0241293190287658
0.0722625503834677 0.0122367026124649 0.255444584972992 -0.00249826723443621
0.0675452552035435 0.0186564892956841 0.221967530209865 0.00717591129373647
0.0503102081255776 0.0372709263083841 0.147758687199807 0.0379629533823713
0.0254422231336529 0.0512717963618891 0.0826039925327145 0.0526568163996815
-0.0169624525408173 0.0435291081184127 0.0239196513946749 0.0364183843786216
-0.0244697683652564 0.00919733037869245 0.0119419808379157 -0.0212332675510176
-0.0102147757181128 0.0268655416781192 0.0804968775532859 -0.0618914422138954
-0.032805677178538 0.0339979408943184 0.223437513057596 -0.122575540684356
