TRXV5
3
4
4
9
string Extension=J
integer IsArchMeasurement=1
integer IsSpherical=1
string Generator=SPM
string GeneratorVersion=1.3.1 Dev
double ArchRadius=0.449999988079071
integer FrequencyAxisIndex=0
integer AzimuthAxisIndex=1
integer ElevationAxisIndex=2
Frequency
5 136 690000000 960000000 LIN
Azimuth
7 8 0 2.74889357189107 LIN
Elevation
7 15 -2.74889357189107 2.74889357189107 LIN
Polar H Real Part
13
Polar H Imaginary Part
14
Polar V Real Part
13
Polar V Imaginary Part
14
Polar H Magnitude (dB)
12 0xC0000002 0 1
Polar H Phase
7 0xC0000003 0 1
Polar V Magnitude (dB)
12 0xC0000002 2 3
Polar V Phase
7 0xC0000003 2 3
-0.071136474609375 -0.0671539306640625 0.240875244140625 -0.038421630859375
-0.0871353149414062 -0.0474090576171875 0.158050537109375 -0.047698974609375
-0.095977783203125 0.0166015625 -0.00288772583007813 -0.0166215896606445
-0.0537109375 0.0590019226074219 -0.0611953735351563 0.0845947265625
-0.0110588073730469 0.0518226623535156 -0.045440673828125 0.159912109375
0.0210380554199219 0.0459136962890625 0.032257080078125 0.253372192382812
0.0396385192871094 0.0429000854492188 0.128143310546875 0.284210205078125
0.02740478515625 0.0406036376953125 0.165115356445312 0.263595581054687
0.0394020080566406 0.0397796630859375 0.140090942382812 0.244522094726563
0.0331573486328125 0.059661865234375 0.0730133056640625 0.218887329101563
0.0117263793945312 0.07452392578125 0.0433120727539062 0.133636474609375
-0.0235977172851563 0.0898056030273438 0.0521163940429688 0.0560684204101563
-0.0832748413085937 0.0503463745117187 0.141159057617187 0.02008056640625
-0.0866928100585937 -0.00479125976562501 0.328033447265625 0.049041748046875
-0.0609664916992187 -0.00770950317382813 0.43841552734375 0.213958740234375
-0.218276977539062 -0.113189697265625 0.206832885742188 -0.0437774658203125
-0.232635498046875 -0.077667236328125 0.144027709960937 -0.047698974609375
-0.226760864257813 0.01873779296875 0.0156364440917969 -0.0286426544189453
-0.172653198242188 0.10736083984375 -0.0563926696777344 0.0559616088867188
-0.0884170532226563 0.13763427734375 -0.0570297241210938 0.127723693847656
-0.00390625 0.172988891601563 0.0108795166015625 0.233566284179688
0.061614990234375 0.164093017578125 0.099853515625 0.2552490234375
0.0469970703125 0.15032958984375 0.141586303710937 0.230148315429688
0.060333251953125 0.158309936523437 0.1220703125 0.209884643554687
0.03387451171875 0.17608642578125 0.0652313232421875 0.19000244140625
-0.0234375 0.172317504882812 0.0352859497070312 0.100906372070313
-0.0877685546875 0.174163818359375 0.0489425659179688 0.0261154174804688
-0.183868408203125 0.0992279052734375 0.15753173828125 -0.0110931396484375
-0.218673706054688 0.00561523437499999 0.31646728515625 0.02886962890625
-0.210968017578125 -0.0261993408203125 0.408233642578125 0.192657470703125
-0.33416748046875 -0.142913818359375 0.127479553222656 -0.0658493041992188
-0.349029541015625 -0.0993652343749999 0.0972518920898437 -0.0530014038085938
-0.330169677734375 0.018218994140625 0.0277633666992187 -0.0340728759765625
-0.272933959960938 0.138763427734375 -0.0385169982910156 0.0221290588378906
-0.159469604492188 0.202774047851563 -0.0527496337890625 0.0769424438476563
-0.033721923828125 0.276046752929688 -0.00683593749999999 0.177459716796875
0.0713348388671875 0.261581420898438 0.05865478515625 0.18560791015625
0.0580291748046875 0.238204956054688 0.094085693359375 0.16107177734375
0.0757293701171875 0.253021240234375 0.0818023681640625 0.147323608398438
0.0375518798828125 0.271636962890625 0.0436859130859375 0.135231018066406
-0.0487060546875 0.2528076171875 0.0188217163085937 0.0559616088867188
-0.1346435546875 0.245193481445313 0.0405998229980469 -0.00434112548828124
-0.259445190429688 0.146255493164062 0.154281616210938 -0.03485107421875
-0.320098876953125 0.025909423828125 0.266128540039063 0.019683837890625
-0.33038330078125 -0.03369140625 0.32928466796875 0.1658935546875
-0.40130615234375 -0.14447021484375 0.0122604370117187 -0.0947341918945313
-0.4129638671875 -0.094146728515625 0.0221900939941406 -0.0605049133300781
-0.382171630859375 0.026580810546875 0.0273571014404297 -0.0349178314208984
-0.325592041015625 0.15850830078125 -0.0164289474487305 -0.0151510238647461
-0.200759887695313 0.2376708984375 -0.0375785827636719 0.0124969482421875
-0.05633544921875 0.33526611328125 -0.0204925537109375 0.0897903442382813
0.0697021484375 0.317413330078125 0.00972747802734376 0.0854568481445313
0.0601806640625 0.289794921875 0.0323600769042969 0.0684165954589844
0.079193115234375 0.311431884765625 0.02496337890625 0.0638008117675782
0.03363037109375 0.329193115234375 0.00902175903320313 0.0607757568359375
-0.068206787109375 0.300750732421875 -0.00500965118408204 0.00215864181518556
-0.165130615234375 0.284637451171875 0.0264549255371094 -0.0328006744384765
-0.303314208984375 0.172149658203125 0.133811950683594 -0.0448989868164062
-0.376373291015625 0.0411071777343749 0.184661865234375 0.0244903564453125
-0.3990478515625 -0.0342407226562501 0.213729858398437 0.134628295898438
-0.40557861328125 -0.117401123046875 -0.121208190917969 -0.123374938964844
-0.41009521484375 -0.0668640136718749 -0.0695533752441407 -0.0658683776855469
-0.366912841796875 0.0437316894531249 0.0106239318847656 -0.0345325469970703
-0.313018798828125 0.157379150390625 1.14440917968562E-05 -0.0540809631347656
-0.199539184570313 0.234329223632812 -0.0223884582519531 -0.0576438903808594
-0.064971923828125 0.337860107421875 -0.0344562530517578 -0.0124130249023437
0.058685302734375 0.3231201171875 -0.04156494140625 -0.0268516540527344
0.052978515625 0.29791259765625 -0.0344448089599609 -0.0332088470458984
0.06787109375 0.324920654296875 -0.0362701416015625 -0.0287895202636718
0.017364501953125 0.337127685546875 -0.0288505554199219 -0.0248889923095703
-0.087188720703125 0.3011474609375 -0.02862548828125 -0.0555305480957031
-0.181442260742187 0.276321411132813 0.012481689453125 -0.0582771301269531
-0.306640625 0.158355712890625 0.101066589355469 -0.0426788330078125
-0.376708984375 0.0356140136718751 0.086395263671875 0.03936767578125
-0.40576171875 -0.0345458984375001 0.07904052734375 0.103096008300781
-0.34539794921875 -0.069732666015625 -0.248641967773438 -0.144012451171875
-0.335418701171875 -0.02886962890625 -0.158843994140625 -0.0680389404296875
-0.283355712890625 0.04937744140625 -0.0195636749267578 -0.03204345703125
-0.243637084960938 0.12548828125 0.00334167480468749 -0.085601806640625
-0.161468505859375 0.188369750976563 -0.0146713256835938 -0.11529541015625
-0.059967041015625 0.28515625 -0.0500946044921875 -0.107955932617187
0.0405731201171875 0.278411865234375 -0.0891952514648438 -0.131912231445312
0.037567138671875 0.262359619140625 -0.0955734252929688 -0.130622863769531
0.043121337890625 0.28985595703125 -0.0887908935546875 -0.1209716796875
-0.00906372070312502 0.29290771484375 -0.0567550659179687 -0.110298156738281
-0.102127075195312 0.250015258789062 -0.0401840209960938 -0.108833312988281
-0.177520751953125 0.21795654296875 0.00466918945312499 -0.078399658203125
-0.26788330078125 0.109237670898438 0.0644874572753906 -0.0340347290039062
-0.317474365234375 0.0142822265625 -0.0127296447753906 0.050933837890625
-0.349609375 -0.0335693359375 -0.0506706237792969 0.0683403015136719
-0.228805541992188 -0.014373779296875 -0.3505859375 -0.151947021484375
-0.20513916015625 0.00106811523437504 -0.231063842773438 -0.06353759765625
-0.159698486328125 0.03643798828125 -0.0559501647949219 -0.0240516662597656
-0.142974853515625 0.0680389404296875 -0.00615692138671876 -0.0991744995117188
-0.104652404785156 0.110137939453125 -0.015106201171875 -0.148483276367188
-0.0501861572265625 0.190139770507813 -0.0661773681640625 -0.180160522460938
0.015350341796875 0.19305419921875 -0.128341674804687 -0.212387084960938
0.0176544189453125 0.186782836914062 -0.14288330078125 -0.208038330078125
0.0118560791015625 0.211471557617188 -0.122848510742188 -0.19854736328125
-0.032196044921875 0.20318603515625 -0.0642547607421875 -0.184356689453125
-0.09765625 0.159164428710938 -0.0335235595703125 -0.150039672851563
-0.141860961914063 0.12481689453125 0.00845336914062499 -0.091949462890625
-0.182876586914063 0.046783447265625 0.030405044555664 -0.0269832611083984
-0.20941162109375 -0.00494384765625001 -0.0952224731445313 0.0493621826171875
-0.241897583007812 -0.0220489501953125 -0.155914306640625 0.0310821533203125
-0.0774917602539062 0.032745361328125 -0.41259765625 -0.14874267578125
-0.0475997924804688 0.0115432739257812 -0.277267456054687 -0.0519561767578124
-0.0278682708740234 0.00142097473144531 -0.0895538330078125 -0.00417327880859376
-0.0393714904785156 -0.00660324096679687 -0.01849365234375 -0.0908203125
-0.047149658203125 0.0150642395019531 -0.0182647705078125 -0.1541748046875
-0.04345703125 0.0704193115234375 -0.07855224609375 -0.219009399414063
-0.0160369873046875 0.0810470581054687 -0.151168823242188 -0.258697509765625
-0.00604248046875 0.0833358764648438 -0.168563842773438 -0.254714965820312
-0.0178146362304688 0.100273132324219 -0.133895874023437 -0.249160766601563
-0.0394515991210938 0.0828475952148438 -0.05279541015625 -0.232589721679688
-0.0623435974121094 0.048919677734375 -0.0117645263671875 -0.169769287109375
-0.0676307678222656 0.0258979797363281 0.019927978515625 -0.0937271118164063
-0.0624961853027344 0.000381469726562496 0.00254249572753906 -0.0202598571777344
-0.0697860717773438 -0.00212860107421874 -0.150466918945313 0.0367889404296875
-0.101783752441406 0.00574493408203124 -0.22296142578125 -0.000808715820312513
-0.0784225463867188 -0.0625762939453125 0.254531860351563 -0.061431884765625
-0.0932235717773438 -0.0421142578125 0.16619873046875 -0.064361572265625
-0.09637451171875 0.0239105224609375 -0.00173759460449219 -0.0172147750854492
-0.0503349304199219 0.0638999938964844 -0.0546798706054687 0.0944061279296875
-0.00799179077148437 0.0532951354980469 -0.03228759765625 0.171859741210938
0.0245361328125 0.0443496704101563 0.057708740234375 0.2613525390625
0.0436210632324219 0.0402069091796875 0.163177490234375 0.2835693359375
0.0317115783691406 0.0386085510253906 0.200515747070313 0.25836181640625
0.0443267822265625 0.0363006591796875 0.1719970703125 0.242706298828125
0.0399818420410156 0.0573158264160156 0.097930908203125 0.22344970703125
0.0198440551757812 0.0751495361328125 0.0573272705078125 0.13702392578125
-0.0143966674804688 0.094085693359375 0.0585517883300781 0.0549850463867188
-0.0797195434570313 0.0598526000976562 0.148162841796875 0.0081329345703125
-0.0892410278320313 0.00443267822265625 0.345703125 0.0179443359375
-0.061309814453125 -0.000488281250000001 0.474578857421875 0.18212890625
-0.237335205078125 -0.0966339111328125 0.218551635742187 -0.063232421875
-0.248519897460938 -0.05999755859375 0.151504516601562 -0.0615386962890625
-0.232986450195312 0.037811279296875 0.0161304473876953 -0.0318202972412109
-0.170486450195312 0.125686645507813 -0.0509834289550781 0.0650482177734375
-0.0803680419921875 0.150772094726563 -0.0456619262695313 0.139671325683594
0.0126190185546875 0.178695678710938 0.0363006591796875 0.242263793945313
0.0795440673828125 0.163665771484375 0.1317138671875 0.256942749023438
0.0642547607421875 0.1522216796875 0.17242431640625 0.224899291992187
0.0782928466796875 0.158828735351563 0.150466918945313 0.208709716796875
0.05322265625 0.180252075195313 0.0885772705078125 0.194305419921875
-0.00828552246093749 0.181716918945313 0.0470733642578125 0.105133056640625
-0.07440185546875 0.189682006835938 0.05364990234375 0.0253868103027344
-0.181045532226563 0.118972778320312 0.162384033203125 -0.026153564453125
-0.226974487304688 0.0264434814453125 0.331878662109375 -0.000366210937499998
-0.221572875976563 -0.00617980957031251 0.441619873046875 0.163787841796875
-0.363037109375 -0.1175537109375 0.133842468261719 -0.0774002075195313
-0.371429443359375 -0.0711059570312499 0.10162353515625 -0.0624542236328125
-0.34124755859375 0.04644775390625 0.0279769897460937 -0.038818359375
-0.272247314453125 0.169097900390625 -0.03668212890625 0.0286941528320313
-0.147903442382813 0.225631713867188 -0.0448379516601563 0.08648681640625
-0.00762939453125002 0.288818359375 0.01446533203125 0.184982299804688
0.09991455078125 0.263946533203125 0.0820465087890625 0.188400268554688
0.086334228515625 0.243301391601562 0.1173095703125 0.15802001953125
0.10552978515625 0.256744384765625 0.1029052734375 0.14654541015625
0.0670928955078125 0.28009033203125 0.06158447265625 0.1390380859375
-0.0267486572265625 0.269546508789062 0.02679443359375 0.0594367980957031
-0.11669921875 0.270477294921875 0.0422286987304687 -0.00492477416992186
-0.25628662109375 0.175003051757813 0.157119750976562 -0.0505218505859375
-0.3330078125 0.05645751953125 0.279190063476562 -0.0042572021484375
-0.349151611328125 -0.00219726562499999 0.357513427734375 0.142852783203125
-0.43463134765625 -0.112945556640625 0.011016845703125 -0.096649169921875
-0.439300537109375 -0.060821533203125 0.0214729309082031 -0.0620765686035156
-0.396759033203125 0.061767578125 0.0269813537597656 -0.0402145385742187
-0.3260498046875 0.195526123046875 -0.0168676376342774 -0.012110710144043
-0.187850952148438 0.2679443359375 -0.0345478057861328 0.0177783966064453
-0.025360107421875 0.352783203125 -0.00736999511718751 0.0943679809570313
0.105377197265625 0.321868896484375 0.0214385986328125 0.0888824462890625
0.09405517578125 0.29815673828125 0.0429611206054688 0.0685768127441406
0.116546630859375 0.31842041015625 0.0357589721679688 0.0645294189453125
0.069122314453125 0.34149169921875 0.0193748474121094 0.0641670227050782
-0.042816162109375 0.322479248046875 -0.00211715698242188 0.0055208206176758
-0.145263671875 0.315673828125 0.0259456634521484 -0.0328598022460937
-0.30023193359375 0.2059326171875 0.134193420410156 -0.0591659545898437
-0.39111328125 0.075927734375 0.194442749023437 0.00926208496093751
-0.42193603515625 0.00234985351562509 0.233428955078125 0.124313354492187
-0.437255859375 -0.0859985351562501 -0.131271362304688 -0.1142578125
-0.43597412109375 -0.03179931640625 -0.075531005859375 -0.0591888427734375
-0.379638671875 0.0773010253906251 0.00920104980468748 -0.0374374389648437
-0.3157958984375 0.19512939453125 -0.00387954711914065 -0.0545196533203125
-0.187286376953125 0.265899658203125 -0.0243568420410156 -0.0570526123046875
-0.0335693359375 0.358154296875 -0.0310821533203125 -0.0107975006103515
0.094940185546875 0.32952880859375 -0.0438995361328125 -0.0230751037597656
0.088043212890625 0.307586669921875 -0.0377159118652344 -0.0310249328613281
0.106536865234375 0.334014892578125 -0.0375633239746094 -0.0270156860351562
0.05322265625 0.352081298828125 -0.0281295776367188 -0.0218372344970703
-0.0631103515625 0.325286865234375 -0.031646728515625 -0.0528831481933594
-0.162994384765625 0.3094482421875 0.00895690917968749 -0.0583686828613281
-0.30633544921875 0.192962646484375 0.100151062011719 -0.0541534423828125
-0.392730712890625 0.0706481933593749 0.0930557250976562 0.0345840454101563
-0.430084228515625 0.00238037109374991 0.0900650024414062 0.102737426757813
-0.369171142578125 -0.0436401367187499 -0.267379760742188 -0.124740600585938
-0.355438232421875 -0.000335693359375039 -0.170455932617188 -0.0538787841796875
-0.293731689453125 0.0768127441406249 -0.0225887298583985 -0.0318813323974609
-0.2459716796875 0.156448364257813 -0.00402069091796877 -0.08758544921875
-0.152923583984375 0.21392822265625 -0.0223846435546875 -0.119232177734375
-0.03375244140625 0.30389404296875 -0.0571746826171875 -0.109779357910156
0.071929931640625 0.2855224609375 -0.104087829589844 -0.127891540527344
0.0691986083984375 0.271682739257813 -0.111930847167969 -0.125892639160156
0.07696533203125 0.300811767578125 -0.102348327636719 -0.117324829101562
0.021636962890625 0.30889892578125 -0.0662155151367188 -0.109466552734375
-0.08233642578125 0.27313232421875 -0.0490341186523438 -0.108177185058594
-0.16497802734375 0.248443603515625 -0.00129699707031251 -0.07940673828125
-0.269500732421875 0.138595581054688 0.0619583129882812 -0.0431060791015625
-0.333984375 0.04168701171875 -0.00887680053710939 0.0561065673828125
-0.37249755859375 -0.00268554687500003 -0.049407958984375 0.07855224609375
-0.24237060546875 0.00173950195312501 -0.376556396484375 -0.124969482421875
-0.216995239257813 0.0183563232421875 -0.246246337890625 -0.0430145263671875
-0.16680908203125 0.0518951416015625 -0.0596809387207031 -0.0195999145507812
-0.146011352539063 0.0868988037109375 -0.0145111083984375 -0.102386474609375
-0.101043701171875 0.127685546875 -0.026275634765625 -0.154937744140625
-0.032745361328125 0.204574584960938 -0.082855224609375 -0.183502197265625
0.0378875732421875 0.199127197265625 -0.154052734375 -0.209030151367188
0.0401611328125 0.19439697265625 -0.169754028320313 -0.201675415039062
0.037017822265625 0.222412109375 -0.146774291992188 -0.194808959960938
-0.01220703125 0.217147827148438 -0.0825347900390625 -0.186798095703125
-0.0861053466796875 0.178314208984375 -0.0462188720703125 -0.152114868164063
-0.136489868164063 0.148056030273437 0.000968933105468751 -0.0942153930664063
-0.187179565429688 0.066619873046875 0.0269775390625 -0.0320911407470703
-0.223007202148437 0.0125732421875 -0.0970840454101563 0.0624771118164062
-0.25982666015625 -0.00141906738281252 -0.163894653320313 0.048858642578125
-0.0791549682617188 0.0373153686523437 -0.44146728515625 -0.116790771484375
-0.0516738891601563 0.0146522521972656 -0.2939453125 -0.02716064453125
-0.0315799713134766 0.00398063659667969 -0.0927505493164062 0.00304412841796876
-0.0443344116210938 -0.00131988525390625 -0.0269775390625 -0.0942001342773438
-0.0500946044921875 0.0225639343261719 -0.0313873291015625 -0.16162109375
-0.03704833984375 0.0791091918945312 -0.1007080078125 -0.223526000976563
-0.00618743896484374 0.0860748291015625 -0.183624267578125 -0.25421142578125
0.00460052490234374 0.0887069702148438 -0.202804565429687 -0.24755859375
-0.00527191162109375 0.108200073242188 -0.164108276367188 -0.246932983398437
-0.0311431884765625 0.0927276611328125 -0.076690673828125 -0.238571166992187
-0.0597953796386719 0.059844970703125 -0.0263519287109375 -0.174774169921875
-0.0685844421386719 0.0371017456054688 0.012451171875 -0.0983657836914062
-0.066680908203125 0.00853729248046874 -0.00203323364257813 -0.0214347839355469
-0.0768814086914062 0.00394439697265624 -0.157363891601563 0.0544586181640625
-0.10980224609375 0.01446533203125 -0.237899780273437 0.020172119140625
-0.0822372436523438 -0.0547256469726563 0.257965087890625 -0.083282470703125
-0.0952072143554688 -0.0353469848632813 0.167205810546875 -0.0803070068359375
-0.093109130859375 0.02947998046875 -0.000715255737304693 -0.0185604095458984
-0.0453376770019531 0.0657997131347656 -0.04498291015625 0.100837707519531
-0.00423049926757812 0.0531349182128906 -0.017547607421875 0.176834106445312
0.0277900695800781 0.0410842895507813 0.082427978515625 0.258819580078125
0.0454254150390625 0.0368080139160156 0.1922607421875 0.270523071289063
0.0348739624023438 0.0355339050292969 0.228286743164062 0.240570068359375
0.0470657348632813 0.030975341796875 0.197860717773437 0.229339599609375
0.0450630187988281 0.0533599853515625 0.119338989257812 0.219451904296875
0.025909423828125 0.0730361938476563 0.0695037841796875 0.135322570800781
-0.0045623779296875 0.09381103515625 0.0626144409179688 0.0517959594726563
-0.073486328125 0.0660400390625 0.149139404296875 -0.0036163330078125
-0.0882492065429688 0.013427734375 0.349884033203125 -0.013275146484375
-0.0586700439453125 0.00597000122070312 0.49072265625 0.14202880859375
-0.2459716796875 -0.07568359375 0.2215576171875 -0.0817413330078125
-0.253250122070313 -0.0384674072265625 0.152236938476562 -0.0764007568359375
-0.230072021484375 0.0549163818359375 0.015655517578125 -0.0338840484619141
-0.161392211914063 0.1396484375 -0.044464111328125 0.07135009765625
-0.06878662109375 0.158355712890625 -0.032012939453125 0.1461181640625
0.0282135009765625 0.17694091796875 0.06048583984375 0.240707397460938
0.093597412109375 0.156646728515625 0.158111572265625 0.246002197265625
0.078460693359375 0.147628784179688 0.197006225585938 0.2099609375
0.0942840576171875 0.151687622070313 0.173660278320312 0.19659423828125
0.070465087890625 0.176193237304688 0.109237670898438 0.18988037109375
0.00782775878906248 0.184494018554687 0.0573959350585938 0.104110717773438
-0.0570526123046875 0.197341918945313 0.0561676025390625 0.0237464904785156
-0.171005249023438 0.134292602539062 0.160491943359375 -0.0399169921875
-0.2274169921875 0.0465240478515625 0.33441162109375 -0.029876708984375
-0.222412109375 0.0146331787109375 0.458740234375 0.12896728515625
-0.3765869140625 -0.086151123046875 0.135101318359375 -0.0878448486328125
-0.378173828125 -0.0401611328125 0.101715087890625 -0.0702743530273437
-0.338470458984375 0.0730285644531251 0.0270500183105469 -0.0423583984375
-0.260391235351563 0.19366455078125 -0.0322055816650391 0.0338096618652344
-0.13037109375 0.240386962890625 -0.0346221923828125 0.092193603515625
0.017486572265625 0.28961181640625 0.0342864990234375 0.184127807617188
0.124374389648438 0.255462646484375 0.1024169921875 0.182388305664063
0.110153198242187 0.2376708984375 0.134628295898438 0.1478271484375
0.131851196289063 0.248947143554688 0.120338439941406 0.137992858886719
0.093841552734375 0.276443481445313 0.0779495239257812 0.136032104492188
-0.0032958984375 0.275726318359375 0.0349617004394531 0.0606803894042969
-0.092926025390625 0.2841796875 0.0434226989746094 -0.00555801391601561
-0.243148803710937 0.197036743164063 0.15264892578125 -0.06463623046875
-0.33233642578125 0.0846252441406251 0.280838012695313 -0.028533935546875
-0.352325439453125 0.02880859375 0.372039794921875 0.116973876953125
-0.44976806640625 -0.077880859375 0.00936126708984373 -0.0961380004882812
-0.449127197265625 -0.0228576660156251 0.0205230712890625 -0.062347412109375
-0.3944091796875 0.0926818847656251 0.0250968933105468 -0.042938232421875
-0.31292724609375 0.226531982421875 -0.0165987014770508 -0.00875759124755858
-0.16717529296875 0.28778076171875 -0.0292148590087891 0.0209693908691406
0.00601196289062503 0.35650634765625 0.00585174560546875 0.0949249267578125
0.13531494140625 0.313262939453125 0.0323257446289063 0.0878372192382813
0.1241455078125 0.291839599609375 0.052032470703125 0.0647010803222656
0.150177001953125 0.311187744140625 0.0446624755859375 0.0609512329101563
0.1016845703125 0.33941650390625 0.0297393798828125 0.0636863708496094
-0.0152587890625 0.331298828125 0.00143861770629883 0.00780344009399416
-0.119140625 0.3336181640625 0.0255813598632812 -0.0324974060058594
-0.28515625 0.23162841796875 0.128921508789062 -0.0724029541015625
-0.391571044921875 0.107452392578125 0.196807861328125 -0.00645446777343749
-0.427154541015625 0.039947509765625 0.244964599609375 0.107650756835938
-0.4517822265625 -0.049774169921875 -0.136054992675781 -0.102081298828125
-0.443115234375 0.00454711914062504 -0.0782928466796875 -0.050079345703125
-0.378814697265625 0.10882568359375 0.0069007873535156 -0.0381202697753906
-0.304534912109375 0.225250244140625 -0.00720596313476564 -0.0519828796386719
-0.1671142578125 0.286346435546875 -0.0259475708007813 -0.0550537109375
-0.00134277343750004 0.362823486328125 -0.0275611877441406 -0.01031494140625
0.127227783203125 0.322052001953125 -0.0436172485351562 -0.01824951171875
0.120391845703125 0.30322265625 -0.0389366149902344 -0.0279769897460937
0.1414794921875 0.328826904296875 -0.0381278991699219 -0.0241279602050781
0.08758544921875 0.351043701171875 -0.0263957977294922 -0.0198249816894531
-0.034027099609375 0.336090087890625 -0.0327186584472656 -0.0486412048339844
-0.137176513671875 0.330047607421875 0.00630569458007812 -0.0568618774414062
-0.293487548828125 0.220245361328125 0.0944595336914062 -0.0639114379882812
-0.394134521484375 0.10247802734375 0.0960159301757812 0.02874755859375
-0.437530517578125 0.0406799316406249 0.0981674194335937 0.0999984741210937
-0.37957763671875 -0.0152282714843751 -0.274856567382813 -0.101303100585938
-0.360992431640625 0.02947998046875 -0.174713134765625 -0.035980224609375
-0.292205810546875 0.101776123046875 -0.0249195098876953 -0.0298748016357422
-0.237258911132813 0.182571411132812 -0.0101547241210938 -0.0868148803710937
-0.136566162109375 0.232986450195312 -0.02960205078125 -0.118896484375
-0.00592041015625003 0.310150146484375 -0.0629348754882813 -0.108291625976562
0.10028076171875 0.280059814453125 -0.115089416503906 -0.119384765625
0.0980224609375 0.2681884765625 -0.123153686523438 -0.115531921386719
0.1102294921875 0.297607421875 -0.112709045410156 -0.109474182128906
0.052642822265625 0.310791015625 -0.0729446411132813 -0.105369567871094
-0.058441162109375 0.286376953125 -0.0552139282226563 -0.103446960449219
-0.14453125 0.268951416015625 -0.00565338134765626 -0.0778656005859375
-0.260116577148438 0.161972045898438 0.0568313598632812 -0.0494613647460937
-0.337677001953125 0.0700683593750001 -0.00619506835937502 0.0598831176757813
-0.381256103515625 0.031097412109375 -0.0450286865234375 0.0865554809570313
-0.248626708984375 0.0196380615234375 -0.38580322265625 -0.0931396484375
-0.221206665039063 0.035614013671875 -0.251174926757813 -0.019378662109375
-0.167129516601563 0.0667572021484375 -0.0615463256835938 -0.0146713256835937
-0.142959594726563 0.103408813476563 -0.0223617553710938 -0.101486206054688
-0.0926361083984375 0.1409912109375 -0.03765869140625 -0.155471801757813
-0.012725830078125 0.210906982421875 -0.096466064453125 -0.18035888671875
0.0584869384765625 0.19671630859375 -0.173446655273437 -0.195755004882812
0.0619354248046875 0.193344116210938 -0.189697265625 -0.186492919921875
0.0622100830078125 0.222702026367188 -0.165817260742187 -0.183853149414063
0.0103607177734375 0.22259521484375 -0.0980377197265625 -0.18133544921875
-0.0702667236328125 0.190261840820313 -0.05718994140625 -0.148666381835938
-0.124343872070313 0.165313720703125 -0.00566864013671875 -0.0936050415039062
-0.18414306640625 0.08343505859375 0.0220050811767578 -0.0347805023193359
-0.229110717773438 0.0305328369140625 -0.094635009765625 0.0740203857421875
-0.2664794921875 0.021759033203125 -0.164154052734375 0.065704345703125
-0.0794448852539063 0.0408477783203125 -0.45257568359375 -0.0787353515625001
-0.0549812316894531 0.01654052734375 -0.298614501953125 0.000244140624999937
-0.0342769622802734 0.00647544860839843 -0.0918121337890625 0.011138916015625
-0.0471420288085938 0.00471878051757812 -0.0349578857421875 -0.09320068359375
-0.0497665405273437 0.0299606323242188 -0.044891357421875 -0.162994384765625
-0.0291671752929687 0.0853347778320313 -0.12017822265625 -0.218734741210938
0.00336456298828125 0.0874557495117188 -0.209304809570312 -0.239349365234375
0.0155487060546875 0.0897674560546875 -0.22735595703125 -0.228775024414062
0.00839996337890624 0.111526489257813 -0.188552856445312 -0.234115600585938
-0.02081298828125 0.0979156494140625 -0.0981903076171875 -0.234710693359375
-0.0541343688964844 0.0675315856933594 -0.0396881103515625 -0.1741943359375
-0.0652694702148437 0.047027587890625 0.00454711914062499 -0.099090576171875
-0.0671310424804687 0.0154266357421875 -0.00725364685058594 -0.0217876434326172
-0.0810470581054688 0.010162353515625 -0.157135009765625 0.0713348388671875
-0.113906860351563 0.0240402221679687 -0.242263793945313 0.04290771484375
-0.08233642578125 -0.048675537109375 0.257781982421875 -0.0974578857421875
-0.0936737060546875 -0.0303497314453125 0.166213989257813 -0.091217041015625
-0.0894546508789063 0.0316848754882813 0.000923156738281244 -0.0197982788085937
-0.0415878295898438 0.0652313232421875 -0.0366058349609375 0.102996826171875
-0.0022735595703125 0.0515975952148437 -0.00561523437499999 0.178054809570313
0.0287742614746094 0.0377693176269531 0.0979156494140625 0.253021240234375
0.0467758178710938 0.0333824157714844 0.209609985351563 0.255813598632813
0.0357131958007813 0.0326156616210938 0.243026733398438 0.222900390625
0.04791259765625 0.0269203186035156 0.2127685546875 0.2159423828125
0.0480384826660156 0.0492935180664063 0.133575439453125 0.213180541992188
0.0308990478515625 0.0702400207519531 0.0766525268554688 0.132781982421875
0.00114440917968751 0.0913772583007813 0.0648269653320313 0.049560546875
-0.0672492980957031 0.0689926147460938 0.147079467773438 -0.011566162109375
-0.0845260620117188 0.0196762084960938 0.345489501953125 -0.035858154296875
-0.0544815063476563 0.0100746154785156 0.4954833984375 0.113555908203125
-0.24774169921875 -0.059234619140625 0.22235107421875 -0.092864990234375
-0.250503540039063 -0.0247650146484375 0.151901245117187 -0.0843658447265625
-0.2242431640625 0.0643157958984375 0.0153541564941406 -0.0354080200195312
-0.152801513671875 0.147003173828125 -0.03692626953125 0.0745086669921875
-0.060394287109375 0.159683227539063 -0.020965576171875 0.147552490234375
0.03741455078125 0.172760009765625 0.0760955810546875 0.23583984375
0.1015625 0.148605346679688 0.175445556640625 0.234466552734375
0.0871124267578125 0.14105224609375 0.210983276367188 0.194183349609375
0.1036376953125 0.1446533203125 0.187026977539063 0.184417724609375
0.0811767578125 0.170425415039063 0.122894287109375 0.184371948242188
0.0185546875 0.183349609375 0.0647201538085938 0.102958679199219
-0.0444488525390625 0.19921875 0.0580482482910156 0.0228347778320313
-0.161712646484375 0.142059326171875 0.155990600585938 -0.048736572265625
-0.223739624023438 0.0597686767578125 0.33026123046875 -0.050537109375
-0.217864990234375 0.027984619140625 0.461822509765625 0.10369873046875
-0.379180908203125 -0.0625000000000001 0.135971069335937 -0.093536376953125
-0.377532958984375 -0.0183410644531249 0.101806640625 -0.0742874145507813
-0.33197021484375 0.088043212890625 0.02587890625 -0.0439262390136719
-0.24847412109375 0.207443237304688 -0.0272216796875 0.037567138671875
-0.116531372070313 0.246551513671875 -0.0256195068359375 0.0943222045898438
0.03369140625 0.2843017578125 0.04913330078125 0.179946899414063
0.138092041015625 0.244827270507813 0.116165161132813 0.1746826171875
0.125320434570313 0.2286376953125 0.145095825195313 0.137420654296875
0.147933959960937 0.23956298828125 0.129928588867188 0.129478454589844
0.111434936523438 0.269271850585938 0.0894851684570313 0.131340026855469
0.0132904052734375 0.276107788085938 0.0406417846679688 0.0601882934570313
-0.075225830078125 0.2882080078125 0.0445365905761719 -0.00490570068359373
-0.230911254882812 0.20794677734375 0.145553588867187 -0.073699951171875
-0.3277587890625 0.103118896484375 0.277023315429688 -0.04473876953125
-0.347320556640625 0.051116943359375 0.37548828125 0.096832275390625
-0.4544677734375 -0.0493469238281251 0.0100631713867187 -0.0938339233398438
-0.446380615234375 0.00170898437500008 0.0210762023925781 -0.0607147216796875
-0.38739013671875 0.11236572265625 0.0240516662597656 -0.0435104370117187
-0.299285888671875 0.24407958984375 -0.014434814453125 -0.00565242767333983
-0.15045166015625 0.2972412109375 -0.0238399505615234 0.0229682922363281
0.027923583984375 0.352935791015625 0.0157699584960938 0.0920181274414063
0.153228759765625 0.30218505859375 0.0411529541015625 0.0860443115234375
0.1444091796875 0.28277587890625 0.0574684143066406 0.0600090026855469
0.1705322265625 0.300933837890625 0.0500373840332031 0.0577583312988281
0.12420654296875 0.330963134765625 0.0372695922851563 0.061676025390625
0.00537109375 0.332427978515625 0.00572490692138672 0.00947761535644533
-0.097503662109375 0.341156005859375 0.0254688262939453 -0.0309486389160156
-0.272323608398438 0.244049072265625 0.122032165527344 -0.0793228149414062
-0.3861083984375 0.128753662109375 0.195220947265625 -0.016448974609375
-0.42388916015625 0.0661621093750001 0.248565673828125 0.0963897705078125
-0.45440673828125 -0.024017333984375 -0.135612487792969 -0.0911865234375
-0.44317626953125 0.0285949707031249 -0.0776824951171875 -0.0423126220703125
-0.37127685546875 0.12860107421875 0.00587463378906247 -0.0376548767089844
-0.290252685546875 0.245849609375 -0.00821304321289065 -0.0488243103027344
-0.1512451171875 0.296661376953125 -0.0248947143554688 -0.0534820556640625
0.021270751953125 0.361053466796875 -0.0231876373291016 -0.0107002258300781
0.146209716796875 0.310455322265625 -0.0412521362304687 -0.015045166015625
0.140533447265625 0.294525146484375 -0.038818359375 -0.0247955322265625
0.164459228515625 0.31829833984375 -0.03857421875 -0.0223159790039062
0.111419677734375 0.345367431640625 -0.0235519409179687 -0.0183792114257812
-0.013702392578125 0.339324951171875 -0.0314750671386719 -0.045318603515625
-0.115478515625 0.339385986328125 0.00547027587890625 -0.0544700622558594
-0.280136108398438 0.233322143554688 0.0875091552734375 -0.0695266723632812
-0.390777587890625 0.12371826171875 0.0971298217773437 0.0249404907226563
-0.434722900390625 0.067626953125 0.102310180664062 0.096405029296875
-0.38397216796875 0.00650024414062501 -0.274932861328125 -0.0829925537109376
-0.36114501953125 0.049407958984375 -0.1734619140625 -0.022552490234375
-0.28790283203125 0.116790771484375 -0.0250720977783203 -0.0272750854492187
-0.22802734375 0.198684692382813 -0.0135116577148438 -0.0839996337890625
-0.124038696289062 0.242965698242188 -0.0329208374023438 -0.11737060546875
0.013702392578125 0.3095703125 -0.0657196044921875 -0.106620788574219
0.117904663085938 0.271255493164063 -0.119667053222656 -0.110359191894531
0.117431640625 0.260589599609375 -0.127838134765625 -0.105987548828125
0.132354736328125 0.289825439453125 -0.118217468261719 -0.101913452148437
0.07403564453125 0.30792236328125 -0.0761947631835938 -0.101142883300781
-0.0408935546875 0.290985107421875 -0.0570449829101563 -0.0989761352539062
-0.125869750976563 0.278915405273438 -0.0079193115234375 -0.0750045776367187
-0.25146484375 0.175308227539063 0.0511016845703125 -0.0526504516601562
-0.336700439453125 0.087738037109375 -0.00372695922851564 0.0622901916503906
-0.380340576171875 0.054351806640625 -0.0420455932617188 0.0914993286132813
-0.250198364257813 0.0310974121093749 -0.385894775390625 -0.069488525390625
-0.222366333007813 0.047119140625 -0.249526977539063 -0.00105285644531245
-0.16546630859375 0.075775146484375 -0.0608596801757813 -0.0100212097167969
-0.138420104980469 0.114402770996094 -0.027191162109375 -0.0991439819335937
-0.0843963623046875 0.149429321289063 -0.0448150634765625 -0.154541015625
0.000701904296875009 0.21240234375 -0.104537963867188 -0.176406860351562
0.0711212158203125 0.191970825195313 -0.182891845703125 -0.183029174804688
0.077056884765625 0.1884765625 -0.199111938476563 -0.171783447265625
0.079864501953125 0.218475341796875 -0.175796508789063 -0.171432495117188
0.0268096923828125 0.221893310546875 -0.107040405273437 -0.17572021484375
-0.057525634765625 0.195968627929688 -0.06256103515625 -0.144332885742188
-0.1124267578125 0.174911499023438 -0.00920867919921876 -0.0912017822265625
-0.179794311523438 0.09417724609375 0.0175094604492187 -0.0358428955078125
-0.23095703125 0.043609619140625 -0.0910186767578125 0.0822677612304687
-0.267929077148438 0.0376892089843749 -0.162490844726563 0.0773162841796875
-0.0804824829101563 0.041168212890625 -0.452423095703125 -0.05450439453125
-0.0579071044921875 0.0184860229492187 -0.297119140625 0.01922607421875
-0.0363311767578125 0.00917816162109374 -0.0902328491210938 0.0164566040039063
-0.0492706298828125 0.00963211059570313 -0.0398712158203125 -0.0916900634765625
-0.0489616394042969 0.0359687805175781 -0.0532684326171875 -0.16119384765625
-0.0225143432617188 0.0891494750976562 -0.132171630859375 -0.213302612304688
0.0101776123046875 0.086456298828125 -0.22265625 -0.224365234375
0.0238800048828125 0.08819580078125 -0.240188598632813 -0.211502075195312
0.0194168090820313 0.11114501953125 -0.202438354492188 -0.219802856445313
-0.0121536254882813 0.100433349609375 -0.111587524414063 -0.22772216796875
-0.048614501953125 0.0725860595703125 -0.0484619140625 -0.170852661132813
-0.0606842041015625 0.0538902282714844 -0.000961303710937507 -0.09765625
-0.0673179626464844 0.0204124450683594 -0.0112457275390625 -0.0204372406005859
-0.0848541259765625 0.0155487060546875 -0.153884887695313 0.083099365234375
-0.115371704101563 0.031280517578125 -0.242095947265625 0.057861328125
-0.0803451538085938 -0.0450210571289062 0.262054443359375 -0.10693359375
-0.0926589965820313 -0.0289230346679688 0.168624877929688 -0.099395751953125
-0.08819580078125 0.0314407348632813 0.00231170654296875 -0.0213279724121094
-0.0407180786132813 0.0651397705078125 -0.0308151245117188 0.104347229003906
-0.00181198120117188 0.0505561828613281 0.0011138916015625 0.179306030273438
0.0280418395996094 0.0354499816894531 0.107437133789063 0.253005981445313
0.0470161437988281 0.0317764282226563 0.220748901367187 0.25006103515625
0.0359878540039063 0.0315895080566406 0.253707885742188 0.213943481445313
0.0480308532714844 0.024261474609375 0.222793579101562 0.209747314453125
0.0492591857910156 0.0467147827148438 0.143218994140625 0.212371826171875
0.0336036682128906 0.0693855285644531 0.0812606811523438 0.133918762207031
0.00455474853515626 0.0899581909179688 0.0660858154296875 0.0496559143066406
-0.0642623901367188 0.071044921875 0.1468505859375 -0.0156402587890625
-0.08258056640625 0.023529052734375 0.344940185546875 -0.0479736328125
-0.0510597229003906 0.0113906860351563 0.49896240234375 0.10137939453125
-0.249603271484375 -0.0499420166015624 0.226516723632812 -0.099029541015625
-0.251052856445313 -0.0190582275390625 0.154159545898437 -0.0897674560546875
-0.2235107421875 0.0675506591796875 0.0173530578613281 -0.0365562438964844
-0.150344848632812 0.1507568359375 -0.0322418212890625 0.076629638671875
-0.0572662353515625 0.162078857421875 -0.014434814453125 0.14971923828125
0.0412445068359375 0.1697998046875 0.0864105224609375 0.234710693359375
0.105560302734375 0.145889282226563 0.18634033203125 0.2296142578125
0.0921478271484375 0.139595031738281 0.219696044921875 0.186920166015625
0.109634399414063 0.14141845703125 0.196029663085938 0.178543090820313
0.0876617431640625 0.168502807617188 0.132843017578125 0.181716918945313
0.02410888671875 0.184921264648438 0.0698928833007813 0.103805541992188
-0.037750244140625 0.201309204101563 0.0599632263183594 0.0233840942382813
-0.159820556640625 0.146453857421875 0.153945922851563 -0.0526123046875
-0.223663330078125 0.0670318603515625 0.32989501953125 -0.061431884765625
-0.216766357421875 0.0348052978515625 0.466583251953125 0.0931396484375
-0.383544921875 -0.0498657226562499 0.140510559082031 -0.0962600708007813
-0.3790283203125 -0.008392333984375 0.104522705078125 -0.0772933959960937
-0.331634521484375 0.09393310546875 0.0264244079589844 -0.0444793701171875
-0.24493408203125 0.21563720703125 -0.0236396789550781 0.0400009155273438
-0.111541748046875 0.25164794921875 -0.0194854736328125 0.0955734252929688
0.04150390625 0.284088134765625 0.0589752197265625 0.178192138671875
0.145782470703125 0.240570068359375 0.125564575195313 0.171722412109375
0.134979248046875 0.226516723632813 0.151992797851563 0.131729125976563
0.159317016601562 0.236373901367187 0.13690185546875 0.125419616699219
0.121597290039063 0.26788330078125 0.0972824096679688 0.130149841308594
0.0220947265625 0.279693603515625 0.0455436706542969 0.0612831115722656
-0.066314697265625 0.293212890625 0.0467453002929688 -0.00336456298828123
-0.227554321289063 0.21405029296875 0.142807006835937 -0.0774078369140625
-0.32958984375 0.113372802734375 0.27734375 -0.053070068359375
-0.347320556640625 0.06195068359375 0.3797607421875 0.0888671875
-0.459686279296875 -0.0342712402343749 0.0141372680664062 -0.0924911499023438
-0.450897216796875 0.0145568847656251 0.0232620239257812 -0.0596466064453125
-0.387664794921875 0.121734619140625 0.0242767333984375 -0.0441856384277344
-0.295074462890625 0.255859375 -0.0120325088500977 -0.00303459167480467
-0.14434814453125 0.304840087890625 -0.0195541381835938 0.0239791870117188
0.038299560546875 0.35394287109375 0.023101806640625 0.0900726318359375
0.163604736328125 0.29742431640625 0.0474777221679688 0.0852737426757813
0.155532836914063 0.280792236328125 0.0609359741210938 0.0585441589355469
0.185516357421875 0.29693603515625 0.0531196594238281 0.0568199157714844
0.137542724609375 0.330810546875 0.0427970886230469 0.0606231689453125
0.01611328125 0.33770751953125 0.00956344604492188 0.0105981826782227
-0.087554931640625 0.348907470703125 0.0268573760986328 -0.0294265747070312
-0.269546508789062 0.252243041992188 0.117866516113281 -0.0832366943359375
-0.390167236328125 0.140869140625 0.195831298828125 -0.0212554931640625
-0.42529296875 0.08087158203125 0.252532958984375 0.0928192138671875
-0.462310791015625 -0.0110473632812499 -0.132896423339844 -0.0849380493164063
-0.449310302734375 0.0423889160156251 -0.0761260986328125 -0.037506103515625
-0.373199462890625 0.1365966796875 0.0068702697753906 -0.0369758605957031
-0.286956787109375 0.258270263671875 -0.00719070434570314 -0.046875
-0.1436767578125 0.305816650390625 -0.0230903625488281 -0.0530242919921875
0.03375244140625 0.36383056640625 -0.0198574066162109 -0.0121212005615234
0.156585693359375 0.308197021484375 -0.0390052795410156 -0.0140609741210937
0.154571533203125 0.291656494140625 -0.0381622314453125 -0.0232810974121094
0.180755615234375 0.315582275390625 -0.0382156372070312 -0.0205917358398437
0.125213623046875 0.345611572265625 -0.0215587615966797 -0.0193939208984375
-0.00286865234375 0.345123291015625 -0.029144287109375 -0.0444068908691406
-0.10552978515625 0.34808349609375 0.006256103515625 -0.0529060363769531
-0.2786865234375 0.242599487304687 0.0833053588867188 -0.07257080078125
-0.396484375 0.1365966796875 0.0980300903320312 0.0238418579101563
-0.437225341796875 0.0820312500000001 0.104721069335937 0.0971832275390625
-0.391143798828125 0.0170288085937499 -0.2735595703125 -0.073760986328125
-0.36737060546875 0.0606689453125001 -0.172775268554688 -0.0139007568359375
-0.2908935546875 0.124664306640625 -0.0251598358154297 -0.02557373046875
-0.22601318359375 0.210128784179688 -0.014129638671875 -0.081634521484375
-0.117950439453125 0.252822875976562 -0.0337905883789063 -0.118576049804687
0.024200439453125 0.313934326171875 -0.0656814575195313 -0.108016967773438
0.127670288085937 0.26947021484375 -0.121192932128906 -0.106765747070312
0.128921508789063 0.258514404296875 -0.131301879882813 -0.100990295410156
0.147003173828125 0.2889404296875 -0.121635437011719 -0.0978240966796875
0.0869140625 0.309326171875 -0.0786285400390625 -0.100578308105469
-0.030975341796875 0.29754638671875 -0.05731201171875 -0.0984268188476562
-0.1170654296875 0.288177490234375 -0.00801849365234376 -0.0738906860351563
-0.2513427734375 0.183074951171875 0.0471878051757812 -0.0540809631347656
-0.3433837890625 0.098907470703125 -0.00150299072265627 0.0654029846191406
-0.38385009765625 0.066925048828125 -0.0412750244140625 0.0960693359375
-0.256454467773438 0.0372467041015625 -0.386383056640625 -0.0581665039062499
-0.228179931640625 0.0535888671875 -0.25 0.00950622558593753
-0.1676025390625 0.080169677734375 -0.0601463317871094 -0.00703048706054688
-0.138153076171875 0.122596740722656 -0.0291290283203125 -0.0976715087890625
-0.081878662109375 0.156997680664062 -0.0478515625 -0.15576171875
0.0084991455078125 0.217239379882812 -0.109039306640625 -0.176925659179688
0.0788726806640625 0.191513061523438 -0.189422607421875 -0.177993774414062
0.0860443115234375 0.1875 -0.204696655273438 -0.164077758789063
0.0920257568359375 0.217697143554688 -0.182846069335938 -0.165924072265625
0.0369873046875 0.22418212890625 -0.112762451171875 -0.174591064453125
-0.0513763427734375 0.201675415039063 -0.064666748046875 -0.143951416015625
-0.106597900390625 0.182846069335938 -0.010650634765625 -0.0904006958007812
-0.180389404296875 0.100189208984375 0.0129547119140625 -0.0355567932128906
-0.236846923828125 0.0516815185546875 -0.0903244018554688 0.0882797241210937
-0.27191162109375 0.047821044921875 -0.164169311523438 0.0853271484375
-0.0847244262695313 0.0408401489257813 -0.45489501953125 -0.0419311523437501
-0.0631370544433594 0.0191650390625 -0.29766845703125 0.03057861328125
-0.0387535095214844 0.0106353759765625 -0.0888671875 0.0188827514648438
-0.051025390625 0.0132789611816406 -0.0427780151367187 -0.0916900634765625
-0.0489387512207031 0.0411834716796875 -0.05816650390625 -0.163726806640625
-0.0180587768554688 0.0933380126953125 -0.140060424804688 -0.213027954101562
0.014495849609375 0.0878829956054688 -0.232528686523438 -0.217880249023437
0.0296401977539062 0.0875015258789063 -0.248077392578125 -0.202178955078125
0.0264968872070312 0.111503601074219 -0.211639404296875 -0.212982177734375
-0.00624847412109376 0.102699279785156 -0.121185302734375 -0.226654052734375
-0.0459671020507813 0.07635498046875 -0.0529022216796875 -0.171524047851563
-0.05804443359375 0.0588035583496094 -0.00296020507812501 -0.0975799560546875
-0.0687103271484375 0.0242500305175781 -0.0150794982910156 -0.0188159942626953
-0.089630126953125 0.01947021484375 -0.154708862304688 0.0913238525390625
-0.118766784667969 0.0363616943359375 -0.244873046875 0.067138671875
-0.0797348022460938 -0.043792724609375 0.274932861328125 -0.118057250976562
-0.0939483642578125 -0.029876708984375 0.176040649414063 -0.10833740234375
-0.090545654296875 0.03143310546875 0.00396156311035156 -0.0234336853027344
-0.0410614013671875 0.0668373107910156 -0.0269851684570313 0.108062744140625
-0.00333023071289063 0.0506782531738281 0.00630187988281251 0.185745239257813
0.0275688171386719 0.0346221923828125 0.11895751953125 0.2596435546875
0.0482521057128906 0.0315322875976563 0.236358642578125 0.251953125
0.0366859436035156 0.0321426391601563 0.269363403320313 0.2127685546875
0.0489921569824219 0.0222930908203125 0.238739013671875 0.211380004882813
0.0522384643554688 0.0453872680664063 0.155838012695313 0.218246459960937
0.0364341735839844 0.0701484680175781 0.0881118774414063 0.1390380859375
0.00762176513671875 0.0908966064453125 0.0694808959960938 0.0524673461914063
-0.0641555786132813 0.0747146606445312 0.150985717773437 -0.0179443359375
-0.0827484130859375 0.0270538330078125 0.3555908203125 -0.060638427734375
-0.0495567321777344 0.012359619140625 0.518035888671875 0.0941162109375
-0.255523681640625 -0.0447998046875 0.238937377929687 -0.107406616210938
-0.258209228515625 -0.01507568359375 0.161239624023437 -0.0976409912109375
-0.229751586914063 0.0707244873046875 0.0187339782714844 -0.0389823913574219
-0.152450561523438 0.15863037109375 -0.0281219482421875 0.0802230834960938
-0.0585479736328125 0.167861938476563 -0.00927734375000002 0.154678344726563
0.0438690185546875 0.174209594726563 0.098175048828125 0.240249633789062
0.11181640625 0.14739990234375 0.201217651367188 0.231918334960938
0.098846435546875 0.142593383789063 0.233383178710937 0.185745239257812
0.117401123046875 0.142562866210938 0.208770751953125 0.179855346679688
0.0960235595703125 0.171859741210938 0.14398193359375 0.18695068359375
0.0298309326171875 0.191055297851563 0.0766372680664063 0.108039855957031
-0.0340728759765625 0.209213256835938 0.0634231567382813 0.0258407592773438
-0.161972045898438 0.1546630859375 0.155899047851563 -0.0572052001953125
-0.230682373046875 0.075897216796875 0.338958740234375 -0.072662353515625
-0.22247314453125 0.0418548583984375 0.4837646484375 0.087982177734375
-0.396240234375 -0.0411987304687499 0.150482177734375 -0.10137939453125
-0.393341064453125 -0.000640869140624921 0.110267639160156 -0.0815582275390625
-0.343109130859375 0.1015625 0.0289459228515625 -0.0465812683105469
-0.249465942382813 0.2293701171875 -0.0200157165527344 0.0429496765136719
-0.111740112304688 0.263534545898438 -0.0143966674804688 0.09869384765625
0.048675537109375 0.29193115234375 0.0694580078125 0.181411743164063
0.155563354492188 0.244918823242187 0.138458251953125 0.1734619140625
0.146499633789063 0.23150634765625 0.162033081054688 0.131515502929688
0.172393798828125 0.240127563476563 0.146591186523438 0.127105712890625
0.134597778320313 0.27459716796875 0.107070922851563 0.132110595703125
0.030059814453125 0.291259765625 0.0510902404785156 0.0642433166503906
-0.06103515625 0.3076171875 0.050079345703125 -0.00241088867187498
-0.233642578125 0.226531982421875 0.143539428710938 -0.0821990966796875
-0.341888427734375 0.1265869140625 0.28533935546875 -0.061309814453125
-0.357666015625 0.07281494140625 0.394927978515625 0.086517333984375
-0.477020263671875 -0.0241394042968749 0.0190811157226562 -0.0938491821289062
-0.4683837890625 0.0247802734374999 0.0266151428222656 -0.0601844787597656
-0.402099609375 0.13006591796875 0.0266036987304687 -0.0451889038085937
-0.3021240234375 0.27325439453125 -0.0085878372192383 -0.000710964202880843
-0.142730712890625 0.32049560546875 -0.0155506134033203 0.0241184234619141
0.047607421875 0.36492919921875 0.0304718017578125 0.0900726318359375
0.177154541015625 0.3040771484375 0.0556640625 0.0868911743164063
0.170654296875 0.286834716796875 0.0664558410644531 0.0585365295410156
0.2025146484375 0.302978515625 0.0586776733398438 0.0579605102539063
0.15289306640625 0.340423583984375 0.0487632751464844 0.060821533203125
0.0252685546875 0.3529052734375 0.0135536193847656 0.0114459991455078
-0.08154296875 0.36578369140625 0.0298175811767578 -0.0289840698242187
-0.276123046875 0.266891479492188 0.116447448730469 -0.0879058837890625
-0.405670166015625 0.156005859375 0.202239990234375 -0.0259857177734375
-0.439727783203125 0.0929870605468751 0.264419555664063 0.09454345703125
-0.48126220703125 0.00112915039062506 -0.133506774902344 -0.08319091796875
-0.46673583984375 0.0556945800781251 -0.0759658813476563 -0.032867431640625
-0.388153076171875 0.148193359375 0.00790405273437497 -0.0368614196777344
-0.292694091796875 0.27734375 -0.00516510009765627 -0.0453414916992187
-0.142913818359375 0.323760986328125 -0.021728515625 -0.0558891296386718
0.043853759765625 0.37744140625 -0.0168361663818359 -0.0158300399780273
0.17108154296875 0.314971923828125 -0.0368804931640625 -0.0135078430175781
0.16961669921875 0.298828125 -0.0382728576660156 -0.022369384765625
0.1993408203125 0.32244873046875 -0.0392036437988281 -0.0193443298339844
0.141326904296875 0.356201171875 -0.0206470489501953 -0.0198345184326172
0.00549316406250001 0.36181640625 -0.0279426574707031 -0.0457992553710937
-0.0999755859375 0.3671875 0.00822830200195312 -0.053680419921875
-0.286376953125 0.257415771484375 0.0816650390625 -0.07568359375
-0.412811279296875 0.15093994140625 0.102005004882812 0.0246353149414063
-0.451873779296875 0.0962829589843749 0.110084533691406 0.102561950683594
-0.40960693359375 0.0275268554687499 -0.280258178710938 -0.0687103271484375
-0.384674072265625 0.072021484375 -0.17706298828125 -0.00680541992187501
-0.303375244140625 0.134613037109375 -0.0242996215820313 -0.0241279602050781
-0.230911254882813 0.226608276367188 -0.014892578125 -0.0818710327148437
-0.117706298828125 0.268386840820312 -0.03509521484375 -0.123161315917969
0.03521728515625 0.326873779296875 -0.0686721801757813 -0.113601684570312
0.140350341796875 0.276718139648438 -0.125640869140625 -0.107032775878906
0.144134521484375 0.265426635742188 -0.136756896972656 -0.100990295410156
0.16448974609375 0.29498291015625 -0.128105163574219 -0.096954345703125
0.101776123046875 0.319976806640625 -0.0826034545898438 -0.103202819824219
-0.024688720703125 0.312774658203125 -0.0594100952148437 -0.101425170898438
-0.11376953125 0.305633544921875 -0.00685119628906251 -0.0754241943359375
-0.259384155273438 0.19561767578125 0.044189453125 -0.0559158325195312
-0.360565185546875 0.111846923828125 -0.000267028808593774 0.0705108642578125
-0.398590087890625 0.07952880859375 -0.0421600341796875 0.104202270507813
-0.271072387695313 0.0444793701171875 -0.397125244140625 -0.0513000488281251
-0.24090576171875 0.0612945556640625 -0.25799560546875 0.0183563232421875
-0.1771240234375 0.0864105224609375 -0.061004638671875 -0.00470352172851563
-0.143325805664062 0.133636474609375 -0.0321273803710937 -0.098907470703125
-0.0815582275390625 0.16925048828125 -0.0520477294921875 -0.16259765625
0.017303466796875 0.227432250976563 -0.11663818359375 -0.183441162109375
0.0884857177734375 0.197036743164063 -0.19915771484375 -0.179031372070312
0.0975341796875 0.191314697265625 -0.215240478515625 -0.162765502929687
0.105300903320312 0.223129272460938 -0.192962646484375 -0.165313720703125
0.0470733642578125 0.23370361328125 -0.121368408203125 -0.178451538085937
-0.047210693359375 0.213760375976563 -0.0694122314453125 -0.148162841796875
-0.104385375976562 0.19525146484375 -0.0109939575195313 -0.0931625366210937
-0.187271118164063 0.108963012695313 0.00901412963867186 -0.0361557006835937
-0.2509765625 0.060882568359375 -0.0922088623046875 0.0972824096679688
-0.28375244140625 0.057281494140625 -0.170211791992188 0.0943145751953125
-0.09197998046875 0.043914794921875 -0.46917724609375 -0.03363037109375
-0.06976318359375 0.0216522216796875 -0.30731201171875 0.039794921875
-0.0432929992675781 0.0118446350097656 -0.090545654296875 0.0225677490234375
-0.0550994873046875 0.017333984375 -0.0465545654296875 -0.0939712524414063
-0.050079345703125 0.0475921630859375 -0.064544677734375 -0.169830322265625
-0.013824462890625 0.0998916625976563 -0.151687622070313 -0.219802856445313
0.018798828125 0.0916213989257813 -0.246597290039063 -0.219253540039062
0.03533935546875 0.0900955200195313 -0.26141357421875 -0.20037841796875
0.034423828125 0.115402221679688 -0.224899291992188 -0.21343994140625
-0.00178527832031249 0.108909606933594 -0.13134765625 -0.231781005859375
-0.04486083984375 0.08306884765625 -0.058624267578125 -0.176406860351562
-0.0576515197753906 0.0653228759765625 -0.00531768798828125 -0.100654602050781
-0.0726242065429688 0.028350830078125 -0.0189781188964844 -0.0174140930175781
-0.097381591796875 0.0241851806640625 -0.159133911132813 0.10150146484375
-0.1263427734375 0.0414505004882813 -0.256576538085938 0.0770263671875
-0.0816116333007813 -0.0437469482421875 0.2926025390625 -0.1375732421875
-0.0982513427734375 -0.0303421020507812 0.18560791015625 -0.125076293945313
-0.0943756103515625 0.0339813232421875 0.00472259521484375 -0.0273380279541016
-0.041595458984375 0.0703964233398438 -0.021728515625 0.113983154296875
-0.00310516357421875 0.0530357360839844 0.0159149169921875 0.196975708007813
0.0273513793945313 0.0347156524658203 0.13946533203125 0.271697998046875
0.0507125854492187 0.0300559997558594 0.263626098632813 0.255355834960937
0.0388336181640625 0.0315666198730469 0.2943115234375 0.211151123046875
0.0508766174316406 0.0203628540039063 0.2628173828125 0.213302612304688
0.0565032958984375 0.0445976257324219 0.176956176757813 0.225753784179688
0.0417404174804687 0.0715789794921875 0.1004638671875 0.146774291992188
0.0118789672851562 0.0944366455078125 0.0755462646484375 0.0548019409179688
-0.0631256103515625 0.0811004638671875 0.158416748046875 -0.0246734619140625
-0.0840377807617188 0.0326766967773437 0.3724365234375 -0.080596923828125
-0.0493049621582031 0.0149269104003906 0.551605224609375 0.079742431640625
-0.2696533203125 -0.037078857421875 0.257232666015625 -0.12451171875
-0.273544311523438 -0.00677490234374999 0.172271728515625 -0.110519409179688
-0.242599487304688 0.0800933837890625 0.0212364196777344 -0.0438385009765625
-0.15618896484375 0.173538208007812 -0.0233840942382813 0.0857391357421875
-0.057159423828125 0.180343627929687 -0.000869750976562498 0.163955688476563
0.051605224609375 0.18170166015625 0.11810302734375 0.250732421875
0.123077392578125 0.151168823242188 0.226593017578125 0.235458374023437
0.110610961914063 0.146041870117188 0.255859375 0.184921264648438
0.130661010742188 0.14459228515625 0.230850219726563 0.182891845703125
0.109466552734375 0.177536010742188 0.163345336914063 0.19287109375
0.0403900146484375 0.202499389648438 0.087921142578125 0.11358642578125
-0.027313232421875 0.223419189453125 0.070037841796875 0.0271148681640625
-0.166534423828125 0.170257568359375 0.16168212890625 -0.0657196044921875
-0.242599487304687 0.0915069580078125 0.356048583984375 -0.091400146484375
-0.232467651367188 0.0532379150390625 0.517608642578125 0.074951171875
-0.419921875 -0.025970458984375 0.163314819335937 -0.112823486328125
-0.41522216796875 0.0152282714843751 0.11871337890625 -0.0898513793945313
-0.363616943359375 0.1170654296875 0.0317726135253906 -0.0509719848632812
-0.256439208984375 0.252716064453125 -0.0152359008789063 0.0468177795410156
-0.110137939453125 0.2845458984375 -0.00772857666015626 0.103645324707031
0.06170654296875 0.307342529296875 0.084503173828125 0.18768310546875
0.17486572265625 0.252700805664063 0.15802001953125 0.177032470703125
0.1661376953125 0.239303588867187 0.178756713867188 0.131362915039063
0.194503784179688 0.245895385742187 0.162277221679688 0.128631591796875
0.1563720703125 0.28515625 0.12237548828125 0.135139465332031
0.043853759765625 0.31036376953125 0.0596923828125 0.0671615600585938
-0.05194091796875 0.330352783203125 0.0553703308105469 -0.0017890930175781
-0.241134643554687 0.249359130859375 0.14556884765625 -0.0914764404296875
-0.36053466796875 0.14959716796875 0.2998046875 -0.076873779296875
-0.376373291015625 0.0926208496093749 0.4234619140625 0.079254150390625
-0.507904052734375 -0.00473022460937506 0.0250167846679687 -0.0989532470703125
-0.498199462890625 0.04730224609375 0.0303192138671875 -0.0614509582519531
-0.4276123046875 0.15167236328125 0.0294876098632812 -0.048187255859375
-0.3099365234375 0.304595947265625 -0.00465250015258791 0.00121593475341799
-0.140899658203125 0.348175048828125 -0.0120754241943359 0.0245418548583985
0.064727783203125 0.385711669921875 0.0406646728515625 0.090972900390625
0.20025634765625 0.3160400390625 0.066131591796875 0.0879592895507813
0.195587158203125 0.2977294921875 0.0747909545898438 0.0599899291992188
0.2305908203125 0.3116455078125 0.0668830871582031 0.0600395202636719
0.179840087890625 0.35546875 0.0560760498046875 0.0616912841796875
0.042266845703125 0.376617431640625 0.0179462432861328 0.0115451812744141
-0.070281982421875 0.3941650390625 0.0339622497558594 -0.0296783447265625
-0.287445068359375 0.29534912109375 0.117179870605469 -0.0962753295898437
-0.4285888671875 0.18487548828125 0.214157104492187 -0.0347137451171875
-0.464202880859375 0.1190185546875 0.28424072265625 0.09307861328125
-0.5145263671875 0.0218200683593749 -0.136711120605469 -0.081573486328125
-0.497772216796875 0.0806274414062499 -0.07830810546875 -0.0283737182617187
-0.412261962890625 0.169952392578125 0.0100021362304687 -0.0381927490234375
-0.3017578125 0.30841064453125 -0.00357437133789064 -0.0458450317382812
-0.139617919921875 0.35302734375 -0.0215187072753906 -0.0605545043945312
0.06298828125 0.3997802734375 -0.0149021148681641 -0.0190658569335937
0.19476318359375 0.3280029296875 -0.035858154296875 -0.0134048461914062
0.19573974609375 0.310760498046875 -0.0395660400390625 -0.0211143493652344
0.23004150390625 0.332672119140625 -0.04071044921875 -0.0171661376953125
0.169952392578125 0.374053955078125 -0.0210933685302734 -0.0222415924072265
0.02325439453125 0.387847900390625 -0.0288658142089844 -0.0476760864257812
-0.089996337890625 0.39691162109375 0.00931549072265624 -0.0563430786132812
-0.299346923828125 0.28460693359375 0.0800094604492187 -0.0820770263671875
-0.437042236328125 0.180572509765625 0.109451293945312 0.0236434936523438
-0.47833251953125 0.121673583984375 0.121002197265625 0.10870361328125
-0.436767578125 0.0464172363281251 -0.2928466796875 -0.06109619140625
-0.4107666015625 0.0946044921875 -0.184799194335938 0.0040435791015625
-0.3233642578125 0.15496826171875 -0.0240974426269531 -0.0227851867675781
-0.239273071289063 0.254104614257813 -0.015411376953125 -0.0843505859375
-0.114105224609375 0.294189453125 -0.0397186279296875 -0.131584167480469
0.05303955078125 0.347442626953125 -0.0748977661132813 -0.120635986328125
0.16241455078125 0.289276123046875 -0.134017944335938 -0.109428405761719
0.167892456054688 0.275726318359375 -0.14697265625 -0.0984039306640625
0.192138671875 0.305908203125 -0.138191223144531 -0.0953369140625
0.125244140625 0.337158203125 -0.0915756225585937 -0.106964111328125
-0.010833740234375 0.337188720703125 -0.0650787353515625 -0.105735778808594
-0.106536865234375 0.3323974609375 -0.00858306884765626 -0.07940673828125
-0.272003173828125 0.219558715820312 0.0411567687988281 -0.05950927734375
-0.38360595703125 0.136962890625 0.00266265869140623 0.0780715942382813
-0.423370361328125 0.10260009765625 -0.0413055419921875 0.115959167480469
-0.2901611328125 0.057373046875 -0.41802978515625 -0.037811279296875
-0.259796142578125 0.07733154296875 -0.271041870117188 0.0336151123046875
-0.1900634765625 0.099578857421875 -0.0623283386230469 -0.000465393066406246
-0.14971923828125 0.15179443359375 -0.0356903076171875 -0.10260009765625
-0.07977294921875 0.18670654296875 -0.0599822998046875 -0.172348022460938
0.03082275390625 0.24371337890625 -0.130813598632813 -0.193130493164063
0.103866577148438 0.2071533203125 -0.218093872070313 -0.18145751953125
0.114212036132813 0.199798583984375 -0.23370361328125 -0.161178588867187
0.126266479492188 0.232833862304688 -0.21099853515625 -0.1650390625
0.0647125244140625 0.248138427734375 -0.137222290039063 -0.18450927734375
-0.039276123046875 0.2318115234375 -0.0787353515625 -0.155899047851562
-0.100936889648438 0.214599609375 -0.0147247314453125 -0.0980453491210937
-0.197647094726563 0.124588012695313 0.00582885742187499 -0.0367202758789063
-0.26953125 0.07855224609375 -0.0939254760742188 0.110359191894531
-0.30206298828125 0.073486328125 -0.178787231445313 0.11029052734375
-0.100814819335938 0.04931640625 -0.497650146484375 -0.0186462402343749
-0.0792465209960938 0.0272445678710938 -0.323822021484375 0.05755615234375
-0.0496330261230469 0.0152549743652344 -0.094024658203125 0.028839111328125
-0.0610198974609375 0.0234298706054688 -0.0522232055664063 -0.0981826782226562
-0.0513572692871094 0.0562286376953125 -0.0745697021484375 -0.179473876953125
-0.0069732666015625 0.109970092773438 -0.171112060546875 -0.229049682617188
0.0259628295898437 0.09814453125 -0.271697998046875 -0.221038818359375
0.0431900024414063 0.0937957763671875 -0.284912109375 -0.19873046875
0.0456161499023438 0.120613098144531 -0.247955322265625 -0.214340209960937
0.00649261474609376 0.117454528808594 -0.151473999023438 -0.239822387695312
-0.0425643920898438 0.0924072265625 -0.0695037841796875 -0.186187744140625
-0.0563583374023438 0.0742111206054688 -0.00939178466796875 -0.10638427734375
-0.0778121948242188 0.035125732421875 -0.0232410430908203 -0.0153751373291016
-0.1072998046875 0.0331344604492188 -0.166351318359375 0.118728637695313
-0.134986877441406 0.0508346557617187 -0.272445678710938 0.0946502685546875
-0.084716796875 -0.042449951171875 0.307769775390625 -0.1710205078125
-0.1044921875 -0.0284881591796875 0.19207763671875 -0.15045166015625
-0.0981063842773438 0.0395278930664062 0.00395965576171875 -0.0319995880126953
-0.039794921875 0.0759506225585938 -0.0119400024414062 0.120994567871094
-0.002899169921875 0.0557594299316406 0.0326690673828125 0.207855224609375
0.0282440185546875 0.0335102081298828 0.17218017578125 0.27862548828125
0.0526008605957031 0.027130126953125 0.302947998046875 0.24951171875
0.0428657531738281 0.0304641723632813 0.328582763671875 0.199493408203125
0.0533638000488281 0.0161018371582031 0.296966552734375 0.2061767578125
0.0631790161132813 0.0406265258789063 0.207839965820313 0.228164672851563
0.0508270263671875 0.07159423828125 0.120529174804688 0.151397705078125
0.02117919921875 0.0971603393554688 0.0851364135742187 0.0550079345703125
-0.0592575073242188 0.0904922485351562 0.165252685546875 -0.0367431640625
-0.0840835571289063 0.0414199829101563 0.387359619140625 -0.11651611328125
-0.0487556457519531 0.0190811157226563 0.592529296875 0.04400634765625
-0.28558349609375 -0.021148681640625 0.271392822265625 -0.152969360351562
-0.289825439453125 0.010406494140625 0.179443359375 -0.131942749023438
-0.254638671875 0.099945068359375 0.0202598571777344 -0.0492286682128906
-0.153640747070313 0.194778442382812 -0.0149002075195313 0.0907363891601563
-0.049560546875 0.195724487304688 0.0132293701171875 0.17230224609375
0.064453125 0.1888427734375 0.148712158203125 0.255416870117188
0.140884399414063 0.15155029296875 0.262435913085938 0.2310791015625
0.128921508789063 0.147842407226563 0.286712646484375 0.175567626953125
0.1492919921875 0.142242431640625 0.262588500976563 0.17559814453125
0.131317138671875 0.180343627929688 0.192047119140625 0.192672729492188
0.0591278076171875 0.211502075195313 0.105354309082031 0.116600036621094
-0.0113983154296875 0.23974609375 0.0790328979492188 0.0258712768554688
-0.165740966796875 0.19305419921875 0.165084838867188 -0.08056640625
-0.250701904296875 0.117340087890625 0.370574951171875 -0.125732421875
-0.242431640625 0.0754241943359375 0.5572509765625 0.044708251953125
-0.44659423828125 0.00231933593749993 0.174484252929687 -0.133621215820313
-0.4425048828125 0.047332763671875 0.125007629394531 -0.103744506835937
-0.38128662109375 0.148406982421875 0.0331687927246093 -0.0583114624023437
-0.255859375 0.289337158203125 -0.00782012939453127 0.0514564514160156
-0.097686767578125 0.3128662109375 0.002685546875 0.109100341796875
0.08685302734375 0.3212890625 0.109085083007813 0.190032958984375
0.204177856445313 0.255722045898438 0.18548583984375 0.173553466796875
0.196334838867188 0.24200439453125 0.202194213867188 0.125244140625
0.228683471679688 0.245101928710938 0.186126708984375 0.125396728515625
0.19012451171875 0.291168212890625 0.142822265625 0.134689331054688
0.073150634765625 0.3289794921875 0.0724258422851563 0.06793212890625
-0.028594970703125 0.3580322265625 0.0618324279785156 -0.00496673583984373
-0.24053955078125 0.285064697265625 0.145156860351562 -0.106414794921875
-0.37548828125 0.190032958984375 0.311279296875 -0.104644775390625
-0.393310546875 0.12744140625 0.458892822265625 0.0562744140625
-0.539947509765625 0.032379150390625 0.0289230346679687 -0.107048034667969
-0.52740478515625 0.089385986328125 0.0341987609863281 -0.0650444030761719
-0.447479248046875 0.192230224609375 0.0317955017089843 -0.0539817810058594
-0.3092041015625 0.34820556640625 -0.000283479690551777 0.00232577323913576
-0.12506103515625 0.38372802734375 -0.00752639770507814 0.0249290466308594
0.09832763671875 0.40679931640625 0.0544357299804688 0.090545654296875
0.236328125 0.321563720703125 0.0817947387695313 0.0863494873046875
0.23382568359375 0.300933837890625 0.08624267578125 0.057830810546875
0.273406982421875 0.312835693359375 0.0775985717773438 0.0601577758789063
0.22216796875 0.364288330078125 0.0665206909179688 0.0608253479003906
0.07659912109375 0.4022216796875 0.023193359375 0.011199951171875
-0.042755126953125 0.429473876953125 0.036865234375 -0.0334892272949218
-0.286865234375 0.33721923828125 0.114028930664062 -0.109031677246094
-0.44732666015625 0.2333984375 0.224929809570312 -0.0529632568359375
-0.485198974609375 0.1629638671875 0.31134033203125 0.081817626953125
-0.548248291015625 0.0632324218750001 -0.142745971679688 -0.0756988525390625
-0.526275634765625 0.1258544921875 -0.0795669555664063 -0.0206680297851563
-0.43328857421875 0.2137451171875 0.012969970703125 -0.0413017272949219
-0.301116943359375 0.354217529296875 -0.00217437744140627 -0.0468559265136719
-0.122467041015625 0.3909912109375 -0.024505615234375 -0.0659980773925781
0.099273681640625 0.42181396484375 -0.0136375427246094 -0.0236930847167968
0.2349853515625 0.3370361328125 -0.0354576110839844 -0.0136070251464844
0.23675537109375 0.315399169921875 -0.0409202575683594 -0.0190277099609375
0.275726318359375 0.33648681640625 -0.0411491394042969 -0.0134048461914062
0.213409423828125 0.385040283203125 -0.0228767395019531 -0.0226001739501953
0.056732177734375 0.415924072265625 -0.0318984985351563 -0.0481147766113281
-0.064117431640625 0.4345703125 0.00901412963867187 -0.0597267150878906
-0.3017578125 0.328643798828125 0.0759735107421875 -0.0919952392578125
-0.457977294921875 0.229034423828125 0.120071411132812 0.01922607421875
-0.502716064453125 0.16778564453125 0.137855529785156 0.110786437988281
-0.4676513671875 0.082763671875 -0.30963134765625 -0.042236328125
-0.43426513671875 0.134857177734375 -0.19195556640625 0.02313232421875
-0.340423583984375 0.19134521484375 -0.0231971740722657 -0.0219192504882812
-0.23760986328125 0.293914794921875 -0.0195465087890625 -0.087005615234375
-0.09918212890625 0.32745361328125 -0.050750732421875 -0.140098571777344
0.08624267578125 0.36865234375 -0.0877532958984375 -0.127403259277344
0.196990966796875 0.29681396484375 -0.150588989257812 -0.10693359375
0.202957153320313 0.281005859375 -0.161285400390625 -0.09222412109375
0.233612060546875 0.3095703125 -0.153030395507812 -0.0895843505859375
0.1641845703125 0.350311279296875 -0.104171752929688 -0.107215881347656
0.01617431640625 0.363739013671875 -0.075653076171875 -0.109405517578125
-0.085693359375 0.365325927734375 -0.0134811401367188 -0.08441162109375
-0.278366088867187 0.256683349609375 0.0359382629394531 -0.0643997192382812
-0.403900146484375 0.17962646484375 0.00928497314453123 0.0849151611328125
-0.443939208984375 0.14251708984375 -0.0352401733398438 0.131019592285156
-0.310699462890625 0.0840759277343749 -0.4447021484375 -0.00854492187499999
-0.275665283203125 0.106338500976562 -0.283447265625 0.0615844726562501
-0.20166015625 0.122589111328125 -0.0626564025878906 0.00511169433593751
-0.151153564453125 0.178482055664062 -0.042449951171875 -0.105567932128906
-0.07061767578125 0.210250854492188 -0.07696533203125 -0.181610107421875
0.055084228515625 0.25958251953125 -0.155014038085938 -0.19915771484375
0.130264282226563 0.213546752929687 -0.24560546875 -0.1766357421875
0.140869140625 0.203399658203125 -0.258163452148438 -0.15264892578125
0.156845092773438 0.23602294921875 -0.235549926757812 -0.15838623046875
0.0930328369140625 0.259109497070313 -0.160568237304688 -0.185623168945312
-0.0214691162109375 0.254135131835938 -0.0952301025390625 -0.160140991210937
-0.089263916015625 0.239730834960937 -0.0218048095703125 -0.1031494140625
-0.205001831054688 0.149765014648438 0.000305175781249986 -0.0373687744140625
-0.287017822265625 0.109161376953125 -0.091400146484375 0.127471923828125
-0.319732666015625 0.10345458984375 -0.1837158203125 0.134689331054687
-0.109832763671875 0.0603866577148438 -0.528717041015625 0.0173950195312501
-0.0879669189453125 0.0371932983398438 -0.339935302734375 0.0885009765624999
-0.0563011169433594 0.0209197998046875 -0.0943527221679688 0.0380096435546875
-0.0660514831542969 0.0338096618652344 -0.061920166015625 -0.099761962890625
-0.0494728088378906 0.0679664611816406 -0.0938720703125 -0.189071655273438
0.00506591796874999 0.120285034179687 -0.202560424804688 -0.232467651367187
0.0378875732421875 0.103836059570313 -0.306671142578125 -0.214324951171875
0.0560531616210938 0.0963134765625 -0.3170166015625 -0.187896728515625
0.0626144409179687 0.125373840332031 -0.279556274414063 -0.207550048828125
0.019744873046875 0.125709533691406 -0.181488037109375 -0.242782592773438
-0.0363693237304687 0.1046142578125 -0.0886993408203125 -0.192733764648438
-0.0524520874023438 0.0867233276367188 -0.0181732177734375 -0.111862182617188
-0.0821685791015625 0.0457763671875 -0.0275897979736328 -0.0124282836914062
-0.116065979003906 0.047607421875 -0.167755126953125 0.14361572265625
-0.142791748046875 0.0662994384765625 -0.286224365234375 0.123931884765625
-0.089111328125 -0.0367660522460937 0.305755615234375 -0.21368408203125
-0.109352111816406 -0.022796630859375 0.187286376953125 -0.180084228515625
-0.100151062011719 0.0472183227539063 0.00108909606933593 -0.0349292755126953
-0.0357131958007813 0.079010009765625 0.001220703125 0.125175476074219
0.00110626220703125 0.0578422546386719 0.0573272705078125 0.212615966796875
0.0277576446533203 0.0316867828369141 0.211517333984375 0.269638061523437
0.054718017578125 0.0213279724121094 0.341400146484375 0.225189208984375
0.0458106994628906 0.0274543762207031 0.36212158203125 0.17132568359375
0.0548896789550781 0.010955810546875 0.331573486328125 0.181976318359375
0.0687332153320313 0.0338172912597656 0.242080688476562 0.2158203125
0.0603370666503906 0.0672836303710938 0.142364501953125 0.146133422851563
0.0308456420898438 0.0982513427734375 0.0940933227539063 0.0505218505859375
-0.0505294799804688 0.100532531738281 0.167648315429688 -0.05322265625
-0.0794601440429687 0.0521240234375 0.38671875 -0.1632080078125
-0.0446853637695312 0.0235481262207031 0.6177978515625 -0.0140380859375
-0.295135498046875 0.00500488281249997 0.274383544921875 -0.191146850585938
-0.297607421875 0.03802490234375 0.17828369140625 -0.157089233398438
-0.2567138671875 0.125717163085937 0.0170936584472656 -0.0552940368652344
-0.140579223632813 0.21453857421875 -0.00234985351562501 0.0950775146484375
-0.03448486328125 0.208969116210938 0.0346221923828125 0.176528930664063
0.08270263671875 0.190383911132813 0.182861328125 0.247222900390625
0.15789794921875 0.143798828125 0.299560546875 0.207794189453125
0.150360107421875 0.137161254882813 0.3179931640625 0.150054931640625
0.168807983398438 0.129669189453125 0.29150390625 0.157257080078125
0.154510498046875 0.169219970703125 0.220199584960938 0.182098388671875
0.0848388671875 0.214126586914063 0.125 0.110908508300781
0.0143890380859375 0.250442504882813 0.08538818359375 0.019775390625
-0.1512451171875 0.219223022460938 0.160385131835938 -0.0984039306640625
-0.248489379882813 0.148468017578125 0.36920166015625 -0.169281005859375
-0.243362426757813 0.103225708007812 0.58245849609375 -0.01153564453125
-0.461212158203125 0.046722412109375 0.174591064453125 -0.15740966796875
-0.450531005859375 0.0949401855468751 0.126541137695313 -0.121574401855469
-0.386962890625 0.190765380859375 0.0306739807128906 -0.0655250549316406
-0.236541748046875 0.325225830078125 0.000331878662109363 0.0519523620605469
-0.071441650390625 0.338043212890625 0.0157012939453125 0.110610961914063
0.121978759765625 0.32696533203125 0.136978149414063 0.179153442382813
0.236740112304688 0.246261596679688 0.213943481445313 0.15704345703125
0.230728149414062 0.228607177734375 0.223770141601563 0.106826782226563
0.264175415039062 0.229202270507813 0.207916259765625 0.111373901367188
0.2293701171875 0.28076171875 0.1650390625 0.12457275390625
0.112701416015625 0.335906982421875 0.0852890014648438 0.0636062622070313
0.00820922851562502 0.37530517578125 0.0658836364746094 -0.0090980529785156
-0.225311279296875 0.32208251953125 0.136520385742188 -0.120521545410156
-0.373931884765625 0.23779296875 0.310943603515625 -0.140472412109375
-0.394927978515625 0.17523193359375 0.484344482421875 0.015350341796875
-0.558685302734375 0.0888977050781251 0.02783203125 -0.116134643554688
-0.5374755859375 0.1488037109375 0.0358352661132812 -0.0710525512695312
-0.453948974609375 0.244903564453125 0.0310096740722656 -0.0620918273925781
-0.285552978515625 0.396026611328125 0.00549697875976561 0.00176334381103518
-0.092437744140625 0.41534423828125 -0.00255966186523438 0.0224761962890625
0.145416259765625 0.4127197265625 0.068603515625 0.0824432373046875
0.279815673828125 0.310791015625 0.0971450805664063 0.0789642333984375
0.27703857421875 0.2869873046875 0.0987319946289063 0.049041748046875
0.31842041015625 0.295379638671875 0.0913543701171875 0.0548477172851563
0.27362060546875 0.35528564453125 0.0786895751953125 0.0558242797851563
0.120941162109375 0.413970947265625 0.0297889709472656 0.00877189636230471
0.00201416015624996 0.454132080078125 0.0380630493164063 -0.0386276245117187
-0.26824951171875 0.381683349609375 0.104484558105469 -0.120635986328125
-0.444580078125 0.291290283203125 0.228012084960937 -0.0763702392578125
-0.486846923828125 0.219696044921875 0.335418701171875 0.05535888671875
-0.562164306640625 0.121063232421875 -0.14697265625 -0.0655975341796875
-0.535919189453125 0.187591552734375 -0.0768661499023438 -0.00919342041015624
-0.439178466796875 0.267974853515625 0.0143585205078125 -0.0455284118652344
-0.278167724609375 0.402923583984375 -0.00234222412109376 -0.0480804443359375
-0.0888671875 0.42596435546875 -0.03033447265625 -0.0711441040039062
0.1492919921875 0.429931640625 -0.0142154693603516 -0.0279312133789062
0.27850341796875 0.325042724609375 -0.0344619750976562 -0.0140209197998047
0.280914306640625 0.3021240234375 -0.0412788391113281 -0.0159988403320312
0.324188232421875 0.316986083984375 -0.0398139953613281 -0.00801849365234373
0.26763916015625 0.3780517578125 -0.0238246917724609 -0.0200138092041015
0.104248046875 0.43121337890625 -0.0359764099121094 -0.0492401123046875
-0.01983642578125 0.4615478515625 0.00754928588867187 -0.0650596618652343
-0.28533935546875 0.37286376953125 0.0661163330078125 -0.0977020263671875
-0.4569091796875 0.288818359375 0.126640319824219 0.00856781005859377
-0.50555419921875 0.227813720703125 0.156906127929687 0.103973388671875
-0.478424072265625 0.134521484375 -0.31854248046875 -0.0137329101562499
-0.439422607421875 0.18865966796875 -0.19012451171875 0.0479583740234375
-0.342681884765625 0.234954833984375 -0.0211753845214844 -0.0207958221435547
-0.218841552734375 0.334686279296875 -0.0234146118164063 -0.0887832641601562
-0.069091796875 0.356109619140625 -0.066650390625 -0.14373779296875
0.13079833984375 0.376678466796875 -0.102455139160156 -0.127250671386719
0.2393798828125 0.288360595703125 -0.164794921875 -0.098388671875
0.244171142578125 0.269668579101562 -0.173828125 -0.0796356201171875
0.278778076171875 0.29400634765625 -0.164260864257812 -0.07476806640625
0.21392822265625 0.347564697265625 -0.11785888671875 -0.100479125976562
0.05810546875 0.380462646484375 -0.0891876220703125 -0.106040954589844
-0.047760009765625 0.3917236328125 -0.0193405151367188 -0.0869827270507812
-0.267730712890625 0.298126220703125 0.0286750793457031 -0.0677337646484375
-0.405609130859375 0.232330322265625 0.0208511352539062 0.08831787109375
-0.448394775390625 0.1968994140625 -0.021087646484375 0.143707275390625
-0.3175048828125 0.120635986328125 -0.45513916015625 0.034698486328125
-0.279144287109375 0.1436767578125 -0.283172607421875 0.096588134765625
-0.20355224609375 0.152908325195313 -0.0598220825195313 0.0101890563964844
-0.139968872070313 0.207809448242187 -0.0521240234375 -0.105537414550781
-0.049774169921875 0.232040405273438 -0.099517822265625 -0.183807373046875
0.0893096923828125 0.265914916992188 -0.180419921875 -0.192489624023437
0.160232543945313 0.211837768554688 -0.270980834960938 -0.159027099609375
0.172134399414062 0.195114135742188 -0.280136108398438 -0.13037109375
0.194351196289063 0.228469848632813 -0.258331298828125 -0.138778686523438
0.128509521484375 0.260574340820313 -0.185440063476563 -0.175048828125
0.00555419921875001 0.2706298828125 -0.11602783203125 -0.158279418945313
-0.065032958984375 0.26068115234375 -0.0317001342773438 -0.103958129882812
-0.200424194335938 0.181716918945313 -0.00551223754882814 -0.0341320037841797
-0.290618896484375 0.147674560546875 -0.0808868408203125 0.145980834960938
-0.324188232421875 0.14239501953125 -0.178787231445313 0.162918090820313
-0.113212585449219 0.074432373046875 -0.543792724609375 0.0698547363281251
-0.090972900390625 0.0528717041015625 -0.3419189453125 0.13031005859375
-0.0603485107421875 0.0307044982910156 -0.0904388427734375 0.0476913452148438
-0.0681800842285156 0.0478019714355469 -0.0743637084960938 -0.100257873535156
-0.0449142456054687 0.0794525146484375 -0.118881225585937 -0.187835693359375
0.021881103515625 0.125282287597656 -0.236190795898437 -0.222396850585938
0.0544586181640625 0.104652404785156 -0.341094970703125 -0.189910888671875
0.0707626342773438 0.09326171875 -0.3468017578125 -0.162017822265625
0.0838546752929688 0.120773315429687 -0.30938720703125 -0.18634033203125
0.0384445190429687 0.128677368164063 -0.215011596679688 -0.231002807617188
-0.024169921875 0.114707946777344 -0.113693237304687 -0.19189453125
-0.0430068969726563 0.0971832275390625 -0.0310134887695312 -0.114692687988281
-0.0813369750976562 0.0611572265625 -0.0341796875 -0.0070209503173828
-0.120170593261719 0.0680313110351562 -0.1597900390625 0.169586181640625
-0.145355224609375 0.0850677490234375 -0.28729248046875 0.16278076171875
-0.0895843505859375 -0.0326995849609375 0.289337158203125 -0.2498779296875
-0.11199951171875 -0.0162277221679687 0.171173095703125 -0.204360961914063
-0.0958404541015625 0.05322265625 -0.00203323364257813 -0.0374755859375
-0.0286788940429688 0.0794219970703125 0.0158615112304687 0.122215270996094
0.00325775146484375 0.0570564270019531 0.080291748046875 0.206069946289062
0.0278491973876953 0.0307960510253906 0.242080688476563 0.248519897460938
0.0536422729492188 0.018280029296875 0.36590576171875 0.18896484375
0.0460090637207031 0.0217437744140625 0.37872314453125 0.133331298828125
0.0518264770507812 0.004791259765625 0.352325439453125 0.149749755859375
0.0692863464355469 0.0250434875488281 0.26763916015625 0.192916870117188
0.0670433044433594 0.0593681335449219 0.159744262695313 0.134567260742188
0.0411529541015625 0.0917510986328125 0.100990295410156 0.0430679321289063
-0.0386123657226563 0.103469848632813 0.160568237304688 -0.068389892578125
-0.071868896484375 0.0587310791015625 0.36669921875 -0.2020263671875
-0.0388031005859375 0.0277862548828125 0.61614990234375 -0.07574462890625
-0.295440673828125 0.032501220703125 0.260269165039062 -0.22332763671875
-0.29339599609375 0.06561279296875 0.16644287109375 -0.179855346679688
-0.248336791992187 0.14892578125 0.0143356323242187 -0.0600357055664063
-0.122756958007812 0.2286376953125 0.0106887817382812 0.092926025390625
-0.0160369873046875 0.214279174804688 0.0529327392578125 0.171646118164063
0.100662231445313 0.18292236328125 0.2122802734375 0.225830078125
0.171096801757813 0.12799072265625 0.322418212890625 0.175994873046875
0.162673950195313 0.12261962890625 0.334381103515625 0.117095947265625
0.180648803710938 0.112838745117188 0.31243896484375 0.12677001953125
0.172134399414063 0.153564453125 0.243515014648438 0.160354614257813
0.108184814453125 0.206893920898438 0.138092041015625 0.099456787109375
0.0396575927734375 0.2476806640625 0.0901260375976563 0.0129928588867188
-0.131317138671875 0.234085083007813 0.149932861328125 -0.111434936523437
-0.232894897460938 0.175445556640625 0.351409912109375 -0.207061767578125
-0.22869873046875 0.126235961914063 0.5833740234375 -0.067138671875
-0.4586181640625 0.0891113281250001 0.166183471679687 -0.1806640625
-0.44183349609375 0.138671875 0.120086669921875 -0.135757446289063
-0.373565673828125 0.227874755859375 0.0272445678710937 -0.071197509765625
-0.207305908203125 0.35009765625 0.0106277465820312 0.0499229431152344
-0.03948974609375 0.34716796875 0.0294189453125 0.106460571289063
0.152435302734375 0.31719970703125 0.157791137695312 0.16162109375
0.261306762695313 0.2242431640625 0.233047485351563 0.132415771484375
0.256027221679687 0.206817626953125 0.237960815429688 0.0837860107421875
0.287628173828125 0.202606201171875 0.225082397460938 0.0899200439453125
0.261001586914063 0.2572021484375 0.181655883789063 0.109283447265625
0.147247314453125 0.3280029296875 0.0956497192382813 0.0558013916015625
0.04742431640625 0.377227783203125 0.0674591064453125 -0.0156707763671875
-0.195465087890625 0.34674072265625 0.124069213867187 -0.131752014160156
-0.352264404296875 0.280059814453125 0.299072265625 -0.172332763671875
-0.375732421875 0.213836669921875 0.48724365234375 -0.032135009765625
-0.553009033203125 0.142547607421875 0.0248031616210937 -0.123481750488281
-0.522064208984375 0.203033447265625 0.0368499755859375 -0.0736846923828125
-0.436737060546875 0.290313720703125 0.02838134765625 -0.0666999816894531
-0.249786376953125 0.427459716796875 0.0109767913818359 -0.000394821166992161
-0.050537109375 0.4306640625 0.000867843627929684 0.0200691223144532
0.186065673828125 0.40167236328125 0.0792770385742188 0.0699615478515625
0.312469482421875 0.28515625 0.108245849609375 0.0650634765625
0.309539794921875 0.26025390625 0.106849670410156 0.0391006469726563
0.352081298828125 0.2607421875 0.101348876953125 0.044769287109375
0.312774658203125 0.32733154296875 0.0871734619140625 0.0494537353515625
0.1683349609375 0.4049072265625 0.0336875915527344 0.00511169433593753
0.048492431640625 0.455291748046875 0.0374298095703125 -0.0413818359375
-0.235687255859375 0.411376953125 0.091156005859375 -0.126907348632812
-0.421295166015625 0.34124755859375 0.221633911132812 -0.09930419921875
-0.46551513671875 0.268585205078125 0.34442138671875 0.0247802734375
-0.558013916015625 0.17669677734375 -0.144943237304688 -0.05584716796875
-0.51739501953125 0.245819091796875 -0.0698165893554688 -0.00111389160156247
-0.41888427734375 0.3145751953125 0.0121574401855469 -0.0490760803222656
-0.23870849609375 0.437744140625 -0.000629425048828138 -0.0508689880371094
-0.04510498046875 0.438812255859375 -0.0369873046875 -0.0704345703125
0.194976806640625 0.418365478515625 -0.0167865753173828 -0.0329170227050781
0.31719970703125 0.299774169921875 -0.0345935821533203 -0.0130233764648437
0.31658935546875 0.2730712890625 -0.0405006408691406 -0.0129661560058594
0.362030029296875 0.28375244140625 -0.0380401611328125 -0.00547790527343748
0.312744140625 0.351226806640625 -0.0251731872558594 -0.0174713134765625
0.152313232421875 0.425262451171875 -0.03802490234375 -0.0465469360351562
0.029815673828125 0.467529296875 0.00286865234375 -0.0651473999023437
-0.2528076171875 0.408111572265625 0.0541610717773437 -0.101005554199219
-0.43341064453125 0.3421630859375 0.129074096679688 -0.00263214111328123
-0.485107421875 0.27978515625 0.1708984375 0.0914764404296875
-0.476043701171875 0.1817626953125 -0.312225341796875 0.0142822265625
-0.424346923828125 0.23968505859375 -0.179611206054688 0.069610595703125
-0.32611083984375 0.27496337890625 -0.0198154449462891 -0.0198955535888672
-0.187286376953125 0.3660888671875 -0.0282745361328125 -0.087738037109375
-0.031524658203125 0.37030029296875 -0.081024169921875 -0.140296936035156
0.173614501953125 0.36444091796875 -0.116531372070313 -0.121963500976562
0.273178100585938 0.267166137695313 -0.173507690429688 -0.0837249755859375
0.276199340820313 0.243896484375 -0.179931640625 -0.0638427734375
0.314300537109375 0.265594482421875 -0.168838500976562 -0.05987548828125
0.2545166015625 0.32489013671875 -0.128547668457031 -0.0882110595703125
0.1004638671875 0.38031005859375 -0.09716796875 -0.09930419921875
-0.00616455078125003 0.401397705078125 -0.0261306762695313 -0.0853424072265625
-0.241485595703125 0.3297119140625 0.0195732116699219 -0.0654106140136719
-0.38958740234375 0.28076171875 0.0296554565429687 0.0902252197265625
-0.431732177734375 0.243255615234375 -0.00509643554687502 0.148971557617188
-0.314361572265625 0.152679443359375 -0.44866943359375 0.079132080078125
-0.269058227539063 0.176254272460938 -0.268142700195313 0.1278076171875
-0.195053100585937 0.177215576171875 -0.0555992126464844 0.0150680541992188
-0.121826171875 0.2288818359375 -0.0599899291992188 -0.101715087890625
-0.0246429443359375 0.243896484375 -0.1195068359375 -0.176742553710937
0.121429443359375 0.257614135742188 -0.204849243164063 -0.179061889648438
0.187774658203125 0.194931030273438 -0.2886962890625 -0.133026123046875
0.196212768554688 0.178009033203125 -0.29266357421875 -0.103485107421875
0.221786499023438 0.205856323242188 -0.270858764648438 -0.112838745117187
0.160903930664063 0.246963500976562 -0.203964233398437 -0.156784057617188
0.0363311767578125 0.273468017578125 -0.129867553710938 -0.146743774414062
-0.0357208251953125 0.27117919921875 -0.0412139892578125 -0.102813720703125
-0.185638427734375 0.205368041992188 -0.0107479095458985 -0.0306549072265625
-0.28131103515625 0.18377685546875 -0.0647735595703125 0.156143188476563
-0.3134765625 0.17828369140625 -0.1610107421875 0.184402465820312
-0.110916137695312 0.087066650390625 -0.535186767578125 0.122833251953125
-0.090972900390625 0.0640487670898437 -0.32470703125 0.168121337890625
-0.0615234375 0.0394134521484375 -0.0839385986328125 0.0554656982421875
-0.0640640258789063 0.0593986511230469 -0.0838851928710938 -0.0932540893554688
-0.0353851318359375 0.0899658203125 -0.14111328125 -0.178390502929688
0.0405807495117188 0.123695373535156 -0.262466430664063 -0.199951171875
0.0699462890625 0.100135803222656 -0.36285400390625 -0.155242919921875
0.0842208862304688 0.0865554809570313 -0.36163330078125 -0.12713623046875
0.099639892578125 0.111091613769531 -0.329071044921875 -0.1533203125
0.0566329956054687 0.125312805175781 -0.237503051757813 -0.210693359375
-0.0102996826171875 0.120193481445312 -0.1322021484375 -0.18017578125
-0.02960205078125 0.104118347167969 -0.0410842895507813 -0.111328125
-0.076507568359375 0.0724945068359375 -0.0341644287109375 0.000165939331054689
-0.11688232421875 0.0860671997070312 -0.142135620117187 0.187896728515625
-0.140571594238281 0.103065490722656 -0.274169921875 0.194732666015625
-0.0882949829101563 -0.0288619995117187 0.268692016601563 -0.272506713867188
-0.1112060546875 -0.012420654296875 0.154312133789063 -0.218841552734375
-0.0930633544921875 0.05560302734375 -0.00353622436523438 -0.0394783020019531
-0.025909423828125 0.0773239135742188 0.0251998901367188 0.115493774414063
0.00366973876953125 0.0556716918945312 0.0963592529296875 0.195556640625
0.0265655517578125 0.0307426452636719 0.2591552734375 0.223785400390625
0.0508537292480469 0.0157661437988281 0.376190185546875 0.156463623046875
0.0439224243164063 0.0188140869140625 0.384124755859375 0.102813720703125
0.0481224060058594 0.00153350830078125 0.361358642578125 0.121368408203125
0.0669021606445313 0.0182151794433594 0.281341552734375 0.17138671875
0.0701065063476563 0.0512199401855469 0.169143676757813 0.121810913085938
0.0466842651367187 0.0848922729492188 0.102577209472656 0.0364227294921875
-0.0284194946289062 0.103355407714844 0.15313720703125 -0.077545166015625
-0.0623664855957031 0.0623588562011719 0.34356689453125 -0.227569580078125
-0.0327262878417969 0.0279521942138672 0.6002197265625 -0.1181640625
-0.2879638671875 0.0505371093750001 0.243896484375 -0.24346923828125
-0.2833251953125 0.082672119140625 0.154800415039062 -0.193084716796875
-0.238388061523438 0.162582397460937 0.0117988586425781 -0.0631637573242187
-0.107086181640625 0.232330322265625 0.0192642211914062 0.086700439453125
-0.00277709960937498 0.21337890625 0.0678558349609375 0.162429809570313
0.109603881835937 0.176116943359375 0.228607177734375 0.201995849609375
0.176651000976563 0.115631103515625 0.33258056640625 0.145904541015625
0.168960571289063 0.109375 0.339263916015625 0.0892333984375
0.185028076171875 0.098419189453125 0.3214111328125 0.099853515625
0.180267333984375 0.137115478515625 0.255844116210938 0.140762329101563
0.123886108398437 0.195175170898438 0.14715576171875 0.087738037109375
0.0580596923828125 0.240966796875 0.0914154052734375 0.00764465332031251
-0.113006591796875 0.242813110351562 0.138862609863281 -0.116874694824219
-0.216018676757812 0.1912841796875 0.328033447265625 -0.229705810546875
-0.2132568359375 0.139755249023437 0.57159423828125 -0.10699462890625
-0.446563720703125 0.12164306640625 0.157958984375 -0.19549560546875
-0.4241943359375 0.166534423828125 0.114776611328125 -0.145782470703125
-0.35797119140625 0.251678466796875 0.0239639282226562 -0.075164794921875
-0.180938720703125 0.360931396484375 0.0185585021972656 0.0448646545410157
-0.0147705078125 0.347625732421875 0.0382003784179688 0.0991897583007813
0.17352294921875 0.302459716796875 0.16973876953125 0.14215087890625
0.275177001953125 0.202423095703125 0.241195678710938 0.108810424804688
0.268798828125 0.183929443359375 0.243377685546875 0.0630950927734375
0.29901123046875 0.177734375 0.232574462890625 0.0697021484375
0.277359008789063 0.232986450195313 0.191162109375 0.09442138671875
0.1734619140625 0.312835693359375 0.10205078125 0.0467910766601563
0.076202392578125 0.368621826171875 0.0686607360839844 -0.0194435119628906
-0.169952392578125 0.359649658203125 0.111747741699219 -0.134208679199219
-0.327728271484375 0.305328369140625 0.2808837890625 -0.190948486328125
-0.354156494140625 0.237548828125 0.481201171875 -0.066558837890625
-0.539642333984375 0.18267822265625 0.0235824584960937 -0.128608703613281
-0.499847412109375 0.239593505859375 0.038330078125 -0.0779800415039062
-0.41552734375 0.32037353515625 0.025543212890625 -0.070953369140625
-0.2156982421875 0.445098876953125 0.0155715942382812 -0.00441169738769529
-0.01763916015625 0.430419921875 0.00338459014892578 0.0160245895385742
0.214935302734375 0.3836669921875 0.0842132568359375 0.0560302734375
0.332000732421875 0.258880615234375 0.112991333007813 0.0515060424804688
0.326904296875 0.232147216796875 0.111305236816406 0.0285797119140625
0.369171142578125 0.229705810546875 0.108367919921875 0.0344772338867188
0.335906982421875 0.29791259765625 0.0931472778320313 0.0414199829101563
0.201080322265625 0.389801025390625 0.0366706848144531 0.00151062011718752
0.084014892578125 0.44866943359375 0.035858154296875 -0.0441856384277343
-0.20611572265625 0.428314208984375 0.078948974609375 -0.126625061035156
-0.39154052734375 0.37310791015625 0.210830688476562 -0.112442016601562
-0.43829345703125 0.300018310546875 0.344146728515625 0.00143432617187502
-0.542816162109375 0.21807861328125 -0.13848876953125 -0.0486373901367187
-0.4925537109375 0.28179931640625 -0.0604095458984375 0.00305175781250003
-0.39727783203125 0.34466552734375 0.0109405517578125 -0.0511550903320312
-0.203765869140625 0.455810546875 0.00051879882812499 -0.0524520874023437
-0.00894165039062505 0.441436767578125 -0.0403480529785156 -0.0689239501953125
0.2269287109375 0.40020751953125 -0.0188865661621094 -0.0381050109863281
0.339141845703125 0.272705078125 -0.0335559844970703 -0.0132980346679687
0.337799072265625 0.24395751953125 -0.0374412536621094 -0.0121078491210937
0.3824462890625 0.250732421875 -0.0330848693847656 -0.00538444519042968
0.338775634765625 0.321319580078125 -0.0226478576660156 -0.0159873962402344
0.18682861328125 0.410980224609375 -0.0380592346191406 -0.0453376770019531
0.065643310546875 0.461334228515625 0.000671386718750001 -0.0644760131835937
-0.223968505859375 0.427093505859375 0.0455169677734375 -0.0983505249023437
-0.4053955078125 0.37530517578125 0.128265380859375 -0.0108642578125
-0.458740234375 0.312652587890625 0.178817749023437 0.080169677734375
-0.46051025390625 0.21783447265625 -0.2989501953125 0.0338134765625001
-0.403533935546875 0.270660400390625 -0.162643432617188 0.0821380615234375
-0.309356689453125 0.301361083984375 -0.0179157257080078 -0.0205039978027344
-0.156951904296875 0.382171630859375 -0.029693603515625 -0.0860214233398437
0.000457763671875013 0.373687744140625 -0.0902938842773438 -0.134452819824219
0.203277587890625 0.3475341796875 -0.125877380371094 -0.116226196289062
0.295135498046875 0.242523193359375 -0.176040649414063 -0.07220458984375
0.29547119140625 0.218719482421875 -0.179031372070312 -0.05078125
0.3353271484375 0.235137939453125 -0.1671142578125 -0.04931640625
0.28106689453125 0.300537109375 -0.131401062011719 -0.0769577026367187
0.132232666015625 0.370941162109375 -0.101310729980469 -0.0922927856445312
0.02630615234375 0.39910888671875 -0.0301742553710938 -0.08331298828125
-0.2181396484375 0.348480224609375 0.0134353637695312 -0.0611343383789062
-0.36669921875 0.312103271484375 0.03778076171875 0.087921142578125
-0.41107177734375 0.273468017578125 0.00779724121093746 0.149551391601563
-0.305206298828125 0.176483154296875 -0.431427001953125 0.105712890625
-0.255767822265625 0.197998046875 -0.247695922851563 0.147247314453125
-0.1846923828125 0.194900512695312 -0.0516204833984375 0.0175895690917969
-0.101593017578125 0.2421875 -0.064056396484375 -0.0974960327148437
-0.003509521484375 0.248046875 -0.1322021484375 -0.166595458984375
0.143783569335938 0.24554443359375 -0.216140747070312 -0.163787841796875
0.206344604492188 0.178054809570313 -0.29388427734375 -0.11053466796875
0.21075439453125 0.160140991210938 -0.294677734375 -0.081329345703125
0.239532470703125 0.183319091796875 -0.273239135742188 -0.092437744140625
0.18328857421875 0.231887817382813 -0.211868286132813 -0.138580322265625
0.060821533203125 0.269577026367187 -0.138710021972656 -0.135635375976563
-0.0115966796875 0.272735595703125 -0.047393798828125 -0.0991134643554687
-0.170120239257813 0.221206665039062 -0.0139446258544922 -0.0250282287597656
-0.26702880859375 0.209243774414062 -0.050628662109375 0.160110473632813
-0.299041748046875 0.2005615234375 -0.1446533203125 0.195449829101563
-0.108482360839844 0.0955429077148437 -0.51458740234375 0.157135009765625
-0.0886611938476563 0.0732421875 -0.303253173828125 0.190887451171875
-0.0617408752441406 0.0478744506835938 -0.0760040283203125 0.0593338012695312
-0.05877685546875 0.0704193115234375 -0.088592529296875 -0.085906982421875
-0.0242843627929688 0.09600830078125 -0.15472412109375 -0.166473388671875
0.0525436401367188 0.118629455566406 -0.276519775390625 -0.178375244140625
0.0817794799804687 0.0930328369140625 -0.37017822265625 -0.1251220703125
0.0936279296875 0.07781982421875 -0.36614990234375 -0.09747314453125
0.110748291015625 0.098907470703125 -0.3343505859375 -0.127197265625
0.0710296630859375 0.117950439453125 -0.251510620117188 -0.188629150390625
0.00228881835937501 0.12200927734375 -0.143844604492187 -0.16729736328125
-0.0186843872070313 0.106475830078125 -0.0481109619140625 -0.1058349609375
-0.0704269409179688 0.08148193359375 -0.0345478057861328 0.00655746459960937
-0.110443115234375 0.100212097167969 -0.12493896484375 0.199417114257813
-0.134086608886719 0.114799499511719 -0.256759643554688 0.214736938476562
-0.0864639282226563 -0.0278472900390625 0.25457763671875 -0.2874755859375
-0.111480712890625 -0.0116806030273437 0.142166137695312 -0.2291259765625
-0.0922164916992188 0.0566329956054688 -0.00466918945312501 -0.0418968200683594
-0.0257949829101563 0.0751800537109375 0.031036376953125 0.109565734863281
0.00198745727539062 0.0552330017089844 0.105926513671875 0.187576293945312
0.0242824554443359 0.0308609008789063 0.271224975585938 0.205917358398438
0.0482978820800781 0.0156173706054688 0.382354736328125 0.13385009765625
0.0421180725097656 0.0175590515136719 0.387420654296875 0.081512451171875
0.0441246032714844 0.00037384033203125 0.367706298828125 0.102447509765625
0.0644950866699219 0.01385498046875 0.291656494140625 0.157135009765625
0.071868896484375 0.0439071655273438 0.17633056640625 0.114334106445313
0.0496978759765625 0.0794677734375 0.104270935058594 0.0336151123046875
-0.0209197998046875 0.102485656738281 0.148391723632813 -0.082122802734375
-0.054931640625 0.0629653930664062 0.326934814453125 -0.242584228515625
-0.0276126861572266 0.0262241363525391 0.58935546875 -0.14251708984375
-0.282318115234375 0.06280517578125 0.234344482421875 -0.257736206054688
-0.277618408203125 0.0913238525390625 0.148101806640625 -0.203887939453125
-0.233474731445313 0.171951293945312 0.00968551635742185 -0.0665092468261719
-0.098480224609375 0.234909057617188 0.024505615234375 0.0806808471679688
0.00451660156250002 0.21380615234375 0.0760498046875 0.155075073242188
0.116195678710938 0.171798706054688 0.23828125 0.183670043945313
0.180191040039062 0.108108520507813 0.339996337890625 0.12493896484375
0.17266845703125 0.100662231445313 0.3438720703125 0.070220947265625
0.187301635742187 0.089019775390625 0.328338623046875 0.082305908203125
0.185455322265625 0.127120971679688 0.266494750976563 0.127273559570313
0.134170532226563 0.186767578125 0.154098510742188 0.0807952880859375
0.0700531005859375 0.23602294921875 0.0924606323242188 0.00547027587890627
-0.100143432617187 0.247695922851562 0.1331787109375 -0.119392395019531
-0.203460693359375 0.202346801757812 0.3126220703125 -0.2437744140625
-0.202880859375 0.147171020507813 0.56463623046875 -0.132568359375
-0.440216064453125 0.14361572265625 0.153152465820313 -0.206436157226563
-0.413787841796875 0.18402099609375 0.112762451171875 -0.154754638671875
-0.349365234375 0.26824951171875 0.0217666625976562 -0.0789871215820312
-0.1641845703125 0.368560791015625 0.0239791870117187 0.0391426086425781
0.000823974609375003 0.348297119140625 0.0435562133789062 0.092437744140625
0.186798095703125 0.294464111328125 0.176132202148438 0.12689208984375
0.28436279296875 0.189666748046875 0.24713134765625 0.091644287109375
0.277252197265625 0.168975830078125 0.248153686523438 0.049072265625
0.307159423828125 0.16107177734375 0.2391357421875 0.0557708740234375
0.289764404296875 0.217010498046875 0.20025634765625 0.084686279296875
0.19049072265625 0.303314208984375 0.107658386230469 0.0412750244140625
0.095703125 0.364227294921875 0.0693244934082031 -0.0222969055175781
-0.152679443359375 0.369140625 0.105751037597656 -0.133460998535156
-0.31024169921875 0.322418212890625 0.269119262695313 -0.203048706054687
-0.338775634765625 0.2513427734375 0.477874755859375 -0.085845947265625
-0.529815673828125 0.20880126953125 0.0245285034179687 -0.13470458984375
-0.48431396484375 0.260467529296875 0.0423049926757812 -0.0827102661132813
-0.4049072265625 0.3409423828125 0.0238800048828125 -0.0745468139648437
-0.19476318359375 0.4556884765625 0.0203151702880859 -0.00976181030273435
0.00488281250000004 0.433135986328125 0.00567626953125 0.0118865966796875
0.233917236328125 0.372222900390625 0.0861740112304688 0.0452346801757813
0.346160888671875 0.241180419921875 0.117057800292969 0.0411453247070313
0.33990478515625 0.213043212890625 0.115104675292969 0.020416259765625
0.381561279296875 0.208770751953125 0.113456726074219 0.025787353515625
0.353179931640625 0.27764892578125 0.0987396240234375 0.0357742309570313
0.22271728515625 0.3795166015625 0.0401649475097656 -0.00182342529296873
0.1082763671875 0.4444580078125 0.0367355346679688 -0.0459671020507812
-0.1866455078125 0.441650390625 0.0734329223632812 -0.12420654296875
-0.37255859375 0.395965576171875 0.204788208007812 -0.120559692382812
-0.42205810546875 0.31781005859375 0.345855712890625 -0.013336181640625
-0.533538818359375 0.2449951171875 -0.132247924804688 -0.0477371215820313
-0.477996826171875 0.306121826171875 -0.0514678955078125 0.00286483764648439
-0.384490966796875 0.3670654296875 0.0115699768066406 -0.0539932250976562
-0.17950439453125 0.469940185546875 0.00332260131835936 -0.0551681518554687
0.015838623046875 0.44354248046875 -0.04290771484375 -0.0699920654296875
0.24749755859375 0.3863525390625 -0.022308349609375 -0.0420036315917969
0.35614013671875 0.2535400390625 -0.0324954986572265 -0.015329360961914
0.351287841796875 0.223968505859375 -0.0348777770996094 -0.0120677947998047
0.3973388671875 0.227813720703125 -0.0298309326171875 -0.00747680664062499
0.358062744140625 0.301025390625 -0.0198841094970703 -0.0155353546142578
0.210968017578125 0.40277099609375 -0.0374336242675781 -0.0450401306152343
0.092132568359375 0.457763671875 0.000247955322265627 -0.0655326843261718
-0.205108642578125 0.441497802734375 0.0416488647460937 -0.0939102172851562
-0.388275146484375 0.400390625 0.128135681152344 -0.015777587890625
-0.442047119140625 0.33258056640625 0.184463500976562 0.0727081298828125
-0.4532470703125 0.24212646484375 -0.289520263671875 0.041748046875
-0.389373779296875 0.291839599609375 -0.148818969726563 0.0875701904296875
-0.298187255859375 0.32171630859375 -0.0151729583740235 -0.0220375061035156
-0.136444091796875 0.394927978515625 -0.0285568237304688 -0.0866165161132812
0.022857666015625 0.376800537109375 -0.0965042114257812 -0.131797790527344
0.22381591796875 0.33575439453125 -0.132392883300781 -0.113792419433594
0.311614990234375 0.2254638671875 -0.177978515625 -0.065032958984375
0.309844970703125 0.199920654296875 -0.178466796875 -0.0436859130859374
0.349884033203125 0.214385986328125 -0.166030883789063 -0.04351806640625
0.3009033203125 0.28277587890625 -0.131935119628906 -0.0707473754882813
0.15618896484375 0.365936279296875 -0.103858947753906 -0.0883026123046874
0.04925537109375 0.39910888671875 -0.0320892333984375 -0.0829620361328125
-0.203125 0.36358642578125 0.0111465454101562 -0.0564842224121094
-0.3524169921875 0.336273193359375 0.043670654296875 0.086822509765625
-0.398223876953125 0.292938232421875 0.01763916015625 0.150131225585938
-0.30072021484375 0.1932373046875 -0.418426513671875 0.12103271484375
-0.247482299804688 0.2122802734375 -0.232040405273438 0.158462524414063
-0.1795654296875 0.208984375 -0.0464820861816406 0.0177879333496094
-0.087615966796875 0.253646850585938 -0.0649948120117187 -0.0949630737304687
0.0130157470703125 0.252212524414063 -0.140869140625 -0.16021728515625
0.160064697265625 0.236770629882812 -0.2257080078125 -0.153701782226562
0.220138549804687 0.1650390625 -0.298431396484375 -0.095489501953125
0.222137451171875 0.145706176757812 -0.294769287109375 -0.067779541015625
0.251296997070313 0.166748046875 -0.274459838867188 -0.0808563232421875
0.199249267578125 0.218582153320313 -0.216232299804687 -0.12744140625
0.079559326171875 0.267807006835938 -0.143234252929687 -0.12994384765625
0.00482177734374998 0.274383544921875 -0.0500106811523437 -0.0976486206054687
-0.159652709960937 0.234329223632812 -0.0145206451416016 -0.0197696685791015
-0.256683349609375 0.228164672851563 -0.041229248046875 0.163589477539063
-0.290435791015625 0.216278076171875 -0.133697509765625 0.203659057617187
-0.108673095703125 0.103141784667969 -0.5008544921875 0.17724609375
-0.0876617431640625 0.081146240234375 -0.2869873046875 0.204742431640625
-0.0632591247558594 0.0555877685546875 -0.070098876953125 0.0607185363769531
-0.0538101196289063 0.078643798828125 -0.0911331176757813 -0.0828170776367188
-0.0158615112304688 0.100616455078125 -0.16400146484375 -0.159103393554687
0.0626220703125 0.1141357421875 -0.285919189453125 -0.16326904296875
0.0914306640625 0.0865402221679688 -0.375152587890625 -0.10504150390625
0.100959777832031 0.07061767578125 -0.368499755859375 -0.0797424316406249
0.119430541992188 0.0893096923828125 -0.338653564453125 -0.1112060546875
0.0814285278320313 0.111793518066406 -0.259735107421875 -0.173675537109375
0.0130157470703125 0.123001098632813 -0.151168823242188 -0.159286499023438
-0.00909423828125 0.108650207519531 -0.0523223876953125 -0.103744506835938
-0.0659255981445312 0.0894317626953125 -0.0339679718017578 0.0119915008544922
-0.106086730957031 0.112030029296875 -0.112747192382813 0.206771850585937
-0.130943298339844 0.124748229980469 -0.2464599609375 0.228378295898438
-0.08575439453125 -0.0276565551757812 0.2489013671875 -0.305694580078125
-0.11468505859375 -0.012420654296875 0.135452270507813 -0.2432861328125
-0.0944137573242187 0.0581817626953125 -0.00696945190429688 -0.0459632873535156
-0.0279464721679687 0.0757827758789063 0.0350799560546875 0.10650634765625
-0.000354766845703128 0.05712890625 0.115921020507813 0.183639526367188
0.0230140686035156 0.0332374572753906 0.286163330078125 0.19342041015625
0.0472679138183594 0.01702880859375 0.3958740234375 0.115753173828125
0.0408668518066406 0.017974853515625 0.398101806640625 0.065032958984375
0.0413551330566406 0.000453948974609375 0.38153076171875 0.08697509765625
0.0632514953613281 0.0104179382324219 0.308258056640625 0.146942138671875
0.0729598999023438 0.0387649536132813 0.1871337890625 0.110000610351563
0.0527496337890625 0.0758514404296875 0.109085083007813 0.0332717895507813
-0.0141220092773437 0.102630615234375 0.147659301757813 -0.0878448486328125
-0.0493545532226563 0.063385009765625 0.318145751953125 -0.259490966796875
-0.0226688385009766 0.0246982574462891 0.59381103515625 -0.16790771484375
-0.282958984375 0.074371337890625 0.231964111328125 -0.2763671875
-0.277969360351563 0.101409912109375 0.144546508789062 -0.218429565429688
-0.233963012695312 0.182296752929688 0.00747680664062498 -0.0712814331054687
-0.09417724609375 0.24249267578125 0.0291290283203125 0.077056884765625
0.0110321044921875 0.219085693359375 0.0843048095703125 0.150955200195313
0.12353515625 0.172271728515625 0.250045776367187 0.171051025390625
0.187576293945313 0.105300903320313 0.3514404296875 0.108123779296875
0.17852783203125 0.0958404541015625 0.355224609375 0.05316162109375
0.193771362304688 0.08319091796875 0.3414306640625 0.06658935546875
0.193511962890625 0.1190185546875 0.28173828125 0.117034912109375
0.144485473632813 0.182373046875 0.16424560546875 0.0763702392578125
0.0810699462890625 0.23602294921875 0.0976715087890625 0.00386810302734376
-0.0903167724609375 0.2568359375 0.131546020507813 -0.122505187988281
-0.196090698242187 0.214218139648438 0.305267333984375 -0.26055908203125
-0.197723388671875 0.155624389648438 0.5709228515625 -0.15594482421875
-0.44134521484375 0.164764404296875 0.153182983398437 -0.221847534179688
-0.412567138671875 0.201690673828125 0.113265991210937 -0.16717529296875
-0.349090576171875 0.288482666015625 0.0201263427734375 -0.0849456787109375
-0.15374755859375 0.38232421875 0.0284671783447266 0.0334281921386719
0.01483154296875 0.357208251953125 0.0487442016601563 0.0887222290039063
0.202392578125 0.294158935546875 0.182708740234375 0.115081787109375
0.299041748046875 0.181396484375 0.256622314453125 0.078155517578125
0.2901611328125 0.159454345703125 0.257583618164063 0.0354156494140625
0.320709228515625 0.1500244140625 0.249679565429688 0.0430450439453125
0.30609130859375 0.206329345703125 0.212921142578125 0.075897216796875
0.20947265625 0.300323486328125 0.114555358886719 0.0363311767578125
0.113861083984375 0.36669921875 0.0733718872070313 -0.0242080688476562
-0.1402587890625 0.386138916015625 0.103614807128906 -0.135482788085937
-0.302154541015625 0.344573974609375 0.26409912109375 -0.215744018554687
-0.333953857421875 0.268280029296875 0.485687255859375 -0.10552978515625
-0.533050537109375 0.236175537109375 0.0263519287109375 -0.145004272460937
-0.48199462890625 0.2861328125 0.0467147827148437 -0.091278076171875
-0.40386962890625 0.369720458984375 0.0236587524414062 -0.080841064453125
-0.177978515625 0.4742431640625 0.0241909027099609 -0.0154495239257812
0.02471923828125 0.44390869140625 0.00652551651000977 0.00778913497924807
0.255615234375 0.369873046875 0.0872802734375 0.0362472534179688
0.366119384765625 0.229949951171875 0.122077941894531 0.032562255859375
0.357391357421875 0.19903564453125 0.121749877929688 0.0122222900390625
0.40045166015625 0.193572998046875 0.11968994140625 0.0164108276367188
0.375579833984375 0.265380859375 0.107780456542969 0.030242919921875
0.247711181640625 0.37750244140625 0.0434913635253906 -0.00522994995117185
0.13201904296875 0.45050048828125 0.0391464233398438 -0.0487213134765625
-0.173370361328125 0.463623046875 0.072357177734375 -0.123123168945312
-0.36383056640625 0.423980712890625 0.20361328125 -0.12994384765625
-0.416412353515625 0.3416748046875 0.3551025390625 -0.026458740234375
-0.535980224609375 0.276123046875 -0.129707336425781 -0.0502166748046875
-0.472900390625 0.33270263671875 -0.0432815551757813 0.000717163085937527
-0.381378173828125 0.396514892578125 0.0118598937988281 -0.0583038330078125
-0.16162109375 0.49102783203125 0.00609970092773436 -0.0608062744140625
0.039398193359375 0.4549560546875 -0.0467453002929687 -0.0729904174804687
0.272247314453125 0.383392333984375 -0.0265007019042969 -0.0471572875976562
0.37774658203125 0.239837646484375 -0.031585693359375 -0.017923355102539
0.3709716796875 0.2093505859375 -0.0318832397460937 -0.0141277313232422
0.417266845703125 0.21136474609375 -0.0275306701660156 -0.0102100372314453
0.382110595703125 0.289093017578125 -0.0168228149414062 -0.0166397094726562
0.238494873046875 0.40240478515625 -0.0371513366699219 -0.0461997985839843
0.11700439453125 0.46575927734375 -0.000244140624999998 -0.0685462951660156
-0.192962646484375 0.465057373046875 0.0410003662109375 -0.09185791015625
-0.379302978515625 0.431549072265625 0.131294250488281 -0.0199127197265625
-0.438140869140625 0.35760498046875 0.19500732421875 0.067962646484375
-0.45635986328125 0.27105712890625 -0.2861328125 0.047119140625
-0.385986328125 0.317413330078125 -0.139060974121094 0.0920562744140625
-0.2960205078125 0.3480224609375 -0.0133552551269531 -0.0244102478027344
-0.119537353515625 0.414947509765625 -0.0277633666992188 -0.0905914306640625
0.04510498046875 0.38671875 -0.103553771972656 -0.132369995117188
0.247039794921875 0.33197021484375 -0.141876220703125 -0.113052368164063
0.333648681640625 0.212799072265625 -0.182540893554688 -0.060821533203125
0.328521728515625 0.186309814453125 -0.180160522460937 -0.03887939453125
0.3702392578125 0.198272705078125 -0.169586181640625 -0.041015625
0.325042724609375 0.271026611328125 -0.134765625 -0.0674285888671875
0.180267333984375 0.368072509765625 -0.107582092285156 -0.0882492065429687
0.0716552734375 0.406890869140625 -0.033905029296875 -0.0843353271484375
-0.19189453125 0.385986328125 0.0114250183105469 -0.0531044006347656
-0.34521484375 0.3641357421875 0.0504226684570312 0.0877838134765625
-0.39666748046875 0.3182373046875 0.027008056640625 0.153244018554688
-0.303802490234375 0.2147216796875 -0.415771484375 0.1337890625
-0.246139526367188 0.231094360351562 -0.221221923828125 0.168563842773438
-0.179412841796875 0.228500366210938 -0.0431594848632813 0.0176658630371094
-0.0755157470703125 0.269073486328125 -0.066741943359375 -0.0969924926757813
0.0313262939453125 0.260177612304688 -0.150115966796875 -0.1588134765625
0.177963256835938 0.233566284179688 -0.238128662109375 -0.148193359375
0.2369384765625 0.15533447265625 -0.306610107421875 -0.085357666015625
0.237350463867188 0.135360717773438 -0.30157470703125 -0.057342529296875
0.267898559570313 0.153961181640625 -0.282196044921875 -0.0729675292968749
0.218734741210938 0.210830688476563 -0.224395751953125 -0.120223999023437
0.098907470703125 0.2711181640625 -0.150466918945313 -0.127395629882812
0.021636962890625 0.280899047851563 -0.0537109375 -0.0985565185546875
-0.153274536132813 0.251800537109375 -0.0138578414916992 -0.0151910781860351
-0.25286865234375 0.251663208007813 -0.032806396484375 0.170257568359375
-0.288848876953125 0.2362060546875 -0.126113891601563 0.215042114257813
-0.111648559570313 0.112564086914063 -0.499664306640625 0.1944580078125
-0.0892181396484375 0.0897064208984375 -0.277420043945313 0.219467163085937
-0.06573486328125 0.0647163391113281 -0.0653457641601563 0.0617942810058594
-0.0491561889648438 0.0886077880859375 -0.0942916870117188 -0.0822982788085937
-0.00691986083984375 0.106849670410156 -0.175140380859375 -0.15460205078125
0.07305908203125 0.112846374511719 -0.300140380859375 -0.15350341796875
0.10211181640625 0.0812225341796875 -0.38592529296875 -0.0895080566406249
0.110176086425781 0.06439208984375 -0.37774658203125 -0.065032958984375
0.129035949707031 0.08135986328125 -0.349151611328125 -0.0994873046875001
0.0929412841796875 0.107856750488281 -0.271438598632813 -0.164321899414063
0.0238113403320312 0.125381469726563 -0.1595458984375 -0.156204223632813
-0.000228881835937502 0.11212158203125 -0.0570907592773437 -0.103378295898438
-0.0618362426757813 0.0994720458984375 -0.0327720642089844 0.0174732208251953
-0.10321044921875 0.126602172851563 -0.104873657226562 0.217529296875
-0.131210327148438 0.137153625488281 -0.2425537109375 0.245712280273437
-0.086700439453125 -0.027862548828125 0.241851806640625 -0.333343505859375
-0.120597839355469 -0.0105972290039062 0.12481689453125 -0.264205932617188
-0.0975265502929688 0.0624237060546875 -0.0116996765136719 -0.04974365234375
-0.0298004150390625 0.0785293579101563 0.041229248046875 0.10546875
-0.00164794921875 0.0606040954589844 0.131027221679687 0.180694580078125
0.0221900939941406 0.0361442565917969 0.308013916015625 0.178955078125
0.0476913452148438 0.0184707641601563 0.41595458984375 0.093536376953125
0.0410118103027344 0.0186920166015625 0.417999267578125 0.041107177734375
0.0396995544433594 0.000286102294921875 0.404815673828125 0.064208984375
0.0626106262207031 0.0066680908203125 0.33355712890625 0.13287353515625
0.0752487182617188 0.033050537109375 0.204238891601562 0.104934692382812
0.0572891235351562 0.0725326538085938 0.117233276367187 0.0308380126953125
-0.0060882568359375 0.10382080078125 0.148406982421875 -0.0977935791015625
-0.0440635681152344 0.0642623901367187 0.3096923828125 -0.28619384765625
-0.0187454223632813 0.0230541229248047 0.6038818359375 -0.2049560546875
-0.285552978515625 0.09228515625 0.227874755859375 -0.303802490234375
-0.282806396484375 0.117340087890625 0.138214111328125 -0.239608764648438
-0.236587524414062 0.202072143554688 0.00263977050781248 -0.0778579711914062
-0.087066650390625 0.256515502929688 0.0355377197265625 0.07379150390625
0.021759033203125 0.228759765625 0.0960540771484375 0.148162841796875
0.136123657226563 0.174285888671875 0.268051147460938 0.157257080078125
0.200424194335938 0.0991668701171875 0.37103271484375 0.086151123046875
0.189163208007813 0.0887298583984375 0.372467041015625 0.03021240234375
0.204116821289063 0.075469970703125 0.36138916015625 0.044769287109375
0.20654296875 0.110321044921875 0.305023193359375 0.101776123046875
0.160888671875 0.17840576171875 0.178390502929688 0.0695343017578125
0.09869384765625 0.2388916015625 0.10491943359375 3.81469726562646E-05
-0.075958251953125 0.271987915039063 0.131393432617188 -0.131240844726562
-0.187942504882813 0.233612060546875 0.29864501953125 -0.28594970703125
-0.193634033203125 0.16943359375 0.583740234375 -0.192138671875
-0.4462890625 0.19573974609375 0.151092529296875 -0.244918823242188
-0.41448974609375 0.230743408203125 0.1121826171875 -0.1868896484375
-0.3504638671875 0.320556640625 0.0158004760742187 -0.0928573608398438
-0.1385498046875 0.406768798828125 0.0333137512207031 0.0280227661132813
0.036956787109375 0.371673583984375 0.0558319091796875 0.0847930908203125
0.226806640625 0.294677734375 0.193954467773438 0.102828979492188
0.322357177734375 0.16943359375 0.27130126953125 0.0602569580078125
0.310791015625 0.14630126953125 0.272308349609375 0.0161895751953125
0.34246826171875 0.135162353515625 0.264877319335938 0.024322509765625
0.331024169921875 0.19329833984375 0.231689453125 0.06292724609375
0.238037109375 0.29791259765625 0.125480651855469 0.0292816162109375
0.14227294921875 0.37396240234375 0.078948974609375 -0.029052734375
-0.121612548828125 0.41217041015625 0.103286743164062 -0.141769409179687
-0.2911376953125 0.37689208984375 0.260162353515625 -0.237442016601563
-0.329986572265625 0.29681396484375 0.500579833984375 -0.138031005859375
-0.537811279296875 0.279510498046875 0.025177001953125 -0.15924072265625
-0.483062744140625 0.32373046875 0.0493087768554687 -0.10443115234375
-0.4014892578125 0.411712646484375 0.0211105346679687 -0.0881729125976562
-0.155120849609375 0.505889892578125 0.0272941589355469 -0.0233707427978515
0.054656982421875 0.4613037109375 0.0068206787109375 0.00386524200439456
0.288665771484375 0.36883544921875 0.0899581909179688 0.0268020629882813
0.3958740234375 0.21356201171875 0.129600524902344 0.0212631225585938
0.384185791015625 0.181915283203125 0.130897521972656 0.000236511230468761
0.428955078125 0.174407958984375 0.127944946289063 0.00521087646484376
0.40826416015625 0.2490234375 0.119117736816406 0.0218963623046875
0.284515380859375 0.377227783203125 0.0486564636230469 -0.0106277465820312
0.166656494140625 0.461212158203125 0.0415458679199219 -0.0532455444335937
-0.1505126953125 0.496551513671875 0.0720291137695312 -0.127479553222656
-0.350799560546875 0.465301513671875 0.204605102539062 -0.145523071289062
-0.4129638671875 0.378173828125 0.37164306640625 -0.046630859375
-0.54241943359375 0.32183837890625 -0.130882263183594 -0.0530548095703125
-0.47235107421875 0.37530517578125 -0.037322998046875 -0.00330734252929685
-0.378021240234375 0.441802978515625 0.0118408203125 -0.0645713806152343
-0.135955810546875 0.523040771484375 0.00657272338867186 -0.0691261291503906
0.073516845703125 0.472015380859375 -0.0522079467773437 -0.076263427734375
0.309295654296875 0.38104248046875 -0.032867431640625 -0.0512313842773437
0.40985107421875 0.222381591796875 -0.0329723358154297 -0.0212230682373047
0.40020751953125 0.190887451171875 -0.0303401947021484 -0.0170726776123047
0.450042724609375 0.190093994140625 -0.0281944274902343 -0.0133285522460937
0.419769287109375 0.2716064453125 -0.0135478973388672 -0.0188922882080078
0.278045654296875 0.4039306640625 -0.0389442443847656 -0.048736572265625
0.1533203125 0.478515625 -0.00117492675781249 -0.0723648071289062
-0.17169189453125 0.501739501953125 0.0409469604492187 -0.0932083129882812
-0.368408203125 0.474945068359375 0.136695861816406 -0.0269393920898437
-0.435546875 0.396514892578125 0.210525512695312 0.0597686767578125
-0.459869384765625 0.313751220703125 -0.288116455078125 0.0572204589843751
-0.384796142578125 0.35662841796875 -0.131378173828125 0.0986785888671875
-0.291412353515625 0.388702392578125 -0.0116691589355469 -0.027536392211914
-0.09490966796875 0.443878173828125 -0.0302810668945313 -0.0973968505859375
0.077117919921875 0.40167236328125 -0.115364074707031 -0.133438110351562
0.281402587890625 0.3280029296875 -0.156112670898438 -0.110946655273437
0.363555908203125 0.196136474609375 -0.19134521484375 -0.0548858642578125
0.355926513671875 0.169708251953125 -0.185791015625 -0.033233642578125
0.400299072265625 0.178558349609375 -0.176895141601562 -0.0356903076171875
0.35931396484375 0.25738525390625 -0.140838623046875 -0.0636444091796875
0.21636962890625 0.3704833984375 -0.114883422851562 -0.087615966796875
0.10321044921875 0.4200439453125 -0.0381393432617187 -0.087738037109375
-0.176239013671875 0.41973876953125 0.0127944946289062 -0.0510292053222656
-0.33734130859375 0.407073974609375 0.0594711303710937 0.0893096923828125
-0.39508056640625 0.35528564453125 0.039947509765625 0.158859252929688
-0.3082275390625 0.24591064453125 -0.42041015625 0.154083251953125
-0.2442626953125 0.259017944335938 -0.21307373046875 0.183624267578125
-0.176589965820312 0.257278442382813 -0.0401268005371094 0.0175209045410156
-0.058013916015625 0.290069580078125 -0.071868896484375 -0.100830078125
0.054962158203125 0.270889282226563 -0.166595458984375 -0.156341552734375
0.204055786132813 0.230270385742187 -0.257598876953125 -0.139236450195312
0.260879516601563 0.14105224609375 -0.32208251953125 -0.070556640625
0.257888793945313 0.120986938476562 -0.314117431640625 -0.0433349609375
0.291229248046875 0.138336181640625 -0.297210693359375 -0.06060791015625
0.24591064453125 0.200592041015625 -0.237472534179687 -0.11163330078125
0.126068115234375 0.275604248046875 -0.16290283203125 -0.125289916992187
0.045166015625 0.291900634765625 -0.060882568359375 -0.100013732910156
-0.142562866210937 0.277374267578125 -0.0128564834594727 -0.0114479064941406
-0.245880126953125 0.2843017578125 -0.021636962890625 0.179885864257813
-0.289093017578125 0.266998291015625 -0.117416381835937 0.231674194335938
-0.114761352539063 0.127883911132813 -0.50518798828125 0.224334716796875
-0.091766357421875 0.103103637695313 -0.269058227539063 0.240646362304688
-0.0679244995117187 0.0781936645507813 -0.0609855651855469 0.064239501953125
-0.042327880859375 0.100616455078125 -0.101432800292969 -0.08251953125
0.00566864013671876 0.113922119140625 -0.19207763671875 -0.150711059570312
0.0867996215820313 0.111961364746094 -0.32159423828125 -0.139801025390625
0.115608215332031 0.0735321044921875 -0.404876708984375 -0.0697021484375
0.122222900390625 0.0560455322265625 -0.39398193359375 -0.045013427734375
0.143035888671875 0.0713958740234375 -0.368194580078125 -0.0820922851562499
0.108291625976563 0.101783752441406 -0.29058837890625 -0.153167724609375
0.0392227172851562 0.129058837890625 -0.174407958984375 -0.152816772460938
0.0120697021484375 0.116867065429688 -0.0651321411132812 -0.10443115234375
-0.0548629760742188 0.112739562988281 -0.0308094024658203 0.0240325927734375
-0.0973663330078125 0.145156860351563 -0.0931549072265625 0.2344970703125
-0.130172729492188 0.155105590820312 -0.237533569335938 0.272171020507813
-0.0878067016601563 -0.0261688232421875 0.223419189453125 -0.3681640625
-0.127021789550781 -0.00619506835937501 0.10357666015625 -0.286895751953125
-0.0994338989257813 0.0692596435546875 -0.0185165405273438 -0.0525970458984375
-0.0298538208007813 0.082672119140625 0.0497055053710938 0.1033935546875
-0.00136566162109374 0.0661468505859375 0.15020751953125 0.172256469726563
0.0226211547851563 0.0395278930664063 0.332061767578125 0.154205322265625
0.0488510131835938 0.0191612243652344 0.436614990234375 0.056640625
0.0413551330566406 0.0191841125488281 0.434478759765625 0.0020751953125
0.0382003784179688 0.00032806396484375 0.42669677734375 0.026702880859375
0.0606231689453125 0.001251220703125 0.360107421875 0.104400634765625
0.0771560668945313 0.0248794555664063 0.224517822265625 0.09124755859375
0.0637054443359375 0.0675506591796875 0.127418518066406 0.0243377685546875
0.00540924072265624 0.103042602539062 0.144744873046875 -0.112380981445312
-0.0367546081542969 0.0653038024902344 0.290985107421875 -0.320159912109375
-0.0137500762939453 0.0208892822265625 0.606201171875 -0.26068115234375
-0.282958984375 0.11712646484375 0.212677001953125 -0.339111328125
-0.281524658203125 0.14007568359375 0.121719360351563 -0.265670776367188
-0.231307983398438 0.228042602539063 -0.00541687011718751 -0.0832595825195312
-0.0720977783203125 0.27191162109375 0.0423355102539062 0.0688972473144531
0.0391082763671875 0.236862182617188 0.111526489257812 0.141036987304688
0.15350341796875 0.170822143554688 0.288116455078125 0.133575439453125
0.214401245117187 0.0872344970703125 0.389862060546875 0.05157470703125
0.201797485351563 0.076507568359375 0.38800048828125 -0.006103515625
0.216522216796875 0.0609283447265625 0.379791259765625 0.0091552734375
0.220901489257813 0.0943450927734375 0.33026123046875 0.074249267578125
0.181060791015625 0.16827392578125 0.195693969726563 0.055450439453125
0.122940063476562 0.236495971679688 0.112403869628906 -0.00806427001953124
-0.0528564453125 0.28656005859375 0.126907348632813 -0.14398193359375
-0.17132568359375 0.256057739257813 0.28009033203125 -0.319122314453125
-0.183868408203125 0.18902587890625 0.58740234375 -0.2469482421875
-0.44183349609375 0.241668701171875 0.13983154296875 -0.273406982421875
-0.408203125 0.270599365234375 0.101699829101562 -0.209915161132812
-0.337646484375 0.365997314453125 0.00801086425781248 -0.100807189941406
-0.1097412109375 0.4329833984375 0.0376205444335937 0.0204277038574219
0.0699462890625 0.382354736328125 0.0645294189453125 0.0784912109375
0.260101318359375 0.28564453125 0.206283569335938 0.0845947265625
0.3477783203125 0.14678955078125 0.284942626953125 0.033050537109375
0.333251953125 0.122344970703125 0.2841796875 -0.013275146484375
0.366119384765625 0.107696533203125 0.278244018554688 -0.00410461425781249
0.359130859375 0.16680908203125 0.250473022460938 0.0400238037109375
0.275177001953125 0.284820556640625 0.136932373046875 0.0173721313476563
0.18194580078125 0.37322998046875 0.0837249755859375 -0.0373687744140625
-0.0875244140625 0.438018798828125 0.0984039306640625 -0.151473999023437
-0.264678955078125 0.416961669921875 0.247177124023438 -0.26568603515625
-0.315277099609375 0.3333740234375 0.510894775390625 -0.1839599609375
-0.530364990234375 0.33837890625 0.0177764892578125 -0.175338745117187
-0.470489501953125 0.3763427734375 0.0465011596679687 -0.120681762695313
-0.383026123046875 0.46661376953125 0.0153656005859375 -0.0965194702148437
-0.11639404296875 0.538665771484375 0.028594970703125 -0.0325927734375
0.0999755859375 0.4727783203125 0.00690698623657227 -0.000962257385253877
0.332183837890625 0.355926513671875 0.0918502807617188 0.01556396484375
0.42950439453125 0.183837890625 0.135940551757813 0.00473785400390626
0.4136962890625 0.150848388671875 0.137008666992188 -0.0184097290039062
0.46173095703125 0.138580322265625 0.13433837890625 -0.0110092163085937
0.446746826171875 0.2166748046875 0.130203247070313 0.00800323486328127
0.33251953125 0.36456298828125 0.0529861450195313 -0.0186119079589844
0.21624755859375 0.46124267578125 0.042236328125 -0.0603752136230469
-0.110626220703125 0.531463623046875 0.0685806274414063 -0.1341552734375
-0.32086181640625 0.51641845703125 0.199722290039062 -0.165603637695312
-0.39508056640625 0.426422119140625 0.385284423828125 -0.079620361328125
-0.53326416015625 0.38641357421875 -0.134857177734375 -0.0534591674804687
-0.454132080078125 0.431671142578125 -0.0331783294677735 -0.00834655761718747
-0.354217529296875 0.501068115234375 0.00872039794921873 -0.0713348388671875
-0.0916137695312501 0.5560302734375 0.00402832031249999 -0.078460693359375
0.122955322265625 0.48345947265625 -0.061004638671875 -0.0777053833007812
0.35662841796875 0.36669921875 -0.04119873046875 -0.0531196594238281
0.448333740234375 0.18804931640625 -0.0350093841552734 -0.0239086151123047
0.43145751953125 0.156463623046875 -0.0305824279785156 -0.0213813781738281
0.4852294921875 0.15106201171875 -0.0290145874023437 -0.0159053802490234
0.4615478515625 0.23883056640625 -0.0110225677490234 -0.0224056243896484
0.3299560546875 0.391876220703125 -0.0421295166015625 -0.0505561828613281
0.20660400390625 0.483245849609375 -0.00473022460937499 -0.0768585205078125
-0.132110595703125 0.5394287109375 0.0401840209960938 -0.0965576171875
-0.33868408203125 0.530120849609375 0.1416015625 -0.0384521484375
-0.417205810546875 0.45001220703125 0.228073120117188 0.0436248779296875
-0.451263427734375 0.371185302734375 -0.289276123046875 0.07464599609375
-0.3673095703125 0.40667724609375 -0.120277404785156 0.106376647949219
-0.269317626953125 0.4400634765625 -0.0107593536376953 -0.0309410095214843
-0.0540771484375 0.472198486328125 -0.0366134643554688 -0.103744506835937
0.12255859375 0.40948486328125 -0.131340026855469 -0.130332946777344
0.3240966796875 0.312835693359375 -0.173263549804687 -0.10272216796875
0.397247314453125 0.16461181640625 -0.201065063476563 -0.043853759765625
0.384033203125 0.136871337890625 -0.192642211914062 -0.0227508544921875
0.433502197265625 0.142242431640625 -0.186614990234375 -0.02423095703125
0.399627685546875 0.227935791015625 -0.1470947265625 -0.0560455322265625
0.264923095703125 0.36358642578125 -0.125320434570313 -0.0833206176757812
0.14996337890625 0.425506591796875 -0.0457000732421875 -0.0897445678710937
-0.142669677734375 0.456512451171875 0.0130996704101562 -0.0504302978515625
-0.310577392578125 0.45721435546875 0.0722427368164062 0.088226318359375
-0.379791259765625 0.40447998046875 0.058990478515625 0.161270141601563
-0.3006591796875 0.2877197265625 -0.4180908203125 0.188720703125
-0.23223876953125 0.295989990234375 -0.197677612304688 0.203323364257813
-0.161590576171875 0.292999267578125 -0.0361175537109375 0.0175399780273438
-0.028564453125 0.3114013671875 -0.0804367065429688 -0.102279663085937
0.0888824462890625 0.276260375976563 -0.18743896484375 -0.148727416992187
0.236434936523438 0.217849731445313 -0.280380249023437 -0.12213134765625
0.28607177734375 0.11688232421875 -0.337677001953125 -0.046875
0.27978515625 0.09564208984375 -0.32623291015625 -0.019439697265625
0.31732177734375 0.109954833984375 -0.312591552734375 -0.0377197265625
0.277053833007813 0.179595947265625 -0.252670288085938 -0.0948333740234374
0.161727905273438 0.272171020507813 -0.178482055664063 -0.1170654296875
0.078521728515625 0.297760009765625 -0.0704269409179687 -0.0993270874023437
-0.11944580078125 0.30584716796875 -0.0097951889038086 -0.00708484649658201
-0.22662353515625 0.32373046875 -0.00323486328125003 0.188583374023438
-0.277313232421875 0.3062744140625 -0.098480224609375 0.25201416015625
-0.112884521484375 0.14862060546875 -0.503173828125 0.2685546875
-0.0894851684570312 0.121284484863281 -0.25213623046875 0.269195556640625
-0.0661392211914063 0.09564208984375 -0.0545654296875 0.0670585632324219
-0.0306625366210937 0.113632202148438 -0.11151123046875 -0.0798416137695312
0.0226058959960938 0.118843078613281 -0.213851928710938 -0.139022827148437
0.104850769042969 0.106147766113281 -0.345733642578125 -0.114654541015625
0.129875183105469 0.0605392456054688 -0.424407958984375 -0.0348815917968751
0.133880615234375 0.0417404174804688 -0.409423828125 -0.011566162109375
0.156341552734375 0.0554351806640625 -0.38873291015625 -0.051849365234375
0.125625610351563 0.0903549194335938 -0.312530517578125 -0.130889892578125
0.0585784912109375 0.127456665039063 -0.193435668945313 -0.142715454101563
0.0286941528320312 0.119483947753906 -0.0758438110351563 -0.102447509765625
-0.0421981811523438 0.12664794921875 -0.0267009735107422 0.0306568145751953
-0.084503173828125 0.16668701171875 -0.07269287109375 0.252365112304688
-0.122848510742187 0.17889404296875 -0.221466064453125 0.305999755859375
-0.087982177734375 -0.0244216918945312 0.186370849609375 -0.3973388671875
-0.131278991699219 0.000373840332031277 0.07135009765625 -0.30242919921875
-0.0981216430664063 0.07598876953125 -0.0266799926757813 -0.0518302917480469
-0.028411865234375 0.086700439453125 0.058258056640625 0.0966033935546875
0.000358581542968745 0.070587158203125 0.167877197265625 0.15509033203125
0.0234718322753906 0.042755126953125 0.346923828125 0.1160888671875
0.0492210388183594 0.0193557739257813 0.442108154296875 0.008453369140625
0.0420074462890625 0.0189857482910156 0.43585205078125 -0.046905517578125
0.0355720520019531 0.000896453857421875 0.43157958984375 -0.022491455078125
0.0568923950195313 -0.00369644165039063 0.376312255859375 0.062744140625
0.0755691528320313 0.0150909423828125 0.23968505859375 0.06744384765625
0.0683403015136719 0.0582199096679688 0.133842468261719 0.0130538940429688
0.0173721313476562 0.09735107421875 0.133285522460938 -0.125579833984375
-0.0276947021484375 0.0636482238769531 0.25372314453125 -0.3477783203125
-0.00899219512939453 0.0168600082397461 0.58270263671875 -0.32177734375
-0.268630981445313 0.142181396484375 0.180908203125 -0.368499755859375
-0.270095825195313 0.163681030273437 0.0928955078125 -0.285125732421875
-0.21380615234375 0.25286865234375 -0.0159378051757813 -0.08526611328125
-0.048828125 0.281402587890625 0.04827880859375 0.0604972839355469
0.06170654296875 0.236724853515625 0.125022888183594 0.126228332519531
0.17041015625 0.1600341796875 0.300262451171875 0.099884033203125
0.223419189453125 0.0675811767578125 0.39404296875 0.00634765625
0.209808349609375 0.0573577880859375 0.38873291015625 -0.05255126953125
0.221969604492188 0.0396575927734375 0.383880615234375 -0.03717041015625
0.229263305664063 0.0706939697265625 0.34423828125 0.033416748046875
0.19830322265625 0.148040771484375 0.207809448242187 0.0325927734375
0.148162841796875 0.222549438476563 0.116668701171875 -0.0195083618164062
-0.020355224609375 0.290313720703125 0.11480712890625 -0.154815673828125
-0.142745971679688 0.272445678710938 0.246337890625 -0.345611572265625
-0.162094116210937 0.20556640625 0.56793212890625 -0.307861328125
-0.414398193359375 0.287200927734375 0.1151123046875 -0.298187255859375
-0.38104248046875 0.310699462890625 0.080596923828125 -0.22869873046875
-0.3050537109375 0.405059814453125 -0.00254058837890628 -0.104583740234375
-0.06793212890625 0.44635009765625 0.0400886535644531 0.0106163024902344
0.110076904296875 0.377716064453125 0.0710220336914063 0.067626953125
0.29156494140625 0.2623291015625 0.212127685546875 0.05859375
0.364654541015625 0.1104736328125 0.287567138671875 -0.00247192382812499
0.346160888671875 0.087249755859375 0.28375244140625 -0.05047607421875
0.379119873046875 0.068878173828125 0.280502319335937 -0.039825439453125
0.37860107421875 0.12652587890625 0.2606201171875 0.00669860839843751
0.30780029296875 0.25634765625 0.143936157226563 -0.000595092773437484
0.22393798828125 0.355560302734375 0.0844039916992188 -0.0475540161132812
-0.039581298828125 0.45013427734375 0.0876312255859375 -0.160049438476562
-0.220611572265625 0.4481201171875 0.222076416015625 -0.289764404296875
-0.2801513671875 0.365997314453125 0.4991455078125 -0.238006591796875
-0.49261474609375 0.398345947265625 0.00317382812499996 -0.188003540039062
-0.43231201171875 0.42730712890625 0.0363845825195312 -0.134223937988281
-0.337799072265625 0.51519775390625 0.00650787353515622 -0.101905822753906
-0.059417724609375 0.55535888671875 0.0265312194824219 -0.0429954528808593
0.15191650390625 0.46466064453125 0.00547981262207032 -0.00618553161621091
0.373443603515625 0.323974609375 0.0906982421875 0.00204467773437502
0.452606201171875 0.135833740234375 0.136268615722656 -0.0155715942382812
0.430511474609375 0.105194091796875 0.135505676269531 -0.040191650390625
0.479736328125 0.08709716796875 0.134719848632813 -0.0311050415039062
0.474151611328125 0.165863037109375 0.13690185546875 -0.012939453125
0.37744140625 0.328948974609375 0.0546875 -0.0281562805175781
0.26983642578125 0.44110107421875 0.0393905639648438 -0.0674247741699218
-0.0521850585937501 0.549407958984375 0.0612945556640625 -0.139549255371094
-0.26690673828125 0.556640625 0.1861572265625 -0.185867309570312
-0.35345458984375 0.4708251953125 0.384857177734375 -0.121063232421875
-0.494354248046875 0.44818115234375 -0.137763977050781 -0.0501251220703125
-0.410919189453125 0.4840087890625 -0.0299777984619141 -0.0134735107421875
-0.303436279296875 0.55194091796875 0.00390624999999998 -0.0768661499023437
-0.0283203125 0.57232666015625 -0.00202178955078126 -0.0868453979492187
0.179168701171875 0.470703125 -0.070159912109375 -0.0756072998046875
0.399932861328125 0.328460693359375 -0.0495643615722656 -0.0524673461914062
0.47052001953125 0.137451171875 -0.0379486083984375 -0.0263252258300781
0.45050048828125 0.107421875 -0.0326881408691406 -0.0257720947265625
0.505523681640625 0.09521484375 -0.0305919647216797 -0.0171051025390625
0.493133544921875 0.18414306640625 -0.00926780700683591 -0.02716064453125
0.37982177734375 0.358917236328125 -0.0457382202148437 -0.0510063171386718
0.263763427734375 0.46368408203125 -0.0103759765625 -0.0801467895507812
-0.0733032226562501 0.56097412109375 0.0359878540039063 -0.0992889404296875
-0.28253173828125 0.57330322265625 0.1414794921875 -0.052398681640625
-0.374755859375 0.499420166015625 0.2388916015625 0.0191802978515625
-0.415802001953125 0.426788330078125 -0.280426025390625 0.0946960449218751
-0.325164794921875 0.45343017578125 -0.104377746582031 0.111351013183594
-0.2235107421875 0.4837646484375 -0.0106315612792969 -0.035186767578125
0.00180053710937503 0.485504150390625 -0.0453338623046875 -0.107246398925781
0.173126220703125 0.39764404296875 -0.146514892578125 -0.119644165039062
0.36383056640625 0.277374267578125 -0.186355590820312 -0.0869903564453125
0.418304443359375 0.117095947265625 -0.206771850585938 -0.027496337890625
0.401824951171875 0.092315673828125 -0.195587158203125 -0.00819396972656246
0.452789306640625 0.09002685546875 -0.189910888671875 -0.00694274902343749
0.42962646484375 0.18048095703125 -0.15045166015625 -0.044586181640625
0.311492919921875 0.335052490234375 -0.13409423828125 -0.0745849609375
0.201507568359375 0.41241455078125 -0.0539474487304687 -0.0878372192382812
-0.09210205078125 0.47943115234375 0.0137062072753906 -0.0507774353027343
-0.26226806640625 0.4986572265625 0.0855178833007812 0.082244873046875
-0.340972900390625 0.45074462890625 0.0806427001953125 0.15631103515625
-0.275390625 0.3291015625 -0.40093994140625 0.224884033203125
-0.203338623046875 0.329376220703125 -0.17181396484375 0.2181396484375
-0.131195068359375 0.3248291015625 -0.0312347412109375 0.0157756805419922
0.010223388671875 0.3212890625 -0.0904006958007812 -0.100151062011719
0.12603759765625 0.2674560546875 -0.204498291015625 -0.131118774414063
0.267303466796875 0.191253662109375 -0.295166015625 -0.093109130859375
0.302947998046875 0.080322265625 -0.343719482421875 -0.0141601562499999
0.292938232421875 0.06146240234375 -0.32952880859375 0.0108032226562499
0.33233642578125 0.0704345703125 -0.317779541015625 -0.00512695312500001
0.30224609375 0.144683837890625 -0.261016845703125 -0.070220947265625
0.199310302734375 0.253890991210938 -0.191314697265625 -0.10089111328125
0.1163330078125 0.2899169921875 -0.0809249877929687 -0.0941390991210938
-0.082489013671875 0.3255615234375 -0.00556039810180665 -0.00453376770019529
-0.189910888671875 0.3565673828125 0.02032470703125 0.190902709960938
-0.2470703125 0.343597412109375 -0.0698699951171875 0.264755249023438
-0.101913452148437 0.168411254882813 -0.4788818359375 0.3154296875
-0.0797882080078125 0.13958740234375 -0.22149658203125 0.2916259765625
-0.0565414428710938 0.114265441894531 -0.0460205078125 0.0665283203125
-0.013336181640625 0.122634887695313 -0.120536804199219 -0.0725860595703125
0.0422210693359375 0.117012023925781 -0.23095703125 -0.116790771484375
0.121849060058594 0.0932769775390625 -0.359771728515625 -0.07769775390625
0.140655517578125 0.0408172607421875 -0.428619384765625 0.00976562499999996
0.1407470703125 0.0222015380859375 -0.4112548828125 0.0302734375
0.165328979492187 0.0317230224609375 -0.395660400390625 -0.00970458984374991
0.140274047851562 0.0705413818359375 -0.32568359375 -0.0972900390625001
0.078460693359375 0.11932373046875 -0.209548950195313 -0.122344970703125
0.04754638671875 0.11541748046875 -0.086944580078125 -0.0946578979492187
-0.0235137939453125 0.136474609375 -0.0193748474121094 0.0360260009765625
-0.062774658203125 0.183944702148438 -0.0430145263671875 0.262466430664063
-0.10406494140625 0.20013427734375 -0.18951416015625 0.33331298828125
-0.0866622924804688 -0.0246047973632813 0.145111083984375 -0.408111572265625
-0.132484436035156 0.00624847412109377 0.0382080078125 -0.302703857421875
-0.0957183837890625 0.0802764892578125 -0.0328712463378906 -0.0482368469238281
-0.0267257690429687 0.0883636474609375 0.0634841918945313 0.0870895385742188
0.00327301025390625 0.07415771484375 0.1754150390625 0.1318359375
0.0243911743164063 0.046478271484375 0.345062255859375 0.07666015625
0.0491790771484375 0.01971435546875 0.429443359375 -0.03509521484375
0.0415534973144531 0.0185317993164063 0.41656494140625 -0.0889892578125
0.0325260162353516 0.00235176086425781 0.418121337890625 -0.067535400390625
0.0497245788574219 -0.00659942626953125 0.374786376953125 0.0216064453125
0.06982421875 0.006683349609375 0.244369506835938 0.0417022705078125
0.0687255859375 0.0476570129394531 0.135787963867188 0.0016021728515625
0.025909423828125 0.0862045288085938 0.118453979492188 -0.131332397460938
-0.0196266174316406 0.0580406188964844 0.211273193359375 -0.35723876953125
-0.00508880615234375 0.0105609893798828 0.535430908203125 -0.36334228515625
-0.246185302734375 0.156082153320313 0.1429443359375 -0.3822021484375
-0.250213623046875 0.178466796875 0.062255859375 -0.2908935546875
-0.189651489257813 0.26556396484375 -0.0245895385742188 -0.0831375122070312
-0.0266876220703125 0.28070068359375 0.051055908203125 0.05035400390625
0.078521728515625 0.229232788085938 0.130302429199219 0.107093811035156
0.179855346679688 0.144775390625 0.2969970703125 0.06500244140625
0.223098754882813 0.048583984375 0.38214111328125 -0.034820556640625
0.207305908203125 0.03839111328125 0.37030029296875 -0.092803955078125
0.218612670898438 0.0205230712890625 0.369049072265625 -0.078125
0.226470947265625 0.0468597412109375 0.341064453125 -0.006500244140625
0.205154418945313 0.123764038085938 0.209396362304688 0.00953674316406251
0.164260864257812 0.200042724609375 0.116180419921875 -0.0306472778320312
0.00878906250000002 0.2811279296875 0.0998992919921875 -0.158981323242187
-0.110794067382813 0.275909423828125 0.206756591796875 -0.3558349609375
-0.13665771484375 0.210983276367188 0.527984619140625 -0.352783203125
-0.37353515625 0.31494140625 0.08636474609375 -0.309600830078125
-0.341888427734375 0.333282470703125 0.056488037109375 -0.236312866210937
-0.2623291015625 0.4251708984375 -0.012237548828125 -0.104324340820312
-0.02734375 0.442840576171875 0.0388145446777344 0.000629425048828152
0.140411376953125 0.35968017578125 0.0731735229492188 0.0550079345703125
0.3072509765625 0.231353759765625 0.207717895507813 0.032989501953125
0.364349365234375 0.07373046875 0.277816772460938 -0.0348663330078125
0.343841552734375 0.052886962890625 0.268966674804688 -0.0818939208984375
0.37451171875 0.02996826171875 0.26898193359375 -0.0711212158203125
0.37811279296875 0.085174560546875 0.257781982421875 -0.02587890625
0.3250732421875 0.217987060546875 0.143966674804688 -0.01885986328125
0.252471923828125 0.32342529296875 0.0819625854492188 -0.0558547973632812
0.00552368164062505 0.441375732421875 0.07562255859375 -0.161865234375
-0.170989990234375 0.458160400390625 0.190185546875 -0.29974365234375
-0.2376708984375 0.380340576171875 0.46929931640625 -0.27886962890625
-0.441009521484375 0.432891845703125 -0.012847900390625 -0.193710327148438
-0.379638671875 0.453704833984375 0.024139404296875 -0.142379760742187
-0.28094482421875 0.540924072265625 -0.00215911865234376 -0.104591369628906
-0.00769042968749996 0.54791259765625 0.0218429565429688 -0.0518074035644531
0.19183349609375 0.4381103515625 0.00270652770996095 -0.0108356475830078
0.39520263671875 0.28094482421875 0.0848617553710938 -0.0105209350585937
0.45220947265625 0.08868408203125 0.128929138183594 -0.034271240234375
0.427337646484375 0.06024169921875 0.126716613769531 -0.0590667724609375
0.475738525390625 0.03582763671875 0.128776550292969 -0.0486373901367188
0.478851318359375 0.1114501953125 0.135307312011719 -0.0336151123046875
0.401641845703125 0.28173828125 0.05377197265625 -0.0382194519042969
0.30816650390625 0.40374755859375 0.0355072021484375 -0.0729827880859375
0.00213623046875003 0.542083740234375 0.0529098510742187 -0.140571594238281
-0.20574951171875 0.56903076171875 0.167282104492187 -0.197097778320312
-0.299285888671875 0.490386962890625 0.369384765625 -0.15576171875
-0.4381103515625 0.48773193359375 -0.137184143066406 -0.0471649169921875
-0.35321044921875 0.511322021484375 -0.0276870727539063 -0.0190067291259765
-0.24176025390625 0.5745849609375 -0.00120544433593751 -0.0809097290039062
0.0296630859375 0.56243896484375 -0.00901031494140624 -0.0925140380859375
0.2215576171875 0.439544677734375 -0.0772018432617187 -0.0708312988281249
0.423553466796875 0.2799072265625 -0.0556983947753906 -0.0494766235351562
0.471160888671875 0.08544921875 -0.0413970947265625 -0.0279998779296875
0.447998046875 0.05810546875 -0.0356712341308593 -0.0286102294921875
0.50189208984375 0.037841796875 -0.0304450988769531 -0.0188102722167969
0.49945068359375 0.126129150390625 -0.0083675384521484 -0.0329170227050781
0.410552978515625 0.31036376953125 -0.0480804443359375 -0.0503692626953125
0.3052978515625 0.42681884765625 -0.0155181884765625 -0.0804901123046875
-0.014801025390625 0.557159423828125 0.0323867797851563 -0.0996246337890625
-0.219970703125 0.59210205078125 0.136695861816406 -0.0641250610351562
-0.316009521484375 0.523101806640625 0.240158081054687 -0.00561523437499997
-0.366424560546875 0.46209716796875 -0.26300048828125 0.10833740234375
-0.2725830078125 0.477630615234375 -0.0872421264648438 0.109855651855469
-0.167022705078125 0.504913330078125 -0.0111503601074219 -0.0394096374511718
0.053802490234375 0.4761962890625 -0.0528945922851562 -0.10797119140625
0.211273193359375 0.3677978515625 -0.154632568359375 -0.105072021484375
0.38507080078125 0.23248291015625 -0.191452026367187 -0.069122314453125
0.418853759765625 0.0682373046875 -0.204727172851563 -0.0118408203125
0.399810791015625 0.045928955078125 -0.192855834960938 0.00555419921875
0.451385498046875 0.0377197265625 -0.184982299804687 0.00791931152343746
0.438140869140625 0.127227783203125 -0.147735595703125 -0.034759521484375
0.34228515625 0.293212890625 -0.137229919433594 -0.0638961791992188
0.240692138671875 0.38189697265625 -0.0602493286132813 -0.083770751953125
-0.0400390625 0.48150634765625 0.0149765014648438 -0.0509300231933594
-0.2047119140625 0.51763916015625 0.0946121215820312 0.0712203979492188
-0.28802490234375 0.476287841796875 0.09796142578125 0.142791748046875
-0.2396240234375 0.354217529296875 -0.369781494140625 0.248321533203125
-0.16644287109375 0.348663330078125 -0.143280029296875 0.2208251953125
-0.0926513671875 0.34112548828125 -0.0271472930908203 0.0108375549316406
0.047943115234375 0.316864013671875 -0.0973052978515625 -0.0954437255859375
0.155105590820313 0.246261596679688 -0.212509155273438 -0.108535766601562
0.283172607421875 0.156768798828125 -0.29754638671875 -0.0635375976562499
0.304351806640625 0.04296875 -0.336639404296875 0.0159912109375
0.2916259765625 0.02618408203125 -0.319610595703125 0.03814697265625
0.33135986328125 0.028472900390625 -0.3094482421875 0.023162841796875
0.311126708984375 0.103363037109375 -0.258712768554687 -0.0469207763671875
0.22509765625 0.2237548828125 -0.195693969726563 -0.0823059082031249
0.14666748046875 0.269622802734375 -0.0874252319335937 -0.085906982421875
-0.044677734375 0.329833984375 -0.00094866752624512 -0.00364232063293455
-0.146820068359375 0.373046875 0.0413818359375 0.183807373046875
-0.207305908203125 0.36431884765625 -0.0397796630859375 0.264373779296875
-0.0869140625 0.182464599609375 -0.43988037109375 0.34552001953125
-0.0650634765625 0.152099609375 -0.185516357421875 0.298126220703125
-0.0415725708007813 0.127479553222656 -0.0384559631347656 0.0625152587890625
0.00490570068359374 0.125617980957031 -0.125617980957031 -0.0636978149414063
0.058746337890625 0.10906982421875 -0.237579345703125 -0.0911712646484375
0.132789611816406 0.075714111328125 -0.359039306640625 -0.0407104492187499
0.142425537109375 0.0206298828125 -0.416259765625 0.049224853515625
0.140220642089844 0.00201416015625 -0.396728515625 0.0672607421874999
0.164688110351562 0.008453369140625 -0.385009765625 0.0287780761718749
0.14605712890625 0.0478668212890625 -0.32391357421875 -0.064422607421875
0.0935134887695313 0.103759765625 -0.215057373046875 -0.100250244140625
0.0630874633789063 0.105201721191406 -0.0929641723632813 -0.0836944580078125
-0.00341033935546875 0.138603210449219 -0.010986328125 0.0378532409667969
-0.0386199951171875 0.192535400390625 -0.0133056640625 0.260482788085938
-0.08062744140625 0.212127685546875 -0.151397705078125 0.346160888671875
-0.0848922729492188 -0.0275497436523437 0.11395263671875 -0.405120849609375
-0.133758544921875 0.00830841064453126 0.013427734375 -0.295013427734375
-0.0958099365234375 0.08087158203125 -0.0370521545410156 -0.0442924499511719
-0.0274200439453125 0.0900497436523438 0.0638961791992188 0.0785903930664063
0.0041351318359375 0.0775604248046875 0.173538208007813 0.113815307617188
0.0255851745605469 0.0507164001464844 0.33331298828125 0.05029296875
0.048858642578125 0.0221748352050781 0.40802001953125 -0.0614013671875
0.0401191711425781 0.0201263427734375 0.39306640625 -0.113494873046875
0.0300197601318359 0.00582695007324219 0.39599609375 -0.095123291015625
0.0429458618164063 -0.0063323974609375 0.362884521484375 -0.00762939453125
0.0620994567871094 0.0020751953125 0.242156982421875 0.0217132568359375
0.0648345947265625 0.0384559631347656 0.134506225585938 -0.0066680908203125
0.0297470092773438 0.0740432739257812 0.106193542480469 -0.129570007324219
-0.0143852233886719 0.0499229431152344 0.17828369140625 -0.350860595703125
-0.0023341178894043 0.00361061096191406 0.495147705078125 -0.376434326171875
-0.225051879882813 0.157867431640625 0.113494873046875 -0.3826904296875
-0.234619140625 0.180801391601563 0.038543701171875 -0.28814697265625
-0.171859741210937 0.267776489257813 -0.0301742553710938 -0.0795364379882812
-0.01458740234375 0.27410888671875 0.0500602722167969 0.041656494140625
0.086395263671875 0.220443725585938 0.128791809082031 0.0914459228515625
0.181686401367188 0.134674072265625 0.284912109375 0.04095458984375
0.217849731445312 0.0366363525390625 0.3621826171875 -0.0601806640625
0.200637817382812 0.0272674560546875 0.34722900390625 -0.116973876953125
0.210586547851563 0.008392333984375 0.349609375 -0.104400634765625
0.217514038085937 0.0312652587890625 0.329345703125 -0.03448486328125
0.202102661132813 0.103973388671875 0.206558227539063 -0.00962829589843749
0.16925048828125 0.180038452148438 0.114646911621094 -0.0374832153320312
0.0266571044921875 0.265548706054688 0.08953857421875 -0.156265258789063
-0.0872650146484375 0.268447875976563 0.17681884765625 -0.350250244140625
-0.116409301757813 0.2060546875 0.488983154296875 -0.369781494140625
-0.3367919921875 0.3223876953125 0.06378173828125 -0.311920166015625
-0.31072998046875 0.336639404296875 0.037933349609375 -0.23809814453125
-0.22857666015625 0.426971435546875 -0.0190353393554688 -0.103630065917969
-0.00250244140624996 0.43096923828125 0.0354461669921875 -0.00787353515624997
0.15521240234375 0.339874267578125 0.0698394775390625 0.0444068908691406
0.311492919921875 0.206787109375 0.197006225585938 0.0152587890625
0.354461669921875 0.0501708984375 0.261627197265625 -0.055908203125
0.332733154296875 0.03021240234375 0.250579833984375 -0.101486206054688
0.36175537109375 0.005126953125 0.25347900390625 -0.0914306640625
0.367950439453125 0.0552978515625 0.248794555664063 -0.0501556396484375
0.326934814453125 0.186492919921875 0.140869140625 -0.0335693359375
0.2645263671875 0.2933349609375 0.0795516967773438 -0.061798095703125
0.03466796875 0.422760009765625 0.0679779052734375 -0.158599853515625
-0.133026123046875 0.451263427734375 0.166534423828125 -0.298095703125
-0.202606201171875 0.37774658203125 0.43798828125 -0.29986572265625
-0.394927978515625 0.444366455078125 -0.0230255126953125 -0.196640014648437
-0.3360595703125 0.457550048828125 0.0139312744140625 -0.14697265625
-0.235076904296875 0.5411376953125 -0.00850677490234377 -0.10552978515625
0.0287780761718749 0.530670166015625 0.0169601440429688 -0.0590896606445312
0.21331787109375 0.409088134765625 -0.000516891479492174 -0.0157232284545898
0.400177001953125 0.246124267578125 0.0767059326171875 -0.0191192626953125
0.44061279296875 0.0546875 0.118934631347656 -0.0466461181640625
0.4140625 0.029541015625 0.114814758300781 -0.0715408325195313
0.45904541015625 0.000152587890625 0.120330810546875 -0.0608291625976562
0.467041015625 0.071685791015625 0.130256652832031 -0.0500717163085938
0.40802001953125 0.24224853515625 0.0510330200195313 -0.0467491149902344
0.3248291015625 0.36846923828125 0.0330963134765625 -0.0757827758789062
0.037933349609375 0.52349853515625 0.047607421875 -0.137992858886719
-0.159423828125 0.5635986328125 0.15191650390625 -0.199478149414062
-0.25439453125 0.491729736328125 0.351318359375 -0.176361083984375
-0.388946533203125 0.500457763671875 -0.134109497070313 -0.0481109619140625
-0.304962158203125 0.51544189453125 -0.0259799957275391 -0.0265388488769531
-0.19146728515625 0.57745361328125 -0.00518798828125001 -0.0847320556640624
0.067138671875 0.54156494140625 -0.0144805908203125 -0.0970458984375
0.244873046875 0.407501220703125 -0.08026123046875 -0.0675582885742187
0.427978515625 0.24169921875 -0.0601272583007812 -0.0473289489746094
0.457916259765625 0.04888916015625 -0.04412841796875 -0.0300827026367188
0.433868408203125 0.02392578125 -0.0391349792480469 -0.0317230224609375
0.4852294921875 -0.0015869140625 -0.0307903289794922 -0.0208930969238281
0.490814208984375 0.08197021484375 -0.00870513916015622 -0.0396347045898437
0.41864013671875 0.267425537109375 -0.0481376647949218 -0.0516395568847656
0.324951171875 0.38909912109375 -0.0186080932617187 -0.0802230834960937
0.024322509765625 0.542816162109375 0.0309600830078125 -0.0991973876953125
-0.16961669921875 0.588134765625 0.131813049316406 -0.07135009765625
-0.271148681640625 0.52569580078125 0.236557006835937 -0.0246429443359375
-0.32098388671875 0.474639892578125 -0.246063232421875 0.11126708984375
-0.2294921875 0.48052978515625 -0.0743026733398438 0.101173400878906
-0.12127685546875 0.50738525390625 -0.012054443359375 -0.0452194213867187
0.08905029296875 0.458648681640625 -0.0581130981445313 -0.108940124511719
0.2318115234375 0.337982177734375 -0.156265258789062 -0.09423828125
0.38983154296875 0.194488525390625 -0.19061279296875 -0.0563812255859375
0.40802001953125 0.032073974609375 -0.199661254882812 -0.00265502929687501
0.387969970703125 0.013824462890625 -0.187164306640625 0.0117340087890625
0.436248779296875 -0.000244140625 -0.17669677734375 0.0158538818359375
0.432373046875 0.08538818359375 -0.143051147460937 -0.0307464599609375
0.354278564453125 0.2550048828125 -0.136360168457031 -0.056884765625
0.261627197265625 0.34954833984375 -0.0629196166992188 -0.079925537109375
-0.00375366210937501 0.470611572265625 0.0160789489746094 -0.050811767578125
-0.159637451171875 0.5189208984375 0.0999298095703125 0.0616302490234375
-0.245941162109375 0.479339599609375 0.108406066894531 0.128669738769531
-0.207855224609375 0.364990234375 -0.341278076171875 0.2523193359375
-0.1357421875 0.352996826171875 -0.120513916015625 0.213027954101563
-0.06036376953125 0.345672607421875 -0.0249862670898438 0.00462532043457034
0.07464599609375 0.305572509765625 -0.10052490234375 -0.0922012329101562
0.17083740234375 0.224456787109375 -0.2122802734375 -0.0926055908203125
0.287506103515625 0.12701416015625 -0.291473388671875 -0.0427856445312499
0.2962646484375 0.01416015625 -0.323944091796875 0.03448486328125
0.28228759765625 0.000640869140625 -0.30615234375 0.053375244140625
0.320159912109375 -0.001617431640625 -0.294708251953125 0.040924072265625
0.30780029296875 0.070404052734375 -0.24981689453125 -0.0323638916015625
0.23687744140625 0.195205688476562 -0.194183349609375 -0.069366455078125
0.164688110351562 0.24774169921875 -0.0890731811523437 -0.0791854858398438
-0.015594482421875 0.3236083984375 0.00402712821960449 -0.00340175628662107
-0.11260986328125 0.376373291015625 0.0557861328125 0.174163818359375
-0.17449951171875 0.369415283203125 -0.0181732177734375 0.256362915039063
-0.073944091796875 0.1900634765625 -0.403076171875 0.3536376953125
-0.052001953125 0.158981323242187 -0.157318115234375 0.291961669921875
-0.0264968872070312 0.136611938476563 -0.0340232849121094 0.055145263671875
0.0207748413085938 0.124435424804688 -0.127555847167969 -0.0571060180664062
0.0694808959960938 0.0989227294921875 -0.236175537109375 -0.0718536376953125
0.137435913085938 0.059326171875 -0.3487548828125 -0.01513671875
0.139968872070312 0.0034942626953125 -0.39801025390625 0.073577880859375
0.135604858398437 -0.0131607055664062 -0.3770751953125 0.0887451171875001
0.15869140625 -0.010498046875 -0.366943359375 0.0523681640625
0.145172119140625 0.0287322998046875 -0.3131103515625 -0.0423583984374999
0.101707458496094 0.0885848999023437 -0.212814331054688 -0.0829315185546875
0.0729827880859375 0.0934371948242188 -0.0939407348632813 -0.0749359130859375
0.0138092041015625 0.136627197265625 -0.00418853759765625 0.0378074645996094
-0.017608642578125 0.1951904296875 0.00799560546874998 0.251861572265625
-0.061126708984375 0.21649169921875 -0.121337890625 0.34442138671875
-0.0856704711914063 -0.0335311889648438 0.094146728515625 -0.40228271484375
-0.138671875 0.00802612304687498 -0.001953125 -0.2890625
-0.100372314453125 0.0830078125 -0.0398674011230469 -0.0415191650390625
-0.0310592651367188 0.093231201171875 0.062225341796875 0.0734710693359375
0.0038604736328125 0.0833358764648438 0.169967651367188 0.102798461914063
0.0274620056152344 0.0565948486328125 0.322296142578125 0.035064697265625
0.0494651794433594 0.0267372131347656 0.392791748046875 -0.07745361328125
0.0394363403320312 0.0238227844238281 0.376190185546875 -0.1280517578125
0.0281276702880859 0.0107574462890625 0.37908935546875 -0.111663818359375
0.036956787109375 -0.00301742553710938 0.353057861328125 -0.02630615234375
0.0542984008789062 -0.000461578369140625 0.240509033203125 0.0085906982421875
0.0595169067382812 0.0327033996582031 0.135391235351563 -0.0111083984375
0.0294570922851563 0.0631370544433594 0.100074768066406 -0.127128601074219
-0.0125465393066406 0.0401802062988281 0.158416748046875 -0.34283447265625
-0.000938892364501953 -0.00390505790710449 0.4683837890625 -0.38262939453125
-0.213455200195313 0.154708862304687 0.0954284667968749 -0.3834228515625
-0.228607177734375 0.179656982421875 0.02294921875 -0.285614013671875
-0.165496826171875 0.268402099609375 -0.0347747802734375 -0.0784378051757812
-0.0098419189453125 0.272506713867188 0.0470733642578125 0.03497314453125
0.0902557373046875 0.217575073242188 0.124565124511719 0.0807876586914063
0.183731079101563 0.130874633789063 0.274063110351563 0.026458740234375
0.214523315429687 0.032318115234375 0.347259521484375 -0.076202392578125
0.196212768554688 0.0228729248046875 0.330413818359375 -0.130767822265625
0.204498291015625 0.0035552978515625 0.33416748046875 -0.1207275390625
0.209197998046875 0.0234375 0.319793701171875 -0.05474853515625
0.19744873046875 0.092010498046875 0.20440673828125 -0.0227813720703125
0.1685791015625 0.166030883789063 0.115257263183594 -0.043060302734375
0.035400390625 0.252487182617188 0.0859832763671875 -0.153244018554687
-0.07293701171875 0.260055541992188 0.15948486328125 -0.34442138671875
-0.103530883789062 0.198837280273438 0.465423583984375 -0.37896728515625
-0.31402587890625 0.321014404296875 0.049713134765625 -0.31591796875
-0.294158935546875 0.334503173828125 0.02471923828125 -0.239822387695312
-0.20904541015625 0.42828369140625 -0.0241775512695313 -0.103462219238281
0.01123046875 0.42352294921875 0.0314617156982422 -0.015960693359375
0.162689208984375 0.3287353515625 0.0661087036132813 0.0357589721679688
0.313079833984375 0.193572998046875 0.186874389648438 0.00360107421875001
0.347869873046875 0.037109375 0.247711181640625 -0.0698394775390625
0.324554443359375 0.017974853515625 0.235519409179688 -0.114059448242188
0.351531982421875 -0.00946044921875 0.241531372070313 -0.105819702148438
0.358367919921875 0.0372314453125 0.240509033203125 -0.06787109375
0.325042724609375 0.166259765625 0.138359069824219 -0.0449142456054687
0.268646240234375 0.273422241210938 0.079559326171875 -0.0665054321289062
0.051727294921875 0.409088134765625 0.0669403076171875 -0.156051635742187
-0.109130859375 0.442657470703125 0.153533935546875 -0.2950439453125
-0.18145751953125 0.371551513671875 0.42071533203125 -0.309783935546875
-0.3641357421875 0.444671630859375 -0.0313720703125 -0.202194213867187
-0.31060791015625 0.45452880859375 0.00628662109374998 -0.152969360351562
-0.206512451171875 0.5419921875 -0.0132522583007813 -0.10845947265625
0.04833984375 0.51751708984375 0.0113449096679688 -0.0668983459472656
0.222869873046875 0.391754150390625 -0.00507545471191405 -0.019989013671875
0.401275634765625 0.223907470703125 0.0691795349121094 -0.0258560180664062
0.43060302734375 0.035858154296875 0.109519958496094 -0.0556182861328125
0.403594970703125 0.011871337890625 0.104530334472656 -0.0800552368164063
0.445831298828125 -0.021514892578125 0.113067626953125 -0.0706253051757813
0.456695556640625 0.046661376953125 0.124458312988281 -0.0640411376953125
0.408966064453125 0.2161865234375 0.0491447448730469 -0.0546417236328125
0.3330078125 0.344085693359375 0.0318069458007813 -0.0792922973632812
0.0616455078124999 0.509552001953125 0.0480422973632812 -0.137611389160156
-0.128143310546875 0.559295654296875 0.144790649414063 -0.200851440429687
-0.227996826171875 0.486541748046875 0.341064453125 -0.189788818359375
-0.35516357421875 0.504547119140625 -0.133338928222656 -0.0537185668945312
-0.27557373046875 0.513519287109375 -0.0262565612792969 -0.0352134704589843
-0.1568603515625 0.576904296875 -0.00901031494140626 -0.0896453857421875
0.091644287109375 0.5269775390625 -0.020263671875 -0.103721618652344
0.254974365234375 0.38568115234375 -0.0833053588867187 -0.0674362182617187
0.4312744140625 0.21417236328125 -0.0642204284667968 -0.0477943420410156
0.448822021484375 0.025177001953125 -0.0483016967773437 -0.0328712463378906
0.42327880859375 0.002655029296875 -0.0430831909179687 -0.0347557067871094
0.47314453125 -0.02716064453125 -0.0313606262207031 -0.0247802734375
0.4815673828125 0.052490234375 -0.0098915100097656 -0.0474510192871094
0.424407958984375 0.239013671875 -0.0498733520507812 -0.0548095703125
0.337432861328125 0.36468505859375 -0.0198593139648437 -0.0816421508789062
0.050018310546875 0.531219482421875 0.0328216552734375 -0.0996246337890625
-0.13555908203125 0.58660888671875 0.129844665527344 -0.0762252807617187
-0.242156982421875 0.523345947265625 0.235305786132812 -0.0382537841796875
-0.292144775390625 0.4818115234375 -0.23687744140625 0.106109619140625
-0.200408935546875 0.482666015625 -0.066650390625 0.0909652709960938
-0.088592529296875 0.507843017578125 -0.0140838623046875 -0.0518836975097656
0.113922119140625 0.445770263671875 -0.062896728515625 -0.113128662109375
0.243438720703125 0.316986083984375 -0.157745361328125 -0.0890045166015625
0.39202880859375 0.168792724609375 -0.190521240234375 -0.050140380859375
0.398223876953125 0.009521484375 -0.197830200195312 0.00030517578125001
0.377166748046875 -0.00726318359375 -0.184280395507812 0.0141143798828125
0.423797607421875 -0.025115966796875 -0.172561645507812 0.0177459716796875
0.425384521484375 0.0560302734375 -0.140342712402344 -0.032318115234375
0.360931396484375 0.228790283203125 -0.136428833007812 -0.0551605224609375
0.275054931640625 0.3284912109375 -0.0636215209960937 -0.0784912109375
0.022308349609375 0.46307373046875 0.0197563171386719 -0.05206298828125
-0.128082275390625 0.519775390625 0.104316711425781 0.0538177490234375
-0.2183837890625 0.480377197265625 0.115303039550781 0.116111755371094
-0.1868896484375 0.373321533203125 -0.32452392578125 0.250518798828125
-0.115631103515625 0.356201171875 -0.107864379882813 0.20257568359375
-0.0350341796875 0.34991455078125 -0.0254344940185547 -0.00296020507812498
0.09552001953125 0.297271728515625 -0.104400634765625 -0.0931396484375
0.181808471679688 0.20782470703125 -0.211410522460938 -0.083160400390625
0.289764404296875 0.1058349609375 -0.28704833984375 -0.0310363769531249
0.28912353515625 -0.005950927734375 -0.3162841796875 0.04376220703125
0.274856567382812 -0.0176544189453125 -0.297943115234375 0.061767578125
0.311309814453125 -0.023468017578125 -0.285186767578125 0.04852294921875
0.303863525390625 0.0458984375 -0.24395751953125 -0.0272216796875
0.244232177734375 0.173919677734375 -0.192474365234375 -0.062530517578125
0.176467895507813 0.23089599609375 -0.0902938842773437 -0.0751266479492188
0.00613403320312499 0.319793701171875 0.00875520706176758 -0.00514793395996092
-0.085540771484375 0.37908935546875 0.0660400390625 0.165863037109375
-0.151947021484375 0.372467041015625 -0.00332641601562498 0.248519897460938
-0.065399169921875 0.198257446289062 -0.383575439453125 0.353302001953125
-0.042510986328125 0.166351318359375 -0.1422119140625 0.2828369140625
-0.0123291015625 0.143661499023438 -0.0339775085449219 0.0472564697265625
0.0340042114257812 0.123321533203125 -0.130134582519531 -0.0548095703125
0.0778884887695313 0.0910797119140625 -0.234039306640625 -0.0599212646484375
0.14111328125 0.0463714599609375 -0.3409423828125 0.000671386718750063
0.137046813964844 -0.0101242065429688 -0.38470458984375 0.0875244140624999
0.1314697265625 -0.0253448486328125 -0.364898681640625 0.10040283203125
0.152633666992188 -0.025390625 -0.354034423828125 0.065093994140625
0.143096923828125 0.0126953125 -0.3046875 -0.030548095703125
0.107192993164063 0.074981689453125 -0.209930419921875 -0.0728607177734375
0.081451416015625 0.0831298828125 -0.09356689453125 -0.0692825317382813
0.0277252197265625 0.134552001953125 0.00225448608398438 0.0366172790527344
-0.000518798828125009 0.1976318359375 0.0225372314453125 0.244583129882813
-0.047088623046875 0.220550537109375 -0.100433349609375 0.3409423828125
-0.090240478515625 -0.041534423828125 0.0787353515625 -0.408416748046875
-0.1483154296875 0.00885009765624999 -0.015350341796875 -0.2889404296875
-0.108444213867188 0.0884017944335937 -0.042755126953125 -0.0395278930664062
-0.0352401733398438 0.10107421875 0.0622024536132813 0.071075439453125
0.00489807128906251 0.0924453735351563 0.168441772460938 0.0970458984375
0.0313453674316406 0.064971923828125 0.318206787109375 0.02362060546875
0.0532798767089844 0.0324172973632813 0.387054443359375 -0.091552734375
0.0412139892578125 0.0290679931640625 0.36810302734375 -0.141326904296875
0.0294742584228516 0.0166587829589844 0.372528076171875 -0.12774658203125
0.0326747894287109 0.001983642578125 0.351593017578125 -0.04193115234375
0.0470733642578125 -0.000797271728515625 0.243560791015625 -0.004486083984375
0.0541496276855469 0.0288810729980469 0.140182495117188 -0.015838623046875
0.02740478515625 0.0538749694824219 0.0981674194335938 -0.126029968261719
-0.0128097534179688 0.0306186676025391 0.145721435546875 -0.339813232421875
-0.000507354736328125 -0.0137147903442383 0.45965576171875 -0.390960693359375
-0.210174560546875 0.151336669921875 0.0804443359374999 -0.3931884765625
-0.23028564453125 0.181777954101563 0.00875854492187499 -0.28912353515625
-0.1641845703125 0.275360107421875 -0.0391998291015625 -0.079193115234375
-0.00735473632812499 0.278518676757813 0.0442390441894531 0.0305671691894531
0.0952301025390625 0.222061157226563 0.121978759765625 0.07550048828125
0.189910888671875 0.131149291992188 0.268280029296875 0.01580810546875
0.21624755859375 0.0309906005859375 0.339202880859375 -0.0908203125
0.196640014648438 0.0214385986328125 0.321685791015625 -0.144378662109375
0.203659057617188 0.0011444091796875 0.326690673828125 -0.136810302734375
0.206024169921875 0.019012451171875 0.316680908203125 -0.072509765625
0.195526123046875 0.0851898193359375 0.205917358398437 -0.0361785888671875
0.17047119140625 0.157730102539063 0.1190185546875 -0.0488433837890625
0.0425567626953125 0.245635986328125 0.0857391357421875 -0.153366088867187
-0.0634918212890625 0.25469970703125 0.15020751953125 -0.344451904296875
-0.0959930419921874 0.193527221679688 0.457855224609375 -0.391632080078125
-0.30230712890625 0.322540283203125 0.03741455078125 -0.3267822265625
-0.287689208984375 0.337738037109375 0.012908935546875 -0.246429443359375
-0.198333740234375 0.436065673828125 -0.0301361083984375 -0.107276916503906
0.022216796875 0.426239013671875 0.0261516571044922 -0.0232219696044922
0.1717529296875 0.328765869140625 0.061279296875 0.0296401977539063
0.321868896484375 0.1861572265625 0.180038452148438 -0.00488281249999999
0.348785400390625 0.029541015625 0.240203857421875 -0.0812225341796875
0.324127197265625 0.010284423828125 0.2265625 -0.127166748046875
0.350311279296875 -0.019256591796875 0.234573364257813 -0.120559692382813
0.3564453125 0.024322509765625 0.236801147460938 -0.0850067138671875
0.327972412109375 0.15277099609375 0.138107299804688 -0.0575180053710937
0.276123046875 0.262237548828125 0.0818634033203125 -0.0732269287109375
0.066009521484375 0.40362548828125 0.0689849853515625 -0.158843994140625
-0.092071533203125 0.442840576171875 0.148651123046875 -0.29827880859375
-0.167816162109375 0.370849609375 0.415771484375 -0.326019287109375
-0.3472900390625 0.453460693359375 -0.0402374267578125 -0.21392822265625
-0.295745849609375 0.4599609375 -0.001129150390625 -0.161941528320312
-0.18621826171875 0.5501708984375 -0.0194091796875 -0.114051818847656
0.066558837890625 0.518280029296875 0.00514984130859376 -0.0761642456054687
0.2342529296875 0.385711669921875 -0.0106792449951172 -0.0251216888427734
0.410186767578125 0.21063232421875 0.0623092651367188 -0.0313034057617187
0.43096923828125 0.020751953125 0.101478576660156 -0.0647430419921875
0.403472900390625 -0.002197265625 0.0974578857421875 -0.0892486572265625
0.44415283203125 -0.03875732421875 0.108444213867188 -0.0817489624023437
0.456207275390625 0.025634765625 0.120864868164063 -0.078582763671875
0.416900634765625 0.199249267578125 0.0467872619628907 -0.0647811889648437
0.346466064453125 0.330474853515625 0.0325393676757813 -0.0846633911132812
0.08099365234375 0.50775146484375 0.0516204833984375 -0.140777587890625
-0.10382080078125 0.5626220703125 0.142822265625 -0.206802368164062
-0.210906982421875 0.488983154296875 0.33953857421875 -0.207000732421875
-0.335205078125 0.5159912109375 -0.137290954589844 -0.0628509521484375
-0.256683349609375 0.52191162109375 -0.0291938781738282 -0.045684814453125
-0.13067626953125 0.5858154296875 -0.0140609741210938 -0.0973052978515624
0.113983154296875 0.5235595703125 -0.0277862548828125 -0.113052368164062
0.2689208984375 0.376190185546875 -0.089324951171875 -0.070068359375
0.4400634765625 0.1971435546875 -0.0706863403320312 -0.0496673583984375
0.446502685546875 0.00616455078125 -0.0535240173339843 -0.0364837646484375
0.42181396484375 -0.013885498046875 -0.0479965209960937 -0.0389900207519531
0.469573974609375 -0.047271728515625 -0.0344448089599609 -0.0305309295654297
0.48193359375 0.02783203125 -0.0136756896972656 -0.0576896667480469
0.4349365234375 0.218963623046875 -0.0532760620117187 -0.0607414245605469
0.353179931640625 0.350341796875 -0.0214920043945312 -0.0856704711914062
0.073272705078125 0.53057861328125 0.0367660522460937 -0.10430908203125
-0.10870361328125 0.59344482421875 0.132064819335938 -0.0847091674804687
-0.222137451171875 0.531097412109375 0.238372802734375 -0.0523834228515625
-0.2718505859375 0.495361328125 -0.235855102539063 0.100906372070313
-0.180389404296875 0.491485595703125 -0.0646286010742188 0.0816726684570313
-0.061126708984375 0.515655517578125 -0.017822265625 -0.0599250793457031
0.13812255859375 0.441192626953125 -0.0705490112304687 -0.120346069335937
0.257476806640625 0.305084228515625 -0.162765502929687 -0.0886688232421875
0.400726318359375 0.148651123046875 -0.194610595703125 -0.0465240478515625
0.3974609375 -0.010711669921875 -0.201278686523437 0.00294494628906253
0.37554931640625 -0.025604248046875 -0.186859130859375 0.0154571533203125
0.419830322265625 -0.04803466796875 -0.172271728515625 0.0181884765625
0.4254150390625 0.03179931640625 -0.142471313476562 -0.0361175537109375
0.373138427734375 0.208465576171875 -0.139213562011719 -0.056610107421875
0.291656494140625 0.314971923828125 -0.0659942626953125 -0.079681396484375
0.045379638671875 0.465179443359375 0.0242118835449219 -0.05596923828125
-0.100921630859375 0.52764892578125 0.111068725585937 0.0462188720703125
-0.200164794921875 0.490631103515625 0.122451782226562 0.106742858886719
-0.172332763671875 0.388671875 -0.32000732421875 0.251312255859375
-0.098968505859375 0.367340087890625 -0.101608276367188 0.195098876953125
-0.01092529296875 0.35797119140625 -0.0287628173828125 -0.0109024047851562
0.11627197265625 0.294097900390625 -0.11126708984375 -0.0968856811523437
0.194015502929687 0.197555541992187 -0.215789794921875 -0.079345703125
0.29736328125 0.087921142578125 -0.2884521484375 -0.02215576171875
0.287353515625 -0.02392578125 -0.316162109375 0.0516357421875
0.273147583007813 -0.0340118408203125 -0.29779052734375 0.068328857421875
0.30694580078125 -0.0430908203125 -0.283599853515625 0.05426025390625
0.3038330078125 0.024566650390625 -0.244842529296875 -0.0248565673828125
0.254104614257813 0.156463623046875 -0.19573974609375 -0.059722900390625
0.190353393554688 0.219024658203125 -0.09228515625 -0.0748977661132812
0.027008056640625 0.321319580078125 0.0149927139282227 -0.00805854797363279
-0.062469482421875 0.387664794921875 0.07598876953125 0.160568237304688
-0.13519287109375 0.382965087890625 0.00828552246093752 0.244644165039063
-0.0577239990234375 0.210830688476563 -0.376617431640625 0.359130859375
-0.0340728759765625 0.176254272460938 -0.134002685546875 0.277877807617188
0.00248718261718751 0.1524658203125 -0.0371170043945313 0.0411415100097656
0.0483779907226563 0.123626708984375 -0.13653564453125 -0.05499267578125
0.0872268676757813 0.0845260620117188 -0.237899780273438 -0.0517272949218749
0.146240234375 0.0344696044921875 -0.340179443359375 0.013153076171875
0.135704040527344 -0.0237503051757812 -0.382232666015625 0.100128173828125
0.129371643066406 -0.037078857421875 -0.360382080078125 0.11065673828125
0.148727416992188 -0.0397491455078125 -0.34991455078125 0.0743408203124999
0.142166137695313 -0.0024566650390625 -0.30316162109375 -0.0233154296875
0.113502502441406 0.0629425048828125 -0.210723876953125 -0.066619873046875
0.0901107788085938 0.0740203857421875 -0.0945205688476563 -0.06719970703125
0.0427017211914062 0.134193420410156 0.00828933715820313 0.0353813171386719
0.017425537109375 0.203048706054688 0.0361480712890625 0.242263793945312
-0.03448486328125 0.228912353515625 -0.085205078125 0.343841552734375
-0.09930419921875 -0.0499038696289063 0.05755615234375 -0.42181396484375
-0.1624755859375 0.012786865234375 -0.033447265625 -0.2918701171875
-0.117538452148437 0.0995941162109375 -0.0475578308105469 -0.0377998352050781
-0.0383453369140625 0.114059448242187 0.0629081726074219 0.0692214965820313
0.00858306884765626 0.103897094726563 0.171539306640625 0.091583251953125
0.0393295288085937 0.0736541748046875 0.319366455078125 0.010284423828125
0.0604820251464844 0.0384521484375 0.3858642578125 -0.110870361328125
0.0452079772949219 0.0347213745117188 0.36322021484375 -0.1611328125
0.03167724609375 0.0242862701416016 0.36944580078125 -0.14996337890625
0.0302829742431641 0.00850868225097656 0.355255126953125 -0.0654296875
0.0398750305175781 0.00083160400390625 0.249603271484375 -0.0219879150390625
0.0479393005371094 0.0257225036621094 0.146621704101563 -0.024261474609375
0.0237312316894531 0.0448570251464844 0.0975265502929688 -0.127830505371094
-0.0163917541503906 0.0204658508300781 0.13238525390625 -0.34368896484375
-0.00265884399414063 -0.0250015258789063 0.453643798828125 -0.413970947265625
-0.210464477539063 0.151901245117187 0.05889892578125 -0.410430908203125
-0.235519409179688 0.190643310546875 -0.00942993164062503 -0.29730224609375
-0.162811279296875 0.292449951171875 -0.0460968017578125 -0.0802230834960938
0.00106811523437501 0.29083251953125 0.0412330627441406 0.025360107421875
0.107070922851562 0.2301025390625 0.121307373046875 0.0688705444335938
0.203048706054688 0.13134765625 0.265640258789063 0.00326538085937501
0.225021362304688 0.0270538330078125 0.335906982421875 -0.1087646484375
0.202438354492187 0.0172882080078125 0.314605712890625 -0.16510009765625
0.207656860351563 -0.0028228759765625 0.321136474609375 -0.1595458984375
0.205963134765625 0.0137176513671875 0.3172607421875 -0.09686279296875
0.196609497070313 0.0783233642578125 0.208358764648437 -0.05487060546875
0.17486572265625 0.150131225585938 0.123703002929688 -0.059234619140625
0.0511322021484375 0.240081787109375 0.0869903564453125 -0.15850830078125
-0.0532073974609375 0.252639770507812 0.139404296875 -0.352447509765625
-0.0886688232421875 0.190719604492188 0.45159912109375 -0.419342041015625
-0.294097900390625 0.332794189453125 0.016937255859375 -0.3447265625
-0.28192138671875 0.350982666015625 -0.00474548339843754 -0.257827758789063
-0.18499755859375 0.45526123046875 -0.0397186279296875 -0.111228942871094
0.0396728515625 0.438323974609375 0.0190963745117188 -0.0307941436767578
0.189666748046875 0.33197021484375 0.0567398071289063 0.0239982604980469
0.33843994140625 0.17767333984375 0.174896240234375 -0.016082763671875
0.357086181640625 0.016265869140625 0.233551025390625 -0.0976409912109375
0.330474853515625 -0.001739501953125 0.218765258789063 -0.14447021484375
0.35394287109375 -0.03570556640625 0.228439331054688 -0.140106201171875
0.359832763671875 0.00750732421875 0.233932495117188 -0.108551025390625
0.33740234375 0.1383056640625 0.137489318847656 -0.0739974975585938
0.29144287109375 0.249969482421875 0.084381103515625 -0.0834274291992187
0.085418701171875 0.403106689453125 0.0704498291015625 -0.1663818359375
-0.0690612792968749 0.447845458984375 0.14056396484375 -0.309906005859375
-0.15264892578125 0.376861572265625 0.4119873046875 -0.357147216796875
-0.329437255859375 0.472381591796875 -0.0558624267578125 -0.22796630859375
-0.2806396484375 0.476959228515625 -0.0150299072265625 -0.173736572265625
-0.16064453125 0.56903076171875 -0.0290603637695313 -0.120712280273437
0.094390869140625 0.525054931640625 -0.00599670410156249 -0.0858993530273437
0.256591796875 0.382293701171875 -0.0186882019042969 -0.029541015625
0.43048095703125 0.194000244140625 0.0539970397949219 -0.0380935668945312
0.43798828125 0.000244140625 0.0937118530273438 -0.0740966796875
0.40899658203125 -0.02117919921875 0.0889739990234375 -0.100334167480469
0.44775390625 -0.061798095703125 0.101799011230469 -0.09625244140625
0.46099853515625 0.001068115234375 0.115272521972656 -0.0970535278320313
0.4324951171875 0.177825927734375 0.0422744750976563 -0.0773391723632812
0.369384765625 0.314697265625 0.0321884155273438 -0.0944900512695312
0.107635498046875 0.5111083984375 0.054595947265625 -0.150375366210938
-0.07501220703125 0.5762939453125 0.140838623046875 -0.2198486328125
-0.190948486328125 0.5029296875 0.3404541015625 -0.234466552734375
-0.311981201171875 0.54083251953125 -0.147964477539063 -0.0714721679687499
-0.233734130859375 0.54083251953125 -0.0359153747558594 -0.0565147399902343
-0.0968017578125 0.601318359375 -0.0220794677734375 -0.106109619140625
0.1485595703125 0.526336669921875 -0.0412139892578125 -0.122894287109375
0.2926025390625 0.36724853515625 -0.0999755859375 -0.0723495483398437
0.45758056640625 0.172637939453125 -0.0801544189453125 -0.0501327514648438
0.451812744140625 -0.017852783203125 -0.062744140625 -0.0385360717773438
0.425537109375 -0.03778076171875 -0.0554580688476562 -0.0429420471191406
0.471343994140625 -0.0770263671875 -0.04052734375 -0.0369186401367188
0.48724365234375 -0.0035400390625 -0.020721435546875 -0.0691375732421875
0.454681396484375 0.1949462890625 -0.0602912902832031 -0.0670661926269531
0.378753662109375 0.335723876953125 -0.0243759155273437 -0.0918960571289062
0.10650634765625 0.5361328125 0.0395889282226562 -0.1134033203125
-0.0745849609375001 0.61004638671875 0.135009765625 -0.0969161987304687
-0.2001953125 0.5496826171875 0.244247436523437 -0.074127197265625
-0.24755859375 0.521392822265625 -0.240310668945312 0.0998992919921875
-0.1553955078125 0.5101318359375 -0.0647430419921875 0.0734939575195313
-0.02410888671875 0.529998779296875 -0.0253067016601563 -0.06976318359375
0.172393798828125 0.438385009765625 -0.0836410522460937 -0.12799072265625
0.280059814453125 0.29156494140625 -0.174362182617187 -0.0871734619140625
0.415985107421875 0.124053955078125 -0.203125 -0.0408782958984374
0.399658203125 -0.0372314453125 -0.208786010742188 0.00834655761718751
0.377655029296875 -0.050445556640625 -0.192962646484375 0.01995849609375
0.420684814453125 -0.07684326171875 -0.177261352539062 0.0200653076171875
0.430206298828125 0.0009765625 -0.150787353515625 -0.0395050048828125
0.392547607421875 0.184783935546875 -0.1483154296875 -0.056793212890625
0.31787109375 0.300506591796875 -0.07049560546875 -0.0830917358398437
0.07861328125 0.4708251953125 0.028472900390625 -0.0640296936035156
-0.066741943359375 0.5450439453125 0.118766784667969 0.0356597900390625
-0.175811767578125 0.510650634765625 0.133468627929688 0.093780517578125
-0.15203857421875 0.412445068359375 -0.318145751953125 0.26092529296875
-0.07647705078125 0.38397216796875 -0.09619140625 0.191497802734375
0.019256591796875 0.3685302734375 -0.0338935852050781 -0.0187454223632812
0.14471435546875 0.29052734375 -0.124259948730469 -0.100692749023438
0.21221923828125 0.185302734375 -0.226531982421875 -0.071563720703125
0.308746337890625 0.06591796875 -0.29638671875 -0.010772705078125
0.288116455078125 -0.04736328125 -0.3214111328125 0.065460205078125
0.272079467773438 -0.0559234619140625 -0.300811767578125 0.079742431640625
0.30450439453125 -0.068145751953125 -0.2864990234375 0.0639648437500001
0.3052978515625 -0.001708984375 -0.252639770507813 -0.020172119140625
0.268951416015625 0.136245727539062 -0.20355224609375 -0.0550537109375
0.209808349609375 0.205368041992187 -0.0965957641601562 -0.0742950439453125
0.05352783203125 0.324798583984375 0.0200309753417969 -0.0137844085693359
-0.031890869140625 0.400177001953125 0.0895538330078125 0.153366088867188
-0.112548828125 0.400238037109375 0.0241241455078125 0.242584228515625
-0.0450592041015625 0.229873657226563 -0.372100830078125 0.376495361328125
-0.021148681640625 0.191452026367188 -0.1258544921875 0.27972412109375
0.02117919921875 0.160980224609375 -0.0426788330078125 0.0359687805175781
0.0666580200195312 0.122161865234375 -0.148147583007813 -0.0525054931640625
0.0985107421875 0.0765914916992188 -0.246444702148438 -0.040771484375
0.15374755859375 0.01861572265625 -0.34515380859375 0.0320129394531249
0.134796142578125 -0.0400009155273438 -0.38330078125 0.12030029296875
0.125923156738281 -0.0529708862304688 -0.36065673828125 0.12884521484375
0.143692016601563 -0.0567169189453125 -0.351348876953125 0.0898742675781251
0.140480041503906 -0.021270751953125 -0.3096923828125 -0.01275634765625
0.120071411132812 0.0476608276367187 -0.216552734375 -0.059173583984375
0.100425720214844 0.0616226196289062 -0.0967483520507813 -0.0652313232421875
0.06207275390625 0.13165283203125 0.0159378051757813 0.0322284698486328
0.0417022705078125 0.208847045898438 0.05419921875 0.239654541015625
-0.0163116455078125 0.241790771484375 -0.066253662109375 0.352203369140625
-0.113548278808594 -0.0559005737304687 0.023284912109375 -0.43365478515625
-0.178070068359375 0.024871826171875 -0.060272216796875 -0.2913818359375
-0.122909545898438 0.1168212890625 -0.0530319213867188 -0.0335159301757813
-0.0362625122070313 0.130119323730469 0.0647697448730469 0.0671463012695313
0.0187606811523438 0.115875244140625 0.17523193359375 0.082550048828125
0.052337646484375 0.0818939208984375 0.31927490234375 -0.00915527343749999
0.0718765258789063 0.0424652099609375 0.38031005859375 -0.13909912109375
0.0536155700683594 0.0398025512695313 0.35247802734375 -0.188873291015625
0.0384635925292969 0.030975341796875 0.359375 -0.180206298828125
0.0301361083984375 0.0158729553222656 0.352264404296875 -0.095916748046875
0.0326900482177734 0.00476455688476563 0.25274658203125 -0.0464324951171875
0.0410041809082031 0.0237236022949219 0.152862548828125 -0.0380096435546875
0.0179939270019531 0.0353012084960938 0.0959548950195313 -0.132102966308594
-0.0229854583740234 0.0106201171875 0.113372802734375 -0.347381591796875
-0.00795745849609375 -0.0382499694824219 0.43707275390625 -0.446014404296875
-0.20928955078125 0.15643310546875 0.023040771484375 -0.4266357421875
-0.238418579101563 0.206954956054687 -0.0382080078125 -0.30096435546875
-0.152313232421875 0.313262939453125 -0.0570449829101563 -0.0784759521484375
0.01763916015625 0.30438232421875 0.0366668701171875 0.0213279724121094
0.126449584960938 0.235000610351563 0.120864868164063 0.0614547729492188
0.22119140625 0.126235961914063 0.262344360351563 -0.0142364501953125
0.235610961914063 0.0188751220703125 0.32666015625 -0.135406494140625
0.209548950195313 0.010162353515625 0.301177978515625 -0.1922607421875
0.212112426757813 -0.01116943359375 0.30792236328125 -0.1885986328125
0.206695556640625 0.004638671875 0.309906005859375 -0.129425048828125
0.198196411132813 0.068817138671875 0.20654296875 -0.07977294921875
0.1815185546875 0.138824462890625 0.126441955566406 -0.0746078491210937
0.06268310546875 0.231948852539063 0.084869384765625 -0.16693115234375
-0.039398193359375 0.248809814453125 0.121124267578125 -0.36260986328125
-0.0785369873046875 0.187744140625 0.4334716796875 -0.458709716796875
-0.276123046875 0.347900390625 -0.015106201171875 -0.360565185546875
-0.27008056640625 0.37078857421875 -0.0309600830078125 -0.264984130859375
-0.16009521484375 0.478363037109375 -0.0533447265625 -0.112640380859375
0.069427490234375 0.44696044921875 0.00845718383789063 -0.0372505187988281
0.21649169921875 0.329833984375 0.0501365661621094 0.0183944702148438
0.3603515625 0.15948486328125 0.166641235351563 -0.0283050537109375
0.3662109375 -0.004791259765625 0.222518920898438 -0.118072509765625
0.3359375 -0.021575927734375 0.2042236328125 -0.165481567382813
0.3568115234375 -0.056976318359375 0.21502685546875 -0.16461181640625
0.3602294921875 -0.016357421875 0.223068237304688 -0.1370849609375
0.34808349609375 0.11651611328125 0.131156921386719 -0.0960235595703125
0.30902099609375 0.231597900390625 0.0841522216796875 -0.0984649658203125
0.112945556640625 0.39678955078125 0.0687255859375 -0.178359985351562
-0.03802490234375 0.450927734375 0.126434326171875 -0.32501220703125
-0.129974365234375 0.3837890625 0.397552490234375 -0.39691162109375
-0.299041748046875 0.49481201171875 -0.0825653076171875 -0.240203857421875
-0.255523681640625 0.49920654296875 -0.0360260009765625 -0.18359375
-0.1204833984375 0.587158203125 -0.0439453125 -0.126205444335938
0.13336181640625 0.52484130859375 -0.0218276977539063 -0.0941848754882812
0.286956787109375 0.371185302734375 -0.030426025390625 -0.0323028564453125
0.45050048828125 0.16448974609375 0.0424690246582032 -0.0436172485351562
0.4425048828125 -0.029693603515625 0.082122802734375 -0.0860977172851562
0.412200927734375 -0.050750732421875 0.0751495361328125 -0.113838195800781
0.447174072265625 -0.094757080078125 0.0896148681640625 -0.11212158203125
0.4620361328125 -0.035858154296875 0.102928161621094 -0.117874145507813
0.44989013671875 0.146575927734375 0.032989501953125 -0.0914764404296875
0.396881103515625 0.29132080078125 0.0279769897460938 -0.106460571289062
0.148834228515625 0.506439208984375 0.0522613525390625 -0.164352416992187
-0.03106689453125 0.5836181640625 0.131683349609375 -0.238021850585938
-0.157318115234375 0.51812744140625 0.332489013671875 -0.272125244140625
-0.272216796875 0.56787109375 -0.1636962890625 -0.0771026611328124
-0.1942138671875 0.561737060546875 -0.0481643676757813 -0.0660018920898437
-0.0472412109375001 0.61279296875 -0.0367202758789062 -0.113677978515625
0.193878173828125 0.517791748046875 -0.0600662231445312 -0.130821228027344
0.32513427734375 0.347869873046875 -0.11468505859375 -0.0703353881835937
0.47674560546875 0.137451171875 -0.092437744140625 -0.047149658203125
0.454742431640625 -0.052581787109375 -0.0730209350585937 -0.0388946533203125
0.425445556640625 -0.071441650390625 -0.0660324096679687 -0.0455551147460938
0.469329833984375 -0.1163330078125 -0.0500221252441406 -0.0420722961425781
0.48724365234375 -0.045623779296875 -0.0334625244140625 -0.0794754028320313
0.47509765625 0.158935546875 -0.0711288452148437 -0.0715408325195313
0.411712646484375 0.30828857421875 -0.0309600830078125 -0.0991668701171875
0.15216064453125 0.53497314453125 0.0386199951171875 -0.127204895019531
-0.02447509765625 0.62091064453125 0.13360595703125 -0.115402221679687
-0.16204833984375 0.5699462890625 0.244277954101563 -0.103866577148437
-0.20758056640625 0.551177978515625 -0.243606567382812 0.105056762695313
-0.114227294921875 0.52996826171875 -0.0659637451171875 0.0664558410644532
0.0257568359375 0.536865234375 -0.03692626953125 -0.0776214599609375
0.215362548828125 0.426422119140625 -0.103805541992188 -0.132476806640625
0.308380126953125 0.269073486328125 -0.189041137695312 -0.0794830322265625
0.429595947265625 0.08587646484375 -0.214874267578125 -0.0287017822265625
0.3975830078125 -0.072021484375 -0.216339111328125 0.0201416015625
0.374603271484375 -0.083526611328125 -0.19873046875 0.0286712646484375
0.414093017578125 -0.115081787109375 -0.183120727539062 0.026947021484375
0.4287109375 -0.040374755859375 -0.162307739257812 -0.0380401611328125
0.41143798828125 0.149627685546875 -0.159713745117187 -0.053009033203125
0.347381591796875 0.27392578125 -0.0778961181640625 -0.0848541259765625
0.122039794921875 0.468505859375 0.0286865234375 -0.0760574340820312
-0.017425537109375 0.556121826171875 0.12579345703125 0.0200424194335938
-0.13677978515625 0.532073974609375 0.143447875976563 0.0755462646484375
-0.1158447265625 0.438201904296875 -0.310089111328125 0.275299072265625
-0.04156494140625 0.400604248046875 -0.087982177734375 0.188888549804688
0.062225341796875 0.3731689453125 -0.0432777404785156 -0.0248374938964844
0.179763793945312 0.277557373046875 -0.141937255859375 -0.0984649658203125
0.23345947265625 0.164581298828125 -0.238815307617187 -0.058135986328125
0.31781005859375 0.03265380859375 -0.30328369140625 0.0101928710937499
0.28289794921875 -0.076904296875 -0.32305908203125 0.087066650390625
0.266128540039063 -0.0841827392578125 -0.30126953125 0.0987854003906251
0.295440673828125 -0.099456787109375 -0.289093017578125 0.0802001953125
0.301177978515625 -0.03533935546875 -0.261566162109375 -0.00923156738281248
0.2823486328125 0.106689453125 -0.213287353515625 -0.044647216796875
0.2313232421875 0.183334350585938 -0.103263854980469 -0.0728683471679687
0.089111328125 0.32025146484375 0.0238838195800781 -0.0231285095214844
0.0123291015625 0.40728759765625 0.105239868164062 0.141555786132813
-0.077911376953125 0.417572021484375 0.0435028076171875 0.23626708984375
-0.0219268798828125 0.2496337890625 -0.356231689453125 0.401397705078125
0.00109863281249998 0.204818725585938 -0.111846923828125 0.28399658203125
0.047149658203125 0.165756225585938 -0.0489654541015625 0.0336570739746094
0.0887908935546875 0.11474609375 -0.161712646484375 -0.04547119140625
0.112648010253906 0.063690185546875 -0.255386352539063 -0.0218963623046875
0.158599853515625 -0.0034637451171875 -0.34661865234375 0.0574035644531251
0.128852844238281 -0.06060791015625 -0.37908935546875 0.14892578125
0.117271423339844 -0.0713043212890625 -0.35601806640625 0.1536865234375
0.133285522460938 -0.0774383544921875 -0.34954833984375 0.11224365234375
0.13287353515625 -0.0425949096679688 -0.3155517578125 0.0054931640625
0.125038146972656 0.0268402099609375 -0.223953247070313 -0.0467987060546875
0.109344482421875 0.0438461303710938 -0.101470947265625 -0.0615005493164063
0.0848159790039063 0.123397827148438 0.0238857269287109 0.0261516571044922
0.0741729736328125 0.208526611328125 0.076934814453125 0.232513427734375
0.010894775390625 0.251480102539062 -0.037567138671875 0.3568115234375
-0.132270812988281 -0.0568466186523437 -0.01959228515625 -0.42913818359375
-0.189788818359375 0.0438995361328125 -0.0891571044921875 -0.279296875
-0.121994018554687 0.137062072753906 -0.0579376220703125 -0.0266151428222656
-0.02789306640625 0.146255493164063 0.0667076110839844 0.0633354187011719
0.0328826904296875 0.125389099121094 0.176788330078125 0.0703887939453125
0.06939697265625 0.0856857299804688 0.3116455078125 -0.031890869140625
0.08538818359375 0.0424957275390625 0.363128662109375 -0.167388916015625
0.064178466796875 0.0420112609863281 0.330230712890625 -0.2139892578125
0.0477447509765625 0.0365066528320313 0.33697509765625 -0.207061767578125
0.0333747863769531 0.0233516693115234 0.337890625 -0.12896728515625
0.0262508392333984 0.0115509033203125 0.2457275390625 -0.074554443359375
0.0330257415771484 0.0241889953613281 0.152359008789063 -0.054931640625
0.00719833374023438 0.0267448425292969 0.091644287109375 -0.135185241699219
-0.03436279296875 0.00197410583496094 0.090576171875 -0.34429931640625
-0.0187721252441406 -0.0503387451171875 0.404449462890625 -0.4737548828125
-0.207000732421875 0.161178588867188 -0.0211486816406251 -0.4271240234375
-0.233749389648437 0.22589111328125 -0.071136474609375 -0.29302978515625
-0.1337890625 0.330780029296875 -0.06768798828125 -0.0732650756835937
0.0406494140625 0.312744140625 0.0317955017089844 0.0182666778564453
0.1478271484375 0.232772827148438 0.117111206054688 0.0528488159179688
0.238235473632813 0.11273193359375 0.251937866210938 -0.031951904296875
0.24365234375 0.004669189453125 0.306304931640625 -0.160400390625
0.214370727539063 -0.000640869140625 0.2762451171875 -0.214523315429688
0.215118408203125 -0.02117919921875 0.2822265625 -0.214447021484375
0.204360961914063 -0.005523681640625 0.2899169921875 -0.16058349609375
0.195144653320312 0.058380126953125 0.195205688476563 -0.104660034179688
0.18402099609375 0.12396240234375 0.122795104980469 -0.0922470092773437
0.07220458984375 0.21728515625 0.0787811279296875 -0.175643920898438
-0.0260009765625 0.238784790039063 0.09637451171875 -0.36590576171875
-0.069305419921875 0.178298950195313 0.398193359375 -0.491668701171875
-0.253265380859375 0.35675048828125 -0.058135986328125 -0.363677978515625
-0.248382568359375 0.38580322265625 -0.0631561279296875 -0.261306762695313
-0.124664306640625 0.489349365234375 -0.068634033203125 -0.10931396484375
0.10333251953125 0.444091796875 -0.00448608398437499 -0.0397300720214844
0.242950439453125 0.3167724609375 0.0416793823242188 0.0140838623046875
0.374725341796875 0.132781982421875 0.152206420898438 -0.0383453369140625
0.367401123046875 -0.031158447265625 0.202316284179688 -0.134857177734375
0.333251953125 -0.044647216796875 0.180160522460938 -0.184173583984375
0.35064697265625 -0.082305908203125 0.189834594726563 -0.185165405273438
0.352142333984375 -0.041900634765625 0.201080322265625 -0.16485595703125
0.349273681640625 0.089324951171875 0.116462707519531 -0.115303039550781
0.321319580078125 0.202972412109375 0.0772781372070313 -0.114784240722656
0.13922119140625 0.378753662109375 0.0621795654296875 -0.190460205078125
-0.00378417968749996 0.44085693359375 0.103271484375 -0.335205078125
-0.101654052734375 0.379791259765625 0.364013671875 -0.4344482421875
-0.256561279296875 0.506561279296875 -0.116226196289063 -0.242828369140625
-0.21734619140625 0.51025390625 -0.0617218017578125 -0.18426513671875
-0.07269287109375 0.59234619140625 -0.0623550415039063 -0.125259399414062
0.175567626953125 0.510650634765625 -0.0417861938476562 -0.09625244140625
0.31573486328125 0.347686767578125 -0.0438346862792969 -0.0305557250976562
0.46307373046875 0.125274658203125 0.0280113220214844 -0.0458641052246094
0.438751220703125 -0.064971923828125 0.0645217895507813 -0.0927352905273438
0.4041748046875 -0.082244873046875 0.056488037109375 -0.12420654296875
0.434051513671875 -0.13128662109375 0.0701675415039063 -0.124412536621094
0.449371337890625 -0.07470703125 0.08123779296875 -0.136322021484375
0.454742431640625 0.105743408203125 0.01715087890625 -0.10235595703125
0.41632080078125 0.253173828125 0.019561767578125 -0.118484497070312
0.1873779296875 0.48651123046875 0.0441741943359375 -0.177780151367187
0.0185546875 0.57342529296875 0.114730834960938 -0.253509521484375
-0.116943359375 0.51934814453125 0.307891845703125 -0.3082275390625
-0.21832275390625 0.58282470703125 -0.182662963867188 -0.0762481689453125
-0.1455078125 0.56829833984375 -0.0636978149414063 -0.071044921875
0.00952148437499999 0.60797119140625 -0.0541915893554688 -0.116203308105469
0.237274169921875 0.493560791015625 -0.08349609375 -0.130638122558594
0.349761962890625 0.313446044921875 -0.12921142578125 -0.0624313354492187
0.4827880859375 0.09088134765625 -0.104148864746094 -0.040985107421875
0.44158935546875 -0.093170166015625 -0.084930419921875 -0.0354537963867188
0.412200927734375 -0.10809326171875 -0.0775604248046875 -0.0444412231445313
0.448455810546875 -0.156341552734375 -0.0620002746582031 -0.0441169738769531
0.471343994140625 -0.09100341796875 -0.0513687133789062 -0.0851058959960938
0.481842041015625 0.11187744140625 -0.0852432250976562 -0.0731353759765625
0.4346923828125 0.265777587890625 -0.0398712158203125 -0.105110168457031
0.199432373046875 0.513641357421875 0.031463623046875 -0.14111328125
0.0327148437500001 0.6138916015625 0.123672485351563 -0.134140014648437
-0.111083984375 0.57421875 0.232589721679687 -0.136627197265625
-0.1522216796875 0.56549072265625 -0.244827270507813 0.110610961914063
-0.0618896484375 0.532928466796875 -0.0684890747070313 0.058319091796875
0.081268310546875 0.52569580078125 -0.0516204833984375 -0.0817108154296875
0.256622314453125 0.395172119140625 -0.127220153808594 -0.128524780273438
0.32867431640625 0.232635498046875 -0.201904296875 -0.064697265625
0.4298095703125 0.039520263671875 -0.221343994140625 -0.01165771484375
0.3817138671875 -0.10931396484375 -0.219635009765625 0.0347900390625
0.3575439453125 -0.11895751953125 -0.202117919921875 0.039703369140625
0.39251708984375 -0.153594970703125 -0.18634033203125 0.036041259765625
0.411346435546875 -0.083831787109375 -0.17340087890625 -0.031402587890625
0.41729736328125 0.104034423828125 -0.169723510742187 -0.04425048828125
0.3685302734375 0.234130859375 -0.0864105224609375 -0.0852203369140625
0.1673583984375 0.44927978515625 0.0254592895507813 -0.08892822265625
0.042022705078125 0.5498046875 0.126556396484375 -0.000862121582031216
-0.086273193359375 0.538970947265625 0.147491455078125 0.0506439208984375
-0.068389892578125 0.451904296875 -0.29473876953125 0.28631591796875
0.00372314453124999 0.40447998046875 -0.07916259765625 0.183197021484375
0.10784912109375 0.361846923828125 -0.053314208984375 -0.0282859802246094
0.211288452148437 0.251113891601563 -0.1600341796875 -0.0894622802734375
0.246917724609375 0.133651733398438 -0.2462158203125 -0.037750244140625
0.31414794921875 -0.0064697265625 -0.301788330078125 0.03424072265625
0.2650146484375 -0.107559204101562 -0.31671142578125 0.110870361328125
0.24725341796875 -0.111129760742188 -0.29486083984375 0.119537353515625
0.273971557617188 -0.130950927734375 -0.285400390625 0.09930419921875
0.28411865234375 -0.0693359375 -0.266372680664062 0.00680541992187504
0.285125732421875 0.07073974609375 -0.220428466796875 -0.02972412109375
0.245941162109375 0.151016235351562 -0.109451293945312 -0.0693206787109375
0.125701904296875 0.302276611328125 0.0258712768554688 -0.0341777801513672
0.06158447265625 0.397674560546875 0.116867065429688 0.122093200683594
-0.033355712890625 0.423065185546875 0.06280517578125 0.2197265625
0.0105133056640625 0.260894775390625 -0.327850341796875 0.42059326171875
0.0289306640625 0.211288452148438 -0.095306396484375 0.281646728515625
0.0761871337890625 0.161712646484375 -0.0559959411621094 0.0326118469238281
0.109725952148438 0.0991439819335938 -0.173416137695312 -0.030487060546875
0.121658325195313 0.043792724609375 -0.256912231445313 0.00218200683593749
0.15496826171875 -0.029571533203125 -0.3375244140625 0.086761474609375
0.114921569824219 -0.0793685913085938 -0.3634033203125 0.17596435546875
0.102165222167969 -0.0880355834960938 -0.342437744140625 0.17901611328125
0.113800048828125 -0.0952224731445313 -0.338348388671875 0.136199951171875
0.11749267578125 -0.0631942749023438 -0.31439208984375 0.0274658203125
0.121589660644531 0.003143310546875 -0.226058959960938 -0.0307464599609375
0.112625122070313 0.02020263671875 -0.104103088378906 -0.0569686889648438
0.105079650878906 0.105453491210938 0.0298023223876953 0.0163822174072266
0.107681274414062 0.195968627929687 0.09820556640625 0.216461181640625
0.0438995361328125 0.252639770507813 -0.00473022460937499 0.3505859375
-0.150787353515625 -0.0537872314453125 -0.05615234375 -0.4068603515625
-0.194915771484375 0.064971923828125 -0.110275268554688 -0.256820678710938
-0.11639404296875 0.15631103515625 -0.0595779418945313 -0.0191917419433594
-0.014984130859375 0.159133911132813 0.0652351379394531 0.0594902038574219
0.0495681762695313 0.130966186523438 0.171707153320312 0.0593109130859375
0.0866775512695313 0.0847015380859375 0.297271728515625 -0.046661376953125
0.0997085571289063 0.0394439697265625 0.33819580078125 -0.182708740234375
0.0750656127929688 0.040985107421875 0.301422119140625 -0.226226806640625
0.059661865234375 0.0387115478515625 0.3074951171875 -0.222381591796875
0.0387420654296875 0.0307655334472656 0.313079833984375 -0.15106201171875
0.022216796875 0.0206794738769531 0.229705810546875 -0.0972747802734375
0.0230503082275391 0.0281963348388672 0.147216796875 -0.069305419921875
-0.00766944885253906 0.0239181518554688 0.0895919799804688 -0.136024475097656
-0.0495491027832031 -0.00335693359375 0.073944091796875 -0.33172607421875
-0.03460693359375 -0.0608329772949219 0.36798095703125 -0.486297607421875
-0.204116821289062 0.161483764648438 -0.0594482421875 -0.40899658203125
-0.22479248046875 0.2423095703125 -0.096893310546875 -0.273666381835938
-0.113037109375 0.34259033203125 -0.0744857788085937 -0.0615768432617187
0.063140869140625 0.314178466796875 0.0237483978271484 0.0188865661621094
0.16815185546875 0.226974487304688 0.109458923339844 0.046417236328125
0.249053955078125 0.0963897705078125 0.23529052734375 -0.0413055419921875
0.247268676757813 -0.00897216796875 0.278244018554688 -0.172958374023438
0.215133666992187 -0.0107879638671875 0.24554443359375 -0.226806640625
0.213134765625 -0.02978515625 0.249038696289062 -0.228546142578125
0.199127197265625 -0.0098724365234375 0.2598876953125 -0.181503295898438
0.1885986328125 0.0509490966796875 0.175643920898438 -0.123916625976562
0.175827026367188 0.10968017578125 0.115127563476563 -0.107498168945313
0.073089599609375 0.200637817382812 0.07293701171875 -0.179931640625
-0.0213623046875 0.22418212890625 0.075775146484375 -0.357818603515625
-0.0655670166015625 0.165115356445312 0.35504150390625 -0.509368896484375
-0.23333740234375 0.353118896484375 -0.09808349609375 -0.350494384765625
-0.224517822265625 0.391815185546875 -0.0891876220703125 -0.246505737304688
-0.094024658203125 0.488616943359375 -0.0809173583984375 -0.1016845703125
0.1318359375 0.431304931640625 -0.020599365234375 -0.0363082885742187
0.2618408203125 0.296142578125 0.0301494598388672 0.0144119262695313
0.378021240234375 0.104339599609375 0.136215209960938 -0.042510986328125
0.36260986328125 -0.052978515625 0.17510986328125 -0.144287109375
0.324859619140625 -0.06298828125 0.151885986328125 -0.1917724609375
0.3389892578125 -0.1009521484375 0.161087036132813 -0.194473266601563
0.33599853515625 -0.06158447265625 0.170654296875 -0.180618286132813
0.3399658203125 0.065521240234375 0.0966567993164063 -0.128486633300781
0.31756591796875 0.175872802734375 0.065093994140625 -0.127120971679688
0.15081787109375 0.352508544921875 0.05078125 -0.197219848632812
0.01837158203125 0.417877197265625 0.080230712890625 -0.334930419921875
-0.080291748046875 0.36358642578125 0.322784423828125 -0.45599365234375
-0.2169189453125 0.497894287109375 -0.1473388671875 -0.232925415039062
-0.1790771484375 0.506988525390625 -0.085052490234375 -0.176025390625
-0.032470703125 0.57598876953125 -0.0783920288085938 -0.117866516113281
0.20526123046875 0.482513427734375 -0.0610427856445312 -0.0927734375
0.32958984375 0.315399169921875 -0.0561637878417969 -0.0254631042480469
0.456939697265625 0.089691162109375 0.0127944946289063 -0.0419158935546875
0.422027587890625 -0.09051513671875 0.0442657470703125 -0.0941925048828125
0.38555908203125 -0.106353759765625 0.0336456298828125 -0.125350952148438
0.410064697265625 -0.155975341796875 0.0484619140625 -0.128059387207031
0.4241943359375 -0.10333251953125 0.0567474365234375 -0.145187377929688
0.4444580078125 0.07000732421875 0.000183105468750033 -0.108985900878906
0.417816162109375 0.213775634765625 0.00641632080078128 -0.127670288085938
0.21142578125 0.452392578125 0.0325927734375 -0.189285278320312
0.05609130859375 0.547088623046875 0.09326171875 -0.263412475585937
-0.0804748535156251 0.5018310546875 0.274169921875 -0.333587646484375
-0.16741943359375 0.57086181640625 -0.202072143554688 -0.0722808837890624
-0.1015625 0.553924560546875 -0.0800704956054688 -0.0710372924804687
0.0537109375 0.5799560546875 -0.0714035034179687 -0.112655639648437
0.2652587890625 0.456756591796875 -0.106910705566406 -0.121780395507812
0.356903076171875 0.276580810546875 -0.14215087890625 -0.05206298828125
0.470123291015625 0.049468994140625 -0.114280700683594 -0.0296096801757812
0.41754150390625 -0.12152099609375 -0.0942916870117187 -0.0289840698242187
0.386810302734375 -0.13507080078125 -0.0884170532226562 -0.0401687622070313
0.417694091796875 -0.1842041015625 -0.07501220703125 -0.0420379638671875
0.440948486328125 -0.124420166015625 -0.0681686401367187 -0.0875701904296875
0.46966552734375 0.0672607421875 -0.098114013671875 -0.0694580078125
0.437774658203125 0.221038818359375 -0.0493316650390625 -0.107856750488281
0.230926513671875 0.476837158203125 0.0190582275390625 -0.152862548828125
0.07916259765625 0.584228515625 0.108734130859375 -0.149429321289062
-0.0667724609375 0.5567626953125 0.209747314453125 -0.161041259765625
-0.09527587890625 0.55712890625 -0.246246337890625 0.11181640625
-0.01165771484375 0.514739990234375 -0.076141357421875 0.0511627197265625
0.125732421875 0.494659423828125 -0.068511962890625 -0.0831756591796875
0.279388427734375 0.352813720703125 -0.145156860351562 -0.117950439453125
0.33123779296875 0.1929931640625 -0.2078857421875 -0.0462493896484375
0.40924072265625 0.00079345703125 -0.222976684570313 0.00378417968750004
0.35284423828125 -0.13580322265625 -0.2177734375 0.046600341796875
0.32928466796875 -0.141693115234375 -0.20343017578125 0.0476226806640625
0.359527587890625 -0.17889404296875 -0.187774658203125 0.0450286865234375
0.380279541015625 -0.1156005859375 -0.182327270507812 -0.0252532958984375
0.40673828125 0.06231689453125 -0.177520751953125 -0.0331573486328125
0.37445068359375 0.190704345703125 -0.0959243774414062 -0.0847015380859375
0.198974609375 0.41302490234375 0.0167694091796875 -0.0992507934570312
0.089111328125 0.520050048828125 0.120002746582031 -0.019195556640625
-0.038787841796875 0.52423095703125 0.1400146484375 0.0240325927734375
-0.01953125 0.44488525390625 -0.279541015625 0.28826904296875
0.04449462890625 0.389556884765625 -0.0760040283203125 0.169921875
0.14422607421875 0.335357666015625 -0.0664596557617187 -0.02984619140625
0.22845458984375 0.212448120117187 -0.173995971679688 -0.0765991210937499
0.2479248046875 0.0986328125 -0.246017456054687 -0.0169677734375
0.29547119140625 -0.040496826171875 -0.292633056640625 0.0540771484375
0.23992919921875 -0.129348754882813 -0.30126953125 0.12646484375
0.221466064453125 -0.1300048828125 -0.28326416015625 0.131988525390625
0.242950439453125 -0.14990234375 -0.275146484375 0.112777709960938
0.254791259765625 -0.09429931640625 -0.265655517578125 0.0213470458984375
0.273330688476563 0.0354766845703125 -0.22076416015625 -0.015045166015625
0.246429443359375 0.115890502929688 -0.114768981933594 -0.064483642578125
0.149948120117188 0.272140502929688 0.0188407897949219 -0.0451278686523437
0.10125732421875 0.371826171875 0.118003845214844 0.0999755859375
0.0101318359375 0.4095458984375 0.071868896484375 0.197525024414063
0.04595947265625 0.260284423828125 -0.299407958984375 0.42364501953125
0.05810546875 0.206161499023438 -0.0810394287109375 0.2698974609375
0.102462768554688 0.146987915039063 -0.0628471374511719 0.0330238342285156
0.121894836425781 0.0774765014648438 -0.17926025390625 -0.0146026611328125
0.122909545898438 0.0218124389648438 -0.248809814453125 0.0251922607421875
0.144027709960938 -0.0524139404296875 -0.317474365234375 0.10662841796875
0.0947189331054688 -0.0947036743164063 -0.34014892578125 0.1962890625
0.0796737670898438 -0.0970077514648438 -0.31988525390625 0.1953125
0.0899505615234375 -0.104652404785156 -0.3201904296875 0.152740478515625
0.0941848754882812 -0.0750045776367188 -0.303802490234375 0.043792724609375
0.108879089355469 -0.0190582275390625 -0.222137451171875 -0.0150604248046875
0.105262756347656 -0.003326416015625 -0.104721069335938 -0.05389404296875
0.119476318359375 0.0815887451171875 0.0321426391601563 0.00465393066406251
0.135009765625 0.172744750976563 0.110549926757813 0.193313598632813
0.0750885009765625 0.24151611328125 0.02130126953125 0.330047607421875
-0.16912841796875 -0.04522705078125 -0.07598876953125 -0.381683349609375
-0.1983642578125 0.0867462158203125 -0.119155883789062 -0.2320556640625
-0.107376098632812 0.173782348632813 -0.05902099609375 -0.00994873046874999
1.52587890625056E-05 0.1708984375 0.0669746398925781 0.0609550476074219
0.06805419921875 0.132965087890625 0.16729736328125 0.056121826171875
0.1038818359375 0.080322265625 0.282989501953125 -0.05194091796875
0.112503051757813 0.0323333740234375 0.31561279296875 -0.18939208984375
0.08624267578125 0.0395736694335937 0.27783203125 -0.230056762695313
0.0717010498046875 0.0386962890625 0.280593872070313 -0.225723266601562
0.0468177795410156 0.0377006530761719 0.2891845703125 -0.16217041015625
0.0237617492675781 0.0329246520996094 0.211898803710938 -0.109512329101563
0.0157928466796875 0.0360870361328125 0.141998291015625 -0.0803375244140625
-0.0226917266845703 0.0236835479736328 0.08929443359375 -0.13720703125
-0.06646728515625 -0.00415420532226561 0.066680908203125 -0.3175048828125
-0.0537071228027344 -0.0648841857910156 0.342498779296875 -0.483245849609375
-0.209930419921875 0.160507202148438 -0.08929443359375 -0.385284423828125
-0.2197265625 0.251693725585938 -0.111862182617188 -0.250457763671875
-0.099517822265625 0.3477783203125 -0.07916259765625 -0.0542144775390625
0.079437255859375 0.313446044921875 0.0180473327636719 0.0206165313720703
0.1827392578125 0.219772338867188 0.100654602050781 0.046295166015625
0.258346557617188 0.084869384765625 0.218948364257813 -0.0430908203125
0.25103759765625 -0.020233154296875 0.255630493164063 -0.175827026367188
0.21685791015625 -0.017608642578125 0.218704223632812 -0.226654052734375
0.215057373046875 -0.033660888671875 0.223297119140625 -0.22918701171875
0.19512939453125 -0.0103607177734375 0.232223510742188 -0.190597534179688
0.182601928710938 0.051605224609375 0.154220581054688 -0.134429931640625
0.167236328125 0.105636596679687 0.105781555175781 -0.117835998535156
0.062469482421875 0.1890869140625 0.069061279296875 -0.184616088867188
-0.027923583984375 0.211212158203125 0.06524658203125 -0.3509521484375
-0.0706634521484375 0.151214599609375 0.322418212890625 -0.512847900390625
-0.221649169921875 0.34320068359375 -0.125762939453125 -0.329345703125
-0.213531494140625 0.39300537109375 -0.108505249023438 -0.226409912109375
-0.07373046875 0.481842041015625 -0.0907135009765625 -0.0907669067382812
0.14739990234375 0.418182373046875 -0.0308704376220703 -0.0313777923583984
0.270843505859375 0.280838012695313 0.0188674926757813 0.0179519653320313
0.377960205078125 0.084503173828125 0.120811462402344 -0.0384902954101563
0.353515625 -0.066009521484375 0.155044555664063 -0.141708374023438
0.315673828125 -0.072296142578125 0.12640380859375 -0.188720703125
0.326629638671875 -0.10858154296875 0.134490966796875 -0.1949462890625
0.320831298828125 -0.067230224609375 0.142379760742188 -0.186355590820313
0.32904052734375 0.055908203125 0.07421875 -0.134910583496094
0.30828857421875 0.15869140625 0.053985595703125 -0.138710021972656
0.150238037109375 0.3302001953125 0.043609619140625 -0.206298828125
0.024566650390625 0.395782470703125 0.06707763671875 -0.333953857421875
-0.07342529296875 0.3424072265625 0.28692626953125 -0.464141845703125
-0.1944580078125 0.482330322265625 -0.173171997070313 -0.218597412109375
-0.15899658203125 0.492462158203125 -0.104354858398438 -0.163803100585937
-0.0103759765625 0.556884765625 -0.0913314819335937 -0.111717224121094
0.216827392578125 0.458648681640625 -0.0779495239257812 -0.0826873779296875
0.33233642578125 0.294403076171875 -0.0676994323730469 -0.017486572265625
0.4464111328125 0.064544677734375 0.000209808349609404 -0.0340595245361328
0.403961181640625 -0.1063232421875 0.0279617309570313 -0.0893936157226562
0.366058349609375 -0.11724853515625 0.0137252807617188 -0.121498107910156
0.387908935546875 -0.166595458984375 0.0273208618164063 -0.125900268554688
0.39947509765625 -0.116424560546875 0.03045654296875 -0.146621704101563
0.429107666015625 0.0504150390625 -0.019012451171875 -0.108955383300781
0.408966064453125 0.1868896484375 -0.00559234619140622 -0.134559631347656
0.219268798828125 0.423370361328125 0.0201263427734375 -0.198333740234375
0.071746826171875 0.517974853515625 0.0762176513671875 -0.265731811523438
-0.06304931640625 0.478546142578125 0.239990234375 -0.346099853515625
-0.133941650390625 0.551483154296875 -0.219467163085938 -0.0653991699218749
-0.072967529296875 0.53143310546875 -0.0975112915039062 -0.0686492919921875
0.078948974609375 0.55023193359375 -0.087310791015625 -0.108505249023437
0.273651123046875 0.419921875 -0.123443603515625 -0.112434387207031
0.352996826171875 0.2490234375 -0.149871826171875 -0.0384368896484375
0.451019287109375 0.02374267578125 -0.120307922363281 -0.0181732177734375
0.39404296875 -0.134521484375 -0.105392456054687 -0.0213165283203125
0.36248779296875 -0.145782470703125 -0.102149963378906 -0.035308837890625
0.38958740234375 -0.195037841796875 -0.085662841796875 -0.0375747680664063
0.4102783203125 -0.139068603515625 -0.0869064331054687 -0.0829315185546875
0.452667236328125 0.0428466796875 -0.110694885253906 -0.0661163330078125
0.4298095703125 0.18670654296875 -0.0618820190429687 -0.111457824707031
0.242889404296875 0.443084716796875 0.00671386718750001 -0.161819458007812
0.10333251953125 0.552337646484375 0.0928802490234375 -0.15850830078125
-0.04083251953125 0.533416748046875 0.184158325195312 -0.178268432617187
-0.057891845703125 0.535552978515625 -0.254348754882813 0.110855102539063
0.01519775390625 0.491455078125 -0.0875778198242188 0.0449447631835938
0.1485595703125 0.45819091796875 -0.083648681640625 -0.0796661376953125
0.283447265625 0.314422607421875 -0.161895751953125 -0.106414794921875
0.322265625 0.16448974609375 -0.21185302734375 -0.032623291015625
0.387237548828125 -0.024444580078125 -0.219482421875 0.017242431640625
0.324859619140625 -0.148406982421875 -0.21746826171875 0.0561370849609375
0.3018798828125 -0.15228271484375 -0.203872680664062 0.05609130859375
0.328094482421875 -0.18701171875 -0.190719604492188 0.049530029296875
0.347747802734375 -0.129730224609375 -0.190536499023437 -0.0181732177734375
0.38690185546875 0.034027099609375 -0.182388305664062 -0.0262451171875
0.363861083984375 0.15704345703125 -0.103828430175781 -0.0835037231445312
0.214202880859375 0.37982177734375 0.00544738769531252 -0.109939575195312
0.114532470703125 0.48834228515625 0.107078552246094 -0.0344161987304687
-0.00888061523437496 0.499847412109375 0.125495910644531 0.00469970703125003
0.01702880859375 0.43072509765625 -0.273956298828125 0.281890869140625
0.073028564453125 0.37060546875 -0.0802764892578125 0.158798217773438
0.166107177734375 0.304656982421875 -0.0803146362304688 -0.0281829833984375
0.2333984375 0.180618286132813 -0.185272216796875 -0.062408447265625
0.239486694335938 0.0723724365234375 -0.242263793945312 -0.00242614746093747
0.27252197265625 -0.06231689453125 -0.2821044921875 0.066162109375
0.211700439453125 -0.138702392578125 -0.292266845703125 0.13543701171875
0.19464111328125 -0.13671875 -0.275177001953125 0.138656616210937
0.212905883789063 -0.15350341796875 -0.268417358398438 0.119171142578125
0.226119995117188 -0.10455322265625 -0.265106201171875 0.0298919677734375
0.253829956054688 0.0142822265625 -0.21990966796875 -0.00773620605468747
0.237258911132813 0.0872650146484375 -0.118606567382812 -0.063323974609375
0.162399291992188 0.240447998046875 0.0124549865722656 -0.0562324523925781
0.126617431640625 0.340728759765625 0.113349914550781 0.08123779296875
0.038604736328125 0.388427734375 0.07122802734375 0.174636840820313
0.0742950439453125 0.252914428710938 -0.282562255859375 0.417449951171875
0.08270263671875 0.19708251953125 -0.079559326171875 0.257965087890625
0.12158203125 0.129386901855469 -0.074005126953125 0.034759521484375
0.128135681152344 0.0555953979492187 -0.18310546875 0.000259399414062487
0.117156982421875 0.0027618408203125 -0.239288330078125 0.0401611328125
0.124427795410156 -0.0684738159179688 -0.300018310546875 0.11822509765625
0.0722808837890625 -0.10028076171875 -0.3189697265625 0.20245361328125
0.0584030151367187 -0.101203918457031 -0.304107666015625 0.20050048828125
0.0644912719726563 -0.1051025390625 -0.306243896484375 0.158966064453125
0.070220947265625 -0.0796661376953125 -0.29608154296875 0.05255126953125
0.0924224853515625 -0.0325927734375 -0.216827392578125 -0.00843811035156247
0.0943450927734375 -0.0221481323242188 -0.106742858886719 -0.0514450073242187
0.124755859375 0.054840087890625 0.0289096832275391 -0.00683975219726562
0.1519775390625 0.144439697265625 0.11279296875 0.170196533203125
0.100418090820312 0.224441528320312 0.032440185546875 0.306884765625
-0.189773559570313 -0.034942626953125 -0.083770751953125 -0.35906982421875
-0.20135498046875 0.10882568359375 -0.119659423828125 -0.212310791015625
-0.0993194580078125 0.192291259765625 -0.0570068359375 -0.00308990478515625
0.0169677734375 0.18170166015625 0.0675201416015625 0.0623893737792969
0.0853195190429688 0.134429931640625 0.16461181640625 0.05499267578125
0.122421264648438 0.0733108520507813 0.276519775390625 -0.05255126953125
0.127098083496094 0.0227127075195312 0.304107666015625 -0.189666748046875
0.0993499755859375 0.0351486206054687 0.264068603515625 -0.227371215820312
0.0861663818359375 0.0368804931640625 0.266357421875 -0.223785400390625
0.0583992004394531 0.0426712036132813 0.2724609375 -0.1668701171875
0.0279541015625 0.0462989807128906 0.198028564453125 -0.117782592773437
0.0108451843261719 0.0480766296386719 0.137962341308594 -0.0894012451171875
-0.0393180847167969 0.0301589965820312 0.0941314697265625 -0.14129638671875
-0.0865020751953125 0.000114440917968754 0.0712890625 -0.3095703125
-0.0745315551757813 -0.0674896240234375 0.333404541015625 -0.485137939453125
-0.223037719726563 0.163040161132813 -0.10430908203125 -0.36279296875
-0.219375610351563 0.267959594726563 -0.118270874023437 -0.230026245117188
-0.089874267578125 0.36041259765625 -0.081451416015625 -0.0454788208007812
0.09552001953125 0.317413330078125 0.0138816833496094 0.0265426635742188
0.197189331054688 0.21600341796875 0.0945358276367188 0.0505752563476563
0.270950317382813 0.0742034912109375 0.210601806640625 -0.0387725830078125
0.259414672851563 -0.0303955078125 0.2421875 -0.172271728515625
0.223251342773437 -0.0222930908203125 0.201126098632812 -0.222320556640625
0.2216796875 -0.0372314453125 0.204833984375 -0.225860595703125
0.198150634765625 -0.0071563720703125 0.21099853515625 -0.19354248046875
0.18157958984375 0.058197021484375 0.13665771484375 -0.140365600585938
0.159774780273438 0.109466552734375 0.0963287353515625 -0.128402709960938
0.0478973388671875 0.187088012695312 0.0665740966796875 -0.192672729492188
-0.040924072265625 0.206756591796875 0.061981201171875 -0.34698486328125
-0.0858917236328125 0.141555786132813 0.304595947265625 -0.514251708984375
-0.225372314453125 0.338775634765625 -0.14666748046875 -0.308807373046875
-0.208709716796875 0.397979736328125 -0.120010375976562 -0.209548950195313
-0.063934326171875 0.484375 -0.0979766845703125 -0.0817947387695312
0.160003662109375 0.415557861328125 -0.0406417846679687 -0.0225677490234375
0.280471801757813 0.27362060546875 0.0100574493408203 0.0266227722167969
0.382354736328125 0.071441650390625 0.111083984375 -0.0300445556640625
0.354583740234375 -0.0767822265625 0.139785766601563 -0.135047912597656
0.3143310546875 -0.077789306640625 0.107818603515625 -0.18292236328125
0.32501220703125 -0.112823486328125 0.115478515625 -0.19073486328125
0.31549072265625 -0.068817138671875 0.119613647460938 -0.187240600585938
0.3232421875 0.054046630859375 0.0558929443359375 -0.138023376464844
0.300994873046875 0.15325927734375 0.04180908203125 -0.147171020507813
0.141571044921875 0.321319580078125 0.0356292724609375 -0.215911865234375
0.01861572265625 0.384765625 0.057769775390625 -0.33599853515625
-0.0804443359375 0.328948974609375 0.262481689453125 -0.471527099609375
-0.18853759765625 0.4696044921875 -0.1964111328125 -0.203414916992188
-0.15277099609375 0.4859619140625 -0.120452880859375 -0.152053833007813
-0.00228881835937497 0.546234130859375 -0.103736877441406 -0.103485107421875
0.224212646484375 0.445648193359375 -0.0923538208007812 -0.0711669921875
0.33416748046875 0.282379150390625 -0.079193115234375 -0.00531005859374998
0.43988037109375 0.049346923828125 -0.00846481323242185 -0.0224475860595703
0.396331787109375 -0.115203857421875 0.0145950317382813 -0.0808486938476563
0.357818603515625 -0.12225341796875 -0.00261688232421874 -0.114768981933594
0.37835693359375 -0.1707763671875 0.00968933105468753 -0.120681762695313
0.384521484375 -0.1195068359375 0.00801086425781253 -0.144256591796875
0.42041015625 0.041168212890625 -0.0374832153320312 -0.108314514160156
0.400604248046875 0.172821044921875 -0.0198516845703125 -0.141571044921875
0.216583251953125 0.408294677734375 0.00804138183593753 -0.208892822265625
0.075714111328125 0.5013427734375 0.063232421875 -0.2706298828125
-0.060546875 0.461212158203125 0.21429443359375 -0.3544921875
-0.1170654296875 0.533172607421875 -0.240768432617188 -0.0556640624999999
-0.061676025390625 0.516143798828125 -0.115432739257813 -0.0640869140625
0.08636474609375 0.529296875 -0.103790283203125 -0.103363037109375
0.27435302734375 0.39862060546875 -0.140510559082031 -0.10015869140625
0.34674072265625 0.234619140625 -0.159194946289062 -0.026763916015625
0.434356689453125 0.009429931640625 -0.126762390136719 -0.00689697265625002
0.38037109375 -0.14166259765625 -0.11334228515625 -0.0131454467773438
0.34710693359375 -0.1492919921875 -0.113990783691406 -0.0283279418945313
0.37335205078125 -0.198211669921875 -0.0987472534179687 -0.031890869140625
0.3887939453125 -0.143951416015625 -0.105270385742187 -0.0779876708984375
0.43841552734375 0.027435302734375 -0.125679016113281 -0.0606842041015625
0.42193603515625 0.166046142578125 -0.07611083984375 -0.1153564453125
0.243865966796875 0.423431396484375 -0.00747680664062498 -0.171371459960937
0.113006591796875 0.529693603515625 0.0778656005859375 -0.1656494140625
-0.031341552734375 0.514892578125 0.161468505859375 -0.190689086914062
-0.034393310546875 0.516693115234375 -0.2706298828125 0.1146240234375
0.032623291015625 0.470489501953125 -0.104667663574219 0.0425491333007813
0.158660888671875 0.430389404296875 -0.101058959960937 -0.076171875
0.282196044921875 0.289825439453125 -0.178024291992187 -0.0924835205078125
0.310546875 0.1475830078125 -0.21661376953125 -0.0211944580078125
0.36639404296875 -0.038482666015625 -0.221633911132812 0.0258331298828125
0.30474853515625 -0.1529541015625 -0.221160888671875 0.0630035400390625
0.282257080078125 -0.153411865234375 -0.209732055664062 0.062408447265625
0.307342529296875 -0.19012451171875 -0.196929931640625 0.056976318359375
0.32391357421875 -0.13458251953125 -0.20318603515625 -0.0112457275390625
0.36962890625 0.01910400390625 -0.191925048828125 -0.019439697265625
0.353607177734375 0.135009765625 -0.114402770996094 -0.0849761962890625
0.21875 0.3558349609375 -0.00882720947265623 -0.118339538574219
0.129974365234375 0.46142578125 0.0943069458007813 -0.0440521240234375
0.00787353515624996 0.481781005859375 0.108406066894531 -0.00814056396484372
0.04339599609375 0.4144287109375 -0.282196044921875 0.28057861328125
0.09271240234375 0.3515625 -0.0941009521484375 0.152145385742188
0.177978515625 0.279022216796875 -0.0966720581054687 -0.0248031616210938
0.231338500976563 0.155517578125 -0.195755004882813 -0.0485687255859375
0.227218627929688 0.0560150146484375 -0.240921020507812 0.00929260253906251
0.250396728515625 -0.0738372802734375 -0.27606201171875 0.07305908203125
0.188491821289063 -0.1402587890625 -0.2886962890625 0.140045166015625
0.173629760742188 -0.135787963867188 -0.27337646484375 0.144058227539062
0.190780639648438 -0.152267456054688 -0.269088745117188 0.123855590820312
0.202011108398438 -0.105743408203125 -0.26947021484375 0.0361938476562499
0.235427856445313 0.0006561279296875 -0.223983764648437 -0.000564575195312477
0.2237548828125 0.0677642822265625 -0.126235961914063 -0.0638961791992188
0.165435791015625 0.215484619140625 0.00276184082031251 -0.0644073486328125
0.14056396484375 0.313385009765625 0.104896545410156 0.0679702758789063
0.0572509765625 0.370574951171875 0.061279296875 0.159088134765625
0.0997161865234375 0.243942260742188 -0.281524658203125 0.41473388671875
0.102325439453125 0.185791015625 -0.0872039794921875 0.24957275390625
0.135772705078125 0.110198974609375 -0.0860748291015625 0.0398025512695313
0.12908935546875 0.0341567993164063 -0.187942504882813 0.0147705078125
0.109764099121094 -0.0133438110351562 -0.23095703125 0.04998779296875
0.105308532714844 -0.0796432495117188 -0.2891845703125 0.12261962890625
0.05084228515625 -0.100799560546875 -0.3087158203125 0.20343017578125
0.03900146484375 -0.0984268188476562 -0.29559326171875 0.202484130859375
0.0440597534179688 -0.0999221801757812 -0.301513671875 0.161712646484375
0.0487289428710938 -0.0779266357421875 -0.2947998046875 0.0587158203125
0.0729904174804688 -0.0401458740234375 -0.216293334960938 -0.00416564941406254
0.07904052734375 -0.0360565185546875 -0.110893249511719 -0.0529632568359375
0.123390197753906 0.0311050415039063 0.0232334136962891 -0.0163536071777344
0.163253784179688 0.11822509765625 0.108306884765625 0.153411865234375
0.11871337890625 0.207794189453125 0.03240966796875 0.288848876953125
-0.211700439453125 -0.017852783203125 -0.087615966796875 -0.3436279296875
-0.200958251953125 0.13702392578125 -0.118316650390625 -0.197433471679688
-0.086181640625 0.214141845703125 -0.0538291931152344 0.00312423706054688
0.0380859375 0.192657470703125 0.0720443725585938 0.0648422241210938
0.107650756835938 0.133247375488281 0.166885375976562 0.056549072265625
0.142547607421875 0.060546875 0.2784423828125 -0.0543670654296875
0.142257690429688 0.0081787109375 0.300628662109375 -0.19403076171875
0.113601684570313 0.026580810546875 0.258377075195313 -0.229095458984375
0.102684020996094 0.0304412841796875 0.25970458984375 -0.225418090820313
0.0730667114257813 0.0445785522460938 0.261871337890625 -0.172225952148438
0.0374794006347656 0.0583457946777344 0.186080932617188 -0.1253662109375
0.0102653503417969 0.063262939453125 0.135414123535156 -0.100883483886719
-0.0550003051757813 0.0433540344238281 0.0987548828125 -0.152084350585938
-0.108039855957031 0.011962890625 0.0777587890625 -0.313812255859375
-0.09918212890625 -0.0645370483398438 0.332427978515625 -0.495758056640625
-0.239761352539062 0.177047729492188 -0.116546630859375 -0.344146728515625
-0.219146728515625 0.29156494140625 -0.121841430664063 -0.214202880859375
-0.076751708984375 0.379638671875 -0.084228515625 -0.0370712280273438
0.117218017578125 0.32525634765625 0.0122432708740234 0.0332565307617188
0.218948364257813 0.213241577148437 0.0920486450195313 0.0580825805664063
0.288421630859375 0.059661865234375 0.210006713867188 -0.0341644287109375
0.271957397460938 -0.046051025390625 0.235946655273438 -0.171112060546875
0.234939575195313 -0.03192138671875 0.190750122070313 -0.219970703125
0.234664916992188 -0.0457305908203125 0.1927490234375 -0.224822998046875
0.207656860351562 -0.0080413818359375 0.1943359375 -0.196609497070313
0.190032958984375 0.06524658203125 0.120529174804688 -0.145294189453125
0.158706665039063 0.118453979492187 0.086578369140625 -0.139938354492187
0.0357513427734375 0.195480346679688 0.063201904296875 -0.205535888671875
-0.056304931640625 0.213623046875 0.05987548828125 -0.35491943359375
-0.106521606445312 0.142715454101563 0.29345703125 -0.52923583984375
-0.235321044921875 0.345794677734375 -0.165802001953125 -0.289306640625
-0.208160400390625 0.415008544921875 -0.129974365234375 -0.193283081054688
-0.05462646484375 0.4984130859375 -0.106185913085938 -0.0722503662109375
0.177764892578125 0.419342041015625 -0.0493431091308594 -0.0108718872070312
0.297119140625 0.270843505859375 0.0035514831542969 0.0392265319824219
0.393890380859375 0.057464599609375 0.107353210449219 -0.0195159912109375
0.362091064453125 -0.091094970703125 0.130912780761719 -0.128761291503906
0.32061767578125 -0.086639404296875 0.093170166015625 -0.177505493164063
0.33154296875 -0.122039794921875 0.100631713867188 -0.186279296875
0.318572998046875 -0.07196044921875 0.098052978515625 -0.18621826171875
0.32904052734375 0.0543212890625 0.036834716796875 -0.139144897460938
0.300445556640625 0.154022216796875 0.0259857177734375 -0.156723022460938
0.1357421875 0.325286865234375 0.0235137939453125 -0.230453491210937
0.011993408203125 0.386962890625 0.047637939453125 -0.34466552734375
-0.093170166015625 0.327606201171875 0.243988037109375 -0.483795166015625
-0.190185546875 0.469207763671875 -0.220901489257812 -0.183700561523438
-0.15020751953125 0.49249267578125 -0.137046813964844 -0.137466430664062
0.005340576171875 0.5516357421875 -0.117759704589844 -0.0935745239257812
0.234954833984375 0.445404052734375 -0.106689453125 -0.0571212768554687
0.342193603515625 0.278717041015625 -0.0882644653320312 0.00946807861328126
0.4453125 0.037689208984375 -0.0139074325561523 -0.00951957702636719
0.397918701171875 -0.1260986328125 0.00463104248046878 -0.0707321166992188
0.356903076171875 -0.12957763671875 -0.0177383422851562 -0.105857849121094
0.378143310546875 -0.179534912109375 -0.00541687011718748 -0.113533020019531
0.3824462890625 -0.12451171875 -0.0139923095703125 -0.1392822265625
0.42041015625 0.033966064453125 -0.0567550659179687 -0.103996276855469
0.400299072265625 0.166290283203125 -0.0390625 -0.147491455078125
0.2166748046875 0.40594482421875 -0.00885009765624998 -0.2203369140625
0.078125 0.499359130859375 0.0485382080078125 -0.279983520507812
-0.064971923828125 0.457855224609375 0.19049072265625 -0.367706298828125
-0.1102294921875 0.52679443359375 -0.266754150390625 -0.0388946533203124
-0.0555725097656249 0.51190185546875 -0.135787963867188 -0.053131103515625
0.093231201171875 0.522674560546875 -0.1217041015625 -0.0938186645507812
0.27789306640625 0.390167236328125 -0.1571044921875 -0.084320068359375
0.346466064453125 0.228057861328125 -0.169509887695312 -0.0113677978515625
0.43023681640625 9.1552734375E-05 -0.133537292480469 0.00690460205078128
0.37335205078125 -0.148529052734375 -0.123703002929687 -0.00162506103515628
0.34027099609375 -0.154144287109375 -0.127922058105469 -0.01776123046875
0.36602783203125 -0.205078125 -0.112602233886719 -0.0219345092773438
0.379669189453125 -0.149017333984375 -0.126014709472656 -0.0687179565429688
0.435150146484375 0.0162353515625 -0.142990112304687 -0.0526123046875
0.41925048828125 0.155487060546875 -0.0949249267578125 -0.117584228515625
0.248748779296875 0.41424560546875 -0.0262908935546875 -0.180816650390625
0.12158203125 0.5218505859375 0.06207275390625 -0.173324584960938
-0.026123046875 0.50787353515625 0.137771606445313 -0.201400756835937
-0.01800537109375 0.504547119140625 -0.293487548828125 0.12799072265625
0.0450439453125 0.45745849609375 -0.1263427734375 0.0484161376953125
0.165191650390625 0.414031982421875 -0.121253967285156 -0.0675201416015625
0.281768798828125 0.272308349609375 -0.19488525390625 -0.0756378173828125
0.3043212890625 0.13714599609375 -0.2242431640625 -0.00695800781250003
0.353118896484375 -0.048004150390625 -0.225967407226562 0.0377349853515625
0.29144287109375 -0.156341552734375 -0.228561401367187 0.07476806640625
0.270187377929688 -0.15484619140625 -0.220108032226563 0.073760986328125
0.29412841796875 -0.191192626953125 -0.207351684570312 0.0673370361328124
0.30816650390625 -0.13623046875 -0.218887329101562 -0.000228881835937498
0.35955810546875 0.007904052734375 -0.20501708984375 -0.00914001464843751
0.3470458984375 0.120208740234375 -0.130729675292969 -0.08441162109375
0.223114013671875 0.34063720703125 -0.0259170532226562 -0.125640869140625
0.14154052734375 0.446075439453125 0.08026123046875 -0.0521621704101562
0.01849365234375 0.47149658203125 0.0889816284179688 -0.0175247192382812
0.0670166015625 0.401153564453125 -0.298614501953125 0.291839599609375
0.10992431640625 0.33612060546875 -0.113479614257812 0.1553955078125
0.1881103515625 0.257003784179688 -0.114448547363281 -0.0153961181640625
0.229339599609375 0.134323120117188 -0.20745849609375 -0.031219482421875
0.217361450195313 0.043182373046875 -0.242767333984375 0.0218505859375
0.232376098632813 -0.0824127197265625 -0.27740478515625 0.0815429687499999
0.17059326171875 -0.140365600585938 -0.29241943359375 0.14898681640625
0.15765380859375 -0.133392333984375 -0.279937744140625 0.154296875
0.174758911132813 -0.149200439453125 -0.275833129882813 0.134475708007813
0.183700561523438 -0.103683471679688 -0.280502319335938 0.0472717285156251
0.220046997070313 -0.0067291259765625 -0.23309326171875 0.00895690917968745
0.2110595703125 0.0543212890625 -0.139297485351563 -0.0624313354492187
0.165679931640625 0.195831298828125 -0.010498046875 -0.071563720703125
0.151092529296875 0.29083251953125 0.0944137573242188 0.0600128173828125
0.073211669921875 0.355255126953125 0.0488433837890625 0.15185546875
0.126556396484375 0.232498168945312 -0.2869873046875 0.425384521484375
0.12176513671875 0.172805786132813 -0.100875854492187 0.252975463867188
0.148468017578125 0.0899200439453125 -0.0987701416015625 0.0505752563476562
0.128105163574219 0.0137710571289063 -0.192657470703125 0.03167724609375
0.0999603271484375 -0.0274810791015625 -0.226318359375 0.060150146484375
0.08660888671875 -0.0867996215820313 -0.283447265625 0.128448486328125
0.030242919921875 -0.0972976684570313 -0.307220458984375 0.20977783203125
0.0215301513671875 -0.0923919677734375 -0.29638671875 0.209503173828125
0.0258255004882812 -0.0913467407226563 -0.304168701171875 0.1689453125
0.0295181274414063 -0.07073974609375 -0.299652099609375 0.06585693359375
0.0532722473144531 -0.0429039001464844 -0.221603393554688 0.000442504882812507
0.0607109069824219 -0.0462532043457031 -0.119979858398438 -0.0529022216796875
0.119041442871094 0.0081634521484375 0.0146217346191406 -0.0250473022460937
0.17083740234375 0.0911407470703125 0.1031494140625 0.1427001953125
0.136917114257813 0.19024658203125 0.028045654296875 0.280166625976563
-0.232467651367187 0.0104217529296875 -0.0908203125 -0.333709716796875
-0.192413330078125 0.169769287109375 -0.116378784179688 -0.186508178710938
-0.0642852783203125 0.236114501953125 -0.0504074096679688 0.00903701782226565
0.06732177734375 0.198593139648438 0.0798721313476563 0.0657577514648438
0.133819580078125 0.125801086425781 0.173751831054688 0.0551300048828125
0.16217041015625 0.0399627685546875 0.28460693359375 -0.06243896484375
0.155532836914062 -0.0141448974609375 0.30108642578125 -0.20684814453125
0.127914428710938 0.011199951171875 0.254013061523438 -0.2391357421875
0.119758605957031 0.0165863037109375 0.254013061523438 -0.23431396484375
0.0905303955078125 0.0406875610351563 0.252197265625 -0.183151245117188
0.053375244140625 0.0672340393066406 0.174118041992188 -0.135818481445313
0.0166854858398438 0.079986572265625 0.129966735839844 -0.116218566894531
-0.0665855407714844 0.0634117126464844 0.0994415283203125 -0.169097900390625
-0.126800537109375 0.0330123901367187 0.0791015625 -0.329010009765625
-0.125823974609375 -0.0523300170898438 0.324371337890625 -0.5277099609375
-0.255111694335938 0.2047119140625 -0.128021240234375 -0.32720947265625
-0.2083740234375 0.325775146484375 -0.125808715820313 -0.199600219726562
-0.0517578125 0.4039306640625 -0.0867538452148438 -0.0269393920898437
0.150054931640625 0.330657958984375 0.0139694213867188 0.0415306091308594
0.247100830078125 0.204238891601562 0.0952835083007813 0.0653152465820313
0.307373046875 0.034759521484375 0.214691162109375 -0.0332794189453125
0.283660888671875 -0.0726318359375 0.232040405273438 -0.175827026367187
0.247726440429688 -0.0505523681640625 0.181076049804688 -0.222396850585938
0.250228881835938 -0.064361572265625 0.182464599609375 -0.227752685546875
0.222366333007813 -0.015838623046875 0.177719116210938 -0.201812744140625
0.205307006835938 0.0677947998046875 0.103134155273438 -0.15020751953125
0.166580200195312 0.1280517578125 0.0717010498046875 -0.153152465820313
0.0302734375 0.212326049804688 0.052978515625 -0.22332763671875
-0.066864013671875 0.232421875 0.050079345703125 -0.37042236328125
-0.12744140625 0.155059814453125 0.2735595703125 -0.5546875
-0.24334716796875 0.3687744140625 -0.184036254882813 -0.265792846679688
-0.198394775390625 0.442962646484375 -0.1402587890625 -0.175323486328125
-0.0319213867187499 0.521728515625 -0.114295959472656 -0.059234619140625
0.20916748046875 0.424072265625 -0.0538406372070312 0.00366973876953127
0.32391357421875 0.263336181640625 0.00197601318359377 0.0541610717773438
0.410858154296875 0.032928466796875 0.109085083007813 -0.0106582641601562
0.37164306640625 -0.116729736328125 0.125961303710938 -0.1246337890625
0.329803466796875 -0.106109619140625 0.0805206298828125 -0.172760009765625
0.34100341796875 -0.143768310546875 0.0866851806640625 -0.183013916015625
0.3270263671875 -0.083160400390625 0.0770721435546875 -0.184356689453125
0.34271240234375 0.048095703125 0.015350341796875 -0.137825012207031
0.311492919921875 0.154510498046875 0.00520324707031251 -0.166030883789063
0.13885498046875 0.336334228515625 0.00469970703125002 -0.244964599609375
0.0123291015625 0.401580810546875 0.029632568359375 -0.35809326171875
-0.10357666015625 0.339324951171875 0.214996337890625 -0.505828857421875
-0.188720703125 0.483306884765625 -0.24334716796875 -0.1558837890625
-0.1409912109375 0.51043701171875 -0.151947021484375 -0.117691040039062
0.0223388671875 0.5672607421875 -0.132553100585938 -0.0786895751953125
0.25982666015625 0.44659423828125 -0.118515014648437 -0.037017822265625
0.361907958984375 0.271484375 -0.0944671630859375 0.029541015625
0.45489501953125 0.01763916015625 -0.0157089233398437 0.00600719451904297
0.40167236328125 -0.147705078125 -0.00283432006835935 -0.0592117309570313
0.360931396484375 -0.146392822265625 -0.0320053100585937 -0.094085693359375
0.38226318359375 -0.200439453125 -0.0203628540039062 -0.103782653808594
0.384185791015625 -0.1387939453125 -0.0367507934570312 -0.12969970703125
0.430755615234375 0.020660400390625 -0.0776214599609375 -0.0949859619140625
0.41119384765625 0.15771484375 -0.0631256103515625 -0.14935302734375
0.2283935546875 0.410980224609375 -0.0341949462890625 -0.230697631835937
0.08868408203125 0.507568359375 0.026519775390625 -0.29052734375
-0.0646667480468751 0.466827392578125 0.1600341796875 -0.384246826171875
-0.097625732421875 0.529449462890625 -0.291259765625 -0.00851440429687502
-0.0421142578125 0.516845703125 -0.155303955078125 -0.0342559814453125
0.106201171875 0.524993896484375 -0.140899658203125 -0.077667236328125
0.29083251953125 0.385162353515625 -0.173568725585938 -0.0616455078125
0.357086181640625 0.220916748046875 -0.1783447265625 0.0104217529296875
0.43182373046875 -0.01605224609375 -0.13812255859375 0.0248031616210938
0.370880126953125 -0.163848876953125 -0.13140869140625 0.0161819458007813
0.33782958984375 -0.165496826171875 -0.141098022460937 -0.000747680664062479
0.3624267578125 -0.2216796875 -0.126144409179687 -0.00603485107421877
0.373748779296875 -0.16119384765625 -0.146743774414062 -0.0523529052734375
0.437225341796875 0.001373291015625 -0.161392211914062 -0.037139892578125
0.426483154296875 0.1400146484375 -0.11907958984375 -0.1136474609375
0.262786865234375 0.4095458984375 -0.052093505859375 -0.186141967773437
0.138763427734375 0.519989013671875 0.0411529541015625 -0.180252075195312
-0.01678466796875 0.51239013671875 0.109771728515625 -0.210952758789062
0.00283813476562504 0.4991455078125 -0.31439208984375 0.157257080078125
0.059906005859375 0.45111083984375 -0.147171020507813 0.0659942626953125
0.1767578125 0.402679443359375 -0.141769409179688 -0.05096435546875
0.285125732421875 0.259765625 -0.209823608398437 -0.0519561767578125
0.303070068359375 0.128662109375 -0.23150634765625 0.0134429931640625
0.344482421875 -0.05828857421875 -0.230941772460937 0.05499267578125
0.282470703125 -0.162384033203125 -0.236236572265625 0.093994140625
0.261260986328125 -0.15936279296875 -0.230178833007812 0.093475341796875
0.2847900390625 -0.198944091796875 -0.217498779296875 0.0868530273437499
0.29742431640625 -0.142242431640625 -0.236282348632813 0.0211029052734375
0.35546875 -0.004791259765625 -0.2191162109375 0.00906372070312498
0.346221923828125 0.106201171875 -0.151641845703125 -0.076171875
0.23187255859375 0.3292236328125 -0.04815673828125 -0.128707885742187
0.1580810546875 0.43511962890625 0.0643577575683594 -0.0561866760253906
0.034088134765625 0.46697998046875 0.0671920776367188 -0.0208702087402343
0.093902587890625 0.388336181640625 -0.3126220703125 0.319610595703125
0.12799072265625 0.32147216796875 -0.13116455078125 0.171173095703125
0.19818115234375 0.23553466796875 -0.132354736328125 0.00171661376953128
0.226654052734375 0.114913940429688 -0.21807861328125 -0.00772094726562495
0.2083740234375 0.0315704345703125 -0.245285034179688 0.0397186279296875
0.215011596679688 -0.089141845703125 -0.279144287109375 0.096832275390625
0.155471801757813 -0.138916015625 -0.297119140625 0.168121337890625
0.14410400390625 -0.130935668945313 -0.285308837890625 0.173492431640625
0.161605834960938 -0.146255493164062 -0.28253173828125 0.155181884765625
0.169815063476563 -0.100677490234375 -0.292724609375 0.06768798828125
0.208267211914062 -0.0126953125 -0.243865966796875 0.02520751953125
0.199493408203125 0.0438079833984375 -0.156341552734375 -0.0545501708984375
0.165069580078125 0.178329467773437 -0.0274658203125 -0.0745925903320312
0.161697387695313 0.268280029296875 0.0839462280273438 0.0547714233398438
0.09161376953125 0.342498779296875 0.0357208251953125 0.15032958984375
0.154708862304687 0.21466064453125 -0.290740966796875 0.451263427734375
0.141769409179688 0.156158447265625 -0.110305786132812 0.269302368164062
0.158126831054688 0.0655975341796875 -0.109138488769531 0.0689239501953125
0.123069763183594 -0.00682830810546875 -0.194961547851563 0.0544281005859375
0.0874099731445313 -0.0398025512695313 -0.221878051757813 0.0742950439453125
0.065460205078125 -0.0892715454101563 -0.2816162109375 0.140411376953125
0.0114822387695312 -0.088226318359375 -0.3070068359375 0.2252197265625
0.005157470703125 -0.0821914672851563 -0.296630859375 0.22711181640625
0.0103073120117188 -0.0788650512695313 -0.30877685546875 0.187103271484375
0.0139656066894531 -0.0590171813964844 -0.30743408203125 0.0826416015625001
0.0334434509277344 -0.0401382446289063 -0.22943115234375 0.01025390625
0.0406455993652344 -0.0517616271972656 -0.133056640625 -0.0488967895507812
0.108612060546875 -0.0147933959960938 0.00303077697753907 -0.0307483673095703
0.174392700195313 0.060302734375 0.0981826782226563 0.135452270507813
0.154495239257813 0.16876220703125 0.0258941650390625 0.277511596679688
-0.241867065429688 0.0480804443359375 -0.095947265625 -0.32281494140625
-0.16888427734375 0.201812744140625 -0.113494873046875 -0.17706298828125
-0.0308074951171875 0.2518310546875 -0.0439414978027344 0.0150680541992188
0.101455688476563 0.192840576171875 0.0897293090820313 0.0621795654296875
0.158233642578125 0.106185913085938 0.182052612304687 0.0487213134765625
0.174148559570312 0.0098419189453125 0.288238525390625 -0.0792236328125
0.159271240234375 -0.0436248779296875 0.293548583984375 -0.225341796875
0.135711669921875 -0.0114593505859375 0.243011474609375 -0.25323486328125
0.131706237792969 -0.006103515625 0.243118286132813 -0.247421264648438
0.1065673828125 0.028472900390625 0.236968994140625 -0.195022583007813
0.0739364624023438 0.0683135986328125 0.1575927734375 -0.144729614257813
0.0301437377929688 0.0928421020507813 0.117042541503906 -0.132438659667969
-0.0695648193359375 0.08917236328125 0.0909271240234375 -0.1885986328125
-0.136604309082031 0.0632553100585938 0.06866455078125 -0.347137451171875
-0.14837646484375 -0.028594970703125 0.29998779296875 -0.561431884765625
-0.255599975585938 0.242507934570313 -0.13726806640625 -0.307647705078125
-0.18145751953125 0.35870361328125 -0.127273559570313 -0.183059692382812
-0.01287841796875 0.420806884765625 -0.0854339599609375 -0.0147323608398437
0.191314697265625 0.322174072265625 0.0204124450683594 0.0481338500976563
0.27667236328125 0.181350708007813 0.103652954101563 0.0705032348632813
0.31939697265625 -0.001983642578125 0.220352172851563 -0.03973388671875
0.284912109375 -0.10809326171875 0.2264404296875 -0.1849365234375
0.253326416015625 -0.078094482421875 0.169052124023438 -0.226608276367187
0.257843017578125 -0.0938873291015625 0.168365478515625 -0.231842041015625
0.234375 -0.0336151123046875 0.156387329101563 -0.20452880859375
0.224014282226563 0.0599365234375 0.082122802734375 -0.151840209960938
0.181106567382813 0.131240844726563 0.051361083984375 -0.16259765625
0.035186767578125 0.231674194335938 0.0326385498046875 -0.238510131835937
-0.066314697265625 0.256988525390625 0.027679443359375 -0.384246826171875
-0.139816284179688 0.178680419921875 0.2364501953125 -0.5811767578125
-0.2371826171875 0.39947509765625 -0.196502685546875 -0.235305786132812
-0.1708984375 0.47265625 -0.144638061523438 -0.15313720703125
0.00775146484375002 0.53863525390625 -0.118789672851563 -0.0405731201171875
0.25048828125 0.415313720703125 -0.0530014038085937 0.0204391479492188
0.353179931640625 0.24090576171875 0.00790023803710939 0.069244384765625
0.419708251953125 -0.0045166015625 0.115791320800781 -0.00540924072265625
0.37017822265625 -0.15234375 0.121444702148438 -0.122276306152344
0.331329345703125 -0.13427734375 0.0681304931640625 -0.166030883789063
0.342376708984375 -0.17608642578125 0.072265625 -0.177536010742188
0.3321533203125 -0.10614013671875 0.0540008544921875 -0.177490234375
0.357818603515625 0.03045654296875 -0.00660705566406247 -0.129379272460938
0.326904296875 0.145751953125 -0.0209808349609375 -0.16650390625
0.153167724609375 0.346923828125 -0.02490234375 -0.253524780273438
0.02630615234375 0.418121337890625 0.00112915039062499 -0.36712646484375
-0.10430908203125 0.3594970703125 0.172515869140625 -0.5244140625
-0.173431396484375 0.50152587890625 -0.25738525390625 -0.11724853515625
-0.114990234375 0.530303955078125 -0.160797119140625 -0.091278076171875
0.0567626953125 0.57781982421875 -0.142349243164063 -0.0554809570312499
0.2938232421875 0.436767578125 -0.12286376953125 -0.0126876831054687
0.386474609375 0.253265380859375 -0.092132568359375 0.0530776977539063
0.46087646484375 -0.014495849609375 -0.0107688903808593 0.0210456848144531
0.39752197265625 -0.178375244140625 -0.00562286376953123 -0.0463066101074219
0.35870361328125 -0.171295166015625 -0.04217529296875 -0.0783004760742188
0.3763427734375 -0.231658935546875 -0.0320587158203125 -0.088653564453125
0.380340576171875 -0.161865234375 -0.0569610595703125 -0.112167358398438
0.439422607421875 -0.003692626953125 -0.0968093872070312 -0.077667236328125
0.424407958984375 0.138397216796875 -0.0904693603515625 -0.141510009765625
0.24871826171875 0.40966796875 -0.0663604736328125 -0.23101806640625
0.11126708984375 0.51336669921875 -0.00341796874999999 -0.29388427734375
-0.054901123046875 0.48065185546875 0.1190185546875 -0.393341064453125
-0.078765869140625 0.534271240234375 -0.303802490234375 0.034423828125
-0.02044677734375 0.521148681640625 -0.167144775390625 -0.00447082519531249
0.130615234375 0.523223876953125 -0.154891967773438 -0.0519561767578125
0.312225341796875 0.371337890625 -0.181594848632813 -0.031982421875
0.3701171875 0.206085205078125 -0.17901611328125 0.037628173828125
0.429931640625 -0.039520263671875 -0.135208129882812 0.0468826293945312
0.362945556640625 -0.18475341796875 -0.133651733398437 0.0375442504882813
0.33062744140625 -0.183349609375 -0.147476196289062 0.0226593017578125
0.351959228515625 -0.2432861328125 -0.133224487304687 0.0165939331054687
0.36474609375 -0.180084228515625 -0.162094116210937 -0.026123046875
0.4393310546875 -0.023651123046875 -0.175064086914062 -0.01202392578125
0.434051513671875 0.11737060546875 -0.14306640625 -0.098297119140625
0.28424072265625 0.399658203125 -0.0822296142578125 -0.181289672851563
0.16485595703125 0.5137939453125 0.0161285400390625 -0.180572509765625
0.000732421874999953 0.515533447265625 0.0759429931640625 -0.212875366210937
0.0306396484375 0.489959716796875 -0.322052001953125 0.200286865234375
0.0811767578125 0.439300537109375 -0.159500122070313 0.094451904296875
0.190582275390625 0.38714599609375 -0.156173706054688 -0.024200439453125
0.29058837890625 0.2406005859375 -0.218017578125 -0.0204620361328125
0.30255126953125 0.116790771484375 -0.231399536132813 0.039947509765625
0.333709716796875 -0.0721435546875 -0.22955322265625 0.0788726806640625
0.271209716796875 -0.171234130859375 -0.235458374023437 0.120361328125
0.251724243164063 -0.166793823242187 -0.231704711914063 0.121139526367187
0.273147583007813 -0.210647583007813 -0.21942138671875 0.114517211914062
0.28607177734375 -0.151519775390625 -0.2445068359375 0.0520019531249999
0.349761962890625 -0.021820068359375 -0.2279052734375 0.036041259765625
0.3438720703125 0.086944580078125 -0.170928955078125 -0.057861328125
0.244171142578125 0.312255859375 -0.0727310180664062 -0.122093200683594
0.177215576171875 0.418731689453125 0.0468788146972656 -0.0557022094726562
0.054443359375 0.45904541015625 0.04534912109375 -0.0177383422851562
0.121185302734375 0.36669921875 -0.310821533203125 0.35968017578125
0.14691162109375 0.300445556640625 -0.139144897460938 0.197418212890625
0.204376220703125 0.21014404296875 -0.142532348632813 0.028228759765625
0.220687866210937 0.0941925048828125 -0.220413208007813 0.02252197265625
0.197006225585937 0.0211181640625 -0.240570068359375 0.0612030029296875
0.19671630859375 -0.093048095703125 -0.275619506835938 0.117752075195312
0.140823364257813 -0.135101318359375 -0.293182373046875 0.19464111328125
0.132087707519531 -0.126449584960938 -0.28192138671875 0.202362060546875
0.149627685546875 -0.1434326171875 -0.280517578125 0.184036254882813
0.157791137695313 -0.0967864990234375 -0.29791259765625 0.0977783203125
0.196136474609375 -0.01641845703125 -0.249252319335938 0.0504302978515626
0.187957763671875 0.0353546142578125 -0.171157836914063 -0.0373992919921875
0.1634521484375 0.159423828125 -0.04705810546875 -0.0710830688476562
0.169418334960938 0.243057250976563 0.0740280151367188 0.053466796875
0.109619140625 0.32342529296875 0.0263671875 0.155136108398438
0.178970336914062 0.18597412109375 -0.27655029296875 0.484954833984375
0.1571044921875 0.130355834960938 -0.10931396484375 0.29266357421875
0.159805297851563 0.0355987548828125 -0.111526489257812 0.09320068359375
0.110504150390625 -0.0271148681640625 -0.188278198242188 0.0801544189453125
0.0703125 -0.0479583740234375 -0.211639404296875 0.0898895263671875
0.0434417724609375 -0.0855636596679688 -0.274673461914063 0.155731201171875
-0.00445556640624999 -0.0740203857421875 -0.299560546875 0.247406005859375
-0.00644683837890625 -0.06695556640625 -0.288970947265625 0.25164794921875
-0.000587463378906246 -0.0616607666015625 -0.30450439453125 0.21331787109375
0.0018463134765625 -0.0430831909179688 -0.3095703125 0.10693359375
0.0159950256347656 -0.0308971405029297 -0.235244750976563 0.028656005859375
0.0177001953125 -0.0493812561035156 -0.145523071289062 -0.0372467041015625
0.0906753540039063 -0.0339736938476563 -0.0110015869140625 -0.0324478149414063
0.168182373046875 0.0276336669921875 0.0935287475585938 0.129478454589844
0.166748046875 0.138580322265625 0.026275634765625 0.278274536132813
-0.2353515625 0.08746337890625 -0.09783935546875 -0.3114013671875
-0.133697509765625 0.221481323242188 -0.108428955078125 -0.168930053710938
0.00633239746093749 0.252151489257813 -0.035614013671875 0.0175437927246094
0.13067626953125 0.172882080078125 0.09820556640625 0.0536422729492188
0.174072265625 0.0777130126953125 0.187149047851563 0.0378875732421875
0.17254638671875 -0.0236053466796875 0.283111572265625 -0.097747802734375
0.150650024414063 -0.07330322265625 0.277603149414063 -0.24346923828125
0.133636474609375 -0.0351943969726563 0.22637939453125 -0.263641357421875
0.132736206054688 -0.0317764282226563 0.226287841796875 -0.25738525390625
0.116401672363281 0.010040283203125 0.2164306640625 -0.202102661132813
0.0924606323242188 0.059967041015625 0.137725830078125 -0.149093627929688
0.0476303100585938 0.0988082885742188 0.0985260009765625 -0.142868041992188
-0.0609588623046875 0.112754821777344 0.0741119384765625 -0.203353881835938
-0.132987976074219 0.0947341918945313 0.0489196777343749 -0.359588623046875
-0.1590576171875 0.002166748046875 0.25787353515625 -0.5843505859375
-0.240005493164063 0.276382446289062 -0.138916015625 -0.285003662109375
-0.140289306640625 0.376861572265625 -0.122817993164063 -0.16851806640625
0.03338623046875 0.420867919921875 -0.078887939453125 -0.00341796874999999
0.225555419921875 0.296234130859375 0.0290985107421875 0.0509033203125
0.29400634765625 0.1466064453125 0.112632751464844 0.0702972412109375
0.315338134765625 -0.0435791015625 0.222122192382813 -0.04962158203125
0.271530151367188 -0.14288330078125 0.216140747070313 -0.193557739257812
0.246124267578125 -0.106536865234375 0.153656005859375 -0.22735595703125
0.250839233398438 -0.12518310546875 0.152359008789063 -0.232025146484375
0.237686157226563 -0.0569915771484375 0.135025024414063 -0.201736450195313
0.2379150390625 0.0431976318359375 0.0615234375 -0.146011352539063
0.196533203125 0.126983642578125 0.0278778076171875 -0.16314697265625
0.049530029296875 0.246780395507813 0.00708007812500002 -0.243484497070313
-0.0534820556640625 0.280075073242187 0.000762939453124971 -0.38848876953125
-0.139801025390625 0.204971313476562 0.18743896484375 -0.59222412109375
-0.213623046875 0.425079345703125 -0.195098876953125 -0.20245361328125
-0.131072998046875 0.487884521484375 -0.139984130859375 -0.13092041015625
0.05291748046875 0.538330078125 -0.115669250488281 -0.0220947265624999
0.286834716796875 0.38909912109375 -0.044830322265625 0.0341720581054688
0.37225341796875 0.206634521484375 0.0193634033203125 0.0812454223632813
0.415191650390625 -0.045257568359375 0.123451232910156 -0.0045013427734375
0.353851318359375 -0.18756103515625 0.11724853515625 -0.120429992675781
0.32049560546875 -0.163848876953125 0.057586669921875 -0.156402587890625
0.329559326171875 -0.208648681640625 0.060760498046875 -0.167709350585938
0.326873779296875 -0.131744384765625 0.0352020263671875 -0.163436889648437
0.364776611328125 0.0050048828125 -0.0239334106445312 -0.114006042480469
0.337738037109375 0.129302978515625 -0.0460968017578125 -0.15679931640625
0.17303466796875 0.34844970703125 -0.055084228515625 -0.248138427734375
0.048095703125 0.42822265625 -0.030487060546875 -0.36358642578125
-0.09423828125 0.377410888671875 0.12396240234375 -0.52520751953125
-0.149658203125 0.514404296875 -0.254013061523438 -0.0758056640625
-0.080291748046875 0.537872314453125 -0.157333374023437 -0.0623931884765625
0.094482421875 0.573974609375 -0.142227172851562 -0.0302276611328125
0.324432373046875 0.411163330078125 -0.116653442382812 0.0115966796875
0.401947021484375 0.225189208984375 -0.0806503295898437 0.073822021484375
0.452789306640625 -0.05096435546875 -0.000139236450195287 0.0325088500976563
0.381561279296875 -0.208038330078125 -0.00389289855957029 -0.0336341857910156
0.3448486328125 -0.194976806640625 -0.0465927124023437 -0.0604743957519531
0.358367919921875 -0.26068115234375 -0.0370635986328125 -0.0712509155273438
0.368408203125 -0.186187744140625 -0.0691604614257812 -0.0890655517578125
0.437957763671875 -0.033233642578125 -0.107566833496094 -0.053985595703125
0.430419921875 0.11224365234375 -0.112472534179687 -0.123039245605469
0.2708740234375 0.39752197265625 -0.096832275390625 -0.218292236328125
0.138397216796875 0.50958251953125 -0.0330810546875 -0.284759521484375
-0.033843994140625 0.488311767578125 0.074951171875 -0.386627197265625
-0.0543212890625 0.529632568359375 -0.296234130859375 0.07891845703125
0.00640869140624999 0.516265869140625 -0.164779663085938 0.0268096923828125
0.1549072265625 0.51226806640625 -0.157440185546875 -0.0223846435546874
0.329010009765625 0.3507080078125 -0.1773681640625 -0.001312255859375
0.3779296875 0.184844970703125 -0.168441772460937 0.0627288818359375
0.41949462890625 -0.064483642578125 -0.1239013671875 0.0651702880859375
0.347503662109375 -0.204803466796875 -0.126220703125 0.0579833984375
0.31646728515625 -0.19873046875 -0.14447021484375 0.0469818115234375
0.3331298828125 -0.2645263671875 -0.129829406738281 0.0397262573242187
0.3482666015625 -0.197418212890625 -0.165054321289062 0.00312805175781247
0.430206298828125 -0.051544189453125 -0.17724609375 0.0160369873046875
0.4322509765625 0.089996337890625 -0.158721923828125 -0.0741729736328125
0.3011474609375 0.3787841796875 -0.107696533203125 -0.163711547851562
0.191192626953125 0.49871826171875 -0.00724792480468751 -0.1705322265625
0.025604248046875 0.510101318359375 0.0428466796875 -0.201583862304687
0.051910400390625 0.469940185546875 -0.308624267578125 0.24322509765625
0.0984497070312501 0.422698974609375 -0.156936645507813 0.125442504882813
0.199737548828125 0.367340087890625 -0.15850830078125 0.00653076171874999
0.292083740234375 0.221893310546875 -0.212890625 0.012420654296875
0.298736572265625 0.103302001953125 -0.2208251953125 0.06488037109375
0.319610595703125 -0.083648681640625 -0.218231201171875 0.100753784179688
0.256057739257813 -0.177932739257813 -0.224151611328125 0.144882202148438
0.238235473632813 -0.17169189453125 -0.221359252929688 0.147552490234375
0.256134033203125 -0.218597412109375 -0.208740234375 0.141082763671875
0.270889282226563 -0.158355712890625 -0.239898681640625 0.08367919921875
0.33843994140625 -0.0386962890625 -0.223663330078125 0.0659027099609375
0.336944580078125 0.0670166015625 -0.180679321289063 -0.03228759765625
0.251739501953125 0.29229736328125 -0.0932083129882812 -0.106697082519531
0.192596435546875 0.393890380859375 0.031402587890625 -0.0484428405761719
0.0736694335937499 0.443450927734375 0.0257854461669922 -0.00621604919433591
0.13983154296875 0.336151123046875 -0.290191650390625 0.396087646484375
0.157073974609375 0.273895263671875 -0.133071899414063 0.225021362304687
0.2022705078125 0.183578491210938 -0.141067504882813 0.0561981201171875
0.2086181640625 0.07763671875 -0.211410522460938 0.05206298828125
0.18328857421875 0.0146026611328125 -0.228073120117187 0.0807647705078125
0.178878784179688 -0.0919036865234375 -0.263412475585938 0.136978149414062
0.128517150878906 -0.128288269042969 -0.27789306640625 0.219207763671875
0.123428344726563 -0.119461059570313 -0.265060424804688 0.227615356445312
0.138809204101563 -0.137870788574219 -0.265045166015625 0.211532592773437
0.147018432617188 -0.091522216796875 -0.2884521484375 0.128753662109375
0.1839599609375 -0.0177154541015625 -0.243026733398437 0.0767822265625
0.175460815429687 0.030059814453125 -0.178268432617188 -0.0147857666015625
0.156509399414063 0.143310546875 -0.0628013610839843 -0.05963134765625
0.169052124023438 0.216033935546875 0.0648574829101563 0.0555801391601563
0.121185302734375 0.29791259765625 0.0196685791015625 0.162826538085938
0.190216064453125 0.149993896484375 -0.246124267578125 0.5137939453125
0.162155151367188 0.102188110351563 -0.096282958984375 0.31414794921875
0.150466918945312 0.0078125 -0.102882385253906 0.115470886230469
0.0919113159179687 -0.0403976440429688 -0.172500610351563 0.102294921875
0.0516014099121094 -0.0491905212402344 -0.196060180664063 0.100784301757812
0.0251846313476562 -0.0738296508789063 -0.260299682617187 0.169647216796875
-0.0125350952148438 -0.0552558898925781 -0.2811279296875 0.267578125
-0.0115776062011719 -0.0489883422851563 -0.2689208984375 0.272842407226563
-0.00394058227539063 -0.0420875549316406 -0.2877197265625 0.23760986328125
-0.0020294189453125 -0.0249538421630859 -0.299591064453125 0.13232421875
0.00473594665527344 -0.0155258178710938 -0.232376098632812 0.0493316650390625
-0.000835418701171873 -0.0384941101074219 -0.151657104492188 -0.0200042724609375
0.0677604675292969 -0.0451812744140625 -0.0239658355712891 -0.0286521911621094
0.150360107421875 0.0003814697265625 0.0885238647460938 0.125465393066406
0.166839599609375 0.106399536132813 0.02947998046875 0.278396606445313
-0.21710205078125 0.116500854492188 -0.093994140625 -0.30328369140625
-0.099273681640625 0.224273681640625 -0.099884033203125 -0.166046142578125
0.037109375 0.240066528320313 -0.0281734466552734 0.0170326232910156
0.14703369140625 0.147216796875 0.102272033691406 0.043731689453125
0.176727294921875 0.04937744140625 0.187820434570313 0.027496337890625
0.160308837890625 -0.050750732421875 0.273544311523438 -0.111801147460938
0.133392333984375 -0.0939559936523437 0.26025390625 -0.252029418945313
0.124404907226563 -0.0536727905273438 0.210098266601563 -0.266250610351563
0.125213623046875 -0.0536041259765625 0.2103271484375 -0.258621215820313
0.117973327636719 -0.00804901123046875 0.198928833007813 -0.200531005859375
0.1046142578125 0.0470733642578125 0.120376586914063 -0.14453125
0.0643844604492188 0.0980224609375 0.080291748046875 -0.145523071289063
-0.04669189453125 0.129638671875 0.0559234619140625 -0.2099609375
-0.1195068359375 0.118850708007812 0.0308837890625 -0.36334228515625
-0.15789794921875 0.03082275390625 0.21832275390625 -0.58917236328125
-0.216766357421875 0.2999267578125 -0.131668090820313 -0.268722534179687
-0.101318359375 0.378021240234375 -0.112472534179687 -0.1591796875
0.069183349609375 0.405120849609375 -0.0699424743652344 0.00272369384765626
0.245285034179688 0.263702392578125 0.0375938415527344 0.0491065979003906
0.29754638671875 0.11279296875 0.121070861816406 0.067413330078125
0.29840087890625 -0.07440185546875 0.221084594726563 -0.058197021484375
0.249008178710937 -0.166702270507813 0.20623779296875 -0.196578979492188
0.232009887695312 -0.127731323242188 0.141921997070313 -0.222747802734375
0.236480712890625 -0.150161743164063 0.140838623046875 -0.22625732421875
0.232696533203125 -0.077239990234375 0.119827270507813 -0.190948486328125
0.244338989257813 0.025115966796875 0.046661376953125 -0.13385009765625
0.207962036132813 0.119461059570313 0.00897216796875003 -0.156036376953125
0.06475830078125 0.255340576171875 -0.014312744140625 -0.238845825195312
-0.0352783203125 0.29443359375 -0.021881103515625 -0.382171630859375
-0.133041381835938 0.227157592773438 0.1468505859375 -0.5845947265625
-0.1910400390625 0.43878173828125 -0.183197021484375 -0.177734375
-0.0936279296875 0.486419677734375 -0.128616333007812 -0.115684509277344
0.089447021484375 0.52301025390625 -0.106155395507813 -0.00789642333984373
0.3072509765625 0.356781005859375 -0.03314208984375 0.0423965454101563
0.376495361328125 0.173431396484375 0.0328750610351563 0.0862503051757813
0.397308349609375 -0.07672119140625 0.130020141601563 -0.006561279296875
0.3299560546875 -0.21148681640625 0.115325927734375 -0.117546081542969
0.30279541015625 -0.182708740234375 0.0523529052734375 -0.145263671875
0.308349609375 -0.230987548828125 0.0543975830078125 -0.156158447265625
0.31414794921875 -0.15087890625 0.02490234375 -0.145584106445313
0.36309814453125 -0.017059326171875 -0.03302001953125 -0.095245361328125
0.3427734375 0.113311767578125 -0.0628204345703125 -0.141128540039063
0.18927001953125 0.34515380859375 -0.077362060546875 -0.234085083007812
0.069793701171875 0.429718017578125 -0.05389404296875 -0.34991455078125
-0.0814208984375 0.388702392578125 0.083953857421875 -0.508575439453125
-0.1287841796875 0.515472412109375 -0.236923217773438 -0.0455627441406249
-0.0502014160156249 0.531585693359375 -0.143875122070313 -0.0421905517578125
0.124114990234375 0.560455322265625 -0.133033752441406 -0.00988006591796869
0.33990478515625 0.384307861328125 -0.103225708007812 0.0282974243164063
0.407196044921875 0.197052001953125 -0.0647048950195312 0.0864181518554688
0.436553955078125 -0.076324462890625 0.012481689453125 0.0373497009277344
0.35845947265625 -0.227264404296875 0.00244522094726564 -0.0248947143554688
0.32745361328125 -0.210296630859375 -0.0437088012695312 -0.0446281433105469
0.334686279296875 -0.278900146484375 -0.0348587036132812 -0.0562591552734375
0.34918212890625 -0.202484130859375 -0.0713348388671875 -0.0662384033203125
0.42742919921875 -0.05670166015625 -0.108322143554687 -0.0311050415039063
0.4283447265625 0.09033203125 -0.123191833496094 -0.100318908691406
0.284271240234375 0.38336181640625 -0.115966796875 -0.197357177734375
0.16015625 0.496734619140625 -0.0533294677734375 -0.268203735351562
-0.019287109375 0.487640380859375 0.041900634765625 -0.3656005859375
-0.036102294921875 0.519439697265625 -0.27471923828125 0.111831665039063
0.024566650390625 0.50286865234375 -0.151931762695313 0.0507354736328126
0.170806884765625 0.49774169921875 -0.14898681640625 0.00270080566406253
0.3355712890625 0.32763671875 -0.163421630859375 0.0218505859375
0.377044677734375 0.167724609375 -0.151077270507812 0.0802001953125
0.4039306640625 -0.080718994140625 -0.108406066894531 0.0764694213867188
0.328369140625 -0.21490478515625 -0.113540649414062 0.0713577270507812
0.301116943359375 -0.207183837890625 -0.134002685546875 0.0645599365234375
0.310943603515625 -0.274749755859375 -0.119209289550781 0.0576248168945312
0.3287353515625 -0.20623779296875 -0.15771484375 0.02813720703125
0.416259765625 -0.0711669921875 -0.1695556640625 0.0402984619140625
0.423126220703125 0.069091796875 -0.163726806640625 -0.049072265625
0.30938720703125 0.35894775390625 -0.12255859375 -0.1416015625
0.205047607421875 0.477386474609375 -0.0223236083984375 -0.155044555664062
0.03912353515625 0.4993896484375 0.0201263427734375 -0.181076049804688
0.062286376953125 0.446685791015625 -0.2841796875 0.272918701171875
0.105010986328125 0.402191162109375 -0.144775390625 0.14990234375
0.201141357421875 0.349822998046875 -0.149887084960938 0.0319671630859375
0.2857666015625 0.206695556640625 -0.197097778320312 0.0362091064453125
0.29278564453125 0.094879150390625 -0.2042236328125 0.0815582275390625
0.304656982421875 -0.08721923828125 -0.201156616210937 0.113357543945313
0.242996215820313 -0.179092407226563 -0.206527709960937 0.160751342773438
0.22784423828125 -0.17193603515625 -0.204727172851562 0.16595458984375
0.240463256835938 -0.219390869140625 -0.191360473632812 0.159011840820312
0.256698608398438 -0.159088134765625 -0.2254638671875 0.107650756835937
0.32415771484375 -0.048095703125 -0.210861206054687 0.088165283203125
0.325347900390625 0.054931640625 -0.17999267578125 -0.00848388671875002
0.251235961914063 0.272994995117188 -0.103858947753906 -0.0868911743164062
0.19775390625 0.370941162109375 0.0216941833496094 -0.0370826721191406
0.0847778320312499 0.4239501953125 0.0129594802856445 0.00895023345947268
0.142791748046875 0.305572509765625 -0.26043701171875 0.418182373046875
0.156692504882813 0.249221801757813 -0.11944580078125 0.245330810546875
0.191421508789063 0.164016723632813 -0.130767822265625 0.0785293579101563
0.193771362304687 0.067535400390625 -0.193206787109375 0.0721282958984375
0.1710205078125 0.01483154296875 -0.211288452148438 0.091796875
0.165603637695312 -0.083831787109375 -0.2470703125 0.148056030273437
0.121635437011719 -0.118331909179687 -0.257461547851563 0.233566284179688
0.118698120117188 -0.110458374023438 -0.244384765625 0.243179321289063
0.132682800292969 -0.129928588867188 -0.24407958984375 0.227813720703125
0.141036987304688 -0.0838165283203125 -0.27056884765625 0.149459838867188
0.1748046875 -0.01513671875 -0.22900390625 0.0964355468750001
0.163421630859375 0.03057861328125 -0.175994873046875 0.00590515136718749
0.14453125 0.13262939453125 -0.0720596313476562 -0.0453567504882813
0.159744262695313 0.195343017578125 0.059051513671875 0.0609397888183594
0.120758056640625 0.274063110351563 0.016571044921875 0.171600341796875
0.1875 0.11663818359375 -0.213653564453125 0.52642822265625
0.15704345703125 0.07733154296875 -0.07940673828125 0.32720947265625
0.133392333984375 -0.0114974975585938 -0.0887374877929687 0.131584167480469
0.0732269287109375 -0.0443267822265625 -0.152297973632813 0.11468505859375
0.0366172790527344 -0.0437202453613281 -0.179733276367188 0.104522705078125
0.0155677795410156 -0.0581703186035156 -0.244781494140625 0.17510986328125
-0.0124435424804687 -0.0370292663574219 -0.260528564453125 0.276611328125
-0.00931739807128906 -0.0330867767333984 -0.247100830078125 0.28167724609375
0.00111579895019531 -0.0253276824951172 -0.268035888671875 0.251922607421875
0.000885486602783202 -0.00799798965454102 -0.284088134765625 0.14886474609375
0.000990569591522217 7.17043876647949E-05 -0.22296142578125 0.0651092529296875
-0.0114917755126953 -0.0244464874267578 -0.150985717773438 -0.00433349609375002
0.0452308654785156 -0.0458183288574219 -0.03350830078125 -0.0207958221435547
0.126716613769531 -0.0157241821289063 0.0824432373046875 0.12432861328125
0.155685424804688 0.0795440673828125 0.03094482421875 0.277877807617188
-0.19781494140625 0.134567260742187 -0.0872802734375 -0.302764892578125
-0.072967529296875 0.218902587890625 -0.09234619140625 -0.170074462890625
0.05682373046875 0.225006103515625 -0.0224666595458984 0.0141544342041016
0.153656005859375 0.12420654296875 0.103462219238281 0.0348281860351563
0.173370361328125 0.0277557373046875 0.187744140625 0.020263671875
0.144699096679688 -0.0687408447265625 0.265167236328125 -0.119140625
0.1162109375 -0.106147766113281 0.248138427734375 -0.255661010742187
0.113815307617188 -0.066009521484375 0.200790405273438 -0.26568603515625
0.114166259765625 -0.068756103515625 0.201400756835938 -0.257369995117188
0.115089416503906 -0.0230560302734375 0.188720703125 -0.194869995117188
0.111915588378906 0.0347137451171875 0.10986328125 -0.136932373046875
0.0773162841796875 0.0946731567382813 0.0665740966796875 -0.142562866210937
-0.03125 0.140838623046875 0.042938232421875 -0.212112426757813
-0.104072570800781 0.135536193847656 0.017486572265625 -0.365631103515625
-0.150680541992188 0.052581787109375 0.1920166015625 -0.5855712890625
-0.19598388671875 0.312896728515625 -0.119476318359375 -0.262039184570313
-0.074554443359375 0.37066650390625 -0.101165771484375 -0.158599853515625
0.09161376953125 0.389129638671875 -0.0613441467285156 0.00519180297851565
0.252593994140625 0.236083984375 0.0439453125 0.0463104248046875
0.293731689453125 0.08905029296875 0.127357482910156 0.0645294189453125
0.279067993164063 -0.0943756103515625 0.220428466796875 -0.0640106201171875
0.228713989257813 -0.18096923828125 0.200271606445313 -0.198013305664063
0.218338012695313 -0.139862060546875 0.13739013671875 -0.217453002929688
0.220779418945313 -0.165191650390625 0.135879516601563 -0.220977783203125
0.226058959960938 -0.09130859375 0.112960815429688 -0.179779052734375
0.247116088867187 0.0102386474609375 0.0398178100585938 -0.120933532714844
0.216949462890625 0.1131591796875 -0.00286865234374997 -0.14617919921875
0.07940673828125 0.260894775390625 -0.0285186767578125 -0.231521606445312
-0.01885986328125 0.304107666015625 -0.035552978515625 -0.37554931640625
-0.124221801757812 0.243743896484375 0.1204833984375 -0.57208251953125
-0.172332763671875 0.446075439453125 -0.166702270507813 -0.166152954101563
-0.068328857421875 0.477752685546875 -0.114036560058594 -0.110488891601562
0.111602783203125 0.508056640625 -0.0949249267578125 -0.000205993652343716
0.3153076171875 0.3297119140625 -0.0225028991699219 0.0455055236816406
0.373870849609375 0.150848388671875 0.0447769165039063 0.0881881713867188
0.378875732421875 -0.0958251953125 0.13616943359375 -0.00934600830078126
0.309814453125 -0.224334716796875 0.117294311523438 -0.116203308105469
0.2886962890625 -0.1932373046875 0.0534439086914063 -0.136459350585938
0.290496826171875 -0.24481201171875 0.055511474609375 -0.147796630859375
0.30224609375 -0.162811279296875 0.0230255126953125 -0.129615783691406
0.35919189453125 -0.032379150390625 -0.0350112915039062 -0.0792388916015625
0.3450927734375 0.101776123046875 -0.0708007812499999 -0.125801086425781
0.201202392578125 0.3436279296875 -0.0898590087890625 -0.21929931640625
0.08544921875 0.429931640625 -0.06689453125 -0.3369140625
-0.07183837890625 0.3990478515625 0.061370849609375 -0.488739013671875
-0.115570068359375 0.514739990234375 -0.215850830078125 -0.0289459228515625
-0.033111572265625 0.523773193359375 -0.127899169921875 -0.0317153930664062
0.140838623046875 0.548858642578125 -0.12030029296875 0.00259399414062503
0.345916748046875 0.36163330078125 -0.0895004272460937 0.0371017456054688
0.405029296875 0.179534912109375 -0.0491180419921875 0.0926361083984375
0.420196533203125 -0.091278076171875 0.0238113403320313 0.0386428833007812
0.340728759765625 -0.236602783203125 0.0100288391113281 -0.0204105377197266
0.315216064453125 -0.217529296875 -0.0368461608886719 -0.0338134765625
0.3154296875 -0.286773681640625 -0.0287933349609375 -0.0455741882324219
0.3349609375 -0.210174560546875 -0.0666275024414063 -0.0488471984863281
0.418365478515625 -0.07037353515625 -0.103729248046875 -0.013763427734375
0.42266845703125 0.077728271484375 -0.126853942871094 -0.081268310546875
0.2918701171875 0.374237060546875 -0.125289916992188 -0.178482055664062
0.172271728515625 0.488433837890625 -0.06378173828125 -0.252151489257812
-0.01080322265625 0.488037109375 0.02374267578125 -0.34344482421875
-0.030120849609375 0.5108642578125 -0.252487182617187 0.130569458007813
0.033599853515625 0.4920654296875 -0.135612487792969 0.065185546875
0.177825927734375 0.486541748046875 -0.136177062988281 0.01837158203125
0.33660888671875 0.313262939453125 -0.147079467773438 0.0344696044921875
0.375274658203125 0.15802001953125 -0.135154724121094 0.089324951171875
0.39166259765625 -0.0867919921875 -0.0934295654296875 0.0808486938476562
0.3150634765625 -0.219696044921875 -0.101036071777344 0.0786972045898437
0.291595458984375 -0.209442138671875 -0.122611999511719 0.0760269165039062
0.295257568359375 -0.278106689453125 -0.107208251953125 0.0678482055664062
0.315765380859375 -0.2081298828125 -0.146636962890625 0.0447540283203125
0.403717041015625 -0.0806884765625 -0.158920288085937 0.0570068359375
0.414794921875 0.05792236328125 -0.161148071289062 -0.029205322265625
0.31097412109375 0.3465576171875 -0.128707885742187 -0.122085571289062
0.21234130859375 0.464447021484375 -0.0288543701171875 -0.139923095703125
0.04522705078125 0.492950439453125 0.00834655761718751 -0.160415649414062
0.06134033203125 0.43096923828125 -0.261810302734375 0.29046630859375
0.10552978515625 0.38861083984375 -0.129653930664062 0.165771484375
0.19671630859375 0.340240478515625 -0.137054443359375 0.0492401123046875
0.279388427734375 0.199630737304688 -0.180908203125 0.050384521484375
0.28802490234375 0.0946044921875 -0.188827514648437 0.089141845703125
0.296630859375 -0.08551025390625 -0.186981201171875 0.119384765625
0.237075805664063 -0.176422119140625 -0.191619873046875 0.168792724609375
0.22344970703125 -0.169662475585938 -0.189453125 0.175765991210938
0.232391357421875 -0.218124389648437 -0.175506591796875 0.168258666992188
0.247909545898438 -0.156585693359375 -0.210205078125 0.121673583984375
0.31439208984375 -0.051055908203125 -0.197265625 0.10247802734375
0.315643310546875 0.050384521484375 -0.175186157226562 0.00955200195312498
0.245285034179688 0.263900756835938 -0.107795715332031 -0.0694656372070312
0.19451904296875 0.35693359375 0.017730712890625 -0.0256824493408203
0.0843505859375 0.411102294921875 0.00748825073242188 0.0262260437011719
0.137939453125 0.28375244140625 -0.238128662109375 0.43255615234375
0.149749755859375 0.232757568359375 -0.105514526367187 0.25927734375
0.178054809570313 0.154144287109375 -0.117713928222656 0.0931167602539063
0.181442260742188 0.0663299560546875 -0.176528930664063 0.0828399658203125
0.163467407226563 0.020111083984375 -0.19775390625 0.0960693359375
0.16021728515625 -0.07403564453125 -0.234405517578125 0.152191162109375
0.121490478515625 -0.109573364257813 -0.2427978515625 0.239669799804687
0.119377136230469 -0.103073120117188 -0.228271484375 0.24981689453125
0.132835388183594 -0.122940063476563 -0.226654052734375 0.235748291015625
0.140327453613281 -0.0756378173828125 -0.254913330078125 0.1612548828125
0.170425415039063 -0.0093536376953125 -0.21612548828125 0.107498168945313
0.156570434570313 0.0352630615234375 -0.1702880859375 0.020843505859375
0.133056640625 0.130111694335938 -0.0757522583007812 -0.0322036743164063
0.147262573242188 0.18389892578125 0.0553512573242188 0.0682373046875
0.112594604492188 0.2576904296875 0.0143585205078125 0.181060791015625
0.177505493164063 0.09332275390625 -0.190582275390625 0.5321044921875
0.147293090820313 0.060394287109375 -0.06573486328125 0.336883544921875
0.116317749023438 -0.0213241577148438 -0.075286865234375 0.140625
0.0579109191894531 -0.0424118041992188 -0.134864807128906 0.119926452636719
0.0270919799804687 -0.0354385375976562 -0.167892456054688 0.102569580078125
0.0128517150878906 -0.0425453186035156 -0.23443603515625 0.175689697265625
-0.00671958923339844 -0.0228729248046875 -0.247360229492188 0.279891967773438
-0.00299453735351563 -0.0214271545410156 -0.23260498046875 0.285369873046875
0.00979423522949219 -0.013819694519043 -0.252243041992188 0.257766723632812
0.00795602798461914 0.00354623794555664 -0.271102905273438 0.15753173828125
0.00218677520751953 0.0137948989868164 -0.213577270507812 0.0737762451171875
-0.0165596008300781 -0.010035514831543 -0.147994995117188 0.00717163085937503
0.0276145935058594 -0.0411262512207031 -0.0392227172851563 -0.0117950439453125
0.104698181152344 -0.0229721069335938 0.0776748657226563 0.127227783203125
0.140457153320312 0.0632095336914063 0.0294189453125 0.281112670898438
-0.183120727539063 0.147064208984375 -0.082489013671875 -0.311920166015625
-0.0558013916015625 0.212554931640625 -0.089569091796875 -0.1795654296875
0.0696563720703125 0.2132568359375 -0.0186824798583984 0.0113697052001953
0.157394409179688 0.107192993164063 0.104751586914063 0.0279541015625
0.16937255859375 0.0118255615234375 0.190032958984375 0.01513671875
0.130233764648438 -0.08123779296875 0.262588500976563 -0.125442504882813
0.100990295410156 -0.114776611328125 0.244522094726562 -0.26153564453125
0.104850769042969 -0.0747833251953125 0.19805908203125 -0.268112182617188
0.104507446289062 -0.0801773071289062 0.200469970703125 -0.258987426757813
0.111824035644531 -0.0343475341796875 0.186614990234375 -0.190841674804688
0.117523193359375 0.02386474609375 0.1058349609375 -0.130470275878906
0.089111328125 0.0908584594726562 0.0582275390625 -0.140640258789062
-0.016693115234375 0.149581909179688 0.0329132080078125 -0.21600341796875
-0.0897216796875 0.148651123046875 0.00753784179687502 -0.3724365234375
-0.143463134765625 0.0693359375 0.17724609375 -0.59039306640625
-0.18145751953125 0.32635498046875 -0.110336303710938 -0.266433715820313
-0.056549072265625 0.3653564453125 -0.093963623046875 -0.165481567382812
0.10791015625 0.37860107421875 -0.053985595703125 0.0048637390136719
0.25762939453125 0.21826171875 0.0493812561035156 0.0432205200195313
0.291290283203125 0.073150634765625 0.134765625 0.0620040893554688
0.265762329101563 -0.108047485351562 0.223403930664063 -0.0691375732421875
0.2138671875 -0.190887451171875 0.201065063476563 -0.201934814453125
0.210235595703125 -0.150421142578125 0.138504028320313 -0.216232299804687
0.210159301757812 -0.177597045898438 0.136962890625 -0.220046997070313
0.2216796875 -0.10302734375 0.113021850585938 -0.171920776367188
0.251846313476563 -0.00152587890625 0.0374526977539063 -0.111465454101563
0.227890014648438 0.108230590820313 -0.010223388671875 -0.139404296875
0.0935516357421875 0.269638061523438 -0.0375823974609375 -0.228546142578125
-0.00350952148437502 0.315277099609375 -0.0445556640625 -0.376373291015625
-0.116867065429687 0.26129150390625 0.1080322265625 -0.56951904296875
-0.160430908203125 0.456634521484375 -0.152740478515625 -0.164886474609375
-0.053375244140625 0.476043701171875 -0.103126525878906 -0.11248779296875
0.12786865234375 0.501861572265625 -0.0860366821289062 0.00338745117187505
0.322784423828125 0.313446044921875 -0.0133895874023437 0.0462608337402344
0.3748779296875 0.137237548828125 0.0563583374023438 0.0894012451171875
0.368377685546875 -0.108551025390625 0.14471435546875 -0.0130462646484375
0.2967529296875 -0.2349853515625 0.12158203125 -0.118057250976563
0.28173828125 -0.203765869140625 0.0576705932617188 -0.132377624511719
0.278900146484375 -0.256546020507813 0.059326171875 -0.143844604492188
0.297760009765625 -0.17352294921875 0.0262832641601563 -0.119400024414063
0.360107421875 -0.044677734375 -0.0336875915527344 -0.0666007995605469
0.35284423828125 0.095794677734375 -0.0757064819335937 -0.113761901855469
0.214324951171875 0.348724365234375 -0.0973052978515625 -0.20989990234375
0.099761962890625 0.437286376953125 -0.074737548828125 -0.331787109375
-0.06439208984375 0.412872314453125 0.05120849609375 -0.478973388671875
-0.1085205078125 0.523284912109375 -0.199844360351562 -0.0214385986328125
-0.02203369140625 0.5230712890625 -0.115135192871094 -0.029266357421875
0.15386962890625 0.547088623046875 -0.110443115234375 0.0102005004882813
0.353729248046875 0.352081298828125 -0.0779037475585937 0.0420303344726563
0.407562255859375 0.172576904296875 -0.035858154296875 0.0970611572265625
0.414031982421875 -0.100372314453125 0.0347633361816407 0.0369224548339844
0.33258056640625 -0.245849609375 0.0171775817871094 -0.0192642211914063
0.31036376953125 -0.22491455078125 -0.0306720733642578 -0.0271682739257813
0.306915283203125 -0.29730224609375 -0.0215530395507812 -0.0398330688476563
0.329345703125 -0.21728515625 -0.0602989196777344 -0.0368881225585938
0.416259765625 -0.081634521484375 -0.098388671875 -0.000564575195312526
0.426971435546875 0.07098388671875 -0.1270751953125 -0.066741943359375
0.3021240234375 0.37530517578125 -0.130157470703125 -0.165451049804687
0.184295654296875 0.490325927734375 -0.068115234375 -0.243423461914062
-0.005340576171875 0.4993896484375 0.015960693359375 -0.32830810546875
-0.030181884765625 0.512664794921875 -0.235382080078125 0.142333984375
0.03668212890625 0.491973876953125 -0.122406005859375 0.0737838745117188
0.183135986328125 0.490081787109375 -0.125320434570313 0.0286102294921875
0.340576171875 0.308868408203125 -0.135231018066406 0.04278564453125
0.38043212890625 0.156036376953125 -0.1226806640625 0.0952301025390625
0.388946533203125 -0.091766357421875 -0.082855224609375 0.0823745727539062
0.312835693359375 -0.225677490234375 -0.09228515625 0.082977294921875
0.291351318359375 -0.21405029296875 -0.114158630371094 0.0839996337890625
0.2904052734375 -0.284027099609375 -0.0984725952148437 0.0746002197265625
0.311126708984375 -0.212493896484375 -0.137741088867187 0.0563583374023437
0.40167236328125 -0.085693359375 -0.150421142578125 0.0686492919921875
0.414581298828125 0.05328369140625 -0.158660888671875 -0.0145416259765625
0.3154296875 0.345611572265625 -0.130752563476562 -0.107810974121094
0.218536376953125 0.461761474609375 -0.0309295654296875 -0.129318237304687
0.044586181640625 0.498321533203125 0.00410461425781251 -0.143722534179687
0.056884765625 0.427398681640625 -0.2452392578125 0.305938720703125
0.101776123046875 0.38458251953125 -0.11700439453125 0.17852783203125
0.193206787109375 0.34344482421875 -0.126632690429688 0.0612335205078125
0.278427124023438 0.199951171875 -0.168258666992187 0.0591888427734375
0.289794921875 0.09747314453125 -0.178253173828125 0.0942687988281251
0.297332763671875 -0.0833740234375 -0.177413940429687 0.12176513671875
0.23828125 -0.177444458007812 -0.182632446289063 0.17474365234375
0.225997924804688 -0.169906616210938 -0.18035888671875 0.183731079101563
0.231689453125 -0.219589233398438 -0.165390014648437 0.175689697265625
0.247573852539063 -0.15570068359375 -0.200332641601563 0.132232666015625
0.313934326171875 -0.0513916015625 -0.18701171875 0.112747192382813
0.314849853515625 0.05072021484375 -0.170013427734375 0.022796630859375
0.243408203125 0.263916015625 -0.108963012695312 -0.0561904907226562
0.192474365234375 0.352630615234375 0.0175457000732422 -0.0156784057617187
0.079742431640625 0.409881591796875 0.00577163696289063 0.0421295166015625
0.130264282226563 0.273880004882813 -0.2227783203125 0.445068359375
0.142303466796875 0.2259521484375 -0.0941314697265625 0.273590087890625
0.168716430664062 0.15411376953125 -0.107223510742187 0.10406494140625
0.174758911132813 0.069793701171875 -0.163619995117188 0.0901947021484375
0.162307739257813 0.0277252197265625 -0.190093994140625 0.0979461669921875
0.162078857421875 -0.0665740966796875 -0.22784423828125 0.155059814453125
0.126983642578125 -0.10467529296875 -0.234588623046875 0.246231079101563
0.124855041503906 -0.0992660522460938 -0.219711303710937 0.25714111328125
0.138168334960938 -0.11993408203125 -0.216552734375 0.242721557617188
0.144485473632813 -0.070892333984375 -0.246047973632813 0.16986083984375
0.171737670898437 -0.00360107421875 -0.20758056640625 0.11572265625
0.15484619140625 0.041473388671875 -0.165283203125 0.0319671630859375
0.125556945800781 0.133644104003906 -0.0775985717773437 -0.0206527709960938
0.137924194335938 0.181991577148438 0.0556411743164062 0.0766983032226563
0.103164672851563 0.2528076171875 0.0140533447265625 0.195343017578125
0.167892456054688 0.0791168212890625 -0.175689697265625 0.542572021484375
0.138427734375 0.0506362915039062 -0.05352783203125 0.348907470703125
0.102279663085938 -0.0249404907226563 -0.0641326904296875 0.14825439453125
0.0480194091796875 -0.03826904296875 -0.122848510742188 0.122352600097656
0.0219230651855469 -0.0270328521728516 -0.162322998046875 0.0999298095703125
0.0148963928222656 -0.0312519073486328 -0.2303466796875 0.176681518554688
0.00181674957275391 -0.0130367279052734 -0.241058349609375 0.285247802734375
0.0051727294921875 -0.0136470794677734 -0.224853515625 0.2900390625
0.0202541351318359 -0.00678062438964844 -0.243667602539062 0.264572143554688
0.0168857574462891 0.0118885040283203 -0.264541625976563 0.163787841796875
0.00666999816894531 0.0255031585693359 -0.208419799804688 0.079742431640625
-0.0174140930175781 0.00196075439453125 -0.145553588867188 0.015655517578125
0.0148143768310547 -0.0336189270019531 -0.0432586669921875 -0.00363922119140625
0.087890625 -0.0229873657226563 0.0758514404296875 0.134315490722656
0.126174926757812 0.0551986694335937 0.02838134765625 0.2911376953125
-0.170425415039063 0.161468505859375 -0.086669921875 -0.32708740234375
-0.041351318359375 0.209304809570313 -0.093902587890625 -0.191879272460938
0.0837249755859375 0.204193115234375 -0.0157451629638672 0.00814151763916017
0.162261962890625 0.0924072265625 0.107688903808594 0.0212936401367188
0.167098999023437 -0.003326416015625 0.195999145507812 0.0079345703125
0.117881774902344 -0.0929336547851563 0.264053344726563 -0.13671875
0.087066650390625 -0.122451782226563 0.241744995117187 -0.275314331054687
0.0972213745117188 -0.0838241577148438 0.197311401367188 -0.279495239257813
0.0954055786132813 -0.0905685424804688 0.2008056640625 -0.270172119140625
0.109153747558594 -0.0449981689453125 0.188720703125 -0.194351196289063
0.123138427734375 0.0124969482421875 0.104270935058594 -0.128715515136719
0.10223388671875 0.0867843627929688 0.05108642578125 -0.141616821289063
-0.00102233886718751 0.158157348632813 0.02227783203125 -0.223434448242188
-0.0743865966796875 0.161636352539063 -0.00656127929687504 -0.3858642578125
-0.136283874511719 0.0860595703125 0.1605224609375 -0.60833740234375
-0.167266845703125 0.34503173828125 -0.109695434570313 -0.277755737304688
-0.039886474609375 0.3663330078125 -0.094879150390625 -0.175888061523438
0.127532958984375 0.374725341796875 -0.049713134765625 0.00479125976562502
0.267669677734375 0.204055786132813 0.0548629760742188 0.0387611389160156
0.294708251953125 0.056884765625 0.145172119140625 0.05828857421875
0.256027221679687 -0.12249755859375 0.229736328125 -0.0796051025390625
0.201004028320313 -0.204360961914063 0.202194213867188 -0.213790893554688
0.204116821289063 -0.164047241210938 0.1400146484375 -0.22308349609375
0.200653076171875 -0.193984985351563 0.1396484375 -0.2265625
0.219772338867187 -0.11785888671875 0.115692138671875 -0.171371459960938
0.259063720703125 -0.015869140625 0.0377349853515625 -0.10552978515625
0.243362426757813 0.102340698242188 -0.0166397094726562 -0.135032653808594
0.114486694335938 0.278640747070313 -0.0484466552734375 -0.230392456054687
0.01629638671875 0.329254150390625 -0.059539794921875 -0.384368896484375
-0.106658935546875 0.2822265625 0.0930175781250001 -0.57940673828125
-0.146636962890625 0.4786376953125 -0.14697265625 -0.168594360351562
-0.036712646484375 0.48291015625 -0.0992202758789063 -0.119338989257812
0.1497802734375 0.506103515625 -0.0795974731445312 0.00585174560546878
0.33636474609375 0.302734375 -0.00566864013671873 0.0461196899414063
0.385528564453125 0.1241455078125 0.0688934326171875 0.0889434814453125
0.364105224609375 -0.1251220703125 0.154312133789063 -0.020416259765625
0.28729248046875 -0.251220703125 0.126655578613281 -0.125175476074219
0.27923583984375 -0.2186279296875 0.0622024536132813 -0.133758544921875
0.271224975585938 -0.275253295898438 0.063507080078125 -0.1458740234375
0.29632568359375 -0.188873291015625 0.030029296875 -0.114410400390625
0.36761474609375 -0.06121826171875 -0.0311737060546875 -0.0578346252441406
0.368499755859375 0.086944580078125 -0.0795135498046875 -0.104736328125
0.237060546875 0.356048583984375 -0.1068115234375 -0.205001831054687
0.12274169921875 0.449798583984375 -0.08624267578125 -0.333465576171875
-0.053253173828125 0.4356689453125 0.03765869140625 -0.4808349609375
-0.098907470703125 0.545562744140625 -0.189849853515625 -0.0170898437499999
-0.00845336914062505 0.5333251953125 -0.107048034667969 -0.0289993286132812
0.175445556640625 0.556884765625 -0.103065490722656 0.0159835815429688
0.369781494140625 0.34539794921875 -0.0690078735351562 0.046112060546875
0.423919677734375 0.162506103515625 -0.0233078002929687 0.100914001464844
0.416229248046875 -0.115631103515625 0.0455322265625 0.0342521667480469
0.32843017578125 -0.26263427734375 0.0242195129394531 -0.0205268859863281
0.3104248046875 -0.240997314453125 -0.0252265930175781 -0.0233783721923828
0.299713134765625 -0.314697265625 -0.0159759521484375 -0.0376434326171875
0.328582763671875 -0.2318115234375 -0.0544090270996094 -0.0286750793457031
0.42315673828125 -0.096435546875 -0.0933761596679687 0.0112991333007813
0.440643310546875 0.060638427734375 -0.128318786621094 -0.0545425415039062
0.32415771484375 0.38018798828125 -0.137252807617187 -0.155502319335938
0.206268310546875 0.499176025390625 -0.07586669921875 -0.240020751953125
0.00720214843750003 0.51898193359375 0.00799560546874998 -0.32257080078125
-0.024322509765625 0.52838134765625 -0.222564697265625 0.156448364257813
0.047027587890625 0.503204345703125 -0.111457824707031 0.080902099609375
0.200042724609375 0.502044677734375 -0.117889404296875 0.0385818481445313
0.35552978515625 0.307525634765625 -0.125984191894531 0.049652099609375
0.39544677734375 0.151519775390625 -0.111587524414062 0.101799011230469
0.396209716796875 -0.10302734375 -0.0740280151367187 0.0837326049804688
0.31292724609375 -0.2408447265625 -0.0848617553710937 0.0874862670898437
0.29364013671875 -0.227203369140625 -0.107513427734375 0.0933685302734375
0.286529541015625 -0.298492431640625 -0.0909194946289062 0.0812225341796875
0.31207275390625 -0.223602294921875 -0.130516052246094 0.0676651000976562
0.40673828125 -0.099029541015625 -0.14288330078125 0.081329345703125
0.426361083984375 0.0440673828125 -0.15679931640625 -0.000961303710937505
0.33135986328125 0.34912109375 -0.134025573730469 -0.0959243774414063
0.23468017578125 0.46710205078125 -0.0325469970703125 -0.123329162597656
0.054168701171875 0.514068603515625 0.00113677978515625 -0.131484985351562
0.059844970703125 0.434356689453125 -0.22998046875 0.32513427734375
0.105438232421875 0.391326904296875 -0.104766845703125 0.192657470703125
0.201263427734375 0.352935791015625 -0.117942810058594 0.0728225708007813
0.287445068359375 0.202392578125 -0.158981323242188 0.0684051513671875
0.302398681640625 0.099212646484375 -0.171142578125 0.101852416992187
0.305267333984375 -0.088531494140625 -0.1715087890625 0.12744140625
0.243682861328125 -0.1864013671875 -0.176559448242187 0.185760498046875
0.231918334960938 -0.177520751953125 -0.173583984375 0.196578979492187
0.233505249023438 -0.229522705078125 -0.156982421875 0.186233520507812
0.251220703125 -0.162460327148438 -0.193466186523437 0.1446533203125
0.319366455078125 -0.056915283203125 -0.179672241210937 0.124435424804688
0.32196044921875 0.04766845703125 -0.167282104492187 0.0361175537109375
0.25213623046875 0.26812744140625 -0.109931945800781 -0.0440902709960937
0.20147705078125 0.357391357421875 0.020721435546875 -0.0079383850097656
0.0836181640625 0.420684814453125 0.00861740112304688 0.0581207275390625
0.128082275390625 0.2725830078125 -0.205596923828125 0.46820068359375
0.140609741210938 0.226409912109375 -0.079986572265625 0.291168212890625
0.166427612304687 0.1583251953125 -0.0970611572265625 0.115875244140625
0.175384521484375 0.0736236572265625 -0.153884887695313 0.0987548828125
0.167892456054688 0.032379150390625 -0.185928344726563 0.1031494140625
0.168777465820313 -0.0640716552734375 -0.22503662109375 0.162506103515625
0.135246276855469 -0.106597900390625 -0.229049682617188 0.259979248046875
0.132606506347656 -0.101600646972656 -0.213729858398437 0.271224975585938
0.144607543945313 -0.123260498046875 -0.20953369140625 0.256729125976563
0.151687622070313 -0.0711517333984375 -0.240020751953125 0.182998657226562
0.179122924804687 -0.0013275146484375 -0.20220947265625 0.126663208007813
0.158981323242187 0.0461883544921875 -0.16387939453125 0.04400634765625
0.124885559082031 0.140350341796875 -0.0786361694335937 -0.00987243652343748
0.134872436523438 0.1844482421875 0.0602264404296875 0.0853805541992188
0.099639892578125 0.256256103515625 0.0199432373046875 0.213088989257813
0.161758422851562 0.0684356689453125 -0.1583251953125 0.564453125
0.133056640625 0.0443191528320313 -0.03778076171875 0.36676025390625
0.0922164916992188 -0.0268936157226563 -0.0531463623046875 0.157485961914063
0.0410003662109375 -0.0345039367675781 -0.113265991210938 0.1275634765625
0.0198249816894531 -0.0192146301269531 -0.161209106445312 0.101806640625
0.0195541381835938 -0.0228786468505859 -0.231002807617188 0.183700561523438
0.0114011764526367 -0.00775337219238281 -0.238037109375 0.29931640625
0.0140876770019531 -0.00903511047363281 -0.220703125 0.303680419921875
0.031036376953125 -0.00325202941894531 -0.238815307617187 0.278640747070313
0.0266780853271484 0.0168952941894531 -0.263076782226563 0.17559814453125
0.0141849517822266 0.0344867706298828 -0.206497192382812 0.0893402099609375
-0.0165367126464844 0.0134181976318359 -0.145538330078125 0.024810791015625
0.00499916076660156 -0.0259075164794922 -0.0452880859375 0.00595092773437499
0.0747604370117188 -0.0210189819335938 0.0799407958984375 0.143646240234375
0.116325378417969 0.0509262084960938 0.03411865234375 0.307098388671875
-0.154861450195313 0.178512573242188 -0.10223388671875 -0.341796875
-0.0250091552734375 0.20709228515625 -0.107025146484375 -0.202362060546875
0.100448608398438 0.194580078125 -0.0129919052124023 0.00516796112060548
0.168136596679688 0.0763092041015625 0.110359191894531 0.0112991333007813
0.164154052734375 -0.0205078125 0.202682495117187 -0.0042877197265625
0.10333251953125 -0.1036376953125 0.263137817382813 -0.154983520507812
0.0708236694335937 -0.129844665527344 0.233154296875 -0.297332763671875
0.087921142578125 -0.0934371948242188 0.18975830078125 -0.29840087890625
0.0839309692382812 -0.101699829101563 0.195709228515625 -0.28924560546875
0.105155944824219 -0.057647705078125 0.187789916992188 -0.204574584960938
0.127349853515625 -0.00240325927734375 0.102142333984375 -0.130996704101563
0.116455078125 0.0793914794921875 0.0425567626953125 -0.144577026367188
0.01934814453125 0.164749145507813 0.00552368164062499 -0.23236083984375
-0.0546722412109375 0.173233032226563 -0.032958984375 -0.40045166015625
-0.126419067382813 0.103622436523438 0.13104248046875 -0.63446044921875
-0.1446533203125 0.3673095703125 -0.12066650390625 -0.28900146484375
-0.016754150390625 0.37091064453125 -0.103515625 -0.185638427734375
0.154388427734375 0.369659423828125 -0.0457801818847656 0.00444412231445314
0.2818603515625 0.1851806640625 0.0605812072753906 0.0335731506347656
0.30010986328125 0.036590576171875 0.15692138671875 0.0499420166015625
0.244720458984375 -0.142196655273438 0.234161376953125 -0.09613037109375
0.184982299804688 -0.22064208984375 0.198867797851563 -0.23223876953125
0.194656372070312 -0.182220458984375 0.136474609375 -0.236495971679688
0.186782836914063 -0.21331787109375 0.137283325195313 -0.24041748046875
0.2158203125 -0.136871337890625 0.1165771484375 -0.176559448242188
0.265701293945313 -0.037139892578125 0.0368881225585938 -0.102592468261719
0.261367797851563 0.0893402099609375 -0.0242385864257812 -0.131332397460938
0.14422607421875 0.284423828125 -0.0650482177734375 -0.231613159179688
0.046417236328125 0.341400146484375 -0.083526611328125 -0.392059326171875
-0.087677001953125 0.305908203125 0.06414794921875 -0.5968017578125
-0.12109375 0.50469970703125 -0.149429321289062 -0.172714233398437
-0.010162353515625 0.493255615234375 -0.101722717285156 -0.125480651855469
0.18695068359375 0.50592041015625 -0.0740966796875 0.00930786132812505
0.35906982421875 0.284942626953125 0.00276184082031252 0.0451011657714844
0.40008544921875 0.10272216796875 0.0839309692382813 0.0864715576171875
0.358642578125 -0.149444580078125 0.1624755859375 -0.033935546875
0.274185180664063 -0.274658203125 0.127937316894531 -0.13763427734375
0.270858764648438 -0.242874145507812 0.0625686645507813 -0.139228820800781
0.25628662109375 -0.29998779296875 0.063720703125 -0.152755737304688
0.2913818359375 -0.21319580078125 0.0326461791992188 -0.11322021484375
0.374359130859375 -0.087921142578125 -0.0290679931640625 -0.0496444702148438
0.38751220703125 0.06854248046875 -0.0849838256835937 -0.0960311889648438
0.27227783203125 0.356353759765625 -0.12030029296875 -0.199371337890625
0.159759521484375 0.45709228515625 -0.1070556640625 -0.33551025390625
-0.0274658203125 0.46075439453125 0.015045166015625 -0.488189697265625
-0.0736083984375 0.5704345703125 -0.182968139648437 -0.0101928710937499
0.01800537109375 0.54827880859375 -0.102592468261719 -0.0288543701171875
0.2135009765625 0.56353759765625 -0.09613037109375 0.0237274169921875
0.397064208984375 0.332183837890625 -0.0591964721679687 0.0507164001464844
0.445343017578125 0.14349365234375 -0.00817108154296872 0.1036376953125
0.417510986328125 -0.1409912109375 0.0555534362792969 0.0275077819824219
0.31915283203125 -0.289703369140625 0.0295772552490235 -0.024383544921875
0.305023193359375 -0.26666259765625 -0.0201759338378906 -0.0201225280761719
0.2869873046875 -0.34136962890625 -0.0114555358886719 -0.0368194580078125
0.32232666015625 -0.257720947265625 -0.0497322082519531 -0.021209716796875
0.4287109375 -0.125030517578125 -0.0873336791992187 0.0230178833007812
0.457855224609375 0.038970947265625 -0.129653930664062 -0.0417251586914063
0.35968017578125 0.376678466796875 -0.145843505859375 -0.144882202148438
0.244415283203125 0.5029296875 -0.08837890625 -0.2374267578125
0.0330810546875 0.542022705078125 -0.00500488281250001 -0.319976806640625
-0.00271606445312506 0.54962158203125 -0.207839965820313 0.173248291015625
0.06890869140625 0.51702880859375 -0.100334167480469 0.0894241333007813
0.2332763671875 0.510986328125 -0.108650207519531 0.0496444702148438
0.382537841796875 0.298583984375 -0.115791320800781 0.0590972900390625
0.419769287109375 0.137969970703125 -0.0992431640625 0.10968017578125
0.40045166015625 -0.12530517578125 -0.064697265625 0.084991455078125
0.308746337890625 -0.264984130859375 -0.0767135620117187 0.0940628051757812
0.292144775390625 -0.250457763671875 -0.0990753173828125 0.104446411132813
0.278228759765625 -0.324066162109375 -0.0821075439453125 0.08905029296875
0.309173583984375 -0.246063232421875 -0.122421264648437 0.0797500610351563
0.41314697265625 -0.12298583984375 -0.134162902832031 0.0958328247070312
0.439544677734375 0.0262451171875 -0.154525756835937 0.0144500732421875
0.36114501953125 0.34442138671875 -0.138664245605469 -0.0827407836914063
0.265960693359375 0.467742919921875 -0.0356369018554687 -0.118408203125
0.07989501953125 0.532623291015625 -0.000572204589843739 -0.1220703125
0.073883056640625 0.4453125 -0.207672119140625 0.350189208984375
0.12109375 0.400177001953125 -0.08734130859375 0.207321166992188
0.22265625 0.3602294921875 -0.107627868652344 0.08685302734375
0.305023193359375 0.198638916015625 -0.148483276367187 0.080413818359375
0.321136474609375 0.091888427734375 -0.162612915039062 0.11212158203125
0.312835693359375 -0.10333251953125 -0.165054321289063 0.135589599609375
0.244293212890625 -0.204574584960938 -0.166290283203125 0.200180053710937
0.233795166015625 -0.195098876953125 -0.16253662109375 0.213699340820312
0.23046875 -0.248825073242187 -0.145858764648437 0.20025634765625
0.2523193359375 -0.17755126953125 -0.184310913085938 0.160903930664062
0.327728271484375 -0.072113037109375 -0.169937133789062 0.140182495117188
0.333404541015625 0.036865234375 -0.162734985351562 0.0519866943359375
0.271408081054688 0.268814086914063 -0.111007690429687 -0.03125
0.22064208984375 0.35845947265625 0.0252876281738281 -0.00236129760742185
0.0995178222656251 0.43255615234375 0.0162124633789063 0.0728607177734375
0.133438110351563 0.271881103515625 -0.177734375 0.497039794921875
0.147262573242188 0.226852416992188 -0.057281494140625 0.310272216796875
0.172378540039062 0.1610107421875 -0.0847778320312499 0.129623413085938
0.18133544921875 0.07403564453125 -0.143280029296875 0.109848022460938
0.177352905273438 0.0322418212890625 -0.180770874023437 0.11273193359375
0.1766357421875 -0.069610595703125 -0.220809936523437 0.1751708984375
0.140762329101563 -0.115890502929688 -0.218643188476563 0.280380249023438
0.138587951660156 -0.109268188476563 -0.200408935546875 0.29266357421875
0.148834228515625 -0.133529663085937 -0.197418212890625 0.275955200195313
0.158660888671875 -0.0783843994140625 -0.23248291015625 0.201004028320313
0.188705444335938 -0.005340576171875 -0.194732666015625 0.141830444335937
0.167617797851563 0.046142578125 -0.159988403320313 0.05859375
0.1312255859375 0.145553588867188 -0.07763671875 0.00213623046875001
0.139419555664063 0.186798095703125 0.0699005126953125 0.0915298461914063
0.104385375976563 0.261215209960938 0.033599853515625 0.230499267578125
0.157211303710938 0.057891845703125 -0.12579345703125 0.59326171875
0.129463195800781 0.0373382568359375 -0.012298583984375 0.38555908203125
0.0834426879882813 -0.0284500122070312 -0.0382080078125 0.167938232421875
0.0356178283691406 -0.030792236328125 -0.101303100585938 0.135574340820313
0.0197334289550781 -0.0132694244384766 -0.158950805664062 0.107437133789063
0.0253543853759766 -0.0178165435791016 -0.22869873046875 0.197769165039062
0.0208206176757813 -0.00608062744140625 -0.227783203125 0.320587158203125
0.0226688385009766 -0.00742530822753906 -0.208953857421875 0.325927734375
0.041778564453125 -0.00363540649414063 -0.228271484375 0.300506591796875
0.0374755859375 0.0185546875 -0.258819580078125 0.194976806640625
0.0237083435058594 0.0411300659179688 -0.2041015625 0.103561401367187
-0.0130233764648438 0.0234317779541016 -0.145111083984375 0.0375518798828125
-0.00261211395263672 -0.0165643692016602 -0.0456657409667969 0.0162391662597656
0.0640983581542969 -0.0189704895019531 0.091094970703125 0.1510009765625
0.10906982421875 0.047760009765625 0.05035400390625 0.32568359375
-0.131454467773438 0.194122314453125 -0.128753662109375 -0.347503662109375
-0.00646972656250001 0.202896118164063 -0.12652587890625 -0.204681396484375
0.1171875 0.1793212890625 -0.0112152099609375 0.00208568572998048
0.170425415039063 0.0553131103515625 0.109779357910156 -0.000892639160156246
0.156768798828125 -0.0386962890625 0.2041015625 -0.0217437744140625
0.084259033203125 -0.112136840820313 0.25390625 -0.17724609375
0.0520553588867187 -0.133506774902344 0.212493896484375 -0.31982421875
0.0743484497070312 -0.101463317871094 0.171051025390625 -0.317626953125
0.0682754516601562 -0.110160827636719 0.177947998046875 -0.309356689453125
0.096710205078125 -0.0698318481445313 0.179962158203125 -0.218963623046875
0.127105712890625 -0.0190963745117188 0.0959014892578125 -0.134307861328125
0.12908935546875 0.0654144287109375 0.0298004150390625 -0.145523071289062
0.0427703857421875 0.163528442382813 -0.0177459716796875 -0.234878540039063
-0.029449462890625 0.17938232421875 -0.070404052734375 -0.40423583984375
-0.1107177734375 0.119728088378906 0.07879638671875 -0.6512451171875
-0.109832763671875 0.385528564453125 -0.138397216796875 -0.2918701171875
0.014129638671875 0.368194580078125 -0.118499755859375 -0.188247680664062
0.1871337890625 0.353607177734375 -0.0415267944335937 0.00494384765625001
0.29498291015625 0.157501220703125 0.0652503967285156 0.0258102416992188
0.30072021484375 0.008544921875 0.166152954101563 0.035736083984375
0.224838256835937 -0.162185668945313 0.2308349609375 -0.117706298828125
0.1595458984375 -0.235671997070313 0.1846923828125 -0.252197265625
0.177032470703125 -0.200088500976563 0.123764038085937 -0.250320434570313
0.16400146484375 -0.23199462890625 0.124008178710937 -0.255142211914063
0.202285766601562 -0.1578369140625 0.11065673828125 -0.184600830078125
0.264739990234375 -0.063934326171875 0.034881591796875 -0.1005859375
0.27642822265625 0.06634521484375 -0.0333709716796875 -0.126052856445313
0.178131103515625 0.27703857421875 -0.08489990234375 -0.225860595703125
0.084991455078125 0.3409423828125 -0.118377685546875 -0.390380859375
-0.057403564453125 0.323760986328125 0.017578125 -0.60418701171875
-0.078338623046875 0.5250244140625 -0.155014038085938 -0.170700073242187
0.028289794921875 0.494598388671875 -0.108802795410156 -0.126556396484375
0.229736328125 0.4937744140625 -0.0674934387207031 0.0139007568359375
0.3819580078125 0.255035400390625 0.011505126953125 0.0426025390625
0.410125732421875 0.069549560546875 0.0989761352539063 0.0770492553710938
0.3421630859375 -0.178741455078125 0.165390014648438 -0.05120849609375
0.247833251953125 -0.298553466796875 0.122207641601563 -0.15142822265625
0.251632690429687 -0.267837524414062 0.05792236328125 -0.144912719726563
0.22894287109375 -0.32464599609375 0.058013916015625 -0.160232543945313
0.27349853515625 -0.239273071289063 0.031890869140625 -0.114105224609375
0.3702392578125 -0.122039794921875 -0.0265655517578125 -0.0426368713378906
0.400634765625 0.036651611328125 -0.08917236328125 -0.084136962890625
0.311920166015625 0.3408203125 -0.135513305664063 -0.187530517578125
0.205718994140625 0.450042724609375 -0.133819580078125 -0.3282470703125
0.012451171875 0.4764404296875 -0.01922607421875 -0.4857177734375
-0.0306396484375 0.59002685546875 -0.17431640625 -0.00148010253906243
0.05950927734375 0.552581787109375 -0.099761962890625 -0.0262603759765625
0.26263427734375 0.554443359375 -0.0863571166992188 0.0318756103515625
0.426849365234375 0.303009033203125 -0.0478286743164062 0.0534400939941407
0.4632568359375 0.110076904296875 0.00890350341796879 0.102394104003906
0.406402587890625 -0.1746826171875 0.0625572204589844 0.0176048278808594
0.295166015625 -0.3173828125 0.0325641632080078 -0.0288619995117188
0.287109375 -0.294525146484375 -0.0156307220458984 -0.0170106887817383
0.25933837890625 -0.366912841796875 -0.00872421264648436 -0.0366096496582031
0.304046630859375 -0.284576416015625 -0.0441970825195312 -0.0148429870605469
0.42376708984375 -0.161773681640625 -0.0787200927734375 0.03399658203125
0.46710205078125 0.002105712890625 -0.127998352050781 -0.0258255004882813
0.39862060546875 0.353485107421875 -0.153976440429687 -0.129104614257812
0.2891845703125 0.48828125 -0.10467529296875 -0.228805541992187
0.078369140625 0.553985595703125 -0.025177001953125 -0.313140869140625
0.034210205078125 0.562042236328125 -0.18438720703125 0.18939208984375
0.104217529296875 0.520782470703125 -0.0861740112304688 0.0963973999023438
0.2764892578125 0.50592041015625 -0.0953216552734375 0.0618438720703125
0.41009521484375 0.2744140625 -0.101898193359375 0.06768798828125
0.438995361328125 0.10748291015625 -0.0827865600585937 0.115516662597656
0.3966064453125 -0.15679931640625 -0.0545578002929687 0.0851364135742187
0.292083740234375 -0.293121337890625 -0.0653152465820312 0.0993270874023438
0.2781982421875 -0.2764892578125 -0.0855865478515625 0.114875793457031
0.254913330078125 -0.34942626953125 -0.0703887939453125 0.0963516235351562
0.29351806640625 -0.270660400390625 -0.110481262207031 0.0921707153320313
0.408477783203125 -0.156280517578125 -0.119918823242188 0.109611511230469
0.44854736328125 -0.007415771484375 -0.147537231445312 0.0317535400390625
0.394195556640625 0.32293701171875 -0.140296936035156 -0.0673065185546875
0.30560302734375 0.45220947265625 -0.0408477783203125 -0.112586975097656
0.119110107421875 0.540069580078125 -0.00399017333984375 -0.11236572265625
0.100830078125 0.45001220703125 -0.171478271484375 0.371368408203125
0.14605712890625 0.399627685546875 -0.062835693359375 0.218505859375
0.2520751953125 0.354156494140625 -0.0912933349609375 0.100090026855469
0.32403564453125 0.1824951171875 -0.133224487304687 0.091796875
0.33770751953125 0.072235107421875 -0.148635864257812 0.122100830078125
0.31201171875 -0.1260986328125 -0.153976440429688 0.145172119140625
0.2347412109375 -0.226837158203125 -0.14752197265625 0.21484375
0.226348876953125 -0.215988159179688 -0.141510009765625 0.231216430664063
0.215835571289062 -0.268753051757813 -0.126419067382812 0.2139892578125
0.243576049804687 -0.197341918945312 -0.1676025390625 0.17828369140625
0.327789306640625 -0.095916748046875 -0.153167724609375 0.155715942382812
0.341522216796875 0.0152587890625 -0.15313720703125 0.0689849853515625
0.29425048828125 0.254913330078125 -0.108139038085937 -0.0168533325195312
0.246917724609375 0.346771240234375 0.0305023193359375 0.000701904296875021
0.12811279296875 0.437530517578125 0.0286788940429688 0.0833740234375
0.145187377929687 0.266876220703125 -0.131988525390625 0.518310546875
0.157821655273438 0.221771240234375 -0.025146484375 0.32208251953125
0.182571411132813 0.158309936523438 -0.0655517578125 0.141036987304688
0.187759399414063 0.06781005859375 -0.126083374023437 0.120246887207031
0.186325073242188 0.024383544921875 -0.170623779296875 0.123809814453125
0.1790771484375 -0.0808563232421875 -0.209304809570313 0.190567016601562
0.13934326171875 -0.128433227539063 -0.196380615234375 0.301025390625
0.138893127441406 -0.122390747070313 -0.176422119140625 0.31317138671875
0.146270751953125 -0.147186279296875 -0.17388916015625 0.294189453125
0.159683227539062 -0.0897369384765625 -0.214950561523438 0.222305297851563
0.195892333984375 -0.016326904296875 -0.180831909179687 0.158355712890625
0.175872802734375 0.0402984619140625 -0.150802612304688 0.0748138427734375
0.14117431640625 0.145401000976563 -0.0730209350585937 0.014373779296875
0.148513793945313 0.18292236328125 0.0821762084960938 0.092437744140625
0.1165771484375 0.262069702148438 0.05731201171875 0.24041748046875
0.152023315429688 0.04522705078125 -0.0743408203124999 0.61041259765625
0.126502990722656 0.0288619995117188 0.025970458984375 0.394805908203125
0.0745315551757813 -0.0294570922851563 -0.0176544189453125 0.174423217773438
0.0309276580810547 -0.0267982482910156 -0.0842132568359375 0.1414794921875
0.0207061767578125 -0.00878143310546875 -0.152450561523438 0.116348266601563
0.0312061309814453 -0.0153064727783203 -0.218673706054688 0.214370727539062
0.0289802551269531 -0.00741195678710938 -0.204742431640625 0.3441162109375
0.0304946899414063 -0.00920486450195313 -0.18408203125 0.3460693359375
0.0510063171386719 -0.00779342651367187 -0.204925537109375 0.322601318359375
0.0469017028808594 0.0168685913085938 -0.245529174804688 0.217727661132812
0.0350418090820313 0.0436744689941406 -0.195022583007812 0.119522094726563
-0.00695991516113281 0.0319137573242188 -0.140129089355469 0.0523300170898437
-0.007415771484375 -0.00649499893188477 -0.0419349670410156 0.0257911682128906
0.0548286437988281 -0.0158958435058594 0.106109619140625 0.151809692382813
0.103118896484375 0.044219970703125 0.07855224609375 0.33489990234375
-0.102737426757812 0.198928833007813 -0.15350341796875 -0.337860107421875
0.010528564453125 0.190963745117188 -0.143844604492187 -0.195632934570313
0.127426147460937 0.157974243164063 -0.0104589462280273 -0.000908851623535147
0.16595458984375 0.034515380859375 0.104034423828125 -0.0121994018554688
0.142974853515625 -0.0533447265625 0.197708129882813 -0.038421630859375
0.0640335083007813 -0.113388061523438 0.233596801757813 -0.192550659179688
0.0326004028320313 -0.130058288574219 0.181365966796875 -0.331085205078125
0.0596237182617188 -0.10400390625 0.14306640625 -0.326141357421875
0.0508651733398437 -0.112030029296875 0.151611328125 -0.31951904296875
0.0845108032226563 -0.0780181884765625 0.164093017578125 -0.227798461914063
0.120193481445313 -0.0341339111328125 0.0871124267578125 -0.134765625
0.134735107421875 0.048797607421875 0.016845703125 -0.141738891601563
0.0635223388671875 0.153411865234375 -0.040924072265625 -0.227828979492188
-0.00440979003906251 0.175369262695312 -0.10638427734375 -0.391510009765625
-0.0905380249023438 0.12921142578125 0.02191162109375 -0.64215087890625
-0.068145751953125 0.38702392578125 -0.15570068359375 -0.283447265625
0.042816162109375 0.353546142578125 -0.132720947265625 -0.181793212890625
0.211090087890625 0.324554443359375 -0.0374488830566406 0.0047416687011719
0.29498291015625 0.125732421875 0.0661201477050781 0.0168037414550781
0.28985595703125 -0.018890380859375 0.167831420898438 0.0187225341796875
0.198013305664062 -0.173751831054688 0.217239379882813 -0.136566162109375
0.129638671875 -0.239700317382813 0.16180419921875 -0.264450073242188
0.152099609375 -0.209213256835938 0.104293823242188 -0.255813598632813
0.1356201171875 -0.23876953125 0.104583740234375 -0.2613525390625
0.181472778320313 -0.17254638671875 0.10052490234375 -0.187835693359375
0.252395629882813 -0.08856201171875 0.031158447265625 -0.096343994140625
0.279678344726563 0.0387725830078125 -0.0410079956054687 -0.116943359375
0.204833984375 0.255294799804688 -0.1031494140625 -0.212997436523437
0.1187744140625 0.324310302734375 -0.14910888671875 -0.371612548828125
-0.022705078125 0.32647705078125 -0.0288085937499999 -0.589111328125
-0.030120849609375 0.52398681640625 -0.159103393554688 -0.16290283203125
0.06768798828125 0.478363037109375 -0.114677429199219 -0.122154235839844
0.267822265625 0.46173095703125 -0.0588722229003906 0.0162849426269532
0.39056396484375 0.215057373046875 0.0189666748046875 0.0369949340820313
0.40533447265625 0.03253173828125 0.108261108398438 0.0636138916015625
0.313507080078125 -0.200286865234375 0.159408569335938 -0.068115234375
0.21173095703125 -0.309356689453125 0.109634399414063 -0.1611328125
0.22186279296875 -0.282470703125 0.0502777099609375 -0.146926879882813
0.1920166015625 -0.336151123046875 0.04840087890625 -0.162673950195313
0.24462890625 -0.256515502929688 0.0286941528320313 -0.112022399902344
0.350555419921875 -0.151763916015625 -0.0225906372070312 -0.0354881286621094
0.3988037109375 0.0009765625 -0.0896530151367187 -0.07147216796875
0.339813232421875 0.307861328125 -0.1458740234375 -0.169754028320313
0.243743896484375 0.421630859375 -0.156707763671875 -0.308807373046875
0.05572509765625 0.472686767578125 -0.0537109375 -0.468536376953125
0.01837158203125 0.5845947265625 -0.161331176757813 0.00559997558593754
0.1007080078125 0.536102294921875 -0.094818115234375 -0.0237884521484375
0.306060791015625 0.521881103515625 -0.072662353515625 0.0378646850585938
0.44140625 0.260589599609375 -0.0351181030273437 0.0524787902832031
0.463897705078125 0.068328857421875 0.0239791870117188 0.0944671630859375
0.381561279296875 -0.20330810546875 0.0641860961914063 0.00635910034179686
0.259918212890625 -0.33294677734375 0.0331172943115235 -0.0338134765625
0.2569580078125 -0.312591552734375 -0.0105924606323242 -0.0150642395019531
0.2200927734375 -0.381591796875 -0.00643539428710936 -0.0362358093261719
0.272308349609375 -0.30145263671875 -0.0377693176269531 -0.00994873046875003
0.39990234375 -0.19427490234375 -0.0668449401855468 0.0426177978515625
0.4591064453125 -0.036224365234375 -0.120864868164062 -0.011627197265625
0.4215087890625 0.315521240234375 -0.15692138671875 -0.110382080078125
0.32684326171875 0.452606201171875 -0.11822509765625 -0.21331787109375
0.122955322265625 0.5452880859375 -0.0433349609375 -0.297454833984375
0.0755310058593751 0.55511474609375 -0.15496826171875 0.195388793945313
0.140960693359375 0.504791259765625 -0.0698165893554688 0.0982284545898438
0.315673828125 0.47833251953125 -0.0781631469726562 0.0689926147460938
0.423919677734375 0.23883056640625 -0.0846786499023437 0.0709304809570313
0.44342041015625 0.070068359375 -0.0651931762695312 0.115104675292969
0.3758544921875 -0.184173583984375 -0.0456924438476562 0.0818405151367187
0.260772705078125 -0.309356689453125 -0.052459716796875 0.100105285644531
0.25146484375 -0.2950439453125 -0.0689468383789062 0.120376586914063
0.220245361328125 -0.3631591796875 -0.0561294555664062 0.098724365234375
0.26507568359375 -0.2877197265625 -0.0953598022460937 0.0997543334960937
0.387451171875 -0.185028076171875 -0.101646423339844 0.117965698242188
0.439788818359375 -0.0406494140625 -0.134300231933594 0.045745849609375
0.413787841796875 0.2862548828125 -0.136566162109375 -0.0506134033203125
0.335540771484375 0.417510986328125 -0.0443344116210937 -0.103790283203125
0.15753173828125 0.526123046875 -0.00534057617187499 -0.101676940917969
0.12811279296875 0.438446044921875 -0.129150390625 0.374969482421875
0.16925048828125 0.386810302734375 -0.0359954833984375 0.218582153320313
0.2760009765625 0.336273193359375 -0.0701675415039063 0.107170104980469
0.33355712890625 0.15771484375 -0.113151550292969 0.0971298217773438
0.34161376953125 0.0462646484375 -0.130630493164062 0.127395629882813
0.299560546875 -0.1468505859375 -0.139144897460938 0.149826049804688
0.213241577148438 -0.242263793945313 -0.124923706054687 0.221389770507813
0.20758056640625 -0.231094360351563 -0.115127563476563 0.23907470703125
0.1912841796875 -0.2821044921875 -0.10211181640625 0.219329833984375
0.224380493164063 -0.211837768554688 -0.145034790039062 0.187835693359375
0.31512451171875 -0.119354248046875 -0.132080078125 0.164962768554688
0.337158203125 -0.009002685546875 -0.137535095214844 0.0823516845703125
0.3095703125 0.2314453125 -0.101058959960937 -0.00450134277343748
0.267120361328125 0.321685791015625 0.0351448059082031 0.000789642333984395
0.155181884765625 0.42547607421875 0.0421524047851563 0.0873565673828125
0.154281616210938 0.253875732421875 -0.0798645019531249 0.51812744140625
0.165390014648438 0.209457397460938 0.00976562500000001 0.31951904296875
0.189834594726563 0.148300170898437 -0.043701171875 0.145309448242188
0.19036865234375 0.057586669921875 -0.105621337890625 0.124191284179688
0.18841552734375 0.0126800537109375 -0.1553955078125 0.129852294921875
0.174346923828125 -0.0905609130859375 -0.1917724609375 0.199539184570312
0.131027221679688 -0.138832092285156 -0.165863037109375 0.310546875
0.131660461425781 -0.131797790527344 -0.14410400390625 0.3216552734375
0.136077880859375 -0.15740966796875 -0.142669677734375 0.30169677734375
0.15380859375 -0.100509643554688 -0.190185546875 0.234420776367188
0.194915771484375 -0.0302581787109375 -0.159530639648438 0.168655395507813
0.178390502929688 0.0301361083984375 -0.135879516601563 0.0873870849609375
0.148849487304688 0.13818359375 -0.0648880004882812 0.0230712890625
0.155364990234375 0.173324584960938 0.0926361083984375 0.0874862670898438
0.128158569335937 0.253631591796875 0.0811614990234375 0.238815307617188
0.142318725585938 0.033233642578125 -0.02032470703125 0.603271484375
0.119453430175781 0.0204849243164063 0.065216064453125 0.38623046875
0.0664749145507813 -0.0285453796386719 0.00469970703124999 0.172821044921875
0.0275325775146484 -0.0223846435546875 -0.065093994140625 0.140975952148438
0.0214958190917969 -0.00497817993164063 -0.141525268554688 0.121353149414063
0.035491943359375 -0.0151443481445313 -0.199127197265625 0.225479125976562
0.0342273712158203 -0.0111865997314453 -0.171661376953125 0.353271484375
0.0364456176757813 -0.0124282836914062 -0.15069580078125 0.355377197265625
0.0564956665039062 -0.0139312744140625 -0.173004150390625 0.333282470703125
0.054229736328125 0.0120964050292969 -0.222259521484375 0.233367919921875
0.0451736450195313 0.0417747497558594 -0.179611206054688 0.132186889648437
0.000782012939453121 0.0377845764160156 -0.128952026367188 0.0647048950195313
-0.00854015350341797 0.00431919097900391 -0.035675048828125 0.0333595275878906
0.0468330383300781 -0.0113639831542969 0.1190185546875 0.14471435546875
0.095977783203125 0.041107177734375 0.106414794921875 0.329193115234375
-0.079193115234375 0.194183349609375 -0.166229248046875 -0.32275390625
0.020233154296875 0.17694091796875 -0.152740478515625 -0.184280395507813
0.129051208496094 0.137870788574219 -0.00969791412353515 -0.00380516052246093
0.155181884765625 0.01959228515625 0.0964126586914063 -0.0188522338867188
0.127822875976563 -0.0615692138671875 0.187362670898438 -0.0488433837890625
0.0479507446289062 -0.108627319335938 0.2139892578125 -0.197479248046875
0.0185317993164063 -0.121597290039063 0.155609130859375 -0.32861328125
0.0471038818359375 -0.101158142089844 0.120849609375 -0.322021484375
0.0376129150390625 -0.108749389648438 0.128875732421875 -0.317474365234375
0.0723953247070312 -0.0799179077148438 0.148941040039062 -0.227218627929687
0.110252380371094 -0.0429916381835938 0.0805892944335937 -0.130928039550781
0.134559631347656 0.034393310546875 0.0082855224609375 -0.134330749511719
0.0752716064453125 0.139541625976563 -0.0560760498046875 -0.214508056640625
0.0127716064453125 0.163909912109375 -0.1292724609375 -0.368255615234375
-0.0718612670898438 0.130859375 -0.0172119140624999 -0.61517333984375
-0.0367431640625 0.375244140625 -0.162109375 -0.2708740234375
0.060516357421875 0.332122802734375 -0.139083862304688 -0.172744750976562
0.22021484375 0.29412841796875 -0.0323600769042969 0.00344848632812502
0.2850341796875 0.09991455078125 0.064453125 0.00938415527343751
0.272445678710938 -0.0358428955078125 0.164779663085938 0.00567626953125
0.172927856445313 -0.174057006835938 0.200668334960937 -0.144546508789062
0.104965209960938 -0.232330322265625 0.140670776367188 -0.264907836914063
0.130966186523438 -0.208297729492188 0.08935546875 -0.252365112304688
0.110641479492188 -0.23602294921875 0.0888671875 -0.259185791015625
0.160751342773438 -0.17578125 0.0912628173828125 -0.185073852539063
0.23431396484375 -0.102401733398438 0.0299911499023438 -0.0909347534179688
0.273178100585938 0.017578125 -0.0437545776367187 -0.107162475585938
0.21759033203125 0.230667114257813 -0.111495971679687 -0.196807861328125
0.139129638671875 0.300872802734375 -0.165985107421875 -0.346893310546875
0.00262451171875002 0.31842041015625 -0.05889892578125 -0.561126708984375
0.00509643554687504 0.5072021484375 -0.156570434570312 -0.155807495117187
0.09014892578125 0.453155517578125 -0.116630554199219 -0.116966247558594
0.284149169921875 0.42523193359375 -0.0493354797363281 0.0162849426269532
0.38287353515625 0.181365966796875 0.0231266021728516 0.0302696228027344
0.38824462890625 0.0069580078125 0.11163330078125 0.0507125854492188
0.28424072265625 -0.2060546875 0.148910522460938 -0.077972412109375
0.180938720703125 -0.305328369140625 0.09722900390625 -0.1636962890625
0.194244384765625 -0.283599853515625 0.0445098876953125 -0.144683837890625
0.16033935546875 -0.33203125 0.041412353515625 -0.160720825195313
0.216766357421875 -0.258880615234375 0.0274505615234375 -0.108688354492188
0.32623291015625 -0.168426513671875 -0.0171890258789062 -0.0297870635986328
0.384307861328125 -0.02374267578125 -0.0857391357421875 -0.0610809326171875
0.34893798828125 0.274993896484375 -0.147445678710937 -0.152572631835937
0.261138916015625 0.386932373046875 -0.167236328125 -0.28521728515625
0.08441162109375 0.454986572265625 -0.073028564453125 -0.443267822265625
0.05126953125 0.56549072265625 -0.148147583007813 0.00698852539062503
0.125 0.511016845703125 -0.0892486572265625 -0.0226821899414062
0.3267822265625 0.485107421875 -0.0596427917480468 0.0383529663085938
0.43572998046875 0.22491455078125 -0.0247726440429687 0.0476341247558594
0.45098876953125 0.038848876953125 0.0335311889648438 0.0840377807617187
0.35107421875 -0.21331787109375 0.062225341796875 -0.00226211547851564
0.227264404296875 -0.333984375 0.0313606262207031 -0.0375633239746094
0.22882080078125 -0.314971923828125 -0.00597095489501952 -0.0144033432006836
0.18719482421875 -0.377655029296875 -0.00428390502929686 -0.0357093811035156
0.242462158203125 -0.3028564453125 -0.0307636260986328 -0.00665664672851564
0.37127685546875 -0.20941162109375 -0.0550765991210937 0.0460433959960937
0.44024658203125 -0.060089111328125 -0.111129760742187 -0.00283813476562503
0.42681884765625 0.27874755859375 -0.153213500976562 -0.0958251953125
0.3404541015625 0.412872314453125 -0.12249755859375 -0.196060180664062
0.1519775390625 0.522613525390625 -0.0522308349609375 -0.277740478515625
0.10162353515625 0.534393310546875 -0.130691528320313 0.191055297851563
0.16119384765625 0.4820556640625 -0.0558090209960937 0.0948333740234375
0.333099365234375 0.44451904296875 -0.0609664916992187 0.0701065063476563
0.420379638671875 0.2069091796875 -0.0699195861816406 0.0677604675292969
0.434112548828125 0.04449462890625 -0.0509490966796875 0.108543395996094
0.35150146484375 -0.196014404296875 -0.0397109985351562 0.0768966674804688
0.23175048828125 -0.3121337890625 -0.0428085327148437 0.096710205078125
0.22735595703125 -0.29803466796875 -0.0540771484375 0.119514465332031
0.188720703125 -0.35943603515625 -0.0448379516601563 0.096893310546875
0.237457275390625 -0.289306640625 -0.0805435180664062 0.101585388183594
0.362030029296875 -0.199188232421875 -0.0843353271484375 0.119087219238281
0.420440673828125 -0.06201171875 -0.11968994140625 0.0519866943359375
0.415283203125 0.254486083984375 -0.129196166992187 -0.0401229858398438
0.344482421875 0.381317138671875 -0.0444488525390625 -0.0955352783203125
0.180511474609375 0.503204345703125 -0.00471496582031249 -0.0915756225585937
0.141815185546875 0.420989990234375 -0.0956726074218749 0.364013671875
0.181488037109375 0.367767333984375 -0.01556396484375 0.210891723632813
0.28680419921875 0.31365966796875 -0.051544189453125 0.106681823730469
0.33111572265625 0.13623046875 -0.0953903198242187 0.0944366455078125
0.33563232421875 0.02703857421875 -0.115402221679687 0.124504089355469
0.281707763671875 -0.1572265625 -0.126434326171875 0.148773193359375
0.191909790039063 -0.245956420898437 -0.105453491210937 0.218307495117187
0.190658569335937 -0.235824584960937 -0.0926971435546875 0.235763549804687
0.169464111328125 -0.282684326171875 -0.0818328857421875 0.215042114257812
0.205459594726563 -0.2147216796875 -0.124908447265625 0.188827514648437
0.298187255859375 -0.1319580078125 -0.111770629882812 0.1649169921875
0.326141357421875 -0.024505615234375 -0.120353698730469 0.0867462158203125
0.310394287109375 0.207550048828125 -0.0915679931640625 0.00220489501953126
0.27166748046875 0.295562744140625 0.0380020141601563 0.000370025634765643
0.171478271484375 0.405364990234375 0.0516433715820313 0.0873794555664063
0.155502319335938 0.240371704101563 -0.0411376953125 0.500732421875
0.166763305664063 0.197525024414063 0.0345458984375 0.306060791015625
0.190902709960938 0.138259887695313 -0.0242156982421875 0.141616821289063
0.187973022460938 0.0498046875 -0.0880889892578125 0.120521545410156
0.186019897460937 0.005126953125 -0.141159057617188 0.12945556640625
0.1669921875 -0.096435546875 -0.175506591796875 0.200393676757812
0.121200561523438 -0.142623901367188 -0.14068603515625 0.307830810546875
0.1240234375 -0.136161804199219 -0.1168212890625 0.31744384765625
0.12518310546875 -0.16094970703125 -0.116790771484375 0.297637939453125
0.145645141601563 -0.10546875 -0.166793823242188 0.236007690429688
0.190078735351563 -0.0395050048828125 -0.140243530273437 0.170440673828125
0.176788330078125 0.022247314453125 -0.11993408203125 0.0920257568359375
0.151611328125 0.131149291992188 -0.0560379028320313 0.0271339416503906
0.15570068359375 0.162338256835937 0.0985870361328125 0.0801620483398438
0.133148193359375 0.243576049804687 0.09619140625 0.230361938476563
0.130363464355469 0.0270004272460938 0.0194091796874999 0.57928466796875
0.111480712890625 0.0164947509765625 0.09149169921875 0.367919921875
0.0596923828125 -0.0255012512207031 0.021240234375 0.164215087890625
0.0256481170654297 -0.0177135467529297 -0.0506134033203125 0.134086608886719
0.0230026245117188 -0.00195693969726563 -0.130996704101563 0.120735168457031
0.0386848449707031 -0.0150604248046875 -0.181930541992188 0.225753784179688
0.0368385314941406 -0.0150070190429688 -0.14483642578125 0.350128173828125
0.039215087890625 -0.016021728515625 -0.12310791015625 0.3502197265625
0.0588188171386719 -0.0195655822753906 -0.14453125 0.330352783203125
0.0577278137207031 0.0067901611328125 -0.19842529296875 0.237136840820313
0.0513763427734375 0.03741455078125 -0.162399291992188 0.136428833007812
0.008148193359375 0.0393104553222656 -0.116416931152344 0.0707778930664062
-0.00698280334472656 0.0126132965087891 -0.0280113220214844 0.0366477966308594
0.0408859252929688 -0.0059051513671875 0.125434875488281 0.135101318359375
0.0881118774414063 0.0400848388671875 0.123779296875 0.31610107421875
-0.063323974609375 0.186294555664063 -0.16998291015625 -0.312652587890625
0.023895263671875 0.16497802734375 -0.15582275390625 -0.17529296875
0.125991821289063 0.124107360839844 -0.00974369049072265 -0.00648117065429687
0.144393920898438 0.01220703125 0.0899124145507813 -0.0219192504882813
0.115501403808594 -0.0640640258789063 0.178421020507813 -0.0528564453125
0.037200927734375 -0.10107421875 0.199951171875 -0.195663452148438
0.0103836059570313 -0.111885070800781 0.139678955078125 -0.321563720703125
0.0389328002929687 -0.0970611572265625 0.107879638671875 -0.31524658203125
0.0281295776367187 -0.103492736816406 0.11614990234375 -0.311065673828125
0.0636825561523438 -0.07904052734375 0.141571044921875 -0.224349975585938
0.102149963378906 -0.0469284057617188 0.0774002075195313 -0.126197814941406
0.132034301757813 0.0252838134765625 0.00411987304687501 -0.127532958984375
0.081207275390625 0.128120422363281 -0.0634918212890625 -0.202880859375
0.023101806640625 0.152557373046875 -0.138519287109375 -0.34942626953125
-0.0593185424804688 0.128952026367187 -0.03448486328125 -0.5899658203125
-0.017669677734375 0.3614501953125 -0.162872314453125 -0.264450073242188
0.066741943359375 0.31414794921875 -0.140533447265625 -0.16632080078125
0.219467163085937 0.272491455078125 -0.0289268493652344 0.00107765197753908
0.271682739257813 0.0856170654296875 0.0616950988769531 0.00458908081054688
0.257339477539063 -0.044281005859375 0.159561157226563 -0.001922607421875
0.155609130859375 -0.167892456054688 0.189437866210938 -0.145843505859375
0.0894622802734375 -0.222335815429688 0.127655029296875 -0.26019287109375
0.116546630859375 -0.203567504882813 0.0809326171875 -0.247695922851562
0.095367431640625 -0.228546142578125 0.08062744140625 -0.253524780273438
0.145919799804688 -0.173324584960938 0.087432861328125 -0.180923461914063
0.219985961914063 -0.107513427734375 0.03143310546875 -0.0861587524414063
0.265335083007813 0.005859375 -0.043212890625 -0.100303649902344
0.220321655273438 0.213623046875 -0.115066528320312 -0.18438720703125
0.146987915039063 0.281082153320313 -0.17169189453125 -0.327117919921875
0.018096923828125 0.3092041015625 -0.0715332031250001 -0.53564453125
0.024871826171875 0.49041748046875 -0.152023315429688 -0.1536865234375
0.09918212890625 0.432952880859375 -0.115928649902344 -0.114097595214844
0.286865234375 0.398101806640625 -0.0419921875 0.0140266418457032
0.36981201171875 0.16229248046875 0.0252780914306641 0.0242786407470703
0.3726806640625 -0.0064697265625 0.111671447753906 0.0409088134765625
0.2633056640625 -0.203933715820313 0.14111328125 -0.0816802978515625
0.160736083984375 -0.295135498046875 0.0902252197265625 -0.16278076171875
0.17755126953125 -0.278427124023438 0.0425567626953125 -0.141937255859375
0.14093017578125 -0.32379150390625 0.038299560546875 -0.158050537109375
0.199172973632812 -0.254592895507813 0.0284423828125 -0.1048583984375
0.306640625 -0.1724853515625 -0.0112495422363281 -0.0261497497558594
0.371307373046875 -0.035491943359375 -0.0806121826171875 -0.0552215576171875
0.3485107421875 0.252532958984375 -0.14605712890625 -0.141464233398437
0.264556884765625 0.361724853515625 -0.168838500976563 -0.267929077148437
0.100006103515625 0.441162109375 -0.08013916015625 -0.420196533203125
0.069915771484375 0.548187255859375 -0.13763427734375 0.00351715087890628
0.134613037109375 0.489410400390625 -0.0844650268554687 -0.0235824584960937
0.331634521484375 0.4576416015625 -0.0479583740234375 0.0360336303710938
0.42486572265625 0.204071044921875 -0.0180892944335937 0.0408859252929688
0.437652587890625 0.021881103515625 0.03814697265625 0.0752029418945313
0.32940673828125 -0.2137451171875 0.0594558715820313 -0.00726699829101564
0.2060546875 -0.3248291015625 0.0302772521972656 -0.0393218994140625
0.210479736328125 -0.3111572265625 -0.00176143646240233 -0.0140962600708008
0.165252685546875 -0.36767578125 -0.00191497802734374 -0.0363960266113281
0.2230224609375 -0.297119140625 -0.0248451232910156 -0.0051383972167969
0.349639892578125 -0.21392822265625 -0.0450592041015625 0.0472526550292969
0.4241943359375 -0.0712890625 -0.101966857910156 0.00141143798828126
0.42303466796875 0.255462646484375 -0.147079467773438 -0.0866241455078125
0.339263916015625 0.385894775390625 -0.122283935546875 -0.183578491210937
0.16400146484375 0.50360107421875 -0.0529327392578125 -0.262619018554687
0.113922119140625 0.5179443359375 -0.1142578125 0.182235717773438
0.16766357421875 0.463897705078125 -0.047515869140625 0.089385986328125
0.33740234375 0.421844482421875 -0.0472755432128906 0.066925048828125
0.412933349609375 0.188507080078125 -0.0595588684082031 0.0619392395019531
0.422576904296875 0.028045654296875 -0.0427474975585937 0.101211547851562
0.332550048828125 -0.198394775390625 -0.037017822265625 0.0720062255859375
0.21234130859375 -0.30670166015625 -0.0365066528320312 0.0932235717773437
0.2117919921875 -0.29583740234375 -0.0438156127929688 0.116607666015625
0.17047119140625 -0.35369873046875 -0.0371932983398437 0.0930404663085937
0.21978759765625 -0.28350830078125 -0.069976806640625 0.100669860839844
0.3416748046875 -0.20245361328125 -0.0711593627929687 0.117698669433594
0.405426025390625 -0.071868896484375 -0.108634948730469 0.0532379150390625
0.40869140625 0.233551025390625 -0.121360778808594 -0.0345001220703125
0.340789794921875 0.355743408203125 -0.042633056640625 -0.08978271484375
0.18963623046875 0.4857177734375 -0.000404357910156246 -0.08355712890625
0.146697998046875 0.40704345703125 -0.075531005859375 0.35015869140625
0.1826171875 0.352996826171875 -0.0028228759765625 0.201614379882813
0.290283203125 0.298797607421875 -0.0366668701171875 0.102554321289063
0.325653076171875 0.124847412109375 -0.0832290649414062 0.0886383056640625
0.3292236328125 0.016143798828125 -0.105537414550781 0.118721008300781
0.268997192382813 -0.159439086914063 -0.119308471679687 0.14434814453125
0.178146362304688 -0.243316650390625 -0.09332275390625 0.213104248046875
0.178451538085937 -0.234390258789063 -0.07806396484375 0.230133056640625
0.155502319335938 -0.278182983398437 -0.0699920654296875 0.20806884765625
0.192779541015625 -0.211654663085938 -0.111312866210937 0.186294555664063
0.28436279296875 -0.13568115234375 -0.0974273681640625 0.16168212890625
0.315673828125 -0.03173828125 -0.108589172363281 0.0860824584960938
0.30609130859375 0.1951904296875 -0.0839691162109375 0.00473785400390627
0.267318725585938 0.279129028320313 0.0402641296386719 -3.43322753906079E-05
0.175567626953125 0.39202880859375 0.0582733154296875 0.0870513916015625
0.1513671875 0.231918334960937 -0.020965576171875 0.480621337890625
0.163299560546875 0.190536499023438 0.048614501953125 0.2933349609375
0.189620971679688 0.133529663085938 -0.01031494140625 0.135635375976563
0.18450927734375 0.0463104248046875 -0.0763015747070312 0.113182067871094
0.184005737304688 0.00140380859375 -0.132057189941406 0.125679016113281
0.161468505859375 -0.09722900390625 -0.166168212890625 0.196868896484375
0.114700317382813 -0.142959594726563 -0.1256103515625 0.300872802734375
0.119239807128906 -0.137626647949219 -0.09930419921875 0.309356689453125
0.118560791015625 -0.160263061523438 -0.101715087890625 0.289154052734375
0.139686584472656 -0.105850219726563 -0.150741577148437 0.232879638671875
0.184539794921875 -0.0443878173828125 -0.126296997070312 0.16729736328125
0.1744384765625 0.0179901123046875 -0.108184814453125 0.0915451049804688
0.151123046875 0.127410888671875 -0.0492668151855469 0.0284004211425781
0.151290893554688 0.156082153320313 0.100250244140625 0.0755615234375
0.131820678710938 0.236495971679687 0.104888916015625 0.224044799804688
0.119422912597656 0.0255889892578125 0.03753662109375 0.55596923828125
0.104537963867188 0.0155258178710938 0.104156494140625 0.35107421875
0.0556259155273438 -0.0217552185058594 0.0316314697265625 0.15570068359375
0.0255355834960938 -0.0137729644775391 -0.0409698486328125 0.125602722167969
0.0248832702636719 0.00099945068359375 -0.124870300292969 0.118064880371094
0.04071044921875 -0.0150947570800781 -0.172225952148437 0.223220825195313
0.0392990112304688 -0.017974853515625 -0.128631591796875 0.343109130859375
0.0418357849121094 -0.0188255310058594 -0.10638427734375 0.342193603515625
0.0603485107421875 -0.0236358642578125 -0.128143310546875 0.322113037109375
0.0601119995117187 0.002899169921875 -0.183456420898437 0.234664916992188
0.0555419921875 0.0338020324707031 -0.150741577148437 0.135528564453125
0.013427734375 0.0402793884277344 -0.106239318847656 0.0720291137695312
-0.0043487548828125 0.0192165374755859 -0.0227622985839844 0.0372962951660156
0.0375251770019531 0.000377655029296875 0.128013610839844 0.127914428710938
0.0813217163085938 0.0421218872070313 0.131927490234375 0.3062744140625
-0.0546417236328125 0.1802978515625 -0.171966552734375 -0.311492919921875
0.0249481201171875 0.157699584960938 -0.158523559570313 -0.172576904296875
0.122344970703125 0.116287231445313 -0.00990009307861327 -0.00861072540283203
0.13720703125 0.00887298583984375 0.0860214233398438 -0.0232620239257813
0.107254028320313 -0.064788818359375 0.174819946289063 -0.0548248291015625
0.0305709838867187 -0.0953216552734375 0.195037841796875 -0.1944580078125
0.0063018798828125 -0.105018615722656 0.1318359375 -0.3194580078125
0.0349960327148438 -0.0939254760742188 0.1021728515625 -0.313720703125
0.0230178833007813 -0.100257873535156 0.11224365234375 -0.309783935546875
0.0587615966796875 -0.0778579711914063 0.1400146484375 -0.223800659179688
0.097320556640625 -0.0487518310546875 0.0778732299804688 -0.123619079589844
0.130599975585938 0.0195999145507813 0.00193023681640626 -0.123710632324219
0.0837249755859375 0.121421813964844 -0.0676727294921875 -0.196319580078125
0.02825927734375 0.145401000976563 -0.1439208984375 -0.3397216796875
-0.0504989624023437 0.127357482910156 -0.042236328125 -0.57916259765625
-0.00698852539062502 0.354278564453125 -0.163330078125 -0.265640258789062
0.0682373046875 0.304779052734375 -0.142822265625 -0.164779663085937
0.218978881835938 0.261825561523438 -0.0261993408203125 -0.00132751464843749
0.263397216796875 0.07958984375 0.0602226257324219 0.00127792358398438
0.248397827148438 -0.0479278564453125 0.157669067382813 -0.0065155029296875
0.14666748046875 -0.162521362304688 0.184188842773438 -0.146697998046875
0.0821685791015625 -0.214248657226563 0.12188720703125 -0.25946044921875
0.110641479492187 -0.20037841796875 0.07891845703125 -0.246841430664063
0.08648681640625 -0.22418212890625 0.07781982421875 -0.253265380859375
0.138534545898438 -0.1707763671875 0.08868408203125 -0.179763793945313
0.213043212890625 -0.109710693359375 0.0351181030273438 -0.0831680297851563
0.262649536132813 -0.00042724609375 -0.04229736328125 -0.096954345703125
0.223281860351563 0.204376220703125 -0.116180419921875 -0.177749633789063
0.1505126953125 0.269622802734375 -0.17425537109375 -0.317840576171875
0.027069091796875 0.306243896484375 -0.074676513671875 -0.52496337890625
0.03466796875 0.482574462890625 -0.149551391601563 -0.157958984375
0.1026611328125 0.423828125 -0.115577697753906 -0.114776611328125
0.289215087890625 0.385589599609375 -0.0359764099121094 0.0113449096679688
0.3638916015625 0.15362548828125 0.0261096954345703 0.0197658538818359
0.364471435546875 -0.0123291015625 0.111976623535156 0.0350723266601563
0.252700805664063 -0.200469970703125 0.137466430664063 -0.0839309692382813
0.1512451171875 -0.288665771484375 0.08624267578125 -0.163131713867188
0.169601440429688 -0.275711059570313 0.04351806640625 -0.141403198242188
0.130462646484375 -0.3187255859375 0.0380859375 -0.15850830078125
0.190887451171875 -0.250747680664063 0.03173828125 -0.103553771972656
0.298187255859375 -0.174835205078125 -0.00522041320800779 -0.0243167877197266
0.366119384765625 -0.0413818359375 -0.077117919921875 -0.052947998046875
0.34881591796875 0.24310302734375 -0.144683837890625 -0.135604858398438
0.267425537109375 0.348358154296875 -0.169265747070313 -0.25958251953125
0.107666015625 0.436126708984375 -0.079986572265625 -0.41082763671875
0.077423095703125 0.541534423828125 -0.131538391113281 -0.0021286010742187
0.136993408203125 0.4813232421875 -0.0816268920898437 -0.0263595581054687
0.336181640625 0.44622802734375 -0.038818359375 0.03253173828125
0.420135498046875 0.193817138671875 -0.0145416259765625 0.0355758666992188
0.43072509765625 0.014984130859375 0.0408439636230469 0.0682640075683594
0.320648193359375 -0.21124267578125 0.0580024719238282 -0.00999832153320314
0.196319580078125 -0.319244384765625 0.0301780700683594 -0.0404052734375
0.203582763671875 -0.308868408203125 0.00278854370117189 -0.0151786804199219
0.15447998046875 -0.3631591796875 -7.62939453124906E-05 -0.037872314453125
0.2147216796875 -0.29229736328125 -0.0195045471191406 -0.00428771972656251
0.34063720703125 -0.21527099609375 -0.0369758605957031 0.0472793579101562
0.418121337890625 -0.076416015625 -0.0960540771484375 0.00157928466796873
0.421295166015625 0.2471923828125 -0.143814086914063 -0.0825653076171875
0.338043212890625 0.373138427734375 -0.120452880859375 -0.17724609375
0.170196533203125 0.498809814453125 -0.0504150390625 -0.254074096679687
0.1180419921875 0.513885498046875 -0.10577392578125 0.174697875976563
0.16943359375 0.457763671875 -0.0414886474609375 0.0851211547851563
0.344573974609375 0.413360595703125 -0.0360031127929687 0.0631675720214844
0.40936279296875 0.18133544921875 -0.0540924072265625 0.0563240051269531
0.4195556640625 0.02069091796875 -0.0384674072265625 0.0952682495117188
0.325225830078125 -0.198089599609375 -0.0363082885742187 0.0693473815917969
0.203399658203125 -0.30340576171875 -0.0330276489257812 0.0905685424804687
0.205230712890625 -0.295196533203125 -0.0365829467773437 0.114524841308594
0.161773681640625 -0.348602294921875 -0.0328140258789062 0.0905532836914062
0.212387084960938 -0.27984619140625 -0.0631561279296875 0.0999984741210937
0.334014892578125 -0.204010009765625 -0.0625686645507813 0.116043090820312
0.398651123046875 -0.075958251953125 -0.101356506347656 0.05279541015625
0.4075927734375 0.226776123046875 -0.11761474609375 -0.0317535400390625
0.33740234375 0.346099853515625 -0.0406112670898437 -0.086669921875
0.194183349609375 0.48236083984375 0.00377655029296876 -0.0785675048828125
0.14630126953125 0.404022216796875 -0.06500244140625 0.341888427734375
0.183135986328125 0.350189208984375 0.00456237792968751 0.196563720703125
0.29254150390625 0.294464111328125 -0.0250320434570312 0.0982284545898438
0.324188232421875 0.12042236328125 -0.0763320922851562 0.0826492309570313
0.327728271484375 0.0115966796875 -0.10125732421875 0.1151123046875
0.264450073242188 -0.159927368164063 -0.117111206054687 0.142532348632813
0.171401977539062 -0.241653442382813 -0.087188720703125 0.210235595703125
0.1751708984375 -0.235809326171875 -0.0689544677734375 0.2274169921875
0.1494140625 -0.27618408203125 -0.0637359619140625 0.204437255859375
0.188278198242188 -0.209747314453125 -0.10357666015625 0.183914184570313
0.279129028320313 -0.137405395507812 -0.0888214111328125 0.159423828125
0.312255859375 -0.033538818359375 -0.100914001464844 0.0851593017578125
0.305419921875 0.1910400390625 -0.0796356201171875 0.00563812255859375
0.264175415039063 0.272171020507813 0.0422477722167969 -0.000202178955078108
0.17547607421875 0.390838623046875 0.063262939453125 0.0889511108398438
0.147354125976563 0.231338500976563 -0.00988769531250003 0.47113037109375
0.161209106445313 0.18963623046875 0.057373046875 0.28662109375
0.190673828125 0.132705688476563 -0.000915527343749978 0.130134582519531
0.184921264648438 0.0452423095703125 -0.0697174072265625 0.107437133789063
0.185104370117188 0.0006103515625 -0.129180908203125 0.122520446777344
0.160781860351563 -0.096832275390625 -0.162933349609375 0.19586181640625
0.112289428710937 -0.14306640625 -0.117645263671875 0.29803466796875
0.118019104003906 -0.1395263671875 -0.09051513671875 0.30596923828125
0.117141723632813 -0.161087036132813 -0.093994140625 0.284912109375
0.13848876953125 -0.106590270996094 -0.142959594726563 0.230728149414063
0.183242797851563 -0.0465240478515625 -0.118179321289063 0.164093017578125
0.17535400390625 0.0178680419921875 -0.101539611816406 0.0903778076171875
0.152069091796875 0.128005981445313 -0.0458030700683594 0.0285148620605469
0.148635864257813 0.155548095703125 0.1025390625 0.0729446411132813
0.13055419921875 0.237869262695313 0.110260009765625 0.223007202148438
0.111907958984375 0.0272369384765625 0.04815673828125 0.544708251953125
0.100685119628906 0.0162353515625 0.112518310546875 0.34326171875
0.0542678833007813 -0.0187301635742188 0.038177490234375 0.149017333984375
0.0263557434082031 -0.0114326477050781 -0.03662109375 0.119560241699219
0.0274429321289062 0.00359344482421875 -0.123703002929687 0.115707397460938
0.0440292358398438 -0.0151939392089844 -0.169677734375 0.222396850585937
0.0406951904296875 -0.0204429626464844 -0.12103271484375 0.340423583984375
0.044036865234375 -0.0212173461914062 -0.097900390625 0.3380126953125
0.0626182556152344 -0.0265960693359375 -0.120513916015625 0.3203125
0.0622825622558594 -3.0517578125E-05 -0.176681518554688 0.2335205078125
0.0586700439453125 0.0309715270996094 -0.144210815429687 0.134201049804688
0.0185890197753906 0.0405197143554688 -0.100234985351563 0.0723648071289062
-0.00122451782226563 0.0248622894287109 -0.0194778442382812 0.0377540588378906
0.0357170104980469 0.00592422485351563 0.130012512207031 0.125511169433594
0.0773162841796875 0.0464706420898438 0.136383056640625 0.30426025390625
-0.046661376953125 0.1785888671875 -0.180938720703125 -0.3170166015625
0.02691650390625 0.154739379882813 -0.165618896484375 -0.172866821289062
0.123344421386719 0.112274169921875 -0.0104751586914062 -0.0106067657470703
0.133697509765625 0.0059051513671875 0.0841064453125 -0.02520751953125
0.102142333984375 -0.0671310424804688 0.174362182617188 -0.05926513671875
0.0252914428710937 -0.092071533203125 0.194183349609375 -0.198287963867188
0.00341796874999999 -0.100883483886719 0.126800537109375 -0.32476806640625
0.0316085815429688 -0.0933609008789062 0.097076416015625 -0.320037841796875
0.0178070068359375 -0.0992660522460938 0.107818603515625 -0.3170166015625
0.0557785034179688 -0.0790252685546875 0.140335083007813 -0.229171752929688
0.0950546264648438 -0.0517578125 0.0794601440429687 -0.124458312988281
0.132034301757813 0.0142288208007813 -0.000236511230468749 -0.123260498046875
0.088897705078125 0.117774963378906 -0.0740203857421875 -0.19439697265625
0.0341033935546875 0.141326904296875 -0.153045654296875 -0.336822509765625
-0.0435562133789062 0.128334045410156 -0.0535278320312501 -0.58135986328125
0.00375366210937504 0.3548583984375 -0.169876098632813 -0.27227783203125
0.07305908203125 0.303070068359375 -0.14849853515625 -0.165939331054687
0.224273681640625 0.256362915039063 -0.0236377716064453 -0.00428771972656248
0.262359619140625 0.074859619140625 0.0597648620605469 -0.0018463134765625
0.245590209960937 -0.0526275634765625 0.159011840820313 -0.01153564453125
0.140731811523438 -0.161941528320313 0.18365478515625 -0.151580810546875
0.0771636962890625 -0.21209716796875 0.117340087890625 -0.265289306640625
0.10626220703125 -0.20306396484375 0.0764923095703125 -0.25164794921875
0.079345703125 -0.224807739257813 0.0755157470703125 -0.26007080078125
0.134841918945313 -0.1737060546875 0.090576171875 -0.183929443359375
0.211151123046875 -0.115036010742188 0.0387039184570313 -0.0835189819335938
0.265823364257813 -0.0073394775390625 -0.0433807373046875 -0.0959930419921875
0.2314453125 0.200088500976563 -0.121322631835937 -0.175155639648437
0.15692138671875 0.265350341796875 -0.182159423828125 -0.315093994140625
0.037689208984375 0.309539794921875 -0.083740234375 -0.52532958984375
0.048126220703125 0.486541748046875 -0.1529541015625 -0.163589477539062
0.10882568359375 0.422760009765625 -0.119026184082031 -0.117439270019531
0.300048828125 0.3798828125 -0.0303916931152344 0.00790977478027346
0.366546630859375 0.147430419921875 0.0271224975585938 0.0154666900634766
0.365509033203125 -0.020233154296875 0.114524841308594 0.0297927856445313
0.2481689453125 -0.20245361328125 0.136878967285156 -0.0891342163085938
0.144989013671875 -0.288299560546875 0.0839080810546875 -0.167434692382813
0.165191650390625 -0.281280517578125 0.0440521240234375 -0.145477294921875
0.12261962890625 -0.321044921875 0.0369415283203125 -0.163009643554688
0.186447143554688 -0.253875732421875 0.0351638793945313 -0.105941772460938
0.295623779296875 -0.18194580078125 -0.000293731689453106 -0.0239486694335938
0.3697509765625 -0.0504150390625 -0.076202392578125 -0.0519943237304688
0.35845947265625 0.238006591796875 -0.147628784179688 -0.132659912109375
0.274627685546875 0.342987060546875 -0.174575805664062 -0.2557373046875
0.1209716796875 0.440826416015625 -0.086151123046875 -0.40972900390625
0.0911254882812501 0.548004150390625 -0.130592346191406 -0.00720214843749997
0.147064208984375 0.483795166015625 -0.0819320678710937 -0.0292434692382812
0.350311279296875 0.442840576171875 -0.0307235717773437 0.0289955139160156
0.426177978515625 0.187591552734375 -0.0115852355957031 0.0316867828369141
0.435302734375 0.0050048828125 0.0444984436035157 0.0642471313476563
0.31671142578125 -0.216644287109375 0.0576553344726563 -0.0132179260253906
0.189849853515625 -0.322174072265625 0.0305519104003906 -0.0436744689941406
0.199371337890625 -0.316650390625 0.00676822662353517 -0.0170650482177735
0.1484375 -0.367767333984375 0.000862121582031257 -0.0401763916015625
0.210723876953125 -0.296600341796875 -0.0151748657226562 -0.00479125976562501
0.3375244140625 -0.22332763671875 -0.0307121276855469 0.0480537414550781
0.42071533203125 -0.085357666015625 -0.0935516357421875 0.00280761718749999
0.431884765625 0.242645263671875 -0.145523071289062 -0.0793304443359375
0.3460693359375 0.368377685546875 -0.1229248046875 -0.175094604492187
0.184234619140625 0.503875732421875 -0.0513153076171875 -0.251754760742187
0.129669189453125 0.519927978515625 -0.0997772216796875 0.17230224609375
0.177520751953125 0.4620361328125 -0.0373382568359375 0.0833740234375
0.358306884765625 0.410614013671875 -0.0262260437011719 0.0597419738769532
0.41778564453125 0.17584228515625 -0.0501174926757812 0.0527915954589844
0.42730712890625 0.01275634765625 -0.0354461669921875 0.0933380126953125
0.323455810546875 -0.205047607421875 -0.0363388061523437 0.06884765625
0.19915771484375 -0.3067626953125 -0.0309371948242187 0.0911712646484375
0.202392578125 -0.30303955078125 -0.0308990478515625 0.114852905273437
0.15618896484375 -0.3543701171875 -0.02972412109375 0.0906219482421875
0.20965576171875 -0.28265380859375 -0.057861328125 0.100898742675781
0.33233642578125 -0.21185302734375 -0.0549392700195312 0.1163330078125
0.403289794921875 -0.08367919921875 -0.0980453491210937 0.0532760620117188
0.41650390625 0.223358154296875 -0.116874694824219 -0.0292434692382813
0.343597412109375 0.34326171875 -0.0400619506835937 -0.0854949951171875
0.206207275390625 0.48797607421875 0.00720214843750001 -0.0752944946289062
0.153167724609375 0.410614013671875 -0.055450439453125 0.3419189453125
0.190582275390625 0.355133056640625 0.012298583984375 0.194931030273438
0.30633544921875 0.292938232421875 -0.0150527954101562 0.094635009765625
0.33148193359375 0.1163330078125 -0.0723800659179687 0.079833984375
0.335693359375 0.005889892578125 -0.0983200073242188 0.114776611328125
0.266403198242188 -0.164901733398438 -0.116928100585937 0.144775390625
0.169204711914062 -0.24615478515625 -0.0830841064453125 0.213394165039063
0.17413330078125 -0.242340087890625 -0.060821533203125 0.229019165039062
0.146453857421875 -0.281982421875 -0.0595703125 0.207351684570312
0.187484741210938 -0.213394165039063 -0.0974578857421875 0.187026977539063
0.279693603515625 -0.144363403320313 -0.0811767578125 0.1595458984375
0.316619873046875 -0.038970947265625 -0.0965805053710937 0.0862274169921875
0.313323974609375 0.18994140625 -0.0787200927734375 0.00724029541015626
0.267974853515625 0.271636962890625 0.0450973510742188 0.000160217285156267
0.184722900390625 0.397491455078125 0.0709762573242188 0.0925064086914063
0.149185180664062 0.235397338867188 0.00222778320312504 0.4730224609375
0.164962768554688 0.192153930664063 0.067352294921875 0.285919189453125
0.196685791015625 0.13250732421875 0.00876617431640627 0.126441955566406
0.188705444335938 0.044158935546875 -0.0656204223632812 0.105033874511719
0.190460205078125 -0.0022430419921875 -0.128334045410156 0.124099731445313
0.163970947265625 -0.100616455078125 -0.162521362304688 0.200439453125
0.111419677734375 -0.14715576171875 -0.111572265625 0.30322265625
0.118881225585937 -0.144882202148438 -0.082061767578125 0.3096923828125
0.116973876953125 -0.166610717773438 -0.0880126953125 0.290283203125
0.139610290527344 -0.109519958496094 -0.13787841796875 0.234588623046875
0.18597412109375 -0.0509490966796875 -0.112533569335938 0.165878295898437
0.18048095703125 0.0153045654296875 -0.0972518920898437 0.0921554565429687
0.158172607421875 0.130569458007813 -0.04376220703125 0.0296211242675781
0.151168823242188 0.158309936523438 0.10723876953125 0.0723724365234375
0.134124755859375 0.243133544921875 0.120223999023438 0.226593017578125
0.108680725097656 0.0293502807617188 0.06146240234375 0.5484619140625
0.099395751953125 0.0175323486328125 0.123291015625 0.342041015625
0.0537872314453125 -0.0172386169433594 0.0458526611328125 0.145645141601563
0.0277271270751953 -0.0105705261230469 -0.0323333740234375 0.116691589355469
0.0305118560791016 0.00514984130859375 -0.124931335449219 0.117469787597656
0.0477066040039063 -0.0165824890136719 -0.169418334960938 0.227264404296875
0.0428276062011719 -0.0230178833007813 -0.114532470703125 0.346160888671875
0.0468215942382813 -0.0248489379882813 -0.09014892578125 0.342071533203125
0.0661430358886719 -0.0312347412109375 -0.11376953125 0.3258056640625
0.0653190612792969 -0.00301742553710938 -0.17236328125 0.238983154296875
0.0629386901855469 0.0288543701171875 -0.141799926757812 0.136138916015625
0.0233039855957031 0.0417900085449219 -0.0969772338867188 0.0747451782226562
0.00215530395507813 0.0297756195068359 -0.0173759460449219 0.0387535095214844
0.0358619689941406 0.0108261108398438 0.13543701171875 0.124664306640625
0.0767745971679688 0.050750732421875 0.146759033203125 0.308837890625
-0.035919189453125 0.179779052734375 -0.200531005859375 -0.320159912109375
0.0322418212890625 0.153213500976563 -0.178176879882812 -0.169525146484375
0.127334594726562 0.106666564941406 -0.0111417770385742 -0.0123691558837891
0.132392883300781 0.0006103515625 0.0827407836914063 -0.0295333862304688
0.0966720581054688 -0.0716094970703125 0.174346923828125 -0.0680999755859375
0.0190582275390625 -0.0898284912109375 0.189743041992187 -0.20880126953125
-0.00162506103515626 -0.0983963012695313 0.11395263671875 -0.33612060546875
0.0264358520507813 -0.0943450927734375 0.084564208984375 -0.331207275390625
0.0111160278320313 -0.0990676879882812 0.096160888671875 -0.33026123046875
0.051483154296875 -0.0815200805664062 0.136459350585938 -0.2406005859375
0.0928192138671875 -0.05706787109375 0.0786819458007812 -0.128334045410156
0.135543823242188 0.006256103515625 -0.00560760498046874 -0.123458862304688
0.0962982177734375 0.112693786621094 -0.084686279296875 -0.1922607421875
0.0414352416992187 0.138259887695313 -0.170928955078125 -0.333404541015625
-0.0343246459960937 0.131797790527344 -0.08062744140625 -0.587158203125
0.02252197265625 0.358184814453125 -0.185699462890625 -0.275604248046875
0.085968017578125 0.302734375 -0.159637451171875 -0.165252685546875
0.236892700195313 0.248672485351563 -0.0219287872314453 -0.00665664672851561
0.266616821289063 0.06585693359375 0.0594253540039063 -0.00598907470703125
0.244216918945313 -0.063385009765625 0.160751342773438 -0.020172119140625
0.134002685546875 -0.1654052734375 0.1805419921875 -0.162078857421875
0.0687255859375 -0.213592529296875 0.1080322265625 -0.27557373046875
0.0983428955078125 -0.209823608398437 0.0678558349609375 -0.261138916015625
0.068511962890625 -0.229827880859375 0.0659027099609375 -0.270401000976562
0.128952026367188 -0.180267333984375 0.08831787109375 -0.192169189453125
0.208465576171875 -0.125747680664063 0.0401458740234375 -0.0859375
0.271240234375 -0.021240234375 -0.0473098754882813 -0.09552001953125
0.24591064453125 0.191680908203125 -0.131729125976562 -0.170425415039063
0.171295166015625 0.260147094726563 -0.19775390625 -0.309661865234375
0.056060791015625 0.314117431640625 -0.106109619140625 -0.53045654296875
0.0728759765625001 0.49200439453125 -0.162750244140625 -0.168075561523437
0.12744140625 0.425079345703125 -0.126991271972656 -0.117996215820312
0.322052001953125 0.37225341796875 -0.0255088806152344 0.00410652160644533
0.376373291015625 0.13555908203125 0.0284709930419922 0.01165771484375
0.370025634765625 -0.037384033203125 0.118202209472656 0.022552490234375
0.242080688476563 -0.211318969726563 0.135078430175781 -0.0971603393554688
0.134552001953125 -0.29486083984375 0.0789337158203125 -0.175186157226563
0.155670166015625 -0.292572021484375 0.0413360595703125 -0.151443481445313
0.1092529296875 -0.329620361328125 0.031707763671875 -0.16937255859375
0.177947998046875 -0.263412475585938 0.0355148315429688 -0.110893249511719
0.291748046875 -0.197479248046875 0.00424385070800783 -0.0246486663818359
0.375701904296875 -0.06854248046875 -0.07861328125 -0.0498275756835938
0.376953125 0.226806640625 -0.1551513671875 -0.126708984375
0.291107177734375 0.335418701171875 -0.186798095703125 -0.250381469726563
0.146148681640625 0.445770263671875 -0.100494384765625 -0.410980224609375
0.118011474609375 0.5550537109375 -0.132095336914063 -0.00902557373046872
0.16827392578125 0.486663818359375 -0.0838699340820312 -0.0299301147460937
0.379119873046875 0.432861328125 -0.0228042602539062 0.0243625640869141
0.439544677734375 0.173187255859375 -0.00887489318847653 0.0275897979736328
0.443939208984375 -0.014373779296875 0.0487213134765625 0.0600929260253906
0.31268310546875 -0.23089599609375 0.0568695068359375 -0.0177726745605469
0.179718017578125 -0.33148193359375 0.0296478271484375 -0.0466842651367188
0.190704345703125 -0.330413818359375 0.00957489013671876 -0.0195465087890625
0.1336669921875 -0.378448486328125 0.000469207763671883 -0.0423698425292969
0.201080322265625 -0.307769775390625 -0.0115833282470703 -0.00501155853271486
0.332061767578125 -0.240447998046875 -0.0234031677246094 0.0484275817871094
0.4266357421875 -0.10443115234375 -0.0927352905273437 0.00543975830078126
0.45172119140625 0.2294921875 -0.149322509765625 -0.072998046875
0.366058349609375 0.36029052734375 -0.129898071289062 -0.170150756835937
0.211456298828125 0.509979248046875 -0.0578460693359375 -0.250900268554687
0.156097412109375 0.528778076171875 -0.0920257568359375 0.1737060546875
0.20159912109375 0.46466064453125 -0.0328445434570312 0.0828018188476563
0.38665771484375 0.4024658203125 -0.0159492492675781 0.05419921875
0.434326171875 0.160400390625 -0.0459938049316406 0.0505027770996094
0.437744140625 -0.00689697265625 -0.0307388305664062 0.0931777954101563
0.322509765625 -0.220184326171875 -0.0352325439453125 0.0698738098144531
0.18988037109375 -0.31884765625 -0.0264205932617187 0.0928421020507812
0.194427490234375 -0.319000244140625 -0.0214691162109375 0.11578369140625
0.1444091796875 -0.3660888671875 -0.0254745483398437 0.0930252075195312
0.2020263671875 -0.294158935546875 -0.0508880615234375 0.104629516601562
0.327972412109375 -0.22845458984375 -0.0460739135742187 0.118087768554687
0.40728759765625 -0.102294921875 -0.0943984985351562 0.0569839477539062
0.43511962890625 0.21246337890625 -0.118881225585937 -0.0237045288085937
0.36090087890625 0.335113525390625 -0.0417327880859375 -0.0838775634765625
0.2310791015625 0.49395751953125 0.00952148437500001 -0.0736770629882812
0.1727294921875 0.417022705078125 -0.0394287109375 0.345703125
0.2081298828125 0.35772705078125 0.024261474609375 0.194869995117188
0.32647705078125 0.285888671875 -0.00420379638671872 0.0903091430664063
0.34332275390625 0.105377197265625 -0.0675201416015625 0.0783920288085937
0.34552001953125 -0.00994873046875 -0.0948944091796875 0.117691040039062
0.266525268554688 -0.17803955078125 -0.114669799804687 0.151535034179688
0.163009643554688 -0.256362915039063 -0.07342529296875 0.219696044921875
0.168853759765625 -0.256668090820313 -0.0489654541015625 0.234207153320312
0.137908935546875 -0.2938232421875 -0.04974365234375 0.21319580078125
0.183486938476563 -0.223190307617187 -0.08880615234375 0.19403076171875
0.278488159179688 -0.15777587890625 -0.0722503662109375 0.163009643554688
0.322021484375 -0.053314208984375 -0.0920028686523437 0.0899810791015625
0.3284912109375 0.18389892578125 -0.0783615112304687 0.011810302734375
0.28125 0.2679443359375 0.0485572814941406 -0.00147247314453123
0.2044677734375 0.402191162109375 0.0820465087890625 0.0944900512695313
0.158950805664063 0.23931884765625 0.0241394042968751 0.478240966796875
0.174774169921875 0.192642211914063 0.084442138671875 0.28509521484375
0.207138061523438 0.128997802734375 0.0192108154296875 0.122810363769531
0.195220947265625 0.0382537841796875 -0.0597915649414062 0.104270935058594
0.197616577148437 -0.0103912353515625 -0.125236511230469 0.1295166015625
0.166397094726563 -0.109603881835938 -0.159332275390625 0.210296630859375
0.10894775390625 -0.154937744140625 -0.0992431640624999 0.31329345703125
0.117080688476563 -0.154922485351563 -0.06658935546875 0.317352294921875
0.113693237304688 -0.17620849609375 -0.075408935546875 0.299468994140625
0.139938354492188 -0.117408752441406 -0.128829956054688 0.244842529296875
0.187774658203125 -0.0601348876953125 -0.104965209960937 0.170669555664063
0.186798095703125 0.008453369140625 -0.0922088623046875 0.096435546875
0.169387817382813 0.129791259765625 -0.0417861938476562 0.0322341918945313
0.158645629882813 0.158554077148438 0.114273071289062 0.0695571899414063
0.14666748046875 0.248199462890625 0.136993408203125 0.228988647460938
0.107505798339844 0.0298690795898437 0.0882263183593751 0.552215576171875
0.10052490234375 0.0159759521484375 0.14422607421875 0.340728759765625
0.0532684326171875 -0.0169486999511719 0.0556793212890625 0.141204833984375
0.0285987854003906 -0.00997734069824219 -0.02716064453125 0.115577697753906
0.0340232849121094 0.00563430786132812 -0.122833251953125 0.123817443847656
0.0521087646484375 -0.0193557739257813 -0.16534423828125 0.23931884765625
0.0445899963378906 -0.0269126892089844 -0.1011962890625 0.357757568359375
0.0484161376953125 -0.0299949645996094 -0.074615478515625 0.351409912109375
0.0681991577148438 -0.0382041931152344 -0.1002197265625 0.33740234375
0.0687789916992188 -0.00727462768554688 -0.164947509765625 0.250762939453125
0.0666847229003906 0.0254135131835937 -0.13726806640625 0.142425537109375
0.0288734436035156 0.0412940979003906 -0.092987060546875 0.0794448852539062
0.00695991516113281 0.0340709686279297 -0.0146293640136719 0.0405197143554688
0.0374374389648438 0.0145149230957031 0.144973754882813 0.121734619140625
0.0789108276367188 0.0538101196289063 0.166534423828125 0.31134033203125
-0.0222320556640625 0.17864990234375 -0.223785400390625 -0.3134765625
0.0407867431640625 0.149063110351563 -0.191436767578125 -0.159622192382813
0.132293701171875 0.0977096557617188 -0.0115928649902344 -0.0134592056274414
0.1298828125 -0.00677490234375 0.0787353515625 -0.034881591796875
0.088714599609375 -0.0767593383789062 0.169662475585938 -0.0791168212890625
0.01171875 -0.0867767333984375 0.179107666015625 -0.220916748046875
-0.00759887695312499 -0.0949859619140625 0.09283447265625 -0.344329833984375
0.0197067260742187 -0.0950241088867188 0.063446044921875 -0.339080810546875
0.00266265869140626 -0.0967788696289063 0.07476806640625 -0.340606689453125
0.0449676513671875 -0.0839385986328125 0.124755859375 -0.252410888671875
0.08856201171875 -0.0630874633789062 0.0743331909179688 -0.132781982421875
0.136054992675781 -0.00485992431640625 -0.01385498046875 -0.12188720703125
0.1043701171875 0.105140686035156 -0.0982666015625 -0.18499755859375
0.050994873046875 0.13299560546875 -0.19317626953125 -0.322174072265625
-0.022247314453125 0.132858276367188 -0.1181640625 -0.58404541015625
0.0489501953125 0.355682373046875 -0.2066650390625 -0.270751953125
0.10302734375 0.297393798828125 -0.172943115234375 -0.157150268554687
0.253082275390625 0.23370361328125 -0.0200157165527344 -0.00967788696289061
0.269241333007813 0.0503082275390625 0.0583305358886719 -0.011474609375
0.238449096679688 -0.0789642333984375 0.15972900390625 -0.0309600830078125
0.123077392578125 -0.16912841796875 0.172271728515625 -0.174224853515625
0.0560302734375 -0.214828491210938 0.0908203125 -0.28424072265625
0.0846405029296875 -0.215789794921875 0.0522918701171875 -0.267990112304688
0.0518951416015625 -0.232086181640625 0.0485687255859375 -0.278427124023438
0.117568969726563 -0.187286376953125 0.08038330078125 -0.200881958007812
0.200485229492188 -0.139083862304688 0.0394210815429688 -0.088348388671875
0.272079467773438 -0.0400543212890625 -0.0533065795898437 -0.091949462890625
0.260665893554688 0.17608642578125 -0.1427001953125 -0.160537719726563
0.187637329101563 0.2490234375 -0.21856689453125 -0.295989990234375
0.07977294921875 0.312774658203125 -0.138275146484375 -0.523651123046875
0.108367919921875 0.489349365234375 -0.176177978515625 -0.163955688476562
0.1527099609375 0.418731689453125 -0.136581420898437 -0.113243103027344
0.347259521484375 0.351531982421875 -0.0217456817626953 -0.00112915039062497
0.383148193359375 0.112335205078125 0.02923583984375 0.00605773925781251
0.367431640625 -0.06134033203125 0.119758605957031 0.0127029418945312
0.229080200195313 -0.223526000976562 0.129776000976563 -0.106887817382813
0.1177978515625 -0.30084228515625 0.0682373046875 -0.182220458984375
0.13812255859375 -0.303741455078125 0.0339202880859375 -0.157394409179688
0.086822509765625 -0.334991455078125 0.0214385986328125 -0.174163818359375
0.162826538085938 -0.273773193359375 0.032928466796875 -0.115303039550781
0.279891967773438 -0.216171264648437 0.00729179382324221 -0.0257606506347656
0.373870849609375 -0.093292236328125 -0.0805740356445312 -0.0450515747070312
0.3963623046875 0.2044677734375 -0.162567138671875 -0.115310668945312
0.312286376953125 0.31854248046875 -0.2020263671875 -0.237945556640625
0.179168701171875 0.44256591796875 -0.124298095703125 -0.404266357421875
0.157135009765625 0.55108642578125 -0.133888244628906 -0.00698852539062499
0.1988525390625 0.480438232421875 -0.0865097045898437 -0.0286407470703125
0.409088134765625 0.409820556640625 -0.016082763671875 0.0176963806152344
0.451690673828125 0.146087646484375 -0.00667381286621091 0.0241603851318359
0.445587158203125 -0.045166015625 0.0534553527832032 0.0537261962890625
0.300750732421875 -0.249908447265625 0.0551605224609375 -0.0222320556640625
0.16082763671875 -0.34136962890625 0.0273323059082031 -0.0501174926757813
0.17108154296875 -0.34503173828125 0.0114955902099609 -0.0229625701904297
0.10919189453125 -0.38739013671875 -0.000846862792968744 -0.0432090759277344
0.184722900390625 -0.31939697265625 -0.00787925720214843 -0.00561904907226565
0.319549560546875 -0.2623291015625 -0.0159530639648437 0.047943115234375
0.4227294921875 -0.13470458984375 -0.09112548828125 0.011016845703125
0.469635009765625 0.203033447265625 -0.153106689453125 -0.0616455078125
0.3865966796875 0.3389892578125 -0.138534545898438 -0.161148071289062
0.248626708984375 0.502410888671875 -0.069427490234375 -0.24639892578125
0.19091796875 0.524871826171875 -0.08135986328125 0.175003051757813
0.230438232421875 0.458465576171875 -0.02703857421875 0.0818405151367188
0.417388916015625 0.379119873046875 -0.00703430175781248 0.0476951599121094
0.4453125 0.135040283203125 -0.0416488647460937 0.0483474731445313
0.4404296875 -0.036895751953125 -0.0237960815429687 0.0919113159179688
0.311981201171875 -0.240325927734375 -0.0329742431640625 0.0716171264648437
0.17120361328125 -0.330078125 -0.019500732421875 0.0939178466796875
0.176727294921875 -0.333587646484375 -0.0113677978515625 0.115455627441406
0.120819091796875 -0.377105712890625 -0.0177536010742188 0.0948562622070312
0.186065673828125 -0.3060302734375 -0.0410842895507812 0.107505798339844
0.314910888671875 -0.249786376953125 -0.0349349975585937 0.118881225585938
0.404266357421875 -0.12908935546875 -0.08935546875 0.0622634887695312
0.45379638671875 0.18817138671875 -0.118293762207031 -0.014312744140625
0.383026123046875 0.31646728515625 -0.0442733764648437 -0.080718994140625
0.26690673828125 0.485992431640625 0.0106048583984375 -0.07159423828125
0.200714111328125 0.411041259765625 -0.016754150390625 0.345245361328125
0.230804443359375 0.349212646484375 0.03839111328125 0.191635131835938
0.34954833984375 0.26885986328125 0.00682830810546877 0.0831680297851563
0.352294921875 0.085479736328125 -0.060516357421875 0.0780105590820312
0.3497314453125 -0.032989501953125 -0.0866928100585938 0.122039794921875
0.258926391601563 -0.196151733398438 -0.107574462890625 0.158660888671875
0.14874267578125 -0.267715454101563 -0.0588531494140625 0.225204467773437
0.15509033203125 -0.270401000976563 -0.0305633544921875 0.235916137695312
0.120758056640625 -0.3052978515625 -0.0337677001953125 0.217575073242187
0.172256469726563 -0.235076904296875 -0.074615478515625 0.200546264648437
0.269393920898438 -0.17706298828125 -0.05987548828125 0.165191650390625
0.3221435546875 -0.07403564453125 -0.0846633911132813 0.0947418212890625
0.343719482421875 0.168182373046875 -0.0756454467773437 0.0180282592773437
0.298309326171875 0.255889892578125 0.0517616271972656 -0.00373840332031248
0.232330322265625 0.397003173828125 0.0940933227539063 0.0918197631835938
0.174057006835938 0.235855102539063 0.056793212890625 0.47515869140625
0.186813354492188 0.185577392578125 0.105133056640625 0.278854370117188
0.217361450195313 0.118667602539063 0.0300827026367188 0.115089416503906
0.199417114257813 0.02740478515625 -0.052276611328125 0.103546142578125
0.2010498046875 -0.0231781005859375 -0.117561340332031 0.135734558105469
0.163497924804688 -0.121368408203125 -0.148834228515625 0.222335815429688
0.10205078125 -0.162689208984375 -0.07879638671875 0.3211669921875
0.109786987304687 -0.165283203125 -0.04425048828125 0.32159423828125
0.104354858398437 -0.187240600585938 -0.053466796875 0.305419921875
0.135154724121094 -0.126693725585938 -0.1123046875 0.25457763671875
0.185516357421875 -0.07305908203125 -0.093658447265625 0.1748046875
0.190353393554688 -0.0037689208984375 -0.0844802856445313 0.101104736328125
0.18133544921875 0.1229248046875 -0.0387115478515625 0.0359458923339844
0.168441772460938 0.153152465820313 0.120948791503906 0.062530517578125
0.163162231445312 0.245742797851563 0.157119750976563 0.223541259765625
0.107749938964844 0.027679443359375 0.124267578125 0.54571533203125
0.101455688476563 0.0117340087890625 0.169403076171875 0.330322265625
0.0515556335449219 -0.0183830261230469 0.0656661987304688 0.133384704589844
0.0289077758789062 -0.0102996826171875 -0.0195541381835938 0.113739013671875
0.0374374389648438 0.00423812866210938 -0.116813659667969 0.131149291992188
0.0538101196289063 -0.0236396789550781 -0.153396606445313 0.251327514648438
0.0448074340820313 -0.0315399169921875 -0.0787353515625 0.3665771484375
0.049072265625 -0.0350494384765625 -0.051910400390625 0.3577880859375
0.0681991577148438 -0.0458450317382812 -0.07611083984375 0.346527099609375
0.0705032348632813 -0.013763427734375 -0.149124145507813 0.263076782226563
0.0700569152832031 0.0197486877441406 -0.128646850585938 0.150222778320312
0.0343513488769531 0.0391960144042969 -0.0857696533203125 0.0851898193359375
0.0127830505371094 0.0362739562988281 -0.0108833312988281 0.0422782897949219
0.0393218994140625 0.0169944763183594 0.1549072265625 0.11334228515625
0.0816879272460938 0.054107666015625 0.190216064453125 0.304473876953125
-0.0086212158203125 0.172210693359375 -0.242401123046875 -0.295440673828125
0.047332763671875 0.141387939453125 -0.1988525390625 -0.143798828125
0.13360595703125 0.0857315063476563 -0.0123653411865234 -0.0146522521972656
0.123832702636719 -0.0141525268554688 0.0730133056640625 -0.0391616821289063
0.078460693359375 -0.0791854858398438 0.159561157226563 -0.0875396728515625
0.005096435546875 -0.0807952880859375 0.16265869140625 -0.227462768554688
-0.0123367309570312 -0.0886154174804688 0.0675048828125 -0.34332275390625
0.0124282836914063 -0.092559814453125 0.0390625 -0.335540771484375
-0.00488281249999999 -0.0919723510742188 0.048675537109375 -0.339569091796875
0.0374984741210937 -0.0842742919921875 0.107269287109375 -0.256912231445313
0.081451416015625 -0.067535400390625 0.067474365234375 -0.13409423828125
0.132637023925781 -0.015625 -0.0214996337890625 -0.116851806640625
0.108665466308594 0.0948104858398437 -0.109100341796875 -0.172210693359375
0.0580902099609375 0.124053955078125 -0.209686279296875 -0.299560546875
-0.0098724365234375 0.129501342773438 -0.154754638671875 -0.55975341796875
0.072235107421875 0.341796875 -0.222274780273438 -0.254852294921875
0.117401123046875 0.282806396484375 -0.180679321289063 -0.14276123046875
0.26123046875 0.209808349609375 -0.0190887451171875 -0.0130596160888672
0.263702392578125 0.0326385498046875 0.0539054870605469 -0.016326904296875
0.224655151367188 -0.09222412109375 0.15301513671875 -0.041717529296875
0.10858154296875 -0.168655395507813 0.1580810546875 -0.181411743164062
0.0411376953125 -0.209732055664063 0.069854736328125 -0.284515380859375
0.068389892578125 -0.215255737304687 0.0337066650390625 -0.267105102539063
0.03460693359375 -0.22735595703125 0.0288543701171875 -0.276611328125
0.1025390625 -0.189224243164063 0.0682525634765625 -0.2039794921875
0.186355590820313 -0.148788452148437 0.0366592407226563 -0.0890426635742188
0.2635498046875 -0.058563232421875 -0.0574951171875 -0.0851593017578125
0.267547607421875 0.1551513671875 -0.149063110351562 -0.145675659179688
0.1986083984375 0.22967529296875 -0.231536865234375 -0.273468017578125
0.101959228515625 0.300506591796875 -0.167572021484375 -0.501373291015625
0.13861083984375 0.469085693359375 -0.185516357421875 -0.153579711914062
0.174957275390625 0.39849853515625 -0.142257690429688 -0.103347778320312
0.362060546875 0.319366455078125 -0.0186882019042969 -0.00666427612304685
0.379425048828125 0.086761474609375 0.0276870727539063 0.00128555297851563
0.353515625 -0.08392333984375 0.117591857910156 0.00275421142578124
0.208892822265625 -0.229782104492187 0.119583129882813 -0.112983703613281
0.0960693359375 -0.29779052734375 0.054473876953125 -0.183837890625
0.11541748046875 -0.306060791015625 0.02410888671875 -0.158782958984375
0.062255859375 -0.331451416015625 0.00950622558593749 -0.172988891601563
0.142501831054688 -0.27642822265625 0.0274276733398438 -0.116493225097656
0.2587890625 -0.227645874023437 0.00986862182617189 -0.0268611907958985
0.359619140625 -0.116607666015625 -0.08056640625 -0.038177490234375
0.402069091796875 0.17376708984375 -0.164276123046875 -0.099578857421875
0.324005126953125 0.290679931640625 -0.210311889648437 -0.218154907226563
0.208038330078125 0.421783447265625 -0.143218994140625 -0.38555908203125
0.19158935546875 0.530670166015625 -0.13336181640625 -0.00309753417968748
0.22406005859375 0.456878662109375 -0.087005615234375 -0.0241470336914062
0.42864990234375 0.3709716796875 -0.0114450454711914 0.00975036621093752
0.450439453125 0.114593505859375 -0.00481986999511716 0.0197429656982422
0.43133544921875 -0.07391357421875 0.0557289123535157 0.046173095703125
0.276763916015625 -0.260116577148438 0.0511398315429688 -0.0258750915527344
0.135772705078125 -0.341583251953125 0.0236473083496094 -0.0519752502441406
0.144866943359375 -0.349365234375 0.0115776062011719 -0.0261154174804688
0.081268310546875 -0.384124755859375 -0.00225448608398437 -0.0434494018554688
0.161346435546875 -0.321807861328125 -0.00478029251098632 -0.00672912597656252
0.29443359375 -0.2760009765625 -0.00865173339843748 0.0459403991699219
0.404541015625 -0.158538818359375 -0.0870132446289062 0.0160751342773438
0.475738525390625 0.168792724609375 -0.150680541992187 -0.0485076904296875
0.398101806640625 0.308380126953125 -0.142974853515625 -0.147552490234375
0.279937744140625 0.4788818359375 -0.079132080078125 -0.233566284179688
0.221710205078125 0.50262451171875 -0.069366455078125 0.171127319335938
0.254058837890625 0.43389892578125 -0.020965576171875 0.0791854858398438
0.43463134765625 0.343048095703125 -0.000442504882812476 0.0379447937011719
0.44580078125 0.10455322265625 -0.0367698669433593 0.0451316833496094
0.4298095703125 -0.066131591796875 -0.0167694091796875 0.088165283203125
0.29022216796875 -0.254364013671875 -0.0294418334960937 0.0720367431640625
0.148895263671875 -0.331817626953125 -0.0126876831054687 0.0922012329101562
0.152313232421875 -0.33978271484375 -0.00141906738281248 0.110855102539062
0.092529296875 -0.37615966796875 -0.0088348388671875 0.0930862426757812
0.163665771484375 -0.3095703125 -0.030029296875 0.106498718261719
0.290557861328125 -0.2628173828125 -0.0239715576171875 0.115509033203125
0.387359619140625 -0.15325927734375 -0.0813827514648437 0.0652389526367187
0.45782470703125 0.156494140625 -0.113418579101562 -0.00502014160156248
0.39178466796875 0.2867431640625 -0.045318603515625 -0.0754165649414062
0.29534912109375 0.46063232421875 0.0113182067871094 -0.0689735412597656
0.222930908203125 0.39453125 0.00689697265625005 0.33489990234375
0.247772216796875 0.329132080078125 0.0506134033203125 0.182525634765625
0.361328125 0.2403564453125 0.0144805908203125 0.0726852416992188
0.351531982421875 0.06158447265625 -0.0534133911132812 0.0758056640625
0.34161376953125 -0.05694580078125 -0.0767135620117187 0.1214599609375
0.243133544921875 -0.20831298828125 -0.0974578857421874 0.162765502929688
0.130050659179687 -0.27056884765625 -0.041748046875 0.223175048828125
0.135162353515625 -0.277023315429687 -0.0124359130859375 0.230117797851562
0.097747802734375 -0.3070068359375 -0.0155487060546875 0.21429443359375
0.155349731445313 -0.239044189453125 -0.0577392578125 0.199905395507812
0.252197265625 -0.188247680664063 -0.0461578369140625 0.162139892578125
0.31121826171875 -0.09375 -0.074737548828125 0.0965194702148437
0.350921630859375 0.1436767578125 -0.0701408386230468 0.0237808227539062
0.306121826171875 0.232330322265625 0.0527458190917969 -0.00745773315429686
0.25518798828125 0.377410888671875 0.103271484375 0.0850982666015625
0.184799194335938 0.223358154296875 0.087158203125 0.457183837890625
0.193954467773438 0.172164916992188 0.12255859375 0.263046264648438
0.221282958984375 0.104141235351563 0.0382156372070313 0.104736328125
0.197891235351563 0.015472412109375 -0.0438079833984375 0.1002197265625
0.19744873046875 -0.035980224609375 -0.106346130371094 0.138221740722656
0.154129028320313 -0.130630493164063 -0.133682250976563 0.227401733398438
0.0906829833984375 -0.166793823242188 -0.05517578125 0.319000244140625
0.098114013671875 -0.171188354492188 -0.02056884765625 0.314605712890625
0.090545654296875 -0.192031860351563 -0.029144287109375 0.301361083984375
0.126274108886719 -0.132911682128906 -0.09161376953125 0.255874633789063
0.177536010742188 -0.082977294921875 -0.0790557861328125 0.174835205078125
0.187408447265625 -0.0167083740234375 -0.0740890502929687 0.103073120117188
0.189010620117187 0.110198974609375 -0.0328826904296875 0.0386772155761719
0.17462158203125 0.142196655273437 0.124862670898438 0.05279541015625
0.1766357421875 0.234359741210937 0.173660278320312 0.209518432617188
0.10528564453125 0.0244598388671875 0.158660888671875 0.521881103515625
0.098541259765625 0.00717926025390625 0.18768310546875 0.308990478515625
0.0485382080078125 -0.0188865661621094 0.0725173950195313 0.122550964355469
0.0283317565917969 -0.0103588104248047 -0.0118331909179687 0.108245849609375
0.0397605895996094 0.00216293334960937 -0.106452941894531 0.134391784667969
0.0542182922363281 -0.02886962890625 -0.136550903320312 0.256515502929688
0.0432395935058594 -0.0352973937988281 -0.051971435546875 0.363983154296875
0.046905517578125 -0.0398635864257813 -0.02557373046875 0.351715087890625
0.0647506713867188 -0.0533332824707031 -0.0487060546875 0.34307861328125
0.069366455078125 -0.0193367004394531 -0.127944946289063 0.267822265625
0.0712738037109375 0.014190673828125 -0.115585327148438 0.15301513671875
0.0383491516113281 0.0354232788085938 -0.07696533203125 0.0878753662109375
0.0183143615722656 0.0366020202636719 -0.00623321533203125 0.0426292419433594
0.0407142639160156 0.0175666809082031 0.160568237304688 0.100692749023438
0.0830154418945313 0.0526962280273438 0.209503173828125 0.28668212890625
0.000106811523437492 0.163009643554688 -0.248367309570313 -0.275436401367187
0.0506362915039063 0.132514953613281 -0.19781494140625 -0.130294799804688
0.131271362304688 0.0760421752929688 -0.012385368347168 -0.0160589218139648
0.116973876953125 -0.0181884765625 0.0666313171386719 -0.0401649475097656
0.068817138671875 -0.0780258178710938 0.149078369140625 -0.0893707275390625
0.00115203857421875 -0.0739364624023438 0.14892578125 -0.225860595703125
-0.0147247314453125 -0.0821762084960938 0.0499267578125 -0.3333740234375
0.00702667236328125 -0.0882415771484375 0.023223876953125 -0.3253173828125
-0.00954437255859375 -0.085052490234375 0.03143310546875 -0.32989501953125
0.0319747924804688 -0.0815887451171875 0.0942230224609375 -0.2547607421875
0.07513427734375 -0.0688552856445313 0.0624618530273438 -0.130859375
0.1265869140625 -0.0221328735351563 -0.025634765625 -0.109321594238281
0.108627319335938 0.0857009887695313 -0.11260986328125 -0.158706665039063
0.0605621337890625 0.114974975585937 -0.214157104492187 -0.27728271484375
-0.00124359130859375 0.123924255371094 -0.170928955078125 -0.530609130859375
0.085693359375 0.32305908203125 -0.226699829101562 -0.23876953125
0.123077392578125 0.266464233398438 -0.18060302734375 -0.131210327148438
0.259567260742188 0.189529418945313 -0.0183696746826172 -0.0166740417480469
0.252944946289062 0.0214996337890625 0.0497322082519531 -0.0189170837402344
0.20916748046875 -0.09710693359375 0.144882202148437 -0.046722412109375
0.0971221923828125 -0.162643432617188 0.145416259765625 -0.181259155273438
0.03277587890625 -0.200332641601563 0.055023193359375 -0.277908325195313
0.057098388671875 -0.209930419921875 0.0211639404296875 -0.260330200195313
0.0229034423828125 -0.216644287109375 0.0156097412109375 -0.269027709960938
0.0904083251953125 -0.185256958007812 0.059173583984375 -0.202041625976563
0.172286987304688 -0.150955200195313 0.0350494384765625 -0.0872573852539063
0.251419067382813 -0.0686187744140625 -0.058319091796875 -0.078338623046875
0.26495361328125 0.138565063476563 -0.148529052734375 -0.132171630859375
0.199432373046875 0.211929321289063 -0.23272705078125 -0.251663208007812
0.114227294921875 0.28521728515625 -0.179962158203125 -0.472381591796875
0.155914306640625 0.44464111328125 -0.187286376953125 -0.143402099609375
0.183868408203125 0.377288818359375 -0.142105102539063 -0.0948181152343749
0.361053466796875 0.290130615234375 -0.0174903869628906 -0.012883186340332
0.36767578125 0.068603515625 0.0257606506347656 -0.00286293029785156
0.334320068359375 -0.096282958984375 0.112594604492188 -0.00391387939453126
0.191604614257813 -0.226425170898438 0.110183715820313 -0.113731384277344
0.08203125 -0.28814697265625 0.0440216064453125 -0.18048095703125
0.0985107421875 -0.3001708984375 0.0172119140625 -0.155899047851563
0.044708251953125 -0.31884765625 0.00286865234375001 -0.167984008789063
0.125839233398437 -0.27099609375 0.024383544921875 -0.115928649902344
0.240219116210937 -0.2298583984375 0.0120658874511719 -0.0274219512939453
0.341766357421875 -0.12896728515625 -0.0779495239257812 -0.0334014892578125
0.397186279296875 0.152496337890625 -0.159820556640625 -0.087188720703125
0.323272705078125 0.267486572265625 -0.20916748046875 -0.199874877929687
0.221282958984375 0.3984375 -0.150604248046875 -0.362060546875
0.20880126953125 0.502655029296875 -0.13055419921875 -0.000907897949218732
0.2327880859375 0.431915283203125 -0.0853958129882812 -0.0212478637695312
0.42938232421875 0.338043212890625 -0.0091285705566406 0.00171089172363283
0.438201904296875 0.0919189453125 -0.00459098815917966 0.0155372619628906
0.411834716796875 -0.090667724609375 0.055938720703125 0.0394706726074219
0.257308959960938 -0.26055908203125 0.0466461181640625 -0.02679443359375
0.117645263671875 -0.333648681640625 0.0204887390136719 -0.0519676208496094
0.1256103515625 -0.344390869140625 0.0109958648681641 -0.0279636383056641
0.060577392578125 -0.371490478515625 -0.00264358520507812 -0.0423851013183594
0.143280029296875 -0.314453125 -0.0024127960205078 -0.00841236114501955
0.270492553710938 -0.277053833007812 -0.00367355346679686 0.0426559448242187
0.383544921875 -0.170989990234375 -0.0818862915039062 0.018798828125
0.469451904296875 0.14349365234375 -0.143600463867187 -0.03912353515625
0.394439697265625 0.282501220703125 -0.140945434570312 -0.135894775390625
0.291107177734375 0.450958251953125 -0.081085205078125 -0.219879150390625
0.237060546875 0.47637939453125 -0.0595703125 0.164443969726563
0.26190185546875 0.410675048828125 -0.0163345336914062 0.0752334594726563
0.43450927734375 0.311370849609375 0.00240135192871096 0.0280475616455078
0.43359375 0.0833740234375 -0.0334281921386718 0.0408248901367188
0.41192626953125 -0.08367919921875 -0.0122222900390625 0.0823745727539063
0.269058227539063 -0.257217407226563 -0.0270004272460937 0.0714645385742188
0.129852294921875 -0.325225830078125 -0.0079498291015625 0.0881881713867187
0.1326904296875 -0.336090087890625 0.00476074218750001 0.10394287109375
0.073089599609375 -0.36602783203125 -0.0022430419921875 0.0889511108398437
0.1468505859375 -0.30303955078125 -0.0222702026367187 0.102561950683594
0.269088745117188 -0.264602661132813 -0.0159149169921875 0.109519958496094
0.366668701171875 -0.1634521484375 -0.074310302734375 0.065338134765625
0.45098876953125 0.133575439453125 -0.105705261230469 0.000450134277343739
0.388580322265625 0.262451171875 -0.04412841796875 -0.071136474609375
0.3079833984375 0.4364013671875 0.0132064819335938 -0.0656204223632812
0.23193359375 0.37274169921875 0.02044677734375 0.31939697265625
0.252166748046875 0.31024169921875 0.0572509765625 0.171768188476563
0.35882568359375 0.216949462890625 0.0174026489257813 0.0623435974121094
0.341888427734375 0.0458984375 -0.048004150390625 0.0704116821289063
0.328765869140625 -0.0701904296875 -0.068634033203125 0.117141723632813
0.22625732421875 -0.211471557617188 -0.088409423828125 0.161834716796875
0.115478515625 -0.2667236328125 -0.0302734375 0.216796875
0.119247436523438 -0.274566650390625 -0.000457763671875016 0.21917724609375
0.081390380859375 -0.300140380859375 -0.00328063964843748 0.20538330078125
0.141525268554687 -0.236221313476562 -0.044525146484375 0.194259643554687
0.235397338867188 -0.191436767578125 -0.0357818603515625 0.15533447265625
0.295318603515625 -0.103271484375 -0.0665664672851562 0.0947418212890625
0.3468017578125 0.12493896484375 -0.0633697509765625 0.0263519287109375
0.3033447265625 0.21429443359375 0.0528984069824219 -0.0102691650390625
0.26434326171875 0.35614013671875 0.108062744140625 0.0784912109375
0.186569213867187 0.210800170898437 0.102264404296875 0.43402099609375
0.1934814453125 0.160797119140625 0.13006591796875 0.246627807617187
0.217758178710938 0.092529296875 0.0406951904296875 0.09442138671875
0.191879272460938 0.0077056884765625 -0.0376663208007812 0.0942306518554688
0.191329956054688 -0.0432586669921875 -0.0974960327148437 0.135047912597656
0.145095825195313 -0.13348388671875 -0.121719360351562 0.226226806640625
0.0814666748046875 -0.165069580078125 -0.03887939453125 0.309844970703125
0.0879974365234375 -0.171630859375 -0.00485229492187498 0.30126953125
0.0793914794921875 -0.190994262695313 -0.012115478515625 0.2901611328125
0.11700439453125 -0.134086608886719 -0.0756683349609375 0.250259399414063
0.167984008789063 -0.0871734619140625 -0.0680084228515625 0.16925048828125
0.180755615234375 -0.02386474609375 -0.065460205078125 0.100845336914063
0.189834594726563 0.0994720458984375 -0.02789306640625 0.0390090942382813
0.174407958984375 0.133087158203125 0.123908996582031 0.0452957153320313
0.18084716796875 0.222549438476562 0.179367065429688 0.194854736328125
0.101287841796875 0.0227203369140625 0.17547607421875 0.49371337890625
0.09417724609375 0.00406646728515625 0.1942138671875 0.287841796875
0.0456008911132813 -0.0172882080078125 0.0739059448242187 0.112297058105469
0.0271625518798828 -0.0101222991943359 -0.007049560546875 0.101486206054688
0.0412445068359375 0.00113296508789063 -0.098114013671875 0.131744384765625
0.0526885986328125 -0.031768798828125 -0.122879028320312 0.253921508789063
0.0415115356445313 -0.0374374389648437 -0.033538818359375 0.3536376953125
0.0446434020996094 -0.0421829223632813 -0.00921630859374997 0.338348388671875
0.0601806640625 -0.0572052001953125 -0.02960205078125 0.330535888671875
0.067230224609375 -0.0228462219238281 -0.110610961914063 0.263702392578125
0.0699310302734375 0.0101661682128906 -0.104904174804687 0.15093994140625
0.0396842956542969 0.0314788818359375 -0.0683517456054687 0.0869293212890625
0.0228652954101562 0.0353469848632813 -0.00257110595703125 0.0423545837402344
0.0412254333496094 0.0185623168945313 0.159454345703125 0.0898895263671875
0.0829010009765625 0.051239013671875 0.217300415039063 0.267608642578125
0.00354003906250002 0.154983520507813 -0.24761962890625 -0.26605224609375
0.0499649047851563 0.125999450683594 -0.194580078125 -0.124221801757812
0.126777648925781 0.0701675415039063 -0.0125598907470703 -0.0187549591064453
0.111465454101562 -0.0187911987304688 0.0619583129882813 -0.039642333984375
0.0623550415039063 -0.0746612548828125 0.141891479492188 -0.0882110595703125
0.000286102294921879 -0.0679931640625 0.142013549804688 -0.222244262695313
-0.0145797729492188 -0.0769805908203125 0.04150390625 -0.324462890625
0.00511932373046876 -0.0844802856445313 0.015625 -0.31622314453125
-0.0110397338867187 -0.07928466796875 0.023406982421875 -0.32086181640625
0.0286026000976563 -0.0788192749023438 0.08807373046875 -0.251190185546875
0.0704803466796875 -0.0678024291992188 0.0610504150390625 -0.127304077148438
0.121940612792969 -0.02532958984375 -0.0268325805664062 -0.104217529296875
0.106758117675781 0.0807342529296875 -0.111785888671875 -0.15008544921875
0.0602188110351563 0.108551025390625 -0.21160888671875 -0.263046264648438
0.00328063964843751 0.118049621582031 -0.173736572265625 -0.5074462890625
0.088653564453125 0.30950927734375 -0.22637939453125 -0.229721069335937
0.121917724609375 0.2557373046875 -0.177642822265625 -0.1243896484375
0.253005981445313 0.177658081054688 -0.0186367034912109 -0.02093505859375
0.244216918945313 0.017364501953125 0.0461616516113281 -0.0201148986816406
0.198501586914062 -0.09649658203125 0.138862609863281 -0.0472259521484375
0.0912628173828125 -0.155410766601563 0.1385498046875 -0.178512573242188
0.029083251953125 -0.19219970703125 0.0467529296875 -0.271453857421875
0.0513153076171875 -0.204315185546875 0.0156402587890625 -0.253387451171875
0.0180206298828125 -0.207733154296875 0.00987243652343748 -0.262466430664063
0.084259033203125 -0.179641723632813 0.0553131103515625 -0.199295043945313
0.164382934570312 -0.149032592773437 0.0358352661132813 -0.0854263305664063
0.242507934570313 -0.07269287109375 -0.0575332641601562 -0.074554443359375
0.261520385742188 0.129257202148438 -0.144912719726562 -0.123825073242187
0.196731567382813 0.201766967773438 -0.22821044921875 -0.23907470703125
0.118667602539063 0.273788452148438 -0.181732177734375 -0.453155517578125
0.15966796875 0.42633056640625 -0.186080932617187 -0.137893676757813
0.1824951171875 0.362945556640625 -0.139778137207031 -0.0902023315429687
0.355316162109375 0.27227783203125 -0.0175437927246094 -0.0192451477050781
0.356414794921875 0.05902099609375 0.0236225128173828 -0.0049896240234375
0.3204345703125 -0.09869384765625 0.108757019042969 -0.00635528564453126
0.18133544921875 -0.219192504882813 0.104927062988281 -0.11199951171875
0.075714111328125 -0.278823852539063 0.0382537841796875 -0.17681884765625
0.09039306640625 -0.293212890625 0.013885498046875 -0.153610229492188
0.037109375 -0.307769775390625 0.000244140624999998 -0.16424560546875
0.117813110351563 -0.263031005859375 0.022857666015625 -0.115425109863281
0.228103637695313 -0.2265625 0.0143852233886719 -0.0279541015625
0.3297119140625 -0.131622314453125 -0.0754013061523437 -0.0310592651367188
0.390350341796875 0.1416015625 -0.15399169921875 -0.0814666748046875
0.31591796875 0.25439453125 -0.203903198242187 -0.189376831054687
0.225006103515625 0.383880615234375 -0.14825439453125 -0.346771240234375
0.211273193359375 0.4835205078125 -0.128273010253906 -0.00107574462890623
0.231689453125 0.4176025390625 -0.0833816528320312 -0.0204925537109375
0.422088623046875 0.317657470703125 -0.00938987731933591 -0.00641918182373045
0.426055908203125 0.082763671875 -0.00496578216552732 0.0118350982666016
0.397735595703125 -0.095458984375 0.054168701171875 0.0351219177246094
0.243850708007813 -0.25390625 0.0443115234375 -0.0262069702148438
0.109954833984375 -0.3232421875 0.0185775756835938 -0.0519752502441407
0.11517333984375 -0.338623046875 0.0109291076660156 -0.0297470092773438
0.05157470703125 -0.35986328125 -0.00202178955078125 -0.04302978515625
0.134063720703125 -0.30682373046875 -0.000500679016113274 -0.00971126556396486
0.258499145507812 -0.271652221679688 5.3405761718764E-05 0.0392532348632812
0.368927001953125 -0.172271728515625 -0.0776596069335937 0.0189361572265625
0.460296630859375 0.13372802734375 -0.135848999023437 -0.035247802734375
0.3863525390625 0.26727294921875 -0.136734008789062 -0.129386901855469
0.29443359375 0.435821533203125 -0.077880859375 -0.210556030273438
0.237701416015625 0.459136962890625 -0.05609130859375 0.157974243164063
0.259918212890625 0.39617919921875 -0.0141677856445312 0.0719985961914063
0.4273681640625 0.2938232421875 0.00233268737792971 0.019552230834961
0.421051025390625 0.0731201171875 -0.0315895080566406 0.0356330871582031
0.397796630859375 -0.089874267578125 -0.0105438232421875 0.0771560668945313
0.256942749023438 -0.251708984375 -0.0258331298828125 0.0707931518554687
0.12225341796875 -0.31719970703125 -0.00600433349609374 0.08538818359375
0.12359619140625 -0.331207275390625 0.00725555419921875 0.098114013671875
0.06378173828125 -0.35528564453125 0.00137329101562499 0.0846939086914062
0.138580322265625 -0.29547119140625 -0.0175094604492187 0.09857177734375
0.256515502929688 -0.260238647460938 -0.0112457275390625 0.103897094726563
0.35284423828125 -0.1650390625 -0.0697708129882812 0.0626792907714843
0.443572998046875 0.12200927734375 -0.0988311767578125 0.00250244140624999
0.379425048828125 0.24945068359375 -0.041717529296875 -0.0688819885253906
0.308349609375 0.41961669921875 0.0169448852539063 -0.0632781982421875
0.232177734375 0.360809326171875 0.02557373046875 0.306243896484375
0.24853515625 0.29998779296875 0.0593719482421875 0.164306640625
0.35345458984375 0.20440673828125 0.0173187255859375 0.05419921875
0.33294677734375 0.039947509765625 -0.045166015625 0.0650291442871094
0.319305419921875 -0.075164794921875 -0.06463623046875 0.112449645996094
0.217437744140625 -0.208831787109375 -0.08428955078125 0.16015625
0.108551025390625 -0.260711669921875 -0.02459716796875 0.210052490234375
0.111724853515625 -0.270828247070313 0.00410461425781251 0.21026611328125
0.073394775390625 -0.293609619140625 0.00276184082031251 0.197402954101562
0.134475708007813 -0.230499267578125 -0.037994384765625 0.1885986328125
0.225341796875 -0.189102172851562 -0.0309295654296875 0.148666381835938
0.284393310546875 -0.105072021484375 -0.0612716674804687 0.0910415649414063
0.34197998046875 0.116424560546875 -0.0575599670410156 0.0264396667480469
0.2967529296875 0.205108642578125 0.0525474548339844 -0.0115966796875
0.2647705078125 0.344940185546875 0.110763549804688 0.0743560791015625
0.183883666992188 0.203933715820313 0.108551025390625 0.41693115234375
0.189697265625 0.155563354492188 0.131240844726562 0.235427856445312
0.213836669921875 0.0881500244140625 0.0404510498046875 0.0868377685546875
0.187103271484375 0.00518798828125 -0.0352630615234375 0.0881423950195313
0.187255859375 -0.0459747314453125 -0.092620849609375 0.129798889160156
0.139968872070313 -0.132659912109375 -0.115631103515625 0.223175048828125
0.0775146484375 -0.16217041015625 -0.030548095703125 0.301605224609375
0.0836181640625 -0.170257568359375 0.001556396484375 0.290863037109375
0.07379150390625 -0.188812255859375 -0.00463867187500001 0.27899169921875
0.112808227539062 -0.132003784179688 -0.0677642822265625 0.24359130859375
0.162033081054688 -0.087249755859375 -0.063018798828125 0.163131713867188
0.17529296875 -0.0268707275390625 -0.0599746704101562 0.0976333618164063
0.188186645507813 0.09375 -0.0241279602050781 0.038299560546875
0.171722412109375 0.128997802734375 0.122177124023438 0.040557861328125
0.180557250976562 0.216323852539063 0.181686401367188 0.185760498046875
0.097625732421875 0.023834228515625 0.1761474609375 0.47332763671875
0.0902328491210938 0.00396728515625 0.193344116210938 0.274215698242188
0.0440139770507813 -0.0147895812988281 0.072601318359375 0.105857849121094
0.0264148712158203 -0.00911521911621094 -0.00547027587890625 0.0952224731445313
0.0427742004394531 -0.0003204345703125 -0.094085693359375 0.127662658691406
0.0522422790527344 -0.0333976745605469 -0.11651611328125 0.250640869140625
0.0402603149414063 -0.0382652282714844 -0.0240478515625 0.3447265625
0.0437049865722656 -0.043731689453125 -0.00137329101562501 0.326507568359375
0.0576896667480469 -0.0592269897460937 -0.020477294921875 0.31976318359375
0.065948486328125 -0.0248374938964844 -0.101577758789063 0.2581787109375
0.0690994262695313 0.00754547119140625 -0.0998687744140625 0.146438598632812
0.0404129028320312 0.0298271179199219 -0.0631027221679688 0.0846328735351563
0.0253086090087891 0.0341300964355469 -0.000347137451171873 0.0413322448730469
0.0420150756835938 0.0201301574707031 0.157455444335938 0.084075927734375
0.0815200805664063 0.0520553588867188 0.217926025390625 0.256378173828125
0.0045166015625 0.15087890625 -0.248428344726562 -0.263717651367188
0.0487213134765625 0.123497009277344 -0.19482421875 -0.123153686523438
0.124832153320313 0.0675582885742188 -0.0138053894042969 -0.0215282440185547
0.108840942382813 -0.0188217163085938 0.0589599609375 -0.0387115478515625
0.058685302734375 -0.0720596313476563 0.140716552734375 -0.0864715576171875
6.86645507812504E-05 -0.0636634826660156 0.14093017578125 -0.221481323242188
-0.0137710571289063 -0.0750732421875 0.037750244140625 -0.32269287109375
0.00409698486328126 -0.082855224609375 0.01226806640625 -0.31390380859375
-0.011077880859375 -0.0762557983398438 0.0201416015625 -0.31878662109375
0.0269317626953125 -0.0775680541992188 0.08587646484375 -0.251815795898437
0.0687141418457031 -0.0680313110351563 0.0631027221679688 -0.126518249511719
0.120468139648438 -0.0267486572265625 -0.0275344848632813 -0.10162353515625
0.10650634765625 0.0790328979492188 -0.112548828125 -0.14617919921875
0.0599517822265625 0.10589599609375 -0.21063232421875 -0.2584228515625
0.00582122802734374 0.115463256835938 -0.173828125 -0.500732421875
0.0899658203125 0.303863525390625 -0.22796630859375 -0.228317260742188
0.121444702148438 0.253082275390625 -0.177780151367187 -0.123931884765625
0.250930786132813 0.172683715820313 -0.0197257995605469 -0.0256824493408203
0.240081787109375 0.015869140625 0.0439300537109375 -0.0204582214355469
0.19366455078125 -0.095001220703125 0.137260437011719 -0.0466384887695313
0.0897216796875 -0.150665283203125 0.137588500976563 -0.1778564453125
0.0294189453125 -0.1890869140625 0.0437164306640625 -0.269683837890625
0.0490264892578125 -0.20318603515625 0.012908935546875 -0.2525634765625
0.01654052734375 -0.204086303710938 0.00747680664062498 -0.26153564453125
0.0820770263671875 -0.17803955078125 0.0544891357421875 -0.200546264648438
0.16168212890625 -0.147979736328125 0.0385055541992188 -0.0861892700195313
0.240036010742188 -0.0739593505859375 -0.057647705078125 -0.073089599609375
0.261474609375 0.126510620117188 -0.14337158203125 -0.121536254882812
0.194534301757813 0.198959350585938 -0.226470947265625 -0.234573364257813
0.1217041015625 0.270950317382813 -0.179901123046875 -0.445770263671875
0.16058349609375 0.421905517578125 -0.186996459960938 -0.137710571289062
0.181396484375 0.3597412109375 -0.139396667480469 -0.0897369384765625
0.35235595703125 0.26507568359375 -0.0190563201904297 -0.0251617431640625
0.351837158203125 0.05694580078125 0.0217514038085938 -0.0077667236328125
0.314666748046875 -0.099761962890625 0.107322692871094 -0.00793457031250001
0.1788330078125 -0.214752197265625 0.103652954101563 -0.111289978027344
0.07464599609375 -0.274795532226563 0.035675048828125 -0.176239013671875
0.0870361328125 -0.293121337890625 0.0128936767578125 -0.153717041015625
0.035247802734375 -0.303375244140625 -0.000656127929687502 -0.165206909179688
0.116500854492188 -0.260482788085938 0.0238189697265625 -0.116470336914063
0.225555419921875 -0.225357055664063 0.0177116394042969 -0.0297412872314453
0.325897216796875 -0.133880615234375 -0.0742645263671875 -0.0308380126953125
0.39111328125 0.137542724609375 -0.150527954101562 -0.0802459716796874
0.3143310546875 0.251434326171875 -0.201416015625 -0.186935424804688
0.2281494140625 0.3804931640625 -0.14520263671875 -0.342987060546875
0.2125244140625 0.477630615234375 -0.128158569335938 -0.00293731689453124
0.231475830078125 0.414276123046875 -0.0831298828125 -0.0209808349609375
0.42059326171875 0.310546875 -0.0109376907348633 -0.0134649276733398
0.4217529296875 0.079193115234375 -0.00541543960571287 0.00786209106445313
0.39227294921875 -0.097412109375 0.0542182922363281 0.0329322814941406
0.240493774414063 -0.250686645507813 0.0436058044433594 -0.0251502990722656
0.108306884765625 -0.319610595703125 0.01727294921875 -0.051605224609375
0.112060546875 -0.338134765625 0.0103549957275391 -0.0312938690185547
0.049468994140625 -0.35699462890625 -0.00122833251953125 -0.0443191528320313
0.13232421875 -0.3031005859375 0.00104236602783204 -0.0120124816894531
0.254531860351563 -0.270751953125 0.00281524658203127 0.0367774963378906
0.363433837890625 -0.1729736328125 -0.0762939453125 0.0175628662109375
0.45965576171875 0.128753662109375 -0.131736755371094 -0.0355148315429687
0.382476806640625 0.264739990234375 -0.133621215820313 -0.128005981445312
0.297698974609375 0.431121826171875 -0.073333740234375 -0.207366943359375
0.239105224609375 0.455657958984375 -0.055328369140625 0.154067993164063
0.259857177734375 0.394805908203125 -0.0131301879882812 0.0704727172851563
0.427215576171875 0.2884521484375 0.000526428222656275 0.0129814147949219
0.41766357421875 0.070098876953125 -0.0315990447998047 0.0315628051757813
0.39520263671875 -0.0928955078125 -0.00989532470703123 0.0737075805664063
0.255096435546875 -0.249862670898438 -0.0259552001953125 0.0718231201171875
0.120697021484375 -0.314605712890625 -0.00517272949218749 0.0839157104492187
0.11981201171875 -0.3316650390625 0.00826263427734377 0.0955429077148437
0.060791015625 -0.351959228515625 0.00389862060546875 0.0812530517578125
0.136871337890625 -0.292572021484375 -0.015472412109375 0.0962982177734375
0.252960205078125 -0.258514404296875 -0.00910186767578124 0.100494384765625
0.34906005859375 -0.16485595703125 -0.0678939819335937 0.0611953735351563
0.443634033203125 0.118804931640625 -0.094757080078125 0.00170898437499999
0.377593994140625 0.24853515625 -0.0394515991210937 -0.0683937072753906
0.31207275390625 0.4169921875 0.0204849243164063 -0.0626869201660156
0.232666015625 0.35882568359375 0.02728271484375 0.300750732421875
0.24822998046875 0.29925537109375 0.0606536865234375 0.161788940429688
0.352813720703125 0.202911376953125 0.01611328125 0.0488853454589844
0.330596923828125 0.038421630859375 -0.0445556640625 0.060577392578125
0.317626953125 -0.07763671875 -0.0639419555664062 0.108795166015625
0.215087890625 -0.208724975585938 -0.08380126953125 0.161178588867188
0.107681274414062 -0.258712768554688 -0.0222015380859375 0.20843505859375
0.108291625976562 -0.272964477539063 0.00579833984375002 0.20635986328125
0.070648193359375 -0.292083740234375 0.006103515625 0.193191528320312
0.133865356445312 -0.229080200195312 -0.0351104736328125 0.186126708984375
0.2227783203125 -0.18792724609375 -0.0294342041015625 0.145034790039062
0.281463623046875 -0.1051025390625 -0.0595016479492187 0.0884857177734375
0.342529296875 0.113677978515625 -0.053955078125 0.0254592895507813
0.295074462890625 0.20330810546875 0.0534934997558594 -0.0128211975097656
0.26715087890625 0.343353271484375 0.114273071289063 0.072601318359375
0.18310546875 0.204483032226563 0.1090087890625 0.410003662109375
0.188095092773438 0.156219482421875 0.132125854492188 0.232040405273437
0.212936401367188 0.088409423828125 0.0394668579101563 0.0831527709960938
0.186126708984375 0.00555419921875 -0.0346298217773437 0.0840377807617188
0.187774658203125 -0.047821044921875 -0.0921783447265625 0.126739501953125
0.139358520507813 -0.132949829101562 -0.114608764648438 0.2239990234375
0.0774383544921875 -0.162429809570312 -0.026702880859375 0.299530029296875
0.0821075439453125 -0.171478271484375 0.00402832031250001 0.28668212890625
0.071502685546875 -0.18939208984375 -0.00115966796874999 0.274169921875
0.113029479980469 -0.131256103515625 -0.0640716552734375 0.241607666015625
0.161148071289063 -0.087249755859375 -0.0616302490234375 0.159805297851563
0.173599243164063 -0.0271148681640625 -0.0580291748046875 0.09521484375
0.189987182617188 0.0919189453125 -0.0213279724121094 0.0372657775878906
0.170883178710938 0.129348754882813 0.122123718261719 0.03887939453125
0.182235717773438 0.216445922851563 0.183929443359375 0.182952880859375
0.0960693359375 0.0257415771484375 0.178802490234375 0.4658203125
0.0886764526367188 0.005340576171875 0.193893432617188 0.270309448242188
0.0434036254882813 -0.0119667053222656 0.0712966918945312 0.104049682617187
0.0262966156005859 -0.00806617736816406 -0.00537109375 0.0918960571289063
0.0442390441894531 -0.000823974609375 -0.0944290161132812 0.124931335449219
0.0528602600097656 -0.0350799560546875 -0.115676879882812 0.25103759765625
0.0409202575683594 -0.0397300720214844 -0.02020263671875 0.34197998046875
0.0438041687011719 -0.0453605651855469 0.000854492187499998 0.32305908203125
0.056243896484375 -0.061981201171875 -0.0172119140625 0.314849853515625
0.0662384033203125 -0.0259170532226562 -0.0980682373046875 0.25604248046875
0.0695877075195313 0.00659561157226562 -0.0987548828125 0.14508056640625
0.0412788391113281 0.0289840698242188 -0.0602951049804688 0.0828857421875
0.0275382995605469 0.0335445404052734 0.0013427734375 0.0407905578613281
0.0429878234863281 0.0217018127441406 0.157196044921875 0.0815277099609375
0.082122802734375 0.0542984008789062 0.219024658203125 0.253448486328125
0.00714111328125 0.15087890625 -0.258758544921875 -0.266510009765625
0.0504379272460938 0.123252868652344 -0.201019287109375 -0.1241455078125
0.126388549804688 0.0654525756835938 -0.0164585113525391 -0.0247211456298828
0.108383178710938 -0.0200881958007813 0.0576667785644531 -0.0398521423339844
0.0563583374023438 -0.07177734375 0.142745971679688 -0.087982177734375
-0.000179290771484371 -0.0622138977050781 0.141448974609375 -0.228729248046875
-0.0146102905273438 -0.0743637084960938 0.031524658203125 -0.3282470703125
0.00215911865234375 -0.0832061767578125 0.00643920898437503 -0.31964111328125
-0.0122756958007813 -0.0747528076171875 0.014251708984375 -0.325408935546875
0.024871826171875 -0.0782852172851563 0.0840606689453125 -0.260009765625
0.0684967041015625 -0.0701751708984375 0.0655136108398438 -0.129737854003906
0.121696472167969 -0.0306777954101562 -0.0291671752929687 -0.1015625
0.110084533691406 0.0787506103515625 -0.116302490234375 -0.145370483398438
0.0618209838867188 0.10577392578125 -0.216445922851563 -0.257675170898438
0.00923919677734376 0.115394592285156 -0.18414306640625 -0.5037841796875
0.096343994140625 0.305755615234375 -0.236465454101563 -0.230072021484375
0.125244140625 0.255218505859375 -0.183486938476562 -0.12469482421875
0.255706787109375 0.170761108398438 -0.0230770111083984 -0.0306072235107422
0.242568969726563 0.0131378173828125 0.0423507690429688 -0.0225944519042969
0.193283081054687 -0.0977630615234375 0.13934326171875 -0.0488739013671875
0.08953857421875 -0.150619506835937 0.13836669921875 -0.183624267578125
0.028045654296875 -0.19097900390625 0.0383758544921875 -0.274246215820313
0.0460968017578125 -0.207275390625 0.00834655761718751 -0.257797241210938
0.014556884765625 -0.206146240234375 0.00253295898437501 -0.267486572265625
0.081451416015625 -0.181228637695313 0.0530853271484375 -0.20758056640625
0.1624755859375 -0.1534423828125 0.0415191650390625 -0.0893478393554688
0.24310302734375 -0.08056640625 -0.0594253540039062 -0.0727310180664062
0.269577026367188 0.124969482421875 -0.146453857421875 -0.121002197265625
0.199020385742188 0.198974609375 -0.232086181640625 -0.2347412109375
0.130126953125 0.27252197265625 -0.187469482421875 -0.44970703125
0.169158935546875 0.4259033203125 -0.193756103515625 -0.139739990234375
0.18896484375 0.364013671875 -0.143447875976562 -0.0905303955078125
0.36187744140625 0.2645263671875 -0.0225448608398437 -0.0313472747802734
0.355804443359375 0.053253173828125 0.0200748443603516 -0.0100841522216797
0.316162109375 -0.104522705078125 0.109672546386719 -0.01025390625
0.179595947265625 -0.216842651367187 0.1048583984375 -0.115028381347656
0.073883056640625 -0.279525756835937 0.0325775146484375 -0.179656982421875
0.082916259765625 -0.301239013671875 0.00982666015625 -0.157470703125
0.031951904296875 -0.30731201171875 -0.00346374511718749 -0.170028686523438
0.115005493164063 -0.265029907226562 0.0231781005859375 -0.121620178222656
0.22589111328125 -0.232070922851562 0.0203495025634766 -0.032125473022461
0.3299560546875 -0.140655517578125 -0.0766448974609375 -0.0308609008789063
0.40240478515625 0.133453369140625 -0.151885986328125 -0.08026123046875
0.3214111328125 0.252197265625 -0.206207275390625 -0.187179565429687
0.240814208984375 0.383331298828125 -0.150238037109375 -0.3455810546875
0.222686767578125 0.4837646484375 -0.131294250488281 -0.0033645629882812
0.2413330078125 0.41998291015625 -0.0843963623046875 -0.0215301513671875
0.431671142578125 0.309722900390625 -0.0140399932861328 -0.0194549560546875
0.4281005859375 0.074676513671875 -0.00702524185180661 0.00442266464233399
0.396881103515625 -0.105316162109375 0.0551490783691407 0.0306320190429687
0.242446899414063 -0.254837036132813 0.0448341369628906 -0.0257568359375
0.107086181640625 -0.32635498046875 0.015899658203125 -0.0535049438476563
0.107330322265625 -0.348175048828125 0.0100269317626953 -0.0336360931396485
0.04449462890625 -0.363677978515625 -0.00114059448242187 -0.0478172302246094
0.13140869140625 -0.31005859375 0.00244522094726563 -0.0138092041015625
0.255035400390625 -0.278366088867188 0.00579261779785158 0.0349960327148437
0.369293212890625 -0.181732177734375 -0.07794189453125 0.017608642578125
0.4725341796875 0.12396240234375 -0.131820678710937 -0.0357208251953125
0.3909912109375 0.266021728515625 -0.1356201171875 -0.129081726074219
0.311859130859375 0.436431884765625 -0.073760986328125 -0.21014404296875
0.248870849609375 0.462158203125 -0.054656982421875 0.155517578125
0.269683837890625 0.400604248046875 -0.0113677978515625 0.0708236694335938
0.43853759765625 0.286041259765625 -0.00147342681884763 0.00796079635620119
0.4259033203125 0.0660400390625 -0.0327587127685547 0.0279254913330078
0.40057373046875 -0.102081298828125 -0.00997161865234373 0.072265625
0.256683349609375 -0.255783081054688 -0.024688720703125 0.0738906860351562
0.11993408203125 -0.3211669921875 -0.00415802001953124 0.0852508544921875
0.115570068359375 -0.342041015625 0.0102996826171875 0.0951385498046875
0.0567626953125 -0.359222412109375 0.0060272216796875 0.0798721313476562
0.13763427734375 -0.29913330078125 -0.01287841796875 0.096710205078125
0.254730224609375 -0.266128540039063 -0.00652313232421874 0.099273681640625
0.352630615234375 -0.171905517578125 -0.0683784484863281 0.061126708984375
0.455902099609375 0.114105224609375 -0.0931015014648437 0.00093841552734374
0.3856201171875 0.249847412109375 -0.0394134521484375 -0.0703048706054687
0.32550048828125 0.42266845703125 0.0247879028320313 -0.0648956298828125
0.240203857421875 0.3634033203125 0.03167724609375 0.303253173828125
0.257415771484375 0.3038330078125 0.06549072265625 0.162643432617188
0.3631591796875 0.202301025390625 0.0161285400390625 0.0453414916992188
0.3367919921875 0.034332275390625 -0.045074462890625 0.0575714111328125
0.322540283203125 -0.084808349609375 -0.0645294189453125 0.108085632324219
0.217391967773438 -0.214950561523438 -0.08319091796875 0.166366577148438
0.107406616210937 -0.265838623046875 -0.018341064453125 0.211563110351562
0.10595703125 -0.281951904296875 0.010162353515625 0.208770751953125
0.067138671875 -0.299957275390625 0.00991821289062501 0.193496704101562
0.135055541992188 -0.234268188476563 -0.03143310546875 0.188522338867187
0.224334716796875 -0.193618774414063 -0.027679443359375 0.1455078125
0.28466796875 -0.110809326171875 -0.0584640502929687 0.0892105102539062
0.3524169921875 0.110321044921875 -0.0520553588867187 0.0250778198242188
0.30169677734375 0.20562744140625 0.0559768676757813 -0.014801025390625
0.2791748046875 0.347900390625 0.120849609375 0.0717849731445313
0.188796997070313 0.208877563476562 0.1162109375 0.41217041015625
0.193817138671875 0.158645629882813 0.138870239257813 0.233566284179688
0.21954345703125 0.0897216796875 0.0405960083007813 0.0819091796875
0.189498901367188 0.003936767578125 -0.0347061157226562 0.0823440551757813
0.191299438476563 -0.05291748046875 -0.0937271118164062 0.127685546875
0.141677856445313 -0.138229370117188 -0.113815307617187 0.230880737304688
0.0778656005859375 -0.167404174804687 -0.021240234375 0.304168701171875
0.0813446044921875 -0.178909301757813 0.00952148437500002 0.28997802734375
0.0690155029296875 -0.196197509765625 0.00422668457031248 0.276580810546875
0.11480712890625 -0.136299133300781 -0.060455322265625 0.245590209960938
0.162933349609375 -0.0913848876953125 -0.060760498046875 0.161453247070313
0.17694091796875 -0.0300140380859375 -0.05682373046875 0.096282958984375
0.197021484375 0.090484619140625 -0.0187339782714844 0.0371589660644531
0.175918579101562 0.131317138671875 0.126152038574219 0.0367050170898438
0.189971923828125 0.220046997070312 0.192886352539063 0.18328857421875
0.0969467163085937 0.0279388427734375 0.18670654296875 0.467254638671875
0.0899658203125 0.00624847412109375 0.202346801757813 0.270751953125
0.0445938110351563 -0.0101127624511719 0.0740890502929688 0.10430908203125
0.0271186828613281 -0.0069732666015625 -0.00469207763671875 0.090301513671875
0.0468406677246094 -0.00262069702148438 -0.0969619750976563 0.126640319824219
0.0540351867675781 -0.0377845764160156 -0.115692138671875 0.25848388671875
0.0419464111328125 -0.0421524047851563 -0.01373291015625 0.347686767578125
0.0443687438964844 -0.0488090515136719 0.00662231445312499 0.3275146484375
0.0554618835449219 -0.066070556640625 -0.01123046875 0.318939208984375
0.0681686401367188 -0.0288734436035156 -0.09490966796875 0.262374877929687
0.0716629028320312 0.005462646484375 -0.09918212890625 0.14788818359375
0.0432815551757813 0.0284233093261719 -0.059234619140625 0.0840072631835938
0.0304470062255859 0.0338821411132813 0.00322723388671875 0.0403900146484375
0.045562744140625 0.0232963562011719 0.161407470703125 0.0799407958984375
0.0854721069335938 0.0572891235351563 0.2283935546875 0.254257202148438
0.0130615234375 0.151885986328125 -0.277297973632812 -0.263290405273438
0.0548171997070313 0.122650146484375 -0.213134765625 -0.119277954101562
0.130241394042969 0.0603179931640625 -0.0202140808105469 -0.0268802642822266
0.108924865722656 -0.0242080688476563 0.0553932189941406 -0.0419998168945313
0.053070068359375 -0.0732803344726563 0.143524169921875 -0.0948944091796875
-0.002105712890625 -0.0606231689453125 0.137557983398438 -0.240936279296875
-0.0168533325195313 -0.0747756958007813 0.017730712890625 -0.337005615234375
-0.00142669677734376 -0.0847320556640625 -0.00729370117187501 -0.326995849609375
-0.0146560668945312 -0.0749740600585938 0.000274658203124968 -0.334228515625
0.0221405029296875 -0.0801239013671875 0.075469970703125 -0.2716064453125
0.0660247802734375 -0.074981689453125 0.065216064453125 -0.136131286621094
0.122955322265625 -0.037445068359375 -0.0344314575195313 -0.100860595703125
0.116722106933594 0.0757827758789063 -0.125457763671875 -0.14263916015625
0.066558837890625 0.104629516601562 -0.2314453125 -0.254364013671875
0.015106201171875 0.116706848144531 -0.206329345703125 -0.506195068359375
0.109954833984375 0.307952880859375 -0.253890991210938 -0.228515625
0.137588500976563 0.2554931640625 -0.194366455078125 -0.121551513671875
0.267684936523438 0.162353515625 -0.028228759765625 -0.0338935852050781
0.246490478515625 0.0042877197265625 0.0400962829589844 -0.0253067016601563
0.191818237304688 -0.105972290039062 0.141632080078125 -0.0552978515625
0.0872344970703125 -0.154373168945313 0.1361083984375 -0.194686889648438
0.0231170654296875 -0.195358276367187 0.027130126953125 -0.28192138671875
0.03802490234375 -0.214309692382813 -0.00300598144531249 -0.265518188476563
0.0072479248046875 -0.20965576171875 -0.00923156738281253 -0.27520751953125
0.0761260986328125 -0.187774658203125 0.0463409423828125 -0.2176513671875
0.160018920898438 -0.163467407226563 0.0419464111328125 -0.094451904296875
0.246124267578125 -0.0931854248046875 -0.064483642578125 -0.0714569091796875
0.283721923828125 0.116912841796875 -0.15362548828125 -0.11846923828125
0.211013793945313 0.196624755859375 -0.245559692382813 -0.230712890625
0.146957397460938 0.273300170898438 -0.207611083984375 -0.452362060546875
0.189666748046875 0.429229736328125 -0.2052001953125 -0.13763427734375
0.206878662109375 0.365447998046875 -0.151321411132812 -0.088653564453125
0.3792724609375 0.254058837890625 -0.0281715393066406 -0.035919189453125
0.36553955078125 0.040618896484375 0.0176372528076172 -0.0134143829345703
0.318145751953125 -0.118316650390625 0.111747741699219 -0.0158309936523438
0.176834106445313 -0.22564697265625 0.103919982910156 -0.122657775878906
0.06610107421875 -0.288116455078125 0.02508544921875 -0.18511962890625
0.071380615234375 -0.312225341796875 0.0027618408203125 -0.16326904296875
0.021026611328125 -0.315277099609375 -0.010589599609375 -0.176025390625
0.10833740234375 -0.274978637695313 0.0196990966796875 -0.128456115722656
0.222213745117188 -0.24700927734375 0.02178955078125 -0.03662109375
0.332489013671875 -0.158416748046875 -0.0808563232421875 -0.028778076171875
0.420440673828125 0.119537353515625 -0.157135009765625 -0.0777435302734375
0.337646484375 0.246826171875 -0.216232299804687 -0.184432983398437
0.264862060546875 0.3834228515625 -0.164215087890625 -0.348419189453125
0.247894287109375 0.487457275390625 -0.135810852050781 -7.62939453123755E-06
0.264251708984375 0.42266845703125 -0.0869827270507812 -0.020263671875
0.4556884765625 0.300018310546875 -0.0185928344726562 -0.024515151977539
0.43963623046875 0.060546875 -0.00924491882324216 0.00143909454345704
0.401336669921875 -0.12420654296875 0.0572471618652344 0.0265960693359375
0.240234375 -0.268310546875 0.045654296875 -0.028167724609375
0.10009765625 -0.337860107421875 0.0134086608886719 -0.0551033020019531
0.094085693359375 -0.36297607421875 0.00902557373046876 -0.036529541015625
0.0316162109375 -0.372344970703125 -0.003387451171875 -0.0518264770507813
0.1236572265625 -0.321044921875 0.00271224975585938 -0.0166158676147461
0.25079345703125 -0.29443359375 0.00888442993164064 0.0326385498046875
0.37109375 -0.2005615234375 -0.0800933837890625 0.0200576782226562
0.49224853515625 0.107086181640625 -0.134597778320312 -0.0338058471679687
0.409912109375 0.25848388671875 -0.142807006835938 -0.127944946289062
0.34039306640625 0.434539794921875 -0.0802001953125 -0.213241577148437
0.27313232421875 0.464385986328125 -0.04998779296875 0.1585693359375
0.29290771484375 0.402130126953125 -0.00804138183593749 0.0713958740234375
0.46221923828125 0.276702880859375 -0.00348711013793942 0.00364708900451662
0.4375 0.051361083984375 -0.0342578887939453 0.0257663726806641
0.405303955078125 -0.119476318359375 -0.00791168212890622 0.0713653564453125
0.254959106445313 -0.270965576171875 -0.022064208984375 0.0775527954101562
0.1124267578125 -0.334320068359375 -0.000572204589843753 0.0875473022460937
0.103240966796875 -0.35693359375 0.0145797729492188 0.0953903198242187
0.04345703125 -0.371307373046875 0.0091094970703125 0.0781631469726562
0.130859375 -0.310882568359375 -0.0080108642578125 0.0980148315429687
0.249755859375 -0.28216552734375 -0.00204467773437499 0.0992050170898437
0.3546142578125 -0.189544677734375 -0.0679855346679687 0.0639991760253906
0.474273681640625 0.098052978515625 -0.09320068359375 0.00170898437500002
0.40325927734375 0.24237060546875 -0.041534423828125 -0.0719375610351562
0.3538818359375 0.4208984375 0.0264053344726563 -0.0682411193847656
0.259613037109375 0.366058349609375 0.043670654296875 0.30645751953125
0.275238037109375 0.303741455078125 0.0749359130859375 0.163436889648438
0.381561279296875 0.19342041015625 0.0161857604980469 0.04315185546875
0.346405029296875 0.023529052734375 -0.04473876953125 0.0565605163574219
0.327850341796875 -0.100738525390625 -0.06365966796875 0.109992980957031
0.217147827148438 -0.227981567382813 -0.0785675048828125 0.17449951171875
0.1029052734375 -0.27691650390625 -0.00921630859374999 0.217147827148437
0.0965576171875 -0.29547119140625 0.0191192626953125 0.21044921875
0.0557861328125 -0.310760498046875 0.0180816650390625 0.19464111328125
0.130844116210937 -0.246185302734375 -0.0225067138671875 0.193511962890625
0.22283935546875 -0.206634521484375 -0.0230255126953125 0.147476196289063
0.287811279296875 -0.124298095703125 -0.0567779541015625 0.0918426513671875
0.368499755859375 0.096954345703125 -0.0502471923828125 0.0249404907226563
0.31781005859375 0.20062255859375 0.0579338073730469 -0.0189552307128906
0.3026123046875 0.347076416015625 0.130264282226563 0.067108154296875
0.201217651367188 0.209747314453125 0.13525390625 0.41546630859375
0.205322265625 0.157943725585938 0.153030395507813 0.232589721679688
0.230133056640625 0.085235595703125 0.044097900390625 0.0807571411132812
0.19488525390625 -0.0018157958984375 -0.032989501953125 0.0819549560546875
0.195632934570313 -0.062957763671875 -0.093475341796875 0.131790161132813
0.141021728515625 -0.147918701171875 -0.108184814453125 0.243255615234375
0.0751190185546875 -0.175338745117187 -0.00781250000000002 0.311187744140625
0.0756378173828125 -0.188720703125 0.02197265625 0.294281005859375
0.0624847412109375 -0.205307006835937 0.0164794921875 0.280487060546875
0.113693237304688 -0.144805908203125 -0.0498809814453125 0.253631591796875
0.1641845703125 -0.099517822265625 -0.056549072265625 0.16619873046875
0.180328369140625 -0.037384033203125 -0.053802490234375 0.0988540649414063
0.207611083984375 0.0840911865234375 -0.0161705017089844 0.0369377136230469
0.185577392578125 0.12957763671875 0.131149291992188 0.0316238403320313
0.206069946289063 0.221282958984375 0.20672607421875 0.178497314453125
0.100250244140625 0.0277786254882813 0.208526611328125 0.4700927734375
0.0917587280273438 0.00455474853515625 0.218612670898438 0.269134521484375
0.0464248657226563 -0.00975799560546875 0.0806198120117188 0.103591918945313
0.028472900390625 -0.00701904296875 -0.00189208984375001 0.089874267578125
0.0489311218261719 -0.00508499145507813 -0.0967483520507812 0.132041931152344
0.0544776916503906 -0.0419349670410156 -0.109848022460938 0.271224975585938
0.0424346923828125 -0.0460968017578125 0.00170898437500003 0.355682373046875
0.0437355041503906 -0.0539741516113281 0.021575927734375 0.333160400390625
0.0531997680664063 -0.07220458984375 0.00219726562499998 0.324432373046875
0.0697174072265625 -0.0333290100097656 -0.0843048095703125 0.27252197265625
0.0740814208984375 0.00196075439453125 -0.097015380859375 0.1546630859375
0.045989990234375 0.02703857421875 -0.055908203125 0.0863723754882813
0.0345287322998047 0.0327186584472656 0.00651168823242188 0.0406150817871094
0.0490531921386719 0.0235061645507813 0.168914794921875 0.074920654296875
0.0913543701171875 0.0578765869140625 0.246566772460938 0.251235961914063
0.02203369140625 0.150543212890625 -0.298553466796875 -0.250274658203125
0.0610809326171875 0.118865966796875 -0.22467041015625 -0.107986450195313
0.132560729980469 0.0516891479492187 -0.0253887176513672 -0.0274009704589844
0.106964111328125 -0.030548095703125 0.0512847900390625 -0.0446205139160156
0.0481796264648437 -0.0750579833984375 0.140640258789063 -0.103713989257813
-0.00523757934570312 -0.0590438842773438 0.125030517578125 -0.252822875976562
-0.0209121704101563 -0.0738601684570313 -0.00335693359375003 -0.34002685546875
-0.0067291259765625 -0.0849456787109375 -0.02880859375 -0.328765869140625
-0.018402099609375 -0.0735321044921875 -0.02142333984375 -0.338226318359375
0.0166854858398438 -0.0811843872070313 0.058807373046875 -0.281646728515625
0.061767578125 -0.079986572265625 0.0609283447265625 -0.142868041992188
0.121147155761719 -0.0471038818359375 -0.0407867431640625 -0.0978240966796875
0.123550415039063 0.0689010620117188 -0.135169982910156 -0.134544372558594
0.0731277465820312 0.10089111328125 -0.2484130859375 -0.242324829101562
0.0233306884765625 0.114723205566406 -0.23809814453125 -0.497222900390625
0.12957763671875 0.303497314453125 -0.272048950195313 -0.216049194335937
0.1531982421875 0.2491455078125 -0.205062866210938 -0.11126708984375
0.278350830078125 0.146331787109375 -0.0343284606933594 -0.0350341796875
0.246871948242187 -0.010040283203125 0.0367088317871094 -0.0278739929199219
0.185638427734375 -0.117156982421875 0.140357971191406 -0.064727783203125
0.0801849365234375 -0.158340454101563 0.126602172851563 -0.205810546875
0.01239013671875 -0.198196411132813 0.00903320312500002 -0.28594970703125
0.0240325927734375 -0.218643188476563 -0.019989013671875 -0.267364501953125
-0.00453186035156251 -0.211822509765625 -0.0275115966796875 -0.279052734375
0.065643310546875 -0.193572998046875 0.0329437255859375 -0.225128173828125
0.150650024414062 -0.175048828125 0.0395889282226563 -0.100746154785156
0.24261474609375 -0.110015869140625 -0.0699539184570312 -0.0669708251953125
0.29541015625 0.09893798828125 -0.161865234375 -0.110397338867188
0.223724365234375 0.186019897460938 -0.261627197265625 -0.217880249023438
0.166412353515625 0.265609741210938 -0.234954833984375 -0.443206787109375
0.217376708984375 0.422027587890625 -0.217620849609375 -0.12835693359375
0.231201171875 0.3558349609375 -0.15887451171875 -0.0808563232421875
0.397918701171875 0.232330322265625 -0.03436279296875 -0.037933349609375
0.36859130859375 0.020294189453125 0.0143899917602539 -0.0163068771362305
0.31256103515625 -0.137969970703125 0.112060546875 -0.024078369140625
0.167144775390625 -0.236282348632813 0.0983428955078125 -0.131088256835938
0.0511474609375 -0.294342041015625 0.0132904052734375 -0.18798828125
0.052001953125 -0.32098388671875 -0.00866699218749998 -0.16571044921875
0.001556396484375 -0.319671630859375 -0.023193359375 -0.179458618164063
0.09368896484375 -0.284088134765625 0.01177978515625 -0.132904052734375
0.209320068359375 -0.262405395507813 0.0224189758300781 -0.0410919189453125
0.326324462890625 -0.18035888671875 -0.0842514038085937 -0.0237960815429688
0.43463134765625 0.09368896484375 -0.163101196289062 -0.0709991455078125
0.3544921875 0.230926513671875 -0.2283935546875 -0.173568725585937
0.2930908203125 0.37066650390625 -0.18359375 -0.341552734375
0.280029296875 0.478546142578125 -0.138145446777344 0.00557708740234381
0.2923583984375 0.41107177734375 -0.088775634765625 -0.0164718627929687
0.47760009765625 0.274169921875 -0.0234889984130859 -0.0272197723388672
0.444610595703125 0.035430908203125 -0.011941909790039 -0.00112247467041015
0.3958740234375 -0.149200439453125 0.0588417053222656 0.0208816528320312
0.228759765625 -0.283447265625 0.0448799133300781 -0.0321197509765625
0.081817626953125 -0.34759521484375 0.0105361938476563 -0.0565986633300781
0.071685791015625 -0.373260498046875 0.00632095336914063 -0.0389556884765625
0.00869750976562498 -0.3782958984375 -0.00810623168945312 -0.0547752380371094
0.107269287109375 -0.331787109375 0.00241661071777344 -0.0189781188964844
0.2362060546875 -0.31292724609375 0.0123348236083984 0.029123306274414
0.361846923828125 -0.2249755859375 -0.0808868408203125 0.0247039794921875
0.505523681640625 0.07427978515625 -0.137001037597656 -0.0295562744140625
0.428558349609375 0.2398681640625 -0.150543212890625 -0.121902465820313
0.373779296875 0.417388916015625 -0.0908050537109375 -0.211196899414062
0.30419921875 0.455718994140625 -0.0415496826171875 0.160491943359375
0.322509765625 0.388885498046875 -0.00231933593749998 0.0710525512695313
0.4862060546875 0.2515869140625 -0.00553846359252927 0.000439643859863297
0.44378662109375 0.026092529296875 -0.0347423553466797 0.0235919952392578
0.40234375 -0.146759033203125 -0.00563812255859372 0.0696754455566406
0.24468994140625 -0.28851318359375 -0.0175094604492187 0.0797271728515625
0.095947265625 -0.34552001953125 0.00648498535156251 0.0880966186523437
0.08056640625 -0.368804931640625 0.0203628540039063 0.0929718017578125
0.020172119140625 -0.378753662109375 0.0134811401367188 0.0754776000976562
0.115509033203125 -0.3223876953125 -0.000717163085937489 0.0976104736328125
0.236083984375 -0.298736572265625 0.00423431396484376 0.0974273681640625
0.346160888671875 -0.212677001953125 -0.0664405822753906 0.0679931640625
0.488739013671875 0.067413330078125 -0.092742919921875 0.00397491455078125
0.42059326171875 0.222320556640625 -0.0451202392578125 -0.0722579956054687
0.385009765625 0.40362548828125 0.0258865356445313 -0.0722579956054687
0.285430908203125 0.357330322265625 0.0620422363281251 0.30474853515625
0.298797607421875 0.293365478515625 0.0882415771484375 0.158706665039063
0.400054931640625 0.173583984375 0.0186080932617188 0.0392799377441406
0.351043701171875 0.003997802734375 -0.0434532165527344 0.0558967590332031
0.32623291015625 -0.1231689453125 -0.059844970703125 0.112510681152344
0.207061767578125 -0.243392944335937 -0.0686798095703125 0.181900024414062
0.088714599609375 -0.2879638671875 0.00617980957031252 0.219650268554687
0.0784912109375 -0.306488037109375 0.032806396484375 0.209381103515625
0.0367431640625 -0.31805419921875 0.029815673828125 0.192520141601562
0.118972778320312 -0.25701904296875 -0.00942993164062501 0.19500732421875
0.213165283203125 -0.221633911132812 -0.0140838623046875 0.148193359375
0.283111572265625 -0.1419677734375 -0.0529022216796875 0.0946273803710937
0.380859375 0.074249267578125 -0.047698974609375 0.0251045227050781
0.33184814453125 0.186126708984375 0.0577125549316406 -0.0245933532714844
0.3292236328125 0.332794189453125 0.138389587402344 0.0584030151367188
0.216049194335938 0.203094482421875 0.16046142578125 0.4091796875
0.217666625976562 0.149169921875 0.170791625976563 0.223770141601563
0.240081787109375 0.073883056640625 0.0495681762695313 0.076751708984375
0.19744873046875 -0.0121917724609375 -0.0296707153320312 0.0809173583984375
0.194442749023438 -0.07666015625 -0.08917236328125 0.136909484863281
0.135406494140625 -0.158843994140625 -0.0953216552734375 0.253875732421875
0.0669403076171875 -0.183456420898438 0.012481689453125 0.313812255859375
0.063995361328125 -0.197433471679688 0.040771484375 0.29425048828125
0.0493927001953125 -0.2117919921875 0.0340728759765625 0.279205322265625
0.107284545898438 -0.153854370117188 -0.033203125 0.258331298828125
0.16094970703125 -0.110565185546875 -0.04803466796875 0.170394897460937
0.180618286132813 -0.048187255859375 -0.0481338500976563 0.101058959960937
0.216552734375 0.070709228515625 -0.0128326416015625 0.0355300903320313
0.195526123046875 0.120849609375 0.1348876953125 0.022247314453125
0.223495483398438 0.21234130859375 0.221710205078125 0.16668701171875
0.102912902832031 0.0244293212890625 0.238861083984375 0.4591064453125
0.09326171875 0.00041961669921875 0.239120483398438 0.256423950195313
0.048614501953125 -0.010040283203125 0.0880889892578125 0.0985870361328125
0.0289154052734375 -0.00806236267089844 0.00263214111328124 0.0877532958984375
0.0504722595214844 -0.00954437255859375 -0.09259033203125 0.1378173828125
0.0534286499023438 -0.0475730895996094 -0.0950927734375 0.2833251953125
0.0412635803222656 -0.0510711669921875 0.0255126953125 0.3582763671875
0.0412979125976563 -0.0588493347167969 0.042572021484375 0.333465576171875
0.0485305786132813 -0.077972412109375 0.023101806640625 0.32513427734375
0.0690727233886719 -0.0394325256347656 -0.0668182373046875 0.280563354492188
0.0759429931640625 -0.00295257568359375 -0.089447021484375 0.161895751953125
0.0492973327636719 0.0242691040039063 -0.0503921508789063 0.0892791748046875
0.0381622314453125 0.0304718017578125 0.0101242065429687 0.0395774841308594
0.0523567199707031 0.0219917297363281 0.175445556640625 0.0643768310546875
0.0973129272460938 0.0552215576171875 0.265228271484375 0.238418579101562
0.0306854248046875 0.145339965820313 -0.311126708984375 -0.22894287109375
0.065643310546875 0.112327575683594 -0.229415893554688 -0.0921630859375
0.131553649902344 0.0419235229492188 -0.0294857025146484 -0.0261287689208984
0.101844787597656 -0.0362319946289063 0.0467376708984375 -0.0456199645996094
0.0418472290039062 -0.0745773315429688 0.134071350097656 -0.110649108886719
-0.0074462890625 -0.055511474609375 0.1085205078125 -0.2591552734375
-0.0246353149414062 -0.070587158203125 -0.026031494140625 -0.333892822265625
-0.0121688842773437 -0.0826797485351563 -0.050079345703125 -0.3212890625
-0.0213775634765625 -0.07073974609375 -0.044281005859375 -0.33154296875
0.0115814208984375 -0.0801849365234375 0.03936767578125 -0.282501220703125
0.0548858642578125 -0.08319091796875 0.0538330078125 -0.146697998046875
0.115776062011719 -0.0551910400390625 -0.0457916259765625 -0.0921707153320313
0.126907348632813 0.0594711303710938 -0.1409912109375 -0.122299194335937
0.0775070190429688 0.0939483642578125 -0.25909423828125 -0.222213745117187
0.0309219360351563 0.109092712402344 -0.263641357421875 -0.472442626953125
0.14715576171875 0.290130615234375 -0.282196044921875 -0.19720458984375
0.1649169921875 0.235885620117188 -0.210235595703125 -0.0969696044921875
0.2811279296875 0.125930786132813 -0.0389823913574219 -0.033843994140625
0.240753173828125 -0.0237274169921875 0.0318279266357422 -0.0293846130371094
0.174270629882813 -0.12432861328125 0.135162353515625 -0.0728607177734375
0.0710296630859375 -0.158111572265625 0.112838745117187 -0.212265014648438
0.00146484375000002 -0.195632934570312 -0.00973510742187501 -0.2821044921875
0.00924682617187499 -0.217132568359375 -0.0375518798828125 -0.2623291015625
-0.01690673828125 -0.208084106445313 -0.0470123291015625 -0.27423095703125
0.053466796875 -0.193588256835938 0.01806640625 -0.225357055664063
0.138153076171875 -0.182342529296875 0.0355606079101563 -0.104278564453125
0.232162475585938 -0.124404907226563 -0.0736541748046875 -0.0604629516601563
0.298431396484375 0.077423095703125 -0.166763305664063 -0.09912109375
0.230865478515625 0.170745849609375 -0.26922607421875 -0.199417114257813
0.18194580078125 0.2498779296875 -0.257232666015625 -0.420318603515625
0.24127197265625 0.402496337890625 -0.222915649414062 -0.11370849609375
0.248016357421875 0.336822509765625 -0.162246704101562 -0.0711669921875
0.40484619140625 0.202850341796875 -0.0391082763671875 -0.0379829406738281
0.36248779296875 -0.000335693359375 0.0103549957275391 -0.0178298950195313
0.298675537109375 -0.1539306640625 0.108787536621094 -0.0316848754882813
0.153030395507813 -0.241424560546875 0.0897216796875 -0.136985778808594
0.034271240234375 -0.294342041015625 0.00173950195312499 -0.185531616210938
0.02899169921875 -0.319671630859375 -0.01885986328125 -0.163604736328125
-0.017669677734375 -0.3153076171875 -0.0366668701171875 -0.176681518554688
0.076080322265625 -0.28485107421875 0.00379180908203124 -0.133613586425781
0.191116333007813 -0.2716064453125 0.0210685729980469 -0.0448989868164063
0.3109130859375 -0.19866943359375 -0.0853500366210937 -0.017303466796875
0.43658447265625 0.06280517578125 -0.165054321289062 -0.062103271484375
0.362091064453125 0.207122802734375 -0.234542846679688 -0.157745361328125
0.314178466796875 0.34588623046875 -0.200439453125 -0.325164794921875
0.306854248046875 0.455657958984375 -0.137153625488281 0.01220703125
0.313140869140625 0.38812255859375 -0.088348388671875 -0.0124435424804687
0.487030029296875 0.239166259765625 -0.0276966094970703 -0.0290775299072265
0.43951416015625 0.00885009765625 -0.0145692825317383 -0.00279426574707031
0.379669189453125 -0.170654296875 0.0580062866210938 0.0155258178710937
0.211151123046875 -0.29217529296875 0.0428466796875 -0.0353355407714844
0.06146240234375 -0.349365234375 0.00741958618164063 -0.0562973022460938
0.04571533203125 -0.3736572265625 0.0028839111328125 -0.0402793884277344
-0.01544189453125 -0.373504638671875 -0.0134544372558594 -0.0558242797851563
0.08697509765625 -0.333343505859375 0.0017547607421875 -0.020681381225586
0.214569091796875 -0.322265625 0.0148658752441406 0.0250682830810547
0.344818115234375 -0.244903564453125 -0.0793075561523437 0.0297775268554687
0.506256103515625 0.040313720703125 -0.13677978515625 -0.0235443115234375
0.435791015625 0.211517333984375 -0.154647827148438 -0.1126708984375
0.396484375 0.38775634765625 -0.0998992919921875 -0.203994750976562
0.330718994140625 0.433135986328125 -0.032257080078125 0.158767700195313
0.34234619140625 0.365203857421875 0.00304031372070315 0.068145751953125
0.49542236328125 0.217437744140625 -0.00692844390869138 -0.00280284881591796
0.43829345703125 0.00054931640625 -0.0355224609375 0.0224647521972656
0.388519287109375 -0.16925048828125 -0.0034523010253906 0.0673866271972656
0.2265625 -0.2987060546875 -0.0119400024414062 0.0794219970703125
0.07525634765625 -0.348419189453125 0.0126876831054688 0.0859527587890625
0.0552978515625 -0.37066650390625 0.0258712768554688 0.0883636474609375
-0.00494384765625 -0.374053955078125 0.0157318115234375 0.07110595703125
0.095611572265625 -0.32415771484375 0.006866455078125 0.0946044921875
0.21636962890625 -0.30926513671875 0.010009765625 0.09356689453125
0.32867431640625 -0.231109619140625 -0.0624542236328125 0.0706710815429687
0.4874267578125 0.034271240234375 -0.0914840698242187 0.00574493408203124
0.428314208984375 0.196807861328125 -0.0479812622070312 -0.0705032348632812
0.40875244140625 0.373687744140625 0.02325439453125 -0.0745849609375
0.304290771484375 0.339111328125 0.07867431640625 0.29364013671875
0.3128662109375 0.273040771484375 0.0978240966796875 0.148361206054688
0.406494140625 0.146881103515625 0.0200824737548828 0.034698486328125
0.346832275390625 -0.016082763671875 -0.0416793823242187 0.0535507202148438
0.314666748046875 -0.142181396484375 -0.0550308227539062 0.113204956054688
0.192108154296875 -0.253936767578125 -0.056549072265625 0.1842041015625
0.071807861328125 -0.291748046875 0.02020263671875 0.21539306640625
0.05682373046875 -0.308868408203125 0.0450439453125 0.201950073242187
0.014923095703125 -0.316741943359375 0.040252685546875 0.184234619140625
0.103347778320313 -0.26165771484375 0.0045166015625 0.191421508789062
0.197601318359375 -0.231170654296875 -0.0053863525390625 0.1455078125
0.2708740234375 -0.1563720703125 -0.0475234985351562 0.0956268310546875
0.381072998046875 0.049072265625 -0.0451889038085937 0.0243721008300781
0.338775634765625 0.16607666015625 0.0564346313476563 -0.0299911499023437
0.348388671875 0.308013916015625 0.14166259765625 0.0472412109375
0.226852416992188 0.190048217773437 0.182861328125 0.3912353515625
0.224761962890625 0.13604736328125 0.183441162109375 0.2073974609375
0.24395751953125 0.0591888427734375 0.0542526245117188 0.0704193115234375
0.194580078125 -0.022674560546875 -0.0261001586914062 0.0780715942382812
0.188629150390625 -0.088897705078125 -0.0828094482421875 0.139198303222656
0.125808715820313 -0.1668701171875 -0.078643798828125 0.257095336914063
0.05657958984375 -0.187759399414063 0.0333251953125 0.307342529296875
0.0510711669921875 -0.200637817382813 0.057952880859375 0.28472900390625
0.033966064453125 -0.21307373046875 0.04962158203125 0.270294189453125
0.0977630615234375 -0.159271240234375 -0.01470947265625 0.255020141601563
0.152587890625 -0.118988037109375 -0.03717041015625 0.16961669921875
0.175247192382812 -0.05828857421875 -0.0418853759765625 0.101280212402344
0.218765258789063 0.055633544921875 -0.0102367401123047 0.0333671569824219
0.200698852539062 0.109649658203125 0.134559631347656 0.0115432739257813
0.23577880859375 0.196609497070313 0.229888916015625 0.148880004882813
0.103660583496094 0.0205307006835938 0.261199951171875 0.435211181640625
0.092681884765625 -0.00371551513671875 0.252639770507813 0.236099243164063
0.0495109558105469 -0.011962890625 0.0939559936523438 0.0907135009765625
0.0287055969238281 -0.0084381103515625 0.0065155029296875 0.0836257934570312
0.0504341125488281 -0.0135231018066406 -0.0863037109375 0.141754150390625
0.0508956909179687 -0.0517845153808594 -0.0770263671875 0.28753662109375
0.0383834838867188 -0.0548820495605469 0.048736572265625 0.3499755859375
0.0369186401367188 -0.0624122619628906 0.063140869140625 0.3231201171875
0.0416641235351563 -0.08056640625 0.0430908203125 0.316925048828125
0.0664215087890625 -0.0443992614746094 -0.046661376953125 0.278976440429688
0.0754623413085938 -0.00826263427734375 -0.0784759521484375 0.164932250976563
0.0508155822753906 0.020904541015625 -0.04425048828125 0.0894851684570313
0.0404472351074219 0.0269126892089844 0.012298583984375 0.0367813110351563
0.0538978576660156 0.0197219848632813 0.1773681640625 0.05194091796875
0.101554870605469 0.0503768920898438 0.276962280273437 0.218032836914062
0.0359649658203125 0.1385498046875 -0.31378173828125 -0.209686279296875
0.066802978515625 0.105827331542969 -0.228118896484375 -0.0789031982421875
0.127090454101563 0.0352783203125 -0.0318775177001953 -0.0241336822509766
0.096466064453125 -0.0386428833007813 0.0430335998535156 -0.0446701049804688
0.0369873046875 -0.0719985961914063 0.127410888671875 -0.113571166992188
-0.00862503051757813 -0.0515365600585937 0.09429931640625 -0.258819580078125
-0.0263290405273438 -0.0673561096191406 -0.040252685546875 -0.32269287109375
-0.015960693359375 -0.0796737670898438 -0.06353759765625 -0.309326171875
-0.0231475830078125 -0.0674896240234375 -0.05902099609375 -0.320037841796875
0.00757598876953124 -0.0775146484375 0.02490234375 -0.277236938476563
0.049530029296875 -0.0836563110351563 0.0479583740234375 -0.14691162109375
0.109580993652344 -0.0597381591796875 -0.0477371215820312 -0.085601806640625
0.126640319824219 0.0512466430664063 -0.142410278320313 -0.111083984375
0.07867431640625 0.0872039794921875 -0.259780883789063 -0.204452514648437
0.0348129272460938 0.103256225585938 -0.27313232421875 -0.44622802734375
0.155670166015625 0.275558471679688 -0.284393310546875 -0.1802978515625
0.169357299804688 0.222061157226563 -0.209304809570313 -0.085296630859375
0.277557373046875 0.110015869140625 -0.0421905517578125 -0.0325355529785156
0.2313232421875 -0.0318603515625 0.0282535552978516 -0.029571533203125
0.163345336914062 -0.126449584960938 0.129257202148438 -0.0774993896484375
0.0654144287109375 -0.154876708984375 0.101150512695312 -0.213790893554688
-0.00621032714843749 -0.190841674804688 -0.02154541015625 -0.273696899414063
-0.00119018554687501 -0.211563110351562 -0.048858642578125 -0.252899169921875
-0.02532958984375 -0.201797485351563 -0.0591583251953125 -0.264190673828125
0.0441436767578125 -0.190399169921875 0.00685119628906248 -0.221786499023438
0.126724243164062 -0.18365478515625 0.0318832397460938 -0.105911254882813
0.2205810546875 -0.131973266601562 -0.0745315551757812 -0.0539169311523438
0.29541015625 0.0611572265625 -0.16656494140625 -0.0894012451171875
0.23101806640625 0.156387329101563 -0.26971435546875 -0.182205200195312
0.188339233398437 0.23382568359375 -0.264556884765625 -0.397186279296875
0.25274658203125 0.380859375 -0.222488403320312 -0.102066040039062
0.25567626953125 0.317169189453125 -0.161224365234375 -0.06292724609375
0.401763916015625 0.178985595703125 -0.0426673889160156 -0.0372962951660156
0.35089111328125 -0.014862060546875 0.00640869140625002 -0.0184249877929688
0.283355712890625 -0.16156005859375 0.104446411132813 -0.0363998413085938
0.141555786132812 -0.23931884765625 0.0818710327148438 -0.139259338378906
0.021209716796875 -0.2886962890625 -0.00630187988281249 -0.180755615234375
0.01300048828125 -0.31329345703125 -0.026519775390625 -0.15826416015625
-0.0318603515625 -0.305816650390625 -0.046112060546875 -0.171401977539063
0.0620880126953125 -0.280303955078125 -0.00231933593749998 -0.132064819335938
0.174530029296875 -0.272781372070313 0.019622802734375 -0.0477027893066406
0.2940673828125 -0.207244873046875 -0.08489990234375 -0.0117263793945313
0.428131103515625 0.040069580078125 -0.164016723632812 -0.0548553466796875
0.360931396484375 0.18817138671875 -0.234451293945312 -0.14434814453125
0.3221435546875 0.321685791015625 -0.205718994140625 -0.308197021484375
0.320098876953125 0.43017578125 -0.133743286132812 0.0165634155273438
0.3232421875 0.364166259765625 -0.0863494873046875 -0.00975036621093747
0.48602294921875 0.210540771484375 -0.0306968688964843 -0.0297298431396484
0.4278564453125 -0.00830078125 -0.0172929763793945 -0.00392055511474609
0.36376953125 -0.1822509765625 0.0562057495117188 0.0114212036132812
0.19622802734375 -0.29327392578125 0.040679931640625 -0.0370597839355469
0.046630859375 -0.343963623046875 0.00620651245117188 -0.0556869506835938
0.0267333984375 -0.36688232421875 0.000782012939453129 -0.04010009765625
-0.0318603515625 -0.361846923828125 -0.0182075500488281 -0.0546417236328125
0.072021484375 -0.3272705078125 0.000892639160156256 -0.0221881866455078
0.19512939453125 -0.323028564453125 0.0156593322753906 0.0211238861083984
0.323699951171875 -0.253387451171875 -0.0775604248046875 0.0336532592773437
0.495697021484375 0.015594482421875 -0.134880065917969 -0.0200881958007812
0.43304443359375 0.189666748046875 -0.15509033203125 -0.1046142578125
0.40399169921875 0.35968017578125 -0.103561401367187 -0.195587158203125
0.34088134765625 0.408050537109375 -0.0254974365234375 0.154220581054688
0.35028076171875 0.342529296875 0.00656127929687502 0.0640830993652344
0.4937744140625 0.18914794921875 -0.00889587402343747 -0.00580310821533202
0.42718505859375 -0.015869140625 -0.03704833984375 0.0201187133789062
0.369781494140625 -0.18267822265625 -0.00211334228515623 0.0644683837890625
0.209320068359375 -0.300323486328125 -0.00830078124999999 0.0779571533203125
0.05963134765625 -0.344879150390625 0.0175018310546875 0.0817642211914062
0.035400390625 -0.3641357421875 0.0288238525390625 0.08349609375
-0.022216796875 -0.364715576171875 0.0166778564453125 0.066802978515625
0.081512451171875 -0.3204345703125 0.011077880859375 0.0898284912109375
0.19683837890625 -0.31024169921875 0.0136184692382813 0.0879745483398437
0.31146240234375 -0.2386474609375 -0.0597000122070312 0.0722579956054688
0.47564697265625 0.00885009765625 -0.0898513793945312 0.00673675537109375
0.4244384765625 0.175323486328125 -0.0498695373535156 -0.0680656433105468
0.415313720703125 0.3458251953125 0.02117919921875 -0.0752334594726562
0.312713623046875 0.318267822265625 0.0887908935546875 0.279830932617187
0.31744384765625 0.253143310546875 0.102691650390625 0.13775634765625
0.405364990234375 0.1251220703125 0.0199241638183594 0.0297985076904297
0.337158203125 -0.02777099609375 -0.0412406921386718 0.0512504577636719
0.301177978515625 -0.153472900390625 -0.0511627197265625 0.111495971679687
0.178314208984375 -0.256973266601563 -0.047454833984375 0.1827392578125
0.058013916015625 -0.290374755859375 0.0307769775390625 0.2069091796875
0.041290283203125 -0.305023193359375 0.0523834228515625 0.192398071289062
-0.000122070312499979 -0.30908203125 0.04608154296875 0.176132202148437
0.090576171875 -0.258895874023438 0.013336181640625 0.183883666992187
0.183639526367188 -0.233657836914063 0.00041961669921875 0.140052795410156
0.257354736328125 -0.163070678710938 -0.0428848266601562 0.0954360961914062
0.373016357421875 0.0286865234375 -0.0440216064453125 0.0224647521972656
0.33660888671875 0.14837646484375 0.0528068542480469 -0.033538818359375
0.354278564453125 0.28656005859375 0.14105224609375 0.0378875732421875
0.23016357421875 0.177947998046875 0.1932373046875 0.370330810546875
0.225860595703125 0.123397827148437 0.189010620117188 0.19189453125
0.242660522460938 0.046966552734375 0.0554428100585938 0.063934326171875
0.189407348632813 -0.028656005859375 -0.0241775512695312 0.0743255615234375
0.180572509765625 -0.0956268310546875 -0.0773086547851563 0.1387939453125
0.117324829101562 -0.1695556640625 -0.065948486328125 0.255645751953125
0.0479278564453125 -0.188278198242187 0.047515869140625 0.295654296875
0.04034423828125 -0.198760986328125 0.068450927734375 0.272048950195313
0.0231781005859375 -0.209396362304687 0.0596923828125 0.25823974609375
0.089813232421875 -0.160507202148438 -0.00205993652343749 0.2476806640625
0.14495849609375 -0.122573852539063 -0.0298614501953125 0.166244506835938
0.1690673828125 -0.06365966796875 -0.03680419921875 0.09954833984375
0.216217041015625 0.0432281494140625 -0.00918960571289061 0.0304508209228516
0.200637817382812 0.0999755859375 0.131034851074219 0.00391387939453126
0.239883422851563 0.18231201171875 0.230728149414063 0.133682250976563
0.101844787597656 0.0180511474609375 0.270843505859375 0.408935546875
0.0907974243164063 -0.0062103271484375 0.256027221679687 0.216796875
0.0500679016113281 -0.0130500793457031 0.0952987670898438 0.0823898315429688
0.0288715362548828 -0.00868988037109375 0.008270263671875 0.0784530639648438
0.0490455627441406 -0.01678466796875 -0.0811004638671875 0.141769409179687
0.0470809936523437 -0.0544853210449219 -0.062957763671875 0.2852783203125
0.0357856750488281 -0.057159423828125 0.06341552734375 0.337005615234375
0.03350830078125 -0.0633773803710938 0.075531005859375 0.3096923828125
0.0358428955078125 -0.080963134765625 0.056121826171875 0.30450439453125
0.0633125305175781 -0.0473709106445313 -0.0317535400390625 0.27276611328125
0.0740280151367188 -0.0116806030273438 -0.070465087890625 0.164260864257812
0.0508918762207031 0.0176315307617188 -0.0391845703125 0.0879669189453125
0.0414314270019531 0.024017333984375 0.0135860443115234 0.0338249206542969
0.054412841796875 0.018280029296875 0.173782348632813 0.0414581298828125
0.102798461914063 0.0467147827148438 0.279266357421875 0.198699951171875
0.03887939453125 0.133071899414063 -0.312530517578125 -0.19793701171875
0.0664825439453125 0.101982116699219 -0.22607421875 -0.070556640625
0.124275207519531 0.0317459106445313 -0.0330791473388672 -0.0228118896484375
0.0922775268554688 -0.0390472412109375 0.0406112670898438 -0.0435600280761719
0.0337867736816406 -0.0690994262695313 0.123825073242188 -0.115531921386719
-0.00808334350585937 -0.0483512878417969 0.0865020751953125 -0.258224487304688
-0.0276031494140625 -0.0642471313476563 -0.04766845703125 -0.31414794921875
-0.0179901123046875 -0.0771636962890625 -0.070343017578125 -0.300079345703125
-0.0242271423339844 -0.0657577514648438 -0.066741943359375 -0.311859130859375
0.00521850585937499 -0.0755081176757813 0.0166778564453125 -0.273818969726562
0.0454635620117187 -0.0837783813476562 0.045074462890625 -0.147506713867188
0.105094909667969 -0.062286376953125 -0.048187255859375 -0.0811920166015625
0.125862121582031 0.0464324951171875 -0.141876220703125 -0.1036376953125
0.0783843994140625 0.0826797485351562 -0.258758544921875 -0.192367553710937
0.0370254516601563 0.0987319946289063 -0.2747802734375 -0.428436279296875
0.160202026367188 0.2650146484375 -0.283294677734375 -0.170166015625
0.1705322265625 0.212554931640625 -0.208023071289063 -0.07830810546875
0.272933959960938 0.10009765625 -0.0445632934570312 -0.0316658020019531
0.224456787109375 -0.0354156494140625 0.0254898071289063 -0.029022216796875
0.156448364257813 -0.1265869140625 0.126296997070312 -0.0804061889648438
0.0621490478515625 -0.151718139648438 0.0939788818359375 -0.21392822265625
-0.010894775390625 -0.186599731445313 -0.027801513671875 -0.267120361328125
-0.00822448730468748 -0.207733154296875 -0.0551300048828125 -0.245437622070313
-0.0298309326171875 -0.197219848632813 -0.0666656494140625 -0.256515502929688
0.03912353515625 -0.186538696289063 0.000625610351562504 -0.218826293945313
0.119094848632813 -0.183624267578125 0.029571533203125 -0.107063293457031
0.212539672851563 -0.135513305664063 -0.0737838745117187 -0.0493621826171875
0.291412353515625 0.05084228515625 -0.165618896484375 -0.083038330078125
0.23028564453125 0.147842407226563 -0.267791748046875 -0.171096801757813
0.190750122070312 0.222930908203125 -0.266937255859375 -0.381591796875
0.257659912109375 0.36651611328125 -0.221420288085937 -0.094573974609375
0.2586669921875 0.30450439453125 -0.160049438476563 -0.0582122802734375
0.397918701171875 0.163787841796875 -0.0453109741210937 -0.0373611450195312
0.34149169921875 -0.02117919921875 0.00334930419921877 -0.0186443328857422
0.273040771484375 -0.1636962890625 0.101951599121094 -0.0395584106445313
0.134841918945313 -0.236923217773438 0.0763397216796875 -0.139556884765625
0.014801025390625 -0.284332275390625 -0.00993347167968751 -0.177520751953125
0.00317382812500003 -0.3079833984375 -0.030487060546875 -0.153900146484375
-0.0390625 -0.298431396484375 -0.051666259765625 -0.166183471679688
0.0551605224609375 -0.275466918945313 -0.00647735595703124 -0.130897521972656
0.163726806640625 -0.272598266601563 0.0186843872070313 -0.049835205078125
0.2835693359375 -0.210357666015625 -0.0839996337890625 -0.00713348388671876
0.421234130859375 0.026519775390625 -0.163330078125 -0.0508270263671875
0.357391357421875 0.17620849609375 -0.232894897460937 -0.136306762695312
0.324127197265625 0.305145263671875 -0.206329345703125 -0.297149658203125
0.32501220703125 0.415771484375 -0.131324768066406 0.0182952880859375
0.325927734375 0.349578857421875 -0.0845794677734375 -0.00872039794921874
0.481689453125 0.192718505859375 -0.0333690643310547 -0.031097412109375
0.416595458984375 -0.017547607421875 -0.0205554962158203 -0.00485801696777344
0.349884033203125 -0.187103271484375 0.0549087524414063 0.00869750976562499
0.1875 -0.292083740234375 0.0383796691894531 -0.0380172729492188
0.037353515625 -0.339935302734375 0.00517654418945313 -0.0560455322265625
0.0150146484375 -0.361114501953125 -0.00118637084960937 -0.0398178100585938
-0.041412353515625 -0.354248046875 -0.0217361450195313 -0.0532264709472656
0.064056396484375 -0.322479248046875 0.00053024291992188 -0.0238437652587891
0.184173583984375 -0.322723388671875 0.0161666870117188 0.017740249633789
0.312774658203125 -0.25518798828125 -0.07568359375 0.036773681640625
0.486541748046875 0.001312255859375 -0.134689331054687 -0.0182418823242188
0.428924560546875 0.17791748046875 -0.154220581054687 -0.0994720458984375
0.40655517578125 0.341094970703125 -0.104019165039063 -0.189605712890625
0.346221923828125 0.393341064453125 -0.0218658447265625 0.1494140625
0.352783203125 0.328369140625 0.00848770141601564 0.0606498718261719
0.489990234375 0.171966552734375 -0.0112066268920898 -0.00848960876464843
0.4166259765625 -0.025390625 -0.0389823913574218 0.0187492370605469
0.3592529296875 -0.188812255859375 -0.00175476074218748 0.0625991821289063
0.199981689453125 -0.301727294921875 -0.00626373291015624 0.0769577026367187
0.051025390625 -0.34295654296875 0.0200347900390625 0.0779647827148437
0.02490234375 -0.35931396484375 0.0292587280273438 0.0796737670898437
-0.031494140625 -0.35601806640625 0.0155372619628906 0.0640640258789062
0.073272705078125 -0.3155517578125 0.013519287109375 0.0855178833007812
0.186279296875 -0.30926513671875 0.01544189453125 0.0842056274414062
0.299591064453125 -0.239593505859375 -0.0572891235351562 0.0736160278320312
0.46636962890625 -0.00439453125 -0.0894927978515625 0.00607299804687501
0.4202880859375 0.164825439453125 -0.0511245727539062 -0.0672187805175781
0.41741943359375 0.32879638671875 0.0200424194335938 -0.0753707885742187
0.316650390625 0.305877685546875 0.0925140380859375 0.269851684570313
0.319000244140625 0.24102783203125 0.104408264160156 0.129928588867188
0.402069091796875 0.111083984375 0.0189304351806641 0.0258979797363281
0.33038330078125 -0.033843994140625 -0.0421218872070312 0.0484428405761719
0.291900634765625 -0.158416748046875 -0.049591064453125 0.11065673828125
0.170623779296875 -0.258209228515625 -0.042022705078125 0.182052612304687
0.05084228515625 -0.28924560546875 0.036651611328125 0.199325561523437
0.031402587890625 -0.301116943359375 0.0552520751953125 0.185165405273438
-0.00921630859375003 -0.302703857421875 0.047119140625 0.169891357421875
0.084503173828125 -0.256454467773438 0.018463134765625 0.178070068359375
0.174636840820313 -0.2337646484375 0.00306701660156252 0.135528564453125
0.249221801757812 -0.165634155273438 -0.0408401489257812 0.0955352783203125
0.366363525390625 0.017852783203125 -0.0441017150878906 0.0209236145019531
0.334625244140625 0.14031982421875 0.0505332946777344 -0.0361557006835937
0.354278564453125 0.27203369140625 0.139411926269531 0.0326156616210938
0.230606079101563 0.170120239257813 0.19708251953125 0.35540771484375
0.22540283203125 0.116317749023438 0.190078735351563 0.181289672851563
0.2412109375 0.039703369140625 0.0551910400390625 0.0588836669921875
0.186370849609375 -0.031158447265625 -0.024505615234375 0.071044921875
0.175308227539063 -0.100006103515625 -0.0755386352539062 0.138908386230469
0.111221313476563 -0.171783447265625 -0.058135986328125 0.254653930664063
0.0428009033203125 -0.18902587890625 0.055450439453125 0.286895751953125
0.0338592529296875 -0.197006225585937 0.073486328125 0.262725830078125
0.01629638671875 -0.206283569335938 0.0635528564453125 0.250335693359375
0.08489990234375 -0.160293579101563 0.00451660156250003 0.240570068359375
0.139869689941406 -0.123741149902344 -0.0256500244140625 0.162841796875
0.164688110351563 -0.06573486328125 -0.0343399047851563 0.0984649658203125
0.213485717773438 0.0363922119140625 -0.00927352905273436 0.0282478332519531
0.200302124023438 0.09454345703125 0.127792358398438 -0.000892639160156244
0.241424560546875 0.173568725585938 0.229751586914063 0.124099731445313
0.100791931152344 0.01690673828125 0.273223876953125 0.392730712890625
0.088653564453125 -0.007781982421875 0.256759643554688 0.204086303710938
0.0501441955566406 -0.0137443542480469 0.0956039428710938 0.0769729614257813
0.0291957855224609 -0.00822067260742188 0.00774383544921875 0.0750732421875
0.0482292175292969 -0.0187911987304688 -0.079010009765625 0.142303466796875
0.0452499389648438 -0.0566253662109375 -0.053955078125 0.283843994140625
0.0343208312988281 -0.0589218139648438 0.0712890625 0.32666015625
0.0312042236328125 -0.0642356872558594 0.080841064453125 0.299163818359375
0.0325469970703125 -0.0809249877929688 0.0618896484375 0.29461669921875
0.0615997314453125 -0.0489845275878906 -0.023773193359375 0.266921997070313
0.0732955932617188 -0.0138092041015625 -0.0647430419921875 0.162979125976562
0.0511207580566406 0.0168800354003906 -0.0359954833984375 0.0865936279296875
0.04217529296875 0.0215682983398438 0.0136013031005859 0.0312061309814453
0.0551795959472656 0.0172195434570313 0.170806884765625 0.035064697265625
0.103378295898438 0.04449462890625 0.277679443359375 0.187820434570313
0.0408172607421875 0.130821228027344 -0.315582275390625 -0.191986083984375
0.0663375854492187 0.100120544433594 -0.2269287109375 -0.0658111572265625
0.122550964355469 0.0295944213867187 -0.0347995758056641 -0.0223770141601562
0.0905075073242188 -0.0399856567382813 0.0398216247558594 -0.0430831909179688
0.0322532653808594 -0.0675697326660156 0.122589111328125 -0.119102478027344
-0.00697708129882813 -0.0458831787109375 0.0807952880859375 -0.261810302734375
-0.0276679992675781 -0.0625495910644531 -0.0545654296875 -0.31158447265625
-0.020111083984375 -0.076416015625 -0.076080322265625 -0.295806884765625
-0.0249519348144531 -0.0651359558105469 -0.07366943359375 -0.307891845703125
0.00400543212890625 -0.0752105712890625 0.010955810546875 -0.274078369140625
0.043182373046875 -0.0842819213867187 0.04351806640625 -0.14984130859375
0.103004455566406 -0.0649490356445313 -0.0486831665039063 -0.078582763671875
0.126502990722656 0.0430679321289063 -0.142059326171875 -0.0984954833984375
0.0791854858398437 0.0804595947265625 -0.259933471679688 -0.185592651367188
0.037933349609375 0.0959701538085937 -0.280029296875 -0.420989990234375
0.164825439453125 0.260543823242187 -0.285491943359375 -0.16436767578125
0.172622680664063 0.208358764648438 -0.208709716796875 -0.0739440917968749
0.272567749023438 0.094207763671875 -0.0461997985839844 -0.0319938659667969
0.221832275390625 -0.0375823974609375 0.0240745544433594 -0.0285987854003906
0.153167724609375 -0.126663208007813 0.125137329101563 -0.0838394165039063
0.061431884765625 -0.150848388671875 0.0890350341796875 -0.217544555664063
-0.0133056640625 -0.185379028320313 -0.033477783203125 -0.265655517578125
-0.0133209228515625 -0.206939697265625 -0.0602264404296875 -0.242095947265625
-0.0338897705078125 -0.195907592773438 -0.0733184814453125 -0.253662109375
0.036651611328125 -0.186187744140625 -0.00448608398437499 -0.219680786132813
0.114456176757813 -0.185836791992188 0.0279693603515625 -0.110153198242188
0.209991455078125 -0.1400146484375 -0.0741500854492188 -0.0458831787109375
0.2918701171875 0.044281005859375 -0.166671752929687 -0.0794677734375
0.231475830078125 0.1439208984375 -0.269119262695312 -0.165084838867188
0.194580078125 0.2178955078125 -0.26885986328125 -0.37469482421875
0.2645263671875 0.360137939453125 -0.222686767578125 -0.09124755859375
0.263397216796875 0.297576904296875 -0.160186767578125 -0.055572509765625
0.39959716796875 0.15478515625 -0.0486946105957031 -0.0378189086914062
0.3387451171875 -0.024627685546875 0.000886917114257832 -0.0187244415283203
0.268630981445313 -0.167144775390625 0.101272583007813 -0.0428466796875
0.133514404296875 -0.238037109375 0.0732574462890625 -0.14178466796875
0.00970458984375003 -0.284393310546875 -0.0141448974609375 -0.177322387695313
-0.00405883789062503 -0.306915283203125 -0.033416748046875 -0.152572631835938
-0.04437255859375 -0.297088623046875 -0.05670166015625 -0.16351318359375
0.0516815185546875 -0.275161743164062 -0.00930023193359374 -0.132415771484375
0.15789794921875 -0.275146484375 0.0179405212402344 -0.052581787109375
0.279830932617188 -0.215682983398438 -0.08349609375 -0.00354003906250002
0.42034912109375 0.017669677734375 -0.164627075195312 -0.0482635498046875
0.360321044921875 0.1717529296875 -0.233489990234375 -0.131805419921875
0.328857421875 0.298736572265625 -0.20867919921875 -0.29345703125
0.332977294921875 0.406829833984375 -0.130706787109375 0.0196609497070313
0.330230712890625 0.3411865234375 -0.0843353271484375 -0.00799560546874997
0.484588623046875 0.181640625 -0.0361557006835937 -0.0324211120605469
0.4150390625 -0.022918701171875 -0.0235061645507812 -0.00543212890625
0.34576416015625 -0.1932373046875 0.0547065734863281 0.00620651245117186
0.183563232421875 -0.294189453125 0.0376815795898438 -0.0392875671386719
0.03118896484375 -0.341400146484375 0.00460052490234375 -0.0576553344726563
0.00625610351562503 -0.36016845703125 -0.00215530395507813 -0.0401573181152344
-0.048614501953125 -0.35186767578125 -0.0248832702636719 -0.051971435546875
0.05987548828125 -0.32281494140625 -0.000768661499023435 -0.0258121490478516
0.176910400390625 -0.3255615234375 0.0158786773681641 0.0148735046386719
0.307647705078125 -0.2603759765625 -0.075439453125 0.04058837890625
0.48529052734375 -0.0107421875 -0.136062622070312 -0.0171966552734375
0.43072509765625 0.17230224609375 -0.155853271484375 -0.097686767578125
0.412109375 0.3328857421875 -0.105270385742187 -0.18792724609375
0.35394287109375 0.386871337890625 -0.0200042724609375 0.148300170898438
0.358062744140625 0.3193359375 0.00978851318359378 0.0587348937988281
0.49365234375 0.160003662109375 -0.0135126113891601 -0.0110034942626953
0.41571044921875 -0.02935791015625 -0.0416526794433594 0.018035888671875
0.35455322265625 -0.19561767578125 -0.00133514404296873 0.0619125366210937
0.196990966796875 -0.304931640625 -0.00404357910156248 0.0769500732421875
0.044097900390625 -0.34515380859375 0.0223922729492188 0.0752487182617187
0.01593017578125 -0.35968017578125 0.030029296875 0.0779342651367187
-0.038330078125 -0.354278564453125 0.0148391723632812 0.0636062622070312
0.068878173828125 -0.316253662109375 0.0147781372070313 0.0831985473632813
0.18017578125 -0.312255859375 0.0157470703125 0.0821456909179687
0.29571533203125 -0.24493408203125 -0.0558013916015625 0.076629638671875
0.46466064453125 -0.0137939453125 -0.0913009643554687 0.00610351562500001
0.42218017578125 0.15863037109375 -0.0524215698242187 -0.0677223205566406
0.421173095703125 0.321075439453125 0.0196380615234375 -0.0767059326171875
0.321319580078125 0.3011474609375 0.09588623046875 0.265304565429688
0.323638916015625 0.234100341796875 0.107162475585938 0.125724792480469
0.404632568359375 0.102325439453125 0.0173912048339844 0.0226650238037109
0.329864501953125 -0.037933349609375 -0.0439338684082031 0.0475692749023437
0.288482666015625 -0.16534423828125 -0.0488662719726562 0.111228942871094
0.166534423828125 -0.262222290039062 -0.037994384765625 0.183197021484375
0.0450439453125 -0.292694091796875 0.0414276123046875 0.195541381835938
0.024261474609375 -0.302459716796875 0.057342529296875 0.181976318359375
-0.01611328125 -0.301605224609375 0.0486602783203125 0.168228149414063
0.08111572265625 -0.2578125 0.0215606689453125 0.175094604492188
0.170425415039063 -0.2369384765625 0.00479125976562502 0.134651184082031
0.246917724609375 -0.168548583984375 -0.0388259887695312 0.09722900390625
0.365692138671875 0.00933837890625 -0.0458030700683594 0.0197563171386719
0.336273193359375 0.135223388671875 0.0485954284667969 -0.0380668640136719
0.36083984375 0.26409912109375 0.139732360839844 0.0295257568359375
0.23394775390625 0.167312622070312 0.200286865234375 0.34954833984375
0.227386474609375 0.11212158203125 0.192977905273438 0.175247192382813
0.242965698242188 0.0345001220703125 0.0554885864257813 0.055877685546875
0.186569213867188 -0.0328216552734375 -0.025787353515625 0.069793701171875
0.1729736328125 -0.1041259765625 -0.07470703125 0.140853881835938
0.108551025390625 -0.174560546875 -0.052337646484375 0.257034301757813
0.038909912109375 -0.192276000976562 0.061187744140625 0.28228759765625
0.0292816162109375 -0.199020385742187 0.076751708984375 0.258926391601563
0.0116119384765625 -0.205581665039062 0.066680908203125 0.246673583984375
0.08380126953125 -0.162628173828125 0.0094146728515625 0.23834228515625
0.137954711914063 -0.126548767089844 -0.02313232421875 0.162612915039062
0.163925170898438 -0.0679931640625 -0.0323410034179687 0.099273681640625
0.213851928710938 0.0316314697265625 -0.0106544494628906 0.0266590118408203
0.201705932617187 0.09228515625 0.125778198242188 -0.00441741943359374
0.245513916015625 0.169998168945313 0.230453491210938 0.119308471679688
0.101417541503906 0.0170822143554688 0.276702880859375 0.38409423828125
0.0883941650390625 -0.00861358642578125 0.259368896484375 0.19677734375
0.0511360168457031 -0.0147590637207031 0.0962295532226563 0.073974609375
0.0297679901123047 -0.00803184509277344 0.0071563720703125 0.0731658935546875
0.0481224060058594 -0.0205841064453125 -0.077911376953125 0.14495849609375
0.0438156127929688 -0.0583610534667969 -0.047698974609375 0.28662109375
0.0328903198242188 -0.0622749328613281 0.077880859375 0.32275390625
0.0302352905273438 -0.0662612915039063 0.085113525390625 0.295135498046875
0.0307846069335937 -0.0818710327148438 0.066375732421875 0.290496826171875
0.0611457824707031 -0.050933837890625 -0.01812744140625 0.265182495117188
0.0733795166015625 -0.0158233642578125 -0.0619354248046875 0.164382934570313
0.0527305603027344 0.0159645080566406 -0.033599853515625 0.0865936279296875
0.0430488586425781 0.0208702087402344 0.0131168365478516 0.030303955078125
0.0568313598632812 0.0171890258789062 0.169662475585938 0.03082275390625
0.105804443359375 0.043731689453125 0.279891967773438 0.182647705078125
0.0455398559570312 0.12994384765625 -0.3258056640625 -0.1845703125
0.0689926147460937 0.0994338989257812 -0.231918334960937 -0.0591278076171875
0.123695373535156 0.0270538330078125 -0.0363693237304687 -0.0215721130371094
0.0904769897460938 -0.042083740234375 0.0390853881835938 -0.0443458557128906
0.0306358337402344 -0.0668182373046875 0.12060546875 -0.125877380371094
-0.00644683837890624 -0.0444374084472656 0.072601318359375 -0.269485473632813
-0.0295257568359375 -0.0614967346191406 -0.0650634765625 -0.312530517578125
-0.0235748291015625 -0.0754241943359375 -0.08612060546875 -0.295257568359375
-0.0279159545898437 -0.0654296875 -0.085052490234375 -0.30816650390625
0.00203704833984376 -0.0753402709960937 0.001373291015625 -0.278839111328125
0.0396652221679688 -0.0866928100585938 0.04010009765625 -0.155715942382812
0.101341247558594 -0.0695419311523438 -0.0508575439453125 -0.0762405395507813
0.129196166992187 0.0389556884765625 -0.14556884765625 -0.09368896484375
0.0808792114257813 0.0783004760742188 -0.267364501953125 -0.179122924804688
0.04052734375 0.0957412719726563 -0.29150390625 -0.417266845703125
0.175521850585937 0.2574462890625 -0.2940673828125 -0.15869140625
0.179977416992188 0.20477294921875 -0.213638305664063 -0.068756103515625
0.277267456054687 0.0858001708984375 -0.0500450134277344 -0.0313491821289062
0.222763061523438 -0.042755126953125 0.0220661163330078 -0.0294246673583984
0.151397705078125 -0.130630493164063 0.124732971191406 -0.0907211303710938
0.0608062744140625 -0.1531982421875 0.0826416015625 -0.224685668945313
-0.018646240234375 -0.186569213867188 -0.042877197265625 -0.26715087890625
-0.0209503173828125 -0.208251953125 -0.0683135986328125 -0.242446899414063
-0.040740966796875 -0.197097778320313 -0.0830230712890625 -0.253067016601563
0.032989501953125 -0.189498901367188 -0.0120391845703125 -0.223358154296875
0.109649658203125 -0.191558837890625 0.0251922607421875 -0.114509582519531
0.2080078125 -0.148941040039063 -0.0760650634765625 -0.0419158935546875
0.296661376953125 0.035400390625 -0.171249389648437 -0.0748291015625
0.2376708984375 0.140106201171875 -0.275924682617188 -0.159225463867188
0.2032470703125 0.214401245117187 -0.280853271484375 -0.37200927734375
0.27978515625 0.35546875 -0.227890014648438 -0.0862579345703124
0.274200439453125 0.291839599609375 -0.163818359375 -0.0518341064453125
0.407318115234375 0.142852783203125 -0.0522308349609375 -0.0387344360351563
0.341522216796875 -0.032928466796875 -0.00221061706542967 -0.0192699432373047
0.266525268554688 -0.176040649414063 0.101737976074219 -0.048004150390625
0.130325317382813 -0.244461059570313 0.069549560546875 -0.147476196289063
0.00173950195312498 -0.28851318359375 -0.019561767578125 -0.180206298828125
-0.015045166015625 -0.310394287109375 -0.03955078125 -0.152786254882813
-0.05499267578125 -0.299407958984375 -0.0641326904296875 -0.162216186523438
0.0460968017578125 -0.27984619140625 -0.0143661499023438 -0.134445190429688
0.15118408203125 -0.28369140625 0.0163345336914063 -0.0559806823730469
0.277557373046875 -0.227249145507813 -0.084259033203125 0.00155639648437498
0.42669677734375 0.0035400390625 -0.169418334960937 -0.0443572998046875
0.368499755859375 0.164306640625 -0.240264892578125 -0.127182006835938
0.342620849609375 0.292633056640625 -0.217376708984375 -0.29022216796875
0.349609375 0.40185546875 -0.131828308105469 0.022552490234375
0.34490966796875 0.334228515625 -0.0850753784179687 -0.00643157958984371
0.4932861328125 0.166595458984375 -0.0400581359863281 -0.0344314575195312
0.419403076171875 -0.032196044921875 -0.0266323089599609 -0.00543594360351563
0.344390869140625 -0.205474853515625 0.0555419921875 0.00292205810546874
0.17962646484375 -0.304229736328125 0.0363960266113281 -0.0412521362304688
0.021087646484375 -0.34814453125 0.00233840942382813 -0.0605850219726563
-0.00653076171875002 -0.365875244140625 -0.004150390625 -0.0409889221191406
-0.061431884765625 -0.355224609375 -0.0286026000976563 -0.0508804321289063
0.052886962890625 -0.328948974609375 -0.00196838378906249 -0.0273685455322266
0.16864013671875 -0.33453369140625 0.0159053802490234 0.0125741958618164
0.305419921875 -0.2718505859375 -0.0741043090820312 0.0457229614257812
0.489990234375 -0.025848388671875 -0.140777587890625 -0.0143585205078125
0.442626953125 0.162567138671875 -0.160842895507812 -0.095001220703125
0.4281005859375 0.32403564453125 -0.11114501953125 -0.188064575195313
0.373138427734375 0.3807373046875 -0.016510009765625 0.148941040039063
0.3707275390625 0.312164306640625 0.0122871398925781 0.0576820373535156
0.5020751953125 0.14471435546875 -0.0162420272827148 -0.0134143829345703
0.4205322265625 -0.039642333984375 -0.0442619323730468 0.01861572265625
0.353607177734375 -0.209869384765625 -6.10351562499831E-05 0.0617904663085937
0.191986083984375 -0.316070556640625 -0.00161743164062499 0.0788345336914063
0.033447265625 -0.35406494140625 0.0248870849609375 0.0721206665039062
0.00317382812499997 -0.365325927734375 0.0316085815429687 0.0765762329101562
-0.050445556640625 -0.35748291015625 0.0146408081054688 0.0651168823242187
0.0626220703125 -0.322845458984375 0.0174331665039063 0.082275390625
0.1729736328125 -0.322265625 0.017730712890625 0.081024169921875
0.293243408203125 -0.255645751953125 -0.0536956787109375 0.0811920166015625
0.470794677734375 -0.028900146484375 -0.0945663452148437 0.00788879394531248
0.432159423828125 0.1500244140625 -0.0562477111816406 -0.0674934387207031
0.43890380859375 0.31182861328125 0.01824951171875 -0.0788192749023437
0.33673095703125 0.296356201171875 0.103866577148438 0.264175415039063
0.334747314453125 0.2274169921875 0.112403869628906 0.122184753417969
0.412872314453125 0.089630126953125 0.0172653198242188 0.0204048156738281
0.3343505859375 -0.04583740234375 -0.0455703735351562 0.0484542846679688
0.286865234375 -0.178009033203125 -0.0469284057617187 0.114044189453125
0.161148071289062 -0.272537231445313 -0.0316925048828125 0.18792724609375
0.036376953125 -0.300628662109375 0.0478057861328125 0.193267822265625
0.013824462890625 -0.307525634765625 0.063079833984375 0.18157958984375
-0.02569580078125 -0.30474853515625 0.052337646484375 0.168472290039062
0.077056884765625 -0.264358520507813 0.0269622802734375 0.17523193359375
0.165374755859375 -0.245285034179688 0.00786590576171876 0.135162353515625
0.24639892578125 -0.176742553710937 -0.0356979370117187 0.100364685058594
0.370697021484375 -0.0010986328125 -0.0481834411621093 0.0203285217285156
0.345611572265625 0.129241943359375 0.0464591979980469 -0.0411109924316406
0.37542724609375 0.258148193359375 0.142349243164063 0.0252838134765625
0.243133544921875 0.16436767578125 0.210540771484375 0.345855712890625
0.23321533203125 0.107070922851563 0.200790405273438 0.169784545898438
0.248001098632813 0.0273284912109375 0.056243896484375 0.0533180236816406
0.189498901367188 -0.03704833984375 -0.0260353088378906 0.0701560974121094
0.172378540039063 -0.112091064453125 -0.07281494140625 0.1463623046875
0.104736328125 -0.182296752929688 -0.043731689453125 0.263687133789063
0.0325775146484375 -0.198776245117188 0.070404052734375 0.281280517578125
0.023101806640625 -0.204025268554687 0.0846099853515625 0.25750732421875
0.00523376464843749 -0.208969116210938 0.07354736328125 0.247039794921875
0.080963134765625 -0.16796875 0.017303466796875 0.239852905273438
0.135841369628906 -0.132896423339844 -0.018890380859375 0.165283203125
0.165145874023438 -0.0725555419921875 -0.0288543701171875 0.1014404296875
0.217300415039063 0.0246734619140625 -0.0119094848632812 0.0266761779785156
0.208328247070313 0.0888519287109375 0.125534057617188 -0.00940704345703125
0.25518798828125 0.165267944335938 0.236907958984375 0.11431884765625
0.104072570800781 0.0163192749023437 0.28778076171875 0.378631591796875
0.0889663696289063 -0.0113067626953125 0.268386840820313 0.189971923828125
0.0524139404296875 -0.0161895751953125 0.0998458862304688 0.07061767578125
0.0312938690185547 -0.0079803466796875 0.00789642333984376 0.0728530883789063
0.0481109619140625 -0.0233650207519531 -0.076446533203125 0.151473999023438
0.0420341491699219 -0.0618019104003906 -0.03863525390625 0.293853759765625
0.0305595397949219 -0.0660476684570312 0.089691162109375 0.3216552734375
0.0287666320800781 -0.0696868896484375 0.094512939453125 0.293914794921875
0.0285110473632813 -0.084228515625 0.074951171875 0.291229248046875
0.0608444213867187 -0.0548286437988281 -0.00979614257812503 0.26849365234375
0.0747451782226563 -0.0191879272460938 -0.05731201171875 0.16827392578125
0.0543251037597656 0.0148086547851563 -0.0305023193359375 0.0881118774414063
0.0445938110351563 0.0192794799804687 0.0123710632324219 0.0299758911132813
0.0597152709960938 0.0163192749023438 0.171127319335938 0.0257415771484375
0.110015869140625 0.0415878295898438 0.287689208984375 0.17755126953125
0.118332212824395 -0.0898540668259292 -0.0492436135946842 -0.388570604035381
0.0603438076478428 -0.11982154980965 -0.0874070314586603 -0.248604667449849
-0.0467451555050101 -0.117277619846743 -0.020097015037927 -0.0221753882245562
-0.101892371181718 -0.0421307498496204 0.0594976304779501 0.0402110668488894
-0.0800317602067543 0.039970607256597 0.196179273080826 0.044652184236533
-0.0410119662147547 0.057934448789567 0.280986958806703 -0.0578987873764707
-0.0346616336752753 0.0763672951546768 0.279905544911575 -0.169421480239002
-0.0293702558932256 0.0851055157015018 0.247388233508169 -0.224703559673412
-0.0397158452502896 0.0844421142864235 0.256436102015889 -0.206233944096866
-0.0542824486554781 0.0626467883307469 0.242462494250426 -0.125328141592143
-0.0923109241247837 0.0382416961624655 0.170158309875096 -0.028226410440164
-0.120483755736007 -0.0365108241658183 0.0382399752531934 -0.0637069702769342
-0.0608462470857222 -0.104242616608433 -0.0170623168440267 -0.162221641492827
0.0235253885828017 -0.0956666448821061 0.00758088232632669 -0.322431677477185
0.0693763710325538 -0.0611051603986403 0.135814269310949 -0.477853363318752
0.147205768696387 -0.26486863947794 -0.0817202679106246 -0.340415195190228
0.0714611246794944 -0.275923443585067 -0.0994589821379779 -0.231690980100938
-0.0885547698096351 -0.27843660412685 -0.0481198723454907 -0.012104674796333
-0.195274290942417 -0.156417365151349 0.0209197498918081 0.0670437943877782
-0.215590959157605 -0.00230574157761036 0.171900614891216 0.0882417142014799
-0.167400965592073 0.0712840926901268 0.256757389962307 -0.0119303253567358
-0.152593501872834 0.132423073915154 0.257657948783367 -0.116031850049357
-0.128199549434054 0.16577050604072 0.217670531426238 -0.176636193334961
-0.143849204762347 0.169434389211945 0.217786109875943 -0.17102206362883
-0.163915217662068 0.10992890640657 0.196732662137815 -0.0946353419787192
-0.216270891652265 0.0569498908876889 0.128114677474377 -0.00424966140008389
-0.252842984593718 -0.0812503276960435 -0.0113570430587047 -0.0478908014022615
-0.181898113569938 -0.212225544991273 -0.0583897504034018 -0.16138078579543
-0.0230340124850102 -0.251590191141529 -0.0329222213956804 -0.319501895942856
0.0790681406647092 -0.24747517398405 0.0913193998332925 -0.454953767644894
0.161467044254362 -0.409635596472267 -0.126374566465245 -0.238140317250857
0.0762854314024772 -0.40891162645093 -0.115715643360691 -0.173137377499298
-0.119247519040134 -0.419257045660878 -0.069867863999394 0.00442392506797707
-0.270034116637775 -0.267012073598428 -0.0181614802153659 0.0798354662263918
-0.332426688664184 -0.0562236854756822 0.123104879020631 0.110025632162439
-0.279001087350161 0.068676976664868 0.189952788299139 0.0275601678642994
-0.255314200104709 0.164599312010683 0.192285797920011 -0.0480334173784032
-0.208251650469863 0.222386791016457 0.155538206431169 -0.100749223488539
-0.22255164933091 0.235756332928619 0.151177028101565 -0.107095770558636
-0.245202492274877 0.153764135294878 0.127617210139645 -0.042652572036107
-0.311133595810397 0.0874641163173006 0.0739683169405668 0.029135198528614
-0.36310081907078 -0.0936934501891143 -0.0557441668621698 -0.0162998502467059
-0.29606933069097 -0.277272602978155 -0.0892249168564649 -0.13240649468375
-0.0845179647242725 -0.36694244448141 -0.0572559702305583 -0.269430221027349
0.0654306786625205 -0.397401860603923 0.053858358787998 -0.367111244421952
0.149279811008124 -0.502016765376424 -0.176445797800201 -0.0895998115393659
0.0558238771533869 -0.496065430045089 -0.133659924721494 -0.0713046364519739
-0.154302122889538 -0.505094206052699 -0.081776498925597 0.035505507250764
-0.323390340139004 -0.335407331129923 -0.0525985278581133 0.0846356160131238
-0.407874147931575 -0.0941883047923057 0.0516538485068166 0.10978724344254
-0.351489630247224 0.0597732832430265 0.086009344761251 0.0587315958561107
-0.320809446738286 0.174260568531878 0.0919325240322381 0.0256593816448461
-0.256705372364189 0.245409164734949 0.0702921681691652 -0.00947326016346867
-0.2666044229787 0.266034725368357 0.0682720155490046 -0.0230072720010335
-0.291077345868261 0.174120891319577 0.0466118702390267 0.0267728049784731
-0.361951906920464 0.10643128326573 0.0119674093299993 0.0707038327678426
-0.420307434257733 -0.0927547956312834 -0.0899579150508298 0.0237702473433573
-0.363177434183014 -0.300462469908716 -0.100081897753849 -0.0857053332029433
-0.133677691790423 -0.421651786841814 -0.052254711042169 -0.181576045859007
0.0415355929725001 -0.483562139667272 0.0309586749539484 -0.227966273620382
0.105496090432345 -0.520089635939893 -0.216359336688977 0.0855917370843255
0.00910274241031579 -0.507022046623869 -0.143196787356671 0.0589533107616497
-0.179329381379823 -0.502201918888617 -0.084198095819181 0.0741810747068809
-0.331503317920521 -0.334511850555858 -0.0809327348978284 0.0823745783381138
-0.41412079539221 -0.105366288578229 -0.0338418810321703 0.0944018683057691
-0.363376727091448 0.047849357786013 -0.0371822752666506 0.0824757037444022
-0.33419440669485 0.158651879262398 -0.0252156835333926 0.0968010464403239
-0.266657712874009 0.23048312682744 -0.0249395037769046 0.0833370894833378
-0.275280171817054 0.249461114540587 -0.0207975201804706 0.0674255966993208
-0.29659104774333 0.157855248717883 -0.0384614971154136 0.0961042231761602
-0.354563709654836 0.0917172842241094 -0.0527169525240002 0.10640760066849
-0.399664588953666 -0.0950452521314543 -0.111523210894931 0.0569014225078369
-0.353820318875549 -0.28764564484298 -0.0908891138291103 -0.0377097878802512
-0.144016215307727 -0.410455289592129 -0.0222247328229631 -0.077876538544115
0.0181476466531639 -0.490208602945594 0.0249513550587034 -0.0638005982228012
0.0409988804672533 -0.456996340253239 -0.232027874790251 0.255509952143863
-0.0444831927575485 -0.425792509957256 -0.134599035873869 0.189613792181973
-0.17563043413124 -0.397900055725272 -0.0745009145878432 0.109444892425814
-0.275603129752838 -0.259996880660208 -0.0960267870962441 0.0747841955881759
-0.338456120542748 -0.0874373456751472 -0.112927187402792 0.0708115644807166
-0.306125173376529 0.0330202076150393 -0.15301847455452 0.099901031669643
-0.28995886902438 0.12164890687341 -0.137009758721904 0.155350113090624
-0.236465167709949 0.179210482237412 -0.115258481146231 0.161856203482447
-0.245695712484857 0.190176266811374 -0.107309132425489 0.14387336840466
-0.26195010741669 0.103773703026101 -0.11899697126161 0.144194008265714
-0.292047127209002 0.0411196064535938 -0.114295879515837 0.11622872713921
-0.303785624041341 -0.106692873443015 -0.122702479837154 0.0675202533080576
-0.266107867381854 -0.244370760191839 -0.0702448895118572 -0.00208038504984145
-0.112960032821531 -0.334356415289373 0.016723165668554 0.0215636459065934
0.00253919093261903 -0.418184670277013 0.027019412440514 0.0976120661393493
-0.0269970848618951 -0.320283598503985 -0.21446422156928 0.390812138025363
-0.0868192255253626 -0.269166098479243 -0.10239820261782 0.295857680766733
-0.133228055763418 -0.225250542721206 -0.0512256957782746 0.134321388622557
-0.165965234906779 -0.143496646529877 -0.0902721969802709 0.06488618234374
-0.204032874788723 -0.0563619422714226 -0.164645846462335 0.0463218546734843
-0.197810069477207 0.011491456829637 -0.236016176387645 0.109514214012961
-0.199083384037136 0.063623026546418 -0.221488789538207 0.195934678460108
-0.170007662914552 0.100496485998671 -0.187019096589295 0.215803728779383
-0.182257051608713 0.101431776656197 -0.180662863005875 0.190984561501496
-0.190471695482469 0.0334951708437225 -0.187508311175296 0.156570932046226
-0.188831148975428 -0.0163424905776899 -0.163533263230009 0.0921134241474962
-0.164424760506583 -0.102428556902729 -0.120655317396234 0.0521081478033499
-0.139288998238737 -0.163075093188405 -0.0464728688687617 0.0175019949989535
-0.0652808796056645 -0.209834815286266 0.0451746726047536 0.102879314017091
-0.0141374930887271 -0.2831457561708 0.0275097594585735 0.230759206436081
-0.079563025967905 -0.131553846935465 -0.169692504145466 0.47125094013145
-0.0959066993088137 -0.0764072425226364 -0.0499401221645914 0.360382331491603
-0.0560057344417167 -0.0377297963596945 -0.0129309924879964 0.144919405288161
-0.0309932716893094 -0.0277327541609561 -0.0631811420507936 0.0515289166518716
-0.0479359086607761 -0.0328659968989502 -0.182230853242417 0.0250634571841748
-0.0662627407175873 -0.0210194147904572 -0.273610807988756 0.112203013369743
-0.0818123513945664 -0.00810460008611848 -0.265611997238082 0.211394313903797
-0.0783583241398574 0.00611147854552352 -0.230348210785141 0.237869850217794
-0.0887805919916937 0.00502656456243441 -0.23273826915105 0.202373449260442
-0.088060029953871 -0.0255934856673786 -0.232165744263681 0.133252592037282
-0.0623940353801341 -0.0492633785771006 -0.190626027832095 0.0414129066985996
-0.0206371208667164 -0.0616720423933737 -0.103625874144738 0.0203886672900157
-0.0198359847743841 -0.0457417972084776 -0.0231629651786915 0.0274750148753493
-0.0327153925625845 -0.0574452680778861 0.0572059313671662 0.160133032559008
-0.0385298434402293 -0.11314904928277 0.0259954278037473 0.320290561197206
0.111048946472345 -0.0959795345245152 -0.073158806775657 -0.383902803442419
0.0528214276230395 -0.121780726867793 -0.102761542203177 -0.241256280208206
-0.0528528814326226 -0.112755160039191 -0.0211557841666561 -0.0223025937683187
-0.102811290168377 -0.0358285436339443 0.0610568289404797 0.0364727160674177
-0.0762409814534331 0.0431268166615107 0.198993546076546 0.0301196660035169
-0.0380240297373836 0.0585649460455736 0.276372524952013 -0.0777425465373924
-0.0297539421018714 0.0774072402759965 0.266809555434797 -0.186322444511788
-0.022781597297683 0.0862766418530683 0.230015718006239 -0.238172328814414
-0.0331898239474164 0.0864106758055801 0.241294749572564 -0.221362171182679
-0.0497353506591376 0.0653765563324315 0.234249180540683 -0.141249603453103
-0.0888735127589354 0.0444574337309155 0.169485345747075 -0.0393784253181267
-0.121750616661658 -0.0278122994575596 0.0334913800111923 -0.0637299265585859
-0.0675776595466589 -0.0996764292188565 -0.0267868323661364 -0.158731143223338
0.0182752277242509 -0.095676381258802 -0.0115895387979124 -0.320051051331836
0.0647964425301739 -0.0645877182352767 0.10892999792755 -0.481322170595105
0.128117406680495 -0.271974037174048 -0.10081867369123 -0.333380667674087
0.0550652733827179 -0.276693234520954 -0.11265739580411 -0.223769012939098
-0.105127200257719 -0.269979978073866 -0.0486586796935925 -0.0113029738679885
-0.20283395511575 -0.145273364015958 0.0232089017712476 0.0636672069672965
-0.2139032895837 0.00947534503625318 0.178261888393955 0.0752669576244008
-0.163862875676006 0.0796261998136052 0.255020456350171 -0.0296016196052447
-0.144512509063901 0.140834191695799 0.248517731843423 -0.132279938604872
-0.115724653932619 0.17353361633004 0.204327504772134 -0.188468510985267
-0.132007442732687 0.178262079482125 0.205218125329077 -0.18424208801164
-0.156631074846251 0.118171096966539 0.188981196357071 -0.107699974663921
-0.210971457653541 0.0708333833945873 0.12884931324864 -0.0133713791332484
-0.257340125205458 -0.0636443814482298 -0.0150538048634281 -0.0447920003328635
-0.194700732371306 -0.199291614690156 -0.0687728864701115 -0.157176125305975
-0.0374022791598121 -0.249401797285124 -0.0523595064171887 -0.314541497343852
0.0626300985691078 -0.251527796381887 0.0652041234871603 -0.457058311487987
0.134445035754641 -0.417789547281767 -0.139613534960378 -0.229527415207742
0.050859492123617 -0.409452249358575 -0.123574748410103 -0.164603128925626
-0.144001996011567 -0.406308686759184 -0.0686280750678058 0.00517658842678633
-0.283637841830053 -0.251887657751235 -0.0153282295365703 0.078867767488179
-0.333346421484531 -0.0360603915096181 0.130919242335195 0.0998484125087035
-0.275502991905805 0.0842275666889505 0.191319019038886 0.0146416969405653
-0.244133961175902 0.180673451696338 0.188064615135627 -0.0618593453970247
-0.191797672503937 0.235384784156448 0.14777715848657 -0.110121240151495
-0.205291356879403 0.250105212526823 0.142496250173115 -0.116519790819686
-0.236353954255031 0.167068312337669 0.123983233996739 -0.0511418899201615
-0.304316755112733 0.106437787879697 0.0763165865574849 0.0233478759868544
-0.368894564436053 -0.0707422137206948 -0.0573164154597955 -0.010533076704444
-0.312075881678059 -0.256943802733553 -0.0981725525705444 -0.127412009565928
-0.106048909123903 -0.36046613604077 -0.0736733720993287 -0.264275099304671
0.0397788998191253 -0.399940894836407 0.0333761772999757 -0.367549628560802
0.115885983590571 -0.509452160839208 -0.179899153075007 -0.078855056019336
0.0258111278636739 -0.49470831111636 -0.134908353776708 -0.0632914098614849
-0.185757893809695 -0.491375124766298 -0.0788010734148897 0.0367782984015917
-0.341392158812459 -0.317000658029085 -0.0491503901293816 0.0842921846804416
-0.411889134115946 -0.0697056450947437 0.0597726241728371 0.104004631989416
-0.348933676981788 0.0809608252435183 0.0901661694102106 0.0532271957685391
-0.309122455757643 0.194737517873708 0.0939012324394792 0.0172604596814538
-0.238619614350054 0.261511172586189 0.0690456682510171 -0.0148119273993202
-0.247502117436589 0.282438765761309 0.0647385901703885 -0.0277971094583426
-0.281399621959865 0.190290542573556 0.0474264181111137 0.0222625473652616
-0.352749181096567 0.127614667944475 0.0172249525243364 0.0685329756334559
-0.426674647327323 -0.0675718590059032 -0.0886383780101895 0.0320935534691743
-0.380470478480587 -0.276978102383415 -0.106985794946889 -0.081093168189686
-0.158384651995403 -0.413615498088833 -0.063702900927204 -0.178272216824957
0.0095933721220464 -0.485277954162065 0.0179364409906058 -0.227969939470204
0.0724220494172066 -0.525902905965239 -0.208630960601904 0.0969508483621342
-0.0207630281571096 -0.503790605411999 -0.13648098792789 0.0667025317512753
-0.210371710713503 -0.486493287247292 -0.0783468407114523 0.0750296285560477
-0.350139470243681 -0.316515258509424 -0.0775308212270129 0.0841688350887202
-0.41784183092091 -0.079188533084847 -0.0266037227213966 0.0940289021926064
-0.360991521760173 0.0706399039105554 -0.0312134571247172 0.0851444671079206
-0.32364267072567 0.181700571156517 -0.0173912830552483 0.0952247109296023
-0.250015068076509 0.248319994197774 -0.0195896035526959 0.0825062573127451
-0.257019952181886 0.267014983105254 -0.0178459359121472 0.0673722717067135
-0.287917616611128 0.17440097612147 -0.0321802346213924 0.0976400922061365
-0.346905578532771 0.111500309685719 -0.0458936585890379 0.107893926105957
-0.404989017689684 -0.070512017233499 -0.107750476355815 0.0655889149200862
-0.370520861460713 -0.265374754397081 -0.0951633512120739 -0.0338093264494086
-0.167734278142146 -0.400850499330019 -0.0276951623476581 -0.0773932837253029
-0.0126261174871029 -0.491703994280557 0.0210315664341064 -0.0645995748724786
0.0126196961573087 -0.46023934736661 -0.21467256925886 0.265972413107578
-0.0705980705803253 -0.420062783326374 -0.119634900518403 0.196695352870435
-0.201106555465158 -0.384850173134733 -0.0670524414489337 0.110705202267981
-0.290315539616691 -0.245057183787033 -0.0921767688032638 0.0776978443101123
-0.342170443397655 -0.0651201167140027 -0.107421138725193 0.0765765480334026
-0.304576335871497 0.0518869038259399 -0.14594095966365 0.110578229807234
-0.281890036443537 0.141916128401919 -0.12429781380304 0.160396375560605
-0.223611207067677 0.195100093875112 -0.104291266599199 0.165994306963478
-0.232536026595629 0.205823522955839 -0.0983163955029042 0.148855296919978
-0.256938695955099 0.118827742221911 -0.109317059849183 0.150776678590782
-0.288162445901592 0.0589918038222113 -0.106883642737858 0.121987613495013
-0.310497504641159 -0.0881073216225254 -0.117509479170039 0.0762857266738552
-0.281152891352793 -0.226186247071378 -0.0727033250527301 0.000414430961822417
-0.132203352373131 -0.327111259104083 0.0162677224063817 0.0185124956198529
-0.0235154289656941 -0.417347746627949 0.0322044372452148 0.0960788297223737
-0.0462638193821882 -0.318973628348273 -0.191243888089701 0.400497664372676
-0.101789431367619 -0.262613314223884 -0.0815095141116658 0.298835031345598
-0.147117705081653 -0.216404115773166 -0.0421454122118214 0.134978391384354
-0.175299315935147 -0.13471978922933 -0.0867108731214191 0.0682151271554368
-0.206564619388009 -0.0420988642578147 -0.161422048049421 0.0560480969120906
-0.19747425552852 0.0242379801266329 -0.227723796032177 0.126182029567706
-0.194767674059297 0.07874332752729 -0.205614361743284 0.206361016760792
-0.163152480947076 0.112673331270361 -0.171990800624788 0.224269370481109
-0.17499061166546 0.113801629874495 -0.168325795156033 0.200165423256016
-0.189495007195095 0.0459878629693433 -0.176505302031519 0.167769151885016
-0.189122945046331 -0.00435128059844826 -0.15749831412257 0.102072018202399
-0.171497732200653 -0.09324180445771 -0.115725346227343 0.0600207223294458
-0.149735161023803 -0.153451091989944 -0.0468828174622748 0.0192459399319327
-0.0781533756822224 -0.205791832316825 0.0502194795232517 0.0979102722279341
-0.0322026340785742 -0.282641373626973 0.0411056624971251 0.228883311120416
-0.0863345978958329 -0.127984018280573 -0.141120741976105 0.475529639332181
-0.0992985043927594 -0.0703378720777577 -0.026028294090677 0.360418786047518
-0.058291142806863 -0.0349722115746847 -0.00326751525348226 0.143863824299698
-0.0331234638991954 -0.0274881982244259 -0.0602102347448575 0.0536734744640236
-0.0493524222528712 -0.0293067720504438 -0.181483562944829 0.0364522882800623
-0.0676188856101666 -0.0161809479584236 -0.266016921688931 0.131045214125071
-0.0826468776366072 -0.00153976911664519 -0.24965881278829 0.224501352616041
-0.0788251647215748 0.0129574626078261 -0.213142523035374 0.248733466461829
-0.0885814028841564 0.0116615961873359 -0.218333137446483 0.21481347188082
-0.0910011090177867 -0.0199763444606766 -0.222411524328975 0.147612344420804
-0.0656464234900559 -0.0453204392304212 -0.187555230180434 0.05378474700711
-0.0257897537827451 -0.0610283409491196 -0.100725845165089 0.0269437083605968
-0.0228147440715378 -0.0451610583904327 -0.023098960899123 0.028197846005524
-0.0369366008282655 -0.0562602772661528 0.0654275422984218 0.154363189612627
-0.0453356073659532 -0.111330486676093 0.0445050661012959 0.318014076445909
0.101854467956238 -0.0983675231585177 -0.0911194546472266 -0.369850008117891
0.0455167677394497 -0.120320799419545 -0.113495784829576 -0.229204854550092
-0.056340646140161 -0.106464779211633 -0.0219686206185398 -0.0221586923950395
-0.100686070224143 -0.0296137430782086 0.0612155315143341 0.031136814182894
-0.0713579167068426 0.0446912945409259 0.195817267637814 0.0161468913080931
-0.0345958500365809 0.0578144334529414 0.265158806851688 -0.0933790487803773
-0.0248239329783916 0.0766713882477385 0.247032510808461 -0.196123050696787
-0.0164762925470497 0.0848978636456936 0.210658907662086 -0.242400640887038
-0.0266115374648249 0.0860180725978626 0.222060104872291 -0.229628860856597
-0.0440489798164745 0.0659969906219635 0.219746115645996 -0.152027658992965
-0.0826522537651127 0.0483379487332221 0.164253845366804 -0.0490392821884669
-0.119858330601903 -0.0190742577114315 0.0284912638302108 -0.0625496738197582
-0.0710399594865479 -0.093043376269211 -0.0348979366739265 -0.152149243670813
0.013758210175269 -0.0942945632989506 -0.0283520272234708 -0.309445308858146
0.0592458357158712 -0.066414654787258 0.0808420990571058 -0.473075919555437
0.108932336106662 -0.271063824535279 -0.115509838415614 -0.320495190021827
0.0396785533638615 -0.271316066413643 -0.121162972779123 -0.211675731836759
-0.116285867620269 -0.255299481577702 -0.0477790549827865 -0.0109917294997434
-0.203991200282156 -0.131325892438494 0.0247577858764007 0.0595714192410299
-0.206773090589069 0.0198390767587403 0.178626403082894 0.0608290825454961
-0.156301134695152 0.0852218830552759 0.246744079549916 -0.0449137499627219
-0.133217057247324 0.145284079597839 0.232973206189268 -0.143257774225984
-0.101860510158445 0.175347189500012 0.18731089530302 -0.192998289298265
-0.117212863042953 0.181267414436468 0.187437344487987 -0.190566571864639
-0.147091633778363 0.123204770006119 0.177615146804339 -0.116611161691108
-0.200658012186324 0.0809076391166535 0.125875801267643 -0.0220613513999819
-0.254952236176487 -0.0472008469005422 -0.0176767228651369 -0.0409652766044315
-0.201366812711067 -0.183925927933891 -0.0760771330034245 -0.148850300569947
-0.048187278886278 -0.241314805042312 -0.0680381367716421 -0.303495805590925
0.0466655881024962 -0.248425046678825 0.0410638305290476 -0.446298019135576
0.105989562160226 -0.414082188726239 -0.147075560183325 -0.216582233322037
0.0291145138898905 -0.39879639503406 -0.127928442333579 -0.153932830449516
-0.162528985984324 -0.385807430789282 -0.0665173771100251 0.00578871573687776
-0.288800228725794 -0.230708764663972 -0.0123581206585665 0.0754385147067018
-0.325802872035913 -0.0176654874363734 0.1340993741147 0.086883661848323
-0.265673554463553 0.0965032082054519 0.187722760870409 0.0030818468479562
-0.228408827780172 0.190126092571289 0.179159073520084 -0.0724032704700323
-0.17227918021251 0.240387661290251 0.136362338701112 -0.114898726701941
-0.184705347329607 0.255572997515223 0.130262119057363 -0.121815008592487
-0.222565222186391 0.17496848192391 0.117604672209857 -0.0582869298629998
-0.289232254444315 0.120550182872576 0.0765577034027861 0.0166939210252372
-0.364778438012213 -0.0477264248535315 -0.0562710696503845 -0.0046425517619837
-0.318745502275717 -0.233636153052733 -0.104342310381595 -0.119671771480036
-0.121398320661341 -0.347505164377037 -0.0867665519627103 -0.253272212585768
0.0163070677952175 -0.392345239943508 0.0137620315692027 -0.358868661776724
0.0822358520911652 -0.503287150983432 -0.178394075042087 -0.0675690278184109
-0.000258349916669707 -0.481558591755864 -0.132735197631817 -0.0548244584945873
-0.208220440834738 -0.46595551894161 -0.0744013356860389 0.0364540680406798
-0.349897203570602 -0.292281440731346 -0.0456623755635076 0.082491301291255
-0.405096856816992 -0.0438252394452707 0.0652232693575314 0.0950874298710333
-0.338028752010504 0.0978005789485584 0.0911486598508848 0.0465617045901106
-0.290046968455393 0.208909344759081 0.0928506530501799 0.00873794618467451
-0.216681851056017 0.269824756148198 0.0653411596092483 -0.0189343364862642
-0.224146357901722 0.289844083912987 0.0599788319071801 -0.0304262464913421
-0.266090704344672 0.200282483360634 0.0472967169120336 0.0188699787248145
-0.334944584440136 0.143297465882874 0.0204886987374962 0.0641237479201633
-0.419842677331991 -0.0407056404011865 -0.0842650029937714 0.038140455241733
-0.387202955662932 -0.248111742720524 -0.110856380760765 -0.0742202049332285
-0.175929600019299 -0.395233809398201 -0.072767836410007 -0.171031207315529
-0.0169893402127999 -0.474825104576104 0.00553743465231551 -0.22256548947944
0.0390827425443457 -0.517107212420475 -0.197776990697961 0.104490883440876
-0.0459587102032637 -0.488595768484997 -0.126753479488985 0.0713691734040788
-0.232675496658338 -0.461469051940722 -0.0719516421447096 0.0748753233937656
-0.359569548727917 -0.292153282258605 -0.0730103577333916 0.0842964425515945
-0.410671234735948 -0.0532611995262922 -0.0200242245916457 0.0905442662615792
-0.350302724627484 0.0875346740524438 -0.0252888215500373 0.0854974715541275
-0.305702085501047 0.197097844401368 -0.0110153407886901 0.0902267710273518
-0.228365635504878 0.257646200890819 -0.0147544020120867 0.0799336257834545
-0.233912675595819 0.27598414137607 -0.0154941650466107 0.0670921489410532
-0.273493747254755 0.185096610530054 -0.0259717429855341 0.0963997326408611
-0.330148157196891 0.127675480940489 -0.0386044271078287 0.106637711225344
-0.401396777590472 -0.0474251656740892 -0.101070443066293 0.0718336090346066
-0.375755722742385 -0.237598617513028 -0.0972271289991903 -0.0291571121255178
-0.184972024684277 -0.383846021202537 -0.0328173639174639 -0.0749315686998175
-0.039865791821272 -0.478266719793598 0.0172887347911636 -0.0632122959645701
-0.0131480236256983 -0.451548664054193 -0.194757045215816 0.269911987622294
-0.0888467675456521 -0.405867088691675 -0.103779698228773 0.195920278479636
-0.217276225570777 -0.363793209383364 -0.0589556682317808 0.109298129288973
-0.297017461827137 -0.22561814829289 -0.0877395651740236 0.0787434521614888
-0.337250489995663 -0.043289215775586 -0.0998725555985959 0.0786672508177222
-0.296111234243454 0.0682375792380388 -0.135284529544022 0.11661465661523
-0.267207295435335 0.156686698368141 -0.111108678409265 0.160111069081828
-0.206166833206276 0.204884130657502 -0.0922127993358498 0.165397039059984
-0.214195096675693 0.215030008454497 -0.0882691003159487 0.150186032789482
-0.246425606305284 0.130929397502751 -0.097730163427114 0.153022509599889
-0.277319448297869 0.0724639506919074 -0.0979526406654752 0.124576856490126
-0.309405770966863 -0.069657226314397 -0.109617724268244 0.0822420085044687
-0.286086323883781 -0.204321430611036 -0.0728461728543918 0.0030017246726958
-0.146239758985841 -0.312784086104283 0.0155604665052569 0.016207516570387
-0.0472231997651279 -0.406066665646465 0.0366936843994844 0.0926778320290596
-0.0622693342703225 -0.310652625539976 -0.164523102004634 0.397743314866237
-0.112254174275819 -0.250707042194054 -0.0613751451737894 0.293638835556047
-0.155797758514944 -0.202990388330808 -0.0333929009684033 0.132112275771194
-0.179071564740554 -0.123771384884952 -0.081614236352914 0.0696250459745146
-0.203781931031507 -0.0296146185069051 -0.154235465562085 0.0632581980290528
-0.192625494354092 0.0352570042386855 -0.214101886408659 0.136813141371672
-0.186305135782541 0.0898997052669645 -0.187693882136332 0.209500922235784
-0.152242749009698 0.120856210886506 -0.155038393106647 0.225298889552833
-0.164520468216894 0.121485944552886 -0.152501374717849 0.203664779926357
-0.184054077685525 0.0559645055505845 -0.161736263583625 0.173093868931087
-0.185087188348641 0.0059421635399611 -0.14802003833137 0.108176995706292
-0.173316008505958 -0.0820828484675769 -0.108463318587581 0.0648815822519858
-0.153986195777626 -0.141554642325743 -0.047162938426242 0.0203437945509117
-0.0870196994734887 -0.196974968881662 0.0526285354983827 0.0914960936014596
-0.0469200112838198 -0.274831977618712 0.0515906523124936 0.221598972703439
-0.090231780492969 -0.122064924761602 -0.113646535753601 0.469139694183793
-0.0994036183009482 -0.0636411934931941 -0.0050098804978671 0.350171492286032
-0.0587454352036786 -0.0315569113273264 0.00465243226530585 0.139730887003451
-0.0342184307870208 -0.0255330510830594 -0.0560332196681602 0.0546582350333001
-0.049657134209224 -0.025016144107439 -0.175615414379228 0.0457789320698596
-0.067243060976012 -0.0114084816009316 -0.251273515068767 0.143560445625227
-0.0809511544394493 0.00483763619496427 -0.2288415257603 0.231578786080529
-0.0764108401346573 0.0181954653473976 -0.194258332048772 0.251493002711522
-0.0865093427543057 0.0176487778976975 -0.200638778048317 0.220281970449524
-0.0909058608514526 -0.0129976288413116 -0.207262233988588 0.156634947397808
-0.0672870514695485 -0.0403463360488162 -0.179293840957877 0.0636956953338671
-0.0300152462215376 -0.058503052839289 -0.0953481632030723 0.0314713942951396
-0.0257465116788429 -0.0427232841433709 -0.0224534623656637 0.0286157421189525
-0.039658264195853 -0.0535624230730542 0.0708139736962029 0.146159081802656
-0.0509068417228345 -0.10752294250659 0.0596723695200761 0.308602957321539
0.056617988530518 -0.126191902230562 -0.203851209814084 -0.304523986209393
-0.00226373551936999 -0.126559455290999 -0.17469893137917 -0.168030146600258
-0.0874537463896429 -0.0775024450846013 -0.0206106571013608 -0.0159436131497244
-0.100808035223551 0.00871166203160189 0.0691129861637696 0.00277298520596419
-0.0482326822707006 0.0625798364748069 0.183156844781071 -0.053876845966066
-0.00994040483597105 0.0616578344553213 0.206634951269615 -0.177213514793319
0.00467225019561267 0.0772977361670137 0.157072987604656 -0.265154323746789
0.0134961943814352 0.079095526671851 0.105555543589244 -0.289080314342132
0.00498391582115882 0.0852006423392903 0.124128284571166 -0.279861269168586
-0.0193565484085245 0.0730931717859247 0.150046998442212 -0.211230969013225
-0.05780046170616 0.0710915488321767 0.133532287139691 -0.10183413929389
-0.114210946165116 0.0226764948231469 0.00906230573545223 -0.0640971930722469
-0.0953448809731904 -0.0609034700755978 -0.0790093807615365 -0.123601723204352
-0.0175362190604095 -0.0876464630100196 -0.12409721850104 -0.271697903010781
0.0337173578810372 -0.0766512356815016 -0.070695964224485 -0.451996272470473
0.00186305050683719 -0.289532105501959 -0.2040101544335 -0.246189477385312
-0.0616558771763024 -0.262691821874916 -0.168539613163056 -0.145302813652468
-0.193584789748762 -0.19153638853656 -0.0316209564192316 0.000987568320776208
-0.230963661064945 -0.0465286038210892 0.0514365667025828 0.0364882983622013
-0.178809742459972 0.0855076096717579 0.184484721689397 -0.0135864554654171
-0.112110023777107 0.127527798554668 0.207937964136864 -0.131358262136178
-0.0723909418959556 0.177886768160155 0.164042065952693 -0.215916362251603
-0.0333684581023557 0.188573945354148 0.100357052812013 -0.239982668283019
-0.0452657472085531 0.201666186541968 0.104893931074711 -0.23547138276899
-0.0951088159743543 0.15901586693223 0.124405142294102 -0.16769628066878
-0.153968018176757 0.13903971290231 0.109096901469016 -0.0674185166648333
-0.24736346097005 0.0410322851937456 -0.0233929168269387 -0.0304510574440658
-0.242463282733174 -0.10114591972633 -0.115578559471809 -0.105164405198611
-0.122926386095232 -0.201965647268047 -0.15940656214003 -0.251064881790748
-0.0351280687338857 -0.242048960232964 -0.103219100724556 -0.412750122913022
-0.0507164839751105 -0.421118404565509 -0.194348792397877 -0.13755031946068
-0.114384348817913 -0.377316526545848 -0.150161434963802 -0.0881584822616403
-0.282790496113125 -0.293340482888029 -0.0342863554104923 0.0221785695803233
-0.344708887887234 -0.106018822469441 0.0291642541443064 0.0604336941039214
-0.298740831724098 0.0927550633968033 0.155963392635879 0.0200979910781212
-0.207800592724269 0.174107067694418 0.170964379566539 -0.0718479849458336
-0.146100015110051 0.252771272883208 0.14180026304423 -0.136487705856167
-0.0751961526011681 0.270997338855671 0.0800941019871296 -0.154862323829745
-0.0815163020655369 0.29096784487286 0.0745920637369112 -0.155140563585892
-0.147447893140928 0.231173400857428 0.089231372840855 -0.0969431748272292
-0.221245290758846 0.203466526169718 0.0778148577703926 -0.0189869306884314
-0.348087251539087 0.0758183569969149 -0.0448437700176823 0.0139078894339613
-0.365322027257951 -0.10919963983172 -0.131107377423636 -0.0676638512249338
-0.224958184444396 -0.276108416187804 -0.162264063702742 -0.197859317419272
-0.108002698340861 -0.366145190661465 -0.105673723052337 -0.320786805924595
-0.102826876887535 -0.496132371671767 -0.170736609909207 0.00935943406498972
-0.170838746153297 -0.441204733569482 -0.117126233885177 0.00486123718276384
-0.350750439536219 -0.351429977076839 -0.026706543536429 0.0514038511771061
-0.421904140146863 -0.140291571307347 0.00511918005469963 0.075944772287629
-0.379555636054869 0.0948145407030669 0.0977164579088621 0.0468815027988472
-0.274064900528031 0.200268211559997 0.0994362013225058 -0.00172741093832877
-0.197548171405907 0.292270468914509 0.0928872085879529 -0.0353134195835706
-0.10609344131573 0.311766135588508 0.0484354723995595 -0.045834837680574
-0.105581825568661 0.33573476034374 0.0401661900357646 -0.050341719991063
-0.178192151769731 0.268707212025393 0.0507051172403321 -0.00559232745641593
-0.255986956050243 0.239535467840374 0.04300628228539 0.0418208547014437
-0.396748726019623 0.0999493451395443 -0.0551663851676702 0.0610238165668285
-0.431376194997059 -0.101308025014353 -0.121847438867066 -0.0239332883358127
-0.290856759544527 -0.302656141242795 -0.124382897275029 -0.125881732506131
-0.166548389138347 -0.431631438446076 -0.0730422567770785 -0.193455267979779
-0.145916253864661 -0.494125479820595 -0.131186828497311 0.17188877878415
-0.214544543258672 -0.431767458744945 -0.0691621823711231 0.116447856681529
-0.372625629731344 -0.337176863493996 -0.0108891227897457 0.0841035084059281
-0.430738206229481 -0.13525766258327 -0.0192324742219011 0.0847992382012774
-0.389584324233651 0.0898483276757883 0.0186876469338147 0.070616849098143
-0.288945407436487 0.196513792165199 0.00755857769653272 0.0725085115549843
-0.21553096374503 0.287955868274608 0.0270440385124457 0.0737381168135016
-0.121074347770285 0.305991391954376 0.00934084429927571 0.0698869743108979
-0.120469370551672 0.326489015619118 0.00415918947847318 0.0622602362674509
-0.189880707113363 0.259311715903701 0.0100199877359188 0.0890959902596657
-0.256614427124147 0.223639281809444 0.0037568761155098 0.100278968931456
-0.381416788419648 0.0871321892329454 -0.0597759734145787 0.0972077127145737
-0.417028824014581 -0.0940024275355586 -0.0953241951993969 0.012389529853941
-0.294071847018202 -0.28885111075585 -0.0578624391323895 -0.0516336794273591
-0.188477403783986 -0.428676241555995 -0.0142270755084385 -0.0519006758779891
-0.171085021106092 -0.413422427630801 -0.0755632325025716 0.31933897340386
-0.224576844437502 -0.340541336784651 -0.0104483404032699 0.218724715819699
-0.324012571346155 -0.255434296945802 0.00597831753877626 0.111001054345384
-0.35173707721984 -0.0979327262337251 -0.0382828387380527 0.0871736549140334
-0.319982438572608 0.0745183405945932 -0.0594426441662845 0.0893688414404893
-0.248254569188113 0.1619901143537 -0.0814165827712181 0.140414604762205
-0.195017648560718 0.238797874528128 -0.0402018331929212 0.173068726263829
-0.118505639251482 0.252289146128355 -0.0312183332933239 0.173365515680452
-0.122175374541144 0.264969863535855 -0.0335807660918198 0.161427557751835
-0.182367607218133 0.200778275015364 -0.0366136739781971 0.164756935772542
-0.227562548879377 0.156485429011078 -0.0431961088653842 0.137894422858048
-0.305497030723515 0.0368515828481189 -0.0661032908282049 0.108869250849284
-0.325678220860712 -0.0931572684410894 -0.0639497843488823 0.0329127749139885
-0.237223037532511 -0.23735610040272 0.0150676143448705 0.0152308659824158
-0.172319598588202 -0.362449392326226 0.0523196759594773 0.0818698544398864
-0.164572335983026 -0.265717588148125 -0.00956025131198815 0.421744870887834
-0.189238756271249 -0.18961272152886 0.054232874435587 0.289401433172889
-0.212456865406801 -0.130887100656113 0.0268624810171717 0.125837700544484
-0.207991226935047 -0.0481352762439508 -0.0433020574038892 0.0820960922518444
-0.195282298683289 0.0425320862386311 -0.117164382468864 0.0992723741127081
-0.165805203926759 0.0982547814876811 -0.146372124708548 0.189733386964743
-0.142641093311543 0.150279587477342 -0.0936949230180118 0.247845119367128
-0.0979742535191061 0.160670968634456 -0.0660962210598497 0.250304360853707
-0.108057861487083 0.165427920045744 -0.0735881816096973 0.231203626923151
-0.149963050800252 0.112933675482319 -0.0879673909287411 0.20577134438825
-0.166329786954053 0.0658748282545105 -0.0940558350208076 0.143227037763842
-0.186017313020288 -0.0180427225752518 -0.0731554509123687 0.0938376749343665
-0.185759954626041 -0.0781733431642331 -0.0366822961984346 0.0381874715816329
-0.145293355171336 -0.151884180315708 0.0733206887355692 0.0698466525432786
-0.131407331442831 -0.240707762393891 0.108444643875128 0.19203326539573
-0.1239064803902 -0.0808652053023321 0.0534819853003692 0.466486961895274
-0.110816716836359 -0.0220950311799845 0.115789655668676 0.319086711043593
-0.0648347191256659 -0.00857743630023527 0.0529029464764571 0.12376964846609
-0.0414509884503846 -0.0111423762174066 -0.0322353148971806 0.0668893005994128
-0.0545697282268019 -0.00510561593367471 -0.144637919727441 0.0971638701986564
-0.0678269368635326 0.0142912719680315 -0.17823705568735 0.213095969260325
-0.0744302856982872 0.0357067967581059 -0.126415796328933 0.285557744014749
-0.0630852288755087 0.0443906735220308 -0.0909384080002062 0.288272950496427
-0.0722407439108238 0.045951160514643 -0.110084824102281 0.263017297328628
-0.0865931330496511 0.0197437302944216 -0.135307641829904 0.20810620090784
-0.0753146711738524 -0.0145244520983061 -0.138183528468656 0.116619993293581
-0.0474794057882188 -0.0431720114409821 -0.0741968617114379 0.0587320622904467
-0.0374876006417295 -0.0302673725546919 -0.0126232114177922 0.0350290768800564
-0.0548076151910702 -0.0370072919232286 0.108941004433022 0.111814904642037
-0.0823819365160998 -0.0855924322199865 0.144989616112204 0.265520918502559
0.0528395734897385 -0.122878580825136 -0.205727107041963 -0.294161642324928
-0.00361063405252645 -0.123023074448568 -0.174029334713608 -0.159880787928384
-0.0857186008561356 -0.0738630909598839 -0.0214090208693553 -0.0167635394640606
-0.0983451586450388 0.00975786513115536 0.0664305415406339 0.000163991959331294
-0.0464620824064265 0.0609042056355473 0.17729213276973 -0.0584409394198764
-0.00968577849756498 0.0595735424113558 0.19743499649752 -0.178866938397719
0.0060869834138965 0.0746739830092504 0.146633591216822 -0.260822623459121
0.0154621346794916 0.076248868073929 0.098291528965476 -0.282089227320487
0.00763025762432728 0.0824475402207796 0.114356869942597 -0.275881926745762
-0.0173669689334539 0.0712415529059087 0.140964515972794 -0.210140979470095
-0.0539749723931169 0.0704177023612301 0.128924149880368 -0.103808692361887
-0.110215329311505 0.0248546618884672 0.00759804634974784 -0.0611816354639829
-0.0944452621531302 -0.0572456497771034 -0.0792976188411244 -0.118025447852198
-0.0187073682784282 -0.0856174162573643 -0.125408664960314 -0.261876097561988
0.030885057384316 -0.0750700839023191 -0.07707772304696 -0.439465814167137
-0.0049454000473599 -0.281296107515817 -0.203329232915255 -0.236828270369759
-0.0635493640862457 -0.254970263235765 -0.166896763141562 -0.138832821582505
-0.191395892628252 -0.182199064405942 -0.0323212853323372 -0.000551368194116238
-0.225484855978674 -0.0420263560703022 0.0487543010744707 0.0336453689351398
-0.173084510406623 0.0862551810080516 0.178884318140595 -0.0195161214700761
-0.108254555842104 0.126364832495907 0.19957294856138 -0.134224918355707
-0.0671698147673402 0.175480665422774 0.154155662903162 -0.213936802310614
-0.0277371770140609 0.183534807517212 0.0926535002159064 -0.234932328699985
-0.0388571887707263 0.19755429843536 0.0963033402953547 -0.23125374335048
-0.0908085813635097 0.15731714425833 0.11697878751917 -0.16742861396802
-0.146797187845694 0.139129748285649 0.105216883803771 -0.0692469562369851
-0.241139694308591 0.0457309958675764 -0.0230913451206471 -0.0273458745024053
-0.239610119231053 -0.0936459290607244 -0.115346339163879 -0.099632566070635
-0.123855328828954 -0.19657735864274 -0.160682695378056 -0.24123514075919
-0.0396773802796667 -0.235748986831362 -0.108864414129341 -0.401218461510363
-0.0600150233541738 -0.408198119497369 -0.191732256669493 -0.131211731126401
-0.118673558119555 -0.365688833821663 -0.147256574977714 -0.0840673003736622
-0.279708232205339 -0.279871725756245 -0.0347436733671123 0.0195337288155684
-0.338259051182119 -0.0987314260855746 0.0261641240270449 0.0575027705190004
-0.289439429099677 0.0954299318114065 0.151128903251411 0.0133772549471009
-0.202033971082271 0.175323415568624 0.1653453768217 -0.0743841244532402
-0.136792000205632 0.250043521492454 0.134231136980226 -0.136884916870648
-0.0669696783638399 0.265858432740337 0.0750428996164578 -0.151623226466146
-0.0721099293485838 0.285516711280436 0.0684626855183527 -0.151787819798609
-0.14106887757372 0.229211268556071 0.0843410838664515 -0.0967708934469878
-0.211452738815982 0.202773672298466 0.0751600520001966 -0.0209194898921602
-0.339660853750787 0.0822993944697009 -0.0428343420007896 0.0163772043489743
-0.359657333390163 -0.0989383639382124 -0.130707774519163 -0.062517749991795
-0.225200348861892 -0.267440829624708 -0.162828402941476 -0.189622011002982
-0.114408227224873 -0.355685321629938 -0.108733793491481 -0.311413236108856
-0.111600440660761 -0.480312910012907 -0.165809976432709 0.0117217168996882
-0.173267894643694 -0.428242455979515 -0.112871229285765 0.00516965118757368
-0.347826009600891 -0.3342569498295 -0.0264113228194392 0.0479787295835392
-0.415397668351568 -0.130690529274175 0.00321287807992927 0.0729694850527537
-0.368466070008203 0.0996464818125138 0.0948215071503584 0.0410940462264452
-0.266147213957664 0.202425926346537 0.0974554042002888 -0.00441405442494411
-0.186351127043588 0.29106686234891 0.0873501305906661 -0.0376393790070295
-0.0952203090996507 0.307766100624698 0.0459816594583158 -0.0454029023920996
-0.0945451198687956 0.329983590735531 0.0369169039451191 -0.0488046816317709
-0.17055642781047 0.267992650936275 0.0491875153329435 -0.00689643842383351
-0.244239248369803 0.238666078198309 0.0425029698161429 0.0393399543113163
-0.387267109427073 0.10680608927982 -0.0516410240343123 0.0619187298732656
-0.424060227094651 -0.0887915162332442 -0.121846886762698 -0.0203917686837894
-0.28992202926943 -0.292780208365626 -0.125109040144006 -0.119684213516519
-0.172059878267233 -0.418838495787963 -0.0744215075943642 -0.187413383920072
-0.154287488957503 -0.478999893448471 -0.124096225835769 0.169703754237696
-0.21629854591887 -0.418402957111612 -0.0638884518366369 0.113248732100113
-0.371308108039927 -0.3212832163001 -0.00984227593533841 0.0803508388460668
-0.425833798443528 -0.125038850728091 -0.0192632208593206 0.0829820167671248
-0.378949604617643 0.0958313474413604 0.0184538526156405 0.0660254275564934
-0.281217149948019 0.200362753751941 0.00967455391172288 0.0709544023193518
-0.203501852389134 0.287450105396905 0.0261032493352284 0.0694792862391338
-0.109691670388711 0.302851420429934 0.0093960232646462 0.0674421591887324
-0.108219793258987 0.321660856999577 0.00469608670370513 0.061336328266827
-0.182336398496436 0.258221249919841 0.0116220927780731 0.08643955280267
-0.245485882879076 0.223376308886747 0.00583656776954871 0.0976646294068085
-0.372433913251055 0.0934832907478583 -0.0558573607009769 0.0966823055072772
-0.410538134544772 -0.0826828723300679 -0.0954292429910181 0.0150667163702245
-0.293364081864975 -0.276841437056873 -0.0589526563259574 -0.0485912795900234
-0.194700381502851 -0.41724233741088 -0.0143978154522185 -0.0496097639898785
-0.176914272572826 -0.401590885438421 -0.0681791380464265 0.311270038688318
-0.223964871274388 -0.329100966626604 -0.00423687715714446 0.211490366164676
-0.322943107047631 -0.241489005092796 0.00811198386470924 0.107146287985654
-0.347295037558746 -0.0897324280681783 -0.0373199880097398 0.085838466557623
-0.310786964704904 0.0791463493691418 -0.0575652515224426 0.086872593409977
-0.240302084501531 0.164994424214427 -0.0757946660631573 0.138789234473603
-0.183918441560479 0.239724996188019 -0.0370331550357639 0.167461162549808
-0.108818821831211 0.250922652819522 -0.02781993490865 0.169184277053073
-0.112490946195289 0.261916279463144 -0.0299542258868677 0.158686098023203
-0.17618101784818 0.201640063817353 -0.03151415116341 0.161495679918501
-0.218846068471511 0.157209617607503 -0.0391588453789495 0.135783568171835
-0.298862502701049 0.0426620773260151 -0.0608382428427938 0.107900612507027
-0.320562300289175 -0.0845328270276094 -0.0644107614607574 0.0340855528778088
-0.236384188663564 -0.228943611027605 0.0128308037755596 0.0146632485620766
-0.177679265037319 -0.351414638118205 0.0533070705741975 0.0806502812201057
-0.168211786472539 -0.257218367624362 -0.00268208010053138 0.410452539744519
-0.187439677646305 -0.18282043407952 0.0592729232189224 0.278851984040544
-0.210751517002201 -0.123810486149338 0.0290648874129234 0.121397025702168
-0.205806922992826 -0.0434077057185888 -0.040958553595341 0.0803457210520176
-0.189319160118604 0.045849172926062 -0.112801248594343 0.0985975172573837
-0.161314573171504 0.10079008850324 -0.138314965626146 0.189492106604627
-0.135674802132155 0.152632143955185 -0.0879075377888617 0.241242037227416
-0.091271700259555 0.160724406757852 -0.0609928477987385 0.243640470225748
-0.1010694857867 0.16482073773925 -0.0664843487985791 0.227149592180659
-0.145439898981363 0.115379860563076 -0.080474693766008 0.203087253540954
-0.161081146706851 0.0672335481201956 -0.0883140817757703 0.142461923031858
-0.183694081994182 -0.0138030168560824 -0.0685764311526837 0.0928023582845962
-0.183968912874224 -0.0723789535375554 -0.0369381822461782 0.0389989527468899
-0.145485086354245 -0.146402716332729 0.0714130129110828 0.066925005318713
-0.134625632072996 -0.233823970275839 0.109924957612334 0.187159150664568
-0.123243794901124 -0.0780509788304502 0.0582481597252932 0.451811683076023
-0.108143189711764 -0.0202582173072004 0.119069986911755 0.306557529312849
-0.0642335392879711 -0.00719643897958964 0.0554355972077123 0.11978420702091
-0.0412890179013932 -0.00976258911196224 -0.0300184776215646 0.0652609751195575
-0.0529919204609192 -0.00395376764920405 -0.139625394544689 0.0983377022369139
-0.0659938432877929 0.0162661200069029 -0.169039852661805 0.212460171388424
-0.0721264577312132 0.0378303481477424 -0.118136221474626 0.279790117496722
-0.0603418084080771 0.0461539648522956 -0.0836905332264861 0.282127433034571
-0.069760569098977 0.0477344736421104 -0.101456329711954 0.258767060412687
-0.08503663909197 0.0224446230010988 -0.1263449156834 0.205772761797057
-0.0745631598463197 -0.0117901502505095 -0.131466470238655 0.117678574644024
-0.0487297318306509 -0.0408055569312115 -0.0704147695851748 0.058386127463024
-0.0378440454559996 -0.0289117296829579 -0.013131166366788 0.0356876614578708
-0.0550689298679686 -0.0351803128857587 0.107355875284243 0.10691464621787
-0.0830690841295119 -0.0833237387732701 0.147263682425279 0.258566638789533
0.0502249516206424 -0.121605347734963 -0.208927231939271 -0.289146947270981
-0.00499114235458619 -0.122394181803417 -0.176106889671571 -0.155557367318579
-0.0859802267959003 -0.0721779474333856 -0.0228622039088903 -0.017672563336849
-0.0971519627135934 0.0105490195844038 0.0643278631123286 -0.00199492186709928
-0.0456528228123894 0.0605114387965149 0.17357303264198 -0.0628027873384746
-0.00981656922533545 0.0585760494154107 0.191972533515812 -0.183125610878182
0.00738732432953046 0.0736125230156919 0.140471056307483 -0.260482022840527
0.0173903481837896 0.0744473051235243 0.0931076506935885 -0.280212740969961
0.00958018142216609 0.0810968129346946 0.10807759788801 -0.275299645207002
-0.016312560669348 0.0705560375453011 0.134879608633939 -0.211712200921084
-0.0520128937743273 0.0708276207299297 0.125960859272318 -0.106563459425223
-0.108507634070665 0.0272491603200046 0.00674404737466987 -0.0593897657128152
-0.0953809679648238 -0.0546274960421447 -0.0805088371049891 -0.115476210156277
-0.0199620271514776 -0.0846912064982057 -0.128265049997387 -0.256596853674502
0.0289722623007372 -0.0739857654287873 -0.0822136334576131 -0.435848722745739
-0.0106043434753193 -0.278839484590024 -0.205850447158611 -0.231925895290701
-0.0666356501567058 -0.252266144610267 -0.168008071410073 -0.135526853230093
-0.192478012889275 -0.176742747332108 -0.0331413663546718 -0.00219458071273748
-0.225661517744936 -0.0396946314498012 0.0467118994196698 0.0325534467826004
-0.170868157559754 0.0874386170794844 0.176164382840947 -0.0245019647348431
-0.107266925003803 0.127701349825354 0.195393928201676 -0.136980889166704
-0.0635768725173609 0.175969168262949 0.148538336341489 -0.215089462694988
-0.0227014733438082 0.182869690062541 0.0888320791053397 -0.232947985472403
-0.0336428695799759 0.195957475450697 0.0900937444449946 -0.231334373654065
-0.0883115363168749 0.158919521737542 0.111806768905951 -0.168268379660635
-0.142885623636041 0.139796968134994 0.102419364958466 -0.0721235767614643
-0.238349975669954 0.0506716101255927 -0.022464514251476 -0.0257467681602541
-0.240776642357866 -0.0882700014785652 -0.116995223532718 -0.0960874984990011
-0.126366605366267 -0.194109657402789 -0.163426071614696 -0.236201023664989
-0.0449123107686909 -0.233457744958626 -0.113408272432996 -0.396888673483597
-0.0678408232006225 -0.404275700520189 -0.192069454963987 -0.127817198378025
-0.122518141062098 -0.361220378669629 -0.14646846807001 -0.0820965787656897
-0.282119378324051 -0.270983808136156 -0.0354468888970086 0.0171370722371657
-0.338514080828385 -0.0939771826053353 0.0243627223464806 0.0569704303968875
-0.286147040997046 0.0991352064364593 0.149025272090432 0.00791036317530048
-0.199506934195289 0.178493157953383 0.162975105970821 -0.0777569003027001
-0.13148514308855 0.252981088044961 0.128596279492125 -0.138317758329533
-0.0597405655592623 0.265013922908038 0.0711903517741918 -0.150706489920617
-0.0644967364234498 0.285229838754448 0.0642713004974872 -0.151320785646445
-0.137900407027499 0.232089263147061 0.0808498045469265 -0.0978086939327114
-0.206368002366988 0.205034016058093 0.0738548388033603 -0.0226654455764903
-0.336258063217627 0.08849180557701 -0.0417411179092624 0.0179947180987687
-0.360204100540559 -0.0911135150878419 -0.13282680537981 -0.0587785917914331
-0.228097644248655 -0.263534287010473 -0.165527967909584 -0.184580365786901
-0.121768936543565 -0.352371305962568 -0.112515908612923 -0.307430034251245
-0.121658543837713 -0.474633841537466 -0.164294246765024 0.0132635442396482
-0.178416738306278 -0.422920075758013 -0.110560644441524 0.00522305711559372
-0.350909877266723 -0.324985506040319 -0.0263024924978481 0.0453364563720416
-0.416364352818038 -0.123206053964097 0.00218590242422949 0.0724834659807867
-0.363055463534637 0.105921206205816 0.0930645324449894 0.0358329072397451
-0.262663504869125 0.207283625484494 0.0968994025404632 -0.00640422564117388
-0.179408971263894 0.294908275260464 0.0846231576217363 -0.0395840537550887
-0.0870573724591558 0.307927242111788 0.0442737271227641 -0.0454078542839711
-0.0856072321080657 0.329844341599128 0.0353735120137912 -0.0482620010042469
-0.166665037701314 0.271882584110666 0.0484602414159664 -0.00737431357246976
-0.238269818945829 0.240666794750582 0.042475808297388 0.0383352052007513
-0.38475498835338 0.114303314286616 -0.0497040493291398 0.0637149057773979
-0.424666538972102 -0.0800175987592734 -0.123666496700212 -0.0168544504293608
-0.293605610215359 -0.287619616496276 -0.127732051873421 -0.116401766169864
-0.179816586271366 -0.415506549296452 -0.0763893405021486 -0.184619737795503
-0.164730739810473 -0.472259475751081 -0.120121515937284 0.169227729195357
-0.220619864725064 -0.412124714618818 -0.0605001691652758 0.110955834814025
-0.373386531942291 -0.312030966069302 -0.00934279384932841 0.0769847983975498
-0.426375253423785 -0.119403017943087 -0.0199696953909357 0.0830634000211092
-0.374525315649254 0.101719760194562 0.0178523988097895 0.0628603903120314
-0.275852514780904 0.205724724024557 0.0111131859348621 0.0701448291747772
-0.196321931843749 0.293134745246753 0.0253997405693816 0.0674386647814279
-0.101562456083513 0.303462498296705 0.0101931894093681 0.0669085136219222
-0.0996000902103476 0.322224815427136 0.00546549435503259 0.0619067446919645
-0.178740299800185 0.262185314415793 0.0133022047975324 0.0866241300042097
-0.240307523585304 0.225758690178843 0.00695384305515606 0.0971326757082438
-0.37017218515722 0.100444930339122 -0.0522623020449107 0.0974643819489856
-0.411153364144619 -0.0751149170765645 -0.0968144517952812 0.0180979388766818
-0.29727458947617 -0.272394939725756 -0.0608978660154953 -0.0459002331978149
-0.203003429415557 -0.412869322779071 -0.0144875491426718 -0.0485466829295938
-0.185230435411401 -0.395181976854942 -0.0617547926276096 0.309682440494738
-0.228594885904268 -0.324432462876001 0.000540642054914643 0.208603034492544
-0.32556479507354 -0.234268567800245 0.00975723002311563 0.10424036772943
-0.348867973525704 -0.0850395939923653 -0.0367084516170475 0.0862809937922047
-0.307754696078672 0.0836289877887322 -0.0570650123181992 0.086068076546889
-0.237243192670274 0.170738000073425 -0.0722454736597736 0.140136213557417
-0.178120762299018 0.244815477276871 -0.0354939143223893 0.165465142713047
-0.101529160896755 0.251747041925637 -0.0259937066578142 0.167727542098901
-0.105524303335832 0.263906965827845 -0.0266728952449595 0.158714681838646
-0.173190893076951 0.206156761081045 -0.0277758759497651 0.161536042708419
-0.215043221949449 0.15934410849978 -0.0363729000021455 0.136168644096627
-0.298372430042882 0.0487328035831079 -0.0580082335114202 0.108644922140908
-0.321515067008143 -0.0776777054791484 -0.0656340541750691 0.0368304631266948
-0.238922577990448 -0.224218559261158 0.0115692707584407 0.0149455589388908
-0.184386965257392 -0.347914068742667 0.0548500748854511 0.0798562335700401
-0.173539163495649 -0.253162364448296 0.00415754070956918 0.406844588775101
-0.189447432763094 -0.179258335639117 0.064080247912558 0.27416783680785
-0.212079116065359 -0.119094930374581 0.0314094501223432 0.118834550970226
-0.20637026844815 -0.0407772275092698 -0.0399195586759804 0.0808764852293991
-0.187008757443546 0.0487209751704391 -0.111804784985718 0.0997402553397428
-0.158792532533155 0.104651696739167 -0.133180501094833 0.191357568018352
-0.131751858685053 0.155987147818868 -0.0837804782392512 0.239784763466527
-0.0868034472826426 0.162164100615092 -0.0574848194441514 0.242525051554834
-0.0966395519465503 0.167181251988694 -0.0625292062604319 0.227119683666682
-0.144207985537804 0.119165411301452 -0.0753320052656618 0.203381174538765
-0.15977125220862 0.0702325098630122 -0.0845239719836355 0.143688527524481
-0.184612360128991 -0.00986109688813184 -0.0659354666404704 0.0927888731734723
-0.184913482319446 -0.0684340297786678 -0.0378674322926769 0.040549706472415
-0.147774557997824 -0.144051470056719 0.0708523468907357 0.0652910402600468
-0.140363640641095 -0.232090162038614 0.112937109311344 0.185557917123697
-0.125004858568225 -0.076231531775286 0.064961167525376 0.447464810623742
-0.108005893579148 -0.018721123391812 0.124375808774513 0.301379444120208
-0.0640988933607115 -0.00630256029923417 0.0581526770915403 0.117294223888128
-0.0419282641939487 -0.00970496859830165 -0.0281389307220113 0.0650024569734281
-0.05191629516077 -0.00301180844991583 -0.137383416293136 0.100441136373587
-0.065328993797583 0.0188598276589514 -0.162886148094443 0.215468403685048
-0.0706122735818034 0.0406925309829133 -0.112587397822869 0.278166852485577
-0.0586550078730993 0.0483335576532952 -0.0798821197872 0.279780062746835
-0.0678862827361244 0.0500767886320077 -0.0959991009016971 0.25804900425922
-0.0849115938168508 0.026033019949283 -0.120516752765126 0.206456887704143
-0.0752689414571805 -0.0102006221574557 -0.126652298731684 0.119454003866311
-0.0499420111061561 -0.0389523182883452 -0.0680801427750489 0.0584326752208454
-0.0392618894836795 -0.0275195937218432 -0.0131482028728554 0.0367084023373762
-0.0556856579587544 -0.0347339735985595 0.107235211622706 0.104830739368797
-0.0856160656974087 -0.08272481112021 0.152028077673855 0.255586484508729
0.0465683155540857 -0.122747742969222 -0.218565747278405 -0.283152291589945
-0.00844482157963336 -0.123105032677792 -0.181432980375463 -0.149973531884372
-0.0877519941952542 -0.0701870217261133 -0.024926874092379 -0.0180973904615927
-0.0971389004978619 0.0134766385226483 0.0617820293660254 -0.00485942748863802
-0.044477454436517 0.0617453729081101 0.170789615022233 -0.0708256192201022
-0.00917886807853792 0.0584917021985003 0.185402931109556 -0.191315114191053
0.0101006909124796 0.0736338604617625 0.132156294298073 -0.265792311643571
0.0196555692776583 0.0733543671663467 0.0852288185988383 -0.282335241085236
0.0130660952273553 0.0798332315065551 0.0979483913180257 -0.279860699877602
-0.0140520250441176 0.0709201683414673 0.126958853493446 -0.217199790035129
-0.0489805799027407 0.0723172098926672 0.122406212002048 -0.111629766245068
-0.107072444139032 0.0317702699683206 0.00518026678617494 -0.0582608617865005
-0.0977655868923023 -0.0513980237133964 -0.0834526347454746 -0.111855772360198
-0.0222861485209915 -0.0842797540312165 -0.1358223789569 -0.252977630596873
0.026342852716045 -0.0746652082956638 -0.096130467083068 -0.434703930026346
-0.021034497114455 -0.276961050104322 -0.213105946082625 -0.2262100417693
-0.0738763430779962 -0.250997529682766 -0.172249192611452 -0.131476058028081
-0.197595833778118 -0.170733610578495 -0.0356068828357868 -0.00265421972643667
-0.227205467238303 -0.03324104440556 0.0445364446558029 0.0311391459246983
-0.168772959630728 0.0932390144848808 0.173793269099831 -0.0322962763807536
-0.105198940441496 0.131810398095188 0.190551962189707 -0.145552835630432
-0.057742447406708 0.179325349537077 0.140874018100943 -0.220338798859046
-0.0163611222164209 0.183141904213125 0.081700591362232 -0.234848997416472
-0.0257206047556059 0.197254496155835 0.0816082973186968 -0.233344154032466
-0.0841865817585145 0.162555104934614 0.105517617681721 -0.17282615004459
-0.138766882388159 0.144109185837568 0.100131216362283 -0.0759957070352711
-0.237508817128345 0.0592982712172402 -0.0232740582413071 -0.0237512226441636
-0.245132270999957 -0.080227958234251 -0.121433740341716 -0.0915622969721197
-0.133514110230342 -0.191749028284016 -0.170885340482179 -0.230206466864501
-0.0544249375709712 -0.233209040585579 -0.12597067056938 -0.39375697284492
-0.0833397320847021 -0.401871062069517 -0.195862564726783 -0.121420457736281
-0.132926471534072 -0.358523354590227 -0.149087383412249 -0.0790999258833814
-0.289633028782597 -0.261947449882294 -0.0368020663879795 0.0160811325035903
-0.343064126199357 -0.0851177859312844 0.0230439389288294 0.056651490289037
-0.283686427089279 0.108038864594946 0.146657355797791 0.0011974994499897
-0.196219700403036 0.186307503000677 0.160730957102348 -0.0838206712767761
-0.123142496118265 0.260004198004545 0.123164971786318 -0.142938549693668
-0.049694245944316 0.267454608894114 0.0669519349996087 -0.151652773788812
-0.0531389562852669 0.287453726171251 0.0583713334408887 -0.152806057341405
-0.132030188106527 0.238315793929271 0.0767228700135633 -0.100427639352665
-0.20012817512452 0.211605462732285 0.0729460052698628 -0.025577310373718
-0.334878685708679 0.101528673168373 -0.0403532189763944 0.0208328214297023
-0.366202410635849 -0.079498659630265 -0.136742889917082 -0.0532614715147864
-0.238086389989406 -0.25817162096673 -0.171671653008151 -0.178199414192966
-0.135639319680705 -0.350932245178717 -0.122926108515955 -0.304740397966143
-0.14076257628315 -0.471513292906749 -0.163918978514149 0.0193841416243664
-0.191893465192443 -0.419793522275671 -0.109897402249577 0.00714901087334799
-0.361311914220668 -0.312865470206107 -0.0261099686195267 0.0436886805634911
-0.423165896599361 -0.112930361966103 0.00131379580115787 0.0737288484398981
-0.362272909519646 0.116880526233463 0.0920461798353453 0.0316690054386267
-0.257773086272435 0.218298779846949 0.0969966095190785 -0.00966478973650939
-0.168620541084764 0.304049567492322 0.0818164922521883 -0.0430190440943219
-0.0748082700440406 0.311558708309142 0.0423673321410313 -0.0458597846269326
-0.0725917702848344 0.33311258586665 0.0335628045656555 -0.0483398140679867
-0.160400482199731 0.279791325502783 0.0477451932704829 -0.00823694163290751
-0.231017764494588 0.248624599366953 0.0439599538424159 0.0369587295495833
-0.383324271377261 0.127857021702789 -0.0470047201747973 0.0664062015851744
-0.430181449007979 -0.0655267479823118 -0.126898968031533 -0.0107570965267635
-0.304017447804236 -0.280410929887714 -0.132004480419359 -0.111137407874054
-0.198562613702138 -0.411864598281575 -0.0820193419320459 -0.182227517237371
-0.183928635901027 -0.468135706821457 -0.114798918154465 0.173812936593418
-0.232845211134018 -0.407746241376403 -0.0558352317073793 0.111028450702059
-0.384242039661926 -0.298677312257705 -0.0074617445245198 0.0751815842889264
-0.433643726620265 -0.107947291279266 -0.0193490498261119 0.084454193622745
-0.37241521451206 0.114276441696786 0.0180630874841732 0.0610347578008375
-0.2723624221202 0.218403945692281 0.014128032634118 0.070419127993667
-0.185747892924885 0.303079493541486 0.0258269946268082 0.06600850489336
-0.0892556635177343 0.307815937117973 0.0113255395296808 0.0675797252326298
-0.0870870777943686 0.32662989565063 0.00760784130470355 0.0625081435733536
-0.171650523183838 0.271833789445078 0.0164231815951888 0.0869482226121582
-0.233444253657122 0.233349931078153 0.0105918910368221 0.0972133527619214
-0.369517609095968 0.113988657081332 -0.0494924461359068 0.100406151622745
-0.416224781672658 -0.0599474444226399 -0.098842236503187 0.0231401306661083
-0.307595280510806 -0.266883088993999 -0.0637896796283077 -0.0428196122118451
-0.220634042693533 -0.408637218479775 -0.0150330052152397 -0.0480174797829596
-0.201055749656423 -0.389643011134367 -0.0529728518900376 0.311403219428152
-0.239102999976847 -0.320024254025496 0.00755785330792531 0.206530444551479
-0.33351359012355 -0.223873114000857 0.0130563225482079 0.102215191425544
-0.354746477983476 -0.0755425424287237 -0.034991989536772 0.0874174254609399
-0.30511816774089 0.0940958260022323 -0.0559682982774176 0.0874089505834821
-0.233166109472602 0.18123324208889 -0.066986586643146 0.143762784158605
-0.16938115134567 0.253277726078432 -0.0320190735009579 0.166350534693051
-0.0921437553888534 0.256701905008644 -0.0215102861861591 0.168880980365719
-0.0949459173227394 0.268427509162767 -0.0213132692223986 0.160384967597693
-0.168113785176756 0.214640129084195 -0.0216598421706172 0.163362534570869
-0.211026718463228 0.166435452031911 -0.0312022600113936 0.138057896093769
-0.298879983418621 0.0599837195532803 -0.0540907045487605 0.110517637780186
-0.325975967951261 -0.0661667641133624 -0.0668032483887714 0.0406373066466166
-0.247654967303626 -0.219343468265809 0.0113424262788111 0.0162132720443373
-0.200705333500173 -0.343970163541376 0.0580937652759958 0.0794894407009362
-0.18382442307912 -0.248476153069838 0.0160143478548192 0.406895282244091
-0.195513689396777 -0.175030784160627 0.0737929277472035 0.271049169923916
-0.217233209529061 -0.113018204275548 0.0358653752393921 0.11674515715769
-0.209874083590888 -0.03600192654411 -0.0377968678826603 0.0822342626482008
-0.186069277944005 0.0548182605496821 -0.109530202027519 0.103451148093562
-0.15573978179889 0.112194092800216 -0.126545787641339 0.197032791204239
-0.125229099443862 0.162952123207292 -0.0782653287415914 0.242190145515052
-0.0799211683379763 0.167187880653665 -0.0512056801673652 0.244192938740836
-0.0902495147232096 0.171947269972615 -0.0541354868581851 0.229598125627619
-0.141361399354579 0.126936643304575 -0.0670765553900367 0.206559206980924
-0.158565085986248 0.075129652491065 -0.0790771710002961 0.147011371043426
-0.186663399215726 -0.00323853143374538 -0.0627244015919714 0.0947052521381368
-0.188788983953681 -0.0615192125462587 -0.0382468628534397 0.0431920325365505
-0.153296938251293 -0.140486042013623 0.0714102150865305 0.0648958622433957
-0.151011816297114 -0.228348958151439 0.120819248445762 0.18352696692784
-0.128506406746905 -0.0735782302635609 0.0780637466834126 0.444971485008654
-0.108641558395092 -0.01588061203812 0.133856462924984 0.296492721933764
-0.0649655731153709 -0.00453880537447929 0.0633224916139534 0.115122221983722
-0.0429125209140308 -0.00865955066630913 -0.0252055143303548 0.0649777373603191
-0.0523085985689798 -0.00233218080547795 -0.135471066471078 0.105808507970743
-0.0645236134949671 0.0217938490265454 -0.155727192841966 0.22214702968613
-0.0686797529014643 0.0443450767728925 -0.105339722286439 0.282028390159876
-0.0570480640894531 0.0516399390790255 -0.0727487881080604 0.282615145025392
-0.0658431028908298 0.0539814057097308 -0.0869722724872567 0.261999100968269
-0.0849665607890143 0.0303334516560635 -0.112748235371809 0.21150813660526
-0.0765991160812787 -0.00709103668283338 -0.122080597980319 0.123821355898669
-0.0526852706664812 -0.0364289831887759 -0.0662638982243363 0.0605308228558482
-0.0412419131904575 -0.0263404295486329 -0.0131536871775994 0.0390910010539564
-0.0579079319461906 -0.0336365720043914 0.110027730792967 0.101761670713937
-0.0905492656819985 -0.0815762653077046 0.161695854038104 0.25280178174157
0.0402061690538984 -0.123151975688952 -0.231049394909415 -0.271721281964395
-0.0137312004895959 -0.121692249370588 -0.187325865454245 -0.140200673127844
-0.0904722614003165 -0.0660302937872953 -0.0274355159099889 -0.0174834696357351
-0.0956485875519264 0.0180030546816579 0.0588428469577377 -0.00779302662480985
-0.0416436131438027 0.0632480441531485 0.164241637388735 -0.0793409619227017
-0.00781701227903215 0.0581242700038048 0.173589512681542 -0.200622199228649
0.0137394240289341 0.0724182526837629 0.118839779343933 -0.270317830058397
0.0233437899466222 0.0705800984098186 0.0729215988491736 -0.283336819443781
0.0172270137796805 0.0775504562533655 0.0834284280923819 -0.281950058129004
-0.0102405982471532 0.0707859156566439 0.115089597564842 -0.221886866167073
-0.044923842403045 0.0732518332473575 0.115998999408278 -0.116840883969268
-0.103952121296988 0.036629909066419 0.00289493581310998 -0.0563584897330672
-0.0996035470827991 -0.0459226374553952 -0.0876278409574304 -0.106029300146124
-0.0260405252212588 -0.0828046236500487 -0.145472324592613 -0.244083849420976
0.0229256001054914 -0.0749741363929703 -0.115630968815341 -0.426620218499724
-0.0348143441633659 -0.273716485037108 -0.222317572714157 -0.214781608616457
-0.0847124943745792 -0.245915616509149 -0.176920090971619 -0.123234779242747
-0.203168995655112 -0.159960603364349 -0.0370982736163873 -0.00275073703091802
-0.22789542464656 -0.0232248303177496 0.04297810149926 0.0295322485297483
-0.163142690564652 0.0995551028035845 0.168195721368305 -0.0416221522774228
-0.099986071697198 0.136427607108093 0.182018015371352 -0.155324460313594
-0.0478564450738065 0.181724911603345 0.128898028553645 -0.22523134534993
-0.00687500988625834 0.181866989095749 0.0713443853498481 -0.235362605847514
-0.0155534869467918 0.195830674080903 0.0690543408528729 -0.234536324877999
-0.0768339849327797 0.166619650428358 0.0953549712490671 -0.176585448196693
-0.130739401440538 0.149515435143077 0.0956260607343694 -0.0802729342206746
-0.233433894921654 0.0707561010749568 -0.0239546707533019 -0.0211094223582254
-0.247663551943783 -0.0669821112694265 -0.125254556007863 -0.0841647022921813
-0.142263161836052 -0.185372521759563 -0.179016689895506 -0.220116890877121
-0.0659087077372208 -0.228274265713405 -0.143978863117131 -0.38603760296497
-0.103785350600324 -0.393807286486666 -0.19969974002681 -0.110978162334963
-0.148112035192209 -0.350518638223269 -0.150882678586743 -0.07256503999849
-0.299355431161664 -0.245859596799946 -0.0378544425503076 0.0159834449448155
-0.346016530242107 -0.0695781551485125 0.0230272975975474 0.0564875961046103
-0.276880218300183 0.120232316572722 0.143420393702722 -0.00691889035697912
-0.187623669074706 0.196374640508251 0.155537603655082 -0.0920813034742892
-0.108494805249707 0.265502157246008 0.114272411961187 -0.147878729632559
-0.0355951986822251 0.267880444742227 0.0599395398429136 -0.152262771306891
-0.0372969539113595 0.286965468737289 0.0498325606281152 -0.153472822964636
-0.121107715107296 0.245626024799098 0.0708699279880628 -0.102525645279038
-0.189049823247886 0.218918719037113 0.070809066088798 -0.0285423346278528
-0.329062397885329 0.117183348187413 -0.0395007109420584 0.0241975134378875
-0.369075134706786 -0.0597350727845603 -0.13952892982426 -0.044903210799953
-0.251185892689254 -0.246496453798991 -0.178323142257087 -0.167602576149274
-0.153823710915719 -0.341126021116555 -0.136269649177107 -0.2969699785811
-0.164357888666047 -0.459879929854493 -0.160549874081238 0.0263550094279767
-0.208944077273283 -0.407218466885617 -0.107673241700714 0.0102749916628979
-0.37350694339119 -0.291904674496266 -0.0253466603511111 0.0426197171182583
-0.428627184166667 -0.0948020542174028 0.00274600892724802 0.0746038668910802
-0.353875472183624 0.133482648469862 0.0904315370563379 0.0251595356060635
-0.24734307445968 0.23214737747423 0.0963616624371269 -0.0143740304760497
-0.151923666275252 0.312639209688223 0.0774645645008023 -0.0467628790173353
-0.0581152371410729 0.312681378791573 0.0396977207786073 -0.0462405798918081
-0.0543889062660683 0.333801412093768 0.0304796101898634 -0.0483602709320459
-0.146546903434374 0.288563242246019 0.0467875712674168 -0.0097688526569794
-0.218578261531722 0.256786033545469 0.0451166713380846 0.0351820622704191
-0.376150692430724 0.147769167083108 -0.0429985864906157 0.0694534615150112
-0.431974037112777 -0.043833753700972 -0.128357472268609 -0.00220103160609366
-0.318782663606987 -0.266579340920163 -0.136200116111182 -0.10182415673141
-0.220040985898535 -0.398975730277385 -0.0898793718238811 -0.177061949920808
-0.206435949647608 -0.454237263987604 -0.105279808864778 0.177693164493054
-0.251874006407416 -0.394634758656292 -0.0496984230960696 0.110830211028883
-0.394637115787351 -0.279706028557518 -0.00535911517177226 0.0735750354002293
-0.439246671423241 -0.0888190932706737 -0.0163846845394242 0.0853954589249949
-0.364784362520043 0.129251773611952 0.0183551195076722 0.0589309249311261
-0.260993151918751 0.231793651449422 0.018209263847928 0.0697226754213472
-0.168692211878121 0.312579618958062 0.0273920451655134 0.0636479047556733
-0.0731947894057951 0.309899818818996 0.0142463686671143 0.0669714709016713
-0.0680852046323845 0.328132978852111 0.0106099887605513 0.0625400444195834
-0.158328750762802 0.281118589336371 0.0209504527232631 0.0861164069070555
-0.222121275419605 0.2415797053589 0.0152716396146891 0.0968966622924021
-0.363210418832298 0.132243570333562 -0.0436125998769157 0.102779852973221
-0.417492479672983 -0.0382454385094112 -0.0987143140747426 0.0300450941681143
-0.320902838795423 -0.250562027006322 -0.0650615845577933 -0.0380271350526519
-0.242825711120184 -0.395453097214214 -0.0175844169093868 -0.0462240008082235
-0.220745825515386 -0.377435627436463 -0.0378201565940579 0.312148112189641
-0.251402538759048 -0.306893090827843 0.0176906240904588 0.202791697687357
-0.342072056590532 -0.207093069708311 0.0170557079932148 0.0992077990926043
-0.35910719714541 -0.060543789814606 -0.0310825622576992 0.0893000220244436
-0.299437261787893 0.107028045864966 -0.0529834347315723 0.0894647401534819
-0.224486865215037 0.192768816553622 -0.058782615567733 0.147172033234672
-0.153951391936934 0.262382813639514 -0.0260815607325995 0.166607553732696
-0.0773427276439406 0.259813124412 -0.0145581865884729 0.169284474912145
-0.0796352532194409 0.271709976735315 -0.0130240709175805 0.160519387789679
-0.157837099216701 0.224465712507599 -0.012526656334788 0.16408616001949
-0.202791969551744 0.174163663594108 -0.023979898605705 0.13883461625808
-0.296421751506708 0.0751428832132334 -0.0480333722346152 0.112849023213236
-0.327517304737457 -0.0490675394362751 -0.0663415995220829 0.0460051995644676
-0.258138805256595 -0.207772243216344 0.0111913504213653 0.0173392274246724
-0.219359806173775 -0.332621320031186 0.0630799696731646 0.0766936053620483
-0.195372181624868 -0.238388259389212 0.0339374917125635 0.403201676153147
-0.201810865709664 -0.165933534929222 0.0856896253854168 0.264318332037421
-0.221448274963822 -0.102214090637684 0.0414697556967446 0.113287732978736
-0.213227898731347 -0.0270447338106031 -0.0329184539591107 0.0832688253908196
-0.182558518591469 0.0617528856912265 -0.104795669704003 0.108866350005218
-0.149476077900827 0.120148125028137 -0.115651617255133 0.202953025233458
-0.115676162839726 0.169777343353671 -0.0681661719211984 0.244035286157023
-0.070193662655891 0.170380356492111 -0.041336527938003 0.245684147469642
-0.0801336274843114 0.176136125001765 -0.0423615762313597 0.230521246730391
-0.134367224862786 0.135680944607711 -0.0554640122316921 0.208483475808087
-0.154804287013133 0.0821055301221408 -0.0703649256280653 0.149535666276851
-0.18733672044684 0.00724240484691648 -0.0570740736592943 0.0973069714672952
-0.191196864080609 -0.0516293823674819 -0.0377344670837447 0.0474572128882143
-0.160170574182537 -0.133560682174961 0.0737991334555013 0.0617439271183765
-0.163636469799744 -0.220494450224114 0.129508326815659 0.176683427799739
-0.132039466094962 -0.0676183299443946 0.0961879826778661 0.438263201443339
-0.108466373004151 -0.0115354464863224 0.147150647380243 0.286775188447434
-0.0653476896443946 -0.00147144501237125 0.0687627401610552 0.110471457309159
-0.044402420206999 -0.00786114460308579 -0.0205711865269057 0.0645310582336518
-0.0517428067089519 -0.000491378333674731 -0.129248168889126 0.112047768050839
-0.0628656967782026 0.0253673828275167 -0.144173081435093 0.229761822971449
-0.0657365503574704 0.0493589897386407 -0.0923284595073355 0.284941147411243
-0.0531026265402254 0.0550330324120339 -0.060605282561855 0.283368614559806
-0.0624552734071473 0.0581984973170037 -0.0731743950653994 0.264324203656023
-0.0832701997635911 0.0360521449710845 -0.0997192259363544 0.214985667081472
-0.0770628051871834 -0.00306882553435899 -0.114574024952448 0.129311207998489
-0.0550584115360641 -0.0336455420115661 -0.0629541857980169 0.062974601087023
-0.0426898634441967 -0.023384936944537 -0.0119230192058512 0.0414717356838469
-0.0602218338671893 -0.0313287959940319 0.112748134133735 0.0964292731372631
-0.0957717550243206 -0.0771526422780456 0.174497728657851 0.24433095769686
0.0109478334876751 -0.126954198043801 -0.257339775740677 -0.220739595269229
-0.0398088022245209 -0.113965213396519 -0.194949363394667 -0.104458786749526
-0.0988716908143901 -0.0486613385675442 -0.0245410613388711 -0.0161294947724971
-0.0877058531037817 0.0322542585812366 0.0551694551785313 -0.0200088548943446
-0.0273757587305725 0.063994628505514 0.142306316082036 -0.104291323513018
0.00108317798693703 0.0505131303945116 0.132350050352746 -0.219140104753848
0.0247853665514471 0.0637347131824474 0.0716761812441259 -0.279258422143183
0.0298389399930532 0.0602487002944543 0.0297583704167675 -0.280104309068938
0.0256710251745441 0.0687210778052285 0.0434904936008211 -0.282212049298666
-0.00211437795356404 0.0683164367612534 0.0831001141513456 -0.230799815320173
-0.0326463377855458 0.0755499940414642 0.0971161722676586 -0.128871409211533
-0.0956180886540365 0.0517450504246043 -0.000980912920131949 -0.0542689141082315
-0.104029217390677 -0.0277921173959392 -0.0951759683709201 -0.0895514566671079
-0.037186099790813 -0.0727714699458914 -0.172857116104741 -0.21766552248211
0.00875555775662799 -0.0733798133150502 -0.163917423292907 -0.396551991795897
-0.0873541397285732 -0.256245281748337 -0.232097924427509 -0.167002791112822
-0.128981876579479 -0.220230962873625 -0.175908865638062 -0.0903448126131182
-0.222436469971674 -0.119485976830872 -0.0253157958610448 -0.00424044358307459
-0.222549054992997 0.016155409022407 0.0507962246401585 0.0131147713032112
-0.138006563995189 0.117943402892725 0.151330846460292 -0.0744337603373736
-0.0749571626078965 0.140329171435939 0.14530802975381 -0.181095471697757
-0.0164147094739164 0.18166366574985 0.0885190926840448 -0.242602826948469
0.0175062726200844 0.171227080500608 0.0336744881843988 -0.23493673130081
0.0139549727840423 0.188980322170384 0.0349800933000359 -0.235416167642837
-0.0512756161456748 0.172975636978722 0.0704343090555475 -0.18577210273468
-0.104098813193154 0.161071155373864 0.0825878205851644 -0.0927394859148072
-0.216643489014763 0.10598789632178 -0.019455006278228 -0.0176083102428016
-0.249292258364406 -0.0264116330254972 -0.126455590157061 -0.0607525249824692
-0.164716429838391 -0.156024362935482 -0.20476189401777 -0.186103616122844
-0.099226167229109 -0.210302479470649 -0.187883280966565 -0.34898817953172
-0.174106656597877 -0.358422607823246 -0.188388726214644 -0.0711552935463094
-0.206303481560653 -0.308980625264698 -0.137719826756532 -0.0482207711978936
-0.328761069424809 -0.185572168957298 -0.0166112552560272 0.0102884382730601
-0.344571656465662 -0.00680758450454546 0.0416132055086205 0.0381784592771342
-0.243941047342973 0.155640782218724 0.132598188587415 -0.0417544412880881
-0.148687699081706 0.213416453220244 0.129322918700528 -0.120040835162276
-0.060343529078795 0.27562918567995 0.0870594559927204 -0.17037892603851
0.00299056959567629 0.257948648088445 0.0331534574728299 -0.154499610965938
0.00784290151527969 0.281249624666126 0.0260668319231673 -0.154062098102201
-0.0810824205154015 0.257807994059787 0.056247523597687 -0.11255312855937
-0.149199909961066 0.237178378475095 0.0655755340065261 -0.0409118682594323
-0.302380478158371 0.165997613101037 -0.0263940844783355 0.0258008741034536
-0.364558991388524 -0.00166415498579125 -0.133055864320694 -0.0195328255866692
-0.278318311650418 -0.200894522766099 -0.197756878812366 -0.131863245672917
-0.201185532273477 -0.308300428932038 -0.171344191243625 -0.261115117258929
-0.240296517615178 -0.409485849519222 -0.127099626929466 0.0536562719627207
-0.27332343575617 -0.351982874457929 -0.0801300645307607 0.0231680575748835
-0.406856366619507 -0.218066717424252 0.00362413888183949 0.0306163338914099
-0.430339949185351 -0.0165088215379594 0.0291641201894652 0.0555466812532096
-0.316969813594895 0.18149890561971 0.0865761322862629 -0.00506258583254869
-0.200236558714111 0.258364143339899 0.0849832864916461 -0.0394215569944148
-0.093890992674328 0.331355102996294 0.0679415388457222 -0.0698450075874562
-0.0116607689999366 0.305122947506262 0.0279003153442166 -0.0507981568804592
0.00100145794439121 0.330206175788593 0.0210587702401833 -0.050297319185308
-0.0984892922080281 0.304486009687205 0.0449738829145573 -0.0203191950459003
-0.171652562766101 0.278150132357778 0.0490607563932418 0.0232848694953942
-0.342942022702584 0.203559338782205 -0.0235426404454918 0.0693630544085815
-0.421950190030707 0.0231075191837897 -0.115105656106573 0.0211185436736463
-0.346492853686738 -0.21113170066901 -0.148894804497396 -0.0710275858727497
-0.272157493477419 -0.356266897160004 -0.11422461847346 -0.148658685469375
-0.278657624516594 -0.395437517973977 -0.051892914640242 0.187255653930697
-0.307447197050009 -0.332103486322022 -0.00903389874273414 0.108500226743351
-0.425071833174453 -0.201114340315081 0.0278760071305212 0.0556431829115093
-0.439704598115836 -0.00868304838404354 0.0125988494802518 0.0676692367512556
-0.328690522849614 0.182263230484605 0.0232037865170105 0.037405005134649
-0.213994397059962 0.263953589851859 0.0236840078937225 0.0528981901534042
-0.109349416795764 0.335183166681671 0.0361650406137231 0.0443878881538549
-0.0243004401054841 0.306724432889021 0.0182820064343565 0.0607689035271311
-0.0136501500116146 0.328613165706941 0.0166024180407667 0.0593484186884066
-0.109518799676926 0.299912573787501 0.0327388922034866 0.0761370419802594
-0.176658318153868 0.265061427859749 0.0284308319211094 0.0868050449862626
-0.332118979539441 0.187185028660999 -0.0204251414519837 0.101354927069995
-0.407078237410571 0.0257756247849697 -0.0830950219195907 0.0488864913325256
-0.346949568388029 -0.197366663378352 -0.0714915123260947 -0.0173180453980714
-0.293061521096705 -0.349997113197728 -0.0279920447101018 -0.0306944565432382
-0.274543815210055 -0.317878833413587 0.0292102461929129 0.303093579497101
-0.290651286587772 -0.248501285561803 0.0648527074769808 0.185394958332962
-0.363337944898764 -0.141862265285916 0.0486588745892647 0.0782953287535744
-0.358500842821587 0.00483657390517371 -0.00390444525975376 0.0756462040997841
-0.271503975573407 0.151651652397138 -0.039845649578839 0.0804743851527523
-0.183982305978609 0.223882490702429 -0.0366779394396473 0.140361087031075
-0.102648981387961 0.286769839343525 0.00139659155972543 0.152362003577775
-0.0343848598078928 0.261282312872669 0.00622940383591777 0.162736111478181
-0.0314819759632554 0.276695661804674 0.00646188139600569 0.156223032006325
-0.11582060962138 0.245143017408749 0.0104240491362879 0.156484999823042
-0.16805114133936 0.197973833736536 -0.00348956028011064 0.13339084621553
-0.276728736561128 0.120316584160251 -0.0250345033192883 0.112880918266065
-0.321953338886367 0.00207396952988096 -0.0517556550510954 0.0600361704008784
-0.280502538405225 -0.164694858956406 0.00991022260104598 0.0253220846391172
-0.261633911907936 -0.293020471591174 0.0646081222241978 0.0766544333283341
-0.225201354315928 -0.188721516767344 0.104706682405023 0.377566580183839
-0.216553342100876 -0.121859540746327 0.132533193849663 0.234006628661078
-0.22864447931907 -0.0601534100277363 0.0665680348541645 0.0922981611347341
-0.212440344347446 0.0122474939160856 -0.0116490314210155 0.0747203722142168
-0.167377913866246 0.0910759469489161 -0.0860486396175234 0.112282912304218
-0.12415137539305 0.144620254773361 -0.0810521001014177 0.205264100428199
-0.0809856319979045 0.190809407189632 -0.0276697591723315 0.236873614730467
-0.0398776556218749 0.176167583460742 -0.00747053188524456 0.239384509773948
-0.0465995620806468 0.185963015129967 -0.012082550898935 0.227483548253795
-0.107389759132499 0.155333635715152 -0.025137580501965 0.206723225469026
-0.136105226035183 0.103849184197954 -0.0465327236524898 0.1511658789997
-0.18021887210611 0.0378356584094297 -0.038171427034107 0.10015029357213
-0.190702390438697 -0.0202864452563629 -0.0266351452953789 0.056049513749607
-0.174930954943659 -0.10786952892642 0.0770667167278108 0.0573672408654573
-0.190628819107353 -0.193187542995118 0.143377310339926 0.162875483653945
-0.132878569685297 -0.0363052940967581 0.160594875693984 0.399380220650023
-0.0988703732269944 0.0100422886892855 0.186020154654985 0.247791966343529
-0.0612247803219465 0.00985464685179717 0.0850968093537764 0.0905261639583427
-0.0453743508048672 0.0015200978998235 -0.0083194454136504 0.0616064213911426
-0.0521254921968142 0.0108171948355047 -0.106933856686811 0.126024060033544
-0.0556944808792937 0.0411079301354257 -0.102234626883168 0.238494190490785
-0.0536990154864586 0.0643317863257413 -0.0454117546026718 0.284953641417221
-0.0401161598914358 0.0643642325353755 -0.0198733679463118 0.279378059178523
-0.0475908034005236 0.0695673792800024 -0.0375008888098007 0.263346090506576
-0.0721590373333796 0.0508948907940228 -0.0683518205658176 0.220392683131909
-0.074018440621977 0.011013754697843 -0.0919341477596081 0.138340481029563
-0.0585512994111368 -0.0221053944756023 -0.051292190902139 0.0688557871661019
-0.0438326239202857 -0.0162087969861318 -0.00615163960222824 0.0445385267583915
-0.0638327388624383 -0.0237680409977006 0.121601648515011 0.0828879805783089
-0.104156609709071 -0.0643478003112268 0.19697315442095 0.218932250336311
0.00697118417187634 -0.121011462750713 -0.253668328259377 -0.204281081105233
-0.0413948858880705 -0.107752672613941 -0.190069354547091 -0.0939394528716789
-0.0964176063129447 -0.043547499179478 -0.0251282923497612 -0.015337975010945
-0.0833413956234092 0.0331868070485893 0.0507627691701707 -0.0193980080334461
-0.0248316003291732 0.0620223364219003 0.131400456932615 -0.104897567563992
0.00134032280211539 0.0490547560168028 0.118163580542919 -0.2156163431886
0.0260916043646921 0.0595639930921611 0.0590967243893338 -0.271144226418233
0.0307039766447915 0.0562406845435565 0.0219858592979933 -0.269332982289321
0.0263424128535878 0.0640568444266745 0.0325500614695249 -0.270590226557712
0.000299419795125801 0.0647580268091516 0.0714567315813657 -0.223996866641896
-0.0288231831533619 0.0728076990409929 0.0897796457114588 -0.126997869574943
-0.0897328113546111 0.0523889799188265 -0.00173617467381083 -0.0499663000426201
-0.101007711953405 -0.0228406858836926 -0.0929011785344684 -0.0830027863570937
-0.0372366606595583 -0.0685644612032645 -0.171851885846232 -0.204077235647358
0.00644298260003533 -0.0698146759698582 -0.167895561987796 -0.374985201222886
-0.0922695483946806 -0.240903440392277 -0.226698376005122 -0.15362242892161
-0.129573066134691 -0.207835706176055 -0.171100143415995 -0.0825066620799431
-0.216333547286228 -0.1089202064634 -0.0262998247649055 -0.00368111398347838
-0.213940252171665 0.0214194873821805 0.0483722490807427 0.0138310250098532
-0.129647525974518 0.116736320296216 0.141053230892406 -0.0752428839697582
-0.0687366279899759 0.138661706205396 0.132846139592448 -0.178913397846264
-0.00859219873220632 0.174662968957215 0.0758580473657397 -0.235178105590792
0.0219760528928139 0.16366687284634 0.0275446817834345 -0.226170462653328
0.019032757843226 0.179705921862164 0.0265185972570175 -0.225191610687707
-0.0437550293003685 0.168129088389504 0.0612219649844854 -0.179883547729962
-0.0954515142002995 0.15745201667061 0.076635683710318 -0.0911316780298136
-0.204843500553973 0.108851271795121 -0.0185504658685036 -0.0145799654962043
-0.240571643247864 -0.0174594690742289 -0.12275004266866 -0.0539314101968434
-0.163094930412376 -0.145464582439023 -0.200935595292056 -0.173478845704096
-0.102053529130997 -0.19816584464093 -0.19003395601506 -0.330779927076688
-0.178357500275423 -0.334906133967494 -0.181449114577976 -0.0636715870662182
-0.206910252506165 -0.29047382048279 -0.133092307082826 -0.043711306606501
-0.319552909136362 -0.169582949044723 -0.0182216953998222 0.00904965836465918
-0.333293484887302 0.00219559833611961 0.0397055450272523 0.037329186995708
-0.230587342608457 0.155714313916214 0.123812850422873 -0.0433098149748153
-0.137705300755398 0.210995829428981 0.120631665861155 -0.119084742948609
-0.0472657648235753 0.267088617284802 0.0767624726816161 -0.165690035442619
0.0110345746978856 0.247505933393151 0.0288778531491535 -0.148325580237096
0.0167670018355085 0.268052721073367 0.0211778317921478 -0.146930877102129
-0.0700527367804509 0.250994817900559 0.050800863215771 -0.108630531295891
-0.137035114421707 0.231425139809719 0.0626068851440401 -0.0406339920517859
-0.28641769484017 0.169680793982895 -0.0243309663534306 0.0270802929780016
-0.350410234314081 0.0102775790243222 -0.128166539159606 -0.0126740948432994
-0.275470352675741 -0.184910001642196 -0.19270278834909 -0.120346210071387
-0.203329905673095 -0.289080191854808 -0.172688362663229 -0.244521842598436
-0.244454212436006 -0.382950977343273 -0.119136472967015 0.0548302298455348
-0.271492995951951 -0.331328585403009 -0.0759625530256065 0.0229034615105399
-0.395686841400682 -0.198301635334268 0.0017082184597646 0.0282255425695048
-0.415329725276678 -0.0029608598936408 0.0286699675205497 0.0535551285523003
-0.300077272474199 0.1816944621687 0.08088725247203 -0.00650508662463028
-0.184999976652576 0.25553788554665 0.0802330041374744 -0.0403698242885275
-0.0772708408957173 0.321645082461235 0.0604928023309457 -0.0684618253715699
-0.000813142673175044 0.293389179686551 0.0264912991815377 -0.0480098949302058
0.0119410114415754 0.315146918601077 0.0189872150214678 -0.0475721741083669
-0.0850181248215115 0.297246130079063 0.0434537236603863 -0.0196906152821821
-0.15761762924656 0.271304620993152 0.0481426470055998 0.0215487443927244
-0.323321321145121 0.207355637484316 -0.0204975963184986 0.0684922174250909
-0.405152038483626 0.0361143449122745 -0.110316689846089 0.026243993174088
-0.340936609827144 -0.193039050536203 -0.143906391303221 -0.0634010299660158
-0.273921460085325 -0.332632880752326 -0.113885809329585 -0.138792312989429
-0.281226116574459 -0.367796852285163 -0.0424875188729789 0.180838604991331
-0.30554298369559 -0.312010680821677 -0.00553943353884711 0.10294126604865
-0.413697033706135 -0.181317736294795 0.0262001967825309 0.0517982838800026
-0.427553146510553 0.004670619119497 0.0135649373467973 0.06549337748864
-0.311984214972001 0.182787037423613 0.0216472608670992 0.0361910642479636
-0.197753552177278 0.261363166636391 0.0253532779189402 0.0501164841101242
-0.0920302833758211 0.326753547172181 0.033751248706327 0.0420160401173169
-0.0129731787535084 0.295340750609096 0.0201891760744351 0.0592657077338117
-0.00142605314218558 0.314010440546622 0.0177679532671197 0.0570313069520958
-0.095213314696216 0.293694269913297 0.0345230596040876 0.0722910902785711
-0.163113787287477 0.25947121589538 0.0304373864729907 0.0832619414732929
-0.312678204978948 0.192104999442847 -0.0163828256798278 0.0987361839202234
-0.389788652756897 0.0378319100784954 -0.0789210534683739 0.0529994738886607
-0.341123030094826 -0.179751549520411 -0.0682521812165788 -0.0133962433018334
-0.294384205423358 -0.325516275575526 -0.0271650592153279 -0.0278085996194969
-0.27389904153786 -0.294738709215379 0.03749700042222 0.28936800631875
-0.287317663245962 -0.231835234075767 0.0681375118121372 0.175146490619707
-0.352707131213959 -0.125044660665839 0.0478826617434761 0.0728546317011306
-0.348002353083519 0.0160647076667908 -0.00154748483724908 0.0724872805507608
-0.257895805110109 0.152739505274587 -0.0373828347681892 0.0794196731788913
-0.169780247240777 0.221680378297128 -0.0291218682600895 0.135785087609006
-0.0876834146697529 0.280192615453809 0.00364927456202571 0.147118472567724
-0.0240801145060829 0.252278182737938 0.0106008252906981 0.157517568204851
-0.0201931747230809 0.265631806733377 0.0109699073655959 0.149811190598012
-0.10330425533948 0.241198670400837 0.01618713162742 0.149353508032725
-0.156555929078837 0.19521368642401 0.00118783626842179 0.128847482205392
-0.26172162085607 0.125827278729885 -0.0207653375438583 0.109885497301229
-0.308913783689904 0.0127121246892236 -0.0482518283144609 0.0621646290011316
-0.276240034956259 -0.149764703306718 0.0108730293416778 0.0247096473790657
-0.26208869336082 -0.272056610417787 0.0648763944681805 0.0723187884106027
-0.22284415921963 -0.173367576719432 0.111265585592415 0.358829088487706
-0.212198478061228 -0.111701575768681 0.133728102840252 0.22001203063624
-0.222064672436115 -0.0521084921992995 0.0660140626797765 0.0855425337356235
-0.20614132014157 0.0184375957802662 -0.00892980839761806 0.0709778183209713
-0.160124337074478 0.091179918585287 -0.0790763950896338 0.111178729343131
-0.114787428677823 0.143044355399884 -0.0695325342207993 0.200128319508188
-0.0704759459277431 0.186827262830298 -0.0203363564670716 0.229476554513132
-0.0324006862141356 0.170308401485646 -0.00136251911350256 0.23082741254283
-0.03741523032809 0.179254262894846 -0.00480775402372133 0.218040106738838
-0.0972422742922325 0.15447995610018 -0.0164579237912586 0.198323851880647
-0.128926656187357 0.1038510503239 -0.0397938212232881 0.146806154818552
-0.172686659464327 0.0426647929673918 -0.0341771026029291 0.0973519615088023
-0.183111818526436 -0.0134073713291915 -0.024527456193144 0.0574033130557166
-0.172930617464548 -0.098263186035687 0.0761341641002479 0.0540766297026487
-0.191359771499299 -0.178867300831665 0.143096529416394 0.152556661498161
-0.129392164544689 -0.0314237843044053 0.164203715121989 0.378712375112149
-0.0948150622548991 0.0113812476402517 0.184998420053004 0.231256628568829
-0.0590955193622369 0.0104532727396527 0.0846171298605502 0.0841017648054244
-0.0446328841021944 0.00309006922015548 -0.00598206911596469 0.0573654040756661
-0.0508468193928448 0.011323550467994 -0.0991018991031458 0.124499774508162
-0.0519727384339973 0.0406270105227661 -0.0891771680669541 0.233013581776263
-0.0486065818609953 0.0650998907649952 -0.0352400228961161 0.274977443572339
-0.036193105372194 0.0637227974176744 -0.0130346194131936 0.268621037234291
-0.0427179555201122 0.0683414145409305 -0.0286127654481858 0.253224479311201
-0.0672428002828557 0.0529972275646068 -0.0574771667211398 0.212291320978035
-0.0714057694224775 0.0136858422631634 -0.0831854146708073 0.135294627752303
-0.0567807703704645 -0.0183311928848733 -0.0472511983714984 0.0670994536011461
-0.0429477383289454 -0.0139283390883113 -0.0041316696399028 0.045931664698581
-0.0630567770725943 -0.0206650515040487 0.119217350352935 0.0765589846365707
-0.103628188358268 -0.0586045648246019 0.196206045334169 0.204393637873533
0.00662334700073101 -0.116150448372506 -0.246792499706255 -0.195785643286067
-0.0402339768897355 -0.103692959925995 -0.183717446053032 -0.0902690926412693
-0.0936638422707715 -0.042077973599619 -0.0257800038796847 -0.0146640561203157
-0.0809089852824043 0.0317704296999898 0.0477468494583349 -0.018006686677305
-0.0238029620283204 0.0594144730370168 0.124948880508871 -0.101705161702174
0.000300569747014267 0.0482295214911483 0.11120207797246 -0.209865786413733
0.025836947443528 0.0565099358321297 0.0546578622363251 -0.261750453685776
0.0300523524611248 0.0539214566002495 0.0224745686816631 -0.261113445961128
0.0257567155137294 0.0615725560760428 0.0302587641002467 -0.260764976961147
0.00034590309281113 0.0622001221967761 0.0668744450742121 -0.215970298498993
-0.0272531729727737 0.0702913457977405 0.0861461089856374 -0.123369776198234
-0.0862309378066487 0.0507040480451692 -0.000822227128561899 -0.0469895355247216
-0.0974483002218542 -0.0208455021252275 -0.0901141913443309 -0.080046748950539
-0.0357776968455227 -0.0663053118809028 -0.166415249194341 -0.197676209872686
0.00671989929835208 -0.0671519312511897 -0.163670550453444 -0.360966835299486
-0.0903948611455206 -0.23082946628623 -0.220019220406275 -0.147663540763946
-0.125655173333326 -0.199518880012688 -0.165395117847827 -0.0801787085882352
-0.209090438262755 -0.104252668297939 -0.0269833240491979 -0.00417942226559333
-0.209061636273081 0.0212012000546866 0.0457582847730811 0.0147694267664933
-0.125727013421957 0.112916814004151 0.134261166304735 -0.0729327501465513
-0.0667729556717776 0.136487843452537 0.12609807607297 -0.174705908559751
-0.00636309669324694 0.168488222738566 0.0701992363498452 -0.227242574123952
0.022946530459325 0.158098920165703 0.027855295194907 -0.218588381212059
0.0193247981359598 0.173163668918057 0.0253247411339364 -0.216448119715071
-0.0414210247794166 0.163213578017656 0.0578031561702081 -0.173212648176519
-0.0919160160737682 0.152362629679648 0.0737967488919631 -0.0887131021915149
-0.197650535106574 0.106416613004647 -0.017577629369481 -0.0122153838977913
-0.232846786292912 -0.0145893566964874 -0.118568982194204 -0.0507254376252326
-0.158840076639862 -0.139964186796819 -0.194144274341263 -0.167307780850732
-0.100166293903578 -0.189974414705294 -0.185770704568122 -0.317472104248757
-0.175381517445695 -0.319793770715885 -0.17418984275966 -0.0611423503664966
-0.201347694034159 -0.279908924915924 -0.128296475018346 -0.0433074583192501
-0.309001322701719 -0.162226488455272 -0.0197363216467273 0.00873724853218486
-0.325471718230993 0.00346259990313159 0.0380746893209701 0.0384516169756638
-0.223822325270312 0.152016144179659 0.11763501246521 -0.0415588830519812
-0.1329005470389 0.207613833314355 0.115059407928582 -0.116849585621857
-0.0419459618452662 0.258635651790101 0.071053970937946 -0.159749872676186
0.0129947385373665 0.238948997937803 0.0293306913272652 -0.143125574274562
0.0181189670745944 0.258352408964023 0.0198604352817109 -0.141027750261271
-0.0661566976385816 0.24522580684227 0.0487408930853872 -0.104369535625733
-0.132871972608918 0.224900243718034 0.0602574123837996 -0.0388909468122875
-0.276504409607473 0.167195909883101 -0.0228209290610089 0.0284890172187221
-0.338807807920627 0.011991550266131 -0.12449612497734 -0.0099572900470216
-0.267870395197963 -0.17836516030077 -0.186050140285513 -0.116571632103663
-0.1993605773681 -0.277274973785921 -0.167803766975353 -0.23502149940337
-0.239391080479418 -0.365693398394262 -0.11284958990517 0.0523405695332515
-0.264062473208561 -0.319421463135399 -0.0728119135989777 0.0207270849963858
-0.383437705061828 -0.190323921380183 -0.000145310605312646 0.0263776438786737
-0.406470656901361 -0.00110211226573503 0.02754561709037 0.0534293280009232
-0.291076238577287 0.177618546196655 0.0764671601533728 -0.00582009941505959
-0.178848334717581 0.251424549845887 0.0781270126120668 -0.0398382590965904
-0.0702437129440962 0.311741254745638 0.0556105382887504 -0.0656573201741378
0.00175756019121436 0.284301951412009 0.0271816647373161 -0.0458995133906644
0.0139615258397745 0.303451627952826 0.0184964772024556 -0.0449591831540623
-0.0798130706255558 0.290179188692545 0.0425224441057014 -0.019088132839688
-0.152902004021305 0.263811274781766 0.0474252106566597 0.0215303306938186
-0.312592259562959 0.203204351822799 -0.0192505330516486 0.0683249994713195
-0.39212903917802 0.0377026938877002 -0.106881468517948 0.0287234486648862
-0.333096901649597 -0.185381210072976 -0.138665291717147 -0.0606282203032508
-0.268472689939813 -0.318474172707693 -0.11105945964383 -0.132496468033125
-0.273537929484233 -0.351706978745962 -0.0389826571163336 0.173726495559568
-0.296615128883389 -0.301080913121514 -0.00429590472988407 0.0985693245654421
-0.401100786216038 -0.175018064777199 0.0234730031920259 0.0488668657185615
-0.417632943821591 0.00706689183404248 0.0132153729772888 0.0642907361484144
-0.30191185229849 0.179885492253413 0.0193889886506018 0.0362726478361179
-0.190537306626202 0.256321230189319 0.0261666741546907 0.0478366116196795
-0.0839207864315755 0.317017569523834 0.0303497363959313 0.0410615109884034
-0.00959708640734787 0.28635783302348 0.0208287133112345 0.0583532403801244
0.00178722637473745 0.302625564639449 0.0176257418019542 0.0557353992204227
-0.0897226838022941 0.286769304626843 0.0353842879586874 0.0700823981057929
-0.157985442520719 0.252256973592793 0.0303495171697463 0.0810253637691054
-0.302838025582215 0.188697928686658 -0.0154792558287098 0.0971941386189026
-0.376836897938612 0.0387559287310332 -0.0756199473791578 0.0548356835929219
-0.332804357892316 -0.173082636087116 -0.0656670801754082 -0.0123518735373187
-0.288250284253854 -0.311376496295882 -0.0266089562056865 -0.0260488163229935
-0.267872960034881 -0.281083425789208 0.038870392660041 0.278614482289419
-0.278714579286114 -0.223644072045813 0.0669326080301068 0.167595740146445
-0.342193060380946 -0.121071181407743 0.0454438578505529 0.0698013706930821
-0.340822258279459 0.0177659001806243 -0.00168464690422643 0.0699481276975224
-0.250959975249102 0.149314057430905 -0.0364108399903219 0.0778897210186298
-0.164104163767592 0.21686162789561 -0.0262190477865637 0.131762185904654
-0.0800036047823428 0.271912164130301 0.00233339551053061 0.14285111093442
-0.0208044342355816 0.244721229257922 0.0108445616025449 0.153573443690014
-0.017031038468754 0.255950896228694 0.0112303560043489 0.145069129129458
-0.0972652855577544 0.23595920409132 0.0182106524924695 0.144421849219019
-0.151952975304711 0.190509691557599 0.00255419304128695 0.125033441281731
-0.25284379712207 0.124483974845464 -0.019656440910112 0.107262478565748
-0.298501462733119 0.0146942545428619 -0.046027560102616 0.0640971294804049
-0.269386825770366 -0.143477973931263 0.0112573166139475 0.0243706152495396
-0.256675830153316 -0.259432490124948 0.063838200470788 0.0700303947475546
-0.217517727814007 -0.165380739993962 0.109503287171579 0.345157833725044
-0.206470625751012 -0.108643632903976 0.130558691497228 0.211039646536853
-0.216436049435286 -0.0501159642782897 0.0638242740002187 0.0820966951588075
-0.201608240118254 0.020538998167662 -0.00834535305499273 0.0675594500964109
-0.155271632661598 0.0898448339021685 -0.0765973776804241 0.108802763151149
-0.110838501585097 0.139522843246091 -0.0643865827295401 0.194644594973229
-0.0647101109022871 0.18230487440221 -0.0195447159049829 0.222421300642113
-0.0298315562570626 0.166259458568644 -0.000641339657272774 0.224934073157871
-0.0340631836292492 0.172925590559924 -0.00439434407266972 0.210878445978617
-0.0918891963197977 0.152130468770811 -0.0131962288785181 0.191236660673996
-0.12525887613501 0.101564455192219 -0.0371018138869462 0.142073357313693
-0.166582013102457 0.0439602409757048 -0.0328609745416212 0.0948525838031305
-0.17717605150268 -0.01194266656816 -0.0223422708784365 0.0590437651509106
-0.169529655743549 -0.0936829516488127 0.0741422388022055 0.0525565774808562
-0.187581991880403 -0.17105545322453 0.13994086531505 0.147007503670519
-0.12614207058937 -0.0297978965725516 0.159743382536586 0.363925254918884
-0.0921313748033212 0.0106404348306066 0.180796015619965 0.223362942107899
-0.0578539102537355 0.00983250468893921 0.082782047948222 0.0798623821846913
-0.0438442135483899 0.00395318371785771 -0.00589331229247047 0.053333084080807
-0.0493527430759051 0.0111250758511375 -0.0953739885878789 0.120813870320194
-0.0498993024309999 0.0394261023528463 -0.083887624685711 0.226504286446898
-0.0453039287730589 0.0643598370486092 -0.0327575814411419 0.266303427493225
-0.0342506826208635 0.0627216287937888 -0.012505469377333 0.26168060066978
-0.0398052329341778 0.0670129971549506 -0.026319986492765 0.244438932542256
-0.0637036880619704 0.0530403274942482 -0.0530616106929262 0.204733598988597
-0.0699745845763605 0.0146119616236374 -0.0794112741507573 0.130954250735821
-0.055340502795921 -0.0161154405188466 -0.0455231160634825 0.0647276749502439
-0.0415573152512447 -0.0132638033541731 -0.00327081163415078 0.0469979602290646
-0.0625185091913242 -0.0194087770981435 0.115654916286088 0.0745513769304222
-0.101765645138563 -0.0556985478335993 0.192141250267209 0.197119596926561
0.00780739913612113 -0.114582460665777 -0.242530326066978 -0.194855562006186
-0.0380432678764943 -0.102486673226959 -0.181601195508113 -0.0914474180927772
-0.0922384745587289 -0.0416577330693495 -0.0261672983844245 -0.0148578461762447
-0.0806518698017485 0.0305452386230665 0.0463479703000608 -0.0164966024786093
-0.0243416729460571 0.0581854366578439 0.122541316857944 -0.0999324052737177
-0.000923551435055819 0.0490200108045967 0.108688661759525 -0.207224945572019
0.02529253609329 0.0548458902176329 0.0541814027300404 -0.257795107138811
0.0298737738565406 0.0533773045326491 0.0252160573350923 -0.259151249432186
0.0245283791004571 0.0602582897552162 0.0325971248464372 -0.257005130767043
-0.000280054953238693 0.0606894965324945 0.066400172722544 -0.212305069832014
-0.0274045963276061 0.0687283707282799 0.085977109153893 -0.120888907081693
-0.0855531119520188 0.0493728365380098 0.000854355088099312 -0.0449206563096843
-0.0960101550001152 -0.0210195843846052 -0.0883971216460975 -0.0797059553034626
-0.0337850427546053 -0.0661942923022875 -0.16306652943433 -0.19702263668362
0.00768723621587529 -0.0659366975457453 -0.158314099266798 -0.359295540156245
-0.0875479654797044 -0.227113597613189 -0.215440518091888 -0.147213608107585
-0.122640826140414 -0.197921614970249 -0.162860840842116 -0.0816097805953088
-0.206593516922593 -0.105125500726372 -0.0281939555152451 -0.00381932971723977
-0.209028646571343 0.0196253717621981 0.0445705143730334 0.0164451203071775
-0.125896937330689 0.110898300343648 0.131476964691617 -0.0706539299184279
-0.0678434246697025 0.136602989336836 0.124400613065339 -0.172399665898112
-0.0061909932938784 0.166068468581481 0.0692005526113076 -0.223010506061452
0.0218539976003242 0.156669452370871 0.0312553159399957 -0.217125888013202
0.0177806061855222 0.170295840258786 0.026467441295953 -0.213015988870591
-0.0422916055705232 0.161616518268248 0.0585044892391794 -0.170145542615961
-0.0924354601470613 0.149771211397656 0.0738931262315466 -0.0864118777724476
-0.196207627293374 0.104671473379635 -0.0164327230551766 -0.0104123853883901
-0.230394453458897 -0.015726539160056 -0.117261288510347 -0.0502620512344998
-0.156140210221165 -0.139867804323412 -0.191001265968337 -0.167904021771034
-0.0977286644799986 -0.188168158047626 -0.181282376589487 -0.314618290892064
-0.170578224329057 -0.314301129441474 -0.170386052010297 -0.0631761593362006
-0.196724942495542 -0.278444654588742 -0.126135279895552 -0.0454721954713443
-0.303837279891223 -0.163074488786723 -0.0215357500209427 0.00784878147163884
-0.324893217416063 0.00219792414983155 0.0368511232952493 0.0393922185307094
-0.224305995879171 0.148277747967806 0.115028999011482 -0.0388671996599127
-0.133988501443094 0.206626133476046 0.114030047218923 -0.115112184151005
-0.0417202286406823 0.25524944317186 0.0688880283397778 -0.155697461837549
0.0119686133202683 0.236971355833551 0.032182607122222 -0.142152686696921
0.0159997242085435 0.254321966847441 0.0211629408254369 -0.13756982185558
-0.0668353792717028 0.24326150021242 0.0492983674369552 -0.102541352450367
-0.133981678842917 0.221411807331245 0.0601397423090593 -0.0369826280190416
-0.27455143200655 0.164315045093561 -0.0226077452948982 0.0299243791782905
-0.335733939347322 0.00995510839908952 -0.123366829050678 -0.00929071051837538
-0.264292111614469 -0.178000678939315 -0.182784311316861 -0.117051463089329
-0.195660780360124 -0.274648408581043 -0.164941233732362 -0.232930359731291
-0.233212260544654 -0.359456046358572 -0.110380240663321 0.0494483826845343
-0.259883705760885 -0.318174203695153 -0.0714200170612988 0.0179062673848943
-0.377823875818547 -0.191692358895659 -0.0023308426526411 0.0259586252706442
-0.40646697376769 -0.0026042799157616 0.0268483562480357 0.0540149803938117
-0.291252210142252 0.17373810114306 0.0746076605018384 -0.00361771017127331
-0.179441495287847 0.249920391118189 0.0781867863081303 -0.0394117781508191
-0.0683963475935214 0.307473572047369 0.0529706729894003 -0.0626597604066894
0.00156159462367773 0.282364848273673 0.0294526264913407 -0.0458579929614762
0.0117139115206274 0.298828504777569 0.0186036718522133 -0.0427543736128828
-0.0799542837135256 0.288042291355383 0.0429145807726974 -0.0181658006929598
-0.154774258294004 0.260691023193867 0.0472703602614372 0.0224813099810491
-0.311321643537908 0.200200070636802 -0.0192518093688881 0.0692301742458956
-0.387770374347188 0.035021975722979 -0.105370183069218 0.0297590997775978
-0.329732060779293 -0.18436427181191 -0.136384387020953 -0.0612747917817583
-0.263939619159924 -0.315934798563863 -0.108651230888981 -0.130870853714484
-0.268510131616357 -0.346387297267419 -0.0379225651018185 0.169869656046719
-0.291934663280409 -0.300614725033931 -0.00419586824905081 0.0950786662633298
-0.39620182690082 -0.176679417076518 0.0217223614186282 0.0486483721582563
-0.415411535236515 0.00638399363928334 0.0128268062362265 0.0639977778967165
-0.302254496354827 0.176312335917492 0.0182967326582942 0.0369714427672955
-0.191274908704381 0.255212003932543 0.0265413365227052 0.0475185628503918
-0.0816104633563846 0.313125377480293 0.0267786793502788 0.0428454228673508
-0.0103919915169827 0.284557240869456 0.0217026828161465 0.0577586228790748
0.000439087066113376 0.297584998077192 0.0174183985875931 0.0566318526981265
-0.0893530392047699 0.284986067650135 0.0354882136180439 0.0692492671093933
-0.159538074624889 0.249031245697132 0.0300946314400208 0.0810679059340799
-0.301395061836565 0.186566053460595 -0.015384634713224 0.0978240736058389
-0.373687653405732 0.0367862726616759 -0.0742653081724033 0.0563382767818435
-0.329916754679614 -0.172213306328386 -0.0643787213568284 -0.0125613489385604
-0.284483047051088 -0.308276632601761 -0.0254862072904747 -0.0246114902416326
-0.264027737906547 -0.277975005136455 0.0373691273958979 0.274115265162516
-0.275001051164164 -0.224190024944449 0.0649581975577667 0.164832285322462
-0.338946753462958 -0.123525494438078 0.043437404455471 0.06950902515854
-0.340229861816933 0.0175086886034973 -0.00179586202208642 0.0688204625731435
-0.25071655586514 0.147282990795755 -0.0364818976419663 0.0774679073187273
-0.164145700897425 0.215670386481823 -0.0251503498133141 0.1299039611195
-0.077963639356073 0.268944242761851 -0.000878944460359213 0.142800071156441
-0.0210773140438358 0.242901094461211 0.0103996833352442 0.152730212911579
-0.0179779376111744 0.25220661687004 0.0101278641715718 0.144256383267773
-0.0962543410781334 0.234985113812058 0.018033904597498 0.141825957819623
-0.152994592723811 0.188069780690316 0.00206895280956064 0.124395470145034
-0.251479608848044 0.123399469589634 -0.0206303986019508 0.107239015828358
-0.295428349109901 0.0121430247116022 -0.0446380945153297 0.0660517208565573
-0.267702712201882 -0.142185178064162 0.0115205633609304 0.0245233043952794
-0.253759563951829 -0.256580729242736 0.0629682355864441 0.0708302450807769
-0.214685720575844 -0.163901465238117 0.105575990369124 0.341181866837355
-0.204186657973779 -0.109884272294786 0.128088507316164 0.20879895076607
-0.214681247963459 -0.0522806337354749 0.0627069226659321 0.0813138970538541
-0.201804883126961 0.0202166220150889 -0.00921737486151555 0.065691540350651
-0.155334882383469 0.0884045240472757 -0.0760602751408896 0.107057370979862
-0.111041621027847 0.138342507175542 -0.0633714226934717 0.191566941881655
-0.0624997367883949 0.18100655875349 -0.0226555223066638 0.220675836993968
-0.0293867971337646 0.165451576052877 -0.0023418959149292 0.223656353638227
-0.03407674444306 0.170669885701014 -0.00579800396949499 0.208814700481456
-0.0912364886074285 0.151617415824663 -0.0133062610975802 0.188250884373988
-0.124861645511291 0.101112469572834 -0.0367089221049717 0.140385871769972
-0.164812724471375 0.0435358682216038 -0.033346054642174 0.0941002549393503
-0.175323012861583 -0.0127865314835666 -0.0213441831321236 0.0608897775548485
-0.168334390821071 -0.0930852955776366 0.0733966240174009 0.0528566553915271
-0.185365505209247 -0.169175453534803 0.137663059280051 0.146882339847151
-0.125474531842947 -0.0299571287847761 0.155405574756021 0.360330916298903
-0.0917068945551742 0.00909323756386039 0.177579066732605 0.221572613123517
-0.0584170518623542 0.00928928892733517 0.0818743272937132 0.0788633941545203
-0.0435661519235562 0.0044470469535677 -0.00685740706786837 0.0506166967190641
-0.0492679504512598 0.0111700916780282 -0.0946944488801387 0.118695485609582
-0.049658941742642 0.038578878524678 -0.0834488835685083 0.223197819817181
-0.0435835827889994 0.0644399209377434 -0.0347975251973565 0.263590965715271
-0.033693833488748 0.0627355914727152 -0.0155090911560766 0.260316590895648
-0.0389115493500394 0.0662825592639616 -0.0290120525059125 0.241647436679871
-0.0626002545427802 0.0534950143745309 -0.0529836504889472 0.201331878963059
-0.0695067777399841 0.0147180688528221 -0.0785196800846006 0.128744288728008
-0.0538950501643967 -0.0155090777222679 -0.045809044305292 0.0638331289571492
-0.041397608484824 -0.0129458825315866 -0.00209682374703729 0.0486413771402374
-0.0627768046443471 -0.018821747071846 0.115033603738553 0.0749485204569436
-0.102053144381561 -0.0551667822902982 0.189224707716111 0.19643533772602
0.00879819233077315 -0.1158166131418 -0.246232697356292 -0.197030182421291
-0.0380353676457498 -0.103931233042894 -0.185000946912666 -0.0930668646783753
-0.0939360593313628 -0.042384012925857 -0.0273537053107168 -0.0153152470026114
-0.0832039615333042 0.0313084636054135 0.0459405108771998 -0.015778788542433
-0.0254499971041677 0.0590259367210889 0.122459351317453 -0.101378562952353
-0.000893789611199378 0.0509746225211596 0.107418526449147 -0.21064973980928
0.0252686417660683 0.054428462872059 0.053990637502647 -0.260512748057192
0.030770829819982 0.0534147392237293 0.027350532121833 -0.264601841072349
0.0247848838046124 0.0608660223828771 0.0339421427132243 -0.260715011258709
-0.0012186156240746 0.0612237192333884 0.0676386444395838 -0.214946360326672
-0.0276390450373326 0.0687775870216332 0.0877697557464345 -0.123012744522097
-0.0866302583836299 0.0501407469259306 0.00201493804498277 -0.0447438756311343
-0.0977289590326461 -0.0210243829394637 -0.090127440748421 -0.0815190577201922
-0.0333023412468301 -0.0682663067463456 -0.166812892215003 -0.200898877558064
0.00817964287461047 -0.067330356310437 -0.161006110374094 -0.363878358137262
-0.0880121314342629 -0.228816329000149 -0.217850269518385 -0.150509809866263
-0.123947770084054 -0.201287136302924 -0.166494911156974 -0.0838389854979464
-0.209506690278029 -0.106905091100653 -0.030479864742263 -0.00401690699132099
-0.214327295127071 0.0208527630353556 0.0451856384866367 0.0179772125278523
-0.12981461550872 0.112502860920236 0.13239335327164 -0.0708026286689044
-0.068803174294428 0.140731342575061 0.124841290819146 -0.175077193162515
-0.00594916253523881 0.167732952277677 0.0677239321869009 -0.224668896285745
0.0238171816234541 0.158703508489029 0.0334507939528318 -0.221888141425575
0.018298355452955 0.17237367707088 0.0284145668608745 -0.215945005093744
-0.0434205832981605 0.16486856341679 0.0588766654122139 -0.171816295204807
-0.0949414372073534 0.151737821606366 0.0753636845954225 -0.0871943694864694
-0.2001669943596 0.107409210443534 -0.0156959197959368 -0.00915279051442804
-0.234325423160881 -0.0158778897124401 -0.119931122009887 -0.0507069976042156
-0.159041906710394 -0.142608412308134 -0.19437342711748 -0.171477407361357
-0.0991981977560624 -0.190481078732632 -0.184184134858807 -0.318128594027742
-0.171847681259208 -0.316234343136759 -0.171695130824892 -0.0656461214263878
-0.199590122980958 -0.28154840622209 -0.128413101360307 -0.0484233946931174
-0.309222274748139 -0.166172741818019 -0.0230005332821652 0.00818486444587481
-0.333617855427137 0.0034035385121849 0.0379019530749307 0.0415193623022993
-0.229276131919533 0.151883144072868 0.116025327760457 -0.0387221306723229
-0.136428948898355 0.213480240682135 0.115225807119878 -0.11755745623393
-0.0406726972976209 0.258004428807968 0.0669127589911719 -0.156125418105526
0.0143684951956543 0.241498873017899 0.0348399723006328 -0.14567718392821
0.0163664384003034 0.258033569663895 0.0230108149243006 -0.139097726214349
-0.0671061425389596 0.247808527951086 0.050174547352277 -0.103227524678782
-0.137445514372271 0.225165063237578 0.0622002125916631 -0.0374211251878738
-0.279271304853872 0.16891950813261 -0.021732810676492 0.0325271384914035
-0.341866661790943 0.010725053509819 -0.12492277745436 -0.00799499583144423
-0.269394369201024 -0.181227968933968 -0.185796649529228 -0.120545012584751
-0.199003016748927 -0.278829331733691 -0.16736156128991 -0.235689406822602
-0.237296599439057 -0.361499303632302 -0.109999566263534 0.0478838467942139
-0.262580329351194 -0.324075908333009 -0.0729081400489804 0.0155555345268659
-0.385169215794169 -0.196294471543376 -0.00400714056913681 0.0265942090115582
-0.415598676401927 -0.00169816643181499 0.0273110485443007 0.0561110170409891
-0.29788821634614 0.177687289177203 0.0749798866426481 -0.00242906512266059
-0.183040907407363 0.258563747416705 0.0798584534061371 -0.0407952990031243
-0.0667998801621573 0.312641778797344 0.0511139083497451 -0.0612254945715871
0.00339954839844446 0.287116838424027 0.0316245287947158 -0.0469552963957062
0.0115405925452873 0.302937918938594 0.0205036296039517 -0.0424920674058875
-0.0805025377151617 0.294524124438202 0.0443885880104424 -0.0182586647596674
-0.158101104482735 0.265671633536753 0.0486749618781304 0.023415832362105
-0.316177899107269 0.205810081118502 -0.0185691363693463 0.0729324968898745
-0.39475792011311 0.0353923500660885 -0.106596348316731 0.0327514916792893
-0.336172231137265 -0.187173062697202 -0.138457051141003 -0.062886474630401
-0.26900361812694 -0.319952248813104 -0.110167344862943 -0.131660024142285
-0.270890982329481 -0.348780114184785 -0.0377784052051523 0.169734080589038
-0.296945096742919 -0.306584416203585 -0.00413791233938391 0.0945122395134664
-0.404853491963909 -0.180386911251786 0.0215990694197744 0.0492985953084469
-0.426355887860604 0.00798912482457504 0.0129445635361762 0.0648717714068222
-0.308948199443084 0.180269174134937 0.0184905882078007 0.0385553920887572
-0.19410250115256 0.261937001513496 0.0282602223562786 0.0475321906482759
-0.0794788131473685 0.318698823404831 0.0251885456496998 0.046037823429574
-0.00794536241257943 0.289910944823035 0.0233352450345586 0.0588330465063254
0.00027588747155688 0.302582168879693 0.0188137050891416 0.058454173141599
-0.0893903760006979 0.291238044650421 0.0369669936184176 0.0698730071231929
-0.163834548846608 0.253723780982065 0.0320583609927812 0.0831504262838494
-0.306234220107173 0.191334082857876 -0.0151307190480542 0.101482019557527
-0.379762782758544 0.0373643134403943 -0.0748277624365241 0.0600850635481557
-0.336627418122065 -0.173287805200536 -0.0648924985294784 -0.0133472040943597
-0.289321304816969 -0.311947118246847 -0.0258328784915098 -0.0243404021971528
-0.267871928896737 -0.279639860576239 0.0377806809287885 0.276025133191156
-0.279399306008107 -0.22807663152901 0.06698916547561 0.165457400004286
-0.34603199636659 -0.125984952922405 0.04425629424422 0.0700246026355084
-0.348662499202191 0.0200517678197253 -0.00173248702353302 0.0693524394393888
-0.255716634963313 0.150357007231598 -0.0369724846831294 0.0791318034714495
-0.16665124236915 0.221939529170958 -0.0241678938622898 0.131162244649475
-0.0766285663307093 0.273893625339679 -0.00257240330568342 0.147623220393215
-0.0190537432541815 0.248142872083082 0.0118655086373203 0.155010729795196
-0.0175155067525047 0.256452294331753 0.0106231848403753 0.147567697261393
-0.0962960000127331 0.240430681657971 0.0195368933386652 0.143534620016755
-0.156503517300993 0.192405911281203 0.00313850394644989 0.126922384920013
-0.255160127923883 0.126845751945977 -0.0202070943407355 0.110676816161885
-0.300174356683075 0.0130402035597187 -0.0439719933944383 0.0696507021293123
-0.272459851086303 -0.143609117386307 0.0120138765908907 0.0245902514701391
-0.257927690806374 -0.259977177428142 0.0644916033998089 0.0726550028860481
-0.217838266021649 -0.164963361696892 0.106064436405262 0.344179506548135
-0.207735556065571 -0.111903878118409 0.130508133414837 0.210990869679442
-0.220733402511669 -0.0531513353557153 0.0643849208838602 0.0818363180147781
-0.206948656396878 0.0219520003488402 -0.00941518780728327 0.0655929980973963
-0.158804024298851 0.090084818758387 -0.0767859476549677 0.108942073036098
-0.112453936376429 0.142117420638808 -0.0636877940879462 0.194047390716276
-0.0608238336921333 0.183631912380317 -0.0244714669745015 0.225664103474112
-0.0276422481934166 0.169507221299284 -0.0020851044241557 0.228191708300722
-0.0341429407312252 0.173711866083405 -0.00577849997958987 0.212636458530159
-0.0908951143256627 0.155507225793508 -0.012412015717545 0.190033413455462
-0.128253638472565 0.103556548310797 -0.0364905238414694 0.143072989577853
-0.16742407536969 0.0452685675208565 -0.0339482948346125 0.0968307424901396
-0.178765653047388 -0.0127727775284506 -0.0200710276493837 0.0643397466051727
-0.171840330342315 -0.0930975567854935 0.0753996556089088 0.0536542329598932
-0.190018806282991 -0.170627103361795 0.140736231701794 0.149891832517343
-0.128621458354488 -0.0297885708140655 0.156068714884905 0.366881491449006
-0.0937422398027837 0.00869284063577749 0.180834395111179 0.223884089958554
-0.0605237113484447 0.00933855068689046 0.0836247461971582 0.0789377694845767
-0.0445513484336438 0.00473561187633455 -0.0075715388387895 0.049865411667778
-0.0503191007295615 0.0109918134057894 -0.0959165340716985 0.120679171695542
-0.0507084283892892 0.0391118945194798 -0.0830183915067748 0.226389682904393
-0.0424430175699026 0.0660610099842533 -0.0360861076094369 0.267757454329663
-0.0330308940292274 0.0652675815436839 -0.0162882256152974 0.26578505039169
-0.0391747486290972 0.0677580187364456 -0.029405454867102 0.245979326945646
-0.0623204950799995 0.0554889149902375 -0.0531165512115002 0.202869737585316
-0.0708751645585474 0.0162076087577759 -0.0793111160754445 0.131348696468103
-0.0545692480494009 -0.0153262002583226 -0.0464096646627692 0.0653221071664289
-0.0427762728394867 -0.0129812466078973 -0.000499994337257276 0.0513742531407492
-0.064553395940186 -0.0181519014660366 0.117020085448642 0.0760299659478455
-0.105257223235584 -0.0552600918565129 0.192880073810659 0.199926844458169
-0.00833190564398463 -0.114489443720783 -0.254930982421604 -0.184085056181399
-0.0523212097399998 -0.0976104290723276 -0.189829546262027 -0.0836620246632084
-0.0998979834061182 -0.0316565325275435 -0.025781567979054 -0.0209205261578486
-0.0801006195847555 0.0413379739651828 0.0444188227675188 -0.0259819652303293
-0.0197645930206661 0.0595409948178063 0.110874554364793 -0.114641854100133
0.00176083382646216 0.0492149020339733 0.0885682276666524 -0.223063390025995
0.0309463588779716 0.0503044686152517 0.0275868272909569 -0.271181122953405
0.0344520791822463 0.049644935674422 0.00513270974322802 -0.274263746991463
0.0316999277778722 0.0587517796957915 0.0141315983181443 -0.275330636180951
0.00600742619178609 0.0638369563523894 0.0531708290718192 -0.231075930908572
-0.020469078770892 0.0732148754436986 0.0821484599462272 -0.137111036742335
-0.0820859257020424 0.0610543438762336 0.00195545685015335 -0.0493352152793092
-0.0991462509722923 -0.0131908883608681 -0.097531615067403 -0.0787157864597415
-0.0350452266867792 -0.0700024565757894 -0.193076184031328 -0.193925810748575
0.00934288417215674 -0.0730529850527908 -0.193408980059893 -0.366574859150671
-0.11734957159401 -0.214649733306737 -0.213715912068305 -0.145956016761194
-0.148962173121632 -0.185590863163347 -0.16363486864167 -0.0814830068518994
-0.224156793094825 -0.0820315770019598 -0.0202631123856141 -0.019555587718467
-0.213766810248046 0.0483306044017174 0.0495176276587545 -0.00226954654732849
-0.119040434352054 0.124831366888497 0.119818490624803 -0.0905945519937311
-0.0575504256080288 0.147442040211427 0.10534069874634 -0.192031618025678
0.0139222413311686 0.169596259932949 0.0408098590573625 -0.242189396680606
0.0365765208528928 0.156968007550363 0.0136513781263589 -0.230234023587308
0.0373302662222866 0.17240134709582 0.012816624728548 -0.226837163800327
-0.0262861310845748 0.173544509675095 0.0480918307593223 -0.18795727547673
-0.0804206556052993 0.163983835554642 0.0719231664447259 -0.101499526699523
-0.191338808947067 0.131591268756838 -0.0114567720998837 -0.013716148377625
-0.240156402648006 0.00500128742133874 -0.11936748159099 -0.0449304233367013
-0.173462212019536 -0.136813096751056 -0.215745582826392 -0.152854645788257
-0.114482880298236 -0.194471120173949 -0.214215233654795 -0.305633260820407
-0.21003426859811 -0.292789579884592 -0.153844165348062 -0.0682246508776918
-0.233215440828334 -0.259742187165739 -0.117374139835416 -0.0525654742298456
-0.333432632602656 -0.131126036681213 -0.00677875052049588 -0.0152146205382818
-0.336848470187087 0.0465134306407338 0.0478203616115229 0.0125250385871115
-0.215156051654345 0.175683920982797 0.103645802823263 -0.0631555018494107
-0.118444437038597 0.228051260650867 0.0978086047545621 -0.137177638066229
-0.00915915733821856 0.266608510721296 0.042291734106102 -0.177251894512684
0.0351618427697892 0.241733627011975 0.0210846521529706 -0.151243902791253
0.0449926773410738 0.259160162982392 0.013639317993292 -0.147043371164902
-0.0424421537574075 0.262124721650276 0.0437560802745856 -0.117773642688753
-0.116255812436494 0.243183199337718 0.0620988119342676 -0.0494302409339079
-0.267325960626864 0.203500261919879 -0.0135416233406239 0.0275615940659924
-0.348703983104472 0.0431427214067835 -0.116379285439701 -0.00100354773989863
-0.293694120446067 -0.165915606319208 -0.198056817850776 -0.0940146350152068
-0.228142779814806 -0.278359409700735 -0.188776410075864 -0.211751120235354
-0.27822339796456 -0.328758593772051 -0.081634556718705 0.0384294450304633
-0.299646039271294 -0.294000423588472 -0.0527152267676615 0.00431026584770445
-0.413649888474662 -0.152556653389792 0.0182211537621232 -0.00408285711165235
-0.420696775215382 0.0550530409682129 0.0407937880457838 0.0205129958218563
-0.281964280461044 0.210384073154478 0.0633535210804152 -0.027771334710341
-0.160957916430265 0.278828728364197 0.0663393875486914 -0.0588266838118119
-0.0286620434034663 0.325851125249258 0.0322891726887032 -0.0828770325771333
0.0289440002609002 0.289843582192705 0.0250045926249498 -0.0493373015536175
0.045672048418011 0.305923890580842 0.019166891356623 -0.046344952782019
-0.0505506272741381 0.310297301791758 0.0445495064484864 -0.029057013717564
-0.134955132501599 0.285611068280889 0.0528209966491628 0.0144043174837967
-0.301383343152145 0.244766655351008 -0.00668428771387178 0.0679054494093585
-0.40148791718797 0.0739863946955008 -0.0908863858011754 0.0395351370555403
-0.365589198578127 -0.166312868182865 -0.139420458678965 -0.0346897582319651
-0.307167892741875 -0.315731083876057 -0.120667483908891 -0.10200951435188
-0.309504789042931 -0.31241714776614 -0.00128507555044913 0.155399966554739
-0.330781471108265 -0.274064680144314 0.0223876247220113 0.077283173399082
-0.43048712082023 -0.134132206070412 0.0444251157461937 0.014589953416616
-0.430565223873013 0.0642341857946351 0.0262667307959508 0.029470182632599
-0.292297602048747 0.215257094325089 0.00946370751984359 0.0181195543319194
-0.17124640300789 0.286633718066435 0.0207737749016072 0.0341919874698013
-0.0411585981618321 0.334374794677379 0.0156563306878407 0.0280614944422557
0.0188023607147088 0.293661473481079 0.0260258626710529 0.0595065245628706
0.0334580626673125 0.306115406089144 0.0251441427353085 0.0593377858090792
-0.0608791153639161 0.307048110805879 0.0438884416762625 0.0639499068961006
-0.141612393881471 0.274319954986629 0.0404024635973977 0.0784496477407183
-0.292847908202599 0.228796936923671 -0.000609912781132736 0.0985255083230307
-0.387230590455946 0.0750577312603596 -0.054956646093323 0.0658480521723859
-0.365602127855354 -0.150214479387386 -0.0572071444826735 0.0108009459742886
-0.331066001985003 -0.302835678496677 -0.0238784134952513 0.00536898000582915
-0.295966674581028 -0.244360778223301 0.0770100387122003 0.259477949577745
-0.302728635808049 -0.198506320886246 0.0956072683120111 0.145711382857162
-0.364988573658868 -0.0859453551299719 0.0647042435525663 0.0382576067548935
-0.349550592779199 0.0660629359697095 0.00842324182338152 0.0405731231601162
-0.242305710381191 0.180384111341901 -0.0422550869826949 0.0673834841431227
-0.1468473294248 0.243266779430826 -0.0235033504429189 0.125221288244342
-0.0422954535337077 0.289017767995364 -0.00192295250243859 0.135475881204042
0.00405823101667022 0.253252561054813 0.0225939461870803 0.159825768070955
0.0105707925881243 0.261293668124621 0.0243042503981818 0.153399658472869
-0.0735922589427491 0.256078211704242 0.0319835499231579 0.143606124464176
-0.141732758008263 0.211005596542723 0.014289357523559 0.127325766097296
-0.247631143335303 0.157125914824695 -0.00589458037190414 0.111221249099003
-0.307543598874118 0.0422489286326805 -0.0253059472061154 0.0750488641563765
-0.298112611860481 -0.12337875860875 0.0254002008395339 0.041300837691248
-0.294812267398761 -0.250298013486716 0.07667934036329 0.096028917308102
-0.232205557021068 -0.136957325334635 0.141519625143936 0.328897389775793
-0.217059915738038 -0.090401444022589 0.156629532770465 0.192211506083513
-0.229259471691099 -0.0270273510583213 0.0786598510647917 0.0582230509643145
-0.206235812969186 0.0502863787055981 -0.00285795751585661 0.0484975496767365
-0.150197876881776 0.110318693655191 -0.0762628462499289 0.106658886739617
-0.0987281546364332 0.15805154723161 -0.055254745793278 0.195411824782467
-0.037417154333582 0.197412884879886 -0.012995305427307 0.221752785640507
-0.0110772947343174 0.174619538957299 0.0149682167593103 0.235647943145072
-0.0152758290733438 0.180263330572122 0.0119118119615351 0.222653687512548
-0.0764998067627296 0.168316907244133 0.00241766385511155 0.1954468461447
-0.120778628453197 0.117996486991654 -0.0252443910227027 0.149778771647131
-0.167169142166529 0.06378654923868 -0.0229128934761707 0.101633421282587
-0.185658441345642 0.00449721896390063 -0.00590360396705346 0.0694560124674082
-0.189160027531161 -0.0788301139139886 0.0907047263422769 0.0603840200655261
-0.217397555727558 -0.160519809241174 0.161031960726351 0.163354308619726
-0.126342147109166 -0.0143065054146874 0.182170755817392 0.35443708476905
-0.0885417726088839 0.0180466004752812 0.200775643090714 0.208798727804668
-0.0598769990590136 0.0163620577331052 0.0920818956388616 0.0674887882849145
-0.0438839407791547 0.0118398498694866 -0.00435937181662131 0.0455950713551465
-0.0495765778214658 0.0188122415324696 -0.0885075231949159 0.126504871978437
-0.0460655059204102 0.0483724539609743 -0.0682090300552988 0.234169490840796
-0.0326639901955406 0.0747865954311469 -0.0159934226215754 0.271106464987809
-0.02545134689086 0.0700232552602709 0.00547412307579506 0.275636098747104
-0.0318256429040234 0.0737066566868897 -0.0100093730526318 0.259963389746987
-0.0578869005570932 0.0622596000094616 -0.0386084774295827 0.215054142660078
-0.071274578120362 0.0229629026471682 -0.0704130945564931 0.142461421827714
-0.0575135867300944 -0.0105831522353415 -0.0409911646148292 0.0730338202665232
-0.0463193497188469 -0.00867993026803591 0.0077172148377189 0.0559014557841938
-0.0715372499173567 -0.00999846260565873 0.133215309879266 0.0732418500952534
-0.119295393870698 -0.0464315967245834 0.218141062629756 0.202277974556112
-0.0145495363120874 -0.115880714321981 -0.268084014929738 -0.172271019747098
-0.0581792887198318 -0.0966142619866641 -0.197668020968462 -0.0737868959989286
-0.103770913057156 -0.0265713071048935 -0.0272120252746168 -0.0200408179127513
-0.0795731019044177 0.0479956845171126 0.0430236289671305 -0.0280841395999053
-0.0177328707819561 0.0621467516500276 0.104464331394406 -0.121482172970187
0.00450726113500041 0.0509929564490574 0.0756142436962974 -0.231059557970841
0.0333344847101105 0.0488246600216745 0.0136817325294545 -0.27547129066775
0.0379732427396883 0.047323013720128 -0.00937943164161755 -0.280833828782364
0.0354214280455663 0.0572725971033998 -0.000829022070209632 -0.27992726289003
0.00878922724935216 0.0643379564336211 0.0416137267848357 -0.236566093541378
-0.0166417962255094 0.0753648305801552 0.0766459414338773 -0.143920212702343
-0.0799536983844933 0.0670150730425777 0.000484079529360639 -0.0492745940469723
-0.101442245979726 -0.00778093229935003 -0.103919017001804 -0.0738717905892919
-0.039209250195495 -0.0702978643566466 -0.207856797306664 -0.185637900393909
0.00544774843442426 -0.0752045595313681 -0.216803852809263 -0.359984747003867
-0.130599135244254 -0.211046518389054 -0.223676781582646 -0.136642370838188
-0.160931758584248 -0.180384788688854 -0.171445786391204 -0.0741504662610788
-0.233043751563139 -0.0708162326041995 -0.0229334397123598 -0.0181464734812919
-0.21590243855637 0.0631072366923187 0.0495869974433294 -0.00442123867628579
-0.114650869500135 0.134394895009731 0.115707622814991 -0.0976216488536668
-0.0490489316674246 0.15558915024899 0.0949357388975487 -0.201465622293896
0.0236970663627989 0.170684845603782 0.028388190968548 -0.245049707462207
0.0473570722057682 0.156481996342813 0.00192615076880701 -0.236498524998498
0.0477920070458102 0.173126889539359 0.000590696901302398 -0.231436565539825
-0.017386110712105 0.178942513302157 0.0385545573170246 -0.193061308374277
-0.0735814984347112 0.172279959562196 0.0689531424089559 -0.106578728463885
-0.18784872388952 0.145879434427372 -0.0108019239272267 -0.0119675530978372
-0.243733924595673 0.018757609904252 -0.124679292992242 -0.0378616541647782
-0.184391595315469 -0.129914970828492 -0.228681240643596 -0.143216259591791
-0.127675623187577 -0.191071360550687 -0.234921344514104 -0.298104004724398
-0.228298464674572 -0.283079347702386 -0.159380075568816 -0.0624649309808841
-0.250567770246281 -0.250103499094946 -0.123090832950369 -0.0478742225113226
-0.347111351470252 -0.114754603487869 -0.00800781364638083 -0.0153065761705192
-0.341330403758756 0.0693001577431458 0.0493943504547772 0.010364069199296
-0.209672593403003 0.191951104192679 0.101562235472123 -0.0684164764416676
-0.106111544620424 0.241648011540875 0.0911828124223203 -0.144974039980777
0.00664847995705578 0.27095987882046 0.0334085285641682 -0.178488922358167
0.0512236495172731 0.242855543401433 0.013207622771978 -0.15685420861215
0.0605943729828497 0.261513142619744 0.00670987304925618 -0.14980952171511
-0.0277634930887203 0.26940110553363 0.0389391807432829 -0.121323340856546
-0.106431305849588 0.254262660719958 0.0621065284892298 -0.0529448467125866
-0.259715088003356 0.223427603142914 -0.010062161038308 0.0305803720334528
-0.352257239350676 0.0636977884111511 -0.11916170369378 0.00679599594161004
-0.308590577993507 -0.153111162057079 -0.208117620428904 -0.0850295429377286
-0.24850169168651 -0.26903499967472 -0.203286807547623 -0.2032180743236
-0.297888778022472 -0.316096546359344 -0.0803164935679444 0.0412421565294129
-0.320701300723688 -0.281887373507388 -0.0545909464882919 0.00474085889471049
-0.43078623550195 -0.130723739175054 0.0182158104471075 -0.00653494303105156
-0.426281899167522 0.0808339083629201 0.0418928485323577 0.0187399537030777
-0.275335153755792 0.23013146504145 0.0627677953494626 -0.0302395297838149
-0.146336997426105 0.296110470390801 0.064435163976398 -0.0644149066192357
-0.010088603817769 0.332019828028639 0.0288539898563267 -0.0814927235248608
0.0485853433394292 0.291772664530096 0.0235546152149456 -0.0536892588966808
0.0637199208527831 0.308654954674069 0.0183898421207833 -0.0475974293661792
-0.0328376970069535 0.319652496809041 0.0446044808423494 -0.0316235131538835
-0.122252581981364 0.299114218078672 0.0573347547307741 0.0126617928899131
-0.292324151044834 0.268215487720361 -0.000281976538694999 0.0715046106527963
-0.405657828040668 0.0992664580940886 -0.0895486155507732 0.0469090012426344
-0.380767107667492 -0.147389927484328 -0.144367492693007 -0.0282254420052501
-0.331329837233635 -0.301080734980043 -0.127233995353375 -0.0954680228534036
-0.330291656218503 -0.296669138716139 0.00665215444358933 0.155288251581202
-0.349461352917359 -0.260005712932266 0.0257909328518701 0.0743186734455011
-0.446568648687739 -0.111739266610141 0.0460392954155665 0.0109949534488407
-0.435759755482384 0.0929970166982932 0.0277281980926126 0.0278319216740627
-0.286521518051981 0.23648047896206 0.0105580193096215 0.0188011548197674
-0.156042112671821 0.303751807918638 0.0241741161876893 0.0320907743187542
-0.0211172643973581 0.341510920241362 0.017738079990603 0.0315303705136508
0.0381945447285171 0.296835115736364 0.0304477081334109 0.0579236134569645
0.0523804029325181 0.310055895277202 0.0308711049095372 0.0589778008957663
-0.0422874966351817 0.317332768404285 0.0490868119582387 0.0624731106339328
-0.130389680091783 0.287921141740423 0.0474573627055676 0.0784779835528227
-0.284322419630655 0.251530555965859 0.00735121805892603 0.102188567592741
-0.389329062690975 0.0984669165443438 -0.0509728860445373 0.0712507086915564
-0.380582794516953 -0.130879159620684 -0.0583497755441843 0.0139003881507947
-0.354376008134193 -0.288249919433786 -0.0233106048082469 0.00770241589185519
-0.311459795285219 -0.230497216070219 0.0909252703536056 0.257178135313866
-0.319263135702805 -0.185444847977694 0.104295616874931 0.140089097372559
-0.378573224540378 -0.0660941021197514 0.067954587121561 0.0342089621317527
-0.353803340279794 0.0895003724463433 0.0106420151337744 0.040072151116748
-0.23729721863357 0.197486852915888 -0.0385298861576599 0.0710174666695385
-0.134957444416209 0.258221862025765 -0.015595937794751 0.126757893416447
-0.024290256522762 0.29565756201855 0.00597494841399986 0.141516080948429
0.021440902472361 0.256666831899755 0.0320805872985377 0.160764297464706
0.0266044720375622 0.26587170948016 0.0347417678216863 0.154092783059604
-0.057934772007846 0.266232715295183 0.0415274009136557 0.143168051634392
-0.132880790029379 0.223962810831021 0.023956062612093 0.129426846427245
-0.242420139299464 0.174961105328253 0.00258506023421125 0.115137772803385
-0.310818226550954 0.0614008006601503 -0.0191382777468463 0.079160393276806
-0.309354654130125 -0.107158449518611 0.0280686791558849 0.0395934746035884
-0.316156576777621 -0.235162740737384 0.0841240234139672 0.0938485572537247
-0.242744798367266 -0.124876606289859 0.159852184725426 0.324421226119042
-0.226364136617923 -0.0798306873378477 0.169233618742196 0.184045358551185
-0.236178328763821 -0.0137089865342826 0.0836919071132045 0.0539459113364666
-0.207597220763458 0.0641335689900404 -0.00135715490256615 0.0482619577729459
-0.147360462670241 0.120405499223668 -0.0710292130279839 0.111912782744225
-0.0910711787437675 0.167833322130555 -0.0436835987076438 0.200128373348899
-0.0249404574361767 0.202035527207922 -0.000660199692661805 0.228550047110183
0.000598071003920229 0.178134090996477 0.0284338106562041 0.239034129736
-0.00404081100238412 0.184700554353532 0.0256162398170937 0.225682701492069
-0.0666837113928698 0.176479133171105 0.0139975038351667 0.197625031052232
-0.117094352875615 0.128105053341462 -0.0156259223554474 0.153748394498873
-0.16603364370264 0.074894761242888 -0.016079985940065 0.10538229347071
-0.188695481547279 0.0161453799734524 0.000590678890523963 0.0719089154521103
-0.196258396010488 -0.0687416461125193 0.0954451578101056 0.0553448283799716
-0.232042197389862 -0.149774073492183 0.173307021291142 0.157047162283755
-0.129366598358599 -0.00570801325478458 0.20174488950468 0.348645141045687
-0.0890007785968703 0.0232008155136563 0.215572572979438 0.198835478987093
-0.0602217131507845 0.020972129649002 0.097324258837558 0.0614481333536795
-0.044152028045787 0.0144465376464238 -0.00305582416052588 0.0451296490184487
-0.0495547073854315 0.0212471808889196 -0.0832791810511715 0.132998518404313
-0.043646985463239 0.0517783701526543 -0.0555580299683513 0.240743076686173
-0.0276149211699383 0.0781257457692446 -0.0018721745466607 0.276929576648564
-0.0207327049662323 0.0730090261199008 0.0205367982943416 0.280764732704032
-0.027017331399405 0.0773609615394768 0.00500747494941775 0.264418792347201
-0.0540183246534246 0.0677453740596742 -0.0265332000967437 0.219769601348166
-0.0710465383826202 0.0281160398065359 -0.0631966946079322 0.148938882714509
-0.0592838175448348 -0.00672385988134199 -0.0363190594177928 0.0771660442252344
-0.0481418810766932 -0.00511561470485596 0.0138221474682915 0.0570560827694076
-0.0729929261769179 -0.00541524086005935 0.13945484505322 0.0660891141092275
-0.125790705686051 -0.0389793639312324 0.233869046637256 0.193648089679825
-0.0225503229502704 -0.11407168462372 -0.273640265421276 -0.151946647366234
-0.0635119668049518 -0.0914826435319989 -0.199524178871463 -0.0593830413709051
-0.104779754850794 -0.0197199030714534 -0.0282521278797815 -0.0191490475408237
-0.0762091950458055 0.0535237366020917 0.040037255811775 -0.0299367319100363
-0.0138813908083932 0.0635277741454928 0.0941345720290043 -0.12477147951384
0.00841182180237169 0.0510160671264673 0.0584402794322583 -0.231239580281595
0.0356126761283103 0.0455799925909137 -0.00314378192916669 -0.271888813988005
0.0401806888086394 0.0435690863611054 -0.0268706883276528 -0.277275887778183
0.0377918158624056 0.0541559793063248 -0.0182841365042978 -0.276308375535992
0.011742745113579 0.0627911428658207 0.0270784969854241 -0.235553413802094
-0.0124162369199569 0.0750316989482532 0.0675050573485876 -0.147500964729758
-0.0745147329127525 0.0713264929739402 -0.00101747530491743 -0.0479632653019585
-0.100197504375177 -0.00154238597207472 -0.10795886738161 -0.0655767528848439
-0.0433501629557787 -0.0678667925647937 -0.216724593105288 -0.168948391708966
0.00121478336950677 -0.0751701181100853 -0.236443234678696 -0.339903834655719
-0.141743799707788 -0.197992830359279 -0.227631777989493 -0.120711576423855
-0.169875569316942 -0.167161245206101 -0.174395173152073 -0.0619926357261968
-0.236395109718316 -0.0551461669901354 -0.0237985894378368 -0.0172760236335277
-0.209347827211536 0.0781164938255115 0.0487149664341497 -0.00642441538023252
-0.10556631059216 0.141124464210832 0.107848367674849 -0.101640441592245
-0.0375917240969929 0.158368080566918 0.0802191357492997 -0.204440224519543
0.0339259710012958 0.166437801509067 0.0142909353410844 -0.241767078505072
0.0574680093282026 0.150601128290933 -0.0127655725903496 -0.235208123220736
0.0585661784114827 0.168108055588096 -0.0131818172712837 -0.228754139444183
-0.00529072712082902 0.178438579243172 0.0271523670169424 -0.192531836191811
-0.062910836485728 0.174711774451158 0.063180973088043 -0.109385006802792
-0.175866264664568 0.156939153438815 -0.00973699967656529 -0.00929109131848426
-0.239795909175149 0.0340225273986721 -0.126369618063735 -0.0280644309310457
-0.190469386728867 -0.11772195047264 -0.235763721988716 -0.126337063170536
-0.138264254534288 -0.180404867900068 -0.248779976195662 -0.277071195797333
-0.241701069771689 -0.263118529941647 -0.160550289116092 -0.0527699259150898
-0.262448193502169 -0.23126594678516 -0.125981305662672 -0.0409360222780069
-0.35100415099064 -0.0904885671674936 -0.00903449180977143 -0.0153993267745129
-0.333558234709659 0.0932794767928581 0.0488114332228095 0.00753910377005403
-0.196298987638346 0.203223116315896 0.0963300224342396 -0.0716958954562805
-0.0877799487269214 0.247532266146604 0.0808301958021685 -0.149683897305986
0.0243662848250259 0.265741274343444 0.0242248760929353 -0.174252097126054
0.0678747684950558 0.235325050655758 0.00349294422723075 -0.157521783607815
0.0775195752330168 0.254047161411523 -0.00141675187431214 -0.148383162508601
-0.00954521521670071 0.269142494634227 0.0317727580349481 -0.121517110308997
-0.0905731845381795 0.258868334072828 0.0604101250944844 -0.0555689103266734
-0.242124746963731 0.23882235342573 -0.00547543131013652 0.0326481956870494
-0.344333330957243 0.0851567804025124 -0.117056850490782 0.016603612035563
-0.314538244129922 -0.131261807123474 -0.211324188458425 -0.070067412440456
-0.263825218507279 -0.248609604817619 -0.212548597369787 -0.185222716400142
-0.312266603114382 -0.290633057028155 -0.0766552557995449 0.0434275371384696
-0.334174696565904 -0.258497704743747 -0.054848906122469 0.00609720765910079
-0.434361396204271 -0.100892101271481 0.0171377041267379 -0.00834996664586474
-0.417240103832623 0.111301324062845 0.042212805272091 0.0156758926780396
-0.259086374218742 0.246712574896065 0.0609709917139839 -0.032204024192437
-0.123185627443799 0.303748994013851 0.0599232060802861 -0.068797032509676
0.0118620952585571 0.327432521761907 0.0256835353922656 -0.077813576239933
0.0686463791089021 0.283155858955579 0.0197164944672655 -0.0558119964996206
0.0841411093142257 0.300044400659871 0.0163688025720013 -0.0482046079152413
-0.0108331993486046 0.318483869388628 0.0425949466778705 -0.033561201942999
-0.103117357147425 0.304800110886002 0.0601500385100058 0.00936382567571638
-0.270436443635505 0.285335815612775 0.00712974857577005 0.072324644703813
-0.394587953953326 0.12351561723328 -0.0848321287956429 0.0536328556633073
-0.384793500498682 -0.122309114741918 -0.145726593955591 -0.0184825591454238
-0.346409253313101 -0.275072853061784 -0.130684881402164 -0.084912983813921
-0.341273502374904 -0.269865344600993 0.0153474252616408 0.150921634178698
-0.362171880082909 -0.235292861874902 0.0286044028859238 0.0695107878517967
-0.451729929271784 -0.0804964760633112 0.0463491702797571 0.00656744390787855
-0.425719384985034 0.122043804859053 0.0285083468169288 0.0256074826796063
-0.269563052343313 0.252586974325843 0.0128636342121563 0.0182030710448693
-0.133753786099087 0.312346418788914 0.0268353310377651 0.0280787613715136
0.0024826429216876 0.336778977000338 0.0216209753574728 0.0347519215656255
0.0586389241853336 0.28847580692061 0.0334390150913227 0.054498413126525
0.0731864380148769 0.302057902143196 0.0349599096260939 0.0557953680688901
-0.0202554825765911 0.316809435408049 0.0534133075890583 0.058412302609024
-0.11172672198477 0.294263884398041 0.0549180685262647 0.0746829645877042
-0.264720438487864 0.267275453023498 0.0166163652955455 0.10237814125579
-0.379641562381899 0.123515425323 -0.0439834463560771 0.0754171305736964
-0.38386616558095 -0.105032930754571 -0.0571717036365088 0.0175765900596948
-0.369989670442541 -0.259398113775443 -0.0212985104178007 0.0101513190404588
-0.320261292852343 -0.204494106331788 0.103468940387361 0.246275666583238
-0.326983251049299 -0.163858298535895 0.110057108010598 0.129054031953306
-0.379294225216117 -0.0392907940372814 0.0691581472409261 0.0272954999078855
-0.344830825128136 0.113423346086003 0.0117976564660465 0.0381575724054181
-0.22316182171766 0.210512679406324 -0.0328691004499714 0.0722201669565836
-0.114763181340368 0.264996781679207 -0.00652455974050222 0.123971117762395
-0.00385199380075485 0.292446155994215 0.0164401446236571 0.143381003161985
0.0393378191688795 0.250705059366505 0.041797286369316 0.1562057122358
0.0450412197783398 0.2608466890402 0.0447219448053629 0.149392949899704
-0.0385095632594376 0.266546729167755 0.0507640256596799 0.137929769103304
-0.117685081765321 0.231378623409401 0.0348084617752152 0.126601521790798
-0.227814711412679 0.18948462105921 0.0125952249254122 0.114753706602446
-0.304308854792715 0.081000737360191 -0.0122328385434529 0.0807585033178479
-0.312048019833225 -0.0859658173693718 0.0293456362431082 0.0372158225876664
-0.329066532922539 -0.209914819619083 0.0897231150763026 0.0875072494580644
-0.245651773462632 -0.105267537790801 0.174564758290516 0.309431150413699
-0.228774904449414 -0.0646829841620473 0.177381246912122 0.168852834966398
-0.234947885021336 0.00284256080997457 0.0855705542538485 0.0458767627238985
-0.202232488603821 0.0778978665879629 0.00118527348492555 0.0468195617130803
-0.139379563966642 0.128473718486492 -0.0626279183618881 0.114450462141725
-0.0786503323540898 0.173027499542045 -0.0297287842563844 0.198559240634184
-0.00967051048190452 0.200101164749884 0.0141023323997559 0.227890575739649
0.0137102858113206 0.175052647491943 0.0434507132254403 0.234771042598465
0.00959989224148432 0.182528001446043 0.0402932436797338 0.221012712227102
-0.0525664479545298 0.178825835684074 0.0268381260755646 0.193733248519186
-0.108157951097965 0.135343248721366 -0.00387919620450813 0.153182990863348
-0.158483264975405 0.0858629754502875 -0.00756553516288131 0.105923202505863
-0.185580074125642 0.0289314986509995 0.00752889734539915 0.0717770391534934
-0.198045840093503 -0.0539884539766339 0.0979134180206603 0.048035703445541
-0.239841396733382 -0.130283996903158 0.182061406806589 0.143527273461037
-0.127460300451865 0.00358065099145867 0.218801987375517 0.33155594803238
-0.08647343894856 0.028721136477661 0.223782551603907 0.179732508093445
-0.0587634531192753 0.0254907141615582 0.0998478131600203 0.0527851866416812
-0.0424638970003178 0.0171389469548538 -0.00158327572549547 0.0431044817381339
-0.0484352363730981 0.0233711817477723 -0.0744134503011995 0.134825547413528
-0.0398136559472253 0.054355293771713 -0.0393410730110102 0.239725320968477
-0.0211185073032882 0.0780967527513345 0.0150619803660572 0.275333642579875
-0.0142789329812184 0.0733984853439681 0.0381620326443497 0.27679251094323
-0.020789367968573 0.0787840167820903 0.0221904406638057 0.260562598756661
-0.0477635798263527 0.0704180546076605 -0.0123353180231935 0.218360940496684
-0.0681771420077744 0.0334234489909647 -0.0517207177436661 0.150768530006536
-0.0582231952075826 -0.00293826605604584 -0.030443395058373 0.0790314064750423
-0.0480771502956079 -0.000949334958025085 0.0196563336770414 0.056132188164469
-0.0724119182615325 0.000648279883442376 0.142559133964227 0.0558039314329442
-0.12767127413019 -0.0287868830060607 0.243680978384936 0.174619651136448
-0.0272133904437838 -0.109159513993066 -0.268262747824879 -0.135223267555315
-0.0653137680470552 -0.0858322040507812 -0.194635006372001 -0.0481184746134383
-0.103056755219411 -0.013482762128477 -0.0288812640801692 -0.0178013541837392
-0.0707831913617314 0.0563438507057776 0.0367918093957437 -0.029860177163288
-0.0106377770000809 0.0628860303575913 0.0850552527923804 -0.12238447359022
0.0109403067368112 0.0499486581419435 0.0447164363863698 -0.224518183666838
0.0356040220782278 0.042113058423066 -0.0139295736960203 -0.261528079968328
0.0401945539381749 0.039676966979326 -0.0378659765943216 -0.267589535394709
0.0387398250010079 0.0502207675419775 -0.0293999741622118 -0.265531859761066
0.0135597008287446 0.0601768993517985 0.0162799419562471 -0.227808789732195
-0.00940310661496957 0.0731719128552979 0.0602022732145316 -0.145344931920749
-0.0683609481122423 0.0721300616265079 -0.00167633805718048 -0.0452440572624078
-0.0970912330793209 0.0020927695488403 -0.107981815117723 -0.0569307345013413
-0.0442083330688228 -0.0646999078171515 -0.217829979748268 -0.152586960367942
-0.00219329218700395 -0.0738002464442241 -0.241726320646817 -0.316162397900003
-0.144714489866552 -0.184129616425397 -0.223866357530401 -0.108037949767963
-0.170526929204337 -0.154072748793355 -0.17158160727047 -0.0526357414802764
-0.230932762288712 -0.0409827898440997 -0.0242684371623401 -0.0168840670272899
-0.198889729903239 0.0873283331024122 0.0463223771035842 -0.00732894590988338
-0.096096139521804 0.141940897292852 0.0999496267680037 -0.100914223196869
-0.0275472585123299 0.155642876441034 0.0671042343258949 -0.200790281154668
0.0405335926542094 0.158076517589286 0.00524140574198727 -0.232155781045382
0.0629361464679487 0.141422332118935 -0.0231013165266406 -0.227714147365096
0.0644265272180998 0.159019317547865 -0.0222540745351602 -0.21990570421533
0.00287359864227787 0.172955975905772 0.0185314490350426 -0.186137896470261
-0.053966037272493 0.172457207726108 0.0579589231423268 -0.108586556423406
-0.162161695078893 0.160513386781422 -0.00782046064955958 -0.00783245067725692
-0.230500062514967 0.0426912467917998 -0.124065894534451 -0.0197912712467131
-0.188945959895043 -0.10570267267498 -0.23446433901393 -0.110863524883366
-0.141792608114777 -0.167869198470874 -0.252452718160017 -0.254738988993759
-0.242964600875499 -0.241168744083857 -0.156731506315427 -0.0463774052274999
-0.262272988398669 -0.212235616689776 -0.123863400868852 -0.0348059846193306
-0.344387422865575 -0.0697443093060748 -0.010204030658094 -0.01597097282856
-0.31744229867453 0.107384297666026 0.047112576708151 0.00571666193586252
-0.18151352759945 0.206878545309744 0.0910807272088227 -0.0723631991093156
-0.0714215280580023 0.244845694058321 0.0712204890617896 -0.149114525385889
0.0356861031939789 0.255050705873769 0.0189029800451217 -0.166981457132813
0.0765216660658729 0.22248781070571 -0.00372223220573905 -0.153402261940309
0.0875836489330146 0.241585468337883 -0.00693959228387431 -0.143518843707457
0.00378218871099332 0.260809721853198 0.0267957241943363 -0.118485689198406
-0.0765987036106884 0.255915139711773 0.058267954466002 -0.0570082946317892
-0.221690199057235 0.243039760256186 -0.00123107106804062 0.0331067780317447
-0.329549322047028 0.0979360759412611 -0.11209265582008 0.0227732108567477
-0.309942548192694 -0.113122756731822 -0.208545562934717 -0.0574450546578856
-0.26594916155863 -0.227377725836567 -0.211884932574005 -0.16789692478471
-0.3116402575854 -0.264587076285346 -0.072352731058442 0.0438769351397
-0.332991114521632 -0.234897560971288 -0.0543901000090984 0.00735931864481175
-0.425035546400892 -0.074913405477856 0.0154055211706601 -0.0112527447283795
-0.398213119937502 0.127985966142178 0.0409861161749673 0.0137731412526269
-0.239863307801191 0.250803680206721 0.0592540667458589 -0.0331604120027931
-0.102737902375115 0.301082460720054 0.0550248032921615 -0.0711878305045519
0.026779850746661 0.314272826405094 0.0246736582500783 -0.0730392284604612
0.0802724840564797 0.268665480949948 0.0163229147141629 -0.0560297217917982
0.0968025809054844 0.285654453667393 0.0144874285413314 -0.0482815577122777
0.00537390624307749 0.308649989202127 0.0411264852577527 -0.0343664534340215
-0.0867622299715438 0.301121789118878 0.0617181848296939 0.00552350563963068
-0.247459373203028 0.289603280506013 0.0133766090760626 0.0711351111623297
-0.375986304878911 0.13814625669048 -0.0781801495920833 0.0573079250181041
-0.377876857617362 -0.101554153233185 -0.142802242493399 -0.0107719368176947
-0.348058809066493 -0.24866781964199 -0.128669046870409 -0.0744249766391561
-0.338590471785387 -0.242804689551664 0.0201016289954925 0.143307089374329
-0.359987809737592 -0.212337403908412 0.02849570677201 0.0643713647865928
-0.440556718112988 -0.055751404497647 0.044503300279701 0.00224769436963485
-0.406174019111075 0.140723903823339 0.0280366041982017 0.02290216050467
-0.250517383301659 0.25759100097613 0.0147930078458417 0.0174203082701661
-0.113025529758336 0.309322364072489 0.0280736126196003 0.0242020516109795
0.0184965912935488 0.32401429156272 0.0257500415793985 0.0361374136738145
0.0710340880207025 0.274102966435573 0.033986454471987 0.0503252472456641
0.0863327559645472 0.287661543003326 0.0372078913467765 0.0514295250006576
-0.00358429180846768 0.30777948748166 0.0555725393078228 0.0537466275676041
-0.0956507645315024 0.292360680454035 0.0597649346839323 0.0693937347836083
-0.242530172073379 0.271756366470384 0.0239076884700531 0.098864034402134
-0.361708315130009 0.13637322314813 -0.0378252226590325 0.0765070518042391
-0.375103431424727 -0.0834762386873623 -0.0552767880491715 0.0190021599765503
-0.369606568672521 -0.230734289986563 -0.0191938998408207 0.0115990553021118
-0.31531952883091 -0.182265031490982 0.108316283315001 0.232680029628997
-0.322618454882405 -0.144359425073295 0.110026834997971 0.118349997500453
-0.369247291600737 -0.0198532365407987 0.0673472737581002 0.0221461192891329
-0.328390248335382 0.12747995910405 0.0121566588127475 0.0352822960068483
-0.208666591234705 0.214565469028657 -0.0272137477544754 0.0702631554221875
-0.0975925528807983 0.262945197067178 -0.000503639933415597 0.117787894919371
0.0114451022622182 0.280764212617939 0.0248275073782562 0.14101971583896
0.0513852026834694 0.238839704541841 0.0465704117177979 0.148829269457147
0.0572393490574522 0.248990503311983 0.0505514286602196 0.141382902389755
-0.023399201707378 0.259502866012538 0.0561656581266518 0.13046032855244
-0.104423141899828 0.230700043067399 0.0423402131997721 0.119896563670575
-0.211003598983902 0.194658098539188 0.0197183899325523 0.111087161023379
-0.290039936166095 0.0932120743719373 -0.00609350891224359 0.0788965432424232
-0.305697077204004 -0.067954539048095 0.0296830395605996 0.0341966380314899
-0.328781706981135 -0.184025834949432 0.0913346067956173 0.0812719649118323
-0.23974052542653 -0.0894512243424801 0.180011560773646 0.291394987857298
-0.223764771172062 -0.0530107598819249 0.176894103255051 0.153483083956248
-0.227863226589159 0.014472690561105 0.0843213419332484 0.039343695744167
-0.191706276089998 0.0855642563449242 0.00209790787398768 0.0440635500385696
-0.130286980762218 0.130490449219949 -0.0555124856726429 0.111724106716975
-0.067271367610819 0.171422552200125 -0.0196708649860106 0.191574843451645
0.00049398544435182 0.192964278276559 0.0254383326726625 0.222215556648728
0.0223940544647411 0.167357939537774 0.0518050278073333 0.225182160854919
0.0193444841202211 0.175728613598745 0.0488695014799834 0.210916634641294
-0.0409557567179172 0.175363175211523 0.0351227445234994 0.185239535333933
-0.098502566124475 0.137032218498193 0.0057558657036888 0.147626527325799
-0.148382704911952 0.0904010263803184 -0.000244736533515698 0.10331616590578
-0.177801864631877 0.0377723140556046 0.0126492270411991 0.0695185610757931
-0.192989426593149 -0.0423697233839298 0.0960542173546108 0.0407311940576656
-0.237863119750065 -0.111845428836505 0.182193991657808 0.129806899446346
-0.121728960465368 0.00990083450222353 0.222431222916957 0.312079773305103
-0.0826405173296999 0.0312383226628086 0.223238725521031 0.162651318262782
-0.0555601877720994 0.0277771332625449 0.0981417160225682 0.0451642063573834
-0.0404049890224929 0.0186987594301344 -0.0013649908164135 0.0400480175760146
-0.047229278767787 0.0246992345529086 -0.0665179574150973 0.131950207774412
-0.0362342797806418 0.0545884536719809 -0.0269706229524777 0.231789460361365
-0.0155364956511207 0.0761439810463725 0.026670482518843 0.266965207046304
-0.00970594158258949 0.0712475936493822 0.0486491509050505 0.266486960017275
-0.0152203885870938 0.0762297879388627 0.0332055659555871 0.250529069604031
-0.0416520348570273 0.0708685728925486 -0.00216167940669394 0.210612536309364
-0.0647157759850105 0.0367267657600908 -0.0412864013432572 0.147818296968858
-0.0558491760806796 0.000168536717932287 -0.0242336752223225 0.0777283948373397
-0.0463587557776956 0.00239039147383094 0.0237526990545408 0.0531217478451817
-0.069927559619019 0.00462773725401988 0.139604684295101 0.0460834548245599
-0.125593882169767 -0.0194045340051316 0.242456492792368 0.156926099754433
-0.0291226209201758 -0.10487154796786 -0.259709144132015 -0.126471604084975
-0.0647981743411135 -0.0813888557130009 -0.188742669492121 -0.0425656563088194
-0.100689176591191 -0.0103199465714626 -0.029057167177728 -0.0178908099751636
-0.0672950126582397 0.0570449109327706 0.0342809714881601 -0.0283312334425681
-0.00862855926535825 0.0619082859696028 0.0795517786041442 -0.118532380787275
0.0118853869642472 0.0487923705387935 0.0371345922495505 -0.216898037473665
0.0345903100639841 0.0403122590985202 -0.0176110195530376 -0.252813982891867
0.0397067794533466 0.0368449713900309 -0.041311950393137 -0.259597374630902
0.0381560483909362 0.0475559656062371 -0.0333307391145822 -0.256217353217303
0.0134251051275125 0.0583654959468849 0.0121676282605463 -0.220897552549903
-0.007899611213697 0.0710340008091928 0.0558646984511087 -0.142434751180885
-0.064688961938886 0.0709555998991258 -0.00102724466795273 -0.0429603515187853
-0.0941107717726853 0.00354898515853649 -0.106001791193712 -0.0517144637427917
-0.0440219766974347 -0.062691929831505 -0.213818352776389 -0.141790036018069
-0.0034874743174223 -0.0721127359768385 -0.238722008271437 -0.298540212955582
-0.142473706952039 -0.173976381800229 -0.217030336097973 -0.101371706869966
-0.167803569914429 -0.145403882965032 -0.167747991661621 -0.0472480612418396
-0.225454591210868 -0.0334694080269448 -0.0244154067477606 -0.0169751729956613
-0.1902502020256 0.0903378227474884 0.0444962989303363 -0.00748486877218363
-0.0907923612875844 0.140994496152197 0.0958032245034186 -0.0988120813538544
-0.0222528971814623 0.15251766569005 0.0606344099760526 -0.195844767186719
0.0423493304452431 0.152238454382056 0.00333819441268785 -0.22432615772493
0.0632623133553745 0.134294728961656 -0.0262468221255231 -0.220751750621824
0.0660152304260588 0.152555536764741 -0.0251397221625817 -0.212585727611955
0.00555909826342494 0.167927890577838 0.0156689368314548 -0.180839163195036
-0.0493309347192961 0.16938310196251 0.055957026497711 -0.107225426939665
-0.153340096556958 0.158738317856594 -0.00573843134979888 -0.00633492495374161
-0.222717164304461 0.0465173723842036 -0.120742800809687 -0.0153455634000793
-0.184692245118336 -0.0995704559166448 -0.229283029186259 -0.101456825667798
-0.14079897320791 -0.159861055963348 -0.247114924526098 -0.23972853760402
-0.237393708033296 -0.226622539303465 -0.151582410058409 -0.042723430883686
-0.257693232259164 -0.200378052317043 -0.122174824678747 -0.0316174377633461
-0.3349331847457 -0.0586372862146929 -0.0116399062025203 -0.0169382884471474
-0.305054744690509 0.112993651225498 0.0458027175449688 0.00547404243604521
-0.172500131984299 0.205056052139645 0.0881340637773275 -0.0712025092453694
-0.0623578119133899 0.239607738550629 0.0653649084256561 -0.147023816853732
0.0401355217635524 0.245223930538923 0.018613708121977 -0.161315965062087
0.0796625512580352 0.212131036085413 -0.00694451251501039 -0.149169041073041
0.0904918246802388 0.231529570004918 -0.00929840976962934 -0.138565030126473
0.00939961682698529 0.252860413191937 0.0246530841948549 -0.115753400053875
-0.0702532340033213 0.250796654421092 0.0582632927792008 -0.0572552247888481
-0.209744197063355 0.240723953484218 0.00216449182125449 0.0323441445680446
-0.318105395684301 0.102167171330722 -0.107409440450259 0.0267590023215414
-0.302611125980075 -0.104008859771493 -0.203627951851212 -0.049977761975076
-0.262699653444032 -0.214343770677047 -0.207181695769132 -0.156599545481837
-0.30367368694255 -0.247819999455229 -0.0695743960667979 0.0422831851957962
-0.326681729691455 -0.222568785408868 -0.0542367526353054 0.00734687795748939
-0.413031068504518 -0.0623138545516981 0.0139579364799865 -0.0125906171782823
-0.38305420583946 0.135260072136787 0.0398146076393548 0.0121952456954302
-0.229163020762418 0.249992760785736 0.0583417956155612 -0.0337248495702187
-0.0914182870806733 0.294637611540682 0.0517091595302142 -0.0719609517694215
0.0344672124480435 0.302519125895162 0.0262235870783279 -0.0698429777069081
0.0844241282516182 0.256685940018077 0.0142765928399326 -0.0548154277433258
0.101158086348442 0.27333251241101 0.0135598968950727 -0.0472040330478067
0.0124952357115549 0.299337177368009 0.0406602880711035 -0.0342666075444775
-0.0790667951748959 0.295433755510174 0.0628394482298141 0.00300643250940371
-0.233505803857374 0.28659459313807 0.0173414945163682 0.0684355006080276
-0.362029727601201 0.142520719150256 -0.073378153599997 0.0593756607043444
-0.368388229570929 -0.0894031445653106 -0.138709464565475 -0.00676958392195848
-0.343106707370105 -0.230875766696892 -0.124396709469088 -0.0682736079997797
-0.328795864734758 -0.227043511262609 0.0207944562724452 0.137214102146925
-0.352501153829635 -0.198200397488226 0.027553561289912 0.0606203755119137
-0.428267972640809 -0.0437225571384507 0.0419900275392762 -0.000639257445770719
-0.39026288532302 0.146834662372736 0.0274273604163531 0.0211819453812967
-0.239678190971062 0.256031832761592 0.0160613188149938 0.0158960216282494
-0.100514993942022 0.303177423040297 0.0270019815710094 0.0200248964227451
0.0259369823573973 0.312844423661431 0.0300211959737867 0.0358482747895483
0.0756131061448174 0.262129247787879 0.03360383055995 0.0481539284484521
0.0905544295885216 0.275154665136862 0.0372126244331445 0.048498543600797
0.0042546649155084 0.297550221886869 0.0558663851509328 0.0504140157691372
-0.0869274356969705 0.28696233465561 0.0624826554828907 0.0645343646920327
-0.22810760815197 0.26911870556426 0.0284217079639633 0.095253863822289
-0.348586866979236 0.141015884308064 -0.0330862315633668 0.0761146968687149
-0.365540388010858 -0.0732399973494269 -0.053984591629529 0.0203407392722557
-0.36362858286027 -0.213189723289231 -0.0170238411206546 0.012651774522624
-0.305296190283703 -0.168133573043347 0.107467168551119 0.222249073372746
-0.315320745947253 -0.134368760595485 0.107127782385338 0.111440964990276
-0.359359909425845 -0.0103283220102744 0.0653068864416238 0.0178046605794719
-0.316079273807065 0.131902620108843 0.0120164329473182 0.0334479906828935
-0.199754364483212 0.213200798767787 -0.024620383300483 0.0676179627910633
-0.0873897584314237 0.257812534502375 0.00151804762727128 0.11167863361113
0.0176369694555531 0.27099263716505 0.0299943529217952 0.137353675200442
0.0550077010490688 0.22896160382531 0.047531605200408 0.144287501088617
0.0619383408259966 0.239206331072864 0.0517620457169481 0.135566651743195
-0.0159262108957997 0.251457647714855 0.0580023282015069 0.124970778566462
-0.0963949827440371 0.227243685903769 0.0460516611888886 0.11447709962709
-0.199135852927237 0.193664711775084 0.0236540794028853 0.106881259378062
-0.278921549799097 0.0974241833014986 -0.00215911325060698 0.0773534731960476
-0.296461339545483 -0.0590353128525367 0.0281572701504406 0.0320482963177483
-0.321165196278598 -0.168621159672348 0.0908551665515402 0.0768628441517088
-0.230528650557404 -0.0810079524565587 0.17649186205003 0.27885812202874
-0.217934154568554 -0.0478996200246237 0.172700864149829 0.1443310569049
-0.220756792341469 0.0189481992371148 0.0820500239834849 0.0350175032885412
-0.184961031049401 0.0880973684470145 0.00169738156886484 0.0413848116530356
-0.126045589908797 0.129725597325467 -0.0514447800258995 0.108065511092274
-0.0608635862315017 0.167934527497161 -0.015743673611667 0.184038755713838
0.00557564718599615 0.186119914048038 0.0310934356959674 0.21619475302344
0.0262319925649372 0.160791789057247 0.0536091839819185 0.218213453428764
0.0233923932021189 0.168782806935037 0.0513164217988408 0.202928089428722
-0.0346855210141312 0.17063862063534 0.0382706039140434 0.178057665419951
-0.092640724755403 0.136467056263822 0.0107673833618405 0.141840677907279
-0.14144883919387 0.0915072363459466 0.00396443945269061 0.0999414824069993
-0.171004351385239 0.0413309286195686 0.0157615327448232 0.0670303080786433
-0.187017975201776 -0.0361366877338983 0.0935392739090024 0.0371481555067024
-0.233162551774051 -0.100737178254027 0.178987534666529 0.122232069964135
-0.116083048255053 0.0124854336817284 0.21869616215277 0.298735501857914
-0.0796265760295008 0.0318515222032993 0.218206545503419 0.152249897121828
-0.0531560506071368 0.0284279472969687 0.0959126248126165 0.0401806337934298
-0.0394873799186604 0.0187710757561045 -0.00162415625257701 0.037714870264321
-0.0459799616025756 0.0246040625024535 -0.0631626486703553 0.12761749160153
-0.0340270799571615 0.0539888450064031 -0.0218767784190716 0.224366748461409
-0.0128446543422861 0.0737188846167568 0.0315960899767851 0.259255930561069
-0.00712393070175609 0.0689777209668855 0.0519615641455232 0.25888533654411
-0.0120408602830576 0.0741960642223085 0.0370156310918705 0.24131617658175
-0.0379008002756698 0.0694910997214238 0.00261506674220059 0.203216198718558
-0.0618638730179273 0.0375561607544322 -0.035455223511627 0.143472850393299
-0.0538437256641185 0.00118705732083729 -0.0209468799641718 0.0755730235216539
-0.0444780173375878 0.00425840217062998 0.0264568977867241 0.050437023849432
-0.0671378131180256 0.00654690479778573 0.135555169896997 0.0414328682609838
-0.121889344625303 -0.0142718090828074 0.237573721271788 0.14588994065207
-0.0475669901915929 -0.0924278835554357 -0.281594902993892 -0.0826654665200244
-0.0772089266372576 -0.0617007516810319 -0.195820296899219 -0.0115065673874311
-0.0965871648645315 0.0117926060151027 -0.0383073322435621 -0.0196540399078648
-0.0505152748810254 0.0676880996575113 0.0220502052465589 -0.0374575259442958
0.00341812512433223 0.0590080063107925 0.0527709465779308 -0.12875312517669
0.0187298422918267 0.0439719301785966 -0.00578090844233029 -0.21634755206093
0.0387449857878718 0.0291441784695776 -0.0651578041295445 -0.239955685698564
0.0424166370447762 0.0268916870342215 -0.0896246669352701 -0.245315164699935
0.0438784882278649 0.0361562685318612 -0.0823835628821861 -0.247939564548698
0.0234751237363207 0.0518094775067516 -0.0332279177125496 -0.223325031031133
0.00570650700243853 0.0666350731509469 0.0259198682994948 -0.153290826298027
-0.0476083082544626 0.0784592692701939 -0.00922705614462436 -0.044250223572672
-0.0889906356260667 0.0192560101300634 -0.115143770729164 -0.0319628016884125
-0.0559042478586468 -0.0564505893509542 -0.238496530719476 -0.0913308195611469
-0.0189847150862772 -0.075343045485168 -0.290520566925039 -0.247065138786075
-0.1645904539651 -0.135900617914565 -0.235673383222874 -0.0743638172798207
-0.186844478963846 -0.102383795525018 -0.176626072337383 -0.0257338149756392
-0.217932081171296 0.0153036357955266 -0.0383460783550081 -0.0287099187228525
-0.157828774430604 0.125555034497893 0.029621159407615 -0.0260158606837905
-0.0582735799880032 0.149780045785262 0.0651050982988022 -0.113463267757378
0.00676073010415484 0.148506102438964 0.0140744168595898 -0.199195939666958
0.0699658718799053 0.133038010256747 -0.0468633939483221 -0.213820800441009
0.0831496820492983 0.115427390667505 -0.0680731000643415 -0.210704523145655
0.0897673409532183 0.130211198095327 -0.0662306059770259 -0.208196252966525
0.0370273514239972 0.15800249411597 -0.0230813087664008 -0.186686315515276
-0.0157542426865707 0.167075920464556 0.0321090963096287 -0.120319425124143
-0.115448871358033 0.17915078847625 -0.00677641555910099 -0.0096668675107019
-0.202706279272075 0.0843931778493543 -0.121731388759506 0.00182698637271916
-0.199216119113567 -0.0624662869297093 -0.238467288347005 -0.0510137944690522
-0.169972175318468 -0.132087071576122 -0.276182842781608 -0.186070083346331
-0.260524163130039 -0.168606898631766 -0.161295405751416 -0.0343118946212959
-0.281852703091044 -0.136780898259894 -0.129318818581125 -0.0242302312984622
-0.325149070370846 0.0141990664557127 -0.0293221980863768 -0.0403499032178251
-0.260428532263285 0.171414752649872 0.027498525707009 -0.0222961972633001
-0.123195252290877 0.22798677962609 0.0555202052337112 -0.0865488912898224
-0.0142919186209737 0.238759299207284 0.0223145230943327 -0.151903307885941
0.0877443924137429 0.221221351593498 -0.0268192857719809 -0.15261589328767
0.111770766734399 0.186188977856685 -0.0359960217541933 -0.14384696962246
0.128100973523441 0.200389228701681 -0.0364815695573064 -0.139928564143852
0.0562312942356414 0.238771341580749 -0.00247387620091595 -0.125189257364255
-0.0209838570136878 0.248932020265209 0.0442732635962763 -0.0722087775533709
-0.153667544132752 0.268321573919771 0.00806153061318598 0.0248510892419716
-0.281792747752302 0.156129801834235 -0.101290166366242 0.0353539051598444
-0.313699394072468 -0.0429691953419605 -0.196855122058168 -0.0092566546055116
-0.298939246751045 -0.158407920970199 -0.213658535988098 -0.112990956276396
-0.325745204471071 -0.176356420869964 -0.0646217032623918 0.0313342330785504
-0.350971131159627 -0.145589578473038 -0.0552598646570473 -0.00232197919180885
-0.400185581834122 0.0243154741124601 -0.00762605815112378 -0.0462412401203692
-0.329266853815257 0.209405105363911 0.0183910735822151 -0.0194611438199469
-0.168538319947544 0.281697059136933 0.027945219228932 -0.044875349485848
-0.0304577947727459 0.297525391506527 0.0191963935191387 -0.076160039938547
0.094715581625899 0.276689002292679 -0.00554086407336494 -0.0644894581017102
0.124853278523378 0.22829616302782 0.00191612962018411 -0.0552256988793153
0.146278595061681 0.238815033751914 0.00334747352564006 -0.0548773046128729
0.0680649691609252 0.283034566859976 0.0290094674299443 -0.0488853213822734
-0.0208507295760224 0.292631939920098 0.0607170761569205 -0.0142807606395605
-0.166994450353302 0.31617084022538 0.03007983201734 0.0560806465520377
-0.316571920671735 0.203845929193624 -0.0611758440308838 0.0583623814247962
-0.373736710904686 -0.0143029668601813 -0.120464502658292 0.0172177460889633
-0.379608716336719 -0.155944165201055 -0.111123526663864 -0.0425888211190741
-0.344617443351859 -0.152045289727163 0.0427995582093849 0.108780245497523
-0.370155935594537 -0.118711264586401 0.0349304389588081 0.0355275790628655
-0.409348696033984 0.0454603124902194 0.0209933595914935 -0.0394487700043546
-0.333876830411516 0.221973467963714 0.00582125731510271 -0.00836836262238884
-0.177103551288036 0.29122760287062 -0.00572481024412996 0.011285059339674
-0.0368198362573827 0.307546747526267 0.0118111837004338 0.0185841882414136
0.0906575670705078 0.28782593411609 0.0155264863890575 0.0380501962696384
0.118293134032019 0.235167513749418 0.0400869235206536 0.0417803536817783
0.137378186487383 0.243258417010317 0.0451015236373701 0.0358779938808201
0.0601797085856004 0.284211557457947 0.0614152445807875 0.0320434093015226
-0.0295248863145934 0.287268513917187 0.0730269997445523 0.0463207254083981
-0.166420487895187 0.299418281260947 0.0464320736740744 0.0801297837109866
-0.302234682783433 0.200451907888567 -0.0174933205772272 0.0667235854825359
-0.365792107241897 0.00301966021934823 -0.0310157565807286 0.0243331938762022
-0.394425705126208 -0.132039167398932 0.011145071999748 0.0145244593757361
-0.311158096601513 -0.10064566961321 0.145016923727666 0.182299541259776
-0.32246563507728 -0.0658254780560686 0.123015273604995 0.0743537213787652
-0.338742755156204 0.0621928110299454 0.0491045888347903 -0.019592504934359
-0.267894251188768 0.192747043129357 -0.00361357341114856 0.0110152486989295
-0.147689506554162 0.243585903217477 -0.0321071342720776 0.0702630711199869
-0.0327944780134591 0.262222484692276 0.00667482008544799 0.112751226793079
0.0746059150680949 0.251201618586296 0.0372370433008665 0.13604012389741
0.0932426575383572 0.206972202557711 0.0717711987923561 0.132698235425102
0.10328777485277 0.214839081726514 0.0767232723298299 0.120024253630017
0.0320063465114704 0.244582855673118 0.0792276120617238 0.10610477628886
-0.0496562325592345 0.232950011304952 0.0679984331995642 0.0992379777066899
-0.153003792752565 0.222341661198227 0.0458140396134517 0.0935037271451798
-0.244004459787483 0.146587183157686 0.0147945000778658 0.0643706684674786
-0.296608636006465 0.00400879104300853 0.0501291979514168 0.01982787684074
-0.343054210474878 -0.0956529717918873 0.125863749384103 0.0559679073268741
-0.227038334076956 -0.0333688014073649 0.225267073474339 0.232682226829412
-0.213509712987178 -0.00356799745281496 0.19483692074095 0.100645657965592
-0.202927542151285 0.0618162404444627 0.0741196402448358 0.004202230875825
-0.154549990188808 0.122575426167577 -0.00439864767554269 0.0295264194773749
-0.0940068272805624 0.150056201063474 -0.0435881855898891 0.115371497265665
-0.0238266114154014 0.172407009874308 0.00805463854838877 0.185336006915544
0.0464645313698122 0.173787605433161 0.0576536164007637 0.210296371454358
0.054624909837204 0.148706917498172 0.0929798968002203 0.203604514999053
0.0541258072370291 0.156255563438938 0.089816430490831 0.187944198392923
-0.000736392836359092 0.170921914064912 0.072769406501185 0.164589463072212
-0.0621504648395714 0.146891368489422 0.0394614928827619 0.134976855565518
-0.117536241592681 0.113981415994193 0.0257905775478719 0.093147756844078
-0.153351443721604 0.0727359552823928 0.0311524128527711 0.0554497003662202
-0.186321465578186 0.00459827946522721 0.109375377308226 0.0120795236251402
-0.242939970004132 -0.0465331795004238 0.214559963477159 0.0836857577037278
-0.103883070340835 0.0336531660076316 0.271491002867501 0.253330436730615
-0.0673284300236385 0.0435679580753172 0.242669334739949 0.107912885785962
-0.043899933642335 0.0366882059439402 0.0969017114854086 0.0184159510808809
-0.032878869475501 0.0261530635300709 0.000559473814371783 0.0352313897064224
-0.0389463822787246 0.0344756038448948 -0.0435119803280424 0.136814004631634
-0.0196619065121038 0.0583784680622066 0.0157407758016014 0.224502985871511
0.00577828756047706 0.0724900812896013 0.0727790193716644 0.248947820325803
0.00656700991559637 0.0675159442301788 0.0994814774759384 0.243625080330185
0.0031345031102871 0.0738321059043325 0.0837248112763942 0.23055797065229
-0.0233238118109738 0.0745270408814737 0.0437333931229702 0.199364248396829
-0.051531647003099 0.0484439951924823 -0.00469855899397588 0.14704719746631
-0.0514192981582807 0.0122462874845797 -0.00296595623165692 0.0772367960224106
-0.0408100300018414 0.0138848340662997 0.038507354749803 0.0423093984723223
-0.0616626917145649 0.0223537898065811 0.145001962966931 0.008539488696292
-0.118229352688003 0.0157736820812176 0.269220461142977 0.0953634097514319
-0.0501237008836595 -0.0912030822053735 -0.283449666968435 -0.0796684122447661
-0.0781739901695518 -0.0610746800660167 -0.197367794743108 -0.00743057151914208
-0.096542339411207 0.015353853618549 -0.0408579389075129 -0.0196026501266117
-0.0484425244584016 0.0701028431445625 0.0207367742756327 -0.037137695146304
0.00540265406560324 0.0601298168965923 0.0513382572703491 -0.129923220187792
0.0205766356821147 0.0440477508436983 -0.0104556421896889 -0.217080871827877
0.0392488082864761 0.0285873314363486 -0.0701881132816533 -0.241572746865839
0.0428698218669036 0.0259596365885517 -0.0946519127641202 -0.247836630272502
0.0448525113427287 0.0359181827722922 -0.0864289302722937 -0.249195643113945
0.0241948522460161 0.0525189449717117 -0.0358024122250982 -0.224528938812706
0.00693894900908629 0.0674350023358668 0.0245290607338924 -0.155442194251721
-0.0465422050607024 0.0798179935875835 -0.00829118174008658 -0.0446670935117255
-0.0901703300698989 0.0202462363727116 -0.115923208283519 -0.0286989895045284
-0.0579395066777565 -0.056953649204246 -0.240456402379809 -0.0858347506058988
-0.021120660081098 -0.0756390171336139 -0.293523191591234 -0.244337376954325
-0.166663827575663 -0.133337413734725 -0.237459987267893 -0.0724678356984091
-0.188638156070278 -0.100230094949052 -0.178473743583925 -0.0227515069348013
-0.218668899508927 0.0209600134917367 -0.0411756911846445 -0.0287662991975389
-0.155840377263081 0.130646748336633 0.0287693974336404 -0.0268809966309027
-0.0554816251947558 0.153502098962477 0.0639329430888117 -0.116130230683048
0.0105389541127454 0.149753847241019 0.0100389539282118 -0.20085451028888
0.0725425776344659 0.132140431994923 -0.0501375858822235 -0.215297949375986
0.0849035850533727 0.114181640110433 -0.0721075982331839 -0.212528663651325
0.092780571929161 0.129120311205327 -0.0691115435954908 -0.209080302141319
0.0401905043510652 0.160004980180709 -0.0249187457499498 -0.188219711584532
-0.0123615336955783 0.17031641958604 0.0311025805737265 -0.122831483271356
-0.112242863808695 0.182731711843155 -0.00510387233335458 -0.0102692483476583
-0.20355116694164 0.0887726359738162 -0.122036239730843 0.00607290055605735
-0.202150551584213 -0.0601398898606886 -0.240376167271639 -0.0453847305786925
-0.174559376034518 -0.129381649644405 -0.279588356797451 -0.182690685581883
-0.262668016117027 -0.164326925942582 -0.162662437556955 -0.0338502943117935
-0.285413060099881 -0.132711663334841 -0.131565656347015 -0.0217331562662977
-0.327355314443325 0.0219511330008983 -0.0328514916475027 -0.0404313968068323
-0.258248153513043 0.17955842381573 0.0262913250707481 -0.0228035835980297
-0.119619974506162 0.233761334355081 0.0549515581326294 -0.0889856823450372
-0.00749917137351067 0.241202517660792 0.0185280514696882 -0.154113120678895
0.0926768039419979 0.220052451296152 -0.027255109595735 -0.15540432513064
0.1159676582274 0.184738654176645 -0.0389515170732865 -0.144777075878619
0.133416593627244 0.198499639854658 -0.0389341911069825 -0.141198703225069
0.0613956450075967 0.241253076686561 -0.00263572415374891 -0.126882102497439
-0.0161893607944253 0.252726555567883 0.0446901858079528 -0.0757723680321461
-0.149081296415112 0.273569189158679 0.0110052662002054 0.0241710976919433
-0.282586580512545 0.163371104758788 -0.100181870877338 0.0393104631712142
-0.318159185875958 -0.0377981326042571 -0.198558902282291 -0.00456847253363613
-0.304787186857435 -0.152243176878408 -0.214843520567153 -0.109839445920614
-0.326947845087941 -0.17202530565684 -0.0644537984306112 0.0311852571348239
-0.356185069729991 -0.139684573048953 -0.0568341244974609 -0.00101423100754251
-0.401535795487887 0.0353899253849561 -0.0112896240599404 -0.0479873111456971
-0.325817483226506 0.218838622767708 0.0170679665847485 -0.0197609631774604
-0.164568551615966 0.289981087584841 0.0278343745165185 -0.0474196432346519
-0.023781587027597 0.301020925861226 0.0161463272452653 -0.0790688986832527
0.101064888368715 0.275415625415221 -0.00391106302966241 -0.0664895042557972
0.129868744599979 0.226249699049199 0.001022212222042 -0.0558580851938083
0.153131270556474 0.23607097517449 0.00270822885550304 -0.0556940440052528
0.0745762647027945 0.284660091961076 0.0299336429902974 -0.0505186240776954
-0.0149456838387223 0.297849942526473 0.0626860260928332 -0.0185364275912298
-0.161567930612386 0.322924986462937 0.0334585219785709 0.0545678700656314
-0.315225667588001 0.212992828363472 -0.058809295908212 0.0610710935558186
-0.377138918843937 -0.00814060316948963 -0.121575564563432 0.0210099789533583
-0.385336455397378 -0.148464357551189 -0.110551091383808 -0.0409778529375736
-0.34500489250781 -0.148945019832609 0.0442082671645062 0.108859631981966
-0.375360015856118 -0.11423868089446 0.0344882251169914 0.0349073168251761
-0.412137639631603 0.0572075394097527 0.0180418517474448 -0.041892678893386
-0.332057070273202 0.231561219951729 0.00452725076762801 -0.00855972806126107
-0.17346435793365 0.29928668793004 -0.00598865593891785 0.00980162307870271
-0.0305164237526707 0.311019384210084 0.0100518191254752 0.0164446648950186
0.0964974030112848 0.286860582445108 0.0198458886377311 0.0364772779870432
0.123937131308069 0.233505400273143 0.0415951128031065 0.0414072332402408
0.144064840966963 0.241188725920252 0.046377756598591 0.0349292366140477
0.0674116838277889 0.28553490388823 0.063572381801021 0.0306186319314897
-0.0241382979278922 0.291997749809338 0.0766085788609809 0.0420306669048601
-0.160654085224652 0.306216527391372 0.0502370015757526 0.0781531189787808
-0.299310261472658 0.208907067522896 -0.0143162282725742 0.0681359650073607
-0.368625227910247 0.0097749194641053 -0.0309902147634711 0.0262190960057148
-0.398336726067567 -0.123392452884233 0.0125456092963792 0.0147672707146457
-0.311414361012466 -0.097840902104856 0.147683203203385 0.181422496211252
-0.326322638295074 -0.0612517466013802 0.124004759957087 0.0723625531373937
-0.340621347010171 0.0708884260579572 0.0473064378116528 -0.0220295529946837
-0.266807379426225 0.201248275367442 -0.0042391654674791 0.0110591147836412
-0.145618344087391 0.250990775198734 -0.0324951642399475 0.069641780111252
-0.0268969556791932 0.265356125694065 0.00636398171131948 0.111953655172614
0.0796908837809416 0.250036251273976 0.0423595398181429 0.135407939335667
0.0979852770167746 0.205973783722454 0.0757449976071625 0.133560798117302
0.109256314402713 0.212335614805696 0.0792135569249121 0.119420092013907
0.0383390521926199 0.245725410673606 0.0826686880426885 0.10470182132687
-0.0444472085805851 0.237220353415345 0.0718872339481085 0.0957071433270691
-0.149109162636624 0.22750923974893 0.0497223253762983 0.0915913711606122
-0.243274902538507 0.153327020595014 0.0180206912273391 0.0646675777051439
-0.298000082737324 0.00985449305590985 0.0499996909678124 0.0190042170734259
-0.348038937917763 -0.0862689076360608 0.128757859152145 0.0549570098497496
-0.226355049379755 -0.0311689743783068 0.229755442168788 0.231959459924923
-0.215364112794973 -7.97170168682377E-05 0.196313206669799 0.0976258724685509
-0.203625618954759 0.0670682396449951 0.0736169300063667 0.00193037303065189
-0.153492670173813 0.127332291420493 -0.00587186303010616 0.0293649916901648
-0.093225736660368 0.154794941743653 -0.0443388577198705 0.116123354892969
-0.020377873099742 0.174219630816663 0.00989037946886066 0.185924202413601
0.050174930455216 0.172908188396637 0.0642297164779656 0.210683944398111
0.0578053223115707 0.147592855439607 0.0984221945902729 0.205220656309789
0.058070674917811 0.155138363887258 0.0939668525080856 0.188203794792565
0.00316251641392119 0.171857714367231 0.0768856864853866 0.163508713915227
-0.0591419160565068 0.150463303361113 0.0437851494526875 0.13263804205682
-0.115916555294172 0.117380929761605 0.0290950126425657 0.0924314712001441
-0.151917307487673 0.0772816091796402 0.0346957515620821 0.05474033451996
-0.186565176182825 0.00886782804767889 0.10891131893041 0.010291184375713
-0.244849285086788 -0.0391094343383948 0.217578847412976 0.0808797744911054
-0.102618932228258 0.0347783199620059 0.276679992873767 0.252796109630088
-0.0673074402604897 0.0451064531117555 0.244908810047312 0.103972151984853
-0.0439950607214241 0.037899588157261 0.0966466173537229 0.0156304937276022
-0.0330515745103087 0.0269021729758821 -0.00069327332933842 0.0353777168431182
-0.0394418131570614 0.0359544449684374 -0.0435172031554743 0.139136004877071
-0.0187261318760568 0.0594860868707333 0.0183850545558711 0.225629387800384
0.00738476787043238 0.0722002534601822 0.0787375092582231 0.250559949089479
0.00833990352642485 0.0675771320096335 0.105701746856893 0.245896938408313
0.00517610627788119 0.0735268241009791 0.0880697236346738 0.232033125024593
-0.0210914000440715 0.0753507455974379 0.0478766689678456 0.199710451877388
-0.0506577586491518 0.0500068809469018 -0.00164406942259714 0.146825032689086
-0.0519701958969878 0.012833326718694 -4.67393860850548E-05 0.0772536058956115
-0.0401491563729479 0.0156014067493961 0.0415739201921236 0.0412524941710744
-0.0609039463267075 0.0242577168074984 0.144933782621803 0.00570939776510015
-0.117610934387547 0.0198048422198694 0.271371844602958 0.0917562474301831
-0.0548145124383798 -0.0889346973898625 -0.288886991053773 -0.0697939534434641
-0.0807214583606272 -0.057778946597234 -0.199597293902676 0.0016864967423952
-0.0959548326849161 0.0209761234628569 -0.044163107392904 -0.0180005626647077
-0.0449597367611662 0.0738257367604448 0.0187253748289798 -0.0378582581802826
0.00900480346945104 0.0608094524771705 0.0464042433115465 -0.133231174397964
0.0240330514754598 0.043924953436146 -0.0205832871545855 -0.217314107249439
0.0407012387843077 0.027584614358413 -0.0819241565180574 -0.241588405786893
0.0438384832825729 0.0240203898778012 -0.106871065426135 -0.247814318557298
0.0465676166654178 0.0339457006748362 -0.0985158317696466 -0.248363538806432
0.0265252322284348 0.0521089240572412 -0.0458364347622352 -0.225687780857305
0.00971542467747764 0.0679539086422849 0.0183247612355218 -0.158553313395328
-0.0436004137485161 0.0826677923516684 -0.00931220318926225 -0.0446034350512128
-0.0908461045844536 0.024436229276801 -0.117915241819546 -0.0222953121599991
-0.061776832858674 -0.0556289324803239 -0.244534123793732 -0.0747122199096162
-0.0257287226381688 -0.075536737779629 -0.304411837488478 -0.23375043672624
-0.172446300296522 -0.12677132132904 -0.242501372909796 -0.0641400700839597
-0.19369580139365 -0.0926650333221706 -0.181793274633345 -0.0140319497808919
-0.218514590560605 0.033446760406571 -0.0460231948046724 -0.0276875643970131
-0.149618933232097 0.141244104049554 0.0272586125504837 -0.0279304598940056
-0.048226814365306 0.159001265654442 0.0598188731152291 -0.120918191850276
0.0193589410336589 0.150706233109023 -0.000618339817938426 -0.202899375184232
0.0789274387915999 0.130017616720312 -0.0591149172671151 -0.217104333461572
0.0911376510377855 0.110535460798327 -0.0827521523513576 -0.213172231501242
0.100586747153707 0.125448776789353 -0.0792669476326751 -0.209469702771299
0.0480986331753285 0.16030333995777 -0.0328606612110899 -0.189641684977477
-0.0046365405254979 0.173581377433095 0.0276578114489324 -0.127617016440688
-0.104915493863005 0.189875570480151 -0.00402499706306667 -0.010537961392698
-0.202176978798872 0.0999402658190117 -0.121703212737354 0.0134544023261698
-0.208346403796434 -0.0518037222781374 -0.243303481974953 -0.033635155288122
-0.182811937780808 -0.121407805853659 -0.287869164529308 -0.172742805113006
-0.270146010033505 -0.154712692449834 -0.165453616617163 -0.028603386586337
-0.293139319271507 -0.122160087450995 -0.134466671047912 -0.0155946768690946
-0.328017961438506 0.03966452501679 -0.0385136179724499 -0.0402181638959216
-0.250207153844403 0.194825182617622 0.0247296339702185 -0.0238379236288643
-0.108897644130248 0.244339771639765 0.0513109500992123 -0.0943918032375212
0.0048935518160608 0.244156070620774 0.00977335229402996 -0.15801941134323
0.103953954185341 0.217923713555 -0.0325471478756084 -0.157862784036867
0.125084911398317 0.180033977823829 -0.0454810914487096 -0.146280972651507
0.144430400799424 0.192714180365213 -0.0452864080519527 -0.141819128999455
0.0742108048135851 0.241435092376775 -0.00723022908415955 -0.128862811950613
-0.0033522923015349 0.258025662422083 0.0431622251494185 -0.0815100076521066
-0.13655911288707 0.283175214008865 0.0134902454220088 0.0229891239709454
-0.277594078262851 0.179484757358741 -0.0978647277703667 0.0461563286380104
-0.322935316556673 -0.0234161467699956 -0.199751568740643 0.00591481870971244
-0.314527117896735 -0.137297355266681 -0.219533425731219 -0.101569042035154
-0.333333140118866 -0.159932294403777 -0.0642719991507788 0.0331338887668391
-0.363377959243897 -0.126063607413954 -0.0581104474434733 0.00159742809596758
-0.404041180056394 0.0568918429324712 -0.0167824662930152 -0.0486708471208647
-0.317868312386997 0.238226054325627 0.0146910872873951 -0.0200218703877224
-0.152998543965358 0.303361785412946 0.0251742579766597 -0.0510698526012277
-0.00800605171860214 0.30464044741135 0.0104071548902929 -0.0818471951630218
0.114622721657427 0.273933867323251 -0.00470990811441987 -0.0692351623329421
0.14079308018171 0.221108340896212 -0.000548951906702533 -0.0570082923204352
0.165251853705856 0.229818384355958 0.000495963000897496 -0.0570459259314878
0.0897306973026415 0.284568641074954 0.0293219289487059 -0.0536660657217585
0.000210311595338661 0.303442785400791 0.0639384354257011 -0.0252056219453422
-0.146994350111005 0.335057966149327 0.03844596079814 0.0521877776279509
-0.307852762326738 0.230938042349293 -0.05473482156693 0.0655220096134668
-0.381844059546798 0.0094384905058366 -0.121515665614368 0.0280198145005065
-0.395432426720077 -0.128184424069047 -0.111892130471714 -0.0364593733329436
-0.351573072401792 -0.13528441131846 0.0490143907595196 0.107268620932257
-0.383487613471348 -0.0986631998043789 0.0353685414566264 0.0337470199009998
-0.412920265576441 0.0775483696771781 0.0136469646682195 -0.0437021201443243
-0.323365613643285 0.250811419826644 0.00261728735098032 -0.00865829164086458
-0.161791591604153 0.313944498347173 -0.0066124388296281 0.00871593079925878
-0.014691914205309 0.316574930998864 0.00793229305717736 0.0147789318707688
0.110828601397422 0.284752149265746 0.0245770533746495 0.0342817122609956
0.135009970354998 0.229035210102714 0.0450695753274036 0.0405755729368988
0.157014013462848 0.234563672339416 0.0483514694168839 0.0329619205078675
0.0821953713625056 0.285563146915332 0.0671961834849863 0.0268408635782372
-0.00962393422954817 0.298324364945735 0.0807898033118993 0.0350538494298183
-0.146462482543965 0.31751751048859 0.0561163962026382 0.0747177882873555
-0.293427960437076 0.227095076888284 -0.00912636744415757 0.0695368762436386
-0.372432153184282 0.0272268358413446 -0.0305718769902172 0.0294387983781175
-0.407537402874727 -0.101775493735714 0.0148897844984291 0.0141170939509576
-0.316320055067206 -0.0870535956264806 0.156255060924683 0.176402895977974
-0.331851795772504 -0.0475013498452369 0.127742060067682 0.0673337476915833
-0.340012092898981 0.0892046188112496 0.0445490751910795 -0.0250596879777888
-0.259226079006313 0.217418899442408 -0.00559794940547855 0.0119129932864149
-0.134986337390543 0.263133071390265 -0.0314749883863455 0.0709105633750364
-0.013758667003046 0.269842844086467 0.00879671383060675 0.111466759687481
0.0926703067407191 0.247803284169639 0.0522170363354338 0.133842497222995
0.108146259298062 0.201931033625195 0.0837561344520856 0.132713248857601
0.120574498316728 0.208188839055554 0.0852935816533949 0.117678342895233
0.0514609293506044 0.246206705091984 0.0894505956711663 0.100277610856594
-0.0331230702500415 0.243461076369216 0.0784201029830142 0.090311101159609
-0.138956496076314 0.236993032118492 0.0559956418393208 0.0884481306921923
-0.237280152916884 0.168016881415768 0.0235478694803952 0.0636472205901178
-0.300413108379481 0.0236280374245973 0.0504565334997506 0.017983607607891
-0.352679547107313 -0.0677242188373452 0.13324583911379 0.0499727235308902
-0.228187169644708 -0.0236264725965594 0.24064097461515 0.225167967707878
-0.217093982812577 0.00905182142499086 0.201715410940572 0.0895142496584656
-0.202879270136995 0.078739659973767 0.0727756824839602 -0.00235692287275149
-0.148998957738322 0.136917286502128 -0.00552046386285252 0.0300738148777734
-0.0874887827288809 0.162692139281905 -0.0416796396370036 0.119145135313544
-0.0121012472181139 0.177698356183322 0.0159128405532332 0.186443270032763
0.0597129907975198 0.171406574219715 0.0763787289410242 0.209815396716253
0.0649771060684986 0.145607945383804 0.110776959901926 0.204576313567883
0.0663289168378509 0.152706375893803 0.103323804235983 0.186370744154796
0.0120703440575956 0.173149567509075 0.0850689377094971 0.160902089559343
-0.0520230464716626 0.155056249928414 0.0510284277818601 0.128692557923343
-0.110771568996984 0.123856836454165 0.0350344200447004 0.0899055027236929
-0.149155596459253 0.0858948632264099 0.0392741849317922 0.052735300506676
-0.187419710910764 0.0177495628193107 0.109371009053156 0.00559664177728607
-0.247435709398489 -0.0256852291666246 0.2236627687598 0.0721585905578575
-0.101113463914316 0.0380761309296335 0.288947977999924 0.244570332380604
-0.0661671762276104 0.0486195646653177 0.25051510605935 0.0929900573768505
-0.0435248434637262 0.0407921303485975 0.0972505165880699 0.0105639753477267
-0.0323087019815223 0.0290444943226728 -0.000495072909121045 0.0353701152821745
-0.0396193684378507 0.0392632953162242 -0.0402730481995306 0.142956130506573
-0.0165865952830788 0.0613784978748028 0.0272567914881548 0.226840998771
0.0116795084419079 0.0714952684660775 0.0921937921305159 0.250517395141681
0.011850979114178 0.0670904654992007 0.118844739468827 0.245621410611853
0.00920358998474131 0.073770789600686 0.100403139345305 0.230825271586332
-0.0170705561988082 0.0767405349354438 0.0580367751440342 0.198916212773702
-0.0483366432645138 0.0534462366478 0.00582760537135407 0.146556461072953
-0.0514332665708553 0.0152863940717314 0.00428873283732166 0.0768465705931159
-0.038730480813774 0.01777239577165 0.045500819608906 0.0386182212642136
-0.0595960072601138 0.0274983676423673 0.145064227124876 -0.00101017516859887
-0.116354686226123 0.0266775794766992 0.277723526621921 0.0812085969039202
-0.0596601096005088 -0.0831172633832275 -0.287386304964027 -0.0517351506462196
-0.0820893571929453 -0.0519373954578989 -0.195970870470489 0.0155486102270625
-0.0911654315225904 0.0279626614351855 -0.047072563236664 -0.0142090440829172
-0.0382942047992256 0.0760119799795954 0.0150314359691927 -0.0374255394948638
0.0142079591444897 0.0589194014598273 0.0370822880676577 -0.134080677903417
0.0278465580738363 0.0415884078859286 -0.0346790532487736 -0.211341006772204
0.0417638706926768 0.0249163912771082 -0.0967440744933873 -0.232773984556108
0.0446309501375615 0.0204175330094659 -0.122476310070746 -0.238852184686605
0.0481301033124204 0.0301480493285672 -0.112568641626237 -0.239700155133589
0.0292640660698099 0.0505585225972493 -0.0582149370367832 -0.219400004446285
0.013989509008412 0.0666456480140978 0.00815147025549358 -0.158371570466605
-0.0371413769681779 0.0841007310827817 -0.0103262805691429 -0.0435337607302478
-0.0885969122423594 0.0299821366038397 -0.116401987672815 -0.0123405180991562
-0.0650368653794558 -0.0511283918176998 -0.243772459769055 -0.0563297545471624
-0.0310973891141211 -0.0723522886099909 -0.31320786543264 -0.209503699681941
-0.176766882746521 -0.1141305056771 -0.241693285256338 -0.0493285347413549
-0.195284617246505 -0.0785914827756465 -0.179113867565564 -0.00122673950848841
-0.210276650536033 0.0480895413329268 -0.0501762011189087 -0.0236703068128752
-0.136318203020609 0.149252810845518 0.0240137793727731 -0.0285754762306392
-0.0354531867967138 0.160170021052057 0.0503209125562361 -0.123355071190963
0.0301582053059242 0.147047371149634 -0.0153874942291035 -0.199986484577095
0.0860573844658448 0.12283676596004 -0.0719531937614682 -0.210943869292587
0.0962142111057606 0.102522729681003 -0.0955403900809247 -0.206313360765389
0.10689994645014 0.115553917555045 -0.0914003381546269 -0.202268191980921
0.0584429133126309 0.15528213771536 -0.0432640203001229 -0.185486250057461
0.00720088856336759 0.171779151406788 0.0195289108382545 -0.129360319203852
-0.0904034373812008 0.193773340205574 -0.00336687944571155 -0.00995016815565494
-0.193224428772061 0.111937265126 -0.11757466706185 0.0231825000151113
-0.208914673910746 -0.0375262135009377 -0.240561861415815 -0.0162604462224272
-0.187434181954327 -0.105574107014523 -0.29230767168237 -0.152739657599373
-0.27332498537808 -0.13627484993217 -0.163716818360166 -0.0195962119583143
-0.294061819518523 -0.101565142163817 -0.133452064626964 -0.00651614818225007
-0.317743680568483 0.0620582438318094 -0.0431983146679911 -0.0369202174827622
-0.230730803162848 0.210087764575798 0.0210017660059603 -0.0243235487811214
-0.0907558694407469 0.249571899765517 0.0435793016431708 -0.0970712734823795
0.0224964660640726 0.239851821610291 -0.00293489895515384 -0.155744402077877
0.116339827190767 0.207168479682526 -0.0415775411007318 -0.154818777762724
0.133933528508193 0.168750214485298 -0.0539336649279592 -0.142208307928932
0.154854703867865 0.17889183372776 -0.05366924176093 -0.137485892189299
0.0896537587709264 0.233535241281856 -0.0142269001908267 -0.127956582338096
0.0140890962591977 0.255332001950334 0.0377105842682686 -0.0864273360405875
-0.115109888477463 0.287814933471941 0.0164882568608538 0.0208261852724369
-0.261772417254482 0.196413108364665 -0.0907571586238301 0.0530558095841442
-0.319599384441333 -0.0013357519318862 -0.195228386809501 0.0199452569492577
-0.317751180575803 -0.112409374977383 -0.220699022471633 -0.0865102525263415
-0.336095904332987 -0.138415361867627 -0.0609388381276746 0.0346636912602887
-0.365011154315561 -0.101838122996319 -0.0578148046947284 0.00501543747066094
-0.391574363258143 0.0839299963746848 -0.0227417241464874 -0.0459288512012566
-0.294591098186066 0.256199097912647 0.011997050113219 -0.0201740673413141
-0.129009784528812 0.310847417679976 0.0202076846533467 -0.0527433337212103
0.0138225633811508 0.301170774236894 0.00163370869713623 -0.0815478151235392
0.131139419568584 0.260674599453482 -0.0073364780730939 -0.0698464169204761
0.152364781349155 0.207922832168913 -0.00418795472821871 -0.0570652766917679
0.178066383454034 0.213042679176481 -0.00344822436231372 -0.0566273481205863
0.107649446655471 0.274629070987184 0.0271323929115441 -0.0562661830560064
0.0205876003638013 0.300096929856828 0.0616113704225979 -0.0328724131074826
-0.121968692171674 0.338178699849599 0.0421499727046889 0.0475367530488663
-0.288648151763396 0.248920934445945 -0.0469730275189315 0.0690198992659977
-0.375651618426629 0.0359999673147495 -0.116843023230905 0.0368767680826819
-0.395894023141446 -0.0960350607318415 -0.110110972092823 -0.0292391386867047
-0.35152918828395 -0.114970360839542 0.0545901514046799 0.100926445250131
-0.382715665635422 -0.0739466374715238 0.0364941269562469 0.0308834188457759
-0.400763754854639 0.105047739564255 0.00784748564575032 -0.0439305618842748
-0.301327105911964 0.27138339047725 0.00126160952190302 -0.00847338545737445
-0.137908814068811 0.322686584728087 -0.00775311300696637 0.00783878076553237
0.00708465912069305 0.312178928861621 0.0059111989233592 0.0135759022974707
0.12831929908352 0.272265573980018 0.0279398731956627 0.0296712890665645
0.147124709621246 0.215610725462578 0.0476364484724291 0.0368927132095352
0.169983956703382 0.218292573034284 0.0496365240897467 0.0293572229852635
0.100930277964289 0.275704545347437 0.0689455022038307 0.0201420337597576
0.011255162771707 0.294622577510254 0.082041916483815 0.0256774389970253
-0.121898529755738 0.32141594417849 0.06126565965083 0.0683105119803761
-0.27266454826655 0.244404635070713 -0.00171410002282565 0.0690727539730467
-0.3637973361593 0.0516108920320675 -0.0277777832572281 0.0318576900243882
-0.405094868038102 -0.0691523619411724 0.0172038182446289 0.0125984932181351
-0.314570513902307 -0.0687603510114378 0.16458152783779 0.163659658888222
-0.329235070500168 -0.0255616037140599 0.129110493046598 0.0575330661976812
-0.327706570444882 0.111878241131104 0.0398258726086619 -0.0278479771351367
-0.239888211506408 0.232540413246744 -0.005926712232834 0.0120154152388201
-0.115741449472981 0.270688495340517 -0.0276944610072703 0.0712728039096335
0.00440963152516832 0.266671003252592 0.0134036536137543 0.108717210212712
0.107781166318454 0.236215768336596 0.0616602737308072 0.126504028227033
0.119147370814357 0.191410167754707 0.0924416471317481 0.125539055225358
0.132033451995917 0.194845222479679 0.0921172054753569 0.110064327232855
0.0675357866958163 0.238073261593441 0.0952534242879729 0.0917328692693265
-0.0153267196240079 0.242446907136906 0.0834146131332214 0.0799848953605203
-0.120066411153914 0.242301131197081 0.0618966242549779 0.0816401752707477
-0.221585366532417 0.181832373979905 0.0296814286968681 0.0608587837173849
-0.292318782561486 0.0441348503924679 0.0505270818937198 0.0149521169604287
-0.349148095410689 -0.0398416976633267 0.134734366946182 0.0404869538068245
-0.224914969752635 -0.0104062982797793 0.250548951109827 0.206349823148622
-0.21317438687921 0.0227546013075458 0.202850409368946 0.0743292020438737
-0.194451519633548 0.0917864556112244 0.0700578955285075 -0.00737444041825456
-0.13711825525455 0.145642447250756 -0.00460305741546917 0.029730670579405
-0.0757415080913122 0.167858428537541 -0.0348092823864149 0.120219265298929
-0.000140550727953355 0.175397381103559 0.0258693686253058 0.182615613022876
0.0694291375038432 0.163646008854789 0.090554739693544 0.200981770161349
0.0730360411895152 0.1385598724019 0.123495544951442 0.195151799633481
0.0757808825569042 0.144367767151766 0.114207879675354 0.17669163752607
0.0242456285479474 0.169538397792817 0.0945078512652583 0.150957800943557
-0.0399063046468358 0.156702897618843 0.0589607108228755 0.120705139963233
-0.100304639011503 0.129208039016293 0.0416372797987441 0.0846086916132623
-0.139463989663149 0.0952051917656756 0.0441417139524168 0.0482414894643675
-0.181932854811195 0.0298776976559643 0.106753227449618 -0.00096664430616541
-0.242480194318265 -0.00667439645408775 0.224506619318444 0.0571123780594546
-0.0966223752385585 0.0426719894050109 0.29914530995396 0.223682628442205
-0.0616624842770865 0.0518852939059142 0.251069344206294 0.0751619536960533
-0.0407983059419167 0.0438274131293173 0.0957070707525887 0.00350646440048382
-0.0304598504668822 0.030944502860944 0.000659266425708375 0.0349839167555496
-0.0370918753497459 0.0424928707241373 -0.0313184498073146 0.144193038219634
-0.0126711759908486 0.0619122661849134 0.0405656832893683 0.221863968617377
0.0159832393644657 0.0684971249844761 0.108349252367818 0.240473295070642
0.0159142037347761 0.0652552115725711 0.134603444209759 0.235134256944755
0.0137929950952228 0.0715881616042041 0.114518396743426 0.220809009618206
-0.0115591643731105 0.076017183504676 0.0696859561448307 0.190890318947959
-0.0433245645994138 0.0558581167963031 0.0154493441702574 0.141873899280083
-0.0496682615568936 0.0186558850474115 0.0110199388484682 0.0735859289268206
-0.0360207442383716 0.0204569099629756 0.0491343358316895 0.0334713168013265
-0.0562567597315482 0.0308795366913389 0.140807199432331 -0.00971984809896125
-0.111006684689708 0.0348478528426928 0.277376530763773 0.0626508728237412
-0.0608666971299094 -0.0745958689216582 -0.273811498115957 -0.0354771152527867
-0.0799098880522909 -0.0455408904054427 -0.183769705054261 0.0254308667298636
-0.0835122281968573 0.0309578126383222 -0.0474783192931946 -0.0100191055210253
-0.0307755679143798 0.0741487175577306 0.0113294608681487 -0.0347892103597645
0.0174084532774673 0.0550403692578263 0.0278648919815813 -0.128473812749951
0.0296113477534728 0.0377755264002033 -0.0445613388074367 -0.197427071529254
0.0406950256365252 0.0216889188843244 -0.104798627742014 -0.215649281770724
0.0427680685965178 0.0172820990539304 -0.129513779019769 -0.221782399774427
0.046982515972524 0.0260299843067764 -0.119084166790312 -0.222020944379688
0.0306169077669112 0.0472229781964034 -0.0658009288466252 -0.205356950350854
0.0169445798346691 0.0625347718765756 -5.61225354245644E-05 -0.151344641640101
-0.031618444184893 0.0817061868278824 -0.0106174119841638 -0.0405711329490043
-0.0832531972282015 0.0333826495652274 -0.109749028089264 -0.00472435939103473
-0.0645592375474346 -0.0449982996647771 -0.231409925254432 -0.040369700058278
-0.0330057402497703 -0.0663307767193371 -0.306687685671961 -0.183268686791491
-0.172503166189334 -0.0987215718582457 -0.230398133344103 -0.0369323941738414
-0.187770913383271 -0.0653135647026808 -0.169569441700145 0.00828439779121626
-0.194804010567816 0.0571352555782494 -0.0509852001885072 -0.018595768610706
-0.119407124820459 0.148852856258659 0.0205621697540673 -0.0268999109503918
-0.024200329737885 0.154394607128982 0.0404747492751161 -0.119687424724534
0.0378867442468666 0.137453892406885 -0.0265883536120124 -0.187183219129053
0.0881507674468736 0.111359797047623 -0.0791710314780942 -0.197325279201527
0.0957840626083916 0.0919724473615367 -0.101716100845893 -0.192592511619351
0.107327296802125 0.102839641210306 -0.097455505814014 -0.18786954131744
0.0640264612048838 0.145036778478981 -0.0495649168344523 -0.174763535258655
0.0163101709751077 0.163171030428871 0.0121785991020347 -0.125494071190786
-0.0751232142278164 0.188606239719125 -0.00209584933685154 -0.00966003007162769
-0.17798248061822 0.11714168207856 -0.108310838816642 0.0289608224783938
-0.200417395270939 -0.0243205883249407 -0.226968860453828 -0.00180057794713387
-0.181585798157689 -0.0890156822389735 -0.283562073775528 -0.130513655789459
-0.264768081610877 -0.115388217074179 -0.1556791556848 -0.011951503418715
-0.282630076448675 -0.0820408679866612 -0.126398977630962 0.00126057952878977
-0.295574977390083 0.0766768629977101 -0.0458770553309953 -0.0316471969159369
-0.206380722007278 0.211901524416815 0.0182068607511715 -0.0230116468319311
-0.0709634151460224 0.242804847683784 0.0350798805052424 -0.0949500521737578
0.0349087990206198 0.225736165944893 -0.0133804723046749 -0.147070974543855
0.121403791998348 0.189953776258698 -0.0474287928794633 -0.146498975794073
0.135153935237204 0.15248887692864 -0.0586127384285747 -0.13362705683765
0.155503286160479 0.159284992330055 -0.0575343119262839 -0.127874491242808
0.0978026180166342 0.216837412597231 -0.0191517643941318 -0.121977428180017
0.027757785512418 0.242380236959518 0.0310920129509053 -0.0867347392259785
-0.0927168658949974 0.278869596628769 0.0178424476406083 0.0186226206845315
-0.238176036019954 0.20120309774666 -0.0811680974535032 0.0559845062092251
-0.303114539270456 0.0159808544244431 -0.182244456866794 0.0303099613014367
-0.304602542365412 -0.0871111021983538 -0.212141249600079 -0.0715033466271832
-0.324529062095791 -0.115106890549232 -0.0557678038567555 0.0340772647592795
-0.350019839704935 -0.0772709231762515 -0.0546845625950887 0.00809047938703631
-0.364050531052509 0.101535769436744 -0.026645374276001 -0.0422493118545094
-0.26493434365393 0.261088091162858 0.0100025755093274 -0.0191540244714853
-0.10419837251509 0.304400455298603 0.0157477714882671 -0.0513050442433051
0.0301598083431244 0.284386911449091 -0.00506678985443814 -0.0763224460682394
0.1381741834207 0.239235388342607 -0.00990106050989567 -0.0678104651288649
0.154872670568063 0.188529987186055 -0.00615391938912249 -0.0547853052693987
0.179468048671074 0.190435723533987 -0.00578331747302455 -0.0534036010320949
0.118227818880789 0.254884094406209 0.0229923031899971 -0.056687298650369
0.036721236083248 0.28463514061196 0.0567944263937314 -0.0381458542832389
-0.0956796784352425 0.327427947593092 0.0436684850641951 0.0419567126517935
-0.258895395827699 0.253277754235471 -0.0382979802912293 0.067102481472188
-0.352360550765454 0.0541789529014512 -0.108001637730961 0.0415374195655488
-0.376540954097051 -0.0676721530492111 -0.104130351758491 -0.0228407655068316
-0.338156361959733 -0.0928049674253463 0.0566395520263943 0.0915976551509714
-0.365454700541313 -0.0502724834803671 0.0356135906982372 0.0262868193914905
-0.371695559618408 0.122366845724812 0.00273654535256041 -0.0416853893254204
-0.269001919010456 0.27546617935791 -8.57506524824482E-05 -0.00744948766454756
-0.111639243383318 0.316147628094968 -0.00826875679897011 0.00746201007976165
0.0257022253987096 0.296575819388807 0.00348457283449062 0.0130331969439074
0.135902565146178 0.24953617842616 0.0294539395045841 0.0251853742888344
0.150330455270711 0.196673856893012 0.0484027065598374 0.0316461276600811
0.171879685400224 0.195797632272693 0.0493961902090586 0.025327368282947
0.111145244435382 0.255146166668837 0.0671053319883875 0.013565785026541
0.0281150258121863 0.280044301333278 0.0786900191465428 0.0151270561034243
-0.0982365625718735 0.311480416113712 0.062457171095673 0.0598930291195736
-0.243238735016212 0.247233658278228 0.00433223032057142 0.0644514586014562
-0.340141113843608 0.0684298680572817 -0.0242707794920567 0.0321413677281261
-0.383093938086439 -0.0415647920268527 0.0179871228274389 0.0103333739281759
-0.300722707479629 -0.0508407577077482 0.163165821698274 0.145558074567371
-0.312482522063214 -0.00853643623893483 0.124373440342012 0.047070965809751
-0.304193613470658 0.124247197625523 0.0349223033042367 -0.028656168498738
-0.214315354948557 0.23441799478758 -0.0057566253786611 0.0115909709240518
-0.0942543887705448 0.26570993245186 -0.0236005215172879 0.069224867972724
0.0191031596768473 0.253705733480793 0.015951602321336 0.10277994115513
0.114944291002507 0.217318874766947 0.0666916318444752 0.115068834272947
0.122435322108564 0.175031623356775 0.0957051799691309 0.113736380737057
0.135468400058619 0.176036238233496 0.0929719904269184 0.099740307327424
0.0777294952825747 0.221732799727309 0.0954702142510864 0.0799421774487631
-0.000890756886283827 0.231572240594656 0.0828040559971661 0.0672079660879399
-0.0997347409440386 0.235866584423547 0.0632423366822652 0.0723160081924926
-0.198704062115572 0.185134098662041 0.0333971310039369 0.0544256580433405
-0.273461625585501 0.0575910472795564 0.0483014413012656 0.012197692882972
-0.328308113208907 -0.0168144495905543 0.130517529255469 0.03077649166264
-0.213265046839456 -0.000696525806229236 0.247212305888491 0.182737000748642
-0.200304224833062 0.0316967927555265 0.194749993302215 0.0588755363356561
-0.178834434586992 0.0991551014682655 0.0647715521337592 -0.0112868402601526
-0.121577945509532 0.146022742107573 -0.00373317456755656 0.028283293561027
-0.0625366574675675 0.16513503009004 -0.0282425805802925 0.116039751907236
0.00969491912505799 0.167518318578013 0.0325762607420193 0.1722037968206
0.0743093127811846 0.150248960953434 0.0979049843540008 0.184765746389162
0.0762054252115268 0.127519437668401 0.128980428940354 0.178686563609782
0.0790067198702866 0.131640353128326 0.118091180040919 0.161997140119297
0.0325609325491308 0.158309697107307 0.0977281963643269 0.136684581094717
-0.0288439445476622 0.151664612010566 0.0623605303545611 0.108437394220598
-0.0873600313869494 0.127645655508197 0.0440695756081694 0.0761065682303094
-0.125115103859492 0.0979963025586025 0.0456680745172442 0.0416739901262974
-0.169675670378903 0.037804833319033 0.100069129986518 -0.00602210771559519
-0.226768705108504 0.00815029760411686 0.215564662257983 0.0423536731327491
-0.0892890138750808 0.0438699848947683 0.293316258885489 0.197915267098191
-0.0557580749802813 0.0524408251858851 0.239773900655073 0.057614112823944
-0.036134584864406 0.0440594448527642 0.0899115513098156 -0.00270568385493115
-0.0275423446615251 0.0312152719778102 0.00121928453068766 0.0330659169383523
-0.0330510556519352 0.043519924628108 -0.023696197994757 0.139230849604716
-0.00856115589973941 0.059586883887475 0.0492008286799294 0.208939354029027
0.0184729060480862 0.0636147159952488 0.116633972473844 0.222339429211226
0.0191690372327643 0.060938033185915 0.14175931799369 0.216339773523495
0.0170638737748819 0.0662764388426871 0.120463000962687 0.203859984900088
-0.00623528239460083 0.0725475530573767 0.0760979060146563 0.17659500028811
-0.0377915887129056 0.0555428100061147 0.0219176118848917 0.131616101034262
-0.0458457368865043 0.0201249643561122 0.014873270039399 0.0673395727776809
-0.0313143133700311 0.0218310949092147 0.0495662022424902 0.0274272462176445
-0.050751148714508 0.0320180778661692 0.131662839994708 -0.0160940938781818
-0.101962298197932 0.0398145112298033 0.265846352655125 0.0461590558864524
-0.0677616786894838 -0.0570676893681311 -0.259108973170154 0.00439944276648397
-0.0780518953574778 -0.0289162346166066 -0.169401346880646 0.050747486609752
-0.0708392731701986 0.0391396018526707 -0.053241190903093 -0.000167165080645086
-0.017252792800285 0.0701678083920187 0.000814098010626762 -0.0293087449375941
0.0205984559572094 0.0460284748310507 0.00751656052600125 -0.119725820238533
0.029951736701774 0.0310333943498347 -0.0684886099983214 -0.176058899302505
0.0381144922961579 0.0159002451594455 -0.127439542865683 -0.188749256689889
0.038943611970713 0.0114910537795745 -0.152304710793502 -0.190296684154097
0.0445348955877032 0.0186389390975649 -0.145443120956181 -0.191562686720828
0.0329566255881917 0.039766268839632 -0.0942182064228503 -0.183188387858169
0.0211987088083855 0.0548887936778442 -0.0231332071935786 -0.141819944449727
-0.0196214081471944 0.0791716019209432 -0.0145284884707731 -0.0380254064785896
-0.0739085182656979 0.0394469171921093 -0.10201085514448 0.0125205396240957
-0.0682931433217626 -0.0350928286452335 -0.215442220917585 -0.00245577292630917
-0.0430182593944006 -0.0588960478370876 -0.305541754305536 -0.131109191302129
-0.171035495564509 -0.0682578724826529 -0.224785063215055 -0.00451319375173095
-0.178208282858472 -0.0340909422510232 -0.162077399616022 0.0310144889040675
-0.167997755704209 0.0762050305455091 -0.0653988226214582 -0.007737073274081
-0.0861123921621721 0.149911288082133 0.0016340197364785 -0.0221145853460625
-0.00382024551311675 0.142341954723922 0.0169126973996878 -0.107393898622151
0.0498606499713886 0.121650055227862 -0.0502390737059334 -0.165027995301136
0.093435242009578 0.0912710383997627 -0.101097988561296 -0.170358361358964
0.0967429638361784 0.0746864241543253 -0.122983016614153 -0.165614798287455
0.109845053284981 0.0819882837935065 -0.121453407579272 -0.163870213515294
0.0763388652223023 0.126405665826582 -0.0761763208966288 -0.157220646800627
0.0315097469817251 0.148404832752528 -0.00810607016260926 -0.121524029430258
-0.0469292785525445 0.184126928496971 -0.00201110451457773 -0.0130837952694487
-0.151458230866857 0.126883721115764 -0.0973308854054769 0.0430162310360493
-0.190003383145415 0.00157175843405784 -0.204836304729368 0.0304438077773836
-0.182442691040752 -0.0626335828130718 -0.276139705684964 -0.0846987503597043
-0.255558509513388 -0.0752433844008145 -0.157118718485107 0.00403370920431991
-0.266621405619761 -0.0379110285216752 -0.126873713477074 0.0150474852089151
-0.255798409901862 0.106783264111317 -0.0697551662737836 -0.021086937982146
-0.155461690016347 0.218615606936882 -0.00725895140358558 -0.017783236623819
-0.0338653392818871 0.229113102257579 0.0112018236603565 -0.0784171145992395
0.0586493145375516 0.203363877677066 -0.0342379268128385 -0.124853133115404
0.134319937418794 0.158161825615696 -0.0637388904727435 -0.123175658926481
0.139895856527272 0.125857054501463 -0.0743368992264629 -0.116132745922503
0.16202346114191 0.12823440537683 -0.0775651593389054 -0.113372096965691
0.118457362695627 0.188594552085883 -0.0421429595366154 -0.112979777899131
0.0505425184298553 0.220653596195922 0.0149811668741155 -0.0893947646155193
-0.0521606641392897 0.271034913282183 0.0205613855017322 0.00774925414578009
-0.196313697820668 0.210903514639171 -0.0691531251773378 0.0628534349304
-0.278778370168544 0.052619600020154 -0.158641541956581 0.0506317289787667
-0.294159236043396 -0.045464311185695 -0.202092512709509 -0.0415636019053561
-0.307848087840851 -0.0695652667059035 -0.0610482721466813 0.0316445712030457
-0.326757337394062 -0.0275898026225135 -0.0628942653669433 0.00999527552746466
-0.315271281305613 0.136580808420819 -0.0588444518274366 -0.0339465002786845
-0.200605436523243 0.271139316099794 -0.0199777538822189 -0.0125488013343948
-0.055724367951274 0.289966672596927 -0.00417272861084095 -0.0316201733627128
0.0626364605167938 0.258615548018338 -0.0170266401160889 -0.0573206046523348
0.156508703148295 0.200635669798063 -0.0182452306926737 -0.0515591890064309
0.16255715231774 0.156901444343858 -0.014162022003217 -0.0493271152154504
0.187910118782618 0.153419743915232 -0.0181027805501946 -0.0506185573538261
0.1417128838169 0.221820620313944 0.00646829370103071 -0.0581778891942456
0.0638259203974043 0.25839934564847 0.0452938943063795 -0.0483502066476942
-0.0489304466734269 0.316073703790992 0.0472601014717702 0.024487680592739
-0.208956403463709 0.259954360454343 -0.0288637804887245 0.0665559604140861
-0.318959698561904 0.093614605600951 -0.0884142466703964 0.0486540298965484
-0.356608217322993 -0.0193871467679419 -0.0962322828374759 -0.0109258533690511
-0.31658091900215 -0.0482612977672935 0.0502165294741418 0.0686749840282523
-0.336626697922997 -0.00155759741071501 0.022614478289807 0.0136062618654527
-0.319653622567298 0.157124327302254 -0.0321280726182325 -0.0373135025816186
-0.20280528297126 0.284676042090731 -0.028496063511134 -0.000436709225957951
-0.0602700700638975 0.302683811164143 -0.017760111997587 0.0277647051089568
0.0596401849878541 0.270335371418769 0.00358764714458828 0.0259829998625587
0.156289339175226 0.209700790312269 0.031740511324795 0.0312932958708081
0.160125493019055 0.164649902411243 0.049572469489418 0.0246573646885345
0.182567977987486 0.158666060926208 0.0450441067398632 0.0154699361335922
0.136173069885978 0.222975764777021 0.0582703493292415 0.000691021625267553
0.056263394638835 0.255411691799643 0.0739170118513719 -0.00219854828245571
-0.051169098586458 0.301330094227886 0.0667650297668413 0.038303862554952
-0.195112302414238 0.252993607121086 0.0100598051520986 0.0567681308715272
-0.302990346889059 0.106647967411376 -0.0139237517139393 0.0268921628446581
-0.359020832564126 0.00596390503542573 0.0203946077938111 0.0037720362605217
-0.275293018327204 -0.0154101170333073 0.158937461103399 0.104321151235933
-0.283412835983056 0.0287743521208694 0.110075106319452 0.0214072147940743
-0.258145611071223 0.149860537132154 0.00414260491930357 -0.0289841818277825
-0.159146195793151 0.241045058111168 -0.0262429542943753 0.0174262998968746
-0.0497559570839635 0.255178011536171 -0.0220104116952971 0.0848471346044637
0.05007839929558 0.231423518871568 0.0283440045768847 0.106613859854959
0.133373123710843 0.18282406014217 0.0794078248460934 0.10998420716053
0.133113173490393 0.147810713940685 0.105527990823509 0.0941411950521349
0.146647984797656 0.144595660161292 0.0989852850054062 0.0796015110526393
0.100787924528807 0.195934035598959 0.0957806034808181 0.0585893969366209
0.0247156555651965 0.214074768622902 0.0857427455485485 0.0460552262355266
-0.0625649470776676 0.231580438983984 0.0698733292254789 0.0505904768319824
-0.1592696426684 0.191241407629157 0.0358521189967605 0.0428551495114619
-0.241817962442062 0.0872121552664073 0.0486082589891592 -0.00154741769197086
-0.302312707878501 0.0214084237976701 0.126200696913448 0.0082521755024433
-0.188742088922499 0.0200781752086136 0.245504123263786 0.129857415058016
-0.175846394285098 0.0508457310887834 0.181250581337355 0.0244871983166202
-0.148901406279064 0.111154436126851 0.0440047417906042 -0.0170562100153321
-0.0883809756995819 0.149238761580929 -0.0133728673008514 0.0307403792878567
-0.0329380034241472 0.160747292252452 -0.0156253406647657 0.12337390219388
0.0310419427787462 0.153511066872154 0.0537281004016542 0.165258801188391
0.0889189480220805 0.126596220109241 0.117874142642245 0.168813599646913
0.0861745263130087 0.108863776287544 0.145923674219744 0.149785333284917
0.0906810248053164 0.111150577728526 0.132618015629284 0.133836627396396
0.0511066385599494 0.143252700398841 0.108058248274626 0.111323963496137
-0.00991498001094099 0.143416471672621 0.073106937395812 0.0881722282990094
-0.0648905386053378 0.129969038818839 0.053230536800565 0.0592728030012684
-0.102241422642911 0.103284235493042 0.0470270242477998 0.0289018907189958
-0.148235950346395 0.0560038720270702 0.0919822927866249 -0.0237067696992401
-0.204308824713166 0.033017830899753 0.20478712540167 0.00916541952553142
-0.0699731945033628 0.0474589387227278 0.29675910546127 0.139773510490002
-0.0418428414987971 0.0508841144759723 0.228648535420207 0.0185374454981959
-0.026693896058061 0.0443740575285982 0.0786073681017225 -0.0144752625863277
-0.0197539609398371 0.0331258702038362 0.00127612613288663 0.0312402155427056
-0.0219227686992845 0.046220563736007 -0.00518122965172789 0.137424355807237
0.00189526980450972 0.0561112505888386 0.0746994900744738 0.192396463373369
0.0271510600905127 0.0539709718805851 0.140981692751216 0.197754826438983
0.0263183845952482 0.0538069801659863 0.164113923024215 0.183762682584062
0.0257344121994685 0.0582966792522184 0.142375343694091 0.173408065021173
0.0049599214949191 0.068239107694789 0.0965167429497008 0.152152935569018
-0.0281333891315576 0.0559665624504362 0.0397441589481129 0.117368131677403
-0.0400901721255299 0.0249960007708314 0.0248136062307974 0.0576512706262418
-0.0249883511261352 0.0227733831069492 0.0501429207020673 0.0157784809939122
-0.0405272542341736 0.0360819567651864 0.118426885605357 -0.0358023886979792
-0.0846511151417654 0.048022073184416 0.250156870950941 0.00708235871924553
-0.0623443797048519 -0.0547963407342467 -0.244896380655043 -0.00481536308724138
-0.0734778470575896 -0.0300515399952272 -0.160324489799236 0.0439144787003583
-0.0674042233454357 0.0348819739349906 -0.0514846414517669 0.0005019919815688
-0.0168971254761975 0.0656571658178771 0.00122932715926591 -0.0262936410802415
0.0191861377947555 0.0436514877096825 0.0105300721858272 -0.112975809234712
0.0283634375469384 0.0295839230522634 -0.0607390788821792 -0.167948101767315
0.0356562404302142 0.0161523769584899 -0.117128180478074 -0.182168988120506
0.0365994888659462 0.0118399688650949 -0.141471920874847 -0.184858221574237
0.04133508763799 0.0188035769774648 -0.13315225491515 -0.186730587247434
0.030262560825465 0.0393614531167596 -0.0842781112488669 -0.176821729545888
0.0186788010118612 0.0525846340409389 -0.017735395933435 -0.135526297722862
-0.0209307447747563 0.0746642623579507 -0.0112903848645238 -0.0367043032870531
-0.0720304830600479 0.0361342307420137 -0.0954920368520906 0.0101609707635614
-0.0639743794691465 -0.0353420593314893 -0.202457972923416 -0.0070747547763624
-0.0392344607881499 -0.0576051758045863 -0.286505080936349 -0.13322401645615
-0.160142581448241 -0.068954988892341 -0.212728695607326 -0.0129735146053484
-0.168251860125713 -0.0376858707186194 -0.15320806695931 0.025145881500827
-0.159893332125265 0.0689529871784522 -0.0630631605635286 -0.00712680482899755
-0.084040599918637 0.140340600779726 0.00224475567925494 -0.0198433640951644
-0.00573011140425831 0.135093431405485 0.0187666265084535 -0.101829419818308
0.0453135187683264 0.116403372235362 -0.0444679477297088 -0.156301124691432
0.0864066994427231 0.0887120284032454 -0.0929160737701256 -0.164752100494173
0.0893265854479991 0.0734290215464751 -0.113886107501188 -0.16212917567717
0.101232237805817 0.0801865189658804 -0.111581758692737 -0.159160254179139
0.0698460311278951 0.122679112327681 -0.0682209258889599 -0.152605303102009
0.0269161561852461 0.141913443386548 -0.00555860489394655 -0.116940730833883
-0.0492393137991334 0.173179486195546 0.000107658996013255 -0.0126383333281283
-0.146702649286867 0.117983269681276 -0.0909766391818063 0.0386948195080409
-0.179710197140551 -0.00388264089247981 -0.193830444493491 0.0239986471765581
-0.169996508371234 -0.0637411949310688 -0.259350542787959 -0.0887382064834725
-0.240158973149937 -0.0774525743665012 -0.149518240922335 -0.00260891643108596
-0.252097144822795 -0.0439103920090778 -0.120251945685323 0.0112900585864362
-0.243848337852073 0.0957031671863646 -0.0672863304228331 -0.0201780278080472
-0.150857885352038 0.204329413484487 -0.00656733635116941 -0.0160140337796869
-0.036476348186287 0.217294673998215 0.0128517579902281 -0.0736784303579657
0.0520834739570648 0.194656779739913 -0.0298700881698047 -0.117709436180496
0.123943579685068 0.152710176554266 -0.0576812210709896 -0.119537809602906
0.129411487642661 0.123339649630601 -0.0689996610457362 -0.113634174262016
0.149362499397357 0.124573251329181 -0.0705041365636982 -0.110012127916327
0.1084366693382 0.182737742008637 -0.0368675157743164 -0.110195934695828
0.0440579763343871 0.210779450327819 0.0155044606694275 -0.0868273991444432
-0.0560412255178096 0.255690794741938 0.0207649222454393 0.00719695072808041
-0.191216695251259 0.196729888949308 -0.0655548448029885 0.0575145937540697
-0.264912289245198 0.0430084779588147 -0.150940224220588 0.0447600870187638
-0.275966081521822 -0.0502158701586237 -0.18968248449089 -0.04502758210059
-0.289940547487059 -0.0743218253208556 -0.0598142780185513 0.0258919852554635
-0.309148485650327 -0.0351608820770193 -0.059691770859815 0.00738959822350633
-0.300049326746807 0.123216576159174 -0.0566389537893588 -0.0323402704170424
-0.194287658270605 0.252772754856494 -0.0189241050789663 -0.0116378190860606
-0.0579171867995236 0.275414149270791 -0.00293223839512419 -0.02967279178649
0.0546877601828719 0.246499717353669 -0.0155902743803846 -0.0532933077743825
0.144196431433972 0.193317658191061 -0.0156111982090058 -0.050656276091739
0.15084927159773 0.153687799666366 -0.0123500329353275 -0.0484747773057825
0.173313830420833 0.148541398228973 -0.0157706195577942 -0.0487781671509611
0.129914260404922 0.213553518426855 0.00779034688430933 -0.0572218039771027
0.0558442282472474 0.247565883290069 0.0426640803169725 -0.0478478074395024
-0.0531594025402997 0.298925172788547 0.0454019791208574 0.0232492618538347
-0.203048171804889 0.242928630512593 -0.027519388472887 0.0610966755310464
-0.302566768352766 0.0817828086492985 -0.0846067268534968 0.0442839246803444
-0.334190459130077 -0.0256357851268094 -0.089880729873409 -0.0136058583393168
-0.298087322418109 -0.0549884265297328 0.0446819828619229 0.0649210256523372
-0.320050495475497 -0.0115173501770892 0.0202998449299206 0.0128372956347673
-0.30525241203023 0.142530848600073 -0.0312232725807889 -0.0355083020141089
-0.197462122129046 0.266462833378085 -0.02730650088784 -0.000673465195921192
-0.0621311042334893 0.287662083188666 -0.0178273456798893 0.0264118029395008
0.0519532541165295 0.258104415348227 0.00194632197032828 0.0263543273137338
0.143578779234861 0.202392037757332 0.0296373532587262 0.0286551466028074
0.147915687198704 0.160160523618452 0.046940293145127 0.0232938847410672
0.168240524021023 0.153134444723 0.0431156855605399 0.0159482184984938
0.124329135826126 0.214465596450023 0.0550059199945712 -0.00010523923752627
0.0482077195381347 0.244381299485807 0.0680883590263799 -0.00318208101825084
-0.0554122546647759 0.283812477298714 0.0632166611745642 0.0370414960235997
-0.188343955990514 0.236475163068155 0.00915794932252162 0.0523783828226011
-0.288783064709441 0.0934132525483569 -0.0137023869024484 0.0252661597051099
-0.335735376613859 -0.00290850838818422 0.0202958947215744 0.00327623880250127
-0.260413266535901 -0.0228781730511136 0.146345009360308 0.102608087453085
-0.269752145450701 0.0189631827053505 0.102346017402979 0.0227224572916544
-0.247544745697814 0.137662913889987 0.00349206718375318 -0.027151663044095
-0.155268812771937 0.225971182584676 -0.0253838182479603 0.0158720281166611
-0.0513422820830166 0.243028669567077 -0.0231284568695812 0.0803099156853965
0.0431832937653747 0.221477007045081 0.0231751670407307 0.103397748360942
0.121695710359889 0.175728977233253 0.0731545914202517 0.104612358084599
0.1229879872923 0.14380086392184 0.0992948374963141 0.0913094992814137
0.135321472136233 0.139696248325361 0.0925404138552099 0.0779366949774205
0.0912026942897207 0.187797748673073 0.0892519997383238 0.0560539048617751
0.0191444136049372 0.20424085745496 0.078444888285341 0.0428493377277388
-0.0647716593872968 0.217665876427539 0.0650734786894605 0.0484858496808304
-0.153719545966441 0.177938089894366 0.033963066695114 0.0397518675647337
-0.230184170231833 0.0768913567733999 0.0460965542196608 0.00029774739245462
-0.283278205720127 0.013402125139077 0.119663420373743 0.0107917024349685
-0.179989312903323 0.0130630437892723 0.22856920483887 0.129847568494283
-0.168426409519771 0.0431236378121808 0.169409388274311 0.0276142452898043
-0.142496013749137 0.102906469840482 0.0405540902490418 -0.015622841564786
-0.0866739679089929 0.140433902230903 -0.0142786954113975 0.0287828548093348
-0.0338832972085003 0.153212463745388 -0.0188214325669805 0.117558709613054
0.0265638459947098 0.147098572920542 0.0459655543871897 0.159151522960056
0.0806518708447799 0.121460300549676 0.108761412978316 0.161409279773717
0.079446713031119 0.105498578184599 0.13671547376894 0.146387878237423
0.0830596619339591 0.106654961777666 0.123262505989135 0.130197701344296
0.0455317961936113 0.136530258487448 0.0999893745693647 0.106558103183772
-0.0118163705659014 0.136454563903814 0.0658154263351907 0.0828392641367118
-0.0642072774199276 0.121450902440822 0.0485881948335412 0.0560372258601967
-0.0977262349011769 0.0951117842237412 0.0447675530701357 0.0266008114591122
-0.141418768255548 0.0500838416457817 0.0876219139550972 -0.019818045090413
-0.191582739603552 0.0266165479068077 0.194607483283874 0.0144516438867504
-0.0686178502778263 0.0423322648984268 0.278098174512382 0.141540347411033
-0.0411443987299179 0.0470232823881902 0.214532305322363 0.0229918318372815
-0.0258929374499755 0.042097882611135 0.0733702315074089 -0.0125258909564494
-0.0191766487895107 0.0310443120907936 -0.000819837967490907 0.0298296987782839
-0.0210968658783502 0.0442024977004506 -0.00914624503748203 0.13144267596807
0.000462278598891665 0.0537880167285383 0.0652634151093225 0.185444810115999
0.0240001599668171 0.0513266496225986 0.129548633781989 0.191235972590195
0.023826817065519 0.051733143508652 0.15328697141512 0.178676444578774
0.0232626251234156 0.055121594342507 0.131783779961602 0.167471186149053
0.00337206880450877 0.0643529939227973 0.0879221911874507 0.145735453084326
-0.0272701580201969 0.052877625266084 0.034317788484373 0.110419116858651
-0.0386141006862997 0.0222347641322321 0.0218526345099757 0.0536516011738408
-0.0232762624115858 0.0208328305832715 0.0475638302960341 0.0144805559000945
-0.0387160230261324 0.0329027864229282 0.112581358740284 -0.0300935509218058
-0.0801938706748311 0.0435433282928165 0.237683752486617 0.0140155008165479
-0.058544707575271 -0.0557075768253738 -0.240520738909853 -0.0181002709228208
-0.0710965904977657 -0.033323408830872 -0.157557144487734 0.0361759849039774
-0.0678671511327952 0.0311997817287361 -0.0515360200130631 -8.5001121296663E-05
-0.0193158473532448 0.0643368038329166 0.00254391232841214 -0.0239863513433154
0.0170086197704196 0.043991375907725 0.0157933350900548 -0.110680893095161
0.0271396161168966 0.0298691229147749 -0.0522517525857646 -0.167078743441493
0.0352037387049876 0.017729411042078 -0.107922277954961 -0.184075376404424
0.0352267750482286 0.0134093829445869 -0.133624981358105 -0.189745473118391
0.0394437310759758 0.0206836702819919 -0.123901084967263 -0.191428793622745
0.0282899728956789 0.0410486084060236 -0.0744472966330973 -0.179586637461413
0.0162040384149616 0.0528314356046298 -0.010809664341663 -0.135153141080519
-0.0245302261754701 0.0731000150597386 -0.00753884946535383 -0.0372764353233615
-0.0732890346626685 0.033306720743799 -0.0924108608514464 0.00642510301376918
-0.0620432865499366 -0.0385809073824324 -0.197874426181811 -0.0157318071315996
-0.036198015596526 -0.0585821776346958 -0.274957385755833 -0.144645621936633
-0.154225916834094 -0.0740942568764686 -0.209548526603993 -0.0254341426745187
-0.164686866928377 -0.0456586771531779 -0.150687379998384 0.0177341985121533
-0.159250282719743 0.0608426465489948 -0.0628063140460542 -0.0079067751106894
-0.0874831344322382 0.134961890900153 0.00335023876385039 -0.0178842383307891
-0.0105602203992753 0.133479878329623 0.0228189700558741 -0.0991374648980964
0.0403618744739678 0.116039933041185 -0.0369976577759004 -0.15481117900929
0.0814462163915101 0.0912286922207182 -0.0844798434599994 -0.167129194213337
0.0850643085894199 0.0762971665675649 -0.106857171693771 -0.166065714092263
0.095734997328921 0.0832986972859752 -0.1032561446909 -0.162949543288971
0.0642040983898034 0.124885420635174 -0.0602942057740609 -0.155356318181652
0.0204505907444642 0.141619118999321 0.000195687147389626 -0.117227502020465
-0.0569307275267971 0.168848034853749 0.00225466288043702 -0.0129854283395107
-0.150123760922333 0.111172006176214 -0.0897208585538095 0.0343015701768689
-0.177235761484497 -0.012354339801044 -0.190748073495377 0.0160660407448859
-0.164425636736049 -0.070880427388114 -0.250643440003483 -0.0998064164504631
-0.232757582883221 -0.0875296749538146 -0.147881614688034 -0.0116313336844243
-0.246871175181323 -0.0552158779056896 -0.118638206841122 0.00537302369370329
-0.2424155982917 0.0848800133092904 -0.0664636074981697 -0.0211288872876983
-0.15559462874404 0.195780760078255 -0.00529654827138829 -0.0147601977191046
-0.0436992934474385 0.213545046431614 0.0160942759216987 -0.0722996775684111
0.0442626853046789 0.193829960710305 -0.0246940492191844 -0.115598167020194
0.115272129140596 0.155032856195965 -0.0514419160834542 -0.121805234531283
0.122649416228524 0.127273759968705 -0.0636945740018282 -0.115948638495638
0.140662719251447 0.128665114460184 -0.0645012118519412 -0.112552567109688
0.0994047321832762 0.18568357154256 -0.0313331383280221 -0.112671018933777
0.0353166260888199 0.21052968947268 0.0183041520207425 -0.0871100862645497
-0.0668323817727134 0.249478686444251 0.0220769228838246 0.00815504573847704
-0.19658782912859 0.18690553996077 -0.0650414872628576 0.0535482269075939
-0.262039041030434 0.030097982210301 -0.149735420310269 0.037779943586032
-0.267944380587052 -0.0618089456180281 -0.184047954773199 -0.0537817595843722
-0.282095901690856 -0.0865370753275083 -0.0616306595128935 0.0210390296425853
-0.304422598143445 -0.0496053420910409 -0.0595788440373198 0.00434203699155405
-0.299371212226422 0.109163101392356 -0.0556091487435427 -0.0327336280542645
-0.200668017298828 0.241959027615487 -0.0177416221726641 -0.0112122020546537
-0.066756158395214 0.270921448146996 -0.00175396371473148 -0.0292986560767938
0.0439865555155026 0.246148801675274 -0.0138496170688014 -0.0512803176455884
0.133136695570085 0.196566256139018 -0.0127351902266714 -0.0524054201126594
0.141808714023855 0.158151586527971 -0.0101949510170936 -0.0493692516151855
0.163136996295837 0.15327329186826 -0.0123188861565638 -0.0495278831016302
0.119573776563292 0.216877575610205 0.0102183811433993 -0.0582991601806748
0.0458785302859165 0.24720162166735 0.0429618565771978 -0.0475946049734814
-0.0656007490044617 0.292399008387678 0.0450482488157928 0.0245610014311109
-0.209732669328618 0.232319435975254 -0.0277602616991331 0.0581754237040339
-0.301080883243204 0.0667129769421566 -0.0841303126271877 0.0403730727665987
-0.325795371930177 -0.0403827386474063 -0.0870165324496426 -0.018386645860277
-0.291677209957452 -0.0680541233039058 0.0395372778042924 0.0651786632673439
-0.315108064662617 -0.0265759450848713 0.0187946340646699 0.0135350063908503
-0.305110956196445 0.127933324016967 -0.0310427338796521 -0.036018195597385
-0.204150999588958 0.254675830092015 -0.0270589565384975 -0.000783640138534407
-0.0719544918827545 0.282583774387134 -0.0188903488427128 0.0254177859649264
0.041070287982363 0.257247755883379 4.53061717813488E-05 0.0277660587898795
0.132406187905813 0.204573072367247 0.0293075227805447 0.0275763041879899
0.139599500501993 0.164585466390923 0.0461771290679268 0.0241181409920127
0.157536646661687 0.157584574184406 0.0429898618806951 0.0173350440797671
0.113650215505609 0.217020047366412 0.05403040565779 0.000193746162012342
0.038091003396399 0.243543418066171 0.0657723570501793 -0.00253604002315893
-0.0670948970505784 0.277068642891692 0.0616022096917237 0.038141356702863
-0.194806993784944 0.225471386449561 0.0078733377433176 0.0509861217537412
-0.287258543390524 0.0791467548226417 -0.0139096186228057 0.0250464188099328
-0.326956530788687 -0.0173425955166017 0.0207970317395483 0.00371531882229856
-0.256681796665039 -0.0354210491822518 0.13865028184478 0.108370656245739
-0.267443726820102 0.00650984997032225 0.0989142849869139 0.0268261450130645
-0.247968016186129 0.125607654238492 0.00288377801602186 -0.026782063073984
-0.161310190495513 0.217228493991237 -0.0263975606084134 0.0150752580697448
-0.0596675537212667 0.238769095254927 -0.0267843695726857 0.0789701854752658
0.0340581211621095 0.221303068415918 0.0176437995851402 0.104647129376252
0.112021816423554 0.177967825379116 0.0685714789751766 0.104922005523477
0.115337864646678 0.146505103176171 0.0952798986509074 0.0930269566830524
0.125437863201757 0.1426274928787 0.0887910511361356 0.0802133503531042
0.0826998014759003 0.189176010509686 0.0847156107814833 0.0570235881142262
0.0115729310480302 0.202919447859341 0.0736137642714128 0.0428099225531072
-0.0733909789316202 0.211361833247909 0.0628562950035377 0.0503450415157942
-0.157777650675438 0.16884614087023 0.0321855860873359 0.0389565051964829
-0.228950974828429 0.0653117996774775 0.045477188831303 0.00300482245380109
-0.276378927163595 0.000815940946861571 0.118320609730452 0.0164059570581763
-0.178471079338008 0.00349449847859452 0.218792241263385 0.139611088995223
-0.168478944274983 0.034288738143486 0.164414202547201 0.0352682054872217
-0.144154522529895 0.0960988143773606 0.0392079181542281 -0.0140191637507732
-0.0905744246616365 0.135381316938946 -0.016166292330071 0.028011834487224
-0.0393344975442536 0.150677581939662 -0.0244140625775 0.11619153324275
0.0206739443207155 0.147023549610199 0.0378436566328834 0.160580351292541
0.0737252395578112 0.122352626224716 0.101508885189579 0.163096387942783
0.0742441036132689 0.106966727747057 0.130448617723196 0.149054554014293
0.0763465924639725 0.107789016706827 0.117297222263389 0.134216714334051
0.0397316237078261 0.136465018437327 0.0931592063946634 0.108498354508898
-0.0167874489340763 0.134373846961576 0.0603410350014405 0.0826206820073671
-0.0681828677940083 0.116016912681133 0.0454703931421913 0.0560196078368648
-0.0992728310726586 0.0896350879667623 0.0431640230982522 0.0270041232307072
-0.140123452996839 0.0425646969496056 0.0862680824926364 -0.0155312164111742
-0.187251067603585 0.0180560213758343 0.191728345890485 0.0231620752390659
-0.0702617778676038 0.0376265488203537 0.26762742494589 0.15387018123337
-0.0426040484563146 0.0447962153775742 0.208681347586252 0.0330217334747429
-0.0267109460078846 0.0413482038393654 0.0716746040045587 -0.00989508552228691
-0.0198600548092227 0.0301196594155498 -0.00336736257749829 0.0292514963290983
-0.0222251087270623 0.0429007780486047 -0.0155067452199979 0.130561586966021
-0.00164774068963852 0.0539164365155414 0.0559886346840942 0.187056099565587
0.0210859927705323 0.0511533317930357 0.12060348281342 0.193438132171388
0.0222089267704772 0.0516873253195782 0.145260799767318 0.182335136960814
0.0204936242595245 0.0548903440665583 0.123816181814116 0.171617780452603
0.000646278617397133 0.0632522692386304 0.0800293678067216 0.146965414914035
-0.0291299369451245 0.0512961097018093 0.0282188845513953 0.10890668089641
-0.0385867814650709 0.0199117269736174 0.0186422195511036 0.0523531267680678
-0.0230258207461389 0.0187865373008862 0.0463900335739995 0.014708364564243
-0.0391685622890491 0.0312284888441143 0.111701704516262 -0.0249931564024572
-0.0791050958910633 0.039525691524872 0.233977541920337 0.0251102900344742
-0.0574259134611548 -0.0586082588315512 -0.246184878504677 -0.0300429873559354
-0.0724502664004418 -0.0372632130529227 -0.161378447447752 0.0314975644042527
-0.0707236735824384 0.0304224247326409 -0.0535211685237087 0.000113780106683602
-0.0211902839688481 0.0648055353809434 0.00388514336989224 -0.0228376014460756
0.0160855000719344 0.0458205669524864 0.020086201117908 -0.113450859471229
0.0272110862876948 0.030512277665659 -0.0474195337437776 -0.172962352877489
0.0355632309545748 0.0193620724201463 -0.104908845546514 -0.192732039848393
0.035403991715347 0.0153798820043492 -0.133390847903127 -0.200914171267416
0.0398458386954139 0.0223874012425668 -0.121044226551216 -0.202119103649988
0.0278729294964674 0.0436888134395394 -0.069954127733826 -0.188665880994662
0.014200545843256 0.0553052636388642 -0.00582706353852123 -0.140459091229514
-0.0280193120507131 0.0747295997176717 -0.00507047723638885 -0.0386318953533078
-0.0772259887228191 0.0325945139695369 -0.0936927314522601 0.00376855036684876
-0.0630439036203815 -0.042859421408342 -0.200900911297379 -0.023237878462396
-0.0361181603038126 -0.0623195537379359 -0.276918347243726 -0.159540681041753
-0.155306779812322 -0.0807781155628356 -0.214724086162146 -0.0360338669474776
-0.168128005013191 -0.0534110571827341 -0.154129464975056 0.0126501432321908
-0.165126111555129 0.0578303801058855 -0.0652780459451924 -0.00862794207708497
-0.0929957248004241 0.135714689286555 0.00438375968021755 -0.0166139635928312
-0.0145705751885636 0.137092151445811 0.027440326305336 -0.100957482486646
0.0384345914201577 0.120373331659939 -0.0325734327353236 -0.159286052231211
0.0810878200555124 0.0963602139146779 -0.0811938433654047 -0.175305678823079
0.0848421038220496 0.0820642954218936 -0.106218997967563 -0.175022365701304
0.0949323587738082 0.0890439679946594 -0.100811834709253 -0.172047274531356
0.0627269117055287 0.131608322534584 -0.0566266102098703 -0.16383920369277
0.0162750429701887 0.146666577802671 0.00459247697981684 -0.122037967486177
-0.0646049188679454 0.172470958699341 0.00487174613916248 -0.01335427958296
-0.158295525468133 0.11001036239759 -0.0917854233575806 0.0324334225288514
-0.181962309828849 -0.0203221110068706 -0.195066668597814 0.00997724009428616
-0.166116787630332 -0.0783787627226603 -0.253200238791108 -0.112149562256982
-0.235208348387967 -0.0979443071618626 -0.152701722723867 -0.0189433282787573
-0.252457696229458 -0.06623396283579 -0.121085077802079 0.000581128437843428
-0.250910719252421 0.0790713787443419 -0.0683884221566575 -0.0223881931662382
-0.164909487862908 0.195704907817877 -0.004442963870976 -0.014149867554242
-0.050200378267533 0.219074836849623 0.0189315378153843 -0.0735722314406997
0.040129409548733 0.200337336572129 -0.0212368914909536 -0.118269713825381
0.113367578823068 0.163129693018364 -0.0487258292243916 -0.127913317833314
0.12198270727971 0.135389289766824 -0.0624393625012607 -0.122690000964263
0.139110829013202 0.137009185804365 -0.0621385054545862 -0.118882623913478
0.0964595284257842 0.19500608124967 -0.0286247464649512 -0.119197242045693
0.0295635336955845 0.218041610656563 0.0210694859060301 -0.0910506414901186
-0.0770907474437613 0.254531562310604 0.0239490330421524 0.00834467126196031
-0.207715007284459 0.186508088455423 -0.0672423744785792 0.0518154413282167
-0.270567948083406 0.0200456892132606 -0.154006052420851 0.0346887938863228
-0.271537252199503 -0.0729289929790668 -0.186248062465675 -0.0622459229349098
-0.286266908312163 -0.0992077013600544 -0.0653205140409362 0.018126536251326
-0.311761503782325 -0.0621518686717606 -0.0613111638650782 0.0015136748969123
-0.309716553200318 0.103184918732356 -0.0574370495322469 -0.0346390890373345
-0.21280306811395 0.242287278714077 -0.0177524933796209 -0.0109347523336393
-0.0760076106669558 0.277004226932568 -0.000223874368630279 -0.0304550077552361
0.0385052464861568 0.254472792512848 -0.0124605436133584 -0.0519738259271123
0.129905856089797 0.205763957358112 -0.0107092527727773 -0.0566031091820357
0.140441581497522 0.167447743525815 -0.00849734331305963 -0.0527004093814049
0.160462097719004 0.163475367995438 -0.00990083643821463 -0.0520444738007809
0.116320980465983 0.227570509665919 0.0121795616334946 -0.0619831943266743
0.0393418575165715 0.255791280265549 0.0442100086042015 -0.0496672664903075
-0.0782861914315459 0.297684887360538 0.0472671694634629 0.0259913212804657
-0.222239648331953 0.232570746087776 -0.0296445836651727 0.057491171276768
-0.310342291004041 0.0569502991092655 -0.0872530551776427 0.0390820307558867
-0.330406649713755 -0.0532319677889124 -0.0877454454961183 -0.0221475327154304
-0.297211143282668 -0.0814729057081255 0.0367298361565252 0.0679108640818045
-0.324060179077342 -0.0393896692958696 0.0181404439575599 0.0143337127742575
-0.316453715509847 0.121927577993941 -0.0318653678696185 -0.0374818393955318
-0.216611422704145 0.25514739382319 -0.0268386342876655 -0.00133324863635665
-0.0817747672109799 0.28862696155954 -0.0199318586820661 0.0257565577317177
0.034610756583917 0.26642794901184 -0.0016367314406375 0.0303715410928241
0.12839072539021 0.21449692111123 0.0298657108124335 0.0277756795345424
0.13829755473768 0.17412212378558 0.0467038411313481 0.0246519525243632
0.155138456142988 0.166700542669581 0.0447357064374041 0.018348452693735
0.110544417638371 0.227072996905325 0.0550181729655745 -9.81587327301967E-06
0.0319001266691321 0.251326312509138 0.0659258163783118 -0.00290550662299381
-0.0789079491089739 0.282633470453604 0.0635689951094084 0.0408691148707147
-0.206815959623294 0.2254392601988 0.00706898999343811 0.0514281106030324
-0.297268195001549 0.0708394825626537 -0.0146099273986411 0.0259116562434133
-0.332236844037386 -0.0294679769483216 0.0219679646753173 0.00469046058215255
-0.263031651327899 -0.0470677153297755 0.13754326595928 0.116639559054546
-0.276106390229435 -0.00428430718413529 0.0992609241604442 0.0311764342015388
-0.258514223977619 0.121678116469932 0.00237826324007782 -0.0274301524771847
-0.171317920845418 0.218504415425634 -0.0275883911623604 0.0149231376460882
-0.0682693678270617 0.244367074633994 -0.0306480713257631 0.0806057026330361
0.0282835742007859 0.229070938094483 0.0141152972235311 0.109786555310369
0.108028969441289 0.18623050879522 0.0680265095599186 0.10845347354249
0.114308893429547 0.154545562642513 0.096101903067628 0.098239962723417
0.123216374790188 0.150286257585043 0.089888922492639 0.0855508137139699
0.0795655777566893 0.197043142257547 0.0844734313573422 0.0598254013488604
0.0060882349211572 0.208453613583506 0.0724807772021758 0.0448690303595949
-0.0824774100980062 0.214004751849963 0.0632040153343438 0.0525754676372501
-0.166700881133513 0.167637802383971 0.0321184572018784 0.0396500820117372
-0.236731076836525 0.0585672993979454 0.0465032072798196 0.00467065769259734
-0.281045669652292 -0.00956773711226891 0.121301662017396 0.0212434218081482
-0.1843401595604 -0.00353387932464697 0.219493830204522 0.152770735417123
-0.174954554661473 0.0292176578411403 0.166310057682134 0.0428655277023048
-0.150263748021104 0.0950180637065573 0.0391074578986338 -0.0137442185723975
-0.0965257300159229 0.136418453641278 -0.0182974928958008 0.0279935467883313
-0.0441908606145202 0.154292673828543 -0.0298087059959702 0.119608156382468
0.0171938917680203 0.151993116853697 0.0328231133391795 0.168121076911563
0.070772496233393 0.128359817801262 0.0993875400438979 0.170254518169549
0.0729128215008458 0.112374102660872 0.130624683874862 0.157300080511348
0.0739950086682262 0.11308747998547 0.117218886551678 0.141693768207474
0.036397796420093 0.141421762784702 0.0914733913285381 0.113277589926997
-0.0209967541426362 0.137541017246086 0.0571364686044434 0.0852556093808186
-0.0747440018536612 0.116656611724273 0.0448542638703337 0.058826750671641
-0.103924650690844 0.0879655836008271 0.0433940977007923 0.0272771066613267
-0.144608852333546 0.0384606973761173 0.0888362166691209 -0.0126891605762653
-0.190474577276102 0.0114941696181279 0.196487653327701 0.0313149183911425
-0.0745188087192593 0.0357933355981344 0.26988969809907 0.170519585769517
-0.0454649089477902 0.0442764361714375 0.211389288593333 0.0417774346415993
-0.0281625991419391 0.0423933921274898 0.0721876530873334 -0.00820160225263166
-0.0208718821097599 0.0304148398218124 -0.00566243656309805 0.0301974799863035
-0.0245170965135505 0.0437145656118389 -0.0212873892656282 0.135247616957957
-0.00282979547521452 0.0556172268367395 0.0502406286750902 0.195368280981411
0.018870974670757 0.0530233038475247 0.118114161040113 0.20310188832632
0.0210992805638439 0.0533835191341878 0.145041762547678 0.192270605476404
0.0192339436792595 0.0565625423960787 0.122605258673101 0.180591615375327
-0.00137238078974073 0.0650145587401843 0.0767460661263576 0.153489978712535
-0.030802248055657 0.0519910190297903 0.0236423084744453 0.111712125379418
-0.0404422688060388 0.018705197985268 0.0169531443596534 0.0534892833335612
-0.0236429516139289 0.0181080447359135 0.0472072307502504 0.014589136859353
-0.040896847199219 0.0311596735891406 0.114922558369844 -0.0214671274638549
-0.0812406265006945 0.0374346926600379 0.239948612240031 0.0355357700150268
-0.0599634326740419 -0.0606990113869419 -0.260212678939871 -0.0341914853087825
-0.0768206720490415 -0.0398259061850496 -0.168603208237621 0.0321200552251313
-0.0740433800889145 0.0321896340572361 -0.0565023018527629 0.00238878646059043
-0.0213039785654017 0.0682813947647833 0.00450485345737147 -0.0221040486131263
0.0177168159258722 0.0481305608829169 0.0212264197425432 -0.119414870496171
0.0290767069833653 0.0316615946756985 -0.0499572299942716 -0.181197213834635
0.0378560312484114 0.0201510379800208 -0.11158786517548 -0.20266479035458
0.0375197497339722 0.0163999383877341 -0.143046109114018 -0.211396531235585
0.0415176089213516 0.023928774168263 -0.128886903729363 -0.21347595976056
0.0298957557391855 0.046789740793542 -0.0735627144420916 -0.200211237593854
0.0151243260619553 0.0583127439780855 -0.00482621699517591 -0.148930295115853
-0.0300078246125483 0.0793292594205233 -0.00358104789514622 -0.0413694202110694
-0.0817419988449712 0.0353907290817336 -0.096572862398389 0.00391632489519296
-0.0674349252729249 -0.0461394766838125 -0.208811349127471 -0.0236388122185152
-0.038849914260272 -0.0655656245249521 -0.292278790187183 -0.168478370273159
-0.162900543273846 -0.0849085736150923 -0.227244458023224 -0.0403544854591876
-0.177955044317029 -0.0561569124481385 -0.160136964259472 0.0123917068559045
-0.172579845076949 0.0620244325117588 -0.0686087433745769 -0.0068571108705429
-0.0964207537456089 0.143092722716276 0.00562349839325842 -0.0163023711273207
-0.0139027088996806 0.145257148764648 0.0290579923208246 -0.106950838836974
0.0418277093723384 0.125824024639648 -0.0342576592978318 -0.16673039420768
0.0860088316938803 0.101088780438266 -0.0859038745275724 -0.185312333136111
0.0899471860447784 0.0864162063726998 -0.114183233590014 -0.185305449549185
0.0990745971327354 0.0937590570640408 -0.10704978383396 -0.182315002885186
0.0664850307468431 0.139274535155998 -0.0599297085700484 -0.174839641199743
0.0176948322622806 0.154689188835468 0.00504304675635826 -0.129958567943651
-0.0684196389106199 0.181836447483429 0.00723899758031399 -0.0143724761221487
-0.166467348753409 0.117397754010287 -0.094439845194796 0.033897190982395
-0.192559523679166 -0.0223519182175191 -0.203450845836087 0.0117851575149254
-0.175151050657071 -0.0833755369025483 -0.266450684992903 -0.118729401146566
-0.247481000037625 -0.102604887405289 -0.162447583593163 -0.0218289575886311
-0.267113432295671 -0.0699166341721891 -0.126451249740832 0.000339624803668749
-0.262462110957117 0.0848668349618903 -0.0733249804455697 -0.0216114655954178
-0.170655203638192 0.207206378053395 -0.00423756107415998 -0.0134044792421706
-0.0507739642699034 0.23244641923418 0.0203844420475772 -0.0788403814805272
0.0444158717348224 0.210715019432087 -0.022366437901835 -0.123448139711552
0.119958360142246 0.171171735832274 -0.0513721966070485 -0.135948993228446
0.129443577643397 0.142445437600814 -0.0675222852826191 -0.130232523777349
0.146287465398304 0.144374214601926 -0.0654806311397708 -0.125967441430914
0.102906245779151 0.205990345781647 -0.03083477122897 -0.127595733669528
0.0324173970915067 0.230185948534925 0.0215417807929719 -0.0977687206469226
-0.0818036214280187 0.26870303273421 0.027494711166911 0.00853305641331185
-0.21726000954758 0.19813388615441 -0.0690082483173905 0.0547253992968028
-0.28535812001298 0.0208687624320385 -0.160388732064199 0.0379232520143088
-0.284789317882351 -0.0765910572597859 -0.195416088013285 -0.065793166196755
-0.300984221993225 -0.104718129889048 -0.0699595799039954 0.018513045717123
-0.329852136118669 -0.065335884146062 -0.0643175698860489 0.00158752604771407
-0.323499968720871 0.110685349586999 -0.0619951386963846 -0.0352169704058763
-0.220585475493313 0.256113035673289 -0.0177872212333093 -0.0103636467715871
-0.0768978547581924 0.293381993704187 0.000713034997189113 -0.0320868239951829
0.0424764128932011 0.267830977053735 -0.0129446134192824 -0.0530108043197976
0.137203616085606 0.215675372245348 -0.0108772598688959 -0.0610636181350811
0.149254115335555 0.175937381052042 -0.00997804580561837 -0.0565423511154715
0.168291760636556 0.171276172363519 -0.0098082508755962 -0.0556792493972282
0.123950391811462 0.239969246938102 0.0119756198435181 -0.0676366223739787
0.0433418707065529 0.270034538758893 0.0453740395525565 -0.0548667033609715
-0.0822875785492914 0.314664562806779 0.0521270358356424 0.0270154657224877
-0.232071171892166 0.246824265747517 -0.0297360074400934 0.0601228653692842
-0.326870722667627 0.0600422232041115 -0.0909547633009678 0.0422503879248824
-0.346469615678438 -0.0557926295385204 -0.0916307692864272 -0.0233744107520854
-0.312861283993414 -0.086568248805593 0.0378741408004312 0.0715909015080211
-0.342493689938982 -0.0414516097115508 0.0185057169394365 0.0149780358212213
-0.33084328632228 0.129859594557082 -0.0356357842824889 -0.0383119862446721
-0.225276030787386 0.269376974336797 -0.0286279337456401 -0.000824477540548746
-0.0827246187122044 0.306474886557178 -0.0204347829428499 0.0270676088969556
0.0388767867617603 0.280666553339249 -0.00158449411684307 0.0335856349451206
0.134944503865985 0.225285487370658 0.0320249053363564 0.0268127305507105
0.146884716557881 0.18234263356469 0.0500785723426787 0.0245524908984922
0.162429377206481 0.174944642304744 0.0484350034424217 0.018580149888507
0.11731500619869 0.238829334025693 0.0567580593385743 -0.00226194644863529
0.0352415559738241 0.265091663242955 0.06743708621655 -0.0052405001884546
-0.0822831661714318 0.298091861006428 0.0679960192461901 0.0422884428711755
-0.215066586763458 0.238888367214801 0.00819647331735673 0.0525280767142535
-0.311358358540377 0.0741668912490396 -0.0150369330912802 0.0274679701299958
-0.347532101497019 -0.0310503789727234 0.0241751085628119 0.00503532046114215
-0.277633477939258 -0.0497289497610607 0.144625707332855 0.123575589591876
-0.291908472180324 -0.00467367126919661 0.103320556159085 0.033062716899967
-0.269999625738601 0.12920639875456 0.000386858067475228 -0.0290040328852173
-0.179036112698416 0.231060086894975 -0.0298395952619448 0.0154767315505097
-0.0690498313923221 0.258802179638462 -0.0320190454225434 0.0852168976450528
0.0319982732804088 0.241695093104136 0.0149797458581378 0.116895624174457
0.113847524276521 0.195775302846845 0.0725758151705473 0.112144668217424
0.121367134943907 0.162072473522608 0.102436217986618 0.101091357261176
0.128771894752463 0.157461372423233 0.0969220694211741 0.0892960198130948
0.0843759185329849 0.2074025753775 0.0884200569736801 0.0612941628239322
0.00741670349440805 0.220179041247412 0.0743712671171339 0.0451594907357648
-0.0874241507628921 0.226419788620224 0.067576841733817 0.054813574276896
-0.173721986050851 0.177011505524018 0.0342384942605629 0.0404038980160227
-0.247881241704462 0.0606829938699155 0.0483517257447658 0.00550794505114548
-0.293339429728261 -0.0104278550294655 0.128838598861514 0.0227364337294667
-0.195632216192931 -0.00386851419063624 0.231666588378375 0.162818932129876
-0.185080632833801 0.0307471161597685 0.174347347154751 0.0454135691269871
-0.157115716989218 0.101026401989604 0.0391523504822596 -0.0144914659950134
-0.100429064414816 0.143961131935945 -0.0198188657838097 0.0296026149674001
-0.0448855902431571 0.163623824826083 -0.0314462616659649 0.126739840788063
0.0193564265588152 0.160950435829531 0.0343077470562562 0.178895365107835
0.0734927469951153 0.134959343375953 0.105967522114337 0.178202356554422
0.0776521715666535 0.11766859204938 0.140199072955735 0.1635362272672
0.0772598665319414 0.118404856117562 0.125724512719883 0.14881125763238
0.0388519100069393 0.148630275554934 0.0959121473103167 0.118482451801098
-0.0211009024614566 0.144909921986569 0.0582078220990152 0.0882352574237025
-0.0785453531998488 0.122764345088129 0.0475104201033213 0.0604185655711373
-0.108417029440473 0.0924504768384014 0.0460666558762236 0.0275230976499312
-0.151327819046124 0.0402336031323349 0.0931052811546128 -0.0134747961611484
-0.19871019177085 0.0116829162116557 0.208048249632951 0.0338894922252893
-0.0793248719737029 0.0379167389880703 0.285482163700184 0.18090113621155
-0.0475022980853881 0.0465812692107749 0.222014194683495 0.045176574382424
-0.0282611832770182 0.0450427389708488 0.0734826860014055 -0.00928842750965855
-0.0213542274927992 0.0320428786902425 -0.00746938300227959 0.0319993749276748
-0.0252036571401018 0.0463691662119394 -0.0227322531778963 0.144339942579023
-0.00222669374014023 0.0592486922571563 0.0529582646559301 0.207919101609694
0.0194339947905985 0.0559553711129008 0.125916758845676 0.213701133302239
0.0223639032478236 0.05551110219577 0.156356489781355 0.201602387096853
0.0193774114830113 0.0589228242937305 0.131240986510759 0.191052835122172
-0.00103575054208822 0.0680795663600217 0.0807191710746702 0.160825878616318
-0.0317634482285356 0.0546386698455181 0.0240519779453776 0.117314445890829
-0.0428647577228711 0.0196069156277915 0.0175528748865819 0.0554428362259638
-0.0244032949960724 0.018193668895379 0.0496139234791771 0.0138234974491235
-0.0416228359434578 0.0327918278556718 0.120071581417538 -0.0227478452130342
-0.0840142975968262 0.0391255109180749 0.253674472526753 0.0377699510851735
-0.0524059882117216 -0.0689847991801971 -0.260321141157778 -0.088070948251919
-0.0710916391758029 -0.0520642773663936 -0.179350818336602 0.000944641020573356
-0.0809611396728889 0.019222126670079 -0.0627616197906904 -0.00351562198572434
-0.0334220109360286 0.0645769478301464 0.00597026934047983 -0.0166969590629911
0.00687633841352201 0.0511986344269464 0.0434165920457988 -0.117483905095977
0.0222215534053956 0.0365830049791908 -0.0192272600723931 -0.195204168548607
0.0347119533836991 0.0261939798926804 -0.0805792897255974 -0.229239633130583
0.033470440546008 0.0240406410957682 -0.11267823866736 -0.24452850522439
0.0375527470690336 0.033333899267404 -0.0998264775010077 -0.246230673423455
0.0208860218009651 0.0539894839877764 -0.0433754709949328 -0.222248571926333
0.00272187084402736 0.0621552514822164 0.0206290344318625 -0.157826412487956
-0.0461341052098218 0.0765587668428961 0.00595763671144345 -0.0487518461122542
-0.0940225160611827 0.0181158298172168 -0.0962454426112673 -0.011969210251258
-0.0641363733758418 -0.0649956813419748 -0.204344520916394 -0.0592253203275676
-0.0315558925913058 -0.0798068886860138 -0.267770297924683 -0.227893313287658
-0.150887220459523 -0.114503626580546 -0.229676228007027 -0.0902602686539506
-0.169645853700281 -0.0875946114518339 -0.170859332731507 -0.017614403890615
-0.185075851363046 0.0306973561522182 -0.0798189718210999 -0.0138082932339815
-0.120958821949674 0.126745937045636 -0.000841195699491831 -0.00758562456328773
-0.0423479074257055 0.143825268630907 0.0485921419729257 -0.0977960553739519
0.0171972292723494 0.135775951844166 -0.00633641359021051 -0.174619711714499
0.0680716870424938 0.117184035459297 -0.0575160128203442 -0.204531856926112
0.072228353567248 0.106923909952379 -0.0873742709102811 -0.212722154583336
0.0827788986449075 0.116208490354127 -0.0828538024167004 -0.209945894240148
0.041465356550473 0.156576664705062 -0.0363149789321938 -0.195374391816179
-0.015484611921743 0.16353861374451 0.0274465972336457 -0.140728863059987
-0.105817751989103 0.176474562542734 0.0124075177357134 -0.02571606661265
-0.199260927850015 0.0848220434487458 -0.0966241744931377 0.0171319671713474
-0.198348076270111 -0.0657067729103803 -0.199494302206378 -0.0219363472448935
-0.17090417317766 -0.127663518011615 -0.244312301487087 -0.166554233530942
-0.231416807870639 -0.150278965739668 -0.170556169039272 -0.0600020412345163
-0.256742238703649 -0.118556315393067 -0.137301978500944 -0.0253556026292702
-0.279528978186395 0.0359033417516604 -0.0876647149801375 -0.0280576113448168
-0.206838572163788 0.178096448846577 -0.0171383108422284 -0.0046611186495401
-0.0953580024773713 0.225277975480726 0.0340033126832951 -0.0644384056126629
0.00448876086175863 0.223660791034523 -0.00189503227357461 -0.12547785944473
0.0902684140424105 0.195177166692181 -0.0310553729010987 -0.14569926153508
0.100867067034087 0.17374139421003 -0.0479216608678375 -0.147788360633898
0.120387887988162 0.176418299017684 -0.0506153251314921 -0.144898183774768
0.0662698896710388 0.232990233112772 -0.0157820891396074 -0.142062193051974
-0.0169321344147942 0.24568406757767 0.0379592639922229 -0.107977064174822
-0.1356010557351 0.264130051842752 0.028651020530849 -0.00441618518730775
-0.26936413078773 0.158265789659753 -0.0720280933416259 0.0402624704079597
-0.301916397710468 -0.0396625452259357 -0.155693597605011 0.0108379503873263
-0.287427060429036 -0.144367753821416 -0.17566550794183 -0.0958452773478305
-0.284665891332809 -0.164209117826901 -0.0860313533529039 -0.00184310911157604
-0.320184623276085 -0.126915116927148 -0.0757882434589553 -0.0131892240394186
-0.346833834696045 0.049062131746663 -0.078695482038144 -0.0392191606744627
-0.264655321561037 0.218603142545892 -0.0363081752218738 -0.00271972126759578
-0.13208879605306 0.28303303022806 0.00426972247942521 -0.0166673655114828
-0.00700854645039467 0.282503139935982 -0.00424761776779381 -0.0489293714881039
0.0994894468588776 0.244642227993555 -0.0024402193842542 -0.0588243355606882
0.115884335498876 0.212002792722782 -0.000241126370759083 -0.0610841484669307
0.1377383514405 0.208767871426548 -0.00487015161268742 -0.0619023418921351
0.0814555663726732 0.272005839377438 0.0171727367303066 -0.0727461000410376
-0.0138840763931309 0.289317809644541 0.053975272990315 -0.0611367817153389
-0.144681536494276 0.311352316893022 0.049227772752992 0.0161953148274205
-0.293811717212435 0.203652277837834 -0.0326584620095901 0.0510903537078307
-0.351715290297775 -0.0072396582575224 -0.0841185363770682 0.0265537670672636
-0.355595784023973 -0.134352138666317 -0.0727408314242717 -0.0311470657892705
-0.298825426852358 -0.149215126917185 0.0131019676072861 0.0732876713230665
-0.337182194893913 -0.105938907864878 0.00543214101354599 0.016650585728548
-0.357212775723528 0.0671786263804024 -0.0520113378503722 -0.037424075452079
-0.271709470996917 0.230858123492466 -0.050652329781398 0.00567102499760307
-0.140261038615373 0.29545204494113 -0.0281276899905465 0.0416067002600829
-0.0133009008063033 0.295711874374176 -0.00708741053375974 0.043401730364867
0.0959407265014584 0.253836099271797 0.0268327808535739 0.0412909372092599
0.111114764384357 0.218142566723212 0.0477515276153607 0.0332732320593437
0.130715658933349 0.212210609859791 0.0440224614930634 0.0258779609487091
0.0749020015172788 0.27039403026123 0.0528708329435683 0.00259775614212401
-0.0207577702718085 0.282877308211348 0.0677426110053338 -0.0056153376832118
-0.142735730712066 0.294989969247278 0.0637673203527733 0.0360428709714223
-0.274680989860175 0.199715477540011 0.00721498922960798 0.0496216013535287
-0.337036111189138 0.0109226443866671 -0.00545203481461434 0.0234046948030602
-0.360472369838038 -0.108507948569996 0.0416133585655353 0.0197637842268479
-0.267164217687311 -0.106001892436825 0.114046447730426 0.148147756551949
-0.292421876949018 -0.0609572084139114 0.0909597918119476 0.0517166680409027
-0.295330350466912 0.0781473912206032 -0.0132919286672954 -0.0212243541042386
-0.21877742034909 0.200132498756296 -0.0511923011886557 0.0207691015961736
-0.116349507230011 0.250485580476098 -0.0496765862492497 0.0974877272572103
-0.0110853949450602 0.255758123887812 -0.00506865233769075 0.132171328429281
0.0797010723879071 0.220521842082059 0.0543913907057469 0.136160873600333
0.0903462158028065 0.192897590059929 0.089386866099543 0.122926961997962
0.0994431428847886 0.187380714889459 0.0834593611929736 0.108035417303564
0.047202755715031 0.231114119668382 0.0755243458186229 0.0748817180509015
-0.0399800071939424 0.231038047948419 0.0671201429450293 0.0493736184541328
-0.133510189510383 0.21917709975774 0.0619107856799067 0.0526695963657593
-0.217046595033465 0.144741529007602 0.0339919964281099 0.0427323869260369
-0.267030036903988 0.0112710858640774 0.0596958560509731 0.0124744630461555
-0.305918763010873 -0.0737036291921253 0.144472753693235 0.0569989850810485
-0.191942361727674 -0.0445583288863616 0.198122636355869 0.207360726660935
-0.190497004031705 -0.00635848365650371 0.164476296024095 0.0785131772503497
-0.176390952272068 0.070868324978019 0.0303893200807994 -0.00216608913824138
-0.124872622908656 0.126828216293509 -0.0371535349570715 0.0330478341532782
-0.0740415352722619 0.158342171712959 -0.0559341833817085 0.136193945915909
-0.00859497196118468 0.170427073877952 0.00394424077384544 0.198031826646727
0.0501136830827846 0.15183279860532 0.0784071654832032 0.208739292873335
0.0557967767458158 0.13746191506128 0.117429312582342 0.194275299414136
0.0547797850716709 0.13654829935738 0.103940250731628 0.175811788588631
0.0117015112064385 0.161708075330931 0.0757666171080117 0.135803913666501
-0.0531096838840712 0.146646067971313 0.0442312338000576 0.0947558285346098
-0.104921596488901 0.113652336982148 0.0413198315320193 0.0610561872977518
-0.130920272043312 0.0716520735947318 0.046276742322823 0.0328089576626472
-0.161475087268679 0.010600642370074 0.103007371845662 0.00185472183711713
-0.208943417424864 -0.0312392608937162 0.218694273123971 0.0804194100760702
-0.0814314184113187 0.0204727935251878 0.254359343861618 0.238587444315043
-0.0544923781466633 0.035187110226251 0.217354674514421 0.0871448016043562
-0.0360126691708722 0.0393046155427594 0.073096777927099 0.00593727852310098
-0.0260318919531772 0.02812495670647 -0.0169156610516254 0.0333269716966325
-0.0316581589382889 0.0435493434584621 -0.0495222940902233 0.150132002553689
-0.011388796881469 0.0615352853574292 0.0182751864651723 0.227845238472639
0.00991238762738087 0.0616082395221561 0.0932571403522965 0.247289072716039
0.0130904219366324 0.0619554156858796 0.127459149105037 0.236699285170895
0.00792901112327801 0.0645408335997604 0.104598351690212 0.219819282137609
-0.0137353752677705 0.0708524439771391 0.0559456557226334 0.179258329665544
-0.0446341480975284 0.0512051795040094 0.00469657690151334 0.122284065849185
-0.0485362004062586 0.0125045810784158 0.0106371333006906 0.0570871447153098
-0.0280710125181317 0.0129436503117406 0.0502522478638447 0.0210344119350485
-0.0469466695617277 0.0256152324630218 0.126864979248499 -0.00340596306956436
-0.0936569305077328 0.0229363391320001 0.25963641199041 0.0898045407363726
-0.0564523202315951 -0.0647441289544035 -0.268256316361234 -0.0733681678626875
-0.0752552407733661 -0.0473865134087115 -0.178688388844743 0.0117623131456782
-0.0795330519244827 0.0249636933038171 -0.0631723514579927 0.00253124347728037
-0.0286351528220008 0.0672026158996986 0.00548043605421988 -0.0153164569078187
0.0107808716528334 0.0507345696924304 0.0351383516567873 -0.120856863125788
0.0252254546846119 0.0342085020360806 -0.0327491533755166 -0.194481795240748
0.0370933196825747 0.023311145563477 -0.0969766321021868 -0.224589752276472
0.0348808233570908 0.0216348474861445 -0.131692169630394 -0.237802542855234
0.0402390387507674 0.0310594863546843 -0.117810634159547 -0.241290378557057
0.0252684289420586 0.0535052850537539 -0.0590874341550185 -0.221829556053159
0.00669616867600737 0.0625853355683313 0.0112790659336071 -0.161035609584906
-0.041384433122605 0.0806297168315282 0.00408549014770963 -0.0498055611208128
-0.0935607848814468 0.0257852335248778 -0.0955075483849037 -0.00547251440129621
-0.0704307482630994 -0.0617418353027939 -0.205901322751348 -0.0453937801031131
-0.0379692378238119 -0.077855074239957 -0.283908980664217 -0.211364459888639
-0.158470377643814 -0.104384094005034 -0.238102718329028 -0.0771868194751677
-0.177046427865973 -0.0763133966284546 -0.171649050989703 -0.00849233575158675
-0.182485967535115 0.0437229979857474 -0.0811619686829486 -0.00597505102667424
-0.111488704142781 0.13524368067656 -0.000137502742195236 -0.00598566135779375
-0.0310365212883986 0.147526112682717 0.0415412196831097 -0.101748221300756
0.0277225681332909 0.133659567140244 -0.0177180546747317 -0.174151820168054
0.0767281216739538 0.112331327430466 -0.0724076606408931 -0.202045403975763
0.0797255004151635 0.102389063946035 -0.104173588369793 -0.207472054849468
0.0911236551362899 0.111365332851243 -0.0986850222829093 -0.206902042613826
0.0538409525827979 0.15512457477698 -0.0500828281858318 -0.195885893148647
-0.00434815427460317 0.166343804699336 0.0180767750909827 -0.145579605345626
-0.094292078954761 0.18515606531407 0.0133814190407511 -0.0276693157643335
-0.1937450328978 0.100312950174051 -0.0942706374159994 0.0243166604016059
-0.204709637576609 -0.0539532955115959 -0.19921152976631 -0.00763488513998612
-0.180538130816675 -0.116205104734027 -0.256041141497592 -0.151718190349528
-0.241817345289345 -0.134931287694427 -0.176302170365641 -0.050918604548421
-0.266278576750892 -0.101182839493804 -0.139623261364068 -0.0175050002363626
-0.275847971984688 0.0560944360803091 -0.0908955733538806 -0.0202768674238321
-0.193164823090571 0.192606150905666 -0.0163651315872032 -0.00215036657043635
-0.0776623086436705 0.233558338955946 0.0296237740226909 -0.0680696833587728
0.0213077595950859 0.2236679295843 -0.00985998959716298 -0.124993953561584
0.103551767582033 0.18980602179423 -0.0415586536206948 -0.145562990045776
0.113975136687705 0.167116753482121 -0.0595572992882934 -0.145727782188315
0.132093012345655 0.16932725991061 -0.0611854874241466 -0.142819324614572
0.0839860717971617 0.229914977687993 -0.0265660465623542 -0.144027293924902
0.000229996385366572 0.248387938822251 0.0296972812601735 -0.113506785810874
-0.119053890440908 0.275937653942954 0.031299212673397 -0.00697507927530094
-0.25852577959275 0.177833816971605 -0.0680781348576718 0.0450134518606158
-0.306375605492163 -0.0207596457155166 -0.153958055483908 0.0228903831310106
-0.297531700825097 -0.125295641423182 -0.181418120621931 -0.0845395515306378
-0.295549586640949 -0.145380758541386 -0.0880074773373509 0.00321657706510403
-0.330187125754312 -0.105769101246891 -0.0772504608868259 -0.00919737545722386
-0.341714837723318 0.0740185118548555 -0.0828980762410305 -0.0323509311366863
-0.248806500609799 0.23677669282819 -0.0363439196355477 0.000924543690015899
-0.110936858377946 0.294369572797363 0.00363661848020783 -0.0181841505467809
0.0137148218890325 0.284081816594302 -0.00738692183678366 -0.0477339773940805
0.116562749708891 0.238278559143924 -0.0065172915605499 -0.0609414906612734
0.131067786841757 0.204688361231817 -0.00562478641375806 -0.0624180911268218
0.151504678466928 0.200357733860265 -0.00874987332405077 -0.0634906700299031
0.101558024260886 0.268515656978308 0.0110111117802856 -0.0762334682748368
0.00613301365058487 0.292385323102153 0.0479372385384861 -0.0673975618354962
-0.124420681739918 0.323645808460446 0.0530203038639203 0.0120248358424216
-0.280085195669533 0.225791909623306 -0.0278419954169781 0.0526581055357921
-0.35400058471805 0.0150619239277927 -0.0813282351305054 0.0335756979294614
-0.363587470721217 -0.110932075361429 -0.0736378387840371 -0.0263359184837741
-0.308381672135815 -0.130003097815697 0.0176678190729674 0.0723189560895516
-0.346681177129059 -0.084161719851025 0.00609094992465349 0.0160240168290036
-0.351928909683249 0.0922435279705537 -0.056745621383295 -0.0321865177396126
-0.254945742212515 0.250343120073783 -0.0501933434355774 0.00913200780600084
-0.117756811307898 0.306864539041256 -0.025157788077759 0.043151160307153
0.00951416166888535 0.298403183539033 -0.00407681839351063 0.0449765705706138
0.113076546349868 0.248833063905815 0.0297962696921034 0.0369874447049945
0.127394320270207 0.211238477660345 0.0498644385559502 0.0291878128773799
0.144871614208382 0.204001973919556 0.046630717022721 0.0216239517640502
0.0946850892932232 0.267005595968523 0.0516788912572325 -0.00281016760404134
-0.000720820201802324 0.286165591625214 0.065649838039403 -0.0124970151276971
-0.123641853368113 0.307652535162143 0.0685150500245946 0.0308054030593266
-0.259621572673503 0.219374491321363 0.0112216882242079 0.0485018064413386
-0.337041025314264 0.0322275750305984 -0.00344859155685696 0.0254088038648649
-0.36666118889153 -0.0842277297099047 0.0445268226483005 0.0178182566700706
-0.275185679211475 -0.0888618231777417 0.123939336414062 0.142004637583378
-0.298400995007336 -0.0407150696723223 0.0939198298729972 0.0459025602352348
-0.29008749900799 0.0990896194035883 -0.0173660189417826 -0.0196899885416775
-0.204764852121176 0.215710755248253 -0.050438431385677 0.0242302825528886
-0.0977490568649626 0.260430831166259 -0.0436655015564827 0.101550470256558
0.00766969701083519 0.257983941495592 0.00415319739141316 0.134651515563789
0.0943482218012288 0.216709940858722 0.0643761983338484 0.13159696813451
0.103950073335651 0.186470323951901 0.097904805020341 0.115909238390723
0.11239072856885 0.18121470415472 0.0922121039877638 0.101011822849673
0.0631228708429085 0.228923826717817 0.0800466409345645 0.0688192459712912
-0.0235433365603055 0.234794052073089 0.0683695237433838 0.0435389163466125
-0.119211203712982 0.229994691712147 0.0668636415957286 0.0478042351281271
-0.206445914796523 0.159937788732884 0.0374028256284655 0.038999799181011
-0.266242335071597 0.0278817213722293 0.060479208742836 0.00982544117092279
-0.309062010241274 -0.0545003623214665 0.14984184884057 0.04772693985132
-0.195562095909865 -0.0317641634290022 0.213703110023392 0.195546551064877
-0.192020353415821 0.00588919623037796 0.169274760721951 0.0687788924852807
-0.171152833678031 0.0835835894130757 0.0282347771709881 -0.00360501205416968
-0.115898874278631 0.135415803686276 -0.0362271955329733 0.0354296308206144
-0.0623150598369874 0.164786686001018 -0.0469625901129913 0.141077709831882
0.0042237598657855 0.17228669356435 0.018053078394118 0.200258624869011
0.0605673297774101 0.149745162369442 0.0932704189536671 0.203686153969105
0.0655460093738972 0.134076744119477 0.132438363951876 0.185475293386891
0.064502576576428 0.133689721961317 0.117944121033874 0.167918754681148
0.023388858176954 0.16103079854084 0.0846491335171859 0.131147507988409
-0.0427381171465695 0.151340025592466 0.0492069153211174 0.0909971980594325
-0.0980265283152578 0.121309827027833 0.0456569012251415 0.0577540873479387
-0.125325966613812 0.0797509838128945 0.0481459431060036 0.0282170816587366
-0.160294581603288 0.0206167246553504 0.102529348212502 -0.00416298958578976
-0.210216169976171 -0.0172068450325717 0.226474005015677 0.0669172694695692
-0.0810731154931558 0.0262859637072797 0.272744314103742 0.223228215032564
-0.0522698709457223 0.0388462837225097 0.22327290476358 0.0741404745413161
-0.0319902440477105 0.0420093866612884 0.0711489099190541 0.00150109185951292
-0.0236995323425832 0.0294941723277673 -0.016311022474105 0.0347844867860145
-0.028663149165219 0.0461408495256721 -0.0396407972685439 0.155302931232072
-0.0062985888428178 0.0629898186173607 0.0342450524457844 0.230074263776663
0.0135270790203799 0.0615055701052782 0.111598500259436 0.242016565012697
0.0172122711275464 0.0613377476871273 0.145808276917291 0.228008771678726
0.0120635890228411 0.0638713224402409 0.122069584687909 0.212802197797141
-0.00882873737017519 0.0716090661268987 0.0671012037357641 0.176055309213171
-0.0412419195952312 0.0543424356016716 0.0115510978306686 0.122500019590073
-0.0478666208537947 0.0154400042924573 0.0139219516652626 0.0556425705868109
-0.0268062890662001 0.0142032329015215 0.0515766275550445 0.0157945246175081
-0.0439118837438553 0.0282239396121126 0.125630156566284 -0.0111274527069408
-0.0907411280717731 0.028470256796012 0.267759651047677 0.0738665268766767
-0.0569102721447969 -0.0600104455220262 -0.265339347379739 -0.0611044431636117
-0.0757512500592272 -0.0424878799404279 -0.172775266080266 0.0181041460801658
-0.0750236334311944 0.0281411622830899 -0.0604463347806321 0.0069339509349344
-0.0238162516765259 0.0664135232997914 0.00523699000412739 -0.0131974288760648
0.0140907657632984 0.0486057953340459 0.0274783438380388 -0.117673291986644
0.0259109744877289 0.0309708355974862 -0.0418495421875824 -0.186613046882883
0.0369031940867972 0.0202074228748225 -0.105772315530899 -0.213455690164239
0.0349781538487789 0.0189430460029597 -0.141545634868225 -0.223186507658105
0.0407517216470209 0.0282759059291461 -0.127479926942216 -0.22918837972913
0.0280039218817877 0.0509193438210979 -0.0692832759691425 -0.21437721596608
0.00924284039687456 0.0604055574675064 0.0040964177059917 -0.158963542243223
-0.03638930939893 0.0805668918331495 0.00359694835443099 -0.0495055523125335
-0.0890384621088336 0.0304242055730251 -0.0913948918470794 -0.00041945786444647
-0.0728773358014387 -0.056897238070537 -0.199535871533573 -0.0341960225123032
-0.0417018126946824 -0.0739529144746366 -0.285675065567309 -0.191744653779755
-0.157570931252238 -0.0932682238198929 -0.23616380444221 -0.0647652400999564
-0.175699284002359 -0.0655727028498716 -0.167005942552084 -0.00164361722144125
-0.172868270801295 0.0517754558522729 -0.0785078124437546 3.09855392407644E-06
-0.100199081405244 0.136464607773195 0.000629357641654442 -0.00432663710688264
-0.0207869854423294 0.144591874533794 0.0357172614861229 -0.10087818803127
0.0342126951486731 0.12739283093032 -0.0259814941453257 -0.168143461343338
0.0799677064709314 0.104720978256828 -0.0808063042820226 -0.194062404798205
0.0834069982371761 0.0952183685519524 -0.112892897556398 -0.196022743821498
0.093844295373148 0.103958857524814 -0.107231281146637 -0.196941826745828
0.060192460832324 0.148698010270182 -0.0590352667045445 -0.188923145024298
0.0040433050758411 0.161827052740282 0.0102438310647955 -0.144932800563978
-0.0824370497575389 0.185269877676671 0.0140824404536797 -0.0284993764955774
-0.182319120795127 0.107428715825 -0.0889515085849929 0.0274221214866544
-0.202528658777229 -0.0435784301181876 -0.190888079976655 0.00238313803576107
-0.181040571984354 -0.104021593609902 -0.254468159832687 -0.135024907224606
-0.239805407111317 -0.11970313358753 -0.174676524405694 -0.0421516102809713
-0.26366408854836 -0.0853389824578099 -0.135916896577134 -0.0118036477890403
-0.262281878760293 0.0689220478651046 -0.0892170157739326 -0.0130425665673098
-0.175995622908053 0.195939916540633 -0.0150593329648406 -0.000206718261527865
-0.0613707574065156 0.230123281004859 0.0254251931018554 -0.0680970355642058
0.0326819039851254 0.214552322533884 -0.0156916959493373 -0.120269241015452
0.110024136992568 0.178065373268294 -0.0480342424930015 -0.141107284462489
0.119124971340312 0.155954716324477 -0.0659588328329014 -0.138437264651309
0.136404104338626 0.157905381181082 -0.0666632184784944 -0.13692338738382
0.0938779121448064 0.219556153604076 -0.0345230162055315 -0.13963575586502
0.0128160997018501 0.24094098909998 0.0220958880006207 -0.114059301116136
-0.102064518259632 0.274696319483395 0.032705686617233 -0.00980386615315493
-0.240628040363436 0.185782283767164 -0.0624758998412491 0.0469238647556467
-0.299187221747227 -0.00705684955912199 -0.146519304948251 0.0300853465733982
-0.293669906672421 -0.106929274990096 -0.178821985271567 -0.0733230767301413
-0.292650717970105 -0.127531114119312 -0.0860892787690146 0.00619736581717736
-0.325571754568152 -0.0861900080902107 -0.075751607596965 -0.00595748474875482
-0.325085688628743 0.0890252758748189 -0.0828020685692197 -0.0251327616736019
-0.227378505134334 0.241946211487033 -0.034623260341361 0.00295082676795816
-0.0906180645742598 0.290731296211156 0.00217537047451479 -0.0188926984664878
0.0293004025564302 0.273881976164249 -0.00902101696369232 -0.0452949017813208
0.125199412640633 0.225204686861064 -0.00993466318452756 -0.0609186052747162
0.137078133394013 0.191394481942117 -0.00981846277032034 -0.0609499644609519
0.157214473209068 0.187497315670884 -0.0120851762588275 -0.0623404766901543
0.112400731416436 0.255511308583428 0.00516768224690204 -0.0756645550796706
0.0212006788121256 0.283291105744331 0.0412599783946307 -0.0693470568488618
-0.104950035468029 0.321355359200475 0.0540141163518359 0.00749086999349246
-0.258517832630319 0.233429389013098 -0.0237955801967351 0.0516497873771242
-0.342776342075687 0.029743665986977 -0.0762630482918502 0.037378446168645
-0.356146799514538 -0.0899681079435382 -0.0714981129335695 -0.0219447437484507
-0.305132075769113 -0.111024824565494 0.0200584148758991 0.0690671885756044
-0.339946758198031 -0.0652200546104012 0.00581275335321151 0.0145719671429011
-0.335120955436962 0.106838554345185 -0.0573685651080225 -0.0267570909108477
-0.233824594116496 0.254602868423321 -0.0481657765229821 0.011907814300317
-0.0970633102249909 0.303886918026389 -0.0224917475995138 0.0420132727052522
0.0255469198211726 0.288239885034791 -0.00136186638181164 0.0449512364739676
0.121966077923347 0.236051516929198 0.0300027516562777 0.0327765308826897
0.134104861804596 0.197961503384132 0.0492270684517501 0.0248001947431223
0.150159988907817 0.191084931476287 0.0462444838514823 0.0169805972638054
0.105458745780208 0.25352360845547 0.0487621909162682 -0.00606694655341459
0.0136510978004366 0.27792762969982 0.0602444451004503 -0.0168536980395856
-0.104450453135007 0.304729540978298 0.0692155034146031 0.0249346684358984
-0.239557498540935 0.225317873034975 0.013471164709018 0.0455739484706346
-0.325108597089845 0.0455506525487279 -0.00197768262981843 0.0262747928881909
-0.356811437345688 -0.0650636727273322 0.0454580158097519 0.015236208078962
-0.271078644300836 -0.0733715133687908 0.12708149861538 0.132329578884838
-0.291631461772637 -0.0264148336888824 0.0926691662334479 0.0406973364625885
-0.27419987854829 0.110500853723447 -0.0192707636769588 -0.0163281264481627
-0.186182701920378 0.218895032040185 -0.0485858244575172 0.0258671046732366
-0.0804388693060215 0.257981228914204 -0.0377039690736681 0.100190331663157
0.0219459808563153 0.249498562450562 0.0112593793356207 0.131774375567519
0.101786345563675 0.206202231967461 0.0680639263378197 0.122747357022306
0.110310131169121 0.175186676017024 0.100657870406702 0.106525587764466
0.117782051735346 0.170589536141979 0.0946763569706046 0.0917797797860654
0.0731788060063666 0.219166694191087 0.0795251839783216 0.0624958295970766
-0.0107964907261816 0.229137925580564 0.066061308617015 0.0374856983959835
-0.104309321002809 0.22937406317743 0.0684868109682828 0.0414116601603142
-0.190407428795061 0.16432466667192 0.0378090534968128 0.0349673587737851
-0.255767229564074 0.0386643508182058 0.0585173717197636 0.00753945721046001
-0.300114139511592 -0.0384995524275039 0.149024824256426 0.0397623633108034
-0.191692672698039 -0.0214648360033217 0.21799004845845 0.18013053148516
-0.185605201228757 0.0152553300912545 0.166725590665583 0.0597303064659363
-0.160183410877425 0.0896707670946435 0.0251234473891789 -0.00346710706402678
-0.105092734380364 0.136604267710238 -0.0350171898091297 0.0360122569042894
-0.0516085004305327 0.162750974716383 -0.0390756260056727 0.139196580952892
0.0143077358306573 0.166966738304002 0.0275744617475503 0.194656991861576
0.065808061522231 0.142527633955223 0.100545736696104 0.192779580466333
0.0699723011184464 0.12606114284577 0.137815446221556 0.172389689453485
0.0684908028795849 0.126582164747422 0.123517629620147 0.155780524073221
0.0308258342699892 0.155136844390535 0.0876390008330677 0.122903801419899
-0.0333185180165494 0.149401233184541 0.0499947068745841 0.0854439018986899
-0.0891004404270381 0.122599387930975 0.0475581764646914 0.0523481143340745
-0.11632928797877 0.0826898132371884 0.048033648756527 0.0235846247609528
-0.15327297048164 0.0261807466327858 0.0978051227741455 -0.00809954162062212
-0.202569432380318 -0.0075862197540527 0.223590777427728 0.0545636044081863
-0.0778179631961528 0.029858876227568 0.276565155051513 0.20434392738853
-0.0485544143939044 0.0395603859528326 0.21917543047073 0.06241413685979
-0.0281090762436596 0.0423384585933789 0.066720870983369 -0.00108967785631601
-0.0214532562585079 0.0293461871736592 -0.016092062487727 0.0345999885489549
-0.0250489531451736 0.0459255304420374 -0.0312335798378665 0.153378983969058
-0.00241112741586978 0.0615879041760166 0.0451425474381508 0.223495022218734
0.0162502893505322 0.0596355908308365 0.120303325548185 0.229028186990824
0.0196145433403376 0.0583850265401562 0.153433684085414 0.212547591220756
0.014273081988548 0.0613424399386741 0.129519096028613 0.19939867449824
-0.00511489843864377 0.0695380393141555 0.0740190934834249 0.167473453610131
-0.0366479384993305 0.0551939877603839 0.0157940627885403 0.118557480806933
-0.0461724855030841 0.0173822333593995 0.0166429361162699 0.0523157824277719
-0.0250497111812742 0.014188204143785 0.0500937046148608 0.0114327734096634
-0.039963850529536 0.0286205982510912 0.119677159171225 -0.0160184031952187
-0.0858595205647654 0.0311574873372741 0.264049659294343 0.0596488126111758
-0.0550376089700473 -0.0570122480441967 -0.258797285117277 -0.0571110078675457
-0.0742012932517925 -0.0396746137852465 -0.166404749556099 0.0182311747578289
-0.0714079918663759 0.0283055250867043 -0.0575088480200397 0.00882966078720483
-0.0212274091198376 0.0645211796288941 0.00594872419579022 -0.0114495875409303
0.0148042413079032 0.0462149830891447 0.024870440848273 -0.113562692683475
0.0252538070493595 0.028407270968014 -0.0431042996170002 -0.179376179885289
0.0361623455125872 0.0182018588829402 -0.105835998675826 -0.204678477147489
0.03454972716518 0.0176685735132777 -0.141173702181224 -0.212999923391344
0.0402233755290653 0.0268477523922123 -0.127645709887039 -0.220422967015139
0.0283850181611482 0.049317484516406 -0.0697512160341003 -0.207687309461737
0.00948665567334627 0.0588521604805868 0.00224290440871645 -0.155435985886326
-0.0337146503510254 0.0790494969028157 0.00408945157318872 -0.0493831473802254
-0.0856384121861356 0.0315801948725394 -0.0869335241847971 0.000853580613287036
-0.0727100189683918 -0.0545300756861151 -0.190404625540121 -0.0311238641380554
-0.0416690363885838 -0.070147337944362 -0.278376047863613 -0.182409071646846
-0.152168018045304 -0.0883294195824144 -0.230334391673308 -0.0604303908464019
-0.170678013262275 -0.0604711807525671 -0.161168737059976 -0.000823109182848366
-0.164573245796359 0.0530656370140185 -0.0757622651865674 0.0028309150889009
-0.0927708803618646 0.133317491747309 0.00121119806722459 -0.00301276584022459
-0.016381678432978 0.139303888713881 0.0321664345817167 -0.0980827554405019
0.0351906150837576 0.121268918938189 -0.0274575979476594 -0.161272188092028
0.078927792330577 0.0992682276483883 -0.0819099103621323 -0.186696484685715
0.0817636244902508 0.0902479101177659 -0.113351820081276 -0.186772874487366
0.0921613347938729 0.0988803917350247 -0.107532146888788 -0.189191789481994
0.0615378226279744 0.14320399542648 -0.0612758075643939 -0.183842078867764
0.0059943266921508 0.156642466779655 0.00703049692464762 -0.141809273953959
-0.0769100791364038 0.180966212360029 0.0148759863480125 -0.0292472635790451
-0.173861393394495 0.106422916570292 -0.0839119006635269 0.0282517324373009
-0.197763341210385 -0.0398325203090534 -0.181767739221863 0.00489981891475641
-0.175764013412964 -0.0978420717065917 -0.247433616191087 -0.127831437403182
-0.232391498376514 -0.112533386141982 -0.170628869528258 -0.0386733083612823
-0.255851938644543 -0.0788836512349051 -0.131999948312132 -0.0108469913680813
-0.250270072103152 0.0700080625977353 -0.0857772819197518 -0.0092674711268956
-0.164458366039957 0.191228051792825 -0.0138713100988308 0.00107015921407999
-0.0539647351712217 0.222930030325101 0.0230135954257692 -0.066586786937976
0.0356482070551305 0.205729632303902 -0.0170168376636512 -0.115489397419816
0.109063955993503 0.170143802584595 -0.0500280028610236 -0.136987511130464
0.117791804209649 0.147916289520686 -0.0676500956707607 -0.132762316485484
0.134627110421849 0.150841176988903 -0.0675112901146887 -0.13240742471072
0.0949720130323259 0.21128571467869 -0.0367419685693928 -0.135587502021308
0.0160356611371673 0.233207693580681 0.0178754441144836 -0.112515388990636
-0.0944653924397918 0.267577851586379 0.0332828623100128 -0.0113653966705631
-0.228196300727456 0.182663201061605 -0.0591375567425489 0.0453260532122606
-0.290224258952687 -0.00339999367140967 -0.13873255369319 0.0315818550770984
-0.283900197571483 -0.099401597613524 -0.172466016443441 -0.0691358140436242
-0.28374153295643 -0.120294896624385 -0.0835230494674629 0.00698716047208539
-0.31549397026134 -0.079394558508752 -0.0740927765131408 -0.00570824449200436
-0.310452774319111 0.0906139304755857 -0.0801554762621287 -0.0208691221117846
-0.214326085083334 0.235398159356678 -0.0331188704780479 0.00396797524182605
-0.0803518182367094 0.281985258029528 0.0017047265845287 -0.019112213054645
0.0332878891050506 0.263876007034512 -0.00929285131536802 -0.0433613055365266
0.123842787645437 0.215317533951742 -0.0121482710455819 -0.0604440592331115
0.135513422946841 0.182281851536958 -0.0111811524079955 -0.0588214950100718
0.1544523206592 0.177776252938976 -0.0133155400678649 -0.0610665540544969
0.113963433840825 0.246016071564227 0.00271253539847297 -0.074488065843778
0.0245111519034349 0.273450961239623 0.0364816926682888 -0.0694344663833795
-0.0965023187652713 0.313214383439435 0.0543058577205462 0.00430410502582298
-0.244522763481953 0.22814643113938 -0.0218273153734948 0.0498476061626192
-0.330489959357488 0.0322100977791959 -0.0715296968698999 0.037525684915556
-0.342863428474268 -0.0825519827704995 -0.0677983208612766 -0.0202616341576204
-0.295971260129262 -0.103691214955094 0.0202344509945904 0.0660483277323859
-0.329237349299739 -0.0591833657191645 0.00492472258175249 0.0137789321656483
-0.319647538437008 0.107786664700261 -0.0565324418188773 -0.0226357320837573
-0.220866737103427 0.249329172234937 -0.0467194733742439 0.0123125472698791
-0.0867088862268631 0.29506253879469 -0.0213050583942126 0.0403371225004155
0.0303501384712775 0.277597868149772 -8.35568419276007E-05 0.0438530700123578
0.121034274207867 0.226193549276381 0.0285565295774232 0.029384667750844
0.132363716383013 0.188763851611329 0.0472870069701837 0.022370371366869
0.147962856881329 0.182269371223104 0.0447289273579593 0.0145919682830618
0.106309575794796 0.244415723149561 0.0451719645312488 -0.00696270444116666
0.0175771917414014 0.268607857734618 0.055218239055903 -0.0186420364213023
-0.0958070159205548 0.297413650208884 0.0686642485311468 0.0206617863005039
-0.226104548925674 0.219853708730993 0.0135376129871965 0.0427538417839851
-0.312721612518121 0.0469710545313484 -0.000667625135056192 0.0259706238534202
-0.34317070115449 -0.0587324461704457 0.0454621357732474 0.0140548095668221
-0.262842376572418 -0.067580567443141 0.125157658473406 0.125798589899631
-0.281433394365907 -0.0219442533405728 0.0890948009020914 0.0381531671959048
-0.26170290098556 0.110253183711584 -0.0200151070747773 -0.0136637291340259
-0.176132734031471 0.213163348079689 -0.047481627644301 0.0252168615706663
-0.0725618353259294 0.250014896358497 -0.0358887501023203 0.097061682385559
0.0262174021873544 0.241131161315403 0.0131775261839082 0.127906899867278
0.101966470022911 0.197908864520785 0.0667150560702692 0.116536162419698
0.108681694435284 0.167360950621433 0.0987947166046294 0.100272018334817
0.116061775345361 0.162381718298659 0.0924831960620652 0.0861887549785288
0.0744781036855997 0.210708993342962 0.0765524819865675 0.0583820901685664
-0.00662729272618827 0.221694929308038 0.0614108816390788 0.034920078830545
-0.0972169863191203 0.223845424882509 0.0673944426964011 0.0371458408093658
-0.180124072136524 0.159978030798109 0.0365362933239494 0.0322068687540464
-0.245655685171621 0.0390429234365957 0.0563269873269803 0.0074638457336884
-0.288325381072394 -0.0337813290820263 0.145759428351874 0.0363155664206229
-0.185752436039241 -0.0179185677602807 0.213972078329586 0.171250915648705
-0.179175376600495 0.0162277401945446 0.161743612423028 0.0559460203991185
-0.151982970312097 0.0888486557940553 0.0225570143274783 -0.00194205623330508
-0.0985961019104666 0.132975371734208 -0.0346006661256843 0.0355035728843561
-0.0468168354687353 0.157972728517401 -0.0367068611728948 0.135284848448155
0.0169735125652073 0.161360700946739 0.0300361927974395 0.188861557942269
0.0657188727906681 0.137670178188104 0.0994448041343945 0.183169351718706
0.0690604121368717 0.120515558224015 0.135939880168423 0.163640546221149
0.0683685086024122 0.121427167531281 0.121798078587283 0.146930165758365
0.032021111390857 0.149603047014106 0.085849646098849 0.117080674232879
-0.0294609628224417 0.144738619128201 0.047434058404038 0.081535249410919
-0.0844657835694141 0.120264574004743 0.0471444868311786 0.0484447501809821
-0.110396862478649 0.0807620305701525 0.0459879514818562 0.0205856589672495
-0.146445796147245 0.0252284379987237 0.0935139587655419 -0.00776954884939808
-0.193865107272858 -0.00504853880588706 0.218742058760813 0.049856562758994
-0.0744932826418108 0.0305320356801469 0.271442488324993 0.193652191610621
-0.0457230165507685 0.0389518816548549 0.212343886635501 0.058013750084779
-0.0254002609056916 0.0412884764445104 0.0622281181197945 -0.000779316021075195
-0.020061189052689 0.02756646313613 -0.0162710200076888 0.0341393455575661
-0.0235303469099567 0.0449789060608996 -0.0277616776303762 0.150068490400445
-0.000490427321138859 0.0596378457760082 0.0474308479701473 0.216541904391028
0.0166550353255005 0.0576680919004482 0.120578864264839 0.219653018655733
0.0192839489006428 0.055902601642078 0.152656015321206 0.202404363080895
0.0148256267530348 0.0594199345531857 0.128996633879608 0.189324213973431
-0.00411618257033638 0.067134794248627 0.0736757825233263 0.160986268986066
-0.0341026068866145 0.0534880123420856 0.0157376744738203 0.114528442723802
-0.0446838688602885 0.0174688028610762 0.0162633219687757 0.0487669764241206
-0.0237333760356827 0.0136415791326979 0.0479195028874282 0.0088271638418559
-0.0372643965029255 0.0276647536289733 0.114294556578253 -0.0160035264003854
-0.0814263687474224 0.0307658750331597 0.25703554640515 0.0540867614204271
-0.0532530522164745 -0.0567624205441614 -0.256881339542867 -0.0593097646726132
-0.0732321063907407 -0.0396059208097861 -0.164859448666039 0.0154149220039583
-0.0701408338897456 0.0274128371020124 -0.0563538766869756 0.00967230968828084
-0.0207638111379251 0.0635253987473626 0.00705415160920039 -0.00968435171659968
0.0151667368363659 0.0454773038633534 0.0254117883930819 -0.111164444804172
0.0243595006291651 0.0276785416644828 -0.041243762265224 -0.176700062568443
0.035450622909212 0.0172493235162292 -0.104047461431934 -0.202555441051901
0.0338147934456458 0.0174762577221595 -0.138631634561107 -0.21025395746199
0.0396779453020369 0.027279705519056 -0.126017901600166 -0.218380688183826
0.0284469720187434 0.0494120186296555 -0.0689775630231908 -0.207091712103785
0.0086369988711833 0.0584503806570796 0.00330787135254559 -0.155761259590518
-0.0338556058712039 0.0786194394196574 0.0053634176636729 -0.0497227624763614
-0.0844125789783091 0.0310220792690629 -0.0843499849575028 0.000290946258521723
-0.0728826985740619 -0.0539676854096446 -0.185512720074742 -0.032988047373535
-0.0413310500157755 -0.0690659198477041 -0.273165085297897 -0.182224505719223
-0.149582211283371 -0.0883124644167434 -0.228363855211517 -0.0630995193683037
-0.16788210255689 -0.0611100858630384 -0.159933596030243 -0.00296259963119384
-0.161202916644846 0.0510354611262211 -0.0736643939914641 0.00333867852321345
-0.091203069951826 0.130188747995941 0.00239149589514956 -0.00182716494550763
-0.0154760750344471 0.137144185854988 0.0323041296810123 -0.0964035053413682
0.0339125498737926 0.119525319128641 -0.0259753796917432 -0.159138200711891
0.0774632105893521 0.0985883399126172 -0.0808077218492814 -0.186055313186017
0.0801537091049647 0.0894671564984244 -0.112117094675759 -0.184967327633904
0.091264236488621 0.0984758204300441 -0.106653775143599 -0.188129605657844
0.0608740652427085 0.1423678690564 -0.0604560528387628 -0.182754078192551
0.00505623731274524 0.155054289638543 0.00695557382519594 -0.141857732426961
-0.0771444923778122 0.179164560529128 0.0163805760455773 -0.0303056289718299
-0.171631797291478 0.104073188791636 -0.0819233063919575 0.0271271348227147
-0.196112993476751 -0.0413286500036553 -0.17748305725923 0.00275254200819679
-0.172779506012404 -0.097427158214046 -0.242819442843756 -0.128158438520819
-0.227864215885048 -0.113473448457099 -0.16933523578607 -0.0410511520520432
-0.25147837349866 -0.0798882255341386 -0.131290602532288 -0.0128120294568174
-0.245172415242658 0.0676313863904994 -0.0842538713136599 -0.00796095447530531
-0.162035865464315 0.187245209333847 -0.0130423940077166 0.00167742163790785
-0.0522137155326431 0.219379353104836 0.0232594146441014 -0.0663626098966088
0.0339601907455006 0.202765323536628 -0.0162396934948566 -0.114106398490344
0.106357817331186 0.168468870665562 -0.0501965717361404 -0.136770746864311
0.115043534275927 0.146650686173229 -0.0669023464114335 -0.131166752560575
0.132198109616672 0.149212908881383 -0.0674735425864908 -0.131993732725088
0.0938566544424968 0.209656269233102 -0.0368879132089769 -0.135437545500857
0.0146643616063533 0.230793657182578 0.016022124933498 -0.112378727196635
-0.0944168731864247 0.265205482268236 0.0344303673578672 -0.0131312782347201
-0.224967337069166 0.178167179982678 -0.0576903549541791 0.0450868255717734
-0.287841758348699 -0.00712587871251761 -0.134883675360177 0.0300034298456427
-0.278321456688423 -0.100220046210319 -0.168882036392315 -0.070294905818331
-0.278413184200507 -0.120541120874835 -0.0832798299544892 0.00553085131605783
-0.310917840453031 -0.0813309320798697 -0.0740408702516777 -0.00667439587722261
-0.304520358040918 0.0869399893088777 -0.0789724160974258 -0.0190525318950717
-0.211288742817521 0.230912784411704 -0.0323034796701358 0.00439987052455079
-0.0790264784739992 0.277759458075043 0.00140626551147842 -0.0196263147250146
0.0319437956400126 0.260108995766742 -0.00898182444255319 -0.0426357098097925
0.121171687937581 0.213392780590313 -0.0131974458489939 -0.061030421323114
0.132313119818176 0.1805250127491 -0.0115152632941596 -0.0582868951076538
0.150856704982046 0.177167385227624 -0.0140083887252357 -0.061623792497931
0.111667366816787 0.24327124370167 0.00127537455290273 -0.0744968516789913
0.0234564548286068 0.270864642590283 0.0335975439246677 -0.0698121025944047
-0.0966466232372337 0.310537796514191 0.0551039158732602 0.0024589754773252
-0.241211978030379 0.222864695106793 -0.0219657402714471 0.0487944403509379
-0.326836393631918 0.0276644029670964 -0.0694822887251989 0.0371244802655812
-0.335920640823855 -0.0844462534610811 -0.0652418798110665 -0.0210991025002487
-0.290721997067346 -0.10587738305765 0.0193863397602522 0.0651155951046243
-0.32508620749851 -0.0614435584119495 0.00390954041710745 0.0134874494472579
-0.313953149854999 0.104031766737971 -0.0559346931353012 -0.020750821071885
-0.218067285350232 0.243207363300562 -0.0465539517775053 0.012573901226331
-0.0857584948185564 0.290148714189855 -0.0221046653352704 0.0387877244324288
0.0293863939552639 0.274017508226237 -0.000286456566794014 0.043693579314293
0.118595200092924 0.224892671807019 0.0266053647502435 0.0278024737696059
0.129427732755185 0.186921333343449 0.0462145764215708 0.0220464040320495
0.144557300991244 0.180821403022544 0.0433086353786218 0.0131631434911076
0.104597570297618 0.242035459250201 0.0437423336766362 -0.00735841598505993
0.0168941428209259 0.265747381994866 0.0516775862030195 -0.0183356691797262
-0.0967168002446442 0.293885697573445 0.0691269208672478 0.0189135630173604
-0.224016548530855 0.214307956609051 0.0127243687832692 0.0420820140212912
-0.31008631213508 0.0417695989279844 -0.000397414353858412 0.0262780237298557
-0.335868856995285 -0.0600478803980045 0.0463828964273873 0.013707330958851
-0.258734560197629 -0.0689735412419433 0.123410370946415 0.124356683797627
-0.278740142163117 -0.0245733561590622 0.0873658614162691 0.0386368621099365
-0.25743489839331 0.10703650280101 -0.0198410292119301 -0.0120198737813146
-0.174179620717982 0.208624830923991 -0.0483193354880409 0.0253361275126335
-0.0717384378379158 0.246278234814713 -0.0365470435200019 0.095175886947256
0.0254149554867926 0.237702216600576 0.0125551878051785 0.127172796312685
0.0994152364708741 0.197218309135217 0.0644114371645687 0.11459478746205
0.106080530794078 0.165861143363756 0.0967403384686671 0.0991452887361071
0.113276979276642 0.161444516360124 0.09106971077899 0.0847009309174284
0.0728480113598928 0.208982472603342 0.0745429398621449 0.0581243562252166
-0.00703727047764714 0.219669038583798 0.0580745468389362 0.0346937208907067
-0.0973049110332853 0.221798334290451 0.0670710910281404 0.0351324013876659
-0.177683483972568 0.155943028460072 0.035121539562259 0.0314419672103343
-0.242723676656319 0.0347589666777214 0.0556273544616013 0.00855436217408849
-0.281886283951917 -0.0358915787512232 0.145576000317542 0.0365109512308361
-0.183119963872293 -0.0187068796350715 0.21117554226383 0.170123288082018
-0.176990745658421 0.0143590475871968 0.158449415762141 0.0568883457033015
-0.14880828524603 0.0862801693289069 0.0212985717025193 -4.90328433043456E-05
-0.097820739665853 0.130330540437612 -0.0359863562734363 0.0350447760157387
-0.0464485520616214 0.155650532469176 -0.0376968262611748 0.13376996365256
0.0169433383533467 0.159291120691632 0.0294060122668455 0.188166492389549
0.0646134532043542 0.136616748684116 0.0970974951163183 0.181730906027425
0.0667852369341716 0.119636903283228 0.133107688180719 0.161186293092475
0.066416400781252 0.120115396590075 0.119588646267044 0.145319734711704
0.0310574161262233 0.147967985979832 0.083930796651338 0.115918621539917
-0.0291787731440225 0.143287005697134 0.0442533089449356 0.0803406985590319
-0.0840774236702824 0.118737636976975 0.0464459397479544 0.0465514096047116
-0.109342489999928 0.0776546406032492 0.0445083222012287 0.0199060989751701
-0.144474970071702 0.0224731100096255 0.0912782420476781 -0.00578904247166788
-0.190251010977023 -0.00730634175586799 0.216728129924671 0.0509670155129875
-0.0739690169522542 0.0298124173271908 0.267908578706495 0.192425646964844
-0.0455236126752695 0.0379095122920914 0.208878377384074 0.0597134586229479
-0.0241681267917748 0.0404551148161036 0.0599298337642805 0.000850675432115421
-0.0200860463706545 0.0270794776976796 -0.018063323306456 0.0339416180906895
-0.0235765016476262 0.0443301288235713 -0.0292698920723973 0.149053351658852
-0.000395577455513691 0.0590793080144904 0.0464394674134471 0.215445285684433
0.0160756212619936 0.0578019112772317 0.118212760536785 0.218175246607824
0.0182835762075669 0.055328630539987 0.149967411791888 0.199488039134399
0.0140887441198811 0.0587543353824508 0.127059948038714 0.187647382529263
-0.00423469956186004 0.06632856027981 0.0723102914807692 0.159264728942108
-0.0334867691058116 0.0531606717639054 0.0144576732689973 0.113155313168369
-0.0444593725820795 0.0169226371952579 0.0160132695564208 0.0469858538604399
-0.0234940873193119 0.012637437770522 0.0461597536277354 0.00736231796114353
-0.0362691873019509 0.0257103231407837 0.111690318058503 -0.0138385382555724
-0.0801540274585788 0.0289021933066197 0.254427289951431 0.0554886815915141
-0.0691131530541108 -0.0279020248320065 -0.268473326336407 0.0522693985244952
-0.0801079611890193 -0.00521069602109059 -0.148323764643121 0.0864029943746191
-0.0525782245535364 0.0534045649924392 -0.0462610237930237 0.0369688142690329
0.0076256274816819 0.0647328092858712 0.00547034708755765 -0.00878173810147519
0.0310836983969189 0.0359544600676409 -0.0229002191301189 -0.112897409139944
0.0324778479849028 0.0161983674389981 -0.113309451118872 -0.144335657853772
0.0392558079762264 0.00101178794277012 -0.183762669150503 -0.1425794530807
0.0397838749035791 0.00403960264342203 -0.220774640352718 -0.132039006550926
0.0487495641088262 0.00766271822923294 -0.213494188669627 -0.145410992084373
0.0477901863603089 0.0343381549892115 -0.155362373495354 -0.159904319380902
0.03231472256883 0.0515674918958947 -0.0670403277136444 -0.145057617564752
0.00276895382349049 0.0862473226637502 -0.0218647950861659 -0.0485705379815664
-0.0669623746678138 0.0644567529993549 -0.0773494185239088 0.0322023508955239
-0.0948740990840944 -0.0191496449220492 -0.180182377972886 0.0415843630031181
-0.0733147968220742 -0.0465897948146191 -0.32603736313273 -0.0572160913553803
-0.170897519458273 -0.0202111313977337 -0.246817937317994 0.0397155110393065
-0.175734916138997 0.0133584513943199 -0.152588359664679 0.0691243130119651
-0.126087674799391 0.111488309294096 -0.0648467232748863 0.0437576894636648
-0.0285333231126338 0.153603332739414 0.00461896515887063 0.005350489540232
0.0411425530995545 0.131321743793088 -0.00777054696003053 -0.100423064790272
0.0798249224737296 0.0965384033059259 -0.0898150325186765 -0.133092057914447
0.110848509781504 0.0578808600315783 -0.152303267352448 -0.13455018806937
0.112843103410645 0.0527196864894662 -0.184754430829409 -0.119986938703194
0.126037994355151 0.0534943302769659 -0.183109707469906 -0.124649242937273
0.116982785844145 0.107328360584221 -0.139408009934484 -0.138601121121727
0.0700169926052716 0.144734218062458 -0.0634128016471511 -0.132945100682788
0.00645367102616337 0.197592999821336 -0.0115137956266436 -0.0351464371961363
-0.118141249816029 0.169708599105832 -0.0677885044076858 0.0531667109549941
-0.204886642541 0.045173466916629 -0.157882636563198 0.0654721323759868
-0.210231251727463 -0.0143401270836727 -0.271495179798904 -0.0275454405814713
-0.253838373967467 -0.01372998695616 -0.184916984441181 0.0378476206116131
-0.259822084869002 0.0288752571768617 -0.130750861518775 0.050340654480479
-0.195679079589469 0.159731438793731 -0.0801922816864297 0.0415325750670606
-0.0689340813823459 0.233360649621012 -0.00870494622074298 0.0198653654279094
0.04173925567953 0.221179809896192 -0.00101975914707655 -0.0653942002116161
0.115287617106042 0.17278583984955 -0.0589574058494483 -0.0947207961092133
0.166956365296338 0.11032471154529 -0.100635497596832 -0.101031709956349
0.169066640838214 0.0924288710313797 -0.119561010657164 -0.0890781276123453
0.185490387681404 0.0843398792147176 -0.122884214395975 -0.0890389473484094
0.175795977092199 0.156614818679527 -0.098205316354035 -0.102792875199353
0.111260670881079 0.212558677875686 -0.0459381990415011 -0.108127940506344
0.0276692159051363 0.284457312447308 0.0058776700030324 -0.025567608632623
-0.137137038219853 0.261806760337472 -0.0418906850173867 0.0577618174597796
-0.274766551578694 0.11624841458765 -0.110280455078946 0.068444551791739
-0.309679017801493 0.0310355291591219 -0.176472101728445 -0.0101457070266479
-0.304399466883697 -0.00295715173998617 -0.0866816550874485 0.0461041408725001
-0.315539308084715 0.0498239846831657 -0.0764369088074528 0.0330736484018883
-0.242842170454242 0.200912918344129 -0.0798211933375955 0.0327654081972083
-0.0953041843680603 0.292311730268496 -0.0257070106124483 0.0339887576286933
0.0418542569432404 0.284794483323414 0.00100778618494865 -0.0116321831683517
0.137849699375192 0.226047557380151 -0.0202551610274163 -0.0313390596139301
0.199271433477707 0.145913907380867 -0.0324339824478282 -0.0457585552573898
0.198856340267902 0.117082168516436 -0.0363865660002833 -0.0463197183084582
0.2148908766158 0.102780625410871 -0.0421801868776415 -0.0474569039321692
0.207094736176695 0.181048589322747 -0.0361355754239071 -0.0627458516507907
0.136676064441516 0.246055215433059 -0.0138859940082184 -0.0746391018424597
0.0453055136393033 0.326947003470218 0.0280166137795868 -0.0190105040718608
-0.13370294297913 0.311505291755503 -0.00989809007495118 0.0455073407254065
-0.296659325970821 0.165827364315003 -0.0487434084478836 0.0459566165262197
-0.355972542637013 0.0715436386107238 -0.0591710193494674 -0.0117715016687114
-0.310399733204953 0.0144643313211775 0.034131567591616 0.0597135319929125
-0.322114881733457 0.0726989308912896 0.00523428595132794 0.0188611695664061
-0.245594515846233 0.220465231447286 -0.0593879192422579 0.0226285357025739
-0.0969198641874197 0.307344118718253 -0.0362022085996388 0.0482886259178033
0.041164182369381 0.299263303092877 0.00526808483305153 0.0530592789504269
0.141725038973951 0.239867074098162 0.0255170926232301 0.044785173642295
0.201912767352443 0.157740615238577 0.0431170319009755 0.0195042285531716
0.198145839103817 0.124436421711655 0.0514231653755121 0.00211411640203725
0.209958183311248 0.109169376721334 0.0428752250913809 -0.00388261454449664
0.199999319047056 0.182888965301085 0.0318631622309073 -0.0193020625891674
0.128731974669604 0.244122675520581 0.0251634382245581 -0.035784096034213
0.038613536738442 0.312504874923897 0.049031014080136 -0.0107597010411058
-0.120361715292983 0.295364916036133 0.018744422147568 0.0253408073554805
-0.272949445624329 0.171768778209108 0.00955762316017497 0.00856332256963867
-0.343770682911475 0.0938875275441687 0.0581883963555379 -0.026409298210657
-0.267231273922161 0.0336504106310144 0.157922138968866 0.071335422810847
-0.265679202837855 0.0867353649148517 0.0944554002585675 0.00602375556867736
-0.192911570372421 0.20024814704968 -0.0220758287763168 0.0133472682646809
-0.0718219404259328 0.258456285093752 -0.032435669899227 0.0582199441822802
0.0364569986786007 0.253125623832542 0.0155586302521502 0.110387448534432
0.124150271472436 0.208219579945818 0.0729379455378918 0.116131788973905
0.173328996578783 0.14079868543025 0.115474801802517 0.082527665514653
0.167805251785017 0.113422954719761 0.131993231472098 0.0499984050890858
0.172662558638448 0.104536965883782 0.118315600311499 0.0401299990040948
0.156637012928844 0.165297302449394 0.0891069340701236 0.0259180665809712
0.0872024834899466 0.210538097734174 0.056327245646775 0.00901395694227178
0.00693400390656491 0.245792070267186 0.0582618110243108 0.00315893366208634
-0.101976937321446 0.22091590757875 0.0368023395476171 0.00722771850375761
-0.212530487287599 0.135355191900996 0.0535524743421903 -0.027204327161484
-0.280841350939682 0.0933152915972634 0.157785190926594 -0.0432918244469072
-0.177281700197541 0.0490750060188029 0.262328412401382 0.0752797937720183
-0.158389391162136 0.0805098986623592 0.170008683193016 -0.0101925891567374
-0.102100382232594 0.137507990593138 0.02103231105812 0.000611851297355736
-0.0350741646251143 0.156770244760008 -0.017874289707939 0.0564690172349686
0.023280707904048 0.159695959979676 0.0288035294246656 0.14449302454242
0.0838270547007023 0.138212833777126 0.113146049407746 0.162923427770337
0.116581367201413 0.100635961465004 0.1731447903571 0.129377781103115
0.111941041683054 0.0852464457915618 0.193419607957845 0.0908197790593822
0.111745493114183 0.0855345795646387 0.172015408746998 0.0821664099622212
0.0926203607431795 0.125487177334209 0.124086337675005 0.0736431351392809
0.0337040204949492 0.147958699431428 0.0674256866020498 0.0558788271536616
-0.0251827195565828 0.145743416535394 0.0512419397843823 0.0198668165792052
-0.0697376439224636 0.118934744986301 0.043542876207413 -0.00520764996946424
-0.124596602718348 0.0823536279355425 0.0810306238738746 -0.0498853360684694
-0.181066062199831 0.0779548312605394 0.227263699623425 -0.054970416880326
-0.0572621761276591 0.051346562068492 0.328965834575325 0.0700197076431278
-0.028810884936024 0.0493463675819266 0.219146211534351 -0.032540511056762
-0.00572351842618386 0.0450847207058184 0.0564594046814194 -0.0208237323850229
-0.0067399528169853 0.0321214889739573 -0.0030176825604008 0.0419904897991722
-0.00198858135511535 0.0489690583930825 0.0393618182419993 0.152341739751059
0.0262187194840173 0.0528141164464089 0.13890316838498 0.179445341564839
0.0393191195310586 0.0471808536829523 0.206096108937298 0.15168024136759
0.0394337074398956 0.0440003803706021 0.225974097930937 0.117881740199084
0.0376271900192599 0.0504162423911925 0.197909422593874 0.1159704919308
0.0248688755871418 0.0643422807100725 0.134433532510484 0.116197171850534
-0.00800370933575232 0.064559700529898 0.0588587398976451 0.0968305992760404
-0.0331201094135 0.0350944630420294 0.0310081079004736 0.0327762041484315
-0.0167152030868125 0.0220548954618615 0.0433203344482691 -0.015137876492334
-0.0217195923453081 0.0386200150816304 0.0959012270520482 -0.0596528186282344
-0.0600111585970848 0.0635705981442397 0.260798999162106 -0.0603570800325475
-0.0716185788938837 -0.0268516458169534 -0.278119925590749 0.0603993138983513
-0.0822947745433448 -0.00330381241137818 -0.151977314377689 0.0928199967419659
-0.052675688173064 0.0560765698921147 -0.045839522796957 0.0391927559509667
0.0101790959349674 0.0660943461914482 0.00727222596389967 -0.00859266049715108
0.0337292508492657 0.0355787322512344 -0.0263522724187611 -0.115882993948492
0.0335128299785399 0.0160248416900306 -0.120437955127565 -0.146115706276607
0.0403125972430421 -0.000415089927321031 -0.19379266828583 -0.141954301735073
0.0412909353312765 0.00309045065455616 -0.23131691411628 -0.129927616579285
0.0511918858222545 0.00677761106173552 -0.225032933684711 -0.14450839962839
0.050607083649686 0.0335876748562153 -0.166003834862538 -0.162416516290461
0.034415508426999 0.0526802232790103 -0.0737389789805634 -0.14974728432772
0.00544741432679923 0.0894088601008764 -0.0239413537796844 -0.0509716775167502
-0.0669761839535429 0.0674496406749748 -0.0775063964864568 0.0344592711470237
-0.0988286651566065 -0.0166287609391439 -0.183792206561387 0.044004260195684
-0.076258040890083 -0.0457400601337647 -0.338011659521051 -0.0514190006563863
-0.17637327985116 -0.0167917966958887 -0.2559035692249 0.046328450177301
-0.18055967924452 0.0179899684356447 -0.156900951282919 0.0747170282113907
-0.126109391050054 0.117554869490735 -0.0638717540146237 0.0462897986303798
-0.0250488929261019 0.15784033070763 0.00592823561003143 0.00573413571675829
0.0467582471971775 0.133715952654997 -0.0110232673650612 -0.103322497553917
0.0847229539852602 0.0975717463659534 -0.0957906877766641 -0.135516496671898
0.115634025099303 0.0566874704505613 -0.162579100860537 -0.135061528848921
0.117912388544233 0.0520335620588709 -0.194314383515102 -0.118495419244675
0.131858759826311 0.0516147430347542 -0.193219908597321 -0.123528526294914
0.124745235035018 0.108065929476222 -0.148856550515614 -0.13981260830522
0.076032876173277 0.148640926762137 -0.0701386414531894 -0.136325864692375
0.0120281478971479 0.205203158516202 -0.0124805484047951 -0.0378251499652449
-0.11737266417195 0.177010208247611 -0.0671517633779016 0.0562919381918437
-0.211753255085911 0.0521094717099054 -0.160760361281563 0.0688958007136939
-0.216555518769789 -0.00972128098152011 -0.280468784765516 -0.022535281723487
-0.262032466467463 -0.0081503301120418 -0.191272703919044 0.0427319093732032
-0.266753913085063 0.0357485688533395 -0.134848613591516 0.0543258339950628
-0.196627168100237 0.168681541680408 -0.0798033248262192 0.0450063846058939
-0.0645326803028449 0.240020034767521 -0.00784453465295195 0.0205058362528245
0.0497448611454787 0.225115960657943 -0.00383481077714162 -0.0681380632548168
0.12363242515805 0.17501698868408 -0.0632644694203116 -0.0960822754045862
0.175392278840789 0.109628018646042 -0.108228934876658 -0.101286005992242
0.177203121451592 0.091335061176083 -0.126334663895289 -0.0892025159156539
0.193094076461989 0.0820884114372651 -0.130082769509658 -0.0883761238363384
0.186792373971913 0.15700764797682 -0.10530436527331 -0.10437060965479
0.120795201754351 0.216832667302273 -0.0528149681608353 -0.11048111266576
0.0367966378861624 0.294208825851888 0.00545090423932039 -0.0289420846022142
-0.13516208425156 0.27252867743146 -0.0408719164815051 0.0605218475000556
-0.282739145364316 0.126425121820512 -0.11075542487882 0.0714761425413118
-0.317528756814983 0.0390565687243558 -0.181429936994113 -0.00760161867843067
-0.313849847780015 0.00409955894558203 -0.0897175307758728 0.0484423379103003
-0.324115814436507 0.0586743289619366 -0.0793365663230218 0.0360448798669303
-0.243728872026434 0.211958442956439 -0.0800251561969213 0.0366082891930618
-0.0910138076989644 0.302485737558724 -0.0255032868110077 0.0363052868183212
0.0503864232072847 0.291097237849198 -0.000652997391865524 -0.0126770544994922
0.147959763162048 0.229461022767076 -0.0219646964778492 -0.0314564366019396
0.209652975725004 0.14632525562577 -0.0367468066997842 -0.0463158876549193
0.208374601915721 0.11653507427277 -0.0391581717568688 -0.047292498402578
0.223628600334099 0.100580147275068 -0.0464388485615985 -0.0478254741321556
0.220105290277807 0.18119006719816 -0.0406746319169311 -0.0637103308234448
0.147654867094734 0.25096813531235 -0.0187632492378809 -0.076135970850649
0.0555109097748997 0.337048129459491 0.0287746245278823 -0.023174723676509
-0.130656114443784 0.322529166990903 -0.00851460328290437 0.0472675190376529
-0.303670436382788 0.177214491354703 -0.0481329785282573 0.0479332506885932
-0.364001195464889 0.0813172518466999 -0.0602930623767711 -0.0122913736859609
-0.320049189189528 0.022220172790313 0.0350825387335162 0.0595004472509922
-0.331070811444025 0.0819126599521735 0.00491733005023031 0.0194081851370831
-0.246240810782815 0.232134340842359 -0.0598622551325481 0.0252670329809001
-0.092208437252258 0.318082450293196 -0.0360598903276593 0.0515844547067607
0.0508413729841583 0.306725234150319 0.00548095131522956 0.0539912804430248
0.153319553573658 0.244086650362226 0.0272440223947937 0.0463806260135348
0.213326068765775 0.15804360781482 0.0429200753577189 0.0192584398634733
0.207832704480954 0.12417245642297 0.0528814017407473 0.000446799203535527
0.218809033397427 0.107347916319624 0.0431611105723634 -0.00501881234512603
0.21217815574237 0.1834351549189 0.031065620182148 -0.0209134068075421
0.139485872941092 0.249913252276571 0.0231397451513625 -0.0357833788637145
0.048918660150967 0.322742872332146 0.0495414226424475 -0.0150056010267366
-0.116424465936453 0.306437117548757 0.0193718333121065 0.0259032667865999
-0.2782723778925 0.181890495913048 0.0105334575631636 0.0085924092306258
-0.351187555360474 0.103565915468077 0.0606047437151972 -0.0299782308148682
-0.274313629742994 0.0414978547440255 0.163552678560976 0.0686843922383352
-0.272855656690562 0.0949587642713473 0.0967444543290959 0.00427816755427741
-0.192893989044384 0.20998469687311 -0.0218032918362585 0.0154084301541004
-0.0683666685947997 0.267509520353508 -0.032847626548934 0.0616692798112031
0.0440823749649095 0.259721985431277 0.0177720356259946 0.113352094136814
0.133565554885613 0.211057072751277 0.0785465523738566 0.118059315466229
0.183345080735963 0.141652765457483 0.119537050488863 0.0824605472081942
0.175958075371557 0.114187191002284 0.136987622466051 0.0480844996023859
0.180586378430478 0.103672781930408 0.122178531386 0.0378896480284125
0.167723391733134 0.16643363018608 0.0917662149131286 0.0242783798039815
0.095421278807998 0.215272955879702 0.0560118268732198 0.00959147518108238
0.0140484882611897 0.254561583377801 0.0593758064325846 -0.000796455169723409
-0.0998044308499211 0.229710633330844 0.0374664760589859 0.0066789038209967
-0.216828558181468 0.142946190404259 0.0548427361171531 -0.0285199130696701
-0.286501989202191 0.100978456214235 0.163152751811881 -0.050070561897113
-0.181542707187082 0.0552380002996827 0.271406980718051 0.0704214679390741
-0.162150907794656 0.0859221951669612 0.174997962224086 -0.0134103751295912
-0.100982968268389 0.143213852176161 0.0219266074195981 0.00163173139517544
-0.0323788426716426 0.162105589117715 -0.0179453821789807 0.0600548928100197
0.0277024637775775 0.164768826773412 0.0325415452129631 0.149445833113443
0.0906030112769879 0.140373079226166 0.121821435934819 0.166468838968589
0.123809199852015 0.100840093165148 0.181680333923464 0.128726902980411
0.117746227344663 0.0861156020385002 0.202043649039827 0.0881500637723003
0.117249936744392 0.0859449980040368 0.179011427459212 0.0795265090644274
0.0994962256394439 0.127575216841459 0.129559700126783 0.0726108395690234
0.0395219882614822 0.151608023754001 0.0697711408672349 0.0568569970541544
-0.0217837592474824 0.151742599232007 0.0522698216686675 0.0169520204701586
-0.0693010208626861 0.123582182004921 0.0434336753923971 -0.00695454188146297
-0.127560719642573 0.086432768654955 0.0824044532385869 -0.0521171749930183
-0.183787534261806 0.0842228707958087 0.234203946542444 -0.063674856329623
-0.0570854228575029 0.0541626338891699 0.340883173725854 0.0633776065243791
-0.0288878587023235 0.0513679759570753 0.224747423530449 -0.0379584565861181
-0.00458228854789228 0.0456652142359051 0.0580129688689192 -0.0210754460005968
-0.00645059903817076 0.0330523090779272 -0.00312195957732173 0.0442282014389897
-0.000986474597559266 0.0510322752943955 0.0454814833317762 0.157040202865731
0.0280748879474061 0.0535896176174431 0.148820912638486 0.182626257712653
0.0426685681358784 0.0480969919618901 0.217288445007889 0.151507119288578
0.0414743589287862 0.0452802285346122 0.235836308318165 0.115119758994662
0.0401412420151542 0.0515068566885633 0.207067870268196 0.114085572367508
0.027266270274898 0.0656634296808792 0.141678415811036 0.115545951780971
-0.00631808640889335 0.0668230106631509 0.0622481301665775 0.0995032958305845
-0.033704403970156 0.0374785104666897 0.0314940990834255 0.0313565064659543
-0.0166771147301094 0.0231047396472417 0.0424444014392013 -0.0175632013978308
-0.021483338585353 0.039097152761523 0.0969458916147099 -0.0629741093627774
-0.0603425617998159 0.0663443995119194 0.268235801444543 -0.0693072935947264
-0.0735164546487717 -0.0233257376769804 -0.281226396223601 0.0762126791580759
-0.0835395404694278 0.00130472579306409 -0.150619485134194 0.102366033844088
-0.0500273988481212 0.0604405004098428 -0.0435215141265376 0.0419496670634651
0.0136791839487997 0.0661705886913918 0.0080112465247346 -0.00893013074527208
0.037142478503208 0.0333312903283763 -0.0333732916420141 -0.116285888827118
0.0350521669518346 0.0146443250395843 -0.130428552406599 -0.142340988170957
0.04011379233254 -0.00260213400352194 -0.205759923245283 -0.13423031877508
0.0424602587444147 6.41278944052181E-05 -0.243418230688984 -0.119114830543153
0.0526790750772882 0.0035892924515468 -0.238099040581284 -0.134138817253199
0.0542892304598396 0.0312016369828315 -0.178737195965097 -0.156797453939801
0.0381029417184671 0.052948545537606 -0.0842232501624397 -0.150387679187
0.0104281077731283 0.0913010866016897 -0.0267487712527552 -0.0517735642547695
-0.0645109463351029 0.0721839310809925 -0.0757551731446602 0.0380789718142407
-0.102309396247573 -0.0107495613649958 -0.184372078061923 0.051439424250543
-0.0795818416954787 -0.0420298649532665 -0.347492069079307 -0.0350534466615159
-0.180205230660911 -0.00735017228572384 -0.259721442671983 0.0600934377240404
-0.181945074509752 0.0272838235973233 -0.156442494445629 0.0841902114233817
-0.120969438814682 0.125899844085451 -0.0614119435811197 0.0502980758593574
-0.0162002731859135 0.161014865974379 0.00728591687254496 0.00584223780145852
0.0554605472825757 0.131898284600425 -0.0180432708187823 -0.1042876898792
0.0913617721976254 0.0947246276116962 -0.105039840870814 -0.132573726148729
0.120885807317843 0.0511831755312839 -0.174565713813359 -0.127696119016825
0.123215489749778 0.0461210877662849 -0.204665760199166 -0.109779323063583
0.137337706780049 0.0452025977982176 -0.204571768840018 -0.114351244497171
0.134377176915136 0.102954242251248 -0.160354348950529 -0.135376102227472
0.0856898483031267 0.14764268685023 -0.0810267206487531 -0.135574877207443
0.0236940583830112 0.208701941180345 -0.0144190191983163 -0.0395762903149245
-0.110340689719317 0.185236699957009 -0.0641221296969915 0.0604561383735292
-0.213931107844446 0.0643494574123189 -0.1587890576091 0.0757766258458979
-0.21984423182785 0.0015080430780566 -0.286562898284023 -0.00887662770153601
-0.266639154213976 0.00636995177043671 -0.194915973881669 0.0529741496537181
-0.269705549977272 0.0500016692670586 -0.135120806110258 0.0627289280031462
-0.188571222094717 0.180635488436836 -0.0776050280486721 0.0499616482568317
-0.052556210055589 0.246494440340264 -0.00569935851861823 0.0214725594244645
0.0636454820314894 0.225064956478534 -0.00913827894688403 -0.0692652605239479
0.13490943812296 0.171573851426829 -0.0699339123395993 -0.0940650459955019
0.184230250054554 0.102499195981062 -0.117782622802321 -0.0964949001558296
0.185637711700422 0.0836664940163776 -0.133688401510842 -0.083656427596512
0.201429945698991 0.0735227137793331 -0.138623629601273 -0.0827353034426675
0.200435363875491 0.149526728430749 -0.114491174492755 -0.101150355402035
0.13483722223205 0.215161476515813 -0.0618876917989948 -0.109189166671941
0.0538939243366683 0.298018686015102 0.00416417443493779 -0.0324525306611022
-0.12395109034284 0.28356588361256 -0.0373444495557515 0.063589530164909
-0.28219299373824 0.144160212894311 -0.107855814491342 0.0771643653723419
-0.320240819650487 0.0558103360129052 -0.184496722860682 0.000190127166346879
-0.318877731291193 0.0210569117708888 -0.0912726825232284 0.0539217266641152
-0.327288956552364 0.0757002117691102 -0.0795893595223314 0.041087852072614
-0.23478581876146 0.226996635506484 -0.0785945343900303 0.0410884315471287
-0.0763212101916705 0.311645101629659 -0.0231501951599219 0.0380366451338695
0.0682257746875062 0.292136259902971 -0.00304928531067215 -0.0130629596413573
0.163963403405132 0.225547973447184 -0.0241999650992588 -0.030067403289753
0.221875377346643 0.137455431598205 -0.0422211594430324 -0.0444087107231568
0.218729479754814 0.107727885902819 -0.0431028939096218 -0.0455785816809824
0.231734944566843 0.0902136440350551 -0.0504571230123107 -0.0455824523824374
0.235103363182432 0.172271920868178 -0.046909066235827 -0.063194918171958
0.164114596385588 0.248631819053872 -0.0252841736188019 -0.0749847032062108
0.0763658994026056 0.340292345243055 0.0269351031332221 -0.0275462163888785
-0.116152600287169 0.333686114011127 -0.00558925091799366 0.0493304284789982
-0.300858043723036 0.195893657834364 -0.0462740287705027 0.0500338752614576
-0.364217102847009 0.101599013421377 -0.0617383062594425 -0.0120229608276937
-0.323543537028564 0.0388120653012191 0.0370745109586676 0.0576853892097768
-0.333087907526654 0.0996876918578928 0.00497696123173288 0.0204957302033639
-0.236425432632763 0.247732495734089 -0.0581281811060297 0.0294053856600266
-0.0764427063586315 0.327095244752118 -0.0338189995287759 0.054447460218201
0.0683234366795364 0.308268870773729 0.00672013484834727 0.0543603993002529
0.169601073687743 0.239650282442062 0.0307215449915084 0.0465320074149162
0.226825978145738 0.149726136928466 0.0429465543323237 0.0177505745948135
0.218342238440182 0.116416372337328 0.0535314598972751 -0.00243752453212998
0.226946342850943 0.0980662996843041 0.0430656635181711 -0.00724926462604226
0.227409958546901 0.17487691266157 0.0290212493190924 -0.0232285004749016
0.155905446409634 0.246357114429323 0.0192002379409022 -0.0360749528920506
0.068401323610613 0.326042389185321 0.0483322512242393 -0.0202766690581844
-0.103231217674459 0.31672443569001 0.0216107965730006 0.0257142728612709
-0.274555645619766 0.199069638749353 0.0115339541397125 0.00800264890941785
-0.349786445041383 0.122309259667809 0.060318122419902 -0.0363759943880817
-0.277228936285119 0.0571682072862529 0.168110668623079 0.0604110434613785
-0.273968654535724 0.109777206093224 0.0980491011193072 0.000270171176638219
-0.184063434613212 0.222723479693277 -0.0206472317522718 0.017526718569849
-0.0553604572555213 0.275201056423214 -0.030089940760218 0.0655598300438427
0.059035739812724 0.262016722365465 0.0231746732806498 0.114672171164967
0.148019361899392 0.207649912828293 0.0865517289536961 0.117499848357272
0.195361238172043 0.134256644105547 0.125344823512709 0.0781850325803712
0.185172450685474 0.10749150693705 0.141911918020761 0.0406253254685817
0.188598110224705 0.0962403581506115 0.125835334713042 0.0317746006125008
0.17998337541557 0.160136325166286 0.0935191459880514 0.0198714107314529
0.109593259655908 0.214335241404659 0.0559273142504699 0.00832694507340293
0.029451646530227 0.259369066801921 0.0587880845106711 -0.006216265614603
-0.0893658002043223 0.237554954043459 0.0377844953248627 0.00520837538411222
-0.214430584476632 0.156244641856946 0.0542737165289706 -0.0309601992962531
-0.285308045411343 0.115848092729284 0.163370559923011 -0.0614536149326273
-0.181685271317693 0.0655669468821504 0.27840387612013 0.0557327666157149
-0.161072677272383 0.0957720519572616 0.17696930896457 -0.0229677022227903
-0.0943639084154995 0.149834630881562 0.0232666254424613 0.00198653737907268
-0.0246202874625216 0.166282881557066 -0.0156165347870242 0.0633129363890742
0.0369011893607737 0.166403578967693 0.0408480780394772 0.150661231798302
0.0996261704162844 0.138083404782295 0.134227318588982 0.16392567509579
0.13204142593553 0.09632808668281 0.191767275345765 0.121575666479069
0.124896373203266 0.0822246100180244 0.209869806476912 0.0781378885860878
0.123808444822714 0.0813032697166906 0.185791479602895 0.0700621206925341
0.108255292403184 0.124182682075265 0.135269756365245 0.0667064190666741
0.0488340296133719 0.152076347930776 0.0733277157776415 0.0555157202091555
-0.0133483699021415 0.1559736753961 0.0525421963473118 0.0129666682418475
-0.063594767335637 0.129002455005152 0.0426237426927608 -0.00888007941608268
-0.125665590429069 0.093477433778232 0.0812701656848349 -0.0567321432866657
-0.181905913667606 0.0945984510634891 0.235948542382677 -0.0784178658364935
-0.0551971668903906 0.0584508812789015 0.349117962834041 0.0448936399460536
-0.0268516862068852 0.0537145756124259 0.226817346336051 -0.050012421779891
-0.00160480720697565 0.0452974566207458 0.0584632353511936 -0.0227213687814834
-0.00491945522136468 0.0338976364333701 -0.00169517212658126 0.0463668950722557
0.00126198340180416 0.052387445871198 0.0546796532558591 0.158126799408631
0.0318500436087509 0.0528519077417166 0.162426520912478 0.178645360341593
0.0463511617986509 0.0467322342185644 0.230293649976552 0.142843911629215
0.0452889164659336 0.0451164481434153 0.246186363449751 0.103148203786775
0.0435605269267646 0.0503392130302794 0.216460386564129 0.103801207925714
0.0317712735961734 0.0657231500282909 0.150188065115845 0.10956470079495
-0.00218908784720383 0.0681107198213063 0.0687108276500214 0.0984652096984633
-0.0320296994008885 0.0401990666479904 0.0320418592471214 0.0288861201306485
-0.0158057649465897 0.0242202697588139 0.0404183262451082 -0.0206235457189957
-0.0207474135405348 0.0403603050417336 0.0958422091706296 -0.0672818052645083
-0.0579237190701506 0.070397593029725 0.270959439295778 -0.0855585786333261
-0.0734558420619666 -0.0185728331104092 -0.274768018995038 0.0920811922042533
-0.0821652983395229 0.00539722424282289 -0.142901424417538 0.109514449778823
-0.0450945739802403 0.0629188442841825 -0.0396306445293539 0.0435055693454262
0.0176036150109559 0.063891534797694 0.00909531379112642 -0.00916941189878037
0.0388168843512617 0.0295092565083569 -0.0397301744841649 -0.112176911187976
0.0351539978554285 0.0122001098205217 -0.136921574968328 -0.132926022624106
0.0387812479347544 -0.00490893632738243 -0.211540832545862 -0.11994083022908
0.0413494739421569 -0.00305730068902322 -0.247766555679727 -0.102824928469788
0.0527584132891649 5.23212859744604E-06 -0.2435923603171 -0.117785817539665
0.0562427562623969 0.0276829153298295 -0.187471636073389 -0.144258022268495
0.041248260514026 0.0503659584586207 -0.0935252181654096 -0.144567007145271
0.0168363273896342 0.0897729199174873 -0.0289537428201882 -0.0508127490363079
-0.0596726671688183 0.0745596971229967 -0.0712817105288615 0.0408829766564938
-0.101661533521362 -0.00342077822522502 -0.178834760425496 0.0584669109641119
-0.080143771171256 -0.0366382056913096 -0.345656312502717 -0.0147217437284946
-0.177073095815046 0.0034582731909726 -0.254078460665142 0.0747159055016935
-0.177549482766914 0.0369130815919983 -0.149584812211037 0.092623957656745
-0.110237363205312 0.130592772571915 -0.057115126546499 0.0524038207061414
-0.00628369443871251 0.158564510753155 0.00892847083095429 0.00577337594509786
0.0629504184829487 0.125045778542199 -0.0245148211126617 -0.101557371705455
0.0958757080534545 0.0880957278212771 -0.111935722946885 -0.124313563399431
0.121666070214588 0.0434667509862718 -0.181408313106273 -0.115126915205202
0.124320459042259 0.0380162188666408 -0.208963351490528 -0.0952237925127927
0.137916250312983 0.0358419696635125 -0.209336433689884 -0.0998605618466728
0.139751520695099 0.0931516470901117 -0.16827307457646 -0.124071077407754
0.0937201767864003 0.141270258656586 -0.0896062721361983 -0.129403121747141
0.0369263325000619 0.204452097748372 -0.0163172777995047 -0.0402150690205709
-0.0986209300802821 0.188648200149868 -0.0575851287869057 0.0625994560570525
-0.208388140677721 0.0766602582161542 -0.151731635322903 0.0815599897910295
-0.215327458807044 0.0136187559042404 -0.283175989912019 0.00670916508548688
-0.261427680822533 0.0223538348644695 -0.190693761343585 0.0637119768420091
-0.262330115488522 0.0642391236030778 -0.130634071448876 0.0698603441546962
-0.173689026693122 0.187871491718011 -0.072659001722737 0.0529521073741855
-0.0369537199418619 0.245146304598068 -0.0031641476653838 0.0216246769231208
0.0763979177435588 0.216313684509456 -0.0145954097753271 -0.0673841629989308
0.144014976663343 0.161065344651622 -0.0746336969992721 -0.0880816420160607
0.188357778173939 0.0898539172013069 -0.123911487602182 -0.0874399200247391
0.188383531214016 0.0717690225436432 -0.137144510553844 -0.0743594947915266
0.202496282286528 0.0604520684365295 -0.141929680628785 -0.0722572938328713
0.207413519456323 0.134619147641516 -0.120842208991081 -0.0928075124370451
0.146300973630673 0.205002715989126 -0.0695009923023359 -0.103223313969046
0.072089632550469 0.291135228064419 0.00182882848153863 -0.0344500049369919
-0.106053019393245 0.2857881931235 -0.0313382175931271 0.0647772599921218
-0.27149525556681 0.158334802966449 -0.101380661275164 0.080268922204426
-0.310653392047911 0.0720323760067571 -0.182730163492075 0.00881131053738669
-0.31175041234456 0.0395451581193025 -0.0885839040995207 0.057603487023878
-0.318531323244078 0.0930807810457985 -0.0766045296186774 0.0453994633050838
-0.216388754998785 0.235723842689809 -0.0745649927731048 0.0448072067713883
-0.0569883605099525 0.309308239215534 -0.020309856259025 0.0388867893217034
0.0850146350728008 0.282356413551356 -0.0055239832711345 -0.0125852333647903
0.175568327300792 0.212414998322393 -0.025140281548864 -0.027323573146139
0.228068895057007 0.122664776832544 -0.0456027060632861 -0.0402257153282088
0.223327391158863 0.0938226950838742 -0.0455727877191716 -0.0432613230046768
0.234117183618266 0.0759395829166538 -0.0531736732111491 -0.0414991769020879
0.244057177295673 0.155250785691745 -0.0513637752741396 -0.0591293002113725
0.177253714107293 0.235706239746744 -0.0314475381863114 -0.071035508548354
0.0968312920591382 0.331619550982341 0.0239247964816483 -0.0313168843834152
-0.0957358017514488 0.334396730430996 -0.00134173330066099 0.0485848246543275
-0.286686094126702 0.209702359125414 -0.0420903444660623 0.0513580471483849
-0.351162893921798 0.119537772847329 -0.0619095934658059 -0.0101952571836274
-0.316397458585381 0.057648975990069 0.0373179989327502 0.0543653382669763
-0.322839630541974 0.116652928516927 0.00494792770407737 0.020560770553223
-0.217027798175896 0.255899093844962 -0.0548266921893721 0.0322716297993107
-0.057006120324386 0.325422642574325 -0.0299498864330231 0.055867529489817
0.0859830250287292 0.298988443201807 0.00851959537597504 0.0532006140197718
0.182335704054068 0.226245337908111 0.0329875388339789 0.0451488156446398
0.233085036137133 0.133747314071838 0.0422549719452737 0.0164490694855404
0.22347705977847 0.102214073339497 0.0522446173598779 -0.00620278799942536
0.229303827901517 0.0832819411295366 0.0410450463225723 -0.0097836628984411
0.236513542686261 0.158491148339478 0.0250921358371816 -0.0241508164222637
0.168415125693866 0.234019112571453 0.0154476408184514 -0.0349492992154681
0.0875375414929645 0.318006218913645 0.0444978799681235 -0.0251843053470642
-0.0830309379466863 0.317161926023648 0.0230289204599847 0.0245040987396287
-0.260917654358495 0.21132813172859 0.0127735922057078 0.00735893244163142
-0.336115329932532 0.139208902382326 0.0573848312525885 -0.0415810095570549
-0.26889604410338 0.0724691397219986 0.167128900042151 0.0493046409963941
-0.264430533565013 0.123590086190931 0.0958115086630335 -0.0047524354575712
-0.167063504189781 0.227896791776884 -0.018193160254417 0.0186962025066601
-0.0387891928332581 0.273696918034294 -0.0263292677539968 0.0661920651324872
0.0740134724347524 0.254669215739042 0.0284376597810679 0.11162336131955
0.15866225673182 0.196302258321622 0.0934991834530054 0.112068563137918
0.20192089440666 0.120815643456063 0.1279645783216 0.0702063127021824
0.189917732553022 0.0961214954713082 0.142008895948623 0.0311670710095319
0.191188497046154 0.0845262708782297 0.125250357970042 0.0235151292142223
0.188371046902503 0.146532140062736 0.0919810173543238 0.0143546450767245
0.121326829589863 0.204381852654091 0.0549419478629464 0.0069427374477529
0.0451431751068117 0.25350312194834 0.0553178572115306 -0.0114966595467791
-0.0743273472733005 0.23900125159819 0.0376957709723607 0.00341201642804761
-0.203632813096084 0.165479417251419 0.0526921978590517 -0.0329073060750201
-0.272353984778533 0.129650493494048 0.157998894334942 -0.0721782924013737
-0.1747562761639 0.0761883514358025 0.276533552688521 0.0387087554851535
-0.154144486500418 0.10372317136047 0.172826357763917 -0.0318197883616172
-0.0839418775493813 0.151764303567944 0.024037398923961 0.00145479052269155
-0.0152575294798957 0.164889351799673 -0.0124686666910464 0.0639311297552961
0.0462175812339689 0.162843118725623 0.0492324531657315 0.146485260703963
0.107047994541492 0.130367750288688 0.143224964028159 0.154481786223483
0.137294936520077 0.0873161530121278 0.196846372317503 0.109464962938858
0.128944558253509 0.0747296505615323 0.211477704191809 0.0631735918607382
0.126082126886496 0.0737308333905077 0.186936479303201 0.058580546775273
0.115135739197505 0.115661229504974 0.136415591712921 0.0572651394359687
0.0577784452409997 0.146904137846609 0.0747576985888028 0.0519285743691496
-0.0030834392508645 0.15493412881688 0.0503429684984666 0.0079097553823659
-0.0551577136551323 0.130677237151921 0.0404520503527727 -0.0110869483186204
-0.119954815011629 0.0984233480070569 0.077295245690189 -0.0590089754964441
-0.172816145165752 0.102449128324564 0.228998258330026 -0.093302680083584
-0.0504907689567068 0.060814150935792 0.344859416041544 0.0240428492501458
-0.023791297086304 0.05458153711685 0.220286983263438 -0.0613359195896849
0.000667174592338286 0.0439770331873916 0.0566468581370574 -0.0246504377446718
-0.00301426633829392 0.0335276456489761 0.000416344465679593 0.0469644005531632
0.00433669519127327 0.052490823971498 0.0635117759224541 0.153149375906621
0.0342941546800779 0.0505182285222771 0.173006853686025 0.167567942185587
0.0495201600327184 0.0433565643824611 0.236817825805363 0.127382833304666
0.0478835839600995 0.0422372913021437 0.248939071191712 0.0858367059834216
0.0458992805870324 0.0480060954776694 0.219432765781338 0.0887240032962178
0.035087385739739 0.0622925008779981 0.15448774621367 0.0989806703138051
0.00203319588805682 0.0668889062540182 0.0734333489611992 0.0931271667006542
-0.0291762684589205 0.0421760300439187 0.0312940288902682 0.0255630171889139
-0.0138872508635505 0.0249120441987041 0.037091867842492 -0.0226221198041286
-0.01879100679959 0.0399746781586258 0.0910815141009573 -0.0708141481246211
-0.0530138674104817 0.0722993730691669 0.262618796345243 -0.101108946271342
-0.0707747039297252 -0.0149069890906519 -0.261373274067521 0.0993334822090488
-0.0788265671603345 0.00831091928533344 -0.134124555362734 0.111266788120873
-0.0401359002114993 0.062095529387068 -0.0365927614357655 0.0431158743865156
0.0197058021288934 0.0605454031659184 0.00976431649643677 -0.00943962741806936
0.0386064626016056 0.02590770666841 -0.0428331504888782 -0.106176436862121
0.0346055629879681 0.0100499015456186 -0.138203141989214 -0.122870091537626
0.0369451719099047 -0.00660393691972287 -0.209588825604374 -0.106297569338175
0.0394125529685638 -0.00508005311091494 -0.243124481311691 -0.0889222640175622
0.0511584530331776 -0.00316865092278973 -0.240206067885061 -0.10305338198539
0.056302373086382 0.0243629515518433 -0.187642529256746 -0.13300626628108
0.0419399369301788 0.0476863507420554 -0.0970771032235254 -0.136801221388355
0.0194943171731638 0.0860080816259785 -0.0294568818760167 -0.0486756454165451
-0.0552149024929549 0.0739377603716798 -0.0656680992957556 0.0406521731410893
-0.0981430429555691 0.00124129964916709 -0.1700014901019 0.0602467811916579
-0.0778018115036263 -0.0321841601987631 -0.33282425857495 -0.000989261371618509
-0.169223490371396 0.0105435073778262 -0.243616055705952 0.0820332292635526
-0.169450236391283 0.0420308076474265 -0.141326910859946 0.0942059538428042
-0.0996796196109578 0.129218915777535 -0.0526791081520288 0.051729701133195
-9.17362611926608E-05 0.151875005480862 0.0100760906828118 0.00460299684438214
0.0655862870960179 0.116764271683832 -0.0285739503631556 -0.0960134948294014
0.0962185148194227 0.0809409831009681 -0.112584501291706 -0.11495591531657
0.119247171948037 0.0370399639618659 -0.179604962355324 -0.102733490490893
0.121504999434042 0.0312682186383679 -0.205059723848038 -0.0839956995287527
0.134549412273938 0.0285731413622605 -0.206157586899604 -0.0872912131319268
0.139149735208747 0.0841523724848748 -0.168668962055418 -0.11337155884844
0.0960522339560484 0.133083517690164 -0.0933434978196875 -0.121581739906428
0.0438806911334918 0.195709054146146 -0.0172776624378908 -0.0398358719077456
-0.0889983212282132 0.184964305920737 -0.051644397205349 0.0611417720058945
-0.198098638326126 0.0820378717495086 -0.14319183349893 0.0822100759137022
-0.205906232773005 0.0206397745319846 -0.272983242995257 0.0160992100378199
-0.249390620241002 0.0313784338734001 -0.182765171054191 0.0683674252671862
-0.250128180792282 0.0711994970732799 -0.123603118863283 0.07193444378646
-0.158226724170144 0.185972341133721 -0.0674853767285384 0.0525645816047537
-0.0264843478722795 0.236096816755868 -0.00151171056890307 0.0206572842620377
0.0822476635476424 0.203891693392405 -0.0177178849261109 -0.0642476257767755
0.145825245087148 0.149555799126304 -0.0750991535468875 -0.0812033169251907
0.185396817727107 0.0790792935151405 -0.123769780436694 -0.0777699094926477
0.185031054427889 0.0615784107008331 -0.135831276599165 -0.0666795259662402
0.196949256854023 0.0501370125205046 -0.139839344152323 -0.0639973686953797
0.206658186551251 0.120844942608745 -0.121582848931446 -0.0846593402277138
0.149696583243359 0.192294467961965 -0.0725966583423263 -0.0960729351988465
0.081107465573981 0.278122378358149 -4.49880510882963E-05 -0.0358325135463806
-0.0921436127618294 0.279169006648992 -0.0262829327105308 0.0626297136519281
-0.256782696378789 0.162893942241223 -0.0945288889988866 0.0800097783006227
-0.294694027985229 0.0802019116231066 -0.175311717133155 0.0141652299237438
-0.29698529510664 0.0503762067681032 -0.0850821122515803 0.0590954664397628
-0.303720098655504 0.100670201190466 -0.0727809029824288 0.0469870836765191
-0.197570555619863 0.233163748184794 -0.0695270529554652 0.0450287848907317
-0.043441377885553 0.299052468973799 -0.0177944255004538 0.0380222366639838
0.0924936947015377 0.267568589083019 -0.00730634006572101 -0.0118446830223834
0.17821249703962 0.198045991210749 -0.0250217144701702 -0.0245934529893129
0.224576362603632 0.109263734056638 -0.0465409383570551 -0.0356348846940175
0.219081126885227 0.0820269922776618 -0.0461692142643181 -0.04060273530822
0.227765640318866 0.0640878645809257 -0.0529092811729917 -0.037631354457255
0.241451844621184 0.139900199606367 -0.0533994192715103 -0.0547071686691347
0.180257368496008 0.220741985512197 -0.0345559569166194 -0.0660931806415833
0.106995037533668 0.316831074721863 0.0208381673962795 -0.0335621581609614
-0.0802195637811583 0.325463466992609 0.00186469563313851 0.0467360533225461
-0.269331578674288 0.212457736050648 -0.0379382644545384 0.0501893377709165
-0.332599186637077 0.125322259128941 -0.060340727364113 -0.00934203090766253
-0.301232455120656 0.0683958199310299 0.0362782213914799 0.0512795400435907
-0.307419409594301 0.124456034858837 0.00546080403131181 0.0198501852242143
-0.198303034289306 0.252078576603277 -0.0513838554113041 0.0323934207816507
-0.0430314874448799 0.31526144100477 -0.0268999184795748 0.0549099734971918
0.0943626263379384 0.284082970318458 0.00873819141562625 0.0511948839745085
0.185678472764003 0.210827915312779 0.0345529203455676 0.0431631796348506
0.230398793784932 0.119867666367044 0.0411286691025855 0.0155091666450207
0.22030758076735 0.0903737416060235 0.0494542395994011 -0.00907507505819598
0.22357497744285 0.0724952964968495 0.0386663137951168 -0.0109621703405684
0.234043557122858 0.142900137710207 0.0218588264067686 -0.023869213881541
0.171876577967538 0.219958441991502 0.0122745008438682 -0.0324909428336951
0.0984957155145458 0.302584739949 0.0398725131649128 -0.0282725720199934
-0.0685934739502888 0.308712266547253 0.0242787329441662 0.0228140094007265
-0.244464403413449 0.212625834959387 0.0128182299618801 0.00671090162309756
-0.31698741223155 0.144588994720668 0.05320663763191 -0.0439931100853026
-0.255313436209113 0.0801294455356538 0.160616504766499 0.040921991710226
-0.25111450525766 0.12845404587481 0.0922571880675182 -0.00796268147002133
-0.152032417057375 0.224253703571014 -0.0163339134131833 0.0186328411333135
-0.0277136043164692 0.264164202714104 -0.0233998978310449 0.0654303122939442
0.0813145698196072 0.242962548346914 0.0305040927086584 0.106765240260555
0.161360050166395 0.183121039890746 0.0958073582960772 0.104166897755662
0.200092905526478 0.108231617126536 0.126583638919223 0.0641269553763391
0.188704195640831 0.0858576172322412 0.137436327322999 0.0236169907710969
0.186731056244552 0.0752940688132727 0.120863126746694 0.0181541021515724
0.187396954065172 0.133512437455567 0.0883410286124664 0.0106368102144948
0.125466153795526 0.192643613675011 0.0518444613189316 0.00577985837020526
0.0548303390712923 0.243111994446116 0.0505786853114738 -0.0148389049128128
-0.0628384376923773 0.233090657672346 0.0363221822476168 0.00215797663516426
-0.191199694404859 0.166547628820458 0.0499585472144926 -0.0331663283736801
-0.256916538968467 0.133007825664933 0.149675799128204 -0.0772396110216567
-0.164487721821247 0.0798215343617841 0.265763622293319 0.0271085246710792
-0.145114750523397 0.105544280316108 0.165220554407541 -0.0366280608012894
-0.0745008514562868 0.147629638039491 0.023697471926671 0.000838616683185877
-0.00873738501924903 0.159466499864249 -0.0104364784217302 0.0624856716169161
0.0508392630293672 0.155724982114914 0.052440290657984 0.138913343841495
0.108909371565584 0.122165885640463 0.146034534481743 0.144051673963682
0.136482298273054 0.0784664688632929 0.194927397790887 0.0982374439238385
0.128199472986964 0.067658054548982 0.205351142401655 0.0521507662729419
0.124500634350519 0.0672861824637096 0.181728920222918 0.0480778516976002
0.115661412091056 0.10686685258575 0.133201955461826 0.0505123366222609
0.0614447426076173 0.139236565069749 0.073746874212935 0.0480818428979382
0.003696320275791 0.149052518376083 0.0466380672992068 0.00462092179034281
-0.0478532693172798 0.127511671692839 0.0375397233712009 -0.0113969960424751
-0.11283772198282 0.0984717191572957 0.0731037966930391 -0.0582813131789019
-0.161884507642876 0.104650156260356 0.216671810193337 -0.099761402107229
-0.04544127020675 0.0606610159914722 0.33243967810509 0.00984035581651292
-0.0209188061025958 0.0536154348125127 0.210345733863178 -0.0665958265696302
0.00208140742471004 0.0413571425943937 0.054266752072324 -0.0252262278511544
-0.00196718601659414 0.0320000728055618 0.00116806827328427 0.0464336452651855
0.00640924724776348 0.051283650206673 0.0676925514119537 0.14534923855771
0.0352058745471315 0.047549820704899 0.175023832485418 0.154974525380788
0.049706038508165 0.0392905364314788 0.234099217370585 0.112633613665424
0.0486172994527646 0.0398024305628728 0.243094178742965 0.0716670325789031
0.0461323710332475 0.0453552819143264 0.214498322214864 0.0756009285822535
0.0364581831043204 0.0586713719189911 0.152229469018803 0.0888223635023491
0.00469276442801771 0.064169705590844 0.0743658963901027 0.0874525465317929
-0.0260957141073877 0.0413079848575707 0.0291909147009328 0.022889781581009
-0.0118729438504247 0.0245765659964573 0.0331476470742876 -0.0231548243124866
-0.017514658141225 0.0390614091592625 0.0860231294120646 -0.0704787053175251
-0.0479945978313908 0.0712254037712952 0.249434740547484 -0.108857829040723
-0.065124619618472 -0.0172632548282041 -0.259268618227572 0.0853822659411569
-0.0747883919259585 0.00315089338426602 -0.133496189032596 0.103619620271245
-0.0413508156563133 0.0584704199682306 -0.0335888624946901 0.0408584621244779
0.0157778012143503 0.0584499845845825 0.0137523516186745 -0.00715517841536797
0.0347770544624443 0.0270593013142406 -0.035266788861914 -0.102217970166003
0.0323415838767422 0.0122628532939767 -0.126759717872504 -0.121978475271331
0.0340757208436549 -0.00575380961753753 -0.198962038319408 -0.109076451348308
0.0381162492420306 -0.00369725194193207 -0.231024309278441 -0.0905172083557778
0.0479574232597294 -0.00265438489276367 -0.229266547332421 -0.104794439442182
0.0532869017107961 0.0249076753605515 -0.178904685358318 -0.131439707137853
0.0394755057447831 0.0481181575391255 -0.0909299447615142 -0.132958208636313
0.015692111801746 0.0826760350021409 -0.0276881422844578 -0.0455019194342206
-0.0576993614824982 0.0701343272751621 -0.0664780283175207 0.0342471104631708
-0.0980869165331853 -0.00132113088891313 -0.166773379810883 0.0449730121152329
-0.0773402074050255 -0.0310637504221473 -0.317243905507857 -0.0217635793211449
-0.163178886387524 0.00176081768838362 -0.241794229947918 0.0732431497402443
-0.164344744829174 0.0314373377546207 -0.138413804249029 0.0891641582485037
-0.101965902045715 0.119198411340901 -0.0471730227524856 0.0505795711444825
-0.00743876317045802 0.144181171757565 0.0154949928989961 0.00844825805740198
0.0562948423484679 0.114820713412827 -0.0178483533388752 -0.0910953326726429
0.0890990490875389 0.083317543931663 -0.0998146462162494 -0.114248115714657
0.112003847284004 0.0405886057719352 -0.167797704666274 -0.105125078145321
0.117285634137399 0.0360203975979381 -0.194494521896531 -0.0848471194860256
0.128469346444751 0.0320282212233647 -0.196811296288968 -0.0876509878444016
0.133391697916685 0.0858446698757969 -0.161053013340703 -0.110108474658071
0.0901157119301209 0.13437492746338 -0.0903211952001486 -0.114499716623098
0.0354155461598746 0.189625432736398 -0.0194844122970986 -0.0324311381837199
-0.0952663921176283 0.177217575319393 -0.0572748269939569 0.0556954776392767
-0.197610083328454 0.0742678292272559 -0.144005965568314 0.0653004333042445
-0.200576170023168 0.0165670056070143 -0.263641342343344 -0.00586623453212243
-0.243289621056034 0.016592087080883 -0.183430036209613 0.066880433932087
-0.245207873720795 0.0539906364962349 -0.119152243384316 0.0707437404602088
-0.162132103260718 0.170242966014608 -0.0591632211995241 0.0534473348456698
-0.0365494152099791 0.223211089640819 0.0049933823580858 0.0265697793469333
0.0675838920569616 0.199169023615483 -0.0055679821260053 -0.0584812707615909
0.134379204715772 0.15109126422205 -0.0628830162203581 -0.0810802402651201
0.17476605611129 0.0840800501963879 -0.112341812711601 -0.079519805308304
0.179395343458663 0.0691484661103584 -0.127146343949605 -0.067093924801029
0.189387868609711 0.0560650192139017 -0.133523136179423 -0.0622046109463414
0.198940746384376 0.124243325692283 -0.116503306095178 -0.0796684329683228
0.140020645254649 0.194409756583971 -0.0724828732628645 -0.0862870112951713
0.0694946286345923 0.270090735573524 -0.00532089822135441 -0.024120802747629
-0.101541807834661 0.268079160924975 -0.0357422158119652 0.0599101652921404
-0.256248150987822 0.149905532085923 -0.0998848114163798 0.0640817766761275
-0.287426694683968 0.0706553845387658 -0.172368567207075 -0.00518196958408918
-0.291415104924522 0.0311468710847863 -0.0888340457582375 0.0652448185470732
-0.298926776578071 0.0794383767826919 -0.0681315163232453 0.0503069813317468
-0.20302430692318 0.213441408332642 -0.0589209914631561 0.0476565627348735
-0.0560169259046971 0.282424534766284 -0.00972343968986873 0.0451295715582558
0.0752395590251087 0.260963743856655 0.00473291645957332 -0.00753941052224514
0.164280308374449 0.198805062778396 -0.0147234272138864 -0.0253274784728547
0.212126243784885 0.115574829178195 -0.0375005856156971 -0.0361765223193514
0.212561135261904 0.0914560060578512 -0.0410073390213248 -0.0395208482874368
0.219103313215729 0.0710422289548382 -0.0501782926601817 -0.0346965436508694
0.232404303226705 0.143607491429794 -0.0514055991509052 -0.0480771071866005
0.170170232885959 0.223687632926195 -0.0368301144577556 -0.0547057340774164
0.0937889116282078 0.307253686250451 0.0135513696459837 -0.0187128589162748
-0.0909753662564764 0.31334313829292 -0.00936709896706914 0.0476818962800274
-0.270789043739601 0.197164593151201 -0.0451452324216051 0.0392502350882214
-0.323594273179017 0.113401778235811 -0.0627873304415471 -0.0222901322582199
-0.297287584415213 0.0470014024700563 0.0288332837208709 0.0643005409345354
-0.305265874358973 0.101087898203581 0.00902916165497918 0.0283769348907367
-0.206154546554963 0.231904972194039 -0.0398184133105539 0.0367146376986258
-0.0564797845810368 0.298102998305724 -0.0192427905241122 0.0612491055669475
0.0759607240918162 0.276444998400292 0.018278869531959 0.0528693668903085
0.170550400905471 0.211736933685375 0.0403112494157866 0.0411729516804231
0.218000909104132 0.12659610076202 0.0457173882257666 0.0153269442997146
0.213630351330836 0.100205356691524 0.0496775176807394 -0.00703482166032997
0.215600655487216 0.0796763332607911 0.0371353260036294 -0.0065044171850959
0.22550296110022 0.146437414988525 0.0205397974333971 -0.0167873891011976
0.162253977401765 0.222353662177058 0.00696528160957774 -0.0211249365421819
0.0863146929903638 0.29384542319361 0.0314740478073439 -0.012930502459997
-0.0783839971383477 0.296303949729041 0.0130844708039042 0.0259203467317795
-0.245281055889995 0.198391534371854 0.00575555716871552 0.000960347236226984
-0.308192462354527 0.130617871868426 0.0469813621694018 -0.0488040103838914
-0.254440877992865 0.0602433434210861 0.150651189582657 0.0595571363375379
-0.251850396499145 0.108601862907129 0.0938242647625089 0.00406183923837656
-0.160236288738 0.207052085231509 -0.00713720360520389 0.0235686652649646
-0.0391478352230223 0.250835516038856 -0.017887603252878 0.0698073989398369
0.0660048649686245 0.236275515233493 0.035419852396734 0.105953997309957
0.148849726810281 0.183209994435062 0.0954802411004231 0.102028106287219
0.190296888833328 0.11465442232048 0.125914581980697 0.0648637932848293
0.182874601315048 0.09428729326937 0.133101356975176 0.0261928596650498
0.180622798786714 0.0812207053732234 0.115111478135933 0.0231243511068412
0.180389451900114 0.135919467780401 0.0832964503652276 0.0173597528924987
0.117349807743455 0.193746787261163 0.0445526415229 0.0151466593122876
0.046614561321798 0.234268290904614 0.0412547500590663 -0.00327709555396624
-0.0693664214260147 0.223135179287836 0.0267130977236341 0.00633316202370496
-0.190460733884091 0.153159408107384 0.0445889814719762 -0.0335082320249227
-0.248503277151344 0.120344524350879 0.141112277648063 -0.0734670092591095
-0.1666718977934 0.0647696489173685 0.254076046342492 0.0475689236762844
-0.148770607631349 0.0927579370837625 0.164185182308997 -0.0231803792942391
-0.0815835057557173 0.137638619130818 0.0292803255411131 0.00544156359475816
-0.016397736956855 0.150911425822496 -0.00825367028434216 0.0649984439852383
0.0422374694434409 0.150977923539349 0.0515221751451234 0.136706812605912
0.10087378442628 0.121116115332499 0.139954851200441 0.141626352654734
0.130432222615535 0.0827411637066473 0.189718658216115 0.0993531549399056
0.124780152708967 0.0733548568963059 0.197003562963127 0.0549488858106393
0.120682547944782 0.0715393322024156 0.173127874226119 0.0525099284450983
0.111066480335257 0.107767039466264 0.126075967329064 0.0549907233793254
0.0567186848026604 0.138990740346096 0.0651908907789021 0.0528436230731316
0.000133466111152698 0.142997506731318 0.0377574605123716 0.0109516526012695
-0.0499284498156881 0.121607878506857 0.0313695865987942 -0.0084511029577335
-0.112373340509684 0.0911559169459174 0.0701243933778044 -0.0549249260568514
-0.156576634846718 0.0943735047524646 0.20830738275191 -0.0885132261336641
-0.0499241233831841 0.0533296422200957 0.320606171052767 0.0289732546836417
-0.0253556696310505 0.0497227957168959 0.206857957371186 -0.0542078154969573
-0.00103737601716669 0.0392237717977765 0.0551296618499027 -0.0208608224088304
-0.00332616776280674 0.0300759597657507 -0.000406874697699283 0.0465451495619097
0.00489270912438806 0.0487544995795906 0.0616367765848184 0.142352008941439
0.0328552602797059 0.0463794124586775 0.163758424588828 0.15339575926272
0.0483678177357566 0.0417907358793443 0.224923509432035 0.115238288242715
0.0475423374380073 0.0418422563909392 0.231522368532467 0.0753123290509828
0.0454686283943379 0.0474511159189487 0.203690448030582 0.0792068995097608
0.0355705118325196 0.0592021620670065 0.143624677423182 0.0899560626947858
0.00345261439166914 0.0631747611206935 0.06661482314849 0.0870356035553063
-0.0254398091936271 0.0388375944126854 0.022941491842009 0.0230839669080453
-0.0113593010462148 0.0227463574907209 0.0306277060896541 -0.0198838156574987
-0.0177132181271253 0.0362755279219665 0.0850002634183465 -0.0629649583170843
-0.0460438311387539 0.0649653863842472 0.241488239082226 -0.0926451582566928
-0.0632590824931591 -0.0177945412486741 -0.257191881589511 0.0816096652843085
-0.0738861363894933 0.00227062822364134 -0.132442446063066 0.100728161074636
-0.0405552802575537 0.0573627524087196 -0.0337717558478184 0.0400763802722925
0.0150111750110415 0.0575790532135994 0.015039709700541 -0.00715999095066295
0.0336798995530283 0.0259306316920778 -0.0333887477959656 -0.100690164032211
0.0318555668788929 0.0121283741263318 -0.124211106827658 -0.120970456531328
0.0333696507228021 -0.00512046265675529 -0.1962627946434 -0.108978071951936
0.0372536609003806 -0.00366209529804296 -0.227424517183414 -0.0909052982982744
0.0470348476713028 -0.00288383106931303 -0.225491425105054 -0.105309504361685
0.0530370214841732 0.0247967705328341 -0.176157994613833 -0.131884183503585
0.0387409231140097 0.0485442248443251 -0.0896514458536589 -0.133240592716083
0.0147085491929164 0.0822734421339134 -0.0269101516611097 -0.0464470482561539
-0.0585815488941579 0.0691711828845717 -0.0650998221697459 0.0318553484330183
-0.0964313589210187 -0.00241422125401984 -0.165526910436104 0.040378189869185
-0.0756827850668267 -0.0316804716712398 -0.312811628192597 -0.0257582994199288
-0.158985813176923 0.000249410901526753 -0.240186884536186 0.0702091425939908
-0.162679505265128 0.0280843509730357 -0.137659020949549 0.0863245014864334
-0.100054125984945 0.115195739542553 -0.0470530140771648 0.0489889293540051
-0.00833181643777321 0.141635557381341 0.0159254744159228 0.00835548587838682
0.0543230363082991 0.11266222799822 -0.0167817937459692 -0.0893451832089246
0.0873106926212563 0.0826441602824033 -0.0974601141364199 -0.113107642593834
0.110537992048822 0.0409630496273019 -0.165202269641865 -0.103747022851723
0.115730871260903 0.0365586969721928 -0.191603444033557 -0.0855612650632738
0.125887911982257 0.0324301098367043 -0.193753238190934 -0.0877036918898275
0.131722250045391 0.0855231000738256 -0.159546465415174 -0.110874598820074
0.087630404402075 0.133956381234152 -0.0890890706178987 -0.114122722263909
0.0334822212817716 0.188164314005031 -0.0188770730178784 -0.0342667331503292
-0.0961059584291468 0.174268387070599 -0.055764620599407 0.0529128603120854
-0.196162131833089 0.0706552888596899 -0.142940799775748 0.0605895320853819
-0.197887822786727 0.0130639449729115 -0.260048493410401 -0.00933509366457393
-0.237851500679211 0.0132889012520838 -0.182253880844311 0.0641142994207408
-0.242329518155434 0.0500476833652524 -0.118720810598695 0.0681813461431249
-0.159099867428953 0.16433663108102 -0.0592888815488612 0.0506657364284081
-0.0383104934954013 0.218804567528704 0.00512183369204371 0.0261304831732886
0.0646810850506705 0.195846375930059 -0.00581576460609783 -0.0575374715684277
0.13198968112702 0.149909708398539 -0.0605273571740601 -0.0808468482899504
0.171821726932325 0.0845167502306517 -0.110488920962291 -0.0782600719801384
0.176461759351688 0.0700252797014995 -0.125597661265321 -0.0672734662331858
0.185732941800752 0.0571455307164974 -0.131126580975127 -0.0625783890855101
0.195850784192034 0.124099496779205 -0.115829698983697 -0.0799155026537625
0.137230346305238 0.193876199008945 -0.0714348074423512 -0.0853489725018761
0.0667741318210396 0.267020500893001 -0.00603344227871058 -0.0258034070742199
-0.103441358242128 0.26359815156032 -0.0342527796544909 0.0574262478819735
-0.255567298834229 0.145098786408123 -0.0985016751044641 0.060714467996148
-0.282764658017067 0.0641400895566416 -0.170893331620424 -0.00815904306452008
-0.285354288184569 0.0271548025367702 -0.0899756632427891 0.0630887733742049
-0.295428467971229 0.0744314319438615 -0.0684139339922706 0.0486656202824904
-0.20120747170301 0.20592036344368 -0.0589879959113236 0.0454335728854055
-0.0583882041755836 0.277263236868898 -0.0097294554314376 0.044192180508362
0.0714437118304191 0.256754624474858 0.00287976906798758 -0.00713319108936217
0.160743291364256 0.19714315958216 -0.0138542248449833 -0.0253670534217537
0.208870926136898 0.116156338451228 -0.036502311158691 -0.0350635156636287
0.209509659960238 0.092630393625756 -0.0411788566759988 -0.0398231204238479
0.215436522377303 0.0733047905669722 -0.0498834050521348 -0.0345592313720748
0.228600830115768 0.143166427301685 -0.0520799733710589 -0.0475630935118071
0.165701803838887 0.223467753983341 -0.036383391409977 -0.0531079338930954
0.0911397297176774 0.304187814104739 0.0118473202010729 -0.0207281453588356
-0.0940546051912156 0.307668598164434 -0.00853929503944668 0.0457820038971506
-0.269552441931655 0.191464577042926 -0.0446916707601352 0.0370008496507883
-0.318800528764791 0.105655776553841 -0.0621140055946682 -0.0239354782911728
-0.290846512733836 0.0424089887826455 0.0259248870165642 0.0639747843836121
-0.302712928244677 0.0954578765024599 0.00804595065525193 0.0276259547270716
-0.204394772157922 0.223918826321046 -0.0399652172907788 0.0350963824236534
-0.0594851968293063 0.292545898043701 -0.0194775497152814 0.0603629388285933
0.0718215041801171 0.273300764520088 0.0157121348866606 0.0519764087739302
0.166825039784363 0.210536048709581 0.0399894264747347 0.0407147260412115
0.215033352081902 0.126819551758082 0.0457162909618869 0.0163886227004957
0.210908666358794 0.100991616661061 0.047823492160537 -0.00727796965544054
0.211705656107456 0.0823595129731032 0.0363995960890064 -0.00637477432228659
0.221592443385062 0.146657385503966 0.0193221567919415 -0.0158344281422389
0.15818111092492 0.221557100025342 0.00642259878498638 -0.0195206939059427
0.08306131052889 0.290805933713562 0.0292210004161874 -0.0143586390521137
-0.0808912930701628 0.291922728317506 0.0132076724185357 0.0252551305847411
-0.245576188418379 0.191915279433572 0.00639888896105255 0.000695797174416356
-0.303902985930185 0.122126366440792 0.0463418327527984 -0.0489521736940238
-0.249372991678164 0.0560211691373604 0.146368079581501 0.0612501765724702
-0.250165857845396 0.103792144725989 0.0922420150796739 0.0054547645219501
-0.159669385675893 0.201143314077291 -0.00741989446099587 0.0225551083048728
-0.0416426152768396 0.246577850946937 -0.0184707791828874 0.0698510944334827
0.062755862713938 0.234205320495004 0.0320619204587365 0.104811210101814
0.14664036264429 0.182005770945093 0.0941965551422374 0.100920987799373
0.18729438074334 0.114135263057311 0.124585641579147 0.0650189270821653
0.180731368718226 0.0952291273238592 0.130118566095591 0.0266692656231994
0.177376981145071 0.0828051308594152 0.112721959859672 0.023620819141009
0.176992048281853 0.135688275411874 0.0813310021475067 0.0185358173257131
0.114371461896515 0.192913268328616 0.0437090168966698 0.0162754193131405
0.0440775629907047 0.231102960577797 0.0385532619967283 -0.00385008689336779
-0.070704297168057 0.218869413577914 0.0269073334510311 0.00628848474294758
-0.19126358378596 0.149061055683646 0.0453274376411268 -0.0322332471228768
-0.245661441753168 0.114036856197207 0.139654520246633 -0.0723540924407551
-0.163333833711574 0.0618017034350204 0.248277153668478 0.0502183891904421
-0.148339904847334 0.0891810121069931 0.162302377657906 -0.0206854485717536
-0.0818842818735146 0.133938691411222 0.028493317893799 0.00535362150693647
-0.0181219128828842 0.1486677274402 -0.00942281661550495 0.0649640511129772
0.0404998906410704 0.149930180299867 0.0483601759771359 0.135594157594117
0.0989763020638245 0.120898336140463 0.137696741827108 0.140625196316647
0.128471720485032 0.0831879070795661 0.187374445701073 0.099528472322555
0.123498764919044 0.0741013134300606 0.193145142985968 0.055151804174806
0.118550660081444 0.0725333198965173 0.169451837581797 0.0532706587226324
0.109343150477765 0.107666773872023 0.123310907197935 0.0552865577716031
0.0544344086515067 0.137651519894241 0.0637898780659469 0.0532062183335693
-0.000659733253913788 0.140766301325412 0.0350636857761248 0.0103817591812655
-0.0507456528518772 0.118596600858419 0.0308156107943758 -0.00739900239331462
-0.112576649257711 0.0881683063856879 0.0705065782436193 -0.0525142743528071
-0.154887225547547 0.0902906942566865 0.2061189261103 -0.0868358515831486
-0.0493003223219639 0.051933141335015 0.313636295609195 0.0333944960647666
-0.0253841142805611 0.0485876013687864 0.204158840951729 -0.0507440454189278
-0.00170948856223964 0.0382404858162785 0.0543786056702965 -0.0190284064216085
-0.00380687351528334 0.0291014136583173 -0.00157662385572151 0.0469070913676167
0.00509912493523573 0.0486448713165027 0.058813067276312 0.1408534760147
0.0323121981187949 0.0458415999364261 0.162049670313455 0.152458862180581
0.0479020881821971 0.0414846056848922 0.222275879706883 0.115024788016693
0.0470504175120596 0.042049007169102 0.22749314157792 0.0756339774963548
0.0449294126060874 0.0480494827718551 0.199858741043282 0.079577186161498
0.034152152043089 0.0588394496772975 0.141068925347913 0.0904654743687478
0.00245672736118296 0.0620709152952841 0.0649304882525751 0.087246352252437
-0.0251369165367049 0.0382339029497262 0.0204074448173141 0.0231989688590721
-0.0111556028423384 0.0220747764443116 0.0290743238634498 -0.0191693682478102
-0.0182309247054873 0.0352319998353291 0.0851538955443944 -0.060707703456536
-0.0455892676341383 0.0635638628688575 0.239755006854035 -0.089788083836846
-0.0632355084112598 -0.0190623280442493 -0.261419517332066 0.080083861429422
-0.0750570403934717 0.00145039216048081 -0.135563128444389 0.100758851303387
-0.0405469746887242 0.0571237831795605 -0.0342769240084842 0.03990943840447
0.0149145477858045 0.0583116712145582 0.0167698328539757 -0.00766725878006983
0.0337319740788601 0.0258876210601833 -0.0319459790676584 -0.101482963094613
0.0318894793607254 0.0124286148344366 -0.124873268672185 -0.122942370813173
0.0334312073995288 -0.00451408740693343 -0.19869779228703 -0.110339219443355
0.0373285390074681 -0.00387171877243282 -0.229882167938234 -0.0935245619557818
0.0472544421742422 -0.00346980990015467 -0.228406809385925 -0.108206872631373
0.0544509271778401 0.0250157733773241 -0.179180016401509 -0.135362978241296
0.0389361394884748 0.0497243218327876 -0.0907937576831406 -0.13651707534221
0.0146991275405345 0.0837692367704892 -0.0263435449205537 -0.0487935000261302
-0.060348266033576 0.069757954600526 -0.064799515167607 0.0298913365326585
-0.0981088457593765 -0.00267410826817085 -0.16863754007011 0.0367646302312525
-0.076175204894147 -0.0332136942463642 -0.317067824647378 -0.0279054523266227
-0.159590131290497 -0.00210039412577466 -0.244486894633969 0.069133127775561
-0.164957678755445 0.02648594311777 -0.14047909580828 0.0856324017803301
-0.101047177729046 0.114887222947537 -0.0485065456911897 0.0484752756708525
-0.00938860019181763 0.143104792241779 0.0171658315251405 0.0081967534987568
0.0534137183735086 0.114018195812059 -0.0166098847838366 -0.0897999243911733
0.0886949101909231 0.0839380070173208 -0.0981905665669858 -0.115519832455782
0.111112733195947 0.042144567699881 -0.167187511488036 -0.105182754884265
0.116933704063817 0.0377076073220382 -0.194187282850341 -0.0883142085867963
0.127436438606128 0.0337663295202023 -0.196293533722631 -0.0906389952509751
0.134132059894824 0.0868849553685629 -0.162677287261236 -0.113603288760722
0.0879338700123854 0.137300688724739 -0.0905498467702132 -0.116325866196743
0.0329753062353228 0.191150203731081 -0.019286599577089 -0.0367811618597322
-0.0997512875395533 0.175815478380537 -0.0552141770173497 0.0515813112806453
-0.201005561328878 0.0700922601370321 -0.145341070320499 0.0582905954918274
-0.200337536955638 0.0100472406712561 -0.263338653988591 -0.0123508783804945
-0.238655821000492 0.0111356874931893 -0.186627702459371 0.0629956291395385
-0.246259381072564 0.0472537242679411 -0.12151031241748 0.0675838517350217
-0.161191939044605 0.163169200728363 -0.0614979233504285 0.0497713370044197
-0.0403455502797313 0.220936726432964 0.00595758002685159 0.0263722075927487
0.0633035106222471 0.198055123162001 -0.00651340116149517 -0.0580572821124369
0.132953700635116 0.153100869923756 -0.061225953181105 -0.0818725082824743
0.174051453264032 0.0871100760000713 -0.111320901057099 -0.0790023499114599
0.179038948005569 0.072792986853671 -0.127417728272898 -0.0695251511633891
0.18791149881105 0.0596782275041158 -0.133177527464393 -0.0646145993275644
0.198422461414003 0.127144911161888 -0.118831771408249 -0.0816318701748802
0.137573637269908 0.199318154393863 -0.0730500566138052 -0.0870510293739284
0.0668406936962868 0.27159847589326 -0.00723954279172979 -0.0283039479689088
-0.107999122155371 0.265711307995836 -0.0335606495662752 0.0563940856591264
-0.262193316238953 0.144055629685568 -0.0998883518584365 0.0593734759896125
-0.286958869234011 0.0607918538520845 -0.172817539847064 -0.0111091759877937
-0.286960847170504 0.0237126341862069 -0.0935443748182371 0.0630212471396785
-0.301121581121475 0.0712105823800117 -0.0704316263849875 0.0480873316306333
-0.203846814047607 0.204064607473487 -0.060817452601596 0.0441884306569647
-0.0615539240007569 0.280002472668369 -0.01012332946892 0.0445592227534374
0.0699024365331318 0.260643344252817 0.00170674482004775 -0.0072588787512896
0.162177766451118 0.200636584007214 -0.0138644703836198 -0.0263718269858893
0.211279567044016 0.118421820260334 -0.0359806130534691 -0.0352849185966484
0.21243892887894 0.0954626702775883 -0.0426657185849161 -0.0415848366162473
0.217412408827565 0.077547565234316 -0.0507900906178624 -0.0357521271714224
0.231826293368166 0.146931927115638 -0.053329179796981 -0.0483250918542428
0.16605524540065 0.229452529965016 -0.0375389870356165 -0.053466420258242
0.0900558524544367 0.308983701224127 0.00980238092644906 -0.0224085753697444
-0.0981781411880799 0.310666988227486 -0.00776964203697748 0.0450859865048947
-0.276858451272183 0.190684333122726 -0.0450758044972286 0.0366287053554823
-0.323747213217411 0.101513048348648 -0.0633045500416037 -0.0260279408540095
-0.293041746319925 0.0392181577571758 0.0240437348161814 0.065728082245619
-0.308792229065745 0.0930960498695023 0.00726083620651711 0.0285656775217024
-0.208601098879763 0.222406678755349 -0.0421106806714771 0.0342821503086925
-0.0628165755928777 0.295789394170569 -0.0210264821983876 0.0618045092098398
0.0704844431323243 0.277757795120171 0.013691581267973 0.0530196398594261
0.16915086765271 0.214621617755882 0.0405366405152307 0.0406605054101287
0.217500280003767 0.130580928575973 0.047240018759432 0.0169590174934187
0.213824324562729 0.104261900332645 0.0470058028845828 -0.0077303462913111
0.214181151725919 0.0864683943983851 0.0365809614828119 -0.00552648857165047
0.224453877240935 0.15036468260673 0.0184470363957215 -0.0155148979296002
0.158581073656664 0.226914249543407 0.0061081397977417 -0.0185185404398648
0.0830406835055292 0.295158705888489 0.0269753992100137 -0.0156809534878984
-0.0854525827083472 0.29464542179215 0.0145457162147934 0.0249098481360202
-0.25170288592226 0.191601370032178 0.00690637557443326 0.000747314282671886
-0.308478971605175 0.118676887820563 0.0471536973241727 -0.0504807512023806
-0.251115745614359 0.0533037133051076 0.145652556300881 0.0639977165091317
-0.255403157534696 0.102237675956483 0.092771297925308 0.00636021632699667
-0.163230250277569 0.199696511246368 -0.0085238334507882 0.0224982674904336
-0.0451789140811173 0.249488808279364 -0.0204580793973381 0.0714331997461618
0.0623148123494531 0.238197401902086 0.0296494798511256 0.106321430252937
0.147893210603787 0.185461175983602 0.0951900895585431 0.102132412685869
0.190176003069183 0.117262221004901 0.127300922640144 0.0665710004307731
0.183866969593342 0.0978204168430362 0.130480939051642 0.0269275700836925
0.179379537692051 0.0871536503658406 0.113941937803718 0.024833103198542
0.1792505337338 0.138899232861891 0.0816972452798547 0.0198591118311422
0.114159995171458 0.197402533229949 0.0439006799665456 0.0178140108879436
0.0443991584467864 0.234258084250184 0.0364023106911606 -0.00436085446890809
-0.0739764428250862 0.220310827702591 0.0276512803818971 0.00693604000841046
-0.19651583251062 0.149019843381698 0.0472478114514022 -0.0315881001688343
-0.248892076322575 0.111730822451173 0.142236013986867 -0.0739344141835529
-0.165330661325984 0.0604118600561835 0.248988351754099 0.0547431714406815
-0.151013860734231 0.0890912594321831 0.164315995595139 -0.0193207108788484
-0.0839349978068188 0.133819944848546 0.0285239157549271 0.00593448061711372
-0.0198345381231527 0.150058981045649 -0.0109613880626658 0.0669066337669442
0.0400230092679615 0.152985963642542 0.0460771669948772 0.138009418201599
0.100070888156951 0.123709701065369 0.139399917451955 0.142891704861956
0.130265741563278 0.0849484878312757 0.191047430002515 0.101591469457211
0.125680558368642 0.0764010761227494 0.194761630688793 0.0565081737038104
0.120194672359414 0.0761255963868588 0.170971304575647 0.0550831968560674
0.10987890899284 0.110128734096597 0.124438187485349 0.0573146962794295
0.0548766399730318 0.140404109735271 0.0635088164412502 0.0552117189678435
-0.000977965987414389 0.14198482951998 0.0327479343602318 0.0110419463346945
-0.0521949656639685 0.119207489278009 0.0308434905732782 -0.00688451189742518
-0.115786370902969 0.0884582632568266 0.072480139371391 -0.0520350049396635
-0.157232499972829 0.0887381088519526 0.209925918335969 -0.0874976645879816
-0.0497357440953721 0.0519320967007202 0.315710595500191 0.0371795189620472
-0.0255445021611304 0.0490325892185354 0.207164369831609 -0.048532933348182
-0.00207436725822768 0.0382835020538701 0.0555422486872487 -0.0183350447289137
-0.00466294429538968 0.0289383891764748 -0.00336809952338045 0.0489716938404372
0.0050278255095936 0.0498511610119694 0.057950371822563 0.143865137022011
0.0328695144413449 0.0469202544086626 0.164020115344228 0.155261164779034
0.0484345480245669 0.0421947186600313 0.226107295738235 0.117043905667324
0.0482952742660867 0.0431593810525994 0.228821463094122 0.0777097599251454
0.0456882164251011 0.0494736194476832 0.201121763367174 0.0814270270760367
0.0341300987195719 0.060453588880897 0.142481740633522 0.092556564090138
0.00221724512606925 0.0630162074763786 0.0647213252892289 0.0885516395131019
-0.0258151613502967 0.0384978560476577 0.0182551476145664 0.023857097090234
-0.0110117490750642 0.0214654600732039 0.028549242498843 -0.0182543376354768
-0.0193142938944783 0.0360815297299531 0.0875942822746424 -0.0595571001712695
-0.0464600313974411 0.0635475198944939 0.244263344083697 -0.0900774644951665
-0.0647152291451159 -0.0193306895543102 -0.268619422773689 0.084541839303117
-0.0779367382733283 0.00188006307047266 -0.138399196830932 0.105172350924876
-0.0404096508658923 0.0586561146309238 -0.0343133800488224 0.0411576133229573
0.0165038533335595 0.0602384137460265 0.0183985484174559 -0.00863812313513015
0.034278827697497 0.0257279616504487 -0.0332225952169472 -0.103964082244099
0.0330620680898716 0.0122673526227219 -0.130899177232115 -0.124271566023425
0.0339369708124949 -0.00501003879785071 -0.20657801933617 -0.110069875553975
0.0377014267766306 -0.00464327745000332 -0.238962963077443 -0.0932926310891527
0.0484216051187025 -0.00520012871315944 -0.237724739687426 -0.108569529307756
0.0572885673012954 0.0243916416409071 -0.187948088539977 -0.138168375518237
0.0411753410466556 0.0514018050833612 -0.0958433929094648 -0.140769548117316
0.016468149393692 0.0871078696858002 -0.0271257403689445 -0.0518101924950164
-0.0620400135375046 0.0725866754002825 -0.0653644991221838 0.029823210907768
-0.101597138180699 -0.00164775177830151 -0.174071978369104 0.0380967501570751
-0.078951826604933 -0.0336207902721715 -0.326347417218732 -0.0243978089042687
-0.163212025808556 -0.00102433809191081 -0.251717112838307 0.0733723822343875
-0.170636857635267 0.0281588492354975 -0.144250346387869 0.0893319824443233
-0.101410076026305 0.118160637851816 -0.0495304063625789 0.0501901524644041
-0.00771879098137503 0.148072746477298 0.0189410318649556 0.00776278120281263
0.0560874628934792 0.116580113598191 -0.0177678235013122 -0.0917038635896547
0.0926181342947553 0.0855692552094511 -0.102931239079523 -0.117097294030038
0.115902341123054 0.0426245358391617 -0.17422502129035 -0.104951674951532
0.121421125013596 0.0372643257620327 -0.202219292106757 -0.0876826501738054
0.131476433373049 0.0328026735025562 -0.203933097427078 -0.0904824185756998
0.140174367249365 0.0876158879588106 -0.170521147346613 -0.115423989454603
0.0930696963928005 0.14192095423638 -0.0954074293923742 -0.119869569790275
0.0371222213967785 0.197626738427727 -0.0214064101069861 -0.0398950514539243
-0.10181157307626 0.182850124263817 -0.0550000133728353 0.0519896716061548
-0.207391489480589 0.0740775629488353 -0.150055687264763 0.0593637649567767
-0.206685082333701 0.0113295097131906 -0.271739073661978 -0.0100392467627047
-0.243583303641153 0.0129631581582507 -0.192762313824726 0.0670328462919686
-0.253715898582348 0.0506992468152747 -0.125137067517712 0.0709532604694676
-0.163051262349888 0.167267811431634 -0.0633579782788791 0.0519030677158829
-0.0388665742222043 0.227725792415182 0.00714137203492728 0.0268049008260623
0.0679157744798574 0.203442763821475 -0.00815157739141187 -0.0592913123275544
0.140257113602271 0.154916237771763 -0.0639123821285381 -0.0840453843908946
0.181027317400908 0.0874269749810578 -0.115093080810433 -0.0790965085521232
0.185909750099433 0.0727715301742307 -0.133643700127539 -0.0699956351671352
0.194048481100645 0.0604180632576352 -0.13814347608672 -0.0647468024306791
0.207723550090074 0.128018251115745 -0.125222631273734 -0.0827618464751147
0.144989115930222 0.205161589325912 -0.0770766825628462 -0.0885434559606203
0.0724110697586152 0.279645528288593 -0.00952420927942012 -0.0311807347280242
-0.109322951111845 0.275617033454378 -0.0325537287920122 0.0566745904077446
-0.270333398756711 0.151506911410776 -0.102430870021466 0.0609093251575315
-0.295109408334106 0.0641932366714702 -0.178703268422709 -0.0103637349088406
-0.293769893404345 0.026224599307902 -0.0967752323103611 0.0664901981232746
-0.310210371919926 0.0758183695421631 -0.0726686741462531 0.0506272941767079
-0.206941941626362 0.209670494270288 -0.063472614905779 0.0461087274218847
-0.0607448156844389 0.288659479963218 -0.00960768866798886 0.0461992128501752
0.0743964938175069 0.267590952125322 0.000149692597521164 -0.00724576486566285
0.170607476759903 0.205161234543987 -0.0148903589152007 -0.027180850987912
0.220123819072866 0.120064517106663 -0.0372375371441678 -0.0352641224084685
0.221559158382317 0.0956570568671843 -0.0464865994017803 -0.0426755537042992
0.224984614602477 0.0786742441611489 -0.0531280608937765 -0.0357763305046708
0.241745969293159 0.148377554506433 -0.0574180998664231 -0.0486580691384954
0.174497537605212 0.236035671302991 -0.0398427766147198 -0.0543889836222645
0.0973997989037537 0.317713867547628 0.00767118737546434 -0.0248554676529467
-0.0995141061537959 0.321451878704177 -0.00603065980376628 0.0452429036451507
-0.285539756500651 0.199230408648949 -0.0455359515023687 0.0374878887190483
-0.331762325704259 0.105660433097154 -0.0657669266251027 -0.0279430899376973
-0.299600184494347 0.0415719220598849 0.0237799212535512 0.0681667829258912
-0.318510970033354 0.0980577944237906 0.00677540076583323 0.0291492661705434
-0.212257316441896 0.228619377699912 -0.0439195818191402 0.0358802040485601
-0.0623792908541003 0.305437645264895 -0.0203614786585745 0.0639365259646879
0.0759757840427396 0.285571612763875 0.0122638681673942 0.0547105801152273
0.177027723165893 0.218642121273883 0.0423242741835412 0.0412660404885562
0.226723143998012 0.131042704488579 0.0503550748689615 0.016393280763343
0.22342897194325 0.10506935646844 0.0471948300100553 -0.00900042463953936
0.222348233388989 0.087997657395848 0.0370449569376194 -0.00612525352454058
0.233517513706758 0.152287083978911 0.0175818821225959 -0.0152256315463668
0.166680176989949 0.233973090147592 0.00552339855922781 -0.0183710685713027
0.0899993679724411 0.302469495434197 0.024806658722177 -0.0169418488840846
-0.0853609853314957 0.304187584981917 0.0160094983362507 0.0246186699687793
-0.26041317813883 0.199924992384847 0.00828459716549103 0.00086776381322182
-0.3159891617799 0.123770715530346 0.0477373217381146 -0.054117633123844
-0.256903488369864 0.0563898118136537 0.148806364721178 0.0657600908735922
-0.263512343311432 0.106853517258257 0.0950798582785442 0.00647830502769735
-0.166087672970484 0.205992001237085 -0.0092501681997782 0.023693579359178
-0.043907702488796 0.25715393456018 -0.019935154474753 0.0744298487077291
0.0666191171418858 0.24611348167348 0.0294715481233025 0.109795609469447
0.156028810571019 0.189393297314336 0.0992448667195143 0.103900751329944
0.197893455069064 0.118371278553499 0.133450036778901 0.0663442361362683
0.19236809886086 0.0989353472294828 0.133305870355355 0.0256342219404022
0.186898839190182 0.0891279539534728 0.117329205121579 0.0247029811534903
0.186793681265447 0.141664985500001 0.0836789897358547 0.019757382781855
0.120897621771615 0.203103421446496 0.0449363068141674 0.0186946327403807
0.0493409406215403 0.24056409015898 0.0346639138500379 -0.0053002656731815
-0.0737929499503045 0.227725900047043 0.0289517276561919 0.00627883719783372
-0.202323534007112 0.155575688073733 0.0489799872133475 -0.0330445593995901
-0.254547667928463 0.115819818640417 0.145246942279982 -0.0793716681986397
-0.168670384344149 0.0635224646243158 0.255619206989922 0.0544638775151275
-0.155882320913913 0.0929704579471263 0.168422128518402 -0.0204189290944752
-0.0852295580863926 0.137776174903291 0.0288486487758501 0.00692168711675667
-0.0194218936063743 0.15472734301185 -0.0113005129276511 0.0703217988382093
0.0433939869374466 0.15820585712477 0.0473312159775667 0.142313215809326
0.105729657370578 0.125756296271863 0.145822105448123 0.144827767640434
0.136218148965791 0.0856038212447997 0.199430472769711 0.100923901253041
0.132285634747018 0.077052029061255 0.199964319180894 0.0555593061177856
0.12559340153806 0.0777497725670029 0.176919822778996 0.0544900459266968
0.115121964065266 0.112286558661955 0.128597571378098 0.0576579202565475
0.0585336947896609 0.144498116520147 0.0659985161571254 0.057140267499638
0.000894298912389633 0.145767370231132 0.0312134850162315 0.0108902172272876
-0.052298849871726 0.122567067789531 0.0313301544327701 -0.00721069920248845
-0.119369037504475 0.092410466301238 0.0757363040490915 -0.0537791579959442
-0.160698549397001 0.0921980988819435 0.214973092231891 -0.0945753857541005
-0.0500927937054612 0.0533674375118267 0.324374297599995 0.0361472031791374
-0.0257292163786353 0.0503131129820033 0.212975252429933 -0.0516804312504814
-0.00188883113888252 0.0393471084175263 0.0572010258518923 -0.0182911896573664
-0.0051355980150063 0.0297188443990445 -0.00305547633480157 0.0523013081657359
0.00630396524353598 0.05178969404016 0.0605868812448685 0.148593938134094
0.0348970090100871 0.0478251791408556 0.171897277350702 0.157759026164896
0.0507825922851579 0.0424868564607548 0.235870543834074 0.115798490569952
0.0512733909222339 0.0443700387445729 0.236815559923715 0.0766600387701768
0.0489221980355502 0.051309398247625 0.208013478201294 0.0813525478750823
0.0362662906049165 0.0622270326775497 0.147682856464196 0.093731363837029
0.0033189186881805 0.0647805663994456 0.0675517843652491 0.0912183561075365
-0.0261563455351697 0.0391881459062822 0.0171438875991445 0.0246137439675902
-0.010784937726147 0.0216975690774696 0.0280488585166611 -0.0188318369236074
-0.0200878715767502 0.0373933782148813 0.090497012239586 -0.0620167897747154
-0.0466868262198882 0.065189864081439 0.250434997156165 -0.0972638287942936
-0.0669495247510199 -0.0174396393938713 -0.273731151546134 0.0971373142334488
-0.0808826529059794 0.00505523147462319 -0.137809718537851 0.113746323876987
-0.0384470289236962 0.0613648243300777 -0.0333392445361853 0.0431969866100995
0.0201950928658109 0.0615488945328514 0.0202162413282622 -0.0107321663287888
0.0361073462617307 0.0250172668333477 -0.0371350729910203 -0.104585332136763
0.0341435032824973 0.0118080299023208 -0.139027361770723 -0.121666905124711
0.0347123056646355 -0.00639888784714018 -0.217350850524347 -0.102531613817699
0.0382679785905393 -0.006181756521892 -0.248963198746016 -0.085398019134547
0.0486330414155848 -0.00761380399580865 -0.24886888945176 -0.101032764661288
0.0600359198804726 0.0220207364479823 -0.200554637018513 -0.135070685325963
0.0448763135123327 0.0518715788822808 -0.105713812667863 -0.14158740107042
0.0211230548894506 0.0890125190447643 -0.0302242930474196 -0.0536639877093056
-0.061458887214966 0.0780681969786018 -0.0648347095000296 0.0311432992611735
-0.105295771198722 0.0027415985376748 -0.178487006080633 0.0441766780637037
-0.082963250647063 -0.0315329847446138 -0.336620928497982 -0.0113257688551229
-0.166076323524035 0.00505002190865854 -0.256127984726212 0.0851941619529107
-0.174866418387535 0.0363188672365264 -0.144777523599655 0.0973546499043398
-0.0982600119196215 0.123220705322984 -0.049015244973153 0.0524009939829564
-0.000849652123342225 0.151755656495652 0.0205936933719811 0.00672473905368048
0.0623535147095539 0.117259853806989 -0.0217510539805694 -0.0933326938836326
0.0990166955858572 0.0835071828353565 -0.110585269053041 -0.115535002891156
0.120778251205326 0.0385357470394463 -0.18320369170991 -0.098834715628573
0.12597700325547 0.0333422074874189 -0.211791000029067 -0.0811980043526383
0.135772128623312 0.0287049344337719 -0.213380210254664 -0.0847559548368604
0.148353929140137 0.0835910149555967 -0.181633976962815 -0.111382992713504
0.102417830195165 0.143401918899672 -0.104741929111313 -0.119369361252152
0.0473591330601312 0.201356876641313 -0.0247634495265648 -0.0418978265044096
-0.0978087357879791 0.19297638993231 -0.0532069221648748 0.0532485007910716
-0.211053113280331 0.0850255831138284 -0.152217922421661 0.0656655243733612
-0.212047747200705 0.019059498178637 -0.27957893109217 0.000339173162403151
-0.247210416378127 0.0215851113871264 -0.196015759069196 0.0761195975091726
-0.259646052100324 0.0621167388788369 -0.125758051817125 0.0769069611189796
-0.159653591652152 0.1758065687924 -0.0636926899202647 0.0556988229077849
-0.0296472040788065 0.234929990344217 0.00912364165076432 0.0269066256853241
0.0779253890786967 0.206035175510077 -0.0113547307670823 -0.0603678598576895
0.151005127981264 0.153064220359968 -0.0694050033334399 -0.0831522349842593
0.190052688329826 0.0821218670890008 -0.121446107573049 -0.0758938010152008
0.194990555615649 0.0666487572411191 -0.14093719319193 -0.0661632462086322
0.201539276917788 0.0545376367592415 -0.144606356903648 -0.0605460033839213
0.219392584648254 0.122217903009314 -0.133194900140831 -0.079350304404665
0.158179727023091 0.206529425125652 -0.0840415296922111 -0.0879835629318896
0.087132944284406 0.285129855050015 -0.0129223724536344 -0.0330794588241011
-0.102078460384155 0.288358369485511 -0.0301871809660682 0.057537086232291
-0.273138965161173 0.166100149481516 -0.102905565245537 0.065336579680107
-0.300263943449486 0.0756811326146515 -0.18399548446681 -0.00430193172440414
-0.297605158035497 0.0368076777829891 -0.0979344886081256 0.0727170005773826
-0.317363507627898 0.0903787584801195 -0.073699923199099 0.0547749860824365
-0.203497929973936 0.2206680098872 -0.064016707136855 0.0501578976909107
-0.0502745336818408 0.298874539850384 -0.00731818250910998 0.0474852334808103
0.0872183166893439 0.272501602108574 -0.00206457066093089 -0.00691988345255324
0.185021885480572 0.202615731138009 -0.016595120117424 -0.0271154281879375
0.232062350869826 0.1135099022034 -0.0388669533286999 -0.0352007576603277
0.232228920842563 0.0891958430768343 -0.0502741115451532 -0.0414474172929353
0.234411766582611 0.0726186692468717 -0.0556193489650738 -0.0345116769539029
0.254872584743816 0.141805757701318 -0.0625927115389852 -0.0468600192678713
0.190841789437985 0.236764319191532 -0.0443811427314776 -0.0530185904316682
0.114294364079037 0.322530119781819 0.00395712263585611 -0.0263142603825136
-0.0892785425559599 0.335021498893039 -0.00312928023530756 0.044840287523961
-0.287496399428638 0.21603188977025 -0.0445145855843097 0.0394850679276472
-0.336521132921706 0.119382633790163 -0.0690963238039073 -0.0270280787131319
-0.303587103690787 0.052615629508531 0.0258657844979797 0.0701285762406708
-0.324136277340865 0.112914872252327 0.00745961933773638 0.0302046554179756
-0.208163456291383 0.240604538920871 -0.044248809973019 0.0392287838719678
-0.0521097675461566 0.316026184596724 -0.0180087470379168 0.0669289846669446
0.0893970038983035 0.291658601570594 0.0123679206783659 0.0565698488849398
0.192730118809104 0.216778357363601 0.0448026924151663 0.0406995493219912
0.239774608706408 0.124631742114468 0.0529492848772473 0.0140401369296863
0.235653824338098 0.0984288973525922 0.0469065019046267 -0.0110858377956597
0.232568480492173 0.0830539593640205 0.0381340255737481 -0.00770006935788053
0.247118614674745 0.146474216534599 0.0163381047728839 -0.0156637080914367
0.181873949814188 0.23516341723387 0.00430853551287571 -0.0182872148483753
0.106069794290508 0.306899432515091 0.022049073367048 -0.0190814765969042
-0.0755112279442168 0.315135139218633 0.0184974146888245 0.0238852930412659
-0.260394590891455 0.215557988037308 0.00920260258710242 0.000106461767365103
-0.319464834939343 0.1373358179802 0.0460873704441882 -0.0590383937610148
-0.259640766523806 0.0668987039585162 0.15380126404038 0.0631424439952948
-0.267551379650001 0.119762158116134 0.0972728034865993 0.00338524202016241
-0.16244849585917 0.215880112780869 -0.00883602299287467 0.0254804335818607
-0.035937029459851 0.266110754385501 -0.0177492573867911 0.0777395101998426
0.0788650368225859 0.250259970742061 0.0324255594640089 0.112734156134187
0.168030691853983 0.187208845732207 0.106407233755522 0.102699097515315
0.209131716784897 0.112319044904728 0.140662749733623 0.0605586638537625
0.203366530856092 0.093119665606442 0.136826921338607 0.0209691184084662
0.196760083441041 0.0851738332977742 0.121856937470805 0.0205480762294694
0.198675202334787 0.137577623809713 0.0861028423865686 0.0176122373118
0.133723140522911 0.205056351195844 0.0463006439203928 0.0184806687314068
0.0611810231596152 0.243928536610939 0.0321627665348134 -0.00615470065703538
-0.0666525913723058 0.236272793163509 0.0310380192350268 0.00495847741006289
-0.202871697828054 0.168150935792897 0.0504084311204315 -0.0354740917647872
-0.257273980884604 0.126892412393555 0.145117259515952 -0.0892458860620111
-0.169534168640567 0.0706710401964501 0.263389057642878 0.0480932261404463
-0.156905635550055 0.100709508599328 0.171936130400606 -0.0269300687579403
-0.0821332855597547 0.143499378136603 0.0301548099205406 0.00680433103583275
-0.0145158562476889 0.159991804081296 -0.00879280756157246 0.0739442988389574
0.051537004343785 0.161569362588148 0.0526467303279591 0.145677944463351
0.114137627331871 0.124356200895569 0.156100258439754 0.142886745872404
0.144066975717313 0.0813308815816765 0.209656177283797 0.0934167218806001
0.140288124517193 0.0736045174360481 0.20708080255804 0.0486236161461081
0.133381261099587 0.0758000255651531 0.183922602423891 0.0491098803301484
0.123508831192062 0.11061991541054 0.134175085617785 0.0542563390911788
0.0667046350041998 0.146784603755596 0.0703143071756961 0.0562544816423893
0.00719569475368481 0.148758958437088 0.0307929979666276 0.0106683447373333
-0.0481655769207779 0.127305216238592 0.0317196071094303 -0.00839674170264086
-0.119962911924308 0.099796973369509 0.0764303465752126 -0.0579866565416644
-0.160179324748924 0.0998220747830692 0.216028313229299 -0.107443674821383
-0.0486432379507414 0.056481802366624 0.333067231481936 0.0259181029284187
-0.0238740007676849 0.0523804832902998 0.216715529038775 -0.06046606283419
-3.89412706654575E-05 0.0396882734177392 0.0583208499147609 -0.0196332920221252
-0.00476473227691266 0.0301522599283397 -0.000976229362599078 0.0550916334575964
0.00906893635455265 0.0531007405185262 0.0674381640976474 0.15124219798856
0.037891729605705 0.0471557867752016 0.183871256204155 0.154886816412157
0.0541964676055375 0.0413134508977238 0.247195787420219 0.107678458042053
0.0556197425132417 0.0430592678534861 0.245722190152441 0.0687558219755304
0.0533642606343302 0.0512463115115441 0.217012556104693 0.0749899511161577
0.0397643389141766 0.062455553372567 0.155670367107399 0.089654644281776
0.00583724278290447 0.0660575559711633 0.0736808620570797 0.0910132057719635
-0.0252367702221137 0.0410896405478601 0.0172688675271768 0.0254083615331931
-0.00983972178811464 0.0223629548302344 0.0272213838129529 -0.0199643607649397
-0.0193659894224047 0.0395741098218865 0.0909954805731938 -0.0669219304807208
-0.0448396555595998 0.0682611886188304 0.252307299081654 -0.111642972708718
-0.0486644859335982 -0.0442529541148206 -0.293285430890505 -0.0342534494179053
-0.0739581505335434 -0.0311250401990931 -0.173017038115049 0.04254260996075
-0.06083577657678 0.0387162542412659 -0.0464460425761082 0.0234858460736674
-0.00852366237790979 0.0641922801776567 0.0259920468498531 -0.00198113276849292
0.0200726553941128 0.0395784635824693 0.0157305536601342 -0.112252993003388
0.0250239629456206 0.0267259525542127 -0.070186619919786 -0.172341567366216
0.0319956875105832 0.00935983688049094 -0.150292860822859 -0.187550285196858
0.0358021060452474 0.0117420319151103 -0.185949884267341 -0.183490000719006
0.0450483610797396 0.0145436307442964 -0.180152982954495 -0.19788269954247
0.0440228126762971 0.0453523707621364 -0.122707817594283 -0.207144005886667
0.0175000630385698 0.0672334948745478 -0.0344221710332401 -0.173218658541631
-0.0206699378907579 0.0885395587253738 -0.00424539553729405 -0.0610945973971314
-0.0922419849290486 0.0433590195204263 -0.0738088828047279 -0.00391783505193592
-0.0985502043660872 -0.0433387764765776 -0.181975131551508 -0.0474758534241648
-0.0617689816488496 -0.0639141555792323 -0.295605210254246 -0.172186546579796
-0.148326513490786 -0.0683595404641647 -0.271686105191919 -0.0346233980438616
-0.172815339695386 -0.0448542711472358 -0.169687334680485 0.0261217121410791
-0.142187193079564 0.0668403653593938 -0.0626123425890094 0.0254409657142159
-0.0667730053951992 0.13599517859691 0.0219685686160691 0.0149923795486639
0.00292948703026472 0.133703566008161 0.0276364333605951 -0.0967576047368682
0.0531238224996714 0.120095100013841 -0.0451845896220639 -0.156506927726044
0.0910069039707114 0.0877803028172405 -0.119487883860364 -0.170956386858242
0.100123200506613 0.0873866832903486 -0.152875505467833 -0.164278022568947
0.108628907612764 0.0859896109062596 -0.15548759314317 -0.166923886653528
0.0979952592805556 0.139676887674655 -0.116820797437642 -0.175853117541662
0.029639597782902 0.175757694122051 -0.0448627000223557 -0.148858478975269
-0.0457335030713576 0.200860331668361 -0.00681796056188782 -0.0449248488389754
-0.177130877365463 0.130209951107628 -0.0756702395849539 0.0211486201892172
-0.231965284795911 -0.0159271627696391 -0.16819502858134 -0.0186359355985729
-0.200191118744446 -0.0759622472450336 -0.250159937188702 -0.136100550941145
-0.230013409661853 -0.0912253799409759 -0.213775154147135 -0.0123641548285206
-0.26158065371888 -0.0585221371414941 -0.141936356429747 0.0168120296536104
-0.221073572948062 0.0865938129414559 -0.0743677000159437 0.021895173504765
-0.129107906272833 0.197677009044367 0.00394760344968573 0.0296231483363303
-0.0229613169277658 0.220789125603044 0.0259363780554636 -0.061752459274289
0.0694807316008552 0.205593735249908 -0.0213291082764001 -0.111034704563527
0.135709755436388 0.157549113273795 -0.0730383968365795 -0.123489001854996
0.148321493202582 0.148613029509068 -0.0963479470683597 -0.120537163489205
0.15707394477238 0.138414549132077 -0.104772491875419 -0.115616470696032
0.145898530217325 0.204934320378508 -0.0873680289447177 -0.12497957131323
0.0538096940406337 0.258700747651702 -0.0415283854654045 -0.109081083012703
-0.0461599005757813 0.292232053371847 -0.00234789272752792 -0.0294093349858681
-0.222769506493113 0.214483817759352 -0.0586981647729552 0.0367496997469274
-0.323107158653095 0.0300217175605766 -0.123801730064607 0.00214715125929591
-0.303972660250802 -0.0648121118806047 -0.161277761926024 -0.0970071110244354
-0.282949549573503 -0.101115190667451 -0.122794622216308 0.0301898135172432
-0.327045491659417 -0.0601342280108655 -0.0830085823411452 0.0200468607094587
-0.281844905782714 0.106668569168721 -0.0704398335008858 0.0181117807321678
-0.175942192713953 0.244537284693391 -0.0180652089354367 0.0422658410332281
-0.0433766768464492 0.284147596031427 0.0134773105458386 -0.00955492469462652
0.078657462477994 0.265635205830288 0.00173965612866156 -0.0377854650135226
0.160429795645334 0.204563658867203 -0.0160612517269509 -0.0514886845845778
0.174063398082244 0.186570191921149 -0.025874228039983 -0.0595622551866631
0.179654097028926 0.169065573004854 -0.0359334683111555 -0.0534974290977422
0.170654047030984 0.238957193140061 -0.0379606352396845 -0.0648997088502241
0.0699856303061947 0.300928114714562 -0.0216119039942759 -0.0586492008253953
-0.0374874822490775 0.337853479440826 0.00892327079543146 -0.0142931416111791
-0.232959277681638 0.261871121135501 -0.0297803678391417 0.0387727274497996
-0.357104900916987 0.0680389781196318 -0.0597859529128791 0.00586513389879127
-0.355872753995702 -0.0417146298346185 -0.0466281043021633 -0.0635043845772273
-0.296031332967102 -0.0911895592024619 -0.00833396056776429 0.0836515483805155
-0.345504258818314 -0.0433371644043256 0.00279056976067887 0.0342359360032691
-0.296311509994003 0.122744055488587 -0.047026499935341 0.0173630348877266
-0.184940752936673 0.259523063537161 -0.0364744581103731 0.0550406947135968
-0.0493971521966155 0.302071442583774 -0.00179842542020447 0.0550685149635673
0.0797344860479507 0.280859808559958 0.0265234645008484 0.0503573086425331
0.163580115758512 0.218619238064442 0.0441096550898714 0.0328945548268422
0.172981338181081 0.196235383893774 0.0476201658480491 0.00949789060830706
0.174150802628077 0.177187902143632 0.0369571781726928 0.0109527601175581
0.161819497558576 0.239265729548042 0.0189768024722291 -0.00274302514776746
0.0641128953481392 0.295706745899976 0.00690740730010489 -0.00582865738909405
-0.0380897985400057 0.320295583956003 0.0210559200494547 0.000451517826910426
-0.210991744122009 0.250113700410843 -0.000573546818510992 0.0301672328527638
-0.331905753977108 0.0788498505829636 0.00727489406907728 -0.00405888876312247
-0.347792377916225 -0.0186255654618149 0.0722088657125511 -0.0375137901309818
-0.264853590009274 -0.0598786029320435 0.112077681159891 0.13505405129028
-0.298906180064115 -0.0119692751656926 0.0954071484576091 0.0489238900134461
-0.243748081844548 0.121697603581882 -0.00995805968934938 0.0199900218430448
-0.149317682662576 0.222159034038787 -0.0427116628687958 0.064613606330106
-0.0397942409459392 0.259632668502246 -0.010427845937448 0.115286364975055
0.0713842333241018 0.243345627189176 0.0537595395652563 0.135007589637264
0.14280868873438 0.194549046825932 0.101846022845784 0.113670307514414
0.145977086656271 0.176666557834106 0.114641740799553 0.0767987976086702
0.141781418607986 0.162928314207671 0.100092855268127 0.0722468780366804
0.122709731669155 0.20951406935483 0.0676199949849796 0.0568632948694934
0.0332909876281489 0.245805241111643 0.0286376287070366 0.0442322701586668
-0.0506906346085528 0.244949294057149 0.0259651184896514 0.0151797282205391
-0.16659417272054 0.182164403934025 0.0196485356560513 0.0188847406675897
-0.257794851736908 0.061206143058143 0.0614720408427294 -0.0147488136440786
-0.285990754102015 0.000289067987541624 0.175013564093101 -0.0164624779065714
-0.185575287207234 -0.0155165629555532 0.218537517154357 0.168407645240988
-0.190050002207315 0.0203513714774132 0.174099305734645 0.0537516242137337
-0.138946653839995 0.0922921288605491 0.0295498567443901 0.0203020505024358
-0.0836451311527903 0.135704376679025 -0.0364575272809947 0.0650969310939228
-0.0246002908982202 0.166886894932441 -0.010997295220005 0.154735805769276
0.0504610125694136 0.161852034731393 0.0795280062859978 0.195587340205894
0.0977931781198932 0.137654630650814 0.148989755336682 0.174825901040841
0.0973575018657511 0.129962697858749 0.165238296511959 0.132528795446273
0.0900678897805368 0.126405779043329 0.143683329015777 0.123978548080117
0.0653909796140787 0.152990949930171 0.0949180715309938 0.108581627065722
-0.00224518702406336 0.162888876675498 0.0345852148189412 0.0864628035618184
-0.0575599092912532 0.135660290080948 0.0172713727802897 0.0267528502814134
-0.100107684791575 0.0923580265024293 0.0286077443824336 0.00692070292427698
-0.151604943223236 0.0360662937761503 0.0961041197529128 -0.0206618934225237
-0.187335619289415 0.0185480922646895 0.246849645103684 0.00169321542152381
-0.0715386300672943 0.0254959286226333 0.29164088264636 0.176233732575034
-0.0477686448660532 0.0348600002886446 0.22502589230077 0.0414507109586354
-0.0179078144419491 0.0352481646482265 0.0628624168948384 0.00871182078330925
-0.0178013088540809 0.0235299130764258 -0.0252603418858965 0.0515057947860412
-0.014206630759181 0.0500374228274715 -0.00503251102343665 0.16789483359705
0.0147874743490507 0.0575774428809256 0.0972244542000076 0.221268136707744
0.0338004532345749 0.0615853133465911 0.175907103470813 0.205809766851377
0.0330743323863832 0.064254804058447 0.190066613818803 0.166844327776164
0.0278788276919405 0.0691867561425601 0.161719731848346 0.160523969494486
0.0103833593642334 0.0739442885507535 0.100165188601819 0.147853751947864
-0.0225016959393239 0.0631068061206852 0.0245587706094051 0.115285726147302
-0.0406200272001172 0.0255242179164564 0.000787624751385615 0.0307675123329832
-0.0178999277289574 0.0143366465334448 0.0312270079141201 -0.00458274555045258
-0.0336659824143773 0.0264076008428118 0.113607475877394 -0.0188472236619501
-0.0693721519885602 0.0408569396768288 0.280726539571368 0.0170136507160521
-0.050151024804215 -0.0410147716940193 -0.290653835915924 -0.0204076295307319
-0.0752213365599608 -0.0269631049154371 -0.1678585691749 0.0498788108886969
-0.0579480777250616 0.0402450548093355 -0.044493797841249 0.0244682692654563
-0.00408254601245777 0.0639492387041624 0.0267564868287099 -0.00330783402062454
0.0214135600025337 0.037734299540121 0.011174191716214 -0.111395129355137
0.0258610828285839 0.0253151761005778 -0.076961969596414 -0.165411942086246
0.0316186673043522 0.00774365060780504 -0.156154456343514 -0.176326306034003
0.0355961140352894 0.00948174637965565 -0.191577071218644 -0.171156415101665
0.0438880888667315 0.0117848267070909 -0.187187755878143 -0.186822115525156
0.046081378584523 0.0423617420050401 -0.13245512133591 -0.198675479257899
0.0208739719001251 0.0663090150043624 -0.0433918893497995 -0.170618241475692
-0.0157452096237118 0.0886354364333268 -0.00597687669451462 -0.0609585730196953
-0.0896793363165747 0.0477217716724921 -0.0707745797689689 -0.00240121911701461
-0.0997793561623408 -0.037899784096254 -0.18143053850417 -0.0398101789325557
-0.0645704026955404 -0.0604843296473344 -0.297653591870524 -0.154709889321213
-0.147608192703764 -0.0612336820680667 -0.269881474371694 -0.0220192291674697
-0.172850208421036 -0.0359251613729103 -0.165438788582111 0.0330735550824104
-0.135729985419709 0.0711121338869949 -0.0603939779242686 0.0266819440795734
-0.0581165930866707 0.136858922796225 0.0234287619092476 0.0131482770994374
0.00929602009575538 0.131507977701449 0.0232889722765204 -0.0958467789707035
0.0580053439136231 0.115988795078872 -0.0522260304165519 -0.150962401548842
0.0941146619813369 0.0816196195492264 -0.125317671952069 -0.161152388942677
0.102163800654569 0.0811138873160245 -0.158639015396472 -0.154122992911374
0.110171208069769 0.0794589141598216 -0.16129647259784 -0.157214191823533
0.103741113967202 0.132410902329865 -0.125148168554615 -0.167481148822868
0.0389848899758094 0.173707042398204 -0.0529046276184418 -0.14621209748089
-0.0358979220765345 0.200508749073616 -0.00923230449256137 -0.0453383271530304
-0.168728442355864 0.136613800082598 -0.0713761356315752 0.0221702762676761
-0.229828573418377 -0.0059983485869463 -0.166198531379442 -0.0119092784873368
-0.200672571608987 -0.0663972512494386 -0.250555554277458 -0.123338309911298
-0.227464175905347 -0.0795838281805137 -0.211415520590051 -0.00277930609487004
-0.260460950729499 -0.04633569395155 -0.138907347141515 0.0224431282154196
-0.212275307624153 0.0923479109190531 -0.0725612411074097 0.0244685809429516
-0.117158620604026 0.199647322214135 0.00656695767874749 0.0286852661639273
-0.011839421653305 0.217754337110351 0.0220968688357856 -0.0615126581897563
0.0786228798349319 0.198333433604071 -0.0265350571355501 -0.107615469389358
0.141373685981391 0.147699587930548 -0.0771573763291522 -0.117782211337706
0.153661531343496 0.139128999542128 -0.100828762819738 -0.113577370017026
0.16084167616322 0.129335874597157 -0.107864088289559 -0.109080882697111
0.1541909548675 0.194604859007505 -0.0939112609683964 -0.118809716068345
0.0657968912684313 0.253937068387919 -0.0475667139715089 -0.105613071382191
-0.031307481297907 0.290287033438721 -0.0051307557067296 -0.0300873065269696
-0.210702729885026 0.220953426757988 -0.0538347506619245 0.0367853057821175
-0.318302055447387 0.0437030447178602 -0.121635243749507 0.00711879685648335
-0.301997604181082 -0.0518144425278229 -0.161982440300831 -0.0892705492547381
-0.279524670631198 -0.0879862459359896 -0.120222772252249 0.0350550908661671
-0.325403918181986 -0.0448534490531964 -0.0803811805362922 0.0239865612524679
-0.271673041893253 0.114556204457778 -0.0683663448124365 0.0206928969798881
-0.161209918348023 0.24886219502967 -0.0150946044209148 0.0424328344197208
-0.0289111350664512 0.282460648125015 0.0114088830792906 -0.00957433354787766
0.0909632797271023 0.256752453825341 -0.000254320640701812 -0.0369349330010001
0.168230780689668 0.192980194192189 -0.0177171695294644 -0.0500579385399062
0.180773657581215 0.174844318975416 -0.0292306408525287 -0.0575385781191807
0.18541827510753 0.158845622036774 -0.0371896443733515 -0.051309099150266
0.179844098228274 0.227062140622809 -0.0420663496933795 -0.0613185139942477
0.0843656213690076 0.29495223900982 -0.0254970997897274 -0.05660526392762
-0.0209770330513503 0.334449687873448 0.00612932202802473 -0.0146522188879539
-0.217370441456154 0.268514168303536 -0.026170356794293 0.0375840852267637
-0.350299657571935 0.0829780881927076 -0.0576623803349337 0.00790346109756233
-0.351268928112983 -0.0272203616168933 -0.048795905642073 -0.0622359887701634
-0.292637217583451 -0.0777481285928815 -0.00559959855886946 0.084179886122403
-0.342754194483327 -0.0275943299774051 0.00409552574128491 0.0343053266520649
-0.285429876515311 0.130976042263233 -0.0453992389655195 0.0192792073258756
-0.170784004865423 0.263887826409903 -0.0324660629966322 0.0560756110591684
-0.0339763060096207 0.300692099049038 -0.00117442937143897 0.0549561925654552
0.0922092243136742 0.271796311796136 0.0288191805070794 0.0487857930356138
0.171963185323382 0.20643476250311 0.0461482532751391 0.030077280802456
0.180070487985775 0.184515997222182 0.0461839658063801 0.00701817568813294
0.180808340191106 0.16766817961261 0.037534461164666 0.00929370978171085
0.171074341502543 0.227828316637797 0.0176524812016025 -0.00252957308681556
0.0779737354737397 0.289387096133271 0.00551363254597566 -0.00522786168606552
-0.0223817788794974 0.316617150325676 0.018748695913618 -0.000108390342911034
-0.196670220975638 0.255490812017534 0.00184130878554275 0.0285309984836484
-0.325132182549621 0.0917557778684968 0.00865903186825187 -0.00370190951641591
-0.342187517137212 -0.00480293196592978 0.0689334795682127 -0.0422809062479349
-0.260488330060393 -0.0485191660619665 0.115371744977332 0.129048612932697
-0.295581482608885 0.00146537521178148 0.0959822673040396 0.0446822635336873
-0.234571758388397 0.128154359209732 -0.0088272258631055 0.0207568815929822
-0.137236609362432 0.225757574514945 -0.0385338342066516 0.0662226012200353
-0.0272764824554805 0.25908343886136 -0.00750994862596914 0.114870186656111
0.0825260713873945 0.235230625749257 0.0594735995314098 0.1315616238209
0.150120444076801 0.183506024552694 0.106392851210201 0.106157130325931
0.153826889453695 0.16692758764974 0.114664331465002 0.0698959565379756
0.14844404606738 0.155495326066636 0.10250300957578 0.0661029598732608
0.130707553793875 0.200591992123674 0.0686418810499784 0.0533773068975792
0.0456823472629263 0.241718797597666 0.0300685460621694 0.0429914510428748
-0.0383361503176809 0.242159317700308 0.0237421959284068 0.0140092787512437
-0.1557071368852 0.187082740143039 0.0211919452735864 0.0175769863686062
-0.252022578356413 0.0719629163343426 0.061071604399552 -0.0173305569223205
-0.281356289759594 0.0113766659936942 0.170896205199005 -0.0258549015924538
-0.181672297176955 -0.00814424670071314 0.221177846837634 0.15747417742852
-0.186551023392307 0.0275975273206229 0.173520317229852 0.0453329865179494
-0.132172028079909 0.0951992867109731 0.0306549910083199 0.0192423499516433
-0.0764594516857021 0.13750477700041 -0.0325048966392293 0.0662605157918901
-0.0160867156621983 0.166584977956811 -0.00552624906430743 0.154054056975742
0.0577255940021739 0.155918195459142 0.0872841112364342 0.18906390724784
0.10328391934531 0.129817684267992 0.156112771046966 0.163762178680603
0.10347876421921 0.122995418438854 0.167179350978907 0.122229639124024
0.0954603798091914 0.121133031287526 0.147151429635639 0.115103343070813
0.0718954595495843 0.147329507607305 0.0993975014977677 0.102667664416497
0.00651058773332858 0.160689186819248 0.0378923180085347 0.0840168345763276
-0.049965187268026 0.135583520081498 0.0158488122810199 0.0258813458688705
-0.0939983847407991 0.0947407209434034 0.0286164557854984 0.00625150517433277
-0.148103630977325 0.0425220401386688 0.0944044696098342 -0.0242565130313288
-0.182592590369311 0.026189088981539 0.242132408913599 -0.0117076813340483
-0.0680698443784167 0.0274790291420027 0.293766188464165 0.161954161444687
-0.0446997477243108 0.0357648532338998 0.223202303008169 0.0318514097740212
-0.0156067591040896 0.0342126047450795 0.0628517117019929 0.00698506927304899
-0.0174532905921621 0.0236324149742706 -0.022457450315423 0.0526275871454495
-0.0114845493879026 0.050171172665881 0.00190741204775752 0.166742170592654
0.017370567349003 0.0555058173484025 0.107172537056277 0.213680101205692
0.0361808452022757 0.0586172171655402 0.182502591027873 0.192719429563541
0.036846005369077 0.0619434015489798 0.194031274189199 0.154879473148501
0.0321736046457618 0.0677301388628862 0.166432692215032 0.149697296821441
0.0141599653456001 0.0727152428301479 0.106316164016854 0.140168760935693
-0.0189183561843573 0.0627670042452042 0.0293279212574277 0.112747600360975
-0.0387809461387364 0.0261065578466853 0.000551123708326377 0.0304855910638902
-0.0162923133549283 0.0144988826941317 0.0292381570069876 -0.00523176162231845
-0.0321180041425665 0.0271355832764942 0.111350305741759 -0.0227589912064715
-0.0661539196610926 0.0424723654731125 0.276501723097319 0.00231910190547901
-0.0497083271132704 -0.0386167542462242 -0.284364701441342 -0.0120512170192433
-0.0749738871641974 -0.0231385103069492 -0.162075784747605 0.053211748260331
-0.0553153898682489 0.0407922789185536 -0.0425642987078168 0.0245616976919506
-0.00127685814452793 0.0628834039283671 0.0268372560123216 -0.00440754737243155
0.0219001569131835 0.0363574132419694 0.00821838701203705 -0.109800081952796
0.0262640668165126 0.024241129447303 -0.080011598352281 -0.15924193003371
0.0308739529574681 0.00676667378193758 -0.157457509122758 -0.166603875047736
0.034238871115926 0.00818625308759287 -0.191787253115363 -0.161191865436744
0.0423973260582637 0.00996936292334511 -0.189155717866909 -0.176522670357118
0.0468479533080777 0.0395682836105065 -0.137267863688414 -0.190231673077825
0.0229462880642089 0.065366766568858 -0.0482233748568053 -0.166470909134736
-0.0127188203861679 0.0877644836943122 -0.00744785231290955 -0.0607972528177178
-0.0864389338921726 0.0494844818531912 -0.0680901136745833 -0.00236733712657825
-0.0992649797350436 -0.0340151479579489 -0.178955376913582 -0.0347029227110134
-0.0650729672528181 -0.0571003383165791 -0.293630993388941 -0.142701283122535
-0.144128782928745 -0.0562383343253807 -0.26477825082394 -0.013963562530694
-0.170607592077591 -0.0297191033347931 -0.161133162684515 0.0365786340582364
-0.130007472546409 0.0720947720715653 -0.0586657759888412 0.0269201848373235
-0.0514546704338381 0.135156068755467 0.0238342976540247 0.0122503563955676
0.0133604085371411 0.12810141930702 0.0196272780267497 -0.0944132230324332
0.0606002781874716 0.110761566954196 -0.0554604179527489 -0.145618558033333
0.09433226023207 0.076248650249629 -0.126861839297453 -0.1533447778322
0.102226168878407 0.0761261327758024 -0.158831678535815 -0.145906458033055
0.109406936616988 0.07432175168466 -0.162407401548094 -0.148620652372358
0.105749843997739 0.125447081454387 -0.129202629136737 -0.160286458675284
0.0434050449251724 0.170176543265966 -0.0575064126178944 -0.141958491571306
-0.0281053664641154 0.197266761316341 -0.0113032123148664 -0.0450983251000959
-0.161941855960942 0.138916169752266 -0.0675122566035937 0.0213230469266618
-0.225928184677526 0.000980506181622536 -0.163110007502688 -0.00812980611728186
-0.198151105156145 -0.0597792349964712 -0.246953985141893 -0.113398924255109
-0.222471155539151 -0.0730934370783 -0.207088223840465 0.00298859497319536
-0.256565001283952 -0.0384617267799863 -0.135364064351757 0.0257282250737064
-0.204086629275506 0.0938993396842403 -0.0702808041910156 0.0253358719938705
-0.107048161943688 0.197504273369971 0.00787182317039839 0.0273368359776213
-0.00468957249988616 0.213372652759816 0.0190412897959658 -0.0606564710085662
0.0835066321940306 0.191331965340592 -0.0292575021707048 -0.103550676151761
0.142335921481733 0.139495937081842 -0.0784677585678497 -0.112644343091788
0.154723437571792 0.130877303905255 -0.10232598012395 -0.108105451952073
0.160561880311812 0.121963359974055 -0.108004179774633 -0.103446590045171
0.156430938833396 0.185411340903027 -0.0971282291413204 -0.1126377635869
0.0728555327453935 0.248469545197133 -0.0507808915231134 -0.10176248517991
-0.021808704940971 0.284603378662022 -0.00716750835160594 -0.0296326118463642
-0.200286868503134 0.22303642282242 -0.0501970906044242 0.0351984755807678
-0.311749562138499 0.0509336490864461 -0.11777807914925 0.00952835773466075
-0.297086353251477 -0.0434835562326642 -0.16016707341995 -0.0837966084643286
-0.272876291472784 -0.0805008348665233 -0.1173241055962 0.0382185473041842
-0.320008191640205 -0.0353383301036212 -0.0786039196583507 0.0260258763390448
-0.261227433284587 0.116954039913648 -0.0664292035758903 0.0214089828950449
-0.150187584544027 0.247206152266916 -0.0130990880982037 0.0414923108666507
-0.0195771103914914 0.277390116274068 0.0087919958471359 -0.00884868935300173
0.0968448931891708 0.247519963304656 -0.00119755565937643 -0.0352777906587246
0.170486108679384 0.18254472076653 -0.0182323211366153 -0.0486824593829002
0.18261310138457 0.165519791310552 -0.0305294595284917 -0.0553883724283221
0.185798302509879 0.151247601631469 -0.0370964430994384 -0.0491934676808119
0.182515067261564 0.216101256091345 -0.0444547956205161 -0.0578344667472279
0.0929323265922431 0.287463007973162 -0.0272383393418185 -0.054143925962299
-0.0102117256186666 0.327345440343332 0.00390456835494998 -0.0150686373502571
-0.206412038156638 0.26865445074706 -0.0228797258199096 0.0356464192631454
-0.342041266439982 0.0899886282666851 -0.0551650320464092 0.00937350378282901
-0.344862928278991 -0.0187003871933301 -0.0492182969339387 -0.0610741321028506
-0.285813585672192 -0.070097332630246 -0.00432852596441127 0.0828923056624111
-0.336928752637194 -0.0186660653392589 0.00441929008492532 0.0337365159532194
-0.274871319597143 0.132711847817144 -0.0435764624873816 0.0198196986998387
-0.159427709179233 0.262660741096186 -0.0299019559070504 0.0551144700916409
-0.0238612117049584 0.295425743636199 -0.00206471315222659 0.0546021004463326
0.0990681037772557 0.262127815553763 0.0295095869550759 0.0482757747159725
0.174102865907236 0.195936838750396 0.0465224012104066 0.027029086615439
0.183272143609185 0.174097867433271 0.0442902621393409 0.00594553195317737
0.182440251492185 0.159244941361062 0.0373306830226674 0.00756296851788857
0.174339123705016 0.217842134390943 0.015977252193096 -0.00189871938575966
0.0862438759114773 0.28201476495753 0.00414338473382515 -0.00423766283078282
-0.0122126533398787 0.309524363500321 0.0162768754800276 -0.000604440510909432
-0.185820199970275 0.255785447109112 0.003880100488798 0.0266951127200903
-0.31745071055734 0.0982274744079256 0.00906279351088189 -0.00377239177047442
-0.334036082770953 0.00346558524008485 0.0657664251617318 -0.0450319316304087
-0.253747111725953 -0.042038038301197 0.114980724269036 0.124284635566421
-0.289411566684128 0.00812724215681158 0.0948360032626781 0.0420438718426885
-0.22575786296368 0.128961477369889 -0.00773138301371862 0.0206996318346795
-0.128038473966461 0.223826832457596 -0.0357920956855642 0.0660221498195348
-0.0186614160589597 0.254606954613417 -0.00666148863154083 0.114091469310606
0.0880297694648066 0.22667000731969 0.0622320421760116 0.127415775133419
0.152275253230124 0.174114628618234 0.108498727472959 0.0999632697432828
0.15636054978295 0.158050078143912 0.113114845518854 0.0656723750563122
0.151331937427627 0.147760540575068 0.102346203190551 0.0615216020078026
0.133761247952303 0.192893399878665 0.0683649356558351 0.0506858739929219
0.0533514323563394 0.235558374555625 0.0299727818834297 0.0422917992670384
-0.0298662618728914 0.237593184378271 0.0216295692869861 0.0135004519982925
-0.146120531787436 0.18700402052531 0.0216158880527692 0.0159201130777326
-0.246017741402882 0.0769091048827548 0.0602478950185177 -0.0184199228381869
-0.273479011643135 0.0180386234581948 0.165060372308412 -0.032155856602403
-0.176354050388992 -0.00432789678099202 0.219781232518583 0.148682328172014
-0.182231185929145 0.0314430384523226 0.170978369988988 0.0405411458462246
-0.126596795028707 0.0946061684584289 0.0311810466724363 0.0183079476705743
-0.0716589264489729 0.13621460531171 -0.0306287534126623 0.0664524068113721
-0.0105585649011292 0.163391900067193 -0.00314315605849093 0.153134562129802
0.0613244179411069 0.149780959166349 0.092156805953162 0.18328184977311
0.104535580740475 0.122863300259516 0.157748274924388 0.153931913849705
0.10602179884381 0.116710663048077 0.166094185253798 0.114786273782782
0.0982348943755279 0.115955192817192 0.147186325542238 0.107935203048217
0.0753849476726278 0.142372270020273 0.0994986084153888 0.0972839921790745
0.0119196783819474 0.15692115001387 0.0395633243932479 0.0819326953897668
-0.0447964187294776 0.133206393111784 0.014386835189157 0.0250647331957625
-0.0890758520080703 0.09469843730893 0.0278724612037394 0.00586664772741629
-0.144193630483876 0.0456922534556117 0.0921647108634361 -0.0260153590368833
-0.176456877696806 0.0291216234589984 0.235227115685756 -0.020038574322583
-0.0646218605660111 0.0282057439295245 0.290252348018719 0.151773580635204
-0.0426753641442758 0.0350331983305754 0.218700018097009 0.0255137628004248
-0.0141033002978963 0.033088340732473 0.0619789947220997 0.00606884025006123
-0.0175171894086588 0.0231152570300173 -0.0208167453161547 0.0535487984745535
-0.00992367505921257 0.049050748710837 0.00605932819393285 0.164537095955576
0.0185999658290689 0.0529085631829598 0.111729541204893 0.205861025050395
0.0370567371921978 0.0555182977158468 0.185199669319642 0.181852686366112
0.0384591854846117 0.0589207943209893 0.192776322787511 0.14586784523384
0.0348741936878225 0.0651014152809723 0.167044534482628 0.141328730611152
0.0163116739695062 0.0706967936557413 0.108148548784047 0.133391201996268
-0.0166077182844322 0.0612843978495805 0.0323821526930097 0.110364291942683
-0.0374909775612655 0.0264259676300168 -0.000457469433211096 0.0307255862654532
-0.0150782301164398 0.0135094372603428 0.0276761630591398 -0.004666128065545
-0.0307997702981411 0.0274647566460854 0.108605967966857 -0.0250200088080778
-0.0623193210244547 0.0430113070143734 0.268698445370534 -0.00662896464523743
-0.049322129302443 -0.037102373287098 -0.280883095719803 -0.00779895776827232
-0.0747701518928103 -0.0206941773024866 -0.159174632988941 0.0549522357479892
-0.0535683728539315 0.0411006705804934 -0.0421203580256167 0.024253302222961
0.00137282422269891 0.0616744761700794 0.0275200285242126 -0.00538699464431683
0.0223921183520613 0.035366483514857 0.00707010436381644 -0.108526014794436
0.0265331496677552 0.0233167520798422 -0.0814504502014483 -0.155131695180824
0.0305107100899543 0.00603732770518681 -0.157881885187618 -0.160113952297926
0.0331158915059737 0.00747095371263892 -0.190836689792083 -0.155657245643611
0.0410725520872611 0.0086256563620577 -0.189176611666852 -0.170390678315794
0.0469449316579669 0.0376709280340206 -0.140205827387909 -0.184873719861757
0.0243331785566566 0.0645829793205986 -0.0517811969971138 -0.164153011270713
-0.010877786426954 0.0871305449028978 -0.0079475158714467 -0.0611635693053516
-0.0852115044925092 0.0511160870122905 -0.0660857392796273 -0.00393469424546952
-0.0990514206543835 -0.0320314865058791 -0.176729365837351 -0.0322432976263757
-0.0658421354746164 -0.0549520703288855 -0.290610668865762 -0.135778348746749
-0.141499504744537 -0.0538255665262789 -0.261151627650753 -0.010391508765171
-0.168728394001106 -0.0260519158811355 -0.158497425828405 0.0383713758081335
-0.126131582915258 0.0716508291242041 -0.0579496814161512 0.0264886467380669
-0.0469403313976552 0.133164842273453 0.0242130131478999 0.0109308612022193
0.0156022032258234 0.12605956022405 0.0177458372886489 -0.0934620382349486
0.0623470363276802 0.107666935235662 -0.0573911965764684 -0.142073490440921
0.0941538736775373 0.0733524249948124 -0.126894705277146 -0.14842761619375
0.102399062639339 0.0723394328379373 -0.158934354125564 -0.140590474645033
0.108646315691687 0.0713595344867486 -0.162380138080744 -0.144226467273625
0.106705923293176 0.121357100577973 -0.13235003741463 -0.154416059786675
0.0475276189715341 0.167747540078647 -0.0599878753530132 -0.138677380832919
-0.0246967525056884 0.195137195752912 -0.012114669041655 -0.0456633321084286
-0.157664519027868 0.140182304740487 -0.065117971313333 0.0194174743914837
-0.223842919703096 0.00435681026404671 -0.159692270746866 -0.00564074562453206
-0.196482764111914 -0.0564086437958057 -0.244698970230894 -0.108538117032543
-0.217408204978212 -0.0702887580798367 -0.204588498325123 0.0059915316123768
-0.253693505371961 -0.0334286260759506 -0.133363108820921 0.0278187450611821
-0.198787659571134 0.0931261776550604 -0.0694319724476194 0.025252428686011
-0.101313284158598 0.195873221620358 0.00883701902293461 0.0262441087752055
-0.000562963553578015 0.210121211894125 0.0160542576484125 -0.0599804218106989
0.085955188946107 0.185679900723055 -0.0305899267309602 -0.10088504992199
0.143016313983497 0.134392737796535 -0.0786345084909651 -0.109948317350004
0.154597368285962 0.125816275464782 -0.102566258690524 -0.104998580266515
0.160905521492417 0.117898170352974 -0.108425655097617 -0.100715435298091
0.158451777590311 0.179416254658232 -0.0991468435258262 -0.108697006069436
0.0772874966932872 0.244625924403477 -0.0530210620769505 -0.0989276864484349
-0.0161375735486436 0.280891500981526 -0.00846950015116299 -0.0295970777726145
-0.194713738765588 0.223503758468451 -0.0477833192801179 0.0330572673490639
-0.307982404916269 0.054443668337497 -0.115318678398466 0.0108580961289048
-0.293342657645804 -0.0387272512631552 -0.15872183263181 -0.0814657294804621
-0.267646907962849 -0.0772374377859864 -0.115854754453057 0.0395049163917081
-0.316714029641722 -0.0311255601925747 -0.0772340493787544 0.0276215796516572
-0.255903312760789 0.116425873904095 -0.0652173873175115 0.021607861178433
-0.14306707857529 0.245894882800376 -0.0117823231456056 0.040465471442096
-0.0138422650945997 0.273137572805242 0.00684454604559815 -0.00809770664331014
0.100223801041596 0.241168870008142 -0.0020031494147805 -0.03387275353282
0.17089290783319 0.176026049239342 -0.0184561271643518 -0.0483307786037387
0.182931624807882 0.159168607400074 -0.0317817477924982 -0.053578444220519
0.186798726772188 0.146024737570018 -0.0373352932188352 -0.0488683563408142
0.184232008137494 0.209945719273333 -0.0461459103338589 -0.0552084245003034
0.0973440685249364 0.282992175904521 -0.0290391585175662 -0.0516948392630803
-0.00427349405648661 0.322517296536993 0.00191691771178019 -0.014961391401741
-0.19914323659962 0.268743495554064 -0.0214524812725936 0.0335457857177765
-0.338204648213956 0.0933692702107874 -0.0532602646761551 0.0102073730116806
-0.339214064220408 -0.0142903326786517 -0.0499666765667596 -0.0612998579650454
-0.28050529404243 -0.0670610619578383 -0.00367261481874509 0.0827656297336029
-0.333520610543176 -0.0138680773393449 0.00505911416134512 0.0340922408296725
-0.269277216149577 0.132384168523533 -0.0429017891524842 0.0197662772409042
-0.152606070732192 0.260670070856693 -0.0280381867133768 0.0549284708372411
-0.0185837451224035 0.292061640563495 -0.00361271981480844 0.0554332177501241
0.102544956329962 0.256043367033462 0.0302588798887117 0.0479377050143335
0.174184601854087 0.188744043348526 0.0469565239664372 0.0250968276352151
0.184246054996874 0.167561584002347 0.0425532659287335 0.00550001925731699
0.182943974634076 0.154204100090834 0.0374227166058897 0.00656075673462645
0.176091821461557 0.211428579014508 0.0149442919573017 -0.00127597476460729
0.0912612561791452 0.277665437715523 0.00315961065948155 -0.00291440036722381
-0.00577121740811221 0.305385870447257 0.0141001016064899 -0.00019050700027286
-0.17887067682344 0.254880222426925 0.00518794082068105 0.0251243657377957
-0.313014291018543 0.10179338336359 0.00997952183520877 -0.00380451537616425
-0.328628208918378 0.00704854698517896 0.0630404549835778 -0.0467739152540186
-0.248994628503214 -0.039675299838802 0.114295571188458 0.121923238565814
-0.286006382962655 0.0115702254057992 0.0945021680590499 0.0401333251831358
-0.220771978105894 0.127763697915132 -0.00681158579186128 0.020233745909533
-0.122735166656129 0.222611502242192 -0.0341749815454154 0.0658281540965725
-0.0134512947741775 0.251674394009424 -0.00710916469417413 0.114532830637706
0.0908545185025919 0.221161755728556 0.0640995556524196 0.125464268020271
0.152918465570964 0.167814431599729 0.109283116342269 0.0953807046707683
0.158007518823203 0.151726892594142 0.111259743938239 0.0632338786071616
0.152511626854614 0.14298050913466 0.101640326567575 0.0585724969133437
0.135832420403119 0.187878310148942 0.0675445533425468 0.0492248154948378
0.0580299940657016 0.231135850131705 0.0295077442756579 0.0425798506364144
-0.0252148668353672 0.233493563365704 0.0194803221359707 0.0136533218642453
-0.140902843737122 0.186606889045786 0.0222135969191583 0.0152141541102987
-0.242353801845218 0.0791525168430506 0.0596939645743396 -0.0186971610014064
-0.26793434340532 0.0206863589719677 0.160820005750495 -0.0360763995256538
-0.172201714863449 -0.00353427693176675 0.217652079843731 0.144779540665098
-0.179428621752919 0.032363502104314 0.169265191405356 0.0378280840683597
-0.123507878919509 0.0932704144712256 0.0314887121301061 0.0177948655965245
-0.0690198166441718 0.135030422023001 -0.0286128549751401 0.066201785863548
-0.00730178606951048 0.16167049529228 -0.00209310747781056 0.152819672378798
0.0623958474443712 0.146335897883406 0.0945711557798448 0.179877385759651
0.105360017883956 0.118652895799251 0.158803546524049 0.147994630285899
0.107163597822937 0.112295707247182 0.163953016025038 0.110500170165009
0.1002615789872 0.112667118905563 0.146920143356264 0.103842965286648
0.0770985267768959 0.139342841149146 0.0998126315130238 0.0942011020218025
0.0150183898896221 0.153986930621997 0.0401834117804356 0.0810053342331025
-0.0420887562795429 0.130963283505065 0.0128918044156776 0.025378300091367
-0.0855659114566819 0.0940008928082383 0.0274096291573724 0.00589208332212137
-0.14161470805493 0.047371456550748 0.0906600339711278 -0.026346663177018
-0.17244234861654 0.0305443619444818 0.229463552294272 -0.0250536393417126
-0.0626269456278523 0.0280474629152325 0.28694675561816 0.14583766004727
-0.0419401865081604 0.033970469699485 0.215697906014911 0.0225239611255222
-0.0134936478801089 0.0313236151940224 0.061899497716061 0.00550158665394669
-0.0179442585489572 0.0228732327600537 -0.0198444892284395 0.0540471542872072
-0.00851900302573257 0.0486535747213466 0.00808713370231486 0.164190142748457
0.0186900135907738 0.0515835010402024 0.115495276803185 0.201158748956475
0.0373011614503546 0.0533452790131899 0.185763542526254 0.174650264283702
0.0396209306348696 0.0572079290666817 0.191467253510505 0.140849218435492
0.0365838642247053 0.0630737962625247 0.166673223589656 0.136189253176828
0.0173433741732221 0.0700817496792544 0.109039096675821 0.12849419004778
-0.0154209486025114 0.0600419266103241 0.0344615690366225 0.108330829981468
-0.0369640290654505 0.025680044650713 -0.0010796310657417 0.0308527943285699
-0.0144425094327041 0.0129003353515455 0.0267374347126967 -0.00398637115342548
-0.029997646557415 0.0276659210683008 0.106543305200711 -0.0264783736767259
-0.0599713080293353 0.0421079497219467 0.262655806753329 -0.0123729204678309
-0.0491084574871728 -0.0361282424980209 -0.280060320465024 -0.00373893526043376
-0.0746125543608744 -0.0184446880018889 -0.157408962910154 0.0569065117331215
-0.0517115364082123 0.0418421436074985 -0.0427264942970342 0.0240506505166814
0.00365701972731567 0.0610474562823458 0.0276255390951755 -0.00613741308456412
0.0236248791931248 0.0345040518572782 0.00550457721679004 -0.108758516034234
0.0269936973192377 0.0231030600500234 -0.0837909586339581 -0.152532030100938
0.0303188163031947 0.00523823246847188 -0.160107839007828 -0.156261565545688
0.0332928687033165 0.00715700247609966 -0.191734941909943 -0.152243604095989
0.0401020811819089 0.00832942947421506 -0.19180002780428 -0.167092541725528
0.0477078623144042 0.0360065419525017 -0.144184935468819 -0.181057539790846
0.0257156438046308 0.064732934495311 -0.0561632321444836 -0.163495946669148
-0.00886171624968095 0.0872399173293641 -0.0085860589820677 -0.0619378364540455
-0.0840412683333782 0.0530224559874628 -0.0652918714007984 -0.00542174172294657
-0.100034860869487 -0.0302667807680045 -0.17619487993511 -0.0305282907154539
-0.0669675880402195 -0.0530059930134543 -0.288905813882373 -0.130582214116945
-0.139763099223746 -0.052457671861834 -0.260051528804963 -0.00582134070851906
-0.167946561790719 -0.0231761882110741 -0.157137655071682 0.0407397168996434
-0.123823684088551 0.0718430659018401 -0.0582940163817337 0.0267946182457604
-0.0436132616184146 0.132519748230171 0.024332867446394 0.0101466804644647
0.0186329198951041 0.12470387134879 0.0156674800747311 -0.0927869681555624
0.0641275853667181 0.105461121246102 -0.0602752771163293 -0.13985883747024
0.0948589715699001 0.0706411016066534 -0.129348807576418 -0.145410087622585
0.102623027935047 0.0701765052467891 -0.15961899688133 -0.137943292080076
0.108692443646238 0.0692152616185336 -0.163789866082409 -0.141346785126363
0.108550132036966 0.118428640308118 -0.1358084664285 -0.151169607303186
0.0511440999072315 0.167269057562723 -0.0637505459642473 -0.137559877586044
-0.0210860145421575 0.195092262634054 -0.0130372150848512 -0.0458061211134757
-0.155369686574022 0.143004692475022 -0.0640411269223616 0.0176746473463655
-0.224646777696577 0.00840330993410356 -0.159063028294613 -0.0044633707753532
-0.196617525543495 -0.0523074737541481 -0.243823288769385 -0.105021338411215
-0.215839814503496 -0.0681180174321886 -0.203922379288308 0.00913733731446995
-0.253272203748219 -0.0297387545901609 -0.131957682407972 0.0299884145885113
-0.196205791582835 0.0934022486064281 -0.0696852860590172 0.0249273659498818
-0.0971871027807758 0.195313180147688 0.00954941659681927 0.0256114957227314
0.00353351030547336 0.209101822346982 0.0139594558057036 -0.059064327057165
0.0889809656237476 0.182993820180931 -0.0323373753613755 -0.0989873186476379
0.143953173248155 0.130332047550793 -0.0798697923351932 -0.107830991075337
0.156097161598133 0.122212390315748 -0.104124811572529 -0.102633232863716
0.162380808399614 0.114598986695475 -0.109316269544066 -0.0993907996183724
0.160283595947506 0.176314587714051 -0.101686934148546 -0.104946870947176
0.0828705190647606 0.243194986345671 -0.0559946350541597 -0.0967935560347918
-0.0122346567639444 0.2808383984903 -0.0103334599334546 -0.0295782347666398
-0.191547236197515 0.225355632541349 -0.0465610666864054 0.0315140137383396
-0.308185626745615 0.0588818142186831 -0.113536354538313 0.0117210849402468
-0.292457090071406 -0.0343503023079191 -0.158944215512925 -0.0805197423579487
-0.265664596286084 -0.0748589778036247 -0.115485939949675 0.0423032358816489
-0.316578458368545 -0.0270688156113325 -0.0764836979337244 0.0289294705239242
-0.252482900036672 0.116971453155666 -0.0651478729379662 0.0214793694322623
-0.138312860140111 0.244975909986734 -0.010688103171968 0.040616617657925
-0.00893608372202335 0.272125380462789 0.00456334873838623 -0.0065990644716409
0.103606126784017 0.237541952528716 -0.00279220473968964 -0.032727973916935
0.1726547391462 0.171067503551585 -0.018577408605785 -0.0484650066838658
0.185572483594996 0.154373323526944 -0.0332120841538222 -0.0525373705342827
0.188550546821955 0.141982047017348 -0.0382071437307488 -0.0485978141507906
0.186944569575273 0.206217472788245 -0.0481394670147318 -0.0527452533444511
0.102750722707292 0.281860888290565 -0.0306799154339992 -0.049956025094558
0.00074189954783637 0.321429699212065 0.000521648495860839 -0.0144448403126824
-0.194930756509028 0.271047080721551 -0.0204234685726353 0.03172629774936
-0.337946433053391 0.0975369092519751 -0.0518858587575831 0.0103302755398459
-0.337215519376507 -0.0102957862622972 -0.0514461378128013 -0.0614098279664329
-0.278414188703101 -0.0648439119981342 -0.00325936962881091 0.0835388975851213
-0.334277533872099 -0.0098300393057775 0.00528829528226089 0.0347730118523549
-0.266797111918968 0.1327600468176 -0.0426040838907787 0.0197174233232364
-0.147815629046456 0.261009822082243 -0.0269851991147831 0.0552211905259681
-0.0130138858232536 0.291026527380711 -0.00538249155214649 0.0571869980116256
0.106019657513984 0.25245001486292 0.0308628094933208 0.0485102910305214
0.176919204109268 0.183808838771586 0.0477683843327283 0.0232740866755025
0.186565925956381 0.162950596428011 0.0418526235820667 0.00554426519858851
0.185941956962825 0.150184976320007 0.0369842646489722 0.00501372969966221
0.1795160189736 0.207814260765467 0.0142056109035686 -0.000192693081289484
0.09744467627101 0.275015942117466 0.00256920102173281 -0.00160799681322278
-0.00131642241653392 0.303334507597462 0.012585813655857 0.000572365430022021
-0.174589437085011 0.256894124613082 0.00586557434730212 0.0240886734537381
-0.312073472978153 0.105825414208742 0.0104437190796534 -0.0034767325911556
-0.326424809728852 0.0104177275020078 0.0613229932515197 -0.0488977729866226
-0.246630917590138 -0.0382846961286757 0.114392528735994 0.121270947308225
-0.286289128072233 0.0142504590179934 0.094526835591603 0.039833622537045
-0.218909856591677 0.127906336250694 -0.00631658606535078 0.0191612895181896
-0.119516691354011 0.223041292088784 -0.0334350362881849 0.0662939035389283
-0.00921843086249016 0.250599928469245 -0.00687337937907444 0.116588200696286
0.0933662076432766 0.21809731448598 0.0658777001122569 0.124571769040825
0.154433603142812 0.163704053589308 0.110360329218274 0.0915789973980378
0.160773509079009 0.147138699117749 0.110570539423746 0.0621490479684612
0.154898552086053 0.139668855219375 0.102256407810361 0.0564735973151304
0.138400141166596 0.184900373031105 0.0676479635075431 0.0489489656100275
0.062524041172104 0.229611221428125 0.0300809063959494 0.0433033582152923
-0.0212417580409975 0.231937172420071 0.0176789083345262 0.014651093040286
-0.137312124568371 0.187243095171728 0.0224106850474279 0.0146525657799942
-0.241607300306564 0.0825768279631486 0.0601400514538007 -0.0187402366880782
-0.265275507931186 0.0231037434885431 0.158062030638045 -0.0393576608010758
-0.170466071222012 -0.00224533479472003 0.217459101254611 0.142063884076708
-0.179721144107478 0.0338341273489921 0.169047775371038 0.0357365031849843
-0.122301745851085 0.0932384518645165 0.0318225733989988 0.0169930322411587
-0.0673835478335249 0.135226862630094 -0.0278155164919431 0.066774731517422
-0.0043791864164484 0.16102463692565 -0.000728077794188494 0.154884675246148
0.0641596466358897 0.143683555539681 0.0978620767593386 0.177699697942707
0.106162712594664 0.115297726717626 0.160484673346665 0.14248905665012
0.108890748326842 0.109777915183759 0.16346080142555 0.108541664701405
0.10256079429355 0.109704951545463 0.147514951370717 0.100150260134057
0.0792419642704372 0.138395792836481 0.10084041438532 0.0920181588299367
0.017666317314259 0.152400859363389 0.0413090242062264 0.0809968626112937
-0.0396707429660073 0.13022712266154 0.0118257864486007 0.0261193475818387
-0.08310553690508 0.0940331748737028 0.0273469911130587 0.00605913597677817
-0.141378276659595 0.0489755658408124 0.0900102225551707 -0.0273152857541095
-0.169791811951026 0.0311506193904572 0.225548406833221 -0.0297792088984359
-0.0609325866313056 0.0281482265706864 0.285991702979764 0.142104808157245
-0.0416713857753099 0.0334109994066054 0.214506478660733 0.0194483232972595
-0.0130254476029545 0.0300129946785916 0.0624479411064908 0.00542149346689789
-0.0184317003091683 0.0230469059270799 -0.0195080758499377 0.0547657638742744
-0.00797999724037024 0.0486694970261241 0.010498141106218 0.16507024665453
0.0187502863233519 0.0503381888653121 0.118912583087048 0.19869884072904
0.0378225716023804 0.0522315598128153 0.188157832253792 0.16923855340095
0.0406550167495654 0.0554194254231774 0.191210064260662 0.138134589804576
0.0384763730985866 0.061802239617221 0.167163249703342 0.132777185604914
0.0189818888921889 0.0695273877018344 0.110981180898482 0.126075182396842
-0.0147815699406785 0.0597218726625338 0.0360845445741879 0.1075220958121
-0.0372673162444704 0.025509241051342 -0.00170441877186859 0.0315736254186135
-0.0139274420877212 0.0114848388125882 0.0259316404343306 -0.00269806902267714
-0.0294145372799339 0.0276647633760853 0.105636668007417 -0.0273493127141883
-0.0590528346273662 0.0416290440373295 0.259296760131482 -0.0170368993437185
-0.0370697540956245 -0.047367181958592 -0.275038464844927 -0.0570315501107763
-0.0672902892956584 -0.0327977118376378 -0.163769211425577 0.0243832248961392
-0.0569796637491861 0.0302787560103388 -0.0476997024637121 0.0127662856508707
-0.00687672749777695 0.0587623753499159 0.0273309279092646 -0.000969983801631119
0.0169563261802311 0.0388675975084472 0.0250701844166838 -0.10613987711776
0.0231538884203148 0.0289232091267743 -0.0542097748654381 -0.165838639498149
0.0275313900044528 0.0119854754147068 -0.125598491546907 -0.185244041280545
0.0308759423942725 0.0139078276795775 -0.15584821162023 -0.186756746064673
0.037449223877095 0.016720063711743 -0.153894537850444 -0.20133493116485
0.0390275268567209 0.0446635356979769 -0.103950991775084 -0.203449029361984
0.0123352945355147 0.0692902392676044 -0.0223953156600278 -0.169301710582722
-0.0270985416054914 0.082974561150015 0.00444275545494612 -0.0612111555683635
-0.0953786319910699 0.0338607716621597 -0.0657068223294956 -0.0186081264023084
-0.0931102789943491 -0.0493270025337513 -0.169750673316852 -0.0688263100102688
-0.054777454524161 -0.0647154581120475 -0.261980663107269 -0.195391956139751
-0.120482381092577 -0.0809769553185872 -0.256207606921866 -0.055473679743424
-0.156172586665472 -0.0535852744339795 -0.159295422720575 0.00502406064143832
-0.131706463405583 0.0444350113158833 -0.0643597968591945 0.00987588042402825
-0.0648737757899347 0.11669479537433 0.0199769285141596 0.013084687917367
-0.0053605679133487 0.124445750813398 0.031050709013678 -0.0905269584610549
0.0426316969567523 0.115391355652525 -0.0348781514721065 -0.148810408411804
0.077900884586004 0.0866791407424336 -0.0979046374490662 -0.168343991737366
0.0880534518472658 0.0899878903599714 -0.128206952629578 -0.166753675694855
0.0914075071447731 0.0906565446863693 -0.132095336237777 -0.170582428331303
0.0820712662146373 0.136571283358846 -0.101811795789047 -0.170870578233428
0.0158338391704126 0.174340712344631 -0.0343016211121925 -0.140898374428533
-0.0620219065817788 0.183682548017466 -0.00384146412212213 -0.0423163212755654
-0.185926793203983 0.106210895537319 -0.0708890358614812 0.00725024813612695
-0.223214619783486 -0.0388902815993379 -0.159735093799249 -0.0403082418909251
-0.180363085098939 -0.0927333168711794 -0.224017685022222 -0.160506716614918
-0.190336919764777 -0.11167467454274 -0.205385860902626 -0.0309001135972259
-0.237150790657928 -0.0755263962348441 -0.132858718947332 -0.00383875333373884
-0.205627883184861 0.0509781162500664 -0.0752673139976435 0.00378743890568293
-0.127609248844172 0.165881128608419 0.000593568086184192 0.0247958675235855
-0.0352067352097651 0.202412263702345 0.0230930208767354 -0.057728332001085
0.0517382590548721 0.194398412476859 -0.0176439601834647 -0.104033657060561
0.114537381479751 0.153401100169286 -0.0577114919017939 -0.121395127087946
0.130325415255969 0.151212475647269 -0.0806666092947441 -0.121394640499908
0.133521833237314 0.146007658673423 -0.0874084135224824 -0.117930829345133
0.120575542705314 0.202524259866986 -0.0778000926241109 -0.117513902903657
0.0308443692562018 0.255286017081942 -0.0337973457717139 -0.0977493121017363
-0.072149296998328 0.267190050497897 -0.00418534457415065 -0.0225394740648397
-0.239331449410822 0.17897369117383 -0.057319772795334 0.0265697626535001
-0.315655315006573 -0.00777937418880263 -0.119415518054917 -0.0160374901007176
-0.27837328415352 -0.0961605872253948 -0.144258642154717 -0.116451447266151
-0.237414730814443 -0.127805539779435 -0.124927995112596 0.0176222210043884
-0.299385810993831 -0.0848669398485585 -0.0777651282833482 0.00351490562054999
-0.264941358784254 0.0618036299921819 -0.0709059658176036 -0.000611717733721999
-0.176625594807439 0.205203302391987 -0.0229118124733594 0.0343478673771614
-0.0602234880586144 0.26070420861365 0.00329169298717159 -0.00889874646342032
0.0549116451857419 0.249518798618136 -0.00172681041067186 -0.0335613766605398
0.135036246372528 0.198208142139445 -0.00931811149838468 -0.0499101257580937
0.153269058688743 0.189262373387195 -0.0225545305326406 -0.0579223556723379
0.154428714544008 0.177599546423469 -0.0283918606492571 -0.0536364924812506
0.140295210219407 0.237006950117708 -0.0354102182767429 -0.0551277897782952
0.043209649276702 0.297052503558281 -0.0184440287480312 -0.0445832323907207
-0.0681922497985211 0.308734362165115 0.00283175858447614 -0.0038810134651348
-0.252861102204605 0.222998849697104 -0.0312625837815323 0.034567986394822
-0.352919261642533 0.0237603287319288 -0.0582258612602682 -0.00398313725149218
-0.327165013508836 -0.0823134661091096 -0.0405428198120309 -0.0738085092184989
-0.253454886725938 -0.119950005087409 -0.0228367375856008 0.0797915836069636
-0.320474436460541 -0.0703556667233395 0.00156641168699665 0.0234205686499198
-0.282652449886969 0.0747561483784489 -0.048567189547178 0.00101054744734224
-0.189335023584088 0.218488401424255 -0.0419888605354664 0.0458877170702588
-0.0679546328651491 0.277466506900199 -0.0181104730311573 0.051758744326908
0.0534731783478988 0.263832205282874 0.0152570411254842 0.0528069398145947
0.137527006120665 0.210629345515788 0.041811961508187 0.0336338324060793
0.152927866911635 0.197410307030869 0.0386612328855379 0.0141969995326328
0.15010960365929 0.184498244103817 0.0345194363518585 0.0138957599685374
0.133049244630118 0.23774925792442 0.0146160374286282 0.00841208064130397
0.0385403071309416 0.288985541249248 0.00491212486384891 0.00950744580833364
-0.0659795529191354 0.291133924391855 0.0108298239839717 0.0134663943094992
-0.228884523949892 0.212604933891052 -0.00340181592800582 0.0322967877400415
-0.328868379344464 0.0367370649945439 0.00752107893414054 -0.00421981402680825
-0.320648691861029 -0.0605994960533604 0.0695871698805677 -0.0364057515334572
-0.229847679130746 -0.086434386912119 0.0859846096462206 0.139087488469991
-0.279925585669915 -0.0380412397690376 0.0865007549952295 0.0460260239637638
-0.236175994129479 0.079982164968087 -0.0134919288705112 0.00976794065068115
-0.155177727053009 0.187553757616166 -0.0491545081790128 0.056165973955803
-0.056955082226943 0.23886416760896 -0.0308736914112231 0.110578154043408
0.04757004632482 0.227759642801437 0.0359253336275489 0.134403094582292
0.119786621724838 0.186477363129557 0.0903787241882463 0.113417308242641
0.129963495933529 0.176063045576782 0.0943813055641886 0.0835868607249221
0.121817772379019 0.167242511084878 0.0873128664590209 0.0772484103353644
0.0981668364536134 0.206938785589361 0.0564284911743491 0.0656657104070241
0.0142490719882375 0.237165835566159 0.0224895583020756 0.0565874555380906
-0.0698113902326316 0.217272335052745 0.0128109564477877 0.0261938652249566
-0.176339118476735 0.151854293750742 0.0159724459952473 0.0251777670235841
-0.253864833457712 0.0287706636274618 0.0600516149286954 -0.00940757220084086
-0.263437312360703 -0.034989165708916 0.165289806546084 -0.005441208420196
-0.165163926481762 -0.0358290221543421 0.183766548324191 0.180958380650566
-0.181325171026231 0.00127519469440919 0.158803274620031 0.0603296398239203
-0.13659262522997 0.0653715247664006 0.0255873913431822 0.0183387250130165
-0.0899694232090718 0.114537745999047 -0.0430993816230307 0.0592128084488049
-0.0362307033659587 0.15227089684352 -0.0304606973480021 0.150420837561938
0.0333199664513644 0.149313151010165 0.0586755645898394 0.193442928207164
0.082183711463394 0.1308977788969 0.128797638233943 0.173835002838666
0.0867567460043752 0.128724289679721 0.136847506537249 0.138668669160313
0.0773865410297318 0.127490386305471 0.122668456557454 0.127946981950472
0.0502430024759559 0.148863827194825 0.0791400078014164 0.112850286535565
-0.0138814854706989 0.152319182368202 0.0244327409957022 0.0927975962383165
-0.0662392228592397 0.11580003492852 0.00384574842334653 0.0335180910422782
-0.101654494404672 0.0729208538949613 0.0231888594327773 0.0154114332118134
-0.148045778243004 0.016610712959444 0.0938135635618179 -0.0103696822514852
-0.172264588455961 -0.00671784311644442 0.232234887907464 0.0191385650786428
-0.0678460165258422 0.0162891434293861 0.252705080069241 0.194613935119674
-0.0492223213695888 0.0261312190321646 0.205706432371354 0.0579166880468594
-0.0191428350942961 0.025713644575524 0.058860564057197 0.0170105618967787
-0.0230076538171905 0.0174960896366576 -0.029985354216388 0.0501562683082089
-0.0183007555467992 0.0430952825637412 -0.0213578373504657 0.164266996949236
0.00642743352674873 0.0505763206070068 0.0775710182949602 0.218327251159925
0.0273888916511958 0.056621358663928 0.151474899992643 0.205072067005629
0.0295672192700342 0.0622739337910386 0.15835168948703 0.173417319607875
0.025147460000275 0.0672124904685714 0.136114398667547 0.162900715357575
0.00554640685638907 0.0709928730833102 0.0812400258215301 0.145464608343621
-0.0269930106396043 0.0547080277645418 0.0137652813494973 0.114102773355683
-0.0416037871787506 0.0159908959767796 -0.0110216403809219 0.0322663517322404
-0.0157646865673109 0.00765136541233761 0.025741119073281 0.00444482979783199
-0.0342390255394417 0.0198663088655237 0.110696810764508 -0.00562144325274407
-0.0659035621004755 0.0268342667284477 0.263710359985736 0.0386818388352667
-0.0368122870648837 -0.0460073530881927 -0.273493604878156 -0.0512752579928497
-0.0668278123361521 -0.0302106134103889 -0.161705827920498 0.0277058620878641
-0.0547215495845867 0.0312343036117343 -0.0480963671374704 0.0135792253025518
-0.00516707153456125 0.0579345512209329 0.0275478955992032 -0.00162334070078451
0.0178513335965703 0.0379577981737053 0.0222479070107029 -0.106211226224306
0.0241230866902001 0.0279332859473019 -0.0572625520163263 -0.162411895322433
0.027440359632293 0.0111170203389003 -0.128697212721093 -0.180248184554867
0.0303576160650032 0.0133028790650923 -0.158366531851064 -0.182990376957615
0.0367589999036367 0.0162742564458127 -0.157828605302978 -0.196416967380194
0.0396648743916461 0.0425509889561909 -0.10882993606351 -0.198974098194549
0.0149294183160198 0.0690613299798166 -0.0271953029545733 -0.167822025942611
-0.0248017743649497 0.0831239678498301 0.00332357488750632 -0.0620534846363446
-0.0944900393628502 0.0361068341626783 -0.0652168312744466 -0.0196301840353346
-0.0939581251884369 -0.0465503216082301 -0.169201907116839 -0.0663522681782444
-0.0549067009108126 -0.0618790369017121 -0.262515170927953 -0.189145715048138
-0.119746267217449 -0.0790503886348445 -0.254689932727406 -0.0506152662075941
-0.155319811237948 -0.0492034069395262 -0.157707684606839 0.00853400512097513
-0.128103528520995 0.0461141511713608 -0.0651227221919918 0.0105572063672892
-0.06063592492419 0.116587624074455 0.0202491284433301 0.0134123989518746
-0.00147299129485997 0.123015889482843 0.0286203328112896 -0.0893386155567581
0.0456838478729613 0.113262489305222 -0.0376066899389273 -0.145868323470467
0.0791279415648167 0.083938705105872 -0.100939705079229 -0.164096479432062
0.0888373369130336 0.0874105542553178 -0.13083096141412 -0.163584070487784
0.0923388642359414 0.0884815944191326 -0.13504639921916 -0.16639026162427
0.0839968367628568 0.133197975760091 -0.105893579378078 -0.16562123943492
0.0205268759505416 0.17395991678971 -0.0387520903216499 -0.13967170113528
-0.057372715939575 0.184213787408977 -0.00511978296375237 -0.0429789457342445
-0.18168469333764 0.108972246207281 -0.069871704067476 0.00611035856324166
-0.223111662211064 -0.0345075735649486 -0.158117694106157 -0.0381515084039698
-0.179882504211275 -0.0872807520618209 -0.224860912376888 -0.155326876104927
-0.188422331080605 -0.108976152099973 -0.203789193978774 -0.0263162183899153
-0.236518143254066 -0.0703164029413466 -0.131396183813785 -0.000786125872914081
-0.202141659709247 0.053497914568316 -0.0762024060551144 0.00444352477160978
-0.122254747556674 0.16609280406091 0.00118997216931748 0.0247622349393038
-0.0301137978655116 0.200479581764817 0.0202216840559614 -0.0566407848478826
0.0552718805822969 0.191113333759318 -0.0191445121616623 -0.101726294987941
0.116656834245024 0.149211390481214 -0.0595286023547193 -0.119027426910174
0.133002327172899 0.146843540391716 -0.0831365892377271 -0.118733706940484
0.135430098883584 0.142180231682568 -0.0896295777159521 -0.115526058497646
0.12405547216297 0.198602529692681 -0.0808634693638966 -0.113437486408832
0.0373558473017649 0.2535582998246 -0.0371707943568555 -0.0961125832922668
-0.0655269781526557 0.267336333764106 -0.0054189234916705 -0.0225466239700742
-0.234257343900429 0.182510627414632 -0.0557402052742102 0.0256573247102681
-0.315098151805558 -0.00141122317223069 -0.117852927498499 -0.0141572328865137
-0.276519247647239 -0.0904606791414292 -0.145861264645895 -0.113877329084659
-0.235332876965264 -0.124195046699361 -0.124186823493882 0.020494264906515
-0.299117223255214 -0.0779809640272001 -0.0771382823116497 0.00571648122470235
-0.261604424473292 0.0638682443405738 -0.0719230748364912 -0.000650383168721799
-0.169937423039054 0.206353942618128 -0.022020076290357 0.0347318739742949
-0.053706010724285 0.259049388538656 0.00153375998968091 -0.00721948625766922
0.059690926558858 0.246275962608075 -0.00236706093252578 -0.0317547767133736
0.137892941525508 0.192989280457556 -0.0096649116561105 -0.0505109879334967
0.156101184709439 0.183469600371909 -0.0237661904079967 -0.0564408383199318
0.15671497669829 0.173355639491978 -0.029721896133345 -0.0529503756246883
0.144945248095331 0.23235312127828 -0.0374120102856158 -0.0521587212273052
0.0508710096738409 0.294598127330839 -0.0201107684828285 -0.0428232144144862
-0.0607701574532003 0.308164068563451 0.00130808911087644 -0.0034007061997289
-0.246222445992997 0.225302631131646 -0.0301355232240158 0.0339794557176673
-0.35175258826405 0.0303652457392952 -0.0562174430325229 -0.00262850908020752
-0.324281681044907 -0.0760159513365584 -0.0426709476035732 -0.0731244130549661
-0.250968591998236 -0.116552077735152 -0.0221443153434922 0.0813902104972621
-0.319936455301904 -0.064253466581723 0.00202601011587243 0.0245356401107711
-0.279215331727796 0.0774925837796508 -0.049607715737706 0.00114298122643995
-0.18308039049377 0.218973997962506 -0.040662113219331 0.0459880296932381
-0.0614611151302354 0.276146962886041 -0.0188311766390466 0.0542502351433784
0.0586621455749676 0.25958703630648 0.0162383201076485 0.0532063167647036
0.140220334431394 0.204589751911461 0.0421042396116007 0.0309568530253696
0.156225027617967 0.191686635714143 0.0378917265710928 0.013752962508897
0.153479220530972 0.179800694590917 0.0335526409259306 0.0122660477950941
0.137423815030989 0.232645643205939 0.0133657505590123 0.00970658257619703
0.0461080689311655 0.287058652879269 0.00460842406589967 0.0105052826733128
-0.0591064676254693 0.290210352614589 0.00982471689905575 0.0137817431312223
-0.222091582267354 0.214131514600711 -0.00214671816172995 0.0314013590855846
-0.326560012603169 0.0429196894027306 0.00809659035411656 -0.00427663596646403
-0.317383971547139 -0.0549442466038184 0.0668054028271007 -0.0382085260973188
-0.227223554749395 -0.0835974418114017 0.087359780653465 0.138081164552332
-0.279919943787494 -0.0331719459245755 0.0868556597901378 0.045291930851423
-0.232943835244782 0.0816735541442628 -0.0140558885400584 0.0090857286788478
-0.150660824897779 0.188503093063624 -0.0481036281275456 0.0568111231373853
-0.0519405840090148 0.237973583493349 -0.029983797416766 0.113158051428088
0.0515279261141231 0.22444589421093 0.0391745916101433 0.13396729664123
0.122402181672822 0.181146546650634 0.0913256260444456 0.108624903726975
0.133141259013209 0.170706932880231 0.0951514874014069 0.0817084435698117
0.125278170385907 0.162879566374389 0.0878520580966011 0.0740681695575098
0.102034651590991 0.202717210299112 0.0564139306349699 0.065187058873734
0.0204125984279782 0.234664279844474 0.0233211931699095 0.0570260928072442
-0.0642399380242616 0.216297159728273 0.0117658048858586 0.0270893433735526
-0.171045644375058 0.15401217082712 0.0162885720803656 0.0241386462902234
-0.25215116492784 0.0333652142200754 0.0599617087685882 -0.00971082133717329
-0.260234205929997 -0.0312539908417137 0.161768418987155 -0.0095958218264522
-0.163406952853774 -0.0340107113938077 0.185134758087181 0.177517145936685
-0.180923196763357 0.00442545598487974 0.158115901125147 0.0570735645037319
-0.134917197782218 0.0656939705486701 0.0252250810354039 0.0169435992694001
-0.0875316967296043 0.114711287332164 -0.0424734632773744 0.0598952962412756
-0.0322728851991596 0.151792788104348 -0.0276318250351423 0.152377805171149
0.0348252828136462 0.147354657118928 0.0627520425162698 0.190584098551816
0.0835032862175793 0.126803334167934 0.131339309896554 0.167849883638216
0.089059009980026 0.125314517846255 0.137999171678901 0.136103436512713
0.0796561596410032 0.124131307792536 0.124237121782682 0.124686859773885
0.0535385797217953 0.147039846734902 0.0806201302455867 0.109929406436279
-0.00998461154836808 0.150829464686647 0.0265009720573177 0.0919409104562138
-0.06303979667583 0.115441176877546 0.00280385743299223 0.0344344384972564
-0.0987845168159001 0.0729984066852271 0.0239190616140911 0.0156203222559627
-0.146831869131567 0.0193594305376188 0.0921321680102044 -0.0110346417148213
-0.169529433233277 -0.00447196063731451 0.228063273687442 0.013508036631891
-0.0661643279301822 0.016717784052753 0.252159981105448 0.189470888267138
-0.048995654881351 0.0260379585390753 0.204941861532246 0.053992821507717
-0.0191020020725089 0.0246892835490498 0.0590914614048803 0.0155707917835527
-0.0232886410586373 0.0172156575742135 -0.0292434915439584 0.0506880178249824
-0.0177607205578025 0.0433723622594025 -0.0176032729358864 0.164906009483341
0.00669298358483844 0.0499802462693744 0.0824283668502074 0.214472669166171
0.028056243268689 0.0549222633534897 0.154166153195769 0.199037189879362
0.031272788850002 0.0607499527003767 0.160240678401042 0.169820634488906
0.0270875265553982 0.0658857674871605 0.13762865265704 0.159119329390356
0.00760536028441633 0.0702890162312967 0.0830099039724153 0.141650666446444
-0.0260469406892162 0.0544077699154712 0.0169847634207305 0.112916988428059
-0.0413569591095914 0.0165634088874818 -0.0111198783488537 0.0330012138498668
-0.014662705162539 0.00670316177020256 0.0255499421224499 0.0046528244853359
-0.0334955444526962 0.0197934724047218 0.108743553648261 -0.00720656569431667
-0.0651352761736438 0.0267734280414965 0.260239138357474 0.0328289419355947
-0.0366159139657413 -0.0453892702200194 -0.2702672464527 -0.0484012058603627
-0.0658381200482671 -0.028651850595689 -0.159249300477467 0.0292196074436429
-0.0527510144756033 0.031553017155643 -0.0484840217313097 0.0145698752012876
-0.00260117652618439 0.0574913826516423 0.0280489635099066 -0.00188754133383863
0.0191113149142096 0.0368848925905052 0.0205527249422726 -0.105646725894845
0.0254235194761406 0.0271935610608479 -0.0595875685089838 -0.159506380404798
0.0275640216174712 0.0107941306167658 -0.130036990340157 -0.175763812840083
0.0298139450076156 0.0131392710221322 -0.159493581144833 -0.180091913111544
0.0364466549798074 0.0158976792448673 -0.158881039816926 -0.19278507334551
0.0396676917522104 0.041430618125467 -0.111218014783311 -0.194942482342789
0.0167855549646677 0.0687582467903713 -0.0306216495540483 -0.166443410943286
-0.0231757571347431 0.0838258114413104 0.00259915456137757 -0.0625145808400694
-0.0927520269055226 0.0377886717694276 -0.0648619355110554 -0.0208270198265261
-0.0942520153873384 -0.0450937070109613 -0.167652394374122 -0.0651227778974075
-0.0539917135628916 -0.0592337291465451 -0.260549258632273 -0.185053195973768
-0.118058540709646 -0.0779144002511756 -0.252305672042535 -0.0473566136692963
-0.153974009658472 -0.0470673192940521 -0.155813971035365 0.0106376177383457
-0.125453151581987 0.0458742919451015 -0.0661112719054845 0.0112985525160646
-0.0571090680634917 0.115072568010102 0.0201061620532341 0.0131856581065085
0.000591190516470212 0.120777071419031 0.0260571331348846 -0.087977461349438
0.0471116971900555 0.111128349048631 -0.0394654945936744 -0.14367288400365
0.0790375178439928 0.0821808906726512 -0.102585877905568 -0.160948429252285
0.0888612410778081 0.0853888773567195 -0.13162241673825 -0.160734341492111
0.0921769453999621 0.0862289178246519 -0.136453535573919 -0.163412573734376
0.0853856530231014 0.13040968071279 -0.108116963446743 -0.161722278492729
0.0234998131317924 0.172968459576951 -0.0412408445908852 -0.137871070233039
-0.0539867878060758 0.183146989295202 -0.00586135730224774 -0.042418868657414
-0.179831377215026 0.111165801263178 -0.0688726046027896 0.00451289077741101
-0.222417661016433 -0.0318123034862691 -0.156628556787396 -0.037551169161283
-0.177984082841825 -0.0843943698458647 -0.223357200052364 -0.152865547902921
-0.186224718503378 -0.107558659591317 -0.201820241416312 -0.0241086430371126
-0.235317688953856 -0.0667276005667837 -0.129902882375062 0.00165450006213366
-0.198483888557376 0.0533917006689278 -0.0772871174142282 0.00496025280502892
-0.118078013595735 0.164557648665877 0.00185428975531762 0.0246589112293458
-0.0267171431947669 0.198432419252677 0.0177107482288268 -0.054376016532479
0.0577054553922312 0.188513976881665 -0.0205641217016394 -0.0993853735192742
0.116765684015901 0.145841187724346 -0.0602914218303739 -0.117787946171539
0.133464213090433 0.143391818993577 -0.0839788714527996 -0.116385088833209
0.135768456148281 0.139226774099503 -0.0913963909787895 -0.113904603784787
0.125295213530857 0.195025312995929 -0.0824637482409825 -0.11031964528458
0.0413554459013446 0.252118673921156 -0.0383981274256484 -0.0935343598543093
-0.0614509438299823 0.265267676496356 -0.00605985449397049 -0.022153615086904
-0.230401491158788 0.183661876154486 -0.0551605784608015 0.0242111709191405
-0.313338220546286 0.00179358221304986 -0.116253441812566 -0.0130202634460628
-0.272788393056037 -0.0862106286468796 -0.1468890470482 -0.112215512922484
-0.232698460117591 -0.123652957193687 -0.12225303737579 0.0225641734150861
-0.297583287796199 -0.0740162930280779 -0.0753914556060356 0.00736028036336542
-0.257892988175754 0.0644619712237658 -0.0732046896623175 -0.000375405236052232
-0.165846320419909 0.204928423107831 -0.0210189461385945 0.0349434346280313
-0.0495018307924104 0.257193089868025 -0.000834119809669814 -0.00458489533613544
0.0621229189480124 0.242728963067327 -0.00212052294301233 -0.0303405978157641
0.138082340668032 0.189007525488094 -0.0107383448833378 -0.0508541628764881
0.157693736917255 0.179672285134865 -0.0246288872895697 -0.0553320341304239
0.157795464645694 0.169792464906665 -0.0308248366077226 -0.052602658889901
0.146590375161976 0.228640896474961 -0.0384137359182907 -0.0493034873125371
0.0551969427975601 0.29243021111889 -0.0210797711500031 -0.0413200743981043
-0.0562225275382817 0.306096940698575 0.000557309123474006 -0.00209608343280306
-0.241523800171023 0.22655223019675 -0.0294280563249969 0.0321751846272183
-0.350220229553837 0.0339618226114009 -0.0551075771460387 -0.00221340559507476
-0.320423306171204 -0.0733257893393758 -0.0440741112197673 -0.0731162481323635
-0.247569316727884 -0.115339107395536 -0.0204148092604253 0.0818897675011364
-0.319374065831711 -0.0604897338258106 0.00230968744892646 0.0253619929487259
-0.276175702742904 0.0778388811667927 -0.0510042784535403 0.00121287645906016
-0.179180703977876 0.218034131671153 -0.0403548152335451 0.0462621177555731
-0.0572265367274492 0.273875668967123 -0.0190968700732455 0.0570239092047907
0.0612092879021966 0.257115258584177 0.0175042680460565 0.0539723526222423
0.140603421163333 0.201206825595624 0.0419827347583374 0.0278813021021696
0.157808879044077 0.18730078751946 0.0376893559715099 0.0144413604481317
0.153889364379899 0.17639864355323 0.0329394241722824 0.0118532619210746
0.139083755263193 0.228641979033626 0.0133031984338389 0.0110710720648938
0.0501994901429082 0.284368992640944 0.00432804951402143 0.0113411157727918
-0.0547957347551277 0.28748034172857 0.0089154708496406 0.0147843651291125
-0.217445282691886 0.214878946902055 -0.00151263704157945 0.0301867810063885
-0.324457599138646 0.045493223538695 0.00865381393627364 -0.00375757754048097
-0.313467999779 -0.0525580571733568 0.0641903099322634 -0.0396087937365937
-0.22415526030692 -0.0827064119139565 0.0873431962516942 0.137485785355103
-0.279186179750952 -0.0301300824308735 0.0863471925615308 0.0448588793090066
-0.231373877019223 0.0812118598918067 -0.0154599446462209 0.00842940084785306
-0.147745029129791 0.187900237140948 -0.0477340927301995 0.0569636766139761
-0.0484626899239193 0.236670325086364 -0.0297016757692716 0.115334113931823
0.0532633346078449 0.222226327822787 0.0413328842601927 0.132777032370379
0.122216683311041 0.177938007285683 0.0919033186541856 0.104907671171805
0.134609420310766 0.166608222480962 0.0945137324014652 0.0805172521653745
0.126456529855537 0.159613203870366 0.0878863580202808 0.0724378986578584
0.104212396382195 0.19939711832638 0.056779705479875 0.0644425484540753
0.0239280475224922 0.232334724242257 0.023643866885788 0.0568283029959288
-0.0609188802663589 0.21504793476312 0.0104492869576822 0.028081500376188
-0.166892856366791 0.153451572665641 0.016984451243518 0.0238928090480533
-0.249640462906655 0.0355092722362764 0.0598753504061332 -0.00931189121308537
-0.256957358052041 -0.0291521853938799 0.158133000387693 -0.0120543002948389
-0.160296609492582 -0.0338669152886462 0.184323188492882 0.175595071006522
-0.18041340455569 0.00628888998717991 0.156944884587023 0.0559782630121142
-0.13338789460224 0.0655218923283267 0.0238426412914733 0.0163872909451214
-0.0865143920609302 0.114184642433597 -0.0413350239035749 0.0603392082087942
-0.0310050230164397 0.151115956162626 -0.0271920489069012 0.153757060217089
0.0355357423008458 0.146280856840158 0.0656046469607454 0.189364356223568
0.0841659543013501 0.12463876819444 0.131709693316563 0.162388348657746
0.0900975553589459 0.122513144842065 0.138047174145664 0.134264679892497
0.0815202047356703 0.121244650939521 0.123748654594434 0.121873277479391
0.0552832738864155 0.144129584063112 0.080516422678549 0.108356352931061
-0.00761663661453912 0.149691629510874 0.0277139110574597 0.0909444036532938
-0.0615648463838612 0.114567604931133 0.00254017467231377 0.0352312449465734
-0.0959043966031615 0.0719613777374852 0.0239843680890817 0.0155536809438032
-0.145488579481835 0.0207002318812555 0.0912548255108433 -0.0108948849723068
-0.167533824660434 -0.00420089204596052 0.22407478617558 0.0105122935467211
-0.0642082005595458 0.0165295920414005 0.25021404920175 0.187097410504174
-0.0486609862082274 0.02649799051878 0.202761369144798 0.0517238180737108
-0.0190888162779942 0.0244273065506231 0.0582176468532898 0.0150693104396761
-0.0239731519626096 0.0176387128967299 -0.0288002473460959 0.0509329446918495
-0.0179779148556819 0.0435545953514927 -0.0160239307113454 0.165145073803192
0.00652391446718762 0.0497108121631066 0.084707309736022 0.211968949654268
0.0283028545088463 0.0540849972311827 0.154812861345257 0.193388462181218
0.0321348834179905 0.0594171442964011 0.160032628692063 0.167598430241336
0.0278830527858109 0.0643783005027858 0.137815953383199 0.155973619141444
0.00900871902165364 0.0692283578235518 0.0839309046809227 0.138755513360354
-0.0253939646844239 0.0541004726722289 0.0184582534301261 0.111612939046783
-0.0413985704155221 0.0163096721569315 -0.0113457371223358 0.0334827040015262
-0.0143520982484525 0.00573670265905571 0.0257044557729869 0.00537364149470726
-0.0333375211063172 0.0198924211501048 0.107205017436017 -0.00732514802733523
-0.0642924249544047 0.0259201839716892 0.256290981212985 0.0286972141598543
-0.0365453729100086 -0.045238100336763 -0.269715557544595 -0.0486994303643152
-0.0655204375388123 -0.028316672760002 -0.158362136583252 0.0296504472823892
-0.0511831060125278 0.0307109874537022 -0.049367905306612 0.0155554195815168
-0.00136864373268095 0.056424064800365 0.0285021019637817 -0.00135509655680376
0.0197383487038187 0.0362346928347919 0.0198810273228843 -0.105765469622577
0.0260577373967243 0.026443669691992 -0.0597757663521979 -0.158293247817881
0.0278961031881035 0.0112313767746148 -0.130183240966752 -0.174844002047976
0.0295623226487695 0.0133695865654672 -0.159904763747707 -0.180411488587495
0.0357690885909382 0.0157276291955042 -0.159342405247433 -0.192640461117904
0.0400501885924798 0.0408274494326274 -0.11282658748649 -0.193877166766554
0.0180583897160564 0.0691888740065179 -0.0321991120387905 -0.166751030280766
-0.0213733480578139 0.0837490141905831 0.00220986038452242 -0.0636868695749665
-0.0931615237334468 0.0387551771271984 -0.0647450009004113 -0.0228645756249247
-0.0942919159509212 -0.0440578847409271 -0.167321896744983 -0.067295890156439
-0.052910907194021 -0.0579769550372677 -0.2593604998829 -0.185192890315306
-0.116975187513257 -0.0786555651366671 -0.251270551964697 -0.0472834787509173
-0.153892194034837 -0.0462526651646173 -0.155291073781975 0.0114239030861182
-0.124249472080871 0.0444459242130117 -0.0676495992864791 0.0115388308821143
-0.0556413854535837 0.114091810543167 0.020730988055257 0.0134200718258695
0.00143271813036845 0.12031606507445 0.0254937708209715 -0.0869003529060553
0.0480665167080517 0.110420660299634 -0.0399615085326411 -0.142102452322455
0.0785770612936581 0.081770128737338 -0.10225329146895 -0.160078268692131
0.0891101377475924 0.0852481619962353 -0.132135796275139 -0.160638293962658
0.0920220673607716 0.086503494919448 -0.13752461943003 -0.16319467571877
0.0852063787231027 0.129678000022816 -0.109158011177332 -0.15971489757746
0.0253911353304489 0.173667790108353 -0.0430331287528959 -0.13745699089803
-0.0525502004279714 0.18317360196293 -0.00655362811022169 -0.043009530048656
-0.179211267944427 0.111119159920397 -0.0686345714798546 0.00305831280806449
-0.223076929352422 -0.030760224315623 -0.156023971614794 -0.0392394051343781
-0.175858739109961 -0.0836315305998132 -0.223302553513277 -0.152777090417702
-0.184378551587522 -0.108998953693805 -0.200652502406211 -0.0233979852550218
-0.235230229294812 -0.0666186581549151 -0.129168693534364 0.00187863521821121
-0.197627720946069 0.0510606645058165 -0.07900070332166 0.00513067862946247
-0.116640680995728 0.163220275937191 0.00248132638217294 0.0250502316286068
-0.0256395984906956 0.19742426637521 0.01716731576541 -0.0527356506239523
0.0587968765555557 0.187816937365169 -0.020401598502807 -0.0985056034715271
0.116604262759279 0.145142034947057 -0.0607209301032026 -0.118071725340815
0.13426814541717 0.143458161427674 -0.0844567837722899 -0.116618703970873
0.135933127026429 0.13903675955557 -0.0921646191565187 -0.113825055895545
0.125813088065409 0.194185839953016 -0.0830316677368241 -0.108539621283407
0.0436731681421561 0.252847183841317 -0.0399995528926886 -0.0933748253025707
-0.0593939951652819 0.265860039151489 -0.00720146113017355 -0.0221471630402848
-0.2299842654782 0.183871633815476 -0.0548506181391895 0.0228206167321914
-0.314859953957425 0.00187416441084562 -0.114974115849139 -0.0138187742315922
-0.270642811988206 -0.0871449725358603 -0.146988363267915 -0.112662499425714
-0.230091565718568 -0.125187529289789 -0.12135690999981 0.0230683884118732
-0.298356726972171 -0.0739105016811092 -0.0745862635819571 0.00835194135878337
-0.257533458099197 0.0619335374843223 -0.0757163805844562 -0.000154443801212148
-0.164891343417934 0.204011706282021 -0.0204545389479017 0.0354040350143952
-0.048443190442522 0.256258294970614 -0.000830143786394367 -0.00211873944204573
0.0632346895196784 0.242421545877088 -0.00193801608702504 -0.0293916094428562
0.137486398638737 0.188622310454037 -0.011167786739482 -0.0523850581923977
0.158287806232156 0.178522354056386 -0.0246167052194862 -0.0549934085674083
0.157941495942889 0.169573658370185 -0.0316189744580638 -0.0529568307214991
0.147292250877582 0.227887189723281 -0.0389677912051119 -0.047308395128935
0.057509737671066 0.293431458593841 -0.0218581348038952 -0.0404810649243454
-0.0550265030774027 0.306000542894232 -0.000789879776885358 -0.0017691073668857
-0.240831900047642 0.225840277402105 -0.0290144536742103 0.030963742443225
-0.350392864779131 0.0342916549768037 -0.054638447542885 -0.00289171979842547
-0.317115542899399 -0.0746461627570193 -0.0452672007839604 -0.0737075756606208
-0.245559568553153 -0.117870883824979 -0.0203296540067286 0.0829270874928414
-0.320386121421986 -0.05985709183561 0.00327902624511237 0.0265057022411788
-0.276204668846417 0.0757338744549282 -0.0528625201442776 0.00127192979951809
-0.178919308702689 0.217799859075456 -0.0398150892445791 0.0464546904671918
-0.0569405645419312 0.274180979506832 -0.019903437550605 0.0598298475671919
0.0615111645051992 0.257375510070918 0.0183202272968094 0.0547787079762047
0.140017020385066 0.199993048638355 0.0413738652559167 0.0261610381478332
0.158702059306807 0.186362936129012 0.0376206977850281 0.014474959370155
0.154579241414177 0.175896032747681 0.0322067590386625 0.0117020526993537
0.140214266407799 0.227900200336074 0.0129871283149457 0.0126493927879818
0.0522576015750176 0.284413412959833 0.00455891479875812 0.0121689975969553
-0.0534233426331959 0.2866154861599 0.00769519595782677 0.0161052119404526
-0.216703179378566 0.214735596566069 -0.000796109377152818 0.0295620533818773
-0.325504955235013 0.0449928060138251 0.00917843990300883 -0.00330358293840019
-0.310788602727553 -0.053538479003173 0.0626108062892765 -0.0404108976204137
-0.221956217661867 -0.085239080389774 0.0868930194410068 0.139369355015129
-0.28068143215514 -0.0290409556435769 0.0870086474693653 0.0459813367576054
-0.231385005811147 0.0805440684665007 -0.0173520248172681 0.00844235142931649
-0.148053405073731 0.187357907572016 -0.0475988560842859 0.0573364992905521
-0.0480634468414192 0.236992328626974 -0.0300890003811982 0.117547696131216
0.0530494020718582 0.222357602112367 0.0421326960072044 0.133585390526007
0.121678129611735 0.176981596668552 0.091115435106453 0.101753040750702
0.134917537788861 0.165973753579539 0.0951918571156477 0.0813691414085022
0.126675246332579 0.159166555350494 0.0868595970905473 0.0718102732364511
0.105213728128392 0.199417488376625 0.0567564718256509 0.0656437183463524
0.0256933399653861 0.232199424114588 0.0238252653377826 0.0575023534598544
-0.0608213628291826 0.214178970107187 0.00975511092066141 0.0294004564434288
-0.16551934812079 0.151788386546692 0.0172319446038374 0.0236833079399743
-0.250788474110981 0.0353709360731751 0.0606668093788683 -0.00862932730601578
-0.255243569698572 -0.0304146308786536 0.156368708895032 -0.0127674807804348
-0.15840114384079 -0.0355227692499788 0.182801722306145 0.176915108626791
-0.181059722307235 0.00649403888415129 0.157103869015225 0.0561860589460493
-0.134263985831784 0.0647200851122883 0.0226989220090975 0.0165508772404478
-0.0871297410340781 0.114241624354487 -0.0426226900413125 0.0604523232731554
-0.030631864140621 0.151706116939585 -0.0272402921822805 0.155707010082537
0.034925703210837 0.146568450525767 0.0663714902537467 0.188930520126879
0.0829251314270387 0.124099684906575 0.131216078078033 0.160190915772253
0.0909256587606394 0.121321994868584 0.138324376321244 0.134718576575611
0.0820999837728131 0.12092508457673 0.123383088600223 0.121417962725009
0.0569724349164069 0.143948893149915 0.0805891364778978 0.10791926441304
-0.00731715572370768 0.149552217349643 0.0277734365907692 0.0912787977479231
-0.0617225755362681 0.114367200419437 0.00171778313389353 0.0361871430645618
-0.0957638746127396 0.0708349108465189 0.0245502836452586 0.0162027085090053
-0.145546864755652 0.0204889466752435 0.0914478697147953 -0.00987769256986931
-0.166744852159008 -0.00495461092242071 0.222130711428543 0.0102078636755756
-0.0629245795309434 0.0157998696236097 0.249152637632704 0.188864768723294
-0.0492118078301663 0.0265295799724387 0.201989590109643 0.0521062565720309
-0.0194877093839924 0.0236813493192404 0.058197592323908 0.0150333063613158
-0.0250805869607518 0.0178920794726895 -0.0299723093516312 0.0518053191468202
-0.0177237184450576 0.0441136323355447 -0.0160005604115263 0.166905597151082
0.00590204427863062 0.0499807626564077 0.0858773851039114 0.211584993876213
0.0274327934445174 0.0538524955876262 0.154779785619185 0.191460234204343
0.032585184179283 0.058934470633915 0.160295008570573 0.167575937150406
0.028671674079141 0.0637627036114923 0.13726388146368 0.155367016754232
0.00997726329782693 0.069149953363393 0.0840254746719667 0.137937636987561
-0.0256584795808486 0.0537250408800014 0.01924433986729 0.111194114790793
-0.0419201080580345 0.016404365820725 -0.012206513491844 0.0347692424093908
-0.0141389933138232 0.0046096493884296 0.0256377625462909 0.00628745173955255
-0.0332444072640473 0.0192887611961136 0.107337223396395 -0.00600937508073477
-0.0647090139197135 0.0257299083784086 0.254390829144754 0.0279018674574864
-0.037085040608739 -0.045979536513991 -0.273593354915239 -0.0506503391747569
-0.0663033395437526 -0.0282669184009676 -0.160721299962698 0.0303540557851271
-0.0507673636862218 0.0303350202156477 -0.050402614515844 0.0160376121824213
0.000134314553963821 0.0561786125217993 0.0304073425336574 -0.00135841190133517
0.0205794005234617 0.0361481356246113 0.0205115215508267 -0.107120579089104
0.0277164530853854 0.0266341241757741 -0.0611950229887089 -0.160391098155705
0.0280739089088611 0.010859407045367 -0.132505257128518 -0.17572874171066
0.030052684328724 0.0136352956504752 -0.16296501146903 -0.183820930172142
0.0358570437773122 0.0158663064002741 -0.163556228123671 -0.19600751973977
0.0406942567661438 0.0408285425347956 -0.115177476055425 -0.196234437490839
0.0197398313784506 0.0708842441472675 -0.0337075074879265 -0.169604432263823
-0.0209885602214572 0.0854800847739155 0.00214559503692872 -0.0650952039603467
-0.0947606571917404 0.0400619704256759 -0.0661858269771052 -0.0251509911013005
-0.0963899762220709 -0.0440064590880219 -0.17081647782162 -0.07000582724923
-0.0522307577558683 -0.0587878126945672 -0.263498999227929 -0.188060473777624
-0.118000860511071 -0.0810415350879705 -0.254711862871194 -0.0489181047712536
-0.156080346112612 -0.0465295499503909 -0.157171478474145 0.0120114509241651
-0.125230170355142 0.0440301797153551 -0.0697332898480595 0.0122387701317465
-0.0553398383212871 0.114710294332505 0.0224365162724189 0.0142268548562189
0.00201100979241051 0.121703970071575 0.0253548604109047 -0.0875021523177604
0.050106510255044 0.111931639782477 -0.0408917332895963 -0.143499836040507
0.0801543828808089 0.0825611628299448 -0.104504616821093 -0.16228729938836
0.0906495190213971 0.0864904955527203 -0.135046126317777 -0.16377973184322
0.0937337871127283 0.08751806516055 -0.140918908113797 -0.166244340022205
0.0875818161151894 0.13228466569451 -0.111753995106022 -0.161425509642729
0.027888099164036 0.176791842957032 -0.0450799550714764 -0.139760539654768
-0.0520355824484812 0.187485985947256 -0.00703621919121645 -0.0443451577121288
-0.183261328429065 0.113615986160218 -0.0701025874157026 0.00099803021785444
-0.22880844374873 -0.031556735476666 -0.158988814886177 -0.0407465959690581
-0.176809457451175 -0.0855986900054648 -0.227484729899526 -0.156175909955371
-0.18596601300501 -0.112988712298697 -0.203678593838321 -0.0242992008080661
-0.239464215986311 -0.0667535670838751 -0.130358169314517 0.00264856656900821
-0.200284697907992 0.0501630729667625 -0.0824541280359707 0.00548177837430703
-0.117664676739923 0.165663294286508 0.00386720166275083 0.0260786286042822
-0.0257972515773932 0.200895819521474 0.0170770628052827 -0.051725158525195
0.0608535304010546 0.190448146627703 -0.0205412418407422 -0.0992934551844648
0.118625332527299 0.147473724710432 -0.0625352582111031 -0.120521298585386
0.136941851721265 0.144793138271924 -0.0864450024020054 -0.118805934258948
0.138254542287449 0.141928378845034 -0.0947574602393995 -0.115543722162012
0.128371756237762 0.197536891557676 -0.0853072864729056 -0.108286423370545
0.0460192219417463 0.258200767492427 -0.0418054354106661 -0.0942327665723823
-0.0601570391820743 0.270663659574612 -0.00765779589605776 -0.0222979757066987
-0.234335166586331 0.187575093145443 -0.0559966128418935 0.020998973122211
-0.322010461535711 0.00284720293335759 -0.117183500692218 -0.0150875613896346
-0.272725109096814 -0.0896577400065917 -0.150147587499231 -0.115199374524094
-0.232433688555804 -0.130689428410372 -0.122531632438481 0.0241673715210968
-0.303752194458025 -0.074096837645687 -0.0748126723095976 0.00918378326664453
-0.26262002244272 0.0607407334933138 -0.0789929367998727 0.000256021341238032
-0.16724108237879 0.206690749115823 -0.0200106268625641 0.0362551475910666
-0.0486869975030966 0.261455686582095 -0.00146600754184404 6.02645424527836E-05
0.0648843516511045 0.247217168230727 -0.00102324523852878 -0.0283265726949572
0.139649485948365 0.191191437415424 -0.0115794587664568 -0.0546926644866857
0.161507387658053 0.180861805146407 -0.0257203552559433 -0.0558358643542929
0.16117912230072 0.172890707552825 -0.0329520461252222 -0.0537505032317332
0.150495171105993 0.232323086794481 -0.0398341037827661 -0.0463859228078063
0.0612528867305763 0.299792621704201 -0.0231481293254294 -0.0404483184304241
-0.0544666800343758 0.311234872294612 -0.00148789755156416 -0.0012212623832717
-0.245272087486854 0.230245667010798 -0.0292349745347225 0.0301502037454981
-0.358759157440082 0.034632089155853 -0.0547513879186409 -0.00286751032017394
-0.321352671237374 -0.0764841228337926 -0.0471232213010561 -0.0758520562294132
-0.247354251793593 -0.123691162774782 -0.0200891162599118 0.0854013245849373
-0.326075732129661 -0.0602254072919077 0.00494032816614606 0.0272734298853286
-0.281518962250879 0.0753803758648047 -0.0561191997413688 0.00135039241313326
-0.18243894328962 0.220716410353329 -0.0399802764202097 0.0475370657409616
-0.0572605014706694 0.279094458527209 -0.020756454997233 0.0631069050942099
0.0632736420789346 0.262254164481093 0.0196140966404107 0.0565946027633293
0.142067981484922 0.203625505876759 0.041441453941028 0.0247610877314386
0.161338305694687 0.188393512531295 0.0381162456211712 0.0154146676260374
0.157874934535101 0.178593254477597 0.0318216242086954 0.0119053937912277
0.143546418675959 0.232422317732765 0.0129021365980173 0.0140890058358415
0.0558785916773831 0.290358646314845 0.00355171816589002 0.0131338559081822
-0.0533641487398517 0.291847028446685 0.00712170060781489 0.0168486184225475
-0.219966841028017 0.218057234767856 -0.00106142755570215 0.0295398967261992
-0.332841838960341 0.0462391499545034 0.0106544224056421 -0.00324752682076559
-0.314803623746738 -0.0559021605416416 0.0620427605317715 -0.0414689911904675
-0.224361495303965 -0.0896116539608993 0.088825182307515 0.143640982844544
-0.285830348224929 -0.0291339159812524 0.0902489154333995 0.0470896711463878
-0.235738006002503 0.0801999013192985 -0.0195771332182246 0.0093553366063403
-0.151766951081199 0.190963954273141 -0.0488091874093981 0.0584942556620922
-0.0484791996522162 0.241743662218328 -0.0305362860300505 0.122820472973449
0.0542021879440936 0.227068127484368 0.0441419715335792 0.136014200112859
0.12299063837677 0.180134915697313 0.091777032940232 0.101696153534861
0.137076520248671 0.167763393092712 0.0965811671904594 0.083164972147423
0.129930731277381 0.161819221316305 0.0880843517105305 0.0731949977435116
0.108044605917998 0.202351846098218 0.0576649060324121 0.0676558570118607
0.0272265946221895 0.235871046629654 0.0237476223642611 0.0590889166572861
-0.0607668321506236 0.217900694139684 0.00917800060352949 0.0310299672422442
-0.168408119822958 0.153910061249333 0.0180375808159979 0.0240861763928825
-0.256618134555798 0.0359434868736527 0.0628858441989859 -0.00764861434673098
-0.257812489343243 -0.0319657627282578 0.15696631000315 -0.0138219640232987
-0.15989817080873 -0.0381996707847271 0.186358073706337 0.182171976646772
-0.185131521707432 0.00715832120049912 0.160426131817353 0.0579247494461846
-0.13628191486642 0.0652602460845161 0.0216677038761299 0.0175900707451602
-0.0894220690371187 0.116788220129289 -0.04337381802462 0.0621553869003382
-0.0310632559035499 0.155518677874703 -0.0274374565959772 0.161168010850117
0.0356490771284301 0.15034135044353 0.0691822076390297 0.192420766940037
0.0840943203730871 0.126290544253163 0.132524155198709 0.160649659468479
0.0924000681373103 0.122884879022554 0.140403569998371 0.13745351229941
0.0839121429165222 0.122748173197458 0.125356566873151 0.123742401915645
0.0582603055749945 0.146453513820654 0.0823174337441756 0.110363826403555
-0.00622166429252055 0.152021571686759 0.0290176429038832 0.0926405915040033
-0.0626770725368062 0.116046718706298 0.000499192707106669 0.0376190560229734
-0.0966756036461224 0.0707334732963825 0.0255169698745545 0.0170310892446169
-0.148576232908354 0.0206525637737815 0.0938942861020925 -0.00901601939055836
-0.168700755594431 -0.00604107984855412 0.224049431197411 0.00907617609220771
-0.0633025531812434 0.0146354172444102 0.25299528718869 0.193531850393225
-0.0504120073002722 0.0270731925623005 0.205413844237266 0.053931635303934
-0.020161306454539 0.0239690517665246 0.0586656343040759 0.0156725738215113
-0.0258795063404394 0.018948123788658 -0.0315609598586763 0.0534598114477967
-0.017825957476971 0.0456130715917094 -0.0159476486671209 0.171174203250028
0.00528982436330346 0.0517417880569787 0.0881285463395775 0.214429819273948
0.0275878369192182 0.0553818347135822 0.156414761479803 0.193529214941403
0.0338082468366544 0.0595521494549589 0.16378781255097 0.171260513977448
0.0292016870963083 0.0643391088459643 0.139903797953109 0.158083787795052
0.0107429611294564 0.0702622101384547 0.086119932624714 0.139849660154034
-0.0268804525637194 0.0550497726881001 0.0200196330789256 0.112143792755097
-0.043140119848474 0.0168818067089253 -0.013309739053311 0.0361349779488953
-0.0142880820014607 0.00387749075827658 0.0269679064899643 0.00755991803323187
-0.0341715507537238 0.0191346463468131 0.109378605257127 -0.00560921793070497
-0.0661892301862661 0.0258225273699703 0.256944821452563 0.0282055455170867
-0.0592033286324543 -0.0161298459432359 -0.256593510760662 0.131978093308027
-0.0697925546183791 0.0165151833583084 -0.114131203023831 0.125776649599848
-0.0238230192531492 0.0544976094240298 -0.0316308612672789 0.047128199620227
0.0330674472912089 0.0438624466286406 0.0272557059135509 -0.0196369948023795
0.0374912121111072 0.0165771765128567 -0.0497058491709337 -0.099422825318053
0.0383381913349427 0.00437929739891146 -0.14827822127323 -0.0904422202747846
0.029150343467631 -0.00739295553886859 -0.219077461031319 -0.0599914405549518
0.032829523567287 -0.00701517119384108 -0.249508607404688 -0.0473690744093221
0.0379840489864603 -0.00937842410297449 -0.258006812418513 -0.0557485390367464
0.0586184518312932 0.00792074660743897 -0.218958971356913 -0.0878944872178984
0.0616768435881696 0.0450337636253696 -0.135784882871946 -0.116107230319491
0.0368107026802367 0.0846165451421169 -0.0399734528148998 -0.0569191452842457
-0.0554252284766834 0.0977907634823681 -0.0703926160114087 0.0200064123568422
-0.112096791120952 0.0272963867644715 -0.185568922055319 0.0504090682529498
-0.0851598984723121 -0.0178501242832049 -0.336654787408331 0.0154062735422588
-0.147444296286618 0.000372384898496411 -0.241920407750996 0.127557365787905
-0.153164261886574 0.054507090407715 -0.125282417318303 0.11051121148978
-0.0771604882627416 0.108890427960011 -0.0509394443153717 0.0599703218968531
0.0224271812897355 0.123278809881882 0.0318682687073011 0.00152439812496081
0.0738000280135427 0.0969232384845208 -0.030730877534521 -0.0853166517608981
0.108504651012753 0.059773532220696 -0.119609036118295 -0.0880545906967703
0.115082088437732 0.0184676383359256 -0.186846678583909 -0.0674997865019651
0.128336679358488 0.0135597961085411 -0.214330701363163 -0.0491954065202488
0.131200248787561 0.0141514129393314 -0.22204434262589 -0.0457469315686408
0.154766917217543 0.053975400920702 -0.193770857430878 -0.061729487929689
0.137180951688748 0.129092761079402 -0.124596790886414 -0.0865003847078871
0.0740089227331052 0.18984119053086 -0.0341544882195138 -0.0335619356609657
-0.0825806332308468 0.21811047740231 -0.056349803914971 0.0420920597842264
-0.214759025480753 0.125408533418452 -0.15767331731892 0.0624123495220322
-0.20765152537994 0.040748668147048 -0.282636815382946 0.0146184056729114
-0.22348674927369 0.0112392741975285 -0.185666801333898 0.12096426230572
-0.231849835611453 0.0867195161994186 -0.112205637871719 0.0887002494612432
-0.136104380031451 0.159061996664601 -0.0678228986603668 0.0659335281321792
0.000844675233632608 0.200778059450724 0.0241863473592885 0.0268555138239088
0.0992092460489506 0.177979216609507 -0.0138404314830039 -0.0492439068339467
0.165581453175574 0.117547277307553 -0.0740717994758238 -0.0627461777608531
0.185595490399827 0.0470897975240818 -0.12522664629603 -0.0596092812110219
0.203198690616112 0.0332758558826463 -0.145754560722113 -0.0426179336213771
0.203135484960543 0.0306715450496064 -0.153244424614425 -0.0328045252724609
0.231738273818867 0.0819880301339401 -0.138445763253433 -0.0342613064142899
0.204854453022611 0.184550508246088 -0.0926811995605026 -0.0519126696886532
0.120568918301562 0.264836902124781 -0.0204954994774915 -0.0156647908629686
-0.0777174752244063 0.313749812784865 -0.0315636374548839 0.048597853154665
-0.270875302609537 0.214761339079672 -0.107404242787861 0.053138453109062
-0.290279263790715 0.100814586419547 -0.190788145922821 -0.00667536266549182
-0.272590638368718 0.022586787327848 -0.0902383935017437 0.113121418620926
-0.289388866874385 0.118514890211914 -0.0648878028088807 0.0607736308235733
-0.180853292565092 0.205615929663015 -0.0691286533548887 0.0622014275117337
-0.0153572257588215 0.263561870249393 0.0110265978577699 0.0536275190021136
0.116770889818913 0.241076558864996 0.00462278905166794 0.00666961868757156
0.203787059472071 0.161156549608805 -0.013235177473995 -0.0161602289616705
0.229219794679525 0.0695269744904937 -0.0421296526823804 -0.0374321177806039
0.246113251650802 0.0467611838420306 -0.056886367055863 -0.0296773824985143
0.242212291740556 0.0420943603863871 -0.0633409007289048 -0.0206282912627037
0.272112691512341 0.0961245389002296 -0.0624936647637053 -0.0117259170211915
0.244337811980014 0.209355173740116 -0.0425967447626429 -0.0203615348261919
0.150384424569279 0.296675277023086 -0.00207788989180936 -0.00303672366076801
-0.059319031982752 0.357815343294226 -0.0034059107222243 0.0384565328686107
-0.280926935805629 0.265603441888403 -0.0480998566310575 0.021724654617407
-0.321908880503884 0.143489247056665 -0.0792603136919117 -0.0437763868961306
-0.28057606825125 0.0370131362752026 0.0319305995155013 0.099896149109913
-0.299529179892718 0.142118392109935 0.0109172771752831 0.027223328534647
-0.187633254288457 0.227883307188822 -0.0492270736682216 0.0502250286114756
-0.0193478547604821 0.284687813380414 0.00182994115312456 0.0775901132186512
0.121444458576649 0.261247751789933 0.0284418889828038 0.0707377503087861
0.211866559196126 0.174957284528043 0.0574098363319938 0.0401174155565759
0.239072031795931 0.0775449922735404 0.052014016831736 -0.00625406635799464
0.250659674739024 0.05312586699393 0.0405790051662652 -0.0115401012251192
0.244132341122766 0.0481954351691192 0.0315954075588354 -0.00840982375215367
0.266661290728768 0.10044835604562 0.0198087278875272 0.00443133303987266
0.233371242829253 0.205706931787356 0.0131024879098579 0.006106962387558
0.139090407522765 0.278167084788018 0.0170668192553874 0.00762277233589452
-0.0457352836027332 0.329454456417006 0.01895547046284 0.0205128124381794
-0.250083037660264 0.257063485557518 0.00477638542981448 -0.0202390491668062
-0.300670136339716 0.15709629321644 0.0325701891826036 -0.0866029781892928
-0.240671662328644 0.0522561100826304 0.159087926636681 0.0776995444994101
-0.248105800014994 0.143383964899217 0.0948894531649394 -0.00975737486258004
-0.146757731903411 0.205210854560123 -0.0128732346295352 0.031955225857338
-0.0117137344134843 0.242842051103937 0.000476095632154092 0.0903116696093933
0.106396306255664 0.225083180082856 0.0570005100913277 0.12418579079137
0.183245181187166 0.15200964242655 0.126618169471433 0.0884279185137534
0.20951947762148 0.0696527599968141 0.141734202318912 0.0254689609235507
0.21832683883186 0.0510505343496309 0.130559925821867 0.0079196627523774
0.210994253954318 0.0520057191440777 0.116109510527768 0.00625932770597371
0.219614838562881 0.0984462809380938 0.0895004162304122 0.019430029736196
0.175324500268125 0.178878563019862 0.0588332840956171 0.0310315089634639
0.0856305844258275 0.221038894577675 0.0273450358684113 0.0184915985422324
-0.0428282410379698 0.240993786904462 0.0314259435214949 0.00457643640659805
-0.191322418183039 0.197416258982958 0.0450119135227968 -0.0554371142690321
-0.23657332604577 0.139750235242857 0.12667523417377 -0.123872789030775
-0.155673624188376 0.058149596282884 0.26535417049573 0.0448453549906224
-0.145407262634772 0.113070387200275 0.162798722333212 -0.0471072977637279
-0.0736927375065331 0.133930817360419 0.0277469886286204 0.00913662983251897
-0.00469050601376235 0.147608521818917 0.00570677519455972 0.0860599726028485
0.068861633224378 0.144257678162991 0.0817177993856097 0.151615351190101
0.121281308117222 0.10063545516913 0.179906199046 0.116274447540461
0.14572907979357 0.0503333164825555 0.211908226327395 0.0481475449266179
0.153240386245636 0.0422332030502206 0.201179309465703 0.0249389870216294
0.148466238319958 0.0479755642059151 0.179048313793062 0.0227591369297038
0.142426920068985 0.0830879605452392 0.136453671243803 0.0390691970278814
0.0928276261984247 0.130580564050781 0.083727106122749 0.0559519399315507
0.020431242272816 0.136644221631235 0.02501370879044 0.0306144000640599
-0.036512813381491 0.12271418150039 0.0330141082198561 -0.00380792837818447
-0.110664329298217 0.113126389867271 0.0703375466018526 -0.0737992458156796
-0.142813114304084 0.104771297612682 0.193245725884615 -0.145168583644331
-0.0430055029274546 0.0466415690925042 0.328332260236287 0.00677906488768378
-0.0240970928607854 0.0504039158349766 0.200367087969403 -0.0811776302861687
-0.00223649641258346 0.0313771271688787 0.0587348714977271 -0.0208163515447438
-0.0100339211326611 0.0313496189161137 0.00787452298137942 0.0663730177251718
0.0135137446291166 0.0481427449732885 0.0957369431160288 0.150708525460774
0.0364985544223846 0.0393578026440109 0.20794509713338 0.119621469879891
0.0564672999231969 0.0267528057038044 0.25162622525486 0.0587177977247602
0.0658564510500517 0.0278681428774927 0.240346267417065 0.037672848798788
0.0668924657450774 0.0341969227851351 0.213377172009344 0.0414795433170417
0.0546276329844196 0.0503921338842562 0.157672999435719 0.0601435134557213
0.0139085554612935 0.0636976796050394 0.0878112875961302 0.0775757258218627
-0.0259385961646779 0.0422351808206335 0.012569269591377 0.0386283587395319
-0.0104286931611917 0.010964931284964 0.0278708699442272 -0.0103821352723126
-0.0150994823832633 0.037135600926794 0.0856988922905203 -0.0769660467211624
-0.0355895255152987 0.0655008523913979 0.229793566405505 -0.148801183561309
-0.0615852074231808 -0.0144016981004472 -0.261324500536213 0.145688110750394
-0.0710561378338709 0.0198772979262108 -0.111771808284917 0.135182024337167
-0.0228307289014246 0.0563978390925528 -0.0306976973341451 0.0510130044219499
0.0356249639611317 0.0429532367554435 0.0274015622547829 -0.0229265282016462
0.0390737591600698 0.0147942534852529 -0.0549088072291981 -0.10093073353236
0.039974177491744 0.00160217551420862 -0.156646645245634 -0.0867540242771742
0.0300203990238592 -0.00954902528157715 -0.228790024815765 -0.0517459176276236
0.0335873526225653 -0.00858292933197322 -0.260742973056036 -0.0382619796987799
0.0386148660434356 -0.0107862813065387 -0.270231481254042 -0.0459870226712299
0.0608958544142501 0.00579076357191326 -0.230562839091054 -0.0806593767286899
0.0664104591801205 0.0430064200984915 -0.146734816851965 -0.113890325714746
0.0422050527397556 0.0852959241036875 -0.0443730467292767 -0.0572977881250635
-0.0526216669890744 0.104048872299328 -0.073861678012216 0.0216632673533913
-0.114688916338898 0.0339470522031457 -0.191361097781618 0.0597465683360703
-0.0884819588857442 -0.0165521395332431 -0.346531608226192 0.0300899533992512
-0.153527681783584 0.00499887861090418 -0.244962160163153 0.140689573987315
-0.155720259037938 0.0625975118564894 -0.124475404464694 0.118864984727206
-0.0767639509198886 0.114299533858273 -0.0512063331268892 0.0657627657743137
0.0279597600275486 0.125351181371562 0.033373477743512 -0.00131701026584748
0.0804706402768662 0.096280976647229 -0.0351695621529423 -0.086204617521165
0.114937553871167 0.0559693705239503 -0.126501521523649 -0.0855108591595845
0.11993847844339 0.013707289339597 -0.196765665902322 -0.0610468539996351
0.133799138377978 0.00863477396214998 -0.224187887023866 -0.0422365877830499
0.136176859440178 0.00925149930811302 -0.232282841631159 -0.0370985506048577
0.162934285403208 0.0486193481224411 -0.203478384337044 -0.054558752645224
0.14907071908845 0.12639596347635 -0.133411330169041 -0.0828265362189291
0.0855057793522202 0.193624446881447 -0.0363525617045443 -0.0341949450884115
-0.0760074832952804 0.23005211450032 -0.0580783291884569 0.0444879484045312
-0.217805541835428 0.140032750168806 -0.16147146742879 0.0709667353929209
-0.2127287180746 0.0485918150889608 -0.291693419397383 0.0267953228267367
-0.231933078661747 0.0186988728556387 -0.18743867574586 0.131508419595695
-0.236286736657478 0.0996799525301202 -0.111219103120069 0.0953516899771879
-0.135214673614373 0.168972926217833 -0.0689203133862007 0.0729008621197432
0.00882113060623774 0.206513673581616 0.0268048896145372 0.0256399251841461
0.110464676928652 0.179403475467438 -0.0160093080265096 -0.0494032648461839
0.177480403159734 0.114275127827128 -0.0782611956938092 -0.0618795530154705
0.193704626002455 0.0409095561793796 -0.133821607972044 -0.0561878171789634
0.211821504718119 0.0245576371607982 -0.153862302606244 -0.0387158402579733
0.211809145934382 0.023173483746544 -0.160616873403992 -0.0275181896947087
0.244212338238171 0.0748123819283808 -0.14443995495799 -0.0285574121684142
0.222538556287739 0.181813957224316 -0.0983333595899075 -0.0487112513352136
0.136968775905985 0.269180635613976 -0.0222288135504092 -0.0156344859816067
-0.0678215975436352 0.329660511277055 -0.0311746934528961 0.050247585514221
-0.272615591572957 0.235644640429418 -0.109275285216277 0.0588565066016204
-0.29604139611792 0.113994224463953 -0.198103923636757 0.00162496356436595
-0.283117372844196 0.0316591001247687 -0.0883093770955725 0.119560515496517
-0.29437648018126 0.135543431683477 -0.063108648737909 0.0639098238487186
-0.180206259148422 0.218004489735622 -0.0697453503073305 0.0692333494201547
-0.00557690847371701 0.273200218475741 0.0146907207280375 0.0537098921676048
0.132018820498665 0.244292057138556 0.00620092357329106 0.0077172323930675
0.218984851537081 0.157654684637381 -0.0132954059183131 -0.0162172262470159
0.240793608538855 0.062476473516584 -0.0471734194725637 -0.0374364100710563
0.257015973303687 0.037594441526047 -0.0603736058957917 -0.029101392431046
0.252514147822542 0.0330201560465266 -0.0669597942764653 -0.0181105841917839
0.287714394161777 0.0879829220995399 -0.0638869678749512 -0.0092028508397987
0.263577588616297 0.205854441919867 -0.0453681149774504 -0.018138655899037
0.168753407017884 0.299421021425286 -0.00147336203143909 -0.00201271313879512
-0.0466888484964951 0.372829524251598 -0.00292116528352956 0.0390519610179906
-0.281442781366766 0.288673574805722 -0.0483145268338951 0.0234194345056009
-0.327100540351064 0.159683307916693 -0.0849886919684597 -0.0409342147930346
-0.290778802197911 0.0469726511689757 0.0386622988075975 0.101973533923786
-0.304908977156575 0.160649507856382 0.0140549570200151 0.0261267714171881
-0.186898903170665 0.243080820179734 -0.049666889171247 0.0558856449648177
-0.00895163157116193 0.295928052018999 0.00570495080419141 0.0795282424101928
0.137681469840659 0.265901869524428 0.034272288372908 0.0733501008660143
0.228572605353866 0.172362597253911 0.0629175704420459 0.038313324375445
0.250769111827389 0.0706464034106255 0.0510028638949994 -0.00869645640644237
0.261971692018648 0.0435919497047214 0.0412865921942294 -0.0135345883924945
0.254933870349186 0.039778527521756 0.0322575492341884 -0.00974534701675741
0.2827538447876 0.0925636508338283 0.0220060869103807 0.00400359362374433
0.252159760026523 0.201347940823178 0.0142668087038704 0.00674776084232732
0.155935091375327 0.282052247759857 0.0184525583873334 0.00816612584608631
-0.0333486912718384 0.343041283206441 0.0204837471999334 0.0195335241328311
-0.249144388156848 0.279131161125966 0.00623445176518664 -0.0228645680427477
-0.304560450721527 0.17263748186542 0.0284119543899351 -0.0900646557923434
-0.248725583878087 0.0601904356723472 0.168985699350944 0.0739664492704018
-0.251865654722875 0.159523156818268 0.0989453506363789 -0.0160018155412916
-0.14561630021571 0.217980839165624 -0.0127779897755771 0.036101534044412
-0.00221432652622598 0.252235268229234 0.00507906367034417 0.0937890102567774
0.120965895935125 0.229267209865842 0.0659778844342958 0.127786901663054
0.198164845866531 0.150678487790507 0.136128570067577 0.0859913627813794
0.220495333811708 0.0642703287470452 0.145281941782451 0.0202736980859453
0.228933227356911 0.0430350490522931 0.136082452193538 0.00224878325837463
0.220572454127935 0.0449029069003288 0.121411797086626 0.00159065109854381
0.232538903894818 0.0915757292365128 0.0950021339926381 0.0169601350016118
0.190442967354819 0.17753897879023 0.0623390969059861 0.0301858507291805
0.0984037897800569 0.224412247839862 0.0294677494559915 0.0194674696476761
-0.0349088876303119 0.249696021941333 0.0337136087207774 0.00328044692956343
-0.190588055562228 0.214332442148226 0.0458569569584259 -0.0604385993507302
-0.238349485694584 0.152844490292071 0.123537554193245 -0.132194332964618
-0.160203550737945 0.064139058109943 0.277375279653057 0.0352007366842544
-0.146473670503493 0.123785958467499 0.166483107464525 -0.0563707004795129
-0.0721123497842617 0.1410365585885 0.0285118926098835 0.00972585924220159
0.00139427998670201 0.153376406862147 0.00986740163177662 0.0898668475387142
0.0787107670805181 0.14726926837771 0.0929577681014203 0.155587663413373
0.131577591177583 0.100180714208002 0.192374675170654 0.112484780484422
0.153260972521992 0.04626871031027 0.218983611338169 0.0412531911370078
0.160810197617533 0.0372106382620123 0.209745814866872 0.0169451831538552
0.155589007654551 0.0431816409702491 0.186404526519257 0.0162491003839119
0.152142639647469 0.0788665177477695 0.143415481013719 0.0341240062694941
0.102293688885573 0.130937727037791 0.0890089760599499 0.0541037654650191
0.0264232537848052 0.140793914072337 0.0273447226679824 0.0321956572863545
-0.0334919568928336 0.127216584207129 0.0352532472725753 -0.00588096252823896
-0.110420408735477 0.123303620448096 0.0710806493919376 -0.0802306728962734
-0.143205722318244 0.113087736693772 0.191575426880555 -0.157361992648292
-0.0436802403959983 0.0495395284219339 0.34178201042779 -0.00588989528157689
-0.0233183343877939 0.0531781337359533 0.204031423987329 -0.0925908547039228
-0.000938198102139486 0.0321163536817232 0.0601867397440405 -0.0234239962870948
-0.00916236539184819 0.0334168092994817 0.0118402875982922 0.0698678992556697
0.0166252079676853 0.0495771850768253 0.107185921704059 0.152751868163524
0.039835837497101 0.0403446470184022 0.220252513416619 0.114253498358824
0.0599362095819531 0.0254338310846081 0.26139042921074 0.050622992336343
0.0693698854888833 0.0259778160615232 0.25217356256233 0.0292526725313704
0.0716217872197623 0.0321741073693094 0.222107982313734 0.0342419153830523
0.0588047437369216 0.0494112408555436 0.165669262505445 0.05524300101509
0.016588345415467 0.0660556074915017 0.0940007861866303 0.0757383937962411
-0.0256506579896498 0.0456857938845538 0.0145168760767171 0.0406498809972699
-0.0112434281572474 0.0114528964868604 0.0301520892583071 -0.0123098259006846
-0.0142905127217812 0.039526860575944 0.0863990474660208 -0.0840892056532039
-0.0340251117510196 0.0696844405027158 0.228929481897587 -0.162247562411393
-0.0628742613286946 -0.0105511253804934 -0.255711432160509 0.164192107965582
-0.0703598571601626 0.0247678565104983 -0.10319799659755 0.144358221844865
-0.0204215198097521 0.0582726687441064 -0.0281782266496725 0.0540212961706534
0.0384987594871583 0.0404278970808692 0.0266446293502672 -0.0269113057403098
0.0401357444346865 0.0119745911249705 -0.0629580736385748 -0.0987240049326493
0.0398492310422182 -0.0020245252905553 -0.163472253831087 -0.0776777937606531
0.0294974201841022 -0.0121392861431799 -0.234227652964978 -0.0373157692006218
0.0330791155490863 -0.0108872027837555 -0.268581234078313 -0.0224299117424221
0.0382107987953437 -0.0126994513672181 -0.2782048185144 -0.0289481607055762
0.0619231000050779 0.00182460344884603 -0.23890762847457 -0.0664945555757755
0.0710071904509286 0.0385274373857022 -0.156352455992685 -0.105830402353716
0.0490253666436597 0.0833904416157533 -0.0489807500670644 -0.0556649989015839
-0.046358393645229 0.109413811068925 -0.0760387594839756 0.0256068123419547
-0.113372312833116 0.0420890373258832 -0.191734912043433 0.073295437800414
-0.0901668909245344 -0.0125235528496822 -0.3480155888011 0.0521427230540266
-0.155924519889514 0.0135997837201874 -0.240389258964959 0.157107561129722
-0.153755873967291 0.074163639518842 -0.117635585579965 0.128188384235035
-0.0718681867328251 0.120128132455538 -0.0480416879446828 0.0709876339054529
0.0363093394644624 0.123790521249884 0.0339087035691028 -0.00544328093411636
0.0881213894390279 0.0916417084050002 -0.0410333355475888 -0.0853589279737578
0.120531649557663 0.0482266750295329 -0.132801492250959 -0.0785753335335084
0.12155693735053 0.00627553681724548 -0.203409973179862 -0.0485262456028289
0.135670614347302 -5.34396233046672E-06 -0.231520438910077 -0.0282051060531531
0.138893755881821 0.00115328093877287 -0.238611813493979 -0.0218430361108036
0.16853661753982 0.038889336412964 -0.209120402611791 -0.0411107108213053
0.160094598954425 0.117382386932311 -0.141549003359128 -0.0738063067203587
0.0997784763646865 0.18973037516321 -0.0393626946312195 -0.0324501292932843
-0.0628990559614697 0.238605007976493 -0.0583678364607145 0.0479505542994253
-0.21201426869157 0.157748548807118 -0.159812717848561 0.0816396923401599
-0.212504394662842 0.060061773745018 -0.293803368719308 0.0460174938273264
-0.235911351102063 0.031701367678525 -0.182080382363707 0.144259222963515
-0.233272004001161 0.117507442090368 -0.105626435979562 0.102107845658367
-0.12862467122072 0.178952318107274 -0.0656328191144102 0.0801721211399978
0.0215725056251185 0.208001973996178 0.0295050926616082 0.0220460020057752
0.124494790362882 0.174164984269606 -0.0188279543781159 -0.048872606304273
0.187970069950655 0.10310742311261 -0.0818152647045838 -0.0576504100292098
0.199009935716782 0.0289657158071671 -0.140379336401157 -0.0474987087781984
0.216466886054951 0.0116249887171122 -0.159144859044154 -0.0296054005036419
0.216471286532813 0.0102855746777482 -0.164731726205818 -0.0163910138596271
0.253069911981353 0.060065951106252 -0.146882800069503 -0.0187639775865167
0.23879596743574 0.16881618044764 -0.103399083261758 -0.0414953197476251
0.156796935648805 0.264109554725259 -0.0227795706229244 -0.0139657792296323
-0.0482314255329689 0.339198481256974 -0.0300741949665259 0.0517931935882306
-0.262301262903973 0.259024297138703 -0.106532103146743 0.0658506634287784
-0.293578937906968 0.131003582044702 -0.20127140778695 0.0149124201498593
-0.288536212461541 0.0476451295243037 -0.0815958224389552 0.126057894385257
-0.291202196496449 0.156724517336168 -0.059432300750799 0.0668711900515979
-0.170839278988831 0.232007592971246 -0.0674741649605228 0.0772206799970388
0.0106430012746914 0.277413748154023 0.0182282403022494 0.0517301571468528
0.150978183742891 0.239252893568234 0.00775087697665753 0.0083893852475119
0.234051589744327 0.145348415289709 -0.0127301630057995 -0.0163126471465515
0.247791507520083 0.0485323891210133 -0.051910511881405 -0.0338970387603856
0.263569417023118 0.0213195548608278 -0.0630316627193435 -0.0259106769092247
0.25879252609106 0.017769573200276 -0.0690740345286636 -0.013458221528748
0.298928757711539 0.0700272379956596 -0.0635847821284782 -0.0047731178729445
0.282146169408741 0.191307364511442 -0.0467478336192868 -0.0142631206343946
0.191621741853232 0.29305812697008 -0.00129427136070231 -0.000921115392148719
-0.023561256738276 0.382224169657228 -0.000987898806157116 0.038577279140894
-0.26639215366719 0.314074291427834 -0.0467448724810687 0.0249426231449143
-0.32165135019856 0.179000320752779 -0.0893765447337106 -0.0350263306998324
-0.295651053811196 0.0632478324708431 0.0461705040843898 0.100112957809315
-0.300217333574157 0.183667004058117 0.0160243463742237 0.0229635911028166
-0.176775139268954 0.257535592783483 -0.04757400755992 0.0628168658339385
0.0092024471712925 0.30109867545045 0.0107983214778858 0.078222927302728
0.158086581130048 0.260877354577752 0.0407013421021378 0.0737228003894762
0.245014514810834 0.160357391879806 0.0678420925083792 0.0347073560479774
0.258927709405282 0.0561355455691992 0.0485844532267059 -0.0118057949587759
0.269112129472275 0.0275125361026971 0.0414099817321048 -0.0170373874022349
0.26129832514312 0.0247787132368433 0.0327346023757266 -0.0115275096224069
0.293734115872417 0.0755339789384152 0.0238967093259642 0.00241964133491054
0.270790850052277 0.188021982948745 0.0149230839121259 0.00672342948804366
0.176551946978841 0.275458926838756 0.0195427985409372 0.00823840000003661
-0.0123704627968251 0.350399056413397 0.0223852241093804 0.0174037656952859
-0.235834448123801 0.301579311230246 0.00532661471516049 -0.0247068089618763
-0.298039089191047 0.191553142525938 0.0215317438860404 -0.09182390405998
-0.251187066279112 0.0747823285893992 0.177366850248837 0.0631878796988488
-0.245853382233347 0.179335046359333 0.098783086174171 -0.0240591207225727
-0.135755591741493 0.229931183032703 -0.0108375209102867 0.0397848938672868
0.0126066969817867 0.256964582043248 0.0117218906365231 0.0937518316715998
0.138645012424937 0.224602096690598 0.0767312969611468 0.127440784818171
0.212698602310746 0.140115160178171 0.145243710054629 0.0779538921689512
0.228509362855155 0.0523226724833353 0.146160356860596 0.0124528957769371
0.23463340583506 0.0292910906569797 0.138677960320887 -0.0063464474119921
0.226529812939511 0.031086851291252 0.123072485265161 -0.00592181166122572
0.242468018536106 0.0770159497778362 0.0984140294083933 0.0106567771727596
0.205400251813628 0.166582177119409 0.0652699075387409 0.0271635583611647
0.113409807614553 0.221870607574319 0.0316331089743024 0.0190353064884256
-0.0203132496315469 0.255404619481001 0.0352756322812206 -9.6422616175899E-05
-0.180306919278775 0.230870492459664 0.0438190576962591 -0.0653943158613418
-0.231963232731299 0.167793899977072 0.115487426555401 -0.140255795564362
-0.160805445991544 0.0731559967399575 0.284878336950726 0.0189381118731741
-0.141103743848252 0.135831943441239 0.165075715073833 -0.0689105574408989
-0.0654795149399479 0.147225413081183 0.0305576518726125 0.00990795892841668
0.0112419055491297 0.155985923372652 0.0163388482539263 0.090389290941049
0.0901105774793356 0.144863326826516 0.105828168923897 0.15297308159142
0.141043081821888 0.0930879379253451 0.204236668993493 0.101679870807271
0.158893892133228 0.0379118139762685 0.222983796316845 0.0282107102011659
0.16608565714572 0.0272715606732137 0.214760669874688 0.00399129526816423
0.160572408335518 0.0336863720521327 0.190317267877958 0.00484797594293438
0.159854697753888 0.0692495264005339 0.148365508191739 0.0248258789006154
0.112646866418745 0.126663402730576 0.0940146978693184 0.0490148339966755
0.0355650531795933 0.141282641976463 0.0302327970981314 0.0320395827858157
-0.0269412963859056 0.130524161681728 0.0368352761175482 -0.00886735942850785
-0.104088243181697 0.132973301245747 0.0675867493655188 -0.0871091439922264
-0.13743518635305 0.122471212615048 0.182603226211081 -0.169783455189264
-0.042022399552145 0.0513857261456247 0.347239163518751 -0.0265532642902503
-0.0205597889420834 0.0559393684230518 0.200517153695176 -0.107553796996973
0.00050125026634629 0.0324570124761896 0.0606922693912473 -0.026191502975013
-0.00737102332313998 0.0349384283857422 0.0170407586964959 0.0713755566630423
0.0208128511564716 0.0494115900299177 0.120321275616122 0.150135734620764
0.0444412252208847 0.0389655310533521 0.231710825356828 0.101897898892842
0.0630816576639184 0.0229982799374582 0.2672289753984 0.0348336418515581
0.0723119343001261 0.0210556671856258 0.258430658711371 0.0147138856527092
0.0740469582277855 0.0272907909101442 0.228667511251628 0.0206104888167595
0.0631180791314583 0.045698378748133 0.170947129759938 0.0448802967327735
0.0212692636378603 0.0664168182650144 0.100164993379256 0.0708628903587512
-0.0235809479527987 0.0483452039157403 0.0178584548325588 0.0411483224069239
-0.0121724353780642 0.0112732843106274 0.0313835599851511 -0.0146836018999622
-0.0121677950200299 0.0412411549469245 0.0827935234266603 -0.0917386807622355
-0.0294855699011358 0.0725952760870365 0.219809994782078 -0.177553997201306
-0.06250018971572 -0.00656694860940478 -0.242353992675484 0.177938681422133
-0.0677865812485667 0.0289993712374456 -0.0919521172284163 0.148957264603591
-0.0172153227539456 0.0584611199494447 -0.0247843564172836 0.0562724295486401
0.0402355572445601 0.0364539577208602 0.0245251634356962 -0.029032170064132
0.0397103893076859 0.00869593808538766 -0.0688826583757753 -0.0936755378810217
0.0382180441217543 -0.00567218535161091 -0.166024627793872 -0.0656060647923927
0.0275419590743414 -0.0137049676261628 -0.232836410585183 -0.0216797270768689
0.0316079958228196 -0.012802647382804 -0.267005539455849 -0.00515779061969448
0.0361689279651481 -0.0143188757459861 -0.276602993020963 -0.00984054645496563
0.0611160784731811 -0.00196937794071738 -0.240412178287309 -0.0492138803841573
0.0727219778920432 0.0322938528591603 -0.161725901523255 -0.0931213092573885
0.0542105855516941 0.0785753141279466 -0.0517387176944675 -0.053147638949165
-0.0381635537766976 0.111602279289314 -0.0756752695742457 0.0302630210242719
-0.1093213872923 0.0496244413958733 -0.185210199145943 0.0848632780630178
-0.0899008820745331 -0.00866180071969859 -0.339079019354232 0.0723647085644861
-0.153664460225452 0.0228790703992959 -0.226801602173816 0.169393737675081
-0.147068371404759 0.0830096468094029 -0.106694733075136 0.1326628772367
-0.0642062573407692 0.122994416974967 -0.0439684210296122 0.0747681431829733
0.0431210873534089 0.119593566199574 0.0332090899187847 -0.00908854518143982
0.0926444448954963 0.0842687425913036 -0.0458855790598948 -0.0813889722373109
0.121410373338361 0.0387278712804275 -0.135688078795118 -0.0694701179202014
0.120066338451929 -0.00175891832370385 -0.204037704065796 -0.0344282864210723
0.133948190028102 -0.00857397677035268 -0.230797442629728 -0.0132123032438781
0.136840236480292 -0.00657387435899076 -0.237119609280942 -0.00610426129878537
0.169234153416891 0.0270215025194392 -0.208392281886313 -0.0269222572257725
0.166458394778158 0.105323169866438 -0.145053289007034 -0.0630040980557573
0.11088768767271 0.180310815032084 -0.0405718273699824 -0.0301967838180518
-0.0466256554827635 0.240285745040699 -0.0565310770255768 0.0503071751051593
-0.199192710347945 0.170771530690877 -0.15298302907966 0.0910178568293203
-0.206754302828246 0.0700520368208025 -0.286095631281209 0.0638745545668517
-0.233569270930816 0.045153729963059 -0.170568984903025 0.152229968054722
-0.223089285480435 0.130733681458012 -0.0976586907171031 0.10582350042249
-0.11802359621723 0.18410985709337 -0.0599199424482261 0.0853062085851204
0.0336528874675205 0.203680998015597 0.0300998302759294 0.0183918844574468
0.134266283681767 0.163075841148779 -0.0212315679576541 -0.0462324447310764
0.192851768214284 0.0884150375404773 -0.0836429334185571 -0.0523552656685074
0.197869984079452 0.0164359989913009 -0.143084053100703 -0.0378272371408707
0.214385277206777 -0.00228891149960805 -0.159777410623217 -0.0194526745134514
0.214028518993856 -0.00273236287979058 -0.163725855902817 -0.00561015256852146
0.254760765679795 0.0426361260100658 -0.144946413500489 -0.00914730655761549
0.248106191277425 0.150864099562349 -0.105111523930322 -0.0336273923044082
0.172494264795613 0.250392345162994 -0.0226419348738914 -0.0119148469422618
-0.0258449157328008 0.339287241439525 -0.027645939383425 0.0524406879553824
-0.242854773637589 0.27457336637693 -0.101249093516816 0.0705728844208568
-0.282608872966789 0.144396142406232 -0.196927603577653 0.0280607337188026
-0.28481733788687 0.0637883406053829 -0.0727474251419313 0.128144995843425
-0.277592378493808 0.174520245801747 -0.0540674223072378 0.067930373790639
-0.157164519381124 0.239872466958706 -0.061626332829159 0.0827448331960136
0.0279313255548928 0.272609595111914 0.0216155582262313 0.047614631641005
0.164568590206157 0.226741157464402 0.0093307328833518 0.0082606817152989
0.241610512231064 0.12774415229226 -0.0123109659810232 -0.0164168395298234
0.248390450182661 0.0322331882440038 -0.0558458258957896 -0.0290014185649322
0.26128002099788 0.00447527989063335 -0.0652128281467652 -0.0221345835844549
0.256728541493995 0.00217146918544973 -0.0688233041209628 -0.00935175778924742
0.300127224792111 0.0493725331714349 -0.0617990187764091 -0.00107919955036077
0.293204597886831 0.169685021578204 -0.0471527139063217 -0.0101924628630813
0.207904407182735 0.277528345219954 -0.000175180189076641 -0.000201231756062327
0.000684222294046284 0.378938828668786 0.00104470358313496 0.0366737816642898
-0.243892212078159 0.329943658122454 -0.0441513509377949 0.0260785172771963
-0.307509256377812 0.193330564243318 -0.0907786850482998 -0.0273945708311937
-0.291522288027479 0.079482394666522 0.0521441927904534 0.0940341161061094
-0.284849293129015 0.202524544433711 0.0177284585952097 0.0201701473963788
-0.161063193933139 0.266042558632815 -0.0426415184736054 0.0673616399382881
0.0280755981715402 0.29715655014193 0.0157639782787724 0.0752999049103164
0.17395285226307 0.247430523300508 0.0463599266557482 0.0715043065112995
0.254168679147766 0.141726482382538 0.0702758658032307 0.0287413846835423
0.260316893696888 0.0400554866700591 0.0455487927704575 -0.0129181853267473
0.268004630680579 0.00984985077333716 0.0390033431821073 -0.0198308416693299
0.259604456462826 0.00825744001129562 0.0321175747751676 -0.0132064930006006
0.29531968616625 0.0545391119893305 0.0254368744699726 0.000517254743214376
0.281225751972828 0.167546239092597 0.0154621394446338 0.00711635996997046
0.191830725438147 0.261459388756091 0.0213468408889137 0.00792321363960538
0.00921354807793524 0.347060843465118 0.0231013234210614 0.014478908843906
-0.213197730952246 0.315592489002689 0.00452570928490448 -0.026510057141369
-0.282786706433689 0.204671402489037 0.0147501063293517 -0.0902288441903886
-0.247018573040066 0.0880981104864693 0.180191090284691 0.0506330381535125
-0.231568982321787 0.194228623518431 0.0956638402886176 -0.0315689180858546
-0.121821099413795 0.235714780513514 -0.00735827584340825 0.0419776219515139
0.0287458646466678 0.253616964186223 0.0174108984020723 0.091093501602462
0.152180496828032 0.213372238177745 0.0860095398574067 0.122075199952143
0.220890845614454 0.12446242091513 0.149871163231061 0.0670257123549028
0.229330790481133 0.0379561706269176 0.142997844258373 0.00416616026960731
0.234478315637505 0.0141257698223191 0.136827483879954 -0.0156686526007822
0.225371085634059 0.0164018833398284 0.122111528861602 -0.0138139399197937
0.245448364604546 0.0594335487621995 0.0986091877064849 0.00387302161274521
0.214689686137512 0.151636495970612 0.0662967987215874 0.0230571562946757
0.125782998077757 0.211287617456328 0.0336736407233092 0.0181042795228783
-0.00486567892253342 0.253414921931386 0.0354497929642485 -0.00362869029433732
-0.162811660326982 0.241136454100266 0.0397756986614208 -0.0693221125529149
-0.21759736831289 0.177889226205464 0.10354360842171 -0.143397541577696
-0.156216567498957 0.0813224941205984 0.283953297357209 0.000393737118966312
-0.130587445960996 0.143973272091978 0.157375913423201 -0.0788729613868008
-0.0569585237102559 0.149267627176741 0.0317418361030731 0.00908922810883947
0.0202705902565304 0.153454876475976 0.0221442443603292 0.088549137386234
0.0989900309383273 0.136869188745139 0.116586749850053 0.145658105896631
0.147000253418176 0.0831912940664443 0.208883216788914 0.0860953461568074
0.160002955860344 0.0281862560323405 0.220466135011455 0.0149738347297629
0.165995291822445 0.0161401920444352 0.213486911510877 -0.00972635709945069
0.160814852831699 0.0228744117609204 0.189296960276512 -0.00746119519194487
0.162448427188319 0.0574881867490846 0.148253903302713 0.0146033960264261
0.120020231762965 0.117735755295083 0.0958616584446792 0.0429753977958954
0.0438631488313546 0.137773658911671 0.032915870877521 0.0308003462190726
-0.0191717578964381 0.130370407923242 0.0372348695653172 -0.0126966273023311
-0.0939322021882088 0.138358576302472 0.0618767649775954 -0.0914211794419904
-0.127810682575096 0.127879018842038 0.167418272318342 -0.17692586797772
-0.0395390424433463 0.0528656012607298 0.341804993396232 -0.0475679931011189
-0.0166927178204569 0.0569741529908358 0.189859932753377 -0.117864306374205
0.00175869654318775 0.0313713547381561 0.0595242574855925 -0.0295894923271151
-0.00522753589574747 0.0352806840665236 0.0219999855570595 0.0701254275468466
0.0244790349452748 0.0476143305981379 0.130383208257158 0.141086801870599
0.0474377919880521 0.0362987555565861 0.236001910076793 0.0853721319517472
0.0641841925308027 0.0186534987023844 0.265195733038535 0.018661588050779
0.0733340034359279 0.0164791676599464 0.257425822192429 -0.00200220809280648
0.0749984496879704 0.0219170540192844 0.227159184317769 0.005990331261559
0.0647547831961022 0.0405543988713891 0.171247888816902 0.0327741593855045
0.0255771412089314 0.0643339465965507 0.103343386548532 0.0628938323775328
-0.0202796245881057 0.0498741381381967 0.0204550998483446 0.0400584571167933
-0.012008086638837 0.0116492925905304 0.0312172240788065 -0.017896484130041
-0.0095658379386906 0.0422495445101885 0.0756467237756578 -0.0967656743305974
-0.0239383508160164 0.0734290603239128 0.203907426407829 -0.187335398116725
-0.0606279458339191 -0.00366930039419544 -0.226905090893571 0.182446414779388
-0.0646186097522005 0.0308582214950961 -0.0802598236440113 0.146988236656351
-0.014764917698197 0.0575108531386586 -0.0213653247907013 0.0560240599876615
0.0402221915703835 0.0331929757979554 0.0220836017849399 -0.0303508129310318
0.0383969106004107 0.00676194355969228 -0.0716151956983712 -0.0876055332705866
0.0357913168211201 -0.00812778700788165 -0.162951257770267 -0.0568708156969147
0.0256834627151786 -0.0146384941646598 -0.224817086773175 -0.0110074483990436
0.0296764718116062 -0.0132521604343746 -0.260435258213483 0.00742489807401953
0.0343597431584045 -0.0152970349752972 -0.269135872956828 0.0034889323702424
0.0585310426030741 -0.00519738891042169 -0.235127018683044 -0.0366181659124713
0.0724872593995778 0.0272485003815508 -0.161794243485912 -0.082242029454422
0.0567578095968277 0.0729013375913237 -0.0527042655567297 -0.049835351013824
-0.0318751835786623 0.11004205301275 -0.0734633350092659 0.0328175949524609
-0.103334748874167 0.0532081306529144 -0.176188547472682 0.0900612773502301
-0.0877722580695946 -0.00566251091607864 -0.323315196681271 0.0839723864978793
-0.149063150029585 0.0284747719688013 -0.212250307984606 0.173437218885839
-0.138516932152689 0.0871482334015143 -0.0963035239559923 0.131921494540888
-0.0581977928925269 0.122240912953219 -0.0381382481590235 0.0763364171934168
0.0464705181711001 0.112980766412289 0.0312731855132209 -0.0117949521662586
0.0930511866042191 0.0775830578834201 -0.0482314707370005 -0.0763367308134039
0.119486679216713 0.0308595041527893 -0.133918137029433 -0.0615840204562658
0.115763036697418 -0.00644606858503647 -0.198790285782867 -0.0232499614291297
0.128981194103021 -0.0142153459300578 -0.225790464223643 -0.00243708360458734
0.131929514185825 -0.0117052287257545 -0.23022943383221 0.00558935621978052
0.164884074436205 0.0183463898933151 -0.202449668844767 -0.0164525715648115
0.167294671245968 0.0938152829946763 -0.14329806618836 -0.0539454740465938
0.115979646825254 0.169947484459907 -0.0406764557854966 -0.0277810053675212
-0.0340637724457852 0.236099141983219 -0.053896929313568 0.0508677418180656
-0.185054746606651 0.175409931032933 -0.144399818444046 0.0944469151289254
-0.197623894812482 0.0753116894129241 -0.273740465663018 0.0734250617561581
-0.225945118319981 0.053593341101297 -0.158551093914999 0.153297328609874
-0.209743308604227 0.137603577095166 -0.089270472681444 0.104693968812091
-0.107861767492232 0.184013500884477 -0.0536261102168126 0.0873923151256328
0.0412540207034254 0.195355250749497 0.0290646070663338 0.0146983349038868
0.137587800375943 0.152267411015146 -0.0219263454409263 -0.043091684080285
0.190800558299611 0.0757494409170323 -0.0824016208790222 -0.0475411597016091
0.192497686167826 0.00796474803767365 -0.140197570149892 -0.0282774320866282
0.207496336907057 -0.0120620490740201 -0.157324099216501 -0.0123483125749048
0.20758557753215 -0.0111316087357243 -0.15910243804873 0.00200974244854847
0.248977614427491 0.0298768686138611 -0.139915878805457 -0.00255036736546852
0.249077727515703 0.134174163071158 -0.103215771173346 -0.0264710780091577
0.178502450568766 0.234820693787338 -0.0220439198538474 -0.0111751266932013
-0.0105960445071388 0.330683258316458 -0.025595966303901 0.0508288017221794
-0.223017256738914 0.279397086558617 -0.0942492427618193 0.0716553990898874
-0.268668744695444 0.150105863669128 -0.189335942413644 0.0357502595210988
-0.275620792884056 0.0744353110032856 -0.064887653840046 0.125250813832445
-0.260406190824208 0.182850858656641 -0.0496526708128414 0.0656179472253611
-0.14420347379793 0.240102096654971 -0.0549850075401236 0.0850984016520594
0.0384511569451064 0.263700378657422 0.0217257893881016 0.0437421238366463
0.17024964179414 0.211772926425079 0.0104143061178904 0.00918143388167813
0.241064491954971 0.11157993977953 -0.011404724684813 -0.0165520644259994
0.242316207912871 0.0216194323348236 -0.0558355889926832 -0.0241529701680838
0.25342334281774 -0.00782031639233749 -0.0647936797157369 -0.0184801089282516
0.249426028159957 -0.00828390376545031 -0.0663746744147749 -0.00579716047886141
0.293523584631398 0.0347703147342567 -0.0583664099006768 0.00156451331373139
0.293230570798593 0.150578668157551 -0.046074990699207 -0.00631358396301864
0.213615272138571 0.258716378894102 0.000988679907596628 -0.000106578611141302
0.0170651963126983 0.36862196769448 0.00203053670179296 0.0340213147374057
-0.221268043184466 0.332863223771594 -0.0410830952947881 0.025627226895601
-0.29022212446905 0.197671303737239 -0.08902782210782 -0.0219570162456449
-0.2820937849131 0.0895206528526779 0.0541208914371126 0.0870685648997395
-0.266728643476141 0.21032029553833 0.017056460649532 0.0169568570861567
-0.147195184958094 0.265037732969841 -0.0370292575551245 0.0698355725931747
0.0392694117581272 0.287371696164678 0.0178182179178108 0.0705380159679692
0.180457652191267 0.2319544414829 0.0501677129898562 0.0685097081446931
0.253724922212048 0.124721463764816 0.0711240205129508 0.0232145349333163
0.254346252198035 0.0283919206089519 0.0419587088660644 -0.012987619014892
0.260832087230044 -0.00242579116165332 0.0366478257414803 -0.0211527818108543
0.252829749470251 -0.00246944044970694 0.0307530848977097 -0.0147594887823824
0.289396989447101 0.0390982777066581 0.0259602764682781 -0.00152646085851023
0.281965213967811 0.149432553827087 0.0160644120256648 0.00743609416665178
0.197360400158785 0.245337965316505 0.0222725769125793 0.00766624254464762
0.0241119542725877 0.336095878821377 0.0228920311032885 0.0107355441650944
-0.192179531318694 0.316765041462471 0.00393870224384639 -0.0278767094485423
-0.266547098779444 0.207122137355599 0.0105693926465115 -0.0863241970476224
-0.238174653177929 0.0958284271744012 0.176085039584515 0.0394713898879936
-0.215343821058462 0.199524258141007 0.090414267006883 -0.0358168371057952
-0.110402878754488 0.234037265943725 -0.00382902747018221 0.0430812176096043
0.0385861347256013 0.244480905668491 0.0201996024928322 0.0867336185100095
0.158365222713951 0.200245935977573 0.0908812078034883 0.115840712986533
0.221163329358295 0.109826383630656 0.149836906087121 0.0565924498741938
0.225311099451125 0.0273902447629406 0.138204878508656 -0.000709030690949449
0.228422753274484 0.00275892031411582 0.132557474893018 -0.0209864068578699
0.219767829687134 0.00682848968302237 0.118138983032339 -0.018951802657859
0.240608064211279 0.0463780003324438 0.0969923105853417 -0.00215812712340376
0.216553391512585 0.136659035614229 0.0660564227286586 0.0204925906894575
0.131670560291706 0.199199514753886 0.0350243969340069 0.0165944437169747
0.00637279300223404 0.245938598305185 0.034434568511631 -0.00710953097398645
-0.146646111919684 0.242186047945821 0.0354587950851121 -0.0710656395751286
-0.204405005897133 0.17864471433426 0.093289283715274 -0.14088773258598
-0.150023133092464 0.0855916402857435 0.274410029182574 -0.0122636019116301
-0.11976137808215 0.14617227865936 0.148142414672141 -0.0831840510748184
-0.0503194213774271 0.147145859594431 0.0324166791728373 0.0089852515131409
0.026259541214415 0.148520429243145 0.0253823942292949 0.0845889995631234
0.103148577822299 0.129004397639023 0.121846389813997 0.137244471619643
0.147900956272567 0.0740893620201678 0.207567948644769 0.0730767631310525
0.157353393898487 0.0206791372578777 0.213179905104372 0.00628899037974019
0.162458162403813 0.00814097946697922 0.206775649895136 -0.0189273682959257
0.15691277249464 0.0150851289853498 0.183738437449293 -0.015859196288274
0.160216025302124 0.0481565406782867 0.143886243590737 0.00717881329769981
0.12220004650916 0.10851828995664 0.0947941710268273 0.0376967055068531
0.0480007849751546 0.131998603834201 0.0342041229455224 0.0292677510314118
-0.013444096716964 0.126591669742038 0.035951296973971 -0.0159384431933019
-0.0843761170979364 0.139428484413514 0.0557777200565976 -0.0925457805735314
-0.118083681380544 0.128006647986462 0.153155081572165 -0.175933623716843
-0.0365904070837731 0.0529909216091573 0.329855804391138 -0.0598454462619964
-0.0131893494424839 0.056315814673133 0.178035130820141 -0.121629687183151
0.00237318864385272 0.0298903921349605 0.0568543063961578 -0.0309390200352914
-0.00373865210464453 0.0347734220236921 0.024891766418059 0.0671969563636052
0.0265420578318798 0.0448878049488903 0.134457137762797 0.131664432969934
0.0486796781180786 0.0333571589609512 0.233476360176932 0.071850303621591
0.0635362112231295 0.0159144612463171 0.257764066073245 0.00693630461721294
0.0720744224839104 0.012260219407666 0.251061325790555 -0.0126920269495402
0.0736208752636178 0.0174003453657378 0.221152262575348 -0.0042661382112374
0.0647644677756842 0.0357756029843583 0.167066573767095 0.0238128978920853
0.0282547137198365 0.0613699017408793 0.102488553217588 0.056390429491649
-0.0176334380695741 0.0502345507296987 0.022290141126846 0.0389270146865954
-0.0122291413887446 0.0118133500013481 0.0305097476284152 -0.0200581867238684
-0.00686552701880879 0.0419497592147408 0.0685479225401488 -0.0976896695364824
-0.0194797471701586 0.0717648004176072 0.187721750945972 -0.187782467885336
-0.053011890295608 -0.029898107613172 -0.274115564313751 0.0781593517862896
-0.0692073239859319 -0.000237073273624403 -0.126991979107114 0.102233698397571
-0.0376049214450434 0.0450511341697595 -0.0387574001722963 0.0443162624518902
0.0212637125179345 0.0447720343762045 0.034849604174636 -0.0211852985107138
0.0306622004043071 0.0224041092217431 -0.0284918177729113 -0.10781020024329
0.0343479294052382 0.00682242660092211 -0.121000299036772 -0.117195468879758
0.0278920638401672 -0.00341074428775254 -0.195088090002235 -0.100852904331299
0.0310938893391824 0.000196071523664141 -0.234325949711945 -0.0960117062241022
0.0347484470737989 0.00175073994773062 -0.239515466630258 -0.101581968025501
0.0531956320383994 0.0192418842425016 -0.194534132647255 -0.124245231002033
0.0533485669176508 0.0521986609991199 -0.109964736215495 -0.136083444671337
0.0224125733471513 0.0866744790605702 -0.0273535691167883 -0.0652587878821247
-0.0693742710296852 0.0907323210298579 -0.0816008908339929 -0.000921085279621923
-0.113258719871752 0.0135651807366364 -0.195768708820142 0.00945092477135859
-0.0833068483816723 -0.0351213349504583 -0.31870549494305 -0.0589112277658472
-0.147318048213524 -0.0401447618568634 -0.252844032609112 0.0837573745574451
-0.156904662243144 0.0182590232943981 -0.133481734823759 0.0857971667620961
-0.10343321356695 0.0841190973354509 -0.0582236075323893 0.0592884911226495
-0.00717422429156849 0.116812955583433 0.0398288296301594 0.000251344954262301
0.04968859217156 0.106656199475767 -0.00723473977450339 -0.0900711003421652
0.0920052359545108 0.0744897751924066 -0.0896366528240123 -0.111362581745347
0.103937073222274 0.0401630105970757 -0.165719539112836 -0.101508162665223
0.120414827017477 0.0384006112423004 -0.200905490815165 -0.0918308684041437
0.121279656299647 0.0428445569417885 -0.206180367037123 -0.0837956834309961
0.14022891990023 0.0799830892785081 -0.173210154080993 -0.0916271272634858
0.113971989675416 0.147776859752507 -0.104494316666776 -0.102567926535455
0.0387784885103651 0.195151365036193 -0.0250169720380169 -0.0382444200887915
-0.118049326230131 0.205112999104881 -0.0740920745298351 0.0238461581299654
-0.230785828615425 0.0946083745269511 -0.175630204889788 0.0217540716666596
-0.21161548083401 -0.0023492327737288 -0.271964205916031 -0.0539315581523634
-0.229260285090397 -0.0519020021359186 -0.192201889621022 0.0959056665392133
-0.24155303245381 0.032438434861133 -0.114298096451447 0.0685352080252044
-0.173857122874017 0.118545387099263 -0.0722714646745069 0.0676515615570976
-0.0463313323964574 0.186366836009976 0.0323057872951953 0.0247980543807098
0.0580978112735077 0.189762200816743 0.00761984082826815 -0.0510489521913022
0.137681617849002 0.142534661623692 -0.0458707391591764 -0.0799270111248025
0.165750789849381 0.0842908195155862 -0.110962032662004 -0.082409685169702
0.190432800178291 0.0714071129463992 -0.136262250394772 -0.0734127834278498
0.189026594700054 0.0728311759895444 -0.140528403567802 -0.0576222603156919
0.210486182408661 0.121351880465857 -0.122025571231452 -0.0533289027202111
0.172871045698716 0.214946512941971 -0.0792961879242492 -0.0612777549599822
0.0689845842823941 0.278014184794601 -0.015990670936052 -0.0139872686946686
-0.131945970666306 0.300111753438888 -0.0501401463345442 0.0364831898062386
-0.30182788407107 0.173846291922654 -0.127066588206626 0.0198974240457897
-0.301041384593122 0.0386336589706579 -0.185508684273786 -0.058374261982076
-0.284201634890377 -0.0548778674886599 -0.0938091741036932 0.112792301953859
-0.304825384205267 0.0509511982007146 -0.0623391166340605 0.0531697826583013
-0.229616691937033 0.153134871265107 -0.0695293580814608 0.0676924200128258
-0.0777626556304401 0.244752341995864 0.018211652986571 0.0493492980688185
0.0624405387085191 0.255444459606924 0.0192685068381282 0.00754422988357607
0.167062250666785 0.194309796612978 0.00727661362988954 -0.0247649522966522
0.204784115331443 0.116502980075742 -0.0370660576776848 -0.0451995845026223
0.23048258341948 0.0934558472197436 -0.0513539589802691 -0.0433514014778995
0.225494434717793 0.0911420057274777 -0.0561165793348326 -0.0280731082247865
0.249294678691045 0.142217114837885 -0.0506081743287642 -0.0174974485183808
0.207168275374949 0.24642750001945 -0.0362018767033176 -0.0208738852780585
0.0923208044713733 0.313510385979242 -2.76114981136873E-05 0.00557465956792245
-0.119636256771209 0.343674016121954 -0.0189767935905512 0.0332090956351873
-0.319239334162407 0.222290336646788 -0.0639350609256621 -0.000755883649034624
-0.337045738802834 0.074047420522523 -0.0747046028593946 -0.071657469659087
-0.297634921575486 -0.0441566104367593 0.0297925760840364 0.127355256477684
-0.322326985110814 0.0716603429287754 0.0185328069965491 0.0361541441559956
-0.243073552450325 0.173808417779979 -0.0447404495661402 0.0609528519665021
-0.0870020717682791 0.265848398538328 0.00492651586488249 0.0726077332704936
0.0633250194097919 0.277169142311004 0.0325057598842855 0.0763297859676668
0.172985537382781 0.212205918024592 0.0661160132552945 0.0435450190987153
0.21262120527095 0.127094617653382 0.0455497993622546 0.00437804914362554
0.23426035753356 0.100689970262465 0.0402770602439047 -0.00517322446856358
0.227085875711458 0.0968710957485129 0.0341124406237354 0.00270713122573343
0.24406780589142 0.14419900786053 0.0257447898333021 0.0131010134918221
0.198170095890653 0.239678471958532 0.0131262058868624 0.0161084180127642
0.0834319505002135 0.295073624641383 0.0162153533852586 0.0209360209886683
-0.1025107920347 0.315848719482816 0.0102655314821808 0.020638383580689
-0.287795524222803 0.217716739242981 -0.00173499564116125 -0.0307727567623305
-0.316213437785083 0.0900614869055497 0.0377972266340707 -0.0877296275388129
-0.259724510800892 -0.0194573142391383 0.156842771152984 0.129186234366007
-0.273556941367366 0.0843609823138989 0.103935182000001 0.0162837009249283
-0.1965456826562 0.161638436983305 -0.00564691021455804 0.0473792803764158
-0.0696671476119094 0.229031611839364 -0.00172482296688438 0.0878070807755823
0.0560888598519052 0.239535256872388 0.0481285119824965 0.136142965190068
0.151017677221862 0.185220860956202 0.120328483264222 0.105349051092132
0.187257146363166 0.114576911632934 0.125581217380572 0.0536513398012968
0.203847969675924 0.0931048187436951 0.125195658550025 0.0329949515870496
0.194655479232161 0.0913233586212917 0.113268679894197 0.0328106142233705
0.19800736742547 0.130844000775236 0.0881361358876114 0.0403616956445705
0.143735822253722 0.203199917346994 0.0519494819723275 0.0468489188647313
0.0415767591050618 0.228535652197851 0.0231757183636615 0.0333452140010491
-0.0851120498226182 0.22589008682811 0.0292580225186023 0.00805687797809063
-0.218753274355219 0.16550023429767 0.0469441969001464 -0.0549622334114697
-0.248473042412189 0.0849933269311958 0.133709471707681 -0.100460432383162
-0.174985022140543 0.0101802507981887 0.262474362945683 0.113934609314631
-0.166991467982038 0.0773364645879272 0.172375968020103 -0.00774931250596691
-0.107004047956264 0.109470399005227 0.0358877089675088 0.0267553188098062
-0.039915012783504 0.13959331937909 -0.00185422399312423 0.0874608426132618
0.0375699246260007 0.153814426141747 0.0630690765916996 0.168226123004326
0.100189346387057 0.124531901052845 0.161562810443607 0.144674359721047
0.13018994919798 0.0819227933733196 0.189175730786116 0.0912116065524179
0.142422740776299 0.0714094201468369 0.191323249714584 0.0649456109298873
0.135539675394215 0.0736620572226649 0.169377520824557 0.0612573674482573
0.12569383753738 0.10168020337599 0.125909931766902 0.0659061318100555
0.069842837341788 0.142515803869128 0.0690789869092321 0.0724140867968592
-0.00727850575760685 0.136362557238432 0.0174623901329788 0.0425205535090477
-0.0600237814027796 0.109349490832378 0.0362272067327171 -0.000390588817348643
-0.125511037218663 0.0938525509740842 0.0778589805551431 -0.0648473705957464
-0.151179769906057 0.0697330858853581 0.201187087117106 -0.101627239937589
-0.0570013911879818 0.030742268509333 0.32452989421444 0.0832700226031302
-0.0356832822416581 0.0442433362805972 0.209157511821774 -0.0350826277311021
-0.0107230326635412 0.0267696986794981 0.066372245631967 -0.00416520190220653
-0.0180224059362861 0.0285665011906911 -0.00227844444633023 0.0718885356061026
0.00418320319517376 0.0484465090174669 0.0706467377309304 0.171058795916897
0.0291347306655735 0.0488601077348051 0.181148429730573 0.156223899180499
0.0500992201443545 0.0401631822482619 0.226616448134231 0.109335761984721
0.0607801696653976 0.038832222232316 0.228681431272321 0.0875007865667115
0.0604084576601036 0.042973325530377 0.197895728600426 0.085062327126942
0.0453601031887414 0.0545313317581885 0.138775598114553 0.0886993903156046
0.00321891792619391 0.0652206385380255 0.0670895967798631 0.0903681353416827
-0.0350919296969806 0.038574152363821 0.00302455087421404 0.0447520348464168
-0.0157512739717297 0.00550580121034891 0.0354367482056651 -0.00734400482306189
-0.0213063267327596 0.033507344525561 0.0964175604153759 -0.0612185972434855
-0.040637999559337 0.0550767565841436 0.237282225305872 -0.0931019637628529
-0.0526144244864012 -0.0289038136922151 -0.269087535405361 0.0803453744436134
-0.0686469855858301 0.0012265061147927 -0.122132776163401 0.101749000386797
-0.0368986712182649 0.0454806513807099 -0.0375681297092912 0.0458506846838033
0.0219401464980346 0.0431950232435297 0.0335067734987683 -0.0221641562606901
0.0308388986935086 0.0215722566422084 -0.0304211699701648 -0.105794639759062
0.033549994804204 0.00543687375098422 -0.121992674916402 -0.112920164495639
0.026654042174311 -0.00391161471418996 -0.193726269109299 -0.0953836175856202
0.0306427794331519 0.000183636583413063 -0.234540137726733 -0.0907639612669579
0.0339999524304519 0.00150113773713418 -0.239395869630181 -0.0960956975903748
0.0530839634257827 0.0179268125519857 -0.194813603156449 -0.119078930427979
0.0541190424532081 0.0500442123787216 -0.111698492054706 -0.132255447825662
0.0242459769249963 0.0849666418234561 -0.0278911448937833 -0.0650217372734484
-0.0667448992710744 0.0912653953096838 -0.0824011464468382 0.000132072852781748
-0.111745665131717 0.0151617454774523 -0.19336045031574 0.0124050810987064
-0.0833688188787684 -0.0341765794989089 -0.314676766450648 -0.0550220467864388
-0.147309960155803 -0.0377537777090154 -0.247552544496866 0.0855901132246953
-0.154819035768735 0.0213727591668704 -0.129527153091419 0.0852040717676971
-0.10178640372758 0.0855025811204399 -0.0558549509839847 0.0611171043425816
-0.00515314765367925 0.114925547492448 0.0391398505611175 -0.00140503927453872
0.0514384568517625 0.104746725617413 -0.00932396313273177 -0.0885373527094186
0.0923793445199868 0.0708027372549637 -0.0903922914086598 -0.108209256246676
0.103206356889415 0.0378276690555748 -0.165259397751505 -0.0970392949873507
0.11989036846345 0.0361346304756609 -0.2009576309907 -0.0872512239220532
0.120280380292391 0.0410978429598871 -0.2054976420312 -0.0793180865139612
0.139815994531301 0.0773699162720267 -0.172298504441923 -0.0871990060783227
0.116591546212534 0.143588325077832 -0.105532236695198 -0.0983190450817876
0.0418091247379204 0.192579667188398 -0.0254734819128632 -0.0382742909819283
-0.113784427029345 0.205448041309912 -0.0734200262228598 0.0241026877732105
-0.22707715159029 0.098101315113923 -0.171678173055173 0.0238516906837239
-0.209821442112821 -0.000987830663819581 -0.268240051297111 -0.0494239622870765
-0.229014886306164 -0.0478980644377598 -0.188272790787451 0.0959346139280761
-0.237027673637599 0.037285379106064 -0.111202804209287 0.0679857697796489
-0.171584945474895 0.120204902191107 -0.069771610038906 0.0699514284953666
-0.0427677023642026 0.184745799890792 0.0318188751153365 0.0224240461096586
0.0615907872274933 0.18707294021218 0.00729793911596935 -0.0494914151556853
0.138904820122446 0.137999095043962 -0.0456898566898984 -0.0784522135763668
0.165994922273329 0.0810358643093148 -0.111475034155995 -0.0790900522980024
0.189888317455711 0.0677082122968886 -0.136683070423568 -0.0707748686625385
0.188365653292015 0.0704942104341392 -0.140669628487753 -0.0553243582578733
0.210775471293232 0.117256452899365 -0.120736854610213 -0.0510310363400677
0.17660030294482 0.209294816736483 -0.0798477048425898 -0.0577827476151595
0.0735570969449169 0.273407914133484 -0.0151516845608958 -0.0144285556803861
-0.12603675294253 0.299945118269942 -0.0497459811301567 0.0348404461087033
-0.294941149550581 0.17835290270455 -0.12425904617196 0.020003011443329
-0.298045066416075 0.0409181722235584 -0.183160800000973 -0.0547852857247339
-0.28437526209953 -0.0497377808678923 -0.0908774855742239 0.111643009386042
-0.300390301075705 0.0564416366481424 -0.0602440928459689 0.0512673517973608
-0.226869399590225 0.155706945893564 -0.0662855647001349 0.0704916396237865
-0.0731665375867672 0.243787664077288 0.0182174163909214 0.0466488174376992
0.0673393405601201 0.252245100507918 0.0203861242780529 0.00861413185754904
0.170049282823221 0.1886770003305 0.00851383052282608 -0.025505184378627
0.205027062493444 0.112482584025482 -0.0381332755187558 -0.0430046699511894
0.229687902420772 0.0884466969849165 -0.0526126109078819 -0.0418042752423082
0.225845598174171 0.0878491747920874 -0.0558276448858632 -0.0275807234958208
0.2495770800993 0.136407470506271 -0.0494434557497034 -0.0168759044454631
0.211406574070502 0.239801843434674 -0.0356633935695141 -0.018399142394681
0.0965909274126266 0.309048667895865 0.00126848175239816 0.00557954491774676
-0.113433273365137 0.344222350353536 -0.0187176170267429 0.0308755736756545
-0.311811613657151 0.227121552286407 -0.0621083327783353 -0.00181754507222465
-0.333098656091341 0.0755545784919175 -0.0746781783133631 -0.0691172566393829
-0.296709398174364 -0.0392146631824572 0.0316002847092201 0.123620788321028
-0.316680389633708 0.0773459939016186 0.0188493893081941 0.0342309736824116
-0.239885247987893 0.177131257828825 -0.041843573733032 0.0624766688098654
-0.0823321779147318 0.265423436358889 0.00521882843118904 0.0704969570423179
0.0685020288267732 0.273453771739526 0.0351719443566332 0.0768818098294836
0.176546761486708 0.205749898623116 0.0675683795496803 0.0405564580147251
0.213971669762891 0.12340243371295 0.0446110869916007 0.00483496169445587
0.234096340620231 0.0957893768225461 0.0394379094498422 -0.00590586503093363
0.22652008570974 0.093867840022226 0.0344743609604998 0.0012834674754956
0.244659138926576 0.138074683265705 0.0267738719420817 0.0115087826473377
0.20199631146502 0.233967073767908 0.0136678941943675 0.0166966421157436
0.0877622151712634 0.289915389866287 0.0177388542852075 0.0212570670427116
-0.0963233390626362 0.315473022603568 0.0104555220632866 0.0174615126297372
-0.280155348739018 0.221813496037539 -0.00178086199221533 -0.0324258419527342
-0.312670470861158 0.0904852541049834 0.0356113224896891 -0.0861663995654545
-0.25904625406641 -0.0152406576190258 0.157021395202937 0.125227645645368
-0.268639123955286 0.088317586516741 0.102813034196055 0.0141233872508485
-0.194426351351296 0.163709538403229 -0.00303788447053028 0.0485993125453428
-0.0665874470485076 0.227966224077775 -0.00107175455902357 0.0857638729611699
0.0606542673660784 0.236610159852787 0.0517763675401192 0.13526750474818
0.153547964098711 0.180869540451965 0.122829521332755 0.100720858538832
0.188512007635427 0.111413256803825 0.124455762599726 0.05238270777796
0.203741048764334 0.0880857002844028 0.124468593292904 0.0303527784361331
0.194398441313374 0.0881937727960742 0.112996061679669 0.0305944064627055
0.198885296007195 0.125689047492682 0.0882561316751426 0.0373784057035042
0.147244113333146 0.19870280816056 0.0521204420353 0.0466109604644587
0.0448573414217026 0.22609272196219 0.0250652864750792 0.0334904967085421
-0.0799990979328196 0.225186228609831 0.0298425824694171 0.00509196235214633
-0.212594627772515 0.168212729598766 0.0452479883359814 -0.0567898817807965
-0.243834445654046 0.0860100885932076 0.130167963285083 -0.0992014658143248
-0.173777576655003 0.0128496397739135 0.260574994608839 0.109642401668009
-0.162902051471725 0.0803486250615504 0.169444120706733 -0.00967466996058738
-0.105481467221418 0.110199032746709 0.0371807270317054 0.0264446377948459
-0.0378119324978507 0.140017374604923 -0.000963361082227475 0.0863555195347724
0.0403960758094369 0.15116806966407 0.0661393294018077 0.166850561383398
0.102383166963718 0.121344067115782 0.163388872842571 0.139838805876467
0.131671740837804 0.0796828876800968 0.188963640966871 0.0877815467154336
0.142937525352783 0.0677306261832938 0.191528323269779 0.061645333729085
0.135435801440706 0.0711056788873276 0.168742986095626 0.0574936912190944
0.125789165951398 0.0981187965867863 0.126096941257649 0.0617480518246947
0.0728021848872641 0.139916654341257 0.0696763709784315 0.0709087076703299
-0.00537187978023951 0.135933179695059 0.0189345332818892 0.042236193693556
-0.0577649646295182 0.109327207617786 0.0364358779515807 -0.00320885378492476
-0.121734144006309 0.0956362567561158 0.0755073270890763 -0.0662692868019132
-0.147384066961375 0.069830625332497 0.196063880938053 -0.101559868825834
-0.0563593929015456 0.0312033103840989 0.321725837855698 0.0788347808908801
-0.0343647505099334 0.0441208499411409 0.205752209176182 -0.0365089821325501
-0.0106247712422904 0.026053275081811 0.0666766510992671 -0.00492974378466225
-0.0178308913176364 0.0292600204544787 -0.0010660293816087 0.0715061519038963
0.0053097969381992 0.0478851509415805 0.0744887195987052 0.168469199679898
0.0304379604826885 0.0479429131711021 0.182780257152425 0.151357923007954
0.0508931535497814 0.0391757755766728 0.226494515652883 0.105212172000115
0.0611556862933473 0.0371792384805407 0.229278498516513 0.0829144738252163
0.0601929489875285 0.0410278291965675 0.197944006656852 0.0807717465216336
0.0453431228676971 0.0532055586663984 0.138533546929975 0.0849144597501479
0.00457691782625311 0.0651966072898274 0.0680436591693981 0.088828313999392
-0.0339846683953921 0.0397246330121346 0.00420058838700774 0.0445617227869618
-0.0164606625477356 0.00536696189829395 0.0358997517050151 -0.00948834844614372
-0.0199422161412647 0.0344685237165639 0.0932766048209091 -0.0631673420400831
-0.0381703917793223 0.0545058359958908 0.231128020594818 -0.0940413976710691
-0.0532642009721733 -0.0277291897309375 -0.266334872573279 0.0858663181396899
-0.068140988110566 0.0037986576310023 -0.11794992312582 0.10314775188452
-0.0362752596160687 0.0472518850478226 -0.0355221299179179 0.0480267451143457
0.02305863362119 0.0420889737877513 0.0332842869283171 -0.0233685748511578
0.0312471969715879 0.0208367095970293 -0.0336457267900108 -0.104302843194177
0.0328420602616995 0.00390689617888185 -0.125024778372122 -0.108892981082223
0.0258110920675843 -0.00464967953361411 -0.195673230699434 -0.090714005108101
0.0311449731736283 -0.000281704298795104 -0.239075031680186 -0.084312841503876
0.0339172930408309 0.0015314821308193 -0.242802553384891 -0.0887349621308837
0.0530660321814141 0.016796023683522 -0.198416250247707 -0.11309431890607
0.0562790392493054 0.0483382957016967 -0.115635693402573 -0.128877945314245
0.0266315789607003 0.0828244946463728 -0.0299049273738167 -0.0657886209061215
-0.0640928459123993 0.0939948822056957 -0.084084933490586 0.00261089709413725
-0.111323391101031 0.0187023728454024 -0.192004229514641 0.0177908564938062
-0.0849380148145163 -0.032958948239524 -0.314816532635661 -0.0483528799181881
-0.14897069431772 -0.0335617684392316 -0.244399245197709 0.0905565552052695
-0.153474673063595 0.0259967213968666 -0.125590921119299 0.0867257834131769
-0.100673761091035 0.0891033709977543 -0.0535637900231359 0.0642604130870702
-0.00215851700354759 0.1146044367347 0.0388435730649559 -0.00313369411853742
0.0550932181007596 0.102709725924871 -0.010771431972621 -0.0870292028406882
0.0940875865006474 0.0674317250787627 -0.093103416611359 -0.105276488820572
0.10427668578163 0.0354376265507616 -0.167761708479123 -0.0923838839509431
0.121362444690999 0.033117078167606 -0.205405779665851 -0.0818979081392009
0.121673883648302 0.0396245683189518 -0.208990441082809 -0.073257143429216
0.141800633438281 0.0739401191253732 -0.174817703541649 -0.0826610427938316
0.121659546599984 0.139987833206752 -0.108118475883486 -0.094785739183343
0.0472051288531538 0.192001081204751 -0.0263511509742207 -0.0391092810957396
-0.108334212055236 0.209518545882255 -0.074203800195523 0.0255391846969099
-0.224493903371377 0.104920232541922 -0.170462202361315 0.0274550855783177
-0.211396978019226 0.00262283305267948 -0.26870603407654 -0.0433938815230965
-0.231436007806755 -0.0415713196274691 -0.184643776246939 0.0990229794107952
-0.23521557302284 0.0446961044430305 -0.108669157443432 0.0686210428637763
-0.169608634567851 0.126805376843901 -0.0669173543082726 0.0736795193262507
-0.0383434401245968 0.185677162162989 0.0317058220550797 0.0200223794106004
0.0680292374567135 0.185325483920983 0.00702628817830882 -0.048517400329454
0.143354055358194 0.133370971345907 -0.0473801570606069 -0.0780215484759121
0.168559879577859 0.0767434606061411 -0.113512605766562 -0.075090621921134
0.191975558777728 0.0622656915350203 -0.139844369638592 -0.0673702056611221
0.190916145419331 0.0665108140747364 -0.142490269157133 -0.0513303224905042
0.215146887290295 0.111451425424622 -0.121580147472592 -0.0481529898578036
0.184742000576445 0.204788877334646 -0.0806402855709713 -0.0547947332234015
0.0811286393103528 0.272247841130069 -0.0143505391919558 -0.0151594957326314
-0.116765468124295 0.305489302695986 -0.0493569969579948 0.0350310453530355
-0.290121074431858 0.18819673912952 -0.122901135746089 0.0217062810917368
-0.298507069705434 0.0458317382519267 -0.183730132980525 -0.0505570602390891
-0.286921276286655 -0.0429208044931413 -0.0878342978380001 0.111779080630756
-0.29816704344344 0.0658240818464178 -0.0584575662107799 0.0507757270400615
-0.22450311873737 0.163725685348841 -0.0626082700251464 0.0734856967413847
-0.0673555561611562 0.24611965348792 0.0183569441936793 0.0453237670924346
0.0752242799972148 0.250244745660789 0.0222536956284965 0.00961135359281976
0.176202326262839 0.183488683977511 0.00891809263430688 -0.0266618253964977
0.209831655899489 0.10726469913909 -0.0391496359624322 -0.0416536445408014
0.233149861413238 0.0824685570248763 -0.0545872046856267 -0.0410573797853966
0.229404267873711 0.0834963418279957 -0.0564975253792874 -0.0265234817254825
0.254922758591406 0.129689986044496 -0.0491282618449105 -0.0160960035355182
0.220784567664869 0.233864138162513 -0.0361940399739905 -0.0156212025179365
0.105864830415722 0.308041537883929 0.0026115884607095 0.00475398338162511
-0.103408498220974 0.348309921787667 -0.0183741496954683 0.0299109040015525
-0.305553431456876 0.237998507472545 -0.0614773648769619 -0.00218532633195451
-0.33292745614236 0.0808520386795606 -0.0764199126690129 -0.0670137948449005
-0.299541860010625 -0.0313677148177783 0.0352341108839806 0.121694176328399
-0.313849475486406 0.0872994952323552 0.0201682568878475 0.0320084982840488
-0.23685311379974 0.185838026263295 -0.0380389403425628 0.0654472974639999
-0.0764034249544592 0.268869441687181 0.00643119449416598 0.0691249483536129
0.0772753919964253 0.272233027832923 0.0391849325928631 0.077126779503023
0.183415875103463 0.200529223442563 0.0698686755172736 0.0372834893298101
0.218711395849348 0.118548867495273 0.0443215628400093 0.00458865773930763
0.238384496728367 0.0901579670798365 0.0388904987610576 -0.00727997662437841
0.231106741953557 0.0889582711870067 0.0342112062275275 -0.000177777553233156
0.250932902363347 0.131348562474746 0.0277150721542926 0.0101652225361768
0.210742506106919 0.227542917475484 0.0148114537853653 0.017578793215663
0.0957984649585718 0.289607730405544 0.0194808097768455 0.0199900792550319
-0.0869998942566983 0.318946790493167 0.0105931495458201 0.0154573904718926
-0.272786857160555 0.230851530973447 -0.00230011671585721 -0.0346922388888812
-0.311183104055831 0.0956289951844587 0.0334195924463268 -0.0863502520602326
-0.261199617263128 -0.00807123521909867 0.16054269933763 0.120373424023066
-0.265234774087974 0.0963764423416371 0.1031462091816 0.0103113199376947
-0.191865729140889 0.170350140895516 0.000391620087986477 0.0498647335113748
-0.0613289747578952 0.231654318878632 0.000261652637011843 0.0853270809160745
0.067909363526302 0.23529048022135 0.0575399874727005 0.13516946630378
0.160305405149352 0.176132923511508 0.126523763658207 0.0956200807358263
0.193140840768406 0.107172653315752 0.125901560570677 0.0502162388377722
0.206931975547171 0.0827813601411516 0.125505136538532 0.0273916139397287
0.198182259779169 0.0842885491869627 0.113766083476351 0.0261528374711031
0.203703077525276 0.120231540677629 0.090178086106528 0.0338680514106128
0.154885190283399 0.194634325158964 0.0543351432401196 0.0457998313707818
0.0509261672692738 0.225443261141625 0.0270873986542728 0.0332400027806509
-0.0751958934917017 0.227359340321161 0.0299271233997941 0.00146272075112721
-0.207321768113175 0.175153760925563 0.0437580120886236 -0.0598999555996866
-0.242839898527886 0.0895234236666063 0.127281611623301 -0.100815829715104
-0.17468598304899 0.0172992027139954 0.263861438690347 0.103582897794124
-0.160522609074236 0.0849356445595636 0.169321946592336 -0.0133639633259424
-0.103845700542435 0.113607005119046 0.0394319219773547 0.0253690397666195
-0.0348618407366283 0.141577953413707 0.00041619004942134 0.0863578678043857
0.0451470409461761 0.150444069273847 0.0730380457939691 0.165895852901429
0.107188000378776 0.118386625084325 0.168699418481532 0.133615584747422
0.135207409566358 0.0763712446605576 0.190380236883065 0.0840408353874786
0.145401243536547 0.0638019835268987 0.193944871089778 0.0564148754649568
0.13851646105244 0.0677571394521436 0.171311968589315 0.0525620399266571
0.129470307011966 0.0939762804504142 0.127166999658826 0.0579112124456601
0.0774750202709266 0.13803382685498 0.072612964099441 0.0695530349104279
-0.0016413411636343 0.136537383246505 0.0209063364215529 0.0427502156502713
-0.0550810949205097 0.110458048469185 0.0367354606554192 -0.00638602268120495
-0.118432529628986 0.099643616090097 0.0731866691737492 -0.0689357222763033
-0.145290663312706 0.0715929229088861 0.192397650473695 -0.104493021838058
-0.0555487684778838 0.0327772694515715 0.324531703228873 0.071503556753971
-0.0324044857424748 0.0452448522450576 0.204544867726572 -0.0402926034859361
-0.0104480141884433 0.0264227395736327 0.0672563560339208 -0.00718445976825323
-0.0172962355718553 0.0300631201073231 0.000714421067021218 0.0717634810360799
0.00693181141170279 0.048001688009254 0.0810397862033917 0.167171724403714
0.0328113511855895 0.0475042071936523 0.188140172027839 0.14519036327179
0.0531992075418703 0.0384257350805449 0.229122776049475 0.100224677486527
0.062368266024454 0.0348241689638824 0.232580335664183 0.076760762842993
0.061476289643065 0.0391710227142625 0.200756146880247 0.0754500801401902
0.0469569266445812 0.0510626434356559 0.140061535954099 0.0800573622046118
0.00690336661881675 0.0657686875907792 0.0702439963560175 0.0867421770421366
-0.0326745271991218 0.0416712670601347 0.00595631983990805 0.0456734530375879
-0.0165666995138391 0.00570523671432381 0.0357119278713376 -0.0121019606945931
-0.0183816417068093 0.0344603545428305 0.0902454364306883 -0.06523962886859
-0.0363238169747955 0.0545793093586877 0.227160878142791 -0.0982458610516705
-0.053847970613007 -0.0251824102138492 -0.259323482367362 0.0948635580272262
-0.0668022532765104 0.00716302090433091 -0.111536482499479 0.105388630482933
-0.0330032375761706 0.0490575648986612 -0.0323022535121737 0.0495645311980568
0.0244271437353723 0.0398816333255493 0.0315687970240552 -0.0254332172573815
0.032371031903779 0.0188684803302715 -0.0380673014700975 -0.101856162854153
0.0319613671392107 0.00185330598133517 -0.128326399754949 -0.101484905507093
0.0250141884937324 -0.00550986563856148 -0.197473357972084 -0.0808492523962278
0.0302502964460535 -0.00100437229969033 -0.240911189926795 -0.0718340710208936
0.0336681838396256 0.000992546786590259 -0.244483033738433 -0.0767435600195013
0.0534323277049847 0.0146055130062596 -0.20141276262244 -0.102444603199415
0.058352967085211 0.0443550827438835 -0.120738157056444 -0.122476693640372
0.0306337172260535 0.0807633682014948 -0.0330228418864153 -0.0652426408659161
-0.0590311822421686 0.0970279854704955 -0.0845141315572055 0.00670617006687973
-0.109357409010562 0.0237124202162425 -0.188662267129206 0.0247713804074922
-0.0866973073985245 -0.0294392107527505 -0.313176774656097 -0.0354961204318769
-0.148993281808132 -0.0263203511495197 -0.23770047218826 0.0982179735683478
-0.150120137512562 0.0331624298617399 -0.119767300268745 0.0892822372900978
-0.0956279326818603 0.0939640373011116 -0.0488365156190696 0.0675250701340437
0.00286115886465218 0.113276257727672 0.0378945221494924 -0.00597575185308204
0.0600707886330436 0.0988302722624756 -0.0139826441602367 -0.0853112765558277
0.0964344770410796 0.0614388089403034 -0.0964306628731225 -0.0997583851801654
0.104893589868377 0.0303864729620421 -0.169977420518009 -0.0832649043486436
0.121947451722017 0.0272671052710542 -0.208346189124908 -0.0719910225717584
0.123584445575679 0.0351153245881536 -0.210959340905477 -0.0631826724400234
0.145335922038249 0.066780631827923 -0.176049670032275 -0.0744076957904036
0.128573601854069 0.132252205914064 -0.112475288562579 -0.0882927557431616
0.0558693347895082 0.188395297523091 -0.0277595398207888 -0.0388376411994172
-0.0969339690289878 0.213664086586909 -0.0737983811305224 0.0276766546266433
-0.217199050514292 0.114988017270177 -0.166563542615074 0.0333837652227467
-0.21032682253194 0.0108251767556449 -0.267062880317326 -0.0328953143752854
-0.231860856161605 -0.0311641402783074 -0.178728609099731 0.103793014525158
-0.230130915206832 0.0552820427426974 -0.103870458261732 0.0703257140904825
-0.162743031590482 0.134721073359727 -0.061718190162416 0.076566145959477
-0.0295119965674952 0.186016569661212 0.0321507545730453 0.0177461494847952
0.0768480819636047 0.179718500381268 0.00561726176785245 -0.0479327057906984
0.1492016373898 0.124100303402726 -0.0502127119960851 -0.0755082738759365
0.171391731464485 0.0682571619589161 -0.115468891337228 -0.0692260519580819
0.194066660213573 0.0530208623342823 -0.143589326817806 -0.0596285003214959
0.193875050798328 0.058576549037123 -0.144273554119638 -0.0447575572099972
0.218992507736488 0.10079021429032 -0.122442533238028 -0.0423872743969862
0.194321624359072 0.193531639171374 -0.0831041850090813 -0.0494644474716322
0.0939681429045751 0.267306739653014 -0.0145890599598221 -0.0151293821527096
-0.101505828549616 0.308415017455977 -0.0487353083255248 0.0358664253206097
-0.279481385065528 0.200688818336101 -0.120112547368104 0.0254855551132798
-0.295734697541147 0.0574805202469612 -0.183128409704431 -0.0427109153419533
-0.287424702177535 -0.0289892722420231 -0.0822769474151311 0.112112825473177
-0.291353757035604 0.0794582987102411 -0.0557683118018119 0.0506479601653825
-0.215948961177922 0.174339943365053 -0.0577307524210512 0.0767630602936985
-0.055938566811238 0.248153241754386 0.0191437922035657 0.0431437452473172
0.0883088276385925 0.244093791506516 0.0245703877977496 0.00903738771047297
0.184602276544305 0.172347064765173 0.00859930065759188 -0.0282332574691281
0.21393475748743 0.0976468131527153 -0.0406892242617103 -0.0387956759914818
0.23624152010318 0.0714524551013773 -0.0572874267962224 -0.037928501296174
0.232951006449569 0.0733875253919858 -0.057878579742999 -0.023932805013434
0.259980336851618 0.117398417573559 -0.0487330993279544 -0.0147924317634547
0.231732736243853 0.220926471143415 -0.0359107408792258 -0.0126371822229213
0.119565484512433 0.301375267721058 0.00395301779960918 0.0037140577193828
-0.0866130570699104 0.351393346366884 -0.0176075673378601 0.0284497687977865
-0.291447285467071 0.251192079971223 -0.0610509000755362 -0.00168720379283989
-0.327727451332832 0.0934276874645573 -0.0787327310572282 -0.0630181227540768
-0.299631403181808 -0.0171881639330659 0.0393935351652779 0.117000560694721
-0.306636922018672 0.101262141414109 0.0208921130161763 0.0290575255283436
-0.228310393648411 0.196159430138503 -0.0334225428232665 0.0674907042254215
-0.0636442069335301 0.271040816099836 0.00800772822232902 0.0676904591071537
0.0902334229708589 0.266248163688353 0.0449204496902165 0.0758741868724443
0.193428715841509 0.189537512054018 0.0719957518602037 0.0320169216850804
0.223993836519524 0.107479455912891 0.0445627492930615 0.00309538705979699
0.240886835985812 0.0779317532474485 0.0376431282424651 -0.00877277083799561
0.235174345401503 0.0789423570380369 0.0341001204243496 -0.00259383611019944
0.255255800478469 0.118204710841667 0.028206711625839 0.0079773282961684
0.221426235194593 0.215267430831252 0.0164790195676758 0.0175285395405817
0.108661977622269 0.283116908297587 0.0216000716577709 0.0189570907735106
-0.0715307317709369 0.320378398074935 0.0103481425625829 0.0127964978335477
-0.259221318113164 0.242257867892685 -0.00391085505610757 -0.0359382790973887
-0.305299973762811 0.106243895393115 0.0298538341369025 -0.0862683220887033
-0.260386237469747 0.00400404905773646 0.164022792171731 0.111735463612625
-0.257910368800391 0.10762861217342 0.103247506985948 0.00504951204859674
-0.184290732301425 0.178450252691093 0.00360780168286497 0.0498666642584924
-0.0510163194995778 0.233716746758543 0.00281584968106192 0.0846356374857494
0.0799207583742521 0.230295037831729 0.0656485172810145 0.132375548427665
0.168565763849926 0.166113635513723 0.130962724192715 0.0875419059407681
0.198169540861929 0.0972670166469096 0.1270042001319 0.0449238162783875
0.210112473048319 0.0724217800403068 0.12618167227475 0.0211004805507016
0.201798949305314 0.0751322925104758 0.114172370090334 0.0203562493208568
0.207781938263293 0.109222986160468 0.0906865742526064 0.0291204028885292
0.163964045116998 0.185278906201029 0.0573124754797868 0.0440006250679981
0.0619479771993237 0.22260712617705 0.0298576728877891 0.031700903645103
-0.0631848664665124 0.228801649338547 0.0286607529841517 -0.00194655564701579
-0.196555782355007 0.184145145243026 0.0398455913655026 -0.0624941867642028
-0.237889018723771 0.0971910050223954 0.121721652671706 -0.104127517057495
-0.172901558721005 0.0247626555611217 0.266535890367945 0.0913456754728278
-0.154442048133605 0.0915921040047007 0.166915239323013 -0.0200799297284883
-0.0986054250274481 0.117559828857126 0.0411329818069611 0.0239439326239741
-0.0289633499911459 0.143279926999837 0.00354273269899433 0.0858181956908022
0.0520198658808234 0.147265231214778 0.0821490593891242 0.161846731766411
0.112917943987158 0.112145725710902 0.173676348906243 0.123639822106464
0.138402785418919 0.0699577170967803 0.193462529283057 0.0751644947761646
0.148094256166088 0.0567477999414826 0.195682188686638 0.0470142259843649
0.140916936259079 0.0614056552049728 0.17257696258361 0.0437436898360298
0.133242934320199 0.0863513509079049 0.128881755530138 0.0507746196318623
0.0836658005776537 0.13330439516977 0.075291979313636 0.0656583042077203
0.0049450463628636 0.136188240828077 0.0237432934936075 0.0415659604805089
-0.0496534550893247 0.111664085070664 0.0354431135855808 -0.0104540725544381
-0.112165034319804 0.104095625804398 0.0681667828886672 -0.0723824078297709
-0.140864224979277 0.0755158993524861 0.185959018827822 -0.10998075151741
-0.0537297111470891 0.0348140134718649 0.32493934140968 0.0588385971328682
-0.0299133126453935 0.0459829181639982 0.200511954560154 -0.0468887331728706
-0.0100310647904233 0.0263589543949588 0.0670741005285671 -0.0101856739143088
-0.0159312475753051 0.0313634162235654 0.00384552912189327 0.0720083524033077
0.00919086156622539 0.0475641756266293 0.0893639976778916 0.161986616516089
0.0354321482873735 0.0450427110554275 0.193706076552468 0.134410955498612
0.0550164420174356 0.0360559554930731 0.232662860000131 0.0892075356716839
0.0639527563846331 0.0319214336123551 0.235770801780651 0.0645623281357587
0.0635173907634542 0.0356093428731572 0.203205406068416 0.0652024779381777
0.0494259808693127 0.0479818489835486 0.142013624408224 0.0730419636360784
0.0101731523605937 0.0649528171794481 0.0742842340204149 0.0822710311484591
-0.0308910930658588 0.0434206699077064 0.00850827490114031 0.0455664273094088
-0.0167113149831343 0.00670384915293099 0.0350829701568645 -0.0156645167886643
-0.0159806981251869 0.0350923468465736 0.0854134230308547 -0.0688371886931656
-0.0329155373296768 0.0549111658538193 0.22024290813693 -0.104868157427267
-0.0532147919069465 -0.0223876565417335 -0.246229028119888 0.101748677703955
-0.0643366601196407 0.00999621842368539 -0.102637323355577 0.104400359125325
-0.0295820244320035 0.0492960602595172 -0.0284098107240551 0.0505318963270478
0.0250492455489046 0.0365024454955343 0.0293494162680425 -0.0272267619102003
0.0325851229820205 0.0161476386688553 -0.0417870095896055 -0.0961642726621382
0.0303699715805209 0.000215372773565629 -0.127707259587908 -0.0911641527096655
0.0234906397468473 -0.00640167961018548 -0.193800853783671 -0.0696989239032122
0.0293493694725792 -0.00190670375744785 -0.237449720914569 -0.0586695430473602
0.0327792415999105 0.000569958695341623 -0.239859909207178 -0.0623753504611907
0.0520236179104842 0.0114887767827958 -0.198723530478213 -0.089743217302734
0.0588363848959767 0.039603790522447 -0.123203673543834 -0.112147311385219
0.0333366900690854 0.0758792057500921 -0.0353283273831036 -0.0625620441861436
-0.0523871250554821 0.0963820471402662 -0.0817260174338468 0.00995453286577856
-0.104975981391412 0.0277534165547958 -0.18007898238078 0.0319981064224479
-0.0855582109160024 -0.0246870109094961 -0.302338942005378 -0.0223918327690174
-0.145255411928931 -0.0195726975507046 -0.225213158668822 0.102055805225792
-0.142199553784989 0.0390592444011531 -0.111578956717574 0.0893772036708986
-0.0877800973002151 0.0955765076011002 -0.0434649623024754 0.0683641433002992
0.00774134785750569 0.108401043547561 0.0359515456657026 -0.00846749254552722
0.0632071253687311 0.0913192000201505 -0.017529122169196 -0.0812251921999296
0.0957736094055661 0.0538528876177859 -0.0969071850088931 -0.0919927415224256
0.102605797751471 0.0248026807040748 -0.168008340614422 -0.0728488064403776
0.119773802450763 0.0217519184092422 -0.205904854061563 -0.0594346720226413
0.121933360540978 0.0284925824791707 -0.206798086255812 -0.0511712371847056
0.143203466983729 0.0586127156218915 -0.173549556269254 -0.0637782517603185
0.131191111035082 0.121140783525381 -0.112504399672651 -0.0796448578302857
0.0629247416669804 0.178962222540616 -0.0285901187761048 -0.0374159068781053
-0.0837164788275996 0.210929898194805 -0.0713571526800261 0.0295849843944333
-0.204663630396951 0.121223582477032 -0.159216271714027 0.0383229126714456
-0.203928110728339 0.0182509712577079 -0.258349328802309 -0.0217842487434606
-0.225543559493839 -0.0195304267912124 -0.168511849443816 0.105504806214795
-0.218748815547919 0.0644488017193749 -0.0976873314447899 0.0698458197038305
-0.150604360145848 0.138988017573203 -0.0545830065748005 0.0782297717362669
-0.0203685925835523 0.180987118966638 0.0304636890386792 0.014947675172125
0.0834087918500095 0.169207085301764 0.00437969073155786 -0.0462898124281497
0.150141637851595 0.111814411862917 -0.0507616452046375 -0.0712477963203521
0.169368626512371 0.0584317393163724 -0.115506910300078 -0.0615203119295367
0.19080586091179 0.042648868929098 -0.143387267658614 -0.0510871097811464
0.191572765834841 0.0486727914544171 -0.142062771889663 -0.0366206250467556
0.217267094039062 0.0874747069650886 -0.119699347723721 -0.0360687156241698
0.19799044794632 0.176798343273136 -0.0821462465876234 -0.0427313558980505
0.103569016019543 0.254323473402402 -0.0145410743969541 -0.0154601899125009
-0.0842199574280579 0.303417497423241 -0.0469064914459512 0.035754940995456
-0.260336028910014 0.207534377268065 -0.114240421743485 0.0275550250283181
-0.284907424042185 0.0665876530832036 -0.178470525715367 -0.0336497497849777
-0.279771646643218 -0.0153156153604578 -0.0753521175447895 0.109716557138401
-0.276268779082233 0.0907180946098612 -0.0520161249208638 0.0486616874205082
-0.20054902877562 0.18010157767834 -0.0504535428195253 0.0772837023608202
-0.0428578225043558 0.242521736882501 0.0195834293833822 0.040077428067944
0.0977709039444192 0.231570672586506 0.0260617238962576 0.00741114485707758
0.186983563344794 0.156408142130035 0.00780408427010811 -0.028952306235781
0.212323289307535 0.0843708725362252 -0.0419739644376136 -0.0348344595073319
0.232111750789829 0.0579968970421696 -0.0581247552501702 -0.0338153792518407
0.230858262860494 0.0611548143485813 -0.0576769953733771 -0.02119988912384
0.257919932523728 0.100742949408888 -0.0470951646677045 -0.012730053887907
0.236336251853962 0.202202933759359 -0.0344713761070614 -0.00988443622030001
0.129777726424811 0.286382020341655 0.00482034934954898 0.00265289267689127
-0.0673667648798283 0.343423890943884 -0.0174639445143378 0.026564963753425
-0.269233024497976 0.256448093640296 -0.0591393908157464 -0.000916782419174462
-0.314398503628385 0.101679688552345 -0.0783086131034121 -0.0573063813551746
-0.291215802370882 -0.00382898074097675 0.0425190834628009 0.109608791803627
-0.289570737792966 0.111880635831938 0.0211701074508916 0.0249674456303245
-0.21225064030722 0.201455643902731 -0.0272331664787465 0.0666084043957164
-0.0500513690219096 0.266178594766488 0.00966804758518179 0.0649004134026559
0.100457430731537 0.252594856320208 0.0492224800656158 0.0714390170086261
0.19691392721121 0.172589480911587 0.0718445976565532 0.0260285522339011
0.222962624358639 0.0942065889949181 0.0428772829008049 0.00126465197255123
0.237606941492536 0.0645191513091199 0.0357436583776239 -0.0101176860999677
0.23217084113116 0.0653518796545783 0.0320743777060466 -0.0040383770439761
0.252981669234549 0.102274815130937 0.0275515802240393 0.00568395536101324
0.22615192298345 0.197685880915852 0.0181107468941823 0.0174894223239054
0.119053429493358 0.269369475942698 0.0226574118256467 0.0165653321188205
-0.0541626706642502 0.312792595186995 0.00927038050980712 0.00964843581864832
-0.2394132910644 0.246448218526792 -0.00605379996310324 -0.0364544655445509
-0.291537212777491 0.113812784995606 0.0249546329219223 -0.0841207997378841
-0.252072560881828 0.0151903691217666 0.163077163164396 0.0998283818695401
-0.243680945616051 0.11559822069068 0.0997318025420411 -0.000854879523431211
-0.169900429651525 0.181997357837897 0.0073890312300369 0.0476838099206961
-0.0384893463274635 0.228935985243138 0.00534984196340219 0.0815130964860344
0.0875680377179941 0.218621227045056 0.0719387118763587 0.125252476205808
0.171623220233908 0.152302276103372 0.131223407497213 0.0771695747076335
0.19788235278018 0.0850338403032067 0.125083234982613 0.0377488484616862
0.206902476313386 0.0605291193005038 0.122968070932066 0.0151672073368571
0.199993819695475 0.0638423183208612 0.110971081312662 0.0142716900288388
0.206705997529969 0.0950946884582166 0.0889832990617142 0.0230379827974583
0.168324822460836 0.170958150172704 0.0579295675441804 0.0402432810266892
0.0701961101783413 0.212536662247249 0.0310899023225472 0.0290110567991378
-0.0512438017778063 0.224238653229023 0.0265655676484008 -0.00532764859403545
-0.181009863832177 0.186107710442694 0.0353450097004527 -0.0633370944518327
-0.225407523353527 0.101799213797337 0.113343177720765 -0.104733024103623
-0.165999944410559 0.0312860815655812 0.261632251666952 0.0767667022147882
-0.144414751696329 0.0950712104361001 0.160414395113075 -0.0270790438650656
-0.090516242009525 0.118444460827845 0.0420877220470679 0.0215255570658134
-0.0212108604904249 0.140265090222978 0.00688016731218462 0.0828268694088191
0.0576867807523176 0.140207788379827 0.0890709226535901 0.152575475146585
0.114749080152413 0.102210982714076 0.174109270335555 0.110471598045197
0.138616976856463 0.0609997788762892 0.190813123909847 0.0647082217647588
0.145723040634902 0.0473123469171551 0.192704286079699 0.0362304420630765
0.139449052543066 0.052304856545091 0.168931000943944 0.033986525470629
0.132600432997291 0.0768861713187301 0.12611883072867 0.0426428123572007
0.0881617604810048 0.124331303573772 0.0764230933194715 0.0605195072402306
0.012057507604761 0.132275079080722 0.0257858799259005 0.0390141615159933
-0.0432543279632371 0.109648209001819 0.0327879622561315 -0.0135773196786231
-0.102178387214726 0.105273358501251 0.0619175860841245 -0.0736068296893626
-0.133062272715228 0.0775216336461184 0.174734994546985 -0.112810013310675
-0.0507028427162675 0.0358276569283175 0.316662899963678 0.0440531539932242
-0.0262570969267782 0.0454428844878063 0.192090427778979 -0.0530014547952827
-0.00923768631272018 0.0260408404652987 0.0647426903626095 -0.012345173148191
-0.014630633888629 0.0314209251500534 0.00695181590915088 0.0700182663977238
0.0110117477618909 0.0456891168818258 0.0954428827421328 0.152326237524534
0.0367695263369248 0.04213867454899 0.193383255806355 0.119887205619076
0.0560780392265912 0.0316688028069692 0.228618972536523 0.0758732039061653
0.0634447618490062 0.0273998759125106 0.231755098408472 0.0524227004852169
0.062945378040738 0.0309973585887798 0.19922844405845 0.0535463464675544
0.0491857931778517 0.0437129495911438 0.139920473492526 0.0635840398613856
0.0127842030325031 0.0626005037590073 0.0757325146463543 0.0759003581085426
-0.0274408296073833 0.0439194766774925 0.011060832745491 0.043448660227418
-0.0163829842565929 0.00677321817095405 0.0323525449728621 -0.0184083687284212
-0.013698754506485 0.0344946760927442 0.0784350849175671 -0.0691572692300063
-0.0289902191836518 0.0533972718185303 0.207603674192304 -0.108645439263631
-0.0552811255653455 -0.0136618637894471 -0.216842590774534 0.122543910559135
-0.0593701757938042 0.0169930878594755 -0.0826714903149576 0.108054407298145
-0.0221148893485139 0.0501350643704778 -0.0186106439073677 0.0490737455109772
0.0267856591414049 0.0315142083022025 0.0240233976315191 -0.0317152281037624
0.0320311501036405 0.0109887186491877 -0.0519250166625497 -0.0860234265910957
0.0274476136679149 -0.00255575125805134 -0.131600641504022 -0.0731712094944245
0.0196108551100222 -0.00790251972353328 -0.193201608945058 -0.0459674736928153
0.0276407753542736 -0.00461777652447114 -0.229611760623977 -0.0279148292297601
0.031374665283682 -0.00198451978295971 -0.233376978759526 -0.032647986242604
0.0505124010925728 0.00599629777989023 -0.196075200218387 -0.061611768215954
0.0599731278600242 0.0311807801993726 -0.127166305492033 -0.0936120278582637
0.0384186285082425 0.0673443964120885 -0.0389804109224839 -0.0557408764542572
-0.0354777215406465 0.0970406455121458 -0.0756601783685301 0.0227045515523131
-0.0920543312127593 0.0400651839068114 -0.167954205931537 0.0534357921299946
-0.0821716022822285 -0.00890917203706339 -0.291882985059251 0.00988374006797559
-0.143905707867114 0.000953516361790066 -0.189399157595121 0.11962150991224
-0.129969504352358 0.0521342806868574 -0.0909454645565585 0.0933477018190081
-0.0711454610541884 0.100748283856494 -0.0270303291144952 0.0659932600699982
0.017978571538195 0.100787352243586 0.0342329142914271 -0.0166984371637677
0.0696393131890142 0.0787715800629579 -0.0264653958307551 -0.0784015385208195
0.0946743741149334 0.0407492834434708 -0.101883824145367 -0.0807767719992839
0.0971637138010213 0.0127378618549292 -0.167420660139967 -0.0540297714234568
0.114667228436375 0.00676846852111324 -0.200340290242879 -0.0324742906452849
0.11889227038338 0.0146380128933428 -0.198906261774439 -0.0266045555260144
0.140858683022784 0.0389316516844598 -0.166787527594936 -0.0410046829644753
0.137861918742397 0.098151796423822 -0.111268696047865 -0.0649328470613886
0.0780576182013983 0.160012954649969 -0.0266242943284965 -0.0328519387793108
-0.0516985488950554 0.208145958136346 -0.061144091867902 0.042606218618622
-0.174167439318944 0.136619605247317 -0.149864655908603 0.063336319939902
-0.18663238758559 0.0437730040699536 -0.253718662890489 0.00726229021082448
-0.222012494920307 0.0103787404990558 -0.12902282614765 0.114640719524493
-0.198690151967756 0.0834893014455819 -0.078067376175044 0.0735884011022515
-0.125782691869556 0.148891838217001 -0.0340897396592237 0.0750493824099658
-0.00121083354115159 0.171277749978868 0.0341289047688788 0.00445497332065447
0.0967082872590945 0.149111593709265 0.000157640107938477 -0.052181166907296
0.15214177936314 0.0884887258990844 -0.0557426126807194 -0.069682009601136
0.163705440110503 0.0371992723851461 -0.114467314048183 -0.0510954750255871
0.184896989729061 0.0187883454780011 -0.140002395612365 -0.0316364958706395
0.187228270939887 0.0255758834281581 -0.135250335499737 -0.0206156638409817
0.212456571714992 0.0577577409971255 -0.111261144611715 -0.0225684144151618
0.206790949222347 0.141459467075846 -0.0763583113786752 -0.035407487605718
0.123822314642775 0.225236425956656 -0.00794867161720786 -0.0128985145304759
-0.0403491532768159 0.293302010093897 -0.0356547682380743 0.0467154568028293
-0.215255863936547 0.221278013847499 -0.109752514356282 0.052852244638003
-0.255311526559241 0.0963112458222351 -0.182247301430676 -0.0118212879322299
-0.273311040904942 0.0206978355051557 -0.0361270518063968 0.107113670519519
-0.250040946587131 0.11350894997049 -0.0354059111405424 0.0466652471188548
-0.169126989135905 0.192649382502985 -0.0272702805340475 0.0725476268782112
-0.0166136135896676 0.23227284546284 0.0286005419143439 0.0283749965577957
0.116418295433043 0.206446393908022 0.028254002194635 -0.00616837033018073
0.192541129373662 0.126557992350191 0.00444298379329813 -0.0387809553855237
0.20763677472469 0.0566102138513855 -0.0405841993438996 -0.0347423308545736
0.225844868578239 0.02901935705527 -0.0578536162029527 -0.0246604944825801
0.224939351149931 0.0323070545290226 -0.0530248268020675 -0.0155359880415565
0.252160576731075 0.0656147870686696 -0.0399179870147298 -0.00971793354320952
0.245744774593235 0.160826839614234 -0.0260186300613445 -0.00961804240007557
0.152858624696981 0.253063744806011 0.0139631658240787 0.00165573677328231
-0.0192219226202671 0.328505560674329 -0.00715860146355002 0.0349818348019799
-0.217994509601062 0.26687320186377 -0.0604746917548791 0.0213366261381034
-0.279161635026488 0.131498311430325 -0.0902735755418741 -0.043917622702862
-0.282290979995637 0.0332831717687178 0.0765634817023984 0.0935032631486712
-0.261356997105919 0.135300311122779 0.0319869706230637 0.015457409194393
-0.177792794656919 0.213939775197936 -0.00618899359486417 0.0585130346629288
-0.0209622544812149 0.255526648283912 0.0232753173937386 0.0524353565434767
0.121190652569063 0.226761333008052 0.0587159814036917 0.0500678890160128
0.20321478319857 0.141466156844274 0.0714051757678085 0.00552014029046845
0.219923641703619 0.0650994089176492 0.0458131147666803 -0.0093441259280447
0.231306394722582 0.0344759212871998 0.0332330874221499 -0.0137955784814816
0.22788730941986 0.0363243197096431 0.0330306193741272 -0.0100916259258772
0.247344978975088 0.0669690899979951 0.0331148074017459 -0.0014060666171981
0.235382371939857 0.157111000789706 0.0263614916841405 0.0104067429410916
0.141010899884219 0.237325372885094 0.0322589260743663 0.0134189530959915
-0.0119312377677016 0.298584951861461 0.0153620227681833 0.0145609205587588
-0.192228839350579 0.253417737595978 -0.0138638965771622 -0.0191054323652027
-0.256967347063544 0.138124311943102 0.00567624063013594 -0.0795138087516808
-0.241276233002485 0.0451405165708262 0.186237668029716 0.070144420594494
-0.216697559747803 0.133408875105377 0.101592795117193 -0.0172121118917382
-0.141300288590162 0.191191322338861 0.0224201805441071 0.0370515951522799
-0.0143744519053208 0.21930478488411 0.020566340833824 0.0706210880367632
0.105748610310424 0.19720791693731 0.0872386872354519 0.099392176216622
0.178483467909435 0.124754295903984 0.133532060845193 0.0486273211201565
0.195451656348411 0.0584220105407091 0.128508850442422 0.0175437291801632
0.202712682569634 0.0340874749143537 0.118802791053605 -0.000283418474122925
0.196226183252234 0.0368479827024145 0.110073043725443 -0.000565028109970683
0.203009373865183 0.0647268092065268 0.091272976406114 0.00876984007636802
0.177278825191037 0.139130761904269 0.065633743513007 0.028681138786119
0.0889427496220758 0.190562082425499 0.039847164190868 0.024448787934245
-0.0200368724307854 0.214287465217162 0.028464660553787 -0.00351597351168782
-0.145450401602497 0.19090395601389 0.022552327623238 -0.0525474808059911
-0.197700330054133 0.118330816861193 0.0895460376914673 -0.108524341150587
-0.155623522823369 0.0503541506920726 0.269488071461078 0.0391910781473098
-0.125304136954229 0.103459489498468 0.153450421183777 -0.0472638956199614
-0.0726993425556704 0.122004285582597 0.0483174192557155 0.0101996302391081
-0.00634011973687512 0.134507727078578 0.0203271865834642 0.0746141028462198
0.0684201977043185 0.126354139207028 0.105696802867511 0.126623021792875
0.119914975073406 0.0839646416413698 0.177639617629736 0.0786173875386875
0.137761825981594 0.0424081981068982 0.193178263152686 0.0372878375814542
0.143433027657831 0.0285081199670253 0.18608907399659 0.0119074045947872
0.137644074488228 0.0326583876712299 0.16561625479066 0.0127270259904879
0.130933859292883 0.0556589955653022 0.127460954898131 0.0244857884032573
0.0966045214996257 0.10525332625207 0.0833823350026353 0.0467886672774473
0.025588503929974 0.121274598554817 0.0328793598483961 0.035684619187945
-0.0271142527259572 0.107174648921359 0.0306592581056314 -0.0146166115565665
-0.0834661663555932 0.107263485653135 0.0475572529810949 -0.0690168125330122
-0.11493614778651 0.0841004628921119 0.149655950606653 -0.122941928695666
-0.0424081381956913 0.0399064753343248 0.309787437294109 0.00373456467650005
-0.0193404456346943 0.0447029747577097 0.17678945143221 -0.0728551466689906
-0.00639260959953429 0.02520914224735 0.0611547683250442 -0.0208257801621692
-0.0106921339478935 0.0310927058953639 0.0169075765081635 0.0649126923117769
0.0147114383463355 0.042454993452548 0.110596461069055 0.130460480165752
0.0402598390501091 0.0354978354892139 0.19679246633556 0.0900519729766079
0.0575068310172777 0.0234601144720729 0.22982524481564 0.0469493614252164
0.0631353123051135 0.0188662154848174 0.225042442749261 0.0219443714679307
0.062065286697034 0.0212912976308021 0.195249415225366 0.028536608073066
0.0495771984888789 0.0342068870398978 0.140087080980293 0.0439902171591295
0.0190581573589328 0.0566927122389564 0.0817450706336287 0.0632450309630835
-0.0198337184637617 0.043779429731769 0.016216857846141 0.0418962601238121
-0.0154017828793657 0.00824114109206897 0.0273701407775295 -0.0215068585666622
-0.00949920836958789 0.0323311495567365 0.0653312301905345 -0.0718790205274133
-0.0215451879686986 0.048866778397185 0.184081267153931 -0.123081527497356
-0.0524814937600958 -0.0140240620630725 -0.209118713151389 0.112011436583625
-0.0564335195259932 0.014754413312562 -0.081330386501313 0.100362397118777
-0.0208032840508665 0.0473962031528129 -0.0179817769828728 0.0468959949719244
0.0252026712484641 0.0299711960628915 0.0229071097861847 -0.0301156892273674
0.030435374068306 0.0104523216504878 -0.0486172639151281 -0.0823725652453807
0.0259106614913414 -0.0024671833441189 -0.123473236307065 -0.0714939065591206
0.0183401325331269 -0.00663511602684475 -0.183750395693258 -0.0469020495186106
0.0271415572425443 -0.00415462463754472 -0.219509360968489 -0.0295023151488834
0.0303019633630595 -0.000915130294192759 -0.221701522400336 -0.0342739354772853
0.048216555390264 0.00681251196275197 -0.185928349462431 -0.0616372692530441
0.0568028521172963 0.0293326055387822 -0.120583818866986 -0.0905077699471615
0.0358781259283014 0.0642700962363508 -0.0370479992318809 -0.0551850098855462
-0.0348477116677604 0.0922383247959306 -0.0733858016338058 0.020901590221258
-0.08844169903824 0.0364217847132982 -0.160323043063627 0.0474359048845337
-0.07885370291719 -0.00991099802934922 -0.277949985370066 0.0021774798199087
-0.138182987360796 -0.00153616207779166 -0.184323566522275 0.108615909155202
-0.123546840343034 0.0476038816639182 -0.089159730351372 0.0854644022693847
-0.0685147398719697 0.0951618660023622 -0.0265037668444856 0.0629142148272147
0.0156902691063836 0.0957285376731872 0.0319250155709004 -0.0154438287153895
0.0650723675101464 0.074920573096529 -0.0238147345921343 -0.075116571591857
0.0895233328394457 0.0390502446901903 -0.0954802036262366 -0.0784808088693431
0.0928619329308169 0.0142651020779818 -0.158696005744417 -0.0536848683162166
0.109456486695395 0.00773488442369164 -0.191916124046107 -0.0325065410971553
0.11407419740942 0.0162043499209612 -0.189499603598486 -0.0280946976283633
0.134367811897015 0.0392573273608474 -0.158317654571965 -0.041844447998838
0.130283798747461 0.0937065490096214 -0.105117147998794 -0.0627789583187806
0.0718961196755866 0.153573525758583 -0.0252742249524313 -0.0321322656350603
-0.0518540696313311 0.197830807569087 -0.0601607204168598 0.0396645793814017
-0.167428259120399 0.127364668861203 -0.143844129402331 0.0560325734516542
-0.179575632328957 0.0378453218829447 -0.241926891610121 0.000916988528529535
-0.211400004649158 0.00675590416099118 -0.126268664630686 0.105336023249463
-0.189307484130651 0.0758004660440571 -0.0767984965837423 0.0661852249334617
-0.121268792681064 0.139850381609132 -0.032242811812565 0.071523050514084
-0.00330741928636115 0.163218112948248 0.0307496585584046 0.00443587803887336
0.0904678880596946 0.142331571964814 0.00158266889368664 -0.049184362512634
0.14404985144608 0.0852403403489442 -0.0522235656823208 -0.0680611032301876
0.156671236402555 0.0376518445642719 -0.108952377265346 -0.0496705584623473
0.176683098266937 0.0203131594306201 -0.13394427451564 -0.031517634065841
0.179805358421095 0.0267714712503979 -0.12958655945389 -0.0214635271800816
0.203324236443045 0.0575113014270305 -0.105650951716895 -0.0235369263544442
0.196582667991266 0.137065703033705 -0.0715761120801818 -0.0335776659566077
0.115978195352682 0.217023622712535 -0.00762105871697727 -0.0134654436551916
-0.0419845361475217 0.279524040845966 -0.0357793611722094 0.0435575565652917
-0.209229641970322 0.207937312968344 -0.105820837439053 0.0466197361990134
-0.246664622161146 0.0863218655262583 -0.173623210025022 -0.0152292301594509
-0.261026021601047 0.0155283340157226 -0.0381305645544708 0.0997169890188951
-0.23937029566608 0.104159198811045 -0.0357331056005426 0.0417437163765371
-0.16306819455636 0.181838091088721 -0.0256060815765395 0.0685437047187978
-0.0190241409240802 0.221914876914113 0.0252929044882345 0.0278052695996654
0.108977944649784 0.197869559975739 0.0282734369078439 -0.00578842411629259
0.182037631299579 0.121754288061803 0.00455534618193308 -0.0386595930683269
0.198924855911404 0.0570162677415925 -0.0383741803912528 -0.033363796077883
0.216186555175695 0.0308304929652952 -0.0555355770237248 -0.0238664125370765
0.216753330247642 0.0340096472488049 -0.0516580869846437 -0.0152929520662844
0.240730414986569 0.0652220554092159 -0.0381204338208992 -0.0107445735467213
0.233381415405315 0.155138576371136 -0.0239798011945309 -0.00864343040042494
0.143327953679406 0.242996098280706 0.0134458546288874 0.00120952992298981
-0.0232083650213773 0.313297729045986 -0.00869362146417606 0.0325624631224846
-0.212344573073069 0.251469215845339 -0.0591830137909491 0.0175726083650937
-0.270101804875842 0.118990908295601 -0.0855939622965685 -0.0437062786751064
-0.270257447202826 0.0273477223976509 0.069240688521757 0.0889613325502269
-0.250318557791174 0.124338283053827 0.0282531928667041 0.0130232020430832
-0.172522935571527 0.202044051201658 -0.00509553486723698 0.0552147951721506
-0.0237542738476814 0.243874350374914 0.0197058307651219 0.0509866019336828
0.112649901979003 0.217967886303924 0.0564765988751144 0.0477546111859969
0.192861912505382 0.136371554847398 0.067993341030355 0.00444052282750453
0.210156099174882 0.064639067047146 0.0429514050185178 -0.00812914392721318
0.221678686883052 0.0360535943589413 0.0322810462592298 -0.0120323039882143
0.218459117069214 0.0375275407270825 0.03153660708758 -0.00873709249735645
0.236016568547383 0.0664075394896423 0.0314699907879616 -0.00109483566193947
0.223420716124881 0.151953618869698 0.0260170330532446 0.0108620731395955
0.13278128029584 0.228801538277129 0.0315552027250465 0.013005839652288
-0.0152784099785291 0.284075558021004 0.0125792995286705 0.0128602966894183
-0.187198097466983 0.238372253688495 -0.0141609845575948 -0.0197864490997292
-0.24935918712291 0.125612696821301 0.0066760105218737 -0.0753622413784975
-0.231237732792772 0.0390713099813451 0.17511065110396 0.069382521516222
-0.208141370648106 0.122941976796512 0.096274185887184 -0.0160839510878646
-0.137228394999832 0.180326104908654 0.022105983583938 0.0350603431059755
-0.0171460036543641 0.20994399452207 0.0178424511695867 0.0682961670414964
0.0989129158353236 0.189178615121537 0.0831986425699702 0.0954520335804729
0.168112085055813 0.120250107789713 0.126477142364352 0.0470787661027881
0.187000253145427 0.0582541629585435 0.122027560217723 0.0191003084824958
0.193918380196105 0.0354899999291215 0.114165221263194 0.00180778338915083
0.187655798136503 0.0380887584411931 0.104646321498494 0.00089328996420416
0.193337967975196 0.0643918256988795 0.0871607785973938 0.0088705504230937
0.168677234700787 0.134491500596612 0.0634584100886123 0.0281726082570101
0.0835796596378841 0.182706919883876 0.0383743435121889 0.0238782866652037
-0.0225830452114682 0.204107437027546 0.0252068376191373 -0.00429472069283704
-0.141804956525253 0.179422565289308 0.0211895910266875 -0.0503145606819949
-0.191944787504333 0.107570911473514 0.0871224907870543 -0.101132992501339
-0.149197889999395 0.0450332828007173 0.256264705495178 0.0422403732063334
-0.121117809448463 0.0959894216392603 0.146864809549861 -0.0428951107121468
-0.0714163614935407 0.115534211500708 0.0471259478845175 0.00978925718157317
-0.00828898146802765 0.12867433178338 0.0175256917845944 0.0722563495114247
0.063577077214921 0.12143920873271 0.100449969392957 0.121944737836524
0.11336135453202 0.0813003410250963 0.167893076986756 0.0767529253367397
0.131755123065447 0.0418078897651353 0.184259524664654 0.0384162829097564
0.136492847217146 0.0290677585937581 0.178329517456798 0.014387010703471
0.131475417888096 0.0331498094643822 0.158021440990637 0.0146198022107691
0.123931550992679 0.0547708518051745 0.120862643445016 0.0253455708228023
0.0913912460374352 0.101375669381486 0.0791066997380054 0.0458103451394827
0.0237453906924112 0.116137534976972 0.0318409378320695 0.0343967990448144
-0.0280914766098854 0.100929892766108 0.0279894952273243 -0.0143043402642663
-0.0808660729671497 0.100744218748085 0.045820950341606 -0.0649395857217121
-0.112129180929769 0.0764197919209199 0.14545315999879 -0.112637166363832
-0.040751821785991 0.0369905489420198 0.296594338691826 0.0102624022588695
-0.0191295275557202 0.0415910393407273 0.170862816569858 -0.0656144996695558
-0.00638424837736468 0.0241148789956239 0.0594617748546822 -0.0190318413362276
-0.0107924573896745 0.0297761327192327 0.0154962807614732 0.0627438306437497
0.0135983173202066 0.0408769207257049 0.104574327557821 0.125456256329263
0.0379045478961728 0.0341448350767721 0.186280632804043 0.0880231514742384
0.0554945424986249 0.022308574290341 0.219264628824364 0.0477018467165001
0.0599680465306751 0.0188599001392686 0.215272395301478 0.0239244124034283
0.0590468666832218 0.0211038825787522 0.186821973275407 0.0299454600653124
0.0462440281630923 0.0333988478095627 0.132699759162624 0.0435052147863687
0.0176897564656881 0.0544089942338774 0.0767472442509747 0.0610783709844979
-0.019331032062592 0.0419707001658153 0.0158964680072413 0.0401381252231005
-0.0152567307189015 0.00716542880726387 0.0257765851164088 -0.0214447572362877
-0.00961531144627045 0.0304262699562687 0.063349242770705 -0.0663655944731924
-0.0214989874418785 0.0457554896067448 0.178305520453181 -0.111922139880333
-0.0513206542953915 -0.0158238481598631 -0.211751434555563 0.0993398980079531
-0.0561787723002541 0.0125993808891734 -0.083800512425217 0.0940939866795057
-0.0223863631834744 0.0458303222934731 -0.0190341198155171 0.045583711778712
0.023524993330633 0.0302278468520704 0.0235482788957917 -0.0289678848045708
0.0290723267522496 0.0111622108406715 -0.0445626974203316 -0.0819987319148011
0.0249904677428829 -0.0015759004655163 -0.118193917472439 -0.0752360427249657
0.0179779738950123 -0.00503033749941987 -0.178925626260184 -0.0537284283420428
0.0268432123342281 -0.00346338299602889 -0.215483464926232 -0.0366045861680433
0.0307698896655258 0.00109905834356258 -0.216384410942398 -0.0424724003957138
0.0475895677127448 0.0086069514620924 -0.180729912722039 -0.0679713706893092
0.0547013826849548 0.0300507539231359 -0.1155816301306 -0.0931352090930785
0.032763187966278 0.0643365397366148 -0.0350836950416914 -0.0558331841149665
-0.037299773199606 0.0891390814772675 -0.0734519981252125 0.0185241225715879
-0.0883634908615807 0.0328479252706755 -0.159476484029765 0.0377438711276116
-0.0776549142273671 -0.0129524240325421 -0.273462188325435 -0.0110637763497227
-0.135494532767976 -0.00712510631141537 -0.18687552270773 0.0978207567896596
-0.122283071806743 0.0412709088552272 -0.0919292535942149 0.0795651233675401
-0.0700801716849873 0.0907643319612088 -0.0272794812919473 0.0607818730664798
0.0120440007455653 0.0943682584542157 0.031174693914399 -0.0140152543560198
0.0613214055095299 0.0751484235459144 -0.0204810911174242 -0.0737054994777885
0.0859655266471532 0.041335307820854 -0.0910883568013732 -0.0811130484038894
0.0909398753772938 0.0173410457674052 -0.154606708513283 -0.0589399948111383
0.108145459482087 0.0122364760369988 -0.187906013438868 -0.0392183411041366
0.112973370438306 0.0208277512608412 -0.185953827855546 -0.0350443024506689
0.131286395258083 0.0441283715374617 -0.153881753871255 -0.0476610589689606
0.12501842257336 0.0964067478017116 -0.100539868115782 -0.0641989400373255
0.0646568046806877 0.153368137290488 -0.0240021819707465 -0.0334426315669197
-0.0578715130431594 0.192246386236148 -0.0618311684577554 0.0364393563452366
-0.170515946551475 0.119210360172559 -0.144158557675681 0.0475331022506976
-0.179540741817942 0.028624573070132 -0.238290926462723 -0.0100321097661351
-0.208507762578408 -0.00189253855166974 -0.130592549308862 0.0967612743098758
-0.187795928296341 0.0670681365006721 -0.0800302130016698 0.0603416900400315
-0.123098894918441 0.132519024139125 -0.0340752855026794 0.068826016549084
-0.00933041490586234 0.16002594358493 0.0291839695125889 0.0061990986034473
0.0841317337212985 0.142006666701208 0.00362123464124463 -0.048265189854841
0.138017689466665 0.0881320682702658 -0.0488556161326264 -0.0696330860703938
0.153378530302609 0.0428046729506471 -0.106102871043757 -0.0525632170371803
0.173762909312276 0.0263860381973759 -0.130978000470105 -0.0349698919345998
0.177587967740822 0.0339765738532178 -0.127166281997727 -0.0265652391264955
0.198751900437089 0.0644652900744232 -0.103333953652444 -0.0277870687994912
0.189211211385282 0.14078583926411 -0.0684771734767371 -0.0346040411182186
0.106625837403397 0.217395226252002 -0.0068511457392565 -0.0138356264423243
-0.0520719473951236 0.273734769333347 -0.0384150581591416 0.0410050785299466
-0.213567964985887 0.196563513138085 -0.107225339959047 0.0400704349596886
-0.248019141323292 0.0740892434643375 -0.170439103984832 -0.0235553257312381
-0.257631768187674 0.00476989373918243 -0.0437473819637113 0.0954623869302577
-0.238240758947735 0.0918515071339484 -0.0390040482795817 0.0378329373014455
-0.166388902187085 0.172159535459332 -0.0278153052572279 0.0664842441405647
-0.026686081145876 0.217072922353308 0.0228585422346297 0.0282569734865338
0.0998423116067669 0.197943764169394 0.0285051102409372 -0.00453266799668048
0.174881841903372 0.1255848773614 0.00580415039465653 -0.0387322148666285
0.194669638281347 0.0630106340484829 -0.0377499583056625 -0.0334408317495175
0.21302419082211 0.0379672589120978 -0.0537927766541458 -0.0247647121231044
0.213261417680709 0.0424284051131421 -0.0504935166424352 -0.016772810536615
0.235022160407655 0.0731598607228934 -0.0373207560413482 -0.0123684663217435
0.225569066540374 0.160507394214391 -0.0221773386566825 -0.00830046383255661
0.132826225274922 0.244454535277943 0.0128842117818453 0.000757916658445859
-0.0350039988506016 0.306672190557697 -0.0121681540553485 0.0309480034524191
-0.218670347464103 0.238753870916722 -0.0601331443717438 0.0134652889858462
-0.272632198863913 0.104243873708792 -0.0828348410521268 -0.046711419097859
-0.267051969458038 0.0151657709563098 0.0627799760651234 0.0896774424753802
-0.250287110550525 0.111437948550869 0.0255671706274745 0.0122251002562444
-0.176824551069767 0.192103700590334 -0.00616940260802898 0.0538932774120665
-0.0326498232803823 0.239312579268196 0.0159017539487573 0.0514017954571356
0.103653353066747 0.217744933209551 0.055226721685904 0.0490812834783052
0.184911108368495 0.140270635191332 0.0661943161426473 0.00535411722806817
0.205834932498174 0.0705879186435122 0.042166131039627 -0.00531887780369372
0.21845018454576 0.0430477803120907 0.0321019458580908 -0.00964625629796355
0.215206689009493 0.0452024787280835 0.0311690014858882 -0.00679545647484813
0.231662902227853 0.0739657607300228 0.0306014512249912 -0.000442075765051727
0.215993102906508 0.156273305454059 0.0261429588988496 0.0125201940125458
0.122401152645424 0.229374527736834 0.0306409595532665 0.0131990907290696
-0.0255021637930701 0.278330680866706 0.00975989468777245 0.0126679177434512
-0.193302130982511 0.227363816338398 -0.0139222206122077 -0.0212427383390923
-0.252241823317241 0.111697836931607 0.0095617517885711 -0.0732663332598794
-0.228726332404326 0.0288628368241319 0.168278581723315 0.0755149469136881
-0.208879479788837 0.112215715156917 0.0941389707333193 -0.0135852179804162
-0.141668691281983 0.172402493573426 0.0215958558278204 0.0346016148094142
-0.0248856835158897 0.206248728141028 0.0135360933852275 0.0683648895596886
0.0904462853432774 0.189458400634469 0.0793454373665888 0.096615625411683
0.161255978783568 0.1243177720901 0.122404330096828 0.0500196884010008
0.182273116993482 0.0637279973413481 0.119303406451842 0.0240407795281859
0.191022064221234 0.0413991995517414 0.113172422675581 0.00636784618474401
0.185324380031544 0.0442357047605228 0.103553220029336 0.00554019065364134
0.188090848379869 0.0705734151354246 0.084962773469918 0.0122614078654478
0.162100275202404 0.137545373150182 0.0620915607860803 0.0305766105377448
0.0759165665976419 0.182051334083774 0.0372184478361976 0.0247945617116872
-0.0299008544354224 0.198624373491282 0.0227713987204915 -0.0044279947414229
-0.145987003395166 0.170878315918433 0.0218557446240976 -0.0487850352307155
-0.194886467033787 0.0965397065482775 0.0901408653211291 -0.0946614975008036
-0.148304863618374 0.0374869295182594 0.250501373525005 0.0523170703208534
-0.122348006130787 0.0883922278405986 0.145840630997671 -0.0371318948449129
-0.0748472198055315 0.110591083011951 0.0461985343298035 0.0110281130125721
-0.0138509485801314 0.126628781624579 0.0137943785729 0.0728751751896106
0.0588370345477306 0.121735332062233 0.0954436054126598 0.123077168413161
0.108458797825927 0.0841376263052517 0.162457143755746 0.0811651932364618
0.129227970677678 0.04603385077214 0.179782134178843 0.0455649152282857
0.13424982955416 0.0334328511242312 0.176411712781271 0.0207019189144187
0.128702204493556 0.0372368237165162 0.156035527013974 0.0211563238882553
0.120019507872848 0.058214874206381 0.117772765605991 0.0293065226870505
0.0870069190668225 0.102584278551791 0.0769136924522779 0.048021196961709
0.0189815176594123 0.114658220332677 0.0303204642266532 0.0347641672402713
-0.0317949061323557 0.0977733967808838 0.0264974851501144 -0.0143180739307405
-0.0837449287091885 0.0953328200713943 0.0471930054750168 -0.0618201745575822
-0.113860782939365 0.0692968871398809 0.147868693193267 -0.103610102104745
-0.0416427515495452 0.0337310895825275 0.292250426575093 0.0233529747094426
-0.0200666822145485 0.0395946993766117 0.171264270076125 -0.0577434813121609
-0.00760465193697238 0.0236075467683737 0.0595250730167853 -0.0166198446498746
-0.0121587032215307 0.0290665149996806 0.012536817615058 0.063168378636142
0.0125100111552251 0.0404756496763931 0.0987264638549202 0.126361516566996
0.036140774835895 0.0353433621089548 0.18055267569407 0.0938323984916082
0.0543437502184001 0.0238446142020903 0.214309861681771 0.0551953388604215
0.0588174817251178 0.0204143606775452 0.211774496341362 0.0315983313527609
0.0569615462167329 0.0228484548070138 0.183334712961061 0.0368438028082982
0.0436835489826008 0.0343271372976966 0.128644765604582 0.0484385357700637
0.0158977863400937 0.054495769637026 0.0729688239299896 0.0627919624368907
-0.0204347208845973 0.0403744413508968 0.0142282115766677 0.0403056549905249
-0.015592866143189 0.00635793815833453 0.0250059684222856 -0.0206559013801021
-0.0104601627849155 0.0291136037162766 0.0647313233560868 -0.0616338522473836
-0.0228280333582853 0.0432134541217788 0.179855989214371 -0.100358252612085
-0.0520569367691026 -0.0176227425535668 -0.221720548448189 0.0912166978402643
-0.0574535244078729 0.0112490706323537 -0.0904779882202739 0.0917036414092467
-0.02410559833135 0.0459070731620934 -0.0202002991019601 0.0468114247477463
0.0226412437831079 0.0313924366340274 0.0250219167225701 -0.0289333077986818
0.0290188480209681 0.0126944963649988 -0.0422092257850591 -0.0844629562753278
0.0250411475425937 -0.00109896029152051 -0.117952110492853 -0.0813900820198113
0.0185894884939051 -0.00419983340290387 -0.180880877608601 -0.062280810431685
0.0276793378006812 -0.00195217359087778 -0.220412098765605 -0.0455769317356704
0.032127784989954 0.00255646872241973 -0.220636686699916 -0.0518683474392038
0.0491648617816015 0.0109274157457677 -0.182433156042929 -0.0761950047804906
0.0551622744891262 0.031844205585862 -0.114844811066635 -0.0990268115076136
0.0305979493877082 0.0669331411232349 -0.0350298425453315 -0.0593700713572767
-0.0415139417290641 0.0901261950661062 -0.0763669208753197 0.0161144748331424
-0.0916270857644625 0.0300940644517141 -0.164827072243754 0.031047361488643
-0.0794508063811674 -0.0168655488532004 -0.280232769089296 -0.0244300792062165
-0.138651965084729 -0.0124823124567789 -0.197671423517824 0.0906245815321291
-0.12657536168059 0.0377413163202743 -0.0987868149837721 0.0767230671028176
-0.0741726149823706 0.0898259090476708 -0.0303128047689385 0.0617256067016216
0.00872203427598538 0.0963889689212055 0.0321618931631525 -0.0129713636292233
0.0598421880116941 0.0785441166930425 -0.0182408696852153 -0.07586239300758
0.0859675521861135 0.0448760971029357 -0.0898915320384292 -0.0873191881685521
0.0926848456731482 0.0216390573115516 -0.156367016743086 -0.066081439389285
0.111101753410113 0.0165656557920877 -0.192277260634675 -0.0465376343738062
0.11571303908565 0.0259895528005503 -0.189624230492607 -0.0427704349537011
0.13338150937136 0.0501778749899772 -0.155972402510232 -0.0543467695176814
0.124713947958868 0.102403164052883 -0.100204706646371 -0.0692105814109127
0.0615122738956469 0.159264479795564 -0.0241809596511694 -0.0355905849937303
-0.0664909204924589 0.194716526067957 -0.0656857907849619 0.034810520396187
-0.179136778331035 0.115637637299821 -0.14970008822825 0.0413656655397892
-0.186547367627218 0.021914594368365 -0.243629397176462 -0.022380467682735
-0.213719820933583 -0.00986721353176359 -0.140191215283923 0.0924360704299685
-0.194215904634781 0.0604032245006478 -0.0859501323877311 0.0570043649023708
-0.130326829067835 0.130453547518142 -0.0366292017682201 0.0696579032158465
-0.0150696691320157 0.163096792625383 0.0287886492756829 0.00729646952676289
0.0811929754536606 0.148369032031314 0.0057731618242008 -0.0487426643532315
0.138094174951438 0.0942556694523853 -0.0483849363653242 -0.0739515267823692
0.155861684063837 0.0495902850042823 -0.107119429396646 -0.0572770422274988
0.177818075376097 0.0336564095983867 -0.133871197723583 -0.0402576570077914
0.182422853359233 0.0412983540016358 -0.130281556225317 -0.0312145490659803
0.202396615567909 0.073922209256412 -0.105007212748555 -0.0325846501053545
0.189074988987037 0.15014788517659 -0.0677209516188112 -0.0368119843719544
0.101199498530315 0.226725789604251 -0.00731871240978243 -0.0153537533373349
-0.0636876328396185 0.27802475116924 -0.0428996474784641 0.0405097909899931
-0.2265194643008 0.193230605971886 -0.112345876824818 0.0347571331341154
-0.258679547580114 0.0638455597149184 -0.174955461615017 -0.031576260962453
-0.264353319309053 -0.00504467819861149 -0.0509886941912908 0.094907873050452
-0.24657961613782 0.0843358756192016 -0.0432394606639208 0.0349584836212652
-0.175990360923298 0.169514155828123 -0.0295963263973515 0.0667398337243234
-0.035249047688625 0.221526937853859 0.0210924232416226 0.0301163490674109
0.0959893149363688 0.205377718180564 0.0303075390640369 -0.00328247798249652
0.174463748196494 0.134043049571159 0.00649384975626212 -0.0406338083166677
0.197917353724448 0.0713430119066992 -0.037899040579534 -0.0349046775001577
0.218249211522225 0.0462973663089958 -0.0547979173439424 -0.0263781153913333
0.218880872278575 0.0508738799251374 -0.0517269116609653 -0.0188726820653015
0.239823879647568 0.0842735311251431 -0.0375317719142772 -0.0144904621536816
0.226597750853962 0.171177679086307 -0.021376916386829 -0.00831877363768736
0.128198584496439 0.25416851920823 0.0137488912355578 0.000775286975304294
-0.047158821542685 0.313166345692889 -0.0155536033840787 0.0308831373552026
-0.233981656801964 0.23664509544868 -0.0630104833807956 0.0101947088019234
-0.285607324100346 0.0947687079451741 -0.0833270254451843 -0.0515064060143956
-0.274706929453287 0.00514066824101765 0.0588421972100619 0.094332884813701
-0.260142964475329 0.103347413656577 0.0236224979284071 0.0118953786372887
-0.187648157173256 0.189417874660194 -0.00799739040243174 0.0545530454306983
-0.0422394501677407 0.244946971729361 0.0137987957618983 0.0537192515748568
0.0990150941753064 0.227023224768535 0.0556285595834141 0.0516221798497421
0.184662085735528 0.149772680162805 0.0674056809457906 0.00720212817666591
0.209307470214805 0.0792246878114014 0.0427715458039333 -0.00304038501935526
0.223498508032817 0.0515533119802473 0.0334065499158542 -0.00829746312552195
0.221247433819223 0.0542280465155298 0.032432859007081 -0.00527224525096224
0.234934439170376 0.0843690920317648 0.031538885795666 0.000281176897697751
0.216676947392301 0.167431460682018 0.0277376421251055 0.0144314591792061
0.118073276280487 0.23917821740904 0.0307572246835211 0.0142707895395922
-0.0375551073482428 0.2838717056048 0.00741315812764377 0.0123716537439156
-0.20735839970806 0.226051040347942 -0.0143341224743572 -0.0234920793884031
-0.264870669509714 0.102836542381792 0.0122788098734323 -0.0745800253771181
-0.236111318148398 0.0197033295889961 0.168402910360706 0.0844681087118833
-0.218018794061079 0.105620381680803 0.095051151191175 -0.0115810372443742
-0.151492131444328 0.170296810814438 0.0210998621627783 0.0357033102943522
-0.0337206775056085 0.211069543782268 0.0104703429099885 0.0721214636639979
0.0856916477001097 0.196795753326173 0.0784886986624704 0.101432807693535
0.161583628837134 0.132666109283965 0.123265851424378 0.0548480541429214
0.185939664165241 0.0711550679450208 0.121048222234031 0.0296721521510427
0.195188855302336 0.0489119581091521 0.116341355996889 0.0111869493995854
0.189140668983383 0.0518922154883158 0.10632191374081 0.00981747169045082
0.19053196335134 0.0786605222158356 0.0865540916209904 0.0160689234424368
0.161936836103646 0.145805297749657 0.0635940111266483 0.0340574726728004
0.0720608630090728 0.189076705099028 0.0376537037832985 0.0263474851347168
-0.038468541614012 0.202086500077604 0.0212532445029785 -0.00398709591593246
-0.15606629381859 0.1692980577987 0.0235945950285424 -0.0496832721792374
-0.204662562019565 0.0894676626638528 0.0962336036595684 -0.0920481801276407
-0.153650378723465 0.0316606612792916 0.254410763124589 0.0647827935833427
-0.128625746973677 0.0849915424820595 0.149577364335877 -0.0322873705457962
-0.0809375344415589 0.110190882238203 0.0473820991440835 0.0128282576425632
-0.0191745755779227 0.129449580930938 0.0107804745077457 0.0759281890345305
0.0555862582649167 0.126370225578679 0.0937321365627448 0.128784105638999
0.10838095702783 0.0900834485565968 0.163734373727931 0.0887228552704714
0.131340293277767 0.0508017321554403 0.182768755802664 0.0536301424419173
0.137356813169923 0.0391293343174246 0.181243605764103 0.0280040384442982
0.130967544092646 0.04309103533349 0.159849938425532 0.0276422839535546
0.120437440065118 0.0641064616935311 0.118973090698618 0.035203998357599
0.0863525441113144 0.107678494541947 0.0774281687776174 0.0525442336594564
0.0153406364028306 0.11769728621623 0.0308083417256985 0.0371923340995666
-0.0362701423067469 0.0982680128053481 0.0257140813689887 -0.0143452080124082
-0.0890163492662918 0.0938074935308655 0.0504388837289842 -0.0609625509014742
-0.120160407384809 0.0652490180541154 0.156177218009789 -0.0990766085326153
-0.0437833496660716 0.0325427047967526 0.299588375097801 0.0367713672358932
-0.0220690668539482 0.0390088685660976 0.177797064281814 -0.0511719103556161
-0.00889979413983347 0.0236536897308676 0.0620797499702746 -0.0152246013749898
-0.0138435301177135 0.0298535388097686 0.0101231878769761 0.06578067201765
0.0111724625240811 0.0418615398982865 0.0966567788770398 0.131976146058175
0.0359755330590494 0.0377934951891229 0.181847132331198 0.10252330195336
0.0547992858562914 0.0262855912624598 0.218455628987624 0.0659270726745066
0.0600231950175958 0.0227143211003059 0.217323509851772 0.0405474787977967
0.057767655067039 0.0251342978889635 0.187675636087392 0.0455375760417965
0.0430477702653411 0.0372786383158049 0.129449368145333 0.0546211144788244
0.0149968509428483 0.0565858473754443 0.072533158347608 0.0666364736118223
-0.0222563314086061 0.0407000318348926 0.0134164161055188 0.0419538258084173
-0.0169864740935801 0.00559961267038013 0.0252935171801041 -0.020988037747484
-0.0115874796694233 0.0290428733176969 0.0688637521413057 -0.0595613506061814
-0.0256005955650064 0.0425120973974128 0.189917696244207 -0.0939351410284916
-0.0552204882114859 -0.0190360573243991 -0.238069570434925 0.0930820077503706
-0.0605636027302533 0.0113997496745792 -0.0971320591699773 0.0956263868841634
-0.0252041178887781 0.0482894644324559 -0.0217278137537543 0.0495151828217822
0.0238354768845003 0.0329307861100113 0.0267527710098086 -0.0310132825303693
0.0306333073067562 0.0135970754672882 -0.0441207081940622 -0.0886601665972382
0.0263343453770932 -0.00091192052880596 -0.124097355384962 -0.0878415687283041
0.0196372986767204 -0.00462504567648281 -0.191345135750356 -0.0683335959500027
0.029193391665314 -0.00193012511324409 -0.233833385248288 -0.0502752258712415
0.0346086194664124 0.00379586081231542 -0.234708298801947 -0.0570009848460187
0.0527895735846859 0.0117770560031304 -0.192770453918933 -0.0830928793750433
0.0580302882430099 0.0337760612646387 -0.120598899421327 -0.105774100233921
0.0317967274754829 0.0709165178898175 -0.0369650800259315 -0.0636626515223205
-0.0445628440469837 0.0948155942683664 -0.0812485836184686 0.0160562918248087
-0.0977101528246945 0.0313558809201669 -0.17485127264523 0.0298354186368545
-0.0847826529235297 -0.0186537984348468 -0.296559787187239 -0.0310812499293448
-0.146592324063362 -0.0145519956428671 -0.212397666533402 0.0918168316797383
-0.133772209649717 0.0383309627640774 -0.106346178136645 0.07878590255054
-0.0784054681882092 0.0934787728983017 -0.0323571625940668 0.0657134785593603
0.00878713782715608 0.101561592558046 0.0332659622293198 -0.0135161348599963
0.0630291833432249 0.0835884017200055 -0.0178201615342733 -0.0793448397540793
0.0905943499638213 0.047487989198733 -0.094692785746927 -0.0937548900889043
0.0982641485415143 0.0236079365487433 -0.165194048587893 -0.0712153566720225
0.118329293984397 0.0179098519348036 -0.203953545512106 -0.0506432628980326
0.123801164406289 0.0291394280465562 -0.200879137942735 -0.0472594514152889
0.142074775681144 0.0536846430170606 -0.165063393699983 -0.0598488726039448
0.13166075444266 0.108295364573565 -0.104982857263488 -0.0734259291310615
0.0635622957808159 0.168470489623015 -0.0261269743819439 -0.0389936425482891
-0.0719243417925198 0.20569816227916 -0.0713623501835458 0.0361304154739286
-0.191289975604361 0.120317542269786 -0.160247711788529 0.0409169601523753
-0.19835686738082 0.0206074579124655 -0.25899766676705 -0.0279567776812179
-0.226317408533261 -0.0129552158129903 -0.151361735030069 0.0948935452699511
-0.205387227492665 0.0613395344379382 -0.0937974727097822 0.0575704492391732
-0.138381347180779 0.136036801283085 -0.038672990203864 0.0738018355783908
-0.0175414743059901 0.171620228948268 0.0298288956601412 0.0085487241979486
0.0850026155058451 0.156873289952419 0.0071604325242982 -0.0508718660464411
0.145149702517378 0.0996295216270532 -0.0507971397851012 -0.0793030278261667
0.165752189041466 0.0534660492140426 -0.113511437228881 -0.0614503774239337
0.189164211784859 0.0365403327327242 -0.142214719426771 -0.0431275871158389
0.194938298793405 0.0462100225342625 -0.13831447140412 -0.0342002258879981
0.215322961048775 0.0798562963373845 -0.11130324390862 -0.0359003291651346
0.200511751806261 0.159242059208652 -0.070907684726315 -0.0394845332508275
0.106370106279595 0.239470091051611 -0.0083860172945316 -0.0171893611911693
-0.069751635953229 0.293365018396694 -0.047759131587171 0.0420437480419213
-0.242290178444693 0.203023248640246 -0.120165130199037 0.0340316435006488
-0.277113218371723 0.0633644210765933 -0.18577535092423 -0.0365846540397658
-0.279744159791467 -0.00827665217628637 -0.0575462499826582 0.0993047568376
-0.261576090471485 0.0859257279875305 -0.0493287983376182 0.0354963423111144
-0.187570315854287 0.176828652677418 -0.0315761415153941 0.0705780464652701
-0.0392743784333949 0.233670885633832 0.0210550801218722 0.0327867171732026
0.0999485512003814 0.217819900388281 0.0325690043783018 -0.00354099902587358
0.183818942538296 0.142767152444486 0.00649895455321731 -0.0438032410640598
0.210439823436923 0.0766771934662365 -0.0402318535323636 -0.0360202318011187
0.232029961158825 0.0500790856759255 -0.0583102188277133 -0.027978090449286
0.233695216623262 0.0561756907215934 -0.0546230729606692 -0.0198899983769637
0.255233678312367 0.0905313608385642 -0.0398953382964257 -0.0159810684831036
0.23963807048862 0.18103185129197 -0.0213530091876297 -0.00835292199945857
0.133954303268928 0.270571367202611 0.0137368627161845 -3.4589053806996E-06
-0.052866883039985 0.330452153855847 -0.0189950374987154 0.0318809053009976
-0.250156405856965 0.248999109319699 -0.0684926504960891 0.00904651157445971
-0.30594917323157 0.0949274074349047 -0.0888748116805518 -0.0552146318927831
-0.291315827507576 0.00272399557858683 0.0593724934321093 0.10024381312232
-0.276608639203284 0.106135001507756 0.0221300376234515 0.0115170610318711
-0.20058985380474 0.197846020751187 -0.00814817408801806 0.0571556248154877
-0.0469201310895784 0.25887050184689 0.0133599102098806 0.0584015906534516
0.103374136290437 0.240589242681686 0.0592122579830513 0.0553624501547404
0.193961773556092 0.159260885786653 0.0707137027225862 0.0069789060211345
0.222348774658649 0.0850740352026164 0.0449526616033647 -0.00190263948533568
0.237741243841818 0.0560251881278066 0.0357749980482005 -0.00761761210208127
0.235530307668336 0.0592282446392183 0.0344520847162068 -0.005175336859248
0.249688348419186 0.0909897330708629 0.0334515832313953 0.00024317890960222
0.230221713410322 0.177688938950105 0.0310937323482183 0.01624176041263
0.123764073425504 0.25334194928801 0.0328691440475589 0.0147000338052566
-0.0424478552926897 0.299405732775048 0.00548016918000684 0.0127278415132391
-0.222056012628239 0.237739978978554 -0.0166158726610351 -0.0258894201745854
-0.283483314732882 0.104290602805223 0.0133375490716828 -0.0783763247982999
-0.250733711366856 0.0174118251371789 0.176154992682972 0.0924957268369577
-0.23222362575043 0.108427792045843 0.0991030785415033 -0.0120555518404777
-0.162523945557561 0.178307222494009 0.022884043117157 0.0370907256325533
-0.03732206613527 0.223489799472361 0.0100113924132189 0.0776474821730336
0.0898495028997701 0.209343565157343 0.0833877495350446 0.107563079864015
0.170404897758255 0.141965726837347 0.129971621170659 0.0584042680962434
0.197668075669642 0.0765293231443005 0.128185795935261 0.0335877033466579
0.207744050393111 0.0533851142220811 0.124014656555083 0.0132326540992725
0.201004664329935 0.0569401761529081 0.113571838179146 0.012131167140228
0.202044475597969 0.0850456948896709 0.0919542026885647 0.0169146215197958
0.171392936087108 0.154860745113429 0.0688556934954201 0.0370831194977591
0.0746749187977688 0.20001828886846 0.0398329235801963 0.0276230865504893
-0.0430660192321968 0.212805493079381 0.0205293072312729 -0.0044206353009081
-0.167730515870556 0.177682117276096 0.0246054843566254 -0.0523912992341563
-0.219392478502869 0.09073844829153 0.102945613296176 -0.0956874246469106
-0.163468042927509 0.0309065521265082 0.269700746425899 0.0727449208970395
-0.136944243934475 0.0875188502468266 0.157637493818232 -0.032892925421722
-0.0873315680473941 0.115184344711595 0.0509608707039935 0.0133939204128342
-0.0219969917516234 0.137725031677571 0.0110459959070061 0.0820833371433667
0.057672214955247 0.134256737330225 0.098905559869547 0.136805597463945
0.114310285077741 0.0969083290517911 0.173130649236258 0.0952086805660681
0.139267177396896 0.0546012129180606 0.193990254575553 0.060005501432546
0.145866165024871 0.0417764830400239 0.19287425160771 0.0313036079866531
0.13946082641991 0.0461226868766237 0.170328836454141 0.0311461753129071
0.127029665899151 0.0686412602513755 0.125910617669038 0.0381673588730017
0.0908988350158595 0.114713659753302 0.0825930056834825 0.0558253598198015
0.0156410837766678 0.124592877191844 0.0322544538338799 0.0394164551179074
-0.0404233641831896 0.103231117976134 0.0258077269288629 -0.0153029665483381
-0.09552102966836 0.0984175450070336 0.0531702204701046 -0.0635690114959795
-0.128844684801079 0.066233020764949 0.167517707476375 -0.101542794958183
-0.0466380333259119 0.0327748492419566 0.318195521377127 0.0437688440613961
-0.0236563999409255 0.0401507741701088 0.188645370719139 -0.0519951820932463
-0.00981856202514401 0.0245527561314355 0.0659632092578857 -0.0161723335583383
-0.0153407654216964 0.0322228583812702 0.0107103242518133 0.0711717634816626
0.0110933293356528 0.0443324386978181 0.10156707368928 0.140449901116308
0.0387164006068485 0.0403879640196365 0.19155766066215 0.110449469442135
0.0580780798826102 0.0281019252588461 0.231647116851673 0.0723144189131656
0.0634668124864766 0.0245621391562112 0.231335236830214 0.044539949547162
0.0610171246139937 0.0272665214238113 0.200094238264722 0.0497395008956163
0.0447048997656324 0.0401097976622851 0.137291648603413 0.059974861996565
0.0158266944120147 0.0606678870871548 0.0759319503516736 0.0713225281544701
-0.0237566484074869 0.0433026228769534 0.0142139189048311 0.044171167485644
-0.0181369610980001 0.00580124728936894 0.0256577980982504 -0.0227236644227182
-0.0130149578987681 0.0306797324244796 0.0729960870775581 -0.0620762980861398
-0.0281767636971074 0.0436893305822697 0.202564749893644 -0.0957993804485139
-0.0611789661405088 -0.0133964542128654 -0.236066668855463 0.135077883707897
-0.0628923648360763 0.0194846649273157 -0.0857177557470347 0.113826849012049
-0.0192836341586914 0.0545482409043847 -0.014041595115939 0.0533098123059414
0.0300448921861413 0.0313930805546865 0.0207662114476127 -0.0390618791730105
0.0358444993871722 0.00931785286059179 -0.0631631176696147 -0.0856490215509179
0.0281322718364198 -0.00496640869613329 -0.147375945412147 -0.0724668492226976
0.0205193003477787 -0.00768113092763945 -0.218517269605289 -0.040595349412814
0.0319175974115289 -0.00802529679102756 -0.255123527822325 -0.0158823939342027
0.0380731669639672 -0.00308455820910217 -0.258434725985356 -0.0241971362535533
0.0590763769014309 0.00247584375595284 -0.216473479426035 -0.0574900668385455
0.0671652584444679 0.0248521374574418 -0.144641118411419 -0.0940633986599031
0.0436222982934934 0.0698940640793361 -0.0497337764586396 -0.0640653974280767
-0.0304819110878508 0.106327165194816 -0.0820322084994311 0.0299016259190276
-0.0957053971318338 0.0469831962276746 -0.178889722030783 0.0593537010881534
-0.0894403772883801 -0.00534942974305856 -0.32127276434576 0.00890595950468494
-0.159018615422091 0.00773921371397177 -0.202520030462784 0.12410059959752
-0.135623546015378 0.0587752433766339 -0.0972970677376672 0.0950626492102616
-0.0683097813779289 0.110037951906715 -0.0210077424304864 0.067953273559293
0.0236067032863958 0.105925296028861 0.0311607647533907 -0.0254010527387019
0.0792787902381676 0.0778533637658385 -0.0362351366927266 -0.0844218406307549
0.102979881977694 0.0364207299550067 -0.121094972818863 -0.0853649917652465
0.108079941363129 0.00999996836471928 -0.19205054269843 -0.0495043192525613
0.128733018308853 0.000216070659785113 -0.224067495006357 -0.0204385857858949
0.136215135354171 0.00949113337293496 -0.222806023728629 -0.0190272094330486
0.158797068526076 0.0330917835230809 -0.183610054617818 -0.0390276676657279
0.15503747142732 0.0912446605615345 -0.123534952806731 -0.0636174700635233
0.0911139034102461 0.167503592351062 -0.0342722828739475 -0.0414278799125807
-0.0420841414649669 0.226536315570085 -0.0666568645580437 0.0488317711363402
-0.179584617296294 0.154646263071728 -0.159744108543213 0.0696862416948995
-0.20349130727756 0.0520905057195822 -0.281865705946621 0.00740272281999227
-0.245636906919174 0.0237552330185366 -0.133743464794127 0.11248236709529
-0.208976737969123 0.0938128560896952 -0.0858778941145046 0.0680105232850865
-0.12590668252684 0.163692035582886 -0.0247034261668953 0.0731757835327733
0.00627663282051831 0.183680508002119 0.032050056314558 -0.0044939463983784
0.113126122581573 0.151969838756946 -0.00595352335989882 -0.0627169210301198
0.168767817984176 0.0832656721897373 -0.0753357148325044 -0.080422456564241
0.183750007630305 0.031683181520927 -0.136586441376959 -0.0485324531228175
0.206781133780619 0.00930370707876978 -0.157912581358874 -0.0221842596597928
0.213618796101146 0.0162944821262782 -0.153501689536064 -0.0146696946801094
0.239061592540398 0.0492497588383881 -0.122815268116401 -0.0225938800462554
0.234513456224849 0.133714857581493 -0.0818716473701218 -0.0333079911971462
0.14594652637279 0.236025616761817 -0.011380801044081 -0.0225379227155862
-0.0254346670224986 0.317092783071176 -0.039717596793476 0.0506217603639343
-0.221909272078368 0.248467395313052 -0.117366758692763 0.0587618096451382
-0.278403055435079 0.108437914290297 -0.205864297259186 -0.0112621655426154
-0.303460015586319 0.0388152484017676 -0.0278471095893555 0.0984856699770482
-0.265675401763415 0.129191122295658 -0.0412254519869383 0.0348648086621403
-0.172066427523233 0.214419496517581 -0.0158675743354592 0.0648658154903117
-0.00846199332361313 0.252541548114383 0.0285052642559148 0.0197162121614121
0.137233861297303 0.213717781247527 0.0276324945522639 -0.0201019730930464
0.215899574521998 0.121951048566623 -0.0109773705971631 -0.0538338014862131
0.234254646315268 0.0496466361613524 -0.0542490764451831 -0.0357434506181741
0.253918149152852 0.0165404916769706 -0.0676833873852739 -0.0196273901877116
0.256251556673882 0.0205749986653698 -0.0620600973401245 -0.0129837307653064
0.282479137454238 0.0546551846439228 -0.0441460551382934 -0.0136827121260491
0.27907100405018 0.150249532818116 -0.0242586127431505 -0.00919161082702895
0.179876343965979 0.263173645045466 0.0151234623057473 -0.00804547054547369
-0.00109672722570665 0.353342187065799 -0.011065101012022 0.0347351776682112
-0.222676772958879 0.297976810783442 -0.0662022195530459 0.0238293347850999
-0.304768849543656 0.145474832425151 -0.105662632260234 -0.0446559491051162
-0.314940219945376 0.0525851866913218 0.0974549947783913 0.0785083179715591
-0.279431250787116 0.152391398930062 0.031027616917801 -0.00294604412182537
-0.183574652876503 0.240173222632446 0.00685002316538578 0.0448122796351098
-0.0138797869126454 0.280219331604752 0.0253407510271 0.0468272256226567
0.142556947122996 0.238111411609851 0.0654377951082387 0.0358059022047137
0.230091249451386 0.138005598415466 0.0648771215008615 -0.0110157552351739
0.248065938955064 0.0569945237324351 0.0431887378435128 -0.0144412610012057
0.260721091808988 0.0222104971614651 0.035227463418722 -0.013448607269578
0.258317264608646 0.0235606251405694 0.0353794180005684 -0.011405455178631
0.276591207865028 0.0563419780597649 0.035661359489568 -0.00783319298030406
0.268725097604858 0.148388786538568 0.0347974405253102 0.00861222592408567
0.166344875924966 0.246312060855146 0.0378338543670311 0.00506197257199424
0.00395527851207767 0.318738904898475 0.0111849936970688 0.0103171185622824
-0.194779754894573 0.282224042553326 -0.0168277974916834 -0.0208906055702302
-0.281102215057526 0.151305440900835 0.00124736405107658 -0.083681668723556
-0.268869806632806 0.0631580760762605 0.218730034976737 0.0515670529391426
-0.232572449048142 0.150098427565041 0.107288276336312 -0.0392575885985812
-0.146320545449297 0.213523266402191 0.0347620221694849 0.0203918613763961
-0.00958565356623041 0.242489413032744 0.0253095033729377 0.0695498222870652
0.122735862947344 0.207653419840651 0.100875556582836 0.0887688858467152
0.200589970002511 0.124031663917756 0.138110576648077 0.0340741698284874
0.220278817491843 0.0525011635918921 0.139678583510452 0.00910790157365827
0.227859707891436 0.0250517773308149 0.131547658871144 -0.00543474397706553
0.221324532453894 0.0271730431533722 0.122521806896563 -0.00628165889132917
0.224399398971452 0.0582389499103681 0.100105525063688 0.00175144770685227
0.204340659140037 0.133266208994332 0.0781557544257635 0.0253445759755383
0.107454845970888 0.197579235201506 0.0483457220217201 0.0195370877337803
-0.0106625960046883 0.228195992032304 0.0222545698462377 -0.00968794586714323
-0.147149017788211 0.211100220786023 0.0210520909776196 -0.0560942567812788
-0.216706482757659 0.127161897494973 0.0942719280300365 -0.115809323422135
-0.173166901176521 0.0627900624945897 0.308954237351052 0.0200944058255567
-0.134731074849047 0.114346357939416 0.164411137532901 -0.0675756390873781
-0.0764716602976461 0.135588341350619 0.0576753163003624 -0.00358896840160909
-0.00531322530668607 0.148765757903469 0.027415671904041 0.0786938805459378
0.0778841141292117 0.134204813939194 0.12436073612436 0.120480185816745
0.134929978516737 0.0846503246805432 0.192912070617466 0.0677208471220834
0.155518514578751 0.0381146941731971 0.216834915883216 0.0269763924559452
0.160961792501484 0.0229187809985826 0.207699361629687 0.00225173231610304
0.153947423907246 0.0269196364854119 0.186363453778698 0.00558719047236246
0.143019260524752 0.0538535868420284 0.139807838798875 0.0190782096518269
0.112627620829916 0.105403697990761 0.0963568887419919 0.0443053805990193
0.03452154676213 0.127980889507879 0.0419491093191435 0.0343822276367697
-0.0261254598459036 0.11375012745861 0.0248128419291601 -0.0206871994248159
-0.0848272337172596 0.117031595890101 0.0481275298350771 -0.0730262715585355
-0.125684018975952 0.0877425848520117 0.163124784711865 -0.130587800898767
-0.0471859593559147 0.0454005700520862 0.350007338257264 -0.0117626573690207
-0.0203678676953848 0.047894789012513 0.19231939154852 -0.0876510343577715
-0.00786302514427004 0.0274421807803386 0.0678432724220585 -0.0296837419534681
-0.0128416983048809 0.0362921757473581 0.0255579411388524 0.0722397399327272
0.0156635199796723 0.0460472207371996 0.131414004971053 0.128537680342204
0.0457838747535791 0.0372934574328059 0.220409213847111 0.0840005233244141
0.0656854976186419 0.0212394812157279 0.261326831968656 0.034694422699832
0.0704070787270052 0.0172943529828735 0.251935565915165 0.00999513768144019
0.0675763412687124 0.020171023826784 0.221518591473427 0.0202057442852161
0.051671027638601 0.036656727843356 0.153917750080087 0.0412179388018638
0.0256834687616753 0.0607882294626946 0.0918327835237358 0.0628188327667362
-0.0188663715723167 0.0479628537164479 0.0230688419267964 0.0445977617614802
-0.0189068913914541 0.00868113777086653 0.0224364542824509 -0.0284679193201673
-0.00942633908671019 0.0341872998847386 0.0684801151217761 -0.0757922909061052
-0.0237073853107811 0.0489699096509864 0.202079886926998 -0.130091691018828
-0.0639645543748535 -0.0079569362034585 -0.233383941637042 0.158721856600449
-0.0619479191663486 0.025507704615073 -0.0796850591927319 0.122701820495095
-0.0148234047905818 0.0567292414395546 -0.00867590923640755 0.0558474880434261
0.0337522655735564 0.0292722120410579 0.0170624607043267 -0.0423458798361039
0.0377177467415988 0.00634725362605247 -0.0717592266029762 -0.081808934763157
0.0279938418409738 -0.00752927346485679 -0.157558243170411 -0.0620606054509635
0.0205360868460639 -0.00935335079547765 -0.228234362711169 -0.0226956988955626
0.0320044838276779 -0.0105859408265081 -0.265032779279964 0.00634282408381488
0.0399355584298387 -0.00633067700168445 -0.268641453843849 -0.00214723203318242
0.0610778121679319 -0.00306808149519001 -0.227625300326753 -0.040566896436528
0.0700953914092174 0.0191390761221629 -0.156516343558164 -0.0840165751602412
0.0507613565090874 0.0679246060062345 -0.0575158672345418 -0.0613837598371568
-0.0222643152933459 0.111429773506273 -0.0821040731942474 0.038085079800255
-0.0934670566525376 0.0568240331091602 -0.180142801881475 0.0744649103204239
-0.0926027822321164 0.00230476695198292 -0.330828539307002 0.0343713986834158
-0.162601620403225 0.0217137511045468 -0.200663474024797 0.144994053749032
-0.133810145436392 0.0711456413056292 -0.0938584687188845 0.103777486505368
-0.0602063022569055 0.117594797229707 -0.014615444161099 0.0712992091366939
0.0335012038141216 0.1056648663178 0.0290601510624334 -0.0280683003794194
0.0886584180292981 0.0721060574463804 -0.0436594263555023 -0.0823299192990943
0.108029585438893 0.0278084400198536 -0.131824907644011 -0.0772356884948392
0.11148009378637 0.00104094622886794 -0.202606680999297 -0.0341611976562503
0.132873459444831 -0.0116539807318451 -0.232419944590196 -0.00130060928947652
0.142222343187036 -0.00216422807561398 -0.231034389892337 0.000635556103049335
0.166872400577052 0.0194347747277193 -0.191995856212969 -0.0240733844479249
0.167020205164979 0.0791357090933071 -0.131215034638157 -0.0543371950332837
0.108187568616971 0.16384682723096 -0.0396453044606183 -0.0401477903065304
-0.0236242707399102 0.236089001083162 -0.0657302734273786 0.0561368117336618
-0.170767736849794 0.174913286999232 -0.160097583855461 0.0843994882699726
-0.205599820322585 0.0704860138273476 -0.290294550174255 0.0299720658350214
-0.249604914567798 0.0457742358706271 -0.13083745338229 0.126653333569129
-0.205505738814324 0.113905683238828 -0.0855869582079679 0.0763699440805984
-0.114814063322793 0.177313685237984 -0.0183250013823983 0.0774489656856264
0.0221129549837788 0.187271996524077 0.0320860041577593 -0.00723188740121694
0.129346826282409 0.145282175823702 -0.011082557233263 -0.0634224839464527
0.180259263400287 0.0701100551765764 -0.0845355509053808 -0.0760236762286279
0.191877340531407 0.0158590728985997 -0.144189276376131 -0.0370415241020557
0.214067511106427 -0.00973559855512147 -0.165216720763519 -0.00805621023161307
0.222770493210143 -0.00244420262094292 -0.158687072728349 -0.00123045818638483
0.251851333536943 0.0288273088863457 -0.128489456644345 -0.0131386257971041
0.252997208058797 0.115432528619488 -0.085532563427628 -0.0271031295080521
0.169983242550908 0.229619106264652 -0.0140645940129707 -0.0232718999014275
0.00140106543204901 0.328159028345152 -0.0384340582582254 0.0552584486606308
-0.205316444675216 0.2745541352304 -0.118232640998517 0.0693112597601775
-0.278951123963132 0.134363166400541 -0.213746874092892 0.00566358438265134
-0.308290746204457 0.0658844207343947 -0.023021624286931 0.103841348237825
-0.260804828727811 0.154178347297358 -0.0427537808163522 0.0392702780158994
-0.158227564708599 0.233933207368805 -0.0101735294033056 0.0670640407088549
0.0133839150905017 0.259422910792684 0.0301832808733305 0.0183640510351278
0.16039042625404 0.206778866651454 0.0274205233246202 -0.0235584340540008
0.231975947294607 0.105482873114962 -0.0169799797169713 -0.0550757863570624
0.245654018645239 0.0289160327884361 -0.0585272889239944 -0.0315990866656245
0.263134952748734 -0.00565277532942701 -0.0707610376618939 -0.013915877429644
0.266962627436096 -0.00228107356248156 -0.065603237871342 -0.00806343262410635
0.296540898909994 0.0308199348959 -0.047302768816638 -0.0102465447946217
0.300915516076167 0.127737132648154 -0.0239543539501147 -0.00727228978479925
0.208304891706994 0.254169825960042 0.0140700936060173 -0.0100555107571175
0.028631621251334 0.362579494423837 -0.0109384260607751 0.036690945284366
-0.202231960020624 0.32567135940871 -0.0679620609869769 0.0304407422837972
-0.302523379478969 0.174004628719477 -0.113248798134337 -0.0359360103554894
-0.318314571662218 0.0809037659903304 0.105125572909719 0.0726356416323566
-0.27329818305327 0.179817783609044 0.0282602420875724 -0.00581482918416192
-0.168560722136457 0.261071376765444 0.010933659448056 0.0443479848386725
0.0106620036881512 0.289176495444804 0.0295594120434687 0.0460658854137455
0.168170954563753 0.231204841371292 0.071407477304052 0.030319572535467
0.247612919793534 0.12053196558637 0.0650215282726135 -0.0179630408732353
0.260423485644788 0.0355270534041213 0.0435628755176873 -0.017857091791796
0.271132355612392 -0.000744644777379863 0.0348961276641708 -0.0170230921059886
0.26948068045977 0.000944651737576795 0.0359215430179726 -0.0151014831362028
0.29021835572404 0.0326021235366988 0.0357059563044166 -0.0121793765539466
0.289930997490296 0.126179469181755 0.0386467851386267 0.00564708296075691
0.192865216745664 0.238009735187773 0.0390565898987683 0.00139783708198112
0.0317618744392895 0.326633173748584 0.00976116447588419 0.0103115332001402
-0.175381929922206 0.306337950410222 -0.0214740012710201 -0.0196575974275312
-0.277934994072259 0.178553305184261 -0.00644876121535764 -0.0850161607822349
-0.27149499080098 0.0877157908786176 0.228588969319924 0.0346821517485062
-0.226752441387547 0.17326248343239 0.104324262565168 -0.048984532606363
-0.133070469271765 0.231360486025891 0.0368448792795599 0.0179850766066268
0.0112538969138818 0.249482118626202 0.0318664552175073 0.0701721343496282
0.144141129242441 0.202912529715771 0.111875343717192 0.0812785925769323
0.217633187416982 0.108474613890158 0.144389441352072 0.0223076298376723
0.231520593250964 0.0336577738439537 0.145405971584932 -0.00259374540418718
0.237495025709506 0.00449024185512909 0.13566741336727 -0.0178303078783578
0.231221875213017 0.00826349812946678 0.125973433004809 -0.0175483223625702
0.236666523073877 0.0391885403186084 0.102458951892789 -0.00813271625808419
0.221717109652326 0.117884890925699 0.0844483764300241 0.0186669162033811
0.126999821128983 0.193631374098776 0.0510794148197756 0.0156315520336664
0.00792374214197602 0.233913044638237 0.0196797600386423 -0.0117133150073294
-0.132609455886146 0.229829274318784 0.0146496024712434 -0.0587950758707092
-0.212880345574531 0.148126652365079 0.0872188192426273 -0.125528489319831
-0.173258891028019 0.0782577711373192 0.319837002328572 -0.00497173768608927
-0.129558727721557 0.128035087420648 0.161732052560319 -0.0824889930819757
-0.0672142681290368 0.145139325888961 0.0585845423064962 -0.00970061534666961
0.00699551981618034 0.153248857067069 0.0351056618910292 0.0792428312712776
0.0914738472471772 0.131199314836845 0.138268642230131 0.111906131046322
0.146451432807774 0.0746045986369289 0.203856081539632 0.0525207612069303
0.163418076014048 0.0248457184225248 0.226230580536998 0.00873657750656466
0.167644556116719 0.00898550764249102 0.214972766737358 -0.0162350470903777
0.160904824274167 0.014482877460589 0.193206279832518 -0.0120051122146797
0.152100052874741 0.04242465299767 0.144437364935962 0.00699088264177571
0.126027349702355 0.0975223551373602 0.103652194145083 0.0370758771813314
0.0461921885170396 0.127946365886551 0.0460842337864071 0.0317077971871197
-0.0180343269991666 0.117780105023333 0.021510961882583 -0.0235396422340701
-0.0763394898749386 0.12782448540928 0.0423663246971139 -0.0783367621115457
-0.123216849979691 0.0997413487514937 0.156834877326392 -0.146468429776399
-0.0451391233833967 0.049631117887686 0.360646696635251 -0.041279306347685
-0.0174440085567906 0.0500647001352886 0.19054818984607 -0.105072618402807
-0.00559952272415056 0.028644491612122 0.0668238893782225 -0.0366205405649359
-0.0096884549930324 0.0388910864370201 0.0329419836584104 0.0725470946371825
0.0200964743308687 0.0465011308040663 0.1458477990653 0.119696420385706
0.0509203245972953 0.0339290749340168 0.23421534452919 0.0665772347399292
0.0699975558408698 0.0158307461529254 0.272607318793711 0.0131856300062651
0.0741756528716478 0.0111834085094305 0.260720939871323 -0.0125444951327841
0.07127924930803 0.0148985426866067 0.230480904816156 0.00151984399770462
0.0561096888663475 0.0339246242779305 0.162052040030853 0.0288609881912099
0.0326391006785884 0.0598269911791961 0.100120909133158 0.0562782545170756
-0.0146942940309722 0.0520048375975077 0.027718610346031 0.0435985379482032
-0.0191455159122106 0.0106118093746022 0.0187268296416599 -0.0311032105145128
-0.00626044216125039 0.0357556163435378 0.0638244939546071 -0.0827453124395564
-0.0203990598491743 0.0512104677507127 0.198359585640323 -0.149363170404668
-0.0623934256119525 -0.00189527298832251 -0.217733959417356 0.172891543340186
-0.0580219663359888 0.0300452208092205 -0.0692820074869384 0.124417041485661
-0.00993200784382163 0.0560595062945178 -0.00340503605774284 0.0548460524085216
0.0345247847280432 0.0253893215029896 0.0126873916119203 -0.0423416961101568
0.0377757734358322 0.00262664471098073 -0.0758496339998814 -0.0730527670806728
0.0256999716393537 -0.0088964010217532 -0.159228323488971 -0.0477595651364112
0.0188440079026654 -0.0102750356260385 -0.225028771688714 -0.00363792550424085
0.0306781421672487 -0.0125235284370231 -0.258507676993836 0.0281598711342515
0.0394864523966672 -0.00948874093074214 -0.263039084067774 0.0201567798103034
0.0594124022399924 -0.00891130175394412 -0.225649887024161 -0.0216869077486379
0.0691982217483869 0.0123711250854184 -0.160069036812827 -0.0693414259180946
0.0547380275290915 0.061808592238441 -0.061798261921528 -0.0557865835641827
-0.0116491956471302 0.110915188055857 -0.077430440545495 0.0439657507500567
-0.0861133471705836 0.0630082745597263 -0.169686701337364 0.0849920246357434
-0.0905235009377181 0.00985827888484296 -0.322018229964149 0.0582906182129327
-0.156391175157327 0.0344367179583263 -0.187390735013251 0.156967078269825
-0.124110569384513 0.0795867731805475 -0.0850623739270199 0.107598974484339
-0.0493415778761336 0.118452856099371 -0.00731630870018639 0.0701556919535591
0.0408811683651375 0.0989400035487435 0.0255889483489423 -0.0300214989730836
0.0924582553179925 0.0623892534942987 -0.0481531520931837 -0.0763613523266502
0.1073518983415 0.0185252649578399 -0.135165524377423 -0.0648262834078632
0.10865503580032 -0.00803235142382035 -0.200089195899881 -0.0163532293701343
0.128653615856224 -0.0221301533263097 -0.22750350356777 0.018547037532076
0.140295953281939 -0.0137080934159622 -0.226348192928902 0.0196533831283524
0.16499377420917 0.00506584833594446 -0.189747428993483 -0.00871227648873705
0.169116925332307 0.062740260254803 -0.131769556058084 -0.0430840798173059
0.118030522438906 0.1508061221823 -0.042637564758709 -0.0361262794547282
-0.00356049662651886 0.231625283219325 -0.0610137063284718 0.0599034532274218
-0.152043519094889 0.18390972399598 -0.150643376450926 0.0936030108735449
-0.196018952493733 0.0847223258524077 -0.283134348108879 0.0521682889563899
-0.239189212249779 0.0647787472042856 -0.119985224610087 0.133827813465216
-0.190749292617911 0.126596196362092 -0.0795172371461073 0.0811268663919406
-0.0979048943746623 0.180752148996481 -0.0107874948401736 0.0758813092430398
0.0370522679012097 0.180082069131949 0.0296892170221481 -0.00924327304661382
0.138452001249698 0.129807141878425 -0.0146311249166255 -0.0611077990796301
0.181099716477003 0.0527995039802791 -0.0893302576539097 -0.0677126941228377
0.188066023106373 -0.0004890297653595 -0.143967522917014 -0.0238404828327247
0.208758511175193 -0.0278652679755641 -0.16222916773181 0.00611964302487965
0.218660257390671 -0.0218902572888722 -0.155837880836906 0.0124478066947824
0.248720243943644 0.00632667984258563 -0.126809658066281 -0.00297314257919483
0.255723300486939 0.0905111127813289 -0.0841837352370627 -0.019762519429251
0.184568429929324 0.208960060776299 -0.01672487684497 -0.0213466102741385
0.0283859406150135 0.319959888454729 -0.0350416927029208 0.0578134755003329
-0.177081195374279 0.284718342551337 -0.111676650304217 0.0760708839985853
-0.263688010509843 0.153228136860987 -0.209686401635269 0.023062472468995
-0.295232462230576 0.0891256785742848 -0.0172378351714148 0.103887256064008
-0.241635527693631 0.170539897534906 -0.0419445422572665 0.0415523914264199
-0.135902376346153 0.239379800175759 -0.00425688787283446 0.0657966350466657
0.0341488298177336 0.251253882508429 0.0303147257284443 0.015215376685498
0.173386700193746 0.187296444607897 0.0252153227538393 -0.0257918102241573
0.2348367336603 0.0822555617949966 -0.0215788809451736 -0.0528058554801121
0.242426304544658 0.00732221955210355 -0.0591599035291905 -0.0252138235068794
0.257220876438962 -0.0284849286563624 -0.0703275619766341 -0.00747359649145235
0.262370931223086 -0.0255360461621939 -0.0642573376869155 -0.00205274883398543
0.292707739259978 0.00405371987772446 -0.0471601080487701 -0.00678684684346683
0.304833501505496 0.0987628291834083 -0.0220936604299604 -0.00620727430199325
0.223479749127813 0.229776483179102 0.0123279254912557 -0.0117809750560686
0.0572511964677754 0.35130234596569 -0.00991896205762515 0.0374741158534658
-0.170023329799613 0.334073409623611 -0.0664509921999472 0.0349388122264686
-0.283151761555505 0.19401415287605 -0.114790376100454 -0.0252847843022847
-0.303497212378706 0.104298044103123 0.106243048167856 0.0628440794462177
-0.251929067481591 0.196300466911056 0.0231383557049926 -0.00706992773817253
-0.143505142901818 0.267280227308702 0.0140058060003194 0.0415827065002508
0.0338382815387138 0.281132464490238 0.0324202559585758 0.0430577831644848
0.182986772564031 0.211355695787085 0.0724497528606679 0.022719063652854
0.251488159422862 0.0962839751048123 0.0613770096274402 -0.0233675456628435
0.257518433737174 0.011950096971834 0.0415630723324635 -0.020334072337309
0.26534625842572 -0.0243482655876556 0.033275868740996 -0.0194274764524108
0.263843967013881 -0.0224831607377336 0.0338234062209708 -0.0182530935200265
0.286585185587823 0.00685144596156847 0.0331000484380503 -0.0153409469875615
0.293480869899591 0.0974518570865149 0.0404354313982363 0.000608295622867807
0.20733977487793 0.215848438527896 0.0379507512545428 -0.00202551533483362
0.0568276838396138 0.315349767173987 0.00749410793683344 0.0104093700548373
-0.144527139510722 0.312865915974048 -0.0246456963145834 -0.0165917958371698
-0.258257354204599 0.195612971911115 -0.0141189610325067 -0.0808923573402607
-0.258816857837394 0.106285999949968 0.225205408410982 0.0167529433562028
-0.207408849961746 0.18597443727946 0.0953793897840519 -0.0546493793880139
-0.111442325434889 0.235478520812458 0.0372422685424511 0.0136899562524491
0.031070801098811 0.243348820551472 0.0365408492927307 0.0657876569705006
0.157974658012266 0.185763014315638 0.115678636458637 0.0689641966176608
0.222005005269752 0.0872884655211977 0.142073730094196 0.00877059056052574
0.229760540770656 0.0124786144084775 0.14212009586245 -0.0148679125555749
0.23288723977697 -0.0161222360127014 0.132261018152419 -0.0289090219191692
0.226902261356355 -0.0117129367999751 0.122351185148937 -0.0283410956493037
0.235051726624692 0.0176354897166065 0.0988300079597499 -0.0163121491689687
0.226131961822543 0.0947367784176286 0.0850637474445649 0.0102914007623245
0.139929029885625 0.177488431340048 0.0509331004136635 0.0104526182360334
0.0262269043223907 0.227270171151625 0.0158578765245053 -0.0114437303030849
-0.110038035743283 0.234095491740506 0.00813689699737186 -0.0577757726248528
-0.19798692622533 0.160403449564827 0.0758520121973178 -0.127795636485934
-0.163590738711508 0.0897424659459597 0.312418229827865 -0.0301178398016771
-0.116703382688898 0.134351761341758 0.150740270022414 -0.091559713853546
-0.0546932532624864 0.145984180456263 0.0564228464048862 -0.0142661169109782
0.0198087761821218 0.149952289274981 0.0408296950810485 0.0745294479810356
0.100127678768669 0.120901081817503 0.144175164357368 0.0971604083896537
0.149638751693286 0.0598653200466847 0.203457765908105 0.0338681978661762
0.161974961156867 0.00981159264231578 0.222210910040862 -0.0107429121798688
0.165324521138091 -0.00616114454790888 0.209516291235932 -0.0340594338425003
0.158616879815497 0.00071205131074686 0.188001735247421 -0.0282068982280887
0.152388482010974 0.0296326391131166 0.141821713002037 -0.00435412033112653
0.131422422677725 0.0831252224306038 0.105082064468548 0.0266778663008903
0.0552687081832008 0.120768297635456 0.0476189838737901 0.0268486703207293
-0.00853815455738092 0.116435638382097 0.0170910844056919 -0.0238965003961442
-0.0638848050723104 0.129896135782451 0.0341382063247524 -0.0782865999752756
-0.112933895346903 0.106230066953712 0.143107860490296 -0.154746225823397
-0.0407965141382987 0.0503875567302065 0.350035316526245 -0.0690039006403674
-0.0136066646702608 0.0494286858945632 0.178478332139238 -0.116140602080982
-0.00397350940381265 0.027824207415739 0.062527109373289 -0.0409526456005525
-0.0068441193279631 0.0390965222914919 0.0387341383856197 0.0681538512423867
0.0233226033913164 0.0437554850331544 0.151479211193421 0.10432702057785
0.0532355472701633 0.028457732588871 0.234199893162621 0.0455924555136658
0.069856989332756 0.00875712855265396 0.267567830658883 -0.0103107508317436
0.0735567937737264 0.00439614209929193 0.254775907168275 -0.033832185585093
0.0703844478088687 0.00823631156354259 0.22624313065118 -0.0189853545081629
0.0574882865412225 0.0288488914308279 0.160818451912763 0.0151378377471765
0.0373249472707712 0.0554358452241171 0.102691645969521 0.0464809569957446
-0.0101882306805575 0.0520308291594497 0.0313013994514501 0.0403506475846304
-0.0187483879331489 0.0114950524719089 0.0141546420400297 -0.0314996429816766
-0.00345351692452233 0.0350543847397238 0.0553546751198526 -0.084506265911343
-0.0165902904751293 0.0513753432435397 0.183874393677813 -0.160394025580123
-0.0586443513496279 0.00106099151858391 -0.202238930473679 0.172043590496615
-0.0530671219471186 0.0308942842407568 -0.0630831739615589 0.119164840250908
-0.00690218520443846 0.0537602846423125 -0.00069910630483671 0.051730465089582
0.033760534318844 0.0224221280257986 0.0102350803688215 -0.0411324466077672
0.0360024198150438 0.000637477865978145 -0.0743441527578953 -0.0660364326285843
0.0238172322075616 -0.00888420273771593 -0.153652203199182 -0.0379655026779829
0.017340108223422 -0.00988782966603135 -0.215178455233576 0.0061507080128292
0.0284320285765055 -0.0136640842959498 -0.245416215481029 0.0376529560968261
0.0383012508868916 -0.0110958660774043 -0.250019683501815 0.0306341804289009
0.0562784815652787 -0.0114727513088316 -0.215138532298198 -0.011716365732849
0.0654246184158322 0.00860100872562942 -0.154661840453142 -0.0586767534334702
0.0543477768485996 0.0563563657987731 -0.0621871920962117 -0.0504626720537814
-0.00627411142041442 0.105318311005404 -0.0717975591931641 0.0449691271826639
-0.0792809711951991 0.0630802927617756 -0.159334385257526 0.0866356911000722
-0.0856934069882889 0.013346841655001 -0.305451157141923 0.0666127620858727
-0.146218664334352 0.039486598532789 -0.174277786915241 0.157369094405078
-0.113910297605963 0.080440736488169 -0.0790551714824865 0.1054820661868
-0.0419872263310514 0.114040143630877 -0.00361554517089792 0.0662540210693526
0.0422760802568632 0.0921332535475574 0.0228315074607751 -0.0294578129300083
0.0908173443963965 0.0541992671723673 -0.0479583066984498 -0.0703955308971257
0.102876456560486 0.0130561673531096 -0.131791999346007 -0.0560370489854997
0.10308390680527 -0.0122906131210714 -0.191473540140059 -0.00677035394747245
0.12231079689179 -0.0269463524399508 -0.216927187719227 0.0275222672529508
0.134164808643026 -0.0199991059517168 -0.214406258886774 0.0286384450062424
0.157706938204161 -0.00290698211231486 -0.181296969166817 -0.00124705200074512
0.16272417501642 0.0526778511077966 -0.126320970978874 -0.0354453872218143
0.117853633978589 0.13827673999322 -0.0430428043480501 -0.0330031843721815
0.00666753752906255 0.220142481861422 -0.0562191207219352 0.0605356769297892
-0.136233804248965 0.180523363107897 -0.141064468445274 0.0938451737918022
-0.184432690227868 0.0882409439465696 -0.268568758394929 0.0605788950756765
-0.223196033366616 0.0720454001735123 -0.111459403559536 0.132349967441119
-0.175694028559459 0.127252994966814 -0.0756703125423032 0.080534248475664
-0.0855238859229002 0.174631304701967 -0.00660982247595525 0.0721391146903603
0.042382527573231 0.168820482985186 0.0278060015315306 -0.0101221325961001
0.137479963879363 0.11619516734119 -0.0162133508726895 -0.0575280331681798
0.173781097497104 0.0419055509154089 -0.0886431847217801 -0.0610397734844519
0.178725809248038 -0.00937354657418502 -0.137994024806474 -0.0161785239907282
0.197538987481205 -0.0359245529748752 -0.154444747328947 0.0136081836474206
0.20826305448985 -0.0306549618131812 -0.148752530921549 0.0184345434184649
0.237846532447656 -0.00519554631915625 -0.121362779769589 0.00173273163817209
0.247231731605177 0.0740892001506931 -0.0795011522637674 -0.0165883588376647
0.183297295837249 0.190993455225809 -0.0176046830663182 -0.0201486403529721
0.0393117561041037 0.301712401473222 -0.0327043693070572 0.0573038775785346
-0.156048746732064 0.277341428358175 -0.104840321032467 0.0770256059694215
-0.246582734814602 0.155030370772893 -0.200136247083114 0.0316454459781036
-0.274993389376321 0.0971949005171263 -0.0143508923202471 0.099673815225093
-0.221637687339555 0.171065164961166 -0.0421142332891306 0.0425092355218015
-0.119470829771779 0.231612867036185 -0.00146403267651039 0.0611387382496338
0.042548656615095 0.237050654979107 0.0285597873437305 0.0138812955604532
0.173261089154363 0.169420740180526 0.0234835803665312 -0.025647020768267
0.226150664600405 0.0669209077885208 -0.0235349053396963 -0.049662098979566
0.230390890006594 -0.0042372359083459 -0.0575661236001902 -0.0211754468439691
0.243805247797662 -0.0394683458111413 -0.0674313022091079 -0.00430648890879578
0.249145865770468 -0.0361149190247989 -0.0618081299761238 0.000825827615710581
0.280164601309452 -0.00992915805086398 -0.0462349400174281 -0.00528578756498347
0.293574280927305 0.0790111258380051 -0.0195382407999847 -0.00664742735080183
0.221535649587702 0.207573807967383 0.0109171683786595 -0.0120633246870026
0.0685209887750039 0.330423127545769 -0.010047130938001 0.0377984909150775
-0.147078753847081 0.32311136336261 -0.0635726790635313 0.0358685483358768
-0.263946103096917 0.195270903222109 -0.110947800597981 -0.017858438109756
-0.284080682619504 0.111567844119974 0.101996200940433 0.0561816005754857
-0.231304569718162 0.196201696842763 0.018642828141179 -0.00580815390872737
-0.126417639619121 0.258296661959824 0.0151283143318913 0.0383909193788564
0.0438405501066387 0.265747111167063 0.0316017745593387 0.0398073721098126
0.183947773162842 0.192012845327995 0.0696558901879557 0.0174314145692655
0.242732344936273 0.0787516376753554 0.0560388923208026 -0.0258662559510808
0.245422421687891 -0.00064271835854138 0.03944427841582 -0.0214804095175251
0.25206891107641 -0.0359704187463872 0.0312811154170811 -0.0200115384743237
0.251084533494369 -0.0336653492743874 0.0312463475894054 -0.0190211883257737
0.274519101797907 -0.00731051897194854 0.0301900413803495 -0.016175280262954
0.283266094532834 0.0775913414550502 0.0397789957163267 -0.00222133748945882
0.205926707326853 0.195802177158695 0.0356836480662122 -0.00403317088765598
0.0669639777948929 0.296709954481509 0.00521211350134645 0.0116052911379107
-0.123527317115324 0.302636002161838 -0.0260844963799767 -0.0140557679551983
-0.240155085546959 0.195075270155293 -0.0163156586937719 -0.0749340390364437
-0.240395686093284 0.110954669033592 0.21367743274551 0.0069067609821879
-0.189849715223529 0.183678368103363 0.0864154897487154 -0.0540514826173848
-0.0971939645356624 0.226882923377985 0.0359137832376836 0.0106849331046374
0.0394060889796383 0.230331763722499 0.0370060968730237 0.061446430982095
0.158086523558236 0.169847875835928 0.112027066927448 0.0593201808591461
0.214200629821831 0.0719648824966217 0.13473247013125 0.00119868486604589
0.218587746858968 0.000867737539978752 0.135333626076177 -0.0200529609289086
0.221036827302528 -0.0268232894116818 0.12506958782513 -0.0337187379845128
0.215758035339687 -0.0211271934966607 0.11495560645585 -0.0329664127329725
0.224927789515938 0.0067254356199519 0.0929902733783449 -0.0199783902289056
0.219795228139433 0.0783373283884585 0.0821885495853594 0.00432429530128605
0.140559380315452 0.161988227974603 0.0488210472661463 0.00730077178190594
0.0332699337550186 0.214109726238072 0.0124338042726726 -0.0105146347106577
-0.0939592224841177 0.226273970171031 0.00409739999396603 -0.0540239762958869
-0.183007619513036 0.159937962217896 0.0669875183150802 -0.123059884248244
-0.152214713310025 0.0908819344205875 0.296313573383455 -0.0411069847867
-0.105987564082617 0.131700222541962 0.139226586661934 -0.0912056942756201
-0.0474183088771264 0.139843560024549 0.0531377908538718 -0.0158795915415
0.0245334486115151 0.142207373236262 0.0413082220603481 0.0696328475494804
0.100567496141713 0.111215213004493 0.14038557008483 0.0856355637025106
0.144827006700975 0.0496325361682106 0.194589242364406 0.0219333241643742
0.154643622359192 0.00129005077631043 0.211350403052836 -0.0201354449753152
0.157471880338133 -0.0139999925892791 0.199238628815872 -0.0423053927176882
0.151258892761214 -0.006323236890226 0.178149611641095 -0.0358692547527115
0.146420087396658 0.0210614359818681 0.133903011713903 -0.0109069092085886
0.128698686916991 0.0722322787101926 0.10108484909871 0.0198241488465804
0.0577780561813795 0.112049615737625 0.0468919014474953 0.0232919271066968
-0.00408512723193659 0.110355493568893 0.0130540025629661 -0.0226538673619819
-0.055037334396968 0.125785265253093 0.0285218535384629 -0.0744102125408587
-0.104198049059349 0.104704529669012 0.130653458258702 -0.151390090592583
-0.0371866222072826 0.0494213540483949 0.331221193231515 -0.079365862403635
-0.0111427768674965 0.0469896031313507 0.165628350239155 -0.116668199712122
-0.00267149739777437 0.0260858746269902 0.0572169137863615 -0.0412126817194449
-0.00474919309438741 0.0381881345412634 0.039385270880359 0.0635931217172943
0.0240835303784662 0.0407099884191122 0.148155046548155 0.0928811964650592
0.0519459988654054 0.0236975566373092 0.22518155561456 0.0320386993085533
0.0670433777965716 0.00452264813567947 0.255112496104533 -0.0218941662796878
0.0703293986894813 0.000263792928175077 0.242126088189307 -0.0441764255860489
0.0674059390604335 0.00514823263696096 0.214747236480497 -0.0288138816977091
0.0563954052893114 0.0254165138006436 0.153125128809902 0.00859454644609608
0.0383205444375463 0.0499659102264828 0.0989256093090547 0.0393671809711724
-0.00661380471835743 0.0497304678909674 0.0314740754650565 0.0364641466971451
-0.0180665708131225 0.011543719191481 0.0107483300244583 -0.029797091641109
-0.00189496125366266 0.0330128227929938 0.0490845091624537 -0.0812618002583384
-0.0138546455284119 0.0476963577433194 0.169930681975493 -0.159308829652161
-0.0558032046626522 0.00136324876286822 -0.196925142743905 0.166545118373017
-0.0504840367739151 0.0300504684465803 -0.0624624217813014 0.114672452845125
-0.00651632781958838 0.0518634789279678 -0.000724572624360697 0.0490565460476319
0.032338469910536 0.0209588847437068 0.00879249821702279 -0.0390641008998183
0.0349620971163431 -4.42152854063344E-05 -0.0706702510020738 -0.0627518058256294
0.0227736958680491 -0.00834066055266327 -0.148483777902745 -0.0352209064075232
0.0167185391373714 -0.00922434370021582 -0.207985284511724 0.00756388763060537
0.0278174260113432 -0.0130341726983494 -0.238039121783431 0.0382399242888725
0.0368849289910085 -0.0115558206793187 -0.241176983178545 0.0308741306727894
0.0542951304327085 -0.0111924785428693 -0.207864506038092 -0.0110687923117444
0.0623830315175165 0.00818556092764864 -0.149029192920227 -0.0559363669495877
0.0522662790875301 0.0543592699209472 -0.0604313318410343 -0.0484068653214353
-0.00558439367007098 0.100933461477778 -0.0692859447468945 0.0430905749051232
-0.0755982532780646 0.0607095297133615 -0.153912210632651 0.0817774957558256
-0.0828843937633977 0.0125466484800147 -0.295459373082048 0.0641376174726926
-0.139361949832905 0.0387240831934751 -0.170316623743248 0.151489414639104
-0.108382566274773 0.0773400654656977 -0.0781500131966887 0.101146034772432
-0.0400168909141059 0.109350896539724 -0.00316802458858427 0.0628628425408209
0.0407461843125375 0.087711850842049 0.0214015112587029 -0.0277532792189531
0.0875772650417137 0.0504684094102869 -0.0460512059305518 -0.0673284675910047
0.0984472093683712 0.0122727368559349 -0.127808860481697 -0.0530080451991663
0.0987888566944541 -0.0116983733237018 -0.185023663128263 -0.00504099379670201
0.117506944918269 -0.0265645897475978 -0.209629831560605 0.0277640667108808
0.130193236914062 -0.0204344499665526 -0.207564640463514 0.0289838920101798
0.152107358924964 -0.00368917357794853 -0.175236092000205 -0.00110197817731665
0.156415275821488 0.049504652864653 -0.120954633620611 -0.0342874961585833
0.113467361863281 0.132290944479182 -0.042081331963173 -0.0318166271640504
0.00582465706021231 0.210617524770392 -0.0552759765568357 0.0589905833498197
-0.13073517523719 0.173254614008428 -0.136944967664247 0.0896373619209241
-0.178847124829847 0.0849306970610295 -0.260941110970265 0.0589517305045
-0.213602513497707 0.0698760740047322 -0.109566111064836 0.129153246115052
-0.167200551492887 0.122078607207087 -0.0757887893257665 0.0782572384926229
-0.0820507781374987 0.167242019219567 -0.00647421873634587 0.0679187370653383
0.0408691725238646 0.161696699592532 0.0257161993875554 -0.00894171382900172
0.132954130731387 0.109730361900643 -0.015316870873186 -0.055420833387551
0.166789856153013 0.0387712635648026 -0.0867286753979988 -0.0582830332312103
0.172210246328717 -0.0099257687135471 -0.132711865540599 -0.014802493433863
0.190914318691882 -0.036434583388171 -0.149564137360922 0.0135900085454283
0.201587951707335 -0.0312937347315623 -0.143142354323628 0.0183834244845132
0.229353256344565 -0.00627257489584759 -0.117699623174743 0.00133666160141146
0.238242123084479 0.0695232240801327 -0.0751499579192728 -0.0167105134314929
0.17644579879646 0.183047537856605 -0.0171042132656139 -0.0199815788991115
0.0388393464687422 0.290427162667433 -0.0327729893386856 0.0560475359148539
-0.149300370705022 0.266142743626853 -0.102768408577821 0.0734027104674142
-0.2390841042503 0.150406430106278 -0.193831458000784 0.0316414711316683
-0.263657067478707 0.0944411101687226 -0.015797697540035 0.0965003568527719
-0.21252371493536 0.164055758332505 -0.0429866721566657 0.0418702019143577
-0.11493697998305 0.222215793926891 -0.00103617873780249 0.058726625362877
0.0423111157013116 0.227850141168946 0.0270949834265179 0.0134319122076245
0.167548324156435 0.161119525785782 0.0223831326708249 -0.0255993441769286
0.217764057967632 0.0625704357375908 -0.0243332969261372 -0.0481919544118725
0.222226831181893 -0.00606787681708961 -0.0552272203345899 -0.0197624127430799
0.235292849057323 -0.0400718877768017 -0.0649451969876319 -0.00356031077946143
0.241021321393425 -0.0366293714268629 -0.059482387466617 0.000553646593163011
0.270423030032357 -0.011797283535062 -0.0456744783063226 -0.0055458346989921
0.283339993554792 0.0732491076063774 -0.0173372579348763 -0.00769457427414623
0.2129589509739 0.19913426673266 0.00973645612858484 -0.0118196094810544
0.0658333542121586 0.317789207324417 -0.0111997829920999 0.0373701744843466
-0.13993034590172 0.310782401158346 -0.0635060528209568 0.0353401603946484
-0.256148888805213 0.18857717508326 -0.10684801799106 -0.0148363335023458
-0.272045971853558 0.10772356764138 0.0971735316581182 0.0543308627726153
-0.221769825881213 0.188081973343984 0.0149220756794846 -0.00385755564167671
-0.121685379651862 0.248228720567494 0.0142219971943235 0.0360303909227772
0.0423049649095925 0.255701952031845 0.0291511845097706 0.0388443481668296
0.177793811614471 0.183348343986313 0.0660398864952383 0.0165993266162452
0.233694325156682 0.0739671624454137 0.0527593290320764 -0.0262689338930496
0.23666288819958 -0.00292091472626975 0.0379893266677577 -0.020997394390716
0.243053460878893 -0.0370927440879681 0.0300438485456584 -0.0192691766828312
0.24215790624336 -0.0341060052029756 0.0300693996466398 -0.0186842378638744
0.264964625064959 -0.00925821741883047 0.0281438900662513 -0.0165647208720014
0.272332041017575 0.0719917873881276 0.039388972302878 -0.0044897347342099
0.198371513643589 0.187310328107745 0.0340827410588959 -0.00490549795367502
0.0640950109388037 0.284477787472355 0.00328057080779721 0.012134281704789
-0.117783248088319 0.29091435502717 -0.0266266268223805 -0.0119783934284007
-0.232917386928007 0.188278350652189 -0.0162073742446262 -0.0702917267154495
-0.230903296014218 0.106861083033245 0.205137840622538 0.00651059801767464
-0.183007562639253 0.176681659589358 0.0813604290610703 -0.0502475493589008
-0.0951706041833595 0.217999006237128 0.0342934378821033 0.00987488741202443
0.0386097857761957 0.22201759775687 0.0352267911972867 0.0599404676243809
0.153624905558504 0.162417432448452 0.108088374875776 0.0569931917050678
0.206209943369018 0.0671901104358178 0.128638062706043 -0.000756952694928168
0.210370620962787 -0.000765365811812053 0.130709208241882 -0.02101773714367
0.213637240576456 -0.0282986583574918 0.120845912884222 -0.0338948676080032
0.209070567279137 -0.0220900604819728 0.110681073773648 -0.0332055549061095
0.217401172880298 0.00444790430573486 0.0885893172090293 -0.0200218796388879
0.211998755250944 0.0730086792999374 0.0798426157000408 0.00208878030356696
0.135530157588928 0.155279761531226 0.046878934747223 0.00651980459956617
0.0314133895055375 0.205870529046099 0.0102655150505398 -0.00807386634769295
-0.0897610812631629 0.217160164085603 0.00249281517107127 -0.0503743067731916
-0.17791660885988 0.153926195180585 0.0649865530991282 -0.117550338465339
-0.146337595956746 0.0870774471108472 0.285583604504868 -0.0403828076785073
-0.102604667042784 0.126299823014923 0.133797636018422 -0.0868006791367044
-0.04664481576008 0.134080703369176 0.0513136286754105 -0.0156250570172658
0.0238154976391078 0.137507084611733 0.0406071702326755 0.0669003039841302
0.0976546304622818 0.106554574317848 0.134345518956434 0.0815069059822267
0.139434212742118 0.046369567968274 0.186819915019125 0.0191145425043546
0.149099376162063 -0.000112303447767523 0.203847743458827 -0.0217069382475177
0.151776223216992 -0.0147629779434061 0.192772979867669 -0.0428345669391046
0.145891284526514 -0.0075019174014443 0.171679024879562 -0.0363712617814083
0.141903860552882 0.0195822195670655 0.128599638998162 -0.010752340324074
0.124629585849874 0.0677279312824241 0.0977986966698338 0.0171356769333592
0.0561910626626944 0.107677385472393 0.0449535290094138 0.0221374050708704
-0.00481505252767598 0.106065924784438 0.0107857044947553 -0.0202813443732996
-0.0524306212437207 0.120576206941204 0.0269891885453575 -0.07083096459895
-0.101460766836338 0.100233687088318 0.12712362887247 -0.145162930174356
-0.036343405571453 0.0464824104342046 0.320186846862108 -0.0778403332849537
-0.011973618214227 0.0448180179646062 0.160905373619279 -0.111408852671248
-0.00372072496451235 0.0243698975113089 0.0557516423963124 -0.0398102999069973
-0.00424710092506629 0.0374077773921566 0.0381748401169891 0.0621047452357419
0.0231021945157249 0.0394724622840213 0.142061194771526 0.0888051334463833
0.0498640754611612 0.0219554271997204 0.21665202629181 0.0286112438499893
0.0644769428101668 0.00311050915869741 0.245984847917018 -0.0234791971441616
0.0678503868147365 -0.000218611818417581 0.234429453778236 -0.0447258043336243
0.0650519241441338 0.00529269602576834 0.206290064316616 -0.029983379089353
0.0550186376026801 0.0244512423751525 0.147877181371997 0.00791664106819117
0.0374306438032632 0.0474593360471332 0.0954629359998451 0.0366075861037265
-0.0061005663687158 0.0481474866175069 0.0306647960321092 0.0349395764049431
-0.0178928380082785 0.0118958881022963 0.0091896316885486 -0.0280941780160826
-0.00175893226979998 0.0312744905141714 0.0478559118715883 -0.0776707263772428
-0.0136078376573554 0.0458044055764308 0.165703842453991 -0.153406984126353
-0.0532047288943366 -0.00642050119150324 -0.217816727225049 0.13483901599216
-0.0530470699356563 0.0206802100068631 -0.0799027711699187 0.10170098131669
-0.0137603929456121 0.0495388658646207 -0.00928651945808953 0.0460775369540986
0.0283476374025288 0.0254059352782191 0.0116755364807912 -0.0373581890410901
0.0337537172022426 0.00418814108532008 -0.0610817033558404 -0.0695980456347464
0.0244385288529253 -0.00312398239022388 -0.14258351287935 -0.0544975833497127
0.0171870136707489 -0.00448992965101603 -0.207902163809741 -0.0191711249990669
0.0278069088134816 -0.00796285049194072 -0.240193980464734 0.00140512011917534
0.0369318072498447 -0.00352840830425732 -0.243411943970265 -0.0069886423887158
0.0530726327170073 -0.00190609366835998 -0.203491810825549 -0.0446456889072373
0.0573241345121415 0.0189652779607264 -0.137254573072289 -0.0796076448129722
0.0410554825319085 0.0618305480379604 -0.0534485157487163 -0.0588511883170298
-0.0200128613375412 0.098565334343494 -0.0731777300187362 0.0311308174706157
-0.083108962122333 0.0488697647178045 -0.162886739207786 0.0550557261197738
-0.083582539693243 0.00341463202946416 -0.306579662066648 0.0143158451862216
-0.139786519641384 0.0187318909592191 -0.188016951522646 0.116974425570927
-0.116361879714737 0.0585277049532864 -0.0952100063598644 0.0835907867533745
-0.0556134496020828 0.100103741663687 -0.0157211482832653 0.0557589623359079
0.025110885016906 0.0913294882588776 0.0205189930666573 -0.0264085702421249
0.0762781018354571 0.0622935580760465 -0.0393717314555047 -0.0730824593208844
0.0946772801242152 0.0274038735633748 -0.122994487471613 -0.0671839649647608
0.0990052756985782 0.00528611437873285 -0.184869556233521 -0.0291346660707569
0.119412551332249 -0.0073078096079442 -0.210956918315261 -0.00421854891041541
0.128417204098857 0.00183142298835546 -0.209502894354498 -0.00419544832899437
0.148093482108631 0.0199698846843516 -0.172644061715189 -0.0314882673825623
0.141667270853339 0.0734929902134081 -0.113142585639673 -0.0559314305603538
0.0877087610614452 0.148525000761818 -0.0378825877538181 -0.0409086738346658
-0.0259609512077031 0.207565562940445 -0.0612064144333953 0.0479487111082096
-0.154642985465759 0.149554195931093 -0.145247712307936 0.0664695332272978
-0.190211014453822 0.0573725465221468 -0.269224742580449 0.0164832677764749
-0.217515156343736 0.0393184618203271 -0.123571925695723 0.0968279129431777
-0.18153061113766 0.0937224944570681 -0.0888469431829185 0.0568881526297098
-0.104810702026465 0.150072704265614 -0.0211606723857302 0.0561815045530962
0.0137846702226473 0.162686461179824 0.0201187853147389 -0.0108211202689627
0.110086551464129 0.126262175756862 -0.0146098682718178 -0.0593334394656142
0.157097177775206 0.0631928961880446 -0.0851453924349902 -0.0663240547095333
0.171087120967333 0.0179659678858245 -0.133729504457228 -0.0321832725491219
0.193160075672909 -0.0063283953230396 -0.148581882219169 -0.00885715411152205
0.200791830671718 0.00184390717746326 -0.145322299590563 -0.00515467612494463
0.224632766964824 0.0286446236292822 -0.116899688538479 -0.0216616965248701
0.218413190453559 0.104487927545685 -0.0709094392190999 -0.0336620917024592
0.141520690473503 0.207598860891054 -0.0159940139811617 -0.0268658096829048
-0.00733015736652448 0.289003034303558 -0.0378153624912418 0.047921314889895
-0.187451864371815 0.236264795516775 -0.106476661815061 0.0573226784245506
-0.260199335738492 0.109971475719436 -0.196257308000764 0.000879549217505351
-0.269530186378641 0.0560869890044407 -0.0264108553194651 0.0732056528005564
-0.23176547754661 0.127651850264016 -0.0519004542012179 0.0233273675638976
-0.145693827508026 0.199149849780082 -0.0163991064532736 0.0433545654294635
0.0037080559236987 0.227307153975951 0.0165609208360542 0.00913241644572017
0.134985655004668 0.181595054237042 0.0159102119057725 -0.0264954081961446
0.202275597446555 0.0932838659140457 -0.0279103368816185 -0.047547920607511
0.21919909471247 0.0284987892006903 -0.0575499124231719 -0.0275702461169024
0.23778840151571 -0.00329986795190683 -0.0626867588117991 -0.0128188115935671
0.239988441916347 0.00119852720882691 -0.0589337427318258 -0.01011307354097
0.265315265190579 0.0288941540357332 -0.0451807900646425 -0.0179559938163166
0.262122352486148 0.1135652278711 -0.0152973520128211 -0.0173781805527695
0.175424239564116 0.229042224853137 0.00993679628917585 -0.0155452668398963
0.0153515528234295 0.318835225747328 -0.0137842913071169 0.0328992057936982
-0.185983894715161 0.280148428379636 -0.0601429717662463 0.0260516185136568
-0.283827379607304 0.143013971686978 -0.100387085203993 -0.0303278911293511
-0.280668524007421 0.0694391925290267 0.0904998974684042 0.0456142755217181
-0.246197485332055 0.150128216947119 0.0126366633027559 -0.015166610857682
-0.157243463494491 0.223755749817156 0.000796730343765474 0.0216360904690752
0.000145190651190263 0.255878741501051 0.0151980394861627 0.0323623937596084
0.142186693849951 0.206012270368026 0.0524673629229578 0.0193454729497239
0.215842892315829 0.1064280991239 0.0436831456519914 -0.0151775903897853
0.233574105914121 0.0329765962569787 0.0351332076716556 -0.0172617108629416
0.245538188850122 0.000903109793010598 0.0341277862598498 -0.0148273591034787
0.241740510698893 0.00371775645520904 0.0326533104988133 -0.0157127803030399
0.259828102910809 0.0302150676697155 0.0289111016653674 -0.0170375425532475
0.253507639839452 0.109578397202237 0.0402540514993936 -0.00540198833124906
0.163317577872845 0.214221697899478 0.0332439428380647 -0.00405796297321971
0.0185496496872766 0.286508987272287 0.0037351349457687 0.0111271931297256
-0.160462332585292 0.263279570228029 -0.0172806768305811 -0.0150094938943921
-0.261354107753146 0.14548783909964 -0.000169769787641697 -0.0705321209580707
-0.241194101152961 0.0732325785903521 0.203279542900652 0.0150793055251377
-0.206411551597977 0.145288890989518 0.0850936066756081 -0.0500575545627156
-0.126703155108105 0.198035150227587 0.0250670486518439 0.00154007816521045
0.00161430487801873 0.222903691375912 0.019932740425302 0.0549139745364649
0.121448475446684 0.182970960157239 0.0880850477876867 0.065077707789194
0.189774401482515 0.0956171321244686 0.116808510044203 0.0201863467042022
0.208851521467088 0.0306009310042494 0.127333799297686 -0.00545988189349413
0.216124670031558 0.00427289830735034 0.125462690909711 -0.0152936026555697
0.207420169662277 0.00919770674811381 0.114827602788595 -0.0180752975691793
0.211579656770576 0.0360297032334708 0.0893229471043398 -0.0102738517154961
0.194348645075026 0.100706884099854 0.0794390443445664 0.00909396909080927
0.107299871761442 0.172420993418037 0.0453017086181338 0.0101837662348048
-0.00165113565645823 0.204527739496918 0.0128474325076556 -0.00664878357547344
-0.122253744984781 0.195733142314515 0.0165897874747999 -0.0477666258542986
-0.20150198117277 0.119294689975415 0.0883271016962758 -0.104710411467928
-0.156642013872191 0.0653928498472323 0.287501074466907 -0.0143380821682355
-0.120652652487405 0.108204487880855 0.142760982315401 -0.0745529524777463
-0.0674426621167473 0.123534386403423 0.047792830999655 -0.0157590074022135
0.000737334451523881 0.138622471257738 0.0263544816519976 0.0666469290284699
0.0768209356277244 0.120166449869413 0.11436509408037 0.0948110285521553
0.128039651178794 0.0650511530573134 0.175108658839933 0.0469584724703365
0.148241295771586 0.0212955014950889 0.201165424301239 0.00352921613425461
0.153059015984726 0.00773738026412821 0.197115319378874 -0.0132247243521535
0.144354539589374 0.0143613945159884 0.176008952129511 -0.0116167037877776
0.135949997358697 0.0393406355894684 0.128146493113869 0.00683479476952437
0.110956699985668 0.0828000322198012 0.0944739782156903 0.029157129526403
0.0382161280328661 0.113572337987858 0.0414352876408676 0.0265190996774726
-0.0222973999061182 0.102353895998074 0.0141676841145724 -0.0174984520654386
-0.0711777509528433 0.10727465279036 0.0410993432916167 -0.063820387764371
-0.118064711289885 0.0779880162644863 0.154118042965489 -0.123205900762613
-0.0438658746187659 0.040746371392034 0.326487453389968 -0.0386552374277717
-0.0198590314901561 0.0422690928390373 0.176144945806705 -0.0897022685517719
-0.00874756078062198 0.0234395646773272 0.0603576920027822 -0.0328951328634852
-0.0102486398164708 0.0362672548654466 0.029109006221343 0.0642154623492563
0.0156742061160574 0.043651252689497 0.124973140641245 0.105207542013462
0.0442948508167541 0.0274588547174914 0.207629550111869 0.0586536472967751
0.0640968495012327 0.0113675057877724 0.246178466560752 0.00739151375529223
0.0680242294631749 0.00861565516386086 0.239143846667078 -0.00940379561386008
0.0642001904226363 0.0132240160921051 0.209440144281473 0.000854717174086326
0.0509126120448707 0.0316167280439271 0.144821980314819 0.0295131975268154
0.0300523764150041 0.050451533042954 0.088551065126626 0.0500489022826609
-0.0123821031855322 0.0457796287305876 0.0260250763566878 0.0386020961017267
-0.0203452620195228 0.00862520768048091 0.012289877552722 -0.0253516269723346
-0.0075122382883433 0.0289430644872649 0.0603928010486475 -0.0675226409643158
-0.0227416600954027 0.0386483522624293 0.192599628365201 -0.125760417948261
-0.0532796010363637 -0.00624292502926181 -0.224599379627559 0.139125440235992
-0.0530608140787723 0.0213207900974566 -0.0839751332711016 0.104914374126357
-0.013233830898579 0.0510189027536405 -0.00968999939932197 0.0470898064744027
0.0281792680318178 0.02541509362067 0.0116654059575007 -0.0380151407796549
0.0351188975807489 0.00379275144154049 -0.0608320145406678 -0.0707602443787517
0.0250513651701236 -0.00274297013781102 -0.145389144375048 -0.0536002242160801
0.0175036299562914 -0.00405034351491039 -0.213096473781128 -0.0174138967356039
0.0287719102836448 -0.00797290254435713 -0.246771444267717 0.00310029471626712
0.0380208621468058 -0.00425485575659707 -0.249424384359691 -0.00510765301207894
0.054366027178752 -0.00318472751739751 -0.208148839774217 -0.0455079920727139
0.058043108704336 0.0189053507265627 -0.141437749056606 -0.0811629174905464
0.0416818354924383 0.0631437760503653 -0.0551709293532658 -0.0600610221123609
-0.0204188996330544 0.100386853098345 -0.0750414210285149 0.0321849836118282
-0.0850434225150309 0.049426113064959 -0.167924633623972 0.0553519668836156
-0.0857049444509007 0.00394724872309019 -0.314634068456258 0.015905241140297
-0.142150124065975 0.0191294764440823 -0.194283995386539 0.1212928146572
-0.11789854645333 0.0590521869074897 -0.0995193480428614 0.0863243012918701
-0.0561584014263658 0.101364851956977 -0.016443083301125 0.0564601972318513
0.026041856999798 0.0924193661396718 0.0199719975977097 -0.0263791318836212
0.0783059920144031 0.0615540003853885 -0.0401529742943267 -0.0741260713022936
0.0965080591550656 0.0270543081185282 -0.12573798343454 -0.0674379313259137
0.101148377923355 0.005104928671325 -0.189189577172882 -0.028348557653714
0.12213961330885 -0.00880776601903661 -0.216981681341256 -0.00232914549413912
0.132234654879658 0.000309671347112226 -0.215552699618166 -0.00290111543160508
0.151959981370364 0.0189167914786083 -0.177982505195928 -0.0319100185010851
0.14509843539372 0.0745930677325407 -0.115585343796562 -0.0578510192867724
0.0896844789268239 0.151779011062087 -0.0393914939174102 -0.0423940231253043
-0.0267959586263637 0.211991555604021 -0.0630977240880206 0.0499291347893672
-0.15833018990634 0.152312696955136 -0.149764014316497 0.0671888663302962
-0.195682426418066 0.0592533920141362 -0.276469185394049 0.0187005647061996
-0.220285444701995 0.0399230832389129 -0.129068458825807 0.100377483938158
-0.183872435220571 0.094960841573849 -0.0927876140928222 0.0599993386827275
-0.107148796633885 0.152728295857035 -0.0212899995709013 0.0569528938668253
0.0142836073218842 0.165911392463223 0.0202386717938775 -0.010889553782838
0.113258706874081 0.126660473409006 -0.0143253540972054 -0.0599450761658513
0.159848001746446 0.0632504909669971 -0.0878407554998517 -0.0667733179931183
0.174825889551739 0.0167179965442434 -0.136458652002458 -0.031655807085108
0.197675661998061 -0.007945849733699 -0.152792939534002 -0.00771555303999773
0.205757232063413 0.000105620129181541 -0.14897926504325 -0.00408647022157926
0.230344130239479 0.026810773224028 -0.121064754645169 -0.0211020584317467
0.223841559097062 0.105298029035847 -0.0719927768989686 -0.0357408716790627
0.145556714106354 0.211631795208115 -0.0171829336760596 -0.027377750643403
-0.00710011375146717 0.294902948173158 -0.0400129494776624 0.0512413745870646
-0.191481353124983 0.240892052083894 -0.109969933811918 0.0592812024737841
-0.267744778355601 0.113604147458863 -0.200991832603838 0.00446423224376365
-0.272991850617956 0.0571993811166143 -0.0292179468873249 0.0756037488195601
-0.235203965868161 0.130099179371953 -0.0554762832717137 0.0263791896156611
-0.149342943184604 0.202417622386851 -0.0168121624856795 0.0438791669661221
0.00511531370449283 0.231725333049892 0.0161529622410808 0.00994647943964977
0.139147586199347 0.183430234498616 0.0163816753164565 -0.0270372708580467
0.205882790145223 0.0934157671459399 -0.029942215379148 -0.048615829271973
0.224374862325843 0.0272995719906089 -0.0588639514864987 -0.0275792756178872
0.244237498083628 -0.00588786301813637 -0.0647377884082419 -0.0127382810951874
0.246288732646052 -0.000183988187055259 -0.0611593210636654 -0.00971038420930886
0.272370477481024 0.0271717524689739 -0.0475348601213221 -0.0180831444178461
0.268768874786966 0.113462984799849 -0.0150557340699358 -0.01958586343651
0.18069748883098 0.232829501074045 0.00978375142283147 -0.0162396227365847
0.0151375056482937 0.325816540143238 -0.0160020586813357 0.0364527006921038
-0.189293220815964 0.286726720738583 -0.0621822594499876 0.0276988483975468
-0.291945098138006 0.146950149601847 -0.102477037595214 -0.0284168787109764
-0.285283043652644 0.0697833692151659 0.0906014786114699 0.0468495349011388
-0.250417849337166 0.153182924731477 0.0104540486488437 -0.0135214163794103
-0.161604664977486 0.22781981863675 0.00148549109004314 0.0214629361813252
0.00149552059122045 0.261353827368028 0.015098408262311 0.034320563529831
0.145884358549937 0.209011886115818 0.0532650095363559 0.0201956291855955
0.219720896049251 0.106703563990959 0.0433276114208282 -0.0160310737869209
0.238627421519179 0.0320643184038128 0.0355111596724749 -0.0174884243886445
0.251269854040165 -0.00152146926441472 0.0348944132358308 -0.0161657613018206
0.248194970795656 0.00167066563402667 0.0333684522516279 -0.0169178349062692
0.266348461151357 0.0271059865902315 0.0283346006591536 -0.0171113474483703
0.258713829321059 0.109436995199736 0.0412795441872189 -0.00777611950126596
0.168109086669684 0.217554050075553 0.033597051895974 -0.00462410783330088
0.0182311218495788 0.291803576477128 0.00205239747719475 0.0137576327314676
-0.163981125181485 0.26880324454249 -0.0182470192913201 -0.0132083906678391
-0.268667906766213 0.149858646089551 0.000816850274361449 -0.0700509098030776
-0.246038099124486 0.0740732528464154 0.2068969314415 0.0150943467345487
-0.211431512020285 0.148643859974653 0.0856704925304072 -0.0493463913617384
-0.130375163849446 0.202702786333393 0.0257258896515179 0.000569397444613163
0.00227412267456452 0.22813453591584 0.019624785244946 0.057542631020529
0.12502174856905 0.185883002876447 0.0895803744394436 0.0670347329914832
0.193655574224375 0.0959967569650222 0.117732330831599 0.0190355756758247
0.213533853008882 0.0288333508018332 0.129583009206066 -0.00667390611938481
0.220880938247653 0.00258443409137951 0.12852304929794 -0.0176327793081943
0.212676833400048 0.0078430572678534 0.117325046650513 -0.0195711995781803
0.217345427404318 0.0339927102478969 0.0904506061258395 -0.010721191921984
0.199138464378649 0.100922690620722 0.08104787273506 0.00723942646001861
0.110709851370964 0.175623329070164 0.0457259031599959 0.00967108182899895
-0.00252069607027265 0.208353567137869 0.0111387531801083 -0.00520425366149558
-0.124246677580331 0.199560420418883 0.0164580609199984 -0.0463920759396111
-0.207089797802795 0.12197876587165 0.0915201216863872 -0.105562814224053
-0.160334125760939 0.0658541630096663 0.293955814268813 -0.0159739261230373
-0.124214131711466 0.110524044521857 0.145888879120754 -0.0759934972046797
-0.0705793720660563 0.126793419881725 0.0491295058330866 -0.0169844776948386
0.00143065440598235 0.142039362917743 0.0269899656524175 0.0687904100634442
0.0790215479378539 0.12279499830396 0.116251297935108 0.0975800864206912
0.130732567079986 0.0653777516681201 0.177360601011452 0.0457895361075181
0.151629776946377 0.0199511221370725 0.205844566834899 0.00180304789419819
0.156673110254799 0.00662677770690003 0.201901450789894 -0.0159024493205265
0.148416712856415 0.0136801782723667 0.18015556325082 -0.0135271102457835
0.140066873342179 0.0387234995192106 0.131027189645961 0.00604723525141494
0.113605637166973 0.0827155727536821 0.0964212169945416 0.0275196350416985
0.0396376501472527 0.115836449505233 0.0423812986463764 0.0265666016815245
-0.0230820197944402 0.10424480821648 0.0127757095230788 -0.0166628116865737
-0.0723668038690012 0.109103961519908 0.0417366651358352 -0.0631673573028323
-0.121340880217163 0.0795368780921661 0.158371578921874 -0.125235964409747
-0.0455503212066612 0.0409776217018098 0.334561163206975 -0.0405444042382879
-0.0207147809945373 0.0437561642372338 0.180822451425487 -0.0927857448475476
-0.0102577220839916 0.0236867410607408 0.0617603120145808 -0.0343026043335845
-0.0101800746388979 0.0376488410078187 0.0298226236192295 0.0659145282898152
0.0158747799071628 0.0449638268929374 0.1279843935539 0.107874265626071
0.0449236271414442 0.0274780689861854 0.211604798237675 0.0589314312881077
0.0655037319472876 0.0104086406378018 0.251416801715829 0.00500116295760064
0.069467207868686 0.00823062424895432 0.245288990244513 -0.0120724639503569
0.0660734854955006 0.0135878898194165 0.215356478362282 -0.00157269795852335
0.0528764024987971 0.0323803120558406 0.148696523411888 0.029388568871453
0.0311204068361738 0.0507869504836391 0.0900114662413949 0.0500943693520461
-0.0125558393826043 0.0465320391683527 0.0266330216123545 0.0396769850410729
-0.0217547606374527 0.00907676793094557 0.011523999929038 -0.0257514896559041
-0.00792165903854865 0.0293342395898893 0.0622990661140216 -0.0680203209594472
-0.0238376179309188 0.0386297783151075 0.197482806563779 -0.12924401289021
-0.0537260837266902 -0.00486053106763247 -0.22625746760292 0.152823062492012
-0.0529826410346237 0.0231087216133053 -0.0836355095480687 0.111910576818768
-0.0108233053685085 0.0525855347676464 -0.00875642487741004 0.0489001417152113
0.0297415062099135 0.0245126711590552 0.0108799428576924 -0.0389561449953046
0.0358581735129001 0.00139725789423184 -0.064018616133471 -0.0700874434536405
0.0260014470751631 -0.00404868682515971 -0.149906847596787 -0.0477103156075833
0.0181655717430542 -0.00467324676170061 -0.219197897445601 -0.00826828272036141
0.0295304681478033 -0.00912627666668176 -0.255224593799468 0.0141557794827577
0.0392019168268043 -0.00650066591299162 -0.257439579952915 0.0056719259013687
0.0547975569540354 -0.00557883774136237 -0.217192458130693 -0.0381557742793379
0.0600312156250037 0.0176691624537855 -0.147915810559169 -0.077617639895152
0.0450619785351572 0.0634076712562405 -0.0594221168184782 -0.0594113765783288
-0.0171589474327578 0.102947384083032 -0.0754816221350463 0.0361982870873138
-0.0848543800084846 0.0535705310238235 -0.171084295348421 0.0609968151536515
-0.0882244223200192 0.00754149329357788 -0.323937449967995 0.0286309329944208
-0.143327516273945 0.0245556158847598 -0.196775251346322 0.133443133088023
-0.118178190252026 0.0642760786521827 -0.100397732358185 0.0937221548997599
-0.0534167679571985 0.105681091668297 -0.0145602968510536 0.0588244693787611
0.0299162796793006 0.0929240811311782 0.0193520257761603 -0.0276767526265065
0.0823367603772363 0.0585002689983942 -0.0419013336747428 -0.074071234162182
0.100155460986464 0.0238470181836466 -0.131144232920453 -0.0628595769598016
0.103781207733576 0.00112282851722733 -0.195267679254936 -0.0197691835103115
0.125273529570523 -0.0142830130447427 -0.223857077162826 0.00743232777595681
0.136600060639644 -0.00520920275093697 -0.221624885620833 0.00634921292023138
0.156773547001752 0.0122476542876583 -0.184937950177707 -0.025652230823634
0.151789718745156 0.0702161521740369 -0.120889247867374 -0.0556518206915267
0.0975312854062718 0.152322619514901 -0.0426416797876783 -0.0416811618978713
-0.0195169541831043 0.217716357047513 -0.0635421585499403 0.0553708686305045
-0.156749017877365 0.161410818986707 -0.152666063532816 0.0748044878715367
-0.199318783476147 0.0692383919287023 -0.283461907809669 0.0315844059209172
-0.222930193322266 0.0476794871273602 -0.130066524055432 0.109591393475581
-0.183686856583658 0.103382902713488 -0.0952571530798168 0.0675664273107432
-0.104136369063561 0.159542895323658 -0.0194182063456228 0.0588435843188926
0.0211266821054836 0.168323859760779 0.0198168961122865 -0.0105336223300646
0.120878723491274 0.12370647059975 -0.0159213888526981 -0.0608377831832438
0.16527642720043 0.0574649594922137 -0.0934482616659672 -0.0643896307773839
0.179910061496528 0.00968518815966338 -0.141380792401046 -0.0257020884562678
0.202621538905478 -0.0171823036046722 -0.158436903394027 -0.000824966558322913
0.211713151529367 -0.00890750058581072 -0.153325190505207 0.00273408671266546
0.237664949504955 0.0165586277825824 -0.126749381537645 -0.0171602337356772
0.233900196354393 0.0983097986264014 -0.0748545324553226 -0.0354175695107277
0.157262080819795 0.211515767952906 -0.0190740908453016 -0.0279743177426175
0.00262488449630355 0.302540118493708 -0.0401574946160329 0.0558903586710223
-0.187269258873375 0.254195388058744 -0.111406507940026 0.0652230228492709
-0.272134246016547 0.127220908508806 -0.20577900811219 0.0144626170140744
-0.277046789720229 0.0673474840978755 -0.0292030091026488 0.0803455261820063
-0.236225456850767 0.141108370627044 -0.0573747427349474 0.031328856598115
-0.146255696188394 0.212664984647633 -0.0154826763417945 0.0446809613776529
0.0139516636104436 0.237566910090968 0.0169249722959049 0.010496043766844
0.149192656577231 0.181894436855761 0.0158993424672715 -0.0280787475668546
0.213776219049679 0.0865560818605857 -0.0334084905695555 -0.0477833573647506
0.230409574210589 0.0178965223169656 -0.061422860269616 -0.0246874879608292
0.250377238568254 -0.0167215316876106 -0.0680320339179959 -0.0102590216537135
0.25429314408639 -0.0113796428927686 -0.0632996986152706 -0.00697385316755228
0.281597833894535 0.0142506846289182 -0.0506679809622393 -0.0159621392059417
0.280167970113133 0.104854839049504 -0.0160773503976663 -0.0213782940398234
0.194437855079993 0.231564515798875 0.00852792488599525 -0.0170220792591445
0.0274612249187219 0.333590561037922 -0.0161918315422154 0.0404075000969801
-0.183642909860784 0.300450403681252 -0.0636457094266726 0.0323625431015645
-0.296152466592399 0.164038150973561 -0.104916448819108 -0.0222617236305609
-0.289539237148519 0.0811129056844387 0.0934431776406117 0.0456743523169703
-0.251060537035138 0.166075244386146 0.00952486608674603 -0.0117877236613175
-0.158790209871226 0.239493051845079 0.00154694540423127 0.0214193280267843
0.0122562658102187 0.267932608558165 0.016258477171467 0.0356427521578577
0.157410641157035 0.207524864332668 0.0553420594182969 0.0194645007827677
0.228893609125237 0.0993923809610356 0.0423443745045343 -0.0177818809006345
0.246144230641247 0.0219061950269247 0.0352224133779721 -0.0193016314899448
0.258261346846456 -0.01399242413658 0.0343305723203375 -0.0187509576052654
0.255998903416123 -0.00956568888014952 0.0336314341906683 -0.0190286008099267
0.275205477065724 0.0157345720155521 0.0272718619388364 -0.0183816512507892
0.269673878896669 0.099507445405426 0.0416270022978529 -0.0115423719086864
0.181300035130596 0.216215249239172 0.0340536080286552 -0.00627318817224179
0.029029540906692 0.298805665643684 0.00112670129970878 0.0172377173585895
-0.157894764334709 0.281840235350077 -0.019830271876184 -0.0107009822237999
-0.271806094999943 0.165037898562015 -0.00029552663711901 -0.0692948350347754
-0.249773360836662 0.0848272153286814 0.211588148837722 0.007981220692856
-0.211464813291955 0.159793286231927 0.0852694484074217 -0.0525145978087012
-0.128396539166608 0.212947561855869 0.0268360049624893 -0.00157427418598043
0.0118800642115619 0.234083037818775 0.0220261988931257 0.0589218002526249
0.135918438751588 0.185745332380745 0.0945435966213771 0.0664657588956731
0.200957680714723 0.0902611153176988 0.119493470477015 0.0147571184608612
0.219468942521857 0.0203897374837439 0.132274576259236 -0.0123170065146593
0.226562650466169 -0.00719020324155566 0.131556921543165 -0.0238797411149141
0.219599497422336 -0.00178031364013363 0.120213240715266 -0.0255352720131331
0.224735289701462 0.0244658766125022 0.0919991925697515 -0.0143729311992934
0.20762677883396 0.0934366474624691 0.0825653708599437 0.00180521072316182
0.120479119380624 0.174704034183549 0.0475609493798651 0.00779715519677484
0.00435053034194094 0.213984787877235 0.00985854589732323 -0.00316814481779401
-0.119605204609907 0.208930598173319 0.0148808857222775 -0.0461728435742557
-0.209361685175547 0.134167761007449 0.091881214127723 -0.11051064132942
-0.161863600511706 0.0731085971429541 0.30008444531275 -0.0280168780416034
-0.124183417397694 0.118009059617477 0.147823349515319 -0.0821541214280435
-0.0690096906330158 0.132604302638282 0.0500190071232649 -0.0201637104647241
0.00753536785862218 0.146110352083982 0.0302492087868148 0.0703584018013671
0.0860479243742248 0.12282506989544 0.123345686797063 0.0962929510592741
0.135468398181562 0.0619905308885487 0.182244875774779 0.039557615633625
0.15593273494614 0.0136529376756711 0.210496039506831 -0.00716042090749691
0.161367605816701 6.62256732449976E-05 0.207647261937934 -0.0265366096438912
0.153564470190536 0.00717916055791335 0.185049491450974 -0.0229789943583645
0.145727123989082 0.0334506394330838 0.134483214398663 0.00157305098731184
0.119791666855646 0.0789389049946866 0.0994949563755747 0.023617899735745
0.0457666179496084 0.117219068003592 0.0442180428564336 0.0252074654103808
-0.0203944624988496 0.10811574816802 0.011055249924029 -0.0156503308539242
-0.0700688934732254 0.114592204859978 0.0415011771658404 -0.0646781199975289
-0.122652894941558 0.0865655132496286 0.159487083877614 -0.134924811207381
-0.0461594028149016 0.0434027219717854 0.342318899555976 -0.0554853348576035
-0.0207302867846389 0.0457930756748145 0.182338158138192 -0.102447804239935
-0.0108585523522007 0.0250712674034165 0.0624320447644458 -0.0375857813516422
-0.00829379445687766 0.0394417252385616 0.0338744509568075 0.0671625518905725
0.0186250468299542 0.0462286457922818 0.135218610321668 0.106101785617623
0.0466079721358849 0.0267123006910839 0.217792198849773 0.050822933843404
0.0677735470638934 0.0069136811512836 0.256964425332231 -0.0063479805724121
0.0714401402050584 0.00545681275573705 0.252852271374066 -0.0247969750143533
0.0680674743206627 0.0112140427649415 0.221890359633266 -0.0122703223191845
0.055722996062225 0.0305821482365619 0.153523955150283 0.0237872850278869
0.0340317918283709 0.0502501326807353 0.0946072312637201 0.0467224874849679
-0.0104696994282367 0.0483908596406858 0.0286490787356392 0.0385339942265911
-0.0223123170505418 0.0107642137150406 0.00962927383302008 -0.0254590715216057
-0.00688974624805375 0.0304512760139515 0.062328685288837 -0.0705422657148122
-0.0240098042052723 0.039607201843983 0.199300292432881 -0.140850251103659
-0.0533662083885151 -0.00195370306144252 -0.217854798453527 0.167815406698187
-0.0506919559049834 0.0256039918203701 -0.0771788345920745 0.117965354830675
-0.00698001013135827 0.0520471100075012 -0.00532926082803891 0.0497725357391365
0.0309719538728095 0.0221987339042505 0.00847917353376778 -0.0393496131130416
0.0354494541428679 -0.00182505076027871 -0.066766878918805 -0.0663172565298017
0.026076182063298 -0.00585724921953964 -0.151015262367922 -0.0372971386348859
0.0179071137120626 -0.00524206289959918 -0.21862419407609 0.00649738775056611
0.0287122979304189 -0.0116336842921937 -0.255003594123287 0.0319729514827282
0.0389625934639336 -0.00944554398557839 -0.256642354632174 0.022450884779078
0.054580048126892 -0.00959118401801368 -0.219326873618227 -0.0241074724996345
0.0611679581642414 0.0141122436968551 -0.152189970041407 -0.0680253865236364
0.048354065238843 0.0604003988818821 -0.063875073316286 -0.0556420957916139
-0.0107265171227042 0.102984268048647 -0.0731187093229182 0.0407748715810073
-0.0816462746645226 0.057989527604816 -0.168741905159887 0.0700143139470011
-0.0872495496165695 0.0132321695246333 -0.322110385322021 0.0494286858364299
-0.140762452842967 0.0314793945812778 -0.189786779541498 0.146912296156973
-0.112294666725101 0.069843476239411 -0.0955993719716196 0.101378568436705
-0.046655780562512 0.107177982381907 -0.0108038636311798 0.0591013623678175
0.0353644071600776 0.090293528799503 0.017985655829795 -0.0280166559341954
0.084729117125746 0.0519699923989135 -0.0453773418620525 -0.0713618255622031
0.100618343482869 0.0168297125265926 -0.133974783814811 -0.0539949112880305
0.103584215326953 -0.00523486170129163 -0.195533605970652 -0.00604104545692948
0.123744212432774 -0.022403483431064 -0.224294359059848 0.0228494668482964
0.136032210184404 -0.014978764592442 -0.221534324110297 0.0218680372716901
0.156958039442331 0.00146981820584965 -0.187196527632361 -0.0134854292807071
0.154933533636978 0.0607284099386107 -0.123689688668419 -0.0488179979612471
0.106574910516648 0.145959070398898 -0.0458289938363438 -0.0392123016624102
-0.00729386098278307 0.218029136844758 -0.060313557079998 0.0603746257530098
-0.14750254762923 0.170086447762298 -0.148173957720684 0.0830449671244699
-0.195231397913925 0.0817560179010491 -0.280499909823595 0.050361116879591
-0.218575890582044 0.0597094515594042 -0.12440079576484 0.119317479738789
-0.176082978052839 0.112523992472568 -0.0924359233533634 0.0752068509510145
-0.0946901418346307 0.16439726093612 -0.0158700147864573 0.0593322010095322
0.0316770951722505 0.165850463494486 0.0197080506075269 -0.011215235120212
0.126735122198776 0.11446241370205 -0.0186842254186977 -0.0592536806519948
0.167529374897026 0.0466365431735794 -0.096489615439667 -0.0568562105185829
0.17926711105599 -0.0015095486206873 -0.142534385262584 -0.015841101654169
0.201461897083691 -0.0306814600154207 -0.159204442716177 0.0094953439048732
0.21226268685848 -0.0233690544077856 -0.153072601592241 0.0131751190533234
0.238173711703135 0.000408886591732884 -0.128733678508052 -0.00851256841380553
0.239482421750486 0.083138230002641 -0.0770654761313131 -0.0319789141708123
0.169463497309616 0.200932574676506 -0.0213397783158079 -0.0259006260917313
0.0200156398247619 0.301430440368225 -0.0371638412689157 0.0615029417094861
-0.172323102570937 0.264346757187254 -0.108224980415388 0.0727526772851834
-0.26494683016456 0.144917651682628 -0.202322580599982 0.0292411058829347
-0.271861165248451 0.0826139075619764 -0.0254787487478071 0.0835008869775346
-0.226786566894967 0.153425907298805 -0.0568867491773752 0.0373897798559813
-0.133866809683528 0.220488798353642 -0.012590665455059 0.0444993592165447
0.0293210607256084 0.23450995701807 0.0172387347772999 0.0103145785706554
0.159866920336973 0.170279881131821 0.0150291327733811 -0.0280979881388901
0.217075013593627 0.0723765204342908 -0.0367910750609908 -0.0451500985663601
0.230933966066656 0.00309568138111171 -0.0624728046438995 -0.0199810815235313
0.248522513277576 -0.0339222439579827 -0.0689861509052419 -0.00557041253395398
0.253464395363834 -0.0287549995156503 -0.0637043553364458 -0.00293971817744194
0.28145871155317 -0.00571860987147455 -0.0529496744858352 -0.0118474059950794
0.285578071151466 0.0850319413127068 -0.0176207691938939 -0.0219380421035428
0.207113853741747 0.217917410930437 0.00689926608946217 -0.0173228594566729
0.0463248739345685 0.332136240240056 -0.0134968211769859 0.0445511457015609
-0.165692406477936 0.310246833961222 -0.0613043929187855 0.0380311050852211
-0.285714195537485 0.181874000257239 -0.103439595801965 -0.0137427929691532
-0.282847675117865 0.0964911823167764 0.0940665148802266 0.0413889640264172
-0.240081003734574 0.179774114162237 0.00777663158469399 -0.00999256886577626
-0.14507275401633 0.248263456435428 0.00297979662871371 0.0196819886227992
0.0286832155091323 0.265532426989035 0.0182773862400151 0.0353477799023043
0.170274693360883 0.196214698853331 0.0569458962357578 0.0169275564231748
0.232564889085259 0.0851848032717653 0.040029577706017 -0.0206432081567043
0.245779512387627 0.00578737106736124 0.0341806349962301 -0.0209777197189619
0.256667865464656 -0.0308603655301912 0.0324923313191605 -0.0210749927783563
0.255755850855634 -0.0267643344154773 0.0320551170192014 -0.0211600031770961
0.274873262233278 -0.00482268230455642 0.0250637396444634 -0.0193599756642962
0.274611550988369 0.0806449201474205 0.0401646171541152 -0.016283075191953
0.193894980950441 0.20310388859922 0.032784918055565 -0.00844303095119717
0.0460552929041071 0.296558562591451 0.00219622964939268 0.0200497837616104
-0.140543442434701 0.289343834899044 -0.0195757763957973 -0.00789752598389864
-0.261885726766386 0.182412792429627 -0.00151233049192846 -0.0677447199213874
-0.244321603629441 0.0976185425184764 0.209725708848293 -0.00425716382321337
-0.201196328558942 0.171452669656859 0.0815605769961267 -0.0561963138373335
-0.116920138848658 0.220261833239529 0.0263049645285004 -0.00480332057493325
0.0271306436682497 0.23230655982822 0.0259651852709513 0.0580500435613687
0.146839165254038 0.176028026830327 0.0986676604154361 0.0610127602740014
0.204506606026674 0.0781737346205791 0.118695242023303 0.00711740180288555
0.219938300994941 0.00591830413650218 0.130595085504092 -0.0201703866040977
0.226083524290544 -0.0227478228381581 0.128850549377791 -0.0333908480438553
0.219645705614364 -0.0158902069167837 0.118319017834108 -0.0337108480231367
0.225461496552389 0.0084862224924152 0.0898969208566859 -0.0193543883233723
0.212754226185304 0.0779732474054838 0.0817269941574274 -0.00515009813261362
0.131381245563061 0.165914799385599 0.0476832587375828 0.00434185086992666
0.0164858666788942 0.213118766862542 0.00862335848470139 -0.000364505189564127
-0.106959922673548 0.215284291207607 0.0131981070805332 -0.0451933075584227
-0.201197997291978 0.14615738997777 0.0867644803408131 -0.11513215544451
-0.158524099849816 0.0819831744020574 0.297531692215285 -0.0456912864212062
-0.117343011817737 0.125197587244769 0.141973647568485 -0.0910195221127228
-0.062920873108619 0.13720057952116 0.0485655550512383 -0.0241482064446105
0.0168610431642168 0.145181755072568 0.0347965583336736 0.0692187161910566
0.0937016634158166 0.117734007018177 0.128829828511281 0.0895571273374187
0.137713408645851 0.0536352163368033 0.18259371229617 0.0280352625617035
0.156018507155356 0.00325000238761919 0.208871067063997 -0.0203919023452128
0.161436812956829 -0.0110272551634192 0.205919867301858 -0.0412738975907142
0.154346215396142 -0.00252845609928972 0.182557852424139 -0.0355204727732573
0.147305205784738 0.0226722865886235 0.134265055676189 -0.00728490371152275
0.123915801424464 0.0700610700679098 0.0997305208692916 0.0157905946884435
0.0532688433642485 0.112921873430616 0.0457495778335349 0.0219346120076626
-0.0146247361757243 0.109710664397273 0.00905121577592269 -0.0139899589291297
-0.0628879842526269 0.117811792069267 0.0388022973509503 -0.0654181273349563
-0.118090450795953 0.0933211902461314 0.152811058490654 -0.144000979532471
-0.0445516846600689 0.0453361844595005 0.337206322893016 -0.0765725375020545
-0.0188515957643084 0.0475829673428179 0.176889153329333 -0.113412561855734
-0.0104820577433363 0.0264133782102991 0.060107247742704 -0.0423240164417865
-0.0055373332841505 0.0399542717069437 0.0378478905357763 0.0656932039508645
0.0220328213305089 0.0452635682438484 0.140925712180597 0.0984640201199132
0.0474388314639809 0.0241745498373131 0.219293148593223 0.0368108957809981
0.0671675597678572 0.00180750917938316 0.255450674404751 -0.0234075984890244
0.0720471034097341 0.000667520730160924 0.25075252782434 -0.0426244258581529
0.069187485417325 0.00666335304792097 0.22004780162109 -0.0277711769455724
0.0582916660400392 0.0271218539821062 0.154765587284319 0.0136233930894557
0.0372038718815189 0.0472438093277121 0.0959371951903817 0.0401788965541042
-0.00695918030122398 0.0485079413175305 0.0311131331599317 0.0363397813404447
-0.0222289946953206 0.0129140067154462 0.00684549798205659 -0.0250575184521403
-0.00489213252437109 0.0301338389158007 0.0589274359674887 -0.0734836639552206
-0.0222717247388957 0.040661055153858 0.191427110405633 -0.153743787138417
-0.0505900750493554 5.61618874035542E-05 -0.201154935191577 0.173443248549277
-0.0469341350407835 0.0263722945241188 -0.0688529335613102 0.117914493543319
-0.00364107474129831 0.0494470755494921 -0.00217753231339056 0.0480984266409325
0.0304372249193067 0.0196547455886886 0.00608318351504172 -0.0380496293483043
0.0328488699775653 -0.00418263494504502 -0.0666232632698672 -0.0606282665236679
0.0250707054639884 -0.00732496935284486 -0.14564194001077 -0.0272877755327603
0.0171657804636405 -0.00512807916250201 -0.209255942141526 0.0187428008787857
0.0271503856090559 -0.0124469273957751 -0.244206167762892 0.0456828271659867
0.0368633693508277 -0.0116096531681011 -0.245570861392118 0.0365401123189057
0.0515319444969272 -0.0124015840988426 -0.211966085214012 -0.0117059437318374
0.0592705894691359 0.0103771551407441 -0.149322693236987 -0.0575845264297595
0.0493128823996459 0.0554768839676081 -0.0641737970724191 -0.0496848450903749
-0.00529950397169633 0.0988507274278598 -0.0678044490430979 0.0426530609752201
-0.0763990420757781 0.0593811937883089 -0.159831346914398 0.0744256801595441
-0.0831712533823035 0.0172311564297069 -0.306180211985121 0.0640024538018444
-0.13287985374723 0.0366084520840008 -0.175391816585028 0.151788570954133
-0.104053586468032 0.0716269331593246 -0.087464687206453 0.104271238277939
-0.0392165345555729 0.104053362877068 -0.00738333546755321 0.0571390891400631
0.0378449142232065 0.0846476244301884 0.0162870052891558 -0.0279408761474671
0.082807821160176 0.0443974497363436 -0.0458619550636007 -0.0665514020919676
0.0971311052311557 0.0105027162614055 -0.130302191076691 -0.0436449400863901
0.0990714902534465 -0.00982981491229595 -0.187586312153275 0.00500270531270271
0.117889673388703 -0.028411283419594 -0.215281103670785 0.035339889365577
0.130955911490956 -0.0225778037004066 -0.211808728524182 0.0329625721003157
0.150422744719634 -0.00732316110344195 -0.181241798354539 -0.0020575056438202
0.152441452618703 0.0498770349628135 -0.121744498496367 -0.0410182048578574
0.109492862587612 0.134624072788321 -0.0467929250915438 -0.034878717005397
0.0034909080688045 0.209567014737773 -0.054355131085443 0.0621444262283961
-0.133602901301809 0.170342950582594 -0.139113240711664 0.0870621945591964
-0.183833899710369 0.0886238432703016 -0.265781363246574 0.0637107035128225
-0.206409754769091 0.0673322960495224 -0.115001100034673 0.121412960500431
-0.162951262802001 0.115497440899658 -0.0853122434841169 0.0789324708047338
-0.0827553496726 0.161370937788274 -0.0128127131481564 0.0567837636739689
0.0383615054688975 0.156888592180056 0.0180935136199388 -0.0114538234631472
0.126627803879365 0.102587804597391 -0.0198961293672785 -0.0557887273832283
0.162257461678426 0.035881751227452 -0.0952720679238569 -0.0492283258444637
0.171589119462748 -0.010583516697381 -0.136909971077218 -0.0064957487358624
0.19150108844925 -0.0405979853892762 -0.153578866782212 0.0196734197309074
0.203066277849533 -0.0340188820806605 -0.146570942958295 0.0216077685855163
0.228127358995119 -0.0138905236502479 -0.124733961399504 0.000428844490164928
0.234051746282812 0.0668133475998327 -0.0766467234972226 -0.027768383122656
0.171916904016928 0.183853673753583 -0.0228650711656951 -0.0239310254331813
0.0334025689254191 0.28908173411613 -0.0321049042873111 0.0625563899198128
-0.153021751029876 0.262018020951754 -0.0997599901910032 0.0757340413357173
-0.247366298367735 0.153420292069824 -0.191141421884426 0.038972661077499
-0.256084733948397 0.0914419862320189 -0.0214408141018123 0.0828990815717902
-0.209232616434935 0.158040747945847 -0.0528479773673842 0.0410416676414577
-0.118255568115635 0.218035317892978 -0.0102684825139122 0.0422168039553145
0.0397918765988913 0.222829206054731 0.0174198332451671 0.00934058395264245
0.160993180364693 0.154076263681961 0.0140498581596519 -0.0283173277585983
0.210379060684987 0.0581706674033825 -0.0385844848285944 -0.0404915061000611
0.221092769514905 -0.00912673986836071 -0.060491355899173 -0.015223824335701
0.237025102949767 -0.045940586321766 -0.0670826642375482 -0.00126302304253688
0.242654994428816 -0.0415232143795144 -0.0612091184850854 0.00149229251406112
0.268753664080731 -0.0223204026332963 -0.0516897888709053 -0.00780326677067453
0.278719768840397 0.0656455806406091 -0.0193405896106687 -0.0219101152667384
0.209783985541266 0.198408723642536 0.00565753283888049 -0.0169441956436964
0.0608337833272861 0.316149119524748 -0.0106764503362311 0.0462978819145678
-0.143897059491484 0.306335270610601 -0.0561019860178114 0.0405146776963681
-0.26612735805823 0.1904211691846 -0.0976886919303721 -0.00723850210427635
-0.267462609322062 0.104982759567117 0.0914633244850782 0.0362199295119045
-0.221333965080762 0.183757352178901 0.00589396997222937 -0.00825916662898877
-0.128352841832102 0.245956956533485 0.00352547324878604 0.0173663145433542
0.0409610304247278 0.253075422803191 0.0194223936916833 0.0336265956258242
0.172420164621863 0.179271586549739 0.0560207450804583 0.0134337686367533
0.226276784335529 0.0701278666866542 0.0358765612753797 -0.0210426637952106
0.235524826262229 -0.00784685872348633 0.0315550442559283 -0.0208775763152251
0.244741092251444 -0.0442656920803487 0.0298185463446352 -0.0217657489033371
0.244500034190847 -0.0398894251335931 0.0298238403430082 -0.0222607159416741
0.263229704429656 -0.0207383162690673 0.0225179504696505 -0.0183916614376389
0.268004808597206 0.0615449838486427 0.0360260582212888 -0.0194703583711102
0.196454200762297 0.184552500106508 0.0307652854841448 -0.0100485776025335
0.0585462060252714 0.283404707547733 0.00391069935427346 0.0225107879064262
-0.120510568242761 0.284567495489323 -0.0179567481338883 -0.00514787906732541
-0.242754248341164 0.188611920852856 -0.00180949286646105 -0.0644167879290973
-0.229603889434425 0.104574860757293 0.200439255230268 -0.0132648273491549
-0.18494998211386 0.174833339166502 0.074862174174739 -0.0568347046075061
-0.103394901296932 0.218382517296191 0.0245248335202197 -0.00679350479912282
0.0377243465249116 0.221246756984797 0.0278076883383721 0.0552075877863181
0.150617157870732 0.161908150792069 0.0985197092975461 0.0541208182083135
0.199841465481564 0.0649015480940113 0.11301936718783 0.00115107418026628
0.21068481282488 -0.00655374828605926 0.124080680414155 -0.0261859828935612
0.216003941275236 -0.0349715006526764 0.122027072518028 -0.0398994531684012
0.210858796196087 -0.0271186851252592 0.110977918733667 -0.0396264057723852
0.215767293281383 -0.00568559926741619 0.0852434728603239 -0.0226738493295452
0.207448874451756 0.0623650841161388 0.0764483506526904 -0.0102014467486535
0.134621214890656 0.15212519015283 0.0455353376021556 0.00197006190572526
0.0261203887749099 0.204762543900389 0.00901089705636196 0.00177808798760344
-0.0918407095641305 0.211688251425987 0.0119557301685003 -0.0422405783917512
-0.186533620592688 0.150942655752998 0.0798456630482949 -0.114951091285494
-0.148247254461226 0.0854629205042429 0.282211515260829 -0.058175031998916
-0.106880225599841 0.126243320693629 0.131543636339929 -0.0937985540115646
-0.0546152373291446 0.135986960086119 0.0454426229268771 -0.0271749222901518
0.023664001105535 0.138297401079751 0.0371332413315743 0.0648555882541468
0.0963572535747332 0.108188093870551 0.128801819541708 0.0801493338859797
0.134136137539643 0.0451639262176463 0.174856908592495 0.0179319667677895
0.149014699315955 -0.00595085738674414 0.198784704136499 -0.0308702930771235
0.154399503684121 -0.0198342942782205 0.195625818058033 -0.0514509074485057
0.14822644799509 -0.0109501810805133 0.173256092674382 -0.0453974971869497
0.141644709236943 0.0127356759146156 0.128103971936515 -0.0131153641179812
0.122119737991566 0.0594212698947321 0.094905244968783 0.0089417937649853
0.0570416019308454 0.105137908343854 0.0445274248425763 0.0186266832414114
-0.00921386551479121 0.10674347814805 0.00789841473883102 -0.0114575743914477
-0.0543212021708146 0.116081109036476 0.0354180242790953 -0.0634474476755905
-0.108873283922753 0.0952368741408175 0.14072409133527 -0.14671836217184
-0.0407393475575064 0.046039705412943 0.320275065425326 -0.0908505971792309
-0.0156236260130839 0.0470051683934038 0.16390255783602 -0.118525019503054
-0.0096878034543182 0.0267775896535988 0.0554742353982478 -0.0441929564451519
-0.00276089160206232 0.0381938191493689 0.0394787716133867 0.0615181353642738
0.0239663240486243 0.0422197318440972 0.14087348097869 0.088069301547169
0.0465160268752783 0.0216316713631099 0.211202716271286 0.024454690266938
0.0641634935043313 -0.00198463467294659 0.243569932370528 -0.0363855211181397
0.069449507150695 -0.00359207276368849 0.238583478018818 -0.0564944417361853
0.0671953283755317 0.00285646929908701 0.209217108568354 -0.0394986084146881
0.0575411979332977 0.0227660514196701 0.149455773359806 0.00454482341737403
0.0380045665333344 0.0429239945639275 0.0936228975760152 0.0331413277861833
-0.00399302279172692 0.0467549324208065 0.0313516603938495 0.0330003802470689
-0.0207422724763999 0.0144879678608667 0.00433451581038357 -0.0228066269873422
-0.00356584309845782 0.0297527409237613 0.0542425527673709 -0.0726964740797805
-0.0198659738677283 0.0397001374382085 0.176553732071131 -0.158011103468633
-0.0453472254611595 -0.00699415320227975 -0.206192538084309 0.136710760253682
-0.0455847265671265 0.0166333054613945 -0.0796651863670258 0.102955602598965
-0.00938073826281809 0.0442966548317981 -0.00956760354142291 0.0455991599145729
0.0252403406738643 0.0224951217020977 0.00904005739108866 -0.0332452267639036
0.0309267055115582 0.000149414439224127 -0.0541355798888875 -0.0623457979367679
0.0254510554422066 -0.00450581272592101 -0.130319781303686 -0.0403182537535627
0.017872914613943 -0.00162730090719975 -0.197814499089103 -0.00471688383330204
0.026695187985182 -0.00759780646116853 -0.235825617599578 0.015624042096853
0.03748300762861 -0.0059373566005613 -0.238558096306486 0.00561979422552263
0.0505648479058186 -0.00520448410715515 -0.201425052219083 -0.036025616852369
0.054586477443027 0.0179094384707176 -0.137410046136465 -0.0736064001324902
0.0400856958271896 0.0598955962145261 -0.0574430854394356 -0.0566872076154277
-0.0156938550027407 0.0926964995384275 -0.0689273422003762 0.0297841438564311
-0.078178898187196 0.0475466045232223 -0.159243837841903 0.0483762379034365
-0.0791838307250754 0.00829148527027076 -0.301700677889847 0.0244384412188271
-0.126190279045221 0.0160502146918505 -0.184534774828407 0.115306284480388
-0.104372563143551 0.0505163003998132 -0.0989243751980158 0.0866670051992601
-0.049907337432656 0.0897184402771864 -0.0193137554451582 0.0525536195465662
0.0224913300386354 0.0831000861853605 0.0145421277501805 -0.0223547471813358
0.0698648623370409 0.0530352140563515 -0.0370978929555012 -0.0644647196830228
0.0895417564774121 0.0217073851826889 -0.115307045089734 -0.0506434654189234
0.0953413504591108 0.00381366321689835 -0.176364941689452 -0.0142778493685246
0.115274507113513 -0.0121200552287718 -0.207062753852407 0.00872211179335466
0.127425614363098 -0.00466675047790889 -0.207023716555174 0.00598588004507708
0.143127924844016 0.0114645902727404 -0.175830534335608 -0.0248783118430152
0.137999816032443 0.0673457647556814 -0.11512959093188 -0.0576753639304026
0.0868659828376382 0.142542083624651 -0.0439593578013661 -0.0423094266403031
-0.0201102852614875 0.198514942286082 -0.057632935473958 0.0469255297082559
-0.1462615590952 0.146150720864834 -0.138224606906196 0.0584912847881345
-0.18453088854869 0.0647136534445863 -0.258895006511254 0.0242074487264651
-0.196922446719935 0.0346496482470186 -0.129842277692268 0.0902226251619174
-0.163697987013194 0.0830918326292524 -0.0981025309030942 0.0627635661240594
-0.0981772888835118 0.136187639359473 -0.0283403387230464 0.0502118464604988
0.0126164223113922 0.149619764667495 0.0113319732004462 -0.00749833856165309
0.101610313506054 0.113252516443047 -0.017355032202737 -0.0512324617995109
0.146154210074792 0.0543345490535861 -0.0831026310605997 -0.0490081802323708
0.163168757518914 0.011341832186504 -0.128495147712357 -0.0196481983167057
0.186692688680842 -0.0151866227533376 -0.147274296965658 -3.70639704236395E-05
0.197147614450034 -0.0069027288903576 -0.144576197754388 0.00169588361569079
0.216602175817689 0.014878666115835 -0.124434075300706 -0.0171983700038529
0.212062063151914 0.0924341934642054 -0.0773851452213133 -0.0419824690787565
0.140700857514455 0.19706310008886 -0.0243595105927131 -0.030465545953787
-0.00185191127730087 0.277644651424469 -0.0356212368559716 0.0480971745188807
-0.175938633336335 0.230113434014801 -0.0991272486417258 0.0492007928800915
-0.253411674036512 0.119088407607527 -0.182288975389799 0.00569183416436475
-0.246175454054147 0.0507954261880939 -0.0420542044138534 0.0614695252731464
-0.211533148937991 0.115635543372371 -0.0669082835538478 0.0299201677912377
-0.138885103552917 0.18385044405879 -0.0284893858611197 0.0355674316216732
0.00350995157263534 0.211085536330933 0.0053547236570562 0.0115330089800084
0.12587900205184 0.166915658486705 0.00790726778303261 -0.0210368724204613
0.187711859684942 0.0821759132993014 -0.0322581024655065 -0.0326997667802645
0.208958703359013 0.0185071120111775 -0.0572710139009806 -0.0188631218013275
0.230503459702007 -0.015244253364525 -0.0630099764558502 -0.0102445165279793
0.235378686723804 -0.00974467015517229 -0.0617297407421131 -0.00825657568834627
0.255005019036113 0.0113725686962718 -0.0559557323263399 -0.0154688508412057
0.254932722049387 0.0961117769284151 -0.0256307446654496 -0.0298040358037884
0.174531456320103 0.214859868759931 0.000262451070021441 -0.020769721276806
0.0216130751643614 0.306269830335431 -0.0140075431960039 0.0346236760176545
-0.171658967462503 0.27317733253372 -0.0524483036342289 0.0190884659255832
-0.275874860783488 0.15221835480353 -0.0847385861242072 -0.0306904482440418
-0.257775765355373 0.0622488483190596 0.0655082434627949 0.0305006409383575
-0.226766827767485 0.138323135724924 -0.00781854663127698 -0.00974729848686301
-0.151606726662339 0.209195709297203 -0.0148450408632735 0.013664075297201
0.00108048997896473 0.239396497474674 0.00333545504709431 0.0335773653211238
0.133195537061672 0.191970386112996 0.0405205546338831 0.0224525927734785
0.199767168050172 0.0955947896624009 0.0337813224058864 -0.00593282247251418
0.221423142459056 0.0203133737227316 0.0290774481052011 -0.0138710545982115
0.238097544081079 -0.0131612585126563 0.0310455334139635 -0.019533958586947
0.236283711433246 -0.00760966322791305 0.027331523054971 -0.0203347424815717
0.248944476212656 0.0117476942680605 0.0158962743832741 -0.0179312049695752
0.244326637625642 0.0905056161949599 0.0268553954386684 -0.0204795442895455
0.162717374515901 0.198711323693337 0.0247827361672673 -0.010984729232547
0.0231043433090006 0.275318030647492 0.00221107476006648 0.0148724077658817
-0.147683165961405 0.256079468131005 -0.010642550506724 -0.0187337539943187
-0.254063637579164 0.152015479878668 0.012913292022106 -0.0743014358405115
-0.224184101772062 0.066590938626537 0.17265042372851 -0.00155404473970886
-0.192416328286113 0.134890132920943 0.0626606459955828 -0.0465259194901906
-0.124718296149177 0.187333632495717 0.0085562315411623 -0.00614698887193717
0.00244165209471025 0.209886183881757 0.00991477194974997 0.0549085152458245
0.115269996977207 0.172545108550553 0.0762739752367466 0.0647276495946643
0.175167616073449 0.0876731180376426 0.102642621757127 0.022700690397426
0.197654189347514 0.0183712944277885 0.115368543862674 -0.00908449648447971
0.209580913059468 -0.00764891791357458 0.119767412223262 -0.0259564586171446
0.202595829084068 -0.000518449718326663 0.107465275360156 -0.0275216845413326
0.203010724723612 0.0202202238595092 0.0773040383349097 -0.0141100244354806
0.186532056891244 0.0832817239967374 0.0665570057236665 -0.00612957450050449
0.107808250097789 0.160309904009487 0.039057276299553 0.00286384836162104
0.000445785732466752 0.19730334750807 0.0101940209136613 -0.00158516959183829
-0.112099732799865 0.189596952687459 0.0209329057760752 -0.0479052085051703
-0.196856727661325 0.1228391565473 0.0965209763189358 -0.111748145159914
-0.147416118947911 0.0593477696498646 0.256820438130744 -0.029910154770637
-0.115225382237685 0.101971556098354 0.123928395534798 -0.0739789969733574
-0.0699502993467257 0.118889761892214 0.0353793049010844 -0.0207889243297382
0.00113048642158957 0.131374117813908 0.0208960474043627 0.0648148282836912
0.0733260440627248 0.115743003802491 0.10365293347483 0.0913217999110761
0.117712762745072 0.0611621606419263 0.158593073691884 0.0421407979265503
0.140018438255273 0.0115407441980919 0.186932700372756 -0.00580331435259609
0.149335400600226 -0.001369370470452 0.190063863220807 -0.0285897953001751
0.141242772412715 0.00659606909368111 0.167766028652355 -0.0253874306802886
0.13092713856599 0.0286694589100651 0.119301157430666 -2.76388730908235E-05
0.106153571605097 0.0698299047934366 0.0844560307189564 0.0154557442032336
0.0411782754743862 0.105909854900913 0.0385631958400072 0.0201637502771913
-0.021527702014945 0.10097075940127 0.0103897234225405 -0.0120354686722133
-0.065150113456783 0.102963606746492 0.045142001912415 -0.0610792754584244
-0.117445144758326 0.0782826592560931 0.156354003328987 -0.131929708484296
-0.0435798285912787 0.037052716710853 0.300574706708246 -0.0502930268381187
-0.0207946944364136 0.0417858913980602 0.162584216134269 -0.0924664234472526
-0.0132825242700829 0.0242935536136365 0.0545486677146925 -0.0355153495031952
-0.00845949338507381 0.035051471973561 0.0281357477843887 0.0608891258063803
0.0163132703325336 0.0435278611686153 0.117999459574511 0.0978502861757767
0.0387545136041779 0.027246408641457 0.192260208594594 0.0478133272319696
0.0593280822519752 0.0045336061044467 0.229985759654383 -0.00725289766257309
0.0669521266150052 0.00422555437376672 0.231577403364075 -0.0268008861227393
0.0625892066504647 0.00973426924826597 0.202693307780885 -0.0156337677693658
0.050569969384593 0.0279640046296404 0.139644495415404 0.0197111806924648
0.0298763502912878 0.0445090402770941 0.0832148860324296 0.0402983436772292
-0.0090915013434975 0.0428237651323761 0.0261980701376731 0.0336780272451165
-0.0215309387447701 0.0122762610432006 0.00744255136342991 -0.0206538260605314
-0.00732728663205065 0.0274204787680601 0.0623351240923549 -0.0649120728973123
-0.0263527078332567 0.0353776550262664 0.189473159425753 -0.135178692174601
-0.0433694984998308 -0.00794691654779038 -0.202480321743917 0.127989824646368
-0.0450721748267195 0.0145189856342928 -0.0791299263453397 0.098447079888202
-0.00984507516678376 0.0412282533806933 -0.0102248275401519 0.0442753627601327
0.0237810765603953 0.021955137612421 0.00961439584926395 -0.0317828094330967
0.0291055327156576 0.000385061953066303 -0.0503729603460366 -0.0619191204843437
0.0250284941685071 -0.00438858448875952 -0.123710155345796 -0.0417472858915552
0.0181752150541016 -0.000480339573947794 -0.19041776660972 -0.00743921166364161
0.0263152874311422 -0.00707005370996039 -0.229206529859049 0.0120488171422167
0.0362045768524572 -0.00562221271027431 -0.230682324194297 0.000887717654156305
0.0487253345933299 -0.00376745069653006 -0.193887634427585 -0.038756303259358
0.0524205970486557 0.0185014321467005 -0.130469228714979 -0.0747339071538145
0.0373469995413633 0.0592792873136342 -0.0541762445066153 -0.0563318639894982
-0.0174882255956154 0.0888182621678785 -0.0669506162849631 0.0270407457813084
-0.0766293638173557 0.0441790010395146 -0.1567614922133 0.0418343962605056
-0.0766033652407035 0.00639813956748528 -0.290885250069061 0.016403599961242
-0.121008759069248 0.01214817599366 -0.181433017450188 0.108221524078431
-0.101747858174846 0.0452374722846711 -0.0981446819157188 0.083322093463748
-0.0507642405112388 0.0840922047692025 -0.0200981711305791 0.0501968720305407
0.0199235088437055 0.08005269766292 0.0149154055811688 -0.0216799299326522
0.065232994562929 0.0521588162002898 -0.0336403586777138 -0.0636190557451271
0.0854993260817919 0.0225504720815435 -0.109859357652763 -0.0513137071882979
0.0922538174318438 0.0059172197596082 -0.169691558431215 -0.0165444134923119
0.112189102701131 -0.00936912855164473 -0.201331265777273 0.00577938469371595
0.123325711534332 -0.00208194850578569 -0.200284207659415 0.00216514477753522
0.137457180574293 0.0141417601016554 -0.169682156043978 -0.0270024387076931
0.131610999929669 0.0672676994606867 -0.110972432274497 -0.0584777532395035
0.0803067681944156 0.139707396948838 -0.041888609075851 -0.04204356251241
-0.0255483727900445 0.191797012278867 -0.0558397333661747 0.0447211068463299
-0.145383427965712 0.137779337060146 -0.13586398279146 0.0519146726845758
-0.179485911013349 0.0588465584371008 -0.249039892923271 0.0170803257345211
-0.190990395966765 0.028030349945195 -0.128035335248776 0.0857529558567698
-0.160068168293563 0.0749937650179401 -0.0961849410301238 0.0594755429110008
-0.0987511828449771 0.129044821319835 -0.0291868318393176 0.0474139983836497
0.00755769983894313 0.144057481474791 0.011585233895376 -0.00680533378051388
0.0948315353321227 0.110659057808849 -0.0142931787487778 -0.0502244063126549
0.139663211525193 0.0552767739283112 -0.0790932178920682 -0.0490774440996865
0.157027208361281 0.0151621700827366 -0.123605340563852 -0.0211222322322466
0.181499075414476 -0.010900538341772 -0.142567478809101 -0.00161155386588904
0.191259572329804 -0.00333366737914258 -0.139800575600915 -0.00102931737890996
0.208861466806138 0.0174678050693249 -0.120106376514758 -0.0176399877723598
0.203524643678297 0.0928085146638613 -0.0743353145812657 -0.0425484761836065
0.131240446180334 0.193783731028033 -0.0230584673228971 -0.0295981995796577
-0.00834454484927871 0.268964537011596 -0.0349506019501403 0.0465046092587128
-0.17621993389688 0.219508566224083 -0.0965531298648093 0.0443415260366966
-0.24748250930448 0.109369096727584 -0.173767825850885 0.00146988242405565
-0.238807373946751 0.0422494792125616 -0.0424610439026514 0.0599626638833083
-0.206821725207165 0.105193519924973 -0.0658611919287061 0.0285745327455442
-0.138881314980862 0.17342791501023 -0.02908611002314 0.0326385945228829
-0.00110223478886345 0.203082435936258 0.00465760125079744 0.010739606826429
0.117313215292988 0.163541208853981 0.00926598958069555 -0.0202027988265855
0.178583143973362 0.0829258451378395 -0.0306605805802345 -0.0317058704199762
0.201123575203049 0.0222140463072776 -0.0545243211152428 -0.0185265757924461
0.223554018165046 -0.0108039514051664 -0.0615197830905532 -0.0102515195108926
0.22794572825578 -0.00502514435926111 -0.0595966870693121 -0.00901640281110025
0.245925952138966 0.0157258699667748 -0.0538639887153579 -0.015258367638574
0.24343170382163 0.0969351259986575 -0.0252847437262496 -0.0299580119518278
0.163607418879054 0.210425208835565 0.000704626970071765 -0.0202705156272871
0.0131481112799655 0.297671095415447 -0.0132391870825249 0.0346343252919899
-0.173360891681287 0.26027941442871 -0.0502268768930017 0.0166489239067003
-0.270384685648835 0.140919170284195 -0.0788385719913749 -0.0313791576800862
-0.251138500046758 0.0528230532587088 0.0614790088925454 0.0318090719790516
-0.221735630818145 0.126812318554608 -0.00757373801475262 -0.0079628717939034
-0.152904968214957 0.198609923136343 -0.0164475333288822 0.0120786693771238
-0.00504441594088918 0.230592555451607 0.0024567122293227 0.0331694872551718
0.12421955869183 0.187675199728996 0.0398994844581493 0.0222945346262266
0.190522576373831 0.097245100645408 0.0319381108542072 -0.0043095074704894
0.213635745277348 0.0250609499514444 0.0282250425631028 -0.0127906253945617
0.23101440969622 -0.00844396952116305 0.0298569115235708 -0.0181756313747799
0.229550058691785 -0.00348855384472 0.0267625512967124 -0.0193121249023395
0.239508874468908 0.0154805092360786 0.0157804497237514 -0.0154939775417047
0.233643829179867 0.0905008418602389 0.0252749818160804 -0.0195119918145677
0.152615119886022 0.194727118482112 0.0237368111534724 -0.010066881003862
0.0149767436961265 0.26746651276985 0.00351115104176686 0.0164766304960372
-0.148267449373951 0.24385030231739 -0.0088064194299238 -0.0186410788739345
-0.248731782270696 0.141560648349308 0.0168706499593332 -0.0723399766481343
-0.218911634964879 0.0577781950530918 0.166187719575028 0.00348786606479317
-0.189128582717825 0.12565455765699 0.0610925581919444 -0.042252894374322
-0.126486470484413 0.178672276023299 0.00696770944452105 -0.0067384815038634
-0.00303738147820336 0.202466442002625 0.00852938540061077 0.0539331909917754
0.107881058988859 0.169537358505921 0.0734797062322615 0.064486656324863
0.166692558803332 0.0889619171298869 0.097229440631443 0.0246023883171566
0.190434855132687 0.0218632477936754 0.111625997939456 -0.00599656408881268
0.202842235462639 -0.00323553697714101 0.115621866021447 -0.0235896658068598
0.196544487260556 0.00263413083952601 0.104648544115619 -0.0248983371035083
0.194211265619182 0.0230008146093256 0.0748457048096374 -0.0111546589916794
0.178232913944032 0.0831938598560547 0.0628886132592621 -0.00469136487407272
0.100935847929472 0.156536406884185 0.037713214556211 0.00397111560777531
-0.00365368425545181 0.191244335269937 0.0108168579903778 0.000969349677171814
-0.112556402069843 0.180147499677759 0.0233233630318893 -0.0455730259733587
-0.193060448544964 0.11367420251777 0.0973025613995644 -0.106781371272977
-0.144074209933803 0.0533943321467482 0.248078865550376 -0.0225240246992616
-0.113548808378759 0.0956713906354663 0.120860445259539 -0.0683213721788848
-0.0708481473245016 0.113917367185602 0.033736665311913 -0.0205822436882792
-0.00192327535087192 0.127143803409307 0.0194076359414362 0.0631973733312873
0.0690931609887811 0.113334664043703 0.0991138729153019 0.0908652166052017
0.112038006767091 0.062595322864138 0.151267341366087 0.044983007594032
0.134587986653875 0.0140894596428884 0.180194941228894 -0.00228168417612172
0.144843232513731 0.00181282271008652 0.184444164123084 -0.0255450403054326
0.13742418020452 0.00951193751167304 0.162284953422781 -0.0224031804556194
0.125272417199209 0.0302968399056227 0.115591037268825 0.00236251363259102
0.10135744632319 0.0690602786066888 0.0799857718325459 0.0171181274902795
0.0374868605185219 0.102792416352351 0.0367227071519681 0.0199463724152236
-0.0230105383051 0.0973483566379483 0.0106332583062526 -0.00950367447153965
-0.0655104886708275 0.0982413789251979 0.0462979230284507 -0.0577629498936282
-0.115635527351698 0.0725909725566351 0.155008538081017 -0.125250901472742
-0.0436693431834164 0.0343726597225998 0.291645434360729 -0.0417370636508647
-0.0209571694307253 0.0400778527438469 0.158715836807884 -0.0860170402734352
-0.0136896220792819 0.0235650555207248 0.0526843169585615 -0.0330025599946453
-0.00894931025987712 0.0336562717275173 0.026540758987132 0.0598479670237221
0.0152900152517074 0.0423834537871827 0.112320363904673 0.0978209273223334
0.0367763550556248 0.0279244312012607 0.183402526043017 0.0507616498491245
0.0562077126740536 0.00569650505038453 0.222171333604267 -0.00215421955395412
0.0646042213422049 0.00495392358981463 0.224359372156489 -0.0238623412312051
0.0607562552491396 0.0109939752271186 0.195608072955785 -0.0123335490796505
0.0480985073777218 0.0278050784580218 0.134311297745213 0.0217613708035377
0.0280568474651114 0.0432974831500656 0.0790565525761707 0.0405244741764934
-0.00946394900408759 0.0408854037199059 0.0242863944317016 0.0328758449476924
-0.0206917309315211 0.0118333351096861 0.007640658331314 -0.0185971030533844
-0.00786780668680267 0.0262254300910769 0.0628532923726089 -0.0605784768183757
-0.027007003629434 0.0329162285062924 0.186577025095106 -0.127515876400391
-0.0426283828209108 -0.00991198728410863 -0.20840294981656 0.121973310991058
-0.0454954914067619 0.0123007985484164 -0.0826105598277979 0.0971631295128446
-0.0116623047192692 0.040665461756294 -0.0112553867747865 0.0437970671012134
0.0227402723906391 0.0223445253291288 0.010533584560153 -0.032368623430682
0.0289762398343701 0.00149388062405155 -0.0483621619175702 -0.0648495552328669
0.0251279074249093 -0.00366813360703545 -0.121322055532885 -0.0457945151725286
0.0183923368660521 0.000456886196248819 -0.190729456031045 -0.0135226502908335
0.0269981041394321 -0.00573171997917105 -0.230516107805987 0.00757820883714525
0.036289324393524 -0.00429615127544503 -0.231403699613999 -0.00640555222797332
0.0488735292993812 -0.00240783202786296 -0.193636982542817 -0.0456214237153091
0.052126552141319 0.0206874732779302 -0.128176754927052 -0.0797652022155105
0.0352131987527236 0.0608888728416692 -0.053035648416136 -0.0586612874520087
-0.0213683799437972 0.0886432227202944 -0.0680253819360434 0.0239588953697848
-0.0795552182405644 0.0414602885487231 -0.16012113399556 0.0345725311522056
-0.0768218500254144 0.00359296194037563 -0.292740006165723 0.00652456802233699
-0.121371846429504 0.0073739148165535 -0.186339422782388 0.102698795317495
-0.103643801693189 0.0407064119635664 -0.10141969406364 0.0809228831605647
-0.0541539541740652 0.0820280798379497 -0.0223321346679695 0.049454338969477
0.0168689960827989 0.0804818172004649 0.0149431010363918 -0.021198886811112
0.0633498969578875 0.0544469271694853 -0.0307752630295595 -0.0653387210351026
0.0847472590660624 0.0247451517618731 -0.106831426875503 -0.0549149162206995
0.0930030367434793 0.00981646487803593 -0.169451087569141 -0.0221810029694079
0.112965485797382 -0.00573371410382634 -0.203322821866867 0.00100903977562467
0.124374043790967 0.00213422574015339 -0.200929327234592 -0.00409916312302155
0.137718908916993 0.0177814747561014 -0.169114311185944 -0.0318418814410023
0.130271603495263 0.0720922775190285 -0.109400852821444 -0.0633261164838689
0.0754413673117305 0.143710345224577 -0.0404712057386833 -0.0437822652412233
-0.0331582550406161 0.192351407881201 -0.0574416808404236 0.0432292442252886
-0.152121114838312 0.133240728979973 -0.139308474815962 0.0462800286177302
-0.182228858866077 0.0525245683842337 -0.25021591402597 0.0087904421665823
-0.19242499445156 0.0205416083503402 -0.13157461077357 0.0817698944453476
-0.162569078987991 0.0681762268180427 -0.099185244248214 0.0577505012284497
-0.104070440488077 0.12485873078197 -0.0313401614757094 0.0456619488787798
0.00254930798984855 0.143776465759996 0.0110967547249689 -0.00654456849131573
0.090884736036945 0.114392557266681 -0.0120204622573344 -0.0511954937222729
0.137655117631696 0.0604207080581266 -0.0768045891043994 -0.0515930685526624
0.158217533824538 0.0209511413611638 -0.12318650231457 -0.024086108277068
0.183548361682637 -0.00519637720387332 -0.143569689552503 -0.00451040082657608
0.192773815717356 0.00197588176017303 -0.140262819288137 -0.00518006272709226
0.208318957438296 0.0239897247229852 -0.120414607131074 -0.0208314365350832
0.200778501620924 0.0988225768892369 -0.074550451231993 -0.0453440975444712
0.124486675938659 0.199212638196392 -0.022069410917746 -0.0311228605327016
-0.0189067261883215 0.270868921037618 -0.0354264697114898 0.0470021233219999
-0.185405941211376 0.214286304314653 -0.0981353634629576 0.0398619711273599
-0.252575154723084 0.101239622484898 -0.172700199096752 -0.00453750304568554
-0.241362627598592 0.0330992972885291 -0.045626191913786 0.0592086282914865
-0.21068671666868 0.0971028653710889 -0.0678091783971058 0.028051075496866
-0.146810667722067 0.169445638590837 -0.0315483836328918 0.0312073337092506
-0.00874356714973804 0.203101195096688 0.00420341264585395 0.0114910806597533
0.111904276915078 0.16784045770958 0.0108844155621101 -0.0204781148795184
0.175806987138068 0.0895878347557026 -0.030056899987782 -0.0326717195590947
0.201001405965058 0.0297890154733404 -0.0537617744959382 -0.0202824420153064
0.225870268304472 -0.00414045278265201 -0.0618752633772951 -0.0113002739217603
0.230545286773983 0.00199463993450208 -0.0595220570021305 -0.0109533774499764
0.246051350822648 0.0222739876598843 -0.0531618693537325 -0.0155201302049774
0.241520356920697 0.103888501999405 -0.0260747343884443 -0.0309453522770727
0.156102500179772 0.217442616556298 0.0013379266622712 -0.0202430421917045
0.00185503824540416 0.300350749093714 -0.0126981848745627 0.0358641421785068
-0.184212703673556 0.256293636652186 -0.0499965059266499 0.0141362686614355
-0.27550298138458 0.132271221097988 -0.0761936161745956 -0.0349768411946201
-0.253819334923423 0.0428405536104493 0.0599663539072742 0.0345065431514478
-0.227606612456583 0.118826143911675 -0.00788631238062752 -0.00732268450838628
-0.161606488524663 0.194544748189584 -0.0181945209297838 0.0100976607854058
-0.0134830428458376 0.230661534323374 0.00173043522021941 0.0338715531931701
0.117823555047136 0.192992341922072 0.0407274639793807 0.0233328748868045
0.187761364765875 0.104016249154732 0.0319005522073019 -0.00249293531077125
0.214225321313989 0.0323272084816855 0.0286131375875175 -0.0117863435613492
0.232838608532178 -0.00135365082292878 0.0304742441945999 -0.0167358974225091
0.231183667152053 0.00325479332133639 0.0270091565170962 -0.0189672650916006
0.239022602619917 0.0220591383414485 0.0170891953428743 -0.0135366204926292
0.230820218128384 0.0969821216963724 0.0243261080394336 -0.0183957633261398
0.145925016841465 0.199685924488326 0.0245475354468857 -0.00833941164169563
0.00608141842421852 0.268971146606107 0.0044460407782454 0.018303701922661
-0.158092305244118 0.240359426653194 -0.00700360512243455 -0.0196952005398678
-0.254957648286403 0.133220713512383 0.0211958946615992 -0.0730837588875697
-0.221973349001302 0.0493047974253865 0.16566626217517 0.00988909035480169
-0.194388918583535 0.11814887883736 0.0616230408135165 -0.0396291404473545
-0.134785125396751 0.175548216146586 0.00618345057622951 -0.0077266276754071
-0.0106019046207587 0.20331783152092 0.00667198888557765 0.054651032999399
0.102631601428584 0.174064481922139 0.0724039335857621 0.0671010693827094
0.164769672520955 0.0967700566628684 0.0961463087261005 0.0286263142770808
0.190268773314908 0.0288870647765731 0.111681842421822 -0.00227129627169658
0.204934948835112 0.00247177171056144 0.116502597705844 -0.0211569639008442
0.198670973757999 0.00881707934773703 0.104965812191822 -0.0219658282735406
0.194017642940708 0.0292258584901189 0.0759904365005449 -0.0080701145545085
0.175655521853969 0.087345930631798 0.0620457456920364 -0.0025414278275725
0.0953631899642472 0.159218631375637 0.0375033921533049 0.0052375546759641
-0.0106486282619893 0.192581395827062 0.011734486884151 0.00297694326373821
-0.118932664262038 0.17750495983796 0.0261267927354875 -0.0452896925445787
-0.198440052320136 0.106704117860088 0.102389936066859 -0.104245252989901
-0.147900666422862 0.0474503535976723 0.249614562372261 -0.0132290292402347
-0.117598943710096 0.0916997061221826 0.122963649879419 -0.0638847474266176
-0.0763265730804224 0.112692046585322 0.0334910940296991 -0.0196379832292446
-0.00681973676941311 0.127792492031601 0.0177593461908537 0.0648213012805124
0.066056510960508 0.116171681044429 0.0972521726055178 0.0949763577462004
0.110858981618998 0.0674264214281166 0.148696451558863 0.0507006162679552
0.134057408479934 0.0185848680537554 0.180050891234596 0.00402386628345741
0.145779060435723 0.00582273056166458 0.18543792100525 -0.0211418803144398
0.138618899254523 0.0135939425436413 0.163575998707736 -0.0180734321737251
0.124296284948011 0.034496674628807 0.11576398948537 0.00626185403527461
0.0987105446635956 0.0714701071658576 0.0789198747602806 0.0194868844050178
0.0338086027431039 0.103371215771656 0.0360666807662262 0.0213516250859751
-0.025951920933148 0.0978271831524154 0.0111890266139441 -0.00804060268557197
-0.0693667914072398 0.0963558427763269 0.0498810980218372 -0.0565072598314052
-0.11957491264609 0.0684182344207549 0.160781934101723 -0.121571554318244
-0.0460535632982806 0.0329945571726568 0.293351814490563 -0.0311154114324783
-0.0222768298399515 0.0395071108031401 0.162074114184042 -0.0809053963965537
-0.0150350004122214 0.0239922013179077 0.0534602226358813 -0.0319269709191305
-0.010514082487319 0.0334477467966001 0.0252319921487819 0.06167503452029
0.0141462437641438 0.0428903488627132 0.110062342374766 0.102546971569827
0.0365678715048583 0.0301398624832217 0.181211378066862 0.0577419689873827
0.0556460358063842 0.00706836335071759 0.222131456911733 0.00480525460608165
0.0647843002844348 0.00645925241636564 0.225924428385089 -0.0184154273709983
0.0614101791912451 0.0128179383981558 0.196574607973006 -0.00734221769840676
0.0471546599488546 0.0300412930339872 0.133901406540763 0.0256001072802098
0.0260008126865603 0.0439208388513639 0.0773110394003694 0.0430921079237481
-0.0112020376689703 0.0401825030901976 0.0233183701861384 0.0333967514332868
-0.0209376642003283 0.0117087462089323 0.00805075842148044 -0.0177194151865852
-0.00880478801728317 0.0259444758012952 0.0664397425418941 -0.0589931044264077
-0.029300138475884 0.0324184953980306 0.19178809968358 -0.12223234799873
