TRXV5
3
4
4
9
string Extension=J
integer IsArchMeasurement=1
integer IsSpherical=1
string Generator=SPM
string GeneratorVersion=1.3.1 Dev
double ArchRadius=0.449999988079071
integer FrequencyAxisIndex=0
integer AzimuthAxisIndex=1
integer ElevationAxisIndex=2
Frequency
5 136 690000000 960000000 LIN
Azimuth
7 8 0 2.74889357189107 LIN
Elevation
7 15 -2.74889357189107 2.74889357189107 LIN
Polar H Real Part
13
Polar H Imaginary Part
14
Polar V Real Part
13
Polar V Imaginary Part
14
Polar H Magnitude (dB)
12 0xC0000002 0 1
Polar H Phase
7 0xC0000003 0 1
Polar V Magnitude (dB)
12 0xC0000002 2 3
Polar V Phase
7 0xC0000003 2 3
-0.0121917724609375 -0.0433998107910156 0.0862808227539062 0.0283050537109375
-0.0257797241210937 -0.0375900268554688 0.0623054504394531 0.0126419067382812
-0.0429649353027344 -0.0137519836425781 0.00121498107910156 -0.00912094116210938
-0.03460693359375 0.0134963989257813 -0.038238525390625 0.0153312683105469
-0.0140247344970703 0.0201187133789063 -0.0474090576171875 0.0446662902832031
8.39233398437515E-05 0.0232200622558594 -0.0402679443359375 0.0909652709960937
0.00728797912597656 0.0241928100585938 -0.0152206420898437 0.121475219726562
0.00215911865234375 0.0198097229003906 0.000717163085937506 0.122459411621094
0.00677680969238281 0.0226230621337891 -0.00453948974609376 0.111671447753906
0.000808715820312498 0.0292644500732422 -0.023345947265625 0.0884017944335938
-0.0116405487060547 0.0313014984130859 -0.0146446228027344 0.05206298828125
-0.030029296875 0.0291233062744141 0.00676155090332031 0.0284099578857422
-0.0437660217285156 -0.00135803222656249 0.0456619262695313 0.0385208129882813
-0.0313034057617188 -0.0237503051757812 0.100479125976563 0.0889816284179688
-0.0200042724609375 -0.0208606719970703 0.105087280273438 0.1693115234375
-0.0550918579101562 -0.08489990234375 0.0743179321289063 0.0218048095703125
-0.067962646484375 -0.0748443603515625 0.0576667785644531 0.0101089477539062
-0.0863113403320313 -0.0380630493164063 0.0109567642211914 -0.0082082748413086
-0.082611083984375 0.00542449951171874 -0.0299720764160156 0.004608154296875
-0.0572242736816406 0.0309486389160156 -0.0460548400878906 0.0279655456542969
-0.0352096557617187 0.0596275329589844 -0.0465850830078125 0.07916259765625
-0.0114898681640625 0.0686874389648438 -0.02154541015625 0.105720520019531
-0.0148773193359375 0.0605392456054687 -0.00173187255859375 0.106620788574219
-0.01171875 0.0659255981445313 -0.00331878662109376 0.0970077514648438
-0.0235519409179687 0.0659904479980469 -0.0185699462890625 0.0783920288085938
-0.0419540405273438 0.0534934997558594 -0.0113029479980469 0.0417022705078125
-0.0652198791503906 0.0426902770996094 0.010498046875 0.0179328918457031
-0.0850753784179688 -0.00315093994140626 0.0587120056152344 0.0292778015136719
-0.076995849609375 -0.0443115234375 0.104537963867188 0.07952880859375
-0.0689773559570313 -0.053558349609375 0.100723266601563 0.156463623046875
-0.0871658325195313 -0.11968994140625 0.0518913269042969 -0.00383758544921876
-0.101806640625 -0.107460021972656 0.0433120727539062 -0.00174331665039063
-0.121238708496094 -0.0616683959960938 0.0168514251708984 -0.00783920288085938
-0.123687744140625 -0.0059356689453125 -0.0164918899536133 -0.00347518920898438
-0.0955429077148438 0.0384750366210937 -0.0335941314697266 0.0111484527587891
-0.06719970703125 0.087249755859375 -0.0409164428710938 0.0547370910644531
-0.0289764404296875 0.103523254394531 -0.0216293334960938 0.073272705078125
-0.0291976928710938 0.0923309326171875 -0.003997802734375 0.0741500854492188
-0.0264205932617188 0.100448608398438 -0.00495529174804687 0.0678977966308594
-0.0423965454101563 0.0985946655273438 -0.0165176391601563 0.0559730529785156
-0.0669479370117188 0.075439453125 -0.00868988037109375 0.0226726531982422
-0.0957717895507813 0.0563125610351563 0.01373291015625 0.00485992431640625
-0.119781494140625 -0.00407409667968751 0.0624771118164062 0.02020263671875
-0.11480712890625 -0.0587844848632812 0.0888595581054687 0.0656814575195313
-0.107185363769531 -0.0812301635742187 0.079925537109375 0.130500793457031
-0.10833740234375 -0.132606506347656 0.0189399719238281 -0.0366134643554688
-0.122077941894531 -0.118080139160156 0.019378662109375 -0.0190048217773438
-0.137962341308594 -0.0692901611328125 0.0174751281738281 -0.00812339782714844
-0.143966674804688 -0.0119171142578125 -0.000794410705566414 -0.0123138427734375
-0.116546630859375 0.0403976440429687 -0.0156288146972656 -0.00859165191650391
-0.0881729125976563 0.101669311523438 -0.0280513763427735 0.0226764678955078
-0.0423583984375 0.121627807617188 -0.01788330078125 0.0301303863525391
-0.0401077270507813 0.110328674316406 -0.00564384460449219 0.0303974151611328
-0.0388259887695312 0.121078491210938 -0.00661659240722656 0.0282020568847656
-0.057647705078125 0.116935729980469 -0.0120182037353516 0.0238571166992188
-0.0849380493164063 0.0864944458007812 -0.00537538528442383 -1.57356262206978E-05
-0.114913940429688 0.06195068359375 0.0150346755981445 -0.00766181945800781
-0.138320922851563 -0.00513458251953127 0.0575752258300781 0.0118522644042969
-0.135581970214844 -0.0654144287109375 0.0613517761230469 0.0505828857421875
-0.129005432128906 -0.0943069458007813 0.0474166870117187 0.095916748046875
-0.114189147949219 -0.123085021972656 -0.020263671875 -0.0743484497070313
-0.124305725097656 -0.106636047363281 -0.01031494140625 -0.03997802734375
-0.133316040039063 -0.0611648559570313 0.0117912292480469 -0.0109977722167969
-0.138320922851563 -0.011474609375 0.0132579803466797 -0.0222358703613281
-0.114913940429687 0.037322998046875 0.00426101684570312 -0.0286674499511719
-0.0925750732421875 0.100067138671875 -0.012181282043457 -0.0145320892333984
-0.0484619140625 0.120903015136719 -0.0120410919189453 -0.0184211730957031
-0.045013427734375 0.111640930175781 -0.00709342956542969 -0.0177688598632812
-0.0463180541992188 0.1229248046875 -0.00769996643066406 -0.0153303146362305
-0.0654296875 0.1162109375 -0.00680065155029297 -0.0123081207275391
-0.09271240234375 0.0819320678710938 -0.00123977661132813 -0.0242710113525391
-0.118934631347656 0.0551223754882813 0.0155506134033203 -0.0192146301269531
-0.136787414550781 -0.0113525390625 0.0460433959960937 0.00609588623046875
-0.133224487304688 -0.0670928955078125 0.0251483917236328 0.0350761413574219
-0.130157470703125 -0.0957565307617187 0.00865936279296874 0.0575714111328125
-0.102210998535156 -0.0925521850585938 -0.0588455200195313 -0.106864929199219
-0.104240417480469 -0.0769424438476562 -0.0400047302246094 -0.0587005615234375
-0.1046142578125 -0.0424957275390625 0.000328063964843745 -0.0164337158203125
-0.107124328613281 -0.00849914550781251 0.0199489593505859 -0.0314884185791016
-0.0929718017578125 0.027923583984375 0.0187225341796875 -0.0457382202148438
-0.0810317993164062 0.08221435546875 0.00257110595703125 -0.04962158203125
-0.04608154296875 0.101806640625 -0.00511550903320313 -0.0630073547363281
-0.0434036254882813 0.0961227416992187 -0.00685882568359375 -0.0629081726074219
-0.0483932495117187 0.106330871582031 -0.00615692138671875 -0.0574150085449219
-0.0662078857421875 0.0959243774414063 0.00242996215820312 -0.0472145080566406
-0.08758544921875 0.0615005493164062 0.00650024414062499 -0.0447845458984375
-0.105934143066406 0.0350494384765625 0.0169639587402344 -0.0272197723388672
-0.11260986328125 -0.0204544067382812 0.0315227508544922 0.0010528564453125
-0.1075439453125 -0.0628433227539063 -0.0105762481689453 0.0181808471679687
-0.110809326171875 -0.0831069946289063 -0.0275630950927734 0.0185337066650391
-0.0732269287109375 -0.0490341186523438 -0.0910720825195312 -0.130119323730469
-0.0652809143066406 -0.0397109985351563 -0.0650711059570313 -0.0726699829101562
-0.0585441589355469 -0.0214271545410156 -0.0140609741210938 -0.0212936401367188
-0.0606727600097656 -0.00816345214843749 0.01861572265625 -0.0370521545410156
-0.0576210021972656 0.0129241943359375 0.0251731872558594 -0.0555534362792969
-0.0583763122558594 0.0517349243164063 0.0130157470703125 -0.075347900390625
-0.0374298095703125 0.0677642822265625 -0.000251770019531257 -0.0979461669921875
-0.0348129272460938 0.0669174194335938 -0.00529479980468751 -0.09912109375
-0.0427169799804688 0.0736618041992187 -0.000450134277343759 -0.091156005859375
-0.0564422607421875 0.0602874755859375 0.0158462524414062 -0.0745086669921875
-0.0676155090332031 0.0307044982910156 0.0184211730957031 -0.05682373046875
-0.0743560791015625 0.0100326538085937 0.0215930938720703 -0.0296592712402344
-0.0702896118164063 -0.0249786376953125 0.0176830291748047 -0.00305938720703125
-0.066253662109375 -0.0470848083496094 -0.0391426086425781 0.000656127929687501
-0.0755691528320312 -0.056243896484375 -0.0557861328125 -0.0160903930664062
-0.03155517578125 -0.00186347961425781 -0.11279296875 -0.141204833984375
-0.0136289596557617 -0.00457763671875 -0.0836639404296875 -0.0781402587890625
-0.0067138671875 -0.00655794143676758 -0.0304965972900391 -0.02117919921875
-0.0105295181274414 -0.0124664306640625 0.0120429992675781 -0.0353431701660156
-0.0194568634033203 -0.00754356384277344 0.0249137878417969 -0.0565719604492187
-0.0316390991210938 0.0129451751708984 0.0177841186523438 -0.09033203125
-0.0248126983642578 0.0240440368652344 0.00208282470703126 -0.117782592773438
-0.0217113494873047 0.0268077850341797 -0.00386810302734376 -0.120285034179688
-0.0297126770019531 0.0297298431396484 0.00740814208984374 -0.110237121582031
-0.0339374542236328 0.0179691314697266 0.0306167602539062 -0.0877227783203125
-0.0329513549804688 0.000274658203125003 0.0308647155761719 -0.0586166381835937
-0.0283184051513672 -0.00903129577636719 0.0258445739746094 -0.0272483825683594
-0.0186614990234375 -0.0155391693115234 0.0067448616027832 -0.00579166412353516
-0.0184364318847656 -0.0159358978271484 -0.0555534362792969 -0.0152740478515625
-0.0335140228271484 -0.0168838500976562 -0.0714950561523438 -0.040496826171875
-0.0148124694824219 -0.0431671142578125 0.092926025390625 0.0261154174804688
-0.0279464721679688 -0.0369110107421875 0.0676231384277344 0.0104141235351562
-0.0431251525878906 -0.011505126953125 0.0019683837890625 -0.00894832611083984
-0.0341930389404297 0.0151023864746094 -0.0380973815917969 0.0189552307128906
-0.0133609771728516 0.0209388732910156 -0.0463638305664063 0.0487937927246094
0.0015869140625 0.0233135223388672 -0.0351943969726562 0.096527099609375
0.00779342651367187 0.0239372253417969 -0.00749969482421876 0.126274108886719
0.00344085693359375 0.0200672149658203 0.00971221923828126 0.126716613769531
0.0089111328125 0.0219478607177734 0.00259399414062499 0.11602783203125
0.003204345703125 0.0295238494873047 -0.0183563232421875 0.09375
-0.00928115844726563 0.0325946807861328 -0.012237548828125 0.0550041198730469
-0.02801513671875 0.0311565399169922 0.00799751281738281 0.0296821594238281
-0.0441932678222656 0.000965118408203132 0.0488319396972656 0.0375022888183594
-0.0330066680908203 -0.0216464996337891 0.10943603515625 0.0846176147460937
-0.0211696624755859 -0.0196628570556641 0.11810302734375 0.167236328125
-0.0619354248046875 -0.0838775634765625 0.0799407958984375 0.0200347900390625
-0.0736160278320312 -0.0729141235351563 0.0618515014648438 0.00857925415039062
-0.0897369384765625 -0.0340805053710937 0.0117712020874023 -0.00889968872070313
-0.0846176147460937 0.0102005004882813 -0.0306034088134766 0.00718879699707031
-0.0569000244140625 0.0354423522949219 -0.0457687377929688 0.0327835083007812
-0.0320854187011719 0.06280517578125 -0.0421676635742188 0.08465576171875
-0.00700378417968749 0.07073974609375 -0.0137710571289063 0.111518859863281
-0.0104637145996094 0.0635528564453125 0.0062713623046875 0.110504150390625
-0.00713348388671875 0.0685386657714844 0.00380706787109375 0.100982666015625
-0.0195999145507813 0.0699920654296875 -0.0138092041015625 0.0833587646484375
-0.0396804809570312 0.0582351684570312 -0.00897598266601563 0.0445671081542969
-0.0640869140625 0.0485916137695313 0.0115718841552734 0.0184555053710938
-0.0869674682617188 0.00172424316406249 0.0616722106933594 0.0255584716796875
-0.082611083984375 -0.0409469604492188 0.112228393554687 0.0744552612304687
-0.0742721557617187 -0.050201416015625 0.11273193359375 0.155136108398438
-0.09759521484375 -0.118293762207031 0.0553398132324219 -0.00444793701171876
-0.110855102539063 -0.103630065917969 0.0460090637207031 -0.00302124023437501
-0.127029418945312 -0.0562591552734375 0.0175571441650391 -0.0089101791381836
-0.127998352050781 0.00108337402343749 -0.016993522644043 -0.00180149078369141
-0.09649658203125 0.0456161499023437 -0.0328693389892578 0.0146389007568359
-0.0627975463867187 0.0941925048828125 -0.037017822265625 0.0598526000976563
-0.0223312377929687 0.108207702636719 -0.0163955688476562 0.0776443481445313
-0.0235748291015625 0.0976638793945313 0.002288818359375 0.0769119262695313
-0.0201797485351563 0.106132507324219 0.000541687011718748 0.071197509765625
-0.0370025634765625 0.105262756347656 -0.0121269226074219 0.059906005859375
-0.0651702880859375 0.0829696655273438 -0.00735855102539063 0.0250625610351563
-0.095672607421875 0.06488037109375 0.0142478942871094 0.00517368316650391
-0.123146057128906 0.00378417968749997 0.065155029296875 0.0165596008300781
-0.121978759765625 -0.0537490844726563 0.0956344604492187 0.0620803833007813
-0.11669921875 -0.0770492553710938 0.089019775390625 0.129447937011719
-0.120170593261719 -0.130363464355469 0.0184555053710937 -0.0365257263183594
-0.133346557617188 -0.114280700683594 0.0195789337158203 -0.0190944671630859
-0.14581298828125 -0.0638885498046875 0.0185718536376953 -0.00920677185058594
-0.149703979492188 -0.00332641601562499 -0.00166893005371095 -0.0117321014404297
-0.118827819824219 0.0492477416992187 -0.0152559280395508 -0.00640869140625
-0.083709716796875 0.110496520996094 -0.0258750915527344 0.0260276794433594
-0.0341415405273438 0.127937316894531 -0.0152873992919922 0.0328140258789063
-0.0335235595703125 0.117561340332031 -0.00307655334472657 0.0322723388671875
-0.0308837890625 0.1287841796875 -0.0036468505859375 0.0307407379150391
-0.0507583618164062 0.124954223632813 -0.00935935974121094 0.0269050598144531
-0.0820846557617187 0.0954132080078125 -0.00491905212402344 0.00144767761230469
-0.114982604980469 0.0722732543945313 0.0149078369140625 -0.00694847106933593
-0.142532348632813 0.00271606445312498 0.0598869323730469 0.00814056396484375
-0.144134521484375 -0.060150146484375 0.0659332275390625 0.0484428405761719
-0.14031982421875 -0.0896072387695312 0.0536041259765625 0.0965042114257813
-0.125419616699219 -0.12017822265625 -0.0241317749023438 -0.0731277465820313
-0.135482788085937 -0.102851867675781 -0.0126457214355469 -0.0391426086425781
-0.141250610351563 -0.0552520751953125 0.0122222900390625 -0.0117673873901367
-0.144195556640625 -0.00306701660156252 0.0119457244873047 -0.0226287841796875
-0.117576599121094 0.0461044311523438 0.00373268127441406 -0.0286331176757812
-0.0877304077148438 0.109405517578125 -0.0110807418823242 -0.0131950378417969
-0.0405197143554688 0.127464294433594 -0.0125837326049805 -0.017420768737793
-0.0382766723632812 0.119400024414062 -0.00777626037597656 -0.0173234939575195
-0.038330078125 0.1318359375 -0.00786018371582032 -0.0145702362060547
-0.05902099609375 0.12481689453125 -0.00656318664550781 -0.0112466812133789
-0.0908203125 0.0916213989257812 -0.00210762023925782 -0.0232925415039062
-0.12030029296875 0.0650634765625 0.0140037536621094 -0.0187625885009766
-0.141204833984375 -0.00427246093750002 0.0474853515625 0.00287628173828125
-0.141708374023438 -0.062530517578125 0.0275669097900391 0.0343875885009766
-0.14190673828125 -0.0917205810546875 0.0107383728027344 0.0593109130859375
-0.111968994140625 -0.0909881591796875 -0.0655975341796875 -0.104766845703125
-0.113021850585938 -0.07415771484375 -0.0446929931640625 -0.0567131042480469
-0.111091613769531 -0.0376052856445312 0.000142097473144523 -0.0174589157104492
-0.11224365234375 -0.00247192382812498 0.0186195373535156 -0.0326824188232422
-0.094757080078125 0.03558349609375 0.0176887512207031 -0.0472297668457031
-0.07757568359375 0.0903854370117188 0.00194549560546875 -0.0505104064941406
-0.0393905639648437 0.108375549316406 -0.00957489013671875 -0.06396484375
-0.0373764038085938 0.103958129882813 -0.0112991333007813 -0.0641212463378906
-0.0416717529296875 0.114845275878906 -0.00904464721679687 -0.0586204528808594
-0.0614471435546875 0.1044921875 0.000621795654296872 -0.0477371215820312
-0.086822509765625 0.069854736328125 0.00505065917968749 -0.0449790954589844
-0.108016967773437 0.0437850952148437 0.01593017578125 -0.0274677276611328
-0.116996765136719 -0.01483154296875 0.0323867797851562 -0.00146102905273438
-0.115631103515625 -0.0593338012695313 -0.0107612609863281 0.0194892883300781
-0.120849609375 -0.0801162719726563 -0.0290336608886719 0.0209808349609375
-0.0787506103515625 -0.0481948852539063 -0.100860595703125 -0.127403259277344
-0.0705718994140625 -0.0390777587890625 -0.071868896484375 -0.0707244873046875
-0.0625114440917969 -0.0193557739257813 -0.0157527923583984 -0.0206146240234375
-0.0647354125976563 -0.00522232055664064 0.0172233581542969 -0.0387001037597656
-0.0601463317871094 0.016998291015625 0.0236320495605469 -0.05841064453125
-0.0568771362304687 0.05804443359375 0.0103607177734375 -0.0785293579101562
-0.032196044921875 0.0731887817382813 -0.00693511962890625 -0.100921630859375
-0.0307998657226563 0.072357177734375 -0.0125961303710938 -0.100982666015625
-0.0386886596679688 0.0809173583984375 -0.00627899169921876 -0.0934371948242188
-0.0538253784179688 0.0673675537109375 0.0126266479492187 -0.077239990234375
-0.0686149597167969 0.0374374389648438 0.0162239074707031 -0.0584487915039062
-0.0771636962890625 0.0160293579101563 0.0202140808105469 -0.0311527252197266
-0.0746917724609375 -0.0215377807617187 0.0177478790283203 -0.0047454833984375
-0.072265625 -0.0453948974609375 -0.0414543151855469 0.00292968749999999
-0.0828018188476563 -0.0550003051757813 -0.0602836608886719 -0.0136451721191406
-0.0321483612060547 -0.00196456909179688 -0.123344421386719 -0.138702392578125
-0.0150566101074219 -0.00510692596435547 -0.0910110473632812 -0.0752182006835938
-0.00824451446533203 -0.00680971145629883 -0.0325489044189453 -0.0200290679931641
-0.0132617950439453 -0.0124807357788086 0.0107498168945313 -0.0373878479003906
-0.0217189788818359 -0.00623703002929688 0.0239601135253906 -0.0603218078613281
-0.0320281982421875 0.0164852142333984 0.0137405395507813 -0.0949020385742188
-0.0230236053466797 0.0266933441162109 -0.005950927734375 -0.121803283691406
-0.0198345184326172 0.0303535461425781 -0.0128326416015625 -0.123268127441406
-0.0284748077392578 0.0344352722167969 -0.000244140624999989 -0.114326477050781
-0.0332508087158203 0.0217857360839844 0.0265121459960938 -0.0925064086914063
-0.0342540740966797 0.00360870361328125 0.0283050537109375 -0.0613250732421875
-0.0302696228027344 -0.00617790222167969 0.0250434875488281 -0.0292301177978516
-0.0206375122070312 -0.0151920318603516 0.00542593002319336 -0.00720500946044922
-0.0213546752929688 -0.0165309906005859 -0.0602531433105469 -0.0125236511230469
-0.0368461608886719 -0.0168609619140625 -0.078369140625 -0.0381546020507813
-0.0159149169921875 -0.0411376953125 0.0965118408203125 0.0225677490234375
-0.0288581848144531 -0.0350914001464844 0.0696640014648438 0.00754547119140625
-0.0428657531738281 -0.00979232788085938 0.00254154205322265 -0.00887489318847656
-0.0323429107666016 0.0159797668457031 -0.0369834899902344 0.0216102600097656
-0.012481689453125 0.0207099914550781 -0.0436782836914063 0.0522422790527344
0.00288200378417969 0.02203369140625 -0.0298233032226563 0.0986251831054688
0.00926589965820312 0.0227737426757813 0.000793457031249994 0.12677001953125
0.00473785400390625 0.01959228515625 0.0182876586914062 0.125770568847656
0.0102291107177734 0.0211067199707031 0.0104827880859375 0.116241455078125
0.00473785400390625 0.0289535522460938 -0.0131072998046875 0.09552001953125
-0.00747108459472656 0.0325756072998047 -0.0099029541015625 0.0561485290527344
-0.0258808135986328 0.0324115753173828 0.00921630859375 0.0288963317871094
-0.0430946350097656 0.00383377075195312 0.0502777099609375 0.0342597961425781
-0.0343914031982422 -0.0193462371826172 0.114402770996094 0.0769500732421875
-0.0212173461914062 -0.0171833038330078 0.126571655273438 0.16009521484375
-0.0662155151367188 -0.0800399780273438 0.0831298828125 0.017822265625
-0.0768814086914062 -0.0683746337890625 0.0638313293457031 0.00616836547851562
-0.0901336669921875 -0.0301513671875 0.0123214721679687 -0.00944137573242188
-0.0835342407226563 0.0135650634765625 -0.0296897888183594 0.0102615356445313
-0.0548820495605469 0.0378341674804688 -0.0435218811035156 0.0357475280761719
-0.0283279418945313 0.0632400512695312 -0.036285400390625 0.0873184204101563
-0.00342178344726562 0.070159912109375 -0.00685882568359376 0.112556457519531
-0.00664138793945313 0.0645637512207031 0.0141372680664063 0.110267639160156
-0.00270080566406251 0.0683555603027344 0.010284423828125 0.101028442382813
-0.0151443481445312 0.0704116821289063 -0.00876617431640625 0.0848922729492188
-0.0365447998046875 0.0603370666503906 -0.00738525390625 0.0459938049316406
-0.0606117248535156 0.0516433715820312 0.0117340087890625 0.0185356140136719
-0.0861358642578125 0.00630187988281251 0.0621910095214844 0.0223884582519531
-0.0846481323242188 -0.036346435546875 0.116439819335938 0.0679931640625
-0.0764694213867188 -0.0454254150390625 0.120193481445313 0.148239135742188
-0.103530883789062 -0.113029479980469 0.0563316345214844 -0.00505447387695313
-0.11602783203125 -0.0973358154296875 0.0471725463867187 -0.00365447998046876
-0.129096984863281 -0.0503692626953125 0.0181388854980469 -0.00979042053222657
-0.127616882324219 0.007843017578125 -0.0168895721435547 0.000276565551757814
-0.0939865112304688 0.050201416015625 -0.0316047668457031 0.0173435211181641
-0.0572433471679687 0.0970077514648438 -0.03192138671875 0.0625457763671875
-0.0161209106445312 0.108345031738281 -0.010772705078125 0.0796127319335938
-0.0171890258789063 0.0995635986328125 0.0081024169921875 0.0770111083984375
-0.01324462890625 0.107192993164063 0.005645751953125 0.0712356567382813
-0.0306396484375 0.107398986816406 -0.00833511352539063 0.0613784790039063
-0.0604782104492187 0.086456298828125 -0.00622367858886719 0.0268688201904297
-0.091766357421875 0.0709991455078125 0.0142116546630859 0.006011962890625
-0.12200927734375 0.00905609130859377 0.0654640197753906 0.0127372741699219
-0.125686645507813 -0.0480270385742188 0.0986404418945312 0.05657958984375
-0.120735168457031 -0.0700454711914063 0.0949172973632812 0.125038146972656
-0.127166748046875 -0.124107360839844 0.0186843872070312 -0.0354804992675781
-0.139259338378906 -0.1072998046875 0.0194416046142578 -0.0187892913818359
-0.14862060546875 -0.05609130859375 0.0188255310058594 -0.0103206634521484
-0.150650024414063 0.0045166015625 -0.00200939178466798 -0.0102663040161133
-0.116256713867188 0.055816650390625 -0.0144157409667969 -0.00438976287841797
-0.0766677856445313 0.114425659179687 -0.0223560333251953 0.0281715393066406
-0.0263519287109375 0.129165649414063 -0.0129547119140625 0.0345554351806641
-0.0254898071289063 0.120018005371094 -0.000202178955078123 0.0328903198242188
-0.0223922729492187 0.131187438964844 -0.00150108337402344 0.0312480926513672
-0.0428390502929688 0.128440856933594 -0.00651931762695313 0.0280628204345703
-0.0772933959960938 0.100486755371094 -0.00421237945556641 0.00382113456726075
-0.111099243164063 0.0794219970703125 0.0138530731201172 -0.0063333511352539
-0.141998291015625 0.00999450683593752 0.0599365234375 0.00487518310546875
-0.148056030273437 -0.0534210205078125 0.06817626953125 0.0446319580078125
-0.145736694335938 -0.0819244384765625 0.0574264526367187 0.093994140625
-0.132209777832031 -0.114799499511719 -0.0264091491699219 -0.0695381164550781
-0.141357421875 -0.0964202880859375 -0.0140876770019531 -0.0365943908691406
-0.143539428710938 -0.0488433837890625 0.0117769241333008 -0.0129756927490234
-0.14605712890625 0.0053863525390625 0.0109519958496094 -0.0219936370849609
-0.115631103515625 0.0531692504882812 0.00373649597167968 -0.0279903411865234
-0.0814590454101563 0.114112854003906 -0.00927543640136719 -0.0121097564697266
-0.0323104858398438 0.129524230957031 -0.0130128860473633 -0.0158939361572266
-0.0306396484375 0.122337341308594 -0.0083475112915039 -0.0166158676147461
-0.0299835205078125 0.134841918945313 -0.00754451751708984 -0.0141582489013672
-0.0518722534179688 0.129096984863281 -0.00585174560546875 -0.00996875762939452
-0.0859298706054687 0.097503662109375 -0.00204658508300782 -0.0218048095703125
-0.116950988769531 0.0732955932617187 0.01361083984375 -0.0183982849121094
-0.141632080078125 0.00337219238281252 0.0472335815429687 -0.000762939453125
-0.146286010742187 -0.0560760498046875 0.0283317565917969 0.0340843200683594
-0.14776611328125 -0.0843048095703125 0.0131607055664062 0.0586776733398437
-0.117080688476563 -0.0865478515625 -0.070281982421875 -0.0995712280273437
-0.117813110351562 -0.0690155029296875 -0.047637939453125 -0.0531234741210938
-0.113349914550781 -0.0330123901367188 -0.000346183776855474 -0.0163249969482422
-0.114067077636719 0.00466918945312501 0.01702880859375 -0.0330734252929688
-0.0944671630859375 0.0411758422851562 0.0164299011230469 -0.0479927062988281
-0.0725250244140625 0.0954055786132812 0.00109481811523437 -0.0503730773925781
-0.0321197509765625 0.110542297363281 -0.0123863220214844 -0.0628662109375
-0.0301666259765625 0.106620788574219 -0.01513671875 -0.062591552734375
-0.033660888671875 0.118759155273438 -0.0119132995605469 -0.0577583312988281
-0.0550460815429688 0.108924865722656 -0.000740051269531251 -0.0474319458007813
-0.083465576171875 0.075531005859375 0.00336074829101562 -0.04376220703125
-0.105873107910156 0.0510025024414062 0.0148086547851562 -0.0273323059082031
-0.118049621582031 -0.0083160400390625 0.0315532684326172 -0.00405120849609375
-0.120704650878906 -0.0545578002929687 -0.0111846923828125 0.0207691192626953
-0.126594543457031 -0.0743484497070312 -0.0293407440185547 0.0224819183349609
-0.0810089111328125 -0.0457305908203125 -0.105903625488281 -0.120925903320312
-0.072998046875 -0.0358810424804688 -0.0754013061523438 -0.0657196044921875
-0.0641975402832031 -0.0169486999511719 -0.0166950225830078 -0.0200576782226563
-0.0662689208984375 -0.00126266479492189 0.0155754089355469 -0.0389633178710938
-0.0603103637695312 0.0213813781738281 0.0219650268554688 -0.0600700378417969
-0.0531196594238281 0.0616378784179688 0.00708007812499999 -0.0793075561523438
-0.0280380249023438 0.0751190185546875 -0.0126113891601563 -0.0998992919921875
-0.02520751953125 0.0752182006835937 -0.0191650390625 -0.0994033813476563
-0.0326461791992188 0.0843353271484375 -0.0114059448242188 -0.0929412841796875
-0.049346923828125 0.0714950561523437 0.00871276855468749 -0.077545166015625
-0.0663909912109375 0.0423736572265625 0.0132598876953125 -0.0585479736328125
-0.07672119140625 0.0218353271484375 0.0187168121337891 -0.0315971374511719
-0.0755767822265625 -0.01727294921875 0.0164937973022461 -0.00636196136474609
-0.0760116577148437 -0.0427474975585938 -0.0427703857421875 0.00558090209960938
-0.0870513916015625 -0.051177978515625 -0.0626068115234375 -0.0102996826171875
-0.0321407318115234 -0.00171470642089844 -0.129692077636719 -0.131156921386719
-0.0159225463867187 -0.00649547576904297 -0.095550537109375 -0.0693740844726563
-0.00929832458496094 -0.00706195831298828 -0.0329761505126953 -0.0179672241210938
-0.0148649215698242 -0.0117998123168945 0.00905609130859374 -0.0377883911132813
-0.0233592987060547 -0.00457191467285156 0.0213279724121094 -0.0619010925292969
-0.0306491851806641 0.0195713043212891 0.0093536376953125 -0.0954132080078125
-0.0205440521240234 0.0284843444824219 -0.0135726928710937 -0.121261596679688
-0.0168609619140625 0.0324459075927734 -0.0209808349609375 -0.122367858886719
-0.0252151489257812 0.0372657775878906 -0.00640869140625 -0.114433288574219
-0.0319137573242188 0.0249691009521484 0.0217056274414063 -0.0945968627929687
-0.0339221954345703 0.00641250610351562 0.0254974365234375 -0.0623970031738281
-0.031219482421875 -0.00340461730957031 0.0234012603759766 -0.0299072265625
-0.0217781066894531 -0.0134124755859375 0.00431632995605469 -0.00804662704467773
-0.0236530303955078 -0.0159130096435547 -0.0620880126953125 -0.00895690917968749
-0.0392608642578125 -0.0152015686035156 -0.08172607421875 -0.0342788696289062
-0.0159339904785156 -0.038787841796875 0.09814453125 0.021240234375
-0.0283050537109375 -0.0339374542236328 0.0707244873046875 0.00667572021484375
-0.0415725708007813 -0.00945281982421874 0.00305652618408203 -0.00856494903564453
-0.0310268402099609 0.0158290863037109 -0.0350894927978516 0.0225067138671875
-0.0117206573486328 0.0201950073242188 -0.0409927368164062 0.0522918701171875
0.00307655334472656 0.0210018157958984 -0.0265045166015625 0.097900390625
0.00936698913574219 0.0220279693603516 0.0054931640625 0.124473571777344
0.00484275817871094 0.0190219879150391 0.0225677490234375 0.122695922851563
0.0108928680419922 0.0196132659912109 0.0140228271484375 0.114921569824219
0.00595664978027343 0.0278282165527344 -0.0103073120117188 0.0955810546875
-0.00649070739746094 0.0320320129394531 -0.00892639160156249 0.0568161010742187
-0.0232582092285156 0.0317916870117188 0.00917053222656249 0.0288410186767578
-0.0414352416992187 0.0046844482421875 0.0496940612792969 0.0324363708496094
-0.03387451171875 -0.0175323486328125 0.114425659179688 0.0724105834960938
-0.0202655792236328 -0.0154876708984375 0.127853393554688 0.154327392578125
-0.0668258666992187 -0.076324462890625 0.0838775634765625 0.0175704956054688
-0.0763092041015625 -0.0650405883789063 0.0649032592773438 0.00551605224609375
-0.0883407592773438 -0.028350830078125 0.0129022598266602 -0.00890827178955078
-0.0814590454101562 0.0149917602539063 -0.0286769866943359 0.0116558074951172
-0.0533943176269531 0.0378150939941406 -0.0408210754394531 0.0374641418457031
-0.0255317687988281 0.0620956420898438 -0.032989501953125 0.087188720703125
-0.00155258178710937 0.0686111450195313 -0.00223541259765625 0.11138916015625
-0.00468826293945313 0.0633583068847656 0.01812744140625 0.107780456542969
-0.00021743774414062 0.0672683715820313 0.0137557983398437 0.0999526977539063
-0.012939453125 0.07025146484375 -0.00597381591796875 0.0852432250976563
-0.0347747802734375 0.0603485107421875 -0.00554656982421876 0.0467643737792969
-0.058258056640625 0.0526618957519531 0.0119514465332031 0.0184879302978516
-0.0844879150390625 0.00775146484374998 0.0615158081054687 0.0202217102050781
-0.0843429565429688 -0.0339889526367188 0.116104125976563 0.0639190673828125
-0.0761337280273438 -0.0421524047851562 0.121139526367187 0.143585205078125
-0.104827880859375 -0.108428955078125 0.05767822265625 -0.00457382202148438
-0.115470886230469 -0.0930557250976563 0.0475883483886719 -0.00315475463867188
-0.127029418945312 -0.047760009765625 0.0185756683349609 -0.00993919372558594
-0.125801086425781 0.0100326538085938 -0.0158023834228516 0.00160694122314453
-0.092041015625 0.05181884765625 -0.029693603515625 0.0191764831542969
-0.0531234741210937 0.0961151123046875 -0.0284805297851563 0.063323974609375
-0.0123214721679688 0.106330871582031 -0.00745391845703126 0.079010009765625
-0.0138397216796875 0.09881591796875 0.00975799560546875 0.0754318237304688
-0.009185791015625 0.106422424316406 0.00809478759765625 0.0705108642578125
-0.0267562866210937 0.106559753417969 -0.0050506591796875 0.0619926452636719
-0.057861328125 0.0872116088867188 -0.00428581237792969 0.0280342102050781
-0.0884628295898438 0.072357177734375 0.0139904022216797 0.00691986083984376
-0.119804382324219 0.010986328125 0.0643272399902344 0.0105438232421875
-0.125709533691406 -0.0449295043945312 0.0981063842773437 0.05352783203125
-0.120216369628906 -0.0660858154296875 0.095977783203125 0.121406555175781
-0.129364013671875 -0.120094299316406 0.0190925598144531 -0.0329799652099609
-0.139564514160156 -0.102828979492188 0.0197639465332031 -0.0171966552734375
-0.14752197265625 -0.0531463623046875 0.0184192657470703 -0.00989913940429688
-0.1485595703125 0.00834655761718747 -0.00206375122070313 -0.00856590270996094
-0.113502502441406 0.05767822265625 -0.0128679275512695 -0.00288009643554687
-0.0721359252929688 0.114250183105469 -0.0192985534667969 0.0287322998046875
-0.022430419921875 0.127189636230469 -0.010894775390625 0.0351905822753906
-0.0210952758789063 0.119285583496094 0.000984191894531249 0.0325870513916016
-0.0179519653320312 0.130699157714844 0.000597000122070313 0.0309467315673828
-0.0385665893554688 0.128501892089844 -0.0047760009765625 0.0289077758789063
-0.0744094848632813 0.101890563964844 -0.00325345993041993 0.00506210327148438
-0.10791015625 0.081817626953125 0.0137033462524414 -0.00524520874023437
-0.139305114746094 0.0120391845703125 0.05816650390625 0.00247955322265625
-0.148025512695313 -0.050140380859375 0.068145751953125 0.0429191589355469
-0.146041870117188 -0.077484130859375 0.0575103759765625 0.0921783447265625
-0.134506225585937 -0.111129760742188 -0.0257911682128906 -0.0656585693359375
-0.142044067382812 -0.09234619140625 -0.0144004821777344 -0.0339698791503906
-0.142898559570313 -0.0459136962890625 0.0114412307739258 -0.0123662948608398
-0.144699096679688 0.00885009765625002 0.0101032257080078 -0.0204200744628906
-0.113311767578125 0.0556411743164062 0.00394821166992187 -0.0263786315917969
-0.0769500732421875 0.114265441894531 -0.00749301910400391 -0.0111522674560547
-0.0281982421875 0.128044128417969 -0.0123434066772461 -0.0140676498413086
-0.0256271362304687 0.122428894042969 -0.00828075408935547 -0.0152502059936523
-0.0245361328125 0.135269165039063 -0.00753879547119141 -0.0131158828735351
-0.0471038818359375 0.129875183105469 -0.00449609756469727 -0.00866127014160156
-0.0827178955078125 0.0992813110351563 -0.00179290771484375 -0.0201587677001953
-0.113792419433594 0.0761871337890625 0.0132198333740234 -0.0171575546264648
-0.139328002929688 0.00535583496093749 0.0456962585449219 -0.00216293334960937
-0.147003173828125 -0.053314208984375 0.0285816192626953 0.0328941345214844
-0.148452758789063 -0.079315185546875 0.0132217407226562 0.0583915710449219
-0.118232727050781 -0.0840377807617188 -0.0699691772460938 -0.0950469970703125
-0.118537902832031 -0.0665359497070313 -0.0485725402832031 -0.0500869750976563
-0.113334655761719 -0.0304412841796875 -0.00112915039062501 -0.0162153244018555
-0.113449096679688 0.00752258300781251 0.0156993865966797 -0.0322265625
-0.093597412109375 0.0438232421875 0.0162811279296875 -0.0469932556152344
-0.0684814453125 0.0962066650390625 0.00157546997070312 -0.0493850708007813
-0.0284194946289062 0.10943603515625 -0.0133552551269531 -0.060546875
-0.0251235961914062 0.106956481933594 -0.0158767700195313 -0.0605697631835938
-0.0286483764648437 0.1190185546875 -0.0131797790527344 -0.056365966796875
-0.0509262084960938 0.109779357910156 -0.00118255615234376 -0.046539306640625
-0.08111572265625 0.0782699584960937 0.00292587280273437 -0.0428314208984375
-0.103668212890625 0.0545120239257813 0.0141925811767578 -0.0259170532226563
-0.117431640625 -0.0067138671875 0.0302104949951172 -0.00493240356445312
-0.120933532714844 -0.0525894165039062 -0.0112419128417969 0.0212745666503906
-0.127716064453125 -0.0708160400390625 -0.0296306610107422 0.0231227874755859
-0.0819168090820312 -0.0453720092773438 -0.106521606445313 -0.115989685058594
-0.0742111206054688 -0.0358123779296875 -0.0767822265625 -0.0613479614257813
-0.0646591186523438 -0.015899658203125 -0.0166969299316406 -0.0188579559326172
-0.0665817260742188 0.000339508056640619 0.0145454406738281 -0.0387649536132812
-0.0597419738769531 0.0234260559082031 0.0211982727050781 -0.0595016479492187
-0.0509872436523437 0.0634765625 0.0067596435546875 -0.0782623291015625
-0.0245208740234375 0.0748062133789063 -0.01495361328125 -0.0974960327148438
-0.0219497680664063 0.0757675170898438 -0.0218124389648437 -0.0968856811523438
-0.02850341796875 0.0852584838867188 -0.013763427734375 -0.0916748046875
-0.046112060546875 0.0729904174804688 0.0073699951171875 -0.0768051147460938
-0.0645790100097656 0.0443191528320313 0.0128860473632813 -0.0570602416992188
-0.0754241943359375 0.0245132446289063 0.017333984375 -0.0303611755371094
-0.0754165649414063 -0.016143798828125 0.0155935287475586 -0.00714588165283203
-0.0771408081054688 -0.041595458984375 -0.0427742004394531 0.00704956054687499
-0.0883255004882812 -0.0485763549804688 -0.0630378723144531 -0.00854110717773438
-0.032073974609375 -0.00316238403320313 -0.1297607421875 -0.125900268554688
-0.0168180465698242 -0.00679206848144531 -0.0958480834960938 -0.0655288696289063
-0.0101985931396484 -0.00749397277832031 -0.0324115753173828 -0.0167751312255859
-0.0160207748413086 -0.0111513137817383 0.0084381103515625 -0.0379295349121094
-0.0235996246337891 -0.00252532958984375 0.020751953125 -0.0619354248046875
-0.0298900604248047 0.0210037231445313 0.007843017578125 -0.0954055786132813
-0.0189228057861328 0.0287742614746094 -0.0164871215820313 -0.11859130859375
-0.0146675109863281 0.0329532623291016 -0.0241775512695313 -0.118637084960938
-0.02252197265625 0.0387077331542969 -0.010009765625 -0.112503051757813
-0.0301437377929688 0.0265598297119141 0.0191497802734375 -0.0935897827148438
-0.0332145690917969 0.00794792175292969 0.0245361328125 -0.0621070861816406
-0.0312271118164063 -0.00153732299804688 0.0218544006347656 -0.0298881530761719
-0.0227565765380859 -0.0128078460693359 0.00264263153076172 -0.00836753845214844
-0.0250415802001953 -0.0162563323974609 -0.0630035400390625 -0.00712966918945314
-0.0399627685546875 -0.0151634216308594 -0.083282470703125 -0.0323715209960938
-0.0148086547851563 -0.0376625061035156 0.0993576049804688 0.0230789184570312
-0.0266227722167969 -0.0341701507568359 0.0722579956054688 0.00698089599609375
-0.0401687622070312 -0.0104751586914063 0.00399303436279297 -0.0082697868347168
-0.0309276580810547 0.0149497985839844 -0.0345497131347656 0.022857666015625
-0.0117225646972656 0.0192966461181641 -0.0415802001953125 0.0528907775878906
0.00314712524414062 0.0201778411865234 -0.0261917114257812 0.0987167358398438
0.00914382934570313 0.0217685699462891 0.00637817382812499 0.124755859375
0.00469398498535156 0.0191745758056641 0.0228118896484375 0.122550964355469
0.0104942321777344 0.0197601318359375 0.01422119140625 0.115188598632813
0.00634956359863281 0.0272407531738281 -0.0101242065429687 0.096343994140625
-0.00599861145019531 0.03204345703125 -0.00970077514648438 0.0574874877929688
-0.0226535797119141 0.0317420959472656 0.00827407836914062 0.0293540954589844
-0.0410575866699219 0.00457382202148437 0.0490760803222656 0.0321731567382813
-0.0330791473388672 -0.0168991088867188 0.113182067871094 0.0723800659179688
-0.0187492370605469 -0.0151176452636719 0.125686645507812 0.154861450195312
-0.065673828125 -0.0759124755859375 0.0861892700195313 0.01959228515625
-0.0747604370117188 -0.0656967163085938 0.0657920837402344 0.00705718994140624
-0.0873260498046875 -0.0299606323242188 0.0137615203857422 -0.00872898101806641
-0.0813140869140625 0.0136566162109375 -0.0277385711669922 0.0123386383056641
-0.054412841796875 0.0369491577148438 -0.0406990051269531 0.0372352600097656
-0.0263290405273437 0.0610847473144531 -0.03240966796875 0.087799072265625
-0.0019073486328125 0.0680618286132813 -0.0016021728515625 0.111701965332031
-0.00447463989257813 0.0628929138183594 0.0185775756835937 0.10784912109375
-0.000419616699218752 0.0671005249023438 0.0139541625976562 0.100128173828125
-0.0122261047363281 0.069366455078125 -0.00585174560546876 0.0860595703125
-0.0352363586425781 0.0605506896972656 -0.0060882568359375 0.0470085144042969
-0.0581741333007813 0.0523490905761719 0.0117950439453125 0.0203895568847656
-0.084075927734375 0.00691986083984375 0.0605201721191406 0.0211067199707031
-0.084564208984375 -0.0342559814453125 0.115715026855469 0.0638351440429687
-0.0751724243164063 -0.0423660278320313 0.118927001953125 0.144302368164063
-0.104789733886719 -0.108566284179688 0.05914306640625 -0.00263977050781251
-0.115028381347656 -0.09393310546875 0.0488929748535156 -0.00207901000976563
-0.125633239746094 -0.0501708984375 0.0184726715087891 -0.00940322875976563
-0.125938415527344 0.00878143310546874 -0.0154666900634766 0.00284767150878906
-0.0919342041015625 0.0504837036132812 -0.0284881591796875 0.0199069976806641
-0.054168701171875 0.0946044921875 -0.0274848937988281 0.0634078979492188
-0.0132904052734375 0.105461120605469 -0.0067596435546875 0.079193115234375
-0.014068603515625 0.0992050170898438 0.0111541748046875 0.075469970703125
-0.008880615234375 0.107025146484375 0.00873565673828126 0.0714111328125
-0.0269012451171875 0.10675048828125 -0.00439071655273438 0.0630989074707031
-0.0582962036132813 0.0878372192382813 -0.004180908203125 0.0291576385498047
-0.0887985229492188 0.0722885131835937 0.0141687393188477 0.0081624984741211
-0.119911193847656 0.00946807861328123 0.0635032653808594 0.0105857849121094
-0.126197814941406 -0.0463027954101562 0.0975723266601562 0.0541152954101562
-0.120079040527344 -0.0664901733398438 0.0933761596679687 0.123207092285156
-0.129104614257812 -0.120796203613281 0.0211315155029297 -0.030975341796875
-0.139518737792969 -0.103935241699219 0.0204181671142578 -0.0148849487304688
-0.145980834960938 -0.05615234375 0.0188522338867187 -0.0089569091796875
-0.149658203125 0.00723266601562497 -0.00145816802978517 -0.00760936737060547
-0.114616394042969 0.0564956665039062 -0.0120086669921875 -0.00240230560302734
-0.0727157592773437 0.113410949707031 -0.0170173645019531 0.0292415618896485
-0.0227432250976562 0.126144409179688 -0.00954818725585937 0.036407470703125
-0.0208587646484375 0.119667053222656 0.00148582458496094 0.0327625274658203
-0.0173568725585937 0.131202697753906 0.00101280212402343 0.0313472747802734
-0.0385360717773437 0.129310607910156 -0.00415420532226563 0.0297203063964844
-0.0758514404296875 0.101890563964844 -0.00235652923583985 0.00610637664794922
-0.109062194824219 0.0821380615234375 0.0143136978149414 -0.00405120849609374
-0.140159606933594 0.0101165771484375 0.0571861267089844 0.002532958984375
-0.149200439453125 -0.0525360107421875 0.0671844482421875 0.0441017150878906
-0.14593505859375 -0.0782928466796875 0.0558395385742187 0.0934066772460938
-0.134368896484375 -0.112953186035156 -0.0243453979492188 -0.063873291015625
-0.141998291015625 -0.0943450927734375 -0.0140819549560547 -0.0326519012451172
-0.1439208984375 -0.04852294921875 0.0118646621704101 -0.0112142562866211
-0.145950317382813 0.00764465332031249 0.0107631683349609 -0.0194625854492188
-0.114753723144531 0.0554733276367188 0.00580215454101562 -0.0254364013671875
-0.0776443481445313 0.114479064941406 -0.00578498840332032 -0.01129150390625
-0.0279693603515625 0.127769470214844 -0.0110807418823242 -0.0131292343139648
-0.0249710083007812 0.122344970703125 -0.00743293762207031 -0.0142631530761719
-0.0232086181640625 0.135520935058594 -0.00714778900146485 -0.0126266479492187
-0.0477371215820313 0.131027221679688 -0.00344133377075196 -0.00864505767822265
-0.0844268798828125 0.0999832153320312 -0.00113868713378907 -0.0192642211914062
-0.114852905273438 0.0764312744140625 0.0135498046875 -0.0154428482055664
-0.140403747558594 0.00325012207031248 0.0449104309082031 -0.00263214111328125
-0.1484375 -0.0560302734375 0.0274715423583984 0.0338153839111328
-0.1488037109375 -0.080657958984375 0.010772705078125 0.0590095520019531
-0.118453979492188 -0.0860519409179687 -0.0674667358398438 -0.0938568115234375
-0.119873046875 -0.06866455078125 -0.0482635498046875 -0.0487632751464844
-0.11383056640625 -0.0329666137695312 -0.000348091125488288 -0.0155401229858398
-0.115364074707031 0.00689697265625 0.0158977508544922 -0.0312137603759766
-0.094482421875 0.0447235107421875 0.017547607421875 -0.0462379455566406
-0.0689697265625 0.0970077514648438 0.00340270996093749 -0.0499038696289062
-0.0285797119140625 0.109992980957031 -0.012664794921875 -0.0602264404296875
-0.0251235961914062 0.10784912109375 -0.0151786804199219 -0.05950927734375
-0.0277862548828125 0.12017822265625 -0.0129890441894531 -0.0558204650878906
-0.0504684448242188 0.110794067382813 -0.000141143798828131 -0.0461311340332031
-0.082000732421875 0.0783462524414062 0.00503158569335937 -0.0417633056640625
-0.104263305664063 0.0545120239257813 0.0146083831787109 -0.0248584747314453
-0.11724853515625 -0.00858306884765624 0.0290145874023437 -0.00512313842773438
-0.123031616210938 -0.0550918579101562 -0.0124835968017578 0.0214805603027344
-0.128181457519531 -0.072021484375 -0.0308589935302734 0.0235252380371094
-0.08331298828125 -0.0484161376953125 -0.103843688964844 -0.115814208984375
-0.0749282836914063 -0.0375747680664062 -0.0762557983398438 -0.0606842041015625
-0.065185546875 -0.0179786682128906 -0.0164775848388672 -0.0180912017822266
-0.0686264038085938 0.000556945800781254 0.0149421691894531 -0.0377731323242187
-0.0623970031738281 0.0237998962402344 0.0221595764160156 -0.0593223571777344
-0.0515785217285156 0.0644645690917969 0.00811767578124999 -0.0792617797851563
-0.02435302734375 0.0749664306640625 -0.014068603515625 -0.0967788696289062
-0.0213623046875 0.07598876953125 -0.0216751098632813 -0.0960845947265625
-0.0278472900390625 0.0859222412109375 -0.0137100219726563 -0.0908050537109375
-0.0465469360351563 0.0740966796875 0.00827026367187499 -0.0764389038085938
-0.0653762817382813 0.0448379516601563 0.014495849609375 -0.0567169189453125
-0.0760345458984375 0.02490234375 0.0179214477539062 -0.0297679901123047
-0.0763473510742187 -0.0166473388671875 0.0144424438476562 -0.00781631469726563
-0.0787887573242187 -0.0435333251953125 -0.04473876953125 0.00762176513671875
-0.0894317626953125 -0.0503692626953125 -0.06427001953125 -0.00960922241210937
-0.0323162078857422 -0.00512123107910156 -0.127937316894531 -0.126754760742187
-0.0184059143066406 -0.00887489318847656 -0.0959320068359375 -0.0660552978515625
-0.0106048583984375 -0.00803661346435547 -0.0319652557373047 -0.0166664123535156
-0.0169534683227539 -0.0113868713378906 0.00899887084960937 -0.0378074645996094
-0.0249710083007813 -0.00260162353515625 0.0219993591308594 -0.0624351501464844
-0.0302219390869141 0.0220870971679687 0.00913238525390624 -0.0957489013671875
-0.0194301605224609 0.0296840667724609 -0.0162887573242187 -0.11846923828125
-0.0137310028076172 0.0330715179443359 -0.0241622924804688 -0.117973327636719
-0.0219497680664063 0.0393791198730469 -0.0105361938476562 -0.112091064453125
-0.029876708984375 0.0275745391845703 0.01922607421875 -0.0938949584960937
-0.0336322784423828 0.00808143615722656 0.0255470275878906 -0.0618553161621094
-0.0317897796630859 -0.000778198242187494 0.0225830078125 -0.0294437408447266
-0.0231437683105469 -0.0133762359619141 0.00151252746582031 -0.00837135314941406
-0.0270462036132813 -0.0167579650878906 -0.0643157958984375 -0.00680541992187501
-0.0415077209472656 -0.0161590576171875 -0.0844039916992188 -0.0338363647460937
-0.0137939453125 -0.0374717712402344 0.104400634765625 0.0275955200195312
-0.025238037109375 -0.0356254577636719 0.0767135620117188 0.00930023193359375
-0.0404891967773438 -0.012451171875 0.00613546371459961 -0.00853109359741211
-0.0321063995361328 0.014129638671875 -0.0350513458251953 0.0230140686035156
-0.0134372711181641 0.0186519622802734 -0.04302978515625 0.0541610717773438
0.00236892700195312 0.0192165374755859 -0.0287094116210938 0.101593017578125
0.00834846496582031 0.0216064453125 0.00449371337890624 0.1290283203125
0.00413322448730469 0.0193004608154297 0.0230484008789062 0.126312255859375
0.0105304718017578 0.0195693969726562 0.0138778686523438 0.119163513183594
0.00592422485351563 0.0277481079101563 -0.0126495361328125 0.100456237792969
-0.006256103515625 0.0326786041259766 -0.0116996765136719 0.0597686767578125
-0.0237998962402344 0.03155517578125 0.00703048706054688 0.0311222076416016
-0.0417213439941406 0.00491333007812499 0.0497093200683594 0.034820556640625
-0.0340251922607422 -0.0170192718505859 0.115821838378906 0.0756301879882813
-0.0179042816162109 -0.0150165557861328 0.125946044921875 0.162017822265625
-0.0652008056640625 -0.078125 0.0895233154296875 0.0234756469726562
-0.0755538940429688 -0.0694961547851563 0.06890869140625 0.0089874267578125
-0.0887603759765625 -0.0338668823242188 0.0148544311523437 -0.00878429412841797
-0.0839004516601563 0.0121917724609375 -0.0279769897460937 0.0137386322021484
-0.05706787109375 0.0363845825195312 -0.0419197082519531 0.0387344360351563
-0.0278549194335937 0.0616264343261719 -0.0340118408203125 0.0907058715820313
-0.0033111572265625 0.0691986083984375 -0.00237274169921875 0.115249633789063
-0.00600051879882812 0.0648689270019531 0.0183029174804688 0.111190795898438
-0.00108337402343749 0.06976318359375 0.0127410888671875 0.103630065917969
-0.0143661499023437 0.0724105834960938 -0.00656890869140625 0.0894393920898438
-0.036651611328125 0.0620880126953125 -0.00751876831054688 0.0504379272460938
-0.0601806640625 0.0531425476074219 0.0116252899169922 0.0223655700683594
-0.086334228515625 0.00555419921874998 0.0612831115722656 0.0220947265625
-0.0872879028320313 -0.03662109375 0.117584228515625 0.0678939819335938
-0.0764694213867188 -0.044158935546875 0.11962890625 0.151901245117188
-0.105827331542969 -0.112632751464844 0.0628890991210937 0.00133132934570312
-0.116424560546875 -0.0989761352539063 0.0513191223144531 0.000621795654296869
-0.128608703613281 -0.0553741455078125 0.0203380584716797 -0.00825309753417969
-0.130821228027344 0.00733184814453124 -0.0149879455566406 0.00473785400390625
-0.0968246459960937 0.0503463745117188 -0.0284423828125 0.0204257965087891
-0.05706787109375 0.0968170166015625 -0.0279808044433594 0.0655136108398438
-0.0153350830078125 0.108505249023438 -0.006683349609375 0.0826797485351563
-0.014862060546875 0.102455139160156 0.01043701171875 0.078277587890625
-0.0101852416992188 0.111251831054688 0.00772857666015626 0.073699951171875
-0.02899169921875 0.110641479492188 -0.00450515747070313 0.0656356811523438
-0.0625 0.090057373046875 -0.00461196899414063 0.0307884216308594
-0.0933303833007813 0.0738983154296875 0.0137243270874023 0.0102920532226563
-0.124763488769531 0.00654602050781251 0.0637588500976562 0.0116767883300781
-0.130844116210938 -0.0500717163085937 0.0994033813476562 0.057220458984375
-0.121910095214844 -0.070404052734375 0.0936508178710937 0.129066467285156
-0.131950378417969 -0.126739501953125 0.0239391326904297 -0.0286884307861328
-0.142181396484375 -0.109954833984375 0.0214195251464844 -0.0142993927001953
-0.149871826171875 -0.0618743896484375 0.0198421478271484 -0.00836753845214844
-0.155075073242187 0.00540161132812503 -0.00108718872070313 -0.0059971809387207
-0.120269775390625 0.0564117431640625 -0.0104894638061524 -0.00185871124267578
-0.0768890380859375 0.116241455078125 -0.0167694091796875 0.030303955078125
-0.0254669189453125 0.130149841308594 -0.00916290283203126 0.0378456115722656
-0.0232315063476563 0.123695373535156 0.00237655639648437 0.0340118408203125
-0.0179519653320312 0.136550903320313 0.000814437866210936 0.0331764221191406
-0.0418853759765625 0.133712768554688 -0.00323677062988281 0.0306358337402344
-0.0804977416992188 0.105445861816406 -0.00152015686035157 0.00753021240234376
-0.114372253417969 0.0839309692382812 0.0147438049316406 -0.00236701965332031
-0.145065307617188 0.00685119628906251 0.0582122802734375 0.00336074829101563
-0.155029296875 -0.0575103759765625 0.0683403015136719 0.0465507507324219
-0.14959716796875 -0.083282470703125 0.0552825927734375 0.0978622436523438
-0.138526916503906 -0.119712829589844 -0.0220947265625 -0.0642318725585938
-0.146087646484375 -0.100540161132813 -0.0134010314941406 -0.0322055816650391
-0.147079467773437 -0.0543975830078125 0.0128641128540039 -0.0109357833862305
-0.152053833007813 0.00567626953124999 0.0114383697509766 -0.0183506011962891
-0.121025085449219 0.0556106567382813 0.00744628906249999 -0.0257129669189453
-0.08172607421875 0.117538452148437 -0.00374507904052735 -0.0116672515869141
-0.0306243896484375 0.131546020507813 -0.0103769302368164 -0.0128879547119141
-0.0276947021484375 0.127212524414063 -0.00758457183837891 -0.0143032073974609
-0.025421142578125 0.140449523925781 -0.00709247589111329 -0.0125970840454101
-0.0504608154296875 0.13543701171875 -0.00184917449951172 -0.00886535644531249
-0.0885772705078125 0.102630615234375 0.000448226928710931 -0.019195556640625
-0.120292663574219 0.0782089233398438 0.0152177810668945 -0.0142898559570312
-0.145904541015625 -0.000167846679687513 0.0449256896972656 -0.00208663940429688
-0.153778076171875 -0.06121826171875 0.0273056030273437 0.0363540649414063
-0.152862548828125 -0.08697509765625 0.00941467285156249 0.061981201171875
-0.12200927734375 -0.092010498046875 -0.067535400390625 -0.0963363647460938
-0.124229431152344 -0.0743179321289062 -0.0485191345214844 -0.0496826171875
-0.118080139160156 -0.0376815795898437 -0.00096321105957032 -0.0150012969970703
-0.12066650390625 0.00555419921874998 0.0172138214111328 -0.0297451019287109
-0.0998153686523438 0.04473876953125 0.0205345153808594 -0.0474891662597656
-0.0732040405273437 0.0999069213867188 0.00621795654296875 -0.0512428283691406
-0.0306472778320313 0.113395690917969 -0.0114669799804688 -0.0616912841796875
-0.0271377563476563 0.111053466796875 -0.015411376953125 -0.0606651306152344
-0.02880859375 0.124763488769531 -0.0128440856933594 -0.0570068359375
-0.0535125732421875 0.115631103515625 0.00142288208007812 -0.0477027893066406
-0.0860824584960937 0.0809097290039063 0.00632476806640625 -0.0428199768066406
-0.108856201171875 0.0560073852539063 0.0162639617919922 -0.0243301391601562
-0.121955871582031 -0.0116958618164063 0.0293025970458984 -0.00556182861328125
-0.128440856933594 -0.0601654052734375 -0.0136966705322266 0.0232048034667969
-0.132270812988281 -0.0769882202148438 -0.0339736938476563 0.0243740081787109
-0.08624267578125 -0.0528106689453125 -0.104286193847656 -0.1202392578125
-0.0799484252929688 -0.041534423828125 -0.0777816772460938 -0.0634002685546875
-0.0684089660644531 -0.0208244323730469 -0.0163497924804688 -0.0187911987304688
-0.0719680786132813 -0.000671386718749997 0.0151519775390625 -0.038116455078125
-0.0653762817382813 0.0247230529785156 0.0247383117675781 -0.0610237121582031
-0.0538520812988281 0.0667381286621094 0.0105056762695312 -0.082183837890625
-0.0263519287109375 0.0781936645507813 -0.0129928588867188 -0.0998611450195313
-0.0226898193359375 0.078826904296875 -0.0205917358398437 -0.0980911254882812
-0.02825927734375 0.0898895263671875 -0.0130691528320313 -0.0934829711914062
-0.048095703125 0.0770492553710938 0.0094451904296875 -0.0795059204101563
-0.0686569213867188 0.0456809997558594 0.0161590576171875 -0.0581245422363281
-0.0791244506835937 0.0265731811523438 0.0201606750488281 -0.0297164916992188
-0.0788650512695313 -0.019287109375 0.0137672424316406 -0.0078573226928711
-0.0829696655273437 -0.04632568359375 -0.0464668273925781 0.00778961181640625
-0.0925521850585937 -0.0541763305664063 -0.0678138732910156 -0.0104179382324219
-0.0344028472900391 -0.00757980346679687 -0.128311157226563 -0.132614135742187
-0.0202484130859375 -0.0106315612792969 -0.0976486206054687 -0.0688018798828125
-0.0122499465942383 -0.0089874267578125 -0.0326728820800781 -0.0177021026611328
-0.0188446044921875 -0.0121078491210937 0.00947570800781249 -0.0386199951171875
-0.0262012481689453 -0.00154304504394531 0.0241012573242187 -0.0643463134765625
-0.0317211151123047 0.0237865447998047 0.010894775390625 -0.0999221801757812
-0.0202884674072266 0.03131103515625 -0.0153961181640625 -0.122390747070313
-0.0146102905273438 0.0342826843261719 -0.0235214233398437 -0.120872497558594
-0.0216827392578125 0.0413436889648438 -0.009765625 -0.114959716796875
-0.0307655334472656 0.0294704437255859 0.0217514038085937 -0.09716796875
-0.0354766845703125 0.00904464721679688 0.0273399353027344 -0.0631370544433594
-0.0327377319335938 -5.53131103515661E-05 0.0239601135253906 -0.0291461944580078
-0.0245380401611328 -0.0135250091552734 0.000771522521972654 -0.009002685546875
-0.0291862487792969 -0.0184402465820313 -0.0677490234375 -0.00757217407226562
-0.0435218811035156 -0.017852783203125 -0.0879440307617188 -0.036895751953125
-0.0122184753417969 -0.0389938354492188 0.112869262695313 0.0298995971679687
-0.0259780883789063 -0.0376091003417969 0.0824203491210938 0.0100631713867187
-0.0420379638671875 -0.0142898559570313 0.00716924667358398 -0.00847768783569336
-0.0333423614501953 0.0143775939941406 -0.0360565185546875 0.0247688293457031
-0.0142631530761719 0.0195713043212891 -0.0454368591308594 0.0572662353515625
0.001983642578125 0.0197525024414063 -0.0302200317382813 0.109207153320313
0.00926589965820313 0.0223731994628906 0.00644683837890625 0.13690185546875
0.00455856323242188 0.0199642181396484 0.0252761840820312 0.133049011230469
0.0111789703369141 0.0199451446533203 0.0152816772460937 0.126541137695312
0.00660133361816406 0.0290317535400391 -0.0130081176757813 0.107452392578125
-0.00661468505859375 0.0347957611083984 -0.0123443603515625 0.0647087097167969
-0.0249862670898437 0.0330467224121094 0.00728607177734375 0.0337047576904297
-0.0440559387207031 0.00437927246093749 0.0514450073242188 0.0366744995117188
-0.0351314544677734 -0.0175132751464844 0.123138427734375 0.07891845703125
-0.0179824829101563 -0.0154590606689453 0.1328125 0.171340942382813
-0.0684280395507812 -0.08209228515625 0.0976638793945312 0.0262908935546875
-0.0793991088867188 -0.0730056762695313 0.074676513671875 0.01055908203125
-0.0926513671875 -0.03759765625 0.016998291015625 -0.00931644439697266
-0.0894393920898438 0.0123977661132812 -0.0288410186767578 0.0148220062255859
-0.0613288879394531 0.0375900268554688 -0.0433158874511719 0.041229248046875
-0.0305442810058594 0.0645103454589844 -0.035064697265625 0.0973663330078125
-0.00338745117187501 0.073455810546875 -0.00166320800781251 0.122520446777344
-0.00634765625 0.068695068359375 0.0209808349609375 0.117706298828125
-0.000602722167968754 0.0731124877929687 0.0149078369140625 0.11077880859375
-0.01416015625 0.0763702392578125 -0.00634765625000001 0.0962600708007813
-0.0392799377441406 0.0663604736328125 -0.0071868896484375 0.0539894104003906
-0.0641517639160156 0.0566444396972656 0.0118179321289062 0.0240917205810547
-0.09222412109375 0.0050048828125 0.0638771057128906 0.0235710144042969
-0.0926437377929687 -0.0392913818359375 0.125106811523438 0.0714340209960938
-0.0804061889648438 -0.0464096069335937 0.1256103515625 0.161865234375
-0.111656188964844 -0.119041442871094 0.0690536499023438 0.00313186645507812
-0.123558044433594 -0.105819702148438 0.0548629760742187 0.00260543823242187
-0.136199951171875 -0.0615997314453125 0.0224456787109375 -0.00816726684570313
-0.138641357421875 0.006683349609375 -0.0151481628417969 0.00574493408203125
-0.103729248046875 0.0532379150390625 -0.0291213989257813 0.0227203369140625
-0.0608596801757813 0.101646423339844 -0.0274772644042969 0.0702285766601563
-0.01617431640625 0.114082336425781 -0.005706787109375 0.088775634765625
-0.0162277221679688 0.108512878417969 0.01202392578125 0.083404541015625
-0.00940704345703125 0.117294311523438 0.00899505615234375 0.0793533325195313
-0.0301055908203125 0.118118286132813 -0.0044403076171875 0.0700950622558594
-0.0667800903320313 0.096435546875 -0.00464630126953125 0.0343971252441406
-0.0996322631835937 0.0788040161132813 0.0151920318603516 0.0121574401855469
-0.132858276367188 0.00666046142578127 0.0666351318359375 0.0127601623535156
-0.139839172363281 -0.0538711547851562 0.105079650878906 0.06121826171875
-0.129920959472656 -0.0741500854492187 0.0987396240234375 0.138336181640625
-0.139808654785156 -0.134063720703125 0.0273265838623047 -0.0280017852783203
-0.151138305664062 -0.11651611328125 0.0239791870117187 -0.0124530792236328
-0.1591796875 -0.0682525634765625 0.0219554901123047 -0.00833320617675782
-0.165283203125 0.00520324707031252 -0.000206470489501963 -0.0042729377746582
-0.128196716308594 0.0602951049804688 -0.00998497009277345 -0.00065326690673828
-0.081939697265625 0.123207092285156 -0.0155010223388672 0.0320243835449219
-0.02685546875 0.138435363769531 -0.00817108154296875 0.041015625
-0.0236740112304688 0.132095336914063 0.00243759155273438 0.0370826721191406
-0.0180511474609375 0.1451416015625 0.000923156738281251 0.0358505249023438
-0.0432891845703125 0.142791748046875 -0.00278472900390625 0.0334682464599609
-0.0857315063476562 0.113067626953125 -0.000987052917480474 0.00883197784423829
-0.121871948242187 0.089935302734375 0.0159921646118164 -0.00122356414794921
-0.155487060546875 0.0054473876953125 0.0599632263183594 0.00364303588867188
-0.16650390625 -0.06195068359375 0.0718994140625 0.0500030517578125
-0.15948486328125 -0.0887298583984375 0.0574874877929687 0.105369567871094
-0.14727783203125 -0.127395629882812 -0.021575927734375 -0.0659637451171875
-0.156982421875 -0.107223510742188 -0.0141334533691406 -0.0318355560302734
-0.157623291015625 -0.060577392578125 0.0143222808837891 -0.00990867614746094
-0.162445068359375 0.00659179687499998 0.013056755065918 -0.0174016952514648
-0.129241943359375 0.059967041015625 0.00963401794433593 -0.0266838073730469
-0.087066650390625 0.126251220703125 -0.00223445892333985 -0.0120639801025391
-0.03271484375 0.139694213867188 -0.00953197479248047 -0.012965202331543
-0.0281448364257813 0.135673522949219 -0.0071868896484375 -0.0144567489624023
-0.0250701904296875 0.15057373046875 -0.00757026672363281 -0.0126314163208008
-0.0521392822265625 0.145645141601562 -0.00264453887939453 -0.00902938842773436
-0.0952377319335937 0.110610961914063 0.00176429748535156 -0.0187740325927734
-0.128997802734375 0.0838775634765625 0.0165853500366211 -0.0143013000488281
-0.15625 -0.00157165527343749 0.0458221435546875 -0.00259780883789063
-0.165939331054688 -0.066558837890625 0.0283393859863281 0.0388870239257812
-0.162933349609375 -0.09246826171875 0.00909042358398437 0.0675239562988281
-0.130447387695313 -0.0990829467773438 -0.0695266723632813 -0.100563049316406
-0.133949279785156 -0.0796585083007813 -0.0521202087402344 -0.050872802734375
-0.126533508300781 -0.0421600341796875 0.000226974487304679 -0.0146274566650391
-0.130317687988281 0.00652313232421872 0.0189285278320312 -0.0304889678955078
-0.107627868652344 0.0492706298828125 0.0228919982910156 -0.0497665405273438
-0.0778427124023438 0.107261657714844 0.00768280029296874 -0.0546722412109375
-0.0323562622070313 0.121047973632813 -0.0114021301269531 -0.0646858215332031
-0.0273513793945313 0.119361877441406 -0.0156059265136719 -0.0635757446289062
-0.0290374755859375 0.134124755859375 -0.0134925842285156 -0.0600395202636719
-0.0561752319335938 0.124153137207031 0.00171279907226562 -0.050506591796875
-0.092681884765625 0.0879898071289062 0.00795745849609375 -0.044525146484375
-0.116813659667969 0.0613861083984375 0.0179672241210937 -0.0247650146484375
-0.131401062011719 -0.0135574340820313 0.0295467376708984 -0.00648307800292969
-0.138267517089844 -0.064300537109375 -0.01513671875 0.0249652862548828
-0.141845703125 -0.081817626953125 -0.0366363525390625 0.0261611938476562
-0.0924224853515625 -0.057342529296875 -0.109352111816406 -0.126548767089844
-0.0862884521484375 -0.0448837280273437 -0.0826492309570313 -0.0654067993164063
-0.0751724243164063 -0.0228500366210938 -0.0168056488037109 -0.0182075500488281
-0.0786819458007813 -0.000160217285156246 0.0172157287597656 -0.0394859313964844
-0.0705795288085938 0.0273361206054688 0.0274658203125 -0.0648040771484375
-0.057342529296875 0.0734481811523438 0.0127182006835937 -0.0877685546875
-0.0276031494140625 0.083282470703125 -0.0137557983398437 -0.105484008789063
-0.0222091674804688 0.0844192504882813 -0.0219345092773437 -0.103073120117187
-0.0287246704101562 0.0973281860351563 -0.0141448974609375 -0.0981826782226563
-0.0500106811523438 0.083404541015625 0.01031494140625 -0.0831832885742188
-0.0734634399414063 0.0504684448242188 0.0179100036621094 -0.0614204406738281
-0.0845108032226563 0.0295028686523438 0.0211811065673828 -0.0309391021728516
-0.0850982666015625 -0.0214691162109375 0.0130767822265625 -0.00857257843017578
-0.0906448364257812 -0.0504913330078125 -0.0502281188964844 0.00925064086914061
-0.0998001098632812 -0.0583038330078125 -0.0732498168945313 -0.0107269287109375
-0.0379257202148438 -0.0100898742675781 -0.135147094726562 -0.141159057617188
-0.023590087890625 -0.0122776031494141 -0.104194641113281 -0.0724945068359375
-0.0142097473144531 -0.0104789733886719 -0.0339469909667969 -0.0175495147705078
-0.0217170715332031 -0.0129833221435547 0.0105361938476562 -0.0404777526855469
-0.0292186737060547 -0.00130844116210937 0.0263214111328125 -0.0690231323242188
-0.033233642578125 0.0271396636962891 0.0120162963867188 -0.106964111328125
-0.0211029052734375 0.0343914031982422 -0.016632080078125 -0.130378723144531
-0.0141220092773438 0.0374259948730469 -0.025665283203125 -0.127861022949219
-0.0219841003417969 0.0454597473144531 -0.0104141235351562 -0.121810913085937
-0.0320777893066406 0.0326499938964844 0.0215682983398437 -0.102828979492188
-0.0378532409667969 0.0109024047851563 0.0296134948730469 -0.0670547485351563
-0.0351943969726563 0.000816345214843756 0.0255126953125 -0.0311107635498047
-0.0271377563476563 -0.0142154693603516 -0.000872611999511719 -0.00930404663085938
-0.0328426361083984 -0.0203533172607422 -0.073272705078125 -0.0072021484375
-0.0476531982421875 -0.0194206237792969 -0.0952301025390625 -0.0399398803710938
-0.0131607055664063 -0.0400810241699219 0.124015808105469 0.028594970703125
-0.0277328491210938 -0.040008544921875 0.0904083251953125 0.0079498291015625
-0.0448112487792969 -0.0153274536132813 0.00874519348144531 -0.0105972290039063
-0.0341129302978516 0.0151157379150391 -0.0370368957519531 0.0282135009765625
-0.0149059295654297 0.0199966430664063 -0.0459136962890625 0.0638618469238281
0.00206184387207031 0.0198707580566406 -0.0279083251953125 0.118240356445313
0.01043701171875 0.0223941802978516 0.012542724609375 0.146743774414063
0.00477790832519531 0.0203742980957031 0.03216552734375 0.1419677734375
0.0119113922119141 0.0194168090820313 0.0203857421875 0.135673522949219
0.00856399536132813 0.0296173095703125 -0.00976562499999999 0.115745544433594
-0.00488662719726562 0.0372390747070313 -0.0120849609375 0.07122802734375
-0.0252418518066406 0.0359764099121094 0.008026123046875 0.0365982055664063
-0.0465354919433594 0.00680541992187499 0.0565452575683594 0.0380439758300781
-0.0372314453125 -0.01611328125 0.133674621582031 0.0784988403320313
-0.0190925598144531 -0.0159130096435547 0.1484375 0.178970336914063
-0.074310302734375 -0.0853118896484375 0.109115600585938 0.0272064208984375
-0.0868988037109375 -0.0754852294921875 0.0823516845703125 0.0102005004882812
-0.10015869140625 -0.0388717651367188 0.0196914672851562 -0.00971031188964844
-0.0947494506835938 0.0150222778320313 -0.0281887054443359 0.0172977447509766
-0.0649642944335938 0.0417938232421875 -0.0448341369628906 0.0470085144042969
-0.0313873291015625 0.0687828063964844 -0.032623291015625 0.105850219726563
-0.00166320800781251 0.0774383544921875 0.00324249267578126 0.131492614746094
-0.00443267822265625 0.0735397338867188 0.02716064453125 0.125083923339844
0.002655029296875 0.0775527954101563 0.0199050903320313 0.118461608886719
-0.0126266479492188 0.0809097290039063 -0.00337219238281251 0.104080200195313
-0.039703369140625 0.0725173950195313 -0.00611495971679688 0.06060791015625
-0.0662460327148438 0.0624198913574219 0.0124359130859375 0.0267848968505859
-0.0981292724609375 0.00791168212890627 0.0683021545410156 0.0225944519042969
-0.101829528808594 -0.0384140014648437 0.136024475097656 0.0717544555664063
-0.0866775512695313 -0.046875 0.139724731445313 0.169586181640625
-0.122573852539063 -0.12261962890625 0.0763320922851562 0.00425720214843749
-0.135383605957031 -0.108558654785156 0.060546875 0.00251770019531249
-0.147674560546875 -0.062530517578125 0.0260658264160156 -0.00970077514648438
-0.14776611328125 0.0110931396484375 -0.0155925750732422 0.00876331329345703
-0.110382080078125 0.0604705810546875 -0.0291938781738281 0.0248241424560547
-0.0624618530273438 0.110946655273438 -0.0253219604492188 0.075927734375
-0.0140304565429687 0.123054504394531 -0.000610351562500007 0.0955276489257813
-0.0118331909179688 0.117507934570313 0.016326904296875 0.089019775390625
-0.00573730468750001 0.126075744628906 0.0129318237304688 0.0851821899414063
-0.0284423828125 0.127388000488281 -0.00148773193359376 0.0758819580078125
-0.067901611328125 0.106315612792969 -0.00299072265625 0.0382652282714844
-0.104087829589844 0.0883407592773438 0.016911506652832 0.014068603515625
-0.143264770507812 0.0109405517578125 0.0700759887695312 0.0106544494628906
-0.153106689453125 -0.052398681640625 0.11407470703125 0.0623855590820312
-0.142547607421875 -0.074615478515625 0.108932495117188 0.14599609375
-0.154022216796875 -0.139205932617187 0.0307407379150391 -0.0281696319580078
-0.166336059570313 -0.120086669921875 0.0261917114257812 -0.0117225646972656
-0.174530029296875 -0.0707550048828125 0.0243072509765625 -0.00752639770507813
-0.177627563476563 0.010711669921875 0.0012686252593994 -0.00330495834350586
-0.136703491210937 0.0699310302734375 -0.00957298278808595 -0.00110149383544921
-0.0835037231445313 0.134613037109375 -0.0133323669433594 0.0348663330078125
-0.0245513916015625 0.148788452148438 -0.00569534301757813 0.0452728271484375
-0.02044677734375 0.143295288085938 0.00566864013671875 0.0405158996582031
-0.013824462890625 0.1558837890625 0.00216293334960938 0.0388526916503906
-0.0410003662109375 0.155471801757813 -0.000984191894531255 0.0365257263183594
-0.0883026123046875 0.126266479492187 -0.000308990478515629 0.0103673934936524
-0.128242492675781 0.101676940917969 0.0182285308837891 -1.33514404296813E-05
-0.167678833007813 0.010772705078125 0.0622291564941406 0.00141143798828125
-0.18243408203125 -0.0607452392578125 0.0782318115234375 0.050628662109375
-0.173660278320313 -0.089111328125 0.0648727416992187 0.1124267578125
-0.162384033203125 -0.1322021484375 -0.0223655700683594 -0.0663375854492188
-0.17340087890625 -0.109375 -0.0163612365722656 -0.0308055877685547
-0.173294067382812 -0.0606689453125 0.0159492492675781 -0.00958633422851563
-0.175079345703125 0.012359619140625 0.0145549774169922 -0.0178031921386719
-0.138984680175781 0.0692825317382813 0.0101757049560547 -0.0290088653564453
-0.088836669921875 0.138397216796875 -0.000289916992187505 -0.0125198364257812
-0.02978515625 0.151092529296875 -0.00936031341552735 -0.0130128860473633
-0.02435302734375 0.1468505859375 -0.00730705261230469 -0.0143041610717773
-0.0199432373046875 0.163330078125 -0.00743770599365235 -0.012324333190918
-0.0500335693359375 0.158416748046875 -0.00179386138916016 -0.00940895080566405
-0.098907470703125 0.123672485351563 0.00209999084472656 -0.0195999145507812
-0.135063171386719 0.0972900390625 0.0183238983154297 -0.0141334533691406
-0.169097900390625 0.00343322753906247 0.0474357604980469 -0.0043792724609375
-0.182662963867188 -0.065948486328125 0.0309906005859375 0.0417556762695312
-0.178314208984375 -0.092926025390625 0.0107421875 0.0731887817382812
-0.14501953125 -0.102432250976563 -0.07623291015625 -0.103363037109375
-0.149917602539063 -0.0808563232421875 -0.0568923950195313 -0.0501823425292969
-0.139198303222656 -0.04315185546875 0.000565528869628898 -0.0141324996948242
-0.1400146484375 0.0107574462890625 0.0204887390136719 -0.0312671661376953
-0.113983154296875 0.0564346313476563 0.0250816345214844 -0.0555763244628906
-0.0798568725585937 0.119178771972656 0.00820541381835937 -0.0598297119140625
-0.0297622680664063 0.132759094238281 -0.0135002136230469 -0.0688133239746094
-0.024871826171875 0.129379272460937 -0.0182685852050781 -0.0666007995605469
-0.0254974365234375 0.1461181640625 -0.0167922973632812 -0.0627975463867187
-0.0548629760742188 0.136070251464844 0.000110626220703116 -0.0543479919433594
-0.0968704223632813 0.0979461669921875 0.00804138183593749 -0.0474128723144531
-0.122848510742187 0.0706405639648438 0.0197219848632812 -0.0261783599853516
-0.142471313476563 -0.0113372802734375 0.0308036804199219 -0.00728797912597656
-0.15325927734375 -0.0650177001953125 -0.0161552429199219 0.0289363861083984
-0.155838012695312 -0.0838165283203125 -0.0406761169433594 0.0307655334472656
-0.103744506835937 -0.0601425170898437 -0.120040893554687 -0.130203247070313
-0.0969619750976563 -0.0460433959960937 -0.091217041015625 -0.0650711059570312
-0.0824737548828125 -0.0237960815429687 -0.0173606872558594 -0.0184402465820313
-0.0858078002929688 0.00276947021484376 0.0173988342285156 -0.0421905517578125
-0.0761337280273438 0.0323257446289062 0.0283126831054687 -0.07147216796875
-0.0583038330078125 0.08270263671875 0.0106201171875 -0.0948486328125
-0.0266036987304688 0.0926513671875 -0.0181884765625 -0.112503051757813
-0.0210113525390625 0.0919342041015625 -0.0270843505859375 -0.109199523925781
-0.025665283203125 0.106697082519531 -0.0182647705078125 -0.103958129882812
-0.0499725341796875 0.0932540893554688 0.00724792480468749 -0.090728759765625
-0.0781478881835938 0.0585708618164063 0.0176429748535156 -0.0661849975585938
-0.0904541015625 0.0358047485351562 0.0220355987548828 -0.0333118438720703
-0.0923843383789063 -0.0209808349609375 0.011688232421875 -0.00969982147216797
-0.100936889648437 -0.0517654418945313 -0.0550804138183594 0.0124664306640625
-0.109893798828125 -0.059356689453125 -0.0807723999023438 -0.00833129882812499
-0.0420722961425781 -0.00995254516601563 -0.147994995117188 -0.145523071289063
-0.0276622772216797 -0.0134372711181641 -0.114982604980469 -0.0728225708007812
-0.0173263549804687 -0.0115633010864258 -0.0366668701171875 -0.0169830322265625
-0.0249710083007813 -0.0123443603515625 0.00998687744140625 -0.0439338684082031
-0.0329761505126953 0.00124549865722656 0.0271682739257813 -0.07501220703125
-0.034515380859375 0.0317764282226563 0.00868988037109374 -0.116584777832031
-0.0207138061523437 0.0381965637207031 -0.0224685668945312 -0.139442443847656
-0.013763427734375 0.0409965515136719 -0.0321121215820313 -0.134635925292969
-0.0217666625976563 0.0498199462890625 -0.015045166015625 -0.12933349609375
-0.032501220703125 0.0384559631347656 0.0185165405273437 -0.111732482910156
-0.0401153564453125 0.0142440795898437 0.0285568237304687 -0.0732345581054688
-0.0381202697753906 0.00429153442382813 0.02642822265625 -0.0337066650390625
-0.0303115844726562 -0.0144367218017578 -0.00244426727294922 -0.00958633422851563
-0.0382041931152344 -0.0200271606445313 -0.0795822143554688 -0.00447845458984374
-0.0529327392578125 -0.0206756591796875 -0.104423522949219 -0.039276123046875
-0.0132560729980469 -0.0406837463378906 0.134857177734375 0.0231857299804687
-0.02880859375 -0.0419044494628906 0.0972824096679688 0.00286865234375
-0.0474128723144531 -0.0140647888183594 0.00855636596679687 -0.0114955902099609
-0.0356521606445313 0.0165748596191406 -0.0357170104980469 0.0313034057617187
-0.0135269165039063 0.0224857330322266 -0.044769287109375 0.0683441162109375
0.00207424163818359 0.0167379379272461 -0.0199127197265625 0.126792907714844
0.0113525390625 0.0210285186767578 0.0232086181640625 0.151504516601563
0.00674247741699219 0.0219268798828125 0.0431671142578125 0.14599609375
0.0146217346191406 0.0194892883300781 0.0303878784179688 0.139213562011719
0.0115375518798828 0.0299911499023438 -0.00241851806640624 0.12445068359375
-0.00430679321289063 0.0400390625 -0.00872039794921875 0.0763320922851563
-0.0236053466796875 0.0372886657714844 0.00893402099609374 0.0382957458496094
-0.0480842590332031 0.0120735168457031 0.0609283447265625 0.0368194580078125
-0.0406761169433594 -0.0136222839355469 0.143829345703125 0.073486328125
-0.0211849212646484 -0.0144596099853516 0.165771484375 0.178298950195313
-0.082916259765625 -0.0837326049804687 0.117843627929688 0.0228958129882813
-0.0950241088867188 -0.0727462768554688 0.0896759033203125 0.00602722167968749
-0.107322692871094 -0.0364151000976563 0.0207080841064453 -0.0118007659912109
-0.0983810424804688 0.0231857299804687 -0.0271892547607422 0.0225982666015625
-0.0676918029785156 0.0481796264648438 -0.0422744750976563 0.0503501892089844
-0.0298080444335938 0.0745315551757813 -0.02642822265625 0.114234924316406
0.0017852783203125 0.0797348022460938 0.014801025390625 0.137870788574219
0.00122070312500001 0.074432373046875 0.0370559692382813 0.129074096679688
0.00902557373046875 0.08099365234375 0.0304031372070312 0.122726440429687
-0.00707244873046874 0.0875930786132813 0.00265502929687501 0.109825134277344
-0.0362091064453125 0.0789871215820312 -0.00185394287109376 0.0636444091796875
-0.06494140625 0.0721206665039062 0.0150394439697266 0.0289497375488281
-0.1044921875 0.0150527954101563 0.07098388671875 0.0200881958007813
-0.108489990234375 -0.0330810546875 0.14532470703125 0.06634521484375
-0.0931625366210938 -0.043060302734375 0.156707763671875 0.17059326171875
-0.135498046875 -0.123008728027344 0.0825271606445312 0.000160217285156242
-0.149627685546875 -0.104598999023437 0.0646133422851562 -7.6293945312564E-06
-0.160232543945313 -0.060272216796875 0.0272560119628906 -0.0117244720458984
-0.15557861328125 0.020477294921875 -0.012791633605957 0.00965404510498047
-0.1123046875 0.0685272216796875 -0.0267448425292969 0.0278854370117188
-0.0585403442382813 0.119178771972656 -0.0198135375976563 0.0822219848632813
-0.00782012939453125 0.130035400390625 0.0067138671875 0.0983963012695313
-0.00298309326171876 0.124526977539063 0.024139404296875 0.091888427734375
0.00425720214843751 0.1324462890625 0.0205612182617187 0.0886154174804688
-0.0199432373046875 0.136123657226563 0.00299835205078124 0.08135986328125
-0.0656356811523437 0.116737365722656 -0.001312255859375 0.040863037109375
-0.102592468261719 0.100341796875 0.0207481384277344 0.0137310028076172
-0.149795532226563 0.0199127197265625 0.0736312866210937 0.00789642333984375
-0.166488647460938 -0.0463104248046875 0.122261047363281 0.056915283203125
-0.152023315429688 -0.069488525390625 0.123794555664063 0.147293090820313
-0.169479370117187 -0.137527465820313 0.0331859588623047 -0.0289802551269531
-0.183395385742188 -0.114456176757813 0.0284080505371094 -0.0106105804443359
-0.187408447265625 -0.0657806396484375 0.02587890625 -0.00862693786621094
-0.188064575195313 0.0228118896484375 0.00182008743286132 -0.00199687480926514
-0.140457153320313 0.081695556640625 -0.0061173439025879 -0.00105714797973632
-0.07977294921875 0.147064208984375 -0.00916290283203125 0.0364151000976563
-0.016754150390625 0.15863037109375 0.000663757324218745 0.0471725463867188
-0.0107879638671875 0.152877807617188 0.00862884521484375 0.0413932800292969
-0.00364685058593748 0.165802001953125 0.00583648681640625 0.0430793762207031
-0.0321807861328125 0.166549682617188 0.000831604003906252 0.0379219055175781
-0.0854339599609375 0.140068054199219 0.00303840637207031 0.0119085311889649
-0.128997802734375 0.116371154785156 0.0188064575195312 -0.00112152099609374
-0.176834106445312 0.0218658447265625 0.0647239685058594 -0.00194168090820312
-0.1973876953125 -0.0516510009765625 0.085052490234375 0.048736572265625
-0.189010620117188 -0.081756591796875 0.0743789672851562 0.115478515625
-0.179031372070313 -0.129104614257813 -0.0238151550292969 -0.0664634704589844
-0.190109252929688 -0.105514526367188 -0.0187263488769531 -0.0291118621826172
-0.18804931640625 -0.0543060302734375 0.019195556640625 -0.0110397338867188
-0.1864013671875 0.0267791748046875 0.0169105529785156 -0.0162534713745117
-0.142608642578125 0.083038330078125 0.0100364685058594 -0.0317764282226562
-0.086090087890625 0.152435302734375 -0.000672340393066412 -0.0136890411376953
-0.022705078125 0.162567138671875 -0.00740814208984375 -0.0140857696533203
-0.0155792236328125 0.157119750976563 -0.0078887939453125 -0.0131187438964844
-0.00987243652343752 0.173309326171875 -0.00859355926513672 -0.0114765167236328
-0.040771484375 0.171905517578125 -0.00350713729858399 -0.00857400894165038
-0.0977096557617188 0.137786865234375 0.0015716552734375 -0.0202045440673828
-0.137054443359375 0.109672546386719 0.0178585052490234 -0.0158214569091797
-0.178863525390625 0.0123291015625 0.0489463806152344 -0.00853347778320313
-0.199264526367188 -0.056793212890625 0.0348663330078125 0.0430526733398437
-0.194137573242188 -0.087799072265625 0.0158157348632812 0.076873779296875
-0.158798217773438 -0.100540161132813 -0.0850296020507813 -0.101600646972656
-0.163864135742187 -0.0753173828125 -0.062652587890625 -0.0455818176269531
-0.1505126953125 -0.03564453125 0.00117301940917968 -0.0134258270263672
-0.149978637695312 0.0200653076171875 0.0204353332519531 -0.0329856872558594
-0.117332458496094 0.069366455078125 0.0226173400878906 -0.0588607788085937
-0.0743637084960937 0.133125305175781 0.00600051879882813 -0.0639839172363281
-0.02435302734375 0.1417236328125 -0.0173606872558594 -0.0698204040527344
-0.0158309936523438 0.137794494628906 -0.0232276916503906 -0.0671653747558594
-0.0146484375 0.154281616210937 -0.0208168029785156 -0.0638084411621094
-0.0457305908203125 0.150482177734375 -0.00287628173828125 -0.0567092895507812
-0.0966720581054688 0.111289978027344 0.00621795654296875 -0.051361083984375
-0.125190734863281 0.0847091674804688 0.0171718597412109 -0.0297489166259766
-0.150222778320313 -0.00108337402343749 0.0308380126953125 -0.0100898742675781
-0.169784545898438 -0.0599365234375 -0.0153770446777344 0.0321121215820312
-0.16851806640625 -0.079132080078125 -0.0417518615722656 0.0365486145019531
-0.113662719726562 -0.055877685546875 -0.132286071777344 -0.129417419433594
-0.10699462890625 -0.041168212890625 -0.102333068847656 -0.0598068237304688
-0.09130859375 -0.0220260620117188 -0.0177364349365234 -0.0164604187011719
-0.0937957763671875 0.00862884521484375 0.0166740417480469 -0.0437889099121094
-0.0779571533203125 0.0414276123046875 0.0268020629882812 -0.0772933959960938
-0.0565643310546875 0.0917587280273437 0.00611114501953126 -0.101661682128906
-0.0208816528320313 0.0993270874023438 -0.0248641967773438 -0.117416381835938
-0.0142745971679688 0.0976943969726563 -0.0331039428710938 -0.111488342285156
-0.0182571411132812 0.112686157226563 -0.02557373046875 -0.107002258300781
-0.0460662841796875 0.102088928222656 0.00128173828124999 -0.0959930419921875
-0.07781982421875 0.068359375 0.014190673828125 -0.0713577270507813
-0.0927581787109375 0.04534912109375 0.0202293395996094 -0.0359077453613281
-0.10162353515625 -0.014404296875 0.0110483169555664 -0.0100011825561523
-0.112823486328125 -0.0478668212890625 -0.0552711486816406 0.0166091918945313
-0.119712829589844 -0.0543289184570313 -0.0862884521484375 -0.00424957275390626
-0.047088623046875 -0.010955810546875 -0.164199829101563 -0.142715454101563
-0.03326416015625 -0.0119876861572266 -0.124397277832031 -0.0672454833984375
-0.0212688446044922 -0.0109672546386719 -0.0392723083496094 -0.0138816833496094
-0.0295314788818359 -0.0117664337158203 0.0069580078125 -0.0452003479003906
-0.0357704162597656 0.00329208374023437 0.0240478515625 -0.0827865600585937
-0.03387451171875 0.0376243591308594 0.00127410888671874 -0.123176574707031
-0.017120361328125 0.0426406860351563 -0.032745361328125 -0.144180297851563
-0.01190185546875 0.0439338684082031 -0.041656494140625 -0.13861083984375
-0.0163917541503906 0.0562973022460938 -0.0236663818359375 -0.133735656738281
-0.0307159423828125 0.0432929992675781 0.011688232421875 -0.117805480957031
-0.0427093505859375 0.0193061828613281 0.0255889892578125 -0.0783233642578125
-0.0390548706054688 0.0081787109375 0.0234603881835937 -0.0373725891113281
-0.0344467163085938 -0.0134906768798828 -0.0030965805053711 -0.00889301300048828
-0.0451011657714844 -0.0176506042480469 -0.0836029052734375 0.00214385986328126
-0.0571861267089844 -0.0187301635742187 -0.113693237304688 -0.03314208984375
-0.0147323608398437 -0.0411491394042969 0.140655517578125 0.0145721435546875
-0.0313644409179687 -0.0402565002441406 0.101364135742187 -0.00405120849609375
-0.0471343994140625 -0.01251220703125 0.00894641876220703 -0.0126142501831055
-0.0351009368896484 0.017822265625 -0.0324192047119141 0.0338802337646484
-0.0149669647216797 0.0210971832275391 -0.03948974609375 0.0741195678710938
0.00180244445800781 0.0190200805664063 -0.0115814208984375 0.130783081054688
0.0109424591064453 0.0207710266113281 0.0347137451171875 0.153274536132812
0.00761985778808594 0.0200786590576172 0.0524444580078125 0.144989013671875
0.014683723449707 0.017120361328125 0.0407257080078125 0.142074584960938
0.0127277374267578 0.0288295745849609 0.00606536865234376 0.126953125
-0.000446319580078124 0.0402183532714844 -0.00319671630859375 0.0792465209960938
-0.0204277038574219 0.040557861328125 0.0126380920410156 0.0393905639648438
-0.04730224609375 0.013336181640625 0.0632705688476563 0.0322990417480469
-0.0409584045410156 -0.0114364624023437 0.1505126953125 0.0635528564453125
-0.0194301605224609 -0.0119800567626953 0.177291870117188 0.171295166015625
-0.0872955322265625 -0.0817642211914062 0.1240234375 0.0153732299804687
-0.099639892578125 -0.0698928833007813 0.0929946899414062 0.000732421874999996
-0.111618041992188 -0.0317459106445313 0.02056884765625 -0.0130653381347656
-0.0995635986328125 0.0274200439453125 -0.0247535705566406 0.0239925384521484
-0.0652732849121094 0.0511474609375 -0.0396194458007813 0.0550880432128906
-0.0266876220703125 0.0765762329101563 -0.016693115234375 0.115608215332031
0.00585937500000001 0.0824356079101563 0.0246734619140625 0.138839721679688
0.00571441650390625 0.0779190063476563 0.0461502075195313 0.1290283203125
0.0131378173828125 0.0809173583984375 0.03839111328125 0.125946044921875
-0.00109863281249999 0.0873794555664063 0.0103073120117187 0.1129150390625
-0.0320205688476562 0.0831832885742188 0.00235366821289063 0.0666885375976563
-0.0620040893554688 0.0768814086914063 0.0172634124755859 0.0286045074462891
-0.104881286621094 0.022247314453125 0.0719985961914063 0.016510009765625
-0.113197326660156 -0.0261459350585938 0.151611328125 0.056915283203125
-0.0971527099609375 -0.0380477905273437 0.168609619140625 0.163955688476563
-0.143875122070313 -0.116653442382812 0.088226318359375 -0.00395202636718751
-0.15625 -0.0972747802734375 0.0685081481933593 -0.00236511230468751
-0.167526245117188 -0.0524139404296875 0.029092788696289 -0.0124588012695313
-0.157272338867188 0.0305938720703125 -0.0108814239501953 0.0119132995605469
-0.112152099609375 0.0775375366210938 -0.0245895385742188 0.030059814453125
-0.0542068481445313 0.1256103515625 -0.0121917724609375 0.0833206176757813
-0.000534057617187487 0.132492065429688 0.0149078369140625 0.101554870605469
0.00286865234375001 0.126571655273438 0.0307846069335937 0.0925674438476563
0.01177978515625 0.13397216796875 0.0271682739257812 0.09112548828125
-0.0110702514648437 0.139915466308594 0.00920867919921876 0.0836639404296875
-0.0581817626953125 0.124908447265625 0.00331115722656249 0.0428504943847656
-0.0985870361328125 0.109336853027344 0.0200958251953125 0.0144176483154297
-0.153549194335938 0.0294189453125 0.0724945068359375 0.00272369384765625
-0.1724853515625 -0.03619384765625 0.128135681152344 0.0503158569335938
-0.159408569335937 -0.060943603515625 0.135528564453125 0.14349365234375
-0.18194580078125 -0.1302490234375 0.0358047485351562 -0.0307197570800781
-0.193740844726563 -0.104354858398437 0.02996826171875 -0.0118522644042969
-0.198348999023438 -0.0562591552734375 0.0290241241455078 -0.0107021331787109
-0.189773559570312 0.03533935546875 0.00482177734374999 -0.00143384933471679
-0.138862609863281 0.0927505493164063 -0.00685501098632813 -0.000443935394287104
-0.0715789794921875 0.15484619140625 -0.00540924072265626 0.0371971130371094
-0.00715637207031251 0.162277221679688 0.00347137451171875 0.0485725402832031
-0.000595092773437497 0.15570068359375 0.0127449035644531 0.0433273315429688
0.00904846191406249 0.16845703125 0.00964736938476563 0.0440292358398438
-0.019195556640625 0.172576904296875 0.00464248657226562 0.0401992797851563
-0.077239990234375 0.1484375 0.00341796875 0.0126609802246094
-0.122894287109375 0.127220153808594 0.0202884674072266 -0.000804901123046867
-0.181732177734375 0.0322418212890625 0.0639114379882812 -0.00624465942382812
-0.206451416015625 -0.0401153564453125 0.0886154174804688 0.0446014404296875
-0.197265625 -0.07183837890625 0.0831069946289062 0.114105224609375
-0.191925048828125 -0.121749877929688 -0.0265159606933594 -0.0655403137207031
-0.201278686523438 -0.09228515625 -0.0182209014892578 -0.0249423980712891
-0.1968994140625 -0.046173095703125 0.0178146362304687 -0.0119209289550781
-0.188995361328125 0.0373077392578125 0.0156345367431641 -0.0166702270507812
-0.140541076660156 0.0951690673828125 0.00998306274414062 -0.0331764221191406
-0.0768280029296875 0.160552978515625 0.00284385681152343 -0.0161848068237305
-0.0121002197265625 0.167404174804688 -0.0085134506225586 -0.0123968124389648
-0.00323486328125 0.16241455078125 -0.00792980194091797 -0.0126609802246094
0.0037384033203125 0.17779541015625 -0.00829792022705078 -0.00909709930419921
-0.0294647216796875 0.17816162109375 -0.00271415710449219 -0.00899124145507811
-0.090484619140625 0.147979736328125 0.000968933105468743 -0.0203819274902344
-0.131591796875 0.122688293457031 0.0188331604003906 -0.0162696838378906
-0.18414306640625 0.0233154296875 0.0464210510253906 -0.00967025756835937
-0.208877563476562 -0.0462188720703125 0.0379180908203125 0.0420989990234375
-0.203140258789062 -0.0761871337890625 0.0197067260742187 0.07916259765625
-0.169998168945313 -0.0938262939453125 -0.08868408203125 -0.096893310546875
-0.17315673828125 -0.0661468505859375 -0.0657844543457031 -0.0401458740234375
-0.160186767578125 -0.02984619140625 0.00144100189208983 -0.0134115219116211
-0.154022216796875 0.032867431640625 0.0200138092041016 -0.0337753295898438
-0.117927551269531 0.0801239013671875 0.0202064514160156 -0.0619544982910156
-0.0671539306640625 0.14080810546875 0.00395965576171875 -0.0672035217285156
-0.0138702392578125 0.147232055664063 -0.0204200744628906 -0.0699920654296875
-0.00601196289062499 0.14263916015625 -0.0263748168945313 -0.0664100646972656
-0.00299072265624999 0.159927368164063 -0.0242767333984375 -0.06207275390625
-0.0369873046875 0.156524658203125 -0.00683593750000001 -0.0568618774414062
-0.0907211303710938 0.122283935546875 0.00362396240234374 -0.0516777038574219
-0.122352600097656 0.0953598022460937 0.0178070068359375 -0.0298976898193359
-0.158248901367188 0.0063323974609375 0.0271129608154297 -0.0106658935546875
-0.177886962890625 -0.0490875244140625 -0.0141696929931641 0.0349655151367188
-0.178878784179687 -0.0684967041015625 -0.03997802734375 0.0402183532714844
-0.119964599609375 -0.0535659790039063 -0.14080810546875 -0.121261596679687
-0.114051818847656 -0.0362319946289062 -0.105743408203125 -0.0523834228515625
-0.0959854125976562 -0.0159225463867187 -0.0195789337158203 -0.0150279998779297
-0.0961532592773437 0.016387939453125 0.0156478881835937 -0.0457191467285156
-0.0791778564453125 0.0491790771484375 0.0224456787109375 -0.0813751220703125
-0.0493927001953125 0.0983200073242187 0.000930786132812495 -0.104942321777344
-0.014190673828125 0.104377746582031 -0.0331039428710938 -0.1170654296875
-0.00682830810546875 0.102691650390625 -0.0413665771484375 -0.1112060546875
-0.00974273681640626 0.117576599121094 -0.0323562622070313 -0.106315612792969
-0.0381240844726563 0.109413146972656 -0.00372314453125 -0.0960693359375
-0.07562255859375 0.0767974853515625 0.0115509033203125 -0.0735626220703125
-0.0910186767578125 0.0522613525390625 0.0199089050292969 -0.0376701354980469
-0.104972839355469 -0.0093231201171875 0.0092782974243164 -0.0109090805053711
-0.120445251464844 -0.041412353515625 -0.0574874877929688 0.0223121643066406
-0.127960205078125 -0.0498886108398438 -0.088958740234375 0.00227355957031249
-0.0498809814453125 -0.00806427001953126 -0.174209594726563 -0.13543701171875
-0.0355911254882813 -0.0109024047851562 -0.132095336914063 -0.059906005859375
-0.0233650207519531 -0.0111007690429687 -0.0392379760742188 -0.0126228332519531
-0.0329360961914063 -0.00878334045410156 0.00672531127929688 -0.0484237670898437
-0.0375175476074219 0.0093231201171875 0.0185012817382812 -0.0856170654296875
-0.0295677185058594 0.041900634765625 -0.00592041015625001 -0.126762390136719
-0.0149993896484375 0.0461540222167969 -0.0432281494140625 -0.145843505859375
-0.00721740722656249 0.0474586486816406 -0.0504531860351563 -0.137252807617188
-0.0113639831542969 0.0577125549316406 -0.033050537109375 -0.134475708007813
-0.0276641845703125 0.0471534729003906 0.00434112548828125 -0.121078491210938
-0.0421333312988281 0.0239791870117188 0.0211105346679687 -0.0819473266601562
-0.0394325256347656 0.0116310119628906 0.0231437683105469 -0.0395393371582031
-0.0372543334960938 -0.00967407226562499 -0.00671958923339844 -0.00942134857177734
-0.0491676330566406 -0.0163612365722656 -0.0872421264648437 0.00796508789062502
-0.0619926452636719 -0.0156402587890625 -0.120643615722656 -0.0280532836914063
-0.0147819519042969 -0.0409049987792969 0.143264770507812 0.0080108642578125
-0.0321769714355469 -0.0406990051269531 0.103012084960938 -0.0086517333984375
-0.0479087829589844 -0.0127067565917969 0.0100088119506836 -0.0134105682373047
-0.0335540771484375 0.0177192687988281 -0.0303878784179688 0.0354652404785156
-0.0147819519042969 0.0209064483642578 -0.0366363525390625 0.0759353637695313
0.00172615051269531 0.0178108215332031 -0.00478363037109376 0.131416320800781
0.0106964111328125 0.0202522277832031 0.0412750244140625 0.151718139648438
0.00733757019042969 0.0193214416503906 0.0589141845703125 0.143051147460938
0.0140104293823242 0.0158863067626953 0.04730224609375 0.141799926757813
0.0141830444335938 0.0270824432373047 0.0112686157226563 0.128791809082031
0.00227737426757812 0.0389976501464844 -0.000198364257812494 0.0800933837890625
-0.0181388854980469 0.0406455993652344 0.0132064819335937 0.039581298828125
-0.0455360412597656 0.0160064697265625 0.0629501342773438 0.0308914184570313
-0.0402450561523437 -0.00919342041015624 0.152374267578125 0.056671142578125
-0.0186347961425781 -0.0107936859130859 0.1846923828125 0.165145874023438
-0.0900802612304688 -0.07818603515625 0.127479553222656 0.0109329223632812
-0.100395202636719 -0.067413330078125 0.0952911376953125 -0.00218963623046875
-0.113906860351562 -0.0295944213867188 0.0212135314941406 -0.0141983032226563
-0.0983734130859375 0.0290985107421875 -0.0226116180419922 0.0238494873046875
-0.0644264221191406 0.0539817810058594 -0.0355796813964844 0.0566596984863281
-0.0252456665039062 0.0773086547851563 -0.0103759765625 0.116539001464844
0.00829315185546875 0.0818328857421875 0.0320281982421875 0.137916564941406
0.0080108642578125 0.0776596069335938 0.0516510009765625 0.127212524414063
0.0154571533203125 0.0799942016601563 0.0444564819335937 0.1251220703125
0.00300598144531249 0.0872879028320313 0.0163803100585937 0.114097595214844
-0.0283279418945313 0.084442138671875 0.00605010986328126 0.0674972534179688
-0.0587081909179687 0.0787124633789063 0.0189037322998047 0.0289993286132813
-0.104515075683594 0.0258255004882812 0.0718536376953125 0.0143585205078125
-0.115806579589844 -0.0208587646484375 0.154571533203125 0.0503387451171875
-0.0980300903320313 -0.033660888671875 0.176193237304688 0.157821655273438
-0.148468017578125 -0.11212158203125 0.09130859375 -0.00579833984375001
-0.1600341796875 -0.0914154052734375 0.0716171264648438 -0.00384521484375001
-0.170547485351563 -0.0475616455078125 0.0290908813476562 -0.013397216796875
-0.15753173828125 0.03582763671875 -0.0086956024169922 0.0132532119750977
-0.109451293945313 0.0824966430664063 -0.0221176147460938 0.0310001373291016
-0.0502853393554688 0.127761840820313 -0.0069580078125 0.0827178955078125
0.004638671875 0.1329345703125 0.0209121704101562 0.100639343261719
0.00859832763671875 0.127021789550781 0.0365142822265625 0.0918197631835938
0.0178680419921875 0.13427734375 0.0323257446289063 0.0914382934570313
-0.0042572021484375 0.140296936035156 0.0137176513671875 0.084442138671875
-0.053436279296875 0.128555297851563 0.00632476806640624 0.0438919067382813
-0.0943450927734375 0.114227294921875 0.0209426879882812 0.0143108367919922
-0.153823852539063 0.0352630615234375 0.07135009765625 0.00189208984375
-0.176132202148438 -0.02825927734375 0.130332946777344 0.0456008911132812
-0.162033081054688 -0.0545806884765625 0.141891479492188 0.13970947265625
-0.187911987304687 -0.123825073242188 0.0379219055175781 -0.0315017700195313
-0.198089599609375 -0.0972900390625 0.0322723388671875 -0.0111083984375
-0.202651977539063 -0.050323486328125 0.0290737152099609 -0.0122642517089844
-0.190750122070313 0.0426788330078125 0.0067462921142578 -0.000636100769042966
-0.136604309082031 0.0999984741210937 -0.00499868392944337 0.000319004058837896
-0.06658935546875 0.159133911132813 -0.00146102905273438 0.036712646484375
-0.000671386718749992 0.164382934570313 0.00745773315429687 0.0473365783691406
0.00747680664062499 0.156845092773438 0.0155410766601562 0.0434188842773438
0.017181396484375 0.169036865234375 0.0142555236816406 0.044830322265625
-0.011962890625 0.174224853515625 0.00704574584960938 0.0418014526367188
-0.0720062255859375 0.154144287109375 0.00516986846923828 0.0129585266113281
-0.11846923828125 0.133544921875 0.0209388732910156 -0.000709533691406242
-0.182769775390625 0.03875732421875 0.0606346130371094 -0.00727081298828125
-0.211196899414063 -0.0326080322265625 0.0908660888671875 0.042083740234375
-0.20001220703125 -0.0644989013671875 0.0880966186523437 0.113059997558594
-0.198440551757813 -0.116256713867187 -0.0259475708007813 -0.0626373291015625
-0.206268310546875 -0.0845489501953125 -0.0163688659667969 -0.0224609375
-0.20233154296875 -0.03936767578125 0.0193023681640625 -0.0112800598144531
-0.189987182617188 0.0462188720703125 0.0176353454589844 -0.0167446136474609
-0.138473510742188 0.102912902832031 0.0106716156005859 -0.0343360900878906
-0.069732666015625 0.1656494140625 0.00267219543457031 -0.0175952911376953
-0.00445556640625001 0.169647216796875 -0.00700187683105469 -0.0126266479492187
0.003662109375 0.162948608398438 -0.00721073150634766 -0.0118598937988281
0.0124664306640625 0.178421020507813 -0.00691032409667969 -0.00838804244995116
-0.02020263671875 0.181640625 -0.0024113655090332 -0.00804710388183593
-0.0843505859375 0.154937744140625 0.00218200683593749 -0.0208778381347656
-0.12811279296875 0.130195617675781 0.0186367034912109 -0.0169486999511719
-0.186355590820313 0.0308990478515625 0.0441856384277344 -0.01080322265625
-0.213531494140625 -0.037353515625 0.0394477844238281 0.0408363342285156
-0.206741333007812 -0.068603515625 0.0245590209960937 0.0798568725585938
-0.176849365234375 -0.088714599609375 -0.0892868041992188 -0.09259033203125
-0.177276611328125 -0.05877685546875 -0.0654067993164063 -0.0349998474121094
-0.165237426757813 -0.02447509765625 0.00239086151123046 -0.0130653381347656
-0.154708862304688 0.041015625 0.0200481414794922 -0.033294677734375
-0.115653991699219 0.087646484375 0.0191001892089844 -0.0644378662109375
-0.0602874755859375 0.145156860351563 0.00249862670898437 -0.068878173828125
-0.0065155029296875 0.149856567382813 -0.022247314453125 -0.0706787109375
0.00144958496093749 0.144638061523438 -0.0286788940429688 -0.0658073425292969
0.00502014160156249 0.160629272460938 -0.0247077941894531 -0.0609245300292969
-0.0287017822265625 0.159011840820313 -0.00873184204101563 -0.0562324523925781
-0.0857772827148438 0.127960205078125 0.00275039672851562 -0.0515289306640625
-0.118988037109375 0.101249694824219 0.0182018280029297 -0.0300006866455078
-0.160324096679687 0.0124053955078125 0.0245285034179687 -0.0114574432373047
-0.182876586914063 -0.04107666015625 -0.0134162902832031 0.0364608764648437
-0.18194580078125 -0.062957763671875 -0.0389366149902344 0.043701171875
-0.125602722167969 -0.0496673583984375 -0.143051147460938 -0.115463256835937
-0.117210388183594 -0.0315780639648438 -0.106086730957031 -0.0463638305664063
-0.1007080078125 -0.0125885009765625 -0.0181121826171875 -0.0136337280273438
-0.098358154296875 0.0226364135742188 0.0147743225097656 -0.0459403991699219
-0.0789947509765625 0.0551071166992188 0.0192718505859375 -0.083160400390625
-0.0448989868164063 0.102828979492188 -0.00344085693359375 -0.106681823730469
-0.00841522216796874 0.106941223144531 -0.0374908447265625 -0.117050170898438
-0.00101470947265624 0.104103088378906 -0.0449752807617188 -0.109214782714844
-0.00236511230468749 0.118927001953125 -0.0355300903320313 -0.10467529296875
-0.032135009765625 0.111839294433594 -0.00845336914062501 -0.0966796875
-0.0726318359375 0.0808792114257813 0.0080108642578125 -0.0733871459960938
-0.0891036987304687 0.0582351684570313 0.0188140869140625 -0.0388221740722656
-0.109176635742188 -0.00507354736328125 0.00696754455566406 -0.0110311508178711
-0.125335693359375 -0.0352249145507812 -0.0570068359375 0.0255546569824219
-0.131210327148438 -0.044769287109375 -0.0894546508789063 0.00693511962890625
-0.0526885986328125 -0.00777816772460937 -0.178359985351562 -0.128936767578125
-0.03875732421875 -0.00975418090820312 -0.133720397949219 -0.05255126953125
-0.0264358520507813 -0.0104503631591797 -0.03839111328125 -0.010833740234375
-0.0351104736328125 -0.00564193725585937 0.00489044189453125 -0.0483932495117188
-0.0374908447265625 0.0121574401855469 0.01446533203125 -0.0881423950195313
-0.0276222229003906 0.0449752807617187 -0.0110321044921875 -0.128509521484375
-0.0119781494140625 0.0488967895507813 -0.049713134765625 -0.1439208984375
-0.00399017333984376 0.0481033325195313 -0.0557708740234375 -0.136398315429688
-0.00708389282226562 0.0592994689941406 -0.0389251708984375 -0.133003234863281
-0.0240745544433594 0.0504570007324219 -0.000625610351562504 -0.121597290039063
-0.0409584045410156 0.0268707275390625 0.017578125 -0.0823516845703125
-0.0394439697265625 0.0150489807128906 0.0218086242675781 -0.0403556823730469
-0.0401344299316406 -0.00767135620117187 -0.00842475891113281 -0.00874423980712891
-0.0521392822265625 -0.0126075744628906 -0.0880279541015625 0.0119476318359375
-0.06463623046875 -0.0134658813476563 -0.122100830078125 -0.0228118896484375
-0.0134811401367188 -0.0406455993652344 0.145675659179688 0.0055999755859375
-0.03143310546875 -0.0419769287109375 0.105644226074219 -0.0116043090820313
-0.0483055114746094 -0.0136299133300781 0.0110139846801758 -0.0142240524291992
-0.0336666107177734 0.0164833068847656 -0.0287723541259766 0.0348052978515625
-0.0157680511474609 0.0203628540039062 -0.0342636108398438 0.0774383544921875
-0.000322341918945311 0.0177936553955078 -0.000991821289062487 0.131935119628906
0.00990104675292969 0.0200176239013672 0.0458831787109375 0.152114868164063
0.00731468200683594 0.0186347961425781 0.0630340576171875 0.143692016601563
0.0130834579467773 0.0153141021728516 0.0512542724609375 0.14300537109375
0.0143890380859375 0.0258064270019531 0.014495849609375 0.131080627441406
0.00406646728515625 0.0384674072265625 0.0010528564453125 0.0820693969726563
-0.0166664123535156 0.0405769348144531 0.0141487121582031 0.0400352478027344
-0.0449447631835938 0.0171661376953125 0.0636177062988281 0.0303115844726563
-0.0394439697265625 -0.00802612304687499 0.154769897460938 0.053436279296875
-0.0170707702636719 -0.0103054046630859 0.1881103515625 0.1634521484375
-0.0904769897460938 -0.0778961181640625 0.130805969238281 0.00875854492187499
-0.101646423339844 -0.0668716430664063 0.0982666015625 -0.004119873046875
-0.116043090820313 -0.0298690795898437 0.0226364135742187 -0.0150718688964844
-0.099456787109375 0.02978515625 -0.020193099975586 0.0240306854248047
-0.0656166076660156 0.0546112060546875 -0.0335655212402344 0.0562820434570313
-0.0255966186523437 0.078460693359375 -0.00653076171875 0.117286682128906
0.00875091552734375 0.0827713012695313 0.0363006591796875 0.138458251953125
0.00945281982421874 0.0781631469726563 0.0560684204101562 0.128288269042969
0.0169143676757812 0.0794296264648438 0.0488815307617188 0.126571655273438
0.00482940673828124 0.0880050659179688 0.0197067260742188 0.117019653320313
-0.0259628295898438 0.0863494873046875 0.00770187377929688 0.069793701171875
-0.0579605102539063 0.0806427001953125 0.0187854766845703 0.0299816131591797
-0.105972290039063 0.02838134765625 0.0717926025390625 0.0140762329101563
-0.1165771484375 -0.017852783203125 0.15606689453125 0.0473175048828125
-0.0981521606445313 -0.0323333740234375 0.1795654296875 0.157730102539063
-0.153121948242187 -0.110580444335938 0.0953750610351562 -0.00714111328125001
-0.162567138671875 -0.0902557373046875 0.07489013671875 -0.00405120849609376
-0.17474365234375 -0.047149658203125 0.0311222076416016 -0.0147018432617188
-0.1591796875 0.0384979248046875 -0.00622558593750001 0.0134792327880859
-0.110725402832031 0.085540771484375 -0.0204753875732422 0.0316429138183594
-0.0490646362304687 0.130462646484375 -0.00347900390625 0.0824813842773438
0.00659942626953124 0.135528564453125 0.0248870849609375 0.100990295410156
0.0111923217773437 0.128158569335938 0.0398635864257812 0.0928192138671875
0.0210723876953125 0.135505676269531 0.0362930297851562 0.0925674438476563
-0.000915527343750014 0.142074584960938 0.016387939453125 0.0866775512695313
-0.051025390625 0.1324462890625 0.00815200805664062 0.0452003479003906
-0.0934066772460937 0.117637634277344 0.0218925476074219 0.0152416229248047
-0.156082153320313 0.0385284423828125 0.0707015991210937 0.0017242431640625
-0.17974853515625 -0.0250396728515625 0.132713317871094 0.0436553955078125
-0.163543701171875 -0.0519561767578125 0.145095825195313 0.140243530273438
-0.193267822265625 -0.123321533203125 0.0412673950195312 -0.0312004089355469
-0.201736450195313 -0.0951080322265625 0.0351638793945312 -0.00997161865234376
-0.208694458007813 -0.0489501953125 0.0310440063476562 -0.0130825042724609
-0.193649291992188 0.0468292236328125 0.00861501693725585 -0.000357627868652341
-0.137351989746094 0.104637145996094 -0.00390148162841798 -0.00100111961364745
-0.0648651123046875 0.163284301757813 0.00152206420898437 0.0354652404785156
0.00302124023437501 0.16754150390625 0.0107421875 0.0479393005371094
0.0108184814453125 0.158645629882813 0.0185127258300781 0.0442962646484375
0.0218353271484375 0.171371459960938 0.0173416137695313 0.0460472106933594
-0.00724792480468749 0.177688598632812 0.0095367431640625 0.0435066223144531
-0.0694580078125 0.158920288085938 0.00702095031738281 0.0141735076904297
-0.117759704589844 0.138526916503906 0.0220851898193359 -0.000532150268554679
-0.186798095703125 0.04248046875 0.0596694946289062 -0.0067596435546875
-0.216064453125 -0.0288543701171875 0.092529296875 0.041107177734375
-0.20281982421875 -0.06268310546875 0.0910720825195312 0.113876342773437
-0.204803466796875 -0.114532470703125 -0.0235481262207031 -0.0617141723632813
-0.210372924804688 -0.081939697265625 -0.0144386291503906 -0.0194854736328125
-0.208465576171875 -0.0378265380859375 0.0208320617675781 -0.0120067596435547
-0.19281005859375 0.0521087646484375 0.019906997680664 -0.0157127380371094
-0.139747619628906 0.107917785644531 0.0110397338867187 -0.0352134704589844
-0.066864013671875 0.170120239257813 0.00444221496582031 -0.0196247100830078
0.000762939453125013 0.173965454101563 -0.0052642822265625 -0.0133247375488281
0.0088348388671875 0.165664672851563 -0.00516033172607422 -0.0110101699829101
0.0178680419921875 0.181381225585938 -0.00507402420043945 -0.00748729705810546
-0.0152435302734375 0.184906005859375 -0.000961780548095704 -0.00636100769042968
-0.0817718505859375 0.160369873046875 0.00288200378417968 -0.0205211639404297
-0.126945495605469 0.135597229003906 0.0197563171386719 -0.0167598724365234
-0.190826416015625 0.034393310546875 0.0428962707519531 -0.0099945068359375
-0.218887329101563 -0.03363037109375 0.0401573181152344 0.0415420532226562
-0.210800170898438 -0.0662994384765625 0.0259552001953125 0.0819091796875
-0.1826171875 -0.0874176025390625 -0.0880279541015625 -0.091552734375
-0.181671142578125 -0.0561981201171875 -0.0640144348144531 -0.0319404602050781
-0.170852661132813 -0.0220794677734375 0.00351810455322265 -0.0127830505371094
-0.15777587890625 0.046661376953125 0.0218849182128906 -0.0334720611572266
-0.11639404296875 0.0933761596679688 0.0188865661621094 -0.0657882690429688
-0.05743408203125 0.149642944335938 0.00206756591796874 -0.0706329345703125
-0.00192260742187499 0.153640747070313 -0.0230484008789063 -0.0715866088867187
0.00634765625 0.146484375 -0.0280265808105469 -0.0654869079589844
0.0103302001953125 0.1634521484375 -0.0245704650878906 -0.06085205078125
-0.02410888671875 0.163116455078125 -0.00870513916015625 -0.0557632446289062
-0.0841140747070313 0.134017944335938 0.00212478637695312 -0.0520172119140625
-0.119087219238281 0.106513977050781 0.0186424255371094 -0.0299549102783203
-0.165023803710938 0.015838623046875 0.0233840942382812 -0.0103530883789062
-0.188949584960938 -0.0375518798828125 -0.012725830078125 0.0375823974609375
-0.18597412109375 -0.0614471435546875 -0.0382118225097656 0.0453529357910156
-0.130027770996094 -0.0496139526367187 -0.14337158203125 -0.11456298828125
-0.121376037597656 -0.029693603515625 -0.106346130371094 -0.0426254272460937
-0.105514526367188 -0.0118942260742188 -0.0170574188232422 -0.0131034851074219
-0.100570678710938 0.026947021484375 0.0153884887695312 -0.0456695556640625
-0.07952880859375 0.0601119995117188 0.01806640625 -0.0848617553710938
-0.0417022705078125 0.106307983398438 -0.00496673583984375 -0.10931396484375
-0.004364013671875 0.110198974609375 -0.0397415161132812 -0.117454528808594
0.00289154052734374 0.106239318847656 -0.0469741821289063 -0.109611511230469
0.00186920166015625 0.120948791503906 -0.0372543334960937 -0.105453491210937
-0.0281829833984375 0.115737915039063 -0.00946807861328124 -0.0969390869140625
-0.0711669921875 0.0859222412109375 0.008331298828125 -0.0745010375976563
-0.089447021484375 0.0620956420898437 0.0194244384765625 -0.0391197204589844
-0.112274169921875 -0.00184631347656251 0.00533676147460937 -0.00939750671386719
-0.130271911621094 -0.03240966796875 -0.0575218200683594 0.0277862548828125
-0.134933471679687 -0.0433197021484375 -0.09130859375 0.00920867919921873
-0.0553054809570313 -0.00859832763671874 -0.17926025390625 -0.12762451171875
-0.0407943725585938 -0.00982284545898437 -0.135108947753906 -0.0498046875
-0.0289382934570312 -0.0107612609863281 -0.0378227233886719 -0.0099029541015625
-0.0375900268554688 -0.00318145751953126 0.00504302978515625 -0.0484199523925781
-0.0383949279785156 0.0154190063476563 0.0132598876953125 -0.0904083251953125
-0.0256919860839844 0.0466194152832031 -0.0142974853515625 -0.130378723144531
-0.009246826171875 0.0507545471191406 -0.053253173828125 -0.145095825195313
-0.0012969970703125 0.0496139526367188 -0.0589828491210938 -0.136772155761719
-0.00382995605468749 0.060150146484375 -0.0418548583984375 -0.133995056152344
-0.0213165283203125 0.0520477294921875 -0.00376892089843751 -0.122886657714844
-0.0406036376953125 0.0299644470214844 0.016845703125 -0.0837249755859375
-0.0387153625488281 0.0177078247070312 0.021575927734375 -0.0406646728515625
-0.0421905517578125 -0.00551986694335938 -0.0100870132446289 -0.00742816925048828
-0.055572509765625 -0.0106925964355469 -0.0894775390625 0.014923095703125
-0.0671119689941406 -0.0128250122070313 -0.125259399414063 -0.0215072631835937
-0.0134468078613281 -0.0415725708007813 0.152755737304688 0.0039520263671875
-0.0318679809570313 -0.0445175170898438 0.111373901367188 -0.0137710571289063
-0.0497550964355469 -0.0150833129882812 0.0122690200805664 -0.0157527923583984
-0.0348548889160156 0.0155200958251953 -0.0283622741699219 0.0354118347167969
-0.0168514251708984 0.01983642578125 -0.0336227416992188 0.07977294921875
-0.00121116638183594 0.0175933837890625 0.00227355957031251 0.136528015136719
0.00934219360351563 0.0198440551757813 0.0506591796875 0.156539916992188
0.006317138671875 0.0185832977294922 0.067718505859375 0.147506713867188
0.0132560729980469 0.0143852233886719 0.055816650390625 0.148162841796875
0.0148200988769531 0.025482177734375 0.018402099609375 0.137153625488281
0.00574111938476562 0.0386734008789063 0.00244903564453124 0.0865097045898438
-0.0160865783691406 0.0413932800292969 0.014404296875 0.0426177978515625
-0.045013427734375 0.0183143615722656 0.0660514831542969 0.0310211181640625
-0.0391960144042969 -0.00699996948242188 0.159927368164063 0.05224609375
-0.0161943435668945 -0.00951099395751953 0.196273803710937 0.167892456054687
-0.0944442749023437 -0.0797042846679688 0.138282775878906 0.00846099853515624
-0.104904174804687 -0.0692062377929688 0.104385375976563 -0.00598907470703126
-0.12078857421875 -0.0316085815429688 0.0253753662109375 -0.0168609619140625
-0.103157043457031 0.0300750732421875 -0.0188179016113281 0.0250396728515625
-0.0680961608886719 0.0571746826171875 -0.032867431640625 0.0591239929199219
-0.0262908935546875 0.0819320678710938 -0.00366210937500001 0.120437622070312
0.00969696044921874 0.085540771484375 0.0413055419921875 0.141891479492188
0.0102996826171875 0.0804367065429687 0.0614700317382813 0.132003784179688
0.017303466796875 0.082122802734375 0.0542984008789062 0.130966186523438
0.00660705566406249 0.0896148681640625 0.0232086181640625 0.122421264648438
-0.0251922607421875 0.0894699096679687 0.00913238525390626 0.0732192993164063
-0.0580596923828125 0.0834579467773438 0.0200233459472656 0.0318603515625
-0.109161376953125 0.03131103515625 0.0734939575195313 0.0156021118164063
-0.120704650878906 -0.0164642333984375 0.161712646484375 0.0464935302734375
-0.100509643554688 -0.032073974609375 0.187652587890625 0.162353515625
-0.160064697265625 -0.11285400390625 0.101509094238281 -0.00722503662109376
-0.168975830078125 -0.092071533203125 0.0807952880859375 -0.00430297851562501
-0.183197021484375 -0.0486602783203125 0.0335636138916015 -0.0161075592041016
-0.165008544921875 0.0414581298828125 -0.00376510620117189 0.0138006210327148
-0.114189147949219 0.0904769897460938 -0.0194778442382813 0.0321884155273438
-0.0497283935546875 0.135528564453125 -0.00020599365234376 0.0838699340820313
0.0091400146484375 0.140914916992188 0.0288467407226563 0.103355407714844
0.0138626098632813 0.1324462890625 0.044525146484375 0.0958404541015625
0.0239791870117188 0.139472961425781 0.0409698486328125 0.0960922241210938
0.00199890136718751 0.147857666015625 0.020111083984375 0.0911865234375
-0.050323486328125 0.138099670410156 0.0103683471679687 0.0480117797851563
-0.09503173828125 0.123756408691406 0.0238494873046875 0.0171833038330078
-0.163436889648438 0.042694091796875 0.0718460083007812 0.00312042236328125
-0.186920166015625 -0.023101806640625 0.137260437011719 0.0437240600585938
-0.168869018554688 -0.052154541015625 0.151748657226563 0.144927978515625
-0.203125 -0.124786376953125 0.0464935302734375 -0.0321006774902344
-0.209823608398438 -0.0963287353515625 0.0401191711425781 -0.00968933105468751
-0.219253540039063 -0.0491790771484375 0.0335540771484375 -0.0137577056884766
-0.2008056640625 0.051513671875 0.0118904113769531 -0.000426292419433591
-0.1419677734375 0.111328125 -0.00231552124023438 -0.00229430198669433
-0.064483642578125 0.17034912109375 0.00379180908203125 0.034414291381836
0.0067596435546875 0.174575805664063 0.0134696960449219 0.0486488342285156
0.0150604248046875 0.164413452148438 0.0221595764160156 0.0459785461425781
0.0257568359375 0.177597045898438 0.0207595825195312 0.0469818115234375
-0.00360107421875001 0.184890747070313 0.0118522644042969 0.0465049743652344
-0.0697174072265625 0.167312622070313 0.0084381103515625 0.0154876708984375
-0.120452880859375 0.146728515625 0.0231876373291016 0.000574111938476572
-0.195053100585938 0.047271728515625 0.0607681274414062 -0.00551986694335937
-0.225677490234375 -0.025787353515625 0.0956268310546875 0.0421905517578125
-0.21063232421875 -0.0626983642578125 0.0961837768554688 0.118682861328125
-0.215042114257813 -0.116958618164062 -0.020416259765625 -0.0634193420410156
-0.219451904296875 -0.08203125 -0.0111122131347656 -0.0188617706298828
-0.2203369140625 -0.0370635986328125 0.0233879089355469 -0.0117244720458984
-0.200515747070313 0.058624267578125 0.0230541229248047 -0.0163364410400391
-0.142929077148438 0.116226196289062 0.0129203796386719 -0.0372543334960937
-0.0661773681640625 0.178009033203125 0.00524330139160156 -0.0225639343261719
0.00448608398437499 0.181488037109375 -0.0044107437133789 -0.0141162872314453
0.0135040283203125 0.171646118164063 -0.00375556945800781 -0.011810302734375
0.0231781005859375 0.1878662109375 -0.00349569320678711 -0.00835514068603514
-0.0103607177734375 0.193069458007813 -4.29153442382932E-06 -0.00545454025268553
-0.08203125 0.169784545898438 0.00433731079101562 -0.0210285186767578
-0.13067626953125 0.144073486328125 0.0213718414306641 -0.0165042877197266
-0.200424194335937 0.0391082763671875 0.0426216125488281 -0.00913238525390625
-0.23065185546875 -0.0308990478515625 0.0426406860351562 0.0428581237792969
-0.220184326171875 -0.06658935546875 0.0283050537109375 0.086090087890625
-0.192825317382813 -0.0894012451171875 -0.088714599609375 -0.0930404663085938
-0.19091796875 -0.0558013916015625 -0.0639114379882813 -0.0304222106933594
-0.181777954101563 -0.0206756591796875 0.0057544708251953 -0.0124826431274414
-0.16510009765625 0.0524139404296875 0.0243701934814453 -0.0340747833251953
-0.119636535644531 0.101104736328125 0.0198516845703125 -0.0694503784179688
-0.05731201171875 0.1573486328125 0.00201416015625 -0.0748214721679687
0.00245666503906248 0.160369873046875 -0.0230941772460937 -0.0738677978515625
0.010406494140625 0.152496337890625 -0.0287513732910156 -0.0666580200195312
0.01617431640625 0.170059204101563 -0.0247573852539062 -0.0624122619628906
-0.0202789306640625 0.171051025390625 -0.00896453857421875 -0.0570869445800781
-0.0843048095703125 0.1424560546875 0.0033416748046875 -0.0539360046386719
-0.121871948242187 0.113983154296875 0.0199832916259766 -0.0312023162841797
-0.174240112304688 0.0197601318359375 0.0228385925292969 -0.00952339172363281
-0.198699951171875 -0.0352783203125 -0.0125350952148438 0.0397300720214844
-0.195022583007813 -0.061676025390625 -0.0390281677246094 0.0491600036621094
-0.138420104980469 -0.0507888793945313 -0.14654541015625 -0.1168212890625
-0.127723693847656 -0.0294036865234375 -0.108169555664063 -0.0410690307617188
-0.113456726074219 -0.01080322265625 -0.0169105529785156 -0.0131959915161133
-0.106674194335938 0.0318756103515625 0.0171012878417969 -0.0469856262207031
-0.0819549560546875 0.0661163330078125 0.0183944702148438 -0.0889739990234375
-0.04052734375 0.112274169921875 -0.00682830810546877 -0.11370849609375
-0.000564575195312511 0.115470886230469 -0.0422821044921875 -0.121299743652344
0.00649261474609376 0.1109619140625 -0.0493392944335938 -0.112632751464844
0.0068359375 0.126228332519531 -0.0384445190429688 -0.108802795410156
-0.0248641967773437 0.121627807617188 -0.01055908203125 -0.099334716796875
-0.072296142578125 0.09283447265625 0.00785827636718749 -0.0772247314453125
-0.0915374755859375 0.067779541015625 0.0205459594726562 -0.0411300659179687
-0.11859130859375 0.000823974609375017 0.00446319580078124 -0.0088043212890625
-0.13873291015625 -0.03057861328125 -0.059661865234375 0.0303955078125
-0.142349243164062 -0.04364013671875 -0.094482421875 0.0112075805664063
-0.0600471496582031 -0.00993728637695311 -0.185226440429688 -0.13055419921875
-0.0450668334960938 -0.00967025756835938 -0.138771057128906 -0.0477981567382813
-0.0331306457519531 -0.0110950469970703 -0.0375518798828125 -0.00911331176757813
-0.0406227111816406 -0.000373840332031242 0.0054931640625 -0.0506744384765625
-0.039703369140625 0.0187950134277344 0.0125808715820312 -0.094482421875
-0.024566650390625 0.0501136779785156 -0.0175628662109375 -0.135231018066406
-0.00698471069335937 0.0535392761230469 -0.0572967529296875 -0.149703979492188
0.00128555297851563 0.0524330139160156 -0.06268310546875 -0.140426635742187
-0.00127410888671875 0.0629005432128906 -0.0446929931640625 -0.138633728027344
-0.0190391540527344 0.0559806823730469 -0.00579833984375 -0.126739501953125
-0.0407600402832031 0.0338287353515625 0.016754150390625 -0.0871658325195313
-0.0396156311035156 0.0203056335449219 0.0226364135742188 -0.042449951171875
-0.0448150634765625 -0.00342941284179687 -0.0117130279541016 -0.00640010833740235
-0.0606765747070313 -0.0084381103515625 -0.0928878784179687 0.0173263549804688
-0.0723037719726563 -0.011932373046875 -0.131294250488281 -0.0199203491210937
-0.012359619140625 -0.0429229736328125 0.162796020507813 -0.000549316406250003
-0.03369140625 -0.0469779968261719 0.117897033691406 -0.0195083618164063
-0.0521125793457031 -0.0162811279296875 0.0134124755859375 -0.0187892913818359
-0.0370445251464844 0.0151901245117187 -0.0278244018554687 0.0371437072753906
-0.0187168121337891 0.0198936462402344 -0.032073974609375 0.0848312377929688
-0.00275611877441406 0.0179042816162109 0.00787353515624999 0.142486572265625
0.00855064392089844 0.0204811096191406 0.059906005859375 0.162887573242188
0.00599098205566406 0.0186843872070313 0.0775909423828125 0.152999877929688
0.0126419067382813 0.0140380859375 0.0655670166015625 0.15557861328125
0.0163745880126953 0.0246238708496094 0.02496337890625 0.146026611328125
0.00780105590820313 0.0390281677246094 0.00585174560546874 0.0927886962890625
-0.0148887634277344 0.0432853698730469 0.0159912109375 0.0461578369140625
-0.04486083984375 0.0211753845214844 0.0697059631347656 0.0311660766601563
-0.0392074584960938 -0.00620651245117187 0.168136596679688 0.0490875244140625
-0.0144863128662109 -0.00932216644287109 0.210678100585938 0.172119140625
-0.101028442382813 -0.0806732177734375 0.148605346679688 0.004913330078125
-0.111373901367188 -0.070404052734375 0.112594604492188 -0.010162353515625
-0.129486083984375 -0.031585693359375 0.0271568298339844 -0.0198612213134766
-0.108863830566406 0.0341415405273437 -0.0176277160644531 0.0255718231201172
-0.0715713500976563 0.0616989135742188 -0.031280517578125 0.0617141723632813
-0.02630615234375 0.0867691040039063 0.00159454345703125 0.125381469726563
0.01171875 0.089935302734375 0.0497283935546875 0.1475830078125
0.0132675170898437 0.084075927734375 0.0707931518554688 0.136970520019531
0.0210037231445312 0.0856170654296875 0.0639419555664063 0.137161254882813
0.00976562500000001 0.0941390991210938 0.030853271484375 0.130584716796875
-0.022796630859375 0.0950775146484375 0.012847900390625 0.0779495239257813
-0.0583114624023437 0.089874267578125 0.0222148895263672 0.0346660614013672
-0.113525390625 0.0371932983398438 0.0773468017578125 0.01593017578125
-0.126968383789063 -0.0123443603515625 0.170501708984375 0.0438690185546875
-0.1055908203125 -0.0301895141601563 0.202774047851563 0.16668701171875
-0.17132568359375 -0.11358642578125 0.110260009765625 -0.0109481811523438
-0.179641723632813 -0.0924530029296875 0.0880966186523437 -0.00738525390625001
-0.196929931640625 -0.046356201171875 0.0360908508300781 -0.0187568664550781
-0.174102783203125 0.048431396484375 -0.00110626220703126 0.0136442184448242
-0.118667602539062 0.0992965698242188 -0.0179080963134766 0.0327739715576172
-0.048492431640625 0.145172119140625 0.003692626953125 0.0864791870117188
0.0145721435546875 0.148391723632813 0.0359115600585938 0.10723876953125
0.0198593139648437 0.138740539550781 0.0525894165039063 0.0998764038085938
0.0306396484375 0.147323608398438 0.0491485595703125 0.100418090820313
0.0081939697265625 0.155548095703125 0.0267333984375 0.097320556640625
-0.0474700927734375 0.14788818359375 0.0134086608886719 0.0516166687011719
-0.0962905883789062 0.134323120117188 0.0262413024902344 0.0190105438232422
-0.171600341796875 0.05126953125 0.0747833251953125 0.003753662109375
-0.199005126953125 -0.0167999267578125 0.145095825195312 0.0414581298828125
-0.179290771484375 -0.0505523681640625 0.165374755859375 0.150299072265625
-0.219497680664063 -0.12506103515625 0.0523681640625 -0.0348777770996094
-0.2244873046875 -0.0948486328125001 0.0460968017578125 -0.0106468200683594
-0.235992431640625 -0.04541015625 0.0367660522460937 -0.0159759521484375
-0.211380004882812 0.0615997314453125 0.0153846740722656 -0.00114154815673828
-0.146621704101563 0.123855590820313 -0.00100445747375489 -0.00270056724548339
-0.0624542236328125 0.1827392578125 0.00632667541503906 0.0343475341796875
0.013916015625 0.184432983398437 0.0181617736816406 0.0501441955566406
0.0224761962890625 0.173187255859375 0.027374267578125 0.0479316711425781
0.0351104736328125 0.186813354492188 0.02587890625 0.0490531921386719
0.00456237792968749 0.19561767578125 0.0167922973632813 0.0499496459960938
-0.0671234130859375 0.180923461914063 0.0113191604614258 0.0165061950683594
-0.122100830078125 0.1600341796875 0.0262718200683594 0.00100326538085938
-0.206451416015625 0.0576629638671875 0.0627250671386719 -0.00446319580078125
-0.241256713867188 -0.0187835693359375 0.101806640625 0.0422821044921875
-0.224456787109375 -0.060272216796875 0.105888366699219 0.124008178710938
-0.233123779296875 -0.116119384765625 -0.018768310546875 -0.0658531188964844
-0.235610961914062 -0.0794982910156251 -0.00830841064453126 -0.0185146331787109
-0.2381591796875 -0.0321044921875 0.0267658233642578 -0.0135860443115234
-0.210861206054687 0.0692901611328125 0.0270652770996094 -0.0179500579833984
-0.147369384765625 0.130416870117188 0.0137176513671875 -0.0406608581542969
-0.0635223388671875 0.191360473632813 0.00599479675292968 -0.0256443023681641
0.0132904052734375 0.191665649414063 -0.00331783294677735 -0.0155477523803711
0.0217742919921875 0.180435180664062 -0.00184822082519531 -0.0116815567016601
0.0332183837890625 0.19830322265625 -0.00200462341308593 -0.00900268554687499
-0.00296020507812502 0.204788208007812 0.00218677520751953 -0.00460624694824217
-0.0796356201171875 0.184951782226563 0.00570297241210937 -0.0219230651855469
-0.132156372070313 0.158309936523437 0.0235195159912109 -0.0176811218261719
-0.213043212890625 0.0495452880859375 0.0441055297851562 -0.00799942016601562
-0.246444702148438 -0.02435302734375 0.0458030700683594 0.0449867248535156
-0.23431396484375 -0.0641326904296875 0.0333328247070312 0.09185791015625
-0.209442138671875 -0.0887298583984375 -0.0921554565429688 -0.0955657958984375
-0.205245971679688 -0.0525665283203125 -0.0647697448730469 -0.0283317565917969
-0.196670532226563 -0.0154266357421875 0.00769615173339843 -0.0133390426635742
-0.173873901367188 0.0632781982421875 0.0280647277832031 -0.0363883972167969
-0.122535705566406 0.113433837890625 0.0196533203125 -0.0740890502929687
-0.0535888671875 0.169052124023438 0.00038146972656249 -0.0802230834960937
0.0106964111328125 0.170135498046875 -0.0256729125976562 -0.077301025390625
0.018768310546875 0.161117553710938 -0.0301933288574219 -0.0693206787109375
0.0250091552734375 0.179214477539063 -0.0262565612792969 -0.0662193298339844
-0.0127105712890625 0.181884765625 -0.010345458984375 -0.0588722229003906
-0.0829925537109375 0.156143188476563 0.00310897827148436 -0.05682373046875
-0.124855041503906 0.126609802246094 0.0212936401367187 -0.0338783264160156
-0.185501098632813 0.02850341796875 0.0230388641357422 -0.00786781311035156
-0.214340209960938 -0.0287322998046875 -0.0115699768066406 0.043792724609375
-0.209487915039063 -0.0589599609375 -0.0392990112304688 0.0540695190429687
-0.15081787109375 -0.0498504638671875 -0.154647827148438 -0.119003295898437
-0.138618469238281 -0.0266342163085938 -0.112808227539063 -0.0380325317382813
-0.124427795410156 -0.00690460205078125 -0.01531982421875 -0.0121870040893555
-0.112815856933594 0.040008544921875 0.0183601379394531 -0.0496826171875
-0.08331298828125 0.0761947631835937 0.0169601440429687 -0.0950851440429687
-0.0378036499023437 0.121536254882813 -0.0104904174804687 -0.121299743652344
0.00662231445312499 0.122795104980469 -0.0479278564453125 -0.126907348632813
0.0132217407226562 0.117118835449219 -0.0539169311523438 -0.116973876953125
0.0141143798828125 0.133277893066406 -0.0440139770507813 -0.114334106445312
-0.0193252563476563 0.131019592285156 -0.0140838623046875 -0.104522705078125
-0.0716400146484375 0.103073120117187 0.00678253173828124 -0.0824508666992188
-0.09381103515625 0.07666015625 0.0212478637695312 -0.0440330505371094
-0.127166748046875 0.00697326660156247 0.00344038009643554 -0.0072479248046875
-0.149826049804688 -0.02532958984375 -0.0620880126953125 0.0356216430664063
-0.153823852539062 -0.0416259765625 -0.0996475219726563 0.0158538818359375
-0.0661811828613281 -0.00943374633789063 -0.197296142578125 -0.133041381835938
-0.0503158569335937 -0.00922012329101563 -0.1458740234375 -0.0447845458984375
-0.0383377075195313 -0.0103530883789063 -0.0372352600097656 -0.00836181640625
-0.0442543029785156 0.0032958984375 0.00534820556640625 -0.0539169311523438
-0.0406570434570312 0.0243644714355469 0.0101242065429688 -0.101036071777344
-0.0230827331542969 0.0558013916015625 -0.0233917236328125 -0.142913818359375
-0.00257492065429688 0.0579032897949219 -0.065948486328125 -0.15594482421875
0.00547409057617187 0.0555686950683594 -0.0702362060546875 -0.145706176757813
0.00379562377929688 0.0668563842773437 -0.0515289306640625 -0.145111083984375
-0.0154190063476563 0.060577392578125 -0.010223388671875 -0.132957458496094
-0.0401496887207031 0.0391273498535156 0.0150299072265625 -0.0926742553710937
-0.0396194458007813 0.0247688293457031 0.0224609375 -0.045562744140625
-0.048858642578125 -9.53674316406201E-05 -0.0131864547729492 -0.00487518310546875
-0.0668373107910156 -0.00439453125 -0.0976181030273437 0.0229949951171875
-0.0789718627929688 -0.00990295410156251 -0.141220092773437 -0.0169219970703125
-0.0128517150878906 -0.0438766479492188 0.172760009765625 -0.010345458984375
-0.0365676879882813 -0.04901123046875 0.123497009277344 -0.0293960571289063
-0.055938720703125 -0.0162467956542969 0.0131492614746094 -0.0212745666503906
-0.0389137268066406 0.0162582397460938 -0.0270309448242187 0.0394325256347656
-0.0208263397216797 0.0209980010986328 -0.0275650024414063 0.0906906127929688
-0.00368309020996094 0.0193061828613281 0.0183563232421875 0.148040771484375
0.00826454162597656 0.0214462280273438 0.0740966796875 0.1661376953125
0.00597763061523437 0.0192928314208984 0.0921783447265625 0.155441284179688
0.0121526718139648 0.013545036315918 0.08074951171875 0.1597900390625
0.0177383422851563 0.0236244201660156 0.0372467041015625 0.152938842773438
0.0112228393554688 0.0382728576660156 0.0125961303710938 0.0990753173828125
-0.0122756958007813 0.0448837280273438 0.019500732421875 0.0495338439941406
-0.0436782836914063 0.0247764587402344 0.0748367309570313 0.0290985107421875
-0.0392379760742188 -0.00373077392578125 0.17828369140625 0.0404205322265625
-0.0136556625366211 -0.0084085464477539 0.231430053710938 0.169143676757813
-0.109184265136719 -0.0781631469726563 0.159896850585938 -0.003204345703125
-0.119850158691406 -0.06842041015625 0.120140075683594 -0.018707275390625
-0.138504028320313 -0.0268402099609375 0.0281028747558594 -0.0232048034667969
-0.1131591796875 0.0406570434570313 -0.0154647827148438 0.0266456604003906
-0.0730972290039063 0.0695571899414062 -0.0276985168457031 0.0662498474121094
-0.0242767333984375 0.0926666259765625 0.011016845703125 0.129966735839844
0.0176315307617188 0.0940475463867188 0.06341552734375 0.15081787109375
0.0183486938476562 0.0871429443359375 0.0853424072265625 0.139007568359375
0.02703857421875 0.0884323120117188 0.0787506103515625 0.139839172363281
0.01678466796875 0.0975418090820313 0.0438995361328125 0.136306762695313
-0.0178451538085938 0.100860595703125 0.020050048828125 0.0834426879882813
-0.0552291870117187 0.0981903076171875 0.0262413024902344 0.0369682312011719
-0.1162109375 0.0472259521484375 0.08184814453125 0.0127105712890625
-0.133613586425781 -0.00454711914062499 0.180618286132813 0.0354156494140625
-0.110992431640625 -0.02581787109375 0.223617553710938 0.164016723632813
-0.187088012695313 -0.108016967773438 0.119621276855469 -0.01837158203125
-0.19329833984375 -0.0871734619140625 0.0959243774414062 -0.0139007568359375
-0.212158203125 -0.0378875732421875 0.0378227233886719 -0.0226478576660156
-0.180755615234375 0.061126708984375 0.00181293487548827 0.0136594772338867
-0.119544982910156 0.1123046875 -0.0151576995849609 0.0349407196044922
-0.0424346923828125 0.15643310546875 0.010406494140625 0.0886383056640625
0.0249176025390625 0.155792236328125 0.0468826293945313 0.109352111816406
0.0297698974609375 0.14453125 0.0643768310546875 0.100860595703125
0.0420684814453125 0.152587890625 0.0611572265625 0.102134704589844
0.0198974609375 0.162796020507813 0.0377426147460937 0.1021728515625
-0.0398101806640625 0.159378051757813 0.0198860168457031 0.0548095703125
-0.0918731689453125 0.148147583007812 0.0301704406738281 0.0200004577636719
-0.177490234375 0.0660858154296875 0.0788650512695312 0.00150299072265625
-0.209976196289063 -0.00367736816406252 0.154251098632812 0.0357513427734375
-0.191253662109375 -0.041900634765625 0.184234619140625 0.149276733398438
-0.238662719726563 -0.117172241210937 0.0574989318847656 -0.0398941040039063
-0.241744995117188 -0.0858306884765625 0.0519638061523437 -0.0141448974609375
-0.25439453125 -0.0330963134765625 0.0393905639648437 -0.019378662109375
-0.218917846679688 0.07879638671875 0.0192127227783203 -0.00221443176269531
-0.1458740234375 0.140823364257813 0.000344991683959952 -0.00368547439575194
-0.0540313720703125 0.196578979492188 0.00985908508300781 0.0333576202392578
0.0277557373046875 0.193008422851562 0.0241203308105469 0.050384521484375
0.035888671875 0.179901123046875 0.0349960327148438 0.0478401184082031
0.0503997802734375 0.19439697265625 0.0324172973632813 0.0497055053710938
0.0196075439453125 0.20574951171875 0.0237579345703125 0.0526466369628906
-0.057952880859375 0.196624755859375 0.0153074264526367 0.0174121856689453
-0.11749267578125 0.177337646484375 0.0292243957519531 0.000850677490234386
-0.215133666992188 0.0752563476562499 0.0659065246582031 -0.0060882568359375
-0.255401611328125 -0.00276184082031248 0.109519958496094 0.0390243530273438
-0.24017333984375 -0.04962158203125 0.119796752929687 0.126266479492188
-0.25421142578125 -0.106674194335937 -0.0199203491210938 -0.0685043334960937
-0.253982543945313 -0.0684967041015625 -0.00567626953125002 -0.0181694030761719
-0.256637573242188 -0.017791748046875 0.0290184020996094 -0.0157413482666016
-0.218963623046875 0.0883331298828125 0.0302867889404297 -0.0206871032714844
-0.145858764648437 0.148651123046875 0.0133247375488281 -0.0443496704101562
-0.0537109375 0.206878662109375 0.00572586059570312 -0.0292530059814453
0.0279541015625 0.201095581054687 -0.00197887420654297 -0.0168790817260742
0.036712646484375 0.188339233398438 0.000399589538574222 -0.0132598876953125
0.0499725341796875 0.20611572265625 -1.90734863280836E-06 -0.00993061065673827
0.013275146484375 0.216751098632813 0.00426387786865234 -0.003847599029541
-0.0709686279296875 0.20196533203125 0.00638771057128906 -0.0229721069335937
-0.128738403320312 0.177566528320313 0.0257854461669922 -0.0194320678710937
-0.222579956054688 0.067840576171875 0.0468330383300781 -0.008270263671875
-0.262908935546875 -0.00782775878906248 0.0512046813964844 0.0458412170410156
-0.252273559570313 -0.0531311035156251 0.0415573120117187 0.09637451171875
-0.2288818359375 -0.079681396484375 -0.0984039306640625 -0.0963287353515625
-0.22210693359375 -0.0413818359375 -0.065948486328125 -0.0246391296386719
-0.213333129882813 -0.00238037109374997 0.00945758819580077 -0.013850212097168
-0.179840087890625 0.0813446044921875 0.0301170349121094 -0.0398941040039062
-0.119979858398437 0.1298828125 0.0169830322265625 -0.0794525146484375
-0.0436553955078125 0.183792114257812 -0.00417327880859376 -0.0853805541992188
0.0252227783203125 0.1785888671875 -0.030609130859375 -0.080291748046875
0.0326690673828125 0.168075561523438 -0.0340728759765625 -0.0715713500976563
0.0408935546875 0.186660766601563 -0.0309791564941406 -0.068511962890625
0.00140380859375001 0.192962646484375 -0.0123558044433594 -0.0606803894042969
-0.076263427734375 0.17291259765625 0.00106430053710938 -0.0604705810546875
-0.122161865234375 0.143936157226563 0.0212440490722656 -0.0368309020996094
-0.195098876953125 0.04412841796875 0.0244064331054687 -0.00736427307128906
-0.229598999023438 -0.0146484375 -0.00931930541992189 0.0482940673828125
-0.225753784179688 -0.048736572265625 -0.0377044677734375 0.0608940124511719
-0.165252685546875 -0.0432281494140625 -0.166656494140625 -0.116928100585938
-0.150787353515625 -0.018768310546875 -0.1173095703125 -0.0316238403320312
-0.135902404785156 0.00234985351562499 -0.0143451690673828 -0.011693000793457
-0.116973876953125 0.0531539916992187 0.0187034606933594 -0.0536651611328125
-0.081634521484375 0.0882110595703125 0.0118408203125 -0.101837158203125
-0.0297698974609375 0.132011413574219 -0.0189437866210938 -0.127487182617188
0.0179824829101562 0.1295166015625 -0.0573883056640625 -0.130279541015625
0.0238571166992187 0.121940612792969 -0.0631256103515625 -0.119735717773438
0.02655029296875 0.139152526855469 -0.0528182983398437 -0.117897033691406
-0.00804901123046875 0.139518737792969 -0.0205307006835937 -0.108497619628906
-0.0666580200195313 0.115898132324219 0.00267791748046875 -0.087005615234375
-0.0928268432617188 0.0890426635742187 0.0204658508300781 -0.0473747253417969
-0.134780883789063 0.017974853515625 0.0031909942626953 -0.00534343719482422
-0.16162109375 -0.01483154296875 -0.0626029968261719 0.0425643920898438
-0.167266845703125 -0.03375244140625 -0.104598999023438 0.0238265991210937
-0.0733871459960938 -0.0060882568359375 -0.213226318359375 -0.129531860351563
-0.0570297241210938 -0.00650024414062499 -0.154022216796875 -0.0371551513671875
-0.045013427734375 -0.00736618041992187 -0.0372886657714844 -0.00641632080078125
-0.0476646423339844 0.00847625732421875 0.00423812866210937 -0.0577125549316406
-0.0406608581542969 0.031005859375 0.00391387939453125 -0.107933044433594
-0.0186920166015625 0.0612640380859375 -0.0347137451171875 -0.149368286132813
0.00421142578125 0.0617256164550781 -0.0795440673828125 -0.159149169921875
0.0121955871582031 0.0581588745117188 -0.0832366943359375 -0.148529052734375
0.011505126953125 0.0694656372070313 -0.063934326171875 -0.148956298828125
-0.00913619995117187 0.0651283264160156 -0.0197219848632813 -0.138374328613281
-0.0374679565429688 0.0458526611328125 0.0100936889648438 -0.0985946655273438
-0.03851318359375 0.0310325622558594 0.0208358764648438 -0.0487556457519531
-0.0522842407226563 0.00588989257812499 -0.0149250030517578 -0.00175666809082031
-0.0725021362304688 0.00292205810546875 -0.10162353515625 0.0321197509765625
-0.0863876342773438 -0.00464630126953125 -0.150848388671875 -0.00788879394531251
-0.0134048461914063 -0.0448150634765625 0.177734375 -0.0247802734375
-0.0398902893066406 -0.0498542785644531 0.124526977539063 -0.0418319702148438
-0.0582847595214844 -0.0151214599609375 0.0123348236083984 -0.0242462158203125
-0.0405807495117188 0.0173377990722656 -0.0239486694335938 0.0418128967285156
-0.0220947265625 0.0224552154541016 -0.0199966430664063 0.0935287475585937
-0.00519371032714844 0.0199756622314453 0.03204345703125 0.148040771484375
0.00784683227539063 0.0215873718261719 0.0894012451171875 0.162155151367188
0.00597000122070313 0.0192699432373047 0.108047485351562 0.150665283203125
0.0116262435913086 0.0128402709960938 0.097625732421875 0.156448364257813
0.0188236236572266 0.0212612152099609 0.052978515625 0.154190063476563
0.0141029357910156 0.0367546081542969 0.0219802856445312 0.10186767578125
-0.00858306884765625 0.0453262329101563 0.0240516662597656 0.05078125
-0.0401077270507812 0.0288200378417969 0.0780715942382812 0.0242385864257813
-0.0383491516113281 -0.000751495361328124 0.182876586914063 0.0264129638671875
-0.0115900039672852 -0.00742816925048828 0.249298095703125 0.155059814453125
-0.114707946777344 -0.0707244873046875 0.166015625 -0.0174713134765625
-0.125953674316406 -0.061981201171875 0.123306274414062 -0.03045654296875
-0.144866943359375 -0.0180816650390625 0.0277557373046875 -0.0272312164306641
-0.113632202148437 0.0488662719726563 -0.0123481750488281 0.0271778106689453
-0.0712127685546875 0.076263427734375 -0.0224189758300781 0.0689201354980469
-0.0193710327148438 0.0970077514648438 0.022552490234375 0.129531860351563
0.0245819091796875 0.0952682495117188 0.078521728515625 0.147445678710938
0.0248031616210938 0.08758544921875 0.100288391113281 0.133651733398438
0.0337066650390625 0.0879669189453125 0.0947341918945313 0.136451721191406
0.0246658325195312 0.0966720581054688 0.059112548828125 0.136810302734375
-0.00884246826171874 0.103652954101563 0.0292434692382813 0.085235595703125
-0.047088623046875 0.104240417480469 0.0306396484375 0.037750244140625
-0.114036560058594 0.05828857421875 0.0841827392578125 0.00885009765625
-0.134674072265625 0.00710296630859375 0.185577392578125 0.02154541015625
-0.113777160644531 -0.0169906616210938 0.241973876953125 0.151290893554688
-0.198410034179688 -0.094512939453125 0.124824523925781 -0.0285186767578125
-0.20361328125 -0.0742034912109375 0.099822998046875 -0.0233612060546875
-0.221450805664063 -0.022216796875 0.0388641357421875 -0.0269050598144531
-0.181182861328125 0.0760955810546875 0.00543212890624999 0.0128154754638672
-0.113571166992187 0.12493896484375 -0.0118942260742188 0.0355224609375
-0.0319061279296875 0.163681030273438 0.0192108154296875 0.0874786376953125
0.03802490234375 0.156784057617188 0.0581512451171875 0.105941772460938
0.0425567626953125 0.145004272460938 0.0771560668945313 0.096343994140625
0.0562591552734375 0.152114868164063 0.0727386474609375 0.0987472534179688
0.0346832275390625 0.164093017578125 0.05096435546875 0.102149963378906
-0.026123046875 0.166854858398438 0.0272712707519531 0.055328369140625
-0.081268310546875 0.159591674804688 0.0338783264160156 0.0195484161376953
-0.176361083984375 0.083282470703125 0.0804443359375 -0.00273132324218749
-0.21575927734375 0.0144805908203125 0.15960693359375 0.0244140625
-0.197982788085938 -0.0270843505859375 0.201568603515625 0.140121459960938
-0.253982543945313 -0.0992126464843749 0.0601882934570312 -0.0468063354492188
-0.253326416015625 -0.067779541015625 0.0555763244628906 -0.0196304321289063
-0.266143798828125 -0.0119476318359375 0.0401763916015625 -0.0233840942382812
-0.218505859375 0.09844970703125 0.0225181579589844 -0.00494766235351562
-0.1375732421875 0.156326293945312 0.00143718719482421 -0.00484561920166015
-0.0392303466796875 0.206375122070313 0.0137195587158203 0.0310401916503906
0.04547119140625 0.194381713867187 0.0315208435058594 0.0482673645019531
0.05224609375 0.18048095703125 0.0424308776855469 0.0444450378417969
0.069122314453125 0.194412231445312 0.0404548645019531 0.0469627380371094
0.039093017578125 0.208389282226563 0.032257080078125 0.052459716796875
-0.04119873046875 0.207199096679687 0.0194740295410156 0.01702880859375
-0.105026245117187 0.193145751953125 0.0318317413330078 -0.00104331970214843
-0.214813232421875 0.0967254638671875 0.0673904418945312 -0.00907135009765624
-0.262954711914062 0.0191802978515624 0.115264892578125 0.0323410034179688
-0.250167846679688 -0.03118896484375 0.134651184082031 0.12127685546875
-0.270660400390625 -0.087646484375 -0.0208740234375 -0.0689430236816406
-0.265884399414063 -0.047698974609375 -0.00307083129882814 -0.0183544158935547
-0.268447875976562 0.00465393066406254 0.0307502746582031 -0.0186023712158203
-0.217193603515625 0.110855102539063 0.0326595306396484 -0.0244789123535156
-0.135848999023437 0.165679931640625 0.0108261108398437 -0.0478591918945312
-0.0362396240234375 0.217376708984375 0.00435638427734375 -0.0316543579101562
0.0479888916015625 0.203170776367188 -0.00132179260253906 -0.0185298919677734
0.05499267578125 0.188980102539063 0.00204849243164063 -0.014683723449707
0.07073974609375 0.206405639648438 0.000929832458496097 -0.0109329223632812
0.0343017578125 0.22076416015625 0.0074148178100586 -0.00396633148193358
-0.0536956787109375 0.21466064453125 0.00713729858398437 -0.024301528930664
-0.116058349609375 0.193984985351562 0.0259685516357422 -0.0214099884033203
-0.22381591796875 0.0899505615234376 0.0477409362792969 -0.00970840454101562
-0.271560668945313 0.0152435302734375 0.05670166015625 0.0439033508300781
-0.263626098632813 -0.0336151123046875 0.0518951416015625 0.0974044799804687
-0.243499755859375 -0.0619659423828125 -0.104507446289063 -0.0909271240234375
-0.232574462890625 -0.02349853515625 -0.065032958984375 -0.0196342468261719
-0.2230224609375 0.0186004638671875 0.0116567611694336 -0.0147790908813477
-0.177963256835938 0.101043701171875 0.0307197570800781 -0.0439567565917969
-0.11065673828125 0.146102905273438 0.0121231079101562 -0.0839157104492187
-0.027008056640625 0.192428588867188 -0.01080322265625 -0.0886306762695312
0.0435028076171875 0.179855346679688 -0.0359115600585938 -0.0808029174804688
0.0498046875 0.168411254882813 -0.038360595703125 -0.0715408325195312
0.06048583984375 0.187210083007813 -0.0362625122070312 -0.0680999755859375
0.0212554931640625 0.197891235351562 -0.0151939392089844 -0.0607070922851562
-0.06097412109375 0.185714721679687 -0.00220108032226562 -0.0626029968261719
-0.111984252929687 0.159332275390625 0.0201492309570312 -0.0393142700195312
-0.197555541992188 0.0638427734375 0.0245990753173828 -0.00673103332519531
-0.23858642578125 0.00613403320312504 -0.00529479980468751 0.0519180297851563
-0.237106323242188 -0.031585693359375 -0.0321731567382813 0.0670585632324219
-0.176300048828125 -0.0305633544921875 -0.176849365234375 -0.107406616210938
-0.159271240234375 -0.00540161132812501 -0.11907958984375 -0.021575927734375
-0.1435546875 0.0165863037109375 -0.01287841796875 -0.0108203887939453
-0.115875244140625 0.0675582885742188 0.0176162719726562 -0.0573577880859375
-0.0741195678710937 0.0999526977539063 0.00396728515624999 -0.105850219726562
-0.01715087890625 0.138992309570313 -0.0298309326171875 -0.129302978515625
0.0324478149414062 0.130714416503906 -0.0683746337890625 -0.128822326660156
0.0375442504882813 0.122520446777344 -0.0727386474609375 -0.117622375488281
0.042236328125 0.139801025390625 -0.0635299682617188 -0.116462707519531
0.00659179687500001 0.143783569335937 -0.0285720825195313 -0.108161926269531
-0.0563125610351563 0.126052856445313 -0.00295257568359376 -0.0900115966796875
-0.0856781005859375 0.101089477539063 0.0179023742675781 -0.0500602722167969
-0.137535095214844 0.0331878662109375 0.0034644603729248 -0.00316691398620605
-0.169204711914063 0.00122070312500001 -0.0602531433105469 0.0506515502929688
-0.176239013671875 -0.0197906494140625 -0.105026245117188 0.034454345703125
-0.0794830322265625 0.000129699707031262 -0.226287841796875 -0.117034912109375
-0.0622634887695312 -0.00129699707031251 -0.157424926757813 -0.0245819091796875
-0.0503616333007813 -0.00166702270507812 -0.0359458923339844 -0.00433731079101563
-0.0491142272949219 0.0165328979492187 0.00125885009765625 -0.0602607727050781
-0.037689208984375 0.0378990173339844 -0.00567626953125 -0.111320495605469
-0.0120697021484375 0.0657882690429688 -0.0477447509765625 -0.150161743164063
0.0123367309570312 0.0626106262207031 -0.09417724609375 -0.15631103515625
0.0194931030273437 0.0582466125488281 -0.096710205078125 -0.1448974609375
0.0204925537109375 0.0698776245117188 -0.0781707763671875 -0.147171020507813
-0.000480651855468754 0.067840576171875 -0.0315322875976562 -0.138717651367188
-0.0320892333984375 0.0517387390136719 0.00211334228515624 -0.101264953613281
-0.0357589721679688 0.0375251770019531 0.0174980163574219 -0.0515594482421875
-0.0536727905273438 0.0140342712402344 -0.0151758193969727 0.00156211853027344
-0.0759353637695313 0.0119857788085938 -0.101387023925781 0.0428619384765625
-0.0920944213867188 0.00402832031250002 -0.155685424804688 0.00567626953125002
-0.0123367309570312 -0.044281005859375 0.176223754882813 -0.038177490234375
-0.0414810180664063 -0.0500831604003906 0.121063232421875 -0.0518875122070313
-0.0590171813964844 -0.0137214660644531 0.00982475280761718 -0.0257682800292969
-0.0408134460449219 0.0175285339355469 -0.0204277038574219 0.0416831970214844
-0.0231399536132812 0.0236072540283203 -0.012908935546875 0.09246826171875
-0.00658798217773438 0.0204124450683594 0.0422210693359375 0.14300537109375
0.00706672668457031 0.0214767456054688 0.1004638671875 0.153549194335938
0.00492286682128906 0.0188579559326172 0.118118286132813 0.1402587890625
0.0103683471679688 0.0120077133178711 0.109893798828125 0.146652221679688
0.0179481506347656 0.0179100036621094 0.0662689208984375 0.14874267578125
0.0165596008300781 0.0331172943115234 0.0309295654296875 0.101295471191406
-0.00492477416992187 0.0440483093261719 0.0278396606445313 0.0503921508789063
-0.0353126525878906 0.0303497314453125 0.0774307250976563 0.0191802978515625
-0.0346508026123047 0.00128364562988281 0.18096923828125 0.012908935546875
-0.00905418395996094 -0.00666618347167969 0.2568359375 0.137237548828125
-0.11553955078125 -0.062744140625 0.165786743164063 -0.02972412109375
-0.126747131347656 -0.0549774169921875 0.12109375 -0.0410232543945313
-0.14642333984375 -0.010101318359375 0.0255546569824219 -0.0298748016357422
-0.111686706542969 0.0548019409179688 -0.00918769836425782 0.0266342163085938
-0.0672454833984375 0.0805435180664063 -0.015899658203125 0.0683250427246094
-0.0144119262695313 0.0980682373046875 0.0328598022460938 0.125205993652344
0.029510498046875 0.093231201171875 0.0896453857421875 0.1387939453125
0.0291976928710938 0.0850143432617188 0.110305786132813 0.123313903808594
0.03857421875 0.0848464965820313 0.105766296386719 0.127227783203125
0.0309906005859375 0.0925445556640625 0.0717391967773438 0.131202697753906
-0.0012969970703125 0.1024169921875 0.03790283203125 0.083404541015625
-0.038909912109375 0.105964660644531 0.0342369079589844 0.0367660522460938
-0.106735229492188 0.0652542114257813 0.0833663940429688 0.00431060791015625
-0.131744384765625 0.0169143676757812 0.183761596679687 0.009002685546875
-0.112075805664063 -0.00873565673828127 0.25128173828125 0.13433837890625
-0.201278686523438 -0.0790863037109375 0.125869750976563 -0.038665771484375
-0.204849243164063 -0.05987548828125 0.0997695922851562 -0.0322036743164063
-0.222549438476563 -0.00694274902343754 0.0374755859375 -0.0300636291503906
-0.17498779296875 0.087677001953125 0.00852203369140624 0.0103521347045898
-0.105201721191406 0.131729125976562 -0.00759506225585938 0.034027099609375
-0.0210418701171875 0.165496826171875 0.02587890625 0.0832061767578125
0.0483551025390625 0.153045654296875 0.0675506591796875 0.0989303588867188
0.0517501831054688 0.140182495117188 0.0849456787109375 0.0873489379882813
0.06658935546875 0.1468505859375 0.0818099975585938 0.0911636352539063
0.0468902587890625 0.1590576171875 0.0612945556640625 0.0972747802734375
-0.0126953125 0.166702270507813 0.0337028503417969 0.0536041259765625
-0.0680084228515625 0.164230346679688 0.0366401672363281 0.0182609558105469
-0.167999267578125 0.096466064453125 0.0801849365234375 -0.00642395019531249
-0.2119140625 0.0304107666015625 0.159591674804688 0.0140838623046875
-0.197052001953125 -0.0126495361328125 0.211349487304688 0.1263427734375
-0.258193969726563 -0.0789794921875 0.0612678527832031 -0.0514640808105469
-0.255722045898438 -0.0493316650390625 0.0575370788574219 -0.0249671936035156
-0.266647338867187 0.00823974609374997 0.0402870178222656 -0.0264892578125
-0.210037231445313 0.114593505859375 0.0250148773193359 -0.00751686096191406
-0.124832153320312 0.165191650390625 0.00245666503906249 -0.00704669952392577
-0.02386474609375 0.208389282226563 0.0168476104736328 0.027578353881836
0.0598602294921875 0.188980102539063 0.0363922119140625 0.0433845520019531
0.065765380859375 0.174118041992188 0.048126220703125 0.0387191772460938
0.0841064453125 0.186935424804688 0.0454635620117188 0.0429115295410156
0.055511474609375 0.203262329101562 0.0399742126464844 0.0487632751464844
-0.0240936279296875 0.209808349609375 0.0228557586669922 0.015829086303711
-0.0886993408203125 0.20050048828125 0.0331439971923828 -0.00211524963378905
-0.206008911132812 0.112777709960938 0.0670051574707031 -0.0108489990234375
-0.260452270507813 0.0399780273437501 0.116455078125 0.0255050659179688
-0.24969482421875 -0.013031005859375 0.144302368164062 0.113204956054688
-0.276290893554688 -0.0658111572265625 -0.0208625793457031 -0.0690383911132813
-0.267837524414063 -0.0271148681640625 4.57763671874821E-05 -0.0189666748046875
-0.268234252929687 0.0277557373046875 0.0317974090576172 -0.0204963684082031
-0.207412719726562 0.127456665039063 0.034637451171875 -0.0276546478271484
-0.121261596679688 0.1746826171875 0.00927734374999999 -0.0494804382324219
-0.01861572265625 0.219070434570313 0.00271034240722657 -0.033609390258789
0.0638885498046875 0.197113037109375 -0.00104522705078125 -0.0197620391845703
0.0693359375 0.182174682617187 0.00342845916748047 -0.0165538787841797
0.087646484375 0.198898315429687 0.00170040130615235 -0.0111017227172851
0.0535736083984375 0.2161865234375 0.0101804733276367 -0.00502014160156249
-0.03515625 0.218475341796875 0.0079498291015625 -0.0249767303466797
-0.100021362304688 0.202682495117187 0.0257091522216797 -0.02337646484375
-0.216049194335938 0.107223510742188 0.0476722717285156 -0.00977325439453124
-0.270217895507813 0.037353515625 0.05950927734375 0.0416259765625
-0.264556884765625 -0.014068603515625 0.0605545043945312 0.094573974609375
-0.249298095703125 -0.0419921875 -0.105743408203125 -0.0844802856445313
-0.23388671875 -0.00425720214843753 -0.061798095703125 -0.0147857666015625
-0.223968505859375 0.038787841796875 0.0135374069213867 -0.0160245895385742
-0.169113159179688 0.116714477539062 0.0303726196289062 -0.0464019775390625
-0.0967864990234375 0.154556274414063 0.0061492919921875 -0.0845413208007812
-0.0108489990234375 0.193756103515625 -0.0167999267578125 -0.0882415771484375
0.059234619140625 0.174118041992188 -0.0397491455078125 -0.0789718627929687
0.06365966796875 0.162124633789063 -0.0408248901367188 -0.0697402954101562
0.0767669677734375 0.18072509765625 -0.0393028259277344 -0.0654106140136719
0.039459228515625 0.194549560546875 -0.0165786743164062 -0.059112548828125
-0.04437255859375 0.190048217773438 -0.00500869750976562 -0.0624008178710937
-0.0979156494140625 0.168426513671875 0.0185279846191406 -0.04052734375
-0.192535400390625 0.080352783203125 0.0251178741455078 -0.00586318969726562
-0.238296508789063 0.025726318359375 -0.000347137451171888 0.0531234741210937
-0.239120483398438 -0.0130462646484375 -0.0256195068359375 0.0705718994140625
-0.1806640625 -0.0159454345703125 -0.179290771484375 -0.0959625244140625
-0.161148071289063 0.0083770751953125 -0.115806579589844 -0.0133285522460937
-0.145614624023438 0.031524658203125 -0.0102901458740234 -0.0104999542236328
-0.110374450683594 0.07940673828125 0.0159912109375 -0.0588760375976562
-0.064178466796875 0.1072998046875 -0.0037078857421875 -0.105300903320312
-0.00448608398437501 0.1402587890625 -0.0390167236328125 -0.126663208007813
0.0444564819335938 0.12603759765625 -0.0760269165039063 -0.123291015625
0.0487213134765625 0.117645263671875 -0.079437255859375 -0.112159729003906
0.0553359985351562 0.134208679199219 -0.0708084106445313 -0.111053466796875
0.0211639404296875 0.141616821289063 -0.034820556640625 -0.104537963867187
-0.0430831909179687 0.130783081054688 -0.00885772705078126 -0.0891647338867187
-0.075592041015625 0.108772277832031 0.0148200988769531 -0.0514602661132812
-0.135421752929688 0.0456008911132813 0.00364446640014648 -0.00100183486938476
-0.16949462890625 0.017059326171875 -0.0557632446289063 0.0561065673828125
-0.179107666015625 -0.00531005859375003 -0.101768493652344 0.0433425903320312
-0.0827865600585938 0.00607299804687499 -0.230926513671875 -0.101837158203125
-0.0657005310058594 0.00521087646484376 -0.154617309570313 -0.0129547119140625
-0.0542182922363281 0.00534057617187499 -0.0329723358154297 -0.00256538391113281
-0.0478134155273438 0.0236625671386719 -0.00199508666992188 -0.0616645812988281
-0.032379150390625 0.0424346923828125 -0.0138626098632812 -0.110115051269531
-0.00432586669921874 0.0674018859863281 -0.058929443359375 -0.145751953125
0.0199432373046875 0.0608444213867188 -0.10418701171875 -0.147781372070313
0.0262184143066406 0.0549697875976562 -0.105682373046875 -0.136573791503906
0.028564453125 0.0666046142578125 -0.0881881713867187 -0.140029907226563
0.00798797607421875 0.0672798156738281 -0.0409088134765625 -0.134529113769531
-0.02508544921875 0.0554580688476563 -0.0048980712890625 -0.100433349609375
-0.0302925109863281 0.041229248046875 0.0134773254394531 -0.0524253845214844
-0.0521812438964844 0.02166748046875 -0.0146036148071289 0.00480365753173828
-0.0760116577148438 0.0217208862304688 -0.0971908569335938 0.0512237548828125
-0.0934600830078125 0.0126571655273438 -0.155303955078125 0.0181427001953125
-0.0101776123046875 -0.0448646545410156 0.172195434570313 -0.0451507568359375
-0.0419082641601563 -0.050750732421875 0.115806579589844 -0.0574264526367188
-0.0593719482421875 -0.0152130126953125 0.00847053527832031 -0.0267543792724609
-0.04229736328125 0.0162315368652344 -0.0184555053710938 0.04022216796875
-0.0250530242919922 0.0234699249267578 -0.00794219970703126 0.0895233154296875
-0.00871467590332031 0.0218677520751953 0.0468215942382812 0.13653564453125
0.00551414489746094 0.0219974517822266 0.10479736328125 0.14508056640625
0.00401687622070313 0.0187911987304688 0.121803283691406 0.131340026855469
0.00769996643066406 0.0113382339477539 0.11505126953125 0.138015747070313
0.0161170959472656 0.0155696868896484 0.0728302001953125 0.142745971679688
0.016632080078125 0.0295391082763672 0.0364990234375 0.0992050170898438
-0.00240325927734375 0.0410804748535156 0.0292510986328125 0.0503196716308594
-0.0306644439697266 0.0292186737060547 0.0752182006835938 0.0166015625
-0.0314254760742188 0.0018157958984375 0.174560546875 0.005340576171875
-0.00586032867431641 -0.00667619705200195 0.2552490234375 0.126174926757812
-0.11224365234375 -0.0573043823242187 0.1644287109375 -0.0371551513671875
-0.12518310546875 -0.0520477294921875 0.118186950683594 -0.046417236328125
-0.144805908203125 -0.00671386718749999 0.0245380401611328 -0.0314235687255859
-0.10955810546875 0.0563125610351563 -0.00681495666503907 0.0242061614990234
-0.065521240234375 0.081146240234375 -0.0123710632324219 0.0652809143066406
-0.0129928588867188 0.098175048828125 0.0375213623046875 0.118331909179688
0.0309295654296875 0.0907974243164063 0.0939407348632813 0.130645751953125
0.0307769775390625 0.0827407836914063 0.11431884765625 0.113967895507813
0.0396652221679687 0.0814666748046875 0.110755920410156 0.118553161621094
0.0328216552734375 0.0883407592773437 0.0784835815429688 0.124542236328125
0.00305938720703125 0.098785400390625 0.04241943359375 0.0808563232421875
-0.03302001953125 0.104606628417969 0.0366897583007812 0.0363388061523438
-0.100067138671875 0.0680313110351563 0.08172607421875 0.00283050537109375
-0.126289367675781 0.0222396850585938 0.17913818359375 0.001861572265625
-0.107681274414063 -0.00428009033203125 0.25146484375 0.122634887695312
-0.198028564453125 -0.069610595703125 0.125617980957031 -0.0445175170898438
-0.201736450195313 -0.0523681640625 0.0989837646484375 -0.0375137329101563
-0.219940185546875 0.00189208984375001 0.0371437072753906 -0.0323524475097656
-0.16973876953125 0.0922698974609375 0.0110101699829101 0.00785541534423829
-0.0993576049804688 0.132675170898438 -0.00494194030761719 0.0314273834228516
-0.0157928466796875 0.163986206054688 0.0295562744140625 0.0775985717773438
0.053009033203125 0.147811889648438 0.0712051391601563 0.0914535522460938
0.0553207397460938 0.134979248046875 0.0889053344726563 0.0799407958984375
0.0715179443359375 0.140419006347656 0.0863037109375 0.084320068359375
0.0530242919921875 0.153076171875 0.0680999755859375 0.0914764404296875
-0.00466918945312499 0.1640625 0.0381927490234375 0.0512466430664063
-0.05889892578125 0.16357421875 0.0382652282714844 0.0178146362304688
-0.15972900390625 0.101470947265625 0.0785675048828125 -0.00625610351562499
-0.205810546875 0.0402984619140625 0.156570434570313 0.009185791015625
-0.1917724609375 -0.00424194335937503 0.21380615234375 0.1165771484375
-0.25494384765625 -0.06591796875 0.0622367858886719 -0.0550498962402344
-0.250595092773438 -0.0381927490234375 0.0586814880371094 -0.0282135009765625
-0.263137817382813 0.0201416015625 0.040740966796875 -0.0288734436035156
-0.20184326171875 0.121307373046875 0.0272121429443359 -0.0110549926757812
-0.115768432617187 0.167037963867188 0.00339460372924804 -0.00870847702026366
-0.0145416259765625 0.205474853515625 0.0184478759765625 0.0241241455078125
0.06689453125 0.182266235351562 0.0390548706054688 0.0384025573730469
0.0719757080078125 0.167526245117188 0.0509529113769531 0.03314208984375
0.0912628173828125 0.178939819335938 0.0488052368164063 0.0385627746582031
0.0653228759765625 0.195755004882813 0.0452919006347656 0.0455245971679688
-0.012451171875 0.20654296875 0.0259628295898438 0.0138435363769531
-0.078155517578125 0.200775146484375 0.0346260070800781 -0.00280761718749999
-0.197525024414063 0.120895385742188 0.0664405822753906 -0.0106353759765625
-0.253768920898438 0.0517578125 0.11578369140625 0.02154541015625
-0.244827270507813 -0.00204467773437495 0.148681640625 0.106338500976563
-0.274459838867188 -0.0516052246093749 -0.01806640625 -0.0686874389648437
-0.263504028320313 -0.0149993896484375 0.00347328186035154 -0.0192985534667969
-0.264633178710938 0.0414581298828125 0.0333824157714844 -0.0230941772460937
-0.1983642578125 0.135772705078125 0.036041259765625 -0.0307579040527344
-0.110565185546875 0.177108764648438 0.008331298828125 -0.0500907897949219
-0.00836181640624998 0.215835571289063 0.00229454040527343 -0.0349254608154297
0.0719146728515625 0.189208984375 0.000389099121093752 -0.0217819213867187
0.07635498046875 0.174240112304688 0.00446319580078125 -0.0188350677490234
0.0967864990234375 0.189590454101562 0.00358295440673829 -0.0120077133178711
0.06414794921875 0.208404541015625 0.0138607025146484 -0.00568199157714843
-0.0228424072265625 0.217056274414063 0.00887107849121094 -0.0256557464599609
-0.087860107421875 0.204544067382813 0.0262947082519531 -0.0239772796630859
-0.2086181640625 0.116744995117188 0.0476150512695312 -0.00925445556640624
-0.26483154296875 0.0501708984375 0.0614509582519531 0.0394935607910156
-0.260482788085938 -0.00219726562499996 0.0662155151367187 0.0916976928710938
-0.24810791015625 -0.0294952392578125 -0.102249145507813 -0.0809478759765625
-0.230667114257812 0.00788879394531255 -0.0563926696777344 -0.0128097534179687
-0.220291137695313 0.0520477294921875 0.0157375335693359 -0.0169582366943359
-0.1607666015625 0.124725341796875 0.0313491821289062 -0.0489921569824219
-0.0866851806640625 0.156143188476563 0.00368499755859374 -0.0841293334960937
0.000549316406250008 0.19122314453125 -0.0190887451171875 -0.0867080688476562
0.0676116943359375 0.167388916015625 -0.040679931640625 -0.0770263671875
0.070953369140625 0.155426025390625 -0.0415229797363281 -0.0680046081542969
0.0861663818359375 0.171890258789063 -0.03973388671875 -0.0623016357421875
0.0500946044921875 0.187652587890625 -0.0160102844238281 -0.0575294494628906
-0.032318115234375 0.189743041992188 -0.00577163696289063 -0.0612030029296875
-0.08709716796875 0.171188354492188 0.0176887512207031 -0.0410232543945312
-0.185943603515625 0.0901031494140625 0.0258255004882812 -0.00478935241699218
-0.2337646484375 0.03924560546875 0.00276565551757812 0.0534172058105469
-0.235809326171875 -0.00117492675781249 -0.0204544067382813 0.0712432861328125
-0.181320190429688 -0.00642395019531247 -0.176483154296875 -0.0886993408203125
-0.15997314453125 0.0172271728515625 -0.109855651855469 -0.00846862792968751
-0.14385986328125 0.0417327880859375 -0.00725364685058594 -0.0111732482910156
-0.104682922363281 0.086456298828125 0.0158348083496094 -0.060333251953125
-0.0554046630859375 0.10968017578125 -0.00714874267578126 -0.103363037109375
0.0047760009765625 0.1390380859375 -0.0433120727539062 -0.122810363769531
0.0523223876953125 0.120254516601562 -0.0786819458007813 -0.118972778320312
0.0549468994140625 0.1116943359375 -0.0813980102539063 -0.107872009277344
0.0630340576171875 0.127197265625 -0.0732574462890625 -0.1058349609375
0.0307846069335938 0.13677978515625 -0.0364608764648437 -0.100990295410156
-0.0332412719726563 0.131423950195313 -0.011444091796875 -0.08721923828125
-0.067596435546875 0.111228942871094 0.0129661560058594 -0.0508041381835937
-0.130653381347656 0.0537872314453125 0.0046553611755371 0.000598430633544925
-0.167251586914063 0.0279541015625 -0.0508232116699219 0.0585403442382813
-0.17681884765625 0.00469970703125 -0.096099853515625 0.0480422973632813
-0.0848846435546875 0.0105361938476563 -0.2283935546875 -0.092437744140625
-0.0669288635253906 0.0102691650390625 -0.148681640625 -0.00685119628906249
-0.0557899475097656 0.0121116638183594 -0.029632568359375 -0.00386238098144531
-0.0457611083984375 0.0286102294921875 -0.00350189208984375 -0.0615959167480469
-0.027984619140625 0.0455322265625 -0.0190582275390625 -0.107650756835938
0.00163269042968751 0.0676918029785156 -0.0647048950195313 -0.139816284179688
0.0252609252929687 0.0576972961425781 -0.107948303222656 -0.14044189453125
0.0304603576660156 0.0518302917480469 -0.108734130859375 -0.129791259765625
0.0338897705078125 0.0622634887695313 -0.0916213989257812 -0.132537841796875
0.0143928527832031 0.0641517639160156 -0.0447769165039062 -0.128936767578125
-0.018707275390625 0.0560760498046875 -0.00893402099609375 -0.0978546142578125
-0.0252723693847656 0.043426513671875 0.0111198425292969 -0.0513381958007813
-0.0496635437011719 0.0269660949707031 -0.0133295059204102 0.00687217712402344
-0.0752029418945313 0.0286407470703125 -0.0922698974609375 0.0566024780273438
-0.093536376953125 0.0192337036132812 -0.151397705078125 0.0258636474609375
-0.00693511962890625 -0.0469284057617188 0.17132568359375 -0.049407958984375
-0.0420951843261719 -0.0541572570800781 0.113792419433594 -0.0609817504882813
-0.0616378784179687 -0.0181312561035156 0.00702857971191406 -0.0272769927978516
-0.0450973510742187 0.0145683288574219 -0.0181617736816406 0.0386123657226563
-0.0284271240234375 0.0239753723144531 -0.007110595703125 0.0870132446289063
-0.0118732452392578 0.0235881805419922 0.0485305786132813 0.132835388183594
0.00301361083984375 0.0239620208740234 0.106292724609375 0.141311645507812
0.00164413452148438 0.0196189880371094 0.123306274414063 0.126632690429688
0.00509929656982422 0.0118646621704102 0.117156982421875 0.13348388671875
0.0132455825805664 0.0145483016967773 0.0769805908203125 0.139503479003906
0.0159683227539062 0.0262584686279297 0.0402069091796875 0.0986862182617188
-0.0016937255859375 0.0376701354980469 0.0307159423828125 0.0514793395996094
-0.0274162292480469 0.0272293090820312 0.0733566284179688 0.0165023803710938
-0.0277557373046875 0.000827789306640621 0.169937133789063 0.0029144287109375
-0.00219964981079102 -0.00711154937744141 0.253936767578125 0.122650146484375
-0.109336853027344 -0.0573043823242187 0.165054321289062 -0.0412750244140625
-0.12445068359375 -0.0536422729492187 0.117050170898437 -0.0502548217773438
-0.145904541015625 -0.00714111328125002 0.024209976196289 -0.032379150390625
-0.111457824707031 0.0561676025390625 -0.00517463684082032 0.0223541259765625
-0.0668487548828125 0.0816268920898438 -0.0108680725097656 0.0620765686035156
-0.0133438110351563 0.0992965698242188 0.0393447875976563 0.114326477050781
0.0299606323242188 0.090667724609375 0.095611572265625 0.125518798828125
0.0299301147460938 0.0821533203125 0.116249084472656 0.109176635742187
0.0384902954101562 0.0802230834960938 0.113784790039063 0.113410949707031
0.0327529907226563 0.0856246948242188 0.0833358764648438 0.121078491210938
0.00478363037109374 0.0959014892578125 0.0469589233398438 0.0802230834960937
-0.030242919921875 0.102874755859375 0.0383796691894531 0.0371360778808594
-0.0956878662109375 0.0678253173828125 0.0809249877929688 0.00341033935546875
-0.121871948242188 0.0240478515625 0.176071166992188 1.52587890625015E-05
-0.103569030761719 -0.00318908691406248 0.251708984375 0.11944580078125
-0.194549560546875 -0.0652923583984375 0.127021789550781 -0.0482711791992188
-0.19921875 -0.0508880615234375 0.09979248046875 -0.0410919189453125
-0.21978759765625 0.005126953125 0.0376129150390625 -0.0342559814453125
-0.169235229492188 0.09332275390625 0.0130491256713867 0.00506687164306641
-0.098358154296875 0.13348388671875 -0.00348663330078126 0.0284614562988281
-0.01373291015625 0.1644287109375 0.0309295654296875 0.0733566284179688
0.0541229248046875 0.146072387695313 0.0730819702148438 0.0866622924804688
0.056610107421875 0.132560729980469 0.091064453125 0.07464599609375
0.0727157592773438 0.137557983398437 0.0896072387695313 0.0803909301757813
0.0558624267578125 0.149063110351563 0.0728530883789063 0.0878829956054688
-0.000915527343750013 0.162109375 0.0419845581054688 0.0500221252441406
-0.0547637939453125 0.162857055664063 0.0402107238769531 0.0181045532226563
-0.155975341796875 0.103759765625 0.0787429809570313 -0.00512695312499999
-0.202056884765625 0.0443878173828125 0.154708862304688 0.0075225830078125
-0.1876220703125 -0.00123596191406251 0.21612548828125 0.11334228515625
-0.25244140625 -0.0602569580078125 0.0659065246582031 -0.0587577819824219
-0.24810791015625 -0.0340423583984375 0.0612144470214844 -0.031158447265625
-0.261550903320313 0.0260467529296875 0.0424232482910156 -0.0309944152832031
-0.199478149414063 0.124496459960938 0.0302257537841797 -0.0143013000488281
-0.112503051757812 0.16827392578125 0.00504779815673827 -0.0108699798583984
-0.010498046875 0.205810546875 0.0193080902099609 0.0205116271972656
0.06988525390625 0.179656982421875 0.04071044921875 0.0340461730957031
0.0738372802734375 0.164016723632813 0.0523834228515625 0.0292587280273438
0.094696044921875 0.1748046875 0.0514144897460938 0.0359153747558594
0.0703887939453125 0.191421508789063 0.0497779846191406 0.0429115295410156
-0.00697326660156251 0.205718994140625 0.0292491912841797 0.0121631622314453
-0.07275390625 0.201263427734375 0.0362930297851562 -0.00333023071289061
-0.194290161132813 0.12469482421875 0.0672378540039063 -0.00880050659179687
-0.251327514648438 0.058197021484375 0.115951538085937 0.0214462280273438
-0.242279052734375 0.0023040771484375 0.151870727539062 0.1041259765625
-0.27239990234375 -0.0448455810546875 -0.01416015625 -0.0708541870117187
-0.261367797851563 -0.00897216796874998 0.0076160430908203 -0.0216293334960938
-0.263153076171875 0.0498809814453125 0.0358734130859375 -0.0249671936035156
-0.194168090820313 0.140975952148438 0.0383071899414062 -0.033843994140625
-0.104965209960938 0.177688598632812 0.00851440429687499 -0.0516929626464844
-0.002288818359375 0.215042114257813 0.00247573852539062 -0.0371932983398437
0.07623291015625 0.185089111328125 0.00134658813476563 -0.0242919921875
0.080474853515625 0.171035766601563 0.00592422485351563 -0.0213375091552734
0.101486206054687 0.185287475585938 0.00590133666992188 -0.0139007568359375
0.070953369140625 0.203765869140625 0.0179805755615234 -0.00815391540527342
-0.0153656005859375 0.216384887695313 0.0110435485839844 -0.0270347595214844
-0.0826263427734375 0.206192016601562 0.0277442932128906 -0.0241203308105469
-0.205413818359375 0.122421264648437 0.0491218566894531 -0.00746536254882812
-0.262741088867188 0.05853271484375 0.0631332397460937 0.0397911071777344
-0.258209228515625 0.00325012207031247 0.0701217651367188 0.0911407470703125
-0.248275756835937 -0.0229034423828125 -0.09857177734375 -0.08074951171875
-0.2303466796875 0.0140228271484375 -0.0514411926269531 -0.0130386352539062
-0.219650268554687 0.0611724853515625 0.0190181732177734 -0.0191516876220703
-0.156402587890625 0.131027221679687 0.0340690612792969 -0.0519676208496094
-0.080841064453125 0.158218383789063 0.0034332275390625 -0.084930419921875
0.00663757324218748 0.190505981445312 -0.0203170776367188 -0.0870437622070312
0.072601318359375 0.1630859375 -0.04052734375 -0.078521728515625
0.075042724609375 0.1514892578125 -0.0413703918457031 -0.0695762634277344
0.091400146484375 0.167160034179688 -0.0384445190429687 -0.0624542236328125
0.0578765869140625 0.18365478515625 -0.0135345458984375 -0.0585861206054687
-0.024444580078125 0.189773559570313 -0.00537872314453126 -0.0625343322753906
-0.0810089111328125 0.17315673828125 0.0186805725097656 -0.0414543151855469
-0.183700561523438 0.0960845947265625 0.0275211334228516 -0.00311851501464843
-0.233810424804687 0.0469818115234375 0.00528717041015624 0.0544929504394531
-0.235488891601563 0.00395202636718747 -0.0161056518554688 0.0726852416992188
-0.18341064453125 -0.00109863281250001 -0.173187255859375 -0.0876922607421875
-0.16107177734375 0.0229034423828125 -0.104690551757813 -0.00765991210937501
-0.144317626953125 0.0504150390625 -0.00393199920654298 -0.0129022598266602
-0.101333618164063 0.092132568359375 0.0170135498046875 -0.0625572204589844
-0.0510025024414063 0.111358642578125 -0.00852203369140624 -0.103767395019531
0.0115509033203125 0.137847900390625 -0.0453567504882812 -0.122184753417969
0.05718994140625 0.117202758789063 -0.07977294921875 -0.117889404296875
0.058837890625 0.108810424804687 -0.0815658569335937 -0.106575012207031
0.0683517456054687 0.122901916503906 -0.0728988647460937 -0.103057861328125
0.0374755859375 0.133583068847656 -0.035400390625 -0.100334167480469
-0.0268707275390625 0.131996154785156 -0.0118560791015625 -0.0872573852539062
-0.0621337890625 0.113525390625 0.0128173828125 -0.0508842468261719
-0.128562927246094 0.0600204467773438 0.00623798370361327 0.00240564346313477
-0.166778564453125 0.0359649658203125 -0.0484123229980469 0.0608024597167969
-0.177291870117188 0.0102691650390625 -0.09344482421875 0.05072021484375
-0.0881271362304688 0.0137710571289063 -0.225387573242188 -0.09100341796875
-0.070526123046875 0.0141754150390625 -0.144073486328125 -0.00592041015625
-0.0579948425292969 0.0179634094238281 -0.0270595550537109 -0.00596237182617188
-0.0449905395507813 0.0337791442871094 -0.0031280517578125 -0.0634269714355469
-0.02496337890625 0.0479202270507813 -0.0211334228515625 -0.107414245605469
0.005859375 0.0678520202636719 -0.0672836303710938 -0.1375732421875
0.0298500061035156 0.0553474426269531 -0.109786987304688 -0.137466430664062
0.0343055725097656 0.0495262145996094 -0.110343933105469 -0.127204895019531
0.0380744934082031 0.0593185424804688 -0.0925827026367187 -0.129478454589844
0.0196380615234375 0.0618515014648438 -0.04534912109375 -0.126731872558594
-0.0136795043945313 0.0567054748535156 -0.0105667114257813 -0.0966339111328125
-0.0207481384277344 0.0449409484863281 0.0104866027832031 -0.0506973266601563
-0.0479354858398437 0.03155517578125 -0.0124416351318359 0.00922203063964844
-0.0748519897460938 0.035064697265625 -0.0901336669921875 0.0597457885742187
-0.0944747924804687 0.023773193359375 -0.149887084960938 0.030029296875
-0.00324249267578125 -0.0509071350097656 0.175079345703125 -0.052886962890625
-0.0435256958007813 -0.059417724609375 0.114601135253906 -0.064727783203125
-0.0657958984375 -0.0219535827636719 0.00673675537109374 -0.0287990570068359
-0.0505027770996094 0.0133171081542969 -0.0184974670410156 0.0378303527832031
-0.0326061248779297 0.0257682800292969 -0.00696563720703124 0.0865859985351563
-0.0152397155761719 0.0267181396484375 0.049896240234375 0.132247924804688
-7.24792480468775E-05 0.0264968872070313 0.110061645507813 0.14129638671875
-0.000761032104492187 0.0215492248535156 0.126922607421875 0.125785827636719
0.00197505950927734 0.0133028030395508 0.121589660644531 0.133094787597656
0.0108013153076172 0.0133380889892578 0.0816497802734375 0.140609741210937
0.0135822296142578 0.0235919952392578 0.0443344116210937 0.100723266601563
-0.001312255859375 0.0351829528808594 0.032623291015625 0.0536918640136719
-0.0251426696777344 0.0245208740234375 0.073089599609375 0.017669677734375
-0.0242843627929688 -0.00190162658691406 0.169921875 0.002716064453125
0.00204086303710938 -0.0088348388671875 0.257827758789063 0.124404907226563
-0.107101440429688 -0.058929443359375 0.170700073242187 -0.04656982421875
-0.126251220703125 -0.0576705932617188 0.119186401367187 -0.0555877685546875
-0.150909423828125 -0.008636474609375 0.0253505706787109 -0.0349769592285156
-0.11627197265625 0.0573883056640625 -0.00460815429687501 0.01995849609375
-0.0709991455078125 0.0847244262695313 -0.00999450683593751 0.060791015625
-0.014984130859375 0.103645324707031 0.0408859252929688 0.1129150390625
0.0291748046875 0.0937881469726563 0.0994644165039063 0.123634338378906
0.0290603637695313 0.0839996337890625 0.119819641113281 0.106956481933594
0.0385818481445313 0.0826187133789063 0.119033813476563 0.111808776855469
0.0325775146484375 0.0858917236328125 0.089569091796875 0.120216369628906
0.0052947998046875 0.0950851440429687 0.0518722534179688 0.0806732177734375
-0.0292434692382813 0.102096557617187 0.0413360595703125 0.039398193359375
-0.0944976806640625 0.0684051513671875 0.081939697265625 0.00559234619140626
-0.120857238769531 0.0246124267578125 0.17681884765625 -0.000122070312499998
-0.101882934570313 -0.00313568115234374 0.2576904296875 0.12109375
-0.195037841796875 -0.0660858154296875 0.132850646972656 -0.053741455078125
-0.20196533203125 -0.0525665283203125 0.103378295898437 -0.0458908081054687
-0.225830078125 0.00622558593750004 0.0392036437988281 -0.037017822265625
-0.1739501953125 0.097076416015625 0.0155124664306641 0.00155830383300782
-0.101402282714844 0.1375732421875 -0.00285911560058594 0.0256919860839844
-0.0130767822265625 0.168899536132813 0.0322799682617188 0.0713043212890625
0.055755615234375 0.148330688476563 0.07666015625 0.0847625732421875
0.0582962036132812 0.135055541992187 0.0941314697265625 0.0725021362304688
0.0743255615234375 0.138893127441406 0.094329833984375 0.0781402587890625
0.05828857421875 0.149154663085938 0.0789947509765625 0.0861358642578125
0.00177001953124998 0.163299560546875 0.047149658203125 0.0492820739746094
-0.0529327392578125 0.16534423828125 0.0438194274902344 0.0194511413574219
-0.155502319335938 0.106948852539063 0.0811691284179687 -0.00250244140624999
-0.2034912109375 0.0477447509765625 0.157821655273438 0.00830078125
-0.188125610351563 -0.000320434570312474 0.223312377929688 0.11480712890625
-0.255172729492188 -0.0580902099609375 0.0707931518554688 -0.063690185546875
-0.251266479492188 -0.033660888671875 0.065765380859375 -0.0355491638183594
-0.266403198242188 0.0310516357421876 0.0446968078613281 -0.0341224670410156
-0.202316284179688 0.129364013671875 0.0332355499267578 -0.018524169921875
-0.11395263671875 0.172378540039063 0.00623798370361327 -0.0142908096313476
-0.00788879394531251 0.209808349609375 0.0204601287841797 0.0175209045410156
0.0730743408203125 0.18115234375 0.0430183410644531 0.0311279296875
0.077117919921875 0.16558837890625 0.0554008483886719 0.0258445739746094
0.0994110107421875 0.175552368164063 0.0554962158203125 0.0336265563964844
0.0749359130859375 0.192062377929688 0.0555267333984375 0.0399589538574219
-0.0023193359375 0.208953857421875 0.0331707000732422 0.0103015899658203
-0.0702667236328125 0.2060546875 0.0397834777832031 -0.00297927856445311
-0.194915771484375 0.130340576171875 0.0709152221679687 -0.00681304931640624
-0.253875732421875 0.06463623046875 0.119979858398437 0.0223007202148438
-0.24444580078125 0.00477600097656253 0.159652709960938 0.10546875
-0.277572631835938 -0.040740966796875 -0.00946807861328127 -0.0749588012695313
-0.26544189453125 -0.00505065917968748 0.0121669769287109 -0.0249366760253906
-0.267379760742188 0.057861328125 0.0390892028808594 -0.028167724609375
-0.195022583007812 0.1483154296875 0.0422286987304687 -0.0383110046386719
-0.104141235351562 0.18267822265625 0.0100173950195312 -0.0559463500976562
0.00242614746093749 0.219024658203125 0.0028839111328125 -0.039886474609375
0.081329345703125 0.186569213867188 0.00226974487304688 -0.0278339385986328
0.08453369140625 0.171783447265625 0.00707435607910157 -0.0247402191162109
0.107513427734375 0.185256958007813 0.00823116302490235 -0.0161552429199219
0.0777130126953125 0.204544067382813 0.0217857360839844 -0.0114364624023437
-0.010162353515625 0.2205810546875 0.0139217376708984 -0.0298442840576172
-0.0794830322265625 0.21160888671875 0.0295391082763672 -0.0261211395263672
-0.20745849609375 0.129226684570312 0.0527801513671875 -0.00616073608398437
-0.267562866210938 0.065582275390625 0.0667800903320312 0.0417060852050781
-0.262527465820313 0.00683593749999995 0.0758743286132813 0.0928726196289063
-0.2547607421875 -0.0174407958984375 -0.095855712890625 -0.0847320556640625
-0.234420776367188 0.0194549560546875 -0.0473976135253906 -0.0149917602539063
-0.222061157226563 0.0709991455078125 0.0225353240966797 -0.0219230651855469
-0.15625 0.138336181640625 0.0367431640625 -0.0565299987792969
-0.0792694091796875 0.16302490234375 0.00409698486328124 -0.088165283203125
0.012542724609375 0.193740844726562 -0.0208053588867187 -0.09075927734375
0.0784149169921875 0.163253784179688 -0.0412826538085937 -0.0811767578125
0.0799102783203125 0.150985717773438 -0.04132080078125 -0.0725173950195312
0.0977325439453125 0.166336059570312 -0.038177490234375 -0.0653457641601562
0.0651092529296875 0.18408203125 -0.0109329223632812 -0.06182861328125
-0.0185089111328125 0.193466186523438 -0.00428390502929687 -0.0652008056640625
-0.0778656005859375 0.1793212890625 0.0200538635253906 -0.0431594848632812
-0.185272216796875 0.103134155273438 0.0304603576660156 -0.00189590454101562
-0.237991333007813 0.0560302734375 0.00864791870117186 0.05633544921875
-0.240036010742188 0.00891113281250002 -0.0122909545898438 0.0753021240234375
-0.190444946289063 0.00320434570312496 -0.172897338867188 -0.0905914306640625
-0.165298461914063 0.0288238525390625 -0.101806640625 -0.00903320312499999
-0.147415161132813 0.0597686767578125 -0.000983238220214854 -0.0170116424560547
-0.100303649902344 0.100257873535156 0.0192832946777344 -0.0670928955078125
-0.0476608276367187 0.115814208984375 -0.00939178466796876 -0.106300354003906
0.0171051025390625 0.141265869140625 -0.0475540161132813 -0.124687194824219
0.0629425048828125 0.116264343261719 -0.0816192626953125 -0.120376586914062
0.0645904541015625 0.10784912109375 -0.0828628540039062 -0.108673095703125
0.07421875 0.121070861816406 -0.0735855102539062 -0.105575561523437
0.0443954467773438 0.132865905761719 -0.03472900390625 -0.103042602539062
-0.0211563110351563 0.134971618652344 -0.0121536254882812 -0.0898666381835937
-0.0581817626953125 0.117912292480469 0.0134925842285156 -0.0520210266113281
-0.128883361816406 0.0676345825195313 0.0085468292236328 0.00471735000610352
-0.169891357421875 0.0447845458984375 -0.0458564758300781 0.0640296936035156
-0.181610107421875 0.0152435302734375 -0.0921401977539063 0.053741455078125
-0.0943374633789063 0.01715087890625 -0.2291259765625 -0.09295654296875
-0.0749282836914063 0.0181655883789062 -0.143341064453125 -0.0059661865234375
-0.0604972839355469 0.0255928039550781 -0.0254421234130859 -0.00888252258300781
-0.0439682006835938 0.0396614074707031 -0.00350570678710938 -0.0675315856933594
-0.0218009948730469 0.050994873046875 -0.023468017578125 -0.109664916992188
0.0109519958496094 0.0693511962890625 -0.0705795288085937 -0.139129638671875
0.0347442626953125 0.0547866821289063 -0.114234924316406 -0.138740539550781
0.0380706787109375 0.0481414794921875 -0.112724304199219 -0.127960205078125
0.0426673889160156 0.0561294555664063 -0.0946197509765625 -0.129615783691406
0.0244064331054688 0.0600776672363281 -0.0459365844726563 -0.128334045410156
-0.00841522216796875 0.05767822265625 -0.0113754272460938 -0.0978927612304687
-0.0167884826660156 0.047454833984375 0.0105094909667969 -0.0512542724609375
-0.0462226867675781 0.0376510620117187 -0.0107412338256836 0.0113039016723633
-0.0763092041015625 0.0424270629882813 -0.0887527465820313 0.0639724731445313
-0.0983505249023438 0.0284957885742187 -0.15087890625 0.0343780517578125
-0.000659942626953119 -0.0581130981445313 0.180892944335938 -0.062164306640625
-0.0485076904296875 -0.0666122436523438 0.115867614746094 -0.0721206665039063
-0.0731430053710938 -0.0248031616210938 0.00558853149414062 -0.0307407379150391
-0.0573616027832031 0.0137748718261719 -0.0184593200683594 0.038299560546875
-0.0382194519042969 0.0294418334960937 -0.00653076171875001 0.0881423950195313
-0.0188522338867188 0.0313720703125 0.0541915893554688 0.133499145507813
-0.00145912170410156 0.0310535430908203 0.117660522460938 0.142059326171875
-0.003204345703125 0.0241832733154297 0.1341552734375 0.125381469726563
-0.00126552581787109 0.0160722732543945 0.130096435546875 0.132400512695313
0.00746059417724609 0.0137462615966797 0.0903472900390625 0.141769409179688
0.0127811431884766 0.0212955474853516 0.051544189453125 0.102935791015625
-0.00196647644042968 0.0327529907226562 0.0360679626464844 0.0571479797363281
-0.0226974487304688 0.0222759246826172 0.0751113891601563 0.0193099975585938
-0.0214004516601563 -0.00453758239746094 0.17279052734375 -0.0003814697265625
0.00684738159179687 -0.0117416381835938 0.269378662109375 0.12628173828125
-0.108772277832031 -0.0630416870117188 0.177978515625 -0.0564117431640625
-0.132606506347656 -0.062103271484375 0.122230529785156 -0.0635299682617188
-0.159713745117188 -0.00816345214843753 0.0248947143554687 -0.0386390686035156
-0.123703002929688 0.0614013671875 -0.00338172912597657 0.0183601379394531
-0.0753250122070313 0.0915298461914063 -0.00932312011718751 0.0606117248535156
-0.0160293579101562 0.110671997070313 0.04449462890625 0.111976623535156
0.0307159423828125 0.099212646484375 0.106643676757813 0.122802734375
0.0307388305664063 0.0881271362304688 0.1279296875 0.104576110839844
0.0391921997070312 0.0850143432617187 0.127815246582031 0.109748840332031
0.0335311889648437 0.0865402221679688 0.09912109375 0.119659423828125
0.00676727294921875 0.0958404541015625 0.0595932006835937 0.0811767578125
-0.0273513793945313 0.104164123535156 0.0465888977050781 0.0416183471679688
-0.0945205688476563 0.0708847045898437 0.085906982421875 0.0064544677734375
-0.120750427246094 0.0274810791015625 0.18212890625 -0.0030670166015625
-0.101295471191406 -0.00307464599609374 0.271438598632813 0.120864868164063
-0.199676513671875 -0.065521240234375 0.140487670898438 -0.0641098022460938
-0.209854125976562 -0.053070068359375 0.106788635253906 -0.0541305541992188
-0.235000610351562 0.0107574462890625 0.0404129028320312 -0.0419654846191406
-0.180328369140625 0.104232788085938 0.0175008773803711 -0.00289058685302734
-0.104171752929688 0.145919799804688 -0.00155258178710938 0.0230560302734375
-0.0100250244140625 0.177642822265625 0.0348777770996094 0.0684242248535156
0.0601806640625 0.1531982421875 0.0820541381835938 0.0816574096679688
0.0617599487304688 0.138870239257813 0.100967407226563 0.068817138671875
0.080230712890625 0.140823364257813 0.102363586425781 0.0748672485351563
0.0644683837890625 0.151351928710938 0.088592529296875 0.0841140747070313
0.00666809082031251 0.167510986328125 0.0538749694824219 0.0476531982421875
-0.0500030517578125 0.171478271484375 0.0496406555175781 0.0193557739257813
-0.15643310546875 0.114364624023438 0.0860595703125 -0.00180053710937499
-0.205825805664063 0.055419921875 0.164703369140625 0.0062255859375
-0.19158935546875 0.00418090820312498 0.237808227539063 0.114654541015625
-0.263320922851562 -0.0535125732421875 0.0771484375 -0.0735549926757813
-0.259445190429688 -0.0293731689453125 0.0697593688964844 -0.0427589416503906
-0.275054931640625 0.0406494140625001 0.04840087890625 -0.039337158203125
-0.206283569335938 0.140457153320313 0.0366096496582031 -0.0246543884277344
-0.113235473632813 0.182647705078125 0.00728416442871093 -0.0193271636962891
-0.00192260742187502 0.218048095703125 0.0214653015136719 0.0131282806396484
0.0807647705078125 0.185317993164063 0.0464286804199219 0.0273475646972656
0.0843505859375 0.168975830078125 0.0587997436523438 0.0216331481933594
0.107818603515625 0.177947998046875 0.0613479614257813 0.0295257568359375
0.0848236083984375 0.194290161132813 0.0629196166992188 0.03631591796875
0.00517272949218749 0.215316772460937 0.0388565063476563 0.00741958618164064
-0.065155029296875 0.215118408203125 0.0442047119140625 -0.00460815429687499
-0.197601318359375 0.141571044921875 0.0765457153320312 -0.00604248046874999
-0.259765625 0.075653076171875 0.12646484375 0.0210723876953125
-0.25042724609375 0.0110931396484374 0.172470092773437 0.106338500976563
-0.2879638671875 -0.032196044921875 -0.00697326660156251 -0.0828857421875
-0.273452758789063 0.00321960449218744 0.0160350799560547 -0.0303516387939453
-0.27374267578125 0.070404052734375 0.0425872802734375 -0.0333786010742187
-0.196334838867188 0.160995483398438 0.0457382202148437 -0.0460014343261719
-0.10125732421875 0.192184448242188 0.0103950500488281 -0.0621452331542969
0.0111083984375 0.22607421875 0.00217056274414062 -0.045562744140625
0.0908050537109375 0.189056396484375 0.00238227844238282 -0.0326919555664062
0.0930023193359375 0.174423217773438 0.00904464721679688 -0.0289955139160156
0.11810302734375 0.186431884765625 0.0107707977294922 -0.0205554962158203
0.089080810546875 0.2060546875 0.0266952514648438 -0.0162334442138672
-0.00128173828125002 0.2283935546875 0.0163936614990234 -0.0332889556884765
-0.0741424560546875 0.223434448242187 0.0334091186523437 -0.0275745391845703
-0.210113525390625 0.142120361328125 0.0589752197265625 -0.00510787963867187
-0.272415161132812 0.0788269042968751 0.0741195678710937 0.042083740234375
-0.27154541015625 0.0146331787109374 0.086181640625 0.0945358276367188
-0.265701293945313 -0.00765991210937505 -0.096923828125 -0.0905532836914062
-0.242568969726563 0.0297698974609375 -0.0444183349609375 -0.0173606872558594
-0.226898193359375 0.085540771484375 0.0264110565185547 -0.0274333953857422
-0.154449462890625 0.152114868164063 0.0397911071777344 -0.063934326171875
-0.0735015869140625 0.171783447265625 0.00283050537109374 -0.0943374633789062
0.022613525390625 0.199493408203125 -0.0240554809570312 -0.095977783203125
0.087890625 0.16387939453125 -0.0438003540039062 -0.0863876342773437
0.08905029296875 0.151992797851563 -0.043243408203125 -0.0758895874023438
0.109344482421875 0.166030883789063 -0.0385780334472656 -0.0690727233886719
0.0767364501953125 0.184677124023438 -0.00990676879882813 -0.0669136047363281
-0.0087890625 0.200820922851563 -0.00405120849609375 -0.0703811645507812
-0.0714263916015625 0.18939208984375 0.0215492248535156 -0.0457878112792969
-0.187713623046875 0.116989135742188 0.0359764099121094 -0.000801086425781243
-0.243484497070313 0.0697021484375 0.0137939453125 0.05950927734375
-0.248550415039062 0.0174407958984375 -0.00663757324218751 0.0774612426757813
-0.2005615234375 0.013092041015625 -0.17779541015625 -0.093109130859375
-0.172836303710938 0.038787841796875 -0.101661682128906 -0.00942230224609377
-0.150238037109375 0.0734710693359375 0.00180435180664062 -0.0204277038574219
-0.0982666015625 0.111534118652344 0.0199813842773437 -0.0738983154296875
-0.041900634765625 0.1229248046875 -0.01190185546875 -0.112350463867187
0.0269317626953125 0.144287109375 -0.0524520874023438 -0.128669738769531
0.0712661743164063 0.115684509277344 -0.0879592895507813 -0.123191833496094
0.0723419189453125 0.106605529785156 -0.0884933471679688 -0.111763000488281
0.08355712890625 0.1185302734375 -0.0775833129882812 -0.108894348144531
0.0546722412109375 0.131477355957031 -0.0367813110351563 -0.108100891113281
-0.0129013061523437 0.1400146484375 -0.0142593383789063 -0.094390869140625
-0.0522003173828125 0.12469482421875 0.0138816833496094 -0.0548515319824219
-0.129501342773438 0.0775833129882813 0.0120525360107422 0.00569534301757813
-0.173995971679688 0.0571136474609375 -0.0431022644042969 0.0679931640625
-0.18914794921875 0.024169921875 -0.09051513671875 0.0591354370117188
-0.102523803710937 0.024169921875 -0.23779296875 -0.0942535400390625
-0.0801620483398438 0.02569580078125 -0.1453857421875 -0.00532531738281248
-0.0623817443847656 0.0339317321777344 -0.0242176055908203 -0.0128459930419922
-0.04205322265625 0.0473136901855469 -0.00459289550781251 -0.073089599609375
-0.0178031921386719 0.0555648803710937 -0.0280990600585938 -0.113624572753906
0.017608642578125 0.0708160400390625 -0.0777435302734375 -0.141326904296875
0.0409469604492188 0.0516357421875 -0.122634887695313 -0.140518188476563
0.0445594787597656 0.0453529357910156 -0.121124267578125 -0.129730224609375
0.0486412048339844 0.0528221130371094 -0.100845336914062 -0.132011413574219
0.0314865112304688 0.0574302673339844 -0.0498428344726562 -0.13165283203125
-0.00184249877929688 0.0589370727539063 -0.01397705078125 -0.101242065429688
-0.01092529296875 0.0499763488769531 0.009918212890625 -0.0530853271484375
-0.0438499450683594 0.0449447631835938 -0.00852775573730469 0.0145292282104492
-0.0770339965820313 0.05364990234375 -0.087188720703125 0.0704879760742188
-0.102325439453125 0.0371627807617187 -0.154296875 0.040924072265625
0.000793457031250006 -0.0660476684570312 0.183425903320312 -0.077239990234375
-0.0556106567382813 -0.0725173950195312 0.114059448242188 -0.083221435546875
-0.0826568603515625 -0.0255279541015625 0.00355339050292968 -0.033355712890625
-0.0650253295898438 0.0169754028320313 -0.0185165405273438 0.0392532348632812
-0.0426216125488281 0.0350723266601563 -0.00308990478515625 0.0896682739257812
-0.0207786560058594 0.0385055541992187 0.061187744140625 0.133674621582031
-0.00217819213867188 0.0369338989257813 0.127891540527344 0.138824462890625
-0.0051727294921875 0.0289726257324219 0.145095825195313 0.120025634765625
-0.00395965576171875 0.0195541381835938 0.141845703125 0.127899169921875
0.00349712371826172 0.0145435333251953 0.103378295898438 0.139839172363281
0.00935554504394531 0.0185966491699219 0.0623855590820313 0.102813720703125
-0.00192451477050781 0.0303936004638672 0.0435714721679688 0.0590858459472656
-0.0200710296630859 0.0180644989013672 0.0767822265625 0.019378662109375
-0.0188064575195312 -0.00883674621582031 0.174148559570313 -0.0064239501953125
0.0120687484741211 -0.0166854858398438 0.2840576171875 0.11993408203125
-0.111724853515625 -0.0649795532226562 0.182144165039063 -0.072601318359375
-0.140914916992188 -0.0624847412109375 0.122360229492187 -0.076019287109375
-0.170181274414063 -0.00262451171874997 0.0231857299804687 -0.0433197021484375
-0.129478454589844 0.0702743530273437 -0.00300216674804688 0.0154409408569336
-0.0770492553710938 0.100830078125 -0.00766754150390625 0.0593795776367188
-0.012664794921875 0.118911743164063 0.0497055053710938 0.109886169433594
0.0353546142578125 0.104286193847656 0.116165161132812 0.118843078613281
0.0335006713867188 0.0916290283203125 0.13812255859375 0.0979156494140625
0.0428695678710937 0.0875930786132813 0.138526916503906 0.103324890136719
0.0357131958007812 0.0874862670898437 0.112197875976563 0.114944458007813
0.00945281982421875 0.096466064453125 0.0698623657226563 0.078582763671875
-0.0233078002929688 0.105232238769531 0.0537986755371094 0.0410919189453125
-0.09039306640625 0.0739364624023438 0.0907974243164063 0.00627899169921876
-0.119087219238281 0.031341552734375 0.186386108398438 -0.01043701171875
-0.0989913940429688 -0.000701904296874988 0.288482666015625 0.11224365234375
-0.205703735351563 -0.0602874755859375 0.144607543945313 -0.079437255859375
-0.21881103515625 -0.048614501953125 0.108268737792969 -0.0668792724609375
-0.243682861328125 0.0225830078125 0.0405502319335937 -0.0488739013671875
-0.183731079101563 0.1181640625 0.0184974670410156 -0.00867652893066406
-0.102249145507812 0.157394409179688 -0.000913619995117194 0.0194244384765625
-0.00157165527343749 0.18597412109375 0.0378646850585938 0.0645523071289063
0.0691070556640625 0.157211303710938 0.0888748168945312 0.076141357421875
0.07037353515625 0.140762329101563 0.108543395996094 0.0615463256835938
0.088714599609375 0.14251708984375 0.111534118652344 0.0674057006835938
0.0731201171875 0.150924682617187 0.100044250488281 0.0777969360351563
0.0152130126953125 0.170516967773438 0.0624313354492188 0.0431900024414063
-0.041839599609375 0.177734375 0.0563430786132813 0.0178718566894531
-0.153732299804688 0.1246337890625 0.0932235717773437 -0.00325775146484374
-0.20623779296875 0.067352294921875 0.171630859375 -0.000289916992187496
-0.193649291992188 0.012481689453125 0.256057739257813 0.106857299804688
-0.271896362304688 -0.04217529296875 0.0799636840820312 -0.0871810913085938
-0.267562866210938 -0.0189819335937501 0.0728836059570312 -0.0537109375
-0.28192138671875 0.05682373046875 0.0487480163574219 -0.0474929809570312
-0.205734252929688 0.156936645507813 0.0376510620117187 -0.0335159301757812
-0.108444213867188 0.194183349609375 0.00628471374511718 -0.0250129699707031
0.0109100341796875 0.2261962890625 0.0222988128662109 0.0080242156982422
0.092681884765625 0.187149047851563 0.0495262145996094 0.0208206176757813
0.0964813232421875 0.16937255859375 0.0637702941894531 0.0147972106933594
0.12103271484375 0.176605224609375 0.0668067932128906 0.0226669311523438
0.0985565185546875 0.19305419921875 0.0705108642578125 0.0281219482421875
0.0180816650390625 0.220993041992187 0.044097900390625 0.00134277343750001
-0.05450439453125 0.225616455078125 0.0496025085449219 -0.00735855102539061
-0.194686889648438 0.157333374023438 0.0837020874023437 -0.00838470458984374
-0.260833740234375 0.0928955078124999 0.135360717773438 0.016326904296875
-0.255935668945313 0.0244293212890625 0.189422607421875 0.100509643554688
-0.29669189453125 -0.01641845703125 -0.00594329833984376 -0.09271240234375
-0.279953002929688 0.018890380859375 0.0193252563476562 -0.0374336242675781
-0.2767333984375 0.0902709960937499 0.045166015625 -0.0411834716796875
-0.191650390625 0.178146362304688 0.0471458435058594 -0.05633544921875
-0.0927886962890625 0.204071044921875 0.00800323486328124 -0.0684471130371094
0.0265045166015625 0.23211669921875 -0.000556945800781246 -0.0512123107910156
0.104385375976563 0.1884765625 0.00149917602539063 -0.0375404357910156
0.106918334960938 0.172607421875 0.00883483886718751 -0.0345878601074219
0.133453369140625 0.182601928710938 0.0124301910400391 -0.0256385803222656
0.105499267578125 0.203964233398438 0.0300312042236328 -0.0234336853027344
0.0153045654296875 0.234909057617188 0.0173225402832031 -0.0401382446289062
-0.061187744140625 0.23431396484375 0.0360298156738281 -0.031341552734375
-0.207305908203125 0.160629272460938 0.0654869079589844 -0.00737380981445311
-0.276153564453125 0.0998382568359375 0.0825958251953125 0.0393600463867188
-0.2784423828125 0.030303955078125 0.100021362304688 0.0918807983398438
-0.275924682617188 0.0101470947265625 -0.0994644165039063 -0.0944671630859375
-0.248199462890625 0.0476837158203125 -0.041656494140625 -0.021575927734375
-0.22760009765625 0.10699462890625 0.02874755859375 -0.0335006713867187
-0.146377563476563 0.16888427734375 0.0399932861328125 -0.0741424560546875
-0.0631103515625 0.18115234375 -0.00122833251953125 -0.1009521484375
0.0387420654296875 0.2025146484375 -0.0292205810546875 -0.0999832153320312
0.101806640625 0.160964965820313 -0.0493545532226562 -0.0894393920898437
0.103164672851563 0.148651123046875 -0.0472183227539063 -0.0792922973632812
0.123626708984375 0.161270141601563 -0.0417633056640625 -0.0724029541015625
0.0929718017578125 0.181625366210937 -0.010528564453125 -0.0730209350585937
0.006256103515625 0.206634521484375 -0.00588226318359374 -0.0760650634765625
-0.06011962890625 0.199813842773438 0.0220603942871094 -0.0494804382324219
-0.184371948242188 0.1351318359375 0.0414810180664062 -0.00221252441406249
-0.245346069335937 0.0907440185546875 0.02130126953125 0.0606231689453125
-0.255859375 0.0342559814453125 0.00227355957031249 0.0808334350585938
-0.2091064453125 0.029388427734375 -0.184829711914062 -0.09197998046875
-0.177658081054688 0.0544891357421875 -0.100166320800781 -0.00811004638671873
-0.149017333984375 0.09039306640625 0.00337982177734374 -0.0262851715087891
-0.0900421142578125 0.12445068359375 0.0174713134765625 -0.0830001831054687
-0.0322799682617188 0.129570007324219 -0.018768310546875 -0.117080688476562
0.0406951904296875 0.145904541015625 -0.0612258911132813 -0.131156921386719
0.08355712890625 0.110992431640625 -0.0970916748046875 -0.124580383300781
0.0831527709960938 0.102195739746094 -0.0966339111328125 -0.112754821777344
0.0956954956054687 0.113334655761719 -0.084747314453125 -0.110183715820313
0.0672988891601563 0.127365112304688 -0.0412673950195312 -0.112205505371094
0.000350952148437502 0.142196655273438 -0.0180511474609375 -0.0987701416015625
-0.0413742065429688 0.131561279296875 0.0130348205566406 -0.0581855773925781
-0.125068664550781 0.0921249389648438 0.0172080993652344 0.00587558746337891
-0.173812866210938 0.0754241943359375 -0.0363998413085938 0.0734939575195313
-0.194854736328125 0.03961181640625 -0.0866165161132813 0.06591796875
-0.108497619628906 0.0363235473632812 -0.24859619140625 -0.088653564453125
-0.0847625732421875 0.036468505859375 -0.147232055664063 -0.00125122070312497
-0.0618019104003906 0.0457878112792969 -0.0244064331054688 -0.0167484283447266
-0.0366783142089844 0.0555496215820312 -0.00940704345703125 -0.0799560546875
-0.0109901428222656 0.0596694946289063 -0.0365371704101562 -0.116943359375
0.0281219482421875 0.07159423828125 -0.0884857177734375 -0.141769409179688
0.0488815307617188 0.0479316711425781 -0.133415222167969 -0.138328552246094
0.0514144897460938 0.0400772094726562 -0.130409240722656 -0.127876281738281
0.0561294555664063 0.04620361328125 -0.110084533691406 -0.132125854492188
0.0400962829589844 0.0521011352539063 -0.0567169189453125 -0.134857177734375
0.0065460205078125 0.0589485168457031 -0.0183792114257813 -0.104179382324219
-0.00267791748046875 0.0516357421875 0.00921630859374999 -0.054779052734375
-0.0378074645996094 0.0539741516113281 -0.00513362884521485 0.0166664123535156
-0.0737152099609375 0.06707763671875 -0.0828170776367188 0.0782928466796875
-0.104911804199219 0.0496139526367187 -0.154632568359375 0.05255126953125
-0.000358581542968747 -0.0749130249023438 0.178085327148438 -0.09417724609375
-0.0662918090820312 -0.0754318237304688 0.106674194335938 -0.094207763671875
-0.091278076171875 -0.0228195190429688 0.000354766845703116 -0.0349941253662109
-0.0729827880859375 0.0242843627929687 -0.0184173583984375 0.0395317077636719
-0.0454978942871094 0.0432777404785156 0.000968933105468756 0.0888900756835938
-0.021209716796875 0.0469398498535156 0.0673904418945313 0.129692077636719
-0.00133514404296875 0.0432357788085937 0.137191772460938 0.130859375
-0.00577354431152344 0.0342788696289063 0.153152465820313 0.110015869140625
-0.00488471984863281 0.0248546600341797 0.150360107421875 0.117279052734375
-0.000593185424804686 0.017146110534668 0.115234375 0.131675720214844
0.0053558349609375 0.0164890289306641 0.07366943359375 0.0981826782226563
-0.00239372253417969 0.0265274047851563 0.0504913330078125 0.0579185485839844
-0.0178928375244141 0.0129661560058594 0.0792312622070313 0.0186843872070313
-0.0169744491577148 -0.0147504806518555 0.170852661132812 -0.0141754150390625
0.0154075622558594 -0.0233001708984375 0.29522705078125 0.106231689453125
-0.112953186035156 -0.0657882690429687 0.17822265625 -0.091400146484375
-0.150238037109375 -0.0605010986328125 0.117340087890625 -0.0885467529296875
-0.1773681640625 0.00628662109374998 0.0204696655273437 -0.0476837158203125
-0.132171630859375 0.0815505981445313 -0.00270557403564454 0.0121669769287109
-0.0745086669921875 0.111412048339844 -0.00616073608398438 0.0571784973144531
-0.00494384765624999 0.126472473144531 0.05499267578125 0.104988098144531
0.041015625 0.107711791992187 0.12335205078125 0.108406066894531
0.038909912109375 0.0937042236328125 0.1448974609375 0.086761474609375
0.0456695556640625 0.0890884399414063 0.14697265625 0.0904388427734375
0.039398193359375 0.0870895385742188 0.123359680175781 0.103729248046875
0.0123748779296875 0.0947036743164062 0.07904052734375 0.0719070434570313
-0.0182342529296875 0.104972839355469 0.06085205078125 0.0382080078125
-0.0845108032226563 0.0753326416015625 0.09429931640625 0.00473022460937501
-0.113815307617187 0.0334930419921875 0.186843872070313 -0.0194091796875
-0.0956802368164063 0.000442504882812488 0.302978515625 0.09527587890625
-0.208099365234375 -0.052093505859375 0.141326904296875 -0.0973663330078125
-0.225601196289062 -0.038726806640625 0.104820251464844 -0.08038330078125
-0.24810791015625 0.0367279052734376 0.0376739501953125 -0.05511474609375
-0.180389404296875 0.130706787109375 0.0179882049560547 -0.0168266296386719
-0.0951690673828125 0.16827392578125 -0.00176429748535157 0.0157022476196289
0.00944519042968749 0.191177368164063 0.0399055480957031 0.0585746765136719
0.07958984375 0.156661987304688 0.0931930541992188 0.0667343139648438
0.0796890258789063 0.139022827148438 0.113388061523438 0.0493927001953125
0.0971527099609375 0.139373779296875 0.117706298828125 0.056243896484375
0.0807647705078125 0.146743774414062 0.1092529296875 0.0652389526367188
0.0256195068359375 0.169158935546875 0.0692100524902344 0.0352592468261719
-0.0311126708984375 0.17901611328125 0.06329345703125 0.0145454406738281
-0.144363403320313 0.13232421875 0.0984573364257813 -0.00742340087890624
-0.199615478515625 0.078521728515625 0.175277709960938 -0.00961303710937499
-0.189697265625 0.0207366943359375 0.26995849609375 0.0904083251953125
-0.273223876953125 -0.0262451171874999 0.078155517578125 -0.101287841796875
-0.269790649414063 -0.00418090820312499 0.070648193359375 -0.0650558471679687
-0.280242919921875 0.0756378173828126 0.0469779968261719 -0.05535888671875
-0.19757080078125 0.172088623046875 0.036224365234375 -0.0424308776855469
-0.097503662109375 0.203659057617188 0.00331687927246093 -0.0314445495605469
0.0272674560546875 0.22772216796875 0.0204105377197266 0.00180053710937501
0.10662841796875 0.182586669921875 0.0507583618164063 0.0124435424804688
0.107742309570313 0.163726806640625 0.0659065246582031 0.00588989257812501
0.1334228515625 0.168899536132813 0.0700225830078125 0.0129013061523438
0.11175537109375 0.184341430664062 0.0758819580078125 0.018280029296875
0.0335845947265625 0.220123291015625 0.0475044250488281 -0.00635528564453124
-0.0387115478515625 0.229385375976562 0.0546951293945313 -0.0119552612304687
-0.183013916015625 0.169998168945313 0.0898666381835937 -0.0133438110351562
-0.252151489257813 0.111251831054687 0.141647338867187 0.00790405273437501
-0.252914428710938 0.0390777587890625 0.202880859375 0.087371826171875
-0.298004150390625 0.00479125976562502 -0.00714111328125001 -0.102195739746094
-0.278640747070313 0.038330078125 0.0203819274902344 -0.0452728271484375
-0.269577026367188 0.112136840820313 0.0453109741210937 -0.049713134765625
-0.177886962890625 0.193145751953125 0.045379638671875 -0.0662384033203125
-0.0783843994140625 0.211395263671875 0.0037994384765625 -0.075103759765625
0.0443572998046875 0.231246948242188 -0.00433349609375 -0.0555686950683594
0.118698120117187 0.179794311523438 -0.00141906738281249 -0.042327880859375
0.119537353515625 0.164291381835938 0.00785827636718751 -0.0397720336914063
0.14739990234375 0.172470092773438 0.0114212036132813 -0.0327491760253906
0.122283935546875 0.194869995117188 0.0309104919433594 -0.0322761535644531
0.033203125 0.233154296875 0.0164070129394531 -0.0461845397949219
-0.043212890625 0.239456176757813 0.0384407043457031 -0.0360221862792969
-0.195114135742188 0.178451538085937 0.0717086791992187 -0.0135726928710937
-0.267379760742187 0.122146606445312 0.09051513671875 0.03314208984375
-0.276382446289063 0.0496826171875001 0.112396240234375 0.084381103515625
-0.276779174804688 0.0331268310546875 -0.101211547851563 -0.0963973999023438
-0.2449951171875 0.0680694580078125 -0.0395736694335938 -0.0238685607910156
-0.216705322265625 0.127883911132813 0.0299530029296875 -0.0422515869140625
-0.1309814453125 0.1815185546875 0.036163330078125 -0.0836563110351563
-0.047210693359375 0.186416625976563 -0.00830078125 -0.107353210449219
0.0563201904296875 0.198501586914062 -0.0366592407226563 -0.103385925292969
0.1142578125 0.151412963867188 -0.0556869506835937 -0.0904922485351563
0.114265441894531 0.138565063476563 -0.051788330078125 -0.0811233520507812
0.136123657226563 0.148910522460938 -0.0466995239257812 -0.0746917724609375
0.107986450195313 0.170440673828125 -0.0134735107421875 -0.0789947509765625
0.0239105224609375 0.204727172851562 -0.0101089477539063 -0.0805740356445312
-0.041290283203125 0.20513916015625 0.0220680236816406 -0.0540275573730469
-0.173248291015625 0.151519775390625 0.0467910766601562 -0.00653457641601562
-0.236770629882813 0.113357543945312 0.0303306579589844 0.0580177307128906
-0.254364013671875 0.056060791015625 0.013580322265625 0.0788497924804688
-0.211196899414063 0.0503387451171875 -0.189544677734375 -0.086761474609375
-0.174423217773438 0.0735015869140625 -0.0976181030273438 -0.00734710693359373
-0.14044189453125 0.108688354492188 0.00389289855957031 -0.0326786041259766
-0.0754547119140625 0.135215759277344 0.0122604370117187 -0.0907821655273437
-0.0181655883789062 0.132164001464844 -0.0279464721679688 -0.118705749511719
0.05706787109375 0.140007019042969 -0.070159912109375 -0.129852294921875
0.0944442749023438 0.101432800292969 -0.10565185546875 -0.120956420898438
0.0937118530273438 0.0919342041015625 -0.103225708007813 -0.110023498535156
0.105422973632813 0.100555419921875 -0.0909576416015625 -0.10821533203125
0.0791473388671875 0.116653442382813 -0.046875 -0.114105224609375
0.0152664184570312 0.138885498046875 -0.0236358642578125 -0.101425170898437
-0.0279769897460938 0.134925842285156 0.0116615295410156 -0.0605354309082031
-0.114067077636719 0.105049133300781 0.0220088958740234 0.00445556640625001
-0.165237426757812 0.094879150390625 -0.02703857421875 0.0757369995117188
-0.19281005859375 0.05950927734375 -0.0779953002929688 0.0708770751953125
-0.110626220703125 0.0514144897460937 -0.25518798828125 -0.077362060546875
-0.0842742919921875 0.0490188598632812 -0.1456298828125 0.00318908691406249
-0.0562210083007813 0.0579414367675781 -0.0247344970703125 -0.0205574035644531
-0.0273628234863281 0.0626029968261719 -0.0161209106445313 -0.0837173461914062
-0.00120925903320313 0.0615768432617188 -0.045928955078125 -0.116241455078125
0.0392417907714844 0.0665740966796875 -0.0989608764648438 -0.135635375976563
0.0563507080078125 0.0391311645507813 -0.14263916015625 -0.12969970703125
0.0567169189453125 0.0309028625488281 -0.139152526855469 -0.121498107910156
0.0613517761230469 0.0359992980957031 -0.118576049804688 -0.127037048339844
0.0467147827148438 0.0426559448242188 -0.0645904541015625 -0.132987976074219
0.0157546997070313 0.0542068481445313 -0.0242919921875 -0.104103088378906
0.00705718994140625 0.0508079528808594 0.00772857666015625 -0.0562515258789063
-0.0281295776367187 0.0604286193847656 -8.86917114257829E-05 0.016850471496582
-0.0636978149414062 0.0798721313476563 -0.0731124877929688 0.0859146118164062
-0.103195190429688 0.0642013549804687 -0.148483276367188 0.0649261474609375
-0.00603485107421874 -0.0845489501953125 0.164840698242188 -0.10528564453125
-0.0760345458984375 -0.0780487060546875 0.0942153930664063 -0.0994186401367188
-0.101463317871094 -0.0175552368164063 -0.00487899780273438 -0.0351085662841797
-0.076416015625 0.03143310546875 -0.0160026550292969 0.0396766662597656
-0.0455513000488281 0.0504112243652344 0.00405120849609374 0.0866012573242188
-0.0179939270019531 0.0541458129882812 0.0737075805664063 0.1231689453125
0.00225448608398438 0.0485763549804688 0.140914916992188 0.118850708007813
-0.00293350219726562 0.03912353515625 0.156295776367188 0.0975494384765625
-0.00651359558105468 0.0305919647216797 0.153945922851563 0.104446411132812
-0.00378227233886719 0.0193767547607422 0.121017456054687 0.120079040527344
0.000597000122070314 0.0152750015258789 0.0816192626953125 0.0887298583984375
-0.00713348388671875 0.0234508514404297 0.0561790466308594 0.0548629760742188
-0.0185298919677734 0.00670433044433594 0.0798721313476562 0.0165557861328125
-0.01702880859375 -0.0227317810058594 0.165863037109375 -0.017608642578125
0.0199718475341797 -0.0325374603271484 0.296234130859375 0.092437744140625
-0.115127563476562 -0.0678329467773438 0.166824340820313 -0.10723876953125
-0.15679931640625 -0.05859375 0.104728698730469 -0.0973663330078125
-0.179336547851563 0.014007568359375 0.0173606872558594 -0.0509529113769531
-0.131187438964844 0.0907440185546875 -0.00606632232666016 0.00879383087158203
-0.0713043212890625 0.120574951171875 -0.00603103637695314 0.0530319213867188
0.000465393066406259 0.131721496582031 0.0551376342773437 0.0972671508789063
0.0476913452148438 0.110374450683594 0.124885559082031 0.0968246459960938
0.041656494140625 0.0941009521484375 0.145751953125 0.0740509033203125
0.049774169921875 0.0895004272460938 0.149642944335938 0.0771026611328125
0.038299560546875 0.0841827392578125 0.1285400390625 0.0900726318359375
0.0142974853515625 0.0917205810546875 0.0848388671875 0.0614166259765625
-0.01519775390625 0.0995559692382813 0.0656623840332031 0.0354461669921875
-0.0795211791992188 0.0717849731445313 0.0946884155273438 0.00202178955078125
-0.107902526855469 0.033172607421875 0.182647705078125 -0.02703857421875
-0.0880050659179688 -0.00460815429687501 0.304779052734375 0.077606201171875
-0.203750610351563 -0.0442352294921875 0.132781982421875 -0.113754272460937
-0.223495483398438 -0.032379150390625 0.0939788818359375 -0.0883407592773438
-0.243576049804688 0.0498199462890625 0.0341758728027344 -0.0619010925292969
-0.171920776367187 0.141220092773438 0.0145950317382812 -0.0218791961669922
-0.086883544921875 0.174560546875 -0.00316238403320313 0.00916385650634767
0.02142333984375 0.190292358398438 0.0373611450195313 0.0515022277832031
0.0880584716796875 0.154373168945313 0.0924606323242188 0.0565567016601563
0.0844802856445313 0.134262084960938 0.114799499511719 0.0370635986328125
0.101387023925781 0.133567810058594 0.119392395019531 0.0425643920898438
0.0841293334960938 0.137840270996094 0.112075805664063 0.0501708984375
0.031951904296875 0.162521362304688 0.0748825073242187 0.0254440307617188
-0.01898193359375 0.178207397460937 0.0660820007324219 0.00658416748046876
-0.132286071777344 0.133895874023438 0.100830078125 -0.0103912353515625
-0.187973022460938 0.084686279296875 0.173080444335937 -0.016326904296875
-0.180206298828125 0.0258941650390625 0.274932861328125 0.0718536376953125
-0.266036987304688 -0.0135345458984375 0.070159912109375 -0.114830017089844
-0.26611328125 0.00723266601562497 0.0654830932617187 -0.07562255859375
-0.269271850585938 0.0892791748046875 0.0440826416015625 -0.0617408752441406
-0.185272216796875 0.1805419921875 0.0317039489746094 -0.0506172180175781
-0.0853424072265625 0.2049560546875 -0.000473022460937505 -0.0376205444335937
0.0391082763671875 0.222793579101562 0.0178413391113281 -0.00411796569824217
0.114639282226563 0.17376708984375 0.0493354797363281 0.00527572631835939
0.113357543945313 0.154769897460938 0.0640869140625 -0.00477600097656249
0.140350341796875 0.15814208984375 0.0702667236328125 0.00212097167968751
0.118087768554688 0.17437744140625 0.0766525268554688 0.00536346435546876
0.0448760986328125 0.211380004882813 0.0488204956054688 -0.0163230895996094
-0.023529052734375 0.225387573242187 0.0583419799804688 -0.0180816650390625
-0.167495727539062 0.174468994140625 0.095703125 -0.01947021484375
-0.240402221679688 0.121185302734375 0.14251708984375 -0.00146484374999999
-0.24273681640625 0.04888916015625 0.21075439453125 0.0701904296875
-0.289642333984375 0.021392822265625 -0.0122222900390625 -0.110198974609375
-0.267532348632813 0.0509490966796876 0.0192337036132812 -0.0533485412597656
-0.253814697265625 0.127273559570312 0.0424613952636719 -0.0588951110839844
-0.15948486328125 0.199798583984375 0.0410919189453125 -0.07684326171875
-0.0634002685546875 0.2086181640625 -0.00267028808593751 -0.079986572265625
0.058746337890625 0.22149658203125 -0.0110855102539062 -0.059783935546875
0.126174926757813 0.168991088867188 -0.00444793701171874 -0.0456581115722656
0.127120971679688 0.153610229492188 0.00529098510742189 -0.0450286865234375
0.15447998046875 0.158660888671875 0.00907516479492189 -0.0378265380859375
0.1300048828125 0.178756713867187 0.0306739807128906 -0.0408287048339844
0.0458526611328125 0.226333618164063 0.01446533203125 -0.0524673461914062
-0.023651123046875 0.236968994140625 0.0388336181640625 -0.0404129028320312
-0.178436279296875 0.185028076171875 0.0764389038085937 -0.019439697265625
-0.252059936523438 0.135940551757813 0.0953216552734375 0.023895263671875
-0.263717651367188 0.0641632080078125 0.12152099609375 0.0712051391601563
-0.266830444335938 0.052154541015625 -0.10321044921875 -0.0990447998046875
-0.231430053710938 0.0864715576171875 -0.0383758544921875 -0.030181884765625
-0.199050903320313 0.139984130859375 0.0281448364257812 -0.0499992370605469
-0.11322021484375 0.185470581054688 0.0308303833007812 -0.0930709838867187
-0.0303955078125 0.181381225585937 -0.0159454345703125 -0.106071472167969
0.069305419921875 0.185638427734375 -0.0427398681640625 -0.101600646972656
0.122848510742188 0.138092041015625 -0.0597381591796875 -0.0896377563476562
0.121528625488281 0.12652587890625 -0.0558624267578125 -0.0809173583984375
0.141372680664063 0.132354736328125 -0.0505142211914062 -0.0744781494140625
0.1160888671875 0.153564453125 -0.017242431640625 -0.08355712890625
0.04022216796875 0.195632934570313 -0.0127029418945313 -0.0842819213867187
-0.0236663818359375 0.200225830078125 0.0212631225585938 -0.0575485229492187
-0.154891967773438 0.1578369140625 0.051971435546875 -0.0103073120117187
-0.221527099609375 0.128128051757812 0.0390090942382812 0.0537185668945313
-0.24383544921875 0.0715484619140625 0.0244216918945312 0.0731964111328125
-0.202911376953125 0.0693511962890625 -0.1881103515625 -0.083892822265625
-0.166107177734375 0.0891265869140625 -0.0916290283203125 -0.0103912353515625
-0.12420654296875 0.120109558105469 0.00219726562499999 -0.0391044616699219
-0.0590972900390625 0.137496948242188 0.00482177734374999 -0.0964508056640625
-0.00528717041015626 0.129447937011719 -0.0359954833984375 -0.118919372558594
0.0682220458984375 0.1290283203125 -0.0779800415039062 -0.125778198242188
0.100433349609375 0.087921142578125 -0.110443115234375 -0.115447998046875
0.0977630615234375 0.079071044921875 -0.1077880859375 -0.104988098144531
0.109672546386719 0.0880279541015625 -0.0947341918945313 -0.105735778808594
0.0840301513671875 0.103591918945313 -0.0503311157226563 -0.113601684570313
0.0254440307617187 0.129890441894531 -0.0298995971679688 -0.100883483886719
-0.0138931274414062 0.129676818847656 0.0105857849121094 -0.0616493225097656
-0.100006103515625 0.112571716308594 0.0264396667480469 0.00218200683593751
-0.150375366210938 0.10699462890625 -0.01715087890625 0.0734634399414062
-0.18408203125 0.0735321044921875 -0.067169189453125 0.071746826171875
-0.107101440429687 0.0666122436523438 -0.255020141601563 -0.0694122314453125
-0.0819320678710938 0.06170654296875 -0.140472412109375 0.00531768798828126
-0.0490531921386719 0.0677757263183594 -0.0272254943847656 -0.0247058868408203
-0.0160636901855469 0.066986083984375 -0.0249862670898437 -0.0855636596679688
0.00862884521484375 0.0592002868652344 -0.0535964965820312 -0.110931396484375
0.0480575561523438 0.0588722229003906 -0.105209350585937 -0.127777099609375
0.0606803894042969 0.0284652709960938 -0.146743774414062 -0.120407104492188
0.0593528747558594 0.0213775634765625 -0.141586303710937 -0.1126708984375
0.0617218017578125 0.0235671997070312 -0.122589111328125 -0.120391845703125
0.0491561889648438 0.0311393737792969 -0.0709991455078125 -0.128684997558594
0.0231170654296875 0.0475997924804688 -0.0285568237304688 -0.100799560546875
0.0174217224121094 0.0445785522460938 0.00611114501953125 -0.0559120178222656
-0.0148773193359375 0.0634078979492188 0.00717258453369141 0.0164651870727539
-0.0501937866210938 0.0888595581054688 -0.063018798828125 0.08642578125
-0.094970703125 0.0755691528320313 -0.1375732421875 0.0716629028320313
-0.0101394653320313 -0.0938186645507813 0.152328491210938 -0.108657836914063
-0.0872650146484375 -0.0771255493164062 0.0839080810546875 -0.0990142822265625
-0.107856750488281 -0.0125274658203125 -0.00732803344726564 -0.0340156555175781
-0.0821151733398438 0.0379409790039062 -0.0179481506347656 0.0393791198730469
-0.0462570190429688 0.0595970153808594 0.00286865234375001 0.0839691162109375
-0.0153350830078125 0.0622024536132812 0.0713882446289062 0.117843627929688
0.0062713623046875 0.0564193725585938 0.139839172363281 0.111282348632813
-0.00206756591796875 0.0442581176757813 0.152008056640625 0.0897979736328125
-0.00455474853515625 0.0370979309082031 0.151809692382813 0.095306396484375
-0.00579071044921875 0.0262546539306641 0.1231689453125 0.110267639160156
-0.0052642822265625 0.0176792144775391 0.0837936401367188 0.0817642211914063
-0.0119266510009766 0.0196132659912109 0.0604171752929688 0.051544189453125
-0.020721435546875 -0.00208663940429687 0.0795059204101563 0.0202407836914062
-0.0174293518066406 -0.0322303771972656 0.160247802734375 -0.0162200927734375
0.0196380615234375 -0.0419692993164063 0.294097900390625 0.0858154296875
-0.112754821777344 -0.07373046875 0.153457641601563 -0.113693237304688
-0.161911010742188 -0.056365966796875 0.0949783325195312 -0.100044250488281
-0.183502197265625 0.0186767578125 0.0103569030761719 -0.0503463745117188
-0.131027221679688 0.0970382690429687 -0.00730562210083009 0.00674486160278321
-0.068267822265625 0.124000549316406 -0.00778579711914063 0.0492668151855469
0.00632476806640624 0.135185241699219 0.0526275634765625 0.0919647216796875
0.0514450073242188 0.111747741699219 0.122459411621094 0.0884475708007812
0.044036865234375 0.0961074829101563 0.141494750976563 0.0624847412109375
0.0502548217773437 0.0914764404296875 0.144821166992188 0.0662689208984375
0.03729248046875 0.0852432250976563 0.128707885742187 0.0783233642578125
0.009552001953125 0.0885009765625 0.0873489379882812 0.05157470703125
-0.0153350830078125 0.093994140625 0.070648193359375 0.0286483764648438
-0.075653076171875 0.0642471313476563 0.0985260009765625 0.000381469726562504
-0.102973937988281 0.0254669189453125 0.178619384765625 -0.0263519287109375
-0.082611083984375 -0.00858306884765626 0.30218505859375 0.06707763671875
-0.1981201171875 -0.0481414794921875 0.121452331542969 -0.121559143066406
-0.224044799804688 -0.0295257568359376 0.0850677490234375 -0.09417724609375
-0.24188232421875 0.0524444580078125 0.0271644592285156 -0.0635223388671875
-0.169723510742187 0.146102905273438 0.00963592529296874 -0.0263996124267578
-0.081695556640625 0.176010131835937 -0.00728750228881836 0.00424528121948243
0.027130126953125 0.189697265625 0.0339508056640625 0.0466804504394531
0.0897674560546875 0.15045166015625 0.0886154174804688 0.0470657348632813
0.0861663818359375 0.132072448730469 0.108879089355469 0.0279388427734375
0.103935241699219 0.130050659179687 0.115242004394531 0.0323257446289063
0.0846786499023437 0.133216857910156 0.110954284667969 0.0391311645507813
0.0322418212890625 0.157546997070313 0.07354736328125 0.0165786743164063
-0.0169219970703125 0.168548583984375 0.071563720703125 0.00112915039062501
-0.125465393066406 0.127212524414063 0.105873107910156 -0.0157852172851562
-0.180023193359375 0.080718994140625 0.173095703125 -0.0226287841796875
-0.171661376953125 0.022491455078125 0.276519775390625 0.0590972900390625
-0.256301879882813 -0.0108642578125 0.0620346069335938 -0.126167297363281
-0.257614135742188 0.00944519042968752 0.0587692260742187 -0.0822525024414063
-0.261932373046875 0.0919342041015625 0.0391006469726562 -0.0678863525390625
-0.175888061523438 0.181747436523438 0.025848388671875 -0.0591087341308594
-0.078125 0.2037353515625 -0.00613403320312501 -0.0414390563964844
0.0465240478515625 0.21649169921875 0.0109577178955078 -0.00826930999755858
0.116531372070313 0.168380737304688 0.04364013671875 -0.00191879272460937
0.114761352539063 0.148178100585938 0.059661865234375 -0.0133247375488281
0.140899658203125 0.150527954101563 0.0663871765136719 -0.00642395019531249
0.118377685546875 0.162689208984375 0.0756072998046875 -0.00630187988281249
0.0494537353515625 0.202651977539063 0.046905517578125 -0.0229835510253906
-0.016693115234375 0.218643188476562 0.0599365234375 -0.0253410339355469
-0.15765380859375 0.172119140625 0.0986251831054687 -0.0261383056640625
-0.227371215820313 0.120162963867188 0.144210815429687 -0.00765991210937499
-0.23089599609375 0.0511016845703125 0.21209716796875 0.056304931640625
-0.27630615234375 0.0309906005859375 -0.0158157348632813 -0.120597839355469
-0.257537841796875 0.0572509765625 0.0155525207519531 -0.062774658203125
-0.240829467773437 0.128890991210938 0.0398635864257812 -0.064910888671875
-0.147552490234375 0.197219848632813 0.0328521728515625 -0.0842819213867187
-0.0557861328125 0.204299926757813 -0.00876617431640625 -0.08251953125
0.064239501953125 0.210250854492187 -0.0157127380371094 -0.0620765686035156
0.12890625 0.15863037109375 -0.00968551635742186 -0.0511932373046875
0.126861572265625 0.142318725585938 0.000705718994140631 -0.0514717102050781
0.1527099609375 0.147186279296875 0.00704956054687501 -0.0435218811035156
0.130966186523438 0.165481567382813 0.0266304016113281 -0.049957275390625
0.054473876953125 0.214889526367188 0.0122261047363281 -0.0581436157226562
-0.0145263671875 0.228118896484375 0.0405387878417969 -0.0478630065917969
-0.165130615234375 0.184478759765625 0.0801849365234375 -0.02581787109375
-0.237136840820313 0.138839721679687 0.0971145629882812 0.0172805786132813
-0.252426147460938 0.0677032470703125 0.125282287597656 0.0585174560546875
-0.253433227539062 0.0634918212890625 -0.102325439453125 -0.106925964355469
-0.220062255859375 0.0911560058593751 -0.0344200134277344 -0.0380516052246094
-0.183212280273438 0.144073486328125 0.026214599609375 -0.0574226379394531
-0.0969085693359375 0.181915283203125 0.0230026245117187 -0.0986480712890625
-0.0228118896484375 0.175567626953125 -0.0216217041015625 -0.108406066894531
0.075439453125 0.17401123046875 -0.0469131469726562 -0.101448059082031
0.123001098632813 0.125572204589844 -0.0629959106445312 -0.090362548828125
0.120429992675781 0.11419677734375 -0.0580978393554687 -0.0834579467773437
0.140731811523438 0.121368408203125 -0.0507659912109375 -0.0772018432617187
0.116912841796875 0.140045166015625 -0.0204696655273437 -0.0879058837890625
0.0460968017578125 0.1844482421875 -0.0174636840820313 -0.08587646484375
-0.01318359375 0.19366455078125 0.0216331481933594 -0.0624580383300781
-0.140960693359375 0.159332275390625 0.0553970336914062 -0.0176849365234375
-0.205886840820313 0.13348388671875 0.0428314208984375 0.0449485778808594
-0.231613159179688 0.0776214599609375 0.0298233032226562 0.0622482299804688
-0.19329833984375 0.0811614990234375 -0.185256958007813 -0.0865325927734375
-0.15460205078125 0.0960540771484375 -0.0874252319335938 -0.0153732299804688
-0.110061645507813 0.124771118164062 0.00119781494140625 -0.0456466674804687
-0.0453338623046875 0.135215759277344 -0.00126647949218751 -0.100242614746094
0.00506591796875001 0.121864318847656 -0.040679931640625 -0.115982055664062
0.0730133056640625 0.116165161132813 -0.07989501953125 -0.119941711425781
0.0993576049804688 0.07562255859375 -0.111778259277344 -0.112617492675781
0.0954055786132813 0.0684432983398438 -0.107864379882812 -0.103553771972656
0.10589599609375 0.0746841430664063 -0.0970306396484375 -0.103446960449219
0.0847549438476562 0.088531494140625 -0.0552139282226562 -0.1156005859375
0.0333404541015625 0.119377136230469 -0.0323028564453125 -0.100837707519531
-0.003143310546875 0.121864318847656 0.00930023193359374 -0.0651359558105469
-0.0854644775390625 0.110923767089844 0.0317325592041016 -0.00331878662109374
-0.134193420410156 0.113075256347656 -0.0109024047851563 0.0675201416015625
-0.172103881835937 0.082733154296875 -0.0581817626953125 0.0661888122558594
-0.101188659667969 0.0777969360351562 -0.249526977539063 -0.0660552978515624
-0.0729293823242187 0.0705108642578125 -0.132896423339844 0.00301361083984374
-0.0382308959960938 0.0735397338867187 -0.0282840728759766 -0.0311374664306641
-0.00603103637695313 0.0658950805664063 -0.03033447265625 -0.0869598388671875
0.0158538818359375 0.0552253723144531 -0.0583419799804688 -0.106155395507812
0.0521087646484375 0.0482864379882813 -0.1060791015625 -0.120185852050781
0.0591964721679688 0.018341064453125 -0.146331787109375 -0.113418579101563
0.0566291809082031 0.0108489990234375 -0.141525268554688 -0.106353759765625
0.0588645935058594 0.0130653381347656 -0.121330261230469 -0.11517333984375
0.04730224609375 0.0202293395996094 -0.0711212158203125 -0.1260986328125
0.0272178649902344 0.0362052917480469 -0.0306854248046875 -0.099945068359375
0.0240058898925781 0.0363883972167969 0.00744247436523438 -0.0566215515136719
-0.00368118286132812 0.0615043640136719 0.0108184814453125 0.0143718719482422
-0.0371932983398438 0.0925445556640625 -0.0541000366210938 0.0832366943359375
-0.0847549438476563 0.08447265625 -0.125831604003906 0.0707473754882813
-0.0157089233398438 -0.104057312011719 0.14300537109375 -0.1080322265625
-0.0976333618164062 -0.0768203735351563 0.0761566162109375 -0.0960617065429688
-0.1165771484375 -0.00817871093750001 -0.00970077514648438 -0.0323696136474609
-0.085052490234375 0.0472030639648438 -0.019683837890625 0.03948974609375
-0.0452690124511719 0.0681076049804688 0.00091552734375 0.0829925537109375
-0.00989532470703125 0.0706634521484375 0.0681076049804687 0.116798400878906
0.0117759704589844 0.0622444152832031 0.136085510253906 0.109230041503906
0.000782012939453122 0.0507926940917969 0.149200439453125 0.0867156982421875
-0.00274276733398437 0.0435829162597656 0.148269653320313 0.091400146484375
-0.00737190246582031 0.0312309265136719 0.122032165527344 0.1046142578125
-0.0115222930908203 0.0214042663574219 0.0846099853515625 0.0756378173828125
-0.0182285308837891 0.0188579559326172 0.0637397766113281 0.0505485534667969
-0.0260963439941406 -0.00898933410644532 0.0829849243164062 0.023406982421875
-0.0220108032226563 -0.0407142639160156 0.15948486328125 -0.0098419189453125
0.0180892944335938 -0.0528717041015625 0.293426513671875 0.087005615234375
-0.116439819335938 -0.0820846557617187 0.14337158203125 -0.115371704101563
-0.168792724609375 -0.05718994140625 0.0860366821289063 -0.0985565185546875
-0.189361572265625 0.0229034423828125 0.00702285766601561 -0.0520248413085938
-0.13372802734375 0.103538513183594 -0.0110359191894531 0.00491809844970704
-0.0672149658203125 0.13128662109375 -0.0116844177246094 0.046600341796875
0.0109710693359375 0.139907836914063 0.04833984375 0.0901641845703125
0.0563735961914063 0.115898132324219 0.1177978515625 0.08453369140625
0.04559326171875 0.100082397460938 0.136756896972656 0.05859375
0.0511245727539062 0.0958404541015625 0.140556335449219 0.0607070922851563
0.0345687866210938 0.0874176025390625 0.125831604003906 0.0703353881835938
0.00439453125000001 0.0905838012695312 0.087005615234375 0.0440139770507813
-0.0202865600585938 0.0915756225585938 0.074737548828125 0.0245132446289063
-0.07794189453125 0.0562973022460938 0.103263854980469 0.000289916992187503
-0.103950500488281 0.0165023803710937 0.179534912109375 -0.0240936279296875
-0.0812606811523438 -0.0191268920898438 0.302398681640625 0.0648193359375
-0.196945190429687 -0.0549774169921875 0.109779357910156 -0.128005981445313
-0.227630615234375 -0.0321197509765625 0.0771484375 -0.0973281860351563
-0.244110107421875 0.0536041259765625 0.0234375 -0.0664901733398438
-0.169952392578125 0.148391723632813 0.00446510314941405 -0.0305709838867187
-0.081268310546875 0.178543090820313 -0.0134868621826172 0.00147438049316407
0.030303955078125 0.190628051757812 0.0271759033203125 0.0430335998535156
0.0928192138671875 0.15252685546875 0.0830154418945312 0.042633056640625
0.0861663818359375 0.132850646972656 0.103462219238281 0.0213470458984375
0.10345458984375 0.131118774414063 0.110786437988281 0.0257720947265625
0.0818710327148438 0.132308959960938 0.108108520507813 0.0298080444335938
0.0294952392578125 0.156051635742188 0.0726776123046875 0.00742340087890626
-0.01934814453125 0.16485595703125 0.0742950439453125 -0.00463867187499999
-0.125640869140625 0.120368957519531 0.110359191894531 -0.0192794799804687
-0.176849365234375 0.072479248046875 0.174774169921875 -0.024139404296875
-0.167327880859375 0.0135498046875 0.275863647460937 0.0517730712890625
-0.249954223632813 -0.0145416259765625 0.0540847778320312 -0.134407043457031
-0.255752563476563 0.00827026367187498 0.0521697998046875 -0.08782958984375
-0.2587890625 0.0900115966796875 0.0345840454101562 -0.0731124877929688
-0.173385620117188 0.180160522460937 0.019195556640625 -0.0641975402832031
-0.076995849609375 0.202865600585938 -0.0131568908691406 -0.0458145141601562
0.0475921630859375 0.214004516601563 0.00463390350341797 -0.0114612579345703
0.116439819335938 0.165985107421875 0.0375099182128906 -0.00666046142578124
0.1138916015625 0.146652221679688 0.0544929504394531 -0.0188522338867187
0.139266967773438 0.148193359375 0.0617103576660156 -0.0127372741699219
0.116195678710937 0.157928466796875 0.0713958740234375 -0.015228271484375
0.048492431640625 0.199447631835937 0.0444374084472656 -0.0309791564941406
-0.015472412109375 0.2132568359375 0.06219482421875 -0.0322456359863281
-0.154876708984375 0.166656494140625 0.102699279785156 -0.0314254760742187
-0.221939086914063 0.116500854492188 0.146133422851563 -0.0129852294921875
-0.224899291992187 0.04437255859375 0.213821411132813 0.046630859375
-0.267654418945313 0.029327392578125 -0.0220260620117188 -0.131507873535156
-0.25079345703125 0.055877685546875 0.0122451782226562 -0.070556640625
-0.233078002929688 0.126068115234375 0.0352630615234375 -0.072265625
-0.141708374023438 0.19287109375 0.0261306762695312 -0.0908966064453125
-0.05340576171875 0.198806762695313 -0.0154953002929688 -0.0859375
0.0653533935546875 0.203826904296875 -0.0210838317871094 -0.0640068054199219
0.126617431640625 0.15386962890625 -0.0139694213867187 -0.0558891296386719
0.123558044433594 0.137855529785156 -0.00346374511718749 -0.05718994140625
0.150924682617188 0.141952514648438 0.00291061401367188 -0.0493545532226562
0.127273559570313 0.15863037109375 0.0233573913574219 -0.0580177307128906
0.0555877685546875 0.207717895507812 0.00937271118164063 -0.0644683837890625
-0.0117645263671875 0.22265625 0.0416717529296875 -0.0548362731933594
-0.159423828125 0.180740356445313 0.0833740234375 -0.0326919555664062
-0.229583740234375 0.13690185546875 0.0995635986328125 0.010833740234375
-0.2452392578125 0.0659637451171875 0.129386901855469 0.0480270385742188
-0.244827270507813 0.066741943359375 -0.10565185546875 -0.117286682128906
-0.21063232421875 0.092987060546875 -0.0357894897460938 -0.0484619140625
-0.173187255859375 0.14227294921875 0.0226058959960937 -0.0664253234863281
-0.0885467529296875 0.1766357421875 0.0168075561523437 -0.105598449707031
-0.0191192626953125 0.167892456054688 -0.0263442993164063 -0.111053466796875
0.076507568359375 0.1644287109375 -0.0505828857421875 -0.102058410644531
0.11956787109375 0.117416381835938 -0.06536865234375 -0.09320068359375
0.116058349609375 0.107330322265625 -0.0606918334960937 -0.0878524780273438
0.136795043945313 0.114013671875 -0.0536727905273437 -0.0814285278320313
0.1136474609375 0.130958557128906 -0.0235671997070312 -0.093994140625
0.0480804443359375 0.176284790039063 -0.0204925537109375 -0.0903778076171875
-0.009246826171875 0.185699462890625 0.0221443176269531 -0.0672798156738281
-0.132720947265625 0.157058715820312 0.0583724975585937 -0.0245552062988281
-0.194778442382813 0.133041381835938 0.0447311401367187 0.0378379821777344
-0.222976684570312 0.0796661376953125 0.0346183776855469 0.0527915954589844
-0.184341430664063 0.088775634765625 -0.1849365234375 -0.09527587890625
-0.144439697265625 0.101318359375 -0.0852127075195313 -0.0252914428710938
-0.0984344482421875 0.125396728515625 -0.00177001953125001 -0.0540771484375
-0.0352401733398438 0.131057739257812 -0.00791931152343751 -0.104393005371094
0.00868225097656249 0.114517211914062 -0.0440139770507813 -0.115142822265625
0.0741424560546875 0.105575561523438 -0.0804595947265625 -0.118988037109375
0.09625244140625 0.0666427612304688 -0.111915588378906 -0.112350463867187
0.09210205078125 0.0600051879882812 -0.109207153320313 -0.105422973632812
0.102012634277344 0.065673828125 -0.09759521484375 -0.105545043945313
0.0804672241210938 0.0789031982421875 -0.0566024780273437 -0.118209838867188
0.0348358154296875 0.109672546386719 -0.0336456298828125 -0.102912902832031
0.00141143798828125 0.113365173339844 0.0104293823242187 -0.0694351196289062
-0.0747604370117188 0.108131408691406 0.0345001220703125 -0.00945281982421874
-0.121719360351562 0.114547729492188 -0.00749969482421876 0.0613861083984375
-0.162277221679687 0.0863494873046875 -0.0529327392578125 0.058380126953125
-0.09539794921875 0.0883407592773438 -0.248291015625 -0.0717010498046875
-0.066741943359375 0.0782546997070313 -0.132041931152344 -0.00557708740234372
-0.0283050537109375 0.07794189453125 -0.0319366455078125 -0.0372352600097656
0.0029449462890625 0.0638809204101563 -0.0364913940429688 -0.08758544921875
0.0219383239746094 0.0499916076660156 -0.0609893798828125 -0.102615356445312
0.0542869567871094 0.0391311645507812 -0.104965209960938 -0.116752624511719
0.0559768676757813 0.00840377807617188 -0.144821166992188 -0.111846923828125
0.0524482727050781 0.00310516357421875 -0.140777587890625 -0.106460571289063
0.053619384765625 0.0051422119140625 -0.121345520019531 -0.115447998046875
0.0433998107910156 0.0111770629882813 -0.0715255737304688 -0.126716613769531
0.0281276702880859 0.0259304046630859 -0.0301055908203125 -0.0996246337890625
0.0274429321289062 0.0272312164306641 0.00829696655273437 -0.0590324401855469
0.00799179077148438 0.0579605102539062 0.0152082443237305 0.00995540618896485
-0.0239791870117187 0.0947036743164063 -0.0484619140625 0.0784225463867187
-0.0760574340820313 0.0907135009765625 -0.119155883789063 0.0664215087890625
-0.025299072265625 -0.114349365234375 0.135665893554688 -0.104873657226563
-0.110008239746094 -0.073883056640625 0.0721969604492188 -0.092559814453125
-0.126113891601563 -0.00059509277343748 -0.0121612548828125 -0.0311012268066406
-0.0891036987304688 0.0580902099609375 -0.0218429565429687 0.0410575866699219
-0.0435333251953125 0.0786666870117188 -0.00164031982421875 0.0839385986328125
-0.00252532958984375 0.0791549682617188 0.0661544799804687 0.11956787109375
0.01995849609375 0.06842041015625 0.135025024414063 0.110809326171875
0.00569915771484375 0.0575027465820313 0.147613525390625 0.0869598388671875
0.00182723999023437 0.0513076782226563 0.14764404296875 0.0910797119140625
-0.00779342651367188 0.0389900207519531 0.121505737304688 0.101211547851563
-0.0165443420410156 0.0274543762207031 0.08514404296875 0.0712890625
-0.0262165069580078 0.0202789306640625 0.068023681640625 0.0491714477539063
-0.0350379943847656 -0.015350341796875 0.0885467529296875 0.0264968872070313
-0.0298500061035156 -0.0499763488769531 0.163467407226563 -0.00372314453125
0.014984130859375 -0.0659751892089844 0.300262451171875 0.09124755859375
-0.124504089355469 -0.093170166015625 0.134590148925781 -0.116508483886719
-0.18096923828125 -0.057708740234375 0.0801849365234375 -0.09820556640625
-0.199325561523438 0.028778076171875 0.00314331054687499 -0.0520973205566406
-0.137718200683594 0.113807678222656 -0.0154924392700195 0.00379085540771485
-0.06561279296875 0.140823364257813 -0.0168952941894531 0.0466423034667969
0.0172882080078125 0.147064208984375 0.0432357788085937 0.0914993286132813
0.063140869140625 0.121696472167969 0.11395263671875 0.0843887329101563
0.0500030517578125 0.106422424316406 0.133338928222656 0.056243896484375
0.0556488037109375 0.102149963378906 0.138076782226563 0.0583648681640625
0.0337066650390625 0.0933074951171875 0.124076843261719 0.06475830078125
8.39233398437517E-05 0.0953216552734375 0.0866851806640625 0.0382156372070313
-0.0278091430664062 0.0920867919921875 0.0784454345703125 0.019500732421875
-0.0853195190429688 0.0491714477539062 0.10980224609375 -0.00115966796875
-0.109519958496094 0.00677490234375002 0.184616088867188 -0.0225982666015625
-0.0838470458984375 -0.031707763671875 0.307708740234375 0.063323974609375
-0.201736450195313 -0.0645599365234375 0.0993270874023437 -0.133590698242188
-0.23602294921875 -0.0343780517578125 0.0701217651367187 -0.0995559692382813
-0.251907348632813 0.0563659667968749 0.0191001892089844 -0.069671630859375
-0.17413330078125 0.155731201171875 -0.00232887268066407 -0.034494400024414
-0.0814361572265625 0.185806274414062 -0.0214252471923828 -0.00098609924316405
0.0344390869140625 0.196395874023438 0.0205116271972656 0.0428733825683594
0.097564697265625 0.156951904296875 0.0776138305664063 0.040924072265625
0.0886459350585938 0.137435913085938 0.0982131958007813 0.0174942016601563
0.106475830078125 0.13592529296875 0.106231689453125 0.0211944580078125
0.0807266235351563 0.136276245117188 0.105598449707031 0.0219879150390625
0.0258636474609375 0.159408569335938 0.0708084106445312 7.62939453125976E-06
-0.023651123046875 0.164138793945313 0.0774993896484375 -0.0117111206054687
-0.131584167480469 0.115089416503906 0.116607666015625 -0.0241165161132812
-0.180938720703125 0.06512451171875 0.179550170898438 -0.0267181396484375
-0.168807983398438 0.00282287597656253 0.280914306640625 0.045623779296875
-0.250946044921875 -0.02215576171875 0.042938232421875 -0.144012451171875
-0.259490966796875 0.00451660156249996 0.044647216796875 -0.0942153930664062
-0.26385498046875 0.0888061523437501 0.0294189453125 -0.0789413452148438
-0.176895141601563 0.18212890625 0.011627197265625 -0.0695838928222656
-0.0790557861328125 0.205795288085938 -0.0208015441894531 -0.049591064453125
0.0498046875 0.215896606445312 -0.00281047821044921 -0.0129880905151367
0.11883544921875 0.168060302734375 0.0313053131103516 -0.0099506378173828
0.113800048828125 0.148910522460937 0.04840087890625 -0.0245437622070312
0.140090942382813 0.15069580078125 0.05682373046875 -0.0181694030761719
0.114700317382813 0.158859252929688 0.0672798156738281 -0.0240402221679687
0.0475921630859375 0.201171875 0.0409965515136719 -0.0395240783691406
-0.017669677734375 0.213165283203125 0.0637664794921875 -0.0411300659179687
-0.157958984375 0.16357421875 0.107406616210937 -0.0396728515625
-0.223785400390625 0.112060546875 0.1500244140625 -0.0184173583984375
-0.225860595703125 0.0366973876953125 0.21832275390625 0.0380096435546875
-0.264678955078125 0.02581787109375 -0.0323028564453125 -0.143661499023438
-0.250030517578125 0.052947998046875 0.00610351562499999 -0.0801620483398438
-0.233062744140625 0.122146606445312 0.0306854248046875 -0.080474853515625
-0.142669677734375 0.190780639648438 0.0177536010742187 -0.0984725952148437
-0.054962158203125 0.1982421875 -0.0229034423828125 -0.0908660888671875
0.064971923828125 0.2027587890625 -0.0276718139648437 -0.0669479370117187
0.125564575195313 0.153289794921875 -0.0200004577636719 -0.0592231750488281
0.122726440429688 0.137588500976563 -0.00975036621093749 -0.0633583068847656
0.150314331054688 0.141845703125 -0.00254821777343749 -0.0552482604980469
0.125411987304688 0.156585693359375 0.0177192687988281 -0.0664138793945312
0.055328369140625 0.206893920898437 0.0046539306640625 -0.072235107421875
-0.0115814208984375 0.220733642578125 0.041412353515625 -0.0637931823730469
-0.159454345703125 0.178558349609375 0.0863876342773437 -0.0419845581054687
-0.227706909179688 0.135009765625 0.101844787597656 0.00365447998046876
-0.243682861328125 0.061676025390625 0.131912231445312 0.0380401611328125
-0.238937377929688 0.0694427490234375 -0.113746643066406 -0.131095886230469
-0.205886840820312 0.092926025390625 -0.0407524108886719 -0.0596923828125
-0.16766357421875 0.139511108398437 0.0177154541015625 -0.07550048828125
-0.08502197265625 0.1719970703125 0.00833892822265624 -0.112098693847656
-0.0189056396484375 0.162979125976563 -0.0319900512695313 -0.1142578125
0.075225830078125 0.159042358398438 -0.0550384521484375 -0.1048583984375
0.116722106933594 0.113838195800781 -0.0706939697265625 -0.09783935546875
0.112785339355469 0.104042053222656 -0.0659637451171875 -0.0931396484375
0.133674621582031 0.110733032226563 -0.0589065551757812 -0.087615966796875
0.109756469726563 0.125617980957031 -0.029327392578125 -0.101272583007812
0.048065185546875 0.171478271484375 -0.0247268676757813 -0.0963516235351562
-0.0074310302734375 0.181304931640625 0.0206451416015625 -0.075439453125
-0.12872314453125 0.154159545898438 0.0602607727050781 -0.0330009460449219
-0.188720703125 0.133331298828125 0.0461578369140625 0.0305557250976563
-0.219390869140625 0.0790252685546875 0.0361518859863281 0.0426406860351563
-0.177536010742188 0.09539794921875 -0.191650390625 -0.106704711914063
-0.137710571289062 0.105247497558594 -0.0897750854492188 -0.0366668701171875
-0.0891647338867187 0.125862121582031 -0.00756072998046876 -0.0625267028808594
-0.0287933349609375 0.126930236816406 -0.0154571533203125 -0.1090087890625
0.011810302734375 0.108261108398437 -0.0479354858398438 -0.116157531738281
0.073394775390625 0.0979766845703125 -0.0823822021484375 -0.120506286621094
0.0922698974609375 0.0594253540039063 -0.115013122558594 -0.116874694824219
0.0865249633789063 0.054443359375 -0.113334655761719 -0.109710693359375
0.0963058471679688 0.0605392456054688 -0.101760864257812 -0.110557556152344
0.0757827758789063 0.0718460083007812 -0.0607681274414062 -0.12469482421875
0.033843994140625 0.10272216796875 -0.0370559692382812 -0.107582092285156
0.00344848632812501 0.105712890625 0.00988006591796875 -0.075714111328125
-0.0672073364257813 0.103935241699219 0.0365142822265625 -0.0159683227539062
-0.11181640625 0.114387512207031 -0.00589370727539064 0.0550689697265625
-0.155654907226563 0.0892333984375 -0.0509757995605469 0.0492210388183594
-0.0881423950195313 0.0983810424804688 -0.254257202148438 -0.0800933837890625
-0.0591659545898437 0.0851516723632813 -0.135749816894531 -0.0146408081054687
-0.0179595947265625 0.0812225341796875 -0.0382843017578125 -0.042999267578125
0.0115318298339844 0.061248779296875 -0.0438995361328125 -0.089019775390625
0.0263252258300781 0.0442581176757813 -0.0635299682617188 -0.100532531738281
0.0546493530273437 0.0296287536621094 -0.10479736328125 -0.116416931152344
0.051483154296875 -0.0003509521484375 -0.1461181640625 -0.113922119140625
0.0472869873046875 -0.00418472290039063 -0.142974853515625 -0.10906982421875
0.0464630126953125 -0.00195693969726562 -0.123252868652344 -0.119224548339844
0.0369071960449219 0.00326156616210937 -0.0730667114257812 -0.130180358886719
0.0264453887939453 0.0170402526855469 -0.0306930541992188 -0.10333251953125
0.0292854309082031 0.0174217224121094 0.0086669921875 -0.0641098022460938
0.0178642272949219 0.0522880554199219 0.0178737640380859 0.00513267517089844
-0.0105819702148437 0.094512939453125 -0.044952392578125 0.0737686157226563
-0.0665817260742188 0.0962142944335938 -0.115852355957031 0.060821533203125
-0.0412139892578125 -0.123855590820313 0.131538391113281 -0.101509094238281
-0.125961303710937 -0.0680770874023438 0.0686798095703125 -0.08837890625
-0.135284423828125 0.011962890625 -0.015106201171875 -0.0291271209716797
-0.0899429321289062 0.07330322265625 -0.0228805541992188 0.0453224182128906
-0.0374221801757813 0.0906524658203125 -0.00305175781250001 0.0870437622070313
0.00881195068359374 0.0862655639648438 0.0679931640625 0.124198913574219
0.03143310546875 0.07281494140625 0.138893127441406 0.112998962402344
0.0138168334960937 0.0634956359863281 0.149368286132813 0.0879974365234375
0.00944519042968751 0.0588302612304688 0.149505615234375 0.0915374755859375
-0.0050201416015625 0.0472030639648437 0.123275756835938 0.0991439819335938
-0.019683837890625 0.0360679626464844 0.08770751953125 0.0669708251953125
-0.0341606140136719 0.0241470336914063 0.0740203857421875 0.0472259521484375
-0.046356201171875 -0.019622802734375 0.0974044799804688 0.0273284912109375
-0.0426292419433594 -0.0578079223632813 0.172637939453125 -0.000274658203125003
0.00621032714843751 -0.0786285400390625 0.31396484375 0.09295654296875
-0.138816833496094 -0.101814270019531 0.125930786132812 -0.116096496582031
-0.196517944335938 -0.05328369140625 0.07421875 -0.09674072265625
-0.210830688476562 0.039764404296875 -0.00131607055664064 -0.0529403686523438
-0.139785766601563 0.128097534179688 -0.0204505920410156 0.00505065917968751
-0.0616455078125 0.153045654296875 -0.0229759216308594 0.0490150451660156
0.028350830078125 0.155593872070313 0.0403823852539063 0.0956268310546875
0.0746383666992188 0.127395629882813 0.113502502441406 0.0858840942382813
0.0577621459960937 0.11309814453125 0.132011413574219 0.0556182861328125
0.0632476806640625 0.109771728515625 0.137176513671875 0.0559844970703125
0.0364990234375 0.100997924804687 0.123306274414063 0.0589447021484375
-0.00252532958984374 0.103240966796875 0.0867385864257813 0.03131103515625
-0.0344009399414063 0.0954818725585937 0.0831298828125 0.0135040283203125
-0.0957794189453125 0.046478271484375 0.117576599121094 -0.00560760498046875
-0.121421813964844 0.00011444091796876 0.192825317382813 -0.024566650390625
-0.0923995971679687 -0.0440750122070313 0.318939208984375 0.0587158203125
-0.214157104492187 -0.07275390625 0.0876388549804687 -0.137306213378906
-0.250167846679688 -0.03271484375 0.0620651245117187 -0.100784301757813
-0.26348876953125 0.0636596679687499 0.0125503540039062 -0.0737380981445312
-0.178024291992188 0.168548583984375 -0.0107879638671875 -0.0365257263183594
-0.0794219970703125 0.197265625 -0.0307025909423828 -0.00114822387695312
0.04351806640625 0.204086303710938 0.0140876770019531 0.0456886291503906
0.107421875 0.161758422851563 0.0735092163085938 0.0413818359375
0.0954132080078125 0.143569946289062 0.0934066772460938 0.0141983032226563
0.113937377929687 0.142333984375 0.102554321289063 0.0169906616210938
0.0838623046875 0.141983032226563 0.10150146484375 0.0146026611328125
0.0253753662109375 0.16656494140625 0.0678367614746094 -0.00849533081054687
-0.028106689453125 0.169036865234375 0.0796661376953125 -0.0212020874023437
-0.140823364257813 0.114425659179688 0.123153686523437 -0.0334320068359375
-0.191482543945313 0.062042236328125 0.185943603515625 -0.0337677001953125
-0.177322387695312 -0.00698852539062498 0.289703369140625 0.0364990234375
-0.258148193359375 -0.0277099609375 0.02838134765625 -0.151992797851563
-0.26959228515625 0.00430297851562497 0.0345687866210937 -0.0991744995117188
-0.272842407226563 0.092742919921875 0.0216293334960937 -0.0855255126953125
-0.179931640625 0.190582275390625 0.00157928466796874 -0.0741043090820312
-0.0797119140625 0.214157104492187 -0.0318183898925781 -0.0514068603515625
0.05535888671875 0.221405029296875 -0.0111961364746094 -0.0120534896850586
0.125656127929688 0.171905517578125 0.0241451263427734 -0.0114364624023437
0.118515014648437 0.152572631835938 0.0416984558105469 -0.0290069580078125
0.146560668945313 0.154327392578125 0.0505218505859375 -0.02349853515625
0.117446899414063 0.162445068359375 0.0606727600097656 -0.03228759765625
0.049407958984375 0.206802368164063 0.0351448059082031 -0.0477752685546875
-0.0186920166015625 0.217666625976563 0.0631027221679688 -0.0518035888671875
-0.164138793945313 0.1651611328125 0.110954284667969 -0.0510635375976562
-0.23016357421875 0.112136840820312 0.154067993164062 -0.0273895263671875
-0.232650756835938 0.0307159423828125 0.224105834960937 0.02655029296875
-0.266998291015625 0.0242004394531251 -0.048004150390625 -0.154434204101563
-0.253585815429688 0.052978515625 -0.00473022460937501 -0.08978271484375
-0.236923217773438 0.123489379882813 0.0213546752929687 -0.08941650390625
-0.144027709960938 0.1934814453125 0.00679779052734374 -0.104469299316406
-0.056488037109375 0.201446533203125 -0.0330886840820312 -0.0941619873046875
0.067169189453125 0.2037353515625 -0.0370597839355469 -0.0677719116210937
0.128463745117188 0.15460205078125 -0.0283470153808594 -0.0628204345703125
0.124298095703125 0.138671875 -0.0177688598632812 -0.0683441162109375
0.153472900390625 0.143341064453125 -0.0100784301757812 -0.0613899230957031
0.126678466796875 0.15728759765625 0.009246826171875 -0.075164794921875
0.05804443359375 0.208770751953125 -0.00293731689453124 -0.0802230834960937
-0.0104827880859375 0.222564697265625 0.0381546020507812 -0.0742263793945312
-0.161346435546875 0.181121826171875 0.0873336791992187 -0.0541763305664062
-0.229904174804687 0.137420654296875 0.103866577148438 -0.00597381591796874
-0.247406005859375 0.0601654052734375 0.134017944335937 0.02545166015625
-0.236648559570313 0.0722198486328125 -0.13031005859375 -0.142501831054688
-0.203338623046875 0.0943450927734375 -0.0510406494140625 -0.0712127685546875
-0.164108276367188 0.139190673828125 0.00843811035156249 -0.0850753784179687
-0.0836181640625 0.1705322265625 -0.00293731689453126 -0.118972778320312
-0.0199127197265625 0.161224365234375 -0.0411453247070313 -0.117156982421875
0.075042724609375 0.156158447265625 -0.0626602172851563 -0.107398986816406
0.115875244140625 0.112098693847656 -0.079437255859375 -0.10186767578125
0.111793518066406 0.102912902832031 -0.0748291015625 -0.0981521606445313
0.133384704589844 0.109626770019531 -0.0675811767578125 -0.0931396484375
0.107688903808594 0.124038696289063 -0.0385284423828125 -0.108787536621094
0.0489654541015625 0.169723510742188 -0.0329971313476563 -0.102516174316406
-0.00563049316406248 0.179061889648438 0.0162734985351563 -0.0851898193359375
-0.126419067382813 0.154251098632813 0.0604057312011719 -0.043853759765625
-0.185470581054687 0.134979248046875 0.0467720031738281 0.0225868225097656
-0.21820068359375 0.0796966552734375 0.0364761352539062 0.0309867858886719
-0.170501708984375 0.102813720703125 -0.207000732421875 -0.116653442382813
-0.130516052246094 0.10931396484375 -0.0993194580078125 -0.0472030639648437
-0.0808334350585938 0.125556945800781 -0.0170211791992188 -0.0709991455078125
-0.0226211547851563 0.12164306640625 -0.0263900756835937 -0.113555908203125
0.0133590698242187 0.102607727050781 -0.0542831420898438 -0.117286682128906
0.0723648071289063 0.0905532836914063 -0.0874710083007813 -0.123214721679687
0.0883026123046875 0.0543670654296875 -0.122657775878906 -0.120262145996094
0.0824203491210938 0.0507736206054687 -0.121299743652344 -0.114089965820313
0.091552734375 0.057220458984375 -0.10986328125 -0.115135192871094
0.0705337524414063 0.0678634643554688 -0.0695037841796875 -0.130516052246094
0.0314865112304688 0.0971298217773438 -0.0437545776367188 -0.113311767578125
0.00419616699218749 0.0992965698242188 0.00585174560546875 -0.0836639404296875
-0.0615005493164062 0.099884033203125 0.0370407104492187 -0.0245819091796875
-0.102394104003906 0.114295959472656 -0.005859375 0.048919677734375
-0.149581909179688 0.092987060546875 -0.0522613525390625 0.0406036376953125
-0.0787811279296875 0.108222961425781 -0.268417358398438 -0.085693359375
-0.0490951538085938 0.0921859741210937 -0.145858764648438 -0.0223541259765625
-0.00623321533203125 0.0823898315429688 -0.0483932495117187 -0.048004150390625
0.0201950073242188 0.056793212890625 -0.0533599853515625 -0.0894927978515625
0.0299530029296875 0.0366744995117188 -0.0674362182617188 -0.098907470703125
0.0530738830566406 0.0199508666992188 -0.107803344726563 -0.117332458496094
0.0454292297363281 -0.00769805908203125 -0.150970458984375 -0.116531372070313
0.0400733947753906 -0.0100440979003906 -0.149017333984375 -0.111557006835938
0.0387535095214844 -0.00751876831054688 -0.129974365234375 -0.122627258300781
0.0287342071533203 -0.00278854370117188 -0.0792312622070313 -0.134857177734375
0.0213241577148438 0.007476806640625 -0.0346145629882813 -0.107688903808594
0.0283679962158203 0.00599288940429688 0.0077056884765625 -0.0703125
0.0267143249511719 0.0441474914550781 0.0196990966796875 -0.0014190673828125
0.00330352783203125 0.0925369262695312 -0.0439910888671875 0.0687065124511719
-0.0552215576171875 0.10162353515625 -0.115646362304687 0.05535888671875
-0.0602951049804687 -0.127792358398438 0.127647399902344 -0.0977096557617188
-0.139183044433594 -0.0547103881835937 0.0665435791015625 -0.0839691162109375
-0.140625 0.0279388427734375 -0.0172443389892578 -0.0259838104248047
-0.0845260620117187 0.0890350341796875 -0.0219345092773438 0.0491943359375
-0.0266265869140625 0.101089477539063 -0.00270843505859375 0.0916366577148437
0.0240249633789062 0.0903091430664063 0.0717544555664063 0.126846313476563
0.0450820922851563 0.073150634765625 0.1444091796875 0.112869262695313
0.0240707397460937 0.0661163330078125 0.153091430664063 0.086761474609375
0.0205879211425781 0.0637016296386719 0.152740478515625 0.089813232421875
0.00148773193359376 0.0541191101074219 0.125663757324219 0.0944671630859375
-0.0195541381835937 0.0454788208007813 0.089263916015625 0.0612335205078125
-0.0397453308105469 0.0316276550292969 0.080078125 0.0413284301757813
-0.0590248107910156 -0.0193710327148437 0.106414794921875 0.0242538452148438
-0.0577735900878906 -0.061187744140625 0.18292236328125 -0.0015716552734375
-0.00708770751953124 -0.08941650390625 0.330169677734375 0.0858154296875
-0.158050537109375 -0.10369873046875 0.117279052734375 -0.114692687988281
-0.211135864257813 -0.0410614013671875 0.068756103515625 -0.0930862426757813
-0.218353271484375 0.0569000244140625 -0.00648117065429689 -0.05194091796875
-0.13568115234375 0.145477294921875 -0.0247001647949219 0.00843620300292969
-0.0511627197265625 0.165328979492188 -0.0276145935058594 0.0530052185058594
0.0444793701171875 0.1595458984375 0.040435791015625 0.100051879882813
0.0894699096679688 0.127685546875 0.114410400390625 0.0866546630859375
0.0698318481445313 0.115287780761719 0.130882263183594 0.0531005859375
0.07574462890625 0.114013671875 0.136001586914063 0.0530166625976563
0.0429763793945313 0.108352661132813 0.121994018554688 0.0528640747070313
-0.00107574462890626 0.112556457519531 0.0843887329101562 0.0233535766601563
-0.0386734008789063 0.102714538574219 0.0849609375 0.00494384765625001
-0.107902526855469 0.0472335815429687 0.124031066894531 -0.0146942138671875
-0.135856628417969 -0.000770568847656235 0.20013427734375 -0.03118896484375
-0.10601806640625 -0.052337646484375 0.33013916015625 0.047210693359375
-0.229843139648437 -0.0749664306640625 0.0729293823242188 -0.137771606445313
-0.263198852539063 -0.0236358642578125 0.0526351928710937 -0.0997467041015625
-0.272567749023438 0.078094482421875 0.00379943847656249 -0.0745315551757813
-0.175018310546875 0.184661865234375 -0.0190162658691406 -0.034952163696289
-0.071563720703125 0.209121704101562 -0.0395278930664063 0.00271606445312501
0.0572509765625 0.208099365234375 0.00932693481445313 0.0509910583496094
0.120620727539063 0.162322998046875 0.0698318481445313 0.0418434143066406
0.105941772460938 0.145111083984375 0.0884475708007813 0.0117874145507813
0.126220703125 0.14453125 0.0981063842773438 0.0132980346679688
0.09033203125 0.145980834960938 0.0959548950195313 0.00699615478515626
0.0296478271484375 0.174346923828125 0.0624809265136719 -0.0162200927734375
-0.0283966064453125 0.174728393554687 0.0780258178710938 -0.0318145751953125
-0.148895263671875 0.118362426757813 0.12554931640625 -0.0459365844726562
-0.202224731445313 0.0641326904296875 0.190322875976563 -0.0442962646484375
-0.189208984375 -0.011932373046875 0.29522705078125 0.021484375
-0.26788330078125 -0.0281372070312501 0.00923156738281248 -0.154525756835938
-0.279067993164063 0.010467529296875 0.0221710205078125 -0.101097106933594
-0.28070068359375 0.10211181640625 0.010589599609375 -0.0892333984375
-0.179443359375 0.20281982421875 -0.011260986328125 -0.0753555297851562
-0.075164794921875 0.223770141601563 -0.0439071655273438 -0.0491867065429687
0.0647430419921875 0.224166870117188 -0.0195388793945313 -0.00835800170898436
0.135528564453125 0.17205810546875 0.0167560577392578 -0.0104665756225586
0.126266479492188 0.154251098632813 0.0327968597412109 -0.0315704345703125
0.157135009765625 0.15533447265625 0.0428695678710938 -0.0267257690429687
0.123458862304688 0.164627075195313 0.0512161254882813 -0.0397872924804688
0.0550689697265625 0.210922241210938 0.0265731811523438 -0.0542640686035156
-0.0153045654296875 0.222671508789063 0.0573158264160156 -0.0632476806640625
-0.168746948242187 0.170883178710938 0.110137939453125 -0.06536865234375
-0.23681640625 0.116943359375 0.15484619140625 -0.0395660400390625
-0.2412109375 0.02923583984375 0.225616455078125 0.0090789794921875
-0.26971435546875 0.0260467529296875 -0.069091796875 -0.1590576171875
-0.256820678710938 0.0566253662109375 -0.0195083618164063 -0.0941085815429688
-0.2396240234375 0.1278076171875 0.00881958007812498 -0.0952606201171875
-0.143142700195313 0.198654174804688 -0.00801086425781251 -0.106903076171875
-0.0550384521484375 0.206405639648438 -0.0460052490234375 -0.0935745239257812
0.072357177734375 0.204574584960938 -0.0466423034667969 -0.0659065246582031
0.133682250976563 0.1541748046875 -0.0389518737792969 -0.0629959106445312
0.128128051757813 0.139022827148438 -0.0287704467773437 -0.070404052734375
0.1597900390625 0.142578125 -0.0208854675292969 -0.06378173828125
0.130325317382813 0.1561279296875 -0.00308227539062499 -0.0801773071289062
0.06341552734375 0.210525512695313 -0.0145339965820312 -0.0849456787109375
-0.00599670410156251 0.225234985351563 0.0303268432617187 -0.0843963623046875
-0.161102294921875 0.185821533203125 0.0839996337890625 -0.0671768188476562
-0.230697631835937 0.143081665039062 0.102577209472656 -0.0169525146484375
-0.251434326171875 0.0609893798828125 0.132369995117188 0.0102081298828125
-0.232315063476562 0.07611083984375 -0.15155029296875 -0.147079467773437
-0.20001220703125 0.0966796875 -0.066192626953125 -0.078033447265625
-0.16107177734375 0.139694213867188 -0.0055999755859375 -0.0915374755859375
-0.0801544189453125 0.169189453125 -0.0175018310546875 -0.121376037597656
-0.019744873046875 0.159866333007813 -0.052276611328125 -0.117294311523438
0.075531005859375 0.153289794921875 -0.0718994140625 -0.106620788574219
0.115715026855469 0.110633850097656 -0.0906982421875 -0.102241516113281
0.11102294921875 0.101737976074219 -0.0872344970703125 -0.0999526977539062
0.134696960449219 0.107833862304688 -0.07977294921875 -0.0942916870117188
0.107643127441406 0.121620178222656 -0.0516433715820312 -0.112419128417969
0.0511627197265625 0.167938232421875 -0.044830322265625 -0.106239318847656
-0.0027313232421875 0.177505493164063 0.00758361816406249 -0.093109130859375
-0.123184204101563 0.15496826171875 0.0559883117675781 -0.0546913146972656
-0.180511474609375 0.138076782226563 0.0436630249023437 0.0143241882324219
-0.215713500976563 0.0823822021484375 0.0322971343994141 0.0189723968505859
-0.160232543945313 0.109344482421875 -0.226837158203125 -0.11956787109375
-0.121231079101562 0.112205505371094 -0.113861083984375 -0.0535507202148438
-0.0711593627929688 0.123703002929688 -0.0302200317382812 -0.0761184692382812
-0.0171737670898438 0.1160888671875 -0.0395431518554687 -0.113700866699219
0.0139312744140625 0.096954345703125 -0.0626754760742188 -0.115875244140625
0.0696029663085938 0.0837249755859375 -0.094757080078125 -0.123275756835938
0.0827865600585938 0.0510406494140625 -0.132827758789062 -0.121208190917969
0.0769805908203125 0.0479660034179688 -0.132827758789063 -0.114364624023437
0.087158203125 0.0542678833007813 -0.121917724609375 -0.116241455078125
0.0648384094238281 0.0646705627441406 -0.0816726684570312 -0.133087158203125
0.0290298461914063 0.0921478271484375 -0.0539321899414062 -0.115669250488281
0.00315856933593751 0.0921859741210938 -0.00190734863281249 -0.0902023315429688
-0.0560760498046875 0.0946731567382813 0.0342216491699219 -0.0339164733886719
-0.0930938720703125 0.112152099609375 -0.0078125 0.0422286987304688
-0.140899658203125 0.095703125 -0.0559806823730469 0.0325660705566406
-0.0645751953125 0.116119384765625 -0.285064697265625 -0.084320068359375
-0.0375442504882812 0.0964889526367188 -0.158966064453125 -0.0249176025390625
0.00720977783203125 0.0801544189453125 -0.0604667663574219 -0.0491256713867188
0.0270805358886719 0.0483665466308594 -0.064300537109375 -0.0864791870117187
0.0319042205810547 0.028594970703125 -0.0722122192382812 -0.0952987670898438
0.0481643676757813 0.0105857849121094 -0.112075805664062 -0.115943908691406
0.0355453491210938 -0.0128746032714844 -0.159149169921875 -0.115829467773438
0.0308837890625 -0.0136165618896484 -0.157760620117188 -0.110427856445312
0.0280513763427734 -0.0100288391113281 -0.139701843261719 -0.123924255371094
0.0188236236572266 -0.00592231750488281 -0.087310791015625 -0.137496948242188
0.0136489868164063 -7.62939453125E-06 -0.0404281616210938 -0.111076354980469
0.0242633819580078 -0.00456809997558594 0.00222015380859375 -0.0762252807617188
0.0338420867919922 0.0329360961914063 0.0194721221923828 -0.00818252563476562
0.0172348022460938 0.0852737426757813 -0.043731689453125 0.0639801025390625
-0.041168212890625 0.103546142578125 -0.116798400878906 0.0505447387695312
-0.0787887573242188 -0.12384033203125 0.124931335449219 -0.0911102294921875
-0.146072387695313 -0.03765869140625 0.0662002563476562 -0.0776519775390625
-0.139450073242188 0.0456314086914063 -0.0181083679199219 -0.0222492218017578
-0.0738525390625 0.101699829101563 -0.0194015502929688 0.0530509948730469
-0.0126419067382812 0.106918334960938 -0.000862121582031258 0.09429931640625
0.0390090942382813 0.0873184204101563 0.0771255493164062 0.127395629882813
0.0573005676269531 0.0680694580078125 0.14898681640625 0.110855102539063
0.0350189208984375 0.064117431640625 0.155349731445313 0.0836639404296875
0.0322532653808594 0.0635833740234375 0.154586791992188 0.0867156982421875
0.00965881347656249 0.0583381652832031 0.126075744628906 0.0890274047851563
-0.01531982421875 0.0539169311523438 0.0884323120117188 0.054595947265625
-0.0431900024414063 0.0405960083007813 0.0833816528320313 0.0343246459960938
-0.0712432861328125 -0.0141983032226563 0.113426208496094 0.0184173583984375
-0.0732803344726563 -0.0578765869140625 0.191314697265625 -0.0061492919921875
-0.0230560302734375 -0.0936508178710938 0.340911865234375 0.073516845703125
-0.174560546875 -0.0991058349609375 0.109642028808594 -0.107833862304688
-0.218902587890625 -0.0249176025390625 0.0640640258789062 -0.0878372192382813
-0.217864990234375 0.075225830078125 -0.0114784240722656 -0.0483665466308594
-0.12469482421875 0.15887451171875 -0.0271053314208984 0.0128345489501953
-0.036895751953125 0.171539306640625 -0.0303497314453125 0.0587425231933594
0.06036376953125 0.15673828125 0.0418548583984375 0.103721618652344
0.103004455566406 0.122352600097656 0.115631103515625 0.0864639282226563
0.0807723999023438 0.113357543945313 0.129287719726563 0.0512619018554688
0.0887680053710937 0.112625122070312 0.133819580078125 0.0502853393554688
0.0513839721679688 0.110679626464844 0.117256164550781 0.0465927124023438
0.0042572021484375 0.12005615234375 0.07958984375 0.01666259765625
-0.0403289794921875 0.110427856445313 0.0839004516601563 -0.00423431396484374
-0.117958068847656 0.05230712890625 0.126419067382813 -0.0242538452148437
-0.148757934570313 0.00308227539062497 0.203338623046875 -0.0400848388671875
-0.120735168457031 -0.0556259155273438 0.334381103515625 0.032073974609375
-0.2432861328125 -0.0708465576171875 0.0595932006835937 -0.131378173828125
-0.270736694335938 -0.00996398925781249 0.0446014404296875 -0.0947036743164062
-0.274932861328125 0.0946655273437501 -0.00438690185546877 -0.0721435546875
-0.166107177734375 0.197860717773438 -0.0268268585205078 -0.029998779296875
-0.0599365234375 0.21575927734375 -0.0470428466796875 0.0097160339355469
0.071563720703125 0.205734252929688 0.00616073608398439 0.0571517944335938
0.133026123046875 0.157608032226563 0.0666351318359375 0.0442466735839844
0.115615844726563 0.143081665039063 0.0826034545898438 0.010650634765625
0.137603759765625 0.141983032226563 0.0924301147460938 0.0118255615234375
0.09820556640625 0.146621704101563 0.0876922607421875 0.00180053710937501
0.0362396240234375 0.178817749023437 0.0539474487304687 -0.0220108032226562
-0.0268402099609375 0.1807861328125 0.072784423828125 -0.0414886474609375
-0.154678344726562 0.124420166015625 0.122657775878906 -0.0584716796875
-0.210479736328125 0.0692901611328125 0.189224243164063 -0.0558013916015625
-0.200454711914062 -0.0134429931640625 0.294891357421875 0.00433349609375
-0.275985717773438 -0.0256805419921875 -0.00828552246093752 -0.149444580078125
-0.2841796875 0.018524169921875 0.00988769531249998 -0.097259521484375
-0.283203125 0.11334228515625 -0.00125885009765626 -0.0881881713867187
-0.173797607421875 0.212158203125 -0.0226821899414063 -0.0713348388671875
-0.0681610107421875 0.229339599609375 -0.0540122985839844 -0.0429458618164062
0.0752716064453125 0.222885131835938 -0.0262126922607422 -0.00177764892578124
0.144378662109375 0.168426513671875 0.0103654861450195 -0.00721454620361327
0.133712768554688 0.151901245117188 0.0241146087646484 -0.0310935974121094
0.165740966796875 0.150802612304688 0.0338668823242188 -0.0272045135498047
0.130264282226563 0.162704467773438 0.0403366088867188 -0.04278564453125
0.0625457763671875 0.212799072265625 0.0149192810058594 -0.0578193664550781
-0.0106964111328125 0.225723266601563 0.048095703125 -0.0715408325195312
-0.169418334960937 0.176773071289063 0.103294372558594 -0.0774154663085937
-0.240249633789062 0.123214721679688 0.150665283203125 -0.0510711669921875
-0.247955322265625 0.0305328369140625 0.220474243164062 -0.00653076171875
-0.2705078125 0.0274810791015625 -0.090057373046875 -0.1546630859375
-0.257431030273438 0.06011962890625 -0.0342941284179688 -0.09234619140625
-0.240325927734375 0.132232666015625 -0.00533294677734377 -0.0954666137695313
-0.140548706054687 0.2032470703125 -0.021636962890625 -0.10394287109375
-0.051849365234375 0.208755493164062 -0.0578765869140625 -0.088470458984375
0.077606201171875 0.202301025390625 -0.0548095703125 -0.0601997375488281
0.137863159179688 0.151275634765625 -0.0473785400390625 -0.0582695007324219
0.131301879882812 0.137474060058594 -0.0391769409179688 -0.0683212280273437
0.165237426757813 0.138931274414063 -0.0312461853027344 -0.0623321533203125
0.1334228515625 0.153396606445313 -0.0167617797851563 -0.0814743041992188
0.0687103271484375 0.208908081054687 -0.0271759033203125 -0.0853500366210937
-0.00120544433593752 0.22503662109375 0.0186691284179687 -0.090057373046875
-0.158920288085937 0.188919067382813 0.0747222900390625 -0.077880859375
-0.228851318359375 0.14703369140625 0.0958023071289063 -0.0262222290039062
-0.253311157226563 0.0634307861328126 0.124923706054687 -0.00371551513671875
-0.225662231445313 0.0774688720703125 -0.172836303710938 -0.143524169921875
-0.194290161132813 0.0980224609375 -0.0822601318359375 -0.0781631469726563
-0.157699584960938 0.137466430664063 -0.020111083984375 -0.0926971435546875
-0.07763671875 0.166015625 -0.0318222045898438 -0.118263244628906
-0.019683837890625 0.158355712890625 -0.0621490478515625 -0.112518310546875
0.074981689453125 0.148849487304688 -0.08050537109375 -0.102912902832031
0.114921569824219 0.108222961425781 -0.100914001464844 -0.0981826782226562
0.109527587890625 0.100448608398438 -0.0980758666992188 -0.09674072265625
0.134452819824219 0.105056762695312 -0.0914535522460938 -0.0913848876953125
0.106307983398438 0.11871337890625 -0.0656280517578125 -0.111366271972656
0.052947998046875 0.164688110351563 -0.0571212768554688 -0.104743957519531
-0.000961303710937496 0.174148559570313 -0.00374603271484376 -0.0970230102539063
-0.119461059570312 0.153564453125 0.0472908020019531 -0.0637741088867187
-0.174392700195313 0.138107299804688 0.0380897521972656 0.00744628906250001
-0.211715698242188 0.08416748046875 0.0242996215820312 0.00859069824218751
-0.147628784179688 0.110580444335937 -0.245758056640625 -0.1143798828125
-0.11102294921875 0.111671447753906 -0.129486083984375 -0.0540618896484375
-0.0627670288085937 0.117469787597656 -0.0443038940429688 -0.0753402709960937
-0.0140838623046875 0.108428955078125 -0.05169677734375 -0.109161376953125
0.01190185546875 0.0907974243164062 -0.0688323974609375 -0.110939025878906
0.0647506713867188 0.078155517578125 -0.101631164550781 -0.119735717773438
0.076629638671875 0.0487594604492188 -0.142257690429688 -0.117019653320312
0.0715179443359375 0.0474472045898438 -0.142364501953125 -0.110061645507812
0.0813446044921875 0.0536727905273437 -0.13262939453125 -0.112281799316406
0.0585441589355469 0.0637054443359375 -0.0930252075195313 -0.13043212890625
0.0247650146484375 0.0885696411132813 -0.0643692016601562 -0.114059448242188
0.000297546386718751 0.0869522094726563 -0.0115966796875 -0.0929794311523438
-0.0529708862304688 0.087249755859375 0.0276756286621094 -0.0407676696777344
-0.0834808349609375 0.106193542480469 -0.0121498107910156 0.036956787109375
-0.131385803222656 0.0948944091796875 -0.0622596740722656 0.0259742736816406
-0.0481185913085938 0.117362976074219 -0.299560546875 -0.07672119140625
-0.0247955322265625 0.0955734252929688 -0.171371459960938 -0.0230560302734375
0.0178451538085938 0.0732650756835938 -0.071624755859375 -0.0452957153320313
0.0304183959960937 0.038543701171875 -0.0726699829101563 -0.0794143676757813
0.0302200317382813 0.0198554992675781 -0.073883056640625 -0.08966064453125
0.0402641296386719 0.00360870361328125 -0.115882873535156 -0.112991333007812
0.0254020690917969 -0.0144443511962891 -0.16534423828125 -0.112533569335938
0.0213527679443359 -0.0132808685302734 -0.164627075195313 -0.105941772460937
0.0172891616821289 -0.00842475891113281 -0.14837646484375 -0.120330810546875
0.0079655647277832 -0.00581789016723633 -0.095977783203125 -0.135894775390625
0.00384616851806641 -0.00372529029846191 -0.04754638671875 -0.110733032226563
0.01611328125 -0.0126457214355469 -0.00473785400390626 -0.0788803100585938
0.0354804992675781 0.0195579528808594 0.0164566040039063 -0.0145759582519531
0.0278701782226563 0.0729827880859375 -0.0445671081542969 0.0590744018554688
-0.0268478393554688 0.0996322631835938 -0.120033264160156 0.0460052490234375
-0.0925445556640625 -0.11566162109375 0.126266479492188 -0.083099365234375
-0.145904541015625 -0.022369384765625 0.0690765380859375 -0.07183837890625
-0.132858276367188 0.05853271484375 -0.0173473358154297 -0.0186634063720703
-0.0614700317382812 0.108184814453125 -0.0164947509765625 0.0543594360351563
0.000518798828124999 0.10650634765625 0.001220703125 0.096649169921875
0.050933837890625 0.08026123046875 0.0800018310546875 0.126716613769531
0.0660400390625 0.0596122741699219 0.1510009765625 0.108551025390625
0.0427055358886719 0.0599174499511719 0.15521240234375 0.0824432373046875
0.0423088073730469 0.0592842102050781 0.154220581054688 0.0848541259765625
0.0176467895507813 0.0591621398925781 0.122695922851563 0.0856399536132813
-0.00986862182617188 0.0597190856933594 0.0848388671875 0.0500030517578125
-0.0433502197265625 0.0482864379882813 0.083526611328125 0.0278549194335938
-0.080322265625 -0.00738525390625 0.117324829101563 0.0120468139648438
-0.0846710205078125 -0.0515899658203125 0.19659423828125 -0.0106201171875
-0.0376815795898438 -0.0933609008789063 0.344940185546875 0.06378173828125
-0.187042236328125 -0.0921630859375 0.106330871582031 -0.0981979370117187
-0.219528198242187 -0.011260986328125 0.0640945434570312 -0.0798263549804688
-0.213119506835938 0.088134765625 -0.0138282775878906 -0.0435676574707031
-0.111846923828125 0.1656494140625 -0.0278453826904297 0.0169391632080078
-0.0248260498046875 0.172088623046875 -0.0316047668457031 0.0639572143554688
0.072052001953125 0.149917602539062 0.0430450439453125 0.10693359375
0.112068176269531 0.114326477050781 0.115753173828125 0.087921142578125
0.08856201171875 0.108909606933594 0.125846862792969 0.0514297485351563
0.098602294921875 0.108314514160156 0.130416870117188 0.05096435546875
0.0591278076171875 0.111282348632813 0.110832214355469 0.044281005859375
0.00920104980468751 0.124916076660156 0.0727920532226563 0.0127639770507813
-0.0407180786132812 0.116630554199219 0.0806808471679688 -0.0109939575195312
-0.126068115234375 0.058349609375 0.125320434570313 -0.0313491821289062
-0.158920288085938 0.00788879394531248 0.203750610351563 -0.0458831787109375
-0.134330749511719 -0.0553970336914062 0.332427978515625 0.0218505859375
-0.252059936523438 -0.066558837890625 0.0523147583007812 -0.120101928710937
-0.272064208984375 0.000930786132812534 0.0401458740234375 -0.086151123046875
-0.27203369140625 0.105682373046875 -0.0108451843261719 -0.0671043395996094
-0.155715942382812 0.204132080078125 -0.0315189361572266 -0.0242729187011719
-0.0501556396484375 0.217437744140625 -0.0508193969726563 0.016998291015625
0.0813751220703125 0.199813842773438 0.00529098510742189 0.0630531311035156
0.14111328125 0.151351928710938 0.0644721984863281 0.0476264953613281
0.121734619140625 0.139671325683594 0.0772323608398438 0.0133056640625
0.145904541015625 0.136932373046875 0.0864486694335938 0.0128860473632813
0.104202270507813 0.146270751953125 0.0782928466796875 0.000755310058593759
0.0417327880859375 0.18096923828125 0.0450630187988281 -0.0237312316894531
-0.026031494140625 0.184677124023438 0.0650062561035156 -0.047149658203125
-0.160552978515625 0.128921508789063 0.117317199707031 -0.06597900390625
-0.216812133789063 0.0741271972656249 0.185195922851562 -0.062286376953125
-0.211380004882813 -0.0133209228515625 0.28826904296875 -0.006317138671875
-0.280776977539063 -0.0250701904296874 -0.0203018188476563 -0.138397216796875
-0.28521728515625 0.02520751953125 0.00193786621093749 -0.0895919799804688
-0.283294677734375 0.120269775390625 -0.010162353515625 -0.0832748413085937
-0.1683349609375 0.216629028320313 -0.0304794311523438 -0.0647010803222656
-0.062225341796875 0.231277465820313 -0.0603294372558594 -0.0350608825683594
0.0809173583984375 0.218856811523437 -0.0290126800537109 0.00582885742187502
0.149658203125 0.1641845703125 0.00610733032226563 -0.00243520736694335
0.137451171875 0.149703979492188 0.0171413421630859 -0.0277175903320312
0.171630859375 0.14739990234375 0.0270957946777344 -0.0242023468017578
0.133407592773438 0.160369873046875 0.0293502807617188 -0.041595458984375
0.067108154296875 0.2125244140625 0.00511932373046876 -0.0570945739746094
-0.00878906249999999 0.226394653320312 0.0382232666015625 -0.0753860473632813
-0.171615600585938 0.180328369140625 0.0945281982421875 -0.0840606689453125
-0.242355346679688 0.126678466796875 0.143463134765625 -0.057373046875
-0.254302978515625 0.029449462890625 0.210952758789063 -0.01708984375
-0.2706298828125 0.025421142578125 -0.1043701171875 -0.144851684570313
-0.256622314453125 0.06048583984375 -0.0457382202148438 -0.0864334106445313
-0.240478515625 0.133193969726563 -0.0168228149414063 -0.0909500122070313
-0.13787841796875 0.203765869140625 -0.0317230224609375 -0.0970230102539063
-0.051116943359375 0.209197998046875 -0.064239501953125 -0.08087158203125
0.0781402587890625 0.199676513671875 -0.05950927734375 -0.0534515380859375
0.1390380859375 0.148849487304688 -0.0538139343261719 -0.0531730651855469
0.132354736328125 0.136405944824219 -0.0472526550292969 -0.0640106201171875
0.16766357421875 0.135284423828125 -0.0387535095214844 -0.0577201843261719
0.1339111328125 0.15087890625 -0.026641845703125 -0.0779876708984375
0.0717315673828125 0.206512451171875 -0.0366897583007812 -0.082275390625
0.000549316406250006 0.22381591796875 0.00806427001953126 -0.0916519165039062
-0.158157348632813 0.18927001953125 0.0650100708007812 -0.083404541015625
-0.226837158203125 0.148574829101563 0.0878829956054687 -0.0311965942382812
-0.25457763671875 0.0617523193359375 0.113807678222656 -0.0119857788085937
-0.21966552734375 0.0743408203125 -0.186859130859375 -0.135757446289063
-0.19012451171875 0.094024658203125 -0.0954132080078125 -0.07403564453125
-0.156021118164063 0.132186889648438 -0.0321578979492188 -0.0882568359375
-0.0783843994140625 0.162155151367187 -0.0418701171875 -0.111183166503906
-0.02264404296875 0.156646728515625 -0.0678558349609375 -0.106048583984375
0.0713348388671875 0.14678955078125 -0.0852279663085938 -0.0969085693359375
0.111808776855469 0.108085632324219 -0.106826782226563 -0.0928497314453125
0.106971740722656 0.101310729980469 -0.105331420898438 -0.0913848876953125
0.132476806640625 0.104682922363281 -0.0985260009765625 -0.085540771484375
0.103378295898438 0.117958068847656 -0.0748291015625 -0.106582641601563
0.0518798828125 0.162506103515625 -0.0652542114257813 -0.099853515625
-0.00205993652343751 0.171035766601563 -0.0141220092773438 -0.0967864990234375
-0.118301391601563 0.150115966796875 0.0380935668945312 -0.0678329467773437
-0.170074462890625 0.134185791015625 0.0305366516113281 0.00304603576660157
-0.208099365234375 0.08074951171875 0.0138521194458008 0.00191593170166016
-0.137397766113281 0.106826782226563 -0.258224487304688 -0.107559204101563
-0.103599548339844 0.105964660644531 -0.141998291015625 -0.05120849609375
-0.059051513671875 0.108970642089844 -0.0551681518554688 -0.0710678100585938
-0.0150222778320312 0.100456237792969 -0.0598220825195313 -0.101699829101562
0.00746154785156249 0.0863037109375 -0.0719833374023438 -0.105491638183594
0.0570449829101563 0.075225830078125 -0.104515075683594 -0.115921020507813
0.0697479248046875 0.0499916076660156 -0.147323608398438 -0.11248779296875
0.0649337768554688 0.0491981506347656 -0.148056030273438 -0.105117797851562
0.0757064819335938 0.0559539794921875 -0.139183044433594 -0.106864929199219
0.0524482727050781 0.06475830078125 -0.100601196289063 -0.125885009765625
0.0191650390625 0.0867843627929688 -0.0705108642578125 -0.109611511230469
-0.00486755371093749 0.0826187133789063 -0.0200042724609375 -0.092620849609375
-0.0535736083984375 0.07952880859375 0.0208663940429687 -0.0451545715332031
-0.0785598754882813 0.0974349975585937 -0.0179481506347656 0.0330581665039063
-0.123733520507813 0.0888900756835938 -0.0704574584960938 0.0199813842773438
-0.034759521484375 0.112770080566406 -0.30816650390625 -0.069427490234375
-0.01483154296875 0.0904312133789063 -0.181137084960938 -0.0196990966796875
0.0245780944824219 0.0625801086425781 -0.0796127319335938 -0.0400390625
0.0299243927001953 0.0293388366699219 -0.0763397216796875 -0.0712356567382813
0.0257301330566406 0.0131702423095703 -0.0733184814453125 -0.0852127075195312
0.0313186645507813 0.00075531005859375 -0.115303039550781 -0.110748291015625
0.0157585144042969 -0.0121841430664062 -0.168365478515625 -0.109085083007813
0.0128440856933594 -0.0101175308227539 -0.168014526367188 -0.102218627929687
0.0086665153503418 -0.00326442718505859 -0.153366088867188 -0.116134643554687
-0.000637054443359375 -0.00223588943481445 -0.100334167480469 -0.132453918457031
-0.00596141815185547 -0.00432205200195313 -0.0522842407226562 -0.108673095703125
0.00689888000488281 -0.0165948867797852 -0.0106048583984375 -0.0791854858398438
0.0330314636230469 0.00789642333984375 0.0120773315429688 -0.0193519592285156
0.0325126647949219 0.0598716735839844 -0.0482215881347656 0.0541610717773438
-0.0170059204101562 0.0909652709960938 -0.124069213867188 0.0408935546875
-0.10150146484375 -0.108497619628906 0.132926940917969 -0.074554443359375
-0.14215087890625 -0.0116424560546875 0.0760726928710937 -0.0665283203125
-0.126472473144531 0.0664138793945313 -0.0157480239868164 -0.0159378051757812
-0.0513916015625 0.110885620117187 -0.0144691467285156 0.0561103820800781
0.00988006591796874 0.103988647460938 0.00151824951171875 0.0984954833984375
0.0584487915039063 0.0726165771484375 0.0814895629882813 0.128036499023438
0.0717239379882813 0.05230712890625 0.1519775390625 0.110260009765625
0.048248291015625 0.0557975769042969 0.15533447265625 0.084625244140625
0.04913330078125 0.0548210144042969 0.15411376953125 0.0876617431640625
0.0241470336914062 0.0584335327148437 0.118316650390625 0.086578369140625
-0.00500488281249999 0.0636482238769531 0.0802993774414062 0.0488357543945313
-0.0432472229003906 0.0551910400390625 0.0823745727539062 0.0240707397460938
-0.0864181518554688 -0.000160217285156269 0.120452880859375 0.008331298828125
-0.0938491821289062 -0.0448684692382813 0.202774047851563 -0.0126495361328125
-0.0487594604492188 -0.09100341796875 0.34881591796875 0.060455322265625
-0.195785522460937 -0.0875396728515625 0.109725952148437 -0.0874786376953125
-0.218780517578125 -0.00257873535156252 0.068756103515625 -0.0728836059570313
-0.208892822265625 0.09552001953125 -0.0141983032226563 -0.0394668579101563
-0.103775024414062 0.168304443359375 -0.0277156829833984 0.01983642578125
-0.0169525146484375 0.171066284179688 -0.0328903198242188 0.0686111450195313
0.0792694091796875 0.143508911132813 0.0433807373046875 0.111099243164063
0.11761474609375 0.108489990234375 0.11566162109375 0.0912094116210938
0.0934295654296875 0.106582641601562 0.123908996582031 0.05517578125
0.10546875 0.104942321777344 0.127983093261719 0.0543899536132813
0.06494140625 0.111412048339844 0.104835510253906 0.0464401245117188
0.0135726928710937 0.128982543945313 0.0669708251953125 0.0128707885742188
-0.0423583984375 0.122650146484375 0.0763397216796875 -0.0143661499023437
-0.134162902832031 0.0639266967773438 0.124679565429687 -0.0357131958007812
-0.168563842773438 0.01312255859375 0.205963134765625 -0.0481719970703125
-0.145843505859375 -0.0554656982421875 0.3319091796875 0.0185546875
-0.26104736328125 -0.0659027099609375 0.0519027709960937 -0.109420776367187
-0.2728271484375 0.00599670410156244 0.0413742065429687 -0.0779647827148438
-0.272018432617188 0.111114501953125 -0.0133094787597656 -0.0618858337402344
-0.150588989257813 0.206558227539063 -0.0333099365234375 -0.0192241668701172
-0.0457305908203125 0.217697143554687 -0.0536117553710938 0.0236015319824219
0.086029052734375 0.196258544921875 0.00505828857421876 0.0690689086914063
0.145339965820312 0.147567749023438 0.0633544921875 0.0532264709472656
0.125404357910156 0.138572692871094 0.0738525390625 0.0177764892578125
0.151199340820313 0.1348876953125 0.0831985473632813 0.0173721313476563
0.107955932617188 0.146270751953125 0.0718231201171875 0.00343322753906251
0.0449676513671875 0.184097290039063 0.0380592346191406 -0.022979736328125
-0.0270843505859375 0.189727783203125 0.0588569641113281 -0.0495986938476562
-0.167434692382813 0.13323974609375 0.112892150878906 -0.0701980590820312
-0.224868774414062 0.07757568359375 0.1832275390625 -0.0645599365234375
-0.221786499023438 -0.01519775390625 0.2830810546875 -0.009124755859375
-0.28802490234375 -0.02825927734375 -0.0253143310546875 -0.127662658691406
-0.288299560546875 0.0257568359375001 -0.000221252441406268 -0.0814743041992188
-0.28662109375 0.123016357421875 -0.01519775390625 -0.0775070190429687
-0.16729736328125 0.218978881835938 -0.0343246459960938 -0.0578231811523437
-0.0618743896484375 0.232940673828125 -0.0642204284667969 -0.0278358459472656
0.0828704833984375 0.217864990234375 -0.0300140380859375 0.0126419067382813
0.151535034179688 0.163101196289063 0.00404095649719239 0.00363206863403321
0.139480590820313 0.150772094726563 0.0127048492431641 -0.0230255126953125
0.174575805664063 0.145828247070313 0.0224285125732422 -0.0194339752197266
0.134689331054688 0.16082763671875 0.0221748352050781 -0.0382232666015625
0.06915283203125 0.214019775390625 -0.00220108032226562 -0.0545005798339844
-0.0102996826171875 0.229354858398438 0.0305862426757813 -0.0761566162109375
-0.177459716796875 0.182144165039063 0.087554931640625 -0.0877456665039062
-0.24822998046875 0.12823486328125 0.138519287109375 -0.0592117309570312
-0.262863159179688 0.0269012451171875 0.202682495117187 -0.020050048828125
-0.273635864257813 0.0191802978515625 -0.112327575683594 -0.1368408203125
-0.2587890625 0.0571441650390625 -0.0520401000976563 -0.0796966552734375
-0.246688842773437 0.13128662109375 -0.0237808227539063 -0.0857696533203125
-0.141403198242188 0.203887939453125 -0.0372390747070313 -0.0902786254882812
-0.0550537109375 0.211685180664063 -0.068450927734375 -0.0743637084960937
0.0762939453125 0.2008056640625 -0.0612297058105469 -0.0471878051757812
0.139404296875 0.15057373046875 -0.0560874938964844 -0.0479507446289062
0.131378173828125 0.139457702636719 -0.0520553588867188 -0.0602035522460937
0.168228149414063 0.136764526367188 -0.0436668395996094 -0.0531806945800781
0.132980346679688 0.151779174804688 -0.0341567993164062 -0.0739593505859375
0.07080078125 0.207977294921875 -0.0438079833984375 -0.0785140991210937
-0.00212097167968749 0.224411010742188 -1.52587890625024E-05 -0.0909576416015625
-0.16229248046875 0.1888427734375 0.0569915771484375 -0.0849075317382813
-0.2301025390625 0.14630126953125 0.0808258056640625 -0.0325164794921875
-0.259811401367188 0.0569915771484375 0.103614807128906 -0.0157241821289062
-0.219161987304688 0.0659637451171875 -0.197433471679688 -0.129180908203125
-0.190719604492188 0.087860107421875 -0.104904174804688 -0.0693588256835938
-0.161178588867188 0.1263427734375 -0.0405807495117188 -0.0829696655273437
-0.0834808349609375 0.160110473632813 -0.0472564697265625 -0.10516357421875
-0.0289306640625 0.156967163085938 -0.0704727172851562 -0.101463317871094
0.065704345703125 0.1488037109375 -0.086212158203125 -0.09320068359375
0.108940124511719 0.111900329589844 -0.110038757324219 -0.0894241333007812
0.104415893554688 0.105491638183594 -0.10986328125 -0.0884017944335937
0.131095886230469 0.107452392578125 -0.102569580078125 -0.0814132690429687
0.099761962890625 0.119720458984375 -0.080474853515625 -0.102409362792969
0.047698974609375 0.162643432617187 -0.0712432861328125 -0.0960159301757813
-0.00622558593750001 0.170196533203125 -0.02142333984375 -0.09490966796875
-0.122467041015625 0.1463623046875 0.03057861328125 -0.068817138671875
-0.171279907226563 0.129318237304688 0.0229473114013672 0.00186347961425782
-0.209381103515625 0.0737152099609375 0.00321650505065917 -0.0010387897491455
-0.132392883300781 0.0984878540039063 -0.267715454101563 -0.102981567382812
-0.100883483886719 0.0987472534179688 -0.152328491210938 -0.048004150390625
-0.0602645874023438 0.100624084472656 -0.0629119873046875 -0.0663185119628906
-0.0200881958007812 0.0951156616210937 -0.0633468627929687 -0.0951309204101563
0.000839233398437508 0.0844039916992188 -0.0717544555664063 -0.102447509765625
0.0503692626953125 0.0768661499023438 -0.10491943359375 -0.114303588867188
0.0641441345214844 0.0548629760742188 -0.150146484375 -0.110992431640625
0.0603675842285156 0.0547981262207031 -0.151336669921875 -0.10302734375
0.071197509765625 0.061004638671875 -0.142913818359375 -0.10357666015625
0.0469436645507813 0.0690383911132812 -0.104705810546875 -0.122566223144531
0.0126724243164062 0.0881729125976563 -0.0745620727539063 -0.106437683105469
-0.0120620727539062 0.0808944702148437 -0.0255355834960938 -0.0907135009765625
-0.057647705078125 0.072357177734375 0.0142822265625 -0.0466270446777344
-0.0789031982421875 0.08837890625 -0.0243606567382813 0.0315055847167969
-0.121536254882813 0.0800018310546875 -0.0800399780273438 0.0163803100585938
-0.0262832641601563 0.106536865234375 -0.315948486328125 -0.0662841796875
-0.00962829589843749 0.0843353271484375 -0.190338134765625 -0.01751708984375
0.0268707275390625 0.0539512634277344 -0.0853652954101563 -0.0350875854492188
0.0273704528808594 0.0223941802978516 -0.0779800415039063 -0.065521240234375
0.0200386047363281 0.00951957702636719 -0.070220947265625 -0.0832061767578125
0.0224838256835938 0.00155830383300781 -0.114273071289063 -0.111167907714844
0.00863981246948242 -0.00722789764404297 -0.169647216796875 -0.109329223632813
0.00705671310424805 -0.00449180603027344 -0.169815063476563 -0.101852416992187
0.00303864479064941 0.00339078903198242 -0.155715942382812 -0.114715576171875
-0.00730133056640625 0.00330114364624024 -0.1026611328125 -0.131881713867188
-0.0145254135131836 -0.00204944610595703 -0.054473876953125 -0.107490539550781
-0.00230789184570313 -0.0180072784423828 -0.0145492553710937 -0.0790481567382813
0.0285377502441406 -0.00107955932617188 0.00747871398925782 -0.0226898193359375
0.0329971313476563 0.0480461120605469 -0.0539970397949219 0.0509376525878906
-0.0120315551757812 0.0816650390625 -0.131309509277344 0.0354995727539063
-0.108955383300781 -0.103767395019531 0.14453125 -0.068572998046875
-0.139572143554688 -0.00528717041015627 0.0858688354492188 -0.0646820068359375
-0.122695922851563 0.0723724365234375 -0.0137710571289063 -0.0148239135742187
-0.0440521240234375 0.112899780273438 -0.012176513671875 0.0578269958496094
0.0167922973632812 0.102958679199219 0.00145721435546874 0.103103637695312
0.06451416015625 0.066802978515625 0.0829925537109375 0.132637023925781
0.0758895874023438 0.04656982421875 0.15606689453125 0.11517333984375
0.0532188415527344 0.0524101257324219 0.158798217773438 0.090667724609375
0.0547332763671875 0.0510711669921875 0.156234741210938 0.0938262939453125
0.0296363830566406 0.0581855773925781 0.117332458496094 0.0912933349609375
-0.000255584716796868 0.0677833557128906 0.0775985717773438 0.0499420166015625
-0.0433120727539063 0.0621376037597656 0.0825347900390625 0.0224609375
-0.0926589965820313 0.00683593749999998 0.125480651855469 0.0058746337890625
-0.101913452148438 -0.038970947265625 0.213027954101563 -0.013519287109375
-0.058380126953125 -0.0886611938476563 0.35870361328125 0.0633544921875
-0.207199096679688 -0.0856933593749999 0.118858337402344 -0.0801773071289063
-0.220260620117188 0.00189208984375001 0.0766983032226562 -0.0680999755859375
-0.209915161132812 0.101593017578125 -0.0134544372558594 -0.03662109375
-0.0994873046875 0.171844482421875 -0.0273380279541016 0.0235710144042969
-0.0127105712890625 0.1722412109375 -0.0340576171875 0.07513427734375
0.084381103515625 0.140594482421875 0.04473876953125 0.118057250976563
0.122749328613281 0.105094909667969 0.118522644042969 0.0983047485351563
0.09906005859375 0.106536865234375 0.125106811523438 0.061553955078125
0.112136840820313 0.103927612304688 0.129234313964844 0.0609970092773438
0.06964111328125 0.113510131835938 0.102005004882813 0.0516357421875
0.0166473388671875 0.135215759277344 0.0622901916503906 0.014862060546875
-0.0444564819335938 0.131210327148438 0.0745391845703125 -0.0161056518554687
-0.144058227539063 0.0705413818359375 0.126373291015625 -0.0382843017578125
-0.179611206054687 0.018157958984375 0.212387084960938 -0.0489349365234375
-0.159072875976563 -0.0557708740234375 0.338470458984375 0.0211181640625
-0.273696899414063 -0.068084716796875 0.0561904907226562 -0.100730895996094
-0.2783203125 0.00662231445312495 0.0465850830078125 -0.072296142578125
-0.2784423828125 0.1156005859375 -0.0141792297363281 -0.0578269958496094
-0.151077270507813 0.211456298828125 -0.0343284606933594 -0.0147819519042969
-0.044952392578125 0.2220458984375 -0.0562324523925781 0.029937744140625
0.08966064453125 0.196731567382812 0.0054779052734375 0.0764923095703125
0.150054931640625 0.148162841796875 0.0645828247070313 0.0596809387207031
0.130645751953125 0.142379760742188 0.0729598999023438 0.0232009887695313
0.157760620117188 0.136566162109375 0.0826034545898438 0.0233535766601563
0.111785888671875 0.150405883789063 0.0675735473632812 0.00803756713867188
0.046844482421875 0.191314697265625 0.0328445434570313 -0.0205745697021484
-0.0298614501953125 0.198333740234375 0.054656982421875 -0.0506248474121094
-0.1788330078125 0.139923095703125 0.11175537109375 -0.07257080078125
-0.237091064453125 0.0815582275390625 0.185943603515625 -0.065673828125
-0.23681640625 -0.01788330078125 0.28424072265625 -0.00750732421875
-0.30096435546875 -0.03350830078125 -0.0259246826171875 -0.12030029296875
-0.29620361328125 0.02386474609375 -0.000366210937500019 -0.0754776000976563
-0.297027587890625 0.125213623046875 -0.017913818359375 -0.0732040405273437
-0.171859741210937 0.223831176757813 -0.0368461608886719 -0.0533103942871094
-0.065704345703125 0.239730834960937 -0.0674095153808594 -0.0219230651855469
0.0840301513671875 0.22216796875 -0.03033447265625 0.0188751220703125
0.15582275390625 0.167861938476563 0.00351524353027345 0.00864839553833009
0.143173217773438 0.157150268554688 0.00996780395507814 -0.0189151763916015
0.180587768554688 0.149703979492188 0.0205974578857422 -0.0148601531982422
0.137969970703125 0.166168212890625 0.0174713134765625 -0.0345420837402344
0.06988525390625 0.22119140625 -0.00772476196289062 -0.0519142150878906
-0.0135040283203125 0.237594604492187 0.025177001953125 -0.075958251953125
-0.18817138671875 0.187896728515625 0.08380126953125 -0.0892181396484375
-0.260116577148438 0.131195068359375 0.137588500976562 -0.0592880249023437
-0.277389526367187 0.0222625732421876 0.198837280273437 -0.0193939208984375
-0.284515380859375 0.011505126953125 -0.118850708007813 -0.131523132324219
-0.267776489257813 0.0522613525390625 -0.0566940307617188 -0.0751419067382813
-0.259078979492187 0.131057739257813 -0.0288314819335938 -0.0819015502929687
-0.148849487304688 0.2080078125 -0.0407333374023438 -0.0853805541992187
-0.061553955078125 0.218338012695313 -0.071380615234375 -0.0702362060546875
0.0745697021484375 0.207550048828125 -0.062164306640625 -0.0433158874511719
0.14215087890625 0.15765380859375 -0.0587120056152344 -0.0453567504882812
0.133880615234375 0.147125244140625 -0.0560111999511719 -0.0582008361816406
0.172210693359375 0.142440795898437 -0.0462532043457031 -0.0499954223632812
0.133651733398438 0.158355712890625 -0.0391159057617188 -0.0711212158203125
0.0701904296875 0.214630126953125 -0.049163818359375 -0.0762710571289062
-0.00608825683593749 0.230972290039063 -0.00565338134765625 -0.0901947021484375
-0.17205810546875 0.1925048828125 0.0519256591796875 -0.0862960815429687
-0.240066528320313 0.147201538085938 0.0771560668945312 -0.0316009521484375
-0.27130126953125 0.0514984130859375 0.0964202880859375 -0.0155715942382812
-0.226043701171875 0.0579681396484375 -0.208145141601563 -0.12677001953125
-0.197357177734375 0.0812530517578125 -0.113693237304688 -0.06634521484375
-0.171142578125 0.122772216796875 -0.0464324951171875 -0.0791168212890625
-0.0918731689453125 0.160934448242188 -0.0509567260742188 -0.100814819335937
-0.036376953125 0.162384033203125 -0.072479248046875 -0.0994873046875
0.0620880126953125 0.155731201171875 -0.0875244140625 -0.0926895141601562
0.108757019042969 0.119865417480469 -0.113784790039062 -0.089447021484375
0.104148864746094 0.113319396972656 -0.114776611328125 -0.0881805419921875
0.132293701171875 0.114112854003906 -0.106910705566406 -0.0806121826171875
0.0983505249023438 0.126777648925781 -0.0849151611328125 -0.101112365722656
0.044342041015625 0.168853759765625 -0.0755767822265625 -0.094268798828125
-0.0122833251953125 0.174346923828125 -0.026580810546875 -0.0943222045898437
-0.131134033203125 0.1456298828125 0.0253486633300781 -0.0698509216308594
-0.178390502929688 0.125823974609375 0.0165491104125976 0.00319766998291016
-0.217849731445313 0.0670318603515625 -0.00696563720703126 -0.00209856033325195
-0.134002685546875 0.0916976928710937 -0.281158447265625 -0.102874755859375
-0.103019714355469 0.0932540893554687 -0.163970947265625 -0.045989990234375
-0.0660400390625 0.0947418212890625 -0.0694541931152344 -0.0629768371582031
-0.0263671875 0.0936660766601563 -0.0667037963867187 -0.0922698974609375
-0.0056304931640625 0.0864791870117188 -0.0715866088867188 -0.102569580078125
0.0436325073242188 0.0824661254882813 -0.106025695800781 -0.11651611328125
0.0617828369140625 0.0622138977050781 -0.154510498046875 -0.11370849609375
0.05810546875 0.0617561340332031 -0.156570434570313 -0.104934692382812
0.0699653625488281 0.0685958862304688 -0.147964477539062 -0.104736328125
0.0435791015625 0.0753555297851563 -0.108306884765625 -0.123565673828125
0.00676727294921875 0.0926666259765625 -0.0774383544921875 -0.105979919433594
-0.0189666748046875 0.0830917358398438 -0.030059814453125 -0.0907211303710938
-0.0651054382324219 0.0679664611816406 0.00868988037109375 -0.0477066040039062
-0.0836181640625 0.0818099975585938 -0.0317668914794922 0.0317840576171875
-0.124626159667969 0.0720291137695312 -0.0917587280273438 0.0142974853515625
-0.0220108032226562 0.101112365722656 -0.32891845703125 -0.067413330078125
-0.00662994384765626 0.079498291015625 -0.202590942382813 -0.0159759521484375
0.0273704528808594 0.0469741821289063 -0.091217041015625 -0.0313644409179688
0.0243320465087891 0.0177783966064453 -0.0792312622070313 -0.062591552734375
0.0148715972900391 0.00718975067138672 -0.0681076049804688 -0.0846023559570313
0.0160808563232422 0.00410652160644531 -0.114852905273438 -0.116096496582031
0.00349736213684082 -0.00155425071716309 -0.1739501953125 -0.114303588867188
0.00300097465515137 0.000318765640258789 -0.174530029296875 -0.105606079101563
-0.000937461853027343 0.0105600357055664 -0.160125732421875 -0.117767333984375
-0.0120782852172852 0.00927066802978516 -0.104972839355469 -0.134979248046875
-0.0218009948730469 0.00150871276855469 -0.0559463500976563 -0.108627319335938
-0.00952529907226563 -0.0183296203613281 -0.0173110961914062 -0.0800094604492188
0.0232868194580078 -0.00792884826660156 0.00288772583007813 -0.0248317718505859
0.030975341796875 0.0393447875976563 -0.0614166259765625 0.0496749877929688
-0.0103759765625 0.0741195678710938 -0.14239501953125 0.0312347412109375
-0.119224548339844 -0.099761962890625 0.159896850585937 -0.0680694580078125
-0.139923095703125 0.000442504882812474 0.0976028442382812 -0.0670318603515625
-0.120887756347656 0.08013916015625 -0.012730598449707 -0.0129880905151367
-0.0374374389648437 0.116783142089844 -0.0101890563964844 0.0604057312011719
0.0243301391601562 0.103302001953125 0.00322723388671874 0.109535217285156
0.070831298828125 0.0609512329101563 0.088043212890625 0.139625549316406
0.0811233520507812 0.0405349731445312 0.165847778320313 0.121170043945313
0.0579719543457031 0.0500106811523438 0.167282104492188 0.0970458984375
0.0610771179199219 0.0475578308105469 0.16510009765625 0.10040283203125
0.0349922180175781 0.0581283569335938 0.120445251464844 0.098297119140625
0.00542449951171875 0.072021484375 0.0771484375 0.05352783203125
-0.0420341491699219 0.0702743530273437 0.084136962890625 0.0214385986328125
-0.0993881225585937 0.0151596069335937 0.133209228515625 0.00226593017578125
-0.11041259765625 -0.031768798828125 0.227569580078125 -0.018218994140625
-0.0686492919921875 -0.0870437622070313 0.37811279296875 0.06280517578125
-0.22198486328125 -0.0835723876953125 0.130813598632813 -0.07733154296875
-0.226211547851563 0.00744628906249998 0.0869827270507812 -0.0679168701171875
-0.214614868164063 0.111053466796875 -0.0128345489501953 -0.0348644256591797
-0.0962677001953125 0.179458618164063 -0.0271511077880859 0.0268344879150391
-0.007720947265625 0.177413940429688 -0.0350341796875 0.0825119018554688
0.0919647216796875 0.14013671875 0.0487594604492187 0.126419067382813
0.131309509277344 0.103271484375 0.126541137695313 0.105453491210938
0.107101440429688 0.108177185058594 0.130897521972656 0.0683822631835938
0.12127685546875 0.103561401367188 0.135498046875 0.0674514770507813
0.0769729614257813 0.117874145507813 0.102836608886719 0.0578079223632813
0.0225067138671875 0.143463134765625 0.0606346130371094 0.0176467895507813
-0.044677734375 0.143218994140625 0.0738143920898438 -0.0173568725585937
-0.155288696289063 0.0815582275390625 0.130828857421875 -0.0424270629882812
-0.193313598632813 0.0267181396484375 0.224349975585938 -0.05364990234375
-0.175872802734375 -0.0542449951171875 0.35247802734375 0.020172119140625
-0.293731689453125 -0.06781005859375 0.0627059936523437 -0.0963821411132813
-0.289764404296875 0.0111694335937499 0.0533027648925781 -0.0700759887695313
-0.289520263671875 0.126129150390625 -0.0152511596679688 -0.055511474609375
-0.152618408203125 0.2215576171875 -0.0357513427734375 -0.0105247497558594
-0.043609619140625 0.232315063476563 -0.0587501525878906 0.0377349853515625
0.0965576171875 0.201522827148438 0.00828552246093749 0.085357666015625
0.160385131835938 0.150375366210938 0.0690536499023438 0.066650390625
0.139373779296875 0.147216796875 0.0754470825195313 0.0284805297851563
0.1697998046875 0.139175415039063 0.0858306884765625 0.0286788940429688
0.12054443359375 0.15643310546875 0.0665206909179688 0.0129852294921875
0.0532684326171875 0.20147705078125 0.0288906097412109 -0.0181903839111328
-0.03082275390625 0.212448120117187 0.0520553588867188 -0.0517234802246094
-0.191757202148437 0.153076171875 0.112770080566406 -0.0769882202148437
-0.253387451171875 0.092132568359375 0.192977905273437 -0.0700531005859375
-0.257919311523438 -0.0156707763671875 0.293121337890625 -0.00933837890625
-0.321685791015625 -0.03546142578125 -0.0266876220703125 -0.116844177246094
-0.311492919921875 0.0257568359375001 0.000968933105468725 -0.0723724365234375
-0.314239501953125 0.13470458984375 -0.0206832885742188 -0.0707473754882812
-0.178085327148437 0.236099243164063 -0.0395393371582031 -0.0497779846191406
-0.0672607421875 0.253433227539063 -0.0715866088867188 -0.0155105590820312
0.089752197265625 0.231155395507813 -0.0297775268554687 0.0255527496337891
0.165847778320313 0.17376708984375 0.00414657592773438 0.0140962600708008
0.152450561523438 0.1650390625 0.00853824615478516 -0.0151872634887695
0.192047119140625 0.15545654296875 0.0207920074462891 -0.0109043121337891
0.145477294921875 0.173965454101563 0.0137290954589844 -0.0310516357421875
0.0747222900390625 0.23291015625 -0.012969970703125 -0.0499267578125
-0.0139923095703125 0.252090454101563 0.0206222534179688 -0.0771865844726562
-0.201400756835938 0.20172119140625 0.0816268920898437 -0.09320068359375
-0.27557373046875 0.141586303710938 0.140052795410156 -0.0618515014648437
-0.299041748046875 0.023834228515625 0.200576782226562 -0.020477294921875
-0.303253173828125 0.00765991210937504 -0.127944946289063 -0.128181457519531
-0.283477783203125 0.05224609375 -0.061737060546875 -0.0713119506835937
-0.276138305664063 0.137847900390625 -0.0336761474609375 -0.0791854858398437
-0.15789794921875 0.21881103515625 -0.0448150634765625 -0.0827102661132812
-0.0662078857421875 0.232208251953125 -0.0755081176757813 -0.0667648315429688
0.078033447265625 0.218948364257813 -0.0637054443359375 -0.0401954650878906
0.149917602539063 0.166778564453125 -0.0620574951171875 -0.0430870056152344
0.141586303710937 0.1571044921875 -0.0611763000488281 -0.0566368103027344
0.182281494140625 0.14898681640625 -0.0506973266601562 -0.047821044921875
0.140029907226563 0.16668701171875 -0.0442466735839844 -0.0689697265625
0.0731048583984375 0.225341796875 -0.0555419921875 -0.0744400024414062
-0.00762939453125001 0.243209838867187 -0.0122833251953125 -0.0911102294921875
-0.183761596679687 0.202911376953125 0.0479202270507812 -0.0888595581054687
-0.2540283203125 0.155120849609375 0.0754318237304687 -0.0315628051757812
-0.29071044921875 0.05157470703125 0.0910568237304687 -0.0156326293945312
-0.238861083984375 0.0544891357421875 -0.22369384765625 -0.12457275390625
-0.209213256835938 0.07989501953125 -0.124763488769531 -0.0626449584960938
-0.185806274414063 0.12677001953125 -0.0534133911132813 -0.0766677856445312
-0.100509643554688 0.16839599609375 -0.0557708740234375 -0.0989227294921875
-0.0425872802734375 0.173263549804688 -0.076202392578125 -0.098907470703125
0.062774658203125 0.166900634765625 -0.0908660888671875 -0.0929946899414062
0.114181518554688 0.129646301269531 -0.120574951171875 -0.0903167724609375
0.109603881835938 0.123077392578125 -0.123191833496094 -0.0892715454101562
0.139251708984375 0.122787475585938 -0.1141357421875 -0.0801849365234375
0.101882934570313 0.135734558105469 -0.0919723510742187 -0.101043701171875
0.044677734375 0.178390502929688 -0.0821075439453125 -0.0933761596679688
-0.0161285400390625 0.184051513671875 -0.0328369140625 -0.0946578979492187
-0.141632080078125 0.151168823242187 0.0195236206054687 -0.0714035034179687
-0.189422607421875 0.128677368164062 0.0115594863891601 0.00554943084716798
-0.231842041015625 0.0647277832031251 -0.017338752746582 -0.00145435333251953
-0.138389587402344 0.0884475708007812 -0.30108642578125 -0.101318359375
-0.108589172363281 0.0908126831054688 -0.178848266601563 -0.0426025390625
-0.07373046875 0.093658447265625 -0.0773696899414063 -0.0600967407226562
-0.0329208374023438 0.0960235595703125 -0.0711746215820313 -0.0901107788085937
-0.0122146606445313 0.0922012329101563 -0.0742263793945313 -0.104537963867187
0.0414810180664062 0.0905532836914063 -0.11029052734375 -0.120658874511719
0.0627517700195313 0.0709609985351563 -0.163604736328125 -0.116867065429688
0.0599288940429688 0.0706405639648438 -0.16650390625 -0.107513427734375
0.0725326538085938 0.0771255493164063 -0.156600952148438 -0.1060791015625
0.0430526733398438 0.08380126953125 -0.115501403808594 -0.12615966796875
0.003326416015625 0.1004638671875 -0.082794189453125 -0.107284545898437
-0.0254974365234375 0.08782958984375 -0.0357131958007812 -0.0917816162109375
-0.0736541748046875 0.0673980712890625 0.00342178344726562 -0.0492630004882812
-0.0904922485351563 0.0789718627929687 -0.0391807556152344 0.0349311828613281
-0.132072448730469 0.06817626953125 -0.105255126953125 0.0147018432617188
-0.01904296875 0.0983505249023438 -0.350189208984375 -0.06561279296875
-0.00503540039062499 0.0768051147460938 -0.218460083007813 -0.0116729736328125
0.0271530151367187 0.0421371459960938 -0.0980911254882813 -0.0275192260742188
0.0205669403076172 0.0148868560791016 -0.0824127197265625 -0.0603866577148438
0.0104255676269531 0.00707721710205078 -0.0686569213867187 -0.0880584716796875
0.011347770690918 0.00832176208496094 -0.119384765625 -0.1221923828125
0.000684261322021484 0.00532007217407227 -0.18408203125 -0.119644165039063
0.000489234924316406 0.00657510757446289 -0.183807373046875 -0.109970092773438
-0.003143310546875 0.0182380676269531 -0.169906616210938 -0.122024536132813
-0.0158672332763672 0.016387939453125 -0.111343383789062 -0.139747619628906
-0.0285835266113281 0.00644493103027344 -0.0600128173828125 -0.11212158203125
-0.0169954299926758 -0.0174055099487305 -0.0213088989257812 -0.081787109375
0.0175695419311523 -0.0139026641845703 -0.00189590454101562 -0.0264244079589844
0.0288734436035156 0.0318927764892578 -0.0702476501464844 0.0518684387207031
-0.0101432800292969 0.0682334899902344 -0.157150268554688 0.03106689453125
-0.131797790527344 -0.0934219360351563 0.175689697265625 -0.0742340087890625
-0.141265869140625 0.00827026367187497 0.108055114746094 -0.0746383666992188
-0.117401123046875 0.0900955200195312 -0.0113124847412109 -0.0116682052612305
-0.0290145874023437 0.121696472167969 -0.00597000122070312 0.0631599426269531
0.0339279174804688 0.102981567382813 0.00765228271484374 0.116180419921875
0.0778884887695312 0.0541152954101562 0.0980987548828125 0.145477294921875
0.0861434936523438 0.0331573486328125 0.180038452148437 0.1234130859375
0.0644950866699219 0.0460472106933594 0.1805419921875 0.09930419921875
0.0678215026855469 0.0424308776855469 0.178878784179688 0.103713989257812
0.0418930053710938 0.0578422546386719 0.127899169921875 0.103775024414062
0.0127029418945312 0.0758743286132813 0.0789413452148438 0.0556411743164063
-0.038726806640625 0.0794525146484375 0.08734130859375 0.0181961059570313
-0.105049133300781 0.0264968872070313 0.141357421875 -0.004547119140625
-0.11907958984375 -0.0214157104492188 0.242568969726563 -0.0299835205078125
-0.0806503295898438 -0.0829544067382813 0.403228759765625 0.05279541015625
-0.241104125976563 -0.075408935546875 0.142807006835937 -0.0804901123046875
-0.233978271484375 0.017364501953125 0.09619140625 -0.072418212890625
-0.217803955078125 0.126190185546875 -0.0127162933349609 -0.0333385467529297
-0.0905914306640625 0.190399169921875 -0.0256137847900391 0.0311641693115235
0.00112915039062499 0.184661865234375 -0.0325164794921875 0.0918197631835938
0.102378845214844 0.137916564941406 0.0571517944335938 0.134384155273438
0.142288208007813 0.098480224609375 0.138557434082031 0.109687805175781
0.1180419921875 0.106765747070313 0.141143798828125 0.0716400146484375
0.133735656738281 0.100837707519531 0.14642333984375 0.0710296630859375
0.0878143310546875 0.119712829589844 0.108016967773438 0.0624923706054688
0.0319976806640625 0.152023315429688 0.0600929260253906 0.0198402404785156
-0.041046142578125 0.1572265625 0.07403564453125 -0.019927978515625
-0.16387939453125 0.098388671875 0.135658264160156 -0.0506515502929687
-0.206253051757813 0.04241943359375 0.236190795898438 -0.06573486328125
-0.194839477539063 -0.0474700927734375 0.3719482421875 0.010833740234375
-0.317474365234375 -0.06036376953125 0.0682373046875 -0.0966262817382813
-0.304656982421875 0.02154541015625 0.059661865234375 -0.0718307495117188
-0.299652099609375 0.144775390625 -0.0168914794921875 -0.0538330078125
-0.1505126953125 0.237564086914063 -0.0372161865234375 -0.00593566894531248
-0.03643798828125 0.246017456054688 -0.0600814819335937 0.0477561950683594
0.109634399414062 0.20489501953125 0.0140151977539063 0.0938568115234375
0.174880981445313 0.15008544921875 0.0770416259765625 0.0718994140625
0.154495239257813 0.149261474609375 0.0801467895507813 0.03216552734375
0.185684204101563 0.1385498046875 0.0919418334960938 0.0319061279296875
0.133575439453125 0.160507202148438 0.0679512023925781 0.0170059204101563
0.0653533935546875 0.212661743164063 0.0259056091308594 -0.0157394409179687
-0.0254364013671875 0.229248046875 0.0493927001953125 -0.054473876953125
-0.200775146484375 0.174163818359375 0.112983703613281 -0.0842132568359375
-0.268035888671875 0.111465454101563 0.201080322265625 -0.079864501953125
-0.280899047851563 -0.00640869140624999 0.305023193359375 -0.017242431640625
-0.34649658203125 -0.028411865234375 -0.0296554565429688 -0.113273620605469
-0.3297119140625 0.035552978515625 0.00173950195312499 -0.0709381103515625
-0.33038330078125 0.154815673828125 -0.0255317687988281 -0.0686988830566406
-0.179367065429688 0.254837036132813 -0.0433616638183594 -0.04534912109375
-0.0637664794921875 0.271270751953125 -0.0749664306640625 -0.00727844238281248
0.10205078125 0.239730834960937 -0.0272388458251953 0.0327644348144531
0.182357788085938 0.177001953125 0.00662994384765626 0.0186271667480469
0.167526245117187 0.170379638671875 0.00729465484619142 -0.0118722915649414
0.209503173828125 0.156448364257812 0.0211811065673828 -0.00806427001953124
0.160446166992188 0.179412841796875 0.0111103057861328 -0.0274143218994141
0.0879364013671875 0.244842529296875 -0.0187301635742187 -0.0470504760742187
-0.00679016113281247 0.269851684570313 0.01470947265625 -0.078857421875
-0.209640502929688 0.223983764648438 0.078521728515625 -0.0984115600585937
-0.28900146484375 0.161346435546875 0.14251708984375 -0.06817626953125
-0.32305908203125 0.0338745117187501 0.204483032226562 -0.024932861328125
-0.325347900390625 0.013916015625 -0.139694213867188 -0.122665405273438
-0.301177978515625 0.060760498046875 -0.0677108764648438 -0.0671310424804688
-0.29345703125 0.15582275390625 -0.040496826171875 -0.0765380859375
-0.162567138671875 0.237228393554687 -0.0504608154296875 -0.079345703125
-0.0655670166015625 0.251251220703125 -0.0814743041992188 -0.0620193481445312
0.0885467529296875 0.230636596679688 -0.0656471252441406 -0.0362396240234375
0.16485595703125 0.172500610351563 -0.0662498474121094 -0.0397109985351562
0.15582275390625 0.163406372070312 -0.0684165954589844 -0.0533943176269531
0.198272705078125 0.152114868164062 -0.0555496215820312 -0.0450897216796875
0.15301513671875 0.17236328125 -0.05096435546875 -0.0665931701660156
0.083953857421875 0.2376708984375 -0.0632553100585937 -0.0713348388671875
-0.0020904541015625 0.258941650390625 -0.0190582275390625 -0.0910873413085937
-0.191665649414063 0.2220458984375 0.0421524047851562 -0.09161376953125
-0.2659912109375 0.171951293945313 0.0746994018554687 -0.0324935913085937
-0.312469482421875 0.06060791015625 0.087646484375 -0.0162429809570313
-0.254592895507813 0.0581207275390625 -0.243255615234375 -0.116226196289062
-0.22198486328125 0.08526611328125 -0.136474609375 -0.0554885864257812
-0.199264526367188 0.137847900390625 -0.0625534057617188 -0.0733184814453125
-0.105743408203125 0.181304931640625 -0.0627670288085937 -0.09552001953125
-0.0435638427734375 0.188339233398437 -0.0822219848632812 -0.0973434448242187
0.0689849853515625 0.177871704101563 -0.0961532592773438 -0.0929946899414062
0.125656127929688 0.137222290039063 -0.130859375 -0.0884170532226562
0.120063781738281 0.130668640136719 -0.134559631347656 -0.087188720703125
0.1517333984375 0.12799072265625 -0.12384033203125 -0.0776214599609375
0.110641479492187 0.143295288085937 -0.101211547851563 -0.0998458862304687
0.0505828857421875 0.189849853515625 -0.0909347534179688 -0.091217041015625
-0.01416015625 0.195877075195313 -0.0410308837890625 -0.094207763671875
-0.149734497070313 0.1634521484375 0.0131072998046875 -0.0723037719726563
-0.198745727539063 0.139205932617188 0.00783777236938475 0.00858402252197266
-0.247695922851563 0.07080078125 -0.0274486541748047 0.00202369689941407
-0.144805908203125 0.08953857421875 -0.325347900390625 -0.09173583984375
-0.113815307617187 0.0928268432617188 -0.195358276367188 -0.0327606201171875
-0.0808029174804687 0.0971603393554688 -0.0871124267578125 -0.0551605224609375
-0.037445068359375 0.101188659667969 -0.0780792236328125 -0.08697509765625
-0.014739990234375 0.0999832153320313 -0.0794296264648437 -0.105140686035156
0.043121337890625 0.098602294921875 -0.118453979492188 -0.124015808105469
0.0679931640625 0.0784759521484375 -0.17816162109375 -0.117111206054688
0.0652542114257813 0.0776443481445313 -0.181533813476563 -0.106399536132813
0.0784988403320313 0.0845870971679688 -0.17010498046875 -0.105224609375
0.0470123291015625 0.092132568359375 -0.1270751953125 -0.127128601074219
0.003021240234375 0.110023498535156 -0.0918807983398437 -0.106979370117188
-0.0288009643554687 0.0960540771484375 -0.0430068969726563 -0.0922622680664063
-0.0819931030273438 0.0707626342773438 -0.00278091430664063 -0.049102783203125
-0.0970306396484375 0.0807113647460938 -0.0455741882324219 0.04058837890625
-0.140975952148437 0.06878662109375 -0.119636535644531 0.0209121704101563
-0.0150604248046875 0.0964431762695313 -0.375396728515625 -0.054412841796875
-0.00260162353515625 0.0751953125 -0.236679077148438 0.000457763671874988
0.0263442993164063 0.0374069213867188 -0.106765747070312 -0.0207366943359375
0.0176792144775391 0.0125579833984375 -0.087982177734375 -0.0566177368164063
0.00587558746337891 0.00724315643310547 -0.0715408325195312 -0.0904388427734375
0.00822162628173828 0.0125579833984375 -0.128128051757813 -0.126602172851563
-0.000597000122070313 0.0119762420654297 -0.199554443359375 -0.12054443359375
-0.00031757354736328 0.0132856369018555 -0.199691772460937 -0.10986328125
-0.00288772583007812 0.0261268615722656 -0.1844482421875 -0.122726440429688
-0.0175228118896484 0.0242710113525391 -0.122329711914062 -0.144210815429688
-0.0336074829101563 0.0132122039794922 -0.066741943359375 -0.114364624023437
-0.0244674682617187 -0.0155410766601563 -0.0273818969726562 -0.0838623046875
0.0107192993164062 -0.0190658569335938 -0.00736808776855469 -0.0270767211914063
0.0262374877929688 0.025543212890625 -0.0784072875976563 0.0574493408203125
-0.0102996826171875 0.0636749267578125 -0.172698974609375 0.0364990234375
-0.14349365234375 -0.0814361572265625 0.18548583984375 -0.08587646484375
-0.14013671875 0.0182571411132812 0.113441467285156 -0.0856781005859375
-0.109420776367187 0.101150512695313 -0.00928211212158204 -0.0103073120117187
-0.017303466796875 0.124008178710937 -0.00089263916015625 0.0648078918457031
0.0440216064453125 0.0997314453125 0.0157089233398437 0.121177673339844
0.0828094482421875 0.0442352294921875 0.11041259765625 0.146270751953125
0.089385986328125 0.02294921875 0.195892333984375 0.119186401367188
0.0694427490234375 0.0399131774902344 0.195648193359375 0.095458984375
0.073272705078125 0.0351715087890625 0.19415283203125 0.100051879882812
0.0493965148925781 0.0543861389160156 0.138015747070312 0.104934692382813
0.0215911865234375 0.07708740234375 0.0827178955078125 0.0559616088867188
-0.0329055786132812 0.088409423828125 0.0898361206054687 0.0147018432617188
-0.106597900390625 0.0410308837890625 0.147308349609375 -0.016448974609375
-0.124992370605469 -0.00746917724609374 0.253143310546875 -0.0484466552734375
-0.0927276611328125 -0.0751190185546875 0.423614501953125 0.029052734375
-0.258056640625 -0.0580291748046875 0.151840209960937 -0.088104248046875
-0.238235473632812 0.0332794189453125 0.102325439453125 -0.0808486938476563
-0.214431762695313 0.145675659179688 -0.0127811431884766 -0.0310401916503906
-0.0778961181640625 0.1998291015625 -0.0228328704833984 0.0349407196044922
0.0150299072265625 0.188735961914063 -0.0270233154296875 0.100669860839844
0.114097595214844 0.130668640136719 0.0696487426757813 0.138114929199219
0.152999877929688 0.0890045166015625 0.15216064453125 0.1083984375
0.1298828125 0.101066589355469 0.152145385742188 0.069976806640625
0.1463623046875 0.092529296875 0.157577514648438 0.0692138671875
0.10052490234375 0.117279052734375 0.114410400390625 0.063934326171875
0.045654296875 0.156784057617187 0.0597648620605469 0.0208892822265625
-0.0316162109375 0.170257568359375 0.0731887817382813 -0.0242462158203125
-0.165725708007813 0.119064331054687 0.136871337890625 -0.0612030029296875
-0.213150024414063 0.0630950927734375 0.243011474609375 -0.083465576171875
-0.211532592773438 -0.032623291015625 0.386871337890625 -0.010101318359375
-0.33892822265625 -0.0404663085937499 0.0719528198242187 -0.0972061157226563
-0.314056396484375 0.040252685546875 0.0636672973632812 -0.0750045776367188
-0.302337646484375 0.17169189453125 -0.0195121765136719 -0.0501747131347656
-0.139877319335937 0.25384521484375 -0.0374908447265625 -0.000869750976562478
-0.0222930908203125 0.25653076171875 -0.0576019287109375 0.0587272644042969
0.124755859375 0.20263671875 0.0236129760742188 0.100143432617188
0.191131591796875 0.14202880859375 0.087005615234375 0.0733108520507813
0.170684814453125 0.145278930664063 0.0855636596679688 0.0329666137695313
0.202285766601563 0.130081176757813 0.0982894897460938 0.0317459106445313
0.15020751953125 0.158294677734375 0.0702438354492188 0.0190963745117188
0.08245849609375 0.217864990234375 0.0230503082275391 -0.0131797790527344
-0.0118560791015625 0.243515014648438 0.044921875 -0.0566177368164062
-0.200714111328125 0.199554443359375 0.110343933105469 -0.0931320190429687
-0.273193359375 0.137222290039063 0.203155517578125 -0.094268798828125
-0.299896240234375 0.012603759765625 0.312957763671875 -0.03289794921875
-0.369232177734375 -0.00949096679687494 -0.0337142944335938 -0.107635498046875
-0.342926025390625 0.0545043945312499 0.00130462646484373 -0.0692481994628906
-0.336578369140625 0.183349609375 -0.0306968688964844 -0.0636940002441406
-0.171600341796875 0.27630615234375 -0.046783447265625 -0.0390129089355469
-0.05023193359375 0.28863525390625 -0.0768814086914063 0.00300598144531253
0.120147705078125 0.242279052734375 -0.0228042602539062 0.0395164489746094
0.200653076171875 0.171554565429688 0.00986480712890626 0.0221805572509766
0.186370849609375 0.16754150390625 0.00606346130371095 -0.00871706008911132
0.228378295898437 0.148788452148438 0.0220298767089844 -0.0055713653564453
0.177993774414063 0.176895141601563 0.00873947143554689 -0.0244426727294922
0.107376098632813 0.250350952148437 -0.0246353149414062 -0.0429878234863281
0.00888061523437499 0.28350830078125 0.0078582763671875 -0.0783538818359375
-0.206527709960938 0.249542236328125 0.07281494140625 -0.103889465332031
-0.293426513671875 0.188446044921875 0.142257690429687 -0.0768280029296875
-0.342071533203125 0.055450439453125 0.20574951171875 -0.0349884033203125
-0.34405517578125 0.02996826171875 -0.150970458984375 -0.110992431640625
-0.314544677734375 0.0770263671875 -0.0738143920898438 -0.0599746704101563
-0.302276611328125 0.18096923828125 -0.0484733581542969 -0.0702743530273437
-0.158477783203125 0.257720947265625 -0.056640625 -0.0727996826171875
-0.0548553466796875 0.27001953125 -0.0863265991210938 -0.0537872314453125
0.104995727539062 0.236831665039062 -0.0661468505859375 -0.031280517578125
0.182586669921875 0.171051025390625 -0.0706710815429687 -0.034088134765625
0.173385620117188 0.1634521484375 -0.0756149291992187 -0.0478897094726562
0.21636962890625 0.14752197265625 -0.0605201721191406 -0.040008544921875
0.169876098632812 0.172561645507812 -0.0576133728027344 -0.0622444152832031
0.101882934570312 0.244140625 -0.0710983276367188 -0.0656585693359375
0.01190185546875 0.2720947265625 -0.0283889770507812 -0.0887451171875
-0.189315795898438 0.244827270507813 0.0347518920898437 -0.0936660766601562
-0.2684326171875 0.194869995117188 0.0723953247070312 -0.0352783203125
-0.327880859375 0.079803466796875 0.082672119140625 -0.017486572265625
-0.265823364257813 0.069488525390625 -0.260986328125 -0.09918212890625
-0.231033325195313 0.0968322753906251 -0.147857666015625 -0.0432891845703125
-0.205856323242187 0.154495239257813 -0.0721054077148438 -0.0655517578125
-0.104156494140625 0.196609497070313 -0.0705718994140625 -0.0891265869140625
-0.037811279296875 0.203628540039063 -0.0894393920898438 -0.0927047729492187
0.0813446044921875 0.185195922851562 -0.103019714355469 -0.0897140502929688
0.139976501464844 0.13800048828125 -0.141265869140625 -0.08197021484375
0.133804321289063 0.133689880371094 -0.147079467773438 -0.079376220703125
0.166030883789063 0.126296997070313 -0.133872985839844 -0.0707473754882813
0.12310791015625 0.14508056640625 -0.111839294433594 -0.0945510864257813
0.0622406005859375 0.197799682617188 -0.100494384765625 -0.085357666015625
-0.00669860839843751 0.20745849609375 -0.0507278442382813 -0.0909271240234375
-0.150543212890625 0.179275512695313 0.00620269775390625 -0.0715179443359375
-0.20196533203125 0.153945922851563 0.00469779968261718 0.0120868682861328
-0.259597778320313 0.0838623046875 -0.0362663269042969 0.00756454467773438
-0.14764404296875 0.0944671630859375 -0.34619140625 -0.07000732421875
-0.117042541503906 0.0976409912109375 -0.208724975585938 -0.0166473388671875
-0.0849761962890625 0.10321044921875 -0.095977783203125 -0.0457763671875
-0.0380325317382813 0.107177734375 -0.0850830078125 -0.0797653198242188
-0.0139923095703125 0.108695983886719 -0.0864105224609375 -0.103446960449219
0.0486221313476562 0.105361938476563 -0.128219604492188 -0.122550964355469
0.07684326171875 0.082489013671875 -0.192672729492188 -0.110275268554688
0.0733718872070313 0.0826339721679688 -0.196426391601563 -0.098297119140625
0.08795166015625 0.087615966796875 -0.183151245117188 -0.0978546142578125
0.0535888671875 0.0973587036132812 -0.139564514160156 -0.12298583984375
0.00757598876953124 0.118804931640625 -0.101005554199219 -0.103240966796875
-0.0291519165039063 0.104225158691406 -0.0524063110351563 -0.0895462036132813
-0.0874862670898438 0.0772857666015625 -0.0101814270019531 -0.04766845703125
-0.100830078125 0.0858535766601562 -0.0490531921386719 0.0479888916015625
-0.1474609375 0.0735626220703125 -0.131126403808594 0.0310516357421875
-0.00999450683593751 0.09344482421875 -0.396331787109375 -0.0294189453125
0.000473022460937496 0.072906494140625 -0.250076293945313 0.0186767578125
0.0253887176513672 0.0328197479248047 -0.113273620605469 -0.0103759765625
0.0145111083984375 0.010655403137207 -0.092529296875 -0.0494384765625
0.00248146057128906 0.0084986686706543 -0.076995849609375 -0.0909347534179688
0.00625514984130859 0.0175409317016602 -0.138694763183594 -0.126747131347656
0.000291824340820314 0.0182514190673828 -0.215896606445313 -0.114013671875
0.000160217285156251 0.0198497772216797 -0.215728759765625 -0.102432250976563
-0.000640869140624997 0.0337791442871094 -0.200149536132813 -0.116226196289063
-0.0165519714355469 0.0317401885986328 -0.136474609375 -0.142074584960938
-0.0364418029785156 0.0213890075683594 -0.07574462890625 -0.11444091796875
-0.0314044952392578 -0.0108280181884766 -0.0352096557617188 -0.0836410522460937
0.00272369384765625 -0.0224857330322266 -0.0136833190917969 -0.0258255004882813
0.0227756500244141 0.0196399688720703 -0.0829696655273438 0.0662612915039063
-0.01055908203125 0.0595207214355469 -0.18524169921875 0.0493927001953125
-0.148696899414063 -0.0654296875 0.18951416015625 -0.096710205078125
-0.134613037109375 0.0274429321289062 0.11407470703125 -0.0960159301757813
-0.0981903076171875 0.108230590820313 -0.00728893280029297 -0.0086379051208496
-0.00559997558593749 0.121932983398438 0.0044097900390625 0.0634231567382813
0.0529632568359375 0.0926513671875 0.0238113403320312 0.122047424316406
0.0841064453125 0.0330352783203125 0.12005615234375 0.14117431640625
0.0886459350585938 0.0129623413085938 0.206405639648438 0.108871459960938
0.0717315673828125 0.0326309204101563 0.2049560546875 0.0857086181640625
0.0748367309570313 0.0266265869140625 0.204208374023438 0.0908050537109375
0.0543556213378906 0.0491104125976562 0.145278930664063 0.101348876953125
0.0297775268554687 0.074920654296875 0.0843734741210938 0.0549545288085938
-0.0241317749023437 0.0937957763671875 0.0897216796875 0.00855255126953126
-0.102371215820313 0.0533523559570312 0.147354125976563 -0.0283355712890625
-0.124534606933594 0.00676727294921875 0.254196166992188 -0.068756103515625
-0.100296020507812 -0.0634384155273438 0.429412841796875 0.001251220703125
-0.266342163085938 -0.0372772216796875 0.154983520507812 -0.0953369140625
-0.23492431640625 0.0474853515625 0.103675842285156 -0.0885543823242187
-0.202850341796875 0.160171508789062 -0.0127391815185547 -0.0280132293701172
-0.0631256103515625 0.202743530273438 -0.0194892883300781 0.0373153686523438
0.0280914306640625 0.186538696289063 -0.0193939208984375 0.105491638183594
0.121078491210938 0.119056701660156 0.0803298950195313 0.1365966796875
0.157318115234375 0.075592041015625 0.16265869140625 0.101531982421875
0.13714599609375 0.0917205810546875 0.159194946289063 0.0640411376953125
0.15277099609375 0.0801544189453125 0.165603637695313 0.0628814697265625
0.109588623046875 0.110191345214844 0.11932373046875 0.0621414184570313
0.0587310791015625 0.15411376953125 0.0587577819824219 0.0214996337890625
-0.01910400390625 0.177047729492188 0.0700721740722656 -0.027191162109375
-0.15972900390625 0.136642456054688 0.133384704589844 -0.0712966918945312
-0.209991455078125 0.0831146240234375 0.23980712890625 -0.100723266601562
-0.220382690429687 -0.0148468017578125 0.388397216796875 -0.033233642578125
-0.348663330078125 -0.015960693359375 0.0731201171875 -0.09722900390625
-0.31378173828125 0.059661865234375 0.0642776489257813 -0.0778579711914063
-0.292816162109375 0.193206787109375 -0.0210189819335938 -0.0447311401367187
-0.123428344726563 0.262451171875 -0.0355873107910156 0.00482940673828126
-0.00508117675781249 0.260574340820312 -0.0517425537109375 0.0665855407714844
0.137344360351563 0.193084716796875 0.0326004028320313 0.10137939453125
0.200286865234375 0.128387451171875 0.0947799682617188 0.0713653564453125
0.182464599609375 0.135482788085938 0.089019775390625 0.0320358276367188
0.21240234375 0.116119384765625 0.102561950683594 0.0294189453125
0.161361694335937 0.14892578125 0.071380615234375 0.0193939208984375
0.09918212890625 0.215133666992188 0.0198535919189453 -0.0101642608642578
0.00442504882812499 0.249969482421875 0.0393295288085938 -0.05657958984375
-0.1912841796875 0.21844482421875 0.103767395019531 -0.0991897583007812
-0.26708984375 0.160079956054688 0.198287963867187 -0.106887817382812
-0.308319091796875 0.035491943359375 0.310638427734375 -0.049468994140625
-0.37896728515625 0.01409912109375 -0.035400390625 -0.100006103515625
-0.344970703125 0.075469970703125 0.00130844116210935 -0.0659446716308594
-0.3299560546875 0.20819091796875 -0.0345802307128906 -0.0565185546875
-0.156219482421875 0.2894287109375 -0.0474777221679688 -0.0313491821289062
-0.032318115234375 0.2962646484375 -0.0741806030273438 0.012603759765625
0.134841918945313 0.236114501953125 -0.0167350769042969 0.0427474975585938
0.213470458984375 0.15948486328125 0.0136184692382813 0.0244827270507813
0.199447631835938 0.1585693359375 0.00574111938476564 -0.00485706329345702
0.24029541015625 0.134658813476563 0.0224533081054688 -0.00378417968749999
0.190750122070313 0.167404174804688 0.00685119628906251 -0.0207767486572266
0.124267578125 0.246749877929688 -0.0291824340820312 -0.0369224548339844
0.026123046875 0.28839111328125 0.000747680664062501 -0.0750503540039063
-0.195755004882813 0.26873779296875 0.0650787353515625 -0.105949401855469
-0.28460693359375 0.21075439453125 0.137237548828125 -0.0840072631835938
-0.347900390625 0.0789794921874999 0.200759887695312 -0.042816162109375
-0.351654052734375 0.04949951171875 -0.156173706054688 -0.0955810546875
-0.31689453125 0.0955505371093749 -0.0765762329101563 -0.0505142211914062
-0.29901123046875 0.203277587890625 -0.0539741516113281 -0.0607757568359375
-0.145767211914063 0.270919799804688 -0.0600738525390625 -0.063232421875
-0.03948974609375 0.279815673828125 -0.0875244140625 -0.0442962646484375
0.120254516601563 0.233474731445313 -0.0653572082519531 -0.0259971618652344
0.196365356445313 0.1614990234375 -0.0716171264648438 -0.0275726318359375
0.186569213867188 0.156661987304687 -0.0799102783203125 -0.0400619506835938
0.22869873046875 0.135665893554688 -0.0628013610839844 -0.0337638854980469
0.181106567382813 0.1641845703125 -0.0626678466796875 -0.0552520751953125
0.11767578125 0.241302490234375 -0.0767288208007812 -0.0576858520507813
0.027587890625 0.276336669921875 -0.035736083984375 -0.0830001831054687
-0.179153442382813 0.260894775390625 0.02703857421875 -0.0921478271484375
-0.260284423828125 0.213821411132812 0.0683250427246094 -0.0365333557128906
-0.33306884765625 0.100311279296875 0.0772018432617187 -0.0181045532226562
-0.269485473632813 0.0818634033203125 -0.268753051757813 -0.07684326171875
-0.23309326171875 0.10845947265625 -0.152236938476563 -0.02880859375
-0.205276489257813 0.169586181640625 -0.0779190063476563 -0.0544204711914063
-0.09765625 0.206985473632813 -0.0752410888671875 -0.07904052734375
-0.0277252197265625 0.212127685546875 -0.093017578125 -0.08489990234375
0.09234619140625 0.185440063476563 -0.106483459472656 -0.0843429565429687
0.151336669921875 0.132980346679688 -0.14703369140625 -0.0725860595703125
0.144866943359375 0.12969970703125 -0.15411376953125 -0.067962646484375
0.176681518554688 0.11932373046875 -0.139564514160156 -0.0603485107421875
0.133026123046875 0.141403198242188 -0.119407653808594 -0.0862960815429688
0.0743865966796875 0.19879150390625 -0.106277465820313 -0.0767669677734375
0.0041046142578125 0.211944580078125 -0.0574722290039063 -0.0841140747070312
-0.14532470703125 0.191055297851563 -0.000896453857421891 -0.0675582885742187
-0.196792602539062 0.166534423828125 0.00343132019042968 0.015812873840332
-0.263015747070313 0.0981292724609374 -0.0422439575195313 0.0144386291503906
-0.147384643554687 0.0977783203125 -0.35357666015625 -0.044036865234375
-0.116691589355469 0.101539611816406 -0.213668823242188 0.00187683105468754
-0.0854644775390625 0.108207702636719 -0.100860595703125 -0.0335311889648437
-0.03704833984375 0.112045288085938 -0.089111328125 -0.070068359375
-0.0104827880859375 0.114006042480469 -0.0910720825195312 -0.0983810424804687
0.0544509887695312 0.107742309570312 -0.134933471679687 -0.117340087890625
0.0840072631835937 0.0824737548828125 -0.201385498046875 -0.0984344482421875
0.0797195434570313 0.0832138061523438 -0.205398559570312 -0.0850830078125
0.0958786010742188 0.0875396728515625 -0.191146850585938 -0.084991455078125
0.0600509643554688 0.0986404418945313 -0.148544311523438 -0.114120483398438
0.01409912109375 0.123512268066406 -0.107826232910156 -0.0955657958984375
-0.0262069702148437 0.110618591308594 -0.0589675903320312 -0.082733154296875
-0.08978271484375 0.0833892822265625 -0.0155906677246094 -0.0435028076171875
-0.101387023925781 0.089385986328125 -0.0499725341796875 0.0552597045898438
-0.1495361328125 0.078765869140625 -0.136856079101563 0.0431289672851562
-0.0052642822265625 0.0884017944335937 -0.4022216796875 -0.00256347656249997
0.00198745727539063 0.0692787170410156 -0.25384521484375 0.0403289794921876
0.0230674743652344 0.0285797119140625 -0.115669250488281 0.00152587890625
0.0106401443481445 0.00960254669189453 -0.09375 -0.0400848388671875
-0.000199317932128905 0.0103979110717773 -0.08056640625 -0.0881881713867188
0.0059814453125 0.0216026306152344 -0.14697265625 -0.122146606445312
0.00222969055175782 0.0234718322753906 -0.225997924804687 -0.102005004882813
0.00237846374511719 0.0249061584472656 -0.224960327148438 -0.0897369384765625
0.00321197509765625 0.0393524169921875 -0.210311889648438 -0.104019165039062
-0.0140609741210938 0.0377464294433594 -0.14605712890625 -0.135589599609375
-0.0366592407226563 0.0288658142089844 -0.0830001831054688 -0.109611511230469
-0.03594970703125 -0.00488281250000001 -0.042144775390625 -0.079498291015625
-0.00609970092773438 -0.0231380462646484 -0.0183849334716797 -0.0222148895263672
0.0176048278808594 0.0144767761230469 -0.083221435546875 0.0746612548828125
-0.0110740661621094 0.0554313659667969 -0.191009521484375 0.06304931640625
-0.148666381835938 -0.05255126953125 0.190292358398438 -0.103408813476563
-0.127944946289063 0.032135009765625 0.112274169921875 -0.102058410644531
-0.0880279541015625 0.10894775390625 -0.00476884841918946 -0.00806665420532226
0.001708984375 0.116256713867188 0.00732040405273437 0.0613517761230469
0.0571212768554688 0.0855484008789063 0.0280303955078125 0.120521545410156
0.08123779296875 0.0247879028320313 0.124298095703125 0.136337280273438
0.0844955444335937 0.0059967041015625 0.209274291992188 0.100189208984375
0.0708847045898438 0.0269546508789062 0.2081298828125 0.078643798828125
0.074188232421875 0.0199813842773438 0.207717895507813 0.0839996337890625
0.0553855895996094 0.0432662963867188 0.148330688476563 0.09881591796875
0.034515380859375 0.070953369140625 0.0839614868164063 0.054168701171875
-0.0170974731445312 0.0950698852539063 0.08782958984375 0.00541687011718751
-0.0965118408203125 0.0608901977539062 0.143997192382812 -0.036773681640625
-0.119644165039063 0.01690673828125 0.249160766601563 -0.0812225341796875
-0.103599548339844 -0.053070068359375 0.425262451171875 -0.0166015625
-0.265823364257813 -0.0207214355468749 0.157196044921875 -0.0986480712890625
-0.22821044921875 0.055999755859375 0.103729248046875 -0.0925979614257813
-0.191619873046875 0.166366577148438 -0.0113334655761719 -0.0250797271728516
-0.05255126953125 0.19940185546875 -0.0157966613769531 0.0384368896484375
0.0360565185546875 0.180801391601563 -0.0131912231445313 0.107460021972656
0.121788024902344 0.109123229980469 0.0859832763671875 0.133636474609375
0.156326293945313 0.065032958984375 0.16754150390625 0.0949859619140625
0.139320373535156 0.0833206176757812 0.161605834960938 0.0595703125
0.154159545898438 0.070709228515625 0.167800903320312 0.058563232421875
0.113716125488281 0.102531433105469 0.120407104492188 0.0614242553710938
0.0662994384765625 0.150131225585938 0.0575523376464844 0.0231513977050781
-0.00997924804687499 0.17828369140625 0.067230224609375 -0.0276565551757812
-0.151947021484375 0.1461181640625 0.128677368164063 -0.0759735107421875
-0.202713012695313 0.09521484375 0.233932495117188 -0.110549926757813
-0.221771240234375 -0.0011444091796875 0.3824462890625 -0.04693603515625
-0.3489990234375 0.000518798828124935 0.0759506225585937 -0.09539794921875
-0.30841064453125 0.070587158203125 0.0656280517578125 -0.0791778564453125
-0.281768798828125 0.20379638671875 -0.020721435546875 -0.0393905639648437
-0.1107177734375 0.26300048828125 -0.0324211120605469 0.00899696350097658
0.00538635253906249 0.257919311523437 -0.0460968017578125 0.0715789794921875
0.141555786132813 0.18341064453125 0.0389022827148438 0.100234985351563
0.202178955078125 0.116256713867188 0.0993118286132813 0.068359375
0.186004638671875 0.126480102539063 0.0904006958007813 0.0318984985351563
0.215118408203125 0.104141235351563 0.103744506835938 0.0282974243164063
0.166244506835938 0.140655517578125 0.0710906982421875 0.0210189819335938
0.107818603515625 0.209381103515625 0.0175838470458984 -0.0067615509033203
0.0152587890625 0.249801635742187 0.0358428955078125 -0.0546836853027344
-0.1815185546875 0.228317260742187 0.0981521606445312 -0.100776672363281
-0.257278442382813 0.1728515625 0.191604614257812 -0.1129150390625
-0.30902099609375 0.0506286621093749 0.303375244140625 -0.057373046875
-0.38037109375 0.0299377441406251 -0.0331344604492188 -0.0920486450195313
-0.341400146484375 0.087066650390625 0.00212097167968747 -0.0631828308105469
-0.32208251953125 0.222564697265625 -0.0351943969726563 -0.0490341186523437
-0.144683837890625 0.292877197265625 -0.0455284118652344 -0.0242767333984375
-0.020599365234375 0.296722412109375 -0.069488525390625 0.0194168090820313
0.1417236328125 0.228179931640625 -0.0115013122558594 0.0435714721679688
0.217422485351563 0.14837646484375 0.0167465209960938 0.0257358551025391
0.204910278320312 0.150390625 0.00552368164062501 -0.00139236450195312
0.24420166015625 0.123245239257813 0.02337646484375 -0.00174331665039062
0.19464111328125 0.157928466796875 0.00521087646484376 -0.0171108245849609
0.133880615234375 0.240158081054688 -0.0311355590820312 -0.0306835174560547
0.0369873046875 0.287353515625 -0.002899169921875 -0.0705718994140625
-0.184906005859375 0.277008056640625 0.058807373046875 -0.104324340820312
-0.273880004882813 0.222091674804688 0.131462097167969 -0.0866317749023437
-0.348052978515625 0.0929565429687499 0.19439697265625 -0.0460052490234375
-0.35369873046875 0.061859130859375 -0.155502319335938 -0.082672119140625
-0.315338134765625 0.1051025390625 -0.0758438110351563 -0.0431671142578125
-0.293182373046875 0.21673583984375 -0.0556144714355469 -0.0509529113769531
-0.135894775390625 0.275772094726562 -0.0583267211914063 -0.0549201965332031
-0.028564453125 0.28253173828125 -0.0851364135742188 -0.0368728637695312
0.127609252929688 0.228744506835938 -0.0627174377441406 -0.023193359375
0.20166015625 0.152908325195313 -0.0704498291015625 -0.02337646484375
0.192337036132813 0.150177001953125 -0.0808486938476563 -0.0331878662109375
0.233123779296875 0.125381469726563 -0.0629806518554688 -0.0279197692871094
0.185562133789063 0.156509399414063 -0.0648231506347656 -0.0492401123046875
0.126235961914063 0.236495971679688 -0.0785980224609375 -0.049591064453125
0.036712646484375 0.27532958984375 -0.0387649536132812 -0.0759963989257812
-0.170211791992187 0.267852783203125 0.0222930908203125 -0.0884780883789063
-0.250656127929688 0.221771240234375 0.0655250549316406 -0.0355873107910156
-0.33245849609375 0.112396240234375 0.0715484619140625 -0.0159988403320312
-0.27008056640625 0.088623046875 -0.268096923828125 -0.0608367919921875
-0.232025146484375 0.1141357421875 -0.151992797851563 -0.0172576904296875
-0.203750610351563 0.179046630859375 -0.0795211791992188 -0.0437545776367188
-0.0916900634765625 0.210922241210938 -0.0740737915039062 -0.0699615478515625
-0.0211181640625 0.215988159179688 -0.0924606323242187 -0.0784072875976562
0.098663330078125 0.183746337890625 -0.1064453125 -0.080230712890625
0.156494140625 0.12811279296875 -0.148651123046875 -0.0647735595703125
0.150070190429688 0.12689208984375 -0.156341552734375 -0.0586395263671875
0.18133544921875 0.113555908203125 -0.140388488769531 -0.052215576171875
0.136940002441406 0.136802673339844 -0.1214599609375 -0.0782928466796875
0.081085205078125 0.195999145507813 -0.107856750488281 -0.0678939819335937
0.00982666015624998 0.212799072265625 -0.0602340698242187 -0.0765380859375
-0.141036987304688 0.195831298828125 -0.00384902954101564 -0.0630760192871094
-0.191436767578125 0.1707763671875 0.00230216979980467 0.019643783569336
-0.263702392578125 0.105514526367188 -0.0461463928222656 0.0207901000976563
-0.146255493164062 0.0980377197265625 -0.352203369140625 -0.02520751953125
-0.116127014160156 0.102035522460938 -0.212921142578125 0.0155487060546875
-0.0866317749023438 0.111335754394531 -0.100837707519531 -0.0232620239257812
-0.0368118286132812 0.113906860351563 -0.0875167846679688 -0.0618057250976562
-0.00837707519531249 0.116653442382813 -0.0908050537109375 -0.0937423706054688
0.0576019287109375 0.108451843261719 -0.13702392578125 -0.113265991210938
0.0882797241210938 0.08197021484375 -0.203933715820312 -0.088897705078125
0.0841064453125 0.0837326049804688 -0.20751953125 -0.07470703125
0.100318908691406 0.0857620239257812 -0.193649291992188 -0.074951171875
0.0639190673828125 0.0988235473632813 -0.151931762695312 -0.105880737304688
0.0184326171875 0.125801086425781 -0.109527587890625 -0.0880813598632812
-0.024688720703125 0.113792419433594 -0.0618820190429688 -0.0766448974609375
-0.0910491943359375 0.087005615234375 -0.0179786682128906 -0.0389862060546875
-0.101226806640625 0.0902099609375 -0.048919677734375 0.0602149963378906
-0.150924682617188 0.08038330078125 -0.139068603515625 0.0522384643554688
-0.00476837158203125 0.0813522338867188 -0.399444580078125 0.016326904296875
0.0020751953125 0.0651206970214844 -0.250885009765625 0.0547637939453125
0.0193996429443359 0.0261383056640625 -0.114112854003906 0.010406494140625
0.00701904296875 0.00989723205566406 -0.0911788940429687 -0.0336761474609375
-0.00313377380371094 0.0118017196655273 -0.0813980102539063 -0.0863418579101562
0.0057220458984375 0.0252056121826172 -0.15032958984375 -0.117904663085938
0.00508880615234375 0.0268650054931641 -0.229293823242188 -0.09320068359375
0.00475120544433593 0.0286273956298828 -0.2276611328125 -0.0796051025390625
0.00696182250976562 0.043060302734375 -0.213272094726563 -0.0937652587890625
-0.0111122131347656 0.0423088073730469 -0.150375366210937 -0.128158569335938
-0.0348606109619141 0.0346431732177734 -0.0861282348632812 -0.104331970214844
-0.0385360717773438 0.000659942626953125 -0.0452804565429687 -0.0746612548828125
-0.0130691528320312 -0.0218334197998047 -0.020721435546875 -0.0189113616943359
0.011897087097168 0.0117349624633789 -0.0823135375976563 0.0800704956054688
-0.0135498046875 0.0505332946777344 -0.1923828125 0.0716094970703125
-0.146591186523438 -0.0440521240234375 0.19580078125 -0.104660034179687
-0.12347412109375 0.0329132080078125 0.113632202148437 -0.104804992675781
-0.0821990966796875 0.107559204101563 -0.00277900695800782 -0.00784158706665038
0.00529479980468749 0.111358642578125 0.00837326049804688 0.0594940185546875
0.0578994750976563 0.080291748046875 0.0302276611328125 0.120140075683594
0.0775833129882813 0.0193557739257813 0.12469482421875 0.135627746582031
0.08062744140625 0.0026397705078125 0.212081909179688 0.0981903076171875
0.069488525390625 0.0240325927734375 0.210052490234375 0.0770721435546875
0.0724105834960938 0.0161209106445313 0.209701538085938 0.0824432373046875
0.0560989379882813 0.0405311584472656 0.1495361328125 0.100173950195312
0.0362586975097656 0.0687294006347656 0.0829086303710938 0.0560989379882813
-0.0132064819335937 0.0962142944335938 0.0868682861328125 0.00432586669921876
-0.0925064086914063 0.0647964477539062 0.141983032226562 -0.040374755859375
-0.115516662597656 0.0224533081054688 0.246490478515625 -0.0866241455078125
-0.103950500488281 -0.0460433959960937 0.422271728515625 -0.021697998046875
-0.264816284179688 -0.0120849609375 0.162994384765625 -0.0985565185546875
-0.2244873046875 0.058074951171875 0.105781555175781 -0.0948944091796875
-0.1856689453125 0.16705322265625 -0.00902175903320314 -0.0235080718994141
-0.048797607421875 0.195648193359375 -0.013885498046875 0.0384902954101563
0.039520263671875 0.176528930664063 -0.01043701171875 0.108673095703125
0.119491577148437 0.10333251953125 0.0881576538085938 0.132698059082031
0.153106689453125 0.0596923828125 0.1695556640625 0.0936737060546875
0.139320373535156 0.0800552368164063 0.163833618164062 0.0601348876953125
0.154037475585938 0.065216064453125 0.169921875 0.0589447021484375
0.113777160644531 0.0992202758789063 0.121017456054688 0.0637664794921875
0.06982421875 0.147552490234375 0.0564384460449219 0.0266380310058594
-0.00593566894531248 0.1802978515625 0.0653266906738281 -0.0267791748046875
-0.148727416992188 0.151214599609375 0.126655578613281 -0.0775833129882812
-0.199142456054688 0.100692749023438 0.230484008789063 -0.1141357421875
-0.224014282226563 0.00660705566406249 0.380706787109375 -0.04937744140625
-0.350677490234375 0.00888061523437504 0.0822525024414062 -0.0926284790039063
-0.30560302734375 0.073944091796875 0.0687637329101562 -0.079498291015625
-0.277008056640625 0.208053588867187 -0.0187263488769531 -0.0352783203125
-0.10687255859375 0.261337280273438 -0.0296058654785156 0.0110797882080078
0.00950622558593749 0.256332397460938 -0.042083740234375 0.0738449096679688
0.140518188476563 0.178451538085938 0.0421066284179688 0.10009765625
0.200698852539063 0.111648559570313 0.102241516113281 0.0684127807617188
0.187255859375 0.12335205078125 0.091827392578125 0.0338897705078125
0.21527099609375 0.0989837646484375 0.105827331542969 0.0298004150390625
0.16680908203125 0.137008666992188 0.0711898803710938 0.0246047973632813
0.111251831054687 0.20703125 0.0163583755493164 -0.00218200683593749
0.01861572265625 0.251373291015625 0.0343055725097656 -0.0519065856933594
-0.177902221679688 0.23388671875 0.0958480834960938 -0.100250244140625
-0.252960205078125 0.177047729492187 0.188507080078125 -0.115234375
-0.3116455078125 0.057403564453125 0.30035400390625 -0.05810546875
-0.38385009765625 0.0358886718749999 -0.0276641845703125 -0.0871505737304688
-0.341217041015625 0.089996337890625 0.00512313842773436 -0.0607070922851563
-0.318939208984375 0.2281494140625 -0.0340385437011719 -0.0427093505859375
-0.140625 0.29376220703125 -0.0424385070800781 -0.0207099914550781
-0.015777587890625 0.2977294921875 -0.0656776428222656 0.0230865478515625
0.142608642578125 0.225616455078125 -0.00872421264648437 0.043792724609375
0.217391967773438 0.14459228515625 0.0189094543457031 0.0266704559326172
0.207565307617188 0.148056030273438 0.00618028640747072 0.00214719772338868
0.245513916015625 0.11859130859375 0.024282455444336 0.000486373901367195
0.195449829101563 0.155059814453125 0.00490093231201173 -0.0131645202636719
0.1368408203125 0.238662719726563 -0.0321025848388672 -0.0254707336425781
0.040374755859375 0.288330078125 -0.00341796875 -0.0661392211914062
-0.181884765625 0.281463623046875 0.0571136474609375 -0.102218627929687
-0.26983642578125 0.22528076171875 0.128982543945312 -0.0860443115234375
-0.3511962890625 0.100006103515625 0.190322875976562 -0.044677734375
-0.357330322265625 0.0650634765625001 -0.151443481445313 -0.07598876953125
-0.317901611328125 0.107574462890625 -0.0735321044921875 -0.0389404296875
-0.2933349609375 0.223480224609375 -0.0547103881835938 -0.0432968139648437
-0.134246826171875 0.278915405273437 -0.0557022094726563 -0.0499954223632812
-0.025054931640625 0.285614013671875 -0.082366943359375 -0.033233642578125
0.12957763671875 0.227767944335938 -0.060699462890625 -0.0230255126953125
0.203323364257813 0.149368286132813 -0.0691146850585937 -0.0210800170898437
0.195587158203125 0.149810791015625 -0.081207275390625 -0.0291061401367187
0.234420776367188 0.122116088867188 -0.0625724792480469 -0.0250434875488281
0.186111450195313 0.15435791015625 -0.0651893615722656 -0.0454139709472656
0.129425048828125 0.23486328125 -0.078704833984375 -0.044219970703125
0.03912353515625 0.276412963867188 -0.0388412475585938 -0.0711288452148437
-0.16912841796875 0.2708740234375 0.0214004516601562 -0.0854873657226562
-0.24755859375 0.223602294921875 0.0637321472167969 -0.0334358215332031
-0.336334228515625 0.116119384765625 0.0675277709960937 -0.0124397277832031
-0.274002075195313 0.0893402099609374 -0.264907836914063 -0.05255126953125
-0.23468017578125 0.115249633789062 -0.150711059570313 -0.0107421875
-0.20513916015625 0.184341430664063 -0.0785751342773438 -0.0358810424804688
-0.0918121337890625 0.213653564453125 -0.0715866088867188 -0.0649795532226563
-0.0190277099609375 0.21966552734375 -0.090545654296875 -0.07562255859375
0.100234985351563 0.184066772460938 -0.106101989746094 -0.0802993774414062
0.158905029296875 0.126693725585938 -0.148727416992187 -0.0620574951171875
0.153335571289062 0.126998901367188 -0.156753540039063 -0.053741455078125
0.183425903320312 0.111602783203125 -0.139457702636719 -0.0487518310546875
0.138015747070313 0.136482238769531 -0.122421264648437 -0.0746536254882812
0.0836639404296875 0.196456909179688 -0.107978820800781 -0.0632858276367188
0.011016845703125 0.21429443359375 -0.0605621337890625 -0.0713348388671875
-0.141677856445312 0.199050903320313 -0.00466156005859375 -0.0596466064453125
-0.19097900390625 0.171234130859375 0.0014057159423828 0.0226707458496094
-0.266983032226563 0.107009887695312 -0.0500297546386719 0.0259895324707031
-0.149246215820312 0.0952606201171875 -0.351043701171875 -0.016937255859375
-0.119354248046875 0.101005554199219 -0.212127685546875 0.023345947265625
-0.0898666381835938 0.112846374511719 -0.100021362304688 -0.015625
-0.0380783081054688 0.116592407226563 -0.0844497680664063 -0.05712890625
-0.00867462158203126 0.120025634765625 -0.0898971557617188 -0.0932693481445313
0.057952880859375 0.110801696777344 -0.13763427734375 -0.113334655761719
0.0907974243164062 0.0822296142578125 -0.2052001953125 -0.0864410400390625
0.0870208740234375 0.08544921875 -0.209121704101563 -0.0701751708984375
0.102767944335938 0.08697509765625 -0.193588256835938 -0.0717315673828125
0.0651702880859375 0.100250244140625 -0.152969360351563 -0.1024169921875
0.02032470703125 0.127944946289063 -0.10986328125 -0.0843124389648437
-0.0241851806640625 0.116798400878906 -0.0625686645507813 -0.0724258422851563
-0.0943527221679688 0.0896072387695312 -0.0185470581054688 -0.0351676940917969
-0.10400390625 0.089508056640625 -0.0488815307617188 0.0638236999511719
-0.155258178710938 0.07891845703125 -0.142745971679688 0.057220458984375
-0.00615692138671875 0.0767822265625 -0.3974609375 0.02374267578125
0.000297546386718751 0.0625152587890625 -0.249893188476563 0.0621795654296875
0.0159473419189453 0.0248756408691406 -0.111587524414063 0.0166473388671875
0.00417327880859375 0.0109500885009766 -0.0886993408203125 -0.030303955078125
-0.00554847717285156 0.0143146514892578 -0.0802536010742188 -0.0872573852539062
0.00576210021972656 0.0284442901611328 -0.151290893554688 -0.118881225585938
0.00710105895996094 0.0297813415527344 -0.23089599609375 -0.0900726318359375
0.00671577453613281 0.0316715240478516 -0.229324340820313 -0.0756378173828125
0.00983047485351562 0.0456161499023437 -0.2139892578125 -0.0912322998046875
-0.00889205932617188 0.0452079772949219 -0.152450561523438 -0.12579345703125
-0.0334739685058594 0.0391578674316406 -0.0868453979492188 -0.101966857910156
-0.0402641296386719 0.00513839721679687 -0.0467910766601563 -0.0713882446289063
-0.0188236236572266 -0.0197658538818359 -0.0221366882324219 -0.0158939361572266
0.00635147094726563 0.00990581512451172 -0.0833511352539062 0.083251953125
-0.017547607421875 0.0469131469726563 -0.196014404296875 0.075592041015625
-0.146133422851563 -0.0400390625 0.205795288085938 -0.1065673828125
-0.12261962890625 0.0328521728515625 0.11846923828125 -0.109001159667969
-0.0809249877929688 0.106697082519531 -0.000378608703613287 -0.00815248489379882
0.00587463378906249 0.109283447265625 0.0085906982421875 0.0593223571777344
0.0589447021484375 0.0779037475585937 0.0308303833007813 0.122940063476563
0.0753326416015625 0.0168991088867188 0.12579345703125 0.139686584472656
0.07818603515625 0.0011749267578125 0.217010498046875 0.100433349609375
0.0698776245117188 0.0232009887695313 0.215957641601563 0.079742431640625
0.0727157592773438 0.01434326171875 0.215530395507813 0.0867919921875
0.0556182861328125 0.039642333984375 0.153533935546875 0.105819702148438
0.0376968383789063 0.0684776306152344 0.0836944580078125 0.0608291625976563
-0.0113143920898437 0.09832763671875 0.0872116088867188 0.00502014160156251
-0.091796875 0.0677261352539063 0.143753051757812 -0.0423126220703125
-0.114768981933594 0.0249099731445313 0.250152587890625 -0.0898895263671875
-0.1060791015625 -0.04241943359375 0.43084716796875 -0.020721435546875
-0.270004272460938 -0.00952148437500003 0.173995971679687 -0.099517822265625
-0.227127075195313 0.0582427978515625 0.111793518066406 -0.0980377197265625
-0.187240600585938 0.169113159179688 -0.00676918029785157 -0.0225372314453125
-0.0491790771484375 0.1961669921875 -0.0125045776367188 0.0390510559082031
0.0400238037109375 0.177444458007813 -0.00901031494140625 0.111892700195313
0.11871337890625 0.102745056152344 0.089935302734375 0.136741638183594
0.152801513671875 0.059783935546875 0.174545288085937 0.0964813232421875
0.14129638671875 0.080352783203125 0.168716430664063 0.0637359619140625
0.156005859375 0.064300537109375 0.175704956054688 0.062591552734375
0.115074157714844 0.100204467773438 0.124137878417969 0.0698318481445313
0.0710906982421875 0.14990234375 0.0561141967773438 0.0310478210449219
-0.00447082519531252 0.185836791992188 0.0663986206054688 -0.0255775451660156
-0.151046752929688 0.156646728515625 0.128669738769531 -0.0795211791992188
-0.2005615234375 0.104141235351563 0.234939575195312 -0.116348266601563
-0.230621337890625 0.010162353515625 0.387542724609375 -0.04742431640625
-0.35919189453125 0.011932373046875 0.0916061401367187 -0.092315673828125
-0.312591552734375 0.07440185546875 0.0739593505859375 -0.0807876586914063
-0.281707763671875 0.2130126953125 -0.0164127349853516 -0.0322284698486328
-0.109115600585938 0.264297485351562 -0.0274028778076172 0.0128669738769531
0.00904846191406249 0.26043701171875 -0.0407333374023438 0.0775070190429688
0.1405029296875 0.180801391601562 0.0441360473632813 0.102691650390625
0.201416015625 0.111618041992187 0.105606079101563 0.0703125
0.1915283203125 0.1260986328125 0.0947494506835938 0.0376358032226563
0.219223022460938 0.09967041015625 0.109848022460938 0.0327606201171875
0.168624877929688 0.1396484375 0.072723388671875 0.0288467407226563
0.114013671875 0.211166381835938 0.0159816741943359 0.00200366973876954
0.0191650390625 0.25921630859375 0.034820556640625 -0.050262451171875
-0.18267822265625 0.240585327148438 0.0972213745117187 -0.101509094238281
-0.257156372070313 0.1810302734375 0.1917724609375 -0.116165161132812
-0.322601318359375 0.061187744140625 0.305145263671875 -0.055694580078125
-0.395782470703125 0.0377502441406249 -0.021759033203125 -0.085845947265625
-0.3514404296875 0.0902099609375 0.00896072387695311 -0.060882568359375
-0.32733154296875 0.235595703125 -0.0319442749023438 -0.0377616882324219
-0.145050048828125 0.29937744140625 -0.0395240783691406 -0.0188369750976562
-0.016876220703125 0.305694580078125 -0.0642204284667969 0.0254287719726563
0.143402099609375 0.230560302734375 -0.00724411010742187 0.045318603515625
0.2200927734375 0.146316528320313 0.0209407806396485 0.0278110504150391
0.212432861328125 0.152252197265625 0.00709676742553712 0.00553989410400392
0.25006103515625 0.120697021484375 0.0265254974365235 0.00296974182128907
0.197616577148438 0.158706665039063 0.00483703613281251 -0.0100069046020508
0.139938354492188 0.243927001953125 -0.0325412750244141 -0.0222949981689453
0.040496826171875 0.297027587890625 -0.00313568115234375 -0.0643539428710937
-0.187835693359375 0.289703369140625 0.0581207275390625 -0.102279663085938
-0.275344848632813 0.228500366210938 0.130805969238281 -0.0855636596679687
-0.36444091796875 0.102874755859375 0.192092895507812 -0.0410919189453125
-0.370086669921875 0.06561279296875 -0.1495361328125 -0.0737762451171875
-0.328460693359375 0.10784912109375 -0.0724716186523438 -0.0369415283203125
-0.303314208984375 0.231231689453125 -0.053558349609375 -0.0381813049316406
-0.13922119140625 0.2855224609375 -0.052703857421875 -0.0478630065917969
-0.0267333984375 0.29510498046875 -0.0805892944335938 -0.032318115234375
0.13055419921875 0.23388671875 -0.0602035522460937 -0.0239982604980468
0.20648193359375 0.153030395507813 -0.07025146484375 -0.0208816528320312
0.200790405273438 0.1546630859375 -0.0826568603515625 -0.02630615234375
0.239227294921875 0.125442504882813 -0.0628318786621094 -0.0245208740234375
0.188430786132813 0.158676147460938 -0.0664253234863281 -0.0436286926269531
0.131195068359375 0.24114990234375 -0.080047607421875 -0.041229248046875
0.039581298828125 0.284210205078125 -0.0386772155761719 -0.0693397521972656
-0.175689697265625 0.278106689453125 0.0218658447265625 -0.0849380493164062
-0.254638671875 0.225860595703125 0.0643692016601562 -0.03125
-0.348876953125 0.118316650390625 0.0659141540527343 -0.00833129882812499
-0.285064697265625 0.08843994140625 -0.267852783203125 -0.05029296875
-0.245040893554687 0.1156005859375 -0.152786254882813 -0.00752258300781252
-0.21405029296875 0.191070556640625 -0.078765869140625 -0.03045654296875
-0.0966644287109375 0.220413208007813 -0.0686187744140625 -0.0633659362792969
-0.0214385986328125 0.228317260742187 -0.0899429321289063 -0.076507568359375
0.1016845703125 0.190780639648438 -0.107124328613281 -0.0836181640625
0.1622314453125 0.130142211914063 -0.151107788085938 -0.06317138671875
0.158111572265625 0.132293701171875 -0.160659790039063 -0.0525054931640625
0.187973022460938 0.116119384765625 -0.141754150390625 -0.048858642578125
0.13958740234375 0.14093017578125 -0.124778747558594 -0.0741424560546875
0.084991455078125 0.202133178710938 -0.109077453613281 -0.0616378784179687
0.00941467285156251 0.221298217773437 -0.060150146484375 -0.0698432922363281
-0.148910522460938 0.204483032226563 -0.00464630126953126 -0.0584526062011719
-0.197845458984375 0.172286987304687 0.0011005401611328 0.0254077911376953
-0.278488159179688 0.10723876953125 -0.0545730590820313 0.030029296875
-0.156524658203125 0.0934600830078125 -0.35723876953125 -0.0151977539062499
-0.125694274902344 0.100868225097656 -0.216445922851562 0.0275115966796875
-0.095855712890625 0.116844177246094 -0.100547790527344 -0.011016845703125
-0.0411224365234375 0.121047973632813 -0.0827484130859375 -0.055755615234375
-0.0108795166015625 0.126350402832031 -0.0896453857421875 -0.095672607421875
0.0589523315429688 0.11676025390625 -0.139930725097656 -0.118354797363281
0.09332275390625 0.08563232421875 -0.2100830078125 -0.0882110595703125
0.0905685424804688 0.090057373046875 -0.214431762695313 -0.070037841796875
0.106094360351563 0.0910720825195313 -0.197540283203125 -0.0720062255859375
0.0667190551757812 0.104537963867187 -0.155807495117188 -0.10394287109375
0.020538330078125 0.133094787597656 -0.111183166503906 -0.0839309692382812
-0.0264358520507813 0.122100830078125 -0.0629043579101563 -0.0707473754882812
-0.100608825683594 0.0929641723632813 -0.0192394256591797 -0.0340919494628906
-0.110450744628906 0.0890731811523438 -0.0512924194335938 0.0671768188476562
-0.163787841796875 0.077972412109375 -0.150054931640625 0.061309814453125
-0.00938415527343751 0.0745086669921875 -0.405731201171875 0.024688720703125
-0.00221252441406249 0.0619125366210938 -0.255264282226563 0.0667266845703126
0.0133399963378906 0.0249042510986328 -0.112091064453125 0.0207443237304687
0.00228691101074219 0.0123300552368164 -0.0871658325195313 -0.0298004150390625
-0.00826263427734375 0.0167694091796875 -0.0802993774414062 -0.0914306640625
0.00557136535644532 0.0319042205810547 -0.154373168945312 -0.1240234375
0.00894355773925781 0.0327129364013672 -0.236862182617188 -0.0927734375
0.0090484619140625 0.0352554321289063 -0.234344482421875 -0.07733154296875
0.0121192932128906 0.0502243041992187 -0.219589233398437 -0.0928955078125
-0.00750350952148438 0.0486640930175781 -0.155853271484375 -0.128921508789062
-0.0338554382324219 0.0428085327148437 -0.0872650146484375 -0.103469848632813
-0.0419769287109375 0.00880050659179687 -0.0470046997070312 -0.0711822509765625
-0.0239353179931641 -0.0181598663330078 -0.0231399536132813 -0.0146217346191406
0.00153827667236328 0.00902557373046875 -0.0860443115234375 0.0863418579101563
-0.0231132507324219 0.044891357421875 -0.2047119140625 0.0789642333984375
-0.150390625 -0.0369873046875 0.221755981445313 -0.1143798828125
-0.125213623046875 0.0345077514648438 0.125389099121094 -0.116600036621094
-0.082122802734375 0.109855651855469 0.00120353698730468 -0.00857448577880859
0.007080078125 0.110740661621094 0.00947952270507812 0.0602760314941406
0.0619277954101563 0.077362060546875 0.0326309204101563 0.128623962402344
0.07525634765625 0.01397705078125 0.13214111328125 0.147445678710938
0.0778656005859375 -0.00032806396484375 0.228958129882812 0.104339599609375
0.071929931640625 0.0225982666015625 0.228775024414063 0.08331298828125
0.07452392578125 0.0127410888671875 0.228988647460937 0.0904388427734375
0.0583267211914063 0.0403633117675781 0.162063598632812 0.113693237304687
0.03997802734375 0.070404052734375 0.0865707397460938 0.0658111572265625
-0.00952911376953124 0.103462219238281 0.090667724609375 0.00514984130859376
-0.0929489135742188 0.072784423828125 0.148269653320312 -0.0467681884765625
-0.116264343261719 0.0289993286132813 0.260040283203125 -0.096832275390625
-0.110733032226563 -0.03912353515625 0.4505615234375 -0.024139404296875
-0.28155517578125 -0.00396728515625003 0.188735961914062 -0.1053466796875
-0.235687255859375 0.0613861083984375 0.119293212890625 -0.104621887207031
-0.193511962890625 0.177261352539063 -0.00430297851562501 -0.0213527679443359
-0.050323486328125 0.202163696289063 -0.0115699768066406 0.04083251953125
0.0433349609375 0.183349609375 -0.00754547119140625 0.11773681640625
0.120597839355469 0.104743957519531 0.0956573486328125 0.14385986328125
0.156326293945313 0.06024169921875 0.18505859375 0.100738525390625
0.14825439453125 0.0830078125 0.17901611328125 0.0680694580078125
0.162353515625 0.0648651123046875 0.18670654296875 0.06591796875
0.120559692382813 0.103355407714844 0.13116455078125 0.0758895874023438
0.0760345458984375 0.15582275390625 0.058563232421875 0.0359039306640625
-0.002655029296875 0.196243286132812 0.0692901611328125 -0.0264320373535156
-0.156463623046875 0.167205810546875 0.132743835449219 -0.0842819213867187
-0.20721435546875 0.111602783203125 0.244293212890625 -0.123123168945313
-0.24334716796875 0.0153503417968749 0.40570068359375 -0.05029296875
-0.377227783203125 0.0177001953125 0.102882385253906 -0.096435546875
-0.327117919921875 0.0780944824218749 0.080902099609375 -0.0856246948242188
-0.293365478515625 0.2255859375 -0.0147342681884766 -0.0292778015136719
-0.113204956054688 0.275787353515625 -0.0263767242431641 0.01422119140625
0.01202392578125 0.272628784179688 -0.0399551391601562 0.082855224609375
0.144866943359375 0.186843872070313 0.0481796264648438 0.108200073242188
0.208770751953125 0.115402221679688 0.112823486328125 0.0736846923828125
0.201828002929688 0.130599975585938 0.101425170898438 0.0418243408203125
0.2301025390625 0.102157592773437 0.117706298828125 0.0352630615234375
0.17645263671875 0.144882202148438 0.076995849609375 0.0335617065429688
0.120346069335937 0.220870971679688 0.0163917541503906 0.00667858123779298
0.0224151611328125 0.273422241210937 0.036712646484375 -0.0509605407714844
-0.190093994140625 0.256622314453125 0.10009765625 -0.10577392578125
-0.267181396484375 0.191543579101563 0.199478149414062 -0.1224365234375
-0.34130859375 0.068695068359375 0.318634033203125 -0.0574951171875
-0.418060302734375 0.043792724609375 -0.0167922973632813 -0.087860107421875
-0.369598388671875 0.0958557128906251 0.0123329162597656 -0.0627059936523437
-0.34173583984375 0.251434326171875 -0.0305442810058594 -0.0335617065429687
-0.150665283203125 0.314483642578125 -0.0385932922363281 -0.0173263549804687
-0.014923095703125 0.322357177734375 -0.0640869140625 0.0288887023925781
0.149765014648438 0.24041748046875 -0.00565719604492187 0.0474891662597656
0.230087280273438 0.152099609375 0.0235424041748047 0.0298995971679688
0.224594116210938 0.159194946289063 0.00889968872070314 0.00884342193603517
0.262847900390625 0.1239013671875 0.0292434692382813 0.00376129150390626
0.206893920898438 0.166122436523438 0.00555515289306642 -0.00720977783203124
0.148117065429688 0.255050659179687 -0.0340518951416016 -0.0182533264160156
0.044830322265625 0.313201904296875 -0.00233840942382813 -0.0650978088378906
-0.19683837890625 0.30718994140625 0.0598297119140625 -0.106178283691406
-0.28759765625 0.240447998046875 0.135589599609375 -0.088836669921875
-0.3868408203125 0.111846923828125 0.198348999023437 -0.040313720703125
-0.392669677734375 0.0712585449218751 -0.152389526367188 -0.074005126953125
-0.348114013671875 0.114227294921875 -0.0734329223632813 -0.0354232788085938
-0.31854248046875 0.24835205078125 -0.0533828735351563 -0.0329055786132812
-0.14501953125 0.30181884765625 -0.0522232055664063 -0.0469245910644531
-0.025848388671875 0.312896728515625 -0.0821075439453125 -0.0317611694335937
0.137100219726562 0.246612548828125 -0.06207275390625 -0.0255546569824218
0.21697998046875 0.15936279296875 -0.0728530883789063 -0.0207061767578125
0.213165283203125 0.162490844726563 -0.0861053466796875 -0.0237960815429687
0.251953125 0.130462646484375 -0.065032958984375 -0.0241584777832031
0.196731567382812 0.166061401367187 -0.0697708129882812 -0.0428352355957031
0.139007568359375 0.252548217773438 -0.0826339721679687 -0.038299560546875
0.042205810546875 0.29998779296875 -0.0394515991210938 -0.069732666015625
-0.185089111328125 0.294219970703125 0.022430419921875 -0.0872573852539062
-0.266952514648438 0.236907958984375 0.0660591125488281 -0.0310935974121094
-0.371307373046875 0.127044677734375 0.0654182434082031 -0.00526046752929687
-0.30340576171875 0.092529296875 -0.27777099609375 -0.0482330322265625
-0.26043701171875 0.121337890625 -0.157913208007813 -0.00354003906250001
-0.226318359375 0.204254150390625 -0.0794677734375 -0.0246124267578125
-0.101303100585938 0.23370361328125 -0.0686111450195313 -0.0624504089355469
-0.02044677734375 0.243316650390625 -0.0921554565429688 -0.079437255859375
0.106887817382813 0.20172119140625 -0.111343383789063 -0.0882034301757813
0.170822143554688 0.136810302734375 -0.158935546875 -0.0642852783203125
0.168655395507813 0.1397705078125 -0.168014526367187 -0.0514678955078125
0.19903564453125 0.121414184570313 -0.149032592773438 -0.049346923828125
0.146347045898438 0.148727416992188 -0.1314697265625 -0.0755157470703125
0.090362548828125 0.212890625 -0.113090515136719 -0.0607147216796875
0.0108642578125 0.234466552734375 -0.0620880126953125 -0.0701675415039062
-0.1578369140625 0.216476440429687 -0.00547027587890625 -0.0595626831054688
-0.209121704101562 0.179840087890625 0.000118255615234365 0.02935791015625
-0.29693603515625 0.114227294921875 -0.0610771179199219 0.0362319946289063
-0.1688232421875 0.0957794189453125 -0.3726806640625 -0.0113525390624999
-0.135505676269531 0.10552978515625 -0.2257080078125 0.033447265625
-0.103530883789063 0.124542236328125 -0.102195739746094 -0.00619506835937499
-0.0444259643554687 0.128829956054688 -0.0837478637695313 -0.0559234619140625
-0.0116653442382812 0.135635375976563 -0.09283447265625 -0.100410461425781
0.0625 0.124618530273437 -0.146820068359375 -0.1248779296875
0.0994796752929688 0.0910186767578125 -0.221633911132813 -0.0903472900390625
0.0974655151367188 0.0965042114257813 -0.224472045898437 -0.0703125
0.114013671875 0.0972213745117188 -0.2078857421875 -0.0737152099609375
0.071197509765625 0.110862731933594 -0.163772583007813 -0.1072998046875
0.0226287841796875 0.140914916992188 -0.115165710449219 -0.0850906372070312
-0.0287017822265625 0.131011962890625 -0.0647430419921875 -0.0710983276367187
-0.108665466308594 0.0998916625976562 -0.0202865600585938 -0.0345039367675781
-0.11865234375 0.09295654296875 -0.0543670654296875 0.0734786987304688
-0.177276611328125 0.0814208984375 -0.161041259765625 0.0681304931640625
-0.0127487182617188 0.0732574462890625 -0.424530029296875 0.03076171875
-0.00403594970703126 0.0633316040039063 -0.266693115234375 0.0750732421875
0.0115833282470703 0.0258598327636719 -0.114578247070313 0.024871826171875
0.000978469848632812 0.0147037506103516 -0.088409423828125 -0.0300140380859375
-0.00996971130371094 0.0200958251953125 -0.084075927734375 -0.0970611572265625
0.00633621215820313 0.0367507934570313 -0.163162231445312 -0.131729125976563
0.0110588073730469 0.0361061096191406 -0.25067138671875 -0.09588623046875
0.0117149353027344 0.0391426086425781 -0.246780395507812 -0.07843017578125
0.0154609680175781 0.0549850463867188 -0.232086181640625 -0.0951690673828125
-0.00628280639648438 0.053680419921875 -0.163848876953125 -0.134445190429687
-0.0338821411132812 0.0474281311035156 -0.0906600952148438 -0.106727600097656
-0.0450401306152344 0.0126686096191406 -0.0490493774414063 -0.0722885131835937
-0.0288333892822266 -0.01617431640625 -0.0247001647949219 -0.0143013000488281
-0.00341320037841797 0.00935173034667969 -0.091796875 0.0928497314453125
-0.0283088684082031 0.0452194213867187 -0.2188720703125 0.0860748291015625
-0.156112670898438 -0.030029296875 0.236770629882812 -0.130401611328125
-0.128265380859375 0.0387802124023438 0.130409240722656 -0.129913330078125
-0.0808563232421875 0.116455078125 0.00288772583007812 -0.00937843322753906
0.0111618041992188 0.113166809082031 0.01190185546875 0.0623435974121094
0.06695556640625 0.076019287109375 0.03924560546875 0.134925842285156
0.0760498046875 0.0102996826171875 0.144241333007813 0.15380859375
0.0790557861328125 -0.00295257568359375 0.24627685546875 0.102188110351563
0.0759506225585938 0.0203933715820313 0.246551513671875 0.08001708984375
0.0775527954101563 0.00896453857421875 0.248275756835937 0.0888214111328125
0.0620231628417969 0.03936767578125 0.176925659179688 0.117767333984375
0.044769287109375 0.0721054077148437 0.0926437377929688 0.0696487426757813
-0.00447082519531249 0.109886169433594 0.095001220703125 0.00231933593750001
-0.094512939453125 0.0809478759765625 0.153778076171875 -0.0556793212890625
-0.118614196777344 0.0354843139648437 0.271392822265625 -0.112716674804687
-0.117301940917969 -0.0338592529296875 0.476654052734375 -0.041015625
-0.296173095703125 0.00845336914062502 0.202682495117188 -0.119354248046875
-0.245864868164062 0.0708465576171874 0.125686645507812 -0.116645812988281
-0.197006225585937 0.193710327148438 -0.00275230407714845 -0.0205707550048828
-0.047119140625 0.212158203125 -0.00941467285156251 0.0430374145507813
0.0514068603515625 0.189849853515625 -0.00257873535156248 0.125816345214844
0.127670288085938 0.104446411132813 0.10638427734375 0.1502685546875
0.163986206054688 0.057861328125 0.200881958007813 0.099945068359375
0.158767700195313 0.0820770263671875 0.193771362304687 0.0671234130859375
0.172943115234375 0.06097412109375 0.203536987304688 0.0646820068359375
0.129890441894531 0.105018615722656 0.1429443359375 0.0802764892578125
0.08575439453125 0.161773681640625 0.0627555847167969 0.0401420593261719
0.00588989257812501 0.208984375 0.0720901489257813 -0.0291290283203125
-0.159408569335938 0.184402465820312 0.13641357421875 -0.093902587890625
-0.2144775390625 0.125686645507812 0.252639770507813 -0.139022827148438
-0.259262084960938 0.0283203125 0.427764892578125 -0.065948486328125
-0.400604248046875 0.034576416015625 0.112907409667969 -0.106254577636719
-0.343353271484375 0.0935668945312499 0.0864715576171875 -0.0941925048828125
-0.30224609375 0.249420166015625 -0.0121593475341797 -0.0271186828613281
-0.110931396484375 0.29400634765625 -0.0246105194091797 0.0169181823730469
0.02197265625 0.288055419921875 -0.0372161865234375 0.0900955200195313
0.156784057617188 0.192230224609375 0.0562896728515625 0.1136474609375
0.221786499023438 0.115280151367188 0.12384033203125 0.07501220703125
0.218582153320313 0.132034301757813 0.110794067382813 0.0427780151367188
0.24609375 0.0988616943359375 0.128059387207031 0.0345535278320313
0.190383911132813 0.147674560546875 0.083892822265625 0.0368194580078125
0.135299682617188 0.229904174804688 0.0186080932617188 0.010955810546875
0.0340576171875 0.290679931640625 0.0379066467285156 -0.053680419921875
-0.19427490234375 0.280242919921875 0.10113525390625 -0.115623474121094
-0.276138305664062 0.210739135742188 0.205642700195312 -0.135238647460937
-0.3629150390625 0.088836669921875 0.334442138671875 -0.0687255859375
-0.44415283203125 0.0637512207031249 -0.0140380859375 -0.0912399291992187
-0.39044189453125 0.11407470703125 0.0151290893554687 -0.0662498474121094
-0.354034423828125 0.2813720703125 -0.0285835266113281 -0.0284919738769531
-0.149688720703125 0.337677001953125 -0.03759765625 -0.0157966613769531
-0.00350952148437499 0.342987060546875 -0.0643959045410156 0.0344352722167969
0.164718627929688 0.24951171875 -0.00251388549804687 0.0500068664550781
0.24639892578125 0.153732299804688 0.0271625518798828 0.031890869140625
0.244094848632813 0.162368774414063 0.011465072631836 0.0120010375976563
0.282806396484375 0.121795654296875 0.0321693420410156 0.0046215057373047
0.22314453125 0.169570922851562 0.00652360916137697 -0.00464296340942382
0.166152954101562 0.265151977539063 -0.0357437133789062 -0.0138320922851562
0.058807373046875 0.332305908203125 -0.003814697265625 -0.0666656494140625
-0.200103759765625 0.334747314453125 0.0585556030273437 -0.1131591796875
-0.29754638671875 0.26397705078125 0.139205932617187 -0.096832275390625
-0.410186767578125 0.134979248046875 0.206954956054687 -0.0460357666015625
-0.418426513671875 0.0894165039062501 -0.158706665039063 -0.071319580078125
-0.36737060546875 0.1326904296875 -0.0752944946289063 -0.033355712890625
-0.330413818359375 0.277374267578125 -0.0525703430175781 -0.0263938903808594
-0.14483642578125 0.326812744140625 -0.0530319213867188 -0.0457000732421875
-0.015625 0.33551025390625 -0.0853958129882813 -0.0290451049804687
0.152114868164062 0.257965087890625 -0.064849853515625 -0.0258026123046875
0.234222412109375 0.162521362304688 -0.0771560668945312 -0.0186920166015625
0.233001708984375 0.166595458984375 -0.0907516479492187 -0.0193862915039062
0.271820068359375 0.129791259765625 -0.0692977905273437 -0.02197265625
0.212799072265625 0.170425415039063 -0.0756149291992187 -0.0401763916015625
0.155792236328125 0.263198852539063 -0.0872650146484375 -0.034576416015625
0.054962158203125 0.3189697265625 -0.0429458618164063 -0.0702476501464844
-0.189117431640625 0.320770263671875 0.01947021484375 -0.09130859375
-0.276931762695312 0.257583618164063 0.0679130554199219 -0.0326957702636719
-0.39453125 0.14984130859375 0.0657310485839843 -0.00347137451171874
-0.32403564453125 0.107025146484375 -0.292816162109375 -0.03936767578125
-0.276397705078125 0.136962890625 -0.165206909179688 0.00445556640625
-0.235260009765625 0.227294921875 -0.0797805786132813 -0.0175933837890625
-0.101028442382812 0.252899169921875 -0.071197509765625 -0.062286376953125
-0.013427734375 0.26287841796875 -0.0981597900390625 -0.0802230834960938
0.120223999023437 0.212966918945313 -0.120468139648438 -0.0910568237304687
0.185897827148438 0.14031982421875 -0.17034912109375 -0.06195068359375
0.1851806640625 0.144485473632813 -0.179229736328125 -0.04541015625
0.215591430664063 0.123687744140625 -0.159774780273438 -0.045806884765625
0.159408569335938 0.153976440429688 -0.141357421875 -0.0735626220703125
0.103759765625 0.222396850585937 -0.119163513183594 -0.0573043823242187
0.0190887451171875 0.250411987304688 -0.0665359497070313 -0.0696525573730469
-0.163360595703125 0.236618041992188 -0.00800704956054688 -0.0615005493164062
-0.218780517578125 0.196243286132812 0.000200271606445299 0.0335140228271485
-0.317047119140625 0.13092041015625 -0.0672569274902344 0.0443458557128906
-0.180572509765625 0.104278564453125 -0.393218994140625 0.00296020507812494
-0.143539428710938 0.115158081054687 -0.236404418945313 0.0469970703125
-0.107963562011719 0.137229919433594 -0.103813171386719 0.00125122070312502
-0.0446929931640625 0.139411926269531 -0.0867843627929688 -0.0546188354492188
-0.00817871093750002 0.14739990234375 -0.100395202636719 -0.103408813476562
0.0707550048828125 0.133270263671875 -0.160018920898438 -0.12939453125
0.109085083007813 0.0948028564453125 -0.238311767578125 -0.087799072265625
0.108810424804687 0.101142883300781 -0.240814208984375 -0.065032958984375
0.125953674316406 0.100883483886719 -0.22308349609375 -0.07025146484375
0.0791397094726563 0.11724853515625 -0.177139282226563 -0.10736083984375
0.0294189453125 0.150299072265625 -0.12261962890625 -0.0848464965820312
-0.02557373046875 0.14239501953125 -0.06982421875 -0.07147216796875
-0.115936279296875 0.111480712890625 -0.0228252410888672 -0.0340499877929687
-0.126411437988281 0.101173400878906 -0.0557479858398437 0.081573486328125
-0.18988037109375 0.0911865234375 -0.172195434570313 0.08197021484375
-0.0149612426757813 0.07476806640625 -0.448211669921875 0.048095703125
-0.00471878051757813 0.0653076171875 -0.278106689453125 0.0913696289062499
0.0108509063720703 0.0261402130126953 -0.116973876953125 0.0322647094726563
0.000313758850097655 0.0159702301025391 -0.0912322998046875 -0.027496337890625
-0.0113983154296875 0.0241184234619141 -0.0916900634765625 -0.101234436035156
0.00793838500976563 0.0416603088378906 -0.177749633789063 -0.135955810546875
0.0145187377929687 0.0393409729003906 -0.2698974609375 -0.0928497314453125
0.0155448913574219 0.0433158874511719 -0.264739990234375 -0.07354736328125
0.0210723876953125 0.0603904724121094 -0.249969482421875 -0.0923004150390625
-0.00339508056640625 0.0584144592285156 -0.17889404296875 -0.137435913085937
-0.0332145690917969 0.0534934997558594 -0.09832763671875 -0.110336303710937
-0.0473136901855469 0.017608642578125 -0.0542831420898437 -0.0726776123046875
-0.0352821350097656 -0.0136375427246094 -0.0271492004394531 -0.0130691528320312
-0.00761127471923828 0.00981998443603515 -0.0951690673828125 0.103805541992188
-0.0331039428710938 0.0468254089355469 -0.232757568359375 0.100875854492188
-0.1619873046875 -0.019500732421875 0.24578857421875 -0.152740478515625
-0.12957763671875 0.0467529296875 0.130050659179688 -0.145858764648438
-0.0760574340820313 0.1241455078125 0.00461006164550781 -0.00999736785888671
0.0178375244140625 0.11456298828125 0.0161476135253906 0.063446044921875
0.0733566284179688 0.0724029541015625 0.048858642578125 0.138771057128906
0.0762710571289063 0.00504302978515625 0.160369873046875 0.154281616210938
0.0792617797851563 -0.00763702392578125 0.26513671875 0.093170166015625
0.0789260864257813 0.0159378051757813 0.264755249023438 0.0694122314453125
0.0791397094726563 0.003204345703125 0.268020629882813 0.0782470703125
0.0665168762207031 0.0368003845214844 0.194442749023438 0.115997314453125
0.0509185791015625 0.0721054077148438 0.100372314453125 0.0701446533203125
0.0035247802734375 0.115394592285156 0.09844970703125 -0.00357055664062499
-0.0922470092773438 0.0904388427734375 0.156112670898438 -0.067901611328125
-0.119499206542969 0.0441131591796875 0.2757568359375 -0.134536743164063
-0.12359619140625 -0.0244903564453125 0.49560546875 -0.07177734375
-0.307647705078125 0.029296875 0.211257934570313 -0.1385498046875
-0.251541137695313 0.0877227783203125 0.126853942871094 -0.131126403808594
-0.193161010742187 0.213134765625 -0.000106811523437513 -0.0199699401855469
-0.037353515625 0.222747802734375 -0.00597381591796875 0.0449562072753906
0.064910888671875 0.1934814453125 0.00617218017578124 0.131645202636719
0.135726928710938 0.100807189941406 0.120819091796875 0.151702880859375
0.171340942382813 0.0511932373046875 0.217391967773438 0.093505859375
0.170669555664062 0.0760345458984375 0.208663940429688 0.059417724609375
0.182525634765625 0.0519256591796875 0.22003173828125 0.0560150146484375
0.141281127929688 0.102508544921875 0.15673828125 0.07879638671875
0.09893798828125 0.164108276367188 0.067840576171875 0.0422897338867188
0.0201416015625 0.219879150390625 0.0732040405273438 -0.0342559814453125
-0.155746459960937 0.204574584960938 0.135261535644531 -0.106903076171875
-0.215728759765625 0.1434326171875 0.255325317382813 -0.1605224609375
-0.271072387695313 0.0493774414062499 0.443359375 -0.09332275390625
-0.4176025390625 0.0630187988281251 0.119194030761719 -0.119148254394531
-0.35382080078125 0.11614990234375 0.0878448486328125 -0.104927062988281
-0.300079345703125 0.280731201171875 -0.00945663452148439 -0.0241661071777344
-0.09912109375 0.3123779296875 -0.0222072601318359 0.0189990997314453
0.04095458984375 0.299072265625 -0.0313339233398438 0.0972900390625
0.172683715820313 0.191970825195313 0.066497802734375 0.115921020507813
0.236297607421875 0.10821533203125 0.135246276855469 0.071319580078125
0.236785888671875 0.126022338867188 0.120620727539063 0.0401153564453125
0.262542724609375 0.0875244140625 0.138076782226563 0.0290298461914063
0.207199096679688 0.14434814453125 0.091400146484375 0.0369110107421875
0.154998779296875 0.232681274414063 0.0207118988037109 0.0143795013427734
0.054107666015625 0.304473876953125 0.0369415283203125 -0.057281494140625
-0.188018798828125 0.307373046875 0.0975112915039063 -0.125564575195312
-0.2772216796875 0.23675537109375 0.206192016601563 -0.152175903320313
-0.378143310546875 0.118896484375 0.34429931640625 -0.0889892578125
-0.464996337890625 0.0958557128906249 -0.0139999389648438 -0.0953445434570312
-0.40386962890625 0.142059326171875 0.014892578125 -0.0703887939453125
-0.3533935546875 0.317291259765625 -0.0255470275878906 -0.0241756439208984
-0.13720703125 0.36248779296875 -0.0366134643554688 -0.0131301879882812
0.017181396484375 0.360626220703125 -0.0623092651367188 0.0408172607421875
0.185501098632812 0.252685546875 0.00190353393554689 0.0521202087402344
0.264892578125 0.147140502929688 0.0314311981201172 0.0322895050048828
0.267654418945313 0.156417846679688 0.0145292282104492 0.0145053863525391
0.3028564453125 0.110565185546875 0.0350074768066406 0.00394630432128907
0.241943359375 0.16552734375 0.00771284103393556 -0.00183391571044921
0.189498901367188 0.268402099609375 -0.0362510681152344 -0.00847244262695312
0.082305908203125 0.346649169921875 -0.00682067871093749 -0.0681495666503906
-0.1912841796875 0.36566162109375 0.0528717041015625 -0.120040893554687
-0.2974853515625 0.2933349609375 0.138664245605469 -0.107070922851562
-0.427154541015625 0.17010498046875 0.21124267578125 -0.056671142578125
-0.43804931640625 0.12054443359375 -0.16558837890625 -0.0642547607421875
-0.381561279296875 0.16009521484375 -0.0782394409179688 -0.0294647216796875
-0.329833984375 0.31304931640625 -0.0500526428222656 -0.0195846557617187
-0.133209228515625 0.3509521484375 -0.0541000366210938 -0.0430908203125
0.00476074218750004 0.35546875 -0.0884628295898438 -0.0245437622070312
0.174880981445313 0.2630615234375 -0.0681991577148437 -0.0244674682617187
0.253570556640625 0.157623291015625 -0.0811767578125 -0.0141220092773437
0.255905151367188 0.162445068359375 -0.0943450927734375 -0.011749267578125
0.2935791015625 0.119964599609375 -0.0739593505859375 -0.0171279907226562
0.231796264648438 0.168075561523438 -0.0805206298828125 -0.0347824096679687
0.179153442382812 0.266433715820313 -0.0910720825195312 -0.027984619140625
0.076995849609375 0.333038330078125 -0.0476531982421875 -0.0690383911132812
-0.1812744140625 0.3497314453125 0.0135650634765625 -0.0947799682617187
-0.27716064453125 0.285736083984375 0.0681724548339844 -0.0353660583496094
-0.41058349609375 0.18267822265625 0.0663375854492187 -0.00257110595703124
-0.338531494140625 0.131866455078125 -0.305084228515625 -0.0218811035156251
-0.285186767578125 0.159881591796875 -0.170608520507813 0.0164337158203125
-0.235794067382812 0.254592895507813 -0.0786895751953125 -0.009857177734375
-0.0920867919921875 0.272720336914063 -0.0741424560546875 -0.0587921142578125
0.00251770019531249 0.279037475585938 -0.105422973632812 -0.0772247314453125
0.138320922851563 0.219223022460938 -0.131599426269531 -0.0902633666992187
0.202835083007813 0.137771606445312 -0.182281494140625 -0.0536651611328125
0.205764770507813 0.142059326171875 -0.18896484375 -0.0341339111328125
0.234970092773437 0.1171875 -0.170425415039063 -0.0369720458984375
0.175003051757813 0.153778076171875 -0.152374267578125 -0.066864013671875
0.121246337890625 0.22802734375 -0.125984191894531 -0.0508804321289063
0.03497314453125 0.26336669921875 -0.0730514526367187 -0.0673904418945313
-0.160507202148437 0.260513305664063 -0.0132675170898438 -0.062103271484375
-0.220733642578125 0.216812133789063 0.00200653076171873 0.038116455078125
-0.33001708984375 0.157806396484375 -0.0704116821289063 0.0558853149414062
-0.187942504882812 0.118820190429688 -0.409454345703125 0.02813720703125
-0.147430419921875 0.128173828125 -0.242843627929688 0.0654296875000001
-0.107757568359375 0.151092529296875 -0.104080200195313 0.0100555419921875
-0.0401153564453125 0.150253295898438 -0.090301513671875 -0.05084228515625
-0.000259399414062516 0.158615112304688 -0.10968017578125 -0.102516174316406
0.0825119018554687 0.139328002929687 -0.175643920898438 -0.128875732421875
0.120803833007812 0.0950469970703125 -0.255172729492188 -0.076873779296875
0.122657775878906 0.101341247558594 -0.254348754882813 -0.051177978515625
0.140625 0.100189208984375 -0.238983154296875 -0.057952880859375
0.0900344848632813 0.120071411132812 -0.192535400390625 -0.100997924804687
0.0405120849609375 0.156173706054688 -0.130958557128906 -0.0801620483398437
-0.0186004638671875 0.1533203125 -0.0759658813476563 -0.0689163208007812
-0.117973327636719 0.126785278320313 -0.026641845703125 -0.0328407287597656
-0.130561828613281 0.112686157226562 -0.0536727905273438 0.0909881591796875
-0.198974609375 0.107009887695313 -0.178543090820313 0.09979248046875
-0.0150909423828125 0.0765762329101562 -0.46392822265625 0.078155517578125
-0.00296020507812501 0.0678215026855469 -0.28424072265625 0.114898681640625
0.01025390625 0.0263385772705078 -0.116950988769531 0.0416946411132813
-0.000207901000976562 0.0175933837890625 -0.09393310546875 -0.0233230590820313
-0.0113773345947266 0.0281448364257813 -0.100563049316406 -0.101661682128906
0.0117034912109375 0.04632568359375 -0.194244384765625 -0.13543701171875
0.0189552307128906 0.0421829223632813 -0.28875732421875 -0.081573486328125
0.0208549499511719 0.0460357666015625 -0.281494140625 -0.060150146484375
0.0284957885742187 0.0639114379882812 -0.268997192382813 -0.0800170898437499
0.00118255615234376 0.063385009765625 -0.1961669921875 -0.13311767578125
-0.0302352905273437 0.0594520568847656 -0.108200073242188 -0.109199523925781
-0.0482177734375 0.024383544921875 -0.0606002807617188 -0.0713272094726562
-0.0403366088867188 -0.00905990600585937 -0.0298309326171875 -0.0108509063720703
-0.011967658996582 0.0115718841552734 -0.0941314697265625 0.115646362304688
-0.036651611328125 0.0503158569335938 -0.241546630859375 0.123336791992187
-0.161727905273438 -0.00714111328124998 0.244247436523438 -0.174957275390625
-0.126686096191406 0.054534912109375 0.123580932617188 -0.158340454101563
-0.0680160522460937 0.128982543945313 0.00636863708496093 -0.0106935501098633
0.0241775512695313 0.112777709960938 0.0205917358398437 0.0619239807128906
0.0781707763671875 0.065643310546875 0.0578384399414062 0.13824462890625
0.0737228393554688 -0.000457763671875 0.17291259765625 0.149200439453125
0.0772857666015625 -0.0121078491210938 0.276382446289062 0.0774688720703125
0.0803451538085937 0.0102996826171875 0.274993896484375 0.0527801513671875
0.0783309936523438 -0.00347137451171875 0.280105590820313 0.06158447265625
0.0698204040527344 0.0328102111816406 0.208251953125 0.107666015625
0.0565261840820313 0.0698204040527344 0.106414794921875 0.0681228637695313
0.0123443603515625 0.11700439453125 0.0984573364257813 -0.00984191894531249
-0.0868148803710938 0.0977783203125 0.152374267578125 -0.079925537109375
-0.116539001464844 0.0529327392578125 0.270523071289063 -0.154937744140625
-0.126235961914063 -0.0136871337890625 0.4986572265625 -0.106903076171875
-0.3092041015625 0.0517578125 0.210235595703125 -0.157913208007813
-0.249313354492188 0.103836059570313 0.121749877929688 -0.143203735351563
-0.181259155273438 0.228424072265625 0.00231933593749999 -0.0188579559326172
-0.024688720703125 0.22711181640625 -0.00199127197265625 0.0450592041015625
0.077911376953125 0.1904296875 0.0148391723632813 0.133476257324219
0.140609741210938 0.09326171875 0.133087158203125 0.1483154296875
0.1748046875 0.042144775390625 0.228652954101562 0.081207275390625
0.178421020507813 0.06646728515625 0.21905517578125 0.047515869140625
0.187286376953125 0.0401763916015625 0.2291259765625 0.042755126953125
0.14971923828125 0.0950775146484375 0.167816162109375 0.0732574462890625
0.11175537109375 0.161453247070313 0.072235107421875 0.04193115234375
0.036376953125 0.22357177734375 0.072235107421875 -0.0394058227539062
-0.14556884765625 0.21954345703125 0.128837585449219 -0.116546630859375
-0.209732055664063 0.159912109375 0.248809814453125 -0.179000854492187
-0.273117065429688 0.0714569091796875 0.443572998046875 -0.123046875
-0.420867919921875 0.094390869140625 0.118309020996094 -0.131462097167969
-0.352996826171875 0.140167236328125 0.0842132568359375 -0.114051818847656
-0.28546142578125 0.305419921875 -0.00485229492187502 -0.0214176177978515
-0.08209228515625 0.32318115234375 -0.0187339782714844 0.0201225280761719
0.061553955078125 0.300994873046875 -0.0235595703125 0.101219177246094
0.185531616210938 0.1839599609375 0.0762710571289063 0.113800048828125
0.245758056640625 0.0962066650390625 0.144210815429688 0.0638427734375
0.25042724609375 0.113052368164062 0.128044128417969 0.0342330932617188
0.27130126953125 0.0706634521484375 0.144027709960938 0.0213623046875
0.219268798828125 0.134811401367188 0.0981826782226563 0.0347061157226563
0.1722412109375 0.22705078125 0.0231361389160156 0.0169677734375
0.07635498046875 0.30810546875 0.0341835021972656 -0.0599288940429687
-0.17242431640625 0.328582763671875 0.0893173217773437 -0.13189697265625
-0.267257690429687 0.258529663085938 0.1986083984375 -0.166366577148437
-0.380401611328125 0.150360107421875 0.343902587890625 -0.11041259765625
-0.46881103515625 0.1297607421875 -0.0153961181640625 -0.0971832275390625
-0.4036865234375 0.17108154296875 0.0130157470703125 -0.0735092163085938
-0.338348388671875 0.349090576171875 -0.0205059051513672 -0.0197048187255859
-0.11767578125 0.3780517578125 -0.0348014831542969 -0.0100879669189453
0.04254150390625 0.3668212890625 -0.0583686828613281 0.0466346740722656
0.204254150390625 0.246551513671875 0.00589752197265626 0.0519676208496094
0.278656005859375 0.134124755859375 0.0351333618164063 0.0312080383300781
0.28411865234375 0.14300537109375 0.0182743072509766 0.0156002044677734
0.315460205078125 0.0911865234375 0.0367622375488281 0.00285720825195313
0.256484985351563 0.154037475585938 0.00933361053466798 0.000513076782226572
0.209945678710938 0.261505126953125 -0.0351715087890625 -0.00290298461914062
0.10809326171875 0.34906005859375 -0.0106239318847656 -0.0671615600585937
-0.173095703125 0.388702392578125 0.044281005859375 -0.122970581054687
-0.2852783203125 0.316558837890625 0.133720397949219 -0.115081787109375
-0.427276611328125 0.204681396484375 0.209701538085937 -0.0676422119140625
-0.44134521484375 0.153350830078125 -0.168548583984375 -0.0540618896484375
-0.379974365234375 0.187408447265625 -0.0795135498046875 -0.0247726440429687
-0.31658935546875 0.344451904296875 -0.0452880859375 -0.0136375427246093
-0.113494873046875 0.367645263671875 -0.0536422729492188 -0.0397186279296875
0.0296630859375 0.362945556640625 -0.0887298583984375 -0.0184707641601562
0.194931030273438 0.258056640625 -0.0708084106445312 -0.022369384765625
0.268569946289063 0.145889282226562 -0.0827255249023437 -0.00833892822265622
0.274032592773438 0.149948120117188 -0.094818115234375 -0.00328063964843749
0.307281494140625 0.10211181640625 -0.0763397216796875 -0.0108718872070312
0.246307373046875 0.158172607421875 -0.083251953125 -0.0278701782226562
0.19903564453125 0.26025390625 -0.0920028686523437 -0.0202484130859375
0.10113525390625 0.335662841796875 -0.051300048828125 -0.0657119750976563
-0.16461181640625 0.371673583984375 0.00637054443359374 -0.0944747924804687
-0.2666015625 0.30810546875 0.0665206909179688 -0.0372085571289062
-0.4107666015625 0.216064453125 0.0651512145996093 -0.00165557861328124
-0.3408203125 0.15692138671875 -0.3084716796875 -0.001922607421875
-0.284149169921875 0.180389404296875 -0.170379638671875 0.0292816162109375
-0.22491455078125 0.277236938476563 -0.0746536254882813 -0.00229644775390624
-0.07708740234375 0.285247802734375 -0.0755615234375 -0.0541915893554687
0.0220947265625 0.2869873046875 -0.109756469726562 -0.0712203979492188
0.155792236328125 0.216323852539063 -0.139671325683594 -0.0861663818359375
0.216415405273438 0.128646850585938 -0.188995361328125 -0.041717529296875
0.221084594726563 0.133102416992188 -0.192855834960938 -0.020721435546875
0.248870849609375 0.104232788085938 -0.1761474609375 -0.02398681640625
0.1885986328125 0.147384643554688 -0.159255981445313 -0.0566558837890625
0.137908935546875 0.224777221679688 -0.129165649414063 -0.0420608520507812
0.0535430908203125 0.267242431640625 -0.0765457153320313 -0.0623550415039062
-0.148910522460937 0.279037475585937 -0.01873779296875 -0.0598182678222656
-0.213821411132812 0.234603881835938 0.00437545776367186 0.0417556762695313
-0.330841064453125 0.183929443359375 -0.0703277587890625 0.06658935546875
-0.188217163085938 0.1322021484375 -0.412628173828125 0.05584716796875
-0.14495849609375 0.139328002929687 -0.240493774414063 0.0838775634765625
-0.102279663085938 0.162979125976563 -0.100509643554688 0.01849365234375
-0.032623291015625 0.157119750976563 -0.09185791015625 -0.045501708984375
0.010345458984375 0.164642333984375 -0.116867065429688 -0.097747802734375
0.0942611694335938 0.138542175292969 -0.187728881835938 -0.122146606445313
0.130622863769531 0.0902252197265625 -0.265792846679688 -0.0607452392578125
0.133842468261719 0.0972900390625 -0.26153564453125 -0.0340728759765625
0.152389526367188 0.0935821533203125 -0.247802734375 -0.0407867431640625
0.100181579589844 0.118560791015625 -0.203109741210937 -0.0897369384765625
0.0519561767578125 0.158035278320313 -0.136268615722656 -0.07293701171875
-0.00808715820312499 0.15924072265625 -0.080230712890625 -0.0634002685546875
-0.114593505859375 0.140190124511719 -0.0302829742431641 -0.0296974182128906
-0.129867553710937 0.123664855957031 -0.0489654541015625 0.0986251831054688
-0.200942993164062 0.12249755859375 -0.17706298828125 0.118392944335938
-0.0142288208007813 0.076904296875 -0.465667724609375 0.11041259765625
-0.000904083251953119 0.0687255859375 -0.279937744140625 0.136428833007813
0.00963401794433593 0.0257930755615234 -0.11297607421875 0.0495071411132813
4.95910644531253E-05 0.0184745788574219 -0.0941314697265625 -0.0177078247070312
-0.0110549926757812 0.0318470001220703 -0.108406066894531 -0.0985794067382813
0.0164108276367187 0.0492668151855469 -0.208038330078125 -0.127853393554688
0.0238037109375 0.0429649353027344 -0.30126953125 -0.0634765624999999
0.026336669921875 0.0469398498535156 -0.2901611328125 -0.041748046875
0.0368080139160156 0.064361572265625 -0.27947998046875 -0.0613250732421875
0.007110595703125 0.0657081604003906 -0.20965576171875 -0.122848510742187
-0.0262222290039063 0.0640640258789062 -0.115547180175781 -0.104766845703125
-0.0470809936523438 0.0307540893554687 -0.0657730102539063 -0.067047119140625
-0.0434646606445313 -0.00260162353515625 -0.0315380096435547 -0.00748634338378907
-0.0152339935302734 0.0134210586547852 -0.0886993408203125 0.125900268554687
-0.0384635925292969 0.0529708862304688 -0.24029541015625 0.143966674804688
-0.15924072265625 0.0011749267578125 0.240264892578125 -0.188385009765625
-0.122657775878906 0.0588531494140625 0.117813110351562 -0.165496826171875
-0.061309814453125 0.130378723144531 0.00794410705566406 -0.0110301971435547
0.0287094116210937 0.1097412109375 0.022918701171875 0.0595970153808594
0.079559326171875 0.0588836669921875 0.0630645751953125 0.135498046875
0.0698890686035156 -0.00394058227539063 0.180770874023438 0.144119262695313
0.0744552612304688 -0.0143966674804688 0.28240966796875 0.0648193359375
0.079498291015625 0.00600433349609375 0.278854370117188 0.0399322509765625
0.0755691528320313 -0.00732421875 0.2850341796875 0.048004150390625
0.0704498291015625 0.0290908813476562 0.216415405273438 0.100601196289063
0.0597114562988281 0.066802978515625 0.109542846679688 0.0667037963867188
0.0195770263671875 0.116462707519531 0.0971755981445313 -0.0136947631835937
-0.0816650390625 0.101799011230469 0.147705078125 -0.0872039794921875
-0.112350463867188 0.0576019287109375 0.262115478515625 -0.167343139648438
-0.125633239746094 -0.00503540039062502 0.491973876953125 -0.1273193359375
-0.30560302734375 0.0676269531249999 0.2076416015625 -0.169891357421875
-0.244964599609375 0.113845825195313 0.116744995117188 -0.150314331054688
-0.169906616210938 0.236587524414063 0.0061359405517578 -0.0182514190673828
-0.0151214599609375 0.227020263671875 0.00115585327148438 0.0441474914550781
0.0859527587890625 0.184768676757813 0.0216903686523438 0.132919311523438
0.141525268554688 0.08685302734375 0.140594482421875 0.143508911132813
0.175094604492188 0.0358123779296875 0.234237670898437 0.0712738037109375
0.181732177734375 0.058563232421875 0.223312377929687 0.037933349609375
0.187210083007813 0.0311279296875 0.233978271484375 0.03167724609375
0.153518676757813 0.089019775390625 0.173629760742188 0.0672607421875
0.119064331054688 0.156448364257813 0.07440185546875 0.0422821044921875
0.04736328125 0.223464965820313 0.0699386596679688 -0.0416831970214844
-0.136138916015625 0.228790283203125 0.122428894042969 -0.120811462402344
-0.20269775390625 0.169204711914063 0.240249633789063 -0.189315795898438
-0.270889282226563 0.08758544921875 0.437408447265625 -0.142333984375
-0.416534423828125 0.116363525390625 0.117149353027344 -0.139213562011719
-0.347381591796875 0.155120849609375 0.080841064453125 -0.119300842285156
-0.270111083984375 0.31939697265625 0.000448226928710921 -0.0206928253173828
-0.068695068359375 0.326873779296875 -0.0157985687255859 0.020498275756836
0.0753173828125 0.297149658203125 -0.0172348022460937 0.102851867675781
0.191055297851563 0.17645263671875 0.08172607421875 0.111099243164063
0.2484130859375 0.08697509765625 0.149032592773438 0.0578460693359375
0.25714111328125 0.102645874023437 0.132186889648438 0.0291061401367188
0.273757934570312 0.058319091796875 0.146820068359375 0.0155181884765625
0.22491455078125 0.125900268554688 0.102241516113281 0.03289794921875
0.18255615234375 0.220306396484375 0.0252132415771485 0.0192642211914063
0.09185791015625 0.306365966796875 0.0316276550292969 -0.0599517822265625
-0.159271240234375 0.340423583984375 0.0822830200195312 -0.133499145507812
-0.2579345703125 0.27044677734375 0.190811157226562 -0.173477172851562
-0.375823974609375 0.171356201171875 0.337493896484375 -0.12371826171875
-0.465606689453125 0.153076171875 -0.0154800415039063 -0.09857177734375
-0.39837646484375 0.1876220703125 0.0114898681640625 -0.0745468139648437
-0.32232666015625 0.36767578125 -0.0137939453125 -0.0171365737915039
-0.1005859375 0.384185791015625 -0.031951904296875 -0.00856971740722654
0.0609130859375 0.366607666015625 -0.0538597106933594 0.0496749877929688
0.21429443359375 0.2381591796875 0.00823593139648439 0.051025390625
0.284149169921875 0.123870849609375 0.0386314392089844 0.029449462890625
0.29364013671875 0.13140869140625 0.0211238861083985 0.0160942077636719
0.319854736328125 0.076507568359375 0.0377960205078125 0.00301742553710938
0.263641357421875 0.144088745117188 0.0111017227172852 0.00240707397460938
0.221282958984375 0.253005981445313 -0.0336437225341797 0.00159645080566408
0.124267578125 0.3468017578125 -0.0128593444824219 -0.0655250549316406
-0.1566162109375 0.4013671875 0.0381088256835938 -0.121986389160156
-0.273895263671875 0.329803466796875 0.128646850585937 -0.118644714355469
-0.422698974609375 0.228302001953125 0.206024169921875 -0.0728302001953125
-0.438232421875 0.175445556640625 -0.1673583984375 -0.0470733642578125
-0.376373291015625 0.2047119140625 -0.079132080078125 -0.021087646484375
-0.30133056640625 0.3624267578125 -0.0386466979980469 -0.0102195739746094
-0.0982666015625 0.375213623046875 -0.0519218444824219 -0.0367584228515625
0.04730224609375 0.364349365234375 -0.0870513916015625 -0.01373291015625
0.20709228515625 0.251144409179688 -0.0727157592773437 -0.0205459594726562
0.275604248046875 0.135330200195312 -0.08251953125 -0.00411224365234375
0.28460693359375 0.138519287109375 -0.0931625366210937 0.00225830078125001
0.313262939453125 0.08856201171875 -0.0764007568359375 -0.00489044189453124
0.25323486328125 0.149398803710938 -0.0836105346679687 -0.0222549438476562
0.211013793945313 0.252655029296875 -0.0906295776367187 -0.0136947631835937
0.117767333984375 0.33245849609375 -0.0531578063964844 -0.0617294311523437
-0.14971923828125 0.38385009765625 0.00148773193359375 -0.0912246704101562
-0.25579833984375 0.320068359375 0.0654525756835937 -0.0369758605957031
-0.40625 0.238311767578125 0.0636940002441406 0.00026321411132814
-0.337554931640625 0.173492431640625 -0.306488037109375 0.012298583984375
-0.280548095703125 0.193634033203125 -0.167984008789063 0.0375823974609375
-0.2138671875 0.290679931640625 -0.0687026977539063 0.00210952758789065
-0.06640625 0.2908935546875 -0.0745010375976563 -0.0504379272460937
0.03521728515625 0.289520263671875 -0.111076354980469 -0.0663604736328125
0.167068481445313 0.212005615234375 -0.144866943359375 -0.081756591796875
0.223403930664063 0.120712280273438 -0.191558837890625 -0.032562255859375
0.230743408203125 0.12451171875 -0.192855834960937 -0.0109405517578125
0.255783081054688 0.0930328369140625 -0.176483154296875 -0.0135040283203125
0.195053100585938 0.14117431640625 -0.161712646484375 -0.0472412109375
0.1483154296875 0.220123291015625 -0.128631591796875 -0.0350875854492187
0.0655517578125 0.266769409179688 -0.0783157348632813 -0.0577239990234375
-0.138427734375 0.2904052734375 -0.0218429565429688 -0.0558052062988281
-0.207717895507813 0.244155883789063 0.00662994384765623 0.0442047119140625
-0.32757568359375 0.20111083984375 -0.068817138671875 0.0745010375976563
-0.186859130859375 0.14093017578125 -0.408843994140625 0.075225830078125
-0.142364501953125 0.145828247070313 -0.236358642578125 0.0964202880859375
-0.0978546142578125 0.169113159179688 -0.0958023071289062 0.0231170654296875
-0.026641845703125 0.160003662109375 -0.090576171875 -0.0415191650390625
0.0180511474609375 0.16741943359375 -0.118782043457031 -0.093109130859375
0.1021728515625 0.136878967285156 -0.1949462890625 -0.1165771484375
0.136222839355469 0.0863418579101563 -0.270248413085938 -0.0485839843749999
0.140480041503906 0.0927886962890625 -0.262588500976563 -0.02105712890625
0.159622192382813 0.087677001953125 -0.248550415039062 -0.0270538330078125
0.106346130371094 0.115943908691406 -0.207870483398438 -0.07977294921875
0.0587005615234375 0.157135009765625 -0.138008117675781 -0.06658935546875
-0.000686645507812513 0.161376953125 -0.0822219848632813 -0.0584259033203125
-0.109771728515625 0.149093627929688 -0.0318832397460938 -0.0262622833251953
-0.128013610839844 0.1297607421875 -0.0442657470703125 0.103248596191406
-0.200531005859375 0.13250732421875 -0.17333984375 0.130661010742187
-0.0144424438476562 0.0769805908203125 -0.460052490234375 0.132232666015625
0.000263214111328123 0.0675239562988281 -0.272872924804688 0.150466918945312
0.0079803466796875 0.0257320404052734 -0.109130859375 0.0532684326171875
-0.000751495361328125 0.0194129943847656 -0.09185791015625 -0.0136489868164062
-0.00936126708984375 0.0350322723388672 -0.111595153808594 -0.0952682495117187
0.0208625793457031 0.0502815246582031 -0.215911865234375 -0.121871948242187
0.0277290344238281 0.043121337890625 -0.3062744140625 -0.04913330078125
0.0302886962890625 0.0472412109375 -0.292724609375 -0.028076171875
0.0434112548828125 0.0638580322265625 -0.281707763671875 -0.04693603515625
0.011199951171875 0.066925048828125 -0.216140747070312 -0.11309814453125
-0.0223731994628906 0.0670280456542969 -0.119094848632813 -0.100227355957031
-0.0451698303222656 0.0345382690429688 -0.0675048828125 -0.0625228881835938
-0.0451736450195312 0.00218582153320313 -0.0329418182373047 -0.00495147705078125
-0.0181236267089844 0.0154170989990234 -0.0836639404296875 0.131843566894531
-0.0403518676757813 0.0547866821289062 -0.236434936523438 0.158920288085938
-0.15716552734375 0.00602722167968751 0.240509033203125 -0.197906494140625
-0.120735168457031 0.060821533203125 0.116241455078125 -0.169845581054688
-0.0575714111328125 0.131027221679688 0.0111532211303711 -0.011993408203125
0.0305862426757813 0.107933044433594 0.0237312316894531 0.0577049255371094
0.0790634155273438 0.0548782348632813 0.0654830932617187 0.134803771972656
0.0664520263671875 -0.00506591796875 0.185791015625 0.143356323242188
0.0726318359375 -0.0151748657226563 0.286865234375 0.058197021484375
0.0796356201171875 0.0041046142578125 0.2833251953125 0.033477783203125
0.0737991333007813 -0.0094757080078125 0.28973388671875 0.040496826171875
0.07086181640625 0.0271835327148438 0.222610473632813 0.097381591796875
0.06195068359375 0.0657577514648438 0.112068176269531 0.0674514770507813
0.022491455078125 0.117027282714844 0.0966567993164062 -0.0157470703125
-0.0794296264648438 0.104629516601562 0.144912719726563 -0.091217041015625
-0.110267639160156 0.059967041015625 0.25970458984375 -0.174102783203125
-0.124412536621094 0.000793457031249989 0.491607666015625 -0.1396484375
-0.303558349609375 0.076934814453125 0.208526611328125 -0.178253173828125
-0.243209838867187 0.11871337890625 0.115814208984375 -0.1553955078125
-0.164596557617187 0.240829467773438 0.0106430053710937 -0.0191764831542969
-0.0112457275390625 0.22698974609375 0.00237274169921875 0.0430870056152344
0.0899505615234375 0.181106567382812 0.02496337890625 0.133201599121094
0.140640258789063 0.084869384765625 0.145645141601563 0.14324951171875
0.17510986328125 0.0329132080078125 0.239105224609375 0.0653533935546875
0.18487548828125 0.055023193359375 0.22747802734375 0.032989501953125
0.187149047851563 0.026519775390625 0.238052368164063 0.026092529296875
0.156036376953125 0.0861968994140625 0.179672241210938 0.0658416748046875
0.123794555664062 0.1556396484375 0.0776138305664063 0.0442962646484375
0.0540008544921875 0.22454833984375 0.0692825317382813 -0.042938232421875
-0.132888793945312 0.235366821289063 0.119583129882812 -0.123420715332031
-0.199462890625 0.174468994140625 0.237075805664063 -0.1949462890625
-0.270965576171875 0.0974578857421875 0.436859130859375 -0.15155029296875
-0.416473388671875 0.128204345703125 0.118179321289062 -0.145111083984375
-0.34759521484375 0.163055419921875 0.081146240234375 -0.1231689453125
-0.263427734375 0.327728271484375 0.0062885284423828 -0.0210247039794922
-0.061676025390625 0.329437255859375 -0.0130653381347656 0.0203533172607422
0.083251953125 0.29644775390625 -0.0138702392578125 0.103828430175781
0.193740844726562 0.172882080078125 0.0852737426757813 0.110305786132813
0.251113891601563 0.0827789306640625 0.1531982421875 0.053863525390625
0.262741088867187 0.0972900390625 0.136009216308594 0.026336669921875
0.276504516601563 0.0521240234375 0.150375366210938 0.0126800537109375
0.229095458984375 0.122894287109375 0.1060791015625 0.0327072143554688
0.189483642578125 0.218795776367187 0.0273780822753906 0.0220394134521485
0.100860595703125 0.30767822265625 0.0312271118164063 -0.0601959228515625
-0.15338134765625 0.350006103515625 0.0797348022460937 -0.13360595703125
-0.254196166992187 0.278839111328125 0.187973022460938 -0.17730712890625
-0.376983642578125 0.18499755859375 0.336883544921875 -0.1290283203125
-0.46539306640625 0.167999267578125 -0.0141754150390625 -0.0998764038085937
-0.39947509765625 0.1978759765625 0.0115280151367187 -0.0759735107421875
-0.31451416015625 0.37896728515625 -0.0074129104614258 -0.0167865753173828
-0.092620849609375 0.39031982421875 -0.0291633605957031 -0.00830268859863278
0.0703125 0.36810302734375 -0.0508880615234375 0.0515708923339844
0.219436645507813 0.235122680664063 0.00922012329101564 0.05059814453125
0.289215087890625 0.11907958984375 0.0403213500976563 0.0286788940429688
0.30126953125 0.125244140625 0.0239620208740235 0.0164318084716797
0.32373046875 0.06976318359375 0.0401153564453125 0.00343704223632813
0.268539428710938 0.141143798828125 0.0130748748779297 0.00430393218994141
0.228912353515625 0.25042724609375 -0.0318412780761719 0.00517654418945314
0.13427734375 0.3463134765625 -0.0130844116210937 -0.0646553039550781
-0.149871826171875 0.41168212890625 0.0355148315429687 -0.119903564453125
-0.26971435546875 0.33868408203125 0.127235412597656 -0.120124816894531
-0.423919677734375 0.243377685546875 0.204864501953125 -0.07391357421875
-0.439300537109375 0.188018798828125 -0.166458129882813 -0.0442352294921875
-0.378570556640625 0.2144775390625 -0.078857421875 -0.0189590454101562
-0.295257568359375 0.373016357421875 -0.0330562591552735 -0.00899696350097654
-0.09039306640625 0.381988525390625 -0.0498542785644531 -0.034820556640625
0.05792236328125 0.3677978515625 -0.0855331420898438 -0.0119094848632812
0.213973999023438 0.249053955078125 -0.0740203857421875 -0.0202560424804688
0.280792236328125 0.132369995117187 -0.0825576782226562 -0.00231170654296875
0.292449951171875 0.133880615234375 -0.0918350219726562 0.00563049316406252
0.31768798828125 0.081207275390625 -0.0753707885742187 -0.00135040283203125
0.2581787109375 0.14630126953125 -0.08343505859375 -0.0185470581054687
0.218307495117188 0.250747680664063 -0.0888671875 -0.010040283203125
0.125946044921875 0.3331298828125 -0.0530662536621094 -0.0596961975097656
-0.14288330078125 0.39434814453125 -0.000251770019531252 -0.0875473022460937
-0.253326416015625 0.328277587890625 0.0659942626953125 -0.0364761352539062
-0.407806396484375 0.252593994140625 0.063323974609375 0.00393676757812502
-0.339508056640625 0.183013916015625 -0.30596923828125 0.0201416015625
-0.282379150390625 0.20147705078125 -0.167327880859375 0.0430755615234375
-0.211395263671875 0.300384521484375 -0.064300537109375 0.00324630737304689
-0.06097412109375 0.296661376953125 -0.0726547241210938 -0.0483169555664062
0.043212890625 0.29388427734375 -0.110801696777344 -0.0644073486328125
0.173202514648438 0.211517333984375 -0.149642944335938 -0.0808258056640625
0.228485107421875 0.11859130859375 -0.193954467773437 -0.027740478515625
0.238693237304688 0.12188720703125 -0.192642211914062 -0.00491333007812495
0.261322021484375 0.0880584716796875 -0.17694091796875 -0.00668334960937498
0.199600219726563 0.140045166015625 -0.1636962890625 -0.042633056640625
0.154098510742188 0.219329833984375 -0.127922058105469 -0.0314865112304687
0.072662353515625 0.267669677734375 -0.0780563354492188 -0.0545578002929687
-0.13421630859375 0.299591064453125 -0.0230522155761719 -0.05206298828125
-0.207061767578125 0.250564575195313 0.00835800170898436 0.0471611022949219
-0.330322265625 0.21356201171875 -0.0679550170898438 0.0817947387695313
-0.18927001953125 0.146011352539063 -0.407928466796875 0.0855712890625001
-0.143356323242188 0.149749755859375 -0.234954833984375 0.103073120117188
-0.0973052978515625 0.1734619140625 -0.0930328369140625 0.0242462158203125
-0.0244903564453125 0.1624755859375 -0.0887298583984375 -0.039886474609375
0.0226898193359375 0.170974731445312 -0.119956970214844 -0.092315673828125
0.10693359375 0.137680053710938 -0.201568603515625 -0.115081787109375
0.140457153320312 0.0850906372070312 -0.274307250976563 -0.041778564453125
0.146575927734375 0.09161376953125 -0.2640380859375 -0.013763427734375
0.165237426757813 0.084716796875 -0.2506103515625 -0.020050048828125
0.110160827636719 0.116455078125 -0.211013793945313 -0.074951171875
0.0627593994140625 0.15826416015625 -0.138465881347656 -0.0640029907226562
0.00363159179687501 0.16400146484375 -0.0823211669921875 -0.0554122924804687
-0.108200073242187 0.156295776367188 -0.0328445434570313 -0.0227031707763672
-0.129608154296875 0.134025573730469 -0.0415802001953125 0.106719970703125
-0.202774047851563 0.139312744140625 -0.173110961914062 0.139877319335938
-0.0163040161132813 0.0768280029296875 -0.458404541015625 0.14453125
6.1035156250003E-05 0.0672187805175781 -0.271133422851563 0.158432006835938
0.005889892578125 0.0256462097167969 -0.107826232910156 0.0552749633789062
-0.00118446350097656 0.0201568603515625 -0.0903701782226563 -0.0124740600585937
-0.00859832763671875 0.0386428833007813 -0.112770080566406 -0.0950241088867188
0.0237846374511719 0.051727294921875 -0.222259521484375 -0.119964599609375
0.03009033203125 0.0440902709960938 -0.3115234375 -0.0410766601562501
0.0337867736816406 0.0481300354003906 -0.295318603515625 -0.0209045410156249
0.0481758117675781 0.0636978149414063 -0.2841796875 -0.038604736328125
0.0145187377929688 0.06866455078125 -0.22137451171875 -0.108352661132813
-0.0201759338378906 0.0689697265625 -0.121047973632813 -0.0990524291992187
-0.0436286926269531 0.0374526977539063 -0.0683937072753906 -0.06005859375
-0.0463943481445313 0.00659561157226563 -0.0334548950195313 -0.00215339660644531
-0.0213298797607422 0.0176429748535156 -0.0813674926757812 0.136360168457031
-0.0433158874511719 0.0564384460449219 -0.236328125 0.16839599609375
-0.1580810546875 0.00885009765625 0.2484130859375 -0.208831787109375
-0.122154235839844 0.0626449584960937 0.118896484375 -0.177566528320313
-0.0561599731445313 0.133781433105469 0.0142221450805664 -0.0135669708251953
0.031463623046875 0.10821533203125 0.0245742797851563 0.057525634765625
0.0796432495117187 0.0529098510742188 0.0676803588867188 0.1385498046875
0.06512451171875 -0.005584716796875 0.194259643554688 0.1466064453125
0.0730743408203125 -0.0153427124023438 0.29693603515625 0.054443359375
0.0809478759765625 0.00292205810546875 0.2926025390625 0.029388427734375
0.0734786987304688 -0.0106277465820313 0.29937744140625 0.03631591796875
0.0727615356445313 0.0264358520507813 0.232879638671875 0.0981903076171875
0.0644645690917969 0.0665817260742188 0.116172790527344 0.0710296630859375
0.0266189575195313 0.119842529296875 0.0981597900390625 -0.0173873901367187
-0.0803604125976563 0.108749389648438 0.146331787109375 -0.0957183837890625
-0.1114501953125 0.0625991821289062 0.262969970703125 -0.181533813476563
-0.125900268554688 0.00460052490234374 0.50067138671875 -0.1495361328125
-0.3089599609375 0.08380126953125 0.215164184570312 -0.18817138671875
-0.248382568359375 0.123931884765625 0.11822509765625 -0.162689208984375
-0.164199829101562 0.249053955078125 0.0154743194580078 -0.0217494964599609
-0.00933837890625001 0.232009887695313 0.003753662109375 0.0428504943847656
0.093231201171875 0.1827392578125 0.0266342163085938 0.136688232421875
0.142227172851563 0.0853271484375 0.151947021484375 0.146713256835938
0.178970336914063 0.0328826904296875 0.247634887695312 0.061920166015625
0.191009521484375 0.05364990234375 0.235824584960938 0.02984619140625
0.19134521484375 0.0248260498046875 0.24639892578125 0.0237579345703125
0.160781860351563 0.086151123046875 0.188507080078125 0.066375732421875
0.129348754882813 0.158157348632812 0.0810012817382813 0.048095703125
0.060150146484375 0.231094360351563 0.0707168579101563 -0.0443649291992187
-0.133193969726563 0.246246337890625 0.120880126953125 -0.127273559570312
-0.203170776367188 0.181549072265625 0.240036010742188 -0.202102661132813
-0.277252197265625 0.106918334960938 0.445343017578125 -0.1588134765625
-0.4254150390625 0.138214111328125 0.12255859375 -0.153045654296875
-0.356353759765625 0.171356201171875 0.0826644897460937 -0.128578186035156
-0.264495849609375 0.340118408203125 0.0124969482421875 -0.023162841796875
-0.058868408203125 0.338348388671875 -0.0108966827392578 0.020040512084961
0.089385986328125 0.301727294921875 -0.0118179321289063 0.107254028320313
0.198654174804688 0.175979614257813 0.0894012451171875 0.113082885742188
0.25897216796875 0.08331298828125 0.159622192382813 0.05206298828125
0.273483276367187 0.095977783203125 0.142898559570313 0.025238037109375
0.28350830078125 0.049530029296875 0.15643310546875 0.0107879638671875
0.236236572265625 0.12322998046875 0.111991882324219 0.033203125
0.198150634765625 0.222610473632812 0.0300388336181641 0.0255374908447266
0.108551025390625 0.3157958984375 0.0325851440429688 -0.0618820190429687
-0.153106689453125 0.36529541015625 0.0803451538085937 -0.135826110839844
-0.258880615234375 0.289581298828125 0.191024780273438 -0.182968139648438
-0.386138916015625 0.198974609375 0.343841552734375 -0.133819580078125
-0.47674560546875 0.179412841796875 -0.012969970703125 -0.103813171386719
-0.4114990234375 0.20916748046875 0.0123443603515625 -0.0784378051757813
-0.318817138671875 0.395355224609375 -0.000957489013671893 -0.0190391540527344
-0.089813232421875 0.401092529296875 -0.0269145965576172 -0.00833702087402341
0.078521728515625 0.376739501953125 -0.0498085021972656 0.0538749694824219
0.22747802734375 0.23944091796875 0.00953674316406251 0.0523643493652344
0.298187255859375 0.11968994140625 0.0428733825683594 0.0283546447753906
0.314910888671875 0.124298095703125 0.0267066955566406 0.0168228149414063
0.333282470703125 0.067169189453125 0.0432014465332031 0.00405502319335938
0.27789306640625 0.142288208007813 0.0154037475585938 0.00575923919677735
0.239227294921875 0.25506591796875 -0.0300254821777344 0.00810050964355471
0.143524169921875 0.355682373046875 -0.0122108459472656 -0.0655364990234375
-0.14898681640625 0.4293212890625 0.0363311767578125 -0.119865417480469
-0.275238037109375 0.35101318359375 0.129249572753906 -0.12274169921875
-0.435333251953125 0.259857177734375 0.20855712890625 -0.07403564453125
-0.450927734375 0.200225830078125 -0.169082641601563 -0.042877197265625
-0.388946533203125 0.226593017578125 -0.0800628662109375 -0.0176162719726562
-0.298919677734375 0.390625 -0.027679443359375 -0.0100383758544922
-0.088623046875 0.393829345703125 -0.0479850769042969 -0.0353126525878906
0.06591796875 0.378936767578125 -0.085357666015625 -0.01092529296875
0.2225341796875 0.254684448242188 -0.0778579711914062 -0.01995849609375
0.29144287109375 0.13323974609375 -0.0845489501953125 -0.000793457031249976
0.30645751953125 0.13336181640625 -0.0928115844726562 0.00786590576171877
0.328277587890625 0.078857421875 -0.0752334594726562 0.00121307373046877
0.266998291015625 0.148422241210938 -0.085113525390625 -0.0162200927734375
0.22784423828125 0.25494384765625 -0.0886764526367188 -0.00735473632812497
0.134552001953125 0.3414306640625 -0.0531883239746094 -0.0592994689941406
-0.14227294921875 0.411285400390625 -0.000213623046875014 -0.0860366821289062
-0.25860595703125 0.3399658203125 0.0674171447753906 -0.0357780456542969
-0.418548583984375 0.269500732421875 0.0644149780273437 0.00784301757812502
-0.350311279296875 0.1934814453125 -0.311553955078125 0.0252685546874999
-0.291595458984375 0.21099853515625 -0.170516967773438 0.0474853515625
-0.215118408203125 0.31353759765625 -0.0615997314453125 0.00374221801757814
-0.059173583984375 0.3067626953125 -0.0713653564453125 -0.048828125
0.05078125 0.30322265625 -0.111831665039062 -0.0651168823242187
0.181869506835938 0.216949462890625 -0.15606689453125 -0.081939697265625
0.237335205078125 0.12054443359375 -0.199813842773437 -0.0247650146484375
0.250274658203125 0.12188720703125 -0.197006225585938 -0.00160217285156247
0.271530151367188 0.0873260498046875 -0.18011474609375 -0.00297546386718753
0.207565307617188 0.142578125 -0.16790771484375 -0.040374755859375
0.161148071289063 0.224090576171875 -0.129074096679688 -0.0301132202148437
0.0786590576171875 0.275482177734375 -0.0784072875976563 -0.0536727905273437
-0.134063720703125 0.3138427734375 -0.0235443115234375 -0.0494194030761719
-0.211685180664063 0.260833740234375 0.0100631713867187 0.0500946044921875
-0.340850830078125 0.227294921875 -0.069488525390625 0.0896835327148438
-0.195968627929688 0.152435302734375 -0.416351318359375 0.09454345703125
-0.149246215820313 0.155426025390625 -0.239974975585937 0.110107421875
-0.100570678710938 0.181182861328125 -0.0927810668945313 0.025970458984375
-0.0244140625 0.168914794921875 -0.0890045166015625 -0.0392990112304687
0.026824951171875 0.178192138671875 -0.122024536132812 -0.0946197509765625
0.112945556640625 0.14190673828125 -0.21087646484375 -0.116714477539063
0.146774291992188 0.0871429443359375 -0.283172607421875 -0.037109375
0.155029296875 0.0929107666015625 -0.270706176757813 -0.0092620849609375
0.173385620117188 0.084503173828125 -0.255462646484375 -0.0149230957031249
0.115646362304688 0.120018005371094 -0.218490600585938 -0.0718994140625
0.0670166015625 0.162994384765625 -0.141387939453125 -0.06378173828125
0.00617980957031251 0.169448852539063 -0.0833282470703125 -0.054168701171875
-0.11041259765625 0.165451049804688 -0.0334568023681641 -0.0201835632324219
-0.13421630859375 0.140609741210937 -0.0406951904296875 0.11199951171875
-0.210906982421875 0.148666381835938 -0.176788330078125 0.149688720703125
-0.0185470581054687 0.078369140625 -0.4681396484375 0.153961181640625
-0.00124740600585938 0.0687713623046875 -0.27630615234375 0.16754150390625
0.00317001342773437 0.0264911651611328 -0.109474182128906 0.0580215454101563
-0.00223922729492188 0.0210838317871094 -0.0909271240234375 -0.0124130249023437
-0.0078125 0.0417900085449219 -0.1156005859375 -0.0981826782226563
0.0267982482910156 0.0545120239257813 -0.2325439453125 -0.123001098632813
0.0329360961914063 0.0455970764160156 -0.321868896484375 -0.0360107421875
0.0371665954589844 0.0499534606933594 -0.3035888671875 -0.016510009765625
0.0530853271484375 0.0646171569824219 -0.291748046875 -0.0345458984375
0.0170745849609375 0.0711212158203125 -0.230087280273438 -0.106903076171875
-0.0190582275390625 0.07244873046875 -0.124427795410156 -0.101150512695312
-0.0439224243164063 0.0401077270507813 -0.0700225830078125 -0.0592155456542969
-0.0481491088867188 0.009735107421875 -0.0346755981445313 0.000215530395507819
-0.0241146087646484 0.0201511383056641 -0.081207275390625 0.14288330078125
-0.0478935241699219 0.0595970153808594 -0.242263793945313 0.178939819335938
-0.162948608398438 0.014373779296875 0.2586669921875 -0.228485107421875
-0.124137878417969 0.0675125122070313 0.122207641601563 -0.192413330078125
-0.054168701171875 0.140121459960938 0.0174188613891602 -0.0173511505126953
0.03515625 0.110946655273438 0.0267066955566406 0.0582809448242188
0.0821914672851563 0.0512008666992187 0.072601318359375 0.1448974609375
0.0655784606933594 -0.00675201416015625 0.210052490234375 0.150970458984375
0.0753860473632812 -0.0174026489257812 0.313873291015625 0.0487060546875
0.0843887329101562 0.00022125244140625 0.309051513671875 0.022613525390625
0.074859619140625 -0.012420654296875 0.316925048828125 0.029571533203125
0.0760955810546875 0.025299072265625 0.250869750976563 0.0974273681640625
0.0695571899414063 0.06793212890625 0.124641418457031 0.0754776000976563
0.031829833984375 0.124923706054688 0.101638793945313 -0.0207748413085937
-0.0813522338867187 0.116851806640625 0.149749755859375 -0.104339599609375
-0.114059448242188 0.0686187744140625 0.27154541015625 -0.19720458984375
-0.129905700683594 0.0102691650390625 0.521026611328125 -0.168853759765625
-0.321380615234375 0.096771240234375 0.224517822265625 -0.206222534179688
-0.257980346679688 0.135910034179687 0.12200927734375 -0.174896240234375
-0.164779663085938 0.264053344726563 0.0200290679931641 -0.025308609008789
-0.00411987304687502 0.24151611328125 0.0062713623046875 0.0430450439453125
0.100677490234375 0.187698364257813 0.0310821533203125 0.144088745117188
0.148193359375 0.086883544921875 0.164840698242188 0.151611328125
0.188308715820312 0.031402587890625 0.262893676757812 0.0574188232421875
0.202835083007812 0.050018310546875 0.250564575195313 0.0245513916015625
0.200180053710938 0.0212860107421875 0.262191772460938 0.017852783203125
0.17022705078125 0.087158203125 0.203445434570313 0.065643310546875
0.140335083007813 0.162796020507813 0.087646484375 0.0518646240234375
0.07025146484375 0.24188232421875 0.0732879638671875 -0.0486297607421875
-0.133712768554688 0.264816284179687 0.123138427734375 -0.135101318359375
-0.209091186523437 0.195571899414063 0.24664306640625 -0.217926025390625
-0.28863525390625 0.122283935546875 0.4637451171875 -0.17742919921875
-0.4427490234375 0.157623291015625 0.128097534179688 -0.165725708007813
-0.37091064453125 0.1893310546875 0.0852813720703125 -0.137908935546875
-0.267791748046875 0.3634033203125 0.0180473327636719 -0.027353286743164
-0.053680419921875 0.355377197265625 -0.00907707214355469 0.0197124481201172
0.1011962890625 0.31329345703125 -0.00935363769531249 0.113700866699219
0.209854125976563 0.180526733398437 0.0975341796875 0.117385864257813
0.273117065429688 0.0814361572265625 0.16949462890625 0.0491943359375
0.292205810546875 0.09234619140625 0.152114868164063 0.02215576171875
0.299285888671875 0.044891357421875 0.16717529296875 0.00799560546875
0.250869750976563 0.12469482421875 0.121719360351563 0.0334320068359375
0.21392822265625 0.2293701171875 0.0350894927978516 0.0290889739990235
0.12384033203125 0.330322265625 0.0331344604492188 -0.0657806396484375
-0.151123046875 0.39215087890625 0.082244873046875 -0.142257690429687
-0.265380859375 0.309539794921875 0.195526123046875 -0.195358276367187
-0.4013671875 0.22357177734375 0.357666015625 -0.14691162109375
-0.4984130859375 0.2039794921875 -0.0130691528320313 -0.109886169433594
-0.42822265625 0.231292724609375 0.012359619140625 -0.0829620361328125
-0.32318115234375 0.4241943359375 0.00399017333984373 -0.0224990844726562
-0.0848999023437499 0.4234619140625 -0.0252590179443359 -0.00923728942871091
0.09210205078125 0.3941650390625 -0.0488700866699219 0.0581016540527344
0.2425537109375 0.246841430664063 0.0109596252441406 0.0551414489746094
0.317138671875 0.119537353515625 0.0467147827148438 0.0280647277832031
0.337188720703125 0.121307373046875 0.0308399200439453 0.0170574188232422
0.35272216796875 0.06146240234375 0.0487327575683594 0.00379562377929688
0.293975830078125 0.1439208984375 0.018331527709961 0.00723648071289063
0.257644653320313 0.26214599609375 -0.0288887023925781 0.0117530822753906
0.1605224609375 0.37054443359375 -0.0127944946289062 -0.0684356689453125
-0.14483642578125 0.45965576171875 0.0369796752929687 -0.123344421386719
-0.282196044921875 0.375396728515625 0.13385009765625 -0.129554748535156
-0.451934814453125 0.290771484375 0.217788696289062 -0.07965087890625
-0.47198486328125 0.22283935546875 -0.175430297851563 -0.0410308837890625
-0.40643310546875 0.249725341796875 -0.0837249755859375 -0.0153427124023437
-0.30523681640625 0.41943359375 -0.0244388580322266 -0.0118465423583984
-0.0832519531249999 0.416015625 -0.0470542907714844 -0.0367393493652343
0.08062744140625 0.3970947265625 -0.0872116088867188 -0.00956726074218748
0.239212036132813 0.263412475585938 -0.0836181640625 -0.0192947387695312
0.310455322265625 0.13397216796875 -0.0888290405273437 0.00169372558593752
0.329345703125 0.13140869140625 -0.0956497192382812 0.0114364624023438
0.348785400390625 0.074249267578125 -0.0766830444335937 0.00468444824218749
0.284149169921875 0.150634765625 -0.08837890625 -0.013397216796875
0.24554443359375 0.262603759765625 -0.0903854370117187 -0.00414276123046872
0.150634765625 0.35595703125 -0.0550117492675781 -0.0610084533691406
-0.137725830078125 0.441131591796875 -0.000297546386718758 -0.0867385864257812
-0.265045166015625 0.365203857421875 0.0715789794921875 -0.0369338989257812
-0.436279296875 0.298675537109375 0.0681495666503906 0.0109291076660156
-0.367279052734375 0.211517333984375 -0.32470703125 0.0350341796875
-0.3052978515625 0.22967529296875 -0.177322387695313 0.0559844970703125
-0.220001220703125 0.33721923828125 -0.0613861083984375 0.00423049926757815
-0.05560302734375 0.324920654296875 -0.0727157592773437 -0.0495529174804687
0.062469482421875 0.31939697265625 -0.116340637207031 -0.066314697265625
0.19659423828125 0.224685668945313 -0.168472290039063 -0.0827789306640625
0.254257202148437 0.1221923828125 -0.210540771484375 -0.019775390625
0.270462036132812 0.121688842773437 -0.205612182617187 0.00482177734375005
0.28955078125 0.08447265625 -0.186798095703125 0.00314331054687501
0.221832275390625 0.146636962890625 -0.177322387695313 -0.0361785888671875
0.175323486328125 0.232589721679688 -0.134033203125 -0.0281753540039062
0.08984375 0.28729248046875 -0.08172607421875 -0.0537033081054687
-0.133514404296875 0.336669921875 -0.0237503051757813 -0.0482330322265625
-0.21893310546875 0.279937744140625 0.0132560729980469 0.0544471740722656
-0.35516357421875 0.250396728515625 -0.0708541870117188 0.100181579589844
-0.206436157226563 0.164413452148438 -0.432708740234375 0.1107177734375
-0.156951904296875 0.167938232421875 -0.249008178710938 0.1241455078125
-0.103927612304687 0.194778442382813 -0.0947723388671875 0.0288925170898438
-0.0221405029296875 0.179244995117187 -0.0910720825195313 -0.03955078125
0.0339508056640625 0.189010620117188 -0.128746032714844 -0.0980300903320312
0.12335205078125 0.147598266601563 -0.226760864257812 -0.119186401367187
0.157974243164062 0.0891876220703125 -0.299285888671875 -0.030242919921875
0.168533325195313 0.09393310546875 -0.28375244140625 -0.00204467773437494
0.18707275390625 0.083740234375 -0.267166137695313 -0.00764465332031247
0.125450134277344 0.124755859375 -0.231277465820313 -0.068450927734375
0.0742645263671875 0.170379638671875 -0.148544311523438 -0.0645599365234375
0.0104827880859375 0.178787231445313 -0.0874557495117188 -0.0544967651367187
-0.111907958984375 0.180404663085938 -0.03460693359375 -0.01763916015625
-0.14013671875 0.1519775390625 -0.0390853881835938 0.120895385742188
-0.221527099609375 0.16339111328125 -0.182632446289063 0.165878295898437
-0.0210647583007812 0.0818252563476563 -0.4859619140625 0.17279052734375
-0.001953125 0.0716323852539063 -0.28582763671875 0.18365478515625
0.000820159912109372 0.0289669036865234 -0.113502502441406 0.06365966796875
-0.00322151184082031 0.0224113464355469 -0.0937118530273438 -0.0107879638671875
-0.0062103271484375 0.0458221435546875 -0.122825622558594 -0.102943420410156
0.03094482421875 0.0573768615722656 -0.249893188476562 -0.124969482421875
0.0374717712402344 0.0484962463378906 -0.34027099609375 -0.027801513671875
0.0426177978515625 0.0526351928710938 -0.3193359375 -0.00833129882812506
0.0600624084472656 0.065826416015625 -0.30657958984375 -0.0271911621093749
0.0208282470703125 0.0756149291992188 -0.2457275390625 -0.106216430664063
-0.0172500610351563 0.0779876708984375 -0.133041381835938 -0.104080200195313
-0.0448951721191406 0.0448760986328125 -0.07391357421875 -0.0594635009765625
-0.05023193359375 0.014312744140625 -0.035797119140625 0.00317764282226563
-0.0273876190185547 0.0233421325683594 -0.0816802978515625 0.154083251953125
-0.0526008605957031 0.0649833679199219 -0.252166748046875 0.197128295898437
-0.168136596679687 0.024169921875 0.263504028320313 -0.258636474609375
-0.125686645507813 0.07635498046875 0.119125366210937 -0.211471557617188
-0.0487060546875 0.148345947265625 0.0196361541748047 -0.0225734710693359
0.0423736572265625 0.113044738769531 0.0300559997558594 0.057769775390625
0.086761474609375 0.0476455688476562 0.0834197998046875 0.1505126953125
0.0657157897949219 -0.00948333740234375 0.2313232421875 0.150436401367188
0.07769775390625 -0.0211257934570313 0.333831787109375 0.032745361328125
0.088531494140625 -0.0046844482421875 0.3277587890625 0.006072998046875
0.0767898559570313 -0.016571044921875 0.33770751953125 0.01300048828125
0.0808029174804688 0.022369384765625 0.27252197265625 0.089935302734375
0.0775222778320313 0.0678863525390625 0.137321472167969 0.0765533447265625
0.0416946411132812 0.129600524902344 0.104843139648437 -0.0270004272460937
-0.0794525146484375 0.128120422363281 0.151153564453125 -0.118057250976562
-0.115745544433594 0.077362060546875 0.27459716796875 -0.222625732421875
-0.134254455566406 0.0192413330078125 0.53961181640625 -0.203155517578125
-0.332427978515625 0.11956787109375 0.22857666015625 -0.231201171875
-0.263473510742187 0.155624389648438 0.120407104492187 -0.193206787109375
-0.1578369140625 0.285797119140625 0.0230026245117187 -0.0318050384521484
0.00782775878906253 0.252273559570313 0.00912857055664062 0.0431556701660156
0.114273071289063 0.190567016601563 0.039947509765625 0.1513671875
0.157745361328125 0.08514404296875 0.183258056640625 0.153244018554688
0.198898315429688 0.02435302734375 0.280685424804687 0.0445098876953125
0.217193603515625 0.0408477783203125 0.266357421875 0.01068115234375
0.211288452148437 0.0131683349609375 0.2801513671875 0.0031280517578125
0.183883666992187 0.083587646484375 0.220901489257813 0.0594482421875
0.156646728515625 0.165130615234375 0.0982208251953125 0.0534744262695313
0.08819580078125 0.251953125 0.0746231079101563 -0.05584716796875
-0.12713623046875 0.289215087890625 0.123260498046875 -0.1478271484375
-0.21044921875 0.216400146484375 0.248443603515625 -0.2418212890625
-0.29730224609375 0.147705078125 0.4791259765625 -0.20953369140625
-0.4576416015625 0.190185546875 0.129180908203125 -0.184005737304688
-0.38134765625 0.218536376953125 0.0836944580078125 -0.151504516601563
-0.261688232421875 0.397674560546875 0.0218544006347656 -0.0335521697998047
-0.038055419921875 0.37542724609375 -0.00669288635253907 0.0192298889160157
0.122161865234375 0.324005126953125 -0.00208282470703125 0.120429992675781
0.227371215820313 0.180816650390625 0.110198974609375 0.120140075683594
0.292236328125 0.07305908203125 0.181991577148438 0.041839599609375
0.3153076171875 0.080657958984375 0.163162231445313 0.0146942138671875
0.317718505859375 0.031280517578125 0.180130004882813 -0.0018768310546875
0.271133422851563 0.119247436523438 0.133049011230469 0.0290298461914063
0.237945556640625 0.23065185546875 0.0412979125976563 0.0318527221679688
0.148193359375 0.34246826171875 0.0329055786132813 -0.0715103149414062
-0.1365966796875 0.426239013671875 0.080902099609375 -0.151962280273438
-0.265167236328125 0.339874267578125 0.197052001953125 -0.214675903320312
-0.412506103515625 0.26153564453125 0.369415283203125 -0.170867919921875
-0.516326904296875 0.240753173828125 -0.0165557861328125 -0.116355895996094
-0.441619873046875 0.2667236328125 0.0103378295898437 -0.0881805419921875
-0.316741943359375 0.4659423828125 0.00767135620117185 -0.0275211334228515
-0.06732177734375 0.450042724609375 -0.0237541198730469 -0.0100383758544922
0.11907958984375 0.409515380859375 -0.0462684631347656 0.0635986328125
0.2669677734375 0.249359130859375 0.0152511596679688 0.0586395263671875
0.340484619140625 0.111328125 0.0503616333007813 0.0269622802734375
0.3653564453125 0.108551025390625 0.0351791381835938 0.0164451599121094
0.37579345703125 0.04534912109375 0.0544586181640625 0.00147628784179688
0.317962646484375 0.137847900390625 0.0220069885253906 0.00727844238281251
0.286041259765625 0.263580322265625 -0.026611328125 0.0151519775390625
0.189910888671875 0.383270263671875 -0.0156478881835937 -0.0724868774414062
-0.1263427734375 0.497344970703125 0.0357437133789062 -0.129371643066406
-0.279144287109375 0.41094970703125 0.13525390625 -0.141815185546875
-0.46337890625 0.334381103515625 0.226318359375 -0.09173583984375
-0.488983154296875 0.2618408203125 -0.18414306640625 -0.03448486328125
-0.41888427734375 0.28558349609375 -0.0876922607421875 -0.0107574462890625
-0.29901123046875 0.46136474609375 -0.0222797393798828 -0.0134563446044922
-0.06646728515625 0.44378662109375 -0.0476799011230469 -0.03704833984375
0.10748291015625 0.415618896484375 -0.0901107788085938 -0.00608825683593747
0.265289306640625 0.267547607421875 -0.0899734497070312 -0.0150146484375
0.335235595703125 0.12615966796875 -0.093536376953125 0.00737762451171875
0.35736083984375 0.119415283203125 -0.0983428955078125 0.0174331665039063
0.373382568359375 0.0589599609375 -0.0774383544921875 0.00981140136718752
0.307861328125 0.14569091796875 -0.09295654296875 -0.00795745849609374
0.27294921875 0.264663696289063 -0.0928268432617187 0.000831604003906277
0.177459716796875 0.367279052734375 -0.0592269897460937 -0.0620155334472656
-0.120941162109375 0.47735595703125 -0.00164794921875 -0.0886688232421875
-0.262359619140625 0.39849853515625 0.0750198364257812 -0.0406341552734375
-0.445892333984375 0.34259033203125 0.0733718872070312 0.0126571655273438
-0.380218505859375 0.2435302734375 -0.337921142578125 0.053985595703125
-0.313568115234375 0.260284423828125 -0.183197021484375 0.0699768066406251
-0.216217041015625 0.370330810546875 -0.0614051818847656 0.00630187988281253
-0.042938232421875 0.346923828125 -0.075286865234375 -0.048736572265625
0.0848388671875 0.33514404296875 -0.123809814453125 -0.0658950805664063
0.21954345703125 0.22900390625 -0.183624267578125 -0.0777893066406249
0.27581787109375 0.1171875 -0.2235107421875 -0.00794982910156247
0.295074462890625 0.112701416015625 -0.215255737304687 0.01702880859375
0.312164306640625 0.071807861328125 -0.194320678710938 0.014190673828125
0.242446899414063 0.1451416015625 -0.187957763671875 -0.0272674560546875
0.197418212890625 0.236831665039062 -0.140419006347656 -0.0226669311523438
0.109527587890625 0.299072265625 -0.08685302734375 -0.0526809692382813
-0.122344970703125 0.36614990234375 -0.0246963500976563 -0.0462760925292969
-0.218719482421875 0.306976318359375 0.0183372497558594 0.05859375
-0.36395263671875 0.286163330078125 -0.0685043334960938 0.113914489746094
-0.212997436523438 0.18450927734375 -0.4483642578125 0.1396484375
-0.159988403320312 0.185989379882813 -0.255813598632813 0.145965576171875
-0.102493286132812 0.213668823242188 -0.0976791381835937 0.0353546142578125
-0.015716552734375 0.191436767578125 -0.0950546264648438 -0.0375289916992188
0.047332763671875 0.19940185546875 -0.13885498046875 -0.0990753173828125
0.139373779296875 0.151687622070313 -0.248382568359375 -0.114303588867187
0.173110961914063 0.0879364013671875 -0.316864013671875 -0.013275146484375
0.186553955078125 0.0897369384765625 -0.297698974609375 0.01446533203125
0.20416259765625 0.077056884765625 -0.280014038085938 0.00762939453125003
0.140251159667969 0.126754760742188 -0.24810791015625 -0.0589599609375
0.088348388671875 0.176834106445313 -0.158172607421875 -0.060791015625
0.020843505859375 0.189071655273438 -0.09246826171875 -0.0520248413085937
-0.108306884765625 0.19891357421875 -0.0352973937988281 -0.0143623352050781
-0.142364501953125 0.168777465820312 -0.034027099609375 0.131492614746094
-0.228469848632812 0.187576293945313 -0.183380126953125 0.187881469726562
-0.0217437744140625 0.087249755859375 -0.501495361328125 0.2088623046875
-0.0004425048828125 0.0755157470703125 -0.291259765625 0.211456298828125
-0.000650405883789059 0.0323581695556641 -0.116203308105469 0.0730667114257813
-0.00345420837402344 0.024810791015625 -0.0971145629882813 -0.00762176513671875
-0.00323104858398438 0.0507469177246094 -0.134552001953125 -0.105300903320312
0.0367469787597656 0.0598182678222656 -0.27301025390625 -0.12030029296875
0.0435218811035156 0.0503005981445313 -0.360260009765625 -0.00915527343750006
0.0505180358886719 0.05377197265625 -0.3367919921875 0.010009765625
0.0695381164550781 0.0650825500488281 -0.32366943359375 -0.0111083984375
0.0279464721679688 0.0796737670898438 -0.26544189453125 -0.097869873046875
-0.013519287109375 0.083892822265625 -0.145477294921875 -0.103790283203125
-0.0440483093261719 0.0508537292480469 -0.0790176391601563 -0.05706787109375
-0.0527839660644531 0.0204582214355469 -0.036376953125 0.00658035278320313
-0.0296459197998047 0.0275115966796875 -0.077606201171875 0.16778564453125
-0.0549163818359375 0.0728378295898438 -0.255477905273438 0.2236328125
-0.169677734375 0.037200927734375 0.2554931640625 -0.2901611328125
-0.123016357421875 0.086822509765625 0.107757568359375 -0.231063842773437
-0.0376129150390625 0.154556274414063 0.0200939178466797 -0.0279331207275391
0.05096435546875 0.111961364746094 0.0339622497558594 0.0563011169433594
0.090576171875 0.041778564453125 0.0971832275390625 0.15203857421875
0.0650634765625 -0.0138015747070313 0.252761840820313 0.13916015625
0.0788421630859375 -0.0268707275390625 0.348297119140625 0.00750732421875
0.0907211303710937 -0.0120773315429688 0.34002685546875 -0.021270751953125
0.077362060546875 -0.0215225219726563 0.3515625 -0.014404296875
0.0848541259765625 0.0169448852539063 0.292724609375 0.07147216796875
0.0852737426757812 0.0639266967773438 0.14959716796875 0.0724334716796875
0.0545425415039062 0.130668640136719 0.104820251464844 -0.035797119140625
-0.0721817016601563 0.1395263671875 0.145919799804687 -0.133529663085938
-0.113021850585938 0.088104248046875 0.26751708984375 -0.250442504882813
-0.134895324707031 0.0319671630859375 0.543792724609375 -0.25164794921875
-0.33416748046875 0.1488037109375 0.22125244140625 -0.259674072265625
-0.26129150390625 0.179763793945313 0.110595703125 -0.211105346679688
-0.14031982421875 0.306121826171875 0.0243949890136719 -0.0387992858886719
0.0259552001953125 0.259063720703125 0.0124473571777344 0.0414581298828125
0.130325317382813 0.187225341796875 0.05352783203125 0.154983520507813
0.1666259765625 0.0782318115234375 0.203277587890625 0.145919799804687
0.207473754882813 0.011383056640625 0.294586181640625 0.02410888671875
0.228668212890625 0.0250091552734375 0.2772216796875 -0.0101470947265625
0.2198486328125 -0.00189208984375 0.29193115234375 -0.02001953125
0.195755004882813 0.07305908203125 0.237075805664063 0.0438995361328125
0.17559814453125 0.159255981445313 0.10833740234375 0.0511627197265625
0.111526489257812 0.25445556640625 0.072296142578125 -0.063720703125
-0.107666015625 0.312042236328125 0.117355346679688 -0.1617431640625
-0.20294189453125 0.2392578125 0.23968505859375 -0.268280029296875
-0.29559326171875 0.177978515625 0.480926513671875 -0.25201416015625
-0.461151123046875 0.23260498046875 0.122634887695312 -0.202392578125
-0.379730224609375 0.25555419921875 0.076995849609375 -0.164382934570312
-0.24005126953125 0.43115234375 0.0232620239257812 -0.0408248901367187
-0.01226806640625 0.389892578125 -0.00375747680664062 0.0176887512207031
0.1497802734375 0.325286865234375 0.00838470458984375 0.126235961914063
0.2470703125 0.172943115234375 0.124595642089844 0.117271423339844
0.308074951171875 0.056243896484375 0.19183349609375 0.02874755859375
0.33392333984375 0.057891845703125 0.171493530273438 0.001861572265625
0.33148193359375 0.00823974609375 0.189117431640625 -0.0177154541015625
0.290283203125 0.104827880859375 0.14349365234375 0.020416259765625
0.26458740234375 0.22186279296875 0.0486793518066406 0.0318450927734375
0.181488037109375 0.34429931640625 0.0285263061523438 -0.0778884887695312
-0.1087646484375 0.45538330078125 0.0747833251953125 -0.16265869140625
-0.2509765625 0.371978759765625 0.1885986328125 -0.236312866210937
-0.406829833984375 0.305908203125 0.37078857421875 -0.201568603515625
-0.518585205078125 0.290313720703125 -0.022857666015625 -0.120796203613281
-0.4393310546875 0.3116455078125 0.00551605224609372 -0.09234619140625
-0.292388916015625 0.50677490234375 0.00978088378906249 -0.0319652557373047
-0.03619384765625 0.47052001953125 -0.0223045349121094 -0.011026382446289
0.154815673828125 0.4146728515625 -0.04071044921875 0.0690040588378907
0.29388427734375 0.241729736328125 0.0210838317871094 0.0607833862304688
0.36199951171875 0.0914306640625 0.0544853210449219 0.0239982604980469
0.389801025390625 0.08203125 0.0388679504394532 0.0140037536621094
0.393707275390625 0.0181884765625 0.0597114562988282 -0.00417327880859375
0.340423583984375 0.12017822265625 0.0258502960205078 0.00656318664550782
0.316497802734375 0.252197265625 -0.022775650024414 0.0193653106689453
0.226104736328125 0.383270263671875 -0.0206146240234375 -0.0750961303710937
-0.090789794921875 0.529022216796875 0.0306549072265625 -0.135238647460937
-0.261871337890625 0.44635009765625 0.131256103515625 -0.155715942382812
-0.454254150390625 0.386260986328125 0.228363037109375 -0.10870361328125
-0.490814208984375 0.30859375 -0.190444946289063 -0.02288818359375
-0.41668701171875 0.329345703125 -0.0898971557617188 -0.00313568115234371
-0.275909423828125 0.50494384765625 -0.0207977294921875 -0.0144004821777343
-0.036895751953125 0.464630126953125 -0.0484619140625 -0.0369758605957031
0.144195556640625 0.42315673828125 -0.0908203125 -0.000862121582031228
0.29534912109375 0.2607421875 -0.0944366455078125 -0.00851440429687499
0.35955810546875 0.108489990234375 -0.0963134765625 0.0160751342773438
0.38323974609375 0.094207763671875 -0.0980377197265625 0.0260772705078125
0.392333984375 0.03173828125 -0.0764846801757812 0.0147705078125
0.33074951171875 0.12969970703125 -0.0947113037109375 -9.91821289062262E-05
0.30279541015625 0.254913330078125 -0.0929794311523437 0.00811004638671878
0.2119140625 0.36822509765625 -0.0641593933105469 -0.0611152648925781
-0.08746337890625 0.506500244140625 -0.00408172607421875 -0.0898666381835937
-0.244781494140625 0.432373046875 0.0767440795898437 -0.0460205078125
-0.43768310546875 0.393096923828125 0.0783004760742187 0.0111160278320313
-0.380096435546875 0.28271484375 -0.3428955078125 0.08111572265625
-0.308929443359375 0.2945556640625 -0.183456420898438 0.0884857177734375
-0.1978759765625 0.40386962890625 -0.0601234436035156 0.0101203918457032
-0.019134521484375 0.362579345703125 -0.0775299072265625 -0.0466842651367187
0.11529541015625 0.34246826171875 -0.131050109863281 -0.0611495971679688
0.2454833984375 0.2235107421875 -0.197830200195312 -0.0669708251953125
0.297607421875 0.102752685546875 -0.231246948242187 0.0100250244140625
0.31756591796875 0.09307861328125 -0.219512939453125 0.03466796875
0.330108642578125 0.049591064453125 -0.197296142578125 0.02923583984375
0.263153076171875 0.134109497070313 -0.195968627929688 -0.01220703125
0.221954345703125 0.231430053710938 -0.144805908203125 -0.013580322265625
0.135772705078125 0.302520751953125 -0.0915756225585937 -0.0491485595703125
-0.0975341796875 0.392822265625 -0.0252342224121094 -0.0444183349609375
-0.206268310546875 0.33502197265625 0.025604248046875 0.0609474182128906
-0.3577880859375 0.328338623046875 -0.0609512329101563 0.126113891601563
-0.211334228515625 0.208236694335938 -0.451568603515625 0.177459716796875
-0.155303955078125 0.205947875976563 -0.252578735351563 0.172607421875
-0.0927734375 0.23272705078125 -0.0965499877929687 0.0444412231445313
-0.0033111572265625 0.200942993164063 -0.0976104736328125 -0.0327072143554687
0.065826416015625 0.205078125 -0.14996337890625 -0.0948333740234375
0.157272338867187 0.149017333984375 -0.268203735351563 -0.100631713867187
0.188873291015625 0.080108642578125 -0.328857421875 0.0118713378906251
0.202682495117188 0.078216552734375 -0.3056640625 0.038543701171875
0.2197265625 0.0633544921875 -0.28729248046875 0.0286865234375001
0.156051635742188 0.122589111328125 -0.260269165039063 -0.0399169921875
0.105560302734375 0.177703857421875 -0.1673583984375 -0.0519561767578125
0.0352783203125 0.19525146484375 -0.0977554321289063 -0.0473403930664062
-0.096099853515625 0.217208862304687 -0.0347537994384766 -0.0104026794433594
-0.137481689453125 0.186004638671875 -0.0235977172851563 0.140190124511719
-0.225830078125 0.21405029296875 -0.175140380859375 0.211868286132813
-0.01904296875 0.0923614501953125 -0.502166748046875 0.25372314453125
0.00222778320312499 0.0785369873046875 -0.2847900390625 0.2431640625
-0.001007080078125 0.0364608764648438 -0.114341735839844 0.0852203369140625
-0.00295829772949219 0.0269908905029297 -0.0986175537109375 -0.00149536132812498
0.0017242431640625 0.0542869567871094 -0.1463623046875 -0.102127075195313
0.0444450378417969 0.0602760314941406 -0.2955322265625 -0.10516357421875
0.0508880615234375 0.0496597290039063 -0.3734130859375 0.019866943359375
0.0583686828613281 0.0523834228515625 -0.346282958984375 0.03631591796875
0.0791549682617188 0.0608291625976563 -0.334716796875 0.014617919921875
0.0365447998046875 0.0813446044921875 -0.282501220703125 -0.07952880859375
-0.00678253173828126 0.0889205932617188 -0.157821655273437 -0.0980987548828125
-0.0419845581054688 0.0572547912597656 -0.08392333984375 -0.05316162109375
-0.0527496337890625 0.0272903442382813 -0.0361709594726563 0.011199951171875
-0.0308017730712891 0.0324649810791016 -0.0666961669921875 0.180862426757813
-0.0546493530273438 0.0814743041992188 -0.248626708984375 0.254180908203125
-0.165817260742188 0.04998779296875 0.2373046875 -0.31402587890625
-0.116004943847656 0.0936965942382813 0.0911712646484375 -0.243560791015625
-0.0253753662109375 0.155044555664063 0.0184764862060547 -0.033121109008789
0.0581436157226562 0.106880187988281 0.0363883972167969 0.0527763366699219
0.0919189453125 0.0343704223632813 0.109375 0.14776611328125
0.0624465942382813 -0.0176925659179688 0.2677001953125 0.122970581054688
0.07623291015625 -0.0327835083007813 0.35125732421875 -0.020172119140625
0.0906829833984375 -0.0193634033203125 0.3408203125 -0.0484619140625
0.075958251953125 -0.0265274047851563 0.354644775390625 -0.04327392578125
0.085723876953125 0.010589599609375 0.30279541015625 0.04864501953125
0.09149169921875 0.0577850341796875 0.159317016601563 0.064727783203125
0.06585693359375 0.126617431640625 0.101325988769531 -0.0430526733398438
-0.0615997314453125 0.147262573242188 0.135513305664063 -0.144775390625
-0.106437683105469 0.0967330932617188 0.24945068359375 -0.2720947265625
-0.131172180175781 0.0429458618164063 0.527374267578125 -0.29302978515625
-0.324615478515625 0.175933837890625 0.205276489257812 -0.280517578125
-0.249191284179688 0.199478149414062 0.0966033935546875 -0.222915649414063
-0.117462158203125 0.317230224609375 0.0225868225097656 -0.04449462890625
0.0438079833984375 0.25677490234375 0.0144996643066406 0.0394821166992188
0.1429443359375 0.178009033203125 0.066131591796875 0.153701782226563
0.171112060546875 0.0691375732421875 0.219161987304688 0.13323974609375
0.210296630859375 -0.0030517578125 0.298126220703125 0.001678466796875
0.233154296875 0.0064544677734375 0.27935791015625 -0.033050537109375
0.220932006835938 -0.0179443359375 0.29486083984375 -0.044708251953125
0.203170776367188 0.059661865234375 0.245269775390625 0.0253448486328125
0.189544677734375 0.147979736328125 0.116851806640625 0.0461578369140625
0.1331787109375 0.248611450195313 0.0676918029785156 -0.0701217651367187
-0.083831787109375 0.3255615234375 0.107040405273437 -0.171340942382812
-0.18798828125 0.256011962890625 0.22125244140625 -0.28741455078125
-0.282379150390625 0.204345703125 0.46380615234375 -0.288665771484375
-0.44781494140625 0.2711181640625 0.110565185546875 -0.214889526367188
-0.363616943359375 0.285186767578125 0.066192626953125 -0.172088623046875
-0.208038330078125 0.452880859375 0.0228614807128906 -0.0463485717773437
0.015167236328125 0.391632080078125 -0.00150775909423828 0.0157184600830078
0.17376708984375 0.31549072265625 0.018951416015625 0.126350402832031
0.259765625 0.15869140625 0.136932373046875 0.110061645507813
0.316131591796875 0.034637451171875 0.196334838867188 0.014129638671875
0.3428955078125 0.031219482421875 0.173828125 -0.0127105712890625
0.3350830078125 -0.016998291015625 0.191131591796875 -0.0347137451171875
0.29974365234375 0.084869384765625 0.148239135742188 0.00926208496093751
0.28466796875 0.20501708984375 0.0555648803710938 0.03021240234375
0.209930419921875 0.334869384765625 0.0227737426757813 -0.0820083618164062
-0.072723388671875 0.469970703125 0.066009521484375 -0.168716430664062
-0.22784423828125 0.39361572265625 0.173675537109375 -0.251022338867188
-0.38726806640625 0.3427734375 0.358306884765625 -0.229583740234375
-0.503082275390625 0.33489990234375 -0.02923583984375 -0.121780395507812
-0.42083740234375 0.346923828125 0.000190734863281231 -0.093109130859375
-0.254730224609375 0.53564453125 0.0105743408203125 -0.0360794067382812
-0.00332641601562502 0.475341796875 -0.0207901000976563 -0.0125808715820312
0.187164306640625 0.4063720703125 -0.0343704223632812 0.0715179443359375
0.313201904296875 0.2247314453125 0.027008056640625 0.0603294372558594
0.373779296875 0.067535400390625 0.0573234558105469 0.0205268859863281
0.4002685546875 0.05047607421875 0.0419654846191406 0.0108261108398438
0.398956298828125 -0.01251220703125 0.06170654296875 -0.0114097595214844
0.352691650390625 0.097686767578125 0.0290756225585938 0.00507736206054688
0.33831787109375 0.232147216796875 -0.0179443359375 0.0216388702392578
0.2569580078125 0.37017822265625 -0.0256576538085937 -0.0760345458984375
-0.049468994140625 0.543548583984375 0.02490234375 -0.138023376464844
-0.23272705078125 0.469970703125 0.1224365234375 -0.165771484375
-0.428680419921875 0.427276611328125 0.222930908203125 -0.123626708984375
-0.474884033203125 0.351593017578125 -0.190597534179688 -0.0101318359375
-0.396820068359375 0.36480712890625 -0.08831787109375 0.00437164306640626
-0.239959716796875 0.530731201171875 -0.0183677673339844 -0.015268325805664
-0.00408935546875002 0.47113037109375 -0.0478019714355469 -0.0364418029785156
0.17803955078125 0.416778564453125 -0.0896682739257812 0.00401306152343753
0.317718505859375 0.243804931640625 -0.0957489013671875 -0.000869750976562485
0.373687744140625 0.0843505859375 -0.0952987670898437 0.0244064331054687
0.395477294921875 0.0638427734375 -0.0952224731445312 0.0336532592773438
0.39898681640625 0.000518798828125 -0.0725784301757812 0.0187759399414062
0.343536376953125 0.107940673828125 -0.0934982299804687 0.00845336914062503
0.324737548828125 0.235137939453125 -0.0902023315429687 0.015045166015625
0.24127197265625 0.35650634765625 -0.0684738159179688 -0.0584259033203125
-0.046875 0.520233154296875 -0.00647735595703125 -0.0896072387695312
-0.217864990234375 0.455474853515625 0.07623291015625 -0.0509185791015625
-0.410552978515625 0.434356689453125 0.0812149047851562 0.00798034667968752
-0.36553955078125 0.31561279296875 -0.3363037109375 0.107025146484375
-0.292877197265625 0.322845458984375 -0.175155639648438 0.105224609375
-0.169769287109375 0.42596435546875 -0.0572891235351563 0.014495849609375
0.005859375 0.3687744140625 -0.0775604248046875 -0.0438156127929687
0.142547607421875 0.33819580078125 -0.134819030761719 -0.054656982421875
0.266952514648438 0.21038818359375 -0.205764770507812 -0.0532073974609375
0.310546875 0.083892822265625 -0.23223876953125 0.029693603515625
0.32952880859375 0.068206787109375 -0.21636962890625 0.0519561767578125
0.33837890625 0.023406982421875 -0.193954467773437 0.0430145263671875
0.276565551757813 0.11712646484375 -0.196929931640625 0.00329589843749999
0.241317749023437 0.21783447265625 -0.145370483398437 -0.00343322753906247
0.15960693359375 0.29632568359375 -0.094696044921875 -0.04400634765625
-0.0662841796875 0.405426025390625 -0.0244293212890625 -0.0420417785644531
-0.1861572265625 0.353515625 0.0326194763183594 0.0605354309082031
-0.33746337890625 0.360931396484375 -0.0507583618164063 0.134910583496094
-0.20135498046875 0.2274169921875 -0.4390869140625 0.212799072265625
-0.143951416015625 0.220916748046875 -0.239410400390625 0.195236206054687
-0.077423095703125 0.2449951171875 -0.0920639038085937 0.0523223876953125
0.00979614257812498 0.203887939453125 -0.0974884033203125 -0.0283050537109375
0.083465576171875 0.20355224609375 -0.158294677734375 -0.0878753662109375
0.171890258789063 0.140625 -0.280715942382813 -0.0810394287109375
0.199234008789063 0.0680389404296875 -0.33001708984375 0.0384826660156251
0.212921142578125 0.0627899169921875 -0.302734375 0.0622558593750001
0.227767944335938 0.046051025390625 -0.28521728515625 0.0501098632812501
0.16790771484375 0.112686157226563 -0.26446533203125 -0.0200042724609375
0.119964599609375 0.172775268554688 -0.171310424804688 -0.041046142578125
0.049957275390625 0.194931030273438 -0.099639892578125 -0.040985107421875
-0.0790557861328125 0.22882080078125 -0.0327033996582031 -0.00718116760253905
-0.127212524414062 0.199386596679688 -0.0113372802734375 0.14349365234375
-0.213302612304688 0.2353515625 -0.160369873046875 0.228179931640625
-0.015594482421875 0.0946884155273438 -0.4847412109375 0.29266357421875
0.00637054443359375 0.0794525146484375 -0.267410278320313 0.268234252929688
4.57763671875028E-05 0.0390701293945313 -0.107658386230469 0.095123291015625
-0.00213050842285156 0.0286350250244141 -0.0966110229492188 0.00405883789062502
0.0066986083984375 0.056182861328125 -0.155563354492187 -0.095916748046875
0.0512199401855469 0.0581169128417969 -0.30938720703125 -0.08447265625
0.0572624206542969 0.0470848083496094 -0.374542236328125 0.04986572265625
0.0648956298828125 0.0480766296386719 -0.3448486328125 0.0640869140625
0.0857696533203125 0.0539627075195313 -0.334503173828125 0.0401000976562501
0.0447158813476563 0.079986572265625 -0.290679931640625 -0.05731201171875
0.00041961669921874 0.0913009643554688 -0.167037963867188 -0.088287353515625
-0.0374031066894531 0.0618934631347656 -0.0868377685546875 -0.0467071533203125
-0.05035400390625 0.0335502624511719 -0.0334510803222656 0.0149059295654297
-0.0303688049316406 0.0371856689453125 -0.05224609375 0.18804931640625
-0.0518341064453125 0.088104248046875 -0.23126220703125 0.27618408203125
-0.159561157226563 0.0584259033203125 0.22039794921875 -0.327911376953125
-0.108963012695313 0.0968017578125 0.0765838623046875 -0.248519897460938
-0.016998291015625 0.152069091796875 0.0161705017089844 -0.0364952087402344
0.062530517578125 0.101875305175781 0.0365943908691406 0.0503273010253906
0.0900497436523438 0.02838134765625 0.117034912109375 0.1439208984375
0.0583839416503906 -0.0191650390625 0.276138305664063 0.10797119140625
0.073944091796875 -0.0365371704101563 0.348114013671875 -0.040435791015625
0.088775634765625 -0.0246124267578125 0.33477783203125 -0.067474365234375
0.0740509033203125 -0.029815673828125 0.35009765625 -0.064483642578125
0.0856170654296875 0.00572967529296875 0.305877685546875 0.03033447265625
0.0944747924804688 0.0518112182617188 0.164947509765625 0.0576629638671875
0.0735855102539063 0.12158203125 0.0968780517578125 -0.0474472045898438
-0.05230712890625 0.150177001953125 0.12518310546875 -0.15045166015625
-0.0993881225585937 0.101272583007813 0.2322998046875 -0.28271484375
-0.124923706054688 0.0500564575195313 0.505340576171875 -0.31683349609375
-0.31158447265625 0.19317626953125 0.1898193359375 -0.292236328125
-0.23577880859375 0.21075439453125 0.083648681640625 -0.228240966796875
-0.099029541015625 0.31939697265625 0.0202102661132813 -0.0482826232910156
0.056060791015625 0.250473022460937 0.0162124633789063 0.0363388061523438
0.149551391601562 0.1678466796875 0.0747833251953125 0.150848388671875
0.1717529296875 0.061859130859375 0.227645874023437 0.120758056640625
0.208526611328125 -0.0131378173828125 0.296600341796875 -0.015655517578125
0.232223510742188 -0.007232666015625 0.275054931640625 -0.049591064453125
0.218765258789063 -0.0300140380859375 0.290435791015625 -0.063232421875
0.205169677734375 0.048980712890625 0.246566772460938 0.0110626220703125
0.197418212890625 0.136749267578125 0.122520446777344 0.0415725708007813
0.146743774414063 0.239471435546875 0.061859130859375 -0.073333740234375
-0.063446044921875 0.329132080078125 0.097198486328125 -0.1756591796875
-0.17333984375 0.264617919921875 0.204437255859375 -0.297027587890625
-0.267852783203125 0.220169067382813 0.444061279296875 -0.30859375
-0.42913818359375 0.2957763671875 0.0993194580078125 -0.2216796875
-0.345916748046875 0.302764892578125 0.056732177734375 -0.175369262695312
-0.180816650390625 0.460418701171875 0.022003173828125 -0.0512046813964843
0.03411865234375 0.38555908203125 -0.000686645507812498 0.0132064819335938
0.188812255859375 0.303680419921875 0.02667236328125 0.124961853027344
0.265548706054688 0.1468505859375 0.143951416015625 0.10205078125
0.3172607421875 0.018096923828125 0.195602416992188 0.00335693359375
0.3428955078125 0.009429931640625 0.172210693359375 -0.022918701171875
0.332305908203125 -0.0362548828125 0.188766479492188 -0.0478973388671875
0.303466796875 0.068634033203125 0.150375366210938 -6.10351562499958E-05
0.29461669921875 0.188995361328125 0.0606727600097657 0.0276412963867188
0.22723388671875 0.320556640625 0.0179901123046875 -0.0835723876953125
-0.042938232421875 0.472686767578125 0.058258056640625 -0.171905517578125
-0.206451416015625 0.404022216796875 0.159698486328125 -0.25799560546875
-0.36322021484375 0.3634033203125 0.34332275390625 -0.245025634765625
-0.481842041015625 0.362884521484375 -0.0331649780273438 -0.120674133300781
-0.40069580078125 0.36993408203125 -0.00328826904296877 -0.0927276611328125
-0.22149658203125 0.545013427734375 0.0108680725097656 -0.0394477844238281
0.020782470703125 0.47210693359375 -0.0195388793945312 -0.0140342712402343
0.20794677734375 0.39324951171875 -0.02862548828125 0.0727462768554688
0.323486328125 0.208770751953125 0.0315933227539063 0.0585289001464844
0.37811279296875 0.047088623046875 0.0589866638183594 0.0180740356445313
0.401702880859375 0.02581787109375 0.0437164306640625 0.00768280029296875
0.395751953125 -0.036529541015625 0.0622482299804688 -0.0174293518066406
0.355682373046875 0.0789794921875 0.0310840606689453 0.00346565246582032
0.350311279296875 0.21246337890625 -0.0127220153808594 0.0220794677734375
0.276153564453125 0.354766845703125 -0.0303192138671875 -0.075714111328125
-0.016845703125 0.5443115234375 0.0206756591796875 -0.138916015625
-0.2073974609375 0.479766845703125 0.11431884765625 -0.170684814453125
-0.402435302734375 0.451385498046875 0.215560913085937 -0.131881713867187
-0.454742431640625 0.3770751953125 -0.186691284179688 0.000320434570312498
-0.375946044921875 0.386322021484375 -0.0853424072265625 0.00974273681640628
-0.207977294921875 0.544677734375 -0.0158767700195313 -0.0161428451538086
0.021026611328125 0.467376708984375 -0.04693603515625 -0.0366935729980468
0.200958251953125 0.40435791015625 -0.0877532958984375 0.00721740722656254
0.330108642578125 0.227874755859375 -0.095428466796875 0.00434875488281251
0.378570556640625 0.065216064453125 -0.0916061401367187 0.0314254760742187
0.39892578125 0.03955078125 -0.0909423828125 0.0383987426757813
0.397125244140625 -0.0230712890625 -0.0697059631347656 0.0200881958007812
0.348175048828125 0.089935302734375 -0.0901336669921875 0.013885498046875
0.335784912109375 0.2176513671875 -0.0854873657226563 0.0188674926757813
0.258758544921875 0.341217041015625 -0.0709228515625 -0.056365966796875
-0.01434326171875 0.52178955078125 -0.00692749023437499 -0.0898056030273437
-0.194854736328125 0.464996337890625 0.0751571655273438 -0.0542678833007812
-0.384918212890625 0.4556884765625 0.0826263427734375 0.00614166259765628
-0.34930419921875 0.3353271484375 -0.3251953125 0.123504638671875
-0.274871826171875 0.33868408203125 -0.1661376953125 0.114654541015625
-0.144744873046875 0.435791015625 -0.0527381896972656 0.0163040161132813
0.023834228515625 0.36676025390625 -0.076416015625 -0.04205322265625
0.162445068359375 0.3299560546875 -0.136703491210938 -0.0498123168945313
0.27838134765625 0.196456909179688 -0.208511352539062 -0.041351318359375
0.3167724609375 0.06756591796875 -0.227142333984375 0.043853759765625
0.333465576171875 0.047882080078125 -0.20947265625 0.06292724609375
0.338165283203125 0.002716064453125 -0.188018798828125 0.0519561767578125
0.28173828125 0.103118896484375 -0.192977905273437 0.01513671875
0.252685546875 0.204299926757813 -0.141983032226563 0.0031890869140625
0.17425537109375 0.28570556640625 -0.0950698852539063 -0.0397872924804687
-0.040740966796875 0.40753173828125 -0.023468017578125 -0.0410270690917968
-0.168548583984375 0.362396240234375 0.0384559631347656 0.0589790344238281
-0.3153076171875 0.380889892578125 -0.0412216186523438 0.138442993164063
-0.190505981445313 0.238357543945313 -0.42181396484375 0.23443603515625
-0.1326904296875 0.229324340820313 -0.224533081054688 0.207687377929688
-0.0643157958984375 0.251937866210938 -0.0856704711914062 0.055908203125
0.019317626953125 0.203643798828125 -0.0956039428710938 -0.0252304077148437
0.09539794921875 0.199417114257812 -0.16180419921875 -0.0827178955078125
0.180831909179688 0.131927490234375 -0.28631591796875 -0.065582275390625
0.20526123046875 0.05731201171875 -0.32470703125 0.05828857421875
0.2166748046875 0.0501556396484375 -0.29571533203125 0.079071044921875
0.229843139648437 0.0315704345703125 -0.278106689453125 0.064849853515625
0.1746826171875 0.104049682617187 -0.262176513671875 -0.0033111572265625
0.129104614257813 0.165939331054688 -0.171859741210938 -0.032806396484375
0.060150146484375 0.191818237304688 -0.10009765625 -0.03594970703125
-0.064910888671875 0.232330322265625 -0.0295429229736328 -0.00537109374999998
-0.117523193359375 0.206512451171875 -0.00100708007812502 0.143829345703125
-0.200714111328125 0.248138427734375 -0.145370483398437 0.236801147460938
-0.0127944946289062 0.0954360961914063 -0.462310791015625 0.3143310546875
0.009124755859375 0.0797576904296875 -0.24871826171875 0.281463623046875
0.00126266479492188 0.0414810180664063 -0.1002197265625 0.100502014160156
-0.00143051147460937 0.0296363830566406 -0.0934829711914063 0.00683593749999999
0.0110740661621094 0.0561180114746094 -0.161148071289063 -0.0907135009765625
0.0560646057128906 0.0559349060058594 -0.315704345703125 -0.06671142578125
0.0620040893554688 0.0443191528320313 -0.367950439453125 0.0718078613281249
0.0689277648925781 0.04412841796875 -0.335723876953125 0.0824890136718751
0.0898971557617188 0.0477828979492188 -0.3275146484375 0.0580139160156251
0.0507583618164063 0.0777435302734375 -0.29083251953125 -0.039794921875
0.00637054443359374 0.0915756225585938 -0.170684814453125 -0.0795440673828125
-0.0333251953125 0.0649147033691406 -0.0869140625 -0.0420684814453125
-0.0480499267578125 0.0379791259765625 -0.0306015014648438 0.0165615081787109
-0.0298728942871094 0.0400733947753906 -0.040496826171875 0.190444946289063
-0.0487899780273437 0.0922164916992187 -0.214324951171875 0.288543701171875
-0.154541015625 0.06390380859375 0.2095947265625 -0.33636474609375
-0.1048583984375 0.098175048828125 0.0671539306640625 -0.2515869140625
-0.0122222900390625 0.149978637695312 0.0143051147460938 -0.0391464233398437
0.0642013549804688 0.0984039306640625 0.0367584228515625 0.0488662719726563
0.0883560180664063 0.0251388549804688 0.123123168945313 0.1416015625
0.0556106567382813 -0.0194511413574219 0.282379150390625 0.0989990234375
0.0713348388671875 -0.0390548706054687 0.345001220703125 -0.05230712890625
0.0872802734375 -0.028533935546875 0.33026123046875 -0.079315185546875
0.0734481811523438 -0.03125 0.3463134765625 -0.07843017578125
0.0850372314453125 0.00366973876953125 0.3082275390625 0.01922607421875
0.0967483520507813 0.0474777221679688 0.169708251953125 0.0535736083984375
0.0787353515625 0.118316650390625 0.0941314697265625 -0.0492019653320312
-0.0457000732421875 0.15216064453125 0.118118286132813 -0.153152465820313
-0.0946502685546875 0.103919982910156 0.221771240234375 -0.289520263671875
-0.121047973632813 0.0547027587890625 0.492034912109375 -0.329864501953125
-0.30328369140625 0.204071044921875 0.181793212890625 -0.299652099609375
-0.22796630859375 0.217147827148438 0.075531005859375 -0.231521606445313
-0.0865478515625 0.320404052734375 0.0189666748046875 -0.0511627197265625
0.0621490478515625 0.246673583984375 0.0163383483886719 0.0348472595214844
0.152801513671875 0.16192626953125 0.0813751220703125 0.149948120117188
0.172164916992188 0.0586700439453125 0.234024047851563 0.113235473632813
0.208343505859375 -0.020477294921875 0.295623779296875 -0.0260009765625
0.231674194335938 -0.016845703125 0.27252197265625 -0.0594329833984375
0.21820068359375 -0.037384033203125 0.287109375 -0.07623291015625
0.206192016601563 0.04302978515625 0.249542236328125 0.0011749267578125
0.203033447265625 0.129592895507813 0.12762451171875 0.0382156372070313
0.15594482421875 0.234298706054688 0.058013916015625 -0.0748748779296875
-0.05072021484375 0.332427978515625 0.0914154052734375 -0.178390502929687
-0.164657592773438 0.269546508789062 0.193695068359375 -0.3026123046875
-0.257675170898437 0.229232788085938 0.43267822265625 -0.32086181640625
-0.41864013671875 0.311431884765625 0.093475341796875 -0.225723266601562
-0.33453369140625 0.31378173828125 0.05145263671875 -0.178146362304687
-0.162200927734375 0.464630126953125 0.0215835571289062 -0.0542221069335937
0.0452880859375 0.38250732421875 -4.76837158202953E-06 0.0107135772705078
0.19757080078125 0.29595947265625 0.0325851440429688 0.124900817871094
0.269439697265625 0.140609741210937 0.14947509765625 0.097320556640625
0.318328857421875 0.00738525390625 0.196319580078125 -0.00347900390625
0.34368896484375 -0.003387451171875 0.171646118164063 -0.0301055908203125
0.33056640625 -0.047637939453125 0.186782836914063 -0.0575103759765625
0.304931640625 0.060211181640625 0.152740478515625 -0.0063629150390625
0.302032470703125 0.178619384765625 0.0653724670410156 0.0256843566894531
0.238616943359375 0.313751220703125 0.0132827758789063 -0.0844802856445312
-0.0241394042968751 0.474853515625 0.0546417236328125 -0.174209594726562
-0.194671630859375 0.410552978515625 0.151229858398437 -0.262237548828125
-0.349212646484375 0.3770751953125 0.33404541015625 -0.253326416015625
-0.470184326171875 0.38079833984375 -0.035308837890625 -0.120704650878906
-0.386474609375 0.383575439453125 -0.00497436523437502 -0.0932083129882812
-0.20098876953125 0.553314208984375 0.0119552612304687 -0.0426216125488281
0.034454345703125 0.468170166015625 -0.0185699462890625 -0.0167503356933593
0.2210693359375 0.385589599609375 -0.0247421264648437 0.0735321044921875
0.33062744140625 0.201141357421875 0.0344314575195313 0.0575141906738281
0.38189697265625 0.03424072265625 0.0611381530761719 0.0170402526855469
0.403350830078125 0.0098876953125 0.0449905395507813 0.00490951538085938
0.394195556640625 -0.051055908203125 0.061798095703125 -0.022918701171875
0.357879638671875 0.068603515625 0.0339145660400391 0.00200271606445313
0.357666015625 0.200653076171875 -0.00856208801269529 0.0222549438476563
0.288238525390625 0.345672607421875 -0.0342559814453125 -0.0752105712890625
0.00515747070312504 0.54473876953125 0.0191497802734375 -0.140792846679687
-0.193817138671875 0.487335205078125 0.109695434570313 -0.17340087890625
-0.38427734375 0.46612548828125 0.211700439453125 -0.137054443359375
-0.441741943359375 0.3951416015625 -0.18353271484375 0.00514221191406256
-0.36187744140625 0.400360107421875 -0.0828628540039063 0.0125885009765625
-0.18792724609375 0.55364990234375 -0.0132312774658203 -0.0183753967285156
0.034088134765625 0.467315673828125 -0.0465011596679688 -0.0382041931152343
0.2158203125 0.397979736328125 -0.0867538452148437 0.00876617431640627
0.338653564453125 0.21929931640625 -0.095550537109375 0.008209228515625
0.384063720703125 0.051544189453125 -0.0883865356445312 0.0354995727539063
0.40081787109375 0.02362060546875 -0.0874404907226562 0.0406723022460937
0.395843505859375 -0.037872314453125 -0.0679168701171875 0.0201301574707031
0.351318359375 0.0804443359375 -0.08746337890625 0.0173416137695312
0.343292236328125 0.205718994140625 -0.08251953125 0.02093505859375
0.269927978515625 0.332916259765625 -0.0731430053710938 -0.0550689697265625
0.00491333007812499 0.52191162109375 -0.00645446777343749 -0.09075927734375
-0.181732177734375 0.470367431640625 0.0749740600585937 -0.0567169189453125
-0.368255615234375 0.4718017578125 0.0841293334960937 0.00508117675781253
-0.339324951171875 0.349273681640625 -0.317901611328125 0.132965087890625
-0.26458740234375 0.34954833984375 -0.1593017578125 0.120773315429688
-0.128936767578125 0.44342041015625 -0.0495643615722656 0.0161399841308594
0.034332275390625 0.367523193359375 -0.0754623413085937 -0.0429306030273437
0.17523193359375 0.324981689453125 -0.138717651367188 -0.04718017578125
0.287078857421875 0.189544677734375 -0.21136474609375 -0.0338897705078125
0.323089599609375 0.05621337890625 -0.222732543945312 0.0531005859375
0.33599853515625 0.03472900390625 -0.204864501953125 0.0691986083984375
0.337493896484375 -0.009765625 -0.184371948242187 0.0560150146484375
0.28570556640625 0.094635009765625 -0.190093994140625 0.0224151611328125
0.259918212890625 0.196624755859375 -0.140052795410156 0.00704193115234375
0.183090209960938 0.280715942382813 -0.0966873168945312 -0.0379714965820312
-0.025299072265625 0.409088134765625 -0.02056884765625 -0.0416107177734375
-0.158843994140625 0.36907958984375 0.0424156188964844 0.0574417114257813
-0.30206298828125 0.39398193359375 -0.035491943359375 0.141204833984375
-0.185302734375 0.24615478515625 -0.409881591796875 0.24609375
-0.126724243164063 0.234649658203125 -0.214553833007813 0.216140747070313
-0.0546417236328125 0.256790161132813 -0.081512451171875 0.05810546875
0.0244903564453125 0.2047119140625 -0.0941619873046875 -0.0249862670898437
0.103912353515625 0.197067260742188 -0.165695190429688 -0.0800933837890625
0.18768310546875 0.127029418945312 -0.290557861328125 -0.055633544921875
0.210662841796875 0.050506591796875 -0.319793701171875 0.0703124999999999
0.220611572265625 0.04193115234375 -0.2904052734375 0.0878906249999999
0.2310791015625 0.0224456787109375 -0.27374267578125 0.072357177734375
0.17889404296875 0.099578857421875 -0.260665893554688 0.00624084472656246
0.135330200195313 0.162521362304688 -0.171600341796875 -0.027557373046875
0.0665740966796875 0.190170288085937 -0.100242614746094 -0.0333175659179687
-0.055267333984375 0.235595703125 -0.0269184112548828 -0.0055561065673828
-0.113204956054687 0.211883544921875 0.00558471679687498 0.143035888671875
-0.193222045898438 0.257644653320313 -0.135955810546875 0.242538452148438
-0.0125350952148438 0.0963211059570313 -0.44793701171875 0.328521728515625
0.0104827880859375 0.079742431640625 -0.236907958984375 0.28997802734375
0.00255966186523438 0.0438385009765625 -0.0955123901367187 0.1033935546875
-0.00127601623535156 0.0310592651367188 -0.0914459228515625 0.00759124755859377
0.0145378112792969 0.0564498901367188 -0.165908813476563 -0.088104248046875
0.0600776672363281 0.0535697937011719 -0.322296142578125 -0.0557861328125
0.0661773681640625 0.0424003601074219 -0.363037109375 0.0856933593749999
0.0718307495117188 0.0415725708007813 -0.33111572265625 0.09405517578125
0.0918350219726563 0.0438766479492188 -0.324066162109375 0.0687561035156249
0.0541610717773438 0.0766525268554688 -0.290740966796875 -0.029144287109375
0.0109176635742188 0.0922317504882813 -0.174102783203125 -0.0744171142578125
-0.0307197570800781 0.066802978515625 -0.0867233276367188 -0.0390625
-0.0458831787109375 0.0408058166503906 -0.0285701751708984 0.0171680450439453
-0.0300025939941406 0.0426979064941406 -0.0320587158203125 0.191192626953125
-0.0474777221679687 0.0965194702148438 -0.204620361328125 0.295654296875
-0.153854370117188 0.068939208984375 0.205535888671875 -0.34869384765625
-0.103248596191406 0.0997695922851563 0.0612030029296875 -0.258071899414063
-0.008880615234375 0.150390625 0.0133552551269531 -0.0411415100097656
0.06591796875 0.0973892211914063 0.0369987487792969 0.049163818359375
0.0873489379882813 0.0228729248046875 0.130844116210938 0.143508911132813
0.0539665222167969 -0.0184898376464844 0.292510986328125 0.09295654296875
0.0711898803710938 -0.0408096313476563 0.3492431640625 -0.06341552734375
0.0874404907226563 -0.0321121215820313 0.33233642578125 -0.090911865234375
0.0741653442382813 -0.03399658203125 0.348907470703125 -0.089599609375
0.086181640625 0.00131988525390625 0.3154296875 0.010040283203125
0.0998306274414063 0.0455322265625 0.177902221679687 0.0514068603515625
0.0839691162109375 0.117362976074219 0.0930023193359375 -0.0512466430664062
-0.041900634765625 0.156631469726563 0.114837646484375 -0.15667724609375
-0.0921707153320313 0.106658935546875 0.216461181640625 -0.298553466796875
-0.119468688964844 0.058624267578125 0.489013671875 -0.344573974609375
-0.301055908203125 0.216064453125 0.17767333984375 -0.309234619140625
-0.224838256835937 0.225479125976563 0.0704498291015625 -0.237442016601563
-0.07928466796875 0.325897216796875 0.0189552307128906 -0.05462646484375
0.0668182373046875 0.2474365234375 0.0171756744384766 0.0340671539306641
0.157150268554688 0.159896850585938 0.088409423828125 0.151641845703125
0.17431640625 0.05816650390625 0.243255615234375 0.108642578125
0.210968017578125 -0.0258636474609375 0.2998046875 -0.035369873046875
0.235519409179688 -0.024749755859375 0.274520874023438 -0.068145751953125
0.221343994140625 -0.04412841796875 0.288970947265625 -0.086822509765625
0.209930419921875 0.039794921875 0.255722045898438 -0.0064239501953125
0.210494995117188 0.126296997070313 0.134246826171875 0.0356216430664063
0.165664672851563 0.233993530273438 0.0556106567382813 -0.0769119262695312
-0.04107666015625 0.33892822265625 0.0883941650390625 -0.182754516601563
-0.160324096679688 0.277679443359375 0.188934326171875 -0.310882568359375
-0.255538940429688 0.239761352539063 0.431732177734375 -0.333221435546875
-0.41558837890625 0.32952880859375 0.0910186767578124 -0.23248291015625
-0.330413818359375 0.327484130859375 0.048431396484375 -0.182327270507813
-0.151153564453125 0.474273681640625 0.0219802856445312 -0.058502197265625
0.052001953125 0.386138916015625 -4.57763671874977E-05 0.00886631011962893
0.20654296875 0.295166015625 0.0384597778320313 0.126785278320313
0.276824951171875 0.139404296875 0.156509399414063 0.0940704345703125
0.32421875 -0.0008544921875 0.20074462890625 -0.0085296630859375
0.3497314453125 -0.0159912109375 0.173049926757813 -0.03570556640625
0.33538818359375 -0.05816650390625 0.187545776367188 -0.0657958984375
0.31103515625 0.055023193359375 0.157699584960938 -0.011199951171875
0.3125 0.173553466796875 0.070953369140625 0.024322509765625
0.2509765625 0.3131103515625 0.00949096679687502 -0.086334228515625
-0.01068115234375 0.483612060546875 0.0528106689453125 -0.178848266601562
-0.188201904296875 0.42156982421875 0.148391723632813 -0.269638061523437
-0.3426513671875 0.394287109375 0.33319091796875 -0.263153076171875
-0.466156005859375 0.400787353515625 -0.0376434326171875 -0.1226806640625
-0.38189697265625 0.399139404296875 -0.00615692138671876 -0.0946731567382812
-0.18768310546875 0.56695556640625 0.0133171081542969 -0.0461921691894531
0.044281005859375 0.475616455078125 -0.0188255310058594 -0.0192241668701172
0.234375 0.38555908203125 -0.0216064453125 0.0748748779296875
0.341827392578125 0.198211669921875 0.0375442504882813 0.0573081970214844
0.391082763671875 0.0244140625 0.0651168823242188 0.0159797668457031
0.41131591796875 -0.00286865234375 0.0466041564941407 0.00334930419921875
0.39984130859375 -0.0633544921875 0.0616455078125 -0.0273551940917969
0.365814208984375 0.062591552734375 0.036956787109375 0.000431060791015629
0.3699951171875 0.1947021484375 -0.0053138732910156 0.0217742919921875
0.3021240234375 0.345489501953125 -0.038238525390625 -0.076080322265625
0.022125244140625 0.55438232421875 0.018463134765625 -0.145263671875
-0.18701171875 0.500396728515625 0.108322143554688 -0.179046630859375
-0.378021240234375 0.48486328125 0.21185302734375 -0.141998291015625
-0.43988037109375 0.415924072265625 -0.183731079101563 0.00883483886718749
-0.35845947265625 0.4173583984375 -0.0814666748046875 0.0150146484375
-0.17352294921875 0.56854248046875 -0.0115394592285156 -0.0205745697021484
0.043182373046875 0.474334716796875 -0.0467376708984375 -0.0409164428710937
0.2305908203125 0.39849853515625 -0.087371826171875 0.0108642578125
0.352325439453125 0.216522216796875 -0.0970001220703125 0.0109710693359375
0.395355224609375 0.041900634765625 -0.0853805541992187 0.0390701293945313
0.408905029296875 0.01123046875 -0.0867233276367187 0.0428085327148438
0.4014892578125 -0.050445556640625 -0.0686492919921875 0.0197296142578125
0.359375 0.074432373046875 -0.0857772827148437 0.0190353393554687
0.355255126953125 0.20025634765625 -0.0803451538085937 0.02197265625
0.282684326171875 0.332733154296875 -0.0770492553710937 -0.0547027587890625
0.020050048828125 0.531646728515625 -0.00581359863281249 -0.0940933227539062
-0.1744384765625 0.483978271484375 0.0771255493164062 -0.0595779418945312
-0.361785888671875 0.49114990234375 0.0864486694335937 0.00451660156250003
-0.33770751953125 0.36541748046875 -0.316741943359375 0.141845703125
-0.26129150390625 0.363433837890625 -0.156326293945313 0.12738037109375
-0.1168212890625 0.456390380859375 -0.0475540161132813 0.0162429809570313
0.0416259765625 0.3740234375 -0.0764541625976563 -0.044586181640625
0.18865966796875 0.326385498046875 -0.142135620117188 -0.045867919921875
0.299072265625 0.186737060546875 -0.217437744140625 -0.02825927734375
0.33441162109375 0.048431396484375 -0.222091674804687 0.0608673095703125
0.3443603515625 0.02496337890625 -0.204238891601563 0.0755767822265625
0.343353271484375 -0.020233154296875 -0.185623168945312 0.05950927734375
0.2935791015625 0.090728759765625 -0.1905517578125 0.0277862548828125
0.269546508789063 0.194046020507812 -0.140914916992188 0.00881958007812501
0.1922607421875 0.281951904296875 -0.0998458862304687 -0.036376953125
-0.0146484375 0.4166259765625 -0.0186996459960938 -0.0436515808105468
-0.154144287109375 0.3804931640625 0.04644775390625 0.0563392639160157
-0.298126220703125 0.409088134765625 -0.0321807861328125 0.145004272460938
-0.184341430664063 0.256622314453125 -0.407470703125 0.2584228515625
-0.123748779296875 0.243118286132813 -0.210159301757813 0.225128173828125
-0.0489044189453125 0.265594482421875 -0.0796890258789063 0.059722900390625
0.0286407470703125 0.209381103515625 -0.0950241088867187 -0.025848388671875
0.11297607421875 0.197967529296875 -0.172500610351563 -0.0788116455078125
0.197036743164063 0.124618530273438 -0.299530029296875 -0.047821044921875
0.219070434570312 0.0458984375 -0.32025146484375 0.080718994140625
0.2271728515625 0.0355072021484375 -0.290008544921875 0.0959167480468751
0.235427856445313 0.0151214599609375 -0.274215698242188 0.0796813964843749
0.185836791992187 0.0982818603515625 -0.2626953125 0.01336669921875
0.14239501953125 0.1629638671875 -0.174331665039062 -0.02484130859375
0.0716705322265625 0.193161010742188 -0.102302551269531 -0.0319595336914063
-0.0489654541015625 0.2420654296875 -0.02532958984375 -0.00629043579101561
-0.111587524414062 0.220077514648438 0.0109710693359375 0.144332885742188
-0.190628051757812 0.26788330078125 -0.13238525390625 0.250076293945313
-0.0128402709960938 0.098480224609375 -0.443878173828125 0.340789794921875
0.01141357421875 0.0810012817382813 -0.230621337890625 0.300079345703125
0.00339508056640625 0.0464820861816406 -0.0932693481445312 0.10675048828125
-0.00115966796875 0.0329551696777344 -0.0915298461914062 0.0075836181640625
0.0177040100097656 0.0576820373535156 -0.173431396484375 -0.087890625
0.0643043518066406 0.0527610778808594 -0.331085205078125 -0.0477600097656251
0.0709915161132813 0.0414352416992188 -0.365325927734375 0.09747314453125
0.0758743286132813 0.0405044555664063 -0.33160400390625 0.103363037109375
0.0951614379882813 0.0415573120117188 -0.325469970703125 0.0777282714843751
0.0587158203125 0.07708740234375 -0.294891357421875 -0.0208435058593749
0.0142059326171875 0.0943069458007812 -0.178756713867188 -0.0715789794921875
-0.0296974182128906 0.0697517395019531 -0.0883712768554688 -0.0373077392578125
-0.04510498046875 0.043487548828125 -0.0268707275390625 0.0170307159423828
-0.0308952331542969 0.0468063354492188 -0.026885986328125 0.194320678710938
-0.0477371215820312 0.101455688476563 -0.2012939453125 0.305755615234375
-0.153533935546875 0.0766754150390625 0.200531005859375 -0.367431640625
-0.102996826171875 0.104721069335938 0.052978515625 -0.268829345703125
-0.00447082519531251 0.153533935546875 0.01177978515625 -0.0439109802246094
0.0697402954101562 0.0969619750976562 0.0390052795410156 0.0499687194824219
0.087615966796875 0.0210113525390625 0.142807006835938 0.144363403320313
0.0535469055175781 -0.0180549621582031 0.308563232421875 0.08465576171875
0.0707855224609375 -0.043670654296875 0.35699462890625 -0.07928466796875
0.08819580078125 -0.037353515625 0.338592529296875 -0.10504150390625
0.074981689453125 -0.0383377075195313 0.35540771484375 -0.105499267578125
0.0885086059570313 -0.00127410888671875 0.327239990234375 -0.002716064453125
0.104698181152344 0.0427932739257813 0.188613891601563 0.046966552734375
0.0916519165039062 0.117156982421875 0.0929641723632813 -0.05450439453125
-0.0364532470703125 0.162704467773437 0.111480712890625 -0.163726806640625
-0.0908355712890625 0.111717224121094 0.21136474609375 -0.31378173828125
-0.119316101074219 0.0640106201171875 0.491668701171875 -0.37030029296875
-0.30084228515625 0.235260009765625 0.172882080078125 -0.326446533203125
-0.223236083984375 0.238845825195312 0.064056396484375 -0.2479248046875
-0.069091796875 0.3365478515625 0.0181999206542969 -0.0589561462402343
0.0758056640625 0.251937866210938 0.0179862976074219 0.033224105834961
0.165374755859375 0.15948486328125 0.099273681640625 0.154083251953125
0.181472778320313 0.056884765625 0.258056640625 0.102783203125
0.216232299804687 -0.0331573486328125 0.30859375 -0.048004150390625
0.241241455078125 -0.03619384765625 0.2796630859375 -0.0808868408203125
0.227630615234375 -0.0540008544921875 0.29351806640625 -0.100982666015625
0.218475341796875 0.0345001220703125 0.264801025390625 -0.017425537109375
0.222244262695313 0.12249755859375 0.1435546875 0.0320892333984375
0.180374145507813 0.236190795898438 0.0536346435546875 -0.0801467895507812
-0.029022216796875 0.351959228515625 0.0849609375 -0.19171142578125
-0.157012939453125 0.291900634765625 0.18316650390625 -0.325714111328125
-0.253189086914063 0.257492065429688 0.43212890625 -0.356597900390625
-0.415435791015625 0.355926513671875 0.08685302734375 -0.243667602539063
-0.328338623046875 0.347991943359375 0.043060302734375 -0.189682006835937
-0.13739013671875 0.493988037109375 0.0216484069824219 -0.0631866455078125
0.064788818359375 0.39520263671875 0.000121593475341801 0.00673484802246096
0.221954345703125 0.296539306640625 0.0466537475585938 0.130844116210938
0.2900390625 0.1373291015625 0.166702270507813 0.0911407470703125
0.336029052734375 -0.012176513671875 0.208114624023438 -0.01776123046875
0.360198974609375 -0.030731201171875 0.176971435546875 -0.04351806640625
0.344573974609375 -0.072998046875 0.189529418945313 -0.0770111083984375
0.3232421875 0.04840087890625 0.164077758789063 -0.0187530517578125
0.3291015625 0.167572021484375 0.0775985717773438 0.02227783203125
0.271881103515625 0.31500244140625 0.00444793701171877 -0.0878372192382812
0.00802612304687495 0.49969482421875 0.04925537109375 -0.187210083007812
-0.181182861328125 0.441741943359375 0.143402099609375 -0.281982421875
-0.340179443359375 0.41912841796875 0.33502197265625 -0.279693603515625
-0.465850830078125 0.433013916015625 -0.0407180786132813 -0.126068115234375
-0.37896728515625 0.425628662109375 -0.00841522216796876 -0.0971221923828125
-0.16986083984375 0.59100341796875 0.0139350891113281 -0.0512504577636718
0.05859375 0.488983154296875 -0.0198287963867187 -0.0220890045166015
0.25604248046875 0.389251708984375 -0.01763916015625 0.0787124633789063
0.360992431640625 0.19561767578125 0.0414352416992188 0.0580329895019531
0.406768798828125 0.010772705078125 0.070098876953125 0.0133247375488281
0.42486572265625 -0.020050048828125 0.0486335754394532 0.000888824462890624
0.4097900390625 -0.08148193359375 0.0619544982910156 -0.0324745178222656
0.380096435546875 0.053466796875 0.0400657653808594 -0.00245285034179687
0.388916015625 0.18756103515625 -0.00171470642089841 0.0217151641845703
0.324005126953125 0.346710205078125 -0.0437545776367187 -0.0762405395507812
0.0438232421875 0.57049560546875 0.01580810546875 -0.152374267578125
-0.176666259765625 0.523101806640625 0.106597900390625 -0.18829345703125
-0.3729248046875 0.516571044921875 0.214004516601563 -0.151809692382812
-0.439605712890625 0.4471435546875 -0.186859130859375 0.014434814453125
-0.35369873046875 0.443389892578125 -0.082183837890625 0.019073486328125
-0.15594482421875 0.5933837890625 -0.0103893280029297 -0.0233268737792968
0.059173583984375 0.48944091796875 -0.0485687255859375 -0.0432853698730468
0.25341796875 0.403778076171875 -0.0884857177734375 0.0141372680664063
0.3731689453125 0.21240234375 -0.100051879882812 0.0156326293945313
0.41290283203125 0.028533935546875 -0.0837173461914062 0.0429840087890625
0.423675537109375 -0.005706787109375 -0.0864105224609375 0.0462493896484375
0.41204833984375 -0.06744384765625 -0.0704574584960937 0.0205307006835938
0.375152587890625 0.06646728515625 -0.0858688354492187 0.0222549438476562
0.374420166015625 0.193359375 -0.0803756713867187 0.0239334106445313
0.30255126953125 0.3355712890625 -0.082611083984375 -0.0526504516601562
0.0411376953125 0.547607421875 -0.00650024414062499 -0.0994033813476562
-0.166015625 0.507080078125 0.0785751342773437 -0.0652999877929687
-0.356475830078125 0.521148681640625 0.0901031494140625 0.00366210937500003
-0.33758544921875 0.39178466796875 -0.31927490234375 0.155731201171875
-0.2557373046875 0.384033203125 -0.154739379882813 0.13702392578125
-0.104217529296875 0.476806640625 -0.0460433959960938 0.0162353515625
0.0533447265625 0.3868408203125 -0.0795135498046875 -0.0462112426757812
0.20751953125 0.330596923828125 -0.148956298828125 -0.0424652099609375
0.318023681640625 0.182647705078125 -0.226974487304687 -0.019866943359375
0.350372314453125 0.036407470703125 -0.222930908203125 0.07110595703125
0.3582763671875 0.011505126953125 -0.205810546875 0.0836639404296875
0.353485107421875 -0.03436279296875 -0.188934326171875 0.06585693359375
0.30767822265625 0.085540771484375 -0.193252563476562 0.03466796875
0.2857666015625 0.1900634765625 -0.144088745117188 0.012481689453125
0.20782470703125 0.28631591796875 -0.104103088378906 -0.03363037109375
0.00140380859375001 0.430908203125 -0.0189743041992187 -0.0472183227539062
-0.148101806640625 0.399169921875 0.051605224609375 0.0553092956542969
-0.29364013671875 0.436065673828125 -0.0277252197265625 0.15179443359375
-0.18341064453125 0.272872924804688 -0.4095458984375 0.277679443359375
-0.120407104492188 0.255630493164063 -0.206146240234375 0.240127563476563
-0.0399932861328125 0.277069091796875 -0.0779647827148437 0.0638275146484375
0.0347747802734375 0.2174072265625 -0.09765625 -0.0257797241210937
0.125411987304688 0.200729370117187 -0.182159423828125 -0.076873779296875
0.209640502929688 0.121566772460938 -0.313140869140625 -0.03668212890625
0.230972290039063 0.037628173828125 -0.3250732421875 0.0953369140625001
0.238021850585938 0.02740478515625 -0.293609619140625 0.108306884765625
0.244537353515625 0.006561279296875 -0.279083251953125 0.0906829833984375
0.1968994140625 0.09619140625 -0.268600463867188 0.023101806640625
0.153167724609375 0.163177490234375 -0.180465698242188 -0.0207061767578125
0.0804595947265625 0.198684692382813 -0.105941772460938 -0.0289688110351563
-0.041412353515625 0.252151489257812 -0.0242271423339844 -0.00834083557128904
-0.10931396484375 0.232009887695312 0.017852783203125 0.146926879882813
-0.188507080078125 0.2862548828125 -0.127960205078125 0.263031005859375
-0.012786865234375 0.103004455566406 -0.4449462890625 0.363922119140625
0.0132369995117187 0.0834197998046875 -0.22552490234375 0.318634033203125
0.00518798828124999 0.0490798950195313 -0.091339111328125 0.113456726074219
-0.000820159912109376 0.0358009338378906 -0.0940628051757813 0.00872802734374999
0.022003173828125 0.05877685546875 -0.185287475585937 -0.0858001708984375
0.0698165893554687 0.0517692565917969 -0.3466796875 -0.034912109375
0.077362060546875 0.0389480590820313 -0.371063232421875 0.115020751953125
0.0821990966796875 0.0391006469726563 -0.336029052734375 0.11767578125
0.101081848144531 0.038726806640625 -0.33160400390625 0.091064453125
0.064971923828125 0.0780410766601563 -0.3045654296875 -0.010711669921875
0.0192184448242188 0.0979385375976563 -0.187347412109375 -0.0675048828125
-0.0276260375976563 0.0745010375976563 -0.0911026000976562 -0.0347366333007813
-0.0444564819335938 0.0482101440429687 -0.0262680053710938 0.0170974731445313
-0.0314064025878906 0.0521659851074219 -0.0198211669921875 0.200088500976562
-0.0471038818359375 0.108261108398438 -0.19830322265625 0.322723388671875
0.129298754462746 0.127526336955004 0.441396633410013 -0.0678656135648309
0.154635608457594 0.0429992164048052 0.279885629202007 -0.120282263939162
0.131023227931365 -0.0845549214878513 0.014394538009298 -0.0320550615536072
0.0290726357225721 -0.133231757938658 -0.0598342439904377 0.0679852655188957
-0.0652568721158279 -0.0910285321573757 -0.0564254181551891 0.232841819234564
-0.0780066421340694 -0.0428807609629982 0.0692803754375235 0.330512697190353
-0.0985512154701864 -0.0347090704440546 0.204234584903961 0.325748979967424
-0.107620527783048 -0.0276455156652465 0.271609454926207 0.28543823145789
-0.105660560075273 -0.0419863493544687 0.252715590848868 0.299058870507579
-0.0782704849699385 -0.0628943500933407 0.155746906899423 0.29038127368504
-0.052206372229584 -0.110206131633754 0.0385208287511924 0.210605116830542
0.0358521236547852 -0.151749663830044 0.0728012747890672 0.053939193453224
0.124891181259662 -0.088153745560658 0.187283231179445 -0.0153029295251877
0.126833747176242 0.0163453633363758 0.386131174359625 0.00654402279428655
0.0900316462696608 0.0812882244508226 0.594136469589728 0.145054747738193
0.34185041008653 0.155266671169873 0.380551270771042 -0.101532294278778
0.343553261016094 0.0505655336590358 0.259628957985675 -0.135659970315365
0.323854273683199 -0.141131398767841 -0.00249926807558779 -0.0698743549856391
0.162258041028647 -0.250379629314722 -0.0972972391645454 0.0217455658615232
-0.0187945900749787 -0.254458935018234 -0.114630864028302 0.206783561948502
-0.0973132160782783 -0.192827035762471 0.00979828032741416 0.306390791407947
-0.168009138356303 -0.173750518164768 0.137058192308721 0.305306334816358
-0.204921887462398 -0.142763521040035 0.212308473121688 0.254710228376874
-0.207523290075829 -0.163508537876283 0.209744899820325 0.255760142775389
-0.132874739693941 -0.191008300132188 0.11951007675842 0.236148709123536
-0.0728367738545789 -0.253041552775766 0.0101725721422877 0.163709959617162
0.0855941407157771 -0.303702828386344 0.0518496663878874 -0.00252654599605198
0.247547869062652 -0.231400548068884 0.181985496492203 -0.0661033584554229
0.306580721616932 -0.0426839646694879 0.380639731598371 -0.0456079450648292
0.313475172699763 0.085319688832575 0.562145469377375 0.0869639639558884
0.513549335055257 0.17094018356959 0.25283511255623 -0.153133815244267
0.502978356654091 0.0585854727983658 0.189370174504538 -0.155239300766105
0.496655048334102 -0.181404222211713 -0.0247906738307509 -0.10139835022356
0.297332078663617 -0.345239841119736 -0.118938249877329 -0.0292466659667834
0.0427100766545972 -0.398688238849065 -0.145747478571512 0.148534040779017
-0.0976371844841578 -0.326891598577247 -0.0420598409695149 0.228819576178995
-0.209722701473075 -0.295173756839202 0.0526041243695695 0.230824857537841
-0.273481987625315 -0.236024434215508 0.119215399914611 0.184723352070808
-0.287058148161501 -0.254319585193555 0.131321551236076 0.178881298554543
-0.186778578383012 -0.285254909504203 0.0572661946167855 0.156956107358643
-0.111213715440467 -0.363515440748059 -0.0299758489068928 0.101406359557915
0.0987508942668726 -0.433921792135448 0.0141148312990219 -0.0520409684519612
0.321023725176657 -0.364785369104058 0.14616214554379 -0.100606498860723
0.438996130946733 -0.117184520245302 0.317321943764256 -0.0756326483708283
0.488184173184267 0.0660840623862113 0.454665267014126 0.0413667089282388
0.617313002076918 0.154055226717533 0.0704235319626217 -0.206787699971284
0.602725344309936 0.0381424631605105 0.0685587839597891 -0.174051385736764
0.600928568223206 -0.216749756316696 -0.0605310724877843 -0.120350780174157
0.384750254167575 -0.407111877394278 -0.126858989650864 -0.07512428313684
0.091786742384804 -0.490792976194633 -0.150933677698239 0.060373169379047
-0.0877263202145228 -0.415015123946764 -0.0845513262066707 0.105800964105224
-0.220824212928946 -0.373878632914372 -0.0392568177324139 0.115085523011176
-0.301607988094576 -0.294713280062324 0.00787554788407932 0.087763248845435
-0.324267613654326 -0.307187880346108 0.0287818039845878 0.0846409984768964
-0.213454035770151 -0.33883541104384 -0.025744607035311 0.0627583733973349
-0.134671764861692 -0.420881560037926 -0.0783103558820473 0.0297418143800596
0.095685886308853 -0.500549978234777 -0.032490063136748 -0.0899790240394309
0.346554411171526 -0.443610766834314 0.0908402555228364 -0.110704144478786
0.501573600861507 -0.175523587612129 0.212233234279552 -0.0672174069525054
0.585457198047187 0.0327106121420148 0.284874226171115 0.0168962104953289
0.629849166267838 0.106839240698285 -0.140979863158811 -0.248941534534683
0.60623055468746 -0.00764239385646922 -0.0854105018197753 -0.181683491719648
0.59782143982201 -0.231777457406758 -0.103039234197687 -0.125199889855817
0.3898564204635 -0.406839937880509 -0.122152972328112 -0.11310229104267
0.111646138753399 -0.495450193570203 -0.135113751350922 -0.0452132631292958
-0.0692100806726121 -0.429926981579163 -0.116989511604595 -0.041524935697231
-0.200786033687441 -0.390677385483601 -0.126997846394315 -0.0224049232585526
-0.281868494249974 -0.308854708420535 -0.10486224543553 -0.0215115941122388
-0.303996013533244 -0.317070796357606 -0.079958036904752 -0.0174213645928377
-0.193247531508884 -0.34574327432623 -0.110257696477715 -0.0352108530165943
-0.11593982420991 -0.41483624792113 -0.119887104056863 -0.0458668069687338
0.102989825454576 -0.475742775002933 -0.0696583076796404 -0.114737978754426
0.333821308584611 -0.427626702080986 0.0361006476274879 -0.0980196863890755
0.482230625812826 -0.18135225627195 0.0904910817934412 -0.0252389925629053
0.586088955317527 0.00937887575683569 0.0871777554191969 0.016077894163516
0.541324374020889 0.0363036097167413 -0.341944053187746 -0.262260624787375
0.498738923925446 -0.0612379426787377 -0.238656292643405 -0.165811579469089
0.470185686489058 -0.210587560675397 -0.13976313486397 -0.111258404249543
0.30733620215698 -0.328516482923559 -0.107848015991019 -0.130992513274634
0.0994360873678907 -0.402588947173169 -0.105701252058162 -0.141330184785994
-0.0437128239638623 -0.362001010530086 -0.137689131525574 -0.179979800309516
-0.1503404161531 -0.341679816194471 -0.198945320318285 -0.15373627862584
-0.218348631254984 -0.276943019370733 -0.200402264538725 -0.126060195696314
-0.230107418819366 -0.287244599593633 -0.172413859095251 -0.116782574191887
-0.127845114153276 -0.308949778732665 -0.169122004525028 -0.130001679042564
-0.0528655681930844 -0.345952370286571 -0.133077445129226 -0.120403368897032
0.1231852520746 -0.362943453718258 -0.0809641542159389 -0.128581089706102
0.287972797512279 -0.318105678790545 -0.00280726807508407 -0.0731561405056404
0.393129435091757 -0.135681209473977 -0.025386743953154 0.0247181589144403
0.493315204892832 -0.00282806277679984 -0.105023722994564 0.025265161856542
0.367542659186424 -0.0379844683650492 -0.497639275537482 -0.23753548960252
0.304971418940646 -0.0986390785379771 -0.359864165782662 -0.123794144072162
0.265687967310919 -0.145612953475288 -0.163422415451719 -0.0785432087524492
0.175330827157192 -0.189825734943444 -0.0884033220738688 -0.121782946858773
0.0713532517606417 -0.240679143503047 -0.0713813368600865 -0.203362607985738
-0.0125987137376656 -0.235269297123881 -0.147454409316954 -0.279279314660793
-0.0778675479871137 -0.236551718938817 -0.24544933977751 -0.25445775879915
-0.120487144108906 -0.203447277786072 -0.264617413802228 -0.21071065377895
-0.121563192182773 -0.217356501038185 -0.228831295305354 -0.204289976228998
-0.0411265792420263 -0.228503497486527 -0.184836133702554 -0.212104601296753
0.0219198484903569 -0.227577223342973 -0.105076195207997 -0.182801072945099
0.128117961261457 -0.197192000617796 -0.060097603986661 -0.12967870688728
0.201718829793903 -0.159217078329986 -0.0218936274911233 -0.0466033656811563
0.245010124103913 -0.0679362147142911 -0.117983637503298 0.0623704167360404
0.325986214847411 -0.0142656767339265 -0.263739298081022 0.0317439537992936
0.137788388752904 -0.0942916088964676 -0.586449480157293 -0.183947033886077
0.0742791572909099 -0.101758478335043 -0.43276177678352 -0.0566358387093363
0.0450384137252312 -0.0488648043521764 -0.170670523339407 -0.0272723691474506
0.0415724014094396 -0.0279928495396542 -0.0651144540714451 -0.0867049418723852
0.0462353842825163 -0.0556672058504009 -0.0388631440628879 -0.224750172375964
0.0286871119818392 -0.0801703924903655 -0.145818779660628 -0.324660342045512
0.0127838515443444 -0.0997378333856169 -0.261620020213701 -0.308671417497684
-0.00518981029050919 -0.098352635150284 -0.288276703236641 -0.26321298322851
-0.00358821346670747 -0.111395394368082 -0.242179252712719 -0.266990336080745
0.0348436171929498 -0.11033863515731 -0.15665461436096 -0.269589294890221
0.0679530573925396 -0.079587033744662 -0.0445514567198338 -0.220116980956641
0.0891788357903514 -0.023161871297563 -0.0187964401358003 -0.113949328868609
0.0683087412657453 -0.00736961006317393 -0.0286241566435214 -0.0196638474978103
0.0626327456434377 -0.0195078033499209 -0.183031792906078 0.0789586561455533
0.117800350975709 -0.0363055283545142 -0.366882861748917 0.0335709270210236
0.138021152895484 0.118509165023782 0.445178232815166 -0.0971679321551421
0.158182854246033 0.0347932657430054 0.276603219648397 -0.140959720531628
0.126231962553484 -0.0924340102524055 0.0141836489209604 -0.0341949024335923
0.0214680710623779 -0.135548912803508 -0.0563366468712098 0.0721555103530022
-0.0702551761938648 -0.0870808733447207 -0.0402229278388803 0.242362952897745
-0.0799302914728325 -0.0394239074034125 0.0952911603928063 0.332335740318135
-0.102194506728531 -0.0284758006174046 0.229646557824626 0.315330931947791
-0.110782928219797 -0.019510755933709 0.293168899734604 0.270435815044477
-0.110166461508593 -0.0348166114977365 0.276925094220647 0.285569030231047
-0.0832108775776376 -0.0586235352622886 0.179815419598854 0.283785877877527
-0.0607065466979412 -0.107750282179776 0.0548259035375763 0.214760451531976
0.0246948573790064 -0.15627318279367 0.0756814405488321 0.0504393947021993
0.120525967182932 -0.0978357328631977 0.187321548493774 -0.0271193547530232
0.128725267503884 0.00932904887366983 0.390997244830777 -0.0186201337026641
0.0965074003328917 0.0751064849419119 0.612799879864997 0.110349905350183
0.357076654158991 0.132697103612532 0.381601279463292 -0.12687585332243
0.349096595253265 0.0296511173072292 0.254455695202196 -0.154150491275333
0.317255398177761 -0.164460462920539 -0.0049641338871519 -0.0710351403747342
0.149878990615302 -0.262884046265513 -0.096481662180619 0.0271553648553722
-0.0343852431574231 -0.256062901709788 -0.0999356613332301 0.219874937614513
-0.10964878650593 -0.191691159415682 0.032812696209284 0.31155962202246
-0.182532670658825 -0.165725132104074 0.161085377137642 0.299308216299347
-0.218588008018751 -0.129699786776325 0.231360289265967 0.243329316014358
-0.222447944956285 -0.151557302787306 0.23061982105552 0.244377611486984
-0.147136124727447 -0.186381469228843 0.139926330349392 0.232542433380873
-0.0912234294301914 -0.251917138988548 0.0235310239033155 0.168295497430688
0.0654087929404546 -0.315778724266565 0.0502784882518901 -0.00548609623424672
0.235851981941501 -0.251492863503404 0.180616907727209 -0.0788656760828296
0.309802910884668 -0.0624974525065684 0.381601494355 -0.0712348724998927
0.324195741938143 0.0651833755878659 0.576997179072392 0.0530151306076696
0.532674879012812 0.137205781607431 0.247354140599269 -0.170534701898823
0.512693765015352 0.0263993698705121 0.182582294406202 -0.169523311718715
0.490642168814132 -0.215741599395733 -0.0281946137554294 -0.102289052515444
0.281638780062541 -0.368442210684985 -0.120865945261916 -0.023472072124473
0.0182472993585422 -0.407062744479298 -0.135675043585378 0.163252427983457
-0.119507590933628 -0.328344007450544 -0.0259626145687934 0.235965837769239
-0.233667106429535 -0.287083957198289 0.0715099234008915 0.230804150366581
-0.294615073242382 -0.219690679374833 0.133570907248043 0.178196080660721
-0.309797994051166 -0.236888707632634 0.146674850593951 0.171051354631063
-0.207345188854523 -0.280217687067732 0.0704279228910379 0.154635625622564
-0.137317685310201 -0.362159167084935 -0.0203547390261957 0.106509763907997
0.0719756495165297 -0.450390024702324 0.00857550902186494 -0.0538528568994735
0.303081146990071 -0.393801124593057 0.142465343879692 -0.11250973987881
0.440278840567798 -0.147983591374082 0.317159162019081 -0.0971816166966398
0.502242218486796 0.0316531101066074 0.46264921984451 0.013231814676801
0.638488545524835 0.114309045275756 0.059516983277647 -0.213491552501458
0.613871536474234 -0.000197281589876324 0.058629187866193 -0.179843866799302
0.593182299518589 -0.260352541347053 -0.0656092270959239 -0.118382373750512
0.367823057242135 -0.4386557308568 -0.131618482283287 -0.0706762689741798
0.0603971935904064 -0.504250027249392 -0.147290547620674 0.073406292938054
-0.11509264173349 -0.419597514224207 -0.0791545126863881 0.114137937622617
-0.251734062921154 -0.365315250205133 -0.0285382550296312 0.120684271352061
-0.328123967306644 -0.277714475508441 0.0154376027620029 0.0879996429631336
-0.351461933619812 -0.288262602039032 0.0360847966326763 0.0815782344220525
-0.238916212011561 -0.332424928768182 -0.020615531291246 0.0657773462847921
-0.164777538380711 -0.418820966325438 -0.0747143908733694 0.0361048998247952
0.0646163857714328 -0.517330300447836 -0.0410010994958734 -0.0888103336016883
0.321605467058891 -0.474196237053899 0.0873468234249133 -0.119818909024149
0.50068125680793 -0.210820428842947 0.212182978158862 -0.0821828969969734
0.600222159480221 -0.00634722723852813 0.289347552816874 -0.00073123779079605
0.649626448499903 0.0656760966054462 -0.157504870751968 -0.242562054603162
0.616139200002787 -0.0462505840844088 -0.0980068447868492 -0.176933918952857
0.590645949638893 -0.277158518014193 -0.10935930839005 -0.119962131315475
0.373369981692583 -0.440075190377832 -0.129262208340618 -0.109271173496835
0.0789740670455762 -0.511401606036436 -0.138477159174986 -0.0347050251927067
-0.098212400949294 -0.435522695229205 -0.123692399829585 -0.0337144613958434
-0.233184388430524 -0.385227774573612 -0.127577372234763 -0.0124764750443056
-0.309975284928047 -0.293435788799513 -0.105923506340096 -0.014783271629618
-0.332128680777118 -0.300532711039574 -0.0815661974538946 -0.014474723716633
-0.219401626146991 -0.341860293896405 -0.113288506510087 -0.0283644109877974
-0.144753516063944 -0.413614098556302 -0.122994663535006 -0.0389990713044639
0.0738180943377293 -0.492402289041184 -0.0802296812325673 -0.111736886104847
0.311118828573552 -0.457959041204579 0.0330319928016379 -0.103166260545838
0.48280051551422 -0.216664289314039 0.0909371253636196 -0.0323829301543826
0.598516928400142 -0.0303503289642714 0.0883458817806651 0.0114227882850035
0.556743404536167 0.000491175516812895 -0.362146466726433 -0.243316608338589
0.50263855898038 -0.0930258090417496 -0.25218989139626 -0.150188032830981
0.46441257073118 -0.24682205792179 -0.14661980918013 -0.10376075623764
0.295101048913505 -0.355265135122483 -0.115973007099184 -0.128127872963922
0.0737634211534429 -0.416664669526111 -0.116029661014386 -0.13603314991711
-0.0696706868468994 -0.36821828586731 -0.15474563295704 -0.172901265897568
-0.179477572827227 -0.338374180761399 -0.208923187084977 -0.139988195746676
-0.243172446043725 -0.265548293856129 -0.2090396632307 -0.114669947758488
-0.255145110625774 -0.275986347062162 -0.181988808847626 -0.108337206528923
-0.150678567303575 -0.308240358619695 -0.180200876442372 -0.120192691582685
-0.0768870370794019 -0.347714645861502 -0.14202135561757 -0.113969617067347
0.101529591117625 -0.378589126164648 -0.0915256049774895 -0.124349499281968
0.270826677038517 -0.343207778873082 -0.00481400094094392 -0.0761079528046201
0.39322511420708 -0.163427508169025 -0.0223692650151144 0.026128144485027
0.5034323674363 -0.0371830375271449 -0.106578207483853 0.0328741426763869
0.374707677635701 -0.0618642498345688 -0.518685930658238 -0.209796624012817
0.304333142784474 -0.118185261271416 -0.372104624108738 -0.0991568842852984
0.261803445555363 -0.166252892976889 -0.169040501687151 -0.0691824613016077
0.168366586484178 -0.206606515727806 -0.0967267480791215 -0.118998567316478
0.0555126126240173 -0.249958188601997 -0.0863639469040828 -0.203262177942967
-0.0290357811450281 -0.240084375586966 -0.171575516413859 -0.273940920164666
-0.0977548668066648 -0.236480535297822 -0.26453483619656 -0.239603480581468
-0.138471335921241 -0.198483774055927 -0.280273839471139 -0.19640696745233
-0.140091827909497 -0.213350804539771 -0.245443947227384 -0.192326158566346
-0.0570464818087196 -0.232226500125007 -0.201824785207552 -0.202871306734796
0.00729920021750671 -0.234019805755896 -0.118388238863774 -0.179554510065015
0.119376159536282 -0.209892954529256 -0.0692285034594901 -0.126697970386707
0.195051309987044 -0.17578092004289 -0.0232615107997671 -0.047169598777569
0.246626858978537 -0.0862154443203519 -0.114636155485384 0.0700179041370452
0.33294400227954 -0.0371442809923525 -0.267200772768648 0.0487766947698726
0.136811250392531 -0.102753015743301 -0.605423478048336 -0.149531264017919
0.0700200919433084 -0.106776030782144 -0.441948471355433 -0.0276856094701422
0.0442146679440792 -0.0528812406919327 -0.174440981953044 -0.0165451409953152
0.0422575183141627 -0.0322897997060588 -0.07045619649794 -0.0853527346408032
0.0425318320367652 -0.0593869348967759 -0.0555887943505657 -0.228155156212582
0.0230906113385371 -0.0839904369624322 -0.173430920892809 -0.321283266507004
0.00370375197053522 -0.103087202487788 -0.286177706876182 -0.294617049630585
-0.01392428640484 -0.1007266587856 -0.3080761660456 -0.246747331860641
-0.012556958232115 -0.113687793500678 -0.262549093737799 -0.25504899135974
0.0273413807505601 -0.116688751689559 -0.17791973124146 -0.262460948519454
0.0634763588692843 -0.0870372903129407 -0.0606876259794946 -0.221161519896263
0.0901288729223846 -0.0317463966320043 -0.0259793082789679 -0.113320452275451
0.0696045338688842 -0.0133891464585938 -0.0295083369818151 -0.0196201117710307
0.0645926893359392 -0.0247589362618035 -0.180114185997764 0.0913652560549083
0.119524660940208 -0.0445052810338989 -0.372461982632512 0.0576718265603602
0.142366465453488 0.108269620069942 0.439802373240804 -0.122717075871699
0.158363583984691 0.0262302577330211 0.267646033539876 -0.157340040216572
0.118939220260982 -0.0977412908869513 0.0140296072187368 -0.0355306851958941
0.0144641912817967 -0.134838812308429 -0.0516776573497859 0.0745048565385191
-0.0726509008650597 -0.0821774150555507 -0.0235998190489186 0.245408200364633
-0.0802295856267016 -0.0359441852760946 0.118051488671875 0.326023836556747
-0.102574954094636 -0.0224156356747838 0.247745269876989 0.299260837582267
-0.111094936145764 -0.0112977529404797 0.306020416927916 0.250242477571556
-0.112041540929674 -0.0266780931390367 0.293739057382343 0.266943249019645
-0.086661960388682 -0.0530188691263857 0.198552769803996 0.272619008085379
-0.0671485192644351 -0.102841910573426 0.0692906219768584 0.213195500777968
0.0138967121246652 -0.156940832410437 0.0766175253267936 0.0462578123666546
0.113710038242878 -0.105758199567543 0.183088802279664 -0.0365339051352205
0.128649363698769 0.00265096057377705 0.385948767957949 -0.0402372523604725
0.100101429643324 0.0676634753942968 0.613432451685906 0.075115141044706
0.3624269202422 0.108982110572978 0.37433406035586 -0.147133964260635
0.347990462306857 0.0107256268827806 0.244365816696385 -0.167814751591109
0.303908930534026 -0.180544787417156 -0.00620037798836339 -0.071089809014673
0.135587232159786 -0.268518055276319 -0.0935949762490762 0.0304586342986331
-0.0471548893507839 -0.251721924510452 -0.0841575591721635 0.22587664205004
-0.119004461705431 -0.186620087127978 0.0527797925234797 0.308928559412714
-0.191202294006271 -0.154641989940011 0.179214289102622 0.287482902513896
-0.225632254817803 -0.114414982070985 0.243776295184627 0.22682431837658
-0.231599662964175 -0.135947234298949 0.244659374659025 0.227355452265407
-0.156862515359953 -0.178247682931297 0.155118809632196 0.222902020347359
-0.106139177010801 -0.245253494396901 0.0364015550283089 0.167867866412654
0.0458748732125682 -0.319995116015173 0.0476851014324521 -0.00793633913260636
0.220260557351394 -0.265840038234395 0.174963077140259 -0.0886505920555015
0.305909430286568 -0.0791790884637872 0.375565102522223 -0.0923657410763654
0.328021780490467 0.0442733126588909 0.576333593674665 0.020893323107549
0.538802809695268 0.10528242132232 0.238266673311768 -0.182896814006662
0.510247728681783 -0.00123046757456613 0.172017257332815 -0.177224572831876
0.472649138953155 -0.243051672214041 -0.0312609968623013 -0.100212265015565
0.261214902814481 -0.382053011160583 -0.120262210114715 -0.0190584203671774
-0.00497885964743771 -0.405397830346961 -0.122782603810327 0.17211420333316
-0.137048575701102 -0.32353825356539 -0.0112899869238778 0.237866665092421
-0.251310065846372 -0.271674068831868 0.0877506763977034 0.224660053448778
-0.308227842751337 -0.19939238236158 0.143580674121509 0.168800481347356
-0.324509730083326 -0.216243382384788 0.156119603981676 0.159882395035053
-0.223425847244437 -0.269253789846779 0.0812493947820412 0.149788075708857
-0.158726221642778 -0.351684241780836 -0.0112090533764813 0.108577082198322
0.0446363159520636 -0.454186105570799 0.00330969151296404 -0.0534618295496452
0.279003971602251 -0.410285283741672 0.136763197879952 -0.121421461352906
0.432088444590195 -0.171919928747355 0.309333868886992 -0.115116377163825
0.503353711901632 0.00113088396645285 0.460881242806292 -0.0118234428488621
0.642912366702148 0.074279265371424 0.0488568916520988 -0.214481661901279
0.609500552006987 -0.0344737866733197 0.0485448626558719 -0.179736966122032
0.57373820850237 -0.293711685811127 -0.068796639286398 -0.114656035315571
0.342864266531071 -0.457476204938556 -0.132873985270507 -0.065606000431717
0.0301757044781374 -0.505446707930553 -0.139312003119032 0.0841709323120062
-0.139447262711727 -0.413766016976581 -0.0718814308455333 0.11979038607605
-0.275541322984885 -0.34950814298618 -0.0176767447745353 0.121736227655308
-0.345357114584625 -0.254909136224584 0.020975615252763 0.0857877828791919
-0.369101578073684 -0.264037925349983 0.0411912223594358 0.0767954880711543
-0.256993524578988 -0.319780422484736 -0.0151928269239317 0.0657441583808109
-0.189099927161659 -0.407063299350164 -0.0691482596458267 0.040531124609644
0.0331675814472878 -0.522807337416058 -0.0481306549160004 -0.0850425914354612
0.292035004921528 -0.493304233016757 0.081548871788888 -0.126034186094526
0.488730656183275 -0.238473610171356 0.206423700964313 -0.0946955925597712
0.599335687146267 -0.0434579497831918 0.286867834989105 -0.0165051964072712
0.651867298695847 0.0253702037725065 -0.168632273800168 -0.230721142363396
0.609074717595135 -0.0787588447559501 -0.106097811083049 -0.167009353822558
0.570557415389366 -0.312047732032285 -0.112944697751192 -0.113644926485809
0.350422411389774 -0.459879247740839 -0.133276562684534 -0.104200688060439
0.04740637090697 -0.514875507597149 -0.137853905283049 -0.0254561291020979
-0.124800894772881 -0.431247632724109 -0.125804119851526 -0.0249775661625784
-0.258544595954949 -0.370650063008667 -0.123892109528477 -0.00388528725762315
-0.328274407162436 -0.272243815521729 -0.105085614785159 -0.00892569005701184
-0.350143051836536 -0.278207149626047 -0.0823009458549767 -0.0108752754319051
-0.238458196481143 -0.331025991916522 -0.113971698826914 -0.0215457333036079
-0.16922472412078 -0.403352109564629 -0.122571759906428 -0.0317707073470977
0.0441208390205993 -0.498317695079765 -0.0879271622232013 -0.105230934097831
0.282100529397605 -0.476001426384936 0.0288655191825206 -0.106974558033777
0.470149869863448 -0.243824318306616 0.0892150680366651 -0.0384987035984371
0.596492844726664 -0.066907454307769 0.0871331013423714 0.00645832292183027
0.556760439735858 -0.0318592646991615 -0.37274478322509 -0.2206348517685
0.495637235144245 -0.119534771778028 -0.258020882484071 -0.132126014281804
0.449036186762366 -0.273254462033757 -0.149694814635739 -0.0955786113610834
0.276889175360279 -0.372955471807737 -0.121573469346448 -0.12340246488413
0.0467741120970836 -0.419189668038023 -0.121936214659104 -0.12792521941043
-0.0919360534500844 -0.365518340949714 -0.166397759767062 -0.162137995914339
-0.201919680270445 -0.327053738921996 -0.212845630661602 -0.126069867478382
-0.261195361373745 -0.249540862293183 -0.213306092099137 -0.101730152270675
-0.272729740242848 -0.259105383023324 -0.187622425392896 -0.0984076109845532
-0.169180758414714 -0.301044487659945 -0.186404930440495 -0.108609858529644
-0.0971842357452718 -0.342460442408121 -0.147367819738435 -0.10545060301889
0.0798258254991406 -0.386066861800608 -0.0985343750555141 -0.11729539915827
0.251211383437266 -0.35869482949859 -0.0074017178521401 -0.0776757309930312
0.384048586328212 -0.187041420201196 -0.0199764172464223 0.0258479481878848
0.50234229200625 -0.066848310232307 -0.105993663676875 0.0385685986556088
0.373558856781376 -0.0837195367785255 -0.526819150571547 -0.180024366432275
0.297681135369723 -0.133412423932408 -0.374354258707697 -0.0752146639779667
0.252209519955644 -0.182334087923682 -0.171352351546624 -0.0593583911526585
0.158685854614959 -0.21725630433423 -0.101376814788724 -0.115079517189222
0.0396428030005077 -0.252901787468673 -0.0975384482486606 -0.197853539174388
-0.0443168058550881 -0.239848855259969 -0.190424503424166 -0.262225419725191
-0.114546911482308 -0.230176766656312 -0.274328035783832 -0.221850193938004
-0.152497307854582 -0.189323109421728 -0.287885792633067 -0.178502137298976
-0.154320072707781 -0.203716482084225 -0.254443994229972 -0.177329034480616
-0.0723802373842911 -0.230887492372451 -0.21328325275864 -0.189490498794343
-0.00678541658233996 -0.234081010446486 -0.128641526646083 -0.172520768353577
0.106974020836396 -0.219043147968039 -0.0760003483656878 -0.120685512206628
0.183881122855397 -0.187580196006114 -0.0246228460973582 -0.0472968434291897
0.242881782468589 -0.100413871196847 -0.108442908866345 0.0752607329796013
0.332104184975678 -0.0565935532637443 -0.265391471901395 0.0639467607956547
0.133461366047699 -0.10903752440172 -0.609109180650952 -0.116053835666527
0.0646429266667531 -0.109186879228669 -0.439111011502554 -0.000549819634674374
0.0426548374308888 -0.0561102594272707 -0.174446599630425 -0.0071053539901698
0.0412193928954845 -0.0357740848736762 -0.0743911966847263 -0.0822548819663052
0.038238443853448 -0.0620092492881122 -0.0702293484260048 -0.225760077453149
0.0175709640768777 -0.0857421300970734 -0.194880206199496 -0.309739544152064
-0.00459245200230132 -0.10364500407734 -0.300452167153398 -0.27436408914942
-0.0221616957094209 -0.099936260054327 -0.318324451970311 -0.227922413282557
-0.0216184525302414 -0.113328528973563 -0.27566978462328 -0.238384767927268
0.0182857134859685 -0.119051360060439 -0.193032448456565 -0.250367595204087
0.0578272922238737 -0.09182888878862 -0.0740764887206962 -0.216710999237993
0.0885495547644473 -0.0386693918276217 -0.0312520849546079 -0.110144338642913
0.0696524090383159 -0.0192087719061423 -0.0303038492596106 -0.0189770160191384
0.0645704555676298 -0.02948492159851 -0.17292717725285 0.10053841317198
0.118693506696675 -0.051648416434125 -0.370484626252878 0.0768047994929511
0.173013509601271 0.0464633015059629 0.365350915961369 -0.263245571228016
0.157499111353736 -0.0350146143472797 0.191488543849337 -0.232430533080498
0.0753793274639068 -0.131858637074439 0.00591452374012725 -0.0303966226718215
-0.0350892553271001 -0.127972956284014 -0.0156838383185835 0.0899140116929683
-0.0928201368131627 -0.0494070807773978 0.0664415083873197 0.235489298376136
-0.0840352122522838 -0.00304189386157221 0.227243101212649 0.259699343938253
-0.102195164662691 0.0169807570376187 0.339145702856992 0.188299401663787
-0.102846248346338 0.0280540587785773 0.369503208137431 0.121924046580475
-0.111198879313503 0.0145617312756057 0.363338880386274 0.145983200858976
-0.0972792605664595 -0.0213493439270106 0.279089750149116 0.186758564110335
-0.097200395593735 -0.0709709040094738 0.142317797884159 0.174753347553016
-0.0407856255918413 -0.149513741340742 0.0854828478455199 0.0219233178834868
0.0694406275838681 -0.13678138922455 0.154488701170505 -0.0923545846696575
0.117112056986432 -0.040394969008275 0.345026946967016 -0.163725993159544
0.112828593421301 0.0312645026444108 0.590403681673969 -0.124904500011946
0.38256340189791 -0.0336299045367618 0.290392065233046 -0.255156617490039
0.3303858698498 -0.118551287641951 0.162920337541092 -0.224505377916069
0.21734610595725 -0.277073990971444 -0.0230276324259764 -0.0444113839864045
0.0271762385002418 -0.297639865304336 -0.0642955929575942 0.0708033551890781
-0.128097680292989 -0.214808671461209 0.0113571874340289 0.241501272729499
-0.172196286269134 -0.130078814952073 0.166851165011995 0.26702719000367
-0.233679877376145 -0.0772199143743913 0.277239069124211 0.204338239889272
-0.243498214754732 -0.0273604373008602 0.307461223269862 0.11996499817331
-0.259169320588321 -0.0456004017862815 0.306093520666544 0.12473970481662
-0.206106710238017 -0.115298817612893 0.225200231035255 0.155908554538155
-0.181841523381419 -0.190017428699907 0.0993379591946626 0.146173156141367
-0.0658142299382521 -0.313074947246537 0.041694169776026 -0.0154846560128037
0.114368258582374 -0.321210626429999 0.126838815404844 -0.137246614953993
0.256462409672831 -0.177554269585815 0.315147580836731 -0.211184253940448
0.320579814194064 -0.0655466332514719 0.533256737834824 -0.167662625275334
0.548563434836046 -0.10246421915921 0.147262594150007 -0.236312163494919
0.478133368015823 -0.190006242963263 0.0885964257658053 -0.200421984224161
0.350632967349174 -0.396641952536002 -0.0546459563642565 -0.0526492429528513
0.101563247744935 -0.449480508340599 -0.101660098475146 0.0417176554934855
-0.143973021686678 -0.371668698675492 -0.036516109148377 0.207718028161838
-0.236754221970741 -0.251584020782336 0.0869774488938708 0.224031588230742
-0.332264232797466 -0.167937640536634 0.173922912961418 0.181954226946046
-0.348667852319636 -0.0781432451190618 0.197414922031898 0.0994766347174514
-0.372817812344994 -0.087703154860502 0.201936612129681 0.0900910738023157
-0.298843920016725 -0.177583034677406 0.134528070343231 0.113635990972887
-0.266043183503805 -0.271757381621743 0.0380260941248888 0.10733378479435
-0.112996085105585 -0.438564527069723 -0.0134305192304287 -0.0400519542309731
0.120200674841694 -0.475643588641108 0.0782287323333173 -0.153617382021621
0.344186536471139 -0.307099221849724 0.24285154105209 -0.212689904652856
0.473928485485105 -0.161743248878546 0.411869396854608 -0.166256389906542
0.637585982523847 -0.166058229075981 -0.0421296026865586 -0.196896813381813
0.559284229755526 -0.254325673476573 -0.0285042822498292 -0.155398233482899
0.425994611754973 -0.480814365190492 -0.0933612309574794 -0.0465128827812039
0.149578980950826 -0.552694430761309 -0.127010679642807 0.00840849814463215
-0.147176870498052 -0.477094913504535 -0.0774700409606846 0.133846228011436
-0.271537629060442 -0.336286019415318 -0.00798032091882495 0.136816992529453
-0.384230645218842 -0.233511162825438 0.0421138706745873 0.125743050559566
-0.402758709490353 -0.116436982422998 0.0578952267079728 0.0658806976199906
-0.43112827927633 -0.116288626623289 0.0679370139632998 0.0520922790261249
-0.348050440287635 -0.213794927984004 0.0176105292448237 0.068542546228128
-0.31372101386207 -0.312448446795765 -0.0370262611030102 0.0647432856266881
-0.146148209763996 -0.499622404094291 -0.0702655969012314 -0.0510717966615082
0.106929306061106 -0.556068149184701 0.0249397238979365 -0.139106145797423
0.374232219876709 -0.388879041608185 0.152470552119637 -0.160546304309658
0.551415137677375 -0.237135451508324 0.246690721993629 -0.117999465090406
0.628719059278795 -0.214906946341911 -0.250164583576878 -0.137873808707826
0.543788475854919 -0.295844347735036 -0.167799411785381 -0.0904586917146271
0.418139544323579 -0.495554295102151 -0.13397463095755 -0.0304181308105431
0.154353762965439 -0.559054978851065 -0.140200085145567 -0.0269077538234969
-0.134016431228079 -0.492489787742514 -0.112871674846588 0.0316289211347938
-0.264907176331489 -0.359119291268447 -0.108812021314916 0.0224859505730198
-0.37722695179114 -0.259299034182979 -0.100628702774141 0.0477806279810574
-0.39485109446173 -0.137984309657247 -0.0902165469113907 0.0227179600293271
-0.419679630709814 -0.136260926251375 -0.0757198654649078 0.0122738053664075
-0.334346348789592 -0.229532631722362 -0.103893227941313 0.0202929240692122
-0.292789629504794 -0.316136720581289 -0.111978979737584 0.0159775221888429
-0.126509857130888 -0.480975312816933 -0.113887386028988 -0.0570975649604782
0.103099109368579 -0.53600442798986 -0.0180179091403019 -0.104723545671955
0.356243200955859 -0.388722321015648 0.0621971302799851 -0.0702132983986516
0.542476706262204 -0.260119882474543 0.0682212840135914 -0.0336042133575986
0.517065348565296 -0.232606507386824 -0.43393677475539 -0.0614083795930547
0.422856787992954 -0.291969823694741 -0.29304463823235 -0.0108002907955607
0.319221378665987 -0.418670181899757 -0.163562523418909 -0.00848678348319381
0.118488125317858 -0.451067114512151 -0.139636419866722 -0.0543488908900373
-0.103186383197976 -0.406037890770575 -0.138589315700724 -0.0708322908258928
-0.213359463963526 -0.310650942090143 -0.197540676178269 -0.0906699418304011
-0.311044061251871 -0.238539720829241 -0.229604733225304 -0.0345739882490536
-0.325354946210512 -0.140631801315063 -0.223074582950456 -0.0242280781468626
-0.341731506550105 -0.144944542647982 -0.202693292932856 -0.0311388747872683
-0.260531745045174 -0.22468165135145 -0.201989835082702 -0.0363690362117559
-0.205846779714206 -0.284745058633878 -0.162591828551656 -0.0439107815548644
-0.0560782324948986 -0.389033606066912 -0.128302942749137 -0.0666977965131012
0.113136326551764 -0.417280813193974 -0.0405487384090165 -0.067126624267819
0.296209551220994 -0.306440853182102 -0.0166611328438037 0.0258054844347518
0.453970699427664 -0.229314540870008 -0.0988542421960433 0.0587668050993009
0.323898565235472 -0.212250391487362 -0.559133109577316 0.0221224542502539
0.231490169230946 -0.23145309911428 -0.377331130814747 0.0726598991581438
0.169837286842996 -0.262282521650695 -0.174595033745157 0.0196080041028249
0.0671399953234323 -0.262763094069232 -0.12472922584331 -0.0627703234904511
-0.0526263680126534 -0.2495257159086 -0.147442514909101 -0.147093257816683
-0.126061580543823 -0.210780629022695 -0.260370375940501 -0.175641631104435
-0.194210636384554 -0.178813610904842 -0.32429676795619 -0.103163035366491
-0.207503096288366 -0.12256367536534 -0.320691110227059 -0.0674379463115143
-0.213463811770797 -0.13559133241152 -0.292695208000652 -0.0803778495469295
-0.147492059269979 -0.190595375700109 -0.255967430726215 -0.101199097978178
-0.085872312236661 -0.215000568600651 -0.172687450422337 -0.110896094546141
0.0254526644159613 -0.242559442842944 -0.109392790074767 -0.0806020410270908
0.108347055211231 -0.236263166134386 -0.0440050965268406 -0.0357910415818996
0.194485811309435 -0.177816543176971 -0.080975511902918 0.101754331633074
0.297434887101243 -0.163942877653157 -0.235243739225628 0.135963472286343
0.0866579932749642 -0.147722344208432 -0.606457762660358 0.102445106029466
0.0207946711198471 -0.122485705136456 -0.408430729545529 0.153347003283768
0.0201093285579896 -0.0675408586443867 -0.163540481638282 0.0550581116511525
0.0247826143732474 -0.050226444718483 -0.0965931758752478 -0.0498665399007038
0.0126077813149173 -0.0720659891332193 -0.140551505564446 -0.186286499247678
-0.0166146819479548 -0.0889458994600344 -0.287350552565567 -0.218119073272139
-0.0448885983581201 -0.0980508693514243 -0.372910341263121 -0.145892374418758
-0.0580320430099813 -0.0852432259421498 -0.369626640084292 -0.0993958984435594
-0.0600426231049329 -0.0976764890663175 -0.334111321338263 -0.127927150722013
-0.0258024571836092 -0.117083357955213 -0.261243619059015 -0.165362992578618
0.0219335949056144 -0.106276927257332 -0.142050077073043 -0.172151594379044
0.0688538131540857 -0.0683499022745073 -0.065081996322841 -0.0893152967716407
0.0583682117118321 -0.0420917990977758 -0.036555392096318 -0.00936691423894181
0.0525136370720979 -0.051717822082008 -0.129431083525214 0.148321174534415
0.0989445189607298 -0.0894625162228874 -0.324435339006234 0.185684599280384
0.171855085531805 0.0415712843674935 0.361469584346105 -0.272752162402907
0.155512154669145 -0.0367286555321942 0.186783342509937 -0.237986890541789
0.0721768318646339 -0.132005318294322 0.00687675928771939 -0.0321032520121161
-0.0375300920394226 -0.12638081259382 -0.0125226771201912 0.0890311892043824
-0.092465211150323 -0.047926287356942 0.0756490107560103 0.233485217881351
-0.0835786743480676 -0.00215641472693445 0.236661599716117 0.252256497317658
-0.101403503637018 0.0195072258384106 0.343065805343891 0.178884789371993
-0.100921748269627 0.0316019310869556 0.370656497385666 0.112553479647545
-0.110382749452404 0.018069647204298 0.367763048310246 0.135551883672957
-0.097815194678814 -0.0187994877148545 0.286976589036977 0.177954586483834
-0.0992652649253219 -0.0677300663291996 0.150071645480172 0.171675515573063
-0.0453423632679248 -0.147795360969009 0.0848454774131467 0.0208470455046034
0.06513042936882 -0.139304830022338 0.151994286878422 -0.0951587653635311
0.116318899027979 -0.0431401407441839 0.340563259278152 -0.171369794403817
0.112226072449684 0.0268800305151899 0.588339154459859 -0.138988318482294
0.380175620957865 -0.0447096029544307 0.286180596713098 -0.262889811720683
0.327035108016568 -0.125393914220595 0.158486791067279 -0.228951011071497
0.20845849558495 -0.280297201798712 -0.0215447540574686 -0.0462402900399225
0.0217154040837472 -0.298519733554492 -0.0622787437151499 0.0702744036747763
-0.132108775954155 -0.21207153700394 0.0204087047752834 0.240649682125477
-0.175905261018725 -0.128527117801975 0.175550109642229 0.262610128192491
-0.236899044639125 -0.0711338566084427 0.282930853465744 0.196201146607544
-0.243844790300644 -0.019775140445175 0.308772520795827 0.112180596910494
-0.260730216665278 -0.0368783623056264 0.309380750945013 0.114742681117163
-0.210441934911306 -0.11164377712498 0.231890178915834 0.148625525787536
-0.187268062276963 -0.185344556777289 0.106819961893545 0.143117734183695
-0.075280269151247 -0.312328906746448 0.0403228200199515 -0.0152627588613455
0.106151244907047 -0.325567813688591 0.12361603943484 -0.14047284988429
0.254797021348735 -0.184344362547793 0.308508482534708 -0.219329821036666
0.320056373574484 -0.0756127815634315 0.530069450158793 -0.181564423316741
0.544949229669166 -0.119922427648325 0.143326999614691 -0.23929001372483
0.472953420169582 -0.200491515127073 0.0851624211595227 -0.201578938547158
0.338533465797769 -0.404180711534567 -0.0537242624304074 -0.0529701957523413
0.0926373372451269 -0.453632896553153 -0.101171256705322 0.0413390322684359
-0.152444551917012 -0.368428927523126 -0.0280156562194126 0.207645524974709
-0.244582975749664 -0.24885127771025 0.0942288347688869 0.222171865362992
-0.338624930998483 -0.158878598053809 0.179664030992044 0.175018301824055
-0.351435108013391 -0.0663290716523155 0.198760473755927 0.09404684307416
-0.375440962630832 -0.0753227332240714 0.203717576476057 0.0829823642875329
-0.30553064420495 -0.172532945231348 0.138535291078671 0.108909550857927
-0.273428248262147 -0.264358397516631 0.0436077121197059 0.105562373167389
-0.126070393217535 -0.438865468851626 -0.0151457016103023 -0.038058668314018
0.108515454679518 -0.480229309304968 0.0747854134142019 -0.157108054981752
0.338535265748839 -0.317111188312545 0.2366298891825 -0.218521490385357
0.472305165901636 -0.177352657616962 0.407144781196125 -0.176192635640793
0.633154414043285 -0.186564125394475 -0.0456299574441439 -0.195592635292305
0.554051020772798 -0.267948167484179 -0.0310115838626915 -0.153567153444686
0.411520421044875 -0.492524610978979 -0.0926535638270123 -0.0448202640681824
0.13659372499887 -0.557690213043749 -0.126607174172402 0.0086951121182982
-0.159154380316001 -0.473908387144036 -0.0708270484292381 0.134852092180924
-0.283245711327651 -0.33263764508001 -0.00379671634759694 0.138184651317399
-0.39303779938036 -0.222846167104569 0.0466909049654183 0.121785462350732
-0.406789664712456 -0.102998280882207 0.0596590363398055 0.0637253562988133
-0.434573323350262 -0.103042243696166 0.0682036888982778 0.0486859498646197
-0.35620461127771 -0.207625022256759 0.0202002896453847 0.0664310365006962
-0.321643020830345 -0.304018058774484 -0.0338921072065632 0.0644362270212334
-0.160198904454718 -0.497452194229856 -0.0717727676136075 -0.0478785429973016
0.0923229626839922 -0.561482758778854 0.0216091311600347 -0.142171520054385
0.367604719519228 -0.400546306181042 0.147476189255759 -0.165259286472387
0.547951876035232 -0.253643600123736 0.242831860626807 -0.123160570791144
0.624672548656774 -0.234489447984029 -0.251898763595008 -0.131118656411287
0.537919522029173 -0.309670369270698 -0.168188804734274 -0.0853913897210475
0.40475677542432 -0.508729747335559 -0.133589846067686 -0.0279811162680279
0.141874151424987 -0.566778833214685 -0.141438406219073 -0.0260374819260522
-0.147970067045614 -0.490154029933249 -0.109533764673014 0.0338098790124417
-0.277172492760304 -0.354254440200169 -0.108097029889139 0.0260204748371565
-0.387767268356574 -0.248134225287639 -0.0970951389503378 0.0474274503987916
-0.400091643718151 -0.124539860377572 -0.0892027320033951 0.0238512657284764
-0.423881973249816 -0.122603051207276 -0.0763175075384481 0.0134649092499261
-0.343985734637547 -0.223602354025098 -0.103089003949802 0.0225661189925007
-0.300667734962796 -0.309026260599406 -0.110868647414765 0.0176090628014682
-0.14057848097528 -0.480188302258547 -0.114362865681015 -0.0526809775290148
0.0893738692210347 -0.540745018826731 -0.0202996114702136 -0.107073618167611
0.349890999343691 -0.39832048227712 0.059995333848523 -0.0726825740941031
0.538277389339119 -0.276916938459008 0.0658510540727187 -0.0340859208390007
0.512421843442634 -0.25058131667348 -0.434019662460847 -0.0509667208675489
0.418885919553457 -0.303330231275432 -0.291608982464952 -0.00278132389814178
0.30952411884267 -0.427960517760409 -0.162644524061892 -0.00512547098170152
0.109210713385244 -0.457634033415876 -0.141416487071419 -0.0533178500930373
-0.113406749220611 -0.404453011793302 -0.13868722382432 -0.0688013553647273
-0.22448445962293 -0.307703764072803 -0.201434916917628 -0.0842833331280019
-0.320648082344693 -0.229180047480523 -0.227857287915596 -0.0310034707652474
-0.331720139096099 -0.129632147872782 -0.222375308734971 -0.0201437630644598
-0.346733541105344 -0.134249086169813 -0.203901255076636 -0.0267265929424418
-0.27008058934564 -0.220613210966318 -0.20275881373659 -0.0301246325836493
-0.212934205420503 -0.280394849691804 -0.163666310327996 -0.0403114721361216
-0.0676221524975926 -0.390593703074698 -0.129213401994453 -0.0625604092123434
0.101119093397611 -0.422371187564711 -0.0420956617454678 -0.0681809089749957
0.29145709318464 -0.315207064269354 -0.0161645808128157 0.0249755645794921
0.450183551458388 -0.244006757334126 -0.0993855583975921 0.062866332754778
0.321448209888692 -0.223105499058462 -0.557572372472819 0.0365578122121039
0.228902009563105 -0.237523006915166 -0.373889121995938 0.0826579668587755
0.163606798758099 -0.267985176295293 -0.173616692899171 0.0238992173607803
0.0614411307774006 -0.267206094774231 -0.12717251004227 -0.0610299500277263
-0.0591634674862298 -0.248164619239381 -0.151425718346918 -0.145146442856458
-0.134385429644692 -0.208916142063695 -0.266648806344656 -0.167945714001153
-0.202493161053932 -0.173124079741729 -0.325547017611222 -0.0956398962833514
-0.212866452155424 -0.115804288053356 -0.321457205634951 -0.0609611244851112
-0.21945335564776 -0.128797267887904 -0.29462559255483 -0.0734835507847383
-0.155325655450029 -0.189073619182094 -0.259605930328117 -0.0943387418175776
-0.0915818692890401 -0.213855532540812 -0.175756926003433 -0.107141966178909
0.0187664469298402 -0.245319951949793 -0.109770459679052 -0.0775253411042468
0.101659938118128 -0.241135693460792 -0.0451387881347751 -0.0364472317968352
0.191931057458579 -0.184095700695155 -0.0785106870037365 0.102529941620908
0.296874640601014 -0.173815699629263 -0.234979659066015 0.142647965161087
0.0855081707034708 -0.151195975167928 -0.604174728696473 0.116141619483471
0.0193120074528783 -0.122855690375774 -0.402770185872539 0.162994578524388
0.0188443376541968 -0.0699199537382743 -0.162554811684735 0.0599600930630469
0.0240589055581863 -0.0516806055703946 -0.0981908551280063 -0.0482670555205876
0.0104890068923575 -0.0721086880213993 -0.146524543917502 -0.183747773780215
-0.0199442409263158 -0.0889426514956379 -0.295552532361506 -0.210442002305645
-0.0501708765750764 -0.0963826914810376 -0.37516142701508 -0.136123099768553
-0.0620066431261491 -0.083145984679343 -0.370805534778519 -0.0924424696665787
-0.064855811182503 -0.0959117381623613 -0.337272312852648 -0.119338930533427
-0.0310749709257683 -0.117319641170145 -0.26615977401301 -0.15824385562641
0.0182866470865732 -0.107836381318828 -0.147253230372213 -0.16784277714062
0.0665140316235102 -0.0719068530415682 -0.0655387156456261 -0.087296872521036
0.0571135904320268 -0.0452707353702122 -0.0375574966165405 -0.00928853591175869
0.0523750581441434 -0.0540578370120173 -0.125744120392041 0.150479212946026
0.0992819257775267 -0.0932757168260784 -0.323468623542079 0.19528721215316
0.173901533101515 0.0385275416015958 0.363901166518118 -0.288809783710307
0.157419126199806 -0.039834354025911 0.183803903275722 -0.248552981945327
0.0705810386510926 -0.134566173039939 0.00743271062669565 -0.0349024578702926
-0.0402541889486495 -0.127220610746874 -0.00999601454088217 0.0890803487422954
-0.0945698347355823 -0.0473713495196656 0.0846859656766848 0.235330112937488
-0.0844527980635651 -0.00164420233062452 0.249972339497515 0.250708382999746
-0.102980620890502 0.0230190352259475 0.353847091004104 0.173347388179881
-0.10094787070293 0.0355922383787699 0.378491413434274 0.106395524412208
-0.11093898929605 0.0227636095756918 0.378661829778248 0.127371743544862
-0.0995535204737249 -0.016567730453125 0.299011342614759 0.171484390130641
-0.102535754576143 -0.0661277746148227 0.160057957565523 0.170794603745881
-0.0505397322700316 -0.148380141997165 0.0862293987258884 0.0202451236453074
0.0619460480350312 -0.144182230563201 0.152297817605909 -0.0989901366179481
0.117888825068484 -0.0463787968470988 0.341768295984356 -0.182768727386494
0.113298909295872 0.0235320560699908 0.598227807205218 -0.155838342278397
0.385663860863058 -0.0571743421556428 0.286393062891217 -0.275229652645086
0.330429792985527 -0.134528105765123 0.157026924285496 -0.236979881473775
0.205512840278113 -0.288418089664328 -0.021050225996765 -0.048289803747737
0.0167557114876165 -0.30489593925002 -0.0620776047233223 0.0703745006718167
-0.138652846367546 -0.21377734905301 0.0296621042223329 0.242944328850135
-0.18247243000629 -0.129272366417346 0.187654353557683 0.262929315446154
-0.243498643989321 -0.0665152492573047 0.292551189491186 0.191372690170776
-0.248291670646054 -0.0125902613792896 0.315260816524824 0.107597869865639
-0.266486726431708 -0.0293244877787063 0.317873603746593 0.107791241600628
-0.219100202412608 -0.110038150492777 0.24110113522914 0.144046977201908
-0.195038628901716 -0.183836808805355 0.114695917832808 0.142890914023248
-0.0865087399337213 -0.317717741665566 0.0401168501088253 -0.015124905789412
0.099761182808509 -0.33654409534883 0.122431487373529 -0.146031901584013
0.256837582383182 -0.194921259517853 0.308294318212992 -0.231032883511046
0.324833498912495 -0.0874570223024726 0.536621070117663 -0.196854271337999
0.552698239840987 -0.138728361802872 0.140800497930929 -0.247305809717958
0.478781579445903 -0.21467340716103 0.0832395042914862 -0.207593985575282
0.33262540160191 -0.41846063150656 -0.0536579601631301 -0.054535681856238
0.0853746179760205 -0.465252940879934 -0.10268832397216 0.0413050917239164
-0.16343173910343 -0.371184800463473 -0.0192909934731905 0.210828212760228
-0.258526178465617 -0.250269546529792 0.102745892796418 0.225101165688705
-0.352201855557137 -0.152715728335025 0.18759330145036 0.171836317025494
-0.359463114338399 -0.0563945409274542 0.20432634578796 0.0905997864837803
-0.38549634505617 -0.064888933765295 0.208796761118966 0.0783781125568357
-0.318534922831202 -0.170849780168322 0.144272651286517 0.105488008275728
-0.285611336807045 -0.262619259071185 0.0491968838349084 0.105391916432498
-0.141304163973126 -0.445210712786688 -0.0159743421396394 -0.0378620069954057
0.0972284562075047 -0.495736962124088 0.0715974617608369 -0.163364183932346
0.340184569019947 -0.333009496074631 0.234776609190618 -0.228599460424434
0.478268169516751 -0.196731680767128 0.411836845259127 -0.1891511638132
0.640316904010682 -0.20983068289353 -0.0498927006772742 -0.19785186844848
0.55826948867729 -0.284996113780387 -0.032676946039166 -0.154685677869466
0.405777240695592 -0.508920928444937 -0.0930985680646683 -0.0457675265816086
0.129041773632837 -0.574585951928719 -0.130900824868518 0.00865354519424908
-0.174040919668353 -0.478753597590803 -0.0650198940532354 0.136985262871191
-0.299982171922952 -0.334806720709645 0.000481836408288249 0.141287803018081
-0.410092477373877 -0.215649755101973 0.0513161858307733 0.120583528223187
-0.417931169561426 -0.0914703820765197 0.0612549768587628 0.0620126664485863
-0.446157436619411 -0.0905988944195174 0.0695299863836489 0.047062608493378
-0.37173331525096 -0.205358840788399 0.0222448892774622 0.0664067302231723
-0.335325352432846 -0.302701625605631 -0.0317455023108676 0.0652088455288001
-0.177814993883749 -0.506327581329024 -0.0740615319696864 -0.0465540203808016
0.0788473308946356 -0.577228178358783 0.0179901533352432 -0.147602201961179
0.367868984055691 -0.419060488448677 0.145024657902623 -0.1728787666493
0.553033314727484 -0.277442937772279 0.243420614085391 -0.130180600194569
0.629468124914774 -0.258276991175447 -0.258052227956609 -0.126718089829285
0.543764734972253 -0.328034438594232 -0.171107029000246 -0.0819980560263003
0.396816989312636 -0.528151838774672 -0.134314627802283 -0.0256820080716475
0.132486604501521 -0.583722585742393 -0.14626020896106 -0.0253273192557585
-0.163265926841883 -0.496413638453341 -0.108732787371477 0.0354770637824787
-0.296031377555441 -0.356794888876568 -0.109864752348946 0.0307479573006114
-0.405095973052652 -0.24208612033205 -0.0964773665539225 0.0485312183320963
-0.412304391331335 -0.114376754985219 -0.0906717050326738 0.0254270074865048
-0.436084293326329 -0.110564537706254 -0.0786416260294915 0.0149501247875301
-0.359723301317805 -0.222071368434858 -0.104282439347327 0.0251444356131982
-0.313605884622673 -0.307445824107139 -0.112066571509414 0.0198521166122428
-0.157099994508028 -0.489374912549387 -0.117611261740027 -0.0503036456435286
0.0757377954231121 -0.556430351294236 -0.0240688349703229 -0.111092821822283
0.349406691714934 -0.415963840814961 0.0579332072708258 -0.0765219620388757
0.54475280634167 -0.300355565666751 0.0652235251664317 -0.035167110001433
0.517738875799868 -0.270658962117501 -0.441878910306609 -0.0412987413818495
0.422033983571371 -0.318821311484378 -0.295059554236507 0.0053143765278423
0.304225044526785 -0.445603566119591 -0.1648976696557 -0.00150887137637814
0.102480941942451 -0.472845413378813 -0.147083602518483 -0.0520518530940527
-0.126304567193938 -0.409484882604254 -0.141850522781456 -0.0687027760494258
-0.240606550746729 -0.309625949258583 -0.208328402920952 -0.0796550735757953
-0.33758543029777 -0.224872217516684 -0.231566574730975 -0.0273536223158905
-0.343992830220884 -0.12098720612437 -0.227163445185711 -0.0161407263161684
-0.35876994921605 -0.125294827628514 -0.209265161001716 -0.0221458115488379
-0.284678668256467 -0.220526817612834 -0.20760854020814 -0.0251261696088513
-0.224049991002162 -0.280169981293601 -0.167122618102245 -0.0368218986268848
-0.0796237773519883 -0.39894245589781 -0.131972798436985 -0.0599143482868158
0.0921168079425783 -0.435984310202421 -0.0453413048546941 -0.0709569889413499
0.292006554396173 -0.329133339173045 -0.0167991527339741 0.0245088093673601
0.455644165843729 -0.263625415820025 -0.102121762363721 0.067785035442551
0.323314734082207 -0.238124629092584 -0.567440671865972 0.0501045533614568
0.229412565662032 -0.248061868743522 -0.377033086545477 0.0947214199226352
0.161483091477691 -0.27951149441397 -0.176283156148849 0.0288501820268971
0.057520691684379 -0.27649709235104 -0.132143128227071 -0.0595838152950079
-0.0665154295359623 -0.251841750687058 -0.158029028007214 -0.145400393377002
-0.144864080530305 -0.210389856353165 -0.277361509279332 -0.164134438064531
-0.214180775170513 -0.170569185191017 -0.332844465035294 -0.0915694242920919
-0.222139992458846 -0.110397074774696 -0.328063868713991 -0.0555784293232982
-0.229151075204191 -0.123875325596873 -0.302392261197251 -0.0665988164945817
-0.166472241330757 -0.190351648001857 -0.26724433262143 -0.0881250100297418
-0.0991986586091716 -0.216865535508067 -0.181677271977843 -0.104415561213584
0.0124108026140063 -0.253692651120463 -0.112817104421283 -0.0762744088071763
0.096468358592239 -0.25090808964873 -0.0477306387020339 -0.0375039521906531
0.192963216285533 -0.193372330810263 -0.0779023574419018 0.10547511553574
0.300994753512672 -0.187958138783581 -0.238765311512472 0.153769285506128
0.0852971635178874 -0.157555168065924 -0.612022721278051 0.131038347259637
0.0181976786438036 -0.12584841943761 -0.405785229246249 0.177223236463725
0.0180379210604551 -0.0730736973608788 -0.164922056367483 0.0658266189379879
0.0240303477387008 -0.0542652209249625 -0.101294154354437 -0.0463744112037103
0.00917851541285816 -0.0733005370964114 -0.155589632948618 -0.184329374228723
-0.0240339745600296 -0.0904826497617389 -0.308607517092047 -0.205967786162899
-0.0552985778729412 -0.0967661839661372 -0.385325435270734 -0.130971023084337
-0.0680629674912424 -0.0822160923372242 -0.378708900333061 -0.0865325397544075
-0.0710455210304241 -0.0952795277474876 -0.346965653242714 -0.112879566831567
-0.0369447317115531 -0.120232032781897 -0.275839735205979 -0.152444131894691
0.0146355394908253 -0.11172105932349 -0.154789255920903 -0.166304078610994
0.0641683359235898 -0.0772771040776389 -0.0672624826384607 -0.0867441506220542
0.0567190107133004 -0.049600178545718 -0.0395402484330381 -0.00978360749691726
0.0537866235236324 -0.0574306408478895 -0.124887098966648 0.155679941859505
0.101992205194995 -0.0994954913908687 -0.328328259585362 0.209217356850169
0.178579540420655 0.0320063428807028 0.363605428747684 -0.313981039141907
0.159603256900838 -0.0468513735115323 0.178454259496443 -0.264396546339001
0.0668095532835889 -0.139198370210097 0.00739511220720696 -0.03830353032571
-0.0461465857900955 -0.128668829147655 -0.00634813211631114 0.0901362844606746
-0.0978470362935161 -0.0455819609929969 0.0994738729700801 0.23731174013791
-0.0859206791414674 0.000199488803435356 0.270125929116216 0.246218875134419
-0.104433398947446 0.0287311190433772 0.371233634141397 0.163003389537379
-0.100916266791219 0.0416224697411294 0.392480232861295 0.0941404414850738
-0.112202822290432 0.0295402835617093 0.395118645615982 0.111832971188994
-0.103782094010235 -0.0128652548414206 0.315961693773055 0.162114628974719
-0.108077252980399 -0.0628108740848675 0.174232741476681 0.168559353994115
-0.059530037850106 -0.149838251670742 0.0887218191657846 0.0186906743815851
0.0563337274201291 -0.150607337285665 0.152046385096092 -0.107008806752827
0.118875741616915 -0.0531299503520595 0.343118516923532 -0.200013014970883
0.11613624409473 0.0184980124841221 0.608703054825555 -0.186106298844768
0.391745760756546 -0.0770967605552973 0.285332340059871 -0.29423911008649
0.333629928961557 -0.151699703651711 0.151708152542478 -0.25008695509693
0.197305135197784 -0.303573196222955 -0.0218501411625801 -0.0514075053601256
0.00603003854945222 -0.314780711594086 -0.0621266322197892 0.0717412287503652
-0.151730416966467 -0.214597568298057 0.0435336398020975 0.247730443432407
-0.194579406387435 -0.126825838499934 0.207048211637381 0.26214959188523
-0.255019129199939 -0.0567052777960667 0.309532576706103 0.183258327298471
-0.254734999149279 -0.0006787332272465 0.327242510637371 0.0971334566611824
-0.274480174702766 -0.0161530879867892 0.3319686482686 0.0956274128537674
-0.231851805475615 -0.104661378388587 0.255506988895983 0.135499698986335
-0.208528017662907 -0.180901955078657 0.126426462082369 0.141013952616828
-0.10308190001933 -0.324139289133347 0.0404116017166131 -0.016092533949471
0.0861438063779505 -0.352293395477232 0.118985103748306 -0.155491143482405
0.257079237943939 -0.212783557409271 0.306183699686081 -0.248884142642295
0.330253104015494 -0.10702139018412 0.543653724622683 -0.226801123512581
0.557630965882804 -0.169851026402137 0.136160800424723 -0.259207684278546
0.482861906374423 -0.239055450028138 0.079030480360379 -0.216104774519561
0.323906796713274 -0.441282110457713 -0.0552259104698335 -0.0563555762558685
0.0706533504409537 -0.483634222899358 -0.105739911823029 0.04379586800158
-0.183059315625744 -0.376482851480349 -0.00881996783349286 0.215105624083694
-0.27860063726706 -0.249012510236436 0.116909440942086 0.227257799323775
-0.371260679552144 -0.14110327666428 0.20087310447579 0.167087196369481
-0.372187187767738 -0.0405341618424853 0.211706835711919 0.0850565322796595
-0.39839577319727 -0.047158295986765 0.217077253579972 0.070022171949223
-0.337647663592064 -0.163707475785489 0.153522463089613 0.100348848707264
-0.305019887863137 -0.25826171641094 0.0565937292636153 0.105241707014762
-0.166153667891427 -0.454216221412352 -0.0184339636082115 -0.0372426554280578
0.0769977779812954 -0.515733510552527 0.0661166046061504 -0.172230693512739
0.338903205833089 -0.359634200034206 0.229916570250232 -0.244540218407216
0.484793646253642 -0.227689383069324 0.415150472913662 -0.211060000619184
0.647727983580721 -0.247226819580135 -0.0584625985089314 -0.200279025346189
0.564320161637616 -0.316295780063531 -0.0378842963145013 -0.157210564395882
0.394218441323874 -0.539989197182595 -0.0957553588207608 -0.0450812600538857
0.11154055588748 -0.596667914263008 -0.135805258051066 0.0113213180138392
-0.198198021185465 -0.485729660332209 -0.0592259272043155 0.141293317734266
-0.326053037266185 -0.333805871838833 0.0067810106312905 0.146255346977833
-0.433636665218582 -0.20206276283041 0.0588900310303022 0.119766719024498
-0.433228546749886 -0.0736397963713412 0.0639396304534365 0.0613183863688837
-0.462985640007081 -0.0700798136882291 0.0720992782405931 0.044388805312399
-0.395061959915449 -0.196979700455012 0.0258970159983599 0.066481385978367
-0.356855524273584 -0.295774707513777 -0.0287209250162577 0.0673417078615252
-0.2063128824307 -0.515652417216761 -0.0775570009505029 -0.0439476694640195
0.0541390073246212 -0.600026306955196 0.0111228136826636 -0.154704977099455
0.36490520532289 -0.449392111577302 0.139042670244277 -0.182830914549337
0.558473648934704 -0.313208956054863 0.24506269451249 -0.143247121282242
0.636759267216811 -0.296238701334398 -0.269992926763134 -0.119188677805749
0.546524077626517 -0.359276819830474 -0.176642497243534 -0.0759252731471707
0.384591444607675 -0.558627444258237 -0.137380188930883 -0.0223158172145111
0.115195449281468 -0.609868116952625 -0.153215634178359 -0.0219071075420175
-0.189310580813084 -0.503900837047916 -0.108655261465385 0.0382853287310947
-0.323756170626007 -0.356188256429297 -0.112235157459352 0.0373866383116889
-0.431886777653151 -0.229436821543625 -0.0965778608417257 0.0514771112063644
-0.429513110626854 -0.0962459957311406 -0.0928434785594867 0.0290503886164586
-0.453859805573635 -0.0918982619216877 -0.08147254346885 0.0183949317679365
-0.384772050244384 -0.214510090447845 -0.10636183777505 0.0306338820692901
-0.335249111447071 -0.3028821256794 -0.113505536922407 0.0245705792324804
-0.183940300337044 -0.499354442774431 -0.121890399044028 -0.0466916797881269
0.0529789678766867 -0.579056128816236 -0.0305448516304692 -0.115649120295031
0.344483899549783 -0.444663586347234 0.0546723686006129 -0.0815657361802146
0.548902159657856 -0.337588581427232 0.0643968365620221 -0.0371855048946783
0.521690758279057 -0.304184449263886 -0.455132897968302 -0.0237672999247218
0.424183955336083 -0.345354804848285 -0.300812998382527 0.0181287933695036
0.294455963295209 -0.471249777815028 -0.168655757364976 0.00503277577569187
0.0881561563052864 -0.494831224116807 -0.15477965073839 -0.0481460186344591
-0.147055336138304 -0.416772215404737 -0.149018761794632 -0.0661049045694533
-0.264370012880702 -0.30924484261243 -0.218903630374461 -0.0716909572709455
-0.360353650457992 -0.213752979324787 -0.239094459359437 -0.0208153526702106
-0.359828749305137 -0.107155381572864 -0.234586029556305 -0.00876630668948029
-0.375439016216552 -0.110163214533914 -0.21645889594448 -0.014120449491797
-0.30632881887365 -0.215838087863527 -0.215219863190327 -0.0162287426322108
-0.242086814653739 -0.279436800067037 -0.173353660218333 -0.0315654009824794
-0.100406739767782 -0.40988697137482 -0.136985051814334 -0.0563298302002968
0.0737614980016734 -0.454198649586822 -0.0508323647096587 -0.0730438990626134
0.288672296772564 -0.354269350005247 -0.0181482015817001 0.0256013846355719
0.459677848183381 -0.296308580098972 -0.103570044734538 0.0766665164543373
0.323754172398302 -0.261004434390471 -0.579688479608962 0.0737504495214547
0.228011827985068 -0.264439316915611 -0.381482350926429 0.113163676343527
0.154189125470403 -0.295360520630593 -0.179345309874565 0.0371456467587745
0.0497232748728536 -0.290831567360343 -0.138741573976 -0.0556963063091102
-0.0788321843330568 -0.256898820329899 -0.170127354284081 -0.144565099713842
-0.16115532045746 -0.210667112018972 -0.294537894434965 -0.153850986978856
-0.230460118513924 -0.164533899340146 -0.345834783023169 -0.0824775848770453
-0.23540363992042 -0.101772520443325 -0.339288491573912 -0.0456781869849189
-0.24285136247259 -0.115595437645935 -0.313988885129507 -0.0545631204753147
-0.183036549301443 -0.189788138608087 -0.27880667771886 -0.0777587540681707
-0.111946856248165 -0.22001407987434 -0.191231777872256 -0.0990810538566539
-0.000154199964695774 -0.263755192838681 -0.117186632021825 -0.0732489627399228
0.0876393006225484 -0.264037712165343 -0.0519095044594645 -0.0386916943480281
0.192786827259511 -0.209250405134934 -0.0765336749049778 0.110688108656756
0.304178290214851 -0.209604631036552 -0.240867401829468 0.170240022662904
0.0820407346416522 -0.166922422888066 -0.622331602225252 0.159529606893249
0.0151757387882875 -0.130172504771298 -0.408001133900813 0.199226913684585
0.0159434710263594 -0.076948048039329 -0.16635668258601 0.0757021815287637
0.0234733524804413 -0.0578560103627314 -0.106410748085973 -0.0433050549243789
0.00727909823941292 -0.0758141873909173 -0.170348695923791 -0.184015950287515
-0.0299736306050604 -0.0913932608281553 -0.328842243900105 -0.197741785142995
-0.0636239366583514 -0.0964021541772977 -0.401404752545206 -0.118773194291189
-0.0751369103412259 -0.0806794746137556 -0.392211712410461 -0.0745198544727101
-0.0793993540056453 -0.0940591244869351 -0.361088802604525 -0.100657875776398
-0.04634359735337 -0.122537718041985 -0.29032498711304 -0.143364040070559
0.00931430574673061 -0.116653988417638 -0.165840976555788 -0.16404015214396
0.0616782076633209 -0.0843253505344453 -0.0712903551377059 -0.0867981678691729
0.0553501047854048 -0.0554718224525565 -0.0419881319933772 -0.00939067621227002
0.0543088115490453 -0.0627853693974169 -0.122393212009687 0.164525211823841
0.102475768254345 -0.109194370314652 -0.331959969139074 0.231978012527012
0.181625515469903 0.021350338786139 0.353103858694972 -0.341423792081592
0.15926571795273 -0.0565185905650476 0.165205574920056 -0.280421202171023
0.0608702705160793 -0.144613330143371 0.00514995110759348 -0.041603999329245
-0.054142555986677 -0.127765508583659 -0.00207178888529629 0.0890335421892649
-0.102176538486077 -0.0419030413567095 0.116705694016437 0.233929613154225
-0.0878561407509932 0.00324887505239484 0.293657692974297 0.233303513692392
-0.103920770594776 0.0360831266189262 0.388696747830635 0.143442418604164
-0.099020503690799 0.0481515944286985 0.404689558575424 0.0750342270878767
-0.111007631529726 0.037217449513066 0.408430447530569 0.0886234077466568
-0.106100449510738 -0.00686653559458784 0.332731348118776 0.143834046859137
-0.113552996025999 -0.0570113942348538 0.189622450790605 0.160524621083752
-0.0698517615991009 -0.148327182217565 0.0905792794446883 0.0143521114327256
0.0470573251219061 -0.157356344125553 0.148291366183771 -0.116200535788537
0.11679877351475 -0.0610786239908991 0.337244202028554 -0.222588656219341
0.117799627216961 0.0105083670561459 0.609760845210828 -0.226397768608328
0.391407746650082 -0.104147050596454 0.273672653294956 -0.316914807037339
0.330462045920673 -0.173661811035457 0.140236589659552 -0.264154842225486
0.183018437808142 -0.31930000873195 -0.0246680667874624 -0.0532907191054721
-0.011269789581597 -0.321816363155857 -0.0607839156296251 0.0747165563231245
-0.165495753527491 -0.20968818356248 0.0612689124609579 0.247012538008848
-0.207463765961287 -0.120105009132618 0.228649778692868 0.253332624157808
-0.264072363141646 -0.0412577935630259 0.326099514661822 0.167015217388345
-0.258345630608481 0.0159939512484458 0.337210691212144 0.0813438708647455
-0.279987261099271 0.00147725522712622 0.342087876569901 0.0749375632439171
-0.24431981472718 -0.0934468904290061 0.268862308371582 0.120162691875716
-0.222962236148101 -0.172176445554486 0.138240303159101 0.135469386993556
-0.126045050427984 -0.32437015020619 0.0396757866604609 -0.0184519006424176
0.0657748340061538 -0.365235522208271 0.111827410474353 -0.165064604557853
0.250328104049425 -0.234185025049707 0.296327713881384 -0.269953840202955
0.328852947369278 -0.132123863222112 0.541241156141164 -0.263037882636732
0.555878018386273 -0.209975328894894 0.124678029049759 -0.27154876556584
0.477328703135985 -0.272459575985502 0.0694857302806463 -0.224466224305068
0.301249962375413 -0.467612436564352 -0.0579232148413507 -0.0561730947581788
0.0449798329412951 -0.499096691571015 -0.108466219963498 0.0481503899257736
-0.20796424293553 -0.372974884056399 0.00550266590173654 0.216920481087825
-0.301018774135508 -0.239405194717069 0.134337379908191 0.224764602544867
-0.38812334481114 -0.118724345060049 0.215052686955948 0.156348050927778
-0.380417046614676 -0.0172562128399351 0.218995250244006 0.0749985509718295
-0.407764522227171 -0.0219925568106223 0.223697445660314 0.056850691922207
-0.357942733293309 -0.147348361536911 0.162502824334205 0.0915772287000085
-0.325492142501712 -0.246236027759043 0.064879964966288 0.102824303449093
-0.19834851048814 -0.454250596012373 -0.0207314795399552 -0.0367893435123636
0.0464799201177758 -0.532620036661752 0.0560753874984043 -0.179984654046958
0.326033859697747 -0.389352118280908 0.218471105900746 -0.260276423219753
0.478820179751628 -0.266258324829098 0.408651393416699 -0.240226863731764
0.641576340729605 -0.294683774133189 -0.0699168051398067 -0.199329250861686
0.558018669488901 -0.355004219426065 -0.0456553116024817 -0.157477378414691
0.368155046809856 -0.570585583509254 -0.098540994035934 -0.0418528430546489
0.0791516677686281 -0.619955367799472 -0.14105859797602 0.0182639532042317
-0.228960203822827 -0.483339549731102 -0.0509255439742182 0.14447145181149
-0.35559029782466 -0.321875442043004 0.0161394688882122 0.14977968037767
-0.457457595545227 -0.177385263422373 0.0678831506274162 0.116203908732938
-0.44558040087862 -0.0461159645579627 0.0669419434692056 0.0587568205702605
-0.474326251374855 -0.0403585557900818 0.0746138558846646 0.0403300440316264
-0.419102038263487 -0.176827597977815 0.0297524178540713 0.0652014156815193
-0.380844216069272 -0.28213807364309 -0.0251856226878462 0.0694969788778468
-0.243740303896523 -0.5158400344464 -0.0813149925727829 -0.0398910243592468
0.0171387336730152 -0.616135496481318 0.000360930036437905 -0.159796535692462
0.346613744294605 -0.48224056152908 0.129902475672834 -0.192967262229838
0.550196659647958 -0.359449171659445 0.239719546549826 -0.160231033349169
0.628329297857935 -0.343671030289943 -0.280306985298389 -0.104790436096955
0.539173996284366 -0.399419112410017 -0.182118766032396 -0.066651109210686
0.359586140635125 -0.592217885099759 -0.140102845984405 -0.0163334181764788
0.0835296936552382 -0.633582296830254 -0.160697361201876 -0.0145183632770545
-0.220105376770187 -0.502628394524482 -0.107823133106164 0.0430398834593534
-0.354252361793368 -0.344681262484878 -0.112484838982795 0.0466107185644229
-0.457707536383052 -0.204048904561991 -0.094298199596533 0.0558376131175851
-0.443396900421536 -0.0700515574513233 -0.0939963610050553 0.0346657338639675
-0.467240085651507 -0.061782049913484 -0.0823008807648772 0.0235202895611802
-0.408843963436583 -0.196568183654858 -0.107517073771235 0.0377515548781232
-0.359243193537578 -0.290290687181851 -0.113897404475149 0.0309600072838747
-0.220221428241879 -0.499901477629895 -0.126357846949395 -0.0400358394123954
0.0157791912107733 -0.59432501562849 -0.0402815506480115 -0.118050932305299
0.328002839469955 -0.479286303074207 0.0487596743581268 -0.0853135579026833
0.538435068467029 -0.382294232053119 0.0622561742827368 -0.0400008661303094
0.512303192081369 -0.343496142169106 -0.463669507522298 0.00296030554513202
0.413308084518641 -0.376666087887626 -0.303081417503757 0.0363363659657492
0.270836834108479 -0.499662834944187 -0.169896848051165 0.0146957726056953
0.0622288799782646 -0.515583633210043 -0.162270670804827 -0.0404802481115557
-0.174438745285169 -0.41684102189225 -0.156075858119521 -0.0599514996658472
-0.29179665810616 -0.299807655645624 -0.228792943404385 -0.0576708242745697
-0.383958480637334 -0.193475148089088 -0.244906283759691 -0.00931304475362229
-0.373373933852167 -0.0848627793941497 -0.239856296404336 0.00414159764453164
-0.39010421055673 -0.0872614000172609 -0.221914069138111 -9.94432103940177E-05
-0.329497154499814 -0.202145719499951 -0.220222708837705 -0.00233698905972964
-0.262963369285228 -0.273056995154279 -0.178642112342508 -0.0222522235256599
-0.12847306768273 -0.413939335358313 -0.140970781797292 -0.0495288575143668
0.0456580752053338 -0.46963781557085 -0.058575635854628 -0.0732274786065865
0.275522176148859 -0.381712516126705 -0.0187438009854232 0.0275252440124325
0.451254645211581 -0.335516997942619 -0.102285279173115 0.0859994325965035
0.314208175355149 -0.287772225016858 -0.585386729763478 0.110159196999543
0.219644922146747 -0.282876373612725 -0.38060658048732 0.137453548966189
0.14039835637947 -0.312203933699027 -0.179951636022329 0.0490385190662377
0.0355761356805548 -0.303324161088369 -0.145532668921949 -0.0483402720599964
-0.0949897122740412 -0.258153261185538 -0.18297025369555 -0.137490424836127
-0.179349724281205 -0.204675544461021 -0.31217436669461 -0.137884177978348
-0.248222081164029 -0.151580037336393 -0.357099523778996 -0.0646472057025326
-0.246667174202822 -0.0872038567069894 -0.348653316397273 -0.0277726096389351
-0.256046008096537 -0.10042568663531 -0.323042821166973 -0.0369841525170665
-0.202544242471976 -0.182800557729061 -0.28884705587493 -0.060712069431448
-0.127686836184772 -0.219248704284196 -0.200301193509426 -0.0891489969149788
-0.0173810530371289 -0.271393868695662 -0.121947203524172 -0.0683917660788504
0.0716193479829742 -0.276112836709647 -0.0565894935704561 -0.0379063735350463
0.18583093397202 -0.228393967314655 -0.072848430535038 0.117433469013044
0.297562324144819 -0.236762645338756 -0.236805358413819 0.190921225445011
0.0752215670321765 -0.176167667396578 -0.623685559253937 0.197658467833968
0.00941846857600424 -0.133192405442944 -0.401792006834111 0.22689805349052
0.0122853979637595 -0.0806508111465215 -0.164156483451546 0.0878314282397071
0.0215778577794867 -0.0626566992089526 -0.110332777725781 -0.0372011229179766
0.00386386683780715 -0.0778610364553839 -0.186618325120447 -0.177479263659234
-0.0372994963851126 -0.0904098408722383 -0.349443271802672 -0.17933847504142
-0.0729288042907593 -0.0935258204042762 -0.416594953365182 -0.0975916747793572
-0.0830608789975406 -0.0764558341487201 -0.403948626601077 -0.0553794106998872
-0.0887891030349462 -0.0897806376480182 -0.372651833315236 -0.080654798426072
-0.0579067024068237 -0.122122040156605 -0.304248644855552 -0.126371854013145
0.000703776749133394 -0.120674883411145 -0.178198041122194 -0.156572418525463
0.0566684291939679 -0.0914222450529576 -0.0765093083254459 -0.0846543815431019
0.0522888510140487 -0.06159359133096 -0.0451836414740342 -0.00788498875399692
0.0533327975434116 -0.0698861606208379 -0.115887571465074 0.174622645951661
0.0995907231586537 -0.120177365286709 -0.32628063580125 0.259274807503842
0.1821325293672 -0.0230381288567935 0.284352390140724 -0.385849745338743
0.143244693175968 -0.0926145486003876 0.114547152148482 -0.29504321614454
0.0325482649876241 -0.153883765316598 0.00395138054620099 -0.0372853501382952
-0.0755631051242681 -0.112922445194663 0.0184155758669474 0.0866439849609193
-0.101815421903808 -0.0200545728757408 0.158611041859537 0.204911791846688
-0.0760613115437479 0.0171831726709824 0.328349960806349 0.173493983279006
-0.0901605890023371 0.0537399019865697 0.408816455976068 0.0725600235588999
-0.083000773025832 0.0586605319554385 0.405562819164821 0.0101878144375158
-0.0986621220656119 0.052057745077076 0.416551515347041 0.026270308523497
-0.104358244635571 0.006982122409509 0.354040412315828 0.0937311437694646
-0.119013060916044 -0.038662834198498 0.213756439744784 0.131321694701888
-0.0953231138632858 -0.135561797683129 0.0928719808243681 0.00707549963648129
0.0176841132763771 -0.163781607101462 0.129015574366497 -0.12997588481253
0.100006763914466 -0.0793051579161969 0.302334684181443 -0.270348888477037
0.113380889041979 -0.0116630812544554 0.567672266410777 -0.306125946482957
0.362422318963252 -0.186710120015665 0.211075955803102 -0.336544464325619
0.288504305493141 -0.239007851302784 0.0951206841912022 -0.265050295709288
0.119518421618608 -0.347216341829413 -0.0203359129194729 -0.033921344887719
-0.0716210850422249 -0.312069351843162 -0.0344896608983288 0.0899652715235447
-0.194221377067413 -0.173131836349322 0.113158068674972 0.226845221683524
-0.215900779333129 -0.0821327959781774 0.273941410359264 0.202440529220395
-0.266540859587757 0.00871055595991936 0.359444078914929 0.10694670135115
-0.244470661854202 0.053444915400338 0.342487683749282 0.0244799602553686
-0.272360403709609 0.047274779741122 0.34861041172533 0.0217886281535542
-0.259585237331765 -0.0548618625434727 0.289170071618766 0.0806471401607117
-0.246872472388185 -0.133494738936311 0.162743811945964 0.113800310752001
-0.182859206013943 -0.301541989652294 0.0405533953475095 -0.0148978563793404
0.000543673338712139 -0.371426976151199 0.0825436472484325 -0.169024651186223
0.205167110513064 -0.272597705632824 0.248536296456915 -0.312880997791794
0.301146234706743 -0.187920051082609 0.488635325556082 -0.336331381650371
0.501765676680419 -0.32024701395565 0.0738031854870311 -0.257064333662443
0.413304287989235 -0.363785819791606 0.034924788761106 -0.205316830791578
0.207150871471487 -0.51404346339978 -0.0479109654554301 -0.0210778717707848
-0.0507217391620673 -0.498286061163589 -0.0781227021115837 0.0805771443251757
-0.264703249193825 -0.32528145049433 0.0607796154811726 0.205325285128514
-0.331065945300194 -0.182099168290632 0.181136271457496 0.188809060531931
-0.408128740104156 -0.0447827756153221 0.253633151361613 0.116123865482139
-0.370072873911122 0.0418973377303694 0.225562967261434 0.0345752619190595
-0.40514106713493 0.0482722565536603 0.228863149298625 0.0210134694646826
-0.382883975541122 -0.0879226182126976 0.181153865399542 0.0675902433142643
-0.35953845812094 -0.188454452882938 0.0861195596312723 0.0922178335991211
-0.277743148930807 -0.419115719923152 -0.0193897855417675 -0.0213972407347029
-0.0462409857786256 -0.533268821661175 0.0241238292170912 -0.173329052483993
0.256105135501035 -0.438938318347243 0.166990025294248 -0.293169435564136
0.431566205758507 -0.345100220037598 0.356851159240332 -0.29879091595759
0.567593237946031 -0.417640860070446 -0.103356329023848 -0.14914104929694
0.475152490724485 -0.456032797179131 -0.0635171712958983 -0.114924675091525
0.255323722431302 -0.628787977240466 -0.0811277544044253 0.00505132176311937
-0.0413288742722856 -0.626844624578982 -0.110924516708322 0.0621285837487705
-0.307544703287927 -0.431917054760296 -0.00216829723313665 0.143858369982274
-0.401724965484815 -0.253440809278932 0.0565075186017933 0.136019812058414
-0.490529237326733 -0.088621977400285 0.104996476277679 0.102051599064452
-0.439656691091674 0.0248830066878563 0.0757998468491561 0.0412735826318704
-0.474948340089339 0.0430771998780506 0.0794735700111717 0.0262311533152151
-0.449292346712055 -0.105500692673175 0.0462871323302583 0.06059448427268
-0.420513851234487 -0.214160618390984 -0.00636599948241057 0.0717392171515361
-0.335165110230409 -0.470181611101442 -0.0779477818269384 -0.0156499818469928
-0.0886240202009247 -0.608829847353567 -0.0287123374692031 -0.143290494112207
0.264379047929214 -0.535232336511335 0.0855665050521836 -0.213566177766507
0.489184705881322 -0.447793660290546 0.197302095472106 -0.196855640855291
0.544235927204628 -0.45937013888506 -0.290403495890969 -0.022059480650702
0.449089843578951 -0.491041022528653 -0.180244352380689 -0.00370289211371311
0.242752342335613 -0.648283361759771 -0.117223764134884 0.0378370239839612
-0.0414790093832864 -0.642392189647773 -0.133520838792443 0.0348177067134315
-0.305191856410313 -0.454606545316445 -0.0750738596248849 0.0550949151812744
-0.409510444692954 -0.275314603966013 -0.0863822681163327 0.0576661442828277
-0.498178128253276 -0.11457337383618 -0.0639758343109387 0.0709267162589944
-0.44398515783858 0.0033454577740984 -0.0854331994128021 0.0427584398762357
-0.472693846026122 0.0219428907126708 -0.0776526016070097 0.0322730151338174
-0.44296865517713 -0.123346722650976 -0.0933772226979003 0.0534002355011283
-0.401498580361096 -0.225017800374973 -0.100278583061278 0.0467656447453456
-0.307282689794252 -0.460479846402639 -0.122791106068692 -0.0105372859728692
-0.0838266499493192 -0.587813922054889 -0.0633946408707783 -0.0967524254628457
0.246026936800181 -0.529071113030208 0.0199839757522554 -0.0944424603230398
0.475902064245737 -0.468090970338331 0.0375539376974464 -0.0548211460222429
0.430072701947333 -0.431523270893098 -0.449156778732102 0.107774431829666
0.332139523878618 -0.443692329947233 -0.281405998313948 0.111532642402974
0.172941490722517 -0.540714988944019 -0.143621437888758 0.0670231005492158
-0.0400005444858548 -0.523432006605445 -0.144012655197838 0.0055372643800977
-0.246180146949358 -0.379328282194569 -0.144739285912671 -0.0368332097094201
-0.343014755374351 -0.242199856095246 -0.220713238162896 -0.0229834623943351
-0.425983526605977 -0.116821207994777 -0.225500797079005 0.0319757125578905
-0.380863528507391 -0.0195392118502657 -0.232449560327752 0.0355468777409551
-0.402441784471007 -0.0138439100517322 -0.21831506158322 0.0295999271440975
-0.365699835199434 -0.140772093009062 -0.212118901508713 0.0307404532801618
-0.304784438304246 -0.223895965149808 -0.172235590979727 0.00449734518272189
-0.202373699914859 -0.390245188546915 -0.141332631570171 -0.0194921501400267
-0.0338985482710489 -0.469967447171882 -0.0753774693872096 -0.0533647640490956
0.212460893028719 -0.423619674125506 -0.0279369617968783 0.027237941001583
0.397382811163179 -0.405368640389722 -0.104872258150968 0.0936494881814319
0.246539176086807 -0.335997353208995 -0.548150861679323 0.22205615860748
0.15904925812196 -0.311506328894182 -0.341140059427061 0.213705968375316
0.079240227545455 -0.332279837624694 -0.154778749166383 0.0922789469578457
-0.0263360295054591 -0.309573146785401 -0.136798950726194 -0.0123032371203725
-0.142737150364907 -0.239097833216242 -0.192516696303575 -0.106404469926363
-0.219781580594816 -0.169176408855315 -0.319660574555809 -0.0843311817101628
-0.283762561840573 -0.0999532095577025 -0.351556796028758 -0.00242828571400808
-0.259055116720938 -0.0414777969611057 -0.344150115953822 0.0225495487145256
-0.274559904455179 -0.0495931795286442 -0.323382161624298 0.00870226976978989
-0.236486610058318 -0.142560235001602 -0.290423375052973 -0.0165824303350294
-0.164029341941801 -0.192742449649393 -0.206390143515839 -0.058092563334849
-0.0674726323498682 -0.26689959419435 -0.12757066097184 -0.0442699239821908
0.0240747950208482 -0.283057287230078 -0.0681895313722445 -0.0234447153159378
0.149900909973396 -0.257918465627631 -0.0647392858834672 0.124649511975031
0.262572069710589 -0.284291233218026 -0.219269728431942 0.217384934080863
0.0338261150384502 -0.178283442172503 -0.571812871298644 0.301339652814507
-0.0180025500268322 -0.122562524380983 -0.350069642239005 0.291412662048698
-0.00333237537612436 -0.0798309524634737 -0.141756483459435 0.116905185526085
0.00699751495097145 -0.0680011641361421 -0.11021105019368 -0.0150034433273605
-0.0145100781947268 -0.0801717009884374 -0.212327070683277 -0.14232552377038
-0.0616773054048615 -0.0804077611690605 -0.369523202695236 -0.115472767378154
-0.0979340163445119 -0.0757889046315303 -0.422027681696697 -0.0252985798539979
-0.0991051939285583 -0.0564860371548691 -0.403085885748196 0.00756464002075744
-0.108675154905817 -0.0681299976807197 -0.379152657081044 -0.0263881575133757
-0.0829556643315699 -0.107004397287588 -0.317498166826929 -0.0796525331769618
-0.0230808584834938 -0.117804081250342 -0.196841776413991 -0.127038476717139
0.0373953475698212 -0.100570651096002 -0.0863655240356782 -0.0712393933980963
0.040658616010831 -0.0695326470363003 -0.0499768016968611 -0.000624356066450542
0.0445696409903983 -0.0804639024482743 -0.0934222866840981 0.189436448138951
0.0847728078108888 -0.135933050347143 -0.292051020332894 0.300361549648288
0.175280434109674 -0.0307649670838027 0.263665809556767 -0.392667773234153
0.135297410027275 -0.0965309406676238 0.0985212366236333 -0.294546763491913
0.0255740730483226 -0.15141610678052 0.00135242070494609 -0.0383674984019418
-0.0769232688638607 -0.107346531609417 0.0187255554972364 0.0831917977001204
-0.0999900878847362 -0.0147725177696746 0.165079154711594 0.192167186573852
-0.0752369606575735 0.0184527774887395 0.331710022154223 0.15229466233435
-0.0841132173218159 0.0577791712572109 0.405487686141737 0.0523436497577395
-0.0784527719268378 0.0617182713593752 0.399236828468491 -0.00531648534361456
-0.0931100532947222 0.0552243556942005 0.408493135325528 0.00663105015043575
-0.101861018208924 0.0117706062470779 0.351901034910578 0.0742293662510643
-0.117838863794778 -0.0317888619602449 0.21734397552973 0.119047137169092
-0.0994696632212177 -0.12805541898303 0.0909598648682505 0.00427642902651876
0.00869411105104832 -0.161373164868728 0.122458091405504 -0.13185374764128
0.093887661573494 -0.0822432705410291 0.285473951051765 -0.277743329386936
0.108660093687866 -0.0171319376685067 0.541192296801787 -0.325659007474619
0.342853771468987 -0.200505443099237 0.194198802608489 -0.339782410986838
0.271790440409658 -0.2471990974717 0.0828064079434804 -0.264126261647432
0.10283072869427 -0.344204849357533 -0.0220323299248411 -0.0344593377314601
-0.082612826588716 -0.30523939536751 -0.0334703692230886 0.0894477375528567
-0.196494831270726 -0.162791525052388 0.120404088791466 0.214809788773845
-0.218003670971047 -0.072326767814971 0.280164715469967 0.184894407078439
-0.260135793703535 0.0226126506255224 0.357179788453149 0.0865488203574868
-0.237836238801776 0.0639342274313665 0.336319516039648 0.012352338157628
-0.263779701351185 0.0593390315699447 0.34143898001049 0.00593563696403178
-0.257841395895555 -0.0414694543833116 0.286548631762099 0.0646083369628961
-0.247861361200057 -0.121019353483233 0.165030942039022 0.103863553078032
-0.19418809046377 -0.288794848064818 0.0378862079327459 -0.0151983469800017
-0.0177272751978858 -0.36548042614901 0.0737849354476379 -0.168873656455403
0.189626745207766 -0.278028589103581 0.231059162328567 -0.315399098149173
0.285229868680762 -0.199571437215187 0.462398756441004 -0.351974381414365
0.472712489062485 -0.338569307825324 0.0630929536594917 -0.253515764942424
0.388677829743783 -0.374149989409031 0.0261199818965759 -0.202394650570035
0.182163891558474 -0.511897231574862 -0.0486632938699619 -0.0213924303063185
-0.0709322149734899 -0.491180053042382 -0.07746115587628 0.082860060507111
-0.273471098083001 -0.310094942883171 0.067655356599981 0.197405139656535
-0.336082635919463 -0.165247547023857 0.188225781283483 0.177192020634848
-0.402493541240977 -0.021814521162317 0.253376785379509 0.099359324204188
-0.361334974141334 0.0590688632591502 0.222370354799226 0.0271709137763461
-0.392958101727655 0.0675460371708999 0.223986086801821 0.010299550934049
-0.382892880553952 -0.0679524916717456 0.179921076300879 0.057672270222847
-0.361700773881518 -0.17069395884834 0.0887823168447119 0.0856538179122515
-0.294147391323922 -0.400422970559166 -0.0205917064522446 -0.0201137748039222
-0.070513045319529 -0.522833767731474 0.0145561365068792 -0.171011653753065
0.233797873589827 -0.445530104041486 0.151659523430753 -0.292323633346695
0.405529832035544 -0.361179771256062 0.335802069105266 -0.308581753734903
0.532844126595667 -0.437736526479672 -0.105530629770903 -0.139239031220356
0.447288685383414 -0.470430438985072 -0.0662278689245913 -0.109765241952189
0.222506611789412 -0.627733083972381 -0.0796055438145259 0.00640731900791618
-0.0672748746253448 -0.619962902154809 -0.10931545738039 0.0666884073384185
-0.321116581194932 -0.413537987838226 0.00246610219016845 0.139399352115
-0.408850326169442 -0.232066256474592 0.0625339398921717 0.131833903444205
-0.486607340649102 -0.0605400852538019 0.106896779470361 0.0918893487052144
-0.430638336184721 0.0460361732110487 0.0751207265950612 0.0390536733536758
-0.462129361077599 0.0655956375038069 0.0769560542785307 0.022393419332932
-0.449963825116351 -0.0825611965392822 0.0476448815915841 0.0576145667748331
-0.423509400677378 -0.193542676120628 -0.00351842051499514 0.069748683633094
-0.352159800763667 -0.450369647144147 -0.0776215116593316 -0.012081655968713
-0.116002208535776 -0.594739448334646 -0.0368723338051909 -0.139405522928561
0.234925344885165 -0.540340066065777 0.0747127102652662 -0.209884914063843
0.457386764932203 -0.466309837116595 0.182705169138346 -0.201406796989918
0.509142347916232 -0.4766381248132 -0.283755084790389 -0.00639741928229973
0.420692126277976 -0.504019092707624 -0.175373047658222 0.00481012083394933
0.210553215508309 -0.647020563103096 -0.113194914088242 0.0407268791562028
-0.0702743367814499 -0.636769784360142 -0.132036850046633 0.041339161615332
-0.319735346982725 -0.435517386860504 -0.0727574303763119 0.0559316204379889
-0.417117838524436 -0.252191033217448 -0.081906254228472 0.0627184226675426
-0.495725701430663 -0.0848770648831243 -0.0605366826240916 0.0691949670924766
-0.435825260776469 0.0255609406223517 -0.0834826006407003 0.0466006178296792
-0.461299458205594 0.0449668300442887 -0.076073914216972 0.0353511239629953
-0.444180709186739 -0.0998054835426315 -0.0896239722458627 0.0582223622008031
-0.404273829154727 -0.206136898379124 -0.0968958565230593 0.0498794386609188
-0.326204632446315 -0.43965846721117 -0.120591375492829 -0.00591194832665753
-0.110078993616504 -0.572680929602096 -0.0694290871374001 -0.0924264828349342
0.218573862760012 -0.532712735636348 0.0152728514359891 -0.0912670589246656
0.441826530829658 -0.485402228155728 0.0325681572259833 -0.0538275260684659
0.398592042106376 -0.446388956567931 -0.434605213503235 0.127502169080333
0.308117851271385 -0.452254167577303 -0.270080156264936 0.122352626801524
0.148547967790935 -0.54054364483279 -0.139038138217553 0.0713754173131843
-0.0641655365293789 -0.519341694448341 -0.14194102624861 0.0127152182400728
-0.259436301451668 -0.365718529344153 -0.145107980974038 -0.0304522988141061
-0.350538966384367 -0.222485914112475 -0.218061068538766 -0.00974934394124218
-0.424804658056695 -0.0907292822976216 -0.220279445985175 0.0392977339953759
-0.374941313573292 -0.000765065130981107 -0.22829826151233 0.0454691532120079
-0.393824917752928 0.00706394252959747 -0.213409351030033 0.0381638620006012
-0.369878347966984 -0.121024182656686 -0.206534849037265 0.0409039229380597
-0.309888530967377 -0.208403083921995 -0.170187225663759 0.0118494750746232
-0.219527565727329 -0.374258254092835 -0.138446069842601 -0.0141549954639341
-0.0559407656660222 -0.459311327110312 -0.0793943823440506 -0.0498711583596924
0.18986954853336 -0.429288439921071 -0.0270045422845985 0.0296795882440791
0.369964351549356 -0.420646224142572 -0.100452986347285 0.098490782962383
0.226051618124375 -0.343265209924048 -0.527660589008837 0.242779793982932
0.1461297832155 -0.314778356610865 -0.325478472968495 0.224306447972255
0.0643654299623552 -0.331277942590709 -0.147791460861626 0.0968050164067027
-0.0410613609695431 -0.30791946984464 -0.134346578245417 -0.00555539682021231
-0.150916137222932 -0.231540338485261 -0.19557076102021 -0.0959336311481703
-0.224381160135963 -0.155646418081091 -0.318878720196428 -0.0649253369649414
-0.285849471702966 -0.0822066555927843 -0.346134485877682 0.0125332118614425
-0.25752857866363 -0.0274816980001978 -0.338858921165982 0.0364247619136397
-0.270872030403615 -0.0342747862190275 -0.31594261105406 0.022253020924826
-0.242148607489907 -0.127812489684826 -0.284545063262475 -0.0017173903693805
-0.171334138204165 -0.183743546082561 -0.204961438942946 -0.0480942543689317
-0.0814194971037976 -0.259700074605032 -0.125707205693937 -0.0393675931964448
0.00961948113217162 -0.279429537753854 -0.0706536292383049 -0.0197162945023978
0.135688048949108 -0.263972851075439 -0.0585599911335111 0.125997536848132
0.243831871188255 -0.294324092479813 -0.206489705037056 0.224965761388568
0.0260803926624751 -0.177865406021703 -0.546639377720529 0.321918011172643
-0.0211548845730781 -0.120500744501522 -0.330040483361492 0.301717265831921
-0.0056028607401297 -0.0796189679315003 -0.133990982871916 0.121423480785914
0.00359420087187312 -0.0699141129713957 -0.107769450062425 -0.00984004804531762
-0.0175652437956217 -0.0795167526270959 -0.215987077778074 -0.129672505251168
-0.0638434402714464 -0.07604130027706 -0.369399798066815 -0.0938974199864537
-0.101847249190287 -0.0684679941476188 -0.416442690576229 -0.00564764094164904
-0.10064575813906 -0.05038025822402 -0.396809248335884 0.0222543706156172
-0.110053698352071 -0.0595195714405891 -0.37170296444713 -0.00927873482763593
-0.0888755656349567 -0.0997208660562352 -0.314632681525734 -0.0624667996631864
-0.0296800088928775 -0.115521118461119 -0.198578658188499 -0.11593897440944
0.0292156136200503 -0.101458429442636 -0.0869086402341825 -0.0672454121968017
0.0364180093341442 -0.0713518273255825 -0.0514360936187859 0.00176847750597081
0.0404563546559239 -0.0841815488956528 -0.0842836633138959 0.19067998867826
0.0776621644093397 -0.139660827077175 -0.274349449394441 0.310049224353913
0.169671322847995 -0.0324913466263565 0.252349740077287 -0.394868310151043
0.129913084134798 -0.0963767840268064 0.0917829934359588 -0.292513573848309
0.0220327724610232 -0.149097225413347 -0.000457342514404132 -0.0383729468606619
-0.0770225294326748 -0.104632338585042 0.0175031714939657 0.0813828579820803
-0.0978882102931741 -0.0135692713612595 0.166939956347442 0.184800033301788
-0.0753359766815728 0.0184169040465253 0.331643946384401 0.140375026584479
-0.0804751515691624 0.0590590605391234 0.400695057143968 0.0408414123825328
-0.0755301608734103 0.062744424738236 0.394992097853434 -0.0107762545759903
-0.0900227811061602 0.0552394620090004 0.401793485849105 -0.0024098521400452
-0.0998262292317067 0.0136918556766417 0.348903739372541 0.0634300668519747
-0.116666767934786 -0.0288202501054401 0.218730880864314 0.112352310310114
-0.100511776033907 -0.124087599283244 0.0891648043491217 0.00440559824665997
0.00422365520302868 -0.158837327325858 0.119921045151035 -0.131186996444349
0.0905769375754153 -0.0817213001732301 0.276805235374822 -0.278999561408151
0.105043865350052 -0.0185467739472134 0.527474395799719 -0.332600214918307
0.329903967368784 -0.204970283722688 0.185231374367168 -0.338829847286359
0.261582890880396 -0.249070464914099 0.077537657630289 -0.261781134268317
0.0941787624168969 -0.340705109974918 -0.023190036474673 -0.0357837360289239
-0.0866597891969463 -0.301795662299354 -0.0348567816347998 0.0890105947557287
-0.19748970179693 -0.157998094752155 0.12289086122354 0.207923563303132
-0.219752452614997 -0.0686044808399156 0.281400798587649 0.17515205217696
-0.255216373669007 0.030383786040403 0.354079778481661 0.0743795099139406
-0.233054000985451 0.0697522275044102 0.333785714142164 0.00813985438523929
-0.257819106517095 0.064507446482218 0.335130251472174 -0.000907966161175135
-0.25720877596248 -0.0347590876240108 0.284119641411559 0.0558810149134054
-0.247856505741837 -0.115325885842136 0.165410028304394 0.0982881494911362
-0.199199060423911 -0.281200409817349 0.0367846393994151 -0.0150710544960158
-0.026394484640662 -0.360451949981864 0.0706016687173936 -0.167493441426117
0.181076718290476 -0.280029797204017 0.222815981820864 -0.314595774704722
0.275523579905433 -0.204084968015493 0.447897943610455 -0.355949250123541
0.453678037872663 -0.344787871907735 0.0595465758022616 -0.249659138850139
0.376525136117188 -0.377232127422258 0.0239528666528433 -0.200297857452167
0.168901035564704 -0.508804044112639 -0.0484392314995285 -0.0220366104325954
-0.0811278576244854 -0.488792605412473 -0.0778886512329451 0.0850921340724659
-0.276489120029435 -0.302582884029706 0.0696490529084658 0.191613390437934
-0.33921729888377 -0.156792968764108 0.191334665547095 0.170711991085032
-0.397136683580857 -0.00892974444339495 0.250931844400411 0.0889397449318911
-0.356028857885304 0.0679906942899053 0.220047556939515 0.0256662794776105
-0.384449200110257 0.0753885958033617 0.218652688312231 0.00560953751795815
-0.381937572762392 -0.0578116329779964 0.177633722931265 0.0526237431511733
-0.361789629695485 -0.163133395475324 0.0900605256439836 0.0820319747938719
-0.300640089724712 -0.390244495028801 -0.0217779459188008 -0.0189924828994843
-0.0819672031666617 -0.514873743359889 0.0102019703930521 -0.168218988262054
0.219750043281972 -0.446934041801791 0.145193766677649 -0.289851974284997
0.388488889099899 -0.368080049714451 0.322376068533762 -0.310607424229018
0.510647799004881 -0.443275213996697 -0.10410517657106 -0.132496441192332
0.432113457358741 -0.475374043946473 -0.0653722080000488 -0.105906236871349
0.208086997035529 -0.623847078773679 -0.0789996316037694 0.00573058094461973
-0.081160379653991 -0.61561279152367 -0.109615734397628 0.0699917010053076
-0.326754600995295 -0.404735696034946 0.00364470755384557 0.136680835588053
-0.413823680746656 -0.221640783864737 0.0656605571503421 0.130332724412789
-0.482150016087391 -0.044379494281106 0.105853070196426 0.0846276149407962
-0.425552011764373 0.055997151383589 0.0741651457148922 0.0402783247562623
-0.453235939970297 0.0755788090636418 0.0746744406105811 0.0209081080046542
-0.449156723337059 -0.0708230452146518 0.0474812469330317 0.0565588409533737
-0.422413029778762 -0.18535994151049 -0.00268876856517106 0.0686337086892503
-0.360167709910245 -0.436975892166776 -0.0775342741343756 -0.0114421523117909
-0.127386603685449 -0.584868512571813 -0.0410469970133637 -0.136472906473764
0.220035817925748 -0.542437199315662 0.0706941328631706 -0.207014162308867
0.438535464600078 -0.471445725499388 0.175136860093361 -0.200895093496198
0.488354679513678 -0.484091396965193 -0.277248749730882 0.00249357869925676
0.407868263597962 -0.509792996668697 -0.172273366423782 0.0092778534159056
0.194619110708246 -0.645232120652386 -0.111703260142274 0.0415924479883779
-0.0849773175449752 -0.634155113736094 -0.131681923175058 0.0451021224917317
-0.326334998734761 -0.426157594277983 -0.0728659593229826 0.0563086787856598
-0.421612139909486 -0.241433698958359 -0.078922247977006 0.0662892408164787
-0.491530693652775 -0.0682754206348789 -0.060191608452805 0.0663047579468211
-0.430958018959571 0.036640983667178 -0.0830374367219881 0.049739163732115
-0.451891588123452 0.0561008468415277 -0.0756921974280487 0.0367951214803374
-0.445182462972535 -0.0868855121705669 -0.087012665346556 0.0601153377927965
-0.404472991613567 -0.196959340368453 -0.0955259300162296 0.0509197035135647
-0.334561032742297 -0.42829040261314 -0.12018682993596 -0.00420235543407818
-0.12273143504606 -0.564497218305464 -0.0735933430833777 -0.0889696033914128
0.2043460171378 -0.534476977005515 0.0138470734175327 -0.0882879975598927
0.42340914926718 -0.492754947473139 0.0292136464605403 -0.0522630206019913
0.381582232482427 -0.449592081616141 -0.423695672851109 0.136464765961372
0.299671538068949 -0.455372783983122 -0.26347637885154 0.127163459970235
0.137784212561536 -0.540204657531707 -0.136826977519641 0.072261429569799
-0.0769194409730948 -0.518169678612664 -0.141673352726683 0.0165823021076004
-0.265863664742361 -0.359377569377734 -0.146164550876352 -0.026639767498805
-0.353992861558 -0.212672631411309 -0.215591976781367 -0.00105440814525154
-0.422715844884527 -0.0756362292227104 -0.218830774655687 0.0412324553668751
-0.371946458528742 0.00872830495080788 -0.22638535529909 0.0504646316875469
-0.387111412513375 0.0172375143446072 -0.210390795238324 0.0422237809644315
-0.370954440305123 -0.10943194801742 -0.202563176089376 0.0462604842640077
-0.311403528162143 -0.200916696440001 -0.167752178942515 0.014622612309219
-0.22806876548711 -0.365580055847249 -0.136854810449336 -0.0129394462502188
-0.0652035537868797 -0.452555632691951 -0.0818425372904295 -0.0467229315690105
0.177205835921048 -0.432267876776098 -0.0260495615993103 0.0317253474945097
0.353400513875363 -0.426874041583369 -0.0983361061737985 0.101194144339897
0.214481339172809 -0.345042703775373 -0.513263649819769 0.250515882515559
0.140084475682541 -0.316327634380022 -0.31608314759479 0.228983480509511
0.0587775244036189 -0.33195204755654 -0.144551741597686 0.0986403117812717
-0.0495356350093269 -0.308743577079979 -0.133499308397626 -0.00193729141348906
-0.154975555001666 -0.22779308145937 -0.197535828700976 -0.0904672431360535
-0.226447784483269 -0.148935844647342 -0.316852451159097 -0.0545060223996303
-0.285269556364358 -0.0717298493116591 -0.343050358005855 0.0186760772050458
-0.256534980367405 -0.0206407812829009 -0.335814895738885 0.0424183345859813
-0.267791197646755 -0.026148845251522 -0.31199222630212 0.0282665806744758
-0.244818947644292 -0.118780589590027 -0.28000190336315 0.00533589777677575
-0.174431839296475 -0.179132365304653 -0.203986413494261 -0.04392390288475
-0.0882380554955975 -0.254931146944443 -0.124736322230937 -0.0382700508659908
0.0026459440234674 -0.277367478748415 -0.0731384831397285 -0.0173822788099999
0.12808681666137 -0.267317921066486 -0.0560482880889102 0.127807669916146
0.232654648084285 -0.298386900047284 -0.200475883524546 0.229139755834819
0.0230046594473343 -0.177519390251381 -0.532460696329433 0.327696852884804
-0.0210501582042673 -0.119933250169458 -0.32025245832575 0.304510272947557
-0.00618058088352218 -0.0806594110767016 -0.130096260844377 0.122789926268737
0.000430477807480218 -0.0707726800771325 -0.105648967704989 -0.00795965776650927
-0.0191931364711413 -0.0795912779982195 -0.218200565899798 -0.122340091404483
-0.0647788004455791 -0.0737817046083749 -0.368076696560348 -0.0821580329575419
-0.103641101502989 -0.0635581284913819 -0.411298343083791 0.00368481110592708
-0.101800691250517 -0.0466270755363646 -0.393159970263226 0.0284854530145292
-0.110337368586271 -0.0546827289643988 -0.367388783771307 -0.00249498717250965
-0.0922230034922969 -0.0948458195426825 -0.310441506801155 -0.054408011774662
-0.0341314846851276 -0.114085862152161 -0.198241207762647 -0.110437999647524
0.0245733862387794 -0.101585974160767 -0.0867571835083735 -0.0659034602515894
0.0335083102356379 -0.0725991384517606 -0.0535057345846277 0.00424381121826944
0.0380503986548853 -0.0869369851782199 -0.0798883963557798 0.190764795407577
0.0736507283726965 -0.142766610536189 -0.264520712618118 0.313543137972657
0.168350413201706 -0.0334119525224667 0.251291872294077 -0.401925655812965
0.128832698731201 -0.0960690067317179 0.0907648205517305 -0.29676155550751
0.0209604454446994 -0.149030600039778 -0.00113676822009024 -0.0404104214292433
-0.077432063906104 -0.105980997467202 0.0158409759873562 0.0823169018466544
-0.0982559319143156 -0.0136561823077224 0.169443759303205 0.183315675848011
-0.077355442915938 0.0188167414160458 0.337342118324041 0.134728048750812
-0.0780947381341152 0.0599222708378745 0.402831351410631 0.0355741049442539
-0.0739933932116617 0.0644960963196158 0.400824984286823 -0.0128901728108347
-0.0893792861271817 0.0569954985921066 0.40394772772802 -0.00579231052903192
-0.100001743367922 0.0142687808344148 0.350570847718996 0.0584542991617048
-0.117179124611407 -0.0276040084582544 0.222225051584986 0.109991278782328
-0.102116993638849 -0.123653967542659 0.0895601854575176 0.00585836999614627
0.00173900847491212 -0.159806109376688 0.121588804179687 -0.133132069136336
0.0902365591695783 -0.0821549029513647 0.277967624499684 -0.28276822040661
0.104859269967878 -0.0191070976367623 0.524921084855608 -0.338454578938908
0.326648380715445 -0.208527181966813 0.186841815889907 -0.3429499994365
0.259553934956328 -0.252508098938934 0.0773561788720285 -0.265534563880186
0.0922285529733894 -0.343043741638009 -0.0248804875220166 -0.0370807512306172
-0.0902325049562651 -0.306474609364044 -0.036864265645035 0.0915773416356631
-0.199983958649886 -0.159703256987097 0.124844211128913 0.207747173077435
-0.225537189924538 -0.0671227200002213 0.287126058271057 0.171474387408696
-0.254777785330586 0.0342610397859607 0.354999540682599 0.0691025971109992
-0.234062120145147 0.0736701489559564 0.338082915487154 0.00847928957815734
-0.258312590917529 0.066907392563523 0.336454289476806 -0.00348445485089954
-0.260912862630173 -0.0323511923006455 0.285816668883142 0.0526861909410668
-0.251683847850809 -0.114243645287035 0.169117317400873 0.0973070749219306
-0.204577300260833 -0.282496126047565 0.0362353902745077 -0.013902723367877
-0.0313309873137457 -0.363434238176713 0.0700897889166276 -0.169153136032326
0.179343235600997 -0.284185040862158 0.224129781665933 -0.318426280059107
0.273252568339341 -0.208553787799204 0.445983173722302 -0.363452843637288
0.448041267392859 -0.352004155537546 0.0614819892184817 -0.250784220514811
0.374458534583155 -0.383603020480584 0.0247304924677428 -0.201418330917996
0.167082949616079 -0.514232762681513 -0.0509663325626728 -0.0233157729246915
-0.0880587856372941 -0.4963202864638 -0.0805521632961927 0.0883337210167259
-0.28230345113703 -0.30543028308427 0.0704118519312777 0.192286768508296
-0.348280234350269 -0.156344427893543 0.19527884848019 0.170048087133604
-0.399248526926479 -0.00230212359424558 0.250636461756522 0.084581396783524
-0.358714864278488 0.0741417995062505 0.223149786369195 0.0271007236276689
-0.384943102152736 0.0802875311272412 0.219471053462521 0.00466005220250972
-0.388172149996696 -0.0532273086575725 0.179611457845794 0.0509518405610491
-0.367688155201114 -0.162264174972677 0.0914964849689302 0.0811700310752514
-0.310663966452222 -0.391017602162433 -0.0232754051476562 -0.0181709756402732
-0.0886325921555668 -0.518161462376771 0.00875686216099759 -0.169049262820728
0.217207728268483 -0.455338259567215 0.146072821709934 -0.292227012598481
0.387156046440603 -0.376098542393401 0.320152086023531 -0.315203172664105
0.505402658490336 -0.451565364696913 -0.101534776474884 -0.129866157001494
0.430777869249634 -0.48269879055202 -0.0641792664279933 -0.105431108887857
0.205809796717969 -0.63144719676286 -0.0813605128064245 0.00551807301929976
-0.0910527381608186 -0.62633369069269 -0.11175437670186 0.0739097032283787
-0.335271406596812 -0.407806675535948 0.00350824022459181 0.138223733165323
-0.424075809565815 -0.219694965111183 0.0687419168398478 0.131976688268431
-0.484829426940989 -0.0364193034256488 0.10428795041011 0.0809143726791889
-0.428791190705044 0.063208618871146 0.0756380330835566 0.0432011515991915
-0.452884577139973 0.0814663261778168 0.0741273449509994 0.0210118430504215
-0.457002943106971 -0.0646575010275315 0.0483523485495657 0.0568638072054014
-0.428678875466867 -0.183664236203613 -0.0022335382097885 0.068926776590506
-0.371307887605271 -0.437329474941334 -0.0797156000930291 -0.0108781013633061
-0.135890375030961 -0.590706550751466 -0.0444824085729927 -0.136154586861546
0.215346278887155 -0.552407494122218 0.0704185766750176 -0.207535543299989
0.434184928458792 -0.482107826094943 0.172317131671013 -0.203163458561191
0.482373266761127 -0.492414549840748 -0.27504461530624 0.00684441494609167
0.408654581003327 -0.519380210328997 -0.171215501866778 0.011592008766091
0.193029791189043 -0.652742967236752 -0.113708864483834 0.0413734368085763
-0.094364054297098 -0.644331848617272 -0.134409383382232 0.0492437382292969
-0.336015718646629 -0.43169459489766 -0.0748409618795458 0.0580625148307765
-0.431941881661575 -0.241197991071366 -0.0780399498135111 0.0703152166929055
-0.495912418434925 -0.059439260826616 -0.0633917507502381 0.0637198446091779
-0.435351399822562 0.0439814011806639 -0.0828606627522246 0.0532775426344015
-0.453421816152203 0.0611754863118757 -0.076988555788964 0.0384949544897089
-0.452645946836624 -0.0817574102834733 -0.0865085828803728 0.0621819524251252
-0.411146943160791 -0.197180180442131 -0.0967091727664402 0.0517985651038214
-0.344474133539108 -0.427726319792019 -0.122149037728229 -0.00443609984992127
-0.129495314345415 -0.567919280054549 -0.0765614880915975 -0.0874141739807992
0.199211200392419 -0.544788113854929 0.0140997657202375 -0.0870611003401578
0.418619462881239 -0.502861738263947 0.027415936857688 -0.0509465239991081
0.376331520373242 -0.457758667139946 -0.421471741485624 0.143019602519612
0.299351706569059 -0.464690038948481 -0.263493778731825 0.131793746048469
0.135720392035405 -0.549878835585448 -0.138976841611782 0.0745502333737149
-0.0857171326546617 -0.527252823723029 -0.142965228684253 0.0196869328135597
-0.273666905361204 -0.362411122471751 -0.1490020575159 -0.0245231152165485
-0.362254509157852 -0.212774857490563 -0.216733310993011 0.00398340398029564
-0.427555115338346 -0.0677279158207731 -0.222791720968811 0.0411642519455891
-0.375348030175133 0.0148084763217588 -0.228704635776995 0.0541968039444412
-0.388485283251482 0.0220594206168124 -0.212588406112774 0.0436651304502527
-0.378142418805622 -0.103854556187823 -0.202711096363041 0.0495616809439417
-0.318047730106549 -0.201296136434497 -0.169798663108962 0.0160360914687892
-0.235763597864106 -0.367027449258927 -0.139544297427549 -0.0135167540778858
-0.0714670652558523 -0.45631024085771 -0.0857505624444611 -0.0442173721799167
0.173823618667966 -0.439888178140245 -0.0252722840732339 0.0337571791864617
0.349543738998454 -0.435412914309042 -0.0998333955668791 0.105372685682886
0.211675778761016 -0.351080518817124 -0.51152262555449 0.257469093903986
0.140654588817155 -0.323016447867596 -0.315831620878636 0.234582642257427
0.0579300335503312 -0.338542468351898 -0.146159454126123 0.101130499455052
-0.0550722060292667 -0.314023594064357 -0.134544716984034 -0.000488205508340381
-0.160413199854965 -0.230375519883033 -0.200326902904334 -0.0880360233542825
-0.231902411139988 -0.1482395732084 -0.319728706383623 -0.0481568526375223
-0.288453419407872 -0.0651936389416674 -0.347470057140196 0.0202434234750594
-0.260396851807086 -0.0161642574395547 -0.339755146845643 0.0464803208526263
-0.269309317573377 -0.0226487819668284 -0.315029073983451 0.0299211576488411
-0.251055446637364 -0.115157107327977 -0.280589870113874 0.00948999161221743
-0.180057226859601 -0.180561038296573 -0.206453994175888 -0.0421459345542699
-0.0936559346818053 -0.256863819234951 -0.126435868248661 -0.0390884882552492
-0.000630571511795769 -0.280337293791305 -0.0761522809816018 -0.0149333406338421
0.124999428827639 -0.273374474416043 -0.0549478033294236 0.130614001627743
0.230777438799627 -0.305802729725058 -0.201552338043942 0.234399643549415
0.0212586921043235 -0.180335307508396 -0.531698902532174 0.334178871903511
-0.0203043125311053 -0.122713037415533 -0.319928654329227 0.311944369914057
-0.00619266843293938 -0.0836908658811939 -0.130412200109621 0.125343041139176
-0.0014853795337855 -0.0730332656725512 -0.105430943090452 -0.00800996319970097
-0.0209992900831259 -0.0808684727667781 -0.22122322063531 -0.120387703739522
-0.065700681913209 -0.0743431649811365 -0.372268180805246 -0.075949453959026
-0.106719984297756 -0.060650050051663 -0.414565017690353 0.00774979539144141
-0.104380981177115 -0.0448064194672969 -0.399001690903798 0.0317776098064709
-0.111459423762639 -0.0533274160737103 -0.370609679189595 -0.000369958312084055
-0.0961333678725873 -0.0928983842263772 -0.311443813879422 -0.0500717797191111
-0.0378706748697297 -0.11475609564243 -0.200809571416875 -0.109438944497127
0.0217604088468016 -0.10193754478554 -0.0878844911731944 -0.0672546671681553
0.032392134662515 -0.0754833584477445 -0.0562143886203102 0.00685276930939395
0.0365196107662647 -0.0911596556939336 -0.079284346553648 0.194539568946242
0.0732456121116546 -0.146874369321923 -0.264863818170685 0.321058338133779
0.172037286908315 -0.036108684899528 0.251796606415211 -0.420661983877726
0.130305037469128 -0.0994414402860938 0.0880206181031663 -0.309110989829113
0.0188760844942241 -0.152784910205468 -0.00342544935537353 -0.0417981352982663
-0.0811027697979438 -0.108785015954714 0.0156515439182909 0.0856561422039032
-0.101477986799153 -0.0140268796565538 0.177717246565563 0.18518354723726
-0.081093968488056 0.0204935269517307 0.35070547929363 0.130129437670201
-0.0774117061171412 0.0623163386919657 0.414404298440351 0.0290082805394127
-0.0742496490576289 0.0687258244617251 0.415959574863594 -0.0179820375881507
-0.0907515476249426 0.0600172205039974 0.416782961749121 -0.0119466191741211
-0.10238271932663 0.0162101829741939 0.362917765601528 0.0525279407371666
-0.120909855533982 -0.0267937918494293 0.231981553292405 0.109727193742957
-0.107804923927136 -0.126314861382955 0.0928042211153118 0.00669323141547595
-0.00160581354342194 -0.164137710595255 0.12561803466765 -0.139633826645112
0.0922408631551336 -0.0848309936813264 0.283162042373569 -0.297743876954489
0.106703804455166 -0.0210648869453815 0.535586319471243 -0.359153062991936
0.329307550230473 -0.2200438696605 0.188435181668671 -0.356039660038987
0.261891041712193 -0.263244704887318 0.0770722197928984 -0.276409240267678
0.0900428465606431 -0.355854765449171 -0.0275023818053471 -0.0386639889946241
-0.0998762947373353 -0.317927356481271 -0.0389680913265955 0.0972485166363308
-0.209471242054352 -0.163493284035018 0.131502144327415 0.211606832916687
-0.237633218317869 -0.0652714929474754 0.300340897974988 0.169875928067111
-0.261143827159339 0.040766743289473 0.364619770126797 0.0632685439337412
-0.239284343986818 0.082220978217587 0.352509403831666 0.00537319881696237
-0.264802103103695 0.0738168813765767 0.347181531805204 -0.0084382279547499
-0.271602823340491 -0.0283341199696114 0.29539268730817 0.0489204891143808
-0.261859175591939 -0.114921909905703 0.176376717263292 0.0968114104979807
-0.218801806674833 -0.289024430718216 0.036584852751243 -0.0133434078206427
-0.0391878664273655 -0.374852388176847 0.0713605694153757 -0.176230059465111
0.179895780889748 -0.297895593198216 0.226971238547152 -0.332640726459192
0.277472928352443 -0.220959585058051 0.452814314084865 -0.382948348894461
0.452411102050987 -0.369482779460095 0.0622777567747563 -0.258323862482765
0.37821192941455 -0.400686678052133 0.025123230328951 -0.209376452471227
0.164679545327611 -0.533099567441921 -0.0540946493742288 -0.0239070487239948
-0.100873776625418 -0.514838837717028 -0.0837807149110147 0.09469983065422
-0.29788376971444 -0.313424728457754 0.0745392671114263 0.197583814795025
-0.367456675246033 -0.154059776857019 0.206340148673403 0.171523135675366
-0.411249895727739 0.00655997264689812 0.255953423738198 0.0804854640562649
-0.368561979568005 0.0848508339866321 0.233592002786932 0.0271630243805005
-0.395445137076888 0.0894022439634157 0.225351921519138 0.00190073766502689
-0.404276848276878 -0.0474252542683264 0.18559780164012 0.0489443993521798
-0.383236939960465 -0.163208012548957 0.0951589299952303 0.0822995054672662
-0.330307103141338 -0.399626721742717 -0.0251852425858634 -0.0179728051662009
-0.101158445426293 -0.535045882532156 0.00621735357089152 -0.174967512812042
0.215717428601082 -0.475488941165329 0.147464331881392 -0.302923562314911
0.391049408071035 -0.396364427711805 0.323237232177549 -0.329573130600022
0.508959234869636 -0.474357608048825 -0.101633792854156 -0.130821822299199
0.438332691983909 -0.505918925186917 -0.0647743587306041 -0.107942647949154
0.201952639735425 -0.658135414313077 -0.0853582430004473 0.00736398867282741
-0.108185816693982 -0.651067928510944 -0.116241486372136 0.0815582298870308
-0.354828147720944 -0.417553696145647 0.00406111936642469 0.14316957969301
-0.447803778294438 -0.218854901138709 0.0748459553444048 0.136561360982553
-0.499808722101268 -0.0252551067257436 0.104442397895075 0.0791860578143349
-0.442186750590992 0.0763939047530332 0.0809177581780776 0.0462655010226102
-0.46582886385301 0.0915526301805419 0.074911835936215 0.022246335721959
-0.476207373457722 -0.057144756833526 0.0510352806599823 0.0582562612035482
-0.448439599674932 -0.185345638976272 -0.0025750283011814 0.0706702201758185
-0.394075259464646 -0.445867459292388 -0.0843143839747718 -0.00983269476595457
-0.151322343410254 -0.608982588855209 -0.0482423763820362 -0.139014040117389
0.211193113114403 -0.576271913642732 0.0717508106295453 -0.214348399457455
0.436755137299228 -0.507481472254228 0.171935967854262 -0.210658336557787
0.485185200910736 -0.514763955023718 -0.278512693368102 0.0130174016433792
0.412306838841574 -0.543209198415036 -0.173058385443451 0.0158068364465756
0.189055621854853 -0.682900446447255 -0.118603493938811 0.0459240641051927
-0.114329218857708 -0.669910391439837 -0.138412136067567 0.0556823055037069
-0.355360153621776 -0.441442084437647 -0.0779542031141667 0.0621643223362232
-0.455872671507873 -0.239837669971265 -0.077781844322334 0.076546184278235
-0.512927150072795 -0.048565315784889 -0.0691884200176911 0.0648298336118489
-0.448802594958891 0.0566672377725936 -0.0840729057288635 0.0591221825538919
-0.465857953417745 0.0715288530119641 -0.0806333949493726 0.0421761107465879
-0.47147194626976 -0.0736272377231514 -0.0883378354604925 0.0663107153459632
-0.430877027822568 -0.199192071447691 -0.100259309945481 0.0550333499725058
-0.368431897737409 -0.435956728769806 -0.12781870888455 -0.00299015152547506
-0.145703412531713 -0.585847644376551 -0.0817004735897487 -0.087713758413735
0.193828669885542 -0.567839762857484 0.0154644297185379 -0.0888115656870476
0.421924704168688 -0.529623652919016 0.0253138682564344 -0.0506418685205486
0.378998844454521 -0.479749290309612 -0.428406715285352 0.155121155083639
0.302417099818795 -0.487891989119365 -0.267197130786076 0.141735999949205
0.130885354353388 -0.574235624318602 -0.143824547078542 0.0803922545159427
-0.102730331865802 -0.549452866793919 -0.147788191297231 0.02519797662053
-0.291299981482584 -0.372255664235035 -0.155661758380474 -0.0215416332123426
-0.382606985580439 -0.212734385961473 -0.222869436984712 0.011169287886109
-0.442356255037825 -0.0578281232361281 -0.23330883650627 0.0442642490982515
-0.389586415143577 0.0257693615069042 -0.235340595222998 0.0616460189826252
-0.399844896416353 0.0296664506958701 -0.220307972641588 0.0494473400050574
-0.394789000622407 -0.0982465174007707 -0.207190672122768 0.0549334851983805
-0.334328723460395 -0.204189557301381 -0.176413187068697 0.0193430152057051
-0.252271234760881 -0.374513585151909 -0.145822170898852 -0.0127559901595996
-0.0829769960722386 -0.471333675081364 -0.0906983358888106 -0.0422372451028562
0.168661320760705 -0.460399132220968 -0.0241023055708048 0.0371005993446964
0.35172134222625 -0.458567703238364 -0.102926396164027 0.113225557252568
0.211247759788811 -0.366580953066841 -0.520952820853835 0.274782359347328
0.141929376236054 -0.338051958456611 -0.321100827106541 0.249106815540154
0.0541051461706423 -0.355364392280404 -0.149683193764605 0.108510849420118
-0.0656923892266093 -0.327418754509508 -0.138392904644253 0.00248297218125366
-0.171027979505564 -0.235783199237467 -0.210104152472509 -0.0856259520790259
-0.24386244716639 -0.15007412794183 -0.330656592453998 -0.041187254173459
-0.299860046911835 -0.0587299600912489 -0.36070233724797 0.0260137386498709
-0.270469213918313 -0.00897356366318539 -0.35194344776959 0.0541883961725101
-0.278261761953894 -0.0180761859904103 -0.325613631121869 0.0367774455802335
-0.263965657199682 -0.112026471814977 -0.287768118421312 0.0146748843558256
-0.19088753309811 -0.183927692631866 -0.214324572784126 -0.0405507946535272
-0.103507362968533 -0.263441717418658 -0.13217171917901 -0.039702985870826
-0.00596543468019741 -0.291535831969152 -0.0810636786448889 -0.0116156063318173
0.122267881178658 -0.286005858229798 -0.0528436673597028 0.13760591553259
0.23265926396482 -0.322431037214415 -0.20512999968761 0.248219819948585
0.0191094883712842 -0.18801672531758 -0.541963942147989 0.351648508271099
-0.021331166024867 -0.128228682655137 -0.324104207275704 0.328451496178582
-0.00805632313428774 -0.0896492003251922 -0.132131039302044 0.133468847594153
-0.0033853105529219 -0.0757901851327648 -0.107930484633487 -0.00691150773643307
-0.023498977479214 -0.083626500070903 -0.23132930872486 -0.119432793716337
-0.0693216134257852 -0.0761651845417726 -0.38595183297424 -0.0693355427302065
-0.111880999892604 -0.0578011919015638 -0.428773676135008 0.0146635032363379
-0.110409588367537 -0.0429162655169189 -0.414369172713618 0.039158711166447
-0.117151537782153 -0.0520435552497164 -0.383611541515411 0.00563625017389922
-0.102978679005036 -0.0919738993331139 -0.320538008809853 -0.0463258771282789
-0.0431724120571953 -0.11810296086989 -0.209409070005903 -0.110106256968796
0.019000841318668 -0.105927523330471 -0.0920104376409473 -0.0696258490595699
0.0311637846089404 -0.080577941634511 -0.0595404907850191 0.0103762394510964
0.0348305773844635 -0.0963935339313728 -0.077904386604823 0.203223116811257
0.0728146843123771 -0.155723218188119 -0.269599616102592 0.339482925373696
0.162767047717578 -0.0640542469576371 0.229692630982586 -0.441475778194959
0.114463209198595 -0.118883804379623 0.0696721812662836 -0.320760562565157
-0.000855650745610574 -0.157465457560454 0.00457307261252341 -0.0400880370447217
-0.0969405068340568 -0.0995536716734271 0.0330415984473657 0.0835472564524291
-0.100554788178087 -0.00358791398600834 0.202263920357751 0.165140131502532
-0.0772029950068876 0.0266765503802058 0.373058792812467 0.0943765675205158
-0.0671728274919034 0.0718591465871653 0.429728487382445 -0.0211849984378501
-0.0660120139592381 0.0750525298016523 0.430703396900262 -0.0626443868786736
-0.0845712678321202 0.0729849926695651 0.440552781559242 -0.0558931565953732
-0.105516619703691 0.031622068400404 0.392872029680837 0.0181322079388586
-0.128296516212243 -0.0101910050615692 0.260982285927842 0.0918280972518377
-0.128520563790836 -0.11539552594922 0.106773153684288 0.00157063562867471
-0.0191580156827803 -0.165825733996337 0.12397920946167 -0.154497789481235
0.0921597785068825 -0.0905493602636111 0.266361722628045 -0.345729735680247
0.115212440747995 -0.0241764282856499 0.527862667559428 -0.424581693211398
0.296098552806846 -0.269585529791654 0.183671513499369 -0.358761199791821
0.226646107657702 -0.303118407534409 0.0707163558375412 -0.277174645366389
0.0430022743405317 -0.374412313350783 -0.00304044082525698 -0.0262902855460215
-0.148557205912369 -0.310395875889829 -0.00391390281451237 0.103601547922012
-0.230929705664283 -0.142139954666466 0.166650479458185 0.190527702498506
-0.248607237261253 -0.0419933761684107 0.330695208759656 0.132783978742502
-0.259615020588019 0.0764463452491312 0.390919686636368 0.0102950839050414
-0.234227523137091 0.106553172903285 0.36575798555511 -0.0327433075798498
-0.261515540070877 0.109375224438411 0.366025778942716 -0.0428844820036723
-0.286306228691325 0.00595491269514095 0.32380556096959 0.0196222957854901
-0.284158734663403 -0.0855101032711149 0.204436165762555 0.0829199022873911
-0.26334827964683 -0.270153245265356 0.0506618658477582 -0.0121565977446815
-0.0817424415474515 -0.381865036441034 0.0657005428122656 -0.178680754271682
0.161908588353934 -0.327625201825182 0.191542898524743 -0.367306432581767
0.276201240950625 -0.255652001407752 0.421775703549194 -0.438800758555989
0.399052570708085 -0.434794656971449 0.0735503435786374 -0.237117188290408
0.327697385073931 -0.459202605706901 0.0329788259270515 -0.194936083061727
0.094560730626359 -0.567057095351158 -0.0137334218946343 -0.000423798114919528
-0.179988773133893 -0.511895714647424 -0.0333408549883548 0.109423954573323
-0.340541767511179 -0.282723815775413 0.116252140510557 0.175859639601111
-0.392638986181919 -0.117719229209788 0.239705587784817 0.138659510668287
-0.420370259713087 0.0646290357038121 0.289039707010292 0.0322409274104784
-0.367260946890857 0.124428492157243 0.243900275844391 0.000974082629310529
-0.394054234514275 0.142139797799063 0.237911759962666 -0.0187021508923865
-0.425947164409773 0.00270176940230052 0.21014859675144 0.03072803466221
-0.414999042446448 -0.121242956788939 0.118520277231278 0.0741505685804249
-0.393912661174107 -0.37003010332561 -0.0111595015388139 -0.00981239998055029
-0.166302209466653 -0.542153574809679 0.00132914976652071 -0.163377876069161
0.178379403546432 -0.521393764893762 0.103077608784321 -0.319604577181077
0.379671833715158 -0.456087463344384 0.275832114330176 -0.365379962720359
0.443148282108013 -0.545634524643422 -0.0777313811883905 -0.0875015757676207
0.375359401052122 -0.570915341386564 -0.0438668681859434 -0.078254083845047
0.116574129406622 -0.70034924309875 -0.0322444393776315 0.0399160639018952
-0.207498621554246 -0.650318182875294 -0.0554206275307211 0.100705605682181
-0.413523068958816 -0.382197085513056 0.0456519997803855 0.123355983602159
-0.484344540286077 -0.172757998063834 0.104876469333209 0.112018582518857
-0.51899227248638 0.0457905514667514 0.137547711953339 0.0441788754687292
-0.443899952752487 0.124449219823961 0.0858713977525636 0.0352278669996375
-0.465586596886241 0.153827119380083 0.0816110120120087 0.0177145483120483
-0.500663712566419 0.000753816843167151 0.0694565066627495 0.0527772141095955
-0.484074442598136 -0.137302175647649 0.0143949767147459 0.0717656913051617
-0.465847028720276 -0.412374630012136 -0.0711954127113665 0.0045797158687871
-0.227319010444275 -0.615586997814768 -0.0518758683223757 -0.116415524681907
0.160688758287211 -0.630051276772441 0.0273761369176203 -0.210657237374286
0.415067136464707 -0.582339293757146 0.119210126801063 -0.222672921961432
0.415668161787043 -0.580961723567833 -0.245965681266948 0.073091864471892
0.349141751891305 -0.60356263490961 -0.142647583201448 0.0588469311857244
0.0999025342648908 -0.72588939161495 -0.0603210757744247 0.0827420710453202
-0.218669349116418 -0.668860196003898 -0.0787441199613849 0.0762978553691122
-0.420396759305252 -0.407285310455088 -0.0451156346872995 0.0478985777889062
-0.497487153389574 -0.192972965235654 -0.0567738733180676 0.0655249104984591
-0.536043508636279 0.0251777938543215 -0.0411824955168974 0.0471096812317605
-0.454308978741354 0.105919824103743 -0.0846898785588751 0.0661336783842472
-0.469169946404454 0.132832598029305 -0.0809680772273892 0.0546086145395332
-0.497938216152196 -0.0171727708550086 -0.076760876429402 0.0754442124712069
-0.467466879332074 -0.155365589220321 -0.0917132857604313 0.0647581055980197
-0.436573930500213 -0.405570356822593 -0.118447428129062 0.0161083010281847
-0.21781131180186 -0.592708575890406 -0.0830298381090069 -0.0586873582494061
0.142550220820307 -0.621406177423795 -0.0193473843199013 -0.0705245596248126
0.396139517184689 -0.606923691312115 -0.021693255604342 -0.0399191047441509
0.314946211648902 -0.528815371904813 -0.392640532355255 0.22361108390348
0.247593196042729 -0.531770496264531 -0.232518525381502 0.190833485869397
0.054999655813646 -0.605794691277743 -0.0912438789019551 0.114397557306147
-0.188263332123992 -0.548638265787081 -0.101291130711811 0.0429402259532281
-0.34741539732964 -0.343309338646337 -0.138465776193692 -0.0269645469349033
-0.421267321928492 -0.172392200595177 -0.214429446061784 0.0159866433843003
-0.466738646924708 0.00650589894726088 -0.21496686514145 0.0480106094225743
-0.396259660342245 0.0699456984334282 -0.241844062554749 0.0852344385929875
-0.407228058981226 0.0817016050388442 -0.22808324683798 0.0764133694405793
-0.420723523667783 -0.0522915683768271 -0.205241191639754 0.0763280994350115
-0.369026416251925 -0.172555773457425 -0.177622660554804 0.0357027307895774
-0.309869613386117 -0.356616050186511 -0.143059421686958 0.00744314693251403
-0.140726678747044 -0.482679010527398 -0.0919608945468133 -0.0132054361252606
0.125682203539238 -0.504594915236981 -0.043909028454349 0.0629594641865935
0.326043926356883 -0.528497319625519 -0.137573070516031 0.142680305116517
0.163178586744697 -0.390272002760168 -0.488221582737465 0.340182385747589
0.103688524927769 -0.357372962295969 -0.287001209796848 0.296426940788837
0.00620801516316665 -0.372441677740054 -0.113622991841892 0.135418672373842
-0.118035228616958 -0.325588090202311 -0.112883259664817 0.0160208014814653
-0.209111065746603 -0.219561376328635 -0.21046422896933 -0.0792354780827501
-0.27322849529637 -0.12273583563359 -0.33481485212939 -0.0208689428386508
-0.320052303262224 -0.0135903890488157 -0.354741921347393 0.0500947257661856
-0.27914963888834 0.0222930441914617 -0.363223715032218 0.0901050938363534
-0.289027479079883 0.0182711302418573 -0.341195215623282 0.071568553312497
-0.285568413157756 -0.0835873732790072 -0.297845631179777 0.0427566718812207
-0.219103931819202 -0.1684824866446 -0.226196042371326 -0.0222268025435238
-0.140776734033966 -0.260372971232232 -0.137944728518792 -0.0236673991615257
-0.0414248186801827 -0.30406532853657 -0.0841811201493564 0.0112520108107415
0.0934761916983373 -0.318670658238876 -0.0572422484944037 0.165557420155657
0.21024512211556 -0.371918145154998 -0.222226787488813 0.291132197150222
-0.00356823627863393 -0.183712034412124 -0.518628934909757 0.406755235371388
-0.0340947314550206 -0.121123635416544 -0.296410330600832 0.367934962642177
-0.0202066781860824 -0.0909130135241861 -0.115367321815928 0.151538493270584
-0.0167429795545069 -0.0769298182835336 -0.104919399617605 0.00329122486691011
-0.0383914019696301 -0.0815479026636359 -0.246343589767132 -0.101353148548802
-0.0843062214121396 -0.0662222871988392 -0.400559199078913 -0.0360111216837119
-0.126917145659025 -0.0400385985338 -0.434459151959137 0.0557477951303832
-0.119753624346251 -0.0281017121215607 -0.429174621525727 0.0822128103641377
-0.127453881858891 -0.0371987568047358 -0.406854147316724 0.0449671742221146
-0.11638475151884 -0.0828294646961538 -0.342394504436734 -0.0185238392255203
-0.0581783651949636 -0.117485854300421 -0.231377870025408 -0.0953663582932321
0.00621143025488688 -0.112862529065624 -0.104367913763968 -0.0620851090293606
0.0211424829038903 -0.0900532927459729 -0.0637277471980201 0.0240833201134449
0.0216644166864816 -0.110432003744258 -0.0666415369406274 0.229994783168159
0.0571419396425031 -0.179398300867454 -0.267677386137582 0.388138164397784
0.16204416088057 -0.0759992726318359 0.204873095227489 -0.47001540527538
0.109167007259644 -0.128528283634326 0.0460493354527308 -0.335467066693488
-0.01127633739848 -0.160954493490991 0.00132843928238318 -0.0407632062330465
-0.10766021926225 -0.0962350365785703 0.0390416872797936 0.0841430096807547
-0.104314535061101 0.00225344657715872 0.218600669389973 0.154936961274729
-0.0790194239132536 0.0333917218500708 0.388408533647406 0.0679615447012026
-0.0633594231562949 0.0772241222527448 0.439010051194072 -0.0510813134251678
-0.060938709420493 0.0819485794541182 0.441320841700741 -0.0945534663073024
-0.0807117113221716 0.0809850294405759 0.4486790000141 -0.088659505088268
-0.106323867357094 0.0393226689876992 0.40436999244371 -0.00965002803751975
-0.132739602413739 -0.00232490966867997 0.276222211179103 0.0762691240787885
-0.140729711192103 -0.108457209527811 0.110935473447557 -0.00478261587658245
-0.0316132962002147 -0.167556331632128 0.11775793993946 -0.17065369751006
0.0890503804490385 -0.0995385707586824 0.248546004089302 -0.37469511940692
0.115736057367526 -0.0323168289506622 0.510326112327635 -0.473993908771396
0.282209890305256 -0.296361940690613 0.166160265248425 -0.381346386326881
0.210911578912652 -0.325026492931496 0.0528903874807 -0.291644573760755
0.0177198550633159 -0.388739028092931 -0.00495015083581453 -0.0257312629941816
-0.178005723719277 -0.309686141617218 0.00283280919656218 0.108497423252281
-0.24887714937363 -0.131196721194556 0.183757936504279 0.183370073135763
-0.26114223541053 -0.0232436323004365 0.349688297114225 0.111230800142693
-0.25940310503789 0.0975842326600481 0.39836413132184 -0.0155482003428418
-0.231128862497447 0.128729672376436 0.377976007815982 -0.0599079984949795
-0.261121544111401 0.132510656278672 0.373892815374112 -0.0701502478922112
-0.295362775528038 0.0277596777687843 0.333859935941589 -0.0033063657735544
-0.300007237639637 -0.0681492302826137 0.216287260070619 0.071452492609308
-0.293204880257416 -0.258853770374557 0.0514550105762198 -0.0149812787655998
-0.111894431838299 -0.386638117392785 0.0556310169522753 -0.19010367064332
0.143613078463226 -0.348942318491736 0.17215598352619 -0.393032561423441
0.264475281835715 -0.283681617118972 0.398888141373837 -0.479533336778881
0.373761675843896 -0.472729250083876 0.063516055934119 -0.249461833124054
0.305272768181525 -0.492732550781147 0.0211498031552722 -0.204602113536994
0.0562710763893058 -0.591130291500293 -0.0142571391232687 0.00246417177960775
-0.226508926722721 -0.514925199106429 -0.0261569781797843 0.117151935410009
-0.372744401109033 -0.268597626529802 0.130920044995192 0.173459557198252
-0.416715825029135 -0.0898777967217726 0.257793185077403 0.125336625312919
-0.425268944385148 0.0979947326169026 0.293261157489331 0.0148026710977276
-0.366745069061669 0.157318311925247 0.25430451049851 -0.0162611561502589
-0.39518960050782 0.176553988693322 0.243842664926907 -0.0351535592095801
-0.440096746257837 0.0351544675591401 0.217399804161066 0.016189445660039
-0.437922920879647 -0.0968138710775112 0.126458687408471 0.0689766695576586
-0.436166709527719 -0.351794144582647 -0.0129082051721965 -0.0081553456017741
-0.210892988809511 -0.546715260709382 -0.0102475398472016 -0.169298701654505
0.145243288961122 -0.550468554809466 0.0846930443291106 -0.337481603496813
0.354434911397628 -0.499181366758468 0.254739063366952 -0.393199011305408
0.412445471164143 -0.589809307757835 -0.0806160617771049 -0.0856596449783151
0.345354817629168 -0.612665483966658 -0.0481223021961478 -0.0785578385792274
0.0668035644598179 -0.73253298899034 -0.0295860517655036 0.0456702900301409
-0.266451159860995 -0.655133563459193 -0.0496694016423095 0.109473926755071
-0.455387374152206 -0.366176092014543 0.0544857199243502 0.125120742837558
-0.516163903195501 -0.140425882343158 0.118654506698865 0.109091078975798
-0.528234923334757 0.0864159062378633 0.137582069089204 0.0378216784024265
-0.446089591002661 0.164817148757549 0.0944422758920684 0.0309384677811731
-0.468137240816899 0.193123662140405 0.085315095753237 0.0139153182078845
-0.517799069135791 0.0403974859723861 0.0748051352858516 0.0493665458685435
-0.511469073175169 -0.109154893228324 0.0188051023037295 0.0739817499455487
-0.512599417615837 -0.389451269057705 -0.0743535879458522 0.0107256131497487
-0.279660020898167 -0.618341362224502 -0.0612053469729909 -0.115945865254067
0.120403865747284 -0.660191298379474 0.0156807045690409 -0.220223431169355
0.382636853258301 -0.630814484164213 0.104464771168578 -0.235008442375565
0.381753268641086 -0.624926839210747 -0.241911727968101 0.0909496339587422
0.316542704051479 -0.647460240227979 -0.139014840631602 0.0691428722787879
0.0494756030154361 -0.757713576001699 -0.0554041263326711 0.0917099584689075
-0.278799044986472 -0.675272920831655 -0.0745056085356142 0.0856093264040598
-0.46446858614595 -0.389945856324441 -0.0441748995126965 0.0546088884935823
-0.531923447881442 -0.16019579341315 -0.0504518496845583 0.0738114376355772
-0.547799067043532 0.067139604227234 -0.0458784070543298 0.0537220986411633
-0.458393786119132 0.146723321644308 -0.0795835391569768 0.0741183951677006
-0.47370571717894 0.171841373013229 -0.0793449935940926 0.0635658930006504
-0.515300883903148 0.0215599902503839 -0.0734936890710273 0.0830170365254999
-0.494348228673545 -0.128095914916582 -0.0912529211003959 0.0749705490472096
-0.481377305081229 -0.386082620218546 -0.122634470778813 0.0254714960531513
-0.268933985935352 -0.596416532918077 -0.0891281639081952 -0.0535295658546977
0.0996350686332648 -0.64949965727987 -0.0221362527683627 -0.0724385650445846
0.360364008096774 -0.65547445262247 -0.0270502705807734 -0.0358482492504681
0.283755606875308 -0.564936702022072 -0.383663733134659 0.254075389116811
0.216627894574604 -0.56569438457506 -0.221051786431377 0.212020943954129
0.0103645929850311 -0.632464530758692 -0.0849520770695362 0.12635145128753
-0.238843261541778 -0.553603250139437 -0.100069786643564 0.0526566542524707
-0.384347726328367 -0.330561245095087 -0.144646770242234 -0.0154929334861575
-0.449151358089252 -0.145109754206732 -0.216270629840007 0.0338265932813528
-0.477457507415523 0.0429410054606938 -0.224334525067377 0.0665948711288165
-0.401651496716053 0.105462216895268 -0.241630548531063 0.104975639183986
-0.413508047141654 0.115812300116526 -0.229426698156337 0.0955312026218297
-0.438484078755006 -0.0205509785552642 -0.20561709757416 0.0926112448598534
-0.394102670688556 -0.151632879329646 -0.18160788721911 0.0509139070667638
-0.348147062186522 -0.344611354228023 -0.148071385215767 0.0189017649503428
-0.181378812450023 -0.48806852701516 -0.0952395252577603 -0.00489457076359982
0.091408078208012 -0.529933062247639 -0.038400063220288 0.0674581142574941
0.294043932829624 -0.571005428953239 -0.132342692858807 0.159711547566737
0.138929876146726 -0.411633206851894 -0.476070059317351 0.380779953340285
0.0830777397578677 -0.37762803352953 -0.271217301554905 0.325138400373746
-0.0232271651191759 -0.387689209612084 -0.106206739515909 0.148628389626375
-0.148144054733804 -0.329382545076069 -0.11426116971574 0.0248158032029465
-0.231874549904532 -0.213153178154165 -0.221585615020333 -0.0651949183099516
-0.292205230625871 -0.10516523977621 -0.344253470368447 0.00575367379849855
-0.329313247987125 0.0122325419525814 -0.365493127885995 0.0782712689135576
-0.285433338040271 0.0470415421675484 -0.367128344746294 0.11929892539641
-0.296668740533538 0.0415821469442241 -0.345767939510482 0.0997675397360239
-0.30192787324288 -0.0618941724690067 -0.30302529805257 0.0642442612729464
-0.2397854242204 -0.157812147746951 -0.235972636932564 -0.00615097419427274
-0.165523469031397 -0.257487202272499 -0.145130839081667 -0.0147111106970823
-0.0671464317678843 -0.310767286938522 -0.085064062962898 0.020122985621729
0.0717375818817783 -0.335436534540448 -0.0444485444899895 0.1740532082008
0.188333318026935 -0.401419948468263 -0.207667494867357 0.317821047658768
-0.0175231319995131 -0.188521918767222 -0.503332970978841 0.451211556252479
-0.0428801249684932 -0.124001898341283 -0.276386535877336 0.399356473571725
-0.0293191902178234 -0.0941911085168779 -0.106839048810666 0.164333189318196
-0.0234387643556171 -0.0785938147226775 -0.107266020802057 0.00992199925629768
-0.0448960916934514 -0.0824416987029121 -0.259868568528201 -0.0865034509360274
-0.0924873660244002 -0.0629331177412363 -0.413026546061858 -0.00568267683573664
-0.132544366934086 -0.0297374868988462 -0.443881663355275 0.0879317262447434
-0.125407530748106 -0.0174415650548957 -0.436782037314145 0.115953968832385
-0.13471629559524 -0.0271123294321635 -0.415946127553808 0.0758266098818022
-0.126941155425286 -0.0743403014883569 -0.352408890330276 0.00439877354183567
-0.0702797388500128 -0.116223268313666 -0.245547302351964 -0.0820622962131492
-0.00335519273468931 -0.115820178177829 -0.11233210456142 -0.0572180144051489
0.0126945859708133 -0.0960924892083478 -0.0632652059458613 0.03229316794731
0.0128350111039708 -0.11687338557446 -0.0501915049984365 0.241557817051498
0.0449784098720351 -0.191908560658731 -0.247039093123807 0.421958010162777
0.155525691080929 -0.0876687238402471 0.169347894747596 -0.483703848009042
0.0990589748135788 -0.134437394613986 0.0189180859821339 -0.338108828802066
-0.0226851962466881 -0.159288083789719 -0.00165359027294769 -0.0399094181039149
-0.115865856749028 -0.0876060223583818 0.0446272789245932 0.0820052145304863
-0.104999277357138 0.010085805603525 0.22787842059532 0.137791962120768
-0.0772229408846681 0.0400709749791613 0.391934242797767 0.0347406399501823
-0.0561765784355764 0.0809388746496131 0.433071525731001 -0.0830666999973417
-0.0528385764972527 0.0857550370159905 0.436060801977219 -0.128864415384528
-0.0736139830566074 0.0862407449914472 0.440886028647466 -0.124041691725718
-0.102881893944209 0.0464662832119075 0.401830280744038 -0.0406868248301504
-0.132173318671997 0.0071364093091168 0.282791600561918 0.0543462446835971
-0.148913253206946 -0.0970047314631931 0.112252888300564 -0.0121138807230501
-0.0439478694769872 -0.163958037080979 0.104924436997027 -0.180862929196279
0.0814949787997615 -0.105604486516375 0.218643762716707 -0.394349737782105
0.112846994999818 -0.0409766330016523 0.470073541765249 -0.5092135877133
0.255103679520816 -0.315376641684553 0.138264749051098 -0.392003964075505
0.185641441357665 -0.338878596043132 0.0295548368040672 -0.296047628587823
-0.013106581674781 -0.388479059237876 -0.00630735341155933 -0.0239245210745901
-0.203386989229221 -0.295626300013338 0.0101834416603193 0.110188011203216
-0.259857064738234 -0.112245914023698 0.196232976985519 0.170750153986644
-0.264539407238503 -0.000435188538082047 0.35803519063584 0.0825186610213219
-0.249964244451197 0.116808297070213 0.393186121366963 -0.0425113740290449
-0.218428725023903 0.146562184833014 0.375193844406046 -0.089105764308853
-0.249616366741546 0.153138011841809 0.367228566693257 -0.0984744154071003
-0.293712682439519 0.051670406072848 0.331700497519698 -0.0286059439703972
-0.306780631748348 -0.0469228633924758 0.222112941493982 0.0549910401210692
-0.314212597673485 -0.235190112775657 0.0505436331291671 -0.0173354205767669
-0.142142610610099 -0.377879528691783 0.0412846735588576 -0.196515857725618
0.1160069178351 -0.359634987395292 0.141517888909499 -0.405969754667191
0.240497916433088 -0.304101504158939 0.358730889526114 -0.506977965867863
0.332994091997878 -0.497375170274375 0.0488913352259428 -0.253890942642893
0.265741415458012 -0.512976494121269 0.00612767401337675 -0.20815422751293
0.00882697501703275 -0.595333695510371 -0.012985700397546 0.00493406081243242
-0.270829895590359 -0.497168319674365 -0.0171269346254084 0.121200609297865
-0.394665083985127 -0.24071604053176 0.142355942726042 0.165764182157336
-0.425611991973266 -0.0534351098636619 0.268622005152404 0.104488668207602
-0.414599830170257 0.130814748584296 0.28901328699677 -0.00317666372747327
-0.350371133354275 0.187517111059107 0.255657936392667 -0.0359572469178409
-0.379931282602326 0.208499096655035 0.240869288885901 -0.0523041484355762
-0.437946685897409 0.0716573718248152 0.217590526340185 6.8537262191676E-05
-0.447419506133707 -0.0647017110815276 0.131947038315932 0.0606968687282791
-0.46461647309106 -0.317433961213401 -0.013849367553012 -0.00557367605818077
-0.255181606817277 -0.529941906451166 -0.0228589239239818 -0.16946322659884
0.102602605589682 -0.561856787185151 0.0587706126332134 -0.343858651798705
0.31248985561989 -0.526855487723445 0.220637467277114 -0.408863958711798
0.361353623465194 -0.615406758720323 -0.0817683360948978 -0.0815556659506438
0.29813764803033 -0.638074596065437 -0.0515459847171234 -0.0773120149280281
0.00820268397635907 -0.739265230044928 -0.0248753460147956 0.0499122976624918
-0.32293198324415 -0.634920138189562 -0.0401099433586783 0.115142143670639
-0.485023021521099 -0.331123992414296 0.0630572041581409 0.123827452068086
-0.529627327296764 -0.0952920612494912 0.130099124578508 0.10013790174903
-0.519439697414998 0.130170907776672 0.134474258390022 0.0321487094095803
-0.429558549979077 0.201807853837667 0.0991719707546962 0.0232710371080967
-0.451810844853203 0.231726724251826 0.0870840649203711 0.0088016008052292
-0.514910498929554 0.0825711678671318 0.0777359615935492 0.0445943715515329
-0.521231811360127 -0.0708033846122922 0.0241166575954901 0.0749058232701535
-0.54598911616944 -0.348393782571153 -0.074211927089302 0.0185911926424133
-0.32938973496689 -0.595747691000453 -0.0697742326152815 -0.111972037998811
0.0672877956143045 -0.668774093265158 0.000602144088435567 -0.222285158520449
0.329143761081588 -0.662505280840193 0.0847792014064589 -0.238305485441836
0.329374704960483 -0.648090934915015 -0.229669659601318 0.10512754629609
0.266996196246765 -0.670656551693937 -0.130555091779274 0.0773520860632174
-0.0135957347022984 -0.764095106916087 -0.0466448249754089 0.0981962785851945
-0.336439086582725 -0.655355507480061 -0.0668253449166855 0.0930550875380672
-0.496075145862473 -0.355911558822565 -0.0394840037939509 0.0612445996872718
-0.546979325435466 -0.115112670270706 -0.0404022466290878 0.0784642232354813
-0.539993532616427 0.110973679672178 -0.0480095699827666 0.0622432498725614
-0.442462339725804 0.184927959398539 -0.0720478002127005 0.0794629671699316
-0.458503487628004 0.211037993994215 -0.0733352735387481 0.0707689051744287
-0.513667080521978 0.0661172678542474 -0.0676516492049738 0.0886690300477628
-0.508158034233126 -0.0910725150503098 -0.0864264179210405 0.0846301918886576
-0.515021871861072 -0.345771299271739 -0.121384917079837 0.0373947772661416
-0.318946724912495 -0.574600035499517 -0.0928547843884387 -0.0462753938893284
0.0490011574994404 -0.658368007223197 -0.0263223477515265 -0.0716297765151105
0.30378130058828 -0.685827355778671 -0.0306713146516964 -0.0299542923405744
0.236972071573707 -0.581285205291826 -0.359381853330799 0.278895672700183
0.174369425646503 -0.583639603721475 -0.201915796437655 0.22638929398069
-0.0414970295704811 -0.636427673681639 -0.0733922429869241 0.135322415474656
-0.286291795904306 -0.536104975527615 -0.0947450990442466 0.0611854350238506
-0.411288661499521 -0.303593341148079 -0.144791976000522 -0.0015561718939034
-0.463097130004239 -0.106182237782538 -0.209850063240792 0.0519499995582437
-0.470936742369288 0.0826396626373402 -0.224130449339288 0.0874227955950588
-0.389572558281827 0.139712220444519 -0.232243606244255 0.122811551919929
-0.40358774404366 0.150486588909635 -0.220723114040426 0.11443048260567
-0.440380906434189 0.0173560902694984 -0.198251826501157 0.108357973806917
-0.408610135418989 -0.122169624798351 -0.179261666401321 0.0673362290477647
-0.376191763772845 -0.316010732368833 -0.147965695182622 0.0309311307771877
-0.223642709882434 -0.472969456204843 -0.0944836747031105 0.00363697790095134
0.0482915889882132 -0.535836869193345 -0.0305874345559638 0.0695568216853209
0.245024292926564 -0.595874765765982 -0.119754934095513 0.172819980416877
0.105749800691407 -0.420016687691244 -0.444785587715916 0.411260396442449
0.0547061669843747 -0.385656577791612 -0.243247703103117 0.343934268726407
-0.0558017354342128 -0.389309647805035 -0.0935205220251488 0.158205351517494
-0.176423452267478 -0.318383529002086 -0.111423109013726 0.0334865590277581
-0.24872578305262 -0.197315299136794 -0.22517415746193 -0.0461493556854671
-0.302591919439346 -0.0813675180455168 -0.3404995079274 0.0332151877261359
-0.327009715173552 0.0400883271400226 -0.36259227374232 0.108549556237538
-0.27919728221007 0.0719626723242282 -0.35817567009396 0.146777145248642
-0.292517043832715 0.0673964692050171 -0.337149213241335 0.126923154272208
-0.306931198028446 -0.0354938940378027 -0.296550421805247 0.0871893730419614
-0.253875067195986 -0.139337039728237 -0.237278944017938 0.0137103229561897
-0.18817023317277 -0.243769761644131 -0.146964421612358 -0.00294431598578569
-0.0941966136610065 -0.306625331387174 -0.0823471973882856 0.0286009557052842
0.0443954510826006 -0.340630978277369 -0.0287750377572031 0.17663126432911
0.152750659937518 -0.41850297601215 -0.181740451183904 0.336374758308418
-0.0329998829466389 -0.185882717128563 -0.466080883616694 0.483777276248364
-0.0515326770499722 -0.122137555651667 -0.24286086827251 0.418094855549941
-0.0377935765752622 -0.0927803801245828 -0.093505642087741 0.172520875121331
-0.0299316906295579 -0.0776735125931423 -0.105451969973381 0.0171232368014947
-0.0507623128457926 -0.0800180456133154 -0.264519243770728 -0.0653688419486915
-0.098205330146604 -0.0557985020656417 -0.41121731833803 0.027366030499167
-0.133983818415739 -0.0170425879959283 -0.438854754698281 0.12141966920607
-0.126244439962965 -0.00590893035053788 -0.428707380920245 0.148420987680589
-0.136594466823816 -0.0144664162309096 -0.409269829709732 0.108509184527018
-0.133108535528875 -0.0614024611980488 -0.351320633640418 0.0308775200352082
-0.0811091902597929 -0.110057782257047 -0.252810462975613 -0.0621620299899987
-0.01429535384197 -0.114888827393659 -0.117579985104096 -0.0485732909708709
0.00194825856313951 -0.0977197902864665 -0.0596512802846823 0.03937309955996
0.00271122498832609 -0.118302755663536 -0.0295345849844851 0.244494293589261
0.0280054495834633 -0.197993717553074 -0.212506791949895 0.443003302165329
0.145230888964019 -0.0942645803891079 0.140207408419308 -0.479661265353521
0.0894505311343297 -0.134429055819722 -0.00188931911176354 -0.329850399013869
-0.0307674704614129 -0.154248162679599 -0.00291143172917173 -0.0385358928682384
-0.118759488186138 -0.078571258036693 0.0472546216470105 0.0790825256038249
-0.103268480456253 0.0154456591812585 0.228601616197001 0.122120946902224
-0.0739136309733703 0.0447586136970674 0.383669040793311 0.0110528190462512
-0.0500074051074127 0.0801328476369015 0.419194413616242 -0.102464057209545
-0.0458301355021022 0.0858433498641444 0.420252351612128 -0.14949961118393
-0.0665836819002294 0.0881293003309044 0.424199997783574 -0.145643675457642
-0.0986133444269057 0.0506745420882618 0.389481781183185 -0.0627652127035067
-0.129002616428399 0.0138602832190304 0.281332719367413 0.0366669628917674
-0.151321503000524 -0.085545213455117 0.109751574738789 -0.0171761019726936
-0.051139663679741 -0.156492641339422 0.0916955800884593 -0.184833513172611
0.0741849830681888 -0.106910212584334 0.18998251849711 -0.397115005117671
0.107762897997306 -0.0451686068402746 0.427632701907276 -0.52104024949274
0.228989520878684 -0.319436521256127 0.116460300789199 -0.389532124128098
0.162644210087666 -0.337706658215992 0.0118134957763712 -0.290979683600414
-0.0356774259195952 -0.378679320908718 -0.00621848100464155 -0.0223993925412945
-0.217862621087214 -0.275855314738706 0.0164741374067522 0.10827207793212
-0.261619958024078 -0.0960780529452939 0.200462434344598 0.157444497946977
-0.260069961072989 0.0177256680708034 0.354886384474696 0.0595394327183822
-0.236646939674986 0.127758299364119 0.380951596203622 -0.0583939832472137
-0.202911111865883 0.155853198695938 0.363295520857106 -0.108611430932167
-0.23479030098205 0.164563754130386 0.35342571842901 -0.115726938052391
-0.285003249471158 0.0670991949543256 0.322252751695946 -0.0465510294825614
-0.304387683870855 -0.0287690108692291 0.221704813554774 0.0423954468836925
-0.322178905859849 -0.210679652746488 0.049097298354123 -0.0187599461389867
-0.159947496754052 -0.36166183386517 0.0293356141758973 -0.19588633512878
0.0933072400143214 -0.357833869908881 0.115183714028443 -0.405912712802669
0.215459282687258 -0.310002263720743 0.319539128705863 -0.511450336131911
0.293077602344261 -0.499648731586368 0.0375730328856403 -0.251793989535336
0.230108749807045 -0.513294999308995 -0.0050033399846691 -0.204871934163924
-0.0278600081783286 -0.581202995559291 -0.00929355027633869 0.00615784895530135
-0.294809937756768 -0.470393447581545 -0.00988830609192606 0.121154705167012
-0.400929577767901 -0.213507891014127 0.148494417298327 0.156682134140863
-0.42059208417376 -0.0243538775073053 0.271386168032707 0.0867596159427902
-0.396171860829035 0.15136681630908 0.2802801354865 -0.0125660829466433
-0.328678390523711 0.204054773553182 0.24997735409268 -0.0497239406115162
-0.359059879050009 0.226737670423553 0.233296686289369 -0.0637475373164568
-0.425083727914123 0.0969759836041661 0.211551033212343 -0.0113344915319127
-0.444540129006313 -0.0382939883392587 0.133446410940367 0.0538148685954075
-0.475309356826292 -0.280790666713703 -0.013610026967305 -0.00280777895463484
-0.279310592293082 -0.504304159795598 -0.0328590536988741 -0.165999300194419
0.0681246663340385 -0.553906855203365 0.0395126736015083 -0.340608411981648
0.272279266023606 -0.532061794627119 0.190162628029171 -0.407464583433765
0.315763740227323 -0.616271073990367 -0.0797593156823797 -0.0775860864705138
0.257022680319019 -0.638246004040648 -0.0537765232757024 -0.0758030373456385
-0.036898747627152 -0.722986456299858 -0.0185662730316974 0.0517078564054873
-0.356127308386696 -0.600426758058354 -0.0314138180498556 0.116476171546636
-0.494972161360484 -0.299260634197609 0.0697938996128495 0.121401611331206
-0.525433495822531 -0.0598325561653984 0.13728936253981 0.0908054399727162
-0.497498668791217 0.157409190714006 0.129782920368543 0.0305760365782676
-0.404067896475863 0.223068012419618 0.100054826263493 0.0160779289668785
-0.426587847581055 0.254667922562421 0.0865583656653208 0.00436246544396989
-0.498706126635517 0.112933654978698 0.0780849371898068 0.0399047903592199
-0.517856092280668 -0.0407307811661159 0.0284121857501635 0.0746025148870968
-0.555135901563885 -0.307350555077085 -0.071728066017581 0.0241541144181307
-0.35704118554064 -0.565419419786471 -0.0752597338421694 -0.106105989838815
0.0269750732783529 -0.658220199490192 -0.0111526184063196 -0.218637210175428
0.278234479734486 -0.666966297771427 0.067566948588305 -0.233133462858148
0.281866497411843 -0.646184563389538 -0.214120510068307 0.111699745147839
0.224438930630094 -0.671234737344657 -0.121755031399937 0.0800669614695462
-0.0590222687632541 -0.747881652690415 -0.0375422224348447 0.100246633885025
-0.369758093369535 -0.621793774542631 -0.0588410549591555 0.0960128303840416
-0.508358394892051 -0.322130524296225 -0.0337164208625484 0.0657734706425026
-0.542606276827176 -0.0768412430239119 -0.030569345841311 0.0795695006200872
-0.518765169430726 0.141175810618466 -0.0469483745593841 0.0701901254421492
-0.41800059796729 0.208491780682653 -0.0646678136871974 0.0803160107469721
-0.434134461541478 0.235696397836701 -0.0665066253890146 0.0738358228255837
-0.498434806662126 0.0951780603844632 -0.0612010363497887 0.0909741168405432
-0.505872874172507 -0.0598564303647944 -0.0784006129042046 0.0905395227132718
-0.524738275147675 -0.30664411637023 -0.117026983193347 0.0449936034398811
-0.346028994171402 -0.544095875457449 -0.0931782141941933 -0.0401373519429703
0.00929977317847047 -0.645997913786248 -0.0280423890829127 -0.0695742901446432
0.254511163215948 -0.688292775628512 -0.0324921115201868 -0.0241940393263986
0.197442883329485 -0.576347279253153 -0.333429226558027 0.288129428805551
0.140710128754982 -0.581894800807109 -0.18352513697178 0.229502491922967
-0.0790276069262829 -0.622730526069167 -0.0621321258447383 0.13760467870425
-0.315956161309899 -0.50983943139704 -0.0873167691354763 0.0663797348843559
-0.423050307447081 -0.276015459952174 -0.139654169687205 0.00953353257699475
-0.462592209802564 -0.0750761186001256 -0.196983695822821 0.0636709394344816
-0.453299046176824 0.109168743323507 -0.217579177899612 0.103574360473161
-0.370354913324334 0.160615210525141 -0.220282016830222 0.132291798247292
-0.383917077893806 0.173192374550003 -0.207650122515317 0.124276483299166
-0.428721934160054 0.0449223211022562 -0.187267537683102 0.11727883721278
-0.410052590156464 -0.0967779148446227 -0.171079426157128 0.0786059452216588
-0.388249834474178 -0.285810870727606 -0.143308116656733 0.040394939288052
-0.246910726808089 -0.450956008633215 -0.0915599741280729 0.00907896501543574
0.0164126206241664 -0.526864093749151 -0.0236779502448996 0.0682840445049989
0.200622495430133 -0.596557956482684 -0.106666769682612 0.178517879436503
0.0790550103118906 -0.41271094753931 -0.409891624598625 0.42239177860887
0.0332764341560804 -0.381385381472144 -0.217702911425209 0.347135424538123
-0.0783400259945106 -0.379120030096349 -0.0808488072677888 0.160989619234478
-0.194353941816934 -0.303526242738871 -0.104957978507417 0.0397395192837327
-0.255625978939102 -0.181149790489807 -0.220901290712605 -0.031729361344112
-0.301562272602069 -0.0606970454348213 -0.327715336869108 0.0525248068052495
-0.314673924276667 0.0593711109180142 -0.352290539537261 0.129353554393617
-0.266499533685662 0.0882526131674274 -0.342442517051801 0.162697298382799
-0.280738433469726 0.0850822432634413 -0.321837223611077 0.142554654869963
-0.301514949942895 -0.0138993067576119 -0.28462183313591 0.101214786839786
-0.258732676962626 -0.12137687531775 -0.231033681801842 0.0289828954055118
-0.199594815945442 -0.225728780613239 -0.144180041214115 0.00606495703656314
-0.112461605967417 -0.294753874599837 -0.077411389813872 0.0337167355082581
0.0221597152053844 -0.335806487108121 -0.0157567159926385 0.172776195120103
0.121030462749703 -0.418720823279424 -0.158459770126685 0.340416986557425
-0.0419346719888512 -0.179186696306971 -0.430107125962166 0.493388294522266
-0.0562933083467485 -0.118876617350183 -0.212932646151451 0.419729842443586
-0.0433075141737999 -0.0902847320671609 -0.0804296630074633 0.174783699694072
-0.0353420127427156 -0.0753013820677625 -0.101031607423758 0.0218677260027053
-0.0542596364198293 -0.0778572462262399 -0.260913291640929 -0.0495200782089898
-0.100017848087138 -0.0493162566267666 -0.398738395960943 0.050753054475032
-0.131041744572873 -0.00748503433297334 -0.424159015244978 0.143696037930522
-0.123138550692916 0.00296134753332057 -0.412266604117482 0.169500681483014
-0.134208156550545 -0.00414217052324267 -0.393738632413475 0.128571585375
-0.133820902807477 -0.0500166578813944 -0.341824641421203 0.0493920120749465
-0.0871754135505145 -0.101711304642062 -0.250849910018447 -0.045268799220699
-0.0220030693500201 -0.110873584040157 -0.118020399555953 -0.040882997252057
-0.00684329352477707 -0.0959309467532973 -0.0543276674443274 0.0436513016327761
-0.00565453570748672 -0.116613901318619 -0.0131099228556424 0.239823042994227
0.0132912799759008 -0.197013770242065 -0.181196638375902 0.445036972826517
0.138366454521666 -0.0962156412468615 0.125412887715461 -0.472988310207871
0.0836597583410888 -0.132440685619658 -0.0118397890356651 -0.322695638313593
-0.0352589657682401 -0.149419466001351 -0.00241053134410147 -0.0380640988587685
-0.118613937554832 -0.0727201181759446 0.0481283141531843 0.0773916838038315
-0.101743864333638 0.0184888444957877 0.22679468312107 0.114787504182077
-0.0717467029809649 0.0472497802903185 0.374691165530727 -0.00200955053630784
-0.0465253722283369 0.0788903371899509 0.409329640835222 -0.11177484810874
-0.0412429419450156 0.0841010995826534 0.410327923608425 -0.158766847767339
-0.062456391863565 0.0878362671682031 0.411201450488045 -0.154818322227493
-0.0954737757279998 0.0517065085454423 0.379535866845704 -0.0728362595778806
-0.126456341688528 0.0172889320495288 0.279420651706454 0.0264879426370046
-0.150534235995217 -0.0786199489008951 0.108313028987961 -0.0195016737631281
-0.0534760868314695 -0.151940025150419 0.0839792082874554 -0.185344134064219
0.0705075828445484 -0.106003185942818 0.172970518467432 -0.393940331370935
0.104228034705511 -0.0476883292561367 0.400545378057584 -0.519134468279621
0.21191981109393 -0.316970056578867 0.106503267203278 -0.385455759644338
0.148491154405256 -0.333691131737053 0.00302647258217199 -0.286103897421551
-0.0477461240989685 -0.369312611670641 -0.00411879168604578 -0.0219277853311168
-0.22288312491219 -0.263557026450388 0.0192567390477715 0.107719680609038
-0.262158788946419 -0.0867388090092236 0.201466143737264 0.151707295880396
-0.255183521242406 0.0277903681127123 0.350112355687152 0.0467716415795113
-0.226868610400063 0.13171423209854 0.373031708773707 -0.0648222092912136
-0.192114847245786 0.158417831329038 0.355535153442616 -0.116911490038888
-0.223984539370792 0.169206469221733 0.343468125575053 -0.12330354871575
-0.278553863767271 0.0750342950841112 0.31412665337039 -0.0549706433694193
-0.30195821623334 -0.0192707040102787 0.220411847329208 0.0351692376178853
-0.324343022369921 -0.195335219593131 0.0487205594352786 -0.018705755310066
-0.168021981734429 -0.350231979014951 0.0216913890275927 -0.194499561275719
0.0811775299600343 -0.353644421879753 0.100506317078523 -0.400581000565435
0.200602886044812 -0.310808790881215 0.295106620653603 -0.505536976874558
0.271469786787698 -0.494628083934111 0.0329961596769974 -0.249339407887869
0.210607456411429 -0.507768860132779 -0.0103372125493542 -0.202406728947506
-0.0470924503995343 -0.569047679606847 -0.00642561230151624 0.00681216382210168
-0.3083984038472 -0.4501542307154 -0.00409422871255795 0.121403339874924
-0.403290966152927 -0.19919669275229 0.152390549467454 0.152891862210953
-0.414701755522442 -0.00696061073211295 0.27091516326445 0.0755753425580894
-0.382294986247419 0.161553062228279 0.274667947018296 -0.0149228390278291
-0.313001519155148 0.21002733375467 0.245349844043142 -0.0573008374120295
-0.343461935678404 0.234521047936599 0.226914266207121 -0.0684294210571079
-0.414468243469 0.109332182545332 0.206854559576476 -0.0168102372991946
-0.440345229465725 -0.0249403471172811 0.134514735050027 0.0503895244000221
-0.476806975992339 -0.260298725173477 -0.012866182718227 -0.00063197644737459
-0.290225189056291 -0.487675272514825 -0.0377995397625119 -0.16313298201634
0.0502268140993402 -0.54729338364342 0.0284162788285856 -0.336571155920527
0.247742685591179 -0.529907817661404 0.172877401247259 -0.40030422576413
0.289120133543596 -0.607283781582151 -0.0766613351221046 -0.0762926351535702
0.233062188006573 -0.631914612390101 -0.0548313328704154 -0.0747046634173747
-0.0618985703473558 -0.707776875711435 -0.01291501431701 0.0519307671520651
-0.373044116688485 -0.578218020517649 -0.0250442212343739 0.117533724567761
-0.498934197138205 -0.280089775196543 0.0746511288185307 0.120789580393995
-0.519119483810305 -0.0384179504619452 0.141151591766664 0.083864289072717
-0.481264928766417 0.169265442265931 0.127241077603106 0.0338273482587689
-0.385834412417148 0.231727508367389 0.0995783243525964 0.0122561953344166
-0.408354413488563 0.263281436644837 0.0857570236940242 0.00264120815495868
-0.48583126172876 0.128486796882707 0.0776006439064973 0.0372843877870728
-0.514040732856792 -0.0242092534225143 0.0322848358696847 0.0746753390872453
-0.556837513425551 -0.283143853060743 -0.0689310948427313 0.0276451585116828
-0.369813876564542 -0.545074607949646 -0.0773240463351157 -0.102146190693646
0.00635772271645107 -0.646547162805497 -0.0166237905546709 -0.214881475384088
0.249047378411409 -0.663852100507989 0.0583664149136564 -0.225952194391607
0.25627395016955 -0.635399531199378 -0.203645120523501 0.112172460870994
0.201174511397803 -0.66617948568763 -0.11672491593659 0.0797960238649705
-0.0854607446391876 -0.733673380360445 -0.030223689350488 0.101188824858192
-0.388622724124604 -0.599799414068994 -0.052262440079432 0.0983143263689756
-0.512958353486497 -0.302052206845637 -0.0272417385030616 0.06839099384525
-0.537293995678323 -0.0550885273271197 -0.0229802465406798 0.0776513244707371
-0.501090577357202 0.155754762017559 -0.0450004113621925 0.0774399015217189
-0.400503025807506 0.218222405277855 -0.060931309815986 0.0795425759084569
-0.416091334269907 0.245724813582328 -0.0624415819257823 0.0742112486820208
-0.486927575994246 0.111630535359868 -0.0572468141859222 0.0916652826789321
-0.502929723045253 -0.0428706762046141 -0.0727133457517455 0.0944792124719812
-0.526828158298291 -0.283485643009599 -0.112760213077587 0.0495436328078796
-0.35761346051463 -0.524043718971158 -0.092763338003023 -0.0364952224955734
-0.011877495334073 -0.632824782349413 -0.028109598849783 -0.0687239888305695
0.221982470118666 -0.683539926826493 -0.0329193712557918 -0.0186530491352714
0.176535956754395 -0.566030543621954 -0.317014028804957 0.288466713063362
0.121295351239453 -0.576850355697836 -0.17307732348519 0.228484904237021
-0.100147495085921 -0.611258334363318 -0.0541733513357974 0.138549272979577
-0.329974107239491 -0.492158907341494 -0.0819313034704779 0.0686066103785953
-0.426293036775937 -0.260801848555673 -0.133797923585856 0.0145870572776653
-0.456868600630124 -0.056053682402227 -0.187191744218036 0.0673928380228636
-0.439012399759375 0.122340401432059 -0.212572327015512 0.114269039503857
-0.355001656621269 0.169796975866939 -0.212912335762234 0.135415085581576
-0.369429336529224 0.183037278976477 -0.199249686915974 0.127204956329683
-0.419348589202979 0.0592498332975012 -0.180038332409874 0.120521997800769
-0.408760713258513 -0.0823950158420689 -0.163687183271708 0.0851215688130013
-0.391542279241957 -0.266806265116299 -0.138499750279616 0.0446725068652216
-0.258651955156384 -0.434643105292524 -0.0887435661396671 0.0122360051764534
-0.00111366697911944 -0.518322197971617 -0.0198490301867728 0.0661489727208346
0.173121831091376 -0.591236053068294 -0.0988325581944707 0.180890579789732
0.0668152492300296 -0.403813872619336 -0.389541366527717 0.420892210576769
0.0230084682225244 -0.378370490100145 -0.202416402133246 0.345099628957578
-0.0910976655741971 -0.371916593438387 -0.0728141951119243 0.161562499988346
-0.203289821095052 -0.293642506579031 -0.100806993894557 0.0417224969672661
-0.259715311688661 -0.17243351518569 -0.215274497058282 -0.0240012732781233
-0.299469888225788 -0.0491260453974645 -0.316710259275094 0.0616808854387695
-0.305466422577655 0.0697346320613729 -0.342835000279834 0.141464096371686
-0.256987205339829 0.0962954838005681 -0.332730897339016 0.169084851688874
-0.270897517907554 0.0937508579483896 -0.311917050433955 0.148523337085846
-0.296400613812407 -0.00258091288311191 -0.276367462812879 0.107959665227455
-0.260324567928458 -0.110740466189258 -0.225797841530578 0.0372880506777298
-0.20490693207724 -0.214380896645315 -0.141231100545941 0.0110067887303542
-0.122370938115263 -0.284713025036884 -0.073549121447982 0.0361759481087598
0.0105624895362636 -0.330580065642862 -0.00854954940595742 0.16843208345961
0.101357265590583 -0.416133288286258 -0.144271674071187 0.340124547846168
-0.0450745529296745 -0.172681105228178 -0.408351334566061 0.491309803369071
-0.0575935208789655 -0.116296906910077 -0.195336713689293 0.416578945397844
-0.0460699264242701 -0.0884843797728315 -0.0734243532067164 0.174465355693591
-0.0375380300189281 -0.0736350619741905 -0.0972805971285123 0.0233344926898281
-0.0561347920821984 -0.0763738814902347 -0.256200279471048 -0.0421211124140466
-0.0999427624799921 -0.0454687727978307 -0.387952713214621 0.0619193385889978
-0.128117426651659 -0.00194641194605844 -0.413738580350862 0.155545247607523
-0.119878637234967 0.007827046931348 -0.40137663561317 0.17811746505492
-0.13101784652742 0.00133559861991862 -0.382954793729709 0.137628154045046
-0.132578452590252 -0.0430498250162006 -0.333213817844994 0.0582069779215165
-0.0904351032692429 -0.0959080012563133 -0.247281951491277 -0.036117576295063
-0.0268470813825836 -0.106628848443483 -0.11656896737452 -0.0363004359640532
-0.0122635594164059 -0.093592784594382 -0.0504296353557219 0.0456155993050689
-0.0109740270111181 -0.11518019667536 -0.00345558105251965 0.234125410894798
0.00451430627013906 -0.194860184635057 -0.165059243886252 0.44162471177495
0.110268302597401 -0.11852087351368 0.0427481009712826 -0.505180966909863
0.0496321638066594 -0.141327746892015 -0.0698876676102774 -0.325319509953288
-0.0654115431597919 -0.13380180605166 -0.000929966288645591 -0.0478025875780953
-0.127166296332301 -0.0414242770365752 0.0662036872173093 0.0577176799256753
-0.0913325031925696 0.0375410148122541 0.244814323093255 0.06546316949928
-0.0593656062360133 0.0558826048965606 0.366680790055476 -0.0785035046394712
-0.0254861632151758 0.0813327578341722 0.377473939949007 -0.190635138626572
-0.0224178370925332 0.0856918910894066 0.373784201615482 -0.240035194201431
-0.0400420056768465 0.0944613697994106 0.381026494599348 -0.239887679900843
-0.0790050029712507 0.0687314498806867 0.368407654793503 -0.157727016755468
-0.113649819660357 0.0409422195510187 0.286941466552032 -0.0372947433363374
-0.158053591590671 -0.0439782458795194 0.108571500489822 -0.0460070562812481
-0.0776205994673644 -0.134816745730526 0.0501718176859999 -0.206590182838072
0.053708956870338 -0.119694573046101 0.0837035274263681 -0.427523529463909
0.100470397936854 -0.0727933893048862 0.289894970708956 -0.591879071508571
0.138010213234381 -0.33833816018438 0.0530691637991702 -0.420535030624841
0.0702400689026269 -0.346585524738246 -0.0384596624326507 -0.295193399098705
-0.124949983644181 -0.338476063443817 0.0149916017470703 -0.0441745584122846
-0.269478001890793 -0.197604346236661 0.0551689041797008 0.0792130967361568
-0.267269131497534 -0.0298547091662319 0.22585974802826 0.0935888148632604
-0.23912261540534 0.0749164193177223 0.347403371447869 -0.0354903819219817
-0.184851122540764 0.172024538828979 0.342900430474664 -0.148315412342883
-0.153874355515582 0.186384277022745 0.327682623227687 -0.18879181681674
-0.178107167113113 0.204585187284754 0.322531356467794 -0.195884118958821
-0.251711866900115 0.127728351306715 0.309234934663201 -0.128806036219399
-0.28977695343243 0.039881520168915 0.231552122036703 -0.0176052709276129
-0.34982876370764 -0.122518250622307 0.0532272024404159 -0.0347097374849473
-0.228070998188329 -0.302314881419952 -0.00509806536760109 -0.204818315183505
0.0101179377944735 -0.364569352681984 0.0170195214662393 -0.406131095959899
0.137424233841416 -0.352106872999242 0.19251761925369 -0.54134120703026
0.159326319483195 -0.514061933110043 0.018874261158499 -0.272507261904595
0.0931472868710148 -0.526628582100556 -0.0262229874725842 -0.211074347231236
-0.167146219673394 -0.527501288129879 0.0327556484514669 -0.0253100832979028
-0.393729642995674 -0.355510924916533 0.0461828980699372 0.0846473288063693
-0.4266405952153 -0.107647992215443 0.17728930343483 0.0926155599665702
-0.399218492709782 0.075660683979918 0.272298712867319 -0.000281920953795283
-0.326426828443571 0.235273972425401 0.25056116711732 -0.0896903089185461
-0.260572817934747 0.259402628007456 0.23038946699644 -0.107742584806438
-0.279496937420493 0.290777299708001 0.219585720215039 -0.118186556544368
-0.37850589358494 0.188917765449179 0.211865761822932 -0.0698096287061797
-0.425285692116353 0.0620258801820043 0.149895893424625 0.0149228886121867
-0.51179037942554 -0.153569463333063 -0.00179562449451818 -0.00584773173067433
-0.375037813753922 -0.408638266010301 -0.0502420950121635 -0.163801551132323
-0.0630035015628681 -0.546864807677213 -0.0328427111284382 -0.318422949677941
0.134075571487235 -0.576848838509799 0.0975184303426908 -0.397720231596437
0.154940325966148 -0.623731574276169 -0.0513968600358377 -0.0788423018248815
0.0901008235460201 -0.651149823351179 -0.0380604934077608 -0.0755599581738308
-0.209188061328166 -0.658146942635139 0.0433742344004886 0.0138794781335353
-0.483815969550871 -0.462478036148273 0.0320226892126554 0.0752337399042572
-0.537847248047447 -0.16494492167311 0.0937268351923038 0.066957524349047
-0.506644320754918 0.0678753482444051 0.144094938238581 0.0276231838588258
-0.418013910760175 0.265818511596625 0.112347049465916 -0.0194888639867439
-0.326101654155244 0.294566901896584 0.0991228648051044 -0.0108933610164187
-0.336791889947125 0.332763894065369 0.0938596159447351 -0.0188326730065968
-0.444750466212599 0.222116867391363 0.0938956527543895 0.0106182456487898
-0.495548991221243 0.0760722464800071 0.0529246684401932 0.0608092416178425
-0.591891259382095 -0.158966351698054 -0.0503075783085808 0.0328853683401135
-0.462909898212845 -0.446221960153847 -0.0732347878488836 -0.0962835699885605
-0.129219691021837 -0.633861180617008 -0.045131525339905 -0.18363117966307
0.103854333131181 -0.705981113595161 0.0224846470813264 -0.194307256748334
0.119706270842144 -0.644012177983208 -0.142309813648938 0.136902793759331
0.0552343133680229 -0.677901524020619 -0.0690302193571469 0.0910296971799732
-0.237886195900516 -0.676781373528735 0.037062303603652 0.0640833206494627
-0.505294947819425 -0.479250174412003 0.00223411903802466 0.0591113879706122
-0.557818458836582 -0.183536928954445 -0.0191842382513869 0.0333683592886773
-0.527183505941246 0.0569020970564779 -0.0200772790781567 0.0528311910655043
-0.442257105970143 0.260982424466194 -0.0495305020130689 0.055613483994542
-0.345129729635324 0.28512810355834 -0.0461540830017373 0.0887992171948041
-0.349152507841332 0.317901549334948 -0.0398953054739373 0.0831744500300209
-0.449301799433389 0.20544717141538 -0.0304217314897424 0.0943314639866277
-0.488519064110068 0.0551776340625565 -0.0480804927153984 0.1037150351385
-0.56515476567094 -0.16569942480406 -0.0900158484193815 0.0655957333009067
-0.449430381351711 -0.427751756537855 -0.0741709817174637 -0.0265850352698358
-0.14743763585073 -0.614479786401108 -0.0220551564547458 -0.0362114334016145
0.0693903446299934 -0.717532160846227 -0.024041894284755 0.0315751324186246
0.0577625415336947 -0.564070495104704 -0.228328823555119 0.339545089782555
-0.00254053879618563 -0.576958216224452 -0.101373493036168 0.253763926810703
-0.226795619041612 -0.559590888552138 0.0119111560858395 0.112521108798912
-0.427979274308373 -0.391749038753782 -0.0401136442581931 0.0431477052931301
-0.467345681818398 -0.160250733956993 -0.135716175502463 0.00734316734362755
-0.452224520085544 0.0398129687188594 -0.183380155506272 0.0797899236825652
-0.390190480269206 0.215573575514104 -0.204554757346081 0.127432060919219
-0.30938614963847 0.231942222924607 -0.185487016132352 0.175117979807179
-0.317750559807195 0.248982305817095 -0.168110372240182 0.165707024088427
-0.395240568864277 0.142529108300371 -0.148106756915384 0.151373990280818
-0.407946859225238 0.001107696223487 -0.141145094216103 0.115964954110339
-0.431660295375653 -0.177306521514622 -0.119121480663645 0.0697655012932817
-0.337114932316331 -0.361619706781975 -0.0639183545332124 0.0249721708541408
-0.113385663713301 -0.502801492622918 0.0129068583574783 0.0921713697018899
0.0391449712305443 -0.615142702901059 -0.0499509068419355 0.238116530683932
-0.0146174750884226 -0.39077028905987 -0.288611831219055 0.493514299232194
-0.0539155713025437 -0.366507758588166 -0.118688020007467 0.379831916362601
-0.16654021751342 -0.334681418397368 -0.0183361419045152 0.152296797647506
-0.262015370876396 -0.231528645357926 -0.0760290414245036 0.0356372513916592
-0.289748393684115 -0.110862632083636 -0.222355596418732 -0.00258090978780638
-0.298922626696946 0.017496614845252 -0.308522749110766 0.107762522412544
-0.274986319012481 0.136769519999041 -0.323205496668641 0.188420304410454
-0.229000249109345 0.142274919853411 -0.29746186695791 0.233885898773578
-0.242489302742683 0.144854013286877 -0.27756952260564 0.211519839456635
-0.288191951859417 0.0578560482964256 -0.249127057420615 0.162731713049637
-0.272954790404028 -0.0543454086366657 -0.213586568107967 0.0834299809662881
-0.241796801660015 -0.165211411413584 -0.131559171310202 0.0394913913474975
-0.177198610200223 -0.245715625134151 -0.0510455014272166 0.0501898157485444
-0.0644105582315357 -0.322160958972731 0.0416001225344969 0.184325040994119
0.00535228689018407 -0.424458661251109 -0.0650305313311904 0.395493979181852
-0.0760908678278737 -0.152295419555208 -0.310522426014863 0.57566596360176
-0.0755428089754996 -0.0994102609353837 -0.109847617670852 0.455136151490566
-0.0625025991030453 -0.0747379973177057 -0.0333246955770672 0.181616907424414
-0.053833747554625 -0.060850967445745 -0.0892346777882881 0.0356118399424184
-0.0737169496984571 -0.0604005953315332 -0.2634339047026 0.00271026821757885
-0.106086734605926 -0.0194081436281469 -0.37403077498649 0.13262949793602
-0.122527159205 0.0300915015937065 -0.382952475196287 0.226307944502518
-0.114522042759071 0.0326003903024876 -0.362897534298944 0.256941171220856
-0.12728174643951 0.0295435049807112 -0.353554389614827 0.21617379998084
-0.139058204935761 -0.0143931987353423 -0.320893323821213 0.128756664139798
-0.107996335409603 -0.0736589751277999 -0.254226374135481 0.0169996615853897
-0.0489071768417129 -0.0977953828455963 -0.122347809486316 -0.00996989534127824
-0.0343563688696515 -0.0854998537427582 -0.0349163037393133 0.0582039673155854
-0.0393597207004925 -0.107794251645439 0.0551845811853436 0.239001326363975
-0.0438682073230617 -0.187172286425733 -0.0677310235054934 0.48712979740962
0.107399342008701 -0.122556485210345 0.0317657782059219 -0.519184042588651
0.0477992553312858 -0.143023953531858 -0.0816619910167188 -0.329683965972177
-0.0712849777035136 -0.1329712652824 -0.00114169895701472 -0.0507873518510366
-0.131734112660289 -0.038639412643791 0.0695558393186497 0.0579341333890388
-0.0925695520016611 0.0420259360501796 0.253217190899133 0.0615412905120334
-0.0592633550098921 0.0598294351026636 0.371398121448885 -0.0901766852042493
-0.0243187860176528 0.0826546277040065 0.38308322134722 -0.206607753063139
-0.0206812436010701 0.0873384016943689 0.379529271051048 -0.256485409822743
-0.0378721248625627 0.0974539241023619 0.384023551237847 -0.2554328348242
-0.0796860977981498 0.0722749243918553 0.372293696849667 -0.171246294301618
-0.116055938906834 0.0452569924174495 0.293723963888917 -0.0469125877126771
-0.162541488211418 -0.0404257098694523 0.1109734843928 -0.0498921043466477
-0.0820956503569032 -0.136678896666342 0.0447706796006875 -0.213981075787991
0.0521398684386239 -0.12405053918729 0.0732758184569936 -0.43650744938265
0.100094597466682 -0.0767808311469192 0.282651215542676 -0.607804171652406
0.130376444839747 -0.345059163266943 0.0479195571283094 -0.432699342852791
0.0629411218889626 -0.352908421172148 -0.0476079289737758 -0.300572324574469
-0.138628410992279 -0.340215507099057 0.0161943813863549 -0.0481767322412733
-0.282764657905183 -0.193121647138352 0.061047776212257 0.0801002779984042
-0.276159002649522 -0.0217444240342674 0.236721000122898 0.0907313429821402
-0.242338869940328 0.0862590195032479 0.355494168330723 -0.0479499793571867
-0.184213388655752 0.180511641546931 0.350073206472997 -0.159323772851171
-0.150700015567172 0.193036786861694 0.333398562729294 -0.202414333891161
-0.175027479024595 0.21508141852777 0.326090798034532 -0.208379133723772
-0.255403524775484 0.139514263719225 0.313111641839577 -0.139218279406863
-0.297453262668717 0.0501562261051478 0.238909453151022 -0.0252269837604969
-0.36184836715021 -0.113949749269631 0.054822121320877 -0.0373235595054064
-0.242252900123058 -0.304709562383629 -0.0118310532892457 -0.210169719435438
0.000984367950366563 -0.373367951859235 0.00564422184528771 -0.415612706296865
0.128127386668431 -0.363520096482802 0.184916660694905 -0.552313410754081
0.148663823474084 -0.52328029157071 0.015642382531314 -0.282484932389737
0.0823621176669905 -0.537819444409749 -0.0331479582448988 -0.215775495096892
-0.187800600688648 -0.532653087439095 0.0352122188022757 -0.0293336471738858
-0.414109427847605 -0.349299815213223 0.0519969307530678 0.0852907637107537
-0.44286522649743 -0.0974865014482442 0.188622991256154 0.0905845394896282
-0.405696399097778 0.0921294652279763 0.280723708044981 -0.0112844047217113
-0.326173627554341 0.249624286396223 0.25805719832672 -0.0951086742746524
-0.257496979670782 0.271772333767233 0.234607996927357 -0.116668797502722
-0.276165597647716 0.30626179118151 0.223051804019285 -0.126770459752168
-0.382778617736491 0.205309098055086 0.215069599939076 -0.0763044739891993
-0.436457247716511 0.0768865319580713 0.156480013456154 0.0108440359311156
-0.52832766530806 -0.140855603966644 -0.000433756121323075 -0.00642111251999739
-0.3975036021196 -0.408996977585119 -0.0577984431902855 -0.166467407506544
-0.081015058343903 -0.557757284042512 -0.042443120008357 -0.324286379778163
0.118385351144442 -0.59336743139054 0.0910546939555614 -0.405107409981221
0.142949372656934 -0.635403266502354 -0.0518347525211148 -0.0825191528064915
0.0739140823249354 -0.66635784148264 -0.0414003907871354 -0.0764988730493744
-0.237456235378721 -0.664192927210133 0.0487541351826443 0.0105321055755419
-0.511684157823599 -0.456241231850713 0.0377142824726804 0.0758869611474157
-0.559356221960123 -0.152244339807023 0.10248456690204 0.0661730813777359
-0.515670175156928 0.0878002072649026 0.151621067726677 0.0198567247397526
-0.419568668077094 0.282515570151955 0.118848807313253 -0.0178496346174326
-0.323953277708778 0.309172184659148 0.102369483509243 -0.0136365789792722
-0.332460169760933 0.35091540527308 0.0967163432924607 -0.022072184273813
-0.449615247134538 0.241401501506266 0.0964994262391419 0.00937303728496555
-0.509645095455414 0.0944813513078099 0.059622631908464 0.061596074305051
-0.611589412354763 -0.142724895226692 -0.0492832078667504 0.0349733833336278
-0.489147550992731 -0.443611024433804 -0.0783583297737661 -0.0976318633836689
-0.152457423023334 -0.644759437114722 -0.0505406975443384 -0.187872044440853
0.0816991819217404 -0.723661006168662 0.0196192764256158 -0.194751763375091
0.107894312530572 -0.656746006109055 -0.139811124829042 0.140188521494779
0.0385478499693439 -0.695464271027105 -0.0682911966665534 0.0947792603352866
-0.267325157110962 -0.684492819689591 0.0432422253467808 0.0629004100491517
-0.533417170890862 -0.473969430463987 0.00581332921114331 0.0595833856470675
-0.581848586851403 -0.172116653052254 -0.0136559112534479 0.033820572244771
-0.538528600918559 0.0773641221865689 -0.0149897819634441 0.0505134912648752
-0.441985486133296 0.278995434883329 -0.0455965004704819 0.0635616140319222
-0.341043750201522 0.300270015420608 -0.0451528069963237 0.0926001122629427
-0.345830440825349 0.335745797570031 -0.0383231263950609 0.0859946137057845
-0.4538522793429 0.224579091808635 -0.0276581482760446 0.0984817875337588
-0.502933656278709 0.0720711883055386 -0.0423064476208433 0.107988925720576
-0.58269637257312 -0.15126030789865 -0.089152143775483 0.0692594008790917
-0.475351149747808 -0.424416479216939 -0.076754827650025 -0.0252145706694332
-0.168502015496569 -0.625084216150598 -0.0235725714896851 -0.03838090021514
0.0452517801452316 -0.735375227043771 -0.0222779948264542 0.0370243821812703
0.0476958476614848 -0.574428229287313 -0.224609831423054 0.349816249311894
-0.0180895776165797 -0.592058346450501 -0.0962879504466047 0.261689497042881
-0.251152497134406 -0.566481650965012 0.0183127575734398 0.114363299068957
-0.453687671259495 -0.38646361999253 -0.0379889606758913 0.044778323503131
-0.489323756969555 -0.150437936115045 -0.134545267270902 0.0098557934911378
-0.461630611893004 0.0572640291217256 -0.18234076380108 0.0826883897612594
-0.39133448915128 0.231872221278962 -0.203645465470901 0.142044193933313
-0.307586846378792 0.245160787842298 -0.18619825609256 0.185583632412606
-0.314479214689407 0.264153634948854 -0.168472832747329 0.174040024830593
-0.399255640409982 0.158576984062588 -0.147599744766644 0.160273438086067
-0.42024675011901 0.0147329358891322 -0.137881616790236 0.123183091399894
-0.447995084110473 -0.167530632080766 -0.118836430888289 0.0742879008966818
-0.359130353014966 -0.359106541474652 -0.0644074061322257 0.0273031440730378
-0.132211710750022 -0.511366311034444 0.0165717855778983 0.0913809663934631
0.0177506772616845 -0.628841246748873 -0.0438605857610741 0.247760745766472
-0.0221503604562021 -0.39713982678949 -0.283100951189677 0.510354794921712
-0.0653499750026277 -0.376165964025194 -0.110329123326205 0.390730123838476
-0.183180698103032 -0.339444735787085 -0.0118594152256542 0.156415041416114
-0.278557914261492 -0.229265206530984 -0.0759616402322214 0.0377728981195517
-0.304462933011645 -0.105589414139593 -0.226321474884328 0.00161925715710973
-0.306417104053025 0.0271736555606457 -0.311594846514233 0.116362264743998
-0.276211541741616 0.148287522443518 -0.324566468672023 0.206193096987906
-0.229139183062012 0.152339962059864 -0.29993032055225 0.249611188480598
-0.241915689702113 0.156030269324212 -0.279666634493191 0.223865265791777
-0.292771410361011 0.0690805466746573 -0.251328258577773 0.173579540637183
-0.282552405273471 -0.0458575069565244 -0.214133221115287 0.0922351727330909
-0.253836457680506 -0.159991205950083 -0.132933014087643 0.0437538464261616
-0.191437168433097 -0.244894022123878 -0.0494721953865704 0.0528777119444227
-0.0763429078531245 -0.327687762929351 0.0487723291983484 0.183908028567512
-0.0109668962043808 -0.433440776187702 -0.0553367659821031 0.40737432292814
-0.0787569771497097 -0.153138790551431 -0.304432312813938 0.595731172424543
-0.0800901471908266 -0.1022253964515 -0.099581018112371 0.467980666900957
-0.0679188253157479 -0.0767854591727089 -0.0279168283610572 0.187609716580344
-0.0583686396792314 -0.0613333348550881 -0.0903608708056608 0.0379916337275053
-0.0790294651835957 -0.0615312908910256 -0.270180682077486 0.00765438819974467
-0.110182990287709 -0.0171092190228704 -0.37880980422617 0.145550049709268
-0.12354369226894 0.0345140871343684 -0.386359281735155 0.244906789233837
-0.115248517680426 0.0375675689857408 -0.367828061965177 0.275196422513177
-0.128222731863705 0.0339125711437878 -0.357543292071945 0.231027653977255
-0.141489980290437 -0.00921609476376114 -0.325381139801464 0.140154979296712
-0.113645318921615 -0.0705362325866528 -0.258635866122129 0.0257900636446342
-0.0537603266690451 -0.0972611107305567 -0.125518065685833 -0.00641214550549404
-0.0400707023086354 -0.0849740320604027 -0.0330105377703539 0.0611408696862801
-0.0444324306596103 -0.109776127278403 0.0631011447049995 0.23955384302881
-0.0522071875591619 -0.190149623439612 -0.0563543574251972 0.499101105776023
0.102016720523216 -0.129572561705758 0.00760880236002111 -0.535848543966077
0.0429100462073917 -0.145855881551474 -0.102719449211925 -0.333341223230331
-0.0797567450699543 -0.129394436464002 -0.0033994155542338 -0.0544103308817715
-0.13695057039314 -0.0311042575449742 0.0759062227817935 0.055937348577778
-0.0930550647798528 0.0496200475025002 0.265590303935615 0.0502596665923864
-0.0571789639771471 0.0663953016778785 0.375964276751262 -0.113999811097644
-0.0209805278341669 0.0852740410087181 0.383463043289302 -0.234911217431723
-0.0160065448153327 0.0898471516670363 0.379497728614895 -0.286155657583021
-0.0328385031411002 0.101973787921088 0.381864239137679 -0.283523924742218
-0.0787303992030106 0.078830588041777 0.372179740343972 -0.196849035348892
-0.116909038853991 0.0531074999564179 0.299302695475276 -0.0662671737711099
-0.168556402779092 -0.0318927547876318 0.112128678330123 -0.0583083301656628
-0.0917454118259287 -0.136209049352714 0.0323194028874241 -0.22269991736814
0.0476093226909157 -0.130207152503989 0.0499796886979516 -0.449964622686237
0.0969991283372962 -0.085133106843341 0.256812794898911 -0.636925716441637
0.113973167117045 -0.356923131453517 0.0275960197238601 -0.449157999829836
0.0461455143718977 -0.361633798905052 -0.0667799199543379 -0.304969224549995
-0.162174931736781 -0.336726097633499 0.0153706228825414 -0.0535677846860824
-0.301761207851071 -0.179385498129263 0.0684133322950327 0.0779955874745061
-0.286626057741027 -0.00465246390299229 0.251590989612844 0.0796464387843751
-0.242706016734836 0.104188347487766 0.362429165242653 -0.0711412944770344
-0.17864856762732 0.194328534949354 0.354280655921241 -0.182705707769806
-0.142886703222374 0.20538283139523 0.334684604355738 -0.228122568503173
-0.165389865380921 0.230336735488564 0.325142156980658 -0.233315097125607
-0.255444842883849 0.159195332655421 0.314775719072342 -0.159704283625268
-0.304634243363733 0.0696234255282924 0.245847119200632 -0.0403828655754545
-0.378144852150547 -0.095469301928058 0.0548451471369726 -0.0424910296410833
-0.267891211853939 -0.299594182625087 -0.0252489811830887 -0.215882387630922
-0.0213563496576537 -0.383980269851406 -0.0174938736629037 -0.425372698754988
0.107754205161449 -0.379735679875893 0.161439930359049 -0.572674555638139
0.125662576371327 -0.540375290810119 0.00433567189137688 -0.29322950702464
0.0553704123203918 -0.553472923958875 -0.0461300417462232 -0.218659254683067
-0.225558643425388 -0.532075603166089 0.0364058820468174 -0.0352818448273588
-0.446900505350905 -0.332174940021517 0.0603685872412352 0.0830560748910528
-0.463663074608195 -0.0727697595906103 0.203036933653664 0.0810666094455828
-0.410897559238499 0.120091013723612 0.289777567902482 -0.0312503109403314
-0.319806896297957 0.273904037771492 0.264899203373797 -0.110356597437617
-0.247520066969894 0.291531581490182 0.237321833643877 -0.13390914647421
-0.263277127157269 0.330217113556547 0.223097602068172 -0.142916662777713
-0.382457349733438 0.235185898574148 0.217342738681514 -0.0892263591848185
-0.446794263523288 0.10676079675047 0.164429681292339 0.00157965201866123
-0.55088149476046 -0.111824885791272 0.000123975711483233 -0.00796020438203519
-0.43275055848632 -0.397867690670989 -0.0703534110820279 -0.168333843049003
-0.11583409860504 -0.567703573963082 -0.0615894247662975 -0.33103242284112
0.0795661479901012 -0.613988359654722 0.0731585593008104 -0.415699425042348
0.11482802100133 -0.65325298874352 -0.0547148836221938 -0.0853752208380124
0.0399445953740463 -0.68634158649705 -0.0468728494992686 -0.0765906956023739
-0.28609339028861 -0.665129578248566 0.0532569320957576 0.00468670624256459
-0.555242932643588 -0.435821411523154 0.0455426324493619 0.0749512899796585
-0.588373357783631 -0.122414715024451 0.114411940915575 0.0598621513867321
-0.523694621243534 0.122077785907423 0.158870684197688 0.00664103928315873
-0.41236331291161 0.315976642810722 0.126199933639166 -0.022290977186284
-0.312540888731643 0.333696561156894 0.1052873998383 -0.0191563261278939
-0.317827428945663 0.379210797425193 0.098339240948001 -0.0286073034771231
-0.448981896826359 0.276214965114487 0.10055750627406 0.00581619138130572
-0.5209848077562 0.127903481844322 0.0684473854825313 0.0591903795507038
-0.636557410455295 -0.109238143271299 -0.0478884890631022 0.0373205763112224
-0.531879067698577 -0.426407101410559 -0.0863619240493063 -0.0950436139751963
-0.195391539565136 -0.65285257343409 -0.0620110624031955 -0.190513247629705
0.0355524272138187 -0.745408589866444 0.0121595606133695 -0.195491626534899
0.0777019514369364 -0.676918041373623 -0.132988849717731 0.148557008647336
-0.00126790315167229 -0.715961738858331 -0.0641014884361678 0.100773372947701
-0.317514159344161 -0.686325227876173 0.0509663000299152 0.0596567880595825
-0.58115131430412 -0.451524460199283 0.012552532479889 0.0596363410752177
-0.613362368577552 -0.140040631392945 -0.00781379160307266 0.0330520700862868
-0.54942558130789 0.112407419575946 -0.0100408013738557 0.0476928792993228
-0.437826283872995 0.310854231348195 -0.0376852042479866 0.0723464551819549
-0.332378623763764 0.3257026675097 -0.0407072732572816 0.0992101189384019
-0.331813644063814 0.36390276305666 -0.0347196602632083 0.0899954709873304
-0.453511376753369 0.258708429974158 -0.0228319230155746 0.104073532602917
-0.514587961073406 0.106217639479129 -0.0334081554258605 0.113521499487811
-0.608635624805683 -0.12057717680693 -0.0868236018058909 0.07500309321322
-0.515146694101783 -0.407380678543113 -0.0803928248383316 -0.02135033681141
-0.211604095317628 -0.632963400785058 -0.0259658206427633 -0.0396720763125783
-0.00121425633376875 -0.753528539381391 -0.0182612540846137 0.0430357489310097
0.0220437986776599 -0.589601388486984 -0.209517929072069 0.369551862964058
-0.0525145906942882 -0.608909395399223 -0.0833024512554228 0.274014599138387
-0.295950414950633 -0.566985844407288 0.0282470586810875 0.114755159283453
-0.491796385731665 -0.367987843186364 -0.0344114280574687 0.0468892186379249
-0.517123393149625 -0.125006158290849 -0.134954982178235 0.0149549175265555
-0.472857257232197 0.0864138310926444 -0.180472282994751 0.0911923751686914
-0.386669889018949 0.261459720480674 -0.196721677907137 0.161935026992719
-0.300775233355533 0.267677297251433 -0.181725230136734 0.20324875198297
-0.305073148218473 0.290002419590941 -0.163716271465672 0.187678377264521
-0.40062893422781 0.187789752834979 -0.141691536487101 0.17373243022
-0.433170637238497 0.0414459239677183 -0.131097635369575 0.134606738781036
-0.470097409983044 -0.143801069184977 -0.117185289554506 0.0816274759107502
-0.391900157300042 -0.345514021605242 -0.0637489600576767 0.0318288329015228
-0.167167335688193 -0.517518842226728 0.0224200407846865 0.0904704108601583
-0.0235432675375711 -0.644051475630215 -0.0298706845232709 0.259776000857267
-0.0403497176308378 -0.405116374639238 -0.262373000500343 0.537579578613437
-0.0883395725049171 -0.384754642549739 -0.0911343153964762 0.407298105947485
-0.211802445188289 -0.339877311637961 -0.00164008102914224 0.160699770119266
-0.302712727498532 -0.219101383528443 -0.0750631015299427 0.0423549806533863
-0.322719213699976 -0.091379089032551 -0.232266894063559 0.0121215427275569
-0.314437033791058 0.0463555302147851 -0.31212436869271 0.133861695737543
-0.273263478702456 0.167850855928001 -0.319065749753877 0.233783077290648
-0.22509655089504 0.169231700389591 -0.295744557191032 0.275675312382313
-0.237068285212255 0.174407885620442 -0.275992996943008 0.246106421059856
-0.295955206505222 0.0895879695127411 -0.248168962336054 0.192614100464457
-0.294254551464368 -0.0293015321843905 -0.211963966948916 0.107083255301751
-0.270189898997313 -0.147774633149624 -0.133936234313864 0.0524178045580354
-0.21327269310138 -0.238120714089497 -0.0469229392335155 0.0576730346517795
-0.0981057340748346 -0.331910172566912 0.0597082962163777 0.183082314448783
-0.040256282383681 -0.442362313959286 -0.0334743795709634 0.423114048782375
-0.0860354539373927 -0.153681068868013 -0.280715401181571 0.625583707165782
-0.0891736169064222 -0.102962006973785 -0.0751413727313235 0.485142218737915
-0.0762350973222278 -0.0769427910301546 -0.0166024575187527 0.194386471296095
-0.0652279368481506 -0.0608370023480156 -0.0904957448512995 0.0439594646606682
-0.0871305137247374 -0.059874907575373 -0.2794576172862 0.0225316857895515
-0.115311478205495 -0.0111749122876653 -0.379750019530966 0.169286726577517
-0.123601580089094 0.0431125624383659 -0.383824474678745 0.276409914059555
-0.115036740726745 0.0451352727231197 -0.365256973736666 0.306243825851222
-0.128702512564669 0.0431809900250923 -0.356088734231198 0.258650402558329
-0.145220568061724 -0.000196529565115899 -0.32654006482487 0.162494716147075
-0.121029072621777 -0.06399504929634 -0.263153877760774 0.0408142637364116
-0.0618943962150218 -0.0951606050519055 -0.129625472699626 0.000563724565603008
-0.0484528695575604 -0.0832378854672146 -0.0284141666992957 0.0649283917539063
-0.0532449880645277 -0.110087028876384 0.0784532641292168 0.239209143629441
-0.0663599587032548 -0.191884912538072 -0.0319076480036472 0.516755973742775
0.0905669425987718 -0.134915761752199 -0.0309081214562843 -0.537792981429722
0.0346560335544327 -0.146149446993599 -0.1295282700184 -0.324274581516626
-0.0884923797641435 -0.120517437245262 -0.00780714851178222 -0.056828593787292
-0.138386800731036 -0.0195191551046371 0.0802916368045148 0.0492988110709392
-0.0882844596881107 0.0581608003852522 0.271300273748998 0.0294273222762311
-0.0515664431248588 0.0723695874102055 0.367062015553072 -0.142919436132682
-0.0151278341648706 0.0861482615331631 0.367169778585278 -0.265726165090214
-0.00929423763615633 0.0903342337009354 0.360800912631167 -0.318186426736409
-0.024522485064137 0.103759734779802 0.361405093497621 -0.31409182538579
-0.0735305241537377 0.0850710211599723 0.358171221534558 -0.225896963263967
-0.112920244497965 0.062903235611762 0.295203204404865 -0.0903008997021655
-0.170318200295016 -0.01915061589763 0.108129797649708 -0.067978315872115
-0.101152793377633 -0.130598000912159 0.0133223163727676 -0.225784549232434
0.0378077558917698 -0.133399465991793 0.016384920623277 -0.451232309353993
0.088909608099756 -0.0914261491365029 0.211611679252714 -0.65216528030779
0.0873768005489961 -0.361555295261642 -0.00265401529521688 -0.453349352360174
0.02172598390651 -0.361942856775061 -0.091192845673315 -0.298683658295382
-0.18817015354913 -0.32069692519378 0.0112330024792079 -0.0581192937216844
-0.315782589455725 -0.153369088622399 0.0752352023775378 0.0711456823162467
-0.288039385143802 0.0189910296892501 0.260443595887152 0.0585149783518552
-0.233811716748302 0.125083477394531 0.357267319763861 -0.102320806333355
-0.164136359229425 0.208012063489117 0.344500244172605 -0.210998959144374
-0.126993180343777 0.2151923020457 0.320784122264365 -0.254853672520253
-0.145826648843279 0.243013227787223 0.307979834085427 -0.259029963279057
-0.24372815911309 0.180004671259548 0.302843248777001 -0.183021269627987
-0.300152404030085 0.094777455558692 0.244588600509291 -0.0606102269625015
-0.385762355178247 -0.0639433153490287 0.0520947185636435 -0.0485311876129129
-0.292234752016816 -0.279512144527387 -0.0438064747175701 -0.214160603704928
-0.0509346755672524 -0.382393162821373 -0.0500727643467655 -0.42246765824547
0.0749061976036804 -0.386045073796284 0.119368556419934 -0.582593667187717
0.0858247931883638 -0.545424500095084 -0.0140643306028849 -0.29609811997383
0.0158459932399824 -0.554362292303735 -0.0631392512357609 -0.215265864780857
-0.268840264039429 -0.5093611856811 0.0352626289743904 -0.0421812304110679
-0.472202128739667 -0.293412570801957 0.0681657596344832 0.0765998461097443
-0.471948107324301 -0.0339936172964117 0.213228967738016 0.062653046722412
-0.401025553050132 0.154427837317303 0.287701976191744 -0.0586972204573146
-0.299273052131606 0.297656695893807 0.261676919551132 -0.130285229952918
-0.224429491577383 0.309296916141169 0.230134018844809 -0.152677753430343
-0.235154452200992 0.350270397248967 0.213522086636873 -0.160331094385683
-0.365195630276693 0.266338454002353 0.211802759217776 -0.104746074639236
-0.440557848900836 0.144008794149748 0.168413876911674 -0.0119709317672356
-0.559534194422871 -0.0653219778215376 -0.000659264227575881 -0.00972702429919413
-0.467195961152894 -0.363464395153912 -0.0839552441874787 -0.162591564253669
-0.163003788152263 -0.559931861577644 -0.0862734609740224 -0.326031085748615
0.0274598172508704 -0.617833580293074 0.0453419509330512 -0.417953912802923
0.0691262816773398 -0.65881585221748 -0.0570956876151087 -0.0844852284948741
-0.0107663088693424 -0.688279911610449 -0.0520209310087033 -0.0726061656551545
-0.338997048188129 -0.638445470204884 0.0556448843052001 -0.00264907536767227
-0.591401893119236 -0.38820931345649 0.0532598354100814 0.0691674528871059
-0.602238558716852 -0.0749952091695275 0.122842328542319 0.0480700982903158
-0.51450511708858 0.16490190686958 0.160116849276718 -0.0114601354416753
-0.387151593234894 0.346236011967348 0.129842039509855 -0.0307844557588084
-0.287061887854722 0.356042665899598 0.106718095101493 -0.0272307553325522
-0.2855727280737 0.403316966261541 0.0966029721863464 -0.0360124798586043
-0.42631067078813 0.312194631638705 0.102505412287184 -0.00016076475541389
-0.513343778793381 0.171486630457635 0.0769748058402991 0.05223770779179
-0.648221864512765 -0.0557504547058317 -0.0451609166543152 0.0394083621245557
-0.567963979515875 -0.385238272381599 -0.0943728179827107 -0.0882874981395022
-0.245382070617609 -0.638158594348132 -0.0771080801289159 -0.187248696470597
-0.0294815860156312 -0.745298139647986 0.000442913488217398 -0.193148064558817
0.032002210124565 -0.679142605765338 -0.118766768529938 0.155175947478246
-0.0533094677357764 -0.715199111299213 -0.0549220374478258 0.105836814633993
-0.373833343636964 -0.659111497136864 0.0578540841803123 0.0536132914093855
-0.619682817262348 -0.403770235387994 0.0194422379151456 0.0576369113551932
-0.629975684611236 -0.0910259975913099 -0.00237599720140907 0.0305472142932718
-0.540944404180953 0.156625456280419 -0.00602568490737679 0.0426357324432855
-0.413122867081676 0.344393334870958 -0.0274737011867885 0.0778655644943046
-0.306217084563627 0.350118920882441 -0.0322279277784654 0.103680584531324
-0.300053292946437 0.389576429537662 -0.0285480876162262 0.0930482867822816
-0.433055955301966 0.295397841906505 -0.0133203240947843 0.107410771082585
-0.508809177959563 0.14970656858241 -0.0203996935169668 0.114023238193243
-0.619225791353108 -0.068936891660682 -0.0816444406490446 0.0801528399093481
-0.550870450883148 -0.365592047550663 -0.0816307402150713 -0.0145992445364208
-0.26085084615507 -0.614193045209293 -0.0291942542288226 -0.0392510281506151
-0.0664356101005107 -0.74854890482504 -0.0121807453616479 0.0478191972641074
-0.0174609951364582 -0.590276492820119 -0.180281802054828 0.381129885478706
-0.0972473630797246 -0.606367979555804 -0.0606754730238836 0.280359398395717
-0.344804173621226 -0.543869933555595 0.0398335761572439 0.111175146734535
-0.524487828106007 -0.329291651947324 -0.0289235502149582 0.0490112951428848
-0.534162662134492 -0.0832763082962237 -0.131952611161663 0.0224202347076816
-0.467178885302453 0.125381812959126 -0.173280532474504 0.100739419353319
-0.365412996969401 0.290697630440295 -0.180819878684066 0.180035156324902
-0.279165351020563 0.289957367458073 -0.166526085375021 0.218990845249117
-0.279721384933678 0.312387131761378 -0.151121213269969 0.200991502794789
-0.385947861377788 0.220850209290025 -0.127629540194474 0.185520335612351
-0.432087733792269 0.0776946559480021 -0.117866070947077 0.143357729673163
-0.482841764158331 -0.104585768148575 -0.110455681975198 0.0896600424450825
-0.421998853934012 -0.313219512315388 -0.0602814946967681 0.0369825837598381
-0.209192752992313 -0.503315845043889 0.0287699124025599 0.0869421352451941
-0.0791076133211491 -0.638546370841263 -0.00784317386025632 0.26471475172088
-0.0667608046429316 -0.403782077522486 -0.222691569432248 0.555128261314131
-0.119257247488876 -0.380464684710659 -0.0579102431048451 0.413092984572626
-0.242470111573649 -0.324307377982719 0.0128175974858204 0.159887902871521
-0.323841969888505 -0.194494405948591 -0.0705381329839435 0.0476991270405293
-0.334811017393388 -0.0652785679124917 -0.231107905129962 0.0284214315557813
-0.313077874027347 0.0712412771074655 -0.30195232298225 0.156107836251441
-0.258582243759527 0.189361738799428 -0.299535076915851 0.261871198021134
-0.211390215680878 0.185979992140886 -0.27568246774578 0.301704221157744
-0.221782608104696 0.192844387680103 -0.259675258536084 0.268271885259549
-0.287986157056413 0.114117536533243 -0.233376717508211 0.212171987386384
-0.29805977334051 -0.00424400355276815 -0.201451902290123 0.123165495014153
-0.282089967766059 -0.124976360228082 -0.129267551317189 0.0618158561258358
-0.234175650824611 -0.218749893837652 -0.0406014663960985 0.0611961348916195
-0.125424293679995 -0.323715696277375 0.0735338062704811 0.17566189699885
-0.0782890355501815 -0.436737499740367 -0.00171060428800029 0.428395642562904
-0.0952350613109065 -0.148982066717415 -0.23585819400408 0.644931615786097
-0.0975081069470568 -0.0984932471869317 -0.037375109392719 0.489334536941142
-0.0857184511393425 -0.0728405078081964 -0.000768790962293832 0.196247350007686
-0.0722922809585606 -0.0561179714222569 -0.0873996230769092 0.0503660876943949
-0.094727974481406 -0.0543577961508956 -0.279963181126681 0.0433201584879114
-0.117920359599644 -0.00257861667932418 -0.368216982078022 0.198345634773517
-0.119140622913607 0.0526391097143461 -0.362531588821516 0.309654477298575
-0.11153209000968 0.0544949317017363 -0.343579192326103 0.338541187241382
-0.124282351282088 0.0537041679679278 -0.338555494269196 0.287888123125586
-0.144529740668925 0.0126901537010351 -0.315226500059853 0.187990653637595
-0.126902055791194 -0.0534551810796399 -0.259266859848638 0.0611910937464086
-0.070242342617724 -0.088581113260079 -0.128505077373583 0.0106349542077186
-0.0575573826564225 -0.077233429987274 -0.0216393231643613 0.0676191980435032
-0.062679791493223 -0.106459623998763 0.0952883210863601 0.230550901817252
-0.0826775078134931 -0.186344629910393 0.00769190263819202 0.521235569462516
0.0771428608448403 -0.133293376668499 -0.0613916915158917 -0.517519942349829
0.0267710216696156 -0.140778953447398 -0.146958815946091 -0.301793607627984
-0.0904318109960814 -0.108170409950115 -0.0123657331271425 -0.0565701454365579
-0.133416568067779 -0.00813092342952255 0.0807353342686874 0.0411175801149345
-0.0795404761997904 0.0625599913016076 0.264906620045068 0.00958310111266377
-0.0435622446442456 0.0745867891668321 0.343814890119864 -0.163195554342517
-0.0100200815375536 0.0839219169542342 0.337629569321862 -0.282798985175651
-0.00297890608505713 0.0869405499821061 0.330626138802285 -0.334696990218429
-0.0158794297344315 0.101332689173967 0.329952156965635 -0.327315252925806
-0.0657769035508864 0.087015974080974 0.330152554956457 -0.240809419749584
-0.105080980555961 0.0686522260539932 0.278879976177815 -0.108781957878325
-0.164447748183223 -0.00783540718488691 0.0989268791873011 -0.073801052325332
-0.105904957362154 -0.12012940612748 -0.00349038097184571 -0.218139994102293
0.0281286481914764 -0.130790750714341 -0.0124468987254082 -0.433775250369939
0.0782641328675578 -0.0921398429173525 0.163109691349272 -0.641025801991543
0.0609982800887609 -0.351144277338951 -0.0287229327575642 -0.438846970667501
0.000979279434577349 -0.347400229932153 -0.108051902327381 -0.280489262025808
-0.200693419513264 -0.292839652941189 0.00581385669893894 -0.0600623891905524
-0.313572150465967 -0.124748536776198 0.0768291064409426 0.0621322682579912
-0.276126512094423 0.0392205134837626 0.257382417789545 0.0370656246966039
-0.2160279295581 0.137513839349216 0.336392156078842 -0.125064281759353
-0.144946190412851 0.21080457226811 0.32080730896732 -0.227345488750051
-0.10826554938746 0.215328634177826 0.295780064229239 -0.270762791909411
-0.123022899923677 0.242985212512782 0.28101945940974 -0.27068152573624
-0.223307919761926 0.191994378638208 0.281061942913881 -0.196028277305354
-0.28505764931564 0.11358090250378 0.233745592499586 -0.0770260298058135
-0.375642065058118 -0.0356984901549097 0.045732461090468 -0.0512970017112173
-0.301846856547803 -0.250476155750342 -0.0575294375849283 -0.203388376531503
-0.0748396879834824 -0.364583260397223 -0.0741688462335068 -0.403070908341735
0.0435211214934716 -0.372959261489915 0.0813086028843214 -0.565346663768509
0.0507571665319834 -0.527776545561705 -0.0291530455035919 -0.288622834794329
-0.018049828153222 -0.532337835472298 -0.0740083257607798 -0.201689871281556
-0.292611761683727 -0.468905129660751 0.0313795258563725 -0.0466042724312793
-0.475532371301927 -0.247895672508691 0.0715552926804828 0.0678668086544056
-0.459481949472195 0.000801024237467685 0.21192974501406 0.043232193185884
-0.375556947002632 0.177332567308105 0.272225230404941 -0.0803764427247717
-0.267587647844531 0.307544904921072 0.247531843887146 -0.143937665564541
-0.197412991714885 0.311767070419373 0.215156746108409 -0.163929380452683
-0.199899656734102 0.351928222816131 0.196020330934448 -0.169399929744039
-0.33451728612527 0.284019318119019 0.199087450706199 -0.114227660206379
-0.417130750714102 0.171117655188904 0.164731305952042 -0.0255902206365091
-0.544614897716058 -0.0256712904995092 -0.00310338873605233 -0.0105221162163202
-0.476510043115168 -0.317694487234903 -0.0920912825451548 -0.150819523106093
-0.194351398504641 -0.527297370746035 -0.104124050157918 -0.308891821085581
-0.0183313362519803 -0.591221870642582 0.020639748456177 -0.401868973734428
0.0258437519007983 -0.638120996015614 -0.0568301800765457 -0.0818142092282224
-0.0534655917855963 -0.65947559347628 -0.0530235277049496 -0.0660828812073378
-0.372021962987038 -0.588499416886566 0.0546695492759372 -0.0095765402088471
-0.597299374701041 -0.331825853765033 0.0577198892649985 0.0618689402859996
-0.587870474751464 -0.0273681925505652 0.123306283185487 0.0348771571759367
-0.485741145701082 0.196993343722517 0.152389416385965 -0.0266721919770865
-0.349706729285238 0.358888263821794 0.128282977820213 -0.0377230534935947
-0.253311302052462 0.361455754712897 0.1034251531427 -0.0335289294638269
-0.24564689230733 0.406019879595922 0.0909233353254607 -0.0406906483105463
-0.390688693690916 0.332348448469349 0.100613228917741 -0.00626503014406711
-0.485190226363595 0.201761211728414 0.0807765175700725 0.0427581733936547
-0.626281912112887 -0.00905307827945464 -0.0423954789579002 0.0397366043801076
-0.576628444524973 -0.329561784078034 -0.0964877921565754 -0.0783659036912179
-0.281622294632489 -0.597038276517474 -0.0858396382468388 -0.175944283519225
-0.0815378226915295 -0.707746919153921 -0.00847067686287114 -0.183527514560044
-0.00908220206927627 -0.655771808299348 -0.101647322927205 0.152723837821531
-0.0963214970848814 -0.685585644683447 -0.0438307759917389 0.105222051158842
-0.407800050108517 -0.607125046180339 0.0618254387280919 0.0448049363526854
-0.626816662434888 -0.342802129293943 0.0241543564400442 0.0527711632552258
-0.618131899771318 -0.0416908453308133 0.0017308909151805 0.0261338521534425
-0.51244747970861 0.18927411711865 -0.00398996771465259 0.0364009980558416
-0.372788221187953 0.359611589530893 -0.0161814037470265 0.077725548983015
-0.272121790208424 0.356101283737119 -0.0222645568134504 0.103295879998121
-0.260851160217527 0.393124803576424 -0.0216552269894876 0.0923982793347692
-0.396843750954056 0.31636060600856 -0.00360255888937011 0.105122998146859
-0.482674470272882 0.180685220161309 -0.00892730382536955 0.109654573593652
-0.599629252731218 -0.0237148612284062 -0.0742987174605004 0.081244143090102
-0.557284829837037 -0.313055641974227 -0.0786235412759663 -0.00911375622598071
-0.294868730443645 -0.57340056318311 -0.0301702295881783 -0.0371910863059131
-0.11823147700317 -0.709025498549457 -0.0050742687080333 0.0492342190434851
-0.0504665559574129 -0.568688752125782 -0.147466130085838 0.37521099167337
-0.13313982791341 -0.577622290933226 -0.0378972563643617 0.27262092453033
-0.372500565223174 -0.498877106639644 0.048277153840975 0.102641171206945
-0.531745199681219 -0.279909014285703 -0.0228512481509742 0.0481920554982098
-0.525143270262145 -0.0425224394529241 -0.12544439513231 0.0283815174299172
-0.444293258868973 0.153869407185185 -0.161357157999949 0.104431671498382
-0.332120026331802 0.304130384039386 -0.157938655304376 0.187367353980014
-0.251553714776015 0.296767196127454 -0.145005094493818 0.225072509284747
-0.245985519699875 0.318540683225611 -0.133739702345066 0.205040476979378
-0.356476362180854 0.239696430572402 -0.109149227505105 0.187894612094964
-0.412910001634084 0.105901282942045 -0.100227130580729 0.144306247192896
-0.470899407417697 -0.0662376966817828 -0.101677363675791 0.0925849190878976
-0.429858136717499 -0.269905204097366 -0.0544703277815463 0.0391501745487242
-0.235373704327139 -0.469713208933852 0.033067818398211 0.0796336648048895
-0.12152559561481 -0.602321501507611 0.0117128896705798 0.257628500540695
-0.087486000911389 -0.387361717866613 -0.178397738437619 0.546719852977805
-0.140210413767115 -0.361334443721062 -0.0265840611085823 0.401198813748285
-0.260025784410995 -0.29545231945267 0.0252196100839953 0.152313553992527
-0.328749145895111 -0.165753565663693 -0.0634199719599439 0.0505223008704253
-0.332169725278189 -0.0386464010252175 -0.221519049840395 0.0416071407758655
-0.299003372260644 0.0909973091225447 -0.282804024741641 0.16835428934246
-0.236706155103094 0.199059827151602 -0.269562533511816 0.274325985791062
-0.192310830653706 0.193422587582853 -0.246793450001719 0.312845543231189
-0.199430616812295 0.200256083330261 -0.233620662792257 0.277764791120713
-0.270281513585488 0.130200833543935 -0.210375522629033 0.220711185984182
-0.288623152186837 0.0180393243463618 -0.1842918995746 0.130464591253876
-0.280122283556033 -0.0993364527616852 -0.120769870370074 0.0671335478279955
-0.24189783465804 -0.192260227777163 -0.0333838790183326 0.0612539369024475
-0.143822563167487 -0.302830128674382 0.0813630129263086 0.162321190069299
-0.106628198490773 -0.412009348212706 0.0279121158899311 0.414399650266862
-0.0985339377053037 -0.140324159963079 -0.187483197843421 0.63648008617291
-0.101812118318242 -0.0904473279166755 -0.00330267230177302 0.472450582347438
-0.0911243417660213 -0.0649443769178879 0.0142835443264366 0.18948408836569
-0.075594629531285 -0.0494414779824155 -0.0802542054592549 0.0540242592369246
-0.0981103321656681 -0.0454356437221375 -0.268905396456724 0.0599110923628778
-0.116029073715432 0.0055690242805473 -0.342208547723554 0.215205389578119
-0.110571142984608 0.058523427153986 -0.32916555150771 0.325297127026285
-0.103984168078011 0.0603800362324134 -0.310029638982212 0.353036230916347
-0.115071952859437 0.0606034492514247 -0.308865603813893 0.302339012465708
-0.13777372784382 0.0226194602915933 -0.291520360339051 0.202727495387765
-0.126171722631113 -0.0417236635031354 -0.244898018627903 0.0757652844083193
-0.0736900450818137 -0.0789504648777407 -0.123157383589409 0.0186930079782284
-0.062299257102954 -0.0680945299207398 -0.0145549951192219 0.0663965726403189
-0.0687280661248605 -0.0992014149302046 0.104794147114274 0.213766533517284
-0.093590976016618 -0.173778452908289 0.0402521718149832 0.505769743286562
0.0460675848880919 -0.137489606155509 -0.142632667552199 -0.479217456047179
0.00236710746890699 -0.131589308856823 -0.189832228139749 -0.263844232692145
-0.0959958762170786 -0.0865701889972331 -0.0274658235470619 -0.0605793126262412
-0.12073494162713 0.0112993197345261 0.0750537274536715 0.019951785569152
-0.0622413666867494 0.0632954041667309 0.248176681537686 -0.0325843827134527
-0.0315719337092046 0.0723747077098725 0.299537441580688 -0.207375624049304
-0.000367486451344308 0.076427849718838 0.280406833172217 -0.321465144770194
0.00666653640106412 0.0774192704114756 0.261704953301304 -0.371604876913878
-0.00277587590811077 0.0935947824521883 0.261509933773496 -0.369445745522708
-0.049612025448388 0.0887094530898672 0.271447413202873 -0.288296983169258
-0.0890900345415408 0.0744177964803188 0.245224758129082 -0.151828137881488
-0.15475589823008 0.0141279879835837 0.0838763860560852 -0.0867851944283522
-0.113254971520564 -0.101260132714878 -0.0410212720876595 -0.207085932909301
0.0102720463248871 -0.131190346769469 -0.0832249603791363 -0.40018724170963
0.06139795331603 -0.104988681976329 0.0608063246443881 -0.620528932149098
0.00761945401138515 -0.336512428596058 -0.096584530042545 -0.424492969103668
-0.0502121856874936 -0.318276331846367 -0.14762008385373 -0.258604816604771
-0.223346778369712 -0.239410152675107 -0.0143677737261503 -0.0825406438072117
-0.302926766277451 -0.0665813389094501 0.0687825089775991 0.0261320983576241
-0.2474779190686 0.0714193578983829 0.231540017340217 -0.00861085043578603
-0.18370500013128 0.155244752550755 0.290356063043259 -0.168326542049504
-0.106025814167255 0.213625370666872 0.26480461264585 -0.264472950994993
-0.0767357568919418 0.211221999912212 0.237906128646197 -0.30478182979518
-0.0828969223498344 0.242101082297057 0.224850893411154 -0.310500561290253
-0.183721167142234 0.211101174161747 0.2325801988446 -0.241877839152243
-0.252401421917956 0.139747960859242 0.209608090423839 -0.115929063068827
-0.358568208585145 0.0173866512161025 0.0409026365845211 -0.0580498542191892
-0.312527730969704 -0.197674487719849 -0.0900585528289056 -0.187595564395251
-0.120957800994294 -0.334373241634562 -0.129554543367745 -0.360508429817546
-0.00901757958277593 -0.36232355385372 -0.00101196587445646 -0.539052394302636
-0.0232302609193495 -0.497422080164042 -0.0701155066842773 -0.292516987493977
-0.0930027743028643 -0.4862582523444 -0.101021479509004 -0.198364052377221
-0.331886337110098 -0.386896837178421 0.00958361204061579 -0.0879700061931057
-0.471004174868412 -0.153087190089832 0.0600383725983534 0.0178513907860048
-0.423652652475662 0.064640186667386 0.178247204703021 0.000108244520485555
-0.327271050450145 0.215284836577944 0.227604237399176 -0.114621470512586
-0.205702350794089 0.32220329089998 0.201437704555905 -0.170063469811741
-0.146646512993035 0.313986184884891 0.177041422964604 -0.191750876212237
-0.139480308699437 0.355372243882474 0.158835464176766 -0.201944482420631
-0.274132337135707 0.314872498771857 0.167581835983474 -0.153258311742178
-0.371175900521091 0.211085654364051 0.15473186530582 -0.0563138026217436
-0.517068130927963 0.0519778781176521 0.00496060944821633 -0.0129242779633829
-0.484840136824535 -0.23631956951094 -0.113603444048555 -0.135541391051644
-0.256270264345337 -0.467910063197389 -0.137403257663511 -0.269007537399259
-0.0963756990971859 -0.556226078660271 -0.0316232646078506 -0.375594185427367
-0.0551785530878245 -0.594652120753323 -0.0611882985930882 -0.100832982712282
-0.140747739429417 -0.599510521711566 -0.0572669079027223 -0.0796430050302496
-0.421951676770273 -0.4858209512957 0.0355753132015292 -0.0668418859986859
-0.596483714555937 -0.210617534847122 0.0425728946452263 0.00446119839605465
-0.547225604170675 0.0588180519771469 0.0853518013727431 0.00352372305519874
-0.426992477843991 0.249751309992705 0.116897671651681 -0.0448354975694998
-0.271903297565432 0.384316514026189 0.0981989881216397 -0.0498899474752421
-0.193670153439695 0.3691680067572 0.0900652933029352 -0.04909311678535
-0.173708252792621 0.413229131816489 0.0791383540964507 -0.0632280281999084
-0.320439057928567 0.369640294919434 0.0924566745240054 -0.0349247860943105
-0.43084838133331 0.249796076580534 0.0882468029194642 0.0218077094871937
-0.594320884108683 0.0793633557192056 -0.0228376420664218 0.0400602200807599
-0.579064032600899 -0.235603759901546 -0.105571705616795 -0.0680615962371012
-0.348093504097573 -0.518724267199469 -0.0960713480613127 -0.148703782645899
-0.171839474502179 -0.655400862559741 -0.0245991961958396 -0.167179075759072
-0.0872778572489803 -0.603711535105646 -0.0649199074105268 0.125390361478352
-0.184393129809242 -0.618861938074789 -0.0206129517475103 0.0785839717829971
-0.458199595168213 -0.497446388675312 0.0503563710126537 -0.018127107582861
-0.626400219130099 -0.216421275336113 0.00857000600978982 -0.000357053945850407
-0.57900716033084 0.0533011673250038 -0.033726226935388 0.0140928031799869
-0.453802227930377 0.249927429143667 -0.0233131502236457 0.0402259494779185
-0.293834345361398 0.388867523702773 -0.0240724816659447 0.0833508271328296
-0.210831860751009 0.369387462309169 -0.0080662497386002 0.101525725609655
-0.189514850727542 0.404765208093819 -0.00708313797292693 0.082893970587151
-0.329865442668551 0.356308303439315 0.0124535946492844 0.0886931434691472
-0.430787729207851 0.229755488291684 0.0146215537550965 0.0998061074379213
-0.570164518176624 0.0642949725640891 -0.0463580269583403 0.083975704597566
-0.558355374685445 -0.218336783874203 -0.0770079216423562 -0.00594093790915405
-0.356512394719687 -0.492322768422159 -0.0218593193397105 -0.0295268718680914
-0.204527444522533 -0.647880404832174 0.0125801959007105 0.0497744112847742
-0.112891914208589 -0.515987388041922 -0.0721255850249884 0.346128242612355
-0.201450625015218 -0.514255679584698 0.0117639399506004 0.239565060090031
-0.413163483007244 -0.403533398708638 0.0483162191534644 0.0467208621271992
-0.531046831868302 -0.171392920121779 -0.0335472157167054 0.0103897054112431
-0.492942329851672 0.0428320528576759 -0.148180849827878 0.0386733557550304
-0.395617481233027 0.20882834181568 -0.159135695331508 0.129394060566171
-0.261501690757073 0.33180669524315 -0.141649412005316 0.209740531177849
-0.197016468876285 0.311845074173463 -0.10573370185182 0.237286113026422
-0.185628100559282 0.334307924352118 -0.094497123057568 0.210810731844047
-0.302028076496004 0.279342146311841 -0.0732738475512655 0.18698062251799
-0.375340082744364 0.152592002974301 -0.067236199351712 0.150004753361723
-0.454612886310721 0.00551821905731277 -0.071618719849605 0.100635991751706
-0.433455996453173 -0.193711855256779 -0.0446352355193691 0.0367694509721303
-0.286958252182402 -0.401839564944529 0.0550200672708224 0.0680346584607414
-0.192517497625834 -0.544767700612895 0.0572740136740532 0.241972748134252
-0.122364109540225 -0.34088888945255 -0.0754642462447519 0.521336837254577
-0.174679783398169 -0.312926389186665 0.0408406060718883 0.366460321337752
-0.280887462058309 -0.23375104998898 0.0391487210643132 0.114099693045376
-0.328120192796558 -0.0968639608059806 -0.0646812121035971 0.0338055135870805
-0.314760389271101 0.0193542082465819 -0.224760813492206 0.0701294307778444
-0.26711609978915 0.131216196745935 -0.25678789841901 0.207588824777335
-0.187659056353419 0.221584967084181 -0.229618919054853 0.309382202668214
-0.154709463552728 0.208149184018685 -0.188193426888759 0.337278889243744
-0.157348332275644 0.216816683604276 -0.177663196557078 0.299282236617952
-0.235453344556988 0.163797482441662 -0.162330222300871 0.2379226998893
-0.269959716201459 0.054700603740002 -0.149003951680311 0.152222102064624
-0.279588495401709 -0.0527341201047984 -0.0967307362145374 0.0825720452042691
-0.249877998100765 -0.144953224195462 -0.0198646432683353 0.0570534206882429
-0.177339325906097 -0.258663644864147 0.10912468763071 0.137176013937833
-0.152912960170702 -0.366963434064226 0.0919417737201406 0.386203459156436
-0.102435142517044 -0.108869475149987 -0.0712834909241305 0.619763047290925
-0.100019226476439 -0.0679646203072032 0.07454802935517 0.441169466286079
-0.0928375489283685 -0.0449608139494536 0.0421318660164801 0.169691206240115
-0.0782847977010462 -0.0306081625563069 -0.069743663575657 0.057777166679532
-0.0995029141029505 -0.0209862923512694 -0.252064011057985 0.0982635838540494
-0.106196990433641 0.0260116338633576 -0.297269777147687 0.260033976980297
-0.090797990830626 0.0727842612315303 -0.271163043568009 0.364426053369578
-0.0882489261339927 0.0734503297375228 -0.240872602607955 0.386079448920842
-0.0968398729264272 0.0759704681519854 -0.246067570962445 0.338027280371871
-0.126075994545048 0.0437364987253642 -0.242676931779187 0.239151512296997
-0.124346363855921 -0.0205817393238239 -0.217996648622169 0.113494285061775
-0.0822360302441441 -0.0629325703378572 -0.110768707960907 0.0379241870091856
-0.0668761973725841 -0.0525182146874057 -0.000789223961440214 0.062742419552543
-0.0793283220639208 -0.0800388245894954 0.135803479195504 0.180847350018021
-0.10918743045236 -0.144183984631154 0.114957034374159 0.468899574790855
0.0447317794379397 -0.129307817525419 -0.128892905715072 -0.467348957934418
0.00690271548774681 -0.126635792942284 -0.180726492973404 -0.253547276154907
-0.0891532368589293 -0.0843917616949016 -0.0277549723706998 -0.059948836396361
-0.115473624477735 0.0098772082804541 0.071677838127925 0.0202142633828299
-0.0597048139357234 0.0602288944085756 0.241328421831556 -0.0297137868498196
-0.029424592397099 0.0697606171832532 0.28950574677353 -0.198251976201224
-0.0015592045024133 0.0742957862274064 0.274427992139905 -0.310151373411672
0.0050701779199899 0.0746386976194268 0.258194351253009 -0.361851839856215
-0.00344402724255748 0.089649382552359 0.256422904364767 -0.356496761654778
-0.0495231387457515 0.0861547136614237 0.265922900852073 -0.276165592565328
-0.0859592349304372 0.0711362496671609 0.237895229700874 -0.145503004553034
-0.149219131211142 0.011549395286542 0.0814119452068987 -0.0824337692723278
-0.109133261656825 -0.1002294434641 -0.0390571781246559 -0.199662292245089
0.0122099653647568 -0.125438832476729 -0.0746017601037684 -0.38625690622275
0.0606397313680518 -0.0993482742548931 0.0682840784410177 -0.597663277945701
0.00997708941967703 -0.322062842522138 -0.0861516464464238 -0.413387349902353
-0.0416288611998695 -0.307763828673035 -0.139245251747855 -0.248534908310137
-0.211197868329825 -0.231564454248858 -0.0144154734546062 -0.0812875653192515
-0.291799112391113 -0.0647233047797342 0.0665115201874184 0.0251427745914801
-0.240071903364151 0.068339590730215 0.225323485223531 -0.00856042172195045
-0.177462882603311 0.148863033565397 0.279689663681482 -0.161188314065409
-0.104240482636696 0.206344667155151 0.260021070972452 -0.255735759796149
-0.0765075375384289 0.2032125023324 0.235271873244398 -0.296651849855697
-0.0817649580263319 0.23134068281479 0.22069961216955 -0.299124062917222
-0.179531725459041 0.203773266814564 0.228510080597158 -0.231794935172394
-0.245831901602537 0.134429237655859 0.203807703616807 -0.111886680029077
-0.346889640450576 0.014132282499436 0.038669171563468 -0.0547247020436958
-0.301993789622909 -0.193475585800191 -0.0857688714451303 -0.181331923020856
-0.112368262839772 -0.321673366279924 -0.121153771206233 -0.350320688555466
-0.00430062430149284 -0.34671833692986 0.00703551660901316 -0.519538281631222
-0.0167885022279105 -0.47839857559469 -0.0619175698555771 -0.288423265335816
-0.0814823804467315 -0.470809416730707 -0.0944546455722267 -0.191156657710602
-0.315957475570763 -0.373746212322843 0.00939119982871224 -0.0869860520928283
-0.453199247029298 -0.148153735665927 0.0584480316881465 0.0169034807951146
-0.410431476829227 0.0623736189944063 0.173466537485187 -0.000653326066876989
-0.317302485822105 0.207313863776378 0.218649444451459 -0.110609854313567
-0.200746550316476 0.309455734313931 0.198554456868903 -0.164445091672976
-0.145253647882448 0.302402476041474 0.174747120250171 -0.186392524073104
-0.13669374604653 0.339683835918646 0.15636704540711 -0.194196099741317
-0.268508616285683 0.302959715535749 0.165823397187176 -0.146700401333114
-0.360516048953096 0.203249108850434 0.150889293188157 -0.0559219419307691
-0.499837589554972 0.046644180964794 0.00285907431971283 -0.0116001930922266
-0.469191684861386 -0.232022577377209 -0.108601387580986 -0.132351839206703
-0.242971596367918 -0.451720449360844 -0.12997063676612 -0.261012324589147
-0.0885719489150971 -0.533118296752828 -0.0238851448354403 -0.36218164816808
-0.0452068540087625 -0.572403339836776 -0.0559505352253904 -0.104244629608195
-0.127854990269375 -0.581139253567678 -0.0531171641683256 -0.0783528809716283
-0.403215554627112 -0.468588716999756 0.0353244328373251 -0.0668986111801835
-0.574261279819868 -0.203766882167307 0.041603097885211 0.00320872701245159
-0.530877399541695 0.0580617159096585 0.082950088604525 0.00191928953013151
-0.414737817850773 0.240394091580697 0.110764681700647 -0.0440750908120637
-0.265727143763568 0.367922332645547 0.0989836548038214 -0.0479920489734288
-0.190094134988849 0.35567662684647 0.0898691281477247 -0.0478838391163346
-0.169552931000321 0.394605651746618 0.0775456955979139 -0.0596138726748982
-0.313290283142132 0.355786222982795 0.0923630832307311 -0.0332491103681378
-0.417920663532812 0.24245168577122 0.0868724629845358 0.018206172873233
-0.573826400379555 0.0722065651755304 -0.0245760850894087 0.0396648271962831
-0.560117217132751 -0.228890741450846 -0.101597804225642 -0.0674710353396069
-0.3312059192548 -0.500735265001538 -0.091988461518556 -0.146016004805481
-0.160123230703913 -0.626360608242556 -0.0187034258107775 -0.160420617425746
-0.0768458876847089 -0.58591589725936 -0.0631703377523961 0.113926661488139
-0.170452338907877 -0.599152774906857 -0.0191341321486416 0.073591347812699
-0.441761232425279 -0.480360656554017 0.0503129351471617 -0.0202571035493982
-0.605148115653645 -0.209598658953247 0.00954300468163397 -0.00205017199547005
-0.563059358634041 0.0513886487368109 -0.0319670582431042 0.0119582720422396
-0.441667543376087 0.240419175503092 -0.0252425763471764 0.0367301900836082
-0.285691759466964 0.372755946045539 -0.0200825824479733 0.0804626498822536
-0.207789064490769 0.353930090599288 -0.00684334255188043 0.0983906399613306
-0.184382608346117 0.386127850010939 -0.00683775907036005 0.0813505206738879
-0.32064208853598 0.343399806671602 0.0135721876453732 0.0852462312880997
-0.419273360196938 0.221380133498452 0.0147967228266737 0.0937370812168263
-0.550510499708393 0.0573085360745003 -0.0473996427063402 0.0818667583620598
-0.539836001922563 -0.212316049766575 -0.0734308940529745 -0.00813690679776237
-0.341004831148325 -0.475827401887981 -0.0210950956996527 -0.0305179163185063
-0.191446237805038 -0.621700964321912 0.014633172356412 0.0493151815409912
-0.103346219800261 -0.502969978580712 -0.0738553331723203 0.328192326652348
-0.190250264483771 -0.501359122382416 0.0100509937058439 0.229227974535715
-0.398239409956227 -0.39214507970677 0.0485597803081155 0.0435080436375187
-0.514439949193101 -0.165486720204121 -0.030812928099767 0.00803232335009659
-0.479868538201884 0.0418770055529218 -0.143272084173195 0.0350532585805223
-0.383459492069758 0.201543914406509 -0.156901011499749 0.122304574332579
-0.25359601411136 0.318030950080379 -0.134582027009932 0.202318501436438
-0.193419347798653 0.300405176857096 -0.102592042172135 0.230628720635256
-0.180535170660838 0.318864570266676 -0.093457806923217 0.204669725527574
-0.293097360673807 0.267421971581802 -0.0709549487521343 0.179268564632155
-0.364719920877438 0.147276900011235 -0.0640896612265806 0.14107945349143
-0.438522964163572 0.00228849708144298 -0.0718267853070595 0.0965492886699761
-0.417625769514052 -0.187152026631967 -0.0423525828665121 0.0331166800353981
-0.274552280439729 -0.388521099497984 0.0515316429019791 0.0642221646105695
-0.182441342625126 -0.521975084953371 0.0550280171140445 0.235800289879087
-0.113812249914202 -0.333788127576575 -0.079541623680457 0.499384533242776
-0.167107616872645 -0.306866732928936 0.0369838575873268 0.352083277740823
-0.273740761270837 -0.225543868538989 0.0391349210761062 0.108961562315719
-0.319419707424776 -0.0933258346763913 -0.0608689704587768 0.0308234417475268
-0.306821731045035 0.0195657245390991 -0.219129107881985 0.0651006397014306
-0.260261925395197 0.127130940100194 -0.251259296163233 0.198244762340483
-0.182510512295831 0.212271388509661 -0.221306981016839 0.298884768721683
-0.151276315164472 0.20111874926237 -0.183093754571804 0.328164661858439
-0.15197959415227 0.207227781243938 -0.175244333603546 0.290510406375518
-0.227779303715967 0.157781060606274 -0.158150437122317 0.228120391552456
-0.261807609156099 0.0531622346436427 -0.14453448863287 0.143621283909535
-0.268815048626523 -0.0516121265174535 -0.0951606445235308 0.0783946510529281
-0.240821067328225 -0.138732970737842 -0.0181976423144187 0.0534873348272106
-0.170641685330172 -0.250459290462968 0.103346998078539 0.131467294531764
-0.145373843799978 -0.351695380458909 0.0867803529301043 0.376163337573033
-0.0968686831871761 -0.109591025129464 -0.0778934717900229 0.59590135390761
-0.0975326933500427 -0.0679783846511042 0.0680020800744185 0.424261070373255
-0.0928970340797658 -0.04306756355195 0.0412341147311345 0.163082466409143
-0.0769848581775896 -0.0285715961387269 -0.0674748829358412 0.0541526072400941
-0.0977361552864629 -0.0194189851726797 -0.245610999912919 0.0931247653937141
-0.104160061838103 0.0253690875921362 -0.290243746890837 0.248601224336581
-0.0875501712792792 0.0692287374035609 -0.264424836637879 0.351854189331867
-0.0852682017372563 0.0705640134178389 -0.235664041263787 0.375730117821021
-0.0930882810002293 0.0725681747961019 -0.240581764360365 0.328038593325119
-0.121283855830637 0.041916157478801 -0.23677914019254 0.229767755271547
-0.120400970807734 -0.0190349407818866 -0.210948893905209 0.106210455346895
-0.077987774764824 -0.0595601198615631 -0.107210616336023 0.0353531483276494
-0.0642576898271661 -0.0485899610215729 0.000685092832358384 0.0592040798755692
-0.0779294071846242 -0.0776214498491063 0.12822261032796 0.174307911002619
-0.104954088928505 -0.139228352325572 0.106687097292207 0.456204441145297
0.0476301335754565 -0.125720252839745 -0.114218550091625 -0.473751739547731
0.0126685999679754 -0.126951560440151 -0.173256294226128 -0.255838480170665
-0.0853480501046553 -0.0873042590381467 -0.0280338038700768 -0.0610669696654617
-0.114739351360477 0.00664704256331621 0.0706237537123069 0.0222514031766471
-0.0615269266306143 0.0583594730860464 0.243712540569087 -0.0240316048330259
-0.0304891215494953 0.069363329954393 0.295779885745725 -0.191394151368227
-0.0037884208217685 0.0746228303863247 0.282005450392248 -0.306943514117069
0.00280042349372467 0.0746059575370471 0.268927856255078 -0.360949518245993
-0.00672966890350753 0.0889459627752317 0.267592745921241 -0.352874128911634
-0.0530102226151691 0.0854266253021312 0.275474838353617 -0.270727185821894
-0.087909853271379 0.0693434727652836 0.241590116995413 -0.140885603150047
-0.150509169502189 0.0071874530684241 0.0833828577047161 -0.0801096590773148
-0.107883180709603 -0.103319861529874 -0.0350303948162553 -0.200642175334568
0.0178054900998055 -0.125511532009907 -0.0650067949102005 -0.387930891254016
0.0639597716642164 -0.0972901022652856 0.0855406421890347 -0.596316298303834
0.0186066807784483 -0.319486900535653 -0.0724140920887753 -0.421905984019127
-0.0308784532027622 -0.309757495914285 -0.132088989078631 -0.250324266866734
-0.204490687562308 -0.236346947788202 -0.0144441454319406 -0.0824747163178422
-0.289666763290056 -0.0709385644407997 0.0658279507377457 0.0266589171774434
-0.2431614539556 0.0641296679841003 0.228308047973028 -0.00324195088366666
-0.180882273798246 0.146423339643102 0.283764064352818 -0.15575389288649
-0.109827928854579 0.204391980149696 0.269043178932712 -0.251084628392213
-0.082606798532399 0.202621069577017 0.244948370709592 -0.296135209701435
-0.0884402948816208 0.228693552411917 0.230833020445421 -0.295578091721241
-0.186525859797346 0.20157523448187 0.237267053164943 -0.227278036533255
-0.250135309315316 0.130165688417183 0.207500183865501 -0.108802763244947
-0.348494029569809 0.0051436173404325 0.0388972092177205 -0.0532697314856477
-0.300334524926064 -0.200899574429309 -0.0815234741908687 -0.184253361671833
-0.103333209712353 -0.32530696321312 -0.112721264967747 -0.353165877788793
0.00458876385511919 -0.344688642992488 0.0239751773883093 -0.519401778473112
-0.00402648523517476 -0.478248192104265 -0.0522041391718133 -0.297144902427084
-0.0681028905083994 -0.474960464836866 -0.0883276083079798 -0.19339127267281
-0.306609914962392 -0.379989786621347 0.0109557543191826 -0.0887174685349245
-0.450489759153004 -0.156573666017416 0.0583809569136225 0.0172987857784142
-0.414512369047987 0.0549892603478533 0.175583410831095 0.00272391710507351
-0.322825630117201 0.202204760414328 0.219847162407277 -0.106295652928035
-0.208156454426711 0.305198294784303 0.205901434264807 -0.161315442566168
-0.154067753044901 0.300248158999034 0.181989017117732 -0.185140400822246
-0.146033359079698 0.335592634878687 0.163457794906308 -0.190843386321524
-0.276897609913701 0.29969606597889 0.173130315159114 -0.143917374055006
-0.367562043925381 0.197394513567414 0.154032548393613 -0.054937555230604
-0.503172688386639 0.0334949114188751 0.00191196513456243 -0.0101975693953323
-0.466968658565076 -0.242662746674963 -0.106199015835268 -0.135608715641701
-0.230777757723238 -0.458197657457872 -0.124086076852342 -0.265469654682522
-0.0735569210214225 -0.532212873182047 -0.0102427324804055 -0.362459694735551
-0.03041627985293 -0.576116396257464 -0.0517905103672837 -0.112644813237876
-0.111779894107592 -0.587662166997981 -0.0494250715059735 -0.0802490466457422
-0.392540987562769 -0.477543390609153 0.0376384821034642 -0.0685222901880841
-0.571023792621328 -0.213370638691852 0.0426698070422605 0.00344231378235346
-0.535690417812024 0.0479852379424434 0.0850773462679573 0.00295460839735392
-0.42124071406562 0.23411350038523 0.109630078238465 -0.0425237896237779
-0.274418979767867 0.362712575695582 0.1047230495782 -0.0464597337166477
-0.20067780137985 0.352462917269637 0.0940765240013565 -0.0472518834152808
-0.180254628615862 0.389128278857031 0.0804049652505299 -0.0569941110677432
-0.323400750180328 0.351307496858706 0.0962336704842838 -0.0317681180188209
-0.425919890246186 0.234990557955495 0.0873756162339693 0.0178340212486949
-0.577391118581362 0.0588103861970328 -0.0271378487558393 0.0405811233721714
-0.556936265371982 -0.240549943187088 -0.0999056820131234 -0.0719891226271672
-0.317912963135615 -0.510045015728658 -0.0883012918098264 -0.150126156653204
-0.142391051566009 -0.627792493936075 -0.0108914879661352 -0.160282932112515
-0.0610439319816762 -0.589358507845538 -0.0661349706859313 0.106651766018637
-0.155131575606766 -0.607675313279282 -0.019405095461836 0.0717538462515687
-0.433099330234803 -0.491026966160801 0.0529949963222801 -0.0215915321278851
-0.605062995805876 -0.220131313884076 0.0115978228133528 -0.00330392857725087
-0.567801312782824 0.0435598709785037 -0.0313207372583362 0.0102841037840264
-0.449244778082513 0.234748761098385 -0.0284600791812071 0.0349979494158849
-0.294770355171021 0.365432758069411 -0.0178031144492303 0.0801108247053549
-0.217912824052792 0.351617921953234 -0.00676956688919977 0.0990372328723005
-0.194433166123543 0.379622903456119 -0.00909979729127355 0.0836036415308055
-0.329882938565624 0.337878638795879 0.0140585325149037 0.0849625436718774
-0.42689325053912 0.215346906299047 0.0137100652927036 0.0909730543802153
-0.554867995051711 0.0442072939719275 -0.0512879698880711 0.0819855412909913
-0.536538971206845 -0.223313524859869 -0.0732954701033446 -0.0118154355021039
-0.327523074409209 -0.483368474114879 -0.0211505723110604 -0.0334061631349923
-0.17413973053571 -0.622653599433257 0.0162177402169499 0.0509237429194619
-0.0891235146952133 -0.508354488910178 -0.0836106533510945 0.322796493363947
-0.177389822486976 -0.510408506092318 0.00440315602832042 0.227717996198865
-0.393919483154757 -0.400523578120684 0.049392205932439 0.041928610597071
-0.514869633655017 -0.173970242399159 -0.0295672898564011 0.00568030269070628
-0.485545134596903 0.0358175113900736 -0.144557241617968 0.0307631938309166
-0.391776717852281 0.196525422839325 -0.162413318563277 0.11802623136649
-0.263041282977418 0.312070106302727 -0.136208239864995 0.200216793018277
-0.202088127947727 0.298194874471777 -0.106271449113262 0.230278631669955
-0.188261144413597 0.313549649566457 -0.0988808510974263 0.206217257685677
-0.300640539557664 0.26338718010494 -0.0737783540829204 0.177288103288669
-0.369924398149882 0.14158347371515 -0.0673673257202657 0.136589580363479
-0.440178514927682 -0.00759539576076627 -0.0759421191192439 0.0959692640857208
-0.415152050663172 -0.194663237610001 -0.042707385199781 0.0301142438577418
-0.265127836942475 -0.394818560688391 0.0490580857518031 0.0634971040760183
-0.168459193630991 -0.52403880754027 0.0515231145897868 0.239390388959114
-0.105451540069216 -0.341381853135293 -0.095776678167885 0.496093917261469
-0.160840911644171 -0.314114072193422 0.0266377261882152 0.35126890397972
-0.271885872435723 -0.231225070278026 0.0387064274367307 0.107618303985213
-0.320362725510694 -0.098090907013059 -0.061358922344108 0.0276987701726168
-0.310358312984219 0.015200190983596 -0.222723028825061 0.0597823304104763
-0.265980008806133 0.123917584418291 -0.258584875658371 0.192138600083157
-0.187374440320398 0.207122463313582 -0.226602581990484 0.295793366601472
-0.156842635341116 0.198718956051359 -0.189843398638186 0.327375993584404
-0.157134671510029 0.203535099719396 -0.183358071438758 0.289827411436903
-0.231781076468177 0.152981131268204 -0.16401459787317 0.224823387645907
-0.264023903909829 0.049485695969126 -0.148171844524974 0.138669215688331
-0.268294337273606 -0.0572230092874632 -0.0983349756733567 0.0756167759363287
-0.237760523046651 -0.141799802931262 -0.0192614043962226 0.0510704855415629
-0.165425060002096 -0.253864145358398 0.0992703064826982 0.132612533810553
-0.137229353541897 -0.353443391866503 0.0780449912602925 0.381302542277455
-0.0942288560519396 -0.115989132843442 -0.0954428584637206 0.596409897141844
-0.0976113739612522 -0.0718713155030738 0.0557152681795474 0.425010403411319
-0.0944556340192679 -0.0436209458737147 0.0386789312965922 0.162693446191003
-0.077878569040536 -0.0287206294149573 -0.0687566764808869 0.0511829158325111
-0.098367733555664 -0.0205737280252103 -0.250368599320807 0.0881982700436734
-0.106511295408988 0.0245744022558626 -0.298749359078107 0.242440561866286
-0.0890966547898051 0.0663922929422666 -0.272639663290484 0.349217492189084
-0.0867002563014653 0.0697093583522602 -0.244361412873718 0.375671242390908
-0.0941381250011998 0.0702718368847941 -0.249735490538607 0.324928088926635
-0.121542654120135 0.0395278346373122 -0.24326635926427 0.225062021944775
-0.119983590250701 -0.0205459535354454 -0.214270359705475 0.100186292474952
-0.076431300686273 -0.0606196790056957 -0.109010390652784 0.0323728378753376
-0.0629361829682028 -0.0475264162046159 -5.38429890838982E-05 0.0579666326287962
-0.0783073195459423 -0.0798361101024692 0.123400282083326 0.176906796789451
-0.10237952587319 -0.141222101673795 0.0968727902939022 0.46203041147407
0.0511965417476281 -0.127162525089785 -0.109188814392364 -0.500395675259955
0.0183747452191338 -0.132721462174117 -0.175232063779879 -0.266116645559897
-0.0859931302522656 -0.0933597733989163 -0.030627953952367 -0.0635583457345159
-0.119311272249847 0.00474277450740338 0.0732498085377181 0.0241267599104483
-0.0654272976929533 0.0599363652716545 0.256445690938559 -0.0237382009582107
-0.0315659143448691 0.0716558794546427 0.310817143003111 -0.196659850473508
-0.00514641602808803 0.0785090970457513 0.298812339679846 -0.318067439729264
0.00111831259805148 0.0776381737486456 0.28544007678183 -0.378299920348241
-0.00873386629965005 0.0922652317946141 0.285510084082746 -0.366388155672661
-0.0571277831458395 0.0897735398417807 0.292217952497754 -0.278982924366574
-0.0929382689775543 0.0710408339848303 0.254275621127648 -0.143264269995819
-0.157542967587525 0.00470742557640762 0.0877735458513125 -0.0812293731058611
-0.112125967258677 -0.110123751606324 -0.0347378025775963 -0.208371731737472
0.0226101118857961 -0.130615462521231 -0.0621795280731127 -0.403879940076668
0.0684766225539877 -0.100548240653166 0.100327408772193 -0.620226078025393
0.0248733451477358 -0.330286135120326 -0.0659927404889805 -0.445486657255655
-0.024775612046818 -0.324342068669329 -0.130779443001206 -0.260757961128173
-0.208563861948942 -0.248247111047062 -0.0146678997213274 -0.0866838087727766
-0.300075240949737 -0.0771665921839795 0.068211488209022 0.0289520551691772
-0.255491599461117 0.06434230394558 0.239937387734144 -0.00122800506351644
-0.189692774616376 0.151265406786112 0.29738421800782 -0.158700852993944
-0.117268940170271 0.211968837657322 0.285451801885273 -0.260360494029313
-0.0897866082546848 0.210406670273859 0.259886050518762 -0.310810656601445
-0.0955446030096597 0.235982679028745 0.246124403173074 -0.306769706397181
-0.19795755696328 0.209193977383301 0.253065824642877 -0.235131696156163
-0.263233683700979 0.133563713945248 0.21853456380058 -0.112233899855921
-0.364801505894666 0.000133182161369613 0.0404103667730816 -0.0537009872359309
-0.311811674309402 -0.213041804685543 -0.0831526479806612 -0.193229060345283
-0.100215372954974 -0.340491503345718 -0.11277347941757 -0.369612813873166
0.010420931943584 -0.358340262673877 0.0358866060848157 -0.539478839995791
0.00375240242082185 -0.496757659301692 -0.04861217279147 -0.316188899250992
-0.0615226653391446 -0.49670187512875 -0.0861084626123587 -0.201617860749859
-0.314902597738885 -0.397209564240044 0.0119495017731528 -0.094443912079916
-0.466912384073867 -0.166598530061453 0.0609743872982998 0.0186168982535823
-0.434423030748242 0.0554332227114026 0.185428188857913 0.00408284104420236
-0.338203970021 0.20889712163113 0.229707740991712 -0.10784617880074
-0.221356560575645 0.315489272423745 0.221020619735267 -0.167107722597221
-0.165789177779247 0.312024083234298 0.194944675082514 -0.195383569134334
-0.157563015158806 0.345114756415786 0.174974495823071 -0.197536637413728
-0.294235237386567 0.311290234278304 0.185451648852523 -0.149307760352743
-0.386407468822326 0.2034639697232 0.162080870178559 -0.0569861025078955
-0.526253197302977 0.0277691340482165 0.00019621046564892 -0.00842290772168566
-0.486008034644923 -0.256462909793623 -0.108734350112244 -0.143757989241265
-0.232494222159924 -0.480942412096645 -0.126589730379855 -0.27905966779625
-0.0679238706999758 -0.551936427588614 -0.00118923582330085 -0.377785884178047
-0.0206472788535658 -0.599516531823948 -0.0526060663080127 -0.124672311439773
-0.107196352210361 -0.615841328612255 -0.0484617539095962 -0.0849320593231347
-0.404942675618734 -0.49934746680217 0.0407795372104235 -0.0736622457670363
-0.595235679313386 -0.227961712565905 0.0458510922924868 0.00335591949624506
-0.562675062799593 0.0481327125623362 0.090343241874201 0.0028183305742588
-0.442780238990198 0.240787599290125 0.113197648554289 -0.0434576127623784
-0.292024944221766 0.374221531172724 0.114097559793983 -0.0479522551535201
-0.215905994093693 0.367061759959771 0.101327692522467 -0.0500305085971625
-0.194285192934948 0.401094480686143 0.0862949025053234 -0.0577138940261645
-0.343344065792108 0.364616901430966 0.104014132176571 -0.0333398285045982
-0.449391566570656 0.242237131630374 0.0923513848343905 0.0166291430995971
-0.604280660448921 0.0533343405923044 -0.0307246042151766 0.0446685592208407
-0.579914005533104 -0.255507062556823 -0.104081189349347 -0.0775432360022924
-0.324200120421696 -0.534486466076899 -0.0909888277934016 -0.158804860693622
-0.138896706575518 -0.652639932140638 -0.00590251707474688 -0.16572176099989
-0.0536971004029688 -0.61679891043142 -0.0716522716010674 0.104263513726298
-0.153760421226522 -0.64113638776464 -0.0200148724402725 0.0736065089673839
-0.446336883296337 -0.514096407774065 0.0560968796673004 -0.024598585983071
-0.62569517347354 -0.2343274400921 0.0133123953452886 -0.00407719444239932
-0.594413121403352 0.0426871567062748 -0.0315178771429664 0.00946251826970146
-0.472830481319986 0.240292336988907 -0.0320834187832733 0.0358087065770785
-0.312594542417609 0.377817337004681 -0.0147741516502897 0.0826558183868871
-0.232205815244206 0.366048010237769 -0.00523701231506883 0.103230011161132
-0.20895029716993 0.392308832959421 -0.00929974188915847 0.08936097773246
-0.349378202050365 0.349267856436435 0.0156743054046493 0.0877858192160509
-0.448618145830482 0.222487953381292 0.0139279665553167 0.0921692609889716
-0.578967941199931 0.0376316668098804 -0.0573028200019097 0.0870721963261226
-0.558541263223166 -0.236353523065434 -0.0767721377661854 -0.0152086323351255
-0.335042088593963 -0.507249398513196 -0.0221420051532341 -0.0366152971951928
-0.173655966578774 -0.646821814718759 0.0190286733436426 0.0548811090472738
-0.0858281222649229 -0.53402979501862 -0.0946889533061759 0.331389114518057
-0.1794419246412 -0.537648703548618 0.0010876237143847 0.235825566535104
-0.407938320430633 -0.419621340855316 0.0529966216920368 0.0413914719982506
-0.535911549133891 -0.184608672134953 -0.0291389385345735 0.00443036518315832
-0.5086842081045 0.0334662239455801 -0.150330675279505 0.0294964298467687
-0.413167156977394 0.202906863890278 -0.173356654121245 0.120926879720129
-0.27849841696695 0.32146569187206 -0.139681079371362 0.207475910670304
-0.214876596795322 0.309625539253374 -0.110440116737006 0.240787532657547
-0.20043070962943 0.322337968560362 -0.104825252273388 0.216057462865272
-0.317763476679078 0.272188378730699 -0.07746355886408 0.183433074514484
-0.388178876785575 0.145969826146822 -0.0714288025057658 0.139106996134188
-0.459468911552982 -0.0136991688434493 -0.0825943938800627 0.100714199323169
-0.430661024695193 -0.204937912007758 -0.0458413522245782 0.0286238559210165
-0.269648337201256 -0.413921879670979 0.0494720955780903 0.0648593515447438
-0.167497329885885 -0.543903383520224 0.0523205455781081 0.251651497511284
-0.10482493682376 -0.360903936690937 -0.109730752233233 0.516109342817345
-0.165127622315221 -0.33231565642467 0.0222756093724504 0.365229079395761
-0.283774459489083 -0.242386845816645 0.040402382253304 0.110315770290713
-0.334671648495245 -0.102457234855368 -0.0624888756821963 0.0269987109470832
-0.326097113944234 0.0155304365915251 -0.233073934491798 0.0596929219125089
-0.28013553984896 0.128847914209686 -0.274430137224117 0.196857778712784
-0.199011439539611 0.212700343947458 -0.236453158708248 0.307190573782316
-0.165129567824552 0.206501968371172 -0.199384058111449 0.343448789967061
-0.165764024883427 0.208625258235082 -0.19496124694322 0.303611281916896
-0.243480514423297 0.157624467118749 -0.174016840352106 0.232487911630458
-0.276081268258104 0.0504434394025783 -0.155959043920285 0.140183499956507
-0.278984813826452 -0.062656908321849 -0.105270918411277 0.0781539191979351
-0.246108196851709 -0.147896797897532 -0.0204092143600126 0.0508434649919351
-0.169935688529901 -0.265744928801506 0.101027837274613 0.137367546044161
-0.138249315122518 -0.367314582870506 0.077837233154254 0.401324049850342
-0.0970954999037818 -0.125929450338485 -0.112564490441613 0.621056870708947
-0.103316968672322 -0.0777064398395732 0.049749775107672 0.441471118814063
-0.100849373421852 -0.0450785564758393 0.0394374332543872 0.168203709664237
-0.0821186616850831 -0.0286370169613546 -0.0715680225366227 0.0514797307502443
-0.103294925298373 -0.0215557675815968 -0.264298840214324 0.0898520515136246
-0.112663912643 0.0258175399407769 -0.316520148665337 0.249546650360076
-0.0940991136239776 0.0675163864561675 -0.287218269143127 0.362351554543744
-0.0906479037465327 0.0723886158412484 -0.258161288812004 0.392826123998033
-0.0982245516209007 0.0713911604820602 -0.264530030803356 0.339597611799279
-0.126684894150143 0.0398148222122246 -0.25758207757794 0.232551861048157
-0.124493597254447 -0.0212631148444611 -0.225276184396977 0.100651164727903
-0.0788366440945744 -0.0626622705094429 -0.114307992218685 0.0319381470229876
-0.0653332676716683 -0.0482853295621148 -0.000728464183721522 0.0593605369849111
-0.0828548537630434 -0.0831365206837953 0.125221830494232 0.184484537580619
-0.105497087974729 -0.147856772675584 0.0938711830647763 0.486338344357272
0.0521091688378113 -0.133013724987737 -0.126427305712782 -0.533760650126088
0.0191189787634594 -0.143039648162033 -0.190679289893732 -0.276912801314313
-0.0924862609561603 -0.0982844152631559 -0.035748480740245 -0.0653238371481405
-0.126275264838175 0.00728572395722892 0.0778074636673361 0.024624828385092
-0.0684197774733786 0.065259049888575 0.2751506835101 -0.0338038379609687
-0.0303630120525902 0.0771663969304995 0.327321421056341 -0.21773475598926
-0.0032102200158621 0.0841114147279041 0.309888703261629 -0.348817703242924
0.00285876077174143 0.0827640757227398 0.293483221674439 -0.416175725190231
-0.00773225221073241 0.0989792560105588 0.295458887937332 -0.401169614747932
-0.0595332725644041 0.0982962374146564 0.305621771669578 -0.306595319515323
-0.0969018820344389 0.0777402510068162 0.26786634412664 -0.159821276663811
-0.168637522221597 0.00827255986147428 0.0917985313150362 -0.0879125878416581
-0.123393339757008 -0.115264781666451 -0.0427021250262027 -0.220639995531021
0.0233986045491665 -0.141310178394163 -0.0746263975548235 -0.427153949555116
0.0708419796640362 -0.108824950512651 0.0938354694422488 -0.664506859228534
0.0187068180775857 -0.349117854352812 -0.0801732531014106 -0.47917026510334
-0.0325893275975483 -0.346184114190731 -0.142865379968123 -0.272445712389572
-0.227596478323892 -0.257810577017579 -0.0197019908515339 -0.0918877964431408
-0.321908797558189 -0.0731985953117027 0.072935116077846 0.0285203365620151
-0.271352443698055 0.0771849294737831 0.257896071229174 -0.0100029936454885
-0.196777659355818 0.167063951938619 0.311887746700312 -0.176942290783001
-0.11929460849127 0.229602845165884 0.298896674411376 -0.287081001588159
-0.0909233181596933 0.227376538326058 0.269678586645345 -0.343145337216409
-0.0971712176836666 0.253357176717327 0.256302631321262 -0.335905045138839
-0.206646711296045 0.230531385942214 0.265499566374035 -0.258679941107806
-0.277230071927044 0.15030847651149 0.231923988182409 -0.125805495151963
-0.39078858590401 0.00832063672735204 0.0410923381020828 -0.0556615424507083
-0.340122497685645 -0.21828678106926 -0.0950731134255773 -0.203862789794221
-0.113635032233721 -0.362450088150771 -0.129441726742967 -0.389209694134688
0.0032121468350686 -0.380493956761878 0.0261844091259869 -0.575651087826004
-0.00804466529649682 -0.527153000949796 -0.0589710137356357 -0.342188664487436
-0.0773108170976046 -0.529228282970932 -0.0936342261360682 -0.211972168967632
-0.345222094030951 -0.41224881529583 0.00979134125159506 -0.101837974860222
-0.500790869937593 -0.162933239529531 0.0659971490138556 0.0176324118630321
-0.462770168698151 0.0745045935932508 0.200545572894735 -0.00202483420969245
-0.354443349695749 0.233179402086325 0.241378141823907 -0.121264564035091
-0.228220428358749 0.342647818147766 0.23435945347084 -0.185751246293163
-0.169509623404903 0.339017410730101 0.203344833884938 -0.216980805474876
-0.15981541515611 0.371086858955846 0.183125594199167 -0.216345737306106
-0.306626635089849 0.34175404240505 0.196129490296798 -0.166231613782692
-0.407604253479475 0.228768908008872 0.171918403259144 -0.0676330183508353
-0.562833962547133 0.0426668762231281 -0.00109304397331032 -0.00588154617528245
-0.527267358274367 -0.259829389899123 -0.120962408263375 -0.150691003224288
-0.25605839211191 -0.507157917596826 -0.142696252431996 -0.294425643014687
-0.085919069204 -0.584175420631739 -0.00816672531457097 -0.400657617101508
-0.0379180072232943 -0.638104022234333 -0.0601003178288204 -0.137173519840562
-0.128615870916454 -0.656334121523874 -0.0515221852494679 -0.0896252399702668
-0.443934864291966 -0.517428366033335 0.0416687795079976 -0.0820634520252739
-0.638678778559322 -0.222103743800905 0.0501089398873317 0.0012994022660523
-0.59916820903449 0.0701640715885565 0.0993522271950786 -0.000411370667871595
-0.46594724830631 0.271799207842789 0.117991949413822 -0.0489870950944079
-0.301500659954819 0.405828649266885 0.125206879828625 -0.0556768721255884
-0.21978054844346 0.399170075104662 0.10953926653103 -0.058370232466457
-0.197490415029298 0.430286140027282 0.0927820108865922 -0.0627994718916988
-0.357091817726431 0.400044615324693 0.112065028951385 -0.0398153437205993
-0.471760743589299 0.272967414387849 0.0991179045028502 0.0126591243653114
-0.643527590843747 0.071909369284807 -0.0337667466637454 0.0516020867834548
-0.627437556949142 -0.253415785286508 -0.113848337945701 -0.0810689157682507
-0.355800788101738 -0.560970810703764 -0.102797349337818 -0.167796793545629
-0.16197291538041 -0.687115975755476 -0.00705159018716436 -0.176536164515078
-0.0731521744489124 -0.658648917397401 -0.0759235877786312 0.108310556246613
-0.179383811233394 -0.682076282871884 -0.0187672817856085 0.0774557847744831
-0.491104835488032 -0.532132863075007 0.0602621211218177 -0.0316545842671096
-0.676864174325724 -0.226034969399901 0.0164046987404946 -0.00669789554615611
-0.635620369647741 0.0654827680182661 -0.0310948399374295 0.0102458128251925
-0.496129957502398 0.274483370777265 -0.0354699774387621 0.0391912130223589
-0.324400391700798 0.409425677143395 -0.00850520408744399 0.0881137410573533
-0.237421493497655 0.397283139961806 0.000416584716159386 0.108809938257851
-0.214256210311569 0.421521086030745 -0.00566833565467539 0.0974352538134044
-0.364558087453169 0.38471836517467 0.0207607547510586 0.0916389845962369
-0.472502161198326 0.249981246604799 0.0171305364105649 0.0947008031932644
-0.6186755104182 0.055834869935523 -0.0605528709679449 0.097751124907352
-0.602183401094421 -0.233373113700987 -0.0839264667123385 -0.0157922137549747
-0.367347324902719 -0.531072358934503 -0.0266796800241398 -0.0404090913808227
-0.199598961935268 -0.681058174497597 0.0239554883843846 0.0590914890098534
-0.104241176039288 -0.571366929702984 -0.0957861544248967 0.353139607343944
-0.206328833760508 -0.571847135207127 0.00723824114076361 0.24960981568186
-0.447731761481369 -0.433534030792966 0.0585045237005253 0.0387679731630507
-0.578626863101981 -0.177752314194669 -0.0283727364697235 0.00336487425545402
-0.543207178396538 0.0552770382929634 -0.158705598508689 0.0358525009283984
-0.434519131624501 0.231658071001433 -0.183817945825834 0.134368267029178
-0.289404201099837 0.348606807935671 -0.13943392587884 0.22474173363359
-0.220271633472539 0.336855578006582 -0.108025654756009 0.260416799561642
-0.207006375942902 0.347134436042169 -0.105040569426183 0.23665009016448
-0.331515628404895 0.299164099242913 -0.0776696021513567 0.196442927622881
-0.409512160195073 0.167657614350134 -0.0725074822906029 0.147024233245668
-0.491451140366969 -0.00215870426220838 -0.0871886355162776 0.111447286396845
-0.463867407160018 -0.203396705354689 -0.0496131535469203 0.0295853368819711
-0.297297130039841 -0.432330171747947 0.0521883969204721 0.0656009486292688
-0.191834135876602 -0.571512310203778 0.0636938545088949 0.269542610232878
-0.122027241936797 -0.385822433991703 -0.106857686341384 0.552078560413609
-0.18715207327613 -0.352434636343506 0.0306968981213316 0.387616712366506
-0.312042662560589 -0.247880245383046 0.047161761066144 0.112643070985291
-0.360327929364882 -0.0966003801416957 -0.0648405707627186 0.0286102575183575
-0.348328793212248 0.0287496736011664 -0.247276627798299 0.0704867382705028
-0.296045695996184 0.14836738979145 -0.289548355306559 0.218298801556684
-0.207137300028622 0.231967856063358 -0.241149649030977 0.334340480582538
-0.169835363802973 0.225664664183351 -0.20025770403139 0.374351578992009
-0.171507142078746 0.22571955810815 -0.1981705455952 0.332034658723996
-0.254770522854035 0.174997141361836 -0.17902758062277 0.252626841100367
-0.292794616650246 0.062728237633932 -0.163010633148074 0.151408855344942
-0.299482616351294 -0.0579610729891731 -0.11122317295292 0.0872710273033527
-0.265535751529343 -0.147891417525095 -0.0211479060587407 0.0528205258792072
-0.188628291199455 -0.277233208031424 0.108936019795881 0.141289649509001
-0.155658499903823 -0.385847569707356 0.093930015852674 0.428194041642208
-0.10820869060868 -0.135657804440642 -0.107598198711099 0.668105929180096
-0.114072732087743 -0.0812947124549974 0.0617416982291484 0.46984968898659
-0.110770112245103 -0.0428407946128091 0.0479795793734589 0.175304523758718
-0.0883408778074517 -0.0255206126546197 -0.074660421381416 0.0551398292134397
-0.111194026991352 -0.0186706137312613 -0.280645839069915 0.103924872531469
-0.120373176040612 0.0325435623452233 -0.332202792278785 0.275152705066022
-0.0991334595801251 0.0740302841684248 -0.29527270421839 0.394886985376422
-0.0934411007718825 0.0794667339135561 -0.261558866809979 0.430119428170982
-0.102484070236211 0.0783933602956365 -0.273563382177291 0.372937610760198
-0.132971948113754 0.0462754883250289 -0.269628252812735 0.255601928237038
-0.132954935260862 -0.0171577279545712 -0.239052355752881 0.111433721427292
-0.084561623758986 -0.0630475866196941 -0.121995036777691 0.0365513085992969
-0.070896011904711 -0.0474485690058732 0.00158553904522791 0.0615591510356264
-0.0924626469033049 -0.0849309540684864 0.136938458028118 0.191118189388107
-0.115831298908709 -0.153856282768761 0.113564100547287 0.51810996900606
0.0665204901423374 -0.129089355443578 -0.037184952103302 -0.580407245127911
0.040487116262186 -0.141632372521155 -0.151867186172729 -0.318632879127368
-0.0763928869061592 -0.117296524427921 -0.0337330460115622 -0.0784490251645549
-0.128196827248437 -0.0147331270335538 0.069274402056216 0.035758935447424
-0.0804809952710282 0.0496623257600366 0.29157763113438 0.00754367547172643
-0.0431943772658739 0.0699499963825304 0.376099365149294 -0.178013540884463
-0.0158121800435992 0.0849174935902398 0.379197374392231 -0.321163460214649
-0.0134754408104156 0.0829346748269263 0.373219555486887 -0.396852350160401
-0.0256368348058069 0.101632427147609 0.37195889062106 -0.384359751308799
-0.0786842058187913 0.0907691320620016 0.366959850033141 -0.280837184086155
-0.115342801795442 0.0609642344621787 0.307203415356189 -0.129079100598687
-0.177840296181212 -0.0209664605778172 0.119139566451648 -0.0805817539961398
-0.105839849616428 -0.148710443652434 -0.0104662722074754 -0.232230653121101
0.0550372050926696 -0.152075383893437 -0.0111438251399048 -0.444828585057328
0.096886662766298 -0.11076792742977 0.210248160102991 -0.673512836952002
0.072435036111601 -0.356786368818999 0.000748973274294949 -0.525558562953466
0.0215842954356205 -0.358398956589307 -0.103673094659566 -0.314980753742847
-0.187274275252178 -0.301585405869954 -0.0207566745100742 -0.114251110196273
-0.313618525184971 -0.1256987153455 0.0529985302217121 0.029372771650075
-0.291209950225939 0.0301649424951517 0.260361734893846 0.0327465221818581
-0.231730702608995 0.136130246208722 0.348811234728251 -0.135878781363113
-0.159436097442454 0.215694621255169 0.354071935139708 -0.256776423067294
-0.138819894734425 0.216482257862309 0.336425927436416 -0.323328076490976
-0.146738763643271 0.24557251312356 0.322467840192805 -0.322822607861364
-0.256094028221648 0.204859194783108 0.319591762056614 -0.242608332027789
-0.319969883027782 0.102755224439216 0.271973356476942 -0.102595204962167
-0.412952285215124 -0.0584049070447075 0.0736044496384707 -0.0583641914872877
-0.3132784400326 -0.298903081520738 -0.0618907855540932 -0.219572817244486
-0.0474817240475805 -0.408334110650119 -0.0679673082005618 -0.405433000828188
0.076559353415879 -0.414445876295532 0.123871148595473 -0.578129637342306
0.0785321116897152 -0.542789118305166 6.37754953757403E-05 -0.38831900283825
0.00677500410194171 -0.552431106944424 -0.0631830520300157 -0.251049800867339
-0.279822703240793 -0.479156935711948 0.00410021292755153 -0.1309109877885
-0.482429920280406 -0.242995308019721 0.0382667355166295 0.00624244074274912
-0.487108944013859 -0.00348162188637542 0.188243156831947 0.0342919190881519
-0.406967440065905 0.180421844269856 0.261407466979495 -0.0868482937161787
-0.290766682849903 0.315110032267626 0.265964120283213 -0.159547857210979
-0.241929599168447 0.318418045618002 0.248773559776424 -0.199841818768657
-0.233130547127257 0.356501211188385 0.225303331677706 -0.209194937732389
-0.380049003592034 0.305695845348382 0.232812956497042 -0.158524471018884
-0.473088896231597 0.160587674324445 0.206209738747336 -0.0544001651628446
-0.600012931419003 -0.0499768368350561 0.0301619822695402 -0.0177640343273423
-0.502006529299848 -0.377970229178709 -0.0928588595821483 -0.167323338991256
-0.172241789330048 -0.585975522457997 -0.0923016333928929 -0.303969393189424
0.0219519582990072 -0.648618619326325 0.0546122584825996 -0.389490246016989
0.0704072226535959 -0.661550168934612 -0.036001127567061 -0.182157206924145
-0.0248231507115866 -0.69143534125885 -0.0407412398276884 -0.121989836412109
-0.362850872316076 -0.602093628960514 0.0290477363382812 -0.113383396948992
-0.611772831310994 -0.321718400528953 0.0177010042076355 -0.0212060762978737
-0.627194495029029 -0.0263481138591827 0.0746252092339636 0.0226080426613458
-0.530436747449857 0.204453455955893 0.117413824430036 -0.028566656766665
-0.37584372678317 0.369930477479497 0.127394002653748 -0.0385774826619285
-0.306591322988307 0.372396407854161 0.125356766429534 -0.0469249392743187
-0.283492500668867 0.411047387779541 0.107451461283865 -0.0610801360601833
-0.442738243984442 0.358790047176724 0.125707097678798 -0.0413152202641187
-0.550841735827251 0.193873694985331 0.119944252818284 0.0167604265792744
-0.692152864068686 -0.0337621699905843 -0.00868739635491518 0.0345330965368107
-0.606611041945625 -0.390562246839718 -0.094040950871557 -0.0934786090241193
-0.266499218638327 -0.657547266427537 -0.0666189415877128 -0.16436001154283
-0.0412228127593406 -0.771145732139121 0.0181957764917041 -0.145894137407544
0.0428351045276597 -0.685476201959566 -0.0951989516187649 0.0684141870228047
-0.0708193256217394 -0.725641375703512 -0.0344029575064764 0.0557946510440305
-0.40948257968078 -0.626072955345373 0.0384470064872326 -0.0595096027315522
-0.650919668318197 -0.334378056345012 -0.0173122817249353 -0.0361399206267236
-0.663613080371677 -0.034623570655325 -0.0660586886482716 0.0141462248104625
-0.564191938230959 0.204537602953128 -0.0583478333148816 0.0412598905529224
-0.401823767438559 0.369107751338428 -0.0365408709931701 0.0931657026150961
-0.325309490199999 0.368642117746035 -0.0145280080401946 0.114543613716025
-0.297620395296094 0.398490316542635 -0.0199129274933751 0.0943891540732036
-0.448006676423535 0.339300162681074 0.00981212264166247 0.0846061036201716
-0.54700173732449 0.171967665663722 0.0219772449370937 0.0902169993222189
-0.664345054134796 -0.0442223929396098 -0.0448617543240205 0.079558963564185
-0.585512944277813 -0.36240500483672 -0.0717628361738767 -0.0215444901011059
-0.284282749263599 -0.626698748668188 -0.00805742027591977 -0.0221124516940498
-0.0825424465198806 -0.768402527450978 0.0117728201109103 0.107789732927611
-0.00261001452915014 -0.598217991797558 -0.156124540438416 0.322800633199416
-0.114765706691025 -0.618780237162251 -0.036257306330493 0.243074409420196
-0.382996891174365 -0.516109589159822 0.0286110812443797 0.0192035630963774
-0.561079368458967 -0.265908549948757 -0.061571679901 -0.0278982268440408
-0.568706562635129 -0.0285591816220312 -0.199644949388058 0.0206824079959766
-0.492272948460176 0.172111964975889 -0.226871605348834 0.118471475933912
-0.357817776904593 0.314365042884879 -0.193918439810577 0.217578117004956
-0.293942800300408 0.31038816811795 -0.152064631208823 0.258194594574663
-0.276698998945315 0.323531021404497 -0.145206336021716 0.228637469811586
-0.399699032467796 0.258344289911503 -0.10907883629507 0.183025755796351
-0.466413891832528 0.0980113884241182 -0.0828414739350931 0.134722178150583
-0.518901221408159 -0.0839123705325927 -0.0815418186979253 0.0948210558800481
-0.446736672145425 -0.303513673831583 -0.0460532181789533 0.0295622823697721
-0.231507549732422 -0.506502956558491 0.054369363226693 0.0944312670847845
-0.0934537200855022 -0.646342267568032 0.0176034312037728 0.328793324385221
-0.0508421621679781 -0.410622795036209 -0.20387282374769 0.534479551453813
-0.128670400600493 -0.390149556181477 -0.0328787840657287 0.397151401734599
-0.276250411108365 -0.303372869877834 0.0134400784354317 0.105400444878554
-0.352103695838135 -0.150082815944806 -0.0917766525129134 0.00277481907432235
-0.362728238827517 -0.0214015341544174 -0.288875044124542 0.0420851969282725
-0.333853457125173 0.11052528438887 -0.347320616414368 0.189797046566497
-0.254172959519542 0.206886061879083 -0.314866477528566 0.318126572776268
-0.219781789884394 0.204714211664541 -0.267307752139469 0.363361840718473
-0.219152329411985 0.203168315969158 -0.257375108695872 0.318827041592967
-0.298223325794182 0.141202906972648 -0.22480755212115 0.230985088609934
-0.322182831204601 0.0106313916783759 -0.183408025111954 0.129915125573952
-0.3075188375149 -0.110164336753695 -0.112630404616449 0.0716135584132108
-0.24950213702146 -0.204212313796989 -0.0240356052906115 0.0553425544087167
-0.146856285054782 -0.321172621036467 0.0970090145424281 0.173664301687454
-0.0911566931221673 -0.4394992856899 0.0236382543235161 0.49118311721546
-0.0787653178415126 -0.150289691570009 -0.222999607651479 0.664254202451061
-0.0970851725016391 -0.100887187403645 -0.0132443995666008 0.495834198221021
-0.105179751651473 -0.0598364229731439 0.0164923400078048 0.183344861454499
-0.084980325387949 -0.0362327107710788 -0.091253767625421 0.0410580725625285
-0.110767308272076 -0.0310134344522048 -0.317023981576011 0.0685080935498851
-0.131068142439201 0.0196634196297765 -0.39619321457379 0.241190986592586
-0.115818585566471 0.0615757648366694 -0.375251915242455 0.374501405320562
-0.111898693659204 0.0685712050827515 -0.340750642231898 0.414374763762904
-0.120430774396087 0.0625854231625848 -0.343177237847525 0.353706071070871
-0.148423661281712 0.027581844078861 -0.320465560497327 0.227515690465994
-0.1384327447166 -0.0426576993651464 -0.262699991484149 0.0807754956633963
-0.0802888200321108 -0.0796504183185777 -0.127587702856163 0.0214389723334097
-0.06478498134797 -0.0609756265614666 -0.00552051956938724 0.0645861289389013
-0.0825209042296469 -0.100863005629484 0.114846291202463 0.220618347237993
-0.0929345406223712 -0.182769493323556 0.0319337012786946 0.577216501376103
0.056856008561379 -0.133474158085357 -0.0888697855259303 -0.588176286890927
0.0299579023648738 -0.147555053755932 -0.178595099525994 -0.306880134942266
-0.0867779821389947 -0.11218395952628 -0.0417346814437096 -0.0741172769693382
-0.130444600924759 -0.00414430138294952 0.0721351184655455 0.0311880250308463
-0.0767435234243246 0.0580853774427246 0.296254874616074 -0.0214792133673126
-0.0356915850106039 0.0735180514903049 0.365172785603295 -0.215323537555726
-0.00700898376257671 0.0870866338615353 0.353605809112171 -0.360284604152704
-0.00618355654394562 0.0851137229894556 0.337046638460058 -0.438454810150971
-0.0169931448925003 0.10501382073892 0.340981209366549 -0.425568329095065
-0.0717512741992518 0.100394903111162 0.34761919730261 -0.317564011344689
-0.111358600490014 0.0718334253603795 0.30053877351061 -0.157723395754508
-0.182392532266965 -0.00557216130979202 0.113595095954336 -0.0909379631251412
-0.121029918878024 -0.139562881254658 -0.0322209643007095 -0.232778261621094
0.0435546344088305 -0.16073253081554 -0.0502698685311172 -0.444844281511127
0.0878373965521198 -0.120451426866298 0.154431716199803 -0.697340577588998
0.0422299192863064 -0.363680329835518 -0.0461275841570955 -0.536777798725713
-0.00881791350083267 -0.364491847357866 -0.128492539002936 -0.307229173505506
-0.215382177458365 -0.286189214704887 -0.0323639558403535 -0.112751220581138
-0.32740380210276 -0.0977715336452296 0.056195456425133 0.0257454918206342
-0.291587397214582 0.0589178571954539 0.26756644034547 0.00617552434765958
-0.219884436061364 0.158532360333112 0.340335082130016 -0.169976759314349
-0.140885350205441 0.232216401783827 0.335689499723878 -0.29446202284745
-0.119961284151412 0.231619366388315 0.308928959836506 -0.361786857465404
-0.126383341773413 0.261817495244938 0.295445364771156 -0.358866970378631
-0.240987127283368 0.232103538954418 0.302014468295576 -0.275918738616504
-0.314347028822887 0.133253805496733 0.267084475862795 -0.130102645716087
-0.42490537222444 -0.0212234604671751 0.0689259353443109 -0.0629499068798778
-0.345195962300782 -0.271231491615643 -0.0840894858102028 -0.216007900409265
-0.0828856685841497 -0.41054096458343 -0.105404806784776 -0.40088754727237
0.0398806969154352 -0.423978918222996 0.0759679127615339 -0.592907199583787
0.0319299900309409 -0.553326648123074 -0.0353161361330363 -0.39814027745091
-0.0414087313608029 -0.559375645781012 -0.0827944671166126 -0.247702540375305
-0.32557180953522 -0.453876332946145 -0.00897703636059305 -0.133590217848873
-0.508000356071492 -0.199338226606896 0.0399578169009379 0.00309571912591271
-0.493543030408096 0.0461234795462436 0.19624299072799 0.0144721810087987
-0.392955142680265 0.220653121729204 0.256334922932786 -0.111624885341119
-0.264287621492246 0.344339408056562 0.257655107739176 -0.188858792837024
-0.214572868661149 0.344826188901374 0.232577540510195 -0.228931889332161
-0.203858156552533 0.380588167287667 0.210259290131344 -0.233710316307414
-0.356184596529762 0.345789752994376 0.222255805106275 -0.184091408415486
-0.463707689001641 0.206785884849311 0.204272360317921 -0.0762009736906756
-0.614535528236119 0.00275008404959086 0.0287310295953338 -0.0165734011511417
-0.542709684317699 -0.333221782312651 -0.11054490693112 -0.160689987351412
-0.225120272710222 -0.578106052071899 -0.120500031366421 -0.297512923617913
-0.0369983453943553 -0.65389149233969 0.0241119085143264 -0.396790259295326
0.0118836120210034 -0.671727937872428 -0.0539808208960338 -0.186066776341784
-0.0882189785969169 -0.698249270565773 -0.049107294819475 -0.120412650509806
-0.421026320231667 -0.570421907946854 0.0181281662375516 -0.118930057995785
-0.645771469443342 -0.267625874974904 0.0173645738983611 -0.0239821739176324
-0.637511646810337 0.0350761352516492 0.0812467079797754 0.0129810278214403
-0.515059418369941 0.257495718455752 0.115915309689868 -0.0394977909325748
-0.347333129723323 0.407249029314046 0.13021463544096 -0.0543162342304024
-0.275655176986949 0.404065942757236 0.123225812186423 -0.0616852425099802
-0.249886290107634 0.440860181581294 0.10480715617021 -0.0729672047623124
-0.414752534223864 0.405280332336998 0.124204640873185 -0.0553504950410965
-0.538764485971855 0.248448478087265 0.123349580866714 0.00243542518082418
-0.704172011059783 0.0307827248125996 -0.0062990686007413 0.0397404819055053
-0.648361579792793 -0.333163425900526 -0.105382698713095 -0.0870607817579762
-0.325804185827995 -0.641534431715702 -0.084649485015408 -0.160058035271867
-0.111361012343999 -0.770555515892592 0.00801203724701505 -0.1469805197338
-0.0175666635205338 -0.694605590403217 -0.0909800851528775 0.0737275484940565
-0.138693472532309 -0.727483670636537 -0.0284145692863311 0.0579080658197445
-0.470950236279508 -0.590814433091436 0.0325813333555689 -0.0661514460943251
-0.687644384484196 -0.273630835536325 -0.0188723746563234 -0.0372194044165364
-0.673495331247474 0.0315561989458365 -0.0620618296600669 0.018486528823258
-0.551148186659552 0.26145549822186 -0.0557701646445341 0.0477707555838577
-0.372790533025948 0.411032881779923 -0.0230013609575783 0.0944320666931054
-0.293942746986318 0.402813146523481 -0.00243976765957749 0.114189919519232
-0.265986171465116 0.430506759122056 -0.00873008233734973 0.0974388322133955
-0.421456328389778 0.38644363149108 0.01793115423875 0.0822456903934213
-0.538071878110904 0.224785943876409 0.0301071603508508 0.0856754472327729
-0.675908429350814 0.0156164309712906 -0.0385277340719178 0.0886523572798354
-0.624407109627053 -0.309318996549164 -0.077425088986512 -0.0161725728637489
-0.341391811031897 -0.607459646815921 -0.0129886670585846 -0.022859420137157
-0.151641818712623 -0.762806690256052 0.0237903665352114 0.109456775996644
-0.0575126649723531 -0.606098243186123 -0.131263304396133 0.337941075204469
-0.172375544864501 -0.616805734594808 -0.0149044254634381 0.247085014728428
-0.436059904411973 -0.482951791838091 0.0294926136973132 0.0130356224454553
-0.590138277169237 -0.213741440063956 -0.0627123729344753 -0.0253521517419595
-0.576394166662944 0.0285430406866954 -0.197390106124759 0.0376548527590759
-0.480575891761595 0.22364825196141 -0.218950969246554 0.141382238190665
-0.333728465907347 0.350394174098177 -0.171660260694202 0.235667071630995
-0.267307422333738 0.341180890336197 -0.127399947781802 0.273125292307866
-0.251306773883533 0.350761211311101 -0.123341939690916 0.246105027410654
-0.380403390780591 0.298599586370699 -0.0940587055511909 0.19377125950216
-0.462536037874164 0.143130698732379 -0.0723519710324054 0.140800627984295
-0.534206579060251 -0.0363885606929546 -0.0744850811803402 0.106728887264653
-0.47758573060255 -0.259739397056609 -0.0459156823069326 0.0323193298703046
-0.278181613037046 -0.488756102397144 0.0610369112056065 0.0878667035306792
-0.15329744113549 -0.641862529821985 0.0496033917987409 0.333112745962297
-0.0891427974106197 -0.412089581485049 -0.15829253772616 0.557407768587733
-0.167216585335451 -0.384156564293358 0.00116847732717546 0.403241238297061
-0.309108500929075 -0.278007068781877 0.0219391084409659 0.102553506458477
-0.369413546892718 -0.116521107058215 -0.0908842504192889 0.00835319641690857
-0.369446254784817 0.015200589309051 -0.286970154576955 0.0689247619114359
-0.327564600505459 0.146123943629544 -0.335029953172796 0.225525016884734
-0.238154227333139 0.232677174359906 -0.286331196563449 0.349510784378934
-0.202210047286494 0.227501619435947 -0.232762456027185 0.391540907045307
-0.202970695904874 0.224898101732048 -0.229163179750673 0.348101584510435
-0.288167940547036 0.171412766338142 -0.20669640917951 0.254322241593319
-0.324891311324627 0.0424259565172237 -0.17488661404504 0.14605470067581
-0.320784310846786 -0.0814928365979007 -0.108601878537093 0.0845934691765567
-0.269001067275493 -0.180084204889905 -0.0206036140376187 0.0561932077091729
-0.176318644522727 -0.309564320022557 0.110999316473895 0.163664581998142
-0.131419387977169 -0.433015406620779 0.0695784792445404 0.497209521244281
-0.0956313732526972 -0.14663696339963 -0.16679290407466 0.693144846481841
-0.109033772040286 -0.0936479084226225 0.0283005771671991 0.501410774373322
-0.113425327669573 -0.0482496360183065 0.0320288564403798 0.180846148812931
-0.0886525274318231 -0.0265259600502354 -0.0883393072829621 0.0476362677687656
-0.115314337743841 -0.0196661162878888 -0.314570303702051 0.0993415859927856
-0.131102257870266 0.0341365977728793 -0.379512529527571 0.281889074774714
-0.112594643140052 0.073242946738729 -0.34490088277885 0.413672239563264
-0.105989742258327 0.0787361279115419 -0.303034076546242 0.452038187204726
-0.115505658247362 0.0739864908577871 -0.312182600858952 0.392498299605856
-0.146562115987842 0.0409899648960506 -0.304768877531102 0.260187818730571
-0.14341842596444 -0.0285836411172119 -0.260294532266998 0.105117782930165
-0.08758457105189 -0.0720844966852181 -0.127664301212088 0.0332058852410443
-0.0706724815369885 -0.05350241598834 0.000441794107552274 0.0642144952229632
-0.0939000427352307 -0.0920154814612005 0.132900545050244 0.208879748840776
-0.110693681816268 -0.175076250240416 0.0844692708704877 0.5821340720172
0.0483608293998731 -0.130967421299727 -0.126391321103029 -0.571693103700582
0.020742299556229 -0.147013295855133 -0.190451840398923 -0.287177698169971
-0.0909164853734935 -0.103955993738891 -0.0459082777142885 -0.0675236937866856
-0.127586598862037 0.00462926375630236 0.0720350493622768 0.0261288475316466
-0.0708584640589246 0.0618053340241004 0.28645019335922 -0.0443302071768976
-0.0281513914684045 0.0728165804843701 0.340267734481736 -0.236484788933591
0.000156581244597075 0.0851158425157297 0.31947030329252 -0.376950543528781
0.000784122568411368 0.0833634481572709 0.294986357040074 -0.453085326754433
-0.0095452694213096 0.103805027951409 0.301571310666148 -0.440411155635282
-0.0635430181689549 0.103949747616678 0.316283881837104 -0.335341686753842
-0.103544355727096 0.0765466652140494 0.282699320685631 -0.175104653148367
-0.179126767608132 0.00705448911905815 0.104531976640584 -0.0954318034553855
-0.128564602202677 -0.126808960563749 -0.0490200655549855 -0.223338966585579
0.0322154369487714 -0.161966365101257 -0.076776289493213 -0.42616671923777
0.0766427586058958 -0.123166581909137 0.103483098854895 -0.688470577700223
0.0178102105457951 -0.353672093331958 -0.0818377227540627 -0.524754449126848
-0.0325425876384148 -0.354095507689059 -0.142910314369436 -0.291649526649879
-0.227026149410343 -0.261734638158156 -0.0401959476540802 -0.106733706536799
-0.324154677616451 -0.0710046958512926 0.0561643296297924 0.0212100919518609
-0.27910733965497 0.0808835385444331 0.261173471562896 -0.0150984955850335
-0.201015517319015 0.169853694013874 0.320075171399082 -0.190247153601808
-0.11961723009842 0.235443107828149 0.308170010618263 -0.313474870642519
-0.100593072631278 0.235080477272205 0.273160351717518 -0.377225859688756
-0.10477996469816 0.264229246345366 0.26266012221088 -0.373076598145496
-0.218061517423149 0.245780373156858 0.275780618062076 -0.292589184082301
-0.297813981712782 0.152156333393556 0.251468471950468 -0.146803408937618
-0.417003895956372 0.00908410916306724 0.0634459473267799 -0.0639179469843251
-0.355778371168289 -0.23826391241146 -0.0985412026962411 -0.203735684064455
-0.106906194700454 -0.39733919991646 -0.129576852506161 -0.379999954544348
0.0101584082151696 -0.413129976167695 0.0351053435986321 -0.583191295282336
-0.00592632615992651 -0.538293257245704 -0.0628990842164511 -0.390337035407763
-0.0787633296351686 -0.541458208475094 -0.0941446358989449 -0.237349368630362
-0.345993708489667 -0.414958716045997 -0.0188952303788379 -0.129544417552548
-0.505759780195588 -0.156150824098592 0.0394929518643608 -0.000565726540708133
-0.475126360532495 0.0817883665433828 0.19406846807762 -0.00249666573755386
-0.36548980746325 0.243849913040517 0.241585953840243 -0.127304046639352
-0.23218790012928 0.354096342121388 0.240212075742953 -0.205885458555851
-0.184593832861852 0.351339574120701 0.20920483495717 -0.241759916261601
-0.172558679259485 0.386024473398529 0.189634086419619 -0.245139630149575
-0.322879215115082 0.364622452262308 0.203742795563981 -0.197412912440799
-0.437703797953676 0.23404176849727 0.194352317798767 -0.0916508887457802
-0.600134812015191 0.0471851557835113 0.0276139349368536 -0.0145350417991719
-0.549634424219956 -0.28172689262713 -0.121771842222096 -0.149235598619055
-0.255912466863358 -0.548708561996529 -0.138264283600811 -0.279183007724478
-0.0810210855152863 -0.630248000681108 -0.00250763939564694 -0.386249594406636
-0.0335453797410603 -0.654161431597849 -0.0670942718204986 -0.181640344897139
-0.133797868459492 -0.672718825744987 -0.0536943395829095 -0.115434649180326
-0.44774449928463 -0.521468924480147 0.00774928794440403 -0.118295631787462
-0.644449930684538 -0.21133431959868 0.0165752003664997 -0.0262168637613388
-0.616267002174893 0.0835786202967756 0.0828053090508912 0.00364709666702551
-0.481549820666725 0.289591688751146 0.110386858936717 -0.0469403126438652
-0.308844839541754 0.421130117979584 0.126068619683726 -0.0659790941109984
-0.238908683233821 0.414215433382605 0.115552579444016 -0.0717105599227933
-0.212923174609834 0.446602157996785 0.0986583621659527 -0.0799126832737094
-0.377174033756552 0.425986040311839 0.116852875569012 -0.0650270201402395
-0.507932283420754 0.281047099744019 0.120061161548589 -0.0101172594614613
-0.687486787905103 0.0804169259023058 -0.0023009070473541 0.0432835679830889
-0.654754496911692 -0.277423011249405 -0.111194522489598 -0.0773541019091609
-0.360131452211303 -0.603696698283699 -0.0950279093651693 -0.14865641719935
-0.160468860974319 -0.738508320720053 0.000234697096670001 -0.141665802658411
-0.0666294510691859 -0.676344559741535 -0.0857389052019848 0.0753358063707838
-0.185406488618216 -0.699930440515058 -0.0225251045341239 0.0573057971673221
-0.498278440359324 -0.536674814067204 0.0258387827924044 -0.0688686469737613
-0.687900339925651 -0.214387295092864 -0.0199668242752738 -0.0375058468506995
-0.652608045256953 0.0844186334491742 -0.0558468702133652 0.0192291637912442
-0.515777952186606 0.296540547339015 -0.0511067259092839 0.0505825414245376
-0.334432718628928 0.426739144457207 -0.0129549653859763 0.0901930166665648
-0.256440766907407 0.413371954408957 0.0062433889969515 0.108947671002978
-0.229630239767819 0.436342380537215 0.000120040167957878 0.0949512917280952
-0.384410023687498 0.407962560961473 0.0227608722837138 0.0773919917551284
-0.507270722133527 0.260298013201869 0.0339075686541637 0.0774833407802635
-0.65812517191005 0.063737796132881 -0.0310480386613431 0.0926206371611688
-0.625356095357682 -0.25223232399848 -0.0796668439440475 -0.0115558470646211
-0.372696633544428 -0.567758476589338 -0.0170907903032078 -0.0216821582462472
-0.198717512571872 -0.726110305707124 0.0331408171494804 0.106916230907393
-0.099646413097544 -0.586778325417466 -0.105292658225694 0.33681033157572
-0.211782384029316 -0.58807557432732 0.00233406117309754 0.240809231916944
-0.459202237958443 -0.436057599098001 0.0284797792226332 0.0088590475051372
-0.589127096871876 -0.162758556749823 -0.06147421570437 -0.0235572158176383
-0.557974552927861 0.0725020438655964 -0.187058652740069 0.0489606342840097
-0.452702848560483 0.254177501318125 -0.20375544865252 0.154155988850405
-0.300894807816924 0.365754589723207 -0.147547036303804 0.239399095270709
-0.236017902623012 0.350740070371403 -0.103345283194841 0.273054538473858
-0.220708037478043 0.359507468603107 -0.100028253129658 0.247904746054291
-0.349725714009676 0.319147216615434 -0.0786683850665095 0.194220845934922
-0.440082214112688 0.173641838505637 -0.0624031485759086 0.139089715622687
-0.524160056139966 0.00432293394431301 -0.0645941939801233 0.111877697433415
-0.480695544169267 -0.217585972430426 -0.04445843077378 0.033661688704845
-0.301329486480462 -0.454885441545937 0.0622211403404452 0.0796697911048447
-0.192780513956837 -0.607880411694818 0.0734330829575909 0.323713717670429
-0.117525678886228 -0.396953026670871 -0.118000009281608 0.554417813218235
-0.191199030901528 -0.363712566178817 0.027888997863214 0.392861926323015
-0.321622107081258 -0.245510078052145 0.0271600562833814 0.0954617872222649
-0.367313649812966 -0.0843102350690358 -0.0875457935204818 0.0119478763098004
-0.358166036246637 0.0435516476928022 -0.273057322409797 0.0865321926234452
-0.308014586180705 0.168137540449274 -0.310714226769901 0.244588188843117
-0.217005696908616 0.24444450940801 -0.251690846365082 0.359968502557135
-0.180457894388319 0.235207145282335 -0.19732357195744 0.398053857643072
-0.181534613647987 0.232542807063546 -0.19588587579312 0.35618536200579
-0.267887311654613 0.187240027495519 -0.184768638289814 0.262809169442659
-0.313146790342931 0.0662847658635239 -0.162001053289872 0.152544578003886
-0.317903390405309 -0.0552261397328318 -0.0998629088275421 0.0916116483610357
-0.272625291560433 -0.153913597886555 -0.0172378253406113 0.0544098131627484
-0.192283126971186 -0.288009265360606 0.115936311400338 0.149915583274994
-0.157997109152432 -0.409540727482961 0.104627439854085 0.482079613060607
-0.105073221118581 -0.138020028248831 -0.114829879453194 0.688199522894597
-0.113912815036156 -0.0838924051411497 0.0603325380534741 0.486482695277095
-0.114880901999177 -0.0357167559989355 0.0423011896240785 0.171716914223461
-0.0873836905627004 -0.0182067978895218 -0.0823707584594376 0.0499608544221059
-0.113901635515763 -0.0100921055903097 -0.298735913431106 0.118666749415507
-0.125270245896485 0.0449623449055222 -0.350801048400747 0.303049628997621
-0.105433931532802 0.0801395146960627 -0.304406137314965 0.428021373599628
-0.0977086609281053 0.0837462218505963 -0.261447815307631 0.4629243023754
-0.107133915176376 0.0800269834383791 -0.273977432932608 0.405814213734518
-0.139071818942368 0.0504636191199026 -0.278791698495599 0.276087758435697
-0.140347397610535 -0.0165458734995323 -0.248526210691383 0.120631987881513
-0.089160732262529 -0.0627526593995523 -0.122626665272105 0.0420540280227017
-0.0717294949932074 -0.0457019136705379 0.00508113258756327 0.0613642588196643
-0.0980660570704509 -0.0813301883604447 0.14074493522603 0.192640805126359
-0.120004348371361 -0.162290498878039 0.125033069575123 0.565170699733747
0.0443865181644255 -0.12655813408158 -0.142360259815887 -0.554046187385631
0.0169989602028467 -0.143891918990451 -0.191047167212919 -0.273139332143739
-0.0902113981568941 -0.0982752499762268 -0.0459901878040552 -0.062409520517725
-0.123053493191113 0.00856743002907356 0.0700852589534584 0.0236640296497447
-0.0660418629551921 0.0626384173210962 0.274987515234682 -0.0540499372867925
-0.0240236673307639 0.0701327050267449 0.32138101718846 -0.24292762118389
0.00410022900998674 0.081844159363713 0.296239603605317 -0.378923948817427
0.00345502975457213 0.0810874816527297 0.266250884218947 -0.453337334656041
-0.00535598142169858 0.101368045803995 0.275145936435847 -0.439466509882197
-0.0580118272918136 0.104236130621079 0.296406964902177 -0.337515574034463
-0.0982391660166274 0.0769387463885849 0.268913407656024 -0.180306528865451
-0.173944832720509 0.0128163204539656 0.0986204996124021 -0.0958221893393887
-0.127971891523329 -0.117832439046744 -0.0560576695378179 -0.212946291779348
0.0265872498508278 -0.160099445169975 -0.0865195931248464 -0.408317441500592
0.0697333536987891 -0.120834716596825 0.0793369425844268 -0.67066556530241
0.00819333225117425 -0.341562169275244 -0.0971719032560881 -0.510381269365932
-0.0413761393179726 -0.342362900657435 -0.143947055812317 -0.279461000048832
-0.227006898186417 -0.244675693852532 -0.0427123836065076 -0.101267745895882
-0.314902524886971 -0.0568222079347588 0.0547225945235482 0.0188129703195841
-0.266214183244291 0.0894164292697292 0.252369547329124 -0.026750659479477
-0.187075646513139 0.17109068103737 0.303400790336699 -0.197071631509704
-0.107223395389227 0.232238826384974 0.288277075338042 -0.317747456190879
-0.0891024308265548 0.23090998845572 0.248676149655342 -0.377328431014709
-0.0926234524093555 0.259963546487679 0.241454106782396 -0.372910799455784
-0.203050181415628 0.246740364828079 0.257438000499875 -0.295043343886845
-0.284070834218594 0.157662382414445 0.238920253420635 -0.153396190528435
-0.405699907714343 0.0245060634185467 0.0597860872056019 -0.0623914176894625
-0.351885705966533 -0.217102716591133 -0.10415231612115 -0.193243009294843
-0.115087664372574 -0.383515881856951 -0.137322376339313 -0.361886379015718
-0.00379745603167137 -0.398960674538928 0.0172856077837646 -0.565101967666805
-0.0208954127014267 -0.519420768486493 -0.0758266992728802 -0.379806531059944
-0.0922854882318334 -0.521878184149847 -0.0962984192269285 -0.228690813557807
-0.347400944399536 -0.38738979662265 -0.0237745673453003 -0.124829110882143
-0.493964126686886 -0.131410038386061 0.0385235356609807 -0.00282146574921493
-0.455415666147631 0.0999106094049923 0.189297446410018 -0.0131962660597597
-0.343698524617311 0.249554427773484 0.229919848006776 -0.132783263018578
-0.212087424213218 0.350359428347582 0.226904353176207 -0.212255397152705
-0.165517092132542 0.347306530752237 0.192284406629103 -0.245158797517022
-0.154185667419833 0.37983611993058 0.174850999593643 -0.246593578263155
-0.300178232914771 0.367123141279083 0.190185844682078 -0.200738470840713
-0.417102500064627 0.243598262262889 0.185015538262311 -0.099180273094337
-0.581160996138752 0.0684274478773057 0.0270464484712297 -0.0125746420196246
-0.540429612168883 -0.253189813806703 -0.125940752089463 -0.140082898690242
-0.264698808054557 -0.527419971388746 -0.144403447998268 -0.264006341391852
-0.0979971720103028 -0.604799236656944 -0.0120634785241387 -0.372749202387794
-0.0508099820961788 -0.632653696519128 -0.0729779195360825 -0.176892492875225
-0.150203155216302 -0.646604902495488 -0.0537979610426973 -0.112284402796094
-0.449629081206354 -0.484880775333045 0.00233852594828755 -0.115628643978141
-0.630628935583946 -0.179143227174793 0.01544351992899 -0.0282760018061727
-0.590905857936329 0.106901020812638 0.0827170660722135 -0.00293439026649785
-0.454602090808017 0.298676985065699 0.105312651014457 -0.050118703360415
-0.286034092984247 0.419368138798398 0.122259872819281 -0.0727599629067034
-0.215181606843186 0.408951737547973 0.108474092056897 -0.0761031675318071
-0.19131758429114 0.440493896930424 0.0933740964491045 -0.0827313134759763
-0.349751237860109 0.428063552691253 0.110752057707679 -0.0688153755218932
-0.483877217162295 0.291548532263447 0.114690355241581 -0.0173892388923144
-0.667076199787344 0.102868970170357 0.000989283028704839 0.0454377782905225
-0.64029466368471 -0.242941489445119 -0.113421403939858 -0.0717156122476714
-0.366163271118804 -0.575872643295361 -0.0990656313719136 -0.139821972238182
-0.17773378093877 -0.705312840308443 -0.00125411114046193 -0.136382447125218
-0.085813403011861 -0.650906385621421 -0.0823650316117084 0.0734947114990758
-0.201831127511091 -0.672509969356749 -0.0192323530017994 0.0546394335865982
-0.498888699377554 -0.497748728215558 0.0211196881771489 -0.068746002757542
-0.670610490183195 -0.180772145569384 -0.0194729958201172 -0.0383551790095739
-0.627645261042061 0.107770015094665 -0.051292863779782 0.0168544013713905
-0.487596518741268 0.306533639189048 -0.047220432883987 0.050363859423427
-0.311450107034756 0.42664235817556 -0.00671279266550668 0.0834099593887378
-0.233500235271975 0.409539820094363 0.0098959195598403 0.103251428901727
-0.207087423163502 0.430362872333442 0.00468652835033886 0.0904902854219874
-0.359340011633825 0.410989506749659 0.0241471671505385 0.0731522181682007
-0.483938450325329 0.270597316415012 0.0339211582306425 0.0704964855028993
-0.638647413051277 0.0872727967283387 -0.0252408708824582 0.0942039992852566
-0.613832824372011 -0.22113926455061 -0.0804119530667799 -0.00880400386003964
-0.377386036127475 -0.537972186764546 -0.0200647862441237 -0.0203561036218103
-0.21678774617376 -0.693025639908503 0.0387425456966227 0.104807629796178
-0.116454758850956 -0.565706972110774 -0.0921947467483248 0.328680994262638
-0.225197737030124 -0.564175341265244 0.0109669098640472 0.233218308373885
-0.457350014344536 -0.401873080978495 0.0259266044756068 0.00596624377050378
-0.574730250662169 -0.134732699265863 -0.0600568518231758 -0.024457000022363
-0.537936714164206 0.0931895889989927 -0.177896702308416 0.0508962742750182
-0.427851185452627 0.264757948519414 -0.191564439810946 0.156283110085451
-0.279845470849227 0.366206917231922 -0.132637416045173 0.234286748430166
-0.215702682943416 0.348319081293539 -0.0891825453929655 0.26715003283444
-0.201236451266888 0.355845206945039 -0.086475461359798 0.243443413832874
-0.327347597567486 0.322315639405195 -0.0704342878926062 0.190906354438515
-0.42069063932572 0.18593070025415 -0.0576842141198693 0.134217318908634
-0.507695775198919 0.0245041030514476 -0.058429501387667 0.113018525554724
-0.470122274303627 -0.192554597850506 -0.0449630606258412 0.0324792743385437
-0.305316371071141 -0.432046499484646 0.0587284151632428 0.0748597751777878
-0.206105785573904 -0.580313356628018 0.0843548013890115 0.313824335335613
-0.128910829742171 -0.381868318658915 -0.0942363001168514 0.540893468323578
-0.198030832900294 -0.346380820290222 0.0390590635384253 0.380170278023977
-0.320330028032424 -0.222873194955395 0.0277380505575463 0.0899005222894599
-0.357352100132858 -0.0669841483722492 -0.0842805631493027 0.0111588413758155
-0.344986597484682 0.0573186906991267 -0.260643290592101 0.0920267226528276
-0.291523337561444 0.176047969041803 -0.292632447939683 0.248835760962936
-0.202565922122607 0.245737466151845 -0.229637065121855 0.356766037525016
-0.166110236481183 0.233332699019434 -0.17472619545743 0.392524147950509
-0.167974056422089 0.231397419174932 -0.17631118073736 0.352543910887688
-0.252798570841899 0.191498085285252 -0.170793848106481 0.261910298050166
-0.300201505189312 0.0769043470934567 -0.154322065093567 0.152335769471733
-0.31003510494474 -0.0406229315702367 -0.0930211817691016 0.0941134535369339
-0.267461156779531 -0.137308376370168 -0.0161982766672978 0.0515044867284063
-0.19435391646311 -0.271045761900182 0.113426709553841 0.139502324486419
-0.16532796976973 -0.388610016424854 0.119608522212119 0.465939123115176
-0.10892213861711 -0.131871766184471 -0.0887860485574919 0.671569320142969
-0.114549844630835 -0.0776654817126905 0.0744740546406407 0.470020697505037
-0.112761701605269 -0.0277726191411179 0.0446995553061698 0.162935622664889
-0.0842269981592187 -0.0131090582956798 -0.0785364111603263 0.0498141430778767
-0.11058447233933 -0.00562716555358001 -0.285159975772922 0.126140398785066
-0.11978867608874 0.0497330984656136 -0.329437345788911 0.30725799719797
-0.100233575992353 0.0823067507961221 -0.279753412949347 0.426683625306609
-0.0914259649693559 0.0837334690364749 -0.234002271571514 0.458283626341524
-0.100605076921998 0.080704673141354 -0.249732067794101 0.403468532392958
-0.132508035012159 0.0541247643146798 -0.261005204224395 0.278689355684208
-0.136280548551741 -0.00927193969019653 -0.239250979567558 0.125750591948332
-0.088096349914261 -0.0566275470024696 -0.11734904957463 0.0462511695549323
-0.070721615211698 -0.039949544677597 0.0067831659037383 0.0573455506548007
-0.0974798533670904 -0.0739953970825515 0.139110421185873 0.179781179987384
-0.121539710173055 -0.152754391287069 0.140334778426939 0.545891710429776
0.0448786060013368 -0.124051995533025 -0.148151167160473 -0.551681615716809
0.0166562260983261 -0.143028935643347 -0.189710512315933 -0.270769578137809
-0.0893142718127856 -0.0978232614308923 -0.0455281112746792 -0.0600198143637143
-0.121485961071996 0.00980994448720947 0.0694832395462667 0.0238628857897604
-0.0645549885566448 0.0630761180611391 0.270641460074439 -0.0582829394698556
-0.0226936337671411 0.0679876530382048 0.313843907458082 -0.245717187557328
0.00572464442250598 0.0803105079405625 0.287939851284163 -0.380975254297837
0.00468071595552964 0.0806578868726388 0.256312592862788 -0.452379338854696
-0.00394543089028238 0.100541404527803 0.266133649603103 -0.440131258194325
-0.0562122454224224 0.104768350130312 0.289395623196097 -0.340131486233899
-0.0974038824738764 0.0767850005710709 0.264818903126346 -0.181374026137754
-0.172622329254201 0.0147621674419212 0.096656653464179 -0.0956657224586607
-0.127763600875563 -0.114952585212955 -0.0583119318753217 -0.207981505796355
0.0243340414299158 -0.160269200631511 -0.0868637299209768 -0.400524718307229
0.0671896077665909 -0.119414939584961 0.0720126800180128 -0.664839947367797
0.00652962062146199 -0.336616317210293 -0.104486100669741 -0.507409258771411
-0.0432490312524724 -0.338295265401897 -0.143647950263684 -0.277283588097358
-0.225605895514756 -0.238840210803753 -0.0434119648491893 -0.0983102444144541
-0.311699753415396 -0.0512014215006203 0.0539187258798576 0.0186332673133072
-0.261426919241619 0.093812284122658 0.250312940860004 -0.0322876973368718
-0.182757850869982 0.170375965097808 0.297318013655724 -0.199737188811453
-0.103005077358265 0.230198124943818 0.281631553651969 -0.321734570652761
-0.0846269000542872 0.231004205774028 0.240345003911758 -0.379307103873401
-0.0880991120889045 0.259277089731666 0.233082538018254 -0.374901551199546
-0.197790129306668 0.249525697761374 0.251669696753543 -0.296970477601313
-0.28041884114145 0.160065072809969 0.234999870938848 -0.156993347366992
-0.402361551705442 0.0294690677257879 0.0589811386751261 -0.0614862108661922
-0.348786840275718 -0.209756189879687 -0.107597957928591 -0.189379120624141
-0.117532056596482 -0.380969021706491 -0.136869874192577 -0.355133912547154
-0.00727753151535199 -0.392439741320012 0.0131437865751273 -0.559294806942689
-0.0241458037487449 -0.512054673207787 -0.0802217303518468 -0.378745726907544
-0.0963014188319026 -0.513993741463072 -0.095673007576995 -0.228044521665194
-0.344874052822302 -0.376477804208717 -0.0250992472226411 -0.122009714889499
-0.48719897429464 -0.12325909181868 0.0379157181269417 -0.00398252144160744
-0.446795300467031 0.107581082696515 0.187436308136431 -0.0184944965916101
-0.335014833059497 0.250445617642429 0.225298000456467 -0.135960932387441
-0.205249233945516 0.349435133058812 0.223319336721631 -0.21756203261842
-0.158502952710041 0.345727363870958 0.185952946756958 -0.246797011043416
-0.147730347602883 0.37890659970633 0.169640645449012 -0.248859350177339
-0.292890106662123 0.36804223622848 0.185482992979207 -0.202457539641933
-0.41070348161311 0.247030725154324 0.180795364994313 -0.10326612092871
-0.577111654442906 0.0747441608350602 0.0272275949565527 -0.0105748962610895
-0.536153333252253 -0.241699550598618 -0.12918057864237 -0.136946674787071
-0.265655981250805 -0.520857680905965 -0.144588728289611 -0.258233015441655
-0.101300696352411 -0.594990478573462 -0.0128107200034933 -0.369537853383215
-0.0567688609619424 -0.623814380352779 -0.0753948970982041 -0.177743242239507
-0.154219120096076 -0.63929402377769 -0.0532662135840178 -0.113231140483234
-0.44692109407548 -0.471203766311189 0.000253828146015295 -0.114251581489576
-0.623176599164575 -0.16762183293728 0.0150396665822772 -0.029335098045449
-0.581446917559381 0.115753064101753 0.0835788277615167 -0.00759756231326549
-0.445118506223912 0.302142884352123 0.103697342416718 -0.0523312217735432
-0.276579704657628 0.419050453206648 0.121374823675161 -0.0785959036521161
-0.209407740797327 0.407085294036674 0.105091350930464 -0.078487359170728
-0.183947054127949 0.438279726489826 0.0913198420461744 -0.0854883577311124
-0.340027277392241 0.429813703581831 0.107941217927422 -0.0708418382055316
-0.475573195312928 0.296540042174733 0.11134822263108 -0.0226356002818918
-0.659756750356296 0.112529920440709 0.00300561504798765 0.0476082159710881
-0.634402187070832 -0.231073030758165 -0.11667608612028 -0.0698689473819187
-0.367668769249352 -0.567795154092236 -0.100348197593784 -0.136095372206908
-0.183258675984342 -0.691028291075924 0.000823003028446168 -0.132833963015757
-0.0920509177993291 -0.642982352192334 -0.0812408394826266 0.071148594231582
-0.206876874358789 -0.662280491485178 -0.0170754243679643 0.0527276980827332
-0.498211815924285 -0.482921564275342 0.0186461522547647 -0.0687353145038833
-0.663557861173349 -0.169142764828935 -0.0199896027354101 -0.0405301591115368
-0.617653306759198 0.116622715504816 -0.0484680520702964 0.0131933637902636
-0.477631276924945 0.311661485823726 -0.0461817376143002 0.0495712335368522
-0.301817374466172 0.427151948397987 -0.00436474737666063 0.0785180163002999
-0.225916271950553 0.408691594217354 0.0108916791741152 0.100389439204456
-0.200555640626329 0.42917620169798 0.00656988711686889 0.0879250139375818
-0.350667640059236 0.413133049593617 0.0240019857175841 0.0715720198773274
-0.476034768542017 0.275465484314035 0.0317452633349488 0.0661091017221725
-0.632372858797896 0.096016896084295 -0.0222266028400986 0.0964956501488802
-0.606620125000048 -0.209455558469765 -0.0830414293932632 -0.00854121856356871
-0.378258539321964 -0.530344366790233 -0.0221935741051769 -0.0191787877278191
-0.218441255784714 -0.678821326468609 0.042936435820187 0.105144201983982
-0.122536845954005 -0.55953583800923 -0.0876387718091509 0.324372799301764
-0.229812128481561 -0.557095374180807 0.0135380116294451 0.229219346784622
-0.459024579977913 -0.388507318337396 0.0243790926470741 0.0044153075870948
-0.568436899325358 -0.12320410167094 -0.0599330725748195 -0.0263637273673874
-0.528513494022571 0.102191351101003 -0.173991618296639 0.0492423315137794
-0.419036362759671 0.270541383220517 -0.188047552500283 0.157269889405136
-0.273756515581298 0.367694139936132 -0.126561506249158 0.23091798445713
-0.20989994553168 0.346262131480299 -0.0851178336489715 0.264758314196137
-0.1950196897475 0.354526516677803 -0.0816241261079847 0.241622002651626
-0.31951479472506 0.325326038767962 -0.0680330966841233 0.19023155029305
-0.413604577105521 0.190733000345893 -0.0586638072034862 0.1307036333558
-0.504020222141555 0.031554542500445 -0.0543354603722778 0.115168682015451
-0.465254883842909 -0.182585652870503 -0.046702202290636 0.0317657882749851
-0.30464294088459 -0.424632591026773 0.0559620414402944 0.0726021783499376
-0.208556034505512 -0.566800490383511 0.091103055114202 0.311939358000848
-0.133872535323171 -0.37645270634344 -0.0868988996992271 0.536757721053807
-0.201389839656593 -0.341183123900731 0.043292045864435 0.375900601109649
-0.319455453803047 -0.21337905521249 0.0268096165130599 0.0874561629755475
-0.352764632627536 -0.0595636500847075 -0.0838187684350645 0.0090436142133237
-0.339892305154987 0.0625555841221429 -0.256476809525789 0.0919619137887827
-0.285314213930542 0.18055883842336 -0.286407961565664 0.251241703108601
-0.198387545314548 0.247118248201946 -0.220880786957408 0.353782853184357
-0.16209686142037 0.232634706380595 -0.166750505240342 0.390239471989822
-0.163246259267087 0.231326244843984 -0.168049362053744 0.35183093989368
-0.247696649573309 0.193689764016304 -0.165988685651569 0.26248472891473
-0.295772445068903 0.0817175035101532 -0.153998725994892 0.151244275433451
-0.306899773818126 -0.0350897795679594 -0.0901100370700573 0.0956712173479019
-0.264195897824093 -0.13160895917169 -0.0174578198861189 0.0495280679473068
-0.194213209669811 -0.265510517430017 0.110521058414434 0.135707477882652
-0.167438913071984 -0.380966648965676 0.127553743832276 0.462845441182138
-0.111216356900793 -0.129649041437797 -0.0786307856727787 0.666792764428902
-0.115342348253473 -0.0753235326088199 0.0785326880967845 0.465517890423821
-0.111583728692809 -0.0231450273798869 0.0439807489915754 0.15974673675096
-0.0825900913168537 -0.0110835459001221 -0.0772760859332505 0.0474201677687926
-0.109617055303538 -0.00356397031841402 -0.280665901237109 0.128257999612523
-0.116982796772321 0.0523718894718327 -0.322066087780597 0.310212125736154
-0.0988350361404302 0.0839908882504586 -0.269959280796008 0.426345148597601
-0.0902787867400993 0.0836252046108034 -0.223140026756993 0.456775333911553
-0.0991374289227496 0.0814602500684569 -0.240183016149101 0.404098336674299
-0.130144985270423 0.0556967645703339 -0.255185048163156 0.282314012869512
-0.13334938878805 -0.00608351733192794 -0.236675216926937 0.127441479153824
-0.0868393928795758 -0.0540780800732683 -0.115139578129249 0.0476300619344206
-0.0701963108677381 -0.0372633711953576 0.00737436659833339 0.0547344321267058
-0.0967215619072127 -0.0708119248330183 0.136698641223254 0.174979740462659
-0.121724965632212 -0.149393486720225 0.148325676457012 0.540973436422301
-0.0122005508301404 -0.123322240101024 -0.382288711928103 -0.45192415813317
-0.0425525445250575 -0.132297237237129 -0.297478601038617 -0.167487386406916
-0.121727451521437 -0.0530592698066093 -0.0729316039391508 -0.0312274676199622
-0.105102102217326 0.0581817140789007 0.0711825129013295 -0.00361718048797372
-0.0356205554358968 0.0827299639451631 0.220725517482201 -0.17354517348438
0.0044103539223672 0.0702722848726576 0.176115879026564 -0.364544881153295
0.040044551197108 0.0693593137798544 0.0933972965508376 -0.477759757704237
0.037265930773073 0.0754740507309093 0.0272463611460153 -0.530139349273684
0.0418207656157387 0.0947919356616391 0.0404191144089728 -0.524914375746367
-0.00553785180615964 0.121651875705741 0.106823500304343 -0.442664939991583
-0.0589271355331056 0.113248395325589 0.156427443092267 -0.289122144261999
-0.150960710130557 0.0886257600839367 0.0388920630058089 -0.140185358594653
-0.168549159237424 -0.0545806478911729 -0.142021589224355 -0.16745724190213
-0.0497818663269175 -0.165995583488276 -0.241355448196504 -0.328090771840589
0.00657786988092264 -0.14832197337747 -0.215156502537266 -0.641494945140533
-0.133647891486313 -0.304565071046965 -0.329988122933344 -0.435339932752032
-0.178160038940767 -0.284777392447486 -0.263915253141593 -0.193899060216012
-0.303535115596508 -0.123990457495045 -0.0963711043648772 -0.0628020871082221
-0.299695529957372 0.083227837840038 0.0458345341932661 0.00249543516819462
-0.198751020146783 0.193994812359889 0.211618728170613 -0.132955689723237
-0.0965055354606923 0.233451766120209 0.180682909488423 -0.309885787085042
0.00544050318516049 0.253199682312207 0.113179105250298 -0.416131660325396
0.0164635359620855 0.254595935216703 0.0433416152279609 -0.454306363091431
0.0316367294090466 0.277749554663525 0.035644143885588 -0.450072198375578
-0.0743989692684904 0.318792837424098 0.0847664607320893 -0.387148642753296
-0.193543085384007 0.272779546241788 0.133414133940008 -0.261469071418851
-0.354933222075924 0.205836687835316 0.0112522949870718 -0.105694631854339
-0.41737701118851 -0.0467165965081654 -0.177108885412942 -0.138064378502614
-0.279824697821775 -0.308928540771294 -0.258062452986902 -0.271339681813819
-0.191111623870225 -0.368118073928323 -0.205786400972054 -0.518187462815084
-0.232552858650873 -0.455670299736358 -0.259945250822072 -0.328271255263689
-0.299240833438475 -0.424537403189965 -0.203169084945914 -0.16930123375636
-0.469444680699672 -0.197886611921597 -0.09959870605409 -0.0891692348354958
-0.486271798500885 0.0934014056626221 0.0120365293820703 -0.00742093204836712
-0.361312780472293 0.286394344676345 0.158947904493696 -0.0868073287492813
-0.200958992720072 0.373587753217553 0.143613592752618 -0.214802743958487
-0.0379000344434697 0.406222070609782 0.104764044415519 -0.288925793790627
-0.00406810535914654 0.394365087431664 0.0524428034519009 -0.308753963344781
0.0279803349811261 0.414792332086614 0.0333130836324977 -0.306194167872426
-0.109828929494848 0.471600389940706 0.0633881836767961 -0.270940161882881
-0.277546922347152 0.412072853488901 0.101468324896436 -0.192532533880525
-0.494616439848081 0.326896386445184 -0.00345920531884225 -0.0555108404156267
-0.60647590186665 0.00515166909483761 -0.17513585361969 -0.0886922486848107
-0.480594778472989 -0.370739713210645 -0.216781817503284 -0.186532298640159
-0.374594708800402 -0.511078554265697 -0.134472198185491 -0.33363866350564
-0.306110162204491 -0.548617388203533 -0.171916008706961 -0.145288940213562
-0.405810536651923 -0.51453936302091 -0.116145993614977 -0.0814740490697522
-0.602887505693616 -0.242229516986109 -0.0792170890380687 -0.0896303637553933
-0.627353468359464 0.11140780063921 -0.026779970278695 -0.0171635045631595
-0.477519303923403 0.352258048090513 0.066890100037362 -0.0251379551087541
-0.275863855850422 0.469251813254448 0.0692279558141318 -0.0805467218464475
-0.0736320069985387 0.50311497104792 0.0725646728158162 -0.111605589268647
-0.0236561921343732 0.472029161592327 0.0553850305841854 -0.118527708347861
0.0192071472033381 0.486437221442419 0.0358887067183586 -0.120392791664148
-0.127606214293926 0.550804503210246 0.0504087050294296 -0.114998151581601
-0.316040692038816 0.488247215371301 0.0708855717693294 -0.0895547193436239
-0.553488804337389 0.398331762706459 -0.00504925819495796 0.00507002097486808
-0.692764476378904 0.0586198970226778 -0.136083601187679 -0.0374804861834416
-0.593347346250105 -0.368909185396048 -0.123010842167448 -0.0988456803415991
-0.493028416156869 -0.564529061589045 -0.0126200261394006 -0.126174277545953
-0.34518599214611 -0.555600261896183 -0.0704875366797467 0.0880869994319513
-0.461346652126362 -0.519260933505532 -0.0112531954422483 0.0558845464532117
-0.655219164283341 -0.23295667136522 -0.0439543686125345 -0.0544150120051602
-0.664636283506853 0.129116625934486 -0.065971526856017 -0.0112137977363327
-0.508229386836289 0.370783747961129 -0.0445230239031152 0.055463392197764
-0.299321719981068 0.492758236100294 -0.0217971798863229 0.0810737938446317
-0.092818216847584 0.52035044533879 0.0284017460982079 0.0900965796425413
-0.0398843246985476 0.479028695650855 0.0508224003477751 0.0883954251451298
-0.000907867307862801 0.48477409654272 0.0375889414579193 0.0766188587948833
-0.143681261035483 0.538739218210809 0.0381995339385704 0.053109405790201
-0.325062425252781 0.469165107961419 0.0382231502965172 0.0268976796138606
-0.534585407804408 0.371681621693427 -0.00460608042146541 0.0613363961036889
-0.656487380127902 0.069308861058684 -0.0791241135281496 0.00408512022377717
-0.584475633879885 -0.327417065300337 -0.00434719768438115 -0.027364392843107
-0.52200811519723 -0.533114889951964 0.130278679645043 0.0735988166739148
-0.335629022728989 -0.467983786122016 0.0361311316748285 0.328455795634963
-0.438744452501416 -0.414670116449052 0.0990918505171756 0.206037106231707
-0.577387989682932 -0.163628709513649 -0.00205673216919501 0.00969935103560371
-0.558355247755826 0.129872170297499 -0.0917986606202236 0.0176739313233006
-0.432933907264214 0.319402485902272 -0.141872298211411 0.142805413776512
-0.261469559440781 0.43115472178145 -0.10223452358645 0.242346404694955
-0.0922228872860438 0.454696623538757 -0.015003173282869 0.283332177185097
-0.0494992451390094 0.414080689319831 0.0390934894610465 0.280984600549899
-0.0294277032594018 0.413980815295694 0.0288128407084934 0.25693815512938
-0.154831500138362 0.444079114780935 0.0110211557404885 0.203414297175273
-0.304101897127806 0.363999915933693 -0.0102493752320766 0.128829150803199
-0.446789177013016 0.257614097640025 -0.01642127925909 0.0979100929625988
-0.514017529462008 0.0333275576878923 -0.0276127344695667 0.0294980324331382
-0.470375081637355 -0.259095358879481 0.101376068912808 0.0268527699704985
-0.458948540294006 -0.43206888225163 0.258349078200566 0.244201114787827
-0.270507575340473 -0.297859773583509 0.135336918051162 0.529258662346605
-0.322580853490271 -0.233017627335053 0.197677332894536 0.328387196443255
-0.378609467061883 -0.0606343226802677 0.0461802120531268 0.0800981564893976
-0.338222597868745 0.0969457965298403 -0.0883345653562316 0.055593936381066
-0.277063315712035 0.202921513049999 -0.195308269703728 0.21269997802315
-0.177819475559457 0.291420520186199 -0.149151274447638 0.367346667876443
-0.0750003880895152 0.312957349151534 -0.0446343092011334 0.43560732615074
-0.0532593519492036 0.286420432125096 0.0231959780121956 0.433097619547923
-0.0532223656287249 0.286868223049749 0.00262953407352678 0.396735296816314
-0.144980894317828 0.290950299444705 -0.0401999840463954 0.31365462280087
-0.240049115204078 0.208636097359986 -0.0815822619935392 0.194977363863644
-0.295785099400077 0.107516380597817 -0.0469814792298309 0.106167954995184
-0.304117528484626 -0.00576521283671435 0.00732862890185856 0.0402490106608146
-0.296384315215953 -0.158277612566633 0.169914726527039 0.0661914645002014
-0.333595639211523 -0.274614189362811 0.346181805288527 0.367016418141587
-0.147559896444121 -0.080506317242332 0.210752454933017 0.648974208031245
-0.134043467137975 -0.0276617096430152 0.276726471923929 0.395657305921395
-0.109260043625758 0.0254029284473854 0.105982194917779 0.131037104269125
-0.0761978294668232 0.0256006103812983 -0.0542622459976504 0.0797591058541695
-0.0962744019876127 0.0450249760740249 -0.199405971667421 0.248673298522569
-0.0791877506234816 0.100231095290427 -0.154698246003003 0.431960030467762
-0.0546418526096485 0.120631841640507 -0.055949737185558 0.517493650088793
-0.0479003016187939 0.11525230708675 0.0044519244422175 0.519474359268753
-0.0584041669270543 0.118871573296348 -0.0362929879730449 0.47769017736805
-0.0960193449874788 0.110582388716915 -0.107387043943867 0.373009648038406
-0.126947556767387 0.0552765017903184 -0.161078742781264 0.21775698211347
-0.103345178070715 -0.00843506605316001 -0.0820551588714406 0.0868278868337494
-0.0814962054059003 -0.00214418211784064 0.0306546921769846 0.0419756680914918
-0.119715324790864 -0.0192926865779221 0.20113841556024 0.0967238226916448
-0.182978564555839 -0.0785548201036226 0.385743947580811 0.43050465594525
-0.0152380430570289 -0.126431683918612 -0.415135686389964 -0.453700445714131
-0.0471291113959729 -0.135804518181707 -0.313252941021779 -0.164205755508524
-0.127920394133969 -0.0518528649383121 -0.0743800188333036 -0.029413042014629
-0.106282659846045 0.0633295298536666 0.0741128192707105 -0.00560185634200808
-0.032688372108389 0.0871736125627706 0.219802456700983 -0.190192321606382
0.00631849482104824 0.0716427795548145 0.165998605480671 -0.385215537035527
0.0446410465232527 0.0686652981864933 0.0758028264726607 -0.499526758882275
0.0426782372406242 0.0764349530640573 0.00340427831885 -0.549422703559458
0.0479496607547655 0.0966276895865032 0.0177724619507785 -0.543793995359368
-0.000104117470762166 0.126841140625329 0.0917217503943611 -0.46305010205557
-0.0575352766867849 0.119810238842683 0.150846730921887 -0.306052222792499
-0.153077954972797 0.0975684560680093 0.0344107174253403 -0.145883743527591
-0.174707915090661 -0.0503086413089162 -0.153116042486123 -0.164718025484946
-0.0583381328037047 -0.170501706570879 -0.258176128376369 -0.330848080955387
0.0012347493418547 -0.151984155779946 -0.245830832964785 -0.655611166494316
-0.148136833759587 -0.308934183537866 -0.361943364060606 -0.439173355442037
-0.192543280946434 -0.287547434724797 -0.279929101158036 -0.19242540706952
-0.316511078249644 -0.116047333137935 -0.100424106176759 -0.0609575106681052
-0.305064188098377 0.0973211452275377 0.0472775844655076 0.000946135624748565
-0.195421811639176 0.208969378580422 0.211314989294902 -0.149337953921317
-0.0912247005322833 0.244870424178937 0.173432684620222 -0.329221485109047
0.0151296636237579 0.260848209419469 0.0967953599027846 -0.437686086040574
0.0280696444265804 0.262367210530102 0.0240996598558922 -0.471518171597623
0.0443190540647874 0.285879896919418 0.0168395590857189 -0.466560066335506
-0.0620943144121953 0.333656423378958 0.0710251366485018 -0.404300593410306
-0.190401477169469 0.290937502966443 0.12591888809647 -0.276827990732482
-0.35981704708694 0.229383549856654 0.00858651607006953 -0.109124705226956
-0.429871826762719 -0.0326339669545294 -0.190048274158256 -0.133309610410298
-0.302426616251574 -0.309261029660974 -0.272994787930259 -0.270620389358261
-0.209963727363542 -0.370825315824871 -0.23122591693693 -0.529526979307066
-0.257527773736989 -0.460299632326298 -0.284255689812722 -0.331903619900606
-0.323191615767423 -0.427018404792499 -0.216194976256612 -0.17025143953379
-0.488383840806694 -0.184963844849213 -0.104502189348545 -0.0880376357846521
-0.49551701385001 0.115989931969764 0.0114012050121859 -0.00860381599685388
-0.357201170035095 0.309764199283563 0.158924201923911 -0.100795476216661
-0.192382519239125 0.394469789780965 0.138344321128687 -0.228954475303058
-0.0215964504579863 0.421961384693936 0.0938811601938903 -0.306640676647131
0.0115526492709943 0.407608470089039 0.0402698044144354 -0.321972234542462
0.0457384718856303 0.427303682969852 0.0195018401865048 -0.31773822742322
-0.0925262300582382 0.493719038471418 0.0535782947340524 -0.283651430869147
-0.269722923280455 0.439605212769344 0.0936343764066838 -0.204578543211418
-0.496767557574097 0.359410016717142 -0.00369450358499689 -0.055871882579681
-0.623475468925113 0.0281080650678808 -0.186754142416052 -0.0815679761128813
-0.510938257650407 -0.368452039877695 -0.230300560937323 -0.184199637762213
-0.403221477767234 -0.511570717502383 -0.148405709920508 -0.340658377845573
-0.33620995079264 -0.553384698098163 -0.185823190926046 -0.147033378121662
-0.434978926570206 -0.516594509244318 -0.123642060643289 -0.08259279320845
-0.625541793671369 -0.224091515313181 -0.0841188095694414 -0.0899566638263885
-0.639607269063451 0.138664629787829 -0.0293396789522213 -0.0185691254555267
-0.474265107660423 0.382293587949833 0.0666047419603099 -0.0342247571709339
-0.264840183667654 0.496858730300119 0.066728355627075 -0.0875560685796438
-0.0545473746650358 0.52311501411829 0.0679559262027231 -0.122907716424725
-0.00633514993792903 0.489456396559487 0.0515285113053382 -0.124920204856212
0.0389457936750887 0.500657489557596 0.0303147306285458 -0.126541314571398
-0.108024642864771 0.5752847541524 0.0463105583170538 -0.12176424724186
-0.307637624109014 0.518347593890796 0.0651731389625559 -0.096641401059436
-0.556473953099881 0.436697641454779 -0.00201185348829639 0.00589060712557625
-0.709324065151027 0.0863378017659641 -0.145899831649849 -0.0297456432162761
-0.627916024748945 -0.360973581990487 -0.13059643168974 -0.0976362238333909
-0.527390772756209 -0.56022418287404 -0.0134563395862422 -0.131050885124298
-0.378501509533161 -0.559132753711167 -0.0710853006204373 0.0899714924823161
-0.496929605928557 -0.517305649175705 -0.00959974690491057 0.0553454856938513
-0.681322839652937 -0.211755384318515 -0.046738453659656 -0.0547878687587923
-0.67726991803848 0.162219960140855 -0.0695059136254356 -0.0105928677323399
-0.506026756708207 0.403034929613403 -0.0450565807623163 0.0536131138999429
-0.288437363464542 0.5220059856033 -0.0210539591200348 0.0830415777491407
-0.0735087588729837 0.543188171961718 0.0304613737725365 0.0876834328624404
-0.0218700192371462 0.496940307046106 0.0554528305945131 0.0883207758004506
0.0177566903960506 0.501107377951272 0.0414236159430344 0.077215882286589
-0.124557726170205 0.565453689486613 0.0411323302705426 0.0524227944161796
-0.316705192111781 0.498846685475803 0.0361936029860694 0.0262310768760049
-0.538044580113073 0.408531462367696 0.00100818131189583 0.063960220836516
-0.673123734889826 0.0959505911490086 -0.0862737094794227 0.00991534307465466
-0.616520944083297 -0.31587398613465 -0.00626004223729658 -0.0277738421019751
-0.556452269469136 -0.528120667912337 0.142552144666552 0.0705373445586628
-0.365813132286013 -0.470129342333874 0.049391465574592 0.333525511193611
-0.469849233011233 -0.411770013978196 0.109766412137496 0.206939673266618
-0.600046201338462 -0.142241708869468 -0.00167698579119818 0.0095052778870361
-0.568630625964306 0.157376158641717 -0.0955029542603465 0.0194519122304377
-0.432388130313399 0.347496298139464 -0.141398558572268 0.149248035200808
-0.25158966340207 0.455596608498764 -0.0973612609187468 0.253299693593495
-0.0756699686138118 0.475215224981677 -0.00561972971945154 0.290227103124427
-0.0367178744887501 0.430639555510808 0.0519434902284544 0.287689455199509
-0.0139336241571271 0.428103385991041 0.0402367866009732 0.263704553273805
-0.140835962003431 0.46683593378857 0.0198248605099334 0.210120365723135
-0.298751176219762 0.388549880477394 -0.00967539022470427 0.13429621146296
-0.44952247746517 0.284453077884869 -0.0107755909787679 0.102231761575413
-0.52643684343014 0.0553656152320134 -0.0312113736621012 0.0329708106570833
-0.495777200678525 -0.249894253172327 0.103223932963413 0.0242128344139086
-0.487124531065353 -0.425320739328903 0.280755632845659 0.240459675413962
-0.292697256391775 -0.296329072469635 0.160844199689361 0.536323050430591
-0.343689672040033 -0.228283779159336 0.215828715383443 0.329619934515475
-0.39060560402305 -0.0448895758787781 0.0499329298752047 0.0814439527413421
-0.343639976666342 0.114254761548648 -0.0906487174307443 0.0588441267774216
-0.276824303820764 0.221493388565745 -0.194500626349021 0.22573821513112
-0.170633953683431 0.308536041280641 -0.139367758355517 0.385427149449162
-0.0641886120467037 0.327969154227787 -0.0286955407972629 0.449609884338207
-0.0449006433111527 0.2981885007583 0.0427052415321369 0.444519958328164
-0.0442937906527375 0.297818104057906 0.0204317909898891 0.408950803714839
-0.136935948607897 0.307136514646568 -0.028629905904318 0.32648336918059
-0.23794603745539 0.226199592445398 -0.0790182622754037 0.206051339239964
-0.299772676625494 0.12465251176865 -0.0426455776011681 0.111029868332334
-0.312022678092625 0.00694584828474371 0.00632011376702281 0.0414526327907194
-0.310961999542107 -0.152398237948847 0.174570412183721 0.0630979331271395
-0.353854623531898 -0.26946086529942 0.376735390495827 0.365298276663392
-0.15773716071293 -0.0764272638407902 0.243694257390142 0.658232215114985
-0.140924230828616 -0.0229952292445666 0.301483370997748 0.396843970306237
-0.109857662971903 0.0327646235676083 0.112690363262619 0.131758181120295
-0.0760021696003387 0.0298479587379856 -0.0541735210781318 0.0828351823300104
-0.0981240265022608 0.0503432921113275 -0.195302614826004 0.264177671703655
-0.0761795931125403 0.10728011393639 -0.141318553380304 0.453492570485296
-0.0505742936505875 0.128294492053711 -0.0360313278847524 0.535897414478274
-0.0463378569500764 0.121624017498389 0.0272832603823642 0.534474628925813
-0.0561982100795671 0.12474344915868 -0.0141404453958555 0.494539774252299
-0.09450521268377 0.118224944394461 -0.0935209447431156 0.390297571120722
-0.126742910660174 0.0625655120779651 -0.158326372588941 0.233945824097056
-0.105880251767181 -0.00432623060299959 -0.0802945513942836 0.0919787954203472
-0.0842458319375171 0.00277277572729288 0.0321148066609883 0.0403780387210307
-0.12408154397163 -0.0147034890153191 0.208365012832639 0.0928725613800107
-0.192716166611543 -0.0740666288596965 0.419567324855447 0.430471635077058
-0.0224843048337407 -0.127093262781973 -0.456169199026375 -0.437178882963447
-0.055288135389485 -0.136415509580876 -0.331437003264764 -0.146704842251432
-0.134263306610644 -0.0454904620191922 -0.0760757311742023 -0.0260828257056045
-0.104372081429972 0.0707760998335368 0.0751488150946454 -0.0106801155560316
-0.0263430780880784 0.091641085042175 0.208838438349498 -0.210097823986772
0.0107386083272635 0.0725427177734763 0.142927251642112 -0.404638069796212
0.0494346545670991 0.065939135992856 0.0412075732451777 -0.51597816960746
0.0496364431246545 0.0746362846927166 -0.0350811813548349 -0.558692964237194
0.0563985011695459 0.0955275002941532 -0.0211629307432515 -0.555743887025143
0.00931113842740881 0.130186470589873 0.0611133485744068 -0.478305557197024
-0.0518119943525804 0.126547947727526 0.133436868938361 -0.323442798003308
-0.150173392594079 0.110645003565719 0.0258622694818947 -0.149411859783626
-0.180025594422586 -0.0413361577558971 -0.164869257604626 -0.155544925138627
-0.0713312228503881 -0.170414724187077 -0.279090466400429 -0.321251391823121
-0.00754497782894163 -0.152975973694108 -0.293928850781787 -0.650384297082291
-0.169216211974098 -0.302710968303235 -0.399999165644121 -0.424341220479802
-0.21328661674855 -0.281019375624797 -0.298246594766858 -0.180037957061209
-0.327498980640863 -0.0962145405435882 -0.104045367685781 -0.0567411336813146
-0.302321744513733 0.118448568425412 0.047876570996195 -0.00235536840084161
-0.182241508147062 0.226426340140045 0.203028257154786 -0.170429632744011
-0.07636520682007 0.256163863747556 0.152626047933706 -0.348235997353623
0.0338282341635397 0.264240059576571 0.066395294559559 -0.45519761331713
0.0472991140504156 0.265368206551014 -0.00892180802559966 -0.481997979140693
0.0663077298685388 0.288180042703037 -0.0172409555843651 -0.476512834638618
-0.0390647362273558 0.346260664733532 0.0437101262872123 -0.418877534917777
-0.175250948950784 0.31102159594974 0.108000393208883 -0.291464263663363
-0.351580955158932 0.258312830841323 0.00291605602609837 -0.110616816329386
-0.439398294039682 -0.00652053999355518 -0.202873697584457 -0.118818286234549
-0.328619298340723 -0.296569802255796 -0.292524058147332 -0.259041877768948
-0.235960773097318 -0.361680449680061 -0.266794563554753 -0.524684713190319
-0.291347000214547 -0.450048837335047 -0.314613137586625 -0.322991273373187
-0.354033421156709 -0.412853997114413 -0.231208147675074 -0.161108176989423
-0.504666083367309 -0.154949193332885 -0.110053724684404 -0.0838526194481182
-0.494253470204643 0.149987452353597 0.0108251070901077 -0.0102991906327311
-0.340049837075131 0.340170798786153 0.152215921859455 -0.11771778314282
-0.168417869609419 0.415028534462944 0.123423633490792 -0.244551610471771
0.00660163901315212 0.431727099057713 0.0706618969416536 -0.322591292532659
0.040160625154959 0.415917738577932 0.0179947728015041 -0.331344171180073
0.0760443270285224 0.43118316973473 -0.00354868530016271 -0.324954959932968
-0.0586725726829893 0.511473192737221 0.0342873319529519 -0.294114422352159
-0.247020392923346 0.467089217754413 0.0786996285111091 -0.215217025630204
-0.482308122985276 0.403094646589867 -0.0051450672056721 -0.0561583710750943
-0.631908673068196 0.0686632373241505 -0.197580828683902 -0.0665359701011258
-0.544634010497544 -0.343403080453052 -0.24435955801629 -0.173756711951035
-0.440234200387083 -0.490559934244211 -0.169810401915301 -0.34015349484947
-0.379256786013509 -0.539545481103242 -0.201426356873078 -0.141328208571498
-0.476043686320648 -0.496415700551751 -0.131748117509176 -0.0786671344966899
-0.646907995670795 -0.18575082676827 -0.0898425517056271 -0.0866909404019155
-0.637771138688554 0.183601095133476 -0.0318521191095963 -0.0182570622928247
-0.454170234624618 0.422641844770151 0.0623573290401307 -0.0448955169727594
-0.236944437975208 0.525300674318137 0.0596604718981539 -0.0949784950259759
-0.0203183739130164 0.537431382564169 0.0573052651929654 -0.133732053263491
0.0258882382993239 0.501362415107561 0.0432726073589273 -0.131716321048878
0.0728188033282148 0.506556357123334 0.0210063897408971 -0.13090754719424
-0.0695377979741119 0.597698423378243 0.0384234470554801 -0.129003557173142
-0.27860417591305 0.550045500662856 0.0561634968965427 -0.102590336185247
-0.535129538684041 0.484871296439334 0.000607864477465284 0.00590153648657034
-0.714845099375662 0.134282415850624 -0.153212359303729 -0.0165309204140272
-0.662983550684878 -0.32843348628447 -0.140167240214264 -0.0906913029962215
-0.571077520251274 -0.533700119359495 -0.0184215229230328 -0.134795015828193
-0.421625276735258 -0.542447708316817 -0.0692081303819712 0.0919092378161186
-0.538221215116253 -0.495871296669716 -0.00688608589989064 0.0546909713806487
-0.702135666729382 -0.167279383116593 -0.0503098148594875 -0.0539080074221909
-0.674240465715827 0.207294547653796 -0.072749671021478 -0.0079106042039121
-0.485927690695454 0.445089711423796 -0.0443652806382935 0.0527433254418534
-0.257906169390853 0.552733473726543 -0.0182995863788827 0.0852111520375961
-0.0370325394796845 0.561087404242626 0.0332414497488485 0.0837398449551685
0.010903616541349 0.510540748758815 0.0628106840335253 0.0852908434738377
0.0510470593068394 0.506977319686296 0.0459275797663978 0.0755598660038454
-0.0876248050475375 0.585779412698414 0.044837804745773 0.0498597706651714
-0.289087404316018 0.531615142190364 0.0340140558353577 0.0252907692719028
-0.518228610071924 0.456771655286425 0.0081707713313177 0.0635315995332688
-0.676718463618386 0.141229208988714 -0.0896121871590206 0.0199184543339969
-0.648830988261396 -0.28414530746217 -0.0102649106199876 -0.0266306465870739
-0.595039748023068 -0.497374208231549 0.154114750401915 0.0595719588446211
-0.404798194825903 -0.45238052227639 0.0699115510483334 0.33159088557027
-0.50682399518258 -0.389566785022655 0.124696750867221 0.201489805520175
-0.617159993086791 -0.102131458456616 -0.00104540643499933 0.00950667379068159
-0.565845871647415 0.196932303624103 -0.098006817318005 0.0244514682904971
-0.413972448849874 0.383782429721713 -0.135435505499455 0.157536447446585
-0.224760039286607 0.483171166927787 -0.0839477769703054 0.264745773745679
-0.0433133759941377 0.490488381322892 0.011284472399515 0.293617503549249
-0.0086844045669777 0.443186914189525 0.0733945953057403 0.288730228334566
0.0134998078674794 0.435689292598071 0.0587705312578644 0.265244830302943
-0.109385923037567 0.487541294652887 0.0340878733012112 0.211459342514209
-0.276611684266431 0.417388852199292 -0.00474698525568579 0.138974274999152
-0.436940422799395 0.324153292709397 -0.0023893868500182 0.103219589630067
-0.530723213195931 0.09128050992003 -0.0326355598479563 0.0384373721534251
-0.519246551139986 -0.22339566047059 0.103120062058801 0.0192406543876028
-0.522127813624387 -0.399054542652504 0.307564107846811 0.223852681794582
-0.319321289295518 -0.280831002928587 0.195859497320616 0.531354100776746
-0.366417690067754 -0.210126044809615 0.240605733590899 0.320330161456427
-0.397879682414418 -0.0180156597742082 0.0559448829247562 0.0800688018464845
-0.340430430508987 0.139155114875127 -0.0900982650700559 0.0642822897769207
-0.267774281229813 0.245027171598083 -0.183058168612258 0.240972977919959
-0.151904966620417 0.326624990670322 -0.116981784290321 0.402937027301321
-0.0414201118938925 0.340337876873122 0.00054145595595245 0.458722596540031
-0.026464522032865 0.309224136231255 0.0747254457338893 0.449063608362929
-0.0259466928561624 0.30548445903817 0.0502675381401053 0.414106587450249
-0.116377540427835 0.32347820375864 -0.00611554688766601 0.334289275176572
-0.225621346984179 0.247324567184475 -0.0688305940541021 0.217080929418647
-0.294779818083734 0.148241372337726 -0.0344760901619832 0.114049104740751
-0.316054702745517 0.0297232323756058 0.00600713667939988 0.0419604732276552
-0.325685912237951 -0.134518079104725 0.178117368221609 0.0539894684303979
-0.376743021695954 -0.248595590289127 0.412763719104659 0.345091556576552
-0.167014634806782 -0.0666081353127286 0.290486644573615 0.650557447595657
-0.146755683576128 -0.0135714021226526 0.332168535260161 0.38246291010837
-0.107350167572892 0.0418424415148739 0.122326509054241 0.12813046436898
-0.0739315531925251 0.0358394721546956 -0.050686085222758 0.086983020668131
-0.0973340744211394 0.0585102821263787 -0.181206041699832 0.281789725775488
-0.0698338321932471 0.114850450444236 -0.112974159345445 0.47263321798783
-0.04198202155406 0.135442809638388 0.000632641122998964 0.54892869322256
-0.0405243151300796 0.128828755305157 0.0647360676626593 0.540988301840479
-0.050137115002409 0.130929862294076 0.020482681986031 0.504252158452563
-0.0873213379444982 0.127533840317337 -0.0676785081656791 0.404139106893568
-0.122821955318306 0.0723856182964596 -0.145805988888411 0.251615631424527
-0.106660296254632 0.00401642717442328 -0.074771372910652 0.0968483308801767
-0.0849569358110115 0.0111591243216029 0.033628648586829 0.0375386137571689
-0.12720757117208 -0.00679090670752848 0.215676527542459 0.0825594881302614
-0.202201235888454 -0.0614705757054994 0.460970771617586 0.408744558395331
-0.029130681116355 -0.123517347655212 -0.48484874546977 -0.399910385957624
-0.0624267890144761 -0.132599468435283 -0.337652163008764 -0.12328322139065
-0.136008997702455 -0.0357329634334753 -0.0749824599802844 -0.0216244313291744
-0.0987306060695743 0.0770174896627237 0.0739944207901889 -0.0148776261780801
-0.0177857068460382 0.0921357679106811 0.189776573674128 -0.223611748384314
0.0154374693651749 0.0715475931587733 0.110846145861802 -0.412655370842825
0.0531878034501106 0.0607925967190108 0.00145700052961771 -0.514885876142244
0.0557926847142182 0.0696521604572751 -0.0768414301604245 -0.550233705561131
0.0640586424815109 0.0900824421950091 -0.0619890351773452 -0.54693188100489
0.019675862228623 0.128717369728072 0.0265234423468667 -0.478129565482976
-0.0433819130673027 0.130088547405213 0.10961413466167 -0.330304313828653
-0.141004514554011 0.120606191328608 0.014958147072451 -0.148386426585871
-0.180268718503662 -0.030036944897511 -0.172899659165441 -0.139721262703582
-0.0826076901341352 -0.163205697719386 -0.295406262471762 -0.300892719791394
-0.0166507406241499 -0.14862282943688 -0.334769936226638 -0.621347879368438
-0.187327541066687 -0.28527742632947 -0.429470018915118 -0.393084974732387
-0.227410368449437 -0.263337149452778 -0.307295438039445 -0.158524696789591
-0.328135491615642 -0.0720818065975876 -0.105040394631117 -0.0500830773218824
-0.289248501999657 0.137158491624987 0.0475103971539147 -0.00548921379963872
-0.161972323762033 0.236289168410423 0.184533855356999 -0.184343005567129
-0.0575152130125682 0.259018849263106 0.123257541891102 -0.356267353584802
0.0518256713036519 0.258720183226415 0.0301498443365455 -0.456898266247141
0.0671913008330125 0.259300466978226 -0.044563491016434 -0.475526084287793
0.0865134075057157 0.279871311159463 -0.0534515328627374 -0.468884377837929
-0.0116925886382191 0.346298700188365 0.0126139055019397 -0.417632410937308
-0.151423424112414 0.321358287882624 0.0841935431555146 -0.297035620933845
-0.328114981613976 0.282053250944793 -0.00373617600103992 -0.108356054434544
-0.433295402423791 0.0226475782566196 -0.208615942807799 -0.0998329930035835
-0.346379744152326 -0.271158730413081 -0.30451710022744 -0.237656416857639
-0.255333632731311 -0.338749831022798 -0.300333461449129 -0.500840310355122
-0.316304910395777 -0.422453525546392 -0.337043911670496 -0.298806039222279
-0.377255186931344 -0.384947207615166 -0.241125872137631 -0.145359501065922
-0.504597311402055 -0.116454006200035 -0.112955296658313 -0.0770755108532931
-0.474261539137604 0.180846986202184 0.00963979590910009 -0.0112489383997518
-0.309004559360511 0.360119237684077 0.138388739641227 -0.130953078168637
-0.136712303390492 0.42291520373331 0.102584497433228 -0.251155978169293
0.037132819518899 0.426059985365139 0.0423987629280819 -0.326426019216206
0.0696775756626273 0.408767975196741 -0.00666538438566707 -0.328353605709754
0.105712296048055 0.420247830960197 -0.0286371347916534 -0.320463171376388
-0.0184308529819783 0.511669729241176 0.0116335535898716 -0.294462296329461
-0.210667551979361 0.481839432606696 0.0594031212935288 -0.218687393096532
-0.448101146102987 0.43664087555489 -0.00673703055177345 -0.0554821838290303
-0.618099653119027 0.110673377943876 -0.199579296609078 -0.0475515293334801
-0.561443473180925 -0.302020445932483 -0.25301748362235 -0.155673438242323
-0.464441794258815 -0.451384782946735 -0.188136912215191 -0.326144755573953
-0.412485723682705 -0.502880886167089 -0.212822359960316 -0.128889901381048
-0.502724903479461 -0.458447312424592 -0.13627332394999 -0.0709811748969839
-0.645634853646496 -0.13552884387933 -0.0927048858335719 -0.0812746561612879
-0.614897898818142 0.223839896166116 -0.0329893562042012 -0.017135219098064
-0.415967944405179 0.448799826161103 0.0551349645202145 -0.0533387836904479
-0.195724501723514 0.536635759328547 0.0500469394634812 -0.0985660365705976
0.0186291961729863 0.532900411617093 0.0424697897777866 -0.138821789488171
0.0616178951488668 0.495070915293771 0.0336407365779495 -0.134045105068893
0.107199080645296 0.49415301099133 0.00990984832624538 -0.130359332368055
-0.0219569037578064 0.596210914490089 0.027258359870342 -0.131302886508266
-0.237453948147306 0.565442594194738 0.0442310715218548 -0.104472933953608
-0.493578128218541 0.521618048482683 0.00388285723790266 0.00435340987870951
-0.695777072273689 0.181326994358421 -0.153414234103683 -0.00045418908437334
-0.676434463824823 -0.278791864666504 -0.145111762700178 -0.0801850135854752
-0.5940785035487 -0.48453441755101 -0.0244118419987176 -0.135557782590922
-0.453440049315047 -0.504895677616951 -0.0654562261840177 0.0916889322096356
-0.565180448631109 -0.452177552419682 -0.00415275459962654 0.0524634483439529
-0.699516949685221 -0.11452812495989 -0.0514914664192431 -0.0507007128958601
-0.649584697248599 0.251577152326664 -0.0731147757928996 -0.00471728359334621
-0.445207621836066 0.472581357637312 -0.042468817508506 0.050672045555594
-0.213172900271895 0.566081592319036 -0.0141727806731598 0.0862653956777183
0.00474265760735711 0.558172228173342 0.0348867960239711 0.0789547854224083
0.0461078233494987 0.506217933714175 0.0689156441976856 0.0791281394044589
0.0846720467704903 0.496176135610425 0.0502584030826848 0.0716605919115413
-0.0413150580617734 0.585775697239226 0.0467261926385273 0.044796509645292
-0.246980708681116 0.54506383192298 0.0320560283564456 0.0244369103813548
-0.478848105191114 0.490923598509951 0.0148130399235892 0.0607251247503275
-0.656929098782132 0.185111625087154 -0.0892956627456979 0.0309399937455845
-0.659245873318317 -0.238171625098426 -0.0141954746609409 -0.0244543036322078
-0.617982446093882 -0.448048784805477 0.159726588817385 0.0442585943856032
-0.432216134236928 -0.414839149574007 0.0889258609895132 0.317751078564675
-0.526264640256765 -0.350171647716393 0.135722135171328 0.188760628437093
-0.611870777198039 -0.055973866712211 0.00110417268165904 0.00899831901449263
-0.543918475617239 0.235808315465175 -0.0954444994681415 0.0289708024744008
-0.380872036564613 0.408738615394958 -0.124352520447101 0.161495554143488
-0.184816132926395 0.494621881669293 -0.0652471108448178 0.268898211365474
-0.00582098972748911 0.489271525841508 0.0296839764612023 0.28773938826939
0.022735325865886 0.441159855026348 0.09388315132412 0.278546132952164
0.0432716191047434 0.429190232689161 0.0766527994013856 0.257407857824673
-0.0697038753552677 0.489774284048623 0.0484061278671266 0.205667988501223
-0.242234583694322 0.432507028409324 0.00297260617859554 0.140227471872286
-0.405973397363919 0.353358401468583 0.00696788471305206 0.0998590381945887
-0.515706018036054 0.127259266465806 -0.0319324032710355 0.0432965277633608
-0.530076059468412 -0.184830469580328 0.100901156959939 0.0141322427137785
-0.538975171802333 -0.355958288800985 0.322840170363944 0.196362389159404
-0.336031440648022 -0.252455848211076 0.228339283322662 0.506047917580606
-0.378043530605651 -0.18116975144797 0.259645663535955 0.298372513270229
-0.391196313317313 0.0117642904837661 0.0614313176337079 0.075675469321791
-0.324844384834498 0.161968057744878 -0.085485814656168 0.0678480970839231
-0.246237230415502 0.261902703395074 -0.163421099191887 0.248915711640783
-0.125387630334127 0.333855598520076 -0.0871247458745772 0.408948028016352
-0.0152932425079302 0.340060746463715 0.0324744630511168 0.452574345506364
-0.00481734322848411 0.309828303470713 0.107702857133876 0.436710181094294
-0.00490694911733898 0.303452404584234 0.0797803727894087 0.404832558237113
-0.091358903050341 0.328455721368853 0.0186982283016363 0.330353339513007
-0.203672501957394 0.261246676041129 -0.0541581771696322 0.221922483683453
-0.278782643226819 0.16953663873832 -0.0250619291255994 0.113052265434772
-0.307681598426806 0.053322351817883 0.00652539270461462 0.0420442383652076
-0.331215078742004 -0.110360956940218 0.177229185942181 0.0430947726631643
-0.387426908037383 -0.217432448017557 0.435834997329675 0.309047152878975
-0.171044871227834 -0.0525975405978774 0.330990266717799 0.616988825031036
-0.147531307509921 -0.00207620830936227 0.353499235553341 0.354203626170092
-0.101105413811743 0.0493987486274858 0.13027763841795 0.119291840126727
-0.0691218949585317 0.0400074477582689 -0.0449616167469617 0.0878399115281927
-0.0929863091359973 0.0655618405987226 -0.157708526476869 0.290269959645234
-0.0602373217342259 0.11861405853502 -0.0770146681455785 0.476395272500339
-0.0306249186733943 0.137638356833238 0.040996086552364 0.542278776155057
-0.031525923360608 0.132431372835777 0.105724041486918 0.528257040048402
-0.0411934655156065 0.132989903853903 0.058318890622886 0.494819593960753
-0.0761875255067052 0.132064170382825 -0.035839847748297 0.403446509868672
-0.114979972669443 0.0799403326124685 -0.125928558932164 0.261635357877571
-0.103440015436925 0.0122321644256952 -0.066034997385195 0.0990465519713896
-0.0817732890182719 0.0192410993492299 0.0337375200911347 0.0335418860097263
-0.12644737096559 0.00265491583014916 0.215389453484594 0.0689620524960772
-0.204387853741232 -0.0455450896616712 0.486666574411795 0.369906612424898
-0.0322868729481432 -0.117155574583796 -0.4906870291411 -0.360680219998102
-0.0646849968989363 -0.127157864385051 -0.331739659032071 -0.103720295341665
-0.133804972352792 -0.0276448942451516 -0.0723779107923063 -0.0189979741802924
-0.0922396864395518 0.0786980931173064 0.0716672262414209 -0.0179381273946722
-0.0116036511815101 0.0892008639137665 0.169234706157968 -0.226233029200292
0.0185772862327963 0.0682386032195708 0.084297333875338 -0.404929718859074
0.0540228706221755 0.0553435595036037 -0.026719928485331 -0.4994095007987
0.0579379960324812 0.06275161733479 -0.102995800873007 -0.527254609125375
0.0679501340715843 0.0837109441714014 -0.0892356562595405 -0.524418016601458
0.0263360709639827 0.124568475816529 0.00108260460278156 -0.464426098893432
-0.0359370552759338 0.1287409649948 0.0880293056638602 -0.326051601488583
-0.131008827512745 0.123651250807657 0.00853237289028887 -0.142461408552663
-0.175523524696413 -0.0225307287439195 -0.17177666573943 -0.125263766191116
-0.0876125822291562 -0.153379253945524 -0.295886650243756 -0.279988087795322
-0.020616504992434 -0.141645149745768 -0.352385888771447 -0.584855338918093
-0.193051540154684 -0.264188514105176 -0.436336023107583 -0.358299823043237
-0.230681882054365 -0.24551198617586 -0.304538849883531 -0.139378626751449
-0.317466292017028 -0.0528840799607682 -0.102245547906225 -0.0457843296025597
-0.272920343410119 0.146387277336263 0.04569070800992 -0.0075173949816126
-0.142407033417127 0.23520081991002 0.165206006510812 -0.189352186099809
-0.0421418492951368 0.254236952953479 0.100012928465447 -0.351982579089878
0.0628543766144565 0.247459548559872 0.00194854729963744 -0.44504770153844
0.0784498887284133 0.24659145025316 -0.0688335045080869 -0.457907714764489
0.0988156608350129 0.265414229413711 -0.0762261762821888 -0.449324562481052
0.00813807670933328 0.336513838193561 -0.00924093516504151 -0.405866395532193
-0.130741682586532 0.320127414271091 0.0650452700340374 -0.292123032243872
-0.304315698214118 0.289894863918976 -0.00678961730412972 -0.104312700226286
-0.418289162882075 0.0397703436071618 -0.204533275548305 -0.0826239419353961
-0.347711515564179 -0.246590098796498 -0.303670621028702 -0.217372650973472
-0.258217573021606 -0.313927984527168 -0.312875777623774 -0.470751533412609
-0.324930107990962 -0.387932297126629 -0.344160861800442 -0.274082012983554
-0.380509273380682 -0.354516060671209 -0.239073091867643 -0.130104815735847
-0.488188318012438 -0.0871320078932172 -0.110541140254532 -0.0719829683827437
-0.448255659598262 0.197833297023902 0.00861512471742315 -0.0121420034026929
-0.277113592972793 0.360577641093968 0.123171337924627 -0.136088728695298
-0.110481471472002 0.416450318604551 0.084334896123823 -0.24796078982827
0.0576542465174371 0.410744466790456 0.0205553189713534 -0.318630775261591
0.0887205258998326 0.392060027779242 -0.0235531873092787 -0.31840969429264
0.123102013594285 0.400155161371844 -0.0444281063444563 -0.306932399271537
0.00972961501887629 0.496697970070822 -0.00464192306776437 -0.286396358644356
-0.181027119343525 0.477338690024515 0.0440416849346563 -0.213949885576733
-0.409959850409611 0.444487845062016 -0.00665036522713079 -0.0534630605778585
-0.591928065104532 0.133946231076357 -0.194734705637844 -0.0313314232546147
-0.557904470406329 -0.267229992165694 -0.250900949671692 -0.139255591291491
-0.464666583885559 -0.412784235534752 -0.19644839738538 -0.309751028458103
-0.420407084093759 -0.462097250860578 -0.2156739605263 -0.116290422208434
-0.505598708020481 -0.419064167629097 -0.135112155201712 -0.0640626502131829
-0.62557444076947 -0.0984318283267998 -0.0909532325292298 -0.0773202358943258
-0.581791741196089 0.245249961369462 -0.032951515625189 -0.016984989066781
-0.37635516821038 0.452707186458332 0.0468528818541878 -0.0579245385934642
-0.160497662299038 0.528852245577911 0.0415192951586864 -0.0972231389240382
0.0464803694048378 0.514620521242081 0.029572801486693 -0.137034942141108
0.0865404485514641 0.476840316808297 0.0257654407890198 -0.132450037804709
0.127573825221126 0.471672430545188 0.00254364411523585 -0.125343463847383
0.00996104811179804 0.57860375510729 0.0188232544943298 -0.129273790209126
-0.201569965214587 0.561071716822428 0.0348404901061374 -0.101751784853122
-0.450473431310512 0.530798884284282 0.00672758855532073 0.00264731202386676
-0.662846625060457 0.2084049394686 -0.148027433340848 0.0118394091920385
-0.667204076881865 -0.239277605781794 -0.144220906956656 -0.0703849568089421
-0.591924356847908 -0.438156345986993 -0.0276633594219449 -0.133245900242655
-0.461794694192081 -0.45977898991382 -0.063245873365273 0.0882218451058867
-0.56753827755892 -0.409408263938868 -0.00186285303954271 0.0490051787230259
-0.676120234185271 -0.0755742725115863 -0.0499948708335298 -0.0494164920926695
-0.613197071833819 0.272671553730735 -0.0717496172425227 -0.00363291191769919
-0.404848536299012 0.478897095714882 -0.0416056988977564 0.0467918681402811
-0.176131299989463 0.559438603252734 -0.0103024509690682 0.0849732674699154
0.0335078620776319 0.539565447173661 0.0343113302732756 0.0739070914662066
0.0703797956220777 0.489538021520085 0.0707487372298223 0.0705492031815801
0.105573978312632 0.474741610622302 0.0519985810758721 0.0664461860365965
-0.00796714711951915 0.568724516006208 0.0462501865914595 0.0404181465134837
-0.21052654780647 0.543403144378732 0.0296587885359898 0.0240390985994217
-0.436673848266826 0.4996333487113 0.0196211846153344 0.0556015410293188
-0.624756284927454 0.210197470435016 -0.0851533132558901 0.0387607998062933
-0.64887395347038 -0.200846850763709 -0.0164405297263935 -0.0213873661692843
-0.611547178635398 -0.400799476901765 0.159254750676196 0.0310690145605026
-0.437457382128138 -0.376245092573872 0.0967498157766998 0.298766455360728
-0.526986329174058 -0.313938494563076 0.139753090474042 0.174548225478077
-0.588924800485217 -0.0226888180134072 0.00288666442961916 0.00656389606267587
-0.511815160145252 0.253448768732251 -0.0919741345685907 0.0303103174725096
-0.346832071465091 0.415434709065917 -0.113884564505756 0.1586608358691
-0.153936298628242 0.488624036552089 -0.0497573379910376 0.264571981167432
0.0201626272817508 0.474057315528486 0.0413180017725062 0.277348778597359
0.0439912708886675 0.428572644362683 0.105683318596243 0.262216945992656
0.0605778900856259 0.412299112676252 0.0880524752987877 0.244415438899046
-0.041985239490525 0.47714022139691 0.0563584273539702 0.196098194247595
-0.212012273567552 0.431403565854739 0.00780512450670417 0.137571078922016
-0.37366849727834 0.364458662759832 0.0124438102017264 0.0936048699287905
-0.489715704156818 0.148182786701705 -0.0302718646126411 0.0471646852280304
-0.520124440132986 -0.154888304588074 0.095995032588528 0.0107617343879011
-0.53240609769185 -0.315133052096094 0.324088216739299 0.170354847112216
-0.338083496574824 -0.224972302586678 0.242763193252214 0.47346812018928
-0.375589506387687 -0.156699865853187 0.263848952808315 0.274695333484573
-0.374189020102061 0.0308373073220404 0.0640445805539056 0.0696234089828993
-0.30395242746511 0.171698579754232 -0.0811096559224537 0.0675860564563807
-0.225462083119472 0.265946982889798 -0.146729290004602 0.245604931316586
-0.104033879130703 0.330168361184197 -0.0625123745909693 0.401133967102907
0.00373982755599175 0.329918675935646 0.0537949943633645 0.436550995030269
0.0108850611535916 0.302948219451229 0.12695780916813 0.414831243535273
0.00831705597496744 0.29363847461898 0.0981873054933421 0.386645503687142
-0.0695580795102542 0.321836905123364 0.0350463713715635 0.317899037152531
-0.1821446283717 0.262713185619134 -0.0417188291765392 0.219650813004517
-0.25893297553713 0.179236450891752 -0.0182513361611879 0.108242960482929
-0.293028980861848 0.0678229526936044 0.00590085199873928 0.0416908815008279
-0.325299361018694 -0.0912610741720554 0.170745709778258 0.035740392910729
-0.382618234123543 -0.189797421451233 0.439522381494482 0.274188287045962
-0.168661784350073 -0.0410111396867022 0.346273483243455 0.576020426368506
-0.144327546042891 0.00673861144947 0.358026428253759 0.324170615515077
-0.0940592426189179 0.0533071969948001 0.131675174540975 0.109947250361437
-0.0636320736087602 0.0413804756944836 -0.0404867012509722 0.0852510327515203
-0.087372370261641 0.0695168525551785 -0.136913782372108 0.286938793938505
-0.0523443337160256 0.117937520890595 -0.0493419123540093 0.465610709030558
-0.0220516022675285 0.13500943213475 0.0689424285768953 0.522004934331633
-0.0242801021683293 0.131642421301289 0.129160084813027 0.502638531401434
-0.0346155364746138 0.131321026956669 0.0826486678309527 0.473362523010676
-0.0661571604667135 0.130737527592315 -0.0131278136296891 0.39226679627474
-0.105610595849203 0.082697377271634 -0.107553441628245 0.260235976003286
-0.0974765192562995 0.0174586725086611 -0.0592779092547303 0.0969474070946762
-0.0765278503431614 0.0255586330853396 0.0321468218331508 0.0302781598351504
-0.122413322113134 0.00858507528422151 0.209602443839311 0.0583609926488034
-0.200590871116822 -0.0333106026287638 0.491488405055727 0.331287891193384
-0.0241694846271233 -0.109644109626333 -0.466702038569106 -0.369481314820322
-0.0544156506492261 -0.125435226820888 -0.321275382434891 -0.109106082877667
-0.129192038921831 -0.0331574550130732 -0.0696407059079905 -0.0168611706848287
-0.0927593042555371 0.0712055143005045 0.0705727609946724 -0.00940037622264227
-0.0176358431347119 0.084590402473768 0.167351038118439 -0.210670842288314
0.0127144836812219 0.0668369213697009 0.0905052984572262 -0.385985179341082
0.0497254276998206 0.051117434066145 -0.0151112675439603 -0.48452993897914
0.0554020836131051 0.0612797870975887 -0.0931777445490552 -0.509109270693475
0.0651290700589938 0.0784584237550785 -0.0804110596437851 -0.507476947733604
0.0235356938096148 0.120827752642692 0.00458198309580495 -0.449213888133242
-0.0393412611463582 0.125163875248506 0.086363892760736 -0.31273554596692
-0.130866778542261 0.114554809601469 0.00488111456097818 -0.135774865951938
-0.173859233104651 -0.030982647690015 -0.161433692663587 -0.12912265527871
-0.0848972619971741 -0.157113422272852 -0.267814678780884 -0.285594272339671
-0.0236672012373631 -0.14011233706293 -0.306782786365465 -0.577173836429929
-0.17459803414822 -0.261866708755899 -0.424230902177445 -0.363215593578914
-0.208963238522348 -0.247873319368536 -0.295525915096856 -0.138754304155016
-0.305127365049963 -0.0653610922978651 -0.0974292870277634 -0.0364582995565655
-0.267212582284809 0.127961337455082 0.0421340298732464 0.00683992206870808
-0.148610839690233 0.219363071626815 0.165665948556603 -0.166996506162357
-0.0514608507484784 0.245212292335412 0.107918009238647 -0.329754751841982
0.0521877081727263 0.238656079953641 0.0133862592432767 -0.426378493804115
0.0697176923688889 0.24477736623584 -0.0598199431288214 -0.44043607605607
0.0895803342563241 0.258838133451629 -0.0706180292676408 -0.433684362666153
0.00205624973300685 0.329513896250144 -0.00982187786524408 -0.389577192780528
-0.136762940727555 0.312124411391339 0.0545204777400712 -0.280012483821703
-0.30138401302998 0.272289976343659 -0.0217490464160503 -0.099137434119848
-0.412227149643676 0.0238704357626811 -0.200147462602471 -0.0942705787358141
-0.337089879431278 -0.252681096874326 -0.276854177993382 -0.233083723387117
-0.250256513382199 -0.308026546975287 -0.270587626500638 -0.474621362906998
-0.298634389397613 -0.391188989691664 -0.344725827873281 -0.272246232560429
-0.350242890016538 -0.361866977802495 -0.235624875444416 -0.122794831650512
-0.468672060175756 -0.106370306159734 -0.106070525009318 -0.0554037778917022
-0.436754789892129 0.170498644601113 0.0030852134888582 0.00700546864517209
-0.282656552749868 0.335702963504272 0.124298586633161 -0.109298238617388
-0.121619682645827 0.401363566549293 0.0936008728167679 -0.226133867650177
0.0418879255874716 0.398517078059941 0.0312767540273278 -0.300932740231715
0.0741795859462511 0.391113870760354 -0.0183109606672003 -0.303529466750045
0.110043956492544 0.392840552721411 -0.0435196171799501 -0.293965891521376
0.00187877296089347 0.488592204518831 -0.0100629220225728 -0.273194619986179
-0.189146581354382 0.467511024926551 0.0272691501925201 -0.203968210456243
-0.407392274303521 0.421455514455215 -0.0309611820556092 -0.0489891410855767
-0.584884872066903 0.112782241826448 -0.198417669956678 -0.0472013784587819
-0.54035617785565 -0.275548820518637 -0.230174164920991 -0.160843317685106
-0.446548879436039 -0.405923028083514 -0.164147418503378 -0.322636160516067
-0.387206440843218 -0.469652204689722 -0.231428883840835 -0.113366304907719
-0.469517756742519 -0.431675515599172 -0.139478481565437 -0.0507049071061138
-0.598685808579613 -0.124905326473464 -0.0884346285365462 -0.054378426401984
-0.564292341458912 0.210813342542516 -0.0391645127375018 0.00653417522234708
-0.381904671508925 0.42024159119658 0.0508093214619099 -0.0317291846229105
-0.173510781675752 0.508017606568981 0.0513820322160921 -0.0797630985352803
0.0271134582777348 0.501604561707399 0.0390749005266853 -0.122686724291357
0.066806295721971 0.475274526581602 0.0278777979613497 -0.123598119379139
0.11278309994094 0.465545143975215 -0.000844713591170131 -0.117914152088893
0.00220813888788366 0.569446199088022 0.00911988218662763 -0.119779371423826
-0.210730674807068 0.548303312336532 0.0128867047431509 -0.0945095014853786
-0.445406531775016 0.505289282051709 -0.024119691968955 0.00609537155856045
-0.655239938566871 0.182914432728359 -0.158919388944307 -0.00350785979462941
-0.646649821467187 -0.251576948938729 -0.133315635190862 -0.0924209465448724
-0.567497131666059 -0.429464794941211 -0.00951087192580859 -0.151376244593546
-0.427941155619547 -0.473391965247024 -0.0932266382350055 0.0924409866064687
-0.531943771300004 -0.426838948696847 -0.0134317628231253 0.0646574285697491
-0.652086397459725 -0.105659460822143 -0.04942591180404 -0.0232672168433567
-0.597343378576043 0.237373644117839 -0.0771755892279503 0.0195031579691884
-0.408179612097891 0.445923174664849 -0.0357464861050802 0.0677700626024711
-0.188348315266849 0.537589649017412 -0.00171766588781734 0.0945188448860953
0.0150191941260393 0.525998998036943 0.0400398990117179 0.0826079021276297
0.0524392298807144 0.48810279803489 0.0680052778200923 0.0731168338583431
0.0908148117551765 0.469486448860391 0.0441865374104472 0.0688136239071082
-0.0162982778191147 0.560986745530177 0.0337451641204949 0.0446650325789454
-0.220087578461003 0.532766126468331 0.00566145480243663 0.0262512880845145
-0.428907449559504 0.475332575119756 -0.0129566413228039 0.0564945847618601
-0.615748446112989 0.188314465364453 -0.0997884215299264 0.0246847488926664
-0.626812238974056 -0.212115016355373 -0.0134948120520785 -0.0393172081081759
-0.585571409279276 -0.39296927237571 0.161041525430875 0.0138366681863426
-0.407094369670964 -0.393179832917193 0.0570475667459608 0.302184019549477
-0.49760625891522 -0.332737550885925 0.121779282831249 0.189682029005532
-0.571431493637407 -0.0507336610528983 0.00165124550526647 0.029216682622178
-0.49874972297214 0.221548075995948 -0.0968658857869192 0.0476016779183271
-0.347251460869555 0.386308474590537 -0.107827755221497 0.169742527262797
-0.161788486074083 0.469952347419345 -0.0442365497162942 0.263546340241305
0.00414006650844487 0.464993207952365 0.043128479244218 0.278211326941746
0.0288736680829451 0.427689368805488 0.0996268014290407 0.257574320156267
0.0476502457285927 0.409468777062054 0.0766476958119676 0.240603859013107
-0.0477801060727252 0.469897394272764 0.0431947037708654 0.194579670578265
-0.218711122833042 0.422802365979929 -0.0128953656990983 0.13446127940631
-0.364633473489474 0.346386705619884 -0.0145854807312056 0.0904403779218813
-0.480430124584918 0.132305945057114 -0.0444548773133315 0.0361792391116577
-0.501173213649806 -0.163463546967918 0.0919898185435978 0.000299957786489284
-0.50730243022581 -0.310211256232925 0.311503120808125 0.157107131494527
-0.316510178147111 -0.241997538932156 0.199318666836488 0.474802256356876
-0.35941284909484 -0.173663608172686 0.242568354013601 0.285485489018807
-0.363688406980775 0.011489022887405 0.0602589808657976 0.0838041425932311
-0.296115348458958 0.152801819850636 -0.0842379233941406 0.075517573834954
-0.224198007550493 0.24796597140366 -0.142989706862797 0.244766443922026
-0.107916712072953 0.317662942011462 -0.0613156044103199 0.390306989994554
-0.00673662808644353 0.325605492222174 0.0499518666911547 0.430166224622696
-0.000148612218501445 0.303045755483617 0.117669444906639 0.403592641805858
8.46227374712589E-05 0.292867460163925 0.0861341359528531 0.37626227593629
-0.0723365956321282 0.317309660903404 0.0237272534287342 0.310536600026697
-0.184118078315447 0.256685296005808 -0.0549322842339987 0.210700100885511
-0.251173150431297 0.169527810448472 -0.0358086399130698 0.100244739073076
-0.284492682474458 0.0602909204348867 -0.00455745875179591 0.0355320234016619
-0.312995174254256 -0.0956583783059049 0.162534225037941 0.0331090777415935
-0.363649663102016 -0.186626971637334 0.415407995342993 0.267239237392785
-0.161094359665148 -0.0545960582526418 0.305283880311373 0.574819078189536
-0.142066329034015 -0.00398205752545258 0.334402303888691 0.329951384350866
-0.0926237857669452 0.0454487727265555 0.124451031957315 0.114385007545837
-0.0603259668451705 0.0370551798312247 -0.0440770285201335 0.0822535194033702
-0.083520765128574 0.0642841600130091 -0.137815896824089 0.274909808562944
-0.050854943430855 0.112407118183706 -0.0539704742126104 0.447556635745171
-0.0254011205143154 0.135328656157067 0.0593567330575436 0.509231988444346
-0.0289222208542648 0.132272730361066 0.119289722109141 0.487080356743127
-0.0380033020808887 0.13331756330953 0.0726404991606518 0.459732180709978
-0.0665405957982761 0.129873470753409 -0.0198411844629268 0.379308265393512
-0.10478830585593 0.0808099298132905 -0.111355232062677 0.248120620631156
-0.092943992253953 0.0170907584299199 -0.0650103216827073 0.0876814055430439
-0.0727137183207913 0.025254305712001 0.0256360302050015 0.0285572947939956
-0.117488453444919 0.00819788280989593 0.197436774923277 0.062353357357683
-0.189023633310214 -0.0324908914314838 0.460175048518539 0.330525789350299
-0.022036760082773 -0.108448115634941 -0.464489748069301 -0.365069549107915
-0.052551825029771 -0.127183354089631 -0.318207093192 -0.108878075303886
-0.127406504172319 -0.0329479998601986 -0.0683053403797484 -0.0181666914106417
-0.0927819984100645 0.0705596190400464 0.0706425505294667 -0.00873132001587745
-0.0165322994325184 0.0827266729301511 0.16333869285452 -0.20816321960302
0.0125949008865792 0.0659292428992722 0.0856850885071835 -0.384266037827639
0.0489126182039552 0.0501089119322541 -0.0207100926424157 -0.480907113355505
0.0553236554355685 0.059622349517041 -0.094979269053484 -0.504773276816066
0.0661093202319781 0.0760243642968415 -0.0816072379425427 -0.50333486462329
0.0246067609466937 0.120087607516193 0.00300589388050605 -0.446471693641325
-0.039449401018677 0.125676923484013 0.0856934466918658 -0.311201880082519
-0.130756758262005 0.1145746769285 0.00582586304769941 -0.133613918246114
-0.173168906033832 -0.0322640055852111 -0.157167760832209 -0.126974628751774
-0.0836907210050062 -0.156079639931801 -0.264059551309271 -0.28646709546319
-0.0212879852859466 -0.138644781942371 -0.304529227994882 -0.572214567026583
-0.170095715982023 -0.25767261498129 -0.423116296282238 -0.357800098287773
-0.205498482539937 -0.247801939616654 -0.293406058190716 -0.138627419638834
-0.299331132442995 -0.0650777574273088 -0.0960476048995741 -0.0388731896194486
-0.264836957468952 0.127271108264446 0.0421985172172435 0.0064112399340511
-0.145541209370783 0.216327623212334 0.160744587992539 -0.165821047736233
-0.050041574957569 0.243551519356159 0.104127784065653 -0.327940203163845
0.0524870747869044 0.236454242424224 0.0082841309182804 -0.424188843577634
0.0690766469335226 0.243140076028887 -0.061491326301848 -0.436768756929502
0.0898418864893948 0.25453153513505 -0.0717575639049458 -0.428597030332377
0.00479768694049145 0.326889608721155 -0.0116978815223153 -0.388213266355234
-0.135948844359004 0.311772127003571 0.0530141674324993 -0.277630811720962
-0.298858670989039 0.273072015543219 -0.0196655842292403 -0.0988392744273097
-0.410234060433479 0.0223282690258009 -0.196142195032093 -0.0911055796381679
-0.333498187632336 -0.25284755273425 -0.274056613526836 -0.233430430800441
-0.244708504731665 -0.305580713243535 -0.266783935596482 -0.471441158366633
-0.292854087675664 -0.383065410233965 -0.344024385279567 -0.270976020003145
-0.344728181747739 -0.359902087834467 -0.23304142752877 -0.124195082595227
-0.458591174059225 -0.105020103299425 -0.104316887592456 -0.0586776207546749
-0.431670359337581 0.16813102759552 0.00312876613132023 0.00610981717491748
-0.277955279197866 0.331886668144341 0.120231253962232 -0.110629100878195
-0.117822701625379 0.399727802515128 0.0909566441527205 -0.225331420070385
0.0426824243088881 0.396630636343612 0.0271469440485382 -0.298172403367356
0.0758696182983836 0.388763116206307 -0.0191812302276544 -0.302468955228458
0.109112509324619 0.388951692895218 -0.0435141410741716 -0.291216392778937
0.00540655564377305 0.48524829412511 -0.0112796536226748 -0.271579400820521
-0.185415352793279 0.465750458632165 0.0244999220590776 -0.201472333199226
-0.403425070609412 0.420848606840104 -0.0284674161005941 -0.0502913290767412
-0.579853697872988 0.11050088539275 -0.194784995361259 -0.0427403876030798
-0.536910973244194 -0.276760445907266 -0.227953149484042 -0.160112671525887
-0.43596240873128 -0.40246730533261 -0.162535181002986 -0.321354507263566
-0.380882776879589 -0.461634713678033 -0.233214737635811 -0.114257354281923
-0.464215118814415 -0.429423500074538 -0.137918765046082 -0.0531622062502022
-0.588054365158917 -0.122939200812384 -0.0863825432181987 -0.0584454830124975
-0.558996854463578 0.209872729303929 -0.040338568809899 0.00490016036548614
-0.375286535485364 0.415780685536282 0.0473285232466739 -0.0348374833411489
-0.168293317385061 0.506996605937784 0.0506781563302142 -0.0795688855129873
0.0291002937127063 0.49738036450866 0.0361031930532656 -0.120551290980483
0.0691573032470751 0.473512986241135 0.0262143580541518 -0.124817933181272
0.109862499788214 0.46132849929867 -0.000322809420406672 -0.116540913366056
0.00501220408629579 0.565585603712201 0.00745700687997346 -0.119573378408062
-0.209156327210624 0.546348087392373 0.0108559651515541 -0.0920839472061941
-0.439709389629848 0.503620156537132 -0.0219747515983957 0.00403846175644678
-0.650429624278541 0.18088636293165 -0.155458143250462 0.000337337259851238
-0.642417497853313 -0.252251735294275 -0.131826031727903 -0.0913014531868978
-0.556429568023946 -0.427479863445126 -0.00835894679529803 -0.152911555001593
-0.42055692831453 -0.464540273207988 -0.0968040749427317 0.0887768879134953
-0.525723883157175 -0.425104021394445 -0.0136337182373576 0.0618630179237326
-0.64149203050022 -0.104819124474162 -0.0479807511211822 -0.0272974474941307
-0.591273292978557 0.234375488739313 -0.0783965224060803 0.0175045715848546
-0.403649433615021 0.441653787104618 -0.0384850671341394 0.0629782190526927
-0.184206452298416 0.535667988347909 -0.000706442548169842 0.093500282222834
0.0167245077054072 0.523492763251491 0.0388303583245166 0.0831898168927625
0.0539975999933712 0.486711116909192 0.0681997237706203 0.0697602498394464
0.0875941062286867 0.465338570759011 0.0443329126251197 0.0681645387158625
-0.0142086612099 0.556923747380719 0.0325033114823916 0.0436059038145342
-0.218878810727152 0.528393692871088 0.00451409233559018 0.0285351144624762
-0.424016702205377 0.475082300140067 -0.0115034727155472 0.0538900604757584
-0.609937835154077 0.189270475754487 -0.097928276376331 0.0285972449389143
-0.62255721905768 -0.211133838737265 -0.0141961369047894 -0.0373211256263113
-0.575707478344877 -0.390722433603376 0.161853169696757 0.0103862813864086
-0.401396792244955 -0.385346420808299 0.0520396493771918 0.296571207735023
-0.494658718396514 -0.329431566456604 0.120198802381952 0.185909680233619
-0.562024030479976 -0.050191151396476 0.00252846621916207 0.025946592934901
-0.493998741931756 0.220721283104515 -0.097951167871425 0.0453616365564218
-0.344507103743295 0.384004597364088 -0.108891985721897 0.164092960415941
-0.157778316233935 0.46763609282197 -0.0414014533844604 0.261475608193
0.00658499310686409 0.462083708874698 0.0440737894339618 0.276833294256202
0.0306134220875714 0.427493468021411 0.0994028066507288 0.252787930046008
0.0466897709879776 0.406705870715936 0.0768921584158396 0.237944303454013
-0.0457016647414469 0.466327972508508 0.0429464696148335 0.192774717389366
-0.21510237313199 0.420289159741903 -0.0133635523288839 0.135403672153652
-0.358448589284565 0.345325134376259 -0.0146236821926746 0.0869025891956441
-0.474627033402801 0.132027451584006 -0.0444492359157752 0.0390818698267105
-0.496274882539647 -0.16393004466885 0.0890656093703109 0.00264078762871177
-0.499951906895628 -0.305444647779751 0.311301254794316 0.151942211057525
-0.312657974278853 -0.236560561060041 0.191952102468417 0.467124082984742
-0.356725927426863 -0.171477814376625 0.240194946713392 0.281954149759617
-0.358410265412466 0.0127058580671111 0.0601449984561298 0.0809576920983664
-0.292299347843329 0.151082423456401 -0.0859851049906982 0.0734420663784815
-0.221949456211826 0.247473570631864 -0.142166337277281 0.239366364849679
-0.105040962631006 0.31596549120304 -0.0579442451678974 0.387125943299619
-0.00451951280417886 0.323647203657652 0.0528702004879774 0.427776153813973
0.00158557592717876 0.302809307962414 0.118593553652835 0.397423275563744
-0.000840126136561724 0.291988399670089 0.0878310043089689 0.372027517838938
-0.070704255653703 0.314799564906719 0.0245137934934689 0.308309368291595
-0.182270178590001 0.254902301935868 -0.0541332179993513 0.211071414466816
-0.245489211103297 0.169645970324326 -0.036336871409067 0.0974032051419052
-0.27965219025256 0.0610962857833136 -0.00571323423069162 0.0369503049930313
-0.310691771125663 -0.0941857512555835 0.159366387503305 0.0345498940187744
-0.358173578323171 -0.183576429338462 0.415278286906793 0.261250989859227
-0.160053533769136 -0.0526274313632017 0.298557696784535 0.565752626057102
-0.141503874589972 -0.00191464169048107 0.330322698696588 0.325535311852297
-0.0912631648127197 0.0461048079919072 0.123720248791531 0.113286027863543
-0.0587523523002304 0.0356209117031198 -0.0454609853421149 0.0804276219025311
-0.0822376381583231 0.0651572160190735 -0.13589921318542 0.270976433707943
-0.0494046629561418 0.112397816786588 -0.0499631601681815 0.444577333434472
-0.0240182099899844 0.134521472802287 0.0635037186736324 0.504740647145742
-0.027985081865895 0.133243569084891 0.119713902582526 0.480790090789849
-0.0383609469403662 0.133993526452417 0.0742189290502717 0.453332933597212
-0.065876030663421 0.128590461472291 -0.0172079135170451 0.376929582174049
-0.102811837490486 0.0796467939152204 -0.108344343570027 0.24773407550603
-0.0895690986436064 0.0171057724328041 -0.0653975277007825 0.0858668037363239
-0.0695899556645889 0.0272978026176979 0.0232282558898926 0.0283151188071001
-0.117430564221634 0.0088399433861748 0.194179096666754 0.0638534856773292
-0.187515529623217 -0.0308335708721237 0.458560398850438 0.324843068096372
-0.0205576955926801 -0.109998560196285 -0.475232938635716 -0.369995350492098
-0.0531766801351002 -0.131984839847096 -0.324640594796007 -0.110707001306747
-0.129725668317169 -0.033457822237303 -0.0686156626301651 -0.019931223964017
-0.0959137332421218 0.0724553027267515 0.073399910808755 -0.00939562985512483
-0.0168789721191681 0.0834654493244111 0.163631775769703 -0.21164688849457
0.0126205970624965 0.0670326091520404 0.0821889021104115 -0.39202591506758
0.0492175151003422 0.0505323406647908 -0.0268333681429278 -0.49081932826899
0.0562972549882003 0.0586930873046289 -0.100913743848499 -0.512939416085012
0.0688044894306 0.0756051903628762 -0.0858911130439095 -0.511313592503532
0.0275164785845789 0.122832836624305 0.00107097755859783 -0.456524508754285
-0.0404049109585847 0.129512498030966 0.0858127758739719 -0.317913998932567
-0.133779104200968 0.118014631811227 0.0076104118916538 -0.135798312047445
-0.178375345603115 -0.0342366605227142 -0.158350165865515 -0.127727809023939
-0.0847748834892916 -0.159675698728868 -0.268346954029223 -0.293579735341432
-0.0204908473939737 -0.141574528377296 -0.312511578146746 -0.580755134509012
-0.17058591084435 -0.25869914258089 -0.433711698785126 -0.363391276165033
-0.208663743691978 -0.254680737960942 -0.298497200674007 -0.141056730873099
-0.301243161410411 -0.064618738979239 -0.0972891718230871 -0.0429767147775406
-0.269829715776914 0.13108759611797 0.0436958176006926 0.00637763506632196
-0.147434055058361 0.219841699619553 0.160850829453872 -0.170150153680473
-0.0493169071124894 0.249454290103351 0.102346528192958 -0.335450063411796
0.0543354500290785 0.241960225393936 0.00157837148622677 -0.432643926680644
0.0726632715316748 0.246744328238745 -0.0669439895129763 -0.445026505846401
0.0933667593378277 0.258808157387575 -0.0753891184130792 -0.437288649187184
0.00835728876399635 0.334932452631447 -0.014830331752836 -0.397156796487205
-0.138125364339109 0.31985808637451 0.0521449472069546 -0.283259872510559
-0.303839325940019 0.281757298026065 -0.018053788971942 -0.101756832345852
-0.419683449007612 0.0225456597978283 -0.196985678713105 -0.0900648190182957
-0.341909820516998 -0.258915139348551 -0.2779521478334 -0.238430715464424
-0.246395053778387 -0.311112710366629 -0.273531981945172 -0.47964618525219
-0.294606833203597 -0.386140682350834 -0.353660121500746 -0.276810286252799
-0.351481407421154 -0.368092620727339 -0.237803364289077 -0.127477051239959
-0.462843585293437 -0.105960832025208 -0.106149918524574 -0.0640900361836636
-0.439047612260709 0.172413793437691 0.00261462022781046 0.00546491467703184
-0.281916510295813 0.337454011887668 0.119014763241737 -0.115124677130611
-0.11709549958005 0.408135601949425 0.0906414500978776 -0.230609274275531
0.0458405594887309 0.404235909537001 0.022982320733061 -0.303505156752513
0.0795404820807112 0.396637051639267 -0.0223211244962673 -0.309580979033311
0.111892334524965 0.395455185377218 -0.0459978415243658 -0.296343983401683
0.00890246210631263 0.495655992397416 -0.0142670350415267 -0.278823542030027
-0.18876460738029 0.477891203633904 0.0232959257201546 -0.204283429949548
-0.408114861928831 0.433471935382293 -0.0278910288912206 -0.0535653365305526
-0.59301404148089 0.113402675288136 -0.195669124090074 -0.0401233239391163
-0.547947573622119 -0.283017485142524 -0.231947594965763 -0.163716761975395
-0.44299755400559 -0.40865508044505 -0.164719891697442 -0.328638029912076
-0.384541817366702 -0.463667024534335 -0.241803371652273 -0.117110394823925
-0.472145540543454 -0.438515455161592 -0.140682130937265 -0.0561200052092072
-0.593898589159622 -0.12540147787321 -0.0883848968811279 -0.0641832895395495
-0.567346200036189 0.212860020930179 -0.0417079726295451 0.0035459352313281
-0.38154737894661 0.424636632333543 0.0444321774506196 -0.0391733478346461
-0.168077703300438 0.51841349334949 0.0509475325041249 -0.0826810292619781
0.0327777379961669 0.507995992291896 0.0351405638581769 -0.122038808341278
0.0740673319526616 0.484399480858214 0.0257129863793965 -0.129775660831315
0.112675975463041 0.470092155492296 -0.00108694307870752 -0.118992479978435
0.00845400435770725 0.577673203889865 0.00601439488561215 -0.122960576350514
-0.212050011467048 0.56100562450283 0.0102711440323559 -0.0920092643505112
-0.44371021816474 0.518850860545929 -0.0216642180652452 0.000969160247935562
-0.662353852651008 0.1853270621311 -0.156201780913896 0.00472619421123076
-0.656426251158521 -0.258344395109706 -0.135328267762376 -0.0917816275827005
-0.5619531769882 -0.432536977961573 -0.00697477678546644 -0.159020898322513
-0.425807278364166 -0.46830599999679 -0.102983211734834 0.088837743245448
-0.536958519887449 -0.433127146822571 -0.0142850103796902 0.0604630837826406
-0.647006356150011 -0.104676290362383 -0.0493810928075847 -0.0328501142968732
-0.60107596517798 0.239578850991533 -0.0814269474837947 0.0163883031903586
-0.40986177173511 0.452366723252767 -0.0425148929326068 0.0597809508989883
-0.182528990633458 0.547394597763832 0.000328830511897348 0.0939111369473896
0.0205885231275873 0.533586725658183 0.0406595299150618 0.0852954557093782
0.0597471281147666 0.497376156179009 0.0687876644868908 0.0680773321665275
0.0893710601971256 0.476210624770544 0.0455688583480432 0.0693492118951668
-0.00970420021687132 0.569207149848689 0.0328122222843419 0.044106515883028
-0.220416723088756 0.542207928926826 0.00379552355845609 0.0315159787996968
-0.42716401493674 0.487621205998717 -0.0114433775831373 0.0517186321200238
-0.619527891664728 0.192874438485288 -0.0983534967823956 0.0332132767430624
-0.635000084385847 -0.216889622848298 -0.0160135542797225 -0.0359071133362824
-0.582619496866161 -0.396229379409501 0.166862420980405 0.00675312146337971
-0.406926146165817 -0.388258204946609 0.0482401096852622 0.299512684035983
-0.504456212056915 -0.335360770408522 0.121973897903484 0.186858071029724
-0.569166330241772 -0.0493147717733977 0.00209307188354844 0.0224811145017317
-0.501320900560646 0.225645462971322 -0.10151049465422 0.0450906530510577
-0.349539827002956 0.392131517711664 -0.113279642482872 0.162720517281557
-0.156769535810289 0.476982667602028 -0.0401802045760127 0.265009877723855
0.0113794093318144 0.471815913149705 0.0476882270878134 0.282706333350154
0.0348584304816424 0.437848328888605 0.102378654928099 0.254374390568935
0.0465125868831844 0.416847553957518 0.0802199308866476 0.241706335894594
-0.0434464277418328 0.47588239745492 0.0439754074369223 0.196308418212089
-0.218188449131565 0.430206554894147 -0.0134851141205042 0.140575952724073
-0.360788877206082 0.354502039552174 -0.0157063618862959 0.086213378440661
-0.481717532310391 0.136197581874977 -0.0447199251174308 0.0434542879368229
-0.507886436857818 -0.165748107695275 0.090101841096194 0.00506045907978185
-0.505174507926882 -0.309604934247458 0.320523497867735 0.150748136376292
-0.31757116207036 -0.238194112359164 0.191989701053407 0.473330037522872
-0.365055881900634 -0.173262324347388 0.244283921985883 0.284927392142577
-0.362801188649289 0.0144418677349532 0.0612998170985134 0.0803993434271131
-0.296426994535577 0.15433471283563 -0.0893959841017653 0.0741157976106353
-0.224305627741693 0.254560814756589 -0.146169326872238 0.240830936044053
-0.103707483586038 0.323481453345647 -0.0550438295726657 0.394099900583365
-0.000919100324721932 0.329781262619814 0.0592968807786313 0.435392925595251
0.00425065269280396 0.311226054281581 0.122596226032354 0.401116582380042
-0.00100933246408656 0.300436530739379 0.0917637880709246 0.378674075051881
-0.0710433565099607 0.321798778338084 0.0276155709283401 0.314013660162881
-0.183896455114286 0.260583773609844 -0.0540425538744841 0.216815287848057
-0.246013265463382 0.174036392141508 -0.0380651935464483 0.097733931735258
-0.282253371759391 0.0646670224901623 -0.00668838680222506 0.0394623583544927
-0.317474112634751 -0.0955863337847826 0.160825394253101 0.0375012700981316
-0.362817850107394 -0.184426843097922 0.426156492863327 0.262194556328731
-0.162911455361946 -0.0523095802315491 0.300535844356762 0.573064418927306
-0.144476877198947 0.000198120428872676 0.336167471152229 0.330138052446858
-0.0917438751203959 0.047780617517083 0.125861869567335 0.114570220379902
-0.0583536821096412 0.0353436417713542 -0.0482461211984026 0.0815556733954789
-0.0835755005079078 0.0676723847705896 -0.138531030237702 0.273615045728535
-0.0491313026955717 0.115174751662536 -0.0479842153594444 0.453394158647548
-0.0222367555419425 0.136997537062019 0.0707272268643272 0.514832416042697
-0.0270867397787845 0.137790604125087 0.125628366915638 0.487802087539197
-0.0394441370604393 0.138768356771161 0.0782983243746197 0.460612512349433
-0.0667709713266038 0.131217881171345 -0.0138862242745352 0.385248104696643
-0.103392691370856 0.0810883315547184 -0.108219662609867 0.254223576485498
-0.0889485474892033 0.016773172837158 -0.0677699667925434 0.0868120442384907
-0.0679485237869807 0.030027880223432 0.0215616021749539 0.0291731336463098
-0.120918207970076 0.0100711324456848 0.196531740066668 0.0670460720446565
-0.190796550646224 -0.0293721860614431 0.472960692102409 0.327587747647479
-0.0216879114560335 -0.113601573102801 -0.502052612524924 -0.371225324147008
-0.0585273981887136 -0.138721267669236 -0.339262302460113 -0.106361919686466
-0.134712453402792 -0.0317695678572571 -0.0710181789926469 -0.020515124770936
-0.0988167761381043 0.0791811887616053 0.0773099044503943 -0.0114496336755715
-0.0157351681387268 0.0861218933378662 0.162980660995855 -0.222371306335285
0.0140902279774209 0.0692130523370793 0.071674221331606 -0.408076540975142
0.0515149566524371 0.0510812656460839 -0.0462123839289259 -0.508598859732447
0.0593873549260467 0.0582540006775158 -0.118599084078822 -0.528854658846154
0.0734480394069195 0.0742059458872377 -0.103306206577956 -0.526444704682493
0.0329390697187293 0.126638650092191 -0.0120399055171992 -0.474816301288254
-0.0390940526463999 0.136674196044001 0.0815603007109348 -0.333357046593914
-0.13666495783435 0.127286497349944 0.00610901603960147 -0.140856666873094
-0.187523207076018 -0.0327119378160804 -0.164130493608171 -0.127630535795018
-0.0913658023090298 -0.164652967979578 -0.284003854186594 -0.301978876602319
-0.0231732238138335 -0.146499973774045 -0.337862300900405 -0.594826559803338
-0.179172652978647 -0.262421872272959 -0.45935527226766 -0.36605339902425
-0.221473454680234 -0.261434169917184 -0.312985911100094 -0.140840792580978
-0.310624529099252 -0.0617512632697838 -0.101480302458886 -0.0454528207304678
-0.276371776404634 0.143561571712017 0.045736863691867 0.00472523092829184
-0.147435349186603 0.231505900638135 0.159501151228457 -0.180481848948116
-0.0440434851998858 0.26083816443519 0.0947032539953993 -0.35081806399761
0.0633783979492164 0.249481941569652 -0.0123968020404014 -0.446562310837366
0.0825055915673685 0.253538821037607 -0.0817661168575485 -0.459240253849736
0.102648041235852 0.264233545867632 -0.0901642785956956 -0.450171937966896
0.0194779124248332 0.347608757430563 -0.0268624683039409 -0.4128519465111
-0.136078242877665 0.337363706321501 0.0461910696541602 -0.295548040245193
-0.308148334664894 0.301490856144694 -0.019891902235262 -0.106318752988831
-0.436765704774805 0.0330800366573892 -0.203247388422891 -0.0867646677574901
-0.360450706631888 -0.26228732209533 -0.292899947739962 -0.243768466512147
-0.260018090873557 -0.316462613862082 -0.294622979307359 -0.491423412472217
-0.309424469177139 -0.390713002460278 -0.376588434624356 -0.278511888117778
-0.37191686238498 -0.377346541986806 -0.249841926931428 -0.128731555997428
-0.476417356749141 -0.100903285832703 -0.111813248570649 -0.068527780156059
-0.449723130868239 0.189677506944585 0.00273495331167763 0.00503965085570876
-0.283391560549536 0.356879523742044 0.117088486115239 -0.124235166934631
-0.109591773151345 0.427412723114051 0.085762054647609 -0.243163145302849
0.0595830122648206 0.41767555004599 0.0139891340557842 -0.314105718091999
0.0940139997129714 0.409464684493072 -0.0326560097826142 -0.321979654367715
0.125533525921406 0.407895391609465 -0.0551757362156449 -0.305592805998743
0.0243432291441791 0.513569282855536 -0.0236209987154667 -0.28995103836856
-0.185247438589106 0.503632317642541 0.0184951396674706 -0.212133424293429
-0.410027301960263 0.463646376403122 -0.0294709192094623 -0.0574505889103529
-0.612992845903887 0.131797091873321 -0.200298303956819 -0.0342862221868845
-0.576819915734902 -0.28225189861817 -0.243635610644586 -0.165518029920724
-0.463135887772833 -0.412603441609643 -0.177295093692808 -0.338303359744581
-0.403744838095103 -0.468967429067844 -0.256756648704904 -0.116859755458081
-0.498958613290256 -0.445101811945458 -0.147978638947292 -0.0577612528828723
-0.61205915119894 -0.116682644433736 -0.0938018542717076 -0.0697255857122026
-0.582019403379124 0.235636107523859 -0.0440233632910872 0.00347265495014463
-0.384464389138496 0.449971447144348 0.040988051933021 -0.0454859422478169
-0.15700074688808 0.543379930752691 0.0493374520806646 -0.0885873183401622
0.0500970153728896 0.526640755659513 0.0329260221733075 -0.126543620976057
0.0917463618920089 0.501896431040873 0.0216248310589974 -0.13721650126479
0.126606676480605 0.486061974561079 -0.00391968048720113 -0.12217434060352
0.024555213223279 0.598233886896854 0.00193331510636798 -0.1282193800168
-0.206493115717941 0.588999338960614 0.0073741671108072 -0.0940673784578826
-0.445992845081636 0.549695357431679 -0.0223374893520533 -0.00100579812022052
-0.683030515927847 0.207752050869482 -0.159116423918506 0.0121649993783485
-0.687420172957784 -0.25447889755957 -0.143136956603542 -0.091370332462114
-0.590001724965876 -0.435820485866164 -0.00947234186681746 -0.166324068919704
-0.446580426928396 -0.471673235151189 -0.109804706626889 0.0930098261173296
-0.567165099108139 -0.437279745398799 -0.0146050204037393 0.0605453626286061
-0.667335162009138 -0.0935740928247112 -0.0530839570233572 -0.0371818620883236
-0.615921164687523 0.263554151996757 -0.08541262327288 0.0178548504694774
-0.413283745623096 0.479162648229776 -0.047022405025429 0.0581752133770868
-0.172169890895045 0.573706770319914 0.00178095133168164 0.0958896300884824
0.0379021969220518 0.553306716661426 0.0462635895403728 0.0882050209295571
0.075397493083995 0.517866229580756 0.0722864908859568 0.0659983605545549
0.103764336552792 0.493702545248415 0.0491586188353507 0.071380453565095
0.00487429092285978 0.590394152159955 0.0341506329106726 0.0447571083347212
-0.217663396812005 0.571392158568465 0.00520479905610911 0.0339779798880037
-0.426762830429275 0.517452147804124 -0.0117868905044119 0.0514013876827832
-0.637049085874887 0.213455832351508 -0.0986055334565325 0.0403528728424324
-0.665529581288583 -0.209821421246624 -0.0179933765853604 -0.0351258635200153
-0.607858400057296 -0.3959380180265 0.174995301956674 -0.000721565967050707
-0.42694742751202 -0.39040649971844 0.0512373069198864 0.307333108750256
-0.531993562394604 -0.336674422806841 0.129761542559782 0.188749845376933
-0.585313098626325 -0.0379295338557254 0.0013457877147701 0.0200089608473543
-0.513827724354864 0.245123894378217 -0.106473476572888 0.0482017334170484
-0.352636788191452 0.417731231230232 -0.117584287357644 0.166803574961974
-0.146694599216406 0.501534885108444 -0.0345049919088727 0.274198425462547
0.0259032068341249 0.488902979770152 0.0603015914278795 0.291927304733561
0.0495700743374628 0.45571741930151 0.112084337752571 0.258306949664764
0.0581581169850207 0.433257053925465 0.0896974862962524 0.248726072681038
-0.0316328821328219 0.495476854488032 0.0508385934629215 0.20312579054092
-0.215689687958893 0.454605721786258 -0.0104817624875183 0.148392062659958
-0.361562643166026 0.377118898605753 -0.015477578157034 0.0875222958177055
-0.491965778616344 0.153996689703924 -0.0448377486026344 0.0493064240650716
-0.531401633529183 -0.160571047545936 0.0923596605368747 0.00539483502011178
-0.527406311830815 -0.309342842940784 0.338052059956024 0.144800164178588
-0.332688609006357 -0.236571934209746 0.203639172134341 0.481807843744037
-0.383456302739003 -0.169993357925361 0.258220350227824 0.287968504273217
-0.373006605241231 0.0242566246111924 0.06397032110258 0.0801258322523223
-0.302661818584663 0.166512685374758 -0.0935301839137164 0.0782000759218561
-0.226581487590972 0.270499550233576 -0.148473783281228 0.249485140819562
-0.0975058658993363 0.337918142215376 -0.0463644934615162 0.407989396134085
0.0091507933188458 0.342425792506284 0.0756260638548128 0.448358246270918
0.0147066567783898 0.324710101206649 0.136565701809795 0.410243975238085
0.00602701269214173 0.313198344592373 0.105000275154672 0.389151539230191
-0.0641304174567797 0.335276490961633 0.0373144353097797 0.325636251799739
-0.183566892800674 0.276072740827187 -0.0502126295782825 0.228436473323423
-0.247809233328427 0.185701290152771 -0.03894014490858 0.101317011607717
-0.287401822646937 0.0741087124725899 -0.00742534296989824 0.0434777275193926
-0.331730011168134 -0.0906511104436826 0.166399542799479 0.0375611142811434
-0.379091991016751 -0.180739855181217 0.451171138610631 0.256052364791604
-0.170274868784644 -0.0489178330725213 0.319008531926582 0.583333548658514
-0.149743324838709 0.00567690607009107 0.354953378128785 0.333988058523285
-0.0930617440772002 0.0531995768162704 0.132599273255082 0.115409191133039
-0.0585000553166779 0.0367450640561544 -0.0506234096373272 0.085572525108396
-0.0844003233092199 0.0733263002034229 -0.138916755363602 0.284872781734736
-0.0464338373474281 0.12010256327616 -0.0359271090022049 0.469262022898214
-0.0186736543962841 0.14299539110916 0.0905847094788986 0.529923379773013
-0.0232746695528104 0.144968899398034 0.141688533935702 0.499987706006899
-0.0373706678877491 0.147079037468616 0.0943441183299809 0.474539557557661
-0.0662910505871042 0.137815564205966 -0.00245889028138201 0.40020306589492
-0.104015949956096 0.0862524719839327 -0.104971425283571 0.26746678929911
-0.0896567427754731 0.0182789498789673 -0.0695954097741893 0.0911809976426636
-0.0665907443971841 0.0341794692221287 0.0208267885350596 0.0304249112131228
-0.125884652073217 0.0149858771220062 0.20444322588373 0.0667310275782318
-0.197989756155424 -0.0241776394581118 0.500339036162143 0.323435254223763
-0.026547966752888 -0.116774095059004 -0.537426775630738 -0.356820218298292
-0.0685623361257532 -0.143198305054455 -0.354480848861327 -0.0909884002132041
-0.1404478558346 -0.0265489960086418 -0.0732317968435547 -0.0194506223187025
-0.0991650458477809 0.0886638438384729 0.0803673759256456 -0.0169667968611574
-0.0122495821128773 0.089942841292384 0.154659244452908 -0.236745451739554
0.0175340046356489 0.0711239480980478 0.0484365198448682 -0.424336140252795
0.0554469276519938 0.049468759708761 -0.0797672510302834 -0.519922085569948
0.0645126927764023 0.0552770734002706 -0.154184861145519 -0.535842664981754
0.0800422510523323 0.0706032205207299 -0.137475015390955 -0.537292642785806
0.0427229902608944 0.128797645640979 -0.0408794973509758 -0.490552105047502
-0.0332431072441792 0.145056978544109 0.065635527759585 -0.349894709958595
-0.134458822457993 0.140514795407719 0.000454307508114356 -0.145782241489029
-0.197423576443539 -0.0244855539208314 -0.172934113575204 -0.122607450959434
-0.1026076613616 -0.1664588740385 -0.308386478579704 -0.300009733366285
-0.0305852772028082 -0.150667958499293 -0.382052834765239 -0.591291224075785
-0.194929041746633 -0.260042518047905 -0.494517389290107 -0.351332220523655
-0.242702434442427 -0.260270470873569 -0.330277924350135 -0.129444689227316
-0.320248013087757 -0.0475044270810085 -0.107232082505003 -0.0444205494711272
-0.278152439558276 0.165187871019277 0.0485658592345418 0.00156666840817379
-0.139025455356742 0.246867137229636 0.152107992798324 -0.19566022924567
-0.0295074145224347 0.271645537891681 0.0748879939593643 -0.366856174338331
0.0798842059097173 0.253783550302916 -0.040357294888706 -0.457443417054034
0.0997627159841105 0.256765992708666 -0.112472528956391 -0.467746084541637
0.120472277626368 0.266091731130401 -0.118450864515238 -0.458330378146493
0.0423865398118009 0.357583621726324 -0.0524530046051279 -0.425543297046296
-0.12170380498216 0.359178768316652 0.0316291048899192 -0.30816602233238
-0.300579747962396 0.330730562769554 -0.0258399890028502 -0.110172065543497
-0.451479583556812 0.0567358493793372 -0.210377558618075 -0.0771398608958329
-0.386987647495086 -0.252741949481904 -0.314886406234877 -0.238031989856603
-0.282967171977938 -0.314029777899592 -0.32994509486137 -0.490566668840025
-0.334626864812724 -0.383779419779332 -0.406081686336813 -0.266472497467833
-0.404353013768399 -0.368683535832753 -0.265128407569861 -0.121742387524581
-0.490386289223003 -0.0791631835683505 -0.119787715363047 -0.0690175219533191
-0.453508563945048 0.221622719384063 0.00325679975939569 0.00385184804549782
-0.2723965623015 0.383575987664132 0.110334061269621 -0.136588844263395
-0.0867182726653828 0.447741983035786 0.0725144108921224 -0.256849019910151
0.0867109634649207 0.429042193063566 -0.00499757681293115 -0.323779861874588
0.121841893982215 0.417992467636727 -0.0533908777549007 -0.330769104090318
0.150831024465041 0.413612637715804 -0.0739290468741637 -0.310759039715739
0.0578377536453199 0.52801001193467 -0.0424896606659793 -0.299206240040951
-0.164484756002552 0.533066960960656 0.00716549786298427 -0.219660291835927
-0.396097244131919 0.501850581732873 -0.0341475999981375 -0.059366556016722
-0.627454309259627 0.168376934685509 -0.20489295895347 -0.0217548052231475
-0.611156730808188 -0.262419196668385 -0.260755220848553 -0.159261445778326
-0.497195455095261 -0.40371714063912 -0.200515695543637 -0.339938766944725
-0.434713299397724 -0.458625964643948 -0.275682617456226 -0.107189327950973
-0.539465584660247 -0.435202918357831 -0.157222181689825 -0.0537094024726336
-0.631743502222191 -0.0885033163163056 -0.102744052230055 -0.0704568528881581
-0.587681727527363 0.27470100778232 -0.0458103346196805 0.00503475282242164
-0.373556540823808 0.486394102132688 0.0347048205941282 -0.0521282946244983
-0.129462816397138 0.570817790463181 0.0437846839198875 -0.095197711562574
0.0832896971646627 0.541812912269253 0.0270529956074521 -0.132117874731165
0.124098409857924 0.513500199840454 0.0130616062844183 -0.144338237775497
0.157201596767748 0.496259940752846 -0.0105216241536295 -0.125416908060961
0.0631813695957945 0.616210865290499 -0.00738567668104635 -0.133289563412045
-0.181012162299094 0.62442064601002 0.00225572172681621 -0.0965686330165455
-0.427278438254761 0.593701106420355 -0.0245175533357732 -0.00224675399703839
-0.692884276101432 0.251256260121625 -0.159780946233648 0.0239785507514149
-0.724057188698573 -0.22766036385636 -0.151998032547115 -0.0856327382769217
-0.626517268098824 -0.419100091529344 -0.0178106504734142 -0.174306575289198
-0.481472311047834 -0.459676942352826 -0.113223856211813 0.101161907471703
-0.609436311786491 -0.422636497793077 -0.0136086612122804 0.061656084708273
-0.687716292380708 -0.0622360969172215 -0.0589489637081722 -0.0389143438706246
-0.621725465802459 0.305201590726731 -0.0885373889405738 0.0221510300547414
-0.400945755348783 0.516743796037974 -0.0511091404979808 0.0587100054983765
-0.143583631335975 0.602350002229944 0.0059201494443045 0.0969747495907225
0.0749126134901745 0.569366344966927 0.0540744786161725 0.0876251277420532
0.110058869182878 0.531931985688022 0.0766429962021325 0.062047644721645
0.132797559266632 0.506971747369865 0.0554497123685767 0.0714109611276781
0.0404152129956067 0.608218449003049 0.0363777309363493 0.0447316506145314
-0.192523417213263 0.60614895986921 0.00675615579515421 0.0367876807648869
-0.409219161803932 0.559726822432164 -0.0112858520146647 0.0512987880782895
-0.644883199404831 0.254924846397704 -0.0971069085369227 0.0505654809729225
-0.699752663053224 -0.183259799036272 -0.0212288937581293 -0.0331201698618247
-0.642848540335868 -0.376229144032859 0.182246362055891 -0.0139672407325681
-0.457124581656581 -0.376412847001235 0.0634812684589966 0.314527110405638
-0.568405680463013 -0.320554604633421 0.141422565223581 0.186342366764179
-0.602930308052182 -0.00819749518904207 0.000313918155587084 0.0185854515294727
-0.515314277212685 0.280143315675513 -0.108720003324386 0.0552137869448741
-0.341572895631326 0.451452170621577 -0.118063497630823 0.174966791536397
-0.121876111963608 0.52682011167693 -0.0205463467192142 0.283780949477502
0.0561518420155672 0.503155229859185 0.0816189546571643 0.29630595524925
0.0793418129314776 0.469188246803539 0.129229959005575 0.257361599909149
0.0830747314435834 0.446613298862084 0.107341483434326 0.251835764111357
-0.00392998426975224 0.513254609901829 0.063408015698147 0.207490663496295
-0.196248686785166 0.485210289585643 -0.00260327942988619 0.155303709080142
-0.348884258858697 0.409743627480666 -0.0135816566488447 0.0898665402121232
-0.498202581817509 0.184551867323815 -0.0427201557736947 0.0567580941753151
-0.557309486911651 -0.138065825498454 0.0952214477707097 0.00364074640421488
-0.558077613358315 -0.289487286664465 0.358881264443575 0.125848602277479
-0.353147267078036 -0.223981793413874 0.229884854673894 0.48582332757284
-0.405442641273465 -0.154143522058566 0.27989962455457 0.282247629164788
-0.380935359667665 0.0457087859882706 0.0684267381839439 0.0785077255030149
-0.302220396067875 0.187253687653593 -0.0942983033094107 0.0859523618548771
-0.218551760692108 0.292998904796395 -0.144318016065131 0.262739054530831
-0.0791916187661114 0.354294366739322 -0.0255873245339733 0.42171884873764
0.0303842724753847 0.352477963929826 0.107394216576091 0.456299874120944
0.0356783418935094 0.335925192191173 0.163912923906077 0.413227075821925
0.0230489086711708 0.325586096451747 0.130760688709434 0.39491886653575
-0.0466831131150224 0.34978846823776 0.0580612120088287 0.334525128360399
-0.172858659030634 0.296379511097978 -0.03896732068012 0.240692250246729
-0.242226577855417 0.204330251663286 -0.036720492189139 0.10614075385069
-0.289711592021891 0.0926966029367726 -0.00615297206209629 0.0474275912169283
-0.348068071814911 -0.0755920717920399 0.17354656974491 0.032295158731098
-0.397956167203564 -0.164381230788308 0.481798821456852 0.2332911865528
-0.177682660601909 -0.0395330424889307 0.355268251205999 0.585255333505034
-0.153654515000114 0.0153373829934221 0.382133307664109 0.325192783299005
-0.0914967633988146 0.0606136601415269 0.142069829261059 0.113320199711688
-0.057462197049373 0.0386561874370622 -0.0494262587171225 0.0914875794833041
-0.082590884278465 0.0804122115173005 -0.129818241683894 0.300354724665432
-0.0400806781464736 0.126369437865189 -0.0114926161748873 0.485270525593377
-0.0102957900001574 0.148278149569776 0.12608721339903 0.538818563347606
-0.014472894517128 0.152821000081605 0.173305291191498 0.503869176567553
-0.0299783186903303 0.156028153469883 0.124432234194754 0.482760744142357
-0.0604394998816958 0.14626366249794 0.0213368158100521 0.413011741071374
-0.101781048316759 0.0940159412927741 -0.0925810884839332 0.283966589673694
-0.0888868873377739 0.0227868852384809 -0.0688739913445305 0.0977920062907784
-0.0633013176427395 0.0397442468964031 0.0207053798992899 0.0314795940304064
-0.129862043769178 0.0241580833046587 0.214109075021072 0.0602145351889124
-0.205093433613796 -0.0123078874807218 0.53636805559579 0.301407570084985
0.0295476400196367 -0.109936357040769 -0.341424281003293 -0.563803781458333
0.00272532126815851 -0.16040639275569 -0.286334180442495 -0.232690759560858
-0.116850969283777 -0.0861664114873857 -0.0539399459118308 -0.0477401977415439
-0.130266631952793 0.0401322156205261 0.0853538611802771 0.0208390931919467
-0.0546650678041125 0.07577228311748 0.247275236738106 -0.148383147709967
-0.0188984754047361 0.0728828282213601 0.230021209878152 -0.366152607069965
0.0268953640555585 0.064281674461176 0.150621048644639 -0.507284448858161
0.0335975930904034 0.0760099620396633 0.0845474414649239 -0.549721198971818
0.0397403660007753 0.0946422996583806 0.100033717623458 -0.5453309095869
-0.0162490313761601 0.133745718100013 0.167433321162442 -0.460274038378709
-0.0944752692006543 0.118600567563025 0.205095425165074 -0.290245296842699
-0.183898280388825 0.0684025827473072 0.059643059393661 -0.131946442197918
-0.17258023102007 -0.112598275406165 -0.100936059001182 -0.19277415250369
-0.0256816800959891 -0.202313750732097 -0.1418103943197 -0.418627448852949
0.0358856659334532 -0.150699665534652 -0.0703834165948466 -0.713856534820144
-0.0607454705721863 -0.313178069369692 -0.308633570191085 -0.537290531022536
-0.106388500093212 -0.343155627307812 -0.244733676201126 -0.251886591078464
-0.270378207339447 -0.182923205691765 -0.0718396087975891 -0.0802222703404994
-0.323589208885826 0.0318574915614701 0.0491251857692496 0.0300373191700978
-0.238216172712991 0.163867502672219 0.233616390700931 -0.104265807563836
-0.147079518102212 0.237184114564993 0.235379193966574 -0.302149782009177
-0.0369195655309457 0.263826260050415 0.162514990496836 -0.434119724834396
-0.0211057069933022 0.279954689611806 0.0963861718413888 -0.471111005854081
-0.0056398165645196 0.291541430549883 0.0826376616418849 -0.465012835823197
-0.111297819636976 0.344624380278448 0.12578616787533 -0.406219786173728
-0.266968900877783 0.279264654613022 0.147871437443604 -0.266453708644205
-0.41391244156258 0.172086184665706 0.0116184223976765 -0.111505740982687
-0.439322446818543 -0.148857993490656 -0.159411621333916 -0.17222844320905
-0.248298602367893 -0.40329810513757 -0.169971113113119 -0.369875969237524
-0.122863641619805 -0.40795756463837 -0.0629268164356547 -0.598719345806825
-0.133496335156088 -0.488303181417888 -0.269176358750208 -0.415938806871497
-0.208159102038425 -0.51235362796826 -0.186701014019689 -0.212520321882923
-0.409531361126996 -0.284699979038966 -0.0719894219611679 -0.104131090403009
-0.505554376566765 0.00787607017430882 0.00751287371940178 0.0172697952616184
-0.41762604795386 0.22975447246186 0.174117227479798 -0.0637655235620076
-0.273382675497583 0.374510591830349 0.189281534566708 -0.201889660545353
-0.103659577091301 0.428487743787612 0.140369735708904 -0.29613906845453
-0.0702621106976132 0.439676250681431 0.0928158370069299 -0.320364721080094
-0.040606215403607 0.441912221881622 0.0612835992155113 -0.311653610298488
-0.168963872182786 0.510443116731807 0.078746899580281 -0.286618947129219
-0.380944902903191 0.422950500528094 0.0828756710333503 -0.194059909991089
-0.572950915994384 0.287460566698485 -0.0241039544304395 -0.0683852373378317
-0.649481168635944 -0.12350029308819 -0.18338592079459 -0.121982188419981
-0.448971222223097 -0.507662325027267 -0.15442816005653 -0.276278544530385
-0.279350397085812 -0.580208601886691 -0.0111507188699028 -0.406173060608364
-0.191639442119005 -0.603886986896898 -0.223289994145229 -0.209595927077791
-0.304918955807134 -0.633323211344788 -0.115384622714665 -0.099152760847137
-0.535578902079327 -0.356124191618194 -0.0533503377034981 -0.0933343402138101
-0.648110263983552 -0.00107135603213458 -0.036441850070946 0.00178319330554868
-0.5518903804322 0.280963555266933 0.0720026733287378 -0.014918376519118
-0.363097360601504 0.467154444832567 0.0962793924426276 -0.0686535725772671
-0.154505349736838 0.532592008035791 0.0886198541041836 -0.108298113277902
-0.108041986742958 0.532961692405898 0.0749933573760905 -0.123997253096618
-0.0692962715391903 0.521123274637533 0.0403481500499873 -0.116849332230281
-0.199163159640179 0.592139377498715 0.0393886177866628 -0.120856599043675
-0.434521023599623 0.50050548727426 0.0233073042636524 -0.0829882638347749
-0.638413313521012 0.358009442416198 -0.0443229999117519 -0.011390939896738
-0.744961750555405 -0.07675772069643 -0.166934201935613 -0.0587916911937778
-0.566184920343829 -0.522439322055276 -0.087708837319154 -0.161877720627655
-0.387740598377053 -0.650231420510308 0.0796406262405545 -0.172054169699877
-0.233396035766656 -0.628421390323905 -0.165675891293552 0.0534671342927489
-0.374856294468759 -0.654308565598136 -0.0324303260851956 0.0702472305535261
-0.601307666065965 -0.359703344257102 -0.0259108847123058 -0.0430638844815927
-0.691526208333583 0.0111978814978177 -0.0827213385528769 0.000168716614697616
-0.589448846953387 0.297008201916936 -0.0532145660584074 0.0495056407342075
-0.38768360995094 0.491236343978207 -0.0209328398812046 0.090146612703586
-0.175648631608373 0.554819364046771 0.0197352394106531 0.103075400362036
-0.128587097904799 0.542844380079973 0.0457683112931055 0.0892827558590152
-0.0936192278870513 0.521214442323173 0.0178428970340526 0.0895660804947015
-0.215517268254072 0.576674520002589 0.00525176937795674 0.0581385511320302
-0.435540646517752 0.479665651526666 -0.0300573090801457 0.0405791793893574
-0.60434031827673 0.334890649320224 -0.0557453459504689 0.0426540184136813
-0.701356766546809 -0.0509301391722355 -0.121961847150442 -0.00595525295173718
-0.559621706873221 -0.470004684694175 0.00633119723387111 -0.0525731533019734
-0.422361698334477 -0.61835967413875 0.186454876118704 0.0662254142046726
-0.247062404474846 -0.547237202916468 -0.095461541239147 0.32666417751877
-0.384716346965743 -0.54382390285488 0.0566150598973458 0.249644187676989
-0.546248401299596 -0.272919291061277 0.00255757650330337 0.0322601503592886
-0.584783356871473 0.0332429691515656 -0.11736554177948 0.0188223860575328
-0.504911928670644 0.263976362249418 -0.168559805205964 0.123672291375329
-0.333580750954459 0.429380705500853 -0.129542098842675 0.248136358964604
-0.160406380295511 0.489861753864712 -0.0468524188105394 0.304936347988955
-0.128921642850674 0.47269493354794 0.0108324086817638 0.288165820291105
-0.112583685213691 0.446613775558667 -0.0105291085534722 0.275786792229035
-0.215731266048623 0.471409477248788 -0.0371732511759835 0.216136767423315
-0.385692244181609 0.366721220967929 -0.0856633557973754 0.143114982603082
-0.486009568485694 0.222629427159454 -0.0707711100960367 0.0756373286398645
-0.533957740383645 -0.049930769310051 -0.0734319297660524 0.025804251137815
-0.450029915799476 -0.365608942665693 0.0940213356081129 0.0364961283488568
-0.381714778548762 -0.499952772013773 0.28079413959515 0.275388523204184
-0.220381393096305 -0.366240975766699 -0.0146038751855365 0.556517151200734
-0.30723550051647 -0.322470900736868 0.139745748402834 0.391307587837747
-0.368112837922427 -0.124970741450159 0.0354304532035297 0.111793884708074
-0.350849909573153 0.039185624465136 -0.120423368846041 0.0467439331250955
-0.322633764409285 0.172307095916383 -0.236685886704763 0.18779003092645
-0.219944967567793 0.290725200535418 -0.198925849176074 0.373037195945154
-0.11999111196223 0.341106427946801 -0.0938351246847997 0.460299957955471
-0.1116325519122 0.330335627818068 -0.0235409459603312 0.443264946960173
-0.114551925550593 0.310909392066105 -0.0479042974422338 0.414586536438953
-0.18669665046499 0.304001668744838 -0.091460408952376 0.327948535082043
-0.282930499602313 0.202327754691748 -0.148443045328226 0.202869722249533
-0.302602051448567 0.0837403336920306 -0.0917856614535622 0.0783640556845822
-0.301573976122219 -0.0407683394058909 -0.033323180466423 0.0371769124521927
-0.283341470631808 -0.21657715049247 0.148952972845074 0.103351434107903
-0.290371622495289 -0.318780456789772 0.339350328309427 0.432473539210741
-0.142335807831401 -0.122525641492721 0.0620281798773293 0.69604388163775
-0.149642515559319 -0.0580909599495692 0.210887865409668 0.466261849341803
-0.109846396991536 0.0152555788397294 0.0824194587422475 0.167999788495483
-0.0665242982701669 0.00821991560428232 -0.0860911001708651 0.0638639685512607
-0.104705586115344 0.0373670792808273 -0.247375673408569 0.221428698121522
-0.086756506214079 0.0979396062709225 -0.218675330652002 0.437345218858946
-0.0698662717250345 0.136478918394195 -0.114418160044152 0.543659328257659
-0.0779679681584443 0.137974843725493 -0.0560115176065265 0.529797531249947
-0.0906220160872575 0.133898578478923 -0.0900157827843082 0.489652838270311
-0.11392087178631 0.110752944037406 -0.154075960438691 0.383579797868279
-0.131151216301142 0.0448585393969095 -0.208628590556443 0.21935907238067
-0.087659515823891 -0.0167204788624389 -0.109943451593568 0.0571420039001
-0.0722634066805139 0.0110126094546022 0.000393576775763607 0.0370599050121505
-0.126581316003405 -0.0310641562332935 0.168446383599479 0.15047031060654
-0.180060823519943 -0.0986625338515914 0.354815134321382 0.520287482915552
0.0240860361854859 -0.110153773910716 -0.370609789308152 -0.535341872394067
-0.00798882530404867 -0.160904883384471 -0.295216370755374 -0.211753154964217
-0.12093313414958 -0.0790386789366599 -0.0551975857945536 -0.046489753541479
-0.126553460595551 0.0495366269472118 0.0871280148997226 0.0147133219335524
-0.0496876108102323 0.0786867331942959 0.235208002826004 -0.161114295533027
-0.0144492461816627 0.0738476604484671 0.201371258752045 -0.37503056603094
0.0296987606008912 0.0615721202657113 0.111904281124912 -0.506693895431666
0.0372826196052775 0.0711582435014741 0.049132010690422 -0.544570958621377
0.0450580418037055 0.0877399512660204 0.0645332927291987 -0.542650047161832
-0.00605190181354735 0.132956176530968 0.13447135886991 -0.466658961983723
-0.0868455644152491 0.124803782938521 0.185028216109572 -0.301161014859712
-0.177812442248743 0.0805789791352682 0.0521048031168296 -0.133046366471129
-0.179432404703268 -0.101979193029287 -0.10773017351743 -0.183339873740021
-0.0374064986774812 -0.198579207184431 -0.164559367293446 -0.406794017845974
0.0272933355598491 -0.15155317857378 -0.111750704963935 -0.695963443333034
-0.0755628167709174 -0.302935359196976 -0.338715525759749 -0.510750800108106
-0.126581865766494 -0.333055527605221 -0.255467664277024 -0.23421069951206
-0.274480216012697 -0.165959997696557 -0.0748618328429936 -0.0786754629223916
-0.316413783064249 0.0534847192550956 0.051542593133888 0.0254859048355844
-0.224663754721932 0.177306709680363 0.222778820304356 -0.118585077838547
-0.12889461096551 0.243595452859102 0.210691018022574 -0.313697360262377
-0.0194578512743355 0.261599544560682 0.130889322598953 -0.436666645403998
-0.00295020063868536 0.276580360969469 0.0639839850756288 -0.469416300429139
0.011877662339102 0.28697531538705 0.052555375090857 -0.462595974839131
-0.0866467728459117 0.346406943063144 0.0965626406319593 -0.411318055396233
-0.247371083659594 0.295814916646841 0.129062085491 -0.273046180740584
-0.397983020836364 0.197144264557048 0.00500148561785447 -0.111044886631051
-0.445513119720214 -0.121603095810833 -0.16423398198091 -0.159305165241603
-0.270177408126955 -0.384623582957048 -0.189093470948469 -0.355848536332442
-0.143193915787801 -0.395257450331946 -0.0961724211759255 -0.585943052728705
-0.155646080266688 -0.470131576797755 -0.292424851264651 -0.394691727370751
-0.234694932533489 -0.494292778083215 -0.197226457403058 -0.198902565850973
-0.416766185023153 -0.258778475923087 -0.0764313619330004 -0.101767302209083
-0.496025558812637 0.0393916789617157 0.00903167505728247 0.0157666801143137
-0.39716924755673 0.253690267736918 0.164733651079651 -0.0761470986512899
-0.243229712764354 0.386376203566904 0.171751959126709 -0.212389537846659
-0.0742340946512043 0.42945848843516 0.118897014495244 -0.299809402882938
-0.040509942221275 0.438879674797287 0.0707884352555865 -0.321424011184352
-0.0129511589421132 0.437536168665816 0.0413534063667036 -0.310309984380235
-0.132955617848441 0.51307854025101 0.0574747971243613 -0.289071132375824
-0.351445529803238 0.446472881706894 0.0683360584618513 -0.197320668656263
-0.5470678426927 0.320297230272449 -0.0290834763186922 -0.0666522036189229
-0.649737762842466 -0.0839388451443501 -0.184716464892002 -0.106053370808019
-0.474944224712443 -0.478179893140798 -0.16962198487656 -0.26287743422781
-0.305454830839455 -0.555672988106194 -0.0323238003608688 -0.400242260455163
-0.220062016584196 -0.577679870345661 -0.235252113694443 -0.194565952113781
-0.339462402302192 -0.60841750450263 -0.120725517577722 -0.0921625030137102
-0.543893936811824 -0.320703640779554 -0.0579287057973773 -0.0918300933119811
-0.637459723679418 0.039258804555774 -0.0359530121636827 0.00304490613829908
-0.52732535315994 0.312985341463332 0.0660272800236201 -0.0228277561936029
-0.327392899282873 0.485056479500891 0.088192048655446 -0.0745107006826845
-0.116412951705852 0.534775537422138 0.0809152850247059 -0.11206008474463
-0.0714175563198756 0.53235150129721 0.0650335117239887 -0.128081127294445
-0.0366301192319408 0.520006256252126 0.0337981692353153 -0.11577221036131
-0.158108932984333 0.597037589536532 0.0296387645705956 -0.122550417877022
-0.397266227073014 0.527452224481676 0.0160315176577695 -0.0831923741631017
-0.605689380230274 0.393704872025492 -0.046384247455195 -0.00939643007721409
-0.740022678068333 -0.0297877435499325 -0.164731594260413 -0.0449958102476018
-0.591618448352306 -0.485352071591711 -0.097636451661142 -0.152907249874906
-0.417477443781756 -0.61829446557051 0.070600562403942 -0.176025758491654
-0.261396303760342 -0.602762910022885 -0.164643576465475 0.0626284677961526
-0.409803524410555 -0.624349372350479 -0.0292969653115432 0.0705962388876322
-0.608683636112149 -0.318790201421748 -0.0278926359505201 -0.0435409092350244
-0.681291143947449 0.0535576319594253 -0.0816699124183045 0.00439131566806882
-0.563327493541994 0.332446474187575 -0.0549443551630806 0.0479710062943579
-0.348656461958812 0.509799321538058 -0.0181566802586463 0.0892541045890295
-0.134803569696671 0.558414479707239 0.0270886141557315 0.100452113907311
-0.0907774549535611 0.546283268566564 0.0494169469995573 0.0835236299334223
-0.0606712537464495 0.522678195688276 0.0246008423814918 0.0891385974047752
-0.176012868198982 0.58288187140146 0.00700913471627592 0.057024712477879
-0.400130992399698 0.504304698375709 -0.0282125435950453 0.0435001808366694
-0.574347004805129 0.367602573993126 -0.0550120401775359 0.045302615124149
-0.694037931762956 -0.00554981057769803 -0.118770598554489 0.0051806407062971
-0.582466216255564 -0.431886985686801 0.00248721744116847 -0.0500686046304551
-0.448794731178862 -0.584547559653908 0.19033606553876 0.0506589765108721
-0.272340224212482 -0.521130490790741 -0.0793177828052588 0.327525220836355
-0.412438866888357 -0.513600388544312 0.0690556989938829 0.242514184691273
-0.54992828344708 -0.234694277744082 0.00502866703725487 0.030684061845509
-0.574561060388708 0.0681000353996913 -0.114853849394858 0.0247388379690436
-0.482084500674148 0.29240180083784 -0.163415219285116 0.128760267845137
-0.29844228304006 0.446155996964269 -0.113848854651907 0.252687452307858
-0.124610389137724 0.491768081008009 -0.024578131810567 0.301735618056316
-0.0953754922206966 0.476610448621099 0.0267347097240516 0.280631422727591
-0.0834960442894943 0.451226082123345 0.0082771594107296 0.273778960818642
-0.183455856966948 0.478761289983689 -0.0227285522829306 0.216525214305901
-0.35862933157151 0.389484976513008 -0.0759886330961111 0.149103847690325
-0.462514089018167 0.250949337867489 -0.0675197268307991 0.0784107359466769
-0.526568435039773 -0.0164048267644799 -0.0707438331937415 0.0332310875990075
-0.466689585344478 -0.334798044485092 0.0935468268942462 0.0331418109861841
-0.401924390549987 -0.470356304233699 0.296589737185097 0.24969899946104
-0.237279712171552 -0.344860905449451 0.0151675759030053 0.547696610038094
-0.322452565606162 -0.30009613710015 0.15953007087006 0.377253617997197
-0.367160803642887 -0.100678408232396 0.0413218772502335 0.108170995234969
-0.343760796852713 0.059402153240364 -0.116415281523465 0.0532565860188133
-0.306603012663424 0.191025082348985 -0.225735577402806 0.196624520294074
-0.196931530031704 0.300224724334952 -0.173416907621782 0.380152848227999
-0.0947232482954883 0.343190584177389 -0.0613330476462639 0.457935243971335
-0.0866819850688751 0.334149980441821 0.00221309221882948 0.435555805499331
-0.093221958386864 0.316897581120017 -0.0208931518138916 0.412335035976715
-0.164993266557623 0.311148296167304 -0.0692413220117022 0.329880535800945
-0.265699201564975 0.218676261223663 -0.133411000631397 0.211950809677588
-0.290075700552781 0.100399216726163 -0.0884342989788693 0.0826656586043871
-0.297297962076572 -0.0206021197189204 -0.0327382502896399 0.0411756191889198
-0.294277031102704 -0.196163521741796 0.151697289571 0.0944801514504657
-0.303659879274712 -0.294434852557063 0.364826539538823 0.400211109189994
-0.14728510228121 -0.110611062638118 0.0986079575486994 0.680473090853102
-0.14953204053014 -0.0471979526810735 0.233788467028582 0.447419109184352
-0.104912406668123 0.0229133703430301 0.0908837392788646 0.161419486148194
-0.0642840758552856 0.00966923012111796 -0.0820062224136283 0.0685604120259327
-0.101269791206486 0.0432458577234959 -0.233169782368269 0.23206664007912
-0.0780780782089233 0.100971487569599 -0.187915690240358 0.444498991735858
-0.0592511650679282 0.137715930548403 -0.0774912529590007 0.540569288278324
-0.06686815770818 0.142608586149504 -0.0231553824380188 0.522898562737792
-0.0806026450865359 0.140405466803215 -0.057518312730649 0.488765788739195
-0.106117430855907 0.117244733961012 -0.12563749191454 0.388877771004732
-0.125403732437837 0.0515829287317146 -0.19157889648475 0.23141055437276
-0.0851423335414753 -0.0122444087452257 -0.106601025682691 0.0631168936740775
-0.0673926221447598 0.0167864476261792 -0.000705971000065935 0.0379380810735322
-0.127990320929162 -0.0211304285346822 0.175200455200909 0.139656807374185
-0.182480401348076 -0.0846705090490252 0.383575626285564 0.485079653566544
0.0199427403435933 -0.1083211865365 -0.386097119172172 -0.506934036553495
-0.0166498370303207 -0.159050131845581 -0.297320366322813 -0.193822401887275
-0.122198307523844 -0.0730281011141978 -0.0549494024632965 -0.0458163383871627
-0.121993227750054 0.0564727719563852 0.0863138854199778 0.00921974146978073
-0.0454042708422231 0.0798664088068625 0.222501374278691 -0.167679245184618
-0.0110357205172181 0.0738524491418554 0.177728556121651 -0.375435142738632
0.0314473365473733 0.0586511396732451 0.0850310118492165 -0.499428578717612
0.0390708839549831 0.0671458907738622 0.0238195229810243 -0.534505113909323
0.0475466374126805 0.0819235152510757 0.0390909668873214 -0.533181773868595
0.00130187523949884 0.130504022737204 0.109192564382696 -0.464631100032903
-0.0803970612918596 0.127982289765121 0.166984853459027 -0.304334123001364
-0.171523551944082 0.0878472786509324 0.0464644005130806 -0.132738943741809
-0.182046749271974 -0.0928502733353481 -0.109702246265648 -0.174672585245698
-0.0448554917960277 -0.195003657265166 -0.177318774613722 -0.392072165117758
0.0210939549734041 -0.150125604726853 -0.137844926303336 -0.672128519008393
-0.0835716043877113 -0.291470070530365 -0.352382088278671 -0.484927332480422
-0.13854555150859 -0.322402481021804 -0.260116044934036 -0.219224043709493
-0.272526252756009 -0.151550497146997 -0.0762915222720366 -0.077580339582082
-0.305807653156647 0.0685385851902699 0.051397099627886 0.0212500449998091
-0.211815407415965 0.184758080746978 0.211329634137484 -0.127407734298797
-0.113417866944978 0.245112651970833 0.189570736754617 -0.316084017453167
-0.00623015010919076 0.256991961497256 0.105709247679719 -0.431914193664228
0.0107529829813763 0.270059937233367 0.0418180290624947 -0.460706944365496
0.0243894036871483 0.278568522335142 0.0318675368594679 -0.454039005490343
-0.0667205578023056 0.342439371011236 0.0736349668110149 -0.407941418583399
-0.229703685338017 0.304704220789049 0.113163521800296 -0.274256020907939
-0.381599929733167 0.2121315755849 4.04543269494533E-05 -0.109264830881882
-0.443500483951361 -0.101189020768534 -0.163374716102551 -0.147280377952483
-0.281377122459216 -0.367750925119103 -0.200230760122848 -0.341111064513969
-0.155973628011233 -0.380506322327851 -0.117212691328656 -0.568269656941874
-0.166971993939198 -0.449277814760065 -0.305512627975701 -0.373555597667005
-0.250595593488783 -0.476202538068762 -0.202601732805421 -0.187282111997918
-0.413802327560616 -0.237342886721859 -0.0788955780432756 -0.100556496249089
-0.48368298994263 0.061956211344911 0.0100453456230449 0.0136685841236515
-0.376685335973478 0.269244628672306 0.155254535248399 -0.0846137238022237
-0.218169254850925 0.390072628089946 0.155406660899813 -0.216002314353428
-0.0513285899441629 0.422392654023136 0.102009846000186 -0.297976967945927
-0.0179792551542762 0.430932163477226 0.0531457505913304 -0.317914562552025
0.00666013343318659 0.428896751983262 0.0284257304436386 -0.304790382821276
-0.105674243870911 0.50703334032954 0.0411917092578234 -0.286468389213746
-0.323612559426922 0.455888435053109 0.0564909006741155 -0.196413018334258
-0.52090346777606 0.340041703220168 -0.0324375717980588 -0.0642506703339937
-0.641347716626719 -0.0547168668389069 -0.181184205991759 -0.0947058562325771
-0.484555495979471 -0.450181496508993 -0.177054667032071 -0.249595690060927
-0.321430637392606 -0.531451794778192 -0.0470713811896382 -0.390092163472957
-0.232523539547192 -0.554442976643783 -0.241417012898282 -0.180152694698272
-0.357311252726813 -0.58143690794877 -0.123061967802035 -0.085685922861104
-0.540403428593407 -0.29242079866405 -0.0600427947426641 -0.0908697598538591
-0.621314630746857 0.0674439687314242 -0.0351319376513102 0.00321833146558842
-0.501513767174125 0.331289153783733 0.0593845113500458 -0.029466591697422
-0.294697272735136 0.489273700759294 0.0798521461120946 -0.0766988538695247
-0.0866850628840682 0.526372307739758 0.0748729653723327 -0.113579179146325
-0.0421056495942158 0.524752951923843 0.0566266082983185 -0.128910586048078
-0.0125789394892002 0.512002333018707 0.0297678136355997 -0.113551778312655
-0.126303465971384 0.591699050517822 0.0207865542016693 -0.121244331558226
-0.365771703642217 0.537167561699155 0.0107732311142006 -0.0810365249024666
-0.572779948161204 0.41375954155626 -0.0481676957943483 -0.00682639276207648
-0.726124395090765 0.00289306341515741 -0.159603582144568 -0.0344700106173796
-0.601529686966118 -0.453598728857468 -0.103130959313432 -0.143784014441688
-0.432198108412357 -0.587948446268296 0.0641730986107485 -0.17787078737027
-0.275593655273438 -0.575594668756335 -0.162498602127826 0.0677633589726562
-0.427629945299604 -0.594680792300786 -0.0270573123785648 0.0699255521973053
-0.602069219843056 -0.28832382570562 -0.0288129319500629 -0.0440406806846991
-0.663578490479079 0.0821678789319853 -0.0796646501637193 0.00661581513787544
-0.535610848473171 0.352128202025055 -0.0568295329693512 0.0457145526417484
-0.314691451676736 0.514169705918529 -0.016129822974624 0.0886326690904067
-0.104095783611147 0.551743671840381 0.0325792832953107 0.095921867560672
-0.0599096047672104 0.538938481884458 0.050111301570742 0.0776660527079305
-0.0362898835367164 0.517168308648673 0.0300664328196059 0.0869929448187198
-0.145368855975987 0.579058107461911 0.00796778021310817 0.0562380300810249
-0.369797912995853 0.517041032648154 -0.0266795492797942 0.0447379553160936
-0.542992073655815 0.386874173519977 -0.0543922166501584 0.0466434797524649
-0.680332829091378 0.0245393716028907 -0.113287029100906 0.0134864899522599
-0.590466550822715 -0.399228010408828 -0.000785835245278943 -0.0469372800326073
-0.461994310366544 -0.551962401973998 0.190892457446862 0.0375781893022325
-0.284035879793767 -0.496399771681078 -0.0683896079101673 0.322748658091862
-0.425066664727739 -0.48700224037519 0.076499368455924 0.2347984320145
-0.544418184956688 -0.209122839011889 0.00685394191591133 0.0284462084670519
-0.558693158791395 0.092658771217107 -0.111937261008754 0.028430301638422
-0.458804971371095 0.311390853344685 -0.15981518424698 0.13017193065826
-0.269430338674447 0.448895844318028 -0.102369040823239 0.253174225492287
-0.09790105762285 0.485209128057054 -0.00869107276936476 0.295105873109632
-0.0682679379864584 0.471784085142032 0.0364168870084849 0.271919380444162
-0.0610946109087039 0.44781067335715 0.0221387923352792 0.268111595979848
-0.156627197530259 0.477312948521078 -0.0131280899988927 0.214362687609419
-0.332053545055578 0.399971214760428 -0.0684233041364765 0.150744766024308
-0.438285589278345 0.265452931325763 -0.0655367269771552 0.0803365057576534
-0.516634000546225 0.00946700832290551 -0.0667070027371738 0.0386477763218049
-0.470463251684414 -0.308989892712327 0.0914387159554448 0.0304997703715639
-0.410858575179256 -0.439980008355356 0.30277732628116 0.227017594884539
-0.243846594867313 -0.326480939363149 0.0317541152724233 0.533405467220078
-0.327879738227297 -0.280618793337321 0.170740881582706 0.363023130894552
-0.360081594722073 -0.0829145226668861 0.0460600245816504 0.103503119512397
-0.332909501190395 0.0723193546027018 -0.11286074978933 0.056936998742418
-0.291437705146762 0.201226835418734 -0.217083148295044 0.200347360485298
-0.177375767268881 0.30196418435739 -0.153274981506962 0.380435767168162
-0.0751297633201324 0.338521841124108 -0.0373200795625364 0.448446316155794
-0.0675712732220859 0.331812293012002 0.0201749219819076 0.423629393964347
-0.0761414361901307 0.317104195073721 -0.000596097620218767 0.403705894120568
-0.147663026177105 0.312233040443616 -0.0525508424444685 0.326666108387229
-0.248267035535407 0.226768542038632 -0.121224446393992 0.215821149053838
-0.276149094300139 0.110026784824585 -0.085443366171563 0.0851853142326531
-0.288840516942717 -0.00638544113845661 -0.0309775848618862 0.0436186175786925
-0.297195592744875 -0.178357457203361 0.151365147163569 0.0875748478978547
-0.307071206830343 -0.27348993425403 0.374526564013592 0.369927741279137
-0.148297466035427 -0.101158525754236 0.118896523143019 0.660266928373215
-0.147854518576274 -0.0394436557405466 0.247045099843311 0.428250958261042
-0.0990096532392504 0.0276477394121943 0.0957915904853885 0.155664155143767
-0.0622870113018312 0.0100571383531089 -0.0784754838761241 0.0703405402075997
-0.0965732354604099 0.0468653855155803 -0.220982002613219 0.236349816432734
-0.0708949158859667 0.101177305028962 -0.164508113293493 0.44415042927149
-0.0511798868418861 0.136974469909736 -0.0499082895129038 0.531083415286003
-0.0579560764585508 0.143565985895596 -0.00117647079510118 0.509827148991039
-0.0713457445810212 0.142798206799941 -0.0336028656194612 0.479823322112728
-0.0989464152634828 0.120093971603252 -0.103772696570785 0.386312424500594
-0.11898149090869 0.0552661124645239 -0.175443128164999 0.237716679700278
-0.0818796390010937 -0.0104087140061342 -0.103410755468222 0.0669826033938342
-0.0621749254588255 0.0204872826918362 -0.00197030850323311 0.0386641566337421
-0.126530904275882 -0.0130889914430602 0.175919436577676 0.129857850359426
-0.181261470500938 -0.0737643714766676 0.397409682272989 0.452969039340838
0.0171253748906926 -0.107230706229061 -0.39623935457299 -0.486721960453534
-0.0227979743738939 -0.157633543565441 -0.298554610419671 -0.181896754394222
-0.124105809101495 -0.068768831827295 -0.0557241989410997 -0.0473267427280048
-0.117513385517492 0.0613304123561161 0.0856044840041602 0.00490903933271953
-0.0424921471378142 0.0808293228706001 0.214449791628412 -0.173604303964711
-0.00870500466454665 0.0744106170553389 0.160881243639815 -0.374814371088315
0.0326157777363054 0.0567232469058684 0.0648270732284505 -0.492896066158045
0.0400997669681235 0.0634922404347106 0.00691688533858309 -0.525703910561556
0.0478864962806259 0.077055195517819 0.0217458325337533 -0.526426463105283
0.0069032182441702 0.128409488926529 0.0898056950463406 -0.462520653135601
-0.0757294172301839 0.131498086251071 0.154763603728375 -0.307174900767965
-0.167787234934047 0.0937319366280025 0.04262327337446 -0.132019523331719
-0.18448112431981 -0.0869958469298291 -0.109528471151724 -0.169687054412004
-0.0496863539523779 -0.192660421592583 -0.187181761607698 -0.381563238967337
0.0155491886943105 -0.148837661506918 -0.151621105150049 -0.654072743085465
-0.0871847745521889 -0.282754434771174 -0.364707012102767 -0.466822080946424
-0.146546407817233 -0.314463262580064 -0.263478275913101 -0.20780876618087
-0.271496547246398 -0.142258740540339 -0.0775621043535914 -0.0781735958414571
-0.297355656259158 0.0786246541235179 0.0513939667514011 0.0180734956529384
-0.201350804495173 0.18972735277419 0.201893352996633 -0.134140265538283
-0.103294424676413 0.245855112032932 0.17311471495446 -0.317299146034812
0.00308704149261385 0.252281568191832 0.0892125115178197 -0.427557137014577
0.0199126436216991 0.265464730294513 0.0255954449664321 -0.454749264371756
0.0322179071842627 0.272514993036708 0.0178339683304625 -0.447569312330189
-0.0526459918450965 0.340201028227143 0.0560941295098401 -0.405497856204811
-0.217158286856914 0.310552691287187 0.10098256880566 -0.274674871585769
-0.36924424241672 0.222704968027227 -0.00348745419499294 -0.107993453152573
-0.441785754095228 -0.0850546059598423 -0.16113522242994 -0.141156117130479
-0.289332566805257 -0.356204684061251 -0.207894095265164 -0.330552832444074
-0.164058009294923 -0.370511023831903 -0.129660156551418 -0.555239374809969
-0.173133830630946 -0.435165170008802 -0.313970816239304 -0.358925306921766
-0.261063542595218 -0.461918539489381 -0.205540292893524 -0.179037865567882
-0.410397391054732 -0.223063486295868 -0.0806450217629433 -0.100879984797089
-0.470704832036851 0.0775025537083595 0.00981084112526185 0.011759517969201
-0.361755290730199 0.278138106034243 0.146250412816065 -0.090897409718742
-0.200389209236128 0.390774250811208 0.142795558370642 -0.21689336305715
-0.0349653463818331 0.416116458019986 0.090250156530577 -0.296568998812583
-0.00214814353772547 0.425175774001652 0.0414280801919523 -0.314380781311361
0.020702762876966 0.422339759731703 0.0198696848609373 -0.299811295497705
-0.0848897126741153 0.503930594066175 0.0280151892131975 -0.283319467557594
-0.303128106992735 0.463250304239569 0.0476137159449633 -0.195047743850044
-0.500632721089238 0.352343160184669 -0.0356520153852395 -0.0621073850987274
-0.635783413608437 -0.0337438737707086 -0.17817233305657 -0.0870402951070977
-0.494486706819062 -0.43089279689654 -0.182406677690526 -0.240560628168819
-0.331124487210564 -0.515179587123857 -0.0546583780422537 -0.384915072751371
-0.238643565313856 -0.537883232166406 -0.245824119581244 -0.17033450849598
-0.368802829411198 -0.562880678764669 -0.125058269460485 -0.0809167619403973
-0.535071542232892 -0.275854201060716 -0.062330941036883 -0.0920620202695329
-0.605982161080103 0.0854867473857154 -0.0341601850923818 0.00269110855169203
-0.482628411761954 0.34407045777672 0.0524348904053764 -0.0337118078248201
-0.271000200398498 0.49034764102324 0.0728902538495616 -0.077865523085046
-0.0667938488450966 0.520156683549579 0.0705044457269132 -0.114362139138594
-0.0239652215157014 0.518739179384935 0.0498953138906845 -0.129674376821647
0.00414031319005812 0.505101111655268 0.0276205051497629 -0.112791835215174
-0.103349931412594 0.58754382529548 0.0140541685073393 -0.119997290020692
-0.343059928047373 0.544545776809702 0.0062309526261091 -0.0790038169048361
-0.551844592365171 0.427411938370792 -0.0496864688026315 -0.00510716873288952
-0.717625053284155 0.0259157356422057 -0.154814259961702 -0.0279094041614549
-0.607123419276695 -0.429957876852926 -0.106117385719581 -0.136856364544652
-0.44039121334978 -0.565624209730605 0.0599144578580549 -0.179926278422478
-0.282587700312485 -0.556556686466064 -0.161894630426064 0.0713152206844995
-0.438974564326529 -0.574774062584162 -0.0262860849114029 0.0695735171543844
-0.598590229217921 -0.268988809663151 -0.0288933702353768 -0.0457360816545606
-0.649155101557889 0.102283204926856 -0.0784511342822314 0.00729420777687471
-0.516667954444794 0.366471623764399 -0.0609954913602142 0.0434526570568113
-0.292879623293563 0.515901993224511 -0.0154632390872244 0.0889536460016374
-0.0826412781622327 0.544103935423755 0.0367293461732624 0.0925241919446655
-0.0387121118395684 0.533778684170252 0.0494803875191475 0.0736706670171088
-0.0176737279800894 0.51107519622133 0.0345170535276427 0.0848944214462388
-0.123934227234991 0.576601294129898 0.00811676076475657 0.0562761816483956
-0.344220606101065 0.525837662701745 -0.0262626590629933 0.0469274968343891
-0.52110620418569 0.398327819249823 -0.0547156404068891 0.0483952346410685
-0.667921309299466 0.0458268290832641 -0.109071918670197 0.0185421193440522
-0.594619804342654 -0.377276289076238 -0.00308486899324086 -0.0438249740637175
-0.466065459008895 -0.528093140019601 0.190784323018977 0.0267238757430121
-0.289255588451211 -0.478470917561686 -0.0628008639742511 0.31941538869259
-0.433195390434155 -0.468195422562979 0.0809029576562717 0.228773248392208
-0.539872742450883 -0.192226882818651 0.00822547453357018 0.0256548976857765
-0.547253901919083 0.108295261481961 -0.109463984898261 0.0302701769833129
-0.44069575161581 0.32031555490273 -0.159809834689991 0.130803111098351
-0.249281682535552 0.449885773387905 -0.0934204775390999 0.253571999530431
-0.0784746805181906 0.479284851740621 0.00292972488048589 0.289419226325425
-0.0491245830079267 0.466577530507065 0.0423000890456091 0.265026550931951
-0.0440453887193607 0.444434540214884 0.0319876341403997 0.263266878460109
-0.138823729730092 0.475139664723917 -0.00617262625847028 0.212187868175956
-0.311642383807999 0.407953000707666 -0.0632567514754958 0.153164765544146
-0.420780872992284 0.275406026371239 -0.0652581932967078 0.0819341338859746
-0.505603657150863 0.025262122582623 -0.0639510451128356 0.043037270931879
-0.475169443389295 -0.289998148552386 0.0902390968086422 0.0291419530190006
-0.414953054847297 -0.419658226729064 0.305712076958965 0.208268657921072
-0.247428523536698 -0.312809797913793 0.0418874264022385 0.524960433278586
-0.330385042729378 -0.267184066337872 0.17764134222393 0.352540883483405
-0.354030408517258 -0.0722076952580546 0.049139898335201 0.100129017092829
-0.325646813575946 0.0802602747061419 -0.110288733872298 0.0589681607363753
-0.280128921890356 0.208540607017359 -0.212991077614218 0.203347273876324
-0.163579100820695 0.301469671855026 -0.138813715098761 0.380377250917161
-0.0621183327345084 0.333916113319426 -0.0205197522575213 0.441701217517661
-0.053627546108877 0.329787643308787 0.0297634138771819 0.414915435704381
-0.0631598103188871 0.316026510030949 0.0133650955159461 0.397473777815111
-0.135142467542186 0.313541947030194 -0.0386676419008061 0.324484063742535
-0.235690969139768 0.231839491931361 -0.112462841164382 0.219204040102683
-0.265946414741086 0.115115210017155 -0.0840792554376897 0.0878484553009047
-0.28096907212243 0.00379141270281198 -0.0307096928511048 0.0473696955856724
-0.297681363230315 -0.165502725407148 0.150245322055901 0.082718404602264
-0.307237179490997 -0.258142745402608 0.380966145139041 0.345907686559403
-0.147925795757835 -0.0946372408022697 0.132316231111589 0.647480625302395
-0.145412703345771 -0.0351905683732284 0.25499913530131 0.415615441298563
-0.0942063501057072 0.0298594864654259 0.0999391234684138 0.151385814104517
-0.0611074288832758 0.00954062282112072 -0.0766087788228897 0.0714921931914681
-0.0933113869435141 0.0486901432061141 -0.21328631715263 0.239547887334951
-0.066135170630556 0.100365542494025 -0.14687315629986 0.443065210713066
-0.045457904561687 0.135409026372513 -0.0311129195945484 0.522998990532126
-0.0504633293683638 0.144220701780749 0.0129325411745607 0.501551717101429
-0.0639130263770167 0.145083011338174 -0.0168978373217743 0.472806928535997
-0.093658357538585 0.122090523391938 -0.0871872968398165 0.384428564984915
-0.114389014852071 0.0567896000322767 -0.163471431180389 0.242423432437884
-0.0788954364127694 -0.00969631491550126 -0.101637644698208 0.0698060053028305
-0.0569412778954252 0.0229378808426064 -0.00352132371563028 0.0407085910254918
-0.124841580457505 -0.00735892463337291 0.176147134977451 0.123451064256919
-0.17869482319476 -0.0663181074078992 0.405568165595279 0.429187800507999
0.015614472321472 -0.106507843717085 -0.408341289537265 -0.472578393713824
-0.0280813854250008 -0.156629890522218 -0.301878846786806 -0.172122455805658
-0.125230583413526 -0.0649094827911048 -0.0571629235875873 -0.0488338995232327
-0.114223756711213 0.0665258750131243 0.085642351751642 0.00121586059064961
-0.038759913078088 0.0827833701824505 0.20769038860243 -0.179448696015925
-0.00592522092701419 0.0753478839645703 0.146770197377644 -0.37826769119261
0.0336449815750808 0.055178762503437 0.047340329128122 -0.491321340961689
0.0410963972162071 0.0610430933302354 -0.00784127941907983 -0.520531993905927
0.0490491209513935 0.0738553378787907 0.00599683796044346 -0.522721834653847
0.01257273695109 0.127075480492936 0.072636451953122 -0.462395166166098
-0.0711654763886891 0.135679474438454 0.143067198393237 -0.311715470689147
-0.164473364948489 0.100619597591188 0.0391943290258952 -0.132314111016478
-0.188186839457858 -0.0814280990094987 -0.110799180685241 -0.167030446309194
-0.0550711570655217 -0.191617495931052 -0.196319473255543 -0.374852343432507
0.0105109419704432 -0.148745178127845 -0.166622556833694 -0.641305166084539
-0.0895082116036285 -0.277974483877304 -0.377946030458042 -0.453246820430239
-0.15430984438959 -0.308640323620192 -0.269075427173124 -0.19883313879533
-0.271516382574781 -0.135013601281559 -0.0803103857708581 -0.0797043875835173
-0.291947415914353 0.0888167620886228 0.0513938498437954 0.0146417744844689
-0.193275393992068 0.195593388024488 0.193846068020135 -0.141291445247794
-0.0931197261131499 0.247650443266021 0.159619572733271 -0.320465251385503
0.0111466868718208 0.2503004243499 0.0733810007673805 -0.427240264365912
0.0279210980430333 0.262021167582967 0.0132860890074099 -0.451937874350525
0.0400138224476008 0.269517259150024 0.00391020231861809 -0.445077948385989
-0.0407335592778537 0.339520650623168 0.0409327246183529 -0.405281915097187
-0.204913495844461 0.319894738300873 0.090453979880869 -0.276320918835079
-0.361443022229521 0.235322427992757 -0.0073425280572212 -0.107181932455838
-0.445132599599426 -0.0718991722075218 -0.160484655731719 -0.136986014280736
-0.299485098763503 -0.348523344092173 -0.215523631824966 -0.323615036535337
-0.173055983697442 -0.362434558832669 -0.142631499744851 -0.547295665815758
-0.177294770542998 -0.426575989907286 -0.323397560773953 -0.347243600879415
-0.272719859482354 -0.452239226305408 -0.210483694093183 -0.171033788356384
-0.41046282353151 -0.212489223279992 -0.0837078341626281 -0.102287686100794
-0.462775980384119 0.0921418764207504 0.00993217022627697 0.00956726178915504
-0.349374316544311 0.28777457828007 0.137792837906262 -0.0974986593490465
-0.185749032417169 0.394212385872924 0.132471555836576 -0.219244933744552
-0.0209225180735735 0.412793351683255 0.0802591058968896 -0.296909984196122
0.0129068395517129 0.422308903917702 0.0317455395928717 -0.314688304698111
0.0323939600021515 0.41866859464824 0.0117378726610665 -0.299685595614557
-0.0679663507973816 0.502023861854099 0.0158154630798712 -0.282210429921592
-0.286949479390384 0.474087642538386 0.0387730253690705 -0.194995795263573
-0.486608768268839 0.367361588044182 -0.0385004111558272 -0.0599479537698664
-0.634469896328474 -0.012230786665635 -0.176130628460238 -0.0823478557958364
-0.506473829646692 -0.418281821564032 -0.188497381070225 -0.232454689905771
-0.34209967134642 -0.501020851240249 -0.0639700478445558 -0.382813178145268
-0.246171623307628 -0.526243761294934 -0.253938213045736 -0.161456282238428
-0.382823138902774 -0.551327622397754 -0.128918238470526 -0.0767294937151133
-0.536761614969982 -0.262517818855453 -0.0646957891395603 -0.0936312915044682
-0.598766470345409 0.102259327794351 -0.0343006351175349 0.0020569813878619
-0.466086046515042 0.358949332096811 0.0445586343704435 -0.0377269198315648
-0.252675573305176 0.494231873661743 0.067630929747238 -0.0784744504662522
-0.049568112298152 0.515713598926782 0.0673564768453788 -0.116770657178014
-0.00338986727664748 0.516123187923644 0.0441933121568587 -0.130582559999995
0.019937291196335 0.502056731594607 0.0253634947682467 -0.1132701337293
-0.0824775980563827 0.587263314503634 0.00761627416438176 -0.118699539275615
-0.321497530235253 0.557254860558751 0.00163580940487252 -0.0775402236768263
-0.53269678882954 0.442758140539359 -0.0519101540097427 -0.00278146237063246
-0.713926955240526 0.0471900544969721 -0.151758912816597 -0.0227617642673182
-0.617443936989079 -0.414456257152914 -0.109844532491868 -0.131297932838882
-0.45097713746819 -0.547847920533271 0.0556230612665932 -0.184245858376819
-0.289133310910701 -0.543727206367034 -0.163517162001821 0.075242790543794
-0.454310872792307 -0.559560044223631 -0.0252006240003342 0.0704531885689838
-0.598205804369007 -0.255032517904445 -0.0298449748376427 -0.0488208097515628
-0.640043880040916 0.120387285261984 -0.0779949008573832 0.00761928636132198
-0.500461426142318 0.380501347888277 -0.0668571370440366 0.0425931575011392
-0.273201061306148 0.520273671023174 -0.0145249248336869 0.0898268539852061
-0.0642424630660971 0.540446694588587 0.0410810691518476 0.0895852606158066
-0.0209094878171021 0.52992374558369 0.0488465044077049 0.0716293260584986
-0.00140890542373555 0.509936205050127 0.0384552441564963 0.0823858146442145
-0.103466150052356 0.576623069027523 0.00796537989779236 0.0566950814856384
-0.323563965129943 0.536824486871809 -0.0266860107002723 0.0499742424908734
-0.502049787474315 0.413460964452559 -0.0566571746735429 0.0513892867758418
-0.663410933632034 0.0652231110564151 -0.106213922066173 0.0231928496502327
-0.604341076913445 -0.361416232843678 -0.00515536764421328 -0.040676720780353
-0.47704153690216 -0.510050904733565 0.190897470731777 0.0164740998303249
-0.297020511110045 -0.467725640263154 -0.0582095624118441 0.319301772971529
-0.445271814099798 -0.455029247469538 0.0855697815665073 0.225619011586765
-0.538586558612663 -0.178751811146713 0.00935596839675963 0.0224264782356014
-0.537800484508251 0.121791430625527 -0.108917062699764 0.0315991838136745
-0.426100054075088 0.335647416105619 -0.161960968805771 0.133578547546033
-0.23377853183058 0.453994329927162 -0.0867230412618968 0.255880065454903
-0.0622869904673277 0.476904588523665 0.0147825207093924 0.285141121158649
-0.0320505033009424 0.464590112518034 0.0467249769601745 0.262260708462015
-0.028232475992768 0.444853320641289 0.0410600175880733 0.259872748137653
-0.122181742289892 0.478182075435384 6.50160944322056E-05 0.211715282376362
-0.295444919272174 0.414743385142776 -0.0587000195557729 0.157150765132648
-0.407612586395169 0.283710991346847 -0.0651063123535107 0.0853154627301037
-0.499147175562692 0.0403398118125052 -0.0619096648535946 0.0474076261827517
-0.479707847363285 -0.273978379676648 0.0893151319596604 0.0282636381219387
-0.42182566903763 -0.402971453702725 0.309875831506191 0.192742203360928
-0.251229638082049 -0.303431514028052 0.0512847523430617 0.519974234710453
-0.337760164078839 -0.257071835335304 0.185176634285388 0.345894149914975
-0.351285454288328 -0.0622325921079525 0.0525573977657647 0.0967997108537507
-0.319928660555609 0.0884241841366873 -0.108768044659665 0.0609148288468441
-0.271567851359506 0.215364839373292 -0.211065143208476 0.208026495177856
-0.152334420409512 0.30367361319282 -0.126537829560908 0.382201577213923
-0.0509653543395769 0.33280391872322 -0.00377652640848218 0.436739896241476
-0.0411516431683017 0.329202822821105 0.0390404125125374 0.410926934605549
-0.0505289041391831 0.317956809585981 0.0269847383871986 0.393078850232837
-0.12376995739759 0.316516514113312 -0.0283391895839828 0.324381770573148
-0.225458582568196 0.237633682403766 -0.1042950586213 0.224495619513445
-0.259002253006213 0.120361927725369 -0.0833124899495819 0.09102898240268
-0.276380234748503 0.0124752848393112 -0.0304199426686557 0.0505791955098285
-0.300520720257741 -0.15511291597709 0.150146404397143 0.0791109573380912
-0.310072489056183 -0.246868059622273 0.387894122155959 0.327190970135329
-0.149467940644707 -0.0888506967971825 0.14501827839872 0.637375703412661
-0.145686758380433 -0.0316247183522592 0.264990779987619 0.405402593309112
-0.0903953030800406 0.0317251777967307 0.104643100638959 0.148231507258319
-0.0608083909403334 0.0095730208467536 -0.0751970423339241 0.0729844260583817
-0.0918175863850615 0.0501019936046956 -0.208237127227742 0.244766048392017
-0.0628681285237319 0.100073810683147 -0.132456856887533 0.445383962087364
-0.0411548286445802 0.134932954482748 -0.0138781575422039 0.517487887717382
-0.044766512494521 0.145374322461587 0.0253962257301438 0.498314788185414
-0.0570957352606437 0.147403449685591 -0.00196997352497087 0.469174298338762
-0.088732251164719 0.125203665964975 -0.0719570478656593 0.38427840406757
-0.111390325574174 0.0581990194277713 -0.153369698687943 0.248428770692299
-0.0773542272346989 -0.0102668225742655 -0.10060247943893 0.0742368120638201
-0.0526572017778522 0.0251740451579101 -0.0049218592616563 0.0432856276579979
-0.123693111116708 -0.0017956533424606 0.177264301149232 0.118447959780327
-0.177844463648292 -0.0606827607939037 0.413500234416092 0.409134219182822
0.0449489159520746 -0.0982302128662027 -0.318112051111093 -0.536948868567769
0.00320056920137377 -0.156892644093104 -0.261023672353426 -0.219966444911112
-0.108990859304463 -0.0843052708649079 -0.0449989081832077 -0.0644862180000295
-0.119852066940991 0.0457590415260668 0.0816692024462755 0.0125404460133998
-0.0533125797386798 0.0777301504146665 0.234205012111259 -0.143012128633778
-0.0196624672752765 0.0766617664967784 0.209716321079269 -0.347225428518945
0.0204900305292822 0.0601138559707275 0.138337823685094 -0.474195231273234
0.0281975273073072 0.0677955822073786 0.0919056616465067 -0.509440866353319
0.0323814731450759 0.0817522218132502 0.102774521570369 -0.509560028375265
-0.0123701253808756 0.125246482634055 0.155083117460946 -0.432618140039093
-0.0960160951942988 0.120979391536251 0.195345354343212 -0.274402307634937
-0.180290732933558 0.0641605108816382 0.0604886366380687 -0.118837612987165
-0.17120396254441 -0.1209188691354 -0.0815143834022157 -0.189798455968852
-0.0189913795736825 -0.200065208751202 -0.122859103188285 -0.414634420693953
0.0387124836904718 -0.141547765476737 -0.0334797819174745 -0.679927756481579
-0.0229942575130284 -0.280744965600141 -0.294725069677522 -0.5146661111237
-0.0913433343577523 -0.322571498842015 -0.21773721347315 -0.244491678957429
-0.234936724741422 -0.17824930417665 -0.0591891341528888 -0.104359549568423
-0.290529327965678 0.035454555951389 0.0451859343445185 0.0158396025273023
-0.221321853906569 0.159018076017176 0.214916107204551 -0.110043214378702
-0.134780034336362 0.227365442399178 0.209620604786424 -0.291098426671246
-0.0336547161866245 0.244555289888599 0.150593350884044 -0.406741401171702
-0.0202863806305058 0.264335244100171 0.0980034244803619 -0.437647354327974
-0.0141567473136208 0.270516316865757 0.0859952244115833 -0.433507197097513
-0.102404266351346 0.322052498609816 0.109907244341151 -0.379171614069101
-0.260225533839144 0.275912348260014 0.130746399386336 -0.24447642896244
-0.395804833584868 0.15576956672771 0.00255793253633268 -0.0980381771799967
-0.42560590973844 -0.164000234506829 -0.144853690636901 -0.168737624420782
-0.226276901471286 -0.402314235511987 -0.15158232450111 -0.372638210715449
-0.0966355805699601 -0.389573887204297 -0.0302202838664302 -0.581054821003454
-0.0801606342074704 -0.439412320397612 -0.261220281422175 -0.404212762254275
-0.181446412226036 -0.480688809477106 -0.15956876852659 -0.210441694635997
-0.352824405057872 -0.279339443845313 -0.0551013543173802 -0.131166151859771
-0.452608095137725 0.00653362686986135 0.00534206742038558 -0.000247992897950391
-0.386205799123892 0.218263611057024 0.153287027484526 -0.079075625281946
-0.2495172304034 0.352449561701268 0.163189919497321 -0.20042540185418
-0.0920173514576071 0.396627616349309 0.131367978411986 -0.277422419415283
-0.0637707016071973 0.420638977621678 0.0896914190404925 -0.3011160668387
-0.0491935080517713 0.414759116415642 0.0648673527155955 -0.289289454630837
-0.158358072935264 0.476276218687851 0.061700872393843 -0.262825001934633
-0.37070538774539 0.410008838556798 0.0625170924146671 -0.167055232276761
-0.542306905658659 0.256946357635617 -0.0417875459731663 -0.0523472286452551
-0.622880057502324 -0.147236693956401 -0.176711509546044 -0.1132663999559
-0.413599936040946 -0.512572005481656 -0.143416476169089 -0.279306844826694
-0.232681021879218 -0.556922005557622 0.0123906863772193 -0.401476085614725
-0.129930362229822 -0.548792270905573 -0.224380501130725 -0.211022322728534
-0.272472218065375 -0.593255382158959 -0.0912550114473965 -0.106660258214842
-0.46633852987607 -0.349468158569869 -0.0352963827389048 -0.122724437410606
-0.582289737317453 -0.00657316889741455 -0.0362269125777635 -0.0185041363847772
-0.511284807539013 0.263974977880791 0.0524701953681537 -0.0383002858156859
-0.332925721496249 0.434476931082042 0.0734842140656797 -0.0762692798361742
-0.138138843907854 0.490605407281704 0.0835336339893917 -0.101346186050757
-0.0964793339479655 0.509193639598958 0.0665597521600449 -0.119689864174229
-0.0779165920159355 0.493515130862859 0.0440108343738117 -0.105168301150457
-0.189726520712219 0.554474892239845 0.0223158702904643 -0.10432113930781
-0.422265908107142 0.483458292069865 0.00267886391082355 -0.0557452323062191
-0.599379948227518 0.318960875302816 -0.0674189233219801 0.00426476278358791
-0.712692230690376 -0.104678905709453 -0.16698804018105 -0.0474725648374878
-0.523955641248549 -0.530768741322528 -0.0859858550014257 -0.164322795543799
-0.329692785460284 -0.624959088022131 0.0922866435159196 -0.178595040334136
-0.171015884200599 -0.576704105741391 -0.178761458038597 0.0367014190198282
-0.342225941940036 -0.615956173331424 -0.0140987043130993 0.0526227426204499
-0.526389739693796 -0.351591454014307 -0.0089366425014794 -0.0736209173044338
-0.624847064212403 0.00194569754329191 -0.0805433069925043 -0.0207571496435489
-0.549312232801662 0.277405781080251 -0.0702448988411538 0.0212897027126874
-0.35634269409043 0.453954225054617 -0.0376879467087733 0.0742084268980158
-0.15491159997853 0.51426512820572 0.0195521038006446 0.0960925117434703
-0.114558737315469 0.520230938503084 0.0324422189568641 0.0779916285640855
-0.100657889539135 0.496810395189968 0.0199800781784599 0.0888425639730452
-0.20754497083991 0.541098035975678 -0.0104229730372496 0.0659712982145548
-0.418270781428852 0.464307534368239 -0.0472683574222326 0.0633855870773358
-0.5639895462147 0.295689833628974 -0.0821070969208188 0.0555446665379988
-0.662724422021936 -0.0743248419933616 -0.128673947543345 0.00855981954731001
-0.520014076569615 -0.476191481190623 0.000166243646508395 -0.052146801617554
-0.362630051898922 -0.594192960266198 0.186186797974082 0.0509371102784754
-0.197494651511389 -0.504243723528647 -0.1186893209785 0.295760231122029
-0.355885555799731 -0.51260702194064 0.0639585763572106 0.223364428280015
-0.485086876433402 -0.267951021748764 0.0139487355692806 0.00527815396007341
-0.530039294443886 0.0218571811804026 -0.114843920005952 -0.000982657864886126
-0.468293870837794 0.243535315852765 -0.17979411294502 0.0956173069013593
-0.306759775915791 0.394220014000209 -0.136964679006938 0.225761882873149
-0.141015907807129 0.45040520223576 -0.0433459028192708 0.284247733029213
-0.114485655737489 0.453689104713009 -0.00499801525873987 0.263251832623233
-0.113296984682879 0.427876737044983 -0.0108545349996204 0.261860188832882
-0.206797963977866 0.441963668648601 -0.0461797353084282 0.213049845800974
-0.366468087949275 0.349465089652991 -0.0969569583817596 0.158485446331566
-0.445366450645474 0.191266868909511 -0.0956186556613594 0.0825336779846905
-0.496506356077598 -0.0653931120743012 -0.0860199011087966 0.0403391487496888
-0.413820452384909 -0.364918141714593 0.0813062002425056 0.0370702549366168
-0.32885140212192 -0.47748138492395 0.270163833013029 0.252336877521704
-0.187361791030641 -0.339389470412242 -0.0477236709051928 0.513870639708307
-0.287062499837629 -0.304695523668368 0.133337140709627 0.360797904717647
-0.327233304323577 -0.123816730203929 0.0379789948553013 0.0918993316535447
-0.317239962308411 0.025465944424918 -0.119514567960672 0.0323605691299886
-0.299484647754593 0.155750200784961 -0.241843217821012 0.162081558315307
-0.201811709320973 0.261121128486189 -0.19747838015695 0.347735703393447
-0.104325690377342 0.312360562706069 -0.0892417155517747 0.429399201213713
-0.0978388914256595 0.317113597655558 -0.0415481263324537 0.408657874887142
-0.109439992164269 0.29941153025393 -0.0490317198429748 0.390198972346662
-0.177606013376267 0.284608377122159 -0.0924888254474851 0.312823699783251
-0.263415196778336 0.187437859504259 -0.149523573732039 0.209645438225523
-0.269924863947816 0.0623680882419804 -0.110414814930448 0.0792798293329121
-0.270612371747981 -0.0446346145751465 -0.0496266670526708 0.0486115854154071
-0.260961926917542 -0.211413366024479 0.132834645193255 0.102347249337766
-0.251771623603185 -0.303351680005645 0.322139778762217 0.403050555333072
-0.134113980426464 -0.11638569352337 0.0240447273384342 0.64861146020112
-0.141115964733758 -0.0561211854606295 0.191952268351596 0.43949213180121
-0.0930003487682181 0.0145105471994658 0.0751984264429793 0.160697515852766
-0.0593187556456099 -0.00483235715441877 -0.0875177126164374 0.0568327515243801
-0.0960788603887472 0.0269464774177343 -0.246926624221798 0.2036283080375
-0.0787371862202527 0.0804505344451122 -0.210257578499072 0.410730936782179
-0.0603742896199111 0.123451495827969 -0.112513382545206 0.507943586076143
-0.0684250029562418 0.135219502374022 -0.0718573633913815 0.490047975160847
-0.0820236388752665 0.132229646604513 -0.0919740276944716 0.456940682469125
-0.107663047089992 0.105835028165918 -0.143023324775474 0.360584533965882
-0.118507880599987 0.0336289499944058 -0.19733246873937 0.217343660894928
-0.0707842756545635 -0.0266033288792119 -0.117798731872431 0.0541169948646961
-0.0529454449978424 0.0146695899242431 -0.0169768964071393 0.0461964119748541
-0.119435645461501 -0.0257709297501257 0.152302627817846 0.150542184796545
-0.161086904459526 -0.0957467774102183 0.332856607870724 0.491385344607438
0.0434097296998136 -0.0983727797245806 -0.332325293707104 -0.517171854331443
-0.00206916611149156 -0.155000395788855 -0.264857659402589 -0.207609593553512
-0.11049700337951 -0.0786716103597068 -0.0483272708458919 -0.065847397611649
-0.116187843181987 0.0508718888186501 0.0802689006841046 0.00912896824802568
-0.0488480015492008 0.0799446600646746 0.225430550306871 -0.150916911331676
-0.0160658784423882 0.0784707225270157 0.191940932839798 -0.349361147149504
0.0218676977621176 0.0586173744352585 0.117555518818644 -0.472178385739251
0.0292842101349272 0.0652211766446757 0.0752414496641029 -0.506432914006088
0.0334764959202936 0.0784879445649314 0.0852691734784574 -0.505436247914752
-0.00658232130646322 0.123448798951637 0.135769372871403 -0.433024568721723
-0.0906751074978478 0.125229818526164 0.18215265365349 -0.279671970342353
-0.17673343243731 0.0724305790096824 0.0569669113229716 -0.119526676500027
-0.174863263747523 -0.114367275583563 -0.0839185591156962 -0.18678898397189
-0.0254437765758969 -0.198537636393529 -0.133458462282235 -0.407717979964918
0.033514967738928 -0.138965343880307 -0.0504306194170519 -0.668193451522731
-0.0276899685009772 -0.275792682727621 -0.306978747580218 -0.496412569373902
-0.100634849680734 -0.317239409515418 -0.223609919491793 -0.23356022072635
-0.235374438174842 -0.168970635579233 -0.0637193977420645 -0.105936609027395
-0.283122216322078 0.0454524580689407 0.0436691148583928 0.0132763249439868
-0.210957728161231 0.16504723250122 0.204106872766698 -0.118065246143103
-0.123876597245212 0.229790698325714 0.194579457945245 -0.294091389210393
-0.025174148081738 0.241659239317046 0.132850867000221 -0.405284690959589
-0.0107788546885242 0.261054902390704 0.0833005078215329 -0.436073700553873
-0.004617050469593 0.266844795931886 0.0719834296388932 -0.430759157701059
-0.088596463787241 0.320696403712684 0.0923519710883328 -0.378178387458751
-0.248757499755158 0.2832210348671 0.119687632830166 -0.245967489147906
-0.385863748017313 0.168829207581283 -0.000752176797848117 -0.0963845500776073
-0.425934952098664 -0.149537668473851 -0.146309941681912 -0.163703450276696
-0.236252152307097 -0.393573518737088 -0.161786867917012 -0.363025920073873
-0.106435180240613 -0.378320482452895 -0.0463267101541701 -0.572740443527415
-0.0870147167247089 -0.429682000724312 -0.273377799540104 -0.390148349230075
-0.193279734561721 -0.469663921643727 -0.165033505419075 -0.202052368699039
-0.354564363059758 -0.265680748308141 -0.0602742032020157 -0.133359277935405
-0.444002522542893 0.0216484924718746 0.00390429213673902 -0.00171993204431661
-0.373435721923012 0.229639271823324 0.143269158919793 -0.0847747857160007
-0.232482951516782 0.356036800478141 0.151613985988231 -0.203173617807865
-0.0771983241200038 0.39391265793982 0.119695725060703 -0.278441708683901
-0.0478624493423436 0.41671046685964 0.0778535453046769 -0.300490212707324
-0.0349260867184392 0.41068982322884 0.0550431544872475 -0.287935595491325
-0.139032902940888 0.473586212121597 0.0488230071975265 -0.260643328199848
-0.351595515322674 0.421566287434657 0.0543864148045627 -0.166106806032838
-0.526295037771471 0.274367778105406 -0.0443803675608818 -0.0501518276158761
-0.620023088660013 -0.126250201646652 -0.176667058582022 -0.107130688887077
-0.427479691163232 -0.494473027134954 -0.150062728592332 -0.270470932454754
-0.244867675402902 -0.540478845126793 0.00130180319187368 -0.399132588590289
-0.138258807565827 -0.535171543006266 -0.231743663850542 -0.200127158505297
-0.287579733507781 -0.579919395838485 -0.0943663923508628 -0.101546216031561
-0.466339842821614 -0.332851944513868 -0.0396036388240945 -0.126353378836796
-0.571922385741028 0.0124917972456509 -0.0381073232792868 -0.0181836115159498
-0.494672745326409 0.276725767291947 0.0437026661131628 -0.0414032121624741
-0.313624529027597 0.439364917932502 0.0676493481770767 -0.0765465890764038
-0.117924151664164 0.488492798258328 0.0801223274946372 -0.104616948906786
-0.0771427195011467 0.505843845464796 0.060185650841727 -0.120323141060583
-0.0594016193591199 0.490538811521806 0.0402973285388903 -0.106539542632633
-0.168253778648143 0.552803478713046 0.0154377922107744 -0.10224580576621
-0.40011511318411 0.49576565483807 0.000143946546427163 -0.0535376480353174
-0.58120479533508 0.338003665219236 -0.0689140661001354 0.0076141576966523
-0.70624518929246 -0.0800538163217861 -0.165014699353506 -0.0409241136068436
-0.534575438121319 -0.509860909330079 -0.0906101327457186 -0.15802180523773
-0.341331018147912 -0.604862261020146 0.0856750187875493 -0.182809572635949
-0.181090043298679 -0.561535852905842 -0.17984392119046 0.0428561622047192
-0.358914401936531 -0.599604312262758 -0.0135182673416412 0.0538094746395014
-0.527638061466632 -0.333460165067465 -0.0118793317773621 -0.0780784263419604
-0.613697665509006 0.0199452872324445 -0.0819924226174279 -0.0201802861931181
-0.530863328532788 0.291369227268745 -0.0764464308354222 0.0227260082813241
-0.335346685896911 0.458837099348348 -0.0366979153167789 0.0757719498606001
-0.136471621982239 0.509629692530251 0.025058159357333 0.0920140250924867
-0.0935192964162108 0.517743079949329 0.032998976149483 0.0763891088454264
-0.0806323724151929 0.494214799543619 0.0225605756553967 0.0860404205941942
-0.184717923407666 0.541286204478988 -0.0104843831934292 0.0674009896880636
-0.396559472410675 0.475263810942186 -0.04596386990754 0.0664801210532764
-0.544666754340808 0.31182509540739 -0.082334313005457 0.0595500719471846
-0.655360085216306 -0.0502031683885904 -0.126505732602927 0.0140465381582546
-0.530408189931026 -0.45442243245103 -0.00223697353324336 -0.0498727096456866
-0.371656488348497 -0.571679886731269 0.185096988608073 0.0396190348423818
-0.205320240156435 -0.489980463386277 -0.113730753634164 0.296393344454338
-0.368412111374805 -0.498425996186826 0.0678668358441159 0.219389328568687
-0.48552653784718 -0.251139189725869 0.0138379204837368 1.61350777253702E-05
-0.52269481142559 0.0369450909611144 -0.115289920449659 0.00091975165568793
-0.454283264286143 0.257649525461412 -0.181800784003127 0.099815899548955
-0.289408723168132 0.398596135537449 -0.128441650818919 0.228456115914822
-0.122683714164466 0.447731769459376 -0.0302963095126776 0.278290006998159
-0.0953475454396834 0.45025670039566 0.000665125895807361 0.260951754170198
-0.0969471702784499 0.427251925080258 -0.00246117087186374 0.258090881297619
-0.187267714680412 0.444868824451737 -0.0395107672225613 0.213147437903334
-0.34813843455601 0.358727094462036 -0.0905805420856153 0.162650674441773
-0.431565002773267 0.202564498584637 -0.0943923147982472 0.0869263566148992
-0.489744674830518 -0.0472102287405463 -0.0832762578725717 0.0451486951969063
-0.4213867755154 -0.347519455502917 0.0796870299908532 0.0354769178878016
-0.336179029549652 -0.459225007065821 0.27409776378604 0.236204414209803
-0.192629302278686 -0.328767054600044 -0.0364536643755829 0.508838609251795
-0.295027669724232 -0.293978341152905 0.141334319925192 0.352844726999803
-0.325402391665786 -0.11313527234048 0.0401621050606822 0.0863289867649785
-0.311872778788017 0.0338488197092151 -0.118756620303895 0.034291511315801
-0.289830904633856 0.163125318138707 -0.23916730241006 0.168284974371132
-0.191119683376187 0.263638513117144 -0.183323090400452 0.349982646759397
-0.0922202703751307 0.310558223449132 -0.0712527803127409 0.424443185123117
-0.0844318414383538 0.317017486918336 -0.0299038065831132 0.404326999068353
-0.097192948538885 0.299589823836486 -0.0353127756324368 0.385797359358831
-0.164445479429242 0.288608905090806 -0.0804470599768576 0.313080645108501
-0.253340406860681 0.19392484509863 -0.140159403530708 0.214465886590626
-0.263988474663811 0.0687058803357086 -0.108900228890962 0.0840994413216597
-0.264250759759261 -0.0341848507150351 -0.0483021257613891 0.0525295036603328
-0.264883856586676 -0.199827841543623 0.131665071946451 0.0978022344997042
-0.254401121726787 -0.291067428211768 0.329095708771948 0.383645709898736
-0.135394896347753 -0.10907599647975 0.0376836545881125 0.638257655823272
-0.142469745432457 -0.0516471946402008 0.20213353633178 0.42858093704062
-0.0905378631906242 0.0162500572967745 0.0800104168837209 0.155569998606885
-0.059257807381915 -0.00459696498156868 -0.0854485058856093 0.0575851981102005
-0.0946780406076923 0.0295485686592361 -0.239558511054723 0.209609995541845
-0.0761227974517922 0.080776437104422 -0.192862950684698 0.413612135227456
-0.0555084064436283 0.123037802575789 -0.0921294037057113 0.50230377178794
-0.0621010700546635 0.136698866843137 -0.0574365370858544 0.486056528297206
-0.0756031792785167 0.134564822399071 -0.0756462747713926 0.454536297057439
-0.102346697446364 0.108714512959975 -0.128732910599419 0.360328250757843
-0.115703010871398 0.035897206717372 -0.18590300528788 0.223489561551222
-0.0697596383462337 -0.026471452537611 -0.116049751979922 0.059110795800647
-0.0483196990080056 0.0168538243904931 -0.0170637017641417 0.0491273690511282
-0.117817474794803 -0.020128620820891 0.152701438622623 0.143927516021035
-0.161120281286846 -0.0900078632395738 0.342716353910207 0.471733464307519
0.0419795704012621 -0.0980609549096697 -0.338116700473996 -0.503483677657635
-0.00443054197212675 -0.153112869104216 -0.264829517354384 -0.198135009103798
-0.109262249208656 -0.0743586280828358 -0.0508888925282955 -0.0663213827156577
-0.11187767706022 0.055042035915881 0.0781406656456754 0.00610061468518354
-0.0449761955702177 0.0805828659461676 0.217720568025645 -0.155900564856094
-0.0127792732168475 0.0792757515862451 0.180319423471863 -0.348653179866554
0.0229220357679907 0.0581308879242094 0.103113734944194 -0.46727282322428
0.0294145565210645 0.063011813780646 0.0630887660495791 -0.501950133695201
0.0343545642157203 0.0762007874339809 0.0725677554481621 -0.501894956653718
-0.00268649060866536 0.12174159160337 0.12232920246456 -0.428629804090022
-0.0857183561099744 0.128065761070413 0.171915491307478 -0.281163497984367
-0.173261496917364 0.0777955433676943 0.0539784642822988 -0.119839492262692
-0.177181711275225 -0.108744708645604 -0.085119009281373 -0.184909847783048
-0.0292418763418158 -0.196073331813722 -0.138700766862759 -0.400917074735305
0.0307839306123179 -0.134420726922276 -0.0609330414574061 -0.656246965329808
-0.0287156103413282 -0.270718831149669 -0.313163164431087 -0.481644606626141
-0.105448631925689 -0.31094635106751 -0.224789673708357 -0.22357833623391
-0.233036214480154 -0.162041405228738 -0.068093433459349 -0.106961671339057
-0.276026023248521 0.0518323758595564 0.0415051234808739 0.0116916933919824
-0.202407810608251 0.168253143781679 0.195646098268922 -0.121503608328917
-0.115703467683632 0.230516726523458 0.182378921477433 -0.29431251467723
-0.0190366622450353 0.238968025700846 0.120511810605891 -0.402872301858158
-0.00423230688764661 0.257386259619931 0.0730890928721924 -0.433851560050611
0.000655617059727796 0.262600960403435 0.062181103243814 -0.427917908222476
-0.0792269299194121 0.317510092212772 0.0800276084138551 -0.373078538411108
-0.23792431353733 0.288976949529781 0.11062219344982 -0.24528742027039
-0.375280495372908 0.177033982814052 -0.0036634735364007 -0.0950578043590956
-0.426182464813943 -0.137719553875166 -0.145820208720641 -0.160308304872307
-0.242904270158603 -0.384394375546347 -0.165060547634942 -0.356891629887663
-0.110285687283239 -0.367821025128348 -0.0554553587249393 -0.563971156261099
-0.0886346869355865 -0.421430096706259 -0.276765736260481 -0.376840382851419
-0.200577806685567 -0.459462176332763 -0.167052947297948 -0.194950373205384
-0.350705082142296 -0.256236816075626 -0.0654034858368569 -0.136235444580438
-0.433415834967036 0.0323937943554543 0.00247024390432842 -0.00201043953952236
-0.359136279657114 0.2351567617163 0.134153580034834 -0.0874425499966707
-0.219758330451597 0.35662151266697 0.142584088993739 -0.20200742827214
-0.0682919893888363 0.388234526475098 0.112132066180782 -0.277592397542424
-0.0369616380807274 0.41217263639065 0.0704334220917606 -0.298613068711948
-0.0255598232154645 0.407031625466887 0.0490633954197117 -0.28654935730429
-0.126267947350917 0.470174308049149 0.0388787792110162 -0.256458232485657
-0.336761867541506 0.428276084299158 0.0485128594930755 -0.164690414461176
-0.512974728326699 0.282979628901541 -0.046358990833823 -0.0474533563553914
-0.615891838253877 -0.109253090639541 -0.174309094629623 -0.102686667816548
-0.432945674526086 -0.480775511032751 -0.153730544751459 -0.26318094161227
-0.248272345156066 -0.52384780091099 -0.00545693428943922 -0.395432574117286
-0.139762023969028 -0.525493551080575 -0.235005998745221 -0.191630778688998
-0.2967730096631 -0.566482072406473 -0.0958700200286792 -0.0964729293682728
-0.462933863542637 -0.319722232498169 -0.0446322486263862 -0.129218025617313
-0.561763945064564 0.0237294095098046 -0.0397390770650926 -0.0182575463984822
-0.479875575124249 0.283932197056976 0.0357264978801514 -0.0417451898775377
-0.298395352713009 0.441720042402007 0.0628028820493285 -0.0757122059022235
-0.107300995183855 0.482692602652232 0.0780808056107034 -0.107617376173471
-0.0632709427579881 0.499557906390354 0.0556259233404978 -0.120114091646222
-0.0477274547283188 0.484846821278403 0.0374981710714519 -0.106771356671915
-0.151640926054335 0.548011888736428 0.0098722391466512 -0.0983432736177215
-0.382157836090592 0.501742640180077 -0.00295418632624415 -0.0510871446752101
-0.565287421854005 0.346659156431141 -0.069834299761611 0.0109878692023615
-0.698539765384116 -0.0624862638412677 -0.162006983253982 -0.0361118120086002
-0.541061571363322 -0.494836297274391 -0.0927781182813169 -0.152400622582374
-0.344417271500724 -0.585351039802007 0.0802838117292588 -0.185658320122675
-0.182781990459947 -0.550958440259932 -0.180367259512194 0.0473691109990463
-0.366343863788206 -0.585748495684578 -0.0137363012701572 0.0550607824309239
-0.525614787768347 -0.32194757621904 -0.015296606259654 -0.0826332674068576
-0.603892621926993 0.0321890771029865 -0.0825775407667775 -0.0191889334783207
-0.516448640580777 0.300152487626859 -0.0822025895936575 0.0240289393028809
-0.320471311550483 0.46045022728647 -0.0361200887766437 0.0769488919669544
-0.122349823041731 0.503961917426648 0.0286172464823584 0.0866268464632116
-0.0795306888771099 0.51102201327435 0.0318792044945217 0.0757163482611288
-0.0675267903625951 0.49008342383538 0.0246343665992045 0.0832350759192579
-0.168534785798861 0.53925564434507 -0.0104606690862161 0.0686987946080209
-0.379351212587953 0.480077381056971 -0.0436994146079539 0.06845213901595
-0.530140069387897 0.319557684974913 -0.0820882273011029 0.0629076473404798
-0.646390432969688 -0.03531263037265 -0.123064625871754 0.0184503928889231
-0.532642039285281 -0.438259864970034 -0.00529253744021938 -0.0471601665076324
-0.373911909987723 -0.555810415869106 0.182839085236848 0.0312132712849272
-0.206587913106168 -0.478837371155439 -0.111344290502747 0.295961808574564
-0.375178995675056 -0.484936519895757 0.070362623649556 0.216549727288999
-0.482253021330981 -0.239302879639397 0.0118056802781741 -0.00497520527503973
-0.512819221004728 0.0449498880970094 -0.115047771010697 0.00232530846560881
-0.442883078484488 0.263395860600054 -0.183549129182291 0.10294044282579
-0.277253259475755 0.398598223292643 -0.123063801294596 0.229606229565396
-0.1112731055995 0.441653871065772 -0.0211696943279882 0.271251180440622
-0.0820922398608919 0.446246692305094 0.00436064014930359 0.25834006950923
-0.0847931279618772 0.423854727238144 0.00379596388923722 0.253459908700475
-0.17462613575315 0.443352173799443 -0.0349551869629951 0.212441277860432
-0.334861030511837 0.363056141256417 -0.085335387626813 0.164920899770736
-0.42008489509454 0.208849746153358 -0.0939442707233513 0.0901872025337324
-0.479883113142155 -0.0356557649827626 -0.0810808270094632 0.0490918123539529
-0.422834574617433 -0.333174598647554 0.0771805165328355 0.0349601613630863
-0.335720202758987 -0.445615928225053 0.272904110970894 0.222033322843957
-0.194324377600877 -0.319008648643648 -0.0312505536289517 0.501933181708912
-0.298522670777196 -0.284521706453118 0.145546559096674 0.345929582587872
-0.322287252876943 -0.106966098782888 0.0407628548279273 0.0818294680925683
-0.307403956249026 0.0388456305376408 -0.11762601141873 0.035484023696499
-0.283030830161551 0.167653702962445 -0.236667072887141 0.172456269016138
-0.184610678672384 0.263472348245128 -0.17313739944462 0.34885403412917
-0.0846877122950414 0.306556665348553 -0.0585765795530222 0.415729739901698
-0.0747106992618437 0.314321973931101 -0.0232669396150253 0.40072686840443
-0.0868114588139783 0.298288099594948 -0.0274985512329764 0.380589166421486
-0.155234922986666 0.288775793921718 -0.0713595553144768 0.311167666110816
-0.244570733376815 0.196724776950762 -0.132567414040843 0.217323249873185
-0.256689453582496 0.0710372776564926 -0.107736039275097 0.0873202675418721
-0.258046342887535 -0.0278757687826191 -0.0470408919826402 0.0561306375753533
-0.265214099104607 -0.190028014148556 0.129833567460606 0.0953079283882922
-0.255120703933491 -0.280961525025449 0.329679502491698 0.365871926741887
-0.13398832781625 -0.103813638418229 0.0423580058994628 0.629069560994183
-0.143126008119909 -0.0480279476521903 0.206413810218257 0.418426019504846
-0.0881989203869976 0.0172083955602812 0.0825150042869391 0.151507646515559
-0.0592726634257782 -0.00538049836699053 -0.0845798065372495 0.0578460519435085
-0.0938018056004297 0.0302130415974819 -0.234389598611124 0.211423637288884
-0.0746255526933857 0.08052917312236 -0.181095908720426 0.410868423570195
-0.0525676223627244 0.121866838717656 -0.0782549007295432 0.494715261460467
-0.0569301449210872 0.136452872133485 -0.047986751835559 0.481961617090574
-0.0701352234397443 0.134362647030786 -0.0657355696325948 0.449456683618685
-0.0975858993551418 0.11008697478221 -0.116373440630838 0.35778022766043
-0.112952360464641 0.0363647203699454 -0.175555738198366 0.226548134720063
-0.0689106974124307 -0.0269484218411662 -0.11466377479164 0.0623275229873985
-0.0438693809589644 0.0177547243704899 -0.0169879294128602 0.0522194443254589
-0.11619047343219 -0.0164301648325312 0.150834373156039 0.13993548822461
-0.160236721576529 -0.0867842890884959 0.34667705388372 0.453663690858523
0.0424832136787454 -0.0981255876175457 -0.340231195295766 -0.4964173885398
-0.00574561870809314 -0.153502283573032 -0.264335399974899 -0.192850560452789
-0.107740791108674 -0.072547081465355 -0.0535325077528691 -0.0671607767061816
-0.109135687671889 0.0573346013060764 0.0769422604132346 0.00563554020457488
-0.0419607880985149 0.0814797464063337 0.21286837605343 -0.158644027292545
-0.00948132474114984 0.0802745615550041 0.172111483332048 -0.348542580790383
0.0236557478401939 0.0580007159111626 0.0957004085424423 -0.464369560777397
0.0296452725357892 0.0617070106797708 0.0583110690036612 -0.501207850603591
0.034466857108312 0.0753982308580007 0.0680395561728558 -0.500629422924612
-0.00082051330117325 0.120410079310266 0.115803541250512 -0.427424984050935
-0.0834606762189787 0.131091556723234 0.166003190727832 -0.283507513373777
-0.170455456962306 0.081675380003708 0.0524836429857623 -0.120094178966833
-0.179596890485985 -0.10660605558992 -0.0845127615821489 -0.185931727371349
-0.0314826971669286 -0.196068693182817 -0.138161523043744 -0.399105368931383
0.0305845964927094 -0.130889319505597 -0.0645310538977563 -0.650009609930532
-0.0268743360330032 -0.26895572053186 -0.315195419486335 -0.474581858742842
-0.107296785408663 -0.308783024023858 -0.224755050145212 -0.21874237190995
-0.229808654337128 -0.15982375352339 -0.071667382762267 -0.109309313197806
-0.271745212530906 0.0553865080481386 0.0405221109792772 0.0115729239348949
-0.19803116835836 0.169808047824178 0.189830882431479 -0.123539332545985
-0.109698797267896 0.231587870066146 0.174994107248977 -0.293758755543974
-0.015998897505499 0.237260933293659 0.114425651015252 -0.40186055607957
-0.00130331157130059 0.255731556189768 0.0667483456997566 -0.432923325552597
0.00283967468715858 0.261041706629145 0.0567799235181209 -0.426858811926464
-0.0743286822248353 0.315930882163992 0.0730893139255623 -0.370353920023611
-0.232700448786438 0.294413044195782 0.10535213660502 -0.245771319769079
-0.370871908226433 0.18372103329474 -0.00532459634696043 -0.0939394266036978
-0.425267917579909 -0.134133078045339 -0.14522539916964 -0.160265427266503
-0.246987674430778 -0.382144175538713 -0.165987041521696 -0.355279753502551
-0.109202001488612 -0.361290060143818 -0.057828884271549 -0.562405229713201
-0.0859960514851125 -0.418629376588231 -0.280656439627764 -0.371164366100125
-0.203153253393206 -0.455699563843232 -0.167481593485832 -0.189464898729323
-0.347954607655834 -0.252742366741157 -0.070036291306291 -0.13879552810968
-0.428528462611594 0.0355707187044907 0.000611975343272694 -0.00160247759103483
-0.353559744541181 0.237571049679345 0.127516197773468 -0.0878059952044799
-0.213384561484276 0.357637188803035 0.137326841106778 -0.201647153673108
-0.0634522681529993 0.387174093916427 0.108406935834932 -0.27908184645296
-0.0306958079799466 0.409839871620909 0.0660817587325278 -0.298406602519269
-0.0208974661248787 0.404172516487358 0.0453173356604239 -0.286561660588777
-0.11897124328944 0.46753060526793 0.033435162760649 -0.252997144962288
-0.328836424001315 0.432672918683821 0.044522170440945 -0.163835225082378
-0.504929295119465 0.289646006418006 -0.0485096523949475 -0.0451382099463001
-0.613593904597565 -0.10401273931126 -0.17300471589304 -0.10106039443807
-0.436560734951095 -0.476538069370184 -0.155072225911835 -0.261537979275612
-0.246808191506841 -0.515985701261862 -0.00861963923042732 -0.396257145609599
-0.137550108212458 -0.520872466406573 -0.23705680568252 -0.186192700004186
-0.300389494485763 -0.561928695703045 -0.0966418978652237 -0.0922567385493052
-0.459525035602522 -0.317824790415949 -0.0489889641252359 -0.133930074565209
-0.556854492750174 0.027485106494803 -0.0406529691652234 -0.0178919402004063
-0.473428438586595 0.288758144602832 0.0290169237003869 -0.0410814297276262
-0.290129743453923 0.441709810269406 0.0593732254121633 -0.0744463497438629
-0.100767000218841 0.479095395686787 0.0771305276014005 -0.110466593997029
-0.0545868429282159 0.498264803561793 0.0535871394774125 -0.11938579265968
-0.0421100189795902 0.483419356141081 0.0362458380805655 -0.10745240914834
-0.144623954818545 0.547483362962878 0.00708242972473746 -0.0954372424543658
-0.372366363164159 0.508431412891376 -0.00436868444090925 -0.0499557434724712
-0.557371044501269 0.351718555802854 -0.0718297265085024 0.0139489549788819
-0.695113263229518 -0.05510987685029 -0.160224221305732 -0.0339140921351062
-0.543752779841556 -0.48835917136898 -0.0942920433538327 -0.14949924555497
-0.342215759230044 -0.576830136834528 0.078182455153861 -0.188473333738818
-0.179425643683897 -0.545736041648383 -0.181611147697585 0.0510618635975431
-0.371794291627282 -0.579403643668257 -0.0128996917059574 0.0572401532104067
-0.52247169482165 -0.315914326447699 -0.0199302287152599 -0.0867672076860124
-0.599172866919461 0.0371352629486079 -0.0838258500758704 -0.0189355003640225
-0.510577624161009 0.305219400646669 -0.0877391616014705 0.0261977129040017
-0.314483583696573 0.461203164666416 -0.0362593671986304 0.0783865445573361
-0.116340650001927 0.501342058218004 0.0308374922891951 0.0814660654390817
-0.0707909100493185 0.509745624923778 0.0317169273205798 0.0756397689853693
-0.0623907772993789 0.487530997760212 0.0251876829041869 0.0819206769543926
-0.161754061458755 0.538122201044704 -0.0110988585550865 0.0715190418872235
-0.370649066691252 0.484431719236051 -0.0435001220014677 0.0708556033374124
-0.522168753285672 0.32263567505576 -0.0830948262550496 0.0659054077168926
-0.641870927578504 -0.0292876379232194 -0.121469022074012 0.0212853558426565
-0.535649021660176 -0.431955046798231 -0.00620722173316646 -0.0450969407938368
-0.371258427575225 -0.546473096642417 0.180950193322887 0.0255278690312502
-0.204750901638833 -0.473376495423534 -0.112144085856274 0.297221492550785
-0.379433213525012 -0.47928363068977 0.0715007066231698 0.217476643690392
-0.480598243778187 -0.235885263428916 0.00889866481727475 -0.00888976929578938
-0.509631378214428 0.0490070043220671 -0.116153055631909 0.0023436935276535
-0.438068409044811 0.267124064233686 -0.187374071207208 0.106336448133474
-0.273158820444109 0.398863213618297 -0.119944823096666 0.230983623476411
-0.107653251064708 0.439985159240553 -0.0162650454515625 0.264672061018534
-0.0751928139151552 0.444717415076081 0.00651666946484562 0.25793549888947
-0.0808779967640608 0.422566610489606 0.00699005706979417 0.252140197551898
-0.169191943910597 0.443395764818179 -0.0328428998610552 0.213962741211708
-0.327485103582858 0.365715306394242 -0.0826597005491502 0.166537103907321
-0.413491426415045 0.211629703124915 -0.0944738557182478 0.093431163356776
-0.475625590282564 -0.0298883803484488 -0.0797773505464354 0.0520162750123037
-0.424285758862378 -0.329158661117208 0.0749613743501027 0.0370846915383066
-0.334245984806769 -0.438373197805985 0.272972745636754 0.213972547328074
-0.19068792330349 -0.316041940528584 -0.0318200133885483 0.502690856983817
-0.302305885418337 -0.279087370467229 0.147502635994964 0.344542046593832
-0.320656337181319 -0.103257490115532 0.0394735159732512 0.0781025398400833
-0.306235943970517 0.0405717668472742 -0.118208181547085 0.0350629968536574
-0.281218752951471 0.17053363584058 -0.237571803445494 0.175837233364622
-0.18191874011968 0.263617675434507 -0.16920824751075 0.349095350159446
-0.0815845158962498 0.305051512158966 -0.0525588729831126 0.40945845312002
-0.0692911804127122 0.313435264382815 -0.0201520489559767 0.399753175757065
-0.0825295186983659 0.298438048816977 -0.0234011607774975 0.377895728689379
-0.15043340841974 0.289336900838308 -0.0672749396620796 0.310171203079774
-0.240704712225036 0.198515936742666 -0.127936756197297 0.218701590450655
-0.253664852728886 0.0723709120162833 -0.107694369712315 0.0901609492738938
-0.25294948355779 -0.0251862617310528 -0.0463114179578602 0.0593659112983972
-0.265342353825051 -0.18568317970668 0.127835839576961 0.0958112847430122
-0.253161546640122 -0.277354462541928 0.330606847173271 0.355835662621879
-0.13258186387036 -0.102066245580901 0.0427152276849888 0.624826893126652
-0.143909427957991 -0.0460412769059797 0.208488346455542 0.415037094377086
-0.087163448279544 0.0183861309510288 0.0832843608313035 0.14858474331029
-0.0601582241988833 -0.00565812781967031 -0.084884740146442 0.0574579624213079
-0.0947942275920217 0.0316668789324047 -0.233032488878466 0.214046118067888
-0.0756683921693972 0.0804108546384776 -0.174564117569792 0.41062497384788
-0.0514167130216547 0.120974784740066 -0.0714214383377142 0.487950190963615
-0.0536400173063375 0.136628903167836 -0.0430766644477196 0.480491379439514
-0.0671153277374755 0.135477607646986 -0.0594953577044147 0.44744642816183
-0.094577400498966 0.11158024408817 -0.110204623053529 0.357386857679434
-0.112668082928021 0.0358051982574959 -0.169396710819377 0.227759163338234
-0.0685580552990996 -0.0277940121213634 -0.114588880623108 0.0652239470418821
-0.0396041401018011 0.0183683363708939 -0.0172189117739785 0.0552754397500553
-0.115418956895996 -0.0144739823605032 0.149034012918535 0.139799649411036
-0.161057649391495 -0.0860376033996804 0.349571635478816 0.444665239590183
0.0432459304444464 -0.0999251936098573 -0.346870354063081 -0.499474161989442
-0.00639401725415795 -0.155901072240472 -0.268086380914342 -0.192357707321634
-0.108335729554545 -0.0736740347698985 -0.0563670494908847 -0.0693811693740013
-0.10768146897439 0.0596645015137195 0.0784725534763067 0.00584722764856092
-0.0402624073946783 0.0828994911176325 0.211869388324765 -0.164337807146832
-0.00614938420785277 0.0820994206646578 0.167945859890067 -0.353939967231639
0.0255221778752958 0.059561401581288 0.0902352045859176 -0.469902573431842
0.0293554981974926 0.0615530215073292 0.0548161035486747 -0.510132622998543
0.034960981414101 0.0748972495795739 0.0641206313132153 -0.507543156507454
0.00095070610453585 0.121564818448616 0.111237398848435 -0.432472542736663
-0.0817533401548454 0.137202847549812 0.163531004081079 -0.289406598933077
-0.171736399951059 0.0866202415926984 0.0520838052482343 -0.122496250515287
-0.185128394360742 -0.105917730514607 -0.0854297312982227 -0.190503776252047
-0.0334532244549243 -0.199414546559499 -0.142730073004506 -0.407315309985786
0.0331702803456451 -0.130221576711 -0.0674705614018206 -0.656919494767655
-0.0251531724561318 -0.272348420583293 -0.323131002626085 -0.478499240504881
-0.109757753521908 -0.312293287333298 -0.229433716951724 -0.218781148509562
-0.231177759269108 -0.162887286368236 -0.0768164495591698 -0.112891039280471
-0.272135024841966 0.0581925563206916 0.0412348699561007 0.0129126321758705
-0.197377607928591 0.174189939618658 0.187979438759194 -0.127383446246683
-0.107021428730196 0.237019875770498 0.172756852076905 -0.298376801569885
-0.0139920969388958 0.240984816756139 0.11045187819995 -0.408456557450715
0.00137802268913555 0.258745092923911 0.0644013554346728 -0.439822206831322
0.00490029625539335 0.263781098233258 0.0539146619922509 -0.434626122026085
-0.0715903196303039 0.320395346280748 0.06865295424916 -0.374021911227656
-0.230678248748162 0.30384729347536 0.102806076059611 -0.25025431730047
-0.373876778463631 0.190318527376127 -0.00705179533594482 -0.0939908092669837
-0.432750820785297 -0.129804744015466 -0.147139574380593 -0.163301577647896
-0.253366873547215 -0.38737098307258 -0.170494580768521 -0.361729940899311
-0.109724063013172 -0.361784961690692 -0.0627097970351802 -0.569045874659069
-0.085189129016684 -0.42370261904511 -0.287341289557613 -0.372027725859611
-0.208530591176156 -0.460103803998802 -0.170252930695975 -0.189040944000282
-0.349461940174629 -0.256724055046366 -0.0754723997103949 -0.144112419150457
-0.431445287908557 0.0385841713036966 0.000332723763147694 -0.00118492650813086
-0.354443502030075 0.244526438097575 0.124110432207713 -0.089960877933351
-0.211601194270502 0.365910870688827 0.135099014204523 -0.204434326573519
-0.0607699050363247 0.391974459835097 0.106969381110545 -0.285465645443194
-0.0268134633032032 0.414512800051028 0.0643807755220564 -0.303652905233645
-0.0183903658388332 0.409586460102157 0.0432335570037617 -0.292433306307603
-0.115894814013037 0.475847293609988 0.0295254147828886 -0.254104213560016
-0.328117840372589 0.445180213932116 0.0424840135051357 -0.165995262386737
-0.508071520024729 0.300391466791168 -0.0511111327426032 -0.0428052539995714
-0.623802122725683 -0.0996930570732601 -0.175318219478377 -0.102291356990729
-0.449616617836273 -0.482474033701665 -0.159315976530461 -0.26419137434995
-0.248996189843387 -0.51965650328829 -0.0120027947802933 -0.402717935570783
-0.134952668653627 -0.528317985957423 -0.242791007755858 -0.185183002023345
-0.309962181869137 -0.566845294740982 -0.0969694672377384 -0.0898818416266005
-0.464801978142882 -0.321924808421404 -0.0546553369767192 -0.139889830111676
-0.561529556697993 0.0316625109755386 -0.0421099902708472 -0.0174417710764781
-0.477964612164965 0.297633241171667 0.0236390482760471 -0.0404266840715112
-0.291914370755589 0.451830237677562 0.0581012686597456 -0.0748421012417891
-0.0985502573857111 0.486762575307294 0.0776386252085235 -0.115799960559793
-0.0501835595481968 0.504289272946411 0.0535174099688804 -0.121647110429746
-0.0390922197609786 0.489950538202505 0.0359001668438482 -0.110616647530864
-0.142679827383949 0.556656830268298 0.0044320318043125 -0.0937806174486179
-0.371160308037465 0.522328540581989 -0.00573335887595503 -0.0493783457588864
-0.558702985475806 0.363329596926236 -0.0741285039528967 0.017714441141955
-0.704841485573959 -0.0509139584243121 -0.161880852898544 -0.0323858752212337
-0.556617710185256 -0.493383838194772 -0.0974087360666804 -0.149786317061779
-0.345468665468586 -0.580619806439915 0.0772939189369737 -0.195650807009565
-0.177221711457228 -0.552172021018736 -0.186489213500687 0.0556333591343263
-0.383873521185917 -0.58443448524578 -0.0113151262508595 0.0616476605259158
-0.528550933049165 -0.319215814637536 -0.0235228171750797 -0.0920109060172447
-0.606581413709997 0.0396931034939182 -0.0855901618579322 -0.0189037999576866
-0.515520779854954 0.313654333656929 -0.0938479546034218 0.028903704009692
-0.316259299223546 0.472056359444926 -0.0367147816654399 0.0817879671654977
-0.115493152763521 0.507026263555193 0.0332206785987516 0.0775073847191729
-0.0648519936317995 0.515576907266661 0.0326622140201284 0.0769176363191973
-0.0592610218588902 0.496345376399996 0.0258176477110003 0.0821717031216107
-0.159833603998138 0.547585442968092 -0.0111034653079607 0.0755814438958109
-0.367701166338024 0.49719477700372 -0.043798016963299 0.0736268453381523
-0.524161943082159 0.33204325414244 -0.0852999557674166 0.0704306585636604
-0.649018527834631 -0.0241477651751707 -0.12227289224774 0.0238160468755657
-0.548588103577083 -0.437471293455542 -0.00745641238444589 -0.0428242900115165
-0.376085952899152 -0.549365473742919 0.182871214571347 0.0197949017223951
-0.202642804705589 -0.4802057974251 -0.115639395376174 0.304762732790645
-0.389963500991291 -0.483222668257889 0.075611597589368 0.22286074072865
-0.486776005218971 -0.237646075514512 0.00560501866563132 -0.0124747892772186
-0.516185092847025 0.0531593178113997 -0.119233253723622 0.00266523605440467
-0.442355979755577 0.276229319669812 -0.193688989776631 0.111098241758642
-0.275684929803729 0.408399525973931 -0.120105205125 0.236304093696531
-0.105804712143361 0.445485550257697 -0.0135501008477833 0.263350321666866
-0.0705990722876555 0.450569557483698 0.007560871073173 0.262853406447506
-0.0763878845858017 0.429879149365377 0.00833019170598862 0.255511415924322
-0.165740887652619 0.452200834228169 -0.0311404526530678 0.21922962665622
-0.326931308793776 0.376283266612926 -0.081521492605722 0.170966305362359
-0.416320222842653 0.217514217904977 -0.0962900191249642 0.0981917771650797
-0.478330670915044 -0.0270210121225538 -0.0797673644241992 0.0556214327965385
-0.433481849984343 -0.331118117445491 0.0750659461211629 0.0398377951635215
-0.338031943080104 -0.440035594228253 0.27653207761824 0.210101273706834
-0.190740595922224 -0.318829464279623 -0.0356019721886334 0.510976317697172
-0.310501816863431 -0.279968964742188 0.152298009736069 0.350405769337866
-0.324796823627119 -0.102619741074303 0.0383233649518845 0.0767292288350464
-0.310427026331346 0.0427005832134902 -0.121833339972442 0.0358726693653523
-0.284088421430344 0.175271057982584 -0.243326492967657 0.181955833528873
-0.184301768719915 0.269260995988499 -0.16711742979601 0.355795764231373
-0.0813775487816956 0.308687918253711 -0.0495981015582045 0.409858543302733
-0.0662447522012171 0.317490230802532 -0.0175988532038318 0.407425904507007
-0.0800203461498321 0.303659769139288 -0.0202002807255851 0.383979561219399
-0.1497645590539 0.296446086352554 -0.0644288635436645 0.316711937864112
-0.24135558548069 0.203390170146298 -0.125312909958209 0.223852208690114
-0.255993453365785 0.0732011793220574 -0.109595576904442 0.0944292542625748
-0.252348945823568 -0.0240475441030627 -0.047155072506413 0.064027061720836
-0.269953374224138 -0.186139761039946 0.128634882844442 0.0988241407050836
-0.25756929028794 -0.278830493517666 0.337719970112854 0.353755864535212
-0.132771676456192 -0.101823557504042 0.041302534147905 0.635967925412076
-0.147455100185943 -0.0449068487031676 0.214011953494831 0.419664195054733
-0.0876531828780325 0.0196764614047396 0.0850803274391436 0.149984308249889
-0.062299348947262 -0.00613067761940403 -0.0879922240028778 0.0584070736762157
-0.0968513698643006 0.033117113242376 -0.236581461826067 0.2197865577357
-0.0783093700822521 0.082233328753954 -0.173030835297729 0.417608924052685
-0.0522111577541452 0.122977051822573 -0.0671068269198334 0.492742364185927
-0.0520521769130748 0.13886095410807 -0.0417263754105848 0.490446125018777
-0.0650046840764855 0.138505459843805 -0.0561819930026412 0.45540570045966
-0.0943437809961732 0.114463857818574 -0.106532885224514 0.362936156607067
-0.114364918987961 0.036478423771548 -0.167144798582341 0.233463807009245
-0.07025561787849 -0.029669035855761 -0.115891834917625 0.0687050962004998
-0.0370183097923012 0.0182761035348618 -0.0182474407420849 0.0597105630090917
-0.117440478262261 -0.0125682250878829 0.151215555261549 0.142444329970654
-0.165335251529228 -0.0866533958421368 0.358001312181948 0.442873414596884
-0.0253336215848054 -0.110071218107192 -0.598375173209008 -0.186916316520154
-0.0988044226559103 -0.121598334989411 -0.340321913948359 0.00888723013137346
-0.132564961297908 0.00266100131828668 -0.0959461916607635 -0.0201688046409024
-0.0496208335869667 0.110156324925558 0.0679874613240334 -0.0392693469699125
0.0170857396527134 0.0896201403875289 0.0670239180904699 -0.263461408565886
0.0458715997897708 0.0692290292670663 -0.087089490611782 -0.388454952865996
0.0554831573448286 0.0328947951650883 -0.226615634123495 -0.437704028388002
0.0617692960183669 0.0307032377427946 -0.277893609920562 -0.448140180859061
0.0728137166595485 0.0363444406601835 -0.272996261065302 -0.453598518475754
0.0769357818057657 0.0973774064342833 -0.184605587759004 -0.423480604503347
0.0223830265568645 0.164620448758958 -0.0514096220534277 -0.337783389616735
-0.088041675459836 0.181875856909343 -0.0340947753731393 -0.134096201131917
-0.230832307017148 0.0321187936942322 -0.190116695559557 -0.101097638405761
-0.165401855683384 -0.147562170522888 -0.379505293742837 -0.240743339260327
-0.0567258486606615 -0.139757851102303 -0.481529327399104 -0.491484415950928
-0.180323517290332 -0.21595747112275 -0.576093737741308 -0.178005689979692
-0.273025332779991 -0.185734635104973 -0.332437886710642 -0.0375504035490415
-0.285746505148868 0.00219282853201055 -0.14728340317444 -0.0397436151529185
-0.182417984360111 0.204725711439138 0.0378322158533275 -0.00310186631188862
-0.0540986932599425 0.258211760626786 0.0708455633533596 -0.212517438606315
0.0581619351929388 0.255625170356491 -0.0498000750311943 -0.339536419360823
0.135243529390854 0.201823242914971 -0.16735595381567 -0.400331431210936
0.163582944853774 0.208609460559969 -0.225981188713431 -0.398575356466804
0.168419736514055 0.211792162946799 -0.235411903942774 -0.387165565616328
0.144124551023793 0.30722924683928 -0.181666673748682 -0.348615676397269
0.00639852551315571 0.399943206277872 -0.0727672193013498 -0.266432490944005
-0.18944997672128 0.396035362104676 -0.0621129893622755 -0.073648268391824
-0.459520704624297 0.176290651146196 -0.218266369678514 -0.0399024288069913
-0.472397526430264 -0.158866779974193 -0.367368008910408 -0.190801635971602
-0.327327680068554 -0.240101316179641 -0.407013667237373 -0.423934127792345
-0.315950643990485 -0.308473546636125 -0.491523429071325 -0.107961461181959
-0.439445372639142 -0.246874738416258 -0.27300417977047 -0.0518095791758935
-0.438951244689603 -0.00397753421368536 -0.173903528055433 -0.0630712180275803
-0.322040434663226 0.281671394240715 -0.00909344684481474 0.0168998334336399
-0.139044292979898 0.410070117159684 0.0423285192248804 -0.137662037600444
0.052948420586375 0.424640973464972 -0.0223573052293189 -0.236081113149138
0.191629782858354 0.350732353609063 -0.0916866776155435 -0.297916115310131
0.240779637342176 0.353154042148209 -0.140535348959248 -0.287626931775838
0.243265228935772 0.346996317733959 -0.155726817505308 -0.266301693357803
0.207853671533574 0.46504898951884 -0.138192132233382 -0.225490617254357
0.0192050812951888 0.579647030198359 -0.0647429684136404 -0.16051233969783
-0.230793488479184 0.573038409311269 -0.0636727931117619 -0.00417379477540298
-0.596856240554675 0.327023249173478 -0.200514302394165 0.0275781280481905
-0.69645742719785 -0.109134946359629 -0.290966257916951 -0.125485476414
-0.545888649963491 -0.277727235677224 -0.248260232122495 -0.325389263918485
-0.417303639404503 -0.366487096644861 -0.345844265717167 0.0203669777040041
-0.581642382224369 -0.274207787718928 -0.157560215057181 -0.0176383208380432
-0.570724363503318 0.0117731863164669 -0.159471565925825 -0.0692937485367391
-0.431446134721522 0.352495072187961 -0.0579619048964168 0.0354579415459998
-0.204846508672313 0.525739796714207 -0.0082140125020551 -0.031883426122931
0.042846685992319 0.543687055506801 -0.00255234779557664 -0.0791944976163024
0.219001366783111 0.450005050199906 -0.00704062277233125 -0.140987513313691
0.278084895827914 0.440239716180769 -0.0353291546472053 -0.133157122463166
0.277909668489775 0.428364838733874 -0.0474080898340874 -0.114230099978951
0.239874813514056 0.549843039323027 -0.0563009321292528 -0.0786401684258857
0.031263716915899 0.671703025855742 -0.0275154483079386 -0.0360858014637487
-0.23634114235937 0.657435677796054 -0.0429917045616357 0.059274550503517
-0.632061107705414 0.420779660275309 -0.143310597148515 0.074005625767691
-0.791579998468187 -0.0446913897610606 -0.164232764364615 -0.0763591721724471
-0.666649923676496 -0.263066520983585 -0.0342557820728074 -0.214819539742335
-0.466363537476784 -0.361092958424329 -0.151049203481534 0.183238436312075
-0.651779388063659 -0.242837510498579 0.00429692659659227 0.0537831594936154
-0.620666070818802 0.0508796632251134 -0.106609992586282 -0.0471019886467585
-0.46343409417903 0.386016682229155 -0.0962801791733627 0.0636933830191503
-0.223982117715958 0.563373019797672 -0.0590526709260251 0.0995158478580343
0.0349310388679539 0.574924626027872 0.0186899494609686 0.106907725954809
0.219985248882556 0.476813679944732 0.079444105432235 0.0449643052368684
0.272553337437669 0.461340231482069 0.0738055734522236 0.0406363883388493
0.267318017075089 0.446310735769314 0.0671002720586719 0.0488031156918472
0.221412369033607 0.552877581955886 0.0381079414280114 0.0687369070906813
0.0193540991141351 0.649679971342412 0.0198410345323785 0.0865475120395964
-0.226437355772493 0.610242603171888 -0.0185089418789193 0.110304115593393
-0.564718472742455 0.406582370802188 -0.0745234129358713 0.0959937901984816
-0.745011615306223 -0.00553708964726271 -0.0223729160344832 -0.0460825155810759
-0.670178459820696 -0.215130909151602 0.192301431167656 -0.109050827414924
-0.444176415616574 -0.28504658253706 0.066057395062955 0.3417363715996
-0.595947277139245 -0.158137308746166 0.177733523299074 0.131795178647344
-0.536960710266714 0.0953635858067188 -0.0276563567461176 0.000329906237436106
-0.383102179254804 0.344389713961026 -0.108319473919349 0.0995523102725175
-0.189436806250573 0.489660308158949 -0.0881529153702421 0.226426054717185
0.0295700036393139 0.499714068972684 0.049123059496769 0.281489192638274
0.188427739061002 0.422321407389706 0.159528896818315 0.225681598571275
0.227583954951275 0.412375492328449 0.170219144229405 0.207195638345219
0.212644835025177 0.403115193681839 0.163766012346849 0.200610951800547
0.155772298314881 0.479039914056475 0.114119493575888 0.197975631476954
-0.0249138897290648 0.523892363870318 0.0505293392469272 0.189536750852708
-0.20852383572997 0.443422166606034 -0.0107331065383421 0.14178481113651
-0.421240893953859 0.29099200290093 -0.0213843379555506 0.0965738955635325
-0.577859945713787 0.00819676821683697 0.0963927876550658 -0.0292429688076428
-0.566663719252143 -0.144150617449302 0.387729322176629 -0.0166005530840568
-0.340046511412413 -0.155504210735204 0.270067830792054 0.455183589897388
-0.411745541888461 -0.0423736931297266 0.327050140655979 0.190093982188977
-0.323246740835416 0.10983528993922 0.0650595385922713 0.0501773212403539
-0.224590997033459 0.216383416941773 -0.0848180972806916 0.120812869362972
-0.122045688492881 0.314031239241943 -0.0830720172841823 0.309366763174879
0.0172256154879231 0.332347314629926 0.0882659724934681 0.401893323568769
0.126055702664402 0.297237042807476 0.221861240167118 0.366886588994375
0.14705264395066 0.301363554715981 0.240332740631728 0.340836846324284
0.129783226501991 0.303061148436858 0.223736796413381 0.323386132408843
0.0703325645565793 0.338381676660325 0.148571620506847 0.296938794249574
-0.0671728387827648 0.32516043773054 0.0476789121082992 0.260405757335492
-0.167049448138631 0.222741788324742 -0.0257724653601302 0.148055377282658
-0.22654807937508 0.143716923127875 0.0081474025134224 0.0835401427417313
-0.34495861386102 0.0223417721380761 0.174753236567727 -0.0101335981774088
-0.393177530218933 -0.0582112086400149 0.523469473992129 0.0615684320109548
-0.165876321116478 -0.00673841152479876 0.423088971301245 0.502290965063307
-0.141786277231165 0.0513302833150638 0.429200134479052 0.209452767210563
-0.0567762203034385 0.0685946326997228 0.159909446662728 0.0738780135664868
-0.0542460438933105 0.0324498602450515 -0.0390598097334799 0.106666269158468
-0.0571684683670719 0.0860435998072361 -0.0542872984119389 0.329801678500531
-0.0120922945467974 0.115476447282449 0.121434610224836 0.447329817239239
0.0354094260677431 0.129834056747763 0.258025257070677 0.445063292805472
0.0464042256325009 0.147139078926602 0.273662133177517 0.424235743563623
0.0376801360734745 0.157731846076902 0.24139593283454 0.403646936865292
-0.00154978160697078 0.154190558550502 0.143113146437785 0.361490128867525
-0.0716587734365903 0.105411131374128 0.0173576285430591 0.293978735382555
-0.0778021939532106 0.0193231010071224 -0.048767142104651 0.131494243737699
-0.0166480509739826 0.0383139142412703 0.0260946666760132 0.0621443627259504
-0.101626558635556 0.0672179929507041 0.216590880078998 0.0147570474969651
-0.191666848060333 0.0435645422850996 0.588395349282388 0.121165626240647
-0.0300466778997633 -0.11283554142056 -0.626896607261488 -0.166649992208517
-0.108908703519606 -0.122090884410698 -0.350135325121632 0.0256602643354192
-0.138211416937676 0.00734085545453712 -0.102647247452494 -0.0164362128054098
-0.0447203324926801 0.115264136885742 0.0693417271392277 -0.0454687467395226
0.0225030486310176 0.0904024845299868 0.0546091982838307 -0.274541475753776
0.0525319659029471 0.0675107658151649 -0.110390122922277 -0.393902088684207
0.0596717705052654 0.0299366015886372 -0.253434221151641 -0.438048262959743
0.0647150441874012 0.0286612120414474 -0.309775715669188 -0.45190912155796
0.0761326942986767 0.0333132805072503 -0.304057123932241 -0.455843625431132
0.0838617559290831 0.096368370036149 -0.210933718529457 -0.426197565790696
0.0342139154403982 0.169401600327184 -0.0716282033131696 -0.345475755585763
-0.0799977417485577 0.193482466237808 -0.0414757391558086 -0.136515306935341
-0.237993958305539 0.0460460331041743 -0.203023527255402 -0.0988156632157371
-0.178509342608246 -0.144909851979044 -0.405695311731464 -0.233524379435582
-0.0610548609582394 -0.143538178894693 -0.515884007488531 -0.484846429234268
-0.194118632840778 -0.218202374883822 -0.602279653977169 -0.156138233420582
-0.291719722301462 -0.180559265439938 -0.34223262726398 -0.0238904823791421
-0.296366181658492 0.0119330724092263 -0.158739100439988 -0.0343284520103035
-0.177381070100182 0.218960267648907 0.0399808661487347 -0.00631025034878292
-0.0426156397397139 0.267854185426862 0.0609202319415183 -0.221629828599451
0.0753668317685889 0.259827316973263 -0.0674886663354301 -0.346097581024816
0.150428571606508 0.200827101526723 -0.193342751772629 -0.404871629792331
0.178968739780148 0.206863052711909 -0.254216205719853 -0.402485370526415
0.183007559801201 0.210264157510227 -0.262669296005748 -0.390264947673552
0.164275237785486 0.311309226849424 -0.203676545850183 -0.348719292158425
0.0303831466594151 0.412706923539053 -0.0893393532391202 -0.270588437857324
-0.174883562118739 0.419946772183997 -0.0667464159645036 -0.0715020044264824
-0.466755375541162 0.204144325890563 -0.229486013089702 -0.034025697723384
-0.498818395109827 -0.141608555222393 -0.390900199002543 -0.180541035590258
-0.343963393778765 -0.235040037670057 -0.439515514243731 -0.419642482623299
-0.337722534624578 -0.309731052968951 -0.510826771359928 -0.0888105713825327
-0.466082040010894 -0.233801243504034 -0.280806024346151 -0.0410830418472405
-0.453911106115905 0.0118579380807662 -0.18730332639059 -0.0576369264964992
-0.319953393097919 0.304909722706358 -0.00755785935212354 0.0166598153399507
-0.122719874645943 0.430133546961836 0.0350004216744746 -0.142058527046468
0.0784248211910245 0.436952185677655 -0.0341528041962203 -0.240718175577541
0.214862249176565 0.35464961615553 -0.112025759350958 -0.30504774856476
0.265048009745391 0.352381510166165 -0.158515952496427 -0.292084753325401
0.267597795538701 0.346907808304483 -0.17385026185155 -0.268333576993703
0.237058381930395 0.470673600968137 -0.151016703826391 -0.22311052278339
0.0519085450425854 0.600592626269668 -0.0755575764905199 -0.160824378070084
-0.210337363951629 0.60471040036967 -0.0647387514745872 0.000804441039334881
-0.602720686927573 0.367346736030662 -0.206215703161361 0.0364186323023395
-0.72936138385245 -0.0796834963776786 -0.307621278477543 -0.115988286639866
-0.571489139628141 -0.264351912501962 -0.272420786854252 -0.325108510365158
-0.445657942205576 -0.3672960785008 -0.354910634300003 0.0381033618210976
-0.615203816528246 -0.255104475327835 -0.158882329897808 -0.0116224241531637
-0.589536545641513 0.0338738962874124 -0.17412350135688 -0.064757913522531
-0.429820247631582 0.383420446238891 -0.057386375790867 0.0371949756311402
-0.185991303622084 0.554420980685013 -0.0124117373699714 -0.0290629871058273
0.0729096748521524 0.560410342275683 -0.00542380481026506 -0.0801633038384112
0.247304786143444 0.455088599755606 -0.0177538119396208 -0.148613427430193
0.307394863456126 0.442466990147304 -0.0420963688626693 -0.137195255816692
0.307580209392798 0.429088954552332 -0.0546921606391331 -0.115492139314041
0.276608221494247 0.557242245819928 -0.0597967262967982 -0.0759752699902582
0.0687652905002808 0.695290043287075 -0.0306546440120549 -0.0344962049628578
-0.209255715641653 0.689545986356088 -0.0401562918549385 0.0668395955423496
-0.635378094608703 0.464318353614654 -0.143377972397192 0.0836246128361274
-0.827092816762455 -0.00748991225811199 -0.171659796062791 -0.0694693663587504
-0.696006887692514 -0.245425896756711 -0.0487594472811506 -0.221935923454299
-0.496708686760295 -0.360339997570608 -0.146237192962966 0.19905811074335
-0.684910563209872 -0.220345668524887 0.0119883994706249 0.0532465368464362
-0.638776463244816 0.0778473339336488 -0.11768668921694 -0.0436153614901515
-0.460128776140462 0.420829753064305 -0.0958737643638274 0.0702869390404807
-0.205445399467846 0.59511808884717 -0.0589512827231803 0.110062999279508
0.0651040415088403 0.595376223428903 0.0255988693651571 0.111166525412208
0.248790528390448 0.483493706319988 0.0791567675000814 0.0388288421866308
0.303126716475213 0.463630240326021 0.0785768875980343 0.0384626101851425
0.29780178517113 0.447673501187505 0.0725139849987678 0.0474941427369931
0.258635086114412 0.562361224247299 0.0454975121887271 0.0711378929198294
0.0541303550529657 0.672709407032543 0.0260644455659802 0.0900475944447038
-0.202529340249178 0.64071550916712 -0.0122197717907459 0.118529547247703
-0.564376753733144 0.446216452997649 -0.0705202184367359 0.103269785458069
-0.775334224034594 0.0323830718577166 -0.0227371240527148 -0.0450500972319695
-0.695430499885816 -0.19241963356002 0.188676462154088 -0.124243389292373
-0.471357081715285 -0.281785867676245 0.0852196707670458 0.353095886918936
-0.626897072883173 -0.134382946309749 0.19417367430889 0.126532920096917
-0.55046827988776 0.120033880786674 -0.033873931563849 0.00218402092630051
-0.381230458455843 0.374149100628001 -0.107513160517618 0.108492513942544
-0.171405849300003 0.518079730450182 -0.0824512392475841 0.242423396989861
0.0551794828853543 0.519025236600226 0.0659861408404303 0.289552081839931
0.214081575858391 0.428499655082827 0.169611599675653 0.221897833178333
0.254711866851608 0.41339751329336 0.186784061741566 0.20701811105884
0.239945971555601 0.405895298065014 0.179552548765514 0.2000907177451
0.186691907118079 0.488895525747677 0.129198081531188 0.199807760087077
0.00117268090343517 0.542496273936778 0.0628473689587456 0.194574045081438
-0.19372456493371 0.468199826710644 -0.00322681443170279 0.14957349565668
-0.418956717301194 0.31847585384292 -0.0150682517051612 0.103124703629249
-0.598691640239936 0.0367861448882566 0.100992162609647 -0.0324226714716362
-0.587647146563136 -0.124274973118428 0.394131267329264 -0.0370663257409982
-0.358168793945703 -0.15069311985361 0.300804731465562 0.463481993946457
-0.429123699394175 -0.0235303285857185 0.349942815115776 0.178810046251978
-0.329351934214418 0.127507191856463 0.0665348581302285 0.050199177212707
-0.222748778104515 0.234522168849947 -0.0827475651742988 0.130444252851261
-0.110556860118263 0.332675495283626 -0.0727112850785259 0.327627440071838
0.0340015354214852 0.34527650767599 0.110840715609773 0.41201306716712
0.143460971018253 0.302972812735145 0.242553000778496 0.366459983596078
0.167343146952008 0.305385351130191 0.26718983943474 0.342155660036964
0.149905022132845 0.30675986374806 0.247293502502671 0.323076830963663
0.0909477838176641 0.347264544885414 0.169925808345405 0.30003957709573
-0.0530983057761475 0.339915044160706 0.0629261758761883 0.266685095363113
-0.162269757980609 0.23678498633637 -0.0179139999436813 0.157293476541726
-0.22597130786327 0.156620647399174 0.0154216895038295 0.0890971210885022
-0.355627185368855 0.0402480530676671 0.182426046574298 -0.0171081954020408
-0.405669380647906 -0.04159769153804 0.538614604602147 0.0358636851066011
-0.171220079890321 -0.000865464345299795 0.459641675006239 0.503719579003898
-0.144404982689321 0.0608131401014531 0.455333902893254 0.195983751047998
-0.0532550871936241 0.0731940151947582 0.168891412456338 0.0703683252334702
-0.054814535672327 0.0360335800741552 -0.0359732791735013 0.114477448278124
-0.0548590732323531 0.093296908736452 -0.0410910740382216 0.345664476747638
-0.00764668295627902 0.12253360297368 0.145591061383028 0.456551770782403
0.0419116334372775 0.134276082181289 0.284455950678966 0.447481788487907
0.0552749596123267 0.150750839873851 0.303763942502903 0.427929735028133
0.0478425352491416 0.160422307746518 0.269509829188572 0.405543569328228
0.00681215100302717 0.15973427961822 0.166056936103073 0.366045704497781
-0.0704910898550562 0.113123503859622 0.0345331982320081 0.301758187660929
-0.0804436669607713 0.0226252282599485 -0.0433200141348016 0.140175159525317
-0.0131470512535665 0.0373005404629443 0.0329854884931691 0.0666441697343116
-0.102359384925156 0.0753492384440099 0.226055898154774 0.0067508598399042
-0.196185015801594 0.0560091737032711 0.609991665454455 0.0935105732343816
-0.037427414402016 -0.113607404220179 -0.64578143369348 -0.127723836398084
-0.119912338781076 -0.117207821493256 -0.350633341424081 0.0509658579701322
-0.141791234290232 0.0151604747620213 -0.107799525282658 -0.0102386471174952
-0.0368607625621782 0.118977308943383 0.0678443993947117 -0.0524984244266022
0.0298373537572767 0.089658160020701 0.0344532703585216 -0.283163906345419
0.0591697104297967 0.0621908329643059 -0.140063464390729 -0.389760563757907
0.0624916346612631 0.0246743729347978 -0.286023991790175 -0.426244474971544
0.0667631167060917 0.0237960529165234 -0.347237389955656 -0.438222097107997
0.0777721779662839 0.0283609730731917 -0.341549663778115 -0.442584037731477
0.0923013883277192 0.0918220233793069 -0.243473458755384 -0.416344454700704
0.0492996751861109 0.169533297807293 -0.0973181170331394 -0.343522260438716
-0.0654561360056153 0.202661495578018 -0.0505995819312379 -0.135775040740575
-0.239089817006455 0.0645481047528369 -0.216101853409453 -0.0897339388505059
-0.192163745123256 -0.135260452195011 -0.431390949824136 -0.209006865886101
-0.0684074178247761 -0.143583951324023 -0.553418454761012 -0.456338004201302
-0.210740381620739 -0.211563700950815 -0.620472811525517 -0.11828558675939
-0.309197041551882 -0.163982846888701 -0.345959085259458 -0.000311491911287952
-0.30207815289661 0.0293060929576373 -0.167644762215538 -0.023979224931479
-0.164300285257646 0.232212229626819 0.0405291368275194 -0.0110875060449975
-0.0238067602244465 0.274158865814038 0.0440463107551806 -0.22784477822158
0.0964808923383492 0.256964974866236 -0.0929176848552529 -0.344714519093445
0.165202827312883 0.191799411661931 -0.226587375006383 -0.39783326803894
0.196132783990879 0.19604431919251 -0.28639200947972 -0.391864951061828
0.198313575550603 0.200297961883565 -0.294372586218736 -0.377856310131263
0.189014787982566 0.303895544227628 -0.229784065410223 -0.337502988098026
0.0631105979449448 0.415695766351457 -0.109974291440607 -0.266738198158859
-0.146710753409216 0.437761792029928 -0.0713777537168081 -0.0656938742951782
-0.460066955566966 0.240544965058757 -0.237824877967372 -0.0206981274254284
-0.519216602543218 -0.108990770156956 -0.410054468862275 -0.15654397436991
-0.360204520756579 -0.220417631339687 -0.473596107858398 -0.395706350706955
-0.362038445809016 -0.297898175356196 -0.523386127244438 -0.0550491313492947
-0.491167570563459 -0.20715803951919 -0.283334869397883 -0.0238542521076896
-0.461634219340274 0.0370581529853439 -0.200162361847014 -0.0449798731361736
-0.302924730350786 0.329260040806004 -0.00539447252579201 0.0156025319403714
-0.0944255602384907 0.44419202847951 0.0236423728971099 -0.14477368876711
0.11133248537678 0.437287180657911 -0.0504374418263453 -0.239768951007263
0.241305925335946 0.343333647676913 -0.137901896122488 -0.302787249924872
0.293060358659585 0.338649204898909 -0.181931014926933 -0.288118864567774
0.293836886846215 0.334893834387995 -0.194702284720377 -0.260314329384809
0.275742092787957 0.461361048577827 -0.166659247583055 -0.214283399573006
0.0981276211124911 0.60491869053997 -0.0878484029975716 -0.156930037035274
-0.169164177648085 0.626124122427817 -0.0639688537016223 0.00851330132413291
-0.586684954066856 0.414336221799925 -0.207306693990038 0.0496920346651822
-0.750137363825849 -0.0281909369286032 -0.319579966265678 -0.0974092008043449
-0.592475626416911 -0.234900826015948 -0.300898747111742 -0.310261732262537
-0.476470779181664 -0.347791318535984 -0.354862221229265 0.0638611698166466
-0.642455535643575 -0.216562149758728 -0.156965801817927 -0.00388406812251865
-0.598713548410949 0.0687342071336912 -0.186795755806756 -0.0525928955431644
-0.410715794848592 0.41657797366251 -0.0548257932991129 0.0398106104659638
-0.14866039493643 0.576063226252267 -0.0166471030497577 -0.0253378649296609
0.11502859677883 0.564988234869384 -0.00978651659688555 -0.078748287463889
0.28062667934881 0.445135944257647 -0.0333349399074713 -0.15149119031289
0.344715885704283 0.427801993044056 -0.052421427496566 -0.138189180858745
0.341583604940683 0.414012716680661 -0.0628081213104629 -0.11342164413404
0.321545179429231 0.547318949163575 -0.0622968162642936 -0.0714770263929508
0.122363007874234 0.701656370542371 -0.033137638022082 -0.0316769376475172
-0.164619323219533 0.715265418565272 -0.0342425993179804 0.0740657206531752
-0.611707714381633 0.516654794266595 -0.138681037495787 0.0947957111404466
-0.843339820701919 0.050323333907762 -0.177407036551213 -0.057618313587945
-0.716855580657117 -0.207077757558578 -0.067545821228506 -0.221921095450977
-0.528138335341551 -0.340109130848369 -0.132405006949782 0.212583756880274
-0.712467717371165 -0.177902622171793 0.0208197204605687 0.0496895809702944
-0.64664354652997 0.119907076601626 -0.127998236867484 -0.0340966392583629
-0.438898106716739 0.458050477313169 -0.0916012970104367 0.0761901872633095
-0.165758860588987 0.618838293505242 -0.0542377071768363 0.119370406103587
0.110293414841321 0.602602871681133 0.0352165243095701 0.112716473610985
0.283806682340053 0.475788713281317 0.0778344992639541 0.0309742597147849
0.341339792228208 0.449773725162406 0.0828122944994252 0.0326277107198015
0.333327332032208 0.434998287067441 0.0779765246703215 0.0437239088927893
0.303655106648113 0.554696386171507 0.0548346749546471 0.0702211234886904
0.104351458236008 0.679976506208463 0.0333577372778541 0.0909313687149298
-0.161057344515342 0.663545784314963 -0.00237520585693527 0.124874603415447
-0.542049602384687 0.489254746994908 -0.0616041860586282 0.110655962915088
-0.788103100857376 0.0888449162889968 -0.0229197825202209 -0.0426456845986624
-0.714102927696306 -0.153501776275182 0.177830237451728 -0.139766405177913
-0.496591838345088 -0.260797706253171 0.112981089043711 0.354821138816391
-0.646623571633249 -0.0909328024988754 0.209470125786608 0.11107647503605
-0.551222373223951 0.156281643715139 -0.0385096760470299 0.00673817697703318
-0.361411781118277 0.405602012911243 -0.100142088080458 0.117429898121159
-0.138157272789091 0.538187230392286 -0.0681199036903841 0.256549706898944
0.0955467333819394 0.524810083809548 0.0876519050236195 0.289583783434338
0.246243146411491 0.421621791804745 0.182035288718241 0.211103671775156
0.286686487128382 0.40380857715095 0.204431592165308 0.197898007280184
0.271819659695184 0.395052204200947 0.197511284594938 0.19092536461672
0.226767084183009 0.482474115569675 0.148359333906985 0.194396898165683
0.0406881765878073 0.551269918145559 0.0783682560661278 0.193025457272971
-0.165766359421033 0.486137621374976 0.00882955881414666 0.155745144566405
-0.403715688476523 0.350036574472708 -0.00396769708078699 0.106879238470953
-0.606927340730867 0.0803951480918804 0.10316493024488 -0.0382222387845303
-0.600432073724328 -0.087948600835928 0.391235379277156 -0.0662528601292426
-0.373711187814864 -0.132346279640732 0.336281633242382 0.452219052583571
-0.438426001359584 0.00705582877482681 0.369134318508611 0.155063109851353
-0.324608542288949 0.148973825603247 0.0684651630964503 0.0485733885591539
-0.209756420589498 0.253065668954407 -0.0746580846123501 0.138936163251206
-0.0879687591493126 0.346558538959778 -0.0520136490168107 0.342100169639992
0.0596778510456621 0.351136128760349 0.141758605110675 0.410682496417303
0.166029633497176 0.300956925525634 0.266351123955432 0.353207292893981
0.191366431220512 0.298940988922683 0.294326143882331 0.331048037112403
0.17350322669431 0.301851854750146 0.275791573138984 0.312666024997023
0.118034493592968 0.346466751152078 0.195169865402754 0.292333742827127
-0.0299622242691189 0.349306990903133 0.0839179799998852 0.266360943152736
-0.149267595009214 0.249701804488377 -0.00644244686335774 0.163799381912837
-0.216695559610357 0.171429872014349 0.0260351160678486 0.0911756388737879
-0.35735619986866 0.0678448419342861 0.185575577900068 -0.0287150297402863
-0.412955813573155 -0.015730129967773 0.54159215803948 -0.00215543825499737
-0.174918346603189 0.00853128387125281 0.499107908909309 0.485326828416937
-0.142854925374706 0.0730704291252707 0.475971589975968 0.165309226015635
-0.0479283382829805 0.0765747132099542 0.176618155050204 0.0611999261940533
-0.0537594117087464 0.040170830507295 -0.0289936807235033 0.120794625649689
-0.0491772216116508 0.100168529180584 -0.0181562432349322 0.356869157574711
0.000986599561190789 0.127389254143281 0.179685693610214 0.453651163316449
0.0524291390816085 0.135179311742966 0.316895296422528 0.432243123424703
0.0670651407240558 0.149372280163096 0.339583397879947 0.415497158566562
0.0609191779436426 0.159827997704122 0.302834607637834 0.394431540969019
0.0187361532168375 0.160958516937609 0.195795329716762 0.357290623965651
-0.0650281162165089 0.120182739491152 0.0579274125417702 0.302708641994327
-0.0823956644492858 0.0277831721835047 -0.033210621110941 0.146495347148038
-0.00929103762170519 0.0359068189561537 0.0424545729396931 0.0684036736021531
-0.097793414498866 0.0849151440533833 0.231770207474838 -0.0082920325366339
-0.195252699628699 0.0724997041757963 0.618095160801322 0.0506626080692038
-0.0439376032565112 -0.110898825168955 -0.647494126885641 -0.0812046630475117
-0.128087761879515 -0.10922596203194 -0.340047515729065 0.0752436928720487
-0.141286202407748 0.0241101821503206 -0.110449585387193 -0.00329545200616077
-0.0277453752461522 0.120318765507865 0.0625172296249667 -0.0579273906246898
0.0352074778971035 0.0851970590754046 0.012237670684872 -0.281782616632726
0.0632847709829238 0.0547587776744838 -0.165938243134662 -0.373319452568688
0.0630473980613841 0.0184086028272029 -0.312959523159223 -0.399640936609352
0.066198404949775 0.018504301747418 -0.373757340540907 -0.410307819745083
0.0771459638368226 0.0224506082345167 -0.367621031680789 -0.413393197333977
0.0973712624871249 0.0836461563652198 -0.269214837236148 -0.394574018408713
0.0632970583043336 0.162877001256018 -0.121290104957627 -0.3317211248622
-0.0482859125919054 0.20526537283754 -0.0583538457958506 -0.12991980665345
-0.233792962339799 0.0817721944507689 -0.223624206176747 -0.0759719680470047
-0.200338076629868 -0.121225236772837 -0.443538084037802 -0.175842940042476
-0.0753140091447461 -0.141272073975515 -0.574696579734375 -0.413329107966004
-0.221878597407101 -0.198766005204435 -0.620445430655012 -0.0752603762058632
-0.317856427136554 -0.141816568334074 -0.33811525920171 0.0222074981278092
-0.299588072207926 0.0464586184757094 -0.171946685052512 -0.0112577592146779
-0.146937417735727 0.23992522065262 0.0393526795950701 -0.0162508327854592
-0.00408520986309252 0.271779435124929 0.0258091715650249 -0.227153904654339
0.114893193276342 0.245032120510362 -0.116240921958389 -0.332964252383834
0.176027793759644 0.177631169845391 -0.252858873205402 -0.376158881233292
0.206097190375143 0.17962561826702 -0.310596944927878 -0.371227891848507
0.208077300532734 0.185178508695772 -0.318503402983328 -0.353197415368851
0.207938720829707 0.286300512054509 -0.248304502460972 -0.316069832096093
0.0941600574704188 0.40656589862476 -0.12777288837811 -0.254382747028446
-0.112771934124207 0.442340023597633 -0.073171060966049 -0.0584385476377565
-0.439892706684625 0.270080308391105 -0.238718840725919 -0.00546562342266615
-0.522581808241365 -0.0717347928139041 -0.416170476053062 -0.125933019479908
-0.36707941359147 -0.197936827638719 -0.491938327467164 -0.358069948364994
-0.380217717776364 -0.27551327385609 -0.51874093896689 -0.0190090852581929
-0.500060288478695 -0.170081707237767 -0.277455907964839 -0.00673571689215213
-0.457283939860349 0.0636516686462815 -0.206427594076453 -0.028989646648368
-0.277033176721014 0.345577793539363 -0.00430312484616718 0.0127022909190743
-0.0604868582395177 0.44641203728318 0.0106052482044425 -0.142233842724248
0.143278446494026 0.422409367840098 -0.0658907646450659 -0.232172377869004
0.260285836019001 0.323842513805594 -0.160887795501407 -0.289018521123289
0.312609704723559 0.314235710317733 -0.200059315408038 -0.274222800227466
0.31146158632356 0.311175622201203 -0.210145941598125 -0.244553337582323
0.305179074743344 0.436709939601988 -0.176571745580304 -0.198626761848952
0.142157351150439 0.592615570692426 -0.0977201492929849 -0.147515311414479
-0.123832801418344 0.631541884542301 -0.0597911513374999 0.0152188463826708
-0.555261469495126 0.451513673046223 -0.201845991619658 0.0622754111608001
-0.747081399747024 0.0239602069643999 -0.321860647467284 -0.0715549189944882
-0.595755587587955 -0.199077503050503 -0.318432903247746 -0.286355260503893
-0.497007866030213 -0.319204652044805 -0.344194140329001 0.0867638020621155
-0.651677933731773 -0.170158888053016 -0.151071161997834 0.0032388796593164
-0.591208494488859 0.105259553231709 -0.193857089953509 -0.0376187084690345
-0.378675166951335 0.438814780259706 -0.0509698607602399 0.0402011712033645
-0.105415992521982 0.580756700199926 -0.0202115560876231 -0.0206045840380143
0.156985268142248 0.551889806121121 -0.0138999112501422 -0.075933381738592
0.308134326066863 0.422195481781671 -0.0479730040163823 -0.148284405402954
0.369011094733667 0.39820267402245 -0.0614921920574353 -0.134969743213782
0.363974970930763 0.388811763258695 -0.0684915753015681 -0.107904548482083
0.35672989397268 0.518436113219702 -0.0626603799538474 -0.0649093131274912
0.173312888936229 0.686176532066417 -0.0346850503999231 -0.0271814175450019
-0.112578828524331 0.717135296635538 -0.0253644949897885 0.0794325007874706
-0.57076854248223 0.552443740002399 -0.129096132538101 0.102271251675187
-0.833433987480678 0.110173596447649 -0.177643783163127 -0.0442786201554494
-0.71643942851951 -0.162980447730569 -0.0854581861978068 -0.21459636028257
-0.548288031051457 -0.305926788909373 -0.114066144775778 0.219517223882676
-0.718539941955991 -0.125272660678182 0.0269022038134856 0.0429015832545299
-0.634365476338036 0.157009852385049 -0.133661498390078 -0.0221367043730727
-0.403697649815287 0.481631154040578 -0.0846380195545075 0.0787596019182092
-0.11973997019629 0.624849898185369 -0.0472219350534652 0.126231861038908
0.154013389376174 0.589200347961763 0.0446407427990157 0.110019997295282
0.312035120264685 0.450142008398465 0.0729470492263785 0.0249453011465455
0.368184198664145 0.420795951207524 0.0844920278850036 0.0256065252849373
0.357202797627769 0.408124940788756 0.0817082083415878 0.0376697440383669
0.340276196373707 0.526950920062906 0.063070873810662 0.0662320340234471
0.152950774900057 0.666077589774777 0.0406436795559821 0.0889199995630832
-0.113989465892565 0.667089371227955 0.00932358582704382 0.127715584629167
-0.50334749776738 0.521590965366481 -0.0500349985837947 0.113505800830056
-0.774178490594878 0.143434927984188 -0.023214436929846 -0.0400289792077258
-0.711513961278506 -0.107332856915342 0.16183095261497 -0.149919308030535
-0.510986796402443 -0.230258177304711 0.137320828946734 0.344242823878918
-0.646846795504447 -0.0441774307951593 0.216508766107213 0.0911661827833357
-0.536915112407717 0.189117212845455 -0.0401560167060943 0.012764489417049
-0.331338780962609 0.425508510716283 -0.0915496538973423 0.121337621530886
-0.0973093051821163 0.542200901077612 -0.0505218261623096 0.262851494351712
0.132698637201951 0.514264472369073 0.108540180746885 0.281114410474908
0.271743652534092 0.403982718140408 0.187423589464387 0.195579900869446
0.312366456581352 0.381183480300333 0.215493196176548 0.180913956999076
0.295909071990549 0.373999549973256 0.210180853056748 0.17484094747637
0.258889999424454 0.460906658345128 0.164338587788745 0.18104576623199
0.0791637605228402 0.542356404561502 0.0919152971357354 0.186720032262853
-0.130580352052201 0.491601427526614 0.022200536713377 0.157251397596702
-0.375042229125046 0.369942109907374 0.00792374231433483 0.1065915875332
-0.596076832905074 0.125239716231814 0.102100638052825 -0.0447885471591931
-0.594363265363924 -0.0501669615808267 0.376085061547916 -0.0916026366569883
-0.381305945082898 -0.10871515346511 0.365395012847159 0.42714967441283
-0.434380060614224 0.0406332209819673 0.374689213912864 0.124385975230696
-0.310839855444408 0.16797279571744 0.0704530198790985 0.0459910864651965
-0.190598998937445 0.263879886702817 -0.0636508453408044 0.142607686736182
-0.0621471515931272 0.349628856685271 -0.026731478214086 0.345543378217261
0.0849338575084429 0.345676099550531 0.169213770315932 0.397148902765843
0.184769171016231 0.287273642077635 0.282994036541569 0.329804533294152
0.210564507263358 0.282689338031474 0.313967621382994 0.308997571212567
0.193193904965198 0.285977482750814 0.295595920885848 0.290388567924561
0.142704301671885 0.33311756455488 0.215761595025547 0.274563857893654
-0.00502349314963361 0.348477433627792 0.103786012207586 0.256773068103277
-0.131817517623976 0.256136032935033 0.0068968233871103 0.164821931551449
-0.201692113605517 0.180983047206883 0.0370167608767367 0.0899012466902544
-0.349320636890608 0.0934214870456179 0.183947231079876 -0.041661926615251
-0.407737425788118 0.0128984411463558 0.529013979746394 -0.0395820625091966
-0.173598655688845 0.0192330969752593 0.525002484901255 0.44986788692806
-0.136358924290084 0.0839203777315296 0.480369658222822 0.129204976840142
-0.0409136600198668 0.0773366626836085 0.179762258868144 0.049784870959774
-0.0513201463761761 0.0430610237714571 -0.0192710452422987 0.122745888090173
-0.0412198289964478 0.103520073927575 0.00736951183324867 0.357874796407732
0.0102408029341494 0.128218456999938 0.210988418668647 0.436619256236605
0.0611090657651939 0.132107918917377 0.338853962642874 0.405432031340129
0.0782475891004221 0.143975513156296 0.364072578649096 0.390157397995846
0.0726103008837103 0.153394168154639 0.326626767491245 0.370341109688561
0.0304399493576273 0.157386926360632 0.219870765070052 0.338620818868974
-0.0558388344481376 0.124661274070124 0.0800336725409433 0.293559120543725
-0.0816404521976106 0.0331435607374539 -0.0214528239511602 0.148841677246403
-0.00630738927598772 0.0333779547160034 0.0517219431063631 0.0659909375211965
-0.0905772082016853 0.0916164855511255 0.229904177365184 -0.0245887736709553
-0.187488708927148 0.0874302950098221 0.608570279060602 0.00667738335429511
-0.0473679956594249 -0.106171087580731 -0.630568853718002 -0.0458778763915365
-0.131686021340687 -0.100675621294795 -0.32178690472476 0.090956683532722
-0.138358930446937 0.0298520156337734 -0.110607514532948 0.00304442852757381
-0.0202307062426769 0.118044022374364 0.0570555649345485 -0.0611809106278612
0.0380353340793581 0.0800654111841753 -0.00536034177469956 -0.273558714045762
0.0643902797005145 0.0470734069220502 -0.180089647311723 -0.354661604803775
0.0612189291733678 0.0129328088623514 -0.323792980890213 -0.371932616313561
0.0638524308662834 0.0141869056977369 -0.385638951181045 -0.381775232948526
0.0740253480236041 0.0183134667149592 -0.378695672335784 -0.384723764467181
0.0987080280666449 0.0754824718770157 -0.281145425889231 -0.368105484853297
0.0717305495036103 0.153986699867177 -0.13435656491511 -0.3147226672792
-0.0347062581732844 0.202300455835449 -0.0617159374709395 -0.123064792241275
-0.223999500039783 0.0928612534819109 -0.224349007348517 -0.0635218518264422
-0.200932966442415 -0.108455746491653 -0.440580434062077 -0.148310003002167
-0.0778358464515211 -0.137120373986663 -0.572633307943203 -0.375311687778493
-0.226041201036449 -0.184582223842254 -0.604359078223136 -0.0432489906224732
-0.317532813761743 -0.122138395915164 -0.322833252521448 0.0371368817349735
-0.292207342283422 0.0584084487381243 -0.172013479210488 -0.000525217530452707
-0.130293601631751 0.239773195312631 0.0369923141864146 -0.0200022743041571
0.0104967753346781 0.263856686271715 0.0107391148970389 -0.220505918816937
0.125375507310947 0.230404082525236 -0.130125511572715 -0.316675756307776
0.17901790011783 0.162608121093876 -0.26569585329628 -0.350696064337637
0.208263573862869 0.163671247949407 -0.321373511134647 -0.346180923723359
0.209057486656343 0.17024062941247 -0.326935010660569 -0.328424668771109
0.21659075314723 0.268017702800907 -0.255802687512838 -0.293458012032486
0.113974191392251 0.390626028768973 -0.136640672236909 -0.238512127881047
-0.0856204352772703 0.436488906186448 -0.0716786836030064 -0.0517903091340629
-0.415727307531996 0.286859766354621 -0.233932752008027 0.0058049151951228
-0.512536108016356 -0.0435684158167137 -0.412864015411368 -0.10033533076943
-0.3646078996463 -0.179445121458034 -0.49348149681247 -0.324771259851413
-0.384033663320573 -0.253069490929969 -0.502661473323753 0.00533753822817248
-0.49444110833694 -0.139649269429507 -0.265869208964472 0.00360176327133708
-0.446607701445727 0.0816799140019597 -0.206473574429381 -0.0145955124847644
-0.253642355227184 0.348442557752058 -0.00406948429526919 0.00995000019957683
-0.0351146590190584 0.435960578992693 0.000669914934894303 -0.135796297251287
0.163125824347853 0.403224013410234 -0.074727314117887 -0.221578931704313
0.268488021668428 0.300681490004177 -0.17352257889324 -0.271420051281109
0.319189461453397 0.288310041647248 -0.209007290763708 -0.258479489676247
0.315817936351988 0.28860385231329 -0.216224258165362 -0.227784199000396
0.318253386001327 0.408903889581227 -0.178285879394403 -0.182538339042118
0.171886515507038 0.568201327788488 -0.102483498722771 -0.136168064046233
-0.087151386781439 0.619910492514329 -0.0536158492625803 0.0201767288597856
-0.516769726062009 0.468849294613094 -0.193337885308845 0.0702496119903049
-0.727724398997903 0.062677560220348 -0.315203985421173 -0.0545300025544907
-0.586370811600066 -0.170444322133384 -0.323074700887833 -0.262050864636032
-0.500228834425817 -0.290404373311953 -0.327767767488494 0.100369698865535
-0.643261381562185 -0.129894629970821 -0.143664544060634 0.00589042750631002
-0.573575659445399 0.128255089395735 -0.193880401710424 -0.0228220568615699
-0.346679355090585 0.444143218607274 -0.0477895790735012 0.0385276486207833
-0.0720782120109873 0.569558613853808 -0.0226277825557579 -0.0148773371237962
0.181678652078165 0.527577601576698 -0.0151195574020632 -0.0727274595565124
0.319348185503245 0.396333365395084 -0.0586530370353998 -0.140738839875822
0.378010220363684 0.368739600991261 -0.0674446008918822 -0.130454250059658
0.372384163377717 0.360193288932661 -0.0705943118332086 -0.102089539938187
0.375550255197974 0.4872747656766 -0.060830082448522 -0.0598274688313911
0.207122467687717 0.659470937780241 -0.0340468132219966 -0.0227426622917013
-0.0716346595948115 0.704223099326489 -0.0167520663612761 0.0808421770584696
-0.528181428039491 0.566950547787093 -0.118575107442225 0.105597227538717
-0.808615038378346 0.151596715806593 -0.171233526896988 -0.033763484409309
-0.70152185881443 -0.129516424127475 -0.0955677947951794 -0.203800268061981
-0.550680316876496 -0.274960536385245 -0.0982778702288631 0.217829055442937
-0.706901209531433 -0.0836067237221051 0.0307868940316773 0.0356909214213402
-0.611410396744899 0.181304108699299 -0.133848042656815 -0.0114648614368478
-0.370134684346279 0.487720759224818 -0.0783936551810731 0.077448145813103
-0.0836933376569299 0.613403173309437 -0.0404234785756518 0.129811036194956
0.183490641544751 0.565201046654943 0.0516503545160079 0.105072424291997
0.326588791252873 0.425744874965861 0.0664234762264424 0.0210004088572752
0.379866166794516 0.391742827054785 0.0830073556667757 0.0188828824744945
0.368114436427661 0.382691149721628 0.0831556334596733 0.0312668098135464
0.360177975264163 0.495960973874322 0.0687908563424309 0.0602017036756688
0.185698679167999 0.641249543939441 0.0450576116948869 0.0860678601075747
-0.0766254502596133 0.652946238018631 0.0198157307113842 0.126468714666638
-0.462937036991406 0.531631359001446 -0.039334862310475 0.112312818052379
-0.747113027087507 0.183197048416623 -0.0213830323552478 -0.0383219656655686
-0.693309094525283 -0.0751906900510371 0.146014781103528 -0.152036906979517
-0.511138959387921 -0.201358028919193 0.151527204161274 0.327281043001344
-0.631928353077992 -0.00679687663570936 0.215297502763534 0.0737595257450068
-0.514551346473164 0.207883114576127 -0.0402124334313076 0.0180733630190918
-0.301970409853426 0.429344150472387 -0.0821643413306717 0.120566249602344
-0.0650922626804758 0.534486383292378 -0.0355778292062085 0.262611838293438
0.158010252329649 0.494894842780313 0.121935553328667 0.268335682673619
0.284351871707388 0.38229485084649 0.18720893605 0.180965494590515
0.32391697955798 0.354317564162558 0.21929838785051 0.164699205262607
0.306282685041174 0.350165018725283 0.214977749979257 0.158971076696195
0.274607299913669 0.435163944844401 0.171679548406985 0.166599345323702
0.108018633657546 0.525107042217803 0.101022222941419 0.177781782482378
-0.103813843785688 0.483575993580421 0.0335461074458164 0.154463846898229
-0.345733051330242 0.378121026312034 0.0177700667330538 0.102739288979256
-0.57214702895959 0.153692800017455 0.0997347816826019 -0.0491697840799795
-0.577327952747564 -0.0230553631586961 0.355399014071521 -0.106922490396375
-0.377685541645201 -0.0899617265255896 0.376328890083825 0.397854507095754
-0.419723496426182 0.0636499641665354 0.369493730329132 0.0999381338479675
-0.29436867407729 0.175757843067116 0.0705195179523864 0.0437262980149614
-0.172709879087858 0.265266957075458 -0.0538055576887464 0.141381042849143
-0.0408246084782137 0.344090782706074 -0.00800116527549301 0.341688018125501
0.103369842532452 0.333669971626025 0.186410126284081 0.376896207723823
0.194340614322611 0.272974914643631 0.287539384156219 0.307664676982686
0.220450764451815 0.265202565968688 0.321870645112582 0.284540866155263
0.202135381420824 0.269011907878629 0.304732384716484 0.265336934934991
0.157466512171133 0.31619485374317 0.225948907669266 0.254529012945547
0.0132592177021445 0.339451940493709 0.114888418126112 0.244080920094193
-0.117280218002277 0.255630665924057 0.0182330657502107 0.162290066515577
-0.186566493544924 0.183485491861913 0.0456568010072013 0.0850471564920231
-0.333752119280777 0.110718764142992 0.178036343773581 -0.0501957908724283
-0.391535576992927 0.0322278677881672 0.50472641647139 -0.0636347589007498
-0.169232199200768 0.0269290575835601 0.532637728325909 0.413729114379963
-0.127681511805269 0.0909349483687262 0.470415046696495 0.099547579336385
-0.0348089420745627 0.0755952803084766 0.178651745965932 0.0397757200876408
-0.0481716047353159 0.0432617022981312 -0.0116090885083583 0.120577634093111
-0.034394007238852 0.10318351092762 0.0272676048213689 0.349011042688405
0.0176134886839409 0.126186359140207 0.226692326226173 0.415125865117767
0.066692624170386 0.127154793325414 0.347122334074815 0.377050436717763
0.0848381241369874 0.136294400074783 0.376367660625502 0.363502027637746
0.0786703816309798 0.144938102210802 0.338059344628968 0.342056443598623
0.0390167618059908 0.150585826723089 0.232436966277721 0.314908013323643
-0.0488766012579177 0.124657732113777 0.0948961562453538 0.279917201430944
-0.0793354872746279 0.0356519730831105 -0.0113463515947593 0.146807353588062
-0.00370980132368102 0.0306107585601372 0.0586219367778165 0.0618079853927062
-0.0825043255821354 0.095806529599028 0.222548022747276 -0.0360845903501706
-0.176655988921697 0.0965186852648896 0.585298728361724 -0.0225857785098749
0.00391446856462354 -0.118332921184936 -0.556987040157293 -0.282287021268751
-0.074254942733245 -0.144791674861996 -0.326702497945924 -0.0385607281775363
-0.138433971719817 -0.0310502207438188 -0.103332295448355 -0.0326398024006669
-0.0662641336907391 0.0952016961768126 0.0817047346830427 -0.0316475947208836
-2.33646243896083E-05 0.0885365874919778 0.104835273303938 -0.249074025914074
0.0388221664570514 0.0656483313953377 -0.0194448901038877 -0.387054929642648
0.0491202732194621 0.0339489445182105 -0.141756665481793 -0.458469512531184
0.049854151868385 0.0362389089913928 -0.197055471621094 -0.492793784827303
0.0542478145260704 0.0438088351473349 -0.188585915065938 -0.490556715769143
0.0569296181439822 0.104996580596533 -0.107418274996159 -0.437217991433561
0.00523964378139635 0.164912969160897 0.00418667837800032 -0.32938644639559
-0.106800142251954 0.169962564272408 -0.00824513444923131 -0.132650303938263
-0.24385406655198 0.0075253262851366 -0.180560428491012 -0.149610607614035
-0.150875292355036 -0.168487149779302 -0.337540269546356 -0.30885222843321
-0.0309493626316235 -0.159801977079425 -0.354185858520257 -0.563488128881225
-0.124787249148865 -0.269837575987482 -0.538952143149283 -0.24764415169386
-0.228601557110777 -0.240887439154111 -0.308558220303626 -0.0776094915620756
-0.287334506099184 -0.0691613857826803 -0.157027776592815 -0.0486438788760289
-0.212550745361098 0.15502671415447 0.0525830451490122 0.00684225788209548
-0.0985103420471065 0.238852920765471 0.107933831625161 -0.189503130427012
0.0201444298900799 0.251706204814182 0.019189262660317 -0.33094362913488
0.0933831872267489 0.21324774111444 -0.0956585665091871 -0.4181978484635
0.122041169021282 0.227365353781587 -0.152978782620186 -0.437577383295558
0.117716839869638 0.233326792589214 -0.16535271229387 -0.417629336513675
0.0918128347564825 0.321762353588858 -0.115409774670508 -0.357572923242003
-0.0426950985624657 0.394167208702059 -0.0283792448876105 -0.260394631221491
-0.240444858873468 0.362025941242131 -0.0491357196932689 -0.0701299581857466
-0.490211713530329 0.116674717508636 -0.220976854224776 -0.0932422185509213
-0.456145160086347 -0.218466134443761 -0.336169449159179 -0.27047500291018
-0.274250014197434 -0.301166397104801 -0.299144130004491 -0.500566918207115
-0.238854297623414 -0.402237637866464 -0.471342618934067 -0.146305004473846
-0.378393711886078 -0.329721623138914 -0.246213997177337 -0.0775560287656391
-0.43500775268866 -0.112868924047012 -0.182112200246684 -0.065074483631732
-0.36512310559684 0.198618883671612 0.00780027374659202 0.0262326015892685
-0.208227313911983 0.371379110997623 0.073462044335405 -0.111646408732798
-0.014855985694735 0.419999827702644 0.0384580925106704 -0.220852640706674
0.116790593378513 0.371172919333555 -0.0433187359942028 -0.310791490524172
0.173969839144528 0.383952111002444 -0.0865161877487624 -0.31665377875591
0.169335278741405 0.381436951248938 -0.106909542035405 -0.281976066951502
0.131839121149041 0.486489616011811 -0.0902298181811294 -0.225821752916209
-0.0566921818177745 0.578427126315929 -0.0385421187903229 -0.153766229649689
-0.310884199249835 0.525493870063685 -0.0624700235655265 0.00361346103203005
-0.647524253045812 0.245645177985985 -0.212508842521692 -0.0191106498924931
-0.686668391226732 -0.198028206839003 -0.273070397577179 -0.19994996038471
-0.477625110707867 -0.370874645862449 -0.167806623018198 -0.387945656638466
-0.330178671250954 -0.488077576270663 -0.35341100850679 0.0212350632196969
-0.511016780948741 -0.383645082049504 -0.138037720050274 -0.0207059067522894
-0.566973408960563 -0.124915067050685 -0.166149740814043 -0.058244751865344
-0.487385483373637 0.243775489986786 -0.0390098609302734 0.0416634472998854
-0.294090735698344 0.474015206530933 0.0111893737497463 -0.00818616939690152
-0.0466984342400225 0.538119939264965 0.0382669082715457 -0.0621449957445199
0.125798978888953 0.477576604415131 0.00800397286564421 -0.14652134958171
0.19728297534922 0.478646952625748 -0.0097078206248237 -0.145712098029637
0.193166502528699 0.467946624872061 -0.0261790571579881 -0.113062102818985
0.155124695507824 0.577644627324866 -0.0330496654084707 -0.0678297059668247
-0.0571665689692412 0.672405478892719 -0.0218179930885185 -0.0253733977818179
-0.32843082883436 0.605334244789632 -0.0542166702848206 0.0740777132993981
-0.690525029338898 0.331338394798046 -0.160616166853435 0.0425624681052668
-0.789421015845743 -0.146136065930146 -0.157245355661554 -0.130789569798309
-0.594231637997412 -0.374181296322237 0.0115432407574331 -0.251176444117354
-0.383289215755535 -0.495784277050007 -0.191240400553412 0.222609123933108
-0.588921977505491 -0.36706469487477 0.00788991400027573 0.0789003251662378
-0.623442890649216 -0.0927837839203371 -0.111996995965374 -0.0201019825332359
-0.526681516212363 0.271677718822745 -0.0800666964652201 0.0676264083128944
-0.321306457695302 0.50765063215864 -0.0594673754131541 0.116388961146914
-0.061756487455759 0.571905618399449 0.0290215867981799 0.123846962595224
0.119930710688543 0.506493854153479 0.0566208192244628 0.0488205304136366
0.190180166819592 0.500726783219553 0.0664102072148794 0.0466977043093314
0.184469797772556 0.487180766153546 0.0583647190516774 0.0667283660647725
0.140689223207575 0.578877410212348 0.0350064714455607 0.0902616999640559
-0.0667322048742509 0.649213214790921 0.00590628324052323 0.102150022040119
-0.314167916068146 0.558282096688824 -0.0392775976167188 0.129284731725176
-0.619992099587654 0.320348224247279 -0.0901386740929264 0.0803396721512079
-0.743930409146058 -0.0984100556907207 -0.0202323549556732 -0.0741241850534514
-0.603851549994223 -0.320891639835486 0.203541488088202 -0.110937231670766
-0.378843986224976 -0.411356770002726 -0.00501828902924902 0.4144822956978
-0.554371523610619 -0.26869912190876 0.161026290603246 0.183068697744332
-0.546490959047682 -0.0289313347856493 -0.0355607326925793 0.0376272541773859
-0.441676581639103 0.248242819043936 -0.101697388917008 0.100780377844751
-0.273029326634577 0.44334379389541 -0.110318113464727 0.235638613656692
-0.0552730918759036 0.499873337843572 0.0245604520620712 0.296162356106617
0.101058764713438 0.451883972841497 0.100188967830457 0.239516784390814
0.156224793688366 0.446372205798745 0.131701788768068 0.232042900741631
0.142214464054926 0.433988355940824 0.127023736414251 0.231230500193332
0.0894033327207215 0.49296006890619 0.0859939919712145 0.224309949203651
-0.0938619796084025 0.51434149183178 0.0202042966410935 0.203299473368333
-0.274434978597146 0.396354368345797 -0.0365222411880725 0.157084690678562
-0.453987244616056 0.220953137651816 -0.0298174688503416 0.0952275717787947
-0.572408292520231 -0.0630219335032709 0.095438734937966 -0.030872119567063
-0.512260476022742 -0.228028237441313 0.367928682920303 0.0168048419344072
-0.306185681339269 -0.249422410551512 0.17686981744345 0.55070110905532
-0.397292726552529 -0.118604821709919 0.292822342138635 0.257626185604934
-0.333663089505016 0.0349486401143856 0.0550577554618737 0.0909090958519813
-0.261705171481373 0.159430092014236 -0.091480409732001 0.121256963571069
-0.175308591769023 0.2853296558923 -0.125420013174979 0.313038006396009
-0.0420187538825753 0.336192638951951 0.0314085611511107 0.417824944091165
0.0643615507847097 0.319832787641372 0.137371518379051 0.393299447084786
0.0968868305220839 0.32527614671824 0.17711929978521 0.38203469754353
0.08207895337055 0.320051686917908 0.165069109111457 0.359903603905802
0.0271709865277708 0.340957636392416 0.10132814907519 0.320213756775585
-0.110342751543268 0.311687856007621 0.00679213934671356 0.265224252788959
-0.201521190468114 0.18616848630306 -0.0510953590120997 0.155081357447171
-0.23639922077141 0.0990213200405934 0.00755317168893598 0.092468944973852
-0.339235797611962 -0.0184590407261121 0.170713706273778 0.00825467260160644
-0.358956927248675 -0.111669516506618 0.478894650108495 0.12263400342773
-0.1661255390557 -0.0498291769535777 0.316744804606369 0.604608005841613
-0.15135153804842 0.0274202987981934 0.385222445554748 0.283349789789739
-0.0605252249681598 0.0514652987076577 0.151514770504547 0.111606015597666
-0.0607783914879239 0.0167091370833067 -0.0557012348777322 0.109518082440018
-0.0716869093254195 0.073832209372187 -0.109422961552989 0.329625067308229
-0.0352059252382803 0.119598454744307 0.0423047129417301 0.461990905842311
0.00884249249467255 0.14066762635856 0.162001326242515 0.479048029378823
0.0250343063544627 0.156925027089858 0.195641186713371 0.473184864960014
0.0195397122368357 0.161227425575252 0.166417905753725 0.439995205097978
-0.0177410658155615 0.147690644615101 0.0832842555742291 0.37567922939318
-0.0872170506144211 0.09527061887781 -0.0247626492301753 0.285959830085734
-0.0854624734297461 0.00275384217594232 -0.0685242634789995 0.127445435273831
-0.0119750594875546 0.0241199946842229 0.0314845555813337 0.0790251350326299
-0.106212288218773 0.0568033582246287 0.208324907743832 0.0495696127040153
-0.186631164854835 0.026316104427526 0.52936119280635 0.196991789456295
0.00219156142628692 -0.118304845723617 -0.556076064741238 -0.266404849457486
-0.0792323799898202 -0.1428740758851 -0.320327264371672 -0.0307297195831496
-0.140983622123619 -0.0276601991277603 -0.106618386985945 -0.0289519088497721
-0.0622752470985089 0.0962680741911918 0.0794603737919658 -0.0339004146921211
0.00231535328133678 0.0880232992278413 0.0945872842247991 -0.249236969486642
0.040238996497925 0.0625115937138073 -0.0318227957112434 -0.382762877621071
0.0486413034554703 0.0307122364702787 -0.152013498785325 -0.451403382379374
0.0486726233494652 0.0344988229293775 -0.210198422117454 -0.485222869029952
0.0528086013737964 0.0421377492904137 -0.201969143675429 -0.481874738480184
0.0588448901616621 0.101586104138496 -0.118127317239074 -0.43092402695202
0.0116411992242057 0.163817363838037 -0.00508742799029799 -0.325583188357758
-0.100264981819689 0.17107308389866 -0.00978062112910193 -0.130956933070377
-0.243081213311956 0.0148082943277585 -0.185805258820776 -0.144786199688273
-0.154831983274273 -0.165519245223203 -0.344539916918609 -0.296303959158609
-0.0330486066084378 -0.161328608898279 -0.361304337405034 -0.550899383931019
-0.13027397954792 -0.266561647239466 -0.536707983394063 -0.23171191303044
-0.233414014846329 -0.233784508162579 -0.302893031164749 -0.0718175667032326
-0.291280223265673 -0.0634327785939689 -0.160940278653094 -0.0426869069136298
-0.206767776592296 0.159351907302857 0.050919331748571 0.00366562957788994
-0.0907786166117385 0.240613104347531 0.09834380796584 -0.189401994985488
0.0278189254371885 0.248102457043832 0.00944922040572745 -0.327960281520359
0.0971722061301379 0.20834903920919 -0.108025853290553 -0.410142756710617
0.125851645963309 0.222638952329753 -0.164693679389188 -0.433954005046571
0.120077355592448 0.230541409266168 -0.17455154349567 -0.411127784240449
0.0993402324602248 0.317496975302324 -0.122489451259424 -0.351198025483636
-0.0288945938063513 0.394520915501952 -0.0351864327687761 -0.256127724063669
-0.227681087283608 0.365446674868987 -0.0477006851929649 -0.0671357706256228
-0.485964824070908 0.13006842208367 -0.22359907900877 -0.0877943323991889
-0.460221362287577 -0.206126966565432 -0.340123794998119 -0.258192772614981
-0.277076266164745 -0.296913581577522 -0.302900053657941 -0.489749102335629
-0.247657067666123 -0.395180129722763 -0.468198893816847 -0.133368903492069
-0.383189668955689 -0.318425278715892 -0.241889911148751 -0.0746213641850406
-0.438987915817904 -0.10306731177428 -0.18568957297198 -0.0574164117278443
-0.357846090876745 0.205162855087147 0.00765095516872618 0.022378872034553
-0.196161539592481 0.375680631826592 0.0672973021880867 -0.109403921466431
-0.00233127819631759 0.416500096261065 0.0323258182254271 -0.219586181196545
0.125957749220527 0.367626672310511 -0.0529069825994111 -0.305699575744664
0.182257147838167 0.377198510200082 -0.095388858024102 -0.314479617326039
0.174333184329386 0.377760070525288 -0.111872815138775 -0.279591975674039
0.14363530670176 0.480772723604855 -0.092379621826671 -0.220858599673341
-0.0383617454802568 0.576606711535909 -0.0419262051601112 -0.149550270880746
-0.294800091058164 0.530526943003994 -0.0584815053242372 0.0076310950913868
-0.63909271968776 0.260830133092819 -0.211278638860552 -0.0143844022502408
-0.688178467994884 -0.177823759197761 -0.274543843735676 -0.191389043493227
-0.480403043114107 -0.363493709718926 -0.17535865267036 -0.379776324846853
-0.34158455916871 -0.479301248647954 -0.347353493123931 0.0284043496005135
-0.517926561864908 -0.365457352261651 -0.133384772169634 -0.0210430644960575
-0.569839324409495 -0.113110719674713 -0.16902758077725 -0.0499704427570828
-0.479737527752239 0.252096393297551 -0.0382733045401243 0.038596484464788
-0.279064769412939 0.479860927558726 0.0081199872873748 -0.00396840252043042
-0.0294550966691705 0.536082491725545 0.037690747128476 -0.0618228446565805
0.137527945663899 0.473743901715069 0.00129403230799226 -0.144929784298918
0.20772313267818 0.471489871692667 -0.0139580819430554 -0.146466468544356
0.202398204507127 0.46351904469231 -0.0274602757569044 -0.113237021307469
0.168607865189631 0.570989777037814 -0.0310332484219649 -0.0657538646246504
-0.0351079112920027 0.67244698640429 -0.02175040711732 -0.0219495725871989
-0.312268429741439 0.610786930386028 -0.0482052984448984 0.0782038385449501
-0.679528246613942 0.347826457890636 -0.155753324572081 0.0458701385662484
-0.790499973830929 -0.124334868507002 -0.156108564253958 -0.125346211320196
-0.595495201963567 -0.362805315293712 0.00464391915612499 -0.249088508173154
-0.394982630043593 -0.485187768300719 -0.182849858262271 0.224726141285741
-0.593409156989391 -0.347237245316957 0.0124178245063083 0.0740839511882616
-0.625925409792178 -0.0803565085506569 -0.113571039642441 -0.013843254963684
-0.518283143470833 0.282281724443751 -0.0780882321773126 0.0652700578296516
-0.305891975185696 0.514580146400305 -0.0578452531176728 0.121870533257083
-0.0439275694149058 0.572213240817325 0.034354546888649 0.122296886588796
0.131865872709412 0.504625585317452 0.0534016524112283 0.0474589888857289
0.202104861581639 0.493053227106441 0.0667782167029605 0.0440066806426012
0.192632882177113 0.481042589569262 0.0618393599280975 0.0633435170179791
0.15561415601411 0.572758674099529 0.04156558952661 0.0885011590317292
-0.0462203222948708 0.648657174109262 0.0091998696599113 0.103586990923976
-0.298757785716199 0.563781327637014 -0.0318420932066598 0.132581229901342
-0.606834833823757 0.33469975817308 -0.0831676073799888 0.0818950627357374
-0.742450579909205 -0.0778995882327088 -0.0190494857179169 -0.0734274604230978
-0.601521051592396 -0.309199670118387 0.195747450646122 -0.114310590118085
-0.389512911838548 -0.402430156885855 0.00473658371253251 0.41225325025358
-0.558111736208195 -0.250351508712111 0.165750927776953 0.174168435246234
-0.545736833143437 -0.0177744694431377 -0.0344239316008586 0.0419306867834955
-0.433994563696282 0.255994525497835 -0.0987859846471699 0.0992140504307523
-0.259375314270771 0.4478862276982 -0.10439828904964 0.241479143134017
-0.0396533577661611 0.500616293387179 0.0347540045098682 0.293687877120494
0.112332976882128 0.450004016259727 0.101957261263996 0.236702633495694
0.166228432957875 0.440121831326602 0.136918503903691 0.22750567844015
0.152030129578284 0.429759005894999 0.133947748198824 0.225431153144356
0.102481466826628 0.489851782267707 0.0950869509268318 0.219565160188434
-0.077688634113373 0.515116906418208 0.0261583971510458 0.203827227052372
-0.264270936915458 0.401296166265327 -0.0286916733324597 0.16091018511901
-0.443788549006727 0.229300230208069 -0.0230120660553881 0.0948934885258537
-0.571217785582082 -0.0447665842301533 0.0958396796702835 -0.0335682353780018
-0.509790423381513 -0.218971058088795 0.360850326642196 0.00901028222086473
-0.312126513711136 -0.240955799281071 0.187066943396226 0.544018242015747
-0.397553531245918 -0.104872467551782 0.295953095917843 0.246517590548451
-0.332951771486234 0.0399001156008374 0.0576346704024238 0.0914286758512651
-0.257824943344682 0.163342329525612 -0.0876809702191147 0.120790958775019
-0.16540928297504 0.288240528566637 -0.116313882242944 0.317406132337853
-0.0308466037632136 0.336857746145783 0.0428045803020507 0.413200049359586
0.0723682883383166 0.319274086124798 0.142319364285508 0.38641152912275
0.105420774225728 0.322176918068964 0.186770363410738 0.375564205960146
0.0902123190759593 0.318183815713277 0.175002422566593 0.353293786284438
0.0376088464034624 0.338196255969994 0.111235728371272 0.314110222269708
-0.100192829650708 0.314308280917175 0.0148314578053337 0.264613194169882
-0.196478532794807 0.189564873841448 -0.0442459413432876 0.158485485628876
-0.230862598100494 0.102696451364742 0.0143687951415146 0.0908255042881471
-0.337244112559518 -0.00616518226186147 0.170193637006982 0.00336346817606667
-0.356417543582355 -0.102370396971002 0.472861877226472 0.109366162540909
-0.167688629056229 -0.0458627800822095 0.32795441324636 0.596754355354
-0.149186388578594 0.0328104644324336 0.385857756744188 0.272048752580077
-0.0581541325072879 0.0514462553286244 0.154867807781567 0.107772337668594
-0.0617104292095494 0.0170303916899978 -0.0516717594980231 0.109560251751355
-0.0692623618499573 0.0759345261330629 -0.0978489690355614 0.331814096276621
-0.0311622537761074 0.121183781639416 0.0564097807453263 0.456459985148439
0.0128439197744786 0.141509101420533 0.170259783109019 0.47180013232869
0.0302203803293261 0.156210847079971 0.207793499268264 0.467456990558961
0.0245966929512416 0.159989699309879 0.178699482462743 0.433757979429866
-0.0130018912756726 0.14756461803168 0.0938875262289798 0.369070030339493
-0.0852023024060661 0.0977031297321835 -0.0154386231852386 0.284422049885669
-0.0861403596100881 0.00509304893214477 -0.0639988612245823 0.130087466202657
-0.0101736772688399 0.0228509414468033 0.0382995998613202 0.077919628532195
-0.103020492118347 0.0623057613211596 0.206935643520799 0.0427737303426287
-0.18341240847872 0.0323463754123365 0.523874399054305 0.18220826618597
-0.000811173427320535 -0.119940279902483 -0.563873136345811 -0.246634421289912
-0.0856490061454826 -0.141144565569192 -0.317153703207458 -0.0206507857666343
-0.145331964693188 -0.021927738317302 -0.111332061036002 -0.0235718442000418
-0.058455773509656 0.0991964094223206 0.077597933050326 -0.0377809791097026
0.00609962281011439 0.0886886548474558 0.0821963789480762 -0.252668146726869
0.0425502758624639 0.0587882737231216 -0.0486094797674851 -0.380724131268678
0.048883838081681 0.0268784935769789 -0.167653302997939 -0.445638432250041
0.0487690291164233 0.0327162667121312 -0.22936978376619 -0.481922801148531
0.0525286856320745 0.0408143533153536 -0.221703867376059 -0.476855480858305
0.0628012256548883 0.0996027981044912 -0.133627975653394 -0.426411571811531
0.0207402605040644 0.162855865374271 -0.0170240610612826 -0.326147121630256
-0.0923463991228612 0.176157257589763 -0.0136760314817237 -0.131309308958951
-0.244607060022187 0.0252364155372609 -0.195595037006239 -0.138912686630136
-0.162748989654978 -0.162315210652546 -0.355097809209375 -0.283158218219987
-0.03870450110569 -0.163605804891653 -0.377153241771535 -0.541454634911331
-0.139825779099525 -0.264106921991098 -0.543385696394176 -0.214371914692148
-0.243966019779872 -0.225348770612096 -0.302424855887876 -0.0629254604836554
-0.298380818738878 -0.052805040289332 -0.166058250264924 -0.0340908557322815
-0.201898295752418 0.16678850021006 0.0502385220443856 9.25065676596058E-05
-0.0803200171289359 0.245647763514972 0.08940488428818 -0.191099428758791
0.0379690543338958 0.246737532943712 -0.00412008186282605 -0.327287914719556
0.104324566736931 0.205234825858011 -0.123844891887448 -0.407655754523906
0.133358966080504 0.219548253288707 -0.182435062571843 -0.431485963480526
0.127124389709899 0.228453382682516 -0.190457180605758 -0.406585493856461
0.111645431230224 0.315225136426908 -0.133617647217633 -0.346283912068345
-0.0116043361427939 0.397238956573915 -0.0448510446513176 -0.254316540013984
-0.214315074792233 0.376335554111955 -0.04778172666514 -0.0646219882992292
-0.485037995846796 0.151321496269738 -0.22934707880459 -0.080598457856091
-0.471244362101522 -0.19087729310998 -0.348821132499554 -0.244529140688129
-0.287534192201744 -0.293809225578959 -0.317936807824032 -0.480814268550906
-0.263166582355555 -0.389506258969948 -0.470461271253016 -0.118693813713723
-0.396509966392584 -0.304172133351529 -0.240770008169657 -0.0691015915523287
-0.448188010787485 -0.0889877366380338 -0.191402712068371 -0.0480556228123996
-0.352846978692952 0.21810267810694 0.00726495320271326 0.0199834590288428
-0.181568266577591 0.385490134931198 0.0615696260010048 -0.108223533428067
0.0171207055476482 0.418468260391105 0.0246307991107422 -0.220162208249269
0.140117461989237 0.363436345142375 -0.0669466015765603 -0.304052570044169
0.19580565818478 0.372732725838572 -0.108551080672949 -0.315300616944628
0.187894105266405 0.375377849120219 -0.122707827548562 -0.278280541729582
0.163069726758463 0.479497327563502 -0.09807658352644 -0.218556713366008
-0.0133849192994923 0.582059138094341 -0.0474260069311991 -0.146124966494554
-0.276764816834608 0.544935877475013 -0.054819530419448 0.0118975393579977
-0.633635593058102 0.288050077337812 -0.21212333079018 -0.00755394712145821
-0.700271287581657 -0.152762448458917 -0.280787063769168 -0.180968260724821
-0.492647171660268 -0.35387030830364 -0.187033040957461 -0.37552752812257
-0.360678516657762 -0.470481126361932 -0.344099820158834 0.0398301505472385
-0.532189507055677 -0.34615329359218 -0.130701156603875 -0.020169286241756
-0.580955299574705 -0.093855500063756 -0.173019212602899 -0.0413051340836032
-0.473797085774594 0.270544513655704 -0.0383193156592043 0.0370922055586828
-0.261144843336028 0.494241948760785 0.00657080541948848 0.000428554422209448
-0.00658920207195277 0.540231817403931 0.0371074781202626 -0.0630171286473
0.1550628130942 0.472867272410019 -0.00629743444601116 -0.144377278205545
0.227328028454673 0.46630089703116 -0.0209727840215225 -0.148974494421127
0.220796770548384 0.461204995842972 -0.03081819251642 -0.11470867205842
0.193447650677144 0.568807499788977 -0.0298724509566962 -0.0653088255154055
-0.0061411092728919 0.678235727450097 -0.0217519611790599 -0.0185462862853743
-0.290049806074973 0.627089486326143 -0.0405705386759915 0.0826889786906776
-0.669883154783547 0.375523424565728 -0.152576504011522 0.050266953948978
-0.799561137553346 -0.0934428937429949 -0.158572984759506 -0.120669990072007
-0.607366185537032 -0.349225628116242 -0.00535056513043966 -0.250240186090857
-0.415224557085779 -0.474542399734246 -0.173272900595787 0.231459381725949
-0.607577308800581 -0.323648023760824 0.0182281236383695 0.0700366004158061
-0.635023035480959 -0.0575529948172185 -0.114589863632764 -0.00627170246769026
-0.511376051443611 0.302021890939619 -0.0771158290064142 0.0648596953714878
-0.286246708878664 0.529360636825148 -0.0537664343416296 0.128987903266316
-0.0191083784907145 0.576988422268938 0.0417395892957162 0.121435649004144
0.153447770951545 0.503326672061671 0.0526825328662298 0.0465632692515029
0.222735591796281 0.489232138245783 0.0679821429656386 0.040356334759822
0.21156329065648 0.479319783514813 0.0658370780969837 0.0589914878503233
0.178503143055534 0.571295816815116 0.0487886369749384 0.0863734426670125
-0.0195333243036463 0.655344725537985 0.0151197996540176 0.106348856056095
-0.27968126867036 0.578498700695547 -0.0225577325741398 0.137175573325698
-0.59740259414314 0.359664391326736 -0.0769742329271355 0.0839126660492614
-0.747538216408805 -0.0459640253061021 -0.0196175753333059 -0.0736018273832044
-0.612726426347136 -0.293543738772376 0.190436783161319 -0.12021318097183
-0.406170192292846 -0.389217243107057 0.0205205117937589 0.413572255624287
-0.568169972128944 -0.228332751229979 0.173864357387096 0.166583652816293
-0.551749058248764 0.00144270280586894 -0.0318502922214476 0.0451623932863749
-0.428969334205954 0.274689682669667 -0.0962411962543437 0.099978854337618
-0.241950035071458 0.462030108420822 -0.0948119034171923 0.250614581758248
-0.0180638589996858 0.505465502979638 0.0483892023777234 0.293449267825467
0.131013623818488 0.449683610459353 0.108029403395731 0.23510326380418
0.185178458216024 0.43818603443458 0.146108387027989 0.223679299539105
0.167402022128724 0.429026698190321 0.145602799505126 0.219350257335785
0.123937894430587 0.48719391926131 0.106661942428699 0.215194640196316
-0.0559524710756484 0.521892544504734 0.0362999932568423 0.205488077909655
-0.25179887950752 0.413773695298275 -0.0186182977601566 0.164962539618715
-0.43592394690635 0.247256804115947 -0.0145237638978283 0.0947241851434642
-0.573855356844648 -0.0212275915762154 0.0961314639116539 -0.0378229224577823
-0.517104961466065 -0.205107822263541 0.359116773168886 -0.00279446373266432
-0.323862654322578 -0.230159156632229 0.204760765189319 0.541481793892875
-0.401514147542769 -0.0880503140430729 0.304655291630756 0.235464980656424
-0.333722293874431 0.0524795934838211 0.0636542106716469 0.0910304895860651
-0.254221319022443 0.17384809387203 -0.08385714505662 0.123048319760322
-0.15585871451335 0.29666686976155 -0.103588973752718 0.327014996893927
-0.0156031871741131 0.340713456617952 0.0617029129958875 0.410702865340613
0.0866512169624872 0.320299947833026 0.154805022982834 0.384842471875212
0.119011436226796 0.320875951082887 0.20247169785052 0.370973136261495
0.102953451396525 0.317768781207219 0.190026557305563 0.346688177595805
0.0518054172823769 0.338208598865753 0.125957409039778 0.310177461100438
-0.0874432880795852 0.320549991046943 0.0275528463253531 0.265997709974231
-0.192098891157331 0.198296342322774 -0.0362634500432566 0.163424001799551
-0.225884821085246 0.11070026211718 0.0226820577048059 0.0891595465358401
-0.336442545795524 0.00852317649858506 0.169738724902925 -0.00336676691022107
-0.359399626935299 -0.0898984611237754 0.472441107893062 0.0940495280995122
-0.171376010331419 -0.03897511793266 0.347110652275229 0.589006516624706
-0.147062803813487 0.0401636714012905 0.39446432766604 0.260604957209561
-0.0559096374130368 0.0521828914716959 0.161758260602479 0.102625654999834
-0.0629256513687075 0.0190645781542002 -0.0478421610668323 0.110900827002452
-0.0667126355477673 0.0795376347931453 -0.0849937707905912 0.33833171484568
-0.0254215117932279 0.124561124818733 0.0744191602946078 0.457409290189465
0.019800246863817 0.144010626158994 0.187044413501166 0.467980616058347
0.0370579245936274 0.155470668394255 0.228662218595487 0.465601476263774
0.0323903804002418 0.159096826137427 0.196722538551797 0.428389230082441
-0.00654561141137189 0.148085483535656 0.10973543468764 0.36476601180072
-0.0821648079218202 0.102269069120204 -0.00256904270527684 0.285848863825679
-0.0877557220898587 0.00863670997094623 -0.0578992486417965 0.135295228372288
-0.00815023746579177 0.0214697167460468 0.0460612153972555 0.0755123420314225
-0.0991847662718587 0.0689619054686523 0.206797494329217 0.034556245387178
-0.181134671898217 0.0414352489596119 0.526639513095223 0.164055075771498
-0.00659151498679689 -0.120695390844473 -0.568921240151161 -0.216574022925932
-0.0952137102088014 -0.13555902787746 -0.311600465748221 -0.00582047124372528
-0.148369153185919 -0.0129529537499371 -0.113355982211343 -0.0155502266451964
-0.0514580815438046 0.10163122597449 0.0739156455024735 -0.0426491242109515
0.012457989279626 0.0878703779603021 0.0643776167387849 -0.254452870594974
0.0454573840209693 0.0543385963518032 -0.072218525164207 -0.37328225432203
0.0482904455711531 0.0225002156736902 -0.192975871973685 -0.433379963104172
0.0490531738502633 0.0305790906622286 -0.257341202277666 -0.466946520780278
0.0527595723675464 0.0385671103768654 -0.247084195584699 -0.460875732025131
0.0682252872218073 0.0952953204852109 -0.156616729098697 -0.413752295708953
0.032056615403939 0.160637595717136 -0.035864255908111 -0.322099869796529
-0.0798886442615404 0.180489494414973 -0.0199226763316693 -0.129761669121746
-0.242657815789991 0.0411363283649996 -0.205048175244117 -0.126929373696279
-0.172704319511639 -0.153509506205426 -0.367338463053092 -0.259658096174778
-0.0472218274735539 -0.163253455831242 -0.401237970940279 -0.518827561977105
-0.152969522946158 -0.256122432131404 -0.546017011638282 -0.184599992113721
-0.25613140804063 -0.210050459846935 -0.29922523661246 -0.0498377988245519
-0.302545595134557 -0.0349253239869163 -0.16894163872266 -0.0223126926024311
-0.190761877279784 0.17704575677637 0.0487428596909992 -0.00378491495744664
-0.0640039603672476 0.248869093295366 0.0758673873219582 -0.192451338376747
0.0534041607448711 0.241377429577476 -0.0234017764068428 -0.322216866827803
0.114881372956433 0.197865490287282 -0.146535274328057 -0.397405025330336
0.144739918601658 0.210747262934303 -0.208180143779346 -0.420359751722206
0.137521746924585 0.222020700690011 -0.213279981114105 -0.394837809187667
0.128905315237245 0.306857931190365 -0.150489327097501 -0.336442444048491
0.0143658050226934 0.394962402320117 -0.059010713922413 -0.248055055637445
-0.19071061234383 0.387036332982989 -0.0485885531400762 -0.0613848780324531
-0.474869998293226 0.178349009351658 -0.23401955376745 -0.0668300625585435
-0.480803980725593 -0.163890818174837 -0.356527002893883 -0.22188045792454
-0.301517458081066 -0.28024992842597 -0.341044374220887 -0.460958265690899
-0.282917431443232 -0.374960618673506 -0.470065661328549 -0.0937114088340641
-0.410071048219393 -0.279143551172604 -0.238496487509837 -0.059937318357988
-0.453990928819315 -0.0621736524097163 -0.195051278316311 -0.0338534403464683
-0.338815328967252 0.236935829755247 0.0065504112720476 0.0173720469854212
-0.155967831501383 0.394570432781902 0.0532240199049581 -0.107552293211933
0.0427652150374138 0.412365188720064 0.0122490655774748 -0.218696930481003
0.160203835649317 0.355326379218674 -0.0845169324417394 -0.298024597885294
0.216101846842064 0.360293828943114 -0.128189656747361 -0.308861313309139
0.20698649531878 0.366088077084282 -0.137695207825966 -0.27138447040883
0.188937424761945 0.467860837877398 -0.106136018292648 -0.210717294308645
0.0254975273333208 0.581203433123037 -0.0543054843637537 -0.140211174381816
-0.242976100365518 0.559140725739498 -0.0497523804190369 0.0151424645121209
-0.614501095550082 0.32389201926353 -0.211227614326623 0.00339729290820357
-0.705735280958071 -0.111841288672173 -0.286059241007446 -0.164182363604357
-0.50779545382732 -0.329158430672028 -0.205257005003171 -0.363924425702888
-0.38643917507581 -0.448145294789994 -0.336530071745623 0.0559784923167772
-0.547588938766964 -0.312043695913147 -0.127295683760306 -0.0180014566177632
-0.586297035158448 -0.0592565538107591 -0.175087890225362 -0.029002306857721
-0.457826618425783 0.296397357246491 -0.0376580676141291 0.0355038465433759
-0.22761091931258 0.507338286827612 0.0068411021315584 0.00443868774288136
0.0278140686940133 0.535684584271109 0.0354791882900002 -0.0643188496833537
0.182620131656889 0.461974574516233 -0.0166465506184042 -0.142563223509526
0.252155351518859 0.45205215937916 -0.0315668678872122 -0.148518635442112
0.243404807403562 0.450705885930693 -0.0361825184029449 -0.114304088800125
0.225867968584344 0.55453406228306 -0.0298704469474983 -0.0642399980935565
0.035830639321736 0.676662784110329 -0.0213999953139023 -0.0150744878672569
-0.254224271128269 0.640809845861939 -0.0315168204339656 0.0856032777064676
-0.645646478988747 0.412937250630518 -0.146701134616147 0.0568443675988992
-0.800743063135051 -0.04503927650919 -0.162496031051947 -0.111628188883657
-0.621752756557594 -0.318667817268071 -0.019410499135465 -0.248396889671135
-0.440863793007946 -0.448809321622505 -0.157399003860291 0.237338444512611
-0.620385313915546 -0.28639967372908 0.0243307295277082 0.0643797922907597
-0.637175362505399 -0.0219186806117758 -0.113563152628646 0.00224438911528318
-0.493065890710494 0.328933640319356 -0.0746950256286841 0.0651100467936267
-0.250930273997557 0.54492532373919 -0.0450022970897143 0.136601193977482
0.0177496583336604 0.574729136648063 0.0509119524753502 0.11780169531855
0.182749396646297 0.493302110069638 0.0528655454237748 0.0444469417491503
0.249866210516974 0.475216448529905 0.0689348603191298 0.0350319318432125
0.238430558572448 0.469223037236392 0.0696004665812885 0.052642153289085
0.212587326461826 0.557114589014149 0.0570782011041718 0.0818776930092762
0.022866626859774 0.654040965786948 0.0230527787785683 0.107349442936777
-0.244881175247315 0.59205940319571 -0.00923198336262175 0.140085079437269
-0.571638357520509 0.392789898603057 -0.0688366406784543 0.0853923806151684
-0.744792836458381 -0.00156121397850273 -0.0224418972546416 -0.0726100802535704
-0.621041551331136 -0.263092723249001 0.180331404736282 -0.12905523509434
-0.42785659806659 -0.36408605899862 0.0428606873019751 0.409414101183118
-0.576933106599012 -0.191481607804556 0.182822616488069 0.153831936126955
-0.549683439266891 0.031563489775622 -0.0283079323405224 0.0490080703156853
-0.413027278346109 0.297227707743637 -0.0918349227204242 0.102299320052385
-0.213214840037979 0.475246165775538 -0.0791204515693507 0.258852611694481
0.013065861675832 0.503858489648938 0.066844082733973 0.287531477125683
0.157390195221353 0.442642941660891 0.118133213975042 0.228929407638537
0.209572475576605 0.425208990001011 0.157968184145447 0.213529957383551
0.192899966906724 0.420629025703553 0.157886543462361 0.208156431410224
0.152941189961048 0.478481392158294 0.121063201305103 0.206053032723571
-0.0224245200547304 0.524109471668197 0.0503208258027153 0.203706376605049
-0.227593626150666 0.426663335630394 -0.00560754025331323 0.167631683260012
-0.418148098378963 0.269365806628939 -0.00558154609455573 0.0922052371694512
-0.569476597030727 0.0136188972769104 0.0937357414564614 -0.0434414150433071
-0.520892790482279 -0.178224614052336 0.352307526425129 -0.0205173529920778
-0.335993617938653 -0.210943072958316 0.232039356088775 0.528560131485628
-0.402867484473728 -0.062946517541616 0.31535132974407 0.217579511141769
-0.329559151596513 0.0701583112951638 0.0694483041772149 0.0877168107832788
-0.244206027766472 0.187403579922524 -0.0778422589852954 0.125584932279047
-0.137220499038064 0.304657180373093 -0.0818247604715803 0.332712830523547
0.0057350109541017 0.340004565080598 0.0856181888250264 0.40514884076777
0.10606309083358 0.315579476904734 0.173820067688894 0.375829179405045
0.138495299607771 0.312186546688689 0.224096768512415 0.358586498436795
0.122664685933085 0.31090826990107 0.210732756748707 0.333543304010489
0.0723058350015305 0.332845373602258 0.144982063599052 0.298744295378463
-0.0673325631522963 0.325119985939971 0.0455593692179621 0.263520638626838
-0.180611379625421 0.209853508999114 -0.0231627839120262 0.166319985949896
-0.217548752610213 0.121087980146307 0.0314254217140655 0.0849904714894852
-0.331860786762775 0.0298066304085077 0.167507326015196 -0.0137508903771528
-0.360070286551732 -0.0718632295960423 0.470736176508132 0.0690939577801928
-0.173007488950247 -0.0283333446606539 0.374947722292649 0.571585915134372
-0.142850426531277 0.0495027091145533 0.404462613769529 0.237629861418527
-0.051946593339626 0.0534133982545968 0.167452424192749 0.0929690098709973
-0.0629291141712852 0.0226583290238255 -0.0409313156128477 0.112056053267711
-0.0625191271419244 0.0832545954519077 -0.0637805532045849 0.342704846407094
-0.0174237693651711 0.126275706578263 0.0999258659327509 0.449945090880052
0.0287781671953273 0.144210280487147 0.210326709944001 0.456051073084036
0.0469828623448949 0.153112418932335 0.255450377051597 0.450284235734431
0.0422653770411268 0.156227411387315 0.221253473445381 0.415469135374152
0.00233608568368688 0.146390000196868 0.130584035997186 0.354445472179871
-0.0765957927227941 0.107026821889749 0.0168667903823356 0.283251067504706
-0.0883616702576561 0.0147235170224805 -0.0479964920555717 0.13878934890035
-0.00529471014546956 0.020209145907881 0.0538777918930332 0.0710459038731971
-0.0928742102788974 0.0766168360615465 0.205431011095274 0.022216404713748
-0.175703447024504 0.0528773434517626 0.526661821620573 0.13511275760854
-0.012322182495988 -0.117721828615512 -0.559707333176867 -0.180065359372964
-0.100845519325992 -0.126349490531288 -0.298137136046339 0.00835335584246626
-0.145981349933995 -0.00193825854474208 -0.112160697521312 -0.00702633007297186
-0.0436499541201144 0.100212196920812 0.0683548467411821 -0.0463926494087045
0.0182675571957451 0.0842093053837261 0.0451169774426314 -0.247904982169741
0.0460242789367775 0.0482685595674569 -0.0906743053178377 -0.353157248973198
0.0462991062646105 0.018045884255359 -0.209987131932215 -0.406975878137116
0.0478499857575805 0.0277807403619675 -0.277501205616689 -0.439016435543716
0.0513145723925311 0.0351067257953733 -0.265544902389206 -0.43092986540404
0.0710032415714977 0.0876716545833321 -0.173692550006311 -0.391433287645067
0.0427169349960299 0.15260351305787 -0.0532434096122312 -0.308276784513923
-0.0654138140598297 0.178365833043421 -0.0256884971994732 -0.125425544048863
-0.233165364210729 0.0554378624792164 -0.208377922098521 -0.109948074083963
-0.177116870626487 -0.139842044998174 -0.366334362415345 -0.230411416217102
-0.0546507054823286 -0.158048919533215 -0.410058209539374 -0.483014610794683
-0.161487277575232 -0.241137616621543 -0.535464971305974 -0.151416503449209
-0.259032103674481 -0.188259848380159 -0.288241136925586 -0.0367136678061565
-0.296854735373123 -0.013944010726786 -0.166077679382133 -0.00963801234137303
-0.173875884052947 0.182141240501834 0.0452482757790589 -0.0087147029513037
-0.0455574156682496 0.244113586467526 0.0605551549930267 -0.18810334720096
0.0660793047567462 0.228602575536975 -0.0411979116381053 -0.308626950786227
0.121467044121947 0.184081672483914 -0.165203777671155 -0.376178626369755
0.151179509244427 0.196766531647423 -0.227067356918927 -0.39609037804926
0.144601663809173 0.209796474901939 -0.229047740320415 -0.370919126107485
0.142234328240466 0.290116027905048 -0.162557257038576 -0.315989578221621
0.040098549078797 0.381276516547894 -0.0708271384863753 -0.2350028775578
-0.16073143767456 0.385450408416085 -0.0485086990686912 -0.0566891548587265
-0.448527849266908 0.202269472549237 -0.231771781206466 -0.0515061411185143
-0.474589977643601 -0.130963849309163 -0.355715502570271 -0.19512235444699
-0.305661018587436 -0.259317169691205 -0.351469408480317 -0.429489941426754
-0.295496895727958 -0.347347943694377 -0.456204546610306 -0.069159462710714
-0.411847572937417 -0.24501448349963 -0.230659989410688 -0.0503577503963107
-0.444089210594892 -0.0311703574740503 -0.191363773592072 -0.0198699424987379
-0.315110590729152 0.248239785598781 0.00538801589896883 0.0142876927289807
-0.124924624682937 0.389531037896446 0.0453620424367074 -0.10433754723473
0.0671588785629382 0.395463646939298 0.00100222152667589 -0.21102508818808
0.174847897348933 0.334366223241547 -0.0998783185660437 -0.283016195777028
0.228998854710837 0.336199575775954 -0.144494422617359 -0.292917777201508
0.221303937547991 0.346315713130181 -0.1490344965257 -0.256779783170102
0.210545416943791 0.442201683733049 -0.112527902163755 -0.19912807422757
0.0600066223843811 0.560955802681035 -0.0601869311680146 -0.130182682333208
-0.202147496519066 0.555327788917175 -0.0439743806429805 0.0178940613262375
-0.575584762688131 0.350855587579186 -0.204436219952249 0.0149257798799628
-0.688275407997501 -0.0672745163238526 -0.28381116250565 -0.144259778552559
-0.507663266726373 -0.296538626585278 -0.216491946143536 -0.341815164910588
-0.398769689486973 -0.413500862182055 -0.32009016064539 0.0691571421261983
-0.54550093947873 -0.269766106241281 -0.120739576538619 -0.016322375590607
-0.572975638780918 -0.0222322319776426 -0.171105062100043 -0.0163566437784475
-0.426962169087182 0.312545874291576 -0.0367954561563344 0.0337435270904256
-0.188938031290007 0.503572738226505 0.00735951224399739 0.00719832896352129
0.0601427859661446 0.516066829278657 0.0323972617054489 -0.0649183394932943
0.20326627154617 0.437725257971452 -0.0264495766249893 -0.136609415486852
0.270242964763239 0.424549649051945 -0.0413544349679969 -0.14318275884413
0.263182361622133 0.425155865813701 -0.0424909566182498 -0.110866345632992
0.251271990201662 0.526063438680711 -0.0295969557471419 -0.0621087495688885
0.0779377788233528 0.653471849359884 -0.0201057744989177 -0.0106219080110286
-0.207158961720964 0.635217834524801 -0.0208240523103555 0.0852562198591352
-0.599700878498466 0.437914898571779 -0.137908128469257 0.0617885615908868
-0.775933630288067 0.00211982209036675 -0.16037544358843 -0.0999750996300617
-0.616764785594757 -0.280295020771867 -0.0328684350115464 -0.239452867106118
-0.451660543295486 -0.410217507422697 -0.138398672571897 0.235888717376048
-0.613597446274464 -0.239414968382055 0.0298116339962235 0.0554543702352899
-0.620223282272994 0.017136528225883 -0.108850959991754 0.00975486837569826
-0.460987059362245 0.346916646073944 -0.0709199719412477 0.064301391264367
-0.209840354938546 0.542669065333927 -0.0340483467962857 0.137715421599349
0.0536532969441256 0.553761319428847 0.057999464946373 0.109923141011931
0.206601019798766 0.469460664137563 0.0513932355176172 0.0405311841339459
0.270374516737658 0.447511990818342 0.0668426142450391 0.0293237091961054
0.259359540509703 0.443335261575013 0.0710971062916215 0.0455486527137612
0.240348910091561 0.527871325937758 0.062360185625087 0.073979084611114
0.0636386255875151 0.633456726910345 0.0310019549783734 0.104327469459339
-0.203036865427246 0.588402977786435 0.00285589240360893 0.136404379162744
-0.529227023245817 0.41163153940706 -0.059348384310703 0.0843589350345673
-0.720017739741987 0.0413545717579228 -0.0237698459552604 -0.0703639049720865
-0.613068479382092 -0.224229444173987 0.165039181632822 -0.134267437442464
-0.434304701285132 -0.328921680954252 0.0640358666438947 0.393000609060765
-0.565447495085267 -0.151705757654888 0.186580078869908 0.135257085430824
-0.532645331728398 0.0627915842148724 -0.0229257154059134 0.0498512091743863
-0.384178058882532 0.312149307913777 -0.0846321499953791 0.101650180469679
-0.178246148921595 0.47173836976438 -0.0587787809405455 0.257851818648724
0.044608611253656 0.487270510080797 0.0834025179774488 0.272589119216513
0.180619463249271 0.421045454834017 0.125624396091041 0.216004550966358
0.22800420603699 0.401486523908549 0.164109784743977 0.198827404555262
0.213480489407312 0.39751680980742 0.164657027329201 0.190868241872927
0.176842702456299 0.454807984656916 0.131080240416185 0.190512085295903
0.0110592497034991 0.509423186570348 0.0629008497738043 0.195733517178075
-0.195225764586991 0.427489198925876 0.00837154102321267 0.163443544661684
-0.387689781970122 0.28368160978061 0.00292598930752873 0.086481654781113
-0.547926884290786 0.0477344303339989 0.0885473586559015 -0.0482385728157643
-0.512405939584312 -0.147699167034295 0.335913612069245 -0.037880612801175
-0.336389713660058 -0.183730845286058 0.25435330732277 0.499806418448667
-0.392222332176848 -0.0370410548877794 0.316282579490227 0.192161942014252
-0.31559730945347 0.0864795590016823 0.0737299347249449 0.0816240999112251
-0.227078960201065 0.195351710360888 -0.0691878299842214 0.124626382044713
-0.115112363677644 0.303041376286217 -0.0581721035522045 0.329238481113488
0.0270902284742522 0.329411059683432 0.107248980591793 0.385248241669597
0.12264696547639 0.301447863523826 0.189869180024438 0.354235198223263
0.152588546707978 0.296177185892806 0.237533948623811 0.335617674147165
0.138136784241755 0.295002398400087 0.223373260701004 0.310271755518918
0.0905659948499515 0.31709655016668 0.15869032004312 0.278319439998802
-0.0458490502082679 0.31915771651159 0.0619997497844855 0.252547034125441
-0.162878175755644 0.214715338110759 -0.0102782033629832 0.164018091803899
-0.201606202457611 0.127469643135903 0.0382830698470552 0.0779432587048687
-0.316362238838337 0.0489425489844482 0.159666634052514 -0.0224955156956845
-0.347968807240335 -0.050600628868057 0.454002489285991 0.0428148431020597
-0.169109629506029 -0.0163743933681348 0.392601587729583 0.53582595400014
-0.133841116048833 0.057825604735011 0.40398010360041 0.211048640674903
-0.0472502039108143 0.0537689172888492 0.16914114883795 0.080220235614713
-0.0607532016925844 0.0254293990658341 -0.0331284376899762 0.11058350415789
-0.0565140315221273 0.0848603449357321 -0.0394325983008589 0.335737408770102
-0.00879931161089738 0.124415178592418 0.122928352949709 0.428876289134883
0.0382915251476045 0.138620427284593 0.228913699880974 0.431130059983995
0.0551093374468183 0.146267457584024 0.274057035041437 0.423344868123252
0.051176635645507 0.14847100334335 0.239021195662279 0.388467754314824
0.010817158649687 0.140388152065997 0.147016851330994 0.334495681857927
-0.0679908311188625 0.109376042634423 0.0347138127172045 0.272386325332646
-0.0854010119898253 0.0197605990705761 -0.0360253595633683 0.138047271821079
-0.00347320561161798 0.0176533946600172 0.0591754857036171 0.063467965069232
-0.0830803140925338 0.0803653786446816 0.197228050247387 0.0111930913680316
-0.164673287714718 0.061588412100544 0.511877908499047 0.102674325393664
-0.0315401567203199 -0.112245034998762 -0.544097907236885 -0.0948127202642936
-0.112304375081279 -0.107182648917661 -0.274466511222109 0.0460237643389484
-0.139019404762054 0.0178329400179676 -0.101378307722678 0.00994183387446884
-0.0296721058604909 0.0982130083284219 0.0597946053659142 -0.0564935099476623
0.0291545845918383 0.0757404310649953 0.00790133736122976 -0.242223597932857
0.0471451901401623 0.0387653722096568 -0.129987401013662 -0.323852784773769
0.0408861950439711 0.00979729387966079 -0.251422603918714 -0.365141173322882
0.0474006314590619 0.0208825193495984 -0.316416807185398 -0.376622145189006
0.0508263356748765 0.0297734020579706 -0.301826739836078 -0.375081129698126
0.076804242700798 0.0752139404140897 -0.208362541211735 -0.345153359543617
0.0595879127557774 0.138014340822974 -0.082507401939051 -0.284504086962155
-0.0391993273210605 0.173912172152864 -0.0361026315807627 -0.112176846892868
-0.209950398464212 0.08632443727559 -0.215470899478144 -0.0695555943934113
-0.182581368132815 -0.101692311969462 -0.383552157405152 -0.16922796521599
-0.0774031223456352 -0.135011627935814 -0.446412457628225 -0.415948672900164
-0.192512231063063 -0.211609862071242 -0.503356207843917 -0.0627941423966519
-0.266831240022022 -0.147887086253282 -0.265724458795922 0.00288576203776546
-0.282123004239654 0.0248714347447488 -0.146110693948627 0.0162849850688583
-0.142913049337578 0.189478188490545 0.0487973673720715 -0.0176196975938543
-0.0120101123217425 0.233221672116378 0.0378472850608133 -0.191505131200089
0.0876295642993921 0.205452678608992 -0.0713461175577781 -0.292937992037619
0.130966429415522 0.157517667054666 -0.198041413866395 -0.341876053233638
0.165928594262677 0.167225058614719 -0.263817280192434 -0.344355059229909
0.161291215748883 0.182823311977038 -0.256253582946267 -0.320071838171718
0.167615476284404 0.253599990199606 -0.184109300778233 -0.275450727049657
0.0877118217321498 0.351733286347875 -0.0840292556094198 -0.21052116944466
-0.101876381358051 0.377901557127132 -0.0432410434943269 -0.0391080582602288
-0.389445219620765 0.252199380579803 -0.231207479891178 -0.0045002058538874
-0.454790557790998 -0.0582103088076471 -0.381065354935688 -0.131893934499683
-0.320404326141756 -0.197560373052052 -0.393117498289135 -0.375026903145301
-0.334267813214965 -0.295961900358564 -0.405740011799514 0.0117966388616376
-0.416387465431352 -0.184590615622164 -0.208469181921877 -0.017189225254691
-0.424288773684803 0.0268892449112699 -0.164459365781402 0.0108355471964006
-0.269227544744521 0.266753249964896 0.0186847183405871 0.0094439014060966
-0.0697832897362538 0.38018107521956 0.0409028269648921 -0.113127890658492
0.108261844619033 0.362513146331977 -0.015076123110405 -0.211021786537721
0.200914263681823 0.292405070436847 -0.120536907680611 -0.261959876854669
0.256736741957883 0.289269381637943 -0.172882867596694 -0.256655908915477
0.25181895988541 0.30125686909758 -0.164742131516306 -0.223608688078625
0.251779486102681 0.387505451445175 -0.117951526809432 -0.170671634235474
0.129886419844589 0.515271288814562 -0.0560579124676299 -0.113166694098596
-0.121296771501351 0.540428042064792 -0.0255381654882361 0.0348187020574327
-0.487553266911142 0.407664477876869 -0.193951261398426 0.0614085058776182
-0.642199238867944 0.0264616102983926 -0.312684631459597 -0.085768398033838
-0.509640028288895 -0.207953909619166 -0.26198203244683 -0.309820179212155
-0.442760770679054 -0.345393245098245 -0.252292721701543 0.129357227991992
-0.542962940403424 -0.191728751705838 -0.0971326933084159 0.00162765791523868
-0.543761843955957 0.0494475934240164 -0.138523485966591 0.0118713377614205
-0.36794053460649 0.339800774319578 -0.0135648878937392 0.0331910120896796
-0.116675673576153 0.494011084073177 0.026326542612364 -0.00594157357835078
0.118572256864414 0.477487019221911 0.0368664653461593 -0.0801794337302538
0.240465862076867 0.386210692573354 -0.0291188881443487 -0.131373749819687
0.306729191576383 0.366561274196795 -0.0562517810381883 -0.129147343937758
0.302627590068271 0.371251134836467 -0.0453744220430596 -0.0992681023484388
0.298653916761935 0.457939182320457 -0.0204063839459781 -0.0520478548087795
0.158283418951209 0.599810730113051 -0.000428244067463793 -0.00440844213858576
-0.115707650895422 0.616468428091431 0.00745876259970615 0.09789895868615
-0.497532055713413 0.487586550073607 -0.123399633062461 0.0996008745993104
-0.712974547395784 0.101127052885066 -0.193947534499138 -0.0543949905565617
-0.606298330726222 -0.181228537832034 -0.0789777763643944 -0.233468047558685
-0.491123051062357 -0.33489391917673 -0.0568781656273502 0.264266553883607
-0.604697829309348 -0.155253695456168 0.0562257576789932 0.0500845561026331
-0.583780964103332 0.091491232870002 -0.0729739166724853 0.0271205864258454
-0.396237071444293 0.376202998554903 -0.0395793989617477 0.0663574673304445
-0.134317585358749 0.533191134262025 0.00777469003978102 0.121992634639776
0.116474930409758 0.513478301362206 0.0844467098889677 0.0807727425516442
0.249017142803147 0.417808591151975 0.0680667496623293 0.0294138043809148
0.309751793766618 0.389443618906194 0.0679384735616544 0.0210291135460553
0.301889476333474 0.386955101028758 0.0806780707227863 0.0349181647970502
0.290581140507538 0.462078418039101 0.0829778952433424 0.0637416134840053
0.141999310746379 0.58161929966023 0.0613660476937362 0.0981090001456084
-0.116958649093029 0.571925483425323 0.0361790074431294 0.142682219606242
-0.437389742525076 0.454176101047617 -0.0449443962516707 0.107183321788559
-0.655261886568193 0.127887971837409 -0.0585405164198638 -0.0434309632234313
-0.595281902017003 -0.133609494344576 0.121301377529292 -0.154710075591862
-0.461099272519336 -0.257168142325287 0.151121184973514 0.383122332378661
-0.547525199941337 -0.0781732156194146 0.212772603875033 0.104403891604032
-0.493262528229637 0.12485872459724 0.0103568303512848 0.0512015381544757
-0.327605560991395 0.33373328077667 -0.0504733659189746 0.103868580543229
-0.112015004770337 0.463135206812117 -0.00244708386156968 0.240077843565955
0.100894833221045 0.452986617920181 0.12637626349467 0.233478942584179
0.220947633455877 0.37537296214728 0.159438012660586 0.189657841025723
0.265507899517418 0.351550795807038 0.18150106784225 0.166740049274341
0.251912489623244 0.348227356245412 0.18548796909671 0.161494295933815
0.22248462467812 0.399137390652059 0.160228925570623 0.164400669073754
0.0764810335579216 0.471428135100228 0.0996464106493408 0.180387204938729
-0.128562034826098 0.419462250658451 0.0396866270829156 0.165507501332679
-0.321286435568589 0.314054850924978 0.01433646138204 0.0953445349899057
-0.496586573384227 0.109230541289404 0.0560248130622579 -0.0403433379046605
-0.487808234629536 -0.0755786790243671 0.29755267103639 -0.080823297418282
-0.346266904816869 -0.130303659230944 0.33262740006458 0.452705254706277
-0.368293238174127 0.0101498147769739 0.336193259250841 0.140686762915439
-0.286076890734262 0.118894027715145 0.096660872985448 0.0656557058627067
-0.192623802123502 0.207919113579452 -0.0378253888881565 0.124091322388734
-0.0736610887299561 0.299301970534654 0.00297255060033382 0.311469198418833
0.0655140637212109 0.306263818643946 0.158684412037087 0.341191484801168
0.153046305237335 0.269794183271539 0.23388226539537 0.315076169485506
0.181190811657765 0.260656014995321 0.268432024804514 0.2865224019145
0.1681235057516 0.259860775038006 0.253151075278968 0.266499181399657
0.12376671981706 0.280836746286963 0.192829996799221 0.243690124308965
2.56980718516156E-05 0.301382735464413 0.0995502015486046 0.23373961096661
-0.124610857765833 0.21856374859049 0.0176019900115878 0.164491774736776
-0.16913014603372 0.14250494581655 0.0464785582929188 0.0740232510883066
-0.283543655029686 0.0821867059652256 0.134834690610144 -0.0301558309305284
-0.32478395841647 -0.00792225546287269 0.422332934142668 -0.0148430288405297
-0.160434036518269 0.00974284997900795 0.450694785473461 0.460656087464933
-0.115928512302939 0.0699684721557736 0.410726431163642 0.148754559151688
-0.0370193241568451 0.0546716252383507 0.174531883434104 0.0521022839321993
-0.0555306210967482 0.0302268553895348 -0.0135380513089406 0.10908765756718
-0.044698838399643 0.087644836553027 0.0127348890078275 0.320016127683932
0.00860379099254672 0.118473348182141 0.172680910308615 0.386609355288389
0.0558949520394104 0.127026090135331 0.276596507972378 0.386294313265107
0.0712049647346007 0.131005269067548 0.315005059070427 0.363601608334711
0.0677903181082675 0.131511808776276 0.275992954550088 0.338129552253276
0.0272897431219107 0.126232760892631 0.184736745247575 0.295411141487419
-0.0494630649294582 0.10958321745918 0.0698729864455537 0.253839725220938
-0.0760960012034686 0.028259981136034 -0.0154603672996192 0.139096135403897
0.000390510303786502 0.0138538523415644 0.0659389818661709 0.0501462749301154
-0.0653347572593912 0.0828826325011758 0.184421786438816 -0.00835440973492179
-0.140192538772259 0.0729561229625451 0.489002870355407 0.0384447708062621
-0.0299644997469394 -0.109518485640663 -0.516306259500332 -0.0956315698392654
-0.107869738324667 -0.102550009889151 -0.260892025688563 0.038827859339404
-0.132353222824545 0.017817961001402 -0.0974281785964469 0.0101836839851064
-0.027701173575849 0.0937445020200178 0.05550392470118 -0.054421074414922
0.0277271444223593 0.0710895657148481 0.00517021954496439 -0.228281324956215
0.044089909202334 0.036071693477254 -0.122631018144289 -0.306600430993696
0.0374081269199771 0.00991712549837692 -0.236972450299933 -0.349161843590027
0.0443652538429322 0.0203098933232412 -0.302878033741838 -0.361919213847985
0.0472673801050218 0.0302956605254991 -0.285588060221119 -0.358449348194603
0.072628044978439 0.0724803624006549 -0.195938897299509 -0.329766136472968
0.0582686934488732 0.130181171046918 -0.0778537116916323 -0.270313248494411
-0.0365020753401043 0.164943443023123 -0.0335428085932625 -0.10764677650475
-0.20003350243363 0.0830406779520978 -0.20652115546319 -0.0651426523959627
-0.174586835880984 -0.0979901942321659 -0.361667765861125 -0.162403939399831
-0.0733504025056519 -0.130630313612967 -0.421451043350664 -0.400781673812481
-0.182005003036816 -0.203732819006516 -0.477350493787573 -0.066722555877885
-0.253629688516546 -0.142287511202909 -0.252801352668203 -0.00355673818624094
-0.268457512568681 0.0245217119664245 -0.140090924611552 0.0164763971927772
-0.136485856400965 0.180574489806086 0.0441223624024088 -0.0172115031289902
-0.0102560366721378 0.221047729633163 0.0342342602476266 -0.179916973584341
0.0833160117109358 0.194365207680476 -0.0674424417332346 -0.278628223557442
0.124200563047263 0.150924179829247 -0.189743504569955 -0.325524621054047
0.157693134392275 0.160529357354712 -0.252826373639119 -0.329329600752215
0.153206014132859 0.177058696022324 -0.244239473630734 -0.307873482304482
0.159315797235268 0.243017196528003 -0.172568139705866 -0.263348223157803
0.0843592163601414 0.334065147846788 -0.0795352712089089 -0.199001152667394
-0.0964431007822478 0.359203531382227 -0.0399840123424307 -0.0378470111994101
-0.37277298487426 0.241279256227687 -0.221381805841592 -0.0037733241920714
-0.433893788099268 -0.0571836591549043 -0.359279792155346 -0.12906209432914
-0.3039951686711 -0.193304256991941 -0.370563090330523 -0.362503425326704
-0.317335584944918 -0.285123819610846 -0.386748945223272 0.00514887991054949
-0.394305983225686 -0.176592971874967 -0.198657934913701 -0.0233059208989481
-0.402754503214132 0.0258906439860812 -0.157277323602417 0.0108521407663506
-0.256752429356791 0.254055976262779 0.0147027128113181 0.00734322927650966
-0.0661490040649063 0.361833493835599 0.0386640960542854 -0.105509127584636
0.103724590945846 0.344137846364405 -0.0129277042045247 -0.201752477404961
0.189846087826397 0.280854450306816 -0.117139060567403 -0.249540846432384
0.245050827942734 0.277473921964213 -0.166730543742788 -0.245497631156599
0.240089389026954 0.290866702089325 -0.15778165368975 -0.21519155609127
0.238949530794282 0.370312101327747 -0.109782841484277 -0.164414066369476
0.12689072903896 0.49066736967437 -0.0521421322523518 -0.106035111543951
-0.11525637979791 0.514838803727674 -0.0213874777084502 0.0330214910255208
-0.465479916978076 0.387365138580098 -0.186205264520666 0.056923825545627
-0.612561443942549 0.021301066663991 -0.296045379875678 -0.0836919751354032
-0.48498315540339 -0.205942452261515 -0.248374369607417 -0.299023160381421
-0.418461264041862 -0.330623207410968 -0.241707943263248 0.117112710233639
-0.514199321839078 -0.184592426136516 -0.0921171289134754 -0.00598763283272636
-0.516857660341783 0.0474201440242873 -0.131560375733352 0.0116353936348192
-0.350508036253199 0.324033986931944 -0.0164150944227249 0.0299100153019834
-0.111175316680982 0.471227661570867 0.0257844247195404 -0.0036917606963573
0.112655542073341 0.452341988999346 0.0362759699066873 -0.0781034250295939
0.231100898561751 0.370534696684032 -0.0295254150792445 -0.124884481357598
0.293739981310358 0.352512099465266 -0.0556783745014013 -0.12240880512101
0.288935731396774 0.356930569746889 -0.0440802307866773 -0.0959685165259648
0.286319913073175 0.43890582797652 -0.0178184059298673 -0.0518970315105645
0.153625830597764 0.571047083534278 0.000989855126357851 -0.00209241231159197
-0.110496191462031 0.589603495114166 0.0101002523370167 0.0927929711987726
-0.476018354849218 0.463319715886141 -0.1180760111506 0.0922018737076027
-0.679284640424822 0.0924320086821598 -0.184124077670062 -0.0544521336187952
-0.575968679984231 -0.18117573409649 -0.0750163153948383 -0.223008368337278
-0.466290360955487 -0.320932223974726 -0.056676088392406 0.248570336211552
-0.572045948845793 -0.149700833607144 0.0532171508934929 0.0421491549857263
-0.556057174977529 0.0865773044083002 -0.0686631255645579 0.0255457933867642
-0.379324333541184 0.359382645006343 -0.0415586607682639 0.06134273395431
-0.128112514542689 0.507362904182276 0.00848761260886133 0.11782900763795
0.111683668663991 0.488805574217736 0.0809785619658113 0.0745296836292101
0.238263851506536 0.399068087769613 0.0627698689247913 0.0287993165426632
0.295306994914399 0.373422910762789 0.0630209903254832 0.0209498454379317
0.289852320948444 0.372739651836491 0.0754553270658661 0.032412875319107
0.277397126626215 0.440968453367376 0.0803029384788425 0.0589064199886537
0.138735552875685 0.554881757150229 0.0602616681228037 0.0954792062016721
-0.110379652456935 0.545699505024583 0.0378192033523495 0.135905421284619
-0.417315419971485 0.430769553915338 -0.0428896667957912 0.0997432206458164
-0.624267804625594 0.11859101626682 -0.0556790216977303 -0.043486900213979
-0.564971387534739 -0.134235594299254 0.114158008031641 -0.146645399427058
-0.438174749410548 -0.247069230239372 0.139552624641241 0.364990379177183
-0.518506630548987 -0.0765388114553221 0.201640322317972 0.09653208241249
-0.471648768681272 0.117183996166214 0.0120312762007484 0.0481577733213099
-0.313824146234909 0.317982117763809 -0.0507212914379705 0.0976440255091638
-0.107023662660681 0.442317826978898 -0.000637611874923616 0.229381967980863
0.0970101606942147 0.429246048234219 0.11996460430324 0.220930439267615
0.210634613920922 0.35889040155168 0.149311058368183 0.182267135926295
0.253614445712933 0.337249675146418 0.171806730274767 0.16115234682839
0.242375666397989 0.334790630250067 0.175745138300322 0.154159722068189
0.212356339282363 0.379880675286618 0.153435405631355 0.155514432851216
0.0759800336465032 0.450993586723048 0.0977272298963859 0.172918760446796
-0.123370765263615 0.400243414872761 0.0414713062503751 0.158446961841457
-0.30532165710128 0.296657687048073 0.0136811527678486 0.0880038160917136
-0.471755841373414 0.102313974747376 0.0527904789692935 -0.0385030894172007
-0.463373434350859 -0.0779159467027563 0.280812481558739 -0.0736668251261951
-0.328412570204663 -0.125168928699225 0.312639114603563 0.434913520436119
-0.34951363834161 0.00901351052738435 0.319621919933523 0.134359885300604
-0.272689553228223 0.112055496655229 0.0941053848476388 0.063021373832942
-0.185100533601164 0.197449245496826 -0.0381134943979796 0.117250289478623
-0.070500029708152 0.285396305486462 0.00428084629984194 0.29612336013611
0.0628188247606798 0.293164409717988 0.15013308014419 0.324375108413378
0.147873713548791 0.258185474485205 0.221428157969577 0.302992312857814
0.17345189387912 0.249683232710872 0.256382181925839 0.275590444264438
0.16128583577827 0.247819530416985 0.240578111815655 0.255509575142084
0.118263090400202 0.267310826623475 0.183966737453237 0.231056241070127
8.83725163113801E-05 0.288174350685968 0.0963594727312385 0.222825433947489
-0.118159112748091 0.208282972163064 0.0189778556674504 0.157347772848948
-0.160882932312953 0.133533061831366 0.0455156065529747 0.0676932419903232
-0.267451228816447 0.0773013421976363 0.127418425776031 -0.0278619552354556
-0.307019091037007 -0.0113019939324285 0.399190455159716 -0.00949421549849569
-0.151486644814297 0.00970491034705242 0.427140812724634 0.444314870345191
-0.108746066878485 0.0669882231772598 0.391911114095884 0.143422247520401
-0.0352272431742861 0.0515153587848801 0.167677762588369 0.0492731871241437
-0.0544272503123264 0.0283632303763027 -0.013433804212717 0.102585760654742
-0.042561799276681 0.0845294172257326 0.0131516524136815 0.3039941576145
0.00850306564451799 0.113535236613219 0.163356390784921 0.368454374279906
0.0547972183819781 0.121849486946671 0.263296859967027 0.37049358583953
0.0688132519629254 0.12554160391526 0.301162995018683 0.348580067425769
0.0645933182820913 0.12471879495498 0.26334753656728 0.324090837012926
0.0254463798902276 0.119100141291558 0.175655031511243 0.280415774899571
-0.0468261056867532 0.105487216866561 0.0688724456753065 0.240142911268489
-0.0725432825447409 0.028040764684247 -0.0130363679265703 0.132935796202315
0.000792581349311524 0.0112051303632302 0.0643354819050063 0.0458410635498595
-0.05978741424005 0.0790778599857237 0.17407743373096 -0.00472431131342262
-0.131461850247485 0.0688648168986895 0.461945796438493 0.0426046165934683
-0.0268208273094159 -0.10927212699571 -0.503426771810687 -0.112725459292458
-0.10468707089522 -0.103777992984901 -0.256137370234401 0.0278605929700051
-0.131103432884759 0.0153416384225724 -0.0969281010319074 0.00795490201738754
-0.029035165609337 0.0916037898210752 0.0546240405368081 -0.052147337504734
0.0256407038949371 0.0699168659858672 0.00899134765601489 -0.220892745840098
0.0416629880395807 0.0360667013732873 -0.111729262762614 -0.302364714750479
0.0344326080262925 0.0111094228980378 -0.225083794806966 -0.349228925235673
0.0427429319879885 0.0212311478417806 -0.288788105733805 -0.364102333097922
0.0450483025542085 0.0322651549112493 -0.271321518005732 -0.361521098496519
0.069521653739366 0.0737084884981648 -0.182914802453233 -0.330298593302467
0.0555824269312339 0.127091762679308 -0.0697931345244573 -0.266476381554628
-0.0397961397383358 0.16001852606742 -0.0303914141863627 -0.106671609899323
-0.198685419929575 0.077806794292349 -0.202432514560416 -0.0686306321201913
-0.170144114956537 -0.101570466037781 -0.349220057128276 -0.171231437444376
-0.0685324090178955 -0.132202046741202 -0.398189350689448 -0.411465564959093
-0.172856753055743 -0.206709527979017 -0.466541843214292 -0.0839257547910623
-0.245008067370634 -0.14690253935754 -0.247394237760675 -0.015273613270731
-0.263969542583537 0.0176650632077725 -0.139247472591501 0.0133773622705007
-0.13774929741923 0.173799793090139 0.0420005882217714 -0.0165333835436297
-0.0153651942663316 0.215764909128229 0.0364561928430165 -0.173103489307657
0.0776598446039318 0.190870459894597 -0.0588402316618976 -0.275413662111581
0.117052718225211 0.152210501226694 -0.177901851566424 -0.324490872110659
0.150394239286365 0.162032842285465 -0.242034601538693 -0.33112150162871
0.14592865684852 0.180252826577408 -0.231401463822913 -0.31000449200154
0.150566943615043 0.244099006483305 -0.161214566608669 -0.264739176056037
0.0771824882749891 0.327897772745957 -0.0725584681455709 -0.195687527507738
-0.104241086579826 0.34806235154598 -0.0369033182315435 -0.0383803834372495
-0.371786142671887 0.227157740773344 -0.218670253684707 -0.00930657565180303
-0.424352633291955 -0.0679069830160763 -0.347980637902037 -0.137775735164156
-0.293501422328421 -0.202134649568655 -0.351222517598096 -0.371044963904298
-0.302328214829152 -0.290021866586295 -0.380212755143301 -0.0106834020665139
-0.379986666615598 -0.184780849257255 -0.193980499912986 -0.0351983033683019
-0.396126231242116 0.0148100177953309 -0.155658156653203 0.00769101624561169
-0.257287292374249 0.243657784102685 0.0113096100163116 0.00705864887372106
-0.0730812284008355 0.351355367591981 0.0397866515221222 -0.100627173118467
0.0941971225953027 0.337954249267421 -0.0075872131767268 -0.199479284472353
0.180762054028159 0.280870460589144 -0.109724477455526 -0.248222690553491
0.234093400835876 0.280071639855306 -0.159718243669071 -0.245650034699435
0.230287601989148 0.294605743213944 -0.150790990198997 -0.216521707850848
0.224934990479381 0.372118267350529 -0.102944524471717 -0.165928956228547
0.114791832363149 0.483890282205879 -0.0471018865037899 -0.102746726591644
-0.124400460560395 0.501847833086339 -0.0198066318955474 0.0314640933329703
-0.467522371569771 0.366109581396177 -0.185807290852947 0.0501683523501092
-0.602585724700214 0.00429808304631757 -0.287683614357536 -0.0933897750173778
-0.47012507631562 -0.220288533115188 -0.235396159076803 -0.30353649063813
-0.401052034994986 -0.337576414187092 -0.241744147252662 0.104209243283882
-0.496715749240079 -0.195904302556709 -0.0914259070253582 -0.0147188710054588
-0.507551297624572 0.0319767144232478 -0.129850630145327 0.00821741680712842
-0.353392890899927 0.307837912625295 -0.0209086649633385 0.0278794751053113
-0.119637798137139 0.457982776074086 0.0251819479827991 -0.00119045157075542
0.100479925992284 0.445943523772076 0.0374225946290983 -0.0776512628812868
0.219038877394345 0.370574566070879 -0.0285846779981577 -0.12368876469906
0.280086350092621 0.355988967660498 -0.0535745609173021 -0.12118595999246
0.276634023394918 0.362042484134708 -0.0421761416174642 -0.0964162993651511
0.270213529496227 0.43974070817743 -0.0148526189353705 -0.053220676066556
0.13942423537737 0.564425242312815 0.00301048261053707 0.00027916392773045
-0.122355881865479 0.57545744721249 0.0106852986348277 0.09095700031665
-0.479555601179882 0.441882718138812 -0.118985789375103 0.085857519299413
-0.669301015296562 0.0717956567195122 -0.178971264684459 -0.0603245008638211
-0.560715654343693 -0.199962687847314 -0.0686079592559925 -0.223260306885008
-0.447189568748056 -0.32957885612674 -0.0656055031978422 0.239104214724118
-0.554642603061164 -0.16343983449286 0.0504805361396916 0.0364322372603843
-0.547753353727689 0.0688535495785474 -0.0671990557217024 0.0229063021171716
-0.382765127158804 0.34170006660888 -0.0459268503185543 0.0576816052073263
-0.13627819530002 0.495010986747218 0.00597452954447211 0.116674133905
0.0986936908787879 0.481172770625081 0.0771559249270505 0.0728430061895039
0.22564504680106 0.399502267113109 0.0576574713760803 0.0307455027325856
0.282176065460096 0.376427035496371 0.0605688086206289 0.0231473837714932
0.276329598826801 0.374847876755754 0.0717654475365152 0.0338255483769371
0.261930773958602 0.441270664677859 0.0783510575803583 0.0582131132266251
0.124068186972113 0.549125816905893 0.0594175512832767 0.0967832325628936
-0.121965188542941 0.53358529148254 0.036815439550833 0.134552233053306
-0.419372020435878 0.410353155409206 -0.0454825477218498 0.0941396999911176
-0.61725119629262 0.0984581428345508 -0.0538661275269721 -0.0441873747420864
-0.550690738494508 -0.155850636822798 0.114182043387179 -0.13959021018614
-0.420957108774129 -0.254911137223945 0.124955118117116 0.36117151955055
-0.504010763425342 -0.089224891688456 0.194787159658372 0.0948461741726112
-0.463742694798445 0.101338167637229 0.0115334549663583 0.0468846831780208
-0.318610243137239 0.303807007491731 -0.0555994316399207 0.0932717253141408
-0.114939905914955 0.43157157900793 -0.00496463469467015 0.225107174959943
0.0847657146706477 0.423666745657127 0.111293729307173 0.218188459360454
0.198655109670109 0.358816376030681 0.139810226624288 0.183636301854258
0.242627377812987 0.339077097934649 0.165595864423672 0.164361021907806
0.230913353614077 0.336199941472009 0.168367706515858 0.156548942196948
0.199294105725932 0.378282381231885 0.147307892956899 0.154642242912928
0.0659754308803971 0.443658240828121 0.0936882234204782 0.172577900156531
-0.12864477460158 0.391620992074592 0.0400369020866531 0.156705988951896
-0.306087476726327 0.279672279313804 0.0109667225200873 0.0839386522237524
-0.464530768694842 0.0868518149812269 0.0522851539322848 -0.0361965618467221
-0.452035518165767 -0.0945285298253634 0.275669762062023 -0.0622530449407534
-0.31750864361611 -0.132421359831293 0.292513728857297 0.439950054268867
-0.340901275546651 0.000482065282658169 0.309317497050226 0.138280996722125
-0.269768118287231 0.10223839157876 0.0921479082977357 0.0635554024282042
-0.188494616599805 0.188034065263686 -0.0420190087706176 0.11320440665608
-0.0764160866717695 0.278152963807818 -0.00187150721913914 0.290740555867863
0.0547235899372875 0.289252248411552 0.13758243943513 0.321508580085143
0.139998219203725 0.257662638603006 0.207596129698896 0.30434859762341
0.166418617924215 0.251023026859439 0.244702133750933 0.279668662767757
0.153120715807638 0.24862461647469 0.229405467818693 0.257283679731004
0.10862178498166 0.264482577822666 0.174566746499883 0.229751158797459
-0.00536788398815156 0.283637961240322 0.091899519106448 0.220261845355368
-0.120214057505627 0.201266186237305 0.0174777412141594 0.155399077523869
-0.160540889420235 0.124063227455416 0.0433396436920659 0.0646313882790601
-0.262508464444684 0.068217597315373 0.124775895581355 -0.0219478510117835
-0.299788229753194 -0.0218959458155662 0.389838703297955 0.00494314218343732
-0.14757133260011 0.00587981289115192 0.406274862761915 0.452893155928137
-0.106807862575543 0.0633054291410733 0.381216353139624 0.153705509077704
-0.0351817411980508 0.0491617532709649 0.164735553948724 0.0515299057756495
-0.0552980861011721 0.0263088361894186 -0.0158830937342529 0.0992884866694447
-0.0437866358784265 0.0821737005520178 0.00620269934968404 0.297105763773316
0.00556086638000521 0.112709833771852 0.149091299096343 0.367469613150704
0.0521058775477714 0.120808783472477 0.248661528180151 0.37075446406101
0.0660302901322694 0.125547768034433 0.288945121199407 0.351805978531117
0.0608327357632291 0.12382988290534 0.251649548568001 0.326348669701548
0.020714070058717 0.11714316804358 0.164998115446055 0.278773711313715
-0.0483142634479168 0.103464204218021 0.0629122415298444 0.236424367891215
-0.072044434861581 0.0253916214533009 -0.013856573608122 0.130620186800657
0.000922506129793149 0.0089621324694116 0.0628391589866834 0.0439412751061488
-0.0586709047437018 0.0762028524656754 0.169018019921535 0.00205432059474984
-0.129783642427301 0.0640505131301989 0.449209408592106 0.0586712546348352
-0.0246681383016124 -0.113241095759211 -0.509477625511495 -0.134601126448461
-0.10563418307642 -0.108284025914018 -0.261286584192854 0.0173134440753366
-0.13458047303702 0.0135973816652918 -0.10057775669272 0.00641710870413462
-0.0314773172026985 0.0925111701449163 0.0564138990924755 -0.0523901292667239
0.0242708803844683 0.0715325124698164 0.0127029946282583 -0.222269592567899
0.0415045860170215 0.0364351222639973 -0.106724798332303 -0.310610258056209
0.0338297752233528 0.0129322613842644 -0.219716096285142 -0.362530283312961
0.0423773636397072 0.0229352276074083 -0.287764115860322 -0.381438157850546
0.0444319138377004 0.0360341673647564 -0.26811740538261 -0.378483400730623
0.0697496912709481 0.0772214719240843 -0.17548930091814 -0.342107692951864
0.0546564191630474 0.130186425826953 -0.063652078792188 -0.272416839071434
-0.0438990101605195 0.161362270967079 -0.027785738698775 -0.110151610277828
-0.20448120521098 0.0753256237975743 -0.205580595466488 -0.0740773125601436
-0.17217707412832 -0.1078583367852 -0.348488254050957 -0.185200994605294
-0.066304954268341 -0.138714417573492 -0.393577304697163 -0.435801436363749
-0.170036711287296 -0.215825729813762 -0.47398474917891 -0.104023849531176
-0.246105836468157 -0.156563376830693 -0.252608213077912 -0.026790777780245
-0.268938228036293 0.0119097574490481 -0.144101976429041 0.0107138871346176
-0.144191754630926 0.173779499835912 0.0403196086384936 -0.0160962758057514
-0.0203163238168354 0.219310178015601 0.0396733864427874 -0.172742260818513
0.0742441386278106 0.195626052395343 -0.0529763806700481 -0.282376705695066
0.115612870393511 0.158862736221442 -0.174392994796497 -0.337055639631959
0.149882341824605 0.169996764464125 -0.242184101805595 -0.345278863205448
0.145217307839717 0.190314938834451 -0.228508204680662 -0.324574996200672
0.148655840637909 0.254099346314669 -0.156078735396836 -0.275548547084142
0.0719071060562827 0.335188298360598 -0.06769911873254 -0.199287200504444
-0.112458197564479 0.352760133159695 -0.0355147127702113 -0.040215224287093
-0.386313678177676 0.221577651065381 -0.224310373644741 -0.0151636523493135
-0.434961836832878 -0.0821351187429613 -0.350079229785872 -0.152848128262718
-0.293594373127989 -0.218904631708923 -0.347354930419786 -0.393582510284384
-0.299118286715122 -0.305256308796195 -0.388987299932601 -0.0270617659044501
-0.38126397511651 -0.201098256813062 -0.198901506687484 -0.046845221334146
-0.402000378799883 0.00429406655964297 -0.160454407221573 0.00374767995182639
-0.267602767125068 0.241688305295264 0.00837056705411934 0.00700439152415926
-0.0824646789377604 0.3562519358993 0.0422637430420145 -0.0986816083182937
0.0890774184372193 0.346047754376835 -0.00320714356663075 -0.204525364540031
0.178215006245565 0.292045234059854 -0.108520349288433 -0.256343700121609
0.233119663101053 0.292453309886286 -0.15978266651916 -0.254899601010737
0.228475050025134 0.30998382353466 -0.149389624813083 -0.227020241220751
0.222397805965974 0.386592939011089 -0.099026794151982 -0.174357487625919
0.107556942046961 0.496026159668515 -0.0439449822176389 -0.103741759354155
-0.138741536089305 0.510183175755869 -0.0189241770151654 0.0308068251661632
-0.485054731158523 0.362452897621446 -0.192854100201243 0.0454612429713311
-0.617495721378552 -0.0133298652055243 -0.290443025968283 -0.105380486983287
-0.474170197391329 -0.244951644844099 -0.232923676360031 -0.319511082037057
-0.400082338396525 -0.357925855232354 -0.252527435763706 0.0958133413752952
-0.499025179171065 -0.215518607124106 -0.0938579202746433 -0.025053267238139
-0.516571047006283 0.0180493496327171 -0.133558448821306 0.00391345327783183
-0.368666457712663 0.305611399678313 -0.0255573835985676 0.0264541854699595
-0.131782849670795 0.463780395469795 0.0255494313962332 0.000955548183912605
0.0917996352255094 0.45582801931893 0.0396205168788013 -0.0797032875764769
0.215014165463757 0.38591389326669 -0.0294593499195637 -0.125876992958701
0.279587280242795 0.370938140773989 -0.0538024310108135 -0.124875308236889
0.275916580406394 0.379340927295419 -0.0417661804483938 -0.100298925722464
0.266735241641764 0.458572346359374 -0.0124977924662441 -0.0567043075686999
0.13114757384746 0.578684128127378 0.00535678893150955 0.00246901675792851
-0.137856215935183 0.583840814400013 0.0113933072098262 0.0931615193309124
-0.501206564268663 0.438253049229605 -0.125135470933359 0.0830819692602864
-0.686607790106595 0.0531326116897737 -0.181632132911175 -0.0680278593179149
-0.566991612925395 -0.22637378110537 -0.0654531353400191 -0.230881603868246
-0.447677710919849 -0.350381037060771 -0.0764387145088017 0.241049524448129
-0.558334498776639 -0.183248530565776 0.0490069066934738 0.0316849884428792
-0.557810045265685 0.0557498750308681 -0.0689853129670699 0.0205107809157669
-0.399662471915439 0.338037665879622 -0.0523329005470191 0.0565283635874238
-0.15051942035129 0.50090377470906 0.0036709011689258 0.119790410064762
0.0898820483482147 0.492168917810602 0.0762300999714163 0.0751353782123272
0.221389246436523 0.414420144925418 0.0544226776728317 0.0336730232062164
0.280918393535186 0.393300768288317 0.0603902341235608 0.0262748243134837
0.275949522855615 0.393541930045915 0.071943479486445 0.0365266287831351
0.256986083682655 0.459030207763227 0.0797076347488516 0.0599298324377928
0.117770548404951 0.562487121631147 0.0608213156519774 0.10218770843233
-0.135842803435232 0.54109076251173 0.0372711690274566 0.138061649947709
-0.43819228210209 0.405191574223436 -0.0502867336177294 0.0926921852827499
-0.630251600767813 0.0846722861109962 -0.0542162706052301 -0.047996575367812
-0.556909809532838 -0.177676881268659 0.11855240273319 -0.13970703543957
-0.422480801276796 -0.274365403254719 0.114187087210478 0.373170138172879
-0.509716021734342 -0.106447989000961 0.195333677578527 0.0977221265700332
-0.474589844192646 0.090123357650993 0.012052617430757 0.0473567470381982
-0.333317336798799 0.301512434313587 -0.0619509538285319 0.0926511987200443
-0.128231994415835 0.436308884963561 -0.0097958058230211 0.229729786869801
0.0766265120034346 0.435558573788151 0.107395902161387 0.224581347765345
0.196966833692537 0.372407115073639 0.134489217219561 0.193119497265245
0.241399514926893 0.354479666415924 0.165189587671645 0.173544347234169
0.230018071669777 0.350676769416137 0.167513830159081 0.165234021324738
0.194628974695886 0.392396844123247 0.146910527446483 0.160512141499341
0.0595772291524264 0.455939464428252 0.0936013148818499 0.179835444045029
-0.139711463402897 0.395801227288871 0.0404760788918119 0.161444582792112
-0.318857225425719 0.277011077116835 0.00833187298330554 0.0835298017167867
-0.475278019063744 0.0761428940878405 0.0536864909941946 -0.0347313703009119
-0.457734480526961 -0.113821702427816 0.280807611575412 -0.0539107637186575
-0.318582568036522 -0.145370501801131 0.284845305251745 0.458236479081552
-0.344629580922208 -0.0100824592673825 0.310919764656001 0.147853198166514
-0.276448672638803 0.0958978571119006 0.094409466244525 0.06597566585951
-0.198469478396725 0.187008534933429 -0.0476689736993697 0.114201616119885
-0.0849898205587336 0.282591838419118 -0.0080547142699901 0.295004421105849
0.0490201239498767 0.29742541611559 0.131163118955088 0.331283357359008
0.138274604293021 0.26792453839477 0.202107472776506 0.319049478904599
0.165560099854707 0.260938367618488 0.244226234842178 0.29278781630551
0.152077572810126 0.257975393264508 0.228475373750112 0.271071188045784
0.104329293328731 0.273379072065387 0.172946881568952 0.238002695141482
-0.0111435717265252 0.289952889933874 0.0901308712509626 0.226836631119894
-0.127478813050894 0.201345636880071 0.0166403917602925 0.159060425560766
-0.166279898906972 0.119688562758408 0.0424552407593145 0.0643955801744055
-0.268253177076912 0.062000228795996 0.126750208232855 -0.0175718890352398
-0.304081852990662 -0.0335895062791892 0.395146605679239 0.0190372328269882
-0.149585646571953 0.00228276703593262 0.401670438756122 0.478535648021361
-0.108861557384837 0.0617027403201023 0.384090160293057 0.167588033715963
-0.0364352588962882 0.0476739561937538 0.168678454912446 0.0556401359805454
-0.0589058218514665 0.0254915841683399 -0.0195031189072347 0.100331826011247
-0.0466157153514904 0.0835267242072754 -0.000638001614369077 0.301503638834857
0.00365677887127664 0.115757603323977 0.142199148315759 0.379296177300526
0.0516968307151463 0.125013625318645 0.24213728769109 0.388564980387943
0.0659020247371114 0.130342955277661 0.287825149758535 0.367438070843462
0.0598260437705394 0.127538994700636 0.249718693984211 0.342250722039411
0.0174019009451967 0.119595524488228 0.161652622651082 0.287611572447112
-0.0512870550058758 0.105400805252342 0.0600542377296865 0.240600666270125
-0.0740130823615543 0.0238973923267565 -0.0151546236778178 0.133491543901808
0.00132481592929504 0.00727436456474096 0.0637876711407579 0.0442920664805477
-0.0599167647494176 0.0764832849703607 0.171325748679478 0.00894453661799315
-0.132030402886837 0.0615641766123625 0.455384906637815 0.0749954818078775
-0.0263524838530145 -0.120245235931465 -0.537030417479673 -0.146924570970509
-0.112425075241844 -0.113762901979472 -0.273679141349131 0.0151126365488101
-0.141950906309684 0.0153588968485422 -0.10726258242163 0.00794395150094896
-0.0323375815165202 0.0978797902096096 0.0578083424881896 -0.0566199257962063
0.0258251323811195 0.0757238685801709 0.0104562491161497 -0.231663841443521
0.0428160660906741 0.0372566266951537 -0.112457509487619 -0.327301050130087
0.0345786818763525 0.0142507167815665 -0.233299726779985 -0.383440968209516
0.0439099462762366 0.0252326496847405 -0.305553892279305 -0.403372103032887
0.0468873057945388 0.0400288779403948 -0.283630243545665 -0.399998910067031
0.0743776282003458 0.0814538962621357 -0.184846992769357 -0.361585951279324
0.0593653407418543 0.135040160867056 -0.0665309540829119 -0.285253604822795
-0.0453173567343903 0.170043037856793 -0.0293173266090049 -0.116249295982772
-0.215387474203931 0.0807821152497336 -0.218582469594398 -0.0763807476229239
-0.183002311459808 -0.114552230787329 -0.367145461137925 -0.198266454099817
-0.0695470733971919 -0.148159991646417 -0.41285583997246 -0.464964179161464
-0.179575026443001 -0.230230762371028 -0.501232119731428 -0.115830253399385
-0.258872390609748 -0.165080410247473 -0.26621856953594 -0.033295946152431
-0.282865427815446 0.0133973714776418 -0.15298610973 0.0125942285559483
-0.150556429361487 0.182551389409827 0.0406314259437492 -0.0176527467587477
-0.0199182759361521 0.231150886980682 0.0408464883038981 -0.179381100666403
0.0786571186745895 0.204392426205753 -0.0571084880341258 -0.297456990755505
0.122082566813548 0.16814595055649 -0.186572345659368 -0.354912253024068
0.158414929041295 0.180263254810275 -0.257744036378312 -0.365019175111993
0.153558995724421 0.203543475768516 -0.243493413580841 -0.344994105743678
0.158123294097611 0.269009404506948 -0.163012750788421 -0.292559676805497
0.0787422039042572 0.351396277903406 -0.0704875171967153 -0.208343872966499
-0.118671372717684 0.37205969941972 -0.0369045584843044 -0.0425375158658956
-0.405715390945085 0.234437342334146 -0.238848291237775 -0.0164478572306434
-0.459092465156344 -0.0857914889654856 -0.369129490259897 -0.163723825011086
-0.309946308480772 -0.235200386633958 -0.365528965418896 -0.420804193299002
-0.3158120712531 -0.323299415899103 -0.411476254109098 -0.0336704429879967
-0.400439655330347 -0.211363834552435 -0.210468630681943 -0.0558923491778101
-0.421266726479331 0.00445393606462332 -0.170328718897858 0.00485577945525436
-0.281593352307653 0.25440643526392 0.00541354843548913 0.00678863964386116
-0.0842792690208349 0.375001547019877 0.0432682932977911 -0.101387169649581
0.0949302223932115 0.363633335796392 -0.00458705740253937 -0.216273229517041
0.18916691689331 0.308671087519868 -0.116875771651269 -0.268825034067588
0.248102890107762 0.309284169274955 -0.170549925485465 -0.269670286313377
0.243506838415689 0.32969934436402 -0.158719689232715 -0.240975807308024
0.235814555434598 0.410203665989517 -0.103506300340617 -0.186031252701927
0.115158199414659 0.521701450962261 -0.0442961533998074 -0.106641835123997
-0.144343354949648 0.537606826737763 -0.0182862445129385 0.0319749115591885
-0.511129059791269 0.382121473376494 -0.205588610532934 0.0477991935768069
-0.651291275410562 -0.0144593846047783 -0.307352300037881 -0.113796181477755
-0.499998562322514 -0.263167005547203 -0.246543525751519 -0.340476172076282
-0.420579496883177 -0.37841012128268 -0.269294192927215 0.0973675653911843
-0.524306609071163 -0.228212565120517 -0.101114176414414 -0.034035348906485
-0.543100344609936 0.0184653607880303 -0.141541978277325 0.00424958881736778
-0.388462311437792 0.322457952745702 -0.0309547014007241 0.0275339515991293
-0.137129621261193 0.488692362087387 0.0265167264703155 0.00267408361448259
0.10011792806965 0.479973227390955 0.0406707392543542 -0.0854931671381373
0.229771296033961 0.407090641902746 -0.0349778749041509 -0.131864658182417
0.296937239928576 0.393148359036098 -0.0583298990982241 -0.131204553720672
0.293883368500842 0.402740212880003 -0.0455876988390884 -0.106564403847004
0.284014756621746 0.48542210434896 -0.0125912070995579 -0.0620120006516181
0.143642384645085 0.609498885283199 0.00824688974179554 0.00550506668285555
-0.142978195700655 0.614803512053554 0.0151993112556729 0.097074945455586
-0.527370191445771 0.460736241983255 -0.134032069516743 0.0867844740169343
-0.725806345070424 0.056910222227425 -0.19158796081418 -0.0739905814789352
-0.598188002484755 -0.245818904254107 -0.0714408665350914 -0.245121138447611
-0.469322011064587 -0.371794024247618 -0.084609494306718 0.251782954254463
-0.585971098914176 -0.196027230291496 0.048915011330994 0.0261138385551238
-0.586684958391027 0.0566289450295366 -0.0726015261892677 0.0198766873564643
-0.421469289843967 0.356839014390216 -0.0588147163205887 0.0586968250057609
-0.157100319961203 0.528584179727923 0.00377254993574095 0.126967693268757
0.0963098792772557 0.518699417278675 0.0795576987942939 0.0778146993872675
0.238235188397094 0.437735863809368 0.0542176558722896 0.0376332316293879
0.300709450628308 0.414743538219656 0.0625386832933451 0.0286648228607208
0.294221597755474 0.416599358687777 0.074993665227545 0.0387560184655928
0.274837857558113 0.485741365590905 0.0847299948311624 0.0608202358926067
0.127939349671316 0.592884908053835 0.067690305790682 0.109887672924731
-0.140563795943219 0.570013091863723 0.042706702059521 0.145434416651836
-0.462291539672403 0.426184468520452 -0.0544654958174778 0.0957979416432006
-0.666249476470966 0.0886253230094357 -0.0586967188573753 -0.0516808108478351
-0.587785172557194 -0.194433020222717 0.122641853843657 -0.145990344181199
-0.443855617484508 -0.290163072830646 0.117298086084219 0.394003119311904
-0.535281427551986 -0.113361103734948 0.202633115418194 0.0979125144116756
-0.498942514776452 0.0937237983042182 0.0136300089910654 0.0474456242501068
-0.352749461762016 0.318077475922182 -0.0684792019023863 0.0965775238304774
-0.133989628729554 0.460049047466609 -0.00922976230321186 0.241422213945599
0.0833582119926892 0.459036855190033 0.112881904086623 0.235018017065955
0.211345952984414 0.393255656335787 0.140315628722035 0.206466014187185
0.259027123056373 0.374464313283873 0.175149442253133 0.184213697512869
0.24611849276796 0.372054530830439 0.178111274876004 0.175299607833905
0.20735539112587 0.414438230129403 0.156243026312222 0.168568200309047
0.0665580368744609 0.480734309122897 0.102293605073275 0.190631885018526
-0.145699136733453 0.416496270995213 0.0453237547609456 0.168994177332618
-0.33633469583003 0.288835167171922 0.00786963854169782 0.0854815769793333
-0.50213431871521 0.0792080958731303 0.0558219386840748 -0.0363335694999004
-0.481734598346375 -0.123969640941437 0.293704872879201 -0.0552102634209669
-0.334097985104184 -0.153912008098183 0.298810562772142 0.486586713949307
-0.361676284152772 -0.0128204466433612 0.326029124034796 0.153937542683903
-0.290318008081305 0.0989889094536037 0.100519837557211 0.067053307294255
-0.210240424908129 0.197483440393645 -0.052335872091363 0.120283518754234
-0.0890679238448389 0.296974896544134 -0.0082451409999018 0.309655634647685
0.0535293612692392 0.313614096606321 0.139002962743989 0.348620688302989
0.147937755053339 0.282305041802335 0.211983228865773 0.338815444220865
0.177483077984448 0.276458183472055 0.259468078061585 0.310203678835054
0.162491216175906 0.272141732836163 0.243258758590139 0.287346988030541
0.111179895448142 0.287768438805874 0.182953147069736 0.250628434324442
-0.00867876924896279 0.305685136075145 0.098882506334013 0.238498910491921
-0.133733636141028 0.212322951628915 0.0207594605091195 0.167512086705652
-0.174860709938089 0.123444884614323 0.0438365356718193 0.0656603985239434
-0.281287035316578 0.0652272097459887 0.133166371558925 -0.0166738019400783
-0.318877212406665 -0.0374284726756793 0.414113463470479 0.0239485647517405
-0.156398015594073 0.00247442429709449 0.423494096405245 0.512148142935008
-0.112995789618514 0.0645293073710049 0.404066740055091 0.177594790672519
-0.0377301793915866 0.0486867330476478 0.179025169773817 0.0561864103956635
-0.0631731683695406 0.0268284367046863 -0.0214678874568559 0.104961024936402
-0.0490695398969954 0.0876633826160221 -0.000401814697776024 0.316594632567821
0.0048900108764965 0.123606834083224 0.150038834686293 0.400227020767439
0.055904836656085 0.132518029161191 0.256310995592439 0.411572943314717
0.0713041729181834 0.137205526926193 0.305599284619578 0.39041646595078
0.063653234600418 0.13414635845531 0.266048931685628 0.361900844125246
0.0173396042954624 0.126203594071763 0.170687630095801 0.301852068457217
-0.0534323570517137 0.112178551841266 0.0655204986580946 0.251974709127258
-0.0788630074219804 0.0250737761374884 -0.01344880855799 0.140691886557174
0.00236369269487611 0.00527426700897339 0.0677238729513788 0.0444186620069271
-0.0608593892178311 0.0807919118609062 0.18018168958802 0.0121329575183824
-0.137172190365185 0.0646894382890804 0.476513072075157 0.0837273427816078
-0.0455575794618469 -0.127877848377618 -0.586179449162288 -0.0592061128815996
-0.137163500339966 -0.105102186323835 -0.278754651941374 0.0621156265275425
-0.14662832256022 0.0404021115169778 -0.106066189720429 0.0236230474533128
-0.0175498434408147 0.108375344262846 0.0484454283628714 -0.0756908575622958
0.0425532077747441 0.0759167505302071 -0.0345833622197669 -0.245928421870114
0.0518766162759143 0.0328786812343666 -0.17804459786861 -0.326252803256469
0.0387470470447795 0.0104221592554332 -0.320466404076577 -0.368256086966717
0.0529977381436155 0.0187293507637553 -0.388494374001714 -0.371202634820812
0.0581266858705089 0.0338138608161706 -0.366476243866534 -0.378371877431068
0.0946929145256318 0.071961832902476 -0.251912992672281 -0.351725681194113
0.0877121449519395 0.128210152767376 -0.116016001027823 -0.291742900629919
-0.0198660931150911 0.184770876741227 -0.0479747986581619 -0.11938093170183
-0.208964812926469 0.121092833507729 -0.240635176274433 -0.0398406387993238
-0.206235224738017 -0.0880657744012056 -0.419464382816323 -0.144547869078354
-0.096270827505921 -0.13991341933836 -0.507776247296524 -0.432544909005914
-0.229156323091783 -0.217204007280091 -0.526403469171713 -0.035283141187482
-0.298598880927738 -0.137611243312155 -0.273926849176647 0.00646130855861537
-0.294347710942572 0.0592806097036259 -0.146017498741091 0.0328307231636888
-0.129834283505339 0.214843275207191 0.0425680512217208 -0.0354306015024899
0.0184470675492656 0.244148142727195 0.00807618655674512 -0.203929446221126
0.116613308930372 0.202750998570878 -0.117067454380467 -0.312161986279515
0.154526300155306 0.15914482297179 -0.266389340285952 -0.350374692833662
0.198283704831194 0.163548016638457 -0.333860709374452 -0.340571160864065
0.198446354940831 0.187206535641906 -0.314400710758396 -0.326166634843031
0.212232633013865 0.253510831684039 -0.217175860131802 -0.283493696601022
0.142074586536517 0.349877852221464 -0.104623662333872 -0.212160296682998
-0.0642938082191381 0.405001204532292 -0.0393301535754453 -0.0438719096693758
-0.3806073881975 0.312728298448618 -0.247932391613363 0.0282450174026953
-0.48781618931657 -0.0162978656298177 -0.414279527394548 -0.102238500821726
-0.358067113618654 -0.193712200305067 -0.454845195722863 -0.392007980994046
-0.391462929070419 -0.292321963934117 -0.404947653744125 0.0348097124303184
-0.454583976087745 -0.165112673487797 -0.213723068542956 -0.0302619085300915
-0.441876889844136 0.070830048018417 -0.157450506692123 0.0230674319384987
-0.257071553663925 0.308648970230197 0.0160816638722043 -0.00784577928170904
-0.0274203880548117 0.404204352280197 0.0279509716786672 -0.131432248974523
0.158934497532583 0.364189397115157 -0.0502829145601637 -0.244171862707388
0.24771194046774 0.296400444093367 -0.17830638710059 -0.275469518050967
0.312134267276851 0.285804236898486 -0.227062614667286 -0.254727394961453
0.312302845044089 0.304528789480775 -0.209308110012452 -0.230880543574698
0.315531260086119 0.387534694727642 -0.135328075148617 -0.18254380314635
0.209401071015033 0.51937206044357 -0.0594973778274198 -0.112035037947057
-0.0661802301043872 0.580237847418082 -0.00455075500495624 0.0294329967813984
-0.466315502818889 0.481664866369488 -0.198517142225818 0.0892644818540202
-0.677098854037112 0.0888666854340341 -0.340232432504955 -0.0549477530951111
-0.558945184139319 -0.194577173921847 -0.3175783673364 -0.32463132726846
-0.515771722338154 -0.332862059335639 -0.221072290750935 0.147451229122749
-0.588372960027579 -0.162352590574088 -0.0907382667843399 -0.0281460242769313
-0.56813460130748 0.103432187797777 -0.120501138727926 0.0110609010834244
-0.360198789475456 0.395795218425146 -0.0130908570011531 0.0167672907575299
-0.0675519841730472 0.530739293373205 0.0316114392885353 -0.0257830262890376
0.182543793455515 0.487227016449782 0.0184608124556504 -0.120340466629473
0.304794409265369 0.394795131599196 -0.0645944978784737 -0.146253091875089
0.379568876215486 0.365399331024546 -0.087328691127339 -0.128849106746402
0.377614735424482 0.372852125076129 -0.0668154321615068 -0.107513030794569
0.377238270067973 0.460145207627248 -0.0184152334929875 -0.0685108104672969
0.250921457326172 0.606684746161 0.015624595117475 -0.00392740160006812
-0.052894106033525 0.661402319543527 0.0432263276434807 0.091036729585389
-0.469027900356369 0.567380861060758 -0.115546253090836 0.116928805761946
-0.742663542670624 0.174693972706292 -0.212354852817565 -0.0301876761218132
-0.658244894907737 -0.161059069955183 -0.120459377890135 -0.249469367458554
-0.569315206921339 -0.315097931549102 0.00588563580857476 0.276263345151452
-0.650234145906221 -0.118232666609848 0.0798785148860748 0.00716075683330591
-0.609257968443317 0.15064476236929 -0.0433144115260657 0.0114052323387771
-0.390845296758619 0.436341775948953 -0.0350803045224811 0.0525840134759096
-0.0857566017641489 0.5752289352189 0.0318531747181472 0.105305708571673
0.184469212788328 0.527623456161637 0.0877417019531506 0.042713829523242
0.318907558115096 0.426430545087504 0.0626062527796018 0.0172772249714102
0.385636785637357 0.388856754985354 0.0668390033643187 0.0188785443892531
0.379088594480779 0.386416389246986 0.0855921013812531 0.0264007117266259
0.36643168352663 0.460922627403585 0.104211927493979 0.0440498541058852
0.232852471738969 0.593266966674789 0.0956357345677559 0.0962505865751642
-0.0586550832062677 0.614707707328589 0.0803972479768511 0.137601613617373
-0.407041326653928 0.51823400098168 -0.0309609140752586 0.112721048110954
-0.675224195095077 0.197589141284018 -0.0669983999831327 -0.0289198702198607
-0.640957956727358 -0.110779696998862 0.10005167226682 -0.172944970106134
-0.530333583798591 -0.233069623295355 0.239529863218073 0.389926919950384
-0.585050360450194 -0.0381696858972386 0.252143363320001 0.0557994543922428
-0.512547514162087 0.176288779322768 0.0470264346934051 0.0253650056300645
-0.32548905376836 0.385361964994585 -0.0405684385416976 0.0973580447923317
-0.073623637566288 0.500721197022737 0.0375737069786705 0.230218335489074
0.160309828809191 0.468713930551782 0.151547850478618 0.206463322512877
0.281919861588429 0.381543546350567 0.186020675225059 0.182214464479436
0.333038647618595 0.352686652472502 0.210900984259336 0.163028285530133
0.320535119590059 0.349005900259938 0.217959308827049 0.154087584879032
0.283159007578359 0.399247617012486 0.195992878913882 0.145497109096502
0.148283165624807 0.486370914819509 0.145719448917716 0.17663943004594
-0.0875210846138917 0.453502325845988 0.0856058887496473 0.16526300204486
-0.299189414659567 0.353316327205617 0.0292137655761182 0.089354027693528
-0.505925537295721 0.162481550226667 0.0540409437881477 -0.0356326454794458
-0.518349996597077 -0.0541195244762075 0.296793075868462 -0.1018884348834
-0.390361074025959 -0.105384929863486 0.434090309748675 0.455775323203404
-0.388053161251909 0.043203298626907 0.383115338238097 0.0962269511345029
-0.291226928677309 0.14938786434841 0.131110932701194 0.0373459644574391
-0.194387736304611 0.238226437234117 -0.0243826739244798 0.124074723244015
-0.0524157369056536 0.323480300654919 0.0500673652254768 0.309573076022232
0.105028251920702 0.319588445138435 0.200883502844787 0.328279908846063
0.199165171575437 0.274312882479546 0.288479172185476 0.31525677168291
0.230748880196634 0.263086835448177 0.322724700265638 0.281216035294806
0.214571158895574 0.258991493079468 0.306475626188059 0.262089445401849
0.159683273649797 0.282795628426574 0.236648029179696 0.229385006572709
0.0406693852007815 0.318059273844773 0.147633776645195 0.229890205979997
-0.106824812039665 0.239310395816118 0.0568760339697085 0.17108556791131
-0.159744768085823 0.154522095887328 0.0602962234161846 0.0610903589325602
-0.280184708289046 0.112079747276368 0.137842515850789 -0.0316534412408066
-0.33607686987346 0.00940633408020998 0.43787393143131 -0.0366207175154898
-0.172099010324677 0.0302257105257052 0.550348545513725 0.462077289580395
-0.112261539345728 0.0872308534477774 0.460316641208064 0.113649823245147
-0.0337955865048378 0.0569106573907201 0.200228411812326 0.0220431747430909
-0.0648920404131459 0.0374580092095673 -0.000148316001751248 0.110882637848572
-0.0428836168311892 0.0989875311010443 0.0575218671849283 0.325548116823018
0.0233663781340782 0.127510040213564 0.225407772948916 0.390538836182902
0.0792933620827773 0.131122462464135 0.350541362602274 0.390187702909051
0.0956173752935961 0.13404117201349 0.384671126264687 0.356963914634329
0.0869655820039096 0.130680191706815 0.343231262874281 0.338168873462776
0.0348229902020103 0.129665422139927 0.230948097110811 0.288066295461337
-0.0388296577491257 0.125623998850013 0.113616660108762 0.251723780952733
-0.0784164098517994 0.0372093131320029 0.0126160347223209 0.150353605127494
0.00279381838589704 0.00288189462234006 0.0784800043836486 0.0329092677515261
-0.0494371369814667 0.0926634255494123 0.192871356155618 -0.0133458583344475
-0.131486489319408 0.0865804759214246 0.513668605221942 0.018484987548963
-0.0594347944685234 -0.127035179732136 -0.606228124464785 -0.0105572429018235
-0.150469464070095 -0.0937305882184146 -0.278276613836932 0.082965892498802
-0.145641218234714 0.055131576513978 -0.106377696490384 0.0348248442878407
-0.00659176299911675 0.112713096992819 0.0398675977322928 -0.0822901767896598
0.0513888639254978 0.0730069878045416 -0.059349028051303 -0.243414480769223
0.0545166186849452 0.0281784369864805 -0.213392718787513 -0.314977369750074
0.0391612250986192 0.00755102293864636 -0.363386457167951 -0.345482748013708
0.0550759502135991 0.0150723640411518 -0.433560096846896 -0.34529471613117
0.0633649205375379 0.0307612709091148 -0.410746013608064 -0.353779150742467
0.10486553675377 0.0640574733524795 -0.28932987674083 -0.337234889130285
0.101441067503822 0.120669364605303 -0.144188185280535 -0.286900034196346
-0.00195299690495691 0.189339515734176 -0.0593709690834119 -0.117285519649853
-0.201712233134959 0.144785438046584 -0.249744801353422 -0.016058317634441
-0.219355422116496 -0.0700820149606211 -0.438936428294695 -0.111010360275963
-0.111783842510809 -0.135063572209426 -0.558970542828917 -0.40089083514505
-0.253909173292897 -0.201182045601275 -0.544762391412091 0.00860581577619253
-0.317823531682774 -0.112697564822828 -0.279824968196973 0.0248385628393491
-0.294420128983468 0.0869871597180342 -0.146573805586638 0.0481267368325554
-0.11085345349386 0.230609255250898 0.0367816387153382 -0.0401914583525574
0.0434155652567405 0.246790113315126 -0.0114356797470577 -0.205313608296457
0.137250903878392 0.194867215044278 -0.150000570827594 -0.30701464572492
0.173372279874071 0.148242925354586 -0.306924921289818 -0.332232088306471
0.218431444288167 0.149594853239914 -0.375763095370253 -0.315946265534231
0.221835333082531 0.174174809992127 -0.355210224170656 -0.305597640466419
0.241922430229554 0.239550822788264 -0.247860981506579 -0.271476713265736
0.178630281848209 0.340285311650793 -0.123621694085866 -0.206195251823915
-0.0267192869587055 0.417765286726665 -0.0428779690851 -0.0420155271840698
-0.359599010886313 0.354493741531368 -0.252041458459639 0.0530930308012696
-0.500763473899189 0.0283457794932549 -0.43279983230068 -0.0684762838965652
-0.384819923398971 -0.167877335733632 -0.502475685404438 -0.3637748160269
-0.426461944781002 -0.263591171455381 -0.41419687467655 0.0695499829343395
-0.479337184027728 -0.127737688486777 -0.224563479087155 -0.0178943062336133
-0.443647455861037 0.111741439564633 -0.15937166100423 0.0382579881081429
-0.233382387625845 0.338824972858356 0.0120412037201644 -0.00880366054011961
0.0117642361551599 0.41466156887012 0.016554091554675 -0.134096627451922
0.196190454435746 0.355443737863253 -0.0757808623823805 -0.245007560664564
0.281436506972696 0.279351806321373 -0.209778382130926 -0.262477406864585
0.348252566152677 0.264864922563582 -0.258426897652849 -0.238959461353238
0.350569743048335 0.284143604131333 -0.237539709859846 -0.217149561762023
0.361058962139302 0.368739614827313 -0.154832882461482 -0.176382862886407
0.263391642641967 0.509196543170004 -0.0666764346891465 -0.107934507223265
-0.0130301922936827 0.596021222472076 0.000748977423167096 0.0297068016603889
-0.430495252074747 0.535174275746073 -0.196905411747449 0.110131158917516
-0.682594322393332 0.154644225773403 -0.354958996235908 -0.0264417350617261
-0.592010205480116 -0.152429215204742 -0.357860636890788 -0.304636574190013
-0.556670567148099 -0.292668235757892 -0.216396288737657 0.16808113880029
-0.615399091510295 -0.113563434029175 -0.100508238620547 -0.0274782344964925
-0.569841328415996 0.155403621014742 -0.122813752398552 0.0221400646611948
-0.32971991439299 0.436195240435778 -0.0159657962540067 0.0176975861775502
-0.016823736778826 0.547605006386532 0.0304820186120989 -0.027763364624239
0.232631060153337 0.479103857428036 0.00628625583879866 -0.125268815026405
0.351581180688012 0.372328632806503 -0.0814952488043934 -0.14006823802761
0.422567508280782 0.338712960565007 -0.103222716589422 -0.122330003991348
0.423120924795269 0.346437370999182 -0.0796069758783692 -0.104171627806591
0.43110077561812 0.433638145275215 -0.0247619904975986 -0.0708772935204687
0.316346456156013 0.59493443151303 0.0205505987232577 -0.0053654597365237
0.00860637864831841 0.679134025599151 0.0550116555789101 0.0877023001428782
-0.424820295189883 0.619561111727965 -0.109630871560663 0.129928839797715
-0.741948474493274 0.248396684414559 -0.221482643514028 -0.0123880018333154
-0.689827147449235 -0.108762508269115 -0.149268308911978 -0.243503517585341
-0.609565800008792 -0.2703604322394 0.0278323807206087 0.281303281578729
-0.674486562114498 -0.0633893811549225 0.0759862021362525 -0.00586266546671297
-0.608651652839471 0.205941132272179 -0.0439598146391954 0.0139088922907274
-0.359066161205878 0.482301373199822 -0.0346691187290296 0.0561505010259753
-0.0324142297386679 0.595749270227354 0.0425330318657966 0.10449018454803
0.238851546522538 0.521868852132844 0.092271733882904 0.0347193273813613
0.367673847115542 0.402718862328947 0.0638988886493438 0.0148674856155942
0.432526726277452 0.361846251124818 0.069743184155966 0.013770682230142
0.427780062091126 0.360361213950187 0.0900118105009187 0.0182864909563793
0.42007185284283 0.437474082393455 0.111217522493361 0.0326123154877336
0.295646250809121 0.582445422337318 0.111198658889672 0.0895582561747726
-0.0019881594172202 0.631742329348007 0.0981611327097436 0.131177644318975
-0.366944372508846 0.564761842461614 -0.0235257498363307 0.116986265371039
-0.67102792752466 0.265545043000858 -0.0735565501648068 -0.0239161221068544
-0.66516696244594 -0.0592109072805362 0.0829861379750223 -0.183695671815123
-0.562180330292247 -0.190229810866681 0.277811248345619 0.377719439678844
-0.598906198742727 0.0130732651128238 0.256446190489269 0.0306795167380211
-0.506674947996848 0.223256713518474 0.0493158093657703 0.0193530312275602
-0.296583801193281 0.42345193850141 -0.0356421027930445 0.101946812262245
-0.0279923330464423 0.519248161166349 0.0595674337555618 0.230881008712091
0.208782151528844 0.462715430426643 0.173217814650622 0.195665484783514
0.327769787614858 0.362797347821719 0.206923971630485 0.172159030121393
0.375747397664158 0.329376027854162 0.232184223349869 0.14848676481595
0.362245677322719 0.326124589072012 0.238266596732263 0.135995810843349
0.328835076042139 0.381473075559858 0.214099393910272 0.127726352097682
0.201082350236374 0.482085538705796 0.169244750672851 0.16542704129274
-0.0467431976133688 0.470889243764008 0.105949990275923 0.159548146654616
-0.273496142995211 0.385347004829111 0.0353757960932128 0.0874143368282328
-0.498558052950381 0.212591985158628 0.0503036630824108 -0.040284672110809
-0.535440564995545 -0.0129128990374158 0.290618648640497 -0.127525220120198
-0.406704637417358 -0.073835634976532 0.484056402846538 0.43022630114159
-0.390058572331197 0.0782539342036536 0.396368737222373 0.063082687461048
-0.283262402993437 0.17635204246097 0.136677084139469 0.0232421318524476
-0.177314619676851 0.261366865296076 -0.0152809665010248 0.12813301586892
-0.0232967949770473 0.3367217827804 0.078957187132881 0.30904841960559
0.138735400965864 0.317378733734967 0.235292650767713 0.316001640796601
0.231597717068736 0.261777716734512 0.324897134421307 0.297106416775147
0.263257106289726 0.246803613937037 0.357863911270396 0.258985911307572
0.245400104023073 0.24375889169956 0.340033181697166 0.238808018874485
0.189779683850978 0.27409532868964 0.263541355404947 0.210122536598496
0.0745007415811202 0.320753412038137 0.175040640843858 0.218859685944687
-0.0869496034384176 0.254636903820657 0.0760980862083956 0.168711236182589
-0.149564188154798 0.169064902378687 0.0649421620600023 0.0550440662176235
-0.27364723073825 0.139516565871454 0.136081294747024 -0.0436931325393259
-0.340520851673223 0.0379507506100012 0.442150121743407 -0.0725862983524847
-0.171844860884409 0.0461449082949716 0.607128159981403 0.425859423904653
-0.104512339324452 0.0977595833841465 0.47896080243846 0.0752335399277402
-0.0286990125497351 0.0590812345679673 0.205957529591056 0.00207950643139432
-0.0642128395725786 0.0454325513811532 0.00905704317905343 0.111823023511612
-0.0347772121915781 0.105893291968968 0.0871071247190117 0.324856334204815
0.0373450097100224 0.128914830502565 0.266605925169549 0.37795727229471
0.0956626007777532 0.12659721791903 0.395333907138995 0.367007442548034
0.112465106974633 0.127758568534694 0.429551866711943 0.329057056935546
0.10201102380973 0.125591342633308 0.385273252788279 0.312605591997398
0.0472443766841563 0.12981475651794 0.263027954861543 0.271611980239583
-0.025921098070359 0.132802913322705 0.140772163135234 0.244590111818474
-0.0764893299736906 0.0456412274679929 0.0296804168604266 0.151730085693562
0.00312289466980783 -0.000431687453646866 0.082302130630198 0.02390201389166
-0.0394761235785743 0.098755982940425 0.1951675943379 -0.0290830919100202
-0.124447082468632 0.0995315955597262 0.525708726734375 -0.0239140227586122
-0.0684997121966482 -0.117778256480533 -0.592023287722457 0.0360772631665841
-0.154892430156804 -0.0767060146625985 -0.264039977989578 0.0974090661857335
-0.137145307678098 0.0669526595567762 -0.100988573360686 0.0436773772395168
0.00384445403252245 0.109129513683315 0.0289328601006176 -0.0821929945409783
0.0573299906066986 0.0661685034980263 -0.0782069949949176 -0.226667342080065
0.0538754736351143 0.0229554711901669 -0.235103628025657 -0.286524135801936
0.0371763381007395 0.00449065909065503 -0.384494431448267 -0.305254681829752
0.054275528467586 0.0115015312891604 -0.453794258990773 -0.296278328837592
0.0654032353021478 0.026257542198496 -0.431513765295019 -0.309260968644022
0.107906731556696 0.0520652926094847 -0.308879120185849 -0.303469841547833
0.108094043571764 0.105887638888676 -0.16208935165011 -0.265279298796469
0.014750519850942 0.182866853418946 -0.0670724292489276 -0.10862750045648
-0.182201886846371 0.158565832358238 -0.243368881084299 0.0075935677515093
-0.219473127356668 -0.0490468355686664 -0.43387769296352 -0.0733643482275112
-0.120273651482131 -0.123492518462084 -0.578095850952726 -0.348832712933453
-0.262792947747571 -0.174143944569104 -0.530012949366538 0.0512478597428129
-0.317786139794573 -0.081823040145774 -0.272298552323558 0.0422538728029903
-0.277908955661151 0.108775979884254 -0.137732045041168 0.0601093596852914
-0.0870184148805353 0.23246873615667 0.0293564205265599 -0.040962943097318
0.0654764337997206 0.235366703110983 -0.0289032364432866 -0.194464351041619
0.149647092589808 0.176352480569174 -0.172907110796616 -0.284591878114034
0.180606114262646 0.128978271685162 -0.328215319056831 -0.294219228953836
0.225230956821977 0.127399389781524 -0.394241607878217 -0.27481790643545
0.232820749234221 0.152015587039911 -0.373223416079601 -0.266889510607291
0.256108187841463 0.211816190592937 -0.262466417704594 -0.244072865792878
0.202856407661416 0.313092362704432 -0.134061918649139 -0.189076084760318
0.00917660222573416 0.406023043697433 -0.0438256003368834 -0.0372385760848049
-0.316942466945489 0.374805253920091 -0.241024988823716 0.0746856311576974
-0.481983458235454 0.0709094194715688 -0.426950477989552 -0.0315079989504903
-0.389828268759011 -0.134193811810134 -0.521172330348356 -0.31422293468382
-0.435676001642318 -0.219328227581438 -0.400212272255439 0.0990885633518901
-0.473686722642892 -0.0833000412898353 -0.22493521770018 -0.00503291568012309
-0.420877244527398 0.143062374907461 -0.152145964536646 0.0511466933134009
-0.195994907006212 0.347608506439866 0.00749525911888805 -0.00921133394455304
0.0482737723508813 0.399801360729091 0.00522723353039724 -0.128369813993817
0.221294940675982 0.326997402752091 -0.0951172328526579 -0.230545472378563
0.298807563888021 0.246981049657048 -0.227770879762409 -0.234884303917356
0.362905176244829 0.227463009021009 -0.274780715250745 -0.209461117070243
0.368797633619701 0.247312874777327 -0.252044168021413 -0.191473565835069
0.386398838011978 0.326200038016805 -0.165099339723388 -0.161284707998988
0.301310239417266 0.470328710019164 -0.0702694506739488 -0.0997626119491697
0.0389877447580701 0.577759804857942 0.00534010244259156 0.0273488435284098
-0.371067010845988 0.556379727498161 -0.183295539548713 0.124310435388189
-0.650502823507547 0.209300755892441 -0.348265696605393 0.00301847884897614
-0.588421962552287 -0.101934323051308 -0.378804324911541 -0.268232417346842
-0.563851661092932 -0.237334295045887 -0.200205476474132 0.179551218781765
-0.605289199498905 -0.059607786397178 -0.10697018377877 -0.0241592452801204
-0.539381539135814 0.197509311873603 -0.11859711080783 0.0303854016402776
-0.282583967983493 0.451455803992373 -0.018215732785606 0.018812145321605
0.031307558950786 0.532153144477458 0.0277912433987868 -0.0279883293339263
0.268343583302989 0.442406853159192 -0.00583215512277869 -0.122818476288066
0.374746765848504 0.329584644182782 -0.0924369348790931 -0.1266726363953
0.442447250868206 0.292232371883274 -0.112164750178025 -0.109314361163522
0.445620332453505 0.299567779755911 -0.08775017911786 -0.0947509768678169
0.460701966765787 0.384615372473613 -0.0302216375862119 -0.0701626521277492
0.361679651665658 0.546894354540601 0.0242886362368092 -0.00754752170825009
0.0671782612933109 0.65668802445261 0.0636164931061606 0.078248167812438
-0.359897284836275 0.636930597598109 -0.0980264987636221 0.135785803517365
-0.698039219564157 0.30417978393042 -0.21855718718817 0.00579159362913592
-0.680824164758828 -0.0528230136769696 -0.170291143078264 -0.22273836979828
-0.613582001818151 -0.210636795783521 0.0474342249980296 0.270807987013258
-0.65630527097124 -0.0059744145955826 0.0657088628228923 -0.0162653159061208
-0.57140749235123 0.248798770299951 -0.0430958073798212 0.0153379144596338
-0.307667431850736 0.499170375803741 -0.032662073535598 0.0570578702268414
0.0199203863192818 0.579409065413102 0.0494565952172945 0.0978949130517648
0.278718395279412 0.483909534994699 0.0915857413938032 0.0242538391592327
0.394811260286511 0.359531376767467 0.0630204122863315 0.011597590495117
0.454812924677632 0.315005933235832 0.0687064367402085 0.00862413496997805
0.449921037094519 0.312811262203651 0.0887647576311065 0.00921482370293561
0.448788014316909 0.388280786103256 0.110346500009922 0.0192671694164397
0.342040613788872 0.537528458972099 0.121096691855888 0.0753707500491362
0.0535205459965502 0.610990543034698 0.109257380119822 0.117326465873804
-0.309464460196316 0.575298727548661 -0.0155809694698379 0.115216121343037
-0.627118929951086 0.314376397098908 -0.0760371620899486 -0.0169795796274858
-0.65057901687041 -0.0070362688855555 0.0610838819703765 -0.183210075894396
-0.559376769580368 -0.137721610491359 0.299871043161553 0.344415239891941
-0.577632225241731 0.0604700005250107 0.244941988789365 0.00596615919890095
-0.470572175672162 0.257939091450075 0.0484172408217803 0.0119199265333626
-0.252544152623592 0.436631706984606 -0.0288438624938767 0.100792769348674
0.0185482119095274 0.507417962794845 0.0765677173430729 0.217473046366374
0.243186607857426 0.429827945011892 0.184816485279644 0.174480347834411
0.352948209839092 0.322894421491783 0.215872941726968 0.151563067472019
0.397415040505316 0.28644051995175 0.239255412064435 0.125075324771301
0.383060790575617 0.285354425618864 0.244393571276187 0.110996908890784
0.353191882024161 0.341264117278132 0.21815565051591 0.1027601750767
0.238773279076557 0.447203038189888 0.183413614704057 0.143905100301329
-0.00525949885154429 0.458683230272321 0.119727154255755 0.144332334361182
-0.232826031791831 0.394284501734928 0.0394708701891264 0.0809373084903174
-0.463785740647104 0.249348743268415 0.0428353110898952 -0.0423216293750182
-0.520165494660643 0.0300334453888016 0.268840335748505 -0.14493539347673
-0.400434774697566 -0.0384229251244864 0.507306635738827 0.379683688035503
-0.369180573888686 0.106775864170449 0.38660089527334 0.0273358294667924
-0.259369518631218 0.192113643622609 0.133739222237632 0.00919429406035004
-0.150756912662312 0.26867664142806 -0.00646554561360078 0.124441713068246
0.00623693762747772 0.329100691561274 0.101547989710738 0.291205171030112
0.164080876409672 0.295458726766259 0.255437847410987 0.286200265312202
0.250464715732182 0.234327609024386 0.341735131452081 0.262692516478313
0.280149815704867 0.215980706026087 0.371569003889217 0.221527271087278
0.260110637040258 0.215964681885316 0.3526947161301 0.201534863539504
0.208981470106418 0.249777148197247 0.273651326455944 0.179194867928101
0.102374829158488 0.304059438949585 0.191861673034376 0.194899578576199
-0.0625809673280739 0.2540279126929 0.0911364166858041 0.155650076771875
-0.131723368554423 0.173667504302928 0.0651126230975228 0.0468263936399303
-0.250924384012795 0.158775743464204 0.127437735973206 -0.0512780387123975
-0.326400438544444 0.0625683432660874 0.421793650349044 -0.103831567128084
-0.16139530060251 0.0572578741691595 0.626466561820502 0.36649762693102
-0.0916160713847434 0.102813343692068 0.47162021976555 0.035702800974836
-0.0223141032945486 0.0577177638891516 0.1990895234667 -0.0172890438550825
-0.0592479525462271 0.0507233197499188 0.016182143097872 0.106573759326162
-0.0246540397462513 0.106723004471094 0.110247375959122 0.306064775761354
0.0492899224049906 0.121288108688263 0.292180608559279 0.344675554514761
0.105907745433275 0.112960645221431 0.41514920640588 0.322870358039437
0.122335615072197 0.113531209461775 0.448324374905867 0.284561629621048
0.110179813626439 0.112190871878418 0.404873260240416 0.268676314345309
0.0569359830573987 0.123153390230536 0.277958108691325 0.238881743982263
-0.0116097757567181 0.131091625401986 0.159383536474869 0.221386960962222
-0.0704511756260288 0.0519023621409402 0.0434724284328463 0.143455008732304
0.00207110931723552 -0.00330582223107 0.0800798721788542 0.0149256286591589
-0.0279645635602157 0.0985840151113823 0.186180210283955 -0.0418377807630986
-0.110148853654826 0.105619884178477 0.50842046139041 -0.0621442278177586
-0.0703732554419306 -0.107940322072738 -0.560628863932282 0.0572185583528497
-0.150824248134438 -0.0636373536879595 -0.247944529240723 0.0981276010835361
-0.12695575495146 0.070450823742892 -0.0933702975734437 0.0464345940854868
0.00954442375653126 0.102447074151756 0.0214993902538952 -0.0782316590659081
0.0586735399646316 0.059605858805366 -0.0847243694333974 -0.206897276012341
0.050593691372994 0.0195775105150582 -0.237221697399796 -0.258328308066468
0.0341567392800815 0.00378878182188415 -0.380771810443761 -0.271372486277169
0.0513651295482835 0.00946020652611481 -0.446255965984133 -0.261472252759044
0.0644525692026544 0.0227666170263758 -0.423189733142087 -0.272744628913683
0.104776726914734 0.0436682570670698 -0.305091381870157 -0.275080522313935
0.106524009407251 0.0932917355201109 -0.163793104173201 -0.242964247386524
0.022835963099544 0.171238435148659 -0.0676111052936236 -0.0991248583593898
-0.16402504022574 0.159065468225442 -0.229435626058538 0.0203300596083343
-0.20972532069862 -0.0363979671428882 -0.411609069414589 -0.0522854319049196
-0.120393005738207 -0.113026887208758 -0.565501063508892 -0.309054795101901
-0.256298213636654 -0.152780845208338 -0.504906431484839 0.0685435040178422
-0.304701029349619 -0.0629454933519053 -0.259841226870235 0.0456619885085141
-0.257527708617964 0.114613618465791 -0.127971435241159 0.0631986471292449
-0.0705788261808337 0.222861495031082 0.0228734846502672 -0.0388332594019722
0.0746908621518965 0.218267769938207 -0.034993300186412 -0.179663146251768
0.148730565469503 0.159039876731104 -0.17829156554753 -0.260590384116269
0.17598624741441 0.114250426916535 -0.326375047034384 -0.262506695490448
0.219369495119847 0.111488957506147 -0.389882339587049 -0.242579270052678
0.229789935897558 0.134273213345075 -0.367360383245538 -0.236346692338727
0.25412090110689 0.187968871611537 -0.259362751813996 -0.22248488113923
0.205887090780106 0.2846003223269 -0.132631093530776 -0.173250396005645
0.0273854394465451 0.382050146272226 -0.0415541446070283 -0.0333334399850284
-0.281462625455853 0.370121829117427 -0.225478876143693 0.083223963155667
-0.452580158023001 0.0885537792256876 -0.406564570592275 -0.0144043981893584
-0.376942391120866 -0.113308136741373 -0.512099027836515 -0.278258821529239
-0.421213391259623 -0.187982137506669 -0.378375717219695 0.109444185227554
-0.451710059421352 -0.0575060711773772 -0.218546380589265 0.000364388156776207
-0.390843032437532 0.153350411995969 -0.142118536870949 0.0550069270161525
-0.169642767844677 0.335785456932684 0.00319504622619398 -0.00798732171639019
0.0666080568471952 0.374718522785396 -0.000160004606269473 -0.119782357489988
0.224899693618019 0.297884142766258 -0.102155439847017 -0.214028120665831
0.294515473598 0.219223351248646 -0.227685582859435 -0.209736812676854
0.355483734820818 0.198941408067668 -0.271773171877571 -0.185622207641186
0.36286006089786 0.216720480968619 -0.24940290546287 -0.170560943180979
0.381661711533855 0.290761580888715 -0.16355461813908 -0.148410593861971
0.307673247019085 0.42859613345189 -0.0657877355410244 -0.0918826657448822
0.0620565408321496 0.54516700944916 0.00800593335864409 0.0239200316115725
-0.326900011787002 0.541397640471254 -0.169288491278434 0.127021699123482
-0.60481124121243 0.225814711554257 -0.331757609477714 0.0162031153766696
-0.564548437230236 -0.0755372602546929 -0.374333661633155 -0.237055577596787
-0.54169643803596 -0.200539275810164 -0.1853397228793 0.178017935077359
-0.574505864267661 -0.0306926574963553 -0.109563798313781 -0.0220224943612605
-0.500904507498505 0.20708412067274 -0.111790964163811 0.0335546633190434
-0.246390433728659 0.43892876799726 -0.0200491169645095 0.0183919042576684
0.0554202507189572 0.50224242301166 0.0251865231803761 -0.0269732170383782
0.273946719441753 0.404310152252699 -0.0120519170590738 -0.11670435049095
0.370247753068527 0.295072433155655 -0.0942285007098542 -0.113689184362287
0.436800408979484 0.255349572627896 -0.112413785996716 -0.0977418541578261
0.43870491183197 0.264338830820753 -0.0889763233441899 -0.0865877263114877
0.455237397064456 0.342874605348872 -0.0329558919479802 -0.0686598815204462
0.368354941218957 0.498917359224652 0.028324000606467 -0.010172538971509
0.093370550335695 0.615632160549656 0.0657642800975523 0.0688218098963532
-0.312657607642272 0.616646706448373 -0.0885741256468345 0.133454009510898
-0.645783186209624 0.317559773753052 -0.209084612326102 0.0154487770307267
-0.648286218250789 -0.0253541166881433 -0.174861406535949 -0.2015697720628
-0.586820686325242 -0.173119601155195 0.053876847616373 0.254442538860483
-0.621065102257113 0.0213011035825333 0.0543953778055821 -0.020914174536862
-0.530767400772565 0.257863812678498 -0.0414377081919108 0.0140658639504601
-0.268251917516822 0.485371919156212 -0.0328567395344323 0.0547739250263308
0.0486240504685899 0.547875738096812 0.0513845034765728 0.0895667553989142
0.287487570997081 0.442609065537262 0.0865110185519967 0.0174571291646466
0.392959874486056 0.320304585407223 0.0598503826046383 0.00977475235503677
0.4497481368346 0.275674222479229 0.0654504403517965 0.00616380689276189
0.444115991630478 0.276264284658282 0.0840612234712969 0.00427028128333942
0.445855385741893 0.347258065973986 0.104464000174037 0.00922589538371316
0.352085011055931 0.489522513656813 0.123590211724628 0.0628395653203994
0.077575264998179 0.574400719323079 0.111320727619474 0.10398822052213
-0.266515553669365 0.55689266421459 -0.0117812603266261 0.109221147568929
-0.576612725446176 0.325807612938617 -0.0754807941264557 -0.0115774691352852
-0.618639558787685 0.0172594224136982 0.0461972361848663 -0.172327606934462
-0.534113606435128 -0.106970352021495 0.297845002474745 0.314749482570207
-0.542736205428278 0.0807634272278285 0.226464369497975 -0.00575576261319048
-0.435737341797251 0.261241706924118 0.0455597658897674 0.00723552508253285
-0.220640586957087 0.424965057979723 -0.0261712996008095 0.0966190037426834
0.0418920258087279 0.478625724847552 0.0809706293148099 0.200460175499214
0.252246463459931 0.393238063237758 0.181715642286757 0.154652290911926
0.349772400082589 0.289359570861914 0.212026133946908 0.134692048006053
0.394000786892053 0.252159820255165 0.233409653890501 0.108067370630127
0.377674878033213 0.251751091560518 0.237596935251777 0.0929410326704443
0.354672763068993 0.306748959018183 0.210282635460712 0.0840041653382684
0.252043254285699 0.411726731376628 0.184125373570963 0.12471717126625
0.0174843637033979 0.434386785086423 0.122723496188507 0.128971188933344
-0.202953068178751 0.380652511009608 0.0381418628285706 0.0744274884755051
-0.426328540590509 0.255869714874204 0.0369763944953949 -0.0400852438600644
-0.491360566141313 0.0460693817578696 0.246523249450336 -0.145110290818605
-0.377686454933658 -0.0195618099230866 0.496191376658621 0.338431876539536
-0.34390542273408 0.115494750010568 0.364124338124373 0.0101406470624428
-0.236349829729062 0.189831087021312 0.126061636103735 0.00121335663096686
-0.132072811601773 0.262232778273719 -0.00309522313917426 0.117169861717708
0.021968092122295 0.312085948307848 0.107255254649104 0.269059995524502
0.170964278662732 0.271121137358298 0.255086711624846 0.25834254570097
0.248950570209618 0.208392243273733 0.337249577535215 0.233517676292362
0.27742123801735 0.19067720749394 0.365039411814183 0.193633118551913
0.258360823252353 0.192626440021853 0.345225338676193 0.173272394756587
0.210997978758402 0.226508013133474 0.26616679206456 0.155039681148078
0.113474119176773 0.281775403961497 0.193403591647826 0.171842543261541
-0.0475485794612934 0.242934171007288 0.0960950651946321 0.141354217280304
-0.117037065503194 0.167025929119681 0.0612319838218703 0.0403717449583703
-0.227484579145346 0.159686311666391 0.116550804778167 -0.0516978995550734
-0.305288509947656 0.0705274777243355 0.393965396427164 -0.112818687002092
-0.148982189137454 0.0605593954748588 0.613813614513215 0.322270151771863
-0.0813919236496638 0.0995587388777741 0.448615801338102 0.0144431062829735
-0.0187565922688109 0.0531914089802731 0.186266168066234 -0.0265379021314354
-0.0549432941815094 0.0520051503418555 0.0188614482148544 0.0991633378269097
-0.0183870296382193 0.103289562967226 0.115231971622582 0.283155231481248
0.0538295512121122 0.112316852932449 0.292077470864685 0.311760744384962
0.10794736716077 0.101319424248367 0.411657551412563 0.287515103230435
0.122734214585956 0.100435011817105 0.440911961484251 0.24974554341977
0.109561422732948 0.101258191551768 0.397236333171813 0.234762456755043
0.0596264614112167 0.114890425702953 0.273490227099457 0.212361170613966
-0.002830841141868 0.124575725497999 0.161377532944168 0.199457894626589
-0.0641618038637853 0.0524299076792989 0.0497055822592453 0.132808860400662
0.000955109956515059 -0.00536790531291044 0.0749411510375402 0.00889859929317979
-0.0197274679980423 0.0931998591880711 0.173842902507034 -0.044604449292197
-0.0975342109835073 0.103398646070073 0.479849353133397 -0.0770601595704011
-0.068064983524917 -0.102785394172932 -0.542012674977091 0.0539506572386591
-0.145320888784579 -0.0587512372039171 -0.241265548588684 0.0902749712652016
-0.121769364401321 0.0703825967954044 -0.0898748571617244 0.044911100630834
0.0106700323352159 0.0976893058968977 0.0174490793326648 -0.073936657998576
0.0577052901585446 0.0559585636099652 -0.0817720815833118 -0.194398507909349
0.0475003405967266 0.0194330360184274 -0.230319042157384 -0.244630626388898
0.0317115965498115 0.00519584446337794 -0.369247837944379 -0.256936239495681
0.0491569356995149 0.00974181183713949 -0.433776561621191 -0.247211679213944
0.0634958790040718 0.0221183297349289 -0.411424939997212 -0.261509509847119
0.10154484560574 0.0404561102507609 -0.293935332885388 -0.26448038524248
0.101716261856667 0.0876488601431879 -0.157401353434233 -0.232329835894283
0.0228828486773215 0.163221458951787 -0.0643129451484694 -0.0943125859753472
-0.155356038876019 0.15426897751658 -0.219591710428886 0.0219477554145926
-0.202120373756065 -0.0336276860440247 -0.395340184513891 -0.0507920277602718
-0.117209289343702 -0.109458290208572 -0.54749078407793 -0.297451814401503
-0.245694517825788 -0.1448714061032 -0.487851226809452 0.0655733989606577
-0.29234431754669 -0.0580971407319665 -0.254906959323849 0.0401448555840227
-0.247381336023764 0.112634362871619 -0.122756533749054 0.0610637278772941
-0.0659668909920869 0.214080166957716 0.0195659532401549 -0.0360682860642672
0.0743842496911662 0.207113277538083 -0.0340003680963795 -0.169279603235917
0.143406878115802 0.151845272451293 -0.174050923730132 -0.24718300927531
0.169261582852418 0.109611024849688 -0.316666903478235 -0.24908007364942
0.212434471617076 0.105971775726286 -0.377563549875976 -0.231465463620541
0.223931365845899 0.128065955554199 -0.357470760034806 -0.225408016669257
0.246325201300007 0.179473734341992 -0.250278014237984 -0.214780861640511
0.1989223560844 0.270641478211197 -0.124963334573726 -0.165899151815567
0.0280132172488387 0.365591182278066 -0.0390901072380159 -0.0324615100113959
-0.267767378826354 0.355547446750092 -0.217509218906772 0.0824283268278252
-0.434900773618764 0.0878377868510554 -0.391808119420771 -0.0137685797807015
-0.364860346581899 -0.110225022615427 -0.496473070798561 -0.265684658514748
-0.403224064711278 -0.178895517474837 -0.3667767860719 0.104994625129482
-0.432349771910307 -0.053592831867287 -0.217240281886841 -0.00320504703898428
-0.374654799341589 0.147625374438703 -0.136663285396879 0.0530924382455324
-0.158995734097075 0.322785259121758 -0.000327129604275517 -0.00763995355939163
0.0681549991953894 0.357011298813054 -0.00050514396448702 -0.113287920801549
0.217830734334523 0.282583886297649 -0.101112845058431 -0.204923477921172
0.284378162387246 0.208390108300643 -0.222272199497379 -0.198054337496189
0.343518038015131 0.189238918676115 -0.264905663824297 -0.175844366664097
0.353722667277329 0.206990684228032 -0.242860701099302 -0.162437323866337
0.371939605802111 0.278411880707184 -0.159490705344731 -0.14495448208458
0.297721085755624 0.407401613107273 -0.059592253558279 -0.0893754378829122
0.0631060138189213 0.519849153910626 0.00966014697274363 0.0218933513259991
-0.30953391492996 0.520565688090073 -0.164465949720178 0.124391088333496
-0.578995751819173 0.219644484083405 -0.320608398590038 0.0168469389403047
-0.547570636051401 -0.0741594619000049 -0.36495503571151 -0.225755767651852
-0.519498948374747 -0.18883967084884 -0.180563278414427 0.171062462665714
-0.550736908656534 -0.0280847932182611 -0.112563288326259 -0.0232127513073971
-0.480934252503931 0.198558252301958 -0.108431317231313 0.0311502375171747
-0.236018000928076 0.423027906686202 -0.0231284488286299 0.0186382005006158
0.0592683308923323 0.479399269901936 0.0233950741798853 -0.0257446850635893
0.268779698558772 0.38320918336552 -0.0147064180456138 -0.113116318447176
0.358768388526848 0.279654013739564 -0.0926541773012444 -0.10672362290359
0.423608469081936 0.243137243176382 -0.109893176572215 -0.0927782948850253
0.426575549740907 0.25136766951959 -0.0877056987953957 -0.0827075037561366
0.443684747236156 0.327184062532208 -0.0333598964177095 -0.0690037929157141
0.360040531296616 0.476517528775456 0.0320445981743847 -0.0127412213732966
0.0930597107953696 0.590934092258396 0.0664239558584256 0.0642808710389264
-0.298339047921247 0.592267998918278 -0.0862789705911742 0.129453945782554
-0.618534114745477 0.309084051222762 -0.203666495283344 0.0162981886032028
-0.626926310253427 -0.0260307641415812 -0.173907643085689 -0.189942694821853
-0.56225018966901 -0.164205841157844 0.0496333881331234 0.244609317943695
-0.595579026158635 0.0220042327837977 0.0450801741274751 -0.0223729409004527
-0.508229946160338 0.246666035051982 -0.0411185608883071 0.0125879392647729
-0.256284462215254 0.468259289537689 -0.0354353926823007 0.0531895802482952
0.0519167811486913 0.525550331835737 0.0487214271842328 0.0854517189934391
0.280035338823672 0.421238200528229 0.0819458863418372 0.0142816657302059
0.380567545955946 0.304597375653259 0.0569440873314774 0.0111071899721804
0.437052979260278 0.26132403167445 0.0634406885614187 0.00567763927445127
0.430824818281393 0.261719585064019 0.0803563464945231 0.00285446587366344
0.433716076706845 0.329643721211975 0.0989685035313601 0.00535124131616434
0.344211957034664 0.4642931791985 0.12346554603078 0.0558407523268841
0.0783557406433092 0.551865005295334 0.110373601192654 0.0966683418518454
-0.254595740197871 0.535004542053015 -0.0140052312377442 0.106289915997549
-0.550154870166892 0.315184134392783 -0.0752138417081194 -0.00888803678992368
-0.597308488991753 0.0164151978265146 0.0405140417894542 -0.16187336710394
-0.510996133785802 -0.10175156386534 0.286207111218799 0.302498775524269
-0.519756211689645 0.0786103952829904 0.212203104073505 -0.00731493757186071
-0.416236694731123 0.249340701336273 0.0419536915776114 0.00517672986327106
-0.210339474928027 0.410875758691234 -0.0289002099925166 0.0921527168133816
0.044993671265362 0.460500289272046 0.0770648720348089 0.190912105994936
0.245734620587389 0.373809093352883 0.174620639552545 0.144833368953387
0.340104607972524 0.274297044584644 0.205118203395369 0.128734191324107
0.382489353382875 0.237070678128177 0.227290078403364 0.102364423189671
0.367511082434942 0.23982936883771 0.229743089562012 0.0863760322006687
0.345374914382925 0.291347620791189 0.201424393119455 0.0769460236424303
0.245316546975158 0.391002912108876 0.181601492303897 0.113927070829658
0.0190873918205718 0.416473494198228 0.120694395848586 0.120251663378792
-0.194405666587127 0.363968200913398 0.0340043479420714 0.071714465565348
-0.404537300354494 0.246206465992358 0.0329206586856586 -0.0356734080154079
-0.473784428141229 0.0429608060002648 0.234870147354677 -0.135815759786859
-0.36220503206177 -0.0182267861364061 0.479027646533436 0.324715460792122
-0.328798759765875 0.110892825670027 0.347515641081764 0.00925712530082309
-0.227711599415783 0.180098521859285 0.120245548664233 -0.000484261979338981
-0.126355558341864 0.253248594718458 -0.00523901806097162 0.112242942673102
0.0235828253043407 0.299702628058582 0.101908574404346 0.256274695871567
0.166800059990347 0.258078679811071 0.245699103126341 0.244668323133409
0.242991739702057 0.197561662435781 0.326809497599409 0.222516580524554
0.270636576616372 0.180721267778061 0.355328964043733 0.183468828706707
0.250674597947027 0.183105744104826 0.334131404990411 0.162301573064762
0.205878681461856 0.217146892114189 0.255513564936849 0.145298141284488
0.113481313656401 0.267125135291352 0.188923361919169 0.15947649878281
-0.0438227443014301 0.233879542835925 0.095396735683285 0.132702941063379
-0.113512240527316 0.158210800887466 0.0571524696623402 0.0383652041899355
-0.214859492607583 0.153732390310444 0.111030580266898 -0.0474886309796869
-0.293153935108711 0.0660580352075967 0.37767667955751 -0.106252490653916
-0.141983152167836 0.0574088291815382 0.592850902782095 0.308476288297753
-0.0770810499444003 0.0941602954809506 0.431392753692566 0.0144681993030334
-0.018213940085644 0.0487541957762045 0.178633749502678 -0.0275121046933234
-0.0531481643106615 0.0512011358977627 0.0157015557575593 0.0943187574576852
-0.0169223295540422 0.0997951892963505 0.109275538303447 0.270614466461057
0.0538935298975256 0.105953941603878 0.284428952650058 0.295848763591497
0.105875721622271 0.0948961780811693 0.398462443230175 0.27395638696524
0.120495463654251 0.0940466703784939 0.429714485144827 0.236759686710531
0.106147350076957 0.0965839699328589 0.385253763497566 0.221981742383084
0.0585936624246194 0.110957436091773 0.264427928915676 0.200699709341996
-0.000315071378041927 0.118662833697567 0.157334977960159 0.186885041916866
-0.0607702016728321 0.0510771043270798 0.0511494159072357 0.125328007717043
-0.000626025390464661 -0.0072887789440117 0.0704511728795699 0.00760222397252648
-0.0167727548357775 0.0886830168612368 0.16743001791701 -0.0409366068704867
-0.0922635291470174 0.0981947149391362 0.461235736269973 -0.0732060532683444
-0.0515780120448955 -0.10958903457722 -0.536378013172746 -0.0206137297121118
-0.133309967085717 -0.0786169646575446 -0.248967598849466 0.0481854499591201
-0.129362772987513 0.0533563426030676 -0.0960220120986456 0.0235344681351808
-0.00412602048816171 0.0958219717764499 0.0209867589900492 -0.0722042116330659
0.0485788049137995 0.0618105793441659 -0.0572545188549541 -0.198576025043625
0.0428651631455256 0.0291794189303686 -0.197961590336973 -0.269541415781725
0.0268251344727465 0.0123518107328352 -0.33578524497165 -0.300249804656941
0.0438586179430209 0.0183015411583078 -0.391582216395026 -0.310380475955541
0.0535455521429543 0.0333931911731337 -0.367813249185622 -0.319860463546263
0.0885705027870903 0.0541272153101389 -0.247748560182737 -0.308689427155016
0.0805382501197126 0.0983018156897479 -0.116991056137186 -0.255273971510643
-0.00552129173182274 0.163071518967 -0.0468789294290103 -0.105114521195872
-0.174816195492394 0.130734999942816 -0.215240875966983 -0.00921530163188065
-0.19373580938776 -0.0602541046083395 -0.378550847070342 -0.109135872984425
-0.103458420237717 -0.120903265332767 -0.499275098891306 -0.389146334116744
-0.219669687722042 -0.174064224437329 -0.476699424482189 -0.012947455560998
-0.275935863172766 -0.0998936417092448 -0.253205181469784 -0.00968014050616746
-0.256964984371611 0.0745032246246745 -0.128394955076262 0.0274165034215617
-0.097040315135248 0.196127488836882 0.0188738788988037 -0.0419822109864317
0.040705831614674 0.210475943916408 -0.0164205211972635 -0.174773323674831
0.116731226117647 0.171214752358115 -0.149029348516296 -0.268256922275763
0.147582535695259 0.136049186499727 -0.287000865402178 -0.288453650722305
0.190479561808912 0.13783972104667 -0.339457911239364 -0.282448268036601
0.193950516252257 0.160512905804751 -0.318583313675587 -0.278077112996033
0.210337932499709 0.211046581401979 -0.210391267578449 -0.256507566033505
0.147686197596666 0.291330671720046 -0.0908000877966175 -0.188853150869732
-0.031872270711057 0.360529856975147 -0.0290384287822019 -0.0432495695587291
-0.314322521099681 0.31000738756585 -0.219533926924917 0.0516001710368409
-0.437935025405889 0.0202845087739512 -0.37767230855209 -0.0663552314631534
-0.345911238433693 -0.163394189971665 -0.453839034192385 -0.344934166692413
-0.368204619198019 -0.2286860616656 -0.353068929490195 0.0354137075239826
-0.413021032949987 -0.117054401895548 -0.206401571487419 -0.0526280474360241
-0.38806657650403 0.0889215027593696 -0.138615859003298 0.00872577839780902
-0.205354502858077 0.288041385624581 -0.00397767832732408 -0.0226631213625402
0.0108850600325546 0.354128099819528 0.00599383163319291 -0.122905699836738
0.170006558559828 0.309305883269739 -0.0892866052955484 -0.220048911541768
0.248030977228321 0.250697106627675 -0.201092219008851 -0.229280203411111
0.309661810989921 0.238682544173641 -0.235630395085804 -0.211067329915917
0.309829309572585 0.25669296143007 -0.214853156504512 -0.199893033732062
0.320407181318197 0.325371192450686 -0.130022531705738 -0.176732588099168
0.225027658915259 0.438097383380306 -0.0354937908496956 -0.106356977343588
-0.021967491422861 0.51747016980693 0.0122423842376328 0.0141387007785653
-0.380065086009227 0.462686113018648 -0.171558028664657 0.100320062732718
-0.598299220758188 0.125492545242276 -0.308687330095397 -0.0210304895978096
-0.529443437029802 -0.159534898419208 -0.326784325199987 -0.278391234311603
-0.481682802854653 -0.254082378812682 -0.171575383896928 0.118970691356372
-0.531607046425596 -0.11026608089584 -0.0983495825120335 -0.0634838611709174
-0.499329040730103 0.121913030676677 -0.106382160192146 -0.0163480160163398
-0.294954223781495 0.373310424066572 -0.0298339698788432 -0.00712263899908857
-0.0185835614236123 0.47082244496424 0.0158446645501863 -0.0406795561344927
0.203979115416352 0.413594459858668 -0.021308387380177 -0.120344926434206
0.311974938538556 0.330906509342747 -0.0853624259007639 -0.124067614518704
0.380899261550844 0.303536376356566 -0.0944228435526242 -0.104772154128862
0.376860095501275 0.309603381013836 -0.0725351641346019 -0.098276984806568
0.383604228931981 0.384188920131322 -0.0171627720098304 -0.0843243659195688
0.27690854974697 0.513214886863738 0.0446201310671076 -0.0190093777744056
-0.00363033804992461 0.590356138588587 0.0624752992249141 0.0632235657009822
-0.377720774104028 0.533088093186511 -0.0957278280426783 0.116875898841965
-0.648219106295729 0.202841129550807 -0.191179517586586 -0.00225361651357772
-0.614848072312537 -0.130285222281058 -0.140155726070779 -0.208585741241176
-0.527742312290854 -0.235127856091132 0.0476612794162006 0.217661504445226
-0.584276021765252 -0.0678905098849426 0.0586401982618972 -0.0427365804454824
-0.533599476250629 0.163841042741032 -0.0385885942162145 -0.0297385669959076
-0.322497544324284 0.41290557806823 -0.046581524864239 0.0223278714122855
-0.0357114494383769 0.51539274433779 0.0238081152671898 0.0690204740560982
0.209792340360616 0.449364832039268 0.0548878400210389 0.017138933536667
0.329636971228995 0.35891725933382 0.0482377138407311 0.0102420510824093
0.391380751609509 0.32128402807307 0.0625431973488778 0.0183566296099795
0.381319406249785 0.319701625339114 0.0814851764472565 0.011644170938657
0.375464167433691 0.384690397695336 0.101220107208928 0.00931366649795133
0.263873627645149 0.499535690646648 0.123931318032228 0.0614408338993268
-0.00890201231617857 0.548791608297635 0.101030875899563 0.102207643758451
-0.327830863072097 0.480531040853771 -0.0216801482037646 0.104044933506821
-0.584375792053002 0.21807823356138 -0.0611427500820204 -0.00732245326868916
-0.589097130750051 -0.0867293178009997 0.0693986291227762 -0.145458084873993
-0.487627771072873 -0.167163353098585 0.268705349315822 0.30803566957666
-0.52073379075462 -0.00164240558697644 0.219924365737593 -0.00233838329177067
-0.445102359270584 0.179131786113588 0.0416102674747733 -0.0207267311502001
-0.270797676131002 0.365931951941772 -0.0451174047008229 0.0646575861454132
-0.0323490159256185 0.452232236609757 0.0386148274346855 0.17786205591995
0.184473275534843 0.398993495003117 0.13178110389455 0.159440302532478
0.297015097084705 0.321196060574598 0.180796402948482 0.146611064396617
0.344675004069899 0.292239934207458 0.210413101240917 0.137084801221342
0.325503301811461 0.28832402714179 0.21600940984626 0.117397549185315
0.294988910067597 0.334271100294217 0.190935120687213 0.0981828624972937
0.183166067713978 0.410629630947102 0.169777246130037 0.129652651325489
-0.0468719551089278 0.408667918429463 0.107676154432855 0.130417853356308
-0.24307177620352 0.322553252691622 0.0277230861466527 0.0773134069920224
-0.43052406867304 0.173996303505096 0.0470103179652573 -0.0198575540659028
-0.471710050943517 -0.0409301602487717 0.258821026665587 -0.0888173597659808
-0.352905568588717 -0.0675310254808325 0.447490284352473 0.362920489000605
-0.337641705905861 0.0583530961104961 0.347055203563141 0.0415540723822187
-0.24945036350947 0.139832470339331 0.117426818208027 -0.00392543786778661
-0.164651022038402 0.226768217676413 -0.0234164948269212 0.0951487825346876
-0.0265377799035475 0.29545034050115 0.0567624125755531 0.251672610348531
0.123947280717097 0.273124718265721 0.194949442803079 0.269674038894464
0.213351161458781 0.230794952302137 0.291638839918846 0.256468091244443
0.243856892233638 0.218102380178454 0.32394639265671 0.234619078193252
0.221406911816297 0.215086404011789 0.309252548623823 0.207922913029822
0.171619513477361 0.240989257371857 0.2329281356068 0.176678077524753
0.0734891709087099 0.273461922101136 0.167724729749842 0.179155273108898
-0.0776134302975607 0.220191100669277 0.0789427537038231 0.141396536727542
-0.13372241908281 0.134509549707738 0.0516631265267152 0.0468372866324706
-0.231244853128706 0.112403367046986 0.121907109527085 -0.0221777763202258
-0.296265445702097 0.00979031857173322 0.396540885018204 -0.0376893877031414
-0.148443132842566 0.0356630051935101 0.550767465437893 0.373091024852925
-0.0904751324804212 0.08060015923644 0.42598407105827 0.0673623221842237
-0.0261682408566704 0.042892324906954 0.178423500917318 -0.00729916420228522
-0.0612896785917745 0.0424089010339228 0.00216245756646493 0.0895126493210409
-0.0335709898864281 0.0955023234770802 0.0677965008343014 0.274728813294223
0.036895230900557 0.108042562028336 0.23356190926698 0.329487443546251
0.0938839324508963 0.107857415385868 0.360387885584757 0.320031619510885
0.108510738310429 0.110634291228838 0.389682835874496 0.297979869315306
0.0938322763502109 0.108905653999419 0.350190081592739 0.27490068878024
0.0436785334670626 0.116715851620655 0.232047423635649 0.235559908526489
-0.0139279828065113 0.113880941455979 0.129589835799923 0.20419946096228
-0.0656931310068912 0.0401319746649991 0.034591390040257 0.130922604301089
-0.000130607214845414 -0.0103544316126897 0.0671666728186508 0.0178034847756305
-0.02805906282025 0.0799408142922044 0.173460803440889 -0.0109538974955738
-0.10357505045639 0.0731414236776026 0.474435301047182 0.00493628458328406
-0.0523504285406675 -0.111960181161177 -0.553917578648979 -0.0191050303052777
-0.13655085850856 -0.077699981311362 -0.258972962900814 0.047438883857367
-0.131098349772744 0.0578718811299309 -0.0998015029255692 0.0252808028311468
-0.00273776947320913 0.097676117926036 0.0187724116435163 -0.0720316182392624
0.0519074458492404 0.0613637295639085 -0.0585456536985109 -0.19907917757721
0.0434131893353202 0.0307095076030776 -0.205087517607529 -0.270578759723381
0.0265818410872492 0.0136997170632349 -0.348642441418107 -0.302608015433971
0.0447619677158234 0.0187682692856617 -0.406656569157722 -0.313826893590423
0.0560148067062881 0.0344514062572761 -0.381315253618803 -0.326156807828609
0.0910621154722661 0.053325201006583 -0.255453883799123 -0.316104780003412
0.0818831320028732 0.0988613194063077 -0.11918669343142 -0.259679151206401
-0.00405454930882397 0.165954023332385 -0.047899799443869 -0.106123198374906
-0.176767592427918 0.135267452868009 -0.220494484535394 -0.0055760020442206
-0.198906506093543 -0.0609405821758478 -0.386312588107512 -0.111829947462965
-0.107839590797663 -0.124433160506807 -0.517516747138936 -0.39714788040844
-0.223017046759612 -0.177259980230179 -0.489868052459695 -0.0121277876133089
-0.281326172126738 -0.0994342646144859 -0.265186630309393 -0.010911352148563
-0.26117465914699 0.0779655857019476 -0.132544283124639 0.029075660945657
-0.0966465492543019 0.200690782156577 0.0158227165315162 -0.04086224988733
0.0451542678488201 0.212027836295009 -0.0178003064713849 -0.174850625549166
0.120696015132826 0.173250798078399 -0.155603010612835 -0.269552377599121
0.151800295749308 0.138636384786816 -0.297634512516002 -0.291273906696984
0.197438264583546 0.139700537977229 -0.354450459496499 -0.286556267991046
0.201966111037968 0.163789247109676 -0.330921631836244 -0.283360011629951
0.218710623212441 0.2134861303778 -0.218173115344735 -0.264155005674916
0.153272919294547 0.29461949129097 -0.0914285817053516 -0.193764820221019
-0.0310457043050536 0.367751346699233 -0.0281354544790919 -0.0442644939070393
-0.317956024606671 0.317127875918961 -0.22566670786609 0.0562633360929946
-0.449579459152316 0.0228405605894826 -0.386626906642725 -0.065122105710689
-0.357281099924711 -0.167609625075397 -0.471368214285608 -0.349959846773988
-0.375942591438633 -0.23209289564196 -0.364519199685322 0.0367453684066749
-0.421901915303941 -0.117844153045396 -0.218736012446181 -0.0548398621549783
-0.395586334499717 0.0922344122445921 -0.14315993946721 0.0095536738590203
-0.20766129389633 0.29516089585697 -0.00772733102964639 -0.0211600878249278
0.015683408629747 0.359159067869682 0.00519516316468558 -0.122896163745896
0.176366224221894 0.312679572920158 -0.0953512761803244 -0.222199884365667
0.256137551845877 0.253715553003015 -0.209585978887734 -0.230438222392287
0.320068178250321 0.241705500929811 -0.245285019848057 -0.213516560530328
0.320874119162729 0.261039797827055 -0.223812553457316 -0.203352295844625
0.331138938157521 0.330090138432975 -0.136836076902913 -0.183102850933106
0.233397101484811 0.445710986851547 -0.0326840979484296 -0.111331361703728
-0.0192815666900439 0.527672940222699 0.0148634631849218 0.0136717802372425
-0.385765219676388 0.473342748327663 -0.176999737060206 0.106516816183292
-0.611546402531647 0.130140684105838 -0.31839283589908 -0.0193925420776151
-0.545985198294719 -0.164065237329648 -0.342201776198054 -0.279054043711753
-0.490055070200331 -0.257473872895307 -0.178553170291194 0.121553942344278
-0.542771093053064 -0.109349059576954 -0.108388221667129 -0.0659471551616986
-0.510226424350511 0.12675767774285 -0.110613627105734 -0.0176468377633382
-0.297411916109484 0.384128439693722 -0.0353384452828349 -0.00597853263760528
-0.0134237082886183 0.479728583743586 0.0145711020817231 -0.0395215339057688
0.212127871785455 0.417782938675822 -0.0255151084479147 -0.122506573670988
0.323987552940275 0.334399709019532 -0.0900005937882702 -0.124191516377895
0.394043101927186 0.306907352449599 -0.0980202437901988 -0.106572155660402
0.390827626824251 0.314668528888321 -0.0769717664046621 -0.0997094559705867
0.400400001437263 0.388230483736955 -0.0207850410051029 -0.0890663251676451
0.289656917590714 0.520912885379545 0.0497872104989932 -0.024018294242892
0.00173527857369579 0.601855016301077 0.0666642336015056 0.0622967847251043
-0.384336520199035 0.545442952925714 -0.0995164302613298 0.122778576902676
-0.661898155175884 0.211904336511925 -0.197274455173804 0.00188186302996068
-0.632567546696153 -0.131965811988315 -0.149059175756719 -0.20705219108306
-0.5371215482116 -0.238379303907721 0.0471765414577285 0.222798950943882
-0.595476082864297 -0.0677580543072407 0.0524728194450955 -0.0449514539050336
-0.545910189296875 0.167311957638625 -0.0407084830083956 -0.0318105692213299
-0.327640345271946 0.425564109284155 -0.0520475545978416 0.0239196402192804
-0.0298582324472536 0.526155514086987 0.0224883985442794 0.0714997823609317
0.217158245608672 0.455056144470131 0.0539038801065764 0.0160557334089057
0.342637943692432 0.362045422693666 0.0480981921892977 0.0110440650398044
0.407640180573423 0.324939758398212 0.0651246741840541 0.0173873842113026
0.395439291228946 0.325251342754746 0.0838086527661743 0.0109640164490087
0.392108770939558 0.388288965579378 0.101620614344928 0.00660447417423964
0.277756707520752 0.505421023954154 0.13088736700348 0.0574262335112692
-0.00513211936563275 0.560105047895474 0.106471602133007 0.102085850237785
-0.332769893698154 0.49109464696489 -0.0240900837424104 0.109435054852685
-0.594377338932736 0.225630374717152 -0.0647310807639112 -0.00336376382127199
-0.607132754451617 -0.0883598844897997 0.0679633033826509 -0.142804537810528
-0.495250574179836 -0.169544918355195 0.275160236029216 0.313403293161533
-0.530487094936803 -0.000490105178074817 0.220236230672182 -0.00343109943405217
-0.456996787451066 0.181690891109073 0.0421455493385663 -0.0234452123995038
-0.274206233008847 0.377046130412022 -0.0497561239508092 0.0668239832284847
-0.0279776483691945 0.462134260559229 0.0366497335933882 0.18227828317244
0.190551482223542 0.403641949791039 0.132721251835419 0.160199786041893
0.308413087508814 0.325008142480699 0.185046931414148 0.148043440190296
0.357102625562947 0.295213086363636 0.218627882798001 0.138545823867858
0.338313338433331 0.292305996486683 0.223704260317681 0.117126194959788
0.307997910825136 0.338994685741458 0.19425853405281 0.096873828863107
0.19296175826368 0.415597689670506 0.178318860381736 0.126410498654987
-0.0436765929965625 0.416935548768891 0.113728236830313 0.130073405250265
-0.249664825804447 0.328650661483142 0.0260174173660751 0.0808507779351394
-0.438136701625739 0.178284077258795 0.0461187159077345 -0.0160844848140923
-0.484967654894251 -0.0424424880254727 0.263872078525467 -0.0869624101914712
-0.359282867071469 -0.0687199792985821 0.460010325915141 0.370205871497247
-0.345826176433471 0.0598589984443427 0.354096687849414 0.0402161935831903
-0.256274496450176 0.141030900194275 0.120400076984339 -0.00657447305341816
-0.167535849978157 0.233887467758596 -0.0263260078153977 0.0969837149534691
-0.0253352954463877 0.302501989367633 0.0557370408808869 0.25739386353115
0.1285884431138 0.276801314339804 0.199772787890335 0.271998503845892
0.221995061818852 0.232480336099272 0.300344025105733 0.258937577623928
0.25301171254243 0.218975336981199 0.337882073994363 0.237231186316228
0.229983485577933 0.218171835287244 0.320286727953213 0.209158549720109
0.179563233539266 0.24498906685495 0.239327876904632 0.177072309226271
0.0794325367899906 0.276851258533218 0.175013210143051 0.176858444590567
-0.0775301911258398 0.225617373028675 0.0848195658844224 0.142374446347641
-0.138059708611676 0.135910819928083 0.0510229457808442 0.0481998001621528
-0.234221945076295 0.113883864916527 0.123617167479676 -0.0185128181180452
-0.302775648239122 0.00957508857709623 0.406395913488166 -0.0368928549018206
-0.151065345193554 0.0359386384947017 0.568241559541597 0.378837676233843
-0.0923249554845968 0.0816560331181884 0.43859045122831 0.0669498345971503
-0.0284146796402239 0.0411369229401693 0.182706775787221 -0.00954633919484194
-0.0626249321581623 0.045728311587544 0.000352291659219643 0.0908739701324279
-0.0343000001584717 0.099210415237763 0.0672942093420303 0.280640772871428
0.0380456505692211 0.109256471989645 0.240358149511249 0.333051867545473
0.0978012157335307 0.107625491115095 0.371171969371799 0.322423745387735
0.113422416593633 0.110869733996079 0.407609629627723 0.301494796088706
0.0979500044318816 0.110660691079154 0.364466221481321 0.275638413763864
0.0461924127448148 0.120024620638458 0.239348089184323 0.238680768108743
-0.0121361288736944 0.115356039009866 0.134668573557469 0.203860673747368
-0.0665712393233309 0.0412961799494835 0.0386766174866986 0.131473584331897
-0.00104560674462232 -0.0122798373451924 0.0674495659168618 0.0167955650415815
-0.0267565838834814 0.0809602882981041 0.178169999205411 -0.00930477449768001
-0.104443121232099 0.0736616659564629 0.487671959318174 0.00456581722739282
-0.0575384905085087 -0.113005537718681 -0.572391452006731 0.00293179802995548
-0.142357142418212 -0.0728948541436051 -0.269607435527029 0.05812302514391
-0.130140001936108 0.0666536813756991 -0.103421192193219 0.0311487676766194
0.00165562060832576 0.100091981179384 0.0139111282404851 -0.0724718784723256
0.0572539506196536 0.0588174708929885 -0.0676706347544933 -0.197895866013734
0.0463356138506351 0.0299532317027832 -0.222915584480601 -0.263440765905863
0.0270234233740502 0.0144347028641331 -0.372785678838375 -0.291725196887578
0.0469077102339231 0.0185448956324719 -0.437181574248488 -0.304209978400445
0.0594288595504982 0.032590486089958 -0.408776765102921 -0.318085919711344
0.095881962444663 0.0498864783512594 -0.277436728873295 -0.315164334380961
0.087468326608689 0.0967332642433661 -0.132339762590638 -0.261685362180804
0.00287882588416644 0.16901636487531 -0.0526008182378189 -0.106095234032102
-0.174336724781835 0.146468189966365 -0.225716614459044 0.0057565822136591
-0.207316339246783 -0.0548839894739738 -0.403015663526642 -0.100179488935354
-0.117540485413922 -0.123922555850375 -0.551930935768649 -0.387718164602912
-0.234997631694423 -0.173419721884493 -0.507974406875825 0.0115023528507527
-0.291716504453251 -0.0899970030407787 -0.279684966935025 -0.000912494486439026
-0.264518942708769 0.0915352174304779 -0.136532841760272 0.036018441398667
-0.0895181312455207 0.209761799156647 0.0123168841874527 -0.0403255131115387
0.0572491544709187 0.212824180894995 -0.0244900298620926 -0.174603621430723
0.132542776679186 0.172172508693731 -0.173110465561062 -0.266161891994489
0.162158133906865 0.136058309364426 -0.320596716501354 -0.282330511368505
0.209465244495225 0.135183553786427 -0.380390378401364 -0.277638981991673
0.217015423211722 0.160358724556636 -0.356017397067525 -0.275918893847728
0.235065442177234 0.208346681035589 -0.238508081577557 -0.263643541395493
0.170027290646258 0.294960694835933 -0.099295306995372 -0.19558085667663
-0.0160411679968849 0.378166454093503 -0.0292521395713809 -0.0438629807869133
-0.314535221104578 0.338067462851172 -0.230521431366682 0.0718034226110176
-0.460989953784158 0.0417512129460922 -0.401098134987601 -0.0521798947486866
-0.377645510220337 -0.158723595638861 -0.505216256789516 -0.335140686810092
-0.392187955628524 -0.222607582793752 -0.376154207681665 0.0541850841822665
-0.43598819908426 -0.103279510252454 -0.234809172584456 -0.047727779104265
-0.402395711957835 0.109855204890728 -0.148370664930228 0.0164457545444046
-0.198870613291847 0.312128876980128 -0.0122888167054946 -0.0186198364821727
0.0340308479801834 0.365644352337127 0.000803709148355635 -0.12365903199585
0.194397525891367 0.311642832631341 -0.109182609239019 -0.221726086203958
0.274067931566819 0.249103685537082 -0.227890164418479 -0.223599942797494
0.34230144249625 0.232710977551128 -0.264427559983176 -0.207704482825959
0.344212925968638 0.254497500285204 -0.241582969478328 -0.198402131692261
0.360376229750065 0.322830763861112 -0.151297493179116 -0.184245760827271
0.262181711661038 0.445453145722001 -0.035375511279286 -0.116766017883058
0.00351509422296052 0.54351086239279 0.0179988609930184 0.0121803712594313
-0.377199944479388 0.502800699417711 -0.179016630353704 0.12125693208207
-0.624811581351865 0.158430111660529 -0.329080328004104 -0.00318592994439907
-0.571610275635914 -0.14770603519698 -0.367094415942162 -0.266944654771603
-0.509690972378067 -0.245596694755659 -0.181509128952403 0.133095062308495
-0.559810865645324 -0.091059948494013 -0.121590486421141 -0.0632377198810955
-0.519059318428343 0.148860801554435 -0.115822299080402 -0.0133291506703376
-0.288517681010695 0.40725335882346 -0.0405692469252428 -0.00195106241718325
0.00938998583287102 0.490223474611651 0.012567733936333 -0.0379289379106058
0.235329089807328 0.417425826792128 -0.0334772667225876 -0.123539746890023
0.348044597060007 0.329327472113747 -0.0996009119929873 -0.120480107589549
0.421440169413867 0.295929792558583 -0.107917302592674 -0.105159076113616
0.418345299461105 0.306932910531442 -0.0844641240766433 -0.099266146402156
0.431925892862526 0.377961792192522 -0.0284951395224523 -0.0924044720739596
0.322859342517757 0.519927879587034 0.0537023960226294 -0.0321299067470478
0.02904325366515 0.617149726836019 0.0736849408348612 0.0588242405311867
-0.373941128797508 0.575295465575293 -0.0996759107344716 0.135371400502196
-0.673388325077432 0.243220468074416 -0.204496001865844 0.015000552661633
-0.661291813721145 -0.110585225339897 -0.165004066449742 -0.199633388874238
-0.558098040568446 -0.224145587044519 0.0554705294186416 0.22711262776897
-0.615077470192753 -0.0460460107423924 0.0462559086235775 -0.0471876241865434
-0.557179445251243 0.192047710963627 -0.0441632379361558 -0.0320938724395906
-0.318933150687722 0.453608110921213 -0.0569685353579066 0.0288306953466695
-0.00779736585550056 0.540764766916032 0.0240179501622768 0.0756299906664469
0.241851849563271 0.454588079029223 0.0532797852649768 0.0137803583711561
0.369250684497982 0.35518687573379 0.0481892394123319 0.0113716637497486
0.436890427803255 0.315522630285084 0.0674216650103624 0.0143829056750445
0.42429264079738 0.317088451053891 0.086089084365203 0.0068520494489971
0.424542517740927 0.379137801086543 0.101555528948153 8.42592104755037E-05
0.310347784308963 0.506688189059854 0.140731128862894 0.0471365541685272
0.020210877603824 0.576059328424313 0.115985277068188 0.0971811723032038
-0.322879098453656 0.516751386475051 -0.0228328945339192 0.11740321564052
-0.602400476851925 0.25571401530691 -0.0672534072971439 0.00491273024520508
-0.63185098655291 -0.0651375424831014 0.0626578697578132 -0.142255361597396
-0.513738509224085 -0.155620705389484 0.294915971169919 0.310769017696887
-0.54489512122299 0.0200431361719551 0.222329205268581 -0.0120746519718481
-0.464229512759559 0.202552540831897 0.0417222038488997 -0.0284477798914495
-0.266005292116325 0.400049066990073 -0.0521972189138833 0.0729299859956807
-0.0087535736856359 0.476532874299786 0.0430259508691358 0.188117964189233
0.211566650466004 0.403210776522821 0.140575233066059 0.157294392302727
0.33259485157676 0.319361601591538 0.196241567366314 0.145603142194562
0.382291515557806 0.284340599933215 0.232964742048166 0.130956827437949
0.362828026392709 0.286034834661074 0.236379009298029 0.109010342839692
0.335477875740513 0.330246898829764 0.202166619460708 0.0890092090055676
0.220147382850282 0.416200999944687 0.190579967865805 0.115371498561612
-0.0257475109259159 0.429561217608389 0.124711288757924 0.125748848302807
-0.243704309028902 0.346770105477972 0.0274056141590721 0.0844676255199021
-0.441103640720709 0.20060588865984 0.0463073552413474 -0.0126882947611565
-0.501993683584297 -0.0231276108636378 0.267701615343333 -0.0948491120312426
-0.369856226426258 -0.0573741062911815 0.488834552211394 0.360663035737359
-0.351955714296767 0.0744648020025815 0.364701839311674 0.026373001464356
-0.260310232096568 0.153102197323666 0.122954996597984 -0.0134068337449094
-0.161839417254615 0.249348242360502 -0.0255860726723537 0.102554463382913
-0.0127329690294809 0.313327286670416 0.064567339186295 0.264054772898432
0.143576996190033 0.276296420640671 0.214375026836275 0.268078299083888
0.239777499939959 0.227508103328666 0.319690202505829 0.252563628040721
0.27236012116349 0.212789264264013 0.361303358569302 0.226699132914832
0.248454307973596 0.213737737495638 0.340601897486629 0.199320122779773
0.198064414171787 0.241999515091561 0.252950895808373 0.170261307377751
0.0959407611322915 0.278418681727127 0.188470315872776 0.168392559464106
-0.0684280617670409 0.234321497726879 0.0953688536583852 0.139672643929471
-0.138670208873169 0.144484290399771 0.052056497448752 0.0486572759033052
-0.234551713153076 0.12704266161669 0.126480416440284 -0.0198876375268419
-0.311335434665644 0.0216329207142965 0.417297981869637 -0.0519535872196704
-0.153137197089596 0.0416668396182842 0.600274709328264 0.364950086662593
-0.091670634501083 0.0870621831763377 0.455419803033038 0.0493434360034074
-0.0298052505930142 0.0417181813747801 0.187442411867233 -0.0195383519923157
-0.062264101453606 0.0511414243990772 0.00189464970943529 0.0934365831317167
-0.0307297380999057 0.104345259522288 0.0783889683420596 0.286268573020831
0.0429744789034752 0.110042666244057 0.259854727128834 0.330216227342547
0.107114915181476 0.104547826109771 0.396361570730874 0.313763723848377
0.122799757725579 0.107149127476808 0.435829759116798 0.289769016147464
0.106902493670876 0.109655412484336 0.389657695215788 0.266244874582109
0.0546442134065384 0.121865614605397 0.2575585820808 0.232894456407536
-0.00627683751876796 0.118372090745999 0.147514961192637 0.199250145577267
-0.0663670458081217 0.045601272924832 0.0483163265618465 0.130865823846452
-0.00409993250921149 -0.0133770285915028 0.0693615010945158 0.0142249020167165
-0.0223343835251093 0.0831396277912776 0.183192207037876 -0.0131562141948498
-0.102772652632028 0.0793639826037748 0.503255206717146 -0.0141896786422352
-0.0640805696837458 -0.109411208244338 -0.574010318139465 0.042088581427415
-0.146126656491436 -0.063244452860026 -0.270266249515728 0.0760199240830962
-0.124199951843341 0.0760679712196265 -0.102833727726638 0.0398983144761467
0.00850308297362449 0.0987584344210499 0.00844346947079565 -0.0702644726086247
0.0614246781107653 0.0524388967103708 -0.0791580665973504 -0.189175499300344
0.0500465153155639 0.0268810846845358 -0.239245167055291 -0.242896747902554
0.0271392832660706 0.0143931295051062 -0.393444109037274 -0.262525020429978
0.0482750406093701 0.0161548721835611 -0.461773916997852 -0.272754517012481
0.0629529727780929 0.0290441734221817 -0.432553546036041 -0.289515896912286
0.0982467394559593 0.0422240595226642 -0.299763017676117 -0.297506988035815
0.0935839799113098 0.0897759794922055 -0.14725306173723 -0.252138334670687
0.0148719544386404 0.167550440930675 -0.058045495047788 -0.102122900926145
-0.16327557137882 0.156909987027961 -0.224090128400472 0.0241424384861967
-0.211404129076229 -0.041683975659546 -0.408343974530901 -0.0765483349890007
-0.126869441039409 -0.116445246715703 -0.580410570476903 -0.348122363169902
-0.244179734502398 -0.15961279135218 -0.509671350904979 0.044744519175294
-0.295746534114772 -0.0708354458031336 -0.284745230344495 0.0181922893697138
-0.256508096230086 0.109004988836915 -0.135675122023671 0.0460292242588052
-0.0742049864741268 0.214493033650339 0.00799587769659698 -0.037446267847777
0.0726751439444432 0.205305357562894 -0.0345777286193112 -0.169111002842682
0.143671256936244 0.161272223798482 -0.190628090796213 -0.249498856787602
0.170375124275129 0.125820902701663 -0.341115692617707 -0.254680100735872
0.219438518591228 0.12035649051581 -0.401715154184081 -0.250044596883439
0.228986631263626 0.144548898384613 -0.377504851661292 -0.249357522181978
0.249400127923461 0.190674604210458 -0.258137263013075 -0.248112158002882
0.18883058249955 0.28210671159051 -0.109683394642028 -0.1912063170971
0.0101229198920559 0.377201128614546 -0.0310140652326581 -0.0418372447795229
-0.290912227084932 0.357924671459472 -0.22514851105392 0.0914467688673056
-0.458884446661264 0.0698549793077147 -0.40432348696332 -0.0231801543958748
-0.389425452359072 -0.13477918867409 -0.528698513131555 -0.298367961816025
-0.40363465134222 -0.199502035899785 -0.376023229594333 0.0798517637096867
-0.44100405337202 -0.0750929570568698 -0.243685254585903 -0.0310706124760443
-0.393538656017478 0.135509870185833 -0.148907159748324 0.0269491693808829
-0.177188572301123 0.323657976477144 -0.015809825153832 -0.0141559615853785
0.0592263626828915 0.359438261173354 -0.00699666488421218 -0.119435438491509
0.216426469752428 0.295439684940872 -0.124992162544843 -0.210471512146571
0.291138863450284 0.229547155001058 -0.242640631155659 -0.203636584325058
0.358802601812884 0.209297112211492 -0.28282125909778 -0.189321956632534
0.364018785369264 0.230633664515656 -0.257348615269451 -0.180199886381738
0.381932014465035 0.295179183714972 -0.166765158554691 -0.174346548014183
0.291951944485106 0.426018637923605 -0.0404764604483388 -0.117782853577781
0.0393144938986375 0.53984228093715 0.0204694246671705 0.0100900078122524
-0.345046332415164 0.523430749049029 -0.172121262561084 0.139098089712443
-0.613224183707024 0.198784046125162 -0.329020674947951 0.0212565131635209
-0.584864808282581 -0.110028547723052 -0.385089094531691 -0.234379524032923
-0.521964450905569 -0.215276882207373 -0.176098434481761 0.145660903632612
-0.56378938108493 -0.0549678520893312 -0.1315900817016 -0.0537422446969765
-0.509303663456195 0.181425645769963 -0.118158659898724 -0.00690559777137179
-0.259045188130561 0.425859595073578 -0.0438193902939344 0.00435611728378987
0.0420022262747467 0.486581428771314 0.0103001214575522 -0.0345577719157274
0.261393487210726 0.397727105161572 -0.0435624453276444 -0.119431039130883
0.369949953031608 0.303570553470196 -0.108485705671513 -0.109254274237903
0.444773157426016 0.266070336519974 -0.116866816961801 -0.097173539809819
0.441737710542328 0.278062633275859 -0.0928121576367664 -0.0927803771211913
0.460758439655404 0.343978678134019 -0.0381453278608549 -0.0915697453293753
0.358118552292008 0.494005976294566 0.0536353242925585 -0.0414654164277772
0.0693966054255478 0.614185927356936 0.0799489115507749 0.0521814770889208
-0.337332147912659 0.598487831814013 -0.09179916663965 0.147511195552849
-0.655026090175858 0.285880937827602 -0.202972911811182 0.0333946004373338
-0.669526322758399 -0.066977250112299 -0.177325956454706 -0.180483812026083
-0.56854883144828 -0.190168958010579 0.0670059420578793 0.223972640007177
-0.615445468514181 -0.00689875915628422 0.0369690825101559 -0.0495774224690088
-0.546510672535368 0.226272187859838 -0.0476391102100193 -0.031542722816983
-0.285735309361491 0.473594370005707 -0.0593936987552613 0.0351819209771369
0.0298188539041216 0.537986687173995 0.0283658835313224 0.0770855597365283
0.270967575753999 0.437205886168826 0.0511860374929231 0.0103548090519681
0.392395913262482 0.328286497199067 0.0489357613029636 0.01112198832246
0.458119186180409 0.282170526355861 0.0682254727506447 0.00919544376559409
0.44809076730838 0.287779909522653 0.0865275937466177 0.000997776516883726
0.45223465174084 0.345153759210935 0.0984641166759187 -0.00778742886770851
0.345459981205501 0.478747038720846 0.145071414321769 0.0309639786104426
0.0599833964834914 0.570782802161683 0.125043577745593 0.0870815899979778
-0.290533325582792 0.536892099474199 -0.0164667846331844 0.124040358974978
-0.584801390010272 0.293538719521354 -0.0659608151540331 0.0154409278383528
-0.636549465484646 -0.0230268776030571 0.0546920696318506 -0.139184973811292
-0.520693521833462 -0.12494234936593 0.312938348154699 0.291013973608177
-0.543016511310089 0.0539523328821626 0.217719652916116 -0.0258994287315933
-0.45237582676185 0.232131236551324 0.0391353821831472 -0.0338803848135736
-0.236922756539876 0.417121185667165 -0.050822317524326 0.0776282226869972
0.0238933275926148 0.475628308977935 0.0527931638949887 0.187888044883245
0.236126661766484 0.388835013803468 0.147785697667418 0.14655530057118
0.354751053343034 0.291933174283669 0.205142614115254 0.132965238261034
0.404618099216831 0.255981039486423 0.242622561580971 0.113654604689474
0.384437663333378 0.259182636804978 0.245058504651842 0.0916367212285676
0.360155907988519 0.303931253474636 0.206119390230664 0.074592752503433
0.249357205023548 0.396318409861632 0.198785650040581 0.0961773360640943
0.00451946576457395 0.430638027371724 0.134933580869728 0.114381249287005
-0.223206809903007 0.361583066804274 0.0314786385847551 0.0867443947743796
-0.427081208146534 0.228604286649309 0.0471356023664374 -0.00968342447461463
-0.503601116246081 0.0102367190046334 0.263269575317688 -0.107137405015176
-0.372854426866328 -0.0357488631753043 0.512201710945061 0.32787714629206
-0.347248828796015 0.0970781269789653 0.364622890236174 0.0016208381752498
-0.253261310658523 0.168356044148832 0.121671550270307 -0.025212553979326
-0.144558703724401 0.259759057983862 -0.0220835668078171 0.104463076298202
0.00946103022294102 0.313931514089252 0.0796669180969256 0.260814145601262
0.160008969464709 0.266641393691773 0.228755265289673 0.25144452555227
0.256214602409753 0.208026330238834 0.336406771022689 0.230488290163481
0.289060193146567 0.191764723818397 0.379663410059633 0.199612459860785
0.265054695848332 0.195748898681423 0.356204927469757 0.173671978980794
0.216282575005998 0.225935161745175 0.263529966798318 0.150843225133879
0.116335627895425 0.268922697512147 0.199510525706677 0.149780146948342
-0.0520538721713231 0.239025302222468 0.106934168371452 0.130314145533999
-0.131259900676884 0.152094654971776 0.0539666780596637 0.0476328104800366
-0.224578887040708 0.141126458149508 0.126716064184945 -0.0233357845966067
-0.30933151764049 0.0408749499814899 0.415485694775482 -0.0762140882330987
-0.14991437693499 0.050135682735526 0.624929136460621 0.323635604445528
-0.0866342250820654 0.092376774769134 0.458975457856674 0.0175872087182125
-0.0296652953791622 0.0427460934294873 0.185769880895744 -0.0345983273710596
-0.057779753473858 0.0558937886692171 0.00561192945114037 0.093337812352206
-0.0231075599255459 0.108543539598079 0.0940961502890162 0.281488932313425
0.0496238389255609 0.106736053681549 0.278903764799426 0.309938491761442
0.114986093327923 0.0949481022277161 0.41806260579851 0.285448619990048
0.131082245716671 0.0967200367143266 0.457779902321469 0.256890709455512
0.114767160309361 0.101858568734271 0.411591233927529 0.236806015029448
0.0637266503078766 0.117313990947098 0.273463621245391 0.212490285146816
0.00235737506896072 0.117060094124971 0.160832281133072 0.1844178164971
-0.0628375334355013 0.04993582074792 0.0591222484701612 0.124740244989175
-0.0067262778834218 -0.0136276528154907 0.0688933869456096 0.00965987451033202
-0.0155592693682594 0.0837191597111181 0.185312480057913 -0.0218046505355248
-0.0964082926155329 0.08454395537662 0.503642073858602 -0.0479898512057013
-0.0671852453010212 -0.102297776093072 -0.550921310873132 0.0739949046156798
-0.142890762844188 -0.0527640632439049 -0.259842468784971 0.0892114710008126
-0.112586136987328 0.080580163460426 -0.0989716986386251 0.0461389083931115
0.0143531844168241 0.0940481828592663 0.00307971829656045 -0.0657460320217732
0.0618354843160626 0.04407022825594 -0.0840694154945962 -0.174444160230614
0.0501596973724858 0.0228288765945446 -0.241658116000398 -0.215074947079285
0.0271266149791 0.0145313051431903 -0.392453058095677 -0.225268754190524
0.0471474477117739 0.0136670320805055 -0.464798141615294 -0.233872751933093
0.0627049381752282 0.0237543680583564 -0.435016175612812 -0.250191615061422
0.0964726318708669 0.0338752457495652 -0.306088555017029 -0.269533525203463
0.093815588407225 0.0799080194220266 -0.154742824625411 -0.234246806003708
0.0235048703329167 0.159719240238717 -0.0603043466419999 -0.0935756973766473
-0.147536529314501 0.158882800298983 -0.211864311438567 0.0381416664089731
-0.207046055215244 -0.0291606752649697 -0.396343044028162 -0.0502387289801487
-0.129438189435263 -0.105633980458098 -0.579756240913386 -0.300522234674575
-0.242069305340347 -0.141904778045532 -0.490445861595793 0.0733962003013687
-0.28760890547141 -0.0520911137767208 -0.27697873963976 0.0348124830288478
-0.239553849960412 0.119042680601108 -0.128975992632451 0.0536367002827824
-0.0590137009577132 0.209066059209657 0.00483153679606322 -0.0331939618575283
0.0811329121112715 0.190091635172376 -0.0402274329107565 -0.157754266956429
0.147644747434764 0.145546832082268 -0.196581872302829 -0.225099955800159
0.171053440317114 0.112374822958079 -0.342724261640204 -0.221498978335209
0.218509332435253 0.103054804179481 -0.406778684018684 -0.214809053075387
0.230759167884185 0.12549727819227 -0.379473928913239 -0.216605519714067
0.251062627910363 0.167033156109986 -0.264602562442807 -0.223887491544526
0.198119950711842 0.25839342652703 -0.115527285127865 -0.180214552921115
0.0308827685748398 0.360916283588958 -0.0296324247162071 -0.0377928644743256
-0.259259786424068 0.35994031158384 -0.210052346130263 0.104852510875495
-0.437848451523978 0.0908588841741035 -0.390499181467106 0.0008004564290477
-0.383957312721574 -0.107161593319026 -0.524260821848198 -0.254129530110955
-0.396942135180167 -0.172464231836073 -0.358916352310872 0.0999495078137282
-0.426312502010667 -0.049622747357253 -0.241201898942383 -0.0136360879571704
-0.371600182662195 0.151806289700973 -0.142859005862597 0.0337485089958084
-0.149934281392954 0.320536383663212 -0.0177770334912531 -0.0100085300479177
0.0770163340181573 0.339597772253773 -0.0111171357747314 -0.111301112071171
0.223466182344629 0.268995454117502 -0.132540483014035 -0.191206058419766
0.29245992385988 0.203182127223711 -0.245651329916803 -0.177358567630511
0.358982300265497 0.180195448149915 -0.286530715622767 -0.163201303321084
0.366643072284091 0.199805075552377 -0.259919351312596 -0.156784137637422
0.385446839983352 0.258689404285606 -0.173577819261863 -0.15820838638491
0.30602627033935 0.390351921455559 -0.0444432583652935 -0.11567890936032
0.0681208206198342 0.515145230177919 0.0230464496902922 0.00768805471356021
-0.303961144567337 0.521280224012979 -0.156455281569505 0.149060838502663
-0.581007957001984 0.224097976667173 -0.313820217371097 0.0416751866311349
-0.572011497801637 -0.072946658101932 -0.383654835308007 -0.197760306935065
-0.512067161254433 -0.180691943423304 -0.163095776746721 0.151416396099313
-0.543945744837427 -0.0227192330577996 -0.135242841893187 -0.0427503608482349
-0.481286894167494 0.2012164020541 -0.115776777584429 -0.0010959084983776
-0.223994438909826 0.421912152877242 -0.0445109936215029 0.00952821091315528
0.0692799215073662 0.461344193242192 0.0081412695845292 -0.0308058679709914
0.272523458472544 0.365912604896566 -0.050490137894982 -0.110117314665424
0.372728255644171 0.267913373486663 -0.111257084995757 -0.0957825192963484
0.444608110608909 0.227918555928426 -0.120509992559238 -0.0855569911746551
0.444929681725254 0.241270164363249 -0.0951906712565654 -0.0829267333631526
0.464208286595402 0.300664976561061 -0.0452706593809682 -0.0856189248274565
0.375926886448762 0.450991482991289 0.0492600400396278 -0.0489838333799422
0.102874786191985 0.58475875274965 0.0818603485417109 0.043731231567269
-0.292168869035428 0.594750090061032 -0.0784975975952588 0.153120402505191
-0.614784357005639 0.311595214319131 -0.190734245656017 0.0472591441661759
-0.650632186059101 -0.0270230484917037 -0.177898781324728 -0.15606705901292
-0.555477750992058 -0.156208161095612 0.0750348561139179 0.213739892837191
-0.590420310185608 0.0264222636471101 0.0277537049391147 -0.0486166548268991
-0.51490285973732 0.245856347784855 -0.049689307722057 -0.0294305825270123
-0.247713381642034 0.470538948161276 -0.0578307692376338 0.0403689263260783
0.0603507145460798 0.513235235143719 0.0314295990844294 0.0761976963184142
0.282925996681651 0.402677267578228 0.0471554433076638 0.00781874518182904
0.395707062031962 0.289923479401618 0.0465966036670097 0.010574350767935
0.459940978816402 0.241886189923516 0.0654134067754223 0.00497188638776147
0.451138371254413 0.249500344504407 0.0832624003462635 -0.00425307515148515
0.456704599161167 0.300389707179803 0.0914334996381794 -0.0129838231532031
0.362028075267543 0.436010682069643 0.140015403571115 0.0152092714864052
0.0908855104702621 0.544295783271968 0.127234608529129 0.0729348146144529
-0.25030264430027 0.532928980598028 -0.00820765223201599 0.125834013344944
-0.54411144836506 0.315382230724407 -0.0600299408054605 0.0232363862937173
-0.614047553823259 0.0118072389726726 0.0485220909277223 -0.13064131821281
-0.505675266214599 -0.0947851916960556 0.315134047229926 0.263797819192269
-0.518174924062504 0.0810780529259388 0.204169990490191 -0.0369280123711185
-0.425255828259624 0.246961282972693 0.0336696036264705 -0.0376466277974368
-0.204562964126833 0.414547196505995 -0.0472378873587056 0.079849408542858
0.050736070386616 0.455595647453985 0.0615011951894561 0.181134803535571
0.247379311798141 0.359395580560174 0.147001811993594 0.131899362789321
0.356802137839606 0.258221724013663 0.204842380921858 0.117911653037452
0.406179634099998 0.219994263719504 0.240704486448803 0.0938686729683991
0.387497431329786 0.226284383028172 0.241992291448573 0.072330832936953
0.365381281422467 0.266891814599713 0.200500349113424 0.0586871264787253
0.263973744252564 0.362234290756571 0.195579137653854 0.0744156730302966
0.0301810347494372 0.412133269062287 0.138185473503566 0.0989364323948653
-0.197115222991997 0.360275286608135 0.0358032001622175 0.0865139402204451
-0.395896244807731 0.242754566970058 0.047704583129853 -0.00714361551208027
-0.483380090886297 0.0354688152348316 0.249762962519788 -0.113240365452296
-0.359918219414549 -0.0159351602315452 0.50938138234984 0.286206358736992
-0.327075045312026 0.112851684171695 0.348691973975996 -0.0194440509026187
-0.236907474037997 0.174645588341939 0.114166718197956 -0.0341223687172135
-0.123378536773764 0.258271916883292 -0.0177763395066418 0.103313516153984
0.0279764904207174 0.302357858207787 0.0902597493178521 0.248941790324157
0.167510216498963 0.24781268259495 0.230640420735013 0.228348268803292
0.25779802323746 0.18368571289194 0.336659658247628 0.20213371663683
0.290552807357454 0.165207231126192 0.379489644943243 0.167445285144498
0.267445234477916 0.173065316372112 0.355009264650574 0.143111241138287
0.22123268637106 0.202728952787655 0.261551106827782 0.128538959935086
0.12784851066078 0.248683380500291 0.198764189655063 0.126662806653877
-0.0352210149244752 0.231821199258841 0.111894247647783 0.115707374027961
-0.118983301552899 0.154322691053328 0.053879804520437 0.0452290989566413
-0.20605909816261 0.146881053824339 0.123466334412653 -0.0250136861575809
-0.294296817031982 0.0552643566588501 0.397196720181569 -0.0950007599642694
-0.141546195785296 0.0553056013399007 0.620261105279042 0.276195350520909
-0.078336842409178 0.0940393839504352 0.442339297440853 -0.0110491080859856
-0.0281844068987464 0.0422150175255505 0.175214515781469 -0.0466760753696107
-0.0519515151399699 0.0579179583710584 0.00822591049640401 0.0901589948331005
-0.0146848757441 0.106757869146311 0.103836429881471 0.268530967187772
0.0529947060308758 0.101018246013554 0.283276390130476 0.280558801300388
0.115981800665895 0.082081527880302 0.419401429921734 0.249596945715346
0.13296494615368 0.0838579763150006 0.459409132566739 0.216978602161824
0.11751523720726 0.0910119746955723 0.411149508102059 0.200494051955463
0.0686354577907165 0.108356696360948 0.275225166484917 0.185906731730856
0.00952848241694981 0.110928624427466 0.164017978589466 0.16373380158255
-0.0569843523044098 0.0511365940424218 0.0654289081939728 0.113773091257948
-0.00859078748292391 -0.012793441122362 0.0666647364151075 0.00562077495200844
-0.00868321819171749 0.0802938801480581 0.179537870500846 -0.0283180149819832
-0.0868566088596484 0.0855461418513172 0.483176454878071 -0.0735949262993635
-0.0489892454552042 -0.103831698855884 -0.514142330227695 0.00652899562758875
-0.124518336480016 -0.0663521945330693 -0.255806961881012 0.051247275996492
-0.112168762139962 0.0606793581962089 -0.104274450582901 0.030529423655853
0.00105230063016181 0.0889234613882881 0.00549309462972475 -0.0577903030278811
0.0515598887682212 0.0480555659554842 -0.0602596351097274 -0.165877318327539
0.047553650291586 0.0274260451986566 -0.201000890246599 -0.219447463703468
0.0237175863687263 0.0204785414538861 -0.347698128695685 -0.248380764555055
0.0419448547559451 0.0200581732191989 -0.414434933553601 -0.270129020742221
0.0572629010666491 0.0325915635823709 -0.387430913495888 -0.287430814993032
0.0871651368977904 0.0446511258285012 -0.263904928433949 -0.292777318153903
0.0786243747778287 0.0882247783670931 -0.121455868107784 -0.244660916394908
0.00368831341558763 0.154915462553534 -0.0460999765892288 -0.100115826384814
-0.153655570081746 0.13595775262223 -0.199156451331718 0.0104447495276911
-0.192256381820995 -0.0491855193890165 -0.366446214105547 -0.0943672939533302
-0.111262682990243 -0.111511603832597 -0.523046681040294 -0.35292420146435
-0.20496469849168 -0.160317763016649 -0.458755587405039 0.00130738328953143
-0.25629382700204 -0.0844206667665539 -0.272263742989461 -0.0071763218195344
-0.234535323190752 0.0789149048882518 -0.138345056055572 0.0272093222174177
-0.0821841333327343 0.184583512709875 -0.0010916451185257 -0.0310773707273237
0.048220315519953 0.186339391388569 -0.027731858491969 -0.147709879563365
0.121379026477439 0.153303640787092 -0.163255204644766 -0.21966042292038
0.148068362126529 0.12805769649627 -0.302138207969274 -0.239812425587994
0.195468982610654 0.124705618125074 -0.362104257185906 -0.24673452972424
0.204375444273901 0.14880939570038 -0.339698311757554 -0.251958784701926
0.217496807077902 0.187191745115967 -0.232701740182727 -0.250634543162858
0.155538817988701 0.269359908963434 -0.0907374184635233 -0.197979990085357
-0.0139339941382725 0.346345781442253 -0.0237492417656891 -0.0504637444851996
-0.281985391905349 0.314099697947149 -0.200413786495707 0.0712479416040687
-0.424741598593106 0.0400134334775092 -0.35495811677965 -0.0476446401881081
-0.355331175319677 -0.141946577464622 -0.465970816053665 -0.303830035689548
-0.342697926027341 -0.206648131116609 -0.343565066885544 0.0284318461030114
-0.384136247543277 -0.100261115947807 -0.237667184083836 -0.0552906056776434
-0.360930553313613 0.0916736656683645 -0.153293914655184 0.000871693342639957
-0.182819457698007 0.273999762848969 -0.0290877878567743 -0.0156150887792502
0.0236844543036915 0.323291024528027 -0.0117333412056626 -0.104458701877567
0.17575556838522 0.278144659398132 -0.112370346949012 -0.179309761422607
0.252173536518066 0.226629083215384 -0.216874350402125 -0.189165107281892
0.321046517285778 0.213201528568092 -0.251934341907904 -0.185310268320382
0.3244342356442 0.234752535022099 -0.233628571860851 -0.183718255562682
0.33514435364414 0.288937330038649 -0.155531598294857 -0.181700526256476
0.242647297487919 0.404330353206371 -0.0341642198107101 -0.136374823975824
0.00281941582930783 0.497587135882523 0.020025445041395 -0.00576245096111549
-0.343960709725697 0.462933227475478 -0.150157247915561 0.115691115231151
-0.575784698340028 0.149395157242858 -0.279955594042486 -0.00374621498252425
-0.538332320063889 -0.130097327257377 -0.327059519146066 -0.239402570094319
-0.448019298999349 -0.228574026457311 -0.17103873876355 0.0881257684395588
-0.495888776176928 -0.0904959678723485 -0.140675265682266 -0.075310423560837
-0.470217100279507 0.123050861947889 -0.129704790367288 -0.0348245656286428
-0.265838333727807 0.358783488587186 -0.0598635176203812 -0.00402331853882571
-0.00289294756166476 0.437978217859979 -0.00695240731705567 -0.0304667489327924
0.20732173743277 0.374751177977298 -0.0484873276456251 -0.0926408824044508
0.321021908975354 0.295457677716735 -0.10066575658934 -0.0986478183377602
0.397859424612668 0.266768026512263 -0.102143198984518 -0.0944943031700164
0.394536503857459 0.280422378935774 -0.0845467300476829 -0.0963970583260064
0.402768366950549 0.33491488185944 -0.0432905548294299 -0.100552239692345
0.300340883738927 0.468577956635546 0.0458909474355221 -0.0666562263201123
0.0287299321793275 0.566318612256939 0.0719738369813617 0.0320665484284565
-0.341698290731681 0.531352704992457 -0.0761762427266232 0.126439212731
-0.617509485225058 0.228016628113008 -0.161070230889192 0.0131767948248726
-0.62016334256329 -0.0942153409388646 -0.128049904060569 -0.178752095709338
-0.491846140448639 -0.211849792031549 0.0410292280208619 0.167181168790202
-0.544354821968751 -0.0504724699674994 0.00951020918306656 -0.0648083598186801
-0.506851489331952 0.161051721444257 -0.0689225319352685 -0.0570870675620328
-0.294638081000657 0.400091152102086 -0.0774526324386921 0.0208296971754443
-0.0189981531793048 0.487229559690784 0.000461377146302572 0.0695743762640399
0.210378823920942 0.410486991955197 0.0276404892294239 0.0274738524277753
0.340738630722756 0.318164037327629 0.035503672547045 0.0155990016164966
0.411449529520068 0.282305696514515 0.0644641897739371 0.00966837832951807
0.399677231265642 0.287171219057459 0.0771215393058199 -0.00324260251982385
0.396396929248701 0.333376095036308 0.0791923686984445 -0.0172819567430571
0.290375532212585 0.452563804807085 0.12415311174628 0.00457487931628152
0.0217450914009938 0.526354389303127 0.112147776799292 0.0665212846547968
-0.295608352758541 0.477552728211079 -0.00831133447025411 0.110559240381216
-0.550933202019476 0.238605266000098 -0.0343328928532561 0.00422072003556111
-0.590937497007677 -0.0556343030905842 0.087137651734394 -0.130170906530485
-0.453110357777441 -0.148253014503196 0.256197329982198 0.242995846199267
-0.484544490315807 0.00908805484854576 0.173424582773277 -0.0332074179893634
-0.427456125427742 0.172843230072912 0.0118484024609555 -0.0512195501430388
-0.247662472556884 0.354589276146468 -0.0699949505782263 0.0597094479653107
-0.0183909925732877 0.431297832042984 0.0184782993225683 0.170521311327862
0.182079417062594 0.366302941076644 0.108176082262862 0.151354121610791
0.307746217559865 0.281998960442097 0.17267974217066 0.131418501279678
0.363513821947033 0.255118385180732 0.221247881623793 0.111955851412332
0.341561325409537 0.258185809977493 0.220392928288197 0.087058997196696
0.311644028828035 0.290291473384625 0.177468939800858 0.0652561295935783
0.206716991802925 0.370270545761463 0.172294483810427 0.0720124901180815
-0.0200995378334446 0.392609979041307 0.121767873842051 0.0962575055346435
-0.225505898637137 0.319679371587808 0.0347012597154298 0.0808649259405035
-0.402208817334421 0.185358473952442 0.066035749165083 -0.0088619499851583
-0.467365470236268 -0.0180875095728659 0.275384826024847 -0.0908456588256043
-0.328342872486091 -0.0584060422219469 0.433956189082265 0.294876912128781
-0.315050811139904 0.0620462505429477 0.311740505285655 0.00614115433130856
-0.243388174678236 0.13074271030761 0.0939703218883958 -0.031577801725163
-0.151401752897141 0.221554813803495 -0.0393203662922251 0.087710027976687
-0.0173462022501653 0.285574089627934 0.043116106794116 0.237603587942793
0.120709687393896 0.251648404596371 0.179378688367543 0.245588159644162
0.222550863871564 0.198959698307951 0.289432587339468 0.224232772402271
0.260169906446333 0.18931439199244 0.343767585899297 0.1966547066336
0.235055288299467 0.192507693463669 0.320746649249012 0.168204369366973
0.184697964148673 0.213417172013821 0.230888081983721 0.141088060914652
0.0914998995119795 0.245899924289445 0.172920490861069 0.128108634919891
-0.0605486696953745 0.213820352107309 0.0964026682773112 0.11395644920374
-0.130682303765274 0.132198098143185 0.0513837417887637 0.0478934372437824
-0.21150074483427 0.114923279398804 0.133139595123865 -0.0139326517642098
-0.290415521538424 0.0188294211352221 0.408349580917998 -0.0551863246793727
-0.137549484262153 0.0336854163998755 0.5403876121723 0.311090662097633
-0.0840785343159513 0.0770671110306158 0.407543120749939 0.0311846337856908
-0.0335795474198693 0.035805127038381 0.164299381576618 -0.0280899110659207
-0.05658553536397 0.0463942635698565 -0.0062387243738474 0.0818994505762502
-0.0297036140093859 0.0987762187779609 0.0615519423983588 0.258159808639198
0.0324100654398506 0.100653655636318 0.228293813397611 0.295601397746547
0.100182548576164 0.0865750179843161 0.362527838445002 0.274825210759641
0.118820251546699 0.0930520763702841 0.414540853450809 0.251403864209611
0.101304526352955 0.0960512397087901 0.369792697541525 0.229388512195467
0.0513462734848139 0.108567338243875 0.241532517895721 0.200673218315365
-0.00390322615390037 0.10324720618197 0.137293748327224 0.166919495829529
-0.0601061500619818 0.0398591134844525 0.053006348570749 0.11138753358548
-0.00873286128328021 -0.0137754097344129 0.0628587888832756 0.0140203441381989
-0.0165209816150294 0.0736621001267052 0.178847999072318 -0.00900474234726284
-0.0950168169031941 0.0689147158017342 0.478834491305567 -0.0249550826701584
-0.0459055714914049 -0.101504553130133 -0.497537591596047 -0.00250746404696036
-0.118931956837203 -0.06626026954781 -0.250994823725204 0.0464745533136335
-0.108525971826084 0.0572511139920295 -0.102366877565231 0.0302905535091835
0.000487542680579383 0.0854782213919382 0.00512458800646257 -0.0546666659398379
0.0485191358779276 0.046131847041678 -0.0544640758785195 -0.159171885279995
0.0456123992273514 0.0266104104823755 -0.188652587275798 -0.211749196187827
0.0227651763412964 0.0219329262688951 -0.332142890156762 -0.242387497457076
0.0403004800281433 0.0209094980060656 -0.401890307516262 -0.263337261772618
0.0547867876859525 0.0320151317972089 -0.373002750551006 -0.281801737198862
0.0830146380005836 0.0437754655383381 -0.251584411501485 -0.286527654162484
0.0740722013242213 0.0856556421648602 -0.111333157397291 -0.238568016480318
0.00120149512770732 0.148733827209237 -0.0405195145531935 -0.0969648741142614
-0.150535519532264 0.128255280459356 -0.190040230203734 0.00953389278118876
-0.186800371566114 -0.0504275779694758 -0.350655551916001 -0.098072051698516
-0.106797975615787 -0.109684843699771 -0.499456253674933 -0.347557634545597
-0.194929156925451 -0.159890737230241 -0.44557196862635 -0.00507136511723624
-0.245706989862335 -0.0861951359772759 -0.266735967523571 -0.010647264781179
-0.227207495888689 0.0723279962182315 -0.13492105923727 0.0255586148029222
-0.0809172371975626 0.176332874943185 -0.00120816441259928 -0.0282180531129332
0.0436278936127602 0.178920294539533 -0.0226939982982511 -0.141413500995607
0.115325085034183 0.148852626816843 -0.153127495897085 -0.21175995873573
0.142048119723119 0.127239826663154 -0.287619774116582 -0.23256374615904
0.187784487189571 0.123900351545434 -0.351162724631004 -0.239454718735812
0.196857525796896 0.146278636435461 -0.32652750372491 -0.247068265884331
0.20803084388867 0.182597490159881 -0.222735714204695 -0.245045963584457
0.147031518636004 0.261306327110562 -0.0839501299203467 -0.194127951627102
-0.0189275744661286 0.333338354575249 -0.0196939316268194 -0.0492869856560051
-0.279372973562499 0.296158073651075 -0.191789586535467 0.0695285063999921
-0.415142707824742 0.0303601597595086 -0.340274261448091 -0.051528049224952
-0.342403285209917 -0.142444458530333 -0.443731859341358 -0.296113015893054
-0.327612755926633 -0.20768451789712 -0.333358037053135 0.02296906830776
-0.368299407800139 -0.102874606644145 -0.233309483387048 -0.0560311383660914
-0.350514078040377 0.0820524147751678 -0.150426283545064 -0.00233554739332875
-0.180474750491233 0.261138953197706 -0.0285404912660275 -0.0131994662693355
0.0178709847279733 0.311403669169922 -0.00853740270838383 -0.0983514141964401
0.16410423524193 0.269523830328802 -0.105657375573613 -0.171947910993204
0.24138981424416 0.223731098108291 -0.207064959921314 -0.182470795732124
0.307878883425208 0.209839280086464 -0.244770280018601 -0.179716583180378
0.311727285385113 0.231833479814376 -0.223904288716511 -0.179747689101645
0.319845275945192 0.280565055534482 -0.150425907134959 -0.177104733668802
0.228844590989123 0.394084750939844 -0.0312734376029011 -0.13596774795815
-0.00417149397316663 0.479996304532621 0.0224014285557499 -0.00591634445996608
-0.340949909171742 0.443064120393394 -0.14384970501994 0.114738484293531
-0.561096334312188 0.135957977946963 -0.267044095741015 -0.00687590016036943
-0.51990982576299 -0.133298282932978 -0.308560831197839 -0.232218874573031
-0.427458545498255 -0.231375337722776 -0.16783446148364 0.0841262655625553
-0.475648330608139 -0.0963423525917816 -0.139063483498952 -0.0742465802299017
-0.458013594732749 0.110739649071815 -0.12792061368048 -0.0375654984054678
-0.261101533883862 0.3415274795541 -0.0603225000031479 -0.00300868245250658
-0.00820662757681819 0.422903074004583 -0.00496839087080139 -0.0271172944844338
0.193992255897446 0.364364582463729 -0.0468838211165123 -0.0882695352607553
0.30732669866291 0.291389307283913 -0.096270731701642 -0.0939828577210639
0.383650203293924 0.262825108116596 -0.0999171553321429 -0.0912382662315704
0.380600895787532 0.277280427945874 -0.0817491884819903 -0.093858532997324
0.386607478788796 0.327475930260663 -0.0423186434519661 -0.0970823653043286
0.285597894184379 0.454922501604836 0.0436435121250103 -0.0676494106343545
0.0199795396577547 0.546748295014108 0.0717966100740824 0.0304705611691944
-0.339859034240337 0.509809269193909 -0.0720913911802579 0.126898124879308
-0.602146756535873 0.211196929594822 -0.151246207163313 0.0123181311554967
-0.599532912779545 -0.102067170505832 -0.116629882722531 -0.170118574208995
-0.469980043271699 -0.215468610213676 0.0355988876865122 0.163952438065863
-0.523294926810097 -0.0595159992835831 0.00581358764598221 -0.0625900866719558
-0.495411298363982 0.14624720288514 -0.0686625961696285 -0.0593605614747009
-0.289392706436779 0.380771445845476 -0.0778120910285108 0.0211689487415274
-0.0251456692796241 0.468573744125816 7.39572619908159E-05 0.070581782695332
0.197315501593235 0.39961093114006 0.0238239361149822 0.0283773723490339
0.324907558308573 0.31262332570276 0.0336782700916655 0.017529582203425
0.396992740093059 0.277155401364902 0.0618653384855963 0.010464786992593
0.386709027212087 0.283873775962806 0.0748464118868204 -0.0026840047519294
0.379227675674229 0.323300296305833 0.0746023995163343 -0.0144092289573221
0.275632149677746 0.438188881339783 0.118105434343173 0.00157896499939827
0.0139680980320244 0.508317736949046 0.109533022950296 0.0634902841401128
-0.295084800420325 0.459163939011022 -0.00618045182224933 0.111468764307303
-0.537946731072369 0.223041416537003 -0.0281564274145626 0.00618113647589708
-0.571216017135201 -0.0632903112985057 0.0908458738961596 -0.120948633451794
-0.434857075876864 -0.152992483456362 0.242411925224121 0.240303249724078
-0.467708042931653 -0.000109778618324537 0.164598964076598 -0.0296792089093294
-0.417135528591693 0.159961850604997 0.00908122828217343 -0.0530402734810504
-0.245231034903635 0.337617120620603 -0.0710522750935021 0.0584802405383536
-0.0235929589280965 0.417913312777753 0.0157825339271614 0.167421860512023
0.170128222186453 0.357779798123852 0.0993292161307204 0.148643227574525
0.293471064177678 0.276630510977307 0.164960352630085 0.130600528712469
0.351350719925699 0.250057044160297 0.213419147049903 0.109484000030534
0.330252169939217 0.253971525730405 0.213148108822825 0.0859298136870665
0.298146843771582 0.282248951523071 0.169156892411222 0.0655026710260345
0.196100939096477 0.35706658628536 0.162997909571855 0.0673200358665844
-0.0231944601220555 0.377788217856944 0.118225769412636 0.0919233122004333
-0.224134816244763 0.307498636567888 0.0336860221017136 0.0828508132150156
-0.392167815781526 0.173405991103425 0.0683063469338124 -0.00491464924133816
-0.45196355182748 -0.027220590926482 0.270937450031975 -0.0812547743785587
-0.316430582878996 -0.0642240844431149 0.41374712989084 0.292107210796684
-0.304744328562852 0.0532880749498599 0.299612113003224 0.00927243081448093
-0.239757886061816 0.122655879572842 0.0890111720331845 -0.0325808702282809
-0.148731592462533 0.211655232616289 -0.0411714547965877 0.0845528864145765
-0.0207802940037962 0.276824757328689 0.0378936543399311 0.232047281445279
0.112762245579884 0.246759061804107 0.166567767073001 0.240681766409457
0.212427722475259 0.194499433489322 0.276471246741849 0.219824359940647
0.250950687394866 0.184758576276132 0.331214828683482 0.191463823486431
0.227459075675181 0.189152747935395 0.31015044105755 0.164018870293883
0.175604388006696 0.207206675901295 0.220390014008918 0.138303876919937
0.0856242563308564 0.236615154918298 0.163160489061603 0.122759762830473
-0.0605219565087133 0.20467686205334 0.0932717715109443 0.108946030447762
-0.128919779525962 0.126253826586703 0.0504136301747117 0.0496346761463036
-0.205179871016191 0.107146686297057 0.133056184757263 -0.00896688053414619
-0.279985088993735 0.0117686126030902 0.397584057274405 -0.0463216329055221
-0.13339391519575 0.0291289872309302 0.515974071088512 0.308428649862194
-0.0819794776185095 0.0732249745576084 0.392140835872739 0.0351719251574158
-0.0348256513912763 0.0341841903569994 0.157011879256936 -0.0270544935883267
-0.0552137955435308 0.0440907310442062 -0.00880655283397636 0.0794220009244187
-0.0286605236501598 0.0952794899738639 0.0550017699870141 0.252174055872664
0.0299553603959171 0.0992041734463645 0.214260919945551 0.288247721843477
0.095038228866923 0.0835750820146523 0.348334405842086 0.269820048531731
0.115245531843265 0.0898888175606766 0.399048690550993 0.244932719224312
0.0981274596422343 0.0944555235328759 0.356485755139062 0.223235569977315
0.04844551648603 0.105672900229803 0.229757392903832 0.195814728958605
-0.00534535349800521 0.0984679295141197 0.12897750913473 0.160074060342024
-0.0581306355791479 0.0374883049396923 0.0508657041706076 0.105755239743016
-0.00815168521222549 -0.0130216168006609 0.0607378182737232 0.0149503661917622
-0.0158608067718409 0.0695428943670399 0.175946642334196 -0.00409412397232735
-0.0923470477100254 0.0640361553208384 0.464053337789536 -0.0168801801411263
-0.0435281231319749 -0.103499970667433 -0.499991653068796 -0.0141487198389789
-0.118627991924121 -0.0700126914110962 -0.254654871998945 0.0404913180456732
-0.109171056897403 0.0548431713141354 -0.104544281602758 0.028938313214083
-0.0011147841980755 0.0852607173474422 0.00562278823152892 -0.053746366652394
0.0467458883494434 0.0467120030439835 -0.0491861561859799 -0.159741507807062
0.0455142393042987 0.0268301391328193 -0.181520909648552 -0.21397555304102
0.0230037363940846 0.0246700301399823 -0.327107389908567 -0.248430273818524
0.039555524931654 0.0228107691612327 -0.401585752879404 -0.270481871798906
0.0541357865796028 0.0331475042162915 -0.369015282831378 -0.291187870073038
0.0822587138677555 0.0455668290553534 -0.245156341599187 -0.294294315082287
0.0713115121310544 0.0865625618867421 -0.104185266705829 -0.24315426642645
-0.00337260571234375 0.148928569276297 -0.0363866103753329 -0.098253812929708
-0.154968390758155 0.123871651393863 -0.188758500186332 0.00576305352706906
-0.187921266481301 -0.0554694950666711 -0.348632000947433 -0.11000316176567
-0.104938460390368 -0.113205910020264 -0.493342475382653 -0.359861043297407
-0.190795594328883 -0.166802938850723 -0.447765006158759 -0.0163948852681784
-0.243948905507612 -0.0941123745199233 -0.270229047683132 -0.0162825746278745
-0.229294658188199 0.0664077196523725 -0.137799455741576 0.023015307785895
-0.084985552309383 0.173870584360731 -0.00182081027257704 -0.0272882793195188
0.0385620188117531 0.179228534885277 -0.017909335080988 -0.139879955683828
0.111412150549717 0.151433462105289 -0.146580846056977 -0.21332179687506
0.139839599400686 0.133391940836539 -0.283469350338844 -0.237070472245967
0.18634384590517 0.130088722503626 -0.349910405742921 -0.246028945926154
0.194800026651244 0.151835826043833 -0.323466399374783 -0.254624633589522
0.204376297017167 0.188297395043782 -0.218618800645059 -0.250293134037198
0.140946385289422 0.264007215455491 -0.0788946086936015 -0.199139527211978
-0.0285249834869986 0.333222131546864 -0.0157785902433778 -0.0500589993071683
-0.289605579042878 0.291027944071616 -0.190844634117875 0.0680670606128977
-0.420008870306991 0.020569695426662 -0.338733807893152 -0.0631075204399322
-0.340655189540745 -0.152553124111738 -0.437539547806483 -0.306630252156539
-0.321750182262681 -0.21979846297837 -0.337166167862997 0.0145268026223371
-0.365357401187467 -0.114886190168138 -0.237307843800753 -0.0611191818136065
-0.354023994656374 0.0723216518185514 -0.153540464050359 -0.00665876941210091
-0.186081360591389 0.255124479166236 -0.0299415590922875 -0.0123262789429807
0.00966804884012505 0.311645212454101 -0.00362149935036053 -0.096803061554927
0.157981785193291 0.274257924501358 -0.101400565944467 -0.172692350069006
0.237543314815351 0.232468067932536 -0.204276226060388 -0.185153214528626
0.307614913075695 0.219168173327574 -0.244502370577772 -0.183541277855003
0.309034092300671 0.240952901280195 -0.221008866244291 -0.184609350209923
0.313568025380773 0.288706310683433 -0.147907488593988 -0.179822090411452
0.2213268224902 0.398299102132603 -0.0283550014833031 -0.140005478173792
-0.0168757024062698 0.480400787834273 0.0252713113330518 -0.00730680180470093
-0.355091940676493 0.435103263067979 -0.143502208884053 0.115882328630386
-0.569371799877431 0.122122192784573 -0.265177552524729 -0.0142504462594854
-0.518877376178348 -0.149642674543605 -0.300340161827813 -0.237493010037589
-0.421473395633793 -0.245783289384125 -0.172063470763595 0.0805375080030728
-0.47273551532735 -0.112291633946127 -0.142712000981666 -0.0771058024116123
-0.464422121798294 0.0979237687661757 -0.130405294873123 -0.0429043068929443
-0.271774401403499 0.334584922071957 -0.0622450105363522 -0.00234449647570258
-0.019893792371235 0.423650311711438 -0.00208503963466827 -0.024465242643124
0.184965185804665 0.370770239610635 -0.0457973630803746 -0.0873464362699493
0.300821358204194 0.299971034623806 -0.094645321650568 -0.0941512424638311
0.381013855477761 0.273711637165699 -0.100356675024505 -0.0923056629284128
0.378148169398394 0.287285426275353 -0.0801819589391938 -0.0960557829109009
0.380309587794427 0.334892160441597 -0.0425697229112642 -0.0968015541150335
0.277276198539513 0.460670553360787 0.0438022311801727 -0.070376683672017
0.00530182374549974 0.547585011489533 0.0735880416116289 0.0303177515675705
-0.356477297368851 0.503402100799821 -0.071610820431279 0.129854211823425
-0.612970548103046 0.197044345231248 -0.148397520131531 0.00917944863408143
-0.599117151968041 -0.118531020260201 -0.108941097788449 -0.170025890772191
-0.465247366041557 -0.230111898767066 0.0295250721609937 0.166576454550309
-0.523228849581906 -0.0749395622253777 0.00337875385031786 -0.062499250105387
-0.50351290692871 0.132863204676964 -0.0712924785048096 -0.0642795388528468
-0.300784303077111 0.3739464443904 -0.080908649351445 0.0207974538517619
-0.0361800765048926 0.471183099695862 0.000522862292598165 0.0722795798503705
0.187063560967827 0.407545534668992 0.0209973882148149 0.0305629123127842
0.320535831019041 0.321542995054696 0.0326345870151797 0.020656679709408
0.396520385069503 0.287081799007207 0.0608067553068799 0.0114049134805624
0.383943469570442 0.294936690143463 0.0755080398039608 -0.00151728704122332
0.372456373837243 0.332676335239962 0.0740122641777567 -0.0117091288146497
0.268930855896081 0.442166213750583 0.116017349591883 0.00103300628384271
0.00173820449134932 0.508628296721771 0.110108542439437 0.0641672955724474
-0.309303566940319 0.453561688454297 -0.00577930681206732 0.116311297233635
-0.546017919695589 0.209465584241175 -0.0239922798856799 0.00763045728298965
-0.571811569562446 -0.0782139735680135 0.0986658154069795 -0.116872130752954
-0.430967576618722 -0.169095225743909 0.235705036702617 0.24845977282282
-0.46758015902354 -0.0153359957624332 0.162326719380016 -0.0252320441017742
-0.426043921635879 0.147908612497014 0.00673537226776654 -0.0562180612213231
-0.254593302444515 0.331421214664109 -0.07494220042421 0.0580296891971247
-0.0336600281428923 0.418488915181596 0.0121567454092858 0.171053715126453
0.161335368915535 0.365954245458917 0.0929803314706379 0.152523907603668
0.288625211432141 0.284191159833177 0.160721211473621 0.136041591638364
0.348255690266795 0.258433156199954 0.211489327737682 0.113639392829961
0.328533367424547 0.263174239904526 0.212471803590702 0.0893510569105276
0.293258740828885 0.288076090169388 0.167136710558498 0.070010541733966
0.188711131051996 0.35964627390112 0.159234925962522 0.0680421327816099
-0.0321864448575963 0.376309098867851 0.11768652504347 0.0926487198738859
-0.233034859244023 0.301930447625311 0.0348696570344473 0.0875422295909342
-0.397621193575854 0.163741106233466 0.0736328764884422 -0.000947114375302871
-0.452768928334537 -0.0408954036925463 0.277932918741248 -0.0739956664754543
-0.3150606747671 -0.0749873433824237 0.405682901289741 0.305445440189962
-0.306504461101999 0.0445418735066537 0.297069567533483 0.0163792779033185
-0.245433561211999 0.116229752994714 0.0872001555887393 -0.0332193647304002
-0.156232227300158 0.207888806994618 -0.0454962963421384 0.0851527342434084
-0.0265139060601434 0.277658494165296 0.0312172171917397 0.236177990270024
0.106593479769356 0.252555083137462 0.157955190036399 0.246320965404689
0.208463272352298 0.199131833511793 0.271386398762744 0.227849881347763
0.249126276049239 0.189952251587874 0.329948767484611 0.197366577323381
0.225960167739539 0.194385115426816 0.307958328324812 0.169904685438514
0.170559213060188 0.210826352105314 0.217339456661336 0.1434891045678
0.0808734987352169 0.236937949567933 0.158320075521949 0.123790018966139
-0.0652046363898689 0.202524581168781 0.0920902410603799 0.108772576737151
-0.133302069130134 0.123553366407598 0.0504315221779234 0.0530774326737369
-0.207416412470169 0.100483251806255 0.137042836232773 -0.00337735042803705
-0.280149173822916 0.00277636018277359 0.402439967717701 -0.0374053477038996
-0.134952251623997 0.0248381365694802 0.509736802440414 0.324260982039438
-0.0839012204670653 0.072053882558529 0.391316592891592 0.0432066180729268
-0.0375170197325135 0.0336925317683415 0.157203034204413 -0.0249949547133812
-0.0568137455365934 0.0431645277039603 -0.0123529673318857 0.0800098517519963
-0.0305801510866526 0.0954333752971031 0.0471036224560097 0.256386098358385
0.0279392981375462 0.101612116630332 0.203996699258349 0.295412392890811
0.0929066882663277 0.0849097328153693 0.34236298249261 0.280276634433341
0.114403968507943 0.0911438723864396 0.39909805750017 0.252316485163758
0.0978390124360582 0.0970145997197196 0.35345656631423 0.229467112885699
0.0461667364345868 0.107040069194045 0.226541428811428 0.199537225842713
-0.00797887115043649 0.0976709776920963 0.123426829990261 0.161249903854774
-0.0592684967769598 0.035595814651526 0.0498250079036382 0.104467130532867
-0.00811000229785913 -0.0135968574729843 0.0610150094343834 0.0166739173982495
-0.0166466886436325 0.0690114975346752 0.179939988978352 0.00218491342834967
-0.0938027495290159 0.0597975802126367 0.466409785058527 -0.00661842227684233
